Warning: Map Join MAPJOIN[24][bigTable=?] in task 'Reducer 2' is a cross product
PREHOOK: query: -- SORT_QUERY_RESULTS

explain 
select sum(hash(a.k1,a.v1,a.k2, a.v2))
from (
SELECT src1.key as k1, src1.value as v1, 
       src2.key as k2, src2.value as v2 FROM 
  (SELECT * FROM src WHERE src.key < 10 order by src.key, src.value) src1
    JOIN 
  (SELECT * FROM src WHERE src.key < 10 order by src.key, src.value) src2
  SORT BY k1, v1, k2, v2
) a
PREHOOK: type: QUERY
POSTHOOK: query: -- SORT_QUERY_RESULTS

explain 
select sum(hash(a.k1,a.v1,a.k2, a.v2))
from (
SELECT src1.key as k1, src1.value as v1, 
       src2.key as k2, src2.value as v2 FROM 
  (SELECT * FROM src WHERE src.key < 10 order by src.key, src.value) src1
    JOIN 
  (SELECT * FROM src WHERE src.key < 10 order by src.key, src.value) src2
  SORT BY k1, v1, k2, v2
) a
POSTHOOK: type: QUERY
STAGE DEPENDENCIES:
  Stage-1 is a root stage
  Stage-0 depends on stages: Stage-1

STAGE PLANS:
  Stage: Stage-1
    Tez
      Edges:
        Reducer 2 <- Map 1 (SIMPLE_EDGE), Reducer 6 (BROADCAST_EDGE)
        Reducer 3 <- Reducer 2 (SIMPLE_EDGE)
        Reducer 4 <- Reducer 3 (SIMPLE_EDGE)
        Reducer 6 <- Map 5 (SIMPLE_EDGE)
#### A masked pattern was here ####
      Vertices:
        Map 1 
            Map Operator Tree:
                TableScan
                  alias: src
                  Statistics: Num rows: 500 Data size: 5312 Basic stats: COMPLETE Column stats: NONE
                  Filter Operator
                    predicate: (key < 10) (type: boolean)
                    Statistics: Num rows: 166 Data size: 1763 Basic stats: COMPLETE Column stats: NONE
                    Select Operator
                      expressions: key (type: string), value (type: string)
                      outputColumnNames: _col0, _col1
                      Statistics: Num rows: 166 Data size: 1763 Basic stats: COMPLETE Column stats: NONE
                      Reduce Output Operator
                        key expressions: _col0 (type: string), _col1 (type: string)
                        sort order: ++
                        Statistics: Num rows: 166 Data size: 1763 Basic stats: COMPLETE Column stats: NONE
        Map 5 
            Map Operator Tree:
                TableScan
                  alias: src
                  Statistics: Num rows: 500 Data size: 5312 Basic stats: COMPLETE Column stats: NONE
                  Filter Operator
                    predicate: (key < 10) (type: boolean)
                    Statistics: Num rows: 166 Data size: 1763 Basic stats: COMPLETE Column stats: NONE
                    Select Operator
                      expressions: key (type: string), value (type: string)
                      outputColumnNames: _col0, _col1
                      Statistics: Num rows: 166 Data size: 1763 Basic stats: COMPLETE Column stats: NONE
                      Reduce Output Operator
                        key expressions: _col0 (type: string), _col1 (type: string)
                        sort order: ++
                        Statistics: Num rows: 166 Data size: 1763 Basic stats: COMPLETE Column stats: NONE
        Reducer 2 
            Reduce Operator Tree:
              Select Operator
                expressions: KEY.reducesinkkey0 (type: string), KEY.reducesinkkey1 (type: string)
                outputColumnNames: _col0, _col1
                Statistics: Num rows: 166 Data size: 1763 Basic stats: COMPLETE Column stats: NONE
                Map Join Operator
                  condition map:
                       Inner Join 0 to 1
                  keys:
                    0 
                    1 
                  outputColumnNames: _col0, _col1, _col2, _col3
                  input vertices:
                    1 Reducer 6
                  Statistics: Num rows: 182 Data size: 1939 Basic stats: COMPLETE Column stats: NONE
                  HybridGraceHashJoin: true
                  Reduce Output Operator
                    key expressions: _col0 (type: string), _col1 (type: string), _col2 (type: string), _col3 (type: string)
                    sort order: ++++
                    Statistics: Num rows: 182 Data size: 1939 Basic stats: COMPLETE Column stats: NONE
        Reducer 3 
            Reduce Operator Tree:
              Select Operator
                expressions: KEY.reducesinkkey0 (type: string), KEY.reducesinkkey1 (type: string), KEY.reducesinkkey2 (type: string), KEY.reducesinkkey3 (type: string)
                outputColumnNames: _col0, _col1, _col2, _col3
                Statistics: Num rows: 182 Data size: 1939 Basic stats: COMPLETE Column stats: NONE
                Group By Operator
                  aggregations: sum(hash(_col0,_col1,_col2,_col3))
                  mode: hash
                  outputColumnNames: _col0
                  Statistics: Num rows: 1 Data size: 8 Basic stats: COMPLETE Column stats: NONE
                  Reduce Output Operator
                    sort order: 
                    Statistics: Num rows: 1 Data size: 8 Basic stats: COMPLETE Column stats: NONE
                    value expressions: _col0 (type: bigint)
        Reducer 4 
            Reduce Operator Tree:
              Group By Operator
                aggregations: sum(VALUE._col0)
                mode: mergepartial
                outputColumnNames: _col0
                Statistics: Num rows: 1 Data size: 8 Basic stats: COMPLETE Column stats: NONE
                File Output Operator
                  compressed: false
                  Statistics: Num rows: 1 Data size: 8 Basic stats: COMPLETE Column stats: NONE
                  table:
                      input format: org.apache.hadoop.mapred.TextInputFormat
                      output format: org.apache.hadoop.hive.ql.io.HiveIgnoreKeyTextOutputFormat
                      serde: org.apache.hadoop.hive.serde2.lazy.LazySimpleSerDe
        Reducer 6 
            Reduce Operator Tree:
              Select Operator
                expressions: KEY.reducesinkkey0 (type: string), KEY.reducesinkkey1 (type: string)
                outputColumnNames: _col0, _col1
                Statistics: Num rows: 166 Data size: 1763 Basic stats: COMPLETE Column stats: NONE
                Reduce Output Operator
                  sort order: 
                  Statistics: Num rows: 166 Data size: 1763 Basic stats: COMPLETE Column stats: NONE
                  value expressions: _col0 (type: string), _col1 (type: string)

  Stage: Stage-0
    Fetch Operator
      limit: -1
      Processor Tree:
        ListSink

Warning: Map Join MAPJOIN[24][bigTable=?] in task 'Reducer 2' is a cross product
PREHOOK: query: select sum(hash(a.k1,a.v1,a.k2, a.v2))
from (
SELECT src1.key as k1, src1.value as v1, 
       src2.key as k2, src2.value as v2 FROM 
  (SELECT * FROM src WHERE src.key < 10 order by src.key, src.value) src1
    JOIN 
  (SELECT * FROM src WHERE src.key < 10 order by src.key, src.value) src2
  SORT BY k1, v1, k2, v2
) a
PREHOOK: type: QUERY
PREHOOK: Input: default@src
#### A masked pattern was here ####
POSTHOOK: query: select sum(hash(a.k1,a.v1,a.k2, a.v2))
from (
SELECT src1.key as k1, src1.value as v1, 
       src2.key as k2, src2.value as v2 FROM 
  (SELECT * FROM src WHERE src.key < 10 order by src.key, src.value) src1
    JOIN 
  (SELECT * FROM src WHERE src.key < 10 order by src.key, src.value) src2
  SORT BY k1, v1, k2, v2
) a
POSTHOOK: type: QUERY
POSTHOOK: Input: default@src
#### A masked pattern was here ####
34441656720
