PREHOOK: query: SELECT 'Test n-way join'
PREHOOK: type: QUERY
PREHOOK: Input: _dummy_database@_dummy_table
PREHOOK: Output: hdfs://### HDFS PATH ###
POSTHOOK: query: SELECT 'Test n-way join'
POSTHOOK: type: QUERY
POSTHOOK: Input: _dummy_database@_dummy_table
POSTHOOK: Output: hdfs://### HDFS PATH ###
Test n-way join
PREHOOK: query: SELECT '3-way mapjoin (1 big table, 2 small tables)'
PREHOOK: type: QUERY
PREHOOK: Input: _dummy_database@_dummy_table
PREHOOK: Output: hdfs://### HDFS PATH ###
POSTHOOK: query: SELECT '3-way mapjoin (1 big table, 2 small tables)'
POSTHOOK: type: QUERY
POSTHOOK: Input: _dummy_database@_dummy_table
POSTHOOK: Output: hdfs://### HDFS PATH ###
3-way mapjoin (1 big table, 2 small tables)
PREHOOK: query: EXPLAIN
SELECT COUNT(*)
FROM src1 x JOIN srcpart z ON (x.key = z.key)
JOIN src y ON (y.key = x.key)
PREHOOK: type: QUERY
PREHOOK: Input: default@src
PREHOOK: Input: default@src1
PREHOOK: Input: default@srcpart
PREHOOK: Input: default@srcpart@ds=2008-04-08/hr=11
PREHOOK: Input: default@srcpart@ds=2008-04-08/hr=12
PREHOOK: Input: default@srcpart@ds=2008-04-09/hr=11
PREHOOK: Input: default@srcpart@ds=2008-04-09/hr=12
PREHOOK: Output: hdfs://### HDFS PATH ###
POSTHOOK: query: EXPLAIN
SELECT COUNT(*)
FROM src1 x JOIN srcpart z ON (x.key = z.key)
JOIN src y ON (y.key = x.key)
POSTHOOK: type: QUERY
POSTHOOK: Input: default@src
POSTHOOK: Input: default@src1
POSTHOOK: Input: default@srcpart
POSTHOOK: Input: default@srcpart@ds=2008-04-08/hr=11
POSTHOOK: Input: default@srcpart@ds=2008-04-08/hr=12
POSTHOOK: Input: default@srcpart@ds=2008-04-09/hr=11
POSTHOOK: Input: default@srcpart@ds=2008-04-09/hr=12
POSTHOOK: Output: hdfs://### HDFS PATH ###
STAGE DEPENDENCIES:
  Stage-1 is a root stage
  Stage-0 depends on stages: Stage-1

STAGE PLANS:
  Stage: Stage-1
    Tez
#### A masked pattern was here ####
      Edges:
        Map 2 <- Map 1 (BROADCAST_EDGE), Map 4 (BROADCAST_EDGE)
        Reducer 3 <- Map 2 (CUSTOM_SIMPLE_EDGE)
#### A masked pattern was here ####
      Vertices:
        Map 1 
            Map Operator Tree:
                TableScan
                  alias: x
                  filterExpr: key is not null (type: boolean)
                  Statistics: Num rows: 25 Data size: 2150 Basic stats: COMPLETE Column stats: COMPLETE
                  Filter Operator
                    predicate: key is not null (type: boolean)
                    Statistics: Num rows: 25 Data size: 2150 Basic stats: COMPLETE Column stats: COMPLETE
                    Reduce Output Operator
                      key expressions: key (type: string)
                      null sort order: z
                      sort order: +
                      Map-reduce partition columns: key (type: string)
                      Statistics: Num rows: 25 Data size: 2150 Basic stats: COMPLETE Column stats: COMPLETE
            Execution mode: vectorized
        Map 2 
            Map Operator Tree:
                TableScan
                  alias: z
                  filterExpr: key is not null (type: boolean)
                  Statistics: Num rows: 2000 Data size: 174000 Basic stats: COMPLETE Column stats: COMPLETE
                  Filter Operator
                    predicate: key is not null (type: boolean)
                    Statistics: Num rows: 2000 Data size: 174000 Basic stats: COMPLETE Column stats: COMPLETE
                    Map Join Operator
                      condition map:
                           Inner Join 0 to 1
                      keys:
                        0 key (type: string)
                        1 key (type: string)
                      outputColumnNames: _col0
                      input vertices:
                        0 Map 1
                      Statistics: Num rows: 158 Data size: 13588 Basic stats: COMPLETE Column stats: COMPLETE
                      Map Join Operator
                        condition map:
                             Inner Join 0 to 1
                        keys:
                          0 _col0 (type: string)
                          1 key (type: string)
                        input vertices:
                          1 Map 4
                        Statistics: Num rows: 250 Data size: 2000 Basic stats: COMPLETE Column stats: COMPLETE
                        Group By Operator
                          aggregations: count()
                          minReductionHashAggr: 0.99
                          mode: hash
                          outputColumnNames: _col0
                          Statistics: Num rows: 1 Data size: 8 Basic stats: COMPLETE Column stats: COMPLETE
                          Reduce Output Operator
                            null sort order: 
                            sort order: 
                            Statistics: Num rows: 1 Data size: 8 Basic stats: COMPLETE Column stats: COMPLETE
                            value expressions: _col0 (type: bigint)
            Execution mode: vectorized
        Map 4 
            Map Operator Tree:
                TableScan
                  alias: y
                  filterExpr: key is not null (type: boolean)
                  Statistics: Num rows: 500 Data size: 43500 Basic stats: COMPLETE Column stats: COMPLETE
                  Filter Operator
                    predicate: key is not null (type: boolean)
                    Statistics: Num rows: 500 Data size: 43500 Basic stats: COMPLETE Column stats: COMPLETE
                    Reduce Output Operator
                      key expressions: key (type: string)
                      null sort order: z
                      sort order: +
                      Map-reduce partition columns: key (type: string)
                      Statistics: Num rows: 500 Data size: 43500 Basic stats: COMPLETE Column stats: COMPLETE
            Execution mode: vectorized
        Reducer 3 
            Execution mode: vectorized
            Reduce Operator Tree:
              Group By Operator
                aggregations: count(VALUE._col0)
                mode: mergepartial
                outputColumnNames: _col0
                Statistics: Num rows: 1 Data size: 8 Basic stats: COMPLETE Column stats: COMPLETE
                File Output Operator
                  compressed: false
                  Statistics: Num rows: 1 Data size: 8 Basic stats: COMPLETE Column stats: COMPLETE
                  table:
                      input format: org.apache.hadoop.mapred.SequenceFileInputFormat
                      output format: org.apache.hadoop.hive.ql.io.HiveSequenceFileOutputFormat
                      serde: org.apache.hadoop.hive.serde2.lazy.LazySimpleSerDe

  Stage: Stage-0
    Fetch Operator
      limit: -1
      Processor Tree:
        ListSink

PREHOOK: query: SELECT COUNT(*)
FROM src1 x JOIN srcpart z ON (x.key = z.key)
JOIN src y ON (y.key = x.key)
PREHOOK: type: QUERY
PREHOOK: Input: default@src
PREHOOK: Input: default@src1
PREHOOK: Input: default@srcpart
PREHOOK: Input: default@srcpart@ds=2008-04-08/hr=11
PREHOOK: Input: default@srcpart@ds=2008-04-08/hr=12
PREHOOK: Input: default@srcpart@ds=2008-04-09/hr=11
PREHOOK: Input: default@srcpart@ds=2008-04-09/hr=12
PREHOOK: Output: hdfs://### HDFS PATH ###
POSTHOOK: query: SELECT COUNT(*)
FROM src1 x JOIN srcpart z ON (x.key = z.key)
JOIN src y ON (y.key = x.key)
POSTHOOK: type: QUERY
POSTHOOK: Input: default@src
POSTHOOK: Input: default@src1
POSTHOOK: Input: default@srcpart
POSTHOOK: Input: default@srcpart@ds=2008-04-08/hr=11
POSTHOOK: Input: default@srcpart@ds=2008-04-08/hr=12
POSTHOOK: Input: default@srcpart@ds=2008-04-09/hr=11
POSTHOOK: Input: default@srcpart@ds=2008-04-09/hr=12
POSTHOOK: Output: hdfs://### HDFS PATH ###
428
PREHOOK: query: EXPLAIN
SELECT COUNT(*)
FROM src1 x JOIN srcpart z ON (x.key = z.key)
JOIN src y ON (y.key = x.key)
PREHOOK: type: QUERY
PREHOOK: Input: default@src
PREHOOK: Input: default@src1
PREHOOK: Input: default@srcpart
PREHOOK: Input: default@srcpart@ds=2008-04-08/hr=11
PREHOOK: Input: default@srcpart@ds=2008-04-08/hr=12
PREHOOK: Input: default@srcpart@ds=2008-04-09/hr=11
PREHOOK: Input: default@srcpart@ds=2008-04-09/hr=12
PREHOOK: Output: hdfs://### HDFS PATH ###
POSTHOOK: query: EXPLAIN
SELECT COUNT(*)
FROM src1 x JOIN srcpart z ON (x.key = z.key)
JOIN src y ON (y.key = x.key)
POSTHOOK: type: QUERY
POSTHOOK: Input: default@src
POSTHOOK: Input: default@src1
POSTHOOK: Input: default@srcpart
POSTHOOK: Input: default@srcpart@ds=2008-04-08/hr=11
POSTHOOK: Input: default@srcpart@ds=2008-04-08/hr=12
POSTHOOK: Input: default@srcpart@ds=2008-04-09/hr=11
POSTHOOK: Input: default@srcpart@ds=2008-04-09/hr=12
POSTHOOK: Output: hdfs://### HDFS PATH ###
STAGE DEPENDENCIES:
  Stage-1 is a root stage
  Stage-0 depends on stages: Stage-1

STAGE PLANS:
  Stage: Stage-1
    Tez
#### A masked pattern was here ####
      Edges:
        Map 2 <- Map 1 (BROADCAST_EDGE), Map 4 (BROADCAST_EDGE)
        Reducer 3 <- Map 2 (CUSTOM_SIMPLE_EDGE)
#### A masked pattern was here ####
      Vertices:
        Map 1 
            Map Operator Tree:
                TableScan
                  alias: x
                  filterExpr: key is not null (type: boolean)
                  Statistics: Num rows: 25 Data size: 2150 Basic stats: COMPLETE Column stats: COMPLETE
                  Filter Operator
                    predicate: key is not null (type: boolean)
                    Statistics: Num rows: 25 Data size: 2150 Basic stats: COMPLETE Column stats: COMPLETE
                    Reduce Output Operator
                      key expressions: key (type: string)
                      null sort order: z
                      sort order: +
                      Map-reduce partition columns: key (type: string)
                      Statistics: Num rows: 25 Data size: 2150 Basic stats: COMPLETE Column stats: COMPLETE
            Execution mode: vectorized
        Map 2 
            Map Operator Tree:
                TableScan
                  alias: z
                  filterExpr: key is not null (type: boolean)
                  Statistics: Num rows: 2000 Data size: 174000 Basic stats: COMPLETE Column stats: COMPLETE
                  Filter Operator
                    predicate: key is not null (type: boolean)
                    Statistics: Num rows: 2000 Data size: 174000 Basic stats: COMPLETE Column stats: COMPLETE
                    Map Join Operator
                      condition map:
                           Inner Join 0 to 1
                      keys:
                        0 key (type: string)
                        1 key (type: string)
                      outputColumnNames: _col0
                      input vertices:
                        0 Map 1
                      Statistics: Num rows: 158 Data size: 13588 Basic stats: COMPLETE Column stats: COMPLETE
                      HybridGraceHashJoin: true
                      Map Join Operator
                        condition map:
                             Inner Join 0 to 1
                        keys:
                          0 _col0 (type: string)
                          1 key (type: string)
                        input vertices:
                          1 Map 4
                        Statistics: Num rows: 250 Data size: 2000 Basic stats: COMPLETE Column stats: COMPLETE
                        HybridGraceHashJoin: true
                        Group By Operator
                          aggregations: count()
                          minReductionHashAggr: 0.99
                          mode: hash
                          outputColumnNames: _col0
                          Statistics: Num rows: 1 Data size: 8 Basic stats: COMPLETE Column stats: COMPLETE
                          Reduce Output Operator
                            null sort order: 
                            sort order: 
                            Statistics: Num rows: 1 Data size: 8 Basic stats: COMPLETE Column stats: COMPLETE
                            value expressions: _col0 (type: bigint)
            Execution mode: vectorized
        Map 4 
            Map Operator Tree:
                TableScan
                  alias: y
                  filterExpr: key is not null (type: boolean)
                  Statistics: Num rows: 500 Data size: 43500 Basic stats: COMPLETE Column stats: COMPLETE
                  Filter Operator
                    predicate: key is not null (type: boolean)
                    Statistics: Num rows: 500 Data size: 43500 Basic stats: COMPLETE Column stats: COMPLETE
                    Reduce Output Operator
                      key expressions: key (type: string)
                      null sort order: z
                      sort order: +
                      Map-reduce partition columns: key (type: string)
                      Statistics: Num rows: 500 Data size: 43500 Basic stats: COMPLETE Column stats: COMPLETE
            Execution mode: vectorized
        Reducer 3 
            Execution mode: vectorized
            Reduce Operator Tree:
              Group By Operator
                aggregations: count(VALUE._col0)
                mode: mergepartial
                outputColumnNames: _col0
                Statistics: Num rows: 1 Data size: 8 Basic stats: COMPLETE Column stats: COMPLETE
                File Output Operator
                  compressed: false
                  Statistics: Num rows: 1 Data size: 8 Basic stats: COMPLETE Column stats: COMPLETE
                  table:
                      input format: org.apache.hadoop.mapred.SequenceFileInputFormat
                      output format: org.apache.hadoop.hive.ql.io.HiveSequenceFileOutputFormat
                      serde: org.apache.hadoop.hive.serde2.lazy.LazySimpleSerDe

  Stage: Stage-0
    Fetch Operator
      limit: -1
      Processor Tree:
        ListSink

PREHOOK: query: SELECT COUNT(*)
FROM src1 x JOIN srcpart z ON (x.key = z.key)
JOIN srcpart w ON (x.key = w.key)
JOIN src y ON (y.key = x.key)
PREHOOK: type: QUERY
PREHOOK: Input: default@src
PREHOOK: Input: default@src1
PREHOOK: Input: default@srcpart
PREHOOK: Input: default@srcpart@ds=2008-04-08/hr=11
PREHOOK: Input: default@srcpart@ds=2008-04-08/hr=12
PREHOOK: Input: default@srcpart@ds=2008-04-09/hr=11
PREHOOK: Input: default@srcpart@ds=2008-04-09/hr=12
PREHOOK: Output: hdfs://### HDFS PATH ###
POSTHOOK: query: SELECT COUNT(*)
FROM src1 x JOIN srcpart z ON (x.key = z.key)
JOIN srcpart w ON (x.key = w.key)
JOIN src y ON (y.key = x.key)
POSTHOOK: type: QUERY
POSTHOOK: Input: default@src
POSTHOOK: Input: default@src1
POSTHOOK: Input: default@srcpart
POSTHOOK: Input: default@srcpart@ds=2008-04-08/hr=11
POSTHOOK: Input: default@srcpart@ds=2008-04-08/hr=12
POSTHOOK: Input: default@srcpart@ds=2008-04-09/hr=11
POSTHOOK: Input: default@srcpart@ds=2008-04-09/hr=12
POSTHOOK: Output: hdfs://### HDFS PATH ###
PREHOOK: query: EXPLAIN  ANALYZE SELECT COUNT(*)
FROM src1 x JOIN srcpart z ON (x.key = z.key)
JOIN srcpart w ON (x.key = w.key)
JOIN src y ON (y.key = x.key)
PREHOOK: type: QUERY
PREHOOK: Input: default@src
PREHOOK: Input: default@src1
PREHOOK: Input: default@srcpart
PREHOOK: Input: default@srcpart@ds=2008-04-08/hr=11
PREHOOK: Input: default@srcpart@ds=2008-04-08/hr=12
PREHOOK: Input: default@srcpart@ds=2008-04-09/hr=11
PREHOOK: Input: default@srcpart@ds=2008-04-09/hr=12
PREHOOK: Output: hdfs://### HDFS PATH ###
POSTHOOK: query: EXPLAIN  ANALYZE SELECT COUNT(*)
FROM src1 x JOIN srcpart z ON (x.key = z.key)
JOIN srcpart w ON (x.key = w.key)
JOIN src y ON (y.key = x.key)
POSTHOOK: type: QUERY
POSTHOOK: Input: default@src
POSTHOOK: Input: default@src1
POSTHOOK: Input: default@srcpart
POSTHOOK: Input: default@srcpart@ds=2008-04-08/hr=11
POSTHOOK: Input: default@srcpart@ds=2008-04-08/hr=12
POSTHOOK: Input: default@srcpart@ds=2008-04-09/hr=11
POSTHOOK: Input: default@srcpart@ds=2008-04-09/hr=12
POSTHOOK: Output: hdfs://### HDFS PATH ###
STAGE DEPENDENCIES:
  Stage-1 is a root stage
  Stage-0 depends on stages: Stage-1

STAGE PLANS:
  Stage: Stage-1
    Tez
#### A masked pattern was here ####
      Edges:
        Map 2 <- Map 1 (BROADCAST_EDGE)
        Map 3 <- Map 2 (BROADCAST_EDGE), Map 5 (BROADCAST_EDGE)
        Reducer 4 <- Map 3 (CUSTOM_SIMPLE_EDGE)
#### A masked pattern was here ####
      Vertices:
        Map 1 
            Map Operator Tree:
                TableScan
                  alias: x
                  filterExpr: key is not null (type: boolean)
                  Statistics: Num rows: 25/25 Data size: 2150 Basic stats: COMPLETE Column stats: COMPLETE
                  Filter Operator
                    predicate: key is not null (type: boolean)
                    Statistics: Num rows: 25/25 Data size: 2150 Basic stats: COMPLETE Column stats: COMPLETE
                    Reduce Output Operator
                      key expressions: key (type: string)
                      null sort order: z
                      sort order: +
                      Map-reduce partition columns: key (type: string)
                      Statistics: Num rows: 25/25 Data size: 2150 Basic stats: COMPLETE Column stats: COMPLETE
            Execution mode: vectorized
        Map 2 
            Map Operator Tree:
                TableScan
                  alias: z
                  filterExpr: key is not null (type: boolean)
                  Statistics: Num rows: 2000/2000 Data size: 174000 Basic stats: COMPLETE Column stats: COMPLETE
                  Filter Operator
                    predicate: key is not null (type: boolean)
                    Statistics: Num rows: 2000/2000 Data size: 174000 Basic stats: COMPLETE Column stats: COMPLETE
                    Map Join Operator
                      condition map:
                           Inner Join 0 to 1
                      keys:
                        0 key (type: string)
                        1 key (type: string)
                      outputColumnNames: _col0
                      input vertices:
                        0 Map 1
                      Statistics: Num rows: 158/148 Data size: 13588 Basic stats: COMPLETE Column stats: COMPLETE
                      HybridGraceHashJoin: true
                      Reduce Output Operator
                        key expressions: _col0 (type: string)
                        null sort order: z
                        sort order: +
                        Map-reduce partition columns: _col0 (type: string)
                        Statistics: Num rows: 158/148 Data size: 13588 Basic stats: COMPLETE Column stats: COMPLETE
            Execution mode: vectorized
        Map 3 
            Map Operator Tree:
                TableScan
                  alias: w
                  filterExpr: key is not null (type: boolean)
                  Statistics: Num rows: 2000/2000 Data size: 174000 Basic stats: COMPLETE Column stats: COMPLETE
                  Filter Operator
                    predicate: key is not null (type: boolean)
                    Statistics: Num rows: 2000/2000 Data size: 174000 Basic stats: COMPLETE Column stats: COMPLETE
                    Map Join Operator
                      condition map:
                           Inner Join 0 to 1
                      keys:
                        0 _col0 (type: string)
                        1 key (type: string)
                      outputColumnNames: _col0
                      input vertices:
                        0 Map 2
                      Statistics: Num rows: 1000/1712 Data size: 86000 Basic stats: COMPLETE Column stats: COMPLETE
                      HybridGraceHashJoin: true
                      Map Join Operator
                        condition map:
                             Inner Join 0 to 1
                        keys:
                          0 _col0 (type: string)
                          1 key (type: string)
                        input vertices:
                          1 Map 5
                        Statistics: Num rows: 1582/5680 Data size: 12656 Basic stats: COMPLETE Column stats: COMPLETE
                        HybridGraceHashJoin: true
                        Group By Operator
                          aggregations: count()
                          minReductionHashAggr: 0.99
                          mode: hash
                          outputColumnNames: _col0
                          Statistics: Num rows: 1/1 Data size: 8 Basic stats: COMPLETE Column stats: COMPLETE
                          Reduce Output Operator
                            null sort order: 
                            sort order: 
                            Statistics: Num rows: 1/1 Data size: 8 Basic stats: COMPLETE Column stats: COMPLETE
                            value expressions: _col0 (type: bigint)
            Execution mode: vectorized
        Map 5 
            Map Operator Tree:
                TableScan
                  alias: y
                  filterExpr: key is not null (type: boolean)
                  Statistics: Num rows: 500/500 Data size: 43500 Basic stats: COMPLETE Column stats: COMPLETE
                  Filter Operator
                    predicate: key is not null (type: boolean)
                    Statistics: Num rows: 500/500 Data size: 43500 Basic stats: COMPLETE Column stats: COMPLETE
                    Reduce Output Operator
                      key expressions: key (type: string)
                      null sort order: z
                      sort order: +
                      Map-reduce partition columns: key (type: string)
                      Statistics: Num rows: 500/500 Data size: 43500 Basic stats: COMPLETE Column stats: COMPLETE
            Execution mode: vectorized
        Reducer 4 
            Execution mode: vectorized
            Reduce Operator Tree:
              Group By Operator
                aggregations: count(VALUE._col0)
                mode: mergepartial
                outputColumnNames: _col0
                Statistics: Num rows: 1/1 Data size: 8 Basic stats: COMPLETE Column stats: COMPLETE
                File Output Operator
                  compressed: false
                  Statistics: Num rows: 1/1 Data size: 8 Basic stats: COMPLETE Column stats: COMPLETE
                  table:
                      input format: org.apache.hadoop.mapred.SequenceFileInputFormat
                      output format: org.apache.hadoop.hive.ql.io.HiveSequenceFileOutputFormat
                      serde: org.apache.hadoop.hive.serde2.lazy.LazySimpleSerDe

  Stage: Stage-0
    Fetch Operator
      limit: -1
      Processor Tree:
        ListSink

PREHOOK: query: SELECT COUNT(*)
FROM src1 x JOIN srcpart z ON (x.key = z.key)
JOIN src y ON (y.key = x.key)
PREHOOK: type: QUERY
PREHOOK: Input: default@src
PREHOOK: Input: default@src1
PREHOOK: Input: default@srcpart
PREHOOK: Input: default@srcpart@ds=2008-04-08/hr=11
PREHOOK: Input: default@srcpart@ds=2008-04-08/hr=12
PREHOOK: Input: default@srcpart@ds=2008-04-09/hr=11
PREHOOK: Input: default@srcpart@ds=2008-04-09/hr=12
PREHOOK: Output: hdfs://### HDFS PATH ###
POSTHOOK: query: SELECT COUNT(*)
FROM src1 x JOIN srcpart z ON (x.key = z.key)
JOIN src y ON (y.key = x.key)
POSTHOOK: type: QUERY
POSTHOOK: Input: default@src
POSTHOOK: Input: default@src1
POSTHOOK: Input: default@srcpart
POSTHOOK: Input: default@srcpart@ds=2008-04-08/hr=11
POSTHOOK: Input: default@srcpart@ds=2008-04-08/hr=12
POSTHOOK: Input: default@srcpart@ds=2008-04-09/hr=11
POSTHOOK: Input: default@srcpart@ds=2008-04-09/hr=12
POSTHOOK: Output: hdfs://### HDFS PATH ###
428
PREHOOK: query: SELECT '4-way mapjoin (1 big table, 3 small tables)'
PREHOOK: type: QUERY
PREHOOK: Input: _dummy_database@_dummy_table
PREHOOK: Output: hdfs://### HDFS PATH ###
POSTHOOK: query: SELECT '4-way mapjoin (1 big table, 3 small tables)'
POSTHOOK: type: QUERY
POSTHOOK: Input: _dummy_database@_dummy_table
POSTHOOK: Output: hdfs://### HDFS PATH ###
4-way mapjoin (1 big table, 3 small tables)
PREHOOK: query: EXPLAIN
SELECT COUNT(*)
FROM src1 x JOIN srcpart z ON (x.key = z.key)
JOIN srcpart w ON (x.key = w.key)
JOIN src y ON (y.key = x.key)
PREHOOK: type: QUERY
PREHOOK: Input: default@src
PREHOOK: Input: default@src1
PREHOOK: Input: default@srcpart
PREHOOK: Input: default@srcpart@ds=2008-04-08/hr=11
PREHOOK: Input: default@srcpart@ds=2008-04-08/hr=12
PREHOOK: Input: default@srcpart@ds=2008-04-09/hr=11
PREHOOK: Input: default@srcpart@ds=2008-04-09/hr=12
PREHOOK: Output: hdfs://### HDFS PATH ###
POSTHOOK: query: EXPLAIN
SELECT COUNT(*)
FROM src1 x JOIN srcpart z ON (x.key = z.key)
JOIN srcpart w ON (x.key = w.key)
JOIN src y ON (y.key = x.key)
POSTHOOK: type: QUERY
POSTHOOK: Input: default@src
POSTHOOK: Input: default@src1
POSTHOOK: Input: default@srcpart
POSTHOOK: Input: default@srcpart@ds=2008-04-08/hr=11
POSTHOOK: Input: default@srcpart@ds=2008-04-08/hr=12
POSTHOOK: Input: default@srcpart@ds=2008-04-09/hr=11
POSTHOOK: Input: default@srcpart@ds=2008-04-09/hr=12
POSTHOOK: Output: hdfs://### HDFS PATH ###
STAGE DEPENDENCIES:
  Stage-1 is a root stage
  Stage-0 depends on stages: Stage-1

STAGE PLANS:
  Stage: Stage-1
    Tez
#### A masked pattern was here ####
      Edges:
        Map 2 <- Map 1 (BROADCAST_EDGE)
        Map 3 <- Map 2 (BROADCAST_EDGE), Map 5 (BROADCAST_EDGE)
        Reducer 4 <- Map 3 (CUSTOM_SIMPLE_EDGE)
#### A masked pattern was here ####
      Vertices:
        Map 1 
            Map Operator Tree:
                TableScan
                  alias: x
                  filterExpr: key is not null (type: boolean)
                  Statistics: Num rows: 25 Data size: 2150 Basic stats: COMPLETE Column stats: COMPLETE
                  Filter Operator
                    predicate: key is not null (type: boolean)
                    Statistics: Num rows: 25 Data size: 2150 Basic stats: COMPLETE Column stats: COMPLETE
                    Reduce Output Operator
                      key expressions: key (type: string)
                      null sort order: z
                      sort order: +
                      Map-reduce partition columns: key (type: string)
                      Statistics: Num rows: 25 Data size: 2150 Basic stats: COMPLETE Column stats: COMPLETE
            Execution mode: vectorized
        Map 2 
            Map Operator Tree:
                TableScan
                  alias: z
                  filterExpr: key is not null (type: boolean)
                  Statistics: Num rows: 2000 Data size: 174000 Basic stats: COMPLETE Column stats: COMPLETE
                  Filter Operator
                    predicate: key is not null (type: boolean)
                    Statistics: Num rows: 2000 Data size: 174000 Basic stats: COMPLETE Column stats: COMPLETE
                    Map Join Operator
                      condition map:
                           Inner Join 0 to 1
                      keys:
                        0 key (type: string)
                        1 key (type: string)
                      outputColumnNames: _col0
                      input vertices:
                        0 Map 1
                      Statistics: Num rows: 158 Data size: 13588 Basic stats: COMPLETE Column stats: COMPLETE
                      Reduce Output Operator
                        key expressions: _col0 (type: string)
                        null sort order: z
                        sort order: +
                        Map-reduce partition columns: _col0 (type: string)
                        Statistics: Num rows: 158 Data size: 13588 Basic stats: COMPLETE Column stats: COMPLETE
            Execution mode: vectorized
        Map 3 
            Map Operator Tree:
                TableScan
                  alias: w
                  filterExpr: key is not null (type: boolean)
                  Statistics: Num rows: 2000 Data size: 174000 Basic stats: COMPLETE Column stats: COMPLETE
                  Filter Operator
                    predicate: key is not null (type: boolean)
                    Statistics: Num rows: 2000 Data size: 174000 Basic stats: COMPLETE Column stats: COMPLETE
                    Map Join Operator
                      condition map:
                           Inner Join 0 to 1
                      keys:
                        0 _col0 (type: string)
                        1 key (type: string)
                      outputColumnNames: _col0
                      input vertices:
                        0 Map 2
                      Statistics: Num rows: 1000 Data size: 86000 Basic stats: COMPLETE Column stats: COMPLETE
                      Map Join Operator
                        condition map:
                             Inner Join 0 to 1
                        keys:
                          0 _col0 (type: string)
                          1 key (type: string)
                        input vertices:
                          1 Map 5
                        Statistics: Num rows: 1582 Data size: 12656 Basic stats: COMPLETE Column stats: COMPLETE
                        Group By Operator
                          aggregations: count()
                          minReductionHashAggr: 0.99
                          mode: hash
                          outputColumnNames: _col0
                          Statistics: Num rows: 1 Data size: 8 Basic stats: COMPLETE Column stats: COMPLETE
                          Reduce Output Operator
                            null sort order: 
                            sort order: 
                            Statistics: Num rows: 1 Data size: 8 Basic stats: COMPLETE Column stats: COMPLETE
                            value expressions: _col0 (type: bigint)
            Execution mode: vectorized
        Map 5 
            Map Operator Tree:
                TableScan
                  alias: y
                  filterExpr: key is not null (type: boolean)
                  Statistics: Num rows: 500 Data size: 43500 Basic stats: COMPLETE Column stats: COMPLETE
                  Filter Operator
                    predicate: key is not null (type: boolean)
                    Statistics: Num rows: 500 Data size: 43500 Basic stats: COMPLETE Column stats: COMPLETE
                    Reduce Output Operator
                      key expressions: key (type: string)
                      null sort order: z
                      sort order: +
                      Map-reduce partition columns: key (type: string)
                      Statistics: Num rows: 500 Data size: 43500 Basic stats: COMPLETE Column stats: COMPLETE
            Execution mode: vectorized
        Reducer 4 
            Execution mode: vectorized
            Reduce Operator Tree:
              Group By Operator
                aggregations: count(VALUE._col0)
                mode: mergepartial
                outputColumnNames: _col0
                Statistics: Num rows: 1 Data size: 8 Basic stats: COMPLETE Column stats: COMPLETE
                File Output Operator
                  compressed: false
                  Statistics: Num rows: 1 Data size: 8 Basic stats: COMPLETE Column stats: COMPLETE
                  table:
                      input format: org.apache.hadoop.mapred.SequenceFileInputFormat
                      output format: org.apache.hadoop.hive.ql.io.HiveSequenceFileOutputFormat
                      serde: org.apache.hadoop.hive.serde2.lazy.LazySimpleSerDe

  Stage: Stage-0
    Fetch Operator
      limit: -1
      Processor Tree:
        ListSink

PREHOOK: query: SELECT assert_true(5680 = COUNT(*))
FROM src1 x JOIN srcpart z ON (x.key = z.key)
JOIN srcpart w ON (x.key = w.key)
JOIN src y ON (y.key = x.key)
PREHOOK: type: QUERY
PREHOOK: Input: default@src
PREHOOK: Input: default@src1
PREHOOK: Input: default@srcpart
PREHOOK: Input: default@srcpart@ds=2008-04-08/hr=11
PREHOOK: Input: default@srcpart@ds=2008-04-08/hr=12
PREHOOK: Input: default@srcpart@ds=2008-04-09/hr=11
PREHOOK: Input: default@srcpart@ds=2008-04-09/hr=12
PREHOOK: Output: hdfs://### HDFS PATH ###
POSTHOOK: query: SELECT assert_true(5680 = COUNT(*))
FROM src1 x JOIN srcpart z ON (x.key = z.key)
JOIN srcpart w ON (x.key = w.key)
JOIN src y ON (y.key = x.key)
POSTHOOK: type: QUERY
POSTHOOK: Input: default@src
POSTHOOK: Input: default@src1
POSTHOOK: Input: default@srcpart
POSTHOOK: Input: default@srcpart@ds=2008-04-08/hr=11
POSTHOOK: Input: default@srcpart@ds=2008-04-08/hr=12
POSTHOOK: Input: default@srcpart@ds=2008-04-09/hr=11
POSTHOOK: Input: default@srcpart@ds=2008-04-09/hr=12
POSTHOOK: Output: hdfs://### HDFS PATH ###
NULL
PREHOOK: query: EXPLAIN
SELECT COUNT(*)
FROM src1 x JOIN srcpart z ON (x.key = z.key)
JOIN srcpart w ON (x.key = w.key)
JOIN src y ON (y.key = x.key)
PREHOOK: type: QUERY
PREHOOK: Input: default@src
PREHOOK: Input: default@src1
PREHOOK: Input: default@srcpart
PREHOOK: Input: default@srcpart@ds=2008-04-08/hr=11
PREHOOK: Input: default@srcpart@ds=2008-04-08/hr=12
PREHOOK: Input: default@srcpart@ds=2008-04-09/hr=11
PREHOOK: Input: default@srcpart@ds=2008-04-09/hr=12
PREHOOK: Output: hdfs://### HDFS PATH ###
POSTHOOK: query: EXPLAIN
SELECT COUNT(*)
FROM src1 x JOIN srcpart z ON (x.key = z.key)
JOIN srcpart w ON (x.key = w.key)
JOIN src y ON (y.key = x.key)
POSTHOOK: type: QUERY
POSTHOOK: Input: default@src
POSTHOOK: Input: default@src1
POSTHOOK: Input: default@srcpart
POSTHOOK: Input: default@srcpart@ds=2008-04-08/hr=11
POSTHOOK: Input: default@srcpart@ds=2008-04-08/hr=12
POSTHOOK: Input: default@srcpart@ds=2008-04-09/hr=11
POSTHOOK: Input: default@srcpart@ds=2008-04-09/hr=12
POSTHOOK: Output: hdfs://### HDFS PATH ###
STAGE DEPENDENCIES:
  Stage-1 is a root stage
  Stage-0 depends on stages: Stage-1

STAGE PLANS:
  Stage: Stage-1
    Tez
#### A masked pattern was here ####
      Edges:
        Map 2 <- Map 1 (BROADCAST_EDGE)
        Map 3 <- Map 2 (BROADCAST_EDGE), Map 5 (BROADCAST_EDGE)
        Reducer 4 <- Map 3 (CUSTOM_SIMPLE_EDGE)
#### A masked pattern was here ####
      Vertices:
        Map 1 
            Map Operator Tree:
                TableScan
                  alias: x
                  filterExpr: key is not null (type: boolean)
                  Statistics: Num rows: 25 Data size: 2150 Basic stats: COMPLETE Column stats: COMPLETE
                  Filter Operator
                    predicate: key is not null (type: boolean)
                    Statistics: Num rows: 25 Data size: 2150 Basic stats: COMPLETE Column stats: COMPLETE
                    Reduce Output Operator
                      key expressions: key (type: string)
                      null sort order: z
                      sort order: +
                      Map-reduce partition columns: key (type: string)
                      Statistics: Num rows: 25 Data size: 2150 Basic stats: COMPLETE Column stats: COMPLETE
            Execution mode: vectorized
        Map 2 
            Map Operator Tree:
                TableScan
                  alias: z
                  filterExpr: key is not null (type: boolean)
                  Statistics: Num rows: 2000 Data size: 174000 Basic stats: COMPLETE Column stats: COMPLETE
                  Filter Operator
                    predicate: key is not null (type: boolean)
                    Statistics: Num rows: 2000 Data size: 174000 Basic stats: COMPLETE Column stats: COMPLETE
                    Map Join Operator
                      condition map:
                           Inner Join 0 to 1
                      keys:
                        0 key (type: string)
                        1 key (type: string)
                      outputColumnNames: _col0
                      input vertices:
                        0 Map 1
                      Statistics: Num rows: 158 Data size: 13588 Basic stats: COMPLETE Column stats: COMPLETE
                      HybridGraceHashJoin: true
                      Reduce Output Operator
                        key expressions: _col0 (type: string)
                        null sort order: z
                        sort order: +
                        Map-reduce partition columns: _col0 (type: string)
                        Statistics: Num rows: 158 Data size: 13588 Basic stats: COMPLETE Column stats: COMPLETE
            Execution mode: vectorized
        Map 3 
            Map Operator Tree:
                TableScan
                  alias: w
                  filterExpr: key is not null (type: boolean)
                  Statistics: Num rows: 2000 Data size: 174000 Basic stats: COMPLETE Column stats: COMPLETE
                  Filter Operator
                    predicate: key is not null (type: boolean)
                    Statistics: Num rows: 2000 Data size: 174000 Basic stats: COMPLETE Column stats: COMPLETE
                    Map Join Operator
                      condition map:
                           Inner Join 0 to 1
                      keys:
                        0 _col0 (type: string)
                        1 key (type: string)
                      outputColumnNames: _col0
                      input vertices:
                        0 Map 2
                      Statistics: Num rows: 1000 Data size: 86000 Basic stats: COMPLETE Column stats: COMPLETE
                      HybridGraceHashJoin: true
                      Map Join Operator
                        condition map:
                             Inner Join 0 to 1
                        keys:
                          0 _col0 (type: string)
                          1 key (type: string)
                        input vertices:
                          1 Map 5
                        Statistics: Num rows: 1582 Data size: 12656 Basic stats: COMPLETE Column stats: COMPLETE
                        HybridGraceHashJoin: true
                        Group By Operator
                          aggregations: count()
                          minReductionHashAggr: 0.99
                          mode: hash
                          outputColumnNames: _col0
                          Statistics: Num rows: 1 Data size: 8 Basic stats: COMPLETE Column stats: COMPLETE
                          Reduce Output Operator
                            null sort order: 
                            sort order: 
                            Statistics: Num rows: 1 Data size: 8 Basic stats: COMPLETE Column stats: COMPLETE
                            value expressions: _col0 (type: bigint)
            Execution mode: vectorized
        Map 5 
            Map Operator Tree:
                TableScan
                  alias: y
                  filterExpr: key is not null (type: boolean)
                  Statistics: Num rows: 500 Data size: 43500 Basic stats: COMPLETE Column stats: COMPLETE
                  Filter Operator
                    predicate: key is not null (type: boolean)
                    Statistics: Num rows: 500 Data size: 43500 Basic stats: COMPLETE Column stats: COMPLETE
                    Reduce Output Operator
                      key expressions: key (type: string)
                      null sort order: z
                      sort order: +
                      Map-reduce partition columns: key (type: string)
                      Statistics: Num rows: 500 Data size: 43500 Basic stats: COMPLETE Column stats: COMPLETE
            Execution mode: vectorized
        Reducer 4 
            Execution mode: vectorized
            Reduce Operator Tree:
              Group By Operator
                aggregations: count(VALUE._col0)
                mode: mergepartial
                outputColumnNames: _col0
                Statistics: Num rows: 1 Data size: 8 Basic stats: COMPLETE Column stats: COMPLETE
                File Output Operator
                  compressed: false
                  Statistics: Num rows: 1 Data size: 8 Basic stats: COMPLETE Column stats: COMPLETE
                  table:
                      input format: org.apache.hadoop.mapred.SequenceFileInputFormat
                      output format: org.apache.hadoop.hive.ql.io.HiveSequenceFileOutputFormat
                      serde: org.apache.hadoop.hive.serde2.lazy.LazySimpleSerDe

  Stage: Stage-0
    Fetch Operator
      limit: -1
      Processor Tree:
        ListSink

PREHOOK: query: SELECT assert_true(5680 = COUNT(*))
FROM src1 x JOIN srcpart z ON (x.key = z.key)
JOIN srcpart w ON (x.key = w.key)
JOIN src y ON (y.key = x.key)
PREHOOK: type: QUERY
PREHOOK: Input: default@src
PREHOOK: Input: default@src1
PREHOOK: Input: default@srcpart
PREHOOK: Input: default@srcpart@ds=2008-04-08/hr=11
PREHOOK: Input: default@srcpart@ds=2008-04-08/hr=12
PREHOOK: Input: default@srcpart@ds=2008-04-09/hr=11
PREHOOK: Input: default@srcpart@ds=2008-04-09/hr=12
PREHOOK: Output: hdfs://### HDFS PATH ###
POSTHOOK: query: SELECT assert_true(5680 = COUNT(*))
FROM src1 x JOIN srcpart z ON (x.key = z.key)
JOIN srcpart w ON (x.key = w.key)
JOIN src y ON (y.key = x.key)
POSTHOOK: type: QUERY
POSTHOOK: Input: default@src
POSTHOOK: Input: default@src1
POSTHOOK: Input: default@srcpart
POSTHOOK: Input: default@srcpart@ds=2008-04-08/hr=11
POSTHOOK: Input: default@srcpart@ds=2008-04-08/hr=12
POSTHOOK: Input: default@srcpart@ds=2008-04-09/hr=11
POSTHOOK: Input: default@srcpart@ds=2008-04-09/hr=12
POSTHOOK: Output: hdfs://### HDFS PATH ###
NULL
PREHOOK: query: SELECT '2 sets of 3-way mapjoin under 2 different tasks'
PREHOOK: type: QUERY
PREHOOK: Input: _dummy_database@_dummy_table
PREHOOK: Output: hdfs://### HDFS PATH ###
POSTHOOK: query: SELECT '2 sets of 3-way mapjoin under 2 different tasks'
POSTHOOK: type: QUERY
POSTHOOK: Input: _dummy_database@_dummy_table
POSTHOOK: Output: hdfs://### HDFS PATH ###
2 sets of 3-way mapjoin under 2 different tasks
PREHOOK: query: EXPLAIN
SELECT COUNT(*)
FROM src1 x JOIN srcpart z ON (x.key = z.key)
JOIN src y ON (y.key = x.key)
UNION
SELECT COUNT(*)
FROM src1 x JOIN srcpart z ON (x.value = z.value)
JOIN src y ON (y.value = x.value)
PREHOOK: type: QUERY
PREHOOK: Input: default@src
PREHOOK: Input: default@src1
PREHOOK: Input: default@srcpart
PREHOOK: Input: default@srcpart@ds=2008-04-08/hr=11
PREHOOK: Input: default@srcpart@ds=2008-04-08/hr=12
PREHOOK: Input: default@srcpart@ds=2008-04-09/hr=11
PREHOOK: Input: default@srcpart@ds=2008-04-09/hr=12
PREHOOK: Output: hdfs://### HDFS PATH ###
POSTHOOK: query: EXPLAIN
SELECT COUNT(*)
FROM src1 x JOIN srcpart z ON (x.key = z.key)
JOIN src y ON (y.key = x.key)
UNION
SELECT COUNT(*)
FROM src1 x JOIN srcpart z ON (x.value = z.value)
JOIN src y ON (y.value = x.value)
POSTHOOK: type: QUERY
POSTHOOK: Input: default@src
POSTHOOK: Input: default@src1
POSTHOOK: Input: default@srcpart
POSTHOOK: Input: default@srcpart@ds=2008-04-08/hr=11
POSTHOOK: Input: default@srcpart@ds=2008-04-08/hr=12
POSTHOOK: Input: default@srcpart@ds=2008-04-09/hr=11
POSTHOOK: Input: default@srcpart@ds=2008-04-09/hr=12
POSTHOOK: Output: hdfs://### HDFS PATH ###
STAGE DEPENDENCIES:
  Stage-1 is a root stage
  Stage-0 depends on stages: Stage-1

STAGE PLANS:
  Stage: Stage-1
    Tez
#### A masked pattern was here ####
      Edges:
        Map 2 <- Map 1 (BROADCAST_EDGE), Map 6 (BROADCAST_EDGE)
        Map 7 <- Map 1 (BROADCAST_EDGE), Map 6 (BROADCAST_EDGE)
        Reducer 3 <- Map 2 (CUSTOM_SIMPLE_EDGE), Union 4 (CONTAINS)
        Reducer 5 <- Union 4 (SIMPLE_EDGE)
        Reducer 8 <- Map 7 (CUSTOM_SIMPLE_EDGE), Union 4 (CONTAINS)
#### A masked pattern was here ####
      Vertices:
        Map 1 
            Map Operator Tree:
                TableScan
                  alias: x
                  filterExpr: (key is not null or value is not null) (type: boolean)
                  Statistics: Num rows: 25 Data size: 2150 Basic stats: COMPLETE Column stats: COMPLETE
                  Filter Operator
                    predicate: key is not null (type: boolean)
                    Statistics: Num rows: 25 Data size: 2150 Basic stats: COMPLETE Column stats: COMPLETE
                    Reduce Output Operator
                      key expressions: key (type: string)
                      null sort order: z
                      sort order: +
                      Map-reduce partition columns: key (type: string)
                      Statistics: Num rows: 25 Data size: 2150 Basic stats: COMPLETE Column stats: COMPLETE
                  Filter Operator
                    predicate: value is not null (type: boolean)
                    Statistics: Num rows: 25 Data size: 2225 Basic stats: COMPLETE Column stats: COMPLETE
                    Reduce Output Operator
                      key expressions: value (type: string)
                      null sort order: z
                      sort order: +
                      Map-reduce partition columns: value (type: string)
                      Statistics: Num rows: 25 Data size: 2225 Basic stats: COMPLETE Column stats: COMPLETE
            Execution mode: vectorized
        Map 2 
            Map Operator Tree:
                TableScan
                  alias: z
                  filterExpr: key is not null (type: boolean)
                  Statistics: Num rows: 2000 Data size: 174000 Basic stats: COMPLETE Column stats: COMPLETE
                  Filter Operator
                    predicate: key is not null (type: boolean)
                    Statistics: Num rows: 2000 Data size: 174000 Basic stats: COMPLETE Column stats: COMPLETE
                    Map Join Operator
                      condition map:
                           Inner Join 0 to 1
                      keys:
                        0 key (type: string)
                        1 key (type: string)
                      outputColumnNames: _col0
                      input vertices:
                        0 Map 1
                      Statistics: Num rows: 158 Data size: 13588 Basic stats: COMPLETE Column stats: COMPLETE
                      Map Join Operator
                        condition map:
                             Inner Join 0 to 1
                        keys:
                          0 _col0 (type: string)
                          1 key (type: string)
                        input vertices:
                          1 Map 6
                        Statistics: Num rows: 250 Data size: 2000 Basic stats: COMPLETE Column stats: COMPLETE
                        Group By Operator
                          aggregations: count()
                          minReductionHashAggr: 0.99
                          mode: hash
                          outputColumnNames: _col0
                          Statistics: Num rows: 1 Data size: 8 Basic stats: COMPLETE Column stats: COMPLETE
                          Reduce Output Operator
                            null sort order: 
                            sort order: 
                            Statistics: Num rows: 1 Data size: 8 Basic stats: COMPLETE Column stats: COMPLETE
                            value expressions: _col0 (type: bigint)
            Execution mode: vectorized
        Map 6 
            Map Operator Tree:
                TableScan
                  alias: y
                  filterExpr: (key is not null or value is not null) (type: boolean)
                  Statistics: Num rows: 500 Data size: 43500 Basic stats: COMPLETE Column stats: COMPLETE
                  Filter Operator
                    predicate: key is not null (type: boolean)
                    Statistics: Num rows: 500 Data size: 43500 Basic stats: COMPLETE Column stats: COMPLETE
                    Reduce Output Operator
                      key expressions: key (type: string)
                      null sort order: z
                      sort order: +
                      Map-reduce partition columns: key (type: string)
                      Statistics: Num rows: 500 Data size: 43500 Basic stats: COMPLETE Column stats: COMPLETE
                  Filter Operator
                    predicate: value is not null (type: boolean)
                    Statistics: Num rows: 500 Data size: 45500 Basic stats: COMPLETE Column stats: COMPLETE
                    Reduce Output Operator
                      key expressions: value (type: string)
                      null sort order: z
                      sort order: +
                      Map-reduce partition columns: value (type: string)
                      Statistics: Num rows: 500 Data size: 45500 Basic stats: COMPLETE Column stats: COMPLETE
            Execution mode: vectorized
        Map 7 
            Map Operator Tree:
                TableScan
                  alias: z
                  filterExpr: value is not null (type: boolean)
                  Statistics: Num rows: 2000 Data size: 182000 Basic stats: COMPLETE Column stats: COMPLETE
                  Filter Operator
                    predicate: value is not null (type: boolean)
                    Statistics: Num rows: 2000 Data size: 182000 Basic stats: COMPLETE Column stats: COMPLETE
                    Map Join Operator
                      condition map:
                           Inner Join 0 to 1
                      keys:
                        0 value (type: string)
                        1 value (type: string)
                      outputColumnNames: _col1
                      input vertices:
                        0 Map 1
                      Statistics: Num rows: 162 Data size: 14418 Basic stats: COMPLETE Column stats: COMPLETE
                      Map Join Operator
                        condition map:
                             Inner Join 0 to 1
                        keys:
                          0 _col1 (type: string)
                          1 value (type: string)
                        input vertices:
                          1 Map 6
                        Statistics: Num rows: 263 Data size: 2104 Basic stats: COMPLETE Column stats: COMPLETE
                        Group By Operator
                          aggregations: count()
                          minReductionHashAggr: 0.99
                          mode: hash
                          outputColumnNames: _col0
                          Statistics: Num rows: 1 Data size: 8 Basic stats: COMPLETE Column stats: COMPLETE
                          Reduce Output Operator
                            null sort order: 
                            sort order: 
                            Statistics: Num rows: 1 Data size: 8 Basic stats: COMPLETE Column stats: COMPLETE
                            value expressions: _col0 (type: bigint)
            Execution mode: vectorized
        Reducer 3 
            Execution mode: vectorized
            Reduce Operator Tree:
              Group By Operator
                aggregations: count(VALUE._col0)
                mode: mergepartial
                outputColumnNames: _col0
                Statistics: Num rows: 1 Data size: 8 Basic stats: COMPLETE Column stats: COMPLETE
                Group By Operator
                  keys: _col0 (type: bigint)
                  minReductionHashAggr: 0.5
                  mode: hash
                  outputColumnNames: _col0
                  Statistics: Num rows: 1 Data size: 8 Basic stats: COMPLETE Column stats: COMPLETE
                  Reduce Output Operator
                    key expressions: _col0 (type: bigint)
                    null sort order: z
                    sort order: +
                    Map-reduce partition columns: _col0 (type: bigint)
                    Statistics: Num rows: 1 Data size: 8 Basic stats: COMPLETE Column stats: COMPLETE
        Reducer 5 
            Execution mode: vectorized
            Reduce Operator Tree:
              Group By Operator
                keys: KEY._col0 (type: bigint)
                mode: mergepartial
                outputColumnNames: _col0
                Statistics: Num rows: 1 Data size: 8 Basic stats: COMPLETE Column stats: COMPLETE
                File Output Operator
                  compressed: false
                  Statistics: Num rows: 1 Data size: 8 Basic stats: COMPLETE Column stats: COMPLETE
                  table:
                      input format: org.apache.hadoop.mapred.SequenceFileInputFormat
                      output format: org.apache.hadoop.hive.ql.io.HiveSequenceFileOutputFormat
                      serde: org.apache.hadoop.hive.serde2.lazy.LazySimpleSerDe
        Reducer 8 
            Execution mode: vectorized
            Reduce Operator Tree:
              Group By Operator
                aggregations: count(VALUE._col0)
                mode: mergepartial
                outputColumnNames: _col0
                Statistics: Num rows: 1 Data size: 8 Basic stats: COMPLETE Column stats: COMPLETE
                Group By Operator
                  keys: _col0 (type: bigint)
                  minReductionHashAggr: 0.5
                  mode: hash
                  outputColumnNames: _col0
                  Statistics: Num rows: 1 Data size: 8 Basic stats: COMPLETE Column stats: COMPLETE
                  Reduce Output Operator
                    key expressions: _col0 (type: bigint)
                    null sort order: z
                    sort order: +
                    Map-reduce partition columns: _col0 (type: bigint)
                    Statistics: Num rows: 1 Data size: 8 Basic stats: COMPLETE Column stats: COMPLETE
        Union 4 
            Vertex: Union 4

  Stage: Stage-0
    Fetch Operator
      limit: -1
      Processor Tree:
        ListSink

PREHOOK: query: SELECT COUNT(*)
FROM src1 x JOIN srcpart z ON (x.key = z.key)
JOIN src y ON (y.key = x.key)
UNION
SELECT COUNT(*)
FROM src1 x JOIN srcpart z ON (x.value = z.value)
JOIN src y ON (y.value = x.value)
PREHOOK: type: QUERY
PREHOOK: Input: default@src
PREHOOK: Input: default@src1
PREHOOK: Input: default@srcpart
PREHOOK: Input: default@srcpart@ds=2008-04-08/hr=11
PREHOOK: Input: default@srcpart@ds=2008-04-08/hr=12
PREHOOK: Input: default@srcpart@ds=2008-04-09/hr=11
PREHOOK: Input: default@srcpart@ds=2008-04-09/hr=12
PREHOOK: Output: hdfs://### HDFS PATH ###
POSTHOOK: query: SELECT COUNT(*)
FROM src1 x JOIN srcpart z ON (x.key = z.key)
JOIN src y ON (y.key = x.key)
UNION
SELECT COUNT(*)
FROM src1 x JOIN srcpart z ON (x.value = z.value)
JOIN src y ON (y.value = x.value)
POSTHOOK: type: QUERY
POSTHOOK: Input: default@src
POSTHOOK: Input: default@src1
POSTHOOK: Input: default@srcpart
POSTHOOK: Input: default@srcpart@ds=2008-04-08/hr=11
POSTHOOK: Input: default@srcpart@ds=2008-04-08/hr=12
POSTHOOK: Input: default@srcpart@ds=2008-04-09/hr=11
POSTHOOK: Input: default@srcpart@ds=2008-04-09/hr=12
POSTHOOK: Output: hdfs://### HDFS PATH ###
428
452
PREHOOK: query: EXPLAIN
SELECT COUNT(*)
FROM src1 x JOIN srcpart z ON (x.key = z.key)
JOIN src y ON (y.key = x.key)
UNION
SELECT COUNT(*)
FROM src1 x JOIN srcpart z ON (x.value = z.value)
JOIN src y ON (y.value = x.value)
PREHOOK: type: QUERY
PREHOOK: Input: default@src
PREHOOK: Input: default@src1
PREHOOK: Input: default@srcpart
PREHOOK: Input: default@srcpart@ds=2008-04-08/hr=11
PREHOOK: Input: default@srcpart@ds=2008-04-08/hr=12
PREHOOK: Input: default@srcpart@ds=2008-04-09/hr=11
PREHOOK: Input: default@srcpart@ds=2008-04-09/hr=12
PREHOOK: Output: hdfs://### HDFS PATH ###
POSTHOOK: query: EXPLAIN
SELECT COUNT(*)
FROM src1 x JOIN srcpart z ON (x.key = z.key)
JOIN src y ON (y.key = x.key)
UNION
SELECT COUNT(*)
FROM src1 x JOIN srcpart z ON (x.value = z.value)
JOIN src y ON (y.value = x.value)
POSTHOOK: type: QUERY
POSTHOOK: Input: default@src
POSTHOOK: Input: default@src1
POSTHOOK: Input: default@srcpart
POSTHOOK: Input: default@srcpart@ds=2008-04-08/hr=11
POSTHOOK: Input: default@srcpart@ds=2008-04-08/hr=12
POSTHOOK: Input: default@srcpart@ds=2008-04-09/hr=11
POSTHOOK: Input: default@srcpart@ds=2008-04-09/hr=12
POSTHOOK: Output: hdfs://### HDFS PATH ###
STAGE DEPENDENCIES:
  Stage-1 is a root stage
  Stage-0 depends on stages: Stage-1

STAGE PLANS:
  Stage: Stage-1
    Tez
#### A masked pattern was here ####
      Edges:
        Map 2 <- Map 1 (BROADCAST_EDGE), Map 6 (BROADCAST_EDGE)
        Map 7 <- Map 1 (BROADCAST_EDGE), Map 6 (BROADCAST_EDGE)
        Reducer 3 <- Map 2 (CUSTOM_SIMPLE_EDGE), Union 4 (CONTAINS)
        Reducer 5 <- Union 4 (SIMPLE_EDGE)
        Reducer 8 <- Map 7 (CUSTOM_SIMPLE_EDGE), Union 4 (CONTAINS)
#### A masked pattern was here ####
      Vertices:
        Map 1 
            Map Operator Tree:
                TableScan
                  alias: x
                  filterExpr: (key is not null or value is not null) (type: boolean)
                  Statistics: Num rows: 25 Data size: 2150 Basic stats: COMPLETE Column stats: COMPLETE
                  Filter Operator
                    predicate: key is not null (type: boolean)
                    Statistics: Num rows: 25 Data size: 2150 Basic stats: COMPLETE Column stats: COMPLETE
                    Reduce Output Operator
                      key expressions: key (type: string)
                      null sort order: z
                      sort order: +
                      Map-reduce partition columns: key (type: string)
                      Statistics: Num rows: 25 Data size: 2150 Basic stats: COMPLETE Column stats: COMPLETE
                  Filter Operator
                    predicate: value is not null (type: boolean)
                    Statistics: Num rows: 25 Data size: 2225 Basic stats: COMPLETE Column stats: COMPLETE
                    Reduce Output Operator
                      key expressions: value (type: string)
                      null sort order: z
                      sort order: +
                      Map-reduce partition columns: value (type: string)
                      Statistics: Num rows: 25 Data size: 2225 Basic stats: COMPLETE Column stats: COMPLETE
            Execution mode: vectorized
        Map 2 
            Map Operator Tree:
                TableScan
                  alias: z
                  filterExpr: key is not null (type: boolean)
                  Statistics: Num rows: 2000 Data size: 174000 Basic stats: COMPLETE Column stats: COMPLETE
                  Filter Operator
                    predicate: key is not null (type: boolean)
                    Statistics: Num rows: 2000 Data size: 174000 Basic stats: COMPLETE Column stats: COMPLETE
                    Map Join Operator
                      condition map:
                           Inner Join 0 to 1
                      keys:
                        0 key (type: string)
                        1 key (type: string)
                      outputColumnNames: _col0
                      input vertices:
                        0 Map 1
                      Statistics: Num rows: 158 Data size: 13588 Basic stats: COMPLETE Column stats: COMPLETE
                      HybridGraceHashJoin: true
                      Map Join Operator
                        condition map:
                             Inner Join 0 to 1
                        keys:
                          0 _col0 (type: string)
                          1 key (type: string)
                        input vertices:
                          1 Map 6
                        Statistics: Num rows: 250 Data size: 2000 Basic stats: COMPLETE Column stats: COMPLETE
                        HybridGraceHashJoin: true
                        Group By Operator
                          aggregations: count()
                          minReductionHashAggr: 0.99
                          mode: hash
                          outputColumnNames: _col0
                          Statistics: Num rows: 1 Data size: 8 Basic stats: COMPLETE Column stats: COMPLETE
                          Reduce Output Operator
                            null sort order: 
                            sort order: 
                            Statistics: Num rows: 1 Data size: 8 Basic stats: COMPLETE Column stats: COMPLETE
                            value expressions: _col0 (type: bigint)
            Execution mode: vectorized
        Map 6 
            Map Operator Tree:
                TableScan
                  alias: y
                  filterExpr: (key is not null or value is not null) (type: boolean)
                  Statistics: Num rows: 500 Data size: 43500 Basic stats: COMPLETE Column stats: COMPLETE
                  Filter Operator
                    predicate: key is not null (type: boolean)
                    Statistics: Num rows: 500 Data size: 43500 Basic stats: COMPLETE Column stats: COMPLETE
                    Reduce Output Operator
                      key expressions: key (type: string)
                      null sort order: z
                      sort order: +
                      Map-reduce partition columns: key (type: string)
                      Statistics: Num rows: 500 Data size: 43500 Basic stats: COMPLETE Column stats: COMPLETE
                  Filter Operator
                    predicate: value is not null (type: boolean)
                    Statistics: Num rows: 500 Data size: 45500 Basic stats: COMPLETE Column stats: COMPLETE
                    Reduce Output Operator
                      key expressions: value (type: string)
                      null sort order: z
                      sort order: +
                      Map-reduce partition columns: value (type: string)
                      Statistics: Num rows: 500 Data size: 45500 Basic stats: COMPLETE Column stats: COMPLETE
            Execution mode: vectorized
        Map 7 
            Map Operator Tree:
                TableScan
                  alias: z
                  filterExpr: value is not null (type: boolean)
                  Statistics: Num rows: 2000 Data size: 182000 Basic stats: COMPLETE Column stats: COMPLETE
                  Filter Operator
                    predicate: value is not null (type: boolean)
                    Statistics: Num rows: 2000 Data size: 182000 Basic stats: COMPLETE Column stats: COMPLETE
                    Map Join Operator
                      condition map:
                           Inner Join 0 to 1
                      keys:
                        0 value (type: string)
                        1 value (type: string)
                      outputColumnNames: _col1
                      input vertices:
                        0 Map 1
                      Statistics: Num rows: 162 Data size: 14418 Basic stats: COMPLETE Column stats: COMPLETE
                      HybridGraceHashJoin: true
                      Map Join Operator
                        condition map:
                             Inner Join 0 to 1
                        keys:
                          0 _col1 (type: string)
                          1 value (type: string)
                        input vertices:
                          1 Map 6
                        Statistics: Num rows: 263 Data size: 2104 Basic stats: COMPLETE Column stats: COMPLETE
                        HybridGraceHashJoin: true
                        Group By Operator
                          aggregations: count()
                          minReductionHashAggr: 0.99
                          mode: hash
                          outputColumnNames: _col0
                          Statistics: Num rows: 1 Data size: 8 Basic stats: COMPLETE Column stats: COMPLETE
                          Reduce Output Operator
                            null sort order: 
                            sort order: 
                            Statistics: Num rows: 1 Data size: 8 Basic stats: COMPLETE Column stats: COMPLETE
                            value expressions: _col0 (type: bigint)
            Execution mode: vectorized
        Reducer 3 
            Execution mode: vectorized
            Reduce Operator Tree:
              Group By Operator
                aggregations: count(VALUE._col0)
                mode: mergepartial
                outputColumnNames: _col0
                Statistics: Num rows: 1 Data size: 8 Basic stats: COMPLETE Column stats: COMPLETE
                Group By Operator
                  keys: _col0 (type: bigint)
                  minReductionHashAggr: 0.5
                  mode: hash
                  outputColumnNames: _col0
                  Statistics: Num rows: 1 Data size: 8 Basic stats: COMPLETE Column stats: COMPLETE
                  Reduce Output Operator
                    key expressions: _col0 (type: bigint)
                    null sort order: z
                    sort order: +
                    Map-reduce partition columns: _col0 (type: bigint)
                    Statistics: Num rows: 1 Data size: 8 Basic stats: COMPLETE Column stats: COMPLETE
        Reducer 5 
            Execution mode: vectorized
            Reduce Operator Tree:
              Group By Operator
                keys: KEY._col0 (type: bigint)
                mode: mergepartial
                outputColumnNames: _col0
                Statistics: Num rows: 1 Data size: 8 Basic stats: COMPLETE Column stats: COMPLETE
                File Output Operator
                  compressed: false
                  Statistics: Num rows: 1 Data size: 8 Basic stats: COMPLETE Column stats: COMPLETE
                  table:
                      input format: org.apache.hadoop.mapred.SequenceFileInputFormat
                      output format: org.apache.hadoop.hive.ql.io.HiveSequenceFileOutputFormat
                      serde: org.apache.hadoop.hive.serde2.lazy.LazySimpleSerDe
        Reducer 8 
            Execution mode: vectorized
            Reduce Operator Tree:
              Group By Operator
                aggregations: count(VALUE._col0)
                mode: mergepartial
                outputColumnNames: _col0
                Statistics: Num rows: 1 Data size: 8 Basic stats: COMPLETE Column stats: COMPLETE
                Group By Operator
                  keys: _col0 (type: bigint)
                  minReductionHashAggr: 0.5
                  mode: hash
                  outputColumnNames: _col0
                  Statistics: Num rows: 1 Data size: 8 Basic stats: COMPLETE Column stats: COMPLETE
                  Reduce Output Operator
                    key expressions: _col0 (type: bigint)
                    null sort order: z
                    sort order: +
                    Map-reduce partition columns: _col0 (type: bigint)
                    Statistics: Num rows: 1 Data size: 8 Basic stats: COMPLETE Column stats: COMPLETE
        Union 4 
            Vertex: Union 4

  Stage: Stage-0
    Fetch Operator
      limit: -1
      Processor Tree:
        ListSink

PREHOOK: query: SELECT COUNT(*)
FROM src1 x JOIN srcpart z ON (x.key = z.key)
JOIN src y ON (y.key = x.key)
UNION
SELECT COUNT(*)
FROM src1 x JOIN srcpart z ON (x.value = z.value)
JOIN src y ON (y.value = x.value)
PREHOOK: type: QUERY
PREHOOK: Input: default@src
PREHOOK: Input: default@src1
PREHOOK: Input: default@srcpart
PREHOOK: Input: default@srcpart@ds=2008-04-08/hr=11
PREHOOK: Input: default@srcpart@ds=2008-04-08/hr=12
PREHOOK: Input: default@srcpart@ds=2008-04-09/hr=11
PREHOOK: Input: default@srcpart@ds=2008-04-09/hr=12
PREHOOK: Output: hdfs://### HDFS PATH ###
POSTHOOK: query: SELECT COUNT(*)
FROM src1 x JOIN srcpart z ON (x.key = z.key)
JOIN src y ON (y.key = x.key)
UNION
SELECT COUNT(*)
FROM src1 x JOIN srcpart z ON (x.value = z.value)
JOIN src y ON (y.value = x.value)
POSTHOOK: type: QUERY
POSTHOOK: Input: default@src
POSTHOOK: Input: default@src1
POSTHOOK: Input: default@srcpart
POSTHOOK: Input: default@srcpart@ds=2008-04-08/hr=11
POSTHOOK: Input: default@srcpart@ds=2008-04-08/hr=12
POSTHOOK: Input: default@srcpart@ds=2008-04-09/hr=11
POSTHOOK: Input: default@srcpart@ds=2008-04-09/hr=12
POSTHOOK: Output: hdfs://### HDFS PATH ###
428
452
PREHOOK: query: SELECT 'A chain of 2 sets of 3-way mapjoin under the same task'
PREHOOK: type: QUERY
PREHOOK: Input: _dummy_database@_dummy_table
PREHOOK: Output: hdfs://### HDFS PATH ###
POSTHOOK: query: SELECT 'A chain of 2 sets of 3-way mapjoin under the same task'
POSTHOOK: type: QUERY
POSTHOOK: Input: _dummy_database@_dummy_table
POSTHOOK: Output: hdfs://### HDFS PATH ###
A chain of 2 sets of 3-way mapjoin under the same task
PREHOOK: query: EXPLAIN
SELECT COUNT(*)
FROM src1 x
JOIN srcpart z1 ON (x.key = z1.key)
JOIN src y1     ON (x.key = y1.key)
JOIN srcpart z2 ON (x.value = z2.value)
JOIN src y2     ON (x.value = y2.value)
WHERE z1.key < 'zzzzzzzz' AND z2.key < 'zzzzzzzzzz'
 AND y1.value < 'zzzzzzzz' AND y2.value < 'zzzzzzzzzz'
PREHOOK: type: QUERY
PREHOOK: Input: default@src
PREHOOK: Input: default@src1
PREHOOK: Input: default@srcpart
PREHOOK: Input: default@srcpart@ds=2008-04-08/hr=11
PREHOOK: Input: default@srcpart@ds=2008-04-08/hr=12
PREHOOK: Input: default@srcpart@ds=2008-04-09/hr=11
PREHOOK: Input: default@srcpart@ds=2008-04-09/hr=12
PREHOOK: Output: hdfs://### HDFS PATH ###
POSTHOOK: query: EXPLAIN
SELECT COUNT(*)
FROM src1 x
JOIN srcpart z1 ON (x.key = z1.key)
JOIN src y1     ON (x.key = y1.key)
JOIN srcpart z2 ON (x.value = z2.value)
JOIN src y2     ON (x.value = y2.value)
WHERE z1.key < 'zzzzzzzz' AND z2.key < 'zzzzzzzzzz'
 AND y1.value < 'zzzzzzzz' AND y2.value < 'zzzzzzzzzz'
POSTHOOK: type: QUERY
POSTHOOK: Input: default@src
POSTHOOK: Input: default@src1
POSTHOOK: Input: default@srcpart
POSTHOOK: Input: default@srcpart@ds=2008-04-08/hr=11
POSTHOOK: Input: default@srcpart@ds=2008-04-08/hr=12
POSTHOOK: Input: default@srcpart@ds=2008-04-09/hr=11
POSTHOOK: Input: default@srcpart@ds=2008-04-09/hr=12
POSTHOOK: Output: hdfs://### HDFS PATH ###
STAGE DEPENDENCIES:
  Stage-1 is a root stage
  Stage-0 depends on stages: Stage-1

STAGE PLANS:
  Stage: Stage-1
    Tez
#### A masked pattern was here ####
      Edges:
        Map 2 <- Map 1 (BROADCAST_EDGE), Map 4 (BROADCAST_EDGE), Map 6 (BROADCAST_EDGE), Reducer 5 (BROADCAST_EDGE)
        Reducer 3 <- Map 2 (CUSTOM_SIMPLE_EDGE)
        Reducer 5 <- Map 4 (SIMPLE_EDGE)
#### A masked pattern was here ####
      Vertices:
        Map 1 
            Map Operator Tree:
                TableScan
                  alias: x
                  filterExpr: ((value < 'zzzzzzzzzz') and (key < 'zzzzzzzz')) (type: boolean)
                  Statistics: Num rows: 25 Data size: 4375 Basic stats: COMPLETE Column stats: COMPLETE
                  Filter Operator
                    predicate: ((value < 'zzzzzzzzzz') and (key < 'zzzzzzzz')) (type: boolean)
                    Statistics: Num rows: 2 Data size: 350 Basic stats: COMPLETE Column stats: COMPLETE
                    Reduce Output Operator
                      key expressions: key (type: string)
                      null sort order: z
                      sort order: +
                      Map-reduce partition columns: key (type: string)
                      Statistics: Num rows: 2 Data size: 350 Basic stats: COMPLETE Column stats: COMPLETE
                      value expressions: value (type: string)
            Execution mode: vectorized
        Map 2 
            Map Operator Tree:
                TableScan
                  alias: z1
                  filterExpr: (key < 'zzzzzzzz') (type: boolean)
                  Statistics: Num rows: 2000 Data size: 174000 Basic stats: COMPLETE Column stats: COMPLETE
                  Filter Operator
                    predicate: (key < 'zzzzzzzz') (type: boolean)
                    Statistics: Num rows: 666 Data size: 57942 Basic stats: COMPLETE Column stats: COMPLETE
                    Map Join Operator
                      condition map:
                           Inner Join 0 to 1
                      keys:
                        0 key (type: string)
                        1 key (type: string)
                      outputColumnNames: _col0, _col1
                      input vertices:
                        0 Map 1
                      Statistics: Num rows: 12 Data size: 2100 Basic stats: COMPLETE Column stats: COMPLETE
                      Map Join Operator
                        condition map:
                             Inner Join 0 to 1
                        keys:
                          0 _col0 (type: string)
                          1 key (type: string)
                        outputColumnNames: _col1
                        input vertices:
                          1 Reducer 5
                        Statistics: Num rows: 12 Data size: 1068 Basic stats: COMPLETE Column stats: COMPLETE
                        Map Join Operator
                          condition map:
                               Inner Join 0 to 1
                          keys:
                            0 _col1 (type: string)
                            1 value (type: string)
                          outputColumnNames: _col1
                          input vertices:
                            1 Map 6
                          Statistics: Num rows: 76 Data size: 6764 Basic stats: COMPLETE Column stats: COMPLETE
                          Map Join Operator
                            condition map:
                                 Inner Join 0 to 1
                            keys:
                              0 _col1 (type: string)
                              1 value (type: string)
                            input vertices:
                              1 Map 4
                            Statistics: Num rows: 123 Data size: 984 Basic stats: COMPLETE Column stats: COMPLETE
                            Group By Operator
                              aggregations: count()
                              minReductionHashAggr: 0.99
                              mode: hash
                              outputColumnNames: _col0
                              Statistics: Num rows: 1 Data size: 8 Basic stats: COMPLETE Column stats: COMPLETE
                              Reduce Output Operator
                                null sort order: 
                                sort order: 
                                Statistics: Num rows: 1 Data size: 8 Basic stats: COMPLETE Column stats: COMPLETE
                                value expressions: _col0 (type: bigint)
            Execution mode: vectorized
        Map 4 
            Map Operator Tree:
                TableScan
                  alias: y1
                  filterExpr: ((key is not null and (value < 'zzzzzzzz')) or (value < 'zzzzzzzzzz')) (type: boolean)
                  Statistics: Num rows: 500 Data size: 89000 Basic stats: COMPLETE Column stats: COMPLETE
                  Filter Operator
                    predicate: (key is not null and (value < 'zzzzzzzz')) (type: boolean)
                    Statistics: Num rows: 166 Data size: 29548 Basic stats: COMPLETE Column stats: COMPLETE
                    Reduce Output Operator
                      key expressions: key (type: string)
                      null sort order: z
                      sort order: +
                      Map-reduce partition columns: key (type: string)
                      Statistics: Num rows: 166 Data size: 29548 Basic stats: COMPLETE Column stats: COMPLETE
                  Filter Operator
                    predicate: (value < 'zzzzzzzzzz') (type: boolean)
                    Statistics: Num rows: 166 Data size: 15106 Basic stats: COMPLETE Column stats: COMPLETE
                    Reduce Output Operator
                      key expressions: value (type: string)
                      null sort order: z
                      sort order: +
                      Map-reduce partition columns: value (type: string)
                      Statistics: Num rows: 166 Data size: 15106 Basic stats: COMPLETE Column stats: COMPLETE
            Execution mode: vectorized
        Map 6 
            Map Operator Tree:
                TableScan
                  alias: z2
                  filterExpr: ((key < 'zzzzzzzzzz') and (value < 'zzzzzzzzzz')) (type: boolean)
                  Statistics: Num rows: 2000 Data size: 356000 Basic stats: COMPLETE Column stats: COMPLETE
                  Filter Operator
                    predicate: ((key < 'zzzzzzzzzz') and (value < 'zzzzzzzzzz')) (type: boolean)
                    Statistics: Num rows: 222 Data size: 39516 Basic stats: COMPLETE Column stats: COMPLETE
                    Reduce Output Operator
                      key expressions: value (type: string)
                      null sort order: z
                      sort order: +
                      Map-reduce partition columns: value (type: string)
                      Statistics: Num rows: 222 Data size: 39516 Basic stats: COMPLETE Column stats: COMPLETE
            Execution mode: vectorized
        Reducer 3 
            Execution mode: vectorized
            Reduce Operator Tree:
              Group By Operator
                aggregations: count(VALUE._col0)
                mode: mergepartial
                outputColumnNames: _col0
                Statistics: Num rows: 1 Data size: 8 Basic stats: COMPLETE Column stats: COMPLETE
                File Output Operator
                  compressed: false
                  Statistics: Num rows: 1 Data size: 8 Basic stats: COMPLETE Column stats: COMPLETE
                  table:
                      input format: org.apache.hadoop.mapred.SequenceFileInputFormat
                      output format: org.apache.hadoop.hive.ql.io.HiveSequenceFileOutputFormat
                      serde: org.apache.hadoop.hive.serde2.lazy.LazySimpleSerDe
        Reducer 5 
            Execution mode: vectorized
            Reduce Operator Tree:
              Select Operator
                expressions: KEY.reducesinkkey0 (type: string)
                outputColumnNames: key
                Reduce Output Operator
                  key expressions: key (type: string)
                  null sort order: z
                  sort order: +
                  Map-reduce partition columns: key (type: string)
                  Statistics: Num rows: 166 Data size: 29548 Basic stats: COMPLETE Column stats: COMPLETE

  Stage: Stage-0
    Fetch Operator
      limit: -1
      Processor Tree:
        ListSink

PREHOOK: query: SELECT COUNT(*)
FROM src1 x
JOIN srcpart z1 ON (x.key = z1.key)
JOIN src y1     ON (x.key = y1.key)
JOIN srcpart z2 ON (x.value = z2.value)
JOIN src y2     ON (x.value = y2.value)
WHERE z1.key < 'zzzzzzzz' AND z2.key < 'zzzzzzzzzz'
 AND y1.value < 'zzzzzzzz' AND y2.value < 'zzzzzzzzzz'
PREHOOK: type: QUERY
PREHOOK: Input: default@src
PREHOOK: Input: default@src1
PREHOOK: Input: default@srcpart
PREHOOK: Input: default@srcpart@ds=2008-04-08/hr=11
PREHOOK: Input: default@srcpart@ds=2008-04-08/hr=12
PREHOOK: Input: default@srcpart@ds=2008-04-09/hr=11
PREHOOK: Input: default@srcpart@ds=2008-04-09/hr=12
PREHOOK: Output: hdfs://### HDFS PATH ###
POSTHOOK: query: SELECT COUNT(*)
FROM src1 x
JOIN srcpart z1 ON (x.key = z1.key)
JOIN src y1     ON (x.key = y1.key)
JOIN srcpart z2 ON (x.value = z2.value)
JOIN src y2     ON (x.value = y2.value)
WHERE z1.key < 'zzzzzzzz' AND z2.key < 'zzzzzzzzzz'
 AND y1.value < 'zzzzzzzz' AND y2.value < 'zzzzzzzzzz'
POSTHOOK: type: QUERY
POSTHOOK: Input: default@src
POSTHOOK: Input: default@src1
POSTHOOK: Input: default@srcpart
POSTHOOK: Input: default@srcpart@ds=2008-04-08/hr=11
POSTHOOK: Input: default@srcpart@ds=2008-04-08/hr=12
POSTHOOK: Input: default@srcpart@ds=2008-04-09/hr=11
POSTHOOK: Input: default@srcpart@ds=2008-04-09/hr=12
POSTHOOK: Output: hdfs://### HDFS PATH ###
18256
PREHOOK: query: EXPLAIN
SELECT COUNT(*)
FROM src1 x
JOIN srcpart z1 ON (x.key = z1.key)
JOIN src y1     ON (x.key = y1.key)
JOIN srcpart z2 ON (x.value = z2.value)
JOIN src y2     ON (x.value = y2.value)
WHERE z1.key < 'zzzzzzzz' AND z2.key < 'zzzzzzzzzz'
 AND y1.value < 'zzzzzzzz' AND y2.value < 'zzzzzzzzzz'
PREHOOK: type: QUERY
PREHOOK: Input: default@src
PREHOOK: Input: default@src1
PREHOOK: Input: default@srcpart
PREHOOK: Input: default@srcpart@ds=2008-04-08/hr=11
PREHOOK: Input: default@srcpart@ds=2008-04-08/hr=12
PREHOOK: Input: default@srcpart@ds=2008-04-09/hr=11
PREHOOK: Input: default@srcpart@ds=2008-04-09/hr=12
PREHOOK: Output: hdfs://### HDFS PATH ###
POSTHOOK: query: EXPLAIN
SELECT COUNT(*)
FROM src1 x
JOIN srcpart z1 ON (x.key = z1.key)
JOIN src y1     ON (x.key = y1.key)
JOIN srcpart z2 ON (x.value = z2.value)
JOIN src y2     ON (x.value = y2.value)
WHERE z1.key < 'zzzzzzzz' AND z2.key < 'zzzzzzzzzz'
 AND y1.value < 'zzzzzzzz' AND y2.value < 'zzzzzzzzzz'
POSTHOOK: type: QUERY
POSTHOOK: Input: default@src
POSTHOOK: Input: default@src1
POSTHOOK: Input: default@srcpart
POSTHOOK: Input: default@srcpart@ds=2008-04-08/hr=11
POSTHOOK: Input: default@srcpart@ds=2008-04-08/hr=12
POSTHOOK: Input: default@srcpart@ds=2008-04-09/hr=11
POSTHOOK: Input: default@srcpart@ds=2008-04-09/hr=12
POSTHOOK: Output: hdfs://### HDFS PATH ###
STAGE DEPENDENCIES:
  Stage-1 is a root stage
  Stage-0 depends on stages: Stage-1

STAGE PLANS:
  Stage: Stage-1
    Tez
#### A masked pattern was here ####
      Edges:
        Map 2 <- Map 1 (BROADCAST_EDGE), Map 4 (BROADCAST_EDGE), Map 6 (BROADCAST_EDGE), Reducer 5 (BROADCAST_EDGE)
        Reducer 3 <- Map 2 (CUSTOM_SIMPLE_EDGE)
        Reducer 5 <- Map 4 (SIMPLE_EDGE)
#### A masked pattern was here ####
      Vertices:
        Map 1 
            Map Operator Tree:
                TableScan
                  alias: x
                  filterExpr: ((value < 'zzzzzzzzzz') and (key < 'zzzzzzzz')) (type: boolean)
                  Statistics: Num rows: 25 Data size: 4375 Basic stats: COMPLETE Column stats: COMPLETE
                  Filter Operator
                    predicate: ((value < 'zzzzzzzzzz') and (key < 'zzzzzzzz')) (type: boolean)
                    Statistics: Num rows: 2 Data size: 350 Basic stats: COMPLETE Column stats: COMPLETE
                    Reduce Output Operator
                      key expressions: key (type: string)
                      null sort order: z
                      sort order: +
                      Map-reduce partition columns: key (type: string)
                      Statistics: Num rows: 2 Data size: 350 Basic stats: COMPLETE Column stats: COMPLETE
                      value expressions: value (type: string)
            Execution mode: vectorized
        Map 2 
            Map Operator Tree:
                TableScan
                  alias: z1
                  filterExpr: (key < 'zzzzzzzz') (type: boolean)
                  Statistics: Num rows: 2000 Data size: 174000 Basic stats: COMPLETE Column stats: COMPLETE
                  Filter Operator
                    predicate: (key < 'zzzzzzzz') (type: boolean)
                    Statistics: Num rows: 666 Data size: 57942 Basic stats: COMPLETE Column stats: COMPLETE
                    Map Join Operator
                      condition map:
                           Inner Join 0 to 1
                      keys:
                        0 key (type: string)
                        1 key (type: string)
                      outputColumnNames: _col0, _col1
                      input vertices:
                        0 Map 1
                      Statistics: Num rows: 12 Data size: 2100 Basic stats: COMPLETE Column stats: COMPLETE
                      HybridGraceHashJoin: true
                      Map Join Operator
                        condition map:
                             Inner Join 0 to 1
                        keys:
                          0 _col0 (type: string)
                          1 key (type: string)
                        outputColumnNames: _col1
                        input vertices:
                          1 Reducer 5
                        Statistics: Num rows: 12 Data size: 1068 Basic stats: COMPLETE Column stats: COMPLETE
                        HybridGraceHashJoin: true
                        Map Join Operator
                          condition map:
                               Inner Join 0 to 1
                          keys:
                            0 _col1 (type: string)
                            1 value (type: string)
                          outputColumnNames: _col1
                          input vertices:
                            1 Map 6
                          Statistics: Num rows: 76 Data size: 6764 Basic stats: COMPLETE Column stats: COMPLETE
                          HybridGraceHashJoin: true
                          Map Join Operator
                            condition map:
                                 Inner Join 0 to 1
                            keys:
                              0 _col1 (type: string)
                              1 value (type: string)
                            input vertices:
                              1 Map 4
                            Statistics: Num rows: 123 Data size: 984 Basic stats: COMPLETE Column stats: COMPLETE
                            HybridGraceHashJoin: true
                            Group By Operator
                              aggregations: count()
                              minReductionHashAggr: 0.99
                              mode: hash
                              outputColumnNames: _col0
                              Statistics: Num rows: 1 Data size: 8 Basic stats: COMPLETE Column stats: COMPLETE
                              Reduce Output Operator
                                null sort order: 
                                sort order: 
                                Statistics: Num rows: 1 Data size: 8 Basic stats: COMPLETE Column stats: COMPLETE
                                value expressions: _col0 (type: bigint)
            Execution mode: vectorized
        Map 4 
            Map Operator Tree:
                TableScan
                  alias: y1
                  filterExpr: ((key is not null and (value < 'zzzzzzzz')) or (value < 'zzzzzzzzzz')) (type: boolean)
                  Statistics: Num rows: 500 Data size: 89000 Basic stats: COMPLETE Column stats: COMPLETE
                  Filter Operator
                    predicate: (key is not null and (value < 'zzzzzzzz')) (type: boolean)
                    Statistics: Num rows: 166 Data size: 29548 Basic stats: COMPLETE Column stats: COMPLETE
                    Reduce Output Operator
                      key expressions: key (type: string)
                      null sort order: z
                      sort order: +
                      Map-reduce partition columns: key (type: string)
                      Statistics: Num rows: 166 Data size: 29548 Basic stats: COMPLETE Column stats: COMPLETE
                  Filter Operator
                    predicate: (value < 'zzzzzzzzzz') (type: boolean)
                    Statistics: Num rows: 166 Data size: 15106 Basic stats: COMPLETE Column stats: COMPLETE
                    Reduce Output Operator
                      key expressions: value (type: string)
                      null sort order: z
                      sort order: +
                      Map-reduce partition columns: value (type: string)
                      Statistics: Num rows: 166 Data size: 15106 Basic stats: COMPLETE Column stats: COMPLETE
            Execution mode: vectorized
        Map 6 
            Map Operator Tree:
                TableScan
                  alias: z2
                  filterExpr: ((key < 'zzzzzzzzzz') and (value < 'zzzzzzzzzz')) (type: boolean)
                  Statistics: Num rows: 2000 Data size: 356000 Basic stats: COMPLETE Column stats: COMPLETE
                  Filter Operator
                    predicate: ((key < 'zzzzzzzzzz') and (value < 'zzzzzzzzzz')) (type: boolean)
                    Statistics: Num rows: 222 Data size: 39516 Basic stats: COMPLETE Column stats: COMPLETE
                    Reduce Output Operator
                      key expressions: value (type: string)
                      null sort order: z
                      sort order: +
                      Map-reduce partition columns: value (type: string)
                      Statistics: Num rows: 222 Data size: 39516 Basic stats: COMPLETE Column stats: COMPLETE
            Execution mode: vectorized
        Reducer 3 
            Execution mode: vectorized
            Reduce Operator Tree:
              Group By Operator
                aggregations: count(VALUE._col0)
                mode: mergepartial
                outputColumnNames: _col0
                Statistics: Num rows: 1 Data size: 8 Basic stats: COMPLETE Column stats: COMPLETE
                File Output Operator
                  compressed: false
                  Statistics: Num rows: 1 Data size: 8 Basic stats: COMPLETE Column stats: COMPLETE
                  table:
                      input format: org.apache.hadoop.mapred.SequenceFileInputFormat
                      output format: org.apache.hadoop.hive.ql.io.HiveSequenceFileOutputFormat
                      serde: org.apache.hadoop.hive.serde2.lazy.LazySimpleSerDe
        Reducer 5 
            Execution mode: vectorized
            Reduce Operator Tree:
              Select Operator
                expressions: KEY.reducesinkkey0 (type: string)
                outputColumnNames: key
                Reduce Output Operator
                  key expressions: key (type: string)
                  null sort order: z
                  sort order: +
                  Map-reduce partition columns: key (type: string)
                  Statistics: Num rows: 166 Data size: 29548 Basic stats: COMPLETE Column stats: COMPLETE

  Stage: Stage-0
    Fetch Operator
      limit: -1
      Processor Tree:
        ListSink

PREHOOK: query: SELECT COUNT(*)
FROM src1 x
JOIN srcpart z1 ON (x.key = z1.key)
JOIN src y1     ON (x.key = y1.key)
JOIN srcpart z2 ON (x.value = z2.value)
JOIN src y2     ON (x.value = y2.value)
WHERE z1.key < 'zzzzzzzz' AND z2.key < 'zzzzzzzzzz'
 AND y1.value < 'zzzzzzzz' AND y2.value < 'zzzzzzzzzz'
PREHOOK: type: QUERY
PREHOOK: Input: default@src
PREHOOK: Input: default@src1
PREHOOK: Input: default@srcpart
PREHOOK: Input: default@srcpart@ds=2008-04-08/hr=11
PREHOOK: Input: default@srcpart@ds=2008-04-08/hr=12
PREHOOK: Input: default@srcpart@ds=2008-04-09/hr=11
PREHOOK: Input: default@srcpart@ds=2008-04-09/hr=12
PREHOOK: Output: hdfs://### HDFS PATH ###
POSTHOOK: query: SELECT COUNT(*)
FROM src1 x
JOIN srcpart z1 ON (x.key = z1.key)
JOIN src y1     ON (x.key = y1.key)
JOIN srcpart z2 ON (x.value = z2.value)
JOIN src y2     ON (x.value = y2.value)
WHERE z1.key < 'zzzzzzzz' AND z2.key < 'zzzzzzzzzz'
 AND y1.value < 'zzzzzzzz' AND y2.value < 'zzzzzzzzzz'
POSTHOOK: type: QUERY
POSTHOOK: Input: default@src
POSTHOOK: Input: default@src1
POSTHOOK: Input: default@srcpart
POSTHOOK: Input: default@srcpart@ds=2008-04-08/hr=11
POSTHOOK: Input: default@srcpart@ds=2008-04-08/hr=12
POSTHOOK: Input: default@srcpart@ds=2008-04-09/hr=11
POSTHOOK: Input: default@srcpart@ds=2008-04-09/hr=12
POSTHOOK: Output: hdfs://### HDFS PATH ###
18256
