PREHOOK: query: -- SORT_QUERY_RESULTS

--1. test1
explain
select p_mfgr, p_name, p_size,
rank() over (partition by p_mfgr order by p_name) as r,
dense_rank() over (partition by p_mfgr order by p_name) as dr,
sum(p_retailprice) over (partition by p_mfgr order by p_name rows between unbounded preceding and current row) as s1
from noopstreaming(on part 
  partition by p_mfgr
  order by p_name
  )
PREHOOK: type: QUERY
POSTHOOK: query: -- SORT_QUERY_RESULTS

--1. test1
explain
select p_mfgr, p_name, p_size,
rank() over (partition by p_mfgr order by p_name) as r,
dense_rank() over (partition by p_mfgr order by p_name) as dr,
sum(p_retailprice) over (partition by p_mfgr order by p_name rows between unbounded preceding and current row) as s1
from noopstreaming(on part 
  partition by p_mfgr
  order by p_name
  )
POSTHOOK: type: QUERY
STAGE DEPENDENCIES:
  Stage-1 is a root stage
  Stage-0 depends on stages: Stage-1

STAGE PLANS:
  Stage: Stage-1
    Tez
      Edges:
        Reducer 2 <- Map 1 (SIMPLE_EDGE)
        Reducer 3 <- Reducer 2 (SIMPLE_EDGE)
#### A masked pattern was here ####
      Vertices:
        Map 1 
            Map Operator Tree:
                TableScan
                  alias: part
                  Statistics: Num rows: 26 Data size: 3147 Basic stats: COMPLETE Column stats: NONE
                  Reduce Output Operator
                    key expressions: p_mfgr (type: string), p_name (type: string)
                    sort order: ++
                    Map-reduce partition columns: p_mfgr (type: string)
                    Statistics: Num rows: 26 Data size: 3147 Basic stats: COMPLETE Column stats: NONE
                    value expressions: p_size (type: int), p_retailprice (type: double)
        Reducer 2 
            Reduce Operator Tree:
              Select Operator
                expressions: KEY.reducesinkkey1 (type: string), KEY.reducesinkkey0 (type: string), VALUE._col3 (type: int), VALUE._col5 (type: double)
                outputColumnNames: _col1, _col2, _col5, _col7
                Statistics: Num rows: 26 Data size: 3147 Basic stats: COMPLETE Column stats: NONE
                PTF Operator
                  Function definitions:
                      Input definition
                        input alias: part
                        output shape: _col1: string, _col2: string, _col5: int, _col7: double
                        type: TABLE
                      Partition table definition
                        input alias: ptf_1
                        name: noopstreaming
                        order by: _col1
                        output shape: _col1: string, _col2: string, _col5: int, _col7: double
                        partition by: _col2
                        raw input shape:
                  Statistics: Num rows: 26 Data size: 3147 Basic stats: COMPLETE Column stats: NONE
                  Reduce Output Operator
                    key expressions: _col2 (type: string), _col1 (type: string)
                    sort order: ++
                    Map-reduce partition columns: _col2 (type: string)
                    Statistics: Num rows: 26 Data size: 3147 Basic stats: COMPLETE Column stats: NONE
                    value expressions: _col5 (type: int), _col7 (type: double)
        Reducer 3 
            Reduce Operator Tree:
              Select Operator
                expressions: KEY.reducesinkkey1 (type: string), KEY.reducesinkkey0 (type: string), VALUE._col3 (type: int), VALUE._col5 (type: double)
                outputColumnNames: _col1, _col2, _col5, _col7
                Statistics: Num rows: 26 Data size: 3147 Basic stats: COMPLETE Column stats: NONE
                PTF Operator
                  Function definitions:
                      Input definition
                        input alias: ptf_0
                        output shape: _col1: string, _col2: string, _col5: int, _col7: double
                        type: WINDOWING
                      Windowing table definition
                        input alias: ptf_1
                        name: windowingtablefunction
                        order by: _col1
                        partition by: _col2
                        raw input shape:
                        window functions:
                            window function definition
                              alias: rank_window_0
                              arguments: _col1
                              name: rank
                              window function: GenericUDAFRankEvaluator
                              window frame: PRECEDING(MAX)~FOLLOWING(MAX)
                              isPivotResult: true
                            window function definition
                              alias: dense_rank_window_1
                              arguments: _col1
                              name: dense_rank
                              window function: GenericUDAFDenseRankEvaluator
                              window frame: PRECEDING(MAX)~FOLLOWING(MAX)
                              isPivotResult: true
                            window function definition
                              alias: sum_window_2
                              arguments: _col7
                              name: sum
                              window function: GenericUDAFSumDouble
                              window frame: PRECEDING(MAX)~
                  Statistics: Num rows: 26 Data size: 3147 Basic stats: COMPLETE Column stats: NONE
                  Select Operator
                    expressions: _col2 (type: string), _col1 (type: string), _col5 (type: int), rank_window_0 (type: int), dense_rank_window_1 (type: int), sum_window_2 (type: double)
                    outputColumnNames: _col0, _col1, _col2, _col3, _col4, _col5
                    Statistics: Num rows: 26 Data size: 3147 Basic stats: COMPLETE Column stats: NONE
                    File Output Operator
                      compressed: false
                      Statistics: Num rows: 26 Data size: 3147 Basic stats: COMPLETE Column stats: NONE
                      table:
                          input format: org.apache.hadoop.mapred.TextInputFormat
                          output format: org.apache.hadoop.hive.ql.io.HiveIgnoreKeyTextOutputFormat
                          serde: org.apache.hadoop.hive.serde2.lazy.LazySimpleSerDe

  Stage: Stage-0
    Fetch Operator
      limit: -1
      Processor Tree:
        ListSink

PREHOOK: query: select p_mfgr, p_name, p_size,
rank() over (partition by p_mfgr order by p_name) as r,
dense_rank() over (partition by p_mfgr order by p_name) as dr,
sum(p_retailprice) over (partition by p_mfgr order by p_name rows between unbounded preceding and current row) as s1
from noopstreaming(on part 
  partition by p_mfgr
  order by p_name
  )
PREHOOK: type: QUERY
PREHOOK: Input: default@part
#### A masked pattern was here ####
POSTHOOK: query: select p_mfgr, p_name, p_size,
rank() over (partition by p_mfgr order by p_name) as r,
dense_rank() over (partition by p_mfgr order by p_name) as dr,
sum(p_retailprice) over (partition by p_mfgr order by p_name rows between unbounded preceding and current row) as s1
from noopstreaming(on part 
  partition by p_mfgr
  order by p_name
  )
POSTHOOK: type: QUERY
POSTHOOK: Input: default@part
#### A masked pattern was here ####
Manufacturer#1	almond antique burnished rose metallic	2	1	1	1173.15
Manufacturer#1	almond antique burnished rose metallic	2	1	1	2346.3
Manufacturer#1	almond antique chartreuse lavender yellow	34	3	2	4100.06
Manufacturer#1	almond antique salmon chartreuse burlywood	6	4	3	5702.650000000001
Manufacturer#1	almond aquamarine burnished black steel	28	5	4	7117.070000000001
Manufacturer#1	almond aquamarine pink moccasin thistle	42	6	5	8749.730000000001
Manufacturer#2	almond antique violet chocolate turquoise	14	1	1	1690.68
Manufacturer#2	almond antique violet turquoise frosted	40	2	2	3491.38
Manufacturer#2	almond aquamarine midnight light salmon	2	3	3	5523.360000000001
Manufacturer#2	almond aquamarine rose maroon antique	25	4	4	7222.02
Manufacturer#2	almond aquamarine sandy cyan gainsboro	18	5	5	8923.62
Manufacturer#3	almond antique chartreuse khaki white	17	1	1	1671.68
Manufacturer#3	almond antique forest lavender goldenrod	14	2	2	2861.95
Manufacturer#3	almond antique metallic orange dim	19	3	3	4272.34
Manufacturer#3	almond antique misty red olive	1	4	4	6195.32
Manufacturer#3	almond antique olive coral navajo	45	5	5	7532.61
Manufacturer#4	almond antique gainsboro frosted violet	10	1	1	1620.67
Manufacturer#4	almond antique violet mint lemon	39	2	2	2996.09
Manufacturer#4	almond aquamarine floral ivory bisque	27	3	3	4202.35
Manufacturer#4	almond aquamarine yellow dodger mint	7	4	4	6047.27
Manufacturer#4	almond azure aquamarine papaya violet	12	5	5	7337.620000000001
Manufacturer#5	almond antique blue firebrick mint	31	1	1	1789.69
Manufacturer#5	almond antique medium spring khaki	6	2	2	3401.3500000000004
Manufacturer#5	almond antique sky peru orange	2	3	3	5190.08
Manufacturer#5	almond aquamarine dodger light gainsboro	46	4	4	6208.18
Manufacturer#5	almond azure blanched chiffon midnight	23	5	5	7672.66
PREHOOK: query: -- 2. testJoinWithNoop
explain
select p_mfgr, p_name,
p_size, p_size - lag(p_size,1,p_size) over (partition by p_mfgr order by p_name) as deltaSz
from noopstreaming (on (select p1.* from part p1 join part p2 on p1.p_partkey = p2.p_partkey) j
distribute by j.p_mfgr
sort by j.p_name)
PREHOOK: type: QUERY
POSTHOOK: query: -- 2. testJoinWithNoop
explain
select p_mfgr, p_name,
p_size, p_size - lag(p_size,1,p_size) over (partition by p_mfgr order by p_name) as deltaSz
from noopstreaming (on (select p1.* from part p1 join part p2 on p1.p_partkey = p2.p_partkey) j
distribute by j.p_mfgr
sort by j.p_name)
POSTHOOK: type: QUERY
STAGE DEPENDENCIES:
  Stage-1 is a root stage
  Stage-0 depends on stages: Stage-1

STAGE PLANS:
  Stage: Stage-1
    Tez
      Edges:
        Reducer 2 <- Map 1 (SIMPLE_EDGE), Map 5 (SIMPLE_EDGE)
        Reducer 3 <- Reducer 2 (SIMPLE_EDGE)
        Reducer 4 <- Reducer 3 (SIMPLE_EDGE)
#### A masked pattern was here ####
      Vertices:
        Map 1 
            Map Operator Tree:
                TableScan
                  alias: p1
                  Statistics: Num rows: 26 Data size: 3147 Basic stats: COMPLETE Column stats: NONE
                  Filter Operator
                    predicate: p_partkey is not null (type: boolean)
                    Statistics: Num rows: 13 Data size: 1573 Basic stats: COMPLETE Column stats: NONE
                    Reduce Output Operator
                      key expressions: p_partkey (type: int)
                      sort order: +
                      Map-reduce partition columns: p_partkey (type: int)
                      Statistics: Num rows: 13 Data size: 1573 Basic stats: COMPLETE Column stats: NONE
                      value expressions: p_name (type: string), p_mfgr (type: string), p_size (type: int)
        Map 5 
            Map Operator Tree:
                TableScan
                  alias: p2
                  Statistics: Num rows: 26 Data size: 3147 Basic stats: COMPLETE Column stats: NONE
                  Filter Operator
                    predicate: p_partkey is not null (type: boolean)
                    Statistics: Num rows: 13 Data size: 1573 Basic stats: COMPLETE Column stats: NONE
                    Reduce Output Operator
                      key expressions: p_partkey (type: int)
                      sort order: +
                      Map-reduce partition columns: p_partkey (type: int)
                      Statistics: Num rows: 13 Data size: 1573 Basic stats: COMPLETE Column stats: NONE
        Reducer 2 
            Reduce Operator Tree:
              Merge Join Operator
                condition map:
                     Inner Join 0 to 1
                keys:
                  0 p_partkey (type: int)
                  1 p_partkey (type: int)
                outputColumnNames: _col1, _col2, _col5
                Statistics: Num rows: 14 Data size: 1730 Basic stats: COMPLETE Column stats: NONE
                Reduce Output Operator
                  key expressions: _col2 (type: string), _col1 (type: string)
                  sort order: ++
                  Map-reduce partition columns: _col2 (type: string)
                  Statistics: Num rows: 14 Data size: 1730 Basic stats: COMPLETE Column stats: NONE
                  value expressions: _col5 (type: int)
        Reducer 3 
            Reduce Operator Tree:
              Select Operator
                expressions: KEY.reducesinkkey1 (type: string), KEY.reducesinkkey0 (type: string), VALUE._col3 (type: int)
                outputColumnNames: _col1, _col2, _col5
                Statistics: Num rows: 14 Data size: 1730 Basic stats: COMPLETE Column stats: NONE
                PTF Operator
                  Function definitions:
                      Input definition
                        input alias: j
                        output shape: _col1: string, _col2: string, _col5: int
                        type: SUBQUERY
                      Partition table definition
                        input alias: ptf_1
                        name: noopstreaming
                        order by: _col1
                        output shape: _col1: string, _col2: string, _col5: int
                        partition by: _col2
                        raw input shape:
                  Statistics: Num rows: 14 Data size: 1730 Basic stats: COMPLETE Column stats: NONE
                  Reduce Output Operator
                    key expressions: _col2 (type: string), _col1 (type: string)
                    sort order: ++
                    Map-reduce partition columns: _col2 (type: string)
                    Statistics: Num rows: 14 Data size: 1730 Basic stats: COMPLETE Column stats: NONE
                    value expressions: _col5 (type: int)
        Reducer 4 
            Reduce Operator Tree:
              Select Operator
                expressions: KEY.reducesinkkey1 (type: string), KEY.reducesinkkey0 (type: string), VALUE._col3 (type: int)
                outputColumnNames: _col1, _col2, _col5
                Statistics: Num rows: 14 Data size: 1730 Basic stats: COMPLETE Column stats: NONE
                PTF Operator
                  Function definitions:
                      Input definition
                        input alias: ptf_0
                        output shape: _col1: string, _col2: string, _col5: int
                        type: WINDOWING
                      Windowing table definition
                        input alias: ptf_1
                        name: windowingtablefunction
                        order by: _col1
                        partition by: _col2
                        raw input shape:
                        window functions:
                            window function definition
                              alias: lag_window_0
                              arguments: _col5, 1, _col5
                              name: lag
                              window function: GenericUDAFLagEvaluator
                              window frame: PRECEDING(MAX)~FOLLOWING(MAX)
                              isPivotResult: true
                  Statistics: Num rows: 14 Data size: 1730 Basic stats: COMPLETE Column stats: NONE
                  Select Operator
                    expressions: _col2 (type: string), _col1 (type: string), _col5 (type: int), (_col5 - lag_window_0) (type: int)
                    outputColumnNames: _col0, _col1, _col2, _col3
                    Statistics: Num rows: 14 Data size: 1730 Basic stats: COMPLETE Column stats: NONE
                    File Output Operator
                      compressed: false
                      Statistics: Num rows: 14 Data size: 1730 Basic stats: COMPLETE Column stats: NONE
                      table:
                          input format: org.apache.hadoop.mapred.TextInputFormat
                          output format: org.apache.hadoop.hive.ql.io.HiveIgnoreKeyTextOutputFormat
                          serde: org.apache.hadoop.hive.serde2.lazy.LazySimpleSerDe

  Stage: Stage-0
    Fetch Operator
      limit: -1
      Processor Tree:
        ListSink

PREHOOK: query: select p_mfgr, p_name,
p_size, p_size - lag(p_size,1,p_size) over (partition by p_mfgr order by p_name) as deltaSz
from noopstreaming (on (select p1.* from part p1 join part p2 on p1.p_partkey = p2.p_partkey) j
distribute by j.p_mfgr
sort by j.p_name)
PREHOOK: type: QUERY
PREHOOK: Input: default@part
#### A masked pattern was here ####
POSTHOOK: query: select p_mfgr, p_name,
p_size, p_size - lag(p_size,1,p_size) over (partition by p_mfgr order by p_name) as deltaSz
from noopstreaming (on (select p1.* from part p1 join part p2 on p1.p_partkey = p2.p_partkey) j
distribute by j.p_mfgr
sort by j.p_name)
POSTHOOK: type: QUERY
POSTHOOK: Input: default@part
#### A masked pattern was here ####
Manufacturer#1	almond antique burnished rose metallic	2	0
Manufacturer#1	almond antique burnished rose metallic	2	0
Manufacturer#1	almond antique burnished rose metallic	2	0
Manufacturer#1	almond antique burnished rose metallic	2	0
Manufacturer#1	almond antique chartreuse lavender yellow	34	32
Manufacturer#1	almond antique salmon chartreuse burlywood	6	-28
Manufacturer#1	almond aquamarine burnished black steel	28	22
Manufacturer#1	almond aquamarine pink moccasin thistle	42	14
Manufacturer#2	almond antique violet chocolate turquoise	14	0
Manufacturer#2	almond antique violet turquoise frosted	40	26
Manufacturer#2	almond aquamarine midnight light salmon	2	-38
Manufacturer#2	almond aquamarine rose maroon antique	25	23
Manufacturer#2	almond aquamarine sandy cyan gainsboro	18	-7
Manufacturer#3	almond antique chartreuse khaki white	17	0
Manufacturer#3	almond antique forest lavender goldenrod	14	-3
Manufacturer#3	almond antique metallic orange dim	19	5
Manufacturer#3	almond antique misty red olive	1	-18
Manufacturer#3	almond antique olive coral navajo	45	44
Manufacturer#4	almond antique gainsboro frosted violet	10	0
Manufacturer#4	almond antique violet mint lemon	39	29
Manufacturer#4	almond aquamarine floral ivory bisque	27	-12
Manufacturer#4	almond aquamarine yellow dodger mint	7	-20
Manufacturer#4	almond azure aquamarine papaya violet	12	5
Manufacturer#5	almond antique blue firebrick mint	31	0
Manufacturer#5	almond antique medium spring khaki	6	-25
Manufacturer#5	almond antique sky peru orange	2	-4
Manufacturer#5	almond aquamarine dodger light gainsboro	46	44
Manufacturer#5	almond azure blanched chiffon midnight	23	-23
PREHOOK: query: -- 7. testJoin
explain 
select abc.* 
from noopstreaming(on part 
partition by p_mfgr 
order by p_name 
) abc join part p1 on abc.p_partkey = p1.p_partkey
PREHOOK: type: QUERY
POSTHOOK: query: -- 7. testJoin
explain 
select abc.* 
from noopstreaming(on part 
partition by p_mfgr 
order by p_name 
) abc join part p1 on abc.p_partkey = p1.p_partkey
POSTHOOK: type: QUERY
STAGE DEPENDENCIES:
  Stage-1 is a root stage
  Stage-0 depends on stages: Stage-1

STAGE PLANS:
  Stage: Stage-1
    Tez
      Edges:
        Reducer 2 <- Map 1 (SIMPLE_EDGE)
        Reducer 3 <- Map 4 (SIMPLE_EDGE), Reducer 2 (SIMPLE_EDGE)
#### A masked pattern was here ####
      Vertices:
        Map 1 
            Map Operator Tree:
                TableScan
                  alias: part
                  Statistics: Num rows: 26 Data size: 3147 Basic stats: COMPLETE Column stats: NONE
                  Reduce Output Operator
                    key expressions: p_mfgr (type: string), p_name (type: string)
                    sort order: ++
                    Map-reduce partition columns: p_mfgr (type: string)
                    Statistics: Num rows: 26 Data size: 3147 Basic stats: COMPLETE Column stats: NONE
                    value expressions: p_partkey (type: int), p_brand (type: string), p_type (type: string), p_size (type: int), p_container (type: string), p_retailprice (type: double), p_comment (type: string)
        Map 4 
            Map Operator Tree:
                TableScan
                  alias: p1
                  Statistics: Num rows: 26 Data size: 3147 Basic stats: COMPLETE Column stats: NONE
                  Filter Operator
                    predicate: p_partkey is not null (type: boolean)
                    Statistics: Num rows: 13 Data size: 1573 Basic stats: COMPLETE Column stats: NONE
                    Reduce Output Operator
                      key expressions: p_partkey (type: int)
                      sort order: +
                      Map-reduce partition columns: p_partkey (type: int)
                      Statistics: Num rows: 13 Data size: 1573 Basic stats: COMPLETE Column stats: NONE
        Reducer 2 
            Reduce Operator Tree:
              Select Operator
                expressions: VALUE._col0 (type: int), KEY.reducesinkkey1 (type: string), KEY.reducesinkkey0 (type: string), VALUE._col1 (type: string), VALUE._col2 (type: string), VALUE._col3 (type: int), VALUE._col4 (type: string), VALUE._col5 (type: double), VALUE._col6 (type: string)
                outputColumnNames: _col0, _col1, _col2, _col3, _col4, _col5, _col6, _col7, _col8
                Statistics: Num rows: 26 Data size: 3147 Basic stats: COMPLETE Column stats: NONE
                PTF Operator
                  Function definitions:
                      Input definition
                        input alias: part
                        output shape: _col0: int, _col1: string, _col2: string, _col3: string, _col4: string, _col5: int, _col6: string, _col7: double, _col8: string
                        type: TABLE
                      Partition table definition
                        input alias: abc
                        name: noopstreaming
                        order by: _col1
                        output shape: _col0: int, _col1: string, _col2: string, _col3: string, _col4: string, _col5: int, _col6: string, _col7: double, _col8: string
                        partition by: _col2
                        raw input shape:
                  Statistics: Num rows: 26 Data size: 3147 Basic stats: COMPLETE Column stats: NONE
                  Filter Operator
                    predicate: _col0 is not null (type: boolean)
                    Statistics: Num rows: 13 Data size: 1573 Basic stats: COMPLETE Column stats: NONE
                    Reduce Output Operator
                      key expressions: _col0 (type: int)
                      sort order: +
                      Map-reduce partition columns: _col0 (type: int)
                      Statistics: Num rows: 13 Data size: 1573 Basic stats: COMPLETE Column stats: NONE
                      value expressions: _col1 (type: string), _col2 (type: string), _col3 (type: string), _col4 (type: string), _col5 (type: int), _col6 (type: string), _col7 (type: double), _col8 (type: string)
        Reducer 3 
            Reduce Operator Tree:
              Merge Join Operator
                condition map:
                     Inner Join 0 to 1
                keys:
                  0 _col0 (type: int)
                  1 p_partkey (type: int)
                outputColumnNames: _col0, _col1, _col2, _col3, _col4, _col5, _col6, _col7, _col8
                Statistics: Num rows: 14 Data size: 1730 Basic stats: COMPLETE Column stats: NONE
                File Output Operator
                  compressed: false
                  Statistics: Num rows: 14 Data size: 1730 Basic stats: COMPLETE Column stats: NONE
                  table:
                      input format: org.apache.hadoop.mapred.TextInputFormat
                      output format: org.apache.hadoop.hive.ql.io.HiveIgnoreKeyTextOutputFormat
                      serde: org.apache.hadoop.hive.serde2.lazy.LazySimpleSerDe

  Stage: Stage-0
    Fetch Operator
      limit: -1
      Processor Tree:
        ListSink

PREHOOK: query: select abc.* 
from noopstreaming(on part 
partition by p_mfgr 
order by p_name 
) abc join part p1 on abc.p_partkey = p1.p_partkey
PREHOOK: type: QUERY
PREHOOK: Input: default@part
#### A masked pattern was here ####
POSTHOOK: query: select abc.* 
from noopstreaming(on part 
partition by p_mfgr 
order by p_name 
) abc join part p1 on abc.p_partkey = p1.p_partkey
POSTHOOK: type: QUERY
POSTHOOK: Input: default@part
#### A masked pattern was here ####
105685	almond antique violet chocolate turquoise	Manufacturer#2	Brand#22	MEDIUM ANODIZED COPPER	14	MED CAN	1690.68	ly pending requ
110592	almond antique salmon chartreuse burlywood	Manufacturer#1	Brand#15	PROMO BURNISHED NICKEL	6	JUMBO PKG	1602.59	 to the furiously
112398	almond antique metallic orange dim	Manufacturer#3	Brand#32	MEDIUM BURNISHED BRASS	19	JUMBO JAR	1410.39	ole car
121152	almond antique burnished rose metallic	Manufacturer#1	Brand#14	PROMO PLATED TIN	2	JUMBO BOX	1173.15	e pinto beans h
121152	almond antique burnished rose metallic	Manufacturer#1	Brand#14	PROMO PLATED TIN	2	JUMBO BOX	1173.15	e pinto beans h
121152	almond antique burnished rose metallic	Manufacturer#1	Brand#14	PROMO PLATED TIN	2	JUMBO BOX	1173.15	e pinto beans h
121152	almond antique burnished rose metallic	Manufacturer#1	Brand#14	PROMO PLATED TIN	2	JUMBO BOX	1173.15	e pinto beans h
132666	almond aquamarine rose maroon antique	Manufacturer#2	Brand#24	SMALL POLISHED NICKEL	25	MED BOX	1698.66	even 
144293	almond antique olive coral navajo	Manufacturer#3	Brand#34	STANDARD POLISHED STEEL	45	JUMBO CAN	1337.29	ag furiously about 
146985	almond aquamarine midnight light salmon	Manufacturer#2	Brand#23	MEDIUM BURNISHED COPPER	2	SM CASE	2031.98	s cajole caref
15103	almond aquamarine dodger light gainsboro	Manufacturer#5	Brand#53	ECONOMY BURNISHED STEEL	46	LG PACK	1018.1	packages hinder carefu
155733	almond antique sky peru orange	Manufacturer#5	Brand#53	SMALL PLATED BRASS	2	WRAP DRUM	1788.73	furiously. bra
17273	almond antique forest lavender goldenrod	Manufacturer#3	Brand#35	PROMO ANODIZED TIN	14	JUMBO CASE	1190.27	along the
17927	almond aquamarine yellow dodger mint	Manufacturer#4	Brand#41	ECONOMY BRUSHED COPPER	7	SM PKG	1844.92	ites. eve
191709	almond antique violet turquoise frosted	Manufacturer#2	Brand#22	ECONOMY POLISHED STEEL	40	MED BOX	1800.7	 haggle
192697	almond antique blue firebrick mint	Manufacturer#5	Brand#52	MEDIUM BURNISHED TIN	31	LG DRUM	1789.69	ickly ir
195606	almond aquamarine sandy cyan gainsboro	Manufacturer#2	Brand#25	STANDARD PLATED TIN	18	SM PKG	1701.6	ic de
33357	almond azure aquamarine papaya violet	Manufacturer#4	Brand#41	STANDARD ANODIZED TIN	12	WRAP CASE	1290.35	reful
40982	almond antique misty red olive	Manufacturer#3	Brand#32	ECONOMY PLATED COPPER	1	LG PKG	1922.98	c foxes can s
42669	almond antique medium spring khaki	Manufacturer#5	Brand#51	STANDARD BURNISHED TIN	6	MED CAN	1611.66	sits haggl
45261	almond aquamarine floral ivory bisque	Manufacturer#4	Brand#42	SMALL PLATED STEEL	27	WRAP CASE	1206.26	careful
48427	almond antique violet mint lemon	Manufacturer#4	Brand#42	PROMO POLISHED STEEL	39	SM CASE	1375.42	hely ironic i
49671	almond antique gainsboro frosted violet	Manufacturer#4	Brand#41	SMALL BRUSHED BRASS	10	SM BOX	1620.67	ccounts run quick
65667	almond aquamarine pink moccasin thistle	Manufacturer#1	Brand#12	LARGE BURNISHED STEEL	42	JUMBO CASE	1632.66	e across the expr
78486	almond azure blanched chiffon midnight	Manufacturer#5	Brand#52	LARGE BRUSHED BRASS	23	MED BAG	1464.48	hely blith
85768	almond antique chartreuse lavender yellow	Manufacturer#1	Brand#12	LARGE BRUSHED STEEL	34	SM BAG	1753.76	refull
86428	almond aquamarine burnished black steel	Manufacturer#1	Brand#12	STANDARD ANODIZED STEEL	28	WRAP BAG	1414.42	arefully 
90681	almond antique chartreuse khaki white	Manufacturer#3	Brand#31	MEDIUM BURNISHED TIN	17	SM CASE	1671.68	are slyly after the sl
PREHOOK: query: -- 9. testNoopWithMap
explain
select p_mfgr, p_name, p_size, 
rank() over (partition by p_mfgr order by p_name, p_size desc) as r
from noopwithmapstreaming(on part
partition by p_mfgr
order by p_name, p_size desc)
PREHOOK: type: QUERY
POSTHOOK: query: -- 9. testNoopWithMap
explain
select p_mfgr, p_name, p_size, 
rank() over (partition by p_mfgr order by p_name, p_size desc) as r
from noopwithmapstreaming(on part
partition by p_mfgr
order by p_name, p_size desc)
POSTHOOK: type: QUERY
STAGE DEPENDENCIES:
  Stage-1 is a root stage
  Stage-0 depends on stages: Stage-1

STAGE PLANS:
  Stage: Stage-1
    Tez
      Edges:
        Reducer 2 <- Map 1 (SIMPLE_EDGE)
        Reducer 3 <- Reducer 2 (SIMPLE_EDGE)
#### A masked pattern was here ####
      Vertices:
        Map 1 
            Map Operator Tree:
                TableScan
                  alias: part
                  Statistics: Num rows: 26 Data size: 3147 Basic stats: COMPLETE Column stats: NONE
                  PTF Operator
                    Function definitions:
                        Input definition
                          input alias: part
                          output shape: p_name: string, p_mfgr: string, p_size: int
                          type: TABLE
                        Partition table definition
                          input alias: ptf_1
                          name: noopwithmapstreaming
                          order by: p_name, p_size(DESC)
                          output shape: p_name: string, p_mfgr: string, p_size: int
                          partition by: p_mfgr
                          raw input shape:
                          transforms raw input: true
                    Statistics: Num rows: 26 Data size: 3147 Basic stats: COMPLETE Column stats: NONE
                    Map-side function: true
                    Reduce Output Operator
                      key expressions: p_mfgr (type: string), p_name (type: string), p_size (type: int)
                      sort order: ++-
                      Map-reduce partition columns: p_mfgr (type: string)
                      Statistics: Num rows: 26 Data size: 3147 Basic stats: COMPLETE Column stats: NONE
        Reducer 2 
            Reduce Operator Tree:
              Select Operator
                expressions: KEY.reducesinkkey1 (type: string), KEY.reducesinkkey0 (type: string), KEY.reducesinkkey2 (type: int)
                outputColumnNames: _col1, _col2, _col5
                Statistics: Num rows: 26 Data size: 3147 Basic stats: COMPLETE Column stats: NONE
                PTF Operator
                  Function definitions:
                      Input definition
                        input alias: part
                        output shape: _col1: string, _col2: string, _col5: int
                        type: TABLE
                      Partition table definition
                        input alias: ptf_1
                        name: noopwithmapstreaming
                        order by: _col1, _col5(DESC)
                        output shape: _col1: string, _col2: string, _col5: int
                        partition by: _col2
                        raw input shape:
                        transforms raw input: true
                  Statistics: Num rows: 26 Data size: 3147 Basic stats: COMPLETE Column stats: NONE
                  Reduce Output Operator
                    key expressions: _col2 (type: string), _col1 (type: string), _col5 (type: int)
                    sort order: ++-
                    Map-reduce partition columns: _col2 (type: string)
                    Statistics: Num rows: 26 Data size: 3147 Basic stats: COMPLETE Column stats: NONE
        Reducer 3 
            Reduce Operator Tree:
              Select Operator
                expressions: KEY.reducesinkkey1 (type: string), KEY.reducesinkkey0 (type: string), KEY.reducesinkkey2 (type: int)
                outputColumnNames: _col1, _col2, _col5
                Statistics: Num rows: 26 Data size: 3147 Basic stats: COMPLETE Column stats: NONE
                PTF Operator
                  Function definitions:
                      Input definition
                        input alias: ptf_0
                        output shape: _col1: string, _col2: string, _col5: int
                        type: WINDOWING
                      Windowing table definition
                        input alias: ptf_1
                        name: windowingtablefunction
                        order by: _col1, _col5(DESC)
                        partition by: _col2
                        raw input shape:
                        window functions:
                            window function definition
                              alias: rank_window_0
                              arguments: _col1, _col5
                              name: rank
                              window function: GenericUDAFRankEvaluator
                              window frame: PRECEDING(MAX)~FOLLOWING(MAX)
                              isPivotResult: true
                  Statistics: Num rows: 26 Data size: 3147 Basic stats: COMPLETE Column stats: NONE
                  Select Operator
                    expressions: _col2 (type: string), _col1 (type: string), _col5 (type: int), rank_window_0 (type: int)
                    outputColumnNames: _col0, _col1, _col2, _col3
                    Statistics: Num rows: 26 Data size: 3147 Basic stats: COMPLETE Column stats: NONE
                    File Output Operator
                      compressed: false
                      Statistics: Num rows: 26 Data size: 3147 Basic stats: COMPLETE Column stats: NONE
                      table:
                          input format: org.apache.hadoop.mapred.TextInputFormat
                          output format: org.apache.hadoop.hive.ql.io.HiveIgnoreKeyTextOutputFormat
                          serde: org.apache.hadoop.hive.serde2.lazy.LazySimpleSerDe

  Stage: Stage-0
    Fetch Operator
      limit: -1
      Processor Tree:
        ListSink

PREHOOK: query: select p_mfgr, p_name, p_size, 
rank() over (partition by p_mfgr order by p_name, p_size desc) as r
from noopwithmapstreaming(on part
partition by p_mfgr
order by p_name, p_size desc)
PREHOOK: type: QUERY
PREHOOK: Input: default@part
#### A masked pattern was here ####
POSTHOOK: query: select p_mfgr, p_name, p_size, 
rank() over (partition by p_mfgr order by p_name, p_size desc) as r
from noopwithmapstreaming(on part
partition by p_mfgr
order by p_name, p_size desc)
POSTHOOK: type: QUERY
POSTHOOK: Input: default@part
#### A masked pattern was here ####
Manufacturer#1	almond antique burnished rose metallic	2	1
Manufacturer#1	almond antique burnished rose metallic	2	1
Manufacturer#1	almond antique chartreuse lavender yellow	34	3
Manufacturer#1	almond antique salmon chartreuse burlywood	6	4
Manufacturer#1	almond aquamarine burnished black steel	28	5
Manufacturer#1	almond aquamarine pink moccasin thistle	42	6
Manufacturer#2	almond antique violet chocolate turquoise	14	1
Manufacturer#2	almond antique violet turquoise frosted	40	2
Manufacturer#2	almond aquamarine midnight light salmon	2	3
Manufacturer#2	almond aquamarine rose maroon antique	25	4
Manufacturer#2	almond aquamarine sandy cyan gainsboro	18	5
Manufacturer#3	almond antique chartreuse khaki white	17	1
Manufacturer#3	almond antique forest lavender goldenrod	14	2
Manufacturer#3	almond antique metallic orange dim	19	3
Manufacturer#3	almond antique misty red olive	1	4
Manufacturer#3	almond antique olive coral navajo	45	5
Manufacturer#4	almond antique gainsboro frosted violet	10	1
Manufacturer#4	almond antique violet mint lemon	39	2
Manufacturer#4	almond aquamarine floral ivory bisque	27	3
Manufacturer#4	almond aquamarine yellow dodger mint	7	4
Manufacturer#4	almond azure aquamarine papaya violet	12	5
Manufacturer#5	almond antique blue firebrick mint	31	1
Manufacturer#5	almond antique medium spring khaki	6	2
Manufacturer#5	almond antique sky peru orange	2	3
Manufacturer#5	almond aquamarine dodger light gainsboro	46	4
Manufacturer#5	almond azure blanched chiffon midnight	23	5
PREHOOK: query: -- 10. testNoopWithMapWithWindowing 
explain
select p_mfgr, p_name, p_size,
rank() over (partition by p_mfgr order by p_name) as r,
dense_rank() over (partition by p_mfgr order by p_name) as dr,
sum(p_retailprice) over (partition by p_mfgr order by p_name rows between unbounded preceding and current row) as s1
from noopwithmapstreaming(on part 
  partition by p_mfgr
  order by p_name)
PREHOOK: type: QUERY
POSTHOOK: query: -- 10. testNoopWithMapWithWindowing 
explain
select p_mfgr, p_name, p_size,
rank() over (partition by p_mfgr order by p_name) as r,
dense_rank() over (partition by p_mfgr order by p_name) as dr,
sum(p_retailprice) over (partition by p_mfgr order by p_name rows between unbounded preceding and current row) as s1
from noopwithmapstreaming(on part 
  partition by p_mfgr
  order by p_name)
POSTHOOK: type: QUERY
STAGE DEPENDENCIES:
  Stage-1 is a root stage
  Stage-0 depends on stages: Stage-1

STAGE PLANS:
  Stage: Stage-1
    Tez
      Edges:
        Reducer 2 <- Map 1 (SIMPLE_EDGE)
        Reducer 3 <- Reducer 2 (SIMPLE_EDGE)
#### A masked pattern was here ####
      Vertices:
        Map 1 
            Map Operator Tree:
                TableScan
                  alias: part
                  Statistics: Num rows: 26 Data size: 3147 Basic stats: COMPLETE Column stats: NONE
                  PTF Operator
                    Function definitions:
                        Input definition
                          input alias: part
                          output shape: p_name: string, p_mfgr: string, p_size: int, p_retailprice: double
                          type: TABLE
                        Partition table definition
                          input alias: ptf_1
                          name: noopwithmapstreaming
                          order by: p_name
                          output shape: p_name: string, p_mfgr: string, p_size: int, p_retailprice: double
                          partition by: p_mfgr
                          raw input shape:
                          transforms raw input: true
                    Statistics: Num rows: 26 Data size: 3147 Basic stats: COMPLETE Column stats: NONE
                    Map-side function: true
                    Reduce Output Operator
                      key expressions: p_mfgr (type: string), p_name (type: string)
                      sort order: ++
                      Map-reduce partition columns: p_mfgr (type: string)
                      Statistics: Num rows: 26 Data size: 3147 Basic stats: COMPLETE Column stats: NONE
                      value expressions: p_size (type: int), p_retailprice (type: double)
        Reducer 2 
            Reduce Operator Tree:
              Select Operator
                expressions: KEY.reducesinkkey1 (type: string), KEY.reducesinkkey0 (type: string), VALUE._col3 (type: int), VALUE._col5 (type: double)
                outputColumnNames: _col1, _col2, _col5, _col7
                Statistics: Num rows: 26 Data size: 3147 Basic stats: COMPLETE Column stats: NONE
                PTF Operator
                  Function definitions:
                      Input definition
                        input alias: part
                        output shape: _col1: string, _col2: string, _col5: int, _col7: double
                        type: TABLE
                      Partition table definition
                        input alias: ptf_1
                        name: noopwithmapstreaming
                        order by: _col1
                        output shape: _col1: string, _col2: string, _col5: int, _col7: double
                        partition by: _col2
                        raw input shape:
                        transforms raw input: true
                  Statistics: Num rows: 26 Data size: 3147 Basic stats: COMPLETE Column stats: NONE
                  Reduce Output Operator
                    key expressions: _col2 (type: string), _col1 (type: string)
                    sort order: ++
                    Map-reduce partition columns: _col2 (type: string)
                    Statistics: Num rows: 26 Data size: 3147 Basic stats: COMPLETE Column stats: NONE
                    value expressions: _col5 (type: int), _col7 (type: double)
        Reducer 3 
            Reduce Operator Tree:
              Select Operator
                expressions: KEY.reducesinkkey1 (type: string), KEY.reducesinkkey0 (type: string), VALUE._col3 (type: int), VALUE._col5 (type: double)
                outputColumnNames: _col1, _col2, _col5, _col7
                Statistics: Num rows: 26 Data size: 3147 Basic stats: COMPLETE Column stats: NONE
                PTF Operator
                  Function definitions:
                      Input definition
                        input alias: ptf_0
                        output shape: _col1: string, _col2: string, _col5: int, _col7: double
                        type: WINDOWING
                      Windowing table definition
                        input alias: ptf_1
                        name: windowingtablefunction
                        order by: _col1
                        partition by: _col2
                        raw input shape:
                        window functions:
                            window function definition
                              alias: rank_window_0
                              arguments: _col1
                              name: rank
                              window function: GenericUDAFRankEvaluator
                              window frame: PRECEDING(MAX)~FOLLOWING(MAX)
                              isPivotResult: true
                            window function definition
                              alias: dense_rank_window_1
                              arguments: _col1
                              name: dense_rank
                              window function: GenericUDAFDenseRankEvaluator
                              window frame: PRECEDING(MAX)~FOLLOWING(MAX)
                              isPivotResult: true
                            window function definition
                              alias: sum_window_2
                              arguments: _col7
                              name: sum
                              window function: GenericUDAFSumDouble
                              window frame: PRECEDING(MAX)~
                  Statistics: Num rows: 26 Data size: 3147 Basic stats: COMPLETE Column stats: NONE
                  Select Operator
                    expressions: _col2 (type: string), _col1 (type: string), _col5 (type: int), rank_window_0 (type: int), dense_rank_window_1 (type: int), sum_window_2 (type: double)
                    outputColumnNames: _col0, _col1, _col2, _col3, _col4, _col5
                    Statistics: Num rows: 26 Data size: 3147 Basic stats: COMPLETE Column stats: NONE
                    File Output Operator
                      compressed: false
                      Statistics: Num rows: 26 Data size: 3147 Basic stats: COMPLETE Column stats: NONE
                      table:
                          input format: org.apache.hadoop.mapred.TextInputFormat
                          output format: org.apache.hadoop.hive.ql.io.HiveIgnoreKeyTextOutputFormat
                          serde: org.apache.hadoop.hive.serde2.lazy.LazySimpleSerDe

  Stage: Stage-0
    Fetch Operator
      limit: -1
      Processor Tree:
        ListSink

PREHOOK: query: select p_mfgr, p_name, p_size,
rank() over (partition by p_mfgr order by p_name) as r,
dense_rank() over (partition by p_mfgr order by p_name) as dr,
sum(p_retailprice) over (partition by p_mfgr order by p_name rows between unbounded preceding and current row) as s1
from noopwithmapstreaming(on part 
  partition by p_mfgr
  order by p_name)
PREHOOK: type: QUERY
PREHOOK: Input: default@part
#### A masked pattern was here ####
POSTHOOK: query: select p_mfgr, p_name, p_size,
rank() over (partition by p_mfgr order by p_name) as r,
dense_rank() over (partition by p_mfgr order by p_name) as dr,
sum(p_retailprice) over (partition by p_mfgr order by p_name rows between unbounded preceding and current row) as s1
from noopwithmapstreaming(on part 
  partition by p_mfgr
  order by p_name)
POSTHOOK: type: QUERY
POSTHOOK: Input: default@part
#### A masked pattern was here ####
Manufacturer#1	almond antique burnished rose metallic	2	1	1	1173.15
Manufacturer#1	almond antique burnished rose metallic	2	1	1	2346.3
Manufacturer#1	almond antique chartreuse lavender yellow	34	3	2	4100.06
Manufacturer#1	almond antique salmon chartreuse burlywood	6	4	3	5702.650000000001
Manufacturer#1	almond aquamarine burnished black steel	28	5	4	7117.070000000001
Manufacturer#1	almond aquamarine pink moccasin thistle	42	6	5	8749.730000000001
Manufacturer#2	almond antique violet chocolate turquoise	14	1	1	1690.68
Manufacturer#2	almond antique violet turquoise frosted	40	2	2	3491.38
Manufacturer#2	almond aquamarine midnight light salmon	2	3	3	5523.360000000001
Manufacturer#2	almond aquamarine rose maroon antique	25	4	4	7222.02
Manufacturer#2	almond aquamarine sandy cyan gainsboro	18	5	5	8923.62
Manufacturer#3	almond antique chartreuse khaki white	17	1	1	1671.68
Manufacturer#3	almond antique forest lavender goldenrod	14	2	2	2861.95
Manufacturer#3	almond antique metallic orange dim	19	3	3	4272.34
Manufacturer#3	almond antique misty red olive	1	4	4	6195.32
Manufacturer#3	almond antique olive coral navajo	45	5	5	7532.61
Manufacturer#4	almond antique gainsboro frosted violet	10	1	1	1620.67
Manufacturer#4	almond antique violet mint lemon	39	2	2	2996.09
Manufacturer#4	almond aquamarine floral ivory bisque	27	3	3	4202.35
Manufacturer#4	almond aquamarine yellow dodger mint	7	4	4	6047.27
Manufacturer#4	almond azure aquamarine papaya violet	12	5	5	7337.620000000001
Manufacturer#5	almond antique blue firebrick mint	31	1	1	1789.69
Manufacturer#5	almond antique medium spring khaki	6	2	2	3401.3500000000004
Manufacturer#5	almond antique sky peru orange	2	3	3	5190.08
Manufacturer#5	almond aquamarine dodger light gainsboro	46	4	4	6208.18
Manufacturer#5	almond azure blanched chiffon midnight	23	5	5	7672.66
PREHOOK: query: -- 12. testFunctionChain
explain
select p_mfgr, p_name, p_size, 
rank() over (partition by p_mfgr order by p_name) as r, 
dense_rank() over (partition by p_mfgr order by p_name) as dr, 
sum(p_retailprice) over (partition by p_mfgr order by p_name rows between unbounded preceding and current row)  as s1
from noopstreaming(on noopwithmapstreaming(on noopstreaming(on part 
partition by p_mfgr 
order by p_mfgr, p_name
)))
PREHOOK: type: QUERY
POSTHOOK: query: -- 12. testFunctionChain
explain
select p_mfgr, p_name, p_size, 
rank() over (partition by p_mfgr order by p_name) as r, 
dense_rank() over (partition by p_mfgr order by p_name) as dr, 
sum(p_retailprice) over (partition by p_mfgr order by p_name rows between unbounded preceding and current row)  as s1
from noopstreaming(on noopwithmapstreaming(on noopstreaming(on part 
partition by p_mfgr 
order by p_mfgr, p_name
)))
POSTHOOK: type: QUERY
STAGE DEPENDENCIES:
  Stage-1 is a root stage
  Stage-0 depends on stages: Stage-1

STAGE PLANS:
  Stage: Stage-1
    Tez
      Edges:
        Reducer 2 <- Map 1 (SIMPLE_EDGE)
        Reducer 3 <- Reducer 2 (SIMPLE_EDGE)
        Reducer 4 <- Reducer 3 (SIMPLE_EDGE)
#### A masked pattern was here ####
      Vertices:
        Map 1 
            Map Operator Tree:
                TableScan
                  alias: part
                  Statistics: Num rows: 26 Data size: 3147 Basic stats: COMPLETE Column stats: NONE
                  Reduce Output Operator
                    key expressions: p_mfgr (type: string), p_name (type: string)
                    sort order: ++
                    Map-reduce partition columns: p_mfgr (type: string)
                    Statistics: Num rows: 26 Data size: 3147 Basic stats: COMPLETE Column stats: NONE
                    value expressions: p_size (type: int), p_retailprice (type: double)
        Reducer 2 
            Reduce Operator Tree:
              Select Operator
                expressions: KEY.reducesinkkey1 (type: string), KEY.reducesinkkey0 (type: string), VALUE._col3 (type: int), VALUE._col5 (type: double)
                outputColumnNames: _col1, _col2, _col5, _col7
                Statistics: Num rows: 26 Data size: 3147 Basic stats: COMPLETE Column stats: NONE
                PTF Operator
                  Function definitions:
                      Input definition
                        input alias: part
                        output shape: _col1: string, _col2: string, _col5: int, _col7: double
                        type: TABLE
                      Partition table definition
                        input alias: ptf_1
                        name: noopstreaming
                        order by: _col2, _col1
                        output shape: _col1: string, _col2: string, _col5: int, _col7: double
                        partition by: _col2
                        raw input shape:
                  Statistics: Num rows: 26 Data size: 3147 Basic stats: COMPLETE Column stats: NONE
                  PTF Operator
                    Function definitions:
                        Input definition
                          input alias: ptf_0
                          output shape: _col1: string, _col2: string, _col5: int, _col7: double
                          type: PTFCOMPONENT
                        Partition table definition
                          input alias: ptf_1
                          name: noopwithmapstreaming
                          order by: _col2, _col1
                          output shape: _col1: string, _col2: string, _col5: int, _col7: double
                          partition by: _col2
                          raw input shape:
                          transforms raw input: true
                        Partition table definition
                          input alias: ptf_2
                          name: noopstreaming
                          order by: _col2, _col1
                          output shape: _col1: string, _col2: string, _col5: int, _col7: double
                          partition by: _col2
                          raw input shape:
                    Statistics: Num rows: 26 Data size: 3147 Basic stats: COMPLETE Column stats: NONE
                    Map-side function: true
                    Reduce Output Operator
                      key expressions: _col2 (type: string), _col1 (type: string)
                      sort order: ++
                      Map-reduce partition columns: _col2 (type: string)
                      Statistics: Num rows: 26 Data size: 3147 Basic stats: COMPLETE Column stats: NONE
                      value expressions: _col5 (type: int), _col7 (type: double)
        Reducer 3 
            Reduce Operator Tree:
              Select Operator
                expressions: KEY.reducesinkkey1 (type: string), KEY.reducesinkkey0 (type: string), VALUE._col3 (type: int), VALUE._col5 (type: double)
                outputColumnNames: _col1, _col2, _col5, _col7
                Statistics: Num rows: 26 Data size: 3147 Basic stats: COMPLETE Column stats: NONE
                PTF Operator
                  Function definitions:
                      Input definition
                        input alias: ptf_0
                        output shape: _col1: string, _col2: string, _col5: int, _col7: double
                        type: PTFCOMPONENT
                      Partition table definition
                        input alias: ptf_1
                        name: noopwithmapstreaming
                        order by: _col2, _col1
                        output shape: _col1: string, _col2: string, _col5: int, _col7: double
                        partition by: _col2
                        raw input shape:
                        transforms raw input: true
                      Partition table definition
                        input alias: ptf_2
                        name: noopstreaming
                        order by: _col2, _col1
                        output shape: _col1: string, _col2: string, _col5: int, _col7: double
                        partition by: _col2
                        raw input shape:
                  Statistics: Num rows: 26 Data size: 3147 Basic stats: COMPLETE Column stats: NONE
                  Reduce Output Operator
                    key expressions: _col2 (type: string), _col1 (type: string)
                    sort order: ++
                    Map-reduce partition columns: _col2 (type: string)
                    Statistics: Num rows: 26 Data size: 3147 Basic stats: COMPLETE Column stats: NONE
                    value expressions: _col5 (type: int), _col7 (type: double)
        Reducer 4 
            Reduce Operator Tree:
              Select Operator
                expressions: KEY.reducesinkkey1 (type: string), KEY.reducesinkkey0 (type: string), VALUE._col3 (type: int), VALUE._col5 (type: double)
                outputColumnNames: _col1, _col2, _col5, _col7
                Statistics: Num rows: 26 Data size: 3147 Basic stats: COMPLETE Column stats: NONE
                PTF Operator
                  Function definitions:
                      Input definition
                        input alias: ptf_0
                        output shape: _col1: string, _col2: string, _col5: int, _col7: double
                        type: WINDOWING
                      Windowing table definition
                        input alias: ptf_1
                        name: windowingtablefunction
                        order by: _col1
                        partition by: _col2
                        raw input shape:
                        window functions:
                            window function definition
                              alias: rank_window_0
                              arguments: _col1
                              name: rank
                              window function: GenericUDAFRankEvaluator
                              window frame: PRECEDING(MAX)~FOLLOWING(MAX)
                              isPivotResult: true
                            window function definition
                              alias: dense_rank_window_1
                              arguments: _col1
                              name: dense_rank
                              window function: GenericUDAFDenseRankEvaluator
                              window frame: PRECEDING(MAX)~FOLLOWING(MAX)
                              isPivotResult: true
                            window function definition
                              alias: sum_window_2
                              arguments: _col7
                              name: sum
                              window function: GenericUDAFSumDouble
                              window frame: PRECEDING(MAX)~
                  Statistics: Num rows: 26 Data size: 3147 Basic stats: COMPLETE Column stats: NONE
                  Select Operator
                    expressions: _col2 (type: string), _col1 (type: string), _col5 (type: int), rank_window_0 (type: int), dense_rank_window_1 (type: int), sum_window_2 (type: double)
                    outputColumnNames: _col0, _col1, _col2, _col3, _col4, _col5
                    Statistics: Num rows: 26 Data size: 3147 Basic stats: COMPLETE Column stats: NONE
                    File Output Operator
                      compressed: false
                      Statistics: Num rows: 26 Data size: 3147 Basic stats: COMPLETE Column stats: NONE
                      table:
                          input format: org.apache.hadoop.mapred.TextInputFormat
                          output format: org.apache.hadoop.hive.ql.io.HiveIgnoreKeyTextOutputFormat
                          serde: org.apache.hadoop.hive.serde2.lazy.LazySimpleSerDe

  Stage: Stage-0
    Fetch Operator
      limit: -1
      Processor Tree:
        ListSink

PREHOOK: query: select p_mfgr, p_name, p_size, 
rank() over (partition by p_mfgr order by p_name) as r, 
dense_rank() over (partition by p_mfgr order by p_name) as dr, 
sum(p_retailprice) over (partition by p_mfgr order by p_name rows between unbounded preceding and current row)  as s1
from noopstreaming(on noopwithmapstreaming(on noopstreaming(on part 
partition by p_mfgr 
order by p_mfgr, p_name
)))
PREHOOK: type: QUERY
PREHOOK: Input: default@part
#### A masked pattern was here ####
POSTHOOK: query: select p_mfgr, p_name, p_size, 
rank() over (partition by p_mfgr order by p_name) as r, 
dense_rank() over (partition by p_mfgr order by p_name) as dr, 
sum(p_retailprice) over (partition by p_mfgr order by p_name rows between unbounded preceding and current row)  as s1
from noopstreaming(on noopwithmapstreaming(on noopstreaming(on part 
partition by p_mfgr 
order by p_mfgr, p_name
)))
POSTHOOK: type: QUERY
POSTHOOK: Input: default@part
#### A masked pattern was here ####
Manufacturer#1	almond antique burnished rose metallic	2	1	1	1173.15
Manufacturer#1	almond antique burnished rose metallic	2	1	1	2346.3
Manufacturer#1	almond antique chartreuse lavender yellow	34	3	2	4100.06
Manufacturer#1	almond antique salmon chartreuse burlywood	6	4	3	5702.650000000001
Manufacturer#1	almond aquamarine burnished black steel	28	5	4	7117.070000000001
Manufacturer#1	almond aquamarine pink moccasin thistle	42	6	5	8749.730000000001
Manufacturer#2	almond antique violet chocolate turquoise	14	1	1	1690.68
Manufacturer#2	almond antique violet turquoise frosted	40	2	2	3491.38
Manufacturer#2	almond aquamarine midnight light salmon	2	3	3	5523.360000000001
Manufacturer#2	almond aquamarine rose maroon antique	25	4	4	7222.02
Manufacturer#2	almond aquamarine sandy cyan gainsboro	18	5	5	8923.62
Manufacturer#3	almond antique chartreuse khaki white	17	1	1	1671.68
Manufacturer#3	almond antique forest lavender goldenrod	14	2	2	2861.95
Manufacturer#3	almond antique metallic orange dim	19	3	3	4272.34
Manufacturer#3	almond antique misty red olive	1	4	4	6195.32
Manufacturer#3	almond antique olive coral navajo	45	5	5	7532.61
Manufacturer#4	almond antique gainsboro frosted violet	10	1	1	1620.67
Manufacturer#4	almond antique violet mint lemon	39	2	2	2996.09
Manufacturer#4	almond aquamarine floral ivory bisque	27	3	3	4202.35
Manufacturer#4	almond aquamarine yellow dodger mint	7	4	4	6047.27
Manufacturer#4	almond azure aquamarine papaya violet	12	5	5	7337.620000000001
Manufacturer#5	almond antique blue firebrick mint	31	1	1	1789.69
Manufacturer#5	almond antique medium spring khaki	6	2	2	3401.3500000000004
Manufacturer#5	almond antique sky peru orange	2	3	3	5190.08
Manufacturer#5	almond aquamarine dodger light gainsboro	46	4	4	6208.18
Manufacturer#5	almond azure blanched chiffon midnight	23	5	5	7672.66
PREHOOK: query: -- 12.1 testFunctionChain
explain
select p_mfgr, p_name, p_size, 
rank() over (partition by p_mfgr order by p_name) as r, 
dense_rank() over (partition by p_mfgr order by p_name) as dr, 
sum(p_retailprice) over (partition by p_mfgr order by p_name rows between unbounded preceding and current row)  as s1
from noopstreaming(on noopwithmap(on noopstreaming(on part 
partition by p_mfgr 
order by p_mfgr, p_name
)))
PREHOOK: type: QUERY
POSTHOOK: query: -- 12.1 testFunctionChain
explain
select p_mfgr, p_name, p_size, 
rank() over (partition by p_mfgr order by p_name) as r, 
dense_rank() over (partition by p_mfgr order by p_name) as dr, 
sum(p_retailprice) over (partition by p_mfgr order by p_name rows between unbounded preceding and current row)  as s1
from noopstreaming(on noopwithmap(on noopstreaming(on part 
partition by p_mfgr 
order by p_mfgr, p_name
)))
POSTHOOK: type: QUERY
STAGE DEPENDENCIES:
  Stage-1 is a root stage
  Stage-0 depends on stages: Stage-1

STAGE PLANS:
  Stage: Stage-1
    Tez
      Edges:
        Reducer 2 <- Map 1 (SIMPLE_EDGE)
        Reducer 3 <- Reducer 2 (SIMPLE_EDGE)
        Reducer 4 <- Reducer 3 (SIMPLE_EDGE)
#### A masked pattern was here ####
      Vertices:
        Map 1 
            Map Operator Tree:
                TableScan
                  alias: part
                  Statistics: Num rows: 26 Data size: 3147 Basic stats: COMPLETE Column stats: NONE
                  Reduce Output Operator
                    key expressions: p_mfgr (type: string), p_name (type: string)
                    sort order: ++
                    Map-reduce partition columns: p_mfgr (type: string)
                    Statistics: Num rows: 26 Data size: 3147 Basic stats: COMPLETE Column stats: NONE
                    value expressions: p_size (type: int), p_retailprice (type: double)
        Reducer 2 
            Reduce Operator Tree:
              Select Operator
                expressions: KEY.reducesinkkey1 (type: string), KEY.reducesinkkey0 (type: string), VALUE._col3 (type: int), VALUE._col5 (type: double)
                outputColumnNames: _col1, _col2, _col5, _col7
                Statistics: Num rows: 26 Data size: 3147 Basic stats: COMPLETE Column stats: NONE
                PTF Operator
                  Function definitions:
                      Input definition
                        input alias: part
                        output shape: _col1: string, _col2: string, _col5: int, _col7: double
                        type: TABLE
                      Partition table definition
                        input alias: ptf_1
                        name: noopstreaming
                        order by: _col2, _col1
                        output shape: _col1: string, _col2: string, _col5: int, _col7: double
                        partition by: _col2
                        raw input shape:
                  Statistics: Num rows: 26 Data size: 3147 Basic stats: COMPLETE Column stats: NONE
                  PTF Operator
                    Function definitions:
                        Input definition
                          input alias: ptf_0
                          output shape: _col1: string, _col2: string, _col5: int, _col7: double
                          type: PTFCOMPONENT
                        Partition table definition
                          input alias: ptf_1
                          name: noopwithmap
                          order by: _col2, _col1
                          output shape: _col1: string, _col2: string, _col5: int, _col7: double
                          partition by: _col2
                          raw input shape:
                          transforms raw input: true
                        Partition table definition
                          input alias: ptf_2
                          name: noopstreaming
                          order by: _col2, _col1
                          output shape: _col1: string, _col2: string, _col5: int, _col7: double
                          partition by: _col2
                          raw input shape:
                    Statistics: Num rows: 26 Data size: 3147 Basic stats: COMPLETE Column stats: NONE
                    Map-side function: true
                    Reduce Output Operator
                      key expressions: _col2 (type: string), _col1 (type: string)
                      sort order: ++
                      Map-reduce partition columns: _col2 (type: string)
                      Statistics: Num rows: 26 Data size: 3147 Basic stats: COMPLETE Column stats: NONE
                      value expressions: _col5 (type: int), _col7 (type: double)
        Reducer 3 
            Reduce Operator Tree:
              Select Operator
                expressions: KEY.reducesinkkey1 (type: string), KEY.reducesinkkey0 (type: string), VALUE._col3 (type: int), VALUE._col5 (type: double)
                outputColumnNames: _col1, _col2, _col5, _col7
                Statistics: Num rows: 26 Data size: 3147 Basic stats: COMPLETE Column stats: NONE
                PTF Operator
                  Function definitions:
                      Input definition
                        input alias: ptf_0
                        output shape: _col1: string, _col2: string, _col5: int, _col7: double
                        type: PTFCOMPONENT
                      Partition table definition
                        input alias: ptf_1
                        name: noopwithmap
                        order by: _col2, _col1
                        output shape: _col1: string, _col2: string, _col5: int, _col7: double
                        partition by: _col2
                        raw input shape:
                        transforms raw input: true
                      Partition table definition
                        input alias: ptf_2
                        name: noopstreaming
                        order by: _col2, _col1
                        output shape: _col1: string, _col2: string, _col5: int, _col7: double
                        partition by: _col2
                        raw input shape:
                  Statistics: Num rows: 26 Data size: 3147 Basic stats: COMPLETE Column stats: NONE
                  Reduce Output Operator
                    key expressions: _col2 (type: string), _col1 (type: string)
                    sort order: ++
                    Map-reduce partition columns: _col2 (type: string)
                    Statistics: Num rows: 26 Data size: 3147 Basic stats: COMPLETE Column stats: NONE
                    value expressions: _col5 (type: int), _col7 (type: double)
        Reducer 4 
            Reduce Operator Tree:
              Select Operator
                expressions: KEY.reducesinkkey1 (type: string), KEY.reducesinkkey0 (type: string), VALUE._col3 (type: int), VALUE._col5 (type: double)
                outputColumnNames: _col1, _col2, _col5, _col7
                Statistics: Num rows: 26 Data size: 3147 Basic stats: COMPLETE Column stats: NONE
                PTF Operator
                  Function definitions:
                      Input definition
                        input alias: ptf_0
                        output shape: _col1: string, _col2: string, _col5: int, _col7: double
                        type: WINDOWING
                      Windowing table definition
                        input alias: ptf_1
                        name: windowingtablefunction
                        order by: _col1
                        partition by: _col2
                        raw input shape:
                        window functions:
                            window function definition
                              alias: rank_window_0
                              arguments: _col1
                              name: rank
                              window function: GenericUDAFRankEvaluator
                              window frame: PRECEDING(MAX)~FOLLOWING(MAX)
                              isPivotResult: true
                            window function definition
                              alias: dense_rank_window_1
                              arguments: _col1
                              name: dense_rank
                              window function: GenericUDAFDenseRankEvaluator
                              window frame: PRECEDING(MAX)~FOLLOWING(MAX)
                              isPivotResult: true
                            window function definition
                              alias: sum_window_2
                              arguments: _col7
                              name: sum
                              window function: GenericUDAFSumDouble
                              window frame: PRECEDING(MAX)~
                  Statistics: Num rows: 26 Data size: 3147 Basic stats: COMPLETE Column stats: NONE
                  Select Operator
                    expressions: _col2 (type: string), _col1 (type: string), _col5 (type: int), rank_window_0 (type: int), dense_rank_window_1 (type: int), sum_window_2 (type: double)
                    outputColumnNames: _col0, _col1, _col2, _col3, _col4, _col5
                    Statistics: Num rows: 26 Data size: 3147 Basic stats: COMPLETE Column stats: NONE
                    File Output Operator
                      compressed: false
                      Statistics: Num rows: 26 Data size: 3147 Basic stats: COMPLETE Column stats: NONE
                      table:
                          input format: org.apache.hadoop.mapred.TextInputFormat
                          output format: org.apache.hadoop.hive.ql.io.HiveIgnoreKeyTextOutputFormat
                          serde: org.apache.hadoop.hive.serde2.lazy.LazySimpleSerDe

  Stage: Stage-0
    Fetch Operator
      limit: -1
      Processor Tree:
        ListSink

PREHOOK: query: select p_mfgr, p_name, p_size, 
rank() over (partition by p_mfgr order by p_name) as r, 
dense_rank() over (partition by p_mfgr order by p_name) as dr, 
sum(p_retailprice) over (partition by p_mfgr order by p_name rows between unbounded preceding and current row)  as s1
from noopstreaming(on noopwithmap(on noopstreaming(on part 
partition by p_mfgr 
order by p_mfgr, p_name
)))
PREHOOK: type: QUERY
PREHOOK: Input: default@part
#### A masked pattern was here ####
POSTHOOK: query: select p_mfgr, p_name, p_size, 
rank() over (partition by p_mfgr order by p_name) as r, 
dense_rank() over (partition by p_mfgr order by p_name) as dr, 
sum(p_retailprice) over (partition by p_mfgr order by p_name rows between unbounded preceding and current row)  as s1
from noopstreaming(on noopwithmap(on noopstreaming(on part 
partition by p_mfgr 
order by p_mfgr, p_name
)))
POSTHOOK: type: QUERY
POSTHOOK: Input: default@part
#### A masked pattern was here ####
Manufacturer#1	almond antique burnished rose metallic	2	1	1	1173.15
Manufacturer#1	almond antique burnished rose metallic	2	1	1	2346.3
Manufacturer#1	almond antique chartreuse lavender yellow	34	3	2	4100.06
Manufacturer#1	almond antique salmon chartreuse burlywood	6	4	3	5702.650000000001
Manufacturer#1	almond aquamarine burnished black steel	28	5	4	7117.070000000001
Manufacturer#1	almond aquamarine pink moccasin thistle	42	6	5	8749.730000000001
Manufacturer#2	almond antique violet chocolate turquoise	14	1	1	1690.68
Manufacturer#2	almond antique violet turquoise frosted	40	2	2	3491.38
Manufacturer#2	almond aquamarine midnight light salmon	2	3	3	5523.360000000001
Manufacturer#2	almond aquamarine rose maroon antique	25	4	4	7222.02
Manufacturer#2	almond aquamarine sandy cyan gainsboro	18	5	5	8923.62
Manufacturer#3	almond antique chartreuse khaki white	17	1	1	1671.68
Manufacturer#3	almond antique forest lavender goldenrod	14	2	2	2861.95
Manufacturer#3	almond antique metallic orange dim	19	3	3	4272.34
Manufacturer#3	almond antique misty red olive	1	4	4	6195.32
Manufacturer#3	almond antique olive coral navajo	45	5	5	7532.61
Manufacturer#4	almond antique gainsboro frosted violet	10	1	1	1620.67
Manufacturer#4	almond antique violet mint lemon	39	2	2	2996.09
Manufacturer#4	almond aquamarine floral ivory bisque	27	3	3	4202.35
Manufacturer#4	almond aquamarine yellow dodger mint	7	4	4	6047.27
Manufacturer#4	almond azure aquamarine papaya violet	12	5	5	7337.620000000001
Manufacturer#5	almond antique blue firebrick mint	31	1	1	1789.69
Manufacturer#5	almond antique medium spring khaki	6	2	2	3401.3500000000004
Manufacturer#5	almond antique sky peru orange	2	3	3	5190.08
Manufacturer#5	almond aquamarine dodger light gainsboro	46	4	4	6208.18
Manufacturer#5	almond azure blanched chiffon midnight	23	5	5	7672.66
PREHOOK: query: -- 12.2 testFunctionChain
explain
select p_mfgr, p_name, p_size, 
rank() over (partition by p_mfgr order by p_name) as r, 
dense_rank() over (partition by p_mfgr order by p_name) as dr, 
sum(p_retailprice) over (partition by p_mfgr order by p_name rows between unbounded preceding and current row)  as s1
from noop(on noopwithmapstreaming(on noopstreaming(on part 
partition by p_mfgr 
order by p_mfgr, p_name
)))
PREHOOK: type: QUERY
POSTHOOK: query: -- 12.2 testFunctionChain
explain
select p_mfgr, p_name, p_size, 
rank() over (partition by p_mfgr order by p_name) as r, 
dense_rank() over (partition by p_mfgr order by p_name) as dr, 
sum(p_retailprice) over (partition by p_mfgr order by p_name rows between unbounded preceding and current row)  as s1
from noop(on noopwithmapstreaming(on noopstreaming(on part 
partition by p_mfgr 
order by p_mfgr, p_name
)))
POSTHOOK: type: QUERY
STAGE DEPENDENCIES:
  Stage-1 is a root stage
  Stage-0 depends on stages: Stage-1

STAGE PLANS:
  Stage: Stage-1
    Tez
      Edges:
        Reducer 2 <- Map 1 (SIMPLE_EDGE)
        Reducer 3 <- Reducer 2 (SIMPLE_EDGE)
        Reducer 4 <- Reducer 3 (SIMPLE_EDGE)
#### A masked pattern was here ####
      Vertices:
        Map 1 
            Map Operator Tree:
                TableScan
                  alias: part
                  Statistics: Num rows: 26 Data size: 3147 Basic stats: COMPLETE Column stats: NONE
                  Reduce Output Operator
                    key expressions: p_mfgr (type: string), p_name (type: string)
                    sort order: ++
                    Map-reduce partition columns: p_mfgr (type: string)
                    Statistics: Num rows: 26 Data size: 3147 Basic stats: COMPLETE Column stats: NONE
                    value expressions: p_size (type: int), p_retailprice (type: double)
        Reducer 2 
            Reduce Operator Tree:
              Select Operator
                expressions: KEY.reducesinkkey1 (type: string), KEY.reducesinkkey0 (type: string), VALUE._col3 (type: int), VALUE._col5 (type: double)
                outputColumnNames: _col1, _col2, _col5, _col7
                Statistics: Num rows: 26 Data size: 3147 Basic stats: COMPLETE Column stats: NONE
                PTF Operator
                  Function definitions:
                      Input definition
                        input alias: part
                        output shape: _col1: string, _col2: string, _col5: int, _col7: double
                        type: TABLE
                      Partition table definition
                        input alias: ptf_1
                        name: noopstreaming
                        order by: _col2, _col1
                        output shape: _col1: string, _col2: string, _col5: int, _col7: double
                        partition by: _col2
                        raw input shape:
                  Statistics: Num rows: 26 Data size: 3147 Basic stats: COMPLETE Column stats: NONE
                  PTF Operator
                    Function definitions:
                        Input definition
                          input alias: ptf_0
                          output shape: _col1: string, _col2: string, _col5: int, _col7: double
                          type: PTFCOMPONENT
                        Partition table definition
                          input alias: ptf_1
                          name: noopwithmapstreaming
                          order by: _col2, _col1
                          output shape: _col1: string, _col2: string, _col5: int, _col7: double
                          partition by: _col2
                          raw input shape:
                          transforms raw input: true
                        Partition table definition
                          input alias: ptf_2
                          name: noop
                          order by: _col2, _col1
                          output shape: _col1: string, _col2: string, _col5: int, _col7: double
                          partition by: _col2
                          raw input shape:
                    Statistics: Num rows: 26 Data size: 3147 Basic stats: COMPLETE Column stats: NONE
                    Map-side function: true
                    Reduce Output Operator
                      key expressions: _col2 (type: string), _col1 (type: string)
                      sort order: ++
                      Map-reduce partition columns: _col2 (type: string)
                      Statistics: Num rows: 26 Data size: 3147 Basic stats: COMPLETE Column stats: NONE
                      value expressions: _col5 (type: int), _col7 (type: double)
        Reducer 3 
            Reduce Operator Tree:
              Select Operator
                expressions: KEY.reducesinkkey1 (type: string), KEY.reducesinkkey0 (type: string), VALUE._col3 (type: int), VALUE._col5 (type: double)
                outputColumnNames: _col1, _col2, _col5, _col7
                Statistics: Num rows: 26 Data size: 3147 Basic stats: COMPLETE Column stats: NONE
                PTF Operator
                  Function definitions:
                      Input definition
                        input alias: ptf_0
                        output shape: _col1: string, _col2: string, _col5: int, _col7: double
                        type: PTFCOMPONENT
                      Partition table definition
                        input alias: ptf_1
                        name: noopwithmapstreaming
                        order by: _col2, _col1
                        output shape: _col1: string, _col2: string, _col5: int, _col7: double
                        partition by: _col2
                        raw input shape:
                        transforms raw input: true
                      Partition table definition
                        input alias: ptf_2
                        name: noop
                        order by: _col2, _col1
                        output shape: _col1: string, _col2: string, _col5: int, _col7: double
                        partition by: _col2
                        raw input shape:
                  Statistics: Num rows: 26 Data size: 3147 Basic stats: COMPLETE Column stats: NONE
                  Reduce Output Operator
                    key expressions: _col2 (type: string), _col1 (type: string)
                    sort order: ++
                    Map-reduce partition columns: _col2 (type: string)
                    Statistics: Num rows: 26 Data size: 3147 Basic stats: COMPLETE Column stats: NONE
                    value expressions: _col5 (type: int), _col7 (type: double)
        Reducer 4 
            Reduce Operator Tree:
              Select Operator
                expressions: KEY.reducesinkkey1 (type: string), KEY.reducesinkkey0 (type: string), VALUE._col3 (type: int), VALUE._col5 (type: double)
                outputColumnNames: _col1, _col2, _col5, _col7
                Statistics: Num rows: 26 Data size: 3147 Basic stats: COMPLETE Column stats: NONE
                PTF Operator
                  Function definitions:
                      Input definition
                        input alias: ptf_0
                        output shape: _col1: string, _col2: string, _col5: int, _col7: double
                        type: WINDOWING
                      Windowing table definition
                        input alias: ptf_1
                        name: windowingtablefunction
                        order by: _col1
                        partition by: _col2
                        raw input shape:
                        window functions:
                            window function definition
                              alias: rank_window_0
                              arguments: _col1
                              name: rank
                              window function: GenericUDAFRankEvaluator
                              window frame: PRECEDING(MAX)~FOLLOWING(MAX)
                              isPivotResult: true
                            window function definition
                              alias: dense_rank_window_1
                              arguments: _col1
                              name: dense_rank
                              window function: GenericUDAFDenseRankEvaluator
                              window frame: PRECEDING(MAX)~FOLLOWING(MAX)
                              isPivotResult: true
                            window function definition
                              alias: sum_window_2
                              arguments: _col7
                              name: sum
                              window function: GenericUDAFSumDouble
                              window frame: PRECEDING(MAX)~
                  Statistics: Num rows: 26 Data size: 3147 Basic stats: COMPLETE Column stats: NONE
                  Select Operator
                    expressions: _col2 (type: string), _col1 (type: string), _col5 (type: int), rank_window_0 (type: int), dense_rank_window_1 (type: int), sum_window_2 (type: double)
                    outputColumnNames: _col0, _col1, _col2, _col3, _col4, _col5
                    Statistics: Num rows: 26 Data size: 3147 Basic stats: COMPLETE Column stats: NONE
                    File Output Operator
                      compressed: false
                      Statistics: Num rows: 26 Data size: 3147 Basic stats: COMPLETE Column stats: NONE
                      table:
                          input format: org.apache.hadoop.mapred.TextInputFormat
                          output format: org.apache.hadoop.hive.ql.io.HiveIgnoreKeyTextOutputFormat
                          serde: org.apache.hadoop.hive.serde2.lazy.LazySimpleSerDe

  Stage: Stage-0
    Fetch Operator
      limit: -1
      Processor Tree:
        ListSink

PREHOOK: query: select p_mfgr, p_name, p_size, 
rank() over (partition by p_mfgr order by p_name) as r, 
dense_rank() over (partition by p_mfgr order by p_name) as dr, 
sum(p_retailprice) over (partition by p_mfgr order by p_name rows between unbounded preceding and current row)  as s1
from noop(on noopwithmapstreaming(on noopstreaming(on part 
partition by p_mfgr 
order by p_mfgr, p_name
)))
PREHOOK: type: QUERY
PREHOOK: Input: default@part
#### A masked pattern was here ####
POSTHOOK: query: select p_mfgr, p_name, p_size, 
rank() over (partition by p_mfgr order by p_name) as r, 
dense_rank() over (partition by p_mfgr order by p_name) as dr, 
sum(p_retailprice) over (partition by p_mfgr order by p_name rows between unbounded preceding and current row)  as s1
from noop(on noopwithmapstreaming(on noopstreaming(on part 
partition by p_mfgr 
order by p_mfgr, p_name
)))
POSTHOOK: type: QUERY
POSTHOOK: Input: default@part
#### A masked pattern was here ####
Manufacturer#1	almond antique burnished rose metallic	2	1	1	1173.15
Manufacturer#1	almond antique burnished rose metallic	2	1	1	2346.3
Manufacturer#1	almond antique chartreuse lavender yellow	34	3	2	4100.06
Manufacturer#1	almond antique salmon chartreuse burlywood	6	4	3	5702.650000000001
Manufacturer#1	almond aquamarine burnished black steel	28	5	4	7117.070000000001
Manufacturer#1	almond aquamarine pink moccasin thistle	42	6	5	8749.730000000001
Manufacturer#2	almond antique violet chocolate turquoise	14	1	1	1690.68
Manufacturer#2	almond antique violet turquoise frosted	40	2	2	3491.38
Manufacturer#2	almond aquamarine midnight light salmon	2	3	3	5523.360000000001
Manufacturer#2	almond aquamarine rose maroon antique	25	4	4	7222.02
Manufacturer#2	almond aquamarine sandy cyan gainsboro	18	5	5	8923.62
Manufacturer#3	almond antique chartreuse khaki white	17	1	1	1671.68
Manufacturer#3	almond antique forest lavender goldenrod	14	2	2	2861.95
Manufacturer#3	almond antique metallic orange dim	19	3	3	4272.34
Manufacturer#3	almond antique misty red olive	1	4	4	6195.32
Manufacturer#3	almond antique olive coral navajo	45	5	5	7532.61
Manufacturer#4	almond antique gainsboro frosted violet	10	1	1	1620.67
Manufacturer#4	almond antique violet mint lemon	39	2	2	2996.09
Manufacturer#4	almond aquamarine floral ivory bisque	27	3	3	4202.35
Manufacturer#4	almond aquamarine yellow dodger mint	7	4	4	6047.27
Manufacturer#4	almond azure aquamarine papaya violet	12	5	5	7337.620000000001
Manufacturer#5	almond antique blue firebrick mint	31	1	1	1789.69
Manufacturer#5	almond antique medium spring khaki	6	2	2	3401.3500000000004
Manufacturer#5	almond antique sky peru orange	2	3	3	5190.08
Manufacturer#5	almond aquamarine dodger light gainsboro	46	4	4	6208.18
Manufacturer#5	almond azure blanched chiffon midnight	23	5	5	7672.66
PREHOOK: query: -- 14. testPTFJoinWithWindowingWithCount
explain
select abc.p_mfgr, abc.p_name, 
rank() over (distribute by abc.p_mfgr sort by abc.p_name) as r, 
dense_rank() over (distribute by abc.p_mfgr sort by abc.p_name) as dr, 
count(abc.p_name) over (distribute by abc.p_mfgr sort by abc.p_name) as cd, 
abc.p_retailprice, sum(abc.p_retailprice) over (distribute by abc.p_mfgr sort by abc.p_name rows between unbounded preceding and current row) as s1, 
abc.p_size, abc.p_size - lag(abc.p_size,1,abc.p_size) over (distribute by abc.p_mfgr sort by abc.p_name) as deltaSz 
from noopstreaming(on part 
partition by p_mfgr 
order by p_name 
) abc join part p1 on abc.p_partkey = p1.p_partkey
PREHOOK: type: QUERY
POSTHOOK: query: -- 14. testPTFJoinWithWindowingWithCount
explain
select abc.p_mfgr, abc.p_name, 
rank() over (distribute by abc.p_mfgr sort by abc.p_name) as r, 
dense_rank() over (distribute by abc.p_mfgr sort by abc.p_name) as dr, 
count(abc.p_name) over (distribute by abc.p_mfgr sort by abc.p_name) as cd, 
abc.p_retailprice, sum(abc.p_retailprice) over (distribute by abc.p_mfgr sort by abc.p_name rows between unbounded preceding and current row) as s1, 
abc.p_size, abc.p_size - lag(abc.p_size,1,abc.p_size) over (distribute by abc.p_mfgr sort by abc.p_name) as deltaSz 
from noopstreaming(on part 
partition by p_mfgr 
order by p_name 
) abc join part p1 on abc.p_partkey = p1.p_partkey
POSTHOOK: type: QUERY
STAGE DEPENDENCIES:
  Stage-1 is a root stage
  Stage-0 depends on stages: Stage-1

STAGE PLANS:
  Stage: Stage-1
    Tez
      Edges:
        Reducer 2 <- Map 1 (SIMPLE_EDGE)
        Reducer 3 <- Map 5 (SIMPLE_EDGE), Reducer 2 (SIMPLE_EDGE)
        Reducer 4 <- Reducer 3 (SIMPLE_EDGE)
#### A masked pattern was here ####
      Vertices:
        Map 1 
            Map Operator Tree:
                TableScan
                  alias: part
                  Statistics: Num rows: 26 Data size: 3147 Basic stats: COMPLETE Column stats: NONE
                  Reduce Output Operator
                    key expressions: p_mfgr (type: string), p_name (type: string)
                    sort order: ++
                    Map-reduce partition columns: p_mfgr (type: string)
                    Statistics: Num rows: 26 Data size: 3147 Basic stats: COMPLETE Column stats: NONE
                    value expressions: p_partkey (type: int), p_size (type: int), p_retailprice (type: double)
        Map 5 
            Map Operator Tree:
                TableScan
                  alias: p1
                  Statistics: Num rows: 26 Data size: 3147 Basic stats: COMPLETE Column stats: NONE
                  Filter Operator
                    predicate: p_partkey is not null (type: boolean)
                    Statistics: Num rows: 13 Data size: 1573 Basic stats: COMPLETE Column stats: NONE
                    Reduce Output Operator
                      key expressions: p_partkey (type: int)
                      sort order: +
                      Map-reduce partition columns: p_partkey (type: int)
                      Statistics: Num rows: 13 Data size: 1573 Basic stats: COMPLETE Column stats: NONE
        Reducer 2 
            Reduce Operator Tree:
              Select Operator
                expressions: VALUE._col0 (type: int), KEY.reducesinkkey1 (type: string), KEY.reducesinkkey0 (type: string), VALUE._col3 (type: int), VALUE._col5 (type: double)
                outputColumnNames: _col0, _col1, _col2, _col5, _col7
                Statistics: Num rows: 26 Data size: 3147 Basic stats: COMPLETE Column stats: NONE
                PTF Operator
                  Function definitions:
                      Input definition
                        input alias: part
                        output shape: _col0: int, _col1: string, _col2: string, _col5: int, _col7: double
                        type: TABLE
                      Partition table definition
                        input alias: abc
                        name: noopstreaming
                        order by: _col1
                        output shape: _col0: int, _col1: string, _col2: string, _col5: int, _col7: double
                        partition by: _col2
                        raw input shape:
                  Statistics: Num rows: 26 Data size: 3147 Basic stats: COMPLETE Column stats: NONE
                  Filter Operator
                    predicate: _col0 is not null (type: boolean)
                    Statistics: Num rows: 13 Data size: 1573 Basic stats: COMPLETE Column stats: NONE
                    Reduce Output Operator
                      key expressions: _col0 (type: int)
                      sort order: +
                      Map-reduce partition columns: _col0 (type: int)
                      Statistics: Num rows: 13 Data size: 1573 Basic stats: COMPLETE Column stats: NONE
                      value expressions: _col1 (type: string), _col2 (type: string), _col5 (type: int), _col7 (type: double)
        Reducer 3 
            Reduce Operator Tree:
              Merge Join Operator
                condition map:
                     Inner Join 0 to 1
                keys:
                  0 _col0 (type: int)
                  1 p_partkey (type: int)
                outputColumnNames: _col1, _col2, _col5, _col7
                Statistics: Num rows: 14 Data size: 1730 Basic stats: COMPLETE Column stats: NONE
                Reduce Output Operator
                  key expressions: _col2 (type: string), _col1 (type: string)
                  sort order: ++
                  Map-reduce partition columns: _col2 (type: string)
                  Statistics: Num rows: 14 Data size: 1730 Basic stats: COMPLETE Column stats: NONE
                  value expressions: _col5 (type: int), _col7 (type: double)
        Reducer 4 
            Reduce Operator Tree:
              Select Operator
                expressions: KEY.reducesinkkey1 (type: string), KEY.reducesinkkey0 (type: string), VALUE._col3 (type: int), VALUE._col5 (type: double)
                outputColumnNames: _col1, _col2, _col5, _col7
                Statistics: Num rows: 14 Data size: 1730 Basic stats: COMPLETE Column stats: NONE
                PTF Operator
                  Function definitions:
                      Input definition
                        input alias: ptf_0
                        output shape: _col1: string, _col2: string, _col5: int, _col7: double
                        type: WINDOWING
                      Windowing table definition
                        input alias: ptf_1
                        name: windowingtablefunction
                        order by: _col1
                        partition by: _col2
                        raw input shape:
                        window functions:
                            window function definition
                              alias: rank_window_0
                              arguments: _col1
                              name: rank
                              window function: GenericUDAFRankEvaluator
                              window frame: PRECEDING(MAX)~FOLLOWING(MAX)
                              isPivotResult: true
                            window function definition
                              alias: dense_rank_window_1
                              arguments: _col1
                              name: dense_rank
                              window function: GenericUDAFDenseRankEvaluator
                              window frame: PRECEDING(MAX)~FOLLOWING(MAX)
                              isPivotResult: true
                            window function definition
                              alias: count_window_2
                              arguments: _col1
                              name: count
                              window function: GenericUDAFCountEvaluator
                              window frame: PRECEDING(MAX)~
                            window function definition
                              alias: sum_window_3
                              arguments: _col7
                              name: sum
                              window function: GenericUDAFSumDouble
                              window frame: PRECEDING(MAX)~
                            window function definition
                              alias: lag_window_4
                              arguments: _col5, 1, _col5
                              name: lag
                              window function: GenericUDAFLagEvaluator
                              window frame: PRECEDING(MAX)~FOLLOWING(MAX)
                              isPivotResult: true
                  Statistics: Num rows: 14 Data size: 1730 Basic stats: COMPLETE Column stats: NONE
                  Select Operator
                    expressions: _col2 (type: string), _col1 (type: string), rank_window_0 (type: int), dense_rank_window_1 (type: int), count_window_2 (type: bigint), _col7 (type: double), sum_window_3 (type: double), _col5 (type: int), (_col5 - lag_window_4) (type: int)
                    outputColumnNames: _col0, _col1, _col2, _col3, _col4, _col5, _col6, _col7, _col8
                    Statistics: Num rows: 14 Data size: 1730 Basic stats: COMPLETE Column stats: NONE
                    File Output Operator
                      compressed: false
                      Statistics: Num rows: 14 Data size: 1730 Basic stats: COMPLETE Column stats: NONE
                      table:
                          input format: org.apache.hadoop.mapred.TextInputFormat
                          output format: org.apache.hadoop.hive.ql.io.HiveIgnoreKeyTextOutputFormat
                          serde: org.apache.hadoop.hive.serde2.lazy.LazySimpleSerDe

  Stage: Stage-0
    Fetch Operator
      limit: -1
      Processor Tree:
        ListSink

PREHOOK: query: select abc.p_mfgr, abc.p_name, 
rank() over (distribute by abc.p_mfgr sort by abc.p_name) as r, 
dense_rank() over (distribute by abc.p_mfgr sort by abc.p_name) as dr, 
count(abc.p_name) over (distribute by abc.p_mfgr sort by abc.p_name) as cd, 
abc.p_retailprice, sum(abc.p_retailprice) over (distribute by abc.p_mfgr sort by abc.p_name rows between unbounded preceding and current row) as s1, 
abc.p_size, abc.p_size - lag(abc.p_size,1,abc.p_size) over (distribute by abc.p_mfgr sort by abc.p_name) as deltaSz 
from noopstreaming(on part 
partition by p_mfgr 
order by p_name 
) abc join part p1 on abc.p_partkey = p1.p_partkey
PREHOOK: type: QUERY
PREHOOK: Input: default@part
#### A masked pattern was here ####
POSTHOOK: query: select abc.p_mfgr, abc.p_name, 
rank() over (distribute by abc.p_mfgr sort by abc.p_name) as r, 
dense_rank() over (distribute by abc.p_mfgr sort by abc.p_name) as dr, 
count(abc.p_name) over (distribute by abc.p_mfgr sort by abc.p_name) as cd, 
abc.p_retailprice, sum(abc.p_retailprice) over (distribute by abc.p_mfgr sort by abc.p_name rows between unbounded preceding and current row) as s1, 
abc.p_size, abc.p_size - lag(abc.p_size,1,abc.p_size) over (distribute by abc.p_mfgr sort by abc.p_name) as deltaSz 
from noopstreaming(on part 
partition by p_mfgr 
order by p_name 
) abc join part p1 on abc.p_partkey = p1.p_partkey
POSTHOOK: type: QUERY
POSTHOOK: Input: default@part
#### A masked pattern was here ####
Manufacturer#1	almond antique burnished rose metallic	1	1	4	1173.15	1173.15	2	0
Manufacturer#1	almond antique burnished rose metallic	1	1	4	1173.15	2346.3	2	0
Manufacturer#1	almond antique burnished rose metallic	1	1	4	1173.15	3519.4500000000003	2	0
Manufacturer#1	almond antique burnished rose metallic	1	1	4	1173.15	4692.6	2	0
Manufacturer#1	almond antique chartreuse lavender yellow	5	2	5	1753.76	6446.360000000001	34	32
Manufacturer#1	almond antique salmon chartreuse burlywood	6	3	6	1602.59	8048.950000000001	6	-28
Manufacturer#1	almond aquamarine burnished black steel	7	4	7	1414.42	9463.37	28	22
Manufacturer#1	almond aquamarine pink moccasin thistle	8	5	8	1632.66	11096.03	42	14
Manufacturer#2	almond antique violet chocolate turquoise	1	1	1	1690.68	1690.68	14	0
Manufacturer#2	almond antique violet turquoise frosted	2	2	2	1800.7	3491.38	40	26
Manufacturer#2	almond aquamarine midnight light salmon	3	3	3	2031.98	5523.360000000001	2	-38
Manufacturer#2	almond aquamarine rose maroon antique	4	4	4	1698.66	7222.02	25	23
Manufacturer#2	almond aquamarine sandy cyan gainsboro	5	5	5	1701.6	8923.62	18	-7
Manufacturer#3	almond antique chartreuse khaki white	1	1	1	1671.68	1671.68	17	0
Manufacturer#3	almond antique forest lavender goldenrod	2	2	2	1190.27	2861.95	14	-3
Manufacturer#3	almond antique metallic orange dim	3	3	3	1410.39	4272.34	19	5
Manufacturer#3	almond antique misty red olive	4	4	4	1922.98	6195.32	1	-18
Manufacturer#3	almond antique olive coral navajo	5	5	5	1337.29	7532.61	45	44
Manufacturer#4	almond antique gainsboro frosted violet	1	1	1	1620.67	1620.67	10	0
Manufacturer#4	almond antique violet mint lemon	2	2	2	1375.42	2996.09	39	29
Manufacturer#4	almond aquamarine floral ivory bisque	3	3	3	1206.26	4202.35	27	-12
Manufacturer#4	almond aquamarine yellow dodger mint	4	4	4	1844.92	6047.27	7	-20
Manufacturer#4	almond azure aquamarine papaya violet	5	5	5	1290.35	7337.620000000001	12	5
Manufacturer#5	almond antique blue firebrick mint	1	1	1	1789.69	1789.69	31	0
Manufacturer#5	almond antique medium spring khaki	2	2	2	1611.66	3401.3500000000004	6	-25
Manufacturer#5	almond antique sky peru orange	3	3	3	1788.73	5190.08	2	-4
Manufacturer#5	almond aquamarine dodger light gainsboro	4	4	4	1018.1	6208.18	46	44
Manufacturer#5	almond azure blanched chiffon midnight	5	5	5	1464.48	7672.66	23	-23
PREHOOK: query: -- 18. testMulti2OperatorsFunctionChainWithMap
explain
select p_mfgr, p_name,  
rank() over (partition by p_mfgr,p_name) as r, 
dense_rank() over (partition by p_mfgr,p_name) as dr, 
p_size, sum(p_size) over (partition by p_mfgr,p_name rows between unbounded preceding and current row)  as s1
from noopstreaming(on 
        noopwithmap(on 
          noop(on 
              noopstreaming(on part 
              partition by p_mfgr 
              order by p_mfgr) 
            ) 
          partition by p_mfgr,p_name 
          order by p_mfgr,p_name) 
        partition by p_mfgr,p_name  
        order by p_mfgr,p_name)
PREHOOK: type: QUERY
POSTHOOK: query: -- 18. testMulti2OperatorsFunctionChainWithMap
explain
select p_mfgr, p_name,  
rank() over (partition by p_mfgr,p_name) as r, 
dense_rank() over (partition by p_mfgr,p_name) as dr, 
p_size, sum(p_size) over (partition by p_mfgr,p_name rows between unbounded preceding and current row)  as s1
from noopstreaming(on 
        noopwithmap(on 
          noop(on 
              noopstreaming(on part 
              partition by p_mfgr 
              order by p_mfgr) 
            ) 
          partition by p_mfgr,p_name 
          order by p_mfgr,p_name) 
        partition by p_mfgr,p_name  
        order by p_mfgr,p_name)
POSTHOOK: type: QUERY
STAGE DEPENDENCIES:
  Stage-1 is a root stage
  Stage-0 depends on stages: Stage-1

STAGE PLANS:
  Stage: Stage-1
    Tez
      Edges:
        Reducer 2 <- Map 1 (SIMPLE_EDGE)
        Reducer 3 <- Reducer 2 (SIMPLE_EDGE)
        Reducer 4 <- Reducer 3 (SIMPLE_EDGE)
#### A masked pattern was here ####
      Vertices:
        Map 1 
            Map Operator Tree:
                TableScan
                  alias: part
                  Statistics: Num rows: 26 Data size: 3147 Basic stats: COMPLETE Column stats: NONE
                  Reduce Output Operator
                    key expressions: p_mfgr (type: string)
                    sort order: +
                    Map-reduce partition columns: p_mfgr (type: string)
                    Statistics: Num rows: 26 Data size: 3147 Basic stats: COMPLETE Column stats: NONE
                    value expressions: p_name (type: string), p_size (type: int)
        Reducer 2 
            Reduce Operator Tree:
              Select Operator
                expressions: VALUE._col1 (type: string), KEY.reducesinkkey0 (type: string), VALUE._col4 (type: int)
                outputColumnNames: _col1, _col2, _col5
                Statistics: Num rows: 26 Data size: 3147 Basic stats: COMPLETE Column stats: NONE
                PTF Operator
                  Function definitions:
                      Input definition
                        input alias: part
                        output shape: _col1: string, _col2: string, _col5: int
                        type: TABLE
                      Partition table definition
                        input alias: ptf_1
                        name: noopstreaming
                        order by: _col2
                        output shape: _col1: string, _col2: string, _col5: int
                        partition by: _col2
                        raw input shape:
                      Partition table definition
                        input alias: ptf_2
                        name: noop
                        order by: _col2
                        output shape: _col1: string, _col2: string, _col5: int
                        partition by: _col2
                        raw input shape:
                  Statistics: Num rows: 26 Data size: 3147 Basic stats: COMPLETE Column stats: NONE
                  PTF Operator
                    Function definitions:
                        Input definition
                          input alias: ptf_0
                          output shape: _col1: string, _col2: string, _col5: int
                          type: PTFCOMPONENT
                        Partition table definition
                          input alias: ptf_1
                          name: noopwithmap
                          order by: _col2, _col1
                          output shape: _col1: string, _col2: string, _col5: int
                          partition by: _col2, _col1
                          raw input shape:
                          transforms raw input: true
                        Partition table definition
                          input alias: ptf_2
                          name: noopstreaming
                          order by: _col2, _col1
                          output shape: _col1: string, _col2: string, _col5: int
                          partition by: _col2, _col1
                          raw input shape:
                    Statistics: Num rows: 26 Data size: 3147 Basic stats: COMPLETE Column stats: NONE
                    Map-side function: true
                    Reduce Output Operator
                      key expressions: _col2 (type: string), _col1 (type: string)
                      sort order: ++
                      Map-reduce partition columns: _col2 (type: string), _col1 (type: string)
                      Statistics: Num rows: 26 Data size: 3147 Basic stats: COMPLETE Column stats: NONE
                      value expressions: _col5 (type: int)
        Reducer 3 
            Reduce Operator Tree:
              Select Operator
                expressions: KEY.reducesinkkey1 (type: string), KEY.reducesinkkey0 (type: string), VALUE._col3 (type: int)
                outputColumnNames: _col1, _col2, _col5
                Statistics: Num rows: 26 Data size: 3147 Basic stats: COMPLETE Column stats: NONE
                PTF Operator
                  Function definitions:
                      Input definition
                        input alias: ptf_0
                        output shape: _col1: string, _col2: string, _col5: int
                        type: PTFCOMPONENT
                      Partition table definition
                        input alias: ptf_1
                        name: noopwithmap
                        order by: _col2, _col1
                        output shape: _col1: string, _col2: string, _col5: int
                        partition by: _col2, _col1
                        raw input shape:
                        transforms raw input: true
                      Partition table definition
                        input alias: ptf_2
                        name: noopstreaming
                        order by: _col2, _col1
                        output shape: _col1: string, _col2: string, _col5: int
                        partition by: _col2, _col1
                        raw input shape:
                  Statistics: Num rows: 26 Data size: 3147 Basic stats: COMPLETE Column stats: NONE
                  Reduce Output Operator
                    key expressions: _col2 (type: string), _col1 (type: string)
                    sort order: ++
                    Map-reduce partition columns: _col2 (type: string), _col1 (type: string)
                    Statistics: Num rows: 26 Data size: 3147 Basic stats: COMPLETE Column stats: NONE
                    value expressions: _col5 (type: int)
        Reducer 4 
            Reduce Operator Tree:
              Select Operator
                expressions: KEY.reducesinkkey1 (type: string), KEY.reducesinkkey0 (type: string), VALUE._col3 (type: int)
                outputColumnNames: _col1, _col2, _col5
                Statistics: Num rows: 26 Data size: 3147 Basic stats: COMPLETE Column stats: NONE
                PTF Operator
                  Function definitions:
                      Input definition
                        input alias: ptf_0
                        output shape: _col1: string, _col2: string, _col5: int
                        type: WINDOWING
                      Windowing table definition
                        input alias: ptf_1
                        name: windowingtablefunction
                        order by: _col2, _col1
                        partition by: _col2, _col1
                        raw input shape:
                        window functions:
                            window function definition
                              alias: rank_window_0
                              arguments: _col2, _col1
                              name: rank
                              window function: GenericUDAFRankEvaluator
                              window frame: PRECEDING(MAX)~FOLLOWING(MAX)
                              isPivotResult: true
                            window function definition
                              alias: dense_rank_window_1
                              arguments: _col2, _col1
                              name: dense_rank
                              window function: GenericUDAFDenseRankEvaluator
                              window frame: PRECEDING(MAX)~FOLLOWING(MAX)
                              isPivotResult: true
                            window function definition
                              alias: sum_window_2
                              arguments: _col5
                              name: sum
                              window function: GenericUDAFSumLong
                              window frame: PRECEDING(MAX)~
                  Statistics: Num rows: 26 Data size: 3147 Basic stats: COMPLETE Column stats: NONE
                  Select Operator
                    expressions: _col2 (type: string), _col1 (type: string), rank_window_0 (type: int), dense_rank_window_1 (type: int), _col5 (type: int), sum_window_2 (type: bigint)
                    outputColumnNames: _col0, _col1, _col2, _col3, _col4, _col5
                    Statistics: Num rows: 26 Data size: 3147 Basic stats: COMPLETE Column stats: NONE
                    File Output Operator
                      compressed: false
                      Statistics: Num rows: 26 Data size: 3147 Basic stats: COMPLETE Column stats: NONE
                      table:
                          input format: org.apache.hadoop.mapred.TextInputFormat
                          output format: org.apache.hadoop.hive.ql.io.HiveIgnoreKeyTextOutputFormat
                          serde: org.apache.hadoop.hive.serde2.lazy.LazySimpleSerDe

  Stage: Stage-0
    Fetch Operator
      limit: -1
      Processor Tree:
        ListSink

PREHOOK: query: select p_mfgr, p_name,  
rank() over (partition by p_mfgr,p_name) as r, 
dense_rank() over (partition by p_mfgr,p_name) as dr, 
p_size, sum(p_size) over (partition by p_mfgr,p_name rows between unbounded preceding and current row)  as s1
from noopstreaming(on 
        noopwithmap(on 
          noop(on 
              noopstreaming(on part 
              partition by p_mfgr 
              order by p_mfgr) 
            ) 
          partition by p_mfgr,p_name 
          order by p_mfgr,p_name) 
        partition by p_mfgr,p_name  
        order by p_mfgr,p_name)
PREHOOK: type: QUERY
PREHOOK: Input: default@part
#### A masked pattern was here ####
POSTHOOK: query: select p_mfgr, p_name,  
rank() over (partition by p_mfgr,p_name) as r, 
dense_rank() over (partition by p_mfgr,p_name) as dr, 
p_size, sum(p_size) over (partition by p_mfgr,p_name rows between unbounded preceding and current row)  as s1
from noopstreaming(on 
        noopwithmap(on 
          noop(on 
              noopstreaming(on part 
              partition by p_mfgr 
              order by p_mfgr) 
            ) 
          partition by p_mfgr,p_name 
          order by p_mfgr,p_name) 
        partition by p_mfgr,p_name  
        order by p_mfgr,p_name)
POSTHOOK: type: QUERY
POSTHOOK: Input: default@part
#### A masked pattern was here ####
Manufacturer#1	almond antique burnished rose metallic	1	1	2	2
Manufacturer#1	almond antique burnished rose metallic	1	1	2	4
Manufacturer#1	almond antique chartreuse lavender yellow	1	1	34	34
Manufacturer#1	almond antique salmon chartreuse burlywood	1	1	6	6
Manufacturer#1	almond aquamarine burnished black steel	1	1	28	28
Manufacturer#1	almond aquamarine pink moccasin thistle	1	1	42	42
Manufacturer#2	almond antique violet chocolate turquoise	1	1	14	14
Manufacturer#2	almond antique violet turquoise frosted	1	1	40	40
Manufacturer#2	almond aquamarine midnight light salmon	1	1	2	2
Manufacturer#2	almond aquamarine rose maroon antique	1	1	25	25
Manufacturer#2	almond aquamarine sandy cyan gainsboro	1	1	18	18
Manufacturer#3	almond antique chartreuse khaki white	1	1	17	17
Manufacturer#3	almond antique forest lavender goldenrod	1	1	14	14
Manufacturer#3	almond antique metallic orange dim	1	1	19	19
Manufacturer#3	almond antique misty red olive	1	1	1	1
Manufacturer#3	almond antique olive coral navajo	1	1	45	45
Manufacturer#4	almond antique gainsboro frosted violet	1	1	10	10
Manufacturer#4	almond antique violet mint lemon	1	1	39	39
Manufacturer#4	almond aquamarine floral ivory bisque	1	1	27	27
Manufacturer#4	almond aquamarine yellow dodger mint	1	1	7	7
Manufacturer#4	almond azure aquamarine papaya violet	1	1	12	12
Manufacturer#5	almond antique blue firebrick mint	1	1	31	31
Manufacturer#5	almond antique medium spring khaki	1	1	6	6
Manufacturer#5	almond antique sky peru orange	1	1	2	2
Manufacturer#5	almond aquamarine dodger light gainsboro	1	1	46	46
Manufacturer#5	almond azure blanched chiffon midnight	1	1	23	23
PREHOOK: query: -- 19. testMulti3OperatorsFunctionChain
explain
select p_mfgr, p_name,  
rank() over (partition by p_mfgr order by p_name) as r, 
dense_rank() over (partition by p_mfgr order by p_name) as dr, 
p_size, sum(p_size) over (partition by p_mfgr order by p_name rows between unbounded preceding and current row)  as s1
from noop(on 
        noopstreaming(on 
          noop(on 
              noopstreaming(on part 
              partition by p_mfgr 
              order by p_mfgr) 
            ) 
          partition by p_mfgr,p_name 
          order by p_mfgr,p_name) 
        partition by p_mfgr  
        order by p_mfgr )
PREHOOK: type: QUERY
POSTHOOK: query: -- 19. testMulti3OperatorsFunctionChain
explain
select p_mfgr, p_name,  
rank() over (partition by p_mfgr order by p_name) as r, 
dense_rank() over (partition by p_mfgr order by p_name) as dr, 
p_size, sum(p_size) over (partition by p_mfgr order by p_name rows between unbounded preceding and current row)  as s1
from noop(on 
        noopstreaming(on 
          noop(on 
              noopstreaming(on part 
              partition by p_mfgr 
              order by p_mfgr) 
            ) 
          partition by p_mfgr,p_name 
          order by p_mfgr,p_name) 
        partition by p_mfgr  
        order by p_mfgr )
POSTHOOK: type: QUERY
STAGE DEPENDENCIES:
  Stage-1 is a root stage
  Stage-0 depends on stages: Stage-1

STAGE PLANS:
  Stage: Stage-1
    Tez
      Edges:
        Reducer 2 <- Map 1 (SIMPLE_EDGE)
        Reducer 3 <- Reducer 2 (SIMPLE_EDGE)
        Reducer 4 <- Reducer 3 (SIMPLE_EDGE)
        Reducer 5 <- Reducer 4 (SIMPLE_EDGE)
#### A masked pattern was here ####
      Vertices:
        Map 1 
            Map Operator Tree:
                TableScan
                  alias: part
                  Statistics: Num rows: 26 Data size: 3147 Basic stats: COMPLETE Column stats: NONE
                  Reduce Output Operator
                    key expressions: p_mfgr (type: string)
                    sort order: +
                    Map-reduce partition columns: p_mfgr (type: string)
                    Statistics: Num rows: 26 Data size: 3147 Basic stats: COMPLETE Column stats: NONE
                    value expressions: p_name (type: string), p_size (type: int)
        Reducer 2 
            Reduce Operator Tree:
              Select Operator
                expressions: VALUE._col1 (type: string), KEY.reducesinkkey0 (type: string), VALUE._col4 (type: int)
                outputColumnNames: _col1, _col2, _col5
                Statistics: Num rows: 26 Data size: 3147 Basic stats: COMPLETE Column stats: NONE
                PTF Operator
                  Function definitions:
                      Input definition
                        input alias: part
                        output shape: _col1: string, _col2: string, _col5: int
                        type: TABLE
                      Partition table definition
                        input alias: ptf_1
                        name: noopstreaming
                        order by: _col2
                        output shape: _col1: string, _col2: string, _col5: int
                        partition by: _col2
                        raw input shape:
                      Partition table definition
                        input alias: ptf_2
                        name: noop
                        order by: _col2
                        output shape: _col1: string, _col2: string, _col5: int
                        partition by: _col2
                        raw input shape:
                  Statistics: Num rows: 26 Data size: 3147 Basic stats: COMPLETE Column stats: NONE
                  Reduce Output Operator
                    key expressions: _col2 (type: string), _col1 (type: string)
                    sort order: ++
                    Map-reduce partition columns: _col2 (type: string), _col1 (type: string)
                    Statistics: Num rows: 26 Data size: 3147 Basic stats: COMPLETE Column stats: NONE
                    value expressions: _col5 (type: int)
        Reducer 3 
            Reduce Operator Tree:
              Select Operator
                expressions: KEY.reducesinkkey1 (type: string), KEY.reducesinkkey0 (type: string), VALUE._col3 (type: int)
                outputColumnNames: _col1, _col2, _col5
                Statistics: Num rows: 26 Data size: 3147 Basic stats: COMPLETE Column stats: NONE
                PTF Operator
                  Function definitions:
                      Input definition
                        input alias: ptf_0
                        output shape: _col1: string, _col2: string, _col5: int
                        type: PTFCOMPONENT
                      Partition table definition
                        input alias: ptf_1
                        name: noopstreaming
                        order by: _col2, _col1
                        output shape: _col1: string, _col2: string, _col5: int
                        partition by: _col2, _col1
                        raw input shape:
                  Statistics: Num rows: 26 Data size: 3147 Basic stats: COMPLETE Column stats: NONE
                  Reduce Output Operator
                    key expressions: _col2 (type: string)
                    sort order: +
                    Map-reduce partition columns: _col2 (type: string)
                    Statistics: Num rows: 26 Data size: 3147 Basic stats: COMPLETE Column stats: NONE
                    value expressions: _col1 (type: string), _col5 (type: int)
        Reducer 4 
            Reduce Operator Tree:
              Select Operator
                expressions: VALUE._col1 (type: string), KEY.reducesinkkey0 (type: string), VALUE._col4 (type: int)
                outputColumnNames: _col1, _col2, _col5
                Statistics: Num rows: 26 Data size: 3147 Basic stats: COMPLETE Column stats: NONE
                PTF Operator
                  Function definitions:
                      Input definition
                        input alias: ptf_0
                        output shape: _col1: string, _col2: string, _col5: int
                        type: PTFCOMPONENT
                      Partition table definition
                        input alias: ptf_1
                        name: noop
                        order by: _col2
                        output shape: _col1: string, _col2: string, _col5: int
                        partition by: _col2
                        raw input shape:
                  Statistics: Num rows: 26 Data size: 3147 Basic stats: COMPLETE Column stats: NONE
                  Reduce Output Operator
                    key expressions: _col2 (type: string), _col1 (type: string)
                    sort order: ++
                    Map-reduce partition columns: _col2 (type: string)
                    Statistics: Num rows: 26 Data size: 3147 Basic stats: COMPLETE Column stats: NONE
                    value expressions: _col5 (type: int)
        Reducer 5 
            Reduce Operator Tree:
              Select Operator
                expressions: KEY.reducesinkkey1 (type: string), KEY.reducesinkkey0 (type: string), VALUE._col3 (type: int)
                outputColumnNames: _col1, _col2, _col5
                Statistics: Num rows: 26 Data size: 3147 Basic stats: COMPLETE Column stats: NONE
                PTF Operator
                  Function definitions:
                      Input definition
                        input alias: ptf_0
                        output shape: _col1: string, _col2: string, _col5: int
                        type: WINDOWING
                      Windowing table definition
                        input alias: ptf_1
                        name: windowingtablefunction
                        order by: _col1
                        partition by: _col2
                        raw input shape:
                        window functions:
                            window function definition
                              alias: rank_window_0
                              arguments: _col1
                              name: rank
                              window function: GenericUDAFRankEvaluator
                              window frame: PRECEDING(MAX)~FOLLOWING(MAX)
                              isPivotResult: true
                            window function definition
                              alias: dense_rank_window_1
                              arguments: _col1
                              name: dense_rank
                              window function: GenericUDAFDenseRankEvaluator
                              window frame: PRECEDING(MAX)~FOLLOWING(MAX)
                              isPivotResult: true
                            window function definition
                              alias: sum_window_2
                              arguments: _col5
                              name: sum
                              window function: GenericUDAFSumLong
                              window frame: PRECEDING(MAX)~
                  Statistics: Num rows: 26 Data size: 3147 Basic stats: COMPLETE Column stats: NONE
                  Select Operator
                    expressions: _col2 (type: string), _col1 (type: string), rank_window_0 (type: int), dense_rank_window_1 (type: int), _col5 (type: int), sum_window_2 (type: bigint)
                    outputColumnNames: _col0, _col1, _col2, _col3, _col4, _col5
                    Statistics: Num rows: 26 Data size: 3147 Basic stats: COMPLETE Column stats: NONE
                    File Output Operator
                      compressed: false
                      Statistics: Num rows: 26 Data size: 3147 Basic stats: COMPLETE Column stats: NONE
                      table:
                          input format: org.apache.hadoop.mapred.TextInputFormat
                          output format: org.apache.hadoop.hive.ql.io.HiveIgnoreKeyTextOutputFormat
                          serde: org.apache.hadoop.hive.serde2.lazy.LazySimpleSerDe

  Stage: Stage-0
    Fetch Operator
      limit: -1
      Processor Tree:
        ListSink

PREHOOK: query: select p_mfgr, p_name,  
rank() over (partition by p_mfgr order by p_name) as r, 
dense_rank() over (partition by p_mfgr order by p_name) as dr, 
p_size, sum(p_size) over (partition by p_mfgr order by p_name rows between unbounded preceding and current row)  as s1
from noop(on 
        noopstreaming(on 
          noop(on 
              noopstreaming(on part 
              partition by p_mfgr 
              order by p_mfgr) 
            ) 
          partition by p_mfgr,p_name 
          order by p_mfgr,p_name) 
        partition by p_mfgr  
        order by p_mfgr )
PREHOOK: type: QUERY
PREHOOK: Input: default@part
#### A masked pattern was here ####
POSTHOOK: query: select p_mfgr, p_name,  
rank() over (partition by p_mfgr order by p_name) as r, 
dense_rank() over (partition by p_mfgr order by p_name) as dr, 
p_size, sum(p_size) over (partition by p_mfgr order by p_name rows between unbounded preceding and current row)  as s1
from noop(on 
        noopstreaming(on 
          noop(on 
              noopstreaming(on part 
              partition by p_mfgr 
              order by p_mfgr) 
            ) 
          partition by p_mfgr,p_name 
          order by p_mfgr,p_name) 
        partition by p_mfgr  
        order by p_mfgr )
POSTHOOK: type: QUERY
POSTHOOK: Input: default@part
#### A masked pattern was here ####
Manufacturer#1	almond antique burnished rose metallic	1	1	2	2
Manufacturer#1	almond antique burnished rose metallic	1	1	2	4
Manufacturer#1	almond antique chartreuse lavender yellow	3	2	34	38
Manufacturer#1	almond antique salmon chartreuse burlywood	4	3	6	44
Manufacturer#1	almond aquamarine burnished black steel	5	4	28	72
Manufacturer#1	almond aquamarine pink moccasin thistle	6	5	42	114
Manufacturer#2	almond antique violet chocolate turquoise	1	1	14	14
Manufacturer#2	almond antique violet turquoise frosted	2	2	40	54
Manufacturer#2	almond aquamarine midnight light salmon	3	3	2	56
Manufacturer#2	almond aquamarine rose maroon antique	4	4	25	81
Manufacturer#2	almond aquamarine sandy cyan gainsboro	5	5	18	99
Manufacturer#3	almond antique chartreuse khaki white	1	1	17	17
Manufacturer#3	almond antique forest lavender goldenrod	2	2	14	31
Manufacturer#3	almond antique metallic orange dim	3	3	19	50
Manufacturer#3	almond antique misty red olive	4	4	1	51
Manufacturer#3	almond antique olive coral navajo	5	5	45	96
Manufacturer#4	almond antique gainsboro frosted violet	1	1	10	10
Manufacturer#4	almond antique violet mint lemon	2	2	39	49
Manufacturer#4	almond aquamarine floral ivory bisque	3	3	27	76
Manufacturer#4	almond aquamarine yellow dodger mint	4	4	7	83
Manufacturer#4	almond azure aquamarine papaya violet	5	5	12	95
Manufacturer#5	almond antique blue firebrick mint	1	1	31	31
Manufacturer#5	almond antique medium spring khaki	2	2	6	37
Manufacturer#5	almond antique sky peru orange	3	3	2	39
Manufacturer#5	almond aquamarine dodger light gainsboro	4	4	46	85
Manufacturer#5	almond azure blanched chiffon midnight	5	5	23	108
PREHOOK: query: -- 23. testMultiOperatorChainWithDiffPartitionForWindow2
explain
select p_mfgr, p_name,  
rank() over (partition by p_mfgr order by p_name) as r, 
dense_rank() over (partition by p_mfgr order by p_name) as dr, 
p_size, 
sum(p_size) over (partition by p_mfgr order by p_name range between unbounded preceding and current row) as s1, 
sum(p_size) over (partition by p_mfgr order by p_name range between unbounded preceding and current row)  as s2
from noopwithmapstreaming(on 
        noop(on 
              noopstreaming(on part 
              partition by p_mfgr, p_name 
              order by p_mfgr, p_name) 
          ))
PREHOOK: type: QUERY
POSTHOOK: query: -- 23. testMultiOperatorChainWithDiffPartitionForWindow2
explain
select p_mfgr, p_name,  
rank() over (partition by p_mfgr order by p_name) as r, 
dense_rank() over (partition by p_mfgr order by p_name) as dr, 
p_size, 
sum(p_size) over (partition by p_mfgr order by p_name range between unbounded preceding and current row) as s1, 
sum(p_size) over (partition by p_mfgr order by p_name range between unbounded preceding and current row)  as s2
from noopwithmapstreaming(on 
        noop(on 
              noopstreaming(on part 
              partition by p_mfgr, p_name 
              order by p_mfgr, p_name) 
          ))
POSTHOOK: type: QUERY
STAGE DEPENDENCIES:
  Stage-1 is a root stage
  Stage-0 depends on stages: Stage-1

STAGE PLANS:
  Stage: Stage-1
    Tez
      Edges:
        Reducer 2 <- Map 1 (SIMPLE_EDGE)
        Reducer 3 <- Reducer 2 (SIMPLE_EDGE)
        Reducer 4 <- Reducer 3 (SIMPLE_EDGE)
#### A masked pattern was here ####
      Vertices:
        Map 1 
            Map Operator Tree:
                TableScan
                  alias: part
                  Statistics: Num rows: 26 Data size: 3147 Basic stats: COMPLETE Column stats: NONE
                  Reduce Output Operator
                    key expressions: p_mfgr (type: string), p_name (type: string)
                    sort order: ++
                    Map-reduce partition columns: p_mfgr (type: string), p_name (type: string)
                    Statistics: Num rows: 26 Data size: 3147 Basic stats: COMPLETE Column stats: NONE
                    value expressions: p_size (type: int)
        Reducer 2 
            Reduce Operator Tree:
              Select Operator
                expressions: KEY.reducesinkkey1 (type: string), KEY.reducesinkkey0 (type: string), VALUE._col3 (type: int)
                outputColumnNames: _col1, _col2, _col5
                Statistics: Num rows: 26 Data size: 3147 Basic stats: COMPLETE Column stats: NONE
                PTF Operator
                  Function definitions:
                      Input definition
                        input alias: part
                        output shape: _col1: string, _col2: string, _col5: int
                        type: TABLE
                      Partition table definition
                        input alias: ptf_1
                        name: noopstreaming
                        order by: _col2, _col1
                        output shape: _col1: string, _col2: string, _col5: int
                        partition by: _col2, _col1
                        raw input shape:
                      Partition table definition
                        input alias: ptf_2
                        name: noop
                        order by: _col2, _col1
                        output shape: _col1: string, _col2: string, _col5: int
                        partition by: _col2, _col1
                        raw input shape:
                  Statistics: Num rows: 26 Data size: 3147 Basic stats: COMPLETE Column stats: NONE
                  PTF Operator
                    Function definitions:
                        Input definition
                          input alias: ptf_0
                          output shape: _col1: string, _col2: string, _col5: int
                          type: PTFCOMPONENT
                        Partition table definition
                          input alias: ptf_1
                          name: noopwithmapstreaming
                          order by: _col2, _col1
                          output shape: _col1: string, _col2: string, _col5: int
                          partition by: _col2, _col1
                          raw input shape:
                          transforms raw input: true
                    Statistics: Num rows: 26 Data size: 3147 Basic stats: COMPLETE Column stats: NONE
                    Map-side function: true
                    Reduce Output Operator
                      key expressions: _col2 (type: string), _col1 (type: string)
                      sort order: ++
                      Map-reduce partition columns: _col2 (type: string), _col1 (type: string)
                      Statistics: Num rows: 26 Data size: 3147 Basic stats: COMPLETE Column stats: NONE
                      value expressions: _col5 (type: int)
        Reducer 3 
            Reduce Operator Tree:
              Select Operator
                expressions: KEY.reducesinkkey1 (type: string), KEY.reducesinkkey0 (type: string), VALUE._col3 (type: int)
                outputColumnNames: _col1, _col2, _col5
                Statistics: Num rows: 26 Data size: 3147 Basic stats: COMPLETE Column stats: NONE
                PTF Operator
                  Function definitions:
                      Input definition
                        input alias: ptf_0
                        output shape: _col1: string, _col2: string, _col5: int
                        type: PTFCOMPONENT
                      Partition table definition
                        input alias: ptf_1
                        name: noopwithmapstreaming
                        order by: _col2, _col1
                        output shape: _col1: string, _col2: string, _col5: int
                        partition by: _col2, _col1
                        raw input shape:
                        transforms raw input: true
                  Statistics: Num rows: 26 Data size: 3147 Basic stats: COMPLETE Column stats: NONE
                  Reduce Output Operator
                    key expressions: _col2 (type: string), _col1 (type: string)
                    sort order: ++
                    Map-reduce partition columns: _col2 (type: string)
                    Statistics: Num rows: 26 Data size: 3147 Basic stats: COMPLETE Column stats: NONE
                    value expressions: _col5 (type: int)
        Reducer 4 
            Reduce Operator Tree:
              Select Operator
                expressions: KEY.reducesinkkey1 (type: string), KEY.reducesinkkey0 (type: string), VALUE._col3 (type: int)
                outputColumnNames: _col1, _col2, _col5
                Statistics: Num rows: 26 Data size: 3147 Basic stats: COMPLETE Column stats: NONE
                PTF Operator
                  Function definitions:
                      Input definition
                        input alias: ptf_0
                        output shape: _col1: string, _col2: string, _col5: int
                        type: WINDOWING
                      Windowing table definition
                        input alias: ptf_1
                        name: windowingtablefunction
                        order by: _col1
                        partition by: _col2
                        raw input shape:
                        window functions:
                            window function definition
                              alias: rank_window_0
                              arguments: _col1
                              name: rank
                              window function: GenericUDAFRankEvaluator
                              window frame: PRECEDING(MAX)~FOLLOWING(MAX)
                              isPivotResult: true
                            window function definition
                              alias: dense_rank_window_1
                              arguments: _col1
                              name: dense_rank
                              window function: GenericUDAFDenseRankEvaluator
                              window frame: PRECEDING(MAX)~FOLLOWING(MAX)
                              isPivotResult: true
                            window function definition
                              alias: sum_window_2
                              arguments: _col5
                              name: sum
                              window function: GenericUDAFSumLong
                              window frame: PRECEDING(MAX)~
                  Statistics: Num rows: 26 Data size: 3147 Basic stats: COMPLETE Column stats: NONE
                  Select Operator
                    expressions: _col2 (type: string), _col1 (type: string), rank_window_0 (type: int), dense_rank_window_1 (type: int), _col5 (type: int), sum_window_2 (type: bigint), sum_window_2 (type: bigint)
                    outputColumnNames: _col0, _col1, _col2, _col3, _col4, _col5, _col6
                    Statistics: Num rows: 26 Data size: 3147 Basic stats: COMPLETE Column stats: NONE
                    File Output Operator
                      compressed: false
                      Statistics: Num rows: 26 Data size: 3147 Basic stats: COMPLETE Column stats: NONE
                      table:
                          input format: org.apache.hadoop.mapred.TextInputFormat
                          output format: org.apache.hadoop.hive.ql.io.HiveIgnoreKeyTextOutputFormat
                          serde: org.apache.hadoop.hive.serde2.lazy.LazySimpleSerDe

  Stage: Stage-0
    Fetch Operator
      limit: -1
      Processor Tree:
        ListSink

PREHOOK: query: select p_mfgr, p_name,  
rank() over (partition by p_mfgr order by p_name) as r, 
dense_rank() over (partition by p_mfgr order by p_name) as dr, 
p_size, 
sum(p_size) over (partition by p_mfgr order by p_name range between unbounded preceding and current row) as s1, 
sum(p_size) over (partition by p_mfgr order by p_name range between unbounded preceding and current row)  as s2
from noopwithmapstreaming(on 
        noop(on 
              noopstreaming(on part 
              partition by p_mfgr, p_name 
              order by p_mfgr, p_name) 
          ))
PREHOOK: type: QUERY
PREHOOK: Input: default@part
#### A masked pattern was here ####
POSTHOOK: query: select p_mfgr, p_name,  
rank() over (partition by p_mfgr order by p_name) as r, 
dense_rank() over (partition by p_mfgr order by p_name) as dr, 
p_size, 
sum(p_size) over (partition by p_mfgr order by p_name range between unbounded preceding and current row) as s1, 
sum(p_size) over (partition by p_mfgr order by p_name range between unbounded preceding and current row)  as s2
from noopwithmapstreaming(on 
        noop(on 
              noopstreaming(on part 
              partition by p_mfgr, p_name 
              order by p_mfgr, p_name) 
          ))
POSTHOOK: type: QUERY
POSTHOOK: Input: default@part
#### A masked pattern was here ####
Manufacturer#1	almond antique burnished rose metallic	1	1	2	4	4
Manufacturer#1	almond antique burnished rose metallic	1	1	2	4	4
Manufacturer#1	almond antique chartreuse lavender yellow	3	2	34	38	38
Manufacturer#1	almond antique salmon chartreuse burlywood	4	3	6	44	44
Manufacturer#1	almond aquamarine burnished black steel	5	4	28	72	72
Manufacturer#1	almond aquamarine pink moccasin thistle	6	5	42	114	114
Manufacturer#2	almond antique violet chocolate turquoise	1	1	14	14	14
Manufacturer#2	almond antique violet turquoise frosted	2	2	40	54	54
Manufacturer#2	almond aquamarine midnight light salmon	3	3	2	56	56
Manufacturer#2	almond aquamarine rose maroon antique	4	4	25	81	81
Manufacturer#2	almond aquamarine sandy cyan gainsboro	5	5	18	99	99
Manufacturer#3	almond antique chartreuse khaki white	1	1	17	17	17
Manufacturer#3	almond antique forest lavender goldenrod	2	2	14	31	31
Manufacturer#3	almond antique metallic orange dim	3	3	19	50	50
Manufacturer#3	almond antique misty red olive	4	4	1	51	51
Manufacturer#3	almond antique olive coral navajo	5	5	45	96	96
Manufacturer#4	almond antique gainsboro frosted violet	1	1	10	10	10
Manufacturer#4	almond antique violet mint lemon	2	2	39	49	49
Manufacturer#4	almond aquamarine floral ivory bisque	3	3	27	76	76
Manufacturer#4	almond aquamarine yellow dodger mint	4	4	7	83	83
Manufacturer#4	almond azure aquamarine papaya violet	5	5	12	95	95
Manufacturer#5	almond antique blue firebrick mint	1	1	31	31	31
Manufacturer#5	almond antique medium spring khaki	2	2	6	37	37
Manufacturer#5	almond antique sky peru orange	3	3	2	39	39
Manufacturer#5	almond aquamarine dodger light gainsboro	4	4	46	85	85
Manufacturer#5	almond azure blanched chiffon midnight	5	5	23	108	108
