PREHOOK: query: create temporary table foo (id int, code int) stored as orc
PREHOOK: type: CREATETABLE
PREHOOK: Output: database:default
PREHOOK: Output: default@foo
POSTHOOK: query: create temporary table foo (id int, code int) stored as orc
POSTHOOK: type: CREATETABLE
POSTHOOK: Output: database:default
POSTHOOK: Output: default@foo
PREHOOK: query: create temporary table bar (id int, code int) stored as orc
PREHOOK: type: CREATETABLE
PREHOOK: Output: database:default
PREHOOK: Output: default@bar
POSTHOOK: query: create temporary table bar (id int, code int) stored as orc
POSTHOOK: type: CREATETABLE
POSTHOOK: Output: database:default
POSTHOOK: Output: default@bar
PREHOOK: query: create temporary table baz (id int) stored as orc
PREHOOK: type: CREATETABLE
PREHOOK: Output: database:default
PREHOOK: Output: default@baz
POSTHOOK: query: create temporary table baz (id int) stored as orc
POSTHOOK: type: CREATETABLE
POSTHOOK: Output: database:default
POSTHOOK: Output: default@baz
PREHOOK: query: insert into foo values(1, 1),(2, 2),(3, 3),(4, 4)
PREHOOK: type: QUERY
PREHOOK: Input: _dummy_database@_dummy_table
PREHOOK: Output: default@foo
POSTHOOK: query: insert into foo values(1, 1),(2, 2),(3, 3),(4, 4)
POSTHOOK: type: QUERY
POSTHOOK: Input: _dummy_database@_dummy_table
POSTHOOK: Output: default@foo
POSTHOOK: Lineage: foo.code SCRIPT []
POSTHOOK: Lineage: foo.id SCRIPT []
PREHOOK: query: insert into bar values(2, 2),(4, 4)
PREHOOK: type: QUERY
PREHOOK: Input: _dummy_database@_dummy_table
PREHOOK: Output: default@bar
POSTHOOK: query: insert into bar values(2, 2),(4, 4)
POSTHOOK: type: QUERY
POSTHOOK: Input: _dummy_database@_dummy_table
POSTHOOK: Output: default@bar
POSTHOOK: Lineage: bar.code SCRIPT []
POSTHOOK: Lineage: bar.id SCRIPT []
PREHOOK: query: insert into baz values(2),(4)
PREHOOK: type: QUERY
PREHOOK: Input: _dummy_database@_dummy_table
PREHOOK: Output: default@baz
POSTHOOK: query: insert into baz values(2),(4)
POSTHOOK: type: QUERY
POSTHOOK: Input: _dummy_database@_dummy_table
POSTHOOK: Output: default@baz
POSTHOOK: Lineage: baz.id SCRIPT []
PREHOOK: query: explain select count(*) from foo a left outer join bar b on a.id = b.id and (a.code = 2 or a.code = 4) left outer join baz c on a.id = c.id
PREHOOK: type: QUERY
PREHOOK: Input: default@bar
PREHOOK: Input: default@baz
PREHOOK: Input: default@foo
PREHOOK: Output: hdfs://### HDFS PATH ###
POSTHOOK: query: explain select count(*) from foo a left outer join bar b on a.id = b.id and (a.code = 2 or a.code = 4) left outer join baz c on a.id = c.id
POSTHOOK: type: QUERY
POSTHOOK: Input: default@bar
POSTHOOK: Input: default@baz
POSTHOOK: Input: default@foo
POSTHOOK: Output: hdfs://### HDFS PATH ###
STAGE DEPENDENCIES:
  Stage-1 is a root stage
  Stage-0 depends on stages: Stage-1

STAGE PLANS:
  Stage: Stage-1
    Tez
#### A masked pattern was here ####
      Edges:
        Reducer 2 <- Map 1 (SIMPLE_EDGE), Map 4 (SIMPLE_EDGE), Map 5 (SIMPLE_EDGE)
        Reducer 3 <- Reducer 2 (CUSTOM_SIMPLE_EDGE)
#### A masked pattern was here ####
      Vertices:
        Map 1 
            Map Operator Tree:
                TableScan
                  alias: a
                  Statistics: Num rows: 4 Data size: 32 Basic stats: COMPLETE Column stats: NONE
                  Select Operator
                    expressions: id (type: int), (code) IN (2, 4) (type: boolean)
                    outputColumnNames: _col0, _col1
                    Statistics: Num rows: 4 Data size: 32 Basic stats: COMPLETE Column stats: NONE
                    Reduce Output Operator
                      key expressions: _col0 (type: int)
                      null sort order: z
                      sort order: +
                      Map-reduce partition columns: _col0 (type: int)
                      Statistics: Num rows: 4 Data size: 32 Basic stats: COMPLETE Column stats: NONE
                      value expressions: _col1 (type: boolean)
            Execution mode: vectorized
        Map 4 
            Map Operator Tree:
                TableScan
                  alias: b
                  filterExpr: id is not null (type: boolean)
                  Statistics: Num rows: 2 Data size: 8 Basic stats: COMPLETE Column stats: NONE
                  Filter Operator
                    predicate: id is not null (type: boolean)
                    Statistics: Num rows: 2 Data size: 8 Basic stats: COMPLETE Column stats: NONE
                    Select Operator
                      expressions: id (type: int)
                      outputColumnNames: _col0
                      Statistics: Num rows: 2 Data size: 8 Basic stats: COMPLETE Column stats: NONE
                      Reduce Output Operator
                        key expressions: _col0 (type: int)
                        null sort order: z
                        sort order: +
                        Map-reduce partition columns: _col0 (type: int)
                        Statistics: Num rows: 2 Data size: 8 Basic stats: COMPLETE Column stats: NONE
            Execution mode: vectorized
        Map 5 
            Map Operator Tree:
                TableScan
                  alias: c
                  filterExpr: id is not null (type: boolean)
                  Statistics: Num rows: 2 Data size: 8 Basic stats: COMPLETE Column stats: NONE
                  Filter Operator
                    predicate: id is not null (type: boolean)
                    Statistics: Num rows: 2 Data size: 8 Basic stats: COMPLETE Column stats: NONE
                    Select Operator
                      expressions: id (type: int)
                      outputColumnNames: _col0
                      Statistics: Num rows: 2 Data size: 8 Basic stats: COMPLETE Column stats: NONE
                      Reduce Output Operator
                        key expressions: _col0 (type: int)
                        null sort order: z
                        sort order: +
                        Map-reduce partition columns: _col0 (type: int)
                        Statistics: Num rows: 2 Data size: 8 Basic stats: COMPLETE Column stats: NONE
            Execution mode: vectorized
        Reducer 2 
            Reduce Operator Tree:
              Merge Join Operator
                condition map:
                     Left Outer Join 0 to 1
                     Left Outer Join 0 to 2
                filter predicates:
                  0 {VALUE._col0}
                  1 
                  2 
                keys:
                  0 _col0 (type: int)
                  1 _col0 (type: int)
                  2 _col0 (type: int)
                Statistics: Num rows: 8 Data size: 70 Basic stats: COMPLETE Column stats: NONE
                Group By Operator
                  aggregations: count()
                  minReductionHashAggr: 0.99
                  mode: hash
                  outputColumnNames: _col0
                  Statistics: Num rows: 1 Data size: 8 Basic stats: COMPLETE Column stats: NONE
                  Reduce Output Operator
                    null sort order: 
                    sort order: 
                    Statistics: Num rows: 1 Data size: 8 Basic stats: COMPLETE Column stats: NONE
                    value expressions: _col0 (type: bigint)
        Reducer 3 
            Execution mode: vectorized
            Reduce Operator Tree:
              Group By Operator
                aggregations: count(VALUE._col0)
                mode: mergepartial
                outputColumnNames: _col0
                Statistics: Num rows: 1 Data size: 8 Basic stats: COMPLETE Column stats: NONE
                File Output Operator
                  compressed: false
                  Statistics: Num rows: 1 Data size: 8 Basic stats: COMPLETE Column stats: NONE
                  table:
                      input format: org.apache.hadoop.mapred.SequenceFileInputFormat
                      output format: org.apache.hadoop.hive.ql.io.HiveSequenceFileOutputFormat
                      serde: org.apache.hadoop.hive.serde2.lazy.LazySimpleSerDe

  Stage: Stage-0
    Fetch Operator
      limit: -1
      Processor Tree:
        ListSink

PREHOOK: query: explain select count(*) from foo a left outer join bar b on a.id = b.id and (a.code = 2 or a.code = 4) left outer join baz c on a.id = c.id
PREHOOK: type: QUERY
PREHOOK: Input: default@bar
PREHOOK: Input: default@baz
PREHOOK: Input: default@foo
PREHOOK: Output: hdfs://### HDFS PATH ###
POSTHOOK: query: explain select count(*) from foo a left outer join bar b on a.id = b.id and (a.code = 2 or a.code = 4) left outer join baz c on a.id = c.id
POSTHOOK: type: QUERY
POSTHOOK: Input: default@bar
POSTHOOK: Input: default@baz
POSTHOOK: Input: default@foo
POSTHOOK: Output: hdfs://### HDFS PATH ###
STAGE DEPENDENCIES:
  Stage-1 is a root stage
  Stage-0 depends on stages: Stage-1

STAGE PLANS:
  Stage: Stage-1
    Tez
#### A masked pattern was here ####
      Edges:
        Map 1 <- Map 3 (BROADCAST_EDGE), Map 4 (BROADCAST_EDGE)
        Reducer 2 <- Map 1 (CUSTOM_SIMPLE_EDGE)
#### A masked pattern was here ####
      Vertices:
        Map 1 
            Map Operator Tree:
                TableScan
                  alias: a
                  Statistics: Num rows: 4 Data size: 32 Basic stats: COMPLETE Column stats: NONE
                  Select Operator
                    expressions: id (type: int), (code) IN (2, 4) (type: boolean)
                    outputColumnNames: _col0, _col1
                    Statistics: Num rows: 4 Data size: 32 Basic stats: COMPLETE Column stats: NONE
                    Map Join Operator
                      condition map:
                           Left Outer Join 0 to 1
                      filter predicates:
                        0 {_col1}
                        1 
                      keys:
                        0 _col0 (type: int)
                        1 _col0 (type: int)
                      outputColumnNames: _col0
                      input vertices:
                        1 Map 3
                      Statistics: Num rows: 4 Data size: 35 Basic stats: COMPLETE Column stats: NONE
                      Map Join Operator
                        condition map:
                             Left Outer Join 0 to 1
                        keys:
                          0 _col0 (type: int)
                          1 _col0 (type: int)
                        input vertices:
                          1 Map 4
                        Statistics: Num rows: 4 Data size: 38 Basic stats: COMPLETE Column stats: NONE
                        Group By Operator
                          aggregations: count()
                          minReductionHashAggr: 0.99
                          mode: hash
                          outputColumnNames: _col0
                          Statistics: Num rows: 1 Data size: 8 Basic stats: COMPLETE Column stats: NONE
                          Reduce Output Operator
                            null sort order: 
                            sort order: 
                            Statistics: Num rows: 1 Data size: 8 Basic stats: COMPLETE Column stats: NONE
                            value expressions: _col0 (type: bigint)
            Execution mode: vectorized
        Map 3 
            Map Operator Tree:
                TableScan
                  alias: b
                  filterExpr: id is not null (type: boolean)
                  Statistics: Num rows: 2 Data size: 8 Basic stats: COMPLETE Column stats: NONE
                  Filter Operator
                    predicate: id is not null (type: boolean)
                    Statistics: Num rows: 2 Data size: 8 Basic stats: COMPLETE Column stats: NONE
                    Select Operator
                      expressions: id (type: int)
                      outputColumnNames: _col0
                      Statistics: Num rows: 2 Data size: 8 Basic stats: COMPLETE Column stats: NONE
                      Reduce Output Operator
                        key expressions: _col0 (type: int)
                        null sort order: z
                        sort order: +
                        Map-reduce partition columns: _col0 (type: int)
                        Statistics: Num rows: 2 Data size: 8 Basic stats: COMPLETE Column stats: NONE
            Execution mode: vectorized
        Map 4 
            Map Operator Tree:
                TableScan
                  alias: c
                  filterExpr: id is not null (type: boolean)
                  Statistics: Num rows: 2 Data size: 8 Basic stats: COMPLETE Column stats: NONE
                  Filter Operator
                    predicate: id is not null (type: boolean)
                    Statistics: Num rows: 2 Data size: 8 Basic stats: COMPLETE Column stats: NONE
                    Select Operator
                      expressions: id (type: int)
                      outputColumnNames: _col0
                      Statistics: Num rows: 2 Data size: 8 Basic stats: COMPLETE Column stats: NONE
                      Reduce Output Operator
                        key expressions: _col0 (type: int)
                        null sort order: z
                        sort order: +
                        Map-reduce partition columns: _col0 (type: int)
                        Statistics: Num rows: 2 Data size: 8 Basic stats: COMPLETE Column stats: NONE
            Execution mode: vectorized
        Reducer 2 
            Execution mode: vectorized
            Reduce Operator Tree:
              Group By Operator
                aggregations: count(VALUE._col0)
                mode: mergepartial
                outputColumnNames: _col0
                Statistics: Num rows: 1 Data size: 8 Basic stats: COMPLETE Column stats: NONE
                File Output Operator
                  compressed: false
                  Statistics: Num rows: 1 Data size: 8 Basic stats: COMPLETE Column stats: NONE
                  table:
                      input format: org.apache.hadoop.mapred.SequenceFileInputFormat
                      output format: org.apache.hadoop.hive.ql.io.HiveSequenceFileOutputFormat
                      serde: org.apache.hadoop.hive.serde2.lazy.LazySimpleSerDe

  Stage: Stage-0
    Fetch Operator
      limit: -1
      Processor Tree:
        ListSink

PREHOOK: query: select count(*) from foo a left outer join bar b on a.id = b.id and (a.code = 2 or a.code = 4) left outer join baz c on a.id = c.id
PREHOOK: type: QUERY
PREHOOK: Input: default@bar
PREHOOK: Input: default@baz
PREHOOK: Input: default@foo
PREHOOK: Output: hdfs://### HDFS PATH ###
POSTHOOK: query: select count(*) from foo a left outer join bar b on a.id = b.id and (a.code = 2 or a.code = 4) left outer join baz c on a.id = c.id
POSTHOOK: type: QUERY
POSTHOOK: Input: default@bar
POSTHOOK: Input: default@baz
POSTHOOK: Input: default@foo
POSTHOOK: Output: hdfs://### HDFS PATH ###
4
PREHOOK: query: select count(*) from foo a left outer join bar b on a.id = b.id and (a.code = 2 or a.code = 4) left outer join baz c on a.id = c.id
PREHOOK: type: QUERY
PREHOOK: Input: default@bar
PREHOOK: Input: default@baz
PREHOOK: Input: default@foo
PREHOOK: Output: hdfs://### HDFS PATH ###
POSTHOOK: query: select count(*) from foo a left outer join bar b on a.id = b.id and (a.code = 2 or a.code = 4) left outer join baz c on a.id = c.id
POSTHOOK: type: QUERY
POSTHOOK: Input: default@bar
POSTHOOK: Input: default@baz
POSTHOOK: Input: default@foo
POSTHOOK: Output: hdfs://### HDFS PATH ###
4
PREHOOK: query: explain select count(*) from foo a inner join bar b on a.id = b.id and (a.code = 2 or a.code = 4) left outer join baz c on a.id = c.id
PREHOOK: type: QUERY
PREHOOK: Input: default@bar
PREHOOK: Input: default@baz
PREHOOK: Input: default@foo
PREHOOK: Output: hdfs://### HDFS PATH ###
POSTHOOK: query: explain select count(*) from foo a inner join bar b on a.id = b.id and (a.code = 2 or a.code = 4) left outer join baz c on a.id = c.id
POSTHOOK: type: QUERY
POSTHOOK: Input: default@bar
POSTHOOK: Input: default@baz
POSTHOOK: Input: default@foo
POSTHOOK: Output: hdfs://### HDFS PATH ###
STAGE DEPENDENCIES:
  Stage-1 is a root stage
  Stage-0 depends on stages: Stage-1

STAGE PLANS:
  Stage: Stage-1
    Tez
#### A masked pattern was here ####
      Edges:
        Reducer 2 <- Map 1 (SIMPLE_EDGE), Map 4 (SIMPLE_EDGE), Map 5 (SIMPLE_EDGE)
        Reducer 3 <- Reducer 2 (CUSTOM_SIMPLE_EDGE)
#### A masked pattern was here ####
      Vertices:
        Map 1 
            Map Operator Tree:
                TableScan
                  alias: a
                  filterExpr: ((code) IN (2, 4) and id is not null) (type: boolean)
                  Statistics: Num rows: 4 Data size: 32 Basic stats: COMPLETE Column stats: NONE
                  Filter Operator
                    predicate: ((code) IN (2, 4) and id is not null) (type: boolean)
                    Statistics: Num rows: 1 Data size: 8 Basic stats: COMPLETE Column stats: NONE
                    Select Operator
                      expressions: id (type: int)
                      outputColumnNames: _col0
                      Statistics: Num rows: 1 Data size: 8 Basic stats: COMPLETE Column stats: NONE
                      Reduce Output Operator
                        key expressions: _col0 (type: int)
                        null sort order: z
                        sort order: +
                        Map-reduce partition columns: _col0 (type: int)
                        Statistics: Num rows: 1 Data size: 8 Basic stats: COMPLETE Column stats: NONE
            Execution mode: vectorized
        Map 4 
            Map Operator Tree:
                TableScan
                  alias: b
                  filterExpr: id is not null (type: boolean)
                  Statistics: Num rows: 2 Data size: 8 Basic stats: COMPLETE Column stats: NONE
                  Filter Operator
                    predicate: id is not null (type: boolean)
                    Statistics: Num rows: 2 Data size: 8 Basic stats: COMPLETE Column stats: NONE
                    Select Operator
                      expressions: id (type: int)
                      outputColumnNames: _col0
                      Statistics: Num rows: 2 Data size: 8 Basic stats: COMPLETE Column stats: NONE
                      Reduce Output Operator
                        key expressions: _col0 (type: int)
                        null sort order: z
                        sort order: +
                        Map-reduce partition columns: _col0 (type: int)
                        Statistics: Num rows: 2 Data size: 8 Basic stats: COMPLETE Column stats: NONE
            Execution mode: vectorized
        Map 5 
            Map Operator Tree:
                TableScan
                  alias: c
                  filterExpr: id is not null (type: boolean)
                  Statistics: Num rows: 2 Data size: 8 Basic stats: COMPLETE Column stats: NONE
                  Filter Operator
                    predicate: id is not null (type: boolean)
                    Statistics: Num rows: 2 Data size: 8 Basic stats: COMPLETE Column stats: NONE
                    Select Operator
                      expressions: id (type: int)
                      outputColumnNames: _col0
                      Statistics: Num rows: 2 Data size: 8 Basic stats: COMPLETE Column stats: NONE
                      Reduce Output Operator
                        key expressions: _col0 (type: int)
                        null sort order: z
                        sort order: +
                        Map-reduce partition columns: _col0 (type: int)
                        Statistics: Num rows: 2 Data size: 8 Basic stats: COMPLETE Column stats: NONE
            Execution mode: vectorized
        Reducer 2 
            Reduce Operator Tree:
              Merge Join Operator
                condition map:
                     Inner Join 0 to 1
                     Left Outer Join 0 to 2
                keys:
                  0 _col0 (type: int)
                  1 _col0 (type: int)
                  2 _col0 (type: int)
                Statistics: Num rows: 4 Data size: 17 Basic stats: COMPLETE Column stats: NONE
                Group By Operator
                  aggregations: count()
                  minReductionHashAggr: 0.99
                  mode: hash
                  outputColumnNames: _col0
                  Statistics: Num rows: 1 Data size: 8 Basic stats: COMPLETE Column stats: NONE
                  Reduce Output Operator
                    null sort order: 
                    sort order: 
                    Statistics: Num rows: 1 Data size: 8 Basic stats: COMPLETE Column stats: NONE
                    value expressions: _col0 (type: bigint)
        Reducer 3 
            Execution mode: vectorized
            Reduce Operator Tree:
              Group By Operator
                aggregations: count(VALUE._col0)
                mode: mergepartial
                outputColumnNames: _col0
                Statistics: Num rows: 1 Data size: 8 Basic stats: COMPLETE Column stats: NONE
                File Output Operator
                  compressed: false
                  Statistics: Num rows: 1 Data size: 8 Basic stats: COMPLETE Column stats: NONE
                  table:
                      input format: org.apache.hadoop.mapred.SequenceFileInputFormat
                      output format: org.apache.hadoop.hive.ql.io.HiveSequenceFileOutputFormat
                      serde: org.apache.hadoop.hive.serde2.lazy.LazySimpleSerDe

  Stage: Stage-0
    Fetch Operator
      limit: -1
      Processor Tree:
        ListSink

PREHOOK: query: explain select count(*) from foo a inner join bar b on a.id = b.id and (a.code = 2 or a.code = 4) left outer join baz c on a.id = c.id
PREHOOK: type: QUERY
PREHOOK: Input: default@bar
PREHOOK: Input: default@baz
PREHOOK: Input: default@foo
PREHOOK: Output: hdfs://### HDFS PATH ###
POSTHOOK: query: explain select count(*) from foo a inner join bar b on a.id = b.id and (a.code = 2 or a.code = 4) left outer join baz c on a.id = c.id
POSTHOOK: type: QUERY
POSTHOOK: Input: default@bar
POSTHOOK: Input: default@baz
POSTHOOK: Input: default@foo
POSTHOOK: Output: hdfs://### HDFS PATH ###
STAGE DEPENDENCIES:
  Stage-1 is a root stage
  Stage-0 depends on stages: Stage-1

STAGE PLANS:
  Stage: Stage-1
    Tez
#### A masked pattern was here ####
      Edges:
        Map 2 <- Map 1 (BROADCAST_EDGE), Map 4 (BROADCAST_EDGE)
        Reducer 3 <- Map 2 (CUSTOM_SIMPLE_EDGE)
#### A masked pattern was here ####
      Vertices:
        Map 1 
            Map Operator Tree:
                TableScan
                  alias: a
                  filterExpr: ((code) IN (2, 4) and id is not null) (type: boolean)
                  Statistics: Num rows: 4 Data size: 32 Basic stats: COMPLETE Column stats: NONE
                  Filter Operator
                    predicate: ((code) IN (2, 4) and id is not null) (type: boolean)
                    Statistics: Num rows: 1 Data size: 8 Basic stats: COMPLETE Column stats: NONE
                    Select Operator
                      expressions: id (type: int)
                      outputColumnNames: _col0
                      Statistics: Num rows: 1 Data size: 8 Basic stats: COMPLETE Column stats: NONE
                      Reduce Output Operator
                        key expressions: _col0 (type: int)
                        null sort order: z
                        sort order: +
                        Map-reduce partition columns: _col0 (type: int)
                        Statistics: Num rows: 1 Data size: 8 Basic stats: COMPLETE Column stats: NONE
            Execution mode: vectorized
        Map 2 
            Map Operator Tree:
                TableScan
                  alias: b
                  filterExpr: id is not null (type: boolean)
                  Statistics: Num rows: 2 Data size: 8 Basic stats: COMPLETE Column stats: NONE
                  Filter Operator
                    predicate: id is not null (type: boolean)
                    Statistics: Num rows: 2 Data size: 8 Basic stats: COMPLETE Column stats: NONE
                    Select Operator
                      expressions: id (type: int)
                      outputColumnNames: _col0
                      Statistics: Num rows: 2 Data size: 8 Basic stats: COMPLETE Column stats: NONE
                      Map Join Operator
                        condition map:
                             Inner Join 0 to 1
                        keys:
                          0 _col0 (type: int)
                          1 _col0 (type: int)
                        outputColumnNames: _col0
                        input vertices:
                          0 Map 1
                        Statistics: Num rows: 2 Data size: 8 Basic stats: COMPLETE Column stats: NONE
                        Map Join Operator
                          condition map:
                               Left Outer Join 0 to 1
                          keys:
                            0 _col0 (type: int)
                            1 _col0 (type: int)
                          input vertices:
                            1 Map 4
                          Statistics: Num rows: 2 Data size: 8 Basic stats: COMPLETE Column stats: NONE
                          Group By Operator
                            aggregations: count()
                            minReductionHashAggr: 0.99
                            mode: hash
                            outputColumnNames: _col0
                            Statistics: Num rows: 1 Data size: 8 Basic stats: COMPLETE Column stats: NONE
                            Reduce Output Operator
                              null sort order: 
                              sort order: 
                              Statistics: Num rows: 1 Data size: 8 Basic stats: COMPLETE Column stats: NONE
                              value expressions: _col0 (type: bigint)
            Execution mode: vectorized
        Map 4 
            Map Operator Tree:
                TableScan
                  alias: c
                  filterExpr: id is not null (type: boolean)
                  Statistics: Num rows: 2 Data size: 8 Basic stats: COMPLETE Column stats: NONE
                  Filter Operator
                    predicate: id is not null (type: boolean)
                    Statistics: Num rows: 2 Data size: 8 Basic stats: COMPLETE Column stats: NONE
                    Select Operator
                      expressions: id (type: int)
                      outputColumnNames: _col0
                      Statistics: Num rows: 2 Data size: 8 Basic stats: COMPLETE Column stats: NONE
                      Reduce Output Operator
                        key expressions: _col0 (type: int)
                        null sort order: z
                        sort order: +
                        Map-reduce partition columns: _col0 (type: int)
                        Statistics: Num rows: 2 Data size: 8 Basic stats: COMPLETE Column stats: NONE
            Execution mode: vectorized
        Reducer 3 
            Execution mode: vectorized
            Reduce Operator Tree:
              Group By Operator
                aggregations: count(VALUE._col0)
                mode: mergepartial
                outputColumnNames: _col0
                Statistics: Num rows: 1 Data size: 8 Basic stats: COMPLETE Column stats: NONE
                File Output Operator
                  compressed: false
                  Statistics: Num rows: 1 Data size: 8 Basic stats: COMPLETE Column stats: NONE
                  table:
                      input format: org.apache.hadoop.mapred.SequenceFileInputFormat
                      output format: org.apache.hadoop.hive.ql.io.HiveSequenceFileOutputFormat
                      serde: org.apache.hadoop.hive.serde2.lazy.LazySimpleSerDe

  Stage: Stage-0
    Fetch Operator
      limit: -1
      Processor Tree:
        ListSink

PREHOOK: query: select count(*) from foo a inner join bar b on a.id = b.id and (a.code = 2 or a.code = 4) left outer join baz c on a.id = c.id
PREHOOK: type: QUERY
PREHOOK: Input: default@bar
PREHOOK: Input: default@baz
PREHOOK: Input: default@foo
PREHOOK: Output: hdfs://### HDFS PATH ###
POSTHOOK: query: select count(*) from foo a inner join bar b on a.id = b.id and (a.code = 2 or a.code = 4) left outer join baz c on a.id = c.id
POSTHOOK: type: QUERY
POSTHOOK: Input: default@bar
POSTHOOK: Input: default@baz
POSTHOOK: Input: default@foo
POSTHOOK: Output: hdfs://### HDFS PATH ###
2
PREHOOK: query: select count(*) from foo a inner join bar b on a.id = b.id and (a.code = 2 or a.code = 4) left outer join baz c on a.id = c.id
PREHOOK: type: QUERY
PREHOOK: Input: default@bar
PREHOOK: Input: default@baz
PREHOOK: Input: default@foo
PREHOOK: Output: hdfs://### HDFS PATH ###
POSTHOOK: query: select count(*) from foo a inner join bar b on a.id = b.id and (a.code = 2 or a.code = 4) left outer join baz c on a.id = c.id
POSTHOOK: type: QUERY
POSTHOOK: Input: default@bar
POSTHOOK: Input: default@baz
POSTHOOK: Input: default@foo
POSTHOOK: Output: hdfs://### HDFS PATH ###
2
