PREHOOK: query: explain 
select s1.key as key, s1.value as value from src s1 join src s3 on s1.key=s3.key
UNION  ALL  
select s2.key as key, s2.value as value from src s2
PREHOOK: type: QUERY
POSTHOOK: query: explain 
select s1.key as key, s1.value as value from src s1 join src s3 on s1.key=s3.key
UNION  ALL  
select s2.key as key, s2.value as value from src s2
POSTHOOK: type: QUERY
STAGE DEPENDENCIES:
  Stage-1 is a root stage
  Stage-0 depends on stages: Stage-1

STAGE PLANS:
  Stage: Stage-1
    Tez
      Edges:
        Map 1 <- Map 3 (BROADCAST_EDGE), Union 2 (CONTAINS)
        Map 4 <- Union 2 (CONTAINS)
#### A masked pattern was here ####
      Vertices:
        Map 1 
            Map Operator Tree:
                TableScan
                  alias: s1
                  Statistics: Num rows: 500 Data size: 5312 Basic stats: COMPLETE Column stats: NONE
                  Filter Operator
                    predicate: key is not null (type: boolean)
                    Statistics: Num rows: 250 Data size: 2656 Basic stats: COMPLETE Column stats: NONE
                    Select Operator
                      expressions: key (type: string), value (type: string)
                      outputColumnNames: _col0, _col1
                      Statistics: Num rows: 250 Data size: 2656 Basic stats: COMPLETE Column stats: NONE
                      Map Join Operator
                        condition map:
                             Inner Join 0 to 1
                        keys:
                          0 _col0 (type: string)
                          1 _col0 (type: string)
                        outputColumnNames: _col0, _col1
                        input vertices:
                          1 Map 3
                        Statistics: Num rows: 275 Data size: 2921 Basic stats: COMPLETE Column stats: NONE
                        HybridGraceHashJoin: true
                        File Output Operator
                          compressed: false
                          Statistics: Num rows: 775 Data size: 8233 Basic stats: COMPLETE Column stats: NONE
                          table:
                              input format: org.apache.hadoop.mapred.TextInputFormat
                              output format: org.apache.hadoop.hive.ql.io.HiveIgnoreKeyTextOutputFormat
                              serde: org.apache.hadoop.hive.serde2.lazy.LazySimpleSerDe
        Map 3 
            Map Operator Tree:
                TableScan
                  alias: s1
                  Statistics: Num rows: 500 Data size: 5312 Basic stats: COMPLETE Column stats: NONE
                  Filter Operator
                    predicate: key is not null (type: boolean)
                    Statistics: Num rows: 250 Data size: 2656 Basic stats: COMPLETE Column stats: NONE
                    Select Operator
                      expressions: key (type: string)
                      outputColumnNames: _col0
                      Statistics: Num rows: 250 Data size: 2656 Basic stats: COMPLETE Column stats: NONE
                      Reduce Output Operator
                        key expressions: _col0 (type: string)
                        sort order: +
                        Map-reduce partition columns: _col0 (type: string)
                        Statistics: Num rows: 250 Data size: 2656 Basic stats: COMPLETE Column stats: NONE
        Map 4 
            Map Operator Tree:
                TableScan
                  alias: s1
                  Statistics: Num rows: 500 Data size: 5312 Basic stats: COMPLETE Column stats: NONE
                  Select Operator
                    expressions: key (type: string), value (type: string)
                    outputColumnNames: _col0, _col1
                    Statistics: Num rows: 500 Data size: 5312 Basic stats: COMPLETE Column stats: NONE
                    File Output Operator
                      compressed: false
                      Statistics: Num rows: 775 Data size: 8233 Basic stats: COMPLETE Column stats: NONE
                      table:
                          input format: org.apache.hadoop.mapred.TextInputFormat
                          output format: org.apache.hadoop.hive.ql.io.HiveIgnoreKeyTextOutputFormat
                          serde: org.apache.hadoop.hive.serde2.lazy.LazySimpleSerDe
        Union 2 
            Vertex: Union 2

  Stage: Stage-0
    Fetch Operator
      limit: -1
      Processor Tree:
        ListSink

PREHOOK: query: create table ut as
select s1.key as key, s1.value as value from src s1 join src s3 on s1.key=s3.key
UNION  ALL  
select s2.key as key, s2.value as value from src s2
PREHOOK: type: CREATETABLE_AS_SELECT
PREHOOK: Input: default@src
PREHOOK: Output: database:default
PREHOOK: Output: default@ut
POSTHOOK: query: create table ut as
select s1.key as key, s1.value as value from src s1 join src s3 on s1.key=s3.key
UNION  ALL  
select s2.key as key, s2.value as value from src s2
POSTHOOK: type: CREATETABLE_AS_SELECT
POSTHOOK: Input: default@src
POSTHOOK: Output: database:default
POSTHOOK: Output: default@ut
PREHOOK: query: select * from ut order by key, value limit 20
PREHOOK: type: QUERY
PREHOOK: Input: default@ut
#### A masked pattern was here ####
POSTHOOK: query: select * from ut order by key, value limit 20
POSTHOOK: type: QUERY
POSTHOOK: Input: default@ut
#### A masked pattern was here ####
0	val_0
0	val_0
0	val_0
0	val_0
0	val_0
0	val_0
0	val_0
0	val_0
0	val_0
0	val_0
0	val_0
0	val_0
10	val_10
10	val_10
100	val_100
100	val_100
100	val_100
100	val_100
100	val_100
100	val_100
PREHOOK: query: drop table ut
PREHOOK: type: DROPTABLE
PREHOOK: Input: default@ut
PREHOOK: Output: default@ut
POSTHOOK: query: drop table ut
POSTHOOK: type: DROPTABLE
POSTHOOK: Input: default@ut
POSTHOOK: Output: default@ut
PREHOOK: query: explain
with u as (select * from src union all select * from src)
select count(*) from (select u1.key as k1, u2.key as k2 from
u as u1 join u as u2 on (u1.key = u2.key)) a
PREHOOK: type: QUERY
POSTHOOK: query: explain
with u as (select * from src union all select * from src)
select count(*) from (select u1.key as k1, u2.key as k2 from
u as u1 join u as u2 on (u1.key = u2.key)) a
POSTHOOK: type: QUERY
STAGE DEPENDENCIES:
  Stage-1 is a root stage
  Stage-0 depends on stages: Stage-1

STAGE PLANS:
  Stage: Stage-1
    Tez
      Edges:
        Map 1 <- Union 2 (CONTAINS)
        Map 5 <- Union 2 (CONTAINS)
        Map 6 <- Union 7 (CONTAINS)
        Map 8 <- Union 7 (CONTAINS)
        Reducer 3 <- Union 2 (SIMPLE_EDGE), Union 7 (SIMPLE_EDGE)
        Reducer 4 <- Reducer 3 (SIMPLE_EDGE)
#### A masked pattern was here ####
      Vertices:
        Map 1 
            Map Operator Tree:
                TableScan
                  alias: src
                  Statistics: Num rows: 500 Data size: 5312 Basic stats: COMPLETE Column stats: NONE
                  Filter Operator
                    predicate: key is not null (type: boolean)
                    Statistics: Num rows: 250 Data size: 2656 Basic stats: COMPLETE Column stats: NONE
                    Select Operator
                      expressions: key (type: string)
                      outputColumnNames: _col0
                      Statistics: Num rows: 250 Data size: 2656 Basic stats: COMPLETE Column stats: NONE
                      Reduce Output Operator
                        key expressions: _col0 (type: string)
                        sort order: +
                        Map-reduce partition columns: _col0 (type: string)
                        Statistics: Num rows: 500 Data size: 5312 Basic stats: COMPLETE Column stats: NONE
        Map 5 
            Map Operator Tree:
                TableScan
                  alias: src
                  Statistics: Num rows: 500 Data size: 5312 Basic stats: COMPLETE Column stats: NONE
                  Filter Operator
                    predicate: key is not null (type: boolean)
                    Statistics: Num rows: 250 Data size: 2656 Basic stats: COMPLETE Column stats: NONE
                    Select Operator
                      expressions: key (type: string)
                      outputColumnNames: _col0
                      Statistics: Num rows: 250 Data size: 2656 Basic stats: COMPLETE Column stats: NONE
                      Reduce Output Operator
                        key expressions: _col0 (type: string)
                        sort order: +
                        Map-reduce partition columns: _col0 (type: string)
                        Statistics: Num rows: 500 Data size: 5312 Basic stats: COMPLETE Column stats: NONE
        Map 6 
            Map Operator Tree:
                TableScan
                  alias: src
                  Statistics: Num rows: 500 Data size: 5312 Basic stats: COMPLETE Column stats: NONE
                  Filter Operator
                    predicate: key is not null (type: boolean)
                    Statistics: Num rows: 250 Data size: 2656 Basic stats: COMPLETE Column stats: NONE
                    Select Operator
                      expressions: key (type: string)
                      outputColumnNames: _col0
                      Statistics: Num rows: 250 Data size: 2656 Basic stats: COMPLETE Column stats: NONE
                      Reduce Output Operator
                        key expressions: _col0 (type: string)
                        sort order: +
                        Map-reduce partition columns: _col0 (type: string)
                        Statistics: Num rows: 500 Data size: 5312 Basic stats: COMPLETE Column stats: NONE
        Map 8 
            Map Operator Tree:
                TableScan
                  alias: src
                  Statistics: Num rows: 500 Data size: 5312 Basic stats: COMPLETE Column stats: NONE
                  Filter Operator
                    predicate: key is not null (type: boolean)
                    Statistics: Num rows: 250 Data size: 2656 Basic stats: COMPLETE Column stats: NONE
                    Select Operator
                      expressions: key (type: string)
                      outputColumnNames: _col0
                      Statistics: Num rows: 250 Data size: 2656 Basic stats: COMPLETE Column stats: NONE
                      Reduce Output Operator
                        key expressions: _col0 (type: string)
                        sort order: +
                        Map-reduce partition columns: _col0 (type: string)
                        Statistics: Num rows: 500 Data size: 5312 Basic stats: COMPLETE Column stats: NONE
        Reducer 3 
            Reduce Operator Tree:
              Merge Join Operator
                condition map:
                     Inner Join 0 to 1
                keys:
                  0 _col0 (type: string)
                  1 _col0 (type: string)
                Statistics: Num rows: 550 Data size: 5843 Basic stats: COMPLETE Column stats: NONE
                Group By Operator
                  aggregations: count()
                  mode: hash
                  outputColumnNames: _col0
                  Statistics: Num rows: 1 Data size: 8 Basic stats: COMPLETE Column stats: NONE
                  Reduce Output Operator
                    sort order: 
                    Statistics: Num rows: 1 Data size: 8 Basic stats: COMPLETE Column stats: NONE
                    value expressions: _col0 (type: bigint)
        Reducer 4 
            Reduce Operator Tree:
              Group By Operator
                aggregations: count(VALUE._col0)
                mode: mergepartial
                outputColumnNames: _col0
                Statistics: Num rows: 1 Data size: 8 Basic stats: COMPLETE Column stats: NONE
                File Output Operator
                  compressed: false
                  Statistics: Num rows: 1 Data size: 8 Basic stats: COMPLETE Column stats: NONE
                  table:
                      input format: org.apache.hadoop.mapred.TextInputFormat
                      output format: org.apache.hadoop.hive.ql.io.HiveIgnoreKeyTextOutputFormat
                      serde: org.apache.hadoop.hive.serde2.lazy.LazySimpleSerDe
        Union 2 
            Vertex: Union 2
        Union 7 
            Vertex: Union 7

  Stage: Stage-0
    Fetch Operator
      limit: -1
      Processor Tree:
        ListSink

PREHOOK: query: create table ut as
with u as (select * from src union all select * from src)
select count(*) as cnt from (select u1.key as k1, u2.key as k2 from
u as u1 join u as u2 on (u1.key = u2.key)) a
PREHOOK: type: CREATETABLE_AS_SELECT
PREHOOK: Input: default@src
PREHOOK: Output: database:default
PREHOOK: Output: default@ut
POSTHOOK: query: create table ut as
with u as (select * from src union all select * from src)
select count(*) as cnt from (select u1.key as k1, u2.key as k2 from
u as u1 join u as u2 on (u1.key = u2.key)) a
POSTHOOK: type: CREATETABLE_AS_SELECT
POSTHOOK: Input: default@src
POSTHOOK: Output: database:default
POSTHOOK: Output: default@ut
PREHOOK: query: select * from ut order by cnt limit 20
PREHOOK: type: QUERY
PREHOOK: Input: default@ut
#### A masked pattern was here ####
POSTHOOK: query: select * from ut order by cnt limit 20
POSTHOOK: type: QUERY
POSTHOOK: Input: default@ut
#### A masked pattern was here ####
4112
PREHOOK: query: drop table ut
PREHOOK: type: DROPTABLE
PREHOOK: Input: default@ut
PREHOOK: Output: default@ut
POSTHOOK: query: drop table ut
POSTHOOK: type: DROPTABLE
POSTHOOK: Input: default@ut
POSTHOOK: Output: default@ut
PREHOOK: query: explain select s1.key as skey, u1.key as ukey from
src s1
join (select * from src union all select * from src) u1 on s1.key = u1.key
PREHOOK: type: QUERY
POSTHOOK: query: explain select s1.key as skey, u1.key as ukey from
src s1
join (select * from src union all select * from src) u1 on s1.key = u1.key
POSTHOOK: type: QUERY
STAGE DEPENDENCIES:
  Stage-1 is a root stage
  Stage-0 depends on stages: Stage-1

STAGE PLANS:
  Stage: Stage-1
    Tez
      Edges:
        Map 2 <- Map 1 (BROADCAST_EDGE), Union 3 (CONTAINS)
        Map 4 <- Map 1 (BROADCAST_EDGE), Union 3 (CONTAINS)
#### A masked pattern was here ####
      Vertices:
        Map 1 
            Map Operator Tree:
                TableScan
                  alias: s1
                  Statistics: Num rows: 500 Data size: 5312 Basic stats: COMPLETE Column stats: NONE
                  Filter Operator
                    predicate: key is not null (type: boolean)
                    Statistics: Num rows: 250 Data size: 2656 Basic stats: COMPLETE Column stats: NONE
                    Select Operator
                      expressions: key (type: string)
                      outputColumnNames: _col0
                      Statistics: Num rows: 250 Data size: 2656 Basic stats: COMPLETE Column stats: NONE
                      Reduce Output Operator
                        key expressions: _col0 (type: string)
                        sort order: +
                        Map-reduce partition columns: _col0 (type: string)
                        Statistics: Num rows: 250 Data size: 2656 Basic stats: COMPLETE Column stats: NONE
                      Reduce Output Operator
                        key expressions: _col0 (type: string)
                        sort order: +
                        Map-reduce partition columns: _col0 (type: string)
                        Statistics: Num rows: 250 Data size: 2656 Basic stats: COMPLETE Column stats: NONE
        Map 2 
            Map Operator Tree:
                TableScan
                  alias: s1
                  Statistics: Num rows: 500 Data size: 5312 Basic stats: COMPLETE Column stats: NONE
                  Filter Operator
                    predicate: key is not null (type: boolean)
                    Statistics: Num rows: 250 Data size: 2656 Basic stats: COMPLETE Column stats: NONE
                    Select Operator
                      expressions: key (type: string)
                      outputColumnNames: _col0
                      Statistics: Num rows: 250 Data size: 2656 Basic stats: COMPLETE Column stats: NONE
                      Map Join Operator
                        condition map:
                             Inner Join 0 to 1
                        keys:
                          0 _col0 (type: string)
                          1 _col0 (type: string)
                        outputColumnNames: _col0, _col1
                        input vertices:
                          0 Map 1
                        Statistics: Num rows: 550 Data size: 5843 Basic stats: COMPLETE Column stats: NONE
                        HybridGraceHashJoin: true
                        File Output Operator
                          compressed: false
                          Statistics: Num rows: 550 Data size: 5843 Basic stats: COMPLETE Column stats: NONE
                          table:
                              input format: org.apache.hadoop.mapred.TextInputFormat
                              output format: org.apache.hadoop.hive.ql.io.HiveIgnoreKeyTextOutputFormat
                              serde: org.apache.hadoop.hive.serde2.lazy.LazySimpleSerDe
        Map 4 
            Map Operator Tree:
                TableScan
                  alias: s1
                  Statistics: Num rows: 500 Data size: 5312 Basic stats: COMPLETE Column stats: NONE
                  Filter Operator
                    predicate: key is not null (type: boolean)
                    Statistics: Num rows: 250 Data size: 2656 Basic stats: COMPLETE Column stats: NONE
                    Select Operator
                      expressions: key (type: string)
                      outputColumnNames: _col0
                      Statistics: Num rows: 250 Data size: 2656 Basic stats: COMPLETE Column stats: NONE
                      Map Join Operator
                        condition map:
                             Inner Join 0 to 1
                        keys:
                          0 _col0 (type: string)
                          1 _col0 (type: string)
                        outputColumnNames: _col0, _col1
                        input vertices:
                          0 Map 1
                        Statistics: Num rows: 550 Data size: 5843 Basic stats: COMPLETE Column stats: NONE
                        HybridGraceHashJoin: true
                        File Output Operator
                          compressed: false
                          Statistics: Num rows: 550 Data size: 5843 Basic stats: COMPLETE Column stats: NONE
                          table:
                              input format: org.apache.hadoop.mapred.TextInputFormat
                              output format: org.apache.hadoop.hive.ql.io.HiveIgnoreKeyTextOutputFormat
                              serde: org.apache.hadoop.hive.serde2.lazy.LazySimpleSerDe
        Union 3 
            Vertex: Union 3

  Stage: Stage-0
    Fetch Operator
      limit: -1
      Processor Tree:
        ListSink

PREHOOK: query: create table ut as
select s1.key as skey, u1.key as ukey from
src s1
join (select * from src union all select * from src) u1 on s1.key = u1.key
PREHOOK: type: CREATETABLE_AS_SELECT
PREHOOK: Input: default@src
PREHOOK: Output: database:default
PREHOOK: Output: default@ut
POSTHOOK: query: create table ut as
select s1.key as skey, u1.key as ukey from
src s1
join (select * from src union all select * from src) u1 on s1.key = u1.key
POSTHOOK: type: CREATETABLE_AS_SELECT
POSTHOOK: Input: default@src
POSTHOOK: Output: database:default
POSTHOOK: Output: default@ut
PREHOOK: query: select * from ut order by skey, ukey limit 20
PREHOOK: type: QUERY
PREHOOK: Input: default@ut
#### A masked pattern was here ####
POSTHOOK: query: select * from ut order by skey, ukey limit 20
POSTHOOK: type: QUERY
POSTHOOK: Input: default@ut
#### A masked pattern was here ####
0	0
0	0
0	0
0	0
0	0
0	0
0	0
0	0
0	0
0	0
0	0
0	0
0	0
0	0
0	0
0	0
0	0
0	0
10	10
10	10
PREHOOK: query: drop table ut
PREHOOK: type: DROPTABLE
PREHOOK: Input: default@ut
PREHOOK: Output: default@ut
POSTHOOK: query: drop table ut
POSTHOOK: type: DROPTABLE
POSTHOOK: Input: default@ut
POSTHOOK: Output: default@ut
PREHOOK: query: explain select s1.key as skey, u1.key as ukey, s8.key as lkey from 
src s1
join (select s2.key as key from src s2 join src s3 on s2.key = s3.key
      union all select s4.key from src s4 join src s5 on s4.key = s5.key
      union all select s6.key from src s6 join src s7 on s6.key = s7.key) u1 on (s1.key = u1.key)
join src s8 on (u1.key = s8.key)
order by lkey
PREHOOK: type: QUERY
POSTHOOK: query: explain select s1.key as skey, u1.key as ukey, s8.key as lkey from 
src s1
join (select s2.key as key from src s2 join src s3 on s2.key = s3.key
      union all select s4.key from src s4 join src s5 on s4.key = s5.key
      union all select s6.key from src s6 join src s7 on s6.key = s7.key) u1 on (s1.key = u1.key)
join src s8 on (u1.key = s8.key)
order by lkey
POSTHOOK: type: QUERY
STAGE DEPENDENCIES:
  Stage-1 is a root stage
  Stage-0 depends on stages: Stage-1

STAGE PLANS:
  Stage: Stage-1
    Tez
      Edges:
        Map 1 <- Map 10 (BROADCAST_EDGE), Map 4 (BROADCAST_EDGE), Map 9 (BROADCAST_EDGE), Union 2 (CONTAINS)
        Map 5 <- Map 10 (BROADCAST_EDGE), Map 6 (BROADCAST_EDGE), Map 9 (BROADCAST_EDGE), Union 2 (CONTAINS)
        Map 7 <- Map 10 (BROADCAST_EDGE), Map 8 (BROADCAST_EDGE), Map 9 (BROADCAST_EDGE), Union 2 (CONTAINS)
        Reducer 3 <- Union 2 (SIMPLE_EDGE)
#### A masked pattern was here ####
      Vertices:
        Map 1 
            Map Operator Tree:
                TableScan
                  alias: s1
                  Statistics: Num rows: 500 Data size: 5312 Basic stats: COMPLETE Column stats: NONE
                  Filter Operator
                    predicate: key is not null (type: boolean)
                    Statistics: Num rows: 250 Data size: 2656 Basic stats: COMPLETE Column stats: NONE
                    Select Operator
                      expressions: key (type: string)
                      outputColumnNames: _col0
                      Statistics: Num rows: 250 Data size: 2656 Basic stats: COMPLETE Column stats: NONE
                      Map Join Operator
                        condition map:
                             Inner Join 0 to 1
                        keys:
                          0 _col0 (type: string)
                          1 _col0 (type: string)
                        outputColumnNames: _col0
                        input vertices:
                          1 Map 4
                        Statistics: Num rows: 275 Data size: 2921 Basic stats: COMPLETE Column stats: NONE
                        HybridGraceHashJoin: true
                        Map Join Operator
                          condition map:
                               Inner Join 0 to 1
                               Inner Join 0 to 2
                          keys:
                            0 _col0 (type: string)
                            1 _col0 (type: string)
                            2 _col0 (type: string)
                          outputColumnNames: _col0, _col1, _col2
                          input vertices:
                            1 Map 9
                            2 Map 10
                          Statistics: Num rows: 1815 Data size: 19278 Basic stats: COMPLETE Column stats: NONE
                          HybridGraceHashJoin: true
                          Select Operator
                            expressions: _col1 (type: string), _col0 (type: string), _col2 (type: string)
                            outputColumnNames: _col0, _col1, _col2
                            Statistics: Num rows: 1815 Data size: 19278 Basic stats: COMPLETE Column stats: NONE
                            Reduce Output Operator
                              key expressions: _col2 (type: string)
                              sort order: +
                              Statistics: Num rows: 1815 Data size: 19278 Basic stats: COMPLETE Column stats: NONE
                              value expressions: _col0 (type: string), _col1 (type: string)
        Map 10 
            Map Operator Tree:
                TableScan
                  alias: s1
                  Statistics: Num rows: 500 Data size: 5312 Basic stats: COMPLETE Column stats: NONE
                  Filter Operator
                    predicate: key is not null (type: boolean)
                    Statistics: Num rows: 250 Data size: 2656 Basic stats: COMPLETE Column stats: NONE
                    Select Operator
                      expressions: key (type: string)
                      outputColumnNames: _col0
                      Statistics: Num rows: 250 Data size: 2656 Basic stats: COMPLETE Column stats: NONE
                      Reduce Output Operator
                        key expressions: _col0 (type: string)
                        sort order: +
                        Map-reduce partition columns: _col0 (type: string)
                        Statistics: Num rows: 250 Data size: 2656 Basic stats: COMPLETE Column stats: NONE
                      Reduce Output Operator
                        key expressions: _col0 (type: string)
                        sort order: +
                        Map-reduce partition columns: _col0 (type: string)
                        Statistics: Num rows: 250 Data size: 2656 Basic stats: COMPLETE Column stats: NONE
                      Reduce Output Operator
                        key expressions: _col0 (type: string)
                        sort order: +
                        Map-reduce partition columns: _col0 (type: string)
                        Statistics: Num rows: 250 Data size: 2656 Basic stats: COMPLETE Column stats: NONE
        Map 4 
            Map Operator Tree:
                TableScan
                  alias: s1
                  Statistics: Num rows: 500 Data size: 5312 Basic stats: COMPLETE Column stats: NONE
                  Filter Operator
                    predicate: key is not null (type: boolean)
                    Statistics: Num rows: 250 Data size: 2656 Basic stats: COMPLETE Column stats: NONE
                    Select Operator
                      expressions: key (type: string)
                      outputColumnNames: _col0
                      Statistics: Num rows: 250 Data size: 2656 Basic stats: COMPLETE Column stats: NONE
                      Reduce Output Operator
                        key expressions: _col0 (type: string)
                        sort order: +
                        Map-reduce partition columns: _col0 (type: string)
                        Statistics: Num rows: 250 Data size: 2656 Basic stats: COMPLETE Column stats: NONE
        Map 5 
            Map Operator Tree:
                TableScan
                  alias: s1
                  Statistics: Num rows: 500 Data size: 5312 Basic stats: COMPLETE Column stats: NONE
                  Filter Operator
                    predicate: key is not null (type: boolean)
                    Statistics: Num rows: 250 Data size: 2656 Basic stats: COMPLETE Column stats: NONE
                    Select Operator
                      expressions: key (type: string)
                      outputColumnNames: _col0
                      Statistics: Num rows: 250 Data size: 2656 Basic stats: COMPLETE Column stats: NONE
                      Map Join Operator
                        condition map:
                             Inner Join 0 to 1
                        keys:
                          0 _col0 (type: string)
                          1 _col0 (type: string)
                        outputColumnNames: _col0
                        input vertices:
                          1 Map 6
                        Statistics: Num rows: 275 Data size: 2921 Basic stats: COMPLETE Column stats: NONE
                        HybridGraceHashJoin: true
                        Map Join Operator
                          condition map:
                               Inner Join 0 to 1
                               Inner Join 0 to 2
                          keys:
                            0 _col0 (type: string)
                            1 _col0 (type: string)
                            2 _col0 (type: string)
                          outputColumnNames: _col0, _col1, _col2
                          input vertices:
                            1 Map 9
                            2 Map 10
                          Statistics: Num rows: 1815 Data size: 19278 Basic stats: COMPLETE Column stats: NONE
                          HybridGraceHashJoin: true
                          Select Operator
                            expressions: _col1 (type: string), _col0 (type: string), _col2 (type: string)
                            outputColumnNames: _col0, _col1, _col2
                            Statistics: Num rows: 1815 Data size: 19278 Basic stats: COMPLETE Column stats: NONE
                            Reduce Output Operator
                              key expressions: _col2 (type: string)
                              sort order: +
                              Statistics: Num rows: 1815 Data size: 19278 Basic stats: COMPLETE Column stats: NONE
                              value expressions: _col0 (type: string), _col1 (type: string)
        Map 6 
            Map Operator Tree:
                TableScan
                  alias: s1
                  Statistics: Num rows: 500 Data size: 5312 Basic stats: COMPLETE Column stats: NONE
                  Filter Operator
                    predicate: key is not null (type: boolean)
                    Statistics: Num rows: 250 Data size: 2656 Basic stats: COMPLETE Column stats: NONE
                    Select Operator
                      expressions: key (type: string)
                      outputColumnNames: _col0
                      Statistics: Num rows: 250 Data size: 2656 Basic stats: COMPLETE Column stats: NONE
                      Reduce Output Operator
                        key expressions: _col0 (type: string)
                        sort order: +
                        Map-reduce partition columns: _col0 (type: string)
                        Statistics: Num rows: 250 Data size: 2656 Basic stats: COMPLETE Column stats: NONE
        Map 7 
            Map Operator Tree:
                TableScan
                  alias: s1
                  Statistics: Num rows: 500 Data size: 5312 Basic stats: COMPLETE Column stats: NONE
                  Filter Operator
                    predicate: key is not null (type: boolean)
                    Statistics: Num rows: 250 Data size: 2656 Basic stats: COMPLETE Column stats: NONE
                    Select Operator
                      expressions: key (type: string)
                      outputColumnNames: _col0
                      Statistics: Num rows: 250 Data size: 2656 Basic stats: COMPLETE Column stats: NONE
                      Map Join Operator
                        condition map:
                             Inner Join 0 to 1
                        keys:
                          0 _col0 (type: string)
                          1 _col0 (type: string)
                        outputColumnNames: _col0
                        input vertices:
                          1 Map 8
                        Statistics: Num rows: 275 Data size: 2921 Basic stats: COMPLETE Column stats: NONE
                        HybridGraceHashJoin: true
                        Map Join Operator
                          condition map:
                               Inner Join 0 to 1
                               Inner Join 0 to 2
                          keys:
                            0 _col0 (type: string)
                            1 _col0 (type: string)
                            2 _col0 (type: string)
                          outputColumnNames: _col0, _col1, _col2
                          input vertices:
                            1 Map 9
                            2 Map 10
                          Statistics: Num rows: 1815 Data size: 19278 Basic stats: COMPLETE Column stats: NONE
                          HybridGraceHashJoin: true
                          Select Operator
                            expressions: _col1 (type: string), _col0 (type: string), _col2 (type: string)
                            outputColumnNames: _col0, _col1, _col2
                            Statistics: Num rows: 1815 Data size: 19278 Basic stats: COMPLETE Column stats: NONE
                            Reduce Output Operator
                              key expressions: _col2 (type: string)
                              sort order: +
                              Statistics: Num rows: 1815 Data size: 19278 Basic stats: COMPLETE Column stats: NONE
                              value expressions: _col0 (type: string), _col1 (type: string)
        Map 8 
            Map Operator Tree:
                TableScan
                  alias: s1
                  Statistics: Num rows: 500 Data size: 5312 Basic stats: COMPLETE Column stats: NONE
                  Filter Operator
                    predicate: key is not null (type: boolean)
                    Statistics: Num rows: 250 Data size: 2656 Basic stats: COMPLETE Column stats: NONE
                    Select Operator
                      expressions: key (type: string)
                      outputColumnNames: _col0
                      Statistics: Num rows: 250 Data size: 2656 Basic stats: COMPLETE Column stats: NONE
                      Reduce Output Operator
                        key expressions: _col0 (type: string)
                        sort order: +
                        Map-reduce partition columns: _col0 (type: string)
                        Statistics: Num rows: 250 Data size: 2656 Basic stats: COMPLETE Column stats: NONE
        Map 9 
            Map Operator Tree:
                TableScan
                  alias: s1
                  Statistics: Num rows: 500 Data size: 5312 Basic stats: COMPLETE Column stats: NONE
                  Filter Operator
                    predicate: key is not null (type: boolean)
                    Statistics: Num rows: 250 Data size: 2656 Basic stats: COMPLETE Column stats: NONE
                    Select Operator
                      expressions: key (type: string)
                      outputColumnNames: _col0
                      Statistics: Num rows: 250 Data size: 2656 Basic stats: COMPLETE Column stats: NONE
                      Reduce Output Operator
                        key expressions: _col0 (type: string)
                        sort order: +
                        Map-reduce partition columns: _col0 (type: string)
                        Statistics: Num rows: 250 Data size: 2656 Basic stats: COMPLETE Column stats: NONE
                      Reduce Output Operator
                        key expressions: _col0 (type: string)
                        sort order: +
                        Map-reduce partition columns: _col0 (type: string)
                        Statistics: Num rows: 250 Data size: 2656 Basic stats: COMPLETE Column stats: NONE
                      Reduce Output Operator
                        key expressions: _col0 (type: string)
                        sort order: +
                        Map-reduce partition columns: _col0 (type: string)
                        Statistics: Num rows: 250 Data size: 2656 Basic stats: COMPLETE Column stats: NONE
        Reducer 3 
            Reduce Operator Tree:
              Select Operator
                expressions: VALUE._col0 (type: string), VALUE._col1 (type: string), KEY.reducesinkkey0 (type: string)
                outputColumnNames: _col0, _col1, _col2
                Statistics: Num rows: 1815 Data size: 19278 Basic stats: COMPLETE Column stats: NONE
                File Output Operator
                  compressed: false
                  Statistics: Num rows: 1815 Data size: 19278 Basic stats: COMPLETE Column stats: NONE
                  table:
                      input format: org.apache.hadoop.mapred.TextInputFormat
                      output format: org.apache.hadoop.hive.ql.io.HiveIgnoreKeyTextOutputFormat
                      serde: org.apache.hadoop.hive.serde2.lazy.LazySimpleSerDe
        Union 2 
            Vertex: Union 2

  Stage: Stage-0
    Fetch Operator
      limit: -1
      Processor Tree:
        ListSink

PREHOOK: query: create table ut as
select s1.key as skey, u1.key as ukey, s8.key as lkey from 
src s1
join (select s2.key as key from src s2 join src s3 on s2.key = s3.key
      union all select s4.key from src s4 join src s5 on s4.key = s5.key
      union all select s6.key from src s6 join src s7 on s6.key = s7.key) u1 on (s1.key = u1.key)
join src s8 on (u1.key = s8.key)
order by lkey
PREHOOK: type: CREATETABLE_AS_SELECT
PREHOOK: Input: default@src
PREHOOK: Output: database:default
PREHOOK: Output: default@ut
POSTHOOK: query: create table ut as
select s1.key as skey, u1.key as ukey, s8.key as lkey from 
src s1
join (select s2.key as key from src s2 join src s3 on s2.key = s3.key
      union all select s4.key from src s4 join src s5 on s4.key = s5.key
      union all select s6.key from src s6 join src s7 on s6.key = s7.key) u1 on (s1.key = u1.key)
join src s8 on (u1.key = s8.key)
order by lkey
POSTHOOK: type: CREATETABLE_AS_SELECT
POSTHOOK: Input: default@src
POSTHOOK: Output: database:default
POSTHOOK: Output: default@ut
PREHOOK: query: select * from ut order by skey, ukey, lkey limit 100
PREHOOK: type: QUERY
PREHOOK: Input: default@ut
#### A masked pattern was here ####
POSTHOOK: query: select * from ut order by skey, ukey, lkey limit 100
POSTHOOK: type: QUERY
POSTHOOK: Input: default@ut
#### A masked pattern was here ####
0	0	0
0	0	0
0	0	0
0	0	0
0	0	0
0	0	0
0	0	0
0	0	0
0	0	0
0	0	0
0	0	0
0	0	0
0	0	0
0	0	0
0	0	0
0	0	0
0	0	0
0	0	0
0	0	0
0	0	0
0	0	0
0	0	0
0	0	0
0	0	0
0	0	0
0	0	0
0	0	0
0	0	0
0	0	0
0	0	0
0	0	0
0	0	0
0	0	0
0	0	0
0	0	0
0	0	0
0	0	0
0	0	0
0	0	0
0	0	0
0	0	0
0	0	0
0	0	0
0	0	0
0	0	0
0	0	0
0	0	0
0	0	0
0	0	0
0	0	0
0	0	0
0	0	0
0	0	0
0	0	0
0	0	0
0	0	0
0	0	0
0	0	0
0	0	0
0	0	0
0	0	0
0	0	0
0	0	0
0	0	0
0	0	0
0	0	0
0	0	0
0	0	0
0	0	0
0	0	0
0	0	0
0	0	0
0	0	0
0	0	0
0	0	0
0	0	0
0	0	0
0	0	0
0	0	0
0	0	0
0	0	0
0	0	0
0	0	0
0	0	0
0	0	0
0	0	0
0	0	0
0	0	0
0	0	0
0	0	0
0	0	0
0	0	0
0	0	0
0	0	0
0	0	0
0	0	0
0	0	0
0	0	0
0	0	0
0	0	0
PREHOOK: query: drop table ut
PREHOOK: type: DROPTABLE
PREHOOK: Input: default@ut
PREHOOK: Output: default@ut
POSTHOOK: query: drop table ut
POSTHOOK: type: DROPTABLE
POSTHOOK: Input: default@ut
POSTHOOK: Output: default@ut
PREHOOK: query: explain
select s2.key as key from src s2 join src s3 on s2.key = s3.key
union all select s4.key from src s4 join src s5 on s4.key = s5.key
PREHOOK: type: QUERY
POSTHOOK: query: explain
select s2.key as key from src s2 join src s3 on s2.key = s3.key
union all select s4.key from src s4 join src s5 on s4.key = s5.key
POSTHOOK: type: QUERY
STAGE DEPENDENCIES:
  Stage-1 is a root stage
  Stage-0 depends on stages: Stage-1

STAGE PLANS:
  Stage: Stage-1
    Tez
      Edges:
        Map 1 <- Map 3 (BROADCAST_EDGE), Union 2 (CONTAINS)
        Map 4 <- Map 5 (BROADCAST_EDGE), Union 2 (CONTAINS)
#### A masked pattern was here ####
      Vertices:
        Map 1 
            Map Operator Tree:
                TableScan
                  alias: s2
                  Statistics: Num rows: 500 Data size: 5312 Basic stats: COMPLETE Column stats: NONE
                  Filter Operator
                    predicate: key is not null (type: boolean)
                    Statistics: Num rows: 250 Data size: 2656 Basic stats: COMPLETE Column stats: NONE
                    Select Operator
                      expressions: key (type: string)
                      outputColumnNames: _col0
                      Statistics: Num rows: 250 Data size: 2656 Basic stats: COMPLETE Column stats: NONE
                      Map Join Operator
                        condition map:
                             Inner Join 0 to 1
                        keys:
                          0 _col0 (type: string)
                          1 _col0 (type: string)
                        outputColumnNames: _col0
                        input vertices:
                          1 Map 3
                        Statistics: Num rows: 275 Data size: 2921 Basic stats: COMPLETE Column stats: NONE
                        HybridGraceHashJoin: true
                        File Output Operator
                          compressed: false
                          Statistics: Num rows: 550 Data size: 5842 Basic stats: COMPLETE Column stats: NONE
                          table:
                              input format: org.apache.hadoop.mapred.TextInputFormat
                              output format: org.apache.hadoop.hive.ql.io.HiveIgnoreKeyTextOutputFormat
                              serde: org.apache.hadoop.hive.serde2.lazy.LazySimpleSerDe
        Map 3 
            Map Operator Tree:
                TableScan
                  alias: s2
                  Statistics: Num rows: 500 Data size: 5312 Basic stats: COMPLETE Column stats: NONE
                  Filter Operator
                    predicate: key is not null (type: boolean)
                    Statistics: Num rows: 250 Data size: 2656 Basic stats: COMPLETE Column stats: NONE
                    Select Operator
                      expressions: key (type: string)
                      outputColumnNames: _col0
                      Statistics: Num rows: 250 Data size: 2656 Basic stats: COMPLETE Column stats: NONE
                      Reduce Output Operator
                        key expressions: _col0 (type: string)
                        sort order: +
                        Map-reduce partition columns: _col0 (type: string)
                        Statistics: Num rows: 250 Data size: 2656 Basic stats: COMPLETE Column stats: NONE
        Map 4 
            Map Operator Tree:
                TableScan
                  alias: s2
                  Statistics: Num rows: 500 Data size: 5312 Basic stats: COMPLETE Column stats: NONE
                  Filter Operator
                    predicate: key is not null (type: boolean)
                    Statistics: Num rows: 250 Data size: 2656 Basic stats: COMPLETE Column stats: NONE
                    Select Operator
                      expressions: key (type: string)
                      outputColumnNames: _col0
                      Statistics: Num rows: 250 Data size: 2656 Basic stats: COMPLETE Column stats: NONE
                      Map Join Operator
                        condition map:
                             Inner Join 0 to 1
                        keys:
                          0 _col0 (type: string)
                          1 _col0 (type: string)
                        outputColumnNames: _col0
                        input vertices:
                          1 Map 5
                        Statistics: Num rows: 275 Data size: 2921 Basic stats: COMPLETE Column stats: NONE
                        HybridGraceHashJoin: true
                        File Output Operator
                          compressed: false
                          Statistics: Num rows: 550 Data size: 5842 Basic stats: COMPLETE Column stats: NONE
                          table:
                              input format: org.apache.hadoop.mapred.TextInputFormat
                              output format: org.apache.hadoop.hive.ql.io.HiveIgnoreKeyTextOutputFormat
                              serde: org.apache.hadoop.hive.serde2.lazy.LazySimpleSerDe
        Map 5 
            Map Operator Tree:
                TableScan
                  alias: s2
                  Statistics: Num rows: 500 Data size: 5312 Basic stats: COMPLETE Column stats: NONE
                  Filter Operator
                    predicate: key is not null (type: boolean)
                    Statistics: Num rows: 250 Data size: 2656 Basic stats: COMPLETE Column stats: NONE
                    Select Operator
                      expressions: key (type: string)
                      outputColumnNames: _col0
                      Statistics: Num rows: 250 Data size: 2656 Basic stats: COMPLETE Column stats: NONE
                      Reduce Output Operator
                        key expressions: _col0 (type: string)
                        sort order: +
                        Map-reduce partition columns: _col0 (type: string)
                        Statistics: Num rows: 250 Data size: 2656 Basic stats: COMPLETE Column stats: NONE
        Union 2 
            Vertex: Union 2

  Stage: Stage-0
    Fetch Operator
      limit: -1
      Processor Tree:
        ListSink

PREHOOK: query: create table ut as
select s2.key as key from src s2 join src s3 on s2.key = s3.key
union all select s4.key from src s4 join src s5 on s4.key = s5.key
PREHOOK: type: CREATETABLE_AS_SELECT
PREHOOK: Input: default@src
PREHOOK: Output: database:default
PREHOOK: Output: default@ut
POSTHOOK: query: create table ut as
select s2.key as key from src s2 join src s3 on s2.key = s3.key
union all select s4.key from src s4 join src s5 on s4.key = s5.key
POSTHOOK: type: CREATETABLE_AS_SELECT
POSTHOOK: Input: default@src
POSTHOOK: Output: database:default
POSTHOOK: Output: default@ut
PREHOOK: query: select * from ut order by key limit 30
PREHOOK: type: QUERY
PREHOOK: Input: default@ut
#### A masked pattern was here ####
POSTHOOK: query: select * from ut order by key limit 30
POSTHOOK: type: QUERY
POSTHOOK: Input: default@ut
#### A masked pattern was here ####
0
0
0
0
0
0
0
0
0
0
0
0
0
0
0
0
0
0
10
10
100
100
100
100
100
100
100
100
103
103
PREHOOK: query: drop table ut
PREHOOK: type: DROPTABLE
PREHOOK: Input: default@ut
PREHOOK: Output: default@ut
POSTHOOK: query: drop table ut
POSTHOOK: type: DROPTABLE
POSTHOOK: Input: default@ut
POSTHOOK: Output: default@ut
PREHOOK: query: explain
select * from
(select * from src union all select * from src) u
left outer join src s on u.key = s.key
PREHOOK: type: QUERY
POSTHOOK: query: explain
select * from
(select * from src union all select * from src) u
left outer join src s on u.key = s.key
POSTHOOK: type: QUERY
STAGE DEPENDENCIES:
  Stage-1 is a root stage
  Stage-0 depends on stages: Stage-1

STAGE PLANS:
  Stage: Stage-1
    Tez
      Edges:
        Map 1 <- Map 4 (BROADCAST_EDGE), Union 2 (CONTAINS)
        Map 3 <- Map 4 (BROADCAST_EDGE), Union 2 (CONTAINS)
#### A masked pattern was here ####
      Vertices:
        Map 1 
            Map Operator Tree:
                TableScan
                  alias: src
                  Statistics: Num rows: 500 Data size: 5312 Basic stats: COMPLETE Column stats: NONE
                  Select Operator
                    expressions: key (type: string), value (type: string)
                    outputColumnNames: _col0, _col1
                    Statistics: Num rows: 500 Data size: 5312 Basic stats: COMPLETE Column stats: NONE
                    Map Join Operator
                      condition map:
                           Left Outer Join0 to 1
                      keys:
                        0 _col0 (type: string)
                        1 _col0 (type: string)
                      outputColumnNames: _col0, _col1, _col2, _col3
                      input vertices:
                        1 Map 4
                      Statistics: Num rows: 1100 Data size: 11686 Basic stats: COMPLETE Column stats: NONE
                      HybridGraceHashJoin: true
                      File Output Operator
                        compressed: false
                        Statistics: Num rows: 1100 Data size: 11686 Basic stats: COMPLETE Column stats: NONE
                        table:
                            input format: org.apache.hadoop.mapred.TextInputFormat
                            output format: org.apache.hadoop.hive.ql.io.HiveIgnoreKeyTextOutputFormat
                            serde: org.apache.hadoop.hive.serde2.lazy.LazySimpleSerDe
        Map 3 
            Map Operator Tree:
                TableScan
                  alias: src
                  Statistics: Num rows: 500 Data size: 5312 Basic stats: COMPLETE Column stats: NONE
                  Select Operator
                    expressions: key (type: string), value (type: string)
                    outputColumnNames: _col0, _col1
                    Statistics: Num rows: 500 Data size: 5312 Basic stats: COMPLETE Column stats: NONE
                    Map Join Operator
                      condition map:
                           Left Outer Join0 to 1
                      keys:
                        0 _col0 (type: string)
                        1 _col0 (type: string)
                      outputColumnNames: _col0, _col1, _col2, _col3
                      input vertices:
                        1 Map 4
                      Statistics: Num rows: 1100 Data size: 11686 Basic stats: COMPLETE Column stats: NONE
                      HybridGraceHashJoin: true
                      File Output Operator
                        compressed: false
                        Statistics: Num rows: 1100 Data size: 11686 Basic stats: COMPLETE Column stats: NONE
                        table:
                            input format: org.apache.hadoop.mapred.TextInputFormat
                            output format: org.apache.hadoop.hive.ql.io.HiveIgnoreKeyTextOutputFormat
                            serde: org.apache.hadoop.hive.serde2.lazy.LazySimpleSerDe
        Map 4 
            Map Operator Tree:
                TableScan
                  alias: src
                  Statistics: Num rows: 500 Data size: 5312 Basic stats: COMPLETE Column stats: NONE
                  Select Operator
                    expressions: key (type: string), value (type: string)
                    outputColumnNames: _col0, _col1
                    Statistics: Num rows: 500 Data size: 5312 Basic stats: COMPLETE Column stats: NONE
                    Reduce Output Operator
                      key expressions: _col0 (type: string)
                      sort order: +
                      Map-reduce partition columns: _col0 (type: string)
                      Statistics: Num rows: 500 Data size: 5312 Basic stats: COMPLETE Column stats: NONE
                      value expressions: _col1 (type: string)
                    Reduce Output Operator
                      key expressions: _col0 (type: string)
                      sort order: +
                      Map-reduce partition columns: _col0 (type: string)
                      Statistics: Num rows: 500 Data size: 5312 Basic stats: COMPLETE Column stats: NONE
                      value expressions: _col1 (type: string)
        Union 2 
            Vertex: Union 2

  Stage: Stage-0
    Fetch Operator
      limit: -1
      Processor Tree:
        ListSink

PREHOOK: query: explain
select u.key as ukey, s.key as skey from
(select * from src union all select * from src) u
right outer join src s on u.key = s.key
PREHOOK: type: QUERY
POSTHOOK: query: explain
select u.key as ukey, s.key as skey from
(select * from src union all select * from src) u
right outer join src s on u.key = s.key
POSTHOOK: type: QUERY
STAGE DEPENDENCIES:
  Stage-1 is a root stage
  Stage-0 depends on stages: Stage-1

STAGE PLANS:
  Stage: Stage-1
    Tez
      Edges:
        Map 1 <- Union 2 (CONTAINS)
        Map 3 <- Union 2 (CONTAINS)
        Map 4 <- Union 2 (BROADCAST_EDGE)
#### A masked pattern was here ####
      Vertices:
        Map 1 
            Map Operator Tree:
                TableScan
                  alias: src
                  Statistics: Num rows: 500 Data size: 5312 Basic stats: COMPLETE Column stats: NONE
                  Select Operator
                    expressions: key (type: string)
                    outputColumnNames: _col0
                    Statistics: Num rows: 500 Data size: 5312 Basic stats: COMPLETE Column stats: NONE
                    Reduce Output Operator
                      key expressions: _col0 (type: string)
                      sort order: +
                      Map-reduce partition columns: _col0 (type: string)
                      Statistics: Num rows: 1000 Data size: 10624 Basic stats: COMPLETE Column stats: NONE
        Map 3 
            Map Operator Tree:
                TableScan
                  alias: src
                  Statistics: Num rows: 500 Data size: 5312 Basic stats: COMPLETE Column stats: NONE
                  Select Operator
                    expressions: key (type: string)
                    outputColumnNames: _col0
                    Statistics: Num rows: 500 Data size: 5312 Basic stats: COMPLETE Column stats: NONE
                    Reduce Output Operator
                      key expressions: _col0 (type: string)
                      sort order: +
                      Map-reduce partition columns: _col0 (type: string)
                      Statistics: Num rows: 1000 Data size: 10624 Basic stats: COMPLETE Column stats: NONE
        Map 4 
            Map Operator Tree:
                TableScan
                  alias: src
                  Statistics: Num rows: 500 Data size: 5312 Basic stats: COMPLETE Column stats: NONE
                  Select Operator
                    expressions: key (type: string)
                    outputColumnNames: _col0
                    Statistics: Num rows: 500 Data size: 5312 Basic stats: COMPLETE Column stats: NONE
                    Map Join Operator
                      condition map:
                           Right Outer Join0 to 1
                      keys:
                        0 _col0 (type: string)
                        1 _col0 (type: string)
                      outputColumnNames: _col0, _col1
                      input vertices:
                        0 Union 2
                      Statistics: Num rows: 1100 Data size: 11686 Basic stats: COMPLETE Column stats: NONE
                      HybridGraceHashJoin: true
                      File Output Operator
                        compressed: false
                        Statistics: Num rows: 1100 Data size: 11686 Basic stats: COMPLETE Column stats: NONE
                        table:
                            input format: org.apache.hadoop.mapred.TextInputFormat
                            output format: org.apache.hadoop.hive.ql.io.HiveIgnoreKeyTextOutputFormat
                            serde: org.apache.hadoop.hive.serde2.lazy.LazySimpleSerDe
        Union 2 
            Vertex: Union 2

  Stage: Stage-0
    Fetch Operator
      limit: -1
      Processor Tree:
        ListSink

PREHOOK: query: create table ut as
select u.key as ukey, s.key as skey from
(select * from src union all select * from src) u
right outer join src s on u.key = s.key
PREHOOK: type: CREATETABLE_AS_SELECT
PREHOOK: Input: default@src
PREHOOK: Output: database:default
PREHOOK: Output: default@ut
POSTHOOK: query: create table ut as
select u.key as ukey, s.key as skey from
(select * from src union all select * from src) u
right outer join src s on u.key = s.key
POSTHOOK: type: CREATETABLE_AS_SELECT
POSTHOOK: Input: default@src
POSTHOOK: Output: database:default
POSTHOOK: Output: default@ut
PREHOOK: query: select * from ut order by ukey, skey limit 20
PREHOOK: type: QUERY
PREHOOK: Input: default@ut
#### A masked pattern was here ####
POSTHOOK: query: select * from ut order by ukey, skey limit 20
POSTHOOK: type: QUERY
POSTHOOK: Input: default@ut
#### A masked pattern was here ####
0	0
0	0
0	0
0	0
0	0
0	0
0	0
0	0
0	0
0	0
0	0
0	0
0	0
0	0
0	0
0	0
0	0
0	0
10	10
10	10
PREHOOK: query: drop table ut
PREHOOK: type: DROPTABLE
PREHOOK: Input: default@ut
PREHOOK: Output: default@ut
POSTHOOK: query: drop table ut
POSTHOOK: type: DROPTABLE
POSTHOOK: Input: default@ut
POSTHOOK: Output: default@ut
PREHOOK: query: create table TABLE1(EMP_NAME STRING, EMP_ID INT) ROW FORMAT DELIMITED FIELDS TERMINATED BY ','
PREHOOK: type: CREATETABLE
PREHOOK: Output: database:default
PREHOOK: Output: default@TABLE1
POSTHOOK: query: create table TABLE1(EMP_NAME STRING, EMP_ID INT) ROW FORMAT DELIMITED FIELDS TERMINATED BY ','
POSTHOOK: type: CREATETABLE
POSTHOOK: Output: database:default
POSTHOOK: Output: default@TABLE1
PREHOOK: query: create table table2 (EMP_NAME STRING) PARTITIONED BY (EMP_ID INT) ROW FORMAT DELIMITED FIELDS TERMINATED BY ','
PREHOOK: type: CREATETABLE
PREHOOK: Output: database:default
PREHOOK: Output: default@table2
POSTHOOK: query: create table table2 (EMP_NAME STRING) PARTITIONED BY (EMP_ID INT) ROW FORMAT DELIMITED FIELDS TERMINATED BY ','
POSTHOOK: type: CREATETABLE
POSTHOOK: Output: database:default
POSTHOOK: Output: default@table2
PREHOOK: query: CREATE OR REPLACE VIEW TABLE3 as select EMP_NAME, EMP_ID from TABLE1
PREHOOK: type: CREATEVIEW
PREHOOK: Input: default@table1
PREHOOK: Output: database:default
PREHOOK: Output: default@TABLE3
POSTHOOK: query: CREATE OR REPLACE VIEW TABLE3 as select EMP_NAME, EMP_ID from TABLE1
POSTHOOK: type: CREATEVIEW
POSTHOOK: Input: default@table1
POSTHOOK: Output: database:default
POSTHOOK: Output: default@TABLE3
PREHOOK: query: explain formatted select count(*) from TABLE3
PREHOOK: type: QUERY
POSTHOOK: query: explain formatted select count(*) from TABLE3
POSTHOOK: type: QUERY
#### A masked pattern was here ####
PREHOOK: query: drop table table2
PREHOOK: type: DROPTABLE
PREHOOK: Input: default@table2
PREHOOK: Output: default@table2
POSTHOOK: query: drop table table2
POSTHOOK: type: DROPTABLE
POSTHOOK: Input: default@table2
POSTHOOK: Output: default@table2
PREHOOK: query: create table table2 (EMP_NAME STRING) PARTITIONED BY (EMP_ID INT) ROW FORMAT DELIMITED FIELDS TERMINATED BY ','
PREHOOK: type: CREATETABLE
PREHOOK: Output: database:default
PREHOOK: Output: default@table2
POSTHOOK: query: create table table2 (EMP_NAME STRING) PARTITIONED BY (EMP_ID INT) ROW FORMAT DELIMITED FIELDS TERMINATED BY ','
POSTHOOK: type: CREATETABLE
POSTHOOK: Output: database:default
POSTHOOK: Output: default@table2
PREHOOK: query: CREATE OR REPLACE VIEW TABLE3 as select EMP_NAME, EMP_ID from TABLE1 UNION ALL select EMP_NAME,EMP_ID from TABLE2
PREHOOK: type: CREATEVIEW
PREHOOK: Input: default@table1
PREHOOK: Input: default@table2
PREHOOK: Output: database:default
PREHOOK: Output: default@TABLE3
POSTHOOK: query: CREATE OR REPLACE VIEW TABLE3 as select EMP_NAME, EMP_ID from TABLE1 UNION ALL select EMP_NAME,EMP_ID from TABLE2
POSTHOOK: type: CREATEVIEW
POSTHOOK: Input: default@table1
POSTHOOK: Input: default@table2
POSTHOOK: Output: database:default
POSTHOOK: Output: default@TABLE3
POSTHOOK: Output: default@table3
PREHOOK: query: explain formatted select count(*) from TABLE3
PREHOOK: type: QUERY
POSTHOOK: query: explain formatted select count(*) from TABLE3
POSTHOOK: type: QUERY
#### A masked pattern was here ####
