PREHOOK: query: create table t1(
id string,
od string)
PREHOOK: type: CREATETABLE
PREHOOK: Output: database:default
PREHOOK: Output: default@t1
POSTHOOK: query: create table t1(
id string,
od string)
POSTHOOK: type: CREATETABLE
POSTHOOK: Output: database:default
POSTHOOK: Output: default@t1
PREHOOK: query: create table t2(
id string,
od string)
PREHOOK: type: CREATETABLE
PREHOOK: Output: database:default
PREHOOK: Output: default@t2
POSTHOOK: query: create table t2(
id string,
od string)
POSTHOOK: type: CREATETABLE
POSTHOOK: Output: database:default
POSTHOOK: Output: default@t2
PREHOOK: query: explain
select vt1.id from
(select rt1.id from
(select t1.id, t1.od from t1 order by t1.id, t1.od) rt1) vt1
join
(select rt2.id from
(select t2.id, t2.od from t2 order by t2.id, t2.od) rt2) vt2
where vt1.id=vt2.id
PREHOOK: type: QUERY
POSTHOOK: query: explain
select vt1.id from
(select rt1.id from
(select t1.id, t1.od from t1 order by t1.id, t1.od) rt1) vt1
join
(select rt2.id from
(select t2.id, t2.od from t2 order by t2.id, t2.od) rt2) vt2
where vt1.id=vt2.id
POSTHOOK: type: QUERY
STAGE DEPENDENCIES:
  Stage-1 is a root stage
  Stage-0 depends on stages: Stage-1

STAGE PLANS:
  Stage: Stage-1
    Tez
      Edges:
        Reducer 2 <- Map 1 (SIMPLE_EDGE)
        Reducer 3 <- Reducer 2 (SIMPLE_EDGE), Reducer 5 (SIMPLE_EDGE)
        Reducer 5 <- Map 4 (SIMPLE_EDGE)
#### A masked pattern was here ####
      Vertices:
        Map 1 
            Map Operator Tree:
                TableScan
                  alias: t2
                  Statistics: Num rows: 0 Data size: 0 Basic stats: NONE Column stats: NONE
                  Filter Operator
                    predicate: id is not null (type: boolean)
                    Statistics: Num rows: 0 Data size: 0 Basic stats: NONE Column stats: NONE
                    Select Operator
                      expressions: id (type: string), od (type: string)
                      outputColumnNames: _col0, _col1
                      Statistics: Num rows: 0 Data size: 0 Basic stats: NONE Column stats: NONE
                      Reduce Output Operator
                        key expressions: _col0 (type: string), _col1 (type: string)
                        sort order: ++
                        Statistics: Num rows: 0 Data size: 0 Basic stats: NONE Column stats: NONE
        Map 4 
            Map Operator Tree:
                TableScan
                  alias: t1
                  Statistics: Num rows: 0 Data size: 0 Basic stats: NONE Column stats: NONE
                  Filter Operator
                    predicate: id is not null (type: boolean)
                    Statistics: Num rows: 0 Data size: 0 Basic stats: NONE Column stats: NONE
                    Select Operator
                      expressions: id (type: string), od (type: string)
                      outputColumnNames: _col0, _col1
                      Statistics: Num rows: 0 Data size: 0 Basic stats: NONE Column stats: NONE
                      Reduce Output Operator
                        key expressions: _col0 (type: string), _col1 (type: string)
                        sort order: ++
                        Statistics: Num rows: 0 Data size: 0 Basic stats: NONE Column stats: NONE
        Reducer 2 
            Reduce Operator Tree:
              Select Operator
                expressions: KEY.reducesinkkey0 (type: string)
                outputColumnNames: _col0
                Statistics: Num rows: 0 Data size: 0 Basic stats: NONE Column stats: NONE
                Reduce Output Operator
                  key expressions: _col0 (type: string)
                  sort order: +
                  Map-reduce partition columns: _col0 (type: string)
                  Statistics: Num rows: 0 Data size: 0 Basic stats: NONE Column stats: NONE
        Reducer 3 
            Reduce Operator Tree:
              Merge Join Operator
                condition map:
                     Inner Join 0 to 1
                condition expressions:
                  0 {KEY.reducesinkkey0}
                  1 {KEY.reducesinkkey0}
                outputColumnNames: _col0, _col1
                Statistics: Num rows: 0 Data size: 0 Basic stats: NONE Column stats: NONE
                Filter Operator
                  predicate: (_col0 = _col1) (type: boolean)
                  Statistics: Num rows: 0 Data size: 0 Basic stats: NONE Column stats: NONE
                  Select Operator
                    expressions: _col0 (type: string)
                    outputColumnNames: _col0
                    Statistics: Num rows: 0 Data size: 0 Basic stats: NONE Column stats: NONE
                    File Output Operator
                      compressed: false
                      Statistics: Num rows: 0 Data size: 0 Basic stats: NONE Column stats: NONE
                      table:
                          input format: org.apache.hadoop.mapred.TextInputFormat
                          output format: org.apache.hadoop.hive.ql.io.HiveIgnoreKeyTextOutputFormat
                          serde: org.apache.hadoop.hive.serde2.lazy.LazySimpleSerDe
        Reducer 5 
            Reduce Operator Tree:
              Select Operator
                expressions: KEY.reducesinkkey0 (type: string)
                outputColumnNames: _col0
                Statistics: Num rows: 0 Data size: 0 Basic stats: NONE Column stats: NONE
                Reduce Output Operator
                  key expressions: _col0 (type: string)
                  sort order: +
                  Map-reduce partition columns: _col0 (type: string)
                  Statistics: Num rows: 0 Data size: 0 Basic stats: NONE Column stats: NONE

  Stage: Stage-0
    Fetch Operator
      limit: -1
      Processor Tree:
        ListSink

PREHOOK: query: select vt1.id from
(select rt1.id from
(select t1.id, t1.od from t1 order by t1.id, t1.od) rt1) vt1
join
(select rt2.id from
(select t2.id, t2.od from t2 order by t2.id, t2.od) rt2) vt2
where vt1.id=vt2.id
PREHOOK: type: QUERY
PREHOOK: Input: default@t1
PREHOOK: Input: default@t2
#### A masked pattern was here ####
POSTHOOK: query: select vt1.id from
(select rt1.id from
(select t1.id, t1.od from t1 order by t1.id, t1.od) rt1) vt1
join
(select rt2.id from
(select t2.id, t2.od from t2 order by t2.id, t2.od) rt2) vt2
where vt1.id=vt2.id
POSTHOOK: type: QUERY
POSTHOOK: Input: default@t1
POSTHOOK: Input: default@t2
#### A masked pattern was here ####
PREHOOK: query: explain
select vt1.id from
(select rt1.id from
(select t1.id, t1.od, count(*) from t1 group by t1.id, t1.od) rt1) vt1
join
(select rt2.id from
(select t2.id, t2.od, count(*) from t2 group by t2.id, t2.od) rt2) vt2
where vt1.id=vt2.id
PREHOOK: type: QUERY
POSTHOOK: query: explain
select vt1.id from
(select rt1.id from
(select t1.id, t1.od, count(*) from t1 group by t1.id, t1.od) rt1) vt1
join
(select rt2.id from
(select t2.id, t2.od, count(*) from t2 group by t2.id, t2.od) rt2) vt2
where vt1.id=vt2.id
POSTHOOK: type: QUERY
STAGE DEPENDENCIES:
  Stage-1 is a root stage
  Stage-0 depends on stages: Stage-1

STAGE PLANS:
  Stage: Stage-1
    Tez
      Edges:
        Reducer 2 <- Map 1 (SIMPLE_EDGE)
        Reducer 3 <- Reducer 2 (SIMPLE_EDGE), Reducer 5 (SIMPLE_EDGE)
        Reducer 5 <- Map 4 (SIMPLE_EDGE)
#### A masked pattern was here ####
      Vertices:
        Map 1 
            Map Operator Tree:
                TableScan
                  alias: t2
                  Statistics: Num rows: 0 Data size: 0 Basic stats: NONE Column stats: NONE
                  Filter Operator
                    predicate: id is not null (type: boolean)
                    Statistics: Num rows: 0 Data size: 0 Basic stats: NONE Column stats: NONE
                    Select Operator
                      expressions: id (type: string), od (type: string)
                      outputColumnNames: id, od
                      Statistics: Num rows: 0 Data size: 0 Basic stats: NONE Column stats: NONE
                      Group By Operator
                        aggregations: count()
                        keys: id (type: string), od (type: string)
                        mode: hash
                        outputColumnNames: _col0, _col1, _col2
                        Statistics: Num rows: 0 Data size: 0 Basic stats: NONE Column stats: NONE
                        Reduce Output Operator
                          key expressions: _col0 (type: string), _col1 (type: string)
                          sort order: ++
                          Map-reduce partition columns: _col0 (type: string), _col1 (type: string)
                          Statistics: Num rows: 0 Data size: 0 Basic stats: NONE Column stats: NONE
                          value expressions: _col2 (type: bigint)
        Map 4 
            Map Operator Tree:
                TableScan
                  alias: t1
                  Statistics: Num rows: 0 Data size: 0 Basic stats: NONE Column stats: NONE
                  Filter Operator
                    predicate: id is not null (type: boolean)
                    Statistics: Num rows: 0 Data size: 0 Basic stats: NONE Column stats: NONE
                    Select Operator
                      expressions: id (type: string), od (type: string)
                      outputColumnNames: id, od
                      Statistics: Num rows: 0 Data size: 0 Basic stats: NONE Column stats: NONE
                      Group By Operator
                        aggregations: count()
                        keys: id (type: string), od (type: string)
                        mode: hash
                        outputColumnNames: _col0, _col1, _col2
                        Statistics: Num rows: 0 Data size: 0 Basic stats: NONE Column stats: NONE
                        Reduce Output Operator
                          key expressions: _col0 (type: string), _col1 (type: string)
                          sort order: ++
                          Map-reduce partition columns: _col0 (type: string), _col1 (type: string)
                          Statistics: Num rows: 0 Data size: 0 Basic stats: NONE Column stats: NONE
                          value expressions: _col2 (type: bigint)
        Reducer 2 
            Reduce Operator Tree:
              Group By Operator
                aggregations: count(VALUE._col0)
                keys: KEY._col0 (type: string), KEY._col1 (type: string)
                mode: mergepartial
                outputColumnNames: _col0, _col1, _col2
                Statistics: Num rows: 0 Data size: 0 Basic stats: NONE Column stats: NONE
                Select Operator
                  expressions: _col0 (type: string)
                  outputColumnNames: _col0
                  Statistics: Num rows: 0 Data size: 0 Basic stats: NONE Column stats: NONE
                  Reduce Output Operator
                    key expressions: _col0 (type: string)
                    sort order: +
                    Map-reduce partition columns: _col0 (type: string)
                    Statistics: Num rows: 0 Data size: 0 Basic stats: NONE Column stats: NONE
        Reducer 3 
            Reduce Operator Tree:
              Merge Join Operator
                condition map:
                     Inner Join 0 to 1
                condition expressions:
                  0 {KEY.reducesinkkey0}
                  1 {KEY.reducesinkkey0}
                outputColumnNames: _col0, _col1
                Statistics: Num rows: 0 Data size: 0 Basic stats: NONE Column stats: NONE
                Filter Operator
                  predicate: (_col0 = _col1) (type: boolean)
                  Statistics: Num rows: 0 Data size: 0 Basic stats: NONE Column stats: NONE
                  Select Operator
                    expressions: _col0 (type: string)
                    outputColumnNames: _col0
                    Statistics: Num rows: 0 Data size: 0 Basic stats: NONE Column stats: NONE
                    File Output Operator
                      compressed: false
                      Statistics: Num rows: 0 Data size: 0 Basic stats: NONE Column stats: NONE
                      table:
                          input format: org.apache.hadoop.mapred.TextInputFormat
                          output format: org.apache.hadoop.hive.ql.io.HiveIgnoreKeyTextOutputFormat
                          serde: org.apache.hadoop.hive.serde2.lazy.LazySimpleSerDe
        Reducer 5 
            Reduce Operator Tree:
              Group By Operator
                aggregations: count(VALUE._col0)
                keys: KEY._col0 (type: string), KEY._col1 (type: string)
                mode: mergepartial
                outputColumnNames: _col0, _col1, _col2
                Statistics: Num rows: 0 Data size: 0 Basic stats: NONE Column stats: NONE
                Select Operator
                  expressions: _col0 (type: string)
                  outputColumnNames: _col0
                  Statistics: Num rows: 0 Data size: 0 Basic stats: NONE Column stats: NONE
                  Reduce Output Operator
                    key expressions: _col0 (type: string)
                    sort order: +
                    Map-reduce partition columns: _col0 (type: string)
                    Statistics: Num rows: 0 Data size: 0 Basic stats: NONE Column stats: NONE

  Stage: Stage-0
    Fetch Operator
      limit: -1
      Processor Tree:
        ListSink

PREHOOK: query: select vt1.id from
(select rt1.id from
(select t1.id, t1.od, count(*) from t1 group by t1.id, t1.od) rt1) vt1
join
(select rt2.id from
(select t2.id, t2.od, count(*) from t2 group by t2.id, t2.od) rt2) vt2
where vt1.id=vt2.id
PREHOOK: type: QUERY
PREHOOK: Input: default@t1
PREHOOK: Input: default@t2
#### A masked pattern was here ####
POSTHOOK: query: select vt1.id from
(select rt1.id from
(select t1.id, t1.od, count(*) from t1 group by t1.id, t1.od) rt1) vt1
join
(select rt2.id from
(select t2.id, t2.od, count(*) from t2 group by t2.id, t2.od) rt2) vt2
where vt1.id=vt2.id
POSTHOOK: type: QUERY
POSTHOOK: Input: default@t1
POSTHOOK: Input: default@t2
#### A masked pattern was here ####
