PREHOOK: query: EXPLAIN SELECT COUNT(t1.cint), MAX(t2.cint), MIN(t1.cint), AVG(t1.cint+t2.cint)
  FROM alltypesorc t1
  JOIN alltypesorc t2 ON t1.cint = t2.cint
PREHOOK: type: QUERY
POSTHOOK: query: EXPLAIN SELECT COUNT(t1.cint), MAX(t2.cint), MIN(t1.cint), AVG(t1.cint+t2.cint)
  FROM alltypesorc t1
  JOIN alltypesorc t2 ON t1.cint = t2.cint
POSTHOOK: type: QUERY
STAGE DEPENDENCIES:
  Stage-1 is a root stage
  Stage-0 depends on stages: Stage-1

STAGE PLANS:
  Stage: Stage-1
    Tez
      Edges:
        Reducer 2 <- Map 1 (SIMPLE_EDGE), Map 4 (SIMPLE_EDGE)
        Reducer 3 <- Reducer 2 (SIMPLE_EDGE)
#### A masked pattern was here ####
      Vertices:
        Map 1 
            Map Operator Tree:
                TableScan
                  alias: t1
                  Statistics: Num rows: 12288 Data size: 377237 Basic stats: COMPLETE Column stats: NONE
                  Filter Operator
                    predicate: cint is not null (type: boolean)
                    Statistics: Num rows: 6144 Data size: 188618 Basic stats: COMPLETE Column stats: NONE
                    Select Operator
                      expressions: cint (type: int)
                      outputColumnNames: _col0
                      Statistics: Num rows: 6144 Data size: 188618 Basic stats: COMPLETE Column stats: NONE
                      Reduce Output Operator
                        key expressions: _col0 (type: int)
                        sort order: +
                        Map-reduce partition columns: _col0 (type: int)
                        Statistics: Num rows: 6144 Data size: 188618 Basic stats: COMPLETE Column stats: NONE
            Execution mode: vectorized
        Map 4 
            Map Operator Tree:
                TableScan
                  alias: t1
                  Statistics: Num rows: 12288 Data size: 377237 Basic stats: COMPLETE Column stats: NONE
                  Filter Operator
                    predicate: cint is not null (type: boolean)
                    Statistics: Num rows: 6144 Data size: 188618 Basic stats: COMPLETE Column stats: NONE
                    Select Operator
                      expressions: cint (type: int)
                      outputColumnNames: _col0
                      Statistics: Num rows: 6144 Data size: 188618 Basic stats: COMPLETE Column stats: NONE
                      Reduce Output Operator
                        key expressions: _col0 (type: int)
                        sort order: +
                        Map-reduce partition columns: _col0 (type: int)
                        Statistics: Num rows: 6144 Data size: 188618 Basic stats: COMPLETE Column stats: NONE
            Execution mode: vectorized
        Reducer 2 
            Reduce Operator Tree:
              Merge Join Operator
                condition map:
                     Inner Join 0 to 1
                keys:
                  0 _col0 (type: int)
                  1 _col0 (type: int)
                outputColumnNames: _col0, _col1
                Statistics: Num rows: 6758 Data size: 207479 Basic stats: COMPLETE Column stats: NONE
                Select Operator
                  expressions: _col0 (type: int), _col1 (type: int), (_col0 + _col1) (type: int)
                  outputColumnNames: _col0, _col1, _col2
                  Statistics: Num rows: 6758 Data size: 207479 Basic stats: COMPLETE Column stats: NONE
                  Group By Operator
                    aggregations: count(_col0), max(_col1), min(_col0), avg(_col2)
                    mode: hash
                    outputColumnNames: _col0, _col1, _col2, _col3
                    Statistics: Num rows: 1 Data size: 16 Basic stats: COMPLETE Column stats: NONE
                    Reduce Output Operator
                      sort order: 
                      Statistics: Num rows: 1 Data size: 16 Basic stats: COMPLETE Column stats: NONE
                      value expressions: _col0 (type: bigint), _col1 (type: int), _col2 (type: int), _col3 (type: struct<count:bigint,sum:double,input:int>)
        Reducer 3 
            Reduce Operator Tree:
              Group By Operator
                aggregations: count(VALUE._col0), max(VALUE._col1), min(VALUE._col2), avg(VALUE._col3)
                mode: mergepartial
                outputColumnNames: _col0, _col1, _col2, _col3
                Statistics: Num rows: 1 Data size: 24 Basic stats: COMPLETE Column stats: NONE
                Select Operator
                  expressions: _col0 (type: bigint), _col1 (type: int), _col2 (type: int), _col3 (type: double)
                  outputColumnNames: _col0, _col1, _col2, _col3
                  Statistics: Num rows: 1 Data size: 24 Basic stats: COMPLETE Column stats: NONE
                  File Output Operator
                    compressed: false
                    Statistics: Num rows: 1 Data size: 24 Basic stats: COMPLETE Column stats: NONE
                    table:
                        input format: org.apache.hadoop.mapred.TextInputFormat
                        output format: org.apache.hadoop.hive.ql.io.HiveIgnoreKeyTextOutputFormat
                        serde: org.apache.hadoop.hive.serde2.lazy.LazySimpleSerDe

  Stage: Stage-0
    Fetch Operator
      limit: -1
      Processor Tree:
        ListSink

PREHOOK: query: SELECT COUNT(t1.cint), MAX(t2.cint), MIN(t1.cint), AVG(t1.cint+t2.cint)
  FROM alltypesorc t1
  JOIN alltypesorc t2 ON t1.cint = t2.cint
PREHOOK: type: QUERY
PREHOOK: Input: default@alltypesorc
#### A masked pattern was here ####
POSTHOOK: query: SELECT COUNT(t1.cint), MAX(t2.cint), MIN(t1.cint), AVG(t1.cint+t2.cint)
  FROM alltypesorc t1
  JOIN alltypesorc t2 ON t1.cint = t2.cint
POSTHOOK: type: QUERY
POSTHOOK: Input: default@alltypesorc
#### A masked pattern was here ####
3152013	1073680599	-1073279343	9.375396162525452E8
