PREHOOK: query: -- SORT_QUERY_RESULTS

explain select sum(t1.td) from (select  v1.csmallint as tsi, v1.cdouble as td from alltypesorc v1, alltypesorc v2 where v1.ctinyint=v2.ctinyint) t1 join alltypesorc v3 on t1.tsi=v3.csmallint
PREHOOK: type: QUERY
POSTHOOK: query: -- SORT_QUERY_RESULTS

explain select sum(t1.td) from (select  v1.csmallint as tsi, v1.cdouble as td from alltypesorc v1, alltypesorc v2 where v1.ctinyint=v2.ctinyint) t1 join alltypesorc v3 on t1.tsi=v3.csmallint
POSTHOOK: type: QUERY
STAGE DEPENDENCIES:
  Stage-1 is a root stage
  Stage-0 depends on stages: Stage-1

STAGE PLANS:
  Stage: Stage-1
    Tez
      Edges:
        Map 1 <- Map 3 (BROADCAST_EDGE), Map 4 (BROADCAST_EDGE)
        Reducer 2 <- Map 1 (SIMPLE_EDGE)
#### A masked pattern was here ####
      Vertices:
        Map 1 
            Map Operator Tree:
                TableScan
                  alias: v1
                  Statistics: Num rows: 12288 Data size: 2641964 Basic stats: COMPLETE Column stats: NONE
                  Filter Operator
                    predicate: ctinyint is not null (type: boolean)
                    Statistics: Num rows: 12288 Data size: 2641964 Basic stats: COMPLETE Column stats: NONE
                    Select Operator
                      expressions: ctinyint (type: tinyint)
                      outputColumnNames: _col0
                      Statistics: Num rows: 12288 Data size: 2641964 Basic stats: COMPLETE Column stats: NONE
                      Map Join Operator
                        condition map:
                             Inner Join 0 to 1
                        keys:
                          0 _col0 (type: tinyint)
                          1 _col0 (type: tinyint)
                        outputColumnNames: _col2, _col3
                        input vertices:
                          1 Map 3
                        Statistics: Num rows: 13516 Data size: 2906160 Basic stats: COMPLETE Column stats: NONE
                        HybridGraceHashJoin: true
                        Select Operator
                          expressions: _col2 (type: smallint), _col3 (type: double)
                          outputColumnNames: _col0, _col1
                          Statistics: Num rows: 13516 Data size: 2906160 Basic stats: COMPLETE Column stats: NONE
                          Map Join Operator
                            condition map:
                                 Inner Join 0 to 1
                            keys:
                              0 _col0 (type: smallint)
                              1 _col0 (type: smallint)
                            outputColumnNames: _col1
                            input vertices:
                              1 Map 4
                            Statistics: Num rows: 14867 Data size: 3196776 Basic stats: COMPLETE Column stats: NONE
                            HybridGraceHashJoin: true
                            Group By Operator
                              aggregations: sum(_col1)
                              mode: hash
                              outputColumnNames: _col0
                              Statistics: Num rows: 1 Data size: 8 Basic stats: COMPLETE Column stats: NONE
                              Reduce Output Operator
                                sort order: 
                                Statistics: Num rows: 1 Data size: 8 Basic stats: COMPLETE Column stats: NONE
                                value expressions: _col0 (type: double)
            Execution mode: vectorized
        Map 3 
            Map Operator Tree:
                TableScan
                  alias: v1
                  Statistics: Num rows: 12288 Data size: 2641964 Basic stats: COMPLETE Column stats: NONE
                  Filter Operator
                    predicate: (ctinyint is not null and csmallint is not null) (type: boolean)
                    Statistics: Num rows: 12288 Data size: 2641964 Basic stats: COMPLETE Column stats: NONE
                    Select Operator
                      expressions: ctinyint (type: tinyint), csmallint (type: smallint), cdouble (type: double)
                      outputColumnNames: _col0, _col1, _col2
                      Statistics: Num rows: 12288 Data size: 2641964 Basic stats: COMPLETE Column stats: NONE
                      Reduce Output Operator
                        key expressions: _col0 (type: tinyint)
                        sort order: +
                        Map-reduce partition columns: _col0 (type: tinyint)
                        Statistics: Num rows: 12288 Data size: 2641964 Basic stats: COMPLETE Column stats: NONE
                        value expressions: _col1 (type: smallint), _col2 (type: double)
            Execution mode: vectorized
        Map 4 
            Map Operator Tree:
                TableScan
                  alias: v1
                  Statistics: Num rows: 12288 Data size: 2641964 Basic stats: COMPLETE Column stats: NONE
                  Filter Operator
                    predicate: csmallint is not null (type: boolean)
                    Statistics: Num rows: 12288 Data size: 2641964 Basic stats: COMPLETE Column stats: NONE
                    Select Operator
                      expressions: csmallint (type: smallint)
                      outputColumnNames: _col0
                      Statistics: Num rows: 12288 Data size: 2641964 Basic stats: COMPLETE Column stats: NONE
                      Reduce Output Operator
                        key expressions: _col0 (type: smallint)
                        sort order: +
                        Map-reduce partition columns: _col0 (type: smallint)
                        Statistics: Num rows: 12288 Data size: 2641964 Basic stats: COMPLETE Column stats: NONE
            Execution mode: vectorized
        Reducer 2 
            Execution mode: vectorized
            Reduce Operator Tree:
              Group By Operator
                aggregations: sum(VALUE._col0)
                mode: mergepartial
                outputColumnNames: _col0
                Statistics: Num rows: 1 Data size: 8 Basic stats: COMPLETE Column stats: NONE
                File Output Operator
                  compressed: false
                  Statistics: Num rows: 1 Data size: 8 Basic stats: COMPLETE Column stats: NONE
                  table:
                      input format: org.apache.hadoop.mapred.TextInputFormat
                      output format: org.apache.hadoop.hive.ql.io.HiveIgnoreKeyTextOutputFormat
                      serde: org.apache.hadoop.hive.serde2.lazy.LazySimpleSerDe

  Stage: Stage-0
    Fetch Operator
      limit: -1
      Processor Tree:
        ListSink

PREHOOK: query: select sum(t1.td) from (select  v1.csmallint as tsi, v1.cdouble as td from alltypesorc v1, alltypesorc v2 where v1.ctinyint=v2.ctinyint) t1 join alltypesorc v3 on t1.tsi=v3.csmallint
PREHOOK: type: QUERY
PREHOOK: Input: default@alltypesorc
#### A masked pattern was here ####
POSTHOOK: query: select sum(t1.td) from (select  v1.csmallint as tsi, v1.cdouble as td from alltypesorc v1, alltypesorc v2 where v1.ctinyint=v2.ctinyint) t1 join alltypesorc v3 on t1.tsi=v3.csmallint
POSTHOOK: type: QUERY
POSTHOOK: Input: default@alltypesorc
#### A masked pattern was here ####
6.065190932486892E11
