PREHOOK: query: select distinct ds from srcpart
PREHOOK: type: QUERY
PREHOOK: Input: default@srcpart
PREHOOK: Input: default@srcpart@ds=2008-04-08/hr=11
PREHOOK: Input: default@srcpart@ds=2008-04-08/hr=12
PREHOOK: Input: default@srcpart@ds=2008-04-09/hr=11
PREHOOK: Input: default@srcpart@ds=2008-04-09/hr=12
#### A masked pattern was here ####
POSTHOOK: query: select distinct ds from srcpart
POSTHOOK: type: QUERY
POSTHOOK: Input: default@srcpart
POSTHOOK: Input: default@srcpart@ds=2008-04-08/hr=11
POSTHOOK: Input: default@srcpart@ds=2008-04-08/hr=12
POSTHOOK: Input: default@srcpart@ds=2008-04-09/hr=11
POSTHOOK: Input: default@srcpart@ds=2008-04-09/hr=12
#### A masked pattern was here ####
2008-04-08
2008-04-09
PREHOOK: query: select distinct hr from srcpart
PREHOOK: type: QUERY
PREHOOK: Input: default@srcpart
PREHOOK: Input: default@srcpart@ds=2008-04-08/hr=11
PREHOOK: Input: default@srcpart@ds=2008-04-08/hr=12
PREHOOK: Input: default@srcpart@ds=2008-04-09/hr=11
PREHOOK: Input: default@srcpart@ds=2008-04-09/hr=12
#### A masked pattern was here ####
POSTHOOK: query: select distinct hr from srcpart
POSTHOOK: type: QUERY
POSTHOOK: Input: default@srcpart
POSTHOOK: Input: default@srcpart@ds=2008-04-08/hr=11
POSTHOOK: Input: default@srcpart@ds=2008-04-08/hr=12
POSTHOOK: Input: default@srcpart@ds=2008-04-09/hr=11
POSTHOOK: Input: default@srcpart@ds=2008-04-09/hr=12
#### A masked pattern was here ####
11
12
PREHOOK: query: EXPLAIN create table srcpart_date as select ds as ds, ds as `date` from srcpart group by ds
PREHOOK: type: CREATETABLE_AS_SELECT
POSTHOOK: query: EXPLAIN create table srcpart_date as select ds as ds, ds as `date` from srcpart group by ds
POSTHOOK: type: CREATETABLE_AS_SELECT
STAGE DEPENDENCIES:
  Stage-1 is a root stage
  Stage-2 depends on stages: Stage-1
  Stage-4 depends on stages: Stage-2, Stage-0
  Stage-3 depends on stages: Stage-4
  Stage-0 depends on stages: Stage-1

STAGE PLANS:
  Stage: Stage-1
    Tez
      Edges:
        Reducer 2 <- Map 1 (SIMPLE_EDGE)
#### A masked pattern was here ####
      Vertices:
        Map 1 
            Map Operator Tree:
                TableScan
                  alias: srcpart
                  Statistics: Num rows: 2000 Data size: 21248 Basic stats: COMPLETE Column stats: NONE
                  Select Operator
                    expressions: ds (type: string)
                    outputColumnNames: _col0
                    Statistics: Num rows: 2000 Data size: 21248 Basic stats: COMPLETE Column stats: NONE
                    Group By Operator
                      keys: _col0 (type: string)
                      mode: hash
                      outputColumnNames: _col0
                      Statistics: Num rows: 2000 Data size: 21248 Basic stats: COMPLETE Column stats: NONE
                      Reduce Output Operator
                        key expressions: _col0 (type: string)
                        sort order: +
                        Map-reduce partition columns: _col0 (type: string)
                        Statistics: Num rows: 2000 Data size: 21248 Basic stats: COMPLETE Column stats: NONE
        Reducer 2 
            Reduce Operator Tree:
              Group By Operator
                keys: KEY._col0 (type: string)
                mode: mergepartial
                outputColumnNames: _col0
                Statistics: Num rows: 1000 Data size: 10624 Basic stats: COMPLETE Column stats: NONE
                Select Operator
                  expressions: _col0 (type: string), _col0 (type: string)
                  outputColumnNames: _col0, _col1
                  Statistics: Num rows: 1000 Data size: 10624 Basic stats: COMPLETE Column stats: NONE
                  File Output Operator
                    compressed: false
                    Statistics: Num rows: 1000 Data size: 10624 Basic stats: COMPLETE Column stats: NONE
                    table:
                        input format: org.apache.hadoop.mapred.TextInputFormat
                        output format: org.apache.hadoop.hive.ql.io.HiveIgnoreKeyTextOutputFormat
                        serde: org.apache.hadoop.hive.serde2.lazy.LazySimpleSerDe
                        name: default.srcpart_date
            Execution mode: vectorized

  Stage: Stage-2
    Dependency Collection

  Stage: Stage-4
      Create Table Operator:
        Create Table
          columns: ds string, date string
          input format: org.apache.hadoop.mapred.TextInputFormat
          output format: org.apache.hadoop.hive.ql.io.IgnoreKeyTextOutputFormat
          serde name: org.apache.hadoop.hive.serde2.lazy.LazySimpleSerDe
          name: default.srcpart_date

  Stage: Stage-3
    Stats-Aggr Operator

  Stage: Stage-0
    Move Operator
      files:
          hdfs directory: true
#### A masked pattern was here ####

PREHOOK: query: create table srcpart_date stored as orc as select ds as ds, ds as `date` from srcpart group by ds
PREHOOK: type: CREATETABLE_AS_SELECT
PREHOOK: Input: default@srcpart
PREHOOK: Input: default@srcpart@ds=2008-04-08/hr=11
PREHOOK: Input: default@srcpart@ds=2008-04-08/hr=12
PREHOOK: Input: default@srcpart@ds=2008-04-09/hr=11
PREHOOK: Input: default@srcpart@ds=2008-04-09/hr=12
PREHOOK: Output: database:default
PREHOOK: Output: default@srcpart_date
POSTHOOK: query: create table srcpart_date stored as orc as select ds as ds, ds as `date` from srcpart group by ds
POSTHOOK: type: CREATETABLE_AS_SELECT
POSTHOOK: Input: default@srcpart
POSTHOOK: Input: default@srcpart@ds=2008-04-08/hr=11
POSTHOOK: Input: default@srcpart@ds=2008-04-08/hr=12
POSTHOOK: Input: default@srcpart@ds=2008-04-09/hr=11
POSTHOOK: Input: default@srcpart@ds=2008-04-09/hr=12
POSTHOOK: Output: database:default
POSTHOOK: Output: default@srcpart_date
PREHOOK: query: create table srcpart_hour stored as orc as select hr as hr, hr as hour from srcpart group by hr
PREHOOK: type: CREATETABLE_AS_SELECT
PREHOOK: Input: default@srcpart
PREHOOK: Input: default@srcpart@ds=2008-04-08/hr=11
PREHOOK: Input: default@srcpart@ds=2008-04-08/hr=12
PREHOOK: Input: default@srcpart@ds=2008-04-09/hr=11
PREHOOK: Input: default@srcpart@ds=2008-04-09/hr=12
PREHOOK: Output: database:default
PREHOOK: Output: default@srcpart_hour
POSTHOOK: query: create table srcpart_hour stored as orc as select hr as hr, hr as hour from srcpart group by hr
POSTHOOK: type: CREATETABLE_AS_SELECT
POSTHOOK: Input: default@srcpart
POSTHOOK: Input: default@srcpart@ds=2008-04-08/hr=11
POSTHOOK: Input: default@srcpart@ds=2008-04-08/hr=12
POSTHOOK: Input: default@srcpart@ds=2008-04-09/hr=11
POSTHOOK: Input: default@srcpart@ds=2008-04-09/hr=12
POSTHOOK: Output: database:default
POSTHOOK: Output: default@srcpart_hour
PREHOOK: query: create table srcpart_date_hour stored as orc as select ds as ds, ds as `date`, hr as hr, hr as hour from srcpart group by ds, hr
PREHOOK: type: CREATETABLE_AS_SELECT
PREHOOK: Input: default@srcpart
PREHOOK: Input: default@srcpart@ds=2008-04-08/hr=11
PREHOOK: Input: default@srcpart@ds=2008-04-08/hr=12
PREHOOK: Input: default@srcpart@ds=2008-04-09/hr=11
PREHOOK: Input: default@srcpart@ds=2008-04-09/hr=12
PREHOOK: Output: database:default
PREHOOK: Output: default@srcpart_date_hour
POSTHOOK: query: create table srcpart_date_hour stored as orc as select ds as ds, ds as `date`, hr as hr, hr as hour from srcpart group by ds, hr
POSTHOOK: type: CREATETABLE_AS_SELECT
POSTHOOK: Input: default@srcpart
POSTHOOK: Input: default@srcpart@ds=2008-04-08/hr=11
POSTHOOK: Input: default@srcpart@ds=2008-04-08/hr=12
POSTHOOK: Input: default@srcpart@ds=2008-04-09/hr=11
POSTHOOK: Input: default@srcpart@ds=2008-04-09/hr=12
POSTHOOK: Output: database:default
POSTHOOK: Output: default@srcpart_date_hour
PREHOOK: query: create table srcpart_double_hour stored as orc as select (hr*2) as hr, hr as hour from srcpart group by hr
PREHOOK: type: CREATETABLE_AS_SELECT
PREHOOK: Input: default@srcpart
PREHOOK: Input: default@srcpart@ds=2008-04-08/hr=11
PREHOOK: Input: default@srcpart@ds=2008-04-08/hr=12
PREHOOK: Input: default@srcpart@ds=2008-04-09/hr=11
PREHOOK: Input: default@srcpart@ds=2008-04-09/hr=12
PREHOOK: Output: database:default
PREHOOK: Output: default@srcpart_double_hour
POSTHOOK: query: create table srcpart_double_hour stored as orc as select (hr*2) as hr, hr as hour from srcpart group by hr
POSTHOOK: type: CREATETABLE_AS_SELECT
POSTHOOK: Input: default@srcpart
POSTHOOK: Input: default@srcpart@ds=2008-04-08/hr=11
POSTHOOK: Input: default@srcpart@ds=2008-04-08/hr=12
POSTHOOK: Input: default@srcpart@ds=2008-04-09/hr=11
POSTHOOK: Input: default@srcpart@ds=2008-04-09/hr=12
POSTHOOK: Output: database:default
POSTHOOK: Output: default@srcpart_double_hour
PREHOOK: query: -- single column, single key
EXPLAIN select count(*) from srcpart join srcpart_date on (srcpart.ds = srcpart_date.ds) where srcpart_date.`date` = '2008-04-08'
PREHOOK: type: QUERY
POSTHOOK: query: -- single column, single key
EXPLAIN select count(*) from srcpart join srcpart_date on (srcpart.ds = srcpart_date.ds) where srcpart_date.`date` = '2008-04-08'
POSTHOOK: type: QUERY
STAGE DEPENDENCIES:
  Stage-1 is a root stage
  Stage-0 depends on stages: Stage-1

STAGE PLANS:
  Stage: Stage-1
    Tez
      Edges:
        Reducer 2 <- Map 1 (SIMPLE_EDGE), Map 4 (SIMPLE_EDGE)
        Reducer 3 <- Reducer 2 (SIMPLE_EDGE)
#### A masked pattern was here ####
      Vertices:
        Map 1 
            Map Operator Tree:
                TableScan
                  alias: srcpart
                  filterExpr: ds is not null (type: boolean)
                  Statistics: Num rows: 2000 Data size: 21248 Basic stats: COMPLETE Column stats: NONE
                  Reduce Output Operator
                    key expressions: ds (type: string)
                    sort order: +
                    Map-reduce partition columns: ds (type: string)
                    Statistics: Num rows: 2000 Data size: 21248 Basic stats: COMPLETE Column stats: NONE
        Map 4 
            Map Operator Tree:
                TableScan
                  alias: srcpart_date
                  filterExpr: (ds is not null and (date = '2008-04-08')) (type: boolean)
                  Statistics: Num rows: 2 Data size: 376 Basic stats: COMPLETE Column stats: NONE
                  Filter Operator
                    predicate: (ds is not null and (date = '2008-04-08')) (type: boolean)
                    Statistics: Num rows: 1 Data size: 188 Basic stats: COMPLETE Column stats: NONE
                    Reduce Output Operator
                      key expressions: ds (type: string)
                      sort order: +
                      Map-reduce partition columns: ds (type: string)
                      Statistics: Num rows: 1 Data size: 188 Basic stats: COMPLETE Column stats: NONE
                    Select Operator
                      expressions: ds (type: string)
                      outputColumnNames: _col0
                      Statistics: Num rows: 1 Data size: 188 Basic stats: COMPLETE Column stats: NONE
                      Group By Operator
                        keys: _col0 (type: string)
                        mode: hash
                        outputColumnNames: _col0
                        Statistics: Num rows: 1 Data size: 188 Basic stats: COMPLETE Column stats: NONE
                        Dynamic Partitioning Event Operator
                          Target Input: srcpart
                          Partition key expr: ds
                          Statistics: Num rows: 1 Data size: 188 Basic stats: COMPLETE Column stats: NONE
                          Target column: ds
                          Target Vertex: Map 1
            Execution mode: vectorized
        Reducer 2 
            Reduce Operator Tree:
              Merge Join Operator
                condition map:
                     Inner Join 0 to 1
                keys:
                  0 ds (type: string)
                  1 ds (type: string)
                Statistics: Num rows: 2200 Data size: 23372 Basic stats: COMPLETE Column stats: NONE
                Group By Operator
                  aggregations: count()
                  mode: hash
                  outputColumnNames: _col0
                  Statistics: Num rows: 1 Data size: 8 Basic stats: COMPLETE Column stats: NONE
                  Reduce Output Operator
                    sort order: 
                    Statistics: Num rows: 1 Data size: 8 Basic stats: COMPLETE Column stats: NONE
                    value expressions: _col0 (type: bigint)
        Reducer 3 
            Reduce Operator Tree:
              Group By Operator
                aggregations: count(VALUE._col0)
                mode: mergepartial
                outputColumnNames: _col0
                Statistics: Num rows: 1 Data size: 8 Basic stats: COMPLETE Column stats: NONE
                File Output Operator
                  compressed: false
                  Statistics: Num rows: 1 Data size: 8 Basic stats: COMPLETE Column stats: NONE
                  table:
                      input format: org.apache.hadoop.mapred.TextInputFormat
                      output format: org.apache.hadoop.hive.ql.io.HiveIgnoreKeyTextOutputFormat
                      serde: org.apache.hadoop.hive.serde2.lazy.LazySimpleSerDe
            Execution mode: vectorized

  Stage: Stage-0
    Fetch Operator
      limit: -1
      Processor Tree:
        ListSink

PREHOOK: query: select count(*) from srcpart join srcpart_date on (srcpart.ds = srcpart_date.ds) where srcpart_date.`date` = '2008-04-08'
PREHOOK: type: QUERY
PREHOOK: Input: default@srcpart
PREHOOK: Input: default@srcpart@ds=2008-04-08/hr=11
PREHOOK: Input: default@srcpart@ds=2008-04-08/hr=12
PREHOOK: Input: default@srcpart@ds=2008-04-09/hr=11
PREHOOK: Input: default@srcpart@ds=2008-04-09/hr=12
PREHOOK: Input: default@srcpart_date
#### A masked pattern was here ####
POSTHOOK: query: select count(*) from srcpart join srcpart_date on (srcpart.ds = srcpart_date.ds) where srcpart_date.`date` = '2008-04-08'
POSTHOOK: type: QUERY
POSTHOOK: Input: default@srcpart
POSTHOOK: Input: default@srcpart@ds=2008-04-08/hr=11
POSTHOOK: Input: default@srcpart@ds=2008-04-08/hr=12
POSTHOOK: Input: default@srcpart@ds=2008-04-09/hr=11
POSTHOOK: Input: default@srcpart@ds=2008-04-09/hr=12
POSTHOOK: Input: default@srcpart_date
#### A masked pattern was here ####
1000
PREHOOK: query: EXPLAIN select count(*) from srcpart join srcpart_date on (srcpart.ds = srcpart_date.ds) where srcpart_date.`date` = '2008-04-08'
PREHOOK: type: QUERY
POSTHOOK: query: EXPLAIN select count(*) from srcpart join srcpart_date on (srcpart.ds = srcpart_date.ds) where srcpart_date.`date` = '2008-04-08'
POSTHOOK: type: QUERY
STAGE DEPENDENCIES:
  Stage-1 is a root stage
  Stage-0 depends on stages: Stage-1

STAGE PLANS:
  Stage: Stage-1
    Tez
      Edges:
        Reducer 2 <- Map 1 (SIMPLE_EDGE), Map 4 (SIMPLE_EDGE)
        Reducer 3 <- Reducer 2 (SIMPLE_EDGE)
#### A masked pattern was here ####
      Vertices:
        Map 1 
            Map Operator Tree:
                TableScan
                  alias: srcpart
                  filterExpr: ds is not null (type: boolean)
                  Statistics: Num rows: 2000 Data size: 21248 Basic stats: COMPLETE Column stats: NONE
                  Reduce Output Operator
                    key expressions: ds (type: string)
                    sort order: +
                    Map-reduce partition columns: ds (type: string)
                    Statistics: Num rows: 2000 Data size: 21248 Basic stats: COMPLETE Column stats: NONE
        Map 4 
            Map Operator Tree:
                TableScan
                  alias: srcpart_date
                  filterExpr: (ds is not null and (date = '2008-04-08')) (type: boolean)
                  Statistics: Num rows: 2 Data size: 376 Basic stats: COMPLETE Column stats: NONE
                  Filter Operator
                    predicate: (ds is not null and (date = '2008-04-08')) (type: boolean)
                    Statistics: Num rows: 1 Data size: 188 Basic stats: COMPLETE Column stats: NONE
                    Reduce Output Operator
                      key expressions: ds (type: string)
                      sort order: +
                      Map-reduce partition columns: ds (type: string)
                      Statistics: Num rows: 1 Data size: 188 Basic stats: COMPLETE Column stats: NONE
            Execution mode: vectorized
        Reducer 2 
            Reduce Operator Tree:
              Merge Join Operator
                condition map:
                     Inner Join 0 to 1
                keys:
                  0 ds (type: string)
                  1 ds (type: string)
                Statistics: Num rows: 2200 Data size: 23372 Basic stats: COMPLETE Column stats: NONE
                Group By Operator
                  aggregations: count()
                  mode: hash
                  outputColumnNames: _col0
                  Statistics: Num rows: 1 Data size: 8 Basic stats: COMPLETE Column stats: NONE
                  Reduce Output Operator
                    sort order: 
                    Statistics: Num rows: 1 Data size: 8 Basic stats: COMPLETE Column stats: NONE
                    value expressions: _col0 (type: bigint)
        Reducer 3 
            Reduce Operator Tree:
              Group By Operator
                aggregations: count(VALUE._col0)
                mode: mergepartial
                outputColumnNames: _col0
                Statistics: Num rows: 1 Data size: 8 Basic stats: COMPLETE Column stats: NONE
                File Output Operator
                  compressed: false
                  Statistics: Num rows: 1 Data size: 8 Basic stats: COMPLETE Column stats: NONE
                  table:
                      input format: org.apache.hadoop.mapred.TextInputFormat
                      output format: org.apache.hadoop.hive.ql.io.HiveIgnoreKeyTextOutputFormat
                      serde: org.apache.hadoop.hive.serde2.lazy.LazySimpleSerDe
            Execution mode: vectorized

  Stage: Stage-0
    Fetch Operator
      limit: -1
      Processor Tree:
        ListSink

PREHOOK: query: select count(*) from srcpart join srcpart_date on (srcpart.ds = srcpart_date.ds) where srcpart_date.`date` = '2008-04-08'
PREHOOK: type: QUERY
PREHOOK: Input: default@srcpart
PREHOOK: Input: default@srcpart@ds=2008-04-08/hr=11
PREHOOK: Input: default@srcpart@ds=2008-04-08/hr=12
PREHOOK: Input: default@srcpart@ds=2008-04-09/hr=11
PREHOOK: Input: default@srcpart@ds=2008-04-09/hr=12
PREHOOK: Input: default@srcpart_date
#### A masked pattern was here ####
POSTHOOK: query: select count(*) from srcpart join srcpart_date on (srcpart.ds = srcpart_date.ds) where srcpart_date.`date` = '2008-04-08'
POSTHOOK: type: QUERY
POSTHOOK: Input: default@srcpart
POSTHOOK: Input: default@srcpart@ds=2008-04-08/hr=11
POSTHOOK: Input: default@srcpart@ds=2008-04-08/hr=12
POSTHOOK: Input: default@srcpart@ds=2008-04-09/hr=11
POSTHOOK: Input: default@srcpart@ds=2008-04-09/hr=12
POSTHOOK: Input: default@srcpart_date
#### A masked pattern was here ####
1000
PREHOOK: query: select count(*) from srcpart where ds = '2008-04-08'
PREHOOK: type: QUERY
PREHOOK: Input: default@srcpart
PREHOOK: Input: default@srcpart@ds=2008-04-08/hr=11
PREHOOK: Input: default@srcpart@ds=2008-04-08/hr=12
#### A masked pattern was here ####
POSTHOOK: query: select count(*) from srcpart where ds = '2008-04-08'
POSTHOOK: type: QUERY
POSTHOOK: Input: default@srcpart
POSTHOOK: Input: default@srcpart@ds=2008-04-08/hr=11
POSTHOOK: Input: default@srcpart@ds=2008-04-08/hr=12
#### A masked pattern was here ####
1000
PREHOOK: query: -- multiple sources, single key
EXPLAIN select count(*) from srcpart join srcpart_date on (srcpart.ds = srcpart_date.ds) join srcpart_hour on (srcpart.hr = srcpart_hour.hr) 
where srcpart_date.`date` = '2008-04-08' and srcpart_hour.hour = 11
PREHOOK: type: QUERY
POSTHOOK: query: -- multiple sources, single key
EXPLAIN select count(*) from srcpart join srcpart_date on (srcpart.ds = srcpart_date.ds) join srcpart_hour on (srcpart.hr = srcpart_hour.hr) 
where srcpart_date.`date` = '2008-04-08' and srcpart_hour.hour = 11
POSTHOOK: type: QUERY
STAGE DEPENDENCIES:
  Stage-1 is a root stage
  Stage-0 depends on stages: Stage-1

STAGE PLANS:
  Stage: Stage-1
    Tez
      Edges:
        Reducer 2 <- Map 1 (SIMPLE_EDGE), Map 5 (SIMPLE_EDGE)
        Reducer 3 <- Map 6 (SIMPLE_EDGE), Reducer 2 (SIMPLE_EDGE)
        Reducer 4 <- Reducer 3 (SIMPLE_EDGE)
#### A masked pattern was here ####
      Vertices:
        Map 1 
            Map Operator Tree:
                TableScan
                  alias: srcpart
                  Statistics: Num rows: 2000 Data size: 21248 Basic stats: COMPLETE Column stats: NONE
                  Reduce Output Operator
                    key expressions: ds (type: string)
                    sort order: +
                    Map-reduce partition columns: ds (type: string)
                    Statistics: Num rows: 2000 Data size: 21248 Basic stats: COMPLETE Column stats: NONE
                    value expressions: hr (type: string)
        Map 5 
            Map Operator Tree:
                TableScan
                  alias: srcpart_date
                  filterExpr: (ds is not null and (date = '2008-04-08')) (type: boolean)
                  Statistics: Num rows: 2 Data size: 376 Basic stats: COMPLETE Column stats: NONE
                  Filter Operator
                    predicate: (ds is not null and (date = '2008-04-08')) (type: boolean)
                    Statistics: Num rows: 1 Data size: 188 Basic stats: COMPLETE Column stats: NONE
                    Reduce Output Operator
                      key expressions: ds (type: string)
                      sort order: +
                      Map-reduce partition columns: ds (type: string)
                      Statistics: Num rows: 1 Data size: 188 Basic stats: COMPLETE Column stats: NONE
                    Select Operator
                      expressions: ds (type: string)
                      outputColumnNames: _col0
                      Statistics: Num rows: 1 Data size: 188 Basic stats: COMPLETE Column stats: NONE
                      Group By Operator
                        keys: _col0 (type: string)
                        mode: hash
                        outputColumnNames: _col0
                        Statistics: Num rows: 1 Data size: 188 Basic stats: COMPLETE Column stats: NONE
                        Dynamic Partitioning Event Operator
                          Target Input: srcpart
                          Partition key expr: ds
                          Statistics: Num rows: 1 Data size: 188 Basic stats: COMPLETE Column stats: NONE
                          Target column: ds
                          Target Vertex: Map 1
            Execution mode: vectorized
        Map 6 
            Map Operator Tree:
                TableScan
                  alias: srcpart_hour
                  filterExpr: (hr is not null and (hour = 11)) (type: boolean)
                  Statistics: Num rows: 2 Data size: 344 Basic stats: COMPLETE Column stats: NONE
                  Filter Operator
                    predicate: (hr is not null and (hour = 11)) (type: boolean)
                    Statistics: Num rows: 1 Data size: 172 Basic stats: COMPLETE Column stats: NONE
                    Reduce Output Operator
                      key expressions: hr (type: string)
                      sort order: +
                      Map-reduce partition columns: hr (type: string)
                      Statistics: Num rows: 1 Data size: 172 Basic stats: COMPLETE Column stats: NONE
                    Select Operator
                      expressions: hr (type: string)
                      outputColumnNames: _col0
                      Statistics: Num rows: 1 Data size: 172 Basic stats: COMPLETE Column stats: NONE
                      Group By Operator
                        keys: _col0 (type: string)
                        mode: hash
                        outputColumnNames: _col0
                        Statistics: Num rows: 1 Data size: 172 Basic stats: COMPLETE Column stats: NONE
                        Dynamic Partitioning Event Operator
                          Target Input: srcpart
                          Partition key expr: hr
                          Statistics: Num rows: 1 Data size: 172 Basic stats: COMPLETE Column stats: NONE
                          Target column: hr
                          Target Vertex: Map 1
        Reducer 2 
            Reduce Operator Tree:
              Merge Join Operator
                condition map:
                     Inner Join 0 to 1
                keys:
                  0 ds (type: string)
                  1 ds (type: string)
                outputColumnNames: _col3
                Statistics: Num rows: 2200 Data size: 23372 Basic stats: COMPLETE Column stats: NONE
                Reduce Output Operator
                  key expressions: _col3 (type: string)
                  sort order: +
                  Map-reduce partition columns: _col3 (type: string)
                  Statistics: Num rows: 2200 Data size: 23372 Basic stats: COMPLETE Column stats: NONE
        Reducer 3 
            Reduce Operator Tree:
              Merge Join Operator
                condition map:
                     Inner Join 0 to 1
                keys:
                  0 _col3 (type: string)
                  1 hr (type: string)
                Statistics: Num rows: 2420 Data size: 25709 Basic stats: COMPLETE Column stats: NONE
                Group By Operator
                  aggregations: count()
                  mode: hash
                  outputColumnNames: _col0
                  Statistics: Num rows: 1 Data size: 8 Basic stats: COMPLETE Column stats: NONE
                  Reduce Output Operator
                    sort order: 
                    Statistics: Num rows: 1 Data size: 8 Basic stats: COMPLETE Column stats: NONE
                    value expressions: _col0 (type: bigint)
        Reducer 4 
            Reduce Operator Tree:
              Group By Operator
                aggregations: count(VALUE._col0)
                mode: mergepartial
                outputColumnNames: _col0
                Statistics: Num rows: 1 Data size: 8 Basic stats: COMPLETE Column stats: NONE
                File Output Operator
                  compressed: false
                  Statistics: Num rows: 1 Data size: 8 Basic stats: COMPLETE Column stats: NONE
                  table:
                      input format: org.apache.hadoop.mapred.TextInputFormat
                      output format: org.apache.hadoop.hive.ql.io.HiveIgnoreKeyTextOutputFormat
                      serde: org.apache.hadoop.hive.serde2.lazy.LazySimpleSerDe
            Execution mode: vectorized

  Stage: Stage-0
    Fetch Operator
      limit: -1
      Processor Tree:
        ListSink

PREHOOK: query: select count(*) from srcpart join srcpart_date on (srcpart.ds = srcpart_date.ds) join srcpart_hour on (srcpart.hr = srcpart_hour.hr) 
where srcpart_date.`date` = '2008-04-08' and srcpart_hour.hour = 11
PREHOOK: type: QUERY
PREHOOK: Input: default@srcpart
PREHOOK: Input: default@srcpart@ds=2008-04-08/hr=11
PREHOOK: Input: default@srcpart@ds=2008-04-08/hr=12
PREHOOK: Input: default@srcpart@ds=2008-04-09/hr=11
PREHOOK: Input: default@srcpart@ds=2008-04-09/hr=12
PREHOOK: Input: default@srcpart_date
PREHOOK: Input: default@srcpart_hour
#### A masked pattern was here ####
POSTHOOK: query: select count(*) from srcpart join srcpart_date on (srcpart.ds = srcpart_date.ds) join srcpart_hour on (srcpart.hr = srcpart_hour.hr) 
where srcpart_date.`date` = '2008-04-08' and srcpart_hour.hour = 11
POSTHOOK: type: QUERY
POSTHOOK: Input: default@srcpart
POSTHOOK: Input: default@srcpart@ds=2008-04-08/hr=11
POSTHOOK: Input: default@srcpart@ds=2008-04-08/hr=12
POSTHOOK: Input: default@srcpart@ds=2008-04-09/hr=11
POSTHOOK: Input: default@srcpart@ds=2008-04-09/hr=12
POSTHOOK: Input: default@srcpart_date
POSTHOOK: Input: default@srcpart_hour
#### A masked pattern was here ####
500
PREHOOK: query: EXPLAIN select count(*) from srcpart join srcpart_date on (srcpart.ds = srcpart_date.ds) join srcpart_hour on (srcpart.hr = srcpart_hour.hr) 
where srcpart_date.`date` = '2008-04-08' and srcpart_hour.hour = 11
PREHOOK: type: QUERY
POSTHOOK: query: EXPLAIN select count(*) from srcpart join srcpart_date on (srcpart.ds = srcpart_date.ds) join srcpart_hour on (srcpart.hr = srcpart_hour.hr) 
where srcpart_date.`date` = '2008-04-08' and srcpart_hour.hour = 11
POSTHOOK: type: QUERY
STAGE DEPENDENCIES:
  Stage-1 is a root stage
  Stage-0 depends on stages: Stage-1

STAGE PLANS:
  Stage: Stage-1
    Tez
      Edges:
        Reducer 2 <- Map 1 (SIMPLE_EDGE), Map 5 (SIMPLE_EDGE)
        Reducer 3 <- Map 6 (SIMPLE_EDGE), Reducer 2 (SIMPLE_EDGE)
        Reducer 4 <- Reducer 3 (SIMPLE_EDGE)
#### A masked pattern was here ####
      Vertices:
        Map 1 
            Map Operator Tree:
                TableScan
                  alias: srcpart
                  filterExpr: (ds is not null and hr is not null) (type: boolean)
                  Statistics: Num rows: 2000 Data size: 21248 Basic stats: COMPLETE Column stats: NONE
                  Reduce Output Operator
                    key expressions: ds (type: string)
                    sort order: +
                    Map-reduce partition columns: ds (type: string)
                    Statistics: Num rows: 2000 Data size: 21248 Basic stats: COMPLETE Column stats: NONE
                    value expressions: hr (type: string)
        Map 5 
            Map Operator Tree:
                TableScan
                  alias: srcpart_date
                  filterExpr: (ds is not null and (date = '2008-04-08')) (type: boolean)
                  Statistics: Num rows: 2 Data size: 376 Basic stats: COMPLETE Column stats: NONE
                  Filter Operator
                    predicate: (ds is not null and (date = '2008-04-08')) (type: boolean)
                    Statistics: Num rows: 1 Data size: 188 Basic stats: COMPLETE Column stats: NONE
                    Reduce Output Operator
                      key expressions: ds (type: string)
                      sort order: +
                      Map-reduce partition columns: ds (type: string)
                      Statistics: Num rows: 1 Data size: 188 Basic stats: COMPLETE Column stats: NONE
            Execution mode: vectorized
        Map 6 
            Map Operator Tree:
                TableScan
                  alias: srcpart_hour
                  filterExpr: (hr is not null and (hour = 11)) (type: boolean)
                  Statistics: Num rows: 2 Data size: 344 Basic stats: COMPLETE Column stats: NONE
                  Filter Operator
                    predicate: (hr is not null and (hour = 11)) (type: boolean)
                    Statistics: Num rows: 1 Data size: 172 Basic stats: COMPLETE Column stats: NONE
                    Reduce Output Operator
                      key expressions: hr (type: string)
                      sort order: +
                      Map-reduce partition columns: hr (type: string)
                      Statistics: Num rows: 1 Data size: 172 Basic stats: COMPLETE Column stats: NONE
        Reducer 2 
            Reduce Operator Tree:
              Merge Join Operator
                condition map:
                     Inner Join 0 to 1
                keys:
                  0 ds (type: string)
                  1 ds (type: string)
                outputColumnNames: _col3
                Statistics: Num rows: 2200 Data size: 23372 Basic stats: COMPLETE Column stats: NONE
                Reduce Output Operator
                  key expressions: _col3 (type: string)
                  sort order: +
                  Map-reduce partition columns: _col3 (type: string)
                  Statistics: Num rows: 2200 Data size: 23372 Basic stats: COMPLETE Column stats: NONE
        Reducer 3 
            Reduce Operator Tree:
              Merge Join Operator
                condition map:
                     Inner Join 0 to 1
                keys:
                  0 _col3 (type: string)
                  1 hr (type: string)
                Statistics: Num rows: 2420 Data size: 25709 Basic stats: COMPLETE Column stats: NONE
                Group By Operator
                  aggregations: count()
                  mode: hash
                  outputColumnNames: _col0
                  Statistics: Num rows: 1 Data size: 8 Basic stats: COMPLETE Column stats: NONE
                  Reduce Output Operator
                    sort order: 
                    Statistics: Num rows: 1 Data size: 8 Basic stats: COMPLETE Column stats: NONE
                    value expressions: _col0 (type: bigint)
        Reducer 4 
            Reduce Operator Tree:
              Group By Operator
                aggregations: count(VALUE._col0)
                mode: mergepartial
                outputColumnNames: _col0
                Statistics: Num rows: 1 Data size: 8 Basic stats: COMPLETE Column stats: NONE
                File Output Operator
                  compressed: false
                  Statistics: Num rows: 1 Data size: 8 Basic stats: COMPLETE Column stats: NONE
                  table:
                      input format: org.apache.hadoop.mapred.TextInputFormat
                      output format: org.apache.hadoop.hive.ql.io.HiveIgnoreKeyTextOutputFormat
                      serde: org.apache.hadoop.hive.serde2.lazy.LazySimpleSerDe
            Execution mode: vectorized

  Stage: Stage-0
    Fetch Operator
      limit: -1
      Processor Tree:
        ListSink

PREHOOK: query: select count(*) from srcpart join srcpart_date on (srcpart.ds = srcpart_date.ds) join srcpart_hour on (srcpart.hr = srcpart_hour.hr) 
where srcpart_date.`date` = '2008-04-08' and srcpart_hour.hour = 11
PREHOOK: type: QUERY
PREHOOK: Input: default@srcpart
PREHOOK: Input: default@srcpart@ds=2008-04-08/hr=11
PREHOOK: Input: default@srcpart@ds=2008-04-08/hr=12
PREHOOK: Input: default@srcpart@ds=2008-04-09/hr=11
PREHOOK: Input: default@srcpart@ds=2008-04-09/hr=12
PREHOOK: Input: default@srcpart_date
PREHOOK: Input: default@srcpart_hour
#### A masked pattern was here ####
POSTHOOK: query: select count(*) from srcpart join srcpart_date on (srcpart.ds = srcpart_date.ds) join srcpart_hour on (srcpart.hr = srcpart_hour.hr) 
where srcpart_date.`date` = '2008-04-08' and srcpart_hour.hour = 11
POSTHOOK: type: QUERY
POSTHOOK: Input: default@srcpart
POSTHOOK: Input: default@srcpart@ds=2008-04-08/hr=11
POSTHOOK: Input: default@srcpart@ds=2008-04-08/hr=12
POSTHOOK: Input: default@srcpart@ds=2008-04-09/hr=11
POSTHOOK: Input: default@srcpart@ds=2008-04-09/hr=12
POSTHOOK: Input: default@srcpart_date
POSTHOOK: Input: default@srcpart_hour
#### A masked pattern was here ####
500
PREHOOK: query: select count(*) from srcpart where hr = 11 and ds = '2008-04-08'
PREHOOK: type: QUERY
PREHOOK: Input: default@srcpart
PREHOOK: Input: default@srcpart@ds=2008-04-08/hr=11
#### A masked pattern was here ####
POSTHOOK: query: select count(*) from srcpart where hr = 11 and ds = '2008-04-08'
POSTHOOK: type: QUERY
POSTHOOK: Input: default@srcpart
POSTHOOK: Input: default@srcpart@ds=2008-04-08/hr=11
#### A masked pattern was here ####
500
PREHOOK: query: -- multiple columns single source
EXPLAIN select count(*) from srcpart join srcpart_date_hour on (srcpart.ds = srcpart_date_hour.ds and srcpart.hr = srcpart_date_hour.hr) where srcpart_date_hour.`date` = '2008-04-08' and srcpart_date_hour.hour = 11
PREHOOK: type: QUERY
POSTHOOK: query: -- multiple columns single source
EXPLAIN select count(*) from srcpart join srcpart_date_hour on (srcpart.ds = srcpart_date_hour.ds and srcpart.hr = srcpart_date_hour.hr) where srcpart_date_hour.`date` = '2008-04-08' and srcpart_date_hour.hour = 11
POSTHOOK: type: QUERY
STAGE DEPENDENCIES:
  Stage-1 is a root stage
  Stage-0 depends on stages: Stage-1

STAGE PLANS:
  Stage: Stage-1
    Tez
      Edges:
        Reducer 2 <- Map 1 (SIMPLE_EDGE), Map 4 (SIMPLE_EDGE)
        Reducer 3 <- Reducer 2 (SIMPLE_EDGE)
#### A masked pattern was here ####
      Vertices:
        Map 1 
            Map Operator Tree:
                TableScan
                  alias: srcpart
                  Statistics: Num rows: 2000 Data size: 21248 Basic stats: COMPLETE Column stats: NONE
                  Reduce Output Operator
                    key expressions: ds (type: string), hr (type: string)
                    sort order: ++
                    Map-reduce partition columns: ds (type: string), hr (type: string)
                    Statistics: Num rows: 2000 Data size: 21248 Basic stats: COMPLETE Column stats: NONE
        Map 4 
            Map Operator Tree:
                TableScan
                  alias: srcpart_date_hour
                  filterExpr: (((ds is not null and hr is not null) and (date = '2008-04-08')) and (hour = 11)) (type: boolean)
                  Statistics: Num rows: 4 Data size: 1440 Basic stats: COMPLETE Column stats: NONE
                  Filter Operator
                    predicate: (((ds is not null and hr is not null) and (date = '2008-04-08')) and (hour = 11)) (type: boolean)
                    Statistics: Num rows: 1 Data size: 360 Basic stats: COMPLETE Column stats: NONE
                    Reduce Output Operator
                      key expressions: ds (type: string), hr (type: string)
                      sort order: ++
                      Map-reduce partition columns: ds (type: string), hr (type: string)
                      Statistics: Num rows: 1 Data size: 360 Basic stats: COMPLETE Column stats: NONE
                    Select Operator
                      expressions: ds (type: string)
                      outputColumnNames: _col0
                      Statistics: Num rows: 1 Data size: 360 Basic stats: COMPLETE Column stats: NONE
                      Group By Operator
                        keys: _col0 (type: string)
                        mode: hash
                        outputColumnNames: _col0
                        Statistics: Num rows: 1 Data size: 360 Basic stats: COMPLETE Column stats: NONE
                        Dynamic Partitioning Event Operator
                          Target Input: srcpart
                          Partition key expr: ds
                          Statistics: Num rows: 1 Data size: 360 Basic stats: COMPLETE Column stats: NONE
                          Target column: ds
                          Target Vertex: Map 1
                    Select Operator
                      expressions: hr (type: string)
                      outputColumnNames: _col0
                      Statistics: Num rows: 1 Data size: 360 Basic stats: COMPLETE Column stats: NONE
                      Group By Operator
                        keys: _col0 (type: string)
                        mode: hash
                        outputColumnNames: _col0
                        Statistics: Num rows: 1 Data size: 360 Basic stats: COMPLETE Column stats: NONE
                        Dynamic Partitioning Event Operator
                          Target Input: srcpart
                          Partition key expr: hr
                          Statistics: Num rows: 1 Data size: 360 Basic stats: COMPLETE Column stats: NONE
                          Target column: hr
                          Target Vertex: Map 1
        Reducer 2 
            Reduce Operator Tree:
              Merge Join Operator
                condition map:
                     Inner Join 0 to 1
                keys:
                  0 ds (type: string), hr (type: string)
                  1 ds (type: string), hr (type: string)
                Statistics: Num rows: 2200 Data size: 23372 Basic stats: COMPLETE Column stats: NONE
                Group By Operator
                  aggregations: count()
                  mode: hash
                  outputColumnNames: _col0
                  Statistics: Num rows: 1 Data size: 8 Basic stats: COMPLETE Column stats: NONE
                  Reduce Output Operator
                    sort order: 
                    Statistics: Num rows: 1 Data size: 8 Basic stats: COMPLETE Column stats: NONE
                    value expressions: _col0 (type: bigint)
        Reducer 3 
            Reduce Operator Tree:
              Group By Operator
                aggregations: count(VALUE._col0)
                mode: mergepartial
                outputColumnNames: _col0
                Statistics: Num rows: 1 Data size: 8 Basic stats: COMPLETE Column stats: NONE
                File Output Operator
                  compressed: false
                  Statistics: Num rows: 1 Data size: 8 Basic stats: COMPLETE Column stats: NONE
                  table:
                      input format: org.apache.hadoop.mapred.TextInputFormat
                      output format: org.apache.hadoop.hive.ql.io.HiveIgnoreKeyTextOutputFormat
                      serde: org.apache.hadoop.hive.serde2.lazy.LazySimpleSerDe
            Execution mode: vectorized

  Stage: Stage-0
    Fetch Operator
      limit: -1
      Processor Tree:
        ListSink

PREHOOK: query: select count(*) from srcpart join srcpart_date_hour on (srcpart.ds = srcpart_date_hour.ds and srcpart.hr = srcpart_date_hour.hr) where srcpart_date_hour.`date` = '2008-04-08' and srcpart_date_hour.hour = 11
PREHOOK: type: QUERY
PREHOOK: Input: default@srcpart
PREHOOK: Input: default@srcpart@ds=2008-04-08/hr=11
PREHOOK: Input: default@srcpart@ds=2008-04-08/hr=12
PREHOOK: Input: default@srcpart@ds=2008-04-09/hr=11
PREHOOK: Input: default@srcpart@ds=2008-04-09/hr=12
PREHOOK: Input: default@srcpart_date_hour
#### A masked pattern was here ####
POSTHOOK: query: select count(*) from srcpart join srcpart_date_hour on (srcpart.ds = srcpart_date_hour.ds and srcpart.hr = srcpart_date_hour.hr) where srcpart_date_hour.`date` = '2008-04-08' and srcpart_date_hour.hour = 11
POSTHOOK: type: QUERY
POSTHOOK: Input: default@srcpart
POSTHOOK: Input: default@srcpart@ds=2008-04-08/hr=11
POSTHOOK: Input: default@srcpart@ds=2008-04-08/hr=12
POSTHOOK: Input: default@srcpart@ds=2008-04-09/hr=11
POSTHOOK: Input: default@srcpart@ds=2008-04-09/hr=12
POSTHOOK: Input: default@srcpart_date_hour
#### A masked pattern was here ####
500
PREHOOK: query: EXPLAIN select count(*) from srcpart join srcpart_date_hour on (srcpart.ds = srcpart_date_hour.ds and srcpart.hr = srcpart_date_hour.hr) where srcpart_date_hour.`date` = '2008-04-08' and srcpart_date_hour.hour = 11
PREHOOK: type: QUERY
POSTHOOK: query: EXPLAIN select count(*) from srcpart join srcpart_date_hour on (srcpart.ds = srcpart_date_hour.ds and srcpart.hr = srcpart_date_hour.hr) where srcpart_date_hour.`date` = '2008-04-08' and srcpart_date_hour.hour = 11
POSTHOOK: type: QUERY
STAGE DEPENDENCIES:
  Stage-1 is a root stage
  Stage-0 depends on stages: Stage-1

STAGE PLANS:
  Stage: Stage-1
    Tez
      Edges:
        Reducer 2 <- Map 1 (SIMPLE_EDGE), Map 4 (SIMPLE_EDGE)
        Reducer 3 <- Reducer 2 (SIMPLE_EDGE)
#### A masked pattern was here ####
      Vertices:
        Map 1 
            Map Operator Tree:
                TableScan
                  alias: srcpart
                  filterExpr: (ds is not null and hr is not null) (type: boolean)
                  Statistics: Num rows: 2000 Data size: 21248 Basic stats: COMPLETE Column stats: NONE
                  Reduce Output Operator
                    key expressions: ds (type: string), hr (type: string)
                    sort order: ++
                    Map-reduce partition columns: ds (type: string), hr (type: string)
                    Statistics: Num rows: 2000 Data size: 21248 Basic stats: COMPLETE Column stats: NONE
        Map 4 
            Map Operator Tree:
                TableScan
                  alias: srcpart_date_hour
                  filterExpr: (((ds is not null and hr is not null) and (date = '2008-04-08')) and (hour = 11)) (type: boolean)
                  Statistics: Num rows: 4 Data size: 1440 Basic stats: COMPLETE Column stats: NONE
                  Filter Operator
                    predicate: (((ds is not null and hr is not null) and (date = '2008-04-08')) and (hour = 11)) (type: boolean)
                    Statistics: Num rows: 1 Data size: 360 Basic stats: COMPLETE Column stats: NONE
                    Reduce Output Operator
                      key expressions: ds (type: string), hr (type: string)
                      sort order: ++
                      Map-reduce partition columns: ds (type: string), hr (type: string)
                      Statistics: Num rows: 1 Data size: 360 Basic stats: COMPLETE Column stats: NONE
        Reducer 2 
            Reduce Operator Tree:
              Merge Join Operator
                condition map:
                     Inner Join 0 to 1
                keys:
                  0 ds (type: string), hr (type: string)
                  1 ds (type: string), hr (type: string)
                Statistics: Num rows: 2200 Data size: 23372 Basic stats: COMPLETE Column stats: NONE
                Group By Operator
                  aggregations: count()
                  mode: hash
                  outputColumnNames: _col0
                  Statistics: Num rows: 1 Data size: 8 Basic stats: COMPLETE Column stats: NONE
                  Reduce Output Operator
                    sort order: 
                    Statistics: Num rows: 1 Data size: 8 Basic stats: COMPLETE Column stats: NONE
                    value expressions: _col0 (type: bigint)
        Reducer 3 
            Reduce Operator Tree:
              Group By Operator
                aggregations: count(VALUE._col0)
                mode: mergepartial
                outputColumnNames: _col0
                Statistics: Num rows: 1 Data size: 8 Basic stats: COMPLETE Column stats: NONE
                File Output Operator
                  compressed: false
                  Statistics: Num rows: 1 Data size: 8 Basic stats: COMPLETE Column stats: NONE
                  table:
                      input format: org.apache.hadoop.mapred.TextInputFormat
                      output format: org.apache.hadoop.hive.ql.io.HiveIgnoreKeyTextOutputFormat
                      serde: org.apache.hadoop.hive.serde2.lazy.LazySimpleSerDe
            Execution mode: vectorized

  Stage: Stage-0
    Fetch Operator
      limit: -1
      Processor Tree:
        ListSink

PREHOOK: query: select count(*) from srcpart join srcpart_date_hour on (srcpart.ds = srcpart_date_hour.ds and srcpart.hr = srcpart_date_hour.hr) where srcpart_date_hour.`date` = '2008-04-08' and srcpart_date_hour.hour = 11
PREHOOK: type: QUERY
PREHOOK: Input: default@srcpart
PREHOOK: Input: default@srcpart@ds=2008-04-08/hr=11
PREHOOK: Input: default@srcpart@ds=2008-04-08/hr=12
PREHOOK: Input: default@srcpart@ds=2008-04-09/hr=11
PREHOOK: Input: default@srcpart@ds=2008-04-09/hr=12
PREHOOK: Input: default@srcpart_date_hour
#### A masked pattern was here ####
POSTHOOK: query: select count(*) from srcpart join srcpart_date_hour on (srcpart.ds = srcpart_date_hour.ds and srcpart.hr = srcpart_date_hour.hr) where srcpart_date_hour.`date` = '2008-04-08' and srcpart_date_hour.hour = 11
POSTHOOK: type: QUERY
POSTHOOK: Input: default@srcpart
POSTHOOK: Input: default@srcpart@ds=2008-04-08/hr=11
POSTHOOK: Input: default@srcpart@ds=2008-04-08/hr=12
POSTHOOK: Input: default@srcpart@ds=2008-04-09/hr=11
POSTHOOK: Input: default@srcpart@ds=2008-04-09/hr=12
POSTHOOK: Input: default@srcpart_date_hour
#### A masked pattern was here ####
500
PREHOOK: query: select count(*) from srcpart where ds = '2008-04-08' and hr = 11
PREHOOK: type: QUERY
PREHOOK: Input: default@srcpart
PREHOOK: Input: default@srcpart@ds=2008-04-08/hr=11
#### A masked pattern was here ####
POSTHOOK: query: select count(*) from srcpart where ds = '2008-04-08' and hr = 11
POSTHOOK: type: QUERY
POSTHOOK: Input: default@srcpart
POSTHOOK: Input: default@srcpart@ds=2008-04-08/hr=11
#### A masked pattern was here ####
500
PREHOOK: query: -- empty set
EXPLAIN select count(*) from srcpart join srcpart_date on (srcpart.ds = srcpart_date.ds) where srcpart_date.`date` = 'I DONT EXIST'
PREHOOK: type: QUERY
POSTHOOK: query: -- empty set
EXPLAIN select count(*) from srcpart join srcpart_date on (srcpart.ds = srcpart_date.ds) where srcpart_date.`date` = 'I DONT EXIST'
POSTHOOK: type: QUERY
STAGE DEPENDENCIES:
  Stage-1 is a root stage
  Stage-0 depends on stages: Stage-1

STAGE PLANS:
  Stage: Stage-1
    Tez
      Edges:
        Reducer 2 <- Map 1 (SIMPLE_EDGE), Map 4 (SIMPLE_EDGE)
        Reducer 3 <- Reducer 2 (SIMPLE_EDGE)
#### A masked pattern was here ####
      Vertices:
        Map 1 
            Map Operator Tree:
                TableScan
                  alias: srcpart
                  filterExpr: ds is not null (type: boolean)
                  Statistics: Num rows: 2000 Data size: 21248 Basic stats: COMPLETE Column stats: NONE
                  Reduce Output Operator
                    key expressions: ds (type: string)
                    sort order: +
                    Map-reduce partition columns: ds (type: string)
                    Statistics: Num rows: 2000 Data size: 21248 Basic stats: COMPLETE Column stats: NONE
        Map 4 
            Map Operator Tree:
                TableScan
                  alias: srcpart_date
                  filterExpr: (ds is not null and (date = 'I DONT EXIST')) (type: boolean)
                  Statistics: Num rows: 2 Data size: 376 Basic stats: COMPLETE Column stats: NONE
                  Filter Operator
                    predicate: (ds is not null and (date = 'I DONT EXIST')) (type: boolean)
                    Statistics: Num rows: 1 Data size: 188 Basic stats: COMPLETE Column stats: NONE
                    Reduce Output Operator
                      key expressions: ds (type: string)
                      sort order: +
                      Map-reduce partition columns: ds (type: string)
                      Statistics: Num rows: 1 Data size: 188 Basic stats: COMPLETE Column stats: NONE
                    Select Operator
                      expressions: ds (type: string)
                      outputColumnNames: _col0
                      Statistics: Num rows: 1 Data size: 188 Basic stats: COMPLETE Column stats: NONE
                      Group By Operator
                        keys: _col0 (type: string)
                        mode: hash
                        outputColumnNames: _col0
                        Statistics: Num rows: 1 Data size: 188 Basic stats: COMPLETE Column stats: NONE
                        Dynamic Partitioning Event Operator
                          Target Input: srcpart
                          Partition key expr: ds
                          Statistics: Num rows: 1 Data size: 188 Basic stats: COMPLETE Column stats: NONE
                          Target column: ds
                          Target Vertex: Map 1
            Execution mode: vectorized
        Reducer 2 
            Reduce Operator Tree:
              Merge Join Operator
                condition map:
                     Inner Join 0 to 1
                keys:
                  0 ds (type: string)
                  1 ds (type: string)
                Statistics: Num rows: 2200 Data size: 23372 Basic stats: COMPLETE Column stats: NONE
                Group By Operator
                  aggregations: count()
                  mode: hash
                  outputColumnNames: _col0
                  Statistics: Num rows: 1 Data size: 8 Basic stats: COMPLETE Column stats: NONE
                  Reduce Output Operator
                    sort order: 
                    Statistics: Num rows: 1 Data size: 8 Basic stats: COMPLETE Column stats: NONE
                    value expressions: _col0 (type: bigint)
        Reducer 3 
            Reduce Operator Tree:
              Group By Operator
                aggregations: count(VALUE._col0)
                mode: mergepartial
                outputColumnNames: _col0
                Statistics: Num rows: 1 Data size: 8 Basic stats: COMPLETE Column stats: NONE
                File Output Operator
                  compressed: false
                  Statistics: Num rows: 1 Data size: 8 Basic stats: COMPLETE Column stats: NONE
                  table:
                      input format: org.apache.hadoop.mapred.TextInputFormat
                      output format: org.apache.hadoop.hive.ql.io.HiveIgnoreKeyTextOutputFormat
                      serde: org.apache.hadoop.hive.serde2.lazy.LazySimpleSerDe
            Execution mode: vectorized

  Stage: Stage-0
    Fetch Operator
      limit: -1
      Processor Tree:
        ListSink

PREHOOK: query: select count(*) from srcpart join srcpart_date on (srcpart.ds = srcpart_date.ds) where srcpart_date.`date` = 'I DONT EXIST'
PREHOOK: type: QUERY
PREHOOK: Input: default@srcpart
PREHOOK: Input: default@srcpart@ds=2008-04-08/hr=11
PREHOOK: Input: default@srcpart@ds=2008-04-08/hr=12
PREHOOK: Input: default@srcpart@ds=2008-04-09/hr=11
PREHOOK: Input: default@srcpart@ds=2008-04-09/hr=12
PREHOOK: Input: default@srcpart_date
#### A masked pattern was here ####
POSTHOOK: query: select count(*) from srcpart join srcpart_date on (srcpart.ds = srcpart_date.ds) where srcpart_date.`date` = 'I DONT EXIST'
POSTHOOK: type: QUERY
POSTHOOK: Input: default@srcpart
POSTHOOK: Input: default@srcpart@ds=2008-04-08/hr=11
POSTHOOK: Input: default@srcpart@ds=2008-04-08/hr=12
POSTHOOK: Input: default@srcpart@ds=2008-04-09/hr=11
POSTHOOK: Input: default@srcpart@ds=2008-04-09/hr=12
POSTHOOK: Input: default@srcpart_date
#### A masked pattern was here ####
0
PREHOOK: query: EXPLAIN select count(*) from srcpart join srcpart_date on (srcpart.ds = srcpart_date.ds) where srcpart_date.`date` = 'I DONT EXIST'
PREHOOK: type: QUERY
POSTHOOK: query: EXPLAIN select count(*) from srcpart join srcpart_date on (srcpart.ds = srcpart_date.ds) where srcpart_date.`date` = 'I DONT EXIST'
POSTHOOK: type: QUERY
STAGE DEPENDENCIES:
  Stage-1 is a root stage
  Stage-0 depends on stages: Stage-1

STAGE PLANS:
  Stage: Stage-1
    Tez
      Edges:
        Reducer 2 <- Map 1 (SIMPLE_EDGE), Map 4 (SIMPLE_EDGE)
        Reducer 3 <- Reducer 2 (SIMPLE_EDGE)
#### A masked pattern was here ####
      Vertices:
        Map 1 
            Map Operator Tree:
                TableScan
                  alias: srcpart
                  filterExpr: ds is not null (type: boolean)
                  Statistics: Num rows: 2000 Data size: 21248 Basic stats: COMPLETE Column stats: NONE
                  Reduce Output Operator
                    key expressions: ds (type: string)
                    sort order: +
                    Map-reduce partition columns: ds (type: string)
                    Statistics: Num rows: 2000 Data size: 21248 Basic stats: COMPLETE Column stats: NONE
        Map 4 
            Map Operator Tree:
                TableScan
                  alias: srcpart_date
                  filterExpr: (ds is not null and (date = 'I DONT EXIST')) (type: boolean)
                  Statistics: Num rows: 2 Data size: 376 Basic stats: COMPLETE Column stats: NONE
                  Filter Operator
                    predicate: (ds is not null and (date = 'I DONT EXIST')) (type: boolean)
                    Statistics: Num rows: 1 Data size: 188 Basic stats: COMPLETE Column stats: NONE
                    Reduce Output Operator
                      key expressions: ds (type: string)
                      sort order: +
                      Map-reduce partition columns: ds (type: string)
                      Statistics: Num rows: 1 Data size: 188 Basic stats: COMPLETE Column stats: NONE
            Execution mode: vectorized
        Reducer 2 
            Reduce Operator Tree:
              Merge Join Operator
                condition map:
                     Inner Join 0 to 1
                keys:
                  0 ds (type: string)
                  1 ds (type: string)
                Statistics: Num rows: 2200 Data size: 23372 Basic stats: COMPLETE Column stats: NONE
                Group By Operator
                  aggregations: count()
                  mode: hash
                  outputColumnNames: _col0
                  Statistics: Num rows: 1 Data size: 8 Basic stats: COMPLETE Column stats: NONE
                  Reduce Output Operator
                    sort order: 
                    Statistics: Num rows: 1 Data size: 8 Basic stats: COMPLETE Column stats: NONE
                    value expressions: _col0 (type: bigint)
        Reducer 3 
            Reduce Operator Tree:
              Group By Operator
                aggregations: count(VALUE._col0)
                mode: mergepartial
                outputColumnNames: _col0
                Statistics: Num rows: 1 Data size: 8 Basic stats: COMPLETE Column stats: NONE
                File Output Operator
                  compressed: false
                  Statistics: Num rows: 1 Data size: 8 Basic stats: COMPLETE Column stats: NONE
                  table:
                      input format: org.apache.hadoop.mapred.TextInputFormat
                      output format: org.apache.hadoop.hive.ql.io.HiveIgnoreKeyTextOutputFormat
                      serde: org.apache.hadoop.hive.serde2.lazy.LazySimpleSerDe
            Execution mode: vectorized

  Stage: Stage-0
    Fetch Operator
      limit: -1
      Processor Tree:
        ListSink

PREHOOK: query: select count(*) from srcpart join srcpart_date on (srcpart.ds = srcpart_date.ds) where srcpart_date.`date` = 'I DONT EXIST'
PREHOOK: type: QUERY
PREHOOK: Input: default@srcpart
PREHOOK: Input: default@srcpart@ds=2008-04-08/hr=11
PREHOOK: Input: default@srcpart@ds=2008-04-08/hr=12
PREHOOK: Input: default@srcpart@ds=2008-04-09/hr=11
PREHOOK: Input: default@srcpart@ds=2008-04-09/hr=12
PREHOOK: Input: default@srcpart_date
#### A masked pattern was here ####
POSTHOOK: query: select count(*) from srcpart join srcpart_date on (srcpart.ds = srcpart_date.ds) where srcpart_date.`date` = 'I DONT EXIST'
POSTHOOK: type: QUERY
POSTHOOK: Input: default@srcpart
POSTHOOK: Input: default@srcpart@ds=2008-04-08/hr=11
POSTHOOK: Input: default@srcpart@ds=2008-04-08/hr=12
POSTHOOK: Input: default@srcpart@ds=2008-04-09/hr=11
POSTHOOK: Input: default@srcpart@ds=2008-04-09/hr=12
POSTHOOK: Input: default@srcpart_date
#### A masked pattern was here ####
0
PREHOOK: query: select count(*) from srcpart where ds = 'I DONT EXIST'
PREHOOK: type: QUERY
PREHOOK: Input: default@srcpart
#### A masked pattern was here ####
POSTHOOK: query: select count(*) from srcpart where ds = 'I DONT EXIST'
POSTHOOK: type: QUERY
POSTHOOK: Input: default@srcpart
#### A masked pattern was here ####
0
PREHOOK: query: -- expressions
EXPLAIN select count(*) from srcpart join srcpart_double_hour on (srcpart.hr = cast(srcpart_double_hour.hr/2 as int)) where srcpart_double_hour.hour = 11
PREHOOK: type: QUERY
POSTHOOK: query: -- expressions
EXPLAIN select count(*) from srcpart join srcpart_double_hour on (srcpart.hr = cast(srcpart_double_hour.hr/2 as int)) where srcpart_double_hour.hour = 11
POSTHOOK: type: QUERY
STAGE DEPENDENCIES:
  Stage-1 is a root stage
  Stage-0 depends on stages: Stage-1

STAGE PLANS:
  Stage: Stage-1
    Tez
      Edges:
        Reducer 2 <- Map 1 (SIMPLE_EDGE), Map 4 (SIMPLE_EDGE)
        Reducer 3 <- Reducer 2 (SIMPLE_EDGE)
#### A masked pattern was here ####
      Vertices:
        Map 1 
            Map Operator Tree:
                TableScan
                  alias: srcpart
                  filterExpr: UDFToDouble(hr) is not null (type: boolean)
                  Statistics: Num rows: 2000 Data size: 21248 Basic stats: COMPLETE Column stats: NONE
                  Filter Operator
                    predicate: UDFToDouble(hr) is not null (type: boolean)
                    Statistics: Num rows: 1000 Data size: 10624 Basic stats: COMPLETE Column stats: NONE
                    Reduce Output Operator
                      key expressions: UDFToDouble(hr) (type: double)
                      sort order: +
                      Map-reduce partition columns: UDFToDouble(hr) (type: double)
                      Statistics: Num rows: 1000 Data size: 10624 Basic stats: COMPLETE Column stats: NONE
        Map 4 
            Map Operator Tree:
                TableScan
                  alias: srcpart_double_hour
                  filterExpr: (UDFToDouble(UDFToInteger((hr / 2))) is not null and (hour = 11)) (type: boolean)
                  Statistics: Num rows: 2 Data size: 188 Basic stats: COMPLETE Column stats: NONE
                  Filter Operator
                    predicate: (UDFToDouble(UDFToInteger((hr / 2))) is not null and (hour = 11)) (type: boolean)
                    Statistics: Num rows: 1 Data size: 94 Basic stats: COMPLETE Column stats: NONE
                    Reduce Output Operator
                      key expressions: UDFToDouble(UDFToInteger((hr / 2))) (type: double)
                      sort order: +
                      Map-reduce partition columns: UDFToDouble(UDFToInteger((hr / 2))) (type: double)
                      Statistics: Num rows: 1 Data size: 94 Basic stats: COMPLETE Column stats: NONE
                    Select Operator
                      expressions: UDFToDouble(UDFToInteger((hr / 2))) (type: double)
                      outputColumnNames: _col0
                      Statistics: Num rows: 1 Data size: 94 Basic stats: COMPLETE Column stats: NONE
                      Group By Operator
                        keys: _col0 (type: double)
                        mode: hash
                        outputColumnNames: _col0
                        Statistics: Num rows: 1 Data size: 94 Basic stats: COMPLETE Column stats: NONE
                        Dynamic Partitioning Event Operator
                          Target Input: srcpart
                          Partition key expr: UDFToDouble(hr)
                          Statistics: Num rows: 1 Data size: 94 Basic stats: COMPLETE Column stats: NONE
                          Target column: hr
                          Target Vertex: Map 1
        Reducer 2 
            Reduce Operator Tree:
              Merge Join Operator
                condition map:
                     Inner Join 0 to 1
                keys:
                  0 UDFToDouble(hr) (type: double)
                  1 UDFToDouble(UDFToInteger((hr / 2))) (type: double)
                Statistics: Num rows: 1100 Data size: 11686 Basic stats: COMPLETE Column stats: NONE
                Group By Operator
                  aggregations: count()
                  mode: hash
                  outputColumnNames: _col0
                  Statistics: Num rows: 1 Data size: 8 Basic stats: COMPLETE Column stats: NONE
                  Reduce Output Operator
                    sort order: 
                    Statistics: Num rows: 1 Data size: 8 Basic stats: COMPLETE Column stats: NONE
                    value expressions: _col0 (type: bigint)
        Reducer 3 
            Reduce Operator Tree:
              Group By Operator
                aggregations: count(VALUE._col0)
                mode: mergepartial
                outputColumnNames: _col0
                Statistics: Num rows: 1 Data size: 8 Basic stats: COMPLETE Column stats: NONE
                File Output Operator
                  compressed: false
                  Statistics: Num rows: 1 Data size: 8 Basic stats: COMPLETE Column stats: NONE
                  table:
                      input format: org.apache.hadoop.mapred.TextInputFormat
                      output format: org.apache.hadoop.hive.ql.io.HiveIgnoreKeyTextOutputFormat
                      serde: org.apache.hadoop.hive.serde2.lazy.LazySimpleSerDe
            Execution mode: vectorized

  Stage: Stage-0
    Fetch Operator
      limit: -1
      Processor Tree:
        ListSink

PREHOOK: query: select count(*) from srcpart join srcpart_double_hour on (srcpart.hr = cast(srcpart_double_hour.hr/2 as int)) where srcpart_double_hour.hour = 11
PREHOOK: type: QUERY
PREHOOK: Input: default@srcpart
PREHOOK: Input: default@srcpart@ds=2008-04-08/hr=11
PREHOOK: Input: default@srcpart@ds=2008-04-08/hr=12
PREHOOK: Input: default@srcpart@ds=2008-04-09/hr=11
PREHOOK: Input: default@srcpart@ds=2008-04-09/hr=12
PREHOOK: Input: default@srcpart_double_hour
#### A masked pattern was here ####
POSTHOOK: query: select count(*) from srcpart join srcpart_double_hour on (srcpart.hr = cast(srcpart_double_hour.hr/2 as int)) where srcpart_double_hour.hour = 11
POSTHOOK: type: QUERY
POSTHOOK: Input: default@srcpart
POSTHOOK: Input: default@srcpart@ds=2008-04-08/hr=11
POSTHOOK: Input: default@srcpart@ds=2008-04-08/hr=12
POSTHOOK: Input: default@srcpart@ds=2008-04-09/hr=11
POSTHOOK: Input: default@srcpart@ds=2008-04-09/hr=12
POSTHOOK: Input: default@srcpart_double_hour
#### A masked pattern was here ####
1000
PREHOOK: query: EXPLAIN select count(*) from srcpart join srcpart_double_hour on (srcpart.hr*2 = srcpart_double_hour.hr) where srcpart_double_hour.hour = 11
PREHOOK: type: QUERY
POSTHOOK: query: EXPLAIN select count(*) from srcpart join srcpart_double_hour on (srcpart.hr*2 = srcpart_double_hour.hr) where srcpart_double_hour.hour = 11
POSTHOOK: type: QUERY
STAGE DEPENDENCIES:
  Stage-1 is a root stage
  Stage-0 depends on stages: Stage-1

STAGE PLANS:
  Stage: Stage-1
    Tez
      Edges:
        Reducer 2 <- Map 1 (SIMPLE_EDGE), Map 4 (SIMPLE_EDGE)
        Reducer 3 <- Reducer 2 (SIMPLE_EDGE)
#### A masked pattern was here ####
      Vertices:
        Map 1 
            Map Operator Tree:
                TableScan
                  alias: srcpart
                  filterExpr: (hr * 2) is not null (type: boolean)
                  Statistics: Num rows: 2000 Data size: 21248 Basic stats: COMPLETE Column stats: NONE
                  Filter Operator
                    predicate: (hr * 2) is not null (type: boolean)
                    Statistics: Num rows: 1000 Data size: 10624 Basic stats: COMPLETE Column stats: NONE
                    Reduce Output Operator
                      key expressions: (hr * 2) (type: double)
                      sort order: +
                      Map-reduce partition columns: (hr * 2) (type: double)
                      Statistics: Num rows: 1000 Data size: 10624 Basic stats: COMPLETE Column stats: NONE
        Map 4 
            Map Operator Tree:
                TableScan
                  alias: srcpart_double_hour
                  filterExpr: (hr is not null and (hour = 11)) (type: boolean)
                  Statistics: Num rows: 2 Data size: 188 Basic stats: COMPLETE Column stats: NONE
                  Filter Operator
                    predicate: (hr is not null and (hour = 11)) (type: boolean)
                    Statistics: Num rows: 1 Data size: 94 Basic stats: COMPLETE Column stats: NONE
                    Reduce Output Operator
                      key expressions: hr (type: double)
                      sort order: +
                      Map-reduce partition columns: hr (type: double)
                      Statistics: Num rows: 1 Data size: 94 Basic stats: COMPLETE Column stats: NONE
                    Select Operator
                      expressions: hr (type: double)
                      outputColumnNames: _col0
                      Statistics: Num rows: 1 Data size: 94 Basic stats: COMPLETE Column stats: NONE
                      Group By Operator
                        keys: _col0 (type: double)
                        mode: hash
                        outputColumnNames: _col0
                        Statistics: Num rows: 1 Data size: 94 Basic stats: COMPLETE Column stats: NONE
                        Dynamic Partitioning Event Operator
                          Target Input: srcpart
                          Partition key expr: (hr * 2)
                          Statistics: Num rows: 1 Data size: 94 Basic stats: COMPLETE Column stats: NONE
                          Target column: hr
                          Target Vertex: Map 1
        Reducer 2 
            Reduce Operator Tree:
              Merge Join Operator
                condition map:
                     Inner Join 0 to 1
                keys:
                  0 (hr * 2) (type: double)
                  1 hr (type: double)
                Statistics: Num rows: 1100 Data size: 11686 Basic stats: COMPLETE Column stats: NONE
                Group By Operator
                  aggregations: count()
                  mode: hash
                  outputColumnNames: _col0
                  Statistics: Num rows: 1 Data size: 8 Basic stats: COMPLETE Column stats: NONE
                  Reduce Output Operator
                    sort order: 
                    Statistics: Num rows: 1 Data size: 8 Basic stats: COMPLETE Column stats: NONE
                    value expressions: _col0 (type: bigint)
        Reducer 3 
            Reduce Operator Tree:
              Group By Operator
                aggregations: count(VALUE._col0)
                mode: mergepartial
                outputColumnNames: _col0
                Statistics: Num rows: 1 Data size: 8 Basic stats: COMPLETE Column stats: NONE
                File Output Operator
                  compressed: false
                  Statistics: Num rows: 1 Data size: 8 Basic stats: COMPLETE Column stats: NONE
                  table:
                      input format: org.apache.hadoop.mapred.TextInputFormat
                      output format: org.apache.hadoop.hive.ql.io.HiveIgnoreKeyTextOutputFormat
                      serde: org.apache.hadoop.hive.serde2.lazy.LazySimpleSerDe
            Execution mode: vectorized

  Stage: Stage-0
    Fetch Operator
      limit: -1
      Processor Tree:
        ListSink

PREHOOK: query: select count(*) from srcpart join srcpart_double_hour on (srcpart.hr*2 = srcpart_double_hour.hr) where srcpart_double_hour.hour = 11
PREHOOK: type: QUERY
PREHOOK: Input: default@srcpart
PREHOOK: Input: default@srcpart@ds=2008-04-08/hr=11
PREHOOK: Input: default@srcpart@ds=2008-04-08/hr=12
PREHOOK: Input: default@srcpart@ds=2008-04-09/hr=11
PREHOOK: Input: default@srcpart@ds=2008-04-09/hr=12
PREHOOK: Input: default@srcpart_double_hour
#### A masked pattern was here ####
POSTHOOK: query: select count(*) from srcpart join srcpart_double_hour on (srcpart.hr*2 = srcpart_double_hour.hr) where srcpart_double_hour.hour = 11
POSTHOOK: type: QUERY
POSTHOOK: Input: default@srcpart
POSTHOOK: Input: default@srcpart@ds=2008-04-08/hr=11
POSTHOOK: Input: default@srcpart@ds=2008-04-08/hr=12
POSTHOOK: Input: default@srcpart@ds=2008-04-09/hr=11
POSTHOOK: Input: default@srcpart@ds=2008-04-09/hr=12
POSTHOOK: Input: default@srcpart_double_hour
#### A masked pattern was here ####
1000
PREHOOK: query: EXPLAIN select count(*) from srcpart join srcpart_double_hour on (srcpart.hr = cast(srcpart_double_hour.hr/2 as int)) where srcpart_double_hour.hour = 11
PREHOOK: type: QUERY
POSTHOOK: query: EXPLAIN select count(*) from srcpart join srcpart_double_hour on (srcpart.hr = cast(srcpart_double_hour.hr/2 as int)) where srcpart_double_hour.hour = 11
POSTHOOK: type: QUERY
STAGE DEPENDENCIES:
  Stage-1 is a root stage
  Stage-0 depends on stages: Stage-1

STAGE PLANS:
  Stage: Stage-1
    Tez
      Edges:
        Reducer 2 <- Map 1 (SIMPLE_EDGE), Map 4 (SIMPLE_EDGE)
        Reducer 3 <- Reducer 2 (SIMPLE_EDGE)
#### A masked pattern was here ####
      Vertices:
        Map 1 
            Map Operator Tree:
                TableScan
                  alias: srcpart
                  filterExpr: UDFToDouble(hr) is not null (type: boolean)
                  Statistics: Num rows: 2000 Data size: 21248 Basic stats: COMPLETE Column stats: NONE
                  Filter Operator
                    predicate: UDFToDouble(hr) is not null (type: boolean)
                    Statistics: Num rows: 1000 Data size: 10624 Basic stats: COMPLETE Column stats: NONE
                    Reduce Output Operator
                      key expressions: UDFToDouble(hr) (type: double)
                      sort order: +
                      Map-reduce partition columns: UDFToDouble(hr) (type: double)
                      Statistics: Num rows: 1000 Data size: 10624 Basic stats: COMPLETE Column stats: NONE
        Map 4 
            Map Operator Tree:
                TableScan
                  alias: srcpart_double_hour
                  filterExpr: (UDFToDouble(UDFToInteger((hr / 2))) is not null and (hour = 11)) (type: boolean)
                  Statistics: Num rows: 2 Data size: 188 Basic stats: COMPLETE Column stats: NONE
                  Filter Operator
                    predicate: (UDFToDouble(UDFToInteger((hr / 2))) is not null and (hour = 11)) (type: boolean)
                    Statistics: Num rows: 1 Data size: 94 Basic stats: COMPLETE Column stats: NONE
                    Reduce Output Operator
                      key expressions: UDFToDouble(UDFToInteger((hr / 2))) (type: double)
                      sort order: +
                      Map-reduce partition columns: UDFToDouble(UDFToInteger((hr / 2))) (type: double)
                      Statistics: Num rows: 1 Data size: 94 Basic stats: COMPLETE Column stats: NONE
        Reducer 2 
            Reduce Operator Tree:
              Merge Join Operator
                condition map:
                     Inner Join 0 to 1
                keys:
                  0 UDFToDouble(hr) (type: double)
                  1 UDFToDouble(UDFToInteger((hr / 2))) (type: double)
                Statistics: Num rows: 1100 Data size: 11686 Basic stats: COMPLETE Column stats: NONE
                Group By Operator
                  aggregations: count()
                  mode: hash
                  outputColumnNames: _col0
                  Statistics: Num rows: 1 Data size: 8 Basic stats: COMPLETE Column stats: NONE
                  Reduce Output Operator
                    sort order: 
                    Statistics: Num rows: 1 Data size: 8 Basic stats: COMPLETE Column stats: NONE
                    value expressions: _col0 (type: bigint)
        Reducer 3 
            Reduce Operator Tree:
              Group By Operator
                aggregations: count(VALUE._col0)
                mode: mergepartial
                outputColumnNames: _col0
                Statistics: Num rows: 1 Data size: 8 Basic stats: COMPLETE Column stats: NONE
                File Output Operator
                  compressed: false
                  Statistics: Num rows: 1 Data size: 8 Basic stats: COMPLETE Column stats: NONE
                  table:
                      input format: org.apache.hadoop.mapred.TextInputFormat
                      output format: org.apache.hadoop.hive.ql.io.HiveIgnoreKeyTextOutputFormat
                      serde: org.apache.hadoop.hive.serde2.lazy.LazySimpleSerDe
            Execution mode: vectorized

  Stage: Stage-0
    Fetch Operator
      limit: -1
      Processor Tree:
        ListSink

PREHOOK: query: select count(*) from srcpart join srcpart_double_hour on (srcpart.hr = cast(srcpart_double_hour.hr/2 as int)) where srcpart_double_hour.hour = 11
PREHOOK: type: QUERY
PREHOOK: Input: default@srcpart
PREHOOK: Input: default@srcpart@ds=2008-04-08/hr=11
PREHOOK: Input: default@srcpart@ds=2008-04-08/hr=12
PREHOOK: Input: default@srcpart@ds=2008-04-09/hr=11
PREHOOK: Input: default@srcpart@ds=2008-04-09/hr=12
PREHOOK: Input: default@srcpart_double_hour
#### A masked pattern was here ####
POSTHOOK: query: select count(*) from srcpart join srcpart_double_hour on (srcpart.hr = cast(srcpart_double_hour.hr/2 as int)) where srcpart_double_hour.hour = 11
POSTHOOK: type: QUERY
POSTHOOK: Input: default@srcpart
POSTHOOK: Input: default@srcpart@ds=2008-04-08/hr=11
POSTHOOK: Input: default@srcpart@ds=2008-04-08/hr=12
POSTHOOK: Input: default@srcpart@ds=2008-04-09/hr=11
POSTHOOK: Input: default@srcpart@ds=2008-04-09/hr=12
POSTHOOK: Input: default@srcpart_double_hour
#### A masked pattern was here ####
1000
PREHOOK: query: EXPLAIN select count(*) from srcpart join srcpart_double_hour on (srcpart.hr*2 = srcpart_double_hour.hr) where srcpart_double_hour.hour = 11
PREHOOK: type: QUERY
POSTHOOK: query: EXPLAIN select count(*) from srcpart join srcpart_double_hour on (srcpart.hr*2 = srcpart_double_hour.hr) where srcpart_double_hour.hour = 11
POSTHOOK: type: QUERY
STAGE DEPENDENCIES:
  Stage-1 is a root stage
  Stage-0 depends on stages: Stage-1

STAGE PLANS:
  Stage: Stage-1
    Tez
      Edges:
        Reducer 2 <- Map 1 (SIMPLE_EDGE), Map 4 (SIMPLE_EDGE)
        Reducer 3 <- Reducer 2 (SIMPLE_EDGE)
#### A masked pattern was here ####
      Vertices:
        Map 1 
            Map Operator Tree:
                TableScan
                  alias: srcpart
                  filterExpr: (hr * 2) is not null (type: boolean)
                  Statistics: Num rows: 2000 Data size: 21248 Basic stats: COMPLETE Column stats: NONE
                  Filter Operator
                    predicate: (hr * 2) is not null (type: boolean)
                    Statistics: Num rows: 1000 Data size: 10624 Basic stats: COMPLETE Column stats: NONE
                    Reduce Output Operator
                      key expressions: (hr * 2) (type: double)
                      sort order: +
                      Map-reduce partition columns: (hr * 2) (type: double)
                      Statistics: Num rows: 1000 Data size: 10624 Basic stats: COMPLETE Column stats: NONE
        Map 4 
            Map Operator Tree:
                TableScan
                  alias: srcpart_double_hour
                  filterExpr: (hr is not null and (hour = 11)) (type: boolean)
                  Statistics: Num rows: 2 Data size: 188 Basic stats: COMPLETE Column stats: NONE
                  Filter Operator
                    predicate: (hr is not null and (hour = 11)) (type: boolean)
                    Statistics: Num rows: 1 Data size: 94 Basic stats: COMPLETE Column stats: NONE
                    Reduce Output Operator
                      key expressions: hr (type: double)
                      sort order: +
                      Map-reduce partition columns: hr (type: double)
                      Statistics: Num rows: 1 Data size: 94 Basic stats: COMPLETE Column stats: NONE
        Reducer 2 
            Reduce Operator Tree:
              Merge Join Operator
                condition map:
                     Inner Join 0 to 1
                keys:
                  0 (hr * 2) (type: double)
                  1 hr (type: double)
                Statistics: Num rows: 1100 Data size: 11686 Basic stats: COMPLETE Column stats: NONE
                Group By Operator
                  aggregations: count()
                  mode: hash
                  outputColumnNames: _col0
                  Statistics: Num rows: 1 Data size: 8 Basic stats: COMPLETE Column stats: NONE
                  Reduce Output Operator
                    sort order: 
                    Statistics: Num rows: 1 Data size: 8 Basic stats: COMPLETE Column stats: NONE
                    value expressions: _col0 (type: bigint)
        Reducer 3 
            Reduce Operator Tree:
              Group By Operator
                aggregations: count(VALUE._col0)
                mode: mergepartial
                outputColumnNames: _col0
                Statistics: Num rows: 1 Data size: 8 Basic stats: COMPLETE Column stats: NONE
                File Output Operator
                  compressed: false
                  Statistics: Num rows: 1 Data size: 8 Basic stats: COMPLETE Column stats: NONE
                  table:
                      input format: org.apache.hadoop.mapred.TextInputFormat
                      output format: org.apache.hadoop.hive.ql.io.HiveIgnoreKeyTextOutputFormat
                      serde: org.apache.hadoop.hive.serde2.lazy.LazySimpleSerDe
            Execution mode: vectorized

  Stage: Stage-0
    Fetch Operator
      limit: -1
      Processor Tree:
        ListSink

PREHOOK: query: select count(*) from srcpart join srcpart_double_hour on (srcpart.hr*2 = srcpart_double_hour.hr) where srcpart_double_hour.hour = 11
PREHOOK: type: QUERY
PREHOOK: Input: default@srcpart
PREHOOK: Input: default@srcpart@ds=2008-04-08/hr=11
PREHOOK: Input: default@srcpart@ds=2008-04-08/hr=12
PREHOOK: Input: default@srcpart@ds=2008-04-09/hr=11
PREHOOK: Input: default@srcpart@ds=2008-04-09/hr=12
PREHOOK: Input: default@srcpart_double_hour
#### A masked pattern was here ####
POSTHOOK: query: select count(*) from srcpart join srcpart_double_hour on (srcpart.hr*2 = srcpart_double_hour.hr) where srcpart_double_hour.hour = 11
POSTHOOK: type: QUERY
POSTHOOK: Input: default@srcpart
POSTHOOK: Input: default@srcpart@ds=2008-04-08/hr=11
POSTHOOK: Input: default@srcpart@ds=2008-04-08/hr=12
POSTHOOK: Input: default@srcpart@ds=2008-04-09/hr=11
POSTHOOK: Input: default@srcpart@ds=2008-04-09/hr=12
POSTHOOK: Input: default@srcpart_double_hour
#### A masked pattern was here ####
1000
PREHOOK: query: select count(*) from srcpart where hr = 11
PREHOOK: type: QUERY
PREHOOK: Input: default@srcpart
PREHOOK: Input: default@srcpart@ds=2008-04-08/hr=11
PREHOOK: Input: default@srcpart@ds=2008-04-09/hr=11
#### A masked pattern was here ####
POSTHOOK: query: select count(*) from srcpart where hr = 11
POSTHOOK: type: QUERY
POSTHOOK: Input: default@srcpart
POSTHOOK: Input: default@srcpart@ds=2008-04-08/hr=11
POSTHOOK: Input: default@srcpart@ds=2008-04-09/hr=11
#### A masked pattern was here ####
1000
PREHOOK: query: EXPLAIN select count(*) from srcpart join srcpart_double_hour on (cast(srcpart.hr*2 as string) = cast(srcpart_double_hour.hr as string)) where srcpart_double_hour.hour = 11
PREHOOK: type: QUERY
POSTHOOK: query: EXPLAIN select count(*) from srcpart join srcpart_double_hour on (cast(srcpart.hr*2 as string) = cast(srcpart_double_hour.hr as string)) where srcpart_double_hour.hour = 11
POSTHOOK: type: QUERY
STAGE DEPENDENCIES:
  Stage-1 is a root stage
  Stage-0 depends on stages: Stage-1

STAGE PLANS:
  Stage: Stage-1
    Tez
      Edges:
        Reducer 2 <- Map 1 (SIMPLE_EDGE), Map 4 (SIMPLE_EDGE)
        Reducer 3 <- Reducer 2 (SIMPLE_EDGE)
#### A masked pattern was here ####
      Vertices:
        Map 1 
            Map Operator Tree:
                TableScan
                  alias: srcpart
                  filterExpr: UDFToString((hr * 2)) is not null (type: boolean)
                  Statistics: Num rows: 2000 Data size: 21248 Basic stats: COMPLETE Column stats: NONE
                  Filter Operator
                    predicate: UDFToString((hr * 2)) is not null (type: boolean)
                    Statistics: Num rows: 1000 Data size: 10624 Basic stats: COMPLETE Column stats: NONE
                    Reduce Output Operator
                      key expressions: UDFToString((hr * 2)) (type: string)
                      sort order: +
                      Map-reduce partition columns: UDFToString((hr * 2)) (type: string)
                      Statistics: Num rows: 1000 Data size: 10624 Basic stats: COMPLETE Column stats: NONE
        Map 4 
            Map Operator Tree:
                TableScan
                  alias: srcpart_double_hour
                  filterExpr: (UDFToString(hr) is not null and (hour = 11)) (type: boolean)
                  Statistics: Num rows: 2 Data size: 188 Basic stats: COMPLETE Column stats: NONE
                  Filter Operator
                    predicate: (UDFToString(hr) is not null and (hour = 11)) (type: boolean)
                    Statistics: Num rows: 1 Data size: 94 Basic stats: COMPLETE Column stats: NONE
                    Reduce Output Operator
                      key expressions: UDFToString(hr) (type: string)
                      sort order: +
                      Map-reduce partition columns: UDFToString(hr) (type: string)
                      Statistics: Num rows: 1 Data size: 94 Basic stats: COMPLETE Column stats: NONE
                    Select Operator
                      expressions: UDFToString(hr) (type: string)
                      outputColumnNames: _col0
                      Statistics: Num rows: 1 Data size: 94 Basic stats: COMPLETE Column stats: NONE
                      Group By Operator
                        keys: _col0 (type: string)
                        mode: hash
                        outputColumnNames: _col0
                        Statistics: Num rows: 1 Data size: 94 Basic stats: COMPLETE Column stats: NONE
                        Dynamic Partitioning Event Operator
                          Target Input: srcpart
                          Partition key expr: UDFToString((hr * 2))
                          Statistics: Num rows: 1 Data size: 94 Basic stats: COMPLETE Column stats: NONE
                          Target column: hr
                          Target Vertex: Map 1
        Reducer 2 
            Reduce Operator Tree:
              Merge Join Operator
                condition map:
                     Inner Join 0 to 1
                keys:
                  0 UDFToString((hr * 2)) (type: string)
                  1 UDFToString(hr) (type: string)
                Statistics: Num rows: 1100 Data size: 11686 Basic stats: COMPLETE Column stats: NONE
                Group By Operator
                  aggregations: count()
                  mode: hash
                  outputColumnNames: _col0
                  Statistics: Num rows: 1 Data size: 8 Basic stats: COMPLETE Column stats: NONE
                  Reduce Output Operator
                    sort order: 
                    Statistics: Num rows: 1 Data size: 8 Basic stats: COMPLETE Column stats: NONE
                    value expressions: _col0 (type: bigint)
        Reducer 3 
            Reduce Operator Tree:
              Group By Operator
                aggregations: count(VALUE._col0)
                mode: mergepartial
                outputColumnNames: _col0
                Statistics: Num rows: 1 Data size: 8 Basic stats: COMPLETE Column stats: NONE
                File Output Operator
                  compressed: false
                  Statistics: Num rows: 1 Data size: 8 Basic stats: COMPLETE Column stats: NONE
                  table:
                      input format: org.apache.hadoop.mapred.TextInputFormat
                      output format: org.apache.hadoop.hive.ql.io.HiveIgnoreKeyTextOutputFormat
                      serde: org.apache.hadoop.hive.serde2.lazy.LazySimpleSerDe
            Execution mode: vectorized

  Stage: Stage-0
    Fetch Operator
      limit: -1
      Processor Tree:
        ListSink

PREHOOK: query: select count(*) from srcpart join srcpart_double_hour on (cast(srcpart.hr*2 as string) = cast(srcpart_double_hour.hr as string)) where srcpart_double_hour.hour = 11
PREHOOK: type: QUERY
PREHOOK: Input: default@srcpart
PREHOOK: Input: default@srcpart@ds=2008-04-08/hr=11
PREHOOK: Input: default@srcpart@ds=2008-04-08/hr=12
PREHOOK: Input: default@srcpart@ds=2008-04-09/hr=11
PREHOOK: Input: default@srcpart@ds=2008-04-09/hr=12
PREHOOK: Input: default@srcpart_double_hour
#### A masked pattern was here ####
POSTHOOK: query: select count(*) from srcpart join srcpart_double_hour on (cast(srcpart.hr*2 as string) = cast(srcpart_double_hour.hr as string)) where srcpart_double_hour.hour = 11
POSTHOOK: type: QUERY
POSTHOOK: Input: default@srcpart
POSTHOOK: Input: default@srcpart@ds=2008-04-08/hr=11
POSTHOOK: Input: default@srcpart@ds=2008-04-08/hr=12
POSTHOOK: Input: default@srcpart@ds=2008-04-09/hr=11
POSTHOOK: Input: default@srcpart@ds=2008-04-09/hr=12
POSTHOOK: Input: default@srcpart_double_hour
#### A masked pattern was here ####
1000
PREHOOK: query: select count(*) from srcpart where cast(hr as string) = 11
PREHOOK: type: QUERY
PREHOOK: Input: default@srcpart
PREHOOK: Input: default@srcpart@ds=2008-04-08/hr=11
PREHOOK: Input: default@srcpart@ds=2008-04-09/hr=11
#### A masked pattern was here ####
POSTHOOK: query: select count(*) from srcpart where cast(hr as string) = 11
POSTHOOK: type: QUERY
POSTHOOK: Input: default@srcpart
POSTHOOK: Input: default@srcpart@ds=2008-04-08/hr=11
POSTHOOK: Input: default@srcpart@ds=2008-04-09/hr=11
#### A masked pattern was here ####
1000
Warning: Shuffle Join MERGEJOIN[23][tables = [$hdt$_0, $hdt$_1]] in Stage 'Reducer 2' is a cross product
PREHOOK: query: -- parent is reduce tasks
EXPLAIN select count(*) from srcpart join (select ds as ds, ds as `date` from srcpart group by ds) s on (srcpart.ds = s.ds) where s.`date` = '2008-04-08'
PREHOOK: type: QUERY
POSTHOOK: query: -- parent is reduce tasks
EXPLAIN select count(*) from srcpart join (select ds as ds, ds as `date` from srcpart group by ds) s on (srcpart.ds = s.ds) where s.`date` = '2008-04-08'
POSTHOOK: type: QUERY
STAGE DEPENDENCIES:
  Stage-1 is a root stage
  Stage-0 depends on stages: Stage-1

STAGE PLANS:
  Stage: Stage-1
    Tez
      Edges:
        Reducer 2 <- Map 1 (SIMPLE_EDGE), Reducer 5 (SIMPLE_EDGE)
        Reducer 3 <- Reducer 2 (SIMPLE_EDGE)
        Reducer 5 <- Map 4 (SIMPLE_EDGE)
#### A masked pattern was here ####
      Vertices:
        Map 1 
            Map Operator Tree:
                TableScan
                  alias: srcpart
                  filterExpr: (ds = '2008-04-08') (type: boolean)
                  Statistics: Num rows: 1000 Data size: 10624 Basic stats: COMPLETE Column stats: NONE
                  Select Operator
                    Statistics: Num rows: 1000 Data size: 10624 Basic stats: COMPLETE Column stats: NONE
                    Reduce Output Operator
                      sort order: 
                      Statistics: Num rows: 1000 Data size: 10624 Basic stats: COMPLETE Column stats: NONE
        Map 4 
            Map Operator Tree:
                TableScan
                  alias: srcpart
                  filterExpr: (ds = '2008-04-08') (type: boolean)
                  Statistics: Num rows: 1000 Data size: 10624 Basic stats: COMPLETE Column stats: NONE
                  Select Operator
                    expressions: '2008-04-08' (type: string)
                    outputColumnNames: _col0
                    Statistics: Num rows: 1000 Data size: 10624 Basic stats: COMPLETE Column stats: NONE
                    Group By Operator
                      keys: _col0 (type: string)
                      mode: hash
                      outputColumnNames: _col0
                      Statistics: Num rows: 1000 Data size: 10624 Basic stats: COMPLETE Column stats: NONE
                      Reduce Output Operator
                        key expressions: _col0 (type: string)
                        sort order: +
                        Map-reduce partition columns: _col0 (type: string)
                        Statistics: Num rows: 1000 Data size: 10624 Basic stats: COMPLETE Column stats: NONE
        Reducer 2 
            Reduce Operator Tree:
              Merge Join Operator
                condition map:
                     Inner Join 0 to 1
                keys:
                  0 
                  1 
                Statistics: Num rows: 1100 Data size: 11686 Basic stats: COMPLETE Column stats: NONE
                Group By Operator
                  aggregations: count()
                  mode: hash
                  outputColumnNames: _col0
                  Statistics: Num rows: 1 Data size: 8 Basic stats: COMPLETE Column stats: NONE
                  Reduce Output Operator
                    sort order: 
                    Statistics: Num rows: 1 Data size: 8 Basic stats: COMPLETE Column stats: NONE
                    value expressions: _col0 (type: bigint)
        Reducer 3 
            Reduce Operator Tree:
              Group By Operator
                aggregations: count(VALUE._col0)
                mode: mergepartial
                outputColumnNames: _col0
                Statistics: Num rows: 1 Data size: 8 Basic stats: COMPLETE Column stats: NONE
                File Output Operator
                  compressed: false
                  Statistics: Num rows: 1 Data size: 8 Basic stats: COMPLETE Column stats: NONE
                  table:
                      input format: org.apache.hadoop.mapred.TextInputFormat
                      output format: org.apache.hadoop.hive.ql.io.HiveIgnoreKeyTextOutputFormat
                      serde: org.apache.hadoop.hive.serde2.lazy.LazySimpleSerDe
            Execution mode: vectorized
        Reducer 5 
            Reduce Operator Tree:
              Group By Operator
                keys: KEY._col0 (type: string)
                mode: mergepartial
                outputColumnNames: _col0
                Statistics: Num rows: 500 Data size: 5312 Basic stats: COMPLETE Column stats: NONE
                Select Operator
                  Statistics: Num rows: 500 Data size: 5312 Basic stats: COMPLETE Column stats: NONE
                  Reduce Output Operator
                    sort order: 
                    Statistics: Num rows: 500 Data size: 5312 Basic stats: COMPLETE Column stats: NONE
            Execution mode: vectorized

  Stage: Stage-0
    Fetch Operator
      limit: -1
      Processor Tree:
        ListSink

Warning: Shuffle Join MERGEJOIN[23][tables = [$hdt$_0, $hdt$_1]] in Stage 'Reducer 2' is a cross product
PREHOOK: query: select count(*) from srcpart join (select ds as ds, ds as `date` from srcpart group by ds) s on (srcpart.ds = s.ds) where s.`date` = '2008-04-08'
PREHOOK: type: QUERY
PREHOOK: Input: default@srcpart
PREHOOK: Input: default@srcpart@ds=2008-04-08/hr=11
PREHOOK: Input: default@srcpart@ds=2008-04-08/hr=12
#### A masked pattern was here ####
POSTHOOK: query: select count(*) from srcpart join (select ds as ds, ds as `date` from srcpart group by ds) s on (srcpart.ds = s.ds) where s.`date` = '2008-04-08'
POSTHOOK: type: QUERY
POSTHOOK: Input: default@srcpart
POSTHOOK: Input: default@srcpart@ds=2008-04-08/hr=11
POSTHOOK: Input: default@srcpart@ds=2008-04-08/hr=12
#### A masked pattern was here ####
1000
PREHOOK: query: select count(*) from srcpart where ds = '2008-04-08'
PREHOOK: type: QUERY
PREHOOK: Input: default@srcpart
PREHOOK: Input: default@srcpart@ds=2008-04-08/hr=11
PREHOOK: Input: default@srcpart@ds=2008-04-08/hr=12
#### A masked pattern was here ####
POSTHOOK: query: select count(*) from srcpart where ds = '2008-04-08'
POSTHOOK: type: QUERY
POSTHOOK: Input: default@srcpart
POSTHOOK: Input: default@srcpart@ds=2008-04-08/hr=11
POSTHOOK: Input: default@srcpart@ds=2008-04-08/hr=12
#### A masked pattern was here ####
1000
Warning: Shuffle Join MERGEJOIN[13][tables = [srcpart, srcpart_date_hour]] in Stage 'Reducer 2' is a cross product
PREHOOK: query: -- non-equi join
EXPLAIN select count(*) from srcpart, srcpart_date_hour where (srcpart_date_hour.`date` = '2008-04-08' and srcpart_date_hour.hour = 11) and (srcpart.ds = srcpart_date_hour.ds or srcpart.hr = srcpart_date_hour.hr)
PREHOOK: type: QUERY
POSTHOOK: query: -- non-equi join
EXPLAIN select count(*) from srcpart, srcpart_date_hour where (srcpart_date_hour.`date` = '2008-04-08' and srcpart_date_hour.hour = 11) and (srcpart.ds = srcpart_date_hour.ds or srcpart.hr = srcpart_date_hour.hr)
POSTHOOK: type: QUERY
STAGE DEPENDENCIES:
  Stage-1 is a root stage
  Stage-0 depends on stages: Stage-1

STAGE PLANS:
  Stage: Stage-1
    Tez
      Edges:
        Reducer 2 <- Map 1 (SIMPLE_EDGE), Map 4 (SIMPLE_EDGE)
        Reducer 3 <- Reducer 2 (SIMPLE_EDGE)
#### A masked pattern was here ####
      Vertices:
        Map 1 
            Map Operator Tree:
                TableScan
                  alias: srcpart
                  Statistics: Num rows: 2000 Data size: 21248 Basic stats: COMPLETE Column stats: NONE
                  Reduce Output Operator
                    sort order: 
                    Statistics: Num rows: 2000 Data size: 21248 Basic stats: COMPLETE Column stats: NONE
                    value expressions: ds (type: string), hr (type: string)
        Map 4 
            Map Operator Tree:
                TableScan
                  alias: srcpart_date_hour
                  filterExpr: ((date = '2008-04-08') and (hour = 11)) (type: boolean)
                  Statistics: Num rows: 4 Data size: 1440 Basic stats: COMPLETE Column stats: NONE
                  Filter Operator
                    predicate: ((date = '2008-04-08') and (hour = 11)) (type: boolean)
                    Statistics: Num rows: 1 Data size: 360 Basic stats: COMPLETE Column stats: NONE
                    Reduce Output Operator
                      sort order: 
                      Statistics: Num rows: 1 Data size: 360 Basic stats: COMPLETE Column stats: NONE
                      value expressions: ds (type: string), hr (type: string)
        Reducer 2 
            Reduce Operator Tree:
              Merge Join Operator
                condition map:
                     Inner Join 0 to 1
                keys:
                  0 
                  1 
                outputColumnNames: _col2, _col3, _col7, _col9
                Statistics: Num rows: 2200 Data size: 23372 Basic stats: COMPLETE Column stats: NONE
                Filter Operator
                  predicate: ((_col2 = _col7) or (_col3 = _col9)) (type: boolean)
                  Statistics: Num rows: 2200 Data size: 23372 Basic stats: COMPLETE Column stats: NONE
                  Select Operator
                    Statistics: Num rows: 2200 Data size: 23372 Basic stats: COMPLETE Column stats: NONE
                    Group By Operator
                      aggregations: count()
                      mode: hash
                      outputColumnNames: _col0
                      Statistics: Num rows: 1 Data size: 8 Basic stats: COMPLETE Column stats: NONE
                      Reduce Output Operator
                        sort order: 
                        Statistics: Num rows: 1 Data size: 8 Basic stats: COMPLETE Column stats: NONE
                        value expressions: _col0 (type: bigint)
        Reducer 3 
            Reduce Operator Tree:
              Group By Operator
                aggregations: count(VALUE._col0)
                mode: mergepartial
                outputColumnNames: _col0
                Statistics: Num rows: 1 Data size: 8 Basic stats: COMPLETE Column stats: NONE
                File Output Operator
                  compressed: false
                  Statistics: Num rows: 1 Data size: 8 Basic stats: COMPLETE Column stats: NONE
                  table:
                      input format: org.apache.hadoop.mapred.TextInputFormat
                      output format: org.apache.hadoop.hive.ql.io.HiveIgnoreKeyTextOutputFormat
                      serde: org.apache.hadoop.hive.serde2.lazy.LazySimpleSerDe
            Execution mode: vectorized

  Stage: Stage-0
    Fetch Operator
      limit: -1
      Processor Tree:
        ListSink

Warning: Shuffle Join MERGEJOIN[13][tables = [srcpart, srcpart_date_hour]] in Stage 'Reducer 2' is a cross product
PREHOOK: query: select count(*) from srcpart, srcpart_date_hour where (srcpart_date_hour.`date` = '2008-04-08' and srcpart_date_hour.hour = 11) and (srcpart.ds = srcpart_date_hour.ds or srcpart.hr = srcpart_date_hour.hr)
PREHOOK: type: QUERY
PREHOOK: Input: default@srcpart
PREHOOK: Input: default@srcpart@ds=2008-04-08/hr=11
PREHOOK: Input: default@srcpart@ds=2008-04-08/hr=12
PREHOOK: Input: default@srcpart@ds=2008-04-09/hr=11
PREHOOK: Input: default@srcpart@ds=2008-04-09/hr=12
PREHOOK: Input: default@srcpart_date_hour
#### A masked pattern was here ####
POSTHOOK: query: select count(*) from srcpart, srcpart_date_hour where (srcpart_date_hour.`date` = '2008-04-08' and srcpart_date_hour.hour = 11) and (srcpart.ds = srcpart_date_hour.ds or srcpart.hr = srcpart_date_hour.hr)
POSTHOOK: type: QUERY
POSTHOOK: Input: default@srcpart
POSTHOOK: Input: default@srcpart@ds=2008-04-08/hr=11
POSTHOOK: Input: default@srcpart@ds=2008-04-08/hr=12
POSTHOOK: Input: default@srcpart@ds=2008-04-09/hr=11
POSTHOOK: Input: default@srcpart@ds=2008-04-09/hr=12
POSTHOOK: Input: default@srcpart_date_hour
#### A masked pattern was here ####
1500
PREHOOK: query: -- old style join syntax
EXPLAIN select count(*) from srcpart, srcpart_date_hour where srcpart_date_hour.`date` = '2008-04-08' and srcpart_date_hour.hour = 11 and srcpart.ds = srcpart_date_hour.ds and srcpart.hr = srcpart_date_hour.hr
PREHOOK: type: QUERY
POSTHOOK: query: -- old style join syntax
EXPLAIN select count(*) from srcpart, srcpart_date_hour where srcpart_date_hour.`date` = '2008-04-08' and srcpart_date_hour.hour = 11 and srcpart.ds = srcpart_date_hour.ds and srcpart.hr = srcpart_date_hour.hr
POSTHOOK: type: QUERY
STAGE DEPENDENCIES:
  Stage-1 is a root stage
  Stage-0 depends on stages: Stage-1

STAGE PLANS:
  Stage: Stage-1
    Tez
      Edges:
        Reducer 2 <- Map 1 (SIMPLE_EDGE), Map 4 (SIMPLE_EDGE)
        Reducer 3 <- Reducer 2 (SIMPLE_EDGE)
#### A masked pattern was here ####
      Vertices:
        Map 1 
            Map Operator Tree:
                TableScan
                  alias: srcpart
                  Statistics: Num rows: 2000 Data size: 21248 Basic stats: COMPLETE Column stats: NONE
                  Reduce Output Operator
                    key expressions: ds (type: string), hr (type: string)
                    sort order: ++
                    Map-reduce partition columns: ds (type: string), hr (type: string)
                    Statistics: Num rows: 2000 Data size: 21248 Basic stats: COMPLETE Column stats: NONE
        Map 4 
            Map Operator Tree:
                TableScan
                  alias: srcpart_date_hour
                  filterExpr: (((ds is not null and hr is not null) and (date = '2008-04-08')) and (hour = 11)) (type: boolean)
                  Statistics: Num rows: 4 Data size: 1440 Basic stats: COMPLETE Column stats: NONE
                  Filter Operator
                    predicate: (((ds is not null and hr is not null) and (date = '2008-04-08')) and (hour = 11)) (type: boolean)
                    Statistics: Num rows: 1 Data size: 360 Basic stats: COMPLETE Column stats: NONE
                    Reduce Output Operator
                      key expressions: ds (type: string), hr (type: string)
                      sort order: ++
                      Map-reduce partition columns: ds (type: string), hr (type: string)
                      Statistics: Num rows: 1 Data size: 360 Basic stats: COMPLETE Column stats: NONE
                    Select Operator
                      expressions: ds (type: string)
                      outputColumnNames: _col0
                      Statistics: Num rows: 1 Data size: 360 Basic stats: COMPLETE Column stats: NONE
                      Group By Operator
                        keys: _col0 (type: string)
                        mode: hash
                        outputColumnNames: _col0
                        Statistics: Num rows: 1 Data size: 360 Basic stats: COMPLETE Column stats: NONE
                        Dynamic Partitioning Event Operator
                          Target Input: srcpart
                          Partition key expr: ds
                          Statistics: Num rows: 1 Data size: 360 Basic stats: COMPLETE Column stats: NONE
                          Target column: ds
                          Target Vertex: Map 1
                    Select Operator
                      expressions: hr (type: string)
                      outputColumnNames: _col0
                      Statistics: Num rows: 1 Data size: 360 Basic stats: COMPLETE Column stats: NONE
                      Group By Operator
                        keys: _col0 (type: string)
                        mode: hash
                        outputColumnNames: _col0
                        Statistics: Num rows: 1 Data size: 360 Basic stats: COMPLETE Column stats: NONE
                        Dynamic Partitioning Event Operator
                          Target Input: srcpart
                          Partition key expr: hr
                          Statistics: Num rows: 1 Data size: 360 Basic stats: COMPLETE Column stats: NONE
                          Target column: hr
                          Target Vertex: Map 1
        Reducer 2 
            Reduce Operator Tree:
              Merge Join Operator
                condition map:
                     Inner Join 0 to 1
                keys:
                  0 ds (type: string), hr (type: string)
                  1 ds (type: string), hr (type: string)
                outputColumnNames: _col2, _col3, _col7, _col9
                Statistics: Num rows: 2200 Data size: 23372 Basic stats: COMPLETE Column stats: NONE
                Filter Operator
                  predicate: ((_col2 = _col7) and (_col3 = _col9)) (type: boolean)
                  Statistics: Num rows: 550 Data size: 5843 Basic stats: COMPLETE Column stats: NONE
                  Select Operator
                    Statistics: Num rows: 550 Data size: 5843 Basic stats: COMPLETE Column stats: NONE
                    Group By Operator
                      aggregations: count()
                      mode: hash
                      outputColumnNames: _col0
                      Statistics: Num rows: 1 Data size: 8 Basic stats: COMPLETE Column stats: NONE
                      Reduce Output Operator
                        sort order: 
                        Statistics: Num rows: 1 Data size: 8 Basic stats: COMPLETE Column stats: NONE
                        value expressions: _col0 (type: bigint)
        Reducer 3 
            Reduce Operator Tree:
              Group By Operator
                aggregations: count(VALUE._col0)
                mode: mergepartial
                outputColumnNames: _col0
                Statistics: Num rows: 1 Data size: 8 Basic stats: COMPLETE Column stats: NONE
                File Output Operator
                  compressed: false
                  Statistics: Num rows: 1 Data size: 8 Basic stats: COMPLETE Column stats: NONE
                  table:
                      input format: org.apache.hadoop.mapred.TextInputFormat
                      output format: org.apache.hadoop.hive.ql.io.HiveIgnoreKeyTextOutputFormat
                      serde: org.apache.hadoop.hive.serde2.lazy.LazySimpleSerDe
            Execution mode: vectorized

  Stage: Stage-0
    Fetch Operator
      limit: -1
      Processor Tree:
        ListSink

PREHOOK: query: select count(*) from srcpart, srcpart_date_hour where srcpart_date_hour.`date` = '2008-04-08' and srcpart_date_hour.hour = 11 and srcpart.ds = srcpart_date_hour.ds and srcpart.hr = srcpart_date_hour.hr
PREHOOK: type: QUERY
PREHOOK: Input: default@srcpart
PREHOOK: Input: default@srcpart@ds=2008-04-08/hr=11
PREHOOK: Input: default@srcpart@ds=2008-04-08/hr=12
PREHOOK: Input: default@srcpart@ds=2008-04-09/hr=11
PREHOOK: Input: default@srcpart@ds=2008-04-09/hr=12
PREHOOK: Input: default@srcpart_date_hour
#### A masked pattern was here ####
POSTHOOK: query: select count(*) from srcpart, srcpart_date_hour where srcpart_date_hour.`date` = '2008-04-08' and srcpart_date_hour.hour = 11 and srcpart.ds = srcpart_date_hour.ds and srcpart.hr = srcpart_date_hour.hr
POSTHOOK: type: QUERY
POSTHOOK: Input: default@srcpart
POSTHOOK: Input: default@srcpart@ds=2008-04-08/hr=11
POSTHOOK: Input: default@srcpart@ds=2008-04-08/hr=12
POSTHOOK: Input: default@srcpart@ds=2008-04-09/hr=11
POSTHOOK: Input: default@srcpart@ds=2008-04-09/hr=12
POSTHOOK: Input: default@srcpart_date_hour
#### A masked pattern was here ####
500
PREHOOK: query: -- left join
EXPLAIN select count(*) from srcpart left join srcpart_date on (srcpart.ds = srcpart_date.ds) where srcpart_date.`date` = '2008-04-08'
PREHOOK: type: QUERY
POSTHOOK: query: -- left join
EXPLAIN select count(*) from srcpart left join srcpart_date on (srcpart.ds = srcpart_date.ds) where srcpart_date.`date` = '2008-04-08'
POSTHOOK: type: QUERY
STAGE DEPENDENCIES:
  Stage-1 is a root stage
  Stage-0 depends on stages: Stage-1

STAGE PLANS:
  Stage: Stage-1
    Tez
      Edges:
        Reducer 2 <- Map 1 (SIMPLE_EDGE), Map 4 (SIMPLE_EDGE)
        Reducer 3 <- Reducer 2 (SIMPLE_EDGE)
#### A masked pattern was here ####
      Vertices:
        Map 1 
            Map Operator Tree:
                TableScan
                  alias: srcpart
                  Statistics: Num rows: 2000 Data size: 21248 Basic stats: COMPLETE Column stats: NONE
                  Reduce Output Operator
                    key expressions: ds (type: string)
                    sort order: +
                    Map-reduce partition columns: ds (type: string)
                    Statistics: Num rows: 2000 Data size: 21248 Basic stats: COMPLETE Column stats: NONE
        Map 4 
            Map Operator Tree:
                TableScan
                  alias: srcpart_date
                  Statistics: Num rows: 2 Data size: 376 Basic stats: COMPLETE Column stats: NONE
                  Reduce Output Operator
                    key expressions: ds (type: string)
                    sort order: +
                    Map-reduce partition columns: ds (type: string)
                    Statistics: Num rows: 2 Data size: 376 Basic stats: COMPLETE Column stats: NONE
                    value expressions: date (type: string)
            Execution mode: vectorized
        Reducer 2 
            Reduce Operator Tree:
              Merge Join Operator
                condition map:
                     Left Outer Join0 to 1
                keys:
                  0 ds (type: string)
                  1 ds (type: string)
                outputColumnNames: _col8
                Statistics: Num rows: 2200 Data size: 23372 Basic stats: COMPLETE Column stats: NONE
                Filter Operator
                  predicate: (_col8 = '2008-04-08') (type: boolean)
                  Statistics: Num rows: 1100 Data size: 11686 Basic stats: COMPLETE Column stats: NONE
                  Select Operator
                    Statistics: Num rows: 1100 Data size: 11686 Basic stats: COMPLETE Column stats: NONE
                    Group By Operator
                      aggregations: count()
                      mode: hash
                      outputColumnNames: _col0
                      Statistics: Num rows: 1 Data size: 8 Basic stats: COMPLETE Column stats: NONE
                      Reduce Output Operator
                        sort order: 
                        Statistics: Num rows: 1 Data size: 8 Basic stats: COMPLETE Column stats: NONE
                        value expressions: _col0 (type: bigint)
        Reducer 3 
            Reduce Operator Tree:
              Group By Operator
                aggregations: count(VALUE._col0)
                mode: mergepartial
                outputColumnNames: _col0
                Statistics: Num rows: 1 Data size: 8 Basic stats: COMPLETE Column stats: NONE
                File Output Operator
                  compressed: false
                  Statistics: Num rows: 1 Data size: 8 Basic stats: COMPLETE Column stats: NONE
                  table:
                      input format: org.apache.hadoop.mapred.TextInputFormat
                      output format: org.apache.hadoop.hive.ql.io.HiveIgnoreKeyTextOutputFormat
                      serde: org.apache.hadoop.hive.serde2.lazy.LazySimpleSerDe
            Execution mode: vectorized

  Stage: Stage-0
    Fetch Operator
      limit: -1
      Processor Tree:
        ListSink

PREHOOK: query: EXPLAIN select count(*) from srcpart_date left join srcpart on (srcpart.ds = srcpart_date.ds) where srcpart_date.`date` = '2008-04-08'
PREHOOK: type: QUERY
POSTHOOK: query: EXPLAIN select count(*) from srcpart_date left join srcpart on (srcpart.ds = srcpart_date.ds) where srcpart_date.`date` = '2008-04-08'
POSTHOOK: type: QUERY
STAGE DEPENDENCIES:
  Stage-1 is a root stage
  Stage-0 depends on stages: Stage-1

STAGE PLANS:
  Stage: Stage-1
    Tez
      Edges:
        Reducer 2 <- Map 1 (SIMPLE_EDGE), Map 4 (SIMPLE_EDGE)
        Reducer 3 <- Reducer 2 (SIMPLE_EDGE)
#### A masked pattern was here ####
      Vertices:
        Map 1 
            Map Operator Tree:
                TableScan
                  alias: srcpart_date
                  filterExpr: (date = '2008-04-08') (type: boolean)
                  Statistics: Num rows: 2 Data size: 376 Basic stats: COMPLETE Column stats: NONE
                  Filter Operator
                    predicate: (date = '2008-04-08') (type: boolean)
                    Statistics: Num rows: 1 Data size: 188 Basic stats: COMPLETE Column stats: NONE
                    Reduce Output Operator
                      key expressions: ds (type: string)
                      sort order: +
                      Map-reduce partition columns: ds (type: string)
                      Statistics: Num rows: 1 Data size: 188 Basic stats: COMPLETE Column stats: NONE
                    Select Operator
                      expressions: ds (type: string)
                      outputColumnNames: _col0
                      Statistics: Num rows: 1 Data size: 188 Basic stats: COMPLETE Column stats: NONE
                      Group By Operator
                        keys: _col0 (type: string)
                        mode: hash
                        outputColumnNames: _col0
                        Statistics: Num rows: 1 Data size: 188 Basic stats: COMPLETE Column stats: NONE
                        Dynamic Partitioning Event Operator
                          Target Input: srcpart
                          Partition key expr: ds
                          Statistics: Num rows: 1 Data size: 188 Basic stats: COMPLETE Column stats: NONE
                          Target column: ds
                          Target Vertex: Map 4
            Execution mode: vectorized
        Map 4 
            Map Operator Tree:
                TableScan
                  alias: srcpart
                  Statistics: Num rows: 2000 Data size: 21248 Basic stats: COMPLETE Column stats: NONE
                  Reduce Output Operator
                    key expressions: ds (type: string)
                    sort order: +
                    Map-reduce partition columns: ds (type: string)
                    Statistics: Num rows: 2000 Data size: 21248 Basic stats: COMPLETE Column stats: NONE
        Reducer 2 
            Reduce Operator Tree:
              Merge Join Operator
                condition map:
                     Left Outer Join0 to 1
                keys:
                  0 ds (type: string)
                  1 ds (type: string)
                Statistics: Num rows: 2200 Data size: 23372 Basic stats: COMPLETE Column stats: NONE
                Group By Operator
                  aggregations: count()
                  mode: hash
                  outputColumnNames: _col0
                  Statistics: Num rows: 1 Data size: 8 Basic stats: COMPLETE Column stats: NONE
                  Reduce Output Operator
                    sort order: 
                    Statistics: Num rows: 1 Data size: 8 Basic stats: COMPLETE Column stats: NONE
                    value expressions: _col0 (type: bigint)
        Reducer 3 
            Reduce Operator Tree:
              Group By Operator
                aggregations: count(VALUE._col0)
                mode: mergepartial
                outputColumnNames: _col0
                Statistics: Num rows: 1 Data size: 8 Basic stats: COMPLETE Column stats: NONE
                File Output Operator
                  compressed: false
                  Statistics: Num rows: 1 Data size: 8 Basic stats: COMPLETE Column stats: NONE
                  table:
                      input format: org.apache.hadoop.mapred.TextInputFormat
                      output format: org.apache.hadoop.hive.ql.io.HiveIgnoreKeyTextOutputFormat
                      serde: org.apache.hadoop.hive.serde2.lazy.LazySimpleSerDe
            Execution mode: vectorized

  Stage: Stage-0
    Fetch Operator
      limit: -1
      Processor Tree:
        ListSink

PREHOOK: query: -- full outer
EXPLAIN select count(*) from srcpart full outer join srcpart_date on (srcpart.ds = srcpart_date.ds) where srcpart_date.`date` = '2008-04-08'
PREHOOK: type: QUERY
POSTHOOK: query: -- full outer
EXPLAIN select count(*) from srcpart full outer join srcpart_date on (srcpart.ds = srcpart_date.ds) where srcpart_date.`date` = '2008-04-08'
POSTHOOK: type: QUERY
STAGE DEPENDENCIES:
  Stage-1 is a root stage
  Stage-0 depends on stages: Stage-1

STAGE PLANS:
  Stage: Stage-1
    Tez
      Edges:
        Reducer 2 <- Map 1 (SIMPLE_EDGE), Map 4 (SIMPLE_EDGE)
        Reducer 3 <- Reducer 2 (SIMPLE_EDGE)
#### A masked pattern was here ####
      Vertices:
        Map 1 
            Map Operator Tree:
                TableScan
                  alias: srcpart
                  Statistics: Num rows: 2000 Data size: 21248 Basic stats: COMPLETE Column stats: NONE
                  Reduce Output Operator
                    key expressions: ds (type: string)
                    sort order: +
                    Map-reduce partition columns: ds (type: string)
                    Statistics: Num rows: 2000 Data size: 21248 Basic stats: COMPLETE Column stats: NONE
        Map 4 
            Map Operator Tree:
                TableScan
                  alias: srcpart_date
                  Statistics: Num rows: 2 Data size: 376 Basic stats: COMPLETE Column stats: NONE
                  Reduce Output Operator
                    key expressions: ds (type: string)
                    sort order: +
                    Map-reduce partition columns: ds (type: string)
                    Statistics: Num rows: 2 Data size: 376 Basic stats: COMPLETE Column stats: NONE
                    value expressions: date (type: string)
            Execution mode: vectorized
        Reducer 2 
            Reduce Operator Tree:
              Merge Join Operator
                condition map:
                     Outer Join 0 to 1
                keys:
                  0 ds (type: string)
                  1 ds (type: string)
                outputColumnNames: _col8
                Statistics: Num rows: 2200 Data size: 23372 Basic stats: COMPLETE Column stats: NONE
                Filter Operator
                  predicate: (_col8 = '2008-04-08') (type: boolean)
                  Statistics: Num rows: 1100 Data size: 11686 Basic stats: COMPLETE Column stats: NONE
                  Select Operator
                    Statistics: Num rows: 1100 Data size: 11686 Basic stats: COMPLETE Column stats: NONE
                    Group By Operator
                      aggregations: count()
                      mode: hash
                      outputColumnNames: _col0
                      Statistics: Num rows: 1 Data size: 8 Basic stats: COMPLETE Column stats: NONE
                      Reduce Output Operator
                        sort order: 
                        Statistics: Num rows: 1 Data size: 8 Basic stats: COMPLETE Column stats: NONE
                        value expressions: _col0 (type: bigint)
        Reducer 3 
            Reduce Operator Tree:
              Group By Operator
                aggregations: count(VALUE._col0)
                mode: mergepartial
                outputColumnNames: _col0
                Statistics: Num rows: 1 Data size: 8 Basic stats: COMPLETE Column stats: NONE
                File Output Operator
                  compressed: false
                  Statistics: Num rows: 1 Data size: 8 Basic stats: COMPLETE Column stats: NONE
                  table:
                      input format: org.apache.hadoop.mapred.TextInputFormat
                      output format: org.apache.hadoop.hive.ql.io.HiveIgnoreKeyTextOutputFormat
                      serde: org.apache.hadoop.hive.serde2.lazy.LazySimpleSerDe
            Execution mode: vectorized

  Stage: Stage-0
    Fetch Operator
      limit: -1
      Processor Tree:
        ListSink

PREHOOK: query: -- with static pruning
EXPLAIN select count(*) from srcpart join srcpart_date on (srcpart.ds = srcpart_date.ds) join srcpart_hour on (srcpart.hr = srcpart_hour.hr) 
where srcpart_date.`date` = '2008-04-08' and srcpart_hour.hour = 11 and srcpart.hr = 11
PREHOOK: type: QUERY
POSTHOOK: query: -- with static pruning
EXPLAIN select count(*) from srcpart join srcpart_date on (srcpart.ds = srcpart_date.ds) join srcpart_hour on (srcpart.hr = srcpart_hour.hr) 
where srcpart_date.`date` = '2008-04-08' and srcpart_hour.hour = 11 and srcpart.hr = 11
POSTHOOK: type: QUERY
STAGE DEPENDENCIES:
  Stage-1 is a root stage
  Stage-0 depends on stages: Stage-1

STAGE PLANS:
  Stage: Stage-1
    Tez
      Edges:
        Reducer 2 <- Map 1 (SIMPLE_EDGE), Map 5 (SIMPLE_EDGE)
        Reducer 3 <- Map 6 (SIMPLE_EDGE), Reducer 2 (SIMPLE_EDGE)
        Reducer 4 <- Reducer 3 (SIMPLE_EDGE)
#### A masked pattern was here ####
      Vertices:
        Map 1 
            Map Operator Tree:
                TableScan
                  alias: srcpart
                  filterExpr: (hr = 11) (type: boolean)
                  Statistics: Num rows: 1000 Data size: 10624 Basic stats: COMPLETE Column stats: NONE
                  Reduce Output Operator
                    key expressions: ds (type: string)
                    sort order: +
                    Map-reduce partition columns: ds (type: string)
                    Statistics: Num rows: 1000 Data size: 10624 Basic stats: COMPLETE Column stats: NONE
        Map 5 
            Map Operator Tree:
                TableScan
                  alias: srcpart_date
                  filterExpr: (ds is not null and (date = '2008-04-08')) (type: boolean)
                  Statistics: Num rows: 2 Data size: 376 Basic stats: COMPLETE Column stats: NONE
                  Filter Operator
                    predicate: (ds is not null and (date = '2008-04-08')) (type: boolean)
                    Statistics: Num rows: 1 Data size: 188 Basic stats: COMPLETE Column stats: NONE
                    Reduce Output Operator
                      key expressions: ds (type: string)
                      sort order: +
                      Map-reduce partition columns: ds (type: string)
                      Statistics: Num rows: 1 Data size: 188 Basic stats: COMPLETE Column stats: NONE
                    Select Operator
                      expressions: ds (type: string)
                      outputColumnNames: _col0
                      Statistics: Num rows: 1 Data size: 188 Basic stats: COMPLETE Column stats: NONE
                      Group By Operator
                        keys: _col0 (type: string)
                        mode: hash
                        outputColumnNames: _col0
                        Statistics: Num rows: 1 Data size: 188 Basic stats: COMPLETE Column stats: NONE
                        Dynamic Partitioning Event Operator
                          Target Input: srcpart
                          Partition key expr: ds
                          Statistics: Num rows: 1 Data size: 188 Basic stats: COMPLETE Column stats: NONE
                          Target column: ds
                          Target Vertex: Map 1
            Execution mode: vectorized
        Map 6 
            Map Operator Tree:
                TableScan
                  alias: srcpart_hour
                  filterExpr: ((hr is not null and (hour = 11)) and (hr = 11)) (type: boolean)
                  Statistics: Num rows: 2 Data size: 344 Basic stats: COMPLETE Column stats: NONE
                  Filter Operator
                    predicate: ((hr is not null and (hour = 11)) and (hr = 11)) (type: boolean)
                    Statistics: Num rows: 1 Data size: 172 Basic stats: COMPLETE Column stats: NONE
                    Reduce Output Operator
                      key expressions: '11' (type: string)
                      sort order: +
                      Map-reduce partition columns: '11' (type: string)
                      Statistics: Num rows: 1 Data size: 172 Basic stats: COMPLETE Column stats: NONE
                    Select Operator
                      expressions: '11' (type: string)
                      outputColumnNames: _col0
                      Statistics: Num rows: 1 Data size: 172 Basic stats: COMPLETE Column stats: NONE
                      Group By Operator
                        keys: _col0 (type: string)
                        mode: hash
                        outputColumnNames: _col0
                        Statistics: Num rows: 1 Data size: 172 Basic stats: COMPLETE Column stats: NONE
                        Dynamic Partitioning Event Operator
                          Target Input: srcpart
                          Partition key expr: hr
                          Statistics: Num rows: 1 Data size: 172 Basic stats: COMPLETE Column stats: NONE
                          Target column: hr
                          Target Vertex: Map 1
        Reducer 2 
            Reduce Operator Tree:
              Merge Join Operator
                condition map:
                     Inner Join 0 to 1
                keys:
                  0 ds (type: string)
                  1 ds (type: string)
                Statistics: Num rows: 1100 Data size: 11686 Basic stats: COMPLETE Column stats: NONE
                Reduce Output Operator
                  key expressions: '11' (type: string)
                  sort order: +
                  Map-reduce partition columns: '11' (type: string)
                  Statistics: Num rows: 1100 Data size: 11686 Basic stats: COMPLETE Column stats: NONE
        Reducer 3 
            Reduce Operator Tree:
              Merge Join Operator
                condition map:
                     Inner Join 0 to 1
                keys:
                  0 '11' (type: string)
                  1 '11' (type: string)
                Statistics: Num rows: 1210 Data size: 12854 Basic stats: COMPLETE Column stats: NONE
                Group By Operator
                  aggregations: count()
                  mode: hash
                  outputColumnNames: _col0
                  Statistics: Num rows: 1 Data size: 8 Basic stats: COMPLETE Column stats: NONE
                  Reduce Output Operator
                    sort order: 
                    Statistics: Num rows: 1 Data size: 8 Basic stats: COMPLETE Column stats: NONE
                    value expressions: _col0 (type: bigint)
        Reducer 4 
            Reduce Operator Tree:
              Group By Operator
                aggregations: count(VALUE._col0)
                mode: mergepartial
                outputColumnNames: _col0
                Statistics: Num rows: 1 Data size: 8 Basic stats: COMPLETE Column stats: NONE
                File Output Operator
                  compressed: false
                  Statistics: Num rows: 1 Data size: 8 Basic stats: COMPLETE Column stats: NONE
                  table:
                      input format: org.apache.hadoop.mapred.TextInputFormat
                      output format: org.apache.hadoop.hive.ql.io.HiveIgnoreKeyTextOutputFormat
                      serde: org.apache.hadoop.hive.serde2.lazy.LazySimpleSerDe
            Execution mode: vectorized

  Stage: Stage-0
    Fetch Operator
      limit: -1
      Processor Tree:
        ListSink

PREHOOK: query: select count(*) from srcpart join srcpart_date on (srcpart.ds = srcpart_date.ds) join srcpart_hour on (srcpart.hr = srcpart_hour.hr) 
where srcpart_date.`date` = '2008-04-08' and srcpart_hour.hour = 11 and srcpart.hr = 11
PREHOOK: type: QUERY
PREHOOK: Input: default@srcpart
PREHOOK: Input: default@srcpart@ds=2008-04-08/hr=11
PREHOOK: Input: default@srcpart@ds=2008-04-09/hr=11
PREHOOK: Input: default@srcpart_date
PREHOOK: Input: default@srcpart_hour
#### A masked pattern was here ####
POSTHOOK: query: select count(*) from srcpart join srcpart_date on (srcpart.ds = srcpart_date.ds) join srcpart_hour on (srcpart.hr = srcpart_hour.hr) 
where srcpart_date.`date` = '2008-04-08' and srcpart_hour.hour = 11 and srcpart.hr = 11
POSTHOOK: type: QUERY
POSTHOOK: Input: default@srcpart
POSTHOOK: Input: default@srcpart@ds=2008-04-08/hr=11
POSTHOOK: Input: default@srcpart@ds=2008-04-09/hr=11
POSTHOOK: Input: default@srcpart_date
POSTHOOK: Input: default@srcpart_hour
#### A masked pattern was here ####
500
PREHOOK: query: EXPLAIN select count(*) from srcpart join srcpart_date on (srcpart.ds = srcpart_date.ds) join srcpart_hour on (srcpart.hr = srcpart_hour.hr) 
where srcpart_date.`date` = '2008-04-08' and srcpart.hr = 13
PREHOOK: type: QUERY
POSTHOOK: query: EXPLAIN select count(*) from srcpart join srcpart_date on (srcpart.ds = srcpart_date.ds) join srcpart_hour on (srcpart.hr = srcpart_hour.hr) 
where srcpart_date.`date` = '2008-04-08' and srcpart.hr = 13
POSTHOOK: type: QUERY
STAGE DEPENDENCIES:
  Stage-1 is a root stage
  Stage-0 depends on stages: Stage-1

STAGE PLANS:
  Stage: Stage-1
    Tez
      Edges:
        Reducer 2 <- Map 1 (SIMPLE_EDGE), Map 5 (SIMPLE_EDGE)
        Reducer 3 <- Map 6 (SIMPLE_EDGE), Reducer 2 (SIMPLE_EDGE)
        Reducer 4 <- Reducer 3 (SIMPLE_EDGE)
#### A masked pattern was here ####
      Vertices:
        Map 1 
            Map Operator Tree:
                TableScan
                  alias: srcpart
                  filterExpr: ((ds is not null and hr is not null) and (hr = 13)) (type: boolean)
                  Statistics: Num rows: 1 Data size: 0 Basic stats: PARTIAL Column stats: NONE
                  Filter Operator
                    predicate: ((ds is not null and hr is not null) and (hr = 13)) (type: boolean)
                    Statistics: Num rows: 1 Data size: 0 Basic stats: PARTIAL Column stats: NONE
                    Reduce Output Operator
                      key expressions: ds (type: string)
                      sort order: +
                      Map-reduce partition columns: ds (type: string)
                      Statistics: Num rows: 1 Data size: 0 Basic stats: PARTIAL Column stats: NONE
        Map 5 
            Map Operator Tree:
                TableScan
                  alias: srcpart_date
                  filterExpr: (ds is not null and (date = '2008-04-08')) (type: boolean)
                  Statistics: Num rows: 2 Data size: 376 Basic stats: COMPLETE Column stats: NONE
                  Filter Operator
                    predicate: (ds is not null and (date = '2008-04-08')) (type: boolean)
                    Statistics: Num rows: 1 Data size: 188 Basic stats: COMPLETE Column stats: NONE
                    Reduce Output Operator
                      key expressions: ds (type: string)
                      sort order: +
                      Map-reduce partition columns: ds (type: string)
                      Statistics: Num rows: 1 Data size: 188 Basic stats: COMPLETE Column stats: NONE
            Execution mode: vectorized
        Map 6 
            Map Operator Tree:
                TableScan
                  alias: srcpart_hour
                  filterExpr: (hr = 13) (type: boolean)
                  Statistics: Num rows: 2 Data size: 344 Basic stats: COMPLETE Column stats: NONE
                  Filter Operator
                    predicate: (hr = 13) (type: boolean)
                    Statistics: Num rows: 1 Data size: 172 Basic stats: COMPLETE Column stats: NONE
                    Reduce Output Operator
                      key expressions: '13' (type: string)
                      sort order: +
                      Map-reduce partition columns: '13' (type: string)
                      Statistics: Num rows: 1 Data size: 172 Basic stats: COMPLETE Column stats: NONE
        Reducer 2 
            Reduce Operator Tree:
              Merge Join Operator
                condition map:
                     Inner Join 0 to 1
                keys:
                  0 ds (type: string)
                  1 ds (type: string)
                Statistics: Num rows: 1 Data size: 0 Basic stats: PARTIAL Column stats: NONE
                Reduce Output Operator
                  key expressions: '13' (type: string)
                  sort order: +
                  Map-reduce partition columns: '13' (type: string)
                  Statistics: Num rows: 1 Data size: 0 Basic stats: PARTIAL Column stats: NONE
        Reducer 3 
            Reduce Operator Tree:
              Merge Join Operator
                condition map:
                     Inner Join 0 to 1
                keys:
                  0 '13' (type: string)
                  1 '13' (type: string)
                Statistics: Num rows: 1 Data size: 0 Basic stats: PARTIAL Column stats: NONE
                Group By Operator
                  aggregations: count()
                  mode: hash
                  outputColumnNames: _col0
                  Statistics: Num rows: 1 Data size: 8 Basic stats: COMPLETE Column stats: NONE
                  Reduce Output Operator
                    sort order: 
                    Statistics: Num rows: 1 Data size: 8 Basic stats: COMPLETE Column stats: NONE
                    value expressions: _col0 (type: bigint)
        Reducer 4 
            Reduce Operator Tree:
              Group By Operator
                aggregations: count(VALUE._col0)
                mode: mergepartial
                outputColumnNames: _col0
                Statistics: Num rows: 1 Data size: 8 Basic stats: COMPLETE Column stats: NONE
                File Output Operator
                  compressed: false
                  Statistics: Num rows: 1 Data size: 8 Basic stats: COMPLETE Column stats: NONE
                  table:
                      input format: org.apache.hadoop.mapred.TextInputFormat
                      output format: org.apache.hadoop.hive.ql.io.HiveIgnoreKeyTextOutputFormat
                      serde: org.apache.hadoop.hive.serde2.lazy.LazySimpleSerDe
            Execution mode: vectorized

  Stage: Stage-0
    Fetch Operator
      limit: -1
      Processor Tree:
        ListSink

PREHOOK: query: select count(*) from srcpart join srcpart_date on (srcpart.ds = srcpart_date.ds) join srcpart_hour on (srcpart.hr = srcpart_hour.hr) 
where srcpart_date.`date` = '2008-04-08' and srcpart.hr = 13
PREHOOK: type: QUERY
PREHOOK: Input: default@srcpart
PREHOOK: Input: default@srcpart_date
PREHOOK: Input: default@srcpart_hour
#### A masked pattern was here ####
POSTHOOK: query: select count(*) from srcpart join srcpart_date on (srcpart.ds = srcpart_date.ds) join srcpart_hour on (srcpart.hr = srcpart_hour.hr) 
where srcpart_date.`date` = '2008-04-08' and srcpart.hr = 13
POSTHOOK: type: QUERY
POSTHOOK: Input: default@srcpart
POSTHOOK: Input: default@srcpart_date
POSTHOOK: Input: default@srcpart_hour
#### A masked pattern was here ####
0
PREHOOK: query: -- union + subquery
EXPLAIN select count(*) from srcpart where srcpart.ds in (select max(srcpart.ds) from srcpart union all select min(srcpart.ds) from srcpart)
PREHOOK: type: QUERY
POSTHOOK: query: -- union + subquery
EXPLAIN select count(*) from srcpart where srcpart.ds in (select max(srcpart.ds) from srcpart union all select min(srcpart.ds) from srcpart)
POSTHOOK: type: QUERY
STAGE DEPENDENCIES:
  Stage-1 is a root stage
  Stage-0 depends on stages: Stage-1

STAGE PLANS:
  Stage: Stage-1
    Tez
      Edges:
        Reducer 2 <- Map 1 (SIMPLE_EDGE), Union 6 (SIMPLE_EDGE)
        Reducer 3 <- Reducer 2 (SIMPLE_EDGE)
        Reducer 5 <- Map 4 (SIMPLE_EDGE), Union 6 (CONTAINS)
        Reducer 8 <- Map 7 (SIMPLE_EDGE), Union 6 (CONTAINS)
#### A masked pattern was here ####
      Vertices:
        Map 1 
            Map Operator Tree:
                TableScan
                  alias: srcpart
                  filterExpr: ds is not null (type: boolean)
                  Statistics: Num rows: 2000 Data size: 21248 Basic stats: COMPLETE Column stats: NONE
                  Select Operator
                    expressions: ds (type: string)
                    outputColumnNames: _col0
                    Statistics: Num rows: 2000 Data size: 21248 Basic stats: COMPLETE Column stats: NONE
                    Reduce Output Operator
                      key expressions: _col0 (type: string)
                      sort order: +
                      Map-reduce partition columns: _col0 (type: string)
                      Statistics: Num rows: 2000 Data size: 21248 Basic stats: COMPLETE Column stats: NONE
        Map 4 
            Map Operator Tree:
                TableScan
                  alias: srcpart
                  Statistics: Num rows: 2000 Data size: 21248 Basic stats: COMPLETE Column stats: NONE
                  Select Operator
                    expressions: ds (type: string)
                    outputColumnNames: _col0
                    Statistics: Num rows: 2000 Data size: 21248 Basic stats: COMPLETE Column stats: NONE
                    Group By Operator
                      aggregations: max(_col0)
                      mode: hash
                      outputColumnNames: _col0
                      Statistics: Num rows: 1 Data size: 84 Basic stats: COMPLETE Column stats: NONE
                      Reduce Output Operator
                        sort order: 
                        Statistics: Num rows: 1 Data size: 84 Basic stats: COMPLETE Column stats: NONE
                        value expressions: _col0 (type: string)
        Map 7 
            Map Operator Tree:
                TableScan
                  alias: srcpart
                  Statistics: Num rows: 2000 Data size: 21248 Basic stats: COMPLETE Column stats: NONE
                  Select Operator
                    expressions: ds (type: string)
                    outputColumnNames: _col0
                    Statistics: Num rows: 2000 Data size: 21248 Basic stats: COMPLETE Column stats: NONE
                    Group By Operator
                      aggregations: min(_col0)
                      mode: hash
                      outputColumnNames: _col0
                      Statistics: Num rows: 1 Data size: 84 Basic stats: COMPLETE Column stats: NONE
                      Reduce Output Operator
                        sort order: 
                        Statistics: Num rows: 1 Data size: 84 Basic stats: COMPLETE Column stats: NONE
                        value expressions: _col0 (type: string)
        Reducer 2 
            Reduce Operator Tree:
              Merge Join Operator
                condition map:
                     Left Semi Join 0 to 1
                keys:
                  0 _col0 (type: string)
                  1 _col0 (type: string)
                Statistics: Num rows: 2200 Data size: 23372 Basic stats: COMPLETE Column stats: NONE
                Group By Operator
                  aggregations: count()
                  mode: hash
                  outputColumnNames: _col0
                  Statistics: Num rows: 1 Data size: 8 Basic stats: COMPLETE Column stats: NONE
                  Reduce Output Operator
                    sort order: 
                    Statistics: Num rows: 1 Data size: 8 Basic stats: COMPLETE Column stats: NONE
                    value expressions: _col0 (type: bigint)
        Reducer 3 
            Reduce Operator Tree:
              Group By Operator
                aggregations: count(VALUE._col0)
                mode: mergepartial
                outputColumnNames: _col0
                Statistics: Num rows: 1 Data size: 8 Basic stats: COMPLETE Column stats: NONE
                File Output Operator
                  compressed: false
                  Statistics: Num rows: 1 Data size: 8 Basic stats: COMPLETE Column stats: NONE
                  table:
                      input format: org.apache.hadoop.mapred.TextInputFormat
                      output format: org.apache.hadoop.hive.ql.io.HiveIgnoreKeyTextOutputFormat
                      serde: org.apache.hadoop.hive.serde2.lazy.LazySimpleSerDe
            Execution mode: vectorized
        Reducer 5 
            Reduce Operator Tree:
              Group By Operator
                aggregations: max(VALUE._col0)
                mode: mergepartial
                outputColumnNames: _col0
                Statistics: Num rows: 1 Data size: 84 Basic stats: COMPLETE Column stats: NONE
                Filter Operator
                  predicate: _col0 is not null (type: boolean)
                  Statistics: Num rows: 1 Data size: 84 Basic stats: COMPLETE Column stats: NONE
                  Group By Operator
                    keys: _col0 (type: string)
                    mode: hash
                    outputColumnNames: _col0
                    Statistics: Num rows: 2 Data size: 168 Basic stats: COMPLETE Column stats: NONE
                    Reduce Output Operator
                      key expressions: _col0 (type: string)
                      sort order: +
                      Map-reduce partition columns: _col0 (type: string)
                      Statistics: Num rows: 2 Data size: 168 Basic stats: COMPLETE Column stats: NONE
                    Select Operator
                      expressions: _col0 (type: string)
                      outputColumnNames: _col0
                      Statistics: Num rows: 2 Data size: 168 Basic stats: COMPLETE Column stats: NONE
                      Group By Operator
                        keys: _col0 (type: string)
                        mode: hash
                        outputColumnNames: _col0
                        Statistics: Num rows: 2 Data size: 168 Basic stats: COMPLETE Column stats: NONE
                        Dynamic Partitioning Event Operator
                          Target Input: srcpart
                          Partition key expr: ds
                          Statistics: Num rows: 2 Data size: 168 Basic stats: COMPLETE Column stats: NONE
                          Target column: ds
                          Target Vertex: Map 1
        Reducer 8 
            Reduce Operator Tree:
              Group By Operator
                aggregations: min(VALUE._col0)
                mode: mergepartial
                outputColumnNames: _col0
                Statistics: Num rows: 1 Data size: 84 Basic stats: COMPLETE Column stats: NONE
                Filter Operator
                  predicate: _col0 is not null (type: boolean)
                  Statistics: Num rows: 1 Data size: 84 Basic stats: COMPLETE Column stats: NONE
                  Group By Operator
                    keys: _col0 (type: string)
                    mode: hash
                    outputColumnNames: _col0
                    Statistics: Num rows: 2 Data size: 168 Basic stats: COMPLETE Column stats: NONE
                    Reduce Output Operator
                      key expressions: _col0 (type: string)
                      sort order: +
                      Map-reduce partition columns: _col0 (type: string)
                      Statistics: Num rows: 2 Data size: 168 Basic stats: COMPLETE Column stats: NONE
                    Select Operator
                      expressions: _col0 (type: string)
                      outputColumnNames: _col0
                      Statistics: Num rows: 2 Data size: 168 Basic stats: COMPLETE Column stats: NONE
                      Group By Operator
                        keys: _col0 (type: string)
                        mode: hash
                        outputColumnNames: _col0
                        Statistics: Num rows: 2 Data size: 168 Basic stats: COMPLETE Column stats: NONE
                        Dynamic Partitioning Event Operator
                          Target Input: srcpart
                          Partition key expr: ds
                          Statistics: Num rows: 2 Data size: 168 Basic stats: COMPLETE Column stats: NONE
                          Target column: ds
                          Target Vertex: Map 1
        Union 6 
            Vertex: Union 6

  Stage: Stage-0
    Fetch Operator
      limit: -1
      Processor Tree:
        ListSink

PREHOOK: query: select count(*) from srcpart where srcpart.ds in (select max(srcpart.ds) from srcpart union all select min(srcpart.ds) from srcpart)
PREHOOK: type: QUERY
PREHOOK: Input: default@srcpart
PREHOOK: Input: default@srcpart@ds=2008-04-08/hr=11
PREHOOK: Input: default@srcpart@ds=2008-04-08/hr=12
PREHOOK: Input: default@srcpart@ds=2008-04-09/hr=11
PREHOOK: Input: default@srcpart@ds=2008-04-09/hr=12
#### A masked pattern was here ####
POSTHOOK: query: select count(*) from srcpart where srcpart.ds in (select max(srcpart.ds) from srcpart union all select min(srcpart.ds) from srcpart)
POSTHOOK: type: QUERY
POSTHOOK: Input: default@srcpart
POSTHOOK: Input: default@srcpart@ds=2008-04-08/hr=11
POSTHOOK: Input: default@srcpart@ds=2008-04-08/hr=12
POSTHOOK: Input: default@srcpart@ds=2008-04-09/hr=11
POSTHOOK: Input: default@srcpart@ds=2008-04-09/hr=12
#### A masked pattern was here ####
2000
PREHOOK: query: EXPLAIN select distinct(ds) from srcpart where srcpart.ds in (select max(srcpart.ds) from srcpart union all select min(srcpart.ds) from srcpart)
PREHOOK: type: QUERY
POSTHOOK: query: EXPLAIN select distinct(ds) from srcpart where srcpart.ds in (select max(srcpart.ds) from srcpart union all select min(srcpart.ds) from srcpart)
POSTHOOK: type: QUERY
STAGE DEPENDENCIES:
  Stage-1 is a root stage
  Stage-0 depends on stages: Stage-1

STAGE PLANS:
  Stage: Stage-1
    Tez
      Edges:
        Reducer 2 <- Map 1 (SIMPLE_EDGE), Union 6 (SIMPLE_EDGE)
        Reducer 3 <- Reducer 2 (SIMPLE_EDGE)
        Reducer 5 <- Map 4 (SIMPLE_EDGE), Union 6 (CONTAINS)
        Reducer 8 <- Map 7 (SIMPLE_EDGE), Union 6 (CONTAINS)
#### A masked pattern was here ####
      Vertices:
        Map 1 
            Map Operator Tree:
                TableScan
                  alias: srcpart
                  filterExpr: ds is not null (type: boolean)
                  Statistics: Num rows: 2000 Data size: 21248 Basic stats: COMPLETE Column stats: NONE
                  Select Operator
                    expressions: ds (type: string)
                    outputColumnNames: _col0
                    Statistics: Num rows: 2000 Data size: 21248 Basic stats: COMPLETE Column stats: NONE
                    Reduce Output Operator
                      key expressions: _col0 (type: string)
                      sort order: +
                      Map-reduce partition columns: _col0 (type: string)
                      Statistics: Num rows: 2000 Data size: 21248 Basic stats: COMPLETE Column stats: NONE
        Map 4 
            Map Operator Tree:
                TableScan
                  alias: srcpart
                  Statistics: Num rows: 2000 Data size: 21248 Basic stats: COMPLETE Column stats: NONE
                  Select Operator
                    expressions: ds (type: string)
                    outputColumnNames: _col0
                    Statistics: Num rows: 2000 Data size: 21248 Basic stats: COMPLETE Column stats: NONE
                    Group By Operator
                      aggregations: max(_col0)
                      mode: hash
                      outputColumnNames: _col0
                      Statistics: Num rows: 1 Data size: 84 Basic stats: COMPLETE Column stats: NONE
                      Reduce Output Operator
                        sort order: 
                        Statistics: Num rows: 1 Data size: 84 Basic stats: COMPLETE Column stats: NONE
                        value expressions: _col0 (type: string)
        Map 7 
            Map Operator Tree:
                TableScan
                  alias: srcpart
                  Statistics: Num rows: 2000 Data size: 21248 Basic stats: COMPLETE Column stats: NONE
                  Select Operator
                    expressions: ds (type: string)
                    outputColumnNames: _col0
                    Statistics: Num rows: 2000 Data size: 21248 Basic stats: COMPLETE Column stats: NONE
                    Group By Operator
                      aggregations: min(_col0)
                      mode: hash
                      outputColumnNames: _col0
                      Statistics: Num rows: 1 Data size: 84 Basic stats: COMPLETE Column stats: NONE
                      Reduce Output Operator
                        sort order: 
                        Statistics: Num rows: 1 Data size: 84 Basic stats: COMPLETE Column stats: NONE
                        value expressions: _col0 (type: string)
        Reducer 2 
            Reduce Operator Tree:
              Merge Join Operator
                condition map:
                     Left Semi Join 0 to 1
                keys:
                  0 _col0 (type: string)
                  1 _col0 (type: string)
                outputColumnNames: _col0
                Statistics: Num rows: 2200 Data size: 23372 Basic stats: COMPLETE Column stats: NONE
                Group By Operator
                  keys: _col0 (type: string)
                  mode: hash
                  outputColumnNames: _col0
                  Statistics: Num rows: 2200 Data size: 23372 Basic stats: COMPLETE Column stats: NONE
                  Reduce Output Operator
                    key expressions: _col0 (type: string)
                    sort order: +
                    Map-reduce partition columns: _col0 (type: string)
                    Statistics: Num rows: 2200 Data size: 23372 Basic stats: COMPLETE Column stats: NONE
        Reducer 3 
            Reduce Operator Tree:
              Group By Operator
                keys: KEY._col0 (type: string)
                mode: mergepartial
                outputColumnNames: _col0
                Statistics: Num rows: 1100 Data size: 11686 Basic stats: COMPLETE Column stats: NONE
                File Output Operator
                  compressed: false
                  Statistics: Num rows: 1100 Data size: 11686 Basic stats: COMPLETE Column stats: NONE
                  table:
                      input format: org.apache.hadoop.mapred.TextInputFormat
                      output format: org.apache.hadoop.hive.ql.io.HiveIgnoreKeyTextOutputFormat
                      serde: org.apache.hadoop.hive.serde2.lazy.LazySimpleSerDe
            Execution mode: vectorized
        Reducer 5 
            Reduce Operator Tree:
              Group By Operator
                aggregations: max(VALUE._col0)
                mode: mergepartial
                outputColumnNames: _col0
                Statistics: Num rows: 1 Data size: 84 Basic stats: COMPLETE Column stats: NONE
                Filter Operator
                  predicate: _col0 is not null (type: boolean)
                  Statistics: Num rows: 1 Data size: 84 Basic stats: COMPLETE Column stats: NONE
                  Group By Operator
                    keys: _col0 (type: string)
                    mode: hash
                    outputColumnNames: _col0
                    Statistics: Num rows: 2 Data size: 168 Basic stats: COMPLETE Column stats: NONE
                    Reduce Output Operator
                      key expressions: _col0 (type: string)
                      sort order: +
                      Map-reduce partition columns: _col0 (type: string)
                      Statistics: Num rows: 2 Data size: 168 Basic stats: COMPLETE Column stats: NONE
                    Select Operator
                      expressions: _col0 (type: string)
                      outputColumnNames: _col0
                      Statistics: Num rows: 2 Data size: 168 Basic stats: COMPLETE Column stats: NONE
                      Group By Operator
                        keys: _col0 (type: string)
                        mode: hash
                        outputColumnNames: _col0
                        Statistics: Num rows: 2 Data size: 168 Basic stats: COMPLETE Column stats: NONE
                        Dynamic Partitioning Event Operator
                          Target Input: srcpart
                          Partition key expr: ds
                          Statistics: Num rows: 2 Data size: 168 Basic stats: COMPLETE Column stats: NONE
                          Target column: ds
                          Target Vertex: Map 1
        Reducer 8 
            Reduce Operator Tree:
              Group By Operator
                aggregations: min(VALUE._col0)
                mode: mergepartial
                outputColumnNames: _col0
                Statistics: Num rows: 1 Data size: 84 Basic stats: COMPLETE Column stats: NONE
                Filter Operator
                  predicate: _col0 is not null (type: boolean)
                  Statistics: Num rows: 1 Data size: 84 Basic stats: COMPLETE Column stats: NONE
                  Group By Operator
                    keys: _col0 (type: string)
                    mode: hash
                    outputColumnNames: _col0
                    Statistics: Num rows: 2 Data size: 168 Basic stats: COMPLETE Column stats: NONE
                    Reduce Output Operator
                      key expressions: _col0 (type: string)
                      sort order: +
                      Map-reduce partition columns: _col0 (type: string)
                      Statistics: Num rows: 2 Data size: 168 Basic stats: COMPLETE Column stats: NONE
                    Select Operator
                      expressions: _col0 (type: string)
                      outputColumnNames: _col0
                      Statistics: Num rows: 2 Data size: 168 Basic stats: COMPLETE Column stats: NONE
                      Group By Operator
                        keys: _col0 (type: string)
                        mode: hash
                        outputColumnNames: _col0
                        Statistics: Num rows: 2 Data size: 168 Basic stats: COMPLETE Column stats: NONE
                        Dynamic Partitioning Event Operator
                          Target Input: srcpart
                          Partition key expr: ds
                          Statistics: Num rows: 2 Data size: 168 Basic stats: COMPLETE Column stats: NONE
                          Target column: ds
                          Target Vertex: Map 1
        Union 6 
            Vertex: Union 6

  Stage: Stage-0
    Fetch Operator
      limit: -1
      Processor Tree:
        ListSink

PREHOOK: query: select distinct(ds) from srcpart where srcpart.ds in (select max(srcpart.ds) from srcpart union all select min(srcpart.ds) from srcpart)
PREHOOK: type: QUERY
PREHOOK: Input: default@srcpart
PREHOOK: Input: default@srcpart@ds=2008-04-08/hr=11
PREHOOK: Input: default@srcpart@ds=2008-04-08/hr=12
PREHOOK: Input: default@srcpart@ds=2008-04-09/hr=11
PREHOOK: Input: default@srcpart@ds=2008-04-09/hr=12
#### A masked pattern was here ####
POSTHOOK: query: select distinct(ds) from srcpart where srcpart.ds in (select max(srcpart.ds) from srcpart union all select min(srcpart.ds) from srcpart)
POSTHOOK: type: QUERY
POSTHOOK: Input: default@srcpart
POSTHOOK: Input: default@srcpart@ds=2008-04-08/hr=11
POSTHOOK: Input: default@srcpart@ds=2008-04-08/hr=12
POSTHOOK: Input: default@srcpart@ds=2008-04-09/hr=11
POSTHOOK: Input: default@srcpart@ds=2008-04-09/hr=12
#### A masked pattern was here ####
2008-04-08
2008-04-09
PREHOOK: query: EXPLAIN select ds from (select distinct(ds) as ds from srcpart union all select distinct(ds) as ds from srcpart) s where s.ds in (select max(srcpart.ds) from srcpart union all select min(srcpart.ds) from srcpart)
PREHOOK: type: QUERY
POSTHOOK: query: EXPLAIN select ds from (select distinct(ds) as ds from srcpart union all select distinct(ds) as ds from srcpart) s where s.ds in (select max(srcpart.ds) from srcpart union all select min(srcpart.ds) from srcpart)
POSTHOOK: type: QUERY
STAGE DEPENDENCIES:
  Stage-1 is a root stage
  Stage-0 depends on stages: Stage-1

STAGE PLANS:
  Stage: Stage-1
    Tez
      Edges:
        Reducer 11 <- Map 10 (SIMPLE_EDGE), Union 9 (CONTAINS)
        Reducer 2 <- Map 1 (SIMPLE_EDGE), Union 3 (CONTAINS)
        Reducer 4 <- Union 3 (SIMPLE_EDGE), Union 9 (SIMPLE_EDGE)
        Reducer 6 <- Map 5 (SIMPLE_EDGE), Union 3 (CONTAINS)
        Reducer 8 <- Map 7 (SIMPLE_EDGE), Union 9 (CONTAINS)
#### A masked pattern was here ####
      Vertices:
        Map 1 
            Map Operator Tree:
                TableScan
                  alias: srcpart
                  filterExpr: ds is not null (type: boolean)
                  Statistics: Num rows: 2000 Data size: 21248 Basic stats: COMPLETE Column stats: NONE
                  Select Operator
                    expressions: ds (type: string)
                    outputColumnNames: _col0
                    Statistics: Num rows: 2000 Data size: 21248 Basic stats: COMPLETE Column stats: NONE
                    Group By Operator
                      keys: _col0 (type: string)
                      mode: hash
                      outputColumnNames: _col0
                      Statistics: Num rows: 2000 Data size: 21248 Basic stats: COMPLETE Column stats: NONE
                      Reduce Output Operator
                        key expressions: _col0 (type: string)
                        sort order: +
                        Map-reduce partition columns: _col0 (type: string)
                        Statistics: Num rows: 2000 Data size: 21248 Basic stats: COMPLETE Column stats: NONE
        Map 10 
            Map Operator Tree:
                TableScan
                  alias: srcpart
                  Statistics: Num rows: 2000 Data size: 21248 Basic stats: COMPLETE Column stats: NONE
                  Select Operator
                    expressions: ds (type: string)
                    outputColumnNames: _col0
                    Statistics: Num rows: 2000 Data size: 21248 Basic stats: COMPLETE Column stats: NONE
                    Group By Operator
                      aggregations: min(_col0)
                      mode: hash
                      outputColumnNames: _col0
                      Statistics: Num rows: 1 Data size: 84 Basic stats: COMPLETE Column stats: NONE
                      Reduce Output Operator
                        sort order: 
                        Statistics: Num rows: 1 Data size: 84 Basic stats: COMPLETE Column stats: NONE
                        value expressions: _col0 (type: string)
        Map 5 
            Map Operator Tree:
                TableScan
                  alias: srcpart
                  filterExpr: ds is not null (type: boolean)
                  Statistics: Num rows: 2000 Data size: 21248 Basic stats: COMPLETE Column stats: NONE
                  Select Operator
                    expressions: ds (type: string)
                    outputColumnNames: _col0
                    Statistics: Num rows: 2000 Data size: 21248 Basic stats: COMPLETE Column stats: NONE
                    Group By Operator
                      keys: _col0 (type: string)
                      mode: hash
                      outputColumnNames: _col0
                      Statistics: Num rows: 2000 Data size: 21248 Basic stats: COMPLETE Column stats: NONE
                      Reduce Output Operator
                        key expressions: _col0 (type: string)
                        sort order: +
                        Map-reduce partition columns: _col0 (type: string)
                        Statistics: Num rows: 2000 Data size: 21248 Basic stats: COMPLETE Column stats: NONE
        Map 7 
            Map Operator Tree:
                TableScan
                  alias: srcpart
                  Statistics: Num rows: 2000 Data size: 21248 Basic stats: COMPLETE Column stats: NONE
                  Select Operator
                    expressions: ds (type: string)
                    outputColumnNames: _col0
                    Statistics: Num rows: 2000 Data size: 21248 Basic stats: COMPLETE Column stats: NONE
                    Group By Operator
                      aggregations: max(_col0)
                      mode: hash
                      outputColumnNames: _col0
                      Statistics: Num rows: 1 Data size: 84 Basic stats: COMPLETE Column stats: NONE
                      Reduce Output Operator
                        sort order: 
                        Statistics: Num rows: 1 Data size: 84 Basic stats: COMPLETE Column stats: NONE
                        value expressions: _col0 (type: string)
        Reducer 11 
            Reduce Operator Tree:
              Group By Operator
                aggregations: min(VALUE._col0)
                mode: mergepartial
                outputColumnNames: _col0
                Statistics: Num rows: 1 Data size: 84 Basic stats: COMPLETE Column stats: NONE
                Filter Operator
                  predicate: _col0 is not null (type: boolean)
                  Statistics: Num rows: 1 Data size: 84 Basic stats: COMPLETE Column stats: NONE
                  Group By Operator
                    keys: _col0 (type: string)
                    mode: hash
                    outputColumnNames: _col0
                    Statistics: Num rows: 2 Data size: 168 Basic stats: COMPLETE Column stats: NONE
                    Reduce Output Operator
                      key expressions: _col0 (type: string)
                      sort order: +
                      Map-reduce partition columns: _col0 (type: string)
                      Statistics: Num rows: 2 Data size: 168 Basic stats: COMPLETE Column stats: NONE
                    Select Operator
                      expressions: _col0 (type: string)
                      outputColumnNames: _col0
                      Statistics: Num rows: 2 Data size: 168 Basic stats: COMPLETE Column stats: NONE
                      Group By Operator
                        keys: _col0 (type: string)
                        mode: hash
                        outputColumnNames: _col0
                        Statistics: Num rows: 2 Data size: 168 Basic stats: COMPLETE Column stats: NONE
                        Dynamic Partitioning Event Operator
                          Target Input: srcpart
                          Partition key expr: ds
                          Statistics: Num rows: 2 Data size: 168 Basic stats: COMPLETE Column stats: NONE
                          Target column: ds
                          Target Vertex: Map 1
                    Select Operator
                      expressions: _col0 (type: string)
                      outputColumnNames: _col0
                      Statistics: Num rows: 2 Data size: 168 Basic stats: COMPLETE Column stats: NONE
                      Group By Operator
                        keys: _col0 (type: string)
                        mode: hash
                        outputColumnNames: _col0
                        Statistics: Num rows: 2 Data size: 168 Basic stats: COMPLETE Column stats: NONE
                        Dynamic Partitioning Event Operator
                          Target Input: srcpart
                          Partition key expr: ds
                          Statistics: Num rows: 2 Data size: 168 Basic stats: COMPLETE Column stats: NONE
                          Target column: ds
                          Target Vertex: Map 5
        Reducer 2 
            Reduce Operator Tree:
              Group By Operator
                keys: KEY._col0 (type: string)
                mode: mergepartial
                outputColumnNames: _col0
                Statistics: Num rows: 1000 Data size: 10624 Basic stats: COMPLETE Column stats: NONE
                Reduce Output Operator
                  key expressions: _col0 (type: string)
                  sort order: +
                  Map-reduce partition columns: _col0 (type: string)
                  Statistics: Num rows: 2000 Data size: 21248 Basic stats: COMPLETE Column stats: NONE
            Execution mode: vectorized
        Reducer 4 
            Reduce Operator Tree:
              Merge Join Operator
                condition map:
                     Left Semi Join 0 to 1
                keys:
                  0 _col0 (type: string)
                  1 _col0 (type: string)
                outputColumnNames: _col0
                Statistics: Num rows: 2200 Data size: 23372 Basic stats: COMPLETE Column stats: NONE
                File Output Operator
                  compressed: false
                  Statistics: Num rows: 2200 Data size: 23372 Basic stats: COMPLETE Column stats: NONE
                  table:
                      input format: org.apache.hadoop.mapred.TextInputFormat
                      output format: org.apache.hadoop.hive.ql.io.HiveIgnoreKeyTextOutputFormat
                      serde: org.apache.hadoop.hive.serde2.lazy.LazySimpleSerDe
        Reducer 6 
            Reduce Operator Tree:
              Group By Operator
                keys: KEY._col0 (type: string)
                mode: mergepartial
                outputColumnNames: _col0
                Statistics: Num rows: 1000 Data size: 10624 Basic stats: COMPLETE Column stats: NONE
                Reduce Output Operator
                  key expressions: _col0 (type: string)
                  sort order: +
                  Map-reduce partition columns: _col0 (type: string)
                  Statistics: Num rows: 2000 Data size: 21248 Basic stats: COMPLETE Column stats: NONE
            Execution mode: vectorized
        Reducer 8 
            Reduce Operator Tree:
              Group By Operator
                aggregations: max(VALUE._col0)
                mode: mergepartial
                outputColumnNames: _col0
                Statistics: Num rows: 1 Data size: 84 Basic stats: COMPLETE Column stats: NONE
                Filter Operator
                  predicate: _col0 is not null (type: boolean)
                  Statistics: Num rows: 1 Data size: 84 Basic stats: COMPLETE Column stats: NONE
                  Group By Operator
                    keys: _col0 (type: string)
                    mode: hash
                    outputColumnNames: _col0
                    Statistics: Num rows: 2 Data size: 168 Basic stats: COMPLETE Column stats: NONE
                    Reduce Output Operator
                      key expressions: _col0 (type: string)
                      sort order: +
                      Map-reduce partition columns: _col0 (type: string)
                      Statistics: Num rows: 2 Data size: 168 Basic stats: COMPLETE Column stats: NONE
                    Select Operator
                      expressions: _col0 (type: string)
                      outputColumnNames: _col0
                      Statistics: Num rows: 2 Data size: 168 Basic stats: COMPLETE Column stats: NONE
                      Group By Operator
                        keys: _col0 (type: string)
                        mode: hash
                        outputColumnNames: _col0
                        Statistics: Num rows: 2 Data size: 168 Basic stats: COMPLETE Column stats: NONE
                        Dynamic Partitioning Event Operator
                          Target Input: srcpart
                          Partition key expr: ds
                          Statistics: Num rows: 2 Data size: 168 Basic stats: COMPLETE Column stats: NONE
                          Target column: ds
                          Target Vertex: Map 1
                    Select Operator
                      expressions: _col0 (type: string)
                      outputColumnNames: _col0
                      Statistics: Num rows: 2 Data size: 168 Basic stats: COMPLETE Column stats: NONE
                      Group By Operator
                        keys: _col0 (type: string)
                        mode: hash
                        outputColumnNames: _col0
                        Statistics: Num rows: 2 Data size: 168 Basic stats: COMPLETE Column stats: NONE
                        Dynamic Partitioning Event Operator
                          Target Input: srcpart
                          Partition key expr: ds
                          Statistics: Num rows: 2 Data size: 168 Basic stats: COMPLETE Column stats: NONE
                          Target column: ds
                          Target Vertex: Map 5
        Union 3 
            Vertex: Union 3
        Union 9 
            Vertex: Union 9

  Stage: Stage-0
    Fetch Operator
      limit: -1
      Processor Tree:
        ListSink

PREHOOK: query: select ds from (select distinct(ds) as ds from srcpart union all select distinct(ds) as ds from srcpart) s where s.ds in (select max(srcpart.ds) from srcpart union all select min(srcpart.ds) from srcpart)
PREHOOK: type: QUERY
PREHOOK: Input: default@srcpart
PREHOOK: Input: default@srcpart@ds=2008-04-08/hr=11
PREHOOK: Input: default@srcpart@ds=2008-04-08/hr=12
PREHOOK: Input: default@srcpart@ds=2008-04-09/hr=11
PREHOOK: Input: default@srcpart@ds=2008-04-09/hr=12
#### A masked pattern was here ####
POSTHOOK: query: select ds from (select distinct(ds) as ds from srcpart union all select distinct(ds) as ds from srcpart) s where s.ds in (select max(srcpart.ds) from srcpart union all select min(srcpart.ds) from srcpart)
POSTHOOK: type: QUERY
POSTHOOK: Input: default@srcpart
POSTHOOK: Input: default@srcpart@ds=2008-04-08/hr=11
POSTHOOK: Input: default@srcpart@ds=2008-04-08/hr=12
POSTHOOK: Input: default@srcpart@ds=2008-04-09/hr=11
POSTHOOK: Input: default@srcpart@ds=2008-04-09/hr=12
#### A masked pattern was here ####
2008-04-08
2008-04-08
2008-04-09
2008-04-09
PREHOOK: query: -- single column, single key
EXPLAIN select count(*) from srcpart join srcpart_date on (srcpart.ds = srcpart_date.ds) where srcpart_date.`date` = '2008-04-08'
PREHOOK: type: QUERY
POSTHOOK: query: -- single column, single key
EXPLAIN select count(*) from srcpart join srcpart_date on (srcpart.ds = srcpart_date.ds) where srcpart_date.`date` = '2008-04-08'
POSTHOOK: type: QUERY
STAGE DEPENDENCIES:
  Stage-1 is a root stage
  Stage-0 depends on stages: Stage-1

STAGE PLANS:
  Stage: Stage-1
    Tez
      Edges:
        Map 1 <- Map 3 (BROADCAST_EDGE)
        Reducer 2 <- Map 1 (SIMPLE_EDGE)
#### A masked pattern was here ####
      Vertices:
        Map 1 
            Map Operator Tree:
                TableScan
                  alias: srcpart
                  filterExpr: ds is not null (type: boolean)
                  Statistics: Num rows: 2000 Data size: 21248 Basic stats: COMPLETE Column stats: NONE
                  Map Join Operator
                    condition map:
                         Inner Join 0 to 1
                    keys:
                      0 ds (type: string)
                      1 ds (type: string)
                    input vertices:
                      1 Map 3
                    Statistics: Num rows: 2200 Data size: 23372 Basic stats: COMPLETE Column stats: NONE
                    HybridGraceHashJoin: true
                    Group By Operator
                      aggregations: count()
                      mode: hash
                      outputColumnNames: _col0
                      Statistics: Num rows: 1 Data size: 8 Basic stats: COMPLETE Column stats: NONE
                      Reduce Output Operator
                        sort order: 
                        Statistics: Num rows: 1 Data size: 8 Basic stats: COMPLETE Column stats: NONE
                        value expressions: _col0 (type: bigint)
        Map 3 
            Map Operator Tree:
                TableScan
                  alias: srcpart_date
                  filterExpr: (ds is not null and (date = '2008-04-08')) (type: boolean)
                  Statistics: Num rows: 2 Data size: 376 Basic stats: COMPLETE Column stats: NONE
                  Filter Operator
                    predicate: (ds is not null and (date = '2008-04-08')) (type: boolean)
                    Statistics: Num rows: 1 Data size: 188 Basic stats: COMPLETE Column stats: NONE
                    Reduce Output Operator
                      key expressions: ds (type: string)
                      sort order: +
                      Map-reduce partition columns: ds (type: string)
                      Statistics: Num rows: 1 Data size: 188 Basic stats: COMPLETE Column stats: NONE
                    Select Operator
                      expressions: ds (type: string)
                      outputColumnNames: _col0
                      Statistics: Num rows: 1 Data size: 188 Basic stats: COMPLETE Column stats: NONE
                      Group By Operator
                        keys: _col0 (type: string)
                        mode: hash
                        outputColumnNames: _col0
                        Statistics: Num rows: 1 Data size: 188 Basic stats: COMPLETE Column stats: NONE
                        Dynamic Partitioning Event Operator
                          Target Input: srcpart
                          Partition key expr: ds
                          Statistics: Num rows: 1 Data size: 188 Basic stats: COMPLETE Column stats: NONE
                          Target column: ds
                          Target Vertex: Map 1
            Execution mode: vectorized
        Reducer 2 
            Reduce Operator Tree:
              Group By Operator
                aggregations: count(VALUE._col0)
                mode: mergepartial
                outputColumnNames: _col0
                Statistics: Num rows: 1 Data size: 8 Basic stats: COMPLETE Column stats: NONE
                File Output Operator
                  compressed: false
                  Statistics: Num rows: 1 Data size: 8 Basic stats: COMPLETE Column stats: NONE
                  table:
                      input format: org.apache.hadoop.mapred.TextInputFormat
                      output format: org.apache.hadoop.hive.ql.io.HiveIgnoreKeyTextOutputFormat
                      serde: org.apache.hadoop.hive.serde2.lazy.LazySimpleSerDe
            Execution mode: vectorized

  Stage: Stage-0
    Fetch Operator
      limit: -1
      Processor Tree:
        ListSink

PREHOOK: query: select count(*) from srcpart join srcpart_date on (srcpart.ds = srcpart_date.ds) where srcpart_date.`date` = '2008-04-08'
PREHOOK: type: QUERY
PREHOOK: Input: default@srcpart
PREHOOK: Input: default@srcpart@ds=2008-04-08/hr=11
PREHOOK: Input: default@srcpart@ds=2008-04-08/hr=12
PREHOOK: Input: default@srcpart@ds=2008-04-09/hr=11
PREHOOK: Input: default@srcpart@ds=2008-04-09/hr=12
PREHOOK: Input: default@srcpart_date
#### A masked pattern was here ####
POSTHOOK: query: select count(*) from srcpart join srcpart_date on (srcpart.ds = srcpart_date.ds) where srcpart_date.`date` = '2008-04-08'
POSTHOOK: type: QUERY
POSTHOOK: Input: default@srcpart
POSTHOOK: Input: default@srcpart@ds=2008-04-08/hr=11
POSTHOOK: Input: default@srcpart@ds=2008-04-08/hr=12
POSTHOOK: Input: default@srcpart@ds=2008-04-09/hr=11
POSTHOOK: Input: default@srcpart@ds=2008-04-09/hr=12
POSTHOOK: Input: default@srcpart_date
#### A masked pattern was here ####
1000
PREHOOK: query: select count(*) from srcpart where ds = '2008-04-08'
PREHOOK: type: QUERY
PREHOOK: Input: default@srcpart
PREHOOK: Input: default@srcpart@ds=2008-04-08/hr=11
PREHOOK: Input: default@srcpart@ds=2008-04-08/hr=12
#### A masked pattern was here ####
POSTHOOK: query: select count(*) from srcpart where ds = '2008-04-08'
POSTHOOK: type: QUERY
POSTHOOK: Input: default@srcpart
POSTHOOK: Input: default@srcpart@ds=2008-04-08/hr=11
POSTHOOK: Input: default@srcpart@ds=2008-04-08/hr=12
#### A masked pattern was here ####
1000
PREHOOK: query: -- multiple sources, single key
EXPLAIN select count(*) from srcpart join srcpart_date on (srcpart.ds = srcpart_date.ds) join srcpart_hour on (srcpart.hr = srcpart_hour.hr) 
where srcpart_date.`date` = '2008-04-08' and srcpart_hour.hour = 11
PREHOOK: type: QUERY
POSTHOOK: query: -- multiple sources, single key
EXPLAIN select count(*) from srcpart join srcpart_date on (srcpart.ds = srcpart_date.ds) join srcpart_hour on (srcpart.hr = srcpart_hour.hr) 
where srcpart_date.`date` = '2008-04-08' and srcpart_hour.hour = 11
POSTHOOK: type: QUERY
STAGE DEPENDENCIES:
  Stage-1 is a root stage
  Stage-0 depends on stages: Stage-1

STAGE PLANS:
  Stage: Stage-1
    Tez
      Edges:
        Map 1 <- Map 3 (BROADCAST_EDGE), Map 4 (BROADCAST_EDGE)
        Reducer 2 <- Map 1 (SIMPLE_EDGE)
#### A masked pattern was here ####
      Vertices:
        Map 1 
            Map Operator Tree:
                TableScan
                  alias: srcpart
                  Statistics: Num rows: 2000 Data size: 21248 Basic stats: COMPLETE Column stats: NONE
                  Map Join Operator
                    condition map:
                         Inner Join 0 to 1
                    keys:
                      0 ds (type: string)
                      1 ds (type: string)
                    outputColumnNames: _col3
                    input vertices:
                      1 Map 3
                    Statistics: Num rows: 2200 Data size: 23372 Basic stats: COMPLETE Column stats: NONE
                    HybridGraceHashJoin: true
                    Map Join Operator
                      condition map:
                           Inner Join 0 to 1
                      keys:
                        0 _col3 (type: string)
                        1 hr (type: string)
                      input vertices:
                        1 Map 4
                      Statistics: Num rows: 2420 Data size: 25709 Basic stats: COMPLETE Column stats: NONE
                      HybridGraceHashJoin: true
                      Group By Operator
                        aggregations: count()
                        mode: hash
                        outputColumnNames: _col0
                        Statistics: Num rows: 1 Data size: 8 Basic stats: COMPLETE Column stats: NONE
                        Reduce Output Operator
                          sort order: 
                          Statistics: Num rows: 1 Data size: 8 Basic stats: COMPLETE Column stats: NONE
                          value expressions: _col0 (type: bigint)
        Map 3 
            Map Operator Tree:
                TableScan
                  alias: srcpart_date
                  filterExpr: (ds is not null and (date = '2008-04-08')) (type: boolean)
                  Statistics: Num rows: 2 Data size: 376 Basic stats: COMPLETE Column stats: NONE
                  Filter Operator
                    predicate: (ds is not null and (date = '2008-04-08')) (type: boolean)
                    Statistics: Num rows: 1 Data size: 188 Basic stats: COMPLETE Column stats: NONE
                    Reduce Output Operator
                      key expressions: ds (type: string)
                      sort order: +
                      Map-reduce partition columns: ds (type: string)
                      Statistics: Num rows: 1 Data size: 188 Basic stats: COMPLETE Column stats: NONE
                    Select Operator
                      expressions: ds (type: string)
                      outputColumnNames: _col0
                      Statistics: Num rows: 1 Data size: 188 Basic stats: COMPLETE Column stats: NONE
                      Group By Operator
                        keys: _col0 (type: string)
                        mode: hash
                        outputColumnNames: _col0
                        Statistics: Num rows: 1 Data size: 188 Basic stats: COMPLETE Column stats: NONE
                        Dynamic Partitioning Event Operator
                          Target Input: srcpart
                          Partition key expr: ds
                          Statistics: Num rows: 1 Data size: 188 Basic stats: COMPLETE Column stats: NONE
                          Target column: ds
                          Target Vertex: Map 1
            Execution mode: vectorized
        Map 4 
            Map Operator Tree:
                TableScan
                  alias: srcpart_hour
                  filterExpr: (hr is not null and (hour = 11)) (type: boolean)
                  Statistics: Num rows: 2 Data size: 344 Basic stats: COMPLETE Column stats: NONE
                  Filter Operator
                    predicate: (hr is not null and (hour = 11)) (type: boolean)
                    Statistics: Num rows: 1 Data size: 172 Basic stats: COMPLETE Column stats: NONE
                    Reduce Output Operator
                      key expressions: hr (type: string)
                      sort order: +
                      Map-reduce partition columns: hr (type: string)
                      Statistics: Num rows: 1 Data size: 172 Basic stats: COMPLETE Column stats: NONE
                    Select Operator
                      expressions: hr (type: string)
                      outputColumnNames: _col0
                      Statistics: Num rows: 1 Data size: 172 Basic stats: COMPLETE Column stats: NONE
                      Group By Operator
                        keys: _col0 (type: string)
                        mode: hash
                        outputColumnNames: _col0
                        Statistics: Num rows: 1 Data size: 172 Basic stats: COMPLETE Column stats: NONE
                        Dynamic Partitioning Event Operator
                          Target Input: srcpart
                          Partition key expr: hr
                          Statistics: Num rows: 1 Data size: 172 Basic stats: COMPLETE Column stats: NONE
                          Target column: hr
                          Target Vertex: Map 1
        Reducer 2 
            Reduce Operator Tree:
              Group By Operator
                aggregations: count(VALUE._col0)
                mode: mergepartial
                outputColumnNames: _col0
                Statistics: Num rows: 1 Data size: 8 Basic stats: COMPLETE Column stats: NONE
                File Output Operator
                  compressed: false
                  Statistics: Num rows: 1 Data size: 8 Basic stats: COMPLETE Column stats: NONE
                  table:
                      input format: org.apache.hadoop.mapred.TextInputFormat
                      output format: org.apache.hadoop.hive.ql.io.HiveIgnoreKeyTextOutputFormat
                      serde: org.apache.hadoop.hive.serde2.lazy.LazySimpleSerDe
            Execution mode: vectorized

  Stage: Stage-0
    Fetch Operator
      limit: -1
      Processor Tree:
        ListSink

PREHOOK: query: select count(*) from srcpart join srcpart_date on (srcpart.ds = srcpart_date.ds) join srcpart_hour on (srcpart.hr = srcpart_hour.hr) 
where srcpart_date.`date` = '2008-04-08' and srcpart_hour.hour = 11
PREHOOK: type: QUERY
PREHOOK: Input: default@srcpart
PREHOOK: Input: default@srcpart@ds=2008-04-08/hr=11
PREHOOK: Input: default@srcpart@ds=2008-04-08/hr=12
PREHOOK: Input: default@srcpart@ds=2008-04-09/hr=11
PREHOOK: Input: default@srcpart@ds=2008-04-09/hr=12
PREHOOK: Input: default@srcpart_date
PREHOOK: Input: default@srcpart_hour
#### A masked pattern was here ####
POSTHOOK: query: select count(*) from srcpart join srcpart_date on (srcpart.ds = srcpart_date.ds) join srcpart_hour on (srcpart.hr = srcpart_hour.hr) 
where srcpart_date.`date` = '2008-04-08' and srcpart_hour.hour = 11
POSTHOOK: type: QUERY
POSTHOOK: Input: default@srcpart
POSTHOOK: Input: default@srcpart@ds=2008-04-08/hr=11
POSTHOOK: Input: default@srcpart@ds=2008-04-08/hr=12
POSTHOOK: Input: default@srcpart@ds=2008-04-09/hr=11
POSTHOOK: Input: default@srcpart@ds=2008-04-09/hr=12
POSTHOOK: Input: default@srcpart_date
POSTHOOK: Input: default@srcpart_hour
#### A masked pattern was here ####
500
PREHOOK: query: select count(*) from srcpart where hr = 11 and ds = '2008-04-08'
PREHOOK: type: QUERY
PREHOOK: Input: default@srcpart
PREHOOK: Input: default@srcpart@ds=2008-04-08/hr=11
#### A masked pattern was here ####
POSTHOOK: query: select count(*) from srcpart where hr = 11 and ds = '2008-04-08'
POSTHOOK: type: QUERY
POSTHOOK: Input: default@srcpart
POSTHOOK: Input: default@srcpart@ds=2008-04-08/hr=11
#### A masked pattern was here ####
500
PREHOOK: query: -- multiple columns single source
EXPLAIN select count(*) from srcpart join srcpart_date_hour on (srcpart.ds = srcpart_date_hour.ds and srcpart.hr = srcpart_date_hour.hr) where srcpart_date_hour.`date` = '2008-04-08' and srcpart_date_hour.hour = 11
PREHOOK: type: QUERY
POSTHOOK: query: -- multiple columns single source
EXPLAIN select count(*) from srcpart join srcpart_date_hour on (srcpart.ds = srcpart_date_hour.ds and srcpart.hr = srcpart_date_hour.hr) where srcpart_date_hour.`date` = '2008-04-08' and srcpart_date_hour.hour = 11
POSTHOOK: type: QUERY
STAGE DEPENDENCIES:
  Stage-1 is a root stage
  Stage-0 depends on stages: Stage-1

STAGE PLANS:
  Stage: Stage-1
    Tez
      Edges:
        Map 1 <- Map 3 (BROADCAST_EDGE)
        Reducer 2 <- Map 1 (SIMPLE_EDGE)
#### A masked pattern was here ####
      Vertices:
        Map 1 
            Map Operator Tree:
                TableScan
                  alias: srcpart
                  Statistics: Num rows: 2000 Data size: 21248 Basic stats: COMPLETE Column stats: NONE
                  Map Join Operator
                    condition map:
                         Inner Join 0 to 1
                    keys:
                      0 ds (type: string), hr (type: string)
                      1 ds (type: string), hr (type: string)
                    input vertices:
                      1 Map 3
                    Statistics: Num rows: 2200 Data size: 23372 Basic stats: COMPLETE Column stats: NONE
                    HybridGraceHashJoin: true
                    Group By Operator
                      aggregations: count()
                      mode: hash
                      outputColumnNames: _col0
                      Statistics: Num rows: 1 Data size: 8 Basic stats: COMPLETE Column stats: NONE
                      Reduce Output Operator
                        sort order: 
                        Statistics: Num rows: 1 Data size: 8 Basic stats: COMPLETE Column stats: NONE
                        value expressions: _col0 (type: bigint)
        Map 3 
            Map Operator Tree:
                TableScan
                  alias: srcpart_date_hour
                  filterExpr: (((ds is not null and hr is not null) and (date = '2008-04-08')) and (hour = 11)) (type: boolean)
                  Statistics: Num rows: 4 Data size: 1440 Basic stats: COMPLETE Column stats: NONE
                  Filter Operator
                    predicate: (((ds is not null and hr is not null) and (date = '2008-04-08')) and (hour = 11)) (type: boolean)
                    Statistics: Num rows: 1 Data size: 360 Basic stats: COMPLETE Column stats: NONE
                    Reduce Output Operator
                      key expressions: ds (type: string), hr (type: string)
                      sort order: ++
                      Map-reduce partition columns: ds (type: string), hr (type: string)
                      Statistics: Num rows: 1 Data size: 360 Basic stats: COMPLETE Column stats: NONE
                    Select Operator
                      expressions: ds (type: string)
                      outputColumnNames: _col0
                      Statistics: Num rows: 1 Data size: 360 Basic stats: COMPLETE Column stats: NONE
                      Group By Operator
                        keys: _col0 (type: string)
                        mode: hash
                        outputColumnNames: _col0
                        Statistics: Num rows: 1 Data size: 360 Basic stats: COMPLETE Column stats: NONE
                        Dynamic Partitioning Event Operator
                          Target Input: srcpart
                          Partition key expr: ds
                          Statistics: Num rows: 1 Data size: 360 Basic stats: COMPLETE Column stats: NONE
                          Target column: ds
                          Target Vertex: Map 1
                    Select Operator
                      expressions: hr (type: string)
                      outputColumnNames: _col0
                      Statistics: Num rows: 1 Data size: 360 Basic stats: COMPLETE Column stats: NONE
                      Group By Operator
                        keys: _col0 (type: string)
                        mode: hash
                        outputColumnNames: _col0
                        Statistics: Num rows: 1 Data size: 360 Basic stats: COMPLETE Column stats: NONE
                        Dynamic Partitioning Event Operator
                          Target Input: srcpart
                          Partition key expr: hr
                          Statistics: Num rows: 1 Data size: 360 Basic stats: COMPLETE Column stats: NONE
                          Target column: hr
                          Target Vertex: Map 1
        Reducer 2 
            Reduce Operator Tree:
              Group By Operator
                aggregations: count(VALUE._col0)
                mode: mergepartial
                outputColumnNames: _col0
                Statistics: Num rows: 1 Data size: 8 Basic stats: COMPLETE Column stats: NONE
                File Output Operator
                  compressed: false
                  Statistics: Num rows: 1 Data size: 8 Basic stats: COMPLETE Column stats: NONE
                  table:
                      input format: org.apache.hadoop.mapred.TextInputFormat
                      output format: org.apache.hadoop.hive.ql.io.HiveIgnoreKeyTextOutputFormat
                      serde: org.apache.hadoop.hive.serde2.lazy.LazySimpleSerDe
            Execution mode: vectorized

  Stage: Stage-0
    Fetch Operator
      limit: -1
      Processor Tree:
        ListSink

PREHOOK: query: select count(*) from srcpart join srcpart_date_hour on (srcpart.ds = srcpart_date_hour.ds and srcpart.hr = srcpart_date_hour.hr) where srcpart_date_hour.`date` = '2008-04-08' and srcpart_date_hour.hour = 11
PREHOOK: type: QUERY
PREHOOK: Input: default@srcpart
PREHOOK: Input: default@srcpart@ds=2008-04-08/hr=11
PREHOOK: Input: default@srcpart@ds=2008-04-08/hr=12
PREHOOK: Input: default@srcpart@ds=2008-04-09/hr=11
PREHOOK: Input: default@srcpart@ds=2008-04-09/hr=12
PREHOOK: Input: default@srcpart_date_hour
#### A masked pattern was here ####
POSTHOOK: query: select count(*) from srcpart join srcpart_date_hour on (srcpart.ds = srcpart_date_hour.ds and srcpart.hr = srcpart_date_hour.hr) where srcpart_date_hour.`date` = '2008-04-08' and srcpart_date_hour.hour = 11
POSTHOOK: type: QUERY
POSTHOOK: Input: default@srcpart
POSTHOOK: Input: default@srcpart@ds=2008-04-08/hr=11
POSTHOOK: Input: default@srcpart@ds=2008-04-08/hr=12
POSTHOOK: Input: default@srcpart@ds=2008-04-09/hr=11
POSTHOOK: Input: default@srcpart@ds=2008-04-09/hr=12
POSTHOOK: Input: default@srcpart_date_hour
#### A masked pattern was here ####
500
PREHOOK: query: select count(*) from srcpart where ds = '2008-04-08' and hr = 11
PREHOOK: type: QUERY
PREHOOK: Input: default@srcpart
PREHOOK: Input: default@srcpart@ds=2008-04-08/hr=11
#### A masked pattern was here ####
POSTHOOK: query: select count(*) from srcpart where ds = '2008-04-08' and hr = 11
POSTHOOK: type: QUERY
POSTHOOK: Input: default@srcpart
POSTHOOK: Input: default@srcpart@ds=2008-04-08/hr=11
#### A masked pattern was here ####
500
PREHOOK: query: -- empty set
EXPLAIN select count(*) from srcpart join srcpart_date on (srcpart.ds = srcpart_date.ds) where srcpart_date.`date` = 'I DONT EXIST'
PREHOOK: type: QUERY
POSTHOOK: query: -- empty set
EXPLAIN select count(*) from srcpart join srcpart_date on (srcpart.ds = srcpart_date.ds) where srcpart_date.`date` = 'I DONT EXIST'
POSTHOOK: type: QUERY
STAGE DEPENDENCIES:
  Stage-1 is a root stage
  Stage-0 depends on stages: Stage-1

STAGE PLANS:
  Stage: Stage-1
    Tez
      Edges:
        Map 1 <- Map 3 (BROADCAST_EDGE)
        Reducer 2 <- Map 1 (SIMPLE_EDGE)
#### A masked pattern was here ####
      Vertices:
        Map 1 
            Map Operator Tree:
                TableScan
                  alias: srcpart
                  filterExpr: ds is not null (type: boolean)
                  Statistics: Num rows: 2000 Data size: 21248 Basic stats: COMPLETE Column stats: NONE
                  Map Join Operator
                    condition map:
                         Inner Join 0 to 1
                    keys:
                      0 ds (type: string)
                      1 ds (type: string)
                    input vertices:
                      1 Map 3
                    Statistics: Num rows: 2200 Data size: 23372 Basic stats: COMPLETE Column stats: NONE
                    HybridGraceHashJoin: true
                    Group By Operator
                      aggregations: count()
                      mode: hash
                      outputColumnNames: _col0
                      Statistics: Num rows: 1 Data size: 8 Basic stats: COMPLETE Column stats: NONE
                      Reduce Output Operator
                        sort order: 
                        Statistics: Num rows: 1 Data size: 8 Basic stats: COMPLETE Column stats: NONE
                        value expressions: _col0 (type: bigint)
        Map 3 
            Map Operator Tree:
                TableScan
                  alias: srcpart_date
                  filterExpr: (ds is not null and (date = 'I DONT EXIST')) (type: boolean)
                  Statistics: Num rows: 2 Data size: 376 Basic stats: COMPLETE Column stats: NONE
                  Filter Operator
                    predicate: (ds is not null and (date = 'I DONT EXIST')) (type: boolean)
                    Statistics: Num rows: 1 Data size: 188 Basic stats: COMPLETE Column stats: NONE
                    Reduce Output Operator
                      key expressions: ds (type: string)
                      sort order: +
                      Map-reduce partition columns: ds (type: string)
                      Statistics: Num rows: 1 Data size: 188 Basic stats: COMPLETE Column stats: NONE
                    Select Operator
                      expressions: ds (type: string)
                      outputColumnNames: _col0
                      Statistics: Num rows: 1 Data size: 188 Basic stats: COMPLETE Column stats: NONE
                      Group By Operator
                        keys: _col0 (type: string)
                        mode: hash
                        outputColumnNames: _col0
                        Statistics: Num rows: 1 Data size: 188 Basic stats: COMPLETE Column stats: NONE
                        Dynamic Partitioning Event Operator
                          Target Input: srcpart
                          Partition key expr: ds
                          Statistics: Num rows: 1 Data size: 188 Basic stats: COMPLETE Column stats: NONE
                          Target column: ds
                          Target Vertex: Map 1
            Execution mode: vectorized
        Reducer 2 
            Reduce Operator Tree:
              Group By Operator
                aggregations: count(VALUE._col0)
                mode: mergepartial
                outputColumnNames: _col0
                Statistics: Num rows: 1 Data size: 8 Basic stats: COMPLETE Column stats: NONE
                File Output Operator
                  compressed: false
                  Statistics: Num rows: 1 Data size: 8 Basic stats: COMPLETE Column stats: NONE
                  table:
                      input format: org.apache.hadoop.mapred.TextInputFormat
                      output format: org.apache.hadoop.hive.ql.io.HiveIgnoreKeyTextOutputFormat
                      serde: org.apache.hadoop.hive.serde2.lazy.LazySimpleSerDe
            Execution mode: vectorized

  Stage: Stage-0
    Fetch Operator
      limit: -1
      Processor Tree:
        ListSink

PREHOOK: query: -- Disabled until TEZ-1486 is fixed
-- select count(*) from srcpart join srcpart_date on (srcpart.ds = srcpart_date.ds) where srcpart_date.`date` = 'I DONT EXIST';

-- expressions
EXPLAIN select count(*) from srcpart join srcpart_double_hour on (srcpart.hr = cast(srcpart_double_hour.hr/2 as int)) where srcpart_double_hour.hour = 11
PREHOOK: type: QUERY
POSTHOOK: query: -- Disabled until TEZ-1486 is fixed
-- select count(*) from srcpart join srcpart_date on (srcpart.ds = srcpart_date.ds) where srcpart_date.`date` = 'I DONT EXIST';

-- expressions
EXPLAIN select count(*) from srcpart join srcpart_double_hour on (srcpart.hr = cast(srcpart_double_hour.hr/2 as int)) where srcpart_double_hour.hour = 11
POSTHOOK: type: QUERY
STAGE DEPENDENCIES:
  Stage-1 is a root stage
  Stage-0 depends on stages: Stage-1

STAGE PLANS:
  Stage: Stage-1
    Tez
      Edges:
        Map 1 <- Map 3 (BROADCAST_EDGE)
        Reducer 2 <- Map 1 (SIMPLE_EDGE)
#### A masked pattern was here ####
      Vertices:
        Map 1 
            Map Operator Tree:
                TableScan
                  alias: srcpart
                  filterExpr: UDFToDouble(hr) is not null (type: boolean)
                  Statistics: Num rows: 2000 Data size: 21248 Basic stats: COMPLETE Column stats: NONE
                  Filter Operator
                    predicate: UDFToDouble(hr) is not null (type: boolean)
                    Statistics: Num rows: 1000 Data size: 10624 Basic stats: COMPLETE Column stats: NONE
                    Map Join Operator
                      condition map:
                           Inner Join 0 to 1
                      keys:
                        0 UDFToDouble(hr) (type: double)
                        1 UDFToDouble(UDFToInteger((hr / 2))) (type: double)
                      input vertices:
                        1 Map 3
                      Statistics: Num rows: 1100 Data size: 11686 Basic stats: COMPLETE Column stats: NONE
                      HybridGraceHashJoin: true
                      Group By Operator
                        aggregations: count()
                        mode: hash
                        outputColumnNames: _col0
                        Statistics: Num rows: 1 Data size: 8 Basic stats: COMPLETE Column stats: NONE
                        Reduce Output Operator
                          sort order: 
                          Statistics: Num rows: 1 Data size: 8 Basic stats: COMPLETE Column stats: NONE
                          value expressions: _col0 (type: bigint)
        Map 3 
            Map Operator Tree:
                TableScan
                  alias: srcpart_double_hour
                  filterExpr: (UDFToDouble(UDFToInteger((hr / 2))) is not null and (hour = 11)) (type: boolean)
                  Statistics: Num rows: 2 Data size: 188 Basic stats: COMPLETE Column stats: NONE
                  Filter Operator
                    predicate: (UDFToDouble(UDFToInteger((hr / 2))) is not null and (hour = 11)) (type: boolean)
                    Statistics: Num rows: 1 Data size: 94 Basic stats: COMPLETE Column stats: NONE
                    Reduce Output Operator
                      key expressions: UDFToDouble(UDFToInteger((hr / 2))) (type: double)
                      sort order: +
                      Map-reduce partition columns: UDFToDouble(UDFToInteger((hr / 2))) (type: double)
                      Statistics: Num rows: 1 Data size: 94 Basic stats: COMPLETE Column stats: NONE
                    Select Operator
                      expressions: UDFToDouble(UDFToInteger((hr / 2))) (type: double)
                      outputColumnNames: _col0
                      Statistics: Num rows: 1 Data size: 94 Basic stats: COMPLETE Column stats: NONE
                      Group By Operator
                        keys: _col0 (type: double)
                        mode: hash
                        outputColumnNames: _col0
                        Statistics: Num rows: 1 Data size: 94 Basic stats: COMPLETE Column stats: NONE
                        Dynamic Partitioning Event Operator
                          Target Input: srcpart
                          Partition key expr: UDFToDouble(hr)
                          Statistics: Num rows: 1 Data size: 94 Basic stats: COMPLETE Column stats: NONE
                          Target column: hr
                          Target Vertex: Map 1
        Reducer 2 
            Reduce Operator Tree:
              Group By Operator
                aggregations: count(VALUE._col0)
                mode: mergepartial
                outputColumnNames: _col0
                Statistics: Num rows: 1 Data size: 8 Basic stats: COMPLETE Column stats: NONE
                File Output Operator
                  compressed: false
                  Statistics: Num rows: 1 Data size: 8 Basic stats: COMPLETE Column stats: NONE
                  table:
                      input format: org.apache.hadoop.mapred.TextInputFormat
                      output format: org.apache.hadoop.hive.ql.io.HiveIgnoreKeyTextOutputFormat
                      serde: org.apache.hadoop.hive.serde2.lazy.LazySimpleSerDe
            Execution mode: vectorized

  Stage: Stage-0
    Fetch Operator
      limit: -1
      Processor Tree:
        ListSink

PREHOOK: query: select count(*) from srcpart join srcpart_double_hour on (srcpart.hr = cast(srcpart_double_hour.hr/2 as int)) where srcpart_double_hour.hour = 11
PREHOOK: type: QUERY
PREHOOK: Input: default@srcpart
PREHOOK: Input: default@srcpart@ds=2008-04-08/hr=11
PREHOOK: Input: default@srcpart@ds=2008-04-08/hr=12
PREHOOK: Input: default@srcpart@ds=2008-04-09/hr=11
PREHOOK: Input: default@srcpart@ds=2008-04-09/hr=12
PREHOOK: Input: default@srcpart_double_hour
#### A masked pattern was here ####
POSTHOOK: query: select count(*) from srcpart join srcpart_double_hour on (srcpart.hr = cast(srcpart_double_hour.hr/2 as int)) where srcpart_double_hour.hour = 11
POSTHOOK: type: QUERY
POSTHOOK: Input: default@srcpart
POSTHOOK: Input: default@srcpart@ds=2008-04-08/hr=11
POSTHOOK: Input: default@srcpart@ds=2008-04-08/hr=12
POSTHOOK: Input: default@srcpart@ds=2008-04-09/hr=11
POSTHOOK: Input: default@srcpart@ds=2008-04-09/hr=12
POSTHOOK: Input: default@srcpart_double_hour
#### A masked pattern was here ####
1000
PREHOOK: query: EXPLAIN select count(*) from srcpart join srcpart_double_hour on (srcpart.hr*2 = srcpart_double_hour.hr) where srcpart_double_hour.hour = 11
PREHOOK: type: QUERY
POSTHOOK: query: EXPLAIN select count(*) from srcpart join srcpart_double_hour on (srcpart.hr*2 = srcpart_double_hour.hr) where srcpart_double_hour.hour = 11
POSTHOOK: type: QUERY
STAGE DEPENDENCIES:
  Stage-1 is a root stage
  Stage-0 depends on stages: Stage-1

STAGE PLANS:
  Stage: Stage-1
    Tez
      Edges:
        Map 1 <- Map 3 (BROADCAST_EDGE)
        Reducer 2 <- Map 1 (SIMPLE_EDGE)
#### A masked pattern was here ####
      Vertices:
        Map 1 
            Map Operator Tree:
                TableScan
                  alias: srcpart
                  filterExpr: (hr * 2) is not null (type: boolean)
                  Statistics: Num rows: 2000 Data size: 21248 Basic stats: COMPLETE Column stats: NONE
                  Filter Operator
                    predicate: (hr * 2) is not null (type: boolean)
                    Statistics: Num rows: 1000 Data size: 10624 Basic stats: COMPLETE Column stats: NONE
                    Map Join Operator
                      condition map:
                           Inner Join 0 to 1
                      keys:
                        0 (hr * 2) (type: double)
                        1 hr (type: double)
                      input vertices:
                        1 Map 3
                      Statistics: Num rows: 1100 Data size: 11686 Basic stats: COMPLETE Column stats: NONE
                      HybridGraceHashJoin: true
                      Group By Operator
                        aggregations: count()
                        mode: hash
                        outputColumnNames: _col0
                        Statistics: Num rows: 1 Data size: 8 Basic stats: COMPLETE Column stats: NONE
                        Reduce Output Operator
                          sort order: 
                          Statistics: Num rows: 1 Data size: 8 Basic stats: COMPLETE Column stats: NONE
                          value expressions: _col0 (type: bigint)
        Map 3 
            Map Operator Tree:
                TableScan
                  alias: srcpart_double_hour
                  filterExpr: (hr is not null and (hour = 11)) (type: boolean)
                  Statistics: Num rows: 2 Data size: 188 Basic stats: COMPLETE Column stats: NONE
                  Filter Operator
                    predicate: (hr is not null and (hour = 11)) (type: boolean)
                    Statistics: Num rows: 1 Data size: 94 Basic stats: COMPLETE Column stats: NONE
                    Reduce Output Operator
                      key expressions: hr (type: double)
                      sort order: +
                      Map-reduce partition columns: hr (type: double)
                      Statistics: Num rows: 1 Data size: 94 Basic stats: COMPLETE Column stats: NONE
                    Select Operator
                      expressions: hr (type: double)
                      outputColumnNames: _col0
                      Statistics: Num rows: 1 Data size: 94 Basic stats: COMPLETE Column stats: NONE
                      Group By Operator
                        keys: _col0 (type: double)
                        mode: hash
                        outputColumnNames: _col0
                        Statistics: Num rows: 1 Data size: 94 Basic stats: COMPLETE Column stats: NONE
                        Dynamic Partitioning Event Operator
                          Target Input: srcpart
                          Partition key expr: (hr * 2)
                          Statistics: Num rows: 1 Data size: 94 Basic stats: COMPLETE Column stats: NONE
                          Target column: hr
                          Target Vertex: Map 1
        Reducer 2 
            Reduce Operator Tree:
              Group By Operator
                aggregations: count(VALUE._col0)
                mode: mergepartial
                outputColumnNames: _col0
                Statistics: Num rows: 1 Data size: 8 Basic stats: COMPLETE Column stats: NONE
                File Output Operator
                  compressed: false
                  Statistics: Num rows: 1 Data size: 8 Basic stats: COMPLETE Column stats: NONE
                  table:
                      input format: org.apache.hadoop.mapred.TextInputFormat
                      output format: org.apache.hadoop.hive.ql.io.HiveIgnoreKeyTextOutputFormat
                      serde: org.apache.hadoop.hive.serde2.lazy.LazySimpleSerDe
            Execution mode: vectorized

  Stage: Stage-0
    Fetch Operator
      limit: -1
      Processor Tree:
        ListSink

PREHOOK: query: select count(*) from srcpart join srcpart_double_hour on (srcpart.hr*2 = srcpart_double_hour.hr) where srcpart_double_hour.hour = 11
PREHOOK: type: QUERY
PREHOOK: Input: default@srcpart
PREHOOK: Input: default@srcpart@ds=2008-04-08/hr=11
PREHOOK: Input: default@srcpart@ds=2008-04-08/hr=12
PREHOOK: Input: default@srcpart@ds=2008-04-09/hr=11
PREHOOK: Input: default@srcpart@ds=2008-04-09/hr=12
PREHOOK: Input: default@srcpart_double_hour
#### A masked pattern was here ####
POSTHOOK: query: select count(*) from srcpart join srcpart_double_hour on (srcpart.hr*2 = srcpart_double_hour.hr) where srcpart_double_hour.hour = 11
POSTHOOK: type: QUERY
POSTHOOK: Input: default@srcpart
POSTHOOK: Input: default@srcpart@ds=2008-04-08/hr=11
POSTHOOK: Input: default@srcpart@ds=2008-04-08/hr=12
POSTHOOK: Input: default@srcpart@ds=2008-04-09/hr=11
POSTHOOK: Input: default@srcpart@ds=2008-04-09/hr=12
POSTHOOK: Input: default@srcpart_double_hour
#### A masked pattern was here ####
1000
PREHOOK: query: select count(*) from srcpart where hr = 11
PREHOOK: type: QUERY
PREHOOK: Input: default@srcpart
PREHOOK: Input: default@srcpart@ds=2008-04-08/hr=11
PREHOOK: Input: default@srcpart@ds=2008-04-09/hr=11
#### A masked pattern was here ####
POSTHOOK: query: select count(*) from srcpart where hr = 11
POSTHOOK: type: QUERY
POSTHOOK: Input: default@srcpart
POSTHOOK: Input: default@srcpart@ds=2008-04-08/hr=11
POSTHOOK: Input: default@srcpart@ds=2008-04-09/hr=11
#### A masked pattern was here ####
1000
Warning: Map Join MAPJOIN[23][bigTable=?] in task 'Map 1' is a cross product
PREHOOK: query: -- parent is reduce tasks
EXPLAIN select count(*) from srcpart join (select ds as ds, ds as `date` from srcpart group by ds) s on (srcpart.ds = s.ds) where s.`date` = '2008-04-08'
PREHOOK: type: QUERY
POSTHOOK: query: -- parent is reduce tasks
EXPLAIN select count(*) from srcpart join (select ds as ds, ds as `date` from srcpart group by ds) s on (srcpart.ds = s.ds) where s.`date` = '2008-04-08'
POSTHOOK: type: QUERY
STAGE DEPENDENCIES:
  Stage-1 is a root stage
  Stage-0 depends on stages: Stage-1

STAGE PLANS:
  Stage: Stage-1
    Tez
      Edges:
        Map 1 <- Reducer 4 (BROADCAST_EDGE)
        Reducer 2 <- Map 1 (SIMPLE_EDGE)
        Reducer 4 <- Map 3 (SIMPLE_EDGE)
#### A masked pattern was here ####
      Vertices:
        Map 1 
            Map Operator Tree:
                TableScan
                  alias: srcpart
                  filterExpr: (ds = '2008-04-08') (type: boolean)
                  Statistics: Num rows: 1000 Data size: 10624 Basic stats: COMPLETE Column stats: NONE
                  Select Operator
                    Statistics: Num rows: 1000 Data size: 10624 Basic stats: COMPLETE Column stats: NONE
                    Map Join Operator
                      condition map:
                           Inner Join 0 to 1
                      keys:
                        0 
                        1 
                      input vertices:
                        1 Reducer 4
                      Statistics: Num rows: 1100 Data size: 11686 Basic stats: COMPLETE Column stats: NONE
                      HybridGraceHashJoin: true
                      Group By Operator
                        aggregations: count()
                        mode: hash
                        outputColumnNames: _col0
                        Statistics: Num rows: 1 Data size: 8 Basic stats: COMPLETE Column stats: NONE
                        Reduce Output Operator
                          sort order: 
                          Statistics: Num rows: 1 Data size: 8 Basic stats: COMPLETE Column stats: NONE
                          value expressions: _col0 (type: bigint)
        Map 3 
            Map Operator Tree:
                TableScan
                  alias: srcpart
                  filterExpr: (ds = '2008-04-08') (type: boolean)
                  Statistics: Num rows: 1000 Data size: 10624 Basic stats: COMPLETE Column stats: NONE
                  Select Operator
                    expressions: '2008-04-08' (type: string)
                    outputColumnNames: _col0
                    Statistics: Num rows: 1000 Data size: 10624 Basic stats: COMPLETE Column stats: NONE
                    Group By Operator
                      keys: _col0 (type: string)
                      mode: hash
                      outputColumnNames: _col0
                      Statistics: Num rows: 1000 Data size: 10624 Basic stats: COMPLETE Column stats: NONE
                      Reduce Output Operator
                        key expressions: _col0 (type: string)
                        sort order: +
                        Map-reduce partition columns: _col0 (type: string)
                        Statistics: Num rows: 1000 Data size: 10624 Basic stats: COMPLETE Column stats: NONE
        Reducer 2 
            Reduce Operator Tree:
              Group By Operator
                aggregations: count(VALUE._col0)
                mode: mergepartial
                outputColumnNames: _col0
                Statistics: Num rows: 1 Data size: 8 Basic stats: COMPLETE Column stats: NONE
                File Output Operator
                  compressed: false
                  Statistics: Num rows: 1 Data size: 8 Basic stats: COMPLETE Column stats: NONE
                  table:
                      input format: org.apache.hadoop.mapred.TextInputFormat
                      output format: org.apache.hadoop.hive.ql.io.HiveIgnoreKeyTextOutputFormat
                      serde: org.apache.hadoop.hive.serde2.lazy.LazySimpleSerDe
            Execution mode: vectorized
        Reducer 4 
            Reduce Operator Tree:
              Group By Operator
                keys: KEY._col0 (type: string)
                mode: mergepartial
                outputColumnNames: _col0
                Statistics: Num rows: 500 Data size: 5312 Basic stats: COMPLETE Column stats: NONE
                Select Operator
                  Statistics: Num rows: 500 Data size: 5312 Basic stats: COMPLETE Column stats: NONE
                  Reduce Output Operator
                    sort order: 
                    Statistics: Num rows: 500 Data size: 5312 Basic stats: COMPLETE Column stats: NONE
            Execution mode: vectorized

  Stage: Stage-0
    Fetch Operator
      limit: -1
      Processor Tree:
        ListSink

Warning: Map Join MAPJOIN[23][bigTable=?] in task 'Map 1' is a cross product
PREHOOK: query: select count(*) from srcpart join (select ds as ds, ds as `date` from srcpart group by ds) s on (srcpart.ds = s.ds) where s.`date` = '2008-04-08'
PREHOOK: type: QUERY
PREHOOK: Input: default@srcpart
PREHOOK: Input: default@srcpart@ds=2008-04-08/hr=11
PREHOOK: Input: default@srcpart@ds=2008-04-08/hr=12
#### A masked pattern was here ####
POSTHOOK: query: select count(*) from srcpart join (select ds as ds, ds as `date` from srcpart group by ds) s on (srcpart.ds = s.ds) where s.`date` = '2008-04-08'
POSTHOOK: type: QUERY
POSTHOOK: Input: default@srcpart
POSTHOOK: Input: default@srcpart@ds=2008-04-08/hr=11
POSTHOOK: Input: default@srcpart@ds=2008-04-08/hr=12
#### A masked pattern was here ####
1000
PREHOOK: query: select count(*) from srcpart where ds = '2008-04-08'
PREHOOK: type: QUERY
PREHOOK: Input: default@srcpart
PREHOOK: Input: default@srcpart@ds=2008-04-08/hr=11
PREHOOK: Input: default@srcpart@ds=2008-04-08/hr=12
#### A masked pattern was here ####
POSTHOOK: query: select count(*) from srcpart where ds = '2008-04-08'
POSTHOOK: type: QUERY
POSTHOOK: Input: default@srcpart
POSTHOOK: Input: default@srcpart@ds=2008-04-08/hr=11
POSTHOOK: Input: default@srcpart@ds=2008-04-08/hr=12
#### A masked pattern was here ####
1000
PREHOOK: query: -- left join
EXPLAIN select count(*) from srcpart left join srcpart_date on (srcpart.ds = srcpart_date.ds) where srcpart_date.`date` = '2008-04-08'
PREHOOK: type: QUERY
POSTHOOK: query: -- left join
EXPLAIN select count(*) from srcpart left join srcpart_date on (srcpart.ds = srcpart_date.ds) where srcpart_date.`date` = '2008-04-08'
POSTHOOK: type: QUERY
STAGE DEPENDENCIES:
  Stage-1 is a root stage
  Stage-0 depends on stages: Stage-1

STAGE PLANS:
  Stage: Stage-1
    Tez
      Edges:
        Map 1 <- Map 3 (BROADCAST_EDGE)
        Reducer 2 <- Map 1 (SIMPLE_EDGE)
#### A masked pattern was here ####
      Vertices:
        Map 1 
            Map Operator Tree:
                TableScan
                  alias: srcpart
                  Statistics: Num rows: 2000 Data size: 21248 Basic stats: COMPLETE Column stats: NONE
                  Map Join Operator
                    condition map:
                         Left Outer Join0 to 1
                    keys:
                      0 ds (type: string)
                      1 ds (type: string)
                    outputColumnNames: _col8
                    input vertices:
                      1 Map 3
                    Statistics: Num rows: 2200 Data size: 23372 Basic stats: COMPLETE Column stats: NONE
                    HybridGraceHashJoin: true
                    Filter Operator
                      predicate: (_col8 = '2008-04-08') (type: boolean)
                      Statistics: Num rows: 1100 Data size: 11686 Basic stats: COMPLETE Column stats: NONE
                      Select Operator
                        Statistics: Num rows: 1100 Data size: 11686 Basic stats: COMPLETE Column stats: NONE
                        Group By Operator
                          aggregations: count()
                          mode: hash
                          outputColumnNames: _col0
                          Statistics: Num rows: 1 Data size: 8 Basic stats: COMPLETE Column stats: NONE
                          Reduce Output Operator
                            sort order: 
                            Statistics: Num rows: 1 Data size: 8 Basic stats: COMPLETE Column stats: NONE
                            value expressions: _col0 (type: bigint)
        Map 3 
            Map Operator Tree:
                TableScan
                  alias: srcpart_date
                  Statistics: Num rows: 2 Data size: 376 Basic stats: COMPLETE Column stats: NONE
                  Reduce Output Operator
                    key expressions: ds (type: string)
                    sort order: +
                    Map-reduce partition columns: ds (type: string)
                    Statistics: Num rows: 2 Data size: 376 Basic stats: COMPLETE Column stats: NONE
                    value expressions: date (type: string)
            Execution mode: vectorized
        Reducer 2 
            Reduce Operator Tree:
              Group By Operator
                aggregations: count(VALUE._col0)
                mode: mergepartial
                outputColumnNames: _col0
                Statistics: Num rows: 1 Data size: 8 Basic stats: COMPLETE Column stats: NONE
                File Output Operator
                  compressed: false
                  Statistics: Num rows: 1 Data size: 8 Basic stats: COMPLETE Column stats: NONE
                  table:
                      input format: org.apache.hadoop.mapred.TextInputFormat
                      output format: org.apache.hadoop.hive.ql.io.HiveIgnoreKeyTextOutputFormat
                      serde: org.apache.hadoop.hive.serde2.lazy.LazySimpleSerDe
            Execution mode: vectorized

  Stage: Stage-0
    Fetch Operator
      limit: -1
      Processor Tree:
        ListSink

PREHOOK: query: EXPLAIN select count(*) from srcpart_date left join srcpart on (srcpart.ds = srcpart_date.ds) where srcpart_date.`date` = '2008-04-08'
PREHOOK: type: QUERY
POSTHOOK: query: EXPLAIN select count(*) from srcpart_date left join srcpart on (srcpart.ds = srcpart_date.ds) where srcpart_date.`date` = '2008-04-08'
POSTHOOK: type: QUERY
STAGE DEPENDENCIES:
  Stage-1 is a root stage
  Stage-0 depends on stages: Stage-1

STAGE PLANS:
  Stage: Stage-1
    Tez
      Edges:
        Map 1 <- Map 3 (BROADCAST_EDGE)
        Reducer 2 <- Map 1 (SIMPLE_EDGE)
#### A masked pattern was here ####
      Vertices:
        Map 1 
            Map Operator Tree:
                TableScan
                  alias: srcpart_date
                  filterExpr: (date = '2008-04-08') (type: boolean)
                  Statistics: Num rows: 2 Data size: 376 Basic stats: COMPLETE Column stats: NONE
                  Filter Operator
                    predicate: (date = '2008-04-08') (type: boolean)
                    Statistics: Num rows: 1 Data size: 188 Basic stats: COMPLETE Column stats: NONE
                    Map Join Operator
                      condition map:
                           Left Outer Join0 to 1
                      keys:
                        0 ds (type: string)
                        1 ds (type: string)
                      input vertices:
                        1 Map 3
                      Statistics: Num rows: 2200 Data size: 23372 Basic stats: COMPLETE Column stats: NONE
                      HybridGraceHashJoin: true
                      Group By Operator
                        aggregations: count()
                        mode: hash
                        outputColumnNames: _col0
                        Statistics: Num rows: 1 Data size: 8 Basic stats: COMPLETE Column stats: NONE
                        Reduce Output Operator
                          sort order: 
                          Statistics: Num rows: 1 Data size: 8 Basic stats: COMPLETE Column stats: NONE
                          value expressions: _col0 (type: bigint)
            Execution mode: vectorized
        Map 3 
            Map Operator Tree:
                TableScan
                  alias: srcpart
                  Statistics: Num rows: 2000 Data size: 21248 Basic stats: COMPLETE Column stats: NONE
                  Reduce Output Operator
                    key expressions: ds (type: string)
                    sort order: +
                    Map-reduce partition columns: ds (type: string)
                    Statistics: Num rows: 2000 Data size: 21248 Basic stats: COMPLETE Column stats: NONE
        Reducer 2 
            Reduce Operator Tree:
              Group By Operator
                aggregations: count(VALUE._col0)
                mode: mergepartial
                outputColumnNames: _col0
                Statistics: Num rows: 1 Data size: 8 Basic stats: COMPLETE Column stats: NONE
                File Output Operator
                  compressed: false
                  Statistics: Num rows: 1 Data size: 8 Basic stats: COMPLETE Column stats: NONE
                  table:
                      input format: org.apache.hadoop.mapred.TextInputFormat
                      output format: org.apache.hadoop.hive.ql.io.HiveIgnoreKeyTextOutputFormat
                      serde: org.apache.hadoop.hive.serde2.lazy.LazySimpleSerDe
            Execution mode: vectorized

  Stage: Stage-0
    Fetch Operator
      limit: -1
      Processor Tree:
        ListSink

PREHOOK: query: -- full outer
EXPLAIN select count(*) from srcpart full outer join srcpart_date on (srcpart.ds = srcpart_date.ds) where srcpart_date.`date` = '2008-04-08'
PREHOOK: type: QUERY
POSTHOOK: query: -- full outer
EXPLAIN select count(*) from srcpart full outer join srcpart_date on (srcpart.ds = srcpart_date.ds) where srcpart_date.`date` = '2008-04-08'
POSTHOOK: type: QUERY
STAGE DEPENDENCIES:
  Stage-1 is a root stage
  Stage-0 depends on stages: Stage-1

STAGE PLANS:
  Stage: Stage-1
    Tez
      Edges:
        Reducer 2 <- Map 1 (SIMPLE_EDGE), Map 4 (SIMPLE_EDGE)
        Reducer 3 <- Reducer 2 (SIMPLE_EDGE)
#### A masked pattern was here ####
      Vertices:
        Map 1 
            Map Operator Tree:
                TableScan
                  alias: srcpart
                  Statistics: Num rows: 2000 Data size: 21248 Basic stats: COMPLETE Column stats: NONE
                  Reduce Output Operator
                    key expressions: ds (type: string)
                    sort order: +
                    Map-reduce partition columns: ds (type: string)
                    Statistics: Num rows: 2000 Data size: 21248 Basic stats: COMPLETE Column stats: NONE
        Map 4 
            Map Operator Tree:
                TableScan
                  alias: srcpart_date
                  Statistics: Num rows: 2 Data size: 376 Basic stats: COMPLETE Column stats: NONE
                  Reduce Output Operator
                    key expressions: ds (type: string)
                    sort order: +
                    Map-reduce partition columns: ds (type: string)
                    Statistics: Num rows: 2 Data size: 376 Basic stats: COMPLETE Column stats: NONE
                    value expressions: date (type: string)
            Execution mode: vectorized
        Reducer 2 
            Reduce Operator Tree:
              Merge Join Operator
                condition map:
                     Outer Join 0 to 1
                keys:
                  0 ds (type: string)
                  1 ds (type: string)
                outputColumnNames: _col8
                Statistics: Num rows: 2200 Data size: 23372 Basic stats: COMPLETE Column stats: NONE
                Filter Operator
                  predicate: (_col8 = '2008-04-08') (type: boolean)
                  Statistics: Num rows: 1100 Data size: 11686 Basic stats: COMPLETE Column stats: NONE
                  Select Operator
                    Statistics: Num rows: 1100 Data size: 11686 Basic stats: COMPLETE Column stats: NONE
                    Group By Operator
                      aggregations: count()
                      mode: hash
                      outputColumnNames: _col0
                      Statistics: Num rows: 1 Data size: 8 Basic stats: COMPLETE Column stats: NONE
                      Reduce Output Operator
                        sort order: 
                        Statistics: Num rows: 1 Data size: 8 Basic stats: COMPLETE Column stats: NONE
                        value expressions: _col0 (type: bigint)
        Reducer 3 
            Reduce Operator Tree:
              Group By Operator
                aggregations: count(VALUE._col0)
                mode: mergepartial
                outputColumnNames: _col0
                Statistics: Num rows: 1 Data size: 8 Basic stats: COMPLETE Column stats: NONE
                File Output Operator
                  compressed: false
                  Statistics: Num rows: 1 Data size: 8 Basic stats: COMPLETE Column stats: NONE
                  table:
                      input format: org.apache.hadoop.mapred.TextInputFormat
                      output format: org.apache.hadoop.hive.ql.io.HiveIgnoreKeyTextOutputFormat
                      serde: org.apache.hadoop.hive.serde2.lazy.LazySimpleSerDe
            Execution mode: vectorized

  Stage: Stage-0
    Fetch Operator
      limit: -1
      Processor Tree:
        ListSink

PREHOOK: query: -- with static pruning
EXPLAIN select count(*) from srcpart join srcpart_date on (srcpart.ds = srcpart_date.ds) join srcpart_hour on (srcpart.hr = srcpart_hour.hr) 
where srcpart_date.`date` = '2008-04-08' and srcpart_hour.hour = 11 and srcpart.hr = 11
PREHOOK: type: QUERY
POSTHOOK: query: -- with static pruning
EXPLAIN select count(*) from srcpart join srcpart_date on (srcpart.ds = srcpart_date.ds) join srcpart_hour on (srcpart.hr = srcpart_hour.hr) 
where srcpart_date.`date` = '2008-04-08' and srcpart_hour.hour = 11 and srcpart.hr = 11
POSTHOOK: type: QUERY
STAGE DEPENDENCIES:
  Stage-1 is a root stage
  Stage-0 depends on stages: Stage-1

STAGE PLANS:
  Stage: Stage-1
    Tez
      Edges:
        Map 1 <- Map 3 (BROADCAST_EDGE), Map 4 (BROADCAST_EDGE)
        Reducer 2 <- Map 1 (SIMPLE_EDGE)
#### A masked pattern was here ####
      Vertices:
        Map 1 
            Map Operator Tree:
                TableScan
                  alias: srcpart
                  filterExpr: (hr = 11) (type: boolean)
                  Statistics: Num rows: 1000 Data size: 10624 Basic stats: COMPLETE Column stats: NONE
                  Map Join Operator
                    condition map:
                         Inner Join 0 to 1
                    keys:
                      0 ds (type: string)
                      1 ds (type: string)
                    input vertices:
                      1 Map 3
                    Statistics: Num rows: 1100 Data size: 11686 Basic stats: COMPLETE Column stats: NONE
                    HybridGraceHashJoin: true
                    Map Join Operator
                      condition map:
                           Inner Join 0 to 1
                      keys:
                        0 '11' (type: string)
                        1 '11' (type: string)
                      input vertices:
                        1 Map 4
                      Statistics: Num rows: 1210 Data size: 12854 Basic stats: COMPLETE Column stats: NONE
                      HybridGraceHashJoin: true
                      Group By Operator
                        aggregations: count()
                        mode: hash
                        outputColumnNames: _col0
                        Statistics: Num rows: 1 Data size: 8 Basic stats: COMPLETE Column stats: NONE
                        Reduce Output Operator
                          sort order: 
                          Statistics: Num rows: 1 Data size: 8 Basic stats: COMPLETE Column stats: NONE
                          value expressions: _col0 (type: bigint)
        Map 3 
            Map Operator Tree:
                TableScan
                  alias: srcpart_date
                  filterExpr: (ds is not null and (date = '2008-04-08')) (type: boolean)
                  Statistics: Num rows: 2 Data size: 376 Basic stats: COMPLETE Column stats: NONE
                  Filter Operator
                    predicate: (ds is not null and (date = '2008-04-08')) (type: boolean)
                    Statistics: Num rows: 1 Data size: 188 Basic stats: COMPLETE Column stats: NONE
                    Reduce Output Operator
                      key expressions: ds (type: string)
                      sort order: +
                      Map-reduce partition columns: ds (type: string)
                      Statistics: Num rows: 1 Data size: 188 Basic stats: COMPLETE Column stats: NONE
                    Select Operator
                      expressions: ds (type: string)
                      outputColumnNames: _col0
                      Statistics: Num rows: 1 Data size: 188 Basic stats: COMPLETE Column stats: NONE
                      Group By Operator
                        keys: _col0 (type: string)
                        mode: hash
                        outputColumnNames: _col0
                        Statistics: Num rows: 1 Data size: 188 Basic stats: COMPLETE Column stats: NONE
                        Dynamic Partitioning Event Operator
                          Target Input: srcpart
                          Partition key expr: ds
                          Statistics: Num rows: 1 Data size: 188 Basic stats: COMPLETE Column stats: NONE
                          Target column: ds
                          Target Vertex: Map 1
            Execution mode: vectorized
        Map 4 
            Map Operator Tree:
                TableScan
                  alias: srcpart_hour
                  filterExpr: ((hr is not null and (hour = 11)) and (hr = 11)) (type: boolean)
                  Statistics: Num rows: 2 Data size: 344 Basic stats: COMPLETE Column stats: NONE
                  Filter Operator
                    predicate: ((hr is not null and (hour = 11)) and (hr = 11)) (type: boolean)
                    Statistics: Num rows: 1 Data size: 172 Basic stats: COMPLETE Column stats: NONE
                    Reduce Output Operator
                      key expressions: '11' (type: string)
                      sort order: +
                      Map-reduce partition columns: '11' (type: string)
                      Statistics: Num rows: 1 Data size: 172 Basic stats: COMPLETE Column stats: NONE
                    Select Operator
                      expressions: '11' (type: string)
                      outputColumnNames: _col0
                      Statistics: Num rows: 1 Data size: 172 Basic stats: COMPLETE Column stats: NONE
                      Group By Operator
                        keys: _col0 (type: string)
                        mode: hash
                        outputColumnNames: _col0
                        Statistics: Num rows: 1 Data size: 172 Basic stats: COMPLETE Column stats: NONE
                        Dynamic Partitioning Event Operator
                          Target Input: srcpart
                          Partition key expr: hr
                          Statistics: Num rows: 1 Data size: 172 Basic stats: COMPLETE Column stats: NONE
                          Target column: hr
                          Target Vertex: Map 1
        Reducer 2 
            Reduce Operator Tree:
              Group By Operator
                aggregations: count(VALUE._col0)
                mode: mergepartial
                outputColumnNames: _col0
                Statistics: Num rows: 1 Data size: 8 Basic stats: COMPLETE Column stats: NONE
                File Output Operator
                  compressed: false
                  Statistics: Num rows: 1 Data size: 8 Basic stats: COMPLETE Column stats: NONE
                  table:
                      input format: org.apache.hadoop.mapred.TextInputFormat
                      output format: org.apache.hadoop.hive.ql.io.HiveIgnoreKeyTextOutputFormat
                      serde: org.apache.hadoop.hive.serde2.lazy.LazySimpleSerDe
            Execution mode: vectorized

  Stage: Stage-0
    Fetch Operator
      limit: -1
      Processor Tree:
        ListSink

PREHOOK: query: select count(*) from srcpart join srcpart_date on (srcpart.ds = srcpart_date.ds) join srcpart_hour on (srcpart.hr = srcpart_hour.hr) 
where srcpart_date.`date` = '2008-04-08' and srcpart_hour.hour = 11 and srcpart.hr = 11
PREHOOK: type: QUERY
PREHOOK: Input: default@srcpart
PREHOOK: Input: default@srcpart@ds=2008-04-08/hr=11
PREHOOK: Input: default@srcpart@ds=2008-04-09/hr=11
PREHOOK: Input: default@srcpart_date
PREHOOK: Input: default@srcpart_hour
#### A masked pattern was here ####
POSTHOOK: query: select count(*) from srcpart join srcpart_date on (srcpart.ds = srcpart_date.ds) join srcpart_hour on (srcpart.hr = srcpart_hour.hr) 
where srcpart_date.`date` = '2008-04-08' and srcpart_hour.hour = 11 and srcpart.hr = 11
POSTHOOK: type: QUERY
POSTHOOK: Input: default@srcpart
POSTHOOK: Input: default@srcpart@ds=2008-04-08/hr=11
POSTHOOK: Input: default@srcpart@ds=2008-04-09/hr=11
POSTHOOK: Input: default@srcpart_date
POSTHOOK: Input: default@srcpart_hour
#### A masked pattern was here ####
500
PREHOOK: query: EXPLAIN select count(*) from srcpart join srcpart_date on (srcpart.ds = srcpart_date.ds) join srcpart_hour on (srcpart.hr = srcpart_hour.hr) 
where srcpart_date.`date` = '2008-04-08' and srcpart.hr = 13
PREHOOK: type: QUERY
POSTHOOK: query: EXPLAIN select count(*) from srcpart join srcpart_date on (srcpart.ds = srcpart_date.ds) join srcpart_hour on (srcpart.hr = srcpart_hour.hr) 
where srcpart_date.`date` = '2008-04-08' and srcpart.hr = 13
POSTHOOK: type: QUERY
STAGE DEPENDENCIES:
  Stage-1 is a root stage
  Stage-0 depends on stages: Stage-1

STAGE PLANS:
  Stage: Stage-1
    Tez
      Edges:
        Map 2 <- Map 1 (BROADCAST_EDGE)
        Map 3 <- Map 2 (BROADCAST_EDGE)
        Reducer 4 <- Map 3 (SIMPLE_EDGE)
#### A masked pattern was here ####
      Vertices:
        Map 1 
            Map Operator Tree:
                TableScan
                  alias: srcpart
                  filterExpr: ((ds is not null and hr is not null) and (hr = 13)) (type: boolean)
                  Statistics: Num rows: 1 Data size: 0 Basic stats: PARTIAL Column stats: NONE
                  Filter Operator
                    predicate: ((ds is not null and hr is not null) and (hr = 13)) (type: boolean)
                    Statistics: Num rows: 1 Data size: 0 Basic stats: PARTIAL Column stats: NONE
                    Reduce Output Operator
                      key expressions: ds (type: string)
                      sort order: +
                      Map-reduce partition columns: ds (type: string)
                      Statistics: Num rows: 1 Data size: 0 Basic stats: PARTIAL Column stats: NONE
        Map 2 
            Map Operator Tree:
                TableScan
                  alias: srcpart_date
                  filterExpr: (ds is not null and (date = '2008-04-08')) (type: boolean)
                  Statistics: Num rows: 2 Data size: 376 Basic stats: COMPLETE Column stats: NONE
                  Filter Operator
                    predicate: (ds is not null and (date = '2008-04-08')) (type: boolean)
                    Statistics: Num rows: 1 Data size: 188 Basic stats: COMPLETE Column stats: NONE
                    Map Join Operator
                      condition map:
                           Inner Join 0 to 1
                      keys:
                        0 ds (type: string)
                        1 ds (type: string)
                      input vertices:
                        0 Map 1
                      Statistics: Num rows: 1 Data size: 0 Basic stats: PARTIAL Column stats: NONE
                      HybridGraceHashJoin: true
                      Reduce Output Operator
                        key expressions: '13' (type: string)
                        sort order: +
                        Map-reduce partition columns: '13' (type: string)
                        Statistics: Num rows: 1 Data size: 0 Basic stats: PARTIAL Column stats: NONE
            Execution mode: vectorized
        Map 3 
            Map Operator Tree:
                TableScan
                  alias: srcpart_hour
                  filterExpr: (hr = 13) (type: boolean)
                  Statistics: Num rows: 2 Data size: 344 Basic stats: COMPLETE Column stats: NONE
                  Filter Operator
                    predicate: (hr = 13) (type: boolean)
                    Statistics: Num rows: 1 Data size: 172 Basic stats: COMPLETE Column stats: NONE
                    Map Join Operator
                      condition map:
                           Inner Join 0 to 1
                      keys:
                        0 '13' (type: string)
                        1 '13' (type: string)
                      input vertices:
                        0 Map 2
                      Statistics: Num rows: 1 Data size: 0 Basic stats: PARTIAL Column stats: NONE
                      HybridGraceHashJoin: true
                      Group By Operator
                        aggregations: count()
                        mode: hash
                        outputColumnNames: _col0
                        Statistics: Num rows: 1 Data size: 8 Basic stats: COMPLETE Column stats: NONE
                        Reduce Output Operator
                          sort order: 
                          Statistics: Num rows: 1 Data size: 8 Basic stats: COMPLETE Column stats: NONE
                          value expressions: _col0 (type: bigint)
        Reducer 4 
            Reduce Operator Tree:
              Group By Operator
                aggregations: count(VALUE._col0)
                mode: mergepartial
                outputColumnNames: _col0
                Statistics: Num rows: 1 Data size: 8 Basic stats: COMPLETE Column stats: NONE
                File Output Operator
                  compressed: false
                  Statistics: Num rows: 1 Data size: 8 Basic stats: COMPLETE Column stats: NONE
                  table:
                      input format: org.apache.hadoop.mapred.TextInputFormat
                      output format: org.apache.hadoop.hive.ql.io.HiveIgnoreKeyTextOutputFormat
                      serde: org.apache.hadoop.hive.serde2.lazy.LazySimpleSerDe
            Execution mode: vectorized

  Stage: Stage-0
    Fetch Operator
      limit: -1
      Processor Tree:
        ListSink

PREHOOK: query: -- Disabled until TEZ-1486 is fixed
-- select count(*) from srcpart join srcpart_date on (srcpart.ds = srcpart_date.ds) join srcpart_hour on (srcpart.hr = srcpart_hour.hr) 
-- where srcpart_date.`date` = '2008-04-08' and srcpart.hr = 13;

-- union + subquery
EXPLAIN select distinct(ds) from srcpart where srcpart.ds in (select max(srcpart.ds) from srcpart union all select min(srcpart.ds) from srcpart)
PREHOOK: type: QUERY
POSTHOOK: query: -- Disabled until TEZ-1486 is fixed
-- select count(*) from srcpart join srcpart_date on (srcpart.ds = srcpart_date.ds) join srcpart_hour on (srcpart.hr = srcpart_hour.hr) 
-- where srcpart_date.`date` = '2008-04-08' and srcpart.hr = 13;

-- union + subquery
EXPLAIN select distinct(ds) from srcpart where srcpart.ds in (select max(srcpart.ds) from srcpart union all select min(srcpart.ds) from srcpart)
POSTHOOK: type: QUERY
STAGE DEPENDENCIES:
  Stage-1 is a root stage
  Stage-0 depends on stages: Stage-1

STAGE PLANS:
  Stage: Stage-1
    Tez
      Edges:
        Map 1 <- Union 5 (BROADCAST_EDGE)
        Reducer 2 <- Map 1 (SIMPLE_EDGE)
        Reducer 4 <- Map 3 (SIMPLE_EDGE), Union 5 (CONTAINS)
        Reducer 7 <- Map 6 (SIMPLE_EDGE), Union 5 (CONTAINS)
#### A masked pattern was here ####
      Vertices:
        Map 1 
            Map Operator Tree:
                TableScan
                  alias: srcpart
                  filterExpr: ds is not null (type: boolean)
                  Statistics: Num rows: 2000 Data size: 21248 Basic stats: COMPLETE Column stats: NONE
                  Select Operator
                    expressions: ds (type: string)
                    outputColumnNames: _col0
                    Statistics: Num rows: 2000 Data size: 21248 Basic stats: COMPLETE Column stats: NONE
                    Map Join Operator
                      condition map:
                           Left Semi Join 0 to 1
                      keys:
                        0 _col0 (type: string)
                        1 _col0 (type: string)
                      outputColumnNames: _col0
                      input vertices:
                        1 Union 5
                      Statistics: Num rows: 2200 Data size: 23372 Basic stats: COMPLETE Column stats: NONE
                      HybridGraceHashJoin: true
                      Group By Operator
                        keys: _col0 (type: string)
                        mode: hash
                        outputColumnNames: _col0
                        Statistics: Num rows: 2200 Data size: 23372 Basic stats: COMPLETE Column stats: NONE
                        Reduce Output Operator
                          key expressions: _col0 (type: string)
                          sort order: +
                          Map-reduce partition columns: _col0 (type: string)
                          Statistics: Num rows: 2200 Data size: 23372 Basic stats: COMPLETE Column stats: NONE
        Map 3 
            Map Operator Tree:
                TableScan
                  alias: srcpart
                  Statistics: Num rows: 2000 Data size: 21248 Basic stats: COMPLETE Column stats: NONE
                  Select Operator
                    expressions: ds (type: string)
                    outputColumnNames: _col0
                    Statistics: Num rows: 2000 Data size: 21248 Basic stats: COMPLETE Column stats: NONE
                    Group By Operator
                      aggregations: max(_col0)
                      mode: hash
                      outputColumnNames: _col0
                      Statistics: Num rows: 1 Data size: 84 Basic stats: COMPLETE Column stats: NONE
                      Reduce Output Operator
                        sort order: 
                        Statistics: Num rows: 1 Data size: 84 Basic stats: COMPLETE Column stats: NONE
                        value expressions: _col0 (type: string)
        Map 6 
            Map Operator Tree:
                TableScan
                  alias: srcpart
                  Statistics: Num rows: 2000 Data size: 21248 Basic stats: COMPLETE Column stats: NONE
                  Select Operator
                    expressions: ds (type: string)
                    outputColumnNames: _col0
                    Statistics: Num rows: 2000 Data size: 21248 Basic stats: COMPLETE Column stats: NONE
                    Group By Operator
                      aggregations: min(_col0)
                      mode: hash
                      outputColumnNames: _col0
                      Statistics: Num rows: 1 Data size: 84 Basic stats: COMPLETE Column stats: NONE
                      Reduce Output Operator
                        sort order: 
                        Statistics: Num rows: 1 Data size: 84 Basic stats: COMPLETE Column stats: NONE
                        value expressions: _col0 (type: string)
        Reducer 2 
            Reduce Operator Tree:
              Group By Operator
                keys: KEY._col0 (type: string)
                mode: mergepartial
                outputColumnNames: _col0
                Statistics: Num rows: 1100 Data size: 11686 Basic stats: COMPLETE Column stats: NONE
                File Output Operator
                  compressed: false
                  Statistics: Num rows: 1100 Data size: 11686 Basic stats: COMPLETE Column stats: NONE
                  table:
                      input format: org.apache.hadoop.mapred.TextInputFormat
                      output format: org.apache.hadoop.hive.ql.io.HiveIgnoreKeyTextOutputFormat
                      serde: org.apache.hadoop.hive.serde2.lazy.LazySimpleSerDe
            Execution mode: vectorized
        Reducer 4 
            Reduce Operator Tree:
              Group By Operator
                aggregations: max(VALUE._col0)
                mode: mergepartial
                outputColumnNames: _col0
                Statistics: Num rows: 1 Data size: 84 Basic stats: COMPLETE Column stats: NONE
                Filter Operator
                  predicate: _col0 is not null (type: boolean)
                  Statistics: Num rows: 1 Data size: 84 Basic stats: COMPLETE Column stats: NONE
                  Group By Operator
                    keys: _col0 (type: string)
                    mode: hash
                    outputColumnNames: _col0
                    Statistics: Num rows: 2 Data size: 168 Basic stats: COMPLETE Column stats: NONE
                    Reduce Output Operator
                      key expressions: _col0 (type: string)
                      sort order: +
                      Map-reduce partition columns: _col0 (type: string)
                      Statistics: Num rows: 2 Data size: 168 Basic stats: COMPLETE Column stats: NONE
                    Select Operator
                      expressions: _col0 (type: string)
                      outputColumnNames: _col0
                      Statistics: Num rows: 2 Data size: 168 Basic stats: COMPLETE Column stats: NONE
                      Group By Operator
                        keys: _col0 (type: string)
                        mode: hash
                        outputColumnNames: _col0
                        Statistics: Num rows: 2 Data size: 168 Basic stats: COMPLETE Column stats: NONE
                        Dynamic Partitioning Event Operator
                          Target Input: srcpart
                          Partition key expr: ds
                          Statistics: Num rows: 2 Data size: 168 Basic stats: COMPLETE Column stats: NONE
                          Target column: ds
                          Target Vertex: Map 1
        Reducer 7 
            Reduce Operator Tree:
              Group By Operator
                aggregations: min(VALUE._col0)
                mode: mergepartial
                outputColumnNames: _col0
                Statistics: Num rows: 1 Data size: 84 Basic stats: COMPLETE Column stats: NONE
                Filter Operator
                  predicate: _col0 is not null (type: boolean)
                  Statistics: Num rows: 1 Data size: 84 Basic stats: COMPLETE Column stats: NONE
                  Group By Operator
                    keys: _col0 (type: string)
                    mode: hash
                    outputColumnNames: _col0
                    Statistics: Num rows: 2 Data size: 168 Basic stats: COMPLETE Column stats: NONE
                    Reduce Output Operator
                      key expressions: _col0 (type: string)
                      sort order: +
                      Map-reduce partition columns: _col0 (type: string)
                      Statistics: Num rows: 2 Data size: 168 Basic stats: COMPLETE Column stats: NONE
                    Select Operator
                      expressions: _col0 (type: string)
                      outputColumnNames: _col0
                      Statistics: Num rows: 2 Data size: 168 Basic stats: COMPLETE Column stats: NONE
                      Group By Operator
                        keys: _col0 (type: string)
                        mode: hash
                        outputColumnNames: _col0
                        Statistics: Num rows: 2 Data size: 168 Basic stats: COMPLETE Column stats: NONE
                        Dynamic Partitioning Event Operator
                          Target Input: srcpart
                          Partition key expr: ds
                          Statistics: Num rows: 2 Data size: 168 Basic stats: COMPLETE Column stats: NONE
                          Target column: ds
                          Target Vertex: Map 1
        Union 5 
            Vertex: Union 5

  Stage: Stage-0
    Fetch Operator
      limit: -1
      Processor Tree:
        ListSink

PREHOOK: query: select distinct(ds) from srcpart where srcpart.ds in (select max(srcpart.ds) from srcpart union all select min(srcpart.ds) from srcpart)
PREHOOK: type: QUERY
PREHOOK: Input: default@srcpart
PREHOOK: Input: default@srcpart@ds=2008-04-08/hr=11
PREHOOK: Input: default@srcpart@ds=2008-04-08/hr=12
PREHOOK: Input: default@srcpart@ds=2008-04-09/hr=11
PREHOOK: Input: default@srcpart@ds=2008-04-09/hr=12
#### A masked pattern was here ####
POSTHOOK: query: select distinct(ds) from srcpart where srcpart.ds in (select max(srcpart.ds) from srcpart union all select min(srcpart.ds) from srcpart)
POSTHOOK: type: QUERY
POSTHOOK: Input: default@srcpart
POSTHOOK: Input: default@srcpart@ds=2008-04-08/hr=11
POSTHOOK: Input: default@srcpart@ds=2008-04-08/hr=12
POSTHOOK: Input: default@srcpart@ds=2008-04-09/hr=11
POSTHOOK: Input: default@srcpart@ds=2008-04-09/hr=12
#### A masked pattern was here ####
2008-04-08
2008-04-09
PREHOOK: query: -- different file format
create table srcpart_orc (key int, value string) partitioned by (ds string, hr int) stored as orc
PREHOOK: type: CREATETABLE
PREHOOK: Output: database:default
PREHOOK: Output: default@srcpart_orc
POSTHOOK: query: -- different file format
create table srcpart_orc (key int, value string) partitioned by (ds string, hr int) stored as orc
POSTHOOK: type: CREATETABLE
POSTHOOK: Output: database:default
POSTHOOK: Output: default@srcpart_orc
PREHOOK: query: insert into table srcpart_orc partition (ds, hr) select key, value, ds, hr from srcpart
PREHOOK: type: QUERY
PREHOOK: Input: default@srcpart
PREHOOK: Input: default@srcpart@ds=2008-04-08/hr=11
PREHOOK: Input: default@srcpart@ds=2008-04-08/hr=12
PREHOOK: Input: default@srcpart@ds=2008-04-09/hr=11
PREHOOK: Input: default@srcpart@ds=2008-04-09/hr=12
PREHOOK: Output: default@srcpart_orc
POSTHOOK: query: insert into table srcpart_orc partition (ds, hr) select key, value, ds, hr from srcpart
POSTHOOK: type: QUERY
POSTHOOK: Input: default@srcpart
POSTHOOK: Input: default@srcpart@ds=2008-04-08/hr=11
POSTHOOK: Input: default@srcpart@ds=2008-04-08/hr=12
POSTHOOK: Input: default@srcpart@ds=2008-04-09/hr=11
POSTHOOK: Input: default@srcpart@ds=2008-04-09/hr=12
POSTHOOK: Output: default@srcpart_orc@ds=2008-04-08/hr=11
POSTHOOK: Output: default@srcpart_orc@ds=2008-04-08/hr=12
POSTHOOK: Output: default@srcpart_orc@ds=2008-04-09/hr=11
POSTHOOK: Output: default@srcpart_orc@ds=2008-04-09/hr=12
POSTHOOK: Lineage: srcpart_orc PARTITION(ds=2008-04-08,hr=11).key EXPRESSION [(srcpart)srcpart.FieldSchema(name:key, type:string, comment:default), ]
POSTHOOK: Lineage: srcpart_orc PARTITION(ds=2008-04-08,hr=11).value SIMPLE [(srcpart)srcpart.FieldSchema(name:value, type:string, comment:default), ]
POSTHOOK: Lineage: srcpart_orc PARTITION(ds=2008-04-08,hr=12).key EXPRESSION [(srcpart)srcpart.FieldSchema(name:key, type:string, comment:default), ]
POSTHOOK: Lineage: srcpart_orc PARTITION(ds=2008-04-08,hr=12).value SIMPLE [(srcpart)srcpart.FieldSchema(name:value, type:string, comment:default), ]
POSTHOOK: Lineage: srcpart_orc PARTITION(ds=2008-04-09,hr=11).key EXPRESSION [(srcpart)srcpart.FieldSchema(name:key, type:string, comment:default), ]
POSTHOOK: Lineage: srcpart_orc PARTITION(ds=2008-04-09,hr=11).value SIMPLE [(srcpart)srcpart.FieldSchema(name:value, type:string, comment:default), ]
POSTHOOK: Lineage: srcpart_orc PARTITION(ds=2008-04-09,hr=12).key EXPRESSION [(srcpart)srcpart.FieldSchema(name:key, type:string, comment:default), ]
POSTHOOK: Lineage: srcpart_orc PARTITION(ds=2008-04-09,hr=12).value SIMPLE [(srcpart)srcpart.FieldSchema(name:value, type:string, comment:default), ]
PREHOOK: query: EXPLAIN select count(*) from srcpart_orc join srcpart_date_hour on (srcpart_orc.ds = srcpart_date_hour.ds and srcpart_orc.hr = srcpart_date_hour.hr) where srcpart_date_hour.hour = 11 and (srcpart_date_hour.`date` = '2008-04-08' or srcpart_date_hour.`date` = '2008-04-09')
PREHOOK: type: QUERY
POSTHOOK: query: EXPLAIN select count(*) from srcpart_orc join srcpart_date_hour on (srcpart_orc.ds = srcpart_date_hour.ds and srcpart_orc.hr = srcpart_date_hour.hr) where srcpart_date_hour.hour = 11 and (srcpart_date_hour.`date` = '2008-04-08' or srcpart_date_hour.`date` = '2008-04-09')
POSTHOOK: type: QUERY
STAGE DEPENDENCIES:
  Stage-1 is a root stage
  Stage-0 depends on stages: Stage-1

STAGE PLANS:
  Stage: Stage-1
    Tez
      Edges:
        Map 1 <- Map 3 (BROADCAST_EDGE)
        Reducer 2 <- Map 1 (SIMPLE_EDGE)
#### A masked pattern was here ####
      Vertices:
        Map 1 
            Map Operator Tree:
                TableScan
                  alias: srcpart_orc
                  filterExpr: UDFToDouble(hr) is not null (type: boolean)
                  Statistics: Num rows: 2000 Data size: 188000 Basic stats: COMPLETE Column stats: NONE
                  Filter Operator
                    predicate: UDFToDouble(hr) is not null (type: boolean)
                    Statistics: Num rows: 1000 Data size: 94000 Basic stats: COMPLETE Column stats: NONE
                    Map Join Operator
                      condition map:
                           Inner Join 0 to 1
                      keys:
                        0 ds (type: string), UDFToDouble(hr) (type: double)
                        1 ds (type: string), UDFToDouble(hr) (type: double)
                      input vertices:
                        1 Map 3
                      Statistics: Num rows: 1100 Data size: 103400 Basic stats: COMPLETE Column stats: NONE
                      HybridGraceHashJoin: true
                      Group By Operator
                        aggregations: count()
                        mode: hash
                        outputColumnNames: _col0
                        Statistics: Num rows: 1 Data size: 8 Basic stats: COMPLETE Column stats: NONE
                        Reduce Output Operator
                          sort order: 
                          Statistics: Num rows: 1 Data size: 8 Basic stats: COMPLETE Column stats: NONE
                          value expressions: _col0 (type: bigint)
        Map 3 
            Map Operator Tree:
                TableScan
                  alias: srcpart_date_hour
                  filterExpr: (((ds is not null and UDFToDouble(hr) is not null) and (hour = 11)) and ((date = '2008-04-08') or (date = '2008-04-09'))) (type: boolean)
                  Statistics: Num rows: 4 Data size: 1440 Basic stats: COMPLETE Column stats: NONE
                  Filter Operator
                    predicate: (((ds is not null and UDFToDouble(hr) is not null) and (hour = 11)) and ((date = '2008-04-08') or (date = '2008-04-09'))) (type: boolean)
                    Statistics: Num rows: 1 Data size: 360 Basic stats: COMPLETE Column stats: NONE
                    Reduce Output Operator
                      key expressions: ds (type: string), UDFToDouble(hr) (type: double)
                      sort order: ++
                      Map-reduce partition columns: ds (type: string), UDFToDouble(hr) (type: double)
                      Statistics: Num rows: 1 Data size: 360 Basic stats: COMPLETE Column stats: NONE
                    Select Operator
                      expressions: ds (type: string)
                      outputColumnNames: _col0
                      Statistics: Num rows: 1 Data size: 360 Basic stats: COMPLETE Column stats: NONE
                      Group By Operator
                        keys: _col0 (type: string)
                        mode: hash
                        outputColumnNames: _col0
                        Statistics: Num rows: 1 Data size: 360 Basic stats: COMPLETE Column stats: NONE
                        Dynamic Partitioning Event Operator
                          Target Input: srcpart_orc
                          Partition key expr: ds
                          Statistics: Num rows: 1 Data size: 360 Basic stats: COMPLETE Column stats: NONE
                          Target column: ds
                          Target Vertex: Map 1
                    Select Operator
                      expressions: UDFToDouble(hr) (type: double)
                      outputColumnNames: _col0
                      Statistics: Num rows: 1 Data size: 360 Basic stats: COMPLETE Column stats: NONE
                      Group By Operator
                        keys: _col0 (type: double)
                        mode: hash
                        outputColumnNames: _col0
                        Statistics: Num rows: 1 Data size: 360 Basic stats: COMPLETE Column stats: NONE
                        Dynamic Partitioning Event Operator
                          Target Input: srcpart_orc
                          Partition key expr: UDFToDouble(hr)
                          Statistics: Num rows: 1 Data size: 360 Basic stats: COMPLETE Column stats: NONE
                          Target column: hr
                          Target Vertex: Map 1
        Reducer 2 
            Reduce Operator Tree:
              Group By Operator
                aggregations: count(VALUE._col0)
                mode: mergepartial
                outputColumnNames: _col0
                Statistics: Num rows: 1 Data size: 8 Basic stats: COMPLETE Column stats: NONE
                File Output Operator
                  compressed: false
                  Statistics: Num rows: 1 Data size: 8 Basic stats: COMPLETE Column stats: NONE
                  table:
                      input format: org.apache.hadoop.mapred.TextInputFormat
                      output format: org.apache.hadoop.hive.ql.io.HiveIgnoreKeyTextOutputFormat
                      serde: org.apache.hadoop.hive.serde2.lazy.LazySimpleSerDe

  Stage: Stage-0
    Fetch Operator
      limit: -1
      Processor Tree:
        ListSink

PREHOOK: query: select count(*) from srcpart_orc join srcpart_date_hour on (srcpart_orc.ds = srcpart_date_hour.ds and srcpart_orc.hr = srcpart_date_hour.hr) where srcpart_date_hour.hour = 11 and (srcpart_date_hour.`date` = '2008-04-08' or srcpart_date_hour.`date` = '2008-04-09')
PREHOOK: type: QUERY
PREHOOK: Input: default@srcpart_date_hour
PREHOOK: Input: default@srcpart_orc
PREHOOK: Input: default@srcpart_orc@ds=2008-04-08/hr=11
PREHOOK: Input: default@srcpart_orc@ds=2008-04-08/hr=12
PREHOOK: Input: default@srcpart_orc@ds=2008-04-09/hr=11
PREHOOK: Input: default@srcpart_orc@ds=2008-04-09/hr=12
#### A masked pattern was here ####
POSTHOOK: query: select count(*) from srcpart_orc join srcpart_date_hour on (srcpart_orc.ds = srcpart_date_hour.ds and srcpart_orc.hr = srcpart_date_hour.hr) where srcpart_date_hour.hour = 11 and (srcpart_date_hour.`date` = '2008-04-08' or srcpart_date_hour.`date` = '2008-04-09')
POSTHOOK: type: QUERY
POSTHOOK: Input: default@srcpart_date_hour
POSTHOOK: Input: default@srcpart_orc
POSTHOOK: Input: default@srcpart_orc@ds=2008-04-08/hr=11
POSTHOOK: Input: default@srcpart_orc@ds=2008-04-08/hr=12
POSTHOOK: Input: default@srcpart_orc@ds=2008-04-09/hr=11
POSTHOOK: Input: default@srcpart_orc@ds=2008-04-09/hr=12
#### A masked pattern was here ####
1000
PREHOOK: query: select count(*) from srcpart where (ds = '2008-04-08' or ds = '2008-04-09') and hr = 11
PREHOOK: type: QUERY
PREHOOK: Input: default@srcpart
PREHOOK: Input: default@srcpart@ds=2008-04-08/hr=11
PREHOOK: Input: default@srcpart@ds=2008-04-09/hr=11
#### A masked pattern was here ####
POSTHOOK: query: select count(*) from srcpart where (ds = '2008-04-08' or ds = '2008-04-09') and hr = 11
POSTHOOK: type: QUERY
POSTHOOK: Input: default@srcpart
POSTHOOK: Input: default@srcpart@ds=2008-04-08/hr=11
POSTHOOK: Input: default@srcpart@ds=2008-04-09/hr=11
#### A masked pattern was here ####
1000
PREHOOK: query: drop table srcpart_orc
PREHOOK: type: DROPTABLE
PREHOOK: Input: default@srcpart_orc
PREHOOK: Output: default@srcpart_orc
POSTHOOK: query: drop table srcpart_orc
POSTHOOK: type: DROPTABLE
POSTHOOK: Input: default@srcpart_orc
POSTHOOK: Output: default@srcpart_orc
PREHOOK: query: drop table srcpart_date
PREHOOK: type: DROPTABLE
PREHOOK: Input: default@srcpart_date
PREHOOK: Output: default@srcpart_date
POSTHOOK: query: drop table srcpart_date
POSTHOOK: type: DROPTABLE
POSTHOOK: Input: default@srcpart_date
POSTHOOK: Output: default@srcpart_date
PREHOOK: query: drop table srcpart_hour
PREHOOK: type: DROPTABLE
PREHOOK: Input: default@srcpart_hour
PREHOOK: Output: default@srcpart_hour
POSTHOOK: query: drop table srcpart_hour
POSTHOOK: type: DROPTABLE
POSTHOOK: Input: default@srcpart_hour
POSTHOOK: Output: default@srcpart_hour
PREHOOK: query: drop table srcpart_date_hour
PREHOOK: type: DROPTABLE
PREHOOK: Input: default@srcpart_date_hour
PREHOOK: Output: default@srcpart_date_hour
POSTHOOK: query: drop table srcpart_date_hour
POSTHOOK: type: DROPTABLE
POSTHOOK: Input: default@srcpart_date_hour
POSTHOOK: Output: default@srcpart_date_hour
PREHOOK: query: drop table srcpart_double_hour
PREHOOK: type: DROPTABLE
PREHOOK: Input: default@srcpart_double_hour
PREHOOK: Output: default@srcpart_double_hour
POSTHOOK: query: drop table srcpart_double_hour
POSTHOOK: type: DROPTABLE
POSTHOOK: Input: default@srcpart_double_hour
POSTHOOK: Output: default@srcpart_double_hour
