PREHOOK: query: CREATE TABLE over1k(t tinyint,
           si smallint,
           i int,
           b bigint,
           f float,
           d double,
           bo boolean,
           s string,
           ts timestamp,
           dec decimal(4,2),
           bin binary)
ROW FORMAT DELIMITED FIELDS TERMINATED BY '|'
STORED AS TEXTFILE
PREHOOK: type: CREATETABLE
PREHOOK: Output: database:default
PREHOOK: Output: default@over1k
POSTHOOK: query: CREATE TABLE over1k(t tinyint,
           si smallint,
           i int,
           b bigint,
           f float,
           d double,
           bo boolean,
           s string,
           ts timestamp,
           dec decimal(4,2),
           bin binary)
ROW FORMAT DELIMITED FIELDS TERMINATED BY '|'
STORED AS TEXTFILE
POSTHOOK: type: CREATETABLE
POSTHOOK: Output: database:default
POSTHOOK: Output: default@over1k
PREHOOK: query: LOAD DATA LOCAL INPATH '../../data/files/over1k' OVERWRITE INTO TABLE over1k
PREHOOK: type: LOAD
#### A masked pattern was here ####
PREHOOK: Output: default@over1k
POSTHOOK: query: LOAD DATA LOCAL INPATH '../../data/files/over1k' OVERWRITE INTO TABLE over1k
POSTHOOK: type: LOAD
#### A masked pattern was here ####
POSTHOOK: Output: default@over1k
PREHOOK: query: CREATE TABLE t1(dec decimal(4,2)) STORED AS ORC
PREHOOK: type: CREATETABLE
PREHOOK: Output: database:default
PREHOOK: Output: default@t1
POSTHOOK: query: CREATE TABLE t1(dec decimal(4,2)) STORED AS ORC
POSTHOOK: type: CREATETABLE
POSTHOOK: Output: database:default
POSTHOOK: Output: default@t1
PREHOOK: query: INSERT INTO TABLE t1 select dec from over1k
PREHOOK: type: QUERY
PREHOOK: Input: default@over1k
PREHOOK: Output: default@t1
POSTHOOK: query: INSERT INTO TABLE t1 select dec from over1k
POSTHOOK: type: QUERY
POSTHOOK: Input: default@over1k
POSTHOOK: Output: default@t1
POSTHOOK: Lineage: t1.dec SIMPLE [(over1k)over1k.FieldSchema(name:dec, type:decimal(4,2), comment:null), ]
PREHOOK: query: CREATE TABLE t2(dec decimal(4,0)) STORED AS ORC
PREHOOK: type: CREATETABLE
PREHOOK: Output: database:default
PREHOOK: Output: default@t2
POSTHOOK: query: CREATE TABLE t2(dec decimal(4,0)) STORED AS ORC
POSTHOOK: type: CREATETABLE
POSTHOOK: Output: database:default
POSTHOOK: Output: default@t2
PREHOOK: query: INSERT INTO TABLE t2 select dec from over1k
PREHOOK: type: QUERY
PREHOOK: Input: default@over1k
PREHOOK: Output: default@t2
POSTHOOK: query: INSERT INTO TABLE t2 select dec from over1k
POSTHOOK: type: QUERY
POSTHOOK: Input: default@over1k
POSTHOOK: Output: default@t2
POSTHOOK: Lineage: t2.dec EXPRESSION [(over1k)over1k.FieldSchema(name:dec, type:decimal(4,2), comment:null), ]
PREHOOK: query: explain
select t1.dec, t2.dec from t1 join t2 on (t1.dec=t2.dec)
PREHOOK: type: QUERY
POSTHOOK: query: explain
select t1.dec, t2.dec from t1 join t2 on (t1.dec=t2.dec)
POSTHOOK: type: QUERY
STAGE DEPENDENCIES:
  Stage-1 is a root stage
  Stage-0 depends on stages: Stage-1

STAGE PLANS:
  Stage: Stage-1
    Tez
      Edges:
        Map 1 <- Map 2 (BROADCAST_EDGE)
#### A masked pattern was here ####
      Vertices:
        Map 1 
            Map Operator Tree:
                TableScan
                  alias: t1
                  Statistics: Num rows: 1049 Data size: 117488 Basic stats: COMPLETE Column stats: NONE
                  Filter Operator
                    predicate: dec is not null (type: boolean)
                    Statistics: Num rows: 525 Data size: 58800 Basic stats: COMPLETE Column stats: NONE
                    Map Join Operator
                      condition map:
                           Inner Join 0 to 1
                      keys:
                        0 dec (type: decimal(6,2))
                        1 dec (type: decimal(6,2))
                      outputColumnNames: _col0, _col4
                      input vertices:
                        1 Map 2
                      Statistics: Num rows: 577 Data size: 64680 Basic stats: COMPLETE Column stats: NONE
                      HybridGraceHashJoin: true
                      Select Operator
                        expressions: _col0 (type: decimal(4,2)), _col4 (type: decimal(4,0))
                        outputColumnNames: _col0, _col1
                        Statistics: Num rows: 577 Data size: 64680 Basic stats: COMPLETE Column stats: NONE
                        File Output Operator
                          compressed: false
                          Statistics: Num rows: 577 Data size: 64680 Basic stats: COMPLETE Column stats: NONE
                          table:
                              input format: org.apache.hadoop.mapred.TextInputFormat
                              output format: org.apache.hadoop.hive.ql.io.HiveIgnoreKeyTextOutputFormat
                              serde: org.apache.hadoop.hive.serde2.lazy.LazySimpleSerDe
            Execution mode: vectorized
        Map 2 
            Map Operator Tree:
                TableScan
                  alias: t2
                  Statistics: Num rows: 1049 Data size: 117488 Basic stats: COMPLETE Column stats: NONE
                  Filter Operator
                    predicate: dec is not null (type: boolean)
                    Statistics: Num rows: 525 Data size: 58800 Basic stats: COMPLETE Column stats: NONE
                    Reduce Output Operator
                      key expressions: dec (type: decimal(6,2))
                      sort order: +
                      Map-reduce partition columns: dec (type: decimal(6,2))
                      Statistics: Num rows: 525 Data size: 58800 Basic stats: COMPLETE Column stats: NONE
                      value expressions: dec (type: decimal(4,0))
            Execution mode: vectorized

  Stage: Stage-0
    Fetch Operator
      limit: -1
      Processor Tree:
        ListSink

PREHOOK: query: -- SORT_QUERY_RESULTS

select t1.dec, t2.dec from t1 join t2 on (t1.dec=t2.dec)
PREHOOK: type: QUERY
PREHOOK: Input: default@t1
PREHOOK: Input: default@t2
#### A masked pattern was here ####
POSTHOOK: query: -- SORT_QUERY_RESULTS

select t1.dec, t2.dec from t1 join t2 on (t1.dec=t2.dec)
POSTHOOK: type: QUERY
POSTHOOK: Input: default@t1
POSTHOOK: Input: default@t2
#### A masked pattern was here ####
14	14
14	14
14	14
14	14
14	14
14	14
14	14
14	14
14	14
17	17
17	17
17	17
17	17
17	17
17	17
17	17
17	17
17	17
17	17
45	45
45	45
45	45
45	45
45	45
6	6
6	6
6	6
6	6
6	6
6	6
62	62
62	62
62	62
62	62
62	62
62	62
62	62
62	62
62	62
62	62
62	62
62	62
64	64
64	64
64	64
64	64
64	64
64	64
64	64
64	64
64	64
64	64
64	64
64	64
64	64
64	64
64	64
64	64
64	64
64	64
70	70
70	70
70	70
70	70
70	70
70	70
70	70
79	79
79	79
79	79
79	79
79	79
79	79
89	89
89	89
89	89
89	89
89	89
89	89
89	89
89	89
89	89
89	89
89	89
89	89
9	9
9	9
9	9
9	9
9	9
9	9
9	9
9	9
9	9
9	9
9	9
9	9
9	9
9	9
9	9
9	9
9	9
9	9
9	9
9	9
9	9
