PREHOOK: query: create table if not exists loc_staging_n3 (
  state string,
  locid int,
  zip bigint,
  year int
) row format delimited fields terminated by '|' stored as textfile
PREHOOK: type: CREATETABLE
PREHOOK: Output: database:default
PREHOOK: Output: default@loc_staging_n3
POSTHOOK: query: create table if not exists loc_staging_n3 (
  state string,
  locid int,
  zip bigint,
  year int
) row format delimited fields terminated by '|' stored as textfile
POSTHOOK: type: CREATETABLE
POSTHOOK: Output: database:default
POSTHOOK: Output: default@loc_staging_n3
PREHOOK: query: create table loc_orc_n3 like loc_staging_n3
PREHOOK: type: CREATETABLE
PREHOOK: Output: database:default
PREHOOK: Output: default@loc_orc_n3
POSTHOOK: query: create table loc_orc_n3 like loc_staging_n3
POSTHOOK: type: CREATETABLE
POSTHOOK: Output: database:default
POSTHOOK: Output: default@loc_orc_n3
PREHOOK: query: alter table loc_orc_n3 set fileformat orc
PREHOOK: type: ALTERTABLE_FILEFORMAT
PREHOOK: Input: default@loc_orc_n3
PREHOOK: Output: default@loc_orc_n3
POSTHOOK: query: alter table loc_orc_n3 set fileformat orc
POSTHOOK: type: ALTERTABLE_FILEFORMAT
POSTHOOK: Input: default@loc_orc_n3
POSTHOOK: Output: default@loc_orc_n3
PREHOOK: query: load data local inpath '../../data/files/loc.txt' overwrite into table loc_staging_n3
PREHOOK: type: LOAD
#### A masked pattern was here ####
PREHOOK: Output: default@loc_staging_n3
POSTHOOK: query: load data local inpath '../../data/files/loc.txt' overwrite into table loc_staging_n3
POSTHOOK: type: LOAD
#### A masked pattern was here ####
POSTHOOK: Output: default@loc_staging_n3
PREHOOK: query: insert overwrite table loc_orc_n3 select * from loc_staging_n3
PREHOOK: type: QUERY
PREHOOK: Input: default@loc_staging_n3
PREHOOK: Output: default@loc_orc_n3
POSTHOOK: query: insert overwrite table loc_orc_n3 select * from loc_staging_n3
POSTHOOK: type: QUERY
POSTHOOK: Input: default@loc_staging_n3
POSTHOOK: Output: default@loc_orc_n3
POSTHOOK: Lineage: loc_orc_n3.locid SIMPLE [(loc_staging_n3)loc_staging_n3.FieldSchema(name:locid, type:int, comment:null), ]
POSTHOOK: Lineage: loc_orc_n3.state SIMPLE [(loc_staging_n3)loc_staging_n3.FieldSchema(name:state, type:string, comment:null), ]
POSTHOOK: Lineage: loc_orc_n3.year SIMPLE [(loc_staging_n3)loc_staging_n3.FieldSchema(name:year, type:int, comment:null), ]
POSTHOOK: Lineage: loc_orc_n3.zip SIMPLE [(loc_staging_n3)loc_staging_n3.FieldSchema(name:zip, type:bigint, comment:null), ]
PREHOOK: query: analyze table loc_orc_n3 compute statistics for columns state,locid,zip,year
PREHOOK: type: ANALYZE_TABLE
PREHOOK: Input: default@loc_orc_n3
PREHOOK: Output: default@loc_orc_n3
#### A masked pattern was here ####
POSTHOOK: query: analyze table loc_orc_n3 compute statistics for columns state,locid,zip,year
POSTHOOK: type: ANALYZE_TABLE
POSTHOOK: Input: default@loc_orc_n3
POSTHOOK: Output: default@loc_orc_n3
#### A masked pattern was here ####
PREHOOK: query: explain select state from loc_orc_n3
PREHOOK: type: QUERY
PREHOOK: Input: default@loc_orc_n3
#### A masked pattern was here ####
POSTHOOK: query: explain select state from loc_orc_n3
POSTHOOK: type: QUERY
POSTHOOK: Input: default@loc_orc_n3
#### A masked pattern was here ####
STAGE DEPENDENCIES:
  Stage-0 is a root stage

STAGE PLANS:
  Stage: Stage-0
    Fetch Operator
      limit: -1
      Processor Tree:
        TableScan
          alias: loc_orc_n3
          Select Operator
            expressions: state (type: string)
            outputColumnNames: _col0
            ListSink

PREHOOK: query: explain select * from (select state from loc_orc_n3 union all select state from loc_orc_n3) tmp
PREHOOK: type: QUERY
PREHOOK: Input: default@loc_orc_n3
#### A masked pattern was here ####
POSTHOOK: query: explain select * from (select state from loc_orc_n3 union all select state from loc_orc_n3) tmp
POSTHOOK: type: QUERY
POSTHOOK: Input: default@loc_orc_n3
#### A masked pattern was here ####
STAGE DEPENDENCIES:
  Stage-1 is a root stage
  Stage-0 depends on stages: Stage-1

STAGE PLANS:
  Stage: Stage-1
    Tez
#### A masked pattern was here ####
      Edges:
        Map 1 <- Union 2 (CONTAINS)
        Map 3 <- Union 2 (CONTAINS)
#### A masked pattern was here ####
      Vertices:
        Map 1 
            Map Operator Tree:
                TableScan
                  alias: loc_orc_n3
                  Statistics: Num rows: 8 Data size: 688 Basic stats: COMPLETE Column stats: COMPLETE
                  Select Operator
                    expressions: state (type: string)
                    outputColumnNames: _col0
                    Statistics: Num rows: 8 Data size: 688 Basic stats: COMPLETE Column stats: COMPLETE
                    File Output Operator
                      compressed: false
                      Statistics: Num rows: 16 Data size: 1376 Basic stats: COMPLETE Column stats: COMPLETE
                      table:
                          input format: org.apache.hadoop.mapred.SequenceFileInputFormat
                          output format: org.apache.hadoop.hive.ql.io.HiveSequenceFileOutputFormat
                          serde: org.apache.hadoop.hive.serde2.lazy.LazySimpleSerDe
            Execution mode: vectorized, llap
            LLAP IO: all inputs
        Map 3 
            Map Operator Tree:
                TableScan
                  alias: loc_orc_n3
                  Statistics: Num rows: 8 Data size: 688 Basic stats: COMPLETE Column stats: COMPLETE
                  Select Operator
                    expressions: state (type: string)
                    outputColumnNames: _col0
                    Statistics: Num rows: 8 Data size: 688 Basic stats: COMPLETE Column stats: COMPLETE
                    File Output Operator
                      compressed: false
                      Statistics: Num rows: 16 Data size: 1376 Basic stats: COMPLETE Column stats: COMPLETE
                      table:
                          input format: org.apache.hadoop.mapred.SequenceFileInputFormat
                          output format: org.apache.hadoop.hive.ql.io.HiveSequenceFileOutputFormat
                          serde: org.apache.hadoop.hive.serde2.lazy.LazySimpleSerDe
            Execution mode: vectorized, llap
            LLAP IO: all inputs
        Union 2 
            Vertex: Union 2

  Stage: Stage-0
    Fetch Operator
      limit: -1
      Processor Tree:
        ListSink

PREHOOK: query: explain select * from loc_orc_n3
PREHOOK: type: QUERY
PREHOOK: Input: default@loc_orc_n3
#### A masked pattern was here ####
POSTHOOK: query: explain select * from loc_orc_n3
POSTHOOK: type: QUERY
POSTHOOK: Input: default@loc_orc_n3
#### A masked pattern was here ####
STAGE DEPENDENCIES:
  Stage-0 is a root stage

STAGE PLANS:
  Stage: Stage-0
    Fetch Operator
      limit: -1
      Processor Tree:
        TableScan
          alias: loc_orc_n3
          Select Operator
            expressions: state (type: string), locid (type: int), zip (type: bigint), year (type: int)
            outputColumnNames: _col0, _col1, _col2, _col3
            ListSink

PREHOOK: query: explain select * from (select * from loc_orc_n3 union all select * from loc_orc_n3) tmp
PREHOOK: type: QUERY
PREHOOK: Input: default@loc_orc_n3
#### A masked pattern was here ####
POSTHOOK: query: explain select * from (select * from loc_orc_n3 union all select * from loc_orc_n3) tmp
POSTHOOK: type: QUERY
POSTHOOK: Input: default@loc_orc_n3
#### A masked pattern was here ####
STAGE DEPENDENCIES:
  Stage-1 is a root stage
  Stage-0 depends on stages: Stage-1

STAGE PLANS:
  Stage: Stage-1
    Tez
#### A masked pattern was here ####
      Edges:
        Map 1 <- Union 2 (CONTAINS)
        Map 3 <- Union 2 (CONTAINS)
#### A masked pattern was here ####
      Vertices:
        Map 1 
            Map Operator Tree:
                TableScan
                  alias: loc_orc_n3
                  Statistics: Num rows: 8 Data size: 816 Basic stats: COMPLETE Column stats: COMPLETE
                  Select Operator
                    expressions: state (type: string), locid (type: int), zip (type: bigint), year (type: int)
                    outputColumnNames: _col0, _col1, _col2, _col3
                    Statistics: Num rows: 8 Data size: 816 Basic stats: COMPLETE Column stats: COMPLETE
                    File Output Operator
                      compressed: false
                      Statistics: Num rows: 16 Data size: 1632 Basic stats: COMPLETE Column stats: COMPLETE
                      table:
                          input format: org.apache.hadoop.mapred.SequenceFileInputFormat
                          output format: org.apache.hadoop.hive.ql.io.HiveSequenceFileOutputFormat
                          serde: org.apache.hadoop.hive.serde2.lazy.LazySimpleSerDe
            Execution mode: vectorized, llap
            LLAP IO: all inputs
        Map 3 
            Map Operator Tree:
                TableScan
                  alias: loc_orc_n3
                  Statistics: Num rows: 8 Data size: 816 Basic stats: COMPLETE Column stats: COMPLETE
                  Select Operator
                    expressions: state (type: string), locid (type: int), zip (type: bigint), year (type: int)
                    outputColumnNames: _col0, _col1, _col2, _col3
                    Statistics: Num rows: 8 Data size: 816 Basic stats: COMPLETE Column stats: COMPLETE
                    File Output Operator
                      compressed: false
                      Statistics: Num rows: 16 Data size: 1632 Basic stats: COMPLETE Column stats: COMPLETE
                      table:
                          input format: org.apache.hadoop.mapred.SequenceFileInputFormat
                          output format: org.apache.hadoop.hive.ql.io.HiveSequenceFileOutputFormat
                          serde: org.apache.hadoop.hive.serde2.lazy.LazySimpleSerDe
            Execution mode: vectorized, llap
            LLAP IO: all inputs
        Union 2 
            Vertex: Union 2

  Stage: Stage-0
    Fetch Operator
      limit: -1
      Processor Tree:
        ListSink

PREHOOK: query: create database test
PREHOOK: type: CREATEDATABASE
PREHOOK: Output: database:test
POSTHOOK: query: create database test
POSTHOOK: type: CREATEDATABASE
POSTHOOK: Output: database:test
PREHOOK: query: use test
PREHOOK: type: SWITCHDATABASE
PREHOOK: Input: database:test
POSTHOOK: query: use test
POSTHOOK: type: SWITCHDATABASE
POSTHOOK: Input: database:test
PREHOOK: query: create table if not exists loc_staging_n3 (
  state string,
  locid int,
  zip bigint,
  year int
) row format delimited fields terminated by '|' stored as textfile
PREHOOK: type: CREATETABLE
PREHOOK: Output: database:test
PREHOOK: Output: test@loc_staging_n3
POSTHOOK: query: create table if not exists loc_staging_n3 (
  state string,
  locid int,
  zip bigint,
  year int
) row format delimited fields terminated by '|' stored as textfile
POSTHOOK: type: CREATETABLE
POSTHOOK: Output: database:test
POSTHOOK: Output: test@loc_staging_n3
PREHOOK: query: create table loc_orc_n3 like loc_staging_n3
PREHOOK: type: CREATETABLE
PREHOOK: Output: database:test
PREHOOK: Output: test@loc_orc_n3
POSTHOOK: query: create table loc_orc_n3 like loc_staging_n3
POSTHOOK: type: CREATETABLE
POSTHOOK: Output: database:test
POSTHOOK: Output: test@loc_orc_n3
PREHOOK: query: alter table loc_orc_n3 set fileformat orc
PREHOOK: type: ALTERTABLE_FILEFORMAT
PREHOOK: Input: test@loc_orc_n3
PREHOOK: Output: test@loc_orc_n3
POSTHOOK: query: alter table loc_orc_n3 set fileformat orc
POSTHOOK: type: ALTERTABLE_FILEFORMAT
POSTHOOK: Input: test@loc_orc_n3
POSTHOOK: Output: test@loc_orc_n3
PREHOOK: query: load data local inpath '../../data/files/loc.txt' overwrite into table loc_staging_n3
PREHOOK: type: LOAD
#### A masked pattern was here ####
PREHOOK: Output: test@loc_staging_n3
POSTHOOK: query: load data local inpath '../../data/files/loc.txt' overwrite into table loc_staging_n3
POSTHOOK: type: LOAD
#### A masked pattern was here ####
POSTHOOK: Output: test@loc_staging_n3
PREHOOK: query: insert overwrite table loc_orc_n3 select * from loc_staging_n3
PREHOOK: type: QUERY
PREHOOK: Input: test@loc_staging_n3
PREHOOK: Output: test@loc_orc_n3
POSTHOOK: query: insert overwrite table loc_orc_n3 select * from loc_staging_n3
POSTHOOK: type: QUERY
POSTHOOK: Input: test@loc_staging_n3
POSTHOOK: Output: test@loc_orc_n3
POSTHOOK: Lineage: loc_orc_n3.locid SIMPLE [(loc_staging_n3)loc_staging_n3.FieldSchema(name:locid, type:int, comment:null), ]
POSTHOOK: Lineage: loc_orc_n3.state SIMPLE [(loc_staging_n3)loc_staging_n3.FieldSchema(name:state, type:string, comment:null), ]
POSTHOOK: Lineage: loc_orc_n3.year SIMPLE [(loc_staging_n3)loc_staging_n3.FieldSchema(name:year, type:int, comment:null), ]
POSTHOOK: Lineage: loc_orc_n3.zip SIMPLE [(loc_staging_n3)loc_staging_n3.FieldSchema(name:zip, type:bigint, comment:null), ]
PREHOOK: query: analyze table loc_staging_n3 compute statistics
PREHOOK: type: QUERY
PREHOOK: Input: test@loc_staging_n3
PREHOOK: Output: test@loc_staging_n3
POSTHOOK: query: analyze table loc_staging_n3 compute statistics
POSTHOOK: type: QUERY
POSTHOOK: Input: test@loc_staging_n3
POSTHOOK: Output: test@loc_staging_n3
PREHOOK: query: analyze table loc_staging_n3 compute statistics for columns state,locid,zip,year
PREHOOK: type: ANALYZE_TABLE
PREHOOK: Input: test@loc_staging_n3
#### A masked pattern was here ####
PREHOOK: Output: test@loc_staging_n3
POSTHOOK: query: analyze table loc_staging_n3 compute statistics for columns state,locid,zip,year
POSTHOOK: type: ANALYZE_TABLE
POSTHOOK: Input: test@loc_staging_n3
#### A masked pattern was here ####
POSTHOOK: Output: test@loc_staging_n3
PREHOOK: query: analyze table loc_orc_n3 compute statistics for columns state,locid,zip,year
PREHOOK: type: ANALYZE_TABLE
PREHOOK: Input: test@loc_orc_n3
#### A masked pattern was here ####
PREHOOK: Output: test@loc_orc_n3
POSTHOOK: query: analyze table loc_orc_n3 compute statistics for columns state,locid,zip,year
POSTHOOK: type: ANALYZE_TABLE
POSTHOOK: Input: test@loc_orc_n3
#### A masked pattern was here ####
POSTHOOK: Output: test@loc_orc_n3
PREHOOK: query: explain select * from (select state from default.loc_orc_n3 union all select state from test.loc_orc_n3) temp
PREHOOK: type: QUERY
PREHOOK: Input: default@loc_orc_n3
PREHOOK: Input: test@loc_orc_n3
#### A masked pattern was here ####
POSTHOOK: query: explain select * from (select state from default.loc_orc_n3 union all select state from test.loc_orc_n3) temp
POSTHOOK: type: QUERY
POSTHOOK: Input: default@loc_orc_n3
POSTHOOK: Input: test@loc_orc_n3
#### A masked pattern was here ####
STAGE DEPENDENCIES:
  Stage-1 is a root stage
  Stage-0 depends on stages: Stage-1

STAGE PLANS:
  Stage: Stage-1
    Tez
#### A masked pattern was here ####
      Edges:
        Map 1 <- Union 2 (CONTAINS)
        Map 3 <- Union 2 (CONTAINS)
#### A masked pattern was here ####
      Vertices:
        Map 1 
            Map Operator Tree:
                TableScan
                  alias: loc_orc_n3
                  Statistics: Num rows: 8 Data size: 688 Basic stats: COMPLETE Column stats: COMPLETE
                  Select Operator
                    expressions: state (type: string)
                    outputColumnNames: _col0
                    Statistics: Num rows: 8 Data size: 688 Basic stats: COMPLETE Column stats: COMPLETE
                    File Output Operator
                      compressed: false
                      Statistics: Num rows: 16 Data size: 1376 Basic stats: COMPLETE Column stats: COMPLETE
                      table:
                          input format: org.apache.hadoop.mapred.SequenceFileInputFormat
                          output format: org.apache.hadoop.hive.ql.io.HiveSequenceFileOutputFormat
                          serde: org.apache.hadoop.hive.serde2.lazy.LazySimpleSerDe
            Execution mode: vectorized, llap
            LLAP IO: all inputs
        Map 3 
            Map Operator Tree:
                TableScan
                  alias: loc_orc_n3
                  Statistics: Num rows: 8 Data size: 688 Basic stats: COMPLETE Column stats: COMPLETE
                  Select Operator
                    expressions: state (type: string)
                    outputColumnNames: _col0
                    Statistics: Num rows: 8 Data size: 688 Basic stats: COMPLETE Column stats: COMPLETE
                    File Output Operator
                      compressed: false
                      Statistics: Num rows: 16 Data size: 1376 Basic stats: COMPLETE Column stats: COMPLETE
                      table:
                          input format: org.apache.hadoop.mapred.SequenceFileInputFormat
                          output format: org.apache.hadoop.hive.ql.io.HiveSequenceFileOutputFormat
                          serde: org.apache.hadoop.hive.serde2.lazy.LazySimpleSerDe
            Execution mode: vectorized, llap
            LLAP IO: all inputs
        Union 2 
            Vertex: Union 2

  Stage: Stage-0
    Fetch Operator
      limit: -1
      Processor Tree:
        ListSink

PREHOOK: query: explain select * from (select state from test.loc_staging_n3 union all select state from test.loc_orc_n3) temp
PREHOOK: type: QUERY
PREHOOK: Input: test@loc_orc_n3
PREHOOK: Input: test@loc_staging_n3
#### A masked pattern was here ####
POSTHOOK: query: explain select * from (select state from test.loc_staging_n3 union all select state from test.loc_orc_n3) temp
POSTHOOK: type: QUERY
POSTHOOK: Input: test@loc_orc_n3
POSTHOOK: Input: test@loc_staging_n3
#### A masked pattern was here ####
STAGE DEPENDENCIES:
  Stage-1 is a root stage
  Stage-0 depends on stages: Stage-1

STAGE PLANS:
  Stage: Stage-1
    Tez
#### A masked pattern was here ####
      Edges:
        Map 1 <- Union 2 (CONTAINS)
        Map 3 <- Union 2 (CONTAINS)
#### A masked pattern was here ####
      Vertices:
        Map 1 
            Map Operator Tree:
                TableScan
                  alias: loc_staging_n3
                  Statistics: Num rows: 8 Data size: 688 Basic stats: COMPLETE Column stats: COMPLETE
                  Select Operator
                    expressions: state (type: string)
                    outputColumnNames: _col0
                    Statistics: Num rows: 8 Data size: 688 Basic stats: COMPLETE Column stats: COMPLETE
                    File Output Operator
                      compressed: false
                      Statistics: Num rows: 16 Data size: 1376 Basic stats: COMPLETE Column stats: COMPLETE
                      table:
                          input format: org.apache.hadoop.mapred.SequenceFileInputFormat
                          output format: org.apache.hadoop.hive.ql.io.HiveSequenceFileOutputFormat
                          serde: org.apache.hadoop.hive.serde2.lazy.LazySimpleSerDe
            Execution mode: vectorized, llap
            LLAP IO: all inputs
        Map 3 
            Map Operator Tree:
                TableScan
                  alias: loc_orc_n3
                  Statistics: Num rows: 8 Data size: 688 Basic stats: COMPLETE Column stats: COMPLETE
                  Select Operator
                    expressions: state (type: string)
                    outputColumnNames: _col0
                    Statistics: Num rows: 8 Data size: 688 Basic stats: COMPLETE Column stats: COMPLETE
                    File Output Operator
                      compressed: false
                      Statistics: Num rows: 16 Data size: 1376 Basic stats: COMPLETE Column stats: COMPLETE
                      table:
                          input format: org.apache.hadoop.mapred.SequenceFileInputFormat
                          output format: org.apache.hadoop.hive.ql.io.HiveSequenceFileOutputFormat
                          serde: org.apache.hadoop.hive.serde2.lazy.LazySimpleSerDe
            Execution mode: vectorized, llap
            LLAP IO: all inputs
        Union 2 
            Vertex: Union 2

  Stage: Stage-0
    Fetch Operator
      limit: -1
      Processor Tree:
        ListSink

