PREHOOK: query: drop table if exists annotate_stats_lateral_view_join_test
PREHOOK: type: DROPTABLE
POSTHOOK: query: drop table if exists annotate_stats_lateral_view_join_test
POSTHOOK: type: DROPTABLE
PREHOOK: query: create table annotate_stats_lateral_view_join_test (id int, name string)
PREHOOK: type: CREATETABLE
PREHOOK: Output: database:default
PREHOOK: Output: default@annotate_stats_lateral_view_join_test
POSTHOOK: query: create table annotate_stats_lateral_view_join_test (id int, name string)
POSTHOOK: type: CREATETABLE
POSTHOOK: Output: database:default
POSTHOOK: Output: default@annotate_stats_lateral_view_join_test
PREHOOK: query: insert into annotate_stats_lateral_view_join_test (id, name) values
    (1, 'aaaaaaaaaa'),
    (2, 'bbbbbbbbbbbbbbbbbbbb'),
    (3, 'cccccccccccccccccccccccccccccc')
PREHOOK: type: QUERY
PREHOOK: Input: _dummy_database@_dummy_table
PREHOOK: Output: default@annotate_stats_lateral_view_join_test
POSTHOOK: query: insert into annotate_stats_lateral_view_join_test (id, name) values
    (1, 'aaaaaaaaaa'),
    (2, 'bbbbbbbbbbbbbbbbbbbb'),
    (3, 'cccccccccccccccccccccccccccccc')
POSTHOOK: type: QUERY
POSTHOOK: Input: _dummy_database@_dummy_table
POSTHOOK: Output: default@annotate_stats_lateral_view_join_test
POSTHOOK: Lineage: annotate_stats_lateral_view_join_test.id SCRIPT []
POSTHOOK: Lineage: annotate_stats_lateral_view_join_test.name SCRIPT []
PREHOOK: query: analyze table annotate_stats_lateral_view_join_test compute statistics
PREHOOK: type: QUERY
PREHOOK: Input: default@annotate_stats_lateral_view_join_test
PREHOOK: Output: default@annotate_stats_lateral_view_join_test
POSTHOOK: query: analyze table annotate_stats_lateral_view_join_test compute statistics
POSTHOOK: type: QUERY
POSTHOOK: Input: default@annotate_stats_lateral_view_join_test
POSTHOOK: Output: default@annotate_stats_lateral_view_join_test
PREHOOK: query: analyze table annotate_stats_lateral_view_join_test compute statistics for columns
PREHOOK: type: ANALYZE_TABLE
PREHOOK: Input: default@annotate_stats_lateral_view_join_test
PREHOOK: Output: default@annotate_stats_lateral_view_join_test
#### A masked pattern was here ####
POSTHOOK: query: analyze table annotate_stats_lateral_view_join_test compute statistics for columns
POSTHOOK: type: ANALYZE_TABLE
POSTHOOK: Input: default@annotate_stats_lateral_view_join_test
POSTHOOK: Output: default@annotate_stats_lateral_view_join_test
#### A masked pattern was here ####
PREHOOK: query: explain select * from annotate_stats_lateral_view_join_test a lateral view explode(array(1, 2, 3)) b
PREHOOK: type: QUERY
PREHOOK: Input: default@annotate_stats_lateral_view_join_test
#### A masked pattern was here ####
POSTHOOK: query: explain select * from annotate_stats_lateral_view_join_test a lateral view explode(array(1, 2, 3)) b
POSTHOOK: type: QUERY
POSTHOOK: Input: default@annotate_stats_lateral_view_join_test
#### A masked pattern was here ####
STAGE DEPENDENCIES:
  Stage-1 is a root stage
  Stage-0 depends on stages: Stage-1

STAGE PLANS:
  Stage: Stage-1
    Tez
#### A masked pattern was here ####
      Vertices:
        Map 1 
            Map Operator Tree:
                TableScan
                  alias: a
                  Statistics: Num rows: 3 Data size: 324 Basic stats: COMPLETE Column stats: COMPLETE
                  Lateral View Forward
                    Statistics: Num rows: 3 Data size: 324 Basic stats: COMPLETE Column stats: COMPLETE
                    Select Operator
                      expressions: id (type: int), name (type: string)
                      outputColumnNames: id, name
                      Statistics: Num rows: 3 Data size: 324 Basic stats: COMPLETE Column stats: COMPLETE
                      Lateral View Join Operator
                        outputColumnNames: _col0, _col1, _col6
                        Statistics: Num rows: 30 Data size: 4920 Basic stats: COMPLETE Column stats: COMPLETE
                        Select Operator
                          expressions: _col0 (type: int), _col1 (type: string), _col6 (type: int)
                          outputColumnNames: _col0, _col1, _col2
                          Statistics: Num rows: 30 Data size: 4920 Basic stats: COMPLETE Column stats: COMPLETE
                          File Output Operator
                            compressed: false
                            Statistics: Num rows: 30 Data size: 4920 Basic stats: COMPLETE Column stats: COMPLETE
                            table:
                                input format: org.apache.hadoop.mapred.SequenceFileInputFormat
                                output format: org.apache.hadoop.hive.ql.io.HiveSequenceFileOutputFormat
                                serde: org.apache.hadoop.hive.serde2.lazy.LazySimpleSerDe
                    Select Operator
                      expressions: array(1,2,3) (type: array<int>)
                      outputColumnNames: _col0
                      Statistics: Num rows: 3 Data size: 168 Basic stats: COMPLETE Column stats: COMPLETE
                      UDTF Operator
                        Statistics: Num rows: 30 Data size: 1680 Basic stats: COMPLETE Column stats: COMPLETE
                        function name: explode
                        Lateral View Join Operator
                          outputColumnNames: _col0, _col1, _col6
                          Statistics: Num rows: 30 Data size: 4920 Basic stats: COMPLETE Column stats: COMPLETE
                          Select Operator
                            expressions: _col0 (type: int), _col1 (type: string), _col6 (type: int)
                            outputColumnNames: _col0, _col1, _col2
                            Statistics: Num rows: 30 Data size: 4920 Basic stats: COMPLETE Column stats: COMPLETE
                            File Output Operator
                              compressed: false
                              Statistics: Num rows: 30 Data size: 4920 Basic stats: COMPLETE Column stats: COMPLETE
                              table:
                                  input format: org.apache.hadoop.mapred.SequenceFileInputFormat
                                  output format: org.apache.hadoop.hive.ql.io.HiveSequenceFileOutputFormat
                                  serde: org.apache.hadoop.hive.serde2.lazy.LazySimpleSerDe
            Execution mode: llap
            LLAP IO: all inputs

  Stage: Stage-0
    Fetch Operator
      limit: -1
      Processor Tree:
        ListSink

PREHOOK: query: explain select a.id, name as n, b.* from annotate_stats_lateral_view_join_test a lateral view explode(array(1, 2, 3)) b
PREHOOK: type: QUERY
PREHOOK: Input: default@annotate_stats_lateral_view_join_test
#### A masked pattern was here ####
POSTHOOK: query: explain select a.id, name as n, b.* from annotate_stats_lateral_view_join_test a lateral view explode(array(1, 2, 3)) b
POSTHOOK: type: QUERY
POSTHOOK: Input: default@annotate_stats_lateral_view_join_test
#### A masked pattern was here ####
STAGE DEPENDENCIES:
  Stage-1 is a root stage
  Stage-0 depends on stages: Stage-1

STAGE PLANS:
  Stage: Stage-1
    Tez
#### A masked pattern was here ####
      Vertices:
        Map 1 
            Map Operator Tree:
                TableScan
                  alias: a
                  Statistics: Num rows: 3 Data size: 324 Basic stats: COMPLETE Column stats: COMPLETE
                  Lateral View Forward
                    Statistics: Num rows: 3 Data size: 324 Basic stats: COMPLETE Column stats: COMPLETE
                    Select Operator
                      expressions: id (type: int), name (type: string)
                      outputColumnNames: id, name
                      Statistics: Num rows: 3 Data size: 324 Basic stats: COMPLETE Column stats: COMPLETE
                      Lateral View Join Operator
                        outputColumnNames: _col0, _col1, _col6
                        Statistics: Num rows: 30 Data size: 4920 Basic stats: COMPLETE Column stats: COMPLETE
                        Select Operator
                          expressions: _col0 (type: int), _col1 (type: string), _col6 (type: int)
                          outputColumnNames: _col0, _col1, _col2
                          Statistics: Num rows: 30 Data size: 3240 Basic stats: COMPLETE Column stats: COMPLETE
                          File Output Operator
                            compressed: false
                            Statistics: Num rows: 30 Data size: 3240 Basic stats: COMPLETE Column stats: COMPLETE
                            table:
                                input format: org.apache.hadoop.mapred.SequenceFileInputFormat
                                output format: org.apache.hadoop.hive.ql.io.HiveSequenceFileOutputFormat
                                serde: org.apache.hadoop.hive.serde2.lazy.LazySimpleSerDe
                    Select Operator
                      expressions: array(1,2,3) (type: array<int>)
                      outputColumnNames: _col0
                      Statistics: Num rows: 3 Data size: 168 Basic stats: COMPLETE Column stats: COMPLETE
                      UDTF Operator
                        Statistics: Num rows: 30 Data size: 1680 Basic stats: COMPLETE Column stats: COMPLETE
                        function name: explode
                        Lateral View Join Operator
                          outputColumnNames: _col0, _col1, _col6
                          Statistics: Num rows: 30 Data size: 4920 Basic stats: COMPLETE Column stats: COMPLETE
                          Select Operator
                            expressions: _col0 (type: int), _col1 (type: string), _col6 (type: int)
                            outputColumnNames: _col0, _col1, _col2
                            Statistics: Num rows: 30 Data size: 3240 Basic stats: COMPLETE Column stats: COMPLETE
                            File Output Operator
                              compressed: false
                              Statistics: Num rows: 30 Data size: 3240 Basic stats: COMPLETE Column stats: COMPLETE
                              table:
                                  input format: org.apache.hadoop.mapred.SequenceFileInputFormat
                                  output format: org.apache.hadoop.hive.ql.io.HiveSequenceFileOutputFormat
                                  serde: org.apache.hadoop.hive.serde2.lazy.LazySimpleSerDe
            Execution mode: llap
            LLAP IO: all inputs

  Stage: Stage-0
    Fetch Operator
      limit: -1
      Processor Tree:
        ListSink

PREHOOK: query: explain select * from annotate_stats_lateral_view_join_test a lateral view explode(array(1, 2, 3)) b lateral view explode(array(1)) c
PREHOOK: type: QUERY
PREHOOK: Input: default@annotate_stats_lateral_view_join_test
#### A masked pattern was here ####
POSTHOOK: query: explain select * from annotate_stats_lateral_view_join_test a lateral view explode(array(1, 2, 3)) b lateral view explode(array(1)) c
POSTHOOK: type: QUERY
POSTHOOK: Input: default@annotate_stats_lateral_view_join_test
#### A masked pattern was here ####
STAGE DEPENDENCIES:
  Stage-1 is a root stage
  Stage-0 depends on stages: Stage-1

STAGE PLANS:
  Stage: Stage-1
    Tez
#### A masked pattern was here ####
      Vertices:
        Map 1 
            Map Operator Tree:
                TableScan
                  alias: a
                  Statistics: Num rows: 3 Data size: 324 Basic stats: COMPLETE Column stats: COMPLETE
                  Lateral View Forward
                    Statistics: Num rows: 3 Data size: 324 Basic stats: COMPLETE Column stats: COMPLETE
                    Select Operator
                      expressions: id (type: int), name (type: string)
                      outputColumnNames: id, name
                      Statistics: Num rows: 3 Data size: 324 Basic stats: COMPLETE Column stats: COMPLETE
                      Lateral View Join Operator
                        outputColumnNames: _col0, _col1, _col6
                        Statistics: Num rows: 30 Data size: 4920 Basic stats: COMPLETE Column stats: COMPLETE
                        Lateral View Forward
                          Statistics: Num rows: 30 Data size: 4920 Basic stats: COMPLETE Column stats: COMPLETE
                          Select Operator
                            expressions: _col0 (type: int), _col1 (type: string), _col6 (type: int)
                            outputColumnNames: _col0, _col1, _col6
                            Statistics: Num rows: 30 Data size: 3240 Basic stats: COMPLETE Column stats: COMPLETE
                            Lateral View Join Operator
                              outputColumnNames: _col0, _col1, _col6, _col7
                              Statistics: Num rows: 300 Data size: 46800 Basic stats: COMPLETE Column stats: COMPLETE
                              Select Operator
                                expressions: _col0 (type: int), _col1 (type: string), _col6 (type: int), _col7 (type: int)
                                outputColumnNames: _col0, _col1, _col2, _col3
                                Statistics: Num rows: 300 Data size: 46800 Basic stats: COMPLETE Column stats: COMPLETE
                                File Output Operator
                                  compressed: false
                                  Statistics: Num rows: 300 Data size: 46800 Basic stats: COMPLETE Column stats: COMPLETE
                                  table:
                                      input format: org.apache.hadoop.mapred.SequenceFileInputFormat
                                      output format: org.apache.hadoop.hive.ql.io.HiveSequenceFileOutputFormat
                                      serde: org.apache.hadoop.hive.serde2.lazy.LazySimpleSerDe
                          Select Operator
                            expressions: array(1) (type: array<int>)
                            outputColumnNames: _col0
                            Statistics: Num rows: 30 Data size: 1440 Basic stats: COMPLETE Column stats: COMPLETE
                            UDTF Operator
                              Statistics: Num rows: 300 Data size: 14400 Basic stats: COMPLETE Column stats: COMPLETE
                              function name: explode
                              Lateral View Join Operator
                                outputColumnNames: _col0, _col1, _col6, _col7
                                Statistics: Num rows: 300 Data size: 46800 Basic stats: COMPLETE Column stats: COMPLETE
                                Select Operator
                                  expressions: _col0 (type: int), _col1 (type: string), _col6 (type: int), _col7 (type: int)
                                  outputColumnNames: _col0, _col1, _col2, _col3
                                  Statistics: Num rows: 300 Data size: 46800 Basic stats: COMPLETE Column stats: COMPLETE
                                  File Output Operator
                                    compressed: false
                                    Statistics: Num rows: 300 Data size: 46800 Basic stats: COMPLETE Column stats: COMPLETE
                                    table:
                                        input format: org.apache.hadoop.mapred.SequenceFileInputFormat
                                        output format: org.apache.hadoop.hive.ql.io.HiveSequenceFileOutputFormat
                                        serde: org.apache.hadoop.hive.serde2.lazy.LazySimpleSerDe
                    Select Operator
                      expressions: array(1,2,3) (type: array<int>)
                      outputColumnNames: _col0
                      Statistics: Num rows: 3 Data size: 168 Basic stats: COMPLETE Column stats: COMPLETE
                      UDTF Operator
                        Statistics: Num rows: 30 Data size: 1680 Basic stats: COMPLETE Column stats: COMPLETE
                        function name: explode
                        Lateral View Join Operator
                          outputColumnNames: _col0, _col1, _col6
                          Statistics: Num rows: 30 Data size: 4920 Basic stats: COMPLETE Column stats: COMPLETE
                          Lateral View Forward
                            Statistics: Num rows: 30 Data size: 4920 Basic stats: COMPLETE Column stats: COMPLETE
                            Select Operator
                              expressions: _col0 (type: int), _col1 (type: string), _col6 (type: int)
                              outputColumnNames: _col0, _col1, _col6
                              Statistics: Num rows: 30 Data size: 3240 Basic stats: COMPLETE Column stats: COMPLETE
                              Lateral View Join Operator
                                outputColumnNames: _col0, _col1, _col6, _col7
                                Statistics: Num rows: 300 Data size: 46800 Basic stats: COMPLETE Column stats: COMPLETE
                                Select Operator
                                  expressions: _col0 (type: int), _col1 (type: string), _col6 (type: int), _col7 (type: int)
                                  outputColumnNames: _col0, _col1, _col2, _col3
                                  Statistics: Num rows: 300 Data size: 46800 Basic stats: COMPLETE Column stats: COMPLETE
                                  File Output Operator
                                    compressed: false
                                    Statistics: Num rows: 300 Data size: 46800 Basic stats: COMPLETE Column stats: COMPLETE
                                    table:
                                        input format: org.apache.hadoop.mapred.SequenceFileInputFormat
                                        output format: org.apache.hadoop.hive.ql.io.HiveSequenceFileOutputFormat
                                        serde: org.apache.hadoop.hive.serde2.lazy.LazySimpleSerDe
                            Select Operator
                              expressions: array(1) (type: array<int>)
                              outputColumnNames: _col0
                              Statistics: Num rows: 30 Data size: 1440 Basic stats: COMPLETE Column stats: COMPLETE
                              UDTF Operator
                                Statistics: Num rows: 300 Data size: 14400 Basic stats: COMPLETE Column stats: COMPLETE
                                function name: explode
                                Lateral View Join Operator
                                  outputColumnNames: _col0, _col1, _col6, _col7
                                  Statistics: Num rows: 300 Data size: 46800 Basic stats: COMPLETE Column stats: COMPLETE
                                  Select Operator
                                    expressions: _col0 (type: int), _col1 (type: string), _col6 (type: int), _col7 (type: int)
                                    outputColumnNames: _col0, _col1, _col2, _col3
                                    Statistics: Num rows: 300 Data size: 46800 Basic stats: COMPLETE Column stats: COMPLETE
                                    File Output Operator
                                      compressed: false
                                      Statistics: Num rows: 300 Data size: 46800 Basic stats: COMPLETE Column stats: COMPLETE
                                      table:
                                          input format: org.apache.hadoop.mapred.SequenceFileInputFormat
                                          output format: org.apache.hadoop.hive.ql.io.HiveSequenceFileOutputFormat
                                          serde: org.apache.hadoop.hive.serde2.lazy.LazySimpleSerDe
            Execution mode: llap
            LLAP IO: all inputs

  Stage: Stage-0
    Fetch Operator
      limit: -1
      Processor Tree:
        ListSink

PREHOOK: query: explain select * from annotate_stats_lateral_view_join_test a lateral view explode(array(1, 2, 3)) b lateral view explode(array(1)) c lateral view explode(array(1, 2)) d
PREHOOK: type: QUERY
PREHOOK: Input: default@annotate_stats_lateral_view_join_test
#### A masked pattern was here ####
POSTHOOK: query: explain select * from annotate_stats_lateral_view_join_test a lateral view explode(array(1, 2, 3)) b lateral view explode(array(1)) c lateral view explode(array(1, 2)) d
POSTHOOK: type: QUERY
POSTHOOK: Input: default@annotate_stats_lateral_view_join_test
#### A masked pattern was here ####
STAGE DEPENDENCIES:
  Stage-1 is a root stage
  Stage-0 depends on stages: Stage-1

STAGE PLANS:
  Stage: Stage-1
    Tez
#### A masked pattern was here ####
      Vertices:
        Map 1 
            Map Operator Tree:
                TableScan
                  alias: a
                  Statistics: Num rows: 3 Data size: 324 Basic stats: COMPLETE Column stats: COMPLETE
                  Lateral View Forward
                    Statistics: Num rows: 3 Data size: 324 Basic stats: COMPLETE Column stats: COMPLETE
                    Select Operator
                      expressions: id (type: int), name (type: string)
                      outputColumnNames: id, name
                      Statistics: Num rows: 3 Data size: 324 Basic stats: COMPLETE Column stats: COMPLETE
                      Lateral View Join Operator
                        outputColumnNames: _col0, _col1, _col6
                        Statistics: Num rows: 30 Data size: 4920 Basic stats: COMPLETE Column stats: COMPLETE
                        Lateral View Forward
                          Statistics: Num rows: 30 Data size: 4920 Basic stats: COMPLETE Column stats: COMPLETE
                          Select Operator
                            expressions: _col0 (type: int), _col1 (type: string), _col6 (type: int)
                            outputColumnNames: _col0, _col1, _col6
                            Statistics: Num rows: 30 Data size: 3240 Basic stats: COMPLETE Column stats: COMPLETE
                            Lateral View Join Operator
                              outputColumnNames: _col0, _col1, _col6, _col7
                              Statistics: Num rows: 300 Data size: 46800 Basic stats: COMPLETE Column stats: COMPLETE
                              Lateral View Forward
                                Statistics: Num rows: 300 Data size: 46800 Basic stats: COMPLETE Column stats: COMPLETE
                                Select Operator
                                  expressions: _col0 (type: int), _col1 (type: string), _col6 (type: int), _col7 (type: int)
                                  outputColumnNames: _col0, _col1, _col6, _col7
                                  Statistics: Num rows: 300 Data size: 45600 Basic stats: COMPLETE Column stats: COMPLETE
                                  Lateral View Join Operator
                                    outputColumnNames: _col0, _col1, _col6, _col7, _col8
                                    Statistics: Num rows: 3000 Data size: 600000 Basic stats: COMPLETE Column stats: COMPLETE
                                    Select Operator
                                      expressions: _col0 (type: int), _col1 (type: string), _col6 (type: int), _col7 (type: int), _col8 (type: int)
                                      outputColumnNames: _col0, _col1, _col2, _col3, _col4
                                      Statistics: Num rows: 3000 Data size: 600000 Basic stats: COMPLETE Column stats: COMPLETE
                                      File Output Operator
                                        compressed: false
                                        Statistics: Num rows: 3000 Data size: 600000 Basic stats: COMPLETE Column stats: COMPLETE
                                        table:
                                            input format: org.apache.hadoop.mapred.SequenceFileInputFormat
                                            output format: org.apache.hadoop.hive.ql.io.HiveSequenceFileOutputFormat
                                            serde: org.apache.hadoop.hive.serde2.lazy.LazySimpleSerDe
                                Select Operator
                                  expressions: array(1,2) (type: array<int>)
                                  outputColumnNames: _col0
                                  Statistics: Num rows: 300 Data size: 14400 Basic stats: COMPLETE Column stats: COMPLETE
                                  UDTF Operator
                                    Statistics: Num rows: 3000 Data size: 144000 Basic stats: COMPLETE Column stats: COMPLETE
                                    function name: explode
                                    Lateral View Join Operator
                                      outputColumnNames: _col0, _col1, _col6, _col7, _col8
                                      Statistics: Num rows: 3000 Data size: 600000 Basic stats: COMPLETE Column stats: COMPLETE
                                      Select Operator
                                        expressions: _col0 (type: int), _col1 (type: string), _col6 (type: int), _col7 (type: int), _col8 (type: int)
                                        outputColumnNames: _col0, _col1, _col2, _col3, _col4
                                        Statistics: Num rows: 3000 Data size: 600000 Basic stats: COMPLETE Column stats: COMPLETE
                                        File Output Operator
                                          compressed: false
                                          Statistics: Num rows: 3000 Data size: 600000 Basic stats: COMPLETE Column stats: COMPLETE
                                          table:
                                              input format: org.apache.hadoop.mapred.SequenceFileInputFormat
                                              output format: org.apache.hadoop.hive.ql.io.HiveSequenceFileOutputFormat
                                              serde: org.apache.hadoop.hive.serde2.lazy.LazySimpleSerDe
                          Select Operator
                            expressions: array(1) (type: array<int>)
                            outputColumnNames: _col0
                            Statistics: Num rows: 30 Data size: 1440 Basic stats: COMPLETE Column stats: COMPLETE
                            UDTF Operator
                              Statistics: Num rows: 300 Data size: 14400 Basic stats: COMPLETE Column stats: COMPLETE
                              function name: explode
                              Lateral View Join Operator
                                outputColumnNames: _col0, _col1, _col6, _col7
                                Statistics: Num rows: 300 Data size: 46800 Basic stats: COMPLETE Column stats: COMPLETE
                                Lateral View Forward
                                  Statistics: Num rows: 300 Data size: 46800 Basic stats: COMPLETE Column stats: COMPLETE
                                  Select Operator
                                    expressions: _col0 (type: int), _col1 (type: string), _col6 (type: int), _col7 (type: int)
                                    outputColumnNames: _col0, _col1, _col6, _col7
                                    Statistics: Num rows: 300 Data size: 45600 Basic stats: COMPLETE Column stats: COMPLETE
                                    Lateral View Join Operator
                                      outputColumnNames: _col0, _col1, _col6, _col7, _col8
                                      Statistics: Num rows: 3000 Data size: 600000 Basic stats: COMPLETE Column stats: COMPLETE
                                      Select Operator
                                        expressions: _col0 (type: int), _col1 (type: string), _col6 (type: int), _col7 (type: int), _col8 (type: int)
                                        outputColumnNames: _col0, _col1, _col2, _col3, _col4
                                        Statistics: Num rows: 3000 Data size: 600000 Basic stats: COMPLETE Column stats: COMPLETE
                                        File Output Operator
                                          compressed: false
                                          Statistics: Num rows: 3000 Data size: 600000 Basic stats: COMPLETE Column stats: COMPLETE
                                          table:
                                              input format: org.apache.hadoop.mapred.SequenceFileInputFormat
                                              output format: org.apache.hadoop.hive.ql.io.HiveSequenceFileOutputFormat
                                              serde: org.apache.hadoop.hive.serde2.lazy.LazySimpleSerDe
                                  Select Operator
                                    expressions: array(1,2) (type: array<int>)
                                    outputColumnNames: _col0
                                    Statistics: Num rows: 300 Data size: 14400 Basic stats: COMPLETE Column stats: COMPLETE
                                    UDTF Operator
                                      Statistics: Num rows: 3000 Data size: 144000 Basic stats: COMPLETE Column stats: COMPLETE
                                      function name: explode
                                      Lateral View Join Operator
                                        outputColumnNames: _col0, _col1, _col6, _col7, _col8
                                        Statistics: Num rows: 3000 Data size: 600000 Basic stats: COMPLETE Column stats: COMPLETE
                                        Select Operator
                                          expressions: _col0 (type: int), _col1 (type: string), _col6 (type: int), _col7 (type: int), _col8 (type: int)
                                          outputColumnNames: _col0, _col1, _col2, _col3, _col4
                                          Statistics: Num rows: 3000 Data size: 600000 Basic stats: COMPLETE Column stats: COMPLETE
                                          File Output Operator
                                            compressed: false
                                            Statistics: Num rows: 3000 Data size: 600000 Basic stats: COMPLETE Column stats: COMPLETE
                                            table:
                                                input format: org.apache.hadoop.mapred.SequenceFileInputFormat
                                                output format: org.apache.hadoop.hive.ql.io.HiveSequenceFileOutputFormat
                                                serde: org.apache.hadoop.hive.serde2.lazy.LazySimpleSerDe
                    Select Operator
                      expressions: array(1,2,3) (type: array<int>)
                      outputColumnNames: _col0
                      Statistics: Num rows: 3 Data size: 168 Basic stats: COMPLETE Column stats: COMPLETE
                      UDTF Operator
                        Statistics: Num rows: 30 Data size: 1680 Basic stats: COMPLETE Column stats: COMPLETE
                        function name: explode
                        Lateral View Join Operator
                          outputColumnNames: _col0, _col1, _col6
                          Statistics: Num rows: 30 Data size: 4920 Basic stats: COMPLETE Column stats: COMPLETE
                          Lateral View Forward
                            Statistics: Num rows: 30 Data size: 4920 Basic stats: COMPLETE Column stats: COMPLETE
                            Select Operator
                              expressions: _col0 (type: int), _col1 (type: string), _col6 (type: int)
                              outputColumnNames: _col0, _col1, _col6
                              Statistics: Num rows: 30 Data size: 3240 Basic stats: COMPLETE Column stats: COMPLETE
                              Lateral View Join Operator
                                outputColumnNames: _col0, _col1, _col6, _col7
                                Statistics: Num rows: 300 Data size: 46800 Basic stats: COMPLETE Column stats: COMPLETE
                                Lateral View Forward
                                  Statistics: Num rows: 300 Data size: 46800 Basic stats: COMPLETE Column stats: COMPLETE
                                  Select Operator
                                    expressions: _col0 (type: int), _col1 (type: string), _col6 (type: int), _col7 (type: int)
                                    outputColumnNames: _col0, _col1, _col6, _col7
                                    Statistics: Num rows: 300 Data size: 45600 Basic stats: COMPLETE Column stats: COMPLETE
                                    Lateral View Join Operator
                                      outputColumnNames: _col0, _col1, _col6, _col7, _col8
                                      Statistics: Num rows: 3000 Data size: 600000 Basic stats: COMPLETE Column stats: COMPLETE
                                      Select Operator
                                        expressions: _col0 (type: int), _col1 (type: string), _col6 (type: int), _col7 (type: int), _col8 (type: int)
                                        outputColumnNames: _col0, _col1, _col2, _col3, _col4
                                        Statistics: Num rows: 3000 Data size: 600000 Basic stats: COMPLETE Column stats: COMPLETE
                                        File Output Operator
                                          compressed: false
                                          Statistics: Num rows: 3000 Data size: 600000 Basic stats: COMPLETE Column stats: COMPLETE
                                          table:
                                              input format: org.apache.hadoop.mapred.SequenceFileInputFormat
                                              output format: org.apache.hadoop.hive.ql.io.HiveSequenceFileOutputFormat
                                              serde: org.apache.hadoop.hive.serde2.lazy.LazySimpleSerDe
                                  Select Operator
                                    expressions: array(1,2) (type: array<int>)
                                    outputColumnNames: _col0
                                    Statistics: Num rows: 300 Data size: 14400 Basic stats: COMPLETE Column stats: COMPLETE
                                    UDTF Operator
                                      Statistics: Num rows: 3000 Data size: 144000 Basic stats: COMPLETE Column stats: COMPLETE
                                      function name: explode
                                      Lateral View Join Operator
                                        outputColumnNames: _col0, _col1, _col6, _col7, _col8
                                        Statistics: Num rows: 3000 Data size: 600000 Basic stats: COMPLETE Column stats: COMPLETE
                                        Select Operator
                                          expressions: _col0 (type: int), _col1 (type: string), _col6 (type: int), _col7 (type: int), _col8 (type: int)
                                          outputColumnNames: _col0, _col1, _col2, _col3, _col4
                                          Statistics: Num rows: 3000 Data size: 600000 Basic stats: COMPLETE Column stats: COMPLETE
                                          File Output Operator
                                            compressed: false
                                            Statistics: Num rows: 3000 Data size: 600000 Basic stats: COMPLETE Column stats: COMPLETE
                                            table:
                                                input format: org.apache.hadoop.mapred.SequenceFileInputFormat
                                                output format: org.apache.hadoop.hive.ql.io.HiveSequenceFileOutputFormat
                                                serde: org.apache.hadoop.hive.serde2.lazy.LazySimpleSerDe
                            Select Operator
                              expressions: array(1) (type: array<int>)
                              outputColumnNames: _col0
                              Statistics: Num rows: 30 Data size: 1440 Basic stats: COMPLETE Column stats: COMPLETE
                              UDTF Operator
                                Statistics: Num rows: 300 Data size: 14400 Basic stats: COMPLETE Column stats: COMPLETE
                                function name: explode
                                Lateral View Join Operator
                                  outputColumnNames: _col0, _col1, _col6, _col7
                                  Statistics: Num rows: 300 Data size: 46800 Basic stats: COMPLETE Column stats: COMPLETE
                                  Lateral View Forward
                                    Statistics: Num rows: 300 Data size: 46800 Basic stats: COMPLETE Column stats: COMPLETE
                                    Select Operator
                                      expressions: _col0 (type: int), _col1 (type: string), _col6 (type: int), _col7 (type: int)
                                      outputColumnNames: _col0, _col1, _col6, _col7
                                      Statistics: Num rows: 300 Data size: 45600 Basic stats: COMPLETE Column stats: COMPLETE
                                      Lateral View Join Operator
                                        outputColumnNames: _col0, _col1, _col6, _col7, _col8
                                        Statistics: Num rows: 3000 Data size: 600000 Basic stats: COMPLETE Column stats: COMPLETE
                                        Select Operator
                                          expressions: _col0 (type: int), _col1 (type: string), _col6 (type: int), _col7 (type: int), _col8 (type: int)
                                          outputColumnNames: _col0, _col1, _col2, _col3, _col4
                                          Statistics: Num rows: 3000 Data size: 600000 Basic stats: COMPLETE Column stats: COMPLETE
                                          File Output Operator
                                            compressed: false
                                            Statistics: Num rows: 3000 Data size: 600000 Basic stats: COMPLETE Column stats: COMPLETE
                                            table:
                                                input format: org.apache.hadoop.mapred.SequenceFileInputFormat
                                                output format: org.apache.hadoop.hive.ql.io.HiveSequenceFileOutputFormat
                                                serde: org.apache.hadoop.hive.serde2.lazy.LazySimpleSerDe
                                    Select Operator
                                      expressions: array(1,2) (type: array<int>)
                                      outputColumnNames: _col0
                                      Statistics: Num rows: 300 Data size: 14400 Basic stats: COMPLETE Column stats: COMPLETE
                                      UDTF Operator
                                        Statistics: Num rows: 3000 Data size: 144000 Basic stats: COMPLETE Column stats: COMPLETE
                                        function name: explode
                                        Lateral View Join Operator
                                          outputColumnNames: _col0, _col1, _col6, _col7, _col8
                                          Statistics: Num rows: 3000 Data size: 600000 Basic stats: COMPLETE Column stats: COMPLETE
                                          Select Operator
                                            expressions: _col0 (type: int), _col1 (type: string), _col6 (type: int), _col7 (type: int), _col8 (type: int)
                                            outputColumnNames: _col0, _col1, _col2, _col3, _col4
                                            Statistics: Num rows: 3000 Data size: 600000 Basic stats: COMPLETE Column stats: COMPLETE
                                            File Output Operator
                                              compressed: false
                                              Statistics: Num rows: 3000 Data size: 600000 Basic stats: COMPLETE Column stats: COMPLETE
                                              table:
                                                  input format: org.apache.hadoop.mapred.SequenceFileInputFormat
                                                  output format: org.apache.hadoop.hive.ql.io.HiveSequenceFileOutputFormat
                                                  serde: org.apache.hadoop.hive.serde2.lazy.LazySimpleSerDe
            Execution mode: llap
            LLAP IO: all inputs

  Stage: Stage-0
    Fetch Operator
      limit: -1
      Processor Tree:
        ListSink

PREHOOK: query: explain select * from annotate_stats_lateral_view_join_test a lateral view explode(array(1, 2, 3)) b
PREHOOK: type: QUERY
PREHOOK: Input: default@annotate_stats_lateral_view_join_test
#### A masked pattern was here ####
POSTHOOK: query: explain select * from annotate_stats_lateral_view_join_test a lateral view explode(array(1, 2, 3)) b
POSTHOOK: type: QUERY
POSTHOOK: Input: default@annotate_stats_lateral_view_join_test
#### A masked pattern was here ####
STAGE DEPENDENCIES:
  Stage-1 is a root stage
  Stage-0 depends on stages: Stage-1

STAGE PLANS:
  Stage: Stage-1
    Tez
#### A masked pattern was here ####
      Vertices:
        Map 1 
            Map Operator Tree:
                TableScan
                  alias: a
                  Statistics: Num rows: 3 Data size: 324 Basic stats: COMPLETE Column stats: COMPLETE
                  Lateral View Forward
                    Statistics: Num rows: 3 Data size: 324 Basic stats: COMPLETE Column stats: COMPLETE
                    Select Operator
                      expressions: id (type: int), name (type: string)
                      outputColumnNames: id, name
                      Statistics: Num rows: 3 Data size: 324 Basic stats: COMPLETE Column stats: COMPLETE
                      Lateral View Join Operator
                        outputColumnNames: _col0, _col1, _col6
                        Statistics: Num rows: 1 Data size: 192 Basic stats: COMPLETE Column stats: COMPLETE
                        Select Operator
                          expressions: _col0 (type: int), _col1 (type: string), _col6 (type: int)
                          outputColumnNames: _col0, _col1, _col2
                          Statistics: Num rows: 1 Data size: 192 Basic stats: COMPLETE Column stats: COMPLETE
                          File Output Operator
                            compressed: false
                            Statistics: Num rows: 1 Data size: 192 Basic stats: COMPLETE Column stats: COMPLETE
                            table:
                                input format: org.apache.hadoop.mapred.SequenceFileInputFormat
                                output format: org.apache.hadoop.hive.ql.io.HiveSequenceFileOutputFormat
                                serde: org.apache.hadoop.hive.serde2.lazy.LazySimpleSerDe
                    Select Operator
                      expressions: array(1,2,3) (type: array<int>)
                      outputColumnNames: _col0
                      Statistics: Num rows: 3 Data size: 168 Basic stats: COMPLETE Column stats: COMPLETE
                      UDTF Operator
                        Statistics: Num rows: 1 Data size: 84 Basic stats: COMPLETE Column stats: COMPLETE
                        function name: explode
                        Lateral View Join Operator
                          outputColumnNames: _col0, _col1, _col6
                          Statistics: Num rows: 1 Data size: 192 Basic stats: COMPLETE Column stats: COMPLETE
                          Select Operator
                            expressions: _col0 (type: int), _col1 (type: string), _col6 (type: int)
                            outputColumnNames: _col0, _col1, _col2
                            Statistics: Num rows: 1 Data size: 192 Basic stats: COMPLETE Column stats: COMPLETE
                            File Output Operator
                              compressed: false
                              Statistics: Num rows: 1 Data size: 192 Basic stats: COMPLETE Column stats: COMPLETE
                              table:
                                  input format: org.apache.hadoop.mapred.SequenceFileInputFormat
                                  output format: org.apache.hadoop.hive.ql.io.HiveSequenceFileOutputFormat
                                  serde: org.apache.hadoop.hive.serde2.lazy.LazySimpleSerDe
            Execution mode: llap
            LLAP IO: all inputs

  Stage: Stage-0
    Fetch Operator
      limit: -1
      Processor Tree:
        ListSink

PREHOOK: query: explain select a.id, name as n, b.* from annotate_stats_lateral_view_join_test a lateral view explode(array(1, 2, 3)) b
PREHOOK: type: QUERY
PREHOOK: Input: default@annotate_stats_lateral_view_join_test
#### A masked pattern was here ####
POSTHOOK: query: explain select a.id, name as n, b.* from annotate_stats_lateral_view_join_test a lateral view explode(array(1, 2, 3)) b
POSTHOOK: type: QUERY
POSTHOOK: Input: default@annotate_stats_lateral_view_join_test
#### A masked pattern was here ####
STAGE DEPENDENCIES:
  Stage-1 is a root stage
  Stage-0 depends on stages: Stage-1

STAGE PLANS:
  Stage: Stage-1
    Tez
#### A masked pattern was here ####
      Vertices:
        Map 1 
            Map Operator Tree:
                TableScan
                  alias: a
                  Statistics: Num rows: 3 Data size: 324 Basic stats: COMPLETE Column stats: COMPLETE
                  Lateral View Forward
                    Statistics: Num rows: 3 Data size: 324 Basic stats: COMPLETE Column stats: COMPLETE
                    Select Operator
                      expressions: id (type: int), name (type: string)
                      outputColumnNames: id, name
                      Statistics: Num rows: 3 Data size: 324 Basic stats: COMPLETE Column stats: COMPLETE
                      Lateral View Join Operator
                        outputColumnNames: _col0, _col1, _col6
                        Statistics: Num rows: 1 Data size: 192 Basic stats: COMPLETE Column stats: COMPLETE
                        Select Operator
                          expressions: _col0 (type: int), _col1 (type: string), _col6 (type: int)
                          outputColumnNames: _col0, _col1, _col2
                          Statistics: Num rows: 1 Data size: 108 Basic stats: COMPLETE Column stats: COMPLETE
                          File Output Operator
                            compressed: false
                            Statistics: Num rows: 1 Data size: 108 Basic stats: COMPLETE Column stats: COMPLETE
                            table:
                                input format: org.apache.hadoop.mapred.SequenceFileInputFormat
                                output format: org.apache.hadoop.hive.ql.io.HiveSequenceFileOutputFormat
                                serde: org.apache.hadoop.hive.serde2.lazy.LazySimpleSerDe
                    Select Operator
                      expressions: array(1,2,3) (type: array<int>)
                      outputColumnNames: _col0
                      Statistics: Num rows: 3 Data size: 168 Basic stats: COMPLETE Column stats: COMPLETE
                      UDTF Operator
                        Statistics: Num rows: 1 Data size: 84 Basic stats: COMPLETE Column stats: COMPLETE
                        function name: explode
                        Lateral View Join Operator
                          outputColumnNames: _col0, _col1, _col6
                          Statistics: Num rows: 1 Data size: 192 Basic stats: COMPLETE Column stats: COMPLETE
                          Select Operator
                            expressions: _col0 (type: int), _col1 (type: string), _col6 (type: int)
                            outputColumnNames: _col0, _col1, _col2
                            Statistics: Num rows: 1 Data size: 108 Basic stats: COMPLETE Column stats: COMPLETE
                            File Output Operator
                              compressed: false
                              Statistics: Num rows: 1 Data size: 108 Basic stats: COMPLETE Column stats: COMPLETE
                              table:
                                  input format: org.apache.hadoop.mapred.SequenceFileInputFormat
                                  output format: org.apache.hadoop.hive.ql.io.HiveSequenceFileOutputFormat
                                  serde: org.apache.hadoop.hive.serde2.lazy.LazySimpleSerDe
            Execution mode: llap
            LLAP IO: all inputs

  Stage: Stage-0
    Fetch Operator
      limit: -1
      Processor Tree:
        ListSink

PREHOOK: query: explain select * from annotate_stats_lateral_view_join_test a lateral view explode(array(1, 2, 3)) b lateral view explode(array(1)) c
PREHOOK: type: QUERY
PREHOOK: Input: default@annotate_stats_lateral_view_join_test
#### A masked pattern was here ####
POSTHOOK: query: explain select * from annotate_stats_lateral_view_join_test a lateral view explode(array(1, 2, 3)) b lateral view explode(array(1)) c
POSTHOOK: type: QUERY
POSTHOOK: Input: default@annotate_stats_lateral_view_join_test
#### A masked pattern was here ####
STAGE DEPENDENCIES:
  Stage-1 is a root stage
  Stage-0 depends on stages: Stage-1

STAGE PLANS:
  Stage: Stage-1
    Tez
#### A masked pattern was here ####
      Vertices:
        Map 1 
            Map Operator Tree:
                TableScan
                  alias: a
                  Statistics: Num rows: 3 Data size: 324 Basic stats: COMPLETE Column stats: COMPLETE
                  Lateral View Forward
                    Statistics: Num rows: 3 Data size: 324 Basic stats: COMPLETE Column stats: COMPLETE
                    Select Operator
                      expressions: id (type: int), name (type: string)
                      outputColumnNames: id, name
                      Statistics: Num rows: 3 Data size: 324 Basic stats: COMPLETE Column stats: COMPLETE
                      Lateral View Join Operator
                        outputColumnNames: _col0, _col1, _col6
                        Statistics: Num rows: 1 Data size: 192 Basic stats: COMPLETE Column stats: COMPLETE
                        Lateral View Forward
                          Statistics: Num rows: 1 Data size: 192 Basic stats: COMPLETE Column stats: COMPLETE
                          Select Operator
                            expressions: _col0 (type: int), _col1 (type: string), _col6 (type: int)
                            outputColumnNames: _col0, _col1, _col6
                            Statistics: Num rows: 1 Data size: 108 Basic stats: COMPLETE Column stats: COMPLETE
                            Lateral View Join Operator
                              outputColumnNames: _col0, _col1, _col6, _col7
                              Statistics: Num rows: 1 Data size: 132 Basic stats: COMPLETE Column stats: COMPLETE
                              Select Operator
                                expressions: _col0 (type: int), _col1 (type: string), _col6 (type: int), _col7 (type: int)
                                outputColumnNames: _col0, _col1, _col2, _col3
                                Statistics: Num rows: 1 Data size: 132 Basic stats: COMPLETE Column stats: COMPLETE
                                File Output Operator
                                  compressed: false
                                  Statistics: Num rows: 1 Data size: 132 Basic stats: COMPLETE Column stats: COMPLETE
                                  table:
                                      input format: org.apache.hadoop.mapred.SequenceFileInputFormat
                                      output format: org.apache.hadoop.hive.ql.io.HiveSequenceFileOutputFormat
                                      serde: org.apache.hadoop.hive.serde2.lazy.LazySimpleSerDe
                          Select Operator
                            expressions: array(1) (type: array<int>)
                            outputColumnNames: _col0
                            Statistics: Num rows: 1 Data size: 48 Basic stats: COMPLETE Column stats: COMPLETE
                            UDTF Operator
                              Statistics: Num rows: 0 Data size: 24 Basic stats: COMPLETE Column stats: COMPLETE
                              function name: explode
                              Lateral View Join Operator
                                outputColumnNames: _col0, _col1, _col6, _col7
                                Statistics: Num rows: 1 Data size: 132 Basic stats: COMPLETE Column stats: COMPLETE
                                Select Operator
                                  expressions: _col0 (type: int), _col1 (type: string), _col6 (type: int), _col7 (type: int)
                                  outputColumnNames: _col0, _col1, _col2, _col3
                                  Statistics: Num rows: 1 Data size: 132 Basic stats: COMPLETE Column stats: COMPLETE
                                  File Output Operator
                                    compressed: false
                                    Statistics: Num rows: 1 Data size: 132 Basic stats: COMPLETE Column stats: COMPLETE
                                    table:
                                        input format: org.apache.hadoop.mapred.SequenceFileInputFormat
                                        output format: org.apache.hadoop.hive.ql.io.HiveSequenceFileOutputFormat
                                        serde: org.apache.hadoop.hive.serde2.lazy.LazySimpleSerDe
                    Select Operator
                      expressions: array(1,2,3) (type: array<int>)
                      outputColumnNames: _col0
                      Statistics: Num rows: 3 Data size: 168 Basic stats: COMPLETE Column stats: COMPLETE
                      UDTF Operator
                        Statistics: Num rows: 1 Data size: 84 Basic stats: COMPLETE Column stats: COMPLETE
                        function name: explode
                        Lateral View Join Operator
                          outputColumnNames: _col0, _col1, _col6
                          Statistics: Num rows: 1 Data size: 192 Basic stats: COMPLETE Column stats: COMPLETE
                          Lateral View Forward
                            Statistics: Num rows: 1 Data size: 192 Basic stats: COMPLETE Column stats: COMPLETE
                            Select Operator
                              expressions: _col0 (type: int), _col1 (type: string), _col6 (type: int)
                              outputColumnNames: _col0, _col1, _col6
                              Statistics: Num rows: 1 Data size: 108 Basic stats: COMPLETE Column stats: COMPLETE
                              Lateral View Join Operator
                                outputColumnNames: _col0, _col1, _col6, _col7
                                Statistics: Num rows: 1 Data size: 132 Basic stats: COMPLETE Column stats: COMPLETE
                                Select Operator
                                  expressions: _col0 (type: int), _col1 (type: string), _col6 (type: int), _col7 (type: int)
                                  outputColumnNames: _col0, _col1, _col2, _col3
                                  Statistics: Num rows: 1 Data size: 132 Basic stats: COMPLETE Column stats: COMPLETE
                                  File Output Operator
                                    compressed: false
                                    Statistics: Num rows: 1 Data size: 132 Basic stats: COMPLETE Column stats: COMPLETE
                                    table:
                                        input format: org.apache.hadoop.mapred.SequenceFileInputFormat
                                        output format: org.apache.hadoop.hive.ql.io.HiveSequenceFileOutputFormat
                                        serde: org.apache.hadoop.hive.serde2.lazy.LazySimpleSerDe
                            Select Operator
                              expressions: array(1) (type: array<int>)
                              outputColumnNames: _col0
                              Statistics: Num rows: 1 Data size: 48 Basic stats: COMPLETE Column stats: COMPLETE
                              UDTF Operator
                                Statistics: Num rows: 0 Data size: 24 Basic stats: COMPLETE Column stats: COMPLETE
                                function name: explode
                                Lateral View Join Operator
                                  outputColumnNames: _col0, _col1, _col6, _col7
                                  Statistics: Num rows: 1 Data size: 132 Basic stats: COMPLETE Column stats: COMPLETE
                                  Select Operator
                                    expressions: _col0 (type: int), _col1 (type: string), _col6 (type: int), _col7 (type: int)
                                    outputColumnNames: _col0, _col1, _col2, _col3
                                    Statistics: Num rows: 1 Data size: 132 Basic stats: COMPLETE Column stats: COMPLETE
                                    File Output Operator
                                      compressed: false
                                      Statistics: Num rows: 1 Data size: 132 Basic stats: COMPLETE Column stats: COMPLETE
                                      table:
                                          input format: org.apache.hadoop.mapred.SequenceFileInputFormat
                                          output format: org.apache.hadoop.hive.ql.io.HiveSequenceFileOutputFormat
                                          serde: org.apache.hadoop.hive.serde2.lazy.LazySimpleSerDe
            Execution mode: llap
            LLAP IO: all inputs

  Stage: Stage-0
    Fetch Operator
      limit: -1
      Processor Tree:
        ListSink

PREHOOK: query: explain select * from annotate_stats_lateral_view_join_test a lateral view explode(array(1, 2, 3)) b lateral view explode(array(1)) c lateral view explode(array(1, 2)) d
PREHOOK: type: QUERY
PREHOOK: Input: default@annotate_stats_lateral_view_join_test
#### A masked pattern was here ####
POSTHOOK: query: explain select * from annotate_stats_lateral_view_join_test a lateral view explode(array(1, 2, 3)) b lateral view explode(array(1)) c lateral view explode(array(1, 2)) d
POSTHOOK: type: QUERY
POSTHOOK: Input: default@annotate_stats_lateral_view_join_test
#### A masked pattern was here ####
STAGE DEPENDENCIES:
  Stage-1 is a root stage
  Stage-0 depends on stages: Stage-1

STAGE PLANS:
  Stage: Stage-1
    Tez
#### A masked pattern was here ####
      Vertices:
        Map 1 
            Map Operator Tree:
                TableScan
                  alias: a
                  Statistics: Num rows: 3 Data size: 324 Basic stats: COMPLETE Column stats: COMPLETE
                  Lateral View Forward
                    Statistics: Num rows: 3 Data size: 324 Basic stats: COMPLETE Column stats: COMPLETE
                    Select Operator
                      expressions: id (type: int), name (type: string)
                      outputColumnNames: id, name
                      Statistics: Num rows: 3 Data size: 324 Basic stats: COMPLETE Column stats: COMPLETE
                      Lateral View Join Operator
                        outputColumnNames: _col0, _col1, _col6
                        Statistics: Num rows: 1 Data size: 192 Basic stats: COMPLETE Column stats: COMPLETE
                        Lateral View Forward
                          Statistics: Num rows: 1 Data size: 192 Basic stats: COMPLETE Column stats: COMPLETE
                          Select Operator
                            expressions: _col0 (type: int), _col1 (type: string), _col6 (type: int)
                            outputColumnNames: _col0, _col1, _col6
                            Statistics: Num rows: 1 Data size: 108 Basic stats: COMPLETE Column stats: COMPLETE
                            Lateral View Join Operator
                              outputColumnNames: _col0, _col1, _col6, _col7
                              Statistics: Num rows: 1 Data size: 132 Basic stats: COMPLETE Column stats: COMPLETE
                              Lateral View Forward
                                Statistics: Num rows: 1 Data size: 132 Basic stats: COMPLETE Column stats: COMPLETE
                                Select Operator
                                  expressions: _col0 (type: int), _col1 (type: string), _col6 (type: int), _col7 (type: int)
                                  outputColumnNames: _col0, _col1, _col6, _col7
                                  Statistics: Num rows: 1 Data size: 152 Basic stats: COMPLETE Column stats: COMPLETE
                                  Lateral View Join Operator
                                    outputColumnNames: _col0, _col1, _col6, _col7, _col8
                                    Statistics: Num rows: 1 Data size: 176 Basic stats: COMPLETE Column stats: COMPLETE
                                    Select Operator
                                      expressions: _col0 (type: int), _col1 (type: string), _col6 (type: int), _col7 (type: int), _col8 (type: int)
                                      outputColumnNames: _col0, _col1, _col2, _col3, _col4
                                      Statistics: Num rows: 1 Data size: 176 Basic stats: COMPLETE Column stats: COMPLETE
                                      File Output Operator
                                        compressed: false
                                        Statistics: Num rows: 1 Data size: 176 Basic stats: COMPLETE Column stats: COMPLETE
                                        table:
                                            input format: org.apache.hadoop.mapred.SequenceFileInputFormat
                                            output format: org.apache.hadoop.hive.ql.io.HiveSequenceFileOutputFormat
                                            serde: org.apache.hadoop.hive.serde2.lazy.LazySimpleSerDe
                                Select Operator
                                  expressions: array(1,2) (type: array<int>)
                                  outputColumnNames: _col0
                                  Statistics: Num rows: 1 Data size: 48 Basic stats: COMPLETE Column stats: COMPLETE
                                  UDTF Operator
                                    Statistics: Num rows: 0 Data size: 24 Basic stats: COMPLETE Column stats: COMPLETE
                                    function name: explode
                                    Lateral View Join Operator
                                      outputColumnNames: _col0, _col1, _col6, _col7, _col8
                                      Statistics: Num rows: 1 Data size: 176 Basic stats: COMPLETE Column stats: COMPLETE
                                      Select Operator
                                        expressions: _col0 (type: int), _col1 (type: string), _col6 (type: int), _col7 (type: int), _col8 (type: int)
                                        outputColumnNames: _col0, _col1, _col2, _col3, _col4
                                        Statistics: Num rows: 1 Data size: 176 Basic stats: COMPLETE Column stats: COMPLETE
                                        File Output Operator
                                          compressed: false
                                          Statistics: Num rows: 1 Data size: 176 Basic stats: COMPLETE Column stats: COMPLETE
                                          table:
                                              input format: org.apache.hadoop.mapred.SequenceFileInputFormat
                                              output format: org.apache.hadoop.hive.ql.io.HiveSequenceFileOutputFormat
                                              serde: org.apache.hadoop.hive.serde2.lazy.LazySimpleSerDe
                          Select Operator
                            expressions: array(1) (type: array<int>)
                            outputColumnNames: _col0
                            Statistics: Num rows: 1 Data size: 48 Basic stats: COMPLETE Column stats: COMPLETE
                            UDTF Operator
                              Statistics: Num rows: 0 Data size: 24 Basic stats: COMPLETE Column stats: COMPLETE
                              function name: explode
                              Lateral View Join Operator
                                outputColumnNames: _col0, _col1, _col6, _col7
                                Statistics: Num rows: 1 Data size: 132 Basic stats: COMPLETE Column stats: COMPLETE
                                Lateral View Forward
                                  Statistics: Num rows: 1 Data size: 132 Basic stats: COMPLETE Column stats: COMPLETE
                                  Select Operator
                                    expressions: _col0 (type: int), _col1 (type: string), _col6 (type: int), _col7 (type: int)
                                    outputColumnNames: _col0, _col1, _col6, _col7
                                    Statistics: Num rows: 1 Data size: 152 Basic stats: COMPLETE Column stats: COMPLETE
                                    Lateral View Join Operator
                                      outputColumnNames: _col0, _col1, _col6, _col7, _col8
                                      Statistics: Num rows: 1 Data size: 176 Basic stats: COMPLETE Column stats: COMPLETE
                                      Select Operator
                                        expressions: _col0 (type: int), _col1 (type: string), _col6 (type: int), _col7 (type: int), _col8 (type: int)
                                        outputColumnNames: _col0, _col1, _col2, _col3, _col4
                                        Statistics: Num rows: 1 Data size: 176 Basic stats: COMPLETE Column stats: COMPLETE
                                        File Output Operator
                                          compressed: false
                                          Statistics: Num rows: 1 Data size: 176 Basic stats: COMPLETE Column stats: COMPLETE
                                          table:
                                              input format: org.apache.hadoop.mapred.SequenceFileInputFormat
                                              output format: org.apache.hadoop.hive.ql.io.HiveSequenceFileOutputFormat
                                              serde: org.apache.hadoop.hive.serde2.lazy.LazySimpleSerDe
                                  Select Operator
                                    expressions: array(1,2) (type: array<int>)
                                    outputColumnNames: _col0
                                    Statistics: Num rows: 1 Data size: 48 Basic stats: COMPLETE Column stats: COMPLETE
                                    UDTF Operator
                                      Statistics: Num rows: 0 Data size: 24 Basic stats: COMPLETE Column stats: COMPLETE
                                      function name: explode
                                      Lateral View Join Operator
                                        outputColumnNames: _col0, _col1, _col6, _col7, _col8
                                        Statistics: Num rows: 1 Data size: 176 Basic stats: COMPLETE Column stats: COMPLETE
                                        Select Operator
                                          expressions: _col0 (type: int), _col1 (type: string), _col6 (type: int), _col7 (type: int), _col8 (type: int)
                                          outputColumnNames: _col0, _col1, _col2, _col3, _col4
                                          Statistics: Num rows: 1 Data size: 176 Basic stats: COMPLETE Column stats: COMPLETE
                                          File Output Operator
                                            compressed: false
                                            Statistics: Num rows: 1 Data size: 176 Basic stats: COMPLETE Column stats: COMPLETE
                                            table:
                                                input format: org.apache.hadoop.mapred.SequenceFileInputFormat
                                                output format: org.apache.hadoop.hive.ql.io.HiveSequenceFileOutputFormat
                                                serde: org.apache.hadoop.hive.serde2.lazy.LazySimpleSerDe
                    Select Operator
                      expressions: array(1,2,3) (type: array<int>)
                      outputColumnNames: _col0
                      Statistics: Num rows: 3 Data size: 168 Basic stats: COMPLETE Column stats: COMPLETE
                      UDTF Operator
                        Statistics: Num rows: 1 Data size: 84 Basic stats: COMPLETE Column stats: COMPLETE
                        function name: explode
                        Lateral View Join Operator
                          outputColumnNames: _col0, _col1, _col6
                          Statistics: Num rows: 1 Data size: 192 Basic stats: COMPLETE Column stats: COMPLETE
                          Lateral View Forward
                            Statistics: Num rows: 1 Data size: 192 Basic stats: COMPLETE Column stats: COMPLETE
                            Select Operator
                              expressions: _col0 (type: int), _col1 (type: string), _col6 (type: int)
                              outputColumnNames: _col0, _col1, _col6
                              Statistics: Num rows: 1 Data size: 108 Basic stats: COMPLETE Column stats: COMPLETE
                              Lateral View Join Operator
                                outputColumnNames: _col0, _col1, _col6, _col7
                                Statistics: Num rows: 1 Data size: 132 Basic stats: COMPLETE Column stats: COMPLETE
                                Lateral View Forward
                                  Statistics: Num rows: 1 Data size: 132 Basic stats: COMPLETE Column stats: COMPLETE
                                  Select Operator
                                    expressions: _col0 (type: int), _col1 (type: string), _col6 (type: int), _col7 (type: int)
                                    outputColumnNames: _col0, _col1, _col6, _col7
                                    Statistics: Num rows: 1 Data size: 152 Basic stats: COMPLETE Column stats: COMPLETE
                                    Lateral View Join Operator
                                      outputColumnNames: _col0, _col1, _col6, _col7, _col8
                                      Statistics: Num rows: 1 Data size: 176 Basic stats: COMPLETE Column stats: COMPLETE
                                      Select Operator
                                        expressions: _col0 (type: int), _col1 (type: string), _col6 (type: int), _col7 (type: int), _col8 (type: int)
                                        outputColumnNames: _col0, _col1, _col2, _col3, _col4
                                        Statistics: Num rows: 1 Data size: 176 Basic stats: COMPLETE Column stats: COMPLETE
                                        File Output Operator
                                          compressed: false
                                          Statistics: Num rows: 1 Data size: 176 Basic stats: COMPLETE Column stats: COMPLETE
                                          table:
                                              input format: org.apache.hadoop.mapred.SequenceFileInputFormat
                                              output format: org.apache.hadoop.hive.ql.io.HiveSequenceFileOutputFormat
                                              serde: org.apache.hadoop.hive.serde2.lazy.LazySimpleSerDe
                                  Select Operator
                                    expressions: array(1,2) (type: array<int>)
                                    outputColumnNames: _col0
                                    Statistics: Num rows: 1 Data size: 48 Basic stats: COMPLETE Column stats: COMPLETE
                                    UDTF Operator
                                      Statistics: Num rows: 0 Data size: 24 Basic stats: COMPLETE Column stats: COMPLETE
                                      function name: explode
                                      Lateral View Join Operator
                                        outputColumnNames: _col0, _col1, _col6, _col7, _col8
                                        Statistics: Num rows: 1 Data size: 176 Basic stats: COMPLETE Column stats: COMPLETE
                                        Select Operator
                                          expressions: _col0 (type: int), _col1 (type: string), _col6 (type: int), _col7 (type: int), _col8 (type: int)
                                          outputColumnNames: _col0, _col1, _col2, _col3, _col4
                                          Statistics: Num rows: 1 Data size: 176 Basic stats: COMPLETE Column stats: COMPLETE
                                          File Output Operator
                                            compressed: false
                                            Statistics: Num rows: 1 Data size: 176 Basic stats: COMPLETE Column stats: COMPLETE
                                            table:
                                                input format: org.apache.hadoop.mapred.SequenceFileInputFormat
                                                output format: org.apache.hadoop.hive.ql.io.HiveSequenceFileOutputFormat
                                                serde: org.apache.hadoop.hive.serde2.lazy.LazySimpleSerDe
                            Select Operator
                              expressions: array(1) (type: array<int>)
                              outputColumnNames: _col0
                              Statistics: Num rows: 1 Data size: 48 Basic stats: COMPLETE Column stats: COMPLETE
                              UDTF Operator
                                Statistics: Num rows: 0 Data size: 24 Basic stats: COMPLETE Column stats: COMPLETE
                                function name: explode
                                Lateral View Join Operator
                                  outputColumnNames: _col0, _col1, _col6, _col7
                                  Statistics: Num rows: 1 Data size: 132 Basic stats: COMPLETE Column stats: COMPLETE
                                  Lateral View Forward
                                    Statistics: Num rows: 1 Data size: 132 Basic stats: COMPLETE Column stats: COMPLETE
                                    Select Operator
                                      expressions: _col0 (type: int), _col1 (type: string), _col6 (type: int), _col7 (type: int)
                                      outputColumnNames: _col0, _col1, _col6, _col7
                                      Statistics: Num rows: 1 Data size: 152 Basic stats: COMPLETE Column stats: COMPLETE
                                      Lateral View Join Operator
                                        outputColumnNames: _col0, _col1, _col6, _col7, _col8
                                        Statistics: Num rows: 1 Data size: 176 Basic stats: COMPLETE Column stats: COMPLETE
                                        Select Operator
                                          expressions: _col0 (type: int), _col1 (type: string), _col6 (type: int), _col7 (type: int), _col8 (type: int)
                                          outputColumnNames: _col0, _col1, _col2, _col3, _col4
                                          Statistics: Num rows: 1 Data size: 176 Basic stats: COMPLETE Column stats: COMPLETE
                                          File Output Operator
                                            compressed: false
                                            Statistics: Num rows: 1 Data size: 176 Basic stats: COMPLETE Column stats: COMPLETE
                                            table:
                                                input format: org.apache.hadoop.mapred.SequenceFileInputFormat
                                                output format: org.apache.hadoop.hive.ql.io.HiveSequenceFileOutputFormat
                                                serde: org.apache.hadoop.hive.serde2.lazy.LazySimpleSerDe
                                    Select Operator
                                      expressions: array(1,2) (type: array<int>)
                                      outputColumnNames: _col0
                                      Statistics: Num rows: 1 Data size: 48 Basic stats: COMPLETE Column stats: COMPLETE
                                      UDTF Operator
                                        Statistics: Num rows: 0 Data size: 24 Basic stats: COMPLETE Column stats: COMPLETE
                                        function name: explode
                                        Lateral View Join Operator
                                          outputColumnNames: _col0, _col1, _col6, _col7, _col8
                                          Statistics: Num rows: 1 Data size: 176 Basic stats: COMPLETE Column stats: COMPLETE
                                          Select Operator
                                            expressions: _col0 (type: int), _col1 (type: string), _col6 (type: int), _col7 (type: int), _col8 (type: int)
                                            outputColumnNames: _col0, _col1, _col2, _col3, _col4
                                            Statistics: Num rows: 1 Data size: 176 Basic stats: COMPLETE Column stats: COMPLETE
                                            File Output Operator
                                              compressed: false
                                              Statistics: Num rows: 1 Data size: 176 Basic stats: COMPLETE Column stats: COMPLETE
                                              table:
                                                  input format: org.apache.hadoop.mapred.SequenceFileInputFormat
                                                  output format: org.apache.hadoop.hive.ql.io.HiveSequenceFileOutputFormat
                                                  serde: org.apache.hadoop.hive.serde2.lazy.LazySimpleSerDe
            Execution mode: llap
            LLAP IO: all inputs

  Stage: Stage-0
    Fetch Operator
      limit: -1
      Processor Tree:
        ListSink

PREHOOK: query: explain select * from annotate_stats_lateral_view_join_test a lateral view explode(array(1, 2, 3)) b
PREHOOK: type: QUERY
PREHOOK: Input: default@annotate_stats_lateral_view_join_test
#### A masked pattern was here ####
POSTHOOK: query: explain select * from annotate_stats_lateral_view_join_test a lateral view explode(array(1, 2, 3)) b
POSTHOOK: type: QUERY
POSTHOOK: Input: default@annotate_stats_lateral_view_join_test
#### A masked pattern was here ####
STAGE DEPENDENCIES:
  Stage-1 is a root stage
  Stage-0 depends on stages: Stage-1

STAGE PLANS:
  Stage: Stage-1
    Tez
#### A masked pattern was here ####
      Vertices:
        Map 1 
            Map Operator Tree:
                TableScan
                  alias: a
                  Statistics: Num rows: 3 Data size: 324 Basic stats: COMPLETE Column stats: COMPLETE
                  Lateral View Forward
                    Statistics: Num rows: 3 Data size: 324 Basic stats: COMPLETE Column stats: COMPLETE
                    Select Operator
                      expressions: id (type: int), name (type: string)
                      outputColumnNames: id, name
                      Statistics: Num rows: 3 Data size: 324 Basic stats: COMPLETE Column stats: COMPLETE
                      Lateral View Join Operator
                        outputColumnNames: _col0, _col1, _col6
                        Statistics: Num rows: 3 Data size: 492 Basic stats: COMPLETE Column stats: COMPLETE
                        Select Operator
                          expressions: _col0 (type: int), _col1 (type: string), _col6 (type: int)
                          outputColumnNames: _col0, _col1, _col2
                          Statistics: Num rows: 3 Data size: 492 Basic stats: COMPLETE Column stats: COMPLETE
                          File Output Operator
                            compressed: false
                            Statistics: Num rows: 3 Data size: 492 Basic stats: COMPLETE Column stats: COMPLETE
                            table:
                                input format: org.apache.hadoop.mapred.SequenceFileInputFormat
                                output format: org.apache.hadoop.hive.ql.io.HiveSequenceFileOutputFormat
                                serde: org.apache.hadoop.hive.serde2.lazy.LazySimpleSerDe
                    Select Operator
                      expressions: array(1,2,3) (type: array<int>)
                      outputColumnNames: _col0
                      Statistics: Num rows: 3 Data size: 168 Basic stats: COMPLETE Column stats: COMPLETE
                      UDTF Operator
                        Statistics: Num rows: 3 Data size: 168 Basic stats: COMPLETE Column stats: COMPLETE
                        function name: explode
                        Lateral View Join Operator
                          outputColumnNames: _col0, _col1, _col6
                          Statistics: Num rows: 3 Data size: 492 Basic stats: COMPLETE Column stats: COMPLETE
                          Select Operator
                            expressions: _col0 (type: int), _col1 (type: string), _col6 (type: int)
                            outputColumnNames: _col0, _col1, _col2
                            Statistics: Num rows: 3 Data size: 492 Basic stats: COMPLETE Column stats: COMPLETE
                            File Output Operator
                              compressed: false
                              Statistics: Num rows: 3 Data size: 492 Basic stats: COMPLETE Column stats: COMPLETE
                              table:
                                  input format: org.apache.hadoop.mapred.SequenceFileInputFormat
                                  output format: org.apache.hadoop.hive.ql.io.HiveSequenceFileOutputFormat
                                  serde: org.apache.hadoop.hive.serde2.lazy.LazySimpleSerDe
            Execution mode: llap
            LLAP IO: all inputs

  Stage: Stage-0
    Fetch Operator
      limit: -1
      Processor Tree:
        ListSink

PREHOOK: query: explain select a.id, name as n, b.* from annotate_stats_lateral_view_join_test a lateral view explode(array(1, 2, 3)) b
PREHOOK: type: QUERY
PREHOOK: Input: default@annotate_stats_lateral_view_join_test
#### A masked pattern was here ####
POSTHOOK: query: explain select a.id, name as n, b.* from annotate_stats_lateral_view_join_test a lateral view explode(array(1, 2, 3)) b
POSTHOOK: type: QUERY
POSTHOOK: Input: default@annotate_stats_lateral_view_join_test
#### A masked pattern was here ####
STAGE DEPENDENCIES:
  Stage-1 is a root stage
  Stage-0 depends on stages: Stage-1

STAGE PLANS:
  Stage: Stage-1
    Tez
#### A masked pattern was here ####
      Vertices:
        Map 1 
            Map Operator Tree:
                TableScan
                  alias: a
                  Statistics: Num rows: 3 Data size: 324 Basic stats: COMPLETE Column stats: COMPLETE
                  Lateral View Forward
                    Statistics: Num rows: 3 Data size: 324 Basic stats: COMPLETE Column stats: COMPLETE
                    Select Operator
                      expressions: id (type: int), name (type: string)
                      outputColumnNames: id, name
                      Statistics: Num rows: 3 Data size: 324 Basic stats: COMPLETE Column stats: COMPLETE
                      Lateral View Join Operator
                        outputColumnNames: _col0, _col1, _col6
                        Statistics: Num rows: 3 Data size: 492 Basic stats: COMPLETE Column stats: COMPLETE
                        Select Operator
                          expressions: _col0 (type: int), _col1 (type: string), _col6 (type: int)
                          outputColumnNames: _col0, _col1, _col2
                          Statistics: Num rows: 3 Data size: 324 Basic stats: COMPLETE Column stats: COMPLETE
                          File Output Operator
                            compressed: false
                            Statistics: Num rows: 3 Data size: 324 Basic stats: COMPLETE Column stats: COMPLETE
                            table:
                                input format: org.apache.hadoop.mapred.SequenceFileInputFormat
                                output format: org.apache.hadoop.hive.ql.io.HiveSequenceFileOutputFormat
                                serde: org.apache.hadoop.hive.serde2.lazy.LazySimpleSerDe
                    Select Operator
                      expressions: array(1,2,3) (type: array<int>)
                      outputColumnNames: _col0
                      Statistics: Num rows: 3 Data size: 168 Basic stats: COMPLETE Column stats: COMPLETE
                      UDTF Operator
                        Statistics: Num rows: 3 Data size: 168 Basic stats: COMPLETE Column stats: COMPLETE
                        function name: explode
                        Lateral View Join Operator
                          outputColumnNames: _col0, _col1, _col6
                          Statistics: Num rows: 3 Data size: 492 Basic stats: COMPLETE Column stats: COMPLETE
                          Select Operator
                            expressions: _col0 (type: int), _col1 (type: string), _col6 (type: int)
                            outputColumnNames: _col0, _col1, _col2
                            Statistics: Num rows: 3 Data size: 324 Basic stats: COMPLETE Column stats: COMPLETE
                            File Output Operator
                              compressed: false
                              Statistics: Num rows: 3 Data size: 324 Basic stats: COMPLETE Column stats: COMPLETE
                              table:
                                  input format: org.apache.hadoop.mapred.SequenceFileInputFormat
                                  output format: org.apache.hadoop.hive.ql.io.HiveSequenceFileOutputFormat
                                  serde: org.apache.hadoop.hive.serde2.lazy.LazySimpleSerDe
            Execution mode: llap
            LLAP IO: all inputs

  Stage: Stage-0
    Fetch Operator
      limit: -1
      Processor Tree:
        ListSink

PREHOOK: query: explain select * from annotate_stats_lateral_view_join_test a lateral view explode(array(1, 2, 3)) b lateral view explode(array(1)) c
PREHOOK: type: QUERY
PREHOOK: Input: default@annotate_stats_lateral_view_join_test
#### A masked pattern was here ####
POSTHOOK: query: explain select * from annotate_stats_lateral_view_join_test a lateral view explode(array(1, 2, 3)) b lateral view explode(array(1)) c
POSTHOOK: type: QUERY
POSTHOOK: Input: default@annotate_stats_lateral_view_join_test
#### A masked pattern was here ####
STAGE DEPENDENCIES:
  Stage-1 is a root stage
  Stage-0 depends on stages: Stage-1

STAGE PLANS:
  Stage: Stage-1
    Tez
#### A masked pattern was here ####
      Vertices:
        Map 1 
            Map Operator Tree:
                TableScan
                  alias: a
                  Statistics: Num rows: 3 Data size: 324 Basic stats: COMPLETE Column stats: COMPLETE
                  Lateral View Forward
                    Statistics: Num rows: 3 Data size: 324 Basic stats: COMPLETE Column stats: COMPLETE
                    Select Operator
                      expressions: id (type: int), name (type: string)
                      outputColumnNames: id, name
                      Statistics: Num rows: 3 Data size: 324 Basic stats: COMPLETE Column stats: COMPLETE
                      Lateral View Join Operator
                        outputColumnNames: _col0, _col1, _col6
                        Statistics: Num rows: 3 Data size: 492 Basic stats: COMPLETE Column stats: COMPLETE
                        Lateral View Forward
                          Statistics: Num rows: 3 Data size: 492 Basic stats: COMPLETE Column stats: COMPLETE
                          Select Operator
                            expressions: _col0 (type: int), _col1 (type: string), _col6 (type: int)
                            outputColumnNames: _col0, _col1, _col6
                            Statistics: Num rows: 3 Data size: 324 Basic stats: COMPLETE Column stats: COMPLETE
                            Lateral View Join Operator
                              outputColumnNames: _col0, _col1, _col6, _col7
                              Statistics: Num rows: 3 Data size: 468 Basic stats: COMPLETE Column stats: COMPLETE
                              Select Operator
                                expressions: _col0 (type: int), _col1 (type: string), _col6 (type: int), _col7 (type: int)
                                outputColumnNames: _col0, _col1, _col2, _col3
                                Statistics: Num rows: 3 Data size: 468 Basic stats: COMPLETE Column stats: COMPLETE
                                File Output Operator
                                  compressed: false
                                  Statistics: Num rows: 3 Data size: 468 Basic stats: COMPLETE Column stats: COMPLETE
                                  table:
                                      input format: org.apache.hadoop.mapred.SequenceFileInputFormat
                                      output format: org.apache.hadoop.hive.ql.io.HiveSequenceFileOutputFormat
                                      serde: org.apache.hadoop.hive.serde2.lazy.LazySimpleSerDe
                          Select Operator
                            expressions: array(1) (type: array<int>)
                            outputColumnNames: _col0
                            Statistics: Num rows: 3 Data size: 144 Basic stats: COMPLETE Column stats: COMPLETE
                            UDTF Operator
                              Statistics: Num rows: 3 Data size: 144 Basic stats: COMPLETE Column stats: COMPLETE
                              function name: explode
                              Lateral View Join Operator
                                outputColumnNames: _col0, _col1, _col6, _col7
                                Statistics: Num rows: 3 Data size: 468 Basic stats: COMPLETE Column stats: COMPLETE
                                Select Operator
                                  expressions: _col0 (type: int), _col1 (type: string), _col6 (type: int), _col7 (type: int)
                                  outputColumnNames: _col0, _col1, _col2, _col3
                                  Statistics: Num rows: 3 Data size: 468 Basic stats: COMPLETE Column stats: COMPLETE
                                  File Output Operator
                                    compressed: false
                                    Statistics: Num rows: 3 Data size: 468 Basic stats: COMPLETE Column stats: COMPLETE
                                    table:
                                        input format: org.apache.hadoop.mapred.SequenceFileInputFormat
                                        output format: org.apache.hadoop.hive.ql.io.HiveSequenceFileOutputFormat
                                        serde: org.apache.hadoop.hive.serde2.lazy.LazySimpleSerDe
                    Select Operator
                      expressions: array(1,2,3) (type: array<int>)
                      outputColumnNames: _col0
                      Statistics: Num rows: 3 Data size: 168 Basic stats: COMPLETE Column stats: COMPLETE
                      UDTF Operator
                        Statistics: Num rows: 3 Data size: 168 Basic stats: COMPLETE Column stats: COMPLETE
                        function name: explode
                        Lateral View Join Operator
                          outputColumnNames: _col0, _col1, _col6
                          Statistics: Num rows: 3 Data size: 492 Basic stats: COMPLETE Column stats: COMPLETE
                          Lateral View Forward
                            Statistics: Num rows: 3 Data size: 492 Basic stats: COMPLETE Column stats: COMPLETE
                            Select Operator
                              expressions: _col0 (type: int), _col1 (type: string), _col6 (type: int)
                              outputColumnNames: _col0, _col1, _col6
                              Statistics: Num rows: 3 Data size: 324 Basic stats: COMPLETE Column stats: COMPLETE
                              Lateral View Join Operator
                                outputColumnNames: _col0, _col1, _col6, _col7
                                Statistics: Num rows: 3 Data size: 468 Basic stats: COMPLETE Column stats: COMPLETE
                                Select Operator
                                  expressions: _col0 (type: int), _col1 (type: string), _col6 (type: int), _col7 (type: int)
                                  outputColumnNames: _col0, _col1, _col2, _col3
                                  Statistics: Num rows: 3 Data size: 468 Basic stats: COMPLETE Column stats: COMPLETE
                                  File Output Operator
                                    compressed: false
                                    Statistics: Num rows: 3 Data size: 468 Basic stats: COMPLETE Column stats: COMPLETE
                                    table:
                                        input format: org.apache.hadoop.mapred.SequenceFileInputFormat
                                        output format: org.apache.hadoop.hive.ql.io.HiveSequenceFileOutputFormat
                                        serde: org.apache.hadoop.hive.serde2.lazy.LazySimpleSerDe
                            Select Operator
                              expressions: array(1) (type: array<int>)
                              outputColumnNames: _col0
                              Statistics: Num rows: 3 Data size: 144 Basic stats: COMPLETE Column stats: COMPLETE
                              UDTF Operator
                                Statistics: Num rows: 3 Data size: 144 Basic stats: COMPLETE Column stats: COMPLETE
                                function name: explode
                                Lateral View Join Operator
                                  outputColumnNames: _col0, _col1, _col6, _col7
                                  Statistics: Num rows: 3 Data size: 468 Basic stats: COMPLETE Column stats: COMPLETE
                                  Select Operator
                                    expressions: _col0 (type: int), _col1 (type: string), _col6 (type: int), _col7 (type: int)
                                    outputColumnNames: _col0, _col1, _col2, _col3
                                    Statistics: Num rows: 3 Data size: 468 Basic stats: COMPLETE Column stats: COMPLETE
                                    File Output Operator
                                      compressed: false
                                      Statistics: Num rows: 3 Data size: 468 Basic stats: COMPLETE Column stats: COMPLETE
                                      table:
                                          input format: org.apache.hadoop.mapred.SequenceFileInputFormat
                                          output format: org.apache.hadoop.hive.ql.io.HiveSequenceFileOutputFormat
                                          serde: org.apache.hadoop.hive.serde2.lazy.LazySimpleSerDe
            Execution mode: llap
            LLAP IO: all inputs

  Stage: Stage-0
    Fetch Operator
      limit: -1
      Processor Tree:
        ListSink

PREHOOK: query: explain select * from annotate_stats_lateral_view_join_test a lateral view explode(array(1, 2, 3)) b lateral view explode(array(1)) c lateral view explode(array(1, 2)) d
PREHOOK: type: QUERY
PREHOOK: Input: default@annotate_stats_lateral_view_join_test
#### A masked pattern was here ####
POSTHOOK: query: explain select * from annotate_stats_lateral_view_join_test a lateral view explode(array(1, 2, 3)) b lateral view explode(array(1)) c lateral view explode(array(1, 2)) d
POSTHOOK: type: QUERY
POSTHOOK: Input: default@annotate_stats_lateral_view_join_test
#### A masked pattern was here ####
STAGE DEPENDENCIES:
  Stage-1 is a root stage
  Stage-0 depends on stages: Stage-1

STAGE PLANS:
  Stage: Stage-1
    Tez
#### A masked pattern was here ####
      Vertices:
        Map 1 
            Map Operator Tree:
                TableScan
                  alias: a
                  Statistics: Num rows: 3 Data size: 324 Basic stats: COMPLETE Column stats: COMPLETE
                  Lateral View Forward
                    Statistics: Num rows: 3 Data size: 324 Basic stats: COMPLETE Column stats: COMPLETE
                    Select Operator
                      expressions: id (type: int), name (type: string)
                      outputColumnNames: id, name
                      Statistics: Num rows: 3 Data size: 324 Basic stats: COMPLETE Column stats: COMPLETE
                      Lateral View Join Operator
                        outputColumnNames: _col0, _col1, _col6
                        Statistics: Num rows: 3 Data size: 492 Basic stats: COMPLETE Column stats: COMPLETE
                        Lateral View Forward
                          Statistics: Num rows: 3 Data size: 492 Basic stats: COMPLETE Column stats: COMPLETE
                          Select Operator
                            expressions: _col0 (type: int), _col1 (type: string), _col6 (type: int)
                            outputColumnNames: _col0, _col1, _col6
                            Statistics: Num rows: 3 Data size: 324 Basic stats: COMPLETE Column stats: COMPLETE
                            Lateral View Join Operator
                              outputColumnNames: _col0, _col1, _col6, _col7
                              Statistics: Num rows: 3 Data size: 468 Basic stats: COMPLETE Column stats: COMPLETE
                              Lateral View Forward
                                Statistics: Num rows: 3 Data size: 468 Basic stats: COMPLETE Column stats: COMPLETE
                                Select Operator
                                  expressions: _col0 (type: int), _col1 (type: string), _col6 (type: int), _col7 (type: int)
                                  outputColumnNames: _col0, _col1, _col6, _col7
                                  Statistics: Num rows: 3 Data size: 456 Basic stats: COMPLETE Column stats: COMPLETE
                                  Lateral View Join Operator
                                    outputColumnNames: _col0, _col1, _col6, _col7, _col8
                                    Statistics: Num rows: 3 Data size: 600 Basic stats: COMPLETE Column stats: COMPLETE
                                    Select Operator
                                      expressions: _col0 (type: int), _col1 (type: string), _col6 (type: int), _col7 (type: int), _col8 (type: int)
                                      outputColumnNames: _col0, _col1, _col2, _col3, _col4
                                      Statistics: Num rows: 3 Data size: 600 Basic stats: COMPLETE Column stats: COMPLETE
                                      File Output Operator
                                        compressed: false
                                        Statistics: Num rows: 3 Data size: 600 Basic stats: COMPLETE Column stats: COMPLETE
                                        table:
                                            input format: org.apache.hadoop.mapred.SequenceFileInputFormat
                                            output format: org.apache.hadoop.hive.ql.io.HiveSequenceFileOutputFormat
                                            serde: org.apache.hadoop.hive.serde2.lazy.LazySimpleSerDe
                                Select Operator
                                  expressions: array(1,2) (type: array<int>)
                                  outputColumnNames: _col0
                                  Statistics: Num rows: 3 Data size: 144 Basic stats: COMPLETE Column stats: COMPLETE
                                  UDTF Operator
                                    Statistics: Num rows: 3 Data size: 144 Basic stats: COMPLETE Column stats: COMPLETE
                                    function name: explode
                                    Lateral View Join Operator
                                      outputColumnNames: _col0, _col1, _col6, _col7, _col8
                                      Statistics: Num rows: 3 Data size: 600 Basic stats: COMPLETE Column stats: COMPLETE
                                      Select Operator
                                        expressions: _col0 (type: int), _col1 (type: string), _col6 (type: int), _col7 (type: int), _col8 (type: int)
                                        outputColumnNames: _col0, _col1, _col2, _col3, _col4
                                        Statistics: Num rows: 3 Data size: 600 Basic stats: COMPLETE Column stats: COMPLETE
                                        File Output Operator
                                          compressed: false
                                          Statistics: Num rows: 3 Data size: 600 Basic stats: COMPLETE Column stats: COMPLETE
                                          table:
                                              input format: org.apache.hadoop.mapred.SequenceFileInputFormat
                                              output format: org.apache.hadoop.hive.ql.io.HiveSequenceFileOutputFormat
                                              serde: org.apache.hadoop.hive.serde2.lazy.LazySimpleSerDe
                          Select Operator
                            expressions: array(1) (type: array<int>)
                            outputColumnNames: _col0
                            Statistics: Num rows: 3 Data size: 144 Basic stats: COMPLETE Column stats: COMPLETE
                            UDTF Operator
                              Statistics: Num rows: 3 Data size: 144 Basic stats: COMPLETE Column stats: COMPLETE
                              function name: explode
                              Lateral View Join Operator
                                outputColumnNames: _col0, _col1, _col6, _col7
                                Statistics: Num rows: 3 Data size: 468 Basic stats: COMPLETE Column stats: COMPLETE
                                Lateral View Forward
                                  Statistics: Num rows: 3 Data size: 468 Basic stats: COMPLETE Column stats: COMPLETE
                                  Select Operator
                                    expressions: _col0 (type: int), _col1 (type: string), _col6 (type: int), _col7 (type: int)
                                    outputColumnNames: _col0, _col1, _col6, _col7
                                    Statistics: Num rows: 3 Data size: 456 Basic stats: COMPLETE Column stats: COMPLETE
                                    Lateral View Join Operator
                                      outputColumnNames: _col0, _col1, _col6, _col7, _col8
                                      Statistics: Num rows: 3 Data size: 600 Basic stats: COMPLETE Column stats: COMPLETE
                                      Select Operator
                                        expressions: _col0 (type: int), _col1 (type: string), _col6 (type: int), _col7 (type: int), _col8 (type: int)
                                        outputColumnNames: _col0, _col1, _col2, _col3, _col4
                                        Statistics: Num rows: 3 Data size: 600 Basic stats: COMPLETE Column stats: COMPLETE
                                        File Output Operator
                                          compressed: false
                                          Statistics: Num rows: 3 Data size: 600 Basic stats: COMPLETE Column stats: COMPLETE
                                          table:
                                              input format: org.apache.hadoop.mapred.SequenceFileInputFormat
                                              output format: org.apache.hadoop.hive.ql.io.HiveSequenceFileOutputFormat
                                              serde: org.apache.hadoop.hive.serde2.lazy.LazySimpleSerDe
                                  Select Operator
                                    expressions: array(1,2) (type: array<int>)
                                    outputColumnNames: _col0
                                    Statistics: Num rows: 3 Data size: 144 Basic stats: COMPLETE Column stats: COMPLETE
                                    UDTF Operator
                                      Statistics: Num rows: 3 Data size: 144 Basic stats: COMPLETE Column stats: COMPLETE
                                      function name: explode
                                      Lateral View Join Operator
                                        outputColumnNames: _col0, _col1, _col6, _col7, _col8
                                        Statistics: Num rows: 3 Data size: 600 Basic stats: COMPLETE Column stats: COMPLETE
                                        Select Operator
                                          expressions: _col0 (type: int), _col1 (type: string), _col6 (type: int), _col7 (type: int), _col8 (type: int)
                                          outputColumnNames: _col0, _col1, _col2, _col3, _col4
                                          Statistics: Num rows: 3 Data size: 600 Basic stats: COMPLETE Column stats: COMPLETE
                                          File Output Operator
                                            compressed: false
                                            Statistics: Num rows: 3 Data size: 600 Basic stats: COMPLETE Column stats: COMPLETE
                                            table:
                                                input format: org.apache.hadoop.mapred.SequenceFileInputFormat
                                                output format: org.apache.hadoop.hive.ql.io.HiveSequenceFileOutputFormat
                                                serde: org.apache.hadoop.hive.serde2.lazy.LazySimpleSerDe
                    Select Operator
                      expressions: array(1,2,3) (type: array<int>)
                      outputColumnNames: _col0
                      Statistics: Num rows: 3 Data size: 168 Basic stats: COMPLETE Column stats: COMPLETE
                      UDTF Operator
                        Statistics: Num rows: 3 Data size: 168 Basic stats: COMPLETE Column stats: COMPLETE
                        function name: explode
                        Lateral View Join Operator
                          outputColumnNames: _col0, _col1, _col6
                          Statistics: Num rows: 3 Data size: 492 Basic stats: COMPLETE Column stats: COMPLETE
                          Lateral View Forward
                            Statistics: Num rows: 3 Data size: 492 Basic stats: COMPLETE Column stats: COMPLETE
                            Select Operator
                              expressions: _col0 (type: int), _col1 (type: string), _col6 (type: int)
                              outputColumnNames: _col0, _col1, _col6
                              Statistics: Num rows: 3 Data size: 324 Basic stats: COMPLETE Column stats: COMPLETE
                              Lateral View Join Operator
                                outputColumnNames: _col0, _col1, _col6, _col7
                                Statistics: Num rows: 3 Data size: 468 Basic stats: COMPLETE Column stats: COMPLETE
                                Lateral View Forward
                                  Statistics: Num rows: 3 Data size: 468 Basic stats: COMPLETE Column stats: COMPLETE
                                  Select Operator
                                    expressions: _col0 (type: int), _col1 (type: string), _col6 (type: int), _col7 (type: int)
                                    outputColumnNames: _col0, _col1, _col6, _col7
                                    Statistics: Num rows: 3 Data size: 456 Basic stats: COMPLETE Column stats: COMPLETE
                                    Lateral View Join Operator
                                      outputColumnNames: _col0, _col1, _col6, _col7, _col8
                                      Statistics: Num rows: 3 Data size: 600 Basic stats: COMPLETE Column stats: COMPLETE
                                      Select Operator
                                        expressions: _col0 (type: int), _col1 (type: string), _col6 (type: int), _col7 (type: int), _col8 (type: int)
                                        outputColumnNames: _col0, _col1, _col2, _col3, _col4
                                        Statistics: Num rows: 3 Data size: 600 Basic stats: COMPLETE Column stats: COMPLETE
                                        File Output Operator
                                          compressed: false
                                          Statistics: Num rows: 3 Data size: 600 Basic stats: COMPLETE Column stats: COMPLETE
                                          table:
                                              input format: org.apache.hadoop.mapred.SequenceFileInputFormat
                                              output format: org.apache.hadoop.hive.ql.io.HiveSequenceFileOutputFormat
                                              serde: org.apache.hadoop.hive.serde2.lazy.LazySimpleSerDe
                                  Select Operator
                                    expressions: array(1,2) (type: array<int>)
                                    outputColumnNames: _col0
                                    Statistics: Num rows: 3 Data size: 144 Basic stats: COMPLETE Column stats: COMPLETE
                                    UDTF Operator
                                      Statistics: Num rows: 3 Data size: 144 Basic stats: COMPLETE Column stats: COMPLETE
                                      function name: explode
                                      Lateral View Join Operator
                                        outputColumnNames: _col0, _col1, _col6, _col7, _col8
                                        Statistics: Num rows: 3 Data size: 600 Basic stats: COMPLETE Column stats: COMPLETE
                                        Select Operator
                                          expressions: _col0 (type: int), _col1 (type: string), _col6 (type: int), _col7 (type: int), _col8 (type: int)
                                          outputColumnNames: _col0, _col1, _col2, _col3, _col4
                                          Statistics: Num rows: 3 Data size: 600 Basic stats: COMPLETE Column stats: COMPLETE
                                          File Output Operator
                                            compressed: false
                                            Statistics: Num rows: 3 Data size: 600 Basic stats: COMPLETE Column stats: COMPLETE
                                            table:
                                                input format: org.apache.hadoop.mapred.SequenceFileInputFormat
                                                output format: org.apache.hadoop.hive.ql.io.HiveSequenceFileOutputFormat
                                                serde: org.apache.hadoop.hive.serde2.lazy.LazySimpleSerDe
                            Select Operator
                              expressions: array(1) (type: array<int>)
                              outputColumnNames: _col0
                              Statistics: Num rows: 3 Data size: 144 Basic stats: COMPLETE Column stats: COMPLETE
                              UDTF Operator
                                Statistics: Num rows: 3 Data size: 144 Basic stats: COMPLETE Column stats: COMPLETE
                                function name: explode
                                Lateral View Join Operator
                                  outputColumnNames: _col0, _col1, _col6, _col7
                                  Statistics: Num rows: 3 Data size: 468 Basic stats: COMPLETE Column stats: COMPLETE
                                  Lateral View Forward
                                    Statistics: Num rows: 3 Data size: 468 Basic stats: COMPLETE Column stats: COMPLETE
                                    Select Operator
                                      expressions: _col0 (type: int), _col1 (type: string), _col6 (type: int), _col7 (type: int)
                                      outputColumnNames: _col0, _col1, _col6, _col7
                                      Statistics: Num rows: 3 Data size: 456 Basic stats: COMPLETE Column stats: COMPLETE
                                      Lateral View Join Operator
                                        outputColumnNames: _col0, _col1, _col6, _col7, _col8
                                        Statistics: Num rows: 3 Data size: 600 Basic stats: COMPLETE Column stats: COMPLETE
                                        Select Operator
                                          expressions: _col0 (type: int), _col1 (type: string), _col6 (type: int), _col7 (type: int), _col8 (type: int)
                                          outputColumnNames: _col0, _col1, _col2, _col3, _col4
                                          Statistics: Num rows: 3 Data size: 600 Basic stats: COMPLETE Column stats: COMPLETE
                                          File Output Operator
                                            compressed: false
                                            Statistics: Num rows: 3 Data size: 600 Basic stats: COMPLETE Column stats: COMPLETE
                                            table:
                                                input format: org.apache.hadoop.mapred.SequenceFileInputFormat
                                                output format: org.apache.hadoop.hive.ql.io.HiveSequenceFileOutputFormat
                                                serde: org.apache.hadoop.hive.serde2.lazy.LazySimpleSerDe
                                    Select Operator
                                      expressions: array(1,2) (type: array<int>)
                                      outputColumnNames: _col0
                                      Statistics: Num rows: 3 Data size: 144 Basic stats: COMPLETE Column stats: COMPLETE
                                      UDTF Operator
                                        Statistics: Num rows: 3 Data size: 144 Basic stats: COMPLETE Column stats: COMPLETE
                                        function name: explode
                                        Lateral View Join Operator
                                          outputColumnNames: _col0, _col1, _col6, _col7, _col8
                                          Statistics: Num rows: 3 Data size: 600 Basic stats: COMPLETE Column stats: COMPLETE
                                          Select Operator
                                            expressions: _col0 (type: int), _col1 (type: string), _col6 (type: int), _col7 (type: int), _col8 (type: int)
                                            outputColumnNames: _col0, _col1, _col2, _col3, _col4
                                            Statistics: Num rows: 3 Data size: 600 Basic stats: COMPLETE Column stats: COMPLETE
                                            File Output Operator
                                              compressed: false
                                              Statistics: Num rows: 3 Data size: 600 Basic stats: COMPLETE Column stats: COMPLETE
                                              table:
                                                  input format: org.apache.hadoop.mapred.SequenceFileInputFormat
                                                  output format: org.apache.hadoop.hive.ql.io.HiveSequenceFileOutputFormat
                                                  serde: org.apache.hadoop.hive.serde2.lazy.LazySimpleSerDe
            Execution mode: llap
            LLAP IO: all inputs

  Stage: Stage-0
    Fetch Operator
      limit: -1
      Processor Tree:
        ListSink

PREHOOK: query: explain select * from annotate_stats_lateral_view_join_test a lateral view explode(array(1, 2, 3)) b
PREHOOK: type: QUERY
PREHOOK: Input: default@annotate_stats_lateral_view_join_test
#### A masked pattern was here ####
POSTHOOK: query: explain select * from annotate_stats_lateral_view_join_test a lateral view explode(array(1, 2, 3)) b
POSTHOOK: type: QUERY
POSTHOOK: Input: default@annotate_stats_lateral_view_join_test
#### A masked pattern was here ####
STAGE DEPENDENCIES:
  Stage-1 is a root stage
  Stage-0 depends on stages: Stage-1

STAGE PLANS:
  Stage: Stage-1
    Tez
#### A masked pattern was here ####
      Vertices:
        Map 1 
            Map Operator Tree:
                TableScan
                  alias: a
                  Statistics: Num rows: 3 Data size: 66 Basic stats: COMPLETE Column stats: NONE
                  Lateral View Forward
                    Statistics: Num rows: 3 Data size: 66 Basic stats: COMPLETE Column stats: NONE
                    Select Operator
                      expressions: id (type: int), name (type: string)
                      outputColumnNames: id, name
                      Statistics: Num rows: 3 Data size: 66 Basic stats: COMPLETE Column stats: NONE
                      Lateral View Join Operator
                        outputColumnNames: _col0, _col1, _col6
                        Statistics: Num rows: 30 Data size: 1320 Basic stats: COMPLETE Column stats: NONE
                        Select Operator
                          expressions: _col0 (type: int), _col1 (type: string), _col6 (type: int)
                          outputColumnNames: _col0, _col1, _col2
                          Statistics: Num rows: 30 Data size: 1320 Basic stats: COMPLETE Column stats: NONE
                          File Output Operator
                            compressed: false
                            Statistics: Num rows: 30 Data size: 1320 Basic stats: COMPLETE Column stats: NONE
                            table:
                                input format: org.apache.hadoop.mapred.SequenceFileInputFormat
                                output format: org.apache.hadoop.hive.ql.io.HiveSequenceFileOutputFormat
                                serde: org.apache.hadoop.hive.serde2.lazy.LazySimpleSerDe
                    Select Operator
                      expressions: array(1,2,3) (type: array<int>)
                      outputColumnNames: _col0
                      Statistics: Num rows: 3 Data size: 66 Basic stats: COMPLETE Column stats: NONE
                      UDTF Operator
                        Statistics: Num rows: 30 Data size: 660 Basic stats: COMPLETE Column stats: NONE
                        function name: explode
                        Lateral View Join Operator
                          outputColumnNames: _col0, _col1, _col6
                          Statistics: Num rows: 30 Data size: 1320 Basic stats: COMPLETE Column stats: NONE
                          Select Operator
                            expressions: _col0 (type: int), _col1 (type: string), _col6 (type: int)
                            outputColumnNames: _col0, _col1, _col2
                            Statistics: Num rows: 30 Data size: 1320 Basic stats: COMPLETE Column stats: NONE
                            File Output Operator
                              compressed: false
                              Statistics: Num rows: 30 Data size: 1320 Basic stats: COMPLETE Column stats: NONE
                              table:
                                  input format: org.apache.hadoop.mapred.SequenceFileInputFormat
                                  output format: org.apache.hadoop.hive.ql.io.HiveSequenceFileOutputFormat
                                  serde: org.apache.hadoop.hive.serde2.lazy.LazySimpleSerDe
            Execution mode: llap
            LLAP IO: all inputs

  Stage: Stage-0
    Fetch Operator
      limit: -1
      Processor Tree:
        ListSink

PREHOOK: query: explain select a.id, name as n, b.* from annotate_stats_lateral_view_join_test a lateral view explode(array(1, 2, 3)) b
PREHOOK: type: QUERY
PREHOOK: Input: default@annotate_stats_lateral_view_join_test
#### A masked pattern was here ####
POSTHOOK: query: explain select a.id, name as n, b.* from annotate_stats_lateral_view_join_test a lateral view explode(array(1, 2, 3)) b
POSTHOOK: type: QUERY
POSTHOOK: Input: default@annotate_stats_lateral_view_join_test
#### A masked pattern was here ####
STAGE DEPENDENCIES:
  Stage-1 is a root stage
  Stage-0 depends on stages: Stage-1

STAGE PLANS:
  Stage: Stage-1
    Tez
#### A masked pattern was here ####
      Vertices:
        Map 1 
            Map Operator Tree:
                TableScan
                  alias: a
                  Statistics: Num rows: 3 Data size: 66 Basic stats: COMPLETE Column stats: NONE
                  Lateral View Forward
                    Statistics: Num rows: 3 Data size: 66 Basic stats: COMPLETE Column stats: NONE
                    Select Operator
                      expressions: id (type: int), name (type: string)
                      outputColumnNames: id, name
                      Statistics: Num rows: 3 Data size: 66 Basic stats: COMPLETE Column stats: NONE
                      Lateral View Join Operator
                        outputColumnNames: _col0, _col1, _col6
                        Statistics: Num rows: 30 Data size: 1320 Basic stats: COMPLETE Column stats: NONE
                        Select Operator
                          expressions: _col0 (type: int), _col1 (type: string), _col6 (type: int)
                          outputColumnNames: _col0, _col1, _col2
                          Statistics: Num rows: 30 Data size: 1320 Basic stats: COMPLETE Column stats: NONE
                          File Output Operator
                            compressed: false
                            Statistics: Num rows: 30 Data size: 1320 Basic stats: COMPLETE Column stats: NONE
                            table:
                                input format: org.apache.hadoop.mapred.SequenceFileInputFormat
                                output format: org.apache.hadoop.hive.ql.io.HiveSequenceFileOutputFormat
                                serde: org.apache.hadoop.hive.serde2.lazy.LazySimpleSerDe
                    Select Operator
                      expressions: array(1,2,3) (type: array<int>)
                      outputColumnNames: _col0
                      Statistics: Num rows: 3 Data size: 66 Basic stats: COMPLETE Column stats: NONE
                      UDTF Operator
                        Statistics: Num rows: 30 Data size: 660 Basic stats: COMPLETE Column stats: NONE
                        function name: explode
                        Lateral View Join Operator
                          outputColumnNames: _col0, _col1, _col6
                          Statistics: Num rows: 30 Data size: 1320 Basic stats: COMPLETE Column stats: NONE
                          Select Operator
                            expressions: _col0 (type: int), _col1 (type: string), _col6 (type: int)
                            outputColumnNames: _col0, _col1, _col2
                            Statistics: Num rows: 30 Data size: 1320 Basic stats: COMPLETE Column stats: NONE
                            File Output Operator
                              compressed: false
                              Statistics: Num rows: 30 Data size: 1320 Basic stats: COMPLETE Column stats: NONE
                              table:
                                  input format: org.apache.hadoop.mapred.SequenceFileInputFormat
                                  output format: org.apache.hadoop.hive.ql.io.HiveSequenceFileOutputFormat
                                  serde: org.apache.hadoop.hive.serde2.lazy.LazySimpleSerDe
            Execution mode: llap
            LLAP IO: all inputs

  Stage: Stage-0
    Fetch Operator
      limit: -1
      Processor Tree:
        ListSink

PREHOOK: query: explain select * from annotate_stats_lateral_view_join_test a lateral view explode(array(1, 2, 3)) b lateral view explode(array(1)) c
PREHOOK: type: QUERY
PREHOOK: Input: default@annotate_stats_lateral_view_join_test
#### A masked pattern was here ####
POSTHOOK: query: explain select * from annotate_stats_lateral_view_join_test a lateral view explode(array(1, 2, 3)) b lateral view explode(array(1)) c
POSTHOOK: type: QUERY
POSTHOOK: Input: default@annotate_stats_lateral_view_join_test
#### A masked pattern was here ####
STAGE DEPENDENCIES:
  Stage-1 is a root stage
  Stage-0 depends on stages: Stage-1

STAGE PLANS:
  Stage: Stage-1
    Tez
#### A masked pattern was here ####
      Vertices:
        Map 1 
            Map Operator Tree:
                TableScan
                  alias: a
                  Statistics: Num rows: 3 Data size: 66 Basic stats: COMPLETE Column stats: NONE
                  Lateral View Forward
                    Statistics: Num rows: 3 Data size: 66 Basic stats: COMPLETE Column stats: NONE
                    Select Operator
                      expressions: id (type: int), name (type: string)
                      outputColumnNames: id, name
                      Statistics: Num rows: 3 Data size: 66 Basic stats: COMPLETE Column stats: NONE
                      Lateral View Join Operator
                        outputColumnNames: _col0, _col1, _col6
                        Statistics: Num rows: 30 Data size: 1320 Basic stats: COMPLETE Column stats: NONE
                        Lateral View Forward
                          Statistics: Num rows: 30 Data size: 1320 Basic stats: COMPLETE Column stats: NONE
                          Select Operator
                            expressions: _col0 (type: int), _col1 (type: string), _col6 (type: int)
                            outputColumnNames: _col0, _col1, _col6
                            Statistics: Num rows: 30 Data size: 1320 Basic stats: COMPLETE Column stats: NONE
                            Lateral View Join Operator
                              outputColumnNames: _col0, _col1, _col6, _col7
                              Statistics: Num rows: 300 Data size: 26400 Basic stats: COMPLETE Column stats: NONE
                              Select Operator
                                expressions: _col0 (type: int), _col1 (type: string), _col6 (type: int), _col7 (type: int)
                                outputColumnNames: _col0, _col1, _col2, _col3
                                Statistics: Num rows: 300 Data size: 26400 Basic stats: COMPLETE Column stats: NONE
                                File Output Operator
                                  compressed: false
                                  Statistics: Num rows: 300 Data size: 26400 Basic stats: COMPLETE Column stats: NONE
                                  table:
                                      input format: org.apache.hadoop.mapred.SequenceFileInputFormat
                                      output format: org.apache.hadoop.hive.ql.io.HiveSequenceFileOutputFormat
                                      serde: org.apache.hadoop.hive.serde2.lazy.LazySimpleSerDe
                          Select Operator
                            expressions: array(1) (type: array<int>)
                            outputColumnNames: _col0
                            Statistics: Num rows: 30 Data size: 1320 Basic stats: COMPLETE Column stats: NONE
                            UDTF Operator
                              Statistics: Num rows: 300 Data size: 13200 Basic stats: COMPLETE Column stats: NONE
                              function name: explode
                              Lateral View Join Operator
                                outputColumnNames: _col0, _col1, _col6, _col7
                                Statistics: Num rows: 300 Data size: 26400 Basic stats: COMPLETE Column stats: NONE
                                Select Operator
                                  expressions: _col0 (type: int), _col1 (type: string), _col6 (type: int), _col7 (type: int)
                                  outputColumnNames: _col0, _col1, _col2, _col3
                                  Statistics: Num rows: 300 Data size: 26400 Basic stats: COMPLETE Column stats: NONE
                                  File Output Operator
                                    compressed: false
                                    Statistics: Num rows: 300 Data size: 26400 Basic stats: COMPLETE Column stats: NONE
                                    table:
                                        input format: org.apache.hadoop.mapred.SequenceFileInputFormat
                                        output format: org.apache.hadoop.hive.ql.io.HiveSequenceFileOutputFormat
                                        serde: org.apache.hadoop.hive.serde2.lazy.LazySimpleSerDe
                    Select Operator
                      expressions: array(1,2,3) (type: array<int>)
                      outputColumnNames: _col0
                      Statistics: Num rows: 3 Data size: 66 Basic stats: COMPLETE Column stats: NONE
                      UDTF Operator
                        Statistics: Num rows: 30 Data size: 660 Basic stats: COMPLETE Column stats: NONE
                        function name: explode
                        Lateral View Join Operator
                          outputColumnNames: _col0, _col1, _col6
                          Statistics: Num rows: 30 Data size: 1320 Basic stats: COMPLETE Column stats: NONE
                          Lateral View Forward
                            Statistics: Num rows: 30 Data size: 1320 Basic stats: COMPLETE Column stats: NONE
                            Select Operator
                              expressions: _col0 (type: int), _col1 (type: string), _col6 (type: int)
                              outputColumnNames: _col0, _col1, _col6
                              Statistics: Num rows: 30 Data size: 1320 Basic stats: COMPLETE Column stats: NONE
                              Lateral View Join Operator
                                outputColumnNames: _col0, _col1, _col6, _col7
                                Statistics: Num rows: 300 Data size: 26400 Basic stats: COMPLETE Column stats: NONE
                                Select Operator
                                  expressions: _col0 (type: int), _col1 (type: string), _col6 (type: int), _col7 (type: int)
                                  outputColumnNames: _col0, _col1, _col2, _col3
                                  Statistics: Num rows: 300 Data size: 26400 Basic stats: COMPLETE Column stats: NONE
                                  File Output Operator
                                    compressed: false
                                    Statistics: Num rows: 300 Data size: 26400 Basic stats: COMPLETE Column stats: NONE
                                    table:
                                        input format: org.apache.hadoop.mapred.SequenceFileInputFormat
                                        output format: org.apache.hadoop.hive.ql.io.HiveSequenceFileOutputFormat
                                        serde: org.apache.hadoop.hive.serde2.lazy.LazySimpleSerDe
                            Select Operator
                              expressions: array(1) (type: array<int>)
                              outputColumnNames: _col0
                              Statistics: Num rows: 30 Data size: 1320 Basic stats: COMPLETE Column stats: NONE
                              UDTF Operator
                                Statistics: Num rows: 300 Data size: 13200 Basic stats: COMPLETE Column stats: NONE
                                function name: explode
                                Lateral View Join Operator
                                  outputColumnNames: _col0, _col1, _col6, _col7
                                  Statistics: Num rows: 300 Data size: 26400 Basic stats: COMPLETE Column stats: NONE
                                  Select Operator
                                    expressions: _col0 (type: int), _col1 (type: string), _col6 (type: int), _col7 (type: int)
                                    outputColumnNames: _col0, _col1, _col2, _col3
                                    Statistics: Num rows: 300 Data size: 26400 Basic stats: COMPLETE Column stats: NONE
                                    File Output Operator
                                      compressed: false
                                      Statistics: Num rows: 300 Data size: 26400 Basic stats: COMPLETE Column stats: NONE
                                      table:
                                          input format: org.apache.hadoop.mapred.SequenceFileInputFormat
                                          output format: org.apache.hadoop.hive.ql.io.HiveSequenceFileOutputFormat
                                          serde: org.apache.hadoop.hive.serde2.lazy.LazySimpleSerDe
            Execution mode: llap
            LLAP IO: all inputs

  Stage: Stage-0
    Fetch Operator
      limit: -1
      Processor Tree:
        ListSink

PREHOOK: query: explain select * from annotate_stats_lateral_view_join_test a lateral view explode(array(1, 2, 3)) b lateral view explode(array(1)) c lateral view explode(array(1, 2)) d
PREHOOK: type: QUERY
PREHOOK: Input: default@annotate_stats_lateral_view_join_test
#### A masked pattern was here ####
POSTHOOK: query: explain select * from annotate_stats_lateral_view_join_test a lateral view explode(array(1, 2, 3)) b lateral view explode(array(1)) c lateral view explode(array(1, 2)) d
POSTHOOK: type: QUERY
POSTHOOK: Input: default@annotate_stats_lateral_view_join_test
#### A masked pattern was here ####
STAGE DEPENDENCIES:
  Stage-1 is a root stage
  Stage-0 depends on stages: Stage-1

STAGE PLANS:
  Stage: Stage-1
    Tez
#### A masked pattern was here ####
      Vertices:
        Map 1 
            Map Operator Tree:
                TableScan
                  alias: a
                  Statistics: Num rows: 3 Data size: 66 Basic stats: COMPLETE Column stats: NONE
                  Lateral View Forward
                    Statistics: Num rows: 3 Data size: 66 Basic stats: COMPLETE Column stats: NONE
                    Select Operator
                      expressions: id (type: int), name (type: string)
                      outputColumnNames: id, name
                      Statistics: Num rows: 3 Data size: 66 Basic stats: COMPLETE Column stats: NONE
                      Lateral View Join Operator
                        outputColumnNames: _col0, _col1, _col6
                        Statistics: Num rows: 30 Data size: 1320 Basic stats: COMPLETE Column stats: NONE
                        Lateral View Forward
                          Statistics: Num rows: 30 Data size: 1320 Basic stats: COMPLETE Column stats: NONE
                          Select Operator
                            expressions: _col0 (type: int), _col1 (type: string), _col6 (type: int)
                            outputColumnNames: _col0, _col1, _col6
                            Statistics: Num rows: 30 Data size: 1320 Basic stats: COMPLETE Column stats: NONE
                            Lateral View Join Operator
                              outputColumnNames: _col0, _col1, _col6, _col7
                              Statistics: Num rows: 300 Data size: 26400 Basic stats: COMPLETE Column stats: NONE
                              Lateral View Forward
                                Statistics: Num rows: 300 Data size: 26400 Basic stats: COMPLETE Column stats: NONE
                                Select Operator
                                  expressions: _col0 (type: int), _col1 (type: string), _col6 (type: int), _col7 (type: int)
                                  outputColumnNames: _col0, _col1, _col6, _col7
                                  Statistics: Num rows: 300 Data size: 26400 Basic stats: COMPLETE Column stats: NONE
                                  Lateral View Join Operator
                                    outputColumnNames: _col0, _col1, _col6, _col7, _col8
                                    Statistics: Num rows: 3000 Data size: 528000 Basic stats: COMPLETE Column stats: NONE
                                    Select Operator
                                      expressions: _col0 (type: int), _col1 (type: string), _col6 (type: int), _col7 (type: int), _col8 (type: int)
                                      outputColumnNames: _col0, _col1, _col2, _col3, _col4
                                      Statistics: Num rows: 3000 Data size: 528000 Basic stats: COMPLETE Column stats: NONE
                                      File Output Operator
                                        compressed: false
                                        Statistics: Num rows: 3000 Data size: 528000 Basic stats: COMPLETE Column stats: NONE
                                        table:
                                            input format: org.apache.hadoop.mapred.SequenceFileInputFormat
                                            output format: org.apache.hadoop.hive.ql.io.HiveSequenceFileOutputFormat
                                            serde: org.apache.hadoop.hive.serde2.lazy.LazySimpleSerDe
                                Select Operator
                                  expressions: array(1,2) (type: array<int>)
                                  outputColumnNames: _col0
                                  Statistics: Num rows: 300 Data size: 26400 Basic stats: COMPLETE Column stats: NONE
                                  UDTF Operator
                                    Statistics: Num rows: 3000 Data size: 264000 Basic stats: COMPLETE Column stats: NONE
                                    function name: explode
                                    Lateral View Join Operator
                                      outputColumnNames: _col0, _col1, _col6, _col7, _col8
                                      Statistics: Num rows: 3000 Data size: 528000 Basic stats: COMPLETE Column stats: NONE
                                      Select Operator
                                        expressions: _col0 (type: int), _col1 (type: string), _col6 (type: int), _col7 (type: int), _col8 (type: int)
                                        outputColumnNames: _col0, _col1, _col2, _col3, _col4
                                        Statistics: Num rows: 3000 Data size: 528000 Basic stats: COMPLETE Column stats: NONE
                                        File Output Operator
                                          compressed: false
                                          Statistics: Num rows: 3000 Data size: 528000 Basic stats: COMPLETE Column stats: NONE
                                          table:
                                              input format: org.apache.hadoop.mapred.SequenceFileInputFormat
                                              output format: org.apache.hadoop.hive.ql.io.HiveSequenceFileOutputFormat
                                              serde: org.apache.hadoop.hive.serde2.lazy.LazySimpleSerDe
                          Select Operator
                            expressions: array(1) (type: array<int>)
                            outputColumnNames: _col0
                            Statistics: Num rows: 30 Data size: 1320 Basic stats: COMPLETE Column stats: NONE
                            UDTF Operator
                              Statistics: Num rows: 300 Data size: 13200 Basic stats: COMPLETE Column stats: NONE
                              function name: explode
                              Lateral View Join Operator
                                outputColumnNames: _col0, _col1, _col6, _col7
                                Statistics: Num rows: 300 Data size: 26400 Basic stats: COMPLETE Column stats: NONE
                                Lateral View Forward
                                  Statistics: Num rows: 300 Data size: 26400 Basic stats: COMPLETE Column stats: NONE
                                  Select Operator
                                    expressions: _col0 (type: int), _col1 (type: string), _col6 (type: int), _col7 (type: int)
                                    outputColumnNames: _col0, _col1, _col6, _col7
                                    Statistics: Num rows: 300 Data size: 26400 Basic stats: COMPLETE Column stats: NONE
                                    Lateral View Join Operator
                                      outputColumnNames: _col0, _col1, _col6, _col7, _col8
                                      Statistics: Num rows: 3000 Data size: 528000 Basic stats: COMPLETE Column stats: NONE
                                      Select Operator
                                        expressions: _col0 (type: int), _col1 (type: string), _col6 (type: int), _col7 (type: int), _col8 (type: int)
                                        outputColumnNames: _col0, _col1, _col2, _col3, _col4
                                        Statistics: Num rows: 3000 Data size: 528000 Basic stats: COMPLETE Column stats: NONE
                                        File Output Operator
                                          compressed: false
                                          Statistics: Num rows: 3000 Data size: 528000 Basic stats: COMPLETE Column stats: NONE
                                          table:
                                              input format: org.apache.hadoop.mapred.SequenceFileInputFormat
                                              output format: org.apache.hadoop.hive.ql.io.HiveSequenceFileOutputFormat
                                              serde: org.apache.hadoop.hive.serde2.lazy.LazySimpleSerDe
                                  Select Operator
                                    expressions: array(1,2) (type: array<int>)
                                    outputColumnNames: _col0
                                    Statistics: Num rows: 300 Data size: 26400 Basic stats: COMPLETE Column stats: NONE
                                    UDTF Operator
                                      Statistics: Num rows: 3000 Data size: 264000 Basic stats: COMPLETE Column stats: NONE
                                      function name: explode
                                      Lateral View Join Operator
                                        outputColumnNames: _col0, _col1, _col6, _col7, _col8
                                        Statistics: Num rows: 3000 Data size: 528000 Basic stats: COMPLETE Column stats: NONE
                                        Select Operator
                                          expressions: _col0 (type: int), _col1 (type: string), _col6 (type: int), _col7 (type: int), _col8 (type: int)
                                          outputColumnNames: _col0, _col1, _col2, _col3, _col4
                                          Statistics: Num rows: 3000 Data size: 528000 Basic stats: COMPLETE Column stats: NONE
                                          File Output Operator
                                            compressed: false
                                            Statistics: Num rows: 3000 Data size: 528000 Basic stats: COMPLETE Column stats: NONE
                                            table:
                                                input format: org.apache.hadoop.mapred.SequenceFileInputFormat
                                                output format: org.apache.hadoop.hive.ql.io.HiveSequenceFileOutputFormat
                                                serde: org.apache.hadoop.hive.serde2.lazy.LazySimpleSerDe
                    Select Operator
                      expressions: array(1,2,3) (type: array<int>)
                      outputColumnNames: _col0
                      Statistics: Num rows: 3 Data size: 66 Basic stats: COMPLETE Column stats: NONE
                      UDTF Operator
                        Statistics: Num rows: 30 Data size: 660 Basic stats: COMPLETE Column stats: NONE
                        function name: explode
                        Lateral View Join Operator
                          outputColumnNames: _col0, _col1, _col6
                          Statistics: Num rows: 30 Data size: 1320 Basic stats: COMPLETE Column stats: NONE
                          Lateral View Forward
                            Statistics: Num rows: 30 Data size: 1320 Basic stats: COMPLETE Column stats: NONE
                            Select Operator
                              expressions: _col0 (type: int), _col1 (type: string), _col6 (type: int)
                              outputColumnNames: _col0, _col1, _col6
                              Statistics: Num rows: 30 Data size: 1320 Basic stats: COMPLETE Column stats: NONE
                              Lateral View Join Operator
                                outputColumnNames: _col0, _col1, _col6, _col7
                                Statistics: Num rows: 300 Data size: 26400 Basic stats: COMPLETE Column stats: NONE
                                Lateral View Forward
                                  Statistics: Num rows: 300 Data size: 26400 Basic stats: COMPLETE Column stats: NONE
                                  Select Operator
                                    expressions: _col0 (type: int), _col1 (type: string), _col6 (type: int), _col7 (type: int)
                                    outputColumnNames: _col0, _col1, _col6, _col7
                                    Statistics: Num rows: 300 Data size: 26400 Basic stats: COMPLETE Column stats: NONE
                                    Lateral View Join Operator
                                      outputColumnNames: _col0, _col1, _col6, _col7, _col8
                                      Statistics: Num rows: 3000 Data size: 528000 Basic stats: COMPLETE Column stats: NONE
                                      Select Operator
                                        expressions: _col0 (type: int), _col1 (type: string), _col6 (type: int), _col7 (type: int), _col8 (type: int)
                                        outputColumnNames: _col0, _col1, _col2, _col3, _col4
                                        Statistics: Num rows: 3000 Data size: 528000 Basic stats: COMPLETE Column stats: NONE
                                        File Output Operator
                                          compressed: false
                                          Statistics: Num rows: 3000 Data size: 528000 Basic stats: COMPLETE Column stats: NONE
                                          table:
                                              input format: org.apache.hadoop.mapred.SequenceFileInputFormat
                                              output format: org.apache.hadoop.hive.ql.io.HiveSequenceFileOutputFormat
                                              serde: org.apache.hadoop.hive.serde2.lazy.LazySimpleSerDe
                                  Select Operator
                                    expressions: array(1,2) (type: array<int>)
                                    outputColumnNames: _col0
                                    Statistics: Num rows: 300 Data size: 26400 Basic stats: COMPLETE Column stats: NONE
                                    UDTF Operator
                                      Statistics: Num rows: 3000 Data size: 264000 Basic stats: COMPLETE Column stats: NONE
                                      function name: explode
                                      Lateral View Join Operator
                                        outputColumnNames: _col0, _col1, _col6, _col7, _col8
                                        Statistics: Num rows: 3000 Data size: 528000 Basic stats: COMPLETE Column stats: NONE
                                        Select Operator
                                          expressions: _col0 (type: int), _col1 (type: string), _col6 (type: int), _col7 (type: int), _col8 (type: int)
                                          outputColumnNames: _col0, _col1, _col2, _col3, _col4
                                          Statistics: Num rows: 3000 Data size: 528000 Basic stats: COMPLETE Column stats: NONE
                                          File Output Operator
                                            compressed: false
                                            Statistics: Num rows: 3000 Data size: 528000 Basic stats: COMPLETE Column stats: NONE
                                            table:
                                                input format: org.apache.hadoop.mapred.SequenceFileInputFormat
                                                output format: org.apache.hadoop.hive.ql.io.HiveSequenceFileOutputFormat
                                                serde: org.apache.hadoop.hive.serde2.lazy.LazySimpleSerDe
                            Select Operator
                              expressions: array(1) (type: array<int>)
                              outputColumnNames: _col0
                              Statistics: Num rows: 30 Data size: 1320 Basic stats: COMPLETE Column stats: NONE
                              UDTF Operator
                                Statistics: Num rows: 300 Data size: 13200 Basic stats: COMPLETE Column stats: NONE
                                function name: explode
                                Lateral View Join Operator
                                  outputColumnNames: _col0, _col1, _col6, _col7
                                  Statistics: Num rows: 300 Data size: 26400 Basic stats: COMPLETE Column stats: NONE
                                  Lateral View Forward
                                    Statistics: Num rows: 300 Data size: 26400 Basic stats: COMPLETE Column stats: NONE
                                    Select Operator
                                      expressions: _col0 (type: int), _col1 (type: string), _col6 (type: int), _col7 (type: int)
                                      outputColumnNames: _col0, _col1, _col6, _col7
                                      Statistics: Num rows: 300 Data size: 26400 Basic stats: COMPLETE Column stats: NONE
                                      Lateral View Join Operator
                                        outputColumnNames: _col0, _col1, _col6, _col7, _col8
                                        Statistics: Num rows: 3000 Data size: 528000 Basic stats: COMPLETE Column stats: NONE
                                        Select Operator
                                          expressions: _col0 (type: int), _col1 (type: string), _col6 (type: int), _col7 (type: int), _col8 (type: int)
                                          outputColumnNames: _col0, _col1, _col2, _col3, _col4
                                          Statistics: Num rows: 3000 Data size: 528000 Basic stats: COMPLETE Column stats: NONE
                                          File Output Operator
                                            compressed: false
                                            Statistics: Num rows: 3000 Data size: 528000 Basic stats: COMPLETE Column stats: NONE
                                            table:
                                                input format: org.apache.hadoop.mapred.SequenceFileInputFormat
                                                output format: org.apache.hadoop.hive.ql.io.HiveSequenceFileOutputFormat
                                                serde: org.apache.hadoop.hive.serde2.lazy.LazySimpleSerDe
                                    Select Operator
                                      expressions: array(1,2) (type: array<int>)
                                      outputColumnNames: _col0
                                      Statistics: Num rows: 300 Data size: 26400 Basic stats: COMPLETE Column stats: NONE
                                      UDTF Operator
                                        Statistics: Num rows: 3000 Data size: 264000 Basic stats: COMPLETE Column stats: NONE
                                        function name: explode
                                        Lateral View Join Operator
                                          outputColumnNames: _col0, _col1, _col6, _col7, _col8
                                          Statistics: Num rows: 3000 Data size: 528000 Basic stats: COMPLETE Column stats: NONE
                                          Select Operator
                                            expressions: _col0 (type: int), _col1 (type: string), _col6 (type: int), _col7 (type: int), _col8 (type: int)
                                            outputColumnNames: _col0, _col1, _col2, _col3, _col4
                                            Statistics: Num rows: 3000 Data size: 528000 Basic stats: COMPLETE Column stats: NONE
                                            File Output Operator
                                              compressed: false
                                              Statistics: Num rows: 3000 Data size: 528000 Basic stats: COMPLETE Column stats: NONE
                                              table:
                                                  input format: org.apache.hadoop.mapred.SequenceFileInputFormat
                                                  output format: org.apache.hadoop.hive.ql.io.HiveSequenceFileOutputFormat
                                                  serde: org.apache.hadoop.hive.serde2.lazy.LazySimpleSerDe
            Execution mode: llap
            LLAP IO: all inputs

  Stage: Stage-0
    Fetch Operator
      limit: -1
      Processor Tree:
        ListSink

PREHOOK: query: explain select * from annotate_stats_lateral_view_join_test a lateral view explode(array(1, 2, 3)) b
PREHOOK: type: QUERY
PREHOOK: Input: default@annotate_stats_lateral_view_join_test
#### A masked pattern was here ####
POSTHOOK: query: explain select * from annotate_stats_lateral_view_join_test a lateral view explode(array(1, 2, 3)) b
POSTHOOK: type: QUERY
POSTHOOK: Input: default@annotate_stats_lateral_view_join_test
#### A masked pattern was here ####
STAGE DEPENDENCIES:
  Stage-1 is a root stage
  Stage-0 depends on stages: Stage-1

STAGE PLANS:
  Stage: Stage-1
    Tez
#### A masked pattern was here ####
      Vertices:
        Map 1 
            Map Operator Tree:
                TableScan
                  alias: a
                  Statistics: Num rows: 3 Data size: 66 Basic stats: COMPLETE Column stats: NONE
                  Lateral View Forward
                    Statistics: Num rows: 3 Data size: 66 Basic stats: COMPLETE Column stats: NONE
                    Select Operator
                      expressions: id (type: int), name (type: string)
                      outputColumnNames: id, name
                      Statistics: Num rows: 3 Data size: 66 Basic stats: COMPLETE Column stats: NONE
                      Lateral View Join Operator
                        outputColumnNames: _col0, _col1, _col6
                        Statistics: Num rows: 1 Data size: 55 Basic stats: COMPLETE Column stats: NONE
                        Select Operator
                          expressions: _col0 (type: int), _col1 (type: string), _col6 (type: int)
                          outputColumnNames: _col0, _col1, _col2
                          Statistics: Num rows: 1 Data size: 55 Basic stats: COMPLETE Column stats: NONE
                          File Output Operator
                            compressed: false
                            Statistics: Num rows: 1 Data size: 55 Basic stats: COMPLETE Column stats: NONE
                            table:
                                input format: org.apache.hadoop.mapred.SequenceFileInputFormat
                                output format: org.apache.hadoop.hive.ql.io.HiveSequenceFileOutputFormat
                                serde: org.apache.hadoop.hive.serde2.lazy.LazySimpleSerDe
                    Select Operator
                      expressions: array(1,2,3) (type: array<int>)
                      outputColumnNames: _col0
                      Statistics: Num rows: 3 Data size: 66 Basic stats: COMPLETE Column stats: NONE
                      UDTF Operator
                        Statistics: Num rows: 1 Data size: 33 Basic stats: COMPLETE Column stats: NONE
                        function name: explode
                        Lateral View Join Operator
                          outputColumnNames: _col0, _col1, _col6
                          Statistics: Num rows: 1 Data size: 55 Basic stats: COMPLETE Column stats: NONE
                          Select Operator
                            expressions: _col0 (type: int), _col1 (type: string), _col6 (type: int)
                            outputColumnNames: _col0, _col1, _col2
                            Statistics: Num rows: 1 Data size: 55 Basic stats: COMPLETE Column stats: NONE
                            File Output Operator
                              compressed: false
                              Statistics: Num rows: 1 Data size: 55 Basic stats: COMPLETE Column stats: NONE
                              table:
                                  input format: org.apache.hadoop.mapred.SequenceFileInputFormat
                                  output format: org.apache.hadoop.hive.ql.io.HiveSequenceFileOutputFormat
                                  serde: org.apache.hadoop.hive.serde2.lazy.LazySimpleSerDe
            Execution mode: llap
            LLAP IO: all inputs

  Stage: Stage-0
    Fetch Operator
      limit: -1
      Processor Tree:
        ListSink

PREHOOK: query: explain select a.id, name as n, b.* from annotate_stats_lateral_view_join_test a lateral view explode(array(1, 2, 3)) b
PREHOOK: type: QUERY
PREHOOK: Input: default@annotate_stats_lateral_view_join_test
#### A masked pattern was here ####
POSTHOOK: query: explain select a.id, name as n, b.* from annotate_stats_lateral_view_join_test a lateral view explode(array(1, 2, 3)) b
POSTHOOK: type: QUERY
POSTHOOK: Input: default@annotate_stats_lateral_view_join_test
#### A masked pattern was here ####
STAGE DEPENDENCIES:
  Stage-1 is a root stage
  Stage-0 depends on stages: Stage-1

STAGE PLANS:
  Stage: Stage-1
    Tez
#### A masked pattern was here ####
      Vertices:
        Map 1 
            Map Operator Tree:
                TableScan
                  alias: a
                  Statistics: Num rows: 3 Data size: 66 Basic stats: COMPLETE Column stats: NONE
                  Lateral View Forward
                    Statistics: Num rows: 3 Data size: 66 Basic stats: COMPLETE Column stats: NONE
                    Select Operator
                      expressions: id (type: int), name (type: string)
                      outputColumnNames: id, name
                      Statistics: Num rows: 3 Data size: 66 Basic stats: COMPLETE Column stats: NONE
                      Lateral View Join Operator
                        outputColumnNames: _col0, _col1, _col6
                        Statistics: Num rows: 1 Data size: 55 Basic stats: COMPLETE Column stats: NONE
                        Select Operator
                          expressions: _col0 (type: int), _col1 (type: string), _col6 (type: int)
                          outputColumnNames: _col0, _col1, _col2
                          Statistics: Num rows: 1 Data size: 55 Basic stats: COMPLETE Column stats: NONE
                          File Output Operator
                            compressed: false
                            Statistics: Num rows: 1 Data size: 55 Basic stats: COMPLETE Column stats: NONE
                            table:
                                input format: org.apache.hadoop.mapred.SequenceFileInputFormat
                                output format: org.apache.hadoop.hive.ql.io.HiveSequenceFileOutputFormat
                                serde: org.apache.hadoop.hive.serde2.lazy.LazySimpleSerDe
                    Select Operator
                      expressions: array(1,2,3) (type: array<int>)
                      outputColumnNames: _col0
                      Statistics: Num rows: 3 Data size: 66 Basic stats: COMPLETE Column stats: NONE
                      UDTF Operator
                        Statistics: Num rows: 1 Data size: 33 Basic stats: COMPLETE Column stats: NONE
                        function name: explode
                        Lateral View Join Operator
                          outputColumnNames: _col0, _col1, _col6
                          Statistics: Num rows: 1 Data size: 55 Basic stats: COMPLETE Column stats: NONE
                          Select Operator
                            expressions: _col0 (type: int), _col1 (type: string), _col6 (type: int)
                            outputColumnNames: _col0, _col1, _col2
                            Statistics: Num rows: 1 Data size: 55 Basic stats: COMPLETE Column stats: NONE
                            File Output Operator
                              compressed: false
                              Statistics: Num rows: 1 Data size: 55 Basic stats: COMPLETE Column stats: NONE
                              table:
                                  input format: org.apache.hadoop.mapred.SequenceFileInputFormat
                                  output format: org.apache.hadoop.hive.ql.io.HiveSequenceFileOutputFormat
                                  serde: org.apache.hadoop.hive.serde2.lazy.LazySimpleSerDe
            Execution mode: llap
            LLAP IO: all inputs

  Stage: Stage-0
    Fetch Operator
      limit: -1
      Processor Tree:
        ListSink

PREHOOK: query: explain select * from annotate_stats_lateral_view_join_test a lateral view explode(array(1, 2, 3)) b lateral view explode(array(1)) c
PREHOOK: type: QUERY
PREHOOK: Input: default@annotate_stats_lateral_view_join_test
#### A masked pattern was here ####
POSTHOOK: query: explain select * from annotate_stats_lateral_view_join_test a lateral view explode(array(1, 2, 3)) b lateral view explode(array(1)) c
POSTHOOK: type: QUERY
POSTHOOK: Input: default@annotate_stats_lateral_view_join_test
#### A masked pattern was here ####
STAGE DEPENDENCIES:
  Stage-1 is a root stage
  Stage-0 depends on stages: Stage-1

STAGE PLANS:
  Stage: Stage-1
    Tez
#### A masked pattern was here ####
      Vertices:
        Map 1 
            Map Operator Tree:
                TableScan
                  alias: a
                  Statistics: Num rows: 3 Data size: 66 Basic stats: COMPLETE Column stats: NONE
                  Lateral View Forward
                    Statistics: Num rows: 3 Data size: 66 Basic stats: COMPLETE Column stats: NONE
                    Select Operator
                      expressions: id (type: int), name (type: string)
                      outputColumnNames: id, name
                      Statistics: Num rows: 3 Data size: 66 Basic stats: COMPLETE Column stats: NONE
                      Lateral View Join Operator
                        outputColumnNames: _col0, _col1, _col6
                        Statistics: Num rows: 1 Data size: 55 Basic stats: COMPLETE Column stats: NONE
                        Lateral View Forward
                          Statistics: Num rows: 1 Data size: 55 Basic stats: COMPLETE Column stats: NONE
                          Select Operator
                            expressions: _col0 (type: int), _col1 (type: string), _col6 (type: int)
                            outputColumnNames: _col0, _col1, _col6
                            Statistics: Num rows: 1 Data size: 55 Basic stats: COMPLETE Column stats: NONE
                            Lateral View Join Operator
                              outputColumnNames: _col0, _col1, _col6, _col7
                              Statistics: Num rows: 1 Data size: 82 Basic stats: COMPLETE Column stats: NONE
                              Select Operator
                                expressions: _col0 (type: int), _col1 (type: string), _col6 (type: int), _col7 (type: int)
                                outputColumnNames: _col0, _col1, _col2, _col3
                                Statistics: Num rows: 1 Data size: 82 Basic stats: COMPLETE Column stats: NONE
                                File Output Operator
                                  compressed: false
                                  Statistics: Num rows: 1 Data size: 82 Basic stats: COMPLETE Column stats: NONE
                                  table:
                                      input format: org.apache.hadoop.mapred.SequenceFileInputFormat
                                      output format: org.apache.hadoop.hive.ql.io.HiveSequenceFileOutputFormat
                                      serde: org.apache.hadoop.hive.serde2.lazy.LazySimpleSerDe
                          Select Operator
                            expressions: array(1) (type: array<int>)
                            outputColumnNames: _col0
                            Statistics: Num rows: 1 Data size: 55 Basic stats: COMPLETE Column stats: NONE
                            UDTF Operator
                              Statistics: Num rows: 0 Data size: 27 Basic stats: COMPLETE Column stats: NONE
                              function name: explode
                              Lateral View Join Operator
                                outputColumnNames: _col0, _col1, _col6, _col7
                                Statistics: Num rows: 1 Data size: 82 Basic stats: COMPLETE Column stats: NONE
                                Select Operator
                                  expressions: _col0 (type: int), _col1 (type: string), _col6 (type: int), _col7 (type: int)
                                  outputColumnNames: _col0, _col1, _col2, _col3
                                  Statistics: Num rows: 1 Data size: 82 Basic stats: COMPLETE Column stats: NONE
                                  File Output Operator
                                    compressed: false
                                    Statistics: Num rows: 1 Data size: 82 Basic stats: COMPLETE Column stats: NONE
                                    table:
                                        input format: org.apache.hadoop.mapred.SequenceFileInputFormat
                                        output format: org.apache.hadoop.hive.ql.io.HiveSequenceFileOutputFormat
                                        serde: org.apache.hadoop.hive.serde2.lazy.LazySimpleSerDe
                    Select Operator
                      expressions: array(1,2,3) (type: array<int>)
                      outputColumnNames: _col0
                      Statistics: Num rows: 3 Data size: 66 Basic stats: COMPLETE Column stats: NONE
                      UDTF Operator
                        Statistics: Num rows: 1 Data size: 33 Basic stats: COMPLETE Column stats: NONE
                        function name: explode
                        Lateral View Join Operator
                          outputColumnNames: _col0, _col1, _col6
                          Statistics: Num rows: 1 Data size: 55 Basic stats: COMPLETE Column stats: NONE
                          Lateral View Forward
                            Statistics: Num rows: 1 Data size: 55 Basic stats: COMPLETE Column stats: NONE
                            Select Operator
                              expressions: _col0 (type: int), _col1 (type: string), _col6 (type: int)
                              outputColumnNames: _col0, _col1, _col6
                              Statistics: Num rows: 1 Data size: 55 Basic stats: COMPLETE Column stats: NONE
                              Lateral View Join Operator
                                outputColumnNames: _col0, _col1, _col6, _col7
                                Statistics: Num rows: 1 Data size: 82 Basic stats: COMPLETE Column stats: NONE
                                Select Operator
                                  expressions: _col0 (type: int), _col1 (type: string), _col6 (type: int), _col7 (type: int)
                                  outputColumnNames: _col0, _col1, _col2, _col3
                                  Statistics: Num rows: 1 Data size: 82 Basic stats: COMPLETE Column stats: NONE
                                  File Output Operator
                                    compressed: false
                                    Statistics: Num rows: 1 Data size: 82 Basic stats: COMPLETE Column stats: NONE
                                    table:
                                        input format: org.apache.hadoop.mapred.SequenceFileInputFormat
                                        output format: org.apache.hadoop.hive.ql.io.HiveSequenceFileOutputFormat
                                        serde: org.apache.hadoop.hive.serde2.lazy.LazySimpleSerDe
                            Select Operator
                              expressions: array(1) (type: array<int>)
                              outputColumnNames: _col0
                              Statistics: Num rows: 1 Data size: 55 Basic stats: COMPLETE Column stats: NONE
                              UDTF Operator
                                Statistics: Num rows: 0 Data size: 27 Basic stats: COMPLETE Column stats: NONE
                                function name: explode
                                Lateral View Join Operator
                                  outputColumnNames: _col0, _col1, _col6, _col7
                                  Statistics: Num rows: 1 Data size: 82 Basic stats: COMPLETE Column stats: NONE
                                  Select Operator
                                    expressions: _col0 (type: int), _col1 (type: string), _col6 (type: int), _col7 (type: int)
                                    outputColumnNames: _col0, _col1, _col2, _col3
                                    Statistics: Num rows: 1 Data size: 82 Basic stats: COMPLETE Column stats: NONE
                                    File Output Operator
                                      compressed: false
                                      Statistics: Num rows: 1 Data size: 82 Basic stats: COMPLETE Column stats: NONE
                                      table:
                                          input format: org.apache.hadoop.mapred.SequenceFileInputFormat
                                          output format: org.apache.hadoop.hive.ql.io.HiveSequenceFileOutputFormat
                                          serde: org.apache.hadoop.hive.serde2.lazy.LazySimpleSerDe
            Execution mode: llap
            LLAP IO: all inputs

  Stage: Stage-0
    Fetch Operator
      limit: -1
      Processor Tree:
        ListSink

PREHOOK: query: explain select * from annotate_stats_lateral_view_join_test a lateral view explode(array(1, 2, 3)) b lateral view explode(array(1)) c lateral view explode(array(1, 2)) d
PREHOOK: type: QUERY
PREHOOK: Input: default@annotate_stats_lateral_view_join_test
#### A masked pattern was here ####
POSTHOOK: query: explain select * from annotate_stats_lateral_view_join_test a lateral view explode(array(1, 2, 3)) b lateral view explode(array(1)) c lateral view explode(array(1, 2)) d
POSTHOOK: type: QUERY
POSTHOOK: Input: default@annotate_stats_lateral_view_join_test
#### A masked pattern was here ####
STAGE DEPENDENCIES:
  Stage-1 is a root stage
  Stage-0 depends on stages: Stage-1

STAGE PLANS:
  Stage: Stage-1
    Tez
#### A masked pattern was here ####
      Vertices:
        Map 1 
            Map Operator Tree:
                TableScan
                  alias: a
                  Statistics: Num rows: 3 Data size: 66 Basic stats: COMPLETE Column stats: NONE
                  Lateral View Forward
                    Statistics: Num rows: 3 Data size: 66 Basic stats: COMPLETE Column stats: NONE
                    Select Operator
                      expressions: id (type: int), name (type: string)
                      outputColumnNames: id, name
                      Statistics: Num rows: 3 Data size: 66 Basic stats: COMPLETE Column stats: NONE
                      Lateral View Join Operator
                        outputColumnNames: _col0, _col1, _col6
                        Statistics: Num rows: 1 Data size: 55 Basic stats: COMPLETE Column stats: NONE
                        Lateral View Forward
                          Statistics: Num rows: 1 Data size: 55 Basic stats: COMPLETE Column stats: NONE
                          Select Operator
                            expressions: _col0 (type: int), _col1 (type: string), _col6 (type: int)
                            outputColumnNames: _col0, _col1, _col6
                            Statistics: Num rows: 1 Data size: 55 Basic stats: COMPLETE Column stats: NONE
                            Lateral View Join Operator
                              outputColumnNames: _col0, _col1, _col6, _col7
                              Statistics: Num rows: 1 Data size: 82 Basic stats: COMPLETE Column stats: NONE
                              Lateral View Forward
                                Statistics: Num rows: 1 Data size: 82 Basic stats: COMPLETE Column stats: NONE
                                Select Operator
                                  expressions: _col0 (type: int), _col1 (type: string), _col6 (type: int), _col7 (type: int)
                                  outputColumnNames: _col0, _col1, _col6, _col7
                                  Statistics: Num rows: 1 Data size: 82 Basic stats: COMPLETE Column stats: NONE
                                  Lateral View Join Operator
                                    outputColumnNames: _col0, _col1, _col6, _col7, _col8
                                    Statistics: Num rows: 1 Data size: 123 Basic stats: COMPLETE Column stats: NONE
                                    Select Operator
                                      expressions: _col0 (type: int), _col1 (type: string), _col6 (type: int), _col7 (type: int), _col8 (type: int)
                                      outputColumnNames: _col0, _col1, _col2, _col3, _col4
                                      Statistics: Num rows: 1 Data size: 123 Basic stats: COMPLETE Column stats: NONE
                                      File Output Operator
                                        compressed: false
                                        Statistics: Num rows: 1 Data size: 123 Basic stats: COMPLETE Column stats: NONE
                                        table:
                                            input format: org.apache.hadoop.mapred.SequenceFileInputFormat
                                            output format: org.apache.hadoop.hive.ql.io.HiveSequenceFileOutputFormat
                                            serde: org.apache.hadoop.hive.serde2.lazy.LazySimpleSerDe
                                Select Operator
                                  expressions: array(1,2) (type: array<int>)
                                  outputColumnNames: _col0
                                  Statistics: Num rows: 1 Data size: 82 Basic stats: COMPLETE Column stats: NONE
                                  UDTF Operator
                                    Statistics: Num rows: 0 Data size: 41 Basic stats: COMPLETE Column stats: NONE
                                    function name: explode
                                    Lateral View Join Operator
                                      outputColumnNames: _col0, _col1, _col6, _col7, _col8
                                      Statistics: Num rows: 1 Data size: 123 Basic stats: COMPLETE Column stats: NONE
                                      Select Operator
                                        expressions: _col0 (type: int), _col1 (type: string), _col6 (type: int), _col7 (type: int), _col8 (type: int)
                                        outputColumnNames: _col0, _col1, _col2, _col3, _col4
                                        Statistics: Num rows: 1 Data size: 123 Basic stats: COMPLETE Column stats: NONE
                                        File Output Operator
                                          compressed: false
                                          Statistics: Num rows: 1 Data size: 123 Basic stats: COMPLETE Column stats: NONE
                                          table:
                                              input format: org.apache.hadoop.mapred.SequenceFileInputFormat
                                              output format: org.apache.hadoop.hive.ql.io.HiveSequenceFileOutputFormat
                                              serde: org.apache.hadoop.hive.serde2.lazy.LazySimpleSerDe
                          Select Operator
                            expressions: array(1) (type: array<int>)
                            outputColumnNames: _col0
                            Statistics: Num rows: 1 Data size: 55 Basic stats: COMPLETE Column stats: NONE
                            UDTF Operator
                              Statistics: Num rows: 0 Data size: 27 Basic stats: COMPLETE Column stats: NONE
                              function name: explode
                              Lateral View Join Operator
                                outputColumnNames: _col0, _col1, _col6, _col7
                                Statistics: Num rows: 1 Data size: 82 Basic stats: COMPLETE Column stats: NONE
                                Lateral View Forward
                                  Statistics: Num rows: 1 Data size: 82 Basic stats: COMPLETE Column stats: NONE
                                  Select Operator
                                    expressions: _col0 (type: int), _col1 (type: string), _col6 (type: int), _col7 (type: int)
                                    outputColumnNames: _col0, _col1, _col6, _col7
                                    Statistics: Num rows: 1 Data size: 82 Basic stats: COMPLETE Column stats: NONE
                                    Lateral View Join Operator
                                      outputColumnNames: _col0, _col1, _col6, _col7, _col8
                                      Statistics: Num rows: 1 Data size: 123 Basic stats: COMPLETE Column stats: NONE
                                      Select Operator
                                        expressions: _col0 (type: int), _col1 (type: string), _col6 (type: int), _col7 (type: int), _col8 (type: int)
                                        outputColumnNames: _col0, _col1, _col2, _col3, _col4
                                        Statistics: Num rows: 1 Data size: 123 Basic stats: COMPLETE Column stats: NONE
                                        File Output Operator
                                          compressed: false
                                          Statistics: Num rows: 1 Data size: 123 Basic stats: COMPLETE Column stats: NONE
                                          table:
                                              input format: org.apache.hadoop.mapred.SequenceFileInputFormat
                                              output format: org.apache.hadoop.hive.ql.io.HiveSequenceFileOutputFormat
                                              serde: org.apache.hadoop.hive.serde2.lazy.LazySimpleSerDe
                                  Select Operator
                                    expressions: array(1,2) (type: array<int>)
                                    outputColumnNames: _col0
                                    Statistics: Num rows: 1 Data size: 82 Basic stats: COMPLETE Column stats: NONE
                                    UDTF Operator
                                      Statistics: Num rows: 0 Data size: 41 Basic stats: COMPLETE Column stats: NONE
                                      function name: explode
                                      Lateral View Join Operator
                                        outputColumnNames: _col0, _col1, _col6, _col7, _col8
                                        Statistics: Num rows: 1 Data size: 123 Basic stats: COMPLETE Column stats: NONE
                                        Select Operator
                                          expressions: _col0 (type: int), _col1 (type: string), _col6 (type: int), _col7 (type: int), _col8 (type: int)
                                          outputColumnNames: _col0, _col1, _col2, _col3, _col4
                                          Statistics: Num rows: 1 Data size: 123 Basic stats: COMPLETE Column stats: NONE
                                          File Output Operator
                                            compressed: false
                                            Statistics: Num rows: 1 Data size: 123 Basic stats: COMPLETE Column stats: NONE
                                            table:
                                                input format: org.apache.hadoop.mapred.SequenceFileInputFormat
                                                output format: org.apache.hadoop.hive.ql.io.HiveSequenceFileOutputFormat
                                                serde: org.apache.hadoop.hive.serde2.lazy.LazySimpleSerDe
                    Select Operator
                      expressions: array(1,2,3) (type: array<int>)
                      outputColumnNames: _col0
                      Statistics: Num rows: 3 Data size: 66 Basic stats: COMPLETE Column stats: NONE
                      UDTF Operator
                        Statistics: Num rows: 1 Data size: 33 Basic stats: COMPLETE Column stats: NONE
                        function name: explode
                        Lateral View Join Operator
                          outputColumnNames: _col0, _col1, _col6
                          Statistics: Num rows: 1 Data size: 55 Basic stats: COMPLETE Column stats: NONE
                          Lateral View Forward
                            Statistics: Num rows: 1 Data size: 55 Basic stats: COMPLETE Column stats: NONE
                            Select Operator
                              expressions: _col0 (type: int), _col1 (type: string), _col6 (type: int)
                              outputColumnNames: _col0, _col1, _col6
                              Statistics: Num rows: 1 Data size: 55 Basic stats: COMPLETE Column stats: NONE
                              Lateral View Join Operator
                                outputColumnNames: _col0, _col1, _col6, _col7
                                Statistics: Num rows: 1 Data size: 82 Basic stats: COMPLETE Column stats: NONE
                                Lateral View Forward
                                  Statistics: Num rows: 1 Data size: 82 Basic stats: COMPLETE Column stats: NONE
                                  Select Operator
                                    expressions: _col0 (type: int), _col1 (type: string), _col6 (type: int), _col7 (type: int)
                                    outputColumnNames: _col0, _col1, _col6, _col7
                                    Statistics: Num rows: 1 Data size: 82 Basic stats: COMPLETE Column stats: NONE
                                    Lateral View Join Operator
                                      outputColumnNames: _col0, _col1, _col6, _col7, _col8
                                      Statistics: Num rows: 1 Data size: 123 Basic stats: COMPLETE Column stats: NONE
                                      Select Operator
                                        expressions: _col0 (type: int), _col1 (type: string), _col6 (type: int), _col7 (type: int), _col8 (type: int)
                                        outputColumnNames: _col0, _col1, _col2, _col3, _col4
                                        Statistics: Num rows: 1 Data size: 123 Basic stats: COMPLETE Column stats: NONE
                                        File Output Operator
                                          compressed: false
                                          Statistics: Num rows: 1 Data size: 123 Basic stats: COMPLETE Column stats: NONE
                                          table:
                                              input format: org.apache.hadoop.mapred.SequenceFileInputFormat
                                              output format: org.apache.hadoop.hive.ql.io.HiveSequenceFileOutputFormat
                                              serde: org.apache.hadoop.hive.serde2.lazy.LazySimpleSerDe
                                  Select Operator
                                    expressions: array(1,2) (type: array<int>)
                                    outputColumnNames: _col0
                                    Statistics: Num rows: 1 Data size: 82 Basic stats: COMPLETE Column stats: NONE
                                    UDTF Operator
                                      Statistics: Num rows: 0 Data size: 41 Basic stats: COMPLETE Column stats: NONE
                                      function name: explode
                                      Lateral View Join Operator
                                        outputColumnNames: _col0, _col1, _col6, _col7, _col8
                                        Statistics: Num rows: 1 Data size: 123 Basic stats: COMPLETE Column stats: NONE
                                        Select Operator
                                          expressions: _col0 (type: int), _col1 (type: string), _col6 (type: int), _col7 (type: int), _col8 (type: int)
                                          outputColumnNames: _col0, _col1, _col2, _col3, _col4
                                          Statistics: Num rows: 1 Data size: 123 Basic stats: COMPLETE Column stats: NONE
                                          File Output Operator
                                            compressed: false
                                            Statistics: Num rows: 1 Data size: 123 Basic stats: COMPLETE Column stats: NONE
                                            table:
                                                input format: org.apache.hadoop.mapred.SequenceFileInputFormat
                                                output format: org.apache.hadoop.hive.ql.io.HiveSequenceFileOutputFormat
                                                serde: org.apache.hadoop.hive.serde2.lazy.LazySimpleSerDe
                            Select Operator
                              expressions: array(1) (type: array<int>)
                              outputColumnNames: _col0
                              Statistics: Num rows: 1 Data size: 55 Basic stats: COMPLETE Column stats: NONE
                              UDTF Operator
                                Statistics: Num rows: 0 Data size: 27 Basic stats: COMPLETE Column stats: NONE
                                function name: explode
                                Lateral View Join Operator
                                  outputColumnNames: _col0, _col1, _col6, _col7
                                  Statistics: Num rows: 1 Data size: 82 Basic stats: COMPLETE Column stats: NONE
                                  Lateral View Forward
                                    Statistics: Num rows: 1 Data size: 82 Basic stats: COMPLETE Column stats: NONE
                                    Select Operator
                                      expressions: _col0 (type: int), _col1 (type: string), _col6 (type: int), _col7 (type: int)
                                      outputColumnNames: _col0, _col1, _col6, _col7
                                      Statistics: Num rows: 1 Data size: 82 Basic stats: COMPLETE Column stats: NONE
                                      Lateral View Join Operator
                                        outputColumnNames: _col0, _col1, _col6, _col7, _col8
                                        Statistics: Num rows: 1 Data size: 123 Basic stats: COMPLETE Column stats: NONE
                                        Select Operator
                                          expressions: _col0 (type: int), _col1 (type: string), _col6 (type: int), _col7 (type: int), _col8 (type: int)
                                          outputColumnNames: _col0, _col1, _col2, _col3, _col4
                                          Statistics: Num rows: 1 Data size: 123 Basic stats: COMPLETE Column stats: NONE
                                          File Output Operator
                                            compressed: false
                                            Statistics: Num rows: 1 Data size: 123 Basic stats: COMPLETE Column stats: NONE
                                            table:
                                                input format: org.apache.hadoop.mapred.SequenceFileInputFormat
                                                output format: org.apache.hadoop.hive.ql.io.HiveSequenceFileOutputFormat
                                                serde: org.apache.hadoop.hive.serde2.lazy.LazySimpleSerDe
                                    Select Operator
                                      expressions: array(1,2) (type: array<int>)
                                      outputColumnNames: _col0
                                      Statistics: Num rows: 1 Data size: 82 Basic stats: COMPLETE Column stats: NONE
                                      UDTF Operator
                                        Statistics: Num rows: 0 Data size: 41 Basic stats: COMPLETE Column stats: NONE
                                        function name: explode
                                        Lateral View Join Operator
                                          outputColumnNames: _col0, _col1, _col6, _col7, _col8
                                          Statistics: Num rows: 1 Data size: 123 Basic stats: COMPLETE Column stats: NONE
                                          Select Operator
                                            expressions: _col0 (type: int), _col1 (type: string), _col6 (type: int), _col7 (type: int), _col8 (type: int)
                                            outputColumnNames: _col0, _col1, _col2, _col3, _col4
                                            Statistics: Num rows: 1 Data size: 123 Basic stats: COMPLETE Column stats: NONE
                                            File Output Operator
                                              compressed: false
                                              Statistics: Num rows: 1 Data size: 123 Basic stats: COMPLETE Column stats: NONE
                                              table:
                                                  input format: org.apache.hadoop.mapred.SequenceFileInputFormat
                                                  output format: org.apache.hadoop.hive.ql.io.HiveSequenceFileOutputFormat
                                                  serde: org.apache.hadoop.hive.serde2.lazy.LazySimpleSerDe
            Execution mode: llap
            LLAP IO: all inputs

  Stage: Stage-0
    Fetch Operator
      limit: -1
      Processor Tree:
        ListSink

PREHOOK: query: explain select * from annotate_stats_lateral_view_join_test a lateral view explode(array(1, 2, 3)) b
PREHOOK: type: QUERY
PREHOOK: Input: default@annotate_stats_lateral_view_join_test
#### A masked pattern was here ####
POSTHOOK: query: explain select * from annotate_stats_lateral_view_join_test a lateral view explode(array(1, 2, 3)) b
POSTHOOK: type: QUERY
POSTHOOK: Input: default@annotate_stats_lateral_view_join_test
#### A masked pattern was here ####
STAGE DEPENDENCIES:
  Stage-1 is a root stage
  Stage-0 depends on stages: Stage-1

STAGE PLANS:
  Stage: Stage-1
    Tez
#### A masked pattern was here ####
      Vertices:
        Map 1 
            Map Operator Tree:
                TableScan
                  alias: a
                  Statistics: Num rows: 3 Data size: 66 Basic stats: COMPLETE Column stats: NONE
                  Lateral View Forward
                    Statistics: Num rows: 3 Data size: 66 Basic stats: COMPLETE Column stats: NONE
                    Select Operator
                      expressions: id (type: int), name (type: string)
                      outputColumnNames: id, name
                      Statistics: Num rows: 3 Data size: 66 Basic stats: COMPLETE Column stats: NONE
                      Lateral View Join Operator
                        outputColumnNames: _col0, _col1, _col6
                        Statistics: Num rows: 3 Data size: 132 Basic stats: COMPLETE Column stats: NONE
                        Select Operator
                          expressions: _col0 (type: int), _col1 (type: string), _col6 (type: int)
                          outputColumnNames: _col0, _col1, _col2
                          Statistics: Num rows: 3 Data size: 132 Basic stats: COMPLETE Column stats: NONE
                          File Output Operator
                            compressed: false
                            Statistics: Num rows: 3 Data size: 132 Basic stats: COMPLETE Column stats: NONE
                            table:
                                input format: org.apache.hadoop.mapred.SequenceFileInputFormat
                                output format: org.apache.hadoop.hive.ql.io.HiveSequenceFileOutputFormat
                                serde: org.apache.hadoop.hive.serde2.lazy.LazySimpleSerDe
                    Select Operator
                      expressions: array(1,2,3) (type: array<int>)
                      outputColumnNames: _col0
                      Statistics: Num rows: 3 Data size: 66 Basic stats: COMPLETE Column stats: NONE
                      UDTF Operator
                        Statistics: Num rows: 3 Data size: 66 Basic stats: COMPLETE Column stats: NONE
                        function name: explode
                        Lateral View Join Operator
                          outputColumnNames: _col0, _col1, _col6
                          Statistics: Num rows: 3 Data size: 132 Basic stats: COMPLETE Column stats: NONE
                          Select Operator
                            expressions: _col0 (type: int), _col1 (type: string), _col6 (type: int)
                            outputColumnNames: _col0, _col1, _col2
                            Statistics: Num rows: 3 Data size: 132 Basic stats: COMPLETE Column stats: NONE
                            File Output Operator
                              compressed: false
                              Statistics: Num rows: 3 Data size: 132 Basic stats: COMPLETE Column stats: NONE
                              table:
                                  input format: org.apache.hadoop.mapred.SequenceFileInputFormat
                                  output format: org.apache.hadoop.hive.ql.io.HiveSequenceFileOutputFormat
                                  serde: org.apache.hadoop.hive.serde2.lazy.LazySimpleSerDe
            Execution mode: llap
            LLAP IO: all inputs

  Stage: Stage-0
    Fetch Operator
      limit: -1
      Processor Tree:
        ListSink

PREHOOK: query: explain select a.id, name as n, b.* from annotate_stats_lateral_view_join_test a lateral view explode(array(1, 2, 3)) b
PREHOOK: type: QUERY
PREHOOK: Input: default@annotate_stats_lateral_view_join_test
#### A masked pattern was here ####
POSTHOOK: query: explain select a.id, name as n, b.* from annotate_stats_lateral_view_join_test a lateral view explode(array(1, 2, 3)) b
POSTHOOK: type: QUERY
POSTHOOK: Input: default@annotate_stats_lateral_view_join_test
#### A masked pattern was here ####
STAGE DEPENDENCIES:
  Stage-1 is a root stage
  Stage-0 depends on stages: Stage-1

STAGE PLANS:
  Stage: Stage-1
    Tez
#### A masked pattern was here ####
      Vertices:
        Map 1 
            Map Operator Tree:
                TableScan
                  alias: a
                  Statistics: Num rows: 3 Data size: 66 Basic stats: COMPLETE Column stats: NONE
                  Lateral View Forward
                    Statistics: Num rows: 3 Data size: 66 Basic stats: COMPLETE Column stats: NONE
                    Select Operator
                      expressions: id (type: int), name (type: string)
                      outputColumnNames: id, name
                      Statistics: Num rows: 3 Data size: 66 Basic stats: COMPLETE Column stats: NONE
                      Lateral View Join Operator
                        outputColumnNames: _col0, _col1, _col6
                        Statistics: Num rows: 3 Data size: 132 Basic stats: COMPLETE Column stats: NONE
                        Select Operator
                          expressions: _col0 (type: int), _col1 (type: string), _col6 (type: int)
                          outputColumnNames: _col0, _col1, _col2
                          Statistics: Num rows: 3 Data size: 132 Basic stats: COMPLETE Column stats: NONE
                          File Output Operator
                            compressed: false
                            Statistics: Num rows: 3 Data size: 132 Basic stats: COMPLETE Column stats: NONE
                            table:
                                input format: org.apache.hadoop.mapred.SequenceFileInputFormat
                                output format: org.apache.hadoop.hive.ql.io.HiveSequenceFileOutputFormat
                                serde: org.apache.hadoop.hive.serde2.lazy.LazySimpleSerDe
                    Select Operator
                      expressions: array(1,2,3) (type: array<int>)
                      outputColumnNames: _col0
                      Statistics: Num rows: 3 Data size: 66 Basic stats: COMPLETE Column stats: NONE
                      UDTF Operator
                        Statistics: Num rows: 3 Data size: 66 Basic stats: COMPLETE Column stats: NONE
                        function name: explode
                        Lateral View Join Operator
                          outputColumnNames: _col0, _col1, _col6
                          Statistics: Num rows: 3 Data size: 132 Basic stats: COMPLETE Column stats: NONE
                          Select Operator
                            expressions: _col0 (type: int), _col1 (type: string), _col6 (type: int)
                            outputColumnNames: _col0, _col1, _col2
                            Statistics: Num rows: 3 Data size: 132 Basic stats: COMPLETE Column stats: NONE
                            File Output Operator
                              compressed: false
                              Statistics: Num rows: 3 Data size: 132 Basic stats: COMPLETE Column stats: NONE
                              table:
                                  input format: org.apache.hadoop.mapred.SequenceFileInputFormat
                                  output format: org.apache.hadoop.hive.ql.io.HiveSequenceFileOutputFormat
                                  serde: org.apache.hadoop.hive.serde2.lazy.LazySimpleSerDe
            Execution mode: llap
            LLAP IO: all inputs

  Stage: Stage-0
    Fetch Operator
      limit: -1
      Processor Tree:
        ListSink

PREHOOK: query: explain select * from annotate_stats_lateral_view_join_test a lateral view explode(array(1, 2, 3)) b lateral view explode(array(1)) c
PREHOOK: type: QUERY
PREHOOK: Input: default@annotate_stats_lateral_view_join_test
#### A masked pattern was here ####
POSTHOOK: query: explain select * from annotate_stats_lateral_view_join_test a lateral view explode(array(1, 2, 3)) b lateral view explode(array(1)) c
POSTHOOK: type: QUERY
POSTHOOK: Input: default@annotate_stats_lateral_view_join_test
#### A masked pattern was here ####
STAGE DEPENDENCIES:
  Stage-1 is a root stage
  Stage-0 depends on stages: Stage-1

STAGE PLANS:
  Stage: Stage-1
    Tez
#### A masked pattern was here ####
      Vertices:
        Map 1 
            Map Operator Tree:
                TableScan
                  alias: a
                  Statistics: Num rows: 3 Data size: 66 Basic stats: COMPLETE Column stats: NONE
                  Lateral View Forward
                    Statistics: Num rows: 3 Data size: 66 Basic stats: COMPLETE Column stats: NONE
                    Select Operator
                      expressions: id (type: int), name (type: string)
                      outputColumnNames: id, name
                      Statistics: Num rows: 3 Data size: 66 Basic stats: COMPLETE Column stats: NONE
                      Lateral View Join Operator
                        outputColumnNames: _col0, _col1, _col6
                        Statistics: Num rows: 3 Data size: 132 Basic stats: COMPLETE Column stats: NONE
                        Lateral View Forward
                          Statistics: Num rows: 3 Data size: 132 Basic stats: COMPLETE Column stats: NONE
                          Select Operator
                            expressions: _col0 (type: int), _col1 (type: string), _col6 (type: int)
                            outputColumnNames: _col0, _col1, _col6
                            Statistics: Num rows: 3 Data size: 132 Basic stats: COMPLETE Column stats: NONE
                            Lateral View Join Operator
                              outputColumnNames: _col0, _col1, _col6, _col7
                              Statistics: Num rows: 3 Data size: 264 Basic stats: COMPLETE Column stats: NONE
                              Select Operator
                                expressions: _col0 (type: int), _col1 (type: string), _col6 (type: int), _col7 (type: int)
                                outputColumnNames: _col0, _col1, _col2, _col3
                                Statistics: Num rows: 3 Data size: 264 Basic stats: COMPLETE Column stats: NONE
                                File Output Operator
                                  compressed: false
                                  Statistics: Num rows: 3 Data size: 264 Basic stats: COMPLETE Column stats: NONE
                                  table:
                                      input format: org.apache.hadoop.mapred.SequenceFileInputFormat
                                      output format: org.apache.hadoop.hive.ql.io.HiveSequenceFileOutputFormat
                                      serde: org.apache.hadoop.hive.serde2.lazy.LazySimpleSerDe
                          Select Operator
                            expressions: array(1) (type: array<int>)
                            outputColumnNames: _col0
                            Statistics: Num rows: 3 Data size: 132 Basic stats: COMPLETE Column stats: NONE
                            UDTF Operator
                              Statistics: Num rows: 3 Data size: 132 Basic stats: COMPLETE Column stats: NONE
                              function name: explode
                              Lateral View Join Operator
                                outputColumnNames: _col0, _col1, _col6, _col7
                                Statistics: Num rows: 3 Data size: 264 Basic stats: COMPLETE Column stats: NONE
                                Select Operator
                                  expressions: _col0 (type: int), _col1 (type: string), _col6 (type: int), _col7 (type: int)
                                  outputColumnNames: _col0, _col1, _col2, _col3
                                  Statistics: Num rows: 3 Data size: 264 Basic stats: COMPLETE Column stats: NONE
                                  File Output Operator
                                    compressed: false
                                    Statistics: Num rows: 3 Data size: 264 Basic stats: COMPLETE Column stats: NONE
                                    table:
                                        input format: org.apache.hadoop.mapred.SequenceFileInputFormat
                                        output format: org.apache.hadoop.hive.ql.io.HiveSequenceFileOutputFormat
                                        serde: org.apache.hadoop.hive.serde2.lazy.LazySimpleSerDe
                    Select Operator
                      expressions: array(1,2,3) (type: array<int>)
                      outputColumnNames: _col0
                      Statistics: Num rows: 3 Data size: 66 Basic stats: COMPLETE Column stats: NONE
                      UDTF Operator
                        Statistics: Num rows: 3 Data size: 66 Basic stats: COMPLETE Column stats: NONE
                        function name: explode
                        Lateral View Join Operator
                          outputColumnNames: _col0, _col1, _col6
                          Statistics: Num rows: 3 Data size: 132 Basic stats: COMPLETE Column stats: NONE
                          Lateral View Forward
                            Statistics: Num rows: 3 Data size: 132 Basic stats: COMPLETE Column stats: NONE
                            Select Operator
                              expressions: _col0 (type: int), _col1 (type: string), _col6 (type: int)
                              outputColumnNames: _col0, _col1, _col6
                              Statistics: Num rows: 3 Data size: 132 Basic stats: COMPLETE Column stats: NONE
                              Lateral View Join Operator
                                outputColumnNames: _col0, _col1, _col6, _col7
                                Statistics: Num rows: 3 Data size: 264 Basic stats: COMPLETE Column stats: NONE
                                Select Operator
                                  expressions: _col0 (type: int), _col1 (type: string), _col6 (type: int), _col7 (type: int)
                                  outputColumnNames: _col0, _col1, _col2, _col3
                                  Statistics: Num rows: 3 Data size: 264 Basic stats: COMPLETE Column stats: NONE
                                  File Output Operator
                                    compressed: false
                                    Statistics: Num rows: 3 Data size: 264 Basic stats: COMPLETE Column stats: NONE
                                    table:
                                        input format: org.apache.hadoop.mapred.SequenceFileInputFormat
                                        output format: org.apache.hadoop.hive.ql.io.HiveSequenceFileOutputFormat
                                        serde: org.apache.hadoop.hive.serde2.lazy.LazySimpleSerDe
                            Select Operator
                              expressions: array(1) (type: array<int>)
                              outputColumnNames: _col0
                              Statistics: Num rows: 3 Data size: 132 Basic stats: COMPLETE Column stats: NONE
                              UDTF Operator
                                Statistics: Num rows: 3 Data size: 132 Basic stats: COMPLETE Column stats: NONE
                                function name: explode
                                Lateral View Join Operator
                                  outputColumnNames: _col0, _col1, _col6, _col7
                                  Statistics: Num rows: 3 Data size: 264 Basic stats: COMPLETE Column stats: NONE
                                  Select Operator
                                    expressions: _col0 (type: int), _col1 (type: string), _col6 (type: int), _col7 (type: int)
                                    outputColumnNames: _col0, _col1, _col2, _col3
                                    Statistics: Num rows: 3 Data size: 264 Basic stats: COMPLETE Column stats: NONE
                                    File Output Operator
                                      compressed: false
                                      Statistics: Num rows: 3 Data size: 264 Basic stats: COMPLETE Column stats: NONE
                                      table:
                                          input format: org.apache.hadoop.mapred.SequenceFileInputFormat
                                          output format: org.apache.hadoop.hive.ql.io.HiveSequenceFileOutputFormat
                                          serde: org.apache.hadoop.hive.serde2.lazy.LazySimpleSerDe
            Execution mode: llap
            LLAP IO: all inputs

  Stage: Stage-0
    Fetch Operator
      limit: -1
      Processor Tree:
        ListSink

PREHOOK: query: explain select * from annotate_stats_lateral_view_join_test a lateral view explode(array(1, 2, 3)) b lateral view explode(array(1)) c lateral view explode(array(1, 2)) d
PREHOOK: type: QUERY
PREHOOK: Input: default@annotate_stats_lateral_view_join_test
#### A masked pattern was here ####
POSTHOOK: query: explain select * from annotate_stats_lateral_view_join_test a lateral view explode(array(1, 2, 3)) b lateral view explode(array(1)) c lateral view explode(array(1, 2)) d
POSTHOOK: type: QUERY
POSTHOOK: Input: default@annotate_stats_lateral_view_join_test
#### A masked pattern was here ####
STAGE DEPENDENCIES:
  Stage-1 is a root stage
  Stage-0 depends on stages: Stage-1

STAGE PLANS:
  Stage: Stage-1
    Tez
#### A masked pattern was here ####
      Vertices:
        Map 1 
            Map Operator Tree:
                TableScan
                  alias: a
                  Statistics: Num rows: 3 Data size: 66 Basic stats: COMPLETE Column stats: NONE
                  Lateral View Forward
                    Statistics: Num rows: 3 Data size: 66 Basic stats: COMPLETE Column stats: NONE
                    Select Operator
                      expressions: id (type: int), name (type: string)
                      outputColumnNames: id, name
                      Statistics: Num rows: 3 Data size: 66 Basic stats: COMPLETE Column stats: NONE
                      Lateral View Join Operator
                        outputColumnNames: _col0, _col1, _col6
                        Statistics: Num rows: 3 Data size: 132 Basic stats: COMPLETE Column stats: NONE
                        Lateral View Forward
                          Statistics: Num rows: 3 Data size: 132 Basic stats: COMPLETE Column stats: NONE
                          Select Operator
                            expressions: _col0 (type: int), _col1 (type: string), _col6 (type: int)
                            outputColumnNames: _col0, _col1, _col6
                            Statistics: Num rows: 3 Data size: 132 Basic stats: COMPLETE Column stats: NONE
                            Lateral View Join Operator
                              outputColumnNames: _col0, _col1, _col6, _col7
                              Statistics: Num rows: 3 Data size: 264 Basic stats: COMPLETE Column stats: NONE
                              Lateral View Forward
                                Statistics: Num rows: 3 Data size: 264 Basic stats: COMPLETE Column stats: NONE
                                Select Operator
                                  expressions: _col0 (type: int), _col1 (type: string), _col6 (type: int), _col7 (type: int)
                                  outputColumnNames: _col0, _col1, _col6, _col7
                                  Statistics: Num rows: 3 Data size: 264 Basic stats: COMPLETE Column stats: NONE
                                  Lateral View Join Operator
                                    outputColumnNames: _col0, _col1, _col6, _col7, _col8
                                    Statistics: Num rows: 3 Data size: 528 Basic stats: COMPLETE Column stats: NONE
                                    Select Operator
                                      expressions: _col0 (type: int), _col1 (type: string), _col6 (type: int), _col7 (type: int), _col8 (type: int)
                                      outputColumnNames: _col0, _col1, _col2, _col3, _col4
                                      Statistics: Num rows: 3 Data size: 528 Basic stats: COMPLETE Column stats: NONE
                                      File Output Operator
                                        compressed: false
                                        Statistics: Num rows: 3 Data size: 528 Basic stats: COMPLETE Column stats: NONE
                                        table:
                                            input format: org.apache.hadoop.mapred.SequenceFileInputFormat
                                            output format: org.apache.hadoop.hive.ql.io.HiveSequenceFileOutputFormat
                                            serde: org.apache.hadoop.hive.serde2.lazy.LazySimpleSerDe
                                Select Operator
                                  expressions: array(1,2) (type: array<int>)
                                  outputColumnNames: _col0
                                  Statistics: Num rows: 3 Data size: 264 Basic stats: COMPLETE Column stats: NONE
                                  UDTF Operator
                                    Statistics: Num rows: 3 Data size: 264 Basic stats: COMPLETE Column stats: NONE
                                    function name: explode
                                    Lateral View Join Operator
                                      outputColumnNames: _col0, _col1, _col6, _col7, _col8
                                      Statistics: Num rows: 3 Data size: 528 Basic stats: COMPLETE Column stats: NONE
                                      Select Operator
                                        expressions: _col0 (type: int), _col1 (type: string), _col6 (type: int), _col7 (type: int), _col8 (type: int)
                                        outputColumnNames: _col0, _col1, _col2, _col3, _col4
                                        Statistics: Num rows: 3 Data size: 528 Basic stats: COMPLETE Column stats: NONE
                                        File Output Operator
                                          compressed: false
                                          Statistics: Num rows: 3 Data size: 528 Basic stats: COMPLETE Column stats: NONE
                                          table:
                                              input format: org.apache.hadoop.mapred.SequenceFileInputFormat
                                              output format: org.apache.hadoop.hive.ql.io.HiveSequenceFileOutputFormat
                                              serde: org.apache.hadoop.hive.serde2.lazy.LazySimpleSerDe
                          Select Operator
                            expressions: array(1) (type: array<int>)
                            outputColumnNames: _col0
                            Statistics: Num rows: 3 Data size: 132 Basic stats: COMPLETE Column stats: NONE
                            UDTF Operator
                              Statistics: Num rows: 3 Data size: 132 Basic stats: COMPLETE Column stats: NONE
                              function name: explode
                              Lateral View Join Operator
                                outputColumnNames: _col0, _col1, _col6, _col7
                                Statistics: Num rows: 3 Data size: 264 Basic stats: COMPLETE Column stats: NONE
                                Lateral View Forward
                                  Statistics: Num rows: 3 Data size: 264 Basic stats: COMPLETE Column stats: NONE
                                  Select Operator
                                    expressions: _col0 (type: int), _col1 (type: string), _col6 (type: int), _col7 (type: int)
                                    outputColumnNames: _col0, _col1, _col6, _col7
                                    Statistics: Num rows: 3 Data size: 264 Basic stats: COMPLETE Column stats: NONE
                                    Lateral View Join Operator
                                      outputColumnNames: _col0, _col1, _col6, _col7, _col8
                                      Statistics: Num rows: 3 Data size: 528 Basic stats: COMPLETE Column stats: NONE
                                      Select Operator
                                        expressions: _col0 (type: int), _col1 (type: string), _col6 (type: int), _col7 (type: int), _col8 (type: int)
                                        outputColumnNames: _col0, _col1, _col2, _col3, _col4
                                        Statistics: Num rows: 3 Data size: 528 Basic stats: COMPLETE Column stats: NONE
                                        File Output Operator
                                          compressed: false
                                          Statistics: Num rows: 3 Data size: 528 Basic stats: COMPLETE Column stats: NONE
                                          table:
                                              input format: org.apache.hadoop.mapred.SequenceFileInputFormat
                                              output format: org.apache.hadoop.hive.ql.io.HiveSequenceFileOutputFormat
                                              serde: org.apache.hadoop.hive.serde2.lazy.LazySimpleSerDe
                                  Select Operator
                                    expressions: array(1,2) (type: array<int>)
                                    outputColumnNames: _col0
                                    Statistics: Num rows: 3 Data size: 264 Basic stats: COMPLETE Column stats: NONE
                                    UDTF Operator
                                      Statistics: Num rows: 3 Data size: 264 Basic stats: COMPLETE Column stats: NONE
                                      function name: explode
                                      Lateral View Join Operator
                                        outputColumnNames: _col0, _col1, _col6, _col7, _col8
                                        Statistics: Num rows: 3 Data size: 528 Basic stats: COMPLETE Column stats: NONE
                                        Select Operator
                                          expressions: _col0 (type: int), _col1 (type: string), _col6 (type: int), _col7 (type: int), _col8 (type: int)
                                          outputColumnNames: _col0, _col1, _col2, _col3, _col4
                                          Statistics: Num rows: 3 Data size: 528 Basic stats: COMPLETE Column stats: NONE
                                          File Output Operator
                                            compressed: false
                                            Statistics: Num rows: 3 Data size: 528 Basic stats: COMPLETE Column stats: NONE
                                            table:
                                                input format: org.apache.hadoop.mapred.SequenceFileInputFormat
                                                output format: org.apache.hadoop.hive.ql.io.HiveSequenceFileOutputFormat
                                                serde: org.apache.hadoop.hive.serde2.lazy.LazySimpleSerDe
                    Select Operator
                      expressions: array(1,2,3) (type: array<int>)
                      outputColumnNames: _col0
                      Statistics: Num rows: 3 Data size: 66 Basic stats: COMPLETE Column stats: NONE
                      UDTF Operator
                        Statistics: Num rows: 3 Data size: 66 Basic stats: COMPLETE Column stats: NONE
                        function name: explode
                        Lateral View Join Operator
                          outputColumnNames: _col0, _col1, _col6
                          Statistics: Num rows: 3 Data size: 132 Basic stats: COMPLETE Column stats: NONE
                          Lateral View Forward
                            Statistics: Num rows: 3 Data size: 132 Basic stats: COMPLETE Column stats: NONE
                            Select Operator
                              expressions: _col0 (type: int), _col1 (type: string), _col6 (type: int)
                              outputColumnNames: _col0, _col1, _col6
                              Statistics: Num rows: 3 Data size: 132 Basic stats: COMPLETE Column stats: NONE
                              Lateral View Join Operator
                                outputColumnNames: _col0, _col1, _col6, _col7
                                Statistics: Num rows: 3 Data size: 264 Basic stats: COMPLETE Column stats: NONE
                                Lateral View Forward
                                  Statistics: Num rows: 3 Data size: 264 Basic stats: COMPLETE Column stats: NONE
                                  Select Operator
                                    expressions: _col0 (type: int), _col1 (type: string), _col6 (type: int), _col7 (type: int)
                                    outputColumnNames: _col0, _col1, _col6, _col7
                                    Statistics: Num rows: 3 Data size: 264 Basic stats: COMPLETE Column stats: NONE
                                    Lateral View Join Operator
                                      outputColumnNames: _col0, _col1, _col6, _col7, _col8
                                      Statistics: Num rows: 3 Data size: 528 Basic stats: COMPLETE Column stats: NONE
                                      Select Operator
                                        expressions: _col0 (type: int), _col1 (type: string), _col6 (type: int), _col7 (type: int), _col8 (type: int)
                                        outputColumnNames: _col0, _col1, _col2, _col3, _col4
                                        Statistics: Num rows: 3 Data size: 528 Basic stats: COMPLETE Column stats: NONE
                                        File Output Operator
                                          compressed: false
                                          Statistics: Num rows: 3 Data size: 528 Basic stats: COMPLETE Column stats: NONE
                                          table:
                                              input format: org.apache.hadoop.mapred.SequenceFileInputFormat
                                              output format: org.apache.hadoop.hive.ql.io.HiveSequenceFileOutputFormat
                                              serde: org.apache.hadoop.hive.serde2.lazy.LazySimpleSerDe
                                  Select Operator
                                    expressions: array(1,2) (type: array<int>)
                                    outputColumnNames: _col0
                                    Statistics: Num rows: 3 Data size: 264 Basic stats: COMPLETE Column stats: NONE
                                    UDTF Operator
                                      Statistics: Num rows: 3 Data size: 264 Basic stats: COMPLETE Column stats: NONE
                                      function name: explode
                                      Lateral View Join Operator
                                        outputColumnNames: _col0, _col1, _col6, _col7, _col8
                                        Statistics: Num rows: 3 Data size: 528 Basic stats: COMPLETE Column stats: NONE
                                        Select Operator
                                          expressions: _col0 (type: int), _col1 (type: string), _col6 (type: int), _col7 (type: int), _col8 (type: int)
                                          outputColumnNames: _col0, _col1, _col2, _col3, _col4
                                          Statistics: Num rows: 3 Data size: 528 Basic stats: COMPLETE Column stats: NONE
                                          File Output Operator
                                            compressed: false
                                            Statistics: Num rows: 3 Data size: 528 Basic stats: COMPLETE Column stats: NONE
                                            table:
                                                input format: org.apache.hadoop.mapred.SequenceFileInputFormat
                                                output format: org.apache.hadoop.hive.ql.io.HiveSequenceFileOutputFormat
                                                serde: org.apache.hadoop.hive.serde2.lazy.LazySimpleSerDe
                            Select Operator
                              expressions: array(1) (type: array<int>)
                              outputColumnNames: _col0
                              Statistics: Num rows: 3 Data size: 132 Basic stats: COMPLETE Column stats: NONE
                              UDTF Operator
                                Statistics: Num rows: 3 Data size: 132 Basic stats: COMPLETE Column stats: NONE
                                function name: explode
                                Lateral View Join Operator
                                  outputColumnNames: _col0, _col1, _col6, _col7
                                  Statistics: Num rows: 3 Data size: 264 Basic stats: COMPLETE Column stats: NONE
                                  Lateral View Forward
                                    Statistics: Num rows: 3 Data size: 264 Basic stats: COMPLETE Column stats: NONE
                                    Select Operator
                                      expressions: _col0 (type: int), _col1 (type: string), _col6 (type: int), _col7 (type: int)
                                      outputColumnNames: _col0, _col1, _col6, _col7
                                      Statistics: Num rows: 3 Data size: 264 Basic stats: COMPLETE Column stats: NONE
                                      Lateral View Join Operator
                                        outputColumnNames: _col0, _col1, _col6, _col7, _col8
                                        Statistics: Num rows: 3 Data size: 528 Basic stats: COMPLETE Column stats: NONE
                                        Select Operator
                                          expressions: _col0 (type: int), _col1 (type: string), _col6 (type: int), _col7 (type: int), _col8 (type: int)
                                          outputColumnNames: _col0, _col1, _col2, _col3, _col4
                                          Statistics: Num rows: 3 Data size: 528 Basic stats: COMPLETE Column stats: NONE
                                          File Output Operator
                                            compressed: false
                                            Statistics: Num rows: 3 Data size: 528 Basic stats: COMPLETE Column stats: NONE
                                            table:
                                                input format: org.apache.hadoop.mapred.SequenceFileInputFormat
                                                output format: org.apache.hadoop.hive.ql.io.HiveSequenceFileOutputFormat
                                                serde: org.apache.hadoop.hive.serde2.lazy.LazySimpleSerDe
                                    Select Operator
                                      expressions: array(1,2) (type: array<int>)
                                      outputColumnNames: _col0
                                      Statistics: Num rows: 3 Data size: 264 Basic stats: COMPLETE Column stats: NONE
                                      UDTF Operator
                                        Statistics: Num rows: 3 Data size: 264 Basic stats: COMPLETE Column stats: NONE
                                        function name: explode
                                        Lateral View Join Operator
                                          outputColumnNames: _col0, _col1, _col6, _col7, _col8
                                          Statistics: Num rows: 3 Data size: 528 Basic stats: COMPLETE Column stats: NONE
                                          Select Operator
                                            expressions: _col0 (type: int), _col1 (type: string), _col6 (type: int), _col7 (type: int), _col8 (type: int)
                                            outputColumnNames: _col0, _col1, _col2, _col3, _col4
                                            Statistics: Num rows: 3 Data size: 528 Basic stats: COMPLETE Column stats: NONE
                                            File Output Operator
                                              compressed: false
                                              Statistics: Num rows: 3 Data size: 528 Basic stats: COMPLETE Column stats: NONE
                                              table:
                                                  input format: org.apache.hadoop.mapred.SequenceFileInputFormat
                                                  output format: org.apache.hadoop.hive.ql.io.HiveSequenceFileOutputFormat
                                                  serde: org.apache.hadoop.hive.serde2.lazy.LazySimpleSerDe
            Execution mode: llap
            LLAP IO: all inputs

  Stage: Stage-0
    Fetch Operator
      limit: -1
      Processor Tree:
        ListSink

