PREHOOK: query: explain
 SELECT sum(hash(a.key, a.value, b.key, b.value))
 FROM 
  (
  SELECT src1.key as key, count(src1.value) AS value FROM src src1 group by src1.key
  ) a
 FULL OUTER JOIN 
 (
  SELECT src2.key as key, count(distinct(src2.value)) AS value 
  FROM src1 src2 group by src2.key
 ) b 
 ON (a.key = b.key)
PREHOOK: type: QUERY
PREHOOK: Input: default@src
PREHOOK: Input: default@src1
#### A masked pattern was here ####
POSTHOOK: query: explain
 SELECT sum(hash(a.key, a.value, b.key, b.value))
 FROM 
  (
  SELECT src1.key as key, count(src1.value) AS value FROM src src1 group by src1.key
  ) a
 FULL OUTER JOIN 
 (
  SELECT src2.key as key, count(distinct(src2.value)) AS value 
  FROM src1 src2 group by src2.key
 ) b 
 ON (a.key = b.key)
POSTHOOK: type: QUERY
POSTHOOK: Input: default@src
POSTHOOK: Input: default@src1
#### A masked pattern was here ####
STAGE DEPENDENCIES:
  Stage-1 is a root stage
  Stage-0 depends on stages: Stage-1

STAGE PLANS:
  Stage: Stage-1
    Tez
#### A masked pattern was here ####
      Edges:
        Reducer 2 <- Map 1 (SIMPLE_EDGE)
        Reducer 3 <- Reducer 2 (SIMPLE_EDGE), Reducer 6 (SIMPLE_EDGE)
        Reducer 4 <- Reducer 3 (CUSTOM_SIMPLE_EDGE)
        Reducer 6 <- Map 5 (SIMPLE_EDGE)
#### A masked pattern was here ####
      Vertices:
        Map 1 
            Map Operator Tree:
                TableScan
                  alias: src1
                  Statistics: Num rows: 500 Data size: 89000 Basic stats: COMPLETE Column stats: COMPLETE
                  Select Operator
                    expressions: key (type: string), value (type: string)
                    outputColumnNames: key, value
                    Statistics: Num rows: 500 Data size: 89000 Basic stats: COMPLETE Column stats: COMPLETE
                    Group By Operator
                      aggregations: count(value)
                      keys: key (type: string)
                      minReductionHashAggr: 0.4
                      mode: hash
                      outputColumnNames: _col0, _col1
                      Statistics: Num rows: 316 Data size: 30020 Basic stats: COMPLETE Column stats: COMPLETE
                      Reduce Output Operator
                        key expressions: _col0 (type: string)
                        null sort order: z
                        sort order: +
                        Map-reduce partition columns: _col0 (type: string)
                        Statistics: Num rows: 316 Data size: 30020 Basic stats: COMPLETE Column stats: COMPLETE
                        value expressions: _col1 (type: bigint)
            Execution mode: vectorized, llap
            LLAP IO: all inputs
        Map 5 
            Map Operator Tree:
                TableScan
                  alias: src2
                  Statistics: Num rows: 25 Data size: 4375 Basic stats: COMPLETE Column stats: COMPLETE
                  Select Operator
                    expressions: key (type: string), value (type: string)
                    outputColumnNames: key, value
                    Statistics: Num rows: 25 Data size: 4375 Basic stats: COMPLETE Column stats: COMPLETE
                    Group By Operator
                      keys: key (type: string), value (type: string)
                      minReductionHashAggr: 0.4
                      mode: hash
                      outputColumnNames: _col0, _col1
                      Statistics: Num rows: 19 Data size: 3325 Basic stats: COMPLETE Column stats: COMPLETE
                      Reduce Output Operator
                        key expressions: _col0 (type: string), _col1 (type: string)
                        null sort order: zz
                        sort order: ++
                        Map-reduce partition columns: _col0 (type: string)
                        Statistics: Num rows: 19 Data size: 3325 Basic stats: COMPLETE Column stats: COMPLETE
            Execution mode: vectorized, llap
            LLAP IO: all inputs
        Reducer 2 
            Execution mode: vectorized, llap
            Reduce Operator Tree:
              Group By Operator
                aggregations: count(VALUE._col0)
                keys: KEY._col0 (type: string)
                mode: mergepartial
                outputColumnNames: _col0, _col1
                Statistics: Num rows: 316 Data size: 30020 Basic stats: COMPLETE Column stats: COMPLETE
                Reduce Output Operator
                  key expressions: _col0 (type: string)
                  null sort order: z
                  sort order: +
                  Map-reduce partition columns: _col0 (type: string)
                  Statistics: Num rows: 316 Data size: 30020 Basic stats: COMPLETE Column stats: COMPLETE
                  value expressions: _col1 (type: bigint)
        Reducer 3 
            Execution mode: llap
            Reduce Operator Tree:
              Merge Join Operator
                condition map:
                     Full Outer Join 0 to 1
                keys:
                  0 _col0 (type: string)
                  1 _col0 (type: string)
                outputColumnNames: _col0, _col1, _col2, _col3
                Statistics: Num rows: 348 Data size: 3213 Basic stats: COMPLETE Column stats: COMPLETE
                Select Operator
                  expressions: hash(_col0,_col1,_col2,_col3) (type: int)
                  outputColumnNames: _col0
                  Statistics: Num rows: 348 Data size: 3213 Basic stats: COMPLETE Column stats: COMPLETE
                  Group By Operator
                    aggregations: sum(_col0)
                    minReductionHashAggr: 0.99
                    mode: hash
                    outputColumnNames: _col0
                    Statistics: Num rows: 1 Data size: 8 Basic stats: COMPLETE Column stats: COMPLETE
                    Reduce Output Operator
                      null sort order: 
                      sort order: 
                      Statistics: Num rows: 1 Data size: 8 Basic stats: COMPLETE Column stats: COMPLETE
                      value expressions: _col0 (type: bigint)
        Reducer 4 
            Execution mode: vectorized, llap
            Reduce Operator Tree:
              Group By Operator
                aggregations: sum(VALUE._col0)
                mode: mergepartial
                outputColumnNames: _col0
                Statistics: Num rows: 1 Data size: 8 Basic stats: COMPLETE Column stats: COMPLETE
                File Output Operator
                  compressed: false
                  Statistics: Num rows: 1 Data size: 8 Basic stats: COMPLETE Column stats: COMPLETE
                  table:
                      input format: org.apache.hadoop.mapred.SequenceFileInputFormat
                      output format: org.apache.hadoop.hive.ql.io.HiveSequenceFileOutputFormat
                      serde: org.apache.hadoop.hive.serde2.lazy.LazySimpleSerDe
        Reducer 6 
            Execution mode: vectorized, llap
            Reduce Operator Tree:
              Group By Operator
                keys: KEY._col0 (type: string), KEY._col1 (type: string)
                mode: mergepartial
                outputColumnNames: _col0, _col1
                Statistics: Num rows: 19 Data size: 3325 Basic stats: COMPLETE Column stats: COMPLETE
                Group By Operator
                  aggregations: count(_col1)
                  keys: _col0 (type: string)
                  mode: complete
                  outputColumnNames: _col0, _col1
                  Statistics: Num rows: 16 Data size: 1504 Basic stats: COMPLETE Column stats: COMPLETE
                  Reduce Output Operator
                    key expressions: _col0 (type: string)
                    null sort order: z
                    sort order: +
                    Map-reduce partition columns: _col0 (type: string)
                    Statistics: Num rows: 16 Data size: 1504 Basic stats: COMPLETE Column stats: COMPLETE
                    value expressions: _col1 (type: bigint)

  Stage: Stage-0
    Fetch Operator
      limit: -1
      Processor Tree:
        ListSink

PREHOOK: query: SELECT sum(hash(a.key, a.value, b.key, b.value))
 FROM 
  (
  SELECT src1.key as key, count(src1.value) AS value FROM src src1 group by src1.key
  ) a
 FULL OUTER JOIN 
 (
  SELECT src2.key as key, count(distinct(src2.value)) AS value 
  FROM src1 src2 group by src2.key
 ) b 
 ON (a.key = b.key)
PREHOOK: type: QUERY
PREHOOK: Input: default@src
PREHOOK: Input: default@src1
#### A masked pattern was here ####
POSTHOOK: query: SELECT sum(hash(a.key, a.value, b.key, b.value))
 FROM 
  (
  SELECT src1.key as key, count(src1.value) AS value FROM src src1 group by src1.key
  ) a
 FULL OUTER JOIN 
 (
  SELECT src2.key as key, count(distinct(src2.value)) AS value 
  FROM src1 src2 group by src2.key
 ) b 
 ON (a.key = b.key)
POSTHOOK: type: QUERY
POSTHOOK: Input: default@src
POSTHOOK: Input: default@src1
#### A masked pattern was here ####
379685492277
