PREHOOK: query: explain 
SELECT * FROM
  (SELECT * FROM src WHERE key+1 < 10) a
    JOIN 
  (SELECT * FROM src WHERE key+2 < 10) b
    ON a.key+1=b.key+2
PREHOOK: type: QUERY
PREHOOK: Input: default@src
#### A masked pattern was here ####
POSTHOOK: query: explain 
SELECT * FROM
  (SELECT * FROM src WHERE key+1 < 10) a
    JOIN 
  (SELECT * FROM src WHERE key+2 < 10) b
    ON a.key+1=b.key+2
POSTHOOK: type: QUERY
POSTHOOK: Input: default@src
#### A masked pattern was here ####
STAGE DEPENDENCIES:
  Stage-1 is a root stage
  Stage-0 depends on stages: Stage-1

STAGE PLANS:
  Stage: Stage-1
    Tez
#### A masked pattern was here ####
      Edges:
        Map 1 <- Map 2 (BROADCAST_EDGE)
#### A masked pattern was here ####
      Vertices:
        Map 1 
            Map Operator Tree:
                TableScan
                  alias: src
                  filterExpr: (((UDFToDouble(key) + 1.0D) < 10.0D) and UDFToDouble(key) is not null) (type: boolean)
                  Statistics: Num rows: 500 Data size: 89000 Basic stats: COMPLETE Column stats: COMPLETE
                  Filter Operator
                    predicate: (((UDFToDouble(key) + 1.0D) < 10.0D) and UDFToDouble(key) is not null) (type: boolean)
                    Statistics: Num rows: 166 Data size: 29548 Basic stats: COMPLETE Column stats: COMPLETE
                    Select Operator
                      expressions: key (type: string), value (type: string)
                      outputColumnNames: _col0, _col1
                      Statistics: Num rows: 166 Data size: 29548 Basic stats: COMPLETE Column stats: COMPLETE
                      Map Join Operator
                        condition map:
                             Inner Join 0 to 1
                        keys:
                          0 (UDFToDouble(_col0) + 1.0D) (type: double)
                          1 (UDFToDouble(_col0) + 2.0D) (type: double)
                        outputColumnNames: _col0, _col1, _col2, _col3
                        input vertices:
                          1 Map 2
                        Statistics: Num rows: 166 Data size: 59096 Basic stats: COMPLETE Column stats: COMPLETE
                        File Output Operator
                          compressed: false
                          Statistics: Num rows: 166 Data size: 59096 Basic stats: COMPLETE Column stats: COMPLETE
                          table:
                              input format: org.apache.hadoop.mapred.SequenceFileInputFormat
                              output format: org.apache.hadoop.hive.ql.io.HiveSequenceFileOutputFormat
                              serde: org.apache.hadoop.hive.serde2.lazy.LazySimpleSerDe
            Execution mode: vectorized, llap
            LLAP IO: no inputs
        Map 2 
            Map Operator Tree:
                TableScan
                  alias: src
                  filterExpr: (((UDFToDouble(key) + 2.0D) < 10.0D) and UDFToDouble(key) is not null) (type: boolean)
                  Statistics: Num rows: 500 Data size: 89000 Basic stats: COMPLETE Column stats: COMPLETE
                  Filter Operator
                    predicate: (((UDFToDouble(key) + 2.0D) < 10.0D) and UDFToDouble(key) is not null) (type: boolean)
                    Statistics: Num rows: 166 Data size: 29548 Basic stats: COMPLETE Column stats: COMPLETE
                    Select Operator
                      expressions: key (type: string), value (type: string)
                      outputColumnNames: _col0, _col1
                      Statistics: Num rows: 166 Data size: 29548 Basic stats: COMPLETE Column stats: COMPLETE
                      Reduce Output Operator
                        key expressions: (UDFToDouble(_col0) + 2.0D) (type: double)
                        null sort order: z
                        sort order: +
                        Map-reduce partition columns: (UDFToDouble(_col0) + 2.0D) (type: double)
                        Statistics: Num rows: 166 Data size: 29548 Basic stats: COMPLETE Column stats: COMPLETE
                        value expressions: _col0 (type: string), _col1 (type: string)
            Execution mode: vectorized, llap
            LLAP IO: no inputs

  Stage: Stage-0
    Fetch Operator
      limit: -1
      Processor Tree:
        ListSink

PREHOOK: query: SELECT * FROM
  (SELECT * FROM src WHERE key+1 < 10) a
    JOIN
  (SELECT * FROM src WHERE key+2 < 10) b
    ON a.key+1=b.key+2
PREHOOK: type: QUERY
PREHOOK: Input: default@src
#### A masked pattern was here ####
POSTHOOK: query: SELECT * FROM
  (SELECT * FROM src WHERE key+1 < 10) a
    JOIN
  (SELECT * FROM src WHERE key+2 < 10) b
    ON a.key+1=b.key+2
POSTHOOK: type: QUERY
POSTHOOK: Input: default@src
#### A masked pattern was here ####
5	val_5	4	val_4
5	val_5	4	val_4
5	val_5	4	val_4
