PREHOOK: query: -- INCLUDE_HADOOP_MAJOR_VERSIONS(0.20, 0.20S)

CREATE TABLE dest1(c1 INT, c2 STRING) STORED AS TEXTFILE
PREHOOK: type: CREATETABLE
PREHOOK: Output: database:default
POSTHOOK: query: -- INCLUDE_HADOOP_MAJOR_VERSIONS(0.20, 0.20S)

CREATE TABLE dest1(c1 INT, c2 STRING) STORED AS TEXTFILE
POSTHOOK: type: CREATETABLE
POSTHOOK: Output: database:default
POSTHOOK: Output: default@dest1
PREHOOK: query: explain
FROM src JOIN srcpart ON src.key = srcpart.key AND srcpart.ds = '2008-04-08' and src.key > 100
INSERT OVERWRITE TABLE dest1 SELECT src.key, srcpart.value
PREHOOK: type: QUERY
POSTHOOK: query: explain
FROM src JOIN srcpart ON src.key = srcpart.key AND srcpart.ds = '2008-04-08' and src.key > 100
INSERT OVERWRITE TABLE dest1 SELECT src.key, srcpart.value
POSTHOOK: type: QUERY
STAGE DEPENDENCIES:
  Stage-5 is a root stage
  Stage-4 depends on stages: Stage-5
  Stage-0 depends on stages: Stage-4
  Stage-2 depends on stages: Stage-0

STAGE PLANS:
  Stage: Stage-5
    Map Reduce Local Work
      Alias -> Map Local Tables:
        src 
          Fetch Operator
            limit: -1
      Alias -> Map Local Operator Tree:
        src 
          TableScan
            alias: src
            Statistics: Num rows: 58 Data size: 5812 Basic stats: COMPLETE Column stats: NONE
            Filter Operator
              predicate: ((key > 100) and key is not null) (type: boolean)
              Statistics: Num rows: 10 Data size: 1002 Basic stats: COMPLETE Column stats: NONE
              HashTable Sink Operator
                condition expressions:
                  0 
                  1 {value}
                keys:
                  0 key (type: string)
                  1 key (type: string)

  Stage: Stage-4
    Map Reduce
      Map Operator Tree:
          TableScan
            alias: srcpart
            Statistics: Num rows: 58 Data size: 11624 Basic stats: COMPLETE Column stats: NONE
            Filter Operator
              predicate: ((key > 100) and key is not null) (type: boolean)
              Statistics: Num rows: 10 Data size: 2004 Basic stats: COMPLETE Column stats: NONE
              Map Join Operator
                condition map:
                     Inner Join 0 to 1
                condition expressions:
                  0 {key}
                  1 {value}
                keys:
                  0 key (type: string)
                  1 key (type: string)
                outputColumnNames: _col0, _col5
                Statistics: Num rows: 11 Data size: 1102 Basic stats: COMPLETE Column stats: NONE
                Select Operator
                  expressions: UDFToInteger(_col0) (type: int), _col5 (type: string)
                  outputColumnNames: _col0, _col1
                  Statistics: Num rows: 11 Data size: 1102 Basic stats: COMPLETE Column stats: NONE
                  File Output Operator
                    compressed: false
                    Statistics: Num rows: 11 Data size: 1102 Basic stats: COMPLETE Column stats: NONE
                    table:
                        input format: org.apache.hadoop.mapred.TextInputFormat
                        output format: org.apache.hadoop.hive.ql.io.HiveIgnoreKeyTextOutputFormat
                        serde: org.apache.hadoop.hive.serde2.lazy.LazySimpleSerDe
                        name: default.dest1
      Local Work:
        Map Reduce Local Work

  Stage: Stage-0
    Move Operator
      tables:
          replace: true
          table:
              input format: org.apache.hadoop.mapred.TextInputFormat
              output format: org.apache.hadoop.hive.ql.io.HiveIgnoreKeyTextOutputFormat
              serde: org.apache.hadoop.hive.serde2.lazy.LazySimpleSerDe
              name: default.dest1

  Stage: Stage-2
    Stats-Aggr Operator

PREHOOK: query: FROM src JOIN srcpart ON src.key = srcpart.key AND srcpart.ds = '2008-04-08' and src.key > 100
INSERT OVERWRITE TABLE dest1 SELECT src.key, srcpart.value
PREHOOK: type: QUERY
PREHOOK: Input: default@src
PREHOOK: Input: default@srcpart
PREHOOK: Input: default@srcpart@ds=2008-04-08/hr=11
PREHOOK: Input: default@srcpart@ds=2008-04-08/hr=12
PREHOOK: Output: default@dest1
POSTHOOK: query: FROM src JOIN srcpart ON src.key = srcpart.key AND srcpart.ds = '2008-04-08' and src.key > 100
INSERT OVERWRITE TABLE dest1 SELECT src.key, srcpart.value
POSTHOOK: type: QUERY
POSTHOOK: Input: default@src
POSTHOOK: Input: default@srcpart
POSTHOOK: Input: default@srcpart@ds=2008-04-08/hr=11
POSTHOOK: Input: default@srcpart@ds=2008-04-08/hr=12
POSTHOOK: Output: default@dest1
POSTHOOK: Lineage: dest1.c1 EXPRESSION [(src)src.FieldSchema(name:key, type:string, comment:default), ]
POSTHOOK: Lineage: dest1.c2 SIMPLE [(srcpart)srcpart.FieldSchema(name:value, type:string, comment:default), ]
PREHOOK: query: SELECT sum(hash(dest1.c1,dest1.c2)) FROM dest1
PREHOOK: type: QUERY
PREHOOK: Input: default@dest1
#### A masked pattern was here ####
POSTHOOK: query: SELECT sum(hash(dest1.c1,dest1.c2)) FROM dest1
POSTHOOK: type: QUERY
POSTHOOK: Input: default@dest1
#### A masked pattern was here ####
404554174174
