PREHOOK: query: CREATE TABLE dest1_n140(key INT, value STRING) STORED AS TEXTFILE
PREHOOK: type: CREATETABLE
PREHOOK: Output: database:default
PREHOOK: Output: default@dest1_n140
POSTHOOK: query: CREATE TABLE dest1_n140(key INT, value STRING) STORED AS TEXTFILE
POSTHOOK: type: CREATETABLE
POSTHOOK: Output: database:default
POSTHOOK: Output: default@dest1_n140
PREHOOK: query: explain
FROM src src1 JOIN src src2 ON (src1.key = src2.key) JOIN src src3 ON (src1.key = src3.key)
INSERT OVERWRITE TABLE dest1_n140 SELECT src1.key, src3.value
PREHOOK: type: QUERY
PREHOOK: Input: default@src
PREHOOK: Output: default@dest1_n140
POSTHOOK: query: explain
FROM src src1 JOIN src src2 ON (src1.key = src2.key) JOIN src src3 ON (src1.key = src3.key)
INSERT OVERWRITE TABLE dest1_n140 SELECT src1.key, src3.value
POSTHOOK: type: QUERY
POSTHOOK: Input: default@src
POSTHOOK: Output: default@dest1_n140
STAGE DEPENDENCIES:
  Stage-1 is a root stage
  Stage-2 depends on stages: Stage-1
  Stage-0 depends on stages: Stage-2
  Stage-3 depends on stages: Stage-0

STAGE PLANS:
  Stage: Stage-1
    Tez
#### A masked pattern was here ####
      Edges:
        Map 1 <- Map 3 (BROADCAST_EDGE), Reducer 4 (BROADCAST_EDGE)
        Reducer 2 <- Map 1 (CUSTOM_SIMPLE_EDGE)
        Reducer 4 <- Map 3 (SIMPLE_EDGE)
#### A masked pattern was here ####
      Vertices:
        Map 1 
            Map Operator Tree:
                TableScan
                  alias: src1
                  filterExpr: key is not null (type: boolean)
                  probeDecodeDetails: cacheKey:HASH_MAP_MAPJOIN_56_container, bigKeyColName:key, smallTablePos:1, keyRatio:0.632
                  Statistics: Num rows: 500 Data size: 43500 Basic stats: COMPLETE Column stats: COMPLETE
                  Filter Operator
                    predicate: key is not null (type: boolean)
                    Statistics: Num rows: 500 Data size: 43500 Basic stats: COMPLETE Column stats: COMPLETE
                    Select Operator
                      expressions: key (type: string)
                      outputColumnNames: _col0
                      Statistics: Num rows: 500 Data size: 43500 Basic stats: COMPLETE Column stats: COMPLETE
                      Map Join Operator
                        condition map:
                             Inner Join 0 to 1
                        keys:
                          0 _col0 (type: string)
                          1 _col0 (type: string)
                        outputColumnNames: _col0
                        input vertices:
                          1 Reducer 4
                        Statistics: Num rows: 791 Data size: 68817 Basic stats: COMPLETE Column stats: COMPLETE
                        Map Join Operator
                          condition map:
                               Inner Join 0 to 1
                          keys:
                            0 _col0 (type: string)
                            1 _col0 (type: string)
                          outputColumnNames: _col0, _col3
                          input vertices:
                            1 Map 3
                          Statistics: Num rows: 1251 Data size: 222678 Basic stats: COMPLETE Column stats: COMPLETE
                          Select Operator
                            expressions: UDFToInteger(_col0) (type: int), _col3 (type: string)
                            outputColumnNames: _col0, _col1
                            Statistics: Num rows: 1251 Data size: 118845 Basic stats: COMPLETE Column stats: COMPLETE
                            File Output Operator
                              compressed: false
                              Statistics: Num rows: 1251 Data size: 118845 Basic stats: COMPLETE Column stats: COMPLETE
                              table:
                                  input format: org.apache.hadoop.mapred.TextInputFormat
                                  output format: org.apache.hadoop.hive.ql.io.HiveIgnoreKeyTextOutputFormat
                                  serde: org.apache.hadoop.hive.serde2.lazy.LazySimpleSerDe
                                  name: default.dest1_n140
                            Select Operator
                              expressions: _col0 (type: int), _col1 (type: string)
                              outputColumnNames: key, value
                              Statistics: Num rows: 1251 Data size: 118845 Basic stats: COMPLETE Column stats: COMPLETE
                              Group By Operator
                                aggregations: min(key), max(key), count(1), count(key), compute_bit_vector_hll(key), max(length(value)), avg(COALESCE(length(value),0)), count(value), compute_bit_vector_hll(value)
                                minReductionHashAggr: 0.99
                                mode: hash
                                outputColumnNames: _col0, _col1, _col2, _col3, _col4, _col5, _col6, _col7, _col8
                                Statistics: Num rows: 1 Data size: 400 Basic stats: COMPLETE Column stats: COMPLETE
                                Reduce Output Operator
                                  null sort order: 
                                  sort order: 
                                  Statistics: Num rows: 1 Data size: 400 Basic stats: COMPLETE Column stats: COMPLETE
                                  value expressions: _col0 (type: int), _col1 (type: int), _col2 (type: bigint), _col3 (type: bigint), _col4 (type: binary), _col5 (type: int), _col6 (type: struct<count:bigint,sum:double,input:int>), _col7 (type: bigint), _col8 (type: binary)
            Execution mode: vectorized, llap
            LLAP IO: all inputs
        Map 3 
            Map Operator Tree:
                TableScan
                  alias: src3
                  filterExpr: key is not null (type: boolean)
                  Statistics: Num rows: 500 Data size: 89000 Basic stats: COMPLETE Column stats: COMPLETE
                  Filter Operator
                    predicate: key is not null (type: boolean)
                    Statistics: Num rows: 500 Data size: 89000 Basic stats: COMPLETE Column stats: COMPLETE
                    Select Operator
                      expressions: key (type: string), value (type: string)
                      outputColumnNames: _col0, _col1
                      Statistics: Num rows: 500 Data size: 89000 Basic stats: COMPLETE Column stats: COMPLETE
                      Reduce Output Operator
                        key expressions: _col0 (type: string)
                        null sort order: z
                        sort order: +
                        Map-reduce partition columns: _col0 (type: string)
                        Statistics: Num rows: 500 Data size: 89000 Basic stats: COMPLETE Column stats: COMPLETE
                        value expressions: _col1 (type: string)
                    Select Operator
                      expressions: key (type: string)
                      outputColumnNames: _col0
                      Statistics: Num rows: 500 Data size: 43500 Basic stats: COMPLETE Column stats: COMPLETE
                      Reduce Output Operator
                        key expressions: _col0 (type: string)
                        null sort order: z
                        sort order: +
                        Map-reduce partition columns: _col0 (type: string)
                        Statistics: Num rows: 500 Data size: 43500 Basic stats: COMPLETE Column stats: COMPLETE
            Execution mode: vectorized, llap
            LLAP IO: all inputs
        Reducer 2 
            Execution mode: vectorized, llap
            Reduce Operator Tree:
              Group By Operator
                aggregations: min(VALUE._col0), max(VALUE._col1), count(VALUE._col2), count(VALUE._col3), compute_bit_vector_hll(VALUE._col4), max(VALUE._col5), avg(VALUE._col6), count(VALUE._col7), compute_bit_vector_hll(VALUE._col8)
                mode: mergepartial
                outputColumnNames: _col0, _col1, _col2, _col3, _col4, _col5, _col6, _col7, _col8
                Statistics: Num rows: 1 Data size: 332 Basic stats: COMPLETE Column stats: COMPLETE
                Select Operator
                  expressions: 'LONG' (type: string), UDFToLong(_col0) (type: bigint), UDFToLong(_col1) (type: bigint), (_col2 - _col3) (type: bigint), COALESCE(ndv_compute_bit_vector(_col4),0) (type: bigint), _col4 (type: binary), 'STRING' (type: string), UDFToLong(COALESCE(_col5,0)) (type: bigint), COALESCE(_col6,0) (type: double), (_col2 - _col7) (type: bigint), COALESCE(ndv_compute_bit_vector(_col8),0) (type: bigint), _col8 (type: binary)
                  outputColumnNames: _col0, _col1, _col2, _col3, _col4, _col5, _col6, _col7, _col8, _col9, _col10, _col11
                  Statistics: Num rows: 1 Data size: 530 Basic stats: COMPLETE Column stats: COMPLETE
                  File Output Operator
                    compressed: false
                    Statistics: Num rows: 1 Data size: 530 Basic stats: COMPLETE Column stats: COMPLETE
                    table:
                        input format: org.apache.hadoop.mapred.SequenceFileInputFormat
                        output format: org.apache.hadoop.hive.ql.io.HiveSequenceFileOutputFormat
                        serde: org.apache.hadoop.hive.serde2.lazy.LazySimpleSerDe
        Reducer 4 
            Execution mode: vectorized, llap
            Reduce Operator Tree:
              Select Operator
                expressions: KEY.reducesinkkey0 (type: string)
                outputColumnNames: _col0
                Reduce Output Operator
                  key expressions: _col0 (type: string)
                  null sort order: z
                  sort order: +
                  Map-reduce partition columns: _col0 (type: string)
                  Statistics: Num rows: 500 Data size: 43500 Basic stats: COMPLETE Column stats: COMPLETE

  Stage: Stage-2
    Dependency Collection

  Stage: Stage-0
    Move Operator
      tables:
          replace: true
          table:
              input format: org.apache.hadoop.mapred.TextInputFormat
              output format: org.apache.hadoop.hive.ql.io.HiveIgnoreKeyTextOutputFormat
              serde: org.apache.hadoop.hive.serde2.lazy.LazySimpleSerDe
              name: default.dest1_n140

  Stage: Stage-3
    Stats Work
      Basic Stats Work:
      Column Stats Desc:
          Columns: key, value
          Column Types: int, string
          Table: default.dest1_n140

PREHOOK: query: FROM src src1 JOIN src src2 ON (src1.key = src2.key) JOIN src src3 ON (src1.key = src3.key)
INSERT OVERWRITE TABLE dest1_n140 SELECT src1.key, src3.value
PREHOOK: type: QUERY
PREHOOK: Input: default@src
PREHOOK: Output: default@dest1_n140
POSTHOOK: query: FROM src src1 JOIN src src2 ON (src1.key = src2.key) JOIN src src3 ON (src1.key = src3.key)
INSERT OVERWRITE TABLE dest1_n140 SELECT src1.key, src3.value
POSTHOOK: type: QUERY
POSTHOOK: Input: default@src
POSTHOOK: Output: default@dest1_n140
POSTHOOK: Lineage: dest1_n140.key EXPRESSION [(src)src1.FieldSchema(name:key, type:string, comment:default), ]
POSTHOOK: Lineage: dest1_n140.value SIMPLE [(src)src3.FieldSchema(name:value, type:string, comment:default), ]
PREHOOK: query: SELECT sum(hash(dest1_n140.key,dest1_n140.value)) FROM dest1_n140
PREHOOK: type: QUERY
PREHOOK: Input: default@dest1_n140
#### A masked pattern was here ####
POSTHOOK: query: SELECT sum(hash(dest1_n140.key,dest1_n140.value)) FROM dest1_n140
POSTHOOK: type: QUERY
POSTHOOK: Input: default@dest1_n140
#### A masked pattern was here ####
344360994461
