Warning: Map Join MAPJOIN[22][bigTable=?] in task 'Reducer 2' is a cross product
PREHOOK: query: explain 
select sum(hash(a.k1,a.v1,a.k2, a.v2))
from (
SELECT src1.key as k1, src1.value as v1, 
       src2.key as k2, src2.value as v2 FROM 
  (SELECT * FROM src WHERE src.key < 10 order by src.key, src.value) src1
    JOIN 
  (SELECT * FROM src WHERE src.key < 10 order by src.key, src.value) src2
  SORT BY k1, v1, k2, v2
) a
PREHOOK: type: QUERY
POSTHOOK: query: explain 
select sum(hash(a.k1,a.v1,a.k2, a.v2))
from (
SELECT src1.key as k1, src1.value as v1, 
       src2.key as k2, src2.value as v2 FROM 
  (SELECT * FROM src WHERE src.key < 10 order by src.key, src.value) src1
    JOIN 
  (SELECT * FROM src WHERE src.key < 10 order by src.key, src.value) src2
  SORT BY k1, v1, k2, v2
) a
POSTHOOK: type: QUERY
STAGE DEPENDENCIES:
  Stage-1 is a root stage
  Stage-0 depends on stages: Stage-1

STAGE PLANS:
  Stage: Stage-1
    Tez
#### A masked pattern was here ####
      Edges:
        Reducer 2 <- Map 1 (SIMPLE_EDGE), Reducer 4 (BROADCAST_EDGE)
        Reducer 3 <- Reducer 2 (CUSTOM_SIMPLE_EDGE)
        Reducer 4 <- Map 1 (SIMPLE_EDGE)
#### A masked pattern was here ####
      Vertices:
        Map 1 
            Map Operator Tree:
                TableScan
                  alias: src
                  Statistics: Num rows: 500 Data size: 89000 Basic stats: COMPLETE Column stats: COMPLETE
                  Filter Operator
                    predicate: (key < 10) (type: boolean)
                    Statistics: Num rows: 166 Data size: 29548 Basic stats: COMPLETE Column stats: COMPLETE
                    Select Operator
                      expressions: key (type: string), value (type: string)
                      outputColumnNames: _col0, _col1
                      Statistics: Num rows: 166 Data size: 29548 Basic stats: COMPLETE Column stats: COMPLETE
                      Reduce Output Operator
                        key expressions: _col0 (type: string), _col1 (type: string)
                        sort order: ++
                        Statistics: Num rows: 166 Data size: 29548 Basic stats: COMPLETE Column stats: COMPLETE
                      Reduce Output Operator
                        key expressions: _col0 (type: string), _col1 (type: string)
                        sort order: ++
                        Statistics: Num rows: 166 Data size: 29548 Basic stats: COMPLETE Column stats: COMPLETE
            Execution mode: llap
            LLAP IO: no inputs
        Reducer 2 
            Execution mode: llap
            Reduce Operator Tree:
              Select Operator
                expressions: KEY.reducesinkkey0 (type: string), KEY.reducesinkkey1 (type: string)
                outputColumnNames: _col0, _col1
                Statistics: Num rows: 166 Data size: 29548 Basic stats: COMPLETE Column stats: COMPLETE
                Map Join Operator
                  condition map:
                       Inner Join 0 to 1
                  keys:
                    0 
                    1 
                  outputColumnNames: _col0, _col1, _col2, _col3
                  input vertices:
                    1 Reducer 4
                  Statistics: Num rows: 27556 Data size: 9809936 Basic stats: COMPLETE Column stats: COMPLETE
                  Group By Operator
                    aggregations: sum(hash(_col0,_col1,_col2,_col3))
                    mode: hash
                    outputColumnNames: _col0
                    Statistics: Num rows: 1 Data size: 8 Basic stats: COMPLETE Column stats: COMPLETE
                    Reduce Output Operator
                      sort order: 
                      Statistics: Num rows: 1 Data size: 8 Basic stats: COMPLETE Column stats: COMPLETE
                      value expressions: _col0 (type: bigint)
        Reducer 3 
            Execution mode: llap
            Reduce Operator Tree:
              Group By Operator
                aggregations: sum(VALUE._col0)
                mode: mergepartial
                outputColumnNames: _col0
                Statistics: Num rows: 1 Data size: 8 Basic stats: COMPLETE Column stats: COMPLETE
                File Output Operator
                  compressed: false
                  Statistics: Num rows: 1 Data size: 8 Basic stats: COMPLETE Column stats: COMPLETE
                  table:
                      input format: org.apache.hadoop.mapred.SequenceFileInputFormat
                      output format: org.apache.hadoop.hive.ql.io.HiveSequenceFileOutputFormat
                      serde: org.apache.hadoop.hive.serde2.lazy.LazySimpleSerDe
        Reducer 4 
            Execution mode: llap
            Reduce Operator Tree:
              Select Operator
                expressions: KEY.reducesinkkey0 (type: string), KEY.reducesinkkey1 (type: string)
                outputColumnNames: _col0, _col1
                Statistics: Num rows: 166 Data size: 29548 Basic stats: COMPLETE Column stats: COMPLETE
                Reduce Output Operator
                  sort order: 
                  Statistics: Num rows: 166 Data size: 29548 Basic stats: COMPLETE Column stats: COMPLETE
                  value expressions: _col0 (type: string), _col1 (type: string)

  Stage: Stage-0
    Fetch Operator
      limit: -1
      Processor Tree:
        ListSink

Warning: Map Join MAPJOIN[22][bigTable=?] in task 'Reducer 2' is a cross product
PREHOOK: query: select sum(hash(a.k1,a.v1,a.k2, a.v2))
from (
SELECT src1.key as k1, src1.value as v1, 
       src2.key as k2, src2.value as v2 FROM 
  (SELECT * FROM src WHERE src.key < 10 order by src.key, src.value) src1
    JOIN 
  (SELECT * FROM src WHERE src.key < 10 order by src.key, src.value) src2
  SORT BY k1, v1, k2, v2
) a
PREHOOK: type: QUERY
PREHOOK: Input: default@src
#### A masked pattern was here ####
POSTHOOK: query: select sum(hash(a.k1,a.v1,a.k2, a.v2))
from (
SELECT src1.key as k1, src1.value as v1, 
       src2.key as k2, src2.value as v2 FROM 
  (SELECT * FROM src WHERE src.key < 10 order by src.key, src.value) src1
    JOIN 
  (SELECT * FROM src WHERE src.key < 10 order by src.key, src.value) src2
  SORT BY k1, v1, k2, v2
) a
POSTHOOK: type: QUERY
POSTHOOK: Input: default@src
#### A masked pattern was here ####
34441656720
