PREHOOK: query: explain
select sum(hash(a.k1,a.v1,a.k2,a.v2,a.k3,a.v3))
from (
SELECT src1.key as k1, src1.value as v1, src2.key as k2, src2.value as v2 , src3.key as k3, src3.value as v3 
FROM src src1 JOIN src src2 ON (src1.key = src2.key AND src1.key < 10) RIGHT OUTER JOIN src src3 ON (src1.key = src3.key AND src3.key < 20)
SORT BY k1,v1,k2,v2,k3,v3
)a
PREHOOK: type: QUERY
PREHOOK: Input: default@src
#### A masked pattern was here ####
POSTHOOK: query: explain
select sum(hash(a.k1,a.v1,a.k2,a.v2,a.k3,a.v3))
from (
SELECT src1.key as k1, src1.value as v1, src2.key as k2, src2.value as v2 , src3.key as k3, src3.value as v3 
FROM src src1 JOIN src src2 ON (src1.key = src2.key AND src1.key < 10) RIGHT OUTER JOIN src src3 ON (src1.key = src3.key AND src3.key < 20)
SORT BY k1,v1,k2,v2,k3,v3
)a
POSTHOOK: type: QUERY
POSTHOOK: Input: default@src
#### A masked pattern was here ####
STAGE DEPENDENCIES:
  Stage-1 is a root stage
  Stage-0 depends on stages: Stage-1

STAGE PLANS:
  Stage: Stage-1
    Tez
#### A masked pattern was here ####
      Edges:
        Map 1 <- Map 2 (BROADCAST_EDGE)
        Map 3 <- Map 1 (BROADCAST_EDGE)
        Reducer 4 <- Map 3 (CUSTOM_SIMPLE_EDGE)
#### A masked pattern was here ####
      Vertices:
        Map 1 
            Map Operator Tree:
                TableScan
                  alias: src1
                  filterExpr: (UDFToDouble(key) < 10.0D) (type: boolean)
                  Statistics: Num rows: 500 Data size: 89000 Basic stats: COMPLETE Column stats: COMPLETE
                  Filter Operator
                    predicate: (UDFToDouble(key) < 10.0D) (type: boolean)
                    Statistics: Num rows: 166 Data size: 29548 Basic stats: COMPLETE Column stats: COMPLETE
                    Select Operator
                      expressions: key (type: string), value (type: string)
                      outputColumnNames: _col0, _col1
                      Statistics: Num rows: 166 Data size: 29548 Basic stats: COMPLETE Column stats: COMPLETE
                      Map Join Operator
                        condition map:
                             Inner Join 0 to 1
                        keys:
                          0 _col0 (type: string)
                          1 _col0 (type: string)
                        outputColumnNames: _col0, _col1, _col2, _col3
                        input vertices:
                          1 Map 2
                        Statistics: Num rows: 166 Data size: 59096 Basic stats: COMPLETE Column stats: COMPLETE
                        Reduce Output Operator
                          key expressions: _col0 (type: string)
                          null sort order: z
                          sort order: +
                          Map-reduce partition columns: _col0 (type: string)
                          Statistics: Num rows: 166 Data size: 59096 Basic stats: COMPLETE Column stats: COMPLETE
                          value expressions: _col1 (type: string), _col2 (type: string), _col3 (type: string)
            Execution mode: vectorized, llap
            LLAP IO: no inputs
        Map 2 
            Map Operator Tree:
                TableScan
                  alias: src2
                  filterExpr: (UDFToDouble(key) < 10.0D) (type: boolean)
                  Statistics: Num rows: 500 Data size: 89000 Basic stats: COMPLETE Column stats: COMPLETE
                  Filter Operator
                    predicate: (UDFToDouble(key) < 10.0D) (type: boolean)
                    Statistics: Num rows: 166 Data size: 29548 Basic stats: COMPLETE Column stats: COMPLETE
                    Select Operator
                      expressions: key (type: string), value (type: string)
                      outputColumnNames: _col0, _col1
                      Statistics: Num rows: 166 Data size: 29548 Basic stats: COMPLETE Column stats: COMPLETE
                      Reduce Output Operator
                        key expressions: _col0 (type: string)
                        null sort order: z
                        sort order: +
                        Map-reduce partition columns: _col0 (type: string)
                        Statistics: Num rows: 166 Data size: 29548 Basic stats: COMPLETE Column stats: COMPLETE
                        value expressions: _col1 (type: string)
            Execution mode: vectorized, llap
            LLAP IO: no inputs
        Map 3 
            Map Operator Tree:
                TableScan
                  alias: src3
                  Statistics: Num rows: 500 Data size: 89000 Basic stats: COMPLETE Column stats: COMPLETE
                  Select Operator
                    expressions: key (type: string), value (type: string), (UDFToDouble(key) < 20.0D) (type: boolean)
                    outputColumnNames: _col0, _col1, _col2
                    Statistics: Num rows: 500 Data size: 91000 Basic stats: COMPLETE Column stats: COMPLETE
                    Map Join Operator
                      condition map:
                           Right Outer Join 0 to 1
                      filter predicates:
                        0 
                        1 {_col2}
                      keys:
                        0 _col0 (type: string)
                        1 _col0 (type: string)
                      outputColumnNames: _col0, _col1, _col2, _col3, _col4, _col5
                      input vertices:
                        0 Map 1
                      Statistics: Num rows: 762 Data size: 229264 Basic stats: COMPLETE Column stats: COMPLETE
                      Select Operator
                        expressions: hash(_col0,_col1,_col2,_col3,_col4,_col5) (type: int)
                        outputColumnNames: _col0
                        Statistics: Num rows: 762 Data size: 229264 Basic stats: COMPLETE Column stats: COMPLETE
                        Group By Operator
                          aggregations: sum(_col0)
                          minReductionHashAggr: 0.99
                          mode: hash
                          outputColumnNames: _col0
                          Statistics: Num rows: 1 Data size: 8 Basic stats: COMPLETE Column stats: COMPLETE
                          Reduce Output Operator
                            null sort order: 
                            sort order: 
                            Statistics: Num rows: 1 Data size: 8 Basic stats: COMPLETE Column stats: COMPLETE
                            value expressions: _col0 (type: bigint)
            Execution mode: vectorized, llap
            LLAP IO: no inputs
        Reducer 4 
            Execution mode: vectorized, llap
            Reduce Operator Tree:
              Group By Operator
                aggregations: sum(VALUE._col0)
                mode: mergepartial
                outputColumnNames: _col0
                Statistics: Num rows: 1 Data size: 8 Basic stats: COMPLETE Column stats: COMPLETE
                File Output Operator
                  compressed: false
                  Statistics: Num rows: 1 Data size: 8 Basic stats: COMPLETE Column stats: COMPLETE
                  table:
                      input format: org.apache.hadoop.mapred.SequenceFileInputFormat
                      output format: org.apache.hadoop.hive.ql.io.HiveSequenceFileOutputFormat
                      serde: org.apache.hadoop.hive.serde2.lazy.LazySimpleSerDe

  Stage: Stage-0
    Fetch Operator
      limit: -1
      Processor Tree:
        ListSink

PREHOOK: query: select sum(hash(a.k1,a.v1,a.k2,a.v2,a.k3,a.v3))
from (
SELECT src1.key as k1, src1.value as v1, src2.key as k2, src2.value as v2 , src3.key as k3, src3.value as v3 
FROM src src1 JOIN src src2 ON (src1.key = src2.key AND src1.key < 10) RIGHT OUTER JOIN src src3 ON (src1.key = src3.key AND src3.key < 20)
SORT BY k1,v1,k2,v2,k3,v3
)a
PREHOOK: type: QUERY
PREHOOK: Input: default@src
#### A masked pattern was here ####
POSTHOOK: query: select sum(hash(a.k1,a.v1,a.k2,a.v2,a.k3,a.v3))
from (
SELECT src1.key as k1, src1.value as v1, src2.key as k2, src2.value as v2 , src3.key as k3, src3.value as v3 
FROM src src1 JOIN src src2 ON (src1.key = src2.key AND src1.key < 10) RIGHT OUTER JOIN src src3 ON (src1.key = src3.key AND src3.key < 20)
SORT BY k1,v1,k2,v2,k3,v3
)a
POSTHOOK: type: QUERY
POSTHOOK: Input: default@src
#### A masked pattern was here ####
56157587016
PREHOOK: query: explain
select sum(hash(a.k1,a.v1,a.k2,a.v2,a.k3,a.v3))
from (
SELECT src1.key as k1, src1.value as v1, src2.key as k2, src2.value as v2 , src3.key as k3, src3.value as v3  
FROM src src1 JOIN src src2 ON (src1.key = src2.key AND src1.key < 10 AND src2.key < 15) RIGHT OUTER JOIN src src3 ON (src1.key = src3.key AND src3.key < 20)
SORT BY k1,v1,k2,v2,k3,v3
)a
PREHOOK: type: QUERY
PREHOOK: Input: default@src
#### A masked pattern was here ####
POSTHOOK: query: explain
select sum(hash(a.k1,a.v1,a.k2,a.v2,a.k3,a.v3))
from (
SELECT src1.key as k1, src1.value as v1, src2.key as k2, src2.value as v2 , src3.key as k3, src3.value as v3  
FROM src src1 JOIN src src2 ON (src1.key = src2.key AND src1.key < 10 AND src2.key < 15) RIGHT OUTER JOIN src src3 ON (src1.key = src3.key AND src3.key < 20)
SORT BY k1,v1,k2,v2,k3,v3
)a
POSTHOOK: type: QUERY
POSTHOOK: Input: default@src
#### A masked pattern was here ####
STAGE DEPENDENCIES:
  Stage-1 is a root stage
  Stage-0 depends on stages: Stage-1

STAGE PLANS:
  Stage: Stage-1
    Tez
#### A masked pattern was here ####
      Edges:
        Map 1 <- Map 2 (BROADCAST_EDGE)
        Map 3 <- Map 1 (BROADCAST_EDGE)
        Reducer 4 <- Map 3 (CUSTOM_SIMPLE_EDGE)
#### A masked pattern was here ####
      Vertices:
        Map 1 
            Map Operator Tree:
                TableScan
                  alias: src1
                  filterExpr: (UDFToDouble(key) < 10.0D) (type: boolean)
                  Statistics: Num rows: 500 Data size: 89000 Basic stats: COMPLETE Column stats: COMPLETE
                  Filter Operator
                    predicate: (UDFToDouble(key) < 10.0D) (type: boolean)
                    Statistics: Num rows: 166 Data size: 29548 Basic stats: COMPLETE Column stats: COMPLETE
                    Select Operator
                      expressions: key (type: string), value (type: string)
                      outputColumnNames: _col0, _col1
                      Statistics: Num rows: 166 Data size: 29548 Basic stats: COMPLETE Column stats: COMPLETE
                      Map Join Operator
                        condition map:
                             Inner Join 0 to 1
                        keys:
                          0 _col0 (type: string)
                          1 _col0 (type: string)
                        outputColumnNames: _col0, _col1, _col2, _col3
                        input vertices:
                          1 Map 2
                        Statistics: Num rows: 166 Data size: 59096 Basic stats: COMPLETE Column stats: COMPLETE
                        Reduce Output Operator
                          key expressions: _col0 (type: string)
                          null sort order: z
                          sort order: +
                          Map-reduce partition columns: _col0 (type: string)
                          Statistics: Num rows: 166 Data size: 59096 Basic stats: COMPLETE Column stats: COMPLETE
                          value expressions: _col1 (type: string), _col2 (type: string), _col3 (type: string)
            Execution mode: vectorized, llap
            LLAP IO: no inputs
        Map 2 
            Map Operator Tree:
                TableScan
                  alias: src2
                  filterExpr: (UDFToDouble(key) < 10.0D) (type: boolean)
                  Statistics: Num rows: 500 Data size: 89000 Basic stats: COMPLETE Column stats: COMPLETE
                  Filter Operator
                    predicate: (UDFToDouble(key) < 10.0D) (type: boolean)
                    Statistics: Num rows: 166 Data size: 29548 Basic stats: COMPLETE Column stats: COMPLETE
                    Select Operator
                      expressions: key (type: string), value (type: string)
                      outputColumnNames: _col0, _col1
                      Statistics: Num rows: 166 Data size: 29548 Basic stats: COMPLETE Column stats: COMPLETE
                      Reduce Output Operator
                        key expressions: _col0 (type: string)
                        null sort order: z
                        sort order: +
                        Map-reduce partition columns: _col0 (type: string)
                        Statistics: Num rows: 166 Data size: 29548 Basic stats: COMPLETE Column stats: COMPLETE
                        value expressions: _col1 (type: string)
            Execution mode: vectorized, llap
            LLAP IO: no inputs
        Map 3 
            Map Operator Tree:
                TableScan
                  alias: src3
                  Statistics: Num rows: 500 Data size: 89000 Basic stats: COMPLETE Column stats: COMPLETE
                  Select Operator
                    expressions: key (type: string), value (type: string), (UDFToDouble(key) < 20.0D) (type: boolean)
                    outputColumnNames: _col0, _col1, _col2
                    Statistics: Num rows: 500 Data size: 91000 Basic stats: COMPLETE Column stats: COMPLETE
                    Map Join Operator
                      condition map:
                           Right Outer Join 0 to 1
                      filter predicates:
                        0 
                        1 {_col2}
                      keys:
                        0 _col0 (type: string)
                        1 _col0 (type: string)
                      outputColumnNames: _col0, _col1, _col2, _col3, _col4, _col5
                      input vertices:
                        0 Map 1
                      Statistics: Num rows: 762 Data size: 229264 Basic stats: COMPLETE Column stats: COMPLETE
                      Select Operator
                        expressions: hash(_col0,_col1,_col2,_col3,_col4,_col5) (type: int)
                        outputColumnNames: _col0
                        Statistics: Num rows: 762 Data size: 229264 Basic stats: COMPLETE Column stats: COMPLETE
                        Group By Operator
                          aggregations: sum(_col0)
                          minReductionHashAggr: 0.99
                          mode: hash
                          outputColumnNames: _col0
                          Statistics: Num rows: 1 Data size: 8 Basic stats: COMPLETE Column stats: COMPLETE
                          Reduce Output Operator
                            null sort order: 
                            sort order: 
                            Statistics: Num rows: 1 Data size: 8 Basic stats: COMPLETE Column stats: COMPLETE
                            value expressions: _col0 (type: bigint)
            Execution mode: vectorized, llap
            LLAP IO: no inputs
        Reducer 4 
            Execution mode: vectorized, llap
            Reduce Operator Tree:
              Group By Operator
                aggregations: sum(VALUE._col0)
                mode: mergepartial
                outputColumnNames: _col0
                Statistics: Num rows: 1 Data size: 8 Basic stats: COMPLETE Column stats: COMPLETE
                File Output Operator
                  compressed: false
                  Statistics: Num rows: 1 Data size: 8 Basic stats: COMPLETE Column stats: COMPLETE
                  table:
                      input format: org.apache.hadoop.mapred.SequenceFileInputFormat
                      output format: org.apache.hadoop.hive.ql.io.HiveSequenceFileOutputFormat
                      serde: org.apache.hadoop.hive.serde2.lazy.LazySimpleSerDe

  Stage: Stage-0
    Fetch Operator
      limit: -1
      Processor Tree:
        ListSink

PREHOOK: query: select sum(hash(a.k1,a.v1,a.k2,a.v2,a.k3,a.v3))
from (
SELECT src1.key as k1, src1.value as v1, src2.key as k2, src2.value as v2 , src3.key as k3, src3.value as v3  
FROM src src1 JOIN src src2 ON (src1.key = src2.key AND src1.key < 10 AND src2.key < 15) RIGHT OUTER JOIN src src3 ON (src1.key = src3.key AND src3.key < 20)
SORT BY k1,v1,k2,v2,k3,v3
)a
PREHOOK: type: QUERY
PREHOOK: Input: default@src
#### A masked pattern was here ####
POSTHOOK: query: select sum(hash(a.k1,a.v1,a.k2,a.v2,a.k3,a.v3))
from (
SELECT src1.key as k1, src1.value as v1, src2.key as k2, src2.value as v2 , src3.key as k3, src3.value as v3  
FROM src src1 JOIN src src2 ON (src1.key = src2.key AND src1.key < 10 AND src2.key < 15) RIGHT OUTER JOIN src src3 ON (src1.key = src3.key AND src3.key < 20)
SORT BY k1,v1,k2,v2,k3,v3
)a
POSTHOOK: type: QUERY
POSTHOOK: Input: default@src
#### A masked pattern was here ####
56157587016
