PREHOOK: query: create table smalltable(key string, value string) stored as textfile
PREHOOK: type: CREATETABLE
PREHOOK: Output: database:default
PREHOOK: Output: default@smalltable
POSTHOOK: query: create table smalltable(key string, value string) stored as textfile
POSTHOOK: type: CREATETABLE
POSTHOOK: Output: database:default
POSTHOOK: Output: default@smalltable
PREHOOK: query: load data local inpath '../../data/files/T1.txt' into table smalltable
PREHOOK: type: LOAD
#### A masked pattern was here ####
PREHOOK: Output: default@smalltable
POSTHOOK: query: load data local inpath '../../data/files/T1.txt' into table smalltable
POSTHOOK: type: LOAD
#### A masked pattern was here ####
POSTHOOK: Output: default@smalltable
Warning: Map Join MAPJOIN[33][bigTable=?] in task 'Map 1' is a cross product
PREHOOK: query: explain select src1.key, src2.key, smalltable.key from src src1 JOIN src src2 ON (src1.key = src2.key) JOIN smalltable ON (src1.key + src2.key = smalltable.key)
PREHOOK: type: QUERY
PREHOOK: Input: default@smalltable
PREHOOK: Input: default@src
#### A masked pattern was here ####
POSTHOOK: query: explain select src1.key, src2.key, smalltable.key from src src1 JOIN src src2 ON (src1.key = src2.key) JOIN smalltable ON (src1.key + src2.key = smalltable.key)
POSTHOOK: type: QUERY
POSTHOOK: Input: default@smalltable
POSTHOOK: Input: default@src
#### A masked pattern was here ####
STAGE DEPENDENCIES:
  Stage-1 is a root stage
  Stage-0 depends on stages: Stage-1

STAGE PLANS:
  Stage: Stage-1
    Tez
#### A masked pattern was here ####
      Edges:
        Map 1 <- Map 2 (BROADCAST_EDGE), Map 3 (BROADCAST_EDGE)
#### A masked pattern was here ####
      Vertices:
        Map 1 
            Map Operator Tree:
                TableScan
                  alias: src2
                  filterExpr: (key is not null and UDFToDouble(key) is not null) (type: boolean)
                  Statistics: Num rows: 500 Data size: 43500 Basic stats: COMPLETE Column stats: COMPLETE
                  Filter Operator
                    predicate: (key is not null and UDFToDouble(key) is not null) (type: boolean)
                    Statistics: Num rows: 500 Data size: 43500 Basic stats: COMPLETE Column stats: COMPLETE
                    Select Operator
                      expressions: key (type: string), UDFToDouble(key) (type: double)
                      outputColumnNames: _col0, _col1
                      Statistics: Num rows: 500 Data size: 47500 Basic stats: COMPLETE Column stats: COMPLETE
                      Map Join Operator
                        condition map:
                             Inner Join 0 to 1
                        keys:
                          0 
                          1 
                        outputColumnNames: _col0, _col1, _col2, _col3
                        input vertices:
                          1 Map 2
                        Statistics: Num rows: 500 Data size: 140000 Basic stats: COMPLETE Column stats: NONE
                        Map Join Operator
                          condition map:
                               Inner Join 0 to 1
                          keys:
                            0 _col0 (type: string)
                            1 _col0 (type: string)
                          outputColumnNames: _col0, _col1, _col2, _col3, _col4, _col5
                          input vertices:
                            1 Map 3
                          residual filter predicates: {((_col5 + _col1) = _col3)}
                          Statistics: Num rows: 275 Data size: 77000 Basic stats: COMPLETE Column stats: NONE
                          Select Operator
                            expressions: _col4 (type: string), _col0 (type: string), _col2 (type: string)
                            outputColumnNames: _col0, _col1, _col2
                            Statistics: Num rows: 275 Data size: 77000 Basic stats: COMPLETE Column stats: NONE
                            File Output Operator
                              compressed: false
                              Statistics: Num rows: 275 Data size: 77000 Basic stats: COMPLETE Column stats: NONE
                              table:
                                  input format: org.apache.hadoop.mapred.SequenceFileInputFormat
                                  output format: org.apache.hadoop.hive.ql.io.HiveSequenceFileOutputFormat
                                  serde: org.apache.hadoop.hive.serde2.lazy.LazySimpleSerDe
            Execution mode: llap
            LLAP IO: no inputs
        Map 2 
            Map Operator Tree:
                TableScan
                  alias: smalltable
                  filterExpr: UDFToDouble(key) is not null (type: boolean)
                  Statistics: Num rows: 1 Data size: 184 Basic stats: COMPLETE Column stats: NONE
                  Filter Operator
                    predicate: UDFToDouble(key) is not null (type: boolean)
                    Statistics: Num rows: 1 Data size: 184 Basic stats: COMPLETE Column stats: NONE
                    Select Operator
                      expressions: key (type: string), UDFToDouble(key) (type: double)
                      outputColumnNames: _col0, _col1
                      Statistics: Num rows: 1 Data size: 184 Basic stats: COMPLETE Column stats: NONE
                      Reduce Output Operator
                        null sort order: 
                        sort order: 
                        Statistics: Num rows: 1 Data size: 184 Basic stats: COMPLETE Column stats: NONE
                        value expressions: _col0 (type: string), _col1 (type: double)
            Execution mode: vectorized, llap
            LLAP IO: no inputs
        Map 3 
            Map Operator Tree:
                TableScan
                  alias: src1
                  filterExpr: (key is not null and UDFToDouble(key) is not null) (type: boolean)
                  Statistics: Num rows: 500 Data size: 43500 Basic stats: COMPLETE Column stats: COMPLETE
                  Filter Operator
                    predicate: (key is not null and UDFToDouble(key) is not null) (type: boolean)
                    Statistics: Num rows: 500 Data size: 43500 Basic stats: COMPLETE Column stats: COMPLETE
                    Select Operator
                      expressions: key (type: string), UDFToDouble(key) (type: double)
                      outputColumnNames: _col0, _col1
                      Statistics: Num rows: 500 Data size: 47500 Basic stats: COMPLETE Column stats: COMPLETE
                      Reduce Output Operator
                        key expressions: _col0 (type: string)
                        null sort order: z
                        sort order: +
                        Map-reduce partition columns: _col0 (type: string)
                        Statistics: Num rows: 500 Data size: 47500 Basic stats: COMPLETE Column stats: COMPLETE
                        value expressions: _col1 (type: double)
            Execution mode: vectorized, llap
            LLAP IO: no inputs

  Stage: Stage-0
    Fetch Operator
      limit: -1
      Processor Tree:
        ListSink

Warning: Map Join MAPJOIN[33][bigTable=?] in task 'Map 1' is a cross product
PREHOOK: query: select src1.key, src2.key, smalltable.key from src src1 JOIN src src2 ON (src1.key = src2.key) JOIN smalltable ON (src1.key + src2.key = smalltable.key)
PREHOOK: type: QUERY
PREHOOK: Input: default@smalltable
PREHOOK: Input: default@src
#### A masked pattern was here ####
POSTHOOK: query: select src1.key, src2.key, smalltable.key from src src1 JOIN src src2 ON (src1.key = src2.key) JOIN smalltable ON (src1.key + src2.key = smalltable.key)
POSTHOOK: type: QUERY
POSTHOOK: Input: default@smalltable
POSTHOOK: Input: default@src
#### A masked pattern was here ####
4	4	8
4	4	8
PREHOOK: query: create table smalltable2(key string, value string) stored as textfile
PREHOOK: type: CREATETABLE
PREHOOK: Output: database:default
PREHOOK: Output: default@smalltable2
POSTHOOK: query: create table smalltable2(key string, value string) stored as textfile
POSTHOOK: type: CREATETABLE
POSTHOOK: Output: database:default
POSTHOOK: Output: default@smalltable2
PREHOOK: query: load data local inpath '../../data/files/T1.txt' into table smalltable2
PREHOOK: type: LOAD
#### A masked pattern was here ####
PREHOOK: Output: default@smalltable2
POSTHOOK: query: load data local inpath '../../data/files/T1.txt' into table smalltable2
POSTHOOK: type: LOAD
#### A masked pattern was here ####
POSTHOOK: Output: default@smalltable2
PREHOOK: query: analyze table smalltable compute statistics
PREHOOK: type: QUERY
PREHOOK: Input: default@smalltable
PREHOOK: Output: default@smalltable
POSTHOOK: query: analyze table smalltable compute statistics
POSTHOOK: type: QUERY
POSTHOOK: Input: default@smalltable
POSTHOOK: Output: default@smalltable
PREHOOK: query: explain select src1.key, src2.key, smalltable.key from src src1 JOIN src src2 ON (src1.key = src2.key) JOIN smalltable ON (src1.key + src2.key = smalltable.key) JOIN smalltable2 ON (src1.key + src2.key = smalltable2.key)
PREHOOK: type: QUERY
PREHOOK: Input: default@smalltable
PREHOOK: Input: default@smalltable2
PREHOOK: Input: default@src
#### A masked pattern was here ####
POSTHOOK: query: explain select src1.key, src2.key, smalltable.key from src src1 JOIN src src2 ON (src1.key = src2.key) JOIN smalltable ON (src1.key + src2.key = smalltable.key) JOIN smalltable2 ON (src1.key + src2.key = smalltable2.key)
POSTHOOK: type: QUERY
POSTHOOK: Input: default@smalltable
POSTHOOK: Input: default@smalltable2
POSTHOOK: Input: default@src
#### A masked pattern was here ####
STAGE DEPENDENCIES:
  Stage-1 is a root stage
  Stage-0 depends on stages: Stage-1

STAGE PLANS:
  Stage: Stage-1
    Tez
#### A masked pattern was here ####
      Edges:
        Map 1 <- Map 2 (BROADCAST_EDGE), Map 3 (BROADCAST_EDGE), Map 4 (BROADCAST_EDGE)
#### A masked pattern was here ####
      Vertices:
        Map 1 
            Map Operator Tree:
                TableScan
                  alias: src1
                  filterExpr: (key is not null and UDFToDouble(key) is not null) (type: boolean)
                  Statistics: Num rows: 500 Data size: 43500 Basic stats: COMPLETE Column stats: COMPLETE
                  Filter Operator
                    predicate: (key is not null and UDFToDouble(key) is not null) (type: boolean)
                    Statistics: Num rows: 500 Data size: 43500 Basic stats: COMPLETE Column stats: COMPLETE
                    Select Operator
                      expressions: key (type: string), UDFToDouble(key) (type: double)
                      outputColumnNames: _col0, _col1
                      Statistics: Num rows: 500 Data size: 47500 Basic stats: COMPLETE Column stats: COMPLETE
                      Map Join Operator
                        condition map:
                             Inner Join 0 to 1
                        keys:
                          0 _col0 (type: string)
                          1 _col0 (type: string)
                        outputColumnNames: _col0, _col1, _col2, _col3
                        input vertices:
                          1 Map 2
                        Statistics: Num rows: 791 Data size: 150290 Basic stats: COMPLETE Column stats: COMPLETE
                        Map Join Operator
                          condition map:
                               Inner Join 0 to 1
                          keys:
                            0 (_col1 + _col3) (type: double)
                            1 _col0 (type: double)
                          outputColumnNames: _col0, _col1, _col2, _col3
                          input vertices:
                            1 Map 3
                          Statistics: Num rows: 870 Data size: 165319 Basic stats: COMPLETE Column stats: NONE
                          Map Join Operator
                            condition map:
                                 Inner Join 0 to 1
                            keys:
                              0 (_col1 + _col3) (type: double)
                              1 _col1 (type: double)
                            outputColumnNames: _col0, _col2, _col5
                            input vertices:
                              1 Map 4
                            Statistics: Num rows: 957 Data size: 181850 Basic stats: COMPLETE Column stats: NONE
                            Select Operator
                              expressions: _col0 (type: string), _col2 (type: string), _col5 (type: string)
                              outputColumnNames: _col0, _col1, _col2
                              Statistics: Num rows: 957 Data size: 181850 Basic stats: COMPLETE Column stats: NONE
                              File Output Operator
                                compressed: false
                                Statistics: Num rows: 957 Data size: 181850 Basic stats: COMPLETE Column stats: NONE
                                table:
                                    input format: org.apache.hadoop.mapred.SequenceFileInputFormat
                                    output format: org.apache.hadoop.hive.ql.io.HiveSequenceFileOutputFormat
                                    serde: org.apache.hadoop.hive.serde2.lazy.LazySimpleSerDe
            Execution mode: vectorized, llap
            LLAP IO: no inputs
        Map 2 
            Map Operator Tree:
                TableScan
                  alias: src2
                  filterExpr: (key is not null and UDFToDouble(key) is not null) (type: boolean)
                  Statistics: Num rows: 500 Data size: 43500 Basic stats: COMPLETE Column stats: COMPLETE
                  Filter Operator
                    predicate: (key is not null and UDFToDouble(key) is not null) (type: boolean)
                    Statistics: Num rows: 500 Data size: 43500 Basic stats: COMPLETE Column stats: COMPLETE
                    Select Operator
                      expressions: key (type: string), UDFToDouble(key) (type: double)
                      outputColumnNames: _col0, _col1
                      Statistics: Num rows: 500 Data size: 47500 Basic stats: COMPLETE Column stats: COMPLETE
                      Reduce Output Operator
                        key expressions: _col0 (type: string)
                        null sort order: z
                        sort order: +
                        Map-reduce partition columns: _col0 (type: string)
                        Statistics: Num rows: 500 Data size: 47500 Basic stats: COMPLETE Column stats: COMPLETE
                        value expressions: _col1 (type: double)
            Execution mode: vectorized, llap
            LLAP IO: no inputs
        Map 3 
            Map Operator Tree:
                TableScan
                  alias: smalltable2
                  filterExpr: UDFToDouble(key) is not null (type: boolean)
                  Statistics: Num rows: 1 Data size: 184 Basic stats: COMPLETE Column stats: NONE
                  Filter Operator
                    predicate: UDFToDouble(key) is not null (type: boolean)
                    Statistics: Num rows: 1 Data size: 184 Basic stats: COMPLETE Column stats: NONE
                    Select Operator
                      expressions: UDFToDouble(key) (type: double)
                      outputColumnNames: _col0
                      Statistics: Num rows: 1 Data size: 184 Basic stats: COMPLETE Column stats: NONE
                      Reduce Output Operator
                        key expressions: _col0 (type: double)
                        null sort order: z
                        sort order: +
                        Map-reduce partition columns: _col0 (type: double)
                        Statistics: Num rows: 1 Data size: 184 Basic stats: COMPLETE Column stats: NONE
            Execution mode: vectorized, llap
            LLAP IO: no inputs
        Map 4 
            Map Operator Tree:
                TableScan
                  alias: smalltable
                  filterExpr: UDFToDouble(key) is not null (type: boolean)
                  Statistics: Num rows: 6 Data size: 1104 Basic stats: COMPLETE Column stats: NONE
                  Filter Operator
                    predicate: UDFToDouble(key) is not null (type: boolean)
                    Statistics: Num rows: 6 Data size: 1104 Basic stats: COMPLETE Column stats: NONE
                    Select Operator
                      expressions: key (type: string), UDFToDouble(key) (type: double)
                      outputColumnNames: _col0, _col1
                      Statistics: Num rows: 6 Data size: 1104 Basic stats: COMPLETE Column stats: NONE
                      Reduce Output Operator
                        key expressions: _col1 (type: double)
                        null sort order: z
                        sort order: +
                        Map-reduce partition columns: _col1 (type: double)
                        Statistics: Num rows: 6 Data size: 1104 Basic stats: COMPLETE Column stats: NONE
                        value expressions: _col0 (type: string)
            Execution mode: vectorized, llap
            LLAP IO: no inputs

  Stage: Stage-0
    Fetch Operator
      limit: -1
      Processor Tree:
        ListSink

PREHOOK: query: select src1.key, src2.key, smalltable.key from src src1 JOIN src src2 ON (src1.key = src2.key) JOIN smalltable ON (src1.key + src2.key = smalltable.key) JOIN smalltable2 ON (src1.key + src2.key = smalltable2.key)
PREHOOK: type: QUERY
PREHOOK: Input: default@smalltable
PREHOOK: Input: default@smalltable2
PREHOOK: Input: default@src
#### A masked pattern was here ####
POSTHOOK: query: select src1.key, src2.key, smalltable.key from src src1 JOIN src src2 ON (src1.key = src2.key) JOIN smalltable ON (src1.key + src2.key = smalltable.key) JOIN smalltable2 ON (src1.key + src2.key = smalltable2.key)
POSTHOOK: type: QUERY
POSTHOOK: Input: default@smalltable
POSTHOOK: Input: default@smalltable2
POSTHOOK: Input: default@src
#### A masked pattern was here ####
4	4	8
4	4	8
4	4	8
4	4	8
