PREHOOK: query: CREATE TABLE tbl1_n5(key int, value string) CLUSTERED BY (key) SORTED BY (key) INTO 2 BUCKETS
PREHOOK: type: CREATETABLE
PREHOOK: Output: database:default
PREHOOK: Output: default@tbl1_n5
POSTHOOK: query: CREATE TABLE tbl1_n5(key int, value string) CLUSTERED BY (key) SORTED BY (key) INTO 2 BUCKETS
POSTHOOK: type: CREATETABLE
POSTHOOK: Output: database:default
POSTHOOK: Output: default@tbl1_n5
PREHOOK: query: insert into tbl1_n5(key, value)
values
(0, 'val_0'),
(2, 'val_2'),
(9, 'val_9')
PREHOOK: type: QUERY
PREHOOK: Input: _dummy_database@_dummy_table
PREHOOK: Output: default@tbl1_n5
POSTHOOK: query: insert into tbl1_n5(key, value)
values
(0, 'val_0'),
(2, 'val_2'),
(9, 'val_9')
POSTHOOK: type: QUERY
POSTHOOK: Input: _dummy_database@_dummy_table
POSTHOOK: Output: default@tbl1_n5
POSTHOOK: Lineage: tbl1_n5.key SCRIPT []
POSTHOOK: Lineage: tbl1_n5.value SCRIPT []
PREHOOK: query: explain
SELECT t1.key from
(SELECT  key , row_number() over(partition by key order by value desc) as rk from tbl1_n5) t1
join
( SELECT key,count(distinct value) as cp_count from tbl1_n5 group by key) t2
on t1.key = t2.key where rk = 1
PREHOOK: type: QUERY
PREHOOK: Input: default@tbl1_n5
#### A masked pattern was here ####
POSTHOOK: query: explain
SELECT t1.key from
(SELECT  key , row_number() over(partition by key order by value desc) as rk from tbl1_n5) t1
join
( SELECT key,count(distinct value) as cp_count from tbl1_n5 group by key) t2
on t1.key = t2.key where rk = 1
POSTHOOK: type: QUERY
POSTHOOK: Input: default@tbl1_n5
#### A masked pattern was here ####
STAGE DEPENDENCIES:
  Stage-1 is a root stage
  Stage-0 depends on stages: Stage-1

STAGE PLANS:
  Stage: Stage-1
    Tez
#### A masked pattern was here ####
      Edges:
        Reducer 2 <- Map 1 (SIMPLE_EDGE)
        Reducer 3 <- Reducer 2 (SIMPLE_EDGE), Reducer 4 (SIMPLE_EDGE)
        Reducer 4 <- Map 1 (SIMPLE_EDGE)
#### A masked pattern was here ####
      Vertices:
        Map 1 
            Map Operator Tree:
                TableScan
                  alias: tbl1_n5
                  filterExpr: key is not null (type: boolean)
                  Statistics: Num rows: 3 Data size: 279 Basic stats: COMPLETE Column stats: COMPLETE
                  Filter Operator
                    predicate: key is not null (type: boolean)
                    Statistics: Num rows: 3 Data size: 279 Basic stats: COMPLETE Column stats: COMPLETE
                    Reduce Output Operator
                      key expressions: key (type: int), value (type: string)
                      null sort order: aa
                      sort order: +-
                      Map-reduce partition columns: key (type: int)
                      Statistics: Num rows: 3 Data size: 279 Basic stats: COMPLETE Column stats: COMPLETE
                    Group By Operator
                      keys: key (type: int), value (type: string)
                      minReductionHashAggr: 0.4
                      mode: hash
                      outputColumnNames: _col0, _col1
                      Statistics: Num rows: 3 Data size: 279 Basic stats: COMPLETE Column stats: COMPLETE
                      Reduce Output Operator
                        key expressions: _col0 (type: int), _col1 (type: string)
                        null sort order: zz
                        sort order: ++
                        Map-reduce partition columns: _col0 (type: int), _col1 (type: string)
                        Statistics: Num rows: 3 Data size: 279 Basic stats: COMPLETE Column stats: COMPLETE
            Execution mode: vectorized, llap
            LLAP IO: all inputs
        Reducer 2 
            Execution mode: vectorized, llap
            Reduce Operator Tree:
              Select Operator
                expressions: KEY.reducesinkkey0 (type: int), KEY.reducesinkkey1 (type: string)
                outputColumnNames: _col0, _col1
                Statistics: Num rows: 3 Data size: 279 Basic stats: COMPLETE Column stats: COMPLETE
                PTF Operator
                  Function definitions:
                      Input definition
                        input alias: ptf_0
                        output shape: _col0: int, _col1: string
                        type: WINDOWING
                      Windowing table definition
                        input alias: ptf_1
                        name: windowingtablefunction
                        order by: _col1 DESC NULLS FIRST
                        partition by: _col0
                        raw input shape:
                        window functions:
                            window function definition
                              alias: row_number_window_0
                              name: row_number
                              window function: GenericUDAFRowNumberEvaluator
                              window frame: ROWS PRECEDING(MAX)~FOLLOWING(MAX)
                              isPivotResult: true
                  Statistics: Num rows: 3 Data size: 279 Basic stats: COMPLETE Column stats: COMPLETE
                  Filter Operator
                    predicate: (row_number_window_0 = 1) (type: boolean)
                    Statistics: Num rows: 1 Data size: 93 Basic stats: COMPLETE Column stats: COMPLETE
                    Select Operator
                      expressions: _col0 (type: int)
                      outputColumnNames: _col0
                      Statistics: Num rows: 1 Data size: 4 Basic stats: COMPLETE Column stats: COMPLETE
                      Reduce Output Operator
                        key expressions: _col0 (type: int)
                        null sort order: z
                        sort order: +
                        Map-reduce partition columns: _col0 (type: int)
                        Statistics: Num rows: 1 Data size: 4 Basic stats: COMPLETE Column stats: COMPLETE
        Reducer 3 
            Execution mode: llap
            Reduce Operator Tree:
              Merge Join Operator
                condition map:
                     Left Semi Join 0 to 1
                keys:
                  0 _col0 (type: int)
                  1 _col0 (type: int)
                outputColumnNames: _col0
                Statistics: Num rows: 1 Data size: 4 Basic stats: COMPLETE Column stats: COMPLETE
                File Output Operator
                  compressed: false
                  Statistics: Num rows: 1 Data size: 4 Basic stats: COMPLETE Column stats: COMPLETE
                  table:
                      input format: org.apache.hadoop.mapred.SequenceFileInputFormat
                      output format: org.apache.hadoop.hive.ql.io.HiveSequenceFileOutputFormat
                      serde: org.apache.hadoop.hive.serde2.lazy.LazySimpleSerDe
        Reducer 4 
            Execution mode: vectorized, llap
            Reduce Operator Tree:
              Group By Operator
                keys: KEY._col0 (type: int), KEY._col1 (type: string)
                mode: mergepartial
                outputColumnNames: _col0, _col1
                Statistics: Num rows: 3 Data size: 279 Basic stats: COMPLETE Column stats: COMPLETE
                Select Operator
                  expressions: _col0 (type: int)
                  outputColumnNames: _col0
                  Statistics: Num rows: 3 Data size: 12 Basic stats: COMPLETE Column stats: COMPLETE
                  Group By Operator
                    keys: _col0 (type: int)
                    minReductionHashAggr: 0.4
                    mode: hash
                    outputColumnNames: _col0
                    Statistics: Num rows: 3 Data size: 12 Basic stats: COMPLETE Column stats: COMPLETE
                    Reduce Output Operator
                      key expressions: _col0 (type: int)
                      null sort order: z
                      sort order: +
                      Map-reduce partition columns: _col0 (type: int)
                      Statistics: Num rows: 3 Data size: 12 Basic stats: COMPLETE Column stats: COMPLETE

  Stage: Stage-0
    Fetch Operator
      limit: -1
      Processor Tree:
        ListSink

PREHOOK: query: SELECT t1.key from
(SELECT  key , row_number() over(partition by key order by value desc) as rk from tbl1_n5) t1
join
( SELECT key,count(distinct value) as cp_count from tbl1_n5 group by key) t2
on t1.key = t2.key where rk = 1
PREHOOK: type: QUERY
PREHOOK: Input: default@tbl1_n5
#### A masked pattern was here ####
POSTHOOK: query: SELECT t1.key from
(SELECT  key , row_number() over(partition by key order by value desc) as rk from tbl1_n5) t1
join
( SELECT key,count(distinct value) as cp_count from tbl1_n5 group by key) t2
on t1.key = t2.key where rk = 1
POSTHOOK: type: QUERY
POSTHOOK: Input: default@tbl1_n5
#### A masked pattern was here ####
0
2
9
