PREHOOK: query: CREATE TABLE dest1_n18(key INT, value STRING) STORED AS TEXTFILE
PREHOOK: type: CREATETABLE
PREHOOK: Output: database:default
PREHOOK: Output: default@dest1_n18
POSTHOOK: query: CREATE TABLE dest1_n18(key INT, value STRING) STORED AS TEXTFILE
POSTHOOK: type: CREATETABLE
POSTHOOK: Output: database:default
POSTHOOK: Output: default@dest1_n18
PREHOOK: query: explain
FROM srcpart src1 JOIN src src2 ON (src1.key = src2.key)
INSERT OVERWRITE TABLE dest1_n18 SELECT src1.key, src2.value 
where (src1.ds = '2008-04-08' or src1.ds = '2008-04-09' )and (src1.hr = '12' or src1.hr = '11')
PREHOOK: type: QUERY
PREHOOK: Input: default@src
PREHOOK: Input: default@srcpart
PREHOOK: Input: default@srcpart@ds=2008-04-08/hr=11
PREHOOK: Input: default@srcpart@ds=2008-04-08/hr=12
PREHOOK: Input: default@srcpart@ds=2008-04-09/hr=11
PREHOOK: Input: default@srcpart@ds=2008-04-09/hr=12
PREHOOK: Output: default@dest1_n18
POSTHOOK: query: explain
FROM srcpart src1 JOIN src src2 ON (src1.key = src2.key)
INSERT OVERWRITE TABLE dest1_n18 SELECT src1.key, src2.value 
where (src1.ds = '2008-04-08' or src1.ds = '2008-04-09' )and (src1.hr = '12' or src1.hr = '11')
POSTHOOK: type: QUERY
POSTHOOK: Input: default@src
POSTHOOK: Input: default@srcpart
POSTHOOK: Input: default@srcpart@ds=2008-04-08/hr=11
POSTHOOK: Input: default@srcpart@ds=2008-04-08/hr=12
POSTHOOK: Input: default@srcpart@ds=2008-04-09/hr=11
POSTHOOK: Input: default@srcpart@ds=2008-04-09/hr=12
POSTHOOK: Output: default@dest1_n18
STAGE DEPENDENCIES:
  Stage-1 is a root stage
  Stage-2 depends on stages: Stage-1
  Stage-0 depends on stages: Stage-2
  Stage-3 depends on stages: Stage-0

STAGE PLANS:
  Stage: Stage-1
    Tez
#### A masked pattern was here ####
      Edges:
        Map 1 <- Map 3 (BROADCAST_EDGE)
        Reducer 2 <- Map 1 (CUSTOM_SIMPLE_EDGE)
#### A masked pattern was here ####
      Vertices:
        Map 1 
            Map Operator Tree:
                TableScan
                  alias: src1
                  filterExpr: key is not null (type: boolean)
                  Statistics: Num rows: 2000 Data size: 174000 Basic stats: COMPLETE Column stats: COMPLETE
                  Filter Operator
                    predicate: key is not null (type: boolean)
                    Statistics: Num rows: 2000 Data size: 174000 Basic stats: COMPLETE Column stats: COMPLETE
                    Select Operator
                      expressions: key (type: string)
                      outputColumnNames: _col0
                      Statistics: Num rows: 2000 Data size: 174000 Basic stats: COMPLETE Column stats: COMPLETE
                      Map Join Operator
                        condition map:
                             Inner Join 0 to 1
                        keys:
                          0 _col0 (type: string)
                          1 _col0 (type: string)
                        outputColumnNames: _col0, _col2
                        input vertices:
                          1 Map 3
                        Statistics: Num rows: 3164 Data size: 563192 Basic stats: COMPLETE Column stats: COMPLETE
                        Select Operator
                          expressions: UDFToInteger(_col0) (type: int), _col2 (type: string)
                          outputColumnNames: _col0, _col1
                          Statistics: Num rows: 3164 Data size: 300580 Basic stats: COMPLETE Column stats: COMPLETE
                          File Output Operator
                            compressed: false
                            Statistics: Num rows: 3164 Data size: 300580 Basic stats: COMPLETE Column stats: COMPLETE
                            table:
                                input format: org.apache.hadoop.mapred.TextInputFormat
                                output format: org.apache.hadoop.hive.ql.io.HiveIgnoreKeyTextOutputFormat
                                serde: org.apache.hadoop.hive.serde2.lazy.LazySimpleSerDe
                                name: default.dest1_n18
                          Select Operator
                            expressions: _col0 (type: int), _col1 (type: string)
                            outputColumnNames: key, value
                            Statistics: Num rows: 3164 Data size: 300580 Basic stats: COMPLETE Column stats: COMPLETE
                            Group By Operator
                              aggregations: compute_stats(key, 'hll'), compute_stats(value, 'hll')
                              minReductionHashAggr: 0.99
                              mode: hash
                              outputColumnNames: _col0, _col1
                              Statistics: Num rows: 1 Data size: 864 Basic stats: COMPLETE Column stats: COMPLETE
                              Reduce Output Operator
                                null sort order: 
                                sort order: 
                                Statistics: Num rows: 1 Data size: 864 Basic stats: COMPLETE Column stats: COMPLETE
                                value expressions: _col0 (type: struct<columntype:string,min:bigint,max:bigint,countnulls:bigint,bitvector:binary>), _col1 (type: struct<columntype:string,maxlength:bigint,sumlength:bigint,count:bigint,countnulls:bigint,bitvector:binary>)
            Execution mode: llap
            LLAP IO: no inputs
        Map 3 
            Map Operator Tree:
                TableScan
                  alias: src2
                  filterExpr: key is not null (type: boolean)
                  Statistics: Num rows: 500 Data size: 89000 Basic stats: COMPLETE Column stats: COMPLETE
                  Filter Operator
                    predicate: key is not null (type: boolean)
                    Statistics: Num rows: 500 Data size: 89000 Basic stats: COMPLETE Column stats: COMPLETE
                    Select Operator
                      expressions: key (type: string), value (type: string)
                      outputColumnNames: _col0, _col1
                      Statistics: Num rows: 500 Data size: 89000 Basic stats: COMPLETE Column stats: COMPLETE
                      Reduce Output Operator
                        key expressions: _col0 (type: string)
                        null sort order: z
                        sort order: +
                        Map-reduce partition columns: _col0 (type: string)
                        Statistics: Num rows: 500 Data size: 89000 Basic stats: COMPLETE Column stats: COMPLETE
                        value expressions: _col1 (type: string)
            Execution mode: vectorized, llap
            LLAP IO: no inputs
        Reducer 2 
            Execution mode: llap
            Reduce Operator Tree:
              Group By Operator
                aggregations: compute_stats(VALUE._col0), compute_stats(VALUE._col1)
                mode: mergepartial
                outputColumnNames: _col0, _col1
                Statistics: Num rows: 1 Data size: 880 Basic stats: COMPLETE Column stats: COMPLETE
                File Output Operator
                  compressed: false
                  Statistics: Num rows: 1 Data size: 880 Basic stats: COMPLETE Column stats: COMPLETE
                  table:
                      input format: org.apache.hadoop.mapred.SequenceFileInputFormat
                      output format: org.apache.hadoop.hive.ql.io.HiveSequenceFileOutputFormat
                      serde: org.apache.hadoop.hive.serde2.lazy.LazySimpleSerDe

  Stage: Stage-2
    Dependency Collection

  Stage: Stage-0
    Move Operator
      tables:
          replace: true
          table:
              input format: org.apache.hadoop.mapred.TextInputFormat
              output format: org.apache.hadoop.hive.ql.io.HiveIgnoreKeyTextOutputFormat
              serde: org.apache.hadoop.hive.serde2.lazy.LazySimpleSerDe
              name: default.dest1_n18

  Stage: Stage-3
    Stats Work
      Basic Stats Work:
      Column Stats Desc:
          Columns: key, value
          Column Types: int, string
          Table: default.dest1_n18

PREHOOK: query: FROM srcpart src1 JOIN src src2 ON (src1.key = src2.key)
INSERT OVERWRITE TABLE dest1_n18 SELECT src1.key, src2.value 
where (src1.ds = '2008-04-08' or src1.ds = '2008-04-09' )and (src1.hr = '12' or src1.hr = '11')
PREHOOK: type: QUERY
PREHOOK: Input: default@src
PREHOOK: Input: default@srcpart
PREHOOK: Input: default@srcpart@ds=2008-04-08/hr=11
PREHOOK: Input: default@srcpart@ds=2008-04-08/hr=12
PREHOOK: Input: default@srcpart@ds=2008-04-09/hr=11
PREHOOK: Input: default@srcpart@ds=2008-04-09/hr=12
PREHOOK: Output: default@dest1_n18
POSTHOOK: query: FROM srcpart src1 JOIN src src2 ON (src1.key = src2.key)
INSERT OVERWRITE TABLE dest1_n18 SELECT src1.key, src2.value 
where (src1.ds = '2008-04-08' or src1.ds = '2008-04-09' )and (src1.hr = '12' or src1.hr = '11')
POSTHOOK: type: QUERY
POSTHOOK: Input: default@src
POSTHOOK: Input: default@srcpart
POSTHOOK: Input: default@srcpart@ds=2008-04-08/hr=11
POSTHOOK: Input: default@srcpart@ds=2008-04-08/hr=12
POSTHOOK: Input: default@srcpart@ds=2008-04-09/hr=11
POSTHOOK: Input: default@srcpart@ds=2008-04-09/hr=12
POSTHOOK: Output: default@dest1_n18
POSTHOOK: Lineage: dest1_n18.key EXPRESSION [(srcpart)src1.FieldSchema(name:key, type:string, comment:default), ]
POSTHOOK: Lineage: dest1_n18.value SIMPLE [(src)src2.FieldSchema(name:value, type:string, comment:default), ]
PREHOOK: query: SELECT sum(hash(dest1_n18.key,dest1_n18.value)) FROM dest1_n18
PREHOOK: type: QUERY
PREHOOK: Input: default@dest1_n18
#### A masked pattern was here ####
POSTHOOK: query: SELECT sum(hash(dest1_n18.key,dest1_n18.value)) FROM dest1_n18
POSTHOOK: type: QUERY
POSTHOOK: Input: default@dest1_n18
#### A masked pattern was here ####
407444119660
