PREHOOK: query: explain
select a.* from src a join src b on a.key=b.key order by key, value limit 40
PREHOOK: type: QUERY
PREHOOK: Input: default@src
#### A masked pattern was here ####
POSTHOOK: query: explain
select a.* from src a join src b on a.key=b.key order by key, value limit 40
POSTHOOK: type: QUERY
POSTHOOK: Input: default@src
#### A masked pattern was here ####
STAGE DEPENDENCIES:
  Stage-1 is a root stage
  Stage-0 depends on stages: Stage-1

STAGE PLANS:
  Stage: Stage-1
    Tez
#### A masked pattern was here ####
      Edges:
        Reducer 2 <- Map 1 (SIMPLE_EDGE), Map 4 (SIMPLE_EDGE)
        Reducer 3 <- Reducer 2 (SIMPLE_EDGE)
#### A masked pattern was here ####
      Vertices:
        Map 1 
            Map Operator Tree:
                TableScan
                  alias: a
                  filterExpr: key is not null (type: boolean)
                  Statistics: Num rows: 500 Data size: 89000 Basic stats: COMPLETE Column stats: COMPLETE
                  Filter Operator
                    predicate: key is not null (type: boolean)
                    Statistics: Num rows: 500 Data size: 89000 Basic stats: COMPLETE Column stats: COMPLETE
                    Select Operator
                      expressions: key (type: string), value (type: string)
                      outputColumnNames: _col0, _col1
                      Statistics: Num rows: 500 Data size: 89000 Basic stats: COMPLETE Column stats: COMPLETE
                      Reduce Output Operator
                        key expressions: _col0 (type: string)
                        null sort order: z
                        sort order: +
                        Map-reduce partition columns: _col0 (type: string)
                        Statistics: Num rows: 500 Data size: 89000 Basic stats: COMPLETE Column stats: COMPLETE
                        value expressions: _col1 (type: string)
            Execution mode: llap
            LLAP IO: all inputs
        Map 4 
            Map Operator Tree:
                TableScan
                  alias: b
                  filterExpr: key is not null (type: boolean)
                  Statistics: Num rows: 500 Data size: 43500 Basic stats: COMPLETE Column stats: COMPLETE
                  Filter Operator
                    predicate: key is not null (type: boolean)
                    Statistics: Num rows: 500 Data size: 43500 Basic stats: COMPLETE Column stats: COMPLETE
                    Select Operator
                      expressions: key (type: string)
                      outputColumnNames: _col0
                      Statistics: Num rows: 500 Data size: 43500 Basic stats: COMPLETE Column stats: COMPLETE
                      Reduce Output Operator
                        key expressions: _col0 (type: string)
                        null sort order: z
                        sort order: +
                        Map-reduce partition columns: _col0 (type: string)
                        Statistics: Num rows: 500 Data size: 43500 Basic stats: COMPLETE Column stats: COMPLETE
            Execution mode: llap
            LLAP IO: all inputs
        Reducer 2 
            Execution mode: llap
            Reduce Operator Tree:
              Merge Join Operator
                condition map:
                     Inner Join 0 to 1
                keys:
                  0 _col0 (type: string)
                  1 _col0 (type: string)
                outputColumnNames: _col0, _col1
                Statistics: Num rows: 791 Data size: 140798 Basic stats: COMPLETE Column stats: COMPLETE
                Top N Key Operator
                  sort order: ++
                  keys: _col0 (type: string), _col1 (type: string)
                  null sort order: zz
                  Statistics: Num rows: 791 Data size: 140798 Basic stats: COMPLETE Column stats: COMPLETE
                  top n: 40
                  Reduce Output Operator
                    key expressions: _col0 (type: string), _col1 (type: string)
                    null sort order: zz
                    sort order: ++
                    Statistics: Num rows: 791 Data size: 140798 Basic stats: COMPLETE Column stats: COMPLETE
        Reducer 3 
            Execution mode: llap
            Reduce Operator Tree:
              Select Operator
                expressions: KEY.reducesinkkey0 (type: string), KEY.reducesinkkey1 (type: string)
                outputColumnNames: _col0, _col1
                Statistics: Num rows: 791 Data size: 140798 Basic stats: COMPLETE Column stats: COMPLETE
                Limit
                  Number of rows: 40
                  Statistics: Num rows: 40 Data size: 7120 Basic stats: COMPLETE Column stats: COMPLETE
                  File Output Operator
                    compressed: false
                    Statistics: Num rows: 40 Data size: 7120 Basic stats: COMPLETE Column stats: COMPLETE
                    table:
                        input format: org.apache.hadoop.mapred.SequenceFileInputFormat
                        output format: org.apache.hadoop.hive.ql.io.HiveSequenceFileOutputFormat
                        serde: org.apache.hadoop.hive.serde2.lazy.LazySimpleSerDe

  Stage: Stage-0
    Fetch Operator
      limit: 40
      Processor Tree:
        ListSink

PREHOOK: query: select a.* from src a join src b on a.key=b.key order by key, value limit 40
PREHOOK: type: QUERY
PREHOOK: Input: default@src
#### A masked pattern was here ####
POSTHOOK: query: select a.* from src a join src b on a.key=b.key order by key, value limit 40
POSTHOOK: type: QUERY
POSTHOOK: Input: default@src
#### A masked pattern was here ####
RUN: Stage-1:MAPRED
0	val_0
0	val_0
0	val_0
0	val_0
0	val_0
0	val_0
0	val_0
0	val_0
0	val_0
10	val_10
100	val_100
100	val_100
100	val_100
100	val_100
103	val_103
103	val_103
103	val_103
103	val_103
104	val_104
104	val_104
104	val_104
104	val_104
105	val_105
11	val_11
111	val_111
113	val_113
113	val_113
113	val_113
113	val_113
114	val_114
116	val_116
118	val_118
118	val_118
118	val_118
118	val_118
119	val_119
119	val_119
119	val_119
119	val_119
119	val_119
PREHOOK: query: explain
select a.* from src a join src b on a.key=b.key join src c on a.value=c.value order by a.key, a.value limit 40
PREHOOK: type: QUERY
PREHOOK: Input: default@src
#### A masked pattern was here ####
POSTHOOK: query: explain
select a.* from src a join src b on a.key=b.key join src c on a.value=c.value order by a.key, a.value limit 40
POSTHOOK: type: QUERY
POSTHOOK: Input: default@src
#### A masked pattern was here ####
STAGE DEPENDENCIES:
  Stage-1 is a root stage
  Stage-0 depends on stages: Stage-1

STAGE PLANS:
  Stage: Stage-1
    Tez
#### A masked pattern was here ####
      Edges:
        Reducer 2 <- Map 1 (SIMPLE_EDGE), Map 5 (SIMPLE_EDGE)
        Reducer 3 <- Map 1 (SIMPLE_EDGE), Reducer 2 (SIMPLE_EDGE)
        Reducer 4 <- Reducer 3 (SIMPLE_EDGE)
#### A masked pattern was here ####
      Vertices:
        Map 1 
            Map Operator Tree:
                TableScan
                  alias: a
                  filterExpr: ((key is not null and value is not null) or value is not null) (type: boolean)
                  Statistics: Num rows: 500 Data size: 89000 Basic stats: COMPLETE Column stats: COMPLETE
                  Filter Operator
                    predicate: (key is not null and value is not null) (type: boolean)
                    Statistics: Num rows: 500 Data size: 89000 Basic stats: COMPLETE Column stats: COMPLETE
                    Select Operator
                      expressions: key (type: string), value (type: string)
                      outputColumnNames: _col0, _col1
                      Statistics: Num rows: 500 Data size: 89000 Basic stats: COMPLETE Column stats: COMPLETE
                      Reduce Output Operator
                        key expressions: _col0 (type: string)
                        null sort order: z
                        sort order: +
                        Map-reduce partition columns: _col0 (type: string)
                        Statistics: Num rows: 500 Data size: 89000 Basic stats: COMPLETE Column stats: COMPLETE
                        value expressions: _col1 (type: string)
                  Filter Operator
                    predicate: value is not null (type: boolean)
                    Statistics: Num rows: 500 Data size: 45500 Basic stats: COMPLETE Column stats: COMPLETE
                    Select Operator
                      expressions: value (type: string)
                      outputColumnNames: _col0
                      Statistics: Num rows: 500 Data size: 45500 Basic stats: COMPLETE Column stats: COMPLETE
                      Reduce Output Operator
                        key expressions: _col0 (type: string)
                        null sort order: z
                        sort order: +
                        Map-reduce partition columns: _col0 (type: string)
                        Statistics: Num rows: 500 Data size: 45500 Basic stats: COMPLETE Column stats: COMPLETE
            Execution mode: llap
            LLAP IO: all inputs
        Map 5 
            Map Operator Tree:
                TableScan
                  alias: b
                  filterExpr: key is not null (type: boolean)
                  Statistics: Num rows: 500 Data size: 43500 Basic stats: COMPLETE Column stats: COMPLETE
                  Filter Operator
                    predicate: key is not null (type: boolean)
                    Statistics: Num rows: 500 Data size: 43500 Basic stats: COMPLETE Column stats: COMPLETE
                    Select Operator
                      expressions: key (type: string)
                      outputColumnNames: _col0
                      Statistics: Num rows: 500 Data size: 43500 Basic stats: COMPLETE Column stats: COMPLETE
                      Reduce Output Operator
                        key expressions: _col0 (type: string)
                        null sort order: z
                        sort order: +
                        Map-reduce partition columns: _col0 (type: string)
                        Statistics: Num rows: 500 Data size: 43500 Basic stats: COMPLETE Column stats: COMPLETE
            Execution mode: llap
            LLAP IO: all inputs
        Reducer 2 
            Execution mode: llap
            Reduce Operator Tree:
              Merge Join Operator
                condition map:
                     Inner Join 0 to 1
                keys:
                  0 _col0 (type: string)
                  1 _col0 (type: string)
                outputColumnNames: _col0, _col1
                Statistics: Num rows: 791 Data size: 140798 Basic stats: COMPLETE Column stats: COMPLETE
                Reduce Output Operator
                  key expressions: _col1 (type: string)
                  null sort order: z
                  sort order: +
                  Map-reduce partition columns: _col1 (type: string)
                  Statistics: Num rows: 791 Data size: 140798 Basic stats: COMPLETE Column stats: COMPLETE
                  value expressions: _col0 (type: string)
        Reducer 3 
            Execution mode: llap
            Reduce Operator Tree:
              Merge Join Operator
                condition map:
                     Inner Join 0 to 1
                keys:
                  0 _col1 (type: string)
                  1 _col0 (type: string)
                outputColumnNames: _col0, _col1
                Statistics: Num rows: 1288 Data size: 229264 Basic stats: COMPLETE Column stats: COMPLETE
                Top N Key Operator
                  sort order: ++
                  keys: _col0 (type: string), _col1 (type: string)
                  null sort order: zz
                  Statistics: Num rows: 1288 Data size: 229264 Basic stats: COMPLETE Column stats: COMPLETE
                  top n: 40
                  Reduce Output Operator
                    key expressions: _col0 (type: string), _col1 (type: string)
                    null sort order: zz
                    sort order: ++
                    Statistics: Num rows: 1288 Data size: 229264 Basic stats: COMPLETE Column stats: COMPLETE
        Reducer 4 
            Execution mode: llap
            Reduce Operator Tree:
              Select Operator
                expressions: KEY.reducesinkkey0 (type: string), KEY.reducesinkkey1 (type: string)
                outputColumnNames: _col0, _col1
                Statistics: Num rows: 1288 Data size: 229264 Basic stats: COMPLETE Column stats: COMPLETE
                Limit
                  Number of rows: 40
                  Statistics: Num rows: 40 Data size: 7120 Basic stats: COMPLETE Column stats: COMPLETE
                  File Output Operator
                    compressed: false
                    Statistics: Num rows: 40 Data size: 7120 Basic stats: COMPLETE Column stats: COMPLETE
                    table:
                        input format: org.apache.hadoop.mapred.SequenceFileInputFormat
                        output format: org.apache.hadoop.hive.ql.io.HiveSequenceFileOutputFormat
                        serde: org.apache.hadoop.hive.serde2.lazy.LazySimpleSerDe

  Stage: Stage-0
    Fetch Operator
      limit: 40
      Processor Tree:
        ListSink

PREHOOK: query: select a.* from src a join src b on a.key=b.key join src c on a.value=c.value order by a.key, a.value limit 40
PREHOOK: type: QUERY
PREHOOK: Input: default@src
#### A masked pattern was here ####
POSTHOOK: query: select a.* from src a join src b on a.key=b.key join src c on a.value=c.value order by a.key, a.value limit 40
POSTHOOK: type: QUERY
POSTHOOK: Input: default@src
#### A masked pattern was here ####
RUN: Stage-1:MAPRED
0	val_0
0	val_0
0	val_0
0	val_0
0	val_0
0	val_0
0	val_0
0	val_0
0	val_0
0	val_0
0	val_0
0	val_0
0	val_0
0	val_0
0	val_0
0	val_0
0	val_0
0	val_0
0	val_0
0	val_0
0	val_0
0	val_0
0	val_0
0	val_0
0	val_0
0	val_0
0	val_0
10	val_10
100	val_100
100	val_100
100	val_100
100	val_100
100	val_100
100	val_100
100	val_100
100	val_100
103	val_103
103	val_103
103	val_103
103	val_103
PREHOOK: query: explain
select a.* from src a join src b on a.key=b.key join src c on a.value=c.value where a.key>100 order by a.key, a.value limit 40
PREHOOK: type: QUERY
PREHOOK: Input: default@src
#### A masked pattern was here ####
POSTHOOK: query: explain
select a.* from src a join src b on a.key=b.key join src c on a.value=c.value where a.key>100 order by a.key, a.value limit 40
POSTHOOK: type: QUERY
POSTHOOK: Input: default@src
#### A masked pattern was here ####
STAGE DEPENDENCIES:
  Stage-1 is a root stage
  Stage-0 depends on stages: Stage-1

STAGE PLANS:
  Stage: Stage-1
    Tez
#### A masked pattern was here ####
      Edges:
        Reducer 2 <- Map 1 (SIMPLE_EDGE), Map 5 (SIMPLE_EDGE)
        Reducer 3 <- Map 1 (SIMPLE_EDGE), Reducer 2 (SIMPLE_EDGE)
        Reducer 4 <- Reducer 3 (SIMPLE_EDGE)
#### A masked pattern was here ####
      Vertices:
        Map 1 
            Map Operator Tree:
                TableScan
                  alias: a
                  filterExpr: (((UDFToDouble(key) > 100.0D) and value is not null) or value is not null) (type: boolean)
                  Statistics: Num rows: 500 Data size: 89000 Basic stats: COMPLETE Column stats: COMPLETE
                  Filter Operator
                    predicate: ((UDFToDouble(key) > 100.0D) and value is not null) (type: boolean)
                    Statistics: Num rows: 166 Data size: 29548 Basic stats: COMPLETE Column stats: COMPLETE
                    Select Operator
                      expressions: key (type: string), value (type: string)
                      outputColumnNames: _col0, _col1
                      Statistics: Num rows: 166 Data size: 29548 Basic stats: COMPLETE Column stats: COMPLETE
                      Reduce Output Operator
                        key expressions: _col0 (type: string)
                        null sort order: z
                        sort order: +
                        Map-reduce partition columns: _col0 (type: string)
                        Statistics: Num rows: 166 Data size: 29548 Basic stats: COMPLETE Column stats: COMPLETE
                        value expressions: _col1 (type: string)
                  Filter Operator
                    predicate: value is not null (type: boolean)
                    Statistics: Num rows: 500 Data size: 45500 Basic stats: COMPLETE Column stats: COMPLETE
                    Select Operator
                      expressions: value (type: string)
                      outputColumnNames: _col0
                      Statistics: Num rows: 500 Data size: 45500 Basic stats: COMPLETE Column stats: COMPLETE
                      Reduce Output Operator
                        key expressions: _col0 (type: string)
                        null sort order: z
                        sort order: +
                        Map-reduce partition columns: _col0 (type: string)
                        Statistics: Num rows: 500 Data size: 45500 Basic stats: COMPLETE Column stats: COMPLETE
            Execution mode: llap
            LLAP IO: all inputs
        Map 5 
            Map Operator Tree:
                TableScan
                  alias: b
                  filterExpr: (UDFToDouble(key) > 100.0D) (type: boolean)
                  Statistics: Num rows: 500 Data size: 43500 Basic stats: COMPLETE Column stats: COMPLETE
                  Filter Operator
                    predicate: (UDFToDouble(key) > 100.0D) (type: boolean)
                    Statistics: Num rows: 166 Data size: 14442 Basic stats: COMPLETE Column stats: COMPLETE
                    Select Operator
                      expressions: key (type: string)
                      outputColumnNames: _col0
                      Statistics: Num rows: 166 Data size: 14442 Basic stats: COMPLETE Column stats: COMPLETE
                      Reduce Output Operator
                        key expressions: _col0 (type: string)
                        null sort order: z
                        sort order: +
                        Map-reduce partition columns: _col0 (type: string)
                        Statistics: Num rows: 166 Data size: 14442 Basic stats: COMPLETE Column stats: COMPLETE
            Execution mode: llap
            LLAP IO: all inputs
        Reducer 2 
            Execution mode: llap
            Reduce Operator Tree:
              Merge Join Operator
                condition map:
                     Inner Join 0 to 1
                keys:
                  0 _col0 (type: string)
                  1 _col0 (type: string)
                outputColumnNames: _col0, _col1
                Statistics: Num rows: 166 Data size: 29548 Basic stats: COMPLETE Column stats: COMPLETE
                Reduce Output Operator
                  key expressions: _col1 (type: string)
                  null sort order: z
                  sort order: +
                  Map-reduce partition columns: _col1 (type: string)
                  Statistics: Num rows: 166 Data size: 29548 Basic stats: COMPLETE Column stats: COMPLETE
                  value expressions: _col0 (type: string)
        Reducer 3 
            Execution mode: llap
            Reduce Operator Tree:
              Merge Join Operator
                condition map:
                     Inner Join 0 to 1
                keys:
                  0 _col1 (type: string)
                  1 _col0 (type: string)
                outputColumnNames: _col0, _col1
                Statistics: Num rows: 270 Data size: 48060 Basic stats: COMPLETE Column stats: COMPLETE
                Top N Key Operator
                  sort order: ++
                  keys: _col0 (type: string), _col1 (type: string)
                  null sort order: zz
                  Statistics: Num rows: 270 Data size: 48060 Basic stats: COMPLETE Column stats: COMPLETE
                  top n: 40
                  Reduce Output Operator
                    key expressions: _col0 (type: string), _col1 (type: string)
                    null sort order: zz
                    sort order: ++
                    Statistics: Num rows: 270 Data size: 48060 Basic stats: COMPLETE Column stats: COMPLETE
        Reducer 4 
            Execution mode: llap
            Reduce Operator Tree:
              Select Operator
                expressions: KEY.reducesinkkey0 (type: string), KEY.reducesinkkey1 (type: string)
                outputColumnNames: _col0, _col1
                Statistics: Num rows: 270 Data size: 48060 Basic stats: COMPLETE Column stats: COMPLETE
                Limit
                  Number of rows: 40
                  Statistics: Num rows: 40 Data size: 7120 Basic stats: COMPLETE Column stats: COMPLETE
                  File Output Operator
                    compressed: false
                    Statistics: Num rows: 40 Data size: 7120 Basic stats: COMPLETE Column stats: COMPLETE
                    table:
                        input format: org.apache.hadoop.mapred.SequenceFileInputFormat
                        output format: org.apache.hadoop.hive.ql.io.HiveSequenceFileOutputFormat
                        serde: org.apache.hadoop.hive.serde2.lazy.LazySimpleSerDe

  Stage: Stage-0
    Fetch Operator
      limit: 40
      Processor Tree:
        ListSink

PREHOOK: query: select a.* from src a join src b on a.key=b.key join src c on a.value=c.value where a.key>100 order by a.key, a.value limit 40
PREHOOK: type: QUERY
PREHOOK: Input: default@src
#### A masked pattern was here ####
POSTHOOK: query: select a.* from src a join src b on a.key=b.key join src c on a.value=c.value where a.key>100 order by a.key, a.value limit 40
POSTHOOK: type: QUERY
POSTHOOK: Input: default@src
#### A masked pattern was here ####
RUN: Stage-1:MAPRED
103	val_103
103	val_103
103	val_103
103	val_103
103	val_103
103	val_103
103	val_103
103	val_103
104	val_104
104	val_104
104	val_104
104	val_104
104	val_104
104	val_104
104	val_104
104	val_104
105	val_105
111	val_111
113	val_113
113	val_113
113	val_113
113	val_113
113	val_113
113	val_113
113	val_113
113	val_113
114	val_114
116	val_116
118	val_118
118	val_118
118	val_118
118	val_118
118	val_118
118	val_118
118	val_118
118	val_118
119	val_119
119	val_119
119	val_119
119	val_119
PREHOOK: query: select a.* from src a join src b on a.key=b.key join src c on a.value=c.value where a.key>100 order by a.key, a.value limit 40
PREHOOK: type: QUERY
PREHOOK: Input: default@src
#### A masked pattern was here ####
POSTHOOK: query: select a.* from src a join src b on a.key=b.key join src c on a.value=c.value where a.key>100 order by a.key, a.value limit 40
POSTHOOK: type: QUERY
POSTHOOK: Input: default@src
#### A masked pattern was here ####
RUN: Stage-1:MAPRED
103	val_103
103	val_103
103	val_103
103	val_103
103	val_103
103	val_103
103	val_103
103	val_103
104	val_104
104	val_104
104	val_104
104	val_104
104	val_104
104	val_104
104	val_104
104	val_104
105	val_105
111	val_111
113	val_113
113	val_113
113	val_113
113	val_113
113	val_113
113	val_113
113	val_113
113	val_113
114	val_114
116	val_116
118	val_118
118	val_118
118	val_118
118	val_118
118	val_118
118	val_118
118	val_118
118	val_118
119	val_119
119	val_119
119	val_119
119	val_119
