PREHOOK: query: CREATE TABLE test_table1_n3 (key INT, key2 INT, value STRING) PARTITIONED BY (ds STRING)
CLUSTERED BY (key, key2) SORTED BY (key ASC, key2 DESC) INTO 2 BUCKETS
PREHOOK: type: CREATETABLE
PREHOOK: Output: database:default
PREHOOK: Output: default@test_table1_n3
POSTHOOK: query: CREATE TABLE test_table1_n3 (key INT, key2 INT, value STRING) PARTITIONED BY (ds STRING)
CLUSTERED BY (key, key2) SORTED BY (key ASC, key2 DESC) INTO 2 BUCKETS
POSTHOOK: type: CREATETABLE
POSTHOOK: Output: database:default
POSTHOOK: Output: default@test_table1_n3
PREHOOK: query: CREATE TABLE test_table2_n3 (key INT, key2 INT, value STRING) PARTITIONED BY (ds STRING)
CLUSTERED BY (key, key2) SORTED BY (key ASC, key2 DESC) INTO 2 BUCKETS
PREHOOK: type: CREATETABLE
PREHOOK: Output: database:default
PREHOOK: Output: default@test_table2_n3
POSTHOOK: query: CREATE TABLE test_table2_n3 (key INT, key2 INT, value STRING) PARTITIONED BY (ds STRING)
CLUSTERED BY (key, key2) SORTED BY (key ASC, key2 DESC) INTO 2 BUCKETS
POSTHOOK: type: CREATETABLE
POSTHOOK: Output: database:default
POSTHOOK: Output: default@test_table2_n3
PREHOOK: query: CREATE TABLE test_table3_n3 (key INT, key2 INT, value STRING) PARTITIONED BY (ds STRING)
CLUSTERED BY (key, key2) SORTED BY (key ASC, key2 DESC) INTO 2 BUCKETS
PREHOOK: type: CREATETABLE
PREHOOK: Output: database:default
PREHOOK: Output: default@test_table3_n3
POSTHOOK: query: CREATE TABLE test_table3_n3 (key INT, key2 INT, value STRING) PARTITIONED BY (ds STRING)
CLUSTERED BY (key, key2) SORTED BY (key ASC, key2 DESC) INTO 2 BUCKETS
POSTHOOK: type: CREATETABLE
POSTHOOK: Output: database:default
POSTHOOK: Output: default@test_table3_n3
PREHOOK: query: FROM src
INSERT OVERWRITE TABLE test_table1_n3 PARTITION (ds = '1') SELECT key, key+1, value where key < 10
PREHOOK: type: QUERY
PREHOOK: Input: default@src
PREHOOK: Output: default@test_table1_n3@ds=1
POSTHOOK: query: FROM src
INSERT OVERWRITE TABLE test_table1_n3 PARTITION (ds = '1') SELECT key, key+1, value where key < 10
POSTHOOK: type: QUERY
POSTHOOK: Input: default@src
POSTHOOK: Output: default@test_table1_n3@ds=1
POSTHOOK: Lineage: test_table1_n3 PARTITION(ds=1).key EXPRESSION [(src)src.FieldSchema(name:key, type:string, comment:default), ]
POSTHOOK: Lineage: test_table1_n3 PARTITION(ds=1).key2 EXPRESSION [(src)src.FieldSchema(name:key, type:string, comment:default), ]
POSTHOOK: Lineage: test_table1_n3 PARTITION(ds=1).value SIMPLE [(src)src.FieldSchema(name:value, type:string, comment:default), ]
PREHOOK: query: FROM src
INSERT OVERWRITE TABLE test_table2_n3 PARTITION (ds = '1') SELECT key, key+1, value where key < 100
PREHOOK: type: QUERY
PREHOOK: Input: default@src
PREHOOK: Output: default@test_table2_n3@ds=1
POSTHOOK: query: FROM src
INSERT OVERWRITE TABLE test_table2_n3 PARTITION (ds = '1') SELECT key, key+1, value where key < 100
POSTHOOK: type: QUERY
POSTHOOK: Input: default@src
POSTHOOK: Output: default@test_table2_n3@ds=1
POSTHOOK: Lineage: test_table2_n3 PARTITION(ds=1).key EXPRESSION [(src)src.FieldSchema(name:key, type:string, comment:default), ]
POSTHOOK: Lineage: test_table2_n3 PARTITION(ds=1).key2 EXPRESSION [(src)src.FieldSchema(name:key, type:string, comment:default), ]
POSTHOOK: Lineage: test_table2_n3 PARTITION(ds=1).value SIMPLE [(src)src.FieldSchema(name:value, type:string, comment:default), ]
PREHOOK: query: EXPLAIN
INSERT OVERWRITE TABLE test_table3_n3 PARTITION (ds = '1')
SELECT a.key, a.key2, concat(a.value, b.value) 
FROM test_table1_n3 a JOIN test_table2_n3 b 
ON a.key = b.key and a.key2 = b.key2 WHERE a.ds = '1' and b.ds = '1'
PREHOOK: type: QUERY
PREHOOK: Input: default@test_table1_n3
PREHOOK: Input: default@test_table1_n3@ds=1
PREHOOK: Input: default@test_table2_n3
PREHOOK: Input: default@test_table2_n3@ds=1
PREHOOK: Output: default@test_table3_n3@ds=1
POSTHOOK: query: EXPLAIN
INSERT OVERWRITE TABLE test_table3_n3 PARTITION (ds = '1')
SELECT a.key, a.key2, concat(a.value, b.value) 
FROM test_table1_n3 a JOIN test_table2_n3 b 
ON a.key = b.key and a.key2 = b.key2 WHERE a.ds = '1' and b.ds = '1'
POSTHOOK: type: QUERY
POSTHOOK: Input: default@test_table1_n3
POSTHOOK: Input: default@test_table1_n3@ds=1
POSTHOOK: Input: default@test_table2_n3
POSTHOOK: Input: default@test_table2_n3@ds=1
POSTHOOK: Output: default@test_table3_n3@ds=1
STAGE DEPENDENCIES:
  Stage-1 is a root stage
  Stage-2 depends on stages: Stage-1
  Stage-0 depends on stages: Stage-2
  Stage-3 depends on stages: Stage-0

STAGE PLANS:
  Stage: Stage-1
    Tez
#### A masked pattern was here ####
      Edges:
        Map 2 <- Map 1 (CUSTOM_EDGE)
        Reducer 3 <- Map 2 (SIMPLE_EDGE)
        Reducer 4 <- Reducer 3 (SIMPLE_EDGE)
#### A masked pattern was here ####
      Vertices:
        Map 1 
            Map Operator Tree:
                TableScan
                  alias: a
                  filterExpr: (key is not null and key2 is not null) (type: boolean)
                  Statistics: Num rows: 10 Data size: 970 Basic stats: COMPLETE Column stats: COMPLETE
                  Filter Operator
                    predicate: (key is not null and key2 is not null) (type: boolean)
                    Statistics: Num rows: 10 Data size: 970 Basic stats: COMPLETE Column stats: COMPLETE
                    Select Operator
                      expressions: key (type: int), key2 (type: int), value (type: string)
                      outputColumnNames: _col0, _col1, _col2
                      Statistics: Num rows: 10 Data size: 970 Basic stats: COMPLETE Column stats: COMPLETE
                      Reduce Output Operator
                        key expressions: _col0 (type: int), _col1 (type: int)
                        null sort order: zz
                        sort order: ++
                        Map-reduce partition columns: _col0 (type: int), _col1 (type: int)
                        Statistics: Num rows: 10 Data size: 970 Basic stats: COMPLETE Column stats: COMPLETE
                        value expressions: _col2 (type: string)
            Execution mode: llap
            LLAP IO: all inputs
        Map 2 
            Map Operator Tree:
                TableScan
                  alias: b
                  filterExpr: (key is not null and key2 is not null) (type: boolean)
                  Statistics: Num rows: 84 Data size: 8232 Basic stats: COMPLETE Column stats: COMPLETE
                  Filter Operator
                    predicate: (key is not null and key2 is not null) (type: boolean)
                    Statistics: Num rows: 84 Data size: 8232 Basic stats: COMPLETE Column stats: COMPLETE
                    Select Operator
                      expressions: key (type: int), key2 (type: int), value (type: string)
                      outputColumnNames: _col0, _col1, _col2
                      Statistics: Num rows: 84 Data size: 8232 Basic stats: COMPLETE Column stats: COMPLETE
                      Map Join Operator
                        condition map:
                             Inner Join 0 to 1
                        keys:
                          0 _col0 (type: int), _col1 (type: int)
                          1 _col0 (type: int), _col1 (type: int)
                        outputColumnNames: _col0, _col1, _col2, _col5
                        input vertices:
                          0 Map 1
                        Statistics: Num rows: 14 Data size: 2618 Basic stats: COMPLETE Column stats: COMPLETE
                        Select Operator
                          expressions: _col0 (type: int), _col1 (type: int), concat(_col2, _col5) (type: string)
                          outputColumnNames: _col0, _col1, _col2
                          Statistics: Num rows: 14 Data size: 2688 Basic stats: COMPLETE Column stats: COMPLETE
                          Reduce Output Operator
                            key expressions: _col0 (type: int), _col1 (type: int)
                            null sort order: az
                            sort order: +-
                            Map-reduce partition columns: _col0 (type: int), _col1 (type: int)
                            Statistics: Num rows: 14 Data size: 2688 Basic stats: COMPLETE Column stats: COMPLETE
                            value expressions: _col2 (type: string)
            Execution mode: llap
            LLAP IO: all inputs
        Reducer 3 
            Execution mode: llap
            Reduce Operator Tree:
              Select Operator
                expressions: KEY.reducesinkkey0 (type: int), KEY.reducesinkkey1 (type: int), VALUE._col0 (type: string)
                outputColumnNames: _col0, _col1, _col2
                Statistics: Num rows: 14 Data size: 2688 Basic stats: COMPLETE Column stats: COMPLETE
                File Output Operator
                  compressed: false
                  Statistics: Num rows: 14 Data size: 2688 Basic stats: COMPLETE Column stats: COMPLETE
                  table:
                      input format: org.apache.hadoop.mapred.TextInputFormat
                      output format: org.apache.hadoop.hive.ql.io.HiveIgnoreKeyTextOutputFormat
                      serde: org.apache.hadoop.hive.serde2.lazy.LazySimpleSerDe
                      name: default.test_table3_n3
                Select Operator
                  expressions: _col0 (type: int), _col1 (type: int), _col2 (type: string), '1' (type: string)
                  outputColumnNames: key, key2, value, ds
                  Statistics: Num rows: 14 Data size: 3878 Basic stats: COMPLETE Column stats: COMPLETE
                  Group By Operator
                    aggregations: min(key), max(key), count(1), count(key), compute_bit_vector_hll(key), min(key2), max(key2), count(key2), compute_bit_vector_hll(key2), max(length(value)), avg(COALESCE(length(value),0)), count(value), compute_bit_vector_hll(value)
                    keys: ds (type: string)
                    minReductionHashAggr: 0.9285714
                    mode: hash
                    outputColumnNames: _col0, _col1, _col2, _col3, _col4, _col5, _col6, _col7, _col8, _col9, _col10, _col11, _col12, _col13
                    Statistics: Num rows: 1 Data size: 645 Basic stats: COMPLETE Column stats: COMPLETE
                    Reduce Output Operator
                      key expressions: _col0 (type: string)
                      null sort order: z
                      sort order: +
                      Map-reduce partition columns: _col0 (type: string)
                      Statistics: Num rows: 1 Data size: 645 Basic stats: COMPLETE Column stats: COMPLETE
                      value expressions: _col1 (type: int), _col2 (type: int), _col3 (type: bigint), _col4 (type: bigint), _col5 (type: binary), _col6 (type: int), _col7 (type: int), _col8 (type: bigint), _col9 (type: binary), _col10 (type: int), _col11 (type: struct<count:bigint,sum:double,input:int>), _col12 (type: bigint), _col13 (type: binary)
        Reducer 4 
            Execution mode: llap
            Reduce Operator Tree:
              Group By Operator
                aggregations: min(VALUE._col0), max(VALUE._col1), count(VALUE._col2), count(VALUE._col3), compute_bit_vector_hll(VALUE._col4), min(VALUE._col5), max(VALUE._col6), count(VALUE._col7), compute_bit_vector_hll(VALUE._col8), max(VALUE._col9), avg(VALUE._col10), count(VALUE._col11), compute_bit_vector_hll(VALUE._col12)
                keys: KEY._col0 (type: string)
                mode: mergepartial
                outputColumnNames: _col0, _col1, _col2, _col3, _col4, _col5, _col6, _col7, _col8, _col9, _col10, _col11, _col12, _col13
                Statistics: Num rows: 1 Data size: 577 Basic stats: COMPLETE Column stats: COMPLETE
                Select Operator
                  expressions: 'LONG' (type: string), UDFToLong(_col1) (type: bigint), UDFToLong(_col2) (type: bigint), (_col3 - _col4) (type: bigint), COALESCE(ndv_compute_bit_vector(_col5),0) (type: bigint), _col5 (type: binary), 'LONG' (type: string), UDFToLong(_col6) (type: bigint), UDFToLong(_col7) (type: bigint), (_col3 - _col8) (type: bigint), COALESCE(ndv_compute_bit_vector(_col9),0) (type: bigint), _col9 (type: binary), 'STRING' (type: string), UDFToLong(COALESCE(_col10,0)) (type: bigint), COALESCE(_col11,0) (type: double), (_col3 - _col12) (type: bigint), COALESCE(ndv_compute_bit_vector(_col13),0) (type: bigint), _col13 (type: binary), _col0 (type: string)
                  outputColumnNames: _col0, _col1, _col2, _col3, _col4, _col5, _col6, _col7, _col8, _col9, _col10, _col11, _col12, _col13, _col14, _col15, _col16, _col17, _col18
                  Statistics: Num rows: 1 Data size: 879 Basic stats: COMPLETE Column stats: COMPLETE
                  File Output Operator
                    compressed: false
                    Statistics: Num rows: 1 Data size: 879 Basic stats: COMPLETE Column stats: COMPLETE
                    table:
                        input format: org.apache.hadoop.mapred.SequenceFileInputFormat
                        output format: org.apache.hadoop.hive.ql.io.HiveSequenceFileOutputFormat
                        serde: org.apache.hadoop.hive.serde2.lazy.LazySimpleSerDe

  Stage: Stage-2
    Dependency Collection

  Stage: Stage-0
    Move Operator
      tables:
          partition:
            ds 1
          replace: true
          table:
              input format: org.apache.hadoop.mapred.TextInputFormat
              output format: org.apache.hadoop.hive.ql.io.HiveIgnoreKeyTextOutputFormat
              serde: org.apache.hadoop.hive.serde2.lazy.LazySimpleSerDe
              name: default.test_table3_n3

  Stage: Stage-3
    Stats Work
      Basic Stats Work:
      Column Stats Desc:
          Columns: key, key2, value
          Column Types: int, int, string
          Table: default.test_table3_n3

PREHOOK: query: INSERT OVERWRITE TABLE test_table3_n3 PARTITION (ds = '1')
SELECT a.key, a.key2, concat(a.value, b.value) 
FROM test_table1_n3 a JOIN test_table2_n3 b 
ON a.key = b.key and a.key2 = b.key2 WHERE a.ds = '1' and b.ds = '1'
PREHOOK: type: QUERY
PREHOOK: Input: default@test_table1_n3
PREHOOK: Input: default@test_table1_n3@ds=1
PREHOOK: Input: default@test_table2_n3
PREHOOK: Input: default@test_table2_n3@ds=1
PREHOOK: Output: default@test_table3_n3@ds=1
POSTHOOK: query: INSERT OVERWRITE TABLE test_table3_n3 PARTITION (ds = '1')
SELECT a.key, a.key2, concat(a.value, b.value) 
FROM test_table1_n3 a JOIN test_table2_n3 b 
ON a.key = b.key and a.key2 = b.key2 WHERE a.ds = '1' and b.ds = '1'
POSTHOOK: type: QUERY
POSTHOOK: Input: default@test_table1_n3
POSTHOOK: Input: default@test_table1_n3@ds=1
POSTHOOK: Input: default@test_table2_n3
POSTHOOK: Input: default@test_table2_n3@ds=1
POSTHOOK: Output: default@test_table3_n3@ds=1
POSTHOOK: Lineage: test_table3_n3 PARTITION(ds=1).key SIMPLE [(test_table1_n3)a.FieldSchema(name:key, type:int, comment:null), ]
POSTHOOK: Lineage: test_table3_n3 PARTITION(ds=1).key2 SIMPLE [(test_table1_n3)a.FieldSchema(name:key2, type:int, comment:null), ]
POSTHOOK: Lineage: test_table3_n3 PARTITION(ds=1).value EXPRESSION [(test_table1_n3)a.FieldSchema(name:value, type:string, comment:null), (test_table2_n3)b.FieldSchema(name:value, type:string, comment:null), ]
PREHOOK: query: select * from test_table3_n3 tablesample (bucket 1 out of 2) s where ds = '1'
PREHOOK: type: QUERY
PREHOOK: Input: default@test_table3_n3
PREHOOK: Input: default@test_table3_n3@ds=1
#### A masked pattern was here ####
POSTHOOK: query: select * from test_table3_n3 tablesample (bucket 1 out of 2) s where ds = '1'
POSTHOOK: type: QUERY
POSTHOOK: Input: default@test_table3_n3
POSTHOOK: Input: default@test_table3_n3@ds=1
#### A masked pattern was here ####
0	1	val_0val_0	1
0	1	val_0val_0	1
0	1	val_0val_0	1
0	1	val_0val_0	1
0	1	val_0val_0	1
0	1	val_0val_0	1
0	1	val_0val_0	1
0	1	val_0val_0	1
0	1	val_0val_0	1
2	3	val_2val_2	1
4	5	val_4val_4	1
8	9	val_8val_8	1
PREHOOK: query: select * from test_table3_n3 tablesample (bucket 2 out of 2) s where ds = '1'
PREHOOK: type: QUERY
PREHOOK: Input: default@test_table3_n3
PREHOOK: Input: default@test_table3_n3@ds=1
#### A masked pattern was here ####
POSTHOOK: query: select * from test_table3_n3 tablesample (bucket 2 out of 2) s where ds = '1'
POSTHOOK: type: QUERY
POSTHOOK: Input: default@test_table3_n3
POSTHOOK: Input: default@test_table3_n3@ds=1
#### A masked pattern was here ####
5	6	val_5val_5	1
5	6	val_5val_5	1
5	6	val_5val_5	1
5	6	val_5val_5	1
5	6	val_5val_5	1
5	6	val_5val_5	1
5	6	val_5val_5	1
5	6	val_5val_5	1
5	6	val_5val_5	1
9	10	val_9val_9	1
PREHOOK: query: EXPLAIN
INSERT OVERWRITE TABLE test_table3_n3 PARTITION (ds = '1')
SELECT subq1.key, subq1.key2, subq1.value from
(
SELECT a.key, a.key2, concat(a.value, b.value) as value
FROM test_table1_n3 a JOIN test_table2_n3 b 
ON a.key = b.key and a.key2 = b.key2 WHERE a.ds = '1' and b.ds = '1'
)subq1
PREHOOK: type: QUERY
PREHOOK: Input: default@test_table1_n3
PREHOOK: Input: default@test_table1_n3@ds=1
PREHOOK: Input: default@test_table2_n3
PREHOOK: Input: default@test_table2_n3@ds=1
PREHOOK: Output: default@test_table3_n3@ds=1
POSTHOOK: query: EXPLAIN
INSERT OVERWRITE TABLE test_table3_n3 PARTITION (ds = '1')
SELECT subq1.key, subq1.key2, subq1.value from
(
SELECT a.key, a.key2, concat(a.value, b.value) as value
FROM test_table1_n3 a JOIN test_table2_n3 b 
ON a.key = b.key and a.key2 = b.key2 WHERE a.ds = '1' and b.ds = '1'
)subq1
POSTHOOK: type: QUERY
POSTHOOK: Input: default@test_table1_n3
POSTHOOK: Input: default@test_table1_n3@ds=1
POSTHOOK: Input: default@test_table2_n3
POSTHOOK: Input: default@test_table2_n3@ds=1
POSTHOOK: Output: default@test_table3_n3@ds=1
STAGE DEPENDENCIES:
  Stage-1 is a root stage
  Stage-2 depends on stages: Stage-1
  Stage-0 depends on stages: Stage-2
  Stage-3 depends on stages: Stage-0

STAGE PLANS:
  Stage: Stage-1
    Tez
#### A masked pattern was here ####
      Edges:
        Map 2 <- Map 1 (CUSTOM_EDGE)
        Reducer 3 <- Map 2 (SIMPLE_EDGE)
        Reducer 4 <- Reducer 3 (SIMPLE_EDGE)
#### A masked pattern was here ####
      Vertices:
        Map 1 
            Map Operator Tree:
                TableScan
                  alias: a
                  filterExpr: (key is not null and key2 is not null) (type: boolean)
                  Statistics: Num rows: 10 Data size: 970 Basic stats: COMPLETE Column stats: COMPLETE
                  Filter Operator
                    predicate: (key is not null and key2 is not null) (type: boolean)
                    Statistics: Num rows: 10 Data size: 970 Basic stats: COMPLETE Column stats: COMPLETE
                    Select Operator
                      expressions: key (type: int), key2 (type: int), value (type: string)
                      outputColumnNames: _col0, _col1, _col2
                      Statistics: Num rows: 10 Data size: 970 Basic stats: COMPLETE Column stats: COMPLETE
                      Reduce Output Operator
                        key expressions: _col0 (type: int), _col1 (type: int)
                        null sort order: zz
                        sort order: ++
                        Map-reduce partition columns: _col0 (type: int), _col1 (type: int)
                        Statistics: Num rows: 10 Data size: 970 Basic stats: COMPLETE Column stats: COMPLETE
                        value expressions: _col2 (type: string)
            Execution mode: llap
            LLAP IO: all inputs
        Map 2 
            Map Operator Tree:
                TableScan
                  alias: b
                  filterExpr: (key is not null and key2 is not null) (type: boolean)
                  Statistics: Num rows: 84 Data size: 8232 Basic stats: COMPLETE Column stats: COMPLETE
                  Filter Operator
                    predicate: (key is not null and key2 is not null) (type: boolean)
                    Statistics: Num rows: 84 Data size: 8232 Basic stats: COMPLETE Column stats: COMPLETE
                    Select Operator
                      expressions: key (type: int), key2 (type: int), value (type: string)
                      outputColumnNames: _col0, _col1, _col2
                      Statistics: Num rows: 84 Data size: 8232 Basic stats: COMPLETE Column stats: COMPLETE
                      Map Join Operator
                        condition map:
                             Inner Join 0 to 1
                        keys:
                          0 _col0 (type: int), _col1 (type: int)
                          1 _col0 (type: int), _col1 (type: int)
                        outputColumnNames: _col0, _col1, _col2, _col5
                        input vertices:
                          0 Map 1
                        Statistics: Num rows: 14 Data size: 2618 Basic stats: COMPLETE Column stats: COMPLETE
                        Select Operator
                          expressions: _col0 (type: int), _col1 (type: int), concat(_col2, _col5) (type: string)
                          outputColumnNames: _col0, _col1, _col2
                          Statistics: Num rows: 14 Data size: 2688 Basic stats: COMPLETE Column stats: COMPLETE
                          Reduce Output Operator
                            key expressions: _col0 (type: int), _col1 (type: int)
                            null sort order: az
                            sort order: +-
                            Map-reduce partition columns: _col0 (type: int), _col1 (type: int)
                            Statistics: Num rows: 14 Data size: 2688 Basic stats: COMPLETE Column stats: COMPLETE
                            value expressions: _col2 (type: string)
            Execution mode: llap
            LLAP IO: all inputs
        Reducer 3 
            Execution mode: llap
            Reduce Operator Tree:
              Select Operator
                expressions: KEY.reducesinkkey0 (type: int), KEY.reducesinkkey1 (type: int), VALUE._col0 (type: string)
                outputColumnNames: _col0, _col1, _col2
                Statistics: Num rows: 14 Data size: 2688 Basic stats: COMPLETE Column stats: COMPLETE
                File Output Operator
                  compressed: false
                  Statistics: Num rows: 14 Data size: 2688 Basic stats: COMPLETE Column stats: COMPLETE
                  table:
                      input format: org.apache.hadoop.mapred.TextInputFormat
                      output format: org.apache.hadoop.hive.ql.io.HiveIgnoreKeyTextOutputFormat
                      serde: org.apache.hadoop.hive.serde2.lazy.LazySimpleSerDe
                      name: default.test_table3_n3
                Select Operator
                  expressions: _col0 (type: int), _col1 (type: int), _col2 (type: string), '1' (type: string)
                  outputColumnNames: key, key2, value, ds
                  Statistics: Num rows: 14 Data size: 3878 Basic stats: COMPLETE Column stats: COMPLETE
                  Group By Operator
                    aggregations: min(key), max(key), count(1), count(key), compute_bit_vector_hll(key), min(key2), max(key2), count(key2), compute_bit_vector_hll(key2), max(length(value)), avg(COALESCE(length(value),0)), count(value), compute_bit_vector_hll(value)
                    keys: ds (type: string)
                    minReductionHashAggr: 0.9285714
                    mode: hash
                    outputColumnNames: _col0, _col1, _col2, _col3, _col4, _col5, _col6, _col7, _col8, _col9, _col10, _col11, _col12, _col13
                    Statistics: Num rows: 1 Data size: 645 Basic stats: COMPLETE Column stats: COMPLETE
                    Reduce Output Operator
                      key expressions: _col0 (type: string)
                      null sort order: z
                      sort order: +
                      Map-reduce partition columns: _col0 (type: string)
                      Statistics: Num rows: 1 Data size: 645 Basic stats: COMPLETE Column stats: COMPLETE
                      value expressions: _col1 (type: int), _col2 (type: int), _col3 (type: bigint), _col4 (type: bigint), _col5 (type: binary), _col6 (type: int), _col7 (type: int), _col8 (type: bigint), _col9 (type: binary), _col10 (type: int), _col11 (type: struct<count:bigint,sum:double,input:int>), _col12 (type: bigint), _col13 (type: binary)
        Reducer 4 
            Execution mode: llap
            Reduce Operator Tree:
              Group By Operator
                aggregations: min(VALUE._col0), max(VALUE._col1), count(VALUE._col2), count(VALUE._col3), compute_bit_vector_hll(VALUE._col4), min(VALUE._col5), max(VALUE._col6), count(VALUE._col7), compute_bit_vector_hll(VALUE._col8), max(VALUE._col9), avg(VALUE._col10), count(VALUE._col11), compute_bit_vector_hll(VALUE._col12)
                keys: KEY._col0 (type: string)
                mode: mergepartial
                outputColumnNames: _col0, _col1, _col2, _col3, _col4, _col5, _col6, _col7, _col8, _col9, _col10, _col11, _col12, _col13
                Statistics: Num rows: 1 Data size: 577 Basic stats: COMPLETE Column stats: COMPLETE
                Select Operator
                  expressions: 'LONG' (type: string), UDFToLong(_col1) (type: bigint), UDFToLong(_col2) (type: bigint), (_col3 - _col4) (type: bigint), COALESCE(ndv_compute_bit_vector(_col5),0) (type: bigint), _col5 (type: binary), 'LONG' (type: string), UDFToLong(_col6) (type: bigint), UDFToLong(_col7) (type: bigint), (_col3 - _col8) (type: bigint), COALESCE(ndv_compute_bit_vector(_col9),0) (type: bigint), _col9 (type: binary), 'STRING' (type: string), UDFToLong(COALESCE(_col10,0)) (type: bigint), COALESCE(_col11,0) (type: double), (_col3 - _col12) (type: bigint), COALESCE(ndv_compute_bit_vector(_col13),0) (type: bigint), _col13 (type: binary), _col0 (type: string)
                  outputColumnNames: _col0, _col1, _col2, _col3, _col4, _col5, _col6, _col7, _col8, _col9, _col10, _col11, _col12, _col13, _col14, _col15, _col16, _col17, _col18
                  Statistics: Num rows: 1 Data size: 879 Basic stats: COMPLETE Column stats: COMPLETE
                  File Output Operator
                    compressed: false
                    Statistics: Num rows: 1 Data size: 879 Basic stats: COMPLETE Column stats: COMPLETE
                    table:
                        input format: org.apache.hadoop.mapred.SequenceFileInputFormat
                        output format: org.apache.hadoop.hive.ql.io.HiveSequenceFileOutputFormat
                        serde: org.apache.hadoop.hive.serde2.lazy.LazySimpleSerDe

  Stage: Stage-2
    Dependency Collection

  Stage: Stage-0
    Move Operator
      tables:
          partition:
            ds 1
          replace: true
          table:
              input format: org.apache.hadoop.mapred.TextInputFormat
              output format: org.apache.hadoop.hive.ql.io.HiveIgnoreKeyTextOutputFormat
              serde: org.apache.hadoop.hive.serde2.lazy.LazySimpleSerDe
              name: default.test_table3_n3

  Stage: Stage-3
    Stats Work
      Basic Stats Work:
      Column Stats Desc:
          Columns: key, key2, value
          Column Types: int, int, string
          Table: default.test_table3_n3

PREHOOK: query: INSERT OVERWRITE TABLE test_table3_n3 PARTITION (ds = '1')
SELECT subq1.key, subq1.key2, subq1.value from
(
SELECT a.key, a.key2, concat(a.value, b.value) as value
FROM test_table1_n3 a JOIN test_table2_n3 b 
ON a.key = b.key and a.key2 = b.key2 WHERE a.ds = '1' and b.ds = '1'
)subq1
PREHOOK: type: QUERY
PREHOOK: Input: default@test_table1_n3
PREHOOK: Input: default@test_table1_n3@ds=1
PREHOOK: Input: default@test_table2_n3
PREHOOK: Input: default@test_table2_n3@ds=1
PREHOOK: Output: default@test_table3_n3@ds=1
POSTHOOK: query: INSERT OVERWRITE TABLE test_table3_n3 PARTITION (ds = '1')
SELECT subq1.key, subq1.key2, subq1.value from
(
SELECT a.key, a.key2, concat(a.value, b.value) as value
FROM test_table1_n3 a JOIN test_table2_n3 b 
ON a.key = b.key and a.key2 = b.key2 WHERE a.ds = '1' and b.ds = '1'
)subq1
POSTHOOK: type: QUERY
POSTHOOK: Input: default@test_table1_n3
POSTHOOK: Input: default@test_table1_n3@ds=1
POSTHOOK: Input: default@test_table2_n3
POSTHOOK: Input: default@test_table2_n3@ds=1
POSTHOOK: Output: default@test_table3_n3@ds=1
POSTHOOK: Lineage: test_table3_n3 PARTITION(ds=1).key SIMPLE [(test_table1_n3)a.FieldSchema(name:key, type:int, comment:null), ]
POSTHOOK: Lineage: test_table3_n3 PARTITION(ds=1).key2 SIMPLE [(test_table1_n3)a.FieldSchema(name:key2, type:int, comment:null), ]
POSTHOOK: Lineage: test_table3_n3 PARTITION(ds=1).value EXPRESSION [(test_table1_n3)a.FieldSchema(name:value, type:string, comment:null), (test_table2_n3)b.FieldSchema(name:value, type:string, comment:null), ]
PREHOOK: query: select * from test_table3_n3 tablesample (bucket 1 out of 2) s where ds = '1'
PREHOOK: type: QUERY
PREHOOK: Input: default@test_table3_n3
PREHOOK: Input: default@test_table3_n3@ds=1
#### A masked pattern was here ####
POSTHOOK: query: select * from test_table3_n3 tablesample (bucket 1 out of 2) s where ds = '1'
POSTHOOK: type: QUERY
POSTHOOK: Input: default@test_table3_n3
POSTHOOK: Input: default@test_table3_n3@ds=1
#### A masked pattern was here ####
0	1	val_0val_0	1
0	1	val_0val_0	1
0	1	val_0val_0	1
0	1	val_0val_0	1
0	1	val_0val_0	1
0	1	val_0val_0	1
0	1	val_0val_0	1
0	1	val_0val_0	1
0	1	val_0val_0	1
2	3	val_2val_2	1
4	5	val_4val_4	1
8	9	val_8val_8	1
PREHOOK: query: select * from test_table3_n3 tablesample (bucket 2 out of 2) s where ds = '1'
PREHOOK: type: QUERY
PREHOOK: Input: default@test_table3_n3
PREHOOK: Input: default@test_table3_n3@ds=1
#### A masked pattern was here ####
POSTHOOK: query: select * from test_table3_n3 tablesample (bucket 2 out of 2) s where ds = '1'
POSTHOOK: type: QUERY
POSTHOOK: Input: default@test_table3_n3
POSTHOOK: Input: default@test_table3_n3@ds=1
#### A masked pattern was here ####
5	6	val_5val_5	1
5	6	val_5val_5	1
5	6	val_5val_5	1
5	6	val_5val_5	1
5	6	val_5val_5	1
5	6	val_5val_5	1
5	6	val_5val_5	1
5	6	val_5val_5	1
5	6	val_5val_5	1
9	10	val_9val_9	1
PREHOOK: query: EXPLAIN
INSERT OVERWRITE TABLE test_table3_n3 PARTITION (ds = '1')
SELECT a.key2, a.key, concat(a.value, b.value) 
FROM test_table1_n3 a JOIN test_table2_n3 b 
ON a.key = b.key and a.key2 = b.key2 WHERE a.ds = '1' and b.ds = '1'
PREHOOK: type: QUERY
PREHOOK: Input: default@test_table1_n3
PREHOOK: Input: default@test_table1_n3@ds=1
PREHOOK: Input: default@test_table2_n3
PREHOOK: Input: default@test_table2_n3@ds=1
PREHOOK: Output: default@test_table3_n3@ds=1
POSTHOOK: query: EXPLAIN
INSERT OVERWRITE TABLE test_table3_n3 PARTITION (ds = '1')
SELECT a.key2, a.key, concat(a.value, b.value) 
FROM test_table1_n3 a JOIN test_table2_n3 b 
ON a.key = b.key and a.key2 = b.key2 WHERE a.ds = '1' and b.ds = '1'
POSTHOOK: type: QUERY
POSTHOOK: Input: default@test_table1_n3
POSTHOOK: Input: default@test_table1_n3@ds=1
POSTHOOK: Input: default@test_table2_n3
POSTHOOK: Input: default@test_table2_n3@ds=1
POSTHOOK: Output: default@test_table3_n3@ds=1
STAGE DEPENDENCIES:
  Stage-1 is a root stage
  Stage-2 depends on stages: Stage-1
  Stage-0 depends on stages: Stage-2
  Stage-3 depends on stages: Stage-0

STAGE PLANS:
  Stage: Stage-1
    Tez
#### A masked pattern was here ####
      Edges:
        Map 2 <- Map 1 (CUSTOM_EDGE)
        Reducer 3 <- Map 2 (SIMPLE_EDGE)
        Reducer 4 <- Reducer 3 (SIMPLE_EDGE)
#### A masked pattern was here ####
      Vertices:
        Map 1 
            Map Operator Tree:
                TableScan
                  alias: a
                  filterExpr: (key is not null and key2 is not null) (type: boolean)
                  Statistics: Num rows: 10 Data size: 970 Basic stats: COMPLETE Column stats: COMPLETE
                  Filter Operator
                    predicate: (key is not null and key2 is not null) (type: boolean)
                    Statistics: Num rows: 10 Data size: 970 Basic stats: COMPLETE Column stats: COMPLETE
                    Select Operator
                      expressions: key (type: int), key2 (type: int), value (type: string)
                      outputColumnNames: _col0, _col1, _col2
                      Statistics: Num rows: 10 Data size: 970 Basic stats: COMPLETE Column stats: COMPLETE
                      Reduce Output Operator
                        key expressions: _col0 (type: int), _col1 (type: int)
                        null sort order: zz
                        sort order: ++
                        Map-reduce partition columns: _col0 (type: int), _col1 (type: int)
                        Statistics: Num rows: 10 Data size: 970 Basic stats: COMPLETE Column stats: COMPLETE
                        value expressions: _col2 (type: string)
            Execution mode: llap
            LLAP IO: all inputs
        Map 2 
            Map Operator Tree:
                TableScan
                  alias: b
                  filterExpr: (key is not null and key2 is not null) (type: boolean)
                  Statistics: Num rows: 84 Data size: 8232 Basic stats: COMPLETE Column stats: COMPLETE
                  Filter Operator
                    predicate: (key is not null and key2 is not null) (type: boolean)
                    Statistics: Num rows: 84 Data size: 8232 Basic stats: COMPLETE Column stats: COMPLETE
                    Select Operator
                      expressions: key (type: int), key2 (type: int), value (type: string)
                      outputColumnNames: _col0, _col1, _col2
                      Statistics: Num rows: 84 Data size: 8232 Basic stats: COMPLETE Column stats: COMPLETE
                      Map Join Operator
                        condition map:
                             Inner Join 0 to 1
                        keys:
                          0 _col0 (type: int), _col1 (type: int)
                          1 _col0 (type: int), _col1 (type: int)
                        outputColumnNames: _col0, _col1, _col2, _col5
                        input vertices:
                          0 Map 1
                        Statistics: Num rows: 14 Data size: 2618 Basic stats: COMPLETE Column stats: COMPLETE
                        Select Operator
                          expressions: _col1 (type: int), _col0 (type: int), concat(_col2, _col5) (type: string)
                          outputColumnNames: _col0, _col1, _col2
                          Statistics: Num rows: 14 Data size: 2688 Basic stats: COMPLETE Column stats: COMPLETE
                          Reduce Output Operator
                            key expressions: _col0 (type: int), _col1 (type: int)
                            null sort order: az
                            sort order: +-
                            Map-reduce partition columns: _col0 (type: int), _col1 (type: int)
                            Statistics: Num rows: 14 Data size: 2688 Basic stats: COMPLETE Column stats: COMPLETE
                            value expressions: _col2 (type: string)
            Execution mode: llap
            LLAP IO: all inputs
        Reducer 3 
            Execution mode: llap
            Reduce Operator Tree:
              Select Operator
                expressions: KEY.reducesinkkey0 (type: int), KEY.reducesinkkey1 (type: int), VALUE._col0 (type: string)
                outputColumnNames: _col0, _col1, _col2
                Statistics: Num rows: 14 Data size: 2688 Basic stats: COMPLETE Column stats: COMPLETE
                File Output Operator
                  compressed: false
                  Statistics: Num rows: 14 Data size: 2688 Basic stats: COMPLETE Column stats: COMPLETE
                  table:
                      input format: org.apache.hadoop.mapred.TextInputFormat
                      output format: org.apache.hadoop.hive.ql.io.HiveIgnoreKeyTextOutputFormat
                      serde: org.apache.hadoop.hive.serde2.lazy.LazySimpleSerDe
                      name: default.test_table3_n3
                Select Operator
                  expressions: _col0 (type: int), _col1 (type: int), _col2 (type: string), '1' (type: string)
                  outputColumnNames: key, key2, value, ds
                  Statistics: Num rows: 14 Data size: 3878 Basic stats: COMPLETE Column stats: COMPLETE
                  Group By Operator
                    aggregations: min(key), max(key), count(1), count(key), compute_bit_vector_hll(key), min(key2), max(key2), count(key2), compute_bit_vector_hll(key2), max(length(value)), avg(COALESCE(length(value),0)), count(value), compute_bit_vector_hll(value)
                    keys: ds (type: string)
                    minReductionHashAggr: 0.9285714
                    mode: hash
                    outputColumnNames: _col0, _col1, _col2, _col3, _col4, _col5, _col6, _col7, _col8, _col9, _col10, _col11, _col12, _col13
                    Statistics: Num rows: 1 Data size: 645 Basic stats: COMPLETE Column stats: COMPLETE
                    Reduce Output Operator
                      key expressions: _col0 (type: string)
                      null sort order: z
                      sort order: +
                      Map-reduce partition columns: _col0 (type: string)
                      Statistics: Num rows: 1 Data size: 645 Basic stats: COMPLETE Column stats: COMPLETE
                      value expressions: _col1 (type: int), _col2 (type: int), _col3 (type: bigint), _col4 (type: bigint), _col5 (type: binary), _col6 (type: int), _col7 (type: int), _col8 (type: bigint), _col9 (type: binary), _col10 (type: int), _col11 (type: struct<count:bigint,sum:double,input:int>), _col12 (type: bigint), _col13 (type: binary)
        Reducer 4 
            Execution mode: llap
            Reduce Operator Tree:
              Group By Operator
                aggregations: min(VALUE._col0), max(VALUE._col1), count(VALUE._col2), count(VALUE._col3), compute_bit_vector_hll(VALUE._col4), min(VALUE._col5), max(VALUE._col6), count(VALUE._col7), compute_bit_vector_hll(VALUE._col8), max(VALUE._col9), avg(VALUE._col10), count(VALUE._col11), compute_bit_vector_hll(VALUE._col12)
                keys: KEY._col0 (type: string)
                mode: mergepartial
                outputColumnNames: _col0, _col1, _col2, _col3, _col4, _col5, _col6, _col7, _col8, _col9, _col10, _col11, _col12, _col13
                Statistics: Num rows: 1 Data size: 577 Basic stats: COMPLETE Column stats: COMPLETE
                Select Operator
                  expressions: 'LONG' (type: string), UDFToLong(_col1) (type: bigint), UDFToLong(_col2) (type: bigint), (_col3 - _col4) (type: bigint), COALESCE(ndv_compute_bit_vector(_col5),0) (type: bigint), _col5 (type: binary), 'LONG' (type: string), UDFToLong(_col6) (type: bigint), UDFToLong(_col7) (type: bigint), (_col3 - _col8) (type: bigint), COALESCE(ndv_compute_bit_vector(_col9),0) (type: bigint), _col9 (type: binary), 'STRING' (type: string), UDFToLong(COALESCE(_col10,0)) (type: bigint), COALESCE(_col11,0) (type: double), (_col3 - _col12) (type: bigint), COALESCE(ndv_compute_bit_vector(_col13),0) (type: bigint), _col13 (type: binary), _col0 (type: string)
                  outputColumnNames: _col0, _col1, _col2, _col3, _col4, _col5, _col6, _col7, _col8, _col9, _col10, _col11, _col12, _col13, _col14, _col15, _col16, _col17, _col18
                  Statistics: Num rows: 1 Data size: 879 Basic stats: COMPLETE Column stats: COMPLETE
                  File Output Operator
                    compressed: false
                    Statistics: Num rows: 1 Data size: 879 Basic stats: COMPLETE Column stats: COMPLETE
                    table:
                        input format: org.apache.hadoop.mapred.SequenceFileInputFormat
                        output format: org.apache.hadoop.hive.ql.io.HiveSequenceFileOutputFormat
                        serde: org.apache.hadoop.hive.serde2.lazy.LazySimpleSerDe

  Stage: Stage-2
    Dependency Collection

  Stage: Stage-0
    Move Operator
      tables:
          partition:
            ds 1
          replace: true
          table:
              input format: org.apache.hadoop.mapred.TextInputFormat
              output format: org.apache.hadoop.hive.ql.io.HiveIgnoreKeyTextOutputFormat
              serde: org.apache.hadoop.hive.serde2.lazy.LazySimpleSerDe
              name: default.test_table3_n3

  Stage: Stage-3
    Stats Work
      Basic Stats Work:
      Column Stats Desc:
          Columns: key, key2, value
          Column Types: int, int, string
          Table: default.test_table3_n3

PREHOOK: query: EXPLAIN
INSERT OVERWRITE TABLE test_table3_n3 PARTITION (ds = '1')
SELECT subq1.key2, subq1.key, subq1.value from
(
SELECT a.key, a.key2, concat(a.value, b.value) as value
FROM test_table1_n3 a JOIN test_table2_n3 b 
ON a.key = b.key and a.key2 = b.key2 WHERE a.ds = '1' and b.ds = '1'
)subq1
PREHOOK: type: QUERY
PREHOOK: Input: default@test_table1_n3
PREHOOK: Input: default@test_table1_n3@ds=1
PREHOOK: Input: default@test_table2_n3
PREHOOK: Input: default@test_table2_n3@ds=1
PREHOOK: Output: default@test_table3_n3@ds=1
POSTHOOK: query: EXPLAIN
INSERT OVERWRITE TABLE test_table3_n3 PARTITION (ds = '1')
SELECT subq1.key2, subq1.key, subq1.value from
(
SELECT a.key, a.key2, concat(a.value, b.value) as value
FROM test_table1_n3 a JOIN test_table2_n3 b 
ON a.key = b.key and a.key2 = b.key2 WHERE a.ds = '1' and b.ds = '1'
)subq1
POSTHOOK: type: QUERY
POSTHOOK: Input: default@test_table1_n3
POSTHOOK: Input: default@test_table1_n3@ds=1
POSTHOOK: Input: default@test_table2_n3
POSTHOOK: Input: default@test_table2_n3@ds=1
POSTHOOK: Output: default@test_table3_n3@ds=1
STAGE DEPENDENCIES:
  Stage-1 is a root stage
  Stage-2 depends on stages: Stage-1
  Stage-0 depends on stages: Stage-2
  Stage-3 depends on stages: Stage-0

STAGE PLANS:
  Stage: Stage-1
    Tez
#### A masked pattern was here ####
      Edges:
        Map 2 <- Map 1 (CUSTOM_EDGE)
        Reducer 3 <- Map 2 (SIMPLE_EDGE)
        Reducer 4 <- Reducer 3 (SIMPLE_EDGE)
#### A masked pattern was here ####
      Vertices:
        Map 1 
            Map Operator Tree:
                TableScan
                  alias: a
                  filterExpr: (key is not null and key2 is not null) (type: boolean)
                  Statistics: Num rows: 10 Data size: 970 Basic stats: COMPLETE Column stats: COMPLETE
                  Filter Operator
                    predicate: (key is not null and key2 is not null) (type: boolean)
                    Statistics: Num rows: 10 Data size: 970 Basic stats: COMPLETE Column stats: COMPLETE
                    Select Operator
                      expressions: key (type: int), key2 (type: int), value (type: string)
                      outputColumnNames: _col0, _col1, _col2
                      Statistics: Num rows: 10 Data size: 970 Basic stats: COMPLETE Column stats: COMPLETE
                      Reduce Output Operator
                        key expressions: _col0 (type: int), _col1 (type: int)
                        null sort order: zz
                        sort order: ++
                        Map-reduce partition columns: _col0 (type: int), _col1 (type: int)
                        Statistics: Num rows: 10 Data size: 970 Basic stats: COMPLETE Column stats: COMPLETE
                        value expressions: _col2 (type: string)
            Execution mode: llap
            LLAP IO: all inputs
        Map 2 
            Map Operator Tree:
                TableScan
                  alias: b
                  filterExpr: (key is not null and key2 is not null) (type: boolean)
                  Statistics: Num rows: 84 Data size: 8232 Basic stats: COMPLETE Column stats: COMPLETE
                  Filter Operator
                    predicate: (key is not null and key2 is not null) (type: boolean)
                    Statistics: Num rows: 84 Data size: 8232 Basic stats: COMPLETE Column stats: COMPLETE
                    Select Operator
                      expressions: key (type: int), key2 (type: int), value (type: string)
                      outputColumnNames: _col0, _col1, _col2
                      Statistics: Num rows: 84 Data size: 8232 Basic stats: COMPLETE Column stats: COMPLETE
                      Map Join Operator
                        condition map:
                             Inner Join 0 to 1
                        keys:
                          0 _col0 (type: int), _col1 (type: int)
                          1 _col0 (type: int), _col1 (type: int)
                        outputColumnNames: _col0, _col1, _col2, _col5
                        input vertices:
                          0 Map 1
                        Statistics: Num rows: 14 Data size: 2618 Basic stats: COMPLETE Column stats: COMPLETE
                        Select Operator
                          expressions: _col1 (type: int), _col0 (type: int), concat(_col2, _col5) (type: string)
                          outputColumnNames: _col0, _col1, _col2
                          Statistics: Num rows: 14 Data size: 2688 Basic stats: COMPLETE Column stats: COMPLETE
                          Reduce Output Operator
                            key expressions: _col0 (type: int), _col1 (type: int)
                            null sort order: az
                            sort order: +-
                            Map-reduce partition columns: _col0 (type: int), _col1 (type: int)
                            Statistics: Num rows: 14 Data size: 2688 Basic stats: COMPLETE Column stats: COMPLETE
                            value expressions: _col2 (type: string)
            Execution mode: llap
            LLAP IO: all inputs
        Reducer 3 
            Execution mode: llap
            Reduce Operator Tree:
              Select Operator
                expressions: KEY.reducesinkkey0 (type: int), KEY.reducesinkkey1 (type: int), VALUE._col0 (type: string)
                outputColumnNames: _col0, _col1, _col2
                Statistics: Num rows: 14 Data size: 2688 Basic stats: COMPLETE Column stats: COMPLETE
                File Output Operator
                  compressed: false
                  Statistics: Num rows: 14 Data size: 2688 Basic stats: COMPLETE Column stats: COMPLETE
                  table:
                      input format: org.apache.hadoop.mapred.TextInputFormat
                      output format: org.apache.hadoop.hive.ql.io.HiveIgnoreKeyTextOutputFormat
                      serde: org.apache.hadoop.hive.serde2.lazy.LazySimpleSerDe
                      name: default.test_table3_n3
                Select Operator
                  expressions: _col0 (type: int), _col1 (type: int), _col2 (type: string), '1' (type: string)
                  outputColumnNames: key, key2, value, ds
                  Statistics: Num rows: 14 Data size: 3878 Basic stats: COMPLETE Column stats: COMPLETE
                  Group By Operator
                    aggregations: min(key), max(key), count(1), count(key), compute_bit_vector_hll(key), min(key2), max(key2), count(key2), compute_bit_vector_hll(key2), max(length(value)), avg(COALESCE(length(value),0)), count(value), compute_bit_vector_hll(value)
                    keys: ds (type: string)
                    minReductionHashAggr: 0.9285714
                    mode: hash
                    outputColumnNames: _col0, _col1, _col2, _col3, _col4, _col5, _col6, _col7, _col8, _col9, _col10, _col11, _col12, _col13
                    Statistics: Num rows: 1 Data size: 645 Basic stats: COMPLETE Column stats: COMPLETE
                    Reduce Output Operator
                      key expressions: _col0 (type: string)
                      null sort order: z
                      sort order: +
                      Map-reduce partition columns: _col0 (type: string)
                      Statistics: Num rows: 1 Data size: 645 Basic stats: COMPLETE Column stats: COMPLETE
                      value expressions: _col1 (type: int), _col2 (type: int), _col3 (type: bigint), _col4 (type: bigint), _col5 (type: binary), _col6 (type: int), _col7 (type: int), _col8 (type: bigint), _col9 (type: binary), _col10 (type: int), _col11 (type: struct<count:bigint,sum:double,input:int>), _col12 (type: bigint), _col13 (type: binary)
        Reducer 4 
            Execution mode: llap
            Reduce Operator Tree:
              Group By Operator
                aggregations: min(VALUE._col0), max(VALUE._col1), count(VALUE._col2), count(VALUE._col3), compute_bit_vector_hll(VALUE._col4), min(VALUE._col5), max(VALUE._col6), count(VALUE._col7), compute_bit_vector_hll(VALUE._col8), max(VALUE._col9), avg(VALUE._col10), count(VALUE._col11), compute_bit_vector_hll(VALUE._col12)
                keys: KEY._col0 (type: string)
                mode: mergepartial
                outputColumnNames: _col0, _col1, _col2, _col3, _col4, _col5, _col6, _col7, _col8, _col9, _col10, _col11, _col12, _col13
                Statistics: Num rows: 1 Data size: 577 Basic stats: COMPLETE Column stats: COMPLETE
                Select Operator
                  expressions: 'LONG' (type: string), UDFToLong(_col1) (type: bigint), UDFToLong(_col2) (type: bigint), (_col3 - _col4) (type: bigint), COALESCE(ndv_compute_bit_vector(_col5),0) (type: bigint), _col5 (type: binary), 'LONG' (type: string), UDFToLong(_col6) (type: bigint), UDFToLong(_col7) (type: bigint), (_col3 - _col8) (type: bigint), COALESCE(ndv_compute_bit_vector(_col9),0) (type: bigint), _col9 (type: binary), 'STRING' (type: string), UDFToLong(COALESCE(_col10,0)) (type: bigint), COALESCE(_col11,0) (type: double), (_col3 - _col12) (type: bigint), COALESCE(ndv_compute_bit_vector(_col13),0) (type: bigint), _col13 (type: binary), _col0 (type: string)
                  outputColumnNames: _col0, _col1, _col2, _col3, _col4, _col5, _col6, _col7, _col8, _col9, _col10, _col11, _col12, _col13, _col14, _col15, _col16, _col17, _col18
                  Statistics: Num rows: 1 Data size: 879 Basic stats: COMPLETE Column stats: COMPLETE
                  File Output Operator
                    compressed: false
                    Statistics: Num rows: 1 Data size: 879 Basic stats: COMPLETE Column stats: COMPLETE
                    table:
                        input format: org.apache.hadoop.mapred.SequenceFileInputFormat
                        output format: org.apache.hadoop.hive.ql.io.HiveSequenceFileOutputFormat
                        serde: org.apache.hadoop.hive.serde2.lazy.LazySimpleSerDe

  Stage: Stage-2
    Dependency Collection

  Stage: Stage-0
    Move Operator
      tables:
          partition:
            ds 1
          replace: true
          table:
              input format: org.apache.hadoop.mapred.TextInputFormat
              output format: org.apache.hadoop.hive.ql.io.HiveIgnoreKeyTextOutputFormat
              serde: org.apache.hadoop.hive.serde2.lazy.LazySimpleSerDe
              name: default.test_table3_n3

  Stage: Stage-3
    Stats Work
      Basic Stats Work:
      Column Stats Desc:
          Columns: key, key2, value
          Column Types: int, int, string
          Table: default.test_table3_n3

PREHOOK: query: EXPLAIN
INSERT OVERWRITE TABLE test_table3_n3 PARTITION (ds = '1')
SELECT subq2.key, subq2.key2, subq2.value from
(
SELECT subq1.key2, subq1.key, subq1.value from
(
SELECT a.key, a.key2, concat(a.value, b.value) as value
FROM test_table1_n3 a JOIN test_table2_n3 b 
ON a.key = b.key and a.key2 = b.key2 WHERE a.ds = '1' and b.ds = '1'
)subq1
)subq2
PREHOOK: type: QUERY
PREHOOK: Input: default@test_table1_n3
PREHOOK: Input: default@test_table1_n3@ds=1
PREHOOK: Input: default@test_table2_n3
PREHOOK: Input: default@test_table2_n3@ds=1
PREHOOK: Output: default@test_table3_n3@ds=1
POSTHOOK: query: EXPLAIN
INSERT OVERWRITE TABLE test_table3_n3 PARTITION (ds = '1')
SELECT subq2.key, subq2.key2, subq2.value from
(
SELECT subq1.key2, subq1.key, subq1.value from
(
SELECT a.key, a.key2, concat(a.value, b.value) as value
FROM test_table1_n3 a JOIN test_table2_n3 b 
ON a.key = b.key and a.key2 = b.key2 WHERE a.ds = '1' and b.ds = '1'
)subq1
)subq2
POSTHOOK: type: QUERY
POSTHOOK: Input: default@test_table1_n3
POSTHOOK: Input: default@test_table1_n3@ds=1
POSTHOOK: Input: default@test_table2_n3
POSTHOOK: Input: default@test_table2_n3@ds=1
POSTHOOK: Output: default@test_table3_n3@ds=1
STAGE DEPENDENCIES:
  Stage-1 is a root stage
  Stage-2 depends on stages: Stage-1
  Stage-0 depends on stages: Stage-2
  Stage-3 depends on stages: Stage-0

STAGE PLANS:
  Stage: Stage-1
    Tez
#### A masked pattern was here ####
      Edges:
        Map 2 <- Map 1 (CUSTOM_EDGE)
        Reducer 3 <- Map 2 (SIMPLE_EDGE)
        Reducer 4 <- Reducer 3 (SIMPLE_EDGE)
#### A masked pattern was here ####
      Vertices:
        Map 1 
            Map Operator Tree:
                TableScan
                  alias: a
                  filterExpr: (key is not null and key2 is not null) (type: boolean)
                  Statistics: Num rows: 10 Data size: 970 Basic stats: COMPLETE Column stats: COMPLETE
                  Filter Operator
                    predicate: (key is not null and key2 is not null) (type: boolean)
                    Statistics: Num rows: 10 Data size: 970 Basic stats: COMPLETE Column stats: COMPLETE
                    Select Operator
                      expressions: key (type: int), key2 (type: int), value (type: string)
                      outputColumnNames: _col0, _col1, _col2
                      Statistics: Num rows: 10 Data size: 970 Basic stats: COMPLETE Column stats: COMPLETE
                      Reduce Output Operator
                        key expressions: _col0 (type: int), _col1 (type: int)
                        null sort order: zz
                        sort order: ++
                        Map-reduce partition columns: _col0 (type: int), _col1 (type: int)
                        Statistics: Num rows: 10 Data size: 970 Basic stats: COMPLETE Column stats: COMPLETE
                        value expressions: _col2 (type: string)
            Execution mode: llap
            LLAP IO: all inputs
        Map 2 
            Map Operator Tree:
                TableScan
                  alias: b
                  filterExpr: (key is not null and key2 is not null) (type: boolean)
                  Statistics: Num rows: 84 Data size: 8232 Basic stats: COMPLETE Column stats: COMPLETE
                  Filter Operator
                    predicate: (key is not null and key2 is not null) (type: boolean)
                    Statistics: Num rows: 84 Data size: 8232 Basic stats: COMPLETE Column stats: COMPLETE
                    Select Operator
                      expressions: key (type: int), key2 (type: int), value (type: string)
                      outputColumnNames: _col0, _col1, _col2
                      Statistics: Num rows: 84 Data size: 8232 Basic stats: COMPLETE Column stats: COMPLETE
                      Map Join Operator
                        condition map:
                             Inner Join 0 to 1
                        keys:
                          0 _col0 (type: int), _col1 (type: int)
                          1 _col0 (type: int), _col1 (type: int)
                        outputColumnNames: _col0, _col1, _col2, _col5
                        input vertices:
                          0 Map 1
                        Statistics: Num rows: 14 Data size: 2618 Basic stats: COMPLETE Column stats: COMPLETE
                        Select Operator
                          expressions: _col0 (type: int), _col1 (type: int), concat(_col2, _col5) (type: string)
                          outputColumnNames: _col0, _col1, _col2
                          Statistics: Num rows: 14 Data size: 2688 Basic stats: COMPLETE Column stats: COMPLETE
                          Reduce Output Operator
                            key expressions: _col0 (type: int), _col1 (type: int)
                            null sort order: az
                            sort order: +-
                            Map-reduce partition columns: _col0 (type: int), _col1 (type: int)
                            Statistics: Num rows: 14 Data size: 2688 Basic stats: COMPLETE Column stats: COMPLETE
                            value expressions: _col2 (type: string)
            Execution mode: llap
            LLAP IO: all inputs
        Reducer 3 
            Execution mode: llap
            Reduce Operator Tree:
              Select Operator
                expressions: KEY.reducesinkkey0 (type: int), KEY.reducesinkkey1 (type: int), VALUE._col0 (type: string)
                outputColumnNames: _col0, _col1, _col2
                Statistics: Num rows: 14 Data size: 2688 Basic stats: COMPLETE Column stats: COMPLETE
                File Output Operator
                  compressed: false
                  Statistics: Num rows: 14 Data size: 2688 Basic stats: COMPLETE Column stats: COMPLETE
                  table:
                      input format: org.apache.hadoop.mapred.TextInputFormat
                      output format: org.apache.hadoop.hive.ql.io.HiveIgnoreKeyTextOutputFormat
                      serde: org.apache.hadoop.hive.serde2.lazy.LazySimpleSerDe
                      name: default.test_table3_n3
                Select Operator
                  expressions: _col0 (type: int), _col1 (type: int), _col2 (type: string), '1' (type: string)
                  outputColumnNames: key, key2, value, ds
                  Statistics: Num rows: 14 Data size: 3878 Basic stats: COMPLETE Column stats: COMPLETE
                  Group By Operator
                    aggregations: min(key), max(key), count(1), count(key), compute_bit_vector_hll(key), min(key2), max(key2), count(key2), compute_bit_vector_hll(key2), max(length(value)), avg(COALESCE(length(value),0)), count(value), compute_bit_vector_hll(value)
                    keys: ds (type: string)
                    minReductionHashAggr: 0.9285714
                    mode: hash
                    outputColumnNames: _col0, _col1, _col2, _col3, _col4, _col5, _col6, _col7, _col8, _col9, _col10, _col11, _col12, _col13
                    Statistics: Num rows: 1 Data size: 645 Basic stats: COMPLETE Column stats: COMPLETE
                    Reduce Output Operator
                      key expressions: _col0 (type: string)
                      null sort order: z
                      sort order: +
                      Map-reduce partition columns: _col0 (type: string)
                      Statistics: Num rows: 1 Data size: 645 Basic stats: COMPLETE Column stats: COMPLETE
                      value expressions: _col1 (type: int), _col2 (type: int), _col3 (type: bigint), _col4 (type: bigint), _col5 (type: binary), _col6 (type: int), _col7 (type: int), _col8 (type: bigint), _col9 (type: binary), _col10 (type: int), _col11 (type: struct<count:bigint,sum:double,input:int>), _col12 (type: bigint), _col13 (type: binary)
        Reducer 4 
            Execution mode: llap
            Reduce Operator Tree:
              Group By Operator
                aggregations: min(VALUE._col0), max(VALUE._col1), count(VALUE._col2), count(VALUE._col3), compute_bit_vector_hll(VALUE._col4), min(VALUE._col5), max(VALUE._col6), count(VALUE._col7), compute_bit_vector_hll(VALUE._col8), max(VALUE._col9), avg(VALUE._col10), count(VALUE._col11), compute_bit_vector_hll(VALUE._col12)
                keys: KEY._col0 (type: string)
                mode: mergepartial
                outputColumnNames: _col0, _col1, _col2, _col3, _col4, _col5, _col6, _col7, _col8, _col9, _col10, _col11, _col12, _col13
                Statistics: Num rows: 1 Data size: 577 Basic stats: COMPLETE Column stats: COMPLETE
                Select Operator
                  expressions: 'LONG' (type: string), UDFToLong(_col1) (type: bigint), UDFToLong(_col2) (type: bigint), (_col3 - _col4) (type: bigint), COALESCE(ndv_compute_bit_vector(_col5),0) (type: bigint), _col5 (type: binary), 'LONG' (type: string), UDFToLong(_col6) (type: bigint), UDFToLong(_col7) (type: bigint), (_col3 - _col8) (type: bigint), COALESCE(ndv_compute_bit_vector(_col9),0) (type: bigint), _col9 (type: binary), 'STRING' (type: string), UDFToLong(COALESCE(_col10,0)) (type: bigint), COALESCE(_col11,0) (type: double), (_col3 - _col12) (type: bigint), COALESCE(ndv_compute_bit_vector(_col13),0) (type: bigint), _col13 (type: binary), _col0 (type: string)
                  outputColumnNames: _col0, _col1, _col2, _col3, _col4, _col5, _col6, _col7, _col8, _col9, _col10, _col11, _col12, _col13, _col14, _col15, _col16, _col17, _col18
                  Statistics: Num rows: 1 Data size: 879 Basic stats: COMPLETE Column stats: COMPLETE
                  File Output Operator
                    compressed: false
                    Statistics: Num rows: 1 Data size: 879 Basic stats: COMPLETE Column stats: COMPLETE
                    table:
                        input format: org.apache.hadoop.mapred.SequenceFileInputFormat
                        output format: org.apache.hadoop.hive.ql.io.HiveSequenceFileOutputFormat
                        serde: org.apache.hadoop.hive.serde2.lazy.LazySimpleSerDe

  Stage: Stage-2
    Dependency Collection

  Stage: Stage-0
    Move Operator
      tables:
          partition:
            ds 1
          replace: true
          table:
              input format: org.apache.hadoop.mapred.TextInputFormat
              output format: org.apache.hadoop.hive.ql.io.HiveIgnoreKeyTextOutputFormat
              serde: org.apache.hadoop.hive.serde2.lazy.LazySimpleSerDe
              name: default.test_table3_n3

  Stage: Stage-3
    Stats Work
      Basic Stats Work:
      Column Stats Desc:
          Columns: key, key2, value
          Column Types: int, int, string
          Table: default.test_table3_n3

PREHOOK: query: INSERT OVERWRITE TABLE test_table3_n3 PARTITION (ds = '1')
SELECT subq2.key, subq2.key2, subq2.value from
(
SELECT subq1.key2, subq1.key, subq1.value from
(
SELECT a.key, a.key2, concat(a.value, b.value) as value
FROM test_table1_n3 a JOIN test_table2_n3 b 
ON a.key = b.key and a.key2 = b.key2 WHERE a.ds = '1' and b.ds = '1'
)subq1
)subq2
PREHOOK: type: QUERY
PREHOOK: Input: default@test_table1_n3
PREHOOK: Input: default@test_table1_n3@ds=1
PREHOOK: Input: default@test_table2_n3
PREHOOK: Input: default@test_table2_n3@ds=1
PREHOOK: Output: default@test_table3_n3@ds=1
POSTHOOK: query: INSERT OVERWRITE TABLE test_table3_n3 PARTITION (ds = '1')
SELECT subq2.key, subq2.key2, subq2.value from
(
SELECT subq1.key2, subq1.key, subq1.value from
(
SELECT a.key, a.key2, concat(a.value, b.value) as value
FROM test_table1_n3 a JOIN test_table2_n3 b 
ON a.key = b.key and a.key2 = b.key2 WHERE a.ds = '1' and b.ds = '1'
)subq1
)subq2
POSTHOOK: type: QUERY
POSTHOOK: Input: default@test_table1_n3
POSTHOOK: Input: default@test_table1_n3@ds=1
POSTHOOK: Input: default@test_table2_n3
POSTHOOK: Input: default@test_table2_n3@ds=1
POSTHOOK: Output: default@test_table3_n3@ds=1
POSTHOOK: Lineage: test_table3_n3 PARTITION(ds=1).key SIMPLE [(test_table1_n3)a.FieldSchema(name:key, type:int, comment:null), ]
POSTHOOK: Lineage: test_table3_n3 PARTITION(ds=1).key2 SIMPLE [(test_table1_n3)a.FieldSchema(name:key2, type:int, comment:null), ]
POSTHOOK: Lineage: test_table3_n3 PARTITION(ds=1).value EXPRESSION [(test_table1_n3)a.FieldSchema(name:value, type:string, comment:null), (test_table2_n3)b.FieldSchema(name:value, type:string, comment:null), ]
PREHOOK: query: select * from test_table3_n3 tablesample (bucket 1 out of 2) s where ds = '1'
PREHOOK: type: QUERY
PREHOOK: Input: default@test_table3_n3
PREHOOK: Input: default@test_table3_n3@ds=1
#### A masked pattern was here ####
POSTHOOK: query: select * from test_table3_n3 tablesample (bucket 1 out of 2) s where ds = '1'
POSTHOOK: type: QUERY
POSTHOOK: Input: default@test_table3_n3
POSTHOOK: Input: default@test_table3_n3@ds=1
#### A masked pattern was here ####
0	1	val_0val_0	1
0	1	val_0val_0	1
0	1	val_0val_0	1
0	1	val_0val_0	1
0	1	val_0val_0	1
0	1	val_0val_0	1
0	1	val_0val_0	1
0	1	val_0val_0	1
0	1	val_0val_0	1
2	3	val_2val_2	1
4	5	val_4val_4	1
8	9	val_8val_8	1
PREHOOK: query: select * from test_table3_n3 tablesample (bucket 2 out of 2) s where ds = '1'
PREHOOK: type: QUERY
PREHOOK: Input: default@test_table3_n3
PREHOOK: Input: default@test_table3_n3@ds=1
#### A masked pattern was here ####
POSTHOOK: query: select * from test_table3_n3 tablesample (bucket 2 out of 2) s where ds = '1'
POSTHOOK: type: QUERY
POSTHOOK: Input: default@test_table3_n3
POSTHOOK: Input: default@test_table3_n3@ds=1
#### A masked pattern was here ####
5	6	val_5val_5	1
5	6	val_5val_5	1
5	6	val_5val_5	1
5	6	val_5val_5	1
5	6	val_5val_5	1
5	6	val_5val_5	1
5	6	val_5val_5	1
5	6	val_5val_5	1
5	6	val_5val_5	1
9	10	val_9val_9	1
PREHOOK: query: EXPLAIN
INSERT OVERWRITE TABLE test_table3_n3 PARTITION (ds = '1')
SELECT subq2.k2, subq2.k1, subq2.value from
(
SELECT subq1.key2 as k1, subq1.key as k2, subq1.value from
(
SELECT a.key, a.key2, concat(a.value, b.value) as value
FROM test_table1_n3 a JOIN test_table2_n3 b 
ON a.key = b.key and a.key2 = b.key2 WHERE a.ds = '1' and b.ds = '1'
)subq1
)subq2
PREHOOK: type: QUERY
PREHOOK: Input: default@test_table1_n3
PREHOOK: Input: default@test_table1_n3@ds=1
PREHOOK: Input: default@test_table2_n3
PREHOOK: Input: default@test_table2_n3@ds=1
PREHOOK: Output: default@test_table3_n3@ds=1
POSTHOOK: query: EXPLAIN
INSERT OVERWRITE TABLE test_table3_n3 PARTITION (ds = '1')
SELECT subq2.k2, subq2.k1, subq2.value from
(
SELECT subq1.key2 as k1, subq1.key as k2, subq1.value from
(
SELECT a.key, a.key2, concat(a.value, b.value) as value
FROM test_table1_n3 a JOIN test_table2_n3 b 
ON a.key = b.key and a.key2 = b.key2 WHERE a.ds = '1' and b.ds = '1'
)subq1
)subq2
POSTHOOK: type: QUERY
POSTHOOK: Input: default@test_table1_n3
POSTHOOK: Input: default@test_table1_n3@ds=1
POSTHOOK: Input: default@test_table2_n3
POSTHOOK: Input: default@test_table2_n3@ds=1
POSTHOOK: Output: default@test_table3_n3@ds=1
STAGE DEPENDENCIES:
  Stage-1 is a root stage
  Stage-2 depends on stages: Stage-1
  Stage-0 depends on stages: Stage-2
  Stage-3 depends on stages: Stage-0

STAGE PLANS:
  Stage: Stage-1
    Tez
#### A masked pattern was here ####
      Edges:
        Map 2 <- Map 1 (CUSTOM_EDGE)
        Reducer 3 <- Map 2 (SIMPLE_EDGE)
        Reducer 4 <- Reducer 3 (SIMPLE_EDGE)
#### A masked pattern was here ####
      Vertices:
        Map 1 
            Map Operator Tree:
                TableScan
                  alias: a
                  filterExpr: (key is not null and key2 is not null) (type: boolean)
                  Statistics: Num rows: 10 Data size: 970 Basic stats: COMPLETE Column stats: COMPLETE
                  Filter Operator
                    predicate: (key is not null and key2 is not null) (type: boolean)
                    Statistics: Num rows: 10 Data size: 970 Basic stats: COMPLETE Column stats: COMPLETE
                    Select Operator
                      expressions: key (type: int), key2 (type: int), value (type: string)
                      outputColumnNames: _col0, _col1, _col2
                      Statistics: Num rows: 10 Data size: 970 Basic stats: COMPLETE Column stats: COMPLETE
                      Reduce Output Operator
                        key expressions: _col0 (type: int), _col1 (type: int)
                        null sort order: zz
                        sort order: ++
                        Map-reduce partition columns: _col0 (type: int), _col1 (type: int)
                        Statistics: Num rows: 10 Data size: 970 Basic stats: COMPLETE Column stats: COMPLETE
                        value expressions: _col2 (type: string)
            Execution mode: llap
            LLAP IO: all inputs
        Map 2 
            Map Operator Tree:
                TableScan
                  alias: b
                  filterExpr: (key is not null and key2 is not null) (type: boolean)
                  Statistics: Num rows: 84 Data size: 8232 Basic stats: COMPLETE Column stats: COMPLETE
                  Filter Operator
                    predicate: (key is not null and key2 is not null) (type: boolean)
                    Statistics: Num rows: 84 Data size: 8232 Basic stats: COMPLETE Column stats: COMPLETE
                    Select Operator
                      expressions: key (type: int), key2 (type: int), value (type: string)
                      outputColumnNames: _col0, _col1, _col2
                      Statistics: Num rows: 84 Data size: 8232 Basic stats: COMPLETE Column stats: COMPLETE
                      Map Join Operator
                        condition map:
                             Inner Join 0 to 1
                        keys:
                          0 _col0 (type: int), _col1 (type: int)
                          1 _col0 (type: int), _col1 (type: int)
                        outputColumnNames: _col0, _col1, _col2, _col5
                        input vertices:
                          0 Map 1
                        Statistics: Num rows: 14 Data size: 2618 Basic stats: COMPLETE Column stats: COMPLETE
                        Select Operator
                          expressions: _col0 (type: int), _col1 (type: int), concat(_col2, _col5) (type: string)
                          outputColumnNames: _col0, _col1, _col2
                          Statistics: Num rows: 14 Data size: 2688 Basic stats: COMPLETE Column stats: COMPLETE
                          Reduce Output Operator
                            key expressions: _col0 (type: int), _col1 (type: int)
                            null sort order: az
                            sort order: +-
                            Map-reduce partition columns: _col0 (type: int), _col1 (type: int)
                            Statistics: Num rows: 14 Data size: 2688 Basic stats: COMPLETE Column stats: COMPLETE
                            value expressions: _col2 (type: string)
            Execution mode: llap
            LLAP IO: all inputs
        Reducer 3 
            Execution mode: llap
            Reduce Operator Tree:
              Select Operator
                expressions: KEY.reducesinkkey0 (type: int), KEY.reducesinkkey1 (type: int), VALUE._col0 (type: string)
                outputColumnNames: _col0, _col1, _col2
                Statistics: Num rows: 14 Data size: 2688 Basic stats: COMPLETE Column stats: COMPLETE
                File Output Operator
                  compressed: false
                  Statistics: Num rows: 14 Data size: 2688 Basic stats: COMPLETE Column stats: COMPLETE
                  table:
                      input format: org.apache.hadoop.mapred.TextInputFormat
                      output format: org.apache.hadoop.hive.ql.io.HiveIgnoreKeyTextOutputFormat
                      serde: org.apache.hadoop.hive.serde2.lazy.LazySimpleSerDe
                      name: default.test_table3_n3
                Select Operator
                  expressions: _col0 (type: int), _col1 (type: int), _col2 (type: string), '1' (type: string)
                  outputColumnNames: key, key2, value, ds
                  Statistics: Num rows: 14 Data size: 3878 Basic stats: COMPLETE Column stats: COMPLETE
                  Group By Operator
                    aggregations: min(key), max(key), count(1), count(key), compute_bit_vector_hll(key), min(key2), max(key2), count(key2), compute_bit_vector_hll(key2), max(length(value)), avg(COALESCE(length(value),0)), count(value), compute_bit_vector_hll(value)
                    keys: ds (type: string)
                    minReductionHashAggr: 0.9285714
                    mode: hash
                    outputColumnNames: _col0, _col1, _col2, _col3, _col4, _col5, _col6, _col7, _col8, _col9, _col10, _col11, _col12, _col13
                    Statistics: Num rows: 1 Data size: 645 Basic stats: COMPLETE Column stats: COMPLETE
                    Reduce Output Operator
                      key expressions: _col0 (type: string)
                      null sort order: z
                      sort order: +
                      Map-reduce partition columns: _col0 (type: string)
                      Statistics: Num rows: 1 Data size: 645 Basic stats: COMPLETE Column stats: COMPLETE
                      value expressions: _col1 (type: int), _col2 (type: int), _col3 (type: bigint), _col4 (type: bigint), _col5 (type: binary), _col6 (type: int), _col7 (type: int), _col8 (type: bigint), _col9 (type: binary), _col10 (type: int), _col11 (type: struct<count:bigint,sum:double,input:int>), _col12 (type: bigint), _col13 (type: binary)
        Reducer 4 
            Execution mode: llap
            Reduce Operator Tree:
              Group By Operator
                aggregations: min(VALUE._col0), max(VALUE._col1), count(VALUE._col2), count(VALUE._col3), compute_bit_vector_hll(VALUE._col4), min(VALUE._col5), max(VALUE._col6), count(VALUE._col7), compute_bit_vector_hll(VALUE._col8), max(VALUE._col9), avg(VALUE._col10), count(VALUE._col11), compute_bit_vector_hll(VALUE._col12)
                keys: KEY._col0 (type: string)
                mode: mergepartial
                outputColumnNames: _col0, _col1, _col2, _col3, _col4, _col5, _col6, _col7, _col8, _col9, _col10, _col11, _col12, _col13
                Statistics: Num rows: 1 Data size: 577 Basic stats: COMPLETE Column stats: COMPLETE
                Select Operator
                  expressions: 'LONG' (type: string), UDFToLong(_col1) (type: bigint), UDFToLong(_col2) (type: bigint), (_col3 - _col4) (type: bigint), COALESCE(ndv_compute_bit_vector(_col5),0) (type: bigint), _col5 (type: binary), 'LONG' (type: string), UDFToLong(_col6) (type: bigint), UDFToLong(_col7) (type: bigint), (_col3 - _col8) (type: bigint), COALESCE(ndv_compute_bit_vector(_col9),0) (type: bigint), _col9 (type: binary), 'STRING' (type: string), UDFToLong(COALESCE(_col10,0)) (type: bigint), COALESCE(_col11,0) (type: double), (_col3 - _col12) (type: bigint), COALESCE(ndv_compute_bit_vector(_col13),0) (type: bigint), _col13 (type: binary), _col0 (type: string)
                  outputColumnNames: _col0, _col1, _col2, _col3, _col4, _col5, _col6, _col7, _col8, _col9, _col10, _col11, _col12, _col13, _col14, _col15, _col16, _col17, _col18
                  Statistics: Num rows: 1 Data size: 879 Basic stats: COMPLETE Column stats: COMPLETE
                  File Output Operator
                    compressed: false
                    Statistics: Num rows: 1 Data size: 879 Basic stats: COMPLETE Column stats: COMPLETE
                    table:
                        input format: org.apache.hadoop.mapred.SequenceFileInputFormat
                        output format: org.apache.hadoop.hive.ql.io.HiveSequenceFileOutputFormat
                        serde: org.apache.hadoop.hive.serde2.lazy.LazySimpleSerDe

  Stage: Stage-2
    Dependency Collection

  Stage: Stage-0
    Move Operator
      tables:
          partition:
            ds 1
          replace: true
          table:
              input format: org.apache.hadoop.mapred.TextInputFormat
              output format: org.apache.hadoop.hive.ql.io.HiveIgnoreKeyTextOutputFormat
              serde: org.apache.hadoop.hive.serde2.lazy.LazySimpleSerDe
              name: default.test_table3_n3

  Stage: Stage-3
    Stats Work
      Basic Stats Work:
      Column Stats Desc:
          Columns: key, key2, value
          Column Types: int, int, string
          Table: default.test_table3_n3

PREHOOK: query: INSERT OVERWRITE TABLE test_table3_n3 PARTITION (ds = '1')
SELECT subq2.k2, subq2.k1, subq2.value from
(
SELECT subq1.key2 as k1, subq1.key  as k2, subq1.value from
(
SELECT a.key, a.key2, concat(a.value, b.value) as value
FROM test_table1_n3 a JOIN test_table2_n3 b 
ON a.key = b.key and a.key2 = b.key2 WHERE a.ds = '1' and b.ds = '1'
)subq1
)subq2
PREHOOK: type: QUERY
PREHOOK: Input: default@test_table1_n3
PREHOOK: Input: default@test_table1_n3@ds=1
PREHOOK: Input: default@test_table2_n3
PREHOOK: Input: default@test_table2_n3@ds=1
PREHOOK: Output: default@test_table3_n3@ds=1
POSTHOOK: query: INSERT OVERWRITE TABLE test_table3_n3 PARTITION (ds = '1')
SELECT subq2.k2, subq2.k1, subq2.value from
(
SELECT subq1.key2 as k1, subq1.key  as k2, subq1.value from
(
SELECT a.key, a.key2, concat(a.value, b.value) as value
FROM test_table1_n3 a JOIN test_table2_n3 b 
ON a.key = b.key and a.key2 = b.key2 WHERE a.ds = '1' and b.ds = '1'
)subq1
)subq2
POSTHOOK: type: QUERY
POSTHOOK: Input: default@test_table1_n3
POSTHOOK: Input: default@test_table1_n3@ds=1
POSTHOOK: Input: default@test_table2_n3
POSTHOOK: Input: default@test_table2_n3@ds=1
POSTHOOK: Output: default@test_table3_n3@ds=1
POSTHOOK: Lineage: test_table3_n3 PARTITION(ds=1).key SIMPLE [(test_table1_n3)a.FieldSchema(name:key, type:int, comment:null), ]
POSTHOOK: Lineage: test_table3_n3 PARTITION(ds=1).key2 SIMPLE [(test_table1_n3)a.FieldSchema(name:key2, type:int, comment:null), ]
POSTHOOK: Lineage: test_table3_n3 PARTITION(ds=1).value EXPRESSION [(test_table1_n3)a.FieldSchema(name:value, type:string, comment:null), (test_table2_n3)b.FieldSchema(name:value, type:string, comment:null), ]
PREHOOK: query: select * from test_table3_n3 tablesample (bucket 1 out of 2) s where ds = '1'
PREHOOK: type: QUERY
PREHOOK: Input: default@test_table3_n3
PREHOOK: Input: default@test_table3_n3@ds=1
#### A masked pattern was here ####
POSTHOOK: query: select * from test_table3_n3 tablesample (bucket 1 out of 2) s where ds = '1'
POSTHOOK: type: QUERY
POSTHOOK: Input: default@test_table3_n3
POSTHOOK: Input: default@test_table3_n3@ds=1
#### A masked pattern was here ####
0	1	val_0val_0	1
0	1	val_0val_0	1
0	1	val_0val_0	1
0	1	val_0val_0	1
0	1	val_0val_0	1
0	1	val_0val_0	1
0	1	val_0val_0	1
0	1	val_0val_0	1
0	1	val_0val_0	1
2	3	val_2val_2	1
4	5	val_4val_4	1
8	9	val_8val_8	1
PREHOOK: query: select * from test_table3_n3 tablesample (bucket 2 out of 2) s where ds = '1'
PREHOOK: type: QUERY
PREHOOK: Input: default@test_table3_n3
PREHOOK: Input: default@test_table3_n3@ds=1
#### A masked pattern was here ####
POSTHOOK: query: select * from test_table3_n3 tablesample (bucket 2 out of 2) s where ds = '1'
POSTHOOK: type: QUERY
POSTHOOK: Input: default@test_table3_n3
POSTHOOK: Input: default@test_table3_n3@ds=1
#### A masked pattern was here ####
5	6	val_5val_5	1
5	6	val_5val_5	1
5	6	val_5val_5	1
5	6	val_5val_5	1
5	6	val_5val_5	1
5	6	val_5val_5	1
5	6	val_5val_5	1
5	6	val_5val_5	1
5	6	val_5val_5	1
9	10	val_9val_9	1
PREHOOK: query: CREATE TABLE test_table4 (key INT, key2 INT, value STRING) PARTITIONED BY (ds STRING)
CLUSTERED BY (key, key2) SORTED BY (key DESC, key2 DESC) INTO 2 BUCKETS
PREHOOK: type: CREATETABLE
PREHOOK: Output: database:default
PREHOOK: Output: default@test_table4
POSTHOOK: query: CREATE TABLE test_table4 (key INT, key2 INT, value STRING) PARTITIONED BY (ds STRING)
CLUSTERED BY (key, key2) SORTED BY (key DESC, key2 DESC) INTO 2 BUCKETS
POSTHOOK: type: CREATETABLE
POSTHOOK: Output: database:default
POSTHOOK: Output: default@test_table4
PREHOOK: query: EXPLAIN
INSERT OVERWRITE TABLE test_table4 PARTITION (ds = '1')
SELECT subq2.k2, subq2.k1, subq2.value from
(
SELECT subq1.key2 as k1, subq1.key  as k2, subq1.value from
(
SELECT a.key, a.key2, concat(a.value, b.value) as value
FROM test_table1_n3 a JOIN test_table2_n3 b 
ON a.key = b.key and a.key2 = b.key2 WHERE a.ds = '1' and b.ds = '1'
)subq1
)subq2
PREHOOK: type: QUERY
PREHOOK: Input: default@test_table1_n3
PREHOOK: Input: default@test_table1_n3@ds=1
PREHOOK: Input: default@test_table2_n3
PREHOOK: Input: default@test_table2_n3@ds=1
PREHOOK: Output: default@test_table4@ds=1
POSTHOOK: query: EXPLAIN
INSERT OVERWRITE TABLE test_table4 PARTITION (ds = '1')
SELECT subq2.k2, subq2.k1, subq2.value from
(
SELECT subq1.key2 as k1, subq1.key  as k2, subq1.value from
(
SELECT a.key, a.key2, concat(a.value, b.value) as value
FROM test_table1_n3 a JOIN test_table2_n3 b 
ON a.key = b.key and a.key2 = b.key2 WHERE a.ds = '1' and b.ds = '1'
)subq1
)subq2
POSTHOOK: type: QUERY
POSTHOOK: Input: default@test_table1_n3
POSTHOOK: Input: default@test_table1_n3@ds=1
POSTHOOK: Input: default@test_table2_n3
POSTHOOK: Input: default@test_table2_n3@ds=1
POSTHOOK: Output: default@test_table4@ds=1
STAGE DEPENDENCIES:
  Stage-1 is a root stage
  Stage-2 depends on stages: Stage-1
  Stage-0 depends on stages: Stage-2
  Stage-3 depends on stages: Stage-0

STAGE PLANS:
  Stage: Stage-1
    Tez
#### A masked pattern was here ####
      Edges:
        Map 2 <- Map 1 (CUSTOM_EDGE)
        Reducer 3 <- Map 2 (SIMPLE_EDGE)
        Reducer 4 <- Reducer 3 (SIMPLE_EDGE)
#### A masked pattern was here ####
      Vertices:
        Map 1 
            Map Operator Tree:
                TableScan
                  alias: a
                  filterExpr: (key is not null and key2 is not null) (type: boolean)
                  Statistics: Num rows: 10 Data size: 970 Basic stats: COMPLETE Column stats: COMPLETE
                  Filter Operator
                    predicate: (key is not null and key2 is not null) (type: boolean)
                    Statistics: Num rows: 10 Data size: 970 Basic stats: COMPLETE Column stats: COMPLETE
                    Select Operator
                      expressions: key (type: int), key2 (type: int), value (type: string)
                      outputColumnNames: _col0, _col1, _col2
                      Statistics: Num rows: 10 Data size: 970 Basic stats: COMPLETE Column stats: COMPLETE
                      Reduce Output Operator
                        key expressions: _col0 (type: int), _col1 (type: int)
                        null sort order: zz
                        sort order: ++
                        Map-reduce partition columns: _col0 (type: int), _col1 (type: int)
                        Statistics: Num rows: 10 Data size: 970 Basic stats: COMPLETE Column stats: COMPLETE
                        value expressions: _col2 (type: string)
            Execution mode: llap
            LLAP IO: all inputs
        Map 2 
            Map Operator Tree:
                TableScan
                  alias: b
                  filterExpr: (key is not null and key2 is not null) (type: boolean)
                  Statistics: Num rows: 84 Data size: 8232 Basic stats: COMPLETE Column stats: COMPLETE
                  Filter Operator
                    predicate: (key is not null and key2 is not null) (type: boolean)
                    Statistics: Num rows: 84 Data size: 8232 Basic stats: COMPLETE Column stats: COMPLETE
                    Select Operator
                      expressions: key (type: int), key2 (type: int), value (type: string)
                      outputColumnNames: _col0, _col1, _col2
                      Statistics: Num rows: 84 Data size: 8232 Basic stats: COMPLETE Column stats: COMPLETE
                      Map Join Operator
                        condition map:
                             Inner Join 0 to 1
                        keys:
                          0 _col0 (type: int), _col1 (type: int)
                          1 _col0 (type: int), _col1 (type: int)
                        outputColumnNames: _col0, _col1, _col2, _col5
                        input vertices:
                          0 Map 1
                        Statistics: Num rows: 14 Data size: 2618 Basic stats: COMPLETE Column stats: COMPLETE
                        Select Operator
                          expressions: _col0 (type: int), _col1 (type: int), concat(_col2, _col5) (type: string)
                          outputColumnNames: _col0, _col1, _col2
                          Statistics: Num rows: 14 Data size: 2688 Basic stats: COMPLETE Column stats: COMPLETE
                          Reduce Output Operator
                            key expressions: _col0 (type: int), _col1 (type: int)
                            null sort order: zz
                            sort order: --
                            Map-reduce partition columns: _col0 (type: int), _col1 (type: int)
                            Statistics: Num rows: 14 Data size: 2688 Basic stats: COMPLETE Column stats: COMPLETE
                            value expressions: _col2 (type: string)
            Execution mode: llap
            LLAP IO: all inputs
        Reducer 3 
            Execution mode: llap
            Reduce Operator Tree:
              Select Operator
                expressions: KEY.reducesinkkey0 (type: int), KEY.reducesinkkey1 (type: int), VALUE._col0 (type: string)
                outputColumnNames: _col0, _col1, _col2
                Statistics: Num rows: 14 Data size: 2688 Basic stats: COMPLETE Column stats: COMPLETE
                File Output Operator
                  compressed: false
                  Statistics: Num rows: 14 Data size: 2688 Basic stats: COMPLETE Column stats: COMPLETE
                  table:
                      input format: org.apache.hadoop.mapred.TextInputFormat
                      output format: org.apache.hadoop.hive.ql.io.HiveIgnoreKeyTextOutputFormat
                      serde: org.apache.hadoop.hive.serde2.lazy.LazySimpleSerDe
                      name: default.test_table4
                Select Operator
                  expressions: _col0 (type: int), _col1 (type: int), _col2 (type: string), '1' (type: string)
                  outputColumnNames: key, key2, value, ds
                  Statistics: Num rows: 14 Data size: 3878 Basic stats: COMPLETE Column stats: COMPLETE
                  Group By Operator
                    aggregations: min(key), max(key), count(1), count(key), compute_bit_vector_hll(key), min(key2), max(key2), count(key2), compute_bit_vector_hll(key2), max(length(value)), avg(COALESCE(length(value),0)), count(value), compute_bit_vector_hll(value)
                    keys: ds (type: string)
                    minReductionHashAggr: 0.9285714
                    mode: hash
                    outputColumnNames: _col0, _col1, _col2, _col3, _col4, _col5, _col6, _col7, _col8, _col9, _col10, _col11, _col12, _col13
                    Statistics: Num rows: 1 Data size: 645 Basic stats: COMPLETE Column stats: COMPLETE
                    Reduce Output Operator
                      key expressions: _col0 (type: string)
                      null sort order: z
                      sort order: +
                      Map-reduce partition columns: _col0 (type: string)
                      Statistics: Num rows: 1 Data size: 645 Basic stats: COMPLETE Column stats: COMPLETE
                      value expressions: _col1 (type: int), _col2 (type: int), _col3 (type: bigint), _col4 (type: bigint), _col5 (type: binary), _col6 (type: int), _col7 (type: int), _col8 (type: bigint), _col9 (type: binary), _col10 (type: int), _col11 (type: struct<count:bigint,sum:double,input:int>), _col12 (type: bigint), _col13 (type: binary)
        Reducer 4 
            Execution mode: llap
            Reduce Operator Tree:
              Group By Operator
                aggregations: min(VALUE._col0), max(VALUE._col1), count(VALUE._col2), count(VALUE._col3), compute_bit_vector_hll(VALUE._col4), min(VALUE._col5), max(VALUE._col6), count(VALUE._col7), compute_bit_vector_hll(VALUE._col8), max(VALUE._col9), avg(VALUE._col10), count(VALUE._col11), compute_bit_vector_hll(VALUE._col12)
                keys: KEY._col0 (type: string)
                mode: mergepartial
                outputColumnNames: _col0, _col1, _col2, _col3, _col4, _col5, _col6, _col7, _col8, _col9, _col10, _col11, _col12, _col13
                Statistics: Num rows: 1 Data size: 577 Basic stats: COMPLETE Column stats: COMPLETE
                Select Operator
                  expressions: 'LONG' (type: string), UDFToLong(_col1) (type: bigint), UDFToLong(_col2) (type: bigint), (_col3 - _col4) (type: bigint), COALESCE(ndv_compute_bit_vector(_col5),0) (type: bigint), _col5 (type: binary), 'LONG' (type: string), UDFToLong(_col6) (type: bigint), UDFToLong(_col7) (type: bigint), (_col3 - _col8) (type: bigint), COALESCE(ndv_compute_bit_vector(_col9),0) (type: bigint), _col9 (type: binary), 'STRING' (type: string), UDFToLong(COALESCE(_col10,0)) (type: bigint), COALESCE(_col11,0) (type: double), (_col3 - _col12) (type: bigint), COALESCE(ndv_compute_bit_vector(_col13),0) (type: bigint), _col13 (type: binary), _col0 (type: string)
                  outputColumnNames: _col0, _col1, _col2, _col3, _col4, _col5, _col6, _col7, _col8, _col9, _col10, _col11, _col12, _col13, _col14, _col15, _col16, _col17, _col18
                  Statistics: Num rows: 1 Data size: 879 Basic stats: COMPLETE Column stats: COMPLETE
                  File Output Operator
                    compressed: false
                    Statistics: Num rows: 1 Data size: 879 Basic stats: COMPLETE Column stats: COMPLETE
                    table:
                        input format: org.apache.hadoop.mapred.SequenceFileInputFormat
                        output format: org.apache.hadoop.hive.ql.io.HiveSequenceFileOutputFormat
                        serde: org.apache.hadoop.hive.serde2.lazy.LazySimpleSerDe

  Stage: Stage-2
    Dependency Collection

  Stage: Stage-0
    Move Operator
      tables:
          partition:
            ds 1
          replace: true
          table:
              input format: org.apache.hadoop.mapred.TextInputFormat
              output format: org.apache.hadoop.hive.ql.io.HiveIgnoreKeyTextOutputFormat
              serde: org.apache.hadoop.hive.serde2.lazy.LazySimpleSerDe
              name: default.test_table4

  Stage: Stage-3
    Stats Work
      Basic Stats Work:
      Column Stats Desc:
          Columns: key, key2, value
          Column Types: int, int, string
          Table: default.test_table4

