PREHOOK: query: CREATE TABLE srcbucket_mapjoin(key int, value string) partitioned by (ds string) CLUSTERED BY (key) INTO 2 BUCKETS STORED AS TEXTFILE
PREHOOK: type: CREATETABLE
PREHOOK: Output: database:default
PREHOOK: Output: default@srcbucket_mapjoin
POSTHOOK: query: CREATE TABLE srcbucket_mapjoin(key int, value string) partitioned by (ds string) CLUSTERED BY (key) INTO 2 BUCKETS STORED AS TEXTFILE
POSTHOOK: type: CREATETABLE
POSTHOOK: Output: database:default
POSTHOOK: Output: default@srcbucket_mapjoin
PREHOOK: query: CREATE TABLE tab_part (key int, value string) PARTITIONED BY(ds STRING) CLUSTERED BY (key) INTO 4 BUCKETS STORED AS TEXTFILE
PREHOOK: type: CREATETABLE
PREHOOK: Output: database:default
PREHOOK: Output: default@tab_part
POSTHOOK: query: CREATE TABLE tab_part (key int, value string) PARTITIONED BY(ds STRING) CLUSTERED BY (key) INTO 4 BUCKETS STORED AS TEXTFILE
POSTHOOK: type: CREATETABLE
POSTHOOK: Output: database:default
POSTHOOK: Output: default@tab_part
PREHOOK: query: CREATE TABLE srcbucket_mapjoin_part (key int, value string) partitioned by (ds string) CLUSTERED BY (key) INTO 4 BUCKETS STORED AS TEXTFILE
PREHOOK: type: CREATETABLE
PREHOOK: Output: database:default
PREHOOK: Output: default@srcbucket_mapjoin_part
POSTHOOK: query: CREATE TABLE srcbucket_mapjoin_part (key int, value string) partitioned by (ds string) CLUSTERED BY (key) INTO 4 BUCKETS STORED AS TEXTFILE
POSTHOOK: type: CREATETABLE
POSTHOOK: Output: database:default
POSTHOOK: Output: default@srcbucket_mapjoin_part
PREHOOK: query: load data local inpath '../../data/files/srcbucket20.txt' INTO TABLE srcbucket_mapjoin partition(ds='2008-04-08')
PREHOOK: type: LOAD
#### A masked pattern was here ####
PREHOOK: Output: default@srcbucket_mapjoin
POSTHOOK: query: load data local inpath '../../data/files/srcbucket20.txt' INTO TABLE srcbucket_mapjoin partition(ds='2008-04-08')
POSTHOOK: type: LOAD
#### A masked pattern was here ####
POSTHOOK: Output: default@srcbucket_mapjoin
POSTHOOK: Output: default@srcbucket_mapjoin@ds=2008-04-08
PREHOOK: query: load data local inpath '../../data/files/srcbucket22.txt' INTO TABLE srcbucket_mapjoin partition(ds='2008-04-08')
PREHOOK: type: LOAD
#### A masked pattern was here ####
PREHOOK: Output: default@srcbucket_mapjoin@ds=2008-04-08
POSTHOOK: query: load data local inpath '../../data/files/srcbucket22.txt' INTO TABLE srcbucket_mapjoin partition(ds='2008-04-08')
POSTHOOK: type: LOAD
#### A masked pattern was here ####
POSTHOOK: Output: default@srcbucket_mapjoin@ds=2008-04-08
PREHOOK: query: load data local inpath '../../data/files/srcbucket20.txt' INTO TABLE srcbucket_mapjoin_part partition(ds='2008-04-08')
PREHOOK: type: LOAD
#### A masked pattern was here ####
PREHOOK: Output: default@srcbucket_mapjoin_part
POSTHOOK: query: load data local inpath '../../data/files/srcbucket20.txt' INTO TABLE srcbucket_mapjoin_part partition(ds='2008-04-08')
POSTHOOK: type: LOAD
#### A masked pattern was here ####
POSTHOOK: Output: default@srcbucket_mapjoin_part
POSTHOOK: Output: default@srcbucket_mapjoin_part@ds=2008-04-08
PREHOOK: query: load data local inpath '../../data/files/srcbucket21.txt' INTO TABLE srcbucket_mapjoin_part partition(ds='2008-04-08')
PREHOOK: type: LOAD
#### A masked pattern was here ####
PREHOOK: Output: default@srcbucket_mapjoin_part@ds=2008-04-08
POSTHOOK: query: load data local inpath '../../data/files/srcbucket21.txt' INTO TABLE srcbucket_mapjoin_part partition(ds='2008-04-08')
POSTHOOK: type: LOAD
#### A masked pattern was here ####
POSTHOOK: Output: default@srcbucket_mapjoin_part@ds=2008-04-08
PREHOOK: query: load data local inpath '../../data/files/srcbucket22.txt' INTO TABLE srcbucket_mapjoin_part partition(ds='2008-04-08')
PREHOOK: type: LOAD
#### A masked pattern was here ####
PREHOOK: Output: default@srcbucket_mapjoin_part@ds=2008-04-08
POSTHOOK: query: load data local inpath '../../data/files/srcbucket22.txt' INTO TABLE srcbucket_mapjoin_part partition(ds='2008-04-08')
POSTHOOK: type: LOAD
#### A masked pattern was here ####
POSTHOOK: Output: default@srcbucket_mapjoin_part@ds=2008-04-08
PREHOOK: query: load data local inpath '../../data/files/srcbucket23.txt' INTO TABLE srcbucket_mapjoin_part partition(ds='2008-04-08')
PREHOOK: type: LOAD
#### A masked pattern was here ####
PREHOOK: Output: default@srcbucket_mapjoin_part@ds=2008-04-08
POSTHOOK: query: load data local inpath '../../data/files/srcbucket23.txt' INTO TABLE srcbucket_mapjoin_part partition(ds='2008-04-08')
POSTHOOK: type: LOAD
#### A masked pattern was here ####
POSTHOOK: Output: default@srcbucket_mapjoin_part@ds=2008-04-08
PREHOOK: query: insert overwrite table tab_part partition (ds='2008-04-08')
select key,value from srcbucket_mapjoin_part
PREHOOK: type: QUERY
PREHOOK: Input: default@srcbucket_mapjoin_part
PREHOOK: Input: default@srcbucket_mapjoin_part@ds=2008-04-08
PREHOOK: Output: default@tab_part@ds=2008-04-08
POSTHOOK: query: insert overwrite table tab_part partition (ds='2008-04-08')
select key,value from srcbucket_mapjoin_part
POSTHOOK: type: QUERY
POSTHOOK: Input: default@srcbucket_mapjoin_part
POSTHOOK: Input: default@srcbucket_mapjoin_part@ds=2008-04-08
POSTHOOK: Output: default@tab_part@ds=2008-04-08
POSTHOOK: Lineage: tab_part PARTITION(ds=2008-04-08).key SIMPLE [(srcbucket_mapjoin_part)srcbucket_mapjoin_part.FieldSchema(name:key, type:int, comment:null), ]
POSTHOOK: Lineage: tab_part PARTITION(ds=2008-04-08).value SIMPLE [(srcbucket_mapjoin_part)srcbucket_mapjoin_part.FieldSchema(name:value, type:string, comment:null), ]
PREHOOK: query: CREATE TABLE tab(key int, value string) PARTITIONED BY(ds STRING) CLUSTERED BY (key) INTO 2 BUCKETS STORED AS TEXTFILE
PREHOOK: type: CREATETABLE
PREHOOK: Output: database:default
PREHOOK: Output: default@tab
POSTHOOK: query: CREATE TABLE tab(key int, value string) PARTITIONED BY(ds STRING) CLUSTERED BY (key) INTO 2 BUCKETS STORED AS TEXTFILE
POSTHOOK: type: CREATETABLE
POSTHOOK: Output: database:default
POSTHOOK: Output: default@tab
PREHOOK: query: insert overwrite table tab partition (ds='2008-04-08')
select key,value from srcbucket_mapjoin
PREHOOK: type: QUERY
PREHOOK: Input: default@srcbucket_mapjoin
PREHOOK: Input: default@srcbucket_mapjoin@ds=2008-04-08
PREHOOK: Output: default@tab@ds=2008-04-08
POSTHOOK: query: insert overwrite table tab partition (ds='2008-04-08')
select key,value from srcbucket_mapjoin
POSTHOOK: type: QUERY
POSTHOOK: Input: default@srcbucket_mapjoin
POSTHOOK: Input: default@srcbucket_mapjoin@ds=2008-04-08
POSTHOOK: Output: default@tab@ds=2008-04-08
POSTHOOK: Lineage: tab PARTITION(ds=2008-04-08).key SIMPLE [(srcbucket_mapjoin)srcbucket_mapjoin.FieldSchema(name:key, type:int, comment:null), ]
POSTHOOK: Lineage: tab PARTITION(ds=2008-04-08).value SIMPLE [(srcbucket_mapjoin)srcbucket_mapjoin.FieldSchema(name:value, type:string, comment:null), ]
PREHOOK: query: explain
select a.key, a.value, b.value
from tab a join tab_part b on a.key = b.key
PREHOOK: type: QUERY
POSTHOOK: query: explain
select a.key, a.value, b.value
from tab a join tab_part b on a.key = b.key
POSTHOOK: type: QUERY
STAGE DEPENDENCIES:
  Stage-1 is a root stage
  Stage-0 depends on stages: Stage-1

STAGE PLANS:
  Stage: Stage-1
    Tez
#### A masked pattern was here ####
      Edges:
        Map 2 <- Map 1 (CUSTOM_EDGE)
#### A masked pattern was here ####
      Vertices:
        Map 1 
            Map Operator Tree:
                TableScan
                  alias: a
                  Statistics: Num rows: 242 Data size: 4502 Basic stats: COMPLETE Column stats: NONE
                  Filter Operator
                    predicate: key is not null (type: boolean)
                    Statistics: Num rows: 242 Data size: 4502 Basic stats: COMPLETE Column stats: NONE
                    Select Operator
                      expressions: key (type: int), value (type: string)
                      outputColumnNames: _col0, _col1
                      Statistics: Num rows: 242 Data size: 4502 Basic stats: COMPLETE Column stats: NONE
                      Reduce Output Operator
                        key expressions: _col0 (type: int)
                        sort order: +
                        Map-reduce partition columns: _col0 (type: int)
                        Statistics: Num rows: 242 Data size: 4502 Basic stats: COMPLETE Column stats: NONE
                        value expressions: _col1 (type: string)
            Execution mode: llap
            LLAP IO: no inputs
        Map 2 
            Map Operator Tree:
                TableScan
                  alias: b
                  Statistics: Num rows: 500 Data size: 9312 Basic stats: COMPLETE Column stats: NONE
                  Filter Operator
                    predicate: key is not null (type: boolean)
                    Statistics: Num rows: 500 Data size: 9312 Basic stats: COMPLETE Column stats: NONE
                    Select Operator
                      expressions: key (type: int), value (type: string)
                      outputColumnNames: _col0, _col1
                      Statistics: Num rows: 500 Data size: 9312 Basic stats: COMPLETE Column stats: NONE
                      Map Join Operator
                        condition map:
                             Inner Join 0 to 1
                        keys:
                          0 _col0 (type: int)
                          1 _col0 (type: int)
                        outputColumnNames: _col0, _col1, _col3
                        input vertices:
                          0 Map 1
                        Statistics: Num rows: 550 Data size: 10243 Basic stats: COMPLETE Column stats: NONE
                        Select Operator
                          expressions: _col0 (type: int), _col1 (type: string), _col3 (type: string)
                          outputColumnNames: _col0, _col1, _col2
                          Statistics: Num rows: 550 Data size: 10243 Basic stats: COMPLETE Column stats: NONE
                          File Output Operator
                            compressed: false
                            Statistics: Num rows: 550 Data size: 10243 Basic stats: COMPLETE Column stats: NONE
                            table:
                                input format: org.apache.hadoop.mapred.SequenceFileInputFormat
                                output format: org.apache.hadoop.hive.ql.io.HiveSequenceFileOutputFormat
                                serde: org.apache.hadoop.hive.serde2.lazy.LazySimpleSerDe
            Execution mode: llap
            LLAP IO: no inputs

  Stage: Stage-0
    Fetch Operator
      limit: -1
      Processor Tree:
        ListSink

PREHOOK: query: explain
select count(*)
from 
(select distinct key, value from tab_part) a join tab b on a.key = b.key
PREHOOK: type: QUERY
POSTHOOK: query: explain
select count(*)
from 
(select distinct key, value from tab_part) a join tab b on a.key = b.key
POSTHOOK: type: QUERY
STAGE DEPENDENCIES:
  Stage-1 is a root stage
  Stage-0 depends on stages: Stage-1

STAGE PLANS:
  Stage: Stage-1
    Tez
#### A masked pattern was here ####
      Edges:
        Reducer 2 <- Map 1 (SIMPLE_EDGE), Map 4 (BROADCAST_EDGE)
        Reducer 3 <- Reducer 2 (CUSTOM_SIMPLE_EDGE)
#### A masked pattern was here ####
      Vertices:
        Map 1 
            Map Operator Tree:
                TableScan
                  alias: tab_part
                  Statistics: Num rows: 500 Data size: 9312 Basic stats: COMPLETE Column stats: NONE
                  Filter Operator
                    predicate: key is not null (type: boolean)
                    Statistics: Num rows: 500 Data size: 9312 Basic stats: COMPLETE Column stats: NONE
                    Group By Operator
                      keys: key (type: int), value (type: string)
                      mode: hash
                      outputColumnNames: _col0, _col1
                      Statistics: Num rows: 500 Data size: 9312 Basic stats: COMPLETE Column stats: NONE
                      Reduce Output Operator
                        key expressions: _col0 (type: int), _col1 (type: string)
                        sort order: ++
                        Map-reduce partition columns: _col0 (type: int), _col1 (type: string)
                        Statistics: Num rows: 500 Data size: 9312 Basic stats: COMPLETE Column stats: NONE
            Execution mode: llap
            LLAP IO: no inputs
        Map 4 
            Map Operator Tree:
                TableScan
                  alias: b
                  Statistics: Num rows: 242 Data size: 4502 Basic stats: COMPLETE Column stats: NONE
                  Filter Operator
                    predicate: key is not null (type: boolean)
                    Statistics: Num rows: 242 Data size: 4502 Basic stats: COMPLETE Column stats: NONE
                    Select Operator
                      expressions: key (type: int)
                      outputColumnNames: _col0
                      Statistics: Num rows: 242 Data size: 4502 Basic stats: COMPLETE Column stats: NONE
                      Reduce Output Operator
                        key expressions: _col0 (type: int)
                        sort order: +
                        Map-reduce partition columns: _col0 (type: int)
                        Statistics: Num rows: 242 Data size: 4502 Basic stats: COMPLETE Column stats: NONE
            Execution mode: llap
            LLAP IO: no inputs
        Reducer 2 
            Execution mode: llap
            Reduce Operator Tree:
              Group By Operator
                keys: KEY._col0 (type: int), KEY._col1 (type: string)
                mode: mergepartial
                outputColumnNames: _col0, _col1
                Statistics: Num rows: 250 Data size: 4656 Basic stats: COMPLETE Column stats: NONE
                Select Operator
                  expressions: _col0 (type: int)
                  outputColumnNames: _col0
                  Statistics: Num rows: 250 Data size: 4656 Basic stats: COMPLETE Column stats: NONE
                  Map Join Operator
                    condition map:
                         Inner Join 0 to 1
                    keys:
                      0 _col0 (type: int)
                      1 _col0 (type: int)
                    input vertices:
                      1 Map 4
                    Statistics: Num rows: 275 Data size: 5121 Basic stats: COMPLETE Column stats: NONE
                    Group By Operator
                      aggregations: count()
                      mode: hash
                      outputColumnNames: _col0
                      Statistics: Num rows: 1 Data size: 8 Basic stats: COMPLETE Column stats: NONE
                      Reduce Output Operator
                        sort order: 
                        Statistics: Num rows: 1 Data size: 8 Basic stats: COMPLETE Column stats: NONE
                        value expressions: _col0 (type: bigint)
        Reducer 3 
            Execution mode: llap
            Reduce Operator Tree:
              Group By Operator
                aggregations: count(VALUE._col0)
                mode: mergepartial
                outputColumnNames: _col0
                Statistics: Num rows: 1 Data size: 8 Basic stats: COMPLETE Column stats: NONE
                File Output Operator
                  compressed: false
                  Statistics: Num rows: 1 Data size: 8 Basic stats: COMPLETE Column stats: NONE
                  table:
                      input format: org.apache.hadoop.mapred.SequenceFileInputFormat
                      output format: org.apache.hadoop.hive.ql.io.HiveSequenceFileOutputFormat
                      serde: org.apache.hadoop.hive.serde2.lazy.LazySimpleSerDe

  Stage: Stage-0
    Fetch Operator
      limit: -1
      Processor Tree:
        ListSink

PREHOOK: query: select count(*)
from 
(select distinct key, value from tab_part) a join tab b on a.key = b.key
PREHOOK: type: QUERY
PREHOOK: Input: default@tab
PREHOOK: Input: default@tab@ds=2008-04-08
PREHOOK: Input: default@tab_part
PREHOOK: Input: default@tab_part@ds=2008-04-08
#### A masked pattern was here ####
POSTHOOK: query: select count(*)
from 
(select distinct key, value from tab_part) a join tab b on a.key = b.key
POSTHOOK: type: QUERY
POSTHOOK: Input: default@tab
POSTHOOK: Input: default@tab@ds=2008-04-08
POSTHOOK: Input: default@tab_part
POSTHOOK: Input: default@tab_part@ds=2008-04-08
#### A masked pattern was here ####
242
PREHOOK: query: explain
select count(*)
from
(select a.key as key, a.value as value from tab a join tab_part b on a.key = b.key) c
join
tab_part d on c.key = d.key
PREHOOK: type: QUERY
POSTHOOK: query: explain
select count(*)
from
(select a.key as key, a.value as value from tab a join tab_part b on a.key = b.key) c
join
tab_part d on c.key = d.key
POSTHOOK: type: QUERY
STAGE DEPENDENCIES:
  Stage-1 is a root stage
  Stage-0 depends on stages: Stage-1

STAGE PLANS:
  Stage: Stage-1
    Tez
#### A masked pattern was here ####
      Edges:
        Map 2 <- Map 1 (CUSTOM_EDGE), Map 4 (CUSTOM_EDGE)
        Reducer 3 <- Map 2 (CUSTOM_SIMPLE_EDGE)
#### A masked pattern was here ####
      Vertices:
        Map 1 
            Map Operator Tree:
                TableScan
                  alias: a
                  Statistics: Num rows: 242 Data size: 4502 Basic stats: COMPLETE Column stats: NONE
                  Filter Operator
                    predicate: key is not null (type: boolean)
                    Statistics: Num rows: 242 Data size: 4502 Basic stats: COMPLETE Column stats: NONE
                    Select Operator
                      expressions: key (type: int)
                      outputColumnNames: _col0
                      Statistics: Num rows: 242 Data size: 4502 Basic stats: COMPLETE Column stats: NONE
                      Reduce Output Operator
                        key expressions: _col0 (type: int)
                        sort order: +
                        Map-reduce partition columns: _col0 (type: int)
                        Statistics: Num rows: 242 Data size: 4502 Basic stats: COMPLETE Column stats: NONE
            Execution mode: llap
            LLAP IO: no inputs
        Map 2 
            Map Operator Tree:
                TableScan
                  alias: b
                  Statistics: Num rows: 500 Data size: 9312 Basic stats: COMPLETE Column stats: NONE
                  Filter Operator
                    predicate: key is not null (type: boolean)
                    Statistics: Num rows: 500 Data size: 9312 Basic stats: COMPLETE Column stats: NONE
                    Select Operator
                      expressions: key (type: int)
                      outputColumnNames: _col0
                      Statistics: Num rows: 500 Data size: 9312 Basic stats: COMPLETE Column stats: NONE
                      Map Join Operator
                        condition map:
                             Inner Join 0 to 1
                        keys:
                          0 _col0 (type: int)
                          1 _col0 (type: int)
                        outputColumnNames: _col0
                        input vertices:
                          0 Map 1
                        Statistics: Num rows: 550 Data size: 10243 Basic stats: COMPLETE Column stats: NONE
                        Map Join Operator
                          condition map:
                               Inner Join 0 to 1
                          keys:
                            0 _col0 (type: int)
                            1 _col0 (type: int)
                          input vertices:
                            1 Map 4
                          Statistics: Num rows: 605 Data size: 11267 Basic stats: COMPLETE Column stats: NONE
                          Group By Operator
                            aggregations: count()
                            mode: hash
                            outputColumnNames: _col0
                            Statistics: Num rows: 1 Data size: 8 Basic stats: COMPLETE Column stats: NONE
                            Reduce Output Operator
                              sort order: 
                              Statistics: Num rows: 1 Data size: 8 Basic stats: COMPLETE Column stats: NONE
                              value expressions: _col0 (type: bigint)
            Execution mode: llap
            LLAP IO: no inputs
        Map 4 
            Map Operator Tree:
                TableScan
                  alias: d
                  Statistics: Num rows: 500 Data size: 9312 Basic stats: COMPLETE Column stats: NONE
                  Filter Operator
                    predicate: key is not null (type: boolean)
                    Statistics: Num rows: 500 Data size: 9312 Basic stats: COMPLETE Column stats: NONE
                    Select Operator
                      expressions: key (type: int)
                      outputColumnNames: _col0
                      Statistics: Num rows: 500 Data size: 9312 Basic stats: COMPLETE Column stats: NONE
                      Reduce Output Operator
                        key expressions: _col0 (type: int)
                        sort order: +
                        Map-reduce partition columns: _col0 (type: int)
                        Statistics: Num rows: 500 Data size: 9312 Basic stats: COMPLETE Column stats: NONE
            Execution mode: llap
            LLAP IO: no inputs
        Reducer 3 
            Execution mode: llap
            Reduce Operator Tree:
              Group By Operator
                aggregations: count(VALUE._col0)
                mode: mergepartial
                outputColumnNames: _col0
                Statistics: Num rows: 1 Data size: 8 Basic stats: COMPLETE Column stats: NONE
                File Output Operator
                  compressed: false
                  Statistics: Num rows: 1 Data size: 8 Basic stats: COMPLETE Column stats: NONE
                  table:
                      input format: org.apache.hadoop.mapred.SequenceFileInputFormat
                      output format: org.apache.hadoop.hive.ql.io.HiveSequenceFileOutputFormat
                      serde: org.apache.hadoop.hive.serde2.lazy.LazySimpleSerDe

  Stage: Stage-0
    Fetch Operator
      limit: -1
      Processor Tree:
        ListSink

PREHOOK: query: select count(*)
from
(select a.key as key, a.value as value from tab a join tab_part b on a.key = b.key) c
join
tab_part d on c.key = d.key
PREHOOK: type: QUERY
PREHOOK: Input: default@tab
PREHOOK: Input: default@tab@ds=2008-04-08
PREHOOK: Input: default@tab_part
PREHOOK: Input: default@tab_part@ds=2008-04-08
#### A masked pattern was here ####
POSTHOOK: query: select count(*)
from
(select a.key as key, a.value as value from tab a join tab_part b on a.key = b.key) c
join
tab_part d on c.key = d.key
POSTHOOK: type: QUERY
POSTHOOK: Input: default@tab
POSTHOOK: Input: default@tab@ds=2008-04-08
POSTHOOK: Input: default@tab_part
POSTHOOK: Input: default@tab_part@ds=2008-04-08
#### A masked pattern was here ####
1166
PREHOOK: query: explain
select count(*)
from
tab_part d
join
(select a.key as key, a.value as value from tab a join tab_part b on a.key = b.key) c on c.key = d.key
PREHOOK: type: QUERY
POSTHOOK: query: explain
select count(*)
from
tab_part d
join
(select a.key as key, a.value as value from tab a join tab_part b on a.key = b.key) c on c.key = d.key
POSTHOOK: type: QUERY
STAGE DEPENDENCIES:
  Stage-1 is a root stage
  Stage-0 depends on stages: Stage-1

STAGE PLANS:
  Stage: Stage-1
    Tez
#### A masked pattern was here ####
      Edges:
        Map 3 <- Map 1 (CUSTOM_EDGE), Map 2 (CUSTOM_EDGE)
        Reducer 4 <- Map 3 (CUSTOM_SIMPLE_EDGE)
#### A masked pattern was here ####
      Vertices:
        Map 1 
            Map Operator Tree:
                TableScan
                  alias: d
                  Statistics: Num rows: 500 Data size: 9312 Basic stats: COMPLETE Column stats: NONE
                  Filter Operator
                    predicate: key is not null (type: boolean)
                    Statistics: Num rows: 500 Data size: 9312 Basic stats: COMPLETE Column stats: NONE
                    Select Operator
                      expressions: key (type: int)
                      outputColumnNames: _col0
                      Statistics: Num rows: 500 Data size: 9312 Basic stats: COMPLETE Column stats: NONE
                      Reduce Output Operator
                        key expressions: _col0 (type: int)
                        sort order: +
                        Map-reduce partition columns: _col0 (type: int)
                        Statistics: Num rows: 500 Data size: 9312 Basic stats: COMPLETE Column stats: NONE
            Execution mode: llap
            LLAP IO: no inputs
        Map 2 
            Map Operator Tree:
                TableScan
                  alias: a
                  Statistics: Num rows: 242 Data size: 4502 Basic stats: COMPLETE Column stats: NONE
                  Filter Operator
                    predicate: key is not null (type: boolean)
                    Statistics: Num rows: 242 Data size: 4502 Basic stats: COMPLETE Column stats: NONE
                    Select Operator
                      expressions: key (type: int)
                      outputColumnNames: _col0
                      Statistics: Num rows: 242 Data size: 4502 Basic stats: COMPLETE Column stats: NONE
                      Reduce Output Operator
                        key expressions: _col0 (type: int)
                        sort order: +
                        Map-reduce partition columns: _col0 (type: int)
                        Statistics: Num rows: 242 Data size: 4502 Basic stats: COMPLETE Column stats: NONE
            Execution mode: llap
            LLAP IO: no inputs
        Map 3 
            Map Operator Tree:
                TableScan
                  alias: b
                  Statistics: Num rows: 500 Data size: 9312 Basic stats: COMPLETE Column stats: NONE
                  Filter Operator
                    predicate: key is not null (type: boolean)
                    Statistics: Num rows: 500 Data size: 9312 Basic stats: COMPLETE Column stats: NONE
                    Select Operator
                      expressions: key (type: int)
                      outputColumnNames: _col0
                      Statistics: Num rows: 500 Data size: 9312 Basic stats: COMPLETE Column stats: NONE
                      Map Join Operator
                        condition map:
                             Inner Join 0 to 1
                        keys:
                          0 _col0 (type: int)
                          1 _col0 (type: int)
                        outputColumnNames: _col0
                        input vertices:
                          0 Map 2
                        Statistics: Num rows: 550 Data size: 10243 Basic stats: COMPLETE Column stats: NONE
                        Map Join Operator
                          condition map:
                               Inner Join 0 to 1
                          keys:
                            0 _col0 (type: int)
                            1 _col0 (type: int)
                          input vertices:
                            0 Map 1
                          Statistics: Num rows: 605 Data size: 11267 Basic stats: COMPLETE Column stats: NONE
                          Group By Operator
                            aggregations: count()
                            mode: hash
                            outputColumnNames: _col0
                            Statistics: Num rows: 1 Data size: 8 Basic stats: COMPLETE Column stats: NONE
                            Reduce Output Operator
                              sort order: 
                              Statistics: Num rows: 1 Data size: 8 Basic stats: COMPLETE Column stats: NONE
                              value expressions: _col0 (type: bigint)
            Execution mode: llap
            LLAP IO: no inputs
        Reducer 4 
            Execution mode: llap
            Reduce Operator Tree:
              Group By Operator
                aggregations: count(VALUE._col0)
                mode: mergepartial
                outputColumnNames: _col0
                Statistics: Num rows: 1 Data size: 8 Basic stats: COMPLETE Column stats: NONE
                File Output Operator
                  compressed: false
                  Statistics: Num rows: 1 Data size: 8 Basic stats: COMPLETE Column stats: NONE
                  table:
                      input format: org.apache.hadoop.mapred.SequenceFileInputFormat
                      output format: org.apache.hadoop.hive.ql.io.HiveSequenceFileOutputFormat
                      serde: org.apache.hadoop.hive.serde2.lazy.LazySimpleSerDe

  Stage: Stage-0
    Fetch Operator
      limit: -1
      Processor Tree:
        ListSink

PREHOOK: query: select count(*)
from
tab_part d
join
(select a.key as key, a.value as value from tab a join tab_part b on a.key = b.key) c on c.key = d.key
PREHOOK: type: QUERY
PREHOOK: Input: default@tab
PREHOOK: Input: default@tab@ds=2008-04-08
PREHOOK: Input: default@tab_part
PREHOOK: Input: default@tab_part@ds=2008-04-08
#### A masked pattern was here ####
POSTHOOK: query: select count(*)
from
tab_part d
join
(select a.key as key, a.value as value from tab a join tab_part b on a.key = b.key) c on c.key = d.key
POSTHOOK: type: QUERY
POSTHOOK: Input: default@tab
POSTHOOK: Input: default@tab@ds=2008-04-08
POSTHOOK: Input: default@tab_part
POSTHOOK: Input: default@tab_part@ds=2008-04-08
#### A masked pattern was here ####
1166
PREHOOK: query: explain
select a.k1, a.v1, b.value
from (select sum(substr(srcbucket_mapjoin.value,5)) as v1, key as k1 from srcbucket_mapjoin GROUP BY srcbucket_mapjoin.key) a
join tab b on a.k1 = b.key
PREHOOK: type: QUERY
POSTHOOK: query: explain
select a.k1, a.v1, b.value
from (select sum(substr(srcbucket_mapjoin.value,5)) as v1, key as k1 from srcbucket_mapjoin GROUP BY srcbucket_mapjoin.key) a
join tab b on a.k1 = b.key
POSTHOOK: type: QUERY
STAGE DEPENDENCIES:
  Stage-1 is a root stage
  Stage-0 depends on stages: Stage-1

STAGE PLANS:
  Stage: Stage-1
    Tez
#### A masked pattern was here ####
      Edges:
        Map 3 <- Reducer 2 (CUSTOM_EDGE)
        Reducer 2 <- Map 1 (SIMPLE_EDGE)
#### A masked pattern was here ####
      Vertices:
        Map 1 
            Map Operator Tree:
                TableScan
                  alias: srcbucket_mapjoin
                  Statistics: Num rows: 27 Data size: 3024 Basic stats: COMPLETE Column stats: NONE
                  Filter Operator
                    predicate: key is not null (type: boolean)
                    Statistics: Num rows: 27 Data size: 3024 Basic stats: COMPLETE Column stats: NONE
                    Select Operator
                      expressions: key (type: int), substr(value, 5) (type: string)
                      outputColumnNames: _col0, _col1
                      Statistics: Num rows: 27 Data size: 3024 Basic stats: COMPLETE Column stats: NONE
                      Group By Operator
                        aggregations: sum(_col1)
                        keys: _col0 (type: int)
                        mode: hash
                        outputColumnNames: _col0, _col1
                        Statistics: Num rows: 27 Data size: 3024 Basic stats: COMPLETE Column stats: NONE
                        Reduce Output Operator
                          key expressions: _col0 (type: int)
                          sort order: +
                          Map-reduce partition columns: _col0 (type: int)
                          Statistics: Num rows: 27 Data size: 3024 Basic stats: COMPLETE Column stats: NONE
                          value expressions: _col1 (type: double)
            Execution mode: llap
            LLAP IO: no inputs
        Map 3 
            Map Operator Tree:
                TableScan
                  alias: b
                  Statistics: Num rows: 242 Data size: 4502 Basic stats: COMPLETE Column stats: NONE
                  Filter Operator
                    predicate: key is not null (type: boolean)
                    Statistics: Num rows: 242 Data size: 4502 Basic stats: COMPLETE Column stats: NONE
                    Select Operator
                      expressions: key (type: int), value (type: string)
                      outputColumnNames: _col0, _col1
                      Statistics: Num rows: 242 Data size: 4502 Basic stats: COMPLETE Column stats: NONE
                      Map Join Operator
                        condition map:
                             Inner Join 0 to 1
                        keys:
                          0 _col1 (type: int)
                          1 _col0 (type: int)
                        outputColumnNames: _col0, _col1, _col3
                        input vertices:
                          0 Reducer 2
                        Statistics: Num rows: 266 Data size: 4952 Basic stats: COMPLETE Column stats: NONE
                        Select Operator
                          expressions: _col1 (type: int), _col0 (type: double), _col3 (type: string)
                          outputColumnNames: _col0, _col1, _col2
                          Statistics: Num rows: 266 Data size: 4952 Basic stats: COMPLETE Column stats: NONE
                          File Output Operator
                            compressed: false
                            Statistics: Num rows: 266 Data size: 4952 Basic stats: COMPLETE Column stats: NONE
                            table:
                                input format: org.apache.hadoop.mapred.SequenceFileInputFormat
                                output format: org.apache.hadoop.hive.ql.io.HiveSequenceFileOutputFormat
                                serde: org.apache.hadoop.hive.serde2.lazy.LazySimpleSerDe
            Execution mode: llap
            LLAP IO: no inputs
        Reducer 2 
            Execution mode: llap
            Reduce Operator Tree:
              Group By Operator
                aggregations: sum(VALUE._col0)
                keys: KEY._col0 (type: int)
                mode: mergepartial
                outputColumnNames: _col0, _col1
                Statistics: Num rows: 13 Data size: 1456 Basic stats: COMPLETE Column stats: NONE
                Select Operator
                  expressions: _col1 (type: double), _col0 (type: int)
                  outputColumnNames: _col0, _col1
                  Statistics: Num rows: 13 Data size: 1456 Basic stats: COMPLETE Column stats: NONE
                  Reduce Output Operator
                    key expressions: _col1 (type: int)
                    sort order: +
                    Map-reduce partition columns: _col1 (type: int)
                    Statistics: Num rows: 13 Data size: 1456 Basic stats: COMPLETE Column stats: NONE
                    value expressions: _col0 (type: double)

  Stage: Stage-0
    Fetch Operator
      limit: -1
      Processor Tree:
        ListSink

PREHOOK: query: explain
select a.k1, a.v1, b.value
from (select sum(substr(tab.value,5)) as v1, key as k1 from tab_part join tab on tab_part.key = tab.key GROUP BY tab.key) a
join tab b on a.k1 = b.key
PREHOOK: type: QUERY
POSTHOOK: query: explain
select a.k1, a.v1, b.value
from (select sum(substr(tab.value,5)) as v1, key as k1 from tab_part join tab on tab_part.key = tab.key GROUP BY tab.key) a
join tab b on a.k1 = b.key
POSTHOOK: type: QUERY
STAGE DEPENDENCIES:
  Stage-1 is a root stage
  Stage-0 depends on stages: Stage-1

STAGE PLANS:
  Stage: Stage-1
    Tez
#### A masked pattern was here ####
      Edges:
        Map 1 <- Map 3 (CUSTOM_EDGE)
        Reducer 2 <- Map 1 (SIMPLE_EDGE), Map 4 (CUSTOM_SIMPLE_EDGE)
#### A masked pattern was here ####
      Vertices:
        Map 1 
            Map Operator Tree:
                TableScan
                  alias: tab_part
                  Statistics: Num rows: 500 Data size: 9312 Basic stats: COMPLETE Column stats: NONE
                  Filter Operator
                    predicate: key is not null (type: boolean)
                    Statistics: Num rows: 500 Data size: 9312 Basic stats: COMPLETE Column stats: NONE
                    Select Operator
                      expressions: key (type: int)
                      outputColumnNames: _col0
                      Statistics: Num rows: 500 Data size: 9312 Basic stats: COMPLETE Column stats: NONE
                      Map Join Operator
                        condition map:
                             Inner Join 0 to 1
                        keys:
                          0 _col0 (type: int)
                          1 _col0 (type: int)
                        outputColumnNames: _col1, _col2
                        input vertices:
                          1 Map 3
                        Statistics: Num rows: 550 Data size: 10243 Basic stats: COMPLETE Column stats: NONE
                        Select Operator
                          expressions: _col1 (type: int), substr(_col2, 5) (type: string)
                          outputColumnNames: _col0, _col1
                          Statistics: Num rows: 550 Data size: 10243 Basic stats: COMPLETE Column stats: NONE
                          Group By Operator
                            aggregations: sum(_col1)
                            keys: _col0 (type: int)
                            mode: hash
                            outputColumnNames: _col0, _col1
                            Statistics: Num rows: 550 Data size: 10243 Basic stats: COMPLETE Column stats: NONE
                            Reduce Output Operator
                              key expressions: _col0 (type: int)
                              sort order: +
                              Map-reduce partition columns: _col0 (type: int)
                              Statistics: Num rows: 550 Data size: 10243 Basic stats: COMPLETE Column stats: NONE
                              value expressions: _col1 (type: double)
            Execution mode: llap
            LLAP IO: no inputs
        Map 3 
            Map Operator Tree:
                TableScan
                  alias: tab
                  Statistics: Num rows: 242 Data size: 4502 Basic stats: COMPLETE Column stats: NONE
                  Filter Operator
                    predicate: key is not null (type: boolean)
                    Statistics: Num rows: 242 Data size: 4502 Basic stats: COMPLETE Column stats: NONE
                    Select Operator
                      expressions: key (type: int), value (type: string)
                      outputColumnNames: _col0, _col1
                      Statistics: Num rows: 242 Data size: 4502 Basic stats: COMPLETE Column stats: NONE
                      Reduce Output Operator
                        key expressions: _col0 (type: int)
                        sort order: +
                        Map-reduce partition columns: _col0 (type: int)
                        Statistics: Num rows: 242 Data size: 4502 Basic stats: COMPLETE Column stats: NONE
                        value expressions: _col1 (type: string)
            Execution mode: llap
            LLAP IO: no inputs
        Map 4 
            Map Operator Tree:
                TableScan
                  alias: b
                  Statistics: Num rows: 242 Data size: 4502 Basic stats: COMPLETE Column stats: NONE
                  Filter Operator
                    predicate: key is not null (type: boolean)
                    Statistics: Num rows: 242 Data size: 4502 Basic stats: COMPLETE Column stats: NONE
                    Select Operator
                      expressions: key (type: int), value (type: string)
                      outputColumnNames: _col0, _col1
                      Statistics: Num rows: 242 Data size: 4502 Basic stats: COMPLETE Column stats: NONE
                      Reduce Output Operator
                        key expressions: _col0 (type: int)
                        sort order: +
                        Map-reduce partition columns: _col0 (type: int)
                        Statistics: Num rows: 242 Data size: 4502 Basic stats: COMPLETE Column stats: NONE
                        value expressions: _col1 (type: string)
            Execution mode: llap
            LLAP IO: no inputs
        Reducer 2 
            Execution mode: llap
            Reduce Operator Tree:
              Group By Operator
                aggregations: sum(VALUE._col0)
                keys: KEY._col0 (type: int)
                mode: mergepartial
                outputColumnNames: _col0, _col1
                Statistics: Num rows: 275 Data size: 5121 Basic stats: COMPLETE Column stats: NONE
                Select Operator
                  expressions: _col1 (type: double), _col0 (type: int)
                  outputColumnNames: _col0, _col1
                  Statistics: Num rows: 275 Data size: 5121 Basic stats: COMPLETE Column stats: NONE
                  Map Join Operator
                    condition map:
                         Inner Join 0 to 1
                    keys:
                      0 _col1 (type: int)
                      1 _col0 (type: int)
                    outputColumnNames: _col0, _col1, _col3
                    input vertices:
                      1 Map 4
                    Statistics: Num rows: 302 Data size: 5633 Basic stats: COMPLETE Column stats: NONE
                    Select Operator
                      expressions: _col1 (type: int), _col0 (type: double), _col3 (type: string)
                      outputColumnNames: _col0, _col1, _col2
                      Statistics: Num rows: 302 Data size: 5633 Basic stats: COMPLETE Column stats: NONE
                      File Output Operator
                        compressed: false
                        Statistics: Num rows: 302 Data size: 5633 Basic stats: COMPLETE Column stats: NONE
                        table:
                            input format: org.apache.hadoop.mapred.SequenceFileInputFormat
                            output format: org.apache.hadoop.hive.ql.io.HiveSequenceFileOutputFormat
                            serde: org.apache.hadoop.hive.serde2.lazy.LazySimpleSerDe

  Stage: Stage-0
    Fetch Operator
      limit: -1
      Processor Tree:
        ListSink

PREHOOK: query: explain
select a.k1, a.v1, b.value
from (select sum(substr(x.value,5)) as v1, x.key as k1 from tab x join tab y on x.key = y.key GROUP BY x.key) a
join tab_part b on a.k1 = b.key
PREHOOK: type: QUERY
POSTHOOK: query: explain
select a.k1, a.v1, b.value
from (select sum(substr(x.value,5)) as v1, x.key as k1 from tab x join tab y on x.key = y.key GROUP BY x.key) a
join tab_part b on a.k1 = b.key
POSTHOOK: type: QUERY
STAGE DEPENDENCIES:
  Stage-1 is a root stage
  Stage-0 depends on stages: Stage-1

STAGE PLANS:
  Stage: Stage-1
    Tez
#### A masked pattern was here ####
      Edges:
        Map 1 <- Map 3 (CUSTOM_EDGE)
        Reducer 2 <- Map 1 (SIMPLE_EDGE), Map 4 (CUSTOM_SIMPLE_EDGE)
#### A masked pattern was here ####
      Vertices:
        Map 1 
            Map Operator Tree:
                TableScan
                  alias: x
                  Statistics: Num rows: 242 Data size: 4502 Basic stats: COMPLETE Column stats: NONE
                  Filter Operator
                    predicate: key is not null (type: boolean)
                    Statistics: Num rows: 242 Data size: 4502 Basic stats: COMPLETE Column stats: NONE
                    Select Operator
                      expressions: key (type: int), value (type: string)
                      outputColumnNames: _col0, _col1
                      Statistics: Num rows: 242 Data size: 4502 Basic stats: COMPLETE Column stats: NONE
                      Map Join Operator
                        condition map:
                             Inner Join 0 to 1
                        keys:
                          0 _col0 (type: int)
                          1 _col0 (type: int)
                        outputColumnNames: _col0, _col1
                        input vertices:
                          1 Map 3
                        Statistics: Num rows: 266 Data size: 4952 Basic stats: COMPLETE Column stats: NONE
                        Select Operator
                          expressions: _col0 (type: int), substr(_col1, 5) (type: string)
                          outputColumnNames: _col0, _col1
                          Statistics: Num rows: 266 Data size: 4952 Basic stats: COMPLETE Column stats: NONE
                          Group By Operator
                            aggregations: sum(_col1)
                            keys: _col0 (type: int)
                            mode: hash
                            outputColumnNames: _col0, _col1
                            Statistics: Num rows: 266 Data size: 4952 Basic stats: COMPLETE Column stats: NONE
                            Reduce Output Operator
                              key expressions: _col0 (type: int)
                              sort order: +
                              Map-reduce partition columns: _col0 (type: int)
                              Statistics: Num rows: 266 Data size: 4952 Basic stats: COMPLETE Column stats: NONE
                              value expressions: _col1 (type: double)
            Execution mode: llap
            LLAP IO: no inputs
        Map 3 
            Map Operator Tree:
                TableScan
                  alias: y
                  Statistics: Num rows: 242 Data size: 4502 Basic stats: COMPLETE Column stats: NONE
                  Filter Operator
                    predicate: key is not null (type: boolean)
                    Statistics: Num rows: 242 Data size: 4502 Basic stats: COMPLETE Column stats: NONE
                    Select Operator
                      expressions: key (type: int)
                      outputColumnNames: _col0
                      Statistics: Num rows: 242 Data size: 4502 Basic stats: COMPLETE Column stats: NONE
                      Reduce Output Operator
                        key expressions: _col0 (type: int)
                        sort order: +
                        Map-reduce partition columns: _col0 (type: int)
                        Statistics: Num rows: 242 Data size: 4502 Basic stats: COMPLETE Column stats: NONE
            Execution mode: llap
            LLAP IO: no inputs
        Map 4 
            Map Operator Tree:
                TableScan
                  alias: b
                  Statistics: Num rows: 500 Data size: 9312 Basic stats: COMPLETE Column stats: NONE
                  Filter Operator
                    predicate: key is not null (type: boolean)
                    Statistics: Num rows: 500 Data size: 9312 Basic stats: COMPLETE Column stats: NONE
                    Select Operator
                      expressions: key (type: int), value (type: string)
                      outputColumnNames: _col0, _col1
                      Statistics: Num rows: 500 Data size: 9312 Basic stats: COMPLETE Column stats: NONE
                      Reduce Output Operator
                        key expressions: _col0 (type: int)
                        sort order: +
                        Map-reduce partition columns: _col0 (type: int)
                        Statistics: Num rows: 500 Data size: 9312 Basic stats: COMPLETE Column stats: NONE
                        value expressions: _col1 (type: string)
            Execution mode: llap
            LLAP IO: no inputs
        Reducer 2 
            Execution mode: llap
            Reduce Operator Tree:
              Group By Operator
                aggregations: sum(VALUE._col0)
                keys: KEY._col0 (type: int)
                mode: mergepartial
                outputColumnNames: _col0, _col1
                Statistics: Num rows: 133 Data size: 2476 Basic stats: COMPLETE Column stats: NONE
                Select Operator
                  expressions: _col1 (type: double), _col0 (type: int)
                  outputColumnNames: _col0, _col1
                  Statistics: Num rows: 133 Data size: 2476 Basic stats: COMPLETE Column stats: NONE
                  Map Join Operator
                    condition map:
                         Inner Join 0 to 1
                    keys:
                      0 _col1 (type: int)
                      1 _col0 (type: int)
                    outputColumnNames: _col0, _col1, _col3
                    input vertices:
                      1 Map 4
                    Statistics: Num rows: 550 Data size: 10243 Basic stats: COMPLETE Column stats: NONE
                    Select Operator
                      expressions: _col1 (type: int), _col0 (type: double), _col3 (type: string)
                      outputColumnNames: _col0, _col1, _col2
                      Statistics: Num rows: 550 Data size: 10243 Basic stats: COMPLETE Column stats: NONE
                      File Output Operator
                        compressed: false
                        Statistics: Num rows: 550 Data size: 10243 Basic stats: COMPLETE Column stats: NONE
                        table:
                            input format: org.apache.hadoop.mapred.SequenceFileInputFormat
                            output format: org.apache.hadoop.hive.ql.io.HiveSequenceFileOutputFormat
                            serde: org.apache.hadoop.hive.serde2.lazy.LazySimpleSerDe

  Stage: Stage-0
    Fetch Operator
      limit: -1
      Processor Tree:
        ListSink

PREHOOK: query: explain
select a.key, a.value, b.value
from tab_part a join tab b on a.key = b.key join tab c on a.key = c.key
PREHOOK: type: QUERY
POSTHOOK: query: explain
select a.key, a.value, b.value
from tab_part a join tab b on a.key = b.key join tab c on a.key = c.key
POSTHOOK: type: QUERY
STAGE DEPENDENCIES:
  Stage-1 is a root stage
  Stage-0 depends on stages: Stage-1

STAGE PLANS:
  Stage: Stage-1
    Tez
#### A masked pattern was here ####
      Edges:
        Map 1 <- Map 2 (CUSTOM_EDGE), Map 3 (CUSTOM_EDGE)
#### A masked pattern was here ####
      Vertices:
        Map 1 
            Map Operator Tree:
                TableScan
                  alias: a
                  Statistics: Num rows: 500 Data size: 9312 Basic stats: COMPLETE Column stats: NONE
                  Filter Operator
                    predicate: key is not null (type: boolean)
                    Statistics: Num rows: 500 Data size: 9312 Basic stats: COMPLETE Column stats: NONE
                    Select Operator
                      expressions: key (type: int), value (type: string)
                      outputColumnNames: _col0, _col1
                      Statistics: Num rows: 500 Data size: 9312 Basic stats: COMPLETE Column stats: NONE
                      Map Join Operator
                        condition map:
                             Inner Join 0 to 1
                             Inner Join 0 to 2
                        keys:
                          0 _col0 (type: int)
                          1 _col0 (type: int)
                          2 _col0 (type: int)
                        outputColumnNames: _col0, _col1, _col3
                        input vertices:
                          1 Map 2
                          2 Map 3
                        Statistics: Num rows: 1100 Data size: 20486 Basic stats: COMPLETE Column stats: NONE
                        Select Operator
                          expressions: _col0 (type: int), _col1 (type: string), _col3 (type: string)
                          outputColumnNames: _col0, _col1, _col2
                          Statistics: Num rows: 1100 Data size: 20486 Basic stats: COMPLETE Column stats: NONE
                          File Output Operator
                            compressed: false
                            Statistics: Num rows: 1100 Data size: 20486 Basic stats: COMPLETE Column stats: NONE
                            table:
                                input format: org.apache.hadoop.mapred.SequenceFileInputFormat
                                output format: org.apache.hadoop.hive.ql.io.HiveSequenceFileOutputFormat
                                serde: org.apache.hadoop.hive.serde2.lazy.LazySimpleSerDe
            Execution mode: llap
            LLAP IO: no inputs
        Map 2 
            Map Operator Tree:
                TableScan
                  alias: b
                  Statistics: Num rows: 242 Data size: 4502 Basic stats: COMPLETE Column stats: NONE
                  Filter Operator
                    predicate: key is not null (type: boolean)
                    Statistics: Num rows: 242 Data size: 4502 Basic stats: COMPLETE Column stats: NONE
                    Select Operator
                      expressions: key (type: int), value (type: string)
                      outputColumnNames: _col0, _col1
                      Statistics: Num rows: 242 Data size: 4502 Basic stats: COMPLETE Column stats: NONE
                      Reduce Output Operator
                        key expressions: _col0 (type: int)
                        sort order: +
                        Map-reduce partition columns: _col0 (type: int)
                        Statistics: Num rows: 242 Data size: 4502 Basic stats: COMPLETE Column stats: NONE
                        value expressions: _col1 (type: string)
            Execution mode: llap
            LLAP IO: no inputs
        Map 3 
            Map Operator Tree:
                TableScan
                  alias: c
                  Statistics: Num rows: 242 Data size: 4502 Basic stats: COMPLETE Column stats: NONE
                  Filter Operator
                    predicate: key is not null (type: boolean)
                    Statistics: Num rows: 242 Data size: 4502 Basic stats: COMPLETE Column stats: NONE
                    Select Operator
                      expressions: key (type: int)
                      outputColumnNames: _col0
                      Statistics: Num rows: 242 Data size: 4502 Basic stats: COMPLETE Column stats: NONE
                      Reduce Output Operator
                        key expressions: _col0 (type: int)
                        sort order: +
                        Map-reduce partition columns: _col0 (type: int)
                        Statistics: Num rows: 242 Data size: 4502 Basic stats: COMPLETE Column stats: NONE
            Execution mode: llap
            LLAP IO: no inputs

  Stage: Stage-0
    Fetch Operator
      limit: -1
      Processor Tree:
        ListSink

PREHOOK: query: explain
select a.key, a.value, c.value
from (select x.key, x.value from tab_part x join tab y on x.key = y.key) a join tab c on a.key = c.key
PREHOOK: type: QUERY
POSTHOOK: query: explain
select a.key, a.value, c.value
from (select x.key, x.value from tab_part x join tab y on x.key = y.key) a join tab c on a.key = c.key
POSTHOOK: type: QUERY
STAGE DEPENDENCIES:
  Stage-1 is a root stage
  Stage-0 depends on stages: Stage-1

STAGE PLANS:
  Stage: Stage-1
    Tez
#### A masked pattern was here ####
      Edges:
        Map 1 <- Map 2 (CUSTOM_EDGE), Map 3 (CUSTOM_EDGE)
#### A masked pattern was here ####
      Vertices:
        Map 1 
            Map Operator Tree:
                TableScan
                  alias: x
                  Statistics: Num rows: 500 Data size: 9312 Basic stats: COMPLETE Column stats: NONE
                  Filter Operator
                    predicate: key is not null (type: boolean)
                    Statistics: Num rows: 500 Data size: 9312 Basic stats: COMPLETE Column stats: NONE
                    Select Operator
                      expressions: key (type: int), value (type: string)
                      outputColumnNames: _col0, _col1
                      Statistics: Num rows: 500 Data size: 9312 Basic stats: COMPLETE Column stats: NONE
                      Map Join Operator
                        condition map:
                             Inner Join 0 to 1
                        keys:
                          0 _col0 (type: int)
                          1 _col0 (type: int)
                        outputColumnNames: _col0, _col1
                        input vertices:
                          1 Map 2
                        Statistics: Num rows: 550 Data size: 10243 Basic stats: COMPLETE Column stats: NONE
                        Map Join Operator
                          condition map:
                               Inner Join 0 to 1
                          keys:
                            0 _col0 (type: int)
                            1 _col0 (type: int)
                          outputColumnNames: _col0, _col1, _col3
                          input vertices:
                            1 Map 3
                          Statistics: Num rows: 605 Data size: 11267 Basic stats: COMPLETE Column stats: NONE
                          Select Operator
                            expressions: _col0 (type: int), _col1 (type: string), _col3 (type: string)
                            outputColumnNames: _col0, _col1, _col2
                            Statistics: Num rows: 605 Data size: 11267 Basic stats: COMPLETE Column stats: NONE
                            File Output Operator
                              compressed: false
                              Statistics: Num rows: 605 Data size: 11267 Basic stats: COMPLETE Column stats: NONE
                              table:
                                  input format: org.apache.hadoop.mapred.SequenceFileInputFormat
                                  output format: org.apache.hadoop.hive.ql.io.HiveSequenceFileOutputFormat
                                  serde: org.apache.hadoop.hive.serde2.lazy.LazySimpleSerDe
            Execution mode: llap
            LLAP IO: no inputs
        Map 2 
            Map Operator Tree:
                TableScan
                  alias: y
                  Statistics: Num rows: 242 Data size: 4502 Basic stats: COMPLETE Column stats: NONE
                  Filter Operator
                    predicate: key is not null (type: boolean)
                    Statistics: Num rows: 242 Data size: 4502 Basic stats: COMPLETE Column stats: NONE
                    Select Operator
                      expressions: key (type: int)
                      outputColumnNames: _col0
                      Statistics: Num rows: 242 Data size: 4502 Basic stats: COMPLETE Column stats: NONE
                      Reduce Output Operator
                        key expressions: _col0 (type: int)
                        sort order: +
                        Map-reduce partition columns: _col0 (type: int)
                        Statistics: Num rows: 242 Data size: 4502 Basic stats: COMPLETE Column stats: NONE
            Execution mode: llap
            LLAP IO: no inputs
        Map 3 
            Map Operator Tree:
                TableScan
                  alias: c
                  Statistics: Num rows: 242 Data size: 4502 Basic stats: COMPLETE Column stats: NONE
                  Filter Operator
                    predicate: key is not null (type: boolean)
                    Statistics: Num rows: 242 Data size: 4502 Basic stats: COMPLETE Column stats: NONE
                    Select Operator
                      expressions: key (type: int), value (type: string)
                      outputColumnNames: _col0, _col1
                      Statistics: Num rows: 242 Data size: 4502 Basic stats: COMPLETE Column stats: NONE
                      Reduce Output Operator
                        key expressions: _col0 (type: int)
                        sort order: +
                        Map-reduce partition columns: _col0 (type: int)
                        Statistics: Num rows: 242 Data size: 4502 Basic stats: COMPLETE Column stats: NONE
                        value expressions: _col1 (type: string)
            Execution mode: llap
            LLAP IO: no inputs

  Stage: Stage-0
    Fetch Operator
      limit: -1
      Processor Tree:
        ListSink

PREHOOK: query: explain
select a.key, a.value, b.value
from (select key, sum(substr(srcbucket_mapjoin.value,5)) as value from srcbucket_mapjoin GROUP BY srcbucket_mapjoin.key) a
join tab_part b on a.key = b.key
PREHOOK: type: QUERY
POSTHOOK: query: explain
select a.key, a.value, b.value
from (select key, sum(substr(srcbucket_mapjoin.value,5)) as value from srcbucket_mapjoin GROUP BY srcbucket_mapjoin.key) a
join tab_part b on a.key = b.key
POSTHOOK: type: QUERY
STAGE DEPENDENCIES:
  Stage-1 is a root stage
  Stage-0 depends on stages: Stage-1

STAGE PLANS:
  Stage: Stage-1
    Tez
#### A masked pattern was here ####
      Edges:
        Map 3 <- Reducer 2 (CUSTOM_EDGE)
        Reducer 2 <- Map 1 (SIMPLE_EDGE)
#### A masked pattern was here ####
      Vertices:
        Map 1 
            Map Operator Tree:
                TableScan
                  alias: srcbucket_mapjoin
                  Statistics: Num rows: 27 Data size: 3024 Basic stats: COMPLETE Column stats: NONE
                  Filter Operator
                    predicate: key is not null (type: boolean)
                    Statistics: Num rows: 27 Data size: 3024 Basic stats: COMPLETE Column stats: NONE
                    Select Operator
                      expressions: key (type: int), substr(value, 5) (type: string)
                      outputColumnNames: _col0, _col1
                      Statistics: Num rows: 27 Data size: 3024 Basic stats: COMPLETE Column stats: NONE
                      Group By Operator
                        aggregations: sum(_col1)
                        keys: _col0 (type: int)
                        mode: hash
                        outputColumnNames: _col0, _col1
                        Statistics: Num rows: 27 Data size: 3024 Basic stats: COMPLETE Column stats: NONE
                        Reduce Output Operator
                          key expressions: _col0 (type: int)
                          sort order: +
                          Map-reduce partition columns: _col0 (type: int)
                          Statistics: Num rows: 27 Data size: 3024 Basic stats: COMPLETE Column stats: NONE
                          value expressions: _col1 (type: double)
            Execution mode: llap
            LLAP IO: no inputs
        Map 3 
            Map Operator Tree:
                TableScan
                  alias: b
                  Statistics: Num rows: 500 Data size: 9312 Basic stats: COMPLETE Column stats: NONE
                  Filter Operator
                    predicate: key is not null (type: boolean)
                    Statistics: Num rows: 500 Data size: 9312 Basic stats: COMPLETE Column stats: NONE
                    Select Operator
                      expressions: key (type: int), value (type: string)
                      outputColumnNames: _col0, _col1
                      Statistics: Num rows: 500 Data size: 9312 Basic stats: COMPLETE Column stats: NONE
                      Map Join Operator
                        condition map:
                             Inner Join 0 to 1
                        keys:
                          0 _col0 (type: int)
                          1 _col0 (type: int)
                        outputColumnNames: _col0, _col1, _col3
                        input vertices:
                          0 Reducer 2
                        Statistics: Num rows: 550 Data size: 10243 Basic stats: COMPLETE Column stats: NONE
                        Select Operator
                          expressions: _col0 (type: int), _col1 (type: double), _col3 (type: string)
                          outputColumnNames: _col0, _col1, _col2
                          Statistics: Num rows: 550 Data size: 10243 Basic stats: COMPLETE Column stats: NONE
                          File Output Operator
                            compressed: false
                            Statistics: Num rows: 550 Data size: 10243 Basic stats: COMPLETE Column stats: NONE
                            table:
                                input format: org.apache.hadoop.mapred.SequenceFileInputFormat
                                output format: org.apache.hadoop.hive.ql.io.HiveSequenceFileOutputFormat
                                serde: org.apache.hadoop.hive.serde2.lazy.LazySimpleSerDe
            Execution mode: llap
            LLAP IO: no inputs
        Reducer 2 
            Execution mode: llap
            Reduce Operator Tree:
              Group By Operator
                aggregations: sum(VALUE._col0)
                keys: KEY._col0 (type: int)
                mode: mergepartial
                outputColumnNames: _col0, _col1
                Statistics: Num rows: 13 Data size: 1456 Basic stats: COMPLETE Column stats: NONE
                Reduce Output Operator
                  key expressions: _col0 (type: int)
                  sort order: +
                  Map-reduce partition columns: _col0 (type: int)
                  Statistics: Num rows: 13 Data size: 1456 Basic stats: COMPLETE Column stats: NONE
                  value expressions: _col1 (type: double)

  Stage: Stage-0
    Fetch Operator
      limit: -1
      Processor Tree:
        ListSink

PREHOOK: query: explain
select a.key, a.value, b.value
from (select key, sum(substr(srcbucket_mapjoin.value,5)) as value from srcbucket_mapjoin GROUP BY srcbucket_mapjoin.key) a
join tab_part b on a.key = b.key
PREHOOK: type: QUERY
POSTHOOK: query: explain
select a.key, a.value, b.value
from (select key, sum(substr(srcbucket_mapjoin.value,5)) as value from srcbucket_mapjoin GROUP BY srcbucket_mapjoin.key) a
join tab_part b on a.key = b.key
POSTHOOK: type: QUERY
STAGE DEPENDENCIES:
  Stage-1 is a root stage
  Stage-0 depends on stages: Stage-1

STAGE PLANS:
  Stage: Stage-1
    Tez
#### A masked pattern was here ####
      Edges:
        Map 3 <- Reducer 2 (CUSTOM_EDGE)
        Reducer 2 <- Map 1 (SIMPLE_EDGE)
#### A masked pattern was here ####
      Vertices:
        Map 1 
            Map Operator Tree:
                TableScan
                  alias: srcbucket_mapjoin
                  Statistics: Num rows: 27 Data size: 3024 Basic stats: COMPLETE Column stats: NONE
                  Filter Operator
                    predicate: key is not null (type: boolean)
                    Statistics: Num rows: 27 Data size: 3024 Basic stats: COMPLETE Column stats: NONE
                    Select Operator
                      expressions: key (type: int), substr(value, 5) (type: string)
                      outputColumnNames: _col0, _col1
                      Statistics: Num rows: 27 Data size: 3024 Basic stats: COMPLETE Column stats: NONE
                      Reduce Output Operator
                        key expressions: _col0 (type: int)
                        sort order: +
                        Map-reduce partition columns: _col0 (type: int)
                        Statistics: Num rows: 27 Data size: 3024 Basic stats: COMPLETE Column stats: NONE
                        value expressions: _col1 (type: string)
            Execution mode: llap
            LLAP IO: no inputs
        Map 3 
            Map Operator Tree:
                TableScan
                  alias: b
                  Statistics: Num rows: 500 Data size: 9312 Basic stats: COMPLETE Column stats: NONE
                  Filter Operator
                    predicate: key is not null (type: boolean)
                    Statistics: Num rows: 500 Data size: 9312 Basic stats: COMPLETE Column stats: NONE
                    Select Operator
                      expressions: key (type: int), value (type: string)
                      outputColumnNames: _col0, _col1
                      Statistics: Num rows: 500 Data size: 9312 Basic stats: COMPLETE Column stats: NONE
                      Map Join Operator
                        condition map:
                             Inner Join 0 to 1
                        keys:
                          0 _col0 (type: int)
                          1 _col0 (type: int)
                        outputColumnNames: _col0, _col1, _col3
                        input vertices:
                          0 Reducer 2
                        Statistics: Num rows: 550 Data size: 10243 Basic stats: COMPLETE Column stats: NONE
                        Select Operator
                          expressions: _col0 (type: int), _col1 (type: double), _col3 (type: string)
                          outputColumnNames: _col0, _col1, _col2
                          Statistics: Num rows: 550 Data size: 10243 Basic stats: COMPLETE Column stats: NONE
                          File Output Operator
                            compressed: false
                            Statistics: Num rows: 550 Data size: 10243 Basic stats: COMPLETE Column stats: NONE
                            table:
                                input format: org.apache.hadoop.mapred.SequenceFileInputFormat
                                output format: org.apache.hadoop.hive.ql.io.HiveSequenceFileOutputFormat
                                serde: org.apache.hadoop.hive.serde2.lazy.LazySimpleSerDe
            Execution mode: llap
            LLAP IO: no inputs
        Reducer 2 
            Execution mode: llap
            Reduce Operator Tree:
              Group By Operator
                aggregations: sum(VALUE._col0)
                keys: KEY._col0 (type: int)
                mode: complete
                outputColumnNames: _col0, _col1
                Statistics: Num rows: 13 Data size: 1456 Basic stats: COMPLETE Column stats: NONE
                Reduce Output Operator
                  key expressions: _col0 (type: int)
                  sort order: +
                  Map-reduce partition columns: _col0 (type: int)
                  Statistics: Num rows: 13 Data size: 1456 Basic stats: COMPLETE Column stats: NONE
                  value expressions: _col1 (type: double)

  Stage: Stage-0
    Fetch Operator
      limit: -1
      Processor Tree:
        ListSink

PREHOOK: query: explain
select a.key, a.value, b.value
from tab a join tab_part b on a.value = b.value
PREHOOK: type: QUERY
POSTHOOK: query: explain
select a.key, a.value, b.value
from tab a join tab_part b on a.value = b.value
POSTHOOK: type: QUERY
STAGE DEPENDENCIES:
  Stage-1 is a root stage
  Stage-0 depends on stages: Stage-1

STAGE PLANS:
  Stage: Stage-1
    Tez
#### A masked pattern was here ####
      Edges:
        Map 2 <- Map 1 (BROADCAST_EDGE)
#### A masked pattern was here ####
      Vertices:
        Map 1 
            Map Operator Tree:
                TableScan
                  alias: a
                  Statistics: Num rows: 242 Data size: 4502 Basic stats: COMPLETE Column stats: NONE
                  Filter Operator
                    predicate: value is not null (type: boolean)
                    Statistics: Num rows: 242 Data size: 4502 Basic stats: COMPLETE Column stats: NONE
                    Select Operator
                      expressions: key (type: int), value (type: string)
                      outputColumnNames: _col0, _col1
                      Statistics: Num rows: 242 Data size: 4502 Basic stats: COMPLETE Column stats: NONE
                      Reduce Output Operator
                        key expressions: _col1 (type: string)
                        sort order: +
                        Map-reduce partition columns: _col1 (type: string)
                        Statistics: Num rows: 242 Data size: 4502 Basic stats: COMPLETE Column stats: NONE
                        value expressions: _col0 (type: int)
            Execution mode: llap
            LLAP IO: no inputs
        Map 2 
            Map Operator Tree:
                TableScan
                  alias: b
                  Statistics: Num rows: 500 Data size: 9312 Basic stats: COMPLETE Column stats: NONE
                  Filter Operator
                    predicate: value is not null (type: boolean)
                    Statistics: Num rows: 500 Data size: 9312 Basic stats: COMPLETE Column stats: NONE
                    Select Operator
                      expressions: value (type: string)
                      outputColumnNames: _col0
                      Statistics: Num rows: 500 Data size: 9312 Basic stats: COMPLETE Column stats: NONE
                      Map Join Operator
                        condition map:
                             Inner Join 0 to 1
                        keys:
                          0 _col1 (type: string)
                          1 _col0 (type: string)
                        outputColumnNames: _col0, _col1, _col2
                        input vertices:
                          0 Map 1
                        Statistics: Num rows: 550 Data size: 10243 Basic stats: COMPLETE Column stats: NONE
                        File Output Operator
                          compressed: false
                          Statistics: Num rows: 550 Data size: 10243 Basic stats: COMPLETE Column stats: NONE
                          table:
                              input format: org.apache.hadoop.mapred.SequenceFileInputFormat
                              output format: org.apache.hadoop.hive.ql.io.HiveSequenceFileOutputFormat
                              serde: org.apache.hadoop.hive.serde2.lazy.LazySimpleSerDe
            Execution mode: llap
            LLAP IO: no inputs

  Stage: Stage-0
    Fetch Operator
      limit: -1
      Processor Tree:
        ListSink

PREHOOK: query: CREATE TABLE tab1(key int, value string) CLUSTERED BY (key) INTO 2 BUCKETS STORED AS TEXTFILE
PREHOOK: type: CREATETABLE
PREHOOK: Output: database:default
PREHOOK: Output: default@tab1
POSTHOOK: query: CREATE TABLE tab1(key int, value string) CLUSTERED BY (key) INTO 2 BUCKETS STORED AS TEXTFILE
POSTHOOK: type: CREATETABLE
POSTHOOK: Output: database:default
POSTHOOK: Output: default@tab1
PREHOOK: query: insert overwrite table tab1
select key,value from srcbucket_mapjoin
PREHOOK: type: QUERY
PREHOOK: Input: default@srcbucket_mapjoin
PREHOOK: Input: default@srcbucket_mapjoin@ds=2008-04-08
PREHOOK: Output: default@tab1
POSTHOOK: query: insert overwrite table tab1
select key,value from srcbucket_mapjoin
POSTHOOK: type: QUERY
POSTHOOK: Input: default@srcbucket_mapjoin
POSTHOOK: Input: default@srcbucket_mapjoin@ds=2008-04-08
POSTHOOK: Output: default@tab1
POSTHOOK: Lineage: tab1.key SIMPLE [(srcbucket_mapjoin)srcbucket_mapjoin.FieldSchema(name:key, type:int, comment:null), ]
POSTHOOK: Lineage: tab1.value SIMPLE [(srcbucket_mapjoin)srcbucket_mapjoin.FieldSchema(name:value, type:string, comment:null), ]
PREHOOK: query: explain
select a.key, a.value, b.value
from tab1 a join tab_part b on a.key = b.key
PREHOOK: type: QUERY
POSTHOOK: query: explain
select a.key, a.value, b.value
from tab1 a join tab_part b on a.key = b.key
POSTHOOK: type: QUERY
STAGE DEPENDENCIES:
  Stage-1 is a root stage
  Stage-0 depends on stages: Stage-1

STAGE PLANS:
  Stage: Stage-1
    Tez
#### A masked pattern was here ####
      Edges:
        Map 2 <- Map 1 (CUSTOM_EDGE)
#### A masked pattern was here ####
      Vertices:
        Map 1 
            Map Operator Tree:
                TableScan
                  alias: a
                  Statistics: Num rows: 242 Data size: 2566 Basic stats: COMPLETE Column stats: NONE
                  Filter Operator
                    predicate: key is not null (type: boolean)
                    Statistics: Num rows: 242 Data size: 2566 Basic stats: COMPLETE Column stats: NONE
                    Select Operator
                      expressions: key (type: int), value (type: string)
                      outputColumnNames: _col0, _col1
                      Statistics: Num rows: 242 Data size: 2566 Basic stats: COMPLETE Column stats: NONE
                      Reduce Output Operator
                        key expressions: _col0 (type: int)
                        sort order: +
                        Map-reduce partition columns: _col0 (type: int)
                        Statistics: Num rows: 242 Data size: 2566 Basic stats: COMPLETE Column stats: NONE
                        value expressions: _col1 (type: string)
            Execution mode: llap
            LLAP IO: no inputs
        Map 2 
            Map Operator Tree:
                TableScan
                  alias: b
                  Statistics: Num rows: 500 Data size: 9312 Basic stats: COMPLETE Column stats: NONE
                  Filter Operator
                    predicate: key is not null (type: boolean)
                    Statistics: Num rows: 500 Data size: 9312 Basic stats: COMPLETE Column stats: NONE
                    Select Operator
                      expressions: key (type: int), value (type: string)
                      outputColumnNames: _col0, _col1
                      Statistics: Num rows: 500 Data size: 9312 Basic stats: COMPLETE Column stats: NONE
                      Map Join Operator
                        condition map:
                             Inner Join 0 to 1
                        keys:
                          0 _col0 (type: int)
                          1 _col0 (type: int)
                        outputColumnNames: _col0, _col1, _col3
                        input vertices:
                          0 Map 1
                        Statistics: Num rows: 550 Data size: 10243 Basic stats: COMPLETE Column stats: NONE
                        Select Operator
                          expressions: _col0 (type: int), _col1 (type: string), _col3 (type: string)
                          outputColumnNames: _col0, _col1, _col2
                          Statistics: Num rows: 550 Data size: 10243 Basic stats: COMPLETE Column stats: NONE
                          File Output Operator
                            compressed: false
                            Statistics: Num rows: 550 Data size: 10243 Basic stats: COMPLETE Column stats: NONE
                            table:
                                input format: org.apache.hadoop.mapred.SequenceFileInputFormat
                                output format: org.apache.hadoop.hive.ql.io.HiveSequenceFileOutputFormat
                                serde: org.apache.hadoop.hive.serde2.lazy.LazySimpleSerDe
            Execution mode: llap
            LLAP IO: no inputs

  Stage: Stage-0
    Fetch Operator
      limit: -1
      Processor Tree:
        ListSink

PREHOOK: query: explain select a.key, b.key from tab_part a join tab_part c on a.key = c.key join tab_part b on a.value = b.value
PREHOOK: type: QUERY
POSTHOOK: query: explain select a.key, b.key from tab_part a join tab_part c on a.key = c.key join tab_part b on a.value = b.value
POSTHOOK: type: QUERY
STAGE DEPENDENCIES:
  Stage-1 is a root stage
  Stage-0 depends on stages: Stage-1

STAGE PLANS:
  Stage: Stage-1
    Tez
#### A masked pattern was here ####
      Edges:
        Map 1 <- Map 2 (CUSTOM_EDGE), Map 3 (BROADCAST_EDGE)
#### A masked pattern was here ####
      Vertices:
        Map 1 
            Map Operator Tree:
                TableScan
                  alias: a
                  Statistics: Num rows: 500 Data size: 9312 Basic stats: COMPLETE Column stats: NONE
                  Filter Operator
                    predicate: (key is not null and value is not null) (type: boolean)
                    Statistics: Num rows: 500 Data size: 9312 Basic stats: COMPLETE Column stats: NONE
                    Select Operator
                      expressions: key (type: int), value (type: string)
                      outputColumnNames: _col0, _col1
                      Statistics: Num rows: 500 Data size: 9312 Basic stats: COMPLETE Column stats: NONE
                      Map Join Operator
                        condition map:
                             Inner Join 0 to 1
                        keys:
                          0 _col0 (type: int)
                          1 _col0 (type: int)
                        outputColumnNames: _col0, _col1
                        input vertices:
                          1 Map 2
                        Statistics: Num rows: 550 Data size: 10243 Basic stats: COMPLETE Column stats: NONE
                        Map Join Operator
                          condition map:
                               Inner Join 0 to 1
                          keys:
                            0 _col1 (type: string)
                            1 _col1 (type: string)
                          outputColumnNames: _col0, _col3
                          input vertices:
                            1 Map 3
                          Statistics: Num rows: 605 Data size: 11267 Basic stats: COMPLETE Column stats: NONE
                          Select Operator
                            expressions: _col0 (type: int), _col3 (type: int)
                            outputColumnNames: _col0, _col1
                            Statistics: Num rows: 605 Data size: 11267 Basic stats: COMPLETE Column stats: NONE
                            File Output Operator
                              compressed: false
                              Statistics: Num rows: 605 Data size: 11267 Basic stats: COMPLETE Column stats: NONE
                              table:
                                  input format: org.apache.hadoop.mapred.SequenceFileInputFormat
                                  output format: org.apache.hadoop.hive.ql.io.HiveSequenceFileOutputFormat
                                  serde: org.apache.hadoop.hive.serde2.lazy.LazySimpleSerDe
            Execution mode: llap
            LLAP IO: no inputs
        Map 2 
            Map Operator Tree:
                TableScan
                  alias: c
                  Statistics: Num rows: 500 Data size: 9312 Basic stats: COMPLETE Column stats: NONE
                  Filter Operator
                    predicate: key is not null (type: boolean)
                    Statistics: Num rows: 500 Data size: 9312 Basic stats: COMPLETE Column stats: NONE
                    Select Operator
                      expressions: key (type: int)
                      outputColumnNames: _col0
                      Statistics: Num rows: 500 Data size: 9312 Basic stats: COMPLETE Column stats: NONE
                      Reduce Output Operator
                        key expressions: _col0 (type: int)
                        sort order: +
                        Map-reduce partition columns: _col0 (type: int)
                        Statistics: Num rows: 500 Data size: 9312 Basic stats: COMPLETE Column stats: NONE
            Execution mode: llap
            LLAP IO: no inputs
        Map 3 
            Map Operator Tree:
                TableScan
                  alias: b
                  Statistics: Num rows: 500 Data size: 9312 Basic stats: COMPLETE Column stats: NONE
                  Filter Operator
                    predicate: value is not null (type: boolean)
                    Statistics: Num rows: 500 Data size: 9312 Basic stats: COMPLETE Column stats: NONE
                    Select Operator
                      expressions: key (type: int), value (type: string)
                      outputColumnNames: _col0, _col1
                      Statistics: Num rows: 500 Data size: 9312 Basic stats: COMPLETE Column stats: NONE
                      Reduce Output Operator
                        key expressions: _col1 (type: string)
                        sort order: +
                        Map-reduce partition columns: _col1 (type: string)
                        Statistics: Num rows: 500 Data size: 9312 Basic stats: COMPLETE Column stats: NONE
                        value expressions: _col0 (type: int)
            Execution mode: llap
            LLAP IO: no inputs

  Stage: Stage-0
    Fetch Operator
      limit: -1
      Processor Tree:
        ListSink

PREHOOK: query: explain
select a.key, a.value, b.value
from tab a join tab_part b on a.key = b.key and a.ds = b.ds
PREHOOK: type: QUERY
POSTHOOK: query: explain
select a.key, a.value, b.value
from tab a join tab_part b on a.key = b.key and a.ds = b.ds
POSTHOOK: type: QUERY
STAGE DEPENDENCIES:
  Stage-1 is a root stage
  Stage-0 depends on stages: Stage-1

STAGE PLANS:
  Stage: Stage-1
    Tez
#### A masked pattern was here ####
      Edges:
        Map 2 <- Map 1 (BROADCAST_EDGE)
#### A masked pattern was here ####
      Vertices:
        Map 1 
            Map Operator Tree:
                TableScan
                  alias: a
                  Statistics: Num rows: 242 Data size: 47094 Basic stats: COMPLETE Column stats: PARTIAL
                  Filter Operator
                    predicate: key is not null (type: boolean)
                    Statistics: Num rows: 242 Data size: 44528 Basic stats: COMPLETE Column stats: PARTIAL
                    Select Operator
                      expressions: key (type: int), value (type: string), ds (type: string)
                      outputColumnNames: _col0, _col1, _col2
                      Statistics: Num rows: 242 Data size: 44528 Basic stats: COMPLETE Column stats: PARTIAL
                      Reduce Output Operator
                        key expressions: _col0 (type: int), _col2 (type: string)
                        sort order: ++
                        Map-reduce partition columns: _col0 (type: int), _col2 (type: string)
                        Statistics: Num rows: 242 Data size: 44528 Basic stats: COMPLETE Column stats: PARTIAL
                        value expressions: _col1 (type: string)
                      Select Operator
                        expressions: _col2 (type: string)
                        outputColumnNames: _col0
                        Statistics: Num rows: 242 Data size: 44528 Basic stats: COMPLETE Column stats: PARTIAL
                        Group By Operator
                          keys: _col0 (type: string)
                          mode: hash
                          outputColumnNames: _col0
                          Statistics: Num rows: 1 Data size: 184 Basic stats: COMPLETE Column stats: PARTIAL
                          Dynamic Partitioning Event Operator
                            Target column: ds (string)
                            Target Input: b
                            Partition key expr: ds
                            Statistics: Num rows: 1 Data size: 184 Basic stats: COMPLETE Column stats: PARTIAL
                            Target Vertex: Map 2
            Execution mode: llap
            LLAP IO: no inputs
        Map 2 
            Map Operator Tree:
                TableScan
                  alias: b
                  Statistics: Num rows: 500 Data size: 97312 Basic stats: COMPLETE Column stats: PARTIAL
                  Filter Operator
                    predicate: key is not null (type: boolean)
                    Statistics: Num rows: 500 Data size: 92000 Basic stats: COMPLETE Column stats: PARTIAL
                    Select Operator
                      expressions: key (type: int), value (type: string), ds (type: string)
                      outputColumnNames: _col0, _col1, _col2
                      Statistics: Num rows: 500 Data size: 92000 Basic stats: COMPLETE Column stats: PARTIAL
                      Map Join Operator
                        condition map:
                             Inner Join 0 to 1
                        keys:
                          0 _col0 (type: int), _col2 (type: string)
                          1 _col0 (type: int), _col2 (type: string)
                        outputColumnNames: _col0, _col1, _col4
                        input vertices:
                          0 Map 1
                        Statistics: Num rows: 60500 Data size: 12826000 Basic stats: COMPLETE Column stats: PARTIAL
                        Select Operator
                          expressions: _col0 (type: int), _col1 (type: string), _col4 (type: string)
                          outputColumnNames: _col0, _col1, _col2
                          Statistics: Num rows: 60500 Data size: 484000 Basic stats: COMPLETE Column stats: PARTIAL
                          File Output Operator
                            compressed: false
                            Statistics: Num rows: 60500 Data size: 484000 Basic stats: COMPLETE Column stats: PARTIAL
                            table:
                                input format: org.apache.hadoop.mapred.SequenceFileInputFormat
                                output format: org.apache.hadoop.hive.ql.io.HiveSequenceFileOutputFormat
                                serde: org.apache.hadoop.hive.serde2.lazy.LazySimpleSerDe
            Execution mode: llap
            LLAP IO: no inputs

  Stage: Stage-0
    Fetch Operator
      limit: -1
      Processor Tree:
        ListSink

PREHOOK: query: insert overwrite table tab partition (ds='2008-04-08')
select key,value from srcbucket_mapjoin where key = 411
PREHOOK: type: QUERY
PREHOOK: Input: default@srcbucket_mapjoin
PREHOOK: Input: default@srcbucket_mapjoin@ds=2008-04-08
PREHOOK: Output: default@tab@ds=2008-04-08
POSTHOOK: query: insert overwrite table tab partition (ds='2008-04-08')
select key,value from srcbucket_mapjoin where key = 411
POSTHOOK: type: QUERY
POSTHOOK: Input: default@srcbucket_mapjoin
POSTHOOK: Input: default@srcbucket_mapjoin@ds=2008-04-08
POSTHOOK: Output: default@tab@ds=2008-04-08
POSTHOOK: Lineage: tab PARTITION(ds=2008-04-08).key SIMPLE []
POSTHOOK: Lineage: tab PARTITION(ds=2008-04-08).value SIMPLE [(srcbucket_mapjoin)srcbucket_mapjoin.FieldSchema(name:value, type:string, comment:null), ]
PREHOOK: query: explain
select count(*)
from tab_part a join tab b on a.key = b.key
PREHOOK: type: QUERY
POSTHOOK: query: explain
select count(*)
from tab_part a join tab b on a.key = b.key
POSTHOOK: type: QUERY
STAGE DEPENDENCIES:
  Stage-1 is a root stage
  Stage-0 depends on stages: Stage-1

STAGE PLANS:
  Stage: Stage-1
    Tez
#### A masked pattern was here ####
      Edges:
        Map 1 <- Map 3 (CUSTOM_EDGE)
        Reducer 2 <- Map 1 (CUSTOM_SIMPLE_EDGE)
#### A masked pattern was here ####
      Vertices:
        Map 1 
            Map Operator Tree:
                TableScan
                  alias: a
                  Statistics: Num rows: 500 Data size: 9312 Basic stats: COMPLETE Column stats: NONE
                  Filter Operator
                    predicate: key is not null (type: boolean)
                    Statistics: Num rows: 500 Data size: 9312 Basic stats: COMPLETE Column stats: NONE
                    Select Operator
                      expressions: key (type: int)
                      outputColumnNames: _col0
                      Statistics: Num rows: 500 Data size: 9312 Basic stats: COMPLETE Column stats: NONE
                      Map Join Operator
                        condition map:
                             Inner Join 0 to 1
                        keys:
                          0 _col0 (type: int)
                          1 _col0 (type: int)
                        input vertices:
                          1 Map 3
                        Statistics: Num rows: 550 Data size: 10243 Basic stats: COMPLETE Column stats: NONE
                        Reduce Output Operator
                          sort order: 
                          Statistics: Num rows: 550 Data size: 10243 Basic stats: COMPLETE Column stats: NONE
            Execution mode: llap
            LLAP IO: no inputs
        Map 3 
            Map Operator Tree:
                TableScan
                  alias: b
                  Statistics: Num rows: 1 Data size: 19 Basic stats: COMPLETE Column stats: NONE
                  Filter Operator
                    predicate: key is not null (type: boolean)
                    Statistics: Num rows: 1 Data size: 19 Basic stats: COMPLETE Column stats: NONE
                    Select Operator
                      expressions: key (type: int)
                      outputColumnNames: _col0
                      Statistics: Num rows: 1 Data size: 19 Basic stats: COMPLETE Column stats: NONE
                      Reduce Output Operator
                        key expressions: _col0 (type: int)
                        sort order: +
                        Map-reduce partition columns: _col0 (type: int)
                        Statistics: Num rows: 1 Data size: 19 Basic stats: COMPLETE Column stats: NONE
            Execution mode: llap
            LLAP IO: no inputs
        Reducer 2 
            Execution mode: llap
            Reduce Operator Tree:
              Group By Operator
                aggregations: count()
                mode: complete
                outputColumnNames: _col0
                Statistics: Num rows: 1 Data size: 8 Basic stats: COMPLETE Column stats: NONE
                File Output Operator
                  compressed: false
                  Statistics: Num rows: 1 Data size: 8 Basic stats: COMPLETE Column stats: NONE
                  table:
                      input format: org.apache.hadoop.mapred.SequenceFileInputFormat
                      output format: org.apache.hadoop.hive.ql.io.HiveSequenceFileOutputFormat
                      serde: org.apache.hadoop.hive.serde2.lazy.LazySimpleSerDe

  Stage: Stage-0
    Fetch Operator
      limit: -1
      Processor Tree:
        ListSink

PREHOOK: query: select count(*)
from tab_part a join tab b on a.key = b.key
PREHOOK: type: QUERY
PREHOOK: Input: default@tab
PREHOOK: Input: default@tab@ds=2008-04-08
PREHOOK: Input: default@tab_part
PREHOOK: Input: default@tab_part@ds=2008-04-08
#### A masked pattern was here ####
POSTHOOK: query: select count(*)
from tab_part a join tab b on a.key = b.key
POSTHOOK: type: QUERY
POSTHOOK: Input: default@tab
POSTHOOK: Input: default@tab@ds=2008-04-08
POSTHOOK: Input: default@tab_part
POSTHOOK: Input: default@tab_part@ds=2008-04-08
#### A masked pattern was here ####
1
PREHOOK: query: insert overwrite table tab partition (ds='2008-04-08')
select key,value from srcbucket_mapjoin where key = 411
PREHOOK: type: QUERY
PREHOOK: Input: default@srcbucket_mapjoin
PREHOOK: Input: default@srcbucket_mapjoin@ds=2008-04-08
PREHOOK: Output: default@tab@ds=2008-04-08
POSTHOOK: query: insert overwrite table tab partition (ds='2008-04-08')
select key,value from srcbucket_mapjoin where key = 411
POSTHOOK: type: QUERY
POSTHOOK: Input: default@srcbucket_mapjoin
POSTHOOK: Input: default@srcbucket_mapjoin@ds=2008-04-08
POSTHOOK: Output: default@tab@ds=2008-04-08
POSTHOOK: Lineage: tab PARTITION(ds=2008-04-08).key SIMPLE []
POSTHOOK: Lineage: tab PARTITION(ds=2008-04-08).value SIMPLE [(srcbucket_mapjoin)srcbucket_mapjoin.FieldSchema(name:value, type:string, comment:null), ]
PREHOOK: query: explain
select count(*)
from tab_part a join tab b on a.key = b.key
PREHOOK: type: QUERY
POSTHOOK: query: explain
select count(*)
from tab_part a join tab b on a.key = b.key
POSTHOOK: type: QUERY
STAGE DEPENDENCIES:
  Stage-1 is a root stage
  Stage-0 depends on stages: Stage-1

STAGE PLANS:
  Stage: Stage-1
    Tez
#### A masked pattern was here ####
      Edges:
        Map 1 <- Map 3 (CUSTOM_EDGE)
        Reducer 2 <- Map 1 (CUSTOM_SIMPLE_EDGE)
#### A masked pattern was here ####
      Vertices:
        Map 1 
            Map Operator Tree:
                TableScan
                  alias: a
                  Statistics: Num rows: 500 Data size: 9312 Basic stats: COMPLETE Column stats: NONE
                  Filter Operator
                    predicate: key is not null (type: boolean)
                    Statistics: Num rows: 500 Data size: 9312 Basic stats: COMPLETE Column stats: NONE
                    Select Operator
                      expressions: key (type: int)
                      outputColumnNames: _col0
                      Statistics: Num rows: 500 Data size: 9312 Basic stats: COMPLETE Column stats: NONE
                      Map Join Operator
                        condition map:
                             Inner Join 0 to 1
                        keys:
                          0 _col0 (type: int)
                          1 _col0 (type: int)
                        input vertices:
                          1 Map 3
                        Statistics: Num rows: 550 Data size: 10243 Basic stats: COMPLETE Column stats: NONE
                        Reduce Output Operator
                          sort order: 
                          Statistics: Num rows: 550 Data size: 10243 Basic stats: COMPLETE Column stats: NONE
            Execution mode: llap
            LLAP IO: no inputs
        Map 3 
            Map Operator Tree:
                TableScan
                  alias: b
                  Statistics: Num rows: 1 Data size: 19 Basic stats: COMPLETE Column stats: NONE
                  Filter Operator
                    predicate: key is not null (type: boolean)
                    Statistics: Num rows: 1 Data size: 19 Basic stats: COMPLETE Column stats: NONE
                    Select Operator
                      expressions: key (type: int)
                      outputColumnNames: _col0
                      Statistics: Num rows: 1 Data size: 19 Basic stats: COMPLETE Column stats: NONE
                      Reduce Output Operator
                        key expressions: _col0 (type: int)
                        sort order: +
                        Map-reduce partition columns: _col0 (type: int)
                        Statistics: Num rows: 1 Data size: 19 Basic stats: COMPLETE Column stats: NONE
            Execution mode: llap
            LLAP IO: no inputs
        Reducer 2 
            Execution mode: llap
            Reduce Operator Tree:
              Group By Operator
                aggregations: count()
                mode: complete
                outputColumnNames: _col0
                Statistics: Num rows: 1 Data size: 8 Basic stats: COMPLETE Column stats: NONE
                File Output Operator
                  compressed: false
                  Statistics: Num rows: 1 Data size: 8 Basic stats: COMPLETE Column stats: NONE
                  table:
                      input format: org.apache.hadoop.mapred.SequenceFileInputFormat
                      output format: org.apache.hadoop.hive.ql.io.HiveSequenceFileOutputFormat
                      serde: org.apache.hadoop.hive.serde2.lazy.LazySimpleSerDe

  Stage: Stage-0
    Fetch Operator
      limit: -1
      Processor Tree:
        ListSink

PREHOOK: query: select count(*)
from tab_part a join tab b on a.key = b.key
PREHOOK: type: QUERY
PREHOOK: Input: default@tab
PREHOOK: Input: default@tab@ds=2008-04-08
PREHOOK: Input: default@tab_part
PREHOOK: Input: default@tab_part@ds=2008-04-08
#### A masked pattern was here ####
POSTHOOK: query: select count(*)
from tab_part a join tab b on a.key = b.key
POSTHOOK: type: QUERY
POSTHOOK: Input: default@tab
POSTHOOK: Input: default@tab@ds=2008-04-08
POSTHOOK: Input: default@tab_part
POSTHOOK: Input: default@tab_part@ds=2008-04-08
#### A masked pattern was here ####
1
