PREHOOK: query: CREATE TABLE DEST1_n129(Key INT, VALUE STRING) STORED AS TEXTFILE
PREHOOK: type: CREATETABLE
PREHOOK: Output: database:default
PREHOOK: Output: default@DEST1_n129
POSTHOOK: query: CREATE TABLE DEST1_n129(Key INT, VALUE STRING) STORED AS TEXTFILE
POSTHOOK: type: CREATETABLE
POSTHOOK: Output: database:default
POSTHOOK: Output: default@DEST1_n129
PREHOOK: query: EXPLAIN
FROM SRC_THRIFT
INSERT OVERWRITE TABLE dest1_n129 SELECT src_Thrift.LINT[1], src_thrift.lintstring[0].MYSTRING where src_thrift.liNT[0] > 0
PREHOOK: type: QUERY
PREHOOK: Input: default@src_thrift
PREHOOK: Output: default@dest1_n129
POSTHOOK: query: EXPLAIN
FROM SRC_THRIFT
INSERT OVERWRITE TABLE dest1_n129 SELECT src_Thrift.LINT[1], src_thrift.lintstring[0].MYSTRING where src_thrift.liNT[0] > 0
POSTHOOK: type: QUERY
POSTHOOK: Input: default@src_thrift
POSTHOOK: Output: default@dest1_n129
STAGE DEPENDENCIES:
  Stage-1 is a root stage
  Stage-2 depends on stages: Stage-1
  Stage-0 depends on stages: Stage-2
  Stage-3 depends on stages: Stage-0

STAGE PLANS:
  Stage: Stage-1
    Tez
#### A masked pattern was here ####
      Edges:
        Reducer 2 <- Map 1 (CUSTOM_SIMPLE_EDGE)
#### A masked pattern was here ####
      Vertices:
        Map 1 
            Map Operator Tree:
                TableScan
                  alias: src_thrift
                  filterExpr: (lint[0] > 0) (type: boolean)
                  Statistics: Num rows: 11 Data size: 29480 Basic stats: COMPLETE Column stats: NONE
                  Filter Operator
                    predicate: (lint[0] > 0) (type: boolean)
                    Statistics: Num rows: 3 Data size: 8039 Basic stats: COMPLETE Column stats: NONE
                    Select Operator
                      expressions: lint[1] (type: int), lintstring[0].mystring (type: string)
                      outputColumnNames: _col0, _col1
                      Statistics: Num rows: 3 Data size: 8039 Basic stats: COMPLETE Column stats: NONE
                      File Output Operator
                        compressed: false
                        Statistics: Num rows: 3 Data size: 8039 Basic stats: COMPLETE Column stats: NONE
                        table:
                            input format: org.apache.hadoop.mapred.TextInputFormat
                            output format: org.apache.hadoop.hive.ql.io.HiveIgnoreKeyTextOutputFormat
                            serde: org.apache.hadoop.hive.serde2.lazy.LazySimpleSerDe
                            name: default.dest1_n129
                      Select Operator
                        expressions: _col0 (type: int), _col1 (type: string)
                        outputColumnNames: key, value
                        Statistics: Num rows: 3 Data size: 8039 Basic stats: COMPLETE Column stats: NONE
                        Group By Operator
                          aggregations: min(key), max(key), count(1), count(key), compute_bit_vector_hll(key), max(length(value)), avg(COALESCE(length(value),0)), count(value), compute_bit_vector_hll(value)
                          minReductionHashAggr: 0.99
                          mode: hash
                          outputColumnNames: _col0, _col1, _col2, _col3, _col4, _col5, _col6, _col7, _col8
                          Statistics: Num rows: 1 Data size: 3080 Basic stats: COMPLETE Column stats: NONE
                          Reduce Output Operator
                            null sort order: 
                            sort order: 
                            Statistics: Num rows: 1 Data size: 3080 Basic stats: COMPLETE Column stats: NONE
                            value expressions: _col0 (type: int), _col1 (type: int), _col2 (type: bigint), _col3 (type: bigint), _col4 (type: binary), _col5 (type: int), _col6 (type: struct<count:bigint,sum:double,input:int>), _col7 (type: bigint), _col8 (type: binary)
            Execution mode: vectorized, llap
            LLAP IO: no inputs
        Reducer 2 
            Execution mode: vectorized, llap
            Reduce Operator Tree:
              Group By Operator
                aggregations: min(VALUE._col0), max(VALUE._col1), count(VALUE._col2), count(VALUE._col3), compute_bit_vector_hll(VALUE._col4), max(VALUE._col5), avg(VALUE._col6), count(VALUE._col7), compute_bit_vector_hll(VALUE._col8)
                mode: mergepartial
                outputColumnNames: _col0, _col1, _col2, _col3, _col4, _col5, _col6, _col7, _col8
                Statistics: Num rows: 1 Data size: 3080 Basic stats: COMPLETE Column stats: NONE
                Select Operator
                  expressions: 'LONG' (type: string), UDFToLong(_col0) (type: bigint), UDFToLong(_col1) (type: bigint), (_col2 - _col3) (type: bigint), COALESCE(ndv_compute_bit_vector(_col4),0) (type: bigint), _col4 (type: binary), 'STRING' (type: string), UDFToLong(COALESCE(_col5,0)) (type: bigint), COALESCE(_col6,0) (type: double), (_col2 - _col7) (type: bigint), COALESCE(ndv_compute_bit_vector(_col8),0) (type: bigint), _col8 (type: binary)
                  outputColumnNames: _col0, _col1, _col2, _col3, _col4, _col5, _col6, _col7, _col8, _col9, _col10, _col11
                  Statistics: Num rows: 1 Data size: 3080 Basic stats: COMPLETE Column stats: NONE
                  File Output Operator
                    compressed: false
                    Statistics: Num rows: 1 Data size: 3080 Basic stats: COMPLETE Column stats: NONE
                    table:
                        input format: org.apache.hadoop.mapred.SequenceFileInputFormat
                        output format: org.apache.hadoop.hive.ql.io.HiveSequenceFileOutputFormat
                        serde: org.apache.hadoop.hive.serde2.lazy.LazySimpleSerDe

  Stage: Stage-2
    Dependency Collection

  Stage: Stage-0
    Move Operator
      tables:
          replace: true
          table:
              input format: org.apache.hadoop.mapred.TextInputFormat
              output format: org.apache.hadoop.hive.ql.io.HiveIgnoreKeyTextOutputFormat
              serde: org.apache.hadoop.hive.serde2.lazy.LazySimpleSerDe
              name: default.dest1_n129

  Stage: Stage-3
    Stats Work
      Basic Stats Work:
      Column Stats Desc:
          Columns: key, value
          Column Types: int, string
          Table: default.dest1_n129

PREHOOK: query: FROM SRC_THRIFT
INSERT OVERWRITE TABLE dest1_n129 SELECT src_Thrift.LINT[1], src_thrift.lintstring[0].MYSTRING where src_thrift.liNT[0] > 0
PREHOOK: type: QUERY
PREHOOK: Input: default@src_thrift
PREHOOK: Output: default@dest1_n129
POSTHOOK: query: FROM SRC_THRIFT
INSERT OVERWRITE TABLE dest1_n129 SELECT src_Thrift.LINT[1], src_thrift.lintstring[0].MYSTRING where src_thrift.liNT[0] > 0
POSTHOOK: type: QUERY
POSTHOOK: Input: default@src_thrift
POSTHOOK: Output: default@dest1_n129
POSTHOOK: Lineage: dest1_n129.key EXPRESSION [(src_thrift)src_thrift.FieldSchema(name:lint, type:array<int>, comment:from deserializer), ]
POSTHOOK: Lineage: dest1_n129.value EXPRESSION [(src_thrift)src_thrift.FieldSchema(name:lintstring, type:array<struct<myint:int,mystring:string,underscore_int:int>>, comment:from deserializer), ]
PREHOOK: query: SELECT DEST1_n129.* FROM Dest1_n129
PREHOOK: type: QUERY
PREHOOK: Input: default@dest1_n129
#### A masked pattern was here ####
POSTHOOK: query: SELECT DEST1_n129.* FROM Dest1_n129
POSTHOOK: type: QUERY
POSTHOOK: Input: default@dest1_n129
#### A masked pattern was here ####
2	1
4	8
6	27
8	64
10	125
12	216
14	343
16	512
18	729
