PREHOOK: query: CREATE TABLE A (`value_date` date) STORED AS ORC
PREHOOK: type: CREATETABLE
PREHOOK: Output: database:default
PREHOOK: Output: default@A
POSTHOOK: query: CREATE TABLE A (`value_date` date) STORED AS ORC
POSTHOOK: type: CREATETABLE
POSTHOOK: Output: database:default
POSTHOOK: Output: default@A
PREHOOK: query: CREATE TABLE B (`business_date` date) STORED AS ORC
PREHOOK: type: CREATETABLE
PREHOOK: Output: database:default
PREHOOK: Output: default@B
POSTHOOK: query: CREATE TABLE B (`business_date` date) STORED AS ORC
POSTHOOK: type: CREATETABLE
POSTHOOK: Output: database:default
POSTHOOK: Output: default@B
PREHOOK: query: EXPLAIN SELECT A.VALUE_DATE
FROM A, B
WHERE A.VALUE_DATE = BUSINESS_DATE
  AND A.VALUE_DATE = TRUNC(BUSINESS_DATE, 'MONTH')
PREHOOK: type: QUERY
PREHOOK: Input: default@a
PREHOOK: Input: default@b
#### A masked pattern was here ####
POSTHOOK: query: EXPLAIN SELECT A.VALUE_DATE
FROM A, B
WHERE A.VALUE_DATE = BUSINESS_DATE
  AND A.VALUE_DATE = TRUNC(BUSINESS_DATE, 'MONTH')
POSTHOOK: type: QUERY
POSTHOOK: Input: default@a
POSTHOOK: Input: default@b
#### A masked pattern was here ####
STAGE DEPENDENCIES:
  Stage-1 is a root stage
  Stage-0 depends on stages: Stage-1

STAGE PLANS:
  Stage: Stage-1
    Tez
#### A masked pattern was here ####
      Edges:
        Reducer 2 <- Map 1 (SIMPLE_EDGE), Map 3 (SIMPLE_EDGE)
#### A masked pattern was here ####
      Vertices:
        Map 1 
            Map Operator Tree:
                TableScan
                  alias: a
                  filterExpr: value_date is not null (type: boolean)
                  Statistics: Num rows: 1 Data size: 56 Basic stats: COMPLETE Column stats: NONE
                  Filter Operator
                    predicate: value_date is not null (type: boolean)
                    Statistics: Num rows: 1 Data size: 56 Basic stats: COMPLETE Column stats: NONE
                    Select Operator
                      expressions: value_date (type: date)
                      outputColumnNames: _col0
                      Statistics: Num rows: 1 Data size: 56 Basic stats: COMPLETE Column stats: NONE
                      Reduce Output Operator
                        key expressions: _col0 (type: date), _col0 (type: date)
                        null sort order: zz
                        sort order: ++
                        Map-reduce partition columns: _col0 (type: date), _col0 (type: date)
                        Statistics: Num rows: 1 Data size: 56 Basic stats: COMPLETE Column stats: NONE
            Execution mode: vectorized, llap
            LLAP IO: all inputs
        Map 3 
            Map Operator Tree:
                TableScan
                  alias: b
                  filterExpr: business_date is not null (type: boolean)
                  Statistics: Num rows: 1 Data size: 56 Basic stats: COMPLETE Column stats: NONE
                  Filter Operator
                    predicate: business_date is not null (type: boolean)
                    Statistics: Num rows: 1 Data size: 56 Basic stats: COMPLETE Column stats: NONE
                    Select Operator
                      expressions: business_date (type: date), CAST( trunc(business_date, 'MONTH') AS DATE) (type: date)
                      outputColumnNames: _col0, _col1
                      Statistics: Num rows: 1 Data size: 56 Basic stats: COMPLETE Column stats: NONE
                      Filter Operator
                        predicate: _col1 is not null (type: boolean)
                        Statistics: Num rows: 1 Data size: 56 Basic stats: COMPLETE Column stats: NONE
                        Reduce Output Operator
                          key expressions: _col1 (type: date), _col0 (type: date)
                          null sort order: zz
                          sort order: ++
                          Map-reduce partition columns: _col1 (type: date), _col0 (type: date)
                          Statistics: Num rows: 1 Data size: 56 Basic stats: COMPLETE Column stats: NONE
            Execution mode: vectorized, llap
            LLAP IO: all inputs
        Reducer 2 
            Execution mode: llap
            Reduce Operator Tree:
              Merge Join Operator
                condition map:
                     Inner Join 0 to 1
                keys:
                  0 _col0 (type: date), _col0 (type: date)
                  1 _col1 (type: date), _col0 (type: date)
                outputColumnNames: _col0
                Statistics: Num rows: 1 Data size: 61 Basic stats: COMPLETE Column stats: NONE
                File Output Operator
                  compressed: false
                  Statistics: Num rows: 1 Data size: 61 Basic stats: COMPLETE Column stats: NONE
                  table:
                      input format: org.apache.hadoop.mapred.SequenceFileInputFormat
                      output format: org.apache.hadoop.hive.ql.io.HiveSequenceFileOutputFormat
                      serde: org.apache.hadoop.hive.serde2.lazy.LazySimpleSerDe

  Stage: Stage-0
    Fetch Operator
      limit: -1
      Processor Tree:
        ListSink

