PREHOOK: query: create table s_n3 as select * from src limit 10
PREHOOK: type: CREATETABLE_AS_SELECT
PREHOOK: Input: default@src
PREHOOK: Output: database:default
PREHOOK: Output: default@s_n3
POSTHOOK: query: create table s_n3 as select * from src limit 10
POSTHOOK: type: CREATETABLE_AS_SELECT
POSTHOOK: Input: default@src
POSTHOOK: Output: database:default
POSTHOOK: Output: default@s_n3
POSTHOOK: Lineage: s_n3.key SIMPLE [(src)src.FieldSchema(name:key, type:string, comment:default), ]
POSTHOOK: Lineage: s_n3.value SIMPLE [(src)src.FieldSchema(name:value, type:string, comment:default), ]
PREHOOK: query: explain
select key from s_n3 a
union all
select key from s_n3 b
order by key
PREHOOK: type: QUERY
PREHOOK: Input: default@s_n3
#### A masked pattern was here ####
POSTHOOK: query: explain
select key from s_n3 a
union all
select key from s_n3 b
order by key
POSTHOOK: type: QUERY
POSTHOOK: Input: default@s_n3
#### A masked pattern was here ####
STAGE DEPENDENCIES:
  Stage-1 is a root stage
  Stage-0 depends on stages: Stage-1

STAGE PLANS:
  Stage: Stage-1
    Tez
#### A masked pattern was here ####
      Edges:
        Map 1 <- Union 2 (CONTAINS)
        Map 4 <- Union 2 (CONTAINS)
        Reducer 3 <- Union 2 (SIMPLE_EDGE)
#### A masked pattern was here ####
      Vertices:
        Map 1 
            Map Operator Tree:
                TableScan
                  alias: a
                  Statistics: Num rows: 10 Data size: 870 Basic stats: COMPLETE Column stats: COMPLETE
                  Select Operator
                    expressions: key (type: string)
                    outputColumnNames: _col0
                    Statistics: Num rows: 10 Data size: 870 Basic stats: COMPLETE Column stats: COMPLETE
                    Reduce Output Operator
                      key expressions: _col0 (type: string)
                      null sort order: z
                      sort order: +
                      Statistics: Num rows: 20 Data size: 1740 Basic stats: COMPLETE Column stats: COMPLETE
            Execution mode: vectorized, llap
            LLAP IO: all inputs
        Map 4 
            Map Operator Tree:
                TableScan
                  alias: b
                  Statistics: Num rows: 10 Data size: 870 Basic stats: COMPLETE Column stats: COMPLETE
                  Select Operator
                    expressions: key (type: string)
                    outputColumnNames: _col0
                    Statistics: Num rows: 10 Data size: 870 Basic stats: COMPLETE Column stats: COMPLETE
                    Reduce Output Operator
                      key expressions: _col0 (type: string)
                      null sort order: z
                      sort order: +
                      Statistics: Num rows: 20 Data size: 1740 Basic stats: COMPLETE Column stats: COMPLETE
            Execution mode: vectorized, llap
            LLAP IO: all inputs
        Reducer 3 
            Execution mode: vectorized, llap
            Reduce Operator Tree:
              Select Operator
                expressions: KEY.reducesinkkey0 (type: string)
                outputColumnNames: _col0
                Statistics: Num rows: 20 Data size: 1740 Basic stats: COMPLETE Column stats: COMPLETE
                File Output Operator
                  compressed: false
                  Statistics: Num rows: 20 Data size: 1740 Basic stats: COMPLETE Column stats: COMPLETE
                  table:
                      input format: org.apache.hadoop.mapred.SequenceFileInputFormat
                      output format: org.apache.hadoop.hive.ql.io.HiveSequenceFileOutputFormat
                      serde: org.apache.hadoop.hive.serde2.lazy.LazySimpleSerDe
        Union 2 
            Vertex: Union 2

  Stage: Stage-0
    Fetch Operator
      limit: -1
      Processor Tree:
        ListSink

PREHOOK: query: explain
select key from s_n3 a
union all
select key from s_n3 b
limit 0
PREHOOK: type: QUERY
PREHOOK: Input: default@s_n3
#### A masked pattern was here ####
POSTHOOK: query: explain
select key from s_n3 a
union all
select key from s_n3 b
limit 0
POSTHOOK: type: QUERY
POSTHOOK: Input: default@s_n3
#### A masked pattern was here ####
STAGE DEPENDENCIES:
  Stage-0 is a root stage

STAGE PLANS:
  Stage: Stage-0
    Fetch Operator
      limit: 0
      Processor Tree:
        ListSink

PREHOOK: query: explain
select key from s_n3 a
union all
select key from s_n3 b
limit 5
PREHOOK: type: QUERY
PREHOOK: Input: default@s_n3
#### A masked pattern was here ####
POSTHOOK: query: explain
select key from s_n3 a
union all
select key from s_n3 b
limit 5
POSTHOOK: type: QUERY
POSTHOOK: Input: default@s_n3
#### A masked pattern was here ####
STAGE DEPENDENCIES:
  Stage-1 is a root stage
  Stage-0 depends on stages: Stage-1

STAGE PLANS:
  Stage: Stage-1
    Tez
#### A masked pattern was here ####
      Edges:
        Map 1 <- Union 2 (CONTAINS)
        Map 3 <- Union 2 (CONTAINS)
#### A masked pattern was here ####
      Vertices:
        Map 1 
            Map Operator Tree:
                TableScan
                  alias: a
                  Statistics: Num rows: 10 Data size: 870 Basic stats: COMPLETE Column stats: COMPLETE
                  Select Operator
                    expressions: key (type: string)
                    outputColumnNames: _col0
                    Statistics: Num rows: 10 Data size: 870 Basic stats: COMPLETE Column stats: COMPLETE
                    Limit
                      Number of rows: 5
                      Statistics: Num rows: 5 Data size: 435 Basic stats: COMPLETE Column stats: COMPLETE
                      File Output Operator
                        compressed: false
                        Statistics: Num rows: 5 Data size: 435 Basic stats: COMPLETE Column stats: COMPLETE
                        table:
                            input format: org.apache.hadoop.mapred.SequenceFileInputFormat
                            output format: org.apache.hadoop.hive.ql.io.HiveSequenceFileOutputFormat
                            serde: org.apache.hadoop.hive.serde2.lazy.LazySimpleSerDe
            Execution mode: vectorized, llap
            LLAP IO: all inputs
        Map 3 
            Map Operator Tree:
                TableScan
                  alias: b
                  Statistics: Num rows: 10 Data size: 870 Basic stats: COMPLETE Column stats: COMPLETE
                  Select Operator
                    expressions: key (type: string)
                    outputColumnNames: _col0
                    Statistics: Num rows: 10 Data size: 870 Basic stats: COMPLETE Column stats: COMPLETE
                    Limit
                      Number of rows: 5
                      Statistics: Num rows: 5 Data size: 435 Basic stats: COMPLETE Column stats: COMPLETE
                      File Output Operator
                        compressed: false
                        Statistics: Num rows: 5 Data size: 435 Basic stats: COMPLETE Column stats: COMPLETE
                        table:
                            input format: org.apache.hadoop.mapred.SequenceFileInputFormat
                            output format: org.apache.hadoop.hive.ql.io.HiveSequenceFileOutputFormat
                            serde: org.apache.hadoop.hive.serde2.lazy.LazySimpleSerDe
            Execution mode: vectorized, llap
            LLAP IO: all inputs
        Union 2 
            Vertex: Union 2

  Stage: Stage-0
    Fetch Operator
      limit: 5
      Processor Tree:
        ListSink

PREHOOK: query: explain
select key from s_n3 a
union all
select key from s_n3 b
order by key
limit 5
PREHOOK: type: QUERY
PREHOOK: Input: default@s_n3
#### A masked pattern was here ####
POSTHOOK: query: explain
select key from s_n3 a
union all
select key from s_n3 b
order by key
limit 5
POSTHOOK: type: QUERY
POSTHOOK: Input: default@s_n3
#### A masked pattern was here ####
STAGE DEPENDENCIES:
  Stage-1 is a root stage
  Stage-0 depends on stages: Stage-1

STAGE PLANS:
  Stage: Stage-1
    Tez
#### A masked pattern was here ####
      Edges:
        Map 1 <- Union 2 (CONTAINS)
        Map 4 <- Union 2 (CONTAINS)
        Reducer 3 <- Union 2 (SIMPLE_EDGE)
#### A masked pattern was here ####
      Vertices:
        Map 1 
            Map Operator Tree:
                TableScan
                  alias: a
                  Statistics: Num rows: 10 Data size: 870 Basic stats: COMPLETE Column stats: COMPLETE
                  Select Operator
                    expressions: key (type: string)
                    outputColumnNames: _col0
                    Statistics: Num rows: 10 Data size: 870 Basic stats: COMPLETE Column stats: COMPLETE
                    Top N Key Operator
                      sort order: +
                      keys: _col0 (type: string)
                      null sort order: z
                      Statistics: Num rows: 20 Data size: 1740 Basic stats: COMPLETE Column stats: COMPLETE
                      top n: 5
                      Reduce Output Operator
                        key expressions: _col0 (type: string)
                        null sort order: z
                        sort order: +
                        Statistics: Num rows: 20 Data size: 1740 Basic stats: COMPLETE Column stats: COMPLETE
            Execution mode: vectorized, llap
            LLAP IO: all inputs
        Map 4 
            Map Operator Tree:
                TableScan
                  alias: b
                  Statistics: Num rows: 10 Data size: 870 Basic stats: COMPLETE Column stats: COMPLETE
                  Select Operator
                    expressions: key (type: string)
                    outputColumnNames: _col0
                    Statistics: Num rows: 10 Data size: 870 Basic stats: COMPLETE Column stats: COMPLETE
                    Top N Key Operator
                      sort order: +
                      keys: _col0 (type: string)
                      null sort order: z
                      Statistics: Num rows: 20 Data size: 1740 Basic stats: COMPLETE Column stats: COMPLETE
                      top n: 5
                      Reduce Output Operator
                        key expressions: _col0 (type: string)
                        null sort order: z
                        sort order: +
                        Statistics: Num rows: 20 Data size: 1740 Basic stats: COMPLETE Column stats: COMPLETE
            Execution mode: vectorized, llap
            LLAP IO: all inputs
        Reducer 3 
            Execution mode: vectorized, llap
            Reduce Operator Tree:
              Select Operator
                expressions: KEY.reducesinkkey0 (type: string)
                outputColumnNames: _col0
                Statistics: Num rows: 20 Data size: 1740 Basic stats: COMPLETE Column stats: COMPLETE
                Limit
                  Number of rows: 5
                  Statistics: Num rows: 5 Data size: 435 Basic stats: COMPLETE Column stats: COMPLETE
                  File Output Operator
                    compressed: false
                    Statistics: Num rows: 5 Data size: 435 Basic stats: COMPLETE Column stats: COMPLETE
                    table:
                        input format: org.apache.hadoop.mapred.SequenceFileInputFormat
                        output format: org.apache.hadoop.hive.ql.io.HiveSequenceFileOutputFormat
                        serde: org.apache.hadoop.hive.serde2.lazy.LazySimpleSerDe
        Union 2 
            Vertex: Union 2

  Stage: Stage-0
    Fetch Operator
      limit: 5
      Processor Tree:
        ListSink

PREHOOK: query: explain
select * from(
select src1.key, src2.value
from src src1 left outer join src src2
on src1.key = src2.key
limit 10)subq1
union all 
select * from(
select src1.key, src2.value
from src src1 left outer join src src2
on src1.key = src2.key
limit 10)subq2
limit 5
PREHOOK: type: QUERY
PREHOOK: Input: default@src
#### A masked pattern was here ####
POSTHOOK: query: explain
select * from(
select src1.key, src2.value
from src src1 left outer join src src2
on src1.key = src2.key
limit 10)subq1
union all 
select * from(
select src1.key, src2.value
from src src1 left outer join src src2
on src1.key = src2.key
limit 10)subq2
limit 5
POSTHOOK: type: QUERY
POSTHOOK: Input: default@src
#### A masked pattern was here ####
STAGE DEPENDENCIES:
  Stage-1 is a root stage
  Stage-0 depends on stages: Stage-1

STAGE PLANS:
  Stage: Stage-1
    Tez
#### A masked pattern was here ####
      Edges:
        Reducer 2 <- Map 1 (SIMPLE_EDGE), Map 7 (SIMPLE_EDGE)
        Reducer 3 <- Reducer 2 (CUSTOM_SIMPLE_EDGE), Union 4 (CONTAINS)
        Reducer 5 <- Map 1 (SIMPLE_EDGE), Map 7 (SIMPLE_EDGE)
        Reducer 6 <- Reducer 5 (CUSTOM_SIMPLE_EDGE), Union 4 (CONTAINS)
#### A masked pattern was here ####
      Vertices:
        Map 1 
            Map Operator Tree:
                TableScan
                  alias: src2
                  filterExpr: key is not null (type: boolean)
                  Statistics: Num rows: 500 Data size: 89000 Basic stats: COMPLETE Column stats: COMPLETE
                  Filter Operator
                    predicate: key is not null (type: boolean)
                    Statistics: Num rows: 500 Data size: 89000 Basic stats: COMPLETE Column stats: COMPLETE
                    Select Operator
                      expressions: key (type: string), value (type: string)
                      outputColumnNames: _col0, _col1
                      Statistics: Num rows: 500 Data size: 89000 Basic stats: COMPLETE Column stats: COMPLETE
                      Reduce Output Operator
                        key expressions: _col0 (type: string)
                        null sort order: z
                        sort order: +
                        Map-reduce partition columns: _col0 (type: string)
                        Statistics: Num rows: 500 Data size: 89000 Basic stats: COMPLETE Column stats: COMPLETE
                        value expressions: _col1 (type: string)
                      Reduce Output Operator
                        key expressions: _col0 (type: string)
                        null sort order: z
                        sort order: +
                        Map-reduce partition columns: _col0 (type: string)
                        Statistics: Num rows: 500 Data size: 89000 Basic stats: COMPLETE Column stats: COMPLETE
                        value expressions: _col1 (type: string)
            Execution mode: vectorized, llap
            LLAP IO: all inputs
        Map 7 
            Map Operator Tree:
                TableScan
                  alias: src1
                  Statistics: Num rows: 500 Data size: 43500 Basic stats: COMPLETE Column stats: COMPLETE
                  Select Operator
                    expressions: key (type: string)
                    outputColumnNames: _col0
                    Statistics: Num rows: 500 Data size: 43500 Basic stats: COMPLETE Column stats: COMPLETE
                    Reduce Output Operator
                      key expressions: _col0 (type: string)
                      null sort order: z
                      sort order: +
                      Map-reduce partition columns: _col0 (type: string)
                      Statistics: Num rows: 500 Data size: 43500 Basic stats: COMPLETE Column stats: COMPLETE
                    Reduce Output Operator
                      key expressions: _col0 (type: string)
                      null sort order: z
                      sort order: +
                      Map-reduce partition columns: _col0 (type: string)
                      Statistics: Num rows: 500 Data size: 43500 Basic stats: COMPLETE Column stats: COMPLETE
            Execution mode: vectorized, llap
            LLAP IO: all inputs
        Reducer 2 
            Execution mode: llap
            Reduce Operator Tree:
              Merge Join Operator
                condition map:
                     Right Outer Join 0 to 1
                keys:
                  0 _col0 (type: string)
                  1 _col0 (type: string)
                outputColumnNames: _col1, _col2
                Statistics: Num rows: 791 Data size: 140798 Basic stats: COMPLETE Column stats: COMPLETE
                Limit
                  Number of rows: 10
                  Statistics: Num rows: 10 Data size: 1780 Basic stats: COMPLETE Column stats: COMPLETE
                  Select Operator
                    expressions: _col2 (type: string), _col1 (type: string)
                    outputColumnNames: _col0, _col1
                    Statistics: Num rows: 10 Data size: 1780 Basic stats: COMPLETE Column stats: COMPLETE
                    Reduce Output Operator
                      null sort order: 
                      sort order: 
                      Statistics: Num rows: 10 Data size: 1780 Basic stats: COMPLETE Column stats: COMPLETE
                      TopN Hash Memory Usage: 0.1
                      value expressions: _col0 (type: string), _col1 (type: string)
        Reducer 3 
            Execution mode: vectorized, llap
            Reduce Operator Tree:
              Limit
                Number of rows: 10
                Statistics: Num rows: 10 Data size: 1780 Basic stats: COMPLETE Column stats: COMPLETE
                Select Operator
                  expressions: VALUE._col0 (type: string), VALUE._col1 (type: string)
                  outputColumnNames: _col0, _col1
                  Statistics: Num rows: 10 Data size: 1780 Basic stats: COMPLETE Column stats: COMPLETE
                  Limit
                    Number of rows: 5
                    Statistics: Num rows: 5 Data size: 890 Basic stats: COMPLETE Column stats: COMPLETE
                    File Output Operator
                      compressed: false
                      Statistics: Num rows: 5 Data size: 890 Basic stats: COMPLETE Column stats: COMPLETE
                      table:
                          input format: org.apache.hadoop.mapred.SequenceFileInputFormat
                          output format: org.apache.hadoop.hive.ql.io.HiveSequenceFileOutputFormat
                          serde: org.apache.hadoop.hive.serde2.lazy.LazySimpleSerDe
        Reducer 5 
            Execution mode: llap
            Reduce Operator Tree:
              Merge Join Operator
                condition map:
                     Right Outer Join 0 to 1
                keys:
                  0 _col0 (type: string)
                  1 _col0 (type: string)
                outputColumnNames: _col1, _col2
                Statistics: Num rows: 791 Data size: 140798 Basic stats: COMPLETE Column stats: COMPLETE
                Limit
                  Number of rows: 10
                  Statistics: Num rows: 10 Data size: 1780 Basic stats: COMPLETE Column stats: COMPLETE
                  Select Operator
                    expressions: _col2 (type: string), _col1 (type: string)
                    outputColumnNames: _col0, _col1
                    Statistics: Num rows: 10 Data size: 1780 Basic stats: COMPLETE Column stats: COMPLETE
                    Reduce Output Operator
                      null sort order: 
                      sort order: 
                      Statistics: Num rows: 10 Data size: 1780 Basic stats: COMPLETE Column stats: COMPLETE
                      TopN Hash Memory Usage: 0.1
                      value expressions: _col0 (type: string), _col1 (type: string)
        Reducer 6 
            Execution mode: vectorized, llap
            Reduce Operator Tree:
              Limit
                Number of rows: 10
                Statistics: Num rows: 10 Data size: 1780 Basic stats: COMPLETE Column stats: COMPLETE
                Select Operator
                  expressions: VALUE._col0 (type: string), VALUE._col1 (type: string)
                  outputColumnNames: _col0, _col1
                  Statistics: Num rows: 10 Data size: 1780 Basic stats: COMPLETE Column stats: COMPLETE
                  Limit
                    Number of rows: 5
                    Statistics: Num rows: 5 Data size: 890 Basic stats: COMPLETE Column stats: COMPLETE
                    File Output Operator
                      compressed: false
                      Statistics: Num rows: 5 Data size: 890 Basic stats: COMPLETE Column stats: COMPLETE
                      table:
                          input format: org.apache.hadoop.mapred.SequenceFileInputFormat
                          output format: org.apache.hadoop.hive.ql.io.HiveSequenceFileOutputFormat
                          serde: org.apache.hadoop.hive.serde2.lazy.LazySimpleSerDe
        Union 4 
            Vertex: Union 4

  Stage: Stage-0
    Fetch Operator
      limit: 5
      Processor Tree:
        ListSink

PREHOOK: query: explain
select key from s_n3 a
union all
select key from s_n3 b
order by key
PREHOOK: type: QUERY
PREHOOK: Input: default@s_n3
#### A masked pattern was here ####
POSTHOOK: query: explain
select key from s_n3 a
union all
select key from s_n3 b
order by key
POSTHOOK: type: QUERY
POSTHOOK: Input: default@s_n3
#### A masked pattern was here ####
STAGE DEPENDENCIES:
  Stage-1 is a root stage
  Stage-0 depends on stages: Stage-1

STAGE PLANS:
  Stage: Stage-1
    Tez
#### A masked pattern was here ####
      Edges:
        Map 1 <- Union 2 (CONTAINS)
        Map 4 <- Union 2 (CONTAINS)
        Reducer 3 <- Union 2 (SIMPLE_EDGE)
#### A masked pattern was here ####
      Vertices:
        Map 1 
            Map Operator Tree:
                TableScan
                  alias: a
                  Statistics: Num rows: 10 Data size: 870 Basic stats: COMPLETE Column stats: COMPLETE
                  Select Operator
                    expressions: key (type: string)
                    outputColumnNames: _col0
                    Statistics: Num rows: 10 Data size: 870 Basic stats: COMPLETE Column stats: COMPLETE
                    Reduce Output Operator
                      key expressions: _col0 (type: string)
                      null sort order: z
                      sort order: +
                      Statistics: Num rows: 20 Data size: 1740 Basic stats: COMPLETE Column stats: COMPLETE
            Execution mode: vectorized, llap
            LLAP IO: all inputs
        Map 4 
            Map Operator Tree:
                TableScan
                  alias: b
                  Statistics: Num rows: 10 Data size: 870 Basic stats: COMPLETE Column stats: COMPLETE
                  Select Operator
                    expressions: key (type: string)
                    outputColumnNames: _col0
                    Statistics: Num rows: 10 Data size: 870 Basic stats: COMPLETE Column stats: COMPLETE
                    Reduce Output Operator
                      key expressions: _col0 (type: string)
                      null sort order: z
                      sort order: +
                      Statistics: Num rows: 20 Data size: 1740 Basic stats: COMPLETE Column stats: COMPLETE
            Execution mode: vectorized, llap
            LLAP IO: all inputs
        Reducer 3 
            Execution mode: vectorized, llap
            Reduce Operator Tree:
              Select Operator
                expressions: KEY.reducesinkkey0 (type: string)
                outputColumnNames: _col0
                Statistics: Num rows: 20 Data size: 1740 Basic stats: COMPLETE Column stats: COMPLETE
                File Output Operator
                  compressed: false
                  Statistics: Num rows: 20 Data size: 1740 Basic stats: COMPLETE Column stats: COMPLETE
                  table:
                      input format: org.apache.hadoop.mapred.SequenceFileInputFormat
                      output format: org.apache.hadoop.hive.ql.io.HiveSequenceFileOutputFormat
                      serde: org.apache.hadoop.hive.serde2.lazy.LazySimpleSerDe
        Union 2 
            Vertex: Union 2

  Stage: Stage-0
    Fetch Operator
      limit: -1
      Processor Tree:
        ListSink

PREHOOK: query: explain
select key from s_n3 a
union all
select key from s_n3 b
limit 0
PREHOOK: type: QUERY
PREHOOK: Input: default@s_n3
#### A masked pattern was here ####
POSTHOOK: query: explain
select key from s_n3 a
union all
select key from s_n3 b
limit 0
POSTHOOK: type: QUERY
POSTHOOK: Input: default@s_n3
#### A masked pattern was here ####
STAGE DEPENDENCIES:
  Stage-0 is a root stage

STAGE PLANS:
  Stage: Stage-0
    Fetch Operator
      limit: 0
      Processor Tree:
        ListSink

PREHOOK: query: explain
select key from s_n3 a
union all
select key from s_n3 b
limit 5
PREHOOK: type: QUERY
PREHOOK: Input: default@s_n3
#### A masked pattern was here ####
POSTHOOK: query: explain
select key from s_n3 a
union all
select key from s_n3 b
limit 5
POSTHOOK: type: QUERY
POSTHOOK: Input: default@s_n3
#### A masked pattern was here ####
STAGE DEPENDENCIES:
  Stage-1 is a root stage
  Stage-0 depends on stages: Stage-1

STAGE PLANS:
  Stage: Stage-1
    Tez
#### A masked pattern was here ####
      Edges:
        Reducer 2 <- Map 1 (CUSTOM_SIMPLE_EDGE), Union 3 (CONTAINS)
        Reducer 5 <- Map 4 (CUSTOM_SIMPLE_EDGE), Union 3 (CONTAINS)
#### A masked pattern was here ####
      Vertices:
        Map 1 
            Map Operator Tree:
                TableScan
                  alias: a
                  Statistics: Num rows: 10 Data size: 870 Basic stats: COMPLETE Column stats: COMPLETE
                  Limit
                    Number of rows: 5
                    Statistics: Num rows: 5 Data size: 435 Basic stats: COMPLETE Column stats: COMPLETE
                    Select Operator
                      expressions: key (type: string)
                      outputColumnNames: _col0
                      Statistics: Num rows: 5 Data size: 435 Basic stats: COMPLETE Column stats: COMPLETE
                      Reduce Output Operator
                        null sort order: 
                        sort order: 
                        Statistics: Num rows: 5 Data size: 435 Basic stats: COMPLETE Column stats: COMPLETE
                        TopN Hash Memory Usage: 0.1
                        value expressions: _col0 (type: string)
            Execution mode: vectorized, llap
            LLAP IO: all inputs
        Map 4 
            Map Operator Tree:
                TableScan
                  alias: b
                  Statistics: Num rows: 10 Data size: 870 Basic stats: COMPLETE Column stats: COMPLETE
                  Limit
                    Number of rows: 5
                    Statistics: Num rows: 5 Data size: 435 Basic stats: COMPLETE Column stats: COMPLETE
                    Select Operator
                      expressions: key (type: string)
                      outputColumnNames: _col0
                      Statistics: Num rows: 5 Data size: 435 Basic stats: COMPLETE Column stats: COMPLETE
                      Reduce Output Operator
                        null sort order: 
                        sort order: 
                        Statistics: Num rows: 5 Data size: 435 Basic stats: COMPLETE Column stats: COMPLETE
                        TopN Hash Memory Usage: 0.1
                        value expressions: _col0 (type: string)
            Execution mode: vectorized, llap
            LLAP IO: all inputs
        Reducer 2 
            Execution mode: vectorized, llap
            Reduce Operator Tree:
              Limit
                Number of rows: 5
                Statistics: Num rows: 5 Data size: 435 Basic stats: COMPLETE Column stats: COMPLETE
                Select Operator
                  expressions: VALUE._col0 (type: string)
                  outputColumnNames: _col0
                  Statistics: Num rows: 5 Data size: 435 Basic stats: COMPLETE Column stats: COMPLETE
                  Limit
                    Number of rows: 5
                    Statistics: Num rows: 5 Data size: 435 Basic stats: COMPLETE Column stats: COMPLETE
                    File Output Operator
                      compressed: false
                      Statistics: Num rows: 5 Data size: 435 Basic stats: COMPLETE Column stats: COMPLETE
                      table:
                          input format: org.apache.hadoop.mapred.SequenceFileInputFormat
                          output format: org.apache.hadoop.hive.ql.io.HiveSequenceFileOutputFormat
                          serde: org.apache.hadoop.hive.serde2.lazy.LazySimpleSerDe
        Reducer 5 
            Execution mode: vectorized, llap
            Reduce Operator Tree:
              Limit
                Number of rows: 5
                Statistics: Num rows: 5 Data size: 435 Basic stats: COMPLETE Column stats: COMPLETE
                Select Operator
                  expressions: VALUE._col0 (type: string)
                  outputColumnNames: _col0
                  Statistics: Num rows: 5 Data size: 435 Basic stats: COMPLETE Column stats: COMPLETE
                  Limit
                    Number of rows: 5
                    Statistics: Num rows: 5 Data size: 435 Basic stats: COMPLETE Column stats: COMPLETE
                    File Output Operator
                      compressed: false
                      Statistics: Num rows: 5 Data size: 435 Basic stats: COMPLETE Column stats: COMPLETE
                      table:
                          input format: org.apache.hadoop.mapred.SequenceFileInputFormat
                          output format: org.apache.hadoop.hive.ql.io.HiveSequenceFileOutputFormat
                          serde: org.apache.hadoop.hive.serde2.lazy.LazySimpleSerDe
        Union 3 
            Vertex: Union 3

  Stage: Stage-0
    Fetch Operator
      limit: 5
      Processor Tree:
        ListSink

PREHOOK: query: explain
select key from s_n3 a
union all
select key from s_n3 b
order by key
limit 5
PREHOOK: type: QUERY
PREHOOK: Input: default@s_n3
#### A masked pattern was here ####
POSTHOOK: query: explain
select key from s_n3 a
union all
select key from s_n3 b
order by key
limit 5
POSTHOOK: type: QUERY
POSTHOOK: Input: default@s_n3
#### A masked pattern was here ####
STAGE DEPENDENCIES:
  Stage-1 is a root stage
  Stage-0 depends on stages: Stage-1

STAGE PLANS:
  Stage: Stage-1
    Tez
#### A masked pattern was here ####
      Edges:
        Reducer 2 <- Map 1 (SIMPLE_EDGE), Union 3 (CONTAINS)
        Reducer 4 <- Union 3 (SIMPLE_EDGE)
        Reducer 6 <- Map 5 (SIMPLE_EDGE), Union 3 (CONTAINS)
#### A masked pattern was here ####
      Vertices:
        Map 1 
            Map Operator Tree:
                TableScan
                  alias: a
                  Statistics: Num rows: 10 Data size: 870 Basic stats: COMPLETE Column stats: COMPLETE
                  Top N Key Operator
                    sort order: +
                    keys: key (type: string)
                    null sort order: z
                    Statistics: Num rows: 10 Data size: 870 Basic stats: COMPLETE Column stats: COMPLETE
                    top n: 5
                    Select Operator
                      expressions: key (type: string)
                      outputColumnNames: _col0
                      Statistics: Num rows: 10 Data size: 870 Basic stats: COMPLETE Column stats: COMPLETE
                      Reduce Output Operator
                        key expressions: _col0 (type: string)
                        null sort order: z
                        sort order: +
                        Statistics: Num rows: 10 Data size: 870 Basic stats: COMPLETE Column stats: COMPLETE
            Execution mode: vectorized, llap
            LLAP IO: all inputs
        Map 5 
            Map Operator Tree:
                TableScan
                  alias: b
                  Statistics: Num rows: 10 Data size: 870 Basic stats: COMPLETE Column stats: COMPLETE
                  Top N Key Operator
                    sort order: +
                    keys: key (type: string)
                    null sort order: z
                    Statistics: Num rows: 10 Data size: 870 Basic stats: COMPLETE Column stats: COMPLETE
                    top n: 5
                    Select Operator
                      expressions: key (type: string)
                      outputColumnNames: _col0
                      Statistics: Num rows: 10 Data size: 870 Basic stats: COMPLETE Column stats: COMPLETE
                      Reduce Output Operator
                        key expressions: _col0 (type: string)
                        null sort order: z
                        sort order: +
                        Statistics: Num rows: 10 Data size: 870 Basic stats: COMPLETE Column stats: COMPLETE
            Execution mode: vectorized, llap
            LLAP IO: all inputs
        Reducer 2 
            Execution mode: vectorized, llap
            Reduce Operator Tree:
              Select Operator
                expressions: KEY.reducesinkkey0 (type: string)
                outputColumnNames: _col0
                Statistics: Num rows: 10 Data size: 870 Basic stats: COMPLETE Column stats: COMPLETE
                Limit
                  Number of rows: 5
                  Statistics: Num rows: 5 Data size: 435 Basic stats: COMPLETE Column stats: COMPLETE
                  Top N Key Operator
                    sort order: +
                    keys: _col0 (type: string)
                    null sort order: z
                    Statistics: Num rows: 10 Data size: 870 Basic stats: COMPLETE Column stats: COMPLETE
                    top n: 5
                    Reduce Output Operator
                      key expressions: _col0 (type: string)
                      null sort order: z
                      sort order: +
                      Statistics: Num rows: 10 Data size: 870 Basic stats: COMPLETE Column stats: COMPLETE
        Reducer 4 
            Execution mode: vectorized, llap
            Reduce Operator Tree:
              Select Operator
                expressions: KEY.reducesinkkey0 (type: string)
                outputColumnNames: _col0
                Statistics: Num rows: 10 Data size: 870 Basic stats: COMPLETE Column stats: COMPLETE
                Limit
                  Number of rows: 5
                  Statistics: Num rows: 5 Data size: 435 Basic stats: COMPLETE Column stats: COMPLETE
                  File Output Operator
                    compressed: false
                    Statistics: Num rows: 5 Data size: 435 Basic stats: COMPLETE Column stats: COMPLETE
                    table:
                        input format: org.apache.hadoop.mapred.SequenceFileInputFormat
                        output format: org.apache.hadoop.hive.ql.io.HiveSequenceFileOutputFormat
                        serde: org.apache.hadoop.hive.serde2.lazy.LazySimpleSerDe
        Reducer 6 
            Execution mode: vectorized, llap
            Reduce Operator Tree:
              Select Operator
                expressions: KEY.reducesinkkey0 (type: string)
                outputColumnNames: _col0
                Statistics: Num rows: 10 Data size: 870 Basic stats: COMPLETE Column stats: COMPLETE
                Limit
                  Number of rows: 5
                  Statistics: Num rows: 5 Data size: 435 Basic stats: COMPLETE Column stats: COMPLETE
                  Top N Key Operator
                    sort order: +
                    keys: _col0 (type: string)
                    null sort order: z
                    Statistics: Num rows: 10 Data size: 870 Basic stats: COMPLETE Column stats: COMPLETE
                    top n: 5
                    Reduce Output Operator
                      key expressions: _col0 (type: string)
                      null sort order: z
                      sort order: +
                      Statistics: Num rows: 10 Data size: 870 Basic stats: COMPLETE Column stats: COMPLETE
        Union 3 
            Vertex: Union 3

  Stage: Stage-0
    Fetch Operator
      limit: 5
      Processor Tree:
        ListSink

PREHOOK: query: explain
select * from(
select src1.key, src2.value
from src src1 left outer join src src2
on src1.key = src2.key
limit 10)subq1
union all 
select * from(
select src1.key, src2.value
from src src1 left outer join src src2
on src1.key = src2.key
limit 10)subq2
limit 5
PREHOOK: type: QUERY
PREHOOK: Input: default@src
#### A masked pattern was here ####
POSTHOOK: query: explain
select * from(
select src1.key, src2.value
from src src1 left outer join src src2
on src1.key = src2.key
limit 10)subq1
union all 
select * from(
select src1.key, src2.value
from src src1 left outer join src src2
on src1.key = src2.key
limit 10)subq2
limit 5
POSTHOOK: type: QUERY
POSTHOOK: Input: default@src
#### A masked pattern was here ####
STAGE DEPENDENCIES:
  Stage-1 is a root stage
  Stage-0 depends on stages: Stage-1

STAGE PLANS:
  Stage: Stage-1
    Tez
#### A masked pattern was here ####
      Edges:
        Reducer 2 <- Map 1 (CUSTOM_SIMPLE_EDGE)
        Reducer 3 <- Map 1 (SIMPLE_EDGE), Reducer 2 (SIMPLE_EDGE)
        Reducer 4 <- Reducer 3 (CUSTOM_SIMPLE_EDGE), Union 5 (CONTAINS)
        Reducer 6 <- Map 1 (SIMPLE_EDGE), Reducer 2 (SIMPLE_EDGE)
        Reducer 7 <- Reducer 6 (CUSTOM_SIMPLE_EDGE), Union 5 (CONTAINS)
#### A masked pattern was here ####
      Vertices:
        Map 1 
            Map Operator Tree:
                TableScan
                  alias: src1
                  Statistics: Num rows: 500 Data size: 43500 Basic stats: COMPLETE Column stats: COMPLETE
                  Limit
                    Number of rows: 5
                    Statistics: Num rows: 5 Data size: 435 Basic stats: COMPLETE Column stats: COMPLETE
                    Select Operator
                      expressions: key (type: string)
                      outputColumnNames: _col0
                      Statistics: Num rows: 5 Data size: 435 Basic stats: COMPLETE Column stats: COMPLETE
                      Reduce Output Operator
                        null sort order: 
                        sort order: 
                        Statistics: Num rows: 5 Data size: 435 Basic stats: COMPLETE Column stats: COMPLETE
                        TopN Hash Memory Usage: 0.1
                        value expressions: _col0 (type: string)
                  Filter Operator
                    predicate: key is not null (type: boolean)
                    Statistics: Num rows: 500 Data size: 89000 Basic stats: COMPLETE Column stats: COMPLETE
                    Select Operator
                      expressions: key (type: string), value (type: string)
                      outputColumnNames: _col0, _col1
                      Statistics: Num rows: 500 Data size: 89000 Basic stats: COMPLETE Column stats: COMPLETE
                      Reduce Output Operator
                        key expressions: _col0 (type: string)
                        null sort order: z
                        sort order: +
                        Map-reduce partition columns: _col0 (type: string)
                        Statistics: Num rows: 500 Data size: 89000 Basic stats: COMPLETE Column stats: COMPLETE
                        value expressions: _col1 (type: string)
                      Reduce Output Operator
                        key expressions: _col0 (type: string)
                        null sort order: z
                        sort order: +
                        Map-reduce partition columns: _col0 (type: string)
                        Statistics: Num rows: 500 Data size: 89000 Basic stats: COMPLETE Column stats: COMPLETE
                        value expressions: _col1 (type: string)
            Execution mode: vectorized, llap
            LLAP IO: all inputs
        Reducer 2 
            Execution mode: vectorized, llap
            Reduce Operator Tree:
              Limit
                Number of rows: 5
                Statistics: Num rows: 5 Data size: 435 Basic stats: COMPLETE Column stats: COMPLETE
                Select Operator
                  expressions: VALUE._col0 (type: string)
                  outputColumnNames: _col0
                  Statistics: Num rows: 5 Data size: 435 Basic stats: COMPLETE Column stats: COMPLETE
                  Reduce Output Operator
                    key expressions: _col0 (type: string)
                    null sort order: z
                    sort order: +
                    Map-reduce partition columns: _col0 (type: string)
                    Statistics: Num rows: 5 Data size: 435 Basic stats: COMPLETE Column stats: COMPLETE
                  Reduce Output Operator
                    key expressions: _col0 (type: string)
                    null sort order: z
                    sort order: +
                    Map-reduce partition columns: _col0 (type: string)
                    Statistics: Num rows: 5 Data size: 435 Basic stats: COMPLETE Column stats: COMPLETE
        Reducer 3 
            Execution mode: llap
            Reduce Operator Tree:
              Merge Join Operator
                condition map:
                     Right Outer Join 0 to 1
                keys:
                  0 _col0 (type: string)
                  1 _col0 (type: string)
                outputColumnNames: _col1, _col2
                Statistics: Num rows: 12 Data size: 1772 Basic stats: COMPLETE Column stats: COMPLETE
                Limit
                  Number of rows: 5
                  Statistics: Num rows: 5 Data size: 799 Basic stats: COMPLETE Column stats: COMPLETE
                  Select Operator
                    expressions: _col2 (type: string), _col1 (type: string)
                    outputColumnNames: _col0, _col1
                    Statistics: Num rows: 5 Data size: 799 Basic stats: COMPLETE Column stats: COMPLETE
                    Reduce Output Operator
                      null sort order: 
                      sort order: 
                      Statistics: Num rows: 5 Data size: 799 Basic stats: COMPLETE Column stats: COMPLETE
                      TopN Hash Memory Usage: 0.1
                      value expressions: _col0 (type: string), _col1 (type: string)
        Reducer 4 
            Execution mode: vectorized, llap
            Reduce Operator Tree:
              Limit
                Number of rows: 5
                Statistics: Num rows: 5 Data size: 799 Basic stats: COMPLETE Column stats: COMPLETE
                Select Operator
                  expressions: VALUE._col0 (type: string), VALUE._col1 (type: string)
                  outputColumnNames: _col0, _col1
                  Statistics: Num rows: 5 Data size: 799 Basic stats: COMPLETE Column stats: COMPLETE
                  Limit
                    Number of rows: 5
                    Statistics: Num rows: 5 Data size: 708 Basic stats: COMPLETE Column stats: COMPLETE
                    File Output Operator
                      compressed: false
                      Statistics: Num rows: 5 Data size: 708 Basic stats: COMPLETE Column stats: COMPLETE
                      table:
                          input format: org.apache.hadoop.mapred.SequenceFileInputFormat
                          output format: org.apache.hadoop.hive.ql.io.HiveSequenceFileOutputFormat
                          serde: org.apache.hadoop.hive.serde2.lazy.LazySimpleSerDe
        Reducer 6 
            Execution mode: llap
            Reduce Operator Tree:
              Merge Join Operator
                condition map:
                     Right Outer Join 0 to 1
                keys:
                  0 _col0 (type: string)
                  1 _col0 (type: string)
                outputColumnNames: _col1, _col2
                Statistics: Num rows: 12 Data size: 1772 Basic stats: COMPLETE Column stats: COMPLETE
                Limit
                  Number of rows: 5
                  Statistics: Num rows: 5 Data size: 799 Basic stats: COMPLETE Column stats: COMPLETE
                  Select Operator
                    expressions: _col2 (type: string), _col1 (type: string)
                    outputColumnNames: _col0, _col1
                    Statistics: Num rows: 5 Data size: 799 Basic stats: COMPLETE Column stats: COMPLETE
                    Reduce Output Operator
                      null sort order: 
                      sort order: 
                      Statistics: Num rows: 5 Data size: 799 Basic stats: COMPLETE Column stats: COMPLETE
                      TopN Hash Memory Usage: 0.1
                      value expressions: _col0 (type: string), _col1 (type: string)
        Reducer 7 
            Execution mode: vectorized, llap
            Reduce Operator Tree:
              Limit
                Number of rows: 5
                Statistics: Num rows: 5 Data size: 799 Basic stats: COMPLETE Column stats: COMPLETE
                Select Operator
                  expressions: VALUE._col0 (type: string), VALUE._col1 (type: string)
                  outputColumnNames: _col0, _col1
                  Statistics: Num rows: 5 Data size: 799 Basic stats: COMPLETE Column stats: COMPLETE
                  Limit
                    Number of rows: 5
                    Statistics: Num rows: 5 Data size: 708 Basic stats: COMPLETE Column stats: COMPLETE
                    File Output Operator
                      compressed: false
                      Statistics: Num rows: 5 Data size: 708 Basic stats: COMPLETE Column stats: COMPLETE
                      table:
                          input format: org.apache.hadoop.mapred.SequenceFileInputFormat
                          output format: org.apache.hadoop.hive.ql.io.HiveSequenceFileOutputFormat
                          serde: org.apache.hadoop.hive.serde2.lazy.LazySimpleSerDe
        Union 5 
            Vertex: Union 5

  Stage: Stage-0
    Fetch Operator
      limit: 5
      Processor Tree:
        ListSink

PREHOOK: query: explain
select key from s_n3 a
union all
select key from s_n3 b
limit 5
PREHOOK: type: QUERY
PREHOOK: Input: default@s_n3
#### A masked pattern was here ####
POSTHOOK: query: explain
select key from s_n3 a
union all
select key from s_n3 b
limit 5
POSTHOOK: type: QUERY
POSTHOOK: Input: default@s_n3
#### A masked pattern was here ####
STAGE DEPENDENCIES:
  Stage-1 is a root stage
  Stage-0 depends on stages: Stage-1

STAGE PLANS:
  Stage: Stage-1
    Tez
#### A masked pattern was here ####
      Edges:
        Map 1 <- Union 2 (CONTAINS)
        Map 3 <- Union 2 (CONTAINS)
#### A masked pattern was here ####
      Vertices:
        Map 1 
            Map Operator Tree:
                TableScan
                  alias: a
                  Statistics: Num rows: 10 Data size: 870 Basic stats: COMPLETE Column stats: COMPLETE
                  Select Operator
                    expressions: key (type: string)
                    outputColumnNames: _col0
                    Statistics: Num rows: 10 Data size: 870 Basic stats: COMPLETE Column stats: COMPLETE
                    Limit
                      Number of rows: 5
                      Statistics: Num rows: 5 Data size: 435 Basic stats: COMPLETE Column stats: COMPLETE
                      File Output Operator
                        compressed: false
                        Statistics: Num rows: 5 Data size: 435 Basic stats: COMPLETE Column stats: COMPLETE
                        table:
                            input format: org.apache.hadoop.mapred.SequenceFileInputFormat
                            output format: org.apache.hadoop.hive.ql.io.HiveSequenceFileOutputFormat
                            serde: org.apache.hadoop.hive.serde2.lazy.LazySimpleSerDe
            Execution mode: vectorized, llap
            LLAP IO: all inputs
        Map 3 
            Map Operator Tree:
                TableScan
                  alias: b
                  Statistics: Num rows: 10 Data size: 870 Basic stats: COMPLETE Column stats: COMPLETE
                  Select Operator
                    expressions: key (type: string)
                    outputColumnNames: _col0
                    Statistics: Num rows: 10 Data size: 870 Basic stats: COMPLETE Column stats: COMPLETE
                    Limit
                      Number of rows: 5
                      Statistics: Num rows: 5 Data size: 435 Basic stats: COMPLETE Column stats: COMPLETE
                      File Output Operator
                        compressed: false
                        Statistics: Num rows: 5 Data size: 435 Basic stats: COMPLETE Column stats: COMPLETE
                        table:
                            input format: org.apache.hadoop.mapred.SequenceFileInputFormat
                            output format: org.apache.hadoop.hive.ql.io.HiveSequenceFileOutputFormat
                            serde: org.apache.hadoop.hive.serde2.lazy.LazySimpleSerDe
            Execution mode: vectorized, llap
            LLAP IO: all inputs
        Union 2 
            Vertex: Union 2

  Stage: Stage-0
    Fetch Operator
      limit: 5
      Processor Tree:
        ListSink

PREHOOK: query: explain
select key from s_n3 a
union all
select key from s_n3 b
limit 5
PREHOOK: type: QUERY
PREHOOK: Input: default@s_n3
#### A masked pattern was here ####
POSTHOOK: query: explain
select key from s_n3 a
union all
select key from s_n3 b
limit 5
POSTHOOK: type: QUERY
POSTHOOK: Input: default@s_n3
#### A masked pattern was here ####
STAGE DEPENDENCIES:
  Stage-1 is a root stage
  Stage-0 depends on stages: Stage-1

STAGE PLANS:
  Stage: Stage-1
    Tez
#### A masked pattern was here ####
      Edges:
        Map 1 <- Union 2 (CONTAINS)
        Map 3 <- Union 2 (CONTAINS)
#### A masked pattern was here ####
      Vertices:
        Map 1 
            Map Operator Tree:
                TableScan
                  alias: a
                  Statistics: Num rows: 10 Data size: 870 Basic stats: COMPLETE Column stats: COMPLETE
                  Select Operator
                    expressions: key (type: string)
                    outputColumnNames: _col0
                    Statistics: Num rows: 10 Data size: 870 Basic stats: COMPLETE Column stats: COMPLETE
                    Limit
                      Number of rows: 5
                      Statistics: Num rows: 5 Data size: 435 Basic stats: COMPLETE Column stats: COMPLETE
                      File Output Operator
                        compressed: false
                        Statistics: Num rows: 5 Data size: 435 Basic stats: COMPLETE Column stats: COMPLETE
                        table:
                            input format: org.apache.hadoop.mapred.SequenceFileInputFormat
                            output format: org.apache.hadoop.hive.ql.io.HiveSequenceFileOutputFormat
                            serde: org.apache.hadoop.hive.serde2.lazy.LazySimpleSerDe
            Execution mode: vectorized, llap
            LLAP IO: all inputs
        Map 3 
            Map Operator Tree:
                TableScan
                  alias: b
                  Statistics: Num rows: 10 Data size: 870 Basic stats: COMPLETE Column stats: COMPLETE
                  Select Operator
                    expressions: key (type: string)
                    outputColumnNames: _col0
                    Statistics: Num rows: 10 Data size: 870 Basic stats: COMPLETE Column stats: COMPLETE
                    Limit
                      Number of rows: 5
                      Statistics: Num rows: 5 Data size: 435 Basic stats: COMPLETE Column stats: COMPLETE
                      File Output Operator
                        compressed: false
                        Statistics: Num rows: 5 Data size: 435 Basic stats: COMPLETE Column stats: COMPLETE
                        table:
                            input format: org.apache.hadoop.mapred.SequenceFileInputFormat
                            output format: org.apache.hadoop.hive.ql.io.HiveSequenceFileOutputFormat
                            serde: org.apache.hadoop.hive.serde2.lazy.LazySimpleSerDe
            Execution mode: vectorized, llap
            LLAP IO: all inputs
        Union 2 
            Vertex: Union 2

  Stage: Stage-0
    Fetch Operator
      limit: 5
      Processor Tree:
        ListSink

