PREHOOK: query: explain
select * from (
  select * from (select * from srcpart a where a.ds = '2008-04-08' and a.hr = '11' order by a.key limit 5)pa
    union all
  select * from (select * from srcpart b where b.ds = '2008-04-08' and b.hr = '14' limit 5)pb
)subq
PREHOOK: type: QUERY
PREHOOK: Input: default@srcpart
PREHOOK: Input: default@srcpart@ds=2008-04-08/hr=11
#### A masked pattern was here ####
POSTHOOK: query: explain
select * from (
  select * from (select * from srcpart a where a.ds = '2008-04-08' and a.hr = '11' order by a.key limit 5)pa
    union all
  select * from (select * from srcpart b where b.ds = '2008-04-08' and b.hr = '14' limit 5)pb
)subq
POSTHOOK: type: QUERY
POSTHOOK: Input: default@srcpart
POSTHOOK: Input: default@srcpart@ds=2008-04-08/hr=11
#### A masked pattern was here ####
STAGE DEPENDENCIES:
  Stage-1 is a root stage
  Stage-0 depends on stages: Stage-1

STAGE PLANS:
  Stage: Stage-1
    Tez
#### A masked pattern was here ####
      Edges:
        Reducer 2 <- Map 1 (SIMPLE_EDGE), Union 3 (CONTAINS)
        Reducer 5 <- Map 4 (CUSTOM_SIMPLE_EDGE), Union 3 (CONTAINS)
#### A masked pattern was here ####
      Vertices:
        Map 1 
            Map Operator Tree:
                TableScan
                  alias: a
                  filterExpr: ((ds = '2008-04-08') and (hr = '11')) (type: boolean)
                  Statistics: Num rows: 500 Data size: 89000 Basic stats: COMPLETE Column stats: COMPLETE
                  Top N Key Operator
                    sort order: +
                    keys: key (type: string)
                    null sort order: z
                    Statistics: Num rows: 500 Data size: 89000 Basic stats: COMPLETE Column stats: COMPLETE
                    top n: 5
                    Select Operator
                      expressions: key (type: string), value (type: string)
                      outputColumnNames: _col0, _col1
                      Statistics: Num rows: 500 Data size: 89000 Basic stats: COMPLETE Column stats: COMPLETE
                      Reduce Output Operator
                        key expressions: _col0 (type: string)
                        null sort order: z
                        sort order: +
                        Statistics: Num rows: 500 Data size: 89000 Basic stats: COMPLETE Column stats: COMPLETE
                        value expressions: _col1 (type: string)
            Execution mode: vectorized, llap
            LLAP IO: all inputs
        Map 4 
            Map Operator Tree:
                TableScan
                  alias: b
                  filterExpr: ((ds = '2008-04-08') and (hr = '14')) (type: boolean)
                  Statistics: Num rows: 1 Data size: 536 Basic stats: COMPLETE Column stats: COMPLETE
                  Filter Operator
                    predicate: ((ds = '2008-04-08') and (hr = '14')) (type: boolean)
                    Statistics: Num rows: 1 Data size: 536 Basic stats: COMPLETE Column stats: COMPLETE
                    Limit
                      Number of rows: 5
                      Statistics: Num rows: 1 Data size: 536 Basic stats: COMPLETE Column stats: COMPLETE
                      Select Operator
                        expressions: key (type: string), value (type: string)
                        outputColumnNames: _col0, _col1
                        Statistics: Num rows: 1 Data size: 168 Basic stats: COMPLETE Column stats: COMPLETE
                        Reduce Output Operator
                          null sort order: 
                          sort order: 
                          Statistics: Num rows: 1 Data size: 168 Basic stats: COMPLETE Column stats: COMPLETE
                          TopN Hash Memory Usage: 0.1
                          value expressions: _col0 (type: string), _col1 (type: string)
            Execution mode: vectorized, llap
            LLAP IO: unknown
        Reducer 2 
            Execution mode: vectorized, llap
            Reduce Operator Tree:
              Select Operator
                expressions: KEY.reducesinkkey0 (type: string), VALUE._col0 (type: string)
                outputColumnNames: _col0, _col1
                Statistics: Num rows: 500 Data size: 89000 Basic stats: COMPLETE Column stats: COMPLETE
                Limit
                  Number of rows: 5
                  Statistics: Num rows: 5 Data size: 890 Basic stats: COMPLETE Column stats: COMPLETE
                  Select Operator
                    expressions: _col0 (type: string), _col1 (type: string), '11' (type: string)
                    outputColumnNames: _col0, _col1, _col2
                    Statistics: Num rows: 5 Data size: 1320 Basic stats: COMPLETE Column stats: COMPLETE
                    Select Operator
                      expressions: _col0 (type: string), _col1 (type: string), '2008-04-08' (type: string), _col2 (type: string)
                      outputColumnNames: _col0, _col1, _col2, _col3
                      Statistics: Num rows: 6 Data size: 2148 Basic stats: COMPLETE Column stats: COMPLETE
                      File Output Operator
                        compressed: false
                        Statistics: Num rows: 6 Data size: 2148 Basic stats: COMPLETE Column stats: COMPLETE
                        table:
                            input format: org.apache.hadoop.mapred.SequenceFileInputFormat
                            output format: org.apache.hadoop.hive.ql.io.HiveSequenceFileOutputFormat
                            serde: org.apache.hadoop.hive.serde2.lazy.LazySimpleSerDe
        Reducer 5 
            Execution mode: vectorized, llap
            Reduce Operator Tree:
              Limit
                Number of rows: 5
                Statistics: Num rows: 1 Data size: 168 Basic stats: COMPLETE Column stats: COMPLETE
                Select Operator
                  expressions: VALUE._col0 (type: string), VALUE._col1 (type: string), '14' (type: string)
                  outputColumnNames: _col0, _col1, _col2
                  Statistics: Num rows: 1 Data size: 168 Basic stats: COMPLETE Column stats: COMPLETE
                  Select Operator
                    expressions: _col0 (type: string), _col1 (type: string), '2008-04-08' (type: string), _col2 (type: string)
                    outputColumnNames: _col0, _col1, _col2, _col3
                    Statistics: Num rows: 6 Data size: 2148 Basic stats: COMPLETE Column stats: COMPLETE
                    File Output Operator
                      compressed: false
                      Statistics: Num rows: 6 Data size: 2148 Basic stats: COMPLETE Column stats: COMPLETE
                      table:
                          input format: org.apache.hadoop.mapred.SequenceFileInputFormat
                          output format: org.apache.hadoop.hive.ql.io.HiveSequenceFileOutputFormat
                          serde: org.apache.hadoop.hive.serde2.lazy.LazySimpleSerDe
        Union 3 
            Vertex: Union 3

  Stage: Stage-0
    Fetch Operator
      limit: -1
      Processor Tree:
        ListSink

PREHOOK: query: select * from (
  select * from (select * from srcpart a where a.ds = '2008-04-08' and a.hr = '11' order by a.key limit 5)pa
    union all
  select * from (select * from srcpart b where b.ds = '2008-04-08' and b.hr = '14' limit 5)pb
)subq
PREHOOK: type: QUERY
PREHOOK: Input: default@srcpart
PREHOOK: Input: default@srcpart@ds=2008-04-08/hr=11
#### A masked pattern was here ####
POSTHOOK: query: select * from (
  select * from (select * from srcpart a where a.ds = '2008-04-08' and a.hr = '11' order by a.key limit 5)pa
    union all
  select * from (select * from srcpart b where b.ds = '2008-04-08' and b.hr = '14' limit 5)pb
)subq
POSTHOOK: type: QUERY
POSTHOOK: Input: default@srcpart
POSTHOOK: Input: default@srcpart@ds=2008-04-08/hr=11
#### A masked pattern was here ####
0	val_0	2008-04-08	11
0	val_0	2008-04-08	11
0	val_0	2008-04-08	11
10	val_10	2008-04-08	11
100	val_100	2008-04-08	11
PREHOOK: query: explain
select * from (
  select * from (select a.ds, a.key, a.hr from srcpart a where a.ds = '2008-04-08' and a.hr = '11' order by a.key limit 5)pa
    union all
  select * from (select b.ds, b.key, b.hr from srcpart b where b.ds = '2008-04-08' and b.hr = '14' limit 5)pb
)subq
PREHOOK: type: QUERY
PREHOOK: Input: default@srcpart
PREHOOK: Input: default@srcpart@ds=2008-04-08/hr=11
#### A masked pattern was here ####
POSTHOOK: query: explain
select * from (
  select * from (select a.ds, a.key, a.hr from srcpart a where a.ds = '2008-04-08' and a.hr = '11' order by a.key limit 5)pa
    union all
  select * from (select b.ds, b.key, b.hr from srcpart b where b.ds = '2008-04-08' and b.hr = '14' limit 5)pb
)subq
POSTHOOK: type: QUERY
POSTHOOK: Input: default@srcpart
POSTHOOK: Input: default@srcpart@ds=2008-04-08/hr=11
#### A masked pattern was here ####
STAGE DEPENDENCIES:
  Stage-1 is a root stage
  Stage-0 depends on stages: Stage-1

STAGE PLANS:
  Stage: Stage-1
    Tez
#### A masked pattern was here ####
      Edges:
        Reducer 2 <- Map 1 (SIMPLE_EDGE), Union 3 (CONTAINS)
        Reducer 5 <- Map 4 (CUSTOM_SIMPLE_EDGE), Union 3 (CONTAINS)
#### A masked pattern was here ####
      Vertices:
        Map 1 
            Map Operator Tree:
                TableScan
                  alias: a
                  filterExpr: ((ds = '2008-04-08') and (hr = '11')) (type: boolean)
                  Statistics: Num rows: 500 Data size: 43500 Basic stats: COMPLETE Column stats: COMPLETE
                  Top N Key Operator
                    sort order: +
                    keys: key (type: string)
                    null sort order: z
                    Statistics: Num rows: 500 Data size: 43500 Basic stats: COMPLETE Column stats: COMPLETE
                    top n: 5
                    Select Operator
                      expressions: key (type: string)
                      outputColumnNames: _col0
                      Statistics: Num rows: 500 Data size: 43500 Basic stats: COMPLETE Column stats: COMPLETE
                      Reduce Output Operator
                        key expressions: _col0 (type: string)
                        null sort order: z
                        sort order: +
                        Statistics: Num rows: 500 Data size: 43500 Basic stats: COMPLETE Column stats: COMPLETE
            Execution mode: vectorized, llap
            LLAP IO: all inputs
        Map 4 
            Map Operator Tree:
                TableScan
                  alias: b
                  filterExpr: ((ds = '2008-04-08') and (hr = '14')) (type: boolean)
                  Statistics: Num rows: 1 Data size: 452 Basic stats: COMPLETE Column stats: COMPLETE
                  Filter Operator
                    predicate: ((ds = '2008-04-08') and (hr = '14')) (type: boolean)
                    Statistics: Num rows: 1 Data size: 452 Basic stats: COMPLETE Column stats: COMPLETE
                    Limit
                      Number of rows: 5
                      Statistics: Num rows: 1 Data size: 452 Basic stats: COMPLETE Column stats: COMPLETE
                      Select Operator
                        expressions: key (type: string)
                        outputColumnNames: _col0
                        Statistics: Num rows: 1 Data size: 84 Basic stats: COMPLETE Column stats: COMPLETE
                        Reduce Output Operator
                          null sort order: 
                          sort order: 
                          Statistics: Num rows: 1 Data size: 84 Basic stats: COMPLETE Column stats: COMPLETE
                          TopN Hash Memory Usage: 0.1
                          value expressions: _col0 (type: string)
            Execution mode: vectorized, llap
            LLAP IO: unknown
        Reducer 2 
            Execution mode: vectorized, llap
            Reduce Operator Tree:
              Select Operator
                expressions: KEY.reducesinkkey0 (type: string)
                outputColumnNames: _col0
                Statistics: Num rows: 500 Data size: 43500 Basic stats: COMPLETE Column stats: COMPLETE
                Limit
                  Number of rows: 5
                  Statistics: Num rows: 5 Data size: 435 Basic stats: COMPLETE Column stats: COMPLETE
                  Select Operator
                    expressions: _col0 (type: string), '11' (type: string)
                    outputColumnNames: _col0, _col1
                    Statistics: Num rows: 5 Data size: 865 Basic stats: COMPLETE Column stats: COMPLETE
                    Select Operator
                      expressions: '2008-04-08' (type: string), _col0 (type: string), _col1 (type: string)
                      outputColumnNames: _col0, _col1, _col2
                      Statistics: Num rows: 6 Data size: 1602 Basic stats: COMPLETE Column stats: COMPLETE
                      File Output Operator
                        compressed: false
                        Statistics: Num rows: 6 Data size: 1602 Basic stats: COMPLETE Column stats: COMPLETE
                        table:
                            input format: org.apache.hadoop.mapred.SequenceFileInputFormat
                            output format: org.apache.hadoop.hive.ql.io.HiveSequenceFileOutputFormat
                            serde: org.apache.hadoop.hive.serde2.lazy.LazySimpleSerDe
        Reducer 5 
            Execution mode: vectorized, llap
            Reduce Operator Tree:
              Limit
                Number of rows: 5
                Statistics: Num rows: 1 Data size: 84 Basic stats: COMPLETE Column stats: COMPLETE
                Select Operator
                  expressions: VALUE._col0 (type: string), '14' (type: string)
                  outputColumnNames: _col0, _col1
                  Statistics: Num rows: 1 Data size: 84 Basic stats: COMPLETE Column stats: COMPLETE
                  Select Operator
                    expressions: '2008-04-08' (type: string), _col0 (type: string), _col1 (type: string)
                    outputColumnNames: _col0, _col1, _col2
                    Statistics: Num rows: 6 Data size: 1602 Basic stats: COMPLETE Column stats: COMPLETE
                    File Output Operator
                      compressed: false
                      Statistics: Num rows: 6 Data size: 1602 Basic stats: COMPLETE Column stats: COMPLETE
                      table:
                          input format: org.apache.hadoop.mapred.SequenceFileInputFormat
                          output format: org.apache.hadoop.hive.ql.io.HiveSequenceFileOutputFormat
                          serde: org.apache.hadoop.hive.serde2.lazy.LazySimpleSerDe
        Union 3 
            Vertex: Union 3

  Stage: Stage-0
    Fetch Operator
      limit: -1
      Processor Tree:
        ListSink

PREHOOK: query: select * from (
  select * from (select a.ds, a.key, a.hr from srcpart a where a.ds = '2008-04-08' and a.hr = '11' order by a.key limit 5)pa
    union all
  select * from (select b.ds, b.key, b.hr from srcpart b where b.ds = '2008-04-08' and b.hr = '14' limit 5)pb
)subq
PREHOOK: type: QUERY
PREHOOK: Input: default@srcpart
PREHOOK: Input: default@srcpart@ds=2008-04-08/hr=11
#### A masked pattern was here ####
POSTHOOK: query: select * from (
  select * from (select a.ds, a.key, a.hr from srcpart a where a.ds = '2008-04-08' and a.hr = '11' order by a.key limit 5)pa
    union all
  select * from (select b.ds, b.key, b.hr from srcpart b where b.ds = '2008-04-08' and b.hr = '14' limit 5)pb
)subq
POSTHOOK: type: QUERY
POSTHOOK: Input: default@srcpart
POSTHOOK: Input: default@srcpart@ds=2008-04-08/hr=11
#### A masked pattern was here ####
2008-04-08	0	11
2008-04-08	0	11
2008-04-08	0	11
2008-04-08	10	11
2008-04-08	100	11
PREHOOK: query: explain
select * from (
  select * from (select a.ds, a.key, a.hr from srcpart a where a.ds = '2008-04-08' and a.hr = '11' order by a.hr,a.key limit 5)pa
    union all
  select * from (select b.ds, b.key, b.hr from srcpart b where b.ds = '2008-04-08' and b.hr = '14' limit 5)pb
)subq
PREHOOK: type: QUERY
PREHOOK: Input: default@srcpart
PREHOOK: Input: default@srcpart@ds=2008-04-08/hr=11
#### A masked pattern was here ####
POSTHOOK: query: explain
select * from (
  select * from (select a.ds, a.key, a.hr from srcpart a where a.ds = '2008-04-08' and a.hr = '11' order by a.hr,a.key limit 5)pa
    union all
  select * from (select b.ds, b.key, b.hr from srcpart b where b.ds = '2008-04-08' and b.hr = '14' limit 5)pb
)subq
POSTHOOK: type: QUERY
POSTHOOK: Input: default@srcpart
POSTHOOK: Input: default@srcpart@ds=2008-04-08/hr=11
#### A masked pattern was here ####
STAGE DEPENDENCIES:
  Stage-1 is a root stage
  Stage-0 depends on stages: Stage-1

STAGE PLANS:
  Stage: Stage-1
    Tez
#### A masked pattern was here ####
      Edges:
        Reducer 2 <- Map 1 (SIMPLE_EDGE), Union 3 (CONTAINS)
        Reducer 5 <- Map 4 (CUSTOM_SIMPLE_EDGE), Union 3 (CONTAINS)
#### A masked pattern was here ####
      Vertices:
        Map 1 
            Map Operator Tree:
                TableScan
                  alias: a
                  filterExpr: ((ds = '2008-04-08') and (hr = '11')) (type: boolean)
                  Statistics: Num rows: 500 Data size: 43500 Basic stats: COMPLETE Column stats: COMPLETE
                  Top N Key Operator
                    sort order: +
                    keys: key (type: string)
                    null sort order: z
                    Statistics: Num rows: 500 Data size: 43500 Basic stats: COMPLETE Column stats: COMPLETE
                    top n: 5
                    Select Operator
                      expressions: key (type: string)
                      outputColumnNames: _col0
                      Statistics: Num rows: 500 Data size: 43500 Basic stats: COMPLETE Column stats: COMPLETE
                      Reduce Output Operator
                        key expressions: _col0 (type: string)
                        null sort order: z
                        sort order: +
                        Statistics: Num rows: 500 Data size: 43500 Basic stats: COMPLETE Column stats: COMPLETE
            Execution mode: vectorized, llap
            LLAP IO: all inputs
        Map 4 
            Map Operator Tree:
                TableScan
                  alias: b
                  filterExpr: ((ds = '2008-04-08') and (hr = '14')) (type: boolean)
                  Statistics: Num rows: 1 Data size: 452 Basic stats: COMPLETE Column stats: COMPLETE
                  Filter Operator
                    predicate: ((ds = '2008-04-08') and (hr = '14')) (type: boolean)
                    Statistics: Num rows: 1 Data size: 452 Basic stats: COMPLETE Column stats: COMPLETE
                    Limit
                      Number of rows: 5
                      Statistics: Num rows: 1 Data size: 452 Basic stats: COMPLETE Column stats: COMPLETE
                      Select Operator
                        expressions: key (type: string)
                        outputColumnNames: _col0
                        Statistics: Num rows: 1 Data size: 84 Basic stats: COMPLETE Column stats: COMPLETE
                        Reduce Output Operator
                          null sort order: 
                          sort order: 
                          Statistics: Num rows: 1 Data size: 84 Basic stats: COMPLETE Column stats: COMPLETE
                          TopN Hash Memory Usage: 0.1
                          value expressions: _col0 (type: string)
            Execution mode: vectorized, llap
            LLAP IO: unknown
        Reducer 2 
            Execution mode: vectorized, llap
            Reduce Operator Tree:
              Select Operator
                expressions: KEY.reducesinkkey0 (type: string)
                outputColumnNames: _col0
                Statistics: Num rows: 500 Data size: 43500 Basic stats: COMPLETE Column stats: COMPLETE
                Limit
                  Number of rows: 5
                  Statistics: Num rows: 5 Data size: 435 Basic stats: COMPLETE Column stats: COMPLETE
                  Select Operator
                    expressions: _col0 (type: string), '11' (type: string)
                    outputColumnNames: _col0, _col1
                    Statistics: Num rows: 5 Data size: 865 Basic stats: COMPLETE Column stats: COMPLETE
                    Select Operator
                      expressions: '2008-04-08' (type: string), _col0 (type: string), _col1 (type: string)
                      outputColumnNames: _col0, _col1, _col2
                      Statistics: Num rows: 6 Data size: 1602 Basic stats: COMPLETE Column stats: COMPLETE
                      File Output Operator
                        compressed: false
                        Statistics: Num rows: 6 Data size: 1602 Basic stats: COMPLETE Column stats: COMPLETE
                        table:
                            input format: org.apache.hadoop.mapred.SequenceFileInputFormat
                            output format: org.apache.hadoop.hive.ql.io.HiveSequenceFileOutputFormat
                            serde: org.apache.hadoop.hive.serde2.lazy.LazySimpleSerDe
        Reducer 5 
            Execution mode: vectorized, llap
            Reduce Operator Tree:
              Limit
                Number of rows: 5
                Statistics: Num rows: 1 Data size: 84 Basic stats: COMPLETE Column stats: COMPLETE
                Select Operator
                  expressions: VALUE._col0 (type: string), '14' (type: string)
                  outputColumnNames: _col0, _col1
                  Statistics: Num rows: 1 Data size: 84 Basic stats: COMPLETE Column stats: COMPLETE
                  Select Operator
                    expressions: '2008-04-08' (type: string), _col0 (type: string), _col1 (type: string)
                    outputColumnNames: _col0, _col1, _col2
                    Statistics: Num rows: 6 Data size: 1602 Basic stats: COMPLETE Column stats: COMPLETE
                    File Output Operator
                      compressed: false
                      Statistics: Num rows: 6 Data size: 1602 Basic stats: COMPLETE Column stats: COMPLETE
                      table:
                          input format: org.apache.hadoop.mapred.SequenceFileInputFormat
                          output format: org.apache.hadoop.hive.ql.io.HiveSequenceFileOutputFormat
                          serde: org.apache.hadoop.hive.serde2.lazy.LazySimpleSerDe
        Union 3 
            Vertex: Union 3

  Stage: Stage-0
    Fetch Operator
      limit: -1
      Processor Tree:
        ListSink

PREHOOK: query: select * from (
  select * from (select a.ds, a.key, a.hr from srcpart a where a.ds = '2008-04-08' and a.hr = '11' order by a.hr,a.key limit 5)pa
    union all
  select * from (select b.ds, b.key, b.hr from srcpart b where b.ds = '2008-04-08' and b.hr = '14' limit 5)pb
)subq
PREHOOK: type: QUERY
PREHOOK: Input: default@srcpart
PREHOOK: Input: default@srcpart@ds=2008-04-08/hr=11
#### A masked pattern was here ####
POSTHOOK: query: select * from (
  select * from (select a.ds, a.key, a.hr from srcpart a where a.ds = '2008-04-08' and a.hr = '11' order by a.hr,a.key limit 5)pa
    union all
  select * from (select b.ds, b.key, b.hr from srcpart b where b.ds = '2008-04-08' and b.hr = '14' limit 5)pb
)subq
POSTHOOK: type: QUERY
POSTHOOK: Input: default@srcpart
POSTHOOK: Input: default@srcpart@ds=2008-04-08/hr=11
#### A masked pattern was here ####
2008-04-08	0	11
2008-04-08	0	11
2008-04-08	0	11
2008-04-08	10	11
2008-04-08	100	11
PREHOOK: query: explain
select * from (
  select * from (select a.key, a.ds, a.value from srcpart a where a.ds = '2008-04-08' and a.hr = '11' order by a.ds limit 5)pa
    union all
  select * from (select b.key, b.ds, b.value from srcpart b where b.ds = '2008-04-08' and b.hr = '14' limit 5)pb
)subq
PREHOOK: type: QUERY
PREHOOK: Input: default@srcpart
PREHOOK: Input: default@srcpart@ds=2008-04-08/hr=11
#### A masked pattern was here ####
POSTHOOK: query: explain
select * from (
  select * from (select a.key, a.ds, a.value from srcpart a where a.ds = '2008-04-08' and a.hr = '11' order by a.ds limit 5)pa
    union all
  select * from (select b.key, b.ds, b.value from srcpart b where b.ds = '2008-04-08' and b.hr = '14' limit 5)pb
)subq
POSTHOOK: type: QUERY
POSTHOOK: Input: default@srcpart
POSTHOOK: Input: default@srcpart@ds=2008-04-08/hr=11
#### A masked pattern was here ####
STAGE DEPENDENCIES:
  Stage-1 is a root stage
  Stage-0 depends on stages: Stage-1

STAGE PLANS:
  Stage: Stage-1
    Tez
#### A masked pattern was here ####
      Edges:
        Reducer 2 <- Map 1 (CUSTOM_SIMPLE_EDGE), Union 3 (CONTAINS)
        Reducer 5 <- Map 4 (CUSTOM_SIMPLE_EDGE), Union 3 (CONTAINS)
#### A masked pattern was here ####
      Vertices:
        Map 1 
            Map Operator Tree:
                TableScan
                  alias: a
                  filterExpr: ((ds = '2008-04-08') and (hr = '11')) (type: boolean)
                  Statistics: Num rows: 500 Data size: 89000 Basic stats: COMPLETE Column stats: COMPLETE
                  Limit
                    Number of rows: 5
                    Statistics: Num rows: 5 Data size: 890 Basic stats: COMPLETE Column stats: COMPLETE
                    Select Operator
                      expressions: key (type: string), value (type: string)
                      outputColumnNames: _col0, _col1
                      Statistics: Num rows: 5 Data size: 890 Basic stats: COMPLETE Column stats: COMPLETE
                      Reduce Output Operator
                        null sort order: 
                        sort order: 
                        Statistics: Num rows: 5 Data size: 890 Basic stats: COMPLETE Column stats: COMPLETE
                        TopN Hash Memory Usage: 0.1
                        value expressions: _col0 (type: string), _col1 (type: string)
            Execution mode: vectorized, llap
            LLAP IO: all inputs
        Map 4 
            Map Operator Tree:
                TableScan
                  alias: b
                  filterExpr: ((ds = '2008-04-08') and (hr = '14')) (type: boolean)
                  Statistics: Num rows: 1 Data size: 536 Basic stats: COMPLETE Column stats: COMPLETE
                  Filter Operator
                    predicate: ((ds = '2008-04-08') and (hr = '14')) (type: boolean)
                    Statistics: Num rows: 1 Data size: 536 Basic stats: COMPLETE Column stats: COMPLETE
                    Limit
                      Number of rows: 5
                      Statistics: Num rows: 1 Data size: 536 Basic stats: COMPLETE Column stats: COMPLETE
                      Select Operator
                        expressions: key (type: string), value (type: string)
                        outputColumnNames: _col0, _col1
                        Statistics: Num rows: 1 Data size: 168 Basic stats: COMPLETE Column stats: COMPLETE
                        Reduce Output Operator
                          null sort order: 
                          sort order: 
                          Statistics: Num rows: 1 Data size: 168 Basic stats: COMPLETE Column stats: COMPLETE
                          TopN Hash Memory Usage: 0.1
                          value expressions: _col0 (type: string), _col1 (type: string)
            Execution mode: vectorized, llap
            LLAP IO: unknown
        Reducer 2 
            Execution mode: vectorized, llap
            Reduce Operator Tree:
              Limit
                Number of rows: 5
                Statistics: Num rows: 5 Data size: 890 Basic stats: COMPLETE Column stats: COMPLETE
                Select Operator
                  expressions: VALUE._col0 (type: string), VALUE._col1 (type: string)
                  outputColumnNames: _col0, _col1
                  Statistics: Num rows: 5 Data size: 890 Basic stats: COMPLETE Column stats: COMPLETE
                  Select Operator
                    expressions: _col0 (type: string), '2008-04-08' (type: string), _col1 (type: string)
                    outputColumnNames: _col0, _col1, _col2
                    Statistics: Num rows: 6 Data size: 1632 Basic stats: COMPLETE Column stats: COMPLETE
                    File Output Operator
                      compressed: false
                      Statistics: Num rows: 6 Data size: 1632 Basic stats: COMPLETE Column stats: COMPLETE
                      table:
                          input format: org.apache.hadoop.mapred.SequenceFileInputFormat
                          output format: org.apache.hadoop.hive.ql.io.HiveSequenceFileOutputFormat
                          serde: org.apache.hadoop.hive.serde2.lazy.LazySimpleSerDe
        Reducer 5 
            Execution mode: vectorized, llap
            Reduce Operator Tree:
              Limit
                Number of rows: 5
                Statistics: Num rows: 1 Data size: 168 Basic stats: COMPLETE Column stats: COMPLETE
                Select Operator
                  expressions: VALUE._col0 (type: string), VALUE._col1 (type: string)
                  outputColumnNames: _col0, _col1
                  Statistics: Num rows: 1 Data size: 168 Basic stats: COMPLETE Column stats: COMPLETE
                  Select Operator
                    expressions: _col0 (type: string), '2008-04-08' (type: string), _col1 (type: string)
                    outputColumnNames: _col0, _col1, _col2
                    Statistics: Num rows: 6 Data size: 1632 Basic stats: COMPLETE Column stats: COMPLETE
                    File Output Operator
                      compressed: false
                      Statistics: Num rows: 6 Data size: 1632 Basic stats: COMPLETE Column stats: COMPLETE
                      table:
                          input format: org.apache.hadoop.mapred.SequenceFileInputFormat
                          output format: org.apache.hadoop.hive.ql.io.HiveSequenceFileOutputFormat
                          serde: org.apache.hadoop.hive.serde2.lazy.LazySimpleSerDe
        Union 3 
            Vertex: Union 3

  Stage: Stage-0
    Fetch Operator
      limit: -1
      Processor Tree:
        ListSink

PREHOOK: query: select * from (
  select * from (select a.key, a.ds, a.value from srcpart a where a.ds = '2008-04-08' and a.hr = '11' order by a.ds limit 5)pa
    union all
  select * from (select b.key, b.ds, b.value from srcpart b where b.ds = '2008-04-08' and b.hr = '14' limit 5)pb
)subq
PREHOOK: type: QUERY
PREHOOK: Input: default@srcpart
PREHOOK: Input: default@srcpart@ds=2008-04-08/hr=11
#### A masked pattern was here ####
POSTHOOK: query: select * from (
  select * from (select a.key, a.ds, a.value from srcpart a where a.ds = '2008-04-08' and a.hr = '11' order by a.ds limit 5)pa
    union all
  select * from (select b.key, b.ds, b.value from srcpart b where b.ds = '2008-04-08' and b.hr = '14' limit 5)pb
)subq
POSTHOOK: type: QUERY
POSTHOOK: Input: default@srcpart
POSTHOOK: Input: default@srcpart@ds=2008-04-08/hr=11
#### A masked pattern was here ####
238	2008-04-08	val_238
86	2008-04-08	val_86
311	2008-04-08	val_311
27	2008-04-08	val_27
165	2008-04-08	val_165
