PREHOOK: query: create table if not exists loc_staging_n1 (
  state string,
  locid int,
  zip bigint,
  year int
) row format delimited fields terminated by '|' stored as textfile
PREHOOK: type: CREATETABLE
PREHOOK: Output: database:default
PREHOOK: Output: default@loc_staging_n1
POSTHOOK: query: create table if not exists loc_staging_n1 (
  state string,
  locid int,
  zip bigint,
  year int
) row format delimited fields terminated by '|' stored as textfile
POSTHOOK: type: CREATETABLE
POSTHOOK: Output: database:default
POSTHOOK: Output: default@loc_staging_n1
PREHOOK: query: create table loc_orc_n1 like loc_staging_n1
PREHOOK: type: CREATETABLE
PREHOOK: Output: database:default
PREHOOK: Output: default@loc_orc_n1
POSTHOOK: query: create table loc_orc_n1 like loc_staging_n1
POSTHOOK: type: CREATETABLE
POSTHOOK: Output: database:default
POSTHOOK: Output: default@loc_orc_n1
PREHOOK: query: alter table loc_orc_n1 set fileformat orc
PREHOOK: type: ALTERTABLE_FILEFORMAT
PREHOOK: Input: default@loc_orc_n1
PREHOOK: Output: default@loc_orc_n1
POSTHOOK: query: alter table loc_orc_n1 set fileformat orc
POSTHOOK: type: ALTERTABLE_FILEFORMAT
POSTHOOK: Input: default@loc_orc_n1
POSTHOOK: Output: default@loc_orc_n1
PREHOOK: query: load data local inpath '../../data/files/loc.txt' overwrite into table loc_staging_n1
PREHOOK: type: LOAD
#### A masked pattern was here ####
PREHOOK: Output: default@loc_staging_n1
POSTHOOK: query: load data local inpath '../../data/files/loc.txt' overwrite into table loc_staging_n1
POSTHOOK: type: LOAD
#### A masked pattern was here ####
POSTHOOK: Output: default@loc_staging_n1
PREHOOK: query: insert overwrite table loc_orc_n1 select * from loc_staging_n1
PREHOOK: type: QUERY
PREHOOK: Input: default@loc_staging_n1
PREHOOK: Output: default@loc_orc_n1
POSTHOOK: query: insert overwrite table loc_orc_n1 select * from loc_staging_n1
POSTHOOK: type: QUERY
POSTHOOK: Input: default@loc_staging_n1
POSTHOOK: Output: default@loc_orc_n1
POSTHOOK: Lineage: loc_orc_n1.locid SIMPLE [(loc_staging_n1)loc_staging_n1.FieldSchema(name:locid, type:int, comment:null), ]
POSTHOOK: Lineage: loc_orc_n1.state SIMPLE [(loc_staging_n1)loc_staging_n1.FieldSchema(name:state, type:string, comment:null), ]
POSTHOOK: Lineage: loc_orc_n1.year SIMPLE [(loc_staging_n1)loc_staging_n1.FieldSchema(name:year, type:int, comment:null), ]
POSTHOOK: Lineage: loc_orc_n1.zip SIMPLE [(loc_staging_n1)loc_staging_n1.FieldSchema(name:zip, type:bigint, comment:null), ]
PREHOOK: query: explain select * from loc_orc_n1
PREHOOK: type: QUERY
PREHOOK: Input: default@loc_orc_n1
#### A masked pattern was here ####
POSTHOOK: query: explain select * from loc_orc_n1
POSTHOOK: type: QUERY
POSTHOOK: Input: default@loc_orc_n1
#### A masked pattern was here ####
STAGE DEPENDENCIES:
  Stage-0 is a root stage

STAGE PLANS:
  Stage: Stage-0
    Fetch Operator
      limit: -1
      Processor Tree:
        TableScan
          alias: loc_orc_n1
          Select Operator
            expressions: state (type: string), locid (type: int), zip (type: bigint), year (type: int)
            outputColumnNames: state, locid, zip, year
            ListSink

PREHOOK: query: analyze table loc_orc_n1 compute statistics for columns state
PREHOOK: type: ANALYZE_TABLE
PREHOOK: Input: default@loc_orc_n1
PREHOOK: Output: default@loc_orc_n1
#### A masked pattern was here ####
POSTHOOK: query: analyze table loc_orc_n1 compute statistics for columns state
POSTHOOK: type: ANALYZE_TABLE
POSTHOOK: Input: default@loc_orc_n1
POSTHOOK: Output: default@loc_orc_n1
#### A masked pattern was here ####
PREHOOK: query: explain select a, c, min(b)
from ( select state as a, locid as b, count(*) as c
       from loc_orc_n1
       group by state,locid
     ) sq1
group by a,c
PREHOOK: type: QUERY
PREHOOK: Input: default@loc_orc_n1
#### A masked pattern was here ####
POSTHOOK: query: explain select a, c, min(b)
from ( select state as a, locid as b, count(*) as c
       from loc_orc_n1
       group by state,locid
     ) sq1
group by a,c
POSTHOOK: type: QUERY
POSTHOOK: Input: default@loc_orc_n1
#### A masked pattern was here ####
STAGE DEPENDENCIES:
  Stage-1 is a root stage
  Stage-0 depends on stages: Stage-1

STAGE PLANS:
  Stage: Stage-1
    Tez
#### A masked pattern was here ####
      Edges:
        Reducer 2 <- Map 1 (SIMPLE_EDGE)
        Reducer 3 <- Reducer 2 (SIMPLE_EDGE)
#### A masked pattern was here ####
      Vertices:
        Map 1 
            Map Operator Tree:
                TableScan
                  alias: sq1:loc_orc_n1
                  Statistics: Num rows: 8 Data size: 720 Basic stats: COMPLETE Column stats: COMPLETE
                  Select Operator
                    expressions: state (type: string), locid (type: int)
                    outputColumnNames: state, locid
                    Statistics: Num rows: 8 Data size: 720 Basic stats: COMPLETE Column stats: COMPLETE
                    Group By Operator
                      aggregations: count()
                      keys: state (type: string), locid (type: int)
                      minReductionHashAggr: 0.4
                      mode: hash
                      outputColumnNames: _col0, _col1, _col2
                      Statistics: Num rows: 8 Data size: 784 Basic stats: COMPLETE Column stats: COMPLETE
                      Reduce Output Operator
                        key expressions: _col0 (type: string), _col1 (type: int)
                        null sort order: zz
                        sort order: ++
                        Map-reduce partition columns: _col0 (type: string), _col1 (type: int)
                        Statistics: Num rows: 8 Data size: 784 Basic stats: COMPLETE Column stats: COMPLETE
                        value expressions: _col2 (type: bigint)
            Execution mode: vectorized, llap
            LLAP IO: all inputs
        Reducer 2 
            Execution mode: vectorized, llap
            Reduce Operator Tree:
              Group By Operator
                aggregations: count(VALUE._col0)
                keys: KEY._col0 (type: string), KEY._col1 (type: int)
                mode: mergepartial
                outputColumnNames: state, locid, $f2
                Statistics: Num rows: 8 Data size: 784 Basic stats: COMPLETE Column stats: COMPLETE
                Group By Operator
                  aggregations: min(locid)
                  keys: state (type: string), $f2 (type: bigint)
                  minReductionHashAggr: 0.4
                  mode: hash
                  outputColumnNames: _col0, _col1, _col2
                  Statistics: Num rows: 8 Data size: 784 Basic stats: COMPLETE Column stats: COMPLETE
                  Reduce Output Operator
                    key expressions: _col0 (type: string), _col1 (type: bigint)
                    null sort order: zz
                    sort order: ++
                    Map-reduce partition columns: _col0 (type: string), _col1 (type: bigint)
                    Statistics: Num rows: 8 Data size: 784 Basic stats: COMPLETE Column stats: COMPLETE
                    value expressions: _col2 (type: int)
        Reducer 3 
            Execution mode: vectorized, llap
            Reduce Operator Tree:
              Group By Operator
                aggregations: min(VALUE._col0)
                keys: KEY._col0 (type: string), KEY._col1 (type: bigint)
                mode: mergepartial
                outputColumnNames: state, $f2, $f2_0
                Statistics: Num rows: 8 Data size: 784 Basic stats: COMPLETE Column stats: COMPLETE
                File Output Operator
                  compressed: false
                  Statistics: Num rows: 8 Data size: 784 Basic stats: COMPLETE Column stats: COMPLETE
                  table:
                      input format: org.apache.hadoop.mapred.SequenceFileInputFormat
                      output format: org.apache.hadoop.hive.ql.io.HiveSequenceFileOutputFormat
                      serde: org.apache.hadoop.hive.serde2.lazy.LazySimpleSerDe

  Stage: Stage-0
    Fetch Operator
      limit: -1
      Processor Tree:
        ListSink

PREHOOK: query: analyze table loc_orc_n1 compute statistics for columns state,locid,year
PREHOOK: type: ANALYZE_TABLE
PREHOOK: Input: default@loc_orc_n1
PREHOOK: Output: default@loc_orc_n1
#### A masked pattern was here ####
POSTHOOK: query: analyze table loc_orc_n1 compute statistics for columns state,locid,year
POSTHOOK: type: ANALYZE_TABLE
POSTHOOK: Input: default@loc_orc_n1
POSTHOOK: Output: default@loc_orc_n1
#### A masked pattern was here ####
PREHOOK: query: explain select year from loc_orc_n1 group by year
PREHOOK: type: QUERY
PREHOOK: Input: default@loc_orc_n1
#### A masked pattern was here ####
POSTHOOK: query: explain select year from loc_orc_n1 group by year
POSTHOOK: type: QUERY
POSTHOOK: Input: default@loc_orc_n1
#### A masked pattern was here ####
STAGE DEPENDENCIES:
  Stage-1 is a root stage
  Stage-0 depends on stages: Stage-1

STAGE PLANS:
  Stage: Stage-1
    Tez
#### A masked pattern was here ####
      Edges:
        Reducer 2 <- Map 1 (SIMPLE_EDGE)
#### A masked pattern was here ####
      Vertices:
        Map 1 
            Map Operator Tree:
                TableScan
                  alias: loc_orc_n1
                  Statistics: Num rows: 8 Data size: 32 Basic stats: COMPLETE Column stats: COMPLETE
                  Select Operator
                    expressions: year (type: int)
                    outputColumnNames: year
                    Statistics: Num rows: 8 Data size: 32 Basic stats: COMPLETE Column stats: COMPLETE
                    Group By Operator
                      keys: year (type: int)
                      minReductionHashAggr: 0.75
                      mode: hash
                      outputColumnNames: _col0
                      Statistics: Num rows: 8 Data size: 32 Basic stats: COMPLETE Column stats: COMPLETE
                      Reduce Output Operator
                        key expressions: _col0 (type: int)
                        null sort order: z
                        sort order: +
                        Map-reduce partition columns: _col0 (type: int)
                        Statistics: Num rows: 8 Data size: 32 Basic stats: COMPLETE Column stats: COMPLETE
            Execution mode: vectorized, llap
            LLAP IO: all inputs
        Reducer 2 
            Execution mode: vectorized, llap
            Reduce Operator Tree:
              Group By Operator
                keys: KEY._col0 (type: int)
                mode: mergepartial
                outputColumnNames: year
                Statistics: Num rows: 2 Data size: 8 Basic stats: COMPLETE Column stats: COMPLETE
                File Output Operator
                  compressed: false
                  Statistics: Num rows: 2 Data size: 8 Basic stats: COMPLETE Column stats: COMPLETE
                  table:
                      input format: org.apache.hadoop.mapred.SequenceFileInputFormat
                      output format: org.apache.hadoop.hive.ql.io.HiveSequenceFileOutputFormat
                      serde: org.apache.hadoop.hive.serde2.lazy.LazySimpleSerDe

  Stage: Stage-0
    Fetch Operator
      limit: -1
      Processor Tree:
        ListSink

PREHOOK: query: explain select state,locid from loc_orc_n1 group by state,locid
PREHOOK: type: QUERY
PREHOOK: Input: default@loc_orc_n1
#### A masked pattern was here ####
POSTHOOK: query: explain select state,locid from loc_orc_n1 group by state,locid
POSTHOOK: type: QUERY
POSTHOOK: Input: default@loc_orc_n1
#### A masked pattern was here ####
STAGE DEPENDENCIES:
  Stage-1 is a root stage
  Stage-0 depends on stages: Stage-1

STAGE PLANS:
  Stage: Stage-1
    Tez
#### A masked pattern was here ####
      Edges:
        Reducer 2 <- Map 1 (SIMPLE_EDGE)
#### A masked pattern was here ####
      Vertices:
        Map 1 
            Map Operator Tree:
                TableScan
                  alias: loc_orc_n1
                  Statistics: Num rows: 8 Data size: 720 Basic stats: COMPLETE Column stats: COMPLETE
                  Select Operator
                    expressions: state (type: string), locid (type: int)
                    outputColumnNames: state, locid
                    Statistics: Num rows: 8 Data size: 720 Basic stats: COMPLETE Column stats: COMPLETE
                    Group By Operator
                      keys: state (type: string), locid (type: int)
                      minReductionHashAggr: 0.4
                      mode: hash
                      outputColumnNames: _col0, _col1
                      Statistics: Num rows: 8 Data size: 720 Basic stats: COMPLETE Column stats: COMPLETE
                      Reduce Output Operator
                        key expressions: _col0 (type: string), _col1 (type: int)
                        null sort order: zz
                        sort order: ++
                        Map-reduce partition columns: _col0 (type: string), _col1 (type: int)
                        Statistics: Num rows: 8 Data size: 720 Basic stats: COMPLETE Column stats: COMPLETE
            Execution mode: vectorized, llap
            LLAP IO: all inputs
        Reducer 2 
            Execution mode: vectorized, llap
            Reduce Operator Tree:
              Group By Operator
                keys: KEY._col0 (type: string), KEY._col1 (type: int)
                mode: mergepartial
                outputColumnNames: state, locid
                Statistics: Num rows: 8 Data size: 720 Basic stats: COMPLETE Column stats: COMPLETE
                File Output Operator
                  compressed: false
                  Statistics: Num rows: 8 Data size: 720 Basic stats: COMPLETE Column stats: COMPLETE
                  table:
                      input format: org.apache.hadoop.mapred.SequenceFileInputFormat
                      output format: org.apache.hadoop.hive.ql.io.HiveSequenceFileOutputFormat
                      serde: org.apache.hadoop.hive.serde2.lazy.LazySimpleSerDe

  Stage: Stage-0
    Fetch Operator
      limit: -1
      Processor Tree:
        ListSink

PREHOOK: query: explain select state,locid from loc_orc_n1 group by state,locid with cube
PREHOOK: type: QUERY
PREHOOK: Input: default@loc_orc_n1
#### A masked pattern was here ####
POSTHOOK: query: explain select state,locid from loc_orc_n1 group by state,locid with cube
POSTHOOK: type: QUERY
POSTHOOK: Input: default@loc_orc_n1
#### A masked pattern was here ####
STAGE DEPENDENCIES:
  Stage-1 is a root stage
  Stage-0 depends on stages: Stage-1

STAGE PLANS:
  Stage: Stage-1
    Tez
#### A masked pattern was here ####
      Edges:
        Reducer 2 <- Map 1 (SIMPLE_EDGE)
#### A masked pattern was here ####
      Vertices:
        Map 1 
            Map Operator Tree:
                TableScan
                  alias: loc_orc_n1
                  Statistics: Num rows: 8 Data size: 720 Basic stats: COMPLETE Column stats: COMPLETE
                  Select Operator
                    expressions: state (type: string), locid (type: int)
                    outputColumnNames: state, locid
                    Statistics: Num rows: 8 Data size: 720 Basic stats: COMPLETE Column stats: COMPLETE
                    Group By Operator
                      keys: state (type: string), locid (type: int), '0L' (type: string)
                      grouping sets: 0, 1, 2, 3
                      minReductionHashAggr: 0.4
                      mode: hash
                      outputColumnNames: _col0, _col1, _col2
                      Statistics: Num rows: 32 Data size: 5632 Basic stats: COMPLETE Column stats: COMPLETE
                      Reduce Output Operator
                        key expressions: _col0 (type: string), _col1 (type: int), _col2 (type: string)
                        null sort order: zzz
                        sort order: +++
                        Map-reduce partition columns: _col0 (type: string), _col1 (type: int)
                        Statistics: Num rows: 32 Data size: 5632 Basic stats: COMPLETE Column stats: COMPLETE
            Execution mode: vectorized, llap
            LLAP IO: all inputs
        Reducer 2 
            Execution mode: vectorized, llap
            Reduce Operator Tree:
              Group By Operator
                keys: KEY._col0 (type: string), KEY._col1 (type: int)
                mode: mergepartial
                outputColumnNames: state, locid
                Statistics: Num rows: 32 Data size: 2880 Basic stats: COMPLETE Column stats: COMPLETE
                File Output Operator
                  compressed: false
                  Statistics: Num rows: 32 Data size: 2880 Basic stats: COMPLETE Column stats: COMPLETE
                  table:
                      input format: org.apache.hadoop.mapred.SequenceFileInputFormat
                      output format: org.apache.hadoop.hive.ql.io.HiveSequenceFileOutputFormat
                      serde: org.apache.hadoop.hive.serde2.lazy.LazySimpleSerDe

  Stage: Stage-0
    Fetch Operator
      limit: -1
      Processor Tree:
        ListSink

PREHOOK: query: explain select state,locid from loc_orc_n1 group by state,locid with rollup
PREHOOK: type: QUERY
PREHOOK: Input: default@loc_orc_n1
#### A masked pattern was here ####
POSTHOOK: query: explain select state,locid from loc_orc_n1 group by state,locid with rollup
POSTHOOK: type: QUERY
POSTHOOK: Input: default@loc_orc_n1
#### A masked pattern was here ####
STAGE DEPENDENCIES:
  Stage-1 is a root stage
  Stage-0 depends on stages: Stage-1

STAGE PLANS:
  Stage: Stage-1
    Tez
#### A masked pattern was here ####
      Edges:
        Reducer 2 <- Map 1 (SIMPLE_EDGE)
#### A masked pattern was here ####
      Vertices:
        Map 1 
            Map Operator Tree:
                TableScan
                  alias: loc_orc_n1
                  Statistics: Num rows: 8 Data size: 720 Basic stats: COMPLETE Column stats: COMPLETE
                  Select Operator
                    expressions: state (type: string), locid (type: int)
                    outputColumnNames: state, locid
                    Statistics: Num rows: 8 Data size: 720 Basic stats: COMPLETE Column stats: COMPLETE
                    Group By Operator
                      keys: state (type: string), locid (type: int), '0L' (type: string)
                      grouping sets: 0, 1, 3
                      minReductionHashAggr: 0.4
                      mode: hash
                      outputColumnNames: _col0, _col1, _col2
                      Statistics: Num rows: 24 Data size: 4224 Basic stats: COMPLETE Column stats: COMPLETE
                      Reduce Output Operator
                        key expressions: _col0 (type: string), _col1 (type: int), _col2 (type: string)
                        null sort order: zzz
                        sort order: +++
                        Map-reduce partition columns: _col0 (type: string), _col1 (type: int)
                        Statistics: Num rows: 24 Data size: 4224 Basic stats: COMPLETE Column stats: COMPLETE
            Execution mode: vectorized, llap
            LLAP IO: all inputs
        Reducer 2 
            Execution mode: vectorized, llap
            Reduce Operator Tree:
              Group By Operator
                keys: KEY._col0 (type: string), KEY._col1 (type: int)
                mode: mergepartial
                outputColumnNames: state, locid
                Statistics: Num rows: 24 Data size: 2160 Basic stats: COMPLETE Column stats: COMPLETE
                File Output Operator
                  compressed: false
                  Statistics: Num rows: 24 Data size: 2160 Basic stats: COMPLETE Column stats: COMPLETE
                  table:
                      input format: org.apache.hadoop.mapred.SequenceFileInputFormat
                      output format: org.apache.hadoop.hive.ql.io.HiveSequenceFileOutputFormat
                      serde: org.apache.hadoop.hive.serde2.lazy.LazySimpleSerDe

  Stage: Stage-0
    Fetch Operator
      limit: -1
      Processor Tree:
        ListSink

PREHOOK: query: explain select state,locid from loc_orc_n1 group by rollup (state,locid)
PREHOOK: type: QUERY
PREHOOK: Input: default@loc_orc_n1
#### A masked pattern was here ####
POSTHOOK: query: explain select state,locid from loc_orc_n1 group by rollup (state,locid)
POSTHOOK: type: QUERY
POSTHOOK: Input: default@loc_orc_n1
#### A masked pattern was here ####
STAGE DEPENDENCIES:
  Stage-1 is a root stage
  Stage-0 depends on stages: Stage-1

STAGE PLANS:
  Stage: Stage-1
    Tez
#### A masked pattern was here ####
      Edges:
        Reducer 2 <- Map 1 (SIMPLE_EDGE)
#### A masked pattern was here ####
      Vertices:
        Map 1 
            Map Operator Tree:
                TableScan
                  alias: loc_orc_n1
                  Statistics: Num rows: 8 Data size: 720 Basic stats: COMPLETE Column stats: COMPLETE
                  Select Operator
                    expressions: state (type: string), locid (type: int)
                    outputColumnNames: state, locid
                    Statistics: Num rows: 8 Data size: 720 Basic stats: COMPLETE Column stats: COMPLETE
                    Group By Operator
                      keys: state (type: string), locid (type: int), '0L' (type: string)
                      grouping sets: 0, 1, 3
                      minReductionHashAggr: 0.4
                      mode: hash
                      outputColumnNames: _col0, _col1, _col2
                      Statistics: Num rows: 24 Data size: 4224 Basic stats: COMPLETE Column stats: COMPLETE
                      Reduce Output Operator
                        key expressions: _col0 (type: string), _col1 (type: int), _col2 (type: string)
                        null sort order: zzz
                        sort order: +++
                        Map-reduce partition columns: _col0 (type: string), _col1 (type: int)
                        Statistics: Num rows: 24 Data size: 4224 Basic stats: COMPLETE Column stats: COMPLETE
            Execution mode: vectorized, llap
            LLAP IO: all inputs
        Reducer 2 
            Execution mode: vectorized, llap
            Reduce Operator Tree:
              Group By Operator
                keys: KEY._col0 (type: string), KEY._col1 (type: int)
                mode: mergepartial
                outputColumnNames: state, locid
                Statistics: Num rows: 24 Data size: 2160 Basic stats: COMPLETE Column stats: COMPLETE
                File Output Operator
                  compressed: false
                  Statistics: Num rows: 24 Data size: 2160 Basic stats: COMPLETE Column stats: COMPLETE
                  table:
                      input format: org.apache.hadoop.mapred.SequenceFileInputFormat
                      output format: org.apache.hadoop.hive.ql.io.HiveSequenceFileOutputFormat
                      serde: org.apache.hadoop.hive.serde2.lazy.LazySimpleSerDe

  Stage: Stage-0
    Fetch Operator
      limit: -1
      Processor Tree:
        ListSink

PREHOOK: query: explain select state,locid from loc_orc_n1 group by state,locid grouping sets((state))
PREHOOK: type: QUERY
PREHOOK: Input: default@loc_orc_n1
#### A masked pattern was here ####
POSTHOOK: query: explain select state,locid from loc_orc_n1 group by state,locid grouping sets((state))
POSTHOOK: type: QUERY
POSTHOOK: Input: default@loc_orc_n1
#### A masked pattern was here ####
STAGE DEPENDENCIES:
  Stage-1 is a root stage
  Stage-0 depends on stages: Stage-1

STAGE PLANS:
  Stage: Stage-1
    Tez
#### A masked pattern was here ####
      Edges:
        Reducer 2 <- Map 1 (SIMPLE_EDGE)
#### A masked pattern was here ####
      Vertices:
        Map 1 
            Map Operator Tree:
                TableScan
                  alias: loc_orc_n1
                  Statistics: Num rows: 8 Data size: 720 Basic stats: COMPLETE Column stats: COMPLETE
                  Select Operator
                    expressions: state (type: string), locid (type: int)
                    outputColumnNames: state, locid
                    Statistics: Num rows: 8 Data size: 720 Basic stats: COMPLETE Column stats: COMPLETE
                    Group By Operator
                      keys: state (type: string), locid (type: int), '0L' (type: string)
                      grouping sets: 1
                      minReductionHashAggr: 0.4
                      mode: hash
                      outputColumnNames: _col0, _col1, _col2
                      Statistics: Num rows: 8 Data size: 1408 Basic stats: COMPLETE Column stats: COMPLETE
                      Reduce Output Operator
                        key expressions: _col0 (type: string), _col1 (type: int), _col2 (type: string)
                        null sort order: zzz
                        sort order: +++
                        Map-reduce partition columns: _col0 (type: string), _col1 (type: int)
                        Statistics: Num rows: 8 Data size: 1408 Basic stats: COMPLETE Column stats: COMPLETE
            Execution mode: vectorized, llap
            LLAP IO: all inputs
        Reducer 2 
            Execution mode: vectorized, llap
            Reduce Operator Tree:
              Group By Operator
                keys: KEY._col0 (type: string), KEY._col1 (type: int)
                mode: mergepartial
                outputColumnNames: state, locid
                Statistics: Num rows: 8 Data size: 720 Basic stats: COMPLETE Column stats: COMPLETE
                File Output Operator
                  compressed: false
                  Statistics: Num rows: 8 Data size: 720 Basic stats: COMPLETE Column stats: COMPLETE
                  table:
                      input format: org.apache.hadoop.mapred.SequenceFileInputFormat
                      output format: org.apache.hadoop.hive.ql.io.HiveSequenceFileOutputFormat
                      serde: org.apache.hadoop.hive.serde2.lazy.LazySimpleSerDe

  Stage: Stage-0
    Fetch Operator
      limit: -1
      Processor Tree:
        ListSink

PREHOOK: query: explain select state,locid from loc_orc_n1 group by state,locid grouping sets((state),(locid))
PREHOOK: type: QUERY
PREHOOK: Input: default@loc_orc_n1
#### A masked pattern was here ####
POSTHOOK: query: explain select state,locid from loc_orc_n1 group by state,locid grouping sets((state),(locid))
POSTHOOK: type: QUERY
POSTHOOK: Input: default@loc_orc_n1
#### A masked pattern was here ####
STAGE DEPENDENCIES:
  Stage-1 is a root stage
  Stage-0 depends on stages: Stage-1

STAGE PLANS:
  Stage: Stage-1
    Tez
#### A masked pattern was here ####
      Edges:
        Reducer 2 <- Map 1 (SIMPLE_EDGE)
#### A masked pattern was here ####
      Vertices:
        Map 1 
            Map Operator Tree:
                TableScan
                  alias: loc_orc_n1
                  Statistics: Num rows: 8 Data size: 720 Basic stats: COMPLETE Column stats: COMPLETE
                  Select Operator
                    expressions: state (type: string), locid (type: int)
                    outputColumnNames: state, locid
                    Statistics: Num rows: 8 Data size: 720 Basic stats: COMPLETE Column stats: COMPLETE
                    Group By Operator
                      keys: state (type: string), locid (type: int), '0L' (type: string)
                      grouping sets: 1, 2
                      minReductionHashAggr: 0.4
                      mode: hash
                      outputColumnNames: _col0, _col1, _col2
                      Statistics: Num rows: 16 Data size: 2816 Basic stats: COMPLETE Column stats: COMPLETE
                      Reduce Output Operator
                        key expressions: _col0 (type: string), _col1 (type: int), _col2 (type: string)
                        null sort order: zzz
                        sort order: +++
                        Map-reduce partition columns: _col0 (type: string), _col1 (type: int)
                        Statistics: Num rows: 16 Data size: 2816 Basic stats: COMPLETE Column stats: COMPLETE
            Execution mode: vectorized, llap
            LLAP IO: all inputs
        Reducer 2 
            Execution mode: vectorized, llap
            Reduce Operator Tree:
              Group By Operator
                keys: KEY._col0 (type: string), KEY._col1 (type: int)
                mode: mergepartial
                outputColumnNames: state, locid
                Statistics: Num rows: 16 Data size: 1440 Basic stats: COMPLETE Column stats: COMPLETE
                File Output Operator
                  compressed: false
                  Statistics: Num rows: 16 Data size: 1440 Basic stats: COMPLETE Column stats: COMPLETE
                  table:
                      input format: org.apache.hadoop.mapred.SequenceFileInputFormat
                      output format: org.apache.hadoop.hive.ql.io.HiveSequenceFileOutputFormat
                      serde: org.apache.hadoop.hive.serde2.lazy.LazySimpleSerDe

  Stage: Stage-0
    Fetch Operator
      limit: -1
      Processor Tree:
        ListSink

PREHOOK: query: explain select state,locid from loc_orc_n1 group by state,locid grouping sets((state),(locid),())
PREHOOK: type: QUERY
PREHOOK: Input: default@loc_orc_n1
#### A masked pattern was here ####
POSTHOOK: query: explain select state,locid from loc_orc_n1 group by state,locid grouping sets((state),(locid),())
POSTHOOK: type: QUERY
POSTHOOK: Input: default@loc_orc_n1
#### A masked pattern was here ####
STAGE DEPENDENCIES:
  Stage-1 is a root stage
  Stage-0 depends on stages: Stage-1

STAGE PLANS:
  Stage: Stage-1
    Tez
#### A masked pattern was here ####
      Edges:
        Reducer 2 <- Map 1 (SIMPLE_EDGE)
#### A masked pattern was here ####
      Vertices:
        Map 1 
            Map Operator Tree:
                TableScan
                  alias: loc_orc_n1
                  Statistics: Num rows: 8 Data size: 720 Basic stats: COMPLETE Column stats: COMPLETE
                  Select Operator
                    expressions: state (type: string), locid (type: int)
                    outputColumnNames: state, locid
                    Statistics: Num rows: 8 Data size: 720 Basic stats: COMPLETE Column stats: COMPLETE
                    Group By Operator
                      keys: state (type: string), locid (type: int), '0L' (type: string)
                      grouping sets: 0, 1, 2
                      minReductionHashAggr: 0.4
                      mode: hash
                      outputColumnNames: _col0, _col1, _col2
                      Statistics: Num rows: 24 Data size: 4224 Basic stats: COMPLETE Column stats: COMPLETE
                      Reduce Output Operator
                        key expressions: _col0 (type: string), _col1 (type: int), _col2 (type: string)
                        null sort order: zzz
                        sort order: +++
                        Map-reduce partition columns: _col0 (type: string), _col1 (type: int)
                        Statistics: Num rows: 24 Data size: 4224 Basic stats: COMPLETE Column stats: COMPLETE
            Execution mode: vectorized, llap
            LLAP IO: all inputs
        Reducer 2 
            Execution mode: vectorized, llap
            Reduce Operator Tree:
              Group By Operator
                keys: KEY._col0 (type: string), KEY._col1 (type: int)
                mode: mergepartial
                outputColumnNames: state, locid
                Statistics: Num rows: 24 Data size: 2160 Basic stats: COMPLETE Column stats: COMPLETE
                File Output Operator
                  compressed: false
                  Statistics: Num rows: 24 Data size: 2160 Basic stats: COMPLETE Column stats: COMPLETE
                  table:
                      input format: org.apache.hadoop.mapred.SequenceFileInputFormat
                      output format: org.apache.hadoop.hive.ql.io.HiveSequenceFileOutputFormat
                      serde: org.apache.hadoop.hive.serde2.lazy.LazySimpleSerDe

  Stage: Stage-0
    Fetch Operator
      limit: -1
      Processor Tree:
        ListSink

PREHOOK: query: explain select state,locid from loc_orc_n1 group by state,locid grouping sets((state,locid),(state),(locid),())
PREHOOK: type: QUERY
PREHOOK: Input: default@loc_orc_n1
#### A masked pattern was here ####
POSTHOOK: query: explain select state,locid from loc_orc_n1 group by state,locid grouping sets((state,locid),(state),(locid),())
POSTHOOK: type: QUERY
POSTHOOK: Input: default@loc_orc_n1
#### A masked pattern was here ####
STAGE DEPENDENCIES:
  Stage-1 is a root stage
  Stage-0 depends on stages: Stage-1

STAGE PLANS:
  Stage: Stage-1
    Tez
#### A masked pattern was here ####
      Edges:
        Reducer 2 <- Map 1 (SIMPLE_EDGE)
#### A masked pattern was here ####
      Vertices:
        Map 1 
            Map Operator Tree:
                TableScan
                  alias: loc_orc_n1
                  Statistics: Num rows: 8 Data size: 720 Basic stats: COMPLETE Column stats: COMPLETE
                  Select Operator
                    expressions: state (type: string), locid (type: int)
                    outputColumnNames: state, locid
                    Statistics: Num rows: 8 Data size: 720 Basic stats: COMPLETE Column stats: COMPLETE
                    Group By Operator
                      keys: state (type: string), locid (type: int), '0L' (type: string)
                      grouping sets: 0, 1, 2, 3
                      minReductionHashAggr: 0.4
                      mode: hash
                      outputColumnNames: _col0, _col1, _col2
                      Statistics: Num rows: 32 Data size: 5632 Basic stats: COMPLETE Column stats: COMPLETE
                      Reduce Output Operator
                        key expressions: _col0 (type: string), _col1 (type: int), _col2 (type: string)
                        null sort order: zzz
                        sort order: +++
                        Map-reduce partition columns: _col0 (type: string), _col1 (type: int)
                        Statistics: Num rows: 32 Data size: 5632 Basic stats: COMPLETE Column stats: COMPLETE
            Execution mode: vectorized, llap
            LLAP IO: all inputs
        Reducer 2 
            Execution mode: vectorized, llap
            Reduce Operator Tree:
              Group By Operator
                keys: KEY._col0 (type: string), KEY._col1 (type: int)
                mode: mergepartial
                outputColumnNames: state, locid
                Statistics: Num rows: 32 Data size: 2880 Basic stats: COMPLETE Column stats: COMPLETE
                File Output Operator
                  compressed: false
                  Statistics: Num rows: 32 Data size: 2880 Basic stats: COMPLETE Column stats: COMPLETE
                  table:
                      input format: org.apache.hadoop.mapred.SequenceFileInputFormat
                      output format: org.apache.hadoop.hive.ql.io.HiveSequenceFileOutputFormat
                      serde: org.apache.hadoop.hive.serde2.lazy.LazySimpleSerDe

  Stage: Stage-0
    Fetch Operator
      limit: -1
      Processor Tree:
        ListSink

PREHOOK: query: explain select year from loc_orc_n1 group by year
PREHOOK: type: QUERY
PREHOOK: Input: default@loc_orc_n1
#### A masked pattern was here ####
POSTHOOK: query: explain select year from loc_orc_n1 group by year
POSTHOOK: type: QUERY
POSTHOOK: Input: default@loc_orc_n1
#### A masked pattern was here ####
STAGE DEPENDENCIES:
  Stage-1 is a root stage
  Stage-0 depends on stages: Stage-1

STAGE PLANS:
  Stage: Stage-1
    Tez
#### A masked pattern was here ####
      Edges:
        Reducer 2 <- Map 1 (SIMPLE_EDGE)
#### A masked pattern was here ####
      Vertices:
        Map 1 
            Map Operator Tree:
                TableScan
                  alias: loc_orc_n1
                  Statistics: Num rows: 8 Data size: 32 Basic stats: COMPLETE Column stats: COMPLETE
                  Select Operator
                    expressions: year (type: int)
                    outputColumnNames: year
                    Statistics: Num rows: 8 Data size: 32 Basic stats: COMPLETE Column stats: COMPLETE
                    Group By Operator
                      keys: year (type: int)
                      minReductionHashAggr: 0.875
                      mode: hash
                      outputColumnNames: _col0
                      Statistics: Num rows: 2 Data size: 8 Basic stats: COMPLETE Column stats: COMPLETE
                      Reduce Output Operator
                        key expressions: _col0 (type: int)
                        null sort order: z
                        sort order: +
                        Map-reduce partition columns: _col0 (type: int)
                        Statistics: Num rows: 2 Data size: 8 Basic stats: COMPLETE Column stats: COMPLETE
            Execution mode: vectorized, llap
            LLAP IO: all inputs
        Reducer 2 
            Execution mode: vectorized, llap
            Reduce Operator Tree:
              Group By Operator
                keys: KEY._col0 (type: int)
                mode: mergepartial
                outputColumnNames: year
                Statistics: Num rows: 1 Data size: 4 Basic stats: COMPLETE Column stats: COMPLETE
                File Output Operator
                  compressed: false
                  Statistics: Num rows: 1 Data size: 4 Basic stats: COMPLETE Column stats: COMPLETE
                  table:
                      input format: org.apache.hadoop.mapred.SequenceFileInputFormat
                      output format: org.apache.hadoop.hive.ql.io.HiveSequenceFileOutputFormat
                      serde: org.apache.hadoop.hive.serde2.lazy.LazySimpleSerDe

  Stage: Stage-0
    Fetch Operator
      limit: -1
      Processor Tree:
        ListSink

PREHOOK: query: explain select state,locid from loc_orc_n1 group by state,locid with cube
PREHOOK: type: QUERY
PREHOOK: Input: default@loc_orc_n1
#### A masked pattern was here ####
POSTHOOK: query: explain select state,locid from loc_orc_n1 group by state,locid with cube
POSTHOOK: type: QUERY
POSTHOOK: Input: default@loc_orc_n1
#### A masked pattern was here ####
STAGE DEPENDENCIES:
  Stage-1 is a root stage
  Stage-0 depends on stages: Stage-1

STAGE PLANS:
  Stage: Stage-1
    Tez
#### A masked pattern was here ####
      Edges:
        Reducer 2 <- Map 1 (SIMPLE_EDGE)
#### A masked pattern was here ####
      Vertices:
        Map 1 
            Map Operator Tree:
                TableScan
                  alias: loc_orc_n1
                  Statistics: Num rows: 8 Data size: 720 Basic stats: COMPLETE Column stats: COMPLETE
                  Select Operator
                    expressions: state (type: string), locid (type: int)
                    outputColumnNames: state, locid
                    Statistics: Num rows: 8 Data size: 720 Basic stats: COMPLETE Column stats: COMPLETE
                    Group By Operator
                      keys: state (type: string), locid (type: int), '0L' (type: string)
                      grouping sets: 0, 1, 2, 3
                      minReductionHashAggr: 0.4
                      mode: hash
                      outputColumnNames: _col0, _col1, _col2
                      Statistics: Num rows: 16 Data size: 2816 Basic stats: COMPLETE Column stats: COMPLETE
                      Reduce Output Operator
                        key expressions: _col0 (type: string), _col1 (type: int), _col2 (type: string)
                        null sort order: zzz
                        sort order: +++
                        Map-reduce partition columns: _col0 (type: string), _col1 (type: int)
                        Statistics: Num rows: 16 Data size: 2816 Basic stats: COMPLETE Column stats: COMPLETE
            Execution mode: vectorized, llap
            LLAP IO: all inputs
        Reducer 2 
            Execution mode: vectorized, llap
            Reduce Operator Tree:
              Group By Operator
                keys: KEY._col0 (type: string), KEY._col1 (type: int)
                mode: mergepartial
                outputColumnNames: state, locid
                Statistics: Num rows: 16 Data size: 1440 Basic stats: COMPLETE Column stats: COMPLETE
                File Output Operator
                  compressed: false
                  Statistics: Num rows: 16 Data size: 1440 Basic stats: COMPLETE Column stats: COMPLETE
                  table:
                      input format: org.apache.hadoop.mapred.SequenceFileInputFormat
                      output format: org.apache.hadoop.hive.ql.io.HiveSequenceFileOutputFormat
                      serde: org.apache.hadoop.hive.serde2.lazy.LazySimpleSerDe

  Stage: Stage-0
    Fetch Operator
      limit: -1
      Processor Tree:
        ListSink

PREHOOK: query: explain select state,zip from loc_orc_n1 group by state,zip
PREHOOK: type: QUERY
PREHOOK: Input: default@loc_orc_n1
#### A masked pattern was here ####
POSTHOOK: query: explain select state,zip from loc_orc_n1 group by state,zip
POSTHOOK: type: QUERY
POSTHOOK: Input: default@loc_orc_n1
#### A masked pattern was here ####
STAGE DEPENDENCIES:
  Stage-1 is a root stage
  Stage-0 depends on stages: Stage-1

STAGE PLANS:
  Stage: Stage-1
    Tez
#### A masked pattern was here ####
      Edges:
        Reducer 2 <- Map 1 (SIMPLE_EDGE)
#### A masked pattern was here ####
      Vertices:
        Map 1 
            Map Operator Tree:
                TableScan
                  alias: loc_orc_n1
                  Statistics: Num rows: 8 Data size: 752 Basic stats: COMPLETE Column stats: COMPLETE
                  Select Operator
                    expressions: state (type: string), zip (type: bigint)
                    outputColumnNames: state, zip
                    Statistics: Num rows: 8 Data size: 752 Basic stats: COMPLETE Column stats: COMPLETE
                    Group By Operator
                      keys: state (type: string), zip (type: bigint)
                      minReductionHashAggr: 0.4
                      mode: hash
                      outputColumnNames: _col0, _col1
                      Statistics: Num rows: 6 Data size: 564 Basic stats: COMPLETE Column stats: COMPLETE
                      Reduce Output Operator
                        key expressions: _col0 (type: string), _col1 (type: bigint)
                        null sort order: zz
                        sort order: ++
                        Map-reduce partition columns: _col0 (type: string), _col1 (type: bigint)
                        Statistics: Num rows: 6 Data size: 564 Basic stats: COMPLETE Column stats: COMPLETE
            Execution mode: vectorized, llap
            LLAP IO: all inputs
        Reducer 2 
            Execution mode: vectorized, llap
            Reduce Operator Tree:
              Group By Operator
                keys: KEY._col0 (type: string), KEY._col1 (type: bigint)
                mode: mergepartial
                outputColumnNames: state, zip
                Statistics: Num rows: 6 Data size: 564 Basic stats: COMPLETE Column stats: COMPLETE
                File Output Operator
                  compressed: false
                  Statistics: Num rows: 6 Data size: 564 Basic stats: COMPLETE Column stats: COMPLETE
                  table:
                      input format: org.apache.hadoop.mapred.SequenceFileInputFormat
                      output format: org.apache.hadoop.hive.ql.io.HiveSequenceFileOutputFormat
                      serde: org.apache.hadoop.hive.serde2.lazy.LazySimpleSerDe

  Stage: Stage-0
    Fetch Operator
      limit: -1
      Processor Tree:
        ListSink

PREHOOK: query: explain select state,locid from loc_orc_n1 group by state,locid with cube
PREHOOK: type: QUERY
PREHOOK: Input: default@loc_orc_n1
#### A masked pattern was here ####
POSTHOOK: query: explain select state,locid from loc_orc_n1 group by state,locid with cube
POSTHOOK: type: QUERY
POSTHOOK: Input: default@loc_orc_n1
#### A masked pattern was here ####
STAGE DEPENDENCIES:
  Stage-1 is a root stage
  Stage-0 depends on stages: Stage-1

STAGE PLANS:
  Stage: Stage-1
    Tez
#### A masked pattern was here ####
      Edges:
        Reducer 2 <- Map 1 (SIMPLE_EDGE)
#### A masked pattern was here ####
      Vertices:
        Map 1 
            Map Operator Tree:
                TableScan
                  alias: loc_orc_n1
                  Statistics: Num rows: 8 Data size: 828 Basic stats: COMPLETE Column stats: NONE
                  Select Operator
                    expressions: state (type: string), locid (type: int)
                    outputColumnNames: state, locid
                    Statistics: Num rows: 8 Data size: 828 Basic stats: COMPLETE Column stats: NONE
                    Group By Operator
                      keys: state (type: string), locid (type: int), '0L' (type: string)
                      grouping sets: 0, 1, 2, 3
                      minReductionHashAggr: 0.99
                      mode: hash
                      outputColumnNames: _col0, _col1, _col2
                      Statistics: Num rows: 32 Data size: 3312 Basic stats: COMPLETE Column stats: NONE
                      Reduce Output Operator
                        key expressions: _col0 (type: string), _col1 (type: int), _col2 (type: string)
                        null sort order: zzz
                        sort order: +++
                        Map-reduce partition columns: _col0 (type: string), _col1 (type: int)
                        Statistics: Num rows: 32 Data size: 3312 Basic stats: COMPLETE Column stats: NONE
            Execution mode: vectorized, llap
            LLAP IO: all inputs
        Reducer 2 
            Execution mode: vectorized, llap
            Reduce Operator Tree:
              Group By Operator
                keys: KEY._col0 (type: string), KEY._col1 (type: int)
                mode: mergepartial
                outputColumnNames: state, locid
                Statistics: Num rows: 16 Data size: 1656 Basic stats: COMPLETE Column stats: NONE
                File Output Operator
                  compressed: false
                  Statistics: Num rows: 16 Data size: 1656 Basic stats: COMPLETE Column stats: NONE
                  table:
                      input format: org.apache.hadoop.mapred.SequenceFileInputFormat
                      output format: org.apache.hadoop.hive.ql.io.HiveSequenceFileOutputFormat
                      serde: org.apache.hadoop.hive.serde2.lazy.LazySimpleSerDe

  Stage: Stage-0
    Fetch Operator
      limit: -1
      Processor Tree:
        ListSink

PREHOOK: query: explain select state,locid from loc_orc_n1 group by state,locid with rollup
PREHOOK: type: QUERY
PREHOOK: Input: default@loc_orc_n1
#### A masked pattern was here ####
POSTHOOK: query: explain select state,locid from loc_orc_n1 group by state,locid with rollup
POSTHOOK: type: QUERY
POSTHOOK: Input: default@loc_orc_n1
#### A masked pattern was here ####
STAGE DEPENDENCIES:
  Stage-1 is a root stage
  Stage-0 depends on stages: Stage-1

STAGE PLANS:
  Stage: Stage-1
    Tez
#### A masked pattern was here ####
      Edges:
        Reducer 2 <- Map 1 (SIMPLE_EDGE)
#### A masked pattern was here ####
      Vertices:
        Map 1 
            Map Operator Tree:
                TableScan
                  alias: loc_orc_n1
                  Statistics: Num rows: 8 Data size: 828 Basic stats: COMPLETE Column stats: NONE
                  Select Operator
                    expressions: state (type: string), locid (type: int)
                    outputColumnNames: state, locid
                    Statistics: Num rows: 8 Data size: 828 Basic stats: COMPLETE Column stats: NONE
                    Group By Operator
                      keys: state (type: string), locid (type: int), '0L' (type: string)
                      grouping sets: 0, 1, 3
                      minReductionHashAggr: 0.99
                      mode: hash
                      outputColumnNames: _col0, _col1, _col2
                      Statistics: Num rows: 24 Data size: 2484 Basic stats: COMPLETE Column stats: NONE
                      Reduce Output Operator
                        key expressions: _col0 (type: string), _col1 (type: int), _col2 (type: string)
                        null sort order: zzz
                        sort order: +++
                        Map-reduce partition columns: _col0 (type: string), _col1 (type: int)
                        Statistics: Num rows: 24 Data size: 2484 Basic stats: COMPLETE Column stats: NONE
            Execution mode: vectorized, llap
            LLAP IO: all inputs
        Reducer 2 
            Execution mode: vectorized, llap
            Reduce Operator Tree:
              Group By Operator
                keys: KEY._col0 (type: string), KEY._col1 (type: int)
                mode: mergepartial
                outputColumnNames: state, locid
                Statistics: Num rows: 12 Data size: 1242 Basic stats: COMPLETE Column stats: NONE
                File Output Operator
                  compressed: false
                  Statistics: Num rows: 12 Data size: 1242 Basic stats: COMPLETE Column stats: NONE
                  table:
                      input format: org.apache.hadoop.mapred.SequenceFileInputFormat
                      output format: org.apache.hadoop.hive.ql.io.HiveSequenceFileOutputFormat
                      serde: org.apache.hadoop.hive.serde2.lazy.LazySimpleSerDe

  Stage: Stage-0
    Fetch Operator
      limit: -1
      Processor Tree:
        ListSink

PREHOOK: query: explain select state,locid from loc_orc_n1 group by rollup (state,locid)
PREHOOK: type: QUERY
PREHOOK: Input: default@loc_orc_n1
#### A masked pattern was here ####
POSTHOOK: query: explain select state,locid from loc_orc_n1 group by rollup (state,locid)
POSTHOOK: type: QUERY
POSTHOOK: Input: default@loc_orc_n1
#### A masked pattern was here ####
STAGE DEPENDENCIES:
  Stage-1 is a root stage
  Stage-0 depends on stages: Stage-1

STAGE PLANS:
  Stage: Stage-1
    Tez
#### A masked pattern was here ####
      Edges:
        Reducer 2 <- Map 1 (SIMPLE_EDGE)
#### A masked pattern was here ####
      Vertices:
        Map 1 
            Map Operator Tree:
                TableScan
                  alias: loc_orc_n1
                  Statistics: Num rows: 8 Data size: 828 Basic stats: COMPLETE Column stats: NONE
                  Select Operator
                    expressions: state (type: string), locid (type: int)
                    outputColumnNames: state, locid
                    Statistics: Num rows: 8 Data size: 828 Basic stats: COMPLETE Column stats: NONE
                    Group By Operator
                      keys: state (type: string), locid (type: int), '0L' (type: string)
                      grouping sets: 0, 1, 3
                      minReductionHashAggr: 0.99
                      mode: hash
                      outputColumnNames: _col0, _col1, _col2
                      Statistics: Num rows: 24 Data size: 2484 Basic stats: COMPLETE Column stats: NONE
                      Reduce Output Operator
                        key expressions: _col0 (type: string), _col1 (type: int), _col2 (type: string)
                        null sort order: zzz
                        sort order: +++
                        Map-reduce partition columns: _col0 (type: string), _col1 (type: int)
                        Statistics: Num rows: 24 Data size: 2484 Basic stats: COMPLETE Column stats: NONE
            Execution mode: vectorized, llap
            LLAP IO: all inputs
        Reducer 2 
            Execution mode: vectorized, llap
            Reduce Operator Tree:
              Group By Operator
                keys: KEY._col0 (type: string), KEY._col1 (type: int)
                mode: mergepartial
                outputColumnNames: state, locid
                Statistics: Num rows: 12 Data size: 1242 Basic stats: COMPLETE Column stats: NONE
                File Output Operator
                  compressed: false
                  Statistics: Num rows: 12 Data size: 1242 Basic stats: COMPLETE Column stats: NONE
                  table:
                      input format: org.apache.hadoop.mapred.SequenceFileInputFormat
                      output format: org.apache.hadoop.hive.ql.io.HiveSequenceFileOutputFormat
                      serde: org.apache.hadoop.hive.serde2.lazy.LazySimpleSerDe

  Stage: Stage-0
    Fetch Operator
      limit: -1
      Processor Tree:
        ListSink

PREHOOK: query: explain select state,locid from loc_orc_n1 group by state,locid grouping sets((state))
PREHOOK: type: QUERY
PREHOOK: Input: default@loc_orc_n1
#### A masked pattern was here ####
POSTHOOK: query: explain select state,locid from loc_orc_n1 group by state,locid grouping sets((state))
POSTHOOK: type: QUERY
POSTHOOK: Input: default@loc_orc_n1
#### A masked pattern was here ####
STAGE DEPENDENCIES:
  Stage-1 is a root stage
  Stage-0 depends on stages: Stage-1

STAGE PLANS:
  Stage: Stage-1
    Tez
#### A masked pattern was here ####
      Edges:
        Reducer 2 <- Map 1 (SIMPLE_EDGE)
#### A masked pattern was here ####
      Vertices:
        Map 1 
            Map Operator Tree:
                TableScan
                  alias: loc_orc_n1
                  Statistics: Num rows: 8 Data size: 828 Basic stats: COMPLETE Column stats: NONE
                  Select Operator
                    expressions: state (type: string), locid (type: int)
                    outputColumnNames: state, locid
                    Statistics: Num rows: 8 Data size: 828 Basic stats: COMPLETE Column stats: NONE
                    Group By Operator
                      keys: state (type: string), locid (type: int), '0L' (type: string)
                      grouping sets: 1
                      minReductionHashAggr: 0.99
                      mode: hash
                      outputColumnNames: _col0, _col1, _col2
                      Statistics: Num rows: 8 Data size: 828 Basic stats: COMPLETE Column stats: NONE
                      Reduce Output Operator
                        key expressions: _col0 (type: string), _col1 (type: int), _col2 (type: string)
                        null sort order: zzz
                        sort order: +++
                        Map-reduce partition columns: _col0 (type: string), _col1 (type: int)
                        Statistics: Num rows: 8 Data size: 828 Basic stats: COMPLETE Column stats: NONE
            Execution mode: vectorized, llap
            LLAP IO: all inputs
        Reducer 2 
            Execution mode: vectorized, llap
            Reduce Operator Tree:
              Group By Operator
                keys: KEY._col0 (type: string), KEY._col1 (type: int)
                mode: mergepartial
                outputColumnNames: state, locid
                Statistics: Num rows: 4 Data size: 414 Basic stats: COMPLETE Column stats: NONE
                File Output Operator
                  compressed: false
                  Statistics: Num rows: 4 Data size: 414 Basic stats: COMPLETE Column stats: NONE
                  table:
                      input format: org.apache.hadoop.mapred.SequenceFileInputFormat
                      output format: org.apache.hadoop.hive.ql.io.HiveSequenceFileOutputFormat
                      serde: org.apache.hadoop.hive.serde2.lazy.LazySimpleSerDe

  Stage: Stage-0
    Fetch Operator
      limit: -1
      Processor Tree:
        ListSink

PREHOOK: query: explain select state,locid from loc_orc_n1 group by state,locid grouping sets((state),(locid))
PREHOOK: type: QUERY
PREHOOK: Input: default@loc_orc_n1
#### A masked pattern was here ####
POSTHOOK: query: explain select state,locid from loc_orc_n1 group by state,locid grouping sets((state),(locid))
POSTHOOK: type: QUERY
POSTHOOK: Input: default@loc_orc_n1
#### A masked pattern was here ####
STAGE DEPENDENCIES:
  Stage-1 is a root stage
  Stage-0 depends on stages: Stage-1

STAGE PLANS:
  Stage: Stage-1
    Tez
#### A masked pattern was here ####
      Edges:
        Reducer 2 <- Map 1 (SIMPLE_EDGE)
#### A masked pattern was here ####
      Vertices:
        Map 1 
            Map Operator Tree:
                TableScan
                  alias: loc_orc_n1
                  Statistics: Num rows: 8 Data size: 828 Basic stats: COMPLETE Column stats: NONE
                  Select Operator
                    expressions: state (type: string), locid (type: int)
                    outputColumnNames: state, locid
                    Statistics: Num rows: 8 Data size: 828 Basic stats: COMPLETE Column stats: NONE
                    Group By Operator
                      keys: state (type: string), locid (type: int), '0L' (type: string)
                      grouping sets: 1, 2
                      minReductionHashAggr: 0.99
                      mode: hash
                      outputColumnNames: _col0, _col1, _col2
                      Statistics: Num rows: 16 Data size: 1656 Basic stats: COMPLETE Column stats: NONE
                      Reduce Output Operator
                        key expressions: _col0 (type: string), _col1 (type: int), _col2 (type: string)
                        null sort order: zzz
                        sort order: +++
                        Map-reduce partition columns: _col0 (type: string), _col1 (type: int)
                        Statistics: Num rows: 16 Data size: 1656 Basic stats: COMPLETE Column stats: NONE
            Execution mode: vectorized, llap
            LLAP IO: all inputs
        Reducer 2 
            Execution mode: vectorized, llap
            Reduce Operator Tree:
              Group By Operator
                keys: KEY._col0 (type: string), KEY._col1 (type: int)
                mode: mergepartial
                outputColumnNames: state, locid
                Statistics: Num rows: 8 Data size: 828 Basic stats: COMPLETE Column stats: NONE
                File Output Operator
                  compressed: false
                  Statistics: Num rows: 8 Data size: 828 Basic stats: COMPLETE Column stats: NONE
                  table:
                      input format: org.apache.hadoop.mapred.SequenceFileInputFormat
                      output format: org.apache.hadoop.hive.ql.io.HiveSequenceFileOutputFormat
                      serde: org.apache.hadoop.hive.serde2.lazy.LazySimpleSerDe

  Stage: Stage-0
    Fetch Operator
      limit: -1
      Processor Tree:
        ListSink

PREHOOK: query: explain select state,locid from loc_orc_n1 group by state,locid grouping sets((state),(locid),())
PREHOOK: type: QUERY
PREHOOK: Input: default@loc_orc_n1
#### A masked pattern was here ####
POSTHOOK: query: explain select state,locid from loc_orc_n1 group by state,locid grouping sets((state),(locid),())
POSTHOOK: type: QUERY
POSTHOOK: Input: default@loc_orc_n1
#### A masked pattern was here ####
STAGE DEPENDENCIES:
  Stage-1 is a root stage
  Stage-0 depends on stages: Stage-1

STAGE PLANS:
  Stage: Stage-1
    Tez
#### A masked pattern was here ####
      Edges:
        Reducer 2 <- Map 1 (SIMPLE_EDGE)
#### A masked pattern was here ####
      Vertices:
        Map 1 
            Map Operator Tree:
                TableScan
                  alias: loc_orc_n1
                  Statistics: Num rows: 8 Data size: 828 Basic stats: COMPLETE Column stats: NONE
                  Select Operator
                    expressions: state (type: string), locid (type: int)
                    outputColumnNames: state, locid
                    Statistics: Num rows: 8 Data size: 828 Basic stats: COMPLETE Column stats: NONE
                    Group By Operator
                      keys: state (type: string), locid (type: int), '0L' (type: string)
                      grouping sets: 0, 1, 2
                      minReductionHashAggr: 0.99
                      mode: hash
                      outputColumnNames: _col0, _col1, _col2
                      Statistics: Num rows: 24 Data size: 2484 Basic stats: COMPLETE Column stats: NONE
                      Reduce Output Operator
                        key expressions: _col0 (type: string), _col1 (type: int), _col2 (type: string)
                        null sort order: zzz
                        sort order: +++
                        Map-reduce partition columns: _col0 (type: string), _col1 (type: int)
                        Statistics: Num rows: 24 Data size: 2484 Basic stats: COMPLETE Column stats: NONE
            Execution mode: vectorized, llap
            LLAP IO: all inputs
        Reducer 2 
            Execution mode: vectorized, llap
            Reduce Operator Tree:
              Group By Operator
                keys: KEY._col0 (type: string), KEY._col1 (type: int)
                mode: mergepartial
                outputColumnNames: state, locid
                Statistics: Num rows: 12 Data size: 1242 Basic stats: COMPLETE Column stats: NONE
                File Output Operator
                  compressed: false
                  Statistics: Num rows: 12 Data size: 1242 Basic stats: COMPLETE Column stats: NONE
                  table:
                      input format: org.apache.hadoop.mapred.SequenceFileInputFormat
                      output format: org.apache.hadoop.hive.ql.io.HiveSequenceFileOutputFormat
                      serde: org.apache.hadoop.hive.serde2.lazy.LazySimpleSerDe

  Stage: Stage-0
    Fetch Operator
      limit: -1
      Processor Tree:
        ListSink

PREHOOK: query: explain select state,locid from loc_orc_n1 group by state,locid grouping sets((state,locid),(state),(locid),())
PREHOOK: type: QUERY
PREHOOK: Input: default@loc_orc_n1
#### A masked pattern was here ####
POSTHOOK: query: explain select state,locid from loc_orc_n1 group by state,locid grouping sets((state,locid),(state),(locid),())
POSTHOOK: type: QUERY
POSTHOOK: Input: default@loc_orc_n1
#### A masked pattern was here ####
STAGE DEPENDENCIES:
  Stage-1 is a root stage
  Stage-0 depends on stages: Stage-1

STAGE PLANS:
  Stage: Stage-1
    Tez
#### A masked pattern was here ####
      Edges:
        Reducer 2 <- Map 1 (SIMPLE_EDGE)
#### A masked pattern was here ####
      Vertices:
        Map 1 
            Map Operator Tree:
                TableScan
                  alias: loc_orc_n1
                  Statistics: Num rows: 8 Data size: 828 Basic stats: COMPLETE Column stats: NONE
                  Select Operator
                    expressions: state (type: string), locid (type: int)
                    outputColumnNames: state, locid
                    Statistics: Num rows: 8 Data size: 828 Basic stats: COMPLETE Column stats: NONE
                    Group By Operator
                      keys: state (type: string), locid (type: int), '0L' (type: string)
                      grouping sets: 0, 1, 2, 3
                      minReductionHashAggr: 0.99
                      mode: hash
                      outputColumnNames: _col0, _col1, _col2
                      Statistics: Num rows: 32 Data size: 3312 Basic stats: COMPLETE Column stats: NONE
                      Reduce Output Operator
                        key expressions: _col0 (type: string), _col1 (type: int), _col2 (type: string)
                        null sort order: zzz
                        sort order: +++
                        Map-reduce partition columns: _col0 (type: string), _col1 (type: int)
                        Statistics: Num rows: 32 Data size: 3312 Basic stats: COMPLETE Column stats: NONE
            Execution mode: vectorized, llap
            LLAP IO: all inputs
        Reducer 2 
            Execution mode: vectorized, llap
            Reduce Operator Tree:
              Group By Operator
                keys: KEY._col0 (type: string), KEY._col1 (type: int)
                mode: mergepartial
                outputColumnNames: state, locid
                Statistics: Num rows: 16 Data size: 1656 Basic stats: COMPLETE Column stats: NONE
                File Output Operator
                  compressed: false
                  Statistics: Num rows: 16 Data size: 1656 Basic stats: COMPLETE Column stats: NONE
                  table:
                      input format: org.apache.hadoop.mapred.SequenceFileInputFormat
                      output format: org.apache.hadoop.hive.ql.io.HiveSequenceFileOutputFormat
                      serde: org.apache.hadoop.hive.serde2.lazy.LazySimpleSerDe

  Stage: Stage-0
    Fetch Operator
      limit: -1
      Processor Tree:
        ListSink

PREHOOK: query: explain select year from loc_orc_n1 group by year
PREHOOK: type: QUERY
PREHOOK: Input: default@loc_orc_n1
#### A masked pattern was here ####
POSTHOOK: query: explain select year from loc_orc_n1 group by year
POSTHOOK: type: QUERY
POSTHOOK: Input: default@loc_orc_n1
#### A masked pattern was here ####
STAGE DEPENDENCIES:
  Stage-1 is a root stage
  Stage-0 depends on stages: Stage-1

STAGE PLANS:
  Stage: Stage-1
    Tez
#### A masked pattern was here ####
      Edges:
        Reducer 2 <- Map 1 (SIMPLE_EDGE)
#### A masked pattern was here ####
      Vertices:
        Map 1 
            Map Operator Tree:
                TableScan
                  alias: loc_orc_n1
                  Statistics: Num rows: 8 Data size: 828 Basic stats: COMPLETE Column stats: NONE
                  Select Operator
                    expressions: year (type: int)
                    outputColumnNames: year
                    Statistics: Num rows: 8 Data size: 828 Basic stats: COMPLETE Column stats: NONE
                    Group By Operator
                      keys: year (type: int)
                      minReductionHashAggr: 0.99
                      mode: hash
                      outputColumnNames: _col0
                      Statistics: Num rows: 8 Data size: 828 Basic stats: COMPLETE Column stats: NONE
                      Reduce Output Operator
                        key expressions: _col0 (type: int)
                        null sort order: z
                        sort order: +
                        Map-reduce partition columns: _col0 (type: int)
                        Statistics: Num rows: 8 Data size: 828 Basic stats: COMPLETE Column stats: NONE
            Execution mode: vectorized, llap
            LLAP IO: all inputs
        Reducer 2 
            Execution mode: vectorized, llap
            Reduce Operator Tree:
              Group By Operator
                keys: KEY._col0 (type: int)
                mode: mergepartial
                outputColumnNames: year
                Statistics: Num rows: 4 Data size: 414 Basic stats: COMPLETE Column stats: NONE
                File Output Operator
                  compressed: false
                  Statistics: Num rows: 4 Data size: 414 Basic stats: COMPLETE Column stats: NONE
                  table:
                      input format: org.apache.hadoop.mapred.SequenceFileInputFormat
                      output format: org.apache.hadoop.hive.ql.io.HiveSequenceFileOutputFormat
                      serde: org.apache.hadoop.hive.serde2.lazy.LazySimpleSerDe

  Stage: Stage-0
    Fetch Operator
      limit: -1
      Processor Tree:
        ListSink

PREHOOK: query: explain select state,locid from loc_orc_n1 group by state,locid with cube
PREHOOK: type: QUERY
PREHOOK: Input: default@loc_orc_n1
#### A masked pattern was here ####
POSTHOOK: query: explain select state,locid from loc_orc_n1 group by state,locid with cube
POSTHOOK: type: QUERY
POSTHOOK: Input: default@loc_orc_n1
#### A masked pattern was here ####
STAGE DEPENDENCIES:
  Stage-1 is a root stage
  Stage-0 depends on stages: Stage-1

STAGE PLANS:
  Stage: Stage-1
    Tez
#### A masked pattern was here ####
      Edges:
        Reducer 2 <- Map 1 (SIMPLE_EDGE)
#### A masked pattern was here ####
      Vertices:
        Map 1 
            Map Operator Tree:
                TableScan
                  alias: loc_orc_n1
                  Statistics: Num rows: 8 Data size: 828 Basic stats: COMPLETE Column stats: NONE
                  Select Operator
                    expressions: state (type: string), locid (type: int)
                    outputColumnNames: state, locid
                    Statistics: Num rows: 8 Data size: 828 Basic stats: COMPLETE Column stats: NONE
                    Group By Operator
                      keys: state (type: string), locid (type: int), '0L' (type: string)
                      grouping sets: 0, 1, 2, 3
                      minReductionHashAggr: 0.99
                      mode: hash
                      outputColumnNames: _col0, _col1, _col2
                      Statistics: Num rows: 32 Data size: 3312 Basic stats: COMPLETE Column stats: NONE
                      Reduce Output Operator
                        key expressions: _col0 (type: string), _col1 (type: int), _col2 (type: string)
                        null sort order: zzz
                        sort order: +++
                        Map-reduce partition columns: _col0 (type: string), _col1 (type: int)
                        Statistics: Num rows: 32 Data size: 3312 Basic stats: COMPLETE Column stats: NONE
            Execution mode: vectorized, llap
            LLAP IO: all inputs
        Reducer 2 
            Execution mode: vectorized, llap
            Reduce Operator Tree:
              Group By Operator
                keys: KEY._col0 (type: string), KEY._col1 (type: int)
                mode: mergepartial
                outputColumnNames: state, locid
                Statistics: Num rows: 16 Data size: 1656 Basic stats: COMPLETE Column stats: NONE
                File Output Operator
                  compressed: false
                  Statistics: Num rows: 16 Data size: 1656 Basic stats: COMPLETE Column stats: NONE
                  table:
                      input format: org.apache.hadoop.mapred.SequenceFileInputFormat
                      output format: org.apache.hadoop.hive.ql.io.HiveSequenceFileOutputFormat
                      serde: org.apache.hadoop.hive.serde2.lazy.LazySimpleSerDe

  Stage: Stage-0
    Fetch Operator
      limit: -1
      Processor Tree:
        ListSink

