PREHOOK: query: CREATE TABLE myinput1_n0(key int, value int)
PREHOOK: type: CREATETABLE
PREHOOK: Output: database:default
PREHOOK: Output: default@myinput1_n0
POSTHOOK: query: CREATE TABLE myinput1_n0(key int, value int)
POSTHOOK: type: CREATETABLE
POSTHOOK: Output: database:default
POSTHOOK: Output: default@myinput1_n0
PREHOOK: query: LOAD DATA LOCAL INPATH '../../data/files/in3.txt' INTO TABLE myinput1_n0
PREHOOK: type: LOAD
#### A masked pattern was here ####
PREHOOK: Output: default@myinput1_n0
POSTHOOK: query: LOAD DATA LOCAL INPATH '../../data/files/in3.txt' INTO TABLE myinput1_n0
POSTHOOK: type: LOAD
#### A masked pattern was here ####
POSTHOOK: Output: default@myinput1_n0
Warning: Shuffle Join MERGEJOIN[14][tables = [$hdt$_0, $hdt$_1]] in Stage 'Reducer 2' is a cross product
PREHOOK: query: EXPLAIN SELECT sum(hash(a.key,a.value,b.key,b.value)) FROM myinput1_n0 a FULL OUTER JOIN myinput1_n0 b on a.key = 40 AND b.key = 40
PREHOOK: type: QUERY
PREHOOK: Input: default@myinput1_n0
#### A masked pattern was here ####
POSTHOOK: query: EXPLAIN SELECT sum(hash(a.key,a.value,b.key,b.value)) FROM myinput1_n0 a FULL OUTER JOIN myinput1_n0 b on a.key = 40 AND b.key = 40
POSTHOOK: type: QUERY
POSTHOOK: Input: default@myinput1_n0
#### A masked pattern was here ####
STAGE DEPENDENCIES:
  Stage-1 is a root stage
  Stage-0 depends on stages: Stage-1

STAGE PLANS:
  Stage: Stage-1
    Tez
#### A masked pattern was here ####
      Edges:
        Reducer 2 <- Map 1 (CUSTOM_SIMPLE_EDGE), Map 4 (CUSTOM_SIMPLE_EDGE)
        Reducer 3 <- Reducer 2 (CUSTOM_SIMPLE_EDGE)
#### A masked pattern was here ####
      Vertices:
        Map 1 
            Map Operator Tree:
                TableScan
                  alias: a
                  Statistics: Num rows: 1 Data size: 8 Basic stats: COMPLETE Column stats: NONE
                  Select Operator
                    expressions: key (type: int), value (type: int), (key = 40) (type: boolean)
                    outputColumnNames: _col0, _col1, _col2
                    Statistics: Num rows: 1 Data size: 8 Basic stats: COMPLETE Column stats: NONE
                    Reduce Output Operator
                      null sort order: 
                      sort order: 
                      Statistics: Num rows: 1 Data size: 8 Basic stats: COMPLETE Column stats: NONE
                      value expressions: _col0 (type: int), _col1 (type: int), _col2 (type: boolean)
            Execution mode: vectorized, llap
            LLAP IO: no inputs
        Map 4 
            Map Operator Tree:
                TableScan
                  alias: b
                  Statistics: Num rows: 1 Data size: 8 Basic stats: COMPLETE Column stats: NONE
                  Select Operator
                    expressions: key (type: int), value (type: int), (key = 40) (type: boolean)
                    outputColumnNames: _col0, _col1, _col2
                    Statistics: Num rows: 1 Data size: 8 Basic stats: COMPLETE Column stats: NONE
                    Reduce Output Operator
                      null sort order: 
                      sort order: 
                      Statistics: Num rows: 1 Data size: 8 Basic stats: COMPLETE Column stats: NONE
                      value expressions: _col0 (type: int), _col1 (type: int), _col2 (type: boolean)
            Execution mode: vectorized, llap
            LLAP IO: no inputs
        Reducer 2 
            Execution mode: llap
            Reduce Operator Tree:
              Merge Join Operator
                condition map:
                     Full Outer Join 0 to 1
                filter predicates:
                  0 {VALUE._col2}
                  1 {VALUE._col2}
                keys:
                  0 
                  1 
                outputColumnNames: _col0, _col1, _col3, _col4
                Statistics: Num rows: 1 Data size: 17 Basic stats: COMPLETE Column stats: NONE
                Select Operator
                  expressions: hash(_col0,_col1,_col3,_col4) (type: int)
                  outputColumnNames: _col0
                  Statistics: Num rows: 1 Data size: 17 Basic stats: COMPLETE Column stats: NONE
                  Group By Operator
                    aggregations: sum(_col0)
                    minReductionHashAggr: 0.99
                    mode: hash
                    outputColumnNames: _col0
                    Statistics: Num rows: 1 Data size: 8 Basic stats: COMPLETE Column stats: NONE
                    Reduce Output Operator
                      null sort order: 
                      sort order: 
                      Statistics: Num rows: 1 Data size: 8 Basic stats: COMPLETE Column stats: NONE
                      value expressions: _col0 (type: bigint)
        Reducer 3 
            Execution mode: vectorized, llap
            Reduce Operator Tree:
              Group By Operator
                aggregations: sum(VALUE._col0)
                mode: mergepartial
                outputColumnNames: _col0
                Statistics: Num rows: 1 Data size: 8 Basic stats: COMPLETE Column stats: NONE
                File Output Operator
                  compressed: false
                  Statistics: Num rows: 1 Data size: 8 Basic stats: COMPLETE Column stats: NONE
                  table:
                      input format: org.apache.hadoop.mapred.SequenceFileInputFormat
                      output format: org.apache.hadoop.hive.ql.io.HiveSequenceFileOutputFormat
                      serde: org.apache.hadoop.hive.serde2.lazy.LazySimpleSerDe

  Stage: Stage-0
    Fetch Operator
      limit: -1
      Processor Tree:
        ListSink

Warning: Shuffle Join MERGEJOIN[14][tables = [$hdt$_0, $hdt$_1]] in Stage 'Reducer 2' is a cross product
PREHOOK: query: SELECT sum(hash(a.key,a.value,b.key,b.value)) FROM myinput1_n0 a FULL OUTER JOIN myinput1_n0 b on a.key = 40 AND b.key = 40
PREHOOK: type: QUERY
PREHOOK: Input: default@myinput1_n0
#### A masked pattern was here ####
POSTHOOK: query: SELECT sum(hash(a.key,a.value,b.key,b.value)) FROM myinput1_n0 a FULL OUTER JOIN myinput1_n0 b on a.key = 40 AND b.key = 40
POSTHOOK: type: QUERY
POSTHOOK: Input: default@myinput1_n0
#### A masked pattern was here ####
4939870
Warning: Shuffle Join MERGEJOIN[14][tables = [$hdt$_0, $hdt$_1]] in Stage 'Reducer 2' is a cross product
PREHOOK: query: EXPLAIN SELECT sum(hash(a.key,a.value,b.key,b.value)) FROM myinput1_n0 a FULL OUTER JOIN myinput1_n0 b on a.key = 40 AND a.value = 40 AND a.key = a.value AND b.key = 40
PREHOOK: type: QUERY
PREHOOK: Input: default@myinput1_n0
#### A masked pattern was here ####
POSTHOOK: query: EXPLAIN SELECT sum(hash(a.key,a.value,b.key,b.value)) FROM myinput1_n0 a FULL OUTER JOIN myinput1_n0 b on a.key = 40 AND a.value = 40 AND a.key = a.value AND b.key = 40
POSTHOOK: type: QUERY
POSTHOOK: Input: default@myinput1_n0
#### A masked pattern was here ####
STAGE DEPENDENCIES:
  Stage-1 is a root stage
  Stage-0 depends on stages: Stage-1

STAGE PLANS:
  Stage: Stage-1
    Tez
#### A masked pattern was here ####
      Edges:
        Reducer 2 <- Map 1 (CUSTOM_SIMPLE_EDGE), Map 4 (CUSTOM_SIMPLE_EDGE)
        Reducer 3 <- Reducer 2 (CUSTOM_SIMPLE_EDGE)
#### A masked pattern was here ####
      Vertices:
        Map 1 
            Map Operator Tree:
                TableScan
                  alias: a
                  Statistics: Num rows: 1 Data size: 8 Basic stats: COMPLETE Column stats: NONE
                  Select Operator
                    expressions: key (type: int), value (type: int), (key = 40) (type: boolean), (value = 40) (type: boolean)
                    outputColumnNames: _col0, _col1, _col2, _col3
                    Statistics: Num rows: 1 Data size: 8 Basic stats: COMPLETE Column stats: NONE
                    Reduce Output Operator
                      null sort order: 
                      sort order: 
                      Statistics: Num rows: 1 Data size: 8 Basic stats: COMPLETE Column stats: NONE
                      value expressions: _col0 (type: int), _col1 (type: int), _col2 (type: boolean), _col3 (type: boolean)
            Execution mode: vectorized, llap
            LLAP IO: no inputs
        Map 4 
            Map Operator Tree:
                TableScan
                  alias: b
                  Statistics: Num rows: 1 Data size: 8 Basic stats: COMPLETE Column stats: NONE
                  Select Operator
                    expressions: key (type: int), value (type: int), (key = 40) (type: boolean)
                    outputColumnNames: _col0, _col1, _col2
                    Statistics: Num rows: 1 Data size: 8 Basic stats: COMPLETE Column stats: NONE
                    Reduce Output Operator
                      null sort order: 
                      sort order: 
                      Statistics: Num rows: 1 Data size: 8 Basic stats: COMPLETE Column stats: NONE
                      value expressions: _col0 (type: int), _col1 (type: int), _col2 (type: boolean)
            Execution mode: vectorized, llap
            LLAP IO: no inputs
        Reducer 2 
            Execution mode: llap
            Reduce Operator Tree:
              Merge Join Operator
                condition map:
                     Full Outer Join 0 to 1
                filter predicates:
                  0 {VALUE._col2} {VALUE._col3}
                  1 {VALUE._col2}
                keys:
                  0 
                  1 
                outputColumnNames: _col0, _col1, _col4, _col5
                Statistics: Num rows: 1 Data size: 17 Basic stats: COMPLETE Column stats: NONE
                Select Operator
                  expressions: hash(_col0,_col1,_col4,_col5) (type: int)
                  outputColumnNames: _col0
                  Statistics: Num rows: 1 Data size: 17 Basic stats: COMPLETE Column stats: NONE
                  Group By Operator
                    aggregations: sum(_col0)
                    minReductionHashAggr: 0.99
                    mode: hash
                    outputColumnNames: _col0
                    Statistics: Num rows: 1 Data size: 8 Basic stats: COMPLETE Column stats: NONE
                    Reduce Output Operator
                      null sort order: 
                      sort order: 
                      Statistics: Num rows: 1 Data size: 8 Basic stats: COMPLETE Column stats: NONE
                      value expressions: _col0 (type: bigint)
        Reducer 3 
            Execution mode: vectorized, llap
            Reduce Operator Tree:
              Group By Operator
                aggregations: sum(VALUE._col0)
                mode: mergepartial
                outputColumnNames: _col0
                Statistics: Num rows: 1 Data size: 8 Basic stats: COMPLETE Column stats: NONE
                File Output Operator
                  compressed: false
                  Statistics: Num rows: 1 Data size: 8 Basic stats: COMPLETE Column stats: NONE
                  table:
                      input format: org.apache.hadoop.mapred.SequenceFileInputFormat
                      output format: org.apache.hadoop.hive.ql.io.HiveSequenceFileOutputFormat
                      serde: org.apache.hadoop.hive.serde2.lazy.LazySimpleSerDe

  Stage: Stage-0
    Fetch Operator
      limit: -1
      Processor Tree:
        ListSink

Warning: Shuffle Join MERGEJOIN[14][tables = [$hdt$_0, $hdt$_1]] in Stage 'Reducer 2' is a cross product
PREHOOK: query: SELECT sum(hash(a.key,a.value,b.key,b.value)) FROM myinput1_n0 a FULL OUTER JOIN myinput1_n0 b on a.key = 40 AND a.key = a.value AND b.key = 40
PREHOOK: type: QUERY
PREHOOK: Input: default@myinput1_n0
#### A masked pattern was here ####
POSTHOOK: query: SELECT sum(hash(a.key,a.value,b.key,b.value)) FROM myinput1_n0 a FULL OUTER JOIN myinput1_n0 b on a.key = 40 AND a.key = a.value AND b.key = 40
POSTHOOK: type: QUERY
POSTHOOK: Input: default@myinput1_n0
#### A masked pattern was here ####
4939870
Warning: Shuffle Join MERGEJOIN[14][tables = [$hdt$_0, $hdt$_1]] in Stage 'Reducer 2' is a cross product
PREHOOK: query: EXPLAIN SELECT sum(hash(a.key,a.value,b.key,b.value)) FROM myinput1_n0 a FULL OUTER JOIN myinput1_n0 b on a.key = 40 AND a.key = b.key AND b.key = 40
PREHOOK: type: QUERY
PREHOOK: Input: default@myinput1_n0
#### A masked pattern was here ####
POSTHOOK: query: EXPLAIN SELECT sum(hash(a.key,a.value,b.key,b.value)) FROM myinput1_n0 a FULL OUTER JOIN myinput1_n0 b on a.key = 40 AND a.key = b.key AND b.key = 40
POSTHOOK: type: QUERY
POSTHOOK: Input: default@myinput1_n0
#### A masked pattern was here ####
STAGE DEPENDENCIES:
  Stage-1 is a root stage
  Stage-0 depends on stages: Stage-1

STAGE PLANS:
  Stage: Stage-1
    Tez
#### A masked pattern was here ####
      Edges:
        Reducer 2 <- Map 1 (CUSTOM_SIMPLE_EDGE), Map 4 (CUSTOM_SIMPLE_EDGE)
        Reducer 3 <- Reducer 2 (CUSTOM_SIMPLE_EDGE)
#### A masked pattern was here ####
      Vertices:
        Map 1 
            Map Operator Tree:
                TableScan
                  alias: a
                  Statistics: Num rows: 1 Data size: 8 Basic stats: COMPLETE Column stats: NONE
                  Select Operator
                    expressions: key (type: int), value (type: int), (key = 40) (type: boolean)
                    outputColumnNames: _col0, _col1, _col2
                    Statistics: Num rows: 1 Data size: 8 Basic stats: COMPLETE Column stats: NONE
                    Reduce Output Operator
                      null sort order: 
                      sort order: 
                      Statistics: Num rows: 1 Data size: 8 Basic stats: COMPLETE Column stats: NONE
                      value expressions: _col0 (type: int), _col1 (type: int), _col2 (type: boolean)
            Execution mode: vectorized, llap
            LLAP IO: no inputs
        Map 4 
            Map Operator Tree:
                TableScan
                  alias: b
                  Statistics: Num rows: 1 Data size: 8 Basic stats: COMPLETE Column stats: NONE
                  Select Operator
                    expressions: key (type: int), value (type: int), (key = 40) (type: boolean)
                    outputColumnNames: _col0, _col1, _col2
                    Statistics: Num rows: 1 Data size: 8 Basic stats: COMPLETE Column stats: NONE
                    Reduce Output Operator
                      null sort order: 
                      sort order: 
                      Statistics: Num rows: 1 Data size: 8 Basic stats: COMPLETE Column stats: NONE
                      value expressions: _col0 (type: int), _col1 (type: int), _col2 (type: boolean)
            Execution mode: vectorized, llap
            LLAP IO: no inputs
        Reducer 2 
            Execution mode: llap
            Reduce Operator Tree:
              Merge Join Operator
                condition map:
                     Full Outer Join 0 to 1
                filter predicates:
                  0 {VALUE._col2}
                  1 {VALUE._col2}
                keys:
                  0 
                  1 
                outputColumnNames: _col0, _col1, _col3, _col4
                Statistics: Num rows: 1 Data size: 17 Basic stats: COMPLETE Column stats: NONE
                Select Operator
                  expressions: hash(_col0,_col1,_col3,_col4) (type: int)
                  outputColumnNames: _col0
                  Statistics: Num rows: 1 Data size: 17 Basic stats: COMPLETE Column stats: NONE
                  Group By Operator
                    aggregations: sum(_col0)
                    minReductionHashAggr: 0.99
                    mode: hash
                    outputColumnNames: _col0
                    Statistics: Num rows: 1 Data size: 8 Basic stats: COMPLETE Column stats: NONE
                    Reduce Output Operator
                      null sort order: 
                      sort order: 
                      Statistics: Num rows: 1 Data size: 8 Basic stats: COMPLETE Column stats: NONE
                      value expressions: _col0 (type: bigint)
        Reducer 3 
            Execution mode: vectorized, llap
            Reduce Operator Tree:
              Group By Operator
                aggregations: sum(VALUE._col0)
                mode: mergepartial
                outputColumnNames: _col0
                Statistics: Num rows: 1 Data size: 8 Basic stats: COMPLETE Column stats: NONE
                File Output Operator
                  compressed: false
                  Statistics: Num rows: 1 Data size: 8 Basic stats: COMPLETE Column stats: NONE
                  table:
                      input format: org.apache.hadoop.mapred.SequenceFileInputFormat
                      output format: org.apache.hadoop.hive.ql.io.HiveSequenceFileOutputFormat
                      serde: org.apache.hadoop.hive.serde2.lazy.LazySimpleSerDe

  Stage: Stage-0
    Fetch Operator
      limit: -1
      Processor Tree:
        ListSink

Warning: Shuffle Join MERGEJOIN[14][tables = [$hdt$_0, $hdt$_1]] in Stage 'Reducer 2' is a cross product
PREHOOK: query: SELECT sum(hash(a.key,a.value,b.key,b.value)) FROM myinput1_n0 a FULL OUTER JOIN myinput1_n0 b on a.key = 40 AND a.key = b.key AND b.key = 40
PREHOOK: type: QUERY
PREHOOK: Input: default@myinput1_n0
#### A masked pattern was here ####
POSTHOOK: query: SELECT sum(hash(a.key,a.value,b.key,b.value)) FROM myinput1_n0 a FULL OUTER JOIN myinput1_n0 b on a.key = 40 AND a.key = b.key AND b.key = 40
POSTHOOK: type: QUERY
POSTHOOK: Input: default@myinput1_n0
#### A masked pattern was here ####
4939870
Warning: Shuffle Join MERGEJOIN[14][tables = [$hdt$_0, $hdt$_1]] in Stage 'Reducer 2' is a cross product
PREHOOK: query: EXPLAIN SELECT sum(hash(a.key,a.value,b.key,b.value)) FROM myinput1_n0 a FULL OUTER JOIN myinput1_n0 b on a.key > 40 AND a.value > 50 AND a.key = a.value AND b.key > 40 AND b.value > 50 AND b.key = b.value
PREHOOK: type: QUERY
PREHOOK: Input: default@myinput1_n0
#### A masked pattern was here ####
POSTHOOK: query: EXPLAIN SELECT sum(hash(a.key,a.value,b.key,b.value)) FROM myinput1_n0 a FULL OUTER JOIN myinput1_n0 b on a.key > 40 AND a.value > 50 AND a.key = a.value AND b.key > 40 AND b.value > 50 AND b.key = b.value
POSTHOOK: type: QUERY
POSTHOOK: Input: default@myinput1_n0
#### A masked pattern was here ####
STAGE DEPENDENCIES:
  Stage-1 is a root stage
  Stage-0 depends on stages: Stage-1

STAGE PLANS:
  Stage: Stage-1
    Tez
#### A masked pattern was here ####
      Edges:
        Reducer 2 <- Map 1 (CUSTOM_SIMPLE_EDGE), Map 4 (CUSTOM_SIMPLE_EDGE)
        Reducer 3 <- Reducer 2 (CUSTOM_SIMPLE_EDGE)
#### A masked pattern was here ####
      Vertices:
        Map 1 
            Map Operator Tree:
                TableScan
                  alias: a
                  Statistics: Num rows: 1 Data size: 8 Basic stats: COMPLETE Column stats: NONE
                  Select Operator
                    expressions: key (type: int), value (type: int), (key > 40) (type: boolean), (value > 50) (type: boolean), (key = value) (type: boolean)
                    outputColumnNames: _col0, _col1, _col2, _col3, _col4
                    Statistics: Num rows: 1 Data size: 8 Basic stats: COMPLETE Column stats: NONE
                    Reduce Output Operator
                      null sort order: 
                      sort order: 
                      Statistics: Num rows: 1 Data size: 8 Basic stats: COMPLETE Column stats: NONE
                      value expressions: _col0 (type: int), _col1 (type: int), _col2 (type: boolean), _col3 (type: boolean), _col4 (type: boolean)
            Execution mode: vectorized, llap
            LLAP IO: no inputs
        Map 4 
            Map Operator Tree:
                TableScan
                  alias: b
                  Statistics: Num rows: 1 Data size: 8 Basic stats: COMPLETE Column stats: NONE
                  Select Operator
                    expressions: key (type: int), value (type: int), (key > 40) (type: boolean), (value > 50) (type: boolean), (key = value) (type: boolean)
                    outputColumnNames: _col0, _col1, _col2, _col3, _col4
                    Statistics: Num rows: 1 Data size: 8 Basic stats: COMPLETE Column stats: NONE
                    Reduce Output Operator
                      null sort order: 
                      sort order: 
                      Statistics: Num rows: 1 Data size: 8 Basic stats: COMPLETE Column stats: NONE
                      value expressions: _col0 (type: int), _col1 (type: int), _col2 (type: boolean), _col3 (type: boolean), _col4 (type: boolean)
            Execution mode: vectorized, llap
            LLAP IO: no inputs
        Reducer 2 
            Execution mode: llap
            Reduce Operator Tree:
              Merge Join Operator
                condition map:
                     Full Outer Join 0 to 1
                filter predicates:
                  0 {VALUE._col2} {VALUE._col3} {VALUE._col4}
                  1 {VALUE._col2} {VALUE._col3} {VALUE._col4}
                keys:
                  0 
                  1 
                outputColumnNames: _col0, _col1, _col5, _col6
                Statistics: Num rows: 1 Data size: 17 Basic stats: COMPLETE Column stats: NONE
                Select Operator
                  expressions: hash(_col0,_col1,_col5,_col6) (type: int)
                  outputColumnNames: _col0
                  Statistics: Num rows: 1 Data size: 17 Basic stats: COMPLETE Column stats: NONE
                  Group By Operator
                    aggregations: sum(_col0)
                    minReductionHashAggr: 0.99
                    mode: hash
                    outputColumnNames: _col0
                    Statistics: Num rows: 1 Data size: 8 Basic stats: COMPLETE Column stats: NONE
                    Reduce Output Operator
                      null sort order: 
                      sort order: 
                      Statistics: Num rows: 1 Data size: 8 Basic stats: COMPLETE Column stats: NONE
                      value expressions: _col0 (type: bigint)
        Reducer 3 
            Execution mode: vectorized, llap
            Reduce Operator Tree:
              Group By Operator
                aggregations: sum(VALUE._col0)
                mode: mergepartial
                outputColumnNames: _col0
                Statistics: Num rows: 1 Data size: 8 Basic stats: COMPLETE Column stats: NONE
                File Output Operator
                  compressed: false
                  Statistics: Num rows: 1 Data size: 8 Basic stats: COMPLETE Column stats: NONE
                  table:
                      input format: org.apache.hadoop.mapred.SequenceFileInputFormat
                      output format: org.apache.hadoop.hive.ql.io.HiveSequenceFileOutputFormat
                      serde: org.apache.hadoop.hive.serde2.lazy.LazySimpleSerDe

  Stage: Stage-0
    Fetch Operator
      limit: -1
      Processor Tree:
        ListSink

Warning: Shuffle Join MERGEJOIN[14][tables = [$hdt$_0, $hdt$_1]] in Stage 'Reducer 2' is a cross product
PREHOOK: query: SELECT sum(hash(a.key,a.value,b.key,b.value)) FROM myinput1_n0 a FULL OUTER JOIN myinput1_n0 b on a.key > 40 AND a.value > 50 AND a.key = a.value AND b.key > 40 AND b.value > 50 AND b.key = b.value
PREHOOK: type: QUERY
PREHOOK: Input: default@myinput1_n0
#### A masked pattern was here ####
POSTHOOK: query: SELECT sum(hash(a.key,a.value,b.key,b.value)) FROM myinput1_n0 a FULL OUTER JOIN myinput1_n0 b on a.key > 40 AND a.value > 50 AND a.key = a.value AND b.key > 40 AND b.value > 50 AND b.key = b.value
POSTHOOK: type: QUERY
POSTHOOK: Input: default@myinput1_n0
#### A masked pattern was here ####
4939870
