PREHOOK: query: CREATE TABLE `store_sales` (`ss_item_sk` bigint)
PREHOOK: type: CREATETABLE
PREHOOK: Output: database:default
PREHOOK: Output: default@store_sales
POSTHOOK: query: CREATE TABLE `store_sales` (`ss_item_sk` bigint)
POSTHOOK: type: CREATETABLE
POSTHOOK: Output: database:default
POSTHOOK: Output: default@store_sales
PREHOOK: query: CREATE TABLE `household_demographics` (`hd_demo_sk` bigint)
PREHOOK: type: CREATETABLE
PREHOOK: Output: database:default
PREHOOK: Output: default@household_demographics
POSTHOOK: query: CREATE TABLE `household_demographics` (`hd_demo_sk` bigint)
POSTHOOK: type: CREATETABLE
POSTHOOK: Output: database:default
POSTHOOK: Output: default@household_demographics
PREHOOK: query: CREATE TABLE `item` (`i_item_sk` bigint)
PREHOOK: type: CREATETABLE
PREHOOK: Output: database:default
PREHOOK: Output: default@item
POSTHOOK: query: CREATE TABLE `item` (`i_item_sk` bigint)
POSTHOOK: type: CREATETABLE
POSTHOOK: Output: database:default
POSTHOOK: Output: default@item
PREHOOK: query: ALTER TABLE `store_sales` ADD CONSTRAINT `pk_ss` PRIMARY KEY (`ss_item_sk`) DISABLE NOVALIDATE RELY
PREHOOK: type: ALTERTABLE_ADDCONSTRAINT
PREHOOK: Input: default@store_sales
PREHOOK: Output: default@store_sales
POSTHOOK: query: ALTER TABLE `store_sales` ADD CONSTRAINT `pk_ss` PRIMARY KEY (`ss_item_sk`) DISABLE NOVALIDATE RELY
POSTHOOK: type: ALTERTABLE_ADDCONSTRAINT
POSTHOOK: Input: default@store_sales
POSTHOOK: Output: default@store_sales
PREHOOK: query: ALTER TABLE `item` ADD CONSTRAINT `pk_i` PRIMARY KEY (`i_item_sk`) DISABLE NOVALIDATE RELY
PREHOOK: type: ALTERTABLE_ADDCONSTRAINT
PREHOOK: Input: default@item
PREHOOK: Output: default@item
POSTHOOK: query: ALTER TABLE `item` ADD CONSTRAINT `pk_i` PRIMARY KEY (`i_item_sk`) DISABLE NOVALIDATE RELY
POSTHOOK: type: ALTERTABLE_ADDCONSTRAINT
POSTHOOK: Input: default@item
POSTHOOK: Output: default@item
PREHOOK: query: ALTER TABLE `store_sales` ADD CONSTRAINT `ss_i` FOREIGN KEY (`ss_item_sk`) REFERENCES `item`(`i_item_sk`) DISABLE NOVALIDATE RELY
PREHOOK: type: ALTERTABLE_ADDCONSTRAINT
PREHOOK: Input: default@store_sales
PREHOOK: Output: default@store_sales
POSTHOOK: query: ALTER TABLE `store_sales` ADD CONSTRAINT `ss_i` FOREIGN KEY (`ss_item_sk`) REFERENCES `item`(`i_item_sk`) DISABLE NOVALIDATE RELY
POSTHOOK: type: ALTERTABLE_ADDCONSTRAINT
POSTHOOK: Input: default@store_sales
POSTHOOK: Output: default@store_sales
Warning: Shuffle Join MERGEJOIN[29][tables = [$hdt$_0, $hdt$_1]] in Stage 'Reducer 2' is a cross product
PREHOOK: query: EXPLAIN CBO
SELECT i_item_sk
FROM store_sales, household_demographics, item
WHERE ss_item_sk = i_item_sk
PREHOOK: type: QUERY
PREHOOK: Input: default@household_demographics
PREHOOK: Input: default@item
PREHOOK: Input: default@store_sales
#### A masked pattern was here ####
POSTHOOK: query: EXPLAIN CBO
SELECT i_item_sk
FROM store_sales, household_demographics, item
WHERE ss_item_sk = i_item_sk
POSTHOOK: type: QUERY
POSTHOOK: Input: default@household_demographics
POSTHOOK: Input: default@item
POSTHOOK: Input: default@store_sales
#### A masked pattern was here ####
CBO PLAN:
HiveProject(i_item_sk=[$2])
  HiveJoin(condition=[=($0, $2)], joinType=[inner], algorithm=[none], cost=[not available])
    HiveJoin(condition=[true], joinType=[inner], algorithm=[none], cost=[not available])
      HiveProject(ss_item_sk=[$0])
        HiveTableScan(table=[[default, store_sales]], table:alias=[store_sales])
      HiveProject(DUMMY=[0])
        HiveTableScan(table=[[default, household_demographics]], table:alias=[household_demographics])
    HiveProject(i_item_sk=[$0])
      HiveTableScan(table=[[default, item]], table:alias=[item])

Warning: Shuffle Join MERGEJOIN[29][tables = [$hdt$_0, $hdt$_1]] in Stage 'Reducer 2' is a cross product
PREHOOK: query: EXPLAIN
SELECT i_item_sk
FROM store_sales, household_demographics, item
WHERE ss_item_sk = i_item_sk
PREHOOK: type: QUERY
PREHOOK: Input: default@household_demographics
PREHOOK: Input: default@item
PREHOOK: Input: default@store_sales
#### A masked pattern was here ####
POSTHOOK: query: EXPLAIN
SELECT i_item_sk
FROM store_sales, household_demographics, item
WHERE ss_item_sk = i_item_sk
POSTHOOK: type: QUERY
POSTHOOK: Input: default@household_demographics
POSTHOOK: Input: default@item
POSTHOOK: Input: default@store_sales
#### A masked pattern was here ####
STAGE DEPENDENCIES:
  Stage-1 is a root stage
  Stage-0 depends on stages: Stage-1

STAGE PLANS:
  Stage: Stage-1
    Tez
#### A masked pattern was here ####
      Edges:
        Reducer 2 <- Map 1 (XPROD_EDGE), Map 4 (XPROD_EDGE)
        Reducer 3 <- Map 5 (SIMPLE_EDGE), Reducer 2 (SIMPLE_EDGE)
#### A masked pattern was here ####
      Vertices:
        Map 1 
            Map Operator Tree:
                TableScan
                  alias: store_sales
                  Statistics: Num rows: 1 Data size: 8 Basic stats: COMPLETE Column stats: NONE
                  Select Operator
                    expressions: ss_item_sk (type: bigint)
                    outputColumnNames: _col0
                    Statistics: Num rows: 1 Data size: 8 Basic stats: COMPLETE Column stats: NONE
                    Reduce Output Operator
                      null sort order: 
                      sort order: 
                      Statistics: Num rows: 1 Data size: 8 Basic stats: COMPLETE Column stats: NONE
                      value expressions: _col0 (type: bigint)
            Execution mode: vectorized, llap
            LLAP IO: all inputs
        Map 4 
            Map Operator Tree:
                TableScan
                  alias: household_demographics
                  Statistics: Num rows: 1 Data size: 0 Basic stats: PARTIAL Column stats: COMPLETE
                  Select Operator
                    Statistics: Num rows: 1 Data size: 0 Basic stats: PARTIAL Column stats: COMPLETE
                    Reduce Output Operator
                      null sort order: 
                      sort order: 
                      Statistics: Num rows: 1 Data size: 0 Basic stats: PARTIAL Column stats: COMPLETE
            Execution mode: vectorized, llap
            LLAP IO: all inputs
        Map 5 
            Map Operator Tree:
                TableScan
                  alias: item
                  Statistics: Num rows: 1 Data size: 8 Basic stats: COMPLETE Column stats: NONE
                  Select Operator
                    expressions: i_item_sk (type: bigint)
                    outputColumnNames: _col0
                    Statistics: Num rows: 1 Data size: 8 Basic stats: COMPLETE Column stats: NONE
                    Reduce Output Operator
                      key expressions: _col0 (type: bigint)
                      null sort order: z
                      sort order: +
                      Map-reduce partition columns: _col0 (type: bigint)
                      Statistics: Num rows: 1 Data size: 8 Basic stats: COMPLETE Column stats: NONE
            Execution mode: vectorized, llap
            LLAP IO: all inputs
        Reducer 2 
            Execution mode: llap
            Reduce Operator Tree:
              Merge Join Operator
                condition map:
                     Inner Join 0 to 1
                keys:
                  0 
                  1 
                outputColumnNames: _col0
                Statistics: Num rows: 1 Data size: 9 Basic stats: PARTIAL Column stats: NONE
                Reduce Output Operator
                  key expressions: _col0 (type: bigint)
                  null sort order: z
                  sort order: +
                  Map-reduce partition columns: _col0 (type: bigint)
                  Statistics: Num rows: 1 Data size: 9 Basic stats: PARTIAL Column stats: NONE
        Reducer 3 
            Execution mode: llap
            Reduce Operator Tree:
              Merge Join Operator
                condition map:
                     Inner Join 0 to 1
                keys:
                  0 _col0 (type: bigint)
                  1 _col0 (type: bigint)
                outputColumnNames: _col2
                Statistics: Num rows: 1 Data size: 9 Basic stats: PARTIAL Column stats: NONE
                Select Operator
                  expressions: _col2 (type: bigint)
                  outputColumnNames: _col0
                  Statistics: Num rows: 1 Data size: 9 Basic stats: PARTIAL Column stats: NONE
                  File Output Operator
                    compressed: false
                    Statistics: Num rows: 1 Data size: 9 Basic stats: PARTIAL Column stats: NONE
                    table:
                        input format: org.apache.hadoop.mapred.SequenceFileInputFormat
                        output format: org.apache.hadoop.hive.ql.io.HiveSequenceFileOutputFormat
                        serde: org.apache.hadoop.hive.serde2.lazy.LazySimpleSerDe

  Stage: Stage-0
    Fetch Operator
      limit: -1
      Processor Tree:
        ListSink

