PREHOOK: query: EXPLAIN
SELECT * FROM SRC x where x.key = 10 CLUSTER BY x.key
PREHOOK: type: QUERY
POSTHOOK: query: EXPLAIN
SELECT * FROM SRC x where x.key = 10 CLUSTER BY x.key
POSTHOOK: type: QUERY
STAGE DEPENDENCIES:
  Stage-1 is a root stage
  Stage-0 depends on stages: Stage-1

STAGE PLANS:
  Stage: Stage-1
    Tez
#### A masked pattern was here ####
      Edges:
        Reducer 2 <- Map 1 (SIMPLE_EDGE)
#### A masked pattern was here ####
      Vertices:
        Map 1 
            Map Operator Tree:
                TableScan
                  alias: x
                  Statistics: Num rows: 500 Data size: 89000 Basic stats: COMPLETE Column stats: COMPLETE
                  Filter Operator
                    predicate: (key = 10) (type: boolean)
                    Statistics: Num rows: 2 Data size: 356 Basic stats: COMPLETE Column stats: COMPLETE
                    Select Operator
                      expressions: key (type: string), value (type: string)
                      outputColumnNames: _col0, _col1
                      Statistics: Num rows: 2 Data size: 356 Basic stats: COMPLETE Column stats: COMPLETE
                      Reduce Output Operator
                        key expressions: _col0 (type: string)
                        sort order: +
                        Map-reduce partition columns: _col0 (type: string)
                        Statistics: Num rows: 2 Data size: 356 Basic stats: COMPLETE Column stats: COMPLETE
                        value expressions: _col1 (type: string)
            Execution mode: vectorized, llap
            LLAP IO: no inputs
        Reducer 2 
            Execution mode: vectorized, llap
            Reduce Operator Tree:
              Select Operator
                expressions: KEY.reducesinkkey0 (type: string), VALUE._col0 (type: string)
                outputColumnNames: _col0, _col1
                Statistics: Num rows: 2 Data size: 356 Basic stats: COMPLETE Column stats: COMPLETE
                File Output Operator
                  compressed: false
                  Statistics: Num rows: 2 Data size: 356 Basic stats: COMPLETE Column stats: COMPLETE
                  table:
                      input format: org.apache.hadoop.mapred.SequenceFileInputFormat
                      output format: org.apache.hadoop.hive.ql.io.HiveSequenceFileOutputFormat
                      serde: org.apache.hadoop.hive.serde2.lazy.LazySimpleSerDe

  Stage: Stage-0
    Fetch Operator
      limit: -1
      Processor Tree:
        ListSink

PREHOOK: query: SELECT * FROM SRC x where x.key = 10 CLUSTER BY x.key
PREHOOK: type: QUERY
PREHOOK: Input: default@src
#### A masked pattern was here ####
POSTHOOK: query: SELECT * FROM SRC x where x.key = 10 CLUSTER BY x.key
POSTHOOK: type: QUERY
POSTHOOK: Input: default@src
#### A masked pattern was here ####
10	val_10
PREHOOK: query: EXPLAIN
SELECT * FROM SRC x  where x.key = 20 CLUSTER BY key
PREHOOK: type: QUERY
POSTHOOK: query: EXPLAIN
SELECT * FROM SRC x  where x.key = 20 CLUSTER BY key
POSTHOOK: type: QUERY
STAGE DEPENDENCIES:
  Stage-1 is a root stage
  Stage-0 depends on stages: Stage-1

STAGE PLANS:
  Stage: Stage-1
    Tez
#### A masked pattern was here ####
      Edges:
        Reducer 2 <- Map 1 (SIMPLE_EDGE)
#### A masked pattern was here ####
      Vertices:
        Map 1 
            Map Operator Tree:
                TableScan
                  alias: x
                  Statistics: Num rows: 500 Data size: 89000 Basic stats: COMPLETE Column stats: COMPLETE
                  Filter Operator
                    predicate: (key = 20) (type: boolean)
                    Statistics: Num rows: 2 Data size: 356 Basic stats: COMPLETE Column stats: COMPLETE
                    Select Operator
                      expressions: key (type: string), value (type: string)
                      outputColumnNames: _col0, _col1
                      Statistics: Num rows: 2 Data size: 356 Basic stats: COMPLETE Column stats: COMPLETE
                      Reduce Output Operator
                        key expressions: _col0 (type: string)
                        sort order: +
                        Map-reduce partition columns: _col0 (type: string)
                        Statistics: Num rows: 2 Data size: 356 Basic stats: COMPLETE Column stats: COMPLETE
                        value expressions: _col1 (type: string)
            Execution mode: vectorized, llap
            LLAP IO: no inputs
        Reducer 2 
            Execution mode: vectorized, llap
            Reduce Operator Tree:
              Select Operator
                expressions: KEY.reducesinkkey0 (type: string), VALUE._col0 (type: string)
                outputColumnNames: _col0, _col1
                Statistics: Num rows: 2 Data size: 356 Basic stats: COMPLETE Column stats: COMPLETE
                File Output Operator
                  compressed: false
                  Statistics: Num rows: 2 Data size: 356 Basic stats: COMPLETE Column stats: COMPLETE
                  table:
                      input format: org.apache.hadoop.mapred.SequenceFileInputFormat
                      output format: org.apache.hadoop.hive.ql.io.HiveSequenceFileOutputFormat
                      serde: org.apache.hadoop.hive.serde2.lazy.LazySimpleSerDe

  Stage: Stage-0
    Fetch Operator
      limit: -1
      Processor Tree:
        ListSink

PREHOOK: query: SELECT * FROM SRC x where x.key = 20 CLUSTER BY key
PREHOOK: type: QUERY
PREHOOK: Input: default@src
#### A masked pattern was here ####
POSTHOOK: query: SELECT * FROM SRC x where x.key = 20 CLUSTER BY key
POSTHOOK: type: QUERY
POSTHOOK: Input: default@src
#### A masked pattern was here ####
20	val_20
PREHOOK: query: EXPLAIN
SELECT x.* FROM SRC x where x.key = 20 CLUSTER BY key
PREHOOK: type: QUERY
POSTHOOK: query: EXPLAIN
SELECT x.* FROM SRC x where x.key = 20 CLUSTER BY key
POSTHOOK: type: QUERY
STAGE DEPENDENCIES:
  Stage-1 is a root stage
  Stage-0 depends on stages: Stage-1

STAGE PLANS:
  Stage: Stage-1
    Tez
#### A masked pattern was here ####
      Edges:
        Reducer 2 <- Map 1 (SIMPLE_EDGE)
#### A masked pattern was here ####
      Vertices:
        Map 1 
            Map Operator Tree:
                TableScan
                  alias: x
                  Statistics: Num rows: 500 Data size: 89000 Basic stats: COMPLETE Column stats: COMPLETE
                  Filter Operator
                    predicate: (key = 20) (type: boolean)
                    Statistics: Num rows: 2 Data size: 356 Basic stats: COMPLETE Column stats: COMPLETE
                    Select Operator
                      expressions: key (type: string), value (type: string)
                      outputColumnNames: _col0, _col1
                      Statistics: Num rows: 2 Data size: 356 Basic stats: COMPLETE Column stats: COMPLETE
                      Reduce Output Operator
                        key expressions: _col0 (type: string)
                        sort order: +
                        Map-reduce partition columns: _col0 (type: string)
                        Statistics: Num rows: 2 Data size: 356 Basic stats: COMPLETE Column stats: COMPLETE
                        value expressions: _col1 (type: string)
            Execution mode: vectorized, llap
            LLAP IO: no inputs
        Reducer 2 
            Execution mode: vectorized, llap
            Reduce Operator Tree:
              Select Operator
                expressions: KEY.reducesinkkey0 (type: string), VALUE._col0 (type: string)
                outputColumnNames: _col0, _col1
                Statistics: Num rows: 2 Data size: 356 Basic stats: COMPLETE Column stats: COMPLETE
                File Output Operator
                  compressed: false
                  Statistics: Num rows: 2 Data size: 356 Basic stats: COMPLETE Column stats: COMPLETE
                  table:
                      input format: org.apache.hadoop.mapred.SequenceFileInputFormat
                      output format: org.apache.hadoop.hive.ql.io.HiveSequenceFileOutputFormat
                      serde: org.apache.hadoop.hive.serde2.lazy.LazySimpleSerDe

  Stage: Stage-0
    Fetch Operator
      limit: -1
      Processor Tree:
        ListSink

PREHOOK: query: SELECT x.* FROM SRC x where x.key = 20 CLUSTER BY key
PREHOOK: type: QUERY
PREHOOK: Input: default@src
#### A masked pattern was here ####
POSTHOOK: query: SELECT x.* FROM SRC x where x.key = 20 CLUSTER BY key
POSTHOOK: type: QUERY
POSTHOOK: Input: default@src
#### A masked pattern was here ####
20	val_20
PREHOOK: query: EXPLAIN
SELECT x.*  FROM SRC x where x.key = 20 CLUSTER BY x.key
PREHOOK: type: QUERY
POSTHOOK: query: EXPLAIN
SELECT x.*  FROM SRC x where x.key = 20 CLUSTER BY x.key
POSTHOOK: type: QUERY
STAGE DEPENDENCIES:
  Stage-1 is a root stage
  Stage-0 depends on stages: Stage-1

STAGE PLANS:
  Stage: Stage-1
    Tez
#### A masked pattern was here ####
      Edges:
        Reducer 2 <- Map 1 (SIMPLE_EDGE)
#### A masked pattern was here ####
      Vertices:
        Map 1 
            Map Operator Tree:
                TableScan
                  alias: x
                  Statistics: Num rows: 500 Data size: 89000 Basic stats: COMPLETE Column stats: COMPLETE
                  Filter Operator
                    predicate: (key = 20) (type: boolean)
                    Statistics: Num rows: 2 Data size: 356 Basic stats: COMPLETE Column stats: COMPLETE
                    Select Operator
                      expressions: key (type: string), value (type: string)
                      outputColumnNames: _col0, _col1
                      Statistics: Num rows: 2 Data size: 356 Basic stats: COMPLETE Column stats: COMPLETE
                      Reduce Output Operator
                        key expressions: _col0 (type: string)
                        sort order: +
                        Map-reduce partition columns: _col0 (type: string)
                        Statistics: Num rows: 2 Data size: 356 Basic stats: COMPLETE Column stats: COMPLETE
                        value expressions: _col1 (type: string)
            Execution mode: vectorized, llap
            LLAP IO: no inputs
        Reducer 2 
            Execution mode: vectorized, llap
            Reduce Operator Tree:
              Select Operator
                expressions: KEY.reducesinkkey0 (type: string), VALUE._col0 (type: string)
                outputColumnNames: _col0, _col1
                Statistics: Num rows: 2 Data size: 356 Basic stats: COMPLETE Column stats: COMPLETE
                File Output Operator
                  compressed: false
                  Statistics: Num rows: 2 Data size: 356 Basic stats: COMPLETE Column stats: COMPLETE
                  table:
                      input format: org.apache.hadoop.mapred.SequenceFileInputFormat
                      output format: org.apache.hadoop.hive.ql.io.HiveSequenceFileOutputFormat
                      serde: org.apache.hadoop.hive.serde2.lazy.LazySimpleSerDe

  Stage: Stage-0
    Fetch Operator
      limit: -1
      Processor Tree:
        ListSink

PREHOOK: query: SELECT x.*  FROM SRC x where x.key = 20 CLUSTER BY x.key
PREHOOK: type: QUERY
PREHOOK: Input: default@src
#### A masked pattern was here ####
POSTHOOK: query: SELECT x.*  FROM SRC x where x.key = 20 CLUSTER BY x.key
POSTHOOK: type: QUERY
POSTHOOK: Input: default@src
#### A masked pattern was here ####
20	val_20
PREHOOK: query: EXPLAIN
SELECT x.key, x.value as v1 FROM SRC x where x.key = 20 CLUSTER BY key
PREHOOK: type: QUERY
POSTHOOK: query: EXPLAIN
SELECT x.key, x.value as v1 FROM SRC x where x.key = 20 CLUSTER BY key
POSTHOOK: type: QUERY
STAGE DEPENDENCIES:
  Stage-1 is a root stage
  Stage-0 depends on stages: Stage-1

STAGE PLANS:
  Stage: Stage-1
    Tez
#### A masked pattern was here ####
      Edges:
        Reducer 2 <- Map 1 (SIMPLE_EDGE)
#### A masked pattern was here ####
      Vertices:
        Map 1 
            Map Operator Tree:
                TableScan
                  alias: x
                  Statistics: Num rows: 500 Data size: 89000 Basic stats: COMPLETE Column stats: COMPLETE
                  Filter Operator
                    predicate: (key = 20) (type: boolean)
                    Statistics: Num rows: 2 Data size: 356 Basic stats: COMPLETE Column stats: COMPLETE
                    Select Operator
                      expressions: key (type: string), value (type: string)
                      outputColumnNames: _col0, _col1
                      Statistics: Num rows: 2 Data size: 356 Basic stats: COMPLETE Column stats: COMPLETE
                      Reduce Output Operator
                        key expressions: _col0 (type: string)
                        sort order: +
                        Map-reduce partition columns: _col0 (type: string)
                        Statistics: Num rows: 2 Data size: 356 Basic stats: COMPLETE Column stats: COMPLETE
                        value expressions: _col1 (type: string)
            Execution mode: vectorized, llap
            LLAP IO: no inputs
        Reducer 2 
            Execution mode: vectorized, llap
            Reduce Operator Tree:
              Select Operator
                expressions: KEY.reducesinkkey0 (type: string), VALUE._col0 (type: string)
                outputColumnNames: _col0, _col1
                Statistics: Num rows: 2 Data size: 356 Basic stats: COMPLETE Column stats: COMPLETE
                File Output Operator
                  compressed: false
                  Statistics: Num rows: 2 Data size: 356 Basic stats: COMPLETE Column stats: COMPLETE
                  table:
                      input format: org.apache.hadoop.mapred.SequenceFileInputFormat
                      output format: org.apache.hadoop.hive.ql.io.HiveSequenceFileOutputFormat
                      serde: org.apache.hadoop.hive.serde2.lazy.LazySimpleSerDe

  Stage: Stage-0
    Fetch Operator
      limit: -1
      Processor Tree:
        ListSink

PREHOOK: query: SELECT x.key, x.value as v1 FROM SRC x where x.key = 20 CLUSTER BY key
PREHOOK: type: QUERY
PREHOOK: Input: default@src
#### A masked pattern was here ####
POSTHOOK: query: SELECT x.key, x.value as v1 FROM SRC x where x.key = 20 CLUSTER BY key
POSTHOOK: type: QUERY
POSTHOOK: Input: default@src
#### A masked pattern was here ####
20	val_20
PREHOOK: query: EXPLAIN
SELECT x.key, x.value as v1 FROM SRC x where x.key = 20 CLUSTER BY x.key
PREHOOK: type: QUERY
POSTHOOK: query: EXPLAIN
SELECT x.key, x.value as v1 FROM SRC x where x.key = 20 CLUSTER BY x.key
POSTHOOK: type: QUERY
STAGE DEPENDENCIES:
  Stage-1 is a root stage
  Stage-0 depends on stages: Stage-1

STAGE PLANS:
  Stage: Stage-1
    Tez
#### A masked pattern was here ####
      Edges:
        Reducer 2 <- Map 1 (SIMPLE_EDGE)
#### A masked pattern was here ####
      Vertices:
        Map 1 
            Map Operator Tree:
                TableScan
                  alias: x
                  Statistics: Num rows: 500 Data size: 89000 Basic stats: COMPLETE Column stats: COMPLETE
                  Filter Operator
                    predicate: (key = 20) (type: boolean)
                    Statistics: Num rows: 2 Data size: 356 Basic stats: COMPLETE Column stats: COMPLETE
                    Select Operator
                      expressions: key (type: string), value (type: string)
                      outputColumnNames: _col0, _col1
                      Statistics: Num rows: 2 Data size: 356 Basic stats: COMPLETE Column stats: COMPLETE
                      Reduce Output Operator
                        key expressions: _col0 (type: string)
                        sort order: +
                        Map-reduce partition columns: _col0 (type: string)
                        Statistics: Num rows: 2 Data size: 356 Basic stats: COMPLETE Column stats: COMPLETE
                        value expressions: _col1 (type: string)
            Execution mode: vectorized, llap
            LLAP IO: no inputs
        Reducer 2 
            Execution mode: vectorized, llap
            Reduce Operator Tree:
              Select Operator
                expressions: KEY.reducesinkkey0 (type: string), VALUE._col0 (type: string)
                outputColumnNames: _col0, _col1
                Statistics: Num rows: 2 Data size: 356 Basic stats: COMPLETE Column stats: COMPLETE
                File Output Operator
                  compressed: false
                  Statistics: Num rows: 2 Data size: 356 Basic stats: COMPLETE Column stats: COMPLETE
                  table:
                      input format: org.apache.hadoop.mapred.SequenceFileInputFormat
                      output format: org.apache.hadoop.hive.ql.io.HiveSequenceFileOutputFormat
                      serde: org.apache.hadoop.hive.serde2.lazy.LazySimpleSerDe

  Stage: Stage-0
    Fetch Operator
      limit: -1
      Processor Tree:
        ListSink

PREHOOK: query: SELECT x.key, x.value as v1 FROM SRC x where x.key = 20 CLUSTER BY x.key
PREHOOK: type: QUERY
PREHOOK: Input: default@src
#### A masked pattern was here ####
POSTHOOK: query: SELECT x.key, x.value as v1 FROM SRC x where x.key = 20 CLUSTER BY x.key
POSTHOOK: type: QUERY
POSTHOOK: Input: default@src
#### A masked pattern was here ####
20	val_20
PREHOOK: query: EXPLAIN
SELECT x.key, x.value as v1  FROM SRC x where x.key = 20 CLUSTER BY v1
PREHOOK: type: QUERY
POSTHOOK: query: EXPLAIN
SELECT x.key, x.value as v1  FROM SRC x where x.key = 20 CLUSTER BY v1
POSTHOOK: type: QUERY
STAGE DEPENDENCIES:
  Stage-1 is a root stage
  Stage-0 depends on stages: Stage-1

STAGE PLANS:
  Stage: Stage-1
    Tez
#### A masked pattern was here ####
      Edges:
        Reducer 2 <- Map 1 (SIMPLE_EDGE)
#### A masked pattern was here ####
      Vertices:
        Map 1 
            Map Operator Tree:
                TableScan
                  alias: x
                  Statistics: Num rows: 500 Data size: 89000 Basic stats: COMPLETE Column stats: COMPLETE
                  Filter Operator
                    predicate: (key = 20) (type: boolean)
                    Statistics: Num rows: 2 Data size: 356 Basic stats: COMPLETE Column stats: COMPLETE
                    Select Operator
                      expressions: key (type: string), value (type: string)
                      outputColumnNames: _col0, _col1
                      Statistics: Num rows: 2 Data size: 356 Basic stats: COMPLETE Column stats: COMPLETE
                      Reduce Output Operator
                        key expressions: _col1 (type: string)
                        sort order: +
                        Map-reduce partition columns: _col1 (type: string)
                        Statistics: Num rows: 2 Data size: 356 Basic stats: COMPLETE Column stats: COMPLETE
                        value expressions: _col0 (type: string)
            Execution mode: vectorized, llap
            LLAP IO: no inputs
        Reducer 2 
            Execution mode: vectorized, llap
            Reduce Operator Tree:
              Select Operator
                expressions: VALUE._col0 (type: string), KEY.reducesinkkey0 (type: string)
                outputColumnNames: _col0, _col1
                Statistics: Num rows: 2 Data size: 356 Basic stats: COMPLETE Column stats: COMPLETE
                File Output Operator
                  compressed: false
                  Statistics: Num rows: 2 Data size: 356 Basic stats: COMPLETE Column stats: COMPLETE
                  table:
                      input format: org.apache.hadoop.mapred.SequenceFileInputFormat
                      output format: org.apache.hadoop.hive.ql.io.HiveSequenceFileOutputFormat
                      serde: org.apache.hadoop.hive.serde2.lazy.LazySimpleSerDe

  Stage: Stage-0
    Fetch Operator
      limit: -1
      Processor Tree:
        ListSink

PREHOOK: query: SELECT x.key, x.value as v1  FROM SRC x where x.key = 20 CLUSTER BY v1
PREHOOK: type: QUERY
PREHOOK: Input: default@src
#### A masked pattern was here ####
POSTHOOK: query: SELECT x.key, x.value as v1  FROM SRC x where x.key = 20 CLUSTER BY v1
POSTHOOK: type: QUERY
POSTHOOK: Input: default@src
#### A masked pattern was here ####
20	val_20
PREHOOK: query: EXPLAIN
SELECT y.* from (SELECT x.* FROM SRC x CLUSTER BY x.key) y where y.key = 20
PREHOOK: type: QUERY
POSTHOOK: query: EXPLAIN
SELECT y.* from (SELECT x.* FROM SRC x CLUSTER BY x.key) y where y.key = 20
POSTHOOK: type: QUERY
STAGE DEPENDENCIES:
  Stage-1 is a root stage
  Stage-0 depends on stages: Stage-1

STAGE PLANS:
  Stage: Stage-1
    Tez
#### A masked pattern was here ####
      Edges:
        Reducer 2 <- Map 1 (SIMPLE_EDGE)
#### A masked pattern was here ####
      Vertices:
        Map 1 
            Map Operator Tree:
                TableScan
                  alias: x
                  Statistics: Num rows: 500 Data size: 89000 Basic stats: COMPLETE Column stats: COMPLETE
                  Filter Operator
                    predicate: (key = 20) (type: boolean)
                    Statistics: Num rows: 2 Data size: 356 Basic stats: COMPLETE Column stats: COMPLETE
                    Select Operator
                      expressions: key (type: string), value (type: string)
                      outputColumnNames: _col0, _col1
                      Statistics: Num rows: 2 Data size: 356 Basic stats: COMPLETE Column stats: COMPLETE
                      Reduce Output Operator
                        key expressions: _col0 (type: string)
                        sort order: +
                        Map-reduce partition columns: _col0 (type: string)
                        Statistics: Num rows: 2 Data size: 356 Basic stats: COMPLETE Column stats: COMPLETE
                        value expressions: _col1 (type: string)
            Execution mode: vectorized, llap
            LLAP IO: no inputs
        Reducer 2 
            Execution mode: vectorized, llap
            Reduce Operator Tree:
              Select Operator
                expressions: KEY.reducesinkkey0 (type: string), VALUE._col0 (type: string)
                outputColumnNames: _col0, _col1
                Statistics: Num rows: 2 Data size: 356 Basic stats: COMPLETE Column stats: COMPLETE
                File Output Operator
                  compressed: false
                  Statistics: Num rows: 2 Data size: 356 Basic stats: COMPLETE Column stats: COMPLETE
                  table:
                      input format: org.apache.hadoop.mapred.SequenceFileInputFormat
                      output format: org.apache.hadoop.hive.ql.io.HiveSequenceFileOutputFormat
                      serde: org.apache.hadoop.hive.serde2.lazy.LazySimpleSerDe

  Stage: Stage-0
    Fetch Operator
      limit: -1
      Processor Tree:
        ListSink

PREHOOK: query: SELECT y.* from (SELECT x.* FROM SRC x CLUSTER BY x.key) y where y.key = 20
PREHOOK: type: QUERY
PREHOOK: Input: default@src
#### A masked pattern was here ####
POSTHOOK: query: SELECT y.* from (SELECT x.* FROM SRC x CLUSTER BY x.key) y where y.key = 20
POSTHOOK: type: QUERY
POSTHOOK: Input: default@src
#### A masked pattern was here ####
20	val_20
PREHOOK: query: EXPLAIN 
SELECT x.key, x.value as v1, y.key  FROM SRC x JOIN SRC y ON (x.key = y.key)  where x.key = 20 CLUSTER BY v1
PREHOOK: type: QUERY
POSTHOOK: query: EXPLAIN 
SELECT x.key, x.value as v1, y.key  FROM SRC x JOIN SRC y ON (x.key = y.key)  where x.key = 20 CLUSTER BY v1
POSTHOOK: type: QUERY
STAGE DEPENDENCIES:
  Stage-1 is a root stage
  Stage-0 depends on stages: Stage-1

STAGE PLANS:
  Stage: Stage-1
    Tez
#### A masked pattern was here ####
      Edges:
        Reducer 2 <- Map 1 (SIMPLE_EDGE), Map 4 (SIMPLE_EDGE)
        Reducer 3 <- Reducer 2 (SIMPLE_EDGE)
#### A masked pattern was here ####
      Vertices:
        Map 1 
            Map Operator Tree:
                TableScan
                  alias: x
                  Statistics: Num rows: 500 Data size: 89000 Basic stats: COMPLETE Column stats: COMPLETE
                  Filter Operator
                    predicate: (key = 20) (type: boolean)
                    Statistics: Num rows: 2 Data size: 356 Basic stats: COMPLETE Column stats: COMPLETE
                    Reduce Output Operator
                      key expressions: key (type: string)
                      sort order: +
                      Map-reduce partition columns: key (type: string)
                      Statistics: Num rows: 2 Data size: 356 Basic stats: COMPLETE Column stats: COMPLETE
                      value expressions: value (type: string)
            Execution mode: vectorized, llap
            LLAP IO: no inputs
        Map 4 
            Map Operator Tree:
                TableScan
                  alias: y
                  Statistics: Num rows: 500 Data size: 43500 Basic stats: COMPLETE Column stats: COMPLETE
                  Filter Operator
                    predicate: (key = 20) (type: boolean)
                    Statistics: Num rows: 2 Data size: 174 Basic stats: COMPLETE Column stats: COMPLETE
                    Reduce Output Operator
                      key expressions: key (type: string)
                      sort order: +
                      Map-reduce partition columns: key (type: string)
                      Statistics: Num rows: 2 Data size: 174 Basic stats: COMPLETE Column stats: COMPLETE
            Execution mode: vectorized, llap
            LLAP IO: no inputs
        Reducer 2 
            Execution mode: llap
            Reduce Operator Tree:
              Merge Join Operator
                condition map:
                     Inner Join 0 to 1
                keys:
                  0 key (type: string)
                  1 key (type: string)
                outputColumnNames: _col0, _col1, _col5
                Statistics: Num rows: 2 Data size: 530 Basic stats: COMPLETE Column stats: COMPLETE
                Select Operator
                  expressions: _col0 (type: string), _col1 (type: string), _col5 (type: string)
                  outputColumnNames: _col0, _col1, _col2
                  Statistics: Num rows: 2 Data size: 530 Basic stats: COMPLETE Column stats: COMPLETE
                  Reduce Output Operator
                    key expressions: _col1 (type: string)
                    sort order: +
                    Map-reduce partition columns: _col1 (type: string)
                    Statistics: Num rows: 2 Data size: 530 Basic stats: COMPLETE Column stats: COMPLETE
                    value expressions: _col0 (type: string), _col2 (type: string)
        Reducer 3 
            Execution mode: vectorized, llap
            Reduce Operator Tree:
              Select Operator
                expressions: VALUE._col0 (type: string), KEY.reducesinkkey0 (type: string), VALUE._col1 (type: string)
                outputColumnNames: _col0, _col1, _col2
                Statistics: Num rows: 2 Data size: 530 Basic stats: COMPLETE Column stats: COMPLETE
                File Output Operator
                  compressed: false
                  Statistics: Num rows: 2 Data size: 530 Basic stats: COMPLETE Column stats: COMPLETE
                  table:
                      input format: org.apache.hadoop.mapred.SequenceFileInputFormat
                      output format: org.apache.hadoop.hive.ql.io.HiveSequenceFileOutputFormat
                      serde: org.apache.hadoop.hive.serde2.lazy.LazySimpleSerDe

  Stage: Stage-0
    Fetch Operator
      limit: -1
      Processor Tree:
        ListSink

PREHOOK: query: SELECT x.key, x.value as v1, y.key  FROM SRC x JOIN SRC y ON (x.key = y.key) where x.key = 20 CLUSTER BY v1
PREHOOK: type: QUERY
PREHOOK: Input: default@src
#### A masked pattern was here ####
POSTHOOK: query: SELECT x.key, x.value as v1, y.key  FROM SRC x JOIN SRC y ON (x.key = y.key) where x.key = 20 CLUSTER BY v1
POSTHOOK: type: QUERY
POSTHOOK: Input: default@src
#### A masked pattern was here ####
20	val_20	20
PREHOOK: query: EXPLAIN 
SELECT x.key, x.value as v1, y.*  FROM SRC x JOIN SRC y ON (x.key = y.key) where x.key = 20 CLUSTER BY v1
PREHOOK: type: QUERY
POSTHOOK: query: EXPLAIN 
SELECT x.key, x.value as v1, y.*  FROM SRC x JOIN SRC y ON (x.key = y.key) where x.key = 20 CLUSTER BY v1
POSTHOOK: type: QUERY
STAGE DEPENDENCIES:
  Stage-1 is a root stage
  Stage-0 depends on stages: Stage-1

STAGE PLANS:
  Stage: Stage-1
    Tez
#### A masked pattern was here ####
      Edges:
        Reducer 2 <- Map 1 (SIMPLE_EDGE), Map 4 (SIMPLE_EDGE)
        Reducer 3 <- Reducer 2 (SIMPLE_EDGE)
#### A masked pattern was here ####
      Vertices:
        Map 1 
            Map Operator Tree:
                TableScan
                  alias: x
                  Statistics: Num rows: 500 Data size: 89000 Basic stats: COMPLETE Column stats: COMPLETE
                  Filter Operator
                    predicate: (key = 20) (type: boolean)
                    Statistics: Num rows: 2 Data size: 356 Basic stats: COMPLETE Column stats: COMPLETE
                    Reduce Output Operator
                      key expressions: key (type: string)
                      sort order: +
                      Map-reduce partition columns: key (type: string)
                      Statistics: Num rows: 2 Data size: 356 Basic stats: COMPLETE Column stats: COMPLETE
                      value expressions: value (type: string)
            Execution mode: vectorized, llap
            LLAP IO: no inputs
        Map 4 
            Map Operator Tree:
                TableScan
                  alias: y
                  Statistics: Num rows: 500 Data size: 89000 Basic stats: COMPLETE Column stats: COMPLETE
                  Filter Operator
                    predicate: (key = 20) (type: boolean)
                    Statistics: Num rows: 2 Data size: 356 Basic stats: COMPLETE Column stats: COMPLETE
                    Reduce Output Operator
                      key expressions: key (type: string)
                      sort order: +
                      Map-reduce partition columns: key (type: string)
                      Statistics: Num rows: 2 Data size: 356 Basic stats: COMPLETE Column stats: COMPLETE
                      value expressions: value (type: string)
            Execution mode: vectorized, llap
            LLAP IO: no inputs
        Reducer 2 
            Execution mode: llap
            Reduce Operator Tree:
              Merge Join Operator
                condition map:
                     Inner Join 0 to 1
                keys:
                  0 key (type: string)
                  1 key (type: string)
                outputColumnNames: _col0, _col1, _col5, _col6
                Statistics: Num rows: 2 Data size: 712 Basic stats: COMPLETE Column stats: COMPLETE
                Select Operator
                  expressions: _col0 (type: string), _col1 (type: string), _col5 (type: string), _col6 (type: string)
                  outputColumnNames: _col0, _col1, _col2, _col3
                  Statistics: Num rows: 2 Data size: 712 Basic stats: COMPLETE Column stats: COMPLETE
                  Reduce Output Operator
                    key expressions: _col1 (type: string)
                    sort order: +
                    Map-reduce partition columns: _col1 (type: string)
                    Statistics: Num rows: 2 Data size: 712 Basic stats: COMPLETE Column stats: COMPLETE
                    value expressions: _col0 (type: string), _col2 (type: string), _col3 (type: string)
        Reducer 3 
            Execution mode: vectorized, llap
            Reduce Operator Tree:
              Select Operator
                expressions: VALUE._col0 (type: string), KEY.reducesinkkey0 (type: string), VALUE._col1 (type: string), VALUE._col2 (type: string)
                outputColumnNames: _col0, _col1, _col2, _col3
                Statistics: Num rows: 2 Data size: 712 Basic stats: COMPLETE Column stats: COMPLETE
                File Output Operator
                  compressed: false
                  Statistics: Num rows: 2 Data size: 712 Basic stats: COMPLETE Column stats: COMPLETE
                  table:
                      input format: org.apache.hadoop.mapred.SequenceFileInputFormat
                      output format: org.apache.hadoop.hive.ql.io.HiveSequenceFileOutputFormat
                      serde: org.apache.hadoop.hive.serde2.lazy.LazySimpleSerDe

  Stage: Stage-0
    Fetch Operator
      limit: -1
      Processor Tree:
        ListSink

PREHOOK: query: SELECT x.key, x.value as v1, y.*  FROM SRC x JOIN SRC y ON (x.key = y.key) where x.key = 20 CLUSTER BY v1
PREHOOK: type: QUERY
PREHOOK: Input: default@src
#### A masked pattern was here ####
POSTHOOK: query: SELECT x.key, x.value as v1, y.*  FROM SRC x JOIN SRC y ON (x.key = y.key) where x.key = 20 CLUSTER BY v1
POSTHOOK: type: QUERY
POSTHOOK: Input: default@src
#### A masked pattern was here ####
20	val_20	20	val_20
PREHOOK: query: EXPLAIN
SELECT x.key, x.value as v1, y.*  FROM SRC x JOIN SRC y ON (x.key = y.key) where x.key = 20 CLUSTER BY x.key
PREHOOK: type: QUERY
POSTHOOK: query: EXPLAIN
SELECT x.key, x.value as v1, y.*  FROM SRC x JOIN SRC y ON (x.key = y.key) where x.key = 20 CLUSTER BY x.key
POSTHOOK: type: QUERY
STAGE DEPENDENCIES:
  Stage-1 is a root stage
  Stage-0 depends on stages: Stage-1

STAGE PLANS:
  Stage: Stage-1
    Tez
#### A masked pattern was here ####
      Edges:
        Reducer 2 <- Map 1 (SIMPLE_EDGE), Map 4 (SIMPLE_EDGE)
        Reducer 3 <- Reducer 2 (ONE_TO_ONE_EDGE)
#### A masked pattern was here ####
      Vertices:
        Map 1 
            Map Operator Tree:
                TableScan
                  alias: x
                  Statistics: Num rows: 500 Data size: 89000 Basic stats: COMPLETE Column stats: COMPLETE
                  Filter Operator
                    predicate: (key = 20) (type: boolean)
                    Statistics: Num rows: 2 Data size: 356 Basic stats: COMPLETE Column stats: COMPLETE
                    Reduce Output Operator
                      key expressions: key (type: string)
                      sort order: +
                      Map-reduce partition columns: key (type: string)
                      Statistics: Num rows: 2 Data size: 356 Basic stats: COMPLETE Column stats: COMPLETE
                      value expressions: value (type: string)
            Execution mode: vectorized, llap
            LLAP IO: no inputs
        Map 4 
            Map Operator Tree:
                TableScan
                  alias: y
                  Statistics: Num rows: 500 Data size: 89000 Basic stats: COMPLETE Column stats: COMPLETE
                  Filter Operator
                    predicate: (key = 20) (type: boolean)
                    Statistics: Num rows: 2 Data size: 356 Basic stats: COMPLETE Column stats: COMPLETE
                    Reduce Output Operator
                      key expressions: key (type: string)
                      sort order: +
                      Map-reduce partition columns: key (type: string)
                      Statistics: Num rows: 2 Data size: 356 Basic stats: COMPLETE Column stats: COMPLETE
                      value expressions: value (type: string)
            Execution mode: vectorized, llap
            LLAP IO: no inputs
        Reducer 2 
            Execution mode: llap
            Reduce Operator Tree:
              Merge Join Operator
                condition map:
                     Inner Join 0 to 1
                keys:
                  0 key (type: string)
                  1 key (type: string)
                outputColumnNames: _col0, _col1, _col5, _col6
                Statistics: Num rows: 2 Data size: 712 Basic stats: COMPLETE Column stats: COMPLETE
                Select Operator
                  expressions: _col0 (type: string), _col1 (type: string), _col5 (type: string), _col6 (type: string)
                  outputColumnNames: _col0, _col1, _col2, _col3
                  Statistics: Num rows: 2 Data size: 712 Basic stats: COMPLETE Column stats: COMPLETE
                  Reduce Output Operator
                    key expressions: _col0 (type: string)
                    sort order: +
                    Map-reduce partition columns: _col0 (type: string)
                    Statistics: Num rows: 2 Data size: 712 Basic stats: COMPLETE Column stats: COMPLETE
                    value expressions: _col1 (type: string), _col2 (type: string), _col3 (type: string)
        Reducer 3 
            Execution mode: vectorized, llap
            Reduce Operator Tree:
              Select Operator
                expressions: KEY.reducesinkkey0 (type: string), VALUE._col0 (type: string), VALUE._col1 (type: string), VALUE._col2 (type: string)
                outputColumnNames: _col0, _col1, _col2, _col3
                Statistics: Num rows: 2 Data size: 712 Basic stats: COMPLETE Column stats: COMPLETE
                File Output Operator
                  compressed: false
                  Statistics: Num rows: 2 Data size: 712 Basic stats: COMPLETE Column stats: COMPLETE
                  table:
                      input format: org.apache.hadoop.mapred.SequenceFileInputFormat
                      output format: org.apache.hadoop.hive.ql.io.HiveSequenceFileOutputFormat
                      serde: org.apache.hadoop.hive.serde2.lazy.LazySimpleSerDe

  Stage: Stage-0
    Fetch Operator
      limit: -1
      Processor Tree:
        ListSink

PREHOOK: query: SELECT x.key, x.value as v1, y.*  FROM SRC x JOIN SRC y ON (x.key = y.key) where x.key = 20 CLUSTER BY x.key
PREHOOK: type: QUERY
PREHOOK: Input: default@src
#### A masked pattern was here ####
POSTHOOK: query: SELECT x.key, x.value as v1, y.*  FROM SRC x JOIN SRC y ON (x.key = y.key) where x.key = 20 CLUSTER BY x.key
POSTHOOK: type: QUERY
POSTHOOK: Input: default@src
#### A masked pattern was here ####
20	val_20	20	val_20
PREHOOK: query: EXPLAIN
SELECT x.key, x.value as v1, y.key as yk  FROM SRC x JOIN SRC y ON (x.key = y.key) where x.key = 20 CLUSTER BY key
PREHOOK: type: QUERY
POSTHOOK: query: EXPLAIN
SELECT x.key, x.value as v1, y.key as yk  FROM SRC x JOIN SRC y ON (x.key = y.key) where x.key = 20 CLUSTER BY key
POSTHOOK: type: QUERY
STAGE DEPENDENCIES:
  Stage-1 is a root stage
  Stage-0 depends on stages: Stage-1

STAGE PLANS:
  Stage: Stage-1
    Tez
#### A masked pattern was here ####
      Edges:
        Reducer 2 <- Map 1 (SIMPLE_EDGE), Map 4 (SIMPLE_EDGE)
        Reducer 3 <- Reducer 2 (ONE_TO_ONE_EDGE)
#### A masked pattern was here ####
      Vertices:
        Map 1 
            Map Operator Tree:
                TableScan
                  alias: x
                  Statistics: Num rows: 500 Data size: 89000 Basic stats: COMPLETE Column stats: COMPLETE
                  Filter Operator
                    predicate: (key = 20) (type: boolean)
                    Statistics: Num rows: 2 Data size: 356 Basic stats: COMPLETE Column stats: COMPLETE
                    Reduce Output Operator
                      key expressions: key (type: string)
                      sort order: +
                      Map-reduce partition columns: key (type: string)
                      Statistics: Num rows: 2 Data size: 356 Basic stats: COMPLETE Column stats: COMPLETE
                      value expressions: value (type: string)
            Execution mode: vectorized, llap
            LLAP IO: no inputs
        Map 4 
            Map Operator Tree:
                TableScan
                  alias: y
                  Statistics: Num rows: 500 Data size: 43500 Basic stats: COMPLETE Column stats: COMPLETE
                  Filter Operator
                    predicate: (key = 20) (type: boolean)
                    Statistics: Num rows: 2 Data size: 174 Basic stats: COMPLETE Column stats: COMPLETE
                    Reduce Output Operator
                      key expressions: key (type: string)
                      sort order: +
                      Map-reduce partition columns: key (type: string)
                      Statistics: Num rows: 2 Data size: 174 Basic stats: COMPLETE Column stats: COMPLETE
            Execution mode: vectorized, llap
            LLAP IO: no inputs
        Reducer 2 
            Execution mode: llap
            Reduce Operator Tree:
              Merge Join Operator
                condition map:
                     Inner Join 0 to 1
                keys:
                  0 key (type: string)
                  1 key (type: string)
                outputColumnNames: _col0, _col1, _col5
                Statistics: Num rows: 2 Data size: 530 Basic stats: COMPLETE Column stats: COMPLETE
                Select Operator
                  expressions: _col0 (type: string), _col1 (type: string), _col5 (type: string)
                  outputColumnNames: _col0, _col1, _col2
                  Statistics: Num rows: 2 Data size: 530 Basic stats: COMPLETE Column stats: COMPLETE
                  Reduce Output Operator
                    key expressions: _col0 (type: string)
                    sort order: +
                    Map-reduce partition columns: _col0 (type: string)
                    Statistics: Num rows: 2 Data size: 530 Basic stats: COMPLETE Column stats: COMPLETE
                    value expressions: _col1 (type: string), _col2 (type: string)
        Reducer 3 
            Execution mode: vectorized, llap
            Reduce Operator Tree:
              Select Operator
                expressions: KEY.reducesinkkey0 (type: string), VALUE._col0 (type: string), VALUE._col1 (type: string)
                outputColumnNames: _col0, _col1, _col2
                Statistics: Num rows: 2 Data size: 530 Basic stats: COMPLETE Column stats: COMPLETE
                File Output Operator
                  compressed: false
                  Statistics: Num rows: 2 Data size: 530 Basic stats: COMPLETE Column stats: COMPLETE
                  table:
                      input format: org.apache.hadoop.mapred.SequenceFileInputFormat
                      output format: org.apache.hadoop.hive.ql.io.HiveSequenceFileOutputFormat
                      serde: org.apache.hadoop.hive.serde2.lazy.LazySimpleSerDe

  Stage: Stage-0
    Fetch Operator
      limit: -1
      Processor Tree:
        ListSink

PREHOOK: query: SELECT x.key, x.value as v1, y.key as yk  FROM SRC x JOIN SRC y ON (x.key = y.key) where x.key = 20 CLUSTER BY key
PREHOOK: type: QUERY
PREHOOK: Input: default@src
#### A masked pattern was here ####
POSTHOOK: query: SELECT x.key, x.value as v1, y.key as yk  FROM SRC x JOIN SRC y ON (x.key = y.key) where x.key = 20 CLUSTER BY key
POSTHOOK: type: QUERY
POSTHOOK: Input: default@src
#### A masked pattern was here ####
20	val_20	20
PREHOOK: query: EXPLAIN
SELECT unioninput.*
FROM (
  FROM src select src.key, src.value WHERE src.key < 100
  UNION ALL
  FROM src SELECT src.* WHERE src.key > 100
) unioninput
CLUSTER BY unioninput.key
PREHOOK: type: QUERY
POSTHOOK: query: EXPLAIN
SELECT unioninput.*
FROM (
  FROM src select src.key, src.value WHERE src.key < 100
  UNION ALL
  FROM src SELECT src.* WHERE src.key > 100
) unioninput
CLUSTER BY unioninput.key
POSTHOOK: type: QUERY
STAGE DEPENDENCIES:
  Stage-1 is a root stage
  Stage-0 depends on stages: Stage-1

STAGE PLANS:
  Stage: Stage-1
    Tez
#### A masked pattern was here ####
      Edges:
        Map 1 <- Union 2 (CONTAINS)
        Map 4 <- Union 2 (CONTAINS)
        Reducer 3 <- Union 2 (SIMPLE_EDGE)
#### A masked pattern was here ####
      Vertices:
        Map 1 
            Map Operator Tree:
                TableScan
                  alias: src
                  Statistics: Num rows: 500 Data size: 89000 Basic stats: COMPLETE Column stats: COMPLETE
                  Filter Operator
                    predicate: (key < 100) (type: boolean)
                    Statistics: Num rows: 166 Data size: 29548 Basic stats: COMPLETE Column stats: COMPLETE
                    Select Operator
                      expressions: key (type: string), value (type: string)
                      outputColumnNames: _col0, _col1
                      Statistics: Num rows: 166 Data size: 29548 Basic stats: COMPLETE Column stats: COMPLETE
                      Reduce Output Operator
                        key expressions: _col0 (type: string)
                        sort order: +
                        Map-reduce partition columns: _col0 (type: string)
                        Statistics: Num rows: 332 Data size: 59096 Basic stats: COMPLETE Column stats: COMPLETE
                        value expressions: _col1 (type: string)
            Execution mode: vectorized, llap
            LLAP IO: no inputs
        Map 4 
            Map Operator Tree:
                TableScan
                  alias: src
                  Statistics: Num rows: 500 Data size: 89000 Basic stats: COMPLETE Column stats: COMPLETE
                  Filter Operator
                    predicate: (key > 100) (type: boolean)
                    Statistics: Num rows: 166 Data size: 29548 Basic stats: COMPLETE Column stats: COMPLETE
                    Select Operator
                      expressions: key (type: string), value (type: string)
                      outputColumnNames: _col0, _col1
                      Statistics: Num rows: 166 Data size: 29548 Basic stats: COMPLETE Column stats: COMPLETE
                      Reduce Output Operator
                        key expressions: _col0 (type: string)
                        sort order: +
                        Map-reduce partition columns: _col0 (type: string)
                        Statistics: Num rows: 332 Data size: 59096 Basic stats: COMPLETE Column stats: COMPLETE
                        value expressions: _col1 (type: string)
            Execution mode: vectorized, llap
            LLAP IO: no inputs
        Reducer 3 
            Execution mode: vectorized, llap
            Reduce Operator Tree:
              Select Operator
                expressions: KEY.reducesinkkey0 (type: string), VALUE._col0 (type: string)
                outputColumnNames: _col0, _col1
                Statistics: Num rows: 332 Data size: 59096 Basic stats: COMPLETE Column stats: COMPLETE
                File Output Operator
                  compressed: false
                  Statistics: Num rows: 332 Data size: 59096 Basic stats: COMPLETE Column stats: COMPLETE
                  table:
                      input format: org.apache.hadoop.mapred.SequenceFileInputFormat
                      output format: org.apache.hadoop.hive.ql.io.HiveSequenceFileOutputFormat
                      serde: org.apache.hadoop.hive.serde2.lazy.LazySimpleSerDe
        Union 2 
            Vertex: Union 2

  Stage: Stage-0
    Fetch Operator
      limit: -1
      Processor Tree:
        ListSink

PREHOOK: query: SELECT unioninput.*
FROM (
  FROM src select src.key, src.value WHERE src.key < 100
  UNION ALL
  FROM src SELECT src.* WHERE src.key > 100
) unioninput
CLUSTER BY unioninput.key
PREHOOK: type: QUERY
PREHOOK: Input: default@src
#### A masked pattern was here ####
POSTHOOK: query: SELECT unioninput.*
FROM (
  FROM src select src.key, src.value WHERE src.key < 100
  UNION ALL
  FROM src SELECT src.* WHERE src.key > 100
) unioninput
CLUSTER BY unioninput.key
POSTHOOK: type: QUERY
POSTHOOK: Input: default@src
#### A masked pattern was here ####
10	val_10
104	val_104
104	val_104
111	val_111
114	val_114
116	val_116
126	val_126
128	val_128
128	val_128
128	val_128
131	val_131
134	val_134
134	val_134
152	val_152
152	val_152
155	val_155
169	val_169
169	val_169
169	val_169
169	val_169
17	val_17
170	val_170
172	val_172
172	val_172
178	val_178
179	val_179
179	val_179
189	val_189
19	val_19
192	val_192
194	val_194
195	val_195
195	val_195
199	val_199
199	val_199
199	val_199
20	val_20
207	val_207
207	val_207
213	val_213
213	val_213
218	val_218
223	val_223
223	val_223
229	val_229
229	val_229
233	val_233
233	val_233
235	val_235
24	val_24
24	val_24
256	val_256
256	val_256
257	val_257
26	val_26
26	val_26
265	val_265
265	val_265
266	val_266
27	val_27
278	val_278
278	val_278
280	val_280
280	val_280
284	val_284
291	val_291
30	val_30
302	val_302
305	val_305
316	val_316
316	val_316
316	val_316
321	val_321
321	val_321
323	val_323
33	val_33
333	val_333
333	val_333
338	val_338
344	val_344
344	val_344
353	val_353
353	val_353
356	val_356
364	val_364
368	val_368
369	val_369
369	val_369
369	val_369
37	val_37
37	val_37
377	val_377
378	val_378
386	val_386
392	val_392
397	val_397
397	val_397
404	val_404
404	val_404
407	val_407
411	val_411
418	val_418
419	val_419
424	val_424
424	val_424
430	val_430
430	val_430
430	val_430
432	val_432
436	val_436
437	val_437
448	val_448
454	val_454
454	val_454
454	val_454
457	val_457
468	val_468
468	val_468
468	val_468
468	val_468
477	val_477
479	val_479
490	val_490
492	val_492
492	val_492
493	val_493
495	val_495
496	val_496
497	val_497
57	val_57
67	val_67
67	val_67
8	val_8
80	val_80
85	val_85
9	val_9
92	val_92
97	val_97
97	val_97
105	val_105
11	val_11
113	val_113
113	val_113
136	val_136
137	val_137
137	val_137
138	val_138
138	val_138
138	val_138
138	val_138
143	val_143
150	val_150
158	val_158
160	val_160
162	val_162
165	val_165
165	val_165
166	val_166
174	val_174
174	val_174
177	val_177
18	val_18
18	val_18
180	val_180
186	val_186
196	val_196
197	val_197
197	val_197
217	val_217
217	val_217
219	val_219
219	val_219
226	val_226
230	val_230
230	val_230
230	val_230
230	val_230
230	val_230
238	val_238
238	val_238
242	val_242
242	val_242
248	val_248
252	val_252
260	val_260
263	val_263
274	val_274
277	val_277
277	val_277
277	val_277
277	val_277
296	val_296
307	val_307
307	val_307
308	val_308
325	val_325
325	val_325
327	val_327
327	val_327
327	val_327
342	val_342
342	val_342
348	val_348
348	val_348
348	val_348
348	val_348
348	val_348
35	val_35
35	val_35
35	val_35
351	val_351
367	val_367
367	val_367
389	val_389
393	val_393
394	val_394
4	val_4
403	val_403
403	val_403
403	val_403
409	val_409
409	val_409
409	val_409
414	val_414
414	val_414
421	val_421
427	val_427
429	val_429
429	val_429
435	val_435
438	val_438
438	val_438
438	val_438
439	val_439
439	val_439
455	val_455
458	val_458
458	val_458
460	val_460
462	val_462
462	val_462
475	val_475
478	val_478
478	val_478
480	val_480
480	val_480
480	val_480
484	val_484
487	val_487
53	val_53
58	val_58
58	val_58
66	val_66
69	val_69
77	val_77
78	val_78
83	val_83
83	val_83
90	val_90
90	val_90
90	val_90
95	val_95
95	val_95
103	val_103
103	val_103
120	val_120
120	val_120
129	val_129
129	val_129
133	val_133
145	val_145
146	val_146
146	val_146
149	val_149
149	val_149
15	val_15
15	val_15
157	val_157
181	val_181
187	val_187
187	val_187
187	val_187
191	val_191
191	val_191
2	val_2
200	val_200
200	val_200
201	val_201
202	val_202
203	val_203
203	val_203
208	val_208
208	val_208
208	val_208
214	val_214
216	val_216
216	val_216
222	val_222
224	val_224
224	val_224
228	val_228
237	val_237
237	val_237
239	val_239
239	val_239
241	val_241
244	val_244
255	val_255
255	val_255
258	val_258
262	val_262
273	val_273
273	val_273
273	val_273
275	val_275
28	val_28
282	val_282
282	val_282
285	val_285
286	val_286
287	val_287
288	val_288
288	val_288
292	val_292
298	val_298
298	val_298
298	val_298
310	val_310
311	val_311
311	val_311
311	val_311
332	val_332
335	val_335
336	val_336
339	val_339
360	val_360
362	val_362
373	val_373
384	val_384
384	val_384
384	val_384
395	val_395
395	val_395
396	val_396
396	val_396
396	val_396
402	val_402
417	val_417
417	val_417
417	val_417
42	val_42
42	val_42
43	val_43
444	val_444
449	val_449
453	val_453
459	val_459
459	val_459
47	val_47
481	val_481
482	val_482
483	val_483
485	val_485
489	val_489
489	val_489
489	val_489
489	val_489
494	val_494
65	val_65
72	val_72
72	val_72
74	val_74
76	val_76
76	val_76
82	val_82
86	val_86
87	val_87
96	val_96
0	val_0
0	val_0
0	val_0
118	val_118
118	val_118
119	val_119
119	val_119
119	val_119
12	val_12
12	val_12
125	val_125
125	val_125
153	val_153
156	val_156
163	val_163
164	val_164
164	val_164
167	val_167
167	val_167
167	val_167
168	val_168
175	val_175
175	val_175
176	val_176
176	val_176
183	val_183
190	val_190
193	val_193
193	val_193
193	val_193
205	val_205
205	val_205
209	val_209
209	val_209
221	val_221
221	val_221
247	val_247
249	val_249
272	val_272
272	val_272
281	val_281
281	val_281
283	val_283
289	val_289
306	val_306
309	val_309
309	val_309
315	val_315
317	val_317
317	val_317
318	val_318
318	val_318
318	val_318
322	val_322
322	val_322
331	val_331
331	val_331
34	val_34
341	val_341
345	val_345
365	val_365
366	val_366
374	val_374
375	val_375
379	val_379
382	val_382
382	val_382
399	val_399
399	val_399
400	val_400
401	val_401
401	val_401
401	val_401
401	val_401
401	val_401
406	val_406
406	val_406
406	val_406
406	val_406
41	val_41
413	val_413
413	val_413
431	val_431
431	val_431
431	val_431
44	val_44
443	val_443
446	val_446
452	val_452
463	val_463
463	val_463
466	val_466
466	val_466
466	val_466
467	val_467
469	val_469
469	val_469
469	val_469
469	val_469
469	val_469
470	val_470
472	val_472
491	val_491
498	val_498
498	val_498
498	val_498
5	val_5
5	val_5
5	val_5
51	val_51
51	val_51
54	val_54
64	val_64
70	val_70
70	val_70
70	val_70
84	val_84
84	val_84
98	val_98
98	val_98
