PREHOOK: query: CREATE TABLE T1_n127(key STRING, val STRING) STORED AS TEXTFILE
PREHOOK: type: CREATETABLE
PREHOOK: Output: database:default
PREHOOK: Output: default@T1_n127
PREHOOK: query: LOAD DATA LOCAL INPATH '../../data/files/T1.txt' INTO TABLE T1_n127
PREHOOK: type: LOAD
#### A masked pattern was here ####
PREHOOK: Output: default@t1_n127
PREHOOK: query: CREATE TABLE T2_n75(key STRING, val STRING) STORED AS TEXTFILE
PREHOOK: type: CREATETABLE
PREHOOK: Output: database:default
PREHOOK: Output: default@T2_n75
PREHOOK: query: CREATE TABLE T3_n29(key STRING, val STRING) STORED AS TEXTFILE
PREHOOK: type: CREATETABLE
PREHOOK: Output: database:default
PREHOOK: Output: default@T3_n29
PREHOOK: query: CREATE TABLE T4_n16(key STRING, val STRING) PARTITIONED BY (p STRING)
PREHOOK: type: CREATETABLE
PREHOOK: Output: database:default
PREHOOK: Output: default@T4_n16
PREHOOK: query: SELECT key FROM T1_n127
PREHOOK: type: QUERY
PREHOOK: Input: default@t1_n127
#### A masked pattern was here ####
Table:default@t1_n127
Columns:key

1
2
3
7
8
8
PREHOOK: query: SELECT key, val FROM T1_n127
PREHOOK: type: QUERY
PREHOOK: Input: default@t1_n127
#### A masked pattern was here ####
Table:default@t1_n127
Columns:key,val

1	11
2	12
3	13
7	17
8	18
8	28
PREHOOK: query: SELECT 1 FROM T1_n127
PREHOOK: type: QUERY
PREHOOK: Input: default@t1_n127
#### A masked pattern was here ####
1
1
1
1
1
1
PREHOOK: query: SELECT key, val from T4_n16 where p=1
PREHOOK: type: QUERY
PREHOOK: Input: default@t4_n16
#### A masked pattern was here ####
Table:default@t4_n16
Columns:key,p,val

PREHOOK: query: SELECT val FROM T4_n16 where p=1
PREHOOK: type: QUERY
PREHOOK: Input: default@t4_n16
#### A masked pattern was here ####
Table:default@t4_n16
Columns:p,val

PREHOOK: query: SELECT p, val FROM T4_n16 where p=1
PREHOOK: type: QUERY
PREHOOK: Input: default@t4_n16
#### A masked pattern was here ####
Table:default@t4_n16
Columns:p,val

PREHOOK: query: EXPLAIN SELECT key FROM (SELECT key, val FROM T1_n127) subq1
PREHOOK: type: QUERY
PREHOOK: Input: default@t1_n127
#### A masked pattern was here ####
STAGE DEPENDENCIES:
  Stage-0 is a root stage

STAGE PLANS:
  Stage: Stage-0
    Fetch Operator
      limit: -1
      Processor Tree:
        TableScan
          alias: t1_n127
          Select Operator
            expressions: key (type: string)
            outputColumnNames: _col0
            ListSink

PREHOOK: query: SELECT key FROM (SELECT key, val FROM T1_n127) subq1
PREHOOK: type: QUERY
PREHOOK: Input: default@t1_n127
#### A masked pattern was here ####
Table:default@t1_n127
Columns:key

1
2
3
7
8
8
PREHOOK: query: EXPLAIN SELECT k FROM (SELECT key as k, val as v FROM T1_n127) subq1
PREHOOK: type: QUERY
PREHOOK: Input: default@t1_n127
#### A masked pattern was here ####
STAGE DEPENDENCIES:
  Stage-0 is a root stage

STAGE PLANS:
  Stage: Stage-0
    Fetch Operator
      limit: -1
      Processor Tree:
        TableScan
          alias: t1_n127
          Select Operator
            expressions: key (type: string)
            outputColumnNames: _col0
            ListSink

PREHOOK: query: SELECT k FROM (SELECT key as k, val as v FROM T1_n127) subq1
PREHOOK: type: QUERY
PREHOOK: Input: default@t1_n127
#### A masked pattern was here ####
Table:default@t1_n127
Columns:key

1
2
3
7
8
8
PREHOOK: query: SELECT key + 1 as k FROM T1_n127
PREHOOK: type: QUERY
PREHOOK: Input: default@t1_n127
#### A masked pattern was here ####
Table:default@t1_n127
Columns:key

2.0
3.0
4.0
8.0
9.0
9.0
PREHOOK: query: SELECT key + val as k FROM T1_n127
PREHOOK: type: QUERY
PREHOOK: Input: default@t1_n127
#### A masked pattern was here ####
Table:default@t1_n127
Columns:key,val

12.0
14.0
16.0
24.0
26.0
36.0
PREHOOK: query: EXPLAIN
SELECT * FROM (
SELECT key as c FROM T1_n127
 UNION ALL
SELECT val as c FROM T1_n127
) subq1
PREHOOK: type: QUERY
PREHOOK: Input: default@t1_n127
#### A masked pattern was here ####
STAGE DEPENDENCIES:
  Stage-1 is a root stage
  Stage-0 depends on stages: Stage-1

STAGE PLANS:
  Stage: Stage-1
    Tez
#### A masked pattern was here ####
      Edges:
        Map 1 <- Union 2 (CONTAINS)
        Map 3 <- Union 2 (CONTAINS)
#### A masked pattern was here ####
      Vertices:
        Map 1 
            Map Operator Tree:
                TableScan
                  alias: t1_n127
                  Statistics: Num rows: 1 Data size: 184 Basic stats: COMPLETE Column stats: NONE
                  Select Operator
                    expressions: key (type: string)
                    outputColumnNames: _col0
                    Statistics: Num rows: 1 Data size: 184 Basic stats: COMPLETE Column stats: NONE
                    File Output Operator
                      compressed: false
                      Statistics: Num rows: 2 Data size: 368 Basic stats: COMPLETE Column stats: NONE
                      table:
                          input format: org.apache.hadoop.mapred.SequenceFileInputFormat
                          output format: org.apache.hadoop.hive.ql.io.HiveSequenceFileOutputFormat
                          serde: org.apache.hadoop.hive.serde2.lazy.LazySimpleSerDe
            Execution mode: vectorized, llap
            LLAP IO: all inputs
        Map 3 
            Map Operator Tree:
                TableScan
                  alias: t1_n127
                  Statistics: Num rows: 1 Data size: 184 Basic stats: COMPLETE Column stats: NONE
                  Select Operator
                    expressions: val (type: string)
                    outputColumnNames: _col0
                    Statistics: Num rows: 1 Data size: 184 Basic stats: COMPLETE Column stats: NONE
                    File Output Operator
                      compressed: false
                      Statistics: Num rows: 2 Data size: 368 Basic stats: COMPLETE Column stats: NONE
                      table:
                          input format: org.apache.hadoop.mapred.SequenceFileInputFormat
                          output format: org.apache.hadoop.hive.ql.io.HiveSequenceFileOutputFormat
                          serde: org.apache.hadoop.hive.serde2.lazy.LazySimpleSerDe
            Execution mode: vectorized, llap
            LLAP IO: all inputs
        Union 2 
            Vertex: Union 2

  Stage: Stage-0
    Fetch Operator
      limit: -1
      Processor Tree:
        ListSink

PREHOOK: query: SELECT * FROM (
SELECT key as c FROM T1_n127
 UNION ALL
SELECT val as c FROM T1_n127
) subq1
PREHOOK: type: QUERY
PREHOOK: Input: default@t1_n127
#### A masked pattern was here ####
Table:default@t1_n127
Columns:key,val

1
11
12
13
17
18
2
28
3
7
8
8
PREHOOK: query: EXPLAIN
SELECT * FROM (
SELECT key as c FROM T1_n127
 UNION ALL
SELECT key as c FROM T1_n127
) subq1
PREHOOK: type: QUERY
PREHOOK: Input: default@t1_n127
#### A masked pattern was here ####
STAGE DEPENDENCIES:
  Stage-1 is a root stage
  Stage-0 depends on stages: Stage-1

STAGE PLANS:
  Stage: Stage-1
    Tez
#### A masked pattern was here ####
      Edges:
        Map 1 <- Union 2 (CONTAINS)
        Map 3 <- Union 2 (CONTAINS)
#### A masked pattern was here ####
      Vertices:
        Map 1 
            Map Operator Tree:
                TableScan
                  alias: t1_n127
                  Statistics: Num rows: 1 Data size: 184 Basic stats: COMPLETE Column stats: NONE
                  Select Operator
                    expressions: key (type: string)
                    outputColumnNames: _col0
                    Statistics: Num rows: 1 Data size: 184 Basic stats: COMPLETE Column stats: NONE
                    File Output Operator
                      compressed: false
                      Statistics: Num rows: 2 Data size: 368 Basic stats: COMPLETE Column stats: NONE
                      table:
                          input format: org.apache.hadoop.mapred.SequenceFileInputFormat
                          output format: org.apache.hadoop.hive.ql.io.HiveSequenceFileOutputFormat
                          serde: org.apache.hadoop.hive.serde2.lazy.LazySimpleSerDe
            Execution mode: vectorized, llap
            LLAP IO: all inputs
        Map 3 
            Map Operator Tree:
                TableScan
                  alias: t1_n127
                  Statistics: Num rows: 1 Data size: 184 Basic stats: COMPLETE Column stats: NONE
                  Select Operator
                    expressions: key (type: string)
                    outputColumnNames: _col0
                    Statistics: Num rows: 1 Data size: 184 Basic stats: COMPLETE Column stats: NONE
                    File Output Operator
                      compressed: false
                      Statistics: Num rows: 2 Data size: 368 Basic stats: COMPLETE Column stats: NONE
                      table:
                          input format: org.apache.hadoop.mapred.SequenceFileInputFormat
                          output format: org.apache.hadoop.hive.ql.io.HiveSequenceFileOutputFormat
                          serde: org.apache.hadoop.hive.serde2.lazy.LazySimpleSerDe
            Execution mode: vectorized, llap
            LLAP IO: all inputs
        Union 2 
            Vertex: Union 2

  Stage: Stage-0
    Fetch Operator
      limit: -1
      Processor Tree:
        ListSink

PREHOOK: query: SELECT * FROM (
SELECT key as c FROM T1_n127
 UNION ALL
SELECT key as c FROM T1_n127
) subq1
PREHOOK: type: QUERY
PREHOOK: Input: default@t1_n127
#### A masked pattern was here ####
Table:default@t1_n127
Columns:key

1
1
2
2
3
3
7
7
8
8
8
8
PREHOOK: query: FROM T1_n127
INSERT OVERWRITE TABLE T2_n75 SELECT key, count(1) GROUP BY key
INSERT OVERWRITE TABLE T3_n29 SELECT key, sum(val) GROUP BY key
PREHOOK: type: QUERY
PREHOOK: Input: default@t1_n127
PREHOOK: Output: default@t2_n75
PREHOOK: Output: default@t3_n29
Table:default@t1_n127
Columns:key,val

PREHOOK: query: SELECT *
FROM T1_n127 JOIN T2_n75
ON T1_n127.key = T2_n75.key
PREHOOK: type: QUERY
PREHOOK: Input: default@t1_n127
PREHOOK: Input: default@t2_n75
#### A masked pattern was here ####
Table:default@t1_n127
Columns:key,val

Table:default@t2_n75
Columns:key,val

1	11	1	1
2	12	2	1
3	13	3	1
7	17	7	1
8	18	8	2
8	28	8	2
PREHOOK: query: EXPLAIN
SELECT T1_n127.key
FROM T1_n127 JOIN T2_n75
ON T1_n127.key = T2_n75.key
PREHOOK: type: QUERY
PREHOOK: Input: default@t1_n127
PREHOOK: Input: default@t2_n75
#### A masked pattern was here ####
STAGE DEPENDENCIES:
  Stage-1 is a root stage
  Stage-0 depends on stages: Stage-1

STAGE PLANS:
  Stage: Stage-1
    Tez
#### A masked pattern was here ####
      Edges:
        Reducer 2 <- Map 1 (SIMPLE_EDGE), Map 3 (SIMPLE_EDGE)
#### A masked pattern was here ####
      Vertices:
        Map 1 
            Map Operator Tree:
                TableScan
                  alias: t1_n127
                  filterExpr: key is not null (type: boolean)
                  Statistics: Num rows: 1 Data size: 184 Basic stats: COMPLETE Column stats: NONE
                  Filter Operator
                    predicate: key is not null (type: boolean)
                    Statistics: Num rows: 1 Data size: 184 Basic stats: COMPLETE Column stats: NONE
                    Select Operator
                      expressions: key (type: string)
                      outputColumnNames: _col0
                      Statistics: Num rows: 1 Data size: 184 Basic stats: COMPLETE Column stats: NONE
                      Reduce Output Operator
                        key expressions: _col0 (type: string)
                        null sort order: z
                        sort order: +
                        Map-reduce partition columns: _col0 (type: string)
                        Statistics: Num rows: 1 Data size: 184 Basic stats: COMPLETE Column stats: NONE
            Execution mode: vectorized, llap
            LLAP IO: all inputs
        Map 3 
            Map Operator Tree:
                TableScan
                  alias: t2_n75
                  filterExpr: key is not null (type: boolean)
                  Statistics: Num rows: 5 Data size: 425 Basic stats: COMPLETE Column stats: COMPLETE
                  Filter Operator
                    predicate: key is not null (type: boolean)
                    Statistics: Num rows: 5 Data size: 425 Basic stats: COMPLETE Column stats: COMPLETE
                    Select Operator
                      expressions: key (type: string)
                      outputColumnNames: _col0
                      Statistics: Num rows: 5 Data size: 425 Basic stats: COMPLETE Column stats: COMPLETE
                      Reduce Output Operator
                        key expressions: _col0 (type: string)
                        null sort order: z
                        sort order: +
                        Map-reduce partition columns: _col0 (type: string)
                        Statistics: Num rows: 5 Data size: 425 Basic stats: COMPLETE Column stats: COMPLETE
            Execution mode: vectorized, llap
            LLAP IO: all inputs
        Reducer 2 
            Execution mode: llap
            Reduce Operator Tree:
              Merge Join Operator
                condition map:
                     Inner Join 0 to 1
                keys:
                  0 _col0 (type: string)
                  1 _col0 (type: string)
                outputColumnNames: _col0
                Statistics: Num rows: 5 Data size: 467 Basic stats: COMPLETE Column stats: NONE
                File Output Operator
                  compressed: false
                  Statistics: Num rows: 5 Data size: 467 Basic stats: COMPLETE Column stats: NONE
                  table:
                      input format: org.apache.hadoop.mapred.SequenceFileInputFormat
                      output format: org.apache.hadoop.hive.ql.io.HiveSequenceFileOutputFormat
                      serde: org.apache.hadoop.hive.serde2.lazy.LazySimpleSerDe

  Stage: Stage-0
    Fetch Operator
      limit: -1
      Processor Tree:
        ListSink

PREHOOK: query: SELECT T1_n127.key
FROM T1_n127 JOIN T2_n75
ON T1_n127.key = T2_n75.key
PREHOOK: type: QUERY
PREHOOK: Input: default@t1_n127
PREHOOK: Input: default@t2_n75
#### A masked pattern was here ####
Table:default@t1_n127
Columns:key

Table:default@t2_n75
Columns:key

1
2
3
7
8
8
PREHOOK: query: SELECT *
FROM T1_n127 JOIN T2_n75
ON T1_n127.key = T2_n75.key AND T1_n127.val = T2_n75.val
PREHOOK: type: QUERY
PREHOOK: Input: default@t1_n127
PREHOOK: Input: default@t2_n75
#### A masked pattern was here ####
Table:default@t1_n127
Columns:key,val

Table:default@t2_n75
Columns:key,val

PREHOOK: query: SELECT /*+ MAPJOIN(a) */ * 
FROM T1_n127 a JOIN T2_n75 b 
ON a.key = b.key
PREHOOK: type: QUERY
PREHOOK: Input: default@t1_n127
PREHOOK: Input: default@t2_n75
#### A masked pattern was here ####
Table:default@t1_n127
Columns:key,val

Table:default@t2_n75
Columns:key,val

1	11	1	1
2	12	2	1
3	13	3	1
7	17	7	1
8	18	8	2
8	28	8	2
PREHOOK: query: EXPLAIN
SELECT *
FROM T1_n127 JOIN T2_n75
ON T1_n127.key = T2_n75.key AND T1_n127.val = 3 and T2_n75.val = 3
PREHOOK: type: QUERY
PREHOOK: Input: default@t1_n127
PREHOOK: Input: default@t2_n75
#### A masked pattern was here ####
STAGE DEPENDENCIES:
  Stage-1 is a root stage
  Stage-0 depends on stages: Stage-1

STAGE PLANS:
  Stage: Stage-1
    Tez
#### A masked pattern was here ####
      Edges:
        Reducer 2 <- Map 1 (SIMPLE_EDGE), Map 3 (SIMPLE_EDGE)
#### A masked pattern was here ####
      Vertices:
        Map 1 
            Map Operator Tree:
                TableScan
                  alias: t1_n127
                  filterExpr: ((UDFToDouble(val) = 3.0D) and key is not null) (type: boolean)
                  Statistics: Num rows: 1 Data size: 368 Basic stats: COMPLETE Column stats: NONE
                  Filter Operator
                    predicate: ((UDFToDouble(val) = 3.0D) and key is not null) (type: boolean)
                    Statistics: Num rows: 1 Data size: 368 Basic stats: COMPLETE Column stats: NONE
                    Select Operator
                      expressions: key (type: string), val (type: string)
                      outputColumnNames: _col0, _col1
                      Statistics: Num rows: 1 Data size: 368 Basic stats: COMPLETE Column stats: NONE
                      Reduce Output Operator
                        key expressions: _col0 (type: string)
                        null sort order: z
                        sort order: +
                        Map-reduce partition columns: _col0 (type: string)
                        Statistics: Num rows: 1 Data size: 368 Basic stats: COMPLETE Column stats: NONE
                        value expressions: _col1 (type: string)
            Execution mode: vectorized, llap
            LLAP IO: all inputs
        Map 3 
            Map Operator Tree:
                TableScan
                  alias: t2_n75
                  filterExpr: ((UDFToDouble(val) = 3.0D) and key is not null) (type: boolean)
                  Statistics: Num rows: 5 Data size: 850 Basic stats: COMPLETE Column stats: COMPLETE
                  Filter Operator
                    predicate: ((UDFToDouble(val) = 3.0D) and key is not null) (type: boolean)
                    Statistics: Num rows: 2 Data size: 340 Basic stats: COMPLETE Column stats: COMPLETE
                    Select Operator
                      expressions: key (type: string), val (type: string)
                      outputColumnNames: _col0, _col1
                      Statistics: Num rows: 2 Data size: 340 Basic stats: COMPLETE Column stats: COMPLETE
                      Reduce Output Operator
                        key expressions: _col0 (type: string)
                        null sort order: z
                        sort order: +
                        Map-reduce partition columns: _col0 (type: string)
                        Statistics: Num rows: 2 Data size: 340 Basic stats: COMPLETE Column stats: COMPLETE
                        value expressions: _col1 (type: string)
            Execution mode: vectorized, llap
            LLAP IO: all inputs
        Reducer 2 
            Execution mode: llap
            Reduce Operator Tree:
              Merge Join Operator
                condition map:
                     Inner Join 0 to 1
                keys:
                  0 _col0 (type: string)
                  1 _col0 (type: string)
                outputColumnNames: _col0, _col1, _col2, _col3
                Statistics: Num rows: 2 Data size: 374 Basic stats: COMPLETE Column stats: NONE
                File Output Operator
                  compressed: false
                  Statistics: Num rows: 2 Data size: 374 Basic stats: COMPLETE Column stats: NONE
                  table:
                      input format: org.apache.hadoop.mapred.SequenceFileInputFormat
                      output format: org.apache.hadoop.hive.ql.io.HiveSequenceFileOutputFormat
                      serde: org.apache.hadoop.hive.serde2.lazy.LazySimpleSerDe

  Stage: Stage-0
    Fetch Operator
      limit: -1
      Processor Tree:
        ListSink

PREHOOK: query: SELECT *
FROM T1_n127 JOIN T2_n75
ON T1_n127.key = T2_n75.key AND T1_n127.val = 3 and T2_n75.val = 3
PREHOOK: type: QUERY
PREHOOK: Input: default@t1_n127
PREHOOK: Input: default@t2_n75
#### A masked pattern was here ####
Table:default@t1_n127
Columns:key,val

Table:default@t2_n75
Columns:key,val

PREHOOK: query: EXPLAIN
SELECT subq1.val
FROM 
(
  SELECT val FROM T1_n127 WHERE key = 5  
) subq1
JOIN 
(
  SELECT val FROM T2_n75 WHERE key = 6
) subq2 
ON subq1.val = subq2.val
PREHOOK: type: QUERY
PREHOOK: Input: default@t1_n127
PREHOOK: Input: default@t2_n75
#### A masked pattern was here ####
STAGE DEPENDENCIES:
  Stage-1 is a root stage
  Stage-0 depends on stages: Stage-1

STAGE PLANS:
  Stage: Stage-1
    Tez
#### A masked pattern was here ####
      Edges:
        Reducer 2 <- Map 1 (SIMPLE_EDGE), Map 3 (SIMPLE_EDGE)
#### A masked pattern was here ####
      Vertices:
        Map 1 
            Map Operator Tree:
                TableScan
                  alias: t1_n127
                  filterExpr: ((UDFToDouble(key) = 5.0D) and val is not null) (type: boolean)
                  Statistics: Num rows: 1 Data size: 368 Basic stats: COMPLETE Column stats: NONE
                  Filter Operator
                    predicate: ((UDFToDouble(key) = 5.0D) and val is not null) (type: boolean)
                    Statistics: Num rows: 1 Data size: 368 Basic stats: COMPLETE Column stats: NONE
                    Select Operator
                      expressions: val (type: string)
                      outputColumnNames: _col0
                      Statistics: Num rows: 1 Data size: 368 Basic stats: COMPLETE Column stats: NONE
                      Reduce Output Operator
                        key expressions: _col0 (type: string)
                        null sort order: z
                        sort order: +
                        Map-reduce partition columns: _col0 (type: string)
                        Statistics: Num rows: 1 Data size: 368 Basic stats: COMPLETE Column stats: NONE
            Execution mode: vectorized, llap
            LLAP IO: all inputs
        Map 3 
            Map Operator Tree:
                TableScan
                  alias: t2_n75
                  filterExpr: ((UDFToDouble(key) = 6.0D) and val is not null) (type: boolean)
                  Statistics: Num rows: 5 Data size: 850 Basic stats: COMPLETE Column stats: COMPLETE
                  Filter Operator
                    predicate: ((UDFToDouble(key) = 6.0D) and val is not null) (type: boolean)
                    Statistics: Num rows: 2 Data size: 340 Basic stats: COMPLETE Column stats: COMPLETE
                    Select Operator
                      expressions: val (type: string)
                      outputColumnNames: _col0
                      Statistics: Num rows: 2 Data size: 170 Basic stats: COMPLETE Column stats: COMPLETE
                      Reduce Output Operator
                        key expressions: _col0 (type: string)
                        null sort order: z
                        sort order: +
                        Map-reduce partition columns: _col0 (type: string)
                        Statistics: Num rows: 2 Data size: 170 Basic stats: COMPLETE Column stats: COMPLETE
            Execution mode: vectorized, llap
            LLAP IO: all inputs
        Reducer 2 
            Execution mode: llap
            Reduce Operator Tree:
              Merge Join Operator
                condition map:
                     Inner Join 0 to 1
                keys:
                  0 _col0 (type: string)
                  1 _col0 (type: string)
                outputColumnNames: _col0
                Statistics: Num rows: 2 Data size: 187 Basic stats: COMPLETE Column stats: NONE
                File Output Operator
                  compressed: false
                  Statistics: Num rows: 2 Data size: 187 Basic stats: COMPLETE Column stats: NONE
                  table:
                      input format: org.apache.hadoop.mapred.SequenceFileInputFormat
                      output format: org.apache.hadoop.hive.ql.io.HiveSequenceFileOutputFormat
                      serde: org.apache.hadoop.hive.serde2.lazy.LazySimpleSerDe

  Stage: Stage-0
    Fetch Operator
      limit: -1
      Processor Tree:
        ListSink

PREHOOK: query: SELECT subq1.val
FROM 
(
  SELECT val FROM T1_n127 WHERE key = 5  
) subq1
JOIN 
(
  SELECT val FROM T2_n75 WHERE key = 6
) subq2 
ON subq1.val = subq2.val
PREHOOK: type: QUERY
PREHOOK: Input: default@t1_n127
PREHOOK: Input: default@t2_n75
#### A masked pattern was here ####
Table:default@t1_n127
Columns:key,val

Table:default@t2_n75
Columns:key,val

PREHOOK: query: EXPLAIN
SELECT *
FROM
(
  SELECT subq1.key as key
  FROM
  (
    SELECT key, val FROM T1_n127
  ) subq1
  JOIN
  (
    SELECT key, 'teststring' as val FROM T2_n75
  ) subq2
  ON subq1.key = subq2.key
) T4_n16
JOIN T3_n29
ON T3_n29.key = T4_n16.key
PREHOOK: type: QUERY
PREHOOK: Input: default@t1_n127
PREHOOK: Input: default@t2_n75
PREHOOK: Input: default@t3_n29
#### A masked pattern was here ####
STAGE DEPENDENCIES:
  Stage-1 is a root stage
  Stage-0 depends on stages: Stage-1

STAGE PLANS:
  Stage: Stage-1
    Tez
#### A masked pattern was here ####
      Edges:
        Reducer 2 <- Map 1 (SIMPLE_EDGE), Map 4 (SIMPLE_EDGE)
        Reducer 3 <- Map 5 (SIMPLE_EDGE), Reducer 2 (SIMPLE_EDGE)
#### A masked pattern was here ####
      Vertices:
        Map 1 
            Map Operator Tree:
                TableScan
                  alias: t2_n75
                  filterExpr: key is not null (type: boolean)
                  Statistics: Num rows: 5 Data size: 425 Basic stats: COMPLETE Column stats: COMPLETE
                  Filter Operator
                    predicate: key is not null (type: boolean)
                    Statistics: Num rows: 5 Data size: 425 Basic stats: COMPLETE Column stats: COMPLETE
                    Select Operator
                      expressions: key (type: string)
                      outputColumnNames: _col0
                      Statistics: Num rows: 5 Data size: 425 Basic stats: COMPLETE Column stats: COMPLETE
                      Reduce Output Operator
                        key expressions: _col0 (type: string)
                        null sort order: z
                        sort order: +
                        Map-reduce partition columns: _col0 (type: string)
                        Statistics: Num rows: 5 Data size: 425 Basic stats: COMPLETE Column stats: COMPLETE
            Execution mode: vectorized, llap
            LLAP IO: all inputs
        Map 4 
            Map Operator Tree:
                TableScan
                  alias: t1_n127
                  filterExpr: key is not null (type: boolean)
                  Statistics: Num rows: 1 Data size: 184 Basic stats: COMPLETE Column stats: NONE
                  Filter Operator
                    predicate: key is not null (type: boolean)
                    Statistics: Num rows: 1 Data size: 184 Basic stats: COMPLETE Column stats: NONE
                    Select Operator
                      expressions: key (type: string)
                      outputColumnNames: _col0
                      Statistics: Num rows: 1 Data size: 184 Basic stats: COMPLETE Column stats: NONE
                      Reduce Output Operator
                        key expressions: _col0 (type: string)
                        null sort order: z
                        sort order: +
                        Map-reduce partition columns: _col0 (type: string)
                        Statistics: Num rows: 1 Data size: 184 Basic stats: COMPLETE Column stats: NONE
            Execution mode: vectorized, llap
            LLAP IO: all inputs
        Map 5 
            Map Operator Tree:
                TableScan
                  alias: t3_n29
                  filterExpr: key is not null (type: boolean)
                  Statistics: Num rows: 5 Data size: 865 Basic stats: COMPLETE Column stats: COMPLETE
                  Filter Operator
                    predicate: key is not null (type: boolean)
                    Statistics: Num rows: 5 Data size: 865 Basic stats: COMPLETE Column stats: COMPLETE
                    Select Operator
                      expressions: key (type: string), val (type: string)
                      outputColumnNames: _col0, _col1
                      Statistics: Num rows: 5 Data size: 865 Basic stats: COMPLETE Column stats: COMPLETE
                      Reduce Output Operator
                        key expressions: _col0 (type: string)
                        null sort order: z
                        sort order: +
                        Map-reduce partition columns: _col0 (type: string)
                        Statistics: Num rows: 5 Data size: 865 Basic stats: COMPLETE Column stats: COMPLETE
                        value expressions: _col1 (type: string)
            Execution mode: vectorized, llap
            LLAP IO: all inputs
        Reducer 2 
            Execution mode: llap
            Reduce Operator Tree:
              Merge Join Operator
                condition map:
                     Inner Join 0 to 1
                keys:
                  0 _col0 (type: string)
                  1 _col0 (type: string)
                outputColumnNames: _col1
                Statistics: Num rows: 5 Data size: 467 Basic stats: COMPLETE Column stats: NONE
                Reduce Output Operator
                  key expressions: _col1 (type: string)
                  null sort order: z
                  sort order: +
                  Map-reduce partition columns: _col1 (type: string)
                  Statistics: Num rows: 5 Data size: 467 Basic stats: COMPLETE Column stats: NONE
        Reducer 3 
            Execution mode: llap
            Reduce Operator Tree:
              Merge Join Operator
                condition map:
                     Inner Join 0 to 1
                keys:
                  0 _col1 (type: string)
                  1 _col0 (type: string)
                outputColumnNames: _col1, _col2, _col3
                Statistics: Num rows: 5 Data size: 513 Basic stats: COMPLETE Column stats: NONE
                Select Operator
                  expressions: _col1 (type: string), _col2 (type: string), _col3 (type: string)
                  outputColumnNames: _col0, _col1, _col2
                  Statistics: Num rows: 5 Data size: 513 Basic stats: COMPLETE Column stats: NONE
                  File Output Operator
                    compressed: false
                    Statistics: Num rows: 5 Data size: 513 Basic stats: COMPLETE Column stats: NONE
                    table:
                        input format: org.apache.hadoop.mapred.SequenceFileInputFormat
                        output format: org.apache.hadoop.hive.ql.io.HiveSequenceFileOutputFormat
                        serde: org.apache.hadoop.hive.serde2.lazy.LazySimpleSerDe

  Stage: Stage-0
    Fetch Operator
      limit: -1
      Processor Tree:
        ListSink

PREHOOK: query: SELECT *
FROM
(
  SELECT subq1.key as key
  FROM
  (
    SELECT key, val FROM T1_n127
  ) subq1
  JOIN
  (
    SELECT key, 'teststring' as val FROM T2_n75
  ) subq2
  ON subq1.key = subq2.key
) T4_n16
JOIN T3_n29
ON T3_n29.key = T4_n16.key
PREHOOK: type: QUERY
PREHOOK: Input: default@t1_n127
PREHOOK: Input: default@t2_n75
PREHOOK: Input: default@t3_n29
#### A masked pattern was here ####
Table:default@t1_n127
Columns:key

Table:default@t2_n75
Columns:key

Table:default@t3_n29
Columns:key,val

1	1	11.0
2	2	12.0
3	3	13.0
7	7	17.0
8	8	46.0
8	8	46.0
PREHOOK: query: SELECT * FROM srcpart TABLESAMPLE (10 ROWS)
PREHOOK: type: QUERY
PREHOOK: Input: default@srcpart
PREHOOK: Input: default@srcpart@ds=2008-04-08/hr=11
PREHOOK: Input: default@srcpart@ds=2008-04-08/hr=12
PREHOOK: Input: default@srcpart@ds=2008-04-09/hr=11
PREHOOK: Input: default@srcpart@ds=2008-04-09/hr=12
#### A masked pattern was here ####
Table:default@srcpart
Columns:ds,hr,key,value

165	val_165	2008-04-08	11
238	val_238	2008-04-08	11
255	val_255	2008-04-08	11
27	val_27	2008-04-08	11
278	val_278	2008-04-08	11
311	val_311	2008-04-08	11
409	val_409	2008-04-08	11
484	val_484	2008-04-08	11
86	val_86	2008-04-08	11
98	val_98	2008-04-08	11
PREHOOK: query: SELECT key,ds FROM srcpart TABLESAMPLE (10 ROWS) WHERE hr='11'
PREHOOK: type: QUERY
PREHOOK: Input: default@srcpart
PREHOOK: Input: default@srcpart@ds=2008-04-08/hr=11
PREHOOK: Input: default@srcpart@ds=2008-04-09/hr=11
#### A masked pattern was here ####
Table:default@srcpart
Columns:ds,hr,key

165	2008-04-08
238	2008-04-08
255	2008-04-08
27	2008-04-08
278	2008-04-08
311	2008-04-08
409	2008-04-08
484	2008-04-08
86	2008-04-08
98	2008-04-08
PREHOOK: query: SELECT value FROM srcpart TABLESAMPLE (10 ROWS) WHERE ds='2008-04-08'
PREHOOK: type: QUERY
PREHOOK: Input: default@srcpart
PREHOOK: Input: default@srcpart@ds=2008-04-08/hr=11
PREHOOK: Input: default@srcpart@ds=2008-04-08/hr=12
#### A masked pattern was here ####
Table:default@srcpart
Columns:ds,value

val_165
val_238
val_255
val_27
val_278
val_311
val_409
val_484
val_86
val_98
