PREHOOK: query: explain
select 1 as a from src
union all
select 1 as a from src limit 1
PREHOOK: type: QUERY
PREHOOK: Input: default@src
#### A masked pattern was here ####
POSTHOOK: query: explain
select 1 as a from src
union all
select 1 as a from src limit 1
POSTHOOK: type: QUERY
POSTHOOK: Input: default@src
#### A masked pattern was here ####
STAGE DEPENDENCIES:
  Stage-1 is a root stage
  Stage-0 depends on stages: Stage-1

STAGE PLANS:
  Stage: Stage-1
    Tez
#### A masked pattern was here ####
      Edges:
        Map 1 <- Union 2 (CONTAINS)
        Map 3 <- Union 2 (CONTAINS)
#### A masked pattern was here ####
      Vertices:
        Map 1 
            Map Operator Tree:
                TableScan
                  alias: src
                  Statistics: Num rows: 500 Data size: 5312 Basic stats: COMPLETE Column stats: COMPLETE
                  Select Operator
                    Statistics: Num rows: 500 Data size: 2000 Basic stats: COMPLETE Column stats: COMPLETE
                    Select Operator
                      expressions: 1 (type: int)
                      outputColumnNames: _col0
                      Statistics: Num rows: 1000 Data size: 4000 Basic stats: COMPLETE Column stats: COMPLETE
                      Limit
                        Number of rows: 1
                        Statistics: Num rows: 1 Data size: 4 Basic stats: COMPLETE Column stats: COMPLETE
                        File Output Operator
                          compressed: false
                          Statistics: Num rows: 1 Data size: 4 Basic stats: COMPLETE Column stats: COMPLETE
                          table:
                              input format: org.apache.hadoop.mapred.SequenceFileInputFormat
                              output format: org.apache.hadoop.hive.ql.io.HiveSequenceFileOutputFormat
                              serde: org.apache.hadoop.hive.serde2.lazy.LazySimpleSerDe
            Execution mode: vectorized, llap
            LLAP IO: no inputs
        Map 3 
            Map Operator Tree:
                TableScan
                  alias: src
                  Statistics: Num rows: 500 Data size: 5312 Basic stats: COMPLETE Column stats: COMPLETE
                  Select Operator
                    Statistics: Num rows: 500 Data size: 2000 Basic stats: COMPLETE Column stats: COMPLETE
                    Select Operator
                      expressions: 1 (type: int)
                      outputColumnNames: _col0
                      Statistics: Num rows: 1000 Data size: 4000 Basic stats: COMPLETE Column stats: COMPLETE
                      Limit
                        Number of rows: 1
                        Statistics: Num rows: 1 Data size: 4 Basic stats: COMPLETE Column stats: COMPLETE
                        File Output Operator
                          compressed: false
                          Statistics: Num rows: 1 Data size: 4 Basic stats: COMPLETE Column stats: COMPLETE
                          table:
                              input format: org.apache.hadoop.mapred.SequenceFileInputFormat
                              output format: org.apache.hadoop.hive.ql.io.HiveSequenceFileOutputFormat
                              serde: org.apache.hadoop.hive.serde2.lazy.LazySimpleSerDe
            Execution mode: vectorized, llap
            LLAP IO: no inputs
        Union 2 
            Vertex: Union 2

  Stage: Stage-0
    Fetch Operator
      limit: 1
      Processor Tree:
        ListSink

Warning: Shuffle Join MERGEJOIN[19][tables = [sub, b]] in Stage 'Reducer 4' is a cross product
PREHOOK: query: explain
select a, key, value from
(
select 1 as a from src
union all
select 1 as a from src limit 1
)sub join src b where value='12345'
PREHOOK: type: QUERY
PREHOOK: Input: default@src
#### A masked pattern was here ####
POSTHOOK: query: explain
select a, key, value from
(
select 1 as a from src
union all
select 1 as a from src limit 1
)sub join src b where value='12345'
POSTHOOK: type: QUERY
POSTHOOK: Input: default@src
#### A masked pattern was here ####
STAGE DEPENDENCIES:
  Stage-1 is a root stage
  Stage-0 depends on stages: Stage-1

STAGE PLANS:
  Stage: Stage-1
    Tez
#### A masked pattern was here ####
      Edges:
        Map 1 <- Union 2 (CONTAINS)
        Map 5 <- Union 2 (CONTAINS)
        Reducer 3 <- Union 2 (CUSTOM_SIMPLE_EDGE)
        Reducer 4 <- Map 6 (XPROD_EDGE), Reducer 3 (XPROD_EDGE)
#### A masked pattern was here ####
      Vertices:
        Map 1 
            Map Operator Tree:
                TableScan
                  alias: src
                  Statistics: Num rows: 500 Data size: 5312 Basic stats: COMPLETE Column stats: COMPLETE
                  Select Operator
                    Statistics: Num rows: 500 Data size: 2000 Basic stats: COMPLETE Column stats: COMPLETE
                    Select Operator
                      Statistics: Num rows: 1000 Data size: 8000 Basic stats: COMPLETE Column stats: COMPLETE
                      Limit
                        Number of rows: 1
                        Statistics: Num rows: 1 Data size: 8 Basic stats: COMPLETE Column stats: COMPLETE
                        Reduce Output Operator
                          null sort order: 
                          sort order: 
                          Statistics: Num rows: 1 Data size: 8 Basic stats: COMPLETE Column stats: COMPLETE
                          TopN Hash Memory Usage: 0.1
            Execution mode: vectorized, llap
            LLAP IO: no inputs
        Map 5 
            Map Operator Tree:
                TableScan
                  alias: src
                  Statistics: Num rows: 500 Data size: 5312 Basic stats: COMPLETE Column stats: COMPLETE
                  Select Operator
                    Statistics: Num rows: 500 Data size: 2000 Basic stats: COMPLETE Column stats: COMPLETE
                    Select Operator
                      Statistics: Num rows: 1000 Data size: 8000 Basic stats: COMPLETE Column stats: COMPLETE
                      Limit
                        Number of rows: 1
                        Statistics: Num rows: 1 Data size: 8 Basic stats: COMPLETE Column stats: COMPLETE
                        Reduce Output Operator
                          null sort order: 
                          sort order: 
                          Statistics: Num rows: 1 Data size: 8 Basic stats: COMPLETE Column stats: COMPLETE
                          TopN Hash Memory Usage: 0.1
            Execution mode: vectorized, llap
            LLAP IO: no inputs
        Map 6 
            Map Operator Tree:
                TableScan
                  alias: b
                  filterExpr: (value = '12345') (type: boolean)
                  Statistics: Num rows: 500 Data size: 89000 Basic stats: COMPLETE Column stats: COMPLETE
                  Filter Operator
                    predicate: (value = '12345') (type: boolean)
                    Statistics: Num rows: 2 Data size: 356 Basic stats: COMPLETE Column stats: COMPLETE
                    Reduce Output Operator
                      null sort order: 
                      sort order: 
                      Statistics: Num rows: 2 Data size: 356 Basic stats: COMPLETE Column stats: COMPLETE
                      value expressions: key (type: string)
            Execution mode: vectorized, llap
            LLAP IO: no inputs
        Reducer 3 
            Execution mode: vectorized, llap
            Reduce Operator Tree:
              Limit
                Number of rows: 1
                Statistics: Num rows: 1 Data size: 8 Basic stats: COMPLETE Column stats: COMPLETE
                Reduce Output Operator
                  null sort order: 
                  sort order: 
                  Statistics: Num rows: 1 Data size: 8 Basic stats: COMPLETE Column stats: COMPLETE
        Reducer 4 
            Execution mode: llap
            Reduce Operator Tree:
              Merge Join Operator
                condition map:
                     Inner Join 0 to 1
                keys:
                  0 
                  1 
                outputColumnNames: _col1
                Statistics: Num rows: 2 Data size: 174 Basic stats: COMPLETE Column stats: COMPLETE
                Select Operator
                  expressions: 1 (type: int), _col1 (type: string), '12345' (type: string)
                  outputColumnNames: _col0, _col1, _col2
                  Statistics: Num rows: 2 Data size: 360 Basic stats: COMPLETE Column stats: COMPLETE
                  File Output Operator
                    compressed: false
                    Statistics: Num rows: 2 Data size: 360 Basic stats: COMPLETE Column stats: COMPLETE
                    table:
                        input format: org.apache.hadoop.mapred.SequenceFileInputFormat
                        output format: org.apache.hadoop.hive.ql.io.HiveSequenceFileOutputFormat
                        serde: org.apache.hadoop.hive.serde2.lazy.LazySimpleSerDe
        Union 2 
            Vertex: Union 2

  Stage: Stage-0
    Fetch Operator
      limit: -1
      Processor Tree:
        ListSink

PREHOOK: query: explain
select 1 as a from src
union all
select 2 as a from src limit 1
PREHOOK: type: QUERY
PREHOOK: Input: default@src
#### A masked pattern was here ####
POSTHOOK: query: explain
select 1 as a from src
union all
select 2 as a from src limit 1
POSTHOOK: type: QUERY
POSTHOOK: Input: default@src
#### A masked pattern was here ####
STAGE DEPENDENCIES:
  Stage-1 is a root stage
  Stage-0 depends on stages: Stage-1

STAGE PLANS:
  Stage: Stage-1
    Tez
#### A masked pattern was here ####
      Edges:
        Map 1 <- Union 2 (CONTAINS)
        Map 3 <- Union 2 (CONTAINS)
#### A masked pattern was here ####
      Vertices:
        Map 1 
            Map Operator Tree:
                TableScan
                  alias: src
                  Statistics: Num rows: 500 Data size: 5312 Basic stats: COMPLETE Column stats: COMPLETE
                  Select Operator
                    expressions: 1 (type: int)
                    outputColumnNames: _col0
                    Statistics: Num rows: 500 Data size: 2000 Basic stats: COMPLETE Column stats: COMPLETE
                    Limit
                      Number of rows: 1
                      Statistics: Num rows: 1 Data size: 4 Basic stats: COMPLETE Column stats: COMPLETE
                      File Output Operator
                        compressed: false
                        Statistics: Num rows: 1 Data size: 4 Basic stats: COMPLETE Column stats: COMPLETE
                        table:
                            input format: org.apache.hadoop.mapred.SequenceFileInputFormat
                            output format: org.apache.hadoop.hive.ql.io.HiveSequenceFileOutputFormat
                            serde: org.apache.hadoop.hive.serde2.lazy.LazySimpleSerDe
            Execution mode: vectorized, llap
            LLAP IO: no inputs
        Map 3 
            Map Operator Tree:
                TableScan
                  alias: src
                  Statistics: Num rows: 500 Data size: 5312 Basic stats: COMPLETE Column stats: COMPLETE
                  Select Operator
                    expressions: 2 (type: int)
                    outputColumnNames: _col0
                    Statistics: Num rows: 500 Data size: 2000 Basic stats: COMPLETE Column stats: COMPLETE
                    Limit
                      Number of rows: 1
                      Statistics: Num rows: 1 Data size: 4 Basic stats: COMPLETE Column stats: COMPLETE
                      File Output Operator
                        compressed: false
                        Statistics: Num rows: 1 Data size: 4 Basic stats: COMPLETE Column stats: COMPLETE
                        table:
                            input format: org.apache.hadoop.mapred.SequenceFileInputFormat
                            output format: org.apache.hadoop.hive.ql.io.HiveSequenceFileOutputFormat
                            serde: org.apache.hadoop.hive.serde2.lazy.LazySimpleSerDe
            Execution mode: vectorized, llap
            LLAP IO: no inputs
        Union 2 
            Vertex: Union 2

  Stage: Stage-0
    Fetch Operator
      limit: 1
      Processor Tree:
        ListSink

Warning: Shuffle Join MERGEJOIN[19][tables = [sub, b]] in Stage 'Reducer 4' is a cross product
PREHOOK: query: explain
select a, key, value from
(
select 1 as a from src
union all
select 2 as a from src limit 1
)sub join src b where value='12345'
PREHOOK: type: QUERY
PREHOOK: Input: default@src
#### A masked pattern was here ####
POSTHOOK: query: explain
select a, key, value from
(
select 1 as a from src
union all
select 2 as a from src limit 1
)sub join src b where value='12345'
POSTHOOK: type: QUERY
POSTHOOK: Input: default@src
#### A masked pattern was here ####
STAGE DEPENDENCIES:
  Stage-1 is a root stage
  Stage-0 depends on stages: Stage-1

STAGE PLANS:
  Stage: Stage-1
    Tez
#### A masked pattern was here ####
      Edges:
        Map 1 <- Union 2 (CONTAINS)
        Map 5 <- Union 2 (CONTAINS)
        Reducer 3 <- Union 2 (CUSTOM_SIMPLE_EDGE)
        Reducer 4 <- Map 6 (XPROD_EDGE), Reducer 3 (XPROD_EDGE)
#### A masked pattern was here ####
      Vertices:
        Map 1 
            Map Operator Tree:
                TableScan
                  alias: src
                  Statistics: Num rows: 500 Data size: 5312 Basic stats: COMPLETE Column stats: COMPLETE
                  Select Operator
                    expressions: 1 (type: int)
                    outputColumnNames: _col0
                    Statistics: Num rows: 500 Data size: 2000 Basic stats: COMPLETE Column stats: COMPLETE
                    Limit
                      Number of rows: 1
                      Statistics: Num rows: 1 Data size: 4 Basic stats: COMPLETE Column stats: COMPLETE
                      Reduce Output Operator
                        null sort order: 
                        sort order: 
                        Statistics: Num rows: 1 Data size: 4 Basic stats: COMPLETE Column stats: COMPLETE
                        TopN Hash Memory Usage: 0.1
                        value expressions: _col0 (type: int)
            Execution mode: vectorized, llap
            LLAP IO: no inputs
        Map 5 
            Map Operator Tree:
                TableScan
                  alias: src
                  Statistics: Num rows: 500 Data size: 5312 Basic stats: COMPLETE Column stats: COMPLETE
                  Select Operator
                    expressions: 2 (type: int)
                    outputColumnNames: _col0
                    Statistics: Num rows: 500 Data size: 2000 Basic stats: COMPLETE Column stats: COMPLETE
                    Limit
                      Number of rows: 1
                      Statistics: Num rows: 1 Data size: 4 Basic stats: COMPLETE Column stats: COMPLETE
                      Reduce Output Operator
                        null sort order: 
                        sort order: 
                        Statistics: Num rows: 1 Data size: 4 Basic stats: COMPLETE Column stats: COMPLETE
                        TopN Hash Memory Usage: 0.1
                        value expressions: _col0 (type: int)
            Execution mode: vectorized, llap
            LLAP IO: no inputs
        Map 6 
            Map Operator Tree:
                TableScan
                  alias: b
                  filterExpr: (value = '12345') (type: boolean)
                  Statistics: Num rows: 500 Data size: 89000 Basic stats: COMPLETE Column stats: COMPLETE
                  Filter Operator
                    predicate: (value = '12345') (type: boolean)
                    Statistics: Num rows: 2 Data size: 356 Basic stats: COMPLETE Column stats: COMPLETE
                    Reduce Output Operator
                      null sort order: 
                      sort order: 
                      Statistics: Num rows: 2 Data size: 356 Basic stats: COMPLETE Column stats: COMPLETE
                      value expressions: key (type: string)
            Execution mode: vectorized, llap
            LLAP IO: no inputs
        Reducer 3 
            Execution mode: vectorized, llap
            Reduce Operator Tree:
              Select Operator
                expressions: VALUE._col0 (type: int)
                outputColumnNames: _col0
                Statistics: Num rows: 1 Data size: 4 Basic stats: COMPLETE Column stats: COMPLETE
                Limit
                  Number of rows: 1
                  Statistics: Num rows: 1 Data size: 4 Basic stats: COMPLETE Column stats: COMPLETE
                  Reduce Output Operator
                    null sort order: 
                    sort order: 
                    Statistics: Num rows: 1 Data size: 4 Basic stats: COMPLETE Column stats: COMPLETE
                    value expressions: _col0 (type: int)
        Reducer 4 
            Execution mode: llap
            Reduce Operator Tree:
              Merge Join Operator
                condition map:
                     Inner Join 0 to 1
                keys:
                  0 
                  1 
                outputColumnNames: _col0, _col1
                Statistics: Num rows: 2 Data size: 182 Basic stats: COMPLETE Column stats: COMPLETE
                Select Operator
                  expressions: _col0 (type: int), _col1 (type: string), '12345' (type: string)
                  outputColumnNames: _col0, _col1, _col2
                  Statistics: Num rows: 2 Data size: 360 Basic stats: COMPLETE Column stats: COMPLETE
                  File Output Operator
                    compressed: false
                    Statistics: Num rows: 2 Data size: 360 Basic stats: COMPLETE Column stats: COMPLETE
                    table:
                        input format: org.apache.hadoop.mapred.SequenceFileInputFormat
                        output format: org.apache.hadoop.hive.ql.io.HiveSequenceFileOutputFormat
                        serde: org.apache.hadoop.hive.serde2.lazy.LazySimpleSerDe
        Union 2 
            Vertex: Union 2

  Stage: Stage-0
    Fetch Operator
      limit: -1
      Processor Tree:
        ListSink

Warning: Shuffle Join MERGEJOIN[10][tables = [a, b]] in Stage 'Reducer 2' is a cross product
PREHOOK: query: explain
select a.key, b.value from src a join src b where a.key = '238' and b.value = '234'
PREHOOK: type: QUERY
PREHOOK: Input: default@src
#### A masked pattern was here ####
POSTHOOK: query: explain
select a.key, b.value from src a join src b where a.key = '238' and b.value = '234'
POSTHOOK: type: QUERY
POSTHOOK: Input: default@src
#### A masked pattern was here ####
STAGE DEPENDENCIES:
  Stage-1 is a root stage
  Stage-0 depends on stages: Stage-1

STAGE PLANS:
  Stage: Stage-1
    Tez
#### A masked pattern was here ####
      Edges:
        Reducer 2 <- Map 1 (XPROD_EDGE), Map 3 (XPROD_EDGE)
#### A masked pattern was here ####
      Vertices:
        Map 1 
            Map Operator Tree:
                TableScan
                  alias: a
                  filterExpr: (key = '238') (type: boolean)
                  Statistics: Num rows: 500 Data size: 43500 Basic stats: COMPLETE Column stats: COMPLETE
                  Filter Operator
                    predicate: (key = '238') (type: boolean)
                    Statistics: Num rows: 2 Data size: 174 Basic stats: COMPLETE Column stats: COMPLETE
                    Reduce Output Operator
                      null sort order: 
                      sort order: 
                      Statistics: Num rows: 2 Data size: 174 Basic stats: COMPLETE Column stats: COMPLETE
            Execution mode: vectorized, llap
            LLAP IO: no inputs
        Map 3 
            Map Operator Tree:
                TableScan
                  alias: b
                  filterExpr: (value = '234') (type: boolean)
                  Statistics: Num rows: 500 Data size: 45500 Basic stats: COMPLETE Column stats: COMPLETE
                  Filter Operator
                    predicate: (value = '234') (type: boolean)
                    Statistics: Num rows: 2 Data size: 182 Basic stats: COMPLETE Column stats: COMPLETE
                    Reduce Output Operator
                      null sort order: 
                      sort order: 
                      Statistics: Num rows: 2 Data size: 182 Basic stats: COMPLETE Column stats: COMPLETE
            Execution mode: vectorized, llap
            LLAP IO: no inputs
        Reducer 2 
            Execution mode: llap
            Reduce Operator Tree:
              Merge Join Operator
                condition map:
                     Inner Join 0 to 1
                keys:
                  0 
                  1 
                Statistics: Num rows: 4 Data size: 32 Basic stats: COMPLETE Column stats: COMPLETE
                Select Operator
                  expressions: '238' (type: string), '234' (type: string)
                  outputColumnNames: _col0, _col1
                  Statistics: Num rows: 4 Data size: 696 Basic stats: COMPLETE Column stats: COMPLETE
                  File Output Operator
                    compressed: false
                    Statistics: Num rows: 4 Data size: 696 Basic stats: COMPLETE Column stats: COMPLETE
                    table:
                        input format: org.apache.hadoop.mapred.SequenceFileInputFormat
                        output format: org.apache.hadoop.hive.ql.io.HiveSequenceFileOutputFormat
                        serde: org.apache.hadoop.hive.serde2.lazy.LazySimpleSerDe

  Stage: Stage-0
    Fetch Operator
      limit: -1
      Processor Tree:
        ListSink

PREHOOK: query: explain
select a.key, b.value from src a join src b on a.key=b.key where b.value = '234'
PREHOOK: type: QUERY
PREHOOK: Input: default@src
#### A masked pattern was here ####
POSTHOOK: query: explain
select a.key, b.value from src a join src b on a.key=b.key where b.value = '234'
POSTHOOK: type: QUERY
POSTHOOK: Input: default@src
#### A masked pattern was here ####
STAGE DEPENDENCIES:
  Stage-1 is a root stage
  Stage-0 depends on stages: Stage-1

STAGE PLANS:
  Stage: Stage-1
    Tez
#### A masked pattern was here ####
      Edges:
        Reducer 2 <- Map 1 (SIMPLE_EDGE), Map 3 (SIMPLE_EDGE)
#### A masked pattern was here ####
      Vertices:
        Map 1 
            Map Operator Tree:
                TableScan
                  alias: a
                  filterExpr: key is not null (type: boolean)
                  Statistics: Num rows: 500 Data size: 43500 Basic stats: COMPLETE Column stats: COMPLETE
                  Filter Operator
                    predicate: key is not null (type: boolean)
                    Statistics: Num rows: 500 Data size: 43500 Basic stats: COMPLETE Column stats: COMPLETE
                    Reduce Output Operator
                      key expressions: key (type: string)
                      null sort order: z
                      sort order: +
                      Map-reduce partition columns: key (type: string)
                      Statistics: Num rows: 500 Data size: 43500 Basic stats: COMPLETE Column stats: COMPLETE
            Execution mode: vectorized, llap
            LLAP IO: no inputs
        Map 3 
            Map Operator Tree:
                TableScan
                  alias: b
                  filterExpr: (key is not null and (value = '234')) (type: boolean)
                  Statistics: Num rows: 500 Data size: 89000 Basic stats: COMPLETE Column stats: COMPLETE
                  Filter Operator
                    predicate: (key is not null and (value = '234')) (type: boolean)
                    Statistics: Num rows: 2 Data size: 356 Basic stats: COMPLETE Column stats: COMPLETE
                    Reduce Output Operator
                      key expressions: key (type: string)
                      null sort order: z
                      sort order: +
                      Map-reduce partition columns: key (type: string)
                      Statistics: Num rows: 2 Data size: 356 Basic stats: COMPLETE Column stats: COMPLETE
            Execution mode: vectorized, llap
            LLAP IO: no inputs
        Reducer 2 
            Execution mode: llap
            Reduce Operator Tree:
              Merge Join Operator
                condition map:
                     Inner Join 0 to 1
                keys:
                  0 key (type: string)
                  1 key (type: string)
                outputColumnNames: _col0
                Statistics: Num rows: 3 Data size: 261 Basic stats: COMPLETE Column stats: COMPLETE
                Select Operator
                  expressions: _col0 (type: string), '234' (type: string)
                  outputColumnNames: _col0, _col1
                  Statistics: Num rows: 3 Data size: 522 Basic stats: COMPLETE Column stats: COMPLETE
                  File Output Operator
                    compressed: false
                    Statistics: Num rows: 3 Data size: 522 Basic stats: COMPLETE Column stats: COMPLETE
                    table:
                        input format: org.apache.hadoop.mapred.SequenceFileInputFormat
                        output format: org.apache.hadoop.hive.ql.io.HiveSequenceFileOutputFormat
                        serde: org.apache.hadoop.hive.serde2.lazy.LazySimpleSerDe

  Stage: Stage-0
    Fetch Operator
      limit: -1
      Processor Tree:
        ListSink

PREHOOK: query: create table t_n26 (
a int,
b int,
c int,
d int,
e int
)
PREHOOK: type: CREATETABLE
PREHOOK: Output: database:default
PREHOOK: Output: default@t_n26
POSTHOOK: query: create table t_n26 (
a int,
b int,
c int,
d int,
e int
)
POSTHOOK: type: CREATETABLE
POSTHOOK: Output: database:default
POSTHOOK: Output: default@t_n26
PREHOOK: query: explain 
select a2 as a3 from
(select a1 as a2, c1 as c2 from
(select a as a1, b as b1, c as c1 from t_n26 where a=1 and b=2 and c=3)sub1)sub2
PREHOOK: type: QUERY
PREHOOK: Input: default@t_n26
#### A masked pattern was here ####
POSTHOOK: query: explain 
select a2 as a3 from
(select a1 as a2, c1 as c2 from
(select a as a1, b as b1, c as c1 from t_n26 where a=1 and b=2 and c=3)sub1)sub2
POSTHOOK: type: QUERY
POSTHOOK: Input: default@t_n26
#### A masked pattern was here ####
STAGE DEPENDENCIES:
  Stage-0 is a root stage

STAGE PLANS:
  Stage: Stage-0
    Fetch Operator
      limit: -1
      Processor Tree:
        TableScan
          alias: t_n26
          filterExpr: ((a = 1) and (b = 2) and (c = 3)) (type: boolean)
          Filter Operator
            predicate: ((a = 1) and (b = 2) and (c = 3)) (type: boolean)
            Select Operator
              expressions: 1 (type: int)
              outputColumnNames: _col0
              ListSink

