PREHOOK: query: create table dest_n1(key string, value string) partitioned by (ds string)
PREHOOK: type: CREATETABLE
PREHOOK: Output: database:default
PREHOOK: Output: default@dest_n1
POSTHOOK: query: create table dest_n1(key string, value string) partitioned by (ds string)
POSTHOOK: type: CREATETABLE
POSTHOOK: Output: database:default
POSTHOOK: Output: default@dest_n1
PREHOOK: query: EXPLAIN
from srcpart
insert overwrite table dest_n1 partition (ds) select key, value, ds where ds='2008-04-08'
PREHOOK: type: QUERY
PREHOOK: Input: default@srcpart
PREHOOK: Input: default@srcpart@ds=2008-04-08/hr=11
PREHOOK: Input: default@srcpart@ds=2008-04-08/hr=12
PREHOOK: Output: default@dest_n1
POSTHOOK: query: EXPLAIN
from srcpart
insert overwrite table dest_n1 partition (ds) select key, value, ds where ds='2008-04-08'
POSTHOOK: type: QUERY
POSTHOOK: Input: default@srcpart
POSTHOOK: Input: default@srcpart@ds=2008-04-08/hr=11
POSTHOOK: Input: default@srcpart@ds=2008-04-08/hr=12
POSTHOOK: Output: default@dest_n1
STAGE DEPENDENCIES:
  Stage-1 is a root stage
  Stage-2 depends on stages: Stage-1
  Stage-0 depends on stages: Stage-2
  Stage-3 depends on stages: Stage-0

STAGE PLANS:
  Stage: Stage-1
    Tez
#### A masked pattern was here ####
      Edges:
        Reducer 2 <- Map 1 (SIMPLE_EDGE)
#### A masked pattern was here ####
      Vertices:
        Map 1 
            Map Operator Tree:
                TableScan
                  alias: srcpart
                  filterExpr: (ds = '2008-04-08') (type: boolean)
                  Statistics: Num rows: 1000 Data size: 178000 Basic stats: COMPLETE Column stats: COMPLETE
                  Select Operator
                    expressions: key (type: string), value (type: string), '2008-04-08' (type: string)
                    outputColumnNames: _col0, _col1, _col2
                    Statistics: Num rows: 1000 Data size: 272000 Basic stats: COMPLETE Column stats: COMPLETE
                    File Output Operator
                      compressed: false
                      Statistics: Num rows: 1000 Data size: 272000 Basic stats: COMPLETE Column stats: COMPLETE
                      table:
                          input format: org.apache.hadoop.mapred.TextInputFormat
                          output format: org.apache.hadoop.hive.ql.io.HiveIgnoreKeyTextOutputFormat
                          serde: org.apache.hadoop.hive.serde2.lazy.LazySimpleSerDe
                          name: default.dest_n1
                    Select Operator
                      expressions: _col0 (type: string), _col1 (type: string), _col2 (type: string)
                      outputColumnNames: key, value, ds
                      Statistics: Num rows: 1000 Data size: 272000 Basic stats: COMPLETE Column stats: COMPLETE
                      Group By Operator
                        aggregations: max(length(key)), avg(COALESCE(length(key),0)), count(1), count(key), compute_bit_vector_hll(key), max(length(value)), avg(COALESCE(length(value),0)), count(value), compute_bit_vector_hll(value)
                        keys: ds (type: string)
                        minReductionHashAggr: 0.99
                        mode: hash
                        outputColumnNames: _col0, _col1, _col2, _col3, _col4, _col5, _col6, _col7, _col8, _col9
                        Statistics: Num rows: 1 Data size: 566 Basic stats: COMPLETE Column stats: COMPLETE
                        Reduce Output Operator
                          key expressions: _col0 (type: string)
                          null sort order: z
                          sort order: +
                          Map-reduce partition columns: _col0 (type: string)
                          Statistics: Num rows: 1 Data size: 566 Basic stats: COMPLETE Column stats: COMPLETE
                          value expressions: _col1 (type: int), _col2 (type: struct<count:bigint,sum:double,input:int>), _col3 (type: bigint), _col4 (type: bigint), _col5 (type: binary), _col6 (type: int), _col7 (type: struct<count:bigint,sum:double,input:int>), _col8 (type: bigint), _col9 (type: binary)
            Execution mode: vectorized, llap
            LLAP IO: all inputs
        Reducer 2 
            Execution mode: vectorized, llap
            Reduce Operator Tree:
              Group By Operator
                aggregations: max(VALUE._col0), avg(VALUE._col1), count(VALUE._col2), count(VALUE._col3), compute_bit_vector_hll(VALUE._col4), max(VALUE._col5), avg(VALUE._col6), count(VALUE._col7), compute_bit_vector_hll(VALUE._col8)
                keys: KEY._col0 (type: string)
                mode: mergepartial
                outputColumnNames: _col0, _col1, _col2, _col3, _col4, _col5, _col6, _col7, _col8, _col9
                Statistics: Num rows: 1 Data size: 430 Basic stats: COMPLETE Column stats: COMPLETE
                Select Operator
                  expressions: 'STRING' (type: string), UDFToLong(COALESCE(_col1,0)) (type: bigint), COALESCE(_col2,0) (type: double), (_col3 - _col4) (type: bigint), COALESCE(ndv_compute_bit_vector(_col5),0) (type: bigint), _col5 (type: binary), 'STRING' (type: string), UDFToLong(COALESCE(_col6,0)) (type: bigint), COALESCE(_col7,0) (type: double), (_col3 - _col8) (type: bigint), COALESCE(ndv_compute_bit_vector(_col9),0) (type: bigint), _col9 (type: binary), _col0 (type: string)
                  outputColumnNames: _col0, _col1, _col2, _col3, _col4, _col5, _col6, _col7, _col8, _col9, _col10, _col11, _col12
                  Statistics: Num rows: 1 Data size: 626 Basic stats: COMPLETE Column stats: COMPLETE
                  File Output Operator
                    compressed: false
                    Statistics: Num rows: 1 Data size: 626 Basic stats: COMPLETE Column stats: COMPLETE
                    table:
                        input format: org.apache.hadoop.mapred.SequenceFileInputFormat
                        output format: org.apache.hadoop.hive.ql.io.HiveSequenceFileOutputFormat
                        serde: org.apache.hadoop.hive.serde2.lazy.LazySimpleSerDe

  Stage: Stage-2
    Dependency Collection

  Stage: Stage-0
    Move Operator
      tables:
          partition:
            ds 
          replace: true
          table:
              input format: org.apache.hadoop.mapred.TextInputFormat
              output format: org.apache.hadoop.hive.ql.io.HiveIgnoreKeyTextOutputFormat
              serde: org.apache.hadoop.hive.serde2.lazy.LazySimpleSerDe
              name: default.dest_n1

  Stage: Stage-3
    Stats Work
      Basic Stats Work:
      Column Stats Desc:
          Columns: key, value
          Column Types: string, string
          Table: default.dest_n1

PREHOOK: query: from srcpart
insert overwrite table dest_n1 partition (ds) select key, value, ds where ds='2008-04-08'
PREHOOK: type: QUERY
PREHOOK: Input: default@srcpart
PREHOOK: Input: default@srcpart@ds=2008-04-08/hr=11
PREHOOK: Input: default@srcpart@ds=2008-04-08/hr=12
PREHOOK: Output: default@dest_n1
POSTHOOK: query: from srcpart
insert overwrite table dest_n1 partition (ds) select key, value, ds where ds='2008-04-08'
POSTHOOK: type: QUERY
POSTHOOK: Input: default@srcpart
POSTHOOK: Input: default@srcpart@ds=2008-04-08/hr=11
POSTHOOK: Input: default@srcpart@ds=2008-04-08/hr=12
POSTHOOK: Output: default@dest_n1
POSTHOOK: Output: default@dest_n1@ds=2008-04-08
POSTHOOK: Lineage: dest_n1 PARTITION(ds=2008-04-08).key SIMPLE [(srcpart)srcpart.FieldSchema(name:key, type:string, comment:default), ]
POSTHOOK: Lineage: dest_n1 PARTITION(ds=2008-04-08).value SIMPLE [(srcpart)srcpart.FieldSchema(name:value, type:string, comment:default), ]
