PREHOOK: query: CREATE TABLE T1_n19(key INT, val STRING)
PREHOOK: type: CREATETABLE
PREHOOK: Output: database:default
PREHOOK: Output: default@T1_n19
POSTHOOK: query: CREATE TABLE T1_n19(key INT, val STRING)
POSTHOOK: type: CREATETABLE
POSTHOOK: Output: database:default
POSTHOOK: Output: default@T1_n19
PREHOOK: query: LOAD DATA LOCAL INPATH '../../data/files/kv1.txt' INTO TABLE T1_n19
PREHOOK: type: LOAD
#### A masked pattern was here ####
PREHOOK: Output: default@t1_n19
POSTHOOK: query: LOAD DATA LOCAL INPATH '../../data/files/kv1.txt' INTO TABLE T1_n19
POSTHOOK: type: LOAD
#### A masked pattern was here ####
POSTHOOK: Output: default@t1_n19
PREHOOK: query: CREATE TABLE T2_n11(key INT, val STRING)
PREHOOK: type: CREATETABLE
PREHOOK: Output: database:default
PREHOOK: Output: default@T2_n11
POSTHOOK: query: CREATE TABLE T2_n11(key INT, val STRING)
POSTHOOK: type: CREATETABLE
POSTHOOK: Output: database:default
POSTHOOK: Output: default@T2_n11
PREHOOK: query: LOAD DATA LOCAL INPATH '../../data/files/kv2.txt' INTO TABLE T2_n11
PREHOOK: type: LOAD
#### A masked pattern was here ####
PREHOOK: Output: default@t2_n11
POSTHOOK: query: LOAD DATA LOCAL INPATH '../../data/files/kv2.txt' INTO TABLE T2_n11
POSTHOOK: type: LOAD
#### A masked pattern was here ####
POSTHOOK: Output: default@t2_n11
PREHOOK: query: CREATE TABLE T3_n5(key INT, val STRING)
PREHOOK: type: CREATETABLE
PREHOOK: Output: database:default
PREHOOK: Output: default@T3_n5
POSTHOOK: query: CREATE TABLE T3_n5(key INT, val STRING)
POSTHOOK: type: CREATETABLE
POSTHOOK: Output: database:default
POSTHOOK: Output: default@T3_n5
PREHOOK: query: LOAD DATA LOCAL INPATH '../../data/files/kv3.txt' INTO TABLE T3_n5
PREHOOK: type: LOAD
#### A masked pattern was here ####
PREHOOK: Output: default@t3_n5
POSTHOOK: query: LOAD DATA LOCAL INPATH '../../data/files/kv3.txt' INTO TABLE T3_n5
POSTHOOK: type: LOAD
#### A masked pattern was here ####
POSTHOOK: Output: default@t3_n5
PREHOOK: query: CREATE TABLE T4_n1(key INT, val STRING)
PREHOOK: type: CREATETABLE
PREHOOK: Output: database:default
PREHOOK: Output: default@T4_n1
POSTHOOK: query: CREATE TABLE T4_n1(key INT, val STRING)
POSTHOOK: type: CREATETABLE
POSTHOOK: Output: database:default
POSTHOOK: Output: default@T4_n1
PREHOOK: query: LOAD DATA LOCAL INPATH '../../data/files/kv5.txt' INTO TABLE T4_n1
PREHOOK: type: LOAD
#### A masked pattern was here ####
PREHOOK: Output: default@t4_n1
POSTHOOK: query: LOAD DATA LOCAL INPATH '../../data/files/kv5.txt' INTO TABLE T4_n1
POSTHOOK: type: LOAD
#### A masked pattern was here ####
POSTHOOK: Output: default@t4_n1
PREHOOK: query: CREATE TABLE dest_co1(key INT, val STRING)
PREHOOK: type: CREATETABLE
PREHOOK: Output: database:default
PREHOOK: Output: default@dest_co1
POSTHOOK: query: CREATE TABLE dest_co1(key INT, val STRING)
POSTHOOK: type: CREATETABLE
POSTHOOK: Output: database:default
POSTHOOK: Output: default@dest_co1
PREHOOK: query: CREATE TABLE dest_co2(key INT, val STRING)
PREHOOK: type: CREATETABLE
PREHOOK: Output: database:default
PREHOOK: Output: default@dest_co2
POSTHOOK: query: CREATE TABLE dest_co2(key INT, val STRING)
POSTHOOK: type: CREATETABLE
POSTHOOK: Output: database:default
POSTHOOK: Output: default@dest_co2
PREHOOK: query: CREATE TABLE dest_co3(key INT, val STRING)
PREHOOK: type: CREATETABLE
PREHOOK: Output: database:default
PREHOOK: Output: default@dest_co3
POSTHOOK: query: CREATE TABLE dest_co3(key INT, val STRING)
POSTHOOK: type: CREATETABLE
POSTHOOK: Output: database:default
POSTHOOK: Output: default@dest_co3
PREHOOK: query: EXPLAIN
INSERT OVERWRITE TABLE dest_co1
SELECT b.key, d.val
FROM
(SELECT x.key, x.val FROM T1_n19 x JOIN T2_n11 y ON (x.key = y.key)) b
JOIN
(SELECT m.key, n.val FROM T3_n5 m JOIN T4_n1 n ON (m.key = n.key)) d
ON b.key = d.key
PREHOOK: type: QUERY
PREHOOK: Input: default@t1_n19
PREHOOK: Input: default@t2_n11
PREHOOK: Input: default@t3_n5
PREHOOK: Input: default@t4_n1
PREHOOK: Output: default@dest_co1
POSTHOOK: query: EXPLAIN
INSERT OVERWRITE TABLE dest_co1
SELECT b.key, d.val
FROM
(SELECT x.key, x.val FROM T1_n19 x JOIN T2_n11 y ON (x.key = y.key)) b
JOIN
(SELECT m.key, n.val FROM T3_n5 m JOIN T4_n1 n ON (m.key = n.key)) d
ON b.key = d.key
POSTHOOK: type: QUERY
POSTHOOK: Input: default@t1_n19
POSTHOOK: Input: default@t2_n11
POSTHOOK: Input: default@t3_n5
POSTHOOK: Input: default@t4_n1
POSTHOOK: Output: default@dest_co1
STAGE DEPENDENCIES:
  Stage-1 is a root stage
  Stage-2 depends on stages: Stage-1
  Stage-0 depends on stages: Stage-2
  Stage-3 depends on stages: Stage-0

STAGE PLANS:
  Stage: Stage-1
    Tez
#### A masked pattern was here ####
      Edges:
        Reducer 2 <- Map 1 (SIMPLE_EDGE), Map 4 (SIMPLE_EDGE)
        Reducer 3 <- Reducer 2 (SIMPLE_EDGE), Reducer 6 (SIMPLE_EDGE)
        Reducer 6 <- Map 5 (SIMPLE_EDGE), Map 7 (SIMPLE_EDGE)
#### A masked pattern was here ####
      Vertices:
        Map 1 
            Map Operator Tree:
                TableScan
                  alias: n
                  filterExpr: key is not null (type: boolean)
                  Statistics: Num rows: 1 Data size: 188 Basic stats: COMPLETE Column stats: NONE
                  Filter Operator
                    predicate: key is not null (type: boolean)
                    Statistics: Num rows: 1 Data size: 188 Basic stats: COMPLETE Column stats: NONE
                    Select Operator
                      expressions: key (type: int), val (type: string)
                      outputColumnNames: _col0, _col1
                      Statistics: Num rows: 1 Data size: 188 Basic stats: COMPLETE Column stats: NONE
                      Reduce Output Operator
                        key expressions: _col0 (type: int)
                        null sort order: z
                        sort order: +
                        Map-reduce partition columns: _col0 (type: int)
                        Statistics: Num rows: 1 Data size: 188 Basic stats: COMPLETE Column stats: NONE
                        value expressions: _col1 (type: string)
            Execution mode: vectorized, llap
            LLAP IO: all inputs
        Map 4 
            Map Operator Tree:
                TableScan
                  alias: m
                  filterExpr: key is not null (type: boolean)
                  Statistics: Num rows: 1 Data size: 4 Basic stats: COMPLETE Column stats: NONE
                  Filter Operator
                    predicate: key is not null (type: boolean)
                    Statistics: Num rows: 1 Data size: 4 Basic stats: COMPLETE Column stats: NONE
                    Select Operator
                      expressions: key (type: int)
                      outputColumnNames: _col0
                      Statistics: Num rows: 1 Data size: 4 Basic stats: COMPLETE Column stats: NONE
                      Reduce Output Operator
                        key expressions: _col0 (type: int)
                        null sort order: z
                        sort order: +
                        Map-reduce partition columns: _col0 (type: int)
                        Statistics: Num rows: 1 Data size: 4 Basic stats: COMPLETE Column stats: NONE
            Execution mode: vectorized, llap
            LLAP IO: all inputs
        Map 5 
            Map Operator Tree:
                TableScan
                  alias: x
                  filterExpr: key is not null (type: boolean)
                  Statistics: Num rows: 1 Data size: 4 Basic stats: COMPLETE Column stats: NONE
                  Filter Operator
                    predicate: key is not null (type: boolean)
                    Statistics: Num rows: 1 Data size: 4 Basic stats: COMPLETE Column stats: NONE
                    Select Operator
                      expressions: key (type: int)
                      outputColumnNames: _col0
                      Statistics: Num rows: 1 Data size: 4 Basic stats: COMPLETE Column stats: NONE
                      Reduce Output Operator
                        key expressions: _col0 (type: int)
                        null sort order: z
                        sort order: +
                        Map-reduce partition columns: _col0 (type: int)
                        Statistics: Num rows: 1 Data size: 4 Basic stats: COMPLETE Column stats: NONE
            Execution mode: vectorized, llap
            LLAP IO: all inputs
        Map 7 
            Map Operator Tree:
                TableScan
                  alias: y
                  filterExpr: key is not null (type: boolean)
                  Statistics: Num rows: 1 Data size: 4 Basic stats: COMPLETE Column stats: NONE
                  Filter Operator
                    predicate: key is not null (type: boolean)
                    Statistics: Num rows: 1 Data size: 4 Basic stats: COMPLETE Column stats: NONE
                    Select Operator
                      expressions: key (type: int)
                      outputColumnNames: _col0
                      Statistics: Num rows: 1 Data size: 4 Basic stats: COMPLETE Column stats: NONE
                      Reduce Output Operator
                        key expressions: _col0 (type: int)
                        null sort order: z
                        sort order: +
                        Map-reduce partition columns: _col0 (type: int)
                        Statistics: Num rows: 1 Data size: 4 Basic stats: COMPLETE Column stats: NONE
            Execution mode: vectorized, llap
            LLAP IO: all inputs
        Reducer 2 
            Execution mode: llap
            Reduce Operator Tree:
              Merge Join Operator
                condition map:
                     Inner Join 0 to 1
                keys:
                  0 _col0 (type: int)
                  1 _col0 (type: int)
                outputColumnNames: _col1, _col2
                Statistics: Num rows: 1 Data size: 206 Basic stats: COMPLETE Column stats: NONE
                Reduce Output Operator
                  key expressions: _col2 (type: int)
                  null sort order: z
                  sort order: +
                  Map-reduce partition columns: _col2 (type: int)
                  Statistics: Num rows: 1 Data size: 206 Basic stats: COMPLETE Column stats: NONE
                  value expressions: _col1 (type: string)
        Reducer 3 
            Execution mode: llap
            Reduce Operator Tree:
              Merge Join Operator
                condition map:
                     Inner Join 0 to 1
                keys:
                  0 _col2 (type: int)
                  1 _col0 (type: int)
                outputColumnNames: _col1, _col3
                Statistics: Num rows: 1 Data size: 226 Basic stats: COMPLETE Column stats: NONE
                Select Operator
                  expressions: _col3 (type: int), _col1 (type: string)
                  outputColumnNames: _col0, _col1
                  Statistics: Num rows: 1 Data size: 226 Basic stats: COMPLETE Column stats: NONE
                  File Output Operator
                    compressed: false
                    Statistics: Num rows: 1 Data size: 226 Basic stats: COMPLETE Column stats: NONE
                    table:
                        input format: org.apache.hadoop.mapred.TextInputFormat
                        output format: org.apache.hadoop.hive.ql.io.HiveIgnoreKeyTextOutputFormat
                        serde: org.apache.hadoop.hive.serde2.lazy.LazySimpleSerDe
                        name: default.dest_co1
        Reducer 6 
            Execution mode: llap
            Reduce Operator Tree:
              Merge Join Operator
                condition map:
                     Inner Join 0 to 1
                keys:
                  0 _col0 (type: int)
                  1 _col0 (type: int)
                outputColumnNames: _col0
                Statistics: Num rows: 1 Data size: 4 Basic stats: COMPLETE Column stats: NONE
                Reduce Output Operator
                  key expressions: _col0 (type: int)
                  null sort order: z
                  sort order: +
                  Map-reduce partition columns: _col0 (type: int)
                  Statistics: Num rows: 1 Data size: 4 Basic stats: COMPLETE Column stats: NONE

  Stage: Stage-2
    Dependency Collection

  Stage: Stage-0
    Move Operator
      tables:
          replace: true
          table:
              input format: org.apache.hadoop.mapred.TextInputFormat
              output format: org.apache.hadoop.hive.ql.io.HiveIgnoreKeyTextOutputFormat
              serde: org.apache.hadoop.hive.serde2.lazy.LazySimpleSerDe
              name: default.dest_co1

  Stage: Stage-3
    Stats Work
      Basic Stats Work:

PREHOOK: query: INSERT OVERWRITE TABLE dest_co1
SELECT b.key, d.val
FROM
(SELECT x.key, x.val FROM T1_n19 x JOIN T2_n11 y ON (x.key = y.key)) b
JOIN
(SELECT m.key, n.val FROM T3_n5 m JOIN T4_n1 n ON (m.key = n.key)) d
ON b.key = d.key
PREHOOK: type: QUERY
PREHOOK: Input: default@t1_n19
PREHOOK: Input: default@t2_n11
PREHOOK: Input: default@t3_n5
PREHOOK: Input: default@t4_n1
PREHOOK: Output: default@dest_co1
POSTHOOK: query: INSERT OVERWRITE TABLE dest_co1
SELECT b.key, d.val
FROM
(SELECT x.key, x.val FROM T1_n19 x JOIN T2_n11 y ON (x.key = y.key)) b
JOIN
(SELECT m.key, n.val FROM T3_n5 m JOIN T4_n1 n ON (m.key = n.key)) d
ON b.key = d.key
POSTHOOK: type: QUERY
POSTHOOK: Input: default@t1_n19
POSTHOOK: Input: default@t2_n11
POSTHOOK: Input: default@t3_n5
POSTHOOK: Input: default@t4_n1
POSTHOOK: Output: default@dest_co1
POSTHOOK: Lineage: dest_co1.key SIMPLE [(t1_n19)x.FieldSchema(name:key, type:int, comment:null), ]
POSTHOOK: Lineage: dest_co1.val SIMPLE [(t4_n1)n.FieldSchema(name:val, type:string, comment:null), ]
PREHOOK: query: EXPLAIN
INSERT OVERWRITE TABLE dest_co2
SELECT b.key, d.val
FROM
(SELECT x.key, x.val FROM T1_n19 x JOIN T2_n11 y ON (x.key = y.key)) b
JOIN
(SELECT m.key, n.val FROM T3_n5 m JOIN T4_n1 n ON (m.key = n.key)) d
ON b.key = d.key
PREHOOK: type: QUERY
PREHOOK: Input: default@t1_n19
PREHOOK: Input: default@t2_n11
PREHOOK: Input: default@t3_n5
PREHOOK: Input: default@t4_n1
PREHOOK: Output: default@dest_co2
POSTHOOK: query: EXPLAIN
INSERT OVERWRITE TABLE dest_co2
SELECT b.key, d.val
FROM
(SELECT x.key, x.val FROM T1_n19 x JOIN T2_n11 y ON (x.key = y.key)) b
JOIN
(SELECT m.key, n.val FROM T3_n5 m JOIN T4_n1 n ON (m.key = n.key)) d
ON b.key = d.key
POSTHOOK: type: QUERY
POSTHOOK: Input: default@t1_n19
POSTHOOK: Input: default@t2_n11
POSTHOOK: Input: default@t3_n5
POSTHOOK: Input: default@t4_n1
POSTHOOK: Output: default@dest_co2
STAGE DEPENDENCIES:
  Stage-1 is a root stage
  Stage-2 depends on stages: Stage-1
  Stage-0 depends on stages: Stage-2
  Stage-3 depends on stages: Stage-0

STAGE PLANS:
  Stage: Stage-1
    Tez
#### A masked pattern was here ####
      Edges:
        Reducer 2 <- Map 1 (SIMPLE_EDGE), Map 4 (SIMPLE_EDGE)
        Reducer 3 <- Reducer 2 (SIMPLE_EDGE), Reducer 6 (SIMPLE_EDGE)
        Reducer 6 <- Map 5 (SIMPLE_EDGE), Map 7 (SIMPLE_EDGE)
#### A masked pattern was here ####
      Vertices:
        Map 1 
            Map Operator Tree:
                TableScan
                  alias: n
                  filterExpr: key is not null (type: boolean)
                  Statistics: Num rows: 1 Data size: 188 Basic stats: COMPLETE Column stats: NONE
                  Filter Operator
                    predicate: key is not null (type: boolean)
                    Statistics: Num rows: 1 Data size: 188 Basic stats: COMPLETE Column stats: NONE
                    Select Operator
                      expressions: key (type: int), val (type: string)
                      outputColumnNames: _col0, _col1
                      Statistics: Num rows: 1 Data size: 188 Basic stats: COMPLETE Column stats: NONE
                      Reduce Output Operator
                        key expressions: _col0 (type: int)
                        null sort order: z
                        sort order: +
                        Map-reduce partition columns: _col0 (type: int)
                        Statistics: Num rows: 1 Data size: 188 Basic stats: COMPLETE Column stats: NONE
                        value expressions: _col1 (type: string)
            Execution mode: vectorized, llap
            LLAP IO: all inputs
        Map 4 
            Map Operator Tree:
                TableScan
                  alias: m
                  filterExpr: key is not null (type: boolean)
                  Statistics: Num rows: 1 Data size: 4 Basic stats: COMPLETE Column stats: NONE
                  Filter Operator
                    predicate: key is not null (type: boolean)
                    Statistics: Num rows: 1 Data size: 4 Basic stats: COMPLETE Column stats: NONE
                    Select Operator
                      expressions: key (type: int)
                      outputColumnNames: _col0
                      Statistics: Num rows: 1 Data size: 4 Basic stats: COMPLETE Column stats: NONE
                      Reduce Output Operator
                        key expressions: _col0 (type: int)
                        null sort order: z
                        sort order: +
                        Map-reduce partition columns: _col0 (type: int)
                        Statistics: Num rows: 1 Data size: 4 Basic stats: COMPLETE Column stats: NONE
            Execution mode: vectorized, llap
            LLAP IO: all inputs
        Map 5 
            Map Operator Tree:
                TableScan
                  alias: x
                  filterExpr: key is not null (type: boolean)
                  Statistics: Num rows: 1 Data size: 4 Basic stats: COMPLETE Column stats: NONE
                  Filter Operator
                    predicate: key is not null (type: boolean)
                    Statistics: Num rows: 1 Data size: 4 Basic stats: COMPLETE Column stats: NONE
                    Select Operator
                      expressions: key (type: int)
                      outputColumnNames: _col0
                      Statistics: Num rows: 1 Data size: 4 Basic stats: COMPLETE Column stats: NONE
                      Reduce Output Operator
                        key expressions: _col0 (type: int)
                        null sort order: z
                        sort order: +
                        Map-reduce partition columns: _col0 (type: int)
                        Statistics: Num rows: 1 Data size: 4 Basic stats: COMPLETE Column stats: NONE
            Execution mode: vectorized, llap
            LLAP IO: all inputs
        Map 7 
            Map Operator Tree:
                TableScan
                  alias: y
                  filterExpr: key is not null (type: boolean)
                  Statistics: Num rows: 1 Data size: 4 Basic stats: COMPLETE Column stats: NONE
                  Filter Operator
                    predicate: key is not null (type: boolean)
                    Statistics: Num rows: 1 Data size: 4 Basic stats: COMPLETE Column stats: NONE
                    Select Operator
                      expressions: key (type: int)
                      outputColumnNames: _col0
                      Statistics: Num rows: 1 Data size: 4 Basic stats: COMPLETE Column stats: NONE
                      Reduce Output Operator
                        key expressions: _col0 (type: int)
                        null sort order: z
                        sort order: +
                        Map-reduce partition columns: _col0 (type: int)
                        Statistics: Num rows: 1 Data size: 4 Basic stats: COMPLETE Column stats: NONE
            Execution mode: vectorized, llap
            LLAP IO: all inputs
        Reducer 2 
            Execution mode: llap
            Reduce Operator Tree:
              Merge Join Operator
                condition map:
                     Inner Join 0 to 1
                keys:
                  0 _col0 (type: int)
                  1 _col0 (type: int)
                outputColumnNames: _col1, _col2
                Statistics: Num rows: 1 Data size: 206 Basic stats: COMPLETE Column stats: NONE
                Reduce Output Operator
                  key expressions: _col2 (type: int)
                  null sort order: z
                  sort order: +
                  Map-reduce partition columns: _col2 (type: int)
                  Statistics: Num rows: 1 Data size: 206 Basic stats: COMPLETE Column stats: NONE
                  value expressions: _col1 (type: string)
        Reducer 3 
            Execution mode: llap
            Reduce Operator Tree:
              Merge Join Operator
                condition map:
                     Inner Join 0 to 1
                keys:
                  0 _col2 (type: int)
                  1 _col0 (type: int)
                outputColumnNames: _col1, _col3
                Statistics: Num rows: 1 Data size: 226 Basic stats: COMPLETE Column stats: NONE
                Select Operator
                  expressions: _col3 (type: int), _col1 (type: string)
                  outputColumnNames: _col0, _col1
                  Statistics: Num rows: 1 Data size: 226 Basic stats: COMPLETE Column stats: NONE
                  File Output Operator
                    compressed: false
                    Statistics: Num rows: 1 Data size: 226 Basic stats: COMPLETE Column stats: NONE
                    table:
                        input format: org.apache.hadoop.mapred.TextInputFormat
                        output format: org.apache.hadoop.hive.ql.io.HiveIgnoreKeyTextOutputFormat
                        serde: org.apache.hadoop.hive.serde2.lazy.LazySimpleSerDe
                        name: default.dest_co2
        Reducer 6 
            Execution mode: llap
            Reduce Operator Tree:
              Merge Join Operator
                condition map:
                     Inner Join 0 to 1
                keys:
                  0 _col0 (type: int)
                  1 _col0 (type: int)
                outputColumnNames: _col0
                Statistics: Num rows: 1 Data size: 4 Basic stats: COMPLETE Column stats: NONE
                Reduce Output Operator
                  key expressions: _col0 (type: int)
                  null sort order: z
                  sort order: +
                  Map-reduce partition columns: _col0 (type: int)
                  Statistics: Num rows: 1 Data size: 4 Basic stats: COMPLETE Column stats: NONE

  Stage: Stage-2
    Dependency Collection

  Stage: Stage-0
    Move Operator
      tables:
          replace: true
          table:
              input format: org.apache.hadoop.mapred.TextInputFormat
              output format: org.apache.hadoop.hive.ql.io.HiveIgnoreKeyTextOutputFormat
              serde: org.apache.hadoop.hive.serde2.lazy.LazySimpleSerDe
              name: default.dest_co2

  Stage: Stage-3
    Stats Work
      Basic Stats Work:

PREHOOK: query: INSERT OVERWRITE TABLE dest_co2
SELECT b.key, d.val
FROM
(SELECT x.key, x.val FROM T1_n19 x JOIN T2_n11 y ON (x.key = y.key)) b
JOIN
(SELECT m.key, n.val FROM T3_n5 m JOIN T4_n1 n ON (m.key = n.key)) d
ON b.key = d.key
PREHOOK: type: QUERY
PREHOOK: Input: default@t1_n19
PREHOOK: Input: default@t2_n11
PREHOOK: Input: default@t3_n5
PREHOOK: Input: default@t4_n1
PREHOOK: Output: default@dest_co2
POSTHOOK: query: INSERT OVERWRITE TABLE dest_co2
SELECT b.key, d.val
FROM
(SELECT x.key, x.val FROM T1_n19 x JOIN T2_n11 y ON (x.key = y.key)) b
JOIN
(SELECT m.key, n.val FROM T3_n5 m JOIN T4_n1 n ON (m.key = n.key)) d
ON b.key = d.key
POSTHOOK: type: QUERY
POSTHOOK: Input: default@t1_n19
POSTHOOK: Input: default@t2_n11
POSTHOOK: Input: default@t3_n5
POSTHOOK: Input: default@t4_n1
POSTHOOK: Output: default@dest_co2
POSTHOOK: Lineage: dest_co2.key SIMPLE [(t1_n19)x.FieldSchema(name:key, type:int, comment:null), ]
POSTHOOK: Lineage: dest_co2.val SIMPLE [(t4_n1)n.FieldSchema(name:val, type:string, comment:null), ]
PREHOOK: query: EXPLAIN
INSERT OVERWRITE TABLE dest_co3
SELECT b.key, d.val
FROM
(SELECT x.key, x.val FROM T1_n19 x JOIN T2_n11 y ON (x.key = y.key)) b
JOIN
(SELECT m.key, n.val FROM T3_n5 m JOIN T4_n1 n ON (m.key = n.key)) d
ON b.key = d.key
PREHOOK: type: QUERY
PREHOOK: Input: default@t1_n19
PREHOOK: Input: default@t2_n11
PREHOOK: Input: default@t3_n5
PREHOOK: Input: default@t4_n1
PREHOOK: Output: default@dest_co3
POSTHOOK: query: EXPLAIN
INSERT OVERWRITE TABLE dest_co3
SELECT b.key, d.val
FROM
(SELECT x.key, x.val FROM T1_n19 x JOIN T2_n11 y ON (x.key = y.key)) b
JOIN
(SELECT m.key, n.val FROM T3_n5 m JOIN T4_n1 n ON (m.key = n.key)) d
ON b.key = d.key
POSTHOOK: type: QUERY
POSTHOOK: Input: default@t1_n19
POSTHOOK: Input: default@t2_n11
POSTHOOK: Input: default@t3_n5
POSTHOOK: Input: default@t4_n1
POSTHOOK: Output: default@dest_co3
STAGE DEPENDENCIES:
  Stage-1 is a root stage
  Stage-2 depends on stages: Stage-1
  Stage-0 depends on stages: Stage-2
  Stage-3 depends on stages: Stage-0

STAGE PLANS:
  Stage: Stage-1
    Tez
#### A masked pattern was here ####
      Edges:
        Map 1 <- Map 2 (BROADCAST_EDGE), Map 3 (BROADCAST_EDGE)
        Map 3 <- Map 4 (BROADCAST_EDGE)
#### A masked pattern was here ####
      Vertices:
        Map 1 
            Map Operator Tree:
                TableScan
                  alias: n
                  filterExpr: key is not null (type: boolean)
                  probeDecodeDetails: cacheKey:HASH_MAP_MAPJOIN_76_container, bigKeyColName:key, smallTablePos:1, keyRatio:1.0
                  Statistics: Num rows: 1 Data size: 188 Basic stats: COMPLETE Column stats: NONE
                  Filter Operator
                    predicate: key is not null (type: boolean)
                    Statistics: Num rows: 1 Data size: 188 Basic stats: COMPLETE Column stats: NONE
                    Select Operator
                      expressions: key (type: int), val (type: string)
                      outputColumnNames: _col0, _col1
                      Statistics: Num rows: 1 Data size: 188 Basic stats: COMPLETE Column stats: NONE
                      Map Join Operator
                        condition map:
                             Inner Join 0 to 1
                        keys:
                          0 _col0 (type: int)
                          1 _col0 (type: int)
                        outputColumnNames: _col1, _col2
                        input vertices:
                          1 Map 2
                        Statistics: Num rows: 1 Data size: 206 Basic stats: COMPLETE Column stats: NONE
                        Map Join Operator
                          condition map:
                               Inner Join 0 to 1
                          keys:
                            0 _col2 (type: int)
                            1 _col0 (type: int)
                          outputColumnNames: _col1, _col3
                          input vertices:
                            1 Map 3
                          Statistics: Num rows: 1 Data size: 226 Basic stats: COMPLETE Column stats: NONE
                          Select Operator
                            expressions: _col3 (type: int), _col1 (type: string)
                            outputColumnNames: _col0, _col1
                            Statistics: Num rows: 1 Data size: 226 Basic stats: COMPLETE Column stats: NONE
                            File Output Operator
                              compressed: false
                              Statistics: Num rows: 1 Data size: 226 Basic stats: COMPLETE Column stats: NONE
                              table:
                                  input format: org.apache.hadoop.mapred.TextInputFormat
                                  output format: org.apache.hadoop.hive.ql.io.HiveIgnoreKeyTextOutputFormat
                                  serde: org.apache.hadoop.hive.serde2.lazy.LazySimpleSerDe
                                  name: default.dest_co3
            Execution mode: vectorized, llap
            LLAP IO: all inputs
        Map 2 
            Map Operator Tree:
                TableScan
                  alias: m
                  filterExpr: key is not null (type: boolean)
                  Statistics: Num rows: 1 Data size: 4 Basic stats: COMPLETE Column stats: NONE
                  Filter Operator
                    predicate: key is not null (type: boolean)
                    Statistics: Num rows: 1 Data size: 4 Basic stats: COMPLETE Column stats: NONE
                    Select Operator
                      expressions: key (type: int)
                      outputColumnNames: _col0
                      Statistics: Num rows: 1 Data size: 4 Basic stats: COMPLETE Column stats: NONE
                      Reduce Output Operator
                        key expressions: _col0 (type: int)
                        null sort order: z
                        sort order: +
                        Map-reduce partition columns: _col0 (type: int)
                        Statistics: Num rows: 1 Data size: 4 Basic stats: COMPLETE Column stats: NONE
            Execution mode: vectorized, llap
            LLAP IO: all inputs
        Map 3 
            Map Operator Tree:
                TableScan
                  alias: x
                  filterExpr: key is not null (type: boolean)
                  Statistics: Num rows: 1 Data size: 4 Basic stats: COMPLETE Column stats: NONE
                  Filter Operator
                    predicate: key is not null (type: boolean)
                    Statistics: Num rows: 1 Data size: 4 Basic stats: COMPLETE Column stats: NONE
                    Select Operator
                      expressions: key (type: int)
                      outputColumnNames: _col0
                      Statistics: Num rows: 1 Data size: 4 Basic stats: COMPLETE Column stats: NONE
                      Map Join Operator
                        condition map:
                             Inner Join 0 to 1
                        keys:
                          0 _col0 (type: int)
                          1 _col0 (type: int)
                        outputColumnNames: _col0
                        input vertices:
                          1 Map 4
                        Statistics: Num rows: 1 Data size: 4 Basic stats: COMPLETE Column stats: NONE
                        Reduce Output Operator
                          key expressions: _col0 (type: int)
                          null sort order: z
                          sort order: +
                          Map-reduce partition columns: _col0 (type: int)
                          Statistics: Num rows: 1 Data size: 4 Basic stats: COMPLETE Column stats: NONE
            Execution mode: vectorized, llap
            LLAP IO: all inputs
        Map 4 
            Map Operator Tree:
                TableScan
                  alias: y
                  filterExpr: key is not null (type: boolean)
                  Statistics: Num rows: 1 Data size: 4 Basic stats: COMPLETE Column stats: NONE
                  Filter Operator
                    predicate: key is not null (type: boolean)
                    Statistics: Num rows: 1 Data size: 4 Basic stats: COMPLETE Column stats: NONE
                    Select Operator
                      expressions: key (type: int)
                      outputColumnNames: _col0
                      Statistics: Num rows: 1 Data size: 4 Basic stats: COMPLETE Column stats: NONE
                      Reduce Output Operator
                        key expressions: _col0 (type: int)
                        null sort order: z
                        sort order: +
                        Map-reduce partition columns: _col0 (type: int)
                        Statistics: Num rows: 1 Data size: 4 Basic stats: COMPLETE Column stats: NONE
            Execution mode: vectorized, llap
            LLAP IO: all inputs

  Stage: Stage-2
    Dependency Collection

  Stage: Stage-0
    Move Operator
      tables:
          replace: true
          table:
              input format: org.apache.hadoop.mapred.TextInputFormat
              output format: org.apache.hadoop.hive.ql.io.HiveIgnoreKeyTextOutputFormat
              serde: org.apache.hadoop.hive.serde2.lazy.LazySimpleSerDe
              name: default.dest_co3

  Stage: Stage-3
    Stats Work
      Basic Stats Work:

PREHOOK: query: INSERT OVERWRITE TABLE dest_co3
SELECT b.key, d.val
FROM
(SELECT x.key, x.val FROM T1_n19 x JOIN T2_n11 y ON (x.key = y.key)) b
JOIN
(SELECT m.key, n.val FROM T3_n5 m JOIN T4_n1 n ON (m.key = n.key)) d
ON b.key = d.key
PREHOOK: type: QUERY
PREHOOK: Input: default@t1_n19
PREHOOK: Input: default@t2_n11
PREHOOK: Input: default@t3_n5
PREHOOK: Input: default@t4_n1
PREHOOK: Output: default@dest_co3
POSTHOOK: query: INSERT OVERWRITE TABLE dest_co3
SELECT b.key, d.val
FROM
(SELECT x.key, x.val FROM T1_n19 x JOIN T2_n11 y ON (x.key = y.key)) b
JOIN
(SELECT m.key, n.val FROM T3_n5 m JOIN T4_n1 n ON (m.key = n.key)) d
ON b.key = d.key
POSTHOOK: type: QUERY
POSTHOOK: Input: default@t1_n19
POSTHOOK: Input: default@t2_n11
POSTHOOK: Input: default@t3_n5
POSTHOOK: Input: default@t4_n1
POSTHOOK: Output: default@dest_co3
POSTHOOK: Lineage: dest_co3.key SIMPLE [(t1_n19)x.FieldSchema(name:key, type:int, comment:null), ]
POSTHOOK: Lineage: dest_co3.val SIMPLE [(t4_n1)n.FieldSchema(name:val, type:string, comment:null), ]
PREHOOK: query: SELECT SUM(HASH(key)), SUM(HASH(val)) FROM dest_co1
PREHOOK: type: QUERY
PREHOOK: Input: default@dest_co1
#### A masked pattern was here ####
POSTHOOK: query: SELECT SUM(HASH(key)), SUM(HASH(val)) FROM dest_co1
POSTHOOK: type: QUERY
POSTHOOK: Input: default@dest_co1
#### A masked pattern was here ####
8409	7619696771
PREHOOK: query: SELECT SUM(HASH(key)), SUM(HASH(val)) FROM dest_co2
PREHOOK: type: QUERY
PREHOOK: Input: default@dest_co2
#### A masked pattern was here ####
POSTHOOK: query: SELECT SUM(HASH(key)), SUM(HASH(val)) FROM dest_co2
POSTHOOK: type: QUERY
POSTHOOK: Input: default@dest_co2
#### A masked pattern was here ####
8409	7619696771
PREHOOK: query: SELECT SUM(HASH(key)), SUM(HASH(val)) FROM dest_co3
PREHOOK: type: QUERY
PREHOOK: Input: default@dest_co3
#### A masked pattern was here ####
POSTHOOK: query: SELECT SUM(HASH(key)), SUM(HASH(val)) FROM dest_co3
POSTHOOK: type: QUERY
POSTHOOK: Input: default@dest_co3
#### A masked pattern was here ####
8409	7619696771
