PREHOOK: query: drop table customer_address_n0
PREHOOK: type: DROPTABLE
PREHOOK: Output: database:default
POSTHOOK: query: drop table customer_address_n0
POSTHOOK: type: DROPTABLE
POSTHOOK: Output: database:default
PREHOOK: query: create table customer_address_n0
(
    ca_address_sk             int,
    ca_address_id             string,
    ca_street_number          string,
    ca_street_name            string,
    ca_street_type            string,
    ca_suite_number           string,
    ca_city                   string,
    ca_county                 string,
    ca_state                  string,
    ca_zip                    string,
    ca_country                string,
    ca_gmt_offset             float,
    ca_location_type          string
)
row format delimited fields terminated by '|'
PREHOOK: type: CREATETABLE
PREHOOK: Output: database:default
PREHOOK: Output: default@customer_address_n0
POSTHOOK: query: create table customer_address_n0
(
    ca_address_sk             int,
    ca_address_id             string,
    ca_street_number          string,
    ca_street_name            string,
    ca_street_type            string,
    ca_suite_number           string,
    ca_city                   string,
    ca_county                 string,
    ca_state                  string,
    ca_zip                    string,
    ca_country                string,
    ca_gmt_offset             float,
    ca_location_type          string
)
row format delimited fields terminated by '|'
POSTHOOK: type: CREATETABLE
POSTHOOK: Output: database:default
POSTHOOK: Output: default@customer_address_n0
PREHOOK: query: load data local inpath '../../data/files/customer_address.txt' overwrite into table customer_address_n0
PREHOOK: type: LOAD
#### A masked pattern was here ####
PREHOOK: Output: default@customer_address_n0
POSTHOOK: query: load data local inpath '../../data/files/customer_address.txt' overwrite into table customer_address_n0
POSTHOOK: type: LOAD
#### A masked pattern was here ####
POSTHOOK: Output: default@customer_address_n0
PREHOOK: query: analyze table customer_address_n0 compute statistics
PREHOOK: type: QUERY
PREHOOK: Input: default@customer_address_n0
PREHOOK: Output: default@customer_address_n0
POSTHOOK: query: analyze table customer_address_n0 compute statistics
POSTHOOK: type: QUERY
POSTHOOK: Input: default@customer_address_n0
POSTHOOK: Output: default@customer_address_n0
PREHOOK: query: analyze table customer_address_n0 compute statistics for columns ca_state, ca_zip
PREHOOK: type: ANALYZE_TABLE
PREHOOK: Input: default@customer_address_n0
PREHOOK: Output: default@customer_address_n0
#### A masked pattern was here ####
POSTHOOK: query: analyze table customer_address_n0 compute statistics for columns ca_state, ca_zip
POSTHOOK: type: ANALYZE_TABLE
POSTHOOK: Input: default@customer_address_n0
POSTHOOK: Output: default@customer_address_n0
#### A masked pattern was here ####
PREHOOK: query: explain select count(*) from customer_address_n0 a join customer_address_n0 b on (a.ca_zip = b.ca_zip and a.ca_state = b.ca_state)
PREHOOK: type: QUERY
PREHOOK: Input: default@customer_address_n0
#### A masked pattern was here ####
POSTHOOK: query: explain select count(*) from customer_address_n0 a join customer_address_n0 b on (a.ca_zip = b.ca_zip and a.ca_state = b.ca_state)
POSTHOOK: type: QUERY
POSTHOOK: Input: default@customer_address_n0
#### A masked pattern was here ####
STAGE DEPENDENCIES:
  Stage-1 is a root stage
  Stage-0 depends on stages: Stage-1

STAGE PLANS:
  Stage: Stage-1
    Tez
#### A masked pattern was here ####
      Edges:
        Reducer 2 <- Map 1 (SIMPLE_EDGE), Map 4 (SIMPLE_EDGE)
        Reducer 3 <- Reducer 2 (CUSTOM_SIMPLE_EDGE)
#### A masked pattern was here ####
      Vertices:
        Map 1 
            Map Operator Tree:
                TableScan
                  alias: a
                  filterExpr: (ca_zip is not null and ca_state is not null) (type: boolean)
                  Statistics: Num rows: 20 Data size: 3500 Basic stats: COMPLETE Column stats: COMPLETE
                  Filter Operator
                    predicate: (ca_zip is not null and ca_state is not null) (type: boolean)
                    Statistics: Num rows: 20 Data size: 3500 Basic stats: COMPLETE Column stats: COMPLETE
                    Select Operator
                      expressions: ca_state (type: string), ca_zip (type: string)
                      outputColumnNames: _col0, _col1
                      Statistics: Num rows: 20 Data size: 3500 Basic stats: COMPLETE Column stats: COMPLETE
                      Reduce Output Operator
                        key expressions: _col0 (type: string), _col1 (type: string)
                        null sort order: zz
                        sort order: ++
                        Map-reduce partition columns: _col0 (type: string), _col1 (type: string)
                        Statistics: Num rows: 20 Data size: 3500 Basic stats: COMPLETE Column stats: COMPLETE
            Execution mode: vectorized, llap
            LLAP IO: all inputs
        Map 4 
            Map Operator Tree:
                TableScan
                  alias: b
                  filterExpr: (ca_zip is not null and ca_state is not null) (type: boolean)
                  Statistics: Num rows: 20 Data size: 3500 Basic stats: COMPLETE Column stats: COMPLETE
                  Filter Operator
                    predicate: (ca_zip is not null and ca_state is not null) (type: boolean)
                    Statistics: Num rows: 20 Data size: 3500 Basic stats: COMPLETE Column stats: COMPLETE
                    Select Operator
                      expressions: ca_state (type: string), ca_zip (type: string)
                      outputColumnNames: _col0, _col1
                      Statistics: Num rows: 20 Data size: 3500 Basic stats: COMPLETE Column stats: COMPLETE
                      Reduce Output Operator
                        key expressions: _col0 (type: string), _col1 (type: string)
                        null sort order: zz
                        sort order: ++
                        Map-reduce partition columns: _col0 (type: string), _col1 (type: string)
                        Statistics: Num rows: 20 Data size: 3500 Basic stats: COMPLETE Column stats: COMPLETE
            Execution mode: vectorized, llap
            LLAP IO: all inputs
        Reducer 2 
            Execution mode: llap
            Reduce Operator Tree:
              Merge Join Operator
                condition map:
                     Inner Join 0 to 1
                keys:
                  0 _col0 (type: string), _col1 (type: string)
                  1 _col0 (type: string), _col1 (type: string)
                Statistics: Num rows: 5 Data size: 40 Basic stats: COMPLETE Column stats: COMPLETE
                Group By Operator
                  aggregations: count()
                  minReductionHashAggr: 0.8
                  mode: hash
                  outputColumnNames: _col0
                  Statistics: Num rows: 1 Data size: 8 Basic stats: COMPLETE Column stats: COMPLETE
                  Reduce Output Operator
                    null sort order: 
                    sort order: 
                    Statistics: Num rows: 1 Data size: 8 Basic stats: COMPLETE Column stats: COMPLETE
                    value expressions: _col0 (type: bigint)
        Reducer 3 
            Execution mode: vectorized, llap
            Reduce Operator Tree:
              Group By Operator
                aggregations: count(VALUE._col0)
                mode: mergepartial
                outputColumnNames: _col0
                Statistics: Num rows: 1 Data size: 8 Basic stats: COMPLETE Column stats: COMPLETE
                File Output Operator
                  compressed: false
                  Statistics: Num rows: 1 Data size: 8 Basic stats: COMPLETE Column stats: COMPLETE
                  table:
                      input format: org.apache.hadoop.mapred.SequenceFileInputFormat
                      output format: org.apache.hadoop.hive.ql.io.HiveSequenceFileOutputFormat
                      serde: org.apache.hadoop.hive.serde2.lazy.LazySimpleSerDe

  Stage: Stage-0
    Fetch Operator
      limit: -1
      Processor Tree:
        ListSink

PREHOOK: query: explain select count(*) from customer_address_n0 a join customer_address_n0 b on (a.ca_zip = b.ca_zip and a.ca_state = b.ca_state)
PREHOOK: type: QUERY
PREHOOK: Input: default@customer_address_n0
#### A masked pattern was here ####
POSTHOOK: query: explain select count(*) from customer_address_n0 a join customer_address_n0 b on (a.ca_zip = b.ca_zip and a.ca_state = b.ca_state)
POSTHOOK: type: QUERY
POSTHOOK: Input: default@customer_address_n0
#### A masked pattern was here ####
STAGE DEPENDENCIES:
  Stage-1 is a root stage
  Stage-0 depends on stages: Stage-1

STAGE PLANS:
  Stage: Stage-1
    Tez
#### A masked pattern was here ####
      Edges:
        Reducer 2 <- Map 1 (SIMPLE_EDGE), Map 4 (SIMPLE_EDGE)
        Reducer 3 <- Reducer 2 (CUSTOM_SIMPLE_EDGE)
#### A masked pattern was here ####
      Vertices:
        Map 1 
            Map Operator Tree:
                TableScan
                  alias: a
                  filterExpr: (ca_zip is not null and ca_state is not null) (type: boolean)
                  Statistics: Num rows: 20 Data size: 3500 Basic stats: COMPLETE Column stats: COMPLETE
                  Filter Operator
                    predicate: (ca_zip is not null and ca_state is not null) (type: boolean)
                    Statistics: Num rows: 20 Data size: 3500 Basic stats: COMPLETE Column stats: COMPLETE
                    Select Operator
                      expressions: ca_state (type: string), ca_zip (type: string)
                      outputColumnNames: _col0, _col1
                      Statistics: Num rows: 20 Data size: 3500 Basic stats: COMPLETE Column stats: COMPLETE
                      Reduce Output Operator
                        key expressions: _col0 (type: string), _col1 (type: string)
                        null sort order: zz
                        sort order: ++
                        Map-reduce partition columns: _col0 (type: string), _col1 (type: string)
                        Statistics: Num rows: 20 Data size: 3500 Basic stats: COMPLETE Column stats: COMPLETE
            Execution mode: vectorized, llap
            LLAP IO: all inputs
        Map 4 
            Map Operator Tree:
                TableScan
                  alias: b
                  filterExpr: (ca_zip is not null and ca_state is not null) (type: boolean)
                  Statistics: Num rows: 20 Data size: 3500 Basic stats: COMPLETE Column stats: COMPLETE
                  Filter Operator
                    predicate: (ca_zip is not null and ca_state is not null) (type: boolean)
                    Statistics: Num rows: 20 Data size: 3500 Basic stats: COMPLETE Column stats: COMPLETE
                    Select Operator
                      expressions: ca_state (type: string), ca_zip (type: string)
                      outputColumnNames: _col0, _col1
                      Statistics: Num rows: 20 Data size: 3500 Basic stats: COMPLETE Column stats: COMPLETE
                      Reduce Output Operator
                        key expressions: _col0 (type: string), _col1 (type: string)
                        null sort order: zz
                        sort order: ++
                        Map-reduce partition columns: _col0 (type: string), _col1 (type: string)
                        Statistics: Num rows: 20 Data size: 3500 Basic stats: COMPLETE Column stats: COMPLETE
            Execution mode: vectorized, llap
            LLAP IO: all inputs
        Reducer 2 
            Execution mode: llap
            Reduce Operator Tree:
              Merge Join Operator
                condition map:
                     Inner Join 0 to 1
                keys:
                  0 _col0 (type: string), _col1 (type: string)
                  1 _col0 (type: string), _col1 (type: string)
                Statistics: Num rows: 20 Data size: 160 Basic stats: COMPLETE Column stats: COMPLETE
                Group By Operator
                  aggregations: count()
                  minReductionHashAggr: 0.95
                  mode: hash
                  outputColumnNames: _col0
                  Statistics: Num rows: 1 Data size: 8 Basic stats: COMPLETE Column stats: COMPLETE
                  Reduce Output Operator
                    null sort order: 
                    sort order: 
                    Statistics: Num rows: 1 Data size: 8 Basic stats: COMPLETE Column stats: COMPLETE
                    value expressions: _col0 (type: bigint)
        Reducer 3 
            Execution mode: vectorized, llap
            Reduce Operator Tree:
              Group By Operator
                aggregations: count(VALUE._col0)
                mode: mergepartial
                outputColumnNames: _col0
                Statistics: Num rows: 1 Data size: 8 Basic stats: COMPLETE Column stats: COMPLETE
                File Output Operator
                  compressed: false
                  Statistics: Num rows: 1 Data size: 8 Basic stats: COMPLETE Column stats: COMPLETE
                  table:
                      input format: org.apache.hadoop.mapred.SequenceFileInputFormat
                      output format: org.apache.hadoop.hive.ql.io.HiveSequenceFileOutputFormat
                      serde: org.apache.hadoop.hive.serde2.lazy.LazySimpleSerDe

  Stage: Stage-0
    Fetch Operator
      limit: -1
      Processor Tree:
        ListSink

PREHOOK: query: drop table customer_address_n0
PREHOOK: type: DROPTABLE
PREHOOK: Input: default@customer_address_n0
PREHOOK: Output: database:default
PREHOOK: Output: default@customer_address_n0
POSTHOOK: query: drop table customer_address_n0
POSTHOOK: type: DROPTABLE
POSTHOOK: Input: default@customer_address_n0
POSTHOOK: Output: database:default
POSTHOOK: Output: default@customer_address_n0
