PREHOOK: query: EXPLAIN SELECT xx.key, xx.cnt, yy.key, yy.cnt
FROM
(SELECT x.key as key, count(x.value) OVER (PARTITION BY x.key) AS cnt FROM src x) xx
JOIN
(SELECT y.key as key, count(y.value) OVER (PARTITION BY y.key) AS cnt FROM src1 y) yy
ON (xx.key=yy.key)
PREHOOK: type: QUERY
PREHOOK: Input: default@src
PREHOOK: Input: default@src1
#### A masked pattern was here ####
POSTHOOK: query: EXPLAIN SELECT xx.key, xx.cnt, yy.key, yy.cnt
FROM
(SELECT x.key as key, count(x.value) OVER (PARTITION BY x.key) AS cnt FROM src x) xx
JOIN
(SELECT y.key as key, count(y.value) OVER (PARTITION BY y.key) AS cnt FROM src1 y) yy
ON (xx.key=yy.key)
POSTHOOK: type: QUERY
POSTHOOK: Input: default@src
POSTHOOK: Input: default@src1
#### A masked pattern was here ####
STAGE DEPENDENCIES:
  Stage-1 is a root stage
  Stage-0 depends on stages: Stage-1

STAGE PLANS:
  Stage: Stage-1
    Tez
#### A masked pattern was here ####
      Edges:
        Reducer 2 <- Map 1 (SIMPLE_EDGE), Map 3 (SIMPLE_EDGE)
#### A masked pattern was here ####
      Vertices:
        Map 1 
            Map Operator Tree:
                TableScan
                  alias: x
                  filterExpr: key is not null (type: boolean)
                  Statistics: Num rows: 500 Data size: 89000 Basic stats: COMPLETE Column stats: COMPLETE
                  Filter Operator
                    predicate: key is not null (type: boolean)
                    Statistics: Num rows: 500 Data size: 89000 Basic stats: COMPLETE Column stats: COMPLETE
                    Reduce Output Operator
                      key expressions: key (type: string)
                      null sort order: a
                      sort order: +
                      Map-reduce partition columns: key (type: string)
                      Statistics: Num rows: 500 Data size: 89000 Basic stats: COMPLETE Column stats: COMPLETE
                      value expressions: value (type: string)
            Execution mode: vectorized, llap
            LLAP IO: all inputs
        Map 3 
            Map Operator Tree:
                TableScan
                  alias: y
                  filterExpr: key is not null (type: boolean)
                  Statistics: Num rows: 25 Data size: 4375 Basic stats: COMPLETE Column stats: COMPLETE
                  Filter Operator
                    predicate: key is not null (type: boolean)
                    Statistics: Num rows: 25 Data size: 4375 Basic stats: COMPLETE Column stats: COMPLETE
                    Reduce Output Operator
                      key expressions: key (type: string)
                      null sort order: a
                      sort order: +
                      Map-reduce partition columns: key (type: string)
                      Statistics: Num rows: 25 Data size: 4375 Basic stats: COMPLETE Column stats: COMPLETE
                      value expressions: value (type: string)
            Execution mode: vectorized, llap
            LLAP IO: all inputs
        Reducer 2 
            Reduce Operator Tree:
              Select Operator
                expressions: KEY.reducesinkkey0 (type: string), VALUE._col0 (type: string)
                outputColumnNames: _col0, _col1
                Statistics: Num rows: 25 Data size: 4375 Basic stats: COMPLETE Column stats: COMPLETE
                PTF Operator
                  Function definitions:
                      Input definition
                        input alias: ptf_0
                        output shape: _col0: string, _col1: string
                        type: WINDOWING
                      Windowing table definition
                        input alias: ptf_1
                        name: windowingtablefunction
                        order by: _col0 ASC NULLS FIRST
                        partition by: _col0
                        raw input shape:
                        window functions:
                            window function definition
                              alias: count_window_0
                              arguments: _col1
                              name: count
                              window function: GenericUDAFCountEvaluator
                              window frame: ROWS PRECEDING(MAX)~FOLLOWING(MAX)
                  Statistics: Num rows: 25 Data size: 4375 Basic stats: COMPLETE Column stats: COMPLETE
                  Select Operator
                    expressions: _col0 (type: string), count_window_0 (type: bigint)
                    outputColumnNames: _col0, _col1
                    Statistics: Num rows: 25 Data size: 2350 Basic stats: COMPLETE Column stats: COMPLETE
                    Dummy Store
            Execution mode: llap
            Reduce Operator Tree:
              Select Operator
                expressions: KEY.reducesinkkey0 (type: string), VALUE._col0 (type: string)
                outputColumnNames: _col0, _col1
                Statistics: Num rows: 500 Data size: 89000 Basic stats: COMPLETE Column stats: COMPLETE
                PTF Operator
                  Function definitions:
                      Input definition
                        input alias: ptf_0
                        output shape: _col0: string, _col1: string
                        type: WINDOWING
                      Windowing table definition
                        input alias: ptf_1
                        name: windowingtablefunction
                        order by: _col0 ASC NULLS FIRST
                        partition by: _col0
                        raw input shape:
                        window functions:
                            window function definition
                              alias: count_window_0
                              arguments: _col1
                              name: count
                              window function: GenericUDAFCountEvaluator
                              window frame: ROWS PRECEDING(MAX)~FOLLOWING(MAX)
                  Statistics: Num rows: 500 Data size: 89000 Basic stats: COMPLETE Column stats: COMPLETE
                  Select Operator
                    expressions: _col0 (type: string), count_window_0 (type: bigint)
                    outputColumnNames: _col0, _col1
                    Statistics: Num rows: 500 Data size: 47500 Basic stats: COMPLETE Column stats: COMPLETE
                    Merge Join Operator
                      condition map:
                           Inner Join 0 to 1
                      keys:
                        0 _col0 (type: string)
                        1 _col0 (type: string)
                      outputColumnNames: _col0, _col1, _col2, _col3
                      Statistics: Num rows: 39 Data size: 7371 Basic stats: COMPLETE Column stats: COMPLETE
                      File Output Operator
                        compressed: false
                        Statistics: Num rows: 39 Data size: 7371 Basic stats: COMPLETE Column stats: COMPLETE
                        table:
                            input format: org.apache.hadoop.mapred.SequenceFileInputFormat
                            output format: org.apache.hadoop.hive.ql.io.HiveSequenceFileOutputFormat
                            serde: org.apache.hadoop.hive.serde2.lazy.LazySimpleSerDe

  Stage: Stage-0
    Fetch Operator
      limit: -1
      Processor Tree:
        ListSink

