PREHOOK: query: CREATE TABLE t_test(
  a tinyint
)
PREHOOK: type: CREATETABLE
PREHOOK: Output: database:default
PREHOOK: Output: default@t_test
POSTHOOK: query: CREATE TABLE t_test(
  a tinyint
)
POSTHOOK: type: CREATETABLE
POSTHOOK: Output: database:default
POSTHOOK: Output: default@t_test
PREHOOK: query: INSERT INTO t_test VALUES
(0), (1), (2), (3), (4), (5), (6), (7), (8), (9)
PREHOOK: type: QUERY
PREHOOK: Input: _dummy_database@_dummy_table
PREHOOK: Output: default@t_test
POSTHOOK: query: INSERT INTO t_test VALUES
(0), (1), (2), (3), (4), (5), (6), (7), (8), (9)
POSTHOOK: type: QUERY
POSTHOOK: Input: _dummy_database@_dummy_table
POSTHOOK: Output: default@t_test
POSTHOOK: Lineage: t_test.a SCRIPT []
PREHOOK: query: select 1 from (select count(distinct a) from t_test) x
PREHOOK: type: QUERY
PREHOOK: Input: default@t_test
#### A masked pattern was here ####
POSTHOOK: query: select 1 from (select count(distinct a) from t_test) x
POSTHOOK: type: QUERY
POSTHOOK: Input: default@t_test
#### A masked pattern was here ####
1
PREHOOK: query: select b from (select count(distinct a) b from t_test) x
PREHOOK: type: QUERY
PREHOOK: Input: default@t_test
#### A masked pattern was here ####
POSTHOOK: query: select b from (select count(distinct a) b from t_test) x
POSTHOOK: type: QUERY
POSTHOOK: Input: default@t_test
#### A masked pattern was here ####
10
PREHOOK: query: explain cbo select 1 from (select count(distinct a) from t_test) x
PREHOOK: type: QUERY
PREHOOK: Input: default@t_test
#### A masked pattern was here ####
POSTHOOK: query: explain cbo select 1 from (select count(distinct a) from t_test) x
POSTHOOK: type: QUERY
POSTHOOK: Input: default@t_test
#### A masked pattern was here ####
CBO PLAN:
HiveProject(_o__c0=[1])
  HiveProject($f0=[$0])
    HiveAggregate(group=[{}], agg#0=[count($0)])
      HiveProject(a=[$0])
        HiveAggregate(group=[{0}])
          HiveTableScan(table=[[default, t_test]], table:alias=[t_test])

PREHOOK: query: explain cbo select b from (select count(distinct a) b from t_test) x
PREHOOK: type: QUERY
PREHOOK: Input: default@t_test
#### A masked pattern was here ####
POSTHOOK: query: explain cbo select b from (select count(distinct a) b from t_test) x
POSTHOOK: type: QUERY
POSTHOOK: Input: default@t_test
#### A masked pattern was here ####
CBO PLAN:
HiveAggregate(group=[{}], agg#0=[count($0)])
  HiveProject(a=[$0])
    HiveAggregate(group=[{0}])
      HiveTableScan(table=[[default, t_test]], table:alias=[t_test])

PREHOOK: query: explain select 1 from (select count(distinct a) from t_test) x
PREHOOK: type: QUERY
PREHOOK: Input: default@t_test
#### A masked pattern was here ####
POSTHOOK: query: explain select 1 from (select count(distinct a) from t_test) x
POSTHOOK: type: QUERY
POSTHOOK: Input: default@t_test
#### A masked pattern was here ####
STAGE DEPENDENCIES:
  Stage-1 is a root stage
  Stage-0 depends on stages: Stage-1

STAGE PLANS:
  Stage: Stage-1
    Tez
#### A masked pattern was here ####
      Edges:
        Reducer 2 <- Map 1 (SIMPLE_EDGE)
        Reducer 3 <- Reducer 2 (CUSTOM_SIMPLE_EDGE)
#### A masked pattern was here ####
      Vertices:
        Map 1 
            Map Operator Tree:
                TableScan
                  alias: t_test
                  Statistics: Num rows: 10 Data size: 40 Basic stats: COMPLETE Column stats: COMPLETE
                  Select Operator
                    expressions: a (type: tinyint)
                    outputColumnNames: a
                    Statistics: Num rows: 10 Data size: 40 Basic stats: COMPLETE Column stats: COMPLETE
                    Group By Operator
                      keys: a (type: tinyint)
                      minReductionHashAggr: 0.4
                      mode: hash
                      outputColumnNames: _col0
                      Statistics: Num rows: 10 Data size: 40 Basic stats: COMPLETE Column stats: COMPLETE
                      Reduce Output Operator
                        key expressions: _col0 (type: tinyint)
                        null sort order: z
                        sort order: +
                        Map-reduce partition columns: _col0 (type: tinyint)
                        Statistics: Num rows: 10 Data size: 40 Basic stats: COMPLETE Column stats: COMPLETE
            Execution mode: vectorized, llap
            LLAP IO: all inputs
        Reducer 2 
            Execution mode: vectorized, llap
            Reduce Operator Tree:
              Group By Operator
                keys: KEY._col0 (type: tinyint)
                mode: mergepartial
                outputColumnNames: _col0
                Statistics: Num rows: 10 Data size: 40 Basic stats: COMPLETE Column stats: COMPLETE
                Group By Operator
                  aggregations: count(_col0)
                  minReductionHashAggr: 0.9
                  mode: hash
                  outputColumnNames: _col0
                  Statistics: Num rows: 1 Data size: 8 Basic stats: COMPLETE Column stats: COMPLETE
                  Reduce Output Operator
                    null sort order: 
                    sort order: 
                    Statistics: Num rows: 1 Data size: 8 Basic stats: COMPLETE Column stats: COMPLETE
                    value expressions: _col0 (type: bigint)
        Reducer 3 
            Execution mode: vectorized, llap
            Reduce Operator Tree:
              Group By Operator
                aggregations: count(VALUE._col0)
                mode: mergepartial
                outputColumnNames: _col0
                Statistics: Num rows: 1 Data size: 8 Basic stats: COMPLETE Column stats: COMPLETE
                Select Operator
                  expressions: 1 (type: int)
                  outputColumnNames: _col0
                  Statistics: Num rows: 1 Data size: 4 Basic stats: COMPLETE Column stats: COMPLETE
                  File Output Operator
                    compressed: false
                    Statistics: Num rows: 1 Data size: 4 Basic stats: COMPLETE Column stats: COMPLETE
                    table:
                        input format: org.apache.hadoop.mapred.SequenceFileInputFormat
                        output format: org.apache.hadoop.hive.ql.io.HiveSequenceFileOutputFormat
                        serde: org.apache.hadoop.hive.serde2.lazy.LazySimpleSerDe

  Stage: Stage-0
    Fetch Operator
      limit: -1
      Processor Tree:
        ListSink

PREHOOK: query: explain select b from (select count(distinct a) b from t_test) x
PREHOOK: type: QUERY
PREHOOK: Input: default@t_test
#### A masked pattern was here ####
POSTHOOK: query: explain select b from (select count(distinct a) b from t_test) x
POSTHOOK: type: QUERY
POSTHOOK: Input: default@t_test
#### A masked pattern was here ####
STAGE DEPENDENCIES:
  Stage-1 is a root stage
  Stage-0 depends on stages: Stage-1

STAGE PLANS:
  Stage: Stage-1
    Tez
#### A masked pattern was here ####
      Edges:
        Reducer 2 <- Map 1 (SIMPLE_EDGE)
        Reducer 3 <- Reducer 2 (CUSTOM_SIMPLE_EDGE)
#### A masked pattern was here ####
      Vertices:
        Map 1 
            Map Operator Tree:
                TableScan
                  alias: t_test
                  Statistics: Num rows: 10 Data size: 40 Basic stats: COMPLETE Column stats: COMPLETE
                  Select Operator
                    expressions: a (type: tinyint)
                    outputColumnNames: a
                    Statistics: Num rows: 10 Data size: 40 Basic stats: COMPLETE Column stats: COMPLETE
                    Group By Operator
                      keys: a (type: tinyint)
                      minReductionHashAggr: 0.4
                      mode: hash
                      outputColumnNames: _col0
                      Statistics: Num rows: 10 Data size: 40 Basic stats: COMPLETE Column stats: COMPLETE
                      Reduce Output Operator
                        key expressions: _col0 (type: tinyint)
                        null sort order: z
                        sort order: +
                        Map-reduce partition columns: _col0 (type: tinyint)
                        Statistics: Num rows: 10 Data size: 40 Basic stats: COMPLETE Column stats: COMPLETE
            Execution mode: vectorized, llap
            LLAP IO: all inputs
        Reducer 2 
            Execution mode: vectorized, llap
            Reduce Operator Tree:
              Group By Operator
                keys: KEY._col0 (type: tinyint)
                mode: mergepartial
                outputColumnNames: _col0
                Statistics: Num rows: 10 Data size: 40 Basic stats: COMPLETE Column stats: COMPLETE
                Group By Operator
                  aggregations: count(_col0)
                  minReductionHashAggr: 0.9
                  mode: hash
                  outputColumnNames: _col0
                  Statistics: Num rows: 1 Data size: 8 Basic stats: COMPLETE Column stats: COMPLETE
                  Reduce Output Operator
                    null sort order: 
                    sort order: 
                    Statistics: Num rows: 1 Data size: 8 Basic stats: COMPLETE Column stats: COMPLETE
                    value expressions: _col0 (type: bigint)
        Reducer 3 
            Execution mode: vectorized, llap
            Reduce Operator Tree:
              Group By Operator
                aggregations: count(VALUE._col0)
                mode: mergepartial
                outputColumnNames: _col0
                Statistics: Num rows: 1 Data size: 8 Basic stats: COMPLETE Column stats: COMPLETE
                File Output Operator
                  compressed: false
                  Statistics: Num rows: 1 Data size: 8 Basic stats: COMPLETE Column stats: COMPLETE
                  table:
                      input format: org.apache.hadoop.mapred.SequenceFileInputFormat
                      output format: org.apache.hadoop.hive.ql.io.HiveSequenceFileOutputFormat
                      serde: org.apache.hadoop.hive.serde2.lazy.LazySimpleSerDe

  Stage: Stage-0
    Fetch Operator
      limit: -1
      Processor Tree:
        ListSink

