PREHOOK: query: create table t0(col0 int)
PREHOOK: type: CREATETABLE
PREHOOK: Output: database:default
PREHOOK: Output: default@t0
POSTHOOK: query: create table t0(col0 int)
POSTHOOK: type: CREATETABLE
POSTHOOK: Output: database:default
POSTHOOK: Output: default@t0
PREHOOK: query: insert into t0(col0) values
(1),(2),
(100),(100),(100),
(200),(200)
PREHOOK: type: QUERY
PREHOOK: Input: _dummy_database@_dummy_table
PREHOOK: Output: default@t0
POSTHOOK: query: insert into t0(col0) values
(1),(2),
(100),(100),(100),
(200),(200)
POSTHOOK: type: QUERY
POSTHOOK: Input: _dummy_database@_dummy_table
POSTHOOK: Output: default@t0
POSTHOOK: Lineage: t0.col0 SCRIPT []
Warning: Shuffle Join MERGEJOIN[27][tables = [$hdt$_0, $hdt$_1]] in Stage 'Reducer 2' is a cross product
PREHOOK: query: explain
create table t1 as
with cte as (select count(*) as small_count from t0 where col0 < 10)
select t0.col0, (select small_count from cte)
from t0
order by t0.col0
PREHOOK: type: CREATETABLE_AS_SELECT
PREHOOK: Input: default@t0
PREHOOK: Output: database:default
PREHOOK: Output: default@t1
POSTHOOK: query: explain
create table t1 as
with cte as (select count(*) as small_count from t0 where col0 < 10)
select t0.col0, (select small_count from cte)
from t0
order by t0.col0
POSTHOOK: type: CREATETABLE_AS_SELECT
POSTHOOK: Input: default@t0
POSTHOOK: Output: database:default
POSTHOOK: Output: default@t1
STAGE DEPENDENCIES:
  Stage-1 is a root stage
  Stage-2 depends on stages: Stage-1
  Stage-4 depends on stages: Stage-0, Stage-2
  Stage-3 depends on stages: Stage-4
  Stage-0 depends on stages: Stage-1

STAGE PLANS:
  Stage: Stage-1
    Tez
#### A masked pattern was here ####
      Edges:
        Reducer 2 <- Map 1 (CUSTOM_SIMPLE_EDGE), Reducer 4 (CUSTOM_SIMPLE_EDGE)
        Reducer 3 <- Reducer 2 (SIMPLE_EDGE)
        Reducer 4 <- Map 1 (CUSTOM_SIMPLE_EDGE)
#### A masked pattern was here ####
      Vertices:
        Map 1 
            Map Operator Tree:
                TableScan
                  alias: t0
                  Statistics: Num rows: 7 Data size: 28 Basic stats: COMPLETE Column stats: COMPLETE
                  Select Operator
                    expressions: col0 (type: int)
                    outputColumnNames: _col0
                    Statistics: Num rows: 7 Data size: 28 Basic stats: COMPLETE Column stats: COMPLETE
                    Reduce Output Operator
                      null sort order: 
                      sort order: 
                      Statistics: Num rows: 7 Data size: 28 Basic stats: COMPLETE Column stats: COMPLETE
                      value expressions: _col0 (type: int)
                  Filter Operator
                    predicate: (col0 < 10) (type: boolean)
                    Statistics: Num rows: 1 Data size: 4 Basic stats: COMPLETE Column stats: COMPLETE
                    Select Operator
                      Statistics: Num rows: 1 Data size: 4 Basic stats: COMPLETE Column stats: COMPLETE
                      Group By Operator
                        aggregations: count()
                        minReductionHashAggr: 0.4
                        mode: hash
                        outputColumnNames: _col0
                        Statistics: Num rows: 1 Data size: 8 Basic stats: COMPLETE Column stats: COMPLETE
                        Reduce Output Operator
                          null sort order: 
                          sort order: 
                          Statistics: Num rows: 1 Data size: 8 Basic stats: COMPLETE Column stats: COMPLETE
                          value expressions: _col0 (type: bigint)
            Execution mode: vectorized, llap
            LLAP IO: all inputs
        Reducer 2 
            Execution mode: llap
            Reduce Operator Tree:
              Merge Join Operator
                condition map:
                     Left Outer Join 0 to 1
                keys:
                  0 
                  1 
                outputColumnNames: _col0, _col1
                Statistics: Num rows: 7 Data size: 84 Basic stats: COMPLETE Column stats: COMPLETE
                Reduce Output Operator
                  key expressions: _col0 (type: int)
                  null sort order: z
                  sort order: +
                  Statistics: Num rows: 7 Data size: 84 Basic stats: COMPLETE Column stats: COMPLETE
                  value expressions: _col1 (type: bigint)
        Reducer 3 
            Execution mode: vectorized, llap
            Reduce Operator Tree:
              Select Operator
                expressions: KEY.reducesinkkey0 (type: int), VALUE._col0 (type: bigint)
                outputColumnNames: _col0, _col1
                Statistics: Num rows: 7 Data size: 84 Basic stats: COMPLETE Column stats: COMPLETE
                File Output Operator
                  compressed: false
                  Statistics: Num rows: 7 Data size: 84 Basic stats: COMPLETE Column stats: COMPLETE
                  table:
                      input format: org.apache.hadoop.mapred.TextInputFormat
                      output format: org.apache.hadoop.hive.ql.io.HiveIgnoreKeyTextOutputFormat
                      serde: org.apache.hadoop.hive.serde2.lazy.LazySimpleSerDe
                      name: default.t1
                Select Operator
                  expressions: _col0 (type: int), _col1 (type: bigint)
                  outputColumnNames: col1, col2
                  Statistics: Num rows: 7 Data size: 84 Basic stats: COMPLETE Column stats: COMPLETE
                  Group By Operator
                    aggregations: min(col1), max(col1), count(1), count(col1), compute_bit_vector_hll(col1), min(col2), max(col2), count(col2), compute_bit_vector_hll(col2)
                    mode: complete
                    outputColumnNames: _col0, _col1, _col2, _col3, _col4, _col5, _col6, _col7, _col8
                    Statistics: Num rows: 1 Data size: 336 Basic stats: COMPLETE Column stats: COMPLETE
                    Select Operator
                      expressions: 'LONG' (type: string), UDFToLong(_col0) (type: bigint), UDFToLong(_col1) (type: bigint), (_col2 - _col3) (type: bigint), COALESCE(ndv_compute_bit_vector(_col4),0) (type: bigint), _col4 (type: binary), 'LONG' (type: string), _col5 (type: bigint), _col6 (type: bigint), (_col2 - _col7) (type: bigint), COALESCE(ndv_compute_bit_vector(_col8),0) (type: bigint), _col8 (type: binary)
                      outputColumnNames: _col0, _col1, _col2, _col3, _col4, _col5, _col6, _col7, _col8, _col9, _col10, _col11
                      Statistics: Num rows: 1 Data size: 528 Basic stats: COMPLETE Column stats: COMPLETE
                      File Output Operator
                        compressed: false
                        Statistics: Num rows: 1 Data size: 528 Basic stats: COMPLETE Column stats: COMPLETE
                        table:
                            input format: org.apache.hadoop.mapred.SequenceFileInputFormat
                            output format: org.apache.hadoop.hive.ql.io.HiveSequenceFileOutputFormat
                            serde: org.apache.hadoop.hive.serde2.lazy.LazySimpleSerDe
        Reducer 4 
            Execution mode: vectorized, llap
            Reduce Operator Tree:
              Group By Operator
                aggregations: count(VALUE._col0)
                mode: mergepartial
                outputColumnNames: _col0
                Statistics: Num rows: 1 Data size: 8 Basic stats: COMPLETE Column stats: COMPLETE
                Reduce Output Operator
                  null sort order: 
                  sort order: 
                  Statistics: Num rows: 1 Data size: 8 Basic stats: COMPLETE Column stats: COMPLETE
                  value expressions: _col0 (type: bigint)

  Stage: Stage-2
    Dependency Collection

  Stage: Stage-4
    Create Table
      columns: col0 int, _c1 bigint
      name: default.t1
      input format: org.apache.hadoop.mapred.TextInputFormat
      output format: org.apache.hadoop.hive.ql.io.IgnoreKeyTextOutputFormat
      serde name: org.apache.hadoop.hive.serde2.lazy.LazySimpleSerDe

  Stage: Stage-3
    Stats Work
      Basic Stats Work:
      Column Stats Desc:
          Columns: col0, _c1
          Column Types: int, bigint
          Table: default.t1

  Stage: Stage-0
    Move Operator
      files:
          hdfs directory: true
#### A masked pattern was here ####

Warning: Shuffle Join MERGEJOIN[27][tables = [$hdt$_0, $hdt$_1]] in Stage 'Reducer 2' is a cross product
PREHOOK: query: create table t1 as
with cte as (select count(*) as small_count from t0 where col0 < 10)
select t0.col0, (select small_count from cte)
from t0
order by t0.col0
PREHOOK: type: CREATETABLE_AS_SELECT
PREHOOK: Input: default@t0
PREHOOK: Output: database:default
PREHOOK: Output: default@t1
POSTHOOK: query: create table t1 as
with cte as (select count(*) as small_count from t0 where col0 < 10)
select t0.col0, (select small_count from cte)
from t0
order by t0.col0
POSTHOOK: type: CREATETABLE_AS_SELECT
POSTHOOK: Input: default@t0
POSTHOOK: Output: database:default
POSTHOOK: Output: default@t1
POSTHOOK: Lineage: t1._c1 EXPRESSION [(t0)t0.null, ]
POSTHOOK: Lineage: t1.col0 SIMPLE [(t0)t0.FieldSchema(name:col0, type:int, comment:null), ]
PREHOOK: query: select * from t1
PREHOOK: type: QUERY
PREHOOK: Input: default@t1
#### A masked pattern was here ####
POSTHOOK: query: select * from t1
POSTHOOK: type: QUERY
POSTHOOK: Input: default@t1
#### A masked pattern was here ####
1	2
2	2
100	2
100	2
100	2
200	2
200	2
