Warning: Shuffle Join MERGEJOIN[13][tables = [$hdt$_0, $hdt$_1]] in Stage 'Reducer 2' is a cross product
PREHOOK: query: explain
with q1(srcKey, srcValue) as (select * from src where key= '5')
select a.srcKey, b.srcValue
from q1 a join q1 b
on a.srcKey=b.srcKey
PREHOOK: type: QUERY
PREHOOK: Input: default@src
#### A masked pattern was here ####
POSTHOOK: query: explain
with q1(srcKey, srcValue) as (select * from src where key= '5')
select a.srcKey, b.srcValue
from q1 a join q1 b
on a.srcKey=b.srcKey
POSTHOOK: type: QUERY
POSTHOOK: Input: default@src
#### A masked pattern was here ####
STAGE DEPENDENCIES:
  Stage-1 is a root stage
  Stage-0 depends on stages: Stage-1

STAGE PLANS:
  Stage: Stage-1
    Tez
#### A masked pattern was here ####
      Edges:
        Reducer 2 <- Map 1 (XPROD_EDGE), Map 3 (XPROD_EDGE)
#### A masked pattern was here ####
      Vertices:
        Map 1 
            Map Operator Tree:
                TableScan
                  alias: src
                  filterExpr: (key = '5') (type: boolean)
                  Statistics: Num rows: 500 Data size: 43500 Basic stats: COMPLETE Column stats: COMPLETE
                  Filter Operator
                    predicate: (key = '5') (type: boolean)
                    Statistics: Num rows: 2 Data size: 174 Basic stats: COMPLETE Column stats: COMPLETE
                    Select Operator
                      Statistics: Num rows: 2 Data size: 16 Basic stats: COMPLETE Column stats: COMPLETE
                      Reduce Output Operator
                        null sort order: 
                        sort order: 
                        Statistics: Num rows: 2 Data size: 16 Basic stats: COMPLETE Column stats: COMPLETE
            Execution mode: vectorized, llap
            LLAP IO: all inputs
        Map 3 
            Map Operator Tree:
                TableScan
                  alias: src
                  filterExpr: (key = '5') (type: boolean)
                  Statistics: Num rows: 500 Data size: 89000 Basic stats: COMPLETE Column stats: COMPLETE
                  Filter Operator
                    predicate: (key = '5') (type: boolean)
                    Statistics: Num rows: 2 Data size: 356 Basic stats: COMPLETE Column stats: COMPLETE
                    Select Operator
                      expressions: value (type: string)
                      outputColumnNames: _col0
                      Statistics: Num rows: 2 Data size: 182 Basic stats: COMPLETE Column stats: COMPLETE
                      Reduce Output Operator
                        null sort order: 
                        sort order: 
                        Statistics: Num rows: 2 Data size: 182 Basic stats: COMPLETE Column stats: COMPLETE
                        value expressions: _col0 (type: string)
            Execution mode: vectorized, llap
            LLAP IO: all inputs
        Reducer 2 
            Execution mode: llap
            Reduce Operator Tree:
              Merge Join Operator
                condition map:
                     Inner Join 0 to 1
                keys:
                  0 
                  1 
                outputColumnNames: _col1
                Statistics: Num rows: 4 Data size: 364 Basic stats: COMPLETE Column stats: COMPLETE
                Select Operator
                  expressions: '5' (type: string), _col1 (type: string)
                  outputColumnNames: _col0, _col1
                  Statistics: Num rows: 4 Data size: 704 Basic stats: COMPLETE Column stats: COMPLETE
                  File Output Operator
                    compressed: false
                    Statistics: Num rows: 4 Data size: 704 Basic stats: COMPLETE Column stats: COMPLETE
                    table:
                        input format: org.apache.hadoop.mapred.SequenceFileInputFormat
                        output format: org.apache.hadoop.hive.ql.io.HiveSequenceFileOutputFormat
                        serde: org.apache.hadoop.hive.serde2.lazy.LazySimpleSerDe

  Stage: Stage-0
    Fetch Operator
      limit: -1
      Processor Tree:
        ListSink

PREHOOK: query: explain
with q1(srcKey, srcValue) as (select * from src where key= '5')
select a.srcKey, b.srcValue
from q1 a join q1 b
on a.srcKey=b.srcKey
PREHOOK: type: QUERY
PREHOOK: Input: default@q1
#### A masked pattern was here ####
POSTHOOK: query: explain
with q1(srcKey, srcValue) as (select * from src where key= '5')
select a.srcKey, b.srcValue
from q1 a join q1 b
on a.srcKey=b.srcKey
POSTHOOK: type: QUERY
POSTHOOK: Input: default@q1
#### A masked pattern was here ####
STAGE DEPENDENCIES:
  Stage-1 is a root stage
  Stage-2 depends on stages: Stage-1
  Stage-4 depends on stages: Stage-2, Stage-0
  Stage-0 depends on stages: Stage-1
  Stage-3 depends on stages: Stage-4

STAGE PLANS:
  Stage: Stage-1
    Tez
#### A masked pattern was here ####
      Vertices:
        Map 1 
            Map Operator Tree:
                TableScan
                  alias: src
                  filterExpr: (key = '5') (type: boolean)
                  Statistics: Num rows: 500 Data size: 89000 Basic stats: COMPLETE Column stats: COMPLETE
                  Filter Operator
                    predicate: (key = '5') (type: boolean)
                    Statistics: Num rows: 2 Data size: 356 Basic stats: COMPLETE Column stats: COMPLETE
                    Select Operator
                      expressions: '5' (type: string), value (type: string)
                      outputColumnNames: _col0, _col1
                      Statistics: Num rows: 2 Data size: 352 Basic stats: COMPLETE Column stats: COMPLETE
                      File Output Operator
                        compressed: false
                        Statistics: Num rows: 2 Data size: 352 Basic stats: COMPLETE Column stats: COMPLETE
                        table:
                            input format: org.apache.hadoop.hive.ql.io.parquet.MapredParquetInputFormat
                            output format: org.apache.hadoop.hive.ql.io.parquet.MapredParquetOutputFormat
                            serde: org.apache.hadoop.hive.ql.io.parquet.serde.ParquetHiveSerDe
                            name: default.q1
            Execution mode: vectorized, llap
            LLAP IO: all inputs

  Stage: Stage-2
    Dependency Collection

  Stage: Stage-4
    Tez
#### A masked pattern was here ####
      Edges:
        Reducer 3 <- Map 2 (SIMPLE_EDGE), Map 4 (SIMPLE_EDGE)
#### A masked pattern was here ####
      Vertices:
        Map 2 
            Map Operator Tree:
                TableScan
                  alias: a
                  filterExpr: srckey is not null (type: boolean)
                  Statistics: Num rows: 2 Data size: 352 Basic stats: COMPLETE Column stats: COMPLETE
                  Filter Operator
                    predicate: srckey is not null (type: boolean)
                    Statistics: Num rows: 2 Data size: 352 Basic stats: COMPLETE Column stats: COMPLETE
                    Select Operator
                      expressions: srckey (type: string)
                      outputColumnNames: _col0
                      Statistics: Num rows: 2 Data size: 170 Basic stats: COMPLETE Column stats: COMPLETE
                      Reduce Output Operator
                        key expressions: _col0 (type: string)
                        null sort order: z
                        sort order: +
                        Map-reduce partition columns: _col0 (type: string)
                        Statistics: Num rows: 2 Data size: 170 Basic stats: COMPLETE Column stats: COMPLETE
            Execution mode: vectorized, llap
            LLAP IO: all inputs (cache only)
        Map 4 
            Map Operator Tree:
                TableScan
                  alias: b
                  filterExpr: srckey is not null (type: boolean)
                  Statistics: Num rows: 2 Data size: 352 Basic stats: COMPLETE Column stats: COMPLETE
                  Filter Operator
                    predicate: srckey is not null (type: boolean)
                    Statistics: Num rows: 2 Data size: 352 Basic stats: COMPLETE Column stats: COMPLETE
                    Select Operator
                      expressions: srckey (type: string), srcvalue (type: string)
                      outputColumnNames: _col0, _col1
                      Statistics: Num rows: 2 Data size: 352 Basic stats: COMPLETE Column stats: COMPLETE
                      Reduce Output Operator
                        key expressions: _col0 (type: string)
                        null sort order: z
                        sort order: +
                        Map-reduce partition columns: _col0 (type: string)
                        Statistics: Num rows: 2 Data size: 352 Basic stats: COMPLETE Column stats: COMPLETE
                        value expressions: _col1 (type: string)
            Execution mode: vectorized, llap
            LLAP IO: all inputs (cache only)
        Reducer 3 
            Execution mode: llap
            Reduce Operator Tree:
              Merge Join Operator
                condition map:
                     Inner Join 0 to 1
                keys:
                  0 _col0 (type: string)
                  1 _col0 (type: string)
                outputColumnNames: _col0, _col2
                Statistics: Num rows: 4 Data size: 704 Basic stats: COMPLETE Column stats: COMPLETE
                Select Operator
                  expressions: _col0 (type: string), _col2 (type: string)
                  outputColumnNames: _col0, _col1
                  Statistics: Num rows: 4 Data size: 704 Basic stats: COMPLETE Column stats: COMPLETE
                  File Output Operator
                    compressed: false
                    Statistics: Num rows: 4 Data size: 704 Basic stats: COMPLETE Column stats: COMPLETE
                    table:
                        input format: org.apache.hadoop.mapred.SequenceFileInputFormat
                        output format: org.apache.hadoop.hive.ql.io.HiveSequenceFileOutputFormat
                        serde: org.apache.hadoop.hive.serde2.lazy.LazySimpleSerDe

  Stage: Stage-0
    Move Operator
      files:
          hdfs directory: true
#### A masked pattern was here ####

  Stage: Stage-3
    Fetch Operator
      limit: -1
      Processor Tree:
        ListSink

PREHOOK: query: with q1(srcKey, srcValue) as (select * from src where key= '5')
select a.srcKey, b.srcValue
from q1 a join q1 b
on a.srcKey=b.srcKey
PREHOOK: type: QUERY
PREHOOK: Input: default@q1
PREHOOK: Input: default@src
PREHOOK: Output: database:default
PREHOOK: Output: default@q1
#### A masked pattern was here ####
POSTHOOK: query: with q1(srcKey, srcValue) as (select * from src where key= '5')
select a.srcKey, b.srcValue
from q1 a join q1 b
on a.srcKey=b.srcKey
POSTHOOK: type: QUERY
POSTHOOK: Input: default@q1
POSTHOOK: Input: default@src
POSTHOOK: Output: database:default
POSTHOOK: Output: default@q1
#### A masked pattern was here ####
5	val_5
5	val_5
5	val_5
5	val_5
5	val_5
5	val_5
5	val_5
5	val_5
5	val_5
PREHOOK: query: explain
with q1(`srcKey`) as (select * from src where key= '5')
select a.srcKey
from q1 a join q1 b
on a.srcKey=b.srcKey
PREHOOK: type: QUERY
PREHOOK: Input: default@q1
#### A masked pattern was here ####
POSTHOOK: query: explain
with q1(`srcKey`) as (select * from src where key= '5')
select a.srcKey
from q1 a join q1 b
on a.srcKey=b.srcKey
POSTHOOK: type: QUERY
POSTHOOK: Input: default@q1
#### A masked pattern was here ####
STAGE DEPENDENCIES:
  Stage-1 is a root stage
  Stage-2 depends on stages: Stage-1
  Stage-4 depends on stages: Stage-2, Stage-0
  Stage-0 depends on stages: Stage-1
  Stage-3 depends on stages: Stage-4

STAGE PLANS:
  Stage: Stage-1
    Tez
#### A masked pattern was here ####
      Vertices:
        Map 1 
            Map Operator Tree:
                TableScan
                  alias: src
                  filterExpr: (key = '5') (type: boolean)
                  Statistics: Num rows: 500 Data size: 89000 Basic stats: COMPLETE Column stats: COMPLETE
                  Filter Operator
                    predicate: (key = '5') (type: boolean)
                    Statistics: Num rows: 2 Data size: 356 Basic stats: COMPLETE Column stats: COMPLETE
                    Select Operator
                      expressions: '5' (type: string), value (type: string)
                      outputColumnNames: _col0, _col1
                      Statistics: Num rows: 2 Data size: 352 Basic stats: COMPLETE Column stats: COMPLETE
                      File Output Operator
                        compressed: false
                        Statistics: Num rows: 2 Data size: 352 Basic stats: COMPLETE Column stats: COMPLETE
                        table:
                            input format: org.apache.hadoop.hive.ql.io.parquet.MapredParquetInputFormat
                            output format: org.apache.hadoop.hive.ql.io.parquet.MapredParquetOutputFormat
                            serde: org.apache.hadoop.hive.ql.io.parquet.serde.ParquetHiveSerDe
                            name: default.q1
            Execution mode: vectorized, llap
            LLAP IO: all inputs

  Stage: Stage-2
    Dependency Collection

  Stage: Stage-4
    Tez
#### A masked pattern was here ####
      Edges:
        Reducer 3 <- Map 2 (SIMPLE_EDGE), Map 4 (SIMPLE_EDGE)
#### A masked pattern was here ####
      Vertices:
        Map 2 
            Map Operator Tree:
                TableScan
                  alias: a
                  filterExpr: srckey is not null (type: boolean)
                  Statistics: Num rows: 2 Data size: 352 Basic stats: COMPLETE Column stats: COMPLETE
                  Filter Operator
                    predicate: srckey is not null (type: boolean)
                    Statistics: Num rows: 2 Data size: 352 Basic stats: COMPLETE Column stats: COMPLETE
                    Select Operator
                      expressions: srckey (type: string)
                      outputColumnNames: _col0
                      Statistics: Num rows: 2 Data size: 170 Basic stats: COMPLETE Column stats: COMPLETE
                      Reduce Output Operator
                        key expressions: _col0 (type: string)
                        null sort order: z
                        sort order: +
                        Map-reduce partition columns: _col0 (type: string)
                        Statistics: Num rows: 2 Data size: 170 Basic stats: COMPLETE Column stats: COMPLETE
            Execution mode: vectorized, llap
            LLAP IO: all inputs (cache only)
        Map 4 
            Map Operator Tree:
                TableScan
                  alias: b
                  filterExpr: srckey is not null (type: boolean)
                  Statistics: Num rows: 2 Data size: 352 Basic stats: COMPLETE Column stats: COMPLETE
                  Filter Operator
                    predicate: srckey is not null (type: boolean)
                    Statistics: Num rows: 2 Data size: 352 Basic stats: COMPLETE Column stats: COMPLETE
                    Select Operator
                      expressions: srckey (type: string)
                      outputColumnNames: _col0
                      Statistics: Num rows: 2 Data size: 170 Basic stats: COMPLETE Column stats: COMPLETE
                      Reduce Output Operator
                        key expressions: _col0 (type: string)
                        null sort order: z
                        sort order: +
                        Map-reduce partition columns: _col0 (type: string)
                        Statistics: Num rows: 2 Data size: 170 Basic stats: COMPLETE Column stats: COMPLETE
            Execution mode: vectorized, llap
            LLAP IO: all inputs (cache only)
        Reducer 3 
            Execution mode: llap
            Reduce Operator Tree:
              Merge Join Operator
                condition map:
                     Inner Join 0 to 1
                keys:
                  0 _col0 (type: string)
                  1 _col0 (type: string)
                outputColumnNames: _col0
                Statistics: Num rows: 4 Data size: 340 Basic stats: COMPLETE Column stats: COMPLETE
                File Output Operator
                  compressed: false
                  Statistics: Num rows: 4 Data size: 340 Basic stats: COMPLETE Column stats: COMPLETE
                  table:
                      input format: org.apache.hadoop.mapred.SequenceFileInputFormat
                      output format: org.apache.hadoop.hive.ql.io.HiveSequenceFileOutputFormat
                      serde: org.apache.hadoop.hive.serde2.lazy.LazySimpleSerDe

  Stage: Stage-0
    Move Operator
      files:
          hdfs directory: true
#### A masked pattern was here ####

  Stage: Stage-3
    Fetch Operator
      limit: -1
      Processor Tree:
        ListSink

PREHOOK: query: with q1(`srcKey`) as (select * from src where key= '5')
select a.srcKey
from q1 a join q1 b
on a.srcKey=b.srcKey
PREHOOK: type: QUERY
PREHOOK: Input: default@q1
PREHOOK: Input: default@src
PREHOOK: Output: database:default
PREHOOK: Output: default@q1
#### A masked pattern was here ####
POSTHOOK: query: with q1(`srcKey`) as (select * from src where key= '5')
select a.srcKey
from q1 a join q1 b
on a.srcKey=b.srcKey
POSTHOOK: type: QUERY
POSTHOOK: Input: default@q1
POSTHOOK: Input: default@src
POSTHOOK: Output: database:default
POSTHOOK: Output: default@q1
#### A masked pattern was here ####
5
5
5
5
5
5
5
5
5
