PREHOOK: query: create table t1 (a decimal (3,1))
PREHOOK: type: CREATETABLE
PREHOOK: Output: database:default
PREHOOK: Output: default@t1
POSTHOOK: query: create table t1 (a decimal (3,1))
POSTHOOK: type: CREATETABLE
POSTHOOK: Output: database:default
POSTHOOK: Output: default@t1
PREHOOK: query: explain select * from t1 where a = '22.3'
PREHOOK: type: QUERY
PREHOOK: Input: default@t1
#### A masked pattern was here ####
POSTHOOK: query: explain select * from t1 where a = '22.3'
POSTHOOK: type: QUERY
POSTHOOK: Input: default@t1
#### A masked pattern was here ####
STAGE DEPENDENCIES:
  Stage-0 is a root stage

STAGE PLANS:
  Stage: Stage-0
    Fetch Operator
      limit: -1
      Processor Tree:
        TableScan
          alias: t1
          filterExpr: (a = 22.3) (type: boolean)
          Filter Operator
            predicate: (a = 22.3) (type: boolean)
            Select Operator
              expressions: 22.3 (type: decimal(3,1))
              outputColumnNames: _col0
              ListSink

PREHOOK: query: explain select * from t1 where a = '2.3'
PREHOOK: type: QUERY
PREHOOK: Input: default@t1
#### A masked pattern was here ####
POSTHOOK: query: explain select * from t1 where a = '2.3'
POSTHOOK: type: QUERY
POSTHOOK: Input: default@t1
#### A masked pattern was here ####
STAGE DEPENDENCIES:
  Stage-0 is a root stage

STAGE PLANS:
  Stage: Stage-0
    Fetch Operator
      limit: -1
      Processor Tree:
        TableScan
          alias: t1
          filterExpr: (a = 2.3) (type: boolean)
          Filter Operator
            predicate: (a = 2.3) (type: boolean)
            Select Operator
              expressions: 2.3 (type: decimal(3,1))
              outputColumnNames: _col0
              ListSink

PREHOOK: query: explain select * from t1 where a = '213.223'
PREHOOK: type: QUERY
PREHOOK: Input: default@t1
#### A masked pattern was here ####
POSTHOOK: query: explain select * from t1 where a = '213.223'
POSTHOOK: type: QUERY
POSTHOOK: Input: default@t1
#### A masked pattern was here ####
STAGE DEPENDENCIES:
  Stage-0 is a root stage

STAGE PLANS:
  Stage: Stage-0
    Fetch Operator
      limit: -1
      Processor Tree:
        TableScan
          alias: t1
          filterExpr: (a = 213.223) (type: boolean)
          Filter Operator
            predicate: (a = 213.223) (type: boolean)
            Select Operator
              expressions: null (type: decimal(3,1))
              outputColumnNames: _col0
              ListSink

PREHOOK: query: explain select * from t1 where a = ''
PREHOOK: type: QUERY
PREHOOK: Input: default@t1
#### A masked pattern was here ####
POSTHOOK: query: explain select * from t1 where a = ''
POSTHOOK: type: QUERY
POSTHOOK: Input: default@t1
#### A masked pattern was here ####
STAGE DEPENDENCIES:
  Stage-0 is a root stage

STAGE PLANS:
  Stage: Stage-0
    Fetch Operator
      limit: 0
      Processor Tree:
        ListSink

PREHOOK: query: explain select * from t1 where a = 'ab'
PREHOOK: type: QUERY
PREHOOK: Input: default@t1
#### A masked pattern was here ####
POSTHOOK: query: explain select * from t1 where a = 'ab'
POSTHOOK: type: QUERY
POSTHOOK: Input: default@t1
#### A masked pattern was here ####
STAGE DEPENDENCIES:
  Stage-0 is a root stage

STAGE PLANS:
  Stage: Stage-0
    Fetch Operator
      limit: 0
      Processor Tree:
        ListSink

PREHOOK: query: create table str_tbl (string_col string, char_col char(20), varchar_col varchar(20))
PREHOOK: type: CREATETABLE
PREHOOK: Output: database:default
PREHOOK: Output: default@str_tbl
POSTHOOK: query: create table str_tbl (string_col string, char_col char(20), varchar_col varchar(20))
POSTHOOK: type: CREATETABLE
POSTHOOK: Output: database:default
POSTHOOK: Output: default@str_tbl
PREHOOK: query: insert into str_tbl values ('12089257425232694581','12089257425232694581','12089257425232694581')
PREHOOK: type: QUERY
PREHOOK: Input: _dummy_database@_dummy_table
PREHOOK: Output: default@str_tbl
POSTHOOK: query: insert into str_tbl values ('12089257425232694581','12089257425232694581','12089257425232694581')
POSTHOOK: type: QUERY
POSTHOOK: Input: _dummy_database@_dummy_table
POSTHOOK: Output: default@str_tbl
POSTHOOK: Lineage: str_tbl.char_col SCRIPT []
POSTHOOK: Lineage: str_tbl.string_col SCRIPT []
POSTHOOK: Lineage: str_tbl.varchar_col SCRIPT []
PREHOOK: query: select * from str_tbl where string_col=12089257425232694599
PREHOOK: type: QUERY
PREHOOK: Input: default@str_tbl
#### A masked pattern was here ####
POSTHOOK: query: select * from str_tbl where string_col=12089257425232694599
POSTHOOK: type: QUERY
POSTHOOK: Input: default@str_tbl
#### A masked pattern was here ####
PREHOOK: query: select * from str_tbl where char_col=12089257425232694599
PREHOOK: type: QUERY
PREHOOK: Input: default@str_tbl
#### A masked pattern was here ####
POSTHOOK: query: select * from str_tbl where char_col=12089257425232694599
POSTHOOK: type: QUERY
POSTHOOK: Input: default@str_tbl
#### A masked pattern was here ####
PREHOOK: query: select * from str_tbl where varchar_col=12089257425232694599
PREHOOK: type: QUERY
PREHOOK: Input: default@str_tbl
#### A masked pattern was here ####
POSTHOOK: query: select * from str_tbl where varchar_col=12089257425232694599
POSTHOOK: type: QUERY
POSTHOOK: Input: default@str_tbl
#### A masked pattern was here ####
PREHOOK: query: select * from str_tbl where string_col=1208925742523269458188
PREHOOK: type: QUERY
PREHOOK: Input: default@str_tbl
#### A masked pattern was here ####
POSTHOOK: query: select * from str_tbl where string_col=1208925742523269458188
POSTHOOK: type: QUERY
POSTHOOK: Input: default@str_tbl
#### A masked pattern was here ####
PREHOOK: query: select * from str_tbl where char_col=1208925742523269458188
PREHOOK: type: QUERY
PREHOOK: Input: default@str_tbl
#### A masked pattern was here ####
POSTHOOK: query: select * from str_tbl where char_col=1208925742523269458188
POSTHOOK: type: QUERY
POSTHOOK: Input: default@str_tbl
#### A masked pattern was here ####
PREHOOK: query: select * from str_tbl where varchar_col=1208925742523269458188
PREHOOK: type: QUERY
PREHOOK: Input: default@str_tbl
#### A masked pattern was here ####
POSTHOOK: query: select * from str_tbl where varchar_col=1208925742523269458188
POSTHOOK: type: QUERY
POSTHOOK: Input: default@str_tbl
#### A masked pattern was here ####
PREHOOK: query: select * from str_tbl where string_col=12089257425232694581
PREHOOK: type: QUERY
PREHOOK: Input: default@str_tbl
#### A masked pattern was here ####
POSTHOOK: query: select * from str_tbl where string_col=12089257425232694581
POSTHOOK: type: QUERY
POSTHOOK: Input: default@str_tbl
#### A masked pattern was here ####
12089257425232694581	12089257425232694581	12089257425232694581
PREHOOK: query: select * from str_tbl where char_col=12089257425232694581
PREHOOK: type: QUERY
PREHOOK: Input: default@str_tbl
#### A masked pattern was here ####
POSTHOOK: query: select * from str_tbl where char_col=12089257425232694581
POSTHOOK: type: QUERY
POSTHOOK: Input: default@str_tbl
#### A masked pattern was here ####
12089257425232694581	12089257425232694581	12089257425232694581
PREHOOK: query: select * from str_tbl where varchar_col=12089257425232694581
PREHOOK: type: QUERY
PREHOOK: Input: default@str_tbl
#### A masked pattern was here ####
POSTHOOK: query: select * from str_tbl where varchar_col=12089257425232694581
POSTHOOK: type: QUERY
POSTHOOK: Input: default@str_tbl
#### A masked pattern was here ####
12089257425232694581	12089257425232694581	12089257425232694581
PREHOOK: query: explain select * from str_tbl where string_col=12089257425232694599
PREHOOK: type: QUERY
PREHOOK: Input: default@str_tbl
#### A masked pattern was here ####
POSTHOOK: query: explain select * from str_tbl where string_col=12089257425232694599
POSTHOOK: type: QUERY
POSTHOOK: Input: default@str_tbl
#### A masked pattern was here ####
STAGE DEPENDENCIES:
  Stage-0 is a root stage

STAGE PLANS:
  Stage: Stage-0
    Fetch Operator
      limit: -1
      Processor Tree:
        TableScan
          alias: str_tbl
          filterExpr: (CAST( string_col AS decimal(38,18)) = 12089257425232694599) (type: boolean)
          Filter Operator
            predicate: (CAST( string_col AS decimal(38,18)) = 12089257425232694599) (type: boolean)
            Select Operator
              expressions: string_col (type: string), char_col (type: char(20)), varchar_col (type: varchar(20))
              outputColumnNames: _col0, _col1, _col2
              ListSink

PREHOOK: query: explain select * from str_tbl where 12089257425232694599=string_col
PREHOOK: type: QUERY
PREHOOK: Input: default@str_tbl
#### A masked pattern was here ####
POSTHOOK: query: explain select * from str_tbl where 12089257425232694599=string_col
POSTHOOK: type: QUERY
POSTHOOK: Input: default@str_tbl
#### A masked pattern was here ####
STAGE DEPENDENCIES:
  Stage-0 is a root stage

STAGE PLANS:
  Stage: Stage-0
    Fetch Operator
      limit: -1
      Processor Tree:
        TableScan
          alias: str_tbl
          filterExpr: (CAST( string_col AS decimal(38,18)) = 12089257425232694599) (type: boolean)
          Filter Operator
            predicate: (CAST( string_col AS decimal(38,18)) = 12089257425232694599) (type: boolean)
            Select Operator
              expressions: string_col (type: string), char_col (type: char(20)), varchar_col (type: varchar(20))
              outputColumnNames: _col0, _col1, _col2
              ListSink

PREHOOK: query: explain select * from str_tbl where string_col=223
PREHOOK: type: QUERY
PREHOOK: Input: default@str_tbl
#### A masked pattern was here ####
POSTHOOK: query: explain select * from str_tbl where string_col=223
POSTHOOK: type: QUERY
POSTHOOK: Input: default@str_tbl
#### A masked pattern was here ####
STAGE DEPENDENCIES:
  Stage-0 is a root stage

STAGE PLANS:
  Stage: Stage-0
    Fetch Operator
      limit: -1
      Processor Tree:
        TableScan
          alias: str_tbl
          filterExpr: (CAST( string_col AS decimal(38,18)) = 223) (type: boolean)
          Filter Operator
            predicate: (CAST( string_col AS decimal(38,18)) = 223) (type: boolean)
            Select Operator
              expressions: string_col (type: string), char_col (type: char(20)), varchar_col (type: varchar(20))
              outputColumnNames: _col0, _col1, _col2
              ListSink

PREHOOK: query: explain select * from str_tbl where 223=string_col
PREHOOK: type: QUERY
PREHOOK: Input: default@str_tbl
#### A masked pattern was here ####
POSTHOOK: query: explain select * from str_tbl where 223=string_col
POSTHOOK: type: QUERY
POSTHOOK: Input: default@str_tbl
#### A masked pattern was here ####
STAGE DEPENDENCIES:
  Stage-0 is a root stage

STAGE PLANS:
  Stage: Stage-0
    Fetch Operator
      limit: -1
      Processor Tree:
        TableScan
          alias: str_tbl
          filterExpr: (CAST( string_col AS decimal(38,18)) = 223) (type: boolean)
          Filter Operator
            predicate: (CAST( string_col AS decimal(38,18)) = 223) (type: boolean)
            Select Operator
              expressions: string_col (type: string), char_col (type: char(20)), varchar_col (type: varchar(20))
              outputColumnNames: _col0, _col1, _col2
              ListSink

PREHOOK: query: explain select * from str_tbl where string_col=223.3
PREHOOK: type: QUERY
PREHOOK: Input: default@str_tbl
#### A masked pattern was here ####
POSTHOOK: query: explain select * from str_tbl where string_col=223.3
POSTHOOK: type: QUERY
POSTHOOK: Input: default@str_tbl
#### A masked pattern was here ####
STAGE DEPENDENCIES:
  Stage-0 is a root stage

STAGE PLANS:
  Stage: Stage-0
    Fetch Operator
      limit: -1
      Processor Tree:
        TableScan
          alias: str_tbl
          filterExpr: (CAST( string_col AS decimal(38,18)) = 223.3) (type: boolean)
          Filter Operator
            predicate: (CAST( string_col AS decimal(38,18)) = 223.3) (type: boolean)
            Select Operator
              expressions: string_col (type: string), char_col (type: char(20)), varchar_col (type: varchar(20))
              outputColumnNames: _col0, _col1, _col2
              ListSink

PREHOOK: query: explain select * from str_tbl where 223.3=string_col
PREHOOK: type: QUERY
PREHOOK: Input: default@str_tbl
#### A masked pattern was here ####
POSTHOOK: query: explain select * from str_tbl where 223.3=string_col
POSTHOOK: type: QUERY
POSTHOOK: Input: default@str_tbl
#### A masked pattern was here ####
STAGE DEPENDENCIES:
  Stage-0 is a root stage

STAGE PLANS:
  Stage: Stage-0
    Fetch Operator
      limit: -1
      Processor Tree:
        TableScan
          alias: str_tbl
          filterExpr: (CAST( string_col AS decimal(38,18)) = 223.3) (type: boolean)
          Filter Operator
            predicate: (CAST( string_col AS decimal(38,18)) = 223.3) (type: boolean)
            Select Operator
              expressions: string_col (type: string), char_col (type: char(20)), varchar_col (type: varchar(20))
              outputColumnNames: _col0, _col1, _col2
              ListSink

PREHOOK: query: explain select * from str_tbl where char_col =12089257425232694599
PREHOOK: type: QUERY
PREHOOK: Input: default@str_tbl
#### A masked pattern was here ####
POSTHOOK: query: explain select * from str_tbl where char_col =12089257425232694599
POSTHOOK: type: QUERY
POSTHOOK: Input: default@str_tbl
#### A masked pattern was here ####
STAGE DEPENDENCIES:
  Stage-0 is a root stage

STAGE PLANS:
  Stage: Stage-0
    Fetch Operator
      limit: -1
      Processor Tree:
        TableScan
          alias: str_tbl
          filterExpr: (CAST( char_col AS decimal(38,18)) = 12089257425232694599) (type: boolean)
          Filter Operator
            predicate: (CAST( char_col AS decimal(38,18)) = 12089257425232694599) (type: boolean)
            Select Operator
              expressions: string_col (type: string), char_col (type: char(20)), varchar_col (type: varchar(20))
              outputColumnNames: _col0, _col1, _col2
              ListSink

PREHOOK: query: explain select * from str_tbl where 12089257425232694599= char_col
PREHOOK: type: QUERY
PREHOOK: Input: default@str_tbl
#### A masked pattern was here ####
POSTHOOK: query: explain select * from str_tbl where 12089257425232694599= char_col
POSTHOOK: type: QUERY
POSTHOOK: Input: default@str_tbl
#### A masked pattern was here ####
STAGE DEPENDENCIES:
  Stage-0 is a root stage

STAGE PLANS:
  Stage: Stage-0
    Fetch Operator
      limit: -1
      Processor Tree:
        TableScan
          alias: str_tbl
          filterExpr: (CAST( char_col AS decimal(38,18)) = 12089257425232694599) (type: boolean)
          Filter Operator
            predicate: (CAST( char_col AS decimal(38,18)) = 12089257425232694599) (type: boolean)
            Select Operator
              expressions: string_col (type: string), char_col (type: char(20)), varchar_col (type: varchar(20))
              outputColumnNames: _col0, _col1, _col2
              ListSink

PREHOOK: query: explain select * from str_tbl where char_col =223
PREHOOK: type: QUERY
PREHOOK: Input: default@str_tbl
#### A masked pattern was here ####
POSTHOOK: query: explain select * from str_tbl where char_col =223
POSTHOOK: type: QUERY
POSTHOOK: Input: default@str_tbl
#### A masked pattern was here ####
STAGE DEPENDENCIES:
  Stage-0 is a root stage

STAGE PLANS:
  Stage: Stage-0
    Fetch Operator
      limit: -1
      Processor Tree:
        TableScan
          alias: str_tbl
          filterExpr: (CAST( char_col AS decimal(38,18)) = 223) (type: boolean)
          Filter Operator
            predicate: (CAST( char_col AS decimal(38,18)) = 223) (type: boolean)
            Select Operator
              expressions: string_col (type: string), char_col (type: char(20)), varchar_col (type: varchar(20))
              outputColumnNames: _col0, _col1, _col2
              ListSink

PREHOOK: query: explain select * from str_tbl where 223= char_col
PREHOOK: type: QUERY
PREHOOK: Input: default@str_tbl
#### A masked pattern was here ####
POSTHOOK: query: explain select * from str_tbl where 223= char_col
POSTHOOK: type: QUERY
POSTHOOK: Input: default@str_tbl
#### A masked pattern was here ####
STAGE DEPENDENCIES:
  Stage-0 is a root stage

STAGE PLANS:
  Stage: Stage-0
    Fetch Operator
      limit: -1
      Processor Tree:
        TableScan
          alias: str_tbl
          filterExpr: (CAST( char_col AS decimal(38,18)) = 223) (type: boolean)
          Filter Operator
            predicate: (CAST( char_col AS decimal(38,18)) = 223) (type: boolean)
            Select Operator
              expressions: string_col (type: string), char_col (type: char(20)), varchar_col (type: varchar(20))
              outputColumnNames: _col0, _col1, _col2
              ListSink

PREHOOK: query: explain select * from str_tbl where char_col =223.3
PREHOOK: type: QUERY
PREHOOK: Input: default@str_tbl
#### A masked pattern was here ####
POSTHOOK: query: explain select * from str_tbl where char_col =223.3
POSTHOOK: type: QUERY
POSTHOOK: Input: default@str_tbl
#### A masked pattern was here ####
STAGE DEPENDENCIES:
  Stage-0 is a root stage

STAGE PLANS:
  Stage: Stage-0
    Fetch Operator
      limit: -1
      Processor Tree:
        TableScan
          alias: str_tbl
          filterExpr: (CAST( char_col AS decimal(38,18)) = 223.3) (type: boolean)
          Filter Operator
            predicate: (CAST( char_col AS decimal(38,18)) = 223.3) (type: boolean)
            Select Operator
              expressions: string_col (type: string), char_col (type: char(20)), varchar_col (type: varchar(20))
              outputColumnNames: _col0, _col1, _col2
              ListSink

PREHOOK: query: explain select * from str_tbl where 223.3 = char_col
PREHOOK: type: QUERY
PREHOOK: Input: default@str_tbl
#### A masked pattern was here ####
POSTHOOK: query: explain select * from str_tbl where 223.3 = char_col
POSTHOOK: type: QUERY
POSTHOOK: Input: default@str_tbl
#### A masked pattern was here ####
STAGE DEPENDENCIES:
  Stage-0 is a root stage

STAGE PLANS:
  Stage: Stage-0
    Fetch Operator
      limit: -1
      Processor Tree:
        TableScan
          alias: str_tbl
          filterExpr: (CAST( char_col AS decimal(38,18)) = 223.3) (type: boolean)
          Filter Operator
            predicate: (CAST( char_col AS decimal(38,18)) = 223.3) (type: boolean)
            Select Operator
              expressions: string_col (type: string), char_col (type: char(20)), varchar_col (type: varchar(20))
              outputColumnNames: _col0, _col1, _col2
              ListSink

PREHOOK: query: explain select * from str_tbl where varchar_col=12089257425232694599
PREHOOK: type: QUERY
PREHOOK: Input: default@str_tbl
#### A masked pattern was here ####
POSTHOOK: query: explain select * from str_tbl where varchar_col=12089257425232694599
POSTHOOK: type: QUERY
POSTHOOK: Input: default@str_tbl
#### A masked pattern was here ####
STAGE DEPENDENCIES:
  Stage-0 is a root stage

STAGE PLANS:
  Stage: Stage-0
    Fetch Operator
      limit: -1
      Processor Tree:
        TableScan
          alias: str_tbl
          filterExpr: (CAST( varchar_col AS decimal(38,18)) = 12089257425232694599) (type: boolean)
          Filter Operator
            predicate: (CAST( varchar_col AS decimal(38,18)) = 12089257425232694599) (type: boolean)
            Select Operator
              expressions: string_col (type: string), char_col (type: char(20)), varchar_col (type: varchar(20))
              outputColumnNames: _col0, _col1, _col2
              ListSink

PREHOOK: query: explain select * from str_tbl where 12089257425232694599= varchar_col
PREHOOK: type: QUERY
PREHOOK: Input: default@str_tbl
#### A masked pattern was here ####
POSTHOOK: query: explain select * from str_tbl where 12089257425232694599= varchar_col
POSTHOOK: type: QUERY
POSTHOOK: Input: default@str_tbl
#### A masked pattern was here ####
STAGE DEPENDENCIES:
  Stage-0 is a root stage

STAGE PLANS:
  Stage: Stage-0
    Fetch Operator
      limit: -1
      Processor Tree:
        TableScan
          alias: str_tbl
          filterExpr: (CAST( varchar_col AS decimal(38,18)) = 12089257425232694599) (type: boolean)
          Filter Operator
            predicate: (CAST( varchar_col AS decimal(38,18)) = 12089257425232694599) (type: boolean)
            Select Operator
              expressions: string_col (type: string), char_col (type: char(20)), varchar_col (type: varchar(20))
              outputColumnNames: _col0, _col1, _col2
              ListSink

PREHOOK: query: explain select * from str_tbl where varchar_col=223
PREHOOK: type: QUERY
PREHOOK: Input: default@str_tbl
#### A masked pattern was here ####
POSTHOOK: query: explain select * from str_tbl where varchar_col=223
POSTHOOK: type: QUERY
POSTHOOK: Input: default@str_tbl
#### A masked pattern was here ####
STAGE DEPENDENCIES:
  Stage-0 is a root stage

STAGE PLANS:
  Stage: Stage-0
    Fetch Operator
      limit: -1
      Processor Tree:
        TableScan
          alias: str_tbl
          filterExpr: (CAST( varchar_col AS decimal(38,18)) = 223) (type: boolean)
          Filter Operator
            predicate: (CAST( varchar_col AS decimal(38,18)) = 223) (type: boolean)
            Select Operator
              expressions: string_col (type: string), char_col (type: char(20)), varchar_col (type: varchar(20))
              outputColumnNames: _col0, _col1, _col2
              ListSink

PREHOOK: query: explain select * from str_tbl where 223=varchar_col
PREHOOK: type: QUERY
PREHOOK: Input: default@str_tbl
#### A masked pattern was here ####
POSTHOOK: query: explain select * from str_tbl where 223=varchar_col
POSTHOOK: type: QUERY
POSTHOOK: Input: default@str_tbl
#### A masked pattern was here ####
STAGE DEPENDENCIES:
  Stage-0 is a root stage

STAGE PLANS:
  Stage: Stage-0
    Fetch Operator
      limit: -1
      Processor Tree:
        TableScan
          alias: str_tbl
          filterExpr: (CAST( varchar_col AS decimal(38,18)) = 223) (type: boolean)
          Filter Operator
            predicate: (CAST( varchar_col AS decimal(38,18)) = 223) (type: boolean)
            Select Operator
              expressions: string_col (type: string), char_col (type: char(20)), varchar_col (type: varchar(20))
              outputColumnNames: _col0, _col1, _col2
              ListSink

PREHOOK: query: explain select * from str_tbl where varchar_col=223.3
PREHOOK: type: QUERY
PREHOOK: Input: default@str_tbl
#### A masked pattern was here ####
POSTHOOK: query: explain select * from str_tbl where varchar_col=223.3
POSTHOOK: type: QUERY
POSTHOOK: Input: default@str_tbl
#### A masked pattern was here ####
STAGE DEPENDENCIES:
  Stage-0 is a root stage

STAGE PLANS:
  Stage: Stage-0
    Fetch Operator
      limit: -1
      Processor Tree:
        TableScan
          alias: str_tbl
          filterExpr: (CAST( varchar_col AS decimal(38,18)) = 223.3) (type: boolean)
          Filter Operator
            predicate: (CAST( varchar_col AS decimal(38,18)) = 223.3) (type: boolean)
            Select Operator
              expressions: string_col (type: string), char_col (type: char(20)), varchar_col (type: varchar(20))
              outputColumnNames: _col0, _col1, _col2
              ListSink

PREHOOK: query: explain select * from str_tbl where 223.3=varchar_col
PREHOOK: type: QUERY
PREHOOK: Input: default@str_tbl
#### A masked pattern was here ####
POSTHOOK: query: explain select * from str_tbl where 223.3=varchar_col
POSTHOOK: type: QUERY
POSTHOOK: Input: default@str_tbl
#### A masked pattern was here ####
STAGE DEPENDENCIES:
  Stage-0 is a root stage

STAGE PLANS:
  Stage: Stage-0
    Fetch Operator
      limit: -1
      Processor Tree:
        TableScan
          alias: str_tbl
          filterExpr: (CAST( varchar_col AS decimal(38,18)) = 223.3) (type: boolean)
          Filter Operator
            predicate: (CAST( varchar_col AS decimal(38,18)) = 223.3) (type: boolean)
            Select Operator
              expressions: string_col (type: string), char_col (type: char(20)), varchar_col (type: varchar(20))
              outputColumnNames: _col0, _col1, _col2
              ListSink

PREHOOK: query: create table dec_tbl (decimal_col decimal(21,1))
PREHOOK: type: CREATETABLE
PREHOOK: Output: database:default
PREHOOK: Output: default@dec_tbl
POSTHOOK: query: create table dec_tbl (decimal_col decimal(21,1))
POSTHOOK: type: CREATETABLE
POSTHOOK: Output: database:default
POSTHOOK: Output: default@dec_tbl
PREHOOK: query: insert into dec_tbl values (12089257425232694599.8)
PREHOOK: type: QUERY
PREHOOK: Input: _dummy_database@_dummy_table
PREHOOK: Output: default@dec_tbl
POSTHOOK: query: insert into dec_tbl values (12089257425232694599.8)
POSTHOOK: type: QUERY
POSTHOOK: Input: _dummy_database@_dummy_table
POSTHOOK: Output: default@dec_tbl
POSTHOOK: Lineage: dec_tbl.decimal_col SCRIPT []
PREHOOK: query: select * from dec_tbl where decimal_col='12089257425232694599'
PREHOOK: type: QUERY
PREHOOK: Input: default@dec_tbl
#### A masked pattern was here ####
POSTHOOK: query: select * from dec_tbl where decimal_col='12089257425232694599'
POSTHOOK: type: QUERY
POSTHOOK: Input: default@dec_tbl
#### A masked pattern was here ####
PREHOOK: query: select * from dec_tbl where decimal_col='12089257425232694599.84'
PREHOOK: type: QUERY
PREHOOK: Input: default@dec_tbl
#### A masked pattern was here ####
POSTHOOK: query: select * from dec_tbl where decimal_col='12089257425232694599.84'
POSTHOOK: type: QUERY
POSTHOOK: Input: default@dec_tbl
#### A masked pattern was here ####
PREHOOK: query: explain select * from dec_tbl where decimal_col='12089257425232694599'
PREHOOK: type: QUERY
PREHOOK: Input: default@dec_tbl
#### A masked pattern was here ####
POSTHOOK: query: explain select * from dec_tbl where decimal_col='12089257425232694599'
POSTHOOK: type: QUERY
POSTHOOK: Input: default@dec_tbl
#### A masked pattern was here ####
STAGE DEPENDENCIES:
  Stage-0 is a root stage

STAGE PLANS:
  Stage: Stage-0
    Fetch Operator
      limit: -1
      Processor Tree:
        TableScan
          alias: dec_tbl
          filterExpr: (decimal_col = 12089257425232694599) (type: boolean)
          Filter Operator
            predicate: (decimal_col = 12089257425232694599) (type: boolean)
            Select Operator
              expressions: 12089257425232694599 (type: decimal(21,1))
              outputColumnNames: _col0
              ListSink

PREHOOK: query: explain select * from dec_tbl where '12089257425232694599'=decimal_col
PREHOOK: type: QUERY
PREHOOK: Input: default@dec_tbl
#### A masked pattern was here ####
POSTHOOK: query: explain select * from dec_tbl where '12089257425232694599'=decimal_col
POSTHOOK: type: QUERY
POSTHOOK: Input: default@dec_tbl
#### A masked pattern was here ####
STAGE DEPENDENCIES:
  Stage-0 is a root stage

STAGE PLANS:
  Stage: Stage-0
    Fetch Operator
      limit: -1
      Processor Tree:
        TableScan
          alias: dec_tbl
          filterExpr: (decimal_col = 12089257425232694599) (type: boolean)
          Filter Operator
            predicate: (decimal_col = 12089257425232694599) (type: boolean)
            Select Operator
              expressions: 12089257425232694599 (type: decimal(21,1))
              outputColumnNames: _col0
              ListSink

PREHOOK: query: select * from str_tbl inner join dec_tbl on string_col=decimal_col
PREHOOK: type: QUERY
PREHOOK: Input: default@dec_tbl
PREHOOK: Input: default@str_tbl
#### A masked pattern was here ####
POSTHOOK: query: select * from str_tbl inner join dec_tbl on string_col=decimal_col
POSTHOOK: type: QUERY
POSTHOOK: Input: default@dec_tbl
POSTHOOK: Input: default@str_tbl
#### A masked pattern was here ####
PREHOOK: query: select * from str_tbl inner join dec_tbl on char_col=decimal_col
PREHOOK: type: QUERY
PREHOOK: Input: default@dec_tbl
PREHOOK: Input: default@str_tbl
#### A masked pattern was here ####
POSTHOOK: query: select * from str_tbl inner join dec_tbl on char_col=decimal_col
POSTHOOK: type: QUERY
POSTHOOK: Input: default@dec_tbl
POSTHOOK: Input: default@str_tbl
#### A masked pattern was here ####
PREHOOK: query: select * from str_tbl inner join dec_tbl on varchar_col=decimal_col
PREHOOK: type: QUERY
PREHOOK: Input: default@dec_tbl
PREHOOK: Input: default@str_tbl
#### A masked pattern was here ####
POSTHOOK: query: select * from str_tbl inner join dec_tbl on varchar_col=decimal_col
POSTHOOK: type: QUERY
POSTHOOK: Input: default@dec_tbl
POSTHOOK: Input: default@str_tbl
#### A masked pattern was here ####
PREHOOK: query: explain select * from str_tbl inner join dec_tbl on string_col= decimal_col
PREHOOK: type: QUERY
PREHOOK: Input: default@dec_tbl
PREHOOK: Input: default@str_tbl
#### A masked pattern was here ####
POSTHOOK: query: explain select * from str_tbl inner join dec_tbl on string_col= decimal_col
POSTHOOK: type: QUERY
POSTHOOK: Input: default@dec_tbl
POSTHOOK: Input: default@str_tbl
#### A masked pattern was here ####
STAGE DEPENDENCIES:
  Stage-1 is a root stage
  Stage-0 depends on stages: Stage-1

STAGE PLANS:
  Stage: Stage-1
    Tez
#### A masked pattern was here ####
      Edges:
        Reducer 2 <- Map 1 (SIMPLE_EDGE), Map 3 (SIMPLE_EDGE)
#### A masked pattern was here ####
      Vertices:
        Map 1 
            Map Operator Tree:
                TableScan
                  alias: str_tbl
                  filterExpr: CAST( string_col AS decimal(38,18)) is not null (type: boolean)
                  Statistics: Num rows: 1 Data size: 312 Basic stats: COMPLETE Column stats: COMPLETE
                  Filter Operator
                    predicate: CAST( string_col AS decimal(38,18)) is not null (type: boolean)
                    Statistics: Num rows: 1 Data size: 312 Basic stats: COMPLETE Column stats: COMPLETE
                    Select Operator
                      expressions: string_col (type: string), char_col (type: char(20)), varchar_col (type: varchar(20)), CAST( string_col AS decimal(38,18)) (type: decimal(38,18))
                      outputColumnNames: _col0, _col1, _col2, _col3
                      Statistics: Num rows: 1 Data size: 424 Basic stats: COMPLETE Column stats: COMPLETE
                      Reduce Output Operator
                        key expressions: _col3 (type: decimal(38,18))
                        null sort order: z
                        sort order: +
                        Map-reduce partition columns: _col3 (type: decimal(38,18))
                        Statistics: Num rows: 1 Data size: 424 Basic stats: COMPLETE Column stats: COMPLETE
                        value expressions: _col0 (type: string), _col1 (type: char(20)), _col2 (type: varchar(20))
            Execution mode: vectorized, llap
            LLAP IO: all inputs
        Map 3 
            Map Operator Tree:
                TableScan
                  alias: dec_tbl
                  filterExpr: decimal_col is not null (type: boolean)
                  Statistics: Num rows: 1 Data size: 112 Basic stats: COMPLETE Column stats: COMPLETE
                  Filter Operator
                    predicate: decimal_col is not null (type: boolean)
                    Statistics: Num rows: 1 Data size: 112 Basic stats: COMPLETE Column stats: COMPLETE
                    Select Operator
                      expressions: decimal_col (type: decimal(21,1))
                      outputColumnNames: _col0
                      Statistics: Num rows: 1 Data size: 112 Basic stats: COMPLETE Column stats: COMPLETE
                      Reduce Output Operator
                        key expressions: _col0 (type: decimal(38,18))
                        null sort order: z
                        sort order: +
                        Map-reduce partition columns: _col0 (type: decimal(38,18))
                        Statistics: Num rows: 1 Data size: 112 Basic stats: COMPLETE Column stats: COMPLETE
            Execution mode: vectorized, llap
            LLAP IO: all inputs
        Reducer 2 
            Execution mode: llap
            Reduce Operator Tree:
              Merge Join Operator
                condition map:
                     Inner Join 0 to 1
                keys:
                  0 _col3 (type: decimal(38,18))
                  1 _col0 (type: decimal(38,18))
                outputColumnNames: _col0, _col1, _col2, _col4
                Statistics: Num rows: 1 Data size: 424 Basic stats: COMPLETE Column stats: COMPLETE
                Select Operator
                  expressions: _col0 (type: string), _col1 (type: char(20)), _col2 (type: varchar(20)), _col4 (type: decimal(21,1))
                  outputColumnNames: _col0, _col1, _col2, _col3
                  Statistics: Num rows: 1 Data size: 424 Basic stats: COMPLETE Column stats: COMPLETE
                  File Output Operator
                    compressed: false
                    Statistics: Num rows: 1 Data size: 424 Basic stats: COMPLETE Column stats: COMPLETE
                    table:
                        input format: org.apache.hadoop.mapred.SequenceFileInputFormat
                        output format: org.apache.hadoop.hive.ql.io.HiveSequenceFileOutputFormat
                        serde: org.apache.hadoop.hive.serde2.lazy.LazySimpleSerDe

  Stage: Stage-0
    Fetch Operator
      limit: -1
      Processor Tree:
        ListSink

PREHOOK: query: explain select * from str_tbl inner join dec_tbl on decimal_col =string_col
PREHOOK: type: QUERY
PREHOOK: Input: default@dec_tbl
PREHOOK: Input: default@str_tbl
#### A masked pattern was here ####
POSTHOOK: query: explain select * from str_tbl inner join dec_tbl on decimal_col =string_col
POSTHOOK: type: QUERY
POSTHOOK: Input: default@dec_tbl
POSTHOOK: Input: default@str_tbl
#### A masked pattern was here ####
STAGE DEPENDENCIES:
  Stage-1 is a root stage
  Stage-0 depends on stages: Stage-1

STAGE PLANS:
  Stage: Stage-1
    Tez
#### A masked pattern was here ####
      Edges:
        Reducer 2 <- Map 1 (SIMPLE_EDGE), Map 3 (SIMPLE_EDGE)
#### A masked pattern was here ####
      Vertices:
        Map 1 
            Map Operator Tree:
                TableScan
                  alias: str_tbl
                  filterExpr: CAST( string_col AS decimal(38,18)) is not null (type: boolean)
                  Statistics: Num rows: 1 Data size: 312 Basic stats: COMPLETE Column stats: COMPLETE
                  Filter Operator
                    predicate: CAST( string_col AS decimal(38,18)) is not null (type: boolean)
                    Statistics: Num rows: 1 Data size: 312 Basic stats: COMPLETE Column stats: COMPLETE
                    Select Operator
                      expressions: string_col (type: string), char_col (type: char(20)), varchar_col (type: varchar(20)), CAST( string_col AS decimal(38,18)) (type: decimal(38,18))
                      outputColumnNames: _col0, _col1, _col2, _col3
                      Statistics: Num rows: 1 Data size: 424 Basic stats: COMPLETE Column stats: COMPLETE
                      Reduce Output Operator
                        key expressions: _col3 (type: decimal(38,18))
                        null sort order: z
                        sort order: +
                        Map-reduce partition columns: _col3 (type: decimal(38,18))
                        Statistics: Num rows: 1 Data size: 424 Basic stats: COMPLETE Column stats: COMPLETE
                        value expressions: _col0 (type: string), _col1 (type: char(20)), _col2 (type: varchar(20))
            Execution mode: vectorized, llap
            LLAP IO: all inputs
        Map 3 
            Map Operator Tree:
                TableScan
                  alias: dec_tbl
                  filterExpr: decimal_col is not null (type: boolean)
                  Statistics: Num rows: 1 Data size: 112 Basic stats: COMPLETE Column stats: COMPLETE
                  Filter Operator
                    predicate: decimal_col is not null (type: boolean)
                    Statistics: Num rows: 1 Data size: 112 Basic stats: COMPLETE Column stats: COMPLETE
                    Select Operator
                      expressions: decimal_col (type: decimal(21,1))
                      outputColumnNames: _col0
                      Statistics: Num rows: 1 Data size: 112 Basic stats: COMPLETE Column stats: COMPLETE
                      Reduce Output Operator
                        key expressions: _col0 (type: decimal(38,18))
                        null sort order: z
                        sort order: +
                        Map-reduce partition columns: _col0 (type: decimal(38,18))
                        Statistics: Num rows: 1 Data size: 112 Basic stats: COMPLETE Column stats: COMPLETE
            Execution mode: vectorized, llap
            LLAP IO: all inputs
        Reducer 2 
            Execution mode: llap
            Reduce Operator Tree:
              Merge Join Operator
                condition map:
                     Inner Join 0 to 1
                keys:
                  0 _col3 (type: decimal(38,18))
                  1 _col0 (type: decimal(38,18))
                outputColumnNames: _col0, _col1, _col2, _col4
                Statistics: Num rows: 1 Data size: 424 Basic stats: COMPLETE Column stats: COMPLETE
                Select Operator
                  expressions: _col0 (type: string), _col1 (type: char(20)), _col2 (type: varchar(20)), _col4 (type: decimal(21,1))
                  outputColumnNames: _col0, _col1, _col2, _col3
                  Statistics: Num rows: 1 Data size: 424 Basic stats: COMPLETE Column stats: COMPLETE
                  File Output Operator
                    compressed: false
                    Statistics: Num rows: 1 Data size: 424 Basic stats: COMPLETE Column stats: COMPLETE
                    table:
                        input format: org.apache.hadoop.mapred.SequenceFileInputFormat
                        output format: org.apache.hadoop.hive.ql.io.HiveSequenceFileOutputFormat
                        serde: org.apache.hadoop.hive.serde2.lazy.LazySimpleSerDe

  Stage: Stage-0
    Fetch Operator
      limit: -1
      Processor Tree:
        ListSink

PREHOOK: query: explain select * from str_tbl inner join dec_tbl on char_col = decimal_col
PREHOOK: type: QUERY
PREHOOK: Input: default@dec_tbl
PREHOOK: Input: default@str_tbl
#### A masked pattern was here ####
POSTHOOK: query: explain select * from str_tbl inner join dec_tbl on char_col = decimal_col
POSTHOOK: type: QUERY
POSTHOOK: Input: default@dec_tbl
POSTHOOK: Input: default@str_tbl
#### A masked pattern was here ####
STAGE DEPENDENCIES:
  Stage-1 is a root stage
  Stage-0 depends on stages: Stage-1

STAGE PLANS:
  Stage: Stage-1
    Tez
#### A masked pattern was here ####
      Edges:
        Reducer 2 <- Map 1 (SIMPLE_EDGE), Map 3 (SIMPLE_EDGE)
#### A masked pattern was here ####
      Vertices:
        Map 1 
            Map Operator Tree:
                TableScan
                  alias: str_tbl
                  filterExpr: CAST( char_col AS decimal(38,18)) is not null (type: boolean)
                  Statistics: Num rows: 1 Data size: 312 Basic stats: COMPLETE Column stats: COMPLETE
                  Filter Operator
                    predicate: CAST( char_col AS decimal(38,18)) is not null (type: boolean)
                    Statistics: Num rows: 1 Data size: 312 Basic stats: COMPLETE Column stats: COMPLETE
                    Select Operator
                      expressions: string_col (type: string), char_col (type: char(20)), varchar_col (type: varchar(20)), CAST( char_col AS decimal(38,18)) (type: decimal(38,18))
                      outputColumnNames: _col0, _col1, _col2, _col3
                      Statistics: Num rows: 1 Data size: 424 Basic stats: COMPLETE Column stats: COMPLETE
                      Reduce Output Operator
                        key expressions: _col3 (type: decimal(38,18))
                        null sort order: z
                        sort order: +
                        Map-reduce partition columns: _col3 (type: decimal(38,18))
                        Statistics: Num rows: 1 Data size: 424 Basic stats: COMPLETE Column stats: COMPLETE
                        value expressions: _col0 (type: string), _col1 (type: char(20)), _col2 (type: varchar(20))
            Execution mode: vectorized, llap
            LLAP IO: all inputs
        Map 3 
            Map Operator Tree:
                TableScan
                  alias: dec_tbl
                  filterExpr: decimal_col is not null (type: boolean)
                  Statistics: Num rows: 1 Data size: 112 Basic stats: COMPLETE Column stats: COMPLETE
                  Filter Operator
                    predicate: decimal_col is not null (type: boolean)
                    Statistics: Num rows: 1 Data size: 112 Basic stats: COMPLETE Column stats: COMPLETE
                    Select Operator
                      expressions: decimal_col (type: decimal(21,1))
                      outputColumnNames: _col0
                      Statistics: Num rows: 1 Data size: 112 Basic stats: COMPLETE Column stats: COMPLETE
                      Reduce Output Operator
                        key expressions: _col0 (type: decimal(38,18))
                        null sort order: z
                        sort order: +
                        Map-reduce partition columns: _col0 (type: decimal(38,18))
                        Statistics: Num rows: 1 Data size: 112 Basic stats: COMPLETE Column stats: COMPLETE
            Execution mode: vectorized, llap
            LLAP IO: all inputs
        Reducer 2 
            Execution mode: llap
            Reduce Operator Tree:
              Merge Join Operator
                condition map:
                     Inner Join 0 to 1
                keys:
                  0 _col3 (type: decimal(38,18))
                  1 _col0 (type: decimal(38,18))
                outputColumnNames: _col0, _col1, _col2, _col4
                Statistics: Num rows: 1 Data size: 424 Basic stats: COMPLETE Column stats: COMPLETE
                Select Operator
                  expressions: _col0 (type: string), _col1 (type: char(20)), _col2 (type: varchar(20)), _col4 (type: decimal(21,1))
                  outputColumnNames: _col0, _col1, _col2, _col3
                  Statistics: Num rows: 1 Data size: 424 Basic stats: COMPLETE Column stats: COMPLETE
                  File Output Operator
                    compressed: false
                    Statistics: Num rows: 1 Data size: 424 Basic stats: COMPLETE Column stats: COMPLETE
                    table:
                        input format: org.apache.hadoop.mapred.SequenceFileInputFormat
                        output format: org.apache.hadoop.hive.ql.io.HiveSequenceFileOutputFormat
                        serde: org.apache.hadoop.hive.serde2.lazy.LazySimpleSerDe

  Stage: Stage-0
    Fetch Operator
      limit: -1
      Processor Tree:
        ListSink

PREHOOK: query: explain select * from str_tbl inner join dec_tbl on decimal_col = char_col
PREHOOK: type: QUERY
PREHOOK: Input: default@dec_tbl
PREHOOK: Input: default@str_tbl
#### A masked pattern was here ####
POSTHOOK: query: explain select * from str_tbl inner join dec_tbl on decimal_col = char_col
POSTHOOK: type: QUERY
POSTHOOK: Input: default@dec_tbl
POSTHOOK: Input: default@str_tbl
#### A masked pattern was here ####
STAGE DEPENDENCIES:
  Stage-1 is a root stage
  Stage-0 depends on stages: Stage-1

STAGE PLANS:
  Stage: Stage-1
    Tez
#### A masked pattern was here ####
      Edges:
        Reducer 2 <- Map 1 (SIMPLE_EDGE), Map 3 (SIMPLE_EDGE)
#### A masked pattern was here ####
      Vertices:
        Map 1 
            Map Operator Tree:
                TableScan
                  alias: str_tbl
                  filterExpr: CAST( char_col AS decimal(38,18)) is not null (type: boolean)
                  Statistics: Num rows: 1 Data size: 312 Basic stats: COMPLETE Column stats: COMPLETE
                  Filter Operator
                    predicate: CAST( char_col AS decimal(38,18)) is not null (type: boolean)
                    Statistics: Num rows: 1 Data size: 312 Basic stats: COMPLETE Column stats: COMPLETE
                    Select Operator
                      expressions: string_col (type: string), char_col (type: char(20)), varchar_col (type: varchar(20)), CAST( char_col AS decimal(38,18)) (type: decimal(38,18))
                      outputColumnNames: _col0, _col1, _col2, _col3
                      Statistics: Num rows: 1 Data size: 424 Basic stats: COMPLETE Column stats: COMPLETE
                      Reduce Output Operator
                        key expressions: _col3 (type: decimal(38,18))
                        null sort order: z
                        sort order: +
                        Map-reduce partition columns: _col3 (type: decimal(38,18))
                        Statistics: Num rows: 1 Data size: 424 Basic stats: COMPLETE Column stats: COMPLETE
                        value expressions: _col0 (type: string), _col1 (type: char(20)), _col2 (type: varchar(20))
            Execution mode: vectorized, llap
            LLAP IO: all inputs
        Map 3 
            Map Operator Tree:
                TableScan
                  alias: dec_tbl
                  filterExpr: decimal_col is not null (type: boolean)
                  Statistics: Num rows: 1 Data size: 112 Basic stats: COMPLETE Column stats: COMPLETE
                  Filter Operator
                    predicate: decimal_col is not null (type: boolean)
                    Statistics: Num rows: 1 Data size: 112 Basic stats: COMPLETE Column stats: COMPLETE
                    Select Operator
                      expressions: decimal_col (type: decimal(21,1))
                      outputColumnNames: _col0
                      Statistics: Num rows: 1 Data size: 112 Basic stats: COMPLETE Column stats: COMPLETE
                      Reduce Output Operator
                        key expressions: _col0 (type: decimal(38,18))
                        null sort order: z
                        sort order: +
                        Map-reduce partition columns: _col0 (type: decimal(38,18))
                        Statistics: Num rows: 1 Data size: 112 Basic stats: COMPLETE Column stats: COMPLETE
            Execution mode: vectorized, llap
            LLAP IO: all inputs
        Reducer 2 
            Execution mode: llap
            Reduce Operator Tree:
              Merge Join Operator
                condition map:
                     Inner Join 0 to 1
                keys:
                  0 _col3 (type: decimal(38,18))
                  1 _col0 (type: decimal(38,18))
                outputColumnNames: _col0, _col1, _col2, _col4
                Statistics: Num rows: 1 Data size: 424 Basic stats: COMPLETE Column stats: COMPLETE
                Select Operator
                  expressions: _col0 (type: string), _col1 (type: char(20)), _col2 (type: varchar(20)), _col4 (type: decimal(21,1))
                  outputColumnNames: _col0, _col1, _col2, _col3
                  Statistics: Num rows: 1 Data size: 424 Basic stats: COMPLETE Column stats: COMPLETE
                  File Output Operator
                    compressed: false
                    Statistics: Num rows: 1 Data size: 424 Basic stats: COMPLETE Column stats: COMPLETE
                    table:
                        input format: org.apache.hadoop.mapred.SequenceFileInputFormat
                        output format: org.apache.hadoop.hive.ql.io.HiveSequenceFileOutputFormat
                        serde: org.apache.hadoop.hive.serde2.lazy.LazySimpleSerDe

  Stage: Stage-0
    Fetch Operator
      limit: -1
      Processor Tree:
        ListSink

PREHOOK: query: explain select * from str_tbl inner join dec_tbl on varchar_col= decimal_col
PREHOOK: type: QUERY
PREHOOK: Input: default@dec_tbl
PREHOOK: Input: default@str_tbl
#### A masked pattern was here ####
POSTHOOK: query: explain select * from str_tbl inner join dec_tbl on varchar_col= decimal_col
POSTHOOK: type: QUERY
POSTHOOK: Input: default@dec_tbl
POSTHOOK: Input: default@str_tbl
#### A masked pattern was here ####
STAGE DEPENDENCIES:
  Stage-1 is a root stage
  Stage-0 depends on stages: Stage-1

STAGE PLANS:
  Stage: Stage-1
    Tez
#### A masked pattern was here ####
      Edges:
        Reducer 2 <- Map 1 (SIMPLE_EDGE), Map 3 (SIMPLE_EDGE)
#### A masked pattern was here ####
      Vertices:
        Map 1 
            Map Operator Tree:
                TableScan
                  alias: str_tbl
                  filterExpr: CAST( varchar_col AS decimal(38,18)) is not null (type: boolean)
                  Statistics: Num rows: 1 Data size: 312 Basic stats: COMPLETE Column stats: COMPLETE
                  Filter Operator
                    predicate: CAST( varchar_col AS decimal(38,18)) is not null (type: boolean)
                    Statistics: Num rows: 1 Data size: 312 Basic stats: COMPLETE Column stats: COMPLETE
                    Select Operator
                      expressions: string_col (type: string), char_col (type: char(20)), varchar_col (type: varchar(20)), CAST( varchar_col AS decimal(38,18)) (type: decimal(38,18))
                      outputColumnNames: _col0, _col1, _col2, _col3
                      Statistics: Num rows: 1 Data size: 424 Basic stats: COMPLETE Column stats: COMPLETE
                      Reduce Output Operator
                        key expressions: _col3 (type: decimal(38,18))
                        null sort order: z
                        sort order: +
                        Map-reduce partition columns: _col3 (type: decimal(38,18))
                        Statistics: Num rows: 1 Data size: 424 Basic stats: COMPLETE Column stats: COMPLETE
                        value expressions: _col0 (type: string), _col1 (type: char(20)), _col2 (type: varchar(20))
            Execution mode: vectorized, llap
            LLAP IO: all inputs
        Map 3 
            Map Operator Tree:
                TableScan
                  alias: dec_tbl
                  filterExpr: decimal_col is not null (type: boolean)
                  Statistics: Num rows: 1 Data size: 112 Basic stats: COMPLETE Column stats: COMPLETE
                  Filter Operator
                    predicate: decimal_col is not null (type: boolean)
                    Statistics: Num rows: 1 Data size: 112 Basic stats: COMPLETE Column stats: COMPLETE
                    Select Operator
                      expressions: decimal_col (type: decimal(21,1))
                      outputColumnNames: _col0
                      Statistics: Num rows: 1 Data size: 112 Basic stats: COMPLETE Column stats: COMPLETE
                      Reduce Output Operator
                        key expressions: _col0 (type: decimal(38,18))
                        null sort order: z
                        sort order: +
                        Map-reduce partition columns: _col0 (type: decimal(38,18))
                        Statistics: Num rows: 1 Data size: 112 Basic stats: COMPLETE Column stats: COMPLETE
            Execution mode: vectorized, llap
            LLAP IO: all inputs
        Reducer 2 
            Execution mode: llap
            Reduce Operator Tree:
              Merge Join Operator
                condition map:
                     Inner Join 0 to 1
                keys:
                  0 _col3 (type: decimal(38,18))
                  1 _col0 (type: decimal(38,18))
                outputColumnNames: _col0, _col1, _col2, _col4
                Statistics: Num rows: 1 Data size: 424 Basic stats: COMPLETE Column stats: COMPLETE
                Select Operator
                  expressions: _col0 (type: string), _col1 (type: char(20)), _col2 (type: varchar(20)), _col4 (type: decimal(21,1))
                  outputColumnNames: _col0, _col1, _col2, _col3
                  Statistics: Num rows: 1 Data size: 424 Basic stats: COMPLETE Column stats: COMPLETE
                  File Output Operator
                    compressed: false
                    Statistics: Num rows: 1 Data size: 424 Basic stats: COMPLETE Column stats: COMPLETE
                    table:
                        input format: org.apache.hadoop.mapred.SequenceFileInputFormat
                        output format: org.apache.hadoop.hive.ql.io.HiveSequenceFileOutputFormat
                        serde: org.apache.hadoop.hive.serde2.lazy.LazySimpleSerDe

  Stage: Stage-0
    Fetch Operator
      limit: -1
      Processor Tree:
        ListSink

PREHOOK: query: explain select * from str_tbl inner join dec_tbl on decimal_col =varchar_col
PREHOOK: type: QUERY
PREHOOK: Input: default@dec_tbl
PREHOOK: Input: default@str_tbl
#### A masked pattern was here ####
POSTHOOK: query: explain select * from str_tbl inner join dec_tbl on decimal_col =varchar_col
POSTHOOK: type: QUERY
POSTHOOK: Input: default@dec_tbl
POSTHOOK: Input: default@str_tbl
#### A masked pattern was here ####
STAGE DEPENDENCIES:
  Stage-1 is a root stage
  Stage-0 depends on stages: Stage-1

STAGE PLANS:
  Stage: Stage-1
    Tez
#### A masked pattern was here ####
      Edges:
        Reducer 2 <- Map 1 (SIMPLE_EDGE), Map 3 (SIMPLE_EDGE)
#### A masked pattern was here ####
      Vertices:
        Map 1 
            Map Operator Tree:
                TableScan
                  alias: str_tbl
                  filterExpr: CAST( varchar_col AS decimal(38,18)) is not null (type: boolean)
                  Statistics: Num rows: 1 Data size: 312 Basic stats: COMPLETE Column stats: COMPLETE
                  Filter Operator
                    predicate: CAST( varchar_col AS decimal(38,18)) is not null (type: boolean)
                    Statistics: Num rows: 1 Data size: 312 Basic stats: COMPLETE Column stats: COMPLETE
                    Select Operator
                      expressions: string_col (type: string), char_col (type: char(20)), varchar_col (type: varchar(20)), CAST( varchar_col AS decimal(38,18)) (type: decimal(38,18))
                      outputColumnNames: _col0, _col1, _col2, _col3
                      Statistics: Num rows: 1 Data size: 424 Basic stats: COMPLETE Column stats: COMPLETE
                      Reduce Output Operator
                        key expressions: _col3 (type: decimal(38,18))
                        null sort order: z
                        sort order: +
                        Map-reduce partition columns: _col3 (type: decimal(38,18))
                        Statistics: Num rows: 1 Data size: 424 Basic stats: COMPLETE Column stats: COMPLETE
                        value expressions: _col0 (type: string), _col1 (type: char(20)), _col2 (type: varchar(20))
            Execution mode: vectorized, llap
            LLAP IO: all inputs
        Map 3 
            Map Operator Tree:
                TableScan
                  alias: dec_tbl
                  filterExpr: decimal_col is not null (type: boolean)
                  Statistics: Num rows: 1 Data size: 112 Basic stats: COMPLETE Column stats: COMPLETE
                  Filter Operator
                    predicate: decimal_col is not null (type: boolean)
                    Statistics: Num rows: 1 Data size: 112 Basic stats: COMPLETE Column stats: COMPLETE
                    Select Operator
                      expressions: decimal_col (type: decimal(21,1))
                      outputColumnNames: _col0
                      Statistics: Num rows: 1 Data size: 112 Basic stats: COMPLETE Column stats: COMPLETE
                      Reduce Output Operator
                        key expressions: _col0 (type: decimal(38,18))
                        null sort order: z
                        sort order: +
                        Map-reduce partition columns: _col0 (type: decimal(38,18))
                        Statistics: Num rows: 1 Data size: 112 Basic stats: COMPLETE Column stats: COMPLETE
            Execution mode: vectorized, llap
            LLAP IO: all inputs
        Reducer 2 
            Execution mode: llap
            Reduce Operator Tree:
              Merge Join Operator
                condition map:
                     Inner Join 0 to 1
                keys:
                  0 _col3 (type: decimal(38,18))
                  1 _col0 (type: decimal(38,18))
                outputColumnNames: _col0, _col1, _col2, _col4
                Statistics: Num rows: 1 Data size: 424 Basic stats: COMPLETE Column stats: COMPLETE
                Select Operator
                  expressions: _col0 (type: string), _col1 (type: char(20)), _col2 (type: varchar(20)), _col4 (type: decimal(21,1))
                  outputColumnNames: _col0, _col1, _col2, _col3
                  Statistics: Num rows: 1 Data size: 424 Basic stats: COMPLETE Column stats: COMPLETE
                  File Output Operator
                    compressed: false
                    Statistics: Num rows: 1 Data size: 424 Basic stats: COMPLETE Column stats: COMPLETE
                    table:
                        input format: org.apache.hadoop.mapred.SequenceFileInputFormat
                        output format: org.apache.hadoop.hive.ql.io.HiveSequenceFileOutputFormat
                        serde: org.apache.hadoop.hive.serde2.lazy.LazySimpleSerDe

  Stage: Stage-0
    Fetch Operator
      limit: -1
      Processor Tree:
        ListSink

