PREHOOK: query: DROP TABLE IF EXISTS DECIMAL_3_txt
PREHOOK: type: DROPTABLE
PREHOOK: Output: database:default
POSTHOOK: query: DROP TABLE IF EXISTS DECIMAL_3_txt
POSTHOOK: type: DROPTABLE
POSTHOOK: Output: database:default
PREHOOK: query: DROP TABLE IF EXISTS DECIMAL_3_n0
PREHOOK: type: DROPTABLE
PREHOOK: Output: database:default
POSTHOOK: query: DROP TABLE IF EXISTS DECIMAL_3_n0
POSTHOOK: type: DROPTABLE
POSTHOOK: Output: database:default
PREHOOK: query: CREATE TABLE DECIMAL_3_txt(key decimal(38,18), value int)
ROW FORMAT DELIMITED
   FIELDS TERMINATED BY ' '
STORED AS TEXTFILE
PREHOOK: type: CREATETABLE
PREHOOK: Output: database:default
PREHOOK: Output: default@DECIMAL_3_txt
POSTHOOK: query: CREATE TABLE DECIMAL_3_txt(key decimal(38,18), value int)
ROW FORMAT DELIMITED
   FIELDS TERMINATED BY ' '
STORED AS TEXTFILE
POSTHOOK: type: CREATETABLE
POSTHOOK: Output: database:default
POSTHOOK: Output: default@DECIMAL_3_txt
PREHOOK: query: LOAD DATA LOCAL INPATH '../../data/files/kv7.txt' INTO TABLE DECIMAL_3_txt
PREHOOK: type: LOAD
#### A masked pattern was here ####
PREHOOK: Output: default@decimal_3_txt
POSTHOOK: query: LOAD DATA LOCAL INPATH '../../data/files/kv7.txt' INTO TABLE DECIMAL_3_txt
POSTHOOK: type: LOAD
#### A masked pattern was here ####
POSTHOOK: Output: default@decimal_3_txt
PREHOOK: query: CREATE TABLE DECIMAL_3_n0 STORED AS ORC AS SELECT * FROM DECIMAL_3_txt
PREHOOK: type: CREATETABLE_AS_SELECT
PREHOOK: Input: default@decimal_3_txt
PREHOOK: Output: database:default
PREHOOK: Output: default@DECIMAL_3_n0
POSTHOOK: query: CREATE TABLE DECIMAL_3_n0 STORED AS ORC AS SELECT * FROM DECIMAL_3_txt
POSTHOOK: type: CREATETABLE_AS_SELECT
POSTHOOK: Input: default@decimal_3_txt
POSTHOOK: Output: database:default
POSTHOOK: Output: default@DECIMAL_3_n0
POSTHOOK: Lineage: decimal_3_n0.key SIMPLE [(decimal_3_txt)decimal_3_txt.FieldSchema(name:key, type:decimal(38,18), comment:null), ]
POSTHOOK: Lineage: decimal_3_n0.value SIMPLE [(decimal_3_txt)decimal_3_txt.FieldSchema(name:value, type:int, comment:null), ]
PREHOOK: query: EXPLAIN
SELECT * FROM DECIMAL_3_n0 a JOIN DECIMAL_3_n0 b ON (a.key = b.key) ORDER BY a.key, a.value, b.key, b.value
PREHOOK: type: QUERY
PREHOOK: Input: default@decimal_3_n0
#### A masked pattern was here ####
POSTHOOK: query: EXPLAIN
SELECT * FROM DECIMAL_3_n0 a JOIN DECIMAL_3_n0 b ON (a.key = b.key) ORDER BY a.key, a.value, b.key, b.value
POSTHOOK: type: QUERY
POSTHOOK: Input: default@decimal_3_n0
#### A masked pattern was here ####
STAGE DEPENDENCIES:
  Stage-1 is a root stage
  Stage-0 depends on stages: Stage-1

STAGE PLANS:
  Stage: Stage-1
    Tez
#### A masked pattern was here ####
      Edges:
        Reducer 2 <- Map 1 (SIMPLE_EDGE), Map 4 (SIMPLE_EDGE)
        Reducer 3 <- Reducer 2 (SIMPLE_EDGE)
#### A masked pattern was here ####
      Vertices:
        Map 1 
            Map Operator Tree:
                TableScan
                  alias: a
                  filterExpr: key is not null (type: boolean)
                  Statistics: Num rows: 38 Data size: 4408 Basic stats: COMPLETE Column stats: COMPLETE
                  Filter Operator
                    predicate: key is not null (type: boolean)
                    Statistics: Num rows: 37 Data size: 4292 Basic stats: COMPLETE Column stats: COMPLETE
                    Select Operator
                      expressions: key (type: decimal(38,18)), value (type: int)
                      outputColumnNames: _col0, _col1
                      Statistics: Num rows: 37 Data size: 4292 Basic stats: COMPLETE Column stats: COMPLETE
                      Reduce Output Operator
                        key expressions: _col0 (type: decimal(38,18))
                        null sort order: z
                        sort order: +
                        Map-reduce partition columns: _col0 (type: decimal(38,18))
                        Statistics: Num rows: 37 Data size: 4292 Basic stats: COMPLETE Column stats: COMPLETE
                        value expressions: _col1 (type: int)
            Execution mode: vectorized, llap
            LLAP IO: all inputs
        Map 4 
            Map Operator Tree:
                TableScan
                  alias: b
                  filterExpr: key is not null (type: boolean)
                  Statistics: Num rows: 38 Data size: 4408 Basic stats: COMPLETE Column stats: COMPLETE
                  Filter Operator
                    predicate: key is not null (type: boolean)
                    Statistics: Num rows: 37 Data size: 4292 Basic stats: COMPLETE Column stats: COMPLETE
                    Select Operator
                      expressions: key (type: decimal(38,18)), value (type: int)
                      outputColumnNames: _col0, _col1
                      Statistics: Num rows: 37 Data size: 4292 Basic stats: COMPLETE Column stats: COMPLETE
                      Reduce Output Operator
                        key expressions: _col0 (type: decimal(38,18))
                        null sort order: z
                        sort order: +
                        Map-reduce partition columns: _col0 (type: decimal(38,18))
                        Statistics: Num rows: 37 Data size: 4292 Basic stats: COMPLETE Column stats: COMPLETE
                        value expressions: _col1 (type: int)
            Execution mode: vectorized, llap
            LLAP IO: all inputs
        Reducer 2 
            Execution mode: llap
            Reduce Operator Tree:
              Merge Join Operator
                condition map:
                     Inner Join 0 to 1
                keys:
                  0 _col0 (type: decimal(38,18))
                  1 _col0 (type: decimal(38,18))
                outputColumnNames: _col0, _col1, _col2, _col3
                Statistics: Num rows: 48 Data size: 11136 Basic stats: COMPLETE Column stats: COMPLETE
                Reduce Output Operator
                  key expressions: _col0 (type: decimal(38,18)), _col1 (type: int), _col2 (type: decimal(38,18)), _col3 (type: int)
                  null sort order: zzzz
                  sort order: ++++
                  Statistics: Num rows: 48 Data size: 11136 Basic stats: COMPLETE Column stats: COMPLETE
        Reducer 3 
            Execution mode: vectorized, llap
            Reduce Operator Tree:
              Select Operator
                expressions: KEY.reducesinkkey0 (type: decimal(38,18)), KEY.reducesinkkey1 (type: int), KEY.reducesinkkey2 (type: decimal(38,18)), KEY.reducesinkkey3 (type: int)
                outputColumnNames: _col0, _col1, _col2, _col3
                Statistics: Num rows: 48 Data size: 11136 Basic stats: COMPLETE Column stats: COMPLETE
                File Output Operator
                  compressed: false
                  Statistics: Num rows: 48 Data size: 11136 Basic stats: COMPLETE Column stats: COMPLETE
                  table:
                      input format: org.apache.hadoop.mapred.SequenceFileInputFormat
                      output format: org.apache.hadoop.hive.ql.io.HiveSequenceFileOutputFormat
                      serde: org.apache.hadoop.hive.serde2.lazy.LazySimpleSerDe

  Stage: Stage-0
    Fetch Operator
      limit: -1
      Processor Tree:
        ListSink

PREHOOK: query: SELECT * FROM DECIMAL_3_n0 a JOIN DECIMAL_3_n0 b ON (a.key = b.key) ORDER BY a.key, a.value, b.key, b.value
PREHOOK: type: QUERY
PREHOOK: Input: default@decimal_3_n0
#### A masked pattern was here ####
POSTHOOK: query: SELECT * FROM DECIMAL_3_n0 a JOIN DECIMAL_3_n0 b ON (a.key = b.key) ORDER BY a.key, a.value, b.key, b.value
POSTHOOK: type: QUERY
POSTHOOK: Input: default@decimal_3_n0
#### A masked pattern was here ####
-1234567890.123456789000000000	-1234567890	-1234567890.123456789000000000	-1234567890
-4400.000000000000000000	4400	-4400.000000000000000000	4400
-1255.490000000000000000	-1255	-1255.490000000000000000	-1255
-1.122000000000000000	-11	-1.122000000000000000	-11
-1.120000000000000000	-1	-1.120000000000000000	-1
-1.120000000000000000	-1	-1.120000000000000000	-1
-1.120000000000000000	-1	-1.120000000000000000	-1
-1.120000000000000000	-1	-1.120000000000000000	-1
-0.333000000000000000	0	-0.333000000000000000	0
-0.330000000000000000	0	-0.330000000000000000	0
-0.300000000000000000	0	-0.300000000000000000	0
0.000000000000000000	0	0.000000000000000000	0
0.000000000000000000	0	0.000000000000000000	0
0.000000000000000000	0	0.000000000000000000	0
0.000000000000000000	0	0.000000000000000000	0
0.000000000000000000	0	0.000000000000000000	0
0.000000000000000000	0	0.000000000000000000	0
0.000000000000000000	0	0.000000000000000000	0
0.000000000000000000	0	0.000000000000000000	0
0.000000000000000000	0	0.000000000000000000	0
0.010000000000000000	0	0.010000000000000000	0
0.020000000000000000	0	0.020000000000000000	0
0.100000000000000000	0	0.100000000000000000	0
0.200000000000000000	0	0.200000000000000000	0
0.300000000000000000	0	0.300000000000000000	0
0.330000000000000000	0	0.330000000000000000	0
0.333000000000000000	0	0.333000000000000000	0
1.000000000000000000	1	1.000000000000000000	1
1.000000000000000000	1	1.000000000000000000	1
1.000000000000000000	1	1.000000000000000000	1
1.000000000000000000	1	1.000000000000000000	1
1.000000000000000000	1	1.000000000000000000	1
1.000000000000000000	1	1.000000000000000000	1
1.000000000000000000	1	1.000000000000000000	1
1.000000000000000000	1	1.000000000000000000	1
1.000000000000000000	1	1.000000000000000000	1
1.120000000000000000	1	1.120000000000000000	1
1.122000000000000000	1	1.122000000000000000	1
2.000000000000000000	2	2.000000000000000000	2
2.000000000000000000	2	2.000000000000000000	2
2.000000000000000000	2	2.000000000000000000	2
2.000000000000000000	2	2.000000000000000000	2
3.140000000000000000	3	3.140000000000000000	3
3.140000000000000000	3	3.140000000000000000	3
3.140000000000000000	3	3.140000000000000000	3
3.140000000000000000	3	3.140000000000000000	3
3.140000000000000000	3	3.140000000000000000	3
3.140000000000000000	3	3.140000000000000000	3
3.140000000000000000	3	3.140000000000000000	3
3.140000000000000000	3	3.140000000000000000	3
3.140000000000000000	3	3.140000000000000000	3
3.140000000000000000	3	3.140000000000000000	4
3.140000000000000000	3	3.140000000000000000	4
3.140000000000000000	3	3.140000000000000000	4
3.140000000000000000	4	3.140000000000000000	3
3.140000000000000000	4	3.140000000000000000	3
3.140000000000000000	4	3.140000000000000000	3
3.140000000000000000	4	3.140000000000000000	4
10.000000000000000000	10	10.000000000000000000	10
20.000000000000000000	20	20.000000000000000000	20
100.000000000000000000	100	100.000000000000000000	100
124.000000000000000000	124	124.000000000000000000	124
125.200000000000000000	125	125.200000000000000000	125
200.000000000000000000	200	200.000000000000000000	200
1234567890.123456780000000000	1234567890	1234567890.123456780000000000	1234567890
PREHOOK: query: EXPLAIN
SELECT * FROM DECIMAL_3_n0 a JOIN DECIMAL_3_n0 b ON (a.key = b.key) ORDER BY a.key, a.value, b.key, b.value
PREHOOK: type: QUERY
PREHOOK: Input: default@decimal_3_n0
#### A masked pattern was here ####
POSTHOOK: query: EXPLAIN
SELECT * FROM DECIMAL_3_n0 a JOIN DECIMAL_3_n0 b ON (a.key = b.key) ORDER BY a.key, a.value, b.key, b.value
POSTHOOK: type: QUERY
POSTHOOK: Input: default@decimal_3_n0
#### A masked pattern was here ####
STAGE DEPENDENCIES:
  Stage-1 is a root stage
  Stage-0 depends on stages: Stage-1

STAGE PLANS:
  Stage: Stage-1
    Tez
#### A masked pattern was here ####
      Edges:
        Map 1 <- Map 3 (BROADCAST_EDGE)
        Reducer 2 <- Map 1 (SIMPLE_EDGE)
#### A masked pattern was here ####
      Vertices:
        Map 1 
            Map Operator Tree:
                TableScan
                  alias: a
                  filterExpr: key is not null (type: boolean)
                  probeDecodeDetails: cacheKey:HASH_MAP_MAPJOIN_27_container, bigKeyColName:key, smallTablePos:1, keyRatio:0.7368421052631579
                  Statistics: Num rows: 38 Data size: 4408 Basic stats: COMPLETE Column stats: COMPLETE
                  Filter Operator
                    predicate: key is not null (type: boolean)
                    Statistics: Num rows: 37 Data size: 4292 Basic stats: COMPLETE Column stats: COMPLETE
                    Select Operator
                      expressions: key (type: decimal(38,18)), value (type: int)
                      outputColumnNames: _col0, _col1
                      Statistics: Num rows: 37 Data size: 4292 Basic stats: COMPLETE Column stats: COMPLETE
                      Map Join Operator
                        condition map:
                             Inner Join 0 to 1
                        keys:
                          0 _col0 (type: decimal(38,18))
                          1 _col0 (type: decimal(38,18))
                        outputColumnNames: _col0, _col1, _col2, _col3
                        input vertices:
                          1 Map 3
                        Statistics: Num rows: 48 Data size: 11136 Basic stats: COMPLETE Column stats: COMPLETE
                        Reduce Output Operator
                          key expressions: _col0 (type: decimal(38,18)), _col1 (type: int), _col2 (type: decimal(38,18)), _col3 (type: int)
                          null sort order: zzzz
                          sort order: ++++
                          Statistics: Num rows: 48 Data size: 11136 Basic stats: COMPLETE Column stats: COMPLETE
            Execution mode: vectorized, llap
            LLAP IO: all inputs
        Map 3 
            Map Operator Tree:
                TableScan
                  alias: b
                  filterExpr: key is not null (type: boolean)
                  Statistics: Num rows: 38 Data size: 4408 Basic stats: COMPLETE Column stats: COMPLETE
                  Filter Operator
                    predicate: key is not null (type: boolean)
                    Statistics: Num rows: 37 Data size: 4292 Basic stats: COMPLETE Column stats: COMPLETE
                    Select Operator
                      expressions: key (type: decimal(38,18)), value (type: int)
                      outputColumnNames: _col0, _col1
                      Statistics: Num rows: 37 Data size: 4292 Basic stats: COMPLETE Column stats: COMPLETE
                      Reduce Output Operator
                        key expressions: _col0 (type: decimal(38,18))
                        null sort order: z
                        sort order: +
                        Map-reduce partition columns: _col0 (type: decimal(38,18))
                        Statistics: Num rows: 37 Data size: 4292 Basic stats: COMPLETE Column stats: COMPLETE
                        value expressions: _col1 (type: int)
            Execution mode: vectorized, llap
            LLAP IO: all inputs
        Reducer 2 
            Execution mode: vectorized, llap
            Reduce Operator Tree:
              Select Operator
                expressions: KEY.reducesinkkey0 (type: decimal(38,18)), KEY.reducesinkkey1 (type: int), KEY.reducesinkkey2 (type: decimal(38,18)), KEY.reducesinkkey3 (type: int)
                outputColumnNames: _col0, _col1, _col2, _col3
                Statistics: Num rows: 48 Data size: 11136 Basic stats: COMPLETE Column stats: COMPLETE
                File Output Operator
                  compressed: false
                  Statistics: Num rows: 48 Data size: 11136 Basic stats: COMPLETE Column stats: COMPLETE
                  table:
                      input format: org.apache.hadoop.mapred.SequenceFileInputFormat
                      output format: org.apache.hadoop.hive.ql.io.HiveSequenceFileOutputFormat
                      serde: org.apache.hadoop.hive.serde2.lazy.LazySimpleSerDe

  Stage: Stage-0
    Fetch Operator
      limit: -1
      Processor Tree:
        ListSink

PREHOOK: query: SELECT * FROM DECIMAL_3_n0 a JOIN DECIMAL_3_n0 b ON (a.key = b.key) ORDER BY a.key, a.value, b.key, b.value
PREHOOK: type: QUERY
PREHOOK: Input: default@decimal_3_n0
#### A masked pattern was here ####
POSTHOOK: query: SELECT * FROM DECIMAL_3_n0 a JOIN DECIMAL_3_n0 b ON (a.key = b.key) ORDER BY a.key, a.value, b.key, b.value
POSTHOOK: type: QUERY
POSTHOOK: Input: default@decimal_3_n0
#### A masked pattern was here ####
-1234567890.123456789000000000	-1234567890	-1234567890.123456789000000000	-1234567890
-4400.000000000000000000	4400	-4400.000000000000000000	4400
-1255.490000000000000000	-1255	-1255.490000000000000000	-1255
-1.122000000000000000	-11	-1.122000000000000000	-11
-1.120000000000000000	-1	-1.120000000000000000	-1
-1.120000000000000000	-1	-1.120000000000000000	-1
-1.120000000000000000	-1	-1.120000000000000000	-1
-1.120000000000000000	-1	-1.120000000000000000	-1
-0.333000000000000000	0	-0.333000000000000000	0
-0.330000000000000000	0	-0.330000000000000000	0
-0.300000000000000000	0	-0.300000000000000000	0
0.000000000000000000	0	0.000000000000000000	0
0.000000000000000000	0	0.000000000000000000	0
0.000000000000000000	0	0.000000000000000000	0
0.000000000000000000	0	0.000000000000000000	0
0.000000000000000000	0	0.000000000000000000	0
0.000000000000000000	0	0.000000000000000000	0
0.000000000000000000	0	0.000000000000000000	0
0.000000000000000000	0	0.000000000000000000	0
0.000000000000000000	0	0.000000000000000000	0
0.010000000000000000	0	0.010000000000000000	0
0.020000000000000000	0	0.020000000000000000	0
0.100000000000000000	0	0.100000000000000000	0
0.200000000000000000	0	0.200000000000000000	0
0.300000000000000000	0	0.300000000000000000	0
0.330000000000000000	0	0.330000000000000000	0
0.333000000000000000	0	0.333000000000000000	0
1.000000000000000000	1	1.000000000000000000	1
1.000000000000000000	1	1.000000000000000000	1
1.000000000000000000	1	1.000000000000000000	1
1.000000000000000000	1	1.000000000000000000	1
1.000000000000000000	1	1.000000000000000000	1
1.000000000000000000	1	1.000000000000000000	1
1.000000000000000000	1	1.000000000000000000	1
1.000000000000000000	1	1.000000000000000000	1
1.000000000000000000	1	1.000000000000000000	1
1.120000000000000000	1	1.120000000000000000	1
1.122000000000000000	1	1.122000000000000000	1
2.000000000000000000	2	2.000000000000000000	2
2.000000000000000000	2	2.000000000000000000	2
2.000000000000000000	2	2.000000000000000000	2
2.000000000000000000	2	2.000000000000000000	2
3.140000000000000000	3	3.140000000000000000	3
3.140000000000000000	3	3.140000000000000000	3
3.140000000000000000	3	3.140000000000000000	3
3.140000000000000000	3	3.140000000000000000	3
3.140000000000000000	3	3.140000000000000000	3
3.140000000000000000	3	3.140000000000000000	3
3.140000000000000000	3	3.140000000000000000	3
3.140000000000000000	3	3.140000000000000000	3
3.140000000000000000	3	3.140000000000000000	3
3.140000000000000000	3	3.140000000000000000	4
3.140000000000000000	3	3.140000000000000000	4
3.140000000000000000	3	3.140000000000000000	4
3.140000000000000000	4	3.140000000000000000	3
3.140000000000000000	4	3.140000000000000000	3
3.140000000000000000	4	3.140000000000000000	3
3.140000000000000000	4	3.140000000000000000	4
10.000000000000000000	10	10.000000000000000000	10
20.000000000000000000	20	20.000000000000000000	20
100.000000000000000000	100	100.000000000000000000	100
124.000000000000000000	124	124.000000000000000000	124
125.200000000000000000	125	125.200000000000000000	125
200.000000000000000000	200	200.000000000000000000	200
1234567890.123456780000000000	1234567890	1234567890.123456780000000000	1234567890
PREHOOK: query: DROP TABLE DECIMAL_3_txt
PREHOOK: type: DROPTABLE
PREHOOK: Input: default@decimal_3_txt
PREHOOK: Output: database:default
PREHOOK: Output: default@decimal_3_txt
POSTHOOK: query: DROP TABLE DECIMAL_3_txt
POSTHOOK: type: DROPTABLE
POSTHOOK: Input: default@decimal_3_txt
POSTHOOK: Output: database:default
POSTHOOK: Output: default@decimal_3_txt
PREHOOK: query: DROP TABLE DECIMAL_3_n0
PREHOOK: type: DROPTABLE
PREHOOK: Input: default@decimal_3_n0
PREHOOK: Output: database:default
PREHOOK: Output: default@decimal_3_n0
POSTHOOK: query: DROP TABLE DECIMAL_3_n0
POSTHOOK: type: DROPTABLE
POSTHOOK: Input: default@decimal_3_n0
POSTHOOK: Output: database:default
POSTHOOK: Output: default@decimal_3_n0
