PREHOOK: query: use tpch_0_001
PREHOOK: type: SWITCHDATABASE
PREHOOK: Input: database:tpch_0_001
POSTHOOK: query: use tpch_0_001
POSTHOOK: type: SWITCHDATABASE
POSTHOOK: Input: database:tpch_0_001
PREHOOK: query: explain
select li.l_orderkey, li.l_partkey, li.l_suppkey, ps.ps_availqty
from lineitem li
         inner join partsupp ps on li.l_partkey = ps.ps_partkey and li.l_suppkey = ps.ps_suppkey
where ps.ps_availqty < 15
order by li.l_orderkey, li.l_partkey, li.l_suppkey, ps.ps_availqty
PREHOOK: type: QUERY
PREHOOK: Input: tpch_0_001@lineitem
PREHOOK: Input: tpch_0_001@partsupp
#### A masked pattern was here ####
STAGE DEPENDENCIES:
  Stage-1 is a root stage
  Stage-0 depends on stages: Stage-1

STAGE PLANS:
  Stage: Stage-1
    Tez
#### A masked pattern was here ####
      Edges:
        Reducer 2 <- Map 1 (SIMPLE_EDGE), Map 4 (SIMPLE_EDGE)
        Reducer 3 <- Reducer 2 (SIMPLE_EDGE)
#### A masked pattern was here ####
      Vertices:
        Map 1 
            Map Operator Tree:
                TableScan
                  alias: li
                  filterExpr: (l_partkey is not null and l_suppkey is not null) (type: boolean)
                  Statistics: Num rows: 6005 Data size: 72060 Basic stats: COMPLETE Column stats: COMPLETE
                  Filter Operator
                    predicate: (l_partkey is not null and l_suppkey is not null) (type: boolean)
                    Statistics: Num rows: 6005 Data size: 72060 Basic stats: COMPLETE Column stats: COMPLETE
                    Select Operator
                      expressions: l_orderkey (type: int), l_partkey (type: int), l_suppkey (type: int)
                      outputColumnNames: _col0, _col1, _col2
                      Statistics: Num rows: 6005 Data size: 72060 Basic stats: COMPLETE Column stats: COMPLETE
                      Reduce Output Operator
                        key expressions: _col1 (type: int), _col2 (type: int)
                        null sort order: zz
                        sort order: ++
                        Map-reduce partition columns: _col1 (type: int), _col2 (type: int)
                        Statistics: Num rows: 6005 Data size: 72060 Basic stats: COMPLETE Column stats: COMPLETE
                        value expressions: _col0 (type: int)
            Execution mode: vectorized, llap
            LLAP IO: all inputs
        Map 4 
            Map Operator Tree:
                TableScan
                  alias: ps
                  filterExpr: (ps_availqty < 15) (type: boolean)
                  Statistics: Num rows: 800 Data size: 9600 Basic stats: COMPLETE Column stats: COMPLETE
                  Filter Operator
                    predicate: (ps_availqty < 15) (type: boolean)
                    Statistics: Num rows: 1 Data size: 12 Basic stats: COMPLETE Column stats: COMPLETE
                    Select Operator
                      expressions: ps_partkey (type: int), ps_suppkey (type: int), ps_availqty (type: int)
                      outputColumnNames: _col0, _col1, _col2
                      Statistics: Num rows: 1 Data size: 12 Basic stats: COMPLETE Column stats: COMPLETE
                      Reduce Output Operator
                        key expressions: _col0 (type: int), _col1 (type: int)
                        null sort order: zz
                        sort order: ++
                        Map-reduce partition columns: _col0 (type: int), _col1 (type: int)
                        Statistics: Num rows: 1 Data size: 12 Basic stats: COMPLETE Column stats: COMPLETE
                        value expressions: _col2 (type: int)
            Execution mode: vectorized, llap
            LLAP IO: all inputs
        Reducer 2 
            Execution mode: llap
            Reduce Operator Tree:
              Merge Join Operator
                condition map:
                     Inner Join 0 to 1
                keys:
                  0 _col1 (type: int), _col2 (type: int)
                  1 _col0 (type: int), _col1 (type: int)
                outputColumnNames: _col0, _col1, _col2, _col5
                Statistics: Num rows: 30 Data size: 480 Basic stats: COMPLETE Column stats: COMPLETE
                Select Operator
                  expressions: _col0 (type: int), _col1 (type: int), _col2 (type: int), _col5 (type: int)
                  outputColumnNames: _col0, _col1, _col2, _col3
                  Statistics: Num rows: 30 Data size: 480 Basic stats: COMPLETE Column stats: COMPLETE
                  Reduce Output Operator
                    key expressions: _col0 (type: int), _col1 (type: int), _col2 (type: int), _col3 (type: int)
                    null sort order: zzzz
                    sort order: ++++
                    Statistics: Num rows: 30 Data size: 480 Basic stats: COMPLETE Column stats: COMPLETE
        Reducer 3 
            Execution mode: vectorized, llap
            Reduce Operator Tree:
              Select Operator
                expressions: KEY.reducesinkkey0 (type: int), KEY.reducesinkkey1 (type: int), KEY.reducesinkkey2 (type: int), KEY.reducesinkkey3 (type: int)
                outputColumnNames: _col0, _col1, _col2, _col3
                Statistics: Num rows: 30 Data size: 480 Basic stats: COMPLETE Column stats: COMPLETE
                File Output Operator
                  compressed: false
                  Statistics: Num rows: 30 Data size: 480 Basic stats: COMPLETE Column stats: COMPLETE
                  table:
                      input format: org.apache.hadoop.mapred.SequenceFileInputFormat
                      output format: org.apache.hadoop.hive.ql.io.HiveSequenceFileOutputFormat
                      serde: org.apache.hadoop.hive.serde2.lazy.LazySimpleSerDe

  Stage: Stage-0
    Fetch Operator
      limit: -1
      Processor Tree:
        ListSink

PREHOOK: query: select li.l_orderkey, li.l_partkey, li.l_suppkey, ps.ps_availqty
from lineitem li
         inner join partsupp ps on li.l_partkey = ps.ps_partkey and li.l_suppkey = ps.ps_suppkey
where ps.ps_availqty < 15
order by li.l_orderkey, li.l_partkey, li.l_suppkey, ps.ps_availqty
PREHOOK: type: QUERY
PREHOOK: Input: tpch_0_001@lineitem
PREHOOK: Input: tpch_0_001@partsupp
#### A masked pattern was here ####
Stage-1 FILE SYSTEM COUNTERS:
Stage-1 HIVE COUNTERS:
   CREATED_FILES: 1
   DESERIALIZE_ERRORS: 0
   RECORDS_IN_Map_1: 6005
   RECORDS_IN_Map_4: 800
   RECORDS_OUT_0: 14
   RECORDS_OUT_INTERMEDIATE_Map_1: 6005
   RECORDS_OUT_INTERMEDIATE_Map_4: 2
   RECORDS_OUT_INTERMEDIATE_Reducer_2: 14
   RECORDS_OUT_INTERMEDIATE_Reducer_3: 0
   RECORDS_OUT_OPERATOR_FIL_18: 6005
   RECORDS_OUT_OPERATOR_FIL_21: 2
   RECORDS_OUT_OPERATOR_FS_25: 14
   RECORDS_OUT_OPERATOR_MAP_0: 0
   RECORDS_OUT_OPERATOR_MERGEJOIN_17: 14
   RECORDS_OUT_OPERATOR_RS_10: 14
   RECORDS_OUT_OPERATOR_RS_20: 6005
   RECORDS_OUT_OPERATOR_RS_23: 2
   RECORDS_OUT_OPERATOR_SEL_19: 6005
   RECORDS_OUT_OPERATOR_SEL_22: 2
   RECORDS_OUT_OPERATOR_SEL_24: 14
   RECORDS_OUT_OPERATOR_SEL_9: 14
   RECORDS_OUT_OPERATOR_TS_0: 6005
   RECORDS_OUT_OPERATOR_TS_3: 800
   TOTAL_TABLE_ROWS_WRITTEN: 0
Stage-1 LLAP IO COUNTERS:
   CACHE_MISS_BYTES: 138342
   NUM_DECODED_BATCHES: 2
   NUM_VECTOR_BATCHES: 7
   ROWS_EMITTED: 6805
Stage-1 INPUT COUNTERS:
   GROUPED_INPUT_SPLITS_Map_1: 1
   GROUPED_INPUT_SPLITS_Map_4: 1
   INPUT_DIRECTORIES_Map_1: 1
   INPUT_DIRECTORIES_Map_4: 1
   INPUT_FILES_Map_1: 1
   INPUT_FILES_Map_4: 1
   RAW_INPUT_SPLITS_Map_1: 1
   RAW_INPUT_SPLITS_Map_4: 1
134	145	6	11
192	142	9	13
583	145	6	11
998	142	9	13
2081	142	9	13
2306	142	9	13
2307	142	9	13
3554	145	6	11
3556	142	9	13
4711	145	6	11
4807	145	6	11
5158	142	9	13
5413	142	9	13
5670	142	9	13
PREHOOK: query: explain
select li.l_orderkey, li.l_partkey, li.l_suppkey, ps.ps_availqty
from lineitem li
         inner join partsupp ps on li.l_partkey = ps.ps_partkey and li.l_suppkey = ps.ps_suppkey
where ps.ps_availqty < 15
order by li.l_orderkey, li.l_partkey, li.l_suppkey, ps.ps_availqty
PREHOOK: type: QUERY
PREHOOK: Input: tpch_0_001@lineitem
PREHOOK: Input: tpch_0_001@partsupp
#### A masked pattern was here ####
STAGE DEPENDENCIES:
  Stage-1 is a root stage
  Stage-0 depends on stages: Stage-1

STAGE PLANS:
  Stage: Stage-1
    Tez
#### A masked pattern was here ####
      Edges:
        Map 1 <- Reducer 5 (BROADCAST_EDGE)
        Reducer 2 <- Map 1 (SIMPLE_EDGE), Map 4 (SIMPLE_EDGE)
        Reducer 3 <- Reducer 2 (SIMPLE_EDGE)
        Reducer 5 <- Map 4 (CUSTOM_SIMPLE_EDGE)
#### A masked pattern was here ####
      Vertices:
        Map 1 
            Map Operator Tree:
                TableScan
                  alias: li
                  filterExpr: (l_partkey is not null and l_suppkey is not null and l_partkey BETWEEN DynamicValue(RS_7_ps_ps_partkey_min) AND DynamicValue(RS_7_ps_ps_partkey_max) and in_bloom_filter(l_partkey, DynamicValue(RS_7_ps_ps_partkey_bloom_filter))) (type: boolean)
                  Statistics: Num rows: 6005 Data size: 72060 Basic stats: COMPLETE Column stats: COMPLETE
                  Filter Operator
                    predicate: (l_partkey is not null and l_suppkey is not null and l_partkey BETWEEN DynamicValue(RS_7_ps_ps_partkey_min) AND DynamicValue(RS_7_ps_ps_partkey_max) and in_bloom_filter(l_partkey, DynamicValue(RS_7_ps_ps_partkey_bloom_filter))) (type: boolean)
                    Statistics: Num rows: 6005 Data size: 72060 Basic stats: COMPLETE Column stats: COMPLETE
                    Select Operator
                      expressions: l_orderkey (type: int), l_partkey (type: int), l_suppkey (type: int)
                      outputColumnNames: _col0, _col1, _col2
                      Statistics: Num rows: 6005 Data size: 72060 Basic stats: COMPLETE Column stats: COMPLETE
                      Reduce Output Operator
                        key expressions: _col1 (type: int), _col2 (type: int)
                        null sort order: zz
                        sort order: ++
                        Map-reduce partition columns: _col1 (type: int), _col2 (type: int)
                        Statistics: Num rows: 6005 Data size: 72060 Basic stats: COMPLETE Column stats: COMPLETE
                        value expressions: _col0 (type: int)
            Execution mode: vectorized, llap
            LLAP IO: all inputs
        Map 4 
            Map Operator Tree:
                TableScan
                  alias: ps
                  filterExpr: (ps_availqty < 15) (type: boolean)
                  Statistics: Num rows: 800 Data size: 9600 Basic stats: COMPLETE Column stats: COMPLETE
                  Filter Operator
                    predicate: (ps_availqty < 15) (type: boolean)
                    Statistics: Num rows: 1 Data size: 12 Basic stats: COMPLETE Column stats: COMPLETE
                    Select Operator
                      expressions: ps_partkey (type: int), ps_suppkey (type: int), ps_availqty (type: int)
                      outputColumnNames: _col0, _col1, _col2
                      Statistics: Num rows: 1 Data size: 12 Basic stats: COMPLETE Column stats: COMPLETE
                      Reduce Output Operator
                        key expressions: _col0 (type: int), _col1 (type: int)
                        null sort order: zz
                        sort order: ++
                        Map-reduce partition columns: _col0 (type: int), _col1 (type: int)
                        Statistics: Num rows: 1 Data size: 12 Basic stats: COMPLETE Column stats: COMPLETE
                        value expressions: _col2 (type: int)
                      Select Operator
                        expressions: _col0 (type: int)
                        outputColumnNames: _col0
                        Statistics: Num rows: 1 Data size: 4 Basic stats: COMPLETE Column stats: COMPLETE
                        Group By Operator
                          aggregations: min(_col0), max(_col0), bloom_filter(_col0, expectedEntries=1000000)
                          minReductionHashAggr: 0.4
                          mode: hash
                          outputColumnNames: _col0, _col1, _col2
                          Statistics: Num rows: 1 Data size: 12 Basic stats: COMPLETE Column stats: COMPLETE
                          Reduce Output Operator
                            null sort order: 
                            sort order: 
                            Statistics: Num rows: 1 Data size: 12 Basic stats: COMPLETE Column stats: COMPLETE
                            value expressions: _col0 (type: int), _col1 (type: int), _col2 (type: binary)
            Execution mode: vectorized, llap
            LLAP IO: all inputs
        Reducer 2 
            Execution mode: llap
            Reduce Operator Tree:
              Merge Join Operator
                condition map:
                     Inner Join 0 to 1
                keys:
                  0 _col1 (type: int), _col2 (type: int)
                  1 _col0 (type: int), _col1 (type: int)
                outputColumnNames: _col0, _col1, _col2, _col5
                Statistics: Num rows: 30 Data size: 480 Basic stats: COMPLETE Column stats: COMPLETE
                Select Operator
                  expressions: _col0 (type: int), _col1 (type: int), _col2 (type: int), _col5 (type: int)
                  outputColumnNames: _col0, _col1, _col2, _col3
                  Statistics: Num rows: 30 Data size: 480 Basic stats: COMPLETE Column stats: COMPLETE
                  Reduce Output Operator
                    key expressions: _col0 (type: int), _col1 (type: int), _col2 (type: int), _col3 (type: int)
                    null sort order: zzzz
                    sort order: ++++
                    Statistics: Num rows: 30 Data size: 480 Basic stats: COMPLETE Column stats: COMPLETE
        Reducer 3 
            Execution mode: vectorized, llap
            Reduce Operator Tree:
              Select Operator
                expressions: KEY.reducesinkkey0 (type: int), KEY.reducesinkkey1 (type: int), KEY.reducesinkkey2 (type: int), KEY.reducesinkkey3 (type: int)
                outputColumnNames: _col0, _col1, _col2, _col3
                Statistics: Num rows: 30 Data size: 480 Basic stats: COMPLETE Column stats: COMPLETE
                File Output Operator
                  compressed: false
                  Statistics: Num rows: 30 Data size: 480 Basic stats: COMPLETE Column stats: COMPLETE
                  table:
                      input format: org.apache.hadoop.mapred.SequenceFileInputFormat
                      output format: org.apache.hadoop.hive.ql.io.HiveSequenceFileOutputFormat
                      serde: org.apache.hadoop.hive.serde2.lazy.LazySimpleSerDe
        Reducer 5 
            Execution mode: vectorized, llap
            Reduce Operator Tree:
              Group By Operator
                aggregations: min(VALUE._col0), max(VALUE._col1), bloom_filter(VALUE._col2, expectedEntries=1000000)
                mode: final
                outputColumnNames: _col0, _col1, _col2
                Statistics: Num rows: 1 Data size: 12 Basic stats: COMPLETE Column stats: COMPLETE
                Reduce Output Operator
                  null sort order: 
                  sort order: 
                  Statistics: Num rows: 1 Data size: 12 Basic stats: COMPLETE Column stats: COMPLETE
                  value expressions: _col0 (type: int), _col1 (type: int), _col2 (type: binary)

  Stage: Stage-0
    Fetch Operator
      limit: -1
      Processor Tree:
        ListSink

PREHOOK: query: select li.l_orderkey, li.l_partkey, li.l_suppkey, ps.ps_availqty
from lineitem li
         inner join partsupp ps on li.l_partkey = ps.ps_partkey and li.l_suppkey = ps.ps_suppkey
where ps.ps_availqty < 15
order by li.l_orderkey, li.l_partkey, li.l_suppkey, ps.ps_availqty
PREHOOK: type: QUERY
PREHOOK: Input: tpch_0_001@lineitem
PREHOOK: Input: tpch_0_001@partsupp
#### A masked pattern was here ####
Stage-1 FILE SYSTEM COUNTERS:
Stage-1 HIVE COUNTERS:
   CREATED_FILES: 1
   DESERIALIZE_ERRORS: 0
   RECORDS_IN_Map_1: 6005
   RECORDS_IN_Map_4: 800
   RECORDS_OUT_0: 14
   RECORDS_OUT_INTERMEDIATE_Map_1: 50
   RECORDS_OUT_INTERMEDIATE_Map_4: 3
   RECORDS_OUT_INTERMEDIATE_Reducer_2: 14
   RECORDS_OUT_INTERMEDIATE_Reducer_3: 0
   RECORDS_OUT_INTERMEDIATE_Reducer_5: 1
   RECORDS_OUT_OPERATOR_FIL_38: 2
   RECORDS_OUT_OPERATOR_FIL_46: 50
   RECORDS_OUT_OPERATOR_FS_50: 14
   RECORDS_OUT_OPERATOR_GBY_42: 1
   RECORDS_OUT_OPERATOR_GBY_44: 1
   RECORDS_OUT_OPERATOR_MAP_0: 0
   RECORDS_OUT_OPERATOR_MERGEJOIN_37: 14
   RECORDS_OUT_OPERATOR_RS_10: 14
   RECORDS_OUT_OPERATOR_RS_40: 2
   RECORDS_OUT_OPERATOR_RS_43: 1
   RECORDS_OUT_OPERATOR_RS_45: 1
   RECORDS_OUT_OPERATOR_RS_48: 50
   RECORDS_OUT_OPERATOR_SEL_39: 2
   RECORDS_OUT_OPERATOR_SEL_41: 2
   RECORDS_OUT_OPERATOR_SEL_47: 50
   RECORDS_OUT_OPERATOR_SEL_49: 14
   RECORDS_OUT_OPERATOR_SEL_9: 14
   RECORDS_OUT_OPERATOR_TS_0: 6005
   RECORDS_OUT_OPERATOR_TS_3: 800
   TOTAL_TABLE_ROWS_WRITTEN: 0
Stage-1 LLAP IO COUNTERS:
   CACHE_HIT_BYTES: 138344
   NUM_DECODED_BATCHES: 2
   NUM_VECTOR_BATCHES: 7
   ROWS_EMITTED: 6805
Stage-1 INPUT COUNTERS:
   GROUPED_INPUT_SPLITS_Map_1: 1
   GROUPED_INPUT_SPLITS_Map_4: 1
   INPUT_DIRECTORIES_Map_1: 1
   INPUT_DIRECTORIES_Map_4: 1
   INPUT_FILES_Map_1: 1
   INPUT_FILES_Map_4: 1
   RAW_INPUT_SPLITS_Map_1: 1
   RAW_INPUT_SPLITS_Map_4: 1
134	145	6	11
192	142	9	13
583	145	6	11
998	142	9	13
2081	142	9	13
2306	142	9	13
2307	142	9	13
3554	145	6	11
3556	142	9	13
4711	145	6	11
4807	145	6	11
5158	142	9	13
5413	142	9	13
5670	142	9	13
PREHOOK: query: explain
select li.l_orderkey, li.l_partkey, li.l_suppkey, ps.ps_availqty
from lineitem li
         inner join partsupp ps on li.l_partkey = ps.ps_partkey and li.l_suppkey = ps.ps_suppkey
where ps.ps_availqty < 15
order by li.l_orderkey, li.l_partkey, li.l_suppkey, ps.ps_availqty
PREHOOK: type: QUERY
PREHOOK: Input: tpch_0_001@lineitem
PREHOOK: Input: tpch_0_001@partsupp
#### A masked pattern was here ####
STAGE DEPENDENCIES:
  Stage-1 is a root stage
  Stage-0 depends on stages: Stage-1

STAGE PLANS:
  Stage: Stage-1
    Tez
#### A masked pattern was here ####
      Edges:
        Map 1 <- Reducer 5 (BROADCAST_EDGE)
        Reducer 2 <- Map 1 (SIMPLE_EDGE), Map 4 (SIMPLE_EDGE)
        Reducer 3 <- Reducer 2 (SIMPLE_EDGE)
        Reducer 5 <- Map 4 (CUSTOM_SIMPLE_EDGE)
#### A masked pattern was here ####
      Vertices:
        Map 1 
            Map Operator Tree:
                TableScan
                  alias: li
                  filterExpr: (l_partkey is not null and l_suppkey is not null and l_partkey BETWEEN DynamicValue(RS[41]_col0) AND DynamicValue(RS[41]_col1) and l_suppkey BETWEEN DynamicValue(RS[41]_col2) AND DynamicValue(RS[41]_col3) and in_bloom_filter(hash(l_partkey,l_suppkey), DynamicValue(RS[41]_col4))) (type: boolean)
                  Statistics: Num rows: 6005 Data size: 72060 Basic stats: COMPLETE Column stats: COMPLETE
                  Filter Operator
                    predicate: (l_partkey is not null and l_suppkey is not null and l_partkey BETWEEN DynamicValue(RS[41]_col0) AND DynamicValue(RS[41]_col1) and l_suppkey BETWEEN DynamicValue(RS[41]_col2) AND DynamicValue(RS[41]_col3) and in_bloom_filter(hash(l_partkey,l_suppkey), DynamicValue(RS[41]_col4))) (type: boolean)
                    Statistics: Num rows: 6005 Data size: 72060 Basic stats: COMPLETE Column stats: COMPLETE
                    Select Operator
                      expressions: l_orderkey (type: int), l_partkey (type: int), l_suppkey (type: int)
                      outputColumnNames: _col0, _col1, _col2
                      Statistics: Num rows: 6005 Data size: 72060 Basic stats: COMPLETE Column stats: COMPLETE
                      Reduce Output Operator
                        key expressions: _col1 (type: int), _col2 (type: int)
                        null sort order: zz
                        sort order: ++
                        Map-reduce partition columns: _col1 (type: int), _col2 (type: int)
                        Statistics: Num rows: 6005 Data size: 72060 Basic stats: COMPLETE Column stats: COMPLETE
                        value expressions: _col0 (type: int)
            Execution mode: vectorized, llap
            LLAP IO: all inputs
        Map 4 
            Map Operator Tree:
                TableScan
                  alias: ps
                  filterExpr: (ps_availqty < 15) (type: boolean)
                  Statistics: Num rows: 800 Data size: 9600 Basic stats: COMPLETE Column stats: COMPLETE
                  Filter Operator
                    predicate: (ps_availqty < 15) (type: boolean)
                    Statistics: Num rows: 1 Data size: 12 Basic stats: COMPLETE Column stats: COMPLETE
                    Select Operator
                      expressions: ps_partkey (type: int), ps_suppkey (type: int), ps_availqty (type: int)
                      outputColumnNames: _col0, _col1, _col2
                      Statistics: Num rows: 1 Data size: 12 Basic stats: COMPLETE Column stats: COMPLETE
                      Reduce Output Operator
                        key expressions: _col0 (type: int), _col1 (type: int)
                        null sort order: zz
                        sort order: ++
                        Map-reduce partition columns: _col0 (type: int), _col1 (type: int)
                        Statistics: Num rows: 1 Data size: 12 Basic stats: COMPLETE Column stats: COMPLETE
                        value expressions: _col2 (type: int)
                      Select Operator
                        expressions: _col0 (type: int), _col1 (type: int), hash(_col0,_col1) (type: int)
                        outputColumnNames: _col0, _col1, _col3
                        Statistics: Num rows: 1 Data size: 12 Basic stats: COMPLETE Column stats: COMPLETE
                        Group By Operator
                          aggregations: min(_col0), max(_col0), min(_col1), max(_col1), bloom_filter(_col3, expectedEntries=1000000)
                          minReductionHashAggr: 0.4
                          mode: hash
                          outputColumnNames: _col0, _col1, _col2, _col3, _col4
                          Statistics: Num rows: 1 Data size: 160 Basic stats: COMPLETE Column stats: COMPLETE
                          Reduce Output Operator
                            null sort order: 
                            sort order: 
                            Statistics: Num rows: 1 Data size: 160 Basic stats: COMPLETE Column stats: COMPLETE
                            value expressions: _col0 (type: int), _col1 (type: int), _col2 (type: int), _col3 (type: int), _col4 (type: binary)
            Execution mode: vectorized, llap
            LLAP IO: all inputs
        Reducer 2 
            Execution mode: llap
            Reduce Operator Tree:
              Merge Join Operator
                condition map:
                     Inner Join 0 to 1
                keys:
                  0 _col1 (type: int), _col2 (type: int)
                  1 _col0 (type: int), _col1 (type: int)
                outputColumnNames: _col0, _col1, _col2, _col5
                Statistics: Num rows: 30 Data size: 480 Basic stats: COMPLETE Column stats: COMPLETE
                Select Operator
                  expressions: _col0 (type: int), _col1 (type: int), _col2 (type: int), _col5 (type: int)
                  outputColumnNames: _col0, _col1, _col2, _col3
                  Statistics: Num rows: 30 Data size: 480 Basic stats: COMPLETE Column stats: COMPLETE
                  Reduce Output Operator
                    key expressions: _col0 (type: int), _col1 (type: int), _col2 (type: int), _col3 (type: int)
                    null sort order: zzzz
                    sort order: ++++
                    Statistics: Num rows: 30 Data size: 480 Basic stats: COMPLETE Column stats: COMPLETE
        Reducer 3 
            Execution mode: vectorized, llap
            Reduce Operator Tree:
              Select Operator
                expressions: KEY.reducesinkkey0 (type: int), KEY.reducesinkkey1 (type: int), KEY.reducesinkkey2 (type: int), KEY.reducesinkkey3 (type: int)
                outputColumnNames: _col0, _col1, _col2, _col3
                Statistics: Num rows: 30 Data size: 480 Basic stats: COMPLETE Column stats: COMPLETE
                File Output Operator
                  compressed: false
                  Statistics: Num rows: 30 Data size: 480 Basic stats: COMPLETE Column stats: COMPLETE
                  table:
                      input format: org.apache.hadoop.mapred.SequenceFileInputFormat
                      output format: org.apache.hadoop.hive.ql.io.HiveSequenceFileOutputFormat
                      serde: org.apache.hadoop.hive.serde2.lazy.LazySimpleSerDe
        Reducer 5 
            Execution mode: vectorized, llap
            Reduce Operator Tree:
              Group By Operator
                aggregations: min(VALUE._col0), max(VALUE._col1), min(VALUE._col2), max(VALUE._col3), bloom_filter(VALUE._col4, expectedEntries=1000000)
                mode: final
                outputColumnNames: _col0, _col1, _col2, _col3, _col4
                Statistics: Num rows: 1 Data size: 160 Basic stats: COMPLETE Column stats: COMPLETE
                Reduce Output Operator
                  null sort order: 
                  sort order: 
                  Statistics: Num rows: 1 Data size: 160 Basic stats: COMPLETE Column stats: COMPLETE
                  value expressions: _col0 (type: int), _col1 (type: int), _col2 (type: int), _col3 (type: int), _col4 (type: binary)

  Stage: Stage-0
    Fetch Operator
      limit: -1
      Processor Tree:
        ListSink

PREHOOK: query: select li.l_orderkey, li.l_partkey, li.l_suppkey, ps.ps_availqty
from lineitem li
         inner join partsupp ps on li.l_partkey = ps.ps_partkey and li.l_suppkey = ps.ps_suppkey
where ps.ps_availqty < 15
order by li.l_orderkey, li.l_partkey, li.l_suppkey, ps.ps_availqty
PREHOOK: type: QUERY
PREHOOK: Input: tpch_0_001@lineitem
PREHOOK: Input: tpch_0_001@partsupp
#### A masked pattern was here ####
Stage-1 FILE SYSTEM COUNTERS:
Stage-1 HIVE COUNTERS:
   CREATED_FILES: 1
   DESERIALIZE_ERRORS: 0
   RECORDS_IN_Map_1: 6005
   RECORDS_IN_Map_4: 800
   RECORDS_OUT_0: 14
   RECORDS_OUT_INTERMEDIATE_Map_1: 14
   RECORDS_OUT_INTERMEDIATE_Map_4: 3
   RECORDS_OUT_INTERMEDIATE_Reducer_2: 14
   RECORDS_OUT_INTERMEDIATE_Reducer_3: 0
   RECORDS_OUT_INTERMEDIATE_Reducer_5: 1
   RECORDS_OUT_OPERATOR_FIL_48: 2
   RECORDS_OUT_OPERATOR_FIL_56: 14
   RECORDS_OUT_OPERATOR_FS_60: 14
   RECORDS_OUT_OPERATOR_GBY_52: 1
   RECORDS_OUT_OPERATOR_GBY_54: 1
   RECORDS_OUT_OPERATOR_MAP_0: 0
   RECORDS_OUT_OPERATOR_MERGEJOIN_47: 14
   RECORDS_OUT_OPERATOR_RS_10: 14
   RECORDS_OUT_OPERATOR_RS_50: 2
   RECORDS_OUT_OPERATOR_RS_53: 1
   RECORDS_OUT_OPERATOR_RS_55: 1
   RECORDS_OUT_OPERATOR_RS_58: 14
   RECORDS_OUT_OPERATOR_SEL_49: 2
   RECORDS_OUT_OPERATOR_SEL_51: 2
   RECORDS_OUT_OPERATOR_SEL_57: 14
   RECORDS_OUT_OPERATOR_SEL_59: 14
   RECORDS_OUT_OPERATOR_SEL_9: 14
   RECORDS_OUT_OPERATOR_TS_0: 6005
   RECORDS_OUT_OPERATOR_TS_3: 800
   TOTAL_TABLE_ROWS_WRITTEN: 0
Stage-1 LLAP IO COUNTERS:
   CACHE_HIT_BYTES: 138344
   NUM_DECODED_BATCHES: 2
   NUM_VECTOR_BATCHES: 7
   ROWS_EMITTED: 6805
Stage-1 INPUT COUNTERS:
   GROUPED_INPUT_SPLITS_Map_1: 1
   GROUPED_INPUT_SPLITS_Map_4: 1
   INPUT_DIRECTORIES_Map_1: 1
   INPUT_DIRECTORIES_Map_4: 1
   INPUT_FILES_Map_1: 1
   INPUT_FILES_Map_4: 1
   RAW_INPUT_SPLITS_Map_1: 1
   RAW_INPUT_SPLITS_Map_4: 1
134	145	6	11
192	142	9	13
583	145	6	11
998	142	9	13
2081	142	9	13
2306	142	9	13
2307	142	9	13
3554	145	6	11
3556	142	9	13
4711	145	6	11
4807	145	6	11
5158	142	9	13
5413	142	9	13
5670	142	9	13
PREHOOK: query: explain
select
    /*+ semi(ps, ps_partkey, li, 2), semi(ps, ps_suppkey, li, 3)*/
    li.l_orderkey,
    li.l_partkey,
    li.l_suppkey,
    ps.ps_availqty
from lineitem li
         inner join partsupp ps on li.l_partkey = ps.ps_partkey and li.l_suppkey = ps.ps_suppkey
where ps.ps_availqty < 15
order by li.l_orderkey, li.l_partkey, li.l_suppkey, ps.ps_availqty
PREHOOK: type: QUERY
PREHOOK: Input: tpch_0_001@lineitem
PREHOOK: Input: tpch_0_001@partsupp
#### A masked pattern was here ####
STAGE DEPENDENCIES:
  Stage-1 is a root stage
  Stage-0 depends on stages: Stage-1

STAGE PLANS:
  Stage: Stage-1
    Tez
#### A masked pattern was here ####
      Edges:
        Map 1 <- Reducer 5 (BROADCAST_EDGE)
        Reducer 2 <- Map 1 (SIMPLE_EDGE), Map 4 (SIMPLE_EDGE)
        Reducer 3 <- Reducer 2 (SIMPLE_EDGE)
        Reducer 5 <- Map 4 (CUSTOM_SIMPLE_EDGE)
#### A masked pattern was here ####
      Vertices:
        Map 1 
            Map Operator Tree:
                TableScan
                  alias: li
                  filterExpr: (l_partkey is not null and l_suppkey is not null and l_partkey BETWEEN DynamicValue(RS[31]_col0) AND DynamicValue(RS[31]_col1) and l_suppkey BETWEEN DynamicValue(RS[31]_col2) AND DynamicValue(RS[31]_col3) and in_bloom_filter(hash(l_partkey,l_suppkey), DynamicValue(RS[31]_col4))) (type: boolean)
                  Statistics: Num rows: 6005 Data size: 72060 Basic stats: COMPLETE Column stats: COMPLETE
                  Filter Operator
                    predicate: (l_partkey is not null and l_suppkey is not null and l_partkey BETWEEN DynamicValue(RS[31]_col0) AND DynamicValue(RS[31]_col1) and l_suppkey BETWEEN DynamicValue(RS[31]_col2) AND DynamicValue(RS[31]_col3) and in_bloom_filter(hash(l_partkey,l_suppkey), DynamicValue(RS[31]_col4))) (type: boolean)
                    Statistics: Num rows: 6005 Data size: 72060 Basic stats: COMPLETE Column stats: COMPLETE
                    Select Operator
                      expressions: l_orderkey (type: int), l_partkey (type: int), l_suppkey (type: int)
                      outputColumnNames: _col0, _col1, _col2
                      Statistics: Num rows: 6005 Data size: 72060 Basic stats: COMPLETE Column stats: COMPLETE
                      Reduce Output Operator
                        key expressions: _col1 (type: int), _col2 (type: int)
                        null sort order: zz
                        sort order: ++
                        Map-reduce partition columns: _col1 (type: int), _col2 (type: int)
                        Statistics: Num rows: 6005 Data size: 72060 Basic stats: COMPLETE Column stats: COMPLETE
                        value expressions: _col0 (type: int)
            Execution mode: vectorized, llap
            LLAP IO: all inputs
        Map 4 
            Map Operator Tree:
                TableScan
                  alias: ps
                  filterExpr: (ps_availqty < 15) (type: boolean)
                  Statistics: Num rows: 800 Data size: 9600 Basic stats: COMPLETE Column stats: COMPLETE
                  Filter Operator
                    predicate: (ps_availqty < 15) (type: boolean)
                    Statistics: Num rows: 1 Data size: 12 Basic stats: COMPLETE Column stats: COMPLETE
                    Select Operator
                      expressions: ps_partkey (type: int), ps_suppkey (type: int), ps_availqty (type: int)
                      outputColumnNames: _col0, _col1, _col2
                      Statistics: Num rows: 1 Data size: 12 Basic stats: COMPLETE Column stats: COMPLETE
                      Reduce Output Operator
                        key expressions: _col0 (type: int), _col1 (type: int)
                        null sort order: zz
                        sort order: ++
                        Map-reduce partition columns: _col0 (type: int), _col1 (type: int)
                        Statistics: Num rows: 1 Data size: 12 Basic stats: COMPLETE Column stats: COMPLETE
                        value expressions: _col2 (type: int)
                      Select Operator
                        expressions: _col0 (type: int), _col1 (type: int), hash(_col0,_col1) (type: int)
                        outputColumnNames: _col0, _col1, _col3
                        Statistics: Num rows: 1 Data size: 12 Basic stats: COMPLETE Column stats: COMPLETE
                        Group By Operator
                          aggregations: min(_col0), max(_col0), min(_col1), max(_col1), bloom_filter(_col3, expectedEntries=3)
                          minReductionHashAggr: 0.4
                          mode: hash
                          outputColumnNames: _col0, _col1, _col2, _col3, _col4
                          Statistics: Num rows: 1 Data size: 160 Basic stats: COMPLETE Column stats: COMPLETE
                          Reduce Output Operator
                            null sort order: 
                            sort order: 
                            Statistics: Num rows: 1 Data size: 160 Basic stats: COMPLETE Column stats: COMPLETE
                            value expressions: _col0 (type: int), _col1 (type: int), _col2 (type: int), _col3 (type: int), _col4 (type: binary)
            Execution mode: vectorized, llap
            LLAP IO: all inputs
        Reducer 2 
            Execution mode: llap
            Reduce Operator Tree:
              Merge Join Operator
                condition map:
                     Inner Join 0 to 1
                keys:
                  0 _col1 (type: int), _col2 (type: int)
                  1 _col0 (type: int), _col1 (type: int)
                outputColumnNames: _col0, _col1, _col2, _col5
                Statistics: Num rows: 30 Data size: 480 Basic stats: COMPLETE Column stats: COMPLETE
                Select Operator
                  expressions: _col0 (type: int), _col1 (type: int), _col2 (type: int), _col5 (type: int)
                  outputColumnNames: _col0, _col1, _col2, _col3
                  Statistics: Num rows: 30 Data size: 480 Basic stats: COMPLETE Column stats: COMPLETE
                  Reduce Output Operator
                    key expressions: _col0 (type: int), _col1 (type: int), _col2 (type: int), _col3 (type: int)
                    null sort order: zzzz
                    sort order: ++++
                    Statistics: Num rows: 30 Data size: 480 Basic stats: COMPLETE Column stats: COMPLETE
        Reducer 3 
            Execution mode: vectorized, llap
            Reduce Operator Tree:
              Select Operator
                expressions: KEY.reducesinkkey0 (type: int), KEY.reducesinkkey1 (type: int), KEY.reducesinkkey2 (type: int), KEY.reducesinkkey3 (type: int)
                outputColumnNames: _col0, _col1, _col2, _col3
                Statistics: Num rows: 30 Data size: 480 Basic stats: COMPLETE Column stats: COMPLETE
                File Output Operator
                  compressed: false
                  Statistics: Num rows: 30 Data size: 480 Basic stats: COMPLETE Column stats: COMPLETE
                  table:
                      input format: org.apache.hadoop.mapred.SequenceFileInputFormat
                      output format: org.apache.hadoop.hive.ql.io.HiveSequenceFileOutputFormat
                      serde: org.apache.hadoop.hive.serde2.lazy.LazySimpleSerDe
        Reducer 5 
            Execution mode: vectorized, llap
            Reduce Operator Tree:
              Group By Operator
                aggregations: min(VALUE._col0), max(VALUE._col1), min(VALUE._col2), max(VALUE._col3), bloom_filter(VALUE._col4, expectedEntries=3)
                mode: final
                outputColumnNames: _col0, _col1, _col2, _col3, _col4
                Statistics: Num rows: 1 Data size: 160 Basic stats: COMPLETE Column stats: COMPLETE
                Reduce Output Operator
                  null sort order: 
                  sort order: 
                  Statistics: Num rows: 1 Data size: 160 Basic stats: COMPLETE Column stats: COMPLETE
                  value expressions: _col0 (type: int), _col1 (type: int), _col2 (type: int), _col3 (type: int), _col4 (type: binary)

  Stage: Stage-0
    Fetch Operator
      limit: -1
      Processor Tree:
        ListSink

PREHOOK: query: select
    /*+ semi(ps, ps_partkey, li, 2), semi(ps, ps_suppkey, li, 3)*/
    li.l_orderkey,
    li.l_partkey,
    li.l_suppkey,
    ps.ps_availqty
from lineitem li
         inner join partsupp ps on li.l_partkey = ps.ps_partkey and li.l_suppkey = ps.ps_suppkey
where ps.ps_availqty < 15
order by li.l_orderkey, li.l_partkey, li.l_suppkey, ps.ps_availqty
PREHOOK: type: QUERY
PREHOOK: Input: tpch_0_001@lineitem
PREHOOK: Input: tpch_0_001@partsupp
#### A masked pattern was here ####
Stage-1 FILE SYSTEM COUNTERS:
Stage-1 HIVE COUNTERS:
   CREATED_FILES: 1
   DESERIALIZE_ERRORS: 0
   RECORDS_IN_Map_1: 6005
   RECORDS_IN_Map_4: 800
   RECORDS_OUT_0: 14
   RECORDS_OUT_INTERMEDIATE_Map_1: 14
   RECORDS_OUT_INTERMEDIATE_Map_4: 3
   RECORDS_OUT_INTERMEDIATE_Reducer_2: 14
   RECORDS_OUT_INTERMEDIATE_Reducer_3: 0
   RECORDS_OUT_INTERMEDIATE_Reducer_5: 1
   RECORDS_OUT_OPERATOR_FIL_33: 2
   RECORDS_OUT_OPERATOR_FIL_41: 14
   RECORDS_OUT_OPERATOR_FS_45: 14
   RECORDS_OUT_OPERATOR_GBY_37: 1
   RECORDS_OUT_OPERATOR_GBY_39: 1
   RECORDS_OUT_OPERATOR_MAP_0: 0
   RECORDS_OUT_OPERATOR_MERGEJOIN_32: 14
   RECORDS_OUT_OPERATOR_RS_10: 14
   RECORDS_OUT_OPERATOR_RS_35: 2
   RECORDS_OUT_OPERATOR_RS_38: 1
   RECORDS_OUT_OPERATOR_RS_40: 1
   RECORDS_OUT_OPERATOR_RS_43: 14
   RECORDS_OUT_OPERATOR_SEL_34: 2
   RECORDS_OUT_OPERATOR_SEL_36: 2
   RECORDS_OUT_OPERATOR_SEL_42: 14
   RECORDS_OUT_OPERATOR_SEL_44: 14
   RECORDS_OUT_OPERATOR_SEL_9: 14
   RECORDS_OUT_OPERATOR_TS_0: 6005
   RECORDS_OUT_OPERATOR_TS_3: 800
   TOTAL_TABLE_ROWS_WRITTEN: 0
Stage-1 LLAP IO COUNTERS:
   CACHE_HIT_BYTES: 138344
   NUM_DECODED_BATCHES: 2
   NUM_VECTOR_BATCHES: 7
   ROWS_EMITTED: 6805
Stage-1 INPUT COUNTERS:
   GROUPED_INPUT_SPLITS_Map_1: 1
   GROUPED_INPUT_SPLITS_Map_4: 1
   INPUT_DIRECTORIES_Map_1: 1
   INPUT_DIRECTORIES_Map_4: 1
   INPUT_FILES_Map_1: 1
   INPUT_FILES_Map_4: 1
   RAW_INPUT_SPLITS_Map_1: 1
   RAW_INPUT_SPLITS_Map_4: 1
134	145	6	11
192	142	9	13
583	145	6	11
998	142	9	13
2081	142	9	13
2306	142	9	13
2307	142	9	13
3554	145	6	11
3556	142	9	13
4711	145	6	11
4807	145	6	11
5158	142	9	13
5413	142	9	13
5670	142	9	13
