PREHOOK: query: select distinct ds from srcpart
PREHOOK: type: QUERY
PREHOOK: Input: default@srcpart
PREHOOK: Input: default@srcpart@ds=2008-04-08/hr=11
PREHOOK: Input: default@srcpart@ds=2008-04-08/hr=12
PREHOOK: Input: default@srcpart@ds=2008-04-09/hr=11
PREHOOK: Input: default@srcpart@ds=2008-04-09/hr=12
#### A masked pattern was here ####
POSTHOOK: query: select distinct ds from srcpart
POSTHOOK: type: QUERY
POSTHOOK: Input: default@srcpart
POSTHOOK: Input: default@srcpart@ds=2008-04-08/hr=11
POSTHOOK: Input: default@srcpart@ds=2008-04-08/hr=12
POSTHOOK: Input: default@srcpart@ds=2008-04-09/hr=11
POSTHOOK: Input: default@srcpart@ds=2008-04-09/hr=12
#### A masked pattern was here ####
2008-04-08
2008-04-09
PREHOOK: query: select distinct hr from srcpart
PREHOOK: type: QUERY
PREHOOK: Input: default@srcpart
PREHOOK: Input: default@srcpart@ds=2008-04-08/hr=11
PREHOOK: Input: default@srcpart@ds=2008-04-08/hr=12
PREHOOK: Input: default@srcpart@ds=2008-04-09/hr=11
PREHOOK: Input: default@srcpart@ds=2008-04-09/hr=12
#### A masked pattern was here ####
POSTHOOK: query: select distinct hr from srcpart
POSTHOOK: type: QUERY
POSTHOOK: Input: default@srcpart
POSTHOOK: Input: default@srcpart@ds=2008-04-08/hr=11
POSTHOOK: Input: default@srcpart@ds=2008-04-08/hr=12
POSTHOOK: Input: default@srcpart@ds=2008-04-09/hr=11
POSTHOOK: Input: default@srcpart@ds=2008-04-09/hr=12
#### A masked pattern was here ####
11
12
PREHOOK: query: EXPLAIN create table srcpart_date as select ds as ds, ds as `date`  from srcpart group by ds
PREHOOK: type: CREATETABLE_AS_SELECT
POSTHOOK: query: EXPLAIN create table srcpart_date as select ds as ds, ds as `date`  from srcpart group by ds
POSTHOOK: type: CREATETABLE_AS_SELECT
STAGE DEPENDENCIES:
  Stage-1 is a root stage
  Stage-2 depends on stages: Stage-1
  Stage-4 depends on stages: Stage-2, Stage-0
  Stage-3 depends on stages: Stage-4
  Stage-0 depends on stages: Stage-1

STAGE PLANS:
  Stage: Stage-1
    Tez
#### A masked pattern was here ####
      Edges:
        Reducer 2 <- Map 1 (SIMPLE_EDGE)
#### A masked pattern was here ####
      Vertices:
        Map 1 
            Map Operator Tree:
                TableScan
                  alias: srcpart
                  Statistics: Num rows: 2000 Data size: 389248 Basic stats: COMPLETE Column stats: COMPLETE
                  Select Operator
                    expressions: ds (type: string)
                    outputColumnNames: ds
                    Statistics: Num rows: 2000 Data size: 389248 Basic stats: COMPLETE Column stats: COMPLETE
                    Group By Operator
                      keys: ds (type: string)
                      mode: hash
                      outputColumnNames: _col0
                      Statistics: Num rows: 2 Data size: 368 Basic stats: COMPLETE Column stats: COMPLETE
                      Reduce Output Operator
                        key expressions: _col0 (type: string)
                        sort order: +
                        Map-reduce partition columns: _col0 (type: string)
                        Statistics: Num rows: 2 Data size: 368 Basic stats: COMPLETE Column stats: COMPLETE
            Execution mode: llap
            LLAP IO: no inputs
        Reducer 2 
            Execution mode: llap
            Reduce Operator Tree:
              Group By Operator
                keys: KEY._col0 (type: string)
                mode: mergepartial
                outputColumnNames: _col0
                Statistics: Num rows: 2 Data size: 368 Basic stats: COMPLETE Column stats: COMPLETE
                Select Operator
                  expressions: _col0 (type: string), _col0 (type: string)
                  outputColumnNames: _col0, _col1
                  Statistics: Num rows: 2 Data size: 736 Basic stats: COMPLETE Column stats: COMPLETE
                  File Output Operator
                    compressed: false
                    Statistics: Num rows: 2 Data size: 736 Basic stats: COMPLETE Column stats: COMPLETE
                    table:
                        input format: org.apache.hadoop.mapred.TextInputFormat
                        output format: org.apache.hadoop.hive.ql.io.HiveIgnoreKeyTextOutputFormat
                        serde: org.apache.hadoop.hive.serde2.lazy.LazySimpleSerDe
                        name: default.srcpart_date

  Stage: Stage-2
    Dependency Collection

  Stage: Stage-4
      Create Table Operator:
        Create Table
          columns: ds string, date string
          input format: org.apache.hadoop.mapred.TextInputFormat
          output format: org.apache.hadoop.hive.ql.io.IgnoreKeyTextOutputFormat
          serde name: org.apache.hadoop.hive.serde2.lazy.LazySimpleSerDe
          name: default.srcpart_date

  Stage: Stage-3
    Stats-Aggr Operator

  Stage: Stage-0
    Move Operator
      files:
          hdfs directory: true
#### A masked pattern was here ####

PREHOOK: query: create table srcpart_date as select ds as ds, ds as `date` from srcpart group by ds
PREHOOK: type: CREATETABLE_AS_SELECT
PREHOOK: Input: default@srcpart
PREHOOK: Input: default@srcpart@ds=2008-04-08/hr=11
PREHOOK: Input: default@srcpart@ds=2008-04-08/hr=12
PREHOOK: Input: default@srcpart@ds=2008-04-09/hr=11
PREHOOK: Input: default@srcpart@ds=2008-04-09/hr=12
PREHOOK: Output: database:default
PREHOOK: Output: default@srcpart_date
POSTHOOK: query: create table srcpart_date as select ds as ds, ds as `date` from srcpart group by ds
POSTHOOK: type: CREATETABLE_AS_SELECT
POSTHOOK: Input: default@srcpart
POSTHOOK: Input: default@srcpart@ds=2008-04-08/hr=11
POSTHOOK: Input: default@srcpart@ds=2008-04-08/hr=12
POSTHOOK: Input: default@srcpart@ds=2008-04-09/hr=11
POSTHOOK: Input: default@srcpart@ds=2008-04-09/hr=12
POSTHOOK: Output: database:default
POSTHOOK: Output: default@srcpart_date
POSTHOOK: Lineage: srcpart_date.date SIMPLE [(srcpart)srcpart.FieldSchema(name:ds, type:string, comment:null), ]
POSTHOOK: Lineage: srcpart_date.ds SIMPLE [(srcpart)srcpart.FieldSchema(name:ds, type:string, comment:null), ]
PREHOOK: query: create table srcpart_hour as select hr as hr, hr as hour from srcpart group by hr
PREHOOK: type: CREATETABLE_AS_SELECT
PREHOOK: Input: default@srcpart
PREHOOK: Input: default@srcpart@ds=2008-04-08/hr=11
PREHOOK: Input: default@srcpart@ds=2008-04-08/hr=12
PREHOOK: Input: default@srcpart@ds=2008-04-09/hr=11
PREHOOK: Input: default@srcpart@ds=2008-04-09/hr=12
PREHOOK: Output: database:default
PREHOOK: Output: default@srcpart_hour
POSTHOOK: query: create table srcpart_hour as select hr as hr, hr as hour from srcpart group by hr
POSTHOOK: type: CREATETABLE_AS_SELECT
POSTHOOK: Input: default@srcpart
POSTHOOK: Input: default@srcpart@ds=2008-04-08/hr=11
POSTHOOK: Input: default@srcpart@ds=2008-04-08/hr=12
POSTHOOK: Input: default@srcpart@ds=2008-04-09/hr=11
POSTHOOK: Input: default@srcpart@ds=2008-04-09/hr=12
POSTHOOK: Output: database:default
POSTHOOK: Output: default@srcpart_hour
POSTHOOK: Lineage: srcpart_hour.hour SIMPLE [(srcpart)srcpart.FieldSchema(name:hr, type:string, comment:null), ]
POSTHOOK: Lineage: srcpart_hour.hr SIMPLE [(srcpart)srcpart.FieldSchema(name:hr, type:string, comment:null), ]
PREHOOK: query: create table srcpart_date_hour as select ds as ds, ds as `date`, hr as hr, hr as hour from srcpart group by ds, hr
PREHOOK: type: CREATETABLE_AS_SELECT
PREHOOK: Input: default@srcpart
PREHOOK: Input: default@srcpart@ds=2008-04-08/hr=11
PREHOOK: Input: default@srcpart@ds=2008-04-08/hr=12
PREHOOK: Input: default@srcpart@ds=2008-04-09/hr=11
PREHOOK: Input: default@srcpart@ds=2008-04-09/hr=12
PREHOOK: Output: database:default
PREHOOK: Output: default@srcpart_date_hour
POSTHOOK: query: create table srcpart_date_hour as select ds as ds, ds as `date`, hr as hr, hr as hour from srcpart group by ds, hr
POSTHOOK: type: CREATETABLE_AS_SELECT
POSTHOOK: Input: default@srcpart
POSTHOOK: Input: default@srcpart@ds=2008-04-08/hr=11
POSTHOOK: Input: default@srcpart@ds=2008-04-08/hr=12
POSTHOOK: Input: default@srcpart@ds=2008-04-09/hr=11
POSTHOOK: Input: default@srcpart@ds=2008-04-09/hr=12
POSTHOOK: Output: database:default
POSTHOOK: Output: default@srcpart_date_hour
POSTHOOK: Lineage: srcpart_date_hour.date SIMPLE [(srcpart)srcpart.FieldSchema(name:ds, type:string, comment:null), ]
POSTHOOK: Lineage: srcpart_date_hour.ds SIMPLE [(srcpart)srcpart.FieldSchema(name:ds, type:string, comment:null), ]
POSTHOOK: Lineage: srcpart_date_hour.hour SIMPLE [(srcpart)srcpart.FieldSchema(name:hr, type:string, comment:null), ]
POSTHOOK: Lineage: srcpart_date_hour.hr SIMPLE [(srcpart)srcpart.FieldSchema(name:hr, type:string, comment:null), ]
PREHOOK: query: create table srcpart_double_hour as select (hr*2) as hr, hr as hour from srcpart group by hr
PREHOOK: type: CREATETABLE_AS_SELECT
PREHOOK: Input: default@srcpart
PREHOOK: Input: default@srcpart@ds=2008-04-08/hr=11
PREHOOK: Input: default@srcpart@ds=2008-04-08/hr=12
PREHOOK: Input: default@srcpart@ds=2008-04-09/hr=11
PREHOOK: Input: default@srcpart@ds=2008-04-09/hr=12
PREHOOK: Output: database:default
PREHOOK: Output: default@srcpart_double_hour
POSTHOOK: query: create table srcpart_double_hour as select (hr*2) as hr, hr as hour from srcpart group by hr
POSTHOOK: type: CREATETABLE_AS_SELECT
POSTHOOK: Input: default@srcpart
POSTHOOK: Input: default@srcpart@ds=2008-04-08/hr=11
POSTHOOK: Input: default@srcpart@ds=2008-04-08/hr=12
POSTHOOK: Input: default@srcpart@ds=2008-04-09/hr=11
POSTHOOK: Input: default@srcpart@ds=2008-04-09/hr=12
POSTHOOK: Output: database:default
POSTHOOK: Output: default@srcpart_double_hour
POSTHOOK: Lineage: srcpart_double_hour.hour SIMPLE [(srcpart)srcpart.FieldSchema(name:hr, type:string, comment:null), ]
POSTHOOK: Lineage: srcpart_double_hour.hr EXPRESSION [(srcpart)srcpart.FieldSchema(name:hr, type:string, comment:null), ]
PREHOOK: query: EXPLAIN select count(*) from srcpart join srcpart_date on (srcpart.ds = srcpart_date.ds) where srcpart_date.`date` = '2008-04-08'
PREHOOK: type: QUERY
POSTHOOK: query: EXPLAIN select count(*) from srcpart join srcpart_date on (srcpart.ds = srcpart_date.ds) where srcpart_date.`date` = '2008-04-08'
POSTHOOK: type: QUERY
STAGE DEPENDENCIES:
  Stage-1 is a root stage
  Stage-0 depends on stages: Stage-1

STAGE PLANS:
  Stage: Stage-1
    Tez
#### A masked pattern was here ####
      Edges:
        Reducer 2 <- Map 1 (SIMPLE_EDGE), Map 4 (SIMPLE_EDGE)
        Reducer 3 <- Reducer 2 (CUSTOM_SIMPLE_EDGE)
#### A masked pattern was here ####
      Vertices:
        Map 1 
            Map Operator Tree:
                TableScan
                  alias: srcpart
                  filterExpr: ds is not null (type: boolean)
                  Statistics: Num rows: 2000 Data size: 389248 Basic stats: COMPLETE Column stats: COMPLETE
                  Select Operator
                    expressions: ds (type: string)
                    outputColumnNames: _col0
                    Statistics: Num rows: 2000 Data size: 368000 Basic stats: COMPLETE Column stats: COMPLETE
                    Reduce Output Operator
                      key expressions: _col0 (type: string)
                      sort order: +
                      Map-reduce partition columns: _col0 (type: string)
                      Statistics: Num rows: 2000 Data size: 368000 Basic stats: COMPLETE Column stats: COMPLETE
            Execution mode: llap
            LLAP IO: no inputs
        Map 4 
            Map Operator Tree:
                TableScan
                  alias: srcpart_date
                  filterExpr: ((date = '2008-04-08') and ds is not null) (type: boolean)
                  Statistics: Num rows: 2 Data size: 42 Basic stats: COMPLETE Column stats: NONE
                  Filter Operator
                    predicate: ((date = '2008-04-08') and ds is not null) (type: boolean)
                    Statistics: Num rows: 1 Data size: 21 Basic stats: COMPLETE Column stats: NONE
                    Select Operator
                      expressions: ds (type: string)
                      outputColumnNames: _col0
                      Statistics: Num rows: 1 Data size: 21 Basic stats: COMPLETE Column stats: NONE
                      Reduce Output Operator
                        key expressions: _col0 (type: string)
                        sort order: +
                        Map-reduce partition columns: _col0 (type: string)
                        Statistics: Num rows: 1 Data size: 21 Basic stats: COMPLETE Column stats: NONE
                      Select Operator
                        expressions: _col0 (type: string)
                        outputColumnNames: _col0
                        Statistics: Num rows: 1 Data size: 21 Basic stats: COMPLETE Column stats: NONE
                        Group By Operator
                          keys: _col0 (type: string)
                          mode: hash
                          outputColumnNames: _col0
                          Statistics: Num rows: 1 Data size: 21 Basic stats: COMPLETE Column stats: NONE
                          Dynamic Partitioning Event Operator
                            Target column: ds (string)
                            Target Input: srcpart
                            Partition key expr: ds
                            Statistics: Num rows: 1 Data size: 21 Basic stats: COMPLETE Column stats: NONE
                            Target Vertex: Map 1
            Execution mode: llap
            LLAP IO: no inputs
        Reducer 2 
            Execution mode: llap
            Reduce Operator Tree:
              Merge Join Operator
                condition map:
                     Inner Join 0 to 1
                keys:
                  0 _col0 (type: string)
                  1 _col0 (type: string)
                Statistics: Num rows: 2200 Data size: 404800 Basic stats: COMPLETE Column stats: NONE
                Group By Operator
                  aggregations: count()
                  mode: hash
                  outputColumnNames: _col0
                  Statistics: Num rows: 1 Data size: 8 Basic stats: COMPLETE Column stats: NONE
                  Reduce Output Operator
                    sort order: 
                    Statistics: Num rows: 1 Data size: 8 Basic stats: COMPLETE Column stats: NONE
                    value expressions: _col0 (type: bigint)
        Reducer 3 
            Execution mode: llap
            Reduce Operator Tree:
              Group By Operator
                aggregations: count(VALUE._col0)
                mode: mergepartial
                outputColumnNames: _col0
                Statistics: Num rows: 1 Data size: 8 Basic stats: COMPLETE Column stats: NONE
                File Output Operator
                  compressed: false
                  Statistics: Num rows: 1 Data size: 8 Basic stats: COMPLETE Column stats: NONE
                  table:
                      input format: org.apache.hadoop.mapred.SequenceFileInputFormat
                      output format: org.apache.hadoop.hive.ql.io.HiveSequenceFileOutputFormat
                      serde: org.apache.hadoop.hive.serde2.lazy.LazySimpleSerDe

  Stage: Stage-0
    Fetch Operator
      limit: -1
      Processor Tree:
        ListSink

PREHOOK: query: select count(*) from srcpart join srcpart_date on (srcpart.ds = srcpart_date.ds) where srcpart_date.`date` = '2008-04-08'
PREHOOK: type: QUERY
PREHOOK: Input: default@srcpart
PREHOOK: Input: default@srcpart@ds=2008-04-08/hr=11
PREHOOK: Input: default@srcpart@ds=2008-04-08/hr=12
PREHOOK: Input: default@srcpart@ds=2008-04-09/hr=11
PREHOOK: Input: default@srcpart@ds=2008-04-09/hr=12
PREHOOK: Input: default@srcpart_date
#### A masked pattern was here ####
POSTHOOK: query: select count(*) from srcpart join srcpart_date on (srcpart.ds = srcpart_date.ds) where srcpart_date.`date` = '2008-04-08'
POSTHOOK: type: QUERY
POSTHOOK: Input: default@srcpart
POSTHOOK: Input: default@srcpart@ds=2008-04-08/hr=11
POSTHOOK: Input: default@srcpart@ds=2008-04-08/hr=12
POSTHOOK: Input: default@srcpart@ds=2008-04-09/hr=11
POSTHOOK: Input: default@srcpart@ds=2008-04-09/hr=12
POSTHOOK: Input: default@srcpart_date
#### A masked pattern was here ####
1000
PREHOOK: query: EXPLAIN select count(*) from srcpart join srcpart_date on (srcpart.ds = srcpart_date.ds) where srcpart_date.`date` = '2008-04-08'
PREHOOK: type: QUERY
POSTHOOK: query: EXPLAIN select count(*) from srcpart join srcpart_date on (srcpart.ds = srcpart_date.ds) where srcpart_date.`date` = '2008-04-08'
POSTHOOK: type: QUERY
STAGE DEPENDENCIES:
  Stage-1 is a root stage
  Stage-0 depends on stages: Stage-1

STAGE PLANS:
  Stage: Stage-1
    Tez
#### A masked pattern was here ####
      Edges:
        Reducer 2 <- Map 1 (SIMPLE_EDGE), Map 4 (SIMPLE_EDGE)
        Reducer 3 <- Reducer 2 (CUSTOM_SIMPLE_EDGE)
#### A masked pattern was here ####
      Vertices:
        Map 1 
            Map Operator Tree:
                TableScan
                  alias: srcpart
                  filterExpr: ds is not null (type: boolean)
                  Statistics: Num rows: 2000 Data size: 389248 Basic stats: COMPLETE Column stats: COMPLETE
                  Select Operator
                    expressions: ds (type: string)
                    outputColumnNames: _col0
                    Statistics: Num rows: 2000 Data size: 368000 Basic stats: COMPLETE Column stats: COMPLETE
                    Reduce Output Operator
                      key expressions: _col0 (type: string)
                      sort order: +
                      Map-reduce partition columns: _col0 (type: string)
                      Statistics: Num rows: 2000 Data size: 368000 Basic stats: COMPLETE Column stats: COMPLETE
            Execution mode: llap
            LLAP IO: no inputs
        Map 4 
            Map Operator Tree:
                TableScan
                  alias: srcpart_date
                  filterExpr: ((date = '2008-04-08') and ds is not null) (type: boolean)
                  Statistics: Num rows: 2 Data size: 42 Basic stats: COMPLETE Column stats: NONE
                  Filter Operator
                    predicate: ((date = '2008-04-08') and ds is not null) (type: boolean)
                    Statistics: Num rows: 1 Data size: 21 Basic stats: COMPLETE Column stats: NONE
                    Select Operator
                      expressions: ds (type: string)
                      outputColumnNames: _col0
                      Statistics: Num rows: 1 Data size: 21 Basic stats: COMPLETE Column stats: NONE
                      Reduce Output Operator
                        key expressions: _col0 (type: string)
                        sort order: +
                        Map-reduce partition columns: _col0 (type: string)
                        Statistics: Num rows: 1 Data size: 21 Basic stats: COMPLETE Column stats: NONE
            Execution mode: llap
            LLAP IO: no inputs
        Reducer 2 
            Execution mode: llap
            Reduce Operator Tree:
              Merge Join Operator
                condition map:
                     Inner Join 0 to 1
                keys:
                  0 _col0 (type: string)
                  1 _col0 (type: string)
                Statistics: Num rows: 2200 Data size: 404800 Basic stats: COMPLETE Column stats: NONE
                Group By Operator
                  aggregations: count()
                  mode: hash
                  outputColumnNames: _col0
                  Statistics: Num rows: 1 Data size: 8 Basic stats: COMPLETE Column stats: NONE
                  Reduce Output Operator
                    sort order: 
                    Statistics: Num rows: 1 Data size: 8 Basic stats: COMPLETE Column stats: NONE
                    value expressions: _col0 (type: bigint)
        Reducer 3 
            Execution mode: llap
            Reduce Operator Tree:
              Group By Operator
                aggregations: count(VALUE._col0)
                mode: mergepartial
                outputColumnNames: _col0
                Statistics: Num rows: 1 Data size: 8 Basic stats: COMPLETE Column stats: NONE
                File Output Operator
                  compressed: false
                  Statistics: Num rows: 1 Data size: 8 Basic stats: COMPLETE Column stats: NONE
                  table:
                      input format: org.apache.hadoop.mapred.SequenceFileInputFormat
                      output format: org.apache.hadoop.hive.ql.io.HiveSequenceFileOutputFormat
                      serde: org.apache.hadoop.hive.serde2.lazy.LazySimpleSerDe

  Stage: Stage-0
    Fetch Operator
      limit: -1
      Processor Tree:
        ListSink

PREHOOK: query: select count(*) from srcpart join srcpart_date on (srcpart.ds = srcpart_date.ds) where srcpart_date.`date` = '2008-04-08'
PREHOOK: type: QUERY
PREHOOK: Input: default@srcpart
PREHOOK: Input: default@srcpart@ds=2008-04-08/hr=11
PREHOOK: Input: default@srcpart@ds=2008-04-08/hr=12
PREHOOK: Input: default@srcpart@ds=2008-04-09/hr=11
PREHOOK: Input: default@srcpart@ds=2008-04-09/hr=12
PREHOOK: Input: default@srcpart_date
#### A masked pattern was here ####
POSTHOOK: query: select count(*) from srcpart join srcpart_date on (srcpart.ds = srcpart_date.ds) where srcpart_date.`date` = '2008-04-08'
POSTHOOK: type: QUERY
POSTHOOK: Input: default@srcpart
POSTHOOK: Input: default@srcpart@ds=2008-04-08/hr=11
POSTHOOK: Input: default@srcpart@ds=2008-04-08/hr=12
POSTHOOK: Input: default@srcpart@ds=2008-04-09/hr=11
POSTHOOK: Input: default@srcpart@ds=2008-04-09/hr=12
POSTHOOK: Input: default@srcpart_date
#### A masked pattern was here ####
1000
PREHOOK: query: select count(*) from srcpart where ds = '2008-04-08'
PREHOOK: type: QUERY
PREHOOK: Input: default@srcpart
PREHOOK: Input: default@srcpart@ds=2008-04-08/hr=11
PREHOOK: Input: default@srcpart@ds=2008-04-08/hr=12
#### A masked pattern was here ####
POSTHOOK: query: select count(*) from srcpart where ds = '2008-04-08'
POSTHOOK: type: QUERY
POSTHOOK: Input: default@srcpart
POSTHOOK: Input: default@srcpart@ds=2008-04-08/hr=11
POSTHOOK: Input: default@srcpart@ds=2008-04-08/hr=12
#### A masked pattern was here ####
1000
PREHOOK: query: EXPLAIN select count(*) from srcpart join srcpart_date on (day(srcpart.ds) = day(srcpart_date.ds)) where srcpart_date.`date` = '2008-04-08'
PREHOOK: type: QUERY
POSTHOOK: query: EXPLAIN select count(*) from srcpart join srcpart_date on (day(srcpart.ds) = day(srcpart_date.ds)) where srcpart_date.`date` = '2008-04-08'
POSTHOOK: type: QUERY
STAGE DEPENDENCIES:
  Stage-1 is a root stage
  Stage-0 depends on stages: Stage-1

STAGE PLANS:
  Stage: Stage-1
    Tez
#### A masked pattern was here ####
      Edges:
        Reducer 2 <- Map 1 (SIMPLE_EDGE), Map 4 (SIMPLE_EDGE)
        Reducer 3 <- Reducer 2 (CUSTOM_SIMPLE_EDGE)
#### A masked pattern was here ####
      Vertices:
        Map 1 
            Map Operator Tree:
                TableScan
                  alias: srcpart
                  filterExpr: ds is not null (type: boolean)
                  Statistics: Num rows: 2000 Data size: 389248 Basic stats: COMPLETE Column stats: COMPLETE
                  Select Operator
                    expressions: ds (type: string)
                    outputColumnNames: _col0
                    Statistics: Num rows: 2000 Data size: 368000 Basic stats: COMPLETE Column stats: COMPLETE
                    Reduce Output Operator
                      key expressions: day(_col0) (type: int)
                      sort order: +
                      Map-reduce partition columns: day(_col0) (type: int)
                      Statistics: Num rows: 2000 Data size: 368000 Basic stats: COMPLETE Column stats: COMPLETE
            Execution mode: llap
            LLAP IO: no inputs
        Map 4 
            Map Operator Tree:
                TableScan
                  alias: srcpart_date
                  filterExpr: ((date = '2008-04-08') and ds is not null) (type: boolean)
                  Statistics: Num rows: 2 Data size: 42 Basic stats: COMPLETE Column stats: NONE
                  Filter Operator
                    predicate: ((date = '2008-04-08') and ds is not null) (type: boolean)
                    Statistics: Num rows: 1 Data size: 21 Basic stats: COMPLETE Column stats: NONE
                    Select Operator
                      expressions: ds (type: string)
                      outputColumnNames: _col0
                      Statistics: Num rows: 1 Data size: 21 Basic stats: COMPLETE Column stats: NONE
                      Reduce Output Operator
                        key expressions: day(_col0) (type: int)
                        sort order: +
                        Map-reduce partition columns: day(_col0) (type: int)
                        Statistics: Num rows: 1 Data size: 21 Basic stats: COMPLETE Column stats: NONE
                      Select Operator
                        expressions: day(_col0) (type: int)
                        outputColumnNames: _col0
                        Statistics: Num rows: 1 Data size: 21 Basic stats: COMPLETE Column stats: NONE
                        Group By Operator
                          keys: _col0 (type: int)
                          mode: hash
                          outputColumnNames: _col0
                          Statistics: Num rows: 1 Data size: 21 Basic stats: COMPLETE Column stats: NONE
                          Dynamic Partitioning Event Operator
                            Target column: ds (string)
                            Target Input: srcpart
                            Partition key expr: day(ds)
                            Statistics: Num rows: 1 Data size: 21 Basic stats: COMPLETE Column stats: NONE
                            Target Vertex: Map 1
            Execution mode: llap
            LLAP IO: no inputs
        Reducer 2 
            Execution mode: llap
            Reduce Operator Tree:
              Merge Join Operator
                condition map:
                     Inner Join 0 to 1
                keys:
                  0 day(_col0) (type: int)
                  1 day(_col0) (type: int)
                Statistics: Num rows: 2200 Data size: 404800 Basic stats: COMPLETE Column stats: NONE
                Group By Operator
                  aggregations: count()
                  mode: hash
                  outputColumnNames: _col0
                  Statistics: Num rows: 1 Data size: 8 Basic stats: COMPLETE Column stats: NONE
                  Reduce Output Operator
                    sort order: 
                    Statistics: Num rows: 1 Data size: 8 Basic stats: COMPLETE Column stats: NONE
                    value expressions: _col0 (type: bigint)
        Reducer 3 
            Execution mode: llap
            Reduce Operator Tree:
              Group By Operator
                aggregations: count(VALUE._col0)
                mode: mergepartial
                outputColumnNames: _col0
                Statistics: Num rows: 1 Data size: 8 Basic stats: COMPLETE Column stats: NONE
                File Output Operator
                  compressed: false
                  Statistics: Num rows: 1 Data size: 8 Basic stats: COMPLETE Column stats: NONE
                  table:
                      input format: org.apache.hadoop.mapred.SequenceFileInputFormat
                      output format: org.apache.hadoop.hive.ql.io.HiveSequenceFileOutputFormat
                      serde: org.apache.hadoop.hive.serde2.lazy.LazySimpleSerDe

  Stage: Stage-0
    Fetch Operator
      limit: -1
      Processor Tree:
        ListSink

PREHOOK: query: select count(*) from srcpart join srcpart_date on (day(srcpart.ds) = day(srcpart_date.ds)) where srcpart_date.`date` = '2008-04-08'
PREHOOK: type: QUERY
PREHOOK: Input: default@srcpart
PREHOOK: Input: default@srcpart@ds=2008-04-08/hr=11
PREHOOK: Input: default@srcpart@ds=2008-04-08/hr=12
PREHOOK: Input: default@srcpart@ds=2008-04-09/hr=11
PREHOOK: Input: default@srcpart@ds=2008-04-09/hr=12
PREHOOK: Input: default@srcpart_date
#### A masked pattern was here ####
POSTHOOK: query: select count(*) from srcpart join srcpart_date on (day(srcpart.ds) = day(srcpart_date.ds)) where srcpart_date.`date` = '2008-04-08'
POSTHOOK: type: QUERY
POSTHOOK: Input: default@srcpart
POSTHOOK: Input: default@srcpart@ds=2008-04-08/hr=11
POSTHOOK: Input: default@srcpart@ds=2008-04-08/hr=12
POSTHOOK: Input: default@srcpart@ds=2008-04-09/hr=11
POSTHOOK: Input: default@srcpart@ds=2008-04-09/hr=12
POSTHOOK: Input: default@srcpart_date
#### A masked pattern was here ####
1000
PREHOOK: query: EXPLAIN select count(*) from srcpart join srcpart_date on (day(srcpart.ds) = day(srcpart_date.ds)) where srcpart_date.`date` = '2008-04-08'
PREHOOK: type: QUERY
POSTHOOK: query: EXPLAIN select count(*) from srcpart join srcpart_date on (day(srcpart.ds) = day(srcpart_date.ds)) where srcpart_date.`date` = '2008-04-08'
POSTHOOK: type: QUERY
STAGE DEPENDENCIES:
  Stage-1 is a root stage
  Stage-0 depends on stages: Stage-1

STAGE PLANS:
  Stage: Stage-1
    Tez
#### A masked pattern was here ####
      Edges:
        Reducer 2 <- Map 1 (SIMPLE_EDGE), Map 4 (SIMPLE_EDGE)
        Reducer 3 <- Reducer 2 (CUSTOM_SIMPLE_EDGE)
#### A masked pattern was here ####
      Vertices:
        Map 1 
            Map Operator Tree:
                TableScan
                  alias: srcpart
                  filterExpr: ds is not null (type: boolean)
                  Statistics: Num rows: 2000 Data size: 389248 Basic stats: COMPLETE Column stats: COMPLETE
                  Select Operator
                    expressions: ds (type: string)
                    outputColumnNames: _col0
                    Statistics: Num rows: 2000 Data size: 368000 Basic stats: COMPLETE Column stats: COMPLETE
                    Reduce Output Operator
                      key expressions: day(_col0) (type: int)
                      sort order: +
                      Map-reduce partition columns: day(_col0) (type: int)
                      Statistics: Num rows: 2000 Data size: 368000 Basic stats: COMPLETE Column stats: COMPLETE
            Execution mode: llap
            LLAP IO: no inputs
        Map 4 
            Map Operator Tree:
                TableScan
                  alias: srcpart_date
                  filterExpr: ((date = '2008-04-08') and ds is not null) (type: boolean)
                  Statistics: Num rows: 2 Data size: 42 Basic stats: COMPLETE Column stats: NONE
                  Filter Operator
                    predicate: ((date = '2008-04-08') and ds is not null) (type: boolean)
                    Statistics: Num rows: 1 Data size: 21 Basic stats: COMPLETE Column stats: NONE
                    Select Operator
                      expressions: ds (type: string)
                      outputColumnNames: _col0
                      Statistics: Num rows: 1 Data size: 21 Basic stats: COMPLETE Column stats: NONE
                      Reduce Output Operator
                        key expressions: day(_col0) (type: int)
                        sort order: +
                        Map-reduce partition columns: day(_col0) (type: int)
                        Statistics: Num rows: 1 Data size: 21 Basic stats: COMPLETE Column stats: NONE
            Execution mode: llap
            LLAP IO: no inputs
        Reducer 2 
            Execution mode: llap
            Reduce Operator Tree:
              Merge Join Operator
                condition map:
                     Inner Join 0 to 1
                keys:
                  0 day(_col0) (type: int)
                  1 day(_col0) (type: int)
                Statistics: Num rows: 2200 Data size: 404800 Basic stats: COMPLETE Column stats: NONE
                Group By Operator
                  aggregations: count()
                  mode: hash
                  outputColumnNames: _col0
                  Statistics: Num rows: 1 Data size: 8 Basic stats: COMPLETE Column stats: NONE
                  Reduce Output Operator
                    sort order: 
                    Statistics: Num rows: 1 Data size: 8 Basic stats: COMPLETE Column stats: NONE
                    value expressions: _col0 (type: bigint)
        Reducer 3 
            Execution mode: llap
            Reduce Operator Tree:
              Group By Operator
                aggregations: count(VALUE._col0)
                mode: mergepartial
                outputColumnNames: _col0
                Statistics: Num rows: 1 Data size: 8 Basic stats: COMPLETE Column stats: NONE
                File Output Operator
                  compressed: false
                  Statistics: Num rows: 1 Data size: 8 Basic stats: COMPLETE Column stats: NONE
                  table:
                      input format: org.apache.hadoop.mapred.SequenceFileInputFormat
                      output format: org.apache.hadoop.hive.ql.io.HiveSequenceFileOutputFormat
                      serde: org.apache.hadoop.hive.serde2.lazy.LazySimpleSerDe

  Stage: Stage-0
    Fetch Operator
      limit: -1
      Processor Tree:
        ListSink

PREHOOK: query: select count(*) from srcpart join srcpart_date on (day(srcpart.ds) = day(srcpart_date.ds)) where srcpart_date.`date` = '2008-04-08'
PREHOOK: type: QUERY
PREHOOK: Input: default@srcpart
PREHOOK: Input: default@srcpart@ds=2008-04-08/hr=11
PREHOOK: Input: default@srcpart@ds=2008-04-08/hr=12
PREHOOK: Input: default@srcpart@ds=2008-04-09/hr=11
PREHOOK: Input: default@srcpart@ds=2008-04-09/hr=12
PREHOOK: Input: default@srcpart_date
#### A masked pattern was here ####
POSTHOOK: query: select count(*) from srcpart join srcpart_date on (day(srcpart.ds) = day(srcpart_date.ds)) where srcpart_date.`date` = '2008-04-08'
POSTHOOK: type: QUERY
POSTHOOK: Input: default@srcpart
POSTHOOK: Input: default@srcpart@ds=2008-04-08/hr=11
POSTHOOK: Input: default@srcpart@ds=2008-04-08/hr=12
POSTHOOK: Input: default@srcpart@ds=2008-04-09/hr=11
POSTHOOK: Input: default@srcpart@ds=2008-04-09/hr=12
POSTHOOK: Input: default@srcpart_date
#### A masked pattern was here ####
1000
PREHOOK: query: EXPLAIN select count(*) from srcpart join srcpart_date on (srcpart.ds = srcpart_date.ds) join srcpart_hour on (srcpart.hr = srcpart_hour.hr) 
where srcpart_date.`date` = '2008-04-08' and srcpart_hour.hour = 11
PREHOOK: type: QUERY
POSTHOOK: query: EXPLAIN select count(*) from srcpart join srcpart_date on (srcpart.ds = srcpart_date.ds) join srcpart_hour on (srcpart.hr = srcpart_hour.hr) 
where srcpart_date.`date` = '2008-04-08' and srcpart_hour.hour = 11
POSTHOOK: type: QUERY
STAGE DEPENDENCIES:
  Stage-1 is a root stage
  Stage-0 depends on stages: Stage-1

STAGE PLANS:
  Stage: Stage-1
    Tez
#### A masked pattern was here ####
      Edges:
        Reducer 2 <- Map 1 (SIMPLE_EDGE), Map 5 (SIMPLE_EDGE)
        Reducer 3 <- Map 6 (SIMPLE_EDGE), Reducer 2 (SIMPLE_EDGE)
        Reducer 4 <- Reducer 3 (CUSTOM_SIMPLE_EDGE)
#### A masked pattern was here ####
      Vertices:
        Map 1 
            Map Operator Tree:
                TableScan
                  alias: srcpart
                  Statistics: Num rows: 2000 Data size: 757248 Basic stats: COMPLETE Column stats: COMPLETE
                  Select Operator
                    expressions: ds (type: string), hr (type: string)
                    outputColumnNames: _col0, _col1
                    Statistics: Num rows: 2000 Data size: 736000 Basic stats: COMPLETE Column stats: COMPLETE
                    Reduce Output Operator
                      key expressions: _col0 (type: string)
                      sort order: +
                      Map-reduce partition columns: _col0 (type: string)
                      Statistics: Num rows: 2000 Data size: 736000 Basic stats: COMPLETE Column stats: COMPLETE
                      value expressions: _col1 (type: string)
            Execution mode: llap
            LLAP IO: no inputs
        Map 5 
            Map Operator Tree:
                TableScan
                  alias: srcpart_date
                  filterExpr: ((date = '2008-04-08') and ds is not null) (type: boolean)
                  Statistics: Num rows: 2 Data size: 42 Basic stats: COMPLETE Column stats: NONE
                  Filter Operator
                    predicate: ((date = '2008-04-08') and ds is not null) (type: boolean)
                    Statistics: Num rows: 1 Data size: 21 Basic stats: COMPLETE Column stats: NONE
                    Select Operator
                      expressions: ds (type: string)
                      outputColumnNames: _col0
                      Statistics: Num rows: 1 Data size: 21 Basic stats: COMPLETE Column stats: NONE
                      Reduce Output Operator
                        key expressions: _col0 (type: string)
                        sort order: +
                        Map-reduce partition columns: _col0 (type: string)
                        Statistics: Num rows: 1 Data size: 21 Basic stats: COMPLETE Column stats: NONE
                      Select Operator
                        expressions: _col0 (type: string)
                        outputColumnNames: _col0
                        Statistics: Num rows: 1 Data size: 21 Basic stats: COMPLETE Column stats: NONE
                        Group By Operator
                          keys: _col0 (type: string)
                          mode: hash
                          outputColumnNames: _col0
                          Statistics: Num rows: 1 Data size: 21 Basic stats: COMPLETE Column stats: NONE
                          Dynamic Partitioning Event Operator
                            Target column: ds (string)
                            Target Input: srcpart
                            Partition key expr: ds
                            Statistics: Num rows: 1 Data size: 21 Basic stats: COMPLETE Column stats: NONE
                            Target Vertex: Map 1
            Execution mode: llap
            LLAP IO: no inputs
        Map 6 
            Map Operator Tree:
                TableScan
                  alias: srcpart_hour
                  filterExpr: ((UDFToDouble(hour) = 11.0) and hr is not null) (type: boolean)
                  Statistics: Num rows: 2 Data size: 10 Basic stats: COMPLETE Column stats: NONE
                  Filter Operator
                    predicate: ((UDFToDouble(hour) = 11.0) and hr is not null) (type: boolean)
                    Statistics: Num rows: 1 Data size: 5 Basic stats: COMPLETE Column stats: NONE
                    Select Operator
                      expressions: hr (type: string)
                      outputColumnNames: _col0
                      Statistics: Num rows: 1 Data size: 5 Basic stats: COMPLETE Column stats: NONE
                      Reduce Output Operator
                        key expressions: _col0 (type: string)
                        sort order: +
                        Map-reduce partition columns: _col0 (type: string)
                        Statistics: Num rows: 1 Data size: 5 Basic stats: COMPLETE Column stats: NONE
                      Select Operator
                        expressions: _col0 (type: string)
                        outputColumnNames: _col0
                        Statistics: Num rows: 1 Data size: 5 Basic stats: COMPLETE Column stats: NONE
                        Group By Operator
                          keys: _col0 (type: string)
                          mode: hash
                          outputColumnNames: _col0
                          Statistics: Num rows: 1 Data size: 5 Basic stats: COMPLETE Column stats: NONE
                          Dynamic Partitioning Event Operator
                            Target column: hr (string)
                            Target Input: srcpart
                            Partition key expr: hr
                            Statistics: Num rows: 1 Data size: 5 Basic stats: COMPLETE Column stats: NONE
                            Target Vertex: Map 1
            Execution mode: llap
            LLAP IO: no inputs
        Reducer 2 
            Execution mode: llap
            Reduce Operator Tree:
              Merge Join Operator
                condition map:
                     Inner Join 0 to 1
                keys:
                  0 _col0 (type: string)
                  1 _col0 (type: string)
                outputColumnNames: _col1
                Statistics: Num rows: 2200 Data size: 809600 Basic stats: COMPLETE Column stats: NONE
                Reduce Output Operator
                  key expressions: _col1 (type: string)
                  sort order: +
                  Map-reduce partition columns: _col1 (type: string)
                  Statistics: Num rows: 2200 Data size: 809600 Basic stats: COMPLETE Column stats: NONE
        Reducer 3 
            Execution mode: llap
            Reduce Operator Tree:
              Merge Join Operator
                condition map:
                     Inner Join 0 to 1
                keys:
                  0 _col1 (type: string)
                  1 _col0 (type: string)
                Statistics: Num rows: 2420 Data size: 890560 Basic stats: COMPLETE Column stats: NONE
                Group By Operator
                  aggregations: count()
                  mode: hash
                  outputColumnNames: _col0
                  Statistics: Num rows: 1 Data size: 8 Basic stats: COMPLETE Column stats: NONE
                  Reduce Output Operator
                    sort order: 
                    Statistics: Num rows: 1 Data size: 8 Basic stats: COMPLETE Column stats: NONE
                    value expressions: _col0 (type: bigint)
        Reducer 4 
            Execution mode: llap
            Reduce Operator Tree:
              Group By Operator
                aggregations: count(VALUE._col0)
                mode: mergepartial
                outputColumnNames: _col0
                Statistics: Num rows: 1 Data size: 8 Basic stats: COMPLETE Column stats: NONE
                File Output Operator
                  compressed: false
                  Statistics: Num rows: 1 Data size: 8 Basic stats: COMPLETE Column stats: NONE
                  table:
                      input format: org.apache.hadoop.mapred.SequenceFileInputFormat
                      output format: org.apache.hadoop.hive.ql.io.HiveSequenceFileOutputFormat
                      serde: org.apache.hadoop.hive.serde2.lazy.LazySimpleSerDe

  Stage: Stage-0
    Fetch Operator
      limit: -1
      Processor Tree:
        ListSink

PREHOOK: query: select count(*) from srcpart join srcpart_date on (srcpart.ds = srcpart_date.ds) join srcpart_hour on (srcpart.hr = srcpart_hour.hr) 
where srcpart_date.`date` = '2008-04-08' and srcpart_hour.hour = 11
PREHOOK: type: QUERY
PREHOOK: Input: default@srcpart
PREHOOK: Input: default@srcpart@ds=2008-04-08/hr=11
PREHOOK: Input: default@srcpart@ds=2008-04-08/hr=12
PREHOOK: Input: default@srcpart@ds=2008-04-09/hr=11
PREHOOK: Input: default@srcpart@ds=2008-04-09/hr=12
PREHOOK: Input: default@srcpart_date
PREHOOK: Input: default@srcpart_hour
#### A masked pattern was here ####
POSTHOOK: query: select count(*) from srcpart join srcpart_date on (srcpart.ds = srcpart_date.ds) join srcpart_hour on (srcpart.hr = srcpart_hour.hr) 
where srcpart_date.`date` = '2008-04-08' and srcpart_hour.hour = 11
POSTHOOK: type: QUERY
POSTHOOK: Input: default@srcpart
POSTHOOK: Input: default@srcpart@ds=2008-04-08/hr=11
POSTHOOK: Input: default@srcpart@ds=2008-04-08/hr=12
POSTHOOK: Input: default@srcpart@ds=2008-04-09/hr=11
POSTHOOK: Input: default@srcpart@ds=2008-04-09/hr=12
POSTHOOK: Input: default@srcpart_date
POSTHOOK: Input: default@srcpart_hour
#### A masked pattern was here ####
500
PREHOOK: query: EXPLAIN select count(*) from srcpart join srcpart_date on (srcpart.ds = srcpart_date.ds) join srcpart_hour on (srcpart.hr = srcpart_hour.hr) 
where srcpart_date.`date` = '2008-04-08' and srcpart_hour.hour = 11
PREHOOK: type: QUERY
POSTHOOK: query: EXPLAIN select count(*) from srcpart join srcpart_date on (srcpart.ds = srcpart_date.ds) join srcpart_hour on (srcpart.hr = srcpart_hour.hr) 
where srcpart_date.`date` = '2008-04-08' and srcpart_hour.hour = 11
POSTHOOK: type: QUERY
STAGE DEPENDENCIES:
  Stage-1 is a root stage
  Stage-0 depends on stages: Stage-1

STAGE PLANS:
  Stage: Stage-1
    Tez
#### A masked pattern was here ####
      Edges:
        Reducer 2 <- Map 1 (SIMPLE_EDGE), Map 5 (SIMPLE_EDGE)
        Reducer 3 <- Map 6 (SIMPLE_EDGE), Reducer 2 (SIMPLE_EDGE)
        Reducer 4 <- Reducer 3 (CUSTOM_SIMPLE_EDGE)
#### A masked pattern was here ####
      Vertices:
        Map 1 
            Map Operator Tree:
                TableScan
                  alias: srcpart
                  filterExpr: (ds is not null and hr is not null) (type: boolean)
                  Statistics: Num rows: 2000 Data size: 757248 Basic stats: COMPLETE Column stats: COMPLETE
                  Select Operator
                    expressions: ds (type: string), hr (type: string)
                    outputColumnNames: _col0, _col1
                    Statistics: Num rows: 2000 Data size: 736000 Basic stats: COMPLETE Column stats: COMPLETE
                    Reduce Output Operator
                      key expressions: _col0 (type: string)
                      sort order: +
                      Map-reduce partition columns: _col0 (type: string)
                      Statistics: Num rows: 2000 Data size: 736000 Basic stats: COMPLETE Column stats: COMPLETE
                      value expressions: _col1 (type: string)
            Execution mode: llap
            LLAP IO: no inputs
        Map 5 
            Map Operator Tree:
                TableScan
                  alias: srcpart_date
                  filterExpr: ((date = '2008-04-08') and ds is not null) (type: boolean)
                  Statistics: Num rows: 2 Data size: 42 Basic stats: COMPLETE Column stats: NONE
                  Filter Operator
                    predicate: ((date = '2008-04-08') and ds is not null) (type: boolean)
                    Statistics: Num rows: 1 Data size: 21 Basic stats: COMPLETE Column stats: NONE
                    Select Operator
                      expressions: ds (type: string)
                      outputColumnNames: _col0
                      Statistics: Num rows: 1 Data size: 21 Basic stats: COMPLETE Column stats: NONE
                      Reduce Output Operator
                        key expressions: _col0 (type: string)
                        sort order: +
                        Map-reduce partition columns: _col0 (type: string)
                        Statistics: Num rows: 1 Data size: 21 Basic stats: COMPLETE Column stats: NONE
            Execution mode: llap
            LLAP IO: no inputs
        Map 6 
            Map Operator Tree:
                TableScan
                  alias: srcpart_hour
                  filterExpr: ((UDFToDouble(hour) = 11.0) and hr is not null) (type: boolean)
                  Statistics: Num rows: 2 Data size: 10 Basic stats: COMPLETE Column stats: NONE
                  Filter Operator
                    predicate: ((UDFToDouble(hour) = 11.0) and hr is not null) (type: boolean)
                    Statistics: Num rows: 1 Data size: 5 Basic stats: COMPLETE Column stats: NONE
                    Select Operator
                      expressions: hr (type: string)
                      outputColumnNames: _col0
                      Statistics: Num rows: 1 Data size: 5 Basic stats: COMPLETE Column stats: NONE
                      Reduce Output Operator
                        key expressions: _col0 (type: string)
                        sort order: +
                        Map-reduce partition columns: _col0 (type: string)
                        Statistics: Num rows: 1 Data size: 5 Basic stats: COMPLETE Column stats: NONE
            Execution mode: llap
            LLAP IO: no inputs
        Reducer 2 
            Execution mode: llap
            Reduce Operator Tree:
              Merge Join Operator
                condition map:
                     Inner Join 0 to 1
                keys:
                  0 _col0 (type: string)
                  1 _col0 (type: string)
                outputColumnNames: _col1
                Statistics: Num rows: 2200 Data size: 809600 Basic stats: COMPLETE Column stats: NONE
                Reduce Output Operator
                  key expressions: _col1 (type: string)
                  sort order: +
                  Map-reduce partition columns: _col1 (type: string)
                  Statistics: Num rows: 2200 Data size: 809600 Basic stats: COMPLETE Column stats: NONE
        Reducer 3 
            Execution mode: llap
            Reduce Operator Tree:
              Merge Join Operator
                condition map:
                     Inner Join 0 to 1
                keys:
                  0 _col1 (type: string)
                  1 _col0 (type: string)
                Statistics: Num rows: 2420 Data size: 890560 Basic stats: COMPLETE Column stats: NONE
                Group By Operator
                  aggregations: count()
                  mode: hash
                  outputColumnNames: _col0
                  Statistics: Num rows: 1 Data size: 8 Basic stats: COMPLETE Column stats: NONE
                  Reduce Output Operator
                    sort order: 
                    Statistics: Num rows: 1 Data size: 8 Basic stats: COMPLETE Column stats: NONE
                    value expressions: _col0 (type: bigint)
        Reducer 4 
            Execution mode: llap
            Reduce Operator Tree:
              Group By Operator
                aggregations: count(VALUE._col0)
                mode: mergepartial
                outputColumnNames: _col0
                Statistics: Num rows: 1 Data size: 8 Basic stats: COMPLETE Column stats: NONE
                File Output Operator
                  compressed: false
                  Statistics: Num rows: 1 Data size: 8 Basic stats: COMPLETE Column stats: NONE
                  table:
                      input format: org.apache.hadoop.mapred.SequenceFileInputFormat
                      output format: org.apache.hadoop.hive.ql.io.HiveSequenceFileOutputFormat
                      serde: org.apache.hadoop.hive.serde2.lazy.LazySimpleSerDe

  Stage: Stage-0
    Fetch Operator
      limit: -1
      Processor Tree:
        ListSink

PREHOOK: query: select count(*) from srcpart join srcpart_date on (srcpart.ds = srcpart_date.ds) join srcpart_hour on (srcpart.hr = srcpart_hour.hr) 
where srcpart_date.`date` = '2008-04-08' and srcpart_hour.hour = 11
PREHOOK: type: QUERY
PREHOOK: Input: default@srcpart
PREHOOK: Input: default@srcpart@ds=2008-04-08/hr=11
PREHOOK: Input: default@srcpart@ds=2008-04-08/hr=12
PREHOOK: Input: default@srcpart@ds=2008-04-09/hr=11
PREHOOK: Input: default@srcpart@ds=2008-04-09/hr=12
PREHOOK: Input: default@srcpart_date
PREHOOK: Input: default@srcpart_hour
#### A masked pattern was here ####
POSTHOOK: query: select count(*) from srcpart join srcpart_date on (srcpart.ds = srcpart_date.ds) join srcpart_hour on (srcpart.hr = srcpart_hour.hr) 
where srcpart_date.`date` = '2008-04-08' and srcpart_hour.hour = 11
POSTHOOK: type: QUERY
POSTHOOK: Input: default@srcpart
POSTHOOK: Input: default@srcpart@ds=2008-04-08/hr=11
POSTHOOK: Input: default@srcpart@ds=2008-04-08/hr=12
POSTHOOK: Input: default@srcpart@ds=2008-04-09/hr=11
POSTHOOK: Input: default@srcpart@ds=2008-04-09/hr=12
POSTHOOK: Input: default@srcpart_date
POSTHOOK: Input: default@srcpart_hour
#### A masked pattern was here ####
500
PREHOOK: query: select count(*) from srcpart where hr = 11 and ds = '2008-04-08'
PREHOOK: type: QUERY
PREHOOK: Input: default@srcpart
PREHOOK: Input: default@srcpart@ds=2008-04-08/hr=11
#### A masked pattern was here ####
POSTHOOK: query: select count(*) from srcpart where hr = 11 and ds = '2008-04-08'
POSTHOOK: type: QUERY
POSTHOOK: Input: default@srcpart
POSTHOOK: Input: default@srcpart@ds=2008-04-08/hr=11
#### A masked pattern was here ####
500
PREHOOK: query: EXPLAIN select count(*) from srcpart join srcpart_date_hour on (srcpart.ds = srcpart_date_hour.ds and srcpart.hr = srcpart_date_hour.hr) where srcpart_date_hour.`date` = '2008-04-08' and srcpart_date_hour.hour = 11
PREHOOK: type: QUERY
POSTHOOK: query: EXPLAIN select count(*) from srcpart join srcpart_date_hour on (srcpart.ds = srcpart_date_hour.ds and srcpart.hr = srcpart_date_hour.hr) where srcpart_date_hour.`date` = '2008-04-08' and srcpart_date_hour.hour = 11
POSTHOOK: type: QUERY
STAGE DEPENDENCIES:
  Stage-1 is a root stage
  Stage-0 depends on stages: Stage-1

STAGE PLANS:
  Stage: Stage-1
    Tez
#### A masked pattern was here ####
      Edges:
        Reducer 2 <- Map 1 (SIMPLE_EDGE), Map 4 (SIMPLE_EDGE)
        Reducer 3 <- Reducer 2 (CUSTOM_SIMPLE_EDGE)
#### A masked pattern was here ####
      Vertices:
        Map 1 
            Map Operator Tree:
                TableScan
                  alias: srcpart
                  Statistics: Num rows: 2000 Data size: 757248 Basic stats: COMPLETE Column stats: COMPLETE
                  Select Operator
                    expressions: ds (type: string), hr (type: string)
                    outputColumnNames: _col0, _col1
                    Statistics: Num rows: 2000 Data size: 736000 Basic stats: COMPLETE Column stats: COMPLETE
                    Reduce Output Operator
                      key expressions: _col0 (type: string), _col1 (type: string)
                      sort order: ++
                      Map-reduce partition columns: _col0 (type: string), _col1 (type: string)
                      Statistics: Num rows: 2000 Data size: 736000 Basic stats: COMPLETE Column stats: COMPLETE
            Execution mode: llap
            LLAP IO: no inputs
        Map 4 
            Map Operator Tree:
                TableScan
                  alias: srcpart_date_hour
                  filterExpr: ((date = '2008-04-08') and (UDFToDouble(hour) = 11.0) and ds is not null and hr is not null) (type: boolean)
                  Statistics: Num rows: 4 Data size: 108 Basic stats: COMPLETE Column stats: NONE
                  Filter Operator
                    predicate: ((date = '2008-04-08') and (UDFToDouble(hour) = 11.0) and ds is not null and hr is not null) (type: boolean)
                    Statistics: Num rows: 1 Data size: 27 Basic stats: COMPLETE Column stats: NONE
                    Select Operator
                      expressions: ds (type: string), hr (type: string)
                      outputColumnNames: _col0, _col2
                      Statistics: Num rows: 1 Data size: 27 Basic stats: COMPLETE Column stats: NONE
                      Reduce Output Operator
                        key expressions: _col0 (type: string), _col2 (type: string)
                        sort order: ++
                        Map-reduce partition columns: _col0 (type: string), _col2 (type: string)
                        Statistics: Num rows: 1 Data size: 27 Basic stats: COMPLETE Column stats: NONE
                      Select Operator
                        expressions: _col0 (type: string)
                        outputColumnNames: _col0
                        Statistics: Num rows: 1 Data size: 27 Basic stats: COMPLETE Column stats: NONE
                        Group By Operator
                          keys: _col0 (type: string)
                          mode: hash
                          outputColumnNames: _col0
                          Statistics: Num rows: 1 Data size: 27 Basic stats: COMPLETE Column stats: NONE
                          Dynamic Partitioning Event Operator
                            Target column: ds (string)
                            Target Input: srcpart
                            Partition key expr: ds
                            Statistics: Num rows: 1 Data size: 27 Basic stats: COMPLETE Column stats: NONE
                            Target Vertex: Map 1
                      Select Operator
                        expressions: _col2 (type: string)
                        outputColumnNames: _col0
                        Statistics: Num rows: 1 Data size: 27 Basic stats: COMPLETE Column stats: NONE
                        Group By Operator
                          keys: _col0 (type: string)
                          mode: hash
                          outputColumnNames: _col0
                          Statistics: Num rows: 1 Data size: 27 Basic stats: COMPLETE Column stats: NONE
                          Dynamic Partitioning Event Operator
                            Target column: hr (string)
                            Target Input: srcpart
                            Partition key expr: hr
                            Statistics: Num rows: 1 Data size: 27 Basic stats: COMPLETE Column stats: NONE
                            Target Vertex: Map 1
            Execution mode: llap
            LLAP IO: no inputs
        Reducer 2 
            Execution mode: llap
            Reduce Operator Tree:
              Merge Join Operator
                condition map:
                     Inner Join 0 to 1
                keys:
                  0 _col0 (type: string), _col1 (type: string)
                  1 _col0 (type: string), _col2 (type: string)
                Statistics: Num rows: 2200 Data size: 809600 Basic stats: COMPLETE Column stats: NONE
                Group By Operator
                  aggregations: count()
                  mode: hash
                  outputColumnNames: _col0
                  Statistics: Num rows: 1 Data size: 8 Basic stats: COMPLETE Column stats: NONE
                  Reduce Output Operator
                    sort order: 
                    Statistics: Num rows: 1 Data size: 8 Basic stats: COMPLETE Column stats: NONE
                    value expressions: _col0 (type: bigint)
        Reducer 3 
            Execution mode: llap
            Reduce Operator Tree:
              Group By Operator
                aggregations: count(VALUE._col0)
                mode: mergepartial
                outputColumnNames: _col0
                Statistics: Num rows: 1 Data size: 8 Basic stats: COMPLETE Column stats: NONE
                File Output Operator
                  compressed: false
                  Statistics: Num rows: 1 Data size: 8 Basic stats: COMPLETE Column stats: NONE
                  table:
                      input format: org.apache.hadoop.mapred.SequenceFileInputFormat
                      output format: org.apache.hadoop.hive.ql.io.HiveSequenceFileOutputFormat
                      serde: org.apache.hadoop.hive.serde2.lazy.LazySimpleSerDe

  Stage: Stage-0
    Fetch Operator
      limit: -1
      Processor Tree:
        ListSink

PREHOOK: query: select count(*) from srcpart join srcpart_date_hour on (srcpart.ds = srcpart_date_hour.ds and srcpart.hr = srcpart_date_hour.hr) where srcpart_date_hour.`date` = '2008-04-08' and srcpart_date_hour.hour = 11
PREHOOK: type: QUERY
PREHOOK: Input: default@srcpart
PREHOOK: Input: default@srcpart@ds=2008-04-08/hr=11
PREHOOK: Input: default@srcpart@ds=2008-04-08/hr=12
PREHOOK: Input: default@srcpart@ds=2008-04-09/hr=11
PREHOOK: Input: default@srcpart@ds=2008-04-09/hr=12
PREHOOK: Input: default@srcpart_date_hour
#### A masked pattern was here ####
POSTHOOK: query: select count(*) from srcpart join srcpart_date_hour on (srcpart.ds = srcpart_date_hour.ds and srcpart.hr = srcpart_date_hour.hr) where srcpart_date_hour.`date` = '2008-04-08' and srcpart_date_hour.hour = 11
POSTHOOK: type: QUERY
POSTHOOK: Input: default@srcpart
POSTHOOK: Input: default@srcpart@ds=2008-04-08/hr=11
POSTHOOK: Input: default@srcpart@ds=2008-04-08/hr=12
POSTHOOK: Input: default@srcpart@ds=2008-04-09/hr=11
POSTHOOK: Input: default@srcpart@ds=2008-04-09/hr=12
POSTHOOK: Input: default@srcpart_date_hour
#### A masked pattern was here ####
500
PREHOOK: query: EXPLAIN select count(*) from srcpart join srcpart_date_hour on (srcpart.ds = srcpart_date_hour.ds and srcpart.hr = srcpart_date_hour.hr) where srcpart_date_hour.`date` = '2008-04-08' and srcpart_date_hour.hour = 11
PREHOOK: type: QUERY
POSTHOOK: query: EXPLAIN select count(*) from srcpart join srcpart_date_hour on (srcpart.ds = srcpart_date_hour.ds and srcpart.hr = srcpart_date_hour.hr) where srcpart_date_hour.`date` = '2008-04-08' and srcpart_date_hour.hour = 11
POSTHOOK: type: QUERY
STAGE DEPENDENCIES:
  Stage-1 is a root stage
  Stage-0 depends on stages: Stage-1

STAGE PLANS:
  Stage: Stage-1
    Tez
#### A masked pattern was here ####
      Edges:
        Reducer 2 <- Map 1 (SIMPLE_EDGE), Map 4 (SIMPLE_EDGE)
        Reducer 3 <- Reducer 2 (CUSTOM_SIMPLE_EDGE)
#### A masked pattern was here ####
      Vertices:
        Map 1 
            Map Operator Tree:
                TableScan
                  alias: srcpart
                  filterExpr: (ds is not null and hr is not null) (type: boolean)
                  Statistics: Num rows: 2000 Data size: 757248 Basic stats: COMPLETE Column stats: COMPLETE
                  Select Operator
                    expressions: ds (type: string), hr (type: string)
                    outputColumnNames: _col0, _col1
                    Statistics: Num rows: 2000 Data size: 736000 Basic stats: COMPLETE Column stats: COMPLETE
                    Reduce Output Operator
                      key expressions: _col0 (type: string), _col1 (type: string)
                      sort order: ++
                      Map-reduce partition columns: _col0 (type: string), _col1 (type: string)
                      Statistics: Num rows: 2000 Data size: 736000 Basic stats: COMPLETE Column stats: COMPLETE
            Execution mode: llap
            LLAP IO: no inputs
        Map 4 
            Map Operator Tree:
                TableScan
                  alias: srcpart_date_hour
                  filterExpr: ((date = '2008-04-08') and (UDFToDouble(hour) = 11.0) and ds is not null and hr is not null) (type: boolean)
                  Statistics: Num rows: 4 Data size: 108 Basic stats: COMPLETE Column stats: NONE
                  Filter Operator
                    predicate: ((date = '2008-04-08') and (UDFToDouble(hour) = 11.0) and ds is not null and hr is not null) (type: boolean)
                    Statistics: Num rows: 1 Data size: 27 Basic stats: COMPLETE Column stats: NONE
                    Select Operator
                      expressions: ds (type: string), hr (type: string)
                      outputColumnNames: _col0, _col2
                      Statistics: Num rows: 1 Data size: 27 Basic stats: COMPLETE Column stats: NONE
                      Reduce Output Operator
                        key expressions: _col0 (type: string), _col2 (type: string)
                        sort order: ++
                        Map-reduce partition columns: _col0 (type: string), _col2 (type: string)
                        Statistics: Num rows: 1 Data size: 27 Basic stats: COMPLETE Column stats: NONE
            Execution mode: llap
            LLAP IO: no inputs
        Reducer 2 
            Execution mode: llap
            Reduce Operator Tree:
              Merge Join Operator
                condition map:
                     Inner Join 0 to 1
                keys:
                  0 _col0 (type: string), _col1 (type: string)
                  1 _col0 (type: string), _col2 (type: string)
                Statistics: Num rows: 2200 Data size: 809600 Basic stats: COMPLETE Column stats: NONE
                Group By Operator
                  aggregations: count()
                  mode: hash
                  outputColumnNames: _col0
                  Statistics: Num rows: 1 Data size: 8 Basic stats: COMPLETE Column stats: NONE
                  Reduce Output Operator
                    sort order: 
                    Statistics: Num rows: 1 Data size: 8 Basic stats: COMPLETE Column stats: NONE
                    value expressions: _col0 (type: bigint)
        Reducer 3 
            Execution mode: llap
            Reduce Operator Tree:
              Group By Operator
                aggregations: count(VALUE._col0)
                mode: mergepartial
                outputColumnNames: _col0
                Statistics: Num rows: 1 Data size: 8 Basic stats: COMPLETE Column stats: NONE
                File Output Operator
                  compressed: false
                  Statistics: Num rows: 1 Data size: 8 Basic stats: COMPLETE Column stats: NONE
                  table:
                      input format: org.apache.hadoop.mapred.SequenceFileInputFormat
                      output format: org.apache.hadoop.hive.ql.io.HiveSequenceFileOutputFormat
                      serde: org.apache.hadoop.hive.serde2.lazy.LazySimpleSerDe

  Stage: Stage-0
    Fetch Operator
      limit: -1
      Processor Tree:
        ListSink

PREHOOK: query: select count(*) from srcpart join srcpart_date_hour on (srcpart.ds = srcpart_date_hour.ds and srcpart.hr = srcpart_date_hour.hr) where srcpart_date_hour.`date` = '2008-04-08' and srcpart_date_hour.hour = 11
PREHOOK: type: QUERY
PREHOOK: Input: default@srcpart
PREHOOK: Input: default@srcpart@ds=2008-04-08/hr=11
PREHOOK: Input: default@srcpart@ds=2008-04-08/hr=12
PREHOOK: Input: default@srcpart@ds=2008-04-09/hr=11
PREHOOK: Input: default@srcpart@ds=2008-04-09/hr=12
PREHOOK: Input: default@srcpart_date_hour
#### A masked pattern was here ####
POSTHOOK: query: select count(*) from srcpart join srcpart_date_hour on (srcpart.ds = srcpart_date_hour.ds and srcpart.hr = srcpart_date_hour.hr) where srcpart_date_hour.`date` = '2008-04-08' and srcpart_date_hour.hour = 11
POSTHOOK: type: QUERY
POSTHOOK: Input: default@srcpart
POSTHOOK: Input: default@srcpart@ds=2008-04-08/hr=11
POSTHOOK: Input: default@srcpart@ds=2008-04-08/hr=12
POSTHOOK: Input: default@srcpart@ds=2008-04-09/hr=11
POSTHOOK: Input: default@srcpart@ds=2008-04-09/hr=12
POSTHOOK: Input: default@srcpart_date_hour
#### A masked pattern was here ####
500
PREHOOK: query: select count(*) from srcpart where ds = '2008-04-08' and hr = 11
PREHOOK: type: QUERY
PREHOOK: Input: default@srcpart
PREHOOK: Input: default@srcpart@ds=2008-04-08/hr=11
#### A masked pattern was here ####
POSTHOOK: query: select count(*) from srcpart where ds = '2008-04-08' and hr = 11
POSTHOOK: type: QUERY
POSTHOOK: Input: default@srcpart
POSTHOOK: Input: default@srcpart@ds=2008-04-08/hr=11
#### A masked pattern was here ####
500
PREHOOK: query: EXPLAIN select count(*) from srcpart join srcpart_date on (srcpart.ds = srcpart_date.ds) where srcpart_date.`date` = 'I DONT EXIST'
PREHOOK: type: QUERY
POSTHOOK: query: EXPLAIN select count(*) from srcpart join srcpart_date on (srcpart.ds = srcpart_date.ds) where srcpart_date.`date` = 'I DONT EXIST'
POSTHOOK: type: QUERY
STAGE DEPENDENCIES:
  Stage-1 is a root stage
  Stage-0 depends on stages: Stage-1

STAGE PLANS:
  Stage: Stage-1
    Tez
#### A masked pattern was here ####
      Edges:
        Reducer 2 <- Map 1 (SIMPLE_EDGE), Map 4 (SIMPLE_EDGE)
        Reducer 3 <- Reducer 2 (CUSTOM_SIMPLE_EDGE)
#### A masked pattern was here ####
      Vertices:
        Map 1 
            Map Operator Tree:
                TableScan
                  alias: srcpart
                  filterExpr: ds is not null (type: boolean)
                  Statistics: Num rows: 2000 Data size: 389248 Basic stats: COMPLETE Column stats: COMPLETE
                  Select Operator
                    expressions: ds (type: string)
                    outputColumnNames: _col0
                    Statistics: Num rows: 2000 Data size: 368000 Basic stats: COMPLETE Column stats: COMPLETE
                    Reduce Output Operator
                      key expressions: _col0 (type: string)
                      sort order: +
                      Map-reduce partition columns: _col0 (type: string)
                      Statistics: Num rows: 2000 Data size: 368000 Basic stats: COMPLETE Column stats: COMPLETE
            Execution mode: llap
            LLAP IO: no inputs
        Map 4 
            Map Operator Tree:
                TableScan
                  alias: srcpart_date
                  filterExpr: ((date = 'I DONT EXIST') and ds is not null) (type: boolean)
                  Statistics: Num rows: 2 Data size: 42 Basic stats: COMPLETE Column stats: NONE
                  Filter Operator
                    predicate: ((date = 'I DONT EXIST') and ds is not null) (type: boolean)
                    Statistics: Num rows: 1 Data size: 21 Basic stats: COMPLETE Column stats: NONE
                    Select Operator
                      expressions: ds (type: string)
                      outputColumnNames: _col0
                      Statistics: Num rows: 1 Data size: 21 Basic stats: COMPLETE Column stats: NONE
                      Reduce Output Operator
                        key expressions: _col0 (type: string)
                        sort order: +
                        Map-reduce partition columns: _col0 (type: string)
                        Statistics: Num rows: 1 Data size: 21 Basic stats: COMPLETE Column stats: NONE
                      Select Operator
                        expressions: _col0 (type: string)
                        outputColumnNames: _col0
                        Statistics: Num rows: 1 Data size: 21 Basic stats: COMPLETE Column stats: NONE
                        Group By Operator
                          keys: _col0 (type: string)
                          mode: hash
                          outputColumnNames: _col0
                          Statistics: Num rows: 1 Data size: 21 Basic stats: COMPLETE Column stats: NONE
                          Dynamic Partitioning Event Operator
                            Target column: ds (string)
                            Target Input: srcpart
                            Partition key expr: ds
                            Statistics: Num rows: 1 Data size: 21 Basic stats: COMPLETE Column stats: NONE
                            Target Vertex: Map 1
            Execution mode: llap
            LLAP IO: no inputs
        Reducer 2 
            Execution mode: llap
            Reduce Operator Tree:
              Merge Join Operator
                condition map:
                     Inner Join 0 to 1
                keys:
                  0 _col0 (type: string)
                  1 _col0 (type: string)
                Statistics: Num rows: 2200 Data size: 404800 Basic stats: COMPLETE Column stats: NONE
                Group By Operator
                  aggregations: count()
                  mode: hash
                  outputColumnNames: _col0
                  Statistics: Num rows: 1 Data size: 8 Basic stats: COMPLETE Column stats: NONE
                  Reduce Output Operator
                    sort order: 
                    Statistics: Num rows: 1 Data size: 8 Basic stats: COMPLETE Column stats: NONE
                    value expressions: _col0 (type: bigint)
        Reducer 3 
            Execution mode: llap
            Reduce Operator Tree:
              Group By Operator
                aggregations: count(VALUE._col0)
                mode: mergepartial
                outputColumnNames: _col0
                Statistics: Num rows: 1 Data size: 8 Basic stats: COMPLETE Column stats: NONE
                File Output Operator
                  compressed: false
                  Statistics: Num rows: 1 Data size: 8 Basic stats: COMPLETE Column stats: NONE
                  table:
                      input format: org.apache.hadoop.mapred.SequenceFileInputFormat
                      output format: org.apache.hadoop.hive.ql.io.HiveSequenceFileOutputFormat
                      serde: org.apache.hadoop.hive.serde2.lazy.LazySimpleSerDe

  Stage: Stage-0
    Fetch Operator
      limit: -1
      Processor Tree:
        ListSink

PREHOOK: query: select count(*) from srcpart join srcpart_date on (srcpart.ds = srcpart_date.ds) where srcpart_date.`date` = 'I DONT EXIST'
PREHOOK: type: QUERY
PREHOOK: Input: default@srcpart
PREHOOK: Input: default@srcpart@ds=2008-04-08/hr=11
PREHOOK: Input: default@srcpart@ds=2008-04-08/hr=12
PREHOOK: Input: default@srcpart@ds=2008-04-09/hr=11
PREHOOK: Input: default@srcpart@ds=2008-04-09/hr=12
PREHOOK: Input: default@srcpart_date
#### A masked pattern was here ####
POSTHOOK: query: select count(*) from srcpart join srcpart_date on (srcpart.ds = srcpart_date.ds) where srcpart_date.`date` = 'I DONT EXIST'
POSTHOOK: type: QUERY
POSTHOOK: Input: default@srcpart
POSTHOOK: Input: default@srcpart@ds=2008-04-08/hr=11
POSTHOOK: Input: default@srcpart@ds=2008-04-08/hr=12
POSTHOOK: Input: default@srcpart@ds=2008-04-09/hr=11
POSTHOOK: Input: default@srcpart@ds=2008-04-09/hr=12
POSTHOOK: Input: default@srcpart_date
#### A masked pattern was here ####
0
PREHOOK: query: EXPLAIN select count(*) from srcpart join srcpart_date on (srcpart.ds = srcpart_date.ds) where srcpart_date.`date` = 'I DONT EXIST'
PREHOOK: type: QUERY
POSTHOOK: query: EXPLAIN select count(*) from srcpart join srcpart_date on (srcpart.ds = srcpart_date.ds) where srcpart_date.`date` = 'I DONT EXIST'
POSTHOOK: type: QUERY
STAGE DEPENDENCIES:
  Stage-1 is a root stage
  Stage-0 depends on stages: Stage-1

STAGE PLANS:
  Stage: Stage-1
    Tez
#### A masked pattern was here ####
      Edges:
        Reducer 2 <- Map 1 (SIMPLE_EDGE), Map 4 (SIMPLE_EDGE)
        Reducer 3 <- Reducer 2 (CUSTOM_SIMPLE_EDGE)
#### A masked pattern was here ####
      Vertices:
        Map 1 
            Map Operator Tree:
                TableScan
                  alias: srcpart
                  filterExpr: ds is not null (type: boolean)
                  Statistics: Num rows: 2000 Data size: 389248 Basic stats: COMPLETE Column stats: COMPLETE
                  Select Operator
                    expressions: ds (type: string)
                    outputColumnNames: _col0
                    Statistics: Num rows: 2000 Data size: 368000 Basic stats: COMPLETE Column stats: COMPLETE
                    Reduce Output Operator
                      key expressions: _col0 (type: string)
                      sort order: +
                      Map-reduce partition columns: _col0 (type: string)
                      Statistics: Num rows: 2000 Data size: 368000 Basic stats: COMPLETE Column stats: COMPLETE
            Execution mode: llap
            LLAP IO: no inputs
        Map 4 
            Map Operator Tree:
                TableScan
                  alias: srcpart_date
                  filterExpr: ((date = 'I DONT EXIST') and ds is not null) (type: boolean)
                  Statistics: Num rows: 2 Data size: 42 Basic stats: COMPLETE Column stats: NONE
                  Filter Operator
                    predicate: ((date = 'I DONT EXIST') and ds is not null) (type: boolean)
                    Statistics: Num rows: 1 Data size: 21 Basic stats: COMPLETE Column stats: NONE
                    Select Operator
                      expressions: ds (type: string)
                      outputColumnNames: _col0
                      Statistics: Num rows: 1 Data size: 21 Basic stats: COMPLETE Column stats: NONE
                      Reduce Output Operator
                        key expressions: _col0 (type: string)
                        sort order: +
                        Map-reduce partition columns: _col0 (type: string)
                        Statistics: Num rows: 1 Data size: 21 Basic stats: COMPLETE Column stats: NONE
            Execution mode: llap
            LLAP IO: no inputs
        Reducer 2 
            Execution mode: llap
            Reduce Operator Tree:
              Merge Join Operator
                condition map:
                     Inner Join 0 to 1
                keys:
                  0 _col0 (type: string)
                  1 _col0 (type: string)
                Statistics: Num rows: 2200 Data size: 404800 Basic stats: COMPLETE Column stats: NONE
                Group By Operator
                  aggregations: count()
                  mode: hash
                  outputColumnNames: _col0
                  Statistics: Num rows: 1 Data size: 8 Basic stats: COMPLETE Column stats: NONE
                  Reduce Output Operator
                    sort order: 
                    Statistics: Num rows: 1 Data size: 8 Basic stats: COMPLETE Column stats: NONE
                    value expressions: _col0 (type: bigint)
        Reducer 3 
            Execution mode: llap
            Reduce Operator Tree:
              Group By Operator
                aggregations: count(VALUE._col0)
                mode: mergepartial
                outputColumnNames: _col0
                Statistics: Num rows: 1 Data size: 8 Basic stats: COMPLETE Column stats: NONE
                File Output Operator
                  compressed: false
                  Statistics: Num rows: 1 Data size: 8 Basic stats: COMPLETE Column stats: NONE
                  table:
                      input format: org.apache.hadoop.mapred.SequenceFileInputFormat
                      output format: org.apache.hadoop.hive.ql.io.HiveSequenceFileOutputFormat
                      serde: org.apache.hadoop.hive.serde2.lazy.LazySimpleSerDe

  Stage: Stage-0
    Fetch Operator
      limit: -1
      Processor Tree:
        ListSink

PREHOOK: query: select count(*) from srcpart join srcpart_date on (srcpart.ds = srcpart_date.ds) where srcpart_date.`date` = 'I DONT EXIST'
PREHOOK: type: QUERY
PREHOOK: Input: default@srcpart
PREHOOK: Input: default@srcpart@ds=2008-04-08/hr=11
PREHOOK: Input: default@srcpart@ds=2008-04-08/hr=12
PREHOOK: Input: default@srcpart@ds=2008-04-09/hr=11
PREHOOK: Input: default@srcpart@ds=2008-04-09/hr=12
PREHOOK: Input: default@srcpart_date
#### A masked pattern was here ####
POSTHOOK: query: select count(*) from srcpart join srcpart_date on (srcpart.ds = srcpart_date.ds) where srcpart_date.`date` = 'I DONT EXIST'
POSTHOOK: type: QUERY
POSTHOOK: Input: default@srcpart
POSTHOOK: Input: default@srcpart@ds=2008-04-08/hr=11
POSTHOOK: Input: default@srcpart@ds=2008-04-08/hr=12
POSTHOOK: Input: default@srcpart@ds=2008-04-09/hr=11
POSTHOOK: Input: default@srcpart@ds=2008-04-09/hr=12
POSTHOOK: Input: default@srcpart_date
#### A masked pattern was here ####
0
PREHOOK: query: select count(*) from srcpart where ds = 'I DONT EXIST'
PREHOOK: type: QUERY
PREHOOK: Input: default@srcpart
#### A masked pattern was here ####
POSTHOOK: query: select count(*) from srcpart where ds = 'I DONT EXIST'
POSTHOOK: type: QUERY
POSTHOOK: Input: default@srcpart
#### A masked pattern was here ####
0
PREHOOK: query: EXPLAIN select count(*) from srcpart join srcpart_double_hour on (srcpart.hr = cast(srcpart_double_hour.hr/2 as int)) where srcpart_double_hour.hour = 11
PREHOOK: type: QUERY
POSTHOOK: query: EXPLAIN select count(*) from srcpart join srcpart_double_hour on (srcpart.hr = cast(srcpart_double_hour.hr/2 as int)) where srcpart_double_hour.hour = 11
POSTHOOK: type: QUERY
STAGE DEPENDENCIES:
  Stage-1 is a root stage
  Stage-0 depends on stages: Stage-1

STAGE PLANS:
  Stage: Stage-1
    Tez
#### A masked pattern was here ####
      Edges:
        Reducer 2 <- Map 1 (SIMPLE_EDGE), Map 4 (SIMPLE_EDGE)
        Reducer 3 <- Reducer 2 (CUSTOM_SIMPLE_EDGE)
#### A masked pattern was here ####
      Vertices:
        Map 1 
            Map Operator Tree:
                TableScan
                  alias: srcpart
                  filterExpr: hr is not null (type: boolean)
                  Statistics: Num rows: 2000 Data size: 389248 Basic stats: COMPLETE Column stats: COMPLETE
                  Select Operator
                    expressions: hr (type: string)
                    outputColumnNames: _col0
                    Statistics: Num rows: 2000 Data size: 368000 Basic stats: COMPLETE Column stats: COMPLETE
                    Reduce Output Operator
                      key expressions: UDFToDouble(_col0) (type: double)
                      sort order: +
                      Map-reduce partition columns: UDFToDouble(_col0) (type: double)
                      Statistics: Num rows: 2000 Data size: 368000 Basic stats: COMPLETE Column stats: COMPLETE
            Execution mode: llap
            LLAP IO: no inputs
        Map 4 
            Map Operator Tree:
                TableScan
                  alias: srcpart_double_hour
                  filterExpr: ((UDFToDouble(hour) = 11.0) and hr is not null) (type: boolean)
                  Statistics: Num rows: 2 Data size: 14 Basic stats: COMPLETE Column stats: NONE
                  Filter Operator
                    predicate: ((UDFToDouble(hour) = 11.0) and hr is not null) (type: boolean)
                    Statistics: Num rows: 1 Data size: 7 Basic stats: COMPLETE Column stats: NONE
                    Select Operator
                      expressions: hr (type: double)
                      outputColumnNames: _col0
                      Statistics: Num rows: 1 Data size: 7 Basic stats: COMPLETE Column stats: NONE
                      Reduce Output Operator
                        key expressions: UDFToDouble(UDFToInteger((_col0 / 2.0))) (type: double)
                        sort order: +
                        Map-reduce partition columns: UDFToDouble(UDFToInteger((_col0 / 2.0))) (type: double)
                        Statistics: Num rows: 1 Data size: 7 Basic stats: COMPLETE Column stats: NONE
                      Select Operator
                        expressions: UDFToDouble(UDFToInteger((_col0 / 2.0))) (type: double)
                        outputColumnNames: _col0
                        Statistics: Num rows: 1 Data size: 7 Basic stats: COMPLETE Column stats: NONE
                        Group By Operator
                          keys: _col0 (type: double)
                          mode: hash
                          outputColumnNames: _col0
                          Statistics: Num rows: 1 Data size: 7 Basic stats: COMPLETE Column stats: NONE
                          Dynamic Partitioning Event Operator
                            Target column: hr (string)
                            Target Input: srcpart
                            Partition key expr: UDFToDouble(hr)
                            Statistics: Num rows: 1 Data size: 7 Basic stats: COMPLETE Column stats: NONE
                            Target Vertex: Map 1
            Execution mode: llap
            LLAP IO: no inputs
        Reducer 2 
            Execution mode: llap
            Reduce Operator Tree:
              Merge Join Operator
                condition map:
                     Inner Join 0 to 1
                keys:
                  0 UDFToDouble(_col0) (type: double)
                  1 UDFToDouble(UDFToInteger((_col0 / 2.0))) (type: double)
                Statistics: Num rows: 2200 Data size: 404800 Basic stats: COMPLETE Column stats: NONE
                Group By Operator
                  aggregations: count()
                  mode: hash
                  outputColumnNames: _col0
                  Statistics: Num rows: 1 Data size: 8 Basic stats: COMPLETE Column stats: NONE
                  Reduce Output Operator
                    sort order: 
                    Statistics: Num rows: 1 Data size: 8 Basic stats: COMPLETE Column stats: NONE
                    value expressions: _col0 (type: bigint)
        Reducer 3 
            Execution mode: llap
            Reduce Operator Tree:
              Group By Operator
                aggregations: count(VALUE._col0)
                mode: mergepartial
                outputColumnNames: _col0
                Statistics: Num rows: 1 Data size: 8 Basic stats: COMPLETE Column stats: NONE
                File Output Operator
                  compressed: false
                  Statistics: Num rows: 1 Data size: 8 Basic stats: COMPLETE Column stats: NONE
                  table:
                      input format: org.apache.hadoop.mapred.SequenceFileInputFormat
                      output format: org.apache.hadoop.hive.ql.io.HiveSequenceFileOutputFormat
                      serde: org.apache.hadoop.hive.serde2.lazy.LazySimpleSerDe

  Stage: Stage-0
    Fetch Operator
      limit: -1
      Processor Tree:
        ListSink

PREHOOK: query: select count(*) from srcpart join srcpart_double_hour on (srcpart.hr = cast(srcpart_double_hour.hr/2 as int)) where srcpart_double_hour.hour = 11
PREHOOK: type: QUERY
PREHOOK: Input: default@srcpart
PREHOOK: Input: default@srcpart@ds=2008-04-08/hr=11
PREHOOK: Input: default@srcpart@ds=2008-04-08/hr=12
PREHOOK: Input: default@srcpart@ds=2008-04-09/hr=11
PREHOOK: Input: default@srcpart@ds=2008-04-09/hr=12
PREHOOK: Input: default@srcpart_double_hour
#### A masked pattern was here ####
POSTHOOK: query: select count(*) from srcpart join srcpart_double_hour on (srcpart.hr = cast(srcpart_double_hour.hr/2 as int)) where srcpart_double_hour.hour = 11
POSTHOOK: type: QUERY
POSTHOOK: Input: default@srcpart
POSTHOOK: Input: default@srcpart@ds=2008-04-08/hr=11
POSTHOOK: Input: default@srcpart@ds=2008-04-08/hr=12
POSTHOOK: Input: default@srcpart@ds=2008-04-09/hr=11
POSTHOOK: Input: default@srcpart@ds=2008-04-09/hr=12
POSTHOOK: Input: default@srcpart_double_hour
#### A masked pattern was here ####
1000
PREHOOK: query: EXPLAIN select count(*) from srcpart join srcpart_double_hour on (srcpart.hr*2 = srcpart_double_hour.hr) where srcpart_double_hour.hour = 11
PREHOOK: type: QUERY
POSTHOOK: query: EXPLAIN select count(*) from srcpart join srcpart_double_hour on (srcpart.hr*2 = srcpart_double_hour.hr) where srcpart_double_hour.hour = 11
POSTHOOK: type: QUERY
STAGE DEPENDENCIES:
  Stage-1 is a root stage
  Stage-0 depends on stages: Stage-1

STAGE PLANS:
  Stage: Stage-1
    Tez
#### A masked pattern was here ####
      Edges:
        Reducer 2 <- Map 1 (SIMPLE_EDGE), Map 4 (SIMPLE_EDGE)
        Reducer 3 <- Reducer 2 (CUSTOM_SIMPLE_EDGE)
#### A masked pattern was here ####
      Vertices:
        Map 1 
            Map Operator Tree:
                TableScan
                  alias: srcpart
                  filterExpr: hr is not null (type: boolean)
                  Statistics: Num rows: 2000 Data size: 389248 Basic stats: COMPLETE Column stats: COMPLETE
                  Select Operator
                    expressions: hr (type: string)
                    outputColumnNames: _col0
                    Statistics: Num rows: 2000 Data size: 368000 Basic stats: COMPLETE Column stats: COMPLETE
                    Reduce Output Operator
                      key expressions: (UDFToDouble(_col0) * 2.0) (type: double)
                      sort order: +
                      Map-reduce partition columns: (UDFToDouble(_col0) * 2.0) (type: double)
                      Statistics: Num rows: 2000 Data size: 368000 Basic stats: COMPLETE Column stats: COMPLETE
            Execution mode: llap
            LLAP IO: no inputs
        Map 4 
            Map Operator Tree:
                TableScan
                  alias: srcpart_double_hour
                  filterExpr: ((UDFToDouble(hour) = 11.0) and hr is not null) (type: boolean)
                  Statistics: Num rows: 2 Data size: 14 Basic stats: COMPLETE Column stats: NONE
                  Filter Operator
                    predicate: ((UDFToDouble(hour) = 11.0) and hr is not null) (type: boolean)
                    Statistics: Num rows: 1 Data size: 7 Basic stats: COMPLETE Column stats: NONE
                    Select Operator
                      expressions: hr (type: double)
                      outputColumnNames: _col0
                      Statistics: Num rows: 1 Data size: 7 Basic stats: COMPLETE Column stats: NONE
                      Reduce Output Operator
                        key expressions: _col0 (type: double)
                        sort order: +
                        Map-reduce partition columns: _col0 (type: double)
                        Statistics: Num rows: 1 Data size: 7 Basic stats: COMPLETE Column stats: NONE
                      Select Operator
                        expressions: _col0 (type: double)
                        outputColumnNames: _col0
                        Statistics: Num rows: 1 Data size: 7 Basic stats: COMPLETE Column stats: NONE
                        Group By Operator
                          keys: _col0 (type: double)
                          mode: hash
                          outputColumnNames: _col0
                          Statistics: Num rows: 1 Data size: 7 Basic stats: COMPLETE Column stats: NONE
                          Dynamic Partitioning Event Operator
                            Target column: hr (string)
                            Target Input: srcpart
                            Partition key expr: (UDFToDouble(hr) * 2.0)
                            Statistics: Num rows: 1 Data size: 7 Basic stats: COMPLETE Column stats: NONE
                            Target Vertex: Map 1
            Execution mode: llap
            LLAP IO: no inputs
        Reducer 2 
            Execution mode: llap
            Reduce Operator Tree:
              Merge Join Operator
                condition map:
                     Inner Join 0 to 1
                keys:
                  0 (UDFToDouble(_col0) * 2.0) (type: double)
                  1 _col0 (type: double)
                Statistics: Num rows: 2200 Data size: 404800 Basic stats: COMPLETE Column stats: NONE
                Group By Operator
                  aggregations: count()
                  mode: hash
                  outputColumnNames: _col0
                  Statistics: Num rows: 1 Data size: 8 Basic stats: COMPLETE Column stats: NONE
                  Reduce Output Operator
                    sort order: 
                    Statistics: Num rows: 1 Data size: 8 Basic stats: COMPLETE Column stats: NONE
                    value expressions: _col0 (type: bigint)
        Reducer 3 
            Execution mode: llap
            Reduce Operator Tree:
              Group By Operator
                aggregations: count(VALUE._col0)
                mode: mergepartial
                outputColumnNames: _col0
                Statistics: Num rows: 1 Data size: 8 Basic stats: COMPLETE Column stats: NONE
                File Output Operator
                  compressed: false
                  Statistics: Num rows: 1 Data size: 8 Basic stats: COMPLETE Column stats: NONE
                  table:
                      input format: org.apache.hadoop.mapred.SequenceFileInputFormat
                      output format: org.apache.hadoop.hive.ql.io.HiveSequenceFileOutputFormat
                      serde: org.apache.hadoop.hive.serde2.lazy.LazySimpleSerDe

  Stage: Stage-0
    Fetch Operator
      limit: -1
      Processor Tree:
        ListSink

PREHOOK: query: select count(*) from srcpart join srcpart_double_hour on (srcpart.hr*2 = srcpart_double_hour.hr) where srcpart_double_hour.hour = 11
PREHOOK: type: QUERY
PREHOOK: Input: default@srcpart
PREHOOK: Input: default@srcpart@ds=2008-04-08/hr=11
PREHOOK: Input: default@srcpart@ds=2008-04-08/hr=12
PREHOOK: Input: default@srcpart@ds=2008-04-09/hr=11
PREHOOK: Input: default@srcpart@ds=2008-04-09/hr=12
PREHOOK: Input: default@srcpart_double_hour
#### A masked pattern was here ####
POSTHOOK: query: select count(*) from srcpart join srcpart_double_hour on (srcpart.hr*2 = srcpart_double_hour.hr) where srcpart_double_hour.hour = 11
POSTHOOK: type: QUERY
POSTHOOK: Input: default@srcpart
POSTHOOK: Input: default@srcpart@ds=2008-04-08/hr=11
POSTHOOK: Input: default@srcpart@ds=2008-04-08/hr=12
POSTHOOK: Input: default@srcpart@ds=2008-04-09/hr=11
POSTHOOK: Input: default@srcpart@ds=2008-04-09/hr=12
POSTHOOK: Input: default@srcpart_double_hour
#### A masked pattern was here ####
1000
PREHOOK: query: EXPLAIN select count(*) from srcpart join srcpart_double_hour on (srcpart.hr = cast(srcpart_double_hour.hr/2 as int)) where srcpart_double_hour.hour = 11
PREHOOK: type: QUERY
POSTHOOK: query: EXPLAIN select count(*) from srcpart join srcpart_double_hour on (srcpart.hr = cast(srcpart_double_hour.hr/2 as int)) where srcpart_double_hour.hour = 11
POSTHOOK: type: QUERY
STAGE DEPENDENCIES:
  Stage-1 is a root stage
  Stage-0 depends on stages: Stage-1

STAGE PLANS:
  Stage: Stage-1
    Tez
#### A masked pattern was here ####
      Edges:
        Reducer 2 <- Map 1 (SIMPLE_EDGE), Map 4 (SIMPLE_EDGE)
        Reducer 3 <- Reducer 2 (CUSTOM_SIMPLE_EDGE)
#### A masked pattern was here ####
      Vertices:
        Map 1 
            Map Operator Tree:
                TableScan
                  alias: srcpart
                  filterExpr: hr is not null (type: boolean)
                  Statistics: Num rows: 2000 Data size: 389248 Basic stats: COMPLETE Column stats: COMPLETE
                  Select Operator
                    expressions: hr (type: string)
                    outputColumnNames: _col0
                    Statistics: Num rows: 2000 Data size: 368000 Basic stats: COMPLETE Column stats: COMPLETE
                    Reduce Output Operator
                      key expressions: UDFToDouble(_col0) (type: double)
                      sort order: +
                      Map-reduce partition columns: UDFToDouble(_col0) (type: double)
                      Statistics: Num rows: 2000 Data size: 368000 Basic stats: COMPLETE Column stats: COMPLETE
            Execution mode: llap
            LLAP IO: no inputs
        Map 4 
            Map Operator Tree:
                TableScan
                  alias: srcpart_double_hour
                  filterExpr: ((UDFToDouble(hour) = 11.0) and hr is not null) (type: boolean)
                  Statistics: Num rows: 2 Data size: 14 Basic stats: COMPLETE Column stats: NONE
                  Filter Operator
                    predicate: ((UDFToDouble(hour) = 11.0) and hr is not null) (type: boolean)
                    Statistics: Num rows: 1 Data size: 7 Basic stats: COMPLETE Column stats: NONE
                    Select Operator
                      expressions: hr (type: double)
                      outputColumnNames: _col0
                      Statistics: Num rows: 1 Data size: 7 Basic stats: COMPLETE Column stats: NONE
                      Reduce Output Operator
                        key expressions: UDFToDouble(UDFToInteger((_col0 / 2.0))) (type: double)
                        sort order: +
                        Map-reduce partition columns: UDFToDouble(UDFToInteger((_col0 / 2.0))) (type: double)
                        Statistics: Num rows: 1 Data size: 7 Basic stats: COMPLETE Column stats: NONE
            Execution mode: llap
            LLAP IO: no inputs
        Reducer 2 
            Execution mode: llap
            Reduce Operator Tree:
              Merge Join Operator
                condition map:
                     Inner Join 0 to 1
                keys:
                  0 UDFToDouble(_col0) (type: double)
                  1 UDFToDouble(UDFToInteger((_col0 / 2.0))) (type: double)
                Statistics: Num rows: 2200 Data size: 404800 Basic stats: COMPLETE Column stats: NONE
                Group By Operator
                  aggregations: count()
                  mode: hash
                  outputColumnNames: _col0
                  Statistics: Num rows: 1 Data size: 8 Basic stats: COMPLETE Column stats: NONE
                  Reduce Output Operator
                    sort order: 
                    Statistics: Num rows: 1 Data size: 8 Basic stats: COMPLETE Column stats: NONE
                    value expressions: _col0 (type: bigint)
        Reducer 3 
            Execution mode: llap
            Reduce Operator Tree:
              Group By Operator
                aggregations: count(VALUE._col0)
                mode: mergepartial
                outputColumnNames: _col0
                Statistics: Num rows: 1 Data size: 8 Basic stats: COMPLETE Column stats: NONE
                File Output Operator
                  compressed: false
                  Statistics: Num rows: 1 Data size: 8 Basic stats: COMPLETE Column stats: NONE
                  table:
                      input format: org.apache.hadoop.mapred.SequenceFileInputFormat
                      output format: org.apache.hadoop.hive.ql.io.HiveSequenceFileOutputFormat
                      serde: org.apache.hadoop.hive.serde2.lazy.LazySimpleSerDe

  Stage: Stage-0
    Fetch Operator
      limit: -1
      Processor Tree:
        ListSink

PREHOOK: query: select count(*) from srcpart join srcpart_double_hour on (srcpart.hr = cast(srcpart_double_hour.hr/2 as int)) where srcpart_double_hour.hour = 11
PREHOOK: type: QUERY
PREHOOK: Input: default@srcpart
PREHOOK: Input: default@srcpart@ds=2008-04-08/hr=11
PREHOOK: Input: default@srcpart@ds=2008-04-08/hr=12
PREHOOK: Input: default@srcpart@ds=2008-04-09/hr=11
PREHOOK: Input: default@srcpart@ds=2008-04-09/hr=12
PREHOOK: Input: default@srcpart_double_hour
#### A masked pattern was here ####
POSTHOOK: query: select count(*) from srcpart join srcpart_double_hour on (srcpart.hr = cast(srcpart_double_hour.hr/2 as int)) where srcpart_double_hour.hour = 11
POSTHOOK: type: QUERY
POSTHOOK: Input: default@srcpart
POSTHOOK: Input: default@srcpart@ds=2008-04-08/hr=11
POSTHOOK: Input: default@srcpart@ds=2008-04-08/hr=12
POSTHOOK: Input: default@srcpart@ds=2008-04-09/hr=11
POSTHOOK: Input: default@srcpart@ds=2008-04-09/hr=12
POSTHOOK: Input: default@srcpart_double_hour
#### A masked pattern was here ####
1000
PREHOOK: query: EXPLAIN select count(*) from srcpart join srcpart_double_hour on (srcpart.hr*2 = srcpart_double_hour.hr) where srcpart_double_hour.hour = 11
PREHOOK: type: QUERY
POSTHOOK: query: EXPLAIN select count(*) from srcpart join srcpart_double_hour on (srcpart.hr*2 = srcpart_double_hour.hr) where srcpart_double_hour.hour = 11
POSTHOOK: type: QUERY
STAGE DEPENDENCIES:
  Stage-1 is a root stage
  Stage-0 depends on stages: Stage-1

STAGE PLANS:
  Stage: Stage-1
    Tez
#### A masked pattern was here ####
      Edges:
        Reducer 2 <- Map 1 (SIMPLE_EDGE), Map 4 (SIMPLE_EDGE)
        Reducer 3 <- Reducer 2 (CUSTOM_SIMPLE_EDGE)
#### A masked pattern was here ####
      Vertices:
        Map 1 
            Map Operator Tree:
                TableScan
                  alias: srcpart
                  filterExpr: hr is not null (type: boolean)
                  Statistics: Num rows: 2000 Data size: 389248 Basic stats: COMPLETE Column stats: COMPLETE
                  Select Operator
                    expressions: hr (type: string)
                    outputColumnNames: _col0
                    Statistics: Num rows: 2000 Data size: 368000 Basic stats: COMPLETE Column stats: COMPLETE
                    Reduce Output Operator
                      key expressions: (UDFToDouble(_col0) * 2.0) (type: double)
                      sort order: +
                      Map-reduce partition columns: (UDFToDouble(_col0) * 2.0) (type: double)
                      Statistics: Num rows: 2000 Data size: 368000 Basic stats: COMPLETE Column stats: COMPLETE
            Execution mode: llap
            LLAP IO: no inputs
        Map 4 
            Map Operator Tree:
                TableScan
                  alias: srcpart_double_hour
                  filterExpr: ((UDFToDouble(hour) = 11.0) and hr is not null) (type: boolean)
                  Statistics: Num rows: 2 Data size: 14 Basic stats: COMPLETE Column stats: NONE
                  Filter Operator
                    predicate: ((UDFToDouble(hour) = 11.0) and hr is not null) (type: boolean)
                    Statistics: Num rows: 1 Data size: 7 Basic stats: COMPLETE Column stats: NONE
                    Select Operator
                      expressions: hr (type: double)
                      outputColumnNames: _col0
                      Statistics: Num rows: 1 Data size: 7 Basic stats: COMPLETE Column stats: NONE
                      Reduce Output Operator
                        key expressions: _col0 (type: double)
                        sort order: +
                        Map-reduce partition columns: _col0 (type: double)
                        Statistics: Num rows: 1 Data size: 7 Basic stats: COMPLETE Column stats: NONE
            Execution mode: llap
            LLAP IO: no inputs
        Reducer 2 
            Execution mode: llap
            Reduce Operator Tree:
              Merge Join Operator
                condition map:
                     Inner Join 0 to 1
                keys:
                  0 (UDFToDouble(_col0) * 2.0) (type: double)
                  1 _col0 (type: double)
                Statistics: Num rows: 2200 Data size: 404800 Basic stats: COMPLETE Column stats: NONE
                Group By Operator
                  aggregations: count()
                  mode: hash
                  outputColumnNames: _col0
                  Statistics: Num rows: 1 Data size: 8 Basic stats: COMPLETE Column stats: NONE
                  Reduce Output Operator
                    sort order: 
                    Statistics: Num rows: 1 Data size: 8 Basic stats: COMPLETE Column stats: NONE
                    value expressions: _col0 (type: bigint)
        Reducer 3 
            Execution mode: llap
            Reduce Operator Tree:
              Group By Operator
                aggregations: count(VALUE._col0)
                mode: mergepartial
                outputColumnNames: _col0
                Statistics: Num rows: 1 Data size: 8 Basic stats: COMPLETE Column stats: NONE
                File Output Operator
                  compressed: false
                  Statistics: Num rows: 1 Data size: 8 Basic stats: COMPLETE Column stats: NONE
                  table:
                      input format: org.apache.hadoop.mapred.SequenceFileInputFormat
                      output format: org.apache.hadoop.hive.ql.io.HiveSequenceFileOutputFormat
                      serde: org.apache.hadoop.hive.serde2.lazy.LazySimpleSerDe

  Stage: Stage-0
    Fetch Operator
      limit: -1
      Processor Tree:
        ListSink

PREHOOK: query: select count(*) from srcpart join srcpart_double_hour on (srcpart.hr*2 = srcpart_double_hour.hr) where srcpart_double_hour.hour = 11
PREHOOK: type: QUERY
PREHOOK: Input: default@srcpart
PREHOOK: Input: default@srcpart@ds=2008-04-08/hr=11
PREHOOK: Input: default@srcpart@ds=2008-04-08/hr=12
PREHOOK: Input: default@srcpart@ds=2008-04-09/hr=11
PREHOOK: Input: default@srcpart@ds=2008-04-09/hr=12
PREHOOK: Input: default@srcpart_double_hour
#### A masked pattern was here ####
POSTHOOK: query: select count(*) from srcpart join srcpart_double_hour on (srcpart.hr*2 = srcpart_double_hour.hr) where srcpart_double_hour.hour = 11
POSTHOOK: type: QUERY
POSTHOOK: Input: default@srcpart
POSTHOOK: Input: default@srcpart@ds=2008-04-08/hr=11
POSTHOOK: Input: default@srcpart@ds=2008-04-08/hr=12
POSTHOOK: Input: default@srcpart@ds=2008-04-09/hr=11
POSTHOOK: Input: default@srcpart@ds=2008-04-09/hr=12
POSTHOOK: Input: default@srcpart_double_hour
#### A masked pattern was here ####
1000
PREHOOK: query: select count(*) from srcpart where hr = 11
PREHOOK: type: QUERY
PREHOOK: Input: default@srcpart
PREHOOK: Input: default@srcpart@ds=2008-04-08/hr=11
PREHOOK: Input: default@srcpart@ds=2008-04-09/hr=11
#### A masked pattern was here ####
POSTHOOK: query: select count(*) from srcpart where hr = 11
POSTHOOK: type: QUERY
POSTHOOK: Input: default@srcpart
POSTHOOK: Input: default@srcpart@ds=2008-04-08/hr=11
POSTHOOK: Input: default@srcpart@ds=2008-04-09/hr=11
#### A masked pattern was here ####
1000
PREHOOK: query: EXPLAIN select count(*) from srcpart join srcpart_double_hour on (cast(srcpart.hr*2 as string) = cast(srcpart_double_hour.hr as string)) where srcpart_double_hour.hour = 11
PREHOOK: type: QUERY
POSTHOOK: query: EXPLAIN select count(*) from srcpart join srcpart_double_hour on (cast(srcpart.hr*2 as string) = cast(srcpart_double_hour.hr as string)) where srcpart_double_hour.hour = 11
POSTHOOK: type: QUERY
STAGE DEPENDENCIES:
  Stage-1 is a root stage
  Stage-0 depends on stages: Stage-1

STAGE PLANS:
  Stage: Stage-1
    Tez
#### A masked pattern was here ####
      Edges:
        Reducer 2 <- Map 1 (SIMPLE_EDGE), Map 4 (SIMPLE_EDGE)
        Reducer 3 <- Reducer 2 (CUSTOM_SIMPLE_EDGE)
#### A masked pattern was here ####
      Vertices:
        Map 1 
            Map Operator Tree:
                TableScan
                  alias: srcpart
                  filterExpr: hr is not null (type: boolean)
                  Statistics: Num rows: 2000 Data size: 389248 Basic stats: COMPLETE Column stats: COMPLETE
                  Select Operator
                    expressions: hr (type: string)
                    outputColumnNames: _col0
                    Statistics: Num rows: 2000 Data size: 368000 Basic stats: COMPLETE Column stats: COMPLETE
                    Reduce Output Operator
                      key expressions: UDFToString((UDFToDouble(_col0) * 2.0)) (type: string)
                      sort order: +
                      Map-reduce partition columns: UDFToString((UDFToDouble(_col0) * 2.0)) (type: string)
                      Statistics: Num rows: 2000 Data size: 368000 Basic stats: COMPLETE Column stats: COMPLETE
            Execution mode: llap
            LLAP IO: no inputs
        Map 4 
            Map Operator Tree:
                TableScan
                  alias: srcpart_double_hour
                  filterExpr: ((UDFToDouble(hour) = 11.0) and hr is not null) (type: boolean)
                  Statistics: Num rows: 2 Data size: 14 Basic stats: COMPLETE Column stats: NONE
                  Filter Operator
                    predicate: ((UDFToDouble(hour) = 11.0) and hr is not null) (type: boolean)
                    Statistics: Num rows: 1 Data size: 7 Basic stats: COMPLETE Column stats: NONE
                    Select Operator
                      expressions: hr (type: double)
                      outputColumnNames: _col0
                      Statistics: Num rows: 1 Data size: 7 Basic stats: COMPLETE Column stats: NONE
                      Reduce Output Operator
                        key expressions: UDFToString(_col0) (type: string)
                        sort order: +
                        Map-reduce partition columns: UDFToString(_col0) (type: string)
                        Statistics: Num rows: 1 Data size: 7 Basic stats: COMPLETE Column stats: NONE
                      Select Operator
                        expressions: UDFToString(_col0) (type: string)
                        outputColumnNames: _col0
                        Statistics: Num rows: 1 Data size: 7 Basic stats: COMPLETE Column stats: NONE
                        Group By Operator
                          keys: _col0 (type: string)
                          mode: hash
                          outputColumnNames: _col0
                          Statistics: Num rows: 1 Data size: 7 Basic stats: COMPLETE Column stats: NONE
                          Dynamic Partitioning Event Operator
                            Target column: hr (string)
                            Target Input: srcpart
                            Partition key expr: UDFToString((UDFToDouble(hr) * 2.0))
                            Statistics: Num rows: 1 Data size: 7 Basic stats: COMPLETE Column stats: NONE
                            Target Vertex: Map 1
            Execution mode: llap
            LLAP IO: no inputs
        Reducer 2 
            Execution mode: llap
            Reduce Operator Tree:
              Merge Join Operator
                condition map:
                     Inner Join 0 to 1
                keys:
                  0 UDFToString((UDFToDouble(_col0) * 2.0)) (type: string)
                  1 UDFToString(_col0) (type: string)
                Statistics: Num rows: 2200 Data size: 404800 Basic stats: COMPLETE Column stats: NONE
                Group By Operator
                  aggregations: count()
                  mode: hash
                  outputColumnNames: _col0
                  Statistics: Num rows: 1 Data size: 8 Basic stats: COMPLETE Column stats: NONE
                  Reduce Output Operator
                    sort order: 
                    Statistics: Num rows: 1 Data size: 8 Basic stats: COMPLETE Column stats: NONE
                    value expressions: _col0 (type: bigint)
        Reducer 3 
            Execution mode: llap
            Reduce Operator Tree:
              Group By Operator
                aggregations: count(VALUE._col0)
                mode: mergepartial
                outputColumnNames: _col0
                Statistics: Num rows: 1 Data size: 8 Basic stats: COMPLETE Column stats: NONE
                File Output Operator
                  compressed: false
                  Statistics: Num rows: 1 Data size: 8 Basic stats: COMPLETE Column stats: NONE
                  table:
                      input format: org.apache.hadoop.mapred.SequenceFileInputFormat
                      output format: org.apache.hadoop.hive.ql.io.HiveSequenceFileOutputFormat
                      serde: org.apache.hadoop.hive.serde2.lazy.LazySimpleSerDe

  Stage: Stage-0
    Fetch Operator
      limit: -1
      Processor Tree:
        ListSink

PREHOOK: query: select count(*) from srcpart join srcpart_double_hour on (cast(srcpart.hr*2 as string) = cast(srcpart_double_hour.hr as string)) where srcpart_double_hour.hour = 11
PREHOOK: type: QUERY
PREHOOK: Input: default@srcpart
PREHOOK: Input: default@srcpart@ds=2008-04-08/hr=11
PREHOOK: Input: default@srcpart@ds=2008-04-08/hr=12
PREHOOK: Input: default@srcpart@ds=2008-04-09/hr=11
PREHOOK: Input: default@srcpart@ds=2008-04-09/hr=12
PREHOOK: Input: default@srcpart_double_hour
#### A masked pattern was here ####
POSTHOOK: query: select count(*) from srcpart join srcpart_double_hour on (cast(srcpart.hr*2 as string) = cast(srcpart_double_hour.hr as string)) where srcpart_double_hour.hour = 11
POSTHOOK: type: QUERY
POSTHOOK: Input: default@srcpart
POSTHOOK: Input: default@srcpart@ds=2008-04-08/hr=11
POSTHOOK: Input: default@srcpart@ds=2008-04-08/hr=12
POSTHOOK: Input: default@srcpart@ds=2008-04-09/hr=11
POSTHOOK: Input: default@srcpart@ds=2008-04-09/hr=12
POSTHOOK: Input: default@srcpart_double_hour
#### A masked pattern was here ####
1000
PREHOOK: query: select count(*) from srcpart where cast(hr as string) = 11
PREHOOK: type: QUERY
PREHOOK: Input: default@srcpart
PREHOOK: Input: default@srcpart@ds=2008-04-08/hr=11
PREHOOK: Input: default@srcpart@ds=2008-04-09/hr=11
#### A masked pattern was here ####
POSTHOOK: query: select count(*) from srcpart where cast(hr as string) = 11
POSTHOOK: type: QUERY
POSTHOOK: Input: default@srcpart
POSTHOOK: Input: default@srcpart@ds=2008-04-08/hr=11
POSTHOOK: Input: default@srcpart@ds=2008-04-09/hr=11
#### A masked pattern was here ####
1000
Warning: Shuffle Join MERGEJOIN[22][tables = [$hdt$_0, $hdt$_1]] in Stage 'Reducer 2' is a cross product
PREHOOK: query: EXPLAIN select count(*) from srcpart join (select ds as ds, ds as `date` from srcpart group by ds) s on (srcpart.ds = s.ds) where s.`date` = '2008-04-08'
PREHOOK: type: QUERY
POSTHOOK: query: EXPLAIN select count(*) from srcpart join (select ds as ds, ds as `date` from srcpart group by ds) s on (srcpart.ds = s.ds) where s.`date` = '2008-04-08'
POSTHOOK: type: QUERY
STAGE DEPENDENCIES:
  Stage-1 is a root stage
  Stage-0 depends on stages: Stage-1

STAGE PLANS:
  Stage: Stage-1
    Tez
#### A masked pattern was here ####
      Edges:
        Reducer 2 <- Map 1 (CUSTOM_SIMPLE_EDGE), Reducer 4 (CUSTOM_SIMPLE_EDGE)
        Reducer 3 <- Reducer 2 (CUSTOM_SIMPLE_EDGE)
        Reducer 4 <- Map 1 (SIMPLE_EDGE)
#### A masked pattern was here ####
      Vertices:
        Map 1 
            Map Operator Tree:
                TableScan
                  alias: srcpart
                  filterExpr: (ds = '2008-04-08') (type: boolean)
                  Statistics: Num rows: 1000 Data size: 18624 Basic stats: COMPLETE Column stats: COMPLETE
                  Select Operator
                    Statistics: Num rows: 1000 Data size: 94000 Basic stats: COMPLETE Column stats: COMPLETE
                    Reduce Output Operator
                      sort order: 
                      Statistics: Num rows: 1000 Data size: 94000 Basic stats: COMPLETE Column stats: COMPLETE
                    Group By Operator
                      keys: '2008-04-08' (type: string)
                      mode: hash
                      outputColumnNames: _col0
                      Statistics: Num rows: 1 Data size: 94 Basic stats: COMPLETE Column stats: COMPLETE
                      Reduce Output Operator
                        key expressions: _col0 (type: string)
                        sort order: +
                        Map-reduce partition columns: _col0 (type: string)
                        Statistics: Num rows: 1 Data size: 94 Basic stats: COMPLETE Column stats: COMPLETE
            Execution mode: llap
            LLAP IO: no inputs
        Reducer 2 
            Execution mode: llap
            Reduce Operator Tree:
              Merge Join Operator
                condition map:
                     Inner Join 0 to 1
                keys:
                  0 
                  1 
                Statistics: Num rows: 1000 Data size: 8000 Basic stats: COMPLETE Column stats: COMPLETE
                Group By Operator
                  aggregations: count()
                  mode: hash
                  outputColumnNames: _col0
                  Statistics: Num rows: 1 Data size: 8 Basic stats: COMPLETE Column stats: COMPLETE
                  Reduce Output Operator
                    sort order: 
                    Statistics: Num rows: 1 Data size: 8 Basic stats: COMPLETE Column stats: COMPLETE
                    value expressions: _col0 (type: bigint)
        Reducer 3 
            Execution mode: llap
            Reduce Operator Tree:
              Group By Operator
                aggregations: count(VALUE._col0)
                mode: mergepartial
                outputColumnNames: _col0
                Statistics: Num rows: 1 Data size: 8 Basic stats: COMPLETE Column stats: COMPLETE
                File Output Operator
                  compressed: false
                  Statistics: Num rows: 1 Data size: 8 Basic stats: COMPLETE Column stats: COMPLETE
                  table:
                      input format: org.apache.hadoop.mapred.SequenceFileInputFormat
                      output format: org.apache.hadoop.hive.ql.io.HiveSequenceFileOutputFormat
                      serde: org.apache.hadoop.hive.serde2.lazy.LazySimpleSerDe
        Reducer 4 
            Execution mode: llap
            Reduce Operator Tree:
              Group By Operator
                keys: KEY._col0 (type: string)
                mode: mergepartial
                outputColumnNames: _col0
                Statistics: Num rows: 1 Data size: 94 Basic stats: COMPLETE Column stats: COMPLETE
                Select Operator
                  Statistics: Num rows: 1 Data size: 94 Basic stats: COMPLETE Column stats: COMPLETE
                  Reduce Output Operator
                    sort order: 
                    Statistics: Num rows: 1 Data size: 94 Basic stats: COMPLETE Column stats: COMPLETE

  Stage: Stage-0
    Fetch Operator
      limit: -1
      Processor Tree:
        ListSink

Warning: Shuffle Join MERGEJOIN[22][tables = [$hdt$_0, $hdt$_1]] in Stage 'Reducer 2' is a cross product
PREHOOK: query: select count(*) from srcpart join (select ds as ds, ds as `date` from srcpart group by ds) s on (srcpart.ds = s.ds) where s.`date` = '2008-04-08'
PREHOOK: type: QUERY
PREHOOK: Input: default@srcpart
PREHOOK: Input: default@srcpart@ds=2008-04-08/hr=11
PREHOOK: Input: default@srcpart@ds=2008-04-08/hr=12
#### A masked pattern was here ####
POSTHOOK: query: select count(*) from srcpart join (select ds as ds, ds as `date` from srcpart group by ds) s on (srcpart.ds = s.ds) where s.`date` = '2008-04-08'
POSTHOOK: type: QUERY
POSTHOOK: Input: default@srcpart
POSTHOOK: Input: default@srcpart@ds=2008-04-08/hr=11
POSTHOOK: Input: default@srcpart@ds=2008-04-08/hr=12
#### A masked pattern was here ####
1000
PREHOOK: query: select count(*) from srcpart where ds = '2008-04-08'
PREHOOK: type: QUERY
PREHOOK: Input: default@srcpart
PREHOOK: Input: default@srcpart@ds=2008-04-08/hr=11
PREHOOK: Input: default@srcpart@ds=2008-04-08/hr=12
#### A masked pattern was here ####
POSTHOOK: query: select count(*) from srcpart where ds = '2008-04-08'
POSTHOOK: type: QUERY
POSTHOOK: Input: default@srcpart
POSTHOOK: Input: default@srcpart@ds=2008-04-08/hr=11
POSTHOOK: Input: default@srcpart@ds=2008-04-08/hr=12
#### A masked pattern was here ####
1000
Warning: Shuffle Join MERGEJOIN[15][tables = [$hdt$_0, $hdt$_1]] in Stage 'Reducer 2' is a cross product
PREHOOK: query: EXPLAIN select count(*) from srcpart, srcpart_date_hour where (srcpart_date_hour.`date` = '2008-04-08' and srcpart_date_hour.hour = 11) and (srcpart.ds = srcpart_date_hour.ds or srcpart.hr = srcpart_date_hour.hr)
PREHOOK: type: QUERY
POSTHOOK: query: EXPLAIN select count(*) from srcpart, srcpart_date_hour where (srcpart_date_hour.`date` = '2008-04-08' and srcpart_date_hour.hour = 11) and (srcpart.ds = srcpart_date_hour.ds or srcpart.hr = srcpart_date_hour.hr)
POSTHOOK: type: QUERY
STAGE DEPENDENCIES:
  Stage-1 is a root stage
  Stage-0 depends on stages: Stage-1

STAGE PLANS:
  Stage: Stage-1
    Tez
#### A masked pattern was here ####
      Edges:
        Reducer 2 <- Map 1 (CUSTOM_SIMPLE_EDGE), Map 4 (CUSTOM_SIMPLE_EDGE)
        Reducer 3 <- Reducer 2 (CUSTOM_SIMPLE_EDGE)
#### A masked pattern was here ####
      Vertices:
        Map 1 
            Map Operator Tree:
                TableScan
                  alias: srcpart
                  Statistics: Num rows: 2000 Data size: 757248 Basic stats: COMPLETE Column stats: COMPLETE
                  Select Operator
                    expressions: ds (type: string), hr (type: string)
                    outputColumnNames: _col0, _col1
                    Statistics: Num rows: 2000 Data size: 736000 Basic stats: COMPLETE Column stats: COMPLETE
                    Reduce Output Operator
                      sort order: 
                      Statistics: Num rows: 2000 Data size: 736000 Basic stats: COMPLETE Column stats: COMPLETE
                      value expressions: _col0 (type: string), _col1 (type: string)
            Execution mode: llap
            LLAP IO: no inputs
        Map 4 
            Map Operator Tree:
                TableScan
                  alias: srcpart_date_hour
                  filterExpr: ((date = '2008-04-08') and (UDFToDouble(hour) = 11.0)) (type: boolean)
                  Statistics: Num rows: 4 Data size: 108 Basic stats: COMPLETE Column stats: NONE
                  Filter Operator
                    predicate: ((date = '2008-04-08') and (UDFToDouble(hour) = 11.0)) (type: boolean)
                    Statistics: Num rows: 1 Data size: 27 Basic stats: COMPLETE Column stats: NONE
                    Select Operator
                      expressions: ds (type: string), hr (type: string)
                      outputColumnNames: _col0, _col2
                      Statistics: Num rows: 1 Data size: 27 Basic stats: COMPLETE Column stats: NONE
                      Reduce Output Operator
                        sort order: 
                        Statistics: Num rows: 1 Data size: 27 Basic stats: COMPLETE Column stats: NONE
                        value expressions: _col0 (type: string), _col2 (type: string)
            Execution mode: llap
            LLAP IO: no inputs
        Reducer 2 
            Execution mode: llap
            Reduce Operator Tree:
              Merge Join Operator
                condition map:
                     Inner Join 0 to 1
                keys:
                  0 
                  1 
                outputColumnNames: _col0, _col1, _col2, _col4
                residual filter predicates: {((_col0 = _col2) or (_col1 = _col4))}
                Statistics: Num rows: 2000 Data size: 792000 Basic stats: COMPLETE Column stats: NONE
                Select Operator
                  Statistics: Num rows: 2000 Data size: 792000 Basic stats: COMPLETE Column stats: NONE
                  Group By Operator
                    aggregations: count()
                    mode: hash
                    outputColumnNames: _col0
                    Statistics: Num rows: 1 Data size: 8 Basic stats: COMPLETE Column stats: NONE
                    Reduce Output Operator
                      sort order: 
                      Statistics: Num rows: 1 Data size: 8 Basic stats: COMPLETE Column stats: NONE
                      value expressions: _col0 (type: bigint)
        Reducer 3 
            Execution mode: llap
            Reduce Operator Tree:
              Group By Operator
                aggregations: count(VALUE._col0)
                mode: mergepartial
                outputColumnNames: _col0
                Statistics: Num rows: 1 Data size: 8 Basic stats: COMPLETE Column stats: NONE
                File Output Operator
                  compressed: false
                  Statistics: Num rows: 1 Data size: 8 Basic stats: COMPLETE Column stats: NONE
                  table:
                      input format: org.apache.hadoop.mapred.SequenceFileInputFormat
                      output format: org.apache.hadoop.hive.ql.io.HiveSequenceFileOutputFormat
                      serde: org.apache.hadoop.hive.serde2.lazy.LazySimpleSerDe

  Stage: Stage-0
    Fetch Operator
      limit: -1
      Processor Tree:
        ListSink

Warning: Shuffle Join MERGEJOIN[15][tables = [$hdt$_0, $hdt$_1]] in Stage 'Reducer 2' is a cross product
PREHOOK: query: select count(*) from srcpart, srcpart_date_hour where (srcpart_date_hour.`date` = '2008-04-08' and srcpart_date_hour.hour = 11) and (srcpart.ds = srcpart_date_hour.ds or srcpart.hr = srcpart_date_hour.hr)
PREHOOK: type: QUERY
PREHOOK: Input: default@srcpart
PREHOOK: Input: default@srcpart@ds=2008-04-08/hr=11
PREHOOK: Input: default@srcpart@ds=2008-04-08/hr=12
PREHOOK: Input: default@srcpart@ds=2008-04-09/hr=11
PREHOOK: Input: default@srcpart@ds=2008-04-09/hr=12
PREHOOK: Input: default@srcpart_date_hour
#### A masked pattern was here ####
POSTHOOK: query: select count(*) from srcpart, srcpart_date_hour where (srcpart_date_hour.`date` = '2008-04-08' and srcpart_date_hour.hour = 11) and (srcpart.ds = srcpart_date_hour.ds or srcpart.hr = srcpart_date_hour.hr)
POSTHOOK: type: QUERY
POSTHOOK: Input: default@srcpart
POSTHOOK: Input: default@srcpart@ds=2008-04-08/hr=11
POSTHOOK: Input: default@srcpart@ds=2008-04-08/hr=12
POSTHOOK: Input: default@srcpart@ds=2008-04-09/hr=11
POSTHOOK: Input: default@srcpart@ds=2008-04-09/hr=12
POSTHOOK: Input: default@srcpart_date_hour
#### A masked pattern was here ####
1500
PREHOOK: query: EXPLAIN select count(*) from srcpart, srcpart_date_hour where srcpart_date_hour.`date` = '2008-04-08' and srcpart_date_hour.hour = 11 and srcpart.ds = srcpart_date_hour.ds and srcpart.hr = srcpart_date_hour.hr
PREHOOK: type: QUERY
POSTHOOK: query: EXPLAIN select count(*) from srcpart, srcpart_date_hour where srcpart_date_hour.`date` = '2008-04-08' and srcpart_date_hour.hour = 11 and srcpart.ds = srcpart_date_hour.ds and srcpart.hr = srcpart_date_hour.hr
POSTHOOK: type: QUERY
STAGE DEPENDENCIES:
  Stage-1 is a root stage
  Stage-0 depends on stages: Stage-1

STAGE PLANS:
  Stage: Stage-1
    Tez
#### A masked pattern was here ####
      Edges:
        Reducer 2 <- Map 1 (SIMPLE_EDGE), Map 4 (SIMPLE_EDGE)
        Reducer 3 <- Reducer 2 (CUSTOM_SIMPLE_EDGE)
#### A masked pattern was here ####
      Vertices:
        Map 1 
            Map Operator Tree:
                TableScan
                  alias: srcpart
                  Statistics: Num rows: 2000 Data size: 757248 Basic stats: COMPLETE Column stats: COMPLETE
                  Select Operator
                    expressions: ds (type: string), hr (type: string)
                    outputColumnNames: _col0, _col1
                    Statistics: Num rows: 2000 Data size: 736000 Basic stats: COMPLETE Column stats: COMPLETE
                    Reduce Output Operator
                      key expressions: _col0 (type: string), _col1 (type: string)
                      sort order: ++
                      Map-reduce partition columns: _col0 (type: string), _col1 (type: string)
                      Statistics: Num rows: 2000 Data size: 736000 Basic stats: COMPLETE Column stats: COMPLETE
            Execution mode: llap
            LLAP IO: no inputs
        Map 4 
            Map Operator Tree:
                TableScan
                  alias: srcpart_date_hour
                  filterExpr: ((date = '2008-04-08') and (UDFToDouble(hour) = 11.0) and ds is not null and hr is not null) (type: boolean)
                  Statistics: Num rows: 4 Data size: 108 Basic stats: COMPLETE Column stats: NONE
                  Filter Operator
                    predicate: ((date = '2008-04-08') and (UDFToDouble(hour) = 11.0) and ds is not null and hr is not null) (type: boolean)
                    Statistics: Num rows: 1 Data size: 27 Basic stats: COMPLETE Column stats: NONE
                    Select Operator
                      expressions: ds (type: string), hr (type: string)
                      outputColumnNames: _col0, _col2
                      Statistics: Num rows: 1 Data size: 27 Basic stats: COMPLETE Column stats: NONE
                      Reduce Output Operator
                        key expressions: _col0 (type: string), _col2 (type: string)
                        sort order: ++
                        Map-reduce partition columns: _col0 (type: string), _col2 (type: string)
                        Statistics: Num rows: 1 Data size: 27 Basic stats: COMPLETE Column stats: NONE
                      Select Operator
                        expressions: _col0 (type: string)
                        outputColumnNames: _col0
                        Statistics: Num rows: 1 Data size: 27 Basic stats: COMPLETE Column stats: NONE
                        Group By Operator
                          keys: _col0 (type: string)
                          mode: hash
                          outputColumnNames: _col0
                          Statistics: Num rows: 1 Data size: 27 Basic stats: COMPLETE Column stats: NONE
                          Dynamic Partitioning Event Operator
                            Target column: ds (string)
                            Target Input: srcpart
                            Partition key expr: ds
                            Statistics: Num rows: 1 Data size: 27 Basic stats: COMPLETE Column stats: NONE
                            Target Vertex: Map 1
                      Select Operator
                        expressions: _col2 (type: string)
                        outputColumnNames: _col0
                        Statistics: Num rows: 1 Data size: 27 Basic stats: COMPLETE Column stats: NONE
                        Group By Operator
                          keys: _col0 (type: string)
                          mode: hash
                          outputColumnNames: _col0
                          Statistics: Num rows: 1 Data size: 27 Basic stats: COMPLETE Column stats: NONE
                          Dynamic Partitioning Event Operator
                            Target column: hr (string)
                            Target Input: srcpart
                            Partition key expr: hr
                            Statistics: Num rows: 1 Data size: 27 Basic stats: COMPLETE Column stats: NONE
                            Target Vertex: Map 1
            Execution mode: llap
            LLAP IO: no inputs
        Reducer 2 
            Execution mode: llap
            Reduce Operator Tree:
              Merge Join Operator
                condition map:
                     Inner Join 0 to 1
                keys:
                  0 _col0 (type: string), _col1 (type: string)
                  1 _col0 (type: string), _col2 (type: string)
                Statistics: Num rows: 2200 Data size: 809600 Basic stats: COMPLETE Column stats: NONE
                Group By Operator
                  aggregations: count()
                  mode: hash
                  outputColumnNames: _col0
                  Statistics: Num rows: 1 Data size: 8 Basic stats: COMPLETE Column stats: NONE
                  Reduce Output Operator
                    sort order: 
                    Statistics: Num rows: 1 Data size: 8 Basic stats: COMPLETE Column stats: NONE
                    value expressions: _col0 (type: bigint)
        Reducer 3 
            Execution mode: llap
            Reduce Operator Tree:
              Group By Operator
                aggregations: count(VALUE._col0)
                mode: mergepartial
                outputColumnNames: _col0
                Statistics: Num rows: 1 Data size: 8 Basic stats: COMPLETE Column stats: NONE
                File Output Operator
                  compressed: false
                  Statistics: Num rows: 1 Data size: 8 Basic stats: COMPLETE Column stats: NONE
                  table:
                      input format: org.apache.hadoop.mapred.SequenceFileInputFormat
                      output format: org.apache.hadoop.hive.ql.io.HiveSequenceFileOutputFormat
                      serde: org.apache.hadoop.hive.serde2.lazy.LazySimpleSerDe

  Stage: Stage-0
    Fetch Operator
      limit: -1
      Processor Tree:
        ListSink

PREHOOK: query: select count(*) from srcpart, srcpart_date_hour where srcpart_date_hour.`date` = '2008-04-08' and srcpart_date_hour.hour = 11 and srcpart.ds = srcpart_date_hour.ds and srcpart.hr = srcpart_date_hour.hr
PREHOOK: type: QUERY
PREHOOK: Input: default@srcpart
PREHOOK: Input: default@srcpart@ds=2008-04-08/hr=11
PREHOOK: Input: default@srcpart@ds=2008-04-08/hr=12
PREHOOK: Input: default@srcpart@ds=2008-04-09/hr=11
PREHOOK: Input: default@srcpart@ds=2008-04-09/hr=12
PREHOOK: Input: default@srcpart_date_hour
#### A masked pattern was here ####
POSTHOOK: query: select count(*) from srcpart, srcpart_date_hour where srcpart_date_hour.`date` = '2008-04-08' and srcpart_date_hour.hour = 11 and srcpart.ds = srcpart_date_hour.ds and srcpart.hr = srcpart_date_hour.hr
POSTHOOK: type: QUERY
POSTHOOK: Input: default@srcpart
POSTHOOK: Input: default@srcpart@ds=2008-04-08/hr=11
POSTHOOK: Input: default@srcpart@ds=2008-04-08/hr=12
POSTHOOK: Input: default@srcpart@ds=2008-04-09/hr=11
POSTHOOK: Input: default@srcpart@ds=2008-04-09/hr=12
POSTHOOK: Input: default@srcpart_date_hour
#### A masked pattern was here ####
500
PREHOOK: query: EXPLAIN select count(*) from srcpart left join srcpart_date on (srcpart.ds = srcpart_date.ds) where srcpart_date.`date` = '2008-04-08'
PREHOOK: type: QUERY
POSTHOOK: query: EXPLAIN select count(*) from srcpart left join srcpart_date on (srcpart.ds = srcpart_date.ds) where srcpart_date.`date` = '2008-04-08'
POSTHOOK: type: QUERY
STAGE DEPENDENCIES:
  Stage-1 is a root stage
  Stage-0 depends on stages: Stage-1

STAGE PLANS:
  Stage: Stage-1
    Tez
#### A masked pattern was here ####
      Edges:
        Reducer 2 <- Map 1 (SIMPLE_EDGE), Map 4 (SIMPLE_EDGE)
        Reducer 3 <- Reducer 2 (CUSTOM_SIMPLE_EDGE)
#### A masked pattern was here ####
      Vertices:
        Map 1 
            Map Operator Tree:
                TableScan
                  alias: srcpart
                  filterExpr: ds is not null (type: boolean)
                  Statistics: Num rows: 2000 Data size: 389248 Basic stats: COMPLETE Column stats: COMPLETE
                  Select Operator
                    expressions: ds (type: string)
                    outputColumnNames: _col0
                    Statistics: Num rows: 2000 Data size: 368000 Basic stats: COMPLETE Column stats: COMPLETE
                    Reduce Output Operator
                      key expressions: _col0 (type: string)
                      sort order: +
                      Map-reduce partition columns: _col0 (type: string)
                      Statistics: Num rows: 2000 Data size: 368000 Basic stats: COMPLETE Column stats: COMPLETE
            Execution mode: llap
            LLAP IO: no inputs
        Map 4 
            Map Operator Tree:
                TableScan
                  alias: srcpart_date
                  filterExpr: ((date = '2008-04-08') and ds is not null) (type: boolean)
                  Statistics: Num rows: 2 Data size: 42 Basic stats: COMPLETE Column stats: NONE
                  Filter Operator
                    predicate: ((date = '2008-04-08') and ds is not null) (type: boolean)
                    Statistics: Num rows: 1 Data size: 21 Basic stats: COMPLETE Column stats: NONE
                    Select Operator
                      expressions: ds (type: string)
                      outputColumnNames: _col0
                      Statistics: Num rows: 1 Data size: 21 Basic stats: COMPLETE Column stats: NONE
                      Reduce Output Operator
                        key expressions: _col0 (type: string)
                        sort order: +
                        Map-reduce partition columns: _col0 (type: string)
                        Statistics: Num rows: 1 Data size: 21 Basic stats: COMPLETE Column stats: NONE
                      Select Operator
                        expressions: _col0 (type: string)
                        outputColumnNames: _col0
                        Statistics: Num rows: 1 Data size: 21 Basic stats: COMPLETE Column stats: NONE
                        Group By Operator
                          keys: _col0 (type: string)
                          mode: hash
                          outputColumnNames: _col0
                          Statistics: Num rows: 1 Data size: 21 Basic stats: COMPLETE Column stats: NONE
                          Dynamic Partitioning Event Operator
                            Target column: ds (string)
                            Target Input: srcpart
                            Partition key expr: ds
                            Statistics: Num rows: 1 Data size: 21 Basic stats: COMPLETE Column stats: NONE
                            Target Vertex: Map 1
            Execution mode: llap
            LLAP IO: no inputs
        Reducer 2 
            Execution mode: llap
            Reduce Operator Tree:
              Merge Join Operator
                condition map:
                     Inner Join 0 to 1
                keys:
                  0 _col0 (type: string)
                  1 _col0 (type: string)
                Statistics: Num rows: 2200 Data size: 404800 Basic stats: COMPLETE Column stats: NONE
                Group By Operator
                  aggregations: count()
                  mode: hash
                  outputColumnNames: _col0
                  Statistics: Num rows: 1 Data size: 8 Basic stats: COMPLETE Column stats: NONE
                  Reduce Output Operator
                    sort order: 
                    Statistics: Num rows: 1 Data size: 8 Basic stats: COMPLETE Column stats: NONE
                    value expressions: _col0 (type: bigint)
        Reducer 3 
            Execution mode: llap
            Reduce Operator Tree:
              Group By Operator
                aggregations: count(VALUE._col0)
                mode: mergepartial
                outputColumnNames: _col0
                Statistics: Num rows: 1 Data size: 8 Basic stats: COMPLETE Column stats: NONE
                File Output Operator
                  compressed: false
                  Statistics: Num rows: 1 Data size: 8 Basic stats: COMPLETE Column stats: NONE
                  table:
                      input format: org.apache.hadoop.mapred.SequenceFileInputFormat
                      output format: org.apache.hadoop.hive.ql.io.HiveSequenceFileOutputFormat
                      serde: org.apache.hadoop.hive.serde2.lazy.LazySimpleSerDe

  Stage: Stage-0
    Fetch Operator
      limit: -1
      Processor Tree:
        ListSink

PREHOOK: query: EXPLAIN select count(*) from srcpart_date left join srcpart on (srcpart.ds = srcpart_date.ds) where srcpart_date.`date` = '2008-04-08'
PREHOOK: type: QUERY
POSTHOOK: query: EXPLAIN select count(*) from srcpart_date left join srcpart on (srcpart.ds = srcpart_date.ds) where srcpart_date.`date` = '2008-04-08'
POSTHOOK: type: QUERY
STAGE DEPENDENCIES:
  Stage-1 is a root stage
  Stage-0 depends on stages: Stage-1

STAGE PLANS:
  Stage: Stage-1
    Tez
#### A masked pattern was here ####
      Edges:
        Reducer 2 <- Map 1 (SIMPLE_EDGE), Map 4 (SIMPLE_EDGE)
        Reducer 3 <- Reducer 2 (CUSTOM_SIMPLE_EDGE)
#### A masked pattern was here ####
      Vertices:
        Map 1 
            Map Operator Tree:
                TableScan
                  alias: srcpart_date
                  filterExpr: (date = '2008-04-08') (type: boolean)
                  Statistics: Num rows: 2 Data size: 42 Basic stats: COMPLETE Column stats: NONE
                  Filter Operator
                    predicate: (date = '2008-04-08') (type: boolean)
                    Statistics: Num rows: 1 Data size: 21 Basic stats: COMPLETE Column stats: NONE
                    Select Operator
                      expressions: ds (type: string)
                      outputColumnNames: _col0
                      Statistics: Num rows: 1 Data size: 21 Basic stats: COMPLETE Column stats: NONE
                      Reduce Output Operator
                        key expressions: _col0 (type: string)
                        sort order: +
                        Map-reduce partition columns: _col0 (type: string)
                        Statistics: Num rows: 1 Data size: 21 Basic stats: COMPLETE Column stats: NONE
                      Select Operator
                        expressions: _col0 (type: string)
                        outputColumnNames: _col0
                        Statistics: Num rows: 1 Data size: 21 Basic stats: COMPLETE Column stats: NONE
                        Group By Operator
                          keys: _col0 (type: string)
                          mode: hash
                          outputColumnNames: _col0
                          Statistics: Num rows: 1 Data size: 21 Basic stats: COMPLETE Column stats: NONE
                          Dynamic Partitioning Event Operator
                            Target column: ds (string)
                            Target Input: srcpart
                            Partition key expr: ds
                            Statistics: Num rows: 1 Data size: 21 Basic stats: COMPLETE Column stats: NONE
                            Target Vertex: Map 4
            Execution mode: llap
            LLAP IO: no inputs
        Map 4 
            Map Operator Tree:
                TableScan
                  alias: srcpart
                  Statistics: Num rows: 2000 Data size: 389248 Basic stats: COMPLETE Column stats: COMPLETE
                  Select Operator
                    expressions: ds (type: string)
                    outputColumnNames: _col0
                    Statistics: Num rows: 2000 Data size: 368000 Basic stats: COMPLETE Column stats: COMPLETE
                    Reduce Output Operator
                      key expressions: _col0 (type: string)
                      sort order: +
                      Map-reduce partition columns: _col0 (type: string)
                      Statistics: Num rows: 2000 Data size: 368000 Basic stats: COMPLETE Column stats: COMPLETE
            Execution mode: llap
            LLAP IO: no inputs
        Reducer 2 
            Execution mode: llap
            Reduce Operator Tree:
              Merge Join Operator
                condition map:
                     Left Outer Join 0 to 1
                keys:
                  0 _col0 (type: string)
                  1 _col0 (type: string)
                Statistics: Num rows: 2200 Data size: 404800 Basic stats: COMPLETE Column stats: NONE
                Group By Operator
                  aggregations: count()
                  mode: hash
                  outputColumnNames: _col0
                  Statistics: Num rows: 1 Data size: 8 Basic stats: COMPLETE Column stats: NONE
                  Reduce Output Operator
                    sort order: 
                    Statistics: Num rows: 1 Data size: 8 Basic stats: COMPLETE Column stats: NONE
                    value expressions: _col0 (type: bigint)
        Reducer 3 
            Execution mode: llap
            Reduce Operator Tree:
              Group By Operator
                aggregations: count(VALUE._col0)
                mode: mergepartial
                outputColumnNames: _col0
                Statistics: Num rows: 1 Data size: 8 Basic stats: COMPLETE Column stats: NONE
                File Output Operator
                  compressed: false
                  Statistics: Num rows: 1 Data size: 8 Basic stats: COMPLETE Column stats: NONE
                  table:
                      input format: org.apache.hadoop.mapred.SequenceFileInputFormat
                      output format: org.apache.hadoop.hive.ql.io.HiveSequenceFileOutputFormat
                      serde: org.apache.hadoop.hive.serde2.lazy.LazySimpleSerDe

  Stage: Stage-0
    Fetch Operator
      limit: -1
      Processor Tree:
        ListSink

PREHOOK: query: EXPLAIN select count(*) from srcpart full outer join srcpart_date on (srcpart.ds = srcpart_date.ds) where srcpart_date.`date` = '2008-04-08'
PREHOOK: type: QUERY
POSTHOOK: query: EXPLAIN select count(*) from srcpart full outer join srcpart_date on (srcpart.ds = srcpart_date.ds) where srcpart_date.`date` = '2008-04-08'
POSTHOOK: type: QUERY
STAGE DEPENDENCIES:
  Stage-1 is a root stage
  Stage-0 depends on stages: Stage-1

STAGE PLANS:
  Stage: Stage-1
    Tez
#### A masked pattern was here ####
      Edges:
        Reducer 2 <- Map 1 (SIMPLE_EDGE), Map 4 (SIMPLE_EDGE)
        Reducer 3 <- Reducer 2 (CUSTOM_SIMPLE_EDGE)
#### A masked pattern was here ####
      Vertices:
        Map 1 
            Map Operator Tree:
                TableScan
                  alias: srcpart
                  Statistics: Num rows: 2000 Data size: 389248 Basic stats: COMPLETE Column stats: COMPLETE
                  Select Operator
                    expressions: ds (type: string)
                    outputColumnNames: _col0
                    Statistics: Num rows: 2000 Data size: 368000 Basic stats: COMPLETE Column stats: COMPLETE
                    Reduce Output Operator
                      key expressions: _col0 (type: string)
                      sort order: +
                      Map-reduce partition columns: _col0 (type: string)
                      Statistics: Num rows: 2000 Data size: 368000 Basic stats: COMPLETE Column stats: COMPLETE
            Execution mode: llap
            LLAP IO: no inputs
        Map 4 
            Map Operator Tree:
                TableScan
                  alias: srcpart_date
                  filterExpr: (date = '2008-04-08') (type: boolean)
                  Statistics: Num rows: 2 Data size: 42 Basic stats: COMPLETE Column stats: NONE
                  Filter Operator
                    predicate: (date = '2008-04-08') (type: boolean)
                    Statistics: Num rows: 1 Data size: 21 Basic stats: COMPLETE Column stats: NONE
                    Select Operator
                      expressions: ds (type: string)
                      outputColumnNames: _col0
                      Statistics: Num rows: 1 Data size: 21 Basic stats: COMPLETE Column stats: NONE
                      Reduce Output Operator
                        key expressions: _col0 (type: string)
                        sort order: +
                        Map-reduce partition columns: _col0 (type: string)
                        Statistics: Num rows: 1 Data size: 21 Basic stats: COMPLETE Column stats: NONE
                      Select Operator
                        expressions: _col0 (type: string)
                        outputColumnNames: _col0
                        Statistics: Num rows: 1 Data size: 21 Basic stats: COMPLETE Column stats: NONE
                        Group By Operator
                          keys: _col0 (type: string)
                          mode: hash
                          outputColumnNames: _col0
                          Statistics: Num rows: 1 Data size: 21 Basic stats: COMPLETE Column stats: NONE
                          Dynamic Partitioning Event Operator
                            Target column: ds (string)
                            Target Input: srcpart
                            Partition key expr: ds
                            Statistics: Num rows: 1 Data size: 21 Basic stats: COMPLETE Column stats: NONE
                            Target Vertex: Map 1
            Execution mode: llap
            LLAP IO: no inputs
        Reducer 2 
            Execution mode: llap
            Reduce Operator Tree:
              Merge Join Operator
                condition map:
                     Right Outer Join 0 to 1
                keys:
                  0 _col0 (type: string)
                  1 _col0 (type: string)
                Statistics: Num rows: 2200 Data size: 404800 Basic stats: COMPLETE Column stats: NONE
                Group By Operator
                  aggregations: count()
                  mode: hash
                  outputColumnNames: _col0
                  Statistics: Num rows: 1 Data size: 8 Basic stats: COMPLETE Column stats: NONE
                  Reduce Output Operator
                    sort order: 
                    Statistics: Num rows: 1 Data size: 8 Basic stats: COMPLETE Column stats: NONE
                    value expressions: _col0 (type: bigint)
        Reducer 3 
            Execution mode: llap
            Reduce Operator Tree:
              Group By Operator
                aggregations: count(VALUE._col0)
                mode: mergepartial
                outputColumnNames: _col0
                Statistics: Num rows: 1 Data size: 8 Basic stats: COMPLETE Column stats: NONE
                File Output Operator
                  compressed: false
                  Statistics: Num rows: 1 Data size: 8 Basic stats: COMPLETE Column stats: NONE
                  table:
                      input format: org.apache.hadoop.mapred.SequenceFileInputFormat
                      output format: org.apache.hadoop.hive.ql.io.HiveSequenceFileOutputFormat
                      serde: org.apache.hadoop.hive.serde2.lazy.LazySimpleSerDe

  Stage: Stage-0
    Fetch Operator
      limit: -1
      Processor Tree:
        ListSink

PREHOOK: query: EXPLAIN select count(*) from srcpart join srcpart_date on (srcpart.ds = srcpart_date.ds) join srcpart_hour on (srcpart.hr = srcpart_hour.hr) 
where srcpart_date.`date` = '2008-04-08' and srcpart_hour.hour = 11 and srcpart.hr = 11
PREHOOK: type: QUERY
POSTHOOK: query: EXPLAIN select count(*) from srcpart join srcpart_date on (srcpart.ds = srcpart_date.ds) join srcpart_hour on (srcpart.hr = srcpart_hour.hr) 
where srcpart_date.`date` = '2008-04-08' and srcpart_hour.hour = 11 and srcpart.hr = 11
POSTHOOK: type: QUERY
STAGE DEPENDENCIES:
  Stage-1 is a root stage
  Stage-0 depends on stages: Stage-1

STAGE PLANS:
  Stage: Stage-1
    Tez
#### A masked pattern was here ####
      Edges:
        Reducer 2 <- Map 1 (SIMPLE_EDGE), Map 5 (SIMPLE_EDGE)
        Reducer 3 <- Map 6 (SIMPLE_EDGE), Reducer 2 (SIMPLE_EDGE)
        Reducer 4 <- Reducer 3 (CUSTOM_SIMPLE_EDGE)
#### A masked pattern was here ####
      Vertices:
        Map 1 
            Map Operator Tree:
                TableScan
                  alias: srcpart
                  Statistics: Num rows: 1000 Data size: 378624 Basic stats: COMPLETE Column stats: COMPLETE
                  Select Operator
                    expressions: ds (type: string), hr (type: string)
                    outputColumnNames: _col0, _col1
                    Statistics: Num rows: 1000 Data size: 368000 Basic stats: COMPLETE Column stats: COMPLETE
                    Reduce Output Operator
                      key expressions: _col0 (type: string)
                      sort order: +
                      Map-reduce partition columns: _col0 (type: string)
                      Statistics: Num rows: 1000 Data size: 368000 Basic stats: COMPLETE Column stats: COMPLETE
                      value expressions: _col1 (type: string)
            Execution mode: llap
            LLAP IO: no inputs
        Map 5 
            Map Operator Tree:
                TableScan
                  alias: srcpart_date
                  filterExpr: ((date = '2008-04-08') and ds is not null) (type: boolean)
                  Statistics: Num rows: 2 Data size: 42 Basic stats: COMPLETE Column stats: NONE
                  Filter Operator
                    predicate: ((date = '2008-04-08') and ds is not null) (type: boolean)
                    Statistics: Num rows: 1 Data size: 21 Basic stats: COMPLETE Column stats: NONE
                    Select Operator
                      expressions: ds (type: string)
                      outputColumnNames: _col0
                      Statistics: Num rows: 1 Data size: 21 Basic stats: COMPLETE Column stats: NONE
                      Reduce Output Operator
                        key expressions: _col0 (type: string)
                        sort order: +
                        Map-reduce partition columns: _col0 (type: string)
                        Statistics: Num rows: 1 Data size: 21 Basic stats: COMPLETE Column stats: NONE
                      Select Operator
                        expressions: _col0 (type: string)
                        outputColumnNames: _col0
                        Statistics: Num rows: 1 Data size: 21 Basic stats: COMPLETE Column stats: NONE
                        Group By Operator
                          keys: _col0 (type: string)
                          mode: hash
                          outputColumnNames: _col0
                          Statistics: Num rows: 1 Data size: 21 Basic stats: COMPLETE Column stats: NONE
                          Dynamic Partitioning Event Operator
                            Target column: ds (string)
                            Target Input: srcpart
                            Partition key expr: ds
                            Statistics: Num rows: 1 Data size: 21 Basic stats: COMPLETE Column stats: NONE
                            Target Vertex: Map 1
            Execution mode: llap
            LLAP IO: no inputs
        Map 6 
            Map Operator Tree:
                TableScan
                  alias: srcpart_hour
                  filterExpr: ((UDFToDouble(hour) = 11.0) and (UDFToDouble(hr) = 11.0)) (type: boolean)
                  Statistics: Num rows: 2 Data size: 10 Basic stats: COMPLETE Column stats: NONE
                  Filter Operator
                    predicate: ((UDFToDouble(hour) = 11.0) and (UDFToDouble(hr) = 11.0)) (type: boolean)
                    Statistics: Num rows: 1 Data size: 5 Basic stats: COMPLETE Column stats: NONE
                    Select Operator
                      expressions: hr (type: string)
                      outputColumnNames: _col0
                      Statistics: Num rows: 1 Data size: 5 Basic stats: COMPLETE Column stats: NONE
                      Reduce Output Operator
                        key expressions: _col0 (type: string)
                        sort order: +
                        Map-reduce partition columns: _col0 (type: string)
                        Statistics: Num rows: 1 Data size: 5 Basic stats: COMPLETE Column stats: NONE
                      Select Operator
                        expressions: _col0 (type: string)
                        outputColumnNames: _col0
                        Statistics: Num rows: 1 Data size: 5 Basic stats: COMPLETE Column stats: NONE
                        Group By Operator
                          keys: _col0 (type: string)
                          mode: hash
                          outputColumnNames: _col0
                          Statistics: Num rows: 1 Data size: 5 Basic stats: COMPLETE Column stats: NONE
                          Dynamic Partitioning Event Operator
                            Target column: hr (string)
                            Target Input: srcpart
                            Partition key expr: hr
                            Statistics: Num rows: 1 Data size: 5 Basic stats: COMPLETE Column stats: NONE
                            Target Vertex: Map 1
            Execution mode: llap
            LLAP IO: no inputs
        Reducer 2 
            Execution mode: llap
            Reduce Operator Tree:
              Merge Join Operator
                condition map:
                     Inner Join 0 to 1
                keys:
                  0 _col0 (type: string)
                  1 _col0 (type: string)
                outputColumnNames: _col1
                Statistics: Num rows: 1100 Data size: 404800 Basic stats: COMPLETE Column stats: NONE
                Reduce Output Operator
                  key expressions: _col1 (type: string)
                  sort order: +
                  Map-reduce partition columns: _col1 (type: string)
                  Statistics: Num rows: 1100 Data size: 404800 Basic stats: COMPLETE Column stats: NONE
        Reducer 3 
            Execution mode: llap
            Reduce Operator Tree:
              Merge Join Operator
                condition map:
                     Inner Join 0 to 1
                keys:
                  0 _col1 (type: string)
                  1 _col0 (type: string)
                Statistics: Num rows: 1210 Data size: 445280 Basic stats: COMPLETE Column stats: NONE
                Group By Operator
                  aggregations: count()
                  mode: hash
                  outputColumnNames: _col0
                  Statistics: Num rows: 1 Data size: 8 Basic stats: COMPLETE Column stats: NONE
                  Reduce Output Operator
                    sort order: 
                    Statistics: Num rows: 1 Data size: 8 Basic stats: COMPLETE Column stats: NONE
                    value expressions: _col0 (type: bigint)
        Reducer 4 
            Execution mode: llap
            Reduce Operator Tree:
              Group By Operator
                aggregations: count(VALUE._col0)
                mode: mergepartial
                outputColumnNames: _col0
                Statistics: Num rows: 1 Data size: 8 Basic stats: COMPLETE Column stats: NONE
                File Output Operator
                  compressed: false
                  Statistics: Num rows: 1 Data size: 8 Basic stats: COMPLETE Column stats: NONE
                  table:
                      input format: org.apache.hadoop.mapred.SequenceFileInputFormat
                      output format: org.apache.hadoop.hive.ql.io.HiveSequenceFileOutputFormat
                      serde: org.apache.hadoop.hive.serde2.lazy.LazySimpleSerDe

  Stage: Stage-0
    Fetch Operator
      limit: -1
      Processor Tree:
        ListSink

PREHOOK: query: select count(*) from srcpart join srcpart_date on (srcpart.ds = srcpart_date.ds) join srcpart_hour on (srcpart.hr = srcpart_hour.hr) 
where srcpart_date.`date` = '2008-04-08' and srcpart_hour.hour = 11 and srcpart.hr = 11
PREHOOK: type: QUERY
PREHOOK: Input: default@srcpart
PREHOOK: Input: default@srcpart@ds=2008-04-08/hr=11
PREHOOK: Input: default@srcpart@ds=2008-04-09/hr=11
PREHOOK: Input: default@srcpart_date
PREHOOK: Input: default@srcpart_hour
#### A masked pattern was here ####
POSTHOOK: query: select count(*) from srcpart join srcpart_date on (srcpart.ds = srcpart_date.ds) join srcpart_hour on (srcpart.hr = srcpart_hour.hr) 
where srcpart_date.`date` = '2008-04-08' and srcpart_hour.hour = 11 and srcpart.hr = 11
POSTHOOK: type: QUERY
POSTHOOK: Input: default@srcpart
POSTHOOK: Input: default@srcpart@ds=2008-04-08/hr=11
POSTHOOK: Input: default@srcpart@ds=2008-04-09/hr=11
POSTHOOK: Input: default@srcpart_date
POSTHOOK: Input: default@srcpart_hour
#### A masked pattern was here ####
500
PREHOOK: query: EXPLAIN select count(*) from srcpart join srcpart_date on (srcpart.ds = srcpart_date.ds) join srcpart_hour on (srcpart.hr = srcpart_hour.hr) 
where srcpart_date.`date` = '2008-04-08' and srcpart.hr = 13
PREHOOK: type: QUERY
POSTHOOK: query: EXPLAIN select count(*) from srcpart join srcpart_date on (srcpart.ds = srcpart_date.ds) join srcpart_hour on (srcpart.hr = srcpart_hour.hr) 
where srcpart_date.`date` = '2008-04-08' and srcpart.hr = 13
POSTHOOK: type: QUERY
STAGE DEPENDENCIES:
  Stage-1 is a root stage
  Stage-0 depends on stages: Stage-1

STAGE PLANS:
  Stage: Stage-1
    Tez
#### A masked pattern was here ####
      Edges:
        Reducer 2 <- Map 1 (SIMPLE_EDGE), Map 5 (SIMPLE_EDGE)
        Reducer 3 <- Map 6 (SIMPLE_EDGE), Reducer 2 (SIMPLE_EDGE)
        Reducer 4 <- Reducer 3 (CUSTOM_SIMPLE_EDGE)
#### A masked pattern was here ####
      Vertices:
        Map 1 
            Map Operator Tree:
                TableScan
                  alias: srcpart
                  filterExpr: ((UDFToDouble(hr) = 13.0) and ds is not null) (type: boolean)
                  Statistics: Num rows: 1 Data size: 368 Basic stats: COMPLETE Column stats: COMPLETE
                  Filter Operator
                    predicate: ((UDFToDouble(hr) = 13.0) and ds is not null) (type: boolean)
                    Statistics: Num rows: 1 Data size: 368 Basic stats: COMPLETE Column stats: COMPLETE
                    Select Operator
                      expressions: ds (type: string), hr (type: string)
                      outputColumnNames: _col0, _col1
                      Statistics: Num rows: 1 Data size: 368 Basic stats: COMPLETE Column stats: COMPLETE
                      Reduce Output Operator
                        key expressions: _col0 (type: string)
                        sort order: +
                        Map-reduce partition columns: _col0 (type: string)
                        Statistics: Num rows: 1 Data size: 368 Basic stats: COMPLETE Column stats: COMPLETE
                        value expressions: _col1 (type: string)
            Execution mode: llap
            LLAP IO: unknown
        Map 5 
            Map Operator Tree:
                TableScan
                  alias: srcpart_date
                  filterExpr: ((date = '2008-04-08') and ds is not null) (type: boolean)
                  Statistics: Num rows: 2 Data size: 42 Basic stats: COMPLETE Column stats: NONE
                  Filter Operator
                    predicate: ((date = '2008-04-08') and ds is not null) (type: boolean)
                    Statistics: Num rows: 1 Data size: 21 Basic stats: COMPLETE Column stats: NONE
                    Select Operator
                      expressions: ds (type: string)
                      outputColumnNames: _col0
                      Statistics: Num rows: 1 Data size: 21 Basic stats: COMPLETE Column stats: NONE
                      Reduce Output Operator
                        key expressions: _col0 (type: string)
                        sort order: +
                        Map-reduce partition columns: _col0 (type: string)
                        Statistics: Num rows: 1 Data size: 21 Basic stats: COMPLETE Column stats: NONE
            Execution mode: llap
            LLAP IO: no inputs
        Map 6 
            Map Operator Tree:
                TableScan
                  alias: srcpart_hour
                  filterExpr: (UDFToDouble(hr) = 13.0) (type: boolean)
                  Statistics: Num rows: 2 Data size: 10 Basic stats: COMPLETE Column stats: NONE
                  Filter Operator
                    predicate: (UDFToDouble(hr) = 13.0) (type: boolean)
                    Statistics: Num rows: 1 Data size: 5 Basic stats: COMPLETE Column stats: NONE
                    Select Operator
                      expressions: hr (type: string)
                      outputColumnNames: _col0
                      Statistics: Num rows: 1 Data size: 5 Basic stats: COMPLETE Column stats: NONE
                      Reduce Output Operator
                        key expressions: _col0 (type: string)
                        sort order: +
                        Map-reduce partition columns: _col0 (type: string)
                        Statistics: Num rows: 1 Data size: 5 Basic stats: COMPLETE Column stats: NONE
            Execution mode: llap
            LLAP IO: no inputs
        Reducer 2 
            Execution mode: llap
            Reduce Operator Tree:
              Merge Join Operator
                condition map:
                     Inner Join 0 to 1
                keys:
                  0 _col0 (type: string)
                  1 _col0 (type: string)
                outputColumnNames: _col1
                Statistics: Num rows: 1 Data size: 404 Basic stats: COMPLETE Column stats: NONE
                Reduce Output Operator
                  key expressions: _col1 (type: string)
                  sort order: +
                  Map-reduce partition columns: _col1 (type: string)
                  Statistics: Num rows: 1 Data size: 404 Basic stats: COMPLETE Column stats: NONE
        Reducer 3 
            Execution mode: llap
            Reduce Operator Tree:
              Merge Join Operator
                condition map:
                     Inner Join 0 to 1
                keys:
                  0 _col1 (type: string)
                  1 _col0 (type: string)
                Statistics: Num rows: 1 Data size: 444 Basic stats: COMPLETE Column stats: NONE
                Group By Operator
                  aggregations: count()
                  mode: hash
                  outputColumnNames: _col0
                  Statistics: Num rows: 1 Data size: 8 Basic stats: COMPLETE Column stats: NONE
                  Reduce Output Operator
                    sort order: 
                    Statistics: Num rows: 1 Data size: 8 Basic stats: COMPLETE Column stats: NONE
                    value expressions: _col0 (type: bigint)
        Reducer 4 
            Execution mode: llap
            Reduce Operator Tree:
              Group By Operator
                aggregations: count(VALUE._col0)
                mode: mergepartial
                outputColumnNames: _col0
                Statistics: Num rows: 1 Data size: 8 Basic stats: COMPLETE Column stats: NONE
                File Output Operator
                  compressed: false
                  Statistics: Num rows: 1 Data size: 8 Basic stats: COMPLETE Column stats: NONE
                  table:
                      input format: org.apache.hadoop.mapred.SequenceFileInputFormat
                      output format: org.apache.hadoop.hive.ql.io.HiveSequenceFileOutputFormat
                      serde: org.apache.hadoop.hive.serde2.lazy.LazySimpleSerDe

  Stage: Stage-0
    Fetch Operator
      limit: -1
      Processor Tree:
        ListSink

PREHOOK: query: select count(*) from srcpart join srcpart_date on (srcpart.ds = srcpart_date.ds) join srcpart_hour on (srcpart.hr = srcpart_hour.hr) 
where srcpart_date.`date` = '2008-04-08' and srcpart.hr = 13
PREHOOK: type: QUERY
PREHOOK: Input: default@srcpart
PREHOOK: Input: default@srcpart_date
PREHOOK: Input: default@srcpart_hour
#### A masked pattern was here ####
POSTHOOK: query: select count(*) from srcpart join srcpart_date on (srcpart.ds = srcpart_date.ds) join srcpart_hour on (srcpart.hr = srcpart_hour.hr) 
where srcpart_date.`date` = '2008-04-08' and srcpart.hr = 13
POSTHOOK: type: QUERY
POSTHOOK: Input: default@srcpart
POSTHOOK: Input: default@srcpart_date
POSTHOOK: Input: default@srcpart_hour
#### A masked pattern was here ####
0
PREHOOK: query: EXPLAIN select count(*) from srcpart where srcpart.ds in (select max(srcpart.ds) from srcpart union all select min(srcpart.ds) from srcpart)
PREHOOK: type: QUERY
POSTHOOK: query: EXPLAIN select count(*) from srcpart where srcpart.ds in (select max(srcpart.ds) from srcpart union all select min(srcpart.ds) from srcpart)
POSTHOOK: type: QUERY
STAGE DEPENDENCIES:
  Stage-1 is a root stage
  Stage-0 depends on stages: Stage-1

STAGE PLANS:
  Stage: Stage-1
    Tez
#### A masked pattern was here ####
      Edges:
        Reducer 2 <- Map 1 (SIMPLE_EDGE), Union 6 (SIMPLE_EDGE)
        Reducer 3 <- Reducer 2 (CUSTOM_SIMPLE_EDGE)
        Reducer 5 <- Map 4 (CUSTOM_SIMPLE_EDGE), Union 6 (CONTAINS)
        Reducer 8 <- Map 7 (CUSTOM_SIMPLE_EDGE), Union 6 (CONTAINS)
#### A masked pattern was here ####
      Vertices:
        Map 1 
            Map Operator Tree:
                TableScan
                  alias: srcpart
                  filterExpr: ds is not null (type: boolean)
                  Statistics: Num rows: 2000 Data size: 389248 Basic stats: COMPLETE Column stats: COMPLETE
                  Select Operator
                    expressions: ds (type: string)
                    outputColumnNames: _col0
                    Statistics: Num rows: 2000 Data size: 368000 Basic stats: COMPLETE Column stats: COMPLETE
                    Reduce Output Operator
                      key expressions: _col0 (type: string)
                      sort order: +
                      Map-reduce partition columns: _col0 (type: string)
                      Statistics: Num rows: 2000 Data size: 368000 Basic stats: COMPLETE Column stats: COMPLETE
            Execution mode: llap
            LLAP IO: no inputs
        Map 4 
            Map Operator Tree:
                TableScan
                  alias: srcpart
                  Statistics: Num rows: 2000 Data size: 389248 Basic stats: COMPLETE Column stats: COMPLETE
                  Select Operator
                    expressions: ds (type: string)
                    outputColumnNames: ds
                    Statistics: Num rows: 2000 Data size: 389248 Basic stats: COMPLETE Column stats: COMPLETE
                    Group By Operator
                      aggregations: max(ds)
                      mode: hash
                      outputColumnNames: _col0
                      Statistics: Num rows: 1 Data size: 184 Basic stats: COMPLETE Column stats: COMPLETE
                      Reduce Output Operator
                        sort order: 
                        Statistics: Num rows: 1 Data size: 184 Basic stats: COMPLETE Column stats: COMPLETE
                        value expressions: _col0 (type: string)
            Execution mode: llap
            LLAP IO: no inputs
        Map 7 
            Map Operator Tree:
                TableScan
                  alias: srcpart
                  Statistics: Num rows: 2000 Data size: 389248 Basic stats: COMPLETE Column stats: COMPLETE
                  Select Operator
                    expressions: ds (type: string)
                    outputColumnNames: ds
                    Statistics: Num rows: 2000 Data size: 389248 Basic stats: COMPLETE Column stats: COMPLETE
                    Group By Operator
                      aggregations: min(ds)
                      mode: hash
                      outputColumnNames: _col0
                      Statistics: Num rows: 1 Data size: 184 Basic stats: COMPLETE Column stats: COMPLETE
                      Reduce Output Operator
                        sort order: 
                        Statistics: Num rows: 1 Data size: 184 Basic stats: COMPLETE Column stats: COMPLETE
                        value expressions: _col0 (type: string)
            Execution mode: llap
            LLAP IO: no inputs
        Reducer 2 
            Execution mode: llap
            Reduce Operator Tree:
              Merge Join Operator
                condition map:
                     Left Semi Join 0 to 1
                keys:
                  0 _col0 (type: string)
                  1 _col0 (type: string)
                Statistics: Num rows: 1000 Data size: 8000 Basic stats: COMPLETE Column stats: COMPLETE
                Group By Operator
                  aggregations: count()
                  mode: hash
                  outputColumnNames: _col0
                  Statistics: Num rows: 1 Data size: 8 Basic stats: COMPLETE Column stats: COMPLETE
                  Reduce Output Operator
                    sort order: 
                    Statistics: Num rows: 1 Data size: 8 Basic stats: COMPLETE Column stats: COMPLETE
                    value expressions: _col0 (type: bigint)
        Reducer 3 
            Execution mode: llap
            Reduce Operator Tree:
              Group By Operator
                aggregations: count(VALUE._col0)
                mode: mergepartial
                outputColumnNames: _col0
                Statistics: Num rows: 1 Data size: 8 Basic stats: COMPLETE Column stats: COMPLETE
                File Output Operator
                  compressed: false
                  Statistics: Num rows: 1 Data size: 8 Basic stats: COMPLETE Column stats: COMPLETE
                  table:
                      input format: org.apache.hadoop.mapred.SequenceFileInputFormat
                      output format: org.apache.hadoop.hive.ql.io.HiveSequenceFileOutputFormat
                      serde: org.apache.hadoop.hive.serde2.lazy.LazySimpleSerDe
        Reducer 5 
            Execution mode: llap
            Reduce Operator Tree:
              Group By Operator
                aggregations: max(VALUE._col0)
                mode: mergepartial
                outputColumnNames: _col0
                Statistics: Num rows: 1 Data size: 184 Basic stats: COMPLETE Column stats: COMPLETE
                Filter Operator
                  predicate: _col0 is not null (type: boolean)
                  Statistics: Num rows: 1 Data size: 184 Basic stats: COMPLETE Column stats: COMPLETE
                  Group By Operator
                    keys: _col0 (type: string)
                    mode: hash
                    outputColumnNames: _col0
                    Statistics: Num rows: 1 Data size: 184 Basic stats: COMPLETE Column stats: COMPLETE
                    Reduce Output Operator
                      key expressions: _col0 (type: string)
                      sort order: +
                      Map-reduce partition columns: _col0 (type: string)
                      Statistics: Num rows: 1 Data size: 184 Basic stats: COMPLETE Column stats: COMPLETE
                    Select Operator
                      expressions: _col0 (type: string)
                      outputColumnNames: _col0
                      Statistics: Num rows: 1 Data size: 184 Basic stats: COMPLETE Column stats: COMPLETE
                      Group By Operator
                        keys: _col0 (type: string)
                        mode: hash
                        outputColumnNames: _col0
                        Statistics: Num rows: 1 Data size: 184 Basic stats: COMPLETE Column stats: COMPLETE
                        Dynamic Partitioning Event Operator
                          Target column: ds (string)
                          Target Input: srcpart
                          Partition key expr: ds
                          Statistics: Num rows: 1 Data size: 184 Basic stats: COMPLETE Column stats: COMPLETE
                          Target Vertex: Map 1
        Reducer 8 
            Execution mode: llap
            Reduce Operator Tree:
              Group By Operator
                aggregations: min(VALUE._col0)
                mode: mergepartial
                outputColumnNames: _col0
                Statistics: Num rows: 1 Data size: 184 Basic stats: COMPLETE Column stats: COMPLETE
                Filter Operator
                  predicate: _col0 is not null (type: boolean)
                  Statistics: Num rows: 1 Data size: 184 Basic stats: COMPLETE Column stats: COMPLETE
                  Group By Operator
                    keys: _col0 (type: string)
                    mode: hash
                    outputColumnNames: _col0
                    Statistics: Num rows: 1 Data size: 184 Basic stats: COMPLETE Column stats: COMPLETE
                    Reduce Output Operator
                      key expressions: _col0 (type: string)
                      sort order: +
                      Map-reduce partition columns: _col0 (type: string)
                      Statistics: Num rows: 1 Data size: 184 Basic stats: COMPLETE Column stats: COMPLETE
                    Select Operator
                      expressions: _col0 (type: string)
                      outputColumnNames: _col0
                      Statistics: Num rows: 1 Data size: 184 Basic stats: COMPLETE Column stats: COMPLETE
                      Group By Operator
                        keys: _col0 (type: string)
                        mode: hash
                        outputColumnNames: _col0
                        Statistics: Num rows: 1 Data size: 184 Basic stats: COMPLETE Column stats: COMPLETE
                        Dynamic Partitioning Event Operator
                          Target column: ds (string)
                          Target Input: srcpart
                          Partition key expr: ds
                          Statistics: Num rows: 1 Data size: 184 Basic stats: COMPLETE Column stats: COMPLETE
                          Target Vertex: Map 1
        Union 6 
            Vertex: Union 6

  Stage: Stage-0
    Fetch Operator
      limit: -1
      Processor Tree:
        ListSink

PREHOOK: query: select count(*) from srcpart where srcpart.ds in (select max(srcpart.ds) from srcpart union all select min(srcpart.ds) from srcpart)
PREHOOK: type: QUERY
PREHOOK: Input: default@srcpart
PREHOOK: Input: default@srcpart@ds=2008-04-08/hr=11
PREHOOK: Input: default@srcpart@ds=2008-04-08/hr=12
PREHOOK: Input: default@srcpart@ds=2008-04-09/hr=11
PREHOOK: Input: default@srcpart@ds=2008-04-09/hr=12
#### A masked pattern was here ####
POSTHOOK: query: select count(*) from srcpart where srcpart.ds in (select max(srcpart.ds) from srcpart union all select min(srcpart.ds) from srcpart)
POSTHOOK: type: QUERY
POSTHOOK: Input: default@srcpart
POSTHOOK: Input: default@srcpart@ds=2008-04-08/hr=11
POSTHOOK: Input: default@srcpart@ds=2008-04-08/hr=12
POSTHOOK: Input: default@srcpart@ds=2008-04-09/hr=11
POSTHOOK: Input: default@srcpart@ds=2008-04-09/hr=12
#### A masked pattern was here ####
2000
PREHOOK: query: EXPLAIN select distinct(ds) from srcpart where srcpart.ds in (select max(srcpart.ds) from srcpart union all select min(srcpart.ds) from srcpart)
PREHOOK: type: QUERY
POSTHOOK: query: EXPLAIN select distinct(ds) from srcpart where srcpart.ds in (select max(srcpart.ds) from srcpart union all select min(srcpart.ds) from srcpart)
POSTHOOK: type: QUERY
STAGE DEPENDENCIES:
  Stage-1 is a root stage
  Stage-0 depends on stages: Stage-1

STAGE PLANS:
  Stage: Stage-1
    Tez
#### A masked pattern was here ####
      Edges:
        Reducer 2 <- Map 1 (SIMPLE_EDGE), Union 6 (SIMPLE_EDGE)
        Reducer 3 <- Reducer 2 (SIMPLE_EDGE)
        Reducer 5 <- Map 4 (CUSTOM_SIMPLE_EDGE), Union 6 (CONTAINS)
        Reducer 8 <- Map 7 (CUSTOM_SIMPLE_EDGE), Union 6 (CONTAINS)
#### A masked pattern was here ####
      Vertices:
        Map 1 
            Map Operator Tree:
                TableScan
                  alias: srcpart
                  filterExpr: ds is not null (type: boolean)
                  Statistics: Num rows: 2000 Data size: 389248 Basic stats: COMPLETE Column stats: COMPLETE
                  Select Operator
                    expressions: ds (type: string)
                    outputColumnNames: _col0
                    Statistics: Num rows: 2000 Data size: 368000 Basic stats: COMPLETE Column stats: COMPLETE
                    Reduce Output Operator
                      key expressions: _col0 (type: string)
                      sort order: +
                      Map-reduce partition columns: _col0 (type: string)
                      Statistics: Num rows: 2000 Data size: 368000 Basic stats: COMPLETE Column stats: COMPLETE
            Execution mode: llap
            LLAP IO: no inputs
        Map 4 
            Map Operator Tree:
                TableScan
                  alias: srcpart
                  Statistics: Num rows: 2000 Data size: 389248 Basic stats: COMPLETE Column stats: COMPLETE
                  Select Operator
                    expressions: ds (type: string)
                    outputColumnNames: ds
                    Statistics: Num rows: 2000 Data size: 389248 Basic stats: COMPLETE Column stats: COMPLETE
                    Group By Operator
                      aggregations: max(ds)
                      mode: hash
                      outputColumnNames: _col0
                      Statistics: Num rows: 1 Data size: 184 Basic stats: COMPLETE Column stats: COMPLETE
                      Reduce Output Operator
                        sort order: 
                        Statistics: Num rows: 1 Data size: 184 Basic stats: COMPLETE Column stats: COMPLETE
                        value expressions: _col0 (type: string)
            Execution mode: llap
            LLAP IO: no inputs
        Map 7 
            Map Operator Tree:
                TableScan
                  alias: srcpart
                  Statistics: Num rows: 2000 Data size: 389248 Basic stats: COMPLETE Column stats: COMPLETE
                  Select Operator
                    expressions: ds (type: string)
                    outputColumnNames: ds
                    Statistics: Num rows: 2000 Data size: 389248 Basic stats: COMPLETE Column stats: COMPLETE
                    Group By Operator
                      aggregations: min(ds)
                      mode: hash
                      outputColumnNames: _col0
                      Statistics: Num rows: 1 Data size: 184 Basic stats: COMPLETE Column stats: COMPLETE
                      Reduce Output Operator
                        sort order: 
                        Statistics: Num rows: 1 Data size: 184 Basic stats: COMPLETE Column stats: COMPLETE
                        value expressions: _col0 (type: string)
            Execution mode: llap
            LLAP IO: no inputs
        Reducer 2 
            Execution mode: llap
            Reduce Operator Tree:
              Merge Join Operator
                condition map:
                     Left Semi Join 0 to 1
                keys:
                  0 _col0 (type: string)
                  1 _col0 (type: string)
                outputColumnNames: _col0
                Statistics: Num rows: 1000 Data size: 184000 Basic stats: COMPLETE Column stats: COMPLETE
                Group By Operator
                  keys: _col0 (type: string)
                  mode: hash
                  outputColumnNames: _col0
                  Statistics: Num rows: 1 Data size: 184 Basic stats: COMPLETE Column stats: COMPLETE
                  Reduce Output Operator
                    key expressions: _col0 (type: string)
                    sort order: +
                    Map-reduce partition columns: _col0 (type: string)
                    Statistics: Num rows: 1 Data size: 184 Basic stats: COMPLETE Column stats: COMPLETE
        Reducer 3 
            Execution mode: llap
            Reduce Operator Tree:
              Group By Operator
                keys: KEY._col0 (type: string)
                mode: mergepartial
                outputColumnNames: _col0
                Statistics: Num rows: 1 Data size: 184 Basic stats: COMPLETE Column stats: COMPLETE
                File Output Operator
                  compressed: false
                  Statistics: Num rows: 1 Data size: 184 Basic stats: COMPLETE Column stats: COMPLETE
                  table:
                      input format: org.apache.hadoop.mapred.SequenceFileInputFormat
                      output format: org.apache.hadoop.hive.ql.io.HiveSequenceFileOutputFormat
                      serde: org.apache.hadoop.hive.serde2.lazy.LazySimpleSerDe
        Reducer 5 
            Execution mode: llap
            Reduce Operator Tree:
              Group By Operator
                aggregations: max(VALUE._col0)
                mode: mergepartial
                outputColumnNames: _col0
                Statistics: Num rows: 1 Data size: 184 Basic stats: COMPLETE Column stats: COMPLETE
                Filter Operator
                  predicate: _col0 is not null (type: boolean)
                  Statistics: Num rows: 1 Data size: 184 Basic stats: COMPLETE Column stats: COMPLETE
                  Group By Operator
                    keys: _col0 (type: string)
                    mode: hash
                    outputColumnNames: _col0
                    Statistics: Num rows: 1 Data size: 184 Basic stats: COMPLETE Column stats: COMPLETE
                    Reduce Output Operator
                      key expressions: _col0 (type: string)
                      sort order: +
                      Map-reduce partition columns: _col0 (type: string)
                      Statistics: Num rows: 1 Data size: 184 Basic stats: COMPLETE Column stats: COMPLETE
                    Select Operator
                      expressions: _col0 (type: string)
                      outputColumnNames: _col0
                      Statistics: Num rows: 1 Data size: 184 Basic stats: COMPLETE Column stats: COMPLETE
                      Group By Operator
                        keys: _col0 (type: string)
                        mode: hash
                        outputColumnNames: _col0
                        Statistics: Num rows: 1 Data size: 184 Basic stats: COMPLETE Column stats: COMPLETE
                        Dynamic Partitioning Event Operator
                          Target column: ds (string)
                          Target Input: srcpart
                          Partition key expr: ds
                          Statistics: Num rows: 1 Data size: 184 Basic stats: COMPLETE Column stats: COMPLETE
                          Target Vertex: Map 1
        Reducer 8 
            Execution mode: llap
            Reduce Operator Tree:
              Group By Operator
                aggregations: min(VALUE._col0)
                mode: mergepartial
                outputColumnNames: _col0
                Statistics: Num rows: 1 Data size: 184 Basic stats: COMPLETE Column stats: COMPLETE
                Filter Operator
                  predicate: _col0 is not null (type: boolean)
                  Statistics: Num rows: 1 Data size: 184 Basic stats: COMPLETE Column stats: COMPLETE
                  Group By Operator
                    keys: _col0 (type: string)
                    mode: hash
                    outputColumnNames: _col0
                    Statistics: Num rows: 1 Data size: 184 Basic stats: COMPLETE Column stats: COMPLETE
                    Reduce Output Operator
                      key expressions: _col0 (type: string)
                      sort order: +
                      Map-reduce partition columns: _col0 (type: string)
                      Statistics: Num rows: 1 Data size: 184 Basic stats: COMPLETE Column stats: COMPLETE
                    Select Operator
                      expressions: _col0 (type: string)
                      outputColumnNames: _col0
                      Statistics: Num rows: 1 Data size: 184 Basic stats: COMPLETE Column stats: COMPLETE
                      Group By Operator
                        keys: _col0 (type: string)
                        mode: hash
                        outputColumnNames: _col0
                        Statistics: Num rows: 1 Data size: 184 Basic stats: COMPLETE Column stats: COMPLETE
                        Dynamic Partitioning Event Operator
                          Target column: ds (string)
                          Target Input: srcpart
                          Partition key expr: ds
                          Statistics: Num rows: 1 Data size: 184 Basic stats: COMPLETE Column stats: COMPLETE
                          Target Vertex: Map 1
        Union 6 
            Vertex: Union 6

  Stage: Stage-0
    Fetch Operator
      limit: -1
      Processor Tree:
        ListSink

PREHOOK: query: select distinct(ds) from srcpart where srcpart.ds in (select max(srcpart.ds) from srcpart union all select min(srcpart.ds) from srcpart)
PREHOOK: type: QUERY
PREHOOK: Input: default@srcpart
PREHOOK: Input: default@srcpart@ds=2008-04-08/hr=11
PREHOOK: Input: default@srcpart@ds=2008-04-08/hr=12
PREHOOK: Input: default@srcpart@ds=2008-04-09/hr=11
PREHOOK: Input: default@srcpart@ds=2008-04-09/hr=12
#### A masked pattern was here ####
POSTHOOK: query: select distinct(ds) from srcpart where srcpart.ds in (select max(srcpart.ds) from srcpart union all select min(srcpart.ds) from srcpart)
POSTHOOK: type: QUERY
POSTHOOK: Input: default@srcpart
POSTHOOK: Input: default@srcpart@ds=2008-04-08/hr=11
POSTHOOK: Input: default@srcpart@ds=2008-04-08/hr=12
POSTHOOK: Input: default@srcpart@ds=2008-04-09/hr=11
POSTHOOK: Input: default@srcpart@ds=2008-04-09/hr=12
#### A masked pattern was here ####
2008-04-08
2008-04-09
PREHOOK: query: EXPLAIN select ds from (select distinct(ds) as ds from srcpart union all select distinct(ds) as ds from srcpart) s where s.ds in (select max(srcpart.ds) from srcpart union all select min(srcpart.ds) from srcpart)
PREHOOK: type: QUERY
POSTHOOK: query: EXPLAIN select ds from (select distinct(ds) as ds from srcpart union all select distinct(ds) as ds from srcpart) s where s.ds in (select max(srcpart.ds) from srcpart union all select min(srcpart.ds) from srcpart)
POSTHOOK: type: QUERY
STAGE DEPENDENCIES:
  Stage-1 is a root stage
  Stage-0 depends on stages: Stage-1

STAGE PLANS:
  Stage: Stage-1
    Tez
#### A masked pattern was here ####
      Edges:
        Reducer 11 <- Map 10 (CUSTOM_SIMPLE_EDGE), Union 9 (CONTAINS)
        Reducer 2 <- Map 1 (SIMPLE_EDGE), Union 3 (CONTAINS)
        Reducer 4 <- Union 3 (SIMPLE_EDGE), Union 9 (SIMPLE_EDGE)
        Reducer 6 <- Map 5 (SIMPLE_EDGE), Union 3 (CONTAINS)
        Reducer 8 <- Map 7 (CUSTOM_SIMPLE_EDGE), Union 9 (CONTAINS)
#### A masked pattern was here ####
      Vertices:
        Map 1 
            Map Operator Tree:
                TableScan
                  alias: srcpart
                  filterExpr: ds is not null (type: boolean)
                  Statistics: Num rows: 2000 Data size: 389248 Basic stats: COMPLETE Column stats: COMPLETE
                  Group By Operator
                    keys: ds (type: string)
                    mode: hash
                    outputColumnNames: _col0
                    Statistics: Num rows: 2 Data size: 368 Basic stats: COMPLETE Column stats: COMPLETE
                    Reduce Output Operator
                      key expressions: _col0 (type: string)
                      sort order: +
                      Map-reduce partition columns: _col0 (type: string)
                      Statistics: Num rows: 2 Data size: 368 Basic stats: COMPLETE Column stats: COMPLETE
            Execution mode: llap
            LLAP IO: no inputs
        Map 10 
            Map Operator Tree:
                TableScan
                  alias: srcpart
                  Statistics: Num rows: 2000 Data size: 389248 Basic stats: COMPLETE Column stats: COMPLETE
                  Select Operator
                    expressions: ds (type: string)
                    outputColumnNames: ds
                    Statistics: Num rows: 2000 Data size: 389248 Basic stats: COMPLETE Column stats: COMPLETE
                    Group By Operator
                      aggregations: min(ds)
                      mode: hash
                      outputColumnNames: _col0
                      Statistics: Num rows: 1 Data size: 184 Basic stats: COMPLETE Column stats: COMPLETE
                      Reduce Output Operator
                        sort order: 
                        Statistics: Num rows: 1 Data size: 184 Basic stats: COMPLETE Column stats: COMPLETE
                        value expressions: _col0 (type: string)
            Execution mode: llap
            LLAP IO: no inputs
        Map 5 
            Map Operator Tree:
                TableScan
                  alias: srcpart
                  filterExpr: ds is not null (type: boolean)
                  Statistics: Num rows: 2000 Data size: 389248 Basic stats: COMPLETE Column stats: COMPLETE
                  Group By Operator
                    keys: ds (type: string)
                    mode: hash
                    outputColumnNames: _col0
                    Statistics: Num rows: 2 Data size: 368 Basic stats: COMPLETE Column stats: COMPLETE
                    Reduce Output Operator
                      key expressions: _col0 (type: string)
                      sort order: +
                      Map-reduce partition columns: _col0 (type: string)
                      Statistics: Num rows: 2 Data size: 368 Basic stats: COMPLETE Column stats: COMPLETE
            Execution mode: llap
            LLAP IO: no inputs
        Map 7 
            Map Operator Tree:
                TableScan
                  alias: srcpart
                  Statistics: Num rows: 2000 Data size: 389248 Basic stats: COMPLETE Column stats: COMPLETE
                  Select Operator
                    expressions: ds (type: string)
                    outputColumnNames: ds
                    Statistics: Num rows: 2000 Data size: 389248 Basic stats: COMPLETE Column stats: COMPLETE
                    Group By Operator
                      aggregations: max(ds)
                      mode: hash
                      outputColumnNames: _col0
                      Statistics: Num rows: 1 Data size: 184 Basic stats: COMPLETE Column stats: COMPLETE
                      Reduce Output Operator
                        sort order: 
                        Statistics: Num rows: 1 Data size: 184 Basic stats: COMPLETE Column stats: COMPLETE
                        value expressions: _col0 (type: string)
            Execution mode: llap
            LLAP IO: no inputs
        Reducer 11 
            Execution mode: llap
            Reduce Operator Tree:
              Group By Operator
                aggregations: min(VALUE._col0)
                mode: mergepartial
                outputColumnNames: _col0
                Statistics: Num rows: 1 Data size: 184 Basic stats: COMPLETE Column stats: COMPLETE
                Filter Operator
                  predicate: _col0 is not null (type: boolean)
                  Statistics: Num rows: 1 Data size: 184 Basic stats: COMPLETE Column stats: COMPLETE
                  Group By Operator
                    keys: _col0 (type: string)
                    mode: hash
                    outputColumnNames: _col0
                    Statistics: Num rows: 1 Data size: 184 Basic stats: COMPLETE Column stats: COMPLETE
                    Reduce Output Operator
                      key expressions: _col0 (type: string)
                      sort order: +
                      Map-reduce partition columns: _col0 (type: string)
                      Statistics: Num rows: 1 Data size: 184 Basic stats: COMPLETE Column stats: COMPLETE
                    Select Operator
                      expressions: _col0 (type: string)
                      outputColumnNames: _col0
                      Statistics: Num rows: 1 Data size: 184 Basic stats: COMPLETE Column stats: COMPLETE
                      Group By Operator
                        keys: _col0 (type: string)
                        mode: hash
                        outputColumnNames: _col0
                        Statistics: Num rows: 1 Data size: 184 Basic stats: COMPLETE Column stats: COMPLETE
                        Dynamic Partitioning Event Operator
                          Target column: ds (string)
                          Target Input: srcpart
                          Partition key expr: ds
                          Statistics: Num rows: 1 Data size: 184 Basic stats: COMPLETE Column stats: COMPLETE
                          Target Vertex: Map 1
                    Select Operator
                      expressions: _col0 (type: string)
                      outputColumnNames: _col0
                      Statistics: Num rows: 1 Data size: 184 Basic stats: COMPLETE Column stats: COMPLETE
                      Group By Operator
                        keys: _col0 (type: string)
                        mode: hash
                        outputColumnNames: _col0
                        Statistics: Num rows: 1 Data size: 184 Basic stats: COMPLETE Column stats: COMPLETE
                        Dynamic Partitioning Event Operator
                          Target column: ds (string)
                          Target Input: srcpart
                          Partition key expr: ds
                          Statistics: Num rows: 1 Data size: 184 Basic stats: COMPLETE Column stats: COMPLETE
                          Target Vertex: Map 5
        Reducer 2 
            Execution mode: llap
            Reduce Operator Tree:
              Group By Operator
                keys: KEY._col0 (type: string)
                mode: mergepartial
                outputColumnNames: _col0
                Statistics: Num rows: 2 Data size: 368 Basic stats: COMPLETE Column stats: COMPLETE
                Reduce Output Operator
                  key expressions: _col0 (type: string)
                  sort order: +
                  Map-reduce partition columns: _col0 (type: string)
                  Statistics: Num rows: 4 Data size: 736 Basic stats: COMPLETE Column stats: COMPLETE
        Reducer 4 
            Execution mode: llap
            Reduce Operator Tree:
              Merge Join Operator
                condition map:
                     Left Semi Join 0 to 1
                keys:
                  0 _col0 (type: string)
                  1 _col0 (type: string)
                outputColumnNames: _col0
                Statistics: Num rows: 2 Data size: 368 Basic stats: COMPLETE Column stats: COMPLETE
                File Output Operator
                  compressed: false
                  Statistics: Num rows: 2 Data size: 368 Basic stats: COMPLETE Column stats: COMPLETE
                  table:
                      input format: org.apache.hadoop.mapred.SequenceFileInputFormat
                      output format: org.apache.hadoop.hive.ql.io.HiveSequenceFileOutputFormat
                      serde: org.apache.hadoop.hive.serde2.lazy.LazySimpleSerDe
        Reducer 6 
            Execution mode: llap
            Reduce Operator Tree:
              Group By Operator
                keys: KEY._col0 (type: string)
                mode: mergepartial
                outputColumnNames: _col0
                Statistics: Num rows: 2 Data size: 368 Basic stats: COMPLETE Column stats: COMPLETE
                Reduce Output Operator
                  key expressions: _col0 (type: string)
                  sort order: +
                  Map-reduce partition columns: _col0 (type: string)
                  Statistics: Num rows: 4 Data size: 736 Basic stats: COMPLETE Column stats: COMPLETE
        Reducer 8 
            Execution mode: llap
            Reduce Operator Tree:
              Group By Operator
                aggregations: max(VALUE._col0)
                mode: mergepartial
                outputColumnNames: _col0
                Statistics: Num rows: 1 Data size: 184 Basic stats: COMPLETE Column stats: COMPLETE
                Filter Operator
                  predicate: _col0 is not null (type: boolean)
                  Statistics: Num rows: 1 Data size: 184 Basic stats: COMPLETE Column stats: COMPLETE
                  Group By Operator
                    keys: _col0 (type: string)
                    mode: hash
                    outputColumnNames: _col0
                    Statistics: Num rows: 1 Data size: 184 Basic stats: COMPLETE Column stats: COMPLETE
                    Reduce Output Operator
                      key expressions: _col0 (type: string)
                      sort order: +
                      Map-reduce partition columns: _col0 (type: string)
                      Statistics: Num rows: 1 Data size: 184 Basic stats: COMPLETE Column stats: COMPLETE
                    Select Operator
                      expressions: _col0 (type: string)
                      outputColumnNames: _col0
                      Statistics: Num rows: 1 Data size: 184 Basic stats: COMPLETE Column stats: COMPLETE
                      Group By Operator
                        keys: _col0 (type: string)
                        mode: hash
                        outputColumnNames: _col0
                        Statistics: Num rows: 1 Data size: 184 Basic stats: COMPLETE Column stats: COMPLETE
                        Dynamic Partitioning Event Operator
                          Target column: ds (string)
                          Target Input: srcpart
                          Partition key expr: ds
                          Statistics: Num rows: 1 Data size: 184 Basic stats: COMPLETE Column stats: COMPLETE
                          Target Vertex: Map 1
                    Select Operator
                      expressions: _col0 (type: string)
                      outputColumnNames: _col0
                      Statistics: Num rows: 1 Data size: 184 Basic stats: COMPLETE Column stats: COMPLETE
                      Group By Operator
                        keys: _col0 (type: string)
                        mode: hash
                        outputColumnNames: _col0
                        Statistics: Num rows: 1 Data size: 184 Basic stats: COMPLETE Column stats: COMPLETE
                        Dynamic Partitioning Event Operator
                          Target column: ds (string)
                          Target Input: srcpart
                          Partition key expr: ds
                          Statistics: Num rows: 1 Data size: 184 Basic stats: COMPLETE Column stats: COMPLETE
                          Target Vertex: Map 5
        Union 3 
            Vertex: Union 3
        Union 9 
            Vertex: Union 9

  Stage: Stage-0
    Fetch Operator
      limit: -1
      Processor Tree:
        ListSink

PREHOOK: query: select ds from (select distinct(ds) as ds from srcpart union all select distinct(ds) as ds from srcpart) s where s.ds in (select max(srcpart.ds) from srcpart union all select min(srcpart.ds) from srcpart)
PREHOOK: type: QUERY
PREHOOK: Input: default@srcpart
PREHOOK: Input: default@srcpart@ds=2008-04-08/hr=11
PREHOOK: Input: default@srcpart@ds=2008-04-08/hr=12
PREHOOK: Input: default@srcpart@ds=2008-04-09/hr=11
PREHOOK: Input: default@srcpart@ds=2008-04-09/hr=12
#### A masked pattern was here ####
POSTHOOK: query: select ds from (select distinct(ds) as ds from srcpart union all select distinct(ds) as ds from srcpart) s where s.ds in (select max(srcpart.ds) from srcpart union all select min(srcpart.ds) from srcpart)
POSTHOOK: type: QUERY
POSTHOOK: Input: default@srcpart
POSTHOOK: Input: default@srcpart@ds=2008-04-08/hr=11
POSTHOOK: Input: default@srcpart@ds=2008-04-08/hr=12
POSTHOOK: Input: default@srcpart@ds=2008-04-09/hr=11
POSTHOOK: Input: default@srcpart@ds=2008-04-09/hr=12
#### A masked pattern was here ####
2008-04-08
2008-04-08
2008-04-09
2008-04-09
PREHOOK: query: EXPLAIN select count(*) from srcpart join srcpart_date on (srcpart.ds = srcpart_date.ds) where srcpart_date.`date` = '2008-04-08'
PREHOOK: type: QUERY
POSTHOOK: query: EXPLAIN select count(*) from srcpart join srcpart_date on (srcpart.ds = srcpart_date.ds) where srcpart_date.`date` = '2008-04-08'
POSTHOOK: type: QUERY
STAGE DEPENDENCIES:
  Stage-1 is a root stage
  Stage-0 depends on stages: Stage-1

STAGE PLANS:
  Stage: Stage-1
    Tez
#### A masked pattern was here ####
      Edges:
        Map 1 <- Map 3 (BROADCAST_EDGE)
        Reducer 2 <- Map 1 (CUSTOM_SIMPLE_EDGE)
#### A masked pattern was here ####
      Vertices:
        Map 1 
            Map Operator Tree:
                TableScan
                  alias: srcpart
                  filterExpr: ds is not null (type: boolean)
                  Statistics: Num rows: 2000 Data size: 389248 Basic stats: COMPLETE Column stats: COMPLETE
                  Select Operator
                    expressions: ds (type: string)
                    outputColumnNames: _col0
                    Statistics: Num rows: 2000 Data size: 368000 Basic stats: COMPLETE Column stats: COMPLETE
                    Map Join Operator
                      condition map:
                           Inner Join 0 to 1
                      keys:
                        0 _col0 (type: string)
                        1 _col0 (type: string)
                      input vertices:
                        1 Map 3
                      Statistics: Num rows: 2200 Data size: 404800 Basic stats: COMPLETE Column stats: NONE
                      Group By Operator
                        aggregations: count()
                        mode: hash
                        outputColumnNames: _col0
                        Statistics: Num rows: 1 Data size: 8 Basic stats: COMPLETE Column stats: NONE
                        Reduce Output Operator
                          sort order: 
                          Statistics: Num rows: 1 Data size: 8 Basic stats: COMPLETE Column stats: NONE
                          value expressions: _col0 (type: bigint)
            Execution mode: llap
            LLAP IO: no inputs
        Map 3 
            Map Operator Tree:
                TableScan
                  alias: srcpart_date
                  filterExpr: ((date = '2008-04-08') and ds is not null) (type: boolean)
                  Statistics: Num rows: 2 Data size: 42 Basic stats: COMPLETE Column stats: NONE
                  Filter Operator
                    predicate: ((date = '2008-04-08') and ds is not null) (type: boolean)
                    Statistics: Num rows: 1 Data size: 21 Basic stats: COMPLETE Column stats: NONE
                    Select Operator
                      expressions: ds (type: string)
                      outputColumnNames: _col0
                      Statistics: Num rows: 1 Data size: 21 Basic stats: COMPLETE Column stats: NONE
                      Reduce Output Operator
                        key expressions: _col0 (type: string)
                        sort order: +
                        Map-reduce partition columns: _col0 (type: string)
                        Statistics: Num rows: 1 Data size: 21 Basic stats: COMPLETE Column stats: NONE
                      Select Operator
                        expressions: _col0 (type: string)
                        outputColumnNames: _col0
                        Statistics: Num rows: 1 Data size: 21 Basic stats: COMPLETE Column stats: NONE
                        Group By Operator
                          keys: _col0 (type: string)
                          mode: hash
                          outputColumnNames: _col0
                          Statistics: Num rows: 1 Data size: 21 Basic stats: COMPLETE Column stats: NONE
                          Dynamic Partitioning Event Operator
                            Target column: ds (string)
                            Target Input: srcpart
                            Partition key expr: ds
                            Statistics: Num rows: 1 Data size: 21 Basic stats: COMPLETE Column stats: NONE
                            Target Vertex: Map 1
            Execution mode: llap
            LLAP IO: no inputs
        Reducer 2 
            Execution mode: llap
            Reduce Operator Tree:
              Group By Operator
                aggregations: count(VALUE._col0)
                mode: mergepartial
                outputColumnNames: _col0
                Statistics: Num rows: 1 Data size: 8 Basic stats: COMPLETE Column stats: NONE
                File Output Operator
                  compressed: false
                  Statistics: Num rows: 1 Data size: 8 Basic stats: COMPLETE Column stats: NONE
                  table:
                      input format: org.apache.hadoop.mapred.SequenceFileInputFormat
                      output format: org.apache.hadoop.hive.ql.io.HiveSequenceFileOutputFormat
                      serde: org.apache.hadoop.hive.serde2.lazy.LazySimpleSerDe

  Stage: Stage-0
    Fetch Operator
      limit: -1
      Processor Tree:
        ListSink

PREHOOK: query: select count(*) from srcpart join srcpart_date on (srcpart.ds = srcpart_date.ds) where srcpart_date.`date` = '2008-04-08'
PREHOOK: type: QUERY
PREHOOK: Input: default@srcpart
PREHOOK: Input: default@srcpart@ds=2008-04-08/hr=11
PREHOOK: Input: default@srcpart@ds=2008-04-08/hr=12
PREHOOK: Input: default@srcpart@ds=2008-04-09/hr=11
PREHOOK: Input: default@srcpart@ds=2008-04-09/hr=12
PREHOOK: Input: default@srcpart_date
#### A masked pattern was here ####
POSTHOOK: query: select count(*) from srcpart join srcpart_date on (srcpart.ds = srcpart_date.ds) where srcpart_date.`date` = '2008-04-08'
POSTHOOK: type: QUERY
POSTHOOK: Input: default@srcpart
POSTHOOK: Input: default@srcpart@ds=2008-04-08/hr=11
POSTHOOK: Input: default@srcpart@ds=2008-04-08/hr=12
POSTHOOK: Input: default@srcpart@ds=2008-04-09/hr=11
POSTHOOK: Input: default@srcpart@ds=2008-04-09/hr=12
POSTHOOK: Input: default@srcpart_date
#### A masked pattern was here ####
1000
PREHOOK: query: select count(*) from srcpart where ds = '2008-04-08'
PREHOOK: type: QUERY
PREHOOK: Input: default@srcpart
PREHOOK: Input: default@srcpart@ds=2008-04-08/hr=11
PREHOOK: Input: default@srcpart@ds=2008-04-08/hr=12
#### A masked pattern was here ####
POSTHOOK: query: select count(*) from srcpart where ds = '2008-04-08'
POSTHOOK: type: QUERY
POSTHOOK: Input: default@srcpart
POSTHOOK: Input: default@srcpart@ds=2008-04-08/hr=11
POSTHOOK: Input: default@srcpart@ds=2008-04-08/hr=12
#### A masked pattern was here ####
1000
PREHOOK: query: EXPLAIN select count(*) from srcpart join srcpart_date on (day(srcpart.ds) = day(srcpart_date.ds)) where srcpart_date.`date` = '2008-04-08'
PREHOOK: type: QUERY
POSTHOOK: query: EXPLAIN select count(*) from srcpart join srcpart_date on (day(srcpart.ds) = day(srcpart_date.ds)) where srcpart_date.`date` = '2008-04-08'
POSTHOOK: type: QUERY
STAGE DEPENDENCIES:
  Stage-1 is a root stage
  Stage-0 depends on stages: Stage-1

STAGE PLANS:
  Stage: Stage-1
    Tez
#### A masked pattern was here ####
      Edges:
        Map 1 <- Map 3 (BROADCAST_EDGE)
        Reducer 2 <- Map 1 (CUSTOM_SIMPLE_EDGE)
#### A masked pattern was here ####
      Vertices:
        Map 1 
            Map Operator Tree:
                TableScan
                  alias: srcpart
                  filterExpr: ds is not null (type: boolean)
                  Statistics: Num rows: 2000 Data size: 389248 Basic stats: COMPLETE Column stats: COMPLETE
                  Select Operator
                    expressions: ds (type: string)
                    outputColumnNames: _col0
                    Statistics: Num rows: 2000 Data size: 368000 Basic stats: COMPLETE Column stats: COMPLETE
                    Map Join Operator
                      condition map:
                           Inner Join 0 to 1
                      keys:
                        0 day(_col0) (type: int)
                        1 day(_col0) (type: int)
                      input vertices:
                        1 Map 3
                      Statistics: Num rows: 2200 Data size: 404800 Basic stats: COMPLETE Column stats: NONE
                      Group By Operator
                        aggregations: count()
                        mode: hash
                        outputColumnNames: _col0
                        Statistics: Num rows: 1 Data size: 8 Basic stats: COMPLETE Column stats: NONE
                        Reduce Output Operator
                          sort order: 
                          Statistics: Num rows: 1 Data size: 8 Basic stats: COMPLETE Column stats: NONE
                          value expressions: _col0 (type: bigint)
            Execution mode: llap
            LLAP IO: no inputs
        Map 3 
            Map Operator Tree:
                TableScan
                  alias: srcpart_date
                  filterExpr: ((date = '2008-04-08') and ds is not null) (type: boolean)
                  Statistics: Num rows: 2 Data size: 42 Basic stats: COMPLETE Column stats: NONE
                  Filter Operator
                    predicate: ((date = '2008-04-08') and ds is not null) (type: boolean)
                    Statistics: Num rows: 1 Data size: 21 Basic stats: COMPLETE Column stats: NONE
                    Select Operator
                      expressions: ds (type: string)
                      outputColumnNames: _col0
                      Statistics: Num rows: 1 Data size: 21 Basic stats: COMPLETE Column stats: NONE
                      Reduce Output Operator
                        key expressions: day(_col0) (type: int)
                        sort order: +
                        Map-reduce partition columns: day(_col0) (type: int)
                        Statistics: Num rows: 1 Data size: 21 Basic stats: COMPLETE Column stats: NONE
                      Select Operator
                        expressions: day(_col0) (type: int)
                        outputColumnNames: _col0
                        Statistics: Num rows: 1 Data size: 21 Basic stats: COMPLETE Column stats: NONE
                        Group By Operator
                          keys: _col0 (type: int)
                          mode: hash
                          outputColumnNames: _col0
                          Statistics: Num rows: 1 Data size: 21 Basic stats: COMPLETE Column stats: NONE
                          Dynamic Partitioning Event Operator
                            Target column: ds (string)
                            Target Input: srcpart
                            Partition key expr: day(ds)
                            Statistics: Num rows: 1 Data size: 21 Basic stats: COMPLETE Column stats: NONE
                            Target Vertex: Map 1
            Execution mode: llap
            LLAP IO: no inputs
        Reducer 2 
            Execution mode: llap
            Reduce Operator Tree:
              Group By Operator
                aggregations: count(VALUE._col0)
                mode: mergepartial
                outputColumnNames: _col0
                Statistics: Num rows: 1 Data size: 8 Basic stats: COMPLETE Column stats: NONE
                File Output Operator
                  compressed: false
                  Statistics: Num rows: 1 Data size: 8 Basic stats: COMPLETE Column stats: NONE
                  table:
                      input format: org.apache.hadoop.mapred.SequenceFileInputFormat
                      output format: org.apache.hadoop.hive.ql.io.HiveSequenceFileOutputFormat
                      serde: org.apache.hadoop.hive.serde2.lazy.LazySimpleSerDe

  Stage: Stage-0
    Fetch Operator
      limit: -1
      Processor Tree:
        ListSink

PREHOOK: query: select count(*) from srcpart join srcpart_date on (day(srcpart.ds) = day(srcpart_date.ds)) where srcpart_date.`date` = '2008-04-08'
PREHOOK: type: QUERY
PREHOOK: Input: default@srcpart
PREHOOK: Input: default@srcpart@ds=2008-04-08/hr=11
PREHOOK: Input: default@srcpart@ds=2008-04-08/hr=12
PREHOOK: Input: default@srcpart@ds=2008-04-09/hr=11
PREHOOK: Input: default@srcpart@ds=2008-04-09/hr=12
PREHOOK: Input: default@srcpart_date
#### A masked pattern was here ####
POSTHOOK: query: select count(*) from srcpart join srcpart_date on (day(srcpart.ds) = day(srcpart_date.ds)) where srcpart_date.`date` = '2008-04-08'
POSTHOOK: type: QUERY
POSTHOOK: Input: default@srcpart
POSTHOOK: Input: default@srcpart@ds=2008-04-08/hr=11
POSTHOOK: Input: default@srcpart@ds=2008-04-08/hr=12
POSTHOOK: Input: default@srcpart@ds=2008-04-09/hr=11
POSTHOOK: Input: default@srcpart@ds=2008-04-09/hr=12
POSTHOOK: Input: default@srcpart_date
#### A masked pattern was here ####
1000
PREHOOK: query: EXPLAIN select count(*) from srcpart join srcpart_date on (srcpart.ds = srcpart_date.ds) join srcpart_hour on (srcpart.hr = srcpart_hour.hr) 
where srcpart_date.`date` = '2008-04-08' and srcpart_hour.hour = 11
PREHOOK: type: QUERY
POSTHOOK: query: EXPLAIN select count(*) from srcpart join srcpart_date on (srcpart.ds = srcpart_date.ds) join srcpart_hour on (srcpart.hr = srcpart_hour.hr) 
where srcpart_date.`date` = '2008-04-08' and srcpart_hour.hour = 11
POSTHOOK: type: QUERY
STAGE DEPENDENCIES:
  Stage-1 is a root stage
  Stage-0 depends on stages: Stage-1

STAGE PLANS:
  Stage: Stage-1
    Tez
#### A masked pattern was here ####
      Edges:
        Map 1 <- Map 3 (BROADCAST_EDGE), Map 4 (BROADCAST_EDGE)
        Reducer 2 <- Map 1 (CUSTOM_SIMPLE_EDGE)
#### A masked pattern was here ####
      Vertices:
        Map 1 
            Map Operator Tree:
                TableScan
                  alias: srcpart
                  Statistics: Num rows: 2000 Data size: 757248 Basic stats: COMPLETE Column stats: COMPLETE
                  Select Operator
                    expressions: ds (type: string), hr (type: string)
                    outputColumnNames: _col0, _col1
                    Statistics: Num rows: 2000 Data size: 736000 Basic stats: COMPLETE Column stats: COMPLETE
                    Map Join Operator
                      condition map:
                           Inner Join 0 to 1
                      keys:
                        0 _col0 (type: string)
                        1 _col0 (type: string)
                      outputColumnNames: _col1
                      input vertices:
                        1 Map 3
                      Statistics: Num rows: 2200 Data size: 809600 Basic stats: COMPLETE Column stats: NONE
                      Map Join Operator
                        condition map:
                             Inner Join 0 to 1
                        keys:
                          0 _col1 (type: string)
                          1 _col0 (type: string)
                        input vertices:
                          1 Map 4
                        Statistics: Num rows: 2420 Data size: 890560 Basic stats: COMPLETE Column stats: NONE
                        Group By Operator
                          aggregations: count()
                          mode: hash
                          outputColumnNames: _col0
                          Statistics: Num rows: 1 Data size: 8 Basic stats: COMPLETE Column stats: NONE
                          Reduce Output Operator
                            sort order: 
                            Statistics: Num rows: 1 Data size: 8 Basic stats: COMPLETE Column stats: NONE
                            value expressions: _col0 (type: bigint)
            Execution mode: llap
            LLAP IO: no inputs
        Map 3 
            Map Operator Tree:
                TableScan
                  alias: srcpart_date
                  filterExpr: ((date = '2008-04-08') and ds is not null) (type: boolean)
                  Statistics: Num rows: 2 Data size: 42 Basic stats: COMPLETE Column stats: NONE
                  Filter Operator
                    predicate: ((date = '2008-04-08') and ds is not null) (type: boolean)
                    Statistics: Num rows: 1 Data size: 21 Basic stats: COMPLETE Column stats: NONE
                    Select Operator
                      expressions: ds (type: string)
                      outputColumnNames: _col0
                      Statistics: Num rows: 1 Data size: 21 Basic stats: COMPLETE Column stats: NONE
                      Reduce Output Operator
                        key expressions: _col0 (type: string)
                        sort order: +
                        Map-reduce partition columns: _col0 (type: string)
                        Statistics: Num rows: 1 Data size: 21 Basic stats: COMPLETE Column stats: NONE
                      Select Operator
                        expressions: _col0 (type: string)
                        outputColumnNames: _col0
                        Statistics: Num rows: 1 Data size: 21 Basic stats: COMPLETE Column stats: NONE
                        Group By Operator
                          keys: _col0 (type: string)
                          mode: hash
                          outputColumnNames: _col0
                          Statistics: Num rows: 1 Data size: 21 Basic stats: COMPLETE Column stats: NONE
                          Dynamic Partitioning Event Operator
                            Target column: ds (string)
                            Target Input: srcpart
                            Partition key expr: ds
                            Statistics: Num rows: 1 Data size: 21 Basic stats: COMPLETE Column stats: NONE
                            Target Vertex: Map 1
            Execution mode: llap
            LLAP IO: no inputs
        Map 4 
            Map Operator Tree:
                TableScan
                  alias: srcpart_hour
                  filterExpr: ((UDFToDouble(hour) = 11.0) and hr is not null) (type: boolean)
                  Statistics: Num rows: 2 Data size: 10 Basic stats: COMPLETE Column stats: NONE
                  Filter Operator
                    predicate: ((UDFToDouble(hour) = 11.0) and hr is not null) (type: boolean)
                    Statistics: Num rows: 1 Data size: 5 Basic stats: COMPLETE Column stats: NONE
                    Select Operator
                      expressions: hr (type: string)
                      outputColumnNames: _col0
                      Statistics: Num rows: 1 Data size: 5 Basic stats: COMPLETE Column stats: NONE
                      Reduce Output Operator
                        key expressions: _col0 (type: string)
                        sort order: +
                        Map-reduce partition columns: _col0 (type: string)
                        Statistics: Num rows: 1 Data size: 5 Basic stats: COMPLETE Column stats: NONE
                      Select Operator
                        expressions: _col0 (type: string)
                        outputColumnNames: _col0
                        Statistics: Num rows: 1 Data size: 5 Basic stats: COMPLETE Column stats: NONE
                        Group By Operator
                          keys: _col0 (type: string)
                          mode: hash
                          outputColumnNames: _col0
                          Statistics: Num rows: 1 Data size: 5 Basic stats: COMPLETE Column stats: NONE
                          Dynamic Partitioning Event Operator
                            Target column: hr (string)
                            Target Input: srcpart
                            Partition key expr: hr
                            Statistics: Num rows: 1 Data size: 5 Basic stats: COMPLETE Column stats: NONE
                            Target Vertex: Map 1
            Execution mode: llap
            LLAP IO: no inputs
        Reducer 2 
            Execution mode: llap
            Reduce Operator Tree:
              Group By Operator
                aggregations: count(VALUE._col0)
                mode: mergepartial
                outputColumnNames: _col0
                Statistics: Num rows: 1 Data size: 8 Basic stats: COMPLETE Column stats: NONE
                File Output Operator
                  compressed: false
                  Statistics: Num rows: 1 Data size: 8 Basic stats: COMPLETE Column stats: NONE
                  table:
                      input format: org.apache.hadoop.mapred.SequenceFileInputFormat
                      output format: org.apache.hadoop.hive.ql.io.HiveSequenceFileOutputFormat
                      serde: org.apache.hadoop.hive.serde2.lazy.LazySimpleSerDe

  Stage: Stage-0
    Fetch Operator
      limit: -1
      Processor Tree:
        ListSink

PREHOOK: query: select count(*) from srcpart join srcpart_date on (srcpart.ds = srcpart_date.ds) join srcpart_hour on (srcpart.hr = srcpart_hour.hr) 
where srcpart_date.`date` = '2008-04-08' and srcpart_hour.hour = 11
PREHOOK: type: QUERY
PREHOOK: Input: default@srcpart
PREHOOK: Input: default@srcpart@ds=2008-04-08/hr=11
PREHOOK: Input: default@srcpart@ds=2008-04-08/hr=12
PREHOOK: Input: default@srcpart@ds=2008-04-09/hr=11
PREHOOK: Input: default@srcpart@ds=2008-04-09/hr=12
PREHOOK: Input: default@srcpart_date
PREHOOK: Input: default@srcpart_hour
#### A masked pattern was here ####
POSTHOOK: query: select count(*) from srcpart join srcpart_date on (srcpart.ds = srcpart_date.ds) join srcpart_hour on (srcpart.hr = srcpart_hour.hr) 
where srcpart_date.`date` = '2008-04-08' and srcpart_hour.hour = 11
POSTHOOK: type: QUERY
POSTHOOK: Input: default@srcpart
POSTHOOK: Input: default@srcpart@ds=2008-04-08/hr=11
POSTHOOK: Input: default@srcpart@ds=2008-04-08/hr=12
POSTHOOK: Input: default@srcpart@ds=2008-04-09/hr=11
POSTHOOK: Input: default@srcpart@ds=2008-04-09/hr=12
POSTHOOK: Input: default@srcpart_date
POSTHOOK: Input: default@srcpart_hour
#### A masked pattern was here ####
500
PREHOOK: query: select count(*) from srcpart where hr = 11 and ds = '2008-04-08'
PREHOOK: type: QUERY
PREHOOK: Input: default@srcpart
PREHOOK: Input: default@srcpart@ds=2008-04-08/hr=11
#### A masked pattern was here ####
POSTHOOK: query: select count(*) from srcpart where hr = 11 and ds = '2008-04-08'
POSTHOOK: type: QUERY
POSTHOOK: Input: default@srcpart
POSTHOOK: Input: default@srcpart@ds=2008-04-08/hr=11
#### A masked pattern was here ####
500
PREHOOK: query: EXPLAIN select count(*) from srcpart join srcpart_date_hour on (srcpart.ds = srcpart_date_hour.ds and srcpart.hr = srcpart_date_hour.hr) where srcpart_date_hour.`date` = '2008-04-08' and srcpart_date_hour.hour = 11
PREHOOK: type: QUERY
POSTHOOK: query: EXPLAIN select count(*) from srcpart join srcpart_date_hour on (srcpart.ds = srcpart_date_hour.ds and srcpart.hr = srcpart_date_hour.hr) where srcpart_date_hour.`date` = '2008-04-08' and srcpart_date_hour.hour = 11
POSTHOOK: type: QUERY
STAGE DEPENDENCIES:
  Stage-1 is a root stage
  Stage-0 depends on stages: Stage-1

STAGE PLANS:
  Stage: Stage-1
    Tez
#### A masked pattern was here ####
      Edges:
        Map 1 <- Map 3 (BROADCAST_EDGE)
        Reducer 2 <- Map 1 (CUSTOM_SIMPLE_EDGE)
#### A masked pattern was here ####
      Vertices:
        Map 1 
            Map Operator Tree:
                TableScan
                  alias: srcpart
                  Statistics: Num rows: 2000 Data size: 757248 Basic stats: COMPLETE Column stats: COMPLETE
                  Select Operator
                    expressions: ds (type: string), hr (type: string)
                    outputColumnNames: _col0, _col1
                    Statistics: Num rows: 2000 Data size: 736000 Basic stats: COMPLETE Column stats: COMPLETE
                    Map Join Operator
                      condition map:
                           Inner Join 0 to 1
                      keys:
                        0 _col0 (type: string), _col1 (type: string)
                        1 _col0 (type: string), _col2 (type: string)
                      input vertices:
                        1 Map 3
                      Statistics: Num rows: 2200 Data size: 809600 Basic stats: COMPLETE Column stats: NONE
                      Group By Operator
                        aggregations: count()
                        mode: hash
                        outputColumnNames: _col0
                        Statistics: Num rows: 1 Data size: 8 Basic stats: COMPLETE Column stats: NONE
                        Reduce Output Operator
                          sort order: 
                          Statistics: Num rows: 1 Data size: 8 Basic stats: COMPLETE Column stats: NONE
                          value expressions: _col0 (type: bigint)
            Execution mode: llap
            LLAP IO: no inputs
        Map 3 
            Map Operator Tree:
                TableScan
                  alias: srcpart_date_hour
                  filterExpr: ((date = '2008-04-08') and (UDFToDouble(hour) = 11.0) and ds is not null and hr is not null) (type: boolean)
                  Statistics: Num rows: 4 Data size: 108 Basic stats: COMPLETE Column stats: NONE
                  Filter Operator
                    predicate: ((date = '2008-04-08') and (UDFToDouble(hour) = 11.0) and ds is not null and hr is not null) (type: boolean)
                    Statistics: Num rows: 1 Data size: 27 Basic stats: COMPLETE Column stats: NONE
                    Select Operator
                      expressions: ds (type: string), hr (type: string)
                      outputColumnNames: _col0, _col2
                      Statistics: Num rows: 1 Data size: 27 Basic stats: COMPLETE Column stats: NONE
                      Reduce Output Operator
                        key expressions: _col0 (type: string), _col2 (type: string)
                        sort order: ++
                        Map-reduce partition columns: _col0 (type: string), _col2 (type: string)
                        Statistics: Num rows: 1 Data size: 27 Basic stats: COMPLETE Column stats: NONE
                      Select Operator
                        expressions: _col0 (type: string)
                        outputColumnNames: _col0
                        Statistics: Num rows: 1 Data size: 27 Basic stats: COMPLETE Column stats: NONE
                        Group By Operator
                          keys: _col0 (type: string)
                          mode: hash
                          outputColumnNames: _col0
                          Statistics: Num rows: 1 Data size: 27 Basic stats: COMPLETE Column stats: NONE
                          Dynamic Partitioning Event Operator
                            Target column: ds (string)
                            Target Input: srcpart
                            Partition key expr: ds
                            Statistics: Num rows: 1 Data size: 27 Basic stats: COMPLETE Column stats: NONE
                            Target Vertex: Map 1
                      Select Operator
                        expressions: _col2 (type: string)
                        outputColumnNames: _col0
                        Statistics: Num rows: 1 Data size: 27 Basic stats: COMPLETE Column stats: NONE
                        Group By Operator
                          keys: _col0 (type: string)
                          mode: hash
                          outputColumnNames: _col0
                          Statistics: Num rows: 1 Data size: 27 Basic stats: COMPLETE Column stats: NONE
                          Dynamic Partitioning Event Operator
                            Target column: hr (string)
                            Target Input: srcpart
                            Partition key expr: hr
                            Statistics: Num rows: 1 Data size: 27 Basic stats: COMPLETE Column stats: NONE
                            Target Vertex: Map 1
            Execution mode: llap
            LLAP IO: no inputs
        Reducer 2 
            Execution mode: llap
            Reduce Operator Tree:
              Group By Operator
                aggregations: count(VALUE._col0)
                mode: mergepartial
                outputColumnNames: _col0
                Statistics: Num rows: 1 Data size: 8 Basic stats: COMPLETE Column stats: NONE
                File Output Operator
                  compressed: false
                  Statistics: Num rows: 1 Data size: 8 Basic stats: COMPLETE Column stats: NONE
                  table:
                      input format: org.apache.hadoop.mapred.SequenceFileInputFormat
                      output format: org.apache.hadoop.hive.ql.io.HiveSequenceFileOutputFormat
                      serde: org.apache.hadoop.hive.serde2.lazy.LazySimpleSerDe

  Stage: Stage-0
    Fetch Operator
      limit: -1
      Processor Tree:
        ListSink

PREHOOK: query: select count(*) from srcpart join srcpart_date_hour on (srcpart.ds = srcpart_date_hour.ds and srcpart.hr = srcpart_date_hour.hr) where srcpart_date_hour.`date` = '2008-04-08' and srcpart_date_hour.hour = 11
PREHOOK: type: QUERY
PREHOOK: Input: default@srcpart
PREHOOK: Input: default@srcpart@ds=2008-04-08/hr=11
PREHOOK: Input: default@srcpart@ds=2008-04-08/hr=12
PREHOOK: Input: default@srcpart@ds=2008-04-09/hr=11
PREHOOK: Input: default@srcpart@ds=2008-04-09/hr=12
PREHOOK: Input: default@srcpart_date_hour
#### A masked pattern was here ####
POSTHOOK: query: select count(*) from srcpart join srcpart_date_hour on (srcpart.ds = srcpart_date_hour.ds and srcpart.hr = srcpart_date_hour.hr) where srcpart_date_hour.`date` = '2008-04-08' and srcpart_date_hour.hour = 11
POSTHOOK: type: QUERY
POSTHOOK: Input: default@srcpart
POSTHOOK: Input: default@srcpart@ds=2008-04-08/hr=11
POSTHOOK: Input: default@srcpart@ds=2008-04-08/hr=12
POSTHOOK: Input: default@srcpart@ds=2008-04-09/hr=11
POSTHOOK: Input: default@srcpart@ds=2008-04-09/hr=12
POSTHOOK: Input: default@srcpart_date_hour
#### A masked pattern was here ####
500
PREHOOK: query: select count(*) from srcpart where ds = '2008-04-08' and hr = 11
PREHOOK: type: QUERY
PREHOOK: Input: default@srcpart
PREHOOK: Input: default@srcpart@ds=2008-04-08/hr=11
#### A masked pattern was here ####
POSTHOOK: query: select count(*) from srcpart where ds = '2008-04-08' and hr = 11
POSTHOOK: type: QUERY
POSTHOOK: Input: default@srcpart
POSTHOOK: Input: default@srcpart@ds=2008-04-08/hr=11
#### A masked pattern was here ####
500
PREHOOK: query: EXPLAIN select count(*) from srcpart join srcpart_date on (srcpart.ds = srcpart_date.ds) where srcpart_date.`date` = 'I DONT EXIST'
PREHOOK: type: QUERY
POSTHOOK: query: EXPLAIN select count(*) from srcpart join srcpart_date on (srcpart.ds = srcpart_date.ds) where srcpart_date.`date` = 'I DONT EXIST'
POSTHOOK: type: QUERY
STAGE DEPENDENCIES:
  Stage-1 is a root stage
  Stage-0 depends on stages: Stage-1

STAGE PLANS:
  Stage: Stage-1
    Tez
#### A masked pattern was here ####
      Edges:
        Map 1 <- Map 3 (BROADCAST_EDGE)
        Reducer 2 <- Map 1 (CUSTOM_SIMPLE_EDGE)
#### A masked pattern was here ####
      Vertices:
        Map 1 
            Map Operator Tree:
                TableScan
                  alias: srcpart
                  filterExpr: ds is not null (type: boolean)
                  Statistics: Num rows: 2000 Data size: 389248 Basic stats: COMPLETE Column stats: COMPLETE
                  Select Operator
                    expressions: ds (type: string)
                    outputColumnNames: _col0
                    Statistics: Num rows: 2000 Data size: 368000 Basic stats: COMPLETE Column stats: COMPLETE
                    Map Join Operator
                      condition map:
                           Inner Join 0 to 1
                      keys:
                        0 _col0 (type: string)
                        1 _col0 (type: string)
                      input vertices:
                        1 Map 3
                      Statistics: Num rows: 2200 Data size: 404800 Basic stats: COMPLETE Column stats: NONE
                      Group By Operator
                        aggregations: count()
                        mode: hash
                        outputColumnNames: _col0
                        Statistics: Num rows: 1 Data size: 8 Basic stats: COMPLETE Column stats: NONE
                        Reduce Output Operator
                          sort order: 
                          Statistics: Num rows: 1 Data size: 8 Basic stats: COMPLETE Column stats: NONE
                          value expressions: _col0 (type: bigint)
            Execution mode: llap
            LLAP IO: no inputs
        Map 3 
            Map Operator Tree:
                TableScan
                  alias: srcpart_date
                  filterExpr: ((date = 'I DONT EXIST') and ds is not null) (type: boolean)
                  Statistics: Num rows: 2 Data size: 42 Basic stats: COMPLETE Column stats: NONE
                  Filter Operator
                    predicate: ((date = 'I DONT EXIST') and ds is not null) (type: boolean)
                    Statistics: Num rows: 1 Data size: 21 Basic stats: COMPLETE Column stats: NONE
                    Select Operator
                      expressions: ds (type: string)
                      outputColumnNames: _col0
                      Statistics: Num rows: 1 Data size: 21 Basic stats: COMPLETE Column stats: NONE
                      Reduce Output Operator
                        key expressions: _col0 (type: string)
                        sort order: +
                        Map-reduce partition columns: _col0 (type: string)
                        Statistics: Num rows: 1 Data size: 21 Basic stats: COMPLETE Column stats: NONE
                      Select Operator
                        expressions: _col0 (type: string)
                        outputColumnNames: _col0
                        Statistics: Num rows: 1 Data size: 21 Basic stats: COMPLETE Column stats: NONE
                        Group By Operator
                          keys: _col0 (type: string)
                          mode: hash
                          outputColumnNames: _col0
                          Statistics: Num rows: 1 Data size: 21 Basic stats: COMPLETE Column stats: NONE
                          Dynamic Partitioning Event Operator
                            Target column: ds (string)
                            Target Input: srcpart
                            Partition key expr: ds
                            Statistics: Num rows: 1 Data size: 21 Basic stats: COMPLETE Column stats: NONE
                            Target Vertex: Map 1
            Execution mode: llap
            LLAP IO: no inputs
        Reducer 2 
            Execution mode: llap
            Reduce Operator Tree:
              Group By Operator
                aggregations: count(VALUE._col0)
                mode: mergepartial
                outputColumnNames: _col0
                Statistics: Num rows: 1 Data size: 8 Basic stats: COMPLETE Column stats: NONE
                File Output Operator
                  compressed: false
                  Statistics: Num rows: 1 Data size: 8 Basic stats: COMPLETE Column stats: NONE
                  table:
                      input format: org.apache.hadoop.mapred.SequenceFileInputFormat
                      output format: org.apache.hadoop.hive.ql.io.HiveSequenceFileOutputFormat
                      serde: org.apache.hadoop.hive.serde2.lazy.LazySimpleSerDe

  Stage: Stage-0
    Fetch Operator
      limit: -1
      Processor Tree:
        ListSink

PREHOOK: query: select count(*) from srcpart join srcpart_date on (srcpart.ds = srcpart_date.ds) where srcpart_date.`date` = 'I DONT EXIST'
PREHOOK: type: QUERY
PREHOOK: Input: default@srcpart
PREHOOK: Input: default@srcpart@ds=2008-04-08/hr=11
PREHOOK: Input: default@srcpart@ds=2008-04-08/hr=12
PREHOOK: Input: default@srcpart@ds=2008-04-09/hr=11
PREHOOK: Input: default@srcpart@ds=2008-04-09/hr=12
PREHOOK: Input: default@srcpart_date
#### A masked pattern was here ####
POSTHOOK: query: select count(*) from srcpart join srcpart_date on (srcpart.ds = srcpart_date.ds) where srcpart_date.`date` = 'I DONT EXIST'
POSTHOOK: type: QUERY
POSTHOOK: Input: default@srcpart
POSTHOOK: Input: default@srcpart@ds=2008-04-08/hr=11
POSTHOOK: Input: default@srcpart@ds=2008-04-08/hr=12
POSTHOOK: Input: default@srcpart@ds=2008-04-09/hr=11
POSTHOOK: Input: default@srcpart@ds=2008-04-09/hr=12
POSTHOOK: Input: default@srcpart_date
#### A masked pattern was here ####
0
PREHOOK: query: EXPLAIN select count(*) from srcpart join srcpart_double_hour on (srcpart.hr = cast(srcpart_double_hour.hr/2 as int)) where srcpart_double_hour.hour = 11
PREHOOK: type: QUERY
POSTHOOK: query: EXPLAIN select count(*) from srcpart join srcpart_double_hour on (srcpart.hr = cast(srcpart_double_hour.hr/2 as int)) where srcpart_double_hour.hour = 11
POSTHOOK: type: QUERY
STAGE DEPENDENCIES:
  Stage-1 is a root stage
  Stage-0 depends on stages: Stage-1

STAGE PLANS:
  Stage: Stage-1
    Tez
#### A masked pattern was here ####
      Edges:
        Map 1 <- Map 3 (BROADCAST_EDGE)
        Reducer 2 <- Map 1 (CUSTOM_SIMPLE_EDGE)
#### A masked pattern was here ####
      Vertices:
        Map 1 
            Map Operator Tree:
                TableScan
                  alias: srcpart
                  filterExpr: hr is not null (type: boolean)
                  Statistics: Num rows: 2000 Data size: 389248 Basic stats: COMPLETE Column stats: COMPLETE
                  Select Operator
                    expressions: hr (type: string)
                    outputColumnNames: _col0
                    Statistics: Num rows: 2000 Data size: 368000 Basic stats: COMPLETE Column stats: COMPLETE
                    Map Join Operator
                      condition map:
                           Inner Join 0 to 1
                      keys:
                        0 UDFToDouble(_col0) (type: double)
                        1 UDFToDouble(UDFToInteger((_col0 / 2.0))) (type: double)
                      input vertices:
                        1 Map 3
                      Statistics: Num rows: 2200 Data size: 404800 Basic stats: COMPLETE Column stats: NONE
                      Group By Operator
                        aggregations: count()
                        mode: hash
                        outputColumnNames: _col0
                        Statistics: Num rows: 1 Data size: 8 Basic stats: COMPLETE Column stats: NONE
                        Reduce Output Operator
                          sort order: 
                          Statistics: Num rows: 1 Data size: 8 Basic stats: COMPLETE Column stats: NONE
                          value expressions: _col0 (type: bigint)
            Execution mode: llap
            LLAP IO: no inputs
        Map 3 
            Map Operator Tree:
                TableScan
                  alias: srcpart_double_hour
                  filterExpr: ((UDFToDouble(hour) = 11.0) and hr is not null) (type: boolean)
                  Statistics: Num rows: 2 Data size: 14 Basic stats: COMPLETE Column stats: NONE
                  Filter Operator
                    predicate: ((UDFToDouble(hour) = 11.0) and hr is not null) (type: boolean)
                    Statistics: Num rows: 1 Data size: 7 Basic stats: COMPLETE Column stats: NONE
                    Select Operator
                      expressions: hr (type: double)
                      outputColumnNames: _col0
                      Statistics: Num rows: 1 Data size: 7 Basic stats: COMPLETE Column stats: NONE
                      Reduce Output Operator
                        key expressions: UDFToDouble(UDFToInteger((_col0 / 2.0))) (type: double)
                        sort order: +
                        Map-reduce partition columns: UDFToDouble(UDFToInteger((_col0 / 2.0))) (type: double)
                        Statistics: Num rows: 1 Data size: 7 Basic stats: COMPLETE Column stats: NONE
                      Select Operator
                        expressions: UDFToDouble(UDFToInteger((_col0 / 2.0))) (type: double)
                        outputColumnNames: _col0
                        Statistics: Num rows: 1 Data size: 7 Basic stats: COMPLETE Column stats: NONE
                        Group By Operator
                          keys: _col0 (type: double)
                          mode: hash
                          outputColumnNames: _col0
                          Statistics: Num rows: 1 Data size: 7 Basic stats: COMPLETE Column stats: NONE
                          Dynamic Partitioning Event Operator
                            Target column: hr (string)
                            Target Input: srcpart
                            Partition key expr: UDFToDouble(hr)
                            Statistics: Num rows: 1 Data size: 7 Basic stats: COMPLETE Column stats: NONE
                            Target Vertex: Map 1
            Execution mode: llap
            LLAP IO: no inputs
        Reducer 2 
            Execution mode: llap
            Reduce Operator Tree:
              Group By Operator
                aggregations: count(VALUE._col0)
                mode: mergepartial
                outputColumnNames: _col0
                Statistics: Num rows: 1 Data size: 8 Basic stats: COMPLETE Column stats: NONE
                File Output Operator
                  compressed: false
                  Statistics: Num rows: 1 Data size: 8 Basic stats: COMPLETE Column stats: NONE
                  table:
                      input format: org.apache.hadoop.mapred.SequenceFileInputFormat
                      output format: org.apache.hadoop.hive.ql.io.HiveSequenceFileOutputFormat
                      serde: org.apache.hadoop.hive.serde2.lazy.LazySimpleSerDe

  Stage: Stage-0
    Fetch Operator
      limit: -1
      Processor Tree:
        ListSink

PREHOOK: query: select count(*) from srcpart join srcpart_double_hour on (srcpart.hr = cast(srcpart_double_hour.hr/2 as int)) where srcpart_double_hour.hour = 11
PREHOOK: type: QUERY
PREHOOK: Input: default@srcpart
PREHOOK: Input: default@srcpart@ds=2008-04-08/hr=11
PREHOOK: Input: default@srcpart@ds=2008-04-08/hr=12
PREHOOK: Input: default@srcpart@ds=2008-04-09/hr=11
PREHOOK: Input: default@srcpart@ds=2008-04-09/hr=12
PREHOOK: Input: default@srcpart_double_hour
#### A masked pattern was here ####
POSTHOOK: query: select count(*) from srcpart join srcpart_double_hour on (srcpart.hr = cast(srcpart_double_hour.hr/2 as int)) where srcpart_double_hour.hour = 11
POSTHOOK: type: QUERY
POSTHOOK: Input: default@srcpart
POSTHOOK: Input: default@srcpart@ds=2008-04-08/hr=11
POSTHOOK: Input: default@srcpart@ds=2008-04-08/hr=12
POSTHOOK: Input: default@srcpart@ds=2008-04-09/hr=11
POSTHOOK: Input: default@srcpart@ds=2008-04-09/hr=12
POSTHOOK: Input: default@srcpart_double_hour
#### A masked pattern was here ####
1000
PREHOOK: query: EXPLAIN select count(*) from srcpart join srcpart_double_hour on (srcpart.hr*2 = srcpart_double_hour.hr) where srcpart_double_hour.hour = 11
PREHOOK: type: QUERY
POSTHOOK: query: EXPLAIN select count(*) from srcpart join srcpart_double_hour on (srcpart.hr*2 = srcpart_double_hour.hr) where srcpart_double_hour.hour = 11
POSTHOOK: type: QUERY
STAGE DEPENDENCIES:
  Stage-1 is a root stage
  Stage-0 depends on stages: Stage-1

STAGE PLANS:
  Stage: Stage-1
    Tez
#### A masked pattern was here ####
      Edges:
        Map 1 <- Map 3 (BROADCAST_EDGE)
        Reducer 2 <- Map 1 (CUSTOM_SIMPLE_EDGE)
#### A masked pattern was here ####
      Vertices:
        Map 1 
            Map Operator Tree:
                TableScan
                  alias: srcpart
                  filterExpr: hr is not null (type: boolean)
                  Statistics: Num rows: 2000 Data size: 389248 Basic stats: COMPLETE Column stats: COMPLETE
                  Select Operator
                    expressions: hr (type: string)
                    outputColumnNames: _col0
                    Statistics: Num rows: 2000 Data size: 368000 Basic stats: COMPLETE Column stats: COMPLETE
                    Map Join Operator
                      condition map:
                           Inner Join 0 to 1
                      keys:
                        0 (UDFToDouble(_col0) * 2.0) (type: double)
                        1 _col0 (type: double)
                      input vertices:
                        1 Map 3
                      Statistics: Num rows: 2200 Data size: 404800 Basic stats: COMPLETE Column stats: NONE
                      Group By Operator
                        aggregations: count()
                        mode: hash
                        outputColumnNames: _col0
                        Statistics: Num rows: 1 Data size: 8 Basic stats: COMPLETE Column stats: NONE
                        Reduce Output Operator
                          sort order: 
                          Statistics: Num rows: 1 Data size: 8 Basic stats: COMPLETE Column stats: NONE
                          value expressions: _col0 (type: bigint)
            Execution mode: llap
            LLAP IO: no inputs
        Map 3 
            Map Operator Tree:
                TableScan
                  alias: srcpart_double_hour
                  filterExpr: ((UDFToDouble(hour) = 11.0) and hr is not null) (type: boolean)
                  Statistics: Num rows: 2 Data size: 14 Basic stats: COMPLETE Column stats: NONE
                  Filter Operator
                    predicate: ((UDFToDouble(hour) = 11.0) and hr is not null) (type: boolean)
                    Statistics: Num rows: 1 Data size: 7 Basic stats: COMPLETE Column stats: NONE
                    Select Operator
                      expressions: hr (type: double)
                      outputColumnNames: _col0
                      Statistics: Num rows: 1 Data size: 7 Basic stats: COMPLETE Column stats: NONE
                      Reduce Output Operator
                        key expressions: _col0 (type: double)
                        sort order: +
                        Map-reduce partition columns: _col0 (type: double)
                        Statistics: Num rows: 1 Data size: 7 Basic stats: COMPLETE Column stats: NONE
                      Select Operator
                        expressions: _col0 (type: double)
                        outputColumnNames: _col0
                        Statistics: Num rows: 1 Data size: 7 Basic stats: COMPLETE Column stats: NONE
                        Group By Operator
                          keys: _col0 (type: double)
                          mode: hash
                          outputColumnNames: _col0
                          Statistics: Num rows: 1 Data size: 7 Basic stats: COMPLETE Column stats: NONE
                          Dynamic Partitioning Event Operator
                            Target column: hr (string)
                            Target Input: srcpart
                            Partition key expr: (UDFToDouble(hr) * 2.0)
                            Statistics: Num rows: 1 Data size: 7 Basic stats: COMPLETE Column stats: NONE
                            Target Vertex: Map 1
            Execution mode: llap
            LLAP IO: no inputs
        Reducer 2 
            Execution mode: llap
            Reduce Operator Tree:
              Group By Operator
                aggregations: count(VALUE._col0)
                mode: mergepartial
                outputColumnNames: _col0
                Statistics: Num rows: 1 Data size: 8 Basic stats: COMPLETE Column stats: NONE
                File Output Operator
                  compressed: false
                  Statistics: Num rows: 1 Data size: 8 Basic stats: COMPLETE Column stats: NONE
                  table:
                      input format: org.apache.hadoop.mapred.SequenceFileInputFormat
                      output format: org.apache.hadoop.hive.ql.io.HiveSequenceFileOutputFormat
                      serde: org.apache.hadoop.hive.serde2.lazy.LazySimpleSerDe

  Stage: Stage-0
    Fetch Operator
      limit: -1
      Processor Tree:
        ListSink

PREHOOK: query: select count(*) from srcpart join srcpart_double_hour on (srcpart.hr*2 = srcpart_double_hour.hr) where srcpart_double_hour.hour = 11
PREHOOK: type: QUERY
PREHOOK: Input: default@srcpart
PREHOOK: Input: default@srcpart@ds=2008-04-08/hr=11
PREHOOK: Input: default@srcpart@ds=2008-04-08/hr=12
PREHOOK: Input: default@srcpart@ds=2008-04-09/hr=11
PREHOOK: Input: default@srcpart@ds=2008-04-09/hr=12
PREHOOK: Input: default@srcpart_double_hour
#### A masked pattern was here ####
POSTHOOK: query: select count(*) from srcpart join srcpart_double_hour on (srcpart.hr*2 = srcpart_double_hour.hr) where srcpart_double_hour.hour = 11
POSTHOOK: type: QUERY
POSTHOOK: Input: default@srcpart
POSTHOOK: Input: default@srcpart@ds=2008-04-08/hr=11
POSTHOOK: Input: default@srcpart@ds=2008-04-08/hr=12
POSTHOOK: Input: default@srcpart@ds=2008-04-09/hr=11
POSTHOOK: Input: default@srcpart@ds=2008-04-09/hr=12
POSTHOOK: Input: default@srcpart_double_hour
#### A masked pattern was here ####
1000
PREHOOK: query: select count(*) from srcpart where hr = 11
PREHOOK: type: QUERY
PREHOOK: Input: default@srcpart
PREHOOK: Input: default@srcpart@ds=2008-04-08/hr=11
PREHOOK: Input: default@srcpart@ds=2008-04-09/hr=11
#### A masked pattern was here ####
POSTHOOK: query: select count(*) from srcpart where hr = 11
POSTHOOK: type: QUERY
POSTHOOK: Input: default@srcpart
POSTHOOK: Input: default@srcpart@ds=2008-04-08/hr=11
POSTHOOK: Input: default@srcpart@ds=2008-04-09/hr=11
#### A masked pattern was here ####
1000
Warning: Map Join MAPJOIN[22][bigTable=?] in task 'Reducer 3' is a cross product
PREHOOK: query: EXPLAIN select count(*) from srcpart join (select ds as ds, ds as `date` from srcpart group by ds) s on (srcpart.ds = s.ds) where s.`date` = '2008-04-08'
PREHOOK: type: QUERY
POSTHOOK: query: EXPLAIN select count(*) from srcpart join (select ds as ds, ds as `date` from srcpart group by ds) s on (srcpart.ds = s.ds) where s.`date` = '2008-04-08'
POSTHOOK: type: QUERY
STAGE DEPENDENCIES:
  Stage-1 is a root stage
  Stage-0 depends on stages: Stage-1

STAGE PLANS:
  Stage: Stage-1
    Tez
#### A masked pattern was here ####
      Edges:
        Reducer 3 <- Map 1 (BROADCAST_EDGE), Map 2 (SIMPLE_EDGE)
        Reducer 4 <- Reducer 3 (CUSTOM_SIMPLE_EDGE)
#### A masked pattern was here ####
      Vertices:
        Map 1 
            Map Operator Tree:
                TableScan
                  alias: srcpart
                  filterExpr: (ds = '2008-04-08') (type: boolean)
                  Statistics: Num rows: 1000 Data size: 10624 Basic stats: COMPLETE Column stats: NONE
                  Select Operator
                    Statistics: Num rows: 1000 Data size: 10624 Basic stats: COMPLETE Column stats: NONE
                    Reduce Output Operator
                      sort order: 
                      Statistics: Num rows: 1000 Data size: 10624 Basic stats: COMPLETE Column stats: NONE
            Execution mode: llap
            LLAP IO: no inputs
        Map 2 
            Map Operator Tree:
                TableScan
                  alias: srcpart
                  filterExpr: (ds = '2008-04-08') (type: boolean)
                  Statistics: Num rows: 1000 Data size: 10624 Basic stats: COMPLETE Column stats: NONE
                  Select Operator
                    Statistics: Num rows: 1000 Data size: 10624 Basic stats: COMPLETE Column stats: NONE
                    Group By Operator
                      keys: '2008-04-08' (type: string)
                      mode: hash
                      outputColumnNames: _col0
                      Statistics: Num rows: 1000 Data size: 10624 Basic stats: COMPLETE Column stats: NONE
                      Reduce Output Operator
                        key expressions: _col0 (type: string)
                        sort order: +
                        Map-reduce partition columns: _col0 (type: string)
                        Statistics: Num rows: 1000 Data size: 10624 Basic stats: COMPLETE Column stats: NONE
            Execution mode: llap
            LLAP IO: no inputs
        Reducer 3 
            Execution mode: llap
            Reduce Operator Tree:
              Group By Operator
                keys: KEY._col0 (type: string)
                mode: mergepartial
                outputColumnNames: _col0
                Statistics: Num rows: 500 Data size: 5312 Basic stats: COMPLETE Column stats: NONE
                Select Operator
                  Statistics: Num rows: 500 Data size: 5312 Basic stats: COMPLETE Column stats: NONE
                  Map Join Operator
                    condition map:
                         Inner Join 0 to 1
                    keys:
                      0 
                      1 
                    input vertices:
                      0 Map 1
                    Statistics: Num rows: 500000 Data size: 11124000 Basic stats: COMPLETE Column stats: NONE
                    Group By Operator
                      aggregations: count()
                      mode: hash
                      outputColumnNames: _col0
                      Statistics: Num rows: 1 Data size: 8 Basic stats: COMPLETE Column stats: NONE
                      Reduce Output Operator
                        sort order: 
                        Statistics: Num rows: 1 Data size: 8 Basic stats: COMPLETE Column stats: NONE
                        value expressions: _col0 (type: bigint)
        Reducer 4 
            Execution mode: llap
            Reduce Operator Tree:
              Group By Operator
                aggregations: count(VALUE._col0)
                mode: mergepartial
                outputColumnNames: _col0
                Statistics: Num rows: 1 Data size: 8 Basic stats: COMPLETE Column stats: NONE
                File Output Operator
                  compressed: false
                  Statistics: Num rows: 1 Data size: 8 Basic stats: COMPLETE Column stats: NONE
                  table:
                      input format: org.apache.hadoop.mapred.SequenceFileInputFormat
                      output format: org.apache.hadoop.hive.ql.io.HiveSequenceFileOutputFormat
                      serde: org.apache.hadoop.hive.serde2.lazy.LazySimpleSerDe

  Stage: Stage-0
    Fetch Operator
      limit: -1
      Processor Tree:
        ListSink

Warning: Map Join MAPJOIN[22][bigTable=?] in task 'Reducer 3' is a cross product
PREHOOK: query: select count(*) from srcpart join (select ds as ds, ds as `date` from srcpart group by ds) s on (srcpart.ds = s.ds) where s.`date` = '2008-04-08'
PREHOOK: type: QUERY
PREHOOK: Input: default@srcpart
PREHOOK: Input: default@srcpart@ds=2008-04-08/hr=11
PREHOOK: Input: default@srcpart@ds=2008-04-08/hr=12
#### A masked pattern was here ####
POSTHOOK: query: select count(*) from srcpart join (select ds as ds, ds as `date` from srcpart group by ds) s on (srcpart.ds = s.ds) where s.`date` = '2008-04-08'
POSTHOOK: type: QUERY
POSTHOOK: Input: default@srcpart
POSTHOOK: Input: default@srcpart@ds=2008-04-08/hr=11
POSTHOOK: Input: default@srcpart@ds=2008-04-08/hr=12
#### A masked pattern was here ####
1000
PREHOOK: query: select count(*) from srcpart where ds = '2008-04-08'
PREHOOK: type: QUERY
PREHOOK: Input: default@srcpart
PREHOOK: Input: default@srcpart@ds=2008-04-08/hr=11
PREHOOK: Input: default@srcpart@ds=2008-04-08/hr=12
#### A masked pattern was here ####
POSTHOOK: query: select count(*) from srcpart where ds = '2008-04-08'
POSTHOOK: type: QUERY
POSTHOOK: Input: default@srcpart
POSTHOOK: Input: default@srcpart@ds=2008-04-08/hr=11
POSTHOOK: Input: default@srcpart@ds=2008-04-08/hr=12
#### A masked pattern was here ####
1000
PREHOOK: query: EXPLAIN select count(*) from srcpart left join srcpart_date on (srcpart.ds = srcpart_date.ds) where srcpart_date.`date` = '2008-04-08'
PREHOOK: type: QUERY
POSTHOOK: query: EXPLAIN select count(*) from srcpart left join srcpart_date on (srcpart.ds = srcpart_date.ds) where srcpart_date.`date` = '2008-04-08'
POSTHOOK: type: QUERY
STAGE DEPENDENCIES:
  Stage-1 is a root stage
  Stage-0 depends on stages: Stage-1

STAGE PLANS:
  Stage: Stage-1
    Tez
#### A masked pattern was here ####
      Edges:
        Map 1 <- Map 3 (BROADCAST_EDGE)
        Reducer 2 <- Map 1 (CUSTOM_SIMPLE_EDGE)
#### A masked pattern was here ####
      Vertices:
        Map 1 
            Map Operator Tree:
                TableScan
                  alias: srcpart
                  filterExpr: ds is not null (type: boolean)
                  Statistics: Num rows: 2000 Data size: 389248 Basic stats: COMPLETE Column stats: COMPLETE
                  Select Operator
                    expressions: ds (type: string)
                    outputColumnNames: _col0
                    Statistics: Num rows: 2000 Data size: 368000 Basic stats: COMPLETE Column stats: COMPLETE
                    Map Join Operator
                      condition map:
                           Inner Join 0 to 1
                      keys:
                        0 _col0 (type: string)
                        1 _col0 (type: string)
                      input vertices:
                        1 Map 3
                      Statistics: Num rows: 2200 Data size: 404800 Basic stats: COMPLETE Column stats: NONE
                      Group By Operator
                        aggregations: count()
                        mode: hash
                        outputColumnNames: _col0
                        Statistics: Num rows: 1 Data size: 8 Basic stats: COMPLETE Column stats: NONE
                        Reduce Output Operator
                          sort order: 
                          Statistics: Num rows: 1 Data size: 8 Basic stats: COMPLETE Column stats: NONE
                          value expressions: _col0 (type: bigint)
            Execution mode: llap
            LLAP IO: no inputs
        Map 3 
            Map Operator Tree:
                TableScan
                  alias: srcpart_date
                  filterExpr: ((date = '2008-04-08') and ds is not null) (type: boolean)
                  Statistics: Num rows: 2 Data size: 42 Basic stats: COMPLETE Column stats: NONE
                  Filter Operator
                    predicate: ((date = '2008-04-08') and ds is not null) (type: boolean)
                    Statistics: Num rows: 1 Data size: 21 Basic stats: COMPLETE Column stats: NONE
                    Select Operator
                      expressions: ds (type: string)
                      outputColumnNames: _col0
                      Statistics: Num rows: 1 Data size: 21 Basic stats: COMPLETE Column stats: NONE
                      Reduce Output Operator
                        key expressions: _col0 (type: string)
                        sort order: +
                        Map-reduce partition columns: _col0 (type: string)
                        Statistics: Num rows: 1 Data size: 21 Basic stats: COMPLETE Column stats: NONE
                      Select Operator
                        expressions: _col0 (type: string)
                        outputColumnNames: _col0
                        Statistics: Num rows: 1 Data size: 21 Basic stats: COMPLETE Column stats: NONE
                        Group By Operator
                          keys: _col0 (type: string)
                          mode: hash
                          outputColumnNames: _col0
                          Statistics: Num rows: 1 Data size: 21 Basic stats: COMPLETE Column stats: NONE
                          Dynamic Partitioning Event Operator
                            Target column: ds (string)
                            Target Input: srcpart
                            Partition key expr: ds
                            Statistics: Num rows: 1 Data size: 21 Basic stats: COMPLETE Column stats: NONE
                            Target Vertex: Map 1
            Execution mode: llap
            LLAP IO: no inputs
        Reducer 2 
            Execution mode: llap
            Reduce Operator Tree:
              Group By Operator
                aggregations: count(VALUE._col0)
                mode: mergepartial
                outputColumnNames: _col0
                Statistics: Num rows: 1 Data size: 8 Basic stats: COMPLETE Column stats: NONE
                File Output Operator
                  compressed: false
                  Statistics: Num rows: 1 Data size: 8 Basic stats: COMPLETE Column stats: NONE
                  table:
                      input format: org.apache.hadoop.mapred.SequenceFileInputFormat
                      output format: org.apache.hadoop.hive.ql.io.HiveSequenceFileOutputFormat
                      serde: org.apache.hadoop.hive.serde2.lazy.LazySimpleSerDe

  Stage: Stage-0
    Fetch Operator
      limit: -1
      Processor Tree:
        ListSink

PREHOOK: query: EXPLAIN select count(*) from srcpart_date left join srcpart on (srcpart.ds = srcpart_date.ds) where srcpart_date.`date` = '2008-04-08'
PREHOOK: type: QUERY
POSTHOOK: query: EXPLAIN select count(*) from srcpart_date left join srcpart on (srcpart.ds = srcpart_date.ds) where srcpart_date.`date` = '2008-04-08'
POSTHOOK: type: QUERY
STAGE DEPENDENCIES:
  Stage-1 is a root stage
  Stage-0 depends on stages: Stage-1

STAGE PLANS:
  Stage: Stage-1
    Tez
#### A masked pattern was here ####
      Edges:
        Map 1 <- Map 3 (BROADCAST_EDGE)
        Reducer 2 <- Map 1 (CUSTOM_SIMPLE_EDGE)
#### A masked pattern was here ####
      Vertices:
        Map 1 
            Map Operator Tree:
                TableScan
                  alias: srcpart_date
                  filterExpr: (date = '2008-04-08') (type: boolean)
                  Statistics: Num rows: 2 Data size: 42 Basic stats: COMPLETE Column stats: NONE
                  Filter Operator
                    predicate: (date = '2008-04-08') (type: boolean)
                    Statistics: Num rows: 1 Data size: 21 Basic stats: COMPLETE Column stats: NONE
                    Select Operator
                      expressions: ds (type: string)
                      outputColumnNames: _col0
                      Statistics: Num rows: 1 Data size: 21 Basic stats: COMPLETE Column stats: NONE
                      Map Join Operator
                        condition map:
                             Left Outer Join 0 to 1
                        keys:
                          0 _col0 (type: string)
                          1 _col0 (type: string)
                        input vertices:
                          1 Map 3
                        Statistics: Num rows: 2200 Data size: 404800 Basic stats: COMPLETE Column stats: NONE
                        Group By Operator
                          aggregations: count()
                          mode: hash
                          outputColumnNames: _col0
                          Statistics: Num rows: 1 Data size: 8 Basic stats: COMPLETE Column stats: NONE
                          Reduce Output Operator
                            sort order: 
                            Statistics: Num rows: 1 Data size: 8 Basic stats: COMPLETE Column stats: NONE
                            value expressions: _col0 (type: bigint)
            Execution mode: llap
            LLAP IO: no inputs
        Map 3 
            Map Operator Tree:
                TableScan
                  alias: srcpart
                  Statistics: Num rows: 2000 Data size: 389248 Basic stats: COMPLETE Column stats: COMPLETE
                  Select Operator
                    expressions: ds (type: string)
                    outputColumnNames: _col0
                    Statistics: Num rows: 2000 Data size: 368000 Basic stats: COMPLETE Column stats: COMPLETE
                    Reduce Output Operator
                      key expressions: _col0 (type: string)
                      sort order: +
                      Map-reduce partition columns: _col0 (type: string)
                      Statistics: Num rows: 2000 Data size: 368000 Basic stats: COMPLETE Column stats: COMPLETE
            Execution mode: llap
            LLAP IO: no inputs
        Reducer 2 
            Execution mode: llap
            Reduce Operator Tree:
              Group By Operator
                aggregations: count(VALUE._col0)
                mode: mergepartial
                outputColumnNames: _col0
                Statistics: Num rows: 1 Data size: 8 Basic stats: COMPLETE Column stats: NONE
                File Output Operator
                  compressed: false
                  Statistics: Num rows: 1 Data size: 8 Basic stats: COMPLETE Column stats: NONE
                  table:
                      input format: org.apache.hadoop.mapred.SequenceFileInputFormat
                      output format: org.apache.hadoop.hive.ql.io.HiveSequenceFileOutputFormat
                      serde: org.apache.hadoop.hive.serde2.lazy.LazySimpleSerDe

  Stage: Stage-0
    Fetch Operator
      limit: -1
      Processor Tree:
        ListSink

PREHOOK: query: EXPLAIN select count(*) from srcpart full outer join srcpart_date on (srcpart.ds = srcpart_date.ds) where srcpart_date.`date` = '2008-04-08'
PREHOOK: type: QUERY
POSTHOOK: query: EXPLAIN select count(*) from srcpart full outer join srcpart_date on (srcpart.ds = srcpart_date.ds) where srcpart_date.`date` = '2008-04-08'
POSTHOOK: type: QUERY
STAGE DEPENDENCIES:
  Stage-1 is a root stage
  Stage-0 depends on stages: Stage-1

STAGE PLANS:
  Stage: Stage-1
    Tez
#### A masked pattern was here ####
      Edges:
        Map 2 <- Map 1 (BROADCAST_EDGE)
        Reducer 3 <- Map 2 (CUSTOM_SIMPLE_EDGE)
#### A masked pattern was here ####
      Vertices:
        Map 1 
            Map Operator Tree:
                TableScan
                  alias: srcpart
                  Statistics: Num rows: 2000 Data size: 389248 Basic stats: COMPLETE Column stats: COMPLETE
                  Select Operator
                    expressions: ds (type: string)
                    outputColumnNames: _col0
                    Statistics: Num rows: 2000 Data size: 368000 Basic stats: COMPLETE Column stats: COMPLETE
                    Reduce Output Operator
                      key expressions: _col0 (type: string)
                      sort order: +
                      Map-reduce partition columns: _col0 (type: string)
                      Statistics: Num rows: 2000 Data size: 368000 Basic stats: COMPLETE Column stats: COMPLETE
            Execution mode: llap
            LLAP IO: no inputs
        Map 2 
            Map Operator Tree:
                TableScan
                  alias: srcpart_date
                  filterExpr: (date = '2008-04-08') (type: boolean)
                  Statistics: Num rows: 2 Data size: 42 Basic stats: COMPLETE Column stats: NONE
                  Filter Operator
                    predicate: (date = '2008-04-08') (type: boolean)
                    Statistics: Num rows: 1 Data size: 21 Basic stats: COMPLETE Column stats: NONE
                    Select Operator
                      expressions: ds (type: string)
                      outputColumnNames: _col0
                      Statistics: Num rows: 1 Data size: 21 Basic stats: COMPLETE Column stats: NONE
                      Map Join Operator
                        condition map:
                             Right Outer Join 0 to 1
                        keys:
                          0 _col0 (type: string)
                          1 _col0 (type: string)
                        input vertices:
                          0 Map 1
                        Statistics: Num rows: 2200 Data size: 404800 Basic stats: COMPLETE Column stats: NONE
                        Group By Operator
                          aggregations: count()
                          mode: hash
                          outputColumnNames: _col0
                          Statistics: Num rows: 1 Data size: 8 Basic stats: COMPLETE Column stats: NONE
                          Reduce Output Operator
                            sort order: 
                            Statistics: Num rows: 1 Data size: 8 Basic stats: COMPLETE Column stats: NONE
                            value expressions: _col0 (type: bigint)
            Execution mode: llap
            LLAP IO: no inputs
        Reducer 3 
            Execution mode: llap
            Reduce Operator Tree:
              Group By Operator
                aggregations: count(VALUE._col0)
                mode: mergepartial
                outputColumnNames: _col0
                Statistics: Num rows: 1 Data size: 8 Basic stats: COMPLETE Column stats: NONE
                File Output Operator
                  compressed: false
                  Statistics: Num rows: 1 Data size: 8 Basic stats: COMPLETE Column stats: NONE
                  table:
                      input format: org.apache.hadoop.mapred.SequenceFileInputFormat
                      output format: org.apache.hadoop.hive.ql.io.HiveSequenceFileOutputFormat
                      serde: org.apache.hadoop.hive.serde2.lazy.LazySimpleSerDe

  Stage: Stage-0
    Fetch Operator
      limit: -1
      Processor Tree:
        ListSink

PREHOOK: query: EXPLAIN select count(*) from srcpart join srcpart_date on (srcpart.ds = srcpart_date.ds) join srcpart_hour on (srcpart.hr = srcpart_hour.hr) 
where srcpart_date.`date` = '2008-04-08' and srcpart_hour.hour = 11 and srcpart.hr = 11
PREHOOK: type: QUERY
POSTHOOK: query: EXPLAIN select count(*) from srcpart join srcpart_date on (srcpart.ds = srcpart_date.ds) join srcpart_hour on (srcpart.hr = srcpart_hour.hr) 
where srcpart_date.`date` = '2008-04-08' and srcpart_hour.hour = 11 and srcpart.hr = 11
POSTHOOK: type: QUERY
STAGE DEPENDENCIES:
  Stage-1 is a root stage
  Stage-0 depends on stages: Stage-1

STAGE PLANS:
  Stage: Stage-1
    Tez
#### A masked pattern was here ####
      Edges:
        Map 1 <- Map 3 (BROADCAST_EDGE), Map 4 (BROADCAST_EDGE)
        Reducer 2 <- Map 1 (CUSTOM_SIMPLE_EDGE)
#### A masked pattern was here ####
      Vertices:
        Map 1 
            Map Operator Tree:
                TableScan
                  alias: srcpart
                  Statistics: Num rows: 1000 Data size: 378624 Basic stats: COMPLETE Column stats: COMPLETE
                  Select Operator
                    expressions: ds (type: string), hr (type: string)
                    outputColumnNames: _col0, _col1
                    Statistics: Num rows: 1000 Data size: 368000 Basic stats: COMPLETE Column stats: COMPLETE
                    Map Join Operator
                      condition map:
                           Inner Join 0 to 1
                      keys:
                        0 _col0 (type: string)
                        1 _col0 (type: string)
                      outputColumnNames: _col1
                      input vertices:
                        1 Map 3
                      Statistics: Num rows: 1100 Data size: 404800 Basic stats: COMPLETE Column stats: NONE
                      Map Join Operator
                        condition map:
                             Inner Join 0 to 1
                        keys:
                          0 _col1 (type: string)
                          1 _col0 (type: string)
                        input vertices:
                          1 Map 4
                        Statistics: Num rows: 1210 Data size: 445280 Basic stats: COMPLETE Column stats: NONE
                        Group By Operator
                          aggregations: count()
                          mode: hash
                          outputColumnNames: _col0
                          Statistics: Num rows: 1 Data size: 8 Basic stats: COMPLETE Column stats: NONE
                          Reduce Output Operator
                            sort order: 
                            Statistics: Num rows: 1 Data size: 8 Basic stats: COMPLETE Column stats: NONE
                            value expressions: _col0 (type: bigint)
            Execution mode: llap
            LLAP IO: no inputs
        Map 3 
            Map Operator Tree:
                TableScan
                  alias: srcpart_date
                  filterExpr: ((date = '2008-04-08') and ds is not null) (type: boolean)
                  Statistics: Num rows: 2 Data size: 42 Basic stats: COMPLETE Column stats: NONE
                  Filter Operator
                    predicate: ((date = '2008-04-08') and ds is not null) (type: boolean)
                    Statistics: Num rows: 1 Data size: 21 Basic stats: COMPLETE Column stats: NONE
                    Select Operator
                      expressions: ds (type: string)
                      outputColumnNames: _col0
                      Statistics: Num rows: 1 Data size: 21 Basic stats: COMPLETE Column stats: NONE
                      Reduce Output Operator
                        key expressions: _col0 (type: string)
                        sort order: +
                        Map-reduce partition columns: _col0 (type: string)
                        Statistics: Num rows: 1 Data size: 21 Basic stats: COMPLETE Column stats: NONE
                      Select Operator
                        expressions: _col0 (type: string)
                        outputColumnNames: _col0
                        Statistics: Num rows: 1 Data size: 21 Basic stats: COMPLETE Column stats: NONE
                        Group By Operator
                          keys: _col0 (type: string)
                          mode: hash
                          outputColumnNames: _col0
                          Statistics: Num rows: 1 Data size: 21 Basic stats: COMPLETE Column stats: NONE
                          Dynamic Partitioning Event Operator
                            Target column: ds (string)
                            Target Input: srcpart
                            Partition key expr: ds
                            Statistics: Num rows: 1 Data size: 21 Basic stats: COMPLETE Column stats: NONE
                            Target Vertex: Map 1
            Execution mode: llap
            LLAP IO: no inputs
        Map 4 
            Map Operator Tree:
                TableScan
                  alias: srcpart_hour
                  filterExpr: ((UDFToDouble(hour) = 11.0) and (UDFToDouble(hr) = 11.0)) (type: boolean)
                  Statistics: Num rows: 2 Data size: 10 Basic stats: COMPLETE Column stats: NONE
                  Filter Operator
                    predicate: ((UDFToDouble(hour) = 11.0) and (UDFToDouble(hr) = 11.0)) (type: boolean)
                    Statistics: Num rows: 1 Data size: 5 Basic stats: COMPLETE Column stats: NONE
                    Select Operator
                      expressions: hr (type: string)
                      outputColumnNames: _col0
                      Statistics: Num rows: 1 Data size: 5 Basic stats: COMPLETE Column stats: NONE
                      Reduce Output Operator
                        key expressions: _col0 (type: string)
                        sort order: +
                        Map-reduce partition columns: _col0 (type: string)
                        Statistics: Num rows: 1 Data size: 5 Basic stats: COMPLETE Column stats: NONE
                      Select Operator
                        expressions: _col0 (type: string)
                        outputColumnNames: _col0
                        Statistics: Num rows: 1 Data size: 5 Basic stats: COMPLETE Column stats: NONE
                        Group By Operator
                          keys: _col0 (type: string)
                          mode: hash
                          outputColumnNames: _col0
                          Statistics: Num rows: 1 Data size: 5 Basic stats: COMPLETE Column stats: NONE
                          Dynamic Partitioning Event Operator
                            Target column: hr (string)
                            Target Input: srcpart
                            Partition key expr: hr
                            Statistics: Num rows: 1 Data size: 5 Basic stats: COMPLETE Column stats: NONE
                            Target Vertex: Map 1
            Execution mode: llap
            LLAP IO: no inputs
        Reducer 2 
            Execution mode: llap
            Reduce Operator Tree:
              Group By Operator
                aggregations: count(VALUE._col0)
                mode: mergepartial
                outputColumnNames: _col0
                Statistics: Num rows: 1 Data size: 8 Basic stats: COMPLETE Column stats: NONE
                File Output Operator
                  compressed: false
                  Statistics: Num rows: 1 Data size: 8 Basic stats: COMPLETE Column stats: NONE
                  table:
                      input format: org.apache.hadoop.mapred.SequenceFileInputFormat
                      output format: org.apache.hadoop.hive.ql.io.HiveSequenceFileOutputFormat
                      serde: org.apache.hadoop.hive.serde2.lazy.LazySimpleSerDe

  Stage: Stage-0
    Fetch Operator
      limit: -1
      Processor Tree:
        ListSink

PREHOOK: query: select count(*) from srcpart join srcpart_date on (srcpart.ds = srcpart_date.ds) join srcpart_hour on (srcpart.hr = srcpart_hour.hr) 
where srcpart_date.`date` = '2008-04-08' and srcpart_hour.hour = 11 and srcpart.hr = 11
PREHOOK: type: QUERY
PREHOOK: Input: default@srcpart
PREHOOK: Input: default@srcpart@ds=2008-04-08/hr=11
PREHOOK: Input: default@srcpart@ds=2008-04-09/hr=11
PREHOOK: Input: default@srcpart_date
PREHOOK: Input: default@srcpart_hour
#### A masked pattern was here ####
POSTHOOK: query: select count(*) from srcpart join srcpart_date on (srcpart.ds = srcpart_date.ds) join srcpart_hour on (srcpart.hr = srcpart_hour.hr) 
where srcpart_date.`date` = '2008-04-08' and srcpart_hour.hour = 11 and srcpart.hr = 11
POSTHOOK: type: QUERY
POSTHOOK: Input: default@srcpart
POSTHOOK: Input: default@srcpart@ds=2008-04-08/hr=11
POSTHOOK: Input: default@srcpart@ds=2008-04-09/hr=11
POSTHOOK: Input: default@srcpart_date
POSTHOOK: Input: default@srcpart_hour
#### A masked pattern was here ####
500
PREHOOK: query: EXPLAIN select count(*) from srcpart join srcpart_date on (srcpart.ds = srcpart_date.ds) join srcpart_hour on (srcpart.hr = srcpart_hour.hr) 
where srcpart_date.`date` = '2008-04-08' and srcpart.hr = 13
PREHOOK: type: QUERY
POSTHOOK: query: EXPLAIN select count(*) from srcpart join srcpart_date on (srcpart.ds = srcpart_date.ds) join srcpart_hour on (srcpart.hr = srcpart_hour.hr) 
where srcpart_date.`date` = '2008-04-08' and srcpart.hr = 13
POSTHOOK: type: QUERY
STAGE DEPENDENCIES:
  Stage-1 is a root stage
  Stage-0 depends on stages: Stage-1

STAGE PLANS:
  Stage: Stage-1
    Tez
#### A masked pattern was here ####
      Edges:
        Map 2 <- Map 1 (BROADCAST_EDGE), Map 4 (BROADCAST_EDGE)
        Reducer 3 <- Map 2 (CUSTOM_SIMPLE_EDGE)
#### A masked pattern was here ####
      Vertices:
        Map 1 
            Map Operator Tree:
                TableScan
                  alias: srcpart
                  filterExpr: ((UDFToDouble(hr) = 13.0) and ds is not null) (type: boolean)
                  Statistics: Num rows: 1 Data size: 368 Basic stats: COMPLETE Column stats: COMPLETE
                  Filter Operator
                    predicate: ((UDFToDouble(hr) = 13.0) and ds is not null) (type: boolean)
                    Statistics: Num rows: 1 Data size: 368 Basic stats: COMPLETE Column stats: COMPLETE
                    Select Operator
                      expressions: ds (type: string), hr (type: string)
                      outputColumnNames: _col0, _col1
                      Statistics: Num rows: 1 Data size: 368 Basic stats: COMPLETE Column stats: COMPLETE
                      Reduce Output Operator
                        key expressions: _col0 (type: string)
                        sort order: +
                        Map-reduce partition columns: _col0 (type: string)
                        Statistics: Num rows: 1 Data size: 368 Basic stats: COMPLETE Column stats: COMPLETE
                        value expressions: _col1 (type: string)
            Execution mode: llap
            LLAP IO: unknown
        Map 2 
            Map Operator Tree:
                TableScan
                  alias: srcpart_date
                  filterExpr: ((date = '2008-04-08') and ds is not null) (type: boolean)
                  Statistics: Num rows: 2 Data size: 42 Basic stats: COMPLETE Column stats: NONE
                  Filter Operator
                    predicate: ((date = '2008-04-08') and ds is not null) (type: boolean)
                    Statistics: Num rows: 1 Data size: 21 Basic stats: COMPLETE Column stats: NONE
                    Select Operator
                      expressions: ds (type: string)
                      outputColumnNames: _col0
                      Statistics: Num rows: 1 Data size: 21 Basic stats: COMPLETE Column stats: NONE
                      Map Join Operator
                        condition map:
                             Inner Join 0 to 1
                        keys:
                          0 _col0 (type: string)
                          1 _col0 (type: string)
                        outputColumnNames: _col1
                        input vertices:
                          0 Map 1
                        Statistics: Num rows: 1 Data size: 404 Basic stats: COMPLETE Column stats: NONE
                        Map Join Operator
                          condition map:
                               Inner Join 0 to 1
                          keys:
                            0 _col1 (type: string)
                            1 _col0 (type: string)
                          input vertices:
                            1 Map 4
                          Statistics: Num rows: 1 Data size: 444 Basic stats: COMPLETE Column stats: NONE
                          Group By Operator
                            aggregations: count()
                            mode: hash
                            outputColumnNames: _col0
                            Statistics: Num rows: 1 Data size: 8 Basic stats: COMPLETE Column stats: NONE
                            Reduce Output Operator
                              sort order: 
                              Statistics: Num rows: 1 Data size: 8 Basic stats: COMPLETE Column stats: NONE
                              value expressions: _col0 (type: bigint)
            Execution mode: llap
            LLAP IO: no inputs
        Map 4 
            Map Operator Tree:
                TableScan
                  alias: srcpart_hour
                  filterExpr: (UDFToDouble(hr) = 13.0) (type: boolean)
                  Statistics: Num rows: 2 Data size: 10 Basic stats: COMPLETE Column stats: NONE
                  Filter Operator
                    predicate: (UDFToDouble(hr) = 13.0) (type: boolean)
                    Statistics: Num rows: 1 Data size: 5 Basic stats: COMPLETE Column stats: NONE
                    Select Operator
                      expressions: hr (type: string)
                      outputColumnNames: _col0
                      Statistics: Num rows: 1 Data size: 5 Basic stats: COMPLETE Column stats: NONE
                      Reduce Output Operator
                        key expressions: _col0 (type: string)
                        sort order: +
                        Map-reduce partition columns: _col0 (type: string)
                        Statistics: Num rows: 1 Data size: 5 Basic stats: COMPLETE Column stats: NONE
            Execution mode: llap
            LLAP IO: no inputs
        Reducer 3 
            Execution mode: llap
            Reduce Operator Tree:
              Group By Operator
                aggregations: count(VALUE._col0)
                mode: mergepartial
                outputColumnNames: _col0
                Statistics: Num rows: 1 Data size: 8 Basic stats: COMPLETE Column stats: NONE
                File Output Operator
                  compressed: false
                  Statistics: Num rows: 1 Data size: 8 Basic stats: COMPLETE Column stats: NONE
                  table:
                      input format: org.apache.hadoop.mapred.SequenceFileInputFormat
                      output format: org.apache.hadoop.hive.ql.io.HiveSequenceFileOutputFormat
                      serde: org.apache.hadoop.hive.serde2.lazy.LazySimpleSerDe

  Stage: Stage-0
    Fetch Operator
      limit: -1
      Processor Tree:
        ListSink

PREHOOK: query: select count(*) from srcpart join srcpart_date on (srcpart.ds = srcpart_date.ds) join srcpart_hour on (srcpart.hr = srcpart_hour.hr) 
where srcpart_date.`date` = '2008-04-08' and srcpart.hr = 13
PREHOOK: type: QUERY
PREHOOK: Input: default@srcpart
PREHOOK: Input: default@srcpart_date
PREHOOK: Input: default@srcpart_hour
#### A masked pattern was here ####
POSTHOOK: query: select count(*) from srcpart join srcpart_date on (srcpart.ds = srcpart_date.ds) join srcpart_hour on (srcpart.hr = srcpart_hour.hr) 
where srcpart_date.`date` = '2008-04-08' and srcpart.hr = 13
POSTHOOK: type: QUERY
POSTHOOK: Input: default@srcpart
POSTHOOK: Input: default@srcpart_date
POSTHOOK: Input: default@srcpart_hour
#### A masked pattern was here ####
0
PREHOOK: query: EXPLAIN select distinct(ds) from srcpart where srcpart.ds in (select max(srcpart.ds) from srcpart union all select min(srcpart.ds) from srcpart)
PREHOOK: type: QUERY
POSTHOOK: query: EXPLAIN select distinct(ds) from srcpart where srcpart.ds in (select max(srcpart.ds) from srcpart union all select min(srcpart.ds) from srcpart)
POSTHOOK: type: QUERY
STAGE DEPENDENCIES:
  Stage-1 is a root stage
  Stage-0 depends on stages: Stage-1

STAGE PLANS:
  Stage: Stage-1
    Tez
#### A masked pattern was here ####
      Edges:
        Map 1 <- Union 5 (BROADCAST_EDGE)
        Reducer 2 <- Map 1 (SIMPLE_EDGE)
        Reducer 4 <- Map 3 (CUSTOM_SIMPLE_EDGE), Union 5 (CONTAINS)
        Reducer 7 <- Map 6 (CUSTOM_SIMPLE_EDGE), Union 5 (CONTAINS)
#### A masked pattern was here ####
      Vertices:
        Map 1 
            Map Operator Tree:
                TableScan
                  alias: srcpart
                  filterExpr: ds is not null (type: boolean)
                  Statistics: Num rows: 2000 Data size: 389248 Basic stats: COMPLETE Column stats: COMPLETE
                  Select Operator
                    expressions: ds (type: string)
                    outputColumnNames: _col0
                    Statistics: Num rows: 2000 Data size: 368000 Basic stats: COMPLETE Column stats: COMPLETE
                    Map Join Operator
                      condition map:
                           Left Semi Join 0 to 1
                      keys:
                        0 _col0 (type: string)
                        1 _col0 (type: string)
                      outputColumnNames: _col0
                      input vertices:
                        1 Union 5
                      Statistics: Num rows: 1000 Data size: 184000 Basic stats: COMPLETE Column stats: COMPLETE
                      Group By Operator
                        keys: _col0 (type: string)
                        mode: hash
                        outputColumnNames: _col0
                        Statistics: Num rows: 1 Data size: 184 Basic stats: COMPLETE Column stats: COMPLETE
                        Reduce Output Operator
                          key expressions: _col0 (type: string)
                          sort order: +
                          Map-reduce partition columns: _col0 (type: string)
                          Statistics: Num rows: 1 Data size: 184 Basic stats: COMPLETE Column stats: COMPLETE
            Execution mode: llap
            LLAP IO: no inputs
        Map 3 
            Map Operator Tree:
                TableScan
                  alias: srcpart
                  Statistics: Num rows: 2000 Data size: 389248 Basic stats: COMPLETE Column stats: COMPLETE
                  Select Operator
                    expressions: ds (type: string)
                    outputColumnNames: ds
                    Statistics: Num rows: 2000 Data size: 389248 Basic stats: COMPLETE Column stats: COMPLETE
                    Group By Operator
                      aggregations: max(ds)
                      mode: hash
                      outputColumnNames: _col0
                      Statistics: Num rows: 1 Data size: 184 Basic stats: COMPLETE Column stats: COMPLETE
                      Reduce Output Operator
                        sort order: 
                        Statistics: Num rows: 1 Data size: 184 Basic stats: COMPLETE Column stats: COMPLETE
                        value expressions: _col0 (type: string)
            Execution mode: llap
            LLAP IO: no inputs
        Map 6 
            Map Operator Tree:
                TableScan
                  alias: srcpart
                  Statistics: Num rows: 2000 Data size: 389248 Basic stats: COMPLETE Column stats: COMPLETE
                  Select Operator
                    expressions: ds (type: string)
                    outputColumnNames: ds
                    Statistics: Num rows: 2000 Data size: 389248 Basic stats: COMPLETE Column stats: COMPLETE
                    Group By Operator
                      aggregations: min(ds)
                      mode: hash
                      outputColumnNames: _col0
                      Statistics: Num rows: 1 Data size: 184 Basic stats: COMPLETE Column stats: COMPLETE
                      Reduce Output Operator
                        sort order: 
                        Statistics: Num rows: 1 Data size: 184 Basic stats: COMPLETE Column stats: COMPLETE
                        value expressions: _col0 (type: string)
            Execution mode: llap
            LLAP IO: no inputs
        Reducer 2 
            Execution mode: llap
            Reduce Operator Tree:
              Group By Operator
                keys: KEY._col0 (type: string)
                mode: mergepartial
                outputColumnNames: _col0
                Statistics: Num rows: 1 Data size: 184 Basic stats: COMPLETE Column stats: COMPLETE
                File Output Operator
                  compressed: false
                  Statistics: Num rows: 1 Data size: 184 Basic stats: COMPLETE Column stats: COMPLETE
                  table:
                      input format: org.apache.hadoop.mapred.SequenceFileInputFormat
                      output format: org.apache.hadoop.hive.ql.io.HiveSequenceFileOutputFormat
                      serde: org.apache.hadoop.hive.serde2.lazy.LazySimpleSerDe
        Reducer 4 
            Execution mode: llap
            Reduce Operator Tree:
              Group By Operator
                aggregations: max(VALUE._col0)
                mode: mergepartial
                outputColumnNames: _col0
                Statistics: Num rows: 1 Data size: 184 Basic stats: COMPLETE Column stats: COMPLETE
                Filter Operator
                  predicate: _col0 is not null (type: boolean)
                  Statistics: Num rows: 1 Data size: 184 Basic stats: COMPLETE Column stats: COMPLETE
                  Group By Operator
                    keys: _col0 (type: string)
                    mode: hash
                    outputColumnNames: _col0
                    Statistics: Num rows: 1 Data size: 184 Basic stats: COMPLETE Column stats: COMPLETE
                    Reduce Output Operator
                      key expressions: _col0 (type: string)
                      sort order: +
                      Map-reduce partition columns: _col0 (type: string)
                      Statistics: Num rows: 1 Data size: 184 Basic stats: COMPLETE Column stats: COMPLETE
                    Select Operator
                      expressions: _col0 (type: string)
                      outputColumnNames: _col0
                      Statistics: Num rows: 1 Data size: 184 Basic stats: COMPLETE Column stats: COMPLETE
                      Group By Operator
                        keys: _col0 (type: string)
                        mode: hash
                        outputColumnNames: _col0
                        Statistics: Num rows: 1 Data size: 184 Basic stats: COMPLETE Column stats: COMPLETE
                        Dynamic Partitioning Event Operator
                          Target column: ds (string)
                          Target Input: srcpart
                          Partition key expr: ds
                          Statistics: Num rows: 1 Data size: 184 Basic stats: COMPLETE Column stats: COMPLETE
                          Target Vertex: Map 1
        Reducer 7 
            Execution mode: llap
            Reduce Operator Tree:
              Group By Operator
                aggregations: min(VALUE._col0)
                mode: mergepartial
                outputColumnNames: _col0
                Statistics: Num rows: 1 Data size: 184 Basic stats: COMPLETE Column stats: COMPLETE
                Filter Operator
                  predicate: _col0 is not null (type: boolean)
                  Statistics: Num rows: 1 Data size: 184 Basic stats: COMPLETE Column stats: COMPLETE
                  Group By Operator
                    keys: _col0 (type: string)
                    mode: hash
                    outputColumnNames: _col0
                    Statistics: Num rows: 1 Data size: 184 Basic stats: COMPLETE Column stats: COMPLETE
                    Reduce Output Operator
                      key expressions: _col0 (type: string)
                      sort order: +
                      Map-reduce partition columns: _col0 (type: string)
                      Statistics: Num rows: 1 Data size: 184 Basic stats: COMPLETE Column stats: COMPLETE
                    Select Operator
                      expressions: _col0 (type: string)
                      outputColumnNames: _col0
                      Statistics: Num rows: 1 Data size: 184 Basic stats: COMPLETE Column stats: COMPLETE
                      Group By Operator
                        keys: _col0 (type: string)
                        mode: hash
                        outputColumnNames: _col0
                        Statistics: Num rows: 1 Data size: 184 Basic stats: COMPLETE Column stats: COMPLETE
                        Dynamic Partitioning Event Operator
                          Target column: ds (string)
                          Target Input: srcpart
                          Partition key expr: ds
                          Statistics: Num rows: 1 Data size: 184 Basic stats: COMPLETE Column stats: COMPLETE
                          Target Vertex: Map 1
        Union 5 
            Vertex: Union 5

  Stage: Stage-0
    Fetch Operator
      limit: -1
      Processor Tree:
        ListSink

PREHOOK: query: select distinct(ds) from srcpart where srcpart.ds in (select max(srcpart.ds) from srcpart union all select min(srcpart.ds) from srcpart)
PREHOOK: type: QUERY
PREHOOK: Input: default@srcpart
PREHOOK: Input: default@srcpart@ds=2008-04-08/hr=11
PREHOOK: Input: default@srcpart@ds=2008-04-08/hr=12
PREHOOK: Input: default@srcpart@ds=2008-04-09/hr=11
PREHOOK: Input: default@srcpart@ds=2008-04-09/hr=12
#### A masked pattern was here ####
POSTHOOK: query: select distinct(ds) from srcpart where srcpart.ds in (select max(srcpart.ds) from srcpart union all select min(srcpart.ds) from srcpart)
POSTHOOK: type: QUERY
POSTHOOK: Input: default@srcpart
POSTHOOK: Input: default@srcpart@ds=2008-04-08/hr=11
POSTHOOK: Input: default@srcpart@ds=2008-04-08/hr=12
POSTHOOK: Input: default@srcpart@ds=2008-04-09/hr=11
POSTHOOK: Input: default@srcpart@ds=2008-04-09/hr=12
#### A masked pattern was here ####
2008-04-08
2008-04-09
PREHOOK: query: create table srcpart_orc (key int, value string) partitioned by (ds string, hr int) stored as orc
PREHOOK: type: CREATETABLE
PREHOOK: Output: database:default
PREHOOK: Output: default@srcpart_orc
POSTHOOK: query: create table srcpart_orc (key int, value string) partitioned by (ds string, hr int) stored as orc
POSTHOOK: type: CREATETABLE
POSTHOOK: Output: database:default
POSTHOOK: Output: default@srcpart_orc
PREHOOK: query: insert into table srcpart_orc partition (ds, hr) select key, value, ds, hr from srcpart
PREHOOK: type: QUERY
PREHOOK: Input: default@srcpart
PREHOOK: Input: default@srcpart@ds=2008-04-08/hr=11
PREHOOK: Input: default@srcpart@ds=2008-04-08/hr=12
PREHOOK: Input: default@srcpart@ds=2008-04-09/hr=11
PREHOOK: Input: default@srcpart@ds=2008-04-09/hr=12
PREHOOK: Output: default@srcpart_orc
POSTHOOK: query: insert into table srcpart_orc partition (ds, hr) select key, value, ds, hr from srcpart
POSTHOOK: type: QUERY
POSTHOOK: Input: default@srcpart
POSTHOOK: Input: default@srcpart@ds=2008-04-08/hr=11
POSTHOOK: Input: default@srcpart@ds=2008-04-08/hr=12
POSTHOOK: Input: default@srcpart@ds=2008-04-09/hr=11
POSTHOOK: Input: default@srcpart@ds=2008-04-09/hr=12
POSTHOOK: Output: default@srcpart_orc@ds=2008-04-08/hr=11
POSTHOOK: Output: default@srcpart_orc@ds=2008-04-08/hr=12
POSTHOOK: Output: default@srcpart_orc@ds=2008-04-09/hr=11
POSTHOOK: Output: default@srcpart_orc@ds=2008-04-09/hr=12
POSTHOOK: Lineage: srcpart_orc PARTITION(ds=2008-04-08,hr=11).key EXPRESSION [(srcpart)srcpart.FieldSchema(name:key, type:string, comment:default), ]
POSTHOOK: Lineage: srcpart_orc PARTITION(ds=2008-04-08,hr=11).value SIMPLE [(srcpart)srcpart.FieldSchema(name:value, type:string, comment:default), ]
POSTHOOK: Lineage: srcpart_orc PARTITION(ds=2008-04-08,hr=12).key EXPRESSION [(srcpart)srcpart.FieldSchema(name:key, type:string, comment:default), ]
POSTHOOK: Lineage: srcpart_orc PARTITION(ds=2008-04-08,hr=12).value SIMPLE [(srcpart)srcpart.FieldSchema(name:value, type:string, comment:default), ]
POSTHOOK: Lineage: srcpart_orc PARTITION(ds=2008-04-09,hr=11).key EXPRESSION [(srcpart)srcpart.FieldSchema(name:key, type:string, comment:default), ]
POSTHOOK: Lineage: srcpart_orc PARTITION(ds=2008-04-09,hr=11).value SIMPLE [(srcpart)srcpart.FieldSchema(name:value, type:string, comment:default), ]
POSTHOOK: Lineage: srcpart_orc PARTITION(ds=2008-04-09,hr=12).key EXPRESSION [(srcpart)srcpart.FieldSchema(name:key, type:string, comment:default), ]
POSTHOOK: Lineage: srcpart_orc PARTITION(ds=2008-04-09,hr=12).value SIMPLE [(srcpart)srcpart.FieldSchema(name:value, type:string, comment:default), ]
PREHOOK: query: EXPLAIN select count(*) from srcpart_orc join srcpart_date_hour on (srcpart_orc.ds = srcpart_date_hour.ds and srcpart_orc.hr = srcpart_date_hour.hr) where srcpart_date_hour.hour = 11 and (srcpart_date_hour.`date` = '2008-04-08' or srcpart_date_hour.`date` = '2008-04-09')
PREHOOK: type: QUERY
POSTHOOK: query: EXPLAIN select count(*) from srcpart_orc join srcpart_date_hour on (srcpart_orc.ds = srcpart_date_hour.ds and srcpart_orc.hr = srcpart_date_hour.hr) where srcpart_date_hour.hour = 11 and (srcpart_date_hour.`date` = '2008-04-08' or srcpart_date_hour.`date` = '2008-04-09')
POSTHOOK: type: QUERY
STAGE DEPENDENCIES:
  Stage-1 is a root stage
  Stage-0 depends on stages: Stage-1

STAGE PLANS:
  Stage: Stage-1
    Tez
#### A masked pattern was here ####
      Edges:
        Map 1 <- Map 3 (BROADCAST_EDGE)
        Reducer 2 <- Map 1 (CUSTOM_SIMPLE_EDGE)
#### A masked pattern was here ####
      Vertices:
        Map 1 
            Map Operator Tree:
                TableScan
                  alias: srcpart_orc
                  Statistics: Num rows: 2000 Data size: 564000 Basic stats: COMPLETE Column stats: COMPLETE
                  Select Operator
                    expressions: ds (type: string), hr (type: int)
                    outputColumnNames: _col0, _col1
                    Statistics: Num rows: 2000 Data size: 376000 Basic stats: COMPLETE Column stats: COMPLETE
                    Map Join Operator
                      condition map:
                           Inner Join 0 to 1
                      keys:
                        0 _col0 (type: string), UDFToDouble(_col1) (type: double)
                        1 _col0 (type: string), UDFToDouble(_col2) (type: double)
                      input vertices:
                        1 Map 3
                      Statistics: Num rows: 2200 Data size: 413600 Basic stats: COMPLETE Column stats: NONE
                      Group By Operator
                        aggregations: count()
                        mode: hash
                        outputColumnNames: _col0
                        Statistics: Num rows: 1 Data size: 8 Basic stats: COMPLETE Column stats: NONE
                        Reduce Output Operator
                          sort order: 
                          Statistics: Num rows: 1 Data size: 8 Basic stats: COMPLETE Column stats: NONE
                          value expressions: _col0 (type: bigint)
            Execution mode: llap
            LLAP IO: all inputs
        Map 3 
            Map Operator Tree:
                TableScan
                  alias: srcpart_date_hour
                  filterExpr: (((date = '2008-04-08') or (date = '2008-04-09')) and (UDFToDouble(hour) = 11.0) and ds is not null and hr is not null) (type: boolean)
                  Statistics: Num rows: 4 Data size: 108 Basic stats: COMPLETE Column stats: NONE
                  Filter Operator
                    predicate: (((date = '2008-04-08') or (date = '2008-04-09')) and (UDFToDouble(hour) = 11.0) and ds is not null and hr is not null) (type: boolean)
                    Statistics: Num rows: 2 Data size: 54 Basic stats: COMPLETE Column stats: NONE
                    Select Operator
                      expressions: ds (type: string), hr (type: string)
                      outputColumnNames: _col0, _col2
                      Statistics: Num rows: 2 Data size: 54 Basic stats: COMPLETE Column stats: NONE
                      Reduce Output Operator
                        key expressions: _col0 (type: string), UDFToDouble(_col2) (type: double)
                        sort order: ++
                        Map-reduce partition columns: _col0 (type: string), UDFToDouble(_col2) (type: double)
                        Statistics: Num rows: 2 Data size: 54 Basic stats: COMPLETE Column stats: NONE
                      Select Operator
                        expressions: _col0 (type: string)
                        outputColumnNames: _col0
                        Statistics: Num rows: 2 Data size: 54 Basic stats: COMPLETE Column stats: NONE
                        Group By Operator
                          keys: _col0 (type: string)
                          mode: hash
                          outputColumnNames: _col0
                          Statistics: Num rows: 2 Data size: 54 Basic stats: COMPLETE Column stats: NONE
                          Dynamic Partitioning Event Operator
                            Target column: ds (string)
                            Target Input: srcpart_orc
                            Partition key expr: ds
                            Statistics: Num rows: 2 Data size: 54 Basic stats: COMPLETE Column stats: NONE
                            Target Vertex: Map 1
                      Select Operator
                        expressions: UDFToDouble(_col2) (type: double)
                        outputColumnNames: _col0
                        Statistics: Num rows: 2 Data size: 54 Basic stats: COMPLETE Column stats: NONE
                        Group By Operator
                          keys: _col0 (type: double)
                          mode: hash
                          outputColumnNames: _col0
                          Statistics: Num rows: 2 Data size: 54 Basic stats: COMPLETE Column stats: NONE
                          Dynamic Partitioning Event Operator
                            Target column: hr (int)
                            Target Input: srcpart_orc
                            Partition key expr: UDFToDouble(hr)
                            Statistics: Num rows: 2 Data size: 54 Basic stats: COMPLETE Column stats: NONE
                            Target Vertex: Map 1
            Execution mode: llap
            LLAP IO: no inputs
        Reducer 2 
            Execution mode: llap
            Reduce Operator Tree:
              Group By Operator
                aggregations: count(VALUE._col0)
                mode: mergepartial
                outputColumnNames: _col0
                Statistics: Num rows: 1 Data size: 8 Basic stats: COMPLETE Column stats: NONE
                File Output Operator
                  compressed: false
                  Statistics: Num rows: 1 Data size: 8 Basic stats: COMPLETE Column stats: NONE
                  table:
                      input format: org.apache.hadoop.mapred.SequenceFileInputFormat
                      output format: org.apache.hadoop.hive.ql.io.HiveSequenceFileOutputFormat
                      serde: org.apache.hadoop.hive.serde2.lazy.LazySimpleSerDe

  Stage: Stage-0
    Fetch Operator
      limit: -1
      Processor Tree:
        ListSink

PREHOOK: query: select count(*) from srcpart_orc join srcpart_date_hour on (srcpart_orc.ds = srcpart_date_hour.ds and srcpart_orc.hr = srcpart_date_hour.hr) where srcpart_date_hour.hour = 11 and (srcpart_date_hour.`date` = '2008-04-08' or srcpart_date_hour.`date` = '2008-04-09')
PREHOOK: type: QUERY
PREHOOK: Input: default@srcpart_date_hour
PREHOOK: Input: default@srcpart_orc
PREHOOK: Input: default@srcpart_orc@ds=2008-04-08/hr=11
PREHOOK: Input: default@srcpart_orc@ds=2008-04-08/hr=12
PREHOOK: Input: default@srcpart_orc@ds=2008-04-09/hr=11
PREHOOK: Input: default@srcpart_orc@ds=2008-04-09/hr=12
#### A masked pattern was here ####
POSTHOOK: query: select count(*) from srcpart_orc join srcpart_date_hour on (srcpart_orc.ds = srcpart_date_hour.ds and srcpart_orc.hr = srcpart_date_hour.hr) where srcpart_date_hour.hour = 11 and (srcpart_date_hour.`date` = '2008-04-08' or srcpart_date_hour.`date` = '2008-04-09')
POSTHOOK: type: QUERY
POSTHOOK: Input: default@srcpart_date_hour
POSTHOOK: Input: default@srcpart_orc
POSTHOOK: Input: default@srcpart_orc@ds=2008-04-08/hr=11
POSTHOOK: Input: default@srcpart_orc@ds=2008-04-08/hr=12
POSTHOOK: Input: default@srcpart_orc@ds=2008-04-09/hr=11
POSTHOOK: Input: default@srcpart_orc@ds=2008-04-09/hr=12
#### A masked pattern was here ####
1000
PREHOOK: query: select count(*) from srcpart where (ds = '2008-04-08' or ds = '2008-04-09') and hr = 11
PREHOOK: type: QUERY
PREHOOK: Input: default@srcpart
PREHOOK: Input: default@srcpart@ds=2008-04-08/hr=11
PREHOOK: Input: default@srcpart@ds=2008-04-09/hr=11
#### A masked pattern was here ####
POSTHOOK: query: select count(*) from srcpart where (ds = '2008-04-08' or ds = '2008-04-09') and hr = 11
POSTHOOK: type: QUERY
POSTHOOK: Input: default@srcpart
POSTHOOK: Input: default@srcpart@ds=2008-04-08/hr=11
POSTHOOK: Input: default@srcpart@ds=2008-04-09/hr=11
#### A masked pattern was here ####
1000
PREHOOK: query: drop table srcpart_orc
PREHOOK: type: DROPTABLE
PREHOOK: Input: default@srcpart_orc
PREHOOK: Output: default@srcpart_orc
POSTHOOK: query: drop table srcpart_orc
POSTHOOK: type: DROPTABLE
POSTHOOK: Input: default@srcpart_orc
POSTHOOK: Output: default@srcpart_orc
PREHOOK: query: drop table srcpart_date
PREHOOK: type: DROPTABLE
PREHOOK: Input: default@srcpart_date
PREHOOK: Output: default@srcpart_date
POSTHOOK: query: drop table srcpart_date
POSTHOOK: type: DROPTABLE
POSTHOOK: Input: default@srcpart_date
POSTHOOK: Output: default@srcpart_date
PREHOOK: query: drop table srcpart_hour
PREHOOK: type: DROPTABLE
PREHOOK: Input: default@srcpart_hour
PREHOOK: Output: default@srcpart_hour
POSTHOOK: query: drop table srcpart_hour
POSTHOOK: type: DROPTABLE
POSTHOOK: Input: default@srcpart_hour
POSTHOOK: Output: default@srcpart_hour
PREHOOK: query: drop table srcpart_date_hour
PREHOOK: type: DROPTABLE
PREHOOK: Input: default@srcpart_date_hour
PREHOOK: Output: default@srcpart_date_hour
POSTHOOK: query: drop table srcpart_date_hour
POSTHOOK: type: DROPTABLE
POSTHOOK: Input: default@srcpart_date_hour
POSTHOOK: Output: default@srcpart_date_hour
PREHOOK: query: drop table srcpart_double_hour
PREHOOK: type: DROPTABLE
PREHOOK: Input: default@srcpart_double_hour
PREHOOK: Output: default@srcpart_double_hour
POSTHOOK: query: drop table srcpart_double_hour
POSTHOOK: type: DROPTABLE
POSTHOOK: Input: default@srcpart_double_hour
POSTHOOK: Output: default@srcpart_double_hour
