PREHOOK: query: create table alltypesorc_int_n0 ( cint int, cstring string ) stored as ORC
PREHOOK: type: CREATETABLE
PREHOOK: Output: database:default
PREHOOK: Output: default@alltypesorc_int_n0
POSTHOOK: query: create table alltypesorc_int_n0 ( cint int, cstring string ) stored as ORC
POSTHOOK: type: CREATETABLE
POSTHOOK: Output: database:default
POSTHOOK: Output: default@alltypesorc_int_n0
PREHOOK: query: create table srcpart_date_n6 (key string, value string) partitioned by (ds string ) stored as ORC
PREHOOK: type: CREATETABLE
PREHOOK: Output: database:default
PREHOOK: Output: default@srcpart_date_n6
POSTHOOK: query: create table srcpart_date_n6 (key string, value string) partitioned by (ds string ) stored as ORC
POSTHOOK: type: CREATETABLE
POSTHOOK: Output: database:default
POSTHOOK: Output: default@srcpart_date_n6
PREHOOK: query: CREATE TABLE srcpart_small_n2(key1 STRING, value1 STRING) partitioned by (ds1 string) STORED as ORC
PREHOOK: type: CREATETABLE
PREHOOK: Output: database:default
PREHOOK: Output: default@srcpart_small_n2
POSTHOOK: query: CREATE TABLE srcpart_small_n2(key1 STRING, value1 STRING) partitioned by (ds1 string) STORED as ORC
POSTHOOK: type: CREATETABLE
POSTHOOK: Output: database:default
POSTHOOK: Output: default@srcpart_small_n2
PREHOOK: query: alter table srcpart_date_n6 add partition (ds = "2008-04-08")
PREHOOK: type: ALTERTABLE_ADDPARTS
PREHOOK: Output: default@srcpart_date_n6
POSTHOOK: query: alter table srcpart_date_n6 add partition (ds = "2008-04-08")
POSTHOOK: type: ALTERTABLE_ADDPARTS
POSTHOOK: Output: default@srcpart_date_n6
POSTHOOK: Output: default@srcpart_date_n6@ds=2008-04-08
PREHOOK: query: alter table srcpart_date_n6 add partition (ds = "2008-04-09")
PREHOOK: type: ALTERTABLE_ADDPARTS
PREHOOK: Output: default@srcpart_date_n6
POSTHOOK: query: alter table srcpart_date_n6 add partition (ds = "2008-04-09")
POSTHOOK: type: ALTERTABLE_ADDPARTS
POSTHOOK: Output: default@srcpart_date_n6
POSTHOOK: Output: default@srcpart_date_n6@ds=2008-04-09
PREHOOK: query: alter table srcpart_small_n2 add partition (ds1 = "2008-04-08")
PREHOOK: type: ALTERTABLE_ADDPARTS
PREHOOK: Output: default@srcpart_small_n2
POSTHOOK: query: alter table srcpart_small_n2 add partition (ds1 = "2008-04-08")
POSTHOOK: type: ALTERTABLE_ADDPARTS
POSTHOOK: Output: default@srcpart_small_n2
POSTHOOK: Output: default@srcpart_small_n2@ds1=2008-04-08
PREHOOK: query: alter table srcpart_small_n2 add partition (ds1 = "2008-04-09")
PREHOOK: type: ALTERTABLE_ADDPARTS
PREHOOK: Output: default@srcpart_small_n2
POSTHOOK: query: alter table srcpart_small_n2 add partition (ds1 = "2008-04-09")
POSTHOOK: type: ALTERTABLE_ADDPARTS
POSTHOOK: Output: default@srcpart_small_n2
POSTHOOK: Output: default@srcpart_small_n2@ds1=2008-04-09
PREHOOK: query: insert overwrite table alltypesorc_int_n0 select cint, cstring1 from alltypesorc
PREHOOK: type: QUERY
PREHOOK: Input: default@alltypesorc
PREHOOK: Output: default@alltypesorc_int_n0
POSTHOOK: query: insert overwrite table alltypesorc_int_n0 select cint, cstring1 from alltypesorc
POSTHOOK: type: QUERY
POSTHOOK: Input: default@alltypesorc
POSTHOOK: Output: default@alltypesorc_int_n0
POSTHOOK: Lineage: alltypesorc_int_n0.cint SIMPLE [(alltypesorc)alltypesorc.FieldSchema(name:cint, type:int, comment:null), ]
POSTHOOK: Lineage: alltypesorc_int_n0.cstring SIMPLE [(alltypesorc)alltypesorc.FieldSchema(name:cstring1, type:string, comment:null), ]
PREHOOK: query: insert overwrite table srcpart_date_n6 partition (ds = "2008-04-08" ) select key, value from srcpart where ds = "2008-04-08"
PREHOOK: type: QUERY
PREHOOK: Input: default@srcpart
PREHOOK: Input: default@srcpart@ds=2008-04-08/hr=11
PREHOOK: Input: default@srcpart@ds=2008-04-08/hr=12
PREHOOK: Output: default@srcpart_date_n6@ds=2008-04-08
POSTHOOK: query: insert overwrite table srcpart_date_n6 partition (ds = "2008-04-08" ) select key, value from srcpart where ds = "2008-04-08"
POSTHOOK: type: QUERY
POSTHOOK: Input: default@srcpart
POSTHOOK: Input: default@srcpart@ds=2008-04-08/hr=11
POSTHOOK: Input: default@srcpart@ds=2008-04-08/hr=12
POSTHOOK: Output: default@srcpart_date_n6@ds=2008-04-08
POSTHOOK: Lineage: srcpart_date_n6 PARTITION(ds=2008-04-08).key SIMPLE [(srcpart)srcpart.FieldSchema(name:key, type:string, comment:default), ]
POSTHOOK: Lineage: srcpart_date_n6 PARTITION(ds=2008-04-08).value SIMPLE [(srcpart)srcpart.FieldSchema(name:value, type:string, comment:default), ]
PREHOOK: query: insert overwrite table srcpart_date_n6 partition (ds = "2008-04-09") select key, value from srcpart where ds = "2008-04-09"
PREHOOK: type: QUERY
PREHOOK: Input: default@srcpart
PREHOOK: Input: default@srcpart@ds=2008-04-09/hr=11
PREHOOK: Input: default@srcpart@ds=2008-04-09/hr=12
PREHOOK: Output: default@srcpart_date_n6@ds=2008-04-09
POSTHOOK: query: insert overwrite table srcpart_date_n6 partition (ds = "2008-04-09") select key, value from srcpart where ds = "2008-04-09"
POSTHOOK: type: QUERY
POSTHOOK: Input: default@srcpart
POSTHOOK: Input: default@srcpart@ds=2008-04-09/hr=11
POSTHOOK: Input: default@srcpart@ds=2008-04-09/hr=12
POSTHOOK: Output: default@srcpart_date_n6@ds=2008-04-09
POSTHOOK: Lineage: srcpart_date_n6 PARTITION(ds=2008-04-09).key SIMPLE [(srcpart)srcpart.FieldSchema(name:key, type:string, comment:default), ]
POSTHOOK: Lineage: srcpart_date_n6 PARTITION(ds=2008-04-09).value SIMPLE [(srcpart)srcpart.FieldSchema(name:value, type:string, comment:default), ]
PREHOOK: query: insert overwrite table srcpart_small_n2 partition (ds1 = "2008-04-09") select key, value from srcpart where ds = "2008-04-09" limit 20
PREHOOK: type: QUERY
PREHOOK: Input: default@srcpart
PREHOOK: Input: default@srcpart@ds=2008-04-09/hr=11
PREHOOK: Input: default@srcpart@ds=2008-04-09/hr=12
PREHOOK: Output: default@srcpart_small_n2@ds1=2008-04-09
POSTHOOK: query: insert overwrite table srcpart_small_n2 partition (ds1 = "2008-04-09") select key, value from srcpart where ds = "2008-04-09" limit 20
POSTHOOK: type: QUERY
POSTHOOK: Input: default@srcpart
POSTHOOK: Input: default@srcpart@ds=2008-04-09/hr=11
POSTHOOK: Input: default@srcpart@ds=2008-04-09/hr=12
POSTHOOK: Output: default@srcpart_small_n2@ds1=2008-04-09
POSTHOOK: Lineage: srcpart_small_n2 PARTITION(ds1=2008-04-09).key1 SIMPLE [(srcpart)srcpart.FieldSchema(name:key, type:string, comment:default), ]
POSTHOOK: Lineage: srcpart_small_n2 PARTITION(ds1=2008-04-09).value1 SIMPLE [(srcpart)srcpart.FieldSchema(name:value, type:string, comment:default), ]
PREHOOK: query: analyze table alltypesorc_int_n0 compute statistics for columns
PREHOOK: type: ANALYZE_TABLE
PREHOOK: Input: default@alltypesorc_int_n0
PREHOOK: Output: default@alltypesorc_int_n0
#### A masked pattern was here ####
POSTHOOK: query: analyze table alltypesorc_int_n0 compute statistics for columns
POSTHOOK: type: ANALYZE_TABLE
POSTHOOK: Input: default@alltypesorc_int_n0
POSTHOOK: Output: default@alltypesorc_int_n0
#### A masked pattern was here ####
PREHOOK: query: analyze table srcpart_date_n6 compute statistics for columns
PREHOOK: type: ANALYZE_TABLE
PREHOOK: Input: default@srcpart_date_n6
PREHOOK: Input: default@srcpart_date_n6@ds=2008-04-08
PREHOOK: Input: default@srcpart_date_n6@ds=2008-04-09
PREHOOK: Output: default@srcpart_date_n6
PREHOOK: Output: default@srcpart_date_n6@ds=2008-04-08
PREHOOK: Output: default@srcpart_date_n6@ds=2008-04-09
#### A masked pattern was here ####
POSTHOOK: query: analyze table srcpart_date_n6 compute statistics for columns
POSTHOOK: type: ANALYZE_TABLE
POSTHOOK: Input: default@srcpart_date_n6
POSTHOOK: Input: default@srcpart_date_n6@ds=2008-04-08
POSTHOOK: Input: default@srcpart_date_n6@ds=2008-04-09
POSTHOOK: Output: default@srcpart_date_n6
POSTHOOK: Output: default@srcpart_date_n6@ds=2008-04-08
POSTHOOK: Output: default@srcpart_date_n6@ds=2008-04-09
#### A masked pattern was here ####
PREHOOK: query: analyze table srcpart_small_n2 compute statistics for columns
PREHOOK: type: ANALYZE_TABLE
PREHOOK: Input: default@srcpart_small_n2
PREHOOK: Input: default@srcpart_small_n2@ds1=2008-04-08
PREHOOK: Input: default@srcpart_small_n2@ds1=2008-04-09
PREHOOK: Output: default@srcpart_small_n2
PREHOOK: Output: default@srcpart_small_n2@ds1=2008-04-08
PREHOOK: Output: default@srcpart_small_n2@ds1=2008-04-09
#### A masked pattern was here ####
POSTHOOK: query: analyze table srcpart_small_n2 compute statistics for columns
POSTHOOK: type: ANALYZE_TABLE
POSTHOOK: Input: default@srcpart_small_n2
POSTHOOK: Input: default@srcpart_small_n2@ds1=2008-04-08
POSTHOOK: Input: default@srcpart_small_n2@ds1=2008-04-09
POSTHOOK: Output: default@srcpart_small_n2
POSTHOOK: Output: default@srcpart_small_n2@ds1=2008-04-08
POSTHOOK: Output: default@srcpart_small_n2@ds1=2008-04-09
#### A masked pattern was here ####
PREHOOK: query: EXPLAIN
SELECT count(*)
  FROM (SELECT * FROM srcpart_date_n6 WHERE ds = "2008-04-09") `srcpart_date_n6`
  JOIN (SELECT * FROM srcpart_small_n2 WHERE ds1 = "2008-04-08") `srcpart_small_n2`
    ON (srcpart_date_n6.key = srcpart_small_n2.key1)
  JOIN (
    SELECT *
    FROM (SELECT * FROM alltypesorc_int_n0 WHERE cint = 10) `alltypesorc_int_n0`
    JOIN (SELECT * FROM srcpart_small_n2) `srcpart_small_n2`
      ON (alltypesorc_int_n0.cstring = srcpart_small_n2.key1)) b
    ON (srcpart_small_n2.key1 = b.cstring)
PREHOOK: type: QUERY
PREHOOK: Input: default@alltypesorc_int_n0
PREHOOK: Input: default@srcpart_date_n6
PREHOOK: Input: default@srcpart_date_n6@ds=2008-04-09
PREHOOK: Input: default@srcpart_small_n2
PREHOOK: Input: default@srcpart_small_n2@ds1=2008-04-08
PREHOOK: Input: default@srcpart_small_n2@ds1=2008-04-09
#### A masked pattern was here ####
POSTHOOK: query: EXPLAIN
SELECT count(*)
  FROM (SELECT * FROM srcpart_date_n6 WHERE ds = "2008-04-09") `srcpart_date_n6`
  JOIN (SELECT * FROM srcpart_small_n2 WHERE ds1 = "2008-04-08") `srcpart_small_n2`
    ON (srcpart_date_n6.key = srcpart_small_n2.key1)
  JOIN (
    SELECT *
    FROM (SELECT * FROM alltypesorc_int_n0 WHERE cint = 10) `alltypesorc_int_n0`
    JOIN (SELECT * FROM srcpart_small_n2) `srcpart_small_n2`
      ON (alltypesorc_int_n0.cstring = srcpart_small_n2.key1)) b
    ON (srcpart_small_n2.key1 = b.cstring)
POSTHOOK: type: QUERY
POSTHOOK: Input: default@alltypesorc_int_n0
POSTHOOK: Input: default@srcpart_date_n6
POSTHOOK: Input: default@srcpart_date_n6@ds=2008-04-09
POSTHOOK: Input: default@srcpart_small_n2
POSTHOOK: Input: default@srcpart_small_n2@ds1=2008-04-08
POSTHOOK: Input: default@srcpart_small_n2@ds1=2008-04-09
#### A masked pattern was here ####
STAGE DEPENDENCIES:
  Stage-1 is a root stage
  Stage-0 depends on stages: Stage-1

STAGE PLANS:
  Stage: Stage-1
    Tez
#### A masked pattern was here ####
      Edges:
        Map 1 <- Reducer 8 (BROADCAST_EDGE)
        Map 9 <- Reducer 8 (BROADCAST_EDGE)
        Reducer 2 <- Map 1 (SIMPLE_EDGE), Map 5 (SIMPLE_EDGE)
        Reducer 3 <- Reducer 2 (SIMPLE_EDGE), Reducer 7 (SIMPLE_EDGE)
        Reducer 4 <- Reducer 3 (CUSTOM_SIMPLE_EDGE)
        Reducer 7 <- Map 6 (SIMPLE_EDGE), Map 9 (SIMPLE_EDGE)
        Reducer 8 <- Map 6 (CUSTOM_SIMPLE_EDGE)
#### A masked pattern was here ####
      Vertices:
        Map 1 
            Map Operator Tree:
                TableScan
                  alias: srcpart_date_n6
                  filterExpr: (key is not null and key BETWEEN DynamicValue(RS_12_alltypesorc_int_n0_cstring_min) AND DynamicValue(RS_12_alltypesorc_int_n0_cstring_max) and in_bloom_filter(key, DynamicValue(RS_12_alltypesorc_int_n0_cstring_bloom_filter))) (type: boolean)
                  Statistics: Num rows: 1000 Data size: 87000 Basic stats: COMPLETE Column stats: COMPLETE
                  Filter Operator
                    predicate: (key is not null and key BETWEEN DynamicValue(RS_12_alltypesorc_int_n0_cstring_min) AND DynamicValue(RS_12_alltypesorc_int_n0_cstring_max) and in_bloom_filter(key, DynamicValue(RS_12_alltypesorc_int_n0_cstring_bloom_filter))) (type: boolean)
                    Statistics: Num rows: 1000 Data size: 87000 Basic stats: COMPLETE Column stats: COMPLETE
                    Select Operator
                      expressions: key (type: string)
                      outputColumnNames: _col0
                      Statistics: Num rows: 1000 Data size: 87000 Basic stats: COMPLETE Column stats: COMPLETE
                      Reduce Output Operator
                        key expressions: _col0 (type: string)
                        null sort order: z
                        sort order: +
                        Map-reduce partition columns: _col0 (type: string)
                        Statistics: Num rows: 1000 Data size: 87000 Basic stats: COMPLETE Column stats: COMPLETE
            Execution mode: vectorized, llap
            LLAP IO: all inputs
        Map 5 
            Map Operator Tree:
                TableScan
                  alias: srcpart_small_n2
                  filterExpr: key1 is not null (type: boolean)
                  Statistics: Num rows: 1 Data size: 184 Basic stats: PARTIAL Column stats: NONE
                  Filter Operator
                    predicate: key1 is not null (type: boolean)
                    Statistics: Num rows: 1 Data size: 184 Basic stats: PARTIAL Column stats: NONE
                    Select Operator
                      expressions: key1 (type: string)
                      outputColumnNames: _col0
                      Statistics: Num rows: 1 Data size: 184 Basic stats: PARTIAL Column stats: NONE
                      Reduce Output Operator
                        key expressions: _col0 (type: string)
                        null sort order: z
                        sort order: +
                        Map-reduce partition columns: _col0 (type: string)
                        Statistics: Num rows: 1 Data size: 184 Basic stats: PARTIAL Column stats: NONE
            Execution mode: vectorized, llap
            LLAP IO: all inputs
        Map 6 
            Map Operator Tree:
                TableScan
                  alias: alltypesorc_int_n0
                  filterExpr: ((cint = 10) and cstring is not null) (type: boolean)
                  Statistics: Num rows: 12288 Data size: 899146 Basic stats: COMPLETE Column stats: COMPLETE
                  Filter Operator
                    predicate: ((cint = 10) and cstring is not null) (type: boolean)
                    Statistics: Num rows: 1 Data size: 98 Basic stats: COMPLETE Column stats: COMPLETE
                    Select Operator
                      expressions: cstring (type: string)
                      outputColumnNames: _col1
                      Statistics: Num rows: 1 Data size: 98 Basic stats: COMPLETE Column stats: COMPLETE
                      Reduce Output Operator
                        key expressions: _col1 (type: string)
                        null sort order: z
                        sort order: +
                        Map-reduce partition columns: _col1 (type: string)
                        Statistics: Num rows: 1 Data size: 98 Basic stats: COMPLETE Column stats: COMPLETE
                      Select Operator
                        expressions: _col1 (type: string)
                        outputColumnNames: _col1
                        Statistics: Num rows: 1 Data size: 94 Basic stats: COMPLETE Column stats: COMPLETE
                        Group By Operator
                          aggregations: min(_col1), max(_col1), bloom_filter(_col1, expectedEntries=1)
                          minReductionHashAggr: 0.4
                          mode: hash
                          outputColumnNames: _col0, _col1, _col2
                          Statistics: Num rows: 1 Data size: 552 Basic stats: COMPLETE Column stats: COMPLETE
                          Reduce Output Operator
                            null sort order: 
                            sort order: 
                            Statistics: Num rows: 1 Data size: 552 Basic stats: COMPLETE Column stats: COMPLETE
                            value expressions: _col0 (type: string), _col1 (type: string), _col2 (type: binary)
            Execution mode: vectorized, llap
            LLAP IO: all inputs
        Map 9 
            Map Operator Tree:
                TableScan
                  alias: srcpart_small_n2
                  filterExpr: (key1 is not null and key1 BETWEEN DynamicValue(RS_12_alltypesorc_int_n0_cstring_min) AND DynamicValue(RS_12_alltypesorc_int_n0_cstring_max) and in_bloom_filter(key1, DynamicValue(RS_12_alltypesorc_int_n0_cstring_bloom_filter))) (type: boolean)
                  Statistics: Num rows: 20 Data size: 1740 Basic stats: PARTIAL Column stats: PARTIAL
                  Filter Operator
                    predicate: (key1 is not null and key1 BETWEEN DynamicValue(RS_12_alltypesorc_int_n0_cstring_min) AND DynamicValue(RS_12_alltypesorc_int_n0_cstring_max) and in_bloom_filter(key1, DynamicValue(RS_12_alltypesorc_int_n0_cstring_bloom_filter))) (type: boolean)
                    Statistics: Num rows: 20 Data size: 1740 Basic stats: PARTIAL Column stats: PARTIAL
                    Select Operator
                      expressions: key1 (type: string)
                      outputColumnNames: _col0
                      Statistics: Num rows: 20 Data size: 1740 Basic stats: PARTIAL Column stats: PARTIAL
                      Reduce Output Operator
                        key expressions: _col0 (type: string)
                        null sort order: z
                        sort order: +
                        Map-reduce partition columns: _col0 (type: string)
                        Statistics: Num rows: 20 Data size: 1740 Basic stats: PARTIAL Column stats: PARTIAL
            Execution mode: vectorized, llap
            LLAP IO: all inputs
        Reducer 2 
            Execution mode: llap
            Reduce Operator Tree:
              Merge Join Operator
                condition map:
                     Inner Join 0 to 1
                keys:
                  0 _col0 (type: string)
                  1 _col0 (type: string)
                outputColumnNames: _col3
                Statistics: Num rows: 1100 Data size: 95700 Basic stats: PARTIAL Column stats: NONE
                Reduce Output Operator
                  key expressions: _col3 (type: string)
                  null sort order: z
                  sort order: +
                  Map-reduce partition columns: _col3 (type: string)
                  Statistics: Num rows: 1100 Data size: 95700 Basic stats: PARTIAL Column stats: NONE
        Reducer 3 
            Execution mode: llap
            Reduce Operator Tree:
              Merge Join Operator
                condition map:
                     Inner Join 0 to 1
                keys:
                  0 _col3 (type: string)
                  1 _col1 (type: string)
                Statistics: Num rows: 1210 Data size: 105270 Basic stats: PARTIAL Column stats: NONE
                Group By Operator
                  aggregations: count()
                  minReductionHashAggr: 0.99
                  mode: hash
                  outputColumnNames: _col0
                  Statistics: Num rows: 1 Data size: 8 Basic stats: PARTIAL Column stats: NONE
                  Reduce Output Operator
                    null sort order: 
                    sort order: 
                    Statistics: Num rows: 1 Data size: 8 Basic stats: PARTIAL Column stats: NONE
                    value expressions: _col0 (type: bigint)
        Reducer 4 
            Execution mode: vectorized, llap
            Reduce Operator Tree:
              Group By Operator
                aggregations: count(VALUE._col0)
                mode: mergepartial
                outputColumnNames: _col0
                Statistics: Num rows: 1 Data size: 8 Basic stats: PARTIAL Column stats: NONE
                File Output Operator
                  compressed: false
                  Statistics: Num rows: 1 Data size: 8 Basic stats: PARTIAL Column stats: NONE
                  table:
                      input format: org.apache.hadoop.mapred.SequenceFileInputFormat
                      output format: org.apache.hadoop.hive.ql.io.HiveSequenceFileOutputFormat
                      serde: org.apache.hadoop.hive.serde2.lazy.LazySimpleSerDe
        Reducer 7 
            Execution mode: llap
            Reduce Operator Tree:
              Merge Join Operator
                condition map:
                     Inner Join 0 to 1
                keys:
                  0 _col1 (type: string)
                  1 _col0 (type: string)
                outputColumnNames: _col1
                Statistics: Num rows: 22 Data size: 1914 Basic stats: PARTIAL Column stats: NONE
                Reduce Output Operator
                  key expressions: _col1 (type: string)
                  null sort order: z
                  sort order: +
                  Map-reduce partition columns: _col1 (type: string)
                  Statistics: Num rows: 22 Data size: 1914 Basic stats: PARTIAL Column stats: NONE
        Reducer 8 
            Execution mode: vectorized, llap
            Reduce Operator Tree:
              Group By Operator
                aggregations: min(VALUE._col0), max(VALUE._col1), bloom_filter(VALUE._col2, 1, expectedEntries=1)
                mode: final
                outputColumnNames: _col0, _col1, _col2
                Statistics: Num rows: 1 Data size: 552 Basic stats: COMPLETE Column stats: COMPLETE
                Reduce Output Operator
                  null sort order: 
                  sort order: 
                  Statistics: Num rows: 1 Data size: 552 Basic stats: COMPLETE Column stats: COMPLETE
                  value expressions: _col0 (type: string), _col1 (type: string), _col2 (type: binary)
                Reduce Output Operator
                  null sort order: 
                  sort order: 
                  Statistics: Num rows: 1 Data size: 552 Basic stats: COMPLETE Column stats: COMPLETE
                  value expressions: _col0 (type: string), _col1 (type: string), _col2 (type: binary)

  Stage: Stage-0
    Fetch Operator
      limit: -1
      Processor Tree:
        ListSink

PREHOOK: query: drop table srcpart_date_n6
PREHOOK: type: DROPTABLE
PREHOOK: Input: default@srcpart_date_n6
PREHOOK: Output: database:default
PREHOOK: Output: default@srcpart_date_n6
POSTHOOK: query: drop table srcpart_date_n6
POSTHOOK: type: DROPTABLE
POSTHOOK: Input: default@srcpart_date_n6
POSTHOOK: Output: database:default
POSTHOOK: Output: default@srcpart_date_n6
PREHOOK: query: drop table srcpart_small_n2
PREHOOK: type: DROPTABLE
PREHOOK: Input: default@srcpart_small_n2
PREHOOK: Output: database:default
PREHOOK: Output: default@srcpart_small_n2
POSTHOOK: query: drop table srcpart_small_n2
POSTHOOK: type: DROPTABLE
POSTHOOK: Input: default@srcpart_small_n2
POSTHOOK: Output: database:default
POSTHOOK: Output: default@srcpart_small_n2
PREHOOK: query: drop table alltypesorc_int_n0
PREHOOK: type: DROPTABLE
PREHOOK: Input: default@alltypesorc_int_n0
PREHOOK: Output: database:default
PREHOOK: Output: default@alltypesorc_int_n0
POSTHOOK: query: drop table alltypesorc_int_n0
POSTHOOK: type: DROPTABLE
POSTHOOK: Input: default@alltypesorc_int_n0
POSTHOOK: Output: database:default
POSTHOOK: Output: default@alltypesorc_int_n0
