PREHOOK: query: create table alltypesorc_int_n1 ( cint int, cstring string ) stored as ORC
PREHOOK: type: CREATETABLE
PREHOOK: Output: database:default
PREHOOK: Output: default@alltypesorc_int_n1
POSTHOOK: query: create table alltypesorc_int_n1 ( cint int, cstring string ) stored as ORC
POSTHOOK: type: CREATETABLE
POSTHOOK: Output: database:default
POSTHOOK: Output: default@alltypesorc_int_n1
PREHOOK: query: create table srcpart_date_n7 (key string, value string) partitioned by (ds string ) stored as ORC
PREHOOK: type: CREATETABLE
PREHOOK: Output: database:default
PREHOOK: Output: default@srcpart_date_n7
POSTHOOK: query: create table srcpart_date_n7 (key string, value string) partitioned by (ds string ) stored as ORC
POSTHOOK: type: CREATETABLE
POSTHOOK: Output: database:default
POSTHOOK: Output: default@srcpart_date_n7
PREHOOK: query: CREATE TABLE srcpart_small_n3(key1 STRING, value1 STRING) partitioned by (ds string) STORED as ORC
PREHOOK: type: CREATETABLE
PREHOOK: Output: database:default
PREHOOK: Output: default@srcpart_small_n3
POSTHOOK: query: CREATE TABLE srcpart_small_n3(key1 STRING, value1 STRING) partitioned by (ds string) STORED as ORC
POSTHOOK: type: CREATETABLE
POSTHOOK: Output: database:default
POSTHOOK: Output: default@srcpart_small_n3
PREHOOK: query: alter table srcpart_date_n7 add partition (ds = "2008-04-08")
PREHOOK: type: ALTERTABLE_ADDPARTS
PREHOOK: Output: default@srcpart_date_n7
POSTHOOK: query: alter table srcpart_date_n7 add partition (ds = "2008-04-08")
POSTHOOK: type: ALTERTABLE_ADDPARTS
POSTHOOK: Output: default@srcpart_date_n7
POSTHOOK: Output: default@srcpart_date_n7@ds=2008-04-08
PREHOOK: query: alter table srcpart_date_n7 add partition (ds = "2008-04-09")
PREHOOK: type: ALTERTABLE_ADDPARTS
PREHOOK: Output: default@srcpart_date_n7
POSTHOOK: query: alter table srcpart_date_n7 add partition (ds = "2008-04-09")
POSTHOOK: type: ALTERTABLE_ADDPARTS
POSTHOOK: Output: default@srcpart_date_n7
POSTHOOK: Output: default@srcpart_date_n7@ds=2008-04-09
PREHOOK: query: alter table srcpart_small_n3 add partition (ds = "2008-04-08")
PREHOOK: type: ALTERTABLE_ADDPARTS
PREHOOK: Output: default@srcpart_small_n3
POSTHOOK: query: alter table srcpart_small_n3 add partition (ds = "2008-04-08")
POSTHOOK: type: ALTERTABLE_ADDPARTS
POSTHOOK: Output: default@srcpart_small_n3
POSTHOOK: Output: default@srcpart_small_n3@ds=2008-04-08
PREHOOK: query: alter table srcpart_small_n3 add partition (ds = "2008-04-09")
PREHOOK: type: ALTERTABLE_ADDPARTS
PREHOOK: Output: default@srcpart_small_n3
POSTHOOK: query: alter table srcpart_small_n3 add partition (ds = "2008-04-09")
POSTHOOK: type: ALTERTABLE_ADDPARTS
POSTHOOK: Output: default@srcpart_small_n3
POSTHOOK: Output: default@srcpart_small_n3@ds=2008-04-09
PREHOOK: query: insert overwrite table alltypesorc_int_n1 select cint, cstring1 from alltypesorc
PREHOOK: type: QUERY
PREHOOK: Input: default@alltypesorc
PREHOOK: Output: default@alltypesorc_int_n1
POSTHOOK: query: insert overwrite table alltypesorc_int_n1 select cint, cstring1 from alltypesorc
POSTHOOK: type: QUERY
POSTHOOK: Input: default@alltypesorc
POSTHOOK: Output: default@alltypesorc_int_n1
POSTHOOK: Lineage: alltypesorc_int_n1.cint SIMPLE [(alltypesorc)alltypesorc.FieldSchema(name:cint, type:int, comment:null), ]
POSTHOOK: Lineage: alltypesorc_int_n1.cstring SIMPLE [(alltypesorc)alltypesorc.FieldSchema(name:cstring1, type:string, comment:null), ]
PREHOOK: query: insert overwrite table srcpart_date_n7 partition (ds = "2008-04-08" ) select key, value from srcpart where ds = "2008-04-08"
PREHOOK: type: QUERY
PREHOOK: Input: default@srcpart
PREHOOK: Input: default@srcpart@ds=2008-04-08/hr=11
PREHOOK: Input: default@srcpart@ds=2008-04-08/hr=12
PREHOOK: Output: default@srcpart_date_n7@ds=2008-04-08
POSTHOOK: query: insert overwrite table srcpart_date_n7 partition (ds = "2008-04-08" ) select key, value from srcpart where ds = "2008-04-08"
POSTHOOK: type: QUERY
POSTHOOK: Input: default@srcpart
POSTHOOK: Input: default@srcpart@ds=2008-04-08/hr=11
POSTHOOK: Input: default@srcpart@ds=2008-04-08/hr=12
POSTHOOK: Output: default@srcpart_date_n7@ds=2008-04-08
POSTHOOK: Lineage: srcpart_date_n7 PARTITION(ds=2008-04-08).key SIMPLE [(srcpart)srcpart.FieldSchema(name:key, type:string, comment:default), ]
POSTHOOK: Lineage: srcpart_date_n7 PARTITION(ds=2008-04-08).value SIMPLE [(srcpart)srcpart.FieldSchema(name:value, type:string, comment:default), ]
PREHOOK: query: insert overwrite table srcpart_date_n7 partition (ds = "2008-04-09") select key, value from srcpart where ds = "2008-04-09"
PREHOOK: type: QUERY
PREHOOK: Input: default@srcpart
PREHOOK: Input: default@srcpart@ds=2008-04-09/hr=11
PREHOOK: Input: default@srcpart@ds=2008-04-09/hr=12
PREHOOK: Output: default@srcpart_date_n7@ds=2008-04-09
POSTHOOK: query: insert overwrite table srcpart_date_n7 partition (ds = "2008-04-09") select key, value from srcpart where ds = "2008-04-09"
POSTHOOK: type: QUERY
POSTHOOK: Input: default@srcpart
POSTHOOK: Input: default@srcpart@ds=2008-04-09/hr=11
POSTHOOK: Input: default@srcpart@ds=2008-04-09/hr=12
POSTHOOK: Output: default@srcpart_date_n7@ds=2008-04-09
POSTHOOK: Lineage: srcpart_date_n7 PARTITION(ds=2008-04-09).key SIMPLE [(srcpart)srcpart.FieldSchema(name:key, type:string, comment:default), ]
POSTHOOK: Lineage: srcpart_date_n7 PARTITION(ds=2008-04-09).value SIMPLE [(srcpart)srcpart.FieldSchema(name:value, type:string, comment:default), ]
PREHOOK: query: insert overwrite table srcpart_small_n3 partition (ds = "2008-04-09") select key, value from srcpart where ds = "2008-04-09" limit 20
PREHOOK: type: QUERY
PREHOOK: Input: default@srcpart
PREHOOK: Input: default@srcpart@ds=2008-04-09/hr=11
PREHOOK: Input: default@srcpart@ds=2008-04-09/hr=12
PREHOOK: Output: default@srcpart_small_n3@ds=2008-04-09
POSTHOOK: query: insert overwrite table srcpart_small_n3 partition (ds = "2008-04-09") select key, value from srcpart where ds = "2008-04-09" limit 20
POSTHOOK: type: QUERY
POSTHOOK: Input: default@srcpart
POSTHOOK: Input: default@srcpart@ds=2008-04-09/hr=11
POSTHOOK: Input: default@srcpart@ds=2008-04-09/hr=12
POSTHOOK: Output: default@srcpart_small_n3@ds=2008-04-09
POSTHOOK: Lineage: srcpart_small_n3 PARTITION(ds=2008-04-09).key1 SIMPLE [(srcpart)srcpart.FieldSchema(name:key, type:string, comment:default), ]
POSTHOOK: Lineage: srcpart_small_n3 PARTITION(ds=2008-04-09).value1 SIMPLE [(srcpart)srcpart.FieldSchema(name:value, type:string, comment:default), ]
PREHOOK: query: analyze table alltypesorc_int_n1 compute statistics for columns
PREHOOK: type: ANALYZE_TABLE
PREHOOK: Input: default@alltypesorc_int_n1
PREHOOK: Output: default@alltypesorc_int_n1
#### A masked pattern was here ####
POSTHOOK: query: analyze table alltypesorc_int_n1 compute statistics for columns
POSTHOOK: type: ANALYZE_TABLE
POSTHOOK: Input: default@alltypesorc_int_n1
POSTHOOK: Output: default@alltypesorc_int_n1
#### A masked pattern was here ####
PREHOOK: query: analyze table srcpart_date_n7 compute statistics for columns
PREHOOK: type: ANALYZE_TABLE
PREHOOK: Input: default@srcpart_date_n7
PREHOOK: Input: default@srcpart_date_n7@ds=2008-04-08
PREHOOK: Input: default@srcpart_date_n7@ds=2008-04-09
PREHOOK: Output: default@srcpart_date_n7
PREHOOK: Output: default@srcpart_date_n7@ds=2008-04-08
PREHOOK: Output: default@srcpart_date_n7@ds=2008-04-09
#### A masked pattern was here ####
POSTHOOK: query: analyze table srcpart_date_n7 compute statistics for columns
POSTHOOK: type: ANALYZE_TABLE
POSTHOOK: Input: default@srcpart_date_n7
POSTHOOK: Input: default@srcpart_date_n7@ds=2008-04-08
POSTHOOK: Input: default@srcpart_date_n7@ds=2008-04-09
POSTHOOK: Output: default@srcpart_date_n7
POSTHOOK: Output: default@srcpart_date_n7@ds=2008-04-08
POSTHOOK: Output: default@srcpart_date_n7@ds=2008-04-09
#### A masked pattern was here ####
PREHOOK: query: analyze table srcpart_small_n3 compute statistics for columns
PREHOOK: type: ANALYZE_TABLE
PREHOOK: Input: default@srcpart_small_n3
PREHOOK: Input: default@srcpart_small_n3@ds=2008-04-08
PREHOOK: Input: default@srcpart_small_n3@ds=2008-04-09
PREHOOK: Output: default@srcpart_small_n3
PREHOOK: Output: default@srcpart_small_n3@ds=2008-04-08
PREHOOK: Output: default@srcpart_small_n3@ds=2008-04-09
#### A masked pattern was here ####
POSTHOOK: query: analyze table srcpart_small_n3 compute statistics for columns
POSTHOOK: type: ANALYZE_TABLE
POSTHOOK: Input: default@srcpart_small_n3
POSTHOOK: Input: default@srcpart_small_n3@ds=2008-04-08
POSTHOOK: Input: default@srcpart_small_n3@ds=2008-04-09
POSTHOOK: Output: default@srcpart_small_n3
POSTHOOK: Output: default@srcpart_small_n3@ds=2008-04-08
POSTHOOK: Output: default@srcpart_small_n3@ds=2008-04-09
#### A masked pattern was here ####
PREHOOK: query: EXPLAIN select count(*) from srcpart_date_n7 join srcpart_small_n3 on (srcpart_date_n7.key = srcpart_small_n3.key1)
PREHOOK: type: QUERY
POSTHOOK: query: EXPLAIN select count(*) from srcpart_date_n7 join srcpart_small_n3 on (srcpart_date_n7.key = srcpart_small_n3.key1)
POSTHOOK: type: QUERY
STAGE DEPENDENCIES:
  Stage-1 is a root stage
  Stage-0 depends on stages: Stage-1

STAGE PLANS:
  Stage: Stage-1
    Tez
#### A masked pattern was here ####
      Edges:
        Reducer 2 <- Map 1 (SIMPLE_EDGE), Map 4 (SIMPLE_EDGE)
        Reducer 3 <- Reducer 2 (CUSTOM_SIMPLE_EDGE)
#### A masked pattern was here ####
      Vertices:
        Map 1 
            Map Operator Tree:
                TableScan
                  alias: srcpart_date_n7
                  filterExpr: key is not null (type: boolean)
                  Statistics: Num rows: 2000 Data size: 174000 Basic stats: COMPLETE Column stats: COMPLETE
                  Filter Operator
                    predicate: key is not null (type: boolean)
                    Statistics: Num rows: 2000 Data size: 174000 Basic stats: COMPLETE Column stats: COMPLETE
                    Select Operator
                      expressions: key (type: string)
                      outputColumnNames: _col0
                      Statistics: Num rows: 2000 Data size: 174000 Basic stats: COMPLETE Column stats: COMPLETE
                      Reduce Output Operator
                        key expressions: _col0 (type: string)
                        sort order: +
                        Map-reduce partition columns: _col0 (type: string)
                        Statistics: Num rows: 2000 Data size: 174000 Basic stats: COMPLETE Column stats: COMPLETE
            Execution mode: vectorized, llap
            LLAP IO: all inputs
        Map 4 
            Map Operator Tree:
                TableScan
                  alias: srcpart_small_n3
                  filterExpr: key1 is not null (type: boolean)
                  Statistics: Num rows: 20 Data size: 1740 Basic stats: PARTIAL Column stats: PARTIAL
                  Filter Operator
                    predicate: key1 is not null (type: boolean)
                    Statistics: Num rows: 20 Data size: 1740 Basic stats: PARTIAL Column stats: PARTIAL
                    Select Operator
                      expressions: key1 (type: string)
                      outputColumnNames: _col0
                      Statistics: Num rows: 20 Data size: 1740 Basic stats: PARTIAL Column stats: PARTIAL
                      Reduce Output Operator
                        key expressions: _col0 (type: string)
                        sort order: +
                        Map-reduce partition columns: _col0 (type: string)
                        Statistics: Num rows: 20 Data size: 1740 Basic stats: PARTIAL Column stats: PARTIAL
            Execution mode: vectorized, llap
            LLAP IO: all inputs
        Reducer 2 
            Execution mode: llap
            Reduce Operator Tree:
              Merge Join Operator
                condition map:
                     Inner Join 0 to 1
                keys:
                  0 _col0 (type: string)
                  1 _col0 (type: string)
                Statistics: Num rows: 2200 Data size: 191400 Basic stats: PARTIAL Column stats: NONE
                Group By Operator
                  aggregations: count()
                  mode: hash
                  outputColumnNames: _col0
                  Statistics: Num rows: 1 Data size: 8 Basic stats: PARTIAL Column stats: NONE
                  Reduce Output Operator
                    sort order: 
                    Statistics: Num rows: 1 Data size: 8 Basic stats: PARTIAL Column stats: NONE
                    value expressions: _col0 (type: bigint)
        Reducer 3 
            Execution mode: vectorized, llap
            Reduce Operator Tree:
              Group By Operator
                aggregations: count(VALUE._col0)
                mode: mergepartial
                outputColumnNames: _col0
                Statistics: Num rows: 1 Data size: 8 Basic stats: PARTIAL Column stats: NONE
                File Output Operator
                  compressed: false
                  Statistics: Num rows: 1 Data size: 8 Basic stats: PARTIAL Column stats: NONE
                  table:
                      input format: org.apache.hadoop.mapred.SequenceFileInputFormat
                      output format: org.apache.hadoop.hive.ql.io.HiveSequenceFileOutputFormat
                      serde: org.apache.hadoop.hive.serde2.lazy.LazySimpleSerDe

  Stage: Stage-0
    Fetch Operator
      limit: -1
      Processor Tree:
        ListSink

PREHOOK: query: select count(*) from srcpart_date_n7 join srcpart_small_n3 on (srcpart_date_n7.key = srcpart_small_n3.key1)
PREHOOK: type: QUERY
PREHOOK: Input: default@srcpart_date_n7
PREHOOK: Input: default@srcpart_date_n7@ds=2008-04-08
PREHOOK: Input: default@srcpart_date_n7@ds=2008-04-09
PREHOOK: Input: default@srcpart_small_n3
PREHOOK: Input: default@srcpart_small_n3@ds=2008-04-08
PREHOOK: Input: default@srcpart_small_n3@ds=2008-04-09
#### A masked pattern was here ####
POSTHOOK: query: select count(*) from srcpart_date_n7 join srcpart_small_n3 on (srcpart_date_n7.key = srcpart_small_n3.key1)
POSTHOOK: type: QUERY
POSTHOOK: Input: default@srcpart_date_n7
POSTHOOK: Input: default@srcpart_date_n7@ds=2008-04-08
POSTHOOK: Input: default@srcpart_date_n7@ds=2008-04-09
POSTHOOK: Input: default@srcpart_small_n3
POSTHOOK: Input: default@srcpart_small_n3@ds=2008-04-08
POSTHOOK: Input: default@srcpart_small_n3@ds=2008-04-09
#### A masked pattern was here ####
176
PREHOOK: query: EXPLAIN select count(*) from srcpart_date_n7 join srcpart_small_n3 on (srcpart_date_n7.key = srcpart_small_n3.key1)
PREHOOK: type: QUERY
POSTHOOK: query: EXPLAIN select count(*) from srcpart_date_n7 join srcpart_small_n3 on (srcpart_date_n7.key = srcpart_small_n3.key1)
POSTHOOK: type: QUERY
STAGE DEPENDENCIES:
  Stage-1 is a root stage
  Stage-0 depends on stages: Stage-1

STAGE PLANS:
  Stage: Stage-1
    Tez
#### A masked pattern was here ####
      Edges:
        Map 1 <- Reducer 5 (BROADCAST_EDGE)
        Reducer 2 <- Map 1 (SIMPLE_EDGE), Map 4 (SIMPLE_EDGE)
        Reducer 3 <- Reducer 2 (CUSTOM_SIMPLE_EDGE)
        Reducer 5 <- Map 4 (CUSTOM_SIMPLE_EDGE)
#### A masked pattern was here ####
      Vertices:
        Map 1 
            Map Operator Tree:
                TableScan
                  alias: srcpart_date_n7
                  filterExpr: (key is not null and (key BETWEEN DynamicValue(RS_7_srcpart_small_n3_key1_min) AND DynamicValue(RS_7_srcpart_small_n3_key1_max) and in_bloom_filter(key, DynamicValue(RS_7_srcpart_small_n3_key1_bloom_filter)))) (type: boolean)
                  Statistics: Num rows: 2000 Data size: 174000 Basic stats: COMPLETE Column stats: COMPLETE
                  Filter Operator
                    predicate: ((key BETWEEN DynamicValue(RS_7_srcpart_small_n3_key1_min) AND DynamicValue(RS_7_srcpart_small_n3_key1_max) and in_bloom_filter(key, DynamicValue(RS_7_srcpart_small_n3_key1_bloom_filter))) and key is not null) (type: boolean)
                    Statistics: Num rows: 2000 Data size: 174000 Basic stats: COMPLETE Column stats: COMPLETE
                    Select Operator
                      expressions: key (type: string)
                      outputColumnNames: _col0
                      Statistics: Num rows: 2000 Data size: 174000 Basic stats: COMPLETE Column stats: COMPLETE
                      Reduce Output Operator
                        key expressions: _col0 (type: string)
                        sort order: +
                        Map-reduce partition columns: _col0 (type: string)
                        Statistics: Num rows: 2000 Data size: 174000 Basic stats: COMPLETE Column stats: COMPLETE
            Execution mode: vectorized, llap
            LLAP IO: all inputs
        Map 4 
            Map Operator Tree:
                TableScan
                  alias: srcpart_small_n3
                  filterExpr: key1 is not null (type: boolean)
                  Statistics: Num rows: 20 Data size: 1740 Basic stats: PARTIAL Column stats: PARTIAL
                  Filter Operator
                    predicate: key1 is not null (type: boolean)
                    Statistics: Num rows: 20 Data size: 1740 Basic stats: PARTIAL Column stats: PARTIAL
                    Select Operator
                      expressions: key1 (type: string)
                      outputColumnNames: _col0
                      Statistics: Num rows: 20 Data size: 1740 Basic stats: PARTIAL Column stats: PARTIAL
                      Reduce Output Operator
                        key expressions: _col0 (type: string)
                        sort order: +
                        Map-reduce partition columns: _col0 (type: string)
                        Statistics: Num rows: 20 Data size: 1740 Basic stats: PARTIAL Column stats: PARTIAL
                      Select Operator
                        expressions: _col0 (type: string)
                        outputColumnNames: _col0
                        Statistics: Num rows: 20 Data size: 1740 Basic stats: PARTIAL Column stats: PARTIAL
                        Group By Operator
                          aggregations: min(_col0), max(_col0), bloom_filter(_col0, expectedEntries=20)
                          mode: hash
                          outputColumnNames: _col0, _col1, _col2
                          Statistics: Num rows: 1 Data size: 639 Basic stats: PARTIAL Column stats: PARTIAL
                          Reduce Output Operator
                            sort order: 
                            Statistics: Num rows: 1 Data size: 639 Basic stats: PARTIAL Column stats: PARTIAL
                            value expressions: _col0 (type: string), _col1 (type: string), _col2 (type: binary)
            Execution mode: vectorized, llap
            LLAP IO: all inputs
        Reducer 2 
            Execution mode: llap
            Reduce Operator Tree:
              Merge Join Operator
                condition map:
                     Inner Join 0 to 1
                keys:
                  0 _col0 (type: string)
                  1 _col0 (type: string)
                Statistics: Num rows: 2200 Data size: 191400 Basic stats: PARTIAL Column stats: NONE
                Group By Operator
                  aggregations: count()
                  mode: hash
                  outputColumnNames: _col0
                  Statistics: Num rows: 1 Data size: 8 Basic stats: PARTIAL Column stats: NONE
                  Reduce Output Operator
                    sort order: 
                    Statistics: Num rows: 1 Data size: 8 Basic stats: PARTIAL Column stats: NONE
                    value expressions: _col0 (type: bigint)
        Reducer 3 
            Execution mode: vectorized, llap
            Reduce Operator Tree:
              Group By Operator
                aggregations: count(VALUE._col0)
                mode: mergepartial
                outputColumnNames: _col0
                Statistics: Num rows: 1 Data size: 8 Basic stats: PARTIAL Column stats: NONE
                File Output Operator
                  compressed: false
                  Statistics: Num rows: 1 Data size: 8 Basic stats: PARTIAL Column stats: NONE
                  table:
                      input format: org.apache.hadoop.mapred.SequenceFileInputFormat
                      output format: org.apache.hadoop.hive.ql.io.HiveSequenceFileOutputFormat
                      serde: org.apache.hadoop.hive.serde2.lazy.LazySimpleSerDe
        Reducer 5 
            Execution mode: vectorized, llap
            Reduce Operator Tree:
              Group By Operator
                aggregations: min(VALUE._col0), max(VALUE._col1), bloom_filter(VALUE._col2, expectedEntries=20)
                mode: final
                outputColumnNames: _col0, _col1, _col2
                Statistics: Num rows: 1 Data size: 639 Basic stats: PARTIAL Column stats: PARTIAL
                Reduce Output Operator
                  sort order: 
                  Statistics: Num rows: 1 Data size: 639 Basic stats: PARTIAL Column stats: PARTIAL
                  value expressions: _col0 (type: string), _col1 (type: string), _col2 (type: binary)

  Stage: Stage-0
    Fetch Operator
      limit: -1
      Processor Tree:
        ListSink

PREHOOK: query: select count(*) from srcpart_date_n7 join srcpart_small_n3 on (srcpart_date_n7.key = srcpart_small_n3.key1)
PREHOOK: type: QUERY
PREHOOK: Input: default@srcpart_date_n7
PREHOOK: Input: default@srcpart_date_n7@ds=2008-04-08
PREHOOK: Input: default@srcpart_date_n7@ds=2008-04-09
PREHOOK: Input: default@srcpart_small_n3
PREHOOK: Input: default@srcpart_small_n3@ds=2008-04-08
PREHOOK: Input: default@srcpart_small_n3@ds=2008-04-09
#### A masked pattern was here ####
POSTHOOK: query: select count(*) from srcpart_date_n7 join srcpart_small_n3 on (srcpart_date_n7.key = srcpart_small_n3.key1)
POSTHOOK: type: QUERY
POSTHOOK: Input: default@srcpart_date_n7
POSTHOOK: Input: default@srcpart_date_n7@ds=2008-04-08
POSTHOOK: Input: default@srcpart_date_n7@ds=2008-04-09
POSTHOOK: Input: default@srcpart_small_n3
POSTHOOK: Input: default@srcpart_small_n3@ds=2008-04-08
POSTHOOK: Input: default@srcpart_small_n3@ds=2008-04-09
#### A masked pattern was here ####
176
PREHOOK: query: EXPLAIN select count(*) from srcpart_date_n7 join srcpart_small_n3 on (srcpart_date_n7.key = srcpart_small_n3.ds)
PREHOOK: type: QUERY
POSTHOOK: query: EXPLAIN select count(*) from srcpart_date_n7 join srcpart_small_n3 on (srcpart_date_n7.key = srcpart_small_n3.ds)
POSTHOOK: type: QUERY
STAGE DEPENDENCIES:
  Stage-1 is a root stage
  Stage-0 depends on stages: Stage-1

STAGE PLANS:
  Stage: Stage-1
    Tez
#### A masked pattern was here ####
      Edges:
        Reducer 2 <- Map 1 (SIMPLE_EDGE), Map 4 (SIMPLE_EDGE)
        Reducer 3 <- Reducer 2 (CUSTOM_SIMPLE_EDGE)
#### A masked pattern was here ####
      Vertices:
        Map 1 
            Map Operator Tree:
                TableScan
                  alias: srcpart_date_n7
                  filterExpr: key is not null (type: boolean)
                  Statistics: Num rows: 2000 Data size: 174000 Basic stats: COMPLETE Column stats: COMPLETE
                  Filter Operator
                    predicate: key is not null (type: boolean)
                    Statistics: Num rows: 2000 Data size: 174000 Basic stats: COMPLETE Column stats: COMPLETE
                    Select Operator
                      expressions: key (type: string)
                      outputColumnNames: _col0
                      Statistics: Num rows: 2000 Data size: 174000 Basic stats: COMPLETE Column stats: COMPLETE
                      Reduce Output Operator
                        key expressions: _col0 (type: string)
                        sort order: +
                        Map-reduce partition columns: _col0 (type: string)
                        Statistics: Num rows: 2000 Data size: 174000 Basic stats: COMPLETE Column stats: COMPLETE
                      Select Operator
                        expressions: _col0 (type: string)
                        outputColumnNames: _col0
                        Statistics: Num rows: 2000 Data size: 174000 Basic stats: COMPLETE Column stats: COMPLETE
                        Group By Operator
                          keys: _col0 (type: string)
                          mode: hash
                          outputColumnNames: _col0
                          Statistics: Num rows: 316 Data size: 27492 Basic stats: COMPLETE Column stats: COMPLETE
                          Dynamic Partitioning Event Operator
                            Target column: ds (string)
                            Target Input: srcpart_small_n3
                            Partition key expr: ds
                            Statistics: Num rows: 316 Data size: 27492 Basic stats: COMPLETE Column stats: COMPLETE
                            Target Vertex: Map 4
            Execution mode: vectorized, llap
            LLAP IO: all inputs
        Map 4 
            Map Operator Tree:
                TableScan
                  alias: srcpart_small_n3
                  filterExpr: ds is not null (type: boolean)
                  Statistics: Num rows: 20 Data size: 7200 Basic stats: PARTIAL Column stats: COMPLETE
                  Select Operator
                    expressions: ds (type: string)
                    outputColumnNames: _col0
                    Statistics: Num rows: 20 Data size: 7200 Basic stats: PARTIAL Column stats: COMPLETE
                    Reduce Output Operator
                      key expressions: _col0 (type: string)
                      sort order: +
                      Map-reduce partition columns: _col0 (type: string)
                      Statistics: Num rows: 20 Data size: 7200 Basic stats: PARTIAL Column stats: COMPLETE
            Execution mode: vectorized, llap
            LLAP IO: all inputs
        Reducer 2 
            Execution mode: llap
            Reduce Operator Tree:
              Merge Join Operator
                condition map:
                     Inner Join 0 to 1
                keys:
                  0 _col0 (type: string)
                  1 _col0 (type: string)
                Statistics: Num rows: 2200 Data size: 191400 Basic stats: PARTIAL Column stats: NONE
                Group By Operator
                  aggregations: count()
                  mode: hash
                  outputColumnNames: _col0
                  Statistics: Num rows: 1 Data size: 8 Basic stats: PARTIAL Column stats: NONE
                  Reduce Output Operator
                    sort order: 
                    Statistics: Num rows: 1 Data size: 8 Basic stats: PARTIAL Column stats: NONE
                    value expressions: _col0 (type: bigint)
        Reducer 3 
            Execution mode: vectorized, llap
            Reduce Operator Tree:
              Group By Operator
                aggregations: count(VALUE._col0)
                mode: mergepartial
                outputColumnNames: _col0
                Statistics: Num rows: 1 Data size: 8 Basic stats: PARTIAL Column stats: NONE
                File Output Operator
                  compressed: false
                  Statistics: Num rows: 1 Data size: 8 Basic stats: PARTIAL Column stats: NONE
                  table:
                      input format: org.apache.hadoop.mapred.SequenceFileInputFormat
                      output format: org.apache.hadoop.hive.ql.io.HiveSequenceFileOutputFormat
                      serde: org.apache.hadoop.hive.serde2.lazy.LazySimpleSerDe

  Stage: Stage-0
    Fetch Operator
      limit: -1
      Processor Tree:
        ListSink

PREHOOK: query: select count(*) from srcpart_date_n7 join srcpart_small_n3 on (srcpart_date_n7.key = srcpart_small_n3.ds)
PREHOOK: type: QUERY
PREHOOK: Input: default@srcpart_date_n7
PREHOOK: Input: default@srcpart_date_n7@ds=2008-04-08
PREHOOK: Input: default@srcpart_date_n7@ds=2008-04-09
PREHOOK: Input: default@srcpart_small_n3
PREHOOK: Input: default@srcpart_small_n3@ds=2008-04-08
PREHOOK: Input: default@srcpart_small_n3@ds=2008-04-09
#### A masked pattern was here ####
POSTHOOK: query: select count(*) from srcpart_date_n7 join srcpart_small_n3 on (srcpart_date_n7.key = srcpart_small_n3.ds)
POSTHOOK: type: QUERY
POSTHOOK: Input: default@srcpart_date_n7
POSTHOOK: Input: default@srcpart_date_n7@ds=2008-04-08
POSTHOOK: Input: default@srcpart_date_n7@ds=2008-04-09
POSTHOOK: Input: default@srcpart_small_n3
POSTHOOK: Input: default@srcpart_small_n3@ds=2008-04-08
POSTHOOK: Input: default@srcpart_small_n3@ds=2008-04-09
#### A masked pattern was here ####
0
PREHOOK: query: EXPLAIN select count(*) from srcpart_date_n7 join srcpart_small_n3 on (srcpart_date_n7.key = srcpart_small_n3.key1) join alltypesorc_int_n1 on (srcpart_small_n3.key1 = alltypesorc_int_n1.cstring)
PREHOOK: type: QUERY
POSTHOOK: query: EXPLAIN select count(*) from srcpart_date_n7 join srcpart_small_n3 on (srcpart_date_n7.key = srcpart_small_n3.key1) join alltypesorc_int_n1 on (srcpart_small_n3.key1 = alltypesorc_int_n1.cstring)
POSTHOOK: type: QUERY
STAGE DEPENDENCIES:
  Stage-1 is a root stage
  Stage-0 depends on stages: Stage-1

STAGE PLANS:
  Stage: Stage-1
    Tez
#### A masked pattern was here ####
      Edges:
        Reducer 2 <- Map 1 (SIMPLE_EDGE), Map 4 (SIMPLE_EDGE), Map 5 (SIMPLE_EDGE)
        Reducer 3 <- Reducer 2 (CUSTOM_SIMPLE_EDGE)
#### A masked pattern was here ####
      Vertices:
        Map 1 
            Map Operator Tree:
                TableScan
                  alias: srcpart_date_n7
                  filterExpr: key is not null (type: boolean)
                  Statistics: Num rows: 2000 Data size: 174000 Basic stats: COMPLETE Column stats: COMPLETE
                  Filter Operator
                    predicate: key is not null (type: boolean)
                    Statistics: Num rows: 2000 Data size: 174000 Basic stats: COMPLETE Column stats: COMPLETE
                    Select Operator
                      expressions: key (type: string)
                      outputColumnNames: _col0
                      Statistics: Num rows: 2000 Data size: 174000 Basic stats: COMPLETE Column stats: COMPLETE
                      Reduce Output Operator
                        key expressions: _col0 (type: string)
                        sort order: +
                        Map-reduce partition columns: _col0 (type: string)
                        Statistics: Num rows: 2000 Data size: 174000 Basic stats: COMPLETE Column stats: COMPLETE
            Execution mode: vectorized, llap
            LLAP IO: all inputs
        Map 4 
            Map Operator Tree:
                TableScan
                  alias: srcpart_small_n3
                  filterExpr: key1 is not null (type: boolean)
                  Statistics: Num rows: 20 Data size: 1740 Basic stats: PARTIAL Column stats: PARTIAL
                  Filter Operator
                    predicate: key1 is not null (type: boolean)
                    Statistics: Num rows: 20 Data size: 1740 Basic stats: PARTIAL Column stats: PARTIAL
                    Select Operator
                      expressions: key1 (type: string)
                      outputColumnNames: _col0
                      Statistics: Num rows: 20 Data size: 1740 Basic stats: PARTIAL Column stats: PARTIAL
                      Reduce Output Operator
                        key expressions: _col0 (type: string)
                        sort order: +
                        Map-reduce partition columns: _col0 (type: string)
                        Statistics: Num rows: 20 Data size: 1740 Basic stats: PARTIAL Column stats: PARTIAL
            Execution mode: vectorized, llap
            LLAP IO: all inputs
        Map 5 
            Map Operator Tree:
                TableScan
                  alias: alltypesorc_int_n1
                  filterExpr: cstring is not null (type: boolean)
                  Statistics: Num rows: 12288 Data size: 862450 Basic stats: COMPLETE Column stats: COMPLETE
                  Filter Operator
                    predicate: cstring is not null (type: boolean)
                    Statistics: Num rows: 9174 Data size: 643900 Basic stats: COMPLETE Column stats: COMPLETE
                    Select Operator
                      expressions: cstring (type: string)
                      outputColumnNames: _col0
                      Statistics: Num rows: 9174 Data size: 643900 Basic stats: COMPLETE Column stats: COMPLETE
                      Reduce Output Operator
                        key expressions: _col0 (type: string)
                        sort order: +
                        Map-reduce partition columns: _col0 (type: string)
                        Statistics: Num rows: 9174 Data size: 643900 Basic stats: COMPLETE Column stats: COMPLETE
            Execution mode: vectorized, llap
            LLAP IO: all inputs
        Reducer 2 
            Execution mode: llap
            Reduce Operator Tree:
              Merge Join Operator
                condition map:
                     Inner Join 0 to 1
                     Inner Join 1 to 2
                keys:
                  0 _col0 (type: string)
                  1 _col0 (type: string)
                  2 _col0 (type: string)
                Statistics: Num rows: 20182 Data size: 1416580 Basic stats: PARTIAL Column stats: NONE
                Group By Operator
                  aggregations: count()
                  mode: hash
                  outputColumnNames: _col0
                  Statistics: Num rows: 1 Data size: 8 Basic stats: PARTIAL Column stats: NONE
                  Reduce Output Operator
                    sort order: 
                    Statistics: Num rows: 1 Data size: 8 Basic stats: PARTIAL Column stats: NONE
                    value expressions: _col0 (type: bigint)
        Reducer 3 
            Execution mode: vectorized, llap
            Reduce Operator Tree:
              Group By Operator
                aggregations: count(VALUE._col0)
                mode: mergepartial
                outputColumnNames: _col0
                Statistics: Num rows: 1 Data size: 8 Basic stats: PARTIAL Column stats: NONE
                File Output Operator
                  compressed: false
                  Statistics: Num rows: 1 Data size: 8 Basic stats: PARTIAL Column stats: NONE
                  table:
                      input format: org.apache.hadoop.mapred.SequenceFileInputFormat
                      output format: org.apache.hadoop.hive.ql.io.HiveSequenceFileOutputFormat
                      serde: org.apache.hadoop.hive.serde2.lazy.LazySimpleSerDe

  Stage: Stage-0
    Fetch Operator
      limit: -1
      Processor Tree:
        ListSink

PREHOOK: query: select count(*) from srcpart_date_n7 join srcpart_small_n3 on (srcpart_date_n7.key = srcpart_small_n3.key1) join alltypesorc_int_n1 on (srcpart_small_n3.key1 = alltypesorc_int_n1.cstring)
PREHOOK: type: QUERY
PREHOOK: Input: default@alltypesorc_int_n1
PREHOOK: Input: default@srcpart_date_n7
PREHOOK: Input: default@srcpart_date_n7@ds=2008-04-08
PREHOOK: Input: default@srcpart_date_n7@ds=2008-04-09
PREHOOK: Input: default@srcpart_small_n3
PREHOOK: Input: default@srcpart_small_n3@ds=2008-04-08
PREHOOK: Input: default@srcpart_small_n3@ds=2008-04-09
#### A masked pattern was here ####
POSTHOOK: query: select count(*) from srcpart_date_n7 join srcpart_small_n3 on (srcpart_date_n7.key = srcpart_small_n3.key1) join alltypesorc_int_n1 on (srcpart_small_n3.key1 = alltypesorc_int_n1.cstring)
POSTHOOK: type: QUERY
POSTHOOK: Input: default@alltypesorc_int_n1
POSTHOOK: Input: default@srcpart_date_n7
POSTHOOK: Input: default@srcpart_date_n7@ds=2008-04-08
POSTHOOK: Input: default@srcpart_date_n7@ds=2008-04-09
POSTHOOK: Input: default@srcpart_small_n3
POSTHOOK: Input: default@srcpart_small_n3@ds=2008-04-08
POSTHOOK: Input: default@srcpart_small_n3@ds=2008-04-09
#### A masked pattern was here ####
0
PREHOOK: query: EXPLAIN select count(*) from srcpart_date_n7 join srcpart_small_n3 on (srcpart_date_n7.key = srcpart_small_n3.key1) join alltypesorc_int_n1 on (srcpart_small_n3.key1 = alltypesorc_int_n1.cstring)
PREHOOK: type: QUERY
POSTHOOK: query: EXPLAIN select count(*) from srcpart_date_n7 join srcpart_small_n3 on (srcpart_date_n7.key = srcpart_small_n3.key1) join alltypesorc_int_n1 on (srcpart_small_n3.key1 = alltypesorc_int_n1.cstring)
POSTHOOK: type: QUERY
STAGE DEPENDENCIES:
  Stage-1 is a root stage
  Stage-0 depends on stages: Stage-1

STAGE PLANS:
  Stage: Stage-1
    Tez
#### A masked pattern was here ####
      Edges:
        Map 1 <- Reducer 6 (BROADCAST_EDGE)
        Map 7 <- Reducer 4 (BROADCAST_EDGE), Reducer 6 (BROADCAST_EDGE)
        Reducer 2 <- Map 1 (SIMPLE_EDGE), Map 5 (SIMPLE_EDGE), Map 7 (SIMPLE_EDGE)
        Reducer 3 <- Reducer 2 (CUSTOM_SIMPLE_EDGE)
        Reducer 4 <- Map 1 (CUSTOM_SIMPLE_EDGE)
        Reducer 6 <- Map 5 (CUSTOM_SIMPLE_EDGE)
#### A masked pattern was here ####
      Vertices:
        Map 1 
            Map Operator Tree:
                TableScan
                  alias: srcpart_date_n7
                  filterExpr: (key is not null and (key BETWEEN DynamicValue(RS_10_srcpart_small_n3_key1_min) AND DynamicValue(RS_10_srcpart_small_n3_key1_max) and in_bloom_filter(key, DynamicValue(RS_10_srcpart_small_n3_key1_bloom_filter)))) (type: boolean)
                  Statistics: Num rows: 2000 Data size: 174000 Basic stats: COMPLETE Column stats: COMPLETE
                  Filter Operator
                    predicate: ((key BETWEEN DynamicValue(RS_10_srcpart_small_n3_key1_min) AND DynamicValue(RS_10_srcpart_small_n3_key1_max) and in_bloom_filter(key, DynamicValue(RS_10_srcpart_small_n3_key1_bloom_filter))) and key is not null) (type: boolean)
                    Statistics: Num rows: 2000 Data size: 174000 Basic stats: COMPLETE Column stats: COMPLETE
                    Select Operator
                      expressions: key (type: string)
                      outputColumnNames: _col0
                      Statistics: Num rows: 2000 Data size: 174000 Basic stats: COMPLETE Column stats: COMPLETE
                      Reduce Output Operator
                        key expressions: _col0 (type: string)
                        sort order: +
                        Map-reduce partition columns: _col0 (type: string)
                        Statistics: Num rows: 2000 Data size: 174000 Basic stats: COMPLETE Column stats: COMPLETE
                      Select Operator
                        expressions: _col0 (type: string)
                        outputColumnNames: _col0
                        Statistics: Num rows: 2000 Data size: 174000 Basic stats: COMPLETE Column stats: COMPLETE
                        Group By Operator
                          aggregations: min(_col0), max(_col0), bloom_filter(_col0, expectedEntries=316)
                          mode: hash
                          outputColumnNames: _col0, _col1, _col2
                          Statistics: Num rows: 1 Data size: 552 Basic stats: COMPLETE Column stats: COMPLETE
                          Reduce Output Operator
                            sort order: 
                            Statistics: Num rows: 1 Data size: 552 Basic stats: COMPLETE Column stats: COMPLETE
                            value expressions: _col0 (type: string), _col1 (type: string), _col2 (type: binary)
            Execution mode: vectorized, llap
            LLAP IO: all inputs
        Map 5 
            Map Operator Tree:
                TableScan
                  alias: srcpart_small_n3
                  filterExpr: key1 is not null (type: boolean)
                  Statistics: Num rows: 20 Data size: 1740 Basic stats: PARTIAL Column stats: PARTIAL
                  Filter Operator
                    predicate: key1 is not null (type: boolean)
                    Statistics: Num rows: 20 Data size: 1740 Basic stats: PARTIAL Column stats: PARTIAL
                    Select Operator
                      expressions: key1 (type: string)
                      outputColumnNames: _col0
                      Statistics: Num rows: 20 Data size: 1740 Basic stats: PARTIAL Column stats: PARTIAL
                      Reduce Output Operator
                        key expressions: _col0 (type: string)
                        sort order: +
                        Map-reduce partition columns: _col0 (type: string)
                        Statistics: Num rows: 20 Data size: 1740 Basic stats: PARTIAL Column stats: PARTIAL
                      Select Operator
                        expressions: _col0 (type: string)
                        outputColumnNames: _col0
                        Statistics: Num rows: 20 Data size: 1740 Basic stats: PARTIAL Column stats: PARTIAL
                        Group By Operator
                          aggregations: min(_col0), max(_col0), bloom_filter(_col0, expectedEntries=20)
                          mode: hash
                          outputColumnNames: _col0, _col1, _col2
                          Statistics: Num rows: 1 Data size: 639 Basic stats: PARTIAL Column stats: PARTIAL
                          Reduce Output Operator
                            sort order: 
                            Statistics: Num rows: 1 Data size: 639 Basic stats: PARTIAL Column stats: PARTIAL
                            value expressions: _col0 (type: string), _col1 (type: string), _col2 (type: binary)
            Execution mode: vectorized, llap
            LLAP IO: all inputs
        Map 7 
            Map Operator Tree:
                TableScan
                  alias: alltypesorc_int_n1
                  filterExpr: (cstring is not null and (cstring BETWEEN DynamicValue(RS_9_srcpart_date_n7_key_min) AND DynamicValue(RS_9_srcpart_date_n7_key_max) and in_bloom_filter(cstring, DynamicValue(RS_9_srcpart_date_n7_key_bloom_filter))) and (cstring BETWEEN DynamicValue(RS_10_srcpart_small_n3_key1_min) AND DynamicValue(RS_10_srcpart_small_n3_key1_max) and in_bloom_filter(cstring, DynamicValue(RS_10_srcpart_small_n3_key1_bloom_filter)))) (type: boolean)
                  Statistics: Num rows: 12288 Data size: 862450 Basic stats: COMPLETE Column stats: COMPLETE
                  Filter Operator
                    predicate: ((cstring BETWEEN DynamicValue(RS_10_srcpart_small_n3_key1_min) AND DynamicValue(RS_10_srcpart_small_n3_key1_max) and in_bloom_filter(cstring, DynamicValue(RS_10_srcpart_small_n3_key1_bloom_filter))) and (cstring BETWEEN DynamicValue(RS_9_srcpart_date_n7_key_min) AND DynamicValue(RS_9_srcpart_date_n7_key_max) and in_bloom_filter(cstring, DynamicValue(RS_9_srcpart_date_n7_key_bloom_filter))) and cstring is not null) (type: boolean)
                    Statistics: Num rows: 9174 Data size: 643900 Basic stats: COMPLETE Column stats: COMPLETE
                    Select Operator
                      expressions: cstring (type: string)
                      outputColumnNames: _col0
                      Statistics: Num rows: 9174 Data size: 643900 Basic stats: COMPLETE Column stats: COMPLETE
                      Reduce Output Operator
                        key expressions: _col0 (type: string)
                        sort order: +
                        Map-reduce partition columns: _col0 (type: string)
                        Statistics: Num rows: 9174 Data size: 643900 Basic stats: COMPLETE Column stats: COMPLETE
            Execution mode: vectorized, llap
            LLAP IO: all inputs
        Reducer 2 
            Execution mode: llap
            Reduce Operator Tree:
              Merge Join Operator
                condition map:
                     Inner Join 0 to 1
                     Inner Join 1 to 2
                keys:
                  0 _col0 (type: string)
                  1 _col0 (type: string)
                  2 _col0 (type: string)
                Statistics: Num rows: 20182 Data size: 1416580 Basic stats: PARTIAL Column stats: NONE
                Group By Operator
                  aggregations: count()
                  mode: hash
                  outputColumnNames: _col0
                  Statistics: Num rows: 1 Data size: 8 Basic stats: PARTIAL Column stats: NONE
                  Reduce Output Operator
                    sort order: 
                    Statistics: Num rows: 1 Data size: 8 Basic stats: PARTIAL Column stats: NONE
                    value expressions: _col0 (type: bigint)
        Reducer 3 
            Execution mode: vectorized, llap
            Reduce Operator Tree:
              Group By Operator
                aggregations: count(VALUE._col0)
                mode: mergepartial
                outputColumnNames: _col0
                Statistics: Num rows: 1 Data size: 8 Basic stats: PARTIAL Column stats: NONE
                File Output Operator
                  compressed: false
                  Statistics: Num rows: 1 Data size: 8 Basic stats: PARTIAL Column stats: NONE
                  table:
                      input format: org.apache.hadoop.mapred.SequenceFileInputFormat
                      output format: org.apache.hadoop.hive.ql.io.HiveSequenceFileOutputFormat
                      serde: org.apache.hadoop.hive.serde2.lazy.LazySimpleSerDe
        Reducer 4 
            Execution mode: vectorized, llap
            Reduce Operator Tree:
              Group By Operator
                aggregations: min(VALUE._col0), max(VALUE._col1), bloom_filter(VALUE._col2, expectedEntries=316)
                mode: final
                outputColumnNames: _col0, _col1, _col2
                Statistics: Num rows: 1 Data size: 552 Basic stats: COMPLETE Column stats: COMPLETE
                Reduce Output Operator
                  sort order: 
                  Statistics: Num rows: 1 Data size: 552 Basic stats: COMPLETE Column stats: COMPLETE
                  value expressions: _col0 (type: string), _col1 (type: string), _col2 (type: binary)
        Reducer 6 
            Execution mode: vectorized, llap
            Reduce Operator Tree:
              Group By Operator
                aggregations: min(VALUE._col0), max(VALUE._col1), bloom_filter(VALUE._col2, expectedEntries=20)
                mode: final
                outputColumnNames: _col0, _col1, _col2
                Statistics: Num rows: 1 Data size: 639 Basic stats: PARTIAL Column stats: PARTIAL
                Reduce Output Operator
                  sort order: 
                  Statistics: Num rows: 1 Data size: 639 Basic stats: PARTIAL Column stats: PARTIAL
                  value expressions: _col0 (type: string), _col1 (type: string), _col2 (type: binary)
                Reduce Output Operator
                  sort order: 
                  Statistics: Num rows: 1 Data size: 639 Basic stats: PARTIAL Column stats: PARTIAL
                  value expressions: _col0 (type: string), _col1 (type: string), _col2 (type: binary)

  Stage: Stage-0
    Fetch Operator
      limit: -1
      Processor Tree:
        ListSink

PREHOOK: query: select count(*) from srcpart_date_n7 join srcpart_small_n3 on (srcpart_date_n7.key = srcpart_small_n3.key1) join alltypesorc_int_n1 on (srcpart_small_n3.key1 = alltypesorc_int_n1.cstring)
PREHOOK: type: QUERY
PREHOOK: Input: default@alltypesorc_int_n1
PREHOOK: Input: default@srcpart_date_n7
PREHOOK: Input: default@srcpart_date_n7@ds=2008-04-08
PREHOOK: Input: default@srcpart_date_n7@ds=2008-04-09
PREHOOK: Input: default@srcpart_small_n3
PREHOOK: Input: default@srcpart_small_n3@ds=2008-04-08
PREHOOK: Input: default@srcpart_small_n3@ds=2008-04-09
#### A masked pattern was here ####
POSTHOOK: query: select count(*) from srcpart_date_n7 join srcpart_small_n3 on (srcpart_date_n7.key = srcpart_small_n3.key1) join alltypesorc_int_n1 on (srcpart_small_n3.key1 = alltypesorc_int_n1.cstring)
POSTHOOK: type: QUERY
POSTHOOK: Input: default@alltypesorc_int_n1
POSTHOOK: Input: default@srcpart_date_n7
POSTHOOK: Input: default@srcpart_date_n7@ds=2008-04-08
POSTHOOK: Input: default@srcpart_date_n7@ds=2008-04-09
POSTHOOK: Input: default@srcpart_small_n3
POSTHOOK: Input: default@srcpart_small_n3@ds=2008-04-08
POSTHOOK: Input: default@srcpart_small_n3@ds=2008-04-09
#### A masked pattern was here ####
0
PREHOOK: query: EXPLAIN select count(*) from srcpart_date_n7 join srcpart_small_n3 on (srcpart_date_n7.key = srcpart_small_n3.key1 and srcpart_date_n7.value = srcpart_small_n3.value1)
PREHOOK: type: QUERY
POSTHOOK: query: EXPLAIN select count(*) from srcpart_date_n7 join srcpart_small_n3 on (srcpart_date_n7.key = srcpart_small_n3.key1 and srcpart_date_n7.value = srcpart_small_n3.value1)
POSTHOOK: type: QUERY
STAGE DEPENDENCIES:
  Stage-1 is a root stage
  Stage-0 depends on stages: Stage-1

STAGE PLANS:
  Stage: Stage-1
    Tez
#### A masked pattern was here ####
      Edges:
        Reducer 2 <- Map 1 (SIMPLE_EDGE), Map 4 (SIMPLE_EDGE)
        Reducer 3 <- Reducer 2 (CUSTOM_SIMPLE_EDGE)
#### A masked pattern was here ####
      Vertices:
        Map 1 
            Map Operator Tree:
                TableScan
                  alias: srcpart_date_n7
                  filterExpr: (key is not null and value is not null) (type: boolean)
                  Statistics: Num rows: 2000 Data size: 356000 Basic stats: COMPLETE Column stats: COMPLETE
                  Filter Operator
                    predicate: (key is not null and value is not null) (type: boolean)
                    Statistics: Num rows: 2000 Data size: 356000 Basic stats: COMPLETE Column stats: COMPLETE
                    Select Operator
                      expressions: key (type: string), value (type: string)
                      outputColumnNames: _col0, _col1
                      Statistics: Num rows: 2000 Data size: 356000 Basic stats: COMPLETE Column stats: COMPLETE
                      Reduce Output Operator
                        key expressions: _col0 (type: string), _col1 (type: string)
                        sort order: ++
                        Map-reduce partition columns: _col0 (type: string), _col1 (type: string)
                        Statistics: Num rows: 2000 Data size: 356000 Basic stats: COMPLETE Column stats: COMPLETE
            Execution mode: vectorized, llap
            LLAP IO: all inputs
        Map 4 
            Map Operator Tree:
                TableScan
                  alias: srcpart_small_n3
                  filterExpr: (key1 is not null and value1 is not null) (type: boolean)
                  Statistics: Num rows: 20 Data size: 3560 Basic stats: PARTIAL Column stats: PARTIAL
                  Filter Operator
                    predicate: (key1 is not null and value1 is not null) (type: boolean)
                    Statistics: Num rows: 20 Data size: 3560 Basic stats: PARTIAL Column stats: PARTIAL
                    Select Operator
                      expressions: key1 (type: string), value1 (type: string)
                      outputColumnNames: _col0, _col1
                      Statistics: Num rows: 20 Data size: 3560 Basic stats: PARTIAL Column stats: PARTIAL
                      Reduce Output Operator
                        key expressions: _col0 (type: string), _col1 (type: string)
                        sort order: ++
                        Map-reduce partition columns: _col0 (type: string), _col1 (type: string)
                        Statistics: Num rows: 20 Data size: 3560 Basic stats: PARTIAL Column stats: PARTIAL
            Execution mode: vectorized, llap
            LLAP IO: all inputs
        Reducer 2 
            Execution mode: llap
            Reduce Operator Tree:
              Merge Join Operator
                condition map:
                     Inner Join 0 to 1
                keys:
                  0 _col0 (type: string), _col1 (type: string)
                  1 _col0 (type: string), _col1 (type: string)
                Statistics: Num rows: 2200 Data size: 391600 Basic stats: PARTIAL Column stats: NONE
                Group By Operator
                  aggregations: count()
                  mode: hash
                  outputColumnNames: _col0
                  Statistics: Num rows: 1 Data size: 8 Basic stats: PARTIAL Column stats: NONE
                  Reduce Output Operator
                    sort order: 
                    Statistics: Num rows: 1 Data size: 8 Basic stats: PARTIAL Column stats: NONE
                    value expressions: _col0 (type: bigint)
        Reducer 3 
            Execution mode: vectorized, llap
            Reduce Operator Tree:
              Group By Operator
                aggregations: count(VALUE._col0)
                mode: mergepartial
                outputColumnNames: _col0
                Statistics: Num rows: 1 Data size: 8 Basic stats: PARTIAL Column stats: NONE
                File Output Operator
                  compressed: false
                  Statistics: Num rows: 1 Data size: 8 Basic stats: PARTIAL Column stats: NONE
                  table:
                      input format: org.apache.hadoop.mapred.SequenceFileInputFormat
                      output format: org.apache.hadoop.hive.ql.io.HiveSequenceFileOutputFormat
                      serde: org.apache.hadoop.hive.serde2.lazy.LazySimpleSerDe

  Stage: Stage-0
    Fetch Operator
      limit: -1
      Processor Tree:
        ListSink

PREHOOK: query: select count(*) from srcpart_date_n7 join srcpart_small_n3 on (srcpart_date_n7.key = srcpart_small_n3.key1 and srcpart_date_n7.value = srcpart_small_n3.value1)
PREHOOK: type: QUERY
PREHOOK: Input: default@srcpart_date_n7
PREHOOK: Input: default@srcpart_date_n7@ds=2008-04-08
PREHOOK: Input: default@srcpart_date_n7@ds=2008-04-09
PREHOOK: Input: default@srcpart_small_n3
PREHOOK: Input: default@srcpart_small_n3@ds=2008-04-08
PREHOOK: Input: default@srcpart_small_n3@ds=2008-04-09
#### A masked pattern was here ####
POSTHOOK: query: select count(*) from srcpart_date_n7 join srcpart_small_n3 on (srcpart_date_n7.key = srcpart_small_n3.key1 and srcpart_date_n7.value = srcpart_small_n3.value1)
POSTHOOK: type: QUERY
POSTHOOK: Input: default@srcpart_date_n7
POSTHOOK: Input: default@srcpart_date_n7@ds=2008-04-08
POSTHOOK: Input: default@srcpart_date_n7@ds=2008-04-09
POSTHOOK: Input: default@srcpart_small_n3
POSTHOOK: Input: default@srcpart_small_n3@ds=2008-04-08
POSTHOOK: Input: default@srcpart_small_n3@ds=2008-04-09
#### A masked pattern was here ####
176
PREHOOK: query: EXPLAIN select count(*) from srcpart_date_n7 join srcpart_small_n3 on (srcpart_date_n7.key = srcpart_small_n3.key1 and srcpart_date_n7.value = srcpart_small_n3.value1)
PREHOOK: type: QUERY
POSTHOOK: query: EXPLAIN select count(*) from srcpart_date_n7 join srcpart_small_n3 on (srcpart_date_n7.key = srcpart_small_n3.key1 and srcpart_date_n7.value = srcpart_small_n3.value1)
POSTHOOK: type: QUERY
STAGE DEPENDENCIES:
  Stage-1 is a root stage
  Stage-0 depends on stages: Stage-1

STAGE PLANS:
  Stage: Stage-1
    Tez
#### A masked pattern was here ####
      Edges:
        Map 1 <- Reducer 5 (BROADCAST_EDGE), Reducer 6 (BROADCAST_EDGE)
        Reducer 2 <- Map 1 (SIMPLE_EDGE), Map 4 (SIMPLE_EDGE)
        Reducer 3 <- Reducer 2 (CUSTOM_SIMPLE_EDGE)
        Reducer 5 <- Map 4 (CUSTOM_SIMPLE_EDGE)
        Reducer 6 <- Map 4 (CUSTOM_SIMPLE_EDGE)
#### A masked pattern was here ####
      Vertices:
        Map 1 
            Map Operator Tree:
                TableScan
                  alias: srcpart_date_n7
                  filterExpr: (key is not null and value is not null and (key BETWEEN DynamicValue(RS_7_srcpart_small_n3_key1_min) AND DynamicValue(RS_7_srcpart_small_n3_key1_max) and in_bloom_filter(key, DynamicValue(RS_7_srcpart_small_n3_key1_bloom_filter))) and (value BETWEEN DynamicValue(RS_7_srcpart_small_n3_value1_min) AND DynamicValue(RS_7_srcpart_small_n3_value1_max) and in_bloom_filter(value, DynamicValue(RS_7_srcpart_small_n3_value1_bloom_filter)))) (type: boolean)
                  Statistics: Num rows: 2000 Data size: 356000 Basic stats: COMPLETE Column stats: COMPLETE
                  Filter Operator
                    predicate: ((key BETWEEN DynamicValue(RS_7_srcpart_small_n3_key1_min) AND DynamicValue(RS_7_srcpart_small_n3_key1_max) and in_bloom_filter(key, DynamicValue(RS_7_srcpart_small_n3_key1_bloom_filter))) and (value BETWEEN DynamicValue(RS_7_srcpart_small_n3_value1_min) AND DynamicValue(RS_7_srcpart_small_n3_value1_max) and in_bloom_filter(value, DynamicValue(RS_7_srcpart_small_n3_value1_bloom_filter))) and key is not null and value is not null) (type: boolean)
                    Statistics: Num rows: 2000 Data size: 356000 Basic stats: COMPLETE Column stats: COMPLETE
                    Select Operator
                      expressions: key (type: string), value (type: string)
                      outputColumnNames: _col0, _col1
                      Statistics: Num rows: 2000 Data size: 356000 Basic stats: COMPLETE Column stats: COMPLETE
                      Reduce Output Operator
                        key expressions: _col0 (type: string), _col1 (type: string)
                        sort order: ++
                        Map-reduce partition columns: _col0 (type: string), _col1 (type: string)
                        Statistics: Num rows: 2000 Data size: 356000 Basic stats: COMPLETE Column stats: COMPLETE
            Execution mode: vectorized, llap
            LLAP IO: all inputs
        Map 4 
            Map Operator Tree:
                TableScan
                  alias: srcpart_small_n3
                  filterExpr: (key1 is not null and value1 is not null) (type: boolean)
                  Statistics: Num rows: 20 Data size: 3560 Basic stats: PARTIAL Column stats: PARTIAL
                  Filter Operator
                    predicate: (key1 is not null and value1 is not null) (type: boolean)
                    Statistics: Num rows: 20 Data size: 3560 Basic stats: PARTIAL Column stats: PARTIAL
                    Select Operator
                      expressions: key1 (type: string), value1 (type: string)
                      outputColumnNames: _col0, _col1
                      Statistics: Num rows: 20 Data size: 3560 Basic stats: PARTIAL Column stats: PARTIAL
                      Reduce Output Operator
                        key expressions: _col0 (type: string), _col1 (type: string)
                        sort order: ++
                        Map-reduce partition columns: _col0 (type: string), _col1 (type: string)
                        Statistics: Num rows: 20 Data size: 3560 Basic stats: PARTIAL Column stats: PARTIAL
                      Select Operator
                        expressions: _col0 (type: string)
                        outputColumnNames: _col0
                        Statistics: Num rows: 20 Data size: 3560 Basic stats: PARTIAL Column stats: PARTIAL
                        Group By Operator
                          aggregations: min(_col0), max(_col0), bloom_filter(_col0, expectedEntries=20)
                          mode: hash
                          outputColumnNames: _col0, _col1, _col2
                          Statistics: Num rows: 1 Data size: 730 Basic stats: PARTIAL Column stats: PARTIAL
                          Reduce Output Operator
                            sort order: 
                            Statistics: Num rows: 1 Data size: 730 Basic stats: PARTIAL Column stats: PARTIAL
                            value expressions: _col0 (type: string), _col1 (type: string), _col2 (type: binary)
                      Select Operator
                        expressions: _col1 (type: string)
                        outputColumnNames: _col0
                        Statistics: Num rows: 20 Data size: 3560 Basic stats: PARTIAL Column stats: PARTIAL
                        Group By Operator
                          aggregations: min(_col0), max(_col0), bloom_filter(_col0, expectedEntries=20)
                          mode: hash
                          outputColumnNames: _col0, _col1, _col2
                          Statistics: Num rows: 1 Data size: 730 Basic stats: PARTIAL Column stats: PARTIAL
                          Reduce Output Operator
                            sort order: 
                            Statistics: Num rows: 1 Data size: 730 Basic stats: PARTIAL Column stats: PARTIAL
                            value expressions: _col0 (type: string), _col1 (type: string), _col2 (type: binary)
            Execution mode: vectorized, llap
            LLAP IO: all inputs
        Reducer 2 
            Execution mode: llap
            Reduce Operator Tree:
              Merge Join Operator
                condition map:
                     Inner Join 0 to 1
                keys:
                  0 _col0 (type: string), _col1 (type: string)
                  1 _col0 (type: string), _col1 (type: string)
                Statistics: Num rows: 2200 Data size: 391600 Basic stats: PARTIAL Column stats: NONE
                Group By Operator
                  aggregations: count()
                  mode: hash
                  outputColumnNames: _col0
                  Statistics: Num rows: 1 Data size: 8 Basic stats: PARTIAL Column stats: NONE
                  Reduce Output Operator
                    sort order: 
                    Statistics: Num rows: 1 Data size: 8 Basic stats: PARTIAL Column stats: NONE
                    value expressions: _col0 (type: bigint)
        Reducer 3 
            Execution mode: vectorized, llap
            Reduce Operator Tree:
              Group By Operator
                aggregations: count(VALUE._col0)
                mode: mergepartial
                outputColumnNames: _col0
                Statistics: Num rows: 1 Data size: 8 Basic stats: PARTIAL Column stats: NONE
                File Output Operator
                  compressed: false
                  Statistics: Num rows: 1 Data size: 8 Basic stats: PARTIAL Column stats: NONE
                  table:
                      input format: org.apache.hadoop.mapred.SequenceFileInputFormat
                      output format: org.apache.hadoop.hive.ql.io.HiveSequenceFileOutputFormat
                      serde: org.apache.hadoop.hive.serde2.lazy.LazySimpleSerDe
        Reducer 5 
            Execution mode: vectorized, llap
            Reduce Operator Tree:
              Group By Operator
                aggregations: min(VALUE._col0), max(VALUE._col1), bloom_filter(VALUE._col2, expectedEntries=20)
                mode: final
                outputColumnNames: _col0, _col1, _col2
                Statistics: Num rows: 1 Data size: 730 Basic stats: PARTIAL Column stats: PARTIAL
                Reduce Output Operator
                  sort order: 
                  Statistics: Num rows: 1 Data size: 730 Basic stats: PARTIAL Column stats: PARTIAL
                  value expressions: _col0 (type: string), _col1 (type: string), _col2 (type: binary)
        Reducer 6 
            Execution mode: vectorized, llap
            Reduce Operator Tree:
              Group By Operator
                aggregations: min(VALUE._col0), max(VALUE._col1), bloom_filter(VALUE._col2, expectedEntries=20)
                mode: final
                outputColumnNames: _col0, _col1, _col2
                Statistics: Num rows: 1 Data size: 730 Basic stats: PARTIAL Column stats: PARTIAL
                Reduce Output Operator
                  sort order: 
                  Statistics: Num rows: 1 Data size: 730 Basic stats: PARTIAL Column stats: PARTIAL
                  value expressions: _col0 (type: string), _col1 (type: string), _col2 (type: binary)

  Stage: Stage-0
    Fetch Operator
      limit: -1
      Processor Tree:
        ListSink

PREHOOK: query: select count(*) from srcpart_date_n7 join srcpart_small_n3 on (srcpart_date_n7.key = srcpart_small_n3.key1 and srcpart_date_n7.value = srcpart_small_n3.value1)
PREHOOK: type: QUERY
PREHOOK: Input: default@srcpart_date_n7
PREHOOK: Input: default@srcpart_date_n7@ds=2008-04-08
PREHOOK: Input: default@srcpart_date_n7@ds=2008-04-09
PREHOOK: Input: default@srcpart_small_n3
PREHOOK: Input: default@srcpart_small_n3@ds=2008-04-08
PREHOOK: Input: default@srcpart_small_n3@ds=2008-04-09
#### A masked pattern was here ####
POSTHOOK: query: select count(*) from srcpart_date_n7 join srcpart_small_n3 on (srcpart_date_n7.key = srcpart_small_n3.key1 and srcpart_date_n7.value = srcpart_small_n3.value1)
POSTHOOK: type: QUERY
POSTHOOK: Input: default@srcpart_date_n7
POSTHOOK: Input: default@srcpart_date_n7@ds=2008-04-08
POSTHOOK: Input: default@srcpart_date_n7@ds=2008-04-09
POSTHOOK: Input: default@srcpart_small_n3
POSTHOOK: Input: default@srcpart_small_n3@ds=2008-04-08
POSTHOOK: Input: default@srcpart_small_n3@ds=2008-04-09
#### A masked pattern was here ####
176
PREHOOK: query: EXPLAIN select count(*) from srcpart_date_n7 join srcpart_small_n3 on (srcpart_date_n7.key = srcpart_small_n3.key1) join alltypesorc_int_n1 on (srcpart_date_n7.value = alltypesorc_int_n1.cstring)
PREHOOK: type: QUERY
POSTHOOK: query: EXPLAIN select count(*) from srcpart_date_n7 join srcpart_small_n3 on (srcpart_date_n7.key = srcpart_small_n3.key1) join alltypesorc_int_n1 on (srcpart_date_n7.value = alltypesorc_int_n1.cstring)
POSTHOOK: type: QUERY
STAGE DEPENDENCIES:
  Stage-1 is a root stage
  Stage-0 depends on stages: Stage-1

STAGE PLANS:
  Stage: Stage-1
    Tez
#### A masked pattern was here ####
      Edges:
        Reducer 2 <- Map 1 (SIMPLE_EDGE), Map 5 (SIMPLE_EDGE)
        Reducer 3 <- Map 6 (SIMPLE_EDGE), Reducer 2 (SIMPLE_EDGE)
        Reducer 4 <- Reducer 3 (CUSTOM_SIMPLE_EDGE)
#### A masked pattern was here ####
      Vertices:
        Map 1 
            Map Operator Tree:
                TableScan
                  alias: srcpart_date_n7
                  filterExpr: (key is not null and value is not null) (type: boolean)
                  Statistics: Num rows: 2000 Data size: 356000 Basic stats: COMPLETE Column stats: COMPLETE
                  Filter Operator
                    predicate: (key is not null and value is not null) (type: boolean)
                    Statistics: Num rows: 2000 Data size: 356000 Basic stats: COMPLETE Column stats: COMPLETE
                    Select Operator
                      expressions: key (type: string), value (type: string)
                      outputColumnNames: _col0, _col1
                      Statistics: Num rows: 2000 Data size: 356000 Basic stats: COMPLETE Column stats: COMPLETE
                      Reduce Output Operator
                        key expressions: _col0 (type: string)
                        sort order: +
                        Map-reduce partition columns: _col0 (type: string)
                        Statistics: Num rows: 2000 Data size: 356000 Basic stats: COMPLETE Column stats: COMPLETE
                        value expressions: _col1 (type: string)
            Execution mode: vectorized, llap
            LLAP IO: all inputs
        Map 5 
            Map Operator Tree:
                TableScan
                  alias: srcpart_small_n3
                  filterExpr: key1 is not null (type: boolean)
                  Statistics: Num rows: 20 Data size: 1740 Basic stats: PARTIAL Column stats: PARTIAL
                  Filter Operator
                    predicate: key1 is not null (type: boolean)
                    Statistics: Num rows: 20 Data size: 1740 Basic stats: PARTIAL Column stats: PARTIAL
                    Select Operator
                      expressions: key1 (type: string)
                      outputColumnNames: _col0
                      Statistics: Num rows: 20 Data size: 1740 Basic stats: PARTIAL Column stats: PARTIAL
                      Reduce Output Operator
                        key expressions: _col0 (type: string)
                        sort order: +
                        Map-reduce partition columns: _col0 (type: string)
                        Statistics: Num rows: 20 Data size: 1740 Basic stats: PARTIAL Column stats: PARTIAL
            Execution mode: vectorized, llap
            LLAP IO: all inputs
        Map 6 
            Map Operator Tree:
                TableScan
                  alias: alltypesorc_int_n1
                  filterExpr: cstring is not null (type: boolean)
                  Statistics: Num rows: 12288 Data size: 862450 Basic stats: COMPLETE Column stats: COMPLETE
                  Filter Operator
                    predicate: cstring is not null (type: boolean)
                    Statistics: Num rows: 9174 Data size: 643900 Basic stats: COMPLETE Column stats: COMPLETE
                    Select Operator
                      expressions: cstring (type: string)
                      outputColumnNames: _col0
                      Statistics: Num rows: 9174 Data size: 643900 Basic stats: COMPLETE Column stats: COMPLETE
                      Reduce Output Operator
                        key expressions: _col0 (type: string)
                        sort order: +
                        Map-reduce partition columns: _col0 (type: string)
                        Statistics: Num rows: 9174 Data size: 643900 Basic stats: COMPLETE Column stats: COMPLETE
            Execution mode: vectorized, llap
            LLAP IO: all inputs
        Reducer 2 
            Execution mode: llap
            Reduce Operator Tree:
              Merge Join Operator
                condition map:
                     Inner Join 0 to 1
                keys:
                  0 _col0 (type: string)
                  1 _col0 (type: string)
                outputColumnNames: _col1
                Statistics: Num rows: 2200 Data size: 391600 Basic stats: PARTIAL Column stats: NONE
                Reduce Output Operator
                  key expressions: _col1 (type: string)
                  sort order: +
                  Map-reduce partition columns: _col1 (type: string)
                  Statistics: Num rows: 2200 Data size: 391600 Basic stats: PARTIAL Column stats: NONE
        Reducer 3 
            Execution mode: llap
            Reduce Operator Tree:
              Merge Join Operator
                condition map:
                     Inner Join 0 to 1
                keys:
                  0 _col1 (type: string)
                  1 _col0 (type: string)
                Statistics: Num rows: 10091 Data size: 708290 Basic stats: PARTIAL Column stats: NONE
                Group By Operator
                  aggregations: count()
                  mode: hash
                  outputColumnNames: _col0
                  Statistics: Num rows: 1 Data size: 8 Basic stats: PARTIAL Column stats: NONE
                  Reduce Output Operator
                    sort order: 
                    Statistics: Num rows: 1 Data size: 8 Basic stats: PARTIAL Column stats: NONE
                    value expressions: _col0 (type: bigint)
        Reducer 4 
            Execution mode: vectorized, llap
            Reduce Operator Tree:
              Group By Operator
                aggregations: count(VALUE._col0)
                mode: mergepartial
                outputColumnNames: _col0
                Statistics: Num rows: 1 Data size: 8 Basic stats: PARTIAL Column stats: NONE
                File Output Operator
                  compressed: false
                  Statistics: Num rows: 1 Data size: 8 Basic stats: PARTIAL Column stats: NONE
                  table:
                      input format: org.apache.hadoop.mapred.SequenceFileInputFormat
                      output format: org.apache.hadoop.hive.ql.io.HiveSequenceFileOutputFormat
                      serde: org.apache.hadoop.hive.serde2.lazy.LazySimpleSerDe

  Stage: Stage-0
    Fetch Operator
      limit: -1
      Processor Tree:
        ListSink

PREHOOK: query: select count(*) from srcpart_date_n7 join srcpart_small_n3 on (srcpart_date_n7.key = srcpart_small_n3.key1) join alltypesorc_int_n1 on (srcpart_date_n7.value = alltypesorc_int_n1.cstring)
PREHOOK: type: QUERY
PREHOOK: Input: default@alltypesorc_int_n1
PREHOOK: Input: default@srcpart_date_n7
PREHOOK: Input: default@srcpart_date_n7@ds=2008-04-08
PREHOOK: Input: default@srcpart_date_n7@ds=2008-04-09
PREHOOK: Input: default@srcpart_small_n3
PREHOOK: Input: default@srcpart_small_n3@ds=2008-04-08
PREHOOK: Input: default@srcpart_small_n3@ds=2008-04-09
#### A masked pattern was here ####
POSTHOOK: query: select count(*) from srcpart_date_n7 join srcpart_small_n3 on (srcpart_date_n7.key = srcpart_small_n3.key1) join alltypesorc_int_n1 on (srcpart_date_n7.value = alltypesorc_int_n1.cstring)
POSTHOOK: type: QUERY
POSTHOOK: Input: default@alltypesorc_int_n1
POSTHOOK: Input: default@srcpart_date_n7
POSTHOOK: Input: default@srcpart_date_n7@ds=2008-04-08
POSTHOOK: Input: default@srcpart_date_n7@ds=2008-04-09
POSTHOOK: Input: default@srcpart_small_n3
POSTHOOK: Input: default@srcpart_small_n3@ds=2008-04-08
POSTHOOK: Input: default@srcpart_small_n3@ds=2008-04-09
#### A masked pattern was here ####
0
PREHOOK: query: EXPLAIN select count(*) from srcpart_date_n7 join srcpart_small_n3 on (srcpart_date_n7.key = srcpart_small_n3.key1) join alltypesorc_int_n1 on (srcpart_date_n7.value = alltypesorc_int_n1.cstring)
PREHOOK: type: QUERY
POSTHOOK: query: EXPLAIN select count(*) from srcpart_date_n7 join srcpart_small_n3 on (srcpart_date_n7.key = srcpart_small_n3.key1) join alltypesorc_int_n1 on (srcpart_date_n7.value = alltypesorc_int_n1.cstring)
POSTHOOK: type: QUERY
STAGE DEPENDENCIES:
  Stage-1 is a root stage
  Stage-0 depends on stages: Stage-1

STAGE PLANS:
  Stage: Stage-1
    Tez
#### A masked pattern was here ####
      Edges:
        Map 1 <- Reducer 7 (BROADCAST_EDGE)
        Map 8 <- Reducer 5 (BROADCAST_EDGE)
        Reducer 2 <- Map 1 (SIMPLE_EDGE), Map 6 (SIMPLE_EDGE)
        Reducer 3 <- Map 8 (SIMPLE_EDGE), Reducer 2 (SIMPLE_EDGE)
        Reducer 4 <- Reducer 3 (CUSTOM_SIMPLE_EDGE)
        Reducer 5 <- Reducer 2 (CUSTOM_SIMPLE_EDGE)
        Reducer 7 <- Map 6 (CUSTOM_SIMPLE_EDGE)
#### A masked pattern was here ####
      Vertices:
        Map 1 
            Map Operator Tree:
                TableScan
                  alias: srcpart_date_n7
                  filterExpr: (key is not null and value is not null and (key BETWEEN DynamicValue(RS_10_srcpart_small_n3_key1_min) AND DynamicValue(RS_10_srcpart_small_n3_key1_max) and in_bloom_filter(key, DynamicValue(RS_10_srcpart_small_n3_key1_bloom_filter)))) (type: boolean)
                  Statistics: Num rows: 2000 Data size: 356000 Basic stats: COMPLETE Column stats: COMPLETE
                  Filter Operator
                    predicate: ((key BETWEEN DynamicValue(RS_10_srcpart_small_n3_key1_min) AND DynamicValue(RS_10_srcpart_small_n3_key1_max) and in_bloom_filter(key, DynamicValue(RS_10_srcpart_small_n3_key1_bloom_filter))) and key is not null and value is not null) (type: boolean)
                    Statistics: Num rows: 2000 Data size: 356000 Basic stats: COMPLETE Column stats: COMPLETE
                    Select Operator
                      expressions: key (type: string), value (type: string)
                      outputColumnNames: _col0, _col1
                      Statistics: Num rows: 2000 Data size: 356000 Basic stats: COMPLETE Column stats: COMPLETE
                      Reduce Output Operator
                        key expressions: _col0 (type: string)
                        sort order: +
                        Map-reduce partition columns: _col0 (type: string)
                        Statistics: Num rows: 2000 Data size: 356000 Basic stats: COMPLETE Column stats: COMPLETE
                        value expressions: _col1 (type: string)
            Execution mode: vectorized, llap
            LLAP IO: all inputs
        Map 6 
            Map Operator Tree:
                TableScan
                  alias: srcpart_small_n3
                  filterExpr: key1 is not null (type: boolean)
                  Statistics: Num rows: 20 Data size: 1740 Basic stats: PARTIAL Column stats: PARTIAL
                  Filter Operator
                    predicate: key1 is not null (type: boolean)
                    Statistics: Num rows: 20 Data size: 1740 Basic stats: PARTIAL Column stats: PARTIAL
                    Select Operator
                      expressions: key1 (type: string)
                      outputColumnNames: _col0
                      Statistics: Num rows: 20 Data size: 1740 Basic stats: PARTIAL Column stats: PARTIAL
                      Reduce Output Operator
                        key expressions: _col0 (type: string)
                        sort order: +
                        Map-reduce partition columns: _col0 (type: string)
                        Statistics: Num rows: 20 Data size: 1740 Basic stats: PARTIAL Column stats: PARTIAL
                      Select Operator
                        expressions: _col0 (type: string)
                        outputColumnNames: _col0
                        Statistics: Num rows: 20 Data size: 1740 Basic stats: PARTIAL Column stats: PARTIAL
                        Group By Operator
                          aggregations: min(_col0), max(_col0), bloom_filter(_col0, expectedEntries=20)
                          mode: hash
                          outputColumnNames: _col0, _col1, _col2
                          Statistics: Num rows: 1 Data size: 639 Basic stats: PARTIAL Column stats: PARTIAL
                          Reduce Output Operator
                            sort order: 
                            Statistics: Num rows: 1 Data size: 639 Basic stats: PARTIAL Column stats: PARTIAL
                            value expressions: _col0 (type: string), _col1 (type: string), _col2 (type: binary)
            Execution mode: vectorized, llap
            LLAP IO: all inputs
        Map 8 
            Map Operator Tree:
                TableScan
                  alias: alltypesorc_int_n1
                  filterExpr: (cstring is not null and (cstring BETWEEN DynamicValue(RS_12_srcpart_date_n7_value_min) AND DynamicValue(RS_12_srcpart_date_n7_value_max) and in_bloom_filter(cstring, DynamicValue(RS_12_srcpart_date_n7_value_bloom_filter)))) (type: boolean)
                  Statistics: Num rows: 12288 Data size: 862450 Basic stats: COMPLETE Column stats: COMPLETE
                  Filter Operator
                    predicate: ((cstring BETWEEN DynamicValue(RS_12_srcpart_date_n7_value_min) AND DynamicValue(RS_12_srcpart_date_n7_value_max) and in_bloom_filter(cstring, DynamicValue(RS_12_srcpart_date_n7_value_bloom_filter))) and cstring is not null) (type: boolean)
                    Statistics: Num rows: 9174 Data size: 643900 Basic stats: COMPLETE Column stats: COMPLETE
                    Select Operator
                      expressions: cstring (type: string)
                      outputColumnNames: _col0
                      Statistics: Num rows: 9174 Data size: 643900 Basic stats: COMPLETE Column stats: COMPLETE
                      Reduce Output Operator
                        key expressions: _col0 (type: string)
                        sort order: +
                        Map-reduce partition columns: _col0 (type: string)
                        Statistics: Num rows: 9174 Data size: 643900 Basic stats: COMPLETE Column stats: COMPLETE
            Execution mode: vectorized, llap
            LLAP IO: all inputs
        Reducer 2 
            Execution mode: llap
            Reduce Operator Tree:
              Merge Join Operator
                condition map:
                     Inner Join 0 to 1
                keys:
                  0 _col0 (type: string)
                  1 _col0 (type: string)
                outputColumnNames: _col1
                Statistics: Num rows: 2200 Data size: 391600 Basic stats: PARTIAL Column stats: NONE
                Reduce Output Operator
                  key expressions: _col1 (type: string)
                  sort order: +
                  Map-reduce partition columns: _col1 (type: string)
                  Statistics: Num rows: 2200 Data size: 391600 Basic stats: PARTIAL Column stats: NONE
                Select Operator
                  expressions: _col1 (type: string)
                  outputColumnNames: _col0
                  Statistics: Num rows: 2200 Data size: 391600 Basic stats: PARTIAL Column stats: NONE
                  Group By Operator
                    aggregations: min(_col0), max(_col0), bloom_filter(_col0, expectedEntries=2200)
                    mode: hash
                    outputColumnNames: _col0, _col1, _col2
                    Statistics: Num rows: 1 Data size: 552 Basic stats: PARTIAL Column stats: NONE
                    Reduce Output Operator
                      sort order: 
                      Statistics: Num rows: 1 Data size: 552 Basic stats: PARTIAL Column stats: NONE
                      value expressions: _col0 (type: string), _col1 (type: string), _col2 (type: binary)
        Reducer 3 
            Execution mode: llap
            Reduce Operator Tree:
              Merge Join Operator
                condition map:
                     Inner Join 0 to 1
                keys:
                  0 _col1 (type: string)
                  1 _col0 (type: string)
                Statistics: Num rows: 10091 Data size: 708290 Basic stats: PARTIAL Column stats: NONE
                Group By Operator
                  aggregations: count()
                  mode: hash
                  outputColumnNames: _col0
                  Statistics: Num rows: 1 Data size: 8 Basic stats: PARTIAL Column stats: NONE
                  Reduce Output Operator
                    sort order: 
                    Statistics: Num rows: 1 Data size: 8 Basic stats: PARTIAL Column stats: NONE
                    value expressions: _col0 (type: bigint)
        Reducer 4 
            Execution mode: vectorized, llap
            Reduce Operator Tree:
              Group By Operator
                aggregations: count(VALUE._col0)
                mode: mergepartial
                outputColumnNames: _col0
                Statistics: Num rows: 1 Data size: 8 Basic stats: PARTIAL Column stats: NONE
                File Output Operator
                  compressed: false
                  Statistics: Num rows: 1 Data size: 8 Basic stats: PARTIAL Column stats: NONE
                  table:
                      input format: org.apache.hadoop.mapred.SequenceFileInputFormat
                      output format: org.apache.hadoop.hive.ql.io.HiveSequenceFileOutputFormat
                      serde: org.apache.hadoop.hive.serde2.lazy.LazySimpleSerDe
        Reducer 5 
            Execution mode: vectorized, llap
            Reduce Operator Tree:
              Group By Operator
                aggregations: min(VALUE._col0), max(VALUE._col1), bloom_filter(VALUE._col2, expectedEntries=2200)
                mode: final
                outputColumnNames: _col0, _col1, _col2
                Statistics: Num rows: 1 Data size: 552 Basic stats: PARTIAL Column stats: NONE
                Reduce Output Operator
                  sort order: 
                  Statistics: Num rows: 1 Data size: 552 Basic stats: PARTIAL Column stats: NONE
                  value expressions: _col0 (type: string), _col1 (type: string), _col2 (type: binary)
        Reducer 7 
            Execution mode: vectorized, llap
            Reduce Operator Tree:
              Group By Operator
                aggregations: min(VALUE._col0), max(VALUE._col1), bloom_filter(VALUE._col2, expectedEntries=20)
                mode: final
                outputColumnNames: _col0, _col1, _col2
                Statistics: Num rows: 1 Data size: 639 Basic stats: PARTIAL Column stats: PARTIAL
                Reduce Output Operator
                  sort order: 
                  Statistics: Num rows: 1 Data size: 639 Basic stats: PARTIAL Column stats: PARTIAL
                  value expressions: _col0 (type: string), _col1 (type: string), _col2 (type: binary)

  Stage: Stage-0
    Fetch Operator
      limit: -1
      Processor Tree:
        ListSink

PREHOOK: query: select count(*) from srcpart_date_n7 join srcpart_small_n3 on (srcpart_date_n7.key = srcpart_small_n3.key1) join alltypesorc_int_n1 on (srcpart_date_n7.value = alltypesorc_int_n1.cstring)
PREHOOK: type: QUERY
PREHOOK: Input: default@alltypesorc_int_n1
PREHOOK: Input: default@srcpart_date_n7
PREHOOK: Input: default@srcpart_date_n7@ds=2008-04-08
PREHOOK: Input: default@srcpart_date_n7@ds=2008-04-09
PREHOOK: Input: default@srcpart_small_n3
PREHOOK: Input: default@srcpart_small_n3@ds=2008-04-08
PREHOOK: Input: default@srcpart_small_n3@ds=2008-04-09
#### A masked pattern was here ####
POSTHOOK: query: select count(*) from srcpart_date_n7 join srcpart_small_n3 on (srcpart_date_n7.key = srcpart_small_n3.key1) join alltypesorc_int_n1 on (srcpart_date_n7.value = alltypesorc_int_n1.cstring)
POSTHOOK: type: QUERY
POSTHOOK: Input: default@alltypesorc_int_n1
POSTHOOK: Input: default@srcpart_date_n7
POSTHOOK: Input: default@srcpart_date_n7@ds=2008-04-08
POSTHOOK: Input: default@srcpart_date_n7@ds=2008-04-09
POSTHOOK: Input: default@srcpart_small_n3
POSTHOOK: Input: default@srcpart_small_n3@ds=2008-04-08
POSTHOOK: Input: default@srcpart_small_n3@ds=2008-04-09
#### A masked pattern was here ####
0
PREHOOK: query: EXPLAIN extended select count(*) from srcpart_date_n7 join srcpart_small_n3 on (srcpart_date_n7.key = srcpart_small_n3.key1)
PREHOOK: type: QUERY
POSTHOOK: query: EXPLAIN extended select count(*) from srcpart_date_n7 join srcpart_small_n3 on (srcpart_date_n7.key = srcpart_small_n3.key1)
POSTHOOK: type: QUERY
STAGE DEPENDENCIES:
  Stage-1 is a root stage
  Stage-0 depends on stages: Stage-1

STAGE PLANS:
  Stage: Stage-1
    Tez
#### A masked pattern was here ####
      Edges:
        Map 1 <- Reducer 5 (BROADCAST_EDGE)
        Reducer 2 <- Map 1 (SIMPLE_EDGE), Map 4 (SIMPLE_EDGE)
        Reducer 3 <- Reducer 2 (CUSTOM_SIMPLE_EDGE)
        Reducer 5 <- Map 4 (CUSTOM_SIMPLE_EDGE)
#### A masked pattern was here ####
      Vertices:
        Map 1 
            Map Operator Tree:
                TableScan
                  alias: srcpart_date_n7
                  filterExpr: (key is not null and (key BETWEEN DynamicValue(RS_7_srcpart_small_n3_key1_min) AND DynamicValue(RS_7_srcpart_small_n3_key1_max) and in_bloom_filter(key, DynamicValue(RS_7_srcpart_small_n3_key1_bloom_filter)))) (type: boolean)
                  Statistics: Num rows: 2000 Data size: 174000 Basic stats: COMPLETE Column stats: COMPLETE
                  GatherStats: false
                  Filter Operator
                    isSamplingPred: false
                    predicate: ((key BETWEEN DynamicValue(RS_7_srcpart_small_n3_key1_min) AND DynamicValue(RS_7_srcpart_small_n3_key1_max) and in_bloom_filter(key, DynamicValue(RS_7_srcpart_small_n3_key1_bloom_filter))) and key is not null) (type: boolean)
                    Statistics: Num rows: 2000 Data size: 174000 Basic stats: COMPLETE Column stats: COMPLETE
                    Select Operator
                      expressions: key (type: string)
                      outputColumnNames: _col0
                      Statistics: Num rows: 2000 Data size: 174000 Basic stats: COMPLETE Column stats: COMPLETE
                      Reduce Output Operator
                        key expressions: _col0 (type: string)
                        null sort order: a
                        sort order: +
                        Map-reduce partition columns: _col0 (type: string)
                        Statistics: Num rows: 2000 Data size: 174000 Basic stats: COMPLETE Column stats: COMPLETE
                        tag: 0
                        auto parallelism: true
            Execution mode: vectorized, llap
            LLAP IO: all inputs
            Path -> Alias:
#### A masked pattern was here ####
            Path -> Partition:
#### A masked pattern was here ####
                Partition
                  base file name: ds=2008-04-08
                  input format: org.apache.hadoop.hive.ql.io.orc.OrcInputFormat
                  output format: org.apache.hadoop.hive.ql.io.orc.OrcOutputFormat
                  partition values:
                    ds 2008-04-08
                  properties:
                    COLUMN_STATS_ACCURATE {"BASIC_STATS":"true","COLUMN_STATS":{"key":"true","value":"true"}}
                    bucket_count -1
#### A masked pattern was here ####
                    name default.srcpart_date_n7
                    numFiles 1
                    numRows 1000
                    partition_columns ds
                    partition_columns.types string
                    rawDataSize 176000
                    serialization.ddl struct srcpart_date_n7 { string key, string value}
                    serialization.format 1
                    serialization.lib org.apache.hadoop.hive.ql.io.orc.OrcSerde
                    totalSize 3052
#### A masked pattern was here ####
                  serde: org.apache.hadoop.hive.ql.io.orc.OrcSerde
                
                    input format: org.apache.hadoop.hive.ql.io.orc.OrcInputFormat
                    output format: org.apache.hadoop.hive.ql.io.orc.OrcOutputFormat
                    properties:
                      bucket_count -1
                      bucketing_version 2
                      column.name.delimiter ,
                      columns key,value
                      columns.comments 
                      columns.types string:string
#### A masked pattern was here ####
                      name default.srcpart_date_n7
                      partition_columns ds
                      partition_columns.types string
                      serialization.ddl struct srcpart_date_n7 { string key, string value}
                      serialization.format 1
                      serialization.lib org.apache.hadoop.hive.ql.io.orc.OrcSerde
#### A masked pattern was here ####
                    serde: org.apache.hadoop.hive.ql.io.orc.OrcSerde
                    name: default.srcpart_date_n7
                  name: default.srcpart_date_n7
#### A masked pattern was here ####
                Partition
                  base file name: ds=2008-04-09
                  input format: org.apache.hadoop.hive.ql.io.orc.OrcInputFormat
                  output format: org.apache.hadoop.hive.ql.io.orc.OrcOutputFormat
                  partition values:
                    ds 2008-04-09
                  properties:
                    COLUMN_STATS_ACCURATE {"BASIC_STATS":"true","COLUMN_STATS":{"key":"true","value":"true"}}
                    bucket_count -1
#### A masked pattern was here ####
                    name default.srcpart_date_n7
                    numFiles 1
                    numRows 1000
                    partition_columns ds
                    partition_columns.types string
                    rawDataSize 176000
                    serialization.ddl struct srcpart_date_n7 { string key, string value}
                    serialization.format 1
                    serialization.lib org.apache.hadoop.hive.ql.io.orc.OrcSerde
                    totalSize 3052
#### A masked pattern was here ####
                  serde: org.apache.hadoop.hive.ql.io.orc.OrcSerde
                
                    input format: org.apache.hadoop.hive.ql.io.orc.OrcInputFormat
                    output format: org.apache.hadoop.hive.ql.io.orc.OrcOutputFormat
                    properties:
                      bucket_count -1
                      bucketing_version 2
                      column.name.delimiter ,
                      columns key,value
                      columns.comments 
                      columns.types string:string
#### A masked pattern was here ####
                      name default.srcpart_date_n7
                      partition_columns ds
                      partition_columns.types string
                      serialization.ddl struct srcpart_date_n7 { string key, string value}
                      serialization.format 1
                      serialization.lib org.apache.hadoop.hive.ql.io.orc.OrcSerde
#### A masked pattern was here ####
                    serde: org.apache.hadoop.hive.ql.io.orc.OrcSerde
                    name: default.srcpart_date_n7
                  name: default.srcpart_date_n7
            Truncated Path -> Alias:
              /srcpart_date_n7/ds=2008-04-08 [srcpart_date_n7]
              /srcpart_date_n7/ds=2008-04-09 [srcpart_date_n7]
        Map 4 
            Map Operator Tree:
                TableScan
                  alias: srcpart_small_n3
                  filterExpr: key1 is not null (type: boolean)
                  Statistics: Num rows: 20 Data size: 1740 Basic stats: PARTIAL Column stats: PARTIAL
                  GatherStats: false
                  Filter Operator
                    isSamplingPred: false
                    predicate: key1 is not null (type: boolean)
                    Statistics: Num rows: 20 Data size: 1740 Basic stats: PARTIAL Column stats: PARTIAL
                    Select Operator
                      expressions: key1 (type: string)
                      outputColumnNames: _col0
                      Statistics: Num rows: 20 Data size: 1740 Basic stats: PARTIAL Column stats: PARTIAL
                      Reduce Output Operator
                        key expressions: _col0 (type: string)
                        null sort order: a
                        sort order: +
                        Map-reduce partition columns: _col0 (type: string)
                        Statistics: Num rows: 20 Data size: 1740 Basic stats: PARTIAL Column stats: PARTIAL
                        tag: 1
                        auto parallelism: true
                      Select Operator
                        expressions: _col0 (type: string)
                        outputColumnNames: _col0
                        Statistics: Num rows: 20 Data size: 1740 Basic stats: PARTIAL Column stats: PARTIAL
                        Group By Operator
                          aggregations: min(_col0), max(_col0), bloom_filter(_col0, expectedEntries=20)
                          mode: hash
                          outputColumnNames: _col0, _col1, _col2
                          Statistics: Num rows: 1 Data size: 639 Basic stats: PARTIAL Column stats: PARTIAL
                          Reduce Output Operator
                            null sort order: 
                            sort order: 
                            Statistics: Num rows: 1 Data size: 639 Basic stats: PARTIAL Column stats: PARTIAL
                            tag: -1
                            value expressions: _col0 (type: string), _col1 (type: string), _col2 (type: binary)
                            auto parallelism: false
                            quick start: true
            Execution mode: vectorized, llap
            LLAP IO: all inputs
            Path -> Alias:
#### A masked pattern was here ####
            Path -> Partition:
#### A masked pattern was here ####
                Partition
                  base file name: ds=2008-04-08
                  input format: org.apache.hadoop.hive.ql.io.orc.OrcInputFormat
                  output format: org.apache.hadoop.hive.ql.io.orc.OrcOutputFormat
                  partition values:
                    ds 2008-04-08
                  properties:
                    COLUMN_STATS_ACCURATE {"BASIC_STATS":"true","COLUMN_STATS":{"key1":"true","value1":"true"}}
                    bucket_count -1
#### A masked pattern was here ####
                    name default.srcpart_small_n3
                    numFiles 0
                    numRows 0
                    partition_columns ds
                    partition_columns.types string
                    rawDataSize 0
                    serialization.ddl struct srcpart_small_n3 { string key1, string value1}
                    serialization.format 1
                    serialization.lib org.apache.hadoop.hive.ql.io.orc.OrcSerde
                    totalSize 0
#### A masked pattern was here ####
                  serde: org.apache.hadoop.hive.ql.io.orc.OrcSerde
                
                    input format: org.apache.hadoop.hive.ql.io.orc.OrcInputFormat
                    output format: org.apache.hadoop.hive.ql.io.orc.OrcOutputFormat
                    properties:
                      bucket_count -1
                      bucketing_version 2
                      column.name.delimiter ,
                      columns key1,value1
                      columns.comments 
                      columns.types string:string
#### A masked pattern was here ####
                      name default.srcpart_small_n3
                      partition_columns ds
                      partition_columns.types string
                      serialization.ddl struct srcpart_small_n3 { string key1, string value1}
                      serialization.format 1
                      serialization.lib org.apache.hadoop.hive.ql.io.orc.OrcSerde
#### A masked pattern was here ####
                    serde: org.apache.hadoop.hive.ql.io.orc.OrcSerde
                    name: default.srcpart_small_n3
                  name: default.srcpart_small_n3
#### A masked pattern was here ####
                Partition
                  base file name: ds=2008-04-09
                  input format: org.apache.hadoop.hive.ql.io.orc.OrcInputFormat
                  output format: org.apache.hadoop.hive.ql.io.orc.OrcOutputFormat
                  partition values:
                    ds 2008-04-09
                  properties:
                    COLUMN_STATS_ACCURATE {"BASIC_STATS":"true","COLUMN_STATS":{"key1":"true","value1":"true"}}
                    bucket_count -1
#### A masked pattern was here ####
                    name default.srcpart_small_n3
                    numFiles 1
                    numRows 20
                    partition_columns ds
                    partition_columns.types string
                    rawDataSize 3520
                    serialization.ddl struct srcpart_small_n3 { string key1, string value1}
                    serialization.format 1
                    serialization.lib org.apache.hadoop.hive.ql.io.orc.OrcSerde
                    totalSize 469
#### A masked pattern was here ####
                  serde: org.apache.hadoop.hive.ql.io.orc.OrcSerde
                
                    input format: org.apache.hadoop.hive.ql.io.orc.OrcInputFormat
                    output format: org.apache.hadoop.hive.ql.io.orc.OrcOutputFormat
                    properties:
                      bucket_count -1
                      bucketing_version 2
                      column.name.delimiter ,
                      columns key1,value1
                      columns.comments 
                      columns.types string:string
#### A masked pattern was here ####
                      name default.srcpart_small_n3
                      partition_columns ds
                      partition_columns.types string
                      serialization.ddl struct srcpart_small_n3 { string key1, string value1}
                      serialization.format 1
                      serialization.lib org.apache.hadoop.hive.ql.io.orc.OrcSerde
#### A masked pattern was here ####
                    serde: org.apache.hadoop.hive.ql.io.orc.OrcSerde
                    name: default.srcpart_small_n3
                  name: default.srcpart_small_n3
            Truncated Path -> Alias:
              /srcpart_small_n3/ds=2008-04-08 [srcpart_small_n3]
              /srcpart_small_n3/ds=2008-04-09 [srcpart_small_n3]
        Reducer 2 
            Execution mode: llap
            Needs Tagging: false
            Reduce Operator Tree:
              Merge Join Operator
                condition map:
                     Inner Join 0 to 1
                keys:
                  0 _col0 (type: string)
                  1 _col0 (type: string)
                Position of Big Table: 0
                Statistics: Num rows: 2200 Data size: 191400 Basic stats: PARTIAL Column stats: NONE
                Group By Operator
                  aggregations: count()
                  mode: hash
                  outputColumnNames: _col0
                  Statistics: Num rows: 1 Data size: 8 Basic stats: PARTIAL Column stats: NONE
                  Reduce Output Operator
                    null sort order: 
                    sort order: 
                    Statistics: Num rows: 1 Data size: 8 Basic stats: PARTIAL Column stats: NONE
                    tag: -1
                    value expressions: _col0 (type: bigint)
                    auto parallelism: false
        Reducer 3 
            Execution mode: vectorized, llap
            Needs Tagging: false
            Reduce Operator Tree:
              Group By Operator
                aggregations: count(VALUE._col0)
                mode: mergepartial
                outputColumnNames: _col0
                Statistics: Num rows: 1 Data size: 8 Basic stats: PARTIAL Column stats: NONE
                File Output Operator
                  compressed: false
                  GlobalTableId: 0
#### A masked pattern was here ####
                  NumFilesPerFileSink: 1
                  Statistics: Num rows: 1 Data size: 8 Basic stats: PARTIAL Column stats: NONE
#### A masked pattern was here ####
                  table:
                      input format: org.apache.hadoop.mapred.SequenceFileInputFormat
                      output format: org.apache.hadoop.hive.ql.io.HiveSequenceFileOutputFormat
                      properties:
                        columns _col0
                        columns.types bigint
                        escape.delim \
                        hive.serialization.extend.additional.nesting.levels true
                        serialization.escape.crlf true
                        serialization.format 1
                        serialization.lib org.apache.hadoop.hive.serde2.lazy.LazySimpleSerDe
                      serde: org.apache.hadoop.hive.serde2.lazy.LazySimpleSerDe
                  TotalFiles: 1
                  GatherStats: false
                  MultiFileSpray: false
        Reducer 5 
            Execution mode: vectorized, llap
            Needs Tagging: false
            Reduce Operator Tree:
              Group By Operator
                aggregations: min(VALUE._col0), max(VALUE._col1), bloom_filter(VALUE._col2, expectedEntries=20)
                mode: final
                outputColumnNames: _col0, _col1, _col2
                Statistics: Num rows: 1 Data size: 639 Basic stats: PARTIAL Column stats: PARTIAL
                Reduce Output Operator
                  null sort order: 
                  sort order: 
                  Statistics: Num rows: 1 Data size: 639 Basic stats: PARTIAL Column stats: PARTIAL
                  tag: -1
                  value expressions: _col0 (type: string), _col1 (type: string), _col2 (type: binary)
                  auto parallelism: false

  Stage: Stage-0
    Fetch Operator
      limit: -1
      Processor Tree:
        ListSink

PREHOOK: query: EXPLAIN select count(*) from srcpart_date_n7 join srcpart_small_n3 on (srcpart_date_n7.key = srcpart_small_n3.key1)
PREHOOK: type: QUERY
POSTHOOK: query: EXPLAIN select count(*) from srcpart_date_n7 join srcpart_small_n3 on (srcpart_date_n7.key = srcpart_small_n3.key1)
POSTHOOK: type: QUERY
STAGE DEPENDENCIES:
  Stage-1 is a root stage
  Stage-0 depends on stages: Stage-1

STAGE PLANS:
  Stage: Stage-1
    Tez
#### A masked pattern was here ####
      Edges:
        Map 1 <- Map 3 (BROADCAST_EDGE)
        Reducer 2 <- Map 1 (CUSTOM_SIMPLE_EDGE)
#### A masked pattern was here ####
      Vertices:
        Map 1 
            Map Operator Tree:
                TableScan
                  alias: srcpart_date_n7
                  filterExpr: key is not null (type: boolean)
                  Statistics: Num rows: 2000 Data size: 174000 Basic stats: COMPLETE Column stats: COMPLETE
                  Filter Operator
                    predicate: key is not null (type: boolean)
                    Statistics: Num rows: 2000 Data size: 174000 Basic stats: COMPLETE Column stats: COMPLETE
                    Select Operator
                      expressions: key (type: string)
                      outputColumnNames: _col0
                      Statistics: Num rows: 2000 Data size: 174000 Basic stats: COMPLETE Column stats: COMPLETE
                      Map Join Operator
                        condition map:
                             Inner Join 0 to 1
                        keys:
                          0 _col0 (type: string)
                          1 _col0 (type: string)
                        input vertices:
                          1 Map 3
                        Statistics: Num rows: 2200 Data size: 191400 Basic stats: PARTIAL Column stats: NONE
                        Group By Operator
                          aggregations: count()
                          mode: hash
                          outputColumnNames: _col0
                          Statistics: Num rows: 1 Data size: 8 Basic stats: PARTIAL Column stats: NONE
                          Reduce Output Operator
                            sort order: 
                            Statistics: Num rows: 1 Data size: 8 Basic stats: PARTIAL Column stats: NONE
                            value expressions: _col0 (type: bigint)
            Execution mode: vectorized, llap
            LLAP IO: all inputs
        Map 3 
            Map Operator Tree:
                TableScan
                  alias: srcpart_small_n3
                  filterExpr: key1 is not null (type: boolean)
                  Statistics: Num rows: 20 Data size: 1740 Basic stats: PARTIAL Column stats: PARTIAL
                  Filter Operator
                    predicate: key1 is not null (type: boolean)
                    Statistics: Num rows: 20 Data size: 1740 Basic stats: PARTIAL Column stats: PARTIAL
                    Select Operator
                      expressions: key1 (type: string)
                      outputColumnNames: _col0
                      Statistics: Num rows: 20 Data size: 1740 Basic stats: PARTIAL Column stats: PARTIAL
                      Reduce Output Operator
                        key expressions: _col0 (type: string)
                        sort order: +
                        Map-reduce partition columns: _col0 (type: string)
                        Statistics: Num rows: 20 Data size: 1740 Basic stats: PARTIAL Column stats: PARTIAL
            Execution mode: vectorized, llap
            LLAP IO: all inputs
        Reducer 2 
            Execution mode: vectorized, llap
            Reduce Operator Tree:
              Group By Operator
                aggregations: count(VALUE._col0)
                mode: mergepartial
                outputColumnNames: _col0
                Statistics: Num rows: 1 Data size: 8 Basic stats: PARTIAL Column stats: NONE
                File Output Operator
                  compressed: false
                  Statistics: Num rows: 1 Data size: 8 Basic stats: PARTIAL Column stats: NONE
                  table:
                      input format: org.apache.hadoop.mapred.SequenceFileInputFormat
                      output format: org.apache.hadoop.hive.ql.io.HiveSequenceFileOutputFormat
                      serde: org.apache.hadoop.hive.serde2.lazy.LazySimpleSerDe

  Stage: Stage-0
    Fetch Operator
      limit: -1
      Processor Tree:
        ListSink

PREHOOK: query: select count(*) from srcpart_date_n7 join srcpart_small_n3 on (srcpart_date_n7.key = srcpart_small_n3.key1)
PREHOOK: type: QUERY
PREHOOK: Input: default@srcpart_date_n7
PREHOOK: Input: default@srcpart_date_n7@ds=2008-04-08
PREHOOK: Input: default@srcpart_date_n7@ds=2008-04-09
PREHOOK: Input: default@srcpart_small_n3
PREHOOK: Input: default@srcpart_small_n3@ds=2008-04-08
PREHOOK: Input: default@srcpart_small_n3@ds=2008-04-09
#### A masked pattern was here ####
POSTHOOK: query: select count(*) from srcpart_date_n7 join srcpart_small_n3 on (srcpart_date_n7.key = srcpart_small_n3.key1)
POSTHOOK: type: QUERY
POSTHOOK: Input: default@srcpart_date_n7
POSTHOOK: Input: default@srcpart_date_n7@ds=2008-04-08
POSTHOOK: Input: default@srcpart_date_n7@ds=2008-04-09
POSTHOOK: Input: default@srcpart_small_n3
POSTHOOK: Input: default@srcpart_small_n3@ds=2008-04-08
POSTHOOK: Input: default@srcpart_small_n3@ds=2008-04-09
#### A masked pattern was here ####
176
PREHOOK: query: EXPLAIN select count(*) from srcpart_date_n7 join srcpart_small_n3 on (srcpart_date_n7.key = srcpart_small_n3.key1)
PREHOOK: type: QUERY
POSTHOOK: query: EXPLAIN select count(*) from srcpart_date_n7 join srcpart_small_n3 on (srcpart_date_n7.key = srcpart_small_n3.key1)
POSTHOOK: type: QUERY
STAGE DEPENDENCIES:
  Stage-1 is a root stage
  Stage-0 depends on stages: Stage-1

STAGE PLANS:
  Stage: Stage-1
    Tez
#### A masked pattern was here ####
      Edges:
        Map 1 <- Map 3 (BROADCAST_EDGE)
        Reducer 2 <- Map 1 (CUSTOM_SIMPLE_EDGE)
#### A masked pattern was here ####
      Vertices:
        Map 1 
            Map Operator Tree:
                TableScan
                  alias: srcpart_date_n7
                  filterExpr: key is not null (type: boolean)
                  Statistics: Num rows: 2000 Data size: 174000 Basic stats: COMPLETE Column stats: COMPLETE
                  Filter Operator
                    predicate: key is not null (type: boolean)
                    Statistics: Num rows: 2000 Data size: 174000 Basic stats: COMPLETE Column stats: COMPLETE
                    Select Operator
                      expressions: key (type: string)
                      outputColumnNames: _col0
                      Statistics: Num rows: 2000 Data size: 174000 Basic stats: COMPLETE Column stats: COMPLETE
                      Map Join Operator
                        condition map:
                             Inner Join 0 to 1
                        keys:
                          0 _col0 (type: string)
                          1 _col0 (type: string)
                        input vertices:
                          1 Map 3
                        Statistics: Num rows: 2200 Data size: 191400 Basic stats: PARTIAL Column stats: NONE
                        Group By Operator
                          aggregations: count()
                          mode: hash
                          outputColumnNames: _col0
                          Statistics: Num rows: 1 Data size: 8 Basic stats: PARTIAL Column stats: NONE
                          Reduce Output Operator
                            sort order: 
                            Statistics: Num rows: 1 Data size: 8 Basic stats: PARTIAL Column stats: NONE
                            value expressions: _col0 (type: bigint)
            Execution mode: vectorized, llap
            LLAP IO: all inputs
        Map 3 
            Map Operator Tree:
                TableScan
                  alias: srcpart_small_n3
                  filterExpr: key1 is not null (type: boolean)
                  Statistics: Num rows: 20 Data size: 1740 Basic stats: PARTIAL Column stats: PARTIAL
                  Filter Operator
                    predicate: key1 is not null (type: boolean)
                    Statistics: Num rows: 20 Data size: 1740 Basic stats: PARTIAL Column stats: PARTIAL
                    Select Operator
                      expressions: key1 (type: string)
                      outputColumnNames: _col0
                      Statistics: Num rows: 20 Data size: 1740 Basic stats: PARTIAL Column stats: PARTIAL
                      Reduce Output Operator
                        key expressions: _col0 (type: string)
                        sort order: +
                        Map-reduce partition columns: _col0 (type: string)
                        Statistics: Num rows: 20 Data size: 1740 Basic stats: PARTIAL Column stats: PARTIAL
            Execution mode: vectorized, llap
            LLAP IO: all inputs
        Reducer 2 
            Execution mode: vectorized, llap
            Reduce Operator Tree:
              Group By Operator
                aggregations: count(VALUE._col0)
                mode: mergepartial
                outputColumnNames: _col0
                Statistics: Num rows: 1 Data size: 8 Basic stats: PARTIAL Column stats: NONE
                File Output Operator
                  compressed: false
                  Statistics: Num rows: 1 Data size: 8 Basic stats: PARTIAL Column stats: NONE
                  table:
                      input format: org.apache.hadoop.mapred.SequenceFileInputFormat
                      output format: org.apache.hadoop.hive.ql.io.HiveSequenceFileOutputFormat
                      serde: org.apache.hadoop.hive.serde2.lazy.LazySimpleSerDe

  Stage: Stage-0
    Fetch Operator
      limit: -1
      Processor Tree:
        ListSink

PREHOOK: query: select count(*) from srcpart_date_n7 join srcpart_small_n3 on (srcpart_date_n7.key = srcpart_small_n3.key1)
PREHOOK: type: QUERY
PREHOOK: Input: default@srcpart_date_n7
PREHOOK: Input: default@srcpart_date_n7@ds=2008-04-08
PREHOOK: Input: default@srcpart_date_n7@ds=2008-04-09
PREHOOK: Input: default@srcpart_small_n3
PREHOOK: Input: default@srcpart_small_n3@ds=2008-04-08
PREHOOK: Input: default@srcpart_small_n3@ds=2008-04-09
#### A masked pattern was here ####
POSTHOOK: query: select count(*) from srcpart_date_n7 join srcpart_small_n3 on (srcpart_date_n7.key = srcpart_small_n3.key1)
POSTHOOK: type: QUERY
POSTHOOK: Input: default@srcpart_date_n7
POSTHOOK: Input: default@srcpart_date_n7@ds=2008-04-08
POSTHOOK: Input: default@srcpart_date_n7@ds=2008-04-09
POSTHOOK: Input: default@srcpart_small_n3
POSTHOOK: Input: default@srcpart_small_n3@ds=2008-04-08
POSTHOOK: Input: default@srcpart_small_n3@ds=2008-04-09
#### A masked pattern was here ####
176
PREHOOK: query: EXPLAIN select count(*) from srcpart_date_n7 join srcpart_small_n3 on (srcpart_date_n7.key = srcpart_small_n3.key1)
PREHOOK: type: QUERY
POSTHOOK: query: EXPLAIN select count(*) from srcpart_date_n7 join srcpart_small_n3 on (srcpart_date_n7.key = srcpart_small_n3.key1)
POSTHOOK: type: QUERY
STAGE DEPENDENCIES:
  Stage-1 is a root stage
  Stage-0 depends on stages: Stage-1

STAGE PLANS:
  Stage: Stage-1
    Tez
#### A masked pattern was here ####
      Edges:
        Map 1 <- Map 3 (BROADCAST_EDGE), Reducer 4 (BROADCAST_EDGE)
        Reducer 2 <- Map 1 (CUSTOM_SIMPLE_EDGE)
        Reducer 4 <- Map 3 (CUSTOM_SIMPLE_EDGE)
#### A masked pattern was here ####
      Vertices:
        Map 1 
            Map Operator Tree:
                TableScan
                  alias: srcpart_date_n7
                  filterExpr: (key is not null and (key BETWEEN DynamicValue(RS_7_srcpart_small_n3_key1_min) AND DynamicValue(RS_7_srcpart_small_n3_key1_max) and in_bloom_filter(key, DynamicValue(RS_7_srcpart_small_n3_key1_bloom_filter)))) (type: boolean)
                  Statistics: Num rows: 2000 Data size: 174000 Basic stats: COMPLETE Column stats: COMPLETE
                  Filter Operator
                    predicate: ((key BETWEEN DynamicValue(RS_7_srcpart_small_n3_key1_min) AND DynamicValue(RS_7_srcpart_small_n3_key1_max) and in_bloom_filter(key, DynamicValue(RS_7_srcpart_small_n3_key1_bloom_filter))) and key is not null) (type: boolean)
                    Statistics: Num rows: 2000 Data size: 174000 Basic stats: COMPLETE Column stats: COMPLETE
                    Select Operator
                      expressions: key (type: string)
                      outputColumnNames: _col0
                      Statistics: Num rows: 2000 Data size: 174000 Basic stats: COMPLETE Column stats: COMPLETE
                      Map Join Operator
                        condition map:
                             Inner Join 0 to 1
                        keys:
                          0 _col0 (type: string)
                          1 _col0 (type: string)
                        input vertices:
                          1 Map 3
                        Statistics: Num rows: 2200 Data size: 191400 Basic stats: PARTIAL Column stats: NONE
                        Group By Operator
                          aggregations: count()
                          mode: hash
                          outputColumnNames: _col0
                          Statistics: Num rows: 1 Data size: 8 Basic stats: PARTIAL Column stats: NONE
                          Reduce Output Operator
                            sort order: 
                            Statistics: Num rows: 1 Data size: 8 Basic stats: PARTIAL Column stats: NONE
                            value expressions: _col0 (type: bigint)
            Execution mode: vectorized, llap
            LLAP IO: all inputs
        Map 3 
            Map Operator Tree:
                TableScan
                  alias: srcpart_small_n3
                  filterExpr: key1 is not null (type: boolean)
                  Statistics: Num rows: 20 Data size: 1740 Basic stats: PARTIAL Column stats: PARTIAL
                  Filter Operator
                    predicate: key1 is not null (type: boolean)
                    Statistics: Num rows: 20 Data size: 1740 Basic stats: PARTIAL Column stats: PARTIAL
                    Select Operator
                      expressions: key1 (type: string)
                      outputColumnNames: _col0
                      Statistics: Num rows: 20 Data size: 1740 Basic stats: PARTIAL Column stats: PARTIAL
                      Reduce Output Operator
                        key expressions: _col0 (type: string)
                        sort order: +
                        Map-reduce partition columns: _col0 (type: string)
                        Statistics: Num rows: 20 Data size: 1740 Basic stats: PARTIAL Column stats: PARTIAL
                      Select Operator
                        expressions: _col0 (type: string)
                        outputColumnNames: _col0
                        Statistics: Num rows: 20 Data size: 1740 Basic stats: PARTIAL Column stats: PARTIAL
                        Group By Operator
                          aggregations: min(_col0), max(_col0), bloom_filter(_col0, expectedEntries=20)
                          mode: hash
                          outputColumnNames: _col0, _col1, _col2
                          Statistics: Num rows: 1 Data size: 639 Basic stats: PARTIAL Column stats: PARTIAL
                          Reduce Output Operator
                            sort order: 
                            Statistics: Num rows: 1 Data size: 639 Basic stats: PARTIAL Column stats: PARTIAL
                            value expressions: _col0 (type: string), _col1 (type: string), _col2 (type: binary)
            Execution mode: vectorized, llap
            LLAP IO: all inputs
        Reducer 2 
            Execution mode: vectorized, llap
            Reduce Operator Tree:
              Group By Operator
                aggregations: count(VALUE._col0)
                mode: mergepartial
                outputColumnNames: _col0
                Statistics: Num rows: 1 Data size: 8 Basic stats: PARTIAL Column stats: NONE
                File Output Operator
                  compressed: false
                  Statistics: Num rows: 1 Data size: 8 Basic stats: PARTIAL Column stats: NONE
                  table:
                      input format: org.apache.hadoop.mapred.SequenceFileInputFormat
                      output format: org.apache.hadoop.hive.ql.io.HiveSequenceFileOutputFormat
                      serde: org.apache.hadoop.hive.serde2.lazy.LazySimpleSerDe
        Reducer 4 
            Execution mode: vectorized, llap
            Reduce Operator Tree:
              Group By Operator
                aggregations: min(VALUE._col0), max(VALUE._col1), bloom_filter(VALUE._col2, expectedEntries=20)
                mode: final
                outputColumnNames: _col0, _col1, _col2
                Statistics: Num rows: 1 Data size: 639 Basic stats: PARTIAL Column stats: PARTIAL
                Reduce Output Operator
                  sort order: 
                  Statistics: Num rows: 1 Data size: 639 Basic stats: PARTIAL Column stats: PARTIAL
                  value expressions: _col0 (type: string), _col1 (type: string), _col2 (type: binary)

  Stage: Stage-0
    Fetch Operator
      limit: -1
      Processor Tree:
        ListSink

PREHOOK: query: select count(*) from srcpart_date_n7 join srcpart_small_n3 on (srcpart_date_n7.key = srcpart_small_n3.key1)
PREHOOK: type: QUERY
PREHOOK: Input: default@srcpart_date_n7
PREHOOK: Input: default@srcpart_date_n7@ds=2008-04-08
PREHOOK: Input: default@srcpart_date_n7@ds=2008-04-09
PREHOOK: Input: default@srcpart_small_n3
PREHOOK: Input: default@srcpart_small_n3@ds=2008-04-08
PREHOOK: Input: default@srcpart_small_n3@ds=2008-04-09
#### A masked pattern was here ####
POSTHOOK: query: select count(*) from srcpart_date_n7 join srcpart_small_n3 on (srcpart_date_n7.key = srcpart_small_n3.key1)
POSTHOOK: type: QUERY
POSTHOOK: Input: default@srcpart_date_n7
POSTHOOK: Input: default@srcpart_date_n7@ds=2008-04-08
POSTHOOK: Input: default@srcpart_date_n7@ds=2008-04-09
POSTHOOK: Input: default@srcpart_small_n3
POSTHOOK: Input: default@srcpart_small_n3@ds=2008-04-08
POSTHOOK: Input: default@srcpart_small_n3@ds=2008-04-09
#### A masked pattern was here ####
176
PREHOOK: query: EXPLAIN select count(*) from srcpart_date_n7 join srcpart_small_n3 on (srcpart_date_n7.key = srcpart_small_n3.key1) join alltypesorc_int_n1 on (srcpart_date_n7.value = alltypesorc_int_n1.cstring)
PREHOOK: type: QUERY
POSTHOOK: query: EXPLAIN select count(*) from srcpart_date_n7 join srcpart_small_n3 on (srcpart_date_n7.key = srcpart_small_n3.key1) join alltypesorc_int_n1 on (srcpart_date_n7.value = alltypesorc_int_n1.cstring)
POSTHOOK: type: QUERY
STAGE DEPENDENCIES:
  Stage-1 is a root stage
  Stage-0 depends on stages: Stage-1

STAGE PLANS:
  Stage: Stage-1
    Tez
#### A masked pattern was here ####
      Edges:
        Map 1 <- Map 2 (BROADCAST_EDGE)
        Map 3 <- Map 1 (BROADCAST_EDGE)
        Reducer 4 <- Map 3 (CUSTOM_SIMPLE_EDGE)
#### A masked pattern was here ####
      Vertices:
        Map 1 
            Map Operator Tree:
                TableScan
                  alias: srcpart_date_n7
                  filterExpr: (key is not null and value is not null) (type: boolean)
                  Statistics: Num rows: 2000 Data size: 356000 Basic stats: COMPLETE Column stats: COMPLETE
                  Filter Operator
                    predicate: (key is not null and value is not null) (type: boolean)
                    Statistics: Num rows: 2000 Data size: 356000 Basic stats: COMPLETE Column stats: COMPLETE
                    Select Operator
                      expressions: key (type: string), value (type: string)
                      outputColumnNames: _col0, _col1
                      Statistics: Num rows: 2000 Data size: 356000 Basic stats: COMPLETE Column stats: COMPLETE
                      Map Join Operator
                        condition map:
                             Inner Join 0 to 1
                        keys:
                          0 _col0 (type: string)
                          1 _col0 (type: string)
                        outputColumnNames: _col1
                        input vertices:
                          1 Map 2
                        Statistics: Num rows: 2200 Data size: 391600 Basic stats: PARTIAL Column stats: NONE
                        Reduce Output Operator
                          key expressions: _col1 (type: string)
                          sort order: +
                          Map-reduce partition columns: _col1 (type: string)
                          Statistics: Num rows: 2200 Data size: 391600 Basic stats: PARTIAL Column stats: NONE
            Execution mode: vectorized, llap
            LLAP IO: all inputs
        Map 2 
            Map Operator Tree:
                TableScan
                  alias: srcpart_small_n3
                  filterExpr: key1 is not null (type: boolean)
                  Statistics: Num rows: 20 Data size: 1740 Basic stats: PARTIAL Column stats: PARTIAL
                  Filter Operator
                    predicate: key1 is not null (type: boolean)
                    Statistics: Num rows: 20 Data size: 1740 Basic stats: PARTIAL Column stats: PARTIAL
                    Select Operator
                      expressions: key1 (type: string)
                      outputColumnNames: _col0
                      Statistics: Num rows: 20 Data size: 1740 Basic stats: PARTIAL Column stats: PARTIAL
                      Reduce Output Operator
                        key expressions: _col0 (type: string)
                        sort order: +
                        Map-reduce partition columns: _col0 (type: string)
                        Statistics: Num rows: 20 Data size: 1740 Basic stats: PARTIAL Column stats: PARTIAL
            Execution mode: vectorized, llap
            LLAP IO: all inputs
        Map 3 
            Map Operator Tree:
                TableScan
                  alias: alltypesorc_int_n1
                  filterExpr: cstring is not null (type: boolean)
                  Statistics: Num rows: 12288 Data size: 862450 Basic stats: COMPLETE Column stats: COMPLETE
                  Filter Operator
                    predicate: cstring is not null (type: boolean)
                    Statistics: Num rows: 9174 Data size: 643900 Basic stats: COMPLETE Column stats: COMPLETE
                    Select Operator
                      expressions: cstring (type: string)
                      outputColumnNames: _col0
                      Statistics: Num rows: 9174 Data size: 643900 Basic stats: COMPLETE Column stats: COMPLETE
                      Map Join Operator
                        condition map:
                             Inner Join 0 to 1
                        keys:
                          0 _col1 (type: string)
                          1 _col0 (type: string)
                        input vertices:
                          0 Map 1
                        Statistics: Num rows: 10091 Data size: 708290 Basic stats: PARTIAL Column stats: NONE
                        Group By Operator
                          aggregations: count()
                          mode: hash
                          outputColumnNames: _col0
                          Statistics: Num rows: 1 Data size: 8 Basic stats: PARTIAL Column stats: NONE
                          Reduce Output Operator
                            sort order: 
                            Statistics: Num rows: 1 Data size: 8 Basic stats: PARTIAL Column stats: NONE
                            value expressions: _col0 (type: bigint)
            Execution mode: vectorized, llap
            LLAP IO: all inputs
        Reducer 4 
            Execution mode: vectorized, llap
            Reduce Operator Tree:
              Group By Operator
                aggregations: count(VALUE._col0)
                mode: mergepartial
                outputColumnNames: _col0
                Statistics: Num rows: 1 Data size: 8 Basic stats: PARTIAL Column stats: NONE
                File Output Operator
                  compressed: false
                  Statistics: Num rows: 1 Data size: 8 Basic stats: PARTIAL Column stats: NONE
                  table:
                      input format: org.apache.hadoop.mapred.SequenceFileInputFormat
                      output format: org.apache.hadoop.hive.ql.io.HiveSequenceFileOutputFormat
                      serde: org.apache.hadoop.hive.serde2.lazy.LazySimpleSerDe

  Stage: Stage-0
    Fetch Operator
      limit: -1
      Processor Tree:
        ListSink

PREHOOK: query: select count(*) from srcpart_date_n7 join srcpart_small_n3 on (srcpart_date_n7.key = srcpart_small_n3.key1) join alltypesorc_int_n1 on (srcpart_date_n7.value = alltypesorc_int_n1.cstring)
PREHOOK: type: QUERY
PREHOOK: Input: default@alltypesorc_int_n1
PREHOOK: Input: default@srcpart_date_n7
PREHOOK: Input: default@srcpart_date_n7@ds=2008-04-08
PREHOOK: Input: default@srcpart_date_n7@ds=2008-04-09
PREHOOK: Input: default@srcpart_small_n3
PREHOOK: Input: default@srcpart_small_n3@ds=2008-04-08
PREHOOK: Input: default@srcpart_small_n3@ds=2008-04-09
#### A masked pattern was here ####
POSTHOOK: query: select count(*) from srcpart_date_n7 join srcpart_small_n3 on (srcpart_date_n7.key = srcpart_small_n3.key1) join alltypesorc_int_n1 on (srcpart_date_n7.value = alltypesorc_int_n1.cstring)
POSTHOOK: type: QUERY
POSTHOOK: Input: default@alltypesorc_int_n1
POSTHOOK: Input: default@srcpart_date_n7
POSTHOOK: Input: default@srcpart_date_n7@ds=2008-04-08
POSTHOOK: Input: default@srcpart_date_n7@ds=2008-04-09
POSTHOOK: Input: default@srcpart_small_n3
POSTHOOK: Input: default@srcpart_small_n3@ds=2008-04-08
POSTHOOK: Input: default@srcpart_small_n3@ds=2008-04-09
#### A masked pattern was here ####
0
PREHOOK: query: EXPLAIN select count(*) from srcpart_date_n7 join srcpart_small_n3 on (srcpart_date_n7.key = srcpart_small_n3.key1) join alltypesorc_int_n1 on (srcpart_date_n7.value = alltypesorc_int_n1.cstring)
PREHOOK: type: QUERY
POSTHOOK: query: EXPLAIN select count(*) from srcpart_date_n7 join srcpart_small_n3 on (srcpart_date_n7.key = srcpart_small_n3.key1) join alltypesorc_int_n1 on (srcpart_date_n7.value = alltypesorc_int_n1.cstring)
POSTHOOK: type: QUERY
STAGE DEPENDENCIES:
  Stage-1 is a root stage
  Stage-0 depends on stages: Stage-1

STAGE PLANS:
  Stage: Stage-1
    Tez
#### A masked pattern was here ####
      Edges:
        Map 1 <- Map 2 (BROADCAST_EDGE)
        Map 3 <- Map 1 (BROADCAST_EDGE)
        Reducer 4 <- Map 3 (CUSTOM_SIMPLE_EDGE)
#### A masked pattern was here ####
      Vertices:
        Map 1 
            Map Operator Tree:
                TableScan
                  alias: srcpart_date_n7
                  filterExpr: (key is not null and value is not null) (type: boolean)
                  Statistics: Num rows: 2000 Data size: 356000 Basic stats: COMPLETE Column stats: COMPLETE
                  Filter Operator
                    predicate: (key is not null and value is not null) (type: boolean)
                    Statistics: Num rows: 2000 Data size: 356000 Basic stats: COMPLETE Column stats: COMPLETE
                    Select Operator
                      expressions: key (type: string), value (type: string)
                      outputColumnNames: _col0, _col1
                      Statistics: Num rows: 2000 Data size: 356000 Basic stats: COMPLETE Column stats: COMPLETE
                      Map Join Operator
                        condition map:
                             Inner Join 0 to 1
                        keys:
                          0 _col0 (type: string)
                          1 _col0 (type: string)
                        outputColumnNames: _col1
                        input vertices:
                          1 Map 2
                        Statistics: Num rows: 2200 Data size: 391600 Basic stats: PARTIAL Column stats: NONE
                        Reduce Output Operator
                          key expressions: _col1 (type: string)
                          sort order: +
                          Map-reduce partition columns: _col1 (type: string)
                          Statistics: Num rows: 2200 Data size: 391600 Basic stats: PARTIAL Column stats: NONE
            Execution mode: vectorized, llap
            LLAP IO: all inputs
        Map 2 
            Map Operator Tree:
                TableScan
                  alias: srcpart_small_n3
                  filterExpr: key1 is not null (type: boolean)
                  Statistics: Num rows: 20 Data size: 1740 Basic stats: PARTIAL Column stats: PARTIAL
                  Filter Operator
                    predicate: key1 is not null (type: boolean)
                    Statistics: Num rows: 20 Data size: 1740 Basic stats: PARTIAL Column stats: PARTIAL
                    Select Operator
                      expressions: key1 (type: string)
                      outputColumnNames: _col0
                      Statistics: Num rows: 20 Data size: 1740 Basic stats: PARTIAL Column stats: PARTIAL
                      Reduce Output Operator
                        key expressions: _col0 (type: string)
                        sort order: +
                        Map-reduce partition columns: _col0 (type: string)
                        Statistics: Num rows: 20 Data size: 1740 Basic stats: PARTIAL Column stats: PARTIAL
            Execution mode: vectorized, llap
            LLAP IO: all inputs
        Map 3 
            Map Operator Tree:
                TableScan
                  alias: alltypesorc_int_n1
                  filterExpr: cstring is not null (type: boolean)
                  Statistics: Num rows: 12288 Data size: 862450 Basic stats: COMPLETE Column stats: COMPLETE
                  Filter Operator
                    predicate: cstring is not null (type: boolean)
                    Statistics: Num rows: 9174 Data size: 643900 Basic stats: COMPLETE Column stats: COMPLETE
                    Select Operator
                      expressions: cstring (type: string)
                      outputColumnNames: _col0
                      Statistics: Num rows: 9174 Data size: 643900 Basic stats: COMPLETE Column stats: COMPLETE
                      Map Join Operator
                        condition map:
                             Inner Join 0 to 1
                        keys:
                          0 _col1 (type: string)
                          1 _col0 (type: string)
                        input vertices:
                          0 Map 1
                        Statistics: Num rows: 10091 Data size: 708290 Basic stats: PARTIAL Column stats: NONE
                        Group By Operator
                          aggregations: count()
                          mode: hash
                          outputColumnNames: _col0
                          Statistics: Num rows: 1 Data size: 8 Basic stats: PARTIAL Column stats: NONE
                          Reduce Output Operator
                            sort order: 
                            Statistics: Num rows: 1 Data size: 8 Basic stats: PARTIAL Column stats: NONE
                            value expressions: _col0 (type: bigint)
            Execution mode: vectorized, llap
            LLAP IO: all inputs
        Reducer 4 
            Execution mode: vectorized, llap
            Reduce Operator Tree:
              Group By Operator
                aggregations: count(VALUE._col0)
                mode: mergepartial
                outputColumnNames: _col0
                Statistics: Num rows: 1 Data size: 8 Basic stats: PARTIAL Column stats: NONE
                File Output Operator
                  compressed: false
                  Statistics: Num rows: 1 Data size: 8 Basic stats: PARTIAL Column stats: NONE
                  table:
                      input format: org.apache.hadoop.mapred.SequenceFileInputFormat
                      output format: org.apache.hadoop.hive.ql.io.HiveSequenceFileOutputFormat
                      serde: org.apache.hadoop.hive.serde2.lazy.LazySimpleSerDe

  Stage: Stage-0
    Fetch Operator
      limit: -1
      Processor Tree:
        ListSink

PREHOOK: query: select count(*) from srcpart_date_n7 join srcpart_small_n3 on (srcpart_date_n7.key = srcpart_small_n3.key1) join alltypesorc_int_n1 on (srcpart_date_n7.value = alltypesorc_int_n1.cstring)
PREHOOK: type: QUERY
PREHOOK: Input: default@alltypesorc_int_n1
PREHOOK: Input: default@srcpart_date_n7
PREHOOK: Input: default@srcpart_date_n7@ds=2008-04-08
PREHOOK: Input: default@srcpart_date_n7@ds=2008-04-09
PREHOOK: Input: default@srcpart_small_n3
PREHOOK: Input: default@srcpart_small_n3@ds=2008-04-08
PREHOOK: Input: default@srcpart_small_n3@ds=2008-04-09
#### A masked pattern was here ####
POSTHOOK: query: select count(*) from srcpart_date_n7 join srcpart_small_n3 on (srcpart_date_n7.key = srcpart_small_n3.key1) join alltypesorc_int_n1 on (srcpart_date_n7.value = alltypesorc_int_n1.cstring)
POSTHOOK: type: QUERY
POSTHOOK: Input: default@alltypesorc_int_n1
POSTHOOK: Input: default@srcpart_date_n7
POSTHOOK: Input: default@srcpart_date_n7@ds=2008-04-08
POSTHOOK: Input: default@srcpart_date_n7@ds=2008-04-09
POSTHOOK: Input: default@srcpart_small_n3
POSTHOOK: Input: default@srcpart_small_n3@ds=2008-04-08
POSTHOOK: Input: default@srcpart_small_n3@ds=2008-04-09
#### A masked pattern was here ####
0
PREHOOK: query: EXPLAIN select count(*) from srcpart_date_n7 join srcpart_small_n3 on (srcpart_date_n7.key = srcpart_small_n3.key1) join alltypesorc_int_n1 on (srcpart_date_n7.value = alltypesorc_int_n1.cstring)
PREHOOK: type: QUERY
POSTHOOK: query: EXPLAIN select count(*) from srcpart_date_n7 join srcpart_small_n3 on (srcpart_date_n7.key = srcpart_small_n3.key1) join alltypesorc_int_n1 on (srcpart_date_n7.value = alltypesorc_int_n1.cstring)
POSTHOOK: type: QUERY
STAGE DEPENDENCIES:
  Stage-1 is a root stage
  Stage-0 depends on stages: Stage-1

STAGE PLANS:
  Stage: Stage-1
    Tez
#### A masked pattern was here ####
      Edges:
        Map 1 <- Map 3 (BROADCAST_EDGE), Reducer 4 (BROADCAST_EDGE)
        Map 5 <- Map 1 (BROADCAST_EDGE), Reducer 2 (BROADCAST_EDGE)
        Reducer 2 <- Map 1 (CUSTOM_SIMPLE_EDGE)
        Reducer 4 <- Map 3 (CUSTOM_SIMPLE_EDGE)
        Reducer 6 <- Map 5 (CUSTOM_SIMPLE_EDGE)
#### A masked pattern was here ####
      Vertices:
        Map 1 
            Map Operator Tree:
                TableScan
                  alias: srcpart_date_n7
                  filterExpr: (key is not null and value is not null and (key BETWEEN DynamicValue(RS_10_srcpart_small_n3_key1_min) AND DynamicValue(RS_10_srcpart_small_n3_key1_max) and in_bloom_filter(key, DynamicValue(RS_10_srcpart_small_n3_key1_bloom_filter)))) (type: boolean)
                  Statistics: Num rows: 2000 Data size: 356000 Basic stats: COMPLETE Column stats: COMPLETE
                  Filter Operator
                    predicate: ((key BETWEEN DynamicValue(RS_10_srcpart_small_n3_key1_min) AND DynamicValue(RS_10_srcpart_small_n3_key1_max) and in_bloom_filter(key, DynamicValue(RS_10_srcpart_small_n3_key1_bloom_filter))) and key is not null and value is not null) (type: boolean)
                    Statistics: Num rows: 2000 Data size: 356000 Basic stats: COMPLETE Column stats: COMPLETE
                    Select Operator
                      expressions: key (type: string), value (type: string)
                      outputColumnNames: _col0, _col1
                      Statistics: Num rows: 2000 Data size: 356000 Basic stats: COMPLETE Column stats: COMPLETE
                      Map Join Operator
                        condition map:
                             Inner Join 0 to 1
                        keys:
                          0 _col0 (type: string)
                          1 _col0 (type: string)
                        outputColumnNames: _col1
                        input vertices:
                          1 Map 3
                        Statistics: Num rows: 2200 Data size: 391600 Basic stats: PARTIAL Column stats: NONE
                        Reduce Output Operator
                          key expressions: _col1 (type: string)
                          sort order: +
                          Map-reduce partition columns: _col1 (type: string)
                          Statistics: Num rows: 2200 Data size: 391600 Basic stats: PARTIAL Column stats: NONE
                        Select Operator
                          expressions: _col1 (type: string)
                          outputColumnNames: _col0
                          Statistics: Num rows: 2200 Data size: 391600 Basic stats: PARTIAL Column stats: NONE
                          Group By Operator
                            aggregations: min(_col0), max(_col0), bloom_filter(_col0, expectedEntries=2200)
                            mode: hash
                            outputColumnNames: _col0, _col1, _col2
                            Statistics: Num rows: 1 Data size: 552 Basic stats: PARTIAL Column stats: NONE
                            Reduce Output Operator
                              sort order: 
                              Statistics: Num rows: 1 Data size: 552 Basic stats: PARTIAL Column stats: NONE
                              value expressions: _col0 (type: string), _col1 (type: string), _col2 (type: binary)
            Execution mode: vectorized, llap
            LLAP IO: all inputs
        Map 3 
            Map Operator Tree:
                TableScan
                  alias: srcpart_small_n3
                  filterExpr: key1 is not null (type: boolean)
                  Statistics: Num rows: 20 Data size: 1740 Basic stats: PARTIAL Column stats: PARTIAL
                  Filter Operator
                    predicate: key1 is not null (type: boolean)
                    Statistics: Num rows: 20 Data size: 1740 Basic stats: PARTIAL Column stats: PARTIAL
                    Select Operator
                      expressions: key1 (type: string)
                      outputColumnNames: _col0
                      Statistics: Num rows: 20 Data size: 1740 Basic stats: PARTIAL Column stats: PARTIAL
                      Reduce Output Operator
                        key expressions: _col0 (type: string)
                        sort order: +
                        Map-reduce partition columns: _col0 (type: string)
                        Statistics: Num rows: 20 Data size: 1740 Basic stats: PARTIAL Column stats: PARTIAL
                      Select Operator
                        expressions: _col0 (type: string)
                        outputColumnNames: _col0
                        Statistics: Num rows: 20 Data size: 1740 Basic stats: PARTIAL Column stats: PARTIAL
                        Group By Operator
                          aggregations: min(_col0), max(_col0), bloom_filter(_col0, expectedEntries=20)
                          mode: hash
                          outputColumnNames: _col0, _col1, _col2
                          Statistics: Num rows: 1 Data size: 639 Basic stats: PARTIAL Column stats: PARTIAL
                          Reduce Output Operator
                            sort order: 
                            Statistics: Num rows: 1 Data size: 639 Basic stats: PARTIAL Column stats: PARTIAL
                            value expressions: _col0 (type: string), _col1 (type: string), _col2 (type: binary)
            Execution mode: vectorized, llap
            LLAP IO: all inputs
        Map 5 
            Map Operator Tree:
                TableScan
                  alias: alltypesorc_int_n1
                  filterExpr: (cstring is not null and (cstring BETWEEN DynamicValue(RS_12_srcpart_date_n7_value_min) AND DynamicValue(RS_12_srcpart_date_n7_value_max) and in_bloom_filter(cstring, DynamicValue(RS_12_srcpart_date_n7_value_bloom_filter)))) (type: boolean)
                  Statistics: Num rows: 12288 Data size: 862450 Basic stats: COMPLETE Column stats: COMPLETE
                  Filter Operator
                    predicate: ((cstring BETWEEN DynamicValue(RS_12_srcpart_date_n7_value_min) AND DynamicValue(RS_12_srcpart_date_n7_value_max) and in_bloom_filter(cstring, DynamicValue(RS_12_srcpart_date_n7_value_bloom_filter))) and cstring is not null) (type: boolean)
                    Statistics: Num rows: 9174 Data size: 643900 Basic stats: COMPLETE Column stats: COMPLETE
                    Select Operator
                      expressions: cstring (type: string)
                      outputColumnNames: _col0
                      Statistics: Num rows: 9174 Data size: 643900 Basic stats: COMPLETE Column stats: COMPLETE
                      Map Join Operator
                        condition map:
                             Inner Join 0 to 1
                        keys:
                          0 _col1 (type: string)
                          1 _col0 (type: string)
                        input vertices:
                          0 Map 1
                        Statistics: Num rows: 10091 Data size: 708290 Basic stats: PARTIAL Column stats: NONE
                        Group By Operator
                          aggregations: count()
                          mode: hash
                          outputColumnNames: _col0
                          Statistics: Num rows: 1 Data size: 8 Basic stats: PARTIAL Column stats: NONE
                          Reduce Output Operator
                            sort order: 
                            Statistics: Num rows: 1 Data size: 8 Basic stats: PARTIAL Column stats: NONE
                            value expressions: _col0 (type: bigint)
            Execution mode: vectorized, llap
            LLAP IO: all inputs
        Reducer 2 
            Execution mode: vectorized, llap
            Reduce Operator Tree:
              Group By Operator
                aggregations: min(VALUE._col0), max(VALUE._col1), bloom_filter(VALUE._col2, expectedEntries=2200)
                mode: final
                outputColumnNames: _col0, _col1, _col2
                Statistics: Num rows: 1 Data size: 552 Basic stats: PARTIAL Column stats: NONE
                Reduce Output Operator
                  sort order: 
                  Statistics: Num rows: 1 Data size: 552 Basic stats: PARTIAL Column stats: NONE
                  value expressions: _col0 (type: string), _col1 (type: string), _col2 (type: binary)
        Reducer 4 
            Execution mode: vectorized, llap
            Reduce Operator Tree:
              Group By Operator
                aggregations: min(VALUE._col0), max(VALUE._col1), bloom_filter(VALUE._col2, expectedEntries=20)
                mode: final
                outputColumnNames: _col0, _col1, _col2
                Statistics: Num rows: 1 Data size: 639 Basic stats: PARTIAL Column stats: PARTIAL
                Reduce Output Operator
                  sort order: 
                  Statistics: Num rows: 1 Data size: 639 Basic stats: PARTIAL Column stats: PARTIAL
                  value expressions: _col0 (type: string), _col1 (type: string), _col2 (type: binary)
        Reducer 6 
            Execution mode: vectorized, llap
            Reduce Operator Tree:
              Group By Operator
                aggregations: count(VALUE._col0)
                mode: mergepartial
                outputColumnNames: _col0
                Statistics: Num rows: 1 Data size: 8 Basic stats: PARTIAL Column stats: NONE
                File Output Operator
                  compressed: false
                  Statistics: Num rows: 1 Data size: 8 Basic stats: PARTIAL Column stats: NONE
                  table:
                      input format: org.apache.hadoop.mapred.SequenceFileInputFormat
                      output format: org.apache.hadoop.hive.ql.io.HiveSequenceFileOutputFormat
                      serde: org.apache.hadoop.hive.serde2.lazy.LazySimpleSerDe

  Stage: Stage-0
    Fetch Operator
      limit: -1
      Processor Tree:
        ListSink

PREHOOK: query: select count(*) from srcpart_date_n7 join srcpart_small_n3 on (srcpart_date_n7.key = srcpart_small_n3.key1) join alltypesorc_int_n1 on (srcpart_date_n7.value = alltypesorc_int_n1.cstring)
PREHOOK: type: QUERY
PREHOOK: Input: default@alltypesorc_int_n1
PREHOOK: Input: default@srcpart_date_n7
PREHOOK: Input: default@srcpart_date_n7@ds=2008-04-08
PREHOOK: Input: default@srcpart_date_n7@ds=2008-04-09
PREHOOK: Input: default@srcpart_small_n3
PREHOOK: Input: default@srcpart_small_n3@ds=2008-04-08
PREHOOK: Input: default@srcpart_small_n3@ds=2008-04-09
#### A masked pattern was here ####
POSTHOOK: query: select count(*) from srcpart_date_n7 join srcpart_small_n3 on (srcpart_date_n7.key = srcpart_small_n3.key1) join alltypesorc_int_n1 on (srcpart_date_n7.value = alltypesorc_int_n1.cstring)
POSTHOOK: type: QUERY
POSTHOOK: Input: default@alltypesorc_int_n1
POSTHOOK: Input: default@srcpart_date_n7
POSTHOOK: Input: default@srcpart_date_n7@ds=2008-04-08
POSTHOOK: Input: default@srcpart_date_n7@ds=2008-04-09
POSTHOOK: Input: default@srcpart_small_n3
POSTHOOK: Input: default@srcpart_small_n3@ds=2008-04-08
POSTHOOK: Input: default@srcpart_small_n3@ds=2008-04-09
#### A masked pattern was here ####
0
PREHOOK: query: create table alltypesorc_int40 as select * from alltypesorc_int_n1 limit 40
PREHOOK: type: CREATETABLE_AS_SELECT
PREHOOK: Input: default@alltypesorc_int_n1
PREHOOK: Output: database:default
PREHOOK: Output: default@alltypesorc_int40
POSTHOOK: query: create table alltypesorc_int40 as select * from alltypesorc_int_n1 limit 40
POSTHOOK: type: CREATETABLE_AS_SELECT
POSTHOOK: Input: default@alltypesorc_int_n1
POSTHOOK: Output: database:default
POSTHOOK: Output: default@alltypesorc_int40
POSTHOOK: Lineage: alltypesorc_int40.cint SIMPLE [(alltypesorc_int_n1)alltypesorc_int_n1.FieldSchema(name:cint, type:int, comment:null), ]
POSTHOOK: Lineage: alltypesorc_int40.cstring SIMPLE [(alltypesorc_int_n1)alltypesorc_int_n1.FieldSchema(name:cstring, type:string, comment:null), ]
PREHOOK: query: EXPLAIN select count(*) from srcpart_date_n7 join srcpart_small_n3 on (srcpart_date_n7.ds = srcpart_small_n3.ds) join alltypesorc_int40 on (srcpart_date_n7.value = alltypesorc_int40.cstring)
PREHOOK: type: QUERY
POSTHOOK: query: EXPLAIN select count(*) from srcpart_date_n7 join srcpart_small_n3 on (srcpart_date_n7.ds = srcpart_small_n3.ds) join alltypesorc_int40 on (srcpart_date_n7.value = alltypesorc_int40.cstring)
POSTHOOK: type: QUERY
STAGE DEPENDENCIES:
  Stage-1 is a root stage
  Stage-0 depends on stages: Stage-1

STAGE PLANS:
  Stage: Stage-1
    Tez
#### A masked pattern was here ####
      Edges:
        Map 1 <- Map 3 (BROADCAST_EDGE), Map 4 (BROADCAST_EDGE)
        Reducer 2 <- Map 1 (CUSTOM_SIMPLE_EDGE)
#### A masked pattern was here ####
      Vertices:
        Map 1 
            Map Operator Tree:
                TableScan
                  alias: srcpart_date_n7
                  filterExpr: value is not null (type: boolean)
                  Statistics: Num rows: 2000 Data size: 550000 Basic stats: COMPLETE Column stats: COMPLETE
                  Filter Operator
                    predicate: value is not null (type: boolean)
                    Statistics: Num rows: 2000 Data size: 550000 Basic stats: COMPLETE Column stats: COMPLETE
                    Select Operator
                      expressions: value (type: string), ds (type: string)
                      outputColumnNames: _col0, _col1
                      Statistics: Num rows: 2000 Data size: 550000 Basic stats: COMPLETE Column stats: COMPLETE
                      Map Join Operator
                        condition map:
                             Inner Join 0 to 1
                        keys:
                          0 _col0 (type: string)
                          1 _col0 (type: string)
                        outputColumnNames: _col1
                        input vertices:
                          1 Map 3
                        Statistics: Num rows: 2200 Data size: 605000 Basic stats: COMPLETE Column stats: NONE
                        Map Join Operator
                          condition map:
                               Inner Join 0 to 1
                          keys:
                            0 _col1 (type: string)
                            1 _col0 (type: string)
                          input vertices:
                            1 Map 4
                          Statistics: Num rows: 2420 Data size: 665500 Basic stats: PARTIAL Column stats: NONE
                          Group By Operator
                            aggregations: count()
                            mode: hash
                            outputColumnNames: _col0
                            Statistics: Num rows: 1 Data size: 8 Basic stats: PARTIAL Column stats: NONE
                            Reduce Output Operator
                              sort order: 
                              Statistics: Num rows: 1 Data size: 8 Basic stats: PARTIAL Column stats: NONE
                              value expressions: _col0 (type: bigint)
            Execution mode: vectorized, llap
            LLAP IO: all inputs
        Map 3 
            Map Operator Tree:
                TableScan
                  alias: alltypesorc_int40
                  filterExpr: cstring is not null (type: boolean)
                  Statistics: Num rows: 40 Data size: 7176 Basic stats: COMPLETE Column stats: NONE
                  Filter Operator
                    predicate: cstring is not null (type: boolean)
                    Statistics: Num rows: 38 Data size: 6817 Basic stats: COMPLETE Column stats: NONE
                    Select Operator
                      expressions: cstring (type: string)
                      outputColumnNames: _col0
                      Statistics: Num rows: 38 Data size: 6817 Basic stats: COMPLETE Column stats: NONE
                      Reduce Output Operator
                        key expressions: _col0 (type: string)
                        sort order: +
                        Map-reduce partition columns: _col0 (type: string)
                        Statistics: Num rows: 38 Data size: 6817 Basic stats: COMPLETE Column stats: NONE
            Execution mode: vectorized, llap
            LLAP IO: no inputs
        Map 4 
            Map Operator Tree:
                TableScan
                  alias: srcpart_small_n3
                  filterExpr: ds is not null (type: boolean)
                  Statistics: Num rows: 20 Data size: 7200 Basic stats: PARTIAL Column stats: COMPLETE
                  Select Operator
                    expressions: ds (type: string)
                    outputColumnNames: _col0
                    Statistics: Num rows: 20 Data size: 7200 Basic stats: PARTIAL Column stats: COMPLETE
                    Reduce Output Operator
                      key expressions: _col0 (type: string)
                      sort order: +
                      Map-reduce partition columns: _col0 (type: string)
                      Statistics: Num rows: 20 Data size: 7200 Basic stats: PARTIAL Column stats: COMPLETE
                    Select Operator
                      expressions: _col0 (type: string)
                      outputColumnNames: _col0
                      Statistics: Num rows: 20 Data size: 7200 Basic stats: PARTIAL Column stats: COMPLETE
                      Group By Operator
                        keys: _col0 (type: string)
                        mode: hash
                        outputColumnNames: _col0
                        Statistics: Num rows: 20 Data size: 7200 Basic stats: PARTIAL Column stats: COMPLETE
                        Dynamic Partitioning Event Operator
                          Target column: ds (string)
                          Target Input: srcpart_date_n7
                          Partition key expr: ds
                          Statistics: Num rows: 20 Data size: 7200 Basic stats: PARTIAL Column stats: COMPLETE
                          Target Vertex: Map 1
            Execution mode: vectorized, llap
            LLAP IO: all inputs
        Reducer 2 
            Execution mode: vectorized, llap
            Reduce Operator Tree:
              Group By Operator
                aggregations: count(VALUE._col0)
                mode: mergepartial
                outputColumnNames: _col0
                Statistics: Num rows: 1 Data size: 8 Basic stats: PARTIAL Column stats: NONE
                File Output Operator
                  compressed: false
                  Statistics: Num rows: 1 Data size: 8 Basic stats: PARTIAL Column stats: NONE
                  table:
                      input format: org.apache.hadoop.mapred.SequenceFileInputFormat
                      output format: org.apache.hadoop.hive.ql.io.HiveSequenceFileOutputFormat
                      serde: org.apache.hadoop.hive.serde2.lazy.LazySimpleSerDe

  Stage: Stage-0
    Fetch Operator
      limit: -1
      Processor Tree:
        ListSink

PREHOOK: query: select count(*) from srcpart_date_n7 join srcpart_small_n3 on (srcpart_date_n7.ds = srcpart_small_n3.ds) join alltypesorc_int40 on (srcpart_date_n7.value = alltypesorc_int40.cstring)
PREHOOK: type: QUERY
PREHOOK: Input: default@alltypesorc_int40
PREHOOK: Input: default@srcpart_date_n7
PREHOOK: Input: default@srcpart_date_n7@ds=2008-04-08
PREHOOK: Input: default@srcpart_date_n7@ds=2008-04-09
PREHOOK: Input: default@srcpart_small_n3
PREHOOK: Input: default@srcpart_small_n3@ds=2008-04-08
PREHOOK: Input: default@srcpart_small_n3@ds=2008-04-09
#### A masked pattern was here ####
POSTHOOK: query: select count(*) from srcpart_date_n7 join srcpart_small_n3 on (srcpart_date_n7.ds = srcpart_small_n3.ds) join alltypesorc_int40 on (srcpart_date_n7.value = alltypesorc_int40.cstring)
POSTHOOK: type: QUERY
POSTHOOK: Input: default@alltypesorc_int40
POSTHOOK: Input: default@srcpart_date_n7
POSTHOOK: Input: default@srcpart_date_n7@ds=2008-04-08
POSTHOOK: Input: default@srcpart_date_n7@ds=2008-04-09
POSTHOOK: Input: default@srcpart_small_n3
POSTHOOK: Input: default@srcpart_small_n3@ds=2008-04-08
POSTHOOK: Input: default@srcpart_small_n3@ds=2008-04-09
#### A masked pattern was here ####
0
PREHOOK: query: EXPLAIN select count(*) from srcpart_date_n7 join srcpart_small_n3 on (srcpart_date_n7.ds = srcpart_small_n3.ds) join alltypesorc_int40 on (srcpart_date_n7.value = alltypesorc_int40.cstring)
PREHOOK: type: QUERY
POSTHOOK: query: EXPLAIN select count(*) from srcpart_date_n7 join srcpart_small_n3 on (srcpart_date_n7.ds = srcpart_small_n3.ds) join alltypesorc_int40 on (srcpart_date_n7.value = alltypesorc_int40.cstring)
POSTHOOK: type: QUERY
STAGE DEPENDENCIES:
  Stage-1 is a root stage
  Stage-0 depends on stages: Stage-1

STAGE PLANS:
  Stage: Stage-1
    Tez
#### A masked pattern was here ####
      Edges:
        Map 1 <- Map 3 (BROADCAST_EDGE), Map 4 (BROADCAST_EDGE)
        Reducer 2 <- Map 1 (CUSTOM_SIMPLE_EDGE)
#### A masked pattern was here ####
      Vertices:
        Map 1 
            Map Operator Tree:
                TableScan
                  alias: srcpart_date_n7
                  filterExpr: value is not null (type: boolean)
                  Statistics: Num rows: 2000 Data size: 550000 Basic stats: COMPLETE Column stats: COMPLETE
                  Filter Operator
                    predicate: value is not null (type: boolean)
                    Statistics: Num rows: 2000 Data size: 550000 Basic stats: COMPLETE Column stats: COMPLETE
                    Select Operator
                      expressions: value (type: string), ds (type: string)
                      outputColumnNames: _col0, _col1
                      Statistics: Num rows: 2000 Data size: 550000 Basic stats: COMPLETE Column stats: COMPLETE
                      Map Join Operator
                        condition map:
                             Inner Join 0 to 1
                        keys:
                          0 _col0 (type: string)
                          1 _col0 (type: string)
                        outputColumnNames: _col1
                        input vertices:
                          1 Map 3
                        Statistics: Num rows: 2200 Data size: 605000 Basic stats: COMPLETE Column stats: NONE
                        Map Join Operator
                          condition map:
                               Inner Join 0 to 1
                          keys:
                            0 _col1 (type: string)
                            1 _col0 (type: string)
                          input vertices:
                            1 Map 4
                          Statistics: Num rows: 2420 Data size: 665500 Basic stats: PARTIAL Column stats: NONE
                          Group By Operator
                            aggregations: count()
                            mode: hash
                            outputColumnNames: _col0
                            Statistics: Num rows: 1 Data size: 8 Basic stats: PARTIAL Column stats: NONE
                            Reduce Output Operator
                              sort order: 
                              Statistics: Num rows: 1 Data size: 8 Basic stats: PARTIAL Column stats: NONE
                              value expressions: _col0 (type: bigint)
            Execution mode: vectorized, llap
            LLAP IO: all inputs
        Map 3 
            Map Operator Tree:
                TableScan
                  alias: alltypesorc_int40
                  filterExpr: cstring is not null (type: boolean)
                  Statistics: Num rows: 40 Data size: 7176 Basic stats: COMPLETE Column stats: NONE
                  Filter Operator
                    predicate: cstring is not null (type: boolean)
                    Statistics: Num rows: 38 Data size: 6817 Basic stats: COMPLETE Column stats: NONE
                    Select Operator
                      expressions: cstring (type: string)
                      outputColumnNames: _col0
                      Statistics: Num rows: 38 Data size: 6817 Basic stats: COMPLETE Column stats: NONE
                      Reduce Output Operator
                        key expressions: _col0 (type: string)
                        sort order: +
                        Map-reduce partition columns: _col0 (type: string)
                        Statistics: Num rows: 38 Data size: 6817 Basic stats: COMPLETE Column stats: NONE
            Execution mode: vectorized, llap
            LLAP IO: no inputs
        Map 4 
            Map Operator Tree:
                TableScan
                  alias: srcpart_small_n3
                  filterExpr: ds is not null (type: boolean)
                  Statistics: Num rows: 20 Data size: 7200 Basic stats: PARTIAL Column stats: COMPLETE
                  Select Operator
                    expressions: ds (type: string)
                    outputColumnNames: _col0
                    Statistics: Num rows: 20 Data size: 7200 Basic stats: PARTIAL Column stats: COMPLETE
                    Reduce Output Operator
                      key expressions: _col0 (type: string)
                      sort order: +
                      Map-reduce partition columns: _col0 (type: string)
                      Statistics: Num rows: 20 Data size: 7200 Basic stats: PARTIAL Column stats: COMPLETE
                    Select Operator
                      expressions: _col0 (type: string)
                      outputColumnNames: _col0
                      Statistics: Num rows: 20 Data size: 7200 Basic stats: PARTIAL Column stats: COMPLETE
                      Group By Operator
                        keys: _col0 (type: string)
                        mode: hash
                        outputColumnNames: _col0
                        Statistics: Num rows: 20 Data size: 7200 Basic stats: PARTIAL Column stats: COMPLETE
                        Dynamic Partitioning Event Operator
                          Target column: ds (string)
                          Target Input: srcpart_date_n7
                          Partition key expr: ds
                          Statistics: Num rows: 20 Data size: 7200 Basic stats: PARTIAL Column stats: COMPLETE
                          Target Vertex: Map 1
            Execution mode: vectorized, llap
            LLAP IO: all inputs
        Reducer 2 
            Execution mode: vectorized, llap
            Reduce Operator Tree:
              Group By Operator
                aggregations: count(VALUE._col0)
                mode: mergepartial
                outputColumnNames: _col0
                Statistics: Num rows: 1 Data size: 8 Basic stats: PARTIAL Column stats: NONE
                File Output Operator
                  compressed: false
                  Statistics: Num rows: 1 Data size: 8 Basic stats: PARTIAL Column stats: NONE
                  table:
                      input format: org.apache.hadoop.mapred.SequenceFileInputFormat
                      output format: org.apache.hadoop.hive.ql.io.HiveSequenceFileOutputFormat
                      serde: org.apache.hadoop.hive.serde2.lazy.LazySimpleSerDe

  Stage: Stage-0
    Fetch Operator
      limit: -1
      Processor Tree:
        ListSink

PREHOOK: query: select count(*) from srcpart_date_n7 join srcpart_small_n3 on (srcpart_date_n7.ds = srcpart_small_n3.ds) join alltypesorc_int40 on (srcpart_date_n7.value = alltypesorc_int40.cstring)
PREHOOK: type: QUERY
PREHOOK: Input: default@alltypesorc_int40
PREHOOK: Input: default@srcpart_date_n7
PREHOOK: Input: default@srcpart_date_n7@ds=2008-04-08
PREHOOK: Input: default@srcpart_date_n7@ds=2008-04-09
PREHOOK: Input: default@srcpart_small_n3
PREHOOK: Input: default@srcpart_small_n3@ds=2008-04-08
PREHOOK: Input: default@srcpart_small_n3@ds=2008-04-09
#### A masked pattern was here ####
POSTHOOK: query: select count(*) from srcpart_date_n7 join srcpart_small_n3 on (srcpart_date_n7.ds = srcpart_small_n3.ds) join alltypesorc_int40 on (srcpart_date_n7.value = alltypesorc_int40.cstring)
POSTHOOK: type: QUERY
POSTHOOK: Input: default@alltypesorc_int40
POSTHOOK: Input: default@srcpart_date_n7
POSTHOOK: Input: default@srcpart_date_n7@ds=2008-04-08
POSTHOOK: Input: default@srcpart_date_n7@ds=2008-04-09
POSTHOOK: Input: default@srcpart_small_n3
POSTHOOK: Input: default@srcpart_small_n3@ds=2008-04-08
POSTHOOK: Input: default@srcpart_small_n3@ds=2008-04-09
#### A masked pattern was here ####
0
PREHOOK: query: create table srcpart_small10 as select * from srcpart_small_n3 limit 10
PREHOOK: type: CREATETABLE_AS_SELECT
PREHOOK: Input: default@srcpart_small_n3
PREHOOK: Input: default@srcpart_small_n3@ds=2008-04-08
PREHOOK: Input: default@srcpart_small_n3@ds=2008-04-09
PREHOOK: Output: database:default
PREHOOK: Output: default@srcpart_small10
POSTHOOK: query: create table srcpart_small10 as select * from srcpart_small_n3 limit 10
POSTHOOK: type: CREATETABLE_AS_SELECT
POSTHOOK: Input: default@srcpart_small_n3
POSTHOOK: Input: default@srcpart_small_n3@ds=2008-04-08
POSTHOOK: Input: default@srcpart_small_n3@ds=2008-04-09
POSTHOOK: Output: database:default
POSTHOOK: Output: default@srcpart_small10
POSTHOOK: Lineage: srcpart_small10.ds SIMPLE [(srcpart_small_n3)srcpart_small_n3.FieldSchema(name:ds, type:string, comment:null), ]
POSTHOOK: Lineage: srcpart_small10.key1 SIMPLE [(srcpart_small_n3)srcpart_small_n3.FieldSchema(name:key1, type:string, comment:null), ]
POSTHOOK: Lineage: srcpart_small10.value1 SIMPLE [(srcpart_small_n3)srcpart_small_n3.FieldSchema(name:value1, type:string, comment:null), ]
PREHOOK: query: analyze table srcpart_small10 compute statistics for columns
PREHOOK: type: ANALYZE_TABLE
PREHOOK: Input: default@srcpart_small10
PREHOOK: Output: default@srcpart_small10
#### A masked pattern was here ####
POSTHOOK: query: analyze table srcpart_small10 compute statistics for columns
POSTHOOK: type: ANALYZE_TABLE
POSTHOOK: Input: default@srcpart_small10
POSTHOOK: Output: default@srcpart_small10
#### A masked pattern was here ####
PREHOOK: query: EXPLAIN select count(*) from srcpart_small10, srcpart_small_n3, srcpart_date_n7 where srcpart_small_n3.key1 = srcpart_small10.key1 and srcpart_date_n7.ds = srcpart_small_n3.ds
PREHOOK: type: QUERY
POSTHOOK: query: EXPLAIN select count(*) from srcpart_small10, srcpart_small_n3, srcpart_date_n7 where srcpart_small_n3.key1 = srcpart_small10.key1 and srcpart_date_n7.ds = srcpart_small_n3.ds
POSTHOOK: type: QUERY
STAGE DEPENDENCIES:
  Stage-1 is a root stage
  Stage-0 depends on stages: Stage-1

STAGE PLANS:
  Stage: Stage-1
    Tez
#### A masked pattern was here ####
      Edges:
        Map 1 <- Map 2 (BROADCAST_EDGE)
        Map 3 <- Map 1 (BROADCAST_EDGE)
        Reducer 4 <- Map 3 (CUSTOM_SIMPLE_EDGE)
#### A masked pattern was here ####
      Vertices:
        Map 1 
            Map Operator Tree:
                TableScan
                  alias: srcpart_small_n3
                  filterExpr: key1 is not null (type: boolean)
                  Statistics: Num rows: 20 Data size: 5420 Basic stats: PARTIAL Column stats: PARTIAL
                  Filter Operator
                    predicate: key1 is not null (type: boolean)
                    Statistics: Num rows: 20 Data size: 5420 Basic stats: PARTIAL Column stats: PARTIAL
                    Select Operator
                      expressions: key1 (type: string), ds (type: string)
                      outputColumnNames: _col0, _col1
                      Statistics: Num rows: 20 Data size: 5420 Basic stats: PARTIAL Column stats: PARTIAL
                      Map Join Operator
                        condition map:
                             Inner Join 0 to 1
                        keys:
                          0 _col0 (type: string)
                          1 _col0 (type: string)
                        outputColumnNames: _col1
                        input vertices:
                          1 Map 2
                        Statistics: Num rows: 22 Data size: 5962 Basic stats: PARTIAL Column stats: NONE
                        Reduce Output Operator
                          key expressions: _col1 (type: string)
                          sort order: +
                          Map-reduce partition columns: _col1 (type: string)
                          Statistics: Num rows: 22 Data size: 5962 Basic stats: PARTIAL Column stats: NONE
                        Select Operator
                          expressions: _col1 (type: string)
                          outputColumnNames: _col0
                          Statistics: Num rows: 22 Data size: 5962 Basic stats: PARTIAL Column stats: NONE
                          Group By Operator
                            keys: _col0 (type: string)
                            mode: hash
                            outputColumnNames: _col0
                            Statistics: Num rows: 22 Data size: 5962 Basic stats: PARTIAL Column stats: NONE
                            Dynamic Partitioning Event Operator
                              Target column: ds (string)
                              Target Input: srcpart_date_n7
                              Partition key expr: ds
                              Statistics: Num rows: 22 Data size: 5962 Basic stats: PARTIAL Column stats: NONE
                              Target Vertex: Map 3
            Execution mode: vectorized, llap
            LLAP IO: all inputs
        Map 2 
            Map Operator Tree:
                TableScan
                  alias: srcpart_small10
                  filterExpr: key1 is not null (type: boolean)
                  Statistics: Num rows: 10 Data size: 870 Basic stats: COMPLETE Column stats: COMPLETE
                  Filter Operator
                    predicate: key1 is not null (type: boolean)
                    Statistics: Num rows: 10 Data size: 870 Basic stats: COMPLETE Column stats: COMPLETE
                    Select Operator
                      expressions: key1 (type: string)
                      outputColumnNames: _col0
                      Statistics: Num rows: 10 Data size: 870 Basic stats: COMPLETE Column stats: COMPLETE
                      Reduce Output Operator
                        key expressions: _col0 (type: string)
                        sort order: +
                        Map-reduce partition columns: _col0 (type: string)
                        Statistics: Num rows: 10 Data size: 870 Basic stats: COMPLETE Column stats: COMPLETE
            Execution mode: vectorized, llap
            LLAP IO: no inputs
        Map 3 
            Map Operator Tree:
                TableScan
                  alias: srcpart_date_n7
                  filterExpr: ds is not null (type: boolean)
                  Statistics: Num rows: 2000 Data size: 720000 Basic stats: COMPLETE Column stats: COMPLETE
                  Select Operator
                    expressions: ds (type: string)
                    outputColumnNames: _col0
                    Statistics: Num rows: 2000 Data size: 368000 Basic stats: COMPLETE Column stats: COMPLETE
                    Map Join Operator
                      condition map:
                           Inner Join 0 to 1
                      keys:
                        0 _col1 (type: string)
                        1 _col0 (type: string)
                      input vertices:
                        0 Map 1
                      Statistics: Num rows: 2200 Data size: 404800 Basic stats: PARTIAL Column stats: NONE
                      Group By Operator
                        aggregations: count()
                        mode: hash
                        outputColumnNames: _col0
                        Statistics: Num rows: 1 Data size: 8 Basic stats: PARTIAL Column stats: NONE
                        Reduce Output Operator
                          sort order: 
                          Statistics: Num rows: 1 Data size: 8 Basic stats: PARTIAL Column stats: NONE
                          value expressions: _col0 (type: bigint)
            Execution mode: vectorized, llap
            LLAP IO: all inputs
        Reducer 4 
            Execution mode: vectorized, llap
            Reduce Operator Tree:
              Group By Operator
                aggregations: count(VALUE._col0)
                mode: mergepartial
                outputColumnNames: _col0
                Statistics: Num rows: 1 Data size: 8 Basic stats: PARTIAL Column stats: NONE
                File Output Operator
                  compressed: false
                  Statistics: Num rows: 1 Data size: 8 Basic stats: PARTIAL Column stats: NONE
                  table:
                      input format: org.apache.hadoop.mapred.SequenceFileInputFormat
                      output format: org.apache.hadoop.hive.ql.io.HiveSequenceFileOutputFormat
                      serde: org.apache.hadoop.hive.serde2.lazy.LazySimpleSerDe

  Stage: Stage-0
    Fetch Operator
      limit: -1
      Processor Tree:
        ListSink

PREHOOK: query: select count(*) from srcpart_small10, srcpart_small_n3, srcpart_date_n7 where srcpart_small_n3.key1 = srcpart_small10.key1 and srcpart_date_n7.ds = srcpart_small_n3.ds
PREHOOK: type: QUERY
PREHOOK: Input: default@srcpart_date_n7
PREHOOK: Input: default@srcpart_date_n7@ds=2008-04-08
PREHOOK: Input: default@srcpart_date_n7@ds=2008-04-09
PREHOOK: Input: default@srcpart_small10
PREHOOK: Input: default@srcpart_small_n3
PREHOOK: Input: default@srcpart_small_n3@ds=2008-04-08
PREHOOK: Input: default@srcpart_small_n3@ds=2008-04-09
#### A masked pattern was here ####
POSTHOOK: query: select count(*) from srcpart_small10, srcpart_small_n3, srcpart_date_n7 where srcpart_small_n3.key1 = srcpart_small10.key1 and srcpart_date_n7.ds = srcpart_small_n3.ds
POSTHOOK: type: QUERY
POSTHOOK: Input: default@srcpart_date_n7
POSTHOOK: Input: default@srcpart_date_n7@ds=2008-04-08
POSTHOOK: Input: default@srcpart_date_n7@ds=2008-04-09
POSTHOOK: Input: default@srcpart_small10
POSTHOOK: Input: default@srcpart_small_n3
POSTHOOK: Input: default@srcpart_small_n3@ds=2008-04-08
POSTHOOK: Input: default@srcpart_small_n3@ds=2008-04-09
#### A masked pattern was here ####
10000
PREHOOK: query: EXPLAIN select count(*) from srcpart_small10, srcpart_small_n3, srcpart_date_n7 where srcpart_small_n3.key1 = srcpart_small10.key1 and srcpart_date_n7.ds = srcpart_small_n3.ds
PREHOOK: type: QUERY
POSTHOOK: query: EXPLAIN select count(*) from srcpart_small10, srcpart_small_n3, srcpart_date_n7 where srcpart_small_n3.key1 = srcpart_small10.key1 and srcpart_date_n7.ds = srcpart_small_n3.ds
POSTHOOK: type: QUERY
STAGE DEPENDENCIES:
  Stage-1 is a root stage
  Stage-0 depends on stages: Stage-1

STAGE PLANS:
  Stage: Stage-1
    Tez
#### A masked pattern was here ####
      Edges:
        Map 1 <- Map 2 (BROADCAST_EDGE), Reducer 3 (BROADCAST_EDGE)
        Map 4 <- Map 1 (BROADCAST_EDGE)
        Reducer 3 <- Map 2 (CUSTOM_SIMPLE_EDGE)
        Reducer 5 <- Map 4 (CUSTOM_SIMPLE_EDGE)
#### A masked pattern was here ####
      Vertices:
        Map 1 
            Map Operator Tree:
                TableScan
                  alias: srcpart_small_n3
                  filterExpr: (key1 is not null and (key1 BETWEEN DynamicValue(RS_10_srcpart_small10_key1_min) AND DynamicValue(RS_10_srcpart_small10_key1_max) and in_bloom_filter(key1, DynamicValue(RS_10_srcpart_small10_key1_bloom_filter)))) (type: boolean)
                  Statistics: Num rows: 20 Data size: 5420 Basic stats: PARTIAL Column stats: PARTIAL
                  Filter Operator
                    predicate: ((key1 BETWEEN DynamicValue(RS_10_srcpart_small10_key1_min) AND DynamicValue(RS_10_srcpart_small10_key1_max) and in_bloom_filter(key1, DynamicValue(RS_10_srcpart_small10_key1_bloom_filter))) and key1 is not null) (type: boolean)
                    Statistics: Num rows: 20 Data size: 5420 Basic stats: PARTIAL Column stats: PARTIAL
                    Select Operator
                      expressions: key1 (type: string), ds (type: string)
                      outputColumnNames: _col0, _col1
                      Statistics: Num rows: 20 Data size: 5420 Basic stats: PARTIAL Column stats: PARTIAL
                      Map Join Operator
                        condition map:
                             Inner Join 0 to 1
                        keys:
                          0 _col0 (type: string)
                          1 _col0 (type: string)
                        outputColumnNames: _col1
                        input vertices:
                          1 Map 2
                        Statistics: Num rows: 22 Data size: 5962 Basic stats: PARTIAL Column stats: NONE
                        Reduce Output Operator
                          key expressions: _col1 (type: string)
                          sort order: +
                          Map-reduce partition columns: _col1 (type: string)
                          Statistics: Num rows: 22 Data size: 5962 Basic stats: PARTIAL Column stats: NONE
                        Select Operator
                          expressions: _col1 (type: string)
                          outputColumnNames: _col0
                          Statistics: Num rows: 22 Data size: 5962 Basic stats: PARTIAL Column stats: NONE
                          Group By Operator
                            keys: _col0 (type: string)
                            mode: hash
                            outputColumnNames: _col0
                            Statistics: Num rows: 22 Data size: 5962 Basic stats: PARTIAL Column stats: NONE
                            Dynamic Partitioning Event Operator
                              Target column: ds (string)
                              Target Input: srcpart_date_n7
                              Partition key expr: ds
                              Statistics: Num rows: 22 Data size: 5962 Basic stats: PARTIAL Column stats: NONE
                              Target Vertex: Map 4
            Execution mode: vectorized, llap
            LLAP IO: all inputs
        Map 2 
            Map Operator Tree:
                TableScan
                  alias: srcpart_small10
                  filterExpr: key1 is not null (type: boolean)
                  Statistics: Num rows: 10 Data size: 870 Basic stats: COMPLETE Column stats: COMPLETE
                  Filter Operator
                    predicate: key1 is not null (type: boolean)
                    Statistics: Num rows: 10 Data size: 870 Basic stats: COMPLETE Column stats: COMPLETE
                    Select Operator
                      expressions: key1 (type: string)
                      outputColumnNames: _col0
                      Statistics: Num rows: 10 Data size: 870 Basic stats: COMPLETE Column stats: COMPLETE
                      Reduce Output Operator
                        key expressions: _col0 (type: string)
                        sort order: +
                        Map-reduce partition columns: _col0 (type: string)
                        Statistics: Num rows: 10 Data size: 870 Basic stats: COMPLETE Column stats: COMPLETE
                      Select Operator
                        expressions: _col0 (type: string)
                        outputColumnNames: _col0
                        Statistics: Num rows: 10 Data size: 870 Basic stats: COMPLETE Column stats: COMPLETE
                        Group By Operator
                          aggregations: min(_col0), max(_col0), bloom_filter(_col0, expectedEntries=10)
                          mode: hash
                          outputColumnNames: _col0, _col1, _col2
                          Statistics: Num rows: 1 Data size: 552 Basic stats: COMPLETE Column stats: COMPLETE
                          Reduce Output Operator
                            sort order: 
                            Statistics: Num rows: 1 Data size: 552 Basic stats: COMPLETE Column stats: COMPLETE
                            value expressions: _col0 (type: string), _col1 (type: string), _col2 (type: binary)
            Execution mode: vectorized, llap
            LLAP IO: no inputs
        Map 4 
            Map Operator Tree:
                TableScan
                  alias: srcpart_date_n7
                  filterExpr: ds is not null (type: boolean)
                  Statistics: Num rows: 2000 Data size: 720000 Basic stats: COMPLETE Column stats: COMPLETE
                  Select Operator
                    expressions: ds (type: string)
                    outputColumnNames: _col0
                    Statistics: Num rows: 2000 Data size: 368000 Basic stats: COMPLETE Column stats: COMPLETE
                    Map Join Operator
                      condition map:
                           Inner Join 0 to 1
                      keys:
                        0 _col1 (type: string)
                        1 _col0 (type: string)
                      input vertices:
                        0 Map 1
                      Statistics: Num rows: 2200 Data size: 404800 Basic stats: PARTIAL Column stats: NONE
                      Group By Operator
                        aggregations: count()
                        mode: hash
                        outputColumnNames: _col0
                        Statistics: Num rows: 1 Data size: 8 Basic stats: PARTIAL Column stats: NONE
                        Reduce Output Operator
                          sort order: 
                          Statistics: Num rows: 1 Data size: 8 Basic stats: PARTIAL Column stats: NONE
                          value expressions: _col0 (type: bigint)
            Execution mode: vectorized, llap
            LLAP IO: all inputs
        Reducer 3 
            Execution mode: vectorized, llap
            Reduce Operator Tree:
              Group By Operator
                aggregations: min(VALUE._col0), max(VALUE._col1), bloom_filter(VALUE._col2, expectedEntries=10)
                mode: final
                outputColumnNames: _col0, _col1, _col2
                Statistics: Num rows: 1 Data size: 552 Basic stats: COMPLETE Column stats: COMPLETE
                Reduce Output Operator
                  sort order: 
                  Statistics: Num rows: 1 Data size: 552 Basic stats: COMPLETE Column stats: COMPLETE
                  value expressions: _col0 (type: string), _col1 (type: string), _col2 (type: binary)
        Reducer 5 
            Execution mode: vectorized, llap
            Reduce Operator Tree:
              Group By Operator
                aggregations: count(VALUE._col0)
                mode: mergepartial
                outputColumnNames: _col0
                Statistics: Num rows: 1 Data size: 8 Basic stats: PARTIAL Column stats: NONE
                File Output Operator
                  compressed: false
                  Statistics: Num rows: 1 Data size: 8 Basic stats: PARTIAL Column stats: NONE
                  table:
                      input format: org.apache.hadoop.mapred.SequenceFileInputFormat
                      output format: org.apache.hadoop.hive.ql.io.HiveSequenceFileOutputFormat
                      serde: org.apache.hadoop.hive.serde2.lazy.LazySimpleSerDe

  Stage: Stage-0
    Fetch Operator
      limit: -1
      Processor Tree:
        ListSink

PREHOOK: query: select count(*) from srcpart_small10, srcpart_small_n3, srcpart_date_n7 where srcpart_small_n3.key1 = srcpart_small10.key1 and srcpart_date_n7.ds = srcpart_small_n3.ds
PREHOOK: type: QUERY
PREHOOK: Input: default@srcpart_date_n7
PREHOOK: Input: default@srcpart_date_n7@ds=2008-04-08
PREHOOK: Input: default@srcpart_date_n7@ds=2008-04-09
PREHOOK: Input: default@srcpart_small10
PREHOOK: Input: default@srcpart_small_n3
PREHOOK: Input: default@srcpart_small_n3@ds=2008-04-08
PREHOOK: Input: default@srcpart_small_n3@ds=2008-04-09
#### A masked pattern was here ####
POSTHOOK: query: select count(*) from srcpart_small10, srcpart_small_n3, srcpart_date_n7 where srcpart_small_n3.key1 = srcpart_small10.key1 and srcpart_date_n7.ds = srcpart_small_n3.ds
POSTHOOK: type: QUERY
POSTHOOK: Input: default@srcpart_date_n7
POSTHOOK: Input: default@srcpart_date_n7@ds=2008-04-08
POSTHOOK: Input: default@srcpart_date_n7@ds=2008-04-09
POSTHOOK: Input: default@srcpart_small10
POSTHOOK: Input: default@srcpart_small_n3
POSTHOOK: Input: default@srcpart_small_n3@ds=2008-04-08
POSTHOOK: Input: default@srcpart_small_n3@ds=2008-04-09
#### A masked pattern was here ####
10000
PREHOOK: query: EXPLAIN select count(*) from srcpart_small10, srcpart_small_n3, srcpart_date_n7 where srcpart_small_n3.key1 = srcpart_small10.key1 and srcpart_date_n7.ds = srcpart_small_n3.ds
PREHOOK: type: QUERY
POSTHOOK: query: EXPLAIN select count(*) from srcpart_small10, srcpart_small_n3, srcpart_date_n7 where srcpart_small_n3.key1 = srcpart_small10.key1 and srcpart_date_n7.ds = srcpart_small_n3.ds
POSTHOOK: type: QUERY
STAGE DEPENDENCIES:
  Stage-1 is a root stage
  Stage-0 depends on stages: Stage-1

STAGE PLANS:
  Stage: Stage-1
    Tez
#### A masked pattern was here ####
      Edges:
        Map 1 <- Map 2 (BROADCAST_EDGE), Reducer 3 (BROADCAST_EDGE)
        Map 4 <- Map 1 (BROADCAST_EDGE)
        Reducer 3 <- Map 2 (CUSTOM_SIMPLE_EDGE)
        Reducer 5 <- Map 4 (CUSTOM_SIMPLE_EDGE)
#### A masked pattern was here ####
      Vertices:
        Map 1 
            Map Operator Tree:
                TableScan
                  alias: srcpart_small_n3
                  filterExpr: (key1 is not null and (key1 BETWEEN DynamicValue(RS_10_srcpart_small10_key1_min) AND DynamicValue(RS_10_srcpart_small10_key1_max) and in_bloom_filter(key1, DynamicValue(RS_10_srcpart_small10_key1_bloom_filter)))) (type: boolean)
                  Statistics: Num rows: 20 Data size: 5420 Basic stats: PARTIAL Column stats: PARTIAL
                  Filter Operator
                    predicate: ((key1 BETWEEN DynamicValue(RS_10_srcpart_small10_key1_min) AND DynamicValue(RS_10_srcpart_small10_key1_max) and in_bloom_filter(key1, DynamicValue(RS_10_srcpart_small10_key1_bloom_filter))) and key1 is not null) (type: boolean)
                    Statistics: Num rows: 20 Data size: 5420 Basic stats: PARTIAL Column stats: PARTIAL
                    Select Operator
                      expressions: key1 (type: string), ds (type: string)
                      outputColumnNames: _col0, _col1
                      Statistics: Num rows: 20 Data size: 5420 Basic stats: PARTIAL Column stats: PARTIAL
                      Map Join Operator
                        condition map:
                             Inner Join 0 to 1
                        keys:
                          0 _col0 (type: string)
                          1 _col0 (type: string)
                        outputColumnNames: _col1
                        input vertices:
                          1 Map 2
                        Statistics: Num rows: 22 Data size: 5962 Basic stats: PARTIAL Column stats: NONE
                        Reduce Output Operator
                          key expressions: _col1 (type: string)
                          sort order: +
                          Map-reduce partition columns: _col1 (type: string)
                          Statistics: Num rows: 22 Data size: 5962 Basic stats: PARTIAL Column stats: NONE
                        Select Operator
                          expressions: _col1 (type: string)
                          outputColumnNames: _col0
                          Statistics: Num rows: 22 Data size: 5962 Basic stats: PARTIAL Column stats: NONE
                          Group By Operator
                            keys: _col0 (type: string)
                            mode: hash
                            outputColumnNames: _col0
                            Statistics: Num rows: 22 Data size: 5962 Basic stats: PARTIAL Column stats: NONE
                            Dynamic Partitioning Event Operator
                              Target column: ds (string)
                              Target Input: srcpart_date_n7
                              Partition key expr: ds
                              Statistics: Num rows: 22 Data size: 5962 Basic stats: PARTIAL Column stats: NONE
                              Target Vertex: Map 4
            Execution mode: vectorized, llap
            LLAP IO: all inputs
        Map 2 
            Map Operator Tree:
                TableScan
                  alias: srcpart_small10
                  filterExpr: key1 is not null (type: boolean)
                  Statistics: Num rows: 10 Data size: 870 Basic stats: COMPLETE Column stats: COMPLETE
                  Filter Operator
                    predicate: key1 is not null (type: boolean)
                    Statistics: Num rows: 10 Data size: 870 Basic stats: COMPLETE Column stats: COMPLETE
                    Select Operator
                      expressions: key1 (type: string)
                      outputColumnNames: _col0
                      Statistics: Num rows: 10 Data size: 870 Basic stats: COMPLETE Column stats: COMPLETE
                      Reduce Output Operator
                        key expressions: _col0 (type: string)
                        sort order: +
                        Map-reduce partition columns: _col0 (type: string)
                        Statistics: Num rows: 10 Data size: 870 Basic stats: COMPLETE Column stats: COMPLETE
                      Select Operator
                        expressions: _col0 (type: string)
                        outputColumnNames: _col0
                        Statistics: Num rows: 10 Data size: 870 Basic stats: COMPLETE Column stats: COMPLETE
                        Group By Operator
                          aggregations: min(_col0), max(_col0), bloom_filter(_col0, expectedEntries=10)
                          mode: hash
                          outputColumnNames: _col0, _col1, _col2
                          Statistics: Num rows: 1 Data size: 552 Basic stats: COMPLETE Column stats: COMPLETE
                          Reduce Output Operator
                            sort order: 
                            Statistics: Num rows: 1 Data size: 552 Basic stats: COMPLETE Column stats: COMPLETE
                            value expressions: _col0 (type: string), _col1 (type: string), _col2 (type: binary)
            Execution mode: vectorized, llap
            LLAP IO: no inputs
        Map 4 
            Map Operator Tree:
                TableScan
                  alias: srcpart_date_n7
                  filterExpr: ds is not null (type: boolean)
                  Statistics: Num rows: 2000 Data size: 720000 Basic stats: COMPLETE Column stats: COMPLETE
                  Select Operator
                    expressions: ds (type: string)
                    outputColumnNames: _col0
                    Statistics: Num rows: 2000 Data size: 368000 Basic stats: COMPLETE Column stats: COMPLETE
                    Map Join Operator
                      condition map:
                           Inner Join 0 to 1
                      keys:
                        0 _col1 (type: string)
                        1 _col0 (type: string)
                      input vertices:
                        0 Map 1
                      Statistics: Num rows: 2200 Data size: 404800 Basic stats: PARTIAL Column stats: NONE
                      Group By Operator
                        aggregations: count()
                        mode: hash
                        outputColumnNames: _col0
                        Statistics: Num rows: 1 Data size: 8 Basic stats: PARTIAL Column stats: NONE
                        Reduce Output Operator
                          sort order: 
                          Statistics: Num rows: 1 Data size: 8 Basic stats: PARTIAL Column stats: NONE
                          value expressions: _col0 (type: bigint)
            Execution mode: vectorized, llap
            LLAP IO: all inputs
        Reducer 3 
            Execution mode: vectorized, llap
            Reduce Operator Tree:
              Group By Operator
                aggregations: min(VALUE._col0), max(VALUE._col1), bloom_filter(VALUE._col2, expectedEntries=10)
                mode: final
                outputColumnNames: _col0, _col1, _col2
                Statistics: Num rows: 1 Data size: 552 Basic stats: COMPLETE Column stats: COMPLETE
                Reduce Output Operator
                  sort order: 
                  Statistics: Num rows: 1 Data size: 552 Basic stats: COMPLETE Column stats: COMPLETE
                  value expressions: _col0 (type: string), _col1 (type: string), _col2 (type: binary)
        Reducer 5 
            Execution mode: vectorized, llap
            Reduce Operator Tree:
              Group By Operator
                aggregations: count(VALUE._col0)
                mode: mergepartial
                outputColumnNames: _col0
                Statistics: Num rows: 1 Data size: 8 Basic stats: PARTIAL Column stats: NONE
                File Output Operator
                  compressed: false
                  Statistics: Num rows: 1 Data size: 8 Basic stats: PARTIAL Column stats: NONE
                  table:
                      input format: org.apache.hadoop.mapred.SequenceFileInputFormat
                      output format: org.apache.hadoop.hive.ql.io.HiveSequenceFileOutputFormat
                      serde: org.apache.hadoop.hive.serde2.lazy.LazySimpleSerDe

  Stage: Stage-0
    Fetch Operator
      limit: -1
      Processor Tree:
        ListSink

PREHOOK: query: EXPLAIN select count(*) from srcpart_small10, srcpart_small_n3, srcpart_date_n7 where srcpart_small_n3.key1 = srcpart_small10.key1 and srcpart_date_n7.ds = srcpart_small_n3.ds
PREHOOK: type: QUERY
POSTHOOK: query: EXPLAIN select count(*) from srcpart_small10, srcpart_small_n3, srcpart_date_n7 where srcpart_small_n3.key1 = srcpart_small10.key1 and srcpart_date_n7.ds = srcpart_small_n3.ds
POSTHOOK: type: QUERY
STAGE DEPENDENCIES:
  Stage-1 is a root stage
  Stage-0 depends on stages: Stage-1

STAGE PLANS:
  Stage: Stage-1
    Tez
#### A masked pattern was here ####
      Edges:
        Map 1 <- Map 2 (BROADCAST_EDGE)
        Map 3 <- Map 1 (BROADCAST_EDGE)
        Reducer 4 <- Map 3 (CUSTOM_SIMPLE_EDGE)
#### A masked pattern was here ####
      Vertices:
        Map 1 
            Map Operator Tree:
                TableScan
                  alias: srcpart_small_n3
                  filterExpr: key1 is not null (type: boolean)
                  Statistics: Num rows: 20 Data size: 5420 Basic stats: PARTIAL Column stats: PARTIAL
                  Filter Operator
                    predicate: key1 is not null (type: boolean)
                    Statistics: Num rows: 20 Data size: 5420 Basic stats: PARTIAL Column stats: PARTIAL
                    Select Operator
                      expressions: key1 (type: string), ds (type: string)
                      outputColumnNames: _col0, _col1
                      Statistics: Num rows: 20 Data size: 5420 Basic stats: PARTIAL Column stats: PARTIAL
                      Map Join Operator
                        condition map:
                             Inner Join 0 to 1
                        keys:
                          0 _col0 (type: string)
                          1 _col0 (type: string)
                        outputColumnNames: _col1
                        input vertices:
                          1 Map 2
                        Statistics: Num rows: 22 Data size: 5962 Basic stats: PARTIAL Column stats: NONE
                        Reduce Output Operator
                          key expressions: _col1 (type: string)
                          sort order: +
                          Map-reduce partition columns: _col1 (type: string)
                          Statistics: Num rows: 22 Data size: 5962 Basic stats: PARTIAL Column stats: NONE
                        Select Operator
                          expressions: _col1 (type: string)
                          outputColumnNames: _col0
                          Statistics: Num rows: 22 Data size: 5962 Basic stats: PARTIAL Column stats: NONE
                          Group By Operator
                            keys: _col0 (type: string)
                            mode: hash
                            outputColumnNames: _col0
                            Statistics: Num rows: 22 Data size: 5962 Basic stats: PARTIAL Column stats: NONE
                            Dynamic Partitioning Event Operator
                              Target column: ds (string)
                              Target Input: srcpart_date_n7
                              Partition key expr: ds
                              Statistics: Num rows: 22 Data size: 5962 Basic stats: PARTIAL Column stats: NONE
                              Target Vertex: Map 3
            Execution mode: vectorized, llap
            LLAP IO: all inputs
        Map 2 
            Map Operator Tree:
                TableScan
                  alias: srcpart_small10
                  filterExpr: key1 is not null (type: boolean)
                  Statistics: Num rows: 10 Data size: 870 Basic stats: COMPLETE Column stats: COMPLETE
                  Filter Operator
                    predicate: key1 is not null (type: boolean)
                    Statistics: Num rows: 10 Data size: 870 Basic stats: COMPLETE Column stats: COMPLETE
                    Select Operator
                      expressions: key1 (type: string)
                      outputColumnNames: _col0
                      Statistics: Num rows: 10 Data size: 870 Basic stats: COMPLETE Column stats: COMPLETE
                      Reduce Output Operator
                        key expressions: _col0 (type: string)
                        sort order: +
                        Map-reduce partition columns: _col0 (type: string)
                        Statistics: Num rows: 10 Data size: 870 Basic stats: COMPLETE Column stats: COMPLETE
            Execution mode: vectorized, llap
            LLAP IO: no inputs
        Map 3 
            Map Operator Tree:
                TableScan
                  alias: srcpart_date_n7
                  filterExpr: ds is not null (type: boolean)
                  Statistics: Num rows: 2000 Data size: 720000 Basic stats: COMPLETE Column stats: COMPLETE
                  Select Operator
                    expressions: ds (type: string)
                    outputColumnNames: _col0
                    Statistics: Num rows: 2000 Data size: 368000 Basic stats: COMPLETE Column stats: COMPLETE
                    Map Join Operator
                      condition map:
                           Inner Join 0 to 1
                      keys:
                        0 _col1 (type: string)
                        1 _col0 (type: string)
                      input vertices:
                        0 Map 1
                      Statistics: Num rows: 2200 Data size: 404800 Basic stats: PARTIAL Column stats: NONE
                      Group By Operator
                        aggregations: count()
                        mode: hash
                        outputColumnNames: _col0
                        Statistics: Num rows: 1 Data size: 8 Basic stats: PARTIAL Column stats: NONE
                        Reduce Output Operator
                          sort order: 
                          Statistics: Num rows: 1 Data size: 8 Basic stats: PARTIAL Column stats: NONE
                          value expressions: _col0 (type: bigint)
            Execution mode: vectorized, llap
            LLAP IO: all inputs
        Reducer 4 
            Execution mode: vectorized, llap
            Reduce Operator Tree:
              Group By Operator
                aggregations: count(VALUE._col0)
                mode: mergepartial
                outputColumnNames: _col0
                Statistics: Num rows: 1 Data size: 8 Basic stats: PARTIAL Column stats: NONE
                File Output Operator
                  compressed: false
                  Statistics: Num rows: 1 Data size: 8 Basic stats: PARTIAL Column stats: NONE
                  table:
                      input format: org.apache.hadoop.mapred.SequenceFileInputFormat
                      output format: org.apache.hadoop.hive.ql.io.HiveSequenceFileOutputFormat
                      serde: org.apache.hadoop.hive.serde2.lazy.LazySimpleSerDe

  Stage: Stage-0
    Fetch Operator
      limit: -1
      Processor Tree:
        ListSink

PREHOOK: query: explain select * from alltypesorc_int_n1 join
                                      (select srcpart_date_n7.key as key from srcpart_date_n7
                                       union all
                                       select srcpart_small_n3.key1 as key from srcpart_small_n3) unionsrc on (alltypesorc_int_n1.cstring = unionsrc.key)
PREHOOK: type: QUERY
POSTHOOK: query: explain select * from alltypesorc_int_n1 join
                                      (select srcpart_date_n7.key as key from srcpart_date_n7
                                       union all
                                       select srcpart_small_n3.key1 as key from srcpart_small_n3) unionsrc on (alltypesorc_int_n1.cstring = unionsrc.key)
POSTHOOK: type: QUERY
STAGE DEPENDENCIES:
  Stage-1 is a root stage
  Stage-0 depends on stages: Stage-1

STAGE PLANS:
  Stage: Stage-1
    Tez
#### A masked pattern was here ####
      Edges:
        Map 1 <- Union 3 (BROADCAST_EDGE)
        Map 2 <- Union 3 (CONTAINS)
        Map 4 <- Union 3 (CONTAINS)
#### A masked pattern was here ####
      Vertices:
        Map 1 
            Map Operator Tree:
                TableScan
                  alias: alltypesorc_int_n1
                  filterExpr: cstring is not null (type: boolean)
                  Statistics: Num rows: 12288 Data size: 899146 Basic stats: COMPLETE Column stats: COMPLETE
                  Filter Operator
                    predicate: cstring is not null (type: boolean)
                    Statistics: Num rows: 9174 Data size: 671296 Basic stats: COMPLETE Column stats: COMPLETE
                    Select Operator
                      expressions: cint (type: int), cstring (type: string)
                      outputColumnNames: _col0, _col1
                      Statistics: Num rows: 9174 Data size: 671296 Basic stats: COMPLETE Column stats: COMPLETE
                      Map Join Operator
                        condition map:
                             Inner Join 0 to 1
                        keys:
                          0 _col1 (type: string)
                          1 _col0 (type: string)
                        outputColumnNames: _col0, _col1, _col2
                        input vertices:
                          1 Union 3
                        Statistics: Num rows: 10091 Data size: 738425 Basic stats: PARTIAL Column stats: NONE
                        File Output Operator
                          compressed: false
                          Statistics: Num rows: 10091 Data size: 738425 Basic stats: PARTIAL Column stats: NONE
                          table:
                              input format: org.apache.hadoop.mapred.SequenceFileInputFormat
                              output format: org.apache.hadoop.hive.ql.io.HiveSequenceFileOutputFormat
                              serde: org.apache.hadoop.hive.serde2.lazy.LazySimpleSerDe
            Execution mode: vectorized, llap
            LLAP IO: all inputs
        Map 2 
            Map Operator Tree:
                TableScan
                  alias: srcpart_date_n7
                  filterExpr: key is not null (type: boolean)
                  Statistics: Num rows: 2000 Data size: 174000 Basic stats: COMPLETE Column stats: COMPLETE
                  Filter Operator
                    predicate: key is not null (type: boolean)
                    Statistics: Num rows: 2000 Data size: 174000 Basic stats: COMPLETE Column stats: COMPLETE
                    Select Operator
                      expressions: key (type: string)
                      outputColumnNames: _col0
                      Statistics: Num rows: 2000 Data size: 174000 Basic stats: COMPLETE Column stats: COMPLETE
                      Reduce Output Operator
                        key expressions: _col0 (type: string)
                        sort order: +
                        Map-reduce partition columns: _col0 (type: string)
                        Statistics: Num rows: 2020 Data size: 175740 Basic stats: PARTIAL Column stats: PARTIAL
            Execution mode: vectorized, llap
            LLAP IO: all inputs
        Map 4 
            Map Operator Tree:
                TableScan
                  alias: srcpart_small_n3
                  filterExpr: key1 is not null (type: boolean)
                  Statistics: Num rows: 20 Data size: 1740 Basic stats: PARTIAL Column stats: PARTIAL
                  Filter Operator
                    predicate: key1 is not null (type: boolean)
                    Statistics: Num rows: 20 Data size: 1740 Basic stats: PARTIAL Column stats: PARTIAL
                    Select Operator
                      expressions: key1 (type: string)
                      outputColumnNames: _col0
                      Statistics: Num rows: 20 Data size: 1740 Basic stats: PARTIAL Column stats: PARTIAL
                      Reduce Output Operator
                        key expressions: _col0 (type: string)
                        sort order: +
                        Map-reduce partition columns: _col0 (type: string)
                        Statistics: Num rows: 2020 Data size: 175740 Basic stats: PARTIAL Column stats: PARTIAL
            Execution mode: vectorized, llap
            LLAP IO: all inputs
        Union 3 
            Vertex: Union 3

  Stage: Stage-0
    Fetch Operator
      limit: -1
      Processor Tree:
        ListSink

PREHOOK: query: drop table srcpart_date_n7
PREHOOK: type: DROPTABLE
PREHOOK: Input: default@srcpart_date_n7
PREHOOK: Output: default@srcpart_date_n7
POSTHOOK: query: drop table srcpart_date_n7
POSTHOOK: type: DROPTABLE
POSTHOOK: Input: default@srcpart_date_n7
POSTHOOK: Output: default@srcpart_date_n7
PREHOOK: query: drop table srcpart_small_n3
PREHOOK: type: DROPTABLE
PREHOOK: Input: default@srcpart_small_n3
PREHOOK: Output: default@srcpart_small_n3
POSTHOOK: query: drop table srcpart_small_n3
POSTHOOK: type: DROPTABLE
POSTHOOK: Input: default@srcpart_small_n3
POSTHOOK: Output: default@srcpart_small_n3
PREHOOK: query: drop table alltypesorc_int_n1
PREHOOK: type: DROPTABLE
PREHOOK: Input: default@alltypesorc_int_n1
PREHOOK: Output: default@alltypesorc_int_n1
POSTHOOK: query: drop table alltypesorc_int_n1
POSTHOOK: type: DROPTABLE
POSTHOOK: Input: default@alltypesorc_int_n1
POSTHOOK: Output: default@alltypesorc_int_n1
