PREHOOK: query: create table srcpart_date (key string, value string) partitioned by (ds string ) stored as ORC
PREHOOK: type: CREATETABLE
PREHOOK: Output: database:default
PREHOOK: Output: default@srcpart_date
POSTHOOK: query: create table srcpart_date (key string, value string) partitioned by (ds string ) stored as ORC
POSTHOOK: type: CREATETABLE
POSTHOOK: Output: database:default
POSTHOOK: Output: default@srcpart_date
PREHOOK: query: CREATE TABLE srcpart_small(key1 STRING, value1 STRING) partitioned by (ds string) STORED as ORC
PREHOOK: type: CREATETABLE
PREHOOK: Output: database:default
PREHOOK: Output: default@srcpart_small
POSTHOOK: query: CREATE TABLE srcpart_small(key1 STRING, value1 STRING) partitioned by (ds string) STORED as ORC
POSTHOOK: type: CREATETABLE
POSTHOOK: Output: database:default
POSTHOOK: Output: default@srcpart_small
PREHOOK: query: create external table srcpart_date_ext (key string, value string) partitioned by (ds string ) stored as ORC
PREHOOK: type: CREATETABLE
PREHOOK: Output: database:default
PREHOOK: Output: default@srcpart_date_ext
POSTHOOK: query: create external table srcpart_date_ext (key string, value string) partitioned by (ds string ) stored as ORC
POSTHOOK: type: CREATETABLE
POSTHOOK: Output: database:default
POSTHOOK: Output: default@srcpart_date_ext
PREHOOK: query: CREATE external TABLE srcpart_small_ext(key1 STRING, value1 STRING) partitioned by (ds string) STORED as ORC
PREHOOK: type: CREATETABLE
PREHOOK: Output: database:default
PREHOOK: Output: default@srcpart_small_ext
POSTHOOK: query: CREATE external TABLE srcpart_small_ext(key1 STRING, value1 STRING) partitioned by (ds string) STORED as ORC
POSTHOOK: type: CREATETABLE
POSTHOOK: Output: database:default
POSTHOOK: Output: default@srcpart_small_ext
PREHOOK: query: alter table srcpart_date add partition (ds = "2008-04-08")
PREHOOK: type: ALTERTABLE_ADDPARTS
PREHOOK: Output: default@srcpart_date
POSTHOOK: query: alter table srcpart_date add partition (ds = "2008-04-08")
POSTHOOK: type: ALTERTABLE_ADDPARTS
POSTHOOK: Output: default@srcpart_date
POSTHOOK: Output: default@srcpart_date@ds=2008-04-08
PREHOOK: query: alter table srcpart_date add partition (ds = "2008-04-09")
PREHOOK: type: ALTERTABLE_ADDPARTS
PREHOOK: Output: default@srcpart_date
POSTHOOK: query: alter table srcpart_date add partition (ds = "2008-04-09")
POSTHOOK: type: ALTERTABLE_ADDPARTS
POSTHOOK: Output: default@srcpart_date
POSTHOOK: Output: default@srcpart_date@ds=2008-04-09
PREHOOK: query: alter table srcpart_small add partition (ds = "2008-04-08")
PREHOOK: type: ALTERTABLE_ADDPARTS
PREHOOK: Output: default@srcpart_small
POSTHOOK: query: alter table srcpart_small add partition (ds = "2008-04-08")
POSTHOOK: type: ALTERTABLE_ADDPARTS
POSTHOOK: Output: default@srcpart_small
POSTHOOK: Output: default@srcpart_small@ds=2008-04-08
PREHOOK: query: alter table srcpart_small add partition (ds = "2008-04-09")
PREHOOK: type: ALTERTABLE_ADDPARTS
PREHOOK: Output: default@srcpart_small
POSTHOOK: query: alter table srcpart_small add partition (ds = "2008-04-09")
POSTHOOK: type: ALTERTABLE_ADDPARTS
POSTHOOK: Output: default@srcpart_small
POSTHOOK: Output: default@srcpart_small@ds=2008-04-09
PREHOOK: query: alter table srcpart_date_ext add partition (ds = "2008-04-08")
PREHOOK: type: ALTERTABLE_ADDPARTS
PREHOOK: Output: default@srcpart_date_ext
POSTHOOK: query: alter table srcpart_date_ext add partition (ds = "2008-04-08")
POSTHOOK: type: ALTERTABLE_ADDPARTS
POSTHOOK: Output: default@srcpart_date_ext
POSTHOOK: Output: default@srcpart_date_ext@ds=2008-04-08
PREHOOK: query: alter table srcpart_date_ext add partition (ds = "2008-04-09")
PREHOOK: type: ALTERTABLE_ADDPARTS
PREHOOK: Output: default@srcpart_date_ext
POSTHOOK: query: alter table srcpart_date_ext add partition (ds = "2008-04-09")
POSTHOOK: type: ALTERTABLE_ADDPARTS
POSTHOOK: Output: default@srcpart_date_ext
POSTHOOK: Output: default@srcpart_date_ext@ds=2008-04-09
PREHOOK: query: alter table srcpart_small_ext add partition (ds = "2008-04-08")
PREHOOK: type: ALTERTABLE_ADDPARTS
PREHOOK: Output: default@srcpart_small_ext
POSTHOOK: query: alter table srcpart_small_ext add partition (ds = "2008-04-08")
POSTHOOK: type: ALTERTABLE_ADDPARTS
POSTHOOK: Output: default@srcpart_small_ext
POSTHOOK: Output: default@srcpart_small_ext@ds=2008-04-08
PREHOOK: query: alter table srcpart_small_ext add partition (ds = "2008-04-09")
PREHOOK: type: ALTERTABLE_ADDPARTS
PREHOOK: Output: default@srcpart_small_ext
POSTHOOK: query: alter table srcpart_small_ext add partition (ds = "2008-04-09")
POSTHOOK: type: ALTERTABLE_ADDPARTS
POSTHOOK: Output: default@srcpart_small_ext
POSTHOOK: Output: default@srcpart_small_ext@ds=2008-04-09
PREHOOK: query: insert overwrite table srcpart_date partition (ds = "2008-04-08" ) select key, value from srcpart where ds = "2008-04-08"
PREHOOK: type: QUERY
PREHOOK: Input: default@srcpart
PREHOOK: Input: default@srcpart@ds=2008-04-08/hr=11
PREHOOK: Input: default@srcpart@ds=2008-04-08/hr=12
PREHOOK: Output: default@srcpart_date@ds=2008-04-08
POSTHOOK: query: insert overwrite table srcpart_date partition (ds = "2008-04-08" ) select key, value from srcpart where ds = "2008-04-08"
POSTHOOK: type: QUERY
POSTHOOK: Input: default@srcpart
POSTHOOK: Input: default@srcpart@ds=2008-04-08/hr=11
POSTHOOK: Input: default@srcpart@ds=2008-04-08/hr=12
POSTHOOK: Output: default@srcpart_date@ds=2008-04-08
POSTHOOK: Lineage: srcpart_date PARTITION(ds=2008-04-08).key SIMPLE [(srcpart)srcpart.FieldSchema(name:key, type:string, comment:default), ]
POSTHOOK: Lineage: srcpart_date PARTITION(ds=2008-04-08).value SIMPLE [(srcpart)srcpart.FieldSchema(name:value, type:string, comment:default), ]
PREHOOK: query: insert overwrite table srcpart_date partition (ds = "2008-04-09") select key, value from srcpart where ds = "2008-04-09"
PREHOOK: type: QUERY
PREHOOK: Input: default@srcpart
PREHOOK: Input: default@srcpart@ds=2008-04-09/hr=11
PREHOOK: Input: default@srcpart@ds=2008-04-09/hr=12
PREHOOK: Output: default@srcpart_date@ds=2008-04-09
POSTHOOK: query: insert overwrite table srcpart_date partition (ds = "2008-04-09") select key, value from srcpart where ds = "2008-04-09"
POSTHOOK: type: QUERY
POSTHOOK: Input: default@srcpart
POSTHOOK: Input: default@srcpart@ds=2008-04-09/hr=11
POSTHOOK: Input: default@srcpart@ds=2008-04-09/hr=12
POSTHOOK: Output: default@srcpart_date@ds=2008-04-09
POSTHOOK: Lineage: srcpart_date PARTITION(ds=2008-04-09).key SIMPLE [(srcpart)srcpart.FieldSchema(name:key, type:string, comment:default), ]
POSTHOOK: Lineage: srcpart_date PARTITION(ds=2008-04-09).value SIMPLE [(srcpart)srcpart.FieldSchema(name:value, type:string, comment:default), ]
PREHOOK: query: insert overwrite table srcpart_small partition (ds = "2008-04-09") select key, value from srcpart where ds = "2008-04-09" limit 20
PREHOOK: type: QUERY
PREHOOK: Input: default@srcpart
PREHOOK: Input: default@srcpart@ds=2008-04-09/hr=11
PREHOOK: Input: default@srcpart@ds=2008-04-09/hr=12
PREHOOK: Output: default@srcpart_small@ds=2008-04-09
POSTHOOK: query: insert overwrite table srcpart_small partition (ds = "2008-04-09") select key, value from srcpart where ds = "2008-04-09" limit 20
POSTHOOK: type: QUERY
POSTHOOK: Input: default@srcpart
POSTHOOK: Input: default@srcpart@ds=2008-04-09/hr=11
POSTHOOK: Input: default@srcpart@ds=2008-04-09/hr=12
POSTHOOK: Output: default@srcpart_small@ds=2008-04-09
POSTHOOK: Lineage: srcpart_small PARTITION(ds=2008-04-09).key1 SIMPLE [(srcpart)srcpart.FieldSchema(name:key, type:string, comment:default), ]
POSTHOOK: Lineage: srcpart_small PARTITION(ds=2008-04-09).value1 SIMPLE [(srcpart)srcpart.FieldSchema(name:value, type:string, comment:default), ]
PREHOOK: query: insert overwrite table srcpart_date_ext partition (ds = "2008-04-08" ) select key, value from srcpart where ds = "2008-04-08"
PREHOOK: type: QUERY
PREHOOK: Input: default@srcpart
PREHOOK: Input: default@srcpart@ds=2008-04-08/hr=11
PREHOOK: Input: default@srcpart@ds=2008-04-08/hr=12
PREHOOK: Output: default@srcpart_date_ext@ds=2008-04-08
POSTHOOK: query: insert overwrite table srcpart_date_ext partition (ds = "2008-04-08" ) select key, value from srcpart where ds = "2008-04-08"
POSTHOOK: type: QUERY
POSTHOOK: Input: default@srcpart
POSTHOOK: Input: default@srcpart@ds=2008-04-08/hr=11
POSTHOOK: Input: default@srcpart@ds=2008-04-08/hr=12
POSTHOOK: Output: default@srcpart_date_ext@ds=2008-04-08
POSTHOOK: Lineage: srcpart_date_ext PARTITION(ds=2008-04-08).key SIMPLE [(srcpart)srcpart.FieldSchema(name:key, type:string, comment:default), ]
POSTHOOK: Lineage: srcpart_date_ext PARTITION(ds=2008-04-08).value SIMPLE [(srcpart)srcpart.FieldSchema(name:value, type:string, comment:default), ]
PREHOOK: query: insert overwrite table srcpart_date_ext partition (ds = "2008-04-09") select key, value from srcpart where ds = "2008-04-09"
PREHOOK: type: QUERY
PREHOOK: Input: default@srcpart
PREHOOK: Input: default@srcpart@ds=2008-04-09/hr=11
PREHOOK: Input: default@srcpart@ds=2008-04-09/hr=12
PREHOOK: Output: default@srcpart_date_ext@ds=2008-04-09
POSTHOOK: query: insert overwrite table srcpart_date_ext partition (ds = "2008-04-09") select key, value from srcpart where ds = "2008-04-09"
POSTHOOK: type: QUERY
POSTHOOK: Input: default@srcpart
POSTHOOK: Input: default@srcpart@ds=2008-04-09/hr=11
POSTHOOK: Input: default@srcpart@ds=2008-04-09/hr=12
POSTHOOK: Output: default@srcpart_date_ext@ds=2008-04-09
POSTHOOK: Lineage: srcpart_date_ext PARTITION(ds=2008-04-09).key SIMPLE [(srcpart)srcpart.FieldSchema(name:key, type:string, comment:default), ]
POSTHOOK: Lineage: srcpart_date_ext PARTITION(ds=2008-04-09).value SIMPLE [(srcpart)srcpart.FieldSchema(name:value, type:string, comment:default), ]
PREHOOK: query: insert overwrite table srcpart_small_ext partition (ds = "2008-04-09") select key, value from srcpart where ds = "2008-04-09" limit 20
PREHOOK: type: QUERY
PREHOOK: Input: default@srcpart
PREHOOK: Input: default@srcpart@ds=2008-04-09/hr=11
PREHOOK: Input: default@srcpart@ds=2008-04-09/hr=12
PREHOOK: Output: default@srcpart_small_ext@ds=2008-04-09
POSTHOOK: query: insert overwrite table srcpart_small_ext partition (ds = "2008-04-09") select key, value from srcpart where ds = "2008-04-09" limit 20
POSTHOOK: type: QUERY
POSTHOOK: Input: default@srcpart
POSTHOOK: Input: default@srcpart@ds=2008-04-09/hr=11
POSTHOOK: Input: default@srcpart@ds=2008-04-09/hr=12
POSTHOOK: Output: default@srcpart_small_ext@ds=2008-04-09
POSTHOOK: Lineage: srcpart_small_ext PARTITION(ds=2008-04-09).key1 SIMPLE [(srcpart)srcpart.FieldSchema(name:key, type:string, comment:default), ]
POSTHOOK: Lineage: srcpart_small_ext PARTITION(ds=2008-04-09).value1 SIMPLE [(srcpart)srcpart.FieldSchema(name:value, type:string, comment:default), ]
PREHOOK: query: analyze table srcpart_date compute statistics for columns
PREHOOK: type: ANALYZE_TABLE
PREHOOK: Input: default@srcpart_date
PREHOOK: Input: default@srcpart_date@ds=2008-04-08
PREHOOK: Input: default@srcpart_date@ds=2008-04-09
PREHOOK: Output: default@srcpart_date
PREHOOK: Output: default@srcpart_date@ds=2008-04-08
PREHOOK: Output: default@srcpart_date@ds=2008-04-09
#### A masked pattern was here ####
POSTHOOK: query: analyze table srcpart_date compute statistics for columns
POSTHOOK: type: ANALYZE_TABLE
POSTHOOK: Input: default@srcpart_date
POSTHOOK: Input: default@srcpart_date@ds=2008-04-08
POSTHOOK: Input: default@srcpart_date@ds=2008-04-09
POSTHOOK: Output: default@srcpart_date
POSTHOOK: Output: default@srcpart_date@ds=2008-04-08
POSTHOOK: Output: default@srcpart_date@ds=2008-04-09
#### A masked pattern was here ####
PREHOOK: query: analyze table srcpart_small compute statistics for columns
PREHOOK: type: ANALYZE_TABLE
PREHOOK: Input: default@srcpart_small
PREHOOK: Input: default@srcpart_small@ds=2008-04-08
PREHOOK: Input: default@srcpart_small@ds=2008-04-09
PREHOOK: Output: default@srcpart_small
PREHOOK: Output: default@srcpart_small@ds=2008-04-08
PREHOOK: Output: default@srcpart_small@ds=2008-04-09
#### A masked pattern was here ####
POSTHOOK: query: analyze table srcpart_small compute statistics for columns
POSTHOOK: type: ANALYZE_TABLE
POSTHOOK: Input: default@srcpart_small
POSTHOOK: Input: default@srcpart_small@ds=2008-04-08
POSTHOOK: Input: default@srcpart_small@ds=2008-04-09
POSTHOOK: Output: default@srcpart_small
POSTHOOK: Output: default@srcpart_small@ds=2008-04-08
POSTHOOK: Output: default@srcpart_small@ds=2008-04-09
#### A masked pattern was here ####
PREHOOK: query: analyze table srcpart_date_ext compute statistics for columns
PREHOOK: type: ANALYZE_TABLE
PREHOOK: Input: default@srcpart_date_ext
PREHOOK: Input: default@srcpart_date_ext@ds=2008-04-08
PREHOOK: Input: default@srcpart_date_ext@ds=2008-04-09
PREHOOK: Output: default@srcpart_date_ext
PREHOOK: Output: default@srcpart_date_ext@ds=2008-04-08
PREHOOK: Output: default@srcpart_date_ext@ds=2008-04-09
#### A masked pattern was here ####
POSTHOOK: query: analyze table srcpart_date_ext compute statistics for columns
POSTHOOK: type: ANALYZE_TABLE
POSTHOOK: Input: default@srcpart_date_ext
POSTHOOK: Input: default@srcpart_date_ext@ds=2008-04-08
POSTHOOK: Input: default@srcpart_date_ext@ds=2008-04-09
POSTHOOK: Output: default@srcpart_date_ext
POSTHOOK: Output: default@srcpart_date_ext@ds=2008-04-08
POSTHOOK: Output: default@srcpart_date_ext@ds=2008-04-09
#### A masked pattern was here ####
PREHOOK: query: analyze table srcpart_small_ext compute statistics for columns
PREHOOK: type: ANALYZE_TABLE
PREHOOK: Input: default@srcpart_small_ext
PREHOOK: Input: default@srcpart_small_ext@ds=2008-04-08
PREHOOK: Input: default@srcpart_small_ext@ds=2008-04-09
PREHOOK: Output: default@srcpart_small_ext
PREHOOK: Output: default@srcpart_small_ext@ds=2008-04-08
PREHOOK: Output: default@srcpart_small_ext@ds=2008-04-09
#### A masked pattern was here ####
POSTHOOK: query: analyze table srcpart_small_ext compute statistics for columns
POSTHOOK: type: ANALYZE_TABLE
POSTHOOK: Input: default@srcpart_small_ext
POSTHOOK: Input: default@srcpart_small_ext@ds=2008-04-08
POSTHOOK: Input: default@srcpart_small_ext@ds=2008-04-09
POSTHOOK: Output: default@srcpart_small_ext
POSTHOOK: Output: default@srcpart_small_ext@ds=2008-04-08
POSTHOOK: Output: default@srcpart_small_ext@ds=2008-04-09
#### A masked pattern was here ####
test.comment=This query should use semijoin reduction optimization
PREHOOK: query: EXPLAIN select count(*) from srcpart_date join srcpart_small on (srcpart_date.key = srcpart_small.key1)
PREHOOK: type: QUERY
POSTHOOK: query: EXPLAIN select count(*) from srcpart_date join srcpart_small on (srcpart_date.key = srcpart_small.key1)
POSTHOOK: type: QUERY
STAGE DEPENDENCIES:
  Stage-1 is a root stage
  Stage-0 depends on stages: Stage-1

STAGE PLANS:
  Stage: Stage-1
    Tez
#### A masked pattern was here ####
      Edges:
        Map 1 <- Reducer 5 (BROADCAST_EDGE)
        Reducer 2 <- Map 1 (SIMPLE_EDGE), Map 4 (SIMPLE_EDGE)
        Reducer 3 <- Reducer 2 (CUSTOM_SIMPLE_EDGE)
        Reducer 5 <- Map 4 (CUSTOM_SIMPLE_EDGE)
#### A masked pattern was here ####
      Vertices:
        Map 1 
            Map Operator Tree:
                TableScan
                  alias: srcpart_date
                  filterExpr: (key is not null and (key BETWEEN DynamicValue(RS_7_srcpart_small_key1_min) AND DynamicValue(RS_7_srcpart_small_key1_max) and in_bloom_filter(key, DynamicValue(RS_7_srcpart_small_key1_bloom_filter)))) (type: boolean)
                  Statistics: Num rows: 2000 Data size: 174000 Basic stats: COMPLETE Column stats: COMPLETE
                  Filter Operator
                    predicate: ((key BETWEEN DynamicValue(RS_7_srcpart_small_key1_min) AND DynamicValue(RS_7_srcpart_small_key1_max) and in_bloom_filter(key, DynamicValue(RS_7_srcpart_small_key1_bloom_filter))) and key is not null) (type: boolean)
                    Statistics: Num rows: 2000 Data size: 174000 Basic stats: COMPLETE Column stats: COMPLETE
                    Select Operator
                      expressions: key (type: string)
                      outputColumnNames: _col0
                      Statistics: Num rows: 2000 Data size: 174000 Basic stats: COMPLETE Column stats: COMPLETE
                      Reduce Output Operator
                        key expressions: _col0 (type: string)
                        sort order: +
                        Map-reduce partition columns: _col0 (type: string)
                        Statistics: Num rows: 2000 Data size: 174000 Basic stats: COMPLETE Column stats: COMPLETE
            Execution mode: vectorized, llap
            LLAP IO: all inputs
        Map 4 
            Map Operator Tree:
                TableScan
                  alias: srcpart_small
                  filterExpr: key1 is not null (type: boolean)
                  Statistics: Num rows: 20 Data size: 1740 Basic stats: PARTIAL Column stats: PARTIAL
                  Filter Operator
                    predicate: key1 is not null (type: boolean)
                    Statistics: Num rows: 20 Data size: 1740 Basic stats: PARTIAL Column stats: PARTIAL
                    Select Operator
                      expressions: key1 (type: string)
                      outputColumnNames: _col0
                      Statistics: Num rows: 20 Data size: 1740 Basic stats: PARTIAL Column stats: PARTIAL
                      Reduce Output Operator
                        key expressions: _col0 (type: string)
                        sort order: +
                        Map-reduce partition columns: _col0 (type: string)
                        Statistics: Num rows: 20 Data size: 1740 Basic stats: PARTIAL Column stats: PARTIAL
                      Select Operator
                        expressions: _col0 (type: string)
                        outputColumnNames: _col0
                        Statistics: Num rows: 20 Data size: 1740 Basic stats: PARTIAL Column stats: PARTIAL
                        Group By Operator
                          aggregations: min(_col0), max(_col0), bloom_filter(_col0, expectedEntries=20)
                          mode: hash
                          outputColumnNames: _col0, _col1, _col2
                          Statistics: Num rows: 1 Data size: 639 Basic stats: PARTIAL Column stats: PARTIAL
                          Reduce Output Operator
                            sort order: 
                            Statistics: Num rows: 1 Data size: 639 Basic stats: PARTIAL Column stats: PARTIAL
                            value expressions: _col0 (type: string), _col1 (type: string), _col2 (type: binary)
            Execution mode: vectorized, llap
            LLAP IO: all inputs
        Reducer 2 
            Execution mode: llap
            Reduce Operator Tree:
              Merge Join Operator
                condition map:
                     Inner Join 0 to 1
                keys:
                  0 _col0 (type: string)
                  1 _col0 (type: string)
                Statistics: Num rows: 2200 Data size: 191400 Basic stats: PARTIAL Column stats: NONE
                Group By Operator
                  aggregations: count()
                  mode: hash
                  outputColumnNames: _col0
                  Statistics: Num rows: 1 Data size: 8 Basic stats: PARTIAL Column stats: NONE
                  Reduce Output Operator
                    sort order: 
                    Statistics: Num rows: 1 Data size: 8 Basic stats: PARTIAL Column stats: NONE
                    value expressions: _col0 (type: bigint)
        Reducer 3 
            Execution mode: vectorized, llap
            Reduce Operator Tree:
              Group By Operator
                aggregations: count(VALUE._col0)
                mode: mergepartial
                outputColumnNames: _col0
                Statistics: Num rows: 1 Data size: 8 Basic stats: PARTIAL Column stats: NONE
                File Output Operator
                  compressed: false
                  Statistics: Num rows: 1 Data size: 8 Basic stats: PARTIAL Column stats: NONE
                  table:
                      input format: org.apache.hadoop.mapred.SequenceFileInputFormat
                      output format: org.apache.hadoop.hive.ql.io.HiveSequenceFileOutputFormat
                      serde: org.apache.hadoop.hive.serde2.lazy.LazySimpleSerDe
        Reducer 5 
            Execution mode: vectorized, llap
            Reduce Operator Tree:
              Group By Operator
                aggregations: min(VALUE._col0), max(VALUE._col1), bloom_filter(VALUE._col2, expectedEntries=20)
                mode: final
                outputColumnNames: _col0, _col1, _col2
                Statistics: Num rows: 1 Data size: 639 Basic stats: PARTIAL Column stats: PARTIAL
                Reduce Output Operator
                  sort order: 
                  Statistics: Num rows: 1 Data size: 639 Basic stats: PARTIAL Column stats: PARTIAL
                  value expressions: _col0 (type: string), _col1 (type: string), _col2 (type: binary)

  Stage: Stage-0
    Fetch Operator
      limit: -1
      Processor Tree:
        ListSink

test.comment=Big table is external table - no semijoin reduction opt
PREHOOK: query: EXPLAIN select count(*) from srcpart_date_ext join srcpart_small on (srcpart_date_ext.key = srcpart_small.key1)
PREHOOK: type: QUERY
POSTHOOK: query: EXPLAIN select count(*) from srcpart_date_ext join srcpart_small on (srcpart_date_ext.key = srcpart_small.key1)
POSTHOOK: type: QUERY
STAGE DEPENDENCIES:
  Stage-1 is a root stage
  Stage-0 depends on stages: Stage-1

STAGE PLANS:
  Stage: Stage-1
    Tez
#### A masked pattern was here ####
      Edges:
        Reducer 2 <- Map 1 (SIMPLE_EDGE), Map 4 (SIMPLE_EDGE)
        Reducer 3 <- Reducer 2 (CUSTOM_SIMPLE_EDGE)
#### A masked pattern was here ####
      Vertices:
        Map 1 
            Map Operator Tree:
                TableScan
                  alias: srcpart_date_ext
                  filterExpr: key is not null (type: boolean)
                  Statistics: Num rows: 2000 Data size: 174000 Basic stats: COMPLETE Column stats: COMPLETE
                  Filter Operator
                    predicate: key is not null (type: boolean)
                    Statistics: Num rows: 2000 Data size: 174000 Basic stats: COMPLETE Column stats: COMPLETE
                    Select Operator
                      expressions: key (type: string)
                      outputColumnNames: _col0
                      Statistics: Num rows: 2000 Data size: 174000 Basic stats: COMPLETE Column stats: COMPLETE
                      Reduce Output Operator
                        key expressions: _col0 (type: string)
                        sort order: +
                        Map-reduce partition columns: _col0 (type: string)
                        Statistics: Num rows: 2000 Data size: 174000 Basic stats: COMPLETE Column stats: COMPLETE
            Execution mode: vectorized, llap
            LLAP IO: all inputs
        Map 4 
            Map Operator Tree:
                TableScan
                  alias: srcpart_small
                  filterExpr: key1 is not null (type: boolean)
                  Statistics: Num rows: 20 Data size: 1740 Basic stats: PARTIAL Column stats: PARTIAL
                  Filter Operator
                    predicate: key1 is not null (type: boolean)
                    Statistics: Num rows: 20 Data size: 1740 Basic stats: PARTIAL Column stats: PARTIAL
                    Select Operator
                      expressions: key1 (type: string)
                      outputColumnNames: _col0
                      Statistics: Num rows: 20 Data size: 1740 Basic stats: PARTIAL Column stats: PARTIAL
                      Reduce Output Operator
                        key expressions: _col0 (type: string)
                        sort order: +
                        Map-reduce partition columns: _col0 (type: string)
                        Statistics: Num rows: 20 Data size: 1740 Basic stats: PARTIAL Column stats: PARTIAL
            Execution mode: vectorized, llap
            LLAP IO: all inputs
        Reducer 2 
            Execution mode: llap
            Reduce Operator Tree:
              Merge Join Operator
                condition map:
                     Inner Join 0 to 1
                keys:
                  0 _col0 (type: string)
                  1 _col0 (type: string)
                Statistics: Num rows: 2200 Data size: 191400 Basic stats: PARTIAL Column stats: NONE
                Group By Operator
                  aggregations: count()
                  mode: hash
                  outputColumnNames: _col0
                  Statistics: Num rows: 1 Data size: 8 Basic stats: PARTIAL Column stats: NONE
                  Reduce Output Operator
                    sort order: 
                    Statistics: Num rows: 1 Data size: 8 Basic stats: PARTIAL Column stats: NONE
                    value expressions: _col0 (type: bigint)
        Reducer 3 
            Execution mode: vectorized, llap
            Reduce Operator Tree:
              Group By Operator
                aggregations: count(VALUE._col0)
                mode: mergepartial
                outputColumnNames: _col0
                Statistics: Num rows: 1 Data size: 8 Basic stats: PARTIAL Column stats: NONE
                File Output Operator
                  compressed: false
                  Statistics: Num rows: 1 Data size: 8 Basic stats: PARTIAL Column stats: NONE
                  table:
                      input format: org.apache.hadoop.mapred.SequenceFileInputFormat
                      output format: org.apache.hadoop.hive.ql.io.HiveSequenceFileOutputFormat
                      serde: org.apache.hadoop.hive.serde2.lazy.LazySimpleSerDe

  Stage: Stage-0
    Fetch Operator
      limit: -1
      Processor Tree:
        ListSink

test.comment=Small table is external table - no semijoin reduction opt
PREHOOK: query: EXPLAIN select count(*) from srcpart_date join srcpart_small_ext on (srcpart_date.key = srcpart_small_ext.key1)
PREHOOK: type: QUERY
POSTHOOK: query: EXPLAIN select count(*) from srcpart_date join srcpart_small_ext on (srcpart_date.key = srcpart_small_ext.key1)
POSTHOOK: type: QUERY
STAGE DEPENDENCIES:
  Stage-1 is a root stage
  Stage-0 depends on stages: Stage-1

STAGE PLANS:
  Stage: Stage-1
    Tez
#### A masked pattern was here ####
      Edges:
        Reducer 2 <- Map 1 (SIMPLE_EDGE), Map 4 (SIMPLE_EDGE)
        Reducer 3 <- Reducer 2 (CUSTOM_SIMPLE_EDGE)
#### A masked pattern was here ####
      Vertices:
        Map 1 
            Map Operator Tree:
                TableScan
                  alias: srcpart_date
                  filterExpr: key is not null (type: boolean)
                  Statistics: Num rows: 2000 Data size: 174000 Basic stats: COMPLETE Column stats: COMPLETE
                  Filter Operator
                    predicate: key is not null (type: boolean)
                    Statistics: Num rows: 2000 Data size: 174000 Basic stats: COMPLETE Column stats: COMPLETE
                    Select Operator
                      expressions: key (type: string)
                      outputColumnNames: _col0
                      Statistics: Num rows: 2000 Data size: 174000 Basic stats: COMPLETE Column stats: COMPLETE
                      Reduce Output Operator
                        key expressions: _col0 (type: string)
                        sort order: +
                        Map-reduce partition columns: _col0 (type: string)
                        Statistics: Num rows: 2000 Data size: 174000 Basic stats: COMPLETE Column stats: COMPLETE
            Execution mode: vectorized, llap
            LLAP IO: all inputs
        Map 4 
            Map Operator Tree:
                TableScan
                  alias: srcpart_small_ext
                  filterExpr: key1 is not null (type: boolean)
                  Statistics: Num rows: 20 Data size: 1740 Basic stats: PARTIAL Column stats: PARTIAL
                  Filter Operator
                    predicate: key1 is not null (type: boolean)
                    Statistics: Num rows: 20 Data size: 1740 Basic stats: PARTIAL Column stats: PARTIAL
                    Select Operator
                      expressions: key1 (type: string)
                      outputColumnNames: _col0
                      Statistics: Num rows: 20 Data size: 1740 Basic stats: PARTIAL Column stats: PARTIAL
                      Reduce Output Operator
                        key expressions: _col0 (type: string)
                        sort order: +
                        Map-reduce partition columns: _col0 (type: string)
                        Statistics: Num rows: 20 Data size: 1740 Basic stats: PARTIAL Column stats: PARTIAL
            Execution mode: vectorized, llap
            LLAP IO: all inputs
        Reducer 2 
            Execution mode: llap
            Reduce Operator Tree:
              Merge Join Operator
                condition map:
                     Inner Join 0 to 1
                keys:
                  0 _col0 (type: string)
                  1 _col0 (type: string)
                Statistics: Num rows: 2200 Data size: 191400 Basic stats: PARTIAL Column stats: NONE
                Group By Operator
                  aggregations: count()
                  mode: hash
                  outputColumnNames: _col0
                  Statistics: Num rows: 1 Data size: 8 Basic stats: PARTIAL Column stats: NONE
                  Reduce Output Operator
                    sort order: 
                    Statistics: Num rows: 1 Data size: 8 Basic stats: PARTIAL Column stats: NONE
                    value expressions: _col0 (type: bigint)
        Reducer 3 
            Execution mode: vectorized, llap
            Reduce Operator Tree:
              Group By Operator
                aggregations: count(VALUE._col0)
                mode: mergepartial
                outputColumnNames: _col0
                Statistics: Num rows: 1 Data size: 8 Basic stats: PARTIAL Column stats: NONE
                File Output Operator
                  compressed: false
                  Statistics: Num rows: 1 Data size: 8 Basic stats: PARTIAL Column stats: NONE
                  table:
                      input format: org.apache.hadoop.mapred.SequenceFileInputFormat
                      output format: org.apache.hadoop.hive.ql.io.HiveSequenceFileOutputFormat
                      serde: org.apache.hadoop.hive.serde2.lazy.LazySimpleSerDe

  Stage: Stage-0
    Fetch Operator
      limit: -1
      Processor Tree:
        ListSink

