PREHOOK: query: drop table src_stats_n0
PREHOOK: type: DROPTABLE
POSTHOOK: query: drop table src_stats_n0
POSTHOOK: type: DROPTABLE
PREHOOK: query: create table src_stats_n0 as select * from src
PREHOOK: type: CREATETABLE_AS_SELECT
PREHOOK: Input: default@src
PREHOOK: Output: database:default
PREHOOK: Output: default@src_stats_n0
POSTHOOK: query: create table src_stats_n0 as select * from src
POSTHOOK: type: CREATETABLE_AS_SELECT
POSTHOOK: Input: default@src
POSTHOOK: Output: database:default
POSTHOOK: Output: default@src_stats_n0
POSTHOOK: Lineage: src_stats_n0.key SIMPLE [(src)src.FieldSchema(name:key, type:string, comment:default), ]
POSTHOOK: Lineage: src_stats_n0.value SIMPLE [(src)src.FieldSchema(name:value, type:string, comment:default), ]
PREHOOK: query: analyze table src_stats_n0 compute statistics
PREHOOK: type: QUERY
PREHOOK: Input: default@src_stats_n0
PREHOOK: Output: default@src_stats_n0
POSTHOOK: query: analyze table src_stats_n0 compute statistics
POSTHOOK: type: QUERY
POSTHOOK: Input: default@src_stats_n0
POSTHOOK: Output: default@src_stats_n0
PREHOOK: query: explain analyze analyze table src_stats_n0 compute statistics
PREHOOK: type: QUERY
PREHOOK: Input: default@src_stats_n0
PREHOOK: Output: default@src_stats_n0
POSTHOOK: query: explain analyze analyze table src_stats_n0 compute statistics
POSTHOOK: type: QUERY
POSTHOOK: Input: default@src_stats_n0
POSTHOOK: Output: default@src_stats_n0
STAGE DEPENDENCIES:
  Stage-0 is a root stage
  Stage-2 depends on stages: Stage-0

STAGE PLANS:
  Stage: Stage-0
    Tez
#### A masked pattern was here ####
      Vertices:
        Map 1 
            Map Operator Tree:
                TableScan
                  alias: src_stats_n0
            Execution mode: llap
            LLAP IO: all inputs

  Stage: Stage-2
    Stats Work
      Basic Stats Work:

PREHOOK: query: analyze table src_stats_n0 compute statistics for columns
PREHOOK: type: ANALYZE_TABLE
PREHOOK: Input: default@src_stats_n0
PREHOOK: Output: default@src_stats_n0
#### A masked pattern was here ####
POSTHOOK: query: analyze table src_stats_n0 compute statistics for columns
POSTHOOK: type: ANALYZE_TABLE
POSTHOOK: Input: default@src_stats_n0
POSTHOOK: Output: default@src_stats_n0
#### A masked pattern was here ####
PREHOOK: query: explain analyze analyze table src_stats_n0 compute statistics for columns
PREHOOK: type: ANALYZE_TABLE
PREHOOK: Input: default@src_stats_n0
PREHOOK: Output: default@src_stats_n0
#### A masked pattern was here ####
POSTHOOK: query: explain analyze analyze table src_stats_n0 compute statistics for columns
POSTHOOK: type: ANALYZE_TABLE
POSTHOOK: Input: default@src_stats_n0
POSTHOOK: Output: default@src_stats_n0
#### A masked pattern was here ####
STAGE DEPENDENCIES:
  Stage-0 is a root stage
  Stage-2 depends on stages: Stage-0

STAGE PLANS:
  Stage: Stage-0
    Tez
#### A masked pattern was here ####
      Edges:
        Reducer 2 <- Map 1 (CUSTOM_SIMPLE_EDGE)
#### A masked pattern was here ####
      Vertices:
        Map 1 
            Map Operator Tree:
                TableScan
                  alias: src_stats_n0
                  Statistics: Num rows: 500/500 Data size: 89000 Basic stats: COMPLETE Column stats: COMPLETE
                  Select Operator
                    expressions: key (type: string), value (type: string)
                    outputColumnNames: key, value
                    Statistics: Num rows: 500/500 Data size: 89000 Basic stats: COMPLETE Column stats: COMPLETE
                    Reduce Output Operator
                      null sort order: 
                      sort order: 
                      Statistics: Num rows: 500/500 Data size: 89000 Basic stats: COMPLETE Column stats: COMPLETE
                      value expressions: length(key) (type: int), COALESCE(length(key),0) (type: int), key (type: string), length(value) (type: int), COALESCE(length(value),0) (type: int), value (type: string)
            Execution mode: llap
            LLAP IO: all inputs
        Reducer 2 
            Execution mode: llap
            Reduce Operator Tree:
              Group By Operator
                aggregations: max(VALUE._col0), avg(VALUE._col1), count(1), count(VALUE._col3), compute_bit_vector(VALUE._col3, 'hll'), max(VALUE._col5), avg(VALUE._col6), count(VALUE._col7), compute_bit_vector(VALUE._col7, 'hll')
                mode: complete
                outputColumnNames: _col0, _col1, _col2, _col3, _col4, _col5, _col6, _col7, _col8
                Statistics: Num rows: 1/1 Data size: 336 Basic stats: COMPLETE Column stats: COMPLETE
                Select Operator
                  expressions: 'STRING' (type: string), UDFToLong(COALESCE(_col0,0)) (type: bigint), COALESCE(_col1,0) (type: double), (_col2 - _col3) (type: bigint), COALESCE(ndv_compute_bit_vector(_col4),0) (type: bigint), _col4 (type: binary), 'STRING' (type: string), UDFToLong(COALESCE(_col5,0)) (type: bigint), COALESCE(_col6,0) (type: double), (_col2 - _col7) (type: bigint), COALESCE(ndv_compute_bit_vector(_col8),0) (type: bigint), _col8 (type: binary)
                  outputColumnNames: _col0, _col1, _col2, _col3, _col4, _col5, _col6, _col7, _col8, _col9, _col10, _col11
                  Statistics: Num rows: 1/1 Data size: 532 Basic stats: COMPLETE Column stats: COMPLETE
                  File Output Operator
                    compressed: false
                    Statistics: Num rows: 1/1 Data size: 532 Basic stats: COMPLETE Column stats: COMPLETE
                    table:
                        input format: org.apache.hadoop.mapred.SequenceFileInputFormat
                        output format: org.apache.hadoop.hive.ql.io.HiveSequenceFileOutputFormat
                        serde: org.apache.hadoop.hive.serde2.lazy.LazySimpleSerDe

  Stage: Stage-2
    Stats Work
      Basic Stats Work:
      Column Stats Desc:
          Columns: key, value
          Column Types: string, string
          Table: default.src_stats_n0

PREHOOK: query: drop table src_multi2_n7
PREHOOK: type: DROPTABLE
POSTHOOK: query: drop table src_multi2_n7
POSTHOOK: type: DROPTABLE
PREHOOK: query: create table src_multi2_n7 like src
PREHOOK: type: CREATETABLE
PREHOOK: Output: database:default
PREHOOK: Output: default@src_multi2_n7
POSTHOOK: query: create table src_multi2_n7 like src
POSTHOOK: type: CREATETABLE
POSTHOOK: Output: database:default
POSTHOOK: Output: default@src_multi2_n7
PREHOOK: query: insert overwrite table src_multi2_n7 select subq.key, src.value from (select * from src union select * from src1)subq join src on subq.key=src.key
PREHOOK: type: QUERY
PREHOOK: Input: default@src
PREHOOK: Input: default@src1
PREHOOK: Output: default@src_multi2_n7
POSTHOOK: query: insert overwrite table src_multi2_n7 select subq.key, src.value from (select * from src union select * from src1)subq join src on subq.key=src.key
POSTHOOK: type: QUERY
POSTHOOK: Input: default@src
POSTHOOK: Input: default@src1
POSTHOOK: Output: default@src_multi2_n7
PREHOOK: query: explain analyze insert overwrite table src_multi2_n7 select subq.key, src.value from (select * from src union select * from src1)subq join src on subq.key=src.key
PREHOOK: type: QUERY
PREHOOK: Input: default@src
PREHOOK: Input: default@src1
PREHOOK: Output: default@src_multi2_n7
POSTHOOK: query: explain analyze insert overwrite table src_multi2_n7 select subq.key, src.value from (select * from src union select * from src1)subq join src on subq.key=src.key
POSTHOOK: type: QUERY
POSTHOOK: Input: default@src
POSTHOOK: Input: default@src1
POSTHOOK: Output: default@src_multi2_n7
STAGE DEPENDENCIES:
  Stage-1 is a root stage
  Stage-2 depends on stages: Stage-1
  Stage-0 depends on stages: Stage-2
  Stage-3 depends on stages: Stage-0

STAGE PLANS:
  Stage: Stage-1
    Tez
#### A masked pattern was here ####
      Edges:
        Map 1 <- Union 2 (CONTAINS)
        Map 6 <- Union 2 (CONTAINS)
        Reducer 3 <- Union 2 (SIMPLE_EDGE)
        Reducer 4 <- Map 7 (SIMPLE_EDGE), Reducer 3 (SIMPLE_EDGE)
        Reducer 5 <- Reducer 4 (CUSTOM_SIMPLE_EDGE)
#### A masked pattern was here ####
      Vertices:
        Map 1 
            Map Operator Tree:
                TableScan
                  alias: src
                  filterExpr: key is not null (type: boolean)
                  Statistics: Num rows: 500/500 Data size: 89000 Basic stats: COMPLETE Column stats: COMPLETE
                  Filter Operator
                    predicate: key is not null (type: boolean)
                    Statistics: Num rows: 500/500 Data size: 89000 Basic stats: COMPLETE Column stats: COMPLETE
                    Select Operator
                      expressions: key (type: string), value (type: string)
                      outputColumnNames: _col0, _col1
                      Statistics: Num rows: 500/500 Data size: 89000 Basic stats: COMPLETE Column stats: COMPLETE
                      Reduce Output Operator
                        key expressions: _col0 (type: string), _col1 (type: string)
                        null sort order: zz
                        sort order: ++
                        Map-reduce partition columns: _col0 (type: string), _col1 (type: string)
                        Statistics: Num rows: 525/500 Data size: 93375 Basic stats: COMPLETE Column stats: COMPLETE
            Execution mode: llap
            LLAP IO: all inputs
        Map 6 
            Map Operator Tree:
                TableScan
                  alias: src1
                  filterExpr: key is not null (type: boolean)
                  Statistics: Num rows: 25/25 Data size: 4375 Basic stats: COMPLETE Column stats: COMPLETE
                  Filter Operator
                    predicate: key is not null (type: boolean)
                    Statistics: Num rows: 25/25 Data size: 4375 Basic stats: COMPLETE Column stats: COMPLETE
                    Select Operator
                      expressions: key (type: string), value (type: string)
                      outputColumnNames: _col0, _col1
                      Statistics: Num rows: 25/25 Data size: 4375 Basic stats: COMPLETE Column stats: COMPLETE
                      Reduce Output Operator
                        key expressions: _col0 (type: string), _col1 (type: string)
                        null sort order: zz
                        sort order: ++
                        Map-reduce partition columns: _col0 (type: string), _col1 (type: string)
                        Statistics: Num rows: 525/25 Data size: 93375 Basic stats: COMPLETE Column stats: COMPLETE
            Execution mode: llap
            LLAP IO: all inputs
        Map 7 
            Map Operator Tree:
                TableScan
                  alias: src
                  filterExpr: key is not null (type: boolean)
                  Statistics: Num rows: 500/500 Data size: 89000 Basic stats: COMPLETE Column stats: COMPLETE
                  Filter Operator
                    predicate: key is not null (type: boolean)
                    Statistics: Num rows: 500/500 Data size: 89000 Basic stats: COMPLETE Column stats: COMPLETE
                    Select Operator
                      expressions: key (type: string), value (type: string)
                      outputColumnNames: _col0, _col1
                      Statistics: Num rows: 500/500 Data size: 89000 Basic stats: COMPLETE Column stats: COMPLETE
                      Reduce Output Operator
                        key expressions: _col0 (type: string)
                        null sort order: z
                        sort order: +
                        Map-reduce partition columns: _col0 (type: string)
                        Statistics: Num rows: 500/500 Data size: 89000 Basic stats: COMPLETE Column stats: COMPLETE
                        value expressions: _col1 (type: string)
            Execution mode: llap
            LLAP IO: all inputs
        Reducer 3 
            Execution mode: llap
            Reduce Operator Tree:
              Group By Operator
                keys: KEY._col0 (type: string), KEY._col1 (type: string)
                mode: complete
                outputColumnNames: _col0, _col1
                Statistics: Num rows: 525/319 Data size: 93450 Basic stats: COMPLETE Column stats: COMPLETE
                Select Operator
                  expressions: _col0 (type: string)
                  outputColumnNames: _col0
                  Statistics: Num rows: 525/319 Data size: 45675 Basic stats: COMPLETE Column stats: COMPLETE
                  Reduce Output Operator
                    key expressions: _col0 (type: string)
                    null sort order: z
                    sort order: +
                    Map-reduce partition columns: _col0 (type: string)
                    Statistics: Num rows: 525/319 Data size: 45675 Basic stats: COMPLETE Column stats: COMPLETE
        Reducer 4 
            Execution mode: llap
            Reduce Operator Tree:
              Merge Join Operator
                condition map:
                     Inner Join 0 to 1
                keys:
                  0 _col0 (type: string)
                  1 _col0 (type: string)
                outputColumnNames: _col0, _col2
                Statistics: Num rows: 830/508 Data size: 147740 Basic stats: COMPLETE Column stats: COMPLETE
                Select Operator
                  expressions: _col0 (type: string), _col2 (type: string)
                  outputColumnNames: _col0, _col1
                  Statistics: Num rows: 830/508 Data size: 147740 Basic stats: COMPLETE Column stats: COMPLETE
                  File Output Operator
                    compressed: false
                    Statistics: Num rows: 830/508 Data size: 147740 Basic stats: COMPLETE Column stats: COMPLETE
                    table:
                        input format: org.apache.hadoop.mapred.TextInputFormat
                        output format: org.apache.hadoop.hive.ql.io.HiveIgnoreKeyTextOutputFormat
                        serde: org.apache.hadoop.hive.serde2.lazy.LazySimpleSerDe
                        name: default.src_multi2_n7
                  Select Operator
                    expressions: _col0 (type: string), _col1 (type: string)
                    outputColumnNames: key, value
                    Statistics: Num rows: 830/508 Data size: 147740 Basic stats: COMPLETE Column stats: COMPLETE
                    Reduce Output Operator
                      null sort order: 
                      sort order: 
                      Statistics: Num rows: 830/508 Data size: 147740 Basic stats: COMPLETE Column stats: COMPLETE
                      value expressions: length(key) (type: int), COALESCE(length(key),0) (type: int), key (type: string), length(value) (type: int), COALESCE(length(value),0) (type: int), value (type: string)
        Reducer 5 
            Execution mode: llap
            Reduce Operator Tree:
              Group By Operator
                aggregations: max(VALUE._col0), avg(VALUE._col1), count(1), count(VALUE._col3), compute_bit_vector(VALUE._col3, 'hll'), max(VALUE._col5), avg(VALUE._col6), count(VALUE._col7), compute_bit_vector(VALUE._col7, 'hll')
                mode: complete
                outputColumnNames: _col0, _col1, _col2, _col3, _col4, _col5, _col6, _col7, _col8
                Statistics: Num rows: 1/1 Data size: 336 Basic stats: COMPLETE Column stats: COMPLETE
                Select Operator
                  expressions: 'STRING' (type: string), UDFToLong(COALESCE(_col0,0)) (type: bigint), COALESCE(_col1,0) (type: double), (_col2 - _col3) (type: bigint), COALESCE(ndv_compute_bit_vector(_col4),0) (type: bigint), _col4 (type: binary), 'STRING' (type: string), UDFToLong(COALESCE(_col5,0)) (type: bigint), COALESCE(_col6,0) (type: double), (_col2 - _col7) (type: bigint), COALESCE(ndv_compute_bit_vector(_col8),0) (type: bigint), _col8 (type: binary)
                  outputColumnNames: _col0, _col1, _col2, _col3, _col4, _col5, _col6, _col7, _col8, _col9, _col10, _col11
                  Statistics: Num rows: 1/1 Data size: 532 Basic stats: COMPLETE Column stats: COMPLETE
                  File Output Operator
                    compressed: false
                    Statistics: Num rows: 1/1 Data size: 532 Basic stats: COMPLETE Column stats: COMPLETE
                    table:
                        input format: org.apache.hadoop.mapred.SequenceFileInputFormat
                        output format: org.apache.hadoop.hive.ql.io.HiveSequenceFileOutputFormat
                        serde: org.apache.hadoop.hive.serde2.lazy.LazySimpleSerDe
        Union 2 
            Vertex: Union 2

  Stage: Stage-2
    Dependency Collection

  Stage: Stage-0
    Move Operator
      tables:
          replace: true
          table:
              input format: org.apache.hadoop.mapred.TextInputFormat
              output format: org.apache.hadoop.hive.ql.io.HiveIgnoreKeyTextOutputFormat
              serde: org.apache.hadoop.hive.serde2.lazy.LazySimpleSerDe
              name: default.src_multi2_n7

  Stage: Stage-3
    Stats Work
      Basic Stats Work:
      Column Stats Desc:
          Columns: key, value
          Column Types: string, string
          Table: default.src_multi2_n7

PREHOOK: query: select count(*) from (select * from src union select * from src1)subq
PREHOOK: type: QUERY
PREHOOK: Input: default@src
PREHOOK: Input: default@src1
#### A masked pattern was here ####
POSTHOOK: query: select count(*) from (select * from src union select * from src1)subq
POSTHOOK: type: QUERY
POSTHOOK: Input: default@src
POSTHOOK: Input: default@src1
#### A masked pattern was here ####
319
PREHOOK: query: insert overwrite table src_multi2_n7 select subq.key, src.value from (select * from src union select * from src1)subq join src on subq.key=src.key
PREHOOK: type: QUERY
PREHOOK: Input: default@src
PREHOOK: Input: default@src1
PREHOOK: Output: default@src_multi2_n7
POSTHOOK: query: insert overwrite table src_multi2_n7 select subq.key, src.value from (select * from src union select * from src1)subq join src on subq.key=src.key
POSTHOOK: type: QUERY
POSTHOOK: Input: default@src
POSTHOOK: Input: default@src1
POSTHOOK: Output: default@src_multi2_n7
POSTHOOK: Lineage: src_multi2_n7.key EXPRESSION [(src)src.FieldSchema(name:key, type:string, comment:default), (src1)src1.FieldSchema(name:key, type:string, comment:default), ]
POSTHOOK: Lineage: src_multi2_n7.value SIMPLE [(src)src.FieldSchema(name:value, type:string, comment:default), ]
PREHOOK: query: describe formatted src_multi2_n7
PREHOOK: type: DESCTABLE
PREHOOK: Input: default@src_multi2_n7
POSTHOOK: query: describe formatted src_multi2_n7
POSTHOOK: type: DESCTABLE
POSTHOOK: Input: default@src_multi2_n7
# col_name            	data_type           	comment             
key                 	string              	default             
value               	string              	default             
	 	 
# Detailed Table Information	 	 
Database:           	default             	 
#### A masked pattern was here ####
Retention:          	0                   	 
#### A masked pattern was here ####
Table Type:         	MANAGED_TABLE       	 
Table Parameters:	 	 
	COLUMN_STATS_ACCURATE	{\"BASIC_STATS\":\"true\",\"COLUMN_STATS\":{\"key\":\"true\",\"value\":\"true\"}}
	bucketing_version   	2                   
	numFiles            	1                   
	numRows             	508                 
	rawDataSize         	5400                
	totalSize           	5908                
#### A masked pattern was here ####
	 	 
# Storage Information	 	 
SerDe Library:      	org.apache.hadoop.hive.serde2.lazy.LazySimpleSerDe	 
InputFormat:        	org.apache.hadoop.mapred.TextInputFormat	 
OutputFormat:       	org.apache.hadoop.hive.ql.io.HiveIgnoreKeyTextOutputFormat	 
Compressed:         	No                  	 
Num Buckets:        	-1                  	 
Bucket Columns:     	[]                  	 
Sort Columns:       	[]                  	 
Storage Desc Params:	 	 
	serialization.format	1                   
PREHOOK: query: create table acid_uami_n2(i int,
                 de decimal(5,2),
                 vc varchar(128)) clustered by (i) into 2 buckets stored as orc TBLPROPERTIES ('transactional'='true')
PREHOOK: type: CREATETABLE
PREHOOK: Output: database:default
PREHOOK: Output: default@acid_uami_n2
POSTHOOK: query: create table acid_uami_n2(i int,
                 de decimal(5,2),
                 vc varchar(128)) clustered by (i) into 2 buckets stored as orc TBLPROPERTIES ('transactional'='true')
POSTHOOK: type: CREATETABLE
POSTHOOK: Output: database:default
POSTHOOK: Output: default@acid_uami_n2
PREHOOK: query: insert into table acid_uami_n2 values 
    (1, 109.23, 'mary had a little lamb'),
    (6553, 923.19, 'its fleece was white as snow')
PREHOOK: type: QUERY
PREHOOK: Input: _dummy_database@_dummy_table
PREHOOK: Output: default@acid_uami_n2
POSTHOOK: query: insert into table acid_uami_n2 values 
    (1, 109.23, 'mary had a little lamb'),
    (6553, 923.19, 'its fleece was white as snow')
POSTHOOK: type: QUERY
POSTHOOK: Input: _dummy_database@_dummy_table
POSTHOOK: Output: default@acid_uami_n2
POSTHOOK: Lineage: acid_uami_n2.de SCRIPT []
POSTHOOK: Lineage: acid_uami_n2.i SCRIPT []
POSTHOOK: Lineage: acid_uami_n2.vc SCRIPT []
PREHOOK: query: insert into table acid_uami_n2 values 
    (10, 119.23, 'and everywhere that mary went'),
    (65530, 823.19, 'the lamb was sure to go')
PREHOOK: type: QUERY
PREHOOK: Input: _dummy_database@_dummy_table
PREHOOK: Output: default@acid_uami_n2
POSTHOOK: query: insert into table acid_uami_n2 values 
    (10, 119.23, 'and everywhere that mary went'),
    (65530, 823.19, 'the lamb was sure to go')
POSTHOOK: type: QUERY
POSTHOOK: Input: _dummy_database@_dummy_table
POSTHOOK: Output: default@acid_uami_n2
POSTHOOK: Lineage: acid_uami_n2.de SCRIPT []
POSTHOOK: Lineage: acid_uami_n2.i SCRIPT []
POSTHOOK: Lineage: acid_uami_n2.vc SCRIPT []
PREHOOK: query: select * from acid_uami_n2 order by de
PREHOOK: type: QUERY
PREHOOK: Input: default@acid_uami_n2
#### A masked pattern was here ####
POSTHOOK: query: select * from acid_uami_n2 order by de
POSTHOOK: type: QUERY
POSTHOOK: Input: default@acid_uami_n2
#### A masked pattern was here ####
1	109.23	mary had a little lamb
10	119.23	and everywhere that mary went
6553	923.19	its fleece was white as snow
65530	823.19	the lamb was sure to go
PREHOOK: query: update acid_uami_n2 set de = 3.14 where de = 109.23 or de = 119.23
PREHOOK: type: QUERY
PREHOOK: Input: default@acid_uami_n2
PREHOOK: Output: default@acid_uami_n2
POSTHOOK: query: update acid_uami_n2 set de = 3.14 where de = 109.23 or de = 119.23
POSTHOOK: type: QUERY
POSTHOOK: Input: default@acid_uami_n2
POSTHOOK: Output: default@acid_uami_n2
PREHOOK: query: explain analyze update acid_uami_n2 set de = 3.14 where de = 109.23 or de = 119.23
PREHOOK: type: QUERY
PREHOOK: Input: default@acid_uami_n2
PREHOOK: Output: default@acid_uami_n2
POSTHOOK: query: explain analyze update acid_uami_n2 set de = 3.14 where de = 109.23 or de = 119.23
POSTHOOK: type: QUERY
POSTHOOK: Input: default@acid_uami_n2
POSTHOOK: Output: default@acid_uami_n2
STAGE DEPENDENCIES:
  Stage-1 is a root stage
  Stage-2 depends on stages: Stage-1
  Stage-0 depends on stages: Stage-2
  Stage-3 depends on stages: Stage-0

STAGE PLANS:
  Stage: Stage-1
    Tez
#### A masked pattern was here ####
      Edges:
        Reducer 2 <- Map 1 (SIMPLE_EDGE)
#### A masked pattern was here ####
      Vertices:
        Map 1 
            Map Operator Tree:
                TableScan
                  alias: acid_uami_n2
                  filterExpr: (de) IN (109.23, 119.23) (type: boolean)
                  Statistics: Num rows: 4/2 Data size: 904 Basic stats: COMPLETE Column stats: COMPLETE
                  Filter Operator
                    predicate: (de) IN (109.23, 119.23) (type: boolean)
                    Statistics: Num rows: 2/2 Data size: 452 Basic stats: COMPLETE Column stats: COMPLETE
                    Select Operator
                      expressions: ROW__ID (type: struct<writeid:bigint,bucketid:int,rowid:bigint>), i (type: int), vc (type: varchar(128))
                      outputColumnNames: _col0, _col1, _col3
                      Statistics: Num rows: 2/2 Data size: 604 Basic stats: COMPLETE Column stats: COMPLETE
                      Reduce Output Operator
                        key expressions: _col0 (type: struct<writeid:bigint,bucketid:int,rowid:bigint>)
                        null sort order: z
                        sort order: +
                        Map-reduce partition columns: UDFToInteger(_col0) (type: int)
                        Statistics: Num rows: 2/2 Data size: 604 Basic stats: COMPLETE Column stats: COMPLETE
                        value expressions: _col1 (type: int), _col3 (type: varchar(128))
            Execution mode: llap
            LLAP IO: may be used (ACID table)
        Reducer 2 
            Execution mode: llap
            Reduce Operator Tree:
              Select Operator
                expressions: KEY.reducesinkkey0 (type: struct<writeid:bigint,bucketid:int,rowid:bigint>), VALUE._col0 (type: int), 3.14 (type: decimal(5,2)), VALUE._col1 (type: varchar(128))
                outputColumnNames: _col0, _col1, _col2, _col3
                Statistics: Num rows: 2/2 Data size: 604 Basic stats: COMPLETE Column stats: COMPLETE
                File Output Operator
                  compressed: false
                  Statistics: Num rows: 2/2 Data size: 604 Basic stats: COMPLETE Column stats: COMPLETE
                  table:
                      input format: org.apache.hadoop.hive.ql.io.orc.OrcInputFormat
                      output format: org.apache.hadoop.hive.ql.io.orc.OrcOutputFormat
                      serde: org.apache.hadoop.hive.ql.io.orc.OrcSerde
                      name: default.acid_uami_n2
                  Write Type: UPDATE

  Stage: Stage-2
    Dependency Collection

  Stage: Stage-0
    Move Operator
      tables:
          replace: false
          table:
              input format: org.apache.hadoop.hive.ql.io.orc.OrcInputFormat
              output format: org.apache.hadoop.hive.ql.io.orc.OrcOutputFormat
              serde: org.apache.hadoop.hive.ql.io.orc.OrcSerde
              name: default.acid_uami_n2
          Write Type: UPDATE

  Stage: Stage-3
    Stats Work
      Basic Stats Work:

PREHOOK: query: select * from acid_uami_n2 order by de
PREHOOK: type: QUERY
PREHOOK: Input: default@acid_uami_n2
#### A masked pattern was here ####
POSTHOOK: query: select * from acid_uami_n2 order by de
POSTHOOK: type: QUERY
POSTHOOK: Input: default@acid_uami_n2
#### A masked pattern was here ####
1	109.23	mary had a little lamb
10	119.23	and everywhere that mary went
6553	923.19	its fleece was white as snow
65530	823.19	the lamb was sure to go
PREHOOK: query: update acid_uami_n2 set de = 3.14 where de = 109.23 or de = 119.23
PREHOOK: type: QUERY
PREHOOK: Input: default@acid_uami_n2
PREHOOK: Output: default@acid_uami_n2
POSTHOOK: query: update acid_uami_n2 set de = 3.14 where de = 109.23 or de = 119.23
POSTHOOK: type: QUERY
POSTHOOK: Input: default@acid_uami_n2
POSTHOOK: Output: default@acid_uami_n2
PREHOOK: query: select * from acid_uami_n2 order by de
PREHOOK: type: QUERY
PREHOOK: Input: default@acid_uami_n2
#### A masked pattern was here ####
POSTHOOK: query: select * from acid_uami_n2 order by de
POSTHOOK: type: QUERY
POSTHOOK: Input: default@acid_uami_n2
#### A masked pattern was here ####
1	3.14	mary had a little lamb
10	3.14	and everywhere that mary went
6553	923.19	its fleece was white as snow
65530	823.19	the lamb was sure to go
PREHOOK: query: create table acid_dot_n0(
    ctinyint TINYINT,
    csmallint SMALLINT,
    cint INT,
    cbigint BIGINT,
    cfloat FLOAT,
    cdouble DOUBLE,
    cstring1 STRING,
    cstring2 STRING,
    ctimestamp1 TIMESTAMP,
    ctimestamp2 TIMESTAMP,
    cboolean1 BOOLEAN,
#### A masked pattern was here ####
PREHOOK: type: CREATETABLE
#### A masked pattern was here ####
PREHOOK: Output: database:default
PREHOOK: Output: default@acid_dot_n0
POSTHOOK: query: create table acid_dot_n0(
    ctinyint TINYINT,
    csmallint SMALLINT,
    cint INT,
    cbigint BIGINT,
    cfloat FLOAT,
    cdouble DOUBLE,
    cstring1 STRING,
    cstring2 STRING,
    ctimestamp1 TIMESTAMP,
    ctimestamp2 TIMESTAMP,
    cboolean1 BOOLEAN,
#### A masked pattern was here ####
POSTHOOK: type: CREATETABLE
#### A masked pattern was here ####
POSTHOOK: Output: database:default
POSTHOOK: Output: default@acid_dot_n0
PREHOOK: query: select count(*) from acid_dot_n0
PREHOOK: type: QUERY
PREHOOK: Input: default@acid_dot_n0
#### A masked pattern was here ####
POSTHOOK: query: select count(*) from acid_dot_n0
POSTHOOK: type: QUERY
POSTHOOK: Input: default@acid_dot_n0
#### A masked pattern was here ####
12288
PREHOOK: query: delete from acid_dot_n0 where cint < -1070551679
PREHOOK: type: QUERY
PREHOOK: Input: default@acid_dot_n0
PREHOOK: Output: default@acid_dot_n0
POSTHOOK: query: delete from acid_dot_n0 where cint < -1070551679
POSTHOOK: type: QUERY
POSTHOOK: Input: default@acid_dot_n0
POSTHOOK: Output: default@acid_dot_n0
PREHOOK: query: explain analyze delete from acid_dot_n0 where cint < -1070551679
PREHOOK: type: QUERY
PREHOOK: Input: default@acid_dot_n0
PREHOOK: Output: default@acid_dot_n0
POSTHOOK: query: explain analyze delete from acid_dot_n0 where cint < -1070551679
POSTHOOK: type: QUERY
POSTHOOK: Input: default@acid_dot_n0
POSTHOOK: Output: default@acid_dot_n0
STAGE DEPENDENCIES:
  Stage-1 is a root stage
  Stage-2 depends on stages: Stage-1
  Stage-0 depends on stages: Stage-2
  Stage-3 depends on stages: Stage-0

STAGE PLANS:
  Stage: Stage-1
    Tez
#### A masked pattern was here ####
      Edges:
        Reducer 2 <- Map 1 (SIMPLE_EDGE)
#### A masked pattern was here ####
      Vertices:
        Map 1 
            Map Operator Tree:
                TableScan
                  alias: acid_dot_n0
                  filterExpr: (cint < -1070551679) (type: boolean)
                  Statistics: Num rows: 5865/12288 Data size: 21620 Basic stats: COMPLETE Column stats: NONE
                  Filter Operator
                    predicate: (cint < -1070551679) (type: boolean)
                    Statistics: Num rows: 1/8 Data size: 3 Basic stats: COMPLETE Column stats: NONE
                    Select Operator
                      expressions: ROW__ID (type: struct<writeid:bigint,bucketid:int,rowid:bigint>)
                      outputColumnNames: _col0
                      Statistics: Num rows: 1/8 Data size: 3 Basic stats: COMPLETE Column stats: NONE
                      Reduce Output Operator
                        key expressions: _col0 (type: struct<writeid:bigint,bucketid:int,rowid:bigint>)
                        null sort order: z
                        sort order: +
                        Map-reduce partition columns: UDFToInteger(_col0) (type: int)
                        Statistics: Num rows: 1/8 Data size: 3 Basic stats: COMPLETE Column stats: NONE
            Execution mode: llap
            LLAP IO: may be used (ACID table)
        Reducer 2 
            Execution mode: llap
            Reduce Operator Tree:
              Select Operator
                expressions: KEY.reducesinkkey0 (type: struct<writeid:bigint,bucketid:int,rowid:bigint>)
                outputColumnNames: _col0
                Statistics: Num rows: 1/8 Data size: 3 Basic stats: COMPLETE Column stats: NONE
                File Output Operator
                  compressed: false
                  Statistics: Num rows: 1/8 Data size: 3 Basic stats: COMPLETE Column stats: NONE
                  table:
                      input format: org.apache.hadoop.hive.ql.io.orc.OrcInputFormat
                      output format: org.apache.hadoop.hive.ql.io.orc.OrcOutputFormat
                      serde: org.apache.hadoop.hive.ql.io.orc.OrcSerde
                      name: default.acid_dot_n0
                  Write Type: DELETE

  Stage: Stage-2
    Dependency Collection

  Stage: Stage-0
    Move Operator
      tables:
          replace: false
          table:
              input format: org.apache.hadoop.hive.ql.io.orc.OrcInputFormat
              output format: org.apache.hadoop.hive.ql.io.orc.OrcOutputFormat
              serde: org.apache.hadoop.hive.ql.io.orc.OrcSerde
              name: default.acid_dot_n0
          Write Type: DELETE

  Stage: Stage-3
    Stats Work
      Basic Stats Work:

PREHOOK: query: select count(*) from acid_dot_n0
PREHOOK: type: QUERY
PREHOOK: Input: default@acid_dot_n0
#### A masked pattern was here ####
POSTHOOK: query: select count(*) from acid_dot_n0
POSTHOOK: type: QUERY
POSTHOOK: Input: default@acid_dot_n0
#### A masked pattern was here ####
12288
PREHOOK: query: delete from acid_dot_n0 where cint < -1070551679
PREHOOK: type: QUERY
PREHOOK: Input: default@acid_dot_n0
PREHOOK: Output: default@acid_dot_n0
POSTHOOK: query: delete from acid_dot_n0 where cint < -1070551679
POSTHOOK: type: QUERY
POSTHOOK: Input: default@acid_dot_n0
POSTHOOK: Output: default@acid_dot_n0
PREHOOK: query: select count(*) from acid_dot_n0
PREHOOK: type: QUERY
PREHOOK: Input: default@acid_dot_n0
#### A masked pattern was here ####
POSTHOOK: query: select count(*) from acid_dot_n0
POSTHOOK: type: QUERY
POSTHOOK: Input: default@acid_dot_n0
#### A masked pattern was here ####
12280
