PREHOOK: query: explain
select count(key),sum(key),avg(key),min(key),max(key),std(key),variance(key) from src
PREHOOK: type: QUERY
PREHOOK: Input: default@src
#### A masked pattern was here ####
POSTHOOK: query: explain
select count(key),sum(key),avg(key),min(key),max(key),std(key),variance(key) from src
POSTHOOK: type: QUERY
POSTHOOK: Input: default@src
#### A masked pattern was here ####
STAGE DEPENDENCIES:
  Stage-1 is a root stage
  Stage-0 depends on stages: Stage-1

STAGE PLANS:
  Stage: Stage-1
    Tez
#### A masked pattern was here ####
      Vertices:
        Map 1 
            Map Operator Tree:
                TableScan
                  alias: src
                  Statistics: Num rows: 500 Data size: 43500 Basic stats: COMPLETE Column stats: COMPLETE
                  Select Operator
                    expressions: key (type: string), UDFToDouble(key) (type: double), (UDFToDouble(key) * UDFToDouble(key)) (type: double)
                    outputColumnNames: _col0, _col1, _col2
                    Statistics: Num rows: 500 Data size: 43500 Basic stats: COMPLETE Column stats: COMPLETE
                    Group By Operator
                      aggregations: count(_col0), sum(_col0), sum(_col1), count(_col1), min(_col0), max(_col0), sum(_col2)
                      minReductionHashAggr: 0.99
                      mode: hash
                      outputColumnNames: _col0, _col1, _col2, _col3, _col4, _col5, _col6
                      Statistics: Num rows: 1 Data size: 408 Basic stats: COMPLETE Column stats: COMPLETE
                      File Output Operator
                        compressed: false
                        Statistics: Num rows: 1 Data size: 408 Basic stats: COMPLETE Column stats: COMPLETE
                        table:
                            input format: org.apache.hadoop.mapred.SequenceFileInputFormat
                            output format: org.apache.hadoop.hive.ql.io.HiveSequenceFileOutputFormat
                            serde: org.apache.hadoop.hive.serde2.lazybinary.LazyBinarySerDe
            Execution mode: llap
            LLAP IO: all inputs

  Stage: Stage-0
    Fetch Operator
      limit: -1
      Processor Tree:
        Group By Operator
          aggregations: count(_col0), sum(_col1), sum(_col2), count(_col3), min(_col4), max(_col5), sum(_col6)
          mode: mergepartial
          outputColumnNames: _col0, _col1, _col2, _col3, _col4, _col5, _col6
          Select Operator
            expressions: _col0 (type: bigint), _col1 (type: double), (_col2 / _col3) (type: double), _col4 (type: string), _col5 (type: string), power(((_col6 - ((_col2 * _col2) / _col3)) / _col3), 0.5) (type: double), ((_col6 - ((_col2 * _col2) / _col3)) / _col3) (type: double)
            outputColumnNames: _col0, _col1, _col2, _col3, _col4, _col5, _col6
            ListSink

PREHOOK: query: select count(key),sum(key),avg(key),min(key),max(key),std(key),variance(key) from src
PREHOOK: type: QUERY
PREHOOK: Input: default@src
#### A masked pattern was here ####
POSTHOOK: query: select count(key),sum(key),avg(key),min(key),max(key),std(key),variance(key) from src
POSTHOOK: type: QUERY
POSTHOOK: Input: default@src
#### A masked pattern was here ####
500	130091.0	260.182	0	98	142.9268095075238	20428.072876000002
