PREHOOK: query: CREATE TABLE filter_join_breaktask(key int, value string) partitioned by (ds string)
PREHOOK: type: CREATETABLE
PREHOOK: Output: database:default
PREHOOK: Output: default@filter_join_breaktask
POSTHOOK: query: CREATE TABLE filter_join_breaktask(key int, value string) partitioned by (ds string)
POSTHOOK: type: CREATETABLE
POSTHOOK: Output: database:default
POSTHOOK: Output: default@filter_join_breaktask
PREHOOK: query: INSERT OVERWRITE TABLE filter_join_breaktask PARTITION(ds='2008-04-08')
SELECT key, value from src1
PREHOOK: type: QUERY
PREHOOK: Input: default@src1
PREHOOK: Output: default@filter_join_breaktask@ds=2008-04-08
POSTHOOK: query: INSERT OVERWRITE TABLE filter_join_breaktask PARTITION(ds='2008-04-08')
SELECT key, value from src1
POSTHOOK: type: QUERY
POSTHOOK: Input: default@src1
POSTHOOK: Output: default@filter_join_breaktask@ds=2008-04-08
POSTHOOK: Lineage: filter_join_breaktask PARTITION(ds=2008-04-08).key EXPRESSION [(src1)src1.FieldSchema(name:key, type:string, comment:default), ]
POSTHOOK: Lineage: filter_join_breaktask PARTITION(ds=2008-04-08).value SIMPLE [(src1)src1.FieldSchema(name:value, type:string, comment:default), ]
PREHOOK: query: EXPLAIN EXTENDED  
SELECT f.key, g.value 
FROM filter_join_breaktask f JOIN filter_join_breaktask m ON( f.key = m.key AND f.ds='2008-04-08' AND m.ds='2008-04-08' AND f.key is not null) 
JOIN filter_join_breaktask g ON(g.value = m.value AND g.ds='2008-04-08' AND m.ds='2008-04-08' AND m.value is not null AND m.value !='')
PREHOOK: type: QUERY
PREHOOK: Input: default@filter_join_breaktask
PREHOOK: Input: default@filter_join_breaktask@ds=2008-04-08
#### A masked pattern was here ####
POSTHOOK: query: EXPLAIN EXTENDED  
SELECT f.key, g.value 
FROM filter_join_breaktask f JOIN filter_join_breaktask m ON( f.key = m.key AND f.ds='2008-04-08' AND m.ds='2008-04-08' AND f.key is not null) 
JOIN filter_join_breaktask g ON(g.value = m.value AND g.ds='2008-04-08' AND m.ds='2008-04-08' AND m.value is not null AND m.value !='')
POSTHOOK: type: QUERY
POSTHOOK: Input: default@filter_join_breaktask
POSTHOOK: Input: default@filter_join_breaktask@ds=2008-04-08
#### A masked pattern was here ####
OPTIMIZED SQL: SELECT `t2`.`key`, `t0`.`value`
FROM (SELECT `value`
FROM `default`.`filter_join_breaktask`
WHERE `value` <> '' AND `ds` = '2008-04-08') AS `t0`
INNER JOIN ((SELECT `key`
FROM `default`.`filter_join_breaktask`
WHERE `key` IS NOT NULL AND `ds` = '2008-04-08') AS `t2`
INNER JOIN (SELECT `key`, `value`
FROM `default`.`filter_join_breaktask`
WHERE `key` IS NOT NULL AND `value` <> '' AND `ds` = '2008-04-08') AS `t4` ON `t2`.`key` = `t4`.`key`) ON `t0`.`value` = `t4`.`value`
STAGE DEPENDENCIES:
  Stage-1 is a root stage
  Stage-0 depends on stages: Stage-1

STAGE PLANS:
  Stage: Stage-1
    Tez
#### A masked pattern was here ####
      Edges:
        Reducer 2 <- Map 1 (SIMPLE_EDGE), Map 4 (SIMPLE_EDGE)
        Reducer 3 <- Map 4 (SIMPLE_EDGE), Reducer 2 (SIMPLE_EDGE)
#### A masked pattern was here ####
      Vertices:
        Map 1 
            Map Operator Tree:
                TableScan
                  alias: f
                  filterExpr: key is not null (type: boolean)
                  Statistics: Num rows: 25 Data size: 64 Basic stats: COMPLETE Column stats: COMPLETE
                  GatherStats: false
                  Filter Operator
                    isSamplingPred: false
                    predicate: key is not null (type: boolean)
                    Statistics: Num rows: 15 Data size: 40 Basic stats: COMPLETE Column stats: COMPLETE
                    Select Operator
                      expressions: key (type: int)
                      outputColumnNames: _col0
                      Statistics: Num rows: 15 Data size: 40 Basic stats: COMPLETE Column stats: COMPLETE
                      Reduce Output Operator
                        bucketingVersion: 2
                        key expressions: _col0 (type: int)
                        null sort order: z
                        numBuckets: -1
                        sort order: +
                        Map-reduce partition columns: _col0 (type: int)
                        Statistics: Num rows: 15 Data size: 40 Basic stats: COMPLETE Column stats: COMPLETE
                        tag: 0
                        auto parallelism: true
            Execution mode: vectorized, llap
            LLAP IO: all inputs
            Path -> Alias:
#### A masked pattern was here ####
            Path -> Partition:
#### A masked pattern was here ####
                Partition
                  base file name: ds=2008-04-08
                  input format: org.apache.hadoop.mapred.TextInputFormat
                  output format: org.apache.hadoop.hive.ql.io.HiveIgnoreKeyTextOutputFormat
                  partition values:
                    ds 2008-04-08
                  properties:
                    column.name.delimiter ,
                    columns key,value
                    columns.types int:string
#### A masked pattern was here ####
                    name default.filter_join_breaktask
                    partition_columns ds
                    partition_columns.types string
                    serialization.format 1
                    serialization.lib org.apache.hadoop.hive.serde2.lazy.LazySimpleSerDe
                  serde: org.apache.hadoop.hive.serde2.lazy.LazySimpleSerDe
                
                    input format: org.apache.hadoop.mapred.TextInputFormat
                    output format: org.apache.hadoop.hive.ql.io.HiveIgnoreKeyTextOutputFormat
                    properties:
                      bucketing_version 2
                      column.name.delimiter ,
                      columns key,value
                      columns.comments 
                      columns.types int:string
#### A masked pattern was here ####
                      name default.filter_join_breaktask
                      partition_columns ds
                      partition_columns.types string
                      serialization.format 1
                      serialization.lib org.apache.hadoop.hive.serde2.lazy.LazySimpleSerDe
                    serde: org.apache.hadoop.hive.serde2.lazy.LazySimpleSerDe
                    name: default.filter_join_breaktask
                  name: default.filter_join_breaktask
            Truncated Path -> Alias:
              /filter_join_breaktask/ds=2008-04-08 [f]
        Map 4 
            Map Operator Tree:
                TableScan
                  alias: m
                  filterExpr: ((key is not null and (value <> '')) or (value <> '')) (type: boolean)
                  Statistics: Num rows: 25 Data size: 2289 Basic stats: COMPLETE Column stats: COMPLETE
                  GatherStats: false
                  Filter Operator
                    isSamplingPred: false
                    predicate: (key is not null and (value <> '')) (type: boolean)
                    Statistics: Num rows: 15 Data size: 1375 Basic stats: COMPLETE Column stats: COMPLETE
                    Select Operator
                      expressions: key (type: int), value (type: string)
                      outputColumnNames: _col0, _col1
                      Statistics: Num rows: 15 Data size: 1375 Basic stats: COMPLETE Column stats: COMPLETE
                      Reduce Output Operator
                        bucketingVersion: 2
                        key expressions: _col0 (type: int)
                        null sort order: z
                        numBuckets: -1
                        sort order: +
                        Map-reduce partition columns: _col0 (type: int)
                        Statistics: Num rows: 15 Data size: 1375 Basic stats: COMPLETE Column stats: COMPLETE
                        tag: 1
                        value expressions: _col1 (type: string)
                        auto parallelism: true
                  Filter Operator
                    isSamplingPred: false
                    predicate: (value <> '') (type: boolean)
                    Statistics: Num rows: 25 Data size: 2225 Basic stats: COMPLETE Column stats: COMPLETE
                    Select Operator
                      expressions: value (type: string)
                      outputColumnNames: _col0
                      Statistics: Num rows: 25 Data size: 2225 Basic stats: COMPLETE Column stats: COMPLETE
                      Reduce Output Operator
                        bucketingVersion: 2
                        key expressions: _col0 (type: string)
                        null sort order: z
                        numBuckets: -1
                        sort order: +
                        Map-reduce partition columns: _col0 (type: string)
                        Statistics: Num rows: 25 Data size: 2225 Basic stats: COMPLETE Column stats: COMPLETE
                        tag: 1
                        auto parallelism: true
            Execution mode: vectorized, llap
            LLAP IO: all inputs
            Path -> Alias:
#### A masked pattern was here ####
            Path -> Partition:
#### A masked pattern was here ####
                Partition
                  base file name: ds=2008-04-08
                  input format: org.apache.hadoop.mapred.TextInputFormat
                  output format: org.apache.hadoop.hive.ql.io.HiveIgnoreKeyTextOutputFormat
                  partition values:
                    ds 2008-04-08
                  properties:
                    column.name.delimiter ,
                    columns key,value
                    columns.types int:string
#### A masked pattern was here ####
                    name default.filter_join_breaktask
                    partition_columns ds
                    partition_columns.types string
                    serialization.format 1
                    serialization.lib org.apache.hadoop.hive.serde2.lazy.LazySimpleSerDe
                  serde: org.apache.hadoop.hive.serde2.lazy.LazySimpleSerDe
                
                    input format: org.apache.hadoop.mapred.TextInputFormat
                    output format: org.apache.hadoop.hive.ql.io.HiveIgnoreKeyTextOutputFormat
                    properties:
                      bucketing_version 2
                      column.name.delimiter ,
                      columns key,value
                      columns.comments 
                      columns.types int:string
#### A masked pattern was here ####
                      name default.filter_join_breaktask
                      partition_columns ds
                      partition_columns.types string
                      serialization.format 1
                      serialization.lib org.apache.hadoop.hive.serde2.lazy.LazySimpleSerDe
                    serde: org.apache.hadoop.hive.serde2.lazy.LazySimpleSerDe
                    name: default.filter_join_breaktask
                  name: default.filter_join_breaktask
            Truncated Path -> Alias:
              /filter_join_breaktask/ds=2008-04-08 [m]
        Reducer 2 
            Execution mode: llap
            Needs Tagging: false
            Reduce Operator Tree:
              Merge Join Operator
                condition map:
                     Inner Join 0 to 1
                keys:
                  0 _col0 (type: int)
                  1 _col0 (type: int)
                outputColumnNames: _col0, _col2
                Position of Big Table: 1
                Statistics: Num rows: 15 Data size: 1375 Basic stats: COMPLETE Column stats: COMPLETE
                Reduce Output Operator
                  bucketingVersion: 2
                  key expressions: _col2 (type: string)
                  null sort order: z
                  numBuckets: -1
                  sort order: +
                  Map-reduce partition columns: _col2 (type: string)
                  Statistics: Num rows: 15 Data size: 1375 Basic stats: COMPLETE Column stats: COMPLETE
                  tag: 0
                  value expressions: _col0 (type: int)
                  auto parallelism: true
        Reducer 3 
            Execution mode: llap
            Needs Tagging: false
            Reduce Operator Tree:
              Merge Join Operator
                condition map:
                     Inner Join 0 to 1
                keys:
                  0 _col2 (type: string)
                  1 _col0 (type: string)
                outputColumnNames: _col0, _col3
                Position of Big Table: 1
                Statistics: Num rows: 19 Data size: 1747 Basic stats: COMPLETE Column stats: COMPLETE
                Select Operator
                  expressions: _col0 (type: int), _col3 (type: string)
                  outputColumnNames: _col0, _col1
                  Statistics: Num rows: 19 Data size: 1747 Basic stats: COMPLETE Column stats: COMPLETE
                  File Output Operator
                    bucketingVersion: 2
                    compressed: false
                    GlobalTableId: 0
#### A masked pattern was here ####
                    NumFilesPerFileSink: 1
                    Statistics: Num rows: 19 Data size: 1747 Basic stats: COMPLETE Column stats: COMPLETE
#### A masked pattern was here ####
                    table:
                        input format: org.apache.hadoop.mapred.SequenceFileInputFormat
                        output format: org.apache.hadoop.hive.ql.io.HiveSequenceFileOutputFormat
                        properties:
                          bucketing_version -1
                          columns _col0,_col1
                          columns.types int:string
                          escape.delim \
                          hive.serialization.extend.additional.nesting.levels true
                          serialization.escape.crlf true
                          serialization.format 1
                          serialization.lib org.apache.hadoop.hive.serde2.lazy.LazySimpleSerDe
                        serde: org.apache.hadoop.hive.serde2.lazy.LazySimpleSerDe
                    TotalFiles: 1
                    GatherStats: false
                    MultiFileSpray: false

  Stage: Stage-0
    Fetch Operator
      limit: -1
      Processor Tree:
        ListSink

PREHOOK: query: SELECT f.key, g.value 
FROM filter_join_breaktask f JOIN filter_join_breaktask m ON( f.key = m.key AND f.ds='2008-04-08' AND m.ds='2008-04-08' AND f.key is not null) 
JOIN filter_join_breaktask g ON(g.value = m.value AND g.ds='2008-04-08' AND m.ds='2008-04-08' AND m.value is not null AND m.value !='')
PREHOOK: type: QUERY
PREHOOK: Input: default@filter_join_breaktask
PREHOOK: Input: default@filter_join_breaktask@ds=2008-04-08
#### A masked pattern was here ####
POSTHOOK: query: SELECT f.key, g.value 
FROM filter_join_breaktask f JOIN filter_join_breaktask m ON( f.key = m.key AND f.ds='2008-04-08' AND m.ds='2008-04-08' AND f.key is not null) 
JOIN filter_join_breaktask g ON(g.value = m.value AND g.ds='2008-04-08' AND m.ds='2008-04-08' AND m.value is not null AND m.value !='')
POSTHOOK: type: QUERY
POSTHOOK: Input: default@filter_join_breaktask
POSTHOOK: Input: default@filter_join_breaktask@ds=2008-04-08
#### A masked pattern was here ####
146	val_146
150	val_150
213	val_213
238	val_238
255	val_255
273	val_273
278	val_278
311	val_311
401	val_401
406	val_406
66	val_66
98	val_98
