PREHOOK: query: create table t (a int)
PREHOOK: type: CREATETABLE
PREHOOK: Output: database:default
PREHOOK: Output: default@t
POSTHOOK: query: create table t (a int)
POSTHOOK: type: CREATETABLE
POSTHOOK: Output: database:default
POSTHOOK: Output: default@t
PREHOOK: query: create table t2 (b int)
PREHOOK: type: CREATETABLE
PREHOOK: Output: database:default
PREHOOK: Output: default@t2
POSTHOOK: query: create table t2 (b int)
POSTHOOK: type: CREATETABLE
POSTHOOK: Output: database:default
POSTHOOK: Output: default@t2
PREHOOK: query: create table t3 (c int)
PREHOOK: type: CREATETABLE
PREHOOK: Output: database:default
PREHOOK: Output: default@t3
POSTHOOK: query: create table t3 (c int)
POSTHOOK: type: CREATETABLE
POSTHOOK: Output: database:default
POSTHOOK: Output: default@t3
PREHOOK: query: insert into t values(3),(10)
PREHOOK: type: QUERY
PREHOOK: Input: _dummy_database@_dummy_table
PREHOOK: Output: default@t
POSTHOOK: query: insert into t values(3),(10)
POSTHOOK: type: QUERY
POSTHOOK: Input: _dummy_database@_dummy_table
POSTHOOK: Output: default@t
POSTHOOK: Lineage: t.a SCRIPT []
Warning: Shuffle Join MERGEJOIN[16][tables = [$hdt$_0, $hdt$_1]] in Stage 'Reducer 2' is a cross product
Warning: Shuffle Join MERGEJOIN[17][tables = [$hdt$_0, $hdt$_1, $hdt$_2]] in Stage 'Reducer 3' is a cross product
PREHOOK: query: explain select a from t,t2,t3 where
 (a>3 and null between 0 and 10) is null
PREHOOK: type: QUERY
PREHOOK: Input: default@t
PREHOOK: Input: default@t2
PREHOOK: Input: default@t3
#### A masked pattern was here ####
POSTHOOK: query: explain select a from t,t2,t3 where
 (a>3 and null between 0 and 10) is null
POSTHOOK: type: QUERY
POSTHOOK: Input: default@t
POSTHOOK: Input: default@t2
POSTHOOK: Input: default@t3
#### A masked pattern was here ####
STAGE DEPENDENCIES:
  Stage-1 is a root stage
  Stage-0 depends on stages: Stage-1

STAGE PLANS:
  Stage: Stage-1
    Tez
#### A masked pattern was here ####
      Edges:
        Reducer 2 <- Map 1 (XPROD_EDGE), Map 4 (XPROD_EDGE)
        Reducer 3 <- Map 5 (XPROD_EDGE), Reducer 2 (XPROD_EDGE)
#### A masked pattern was here ####
      Vertices:
        Map 1 
            Map Operator Tree:
                TableScan
                  alias: t
                  filterExpr: ((a > 3) and null) is null (type: boolean)
                  Statistics: Num rows: 2 Data size: 8 Basic stats: COMPLETE Column stats: COMPLETE
                  Filter Operator
                    predicate: ((a > 3) and null) is null (type: boolean)
                    Statistics: Num rows: 1 Data size: 4 Basic stats: COMPLETE Column stats: COMPLETE
                    Select Operator
                      expressions: a (type: int)
                      outputColumnNames: _col0
                      Statistics: Num rows: 1 Data size: 4 Basic stats: COMPLETE Column stats: COMPLETE
                      Reduce Output Operator
                        null sort order: 
                        sort order: 
                        Statistics: Num rows: 1 Data size: 4 Basic stats: COMPLETE Column stats: COMPLETE
                        value expressions: _col0 (type: int)
            Execution mode: vectorized, llap
            LLAP IO: no inputs
        Map 4 
            Map Operator Tree:
                TableScan
                  alias: t3
                  Statistics: Num rows: 1 Data size: 0 Basic stats: PARTIAL Column stats: COMPLETE
                  Select Operator
                    Statistics: Num rows: 1 Data size: 0 Basic stats: PARTIAL Column stats: COMPLETE
                    Reduce Output Operator
                      null sort order: 
                      sort order: 
                      Statistics: Num rows: 1 Data size: 0 Basic stats: PARTIAL Column stats: COMPLETE
            Execution mode: vectorized, llap
            LLAP IO: no inputs
        Map 5 
            Map Operator Tree:
                TableScan
                  alias: t2
                  Statistics: Num rows: 1 Data size: 0 Basic stats: PARTIAL Column stats: COMPLETE
                  Select Operator
                    Statistics: Num rows: 1 Data size: 0 Basic stats: PARTIAL Column stats: COMPLETE
                    Reduce Output Operator
                      null sort order: 
                      sort order: 
                      Statistics: Num rows: 1 Data size: 0 Basic stats: PARTIAL Column stats: COMPLETE
            Execution mode: vectorized, llap
            LLAP IO: no inputs
        Reducer 2 
            Execution mode: llap
            Reduce Operator Tree:
              Merge Join Operator
                condition map:
                     Inner Join 0 to 1
                keys:
                  0 
                  1 
                outputColumnNames: _col0
                Statistics: Num rows: 1 Data size: 5 Basic stats: PARTIAL Column stats: NONE
                Reduce Output Operator
                  null sort order: 
                  sort order: 
                  Statistics: Num rows: 1 Data size: 5 Basic stats: PARTIAL Column stats: NONE
                  value expressions: _col0 (type: int)
        Reducer 3 
            Execution mode: llap
            Reduce Operator Tree:
              Merge Join Operator
                condition map:
                     Inner Join 0 to 1
                keys:
                  0 
                  1 
                outputColumnNames: _col0
                Statistics: Num rows: 1 Data size: 6 Basic stats: PARTIAL Column stats: NONE
                File Output Operator
                  compressed: false
                  Statistics: Num rows: 1 Data size: 6 Basic stats: PARTIAL Column stats: NONE
                  table:
                      input format: org.apache.hadoop.mapred.SequenceFileInputFormat
                      output format: org.apache.hadoop.hive.ql.io.HiveSequenceFileOutputFormat
                      serde: org.apache.hadoop.hive.serde2.lazy.LazySimpleSerDe

  Stage: Stage-0
    Fetch Operator
      limit: -1
      Processor Tree:
        ListSink

PREHOOK: query: explain select a from t,t2,t3 where
 (a>5 or null between 0 and 10) and (a*a < 101)
 and t.a=t2.b and t.a=t3.c
PREHOOK: type: QUERY
PREHOOK: Input: default@t
PREHOOK: Input: default@t2
PREHOOK: Input: default@t3
#### A masked pattern was here ####
POSTHOOK: query: explain select a from t,t2,t3 where
 (a>5 or null between 0 and 10) and (a*a < 101)
 and t.a=t2.b and t.a=t3.c
POSTHOOK: type: QUERY
POSTHOOK: Input: default@t
POSTHOOK: Input: default@t2
POSTHOOK: Input: default@t3
#### A masked pattern was here ####
STAGE DEPENDENCIES:
  Stage-1 is a root stage
  Stage-0 depends on stages: Stage-1

STAGE PLANS:
  Stage: Stage-1
    Tez
#### A masked pattern was here ####
      Edges:
        Reducer 2 <- Map 1 (SIMPLE_EDGE), Map 4 (SIMPLE_EDGE)
        Reducer 3 <- Map 5 (SIMPLE_EDGE), Reducer 2 (SIMPLE_EDGE)
#### A masked pattern was here ####
      Vertices:
        Map 1 
            Map Operator Tree:
                TableScan
                  alias: t
                  filterExpr: ((a > 5) and ((a * a) < 101)) (type: boolean)
                  Statistics: Num rows: 2 Data size: 8 Basic stats: COMPLETE Column stats: COMPLETE
                  Filter Operator
                    predicate: ((a > 5) and ((a * a) < 101)) (type: boolean)
                    Statistics: Num rows: 1 Data size: 4 Basic stats: COMPLETE Column stats: COMPLETE
                    Select Operator
                      expressions: a (type: int)
                      outputColumnNames: _col0
                      Statistics: Num rows: 1 Data size: 4 Basic stats: COMPLETE Column stats: COMPLETE
                      Reduce Output Operator
                        key expressions: _col0 (type: int)
                        null sort order: z
                        sort order: +
                        Map-reduce partition columns: _col0 (type: int)
                        Statistics: Num rows: 1 Data size: 4 Basic stats: COMPLETE Column stats: COMPLETE
            Execution mode: vectorized, llap
            LLAP IO: no inputs
        Map 4 
            Map Operator Tree:
                TableScan
                  alias: t2
                  filterExpr: ((b > 5) and ((b * b) < 101)) (type: boolean)
                  Statistics: Num rows: 1 Data size: 4 Basic stats: COMPLETE Column stats: NONE
                  Filter Operator
                    predicate: ((b > 5) and ((b * b) < 101)) (type: boolean)
                    Statistics: Num rows: 1 Data size: 4 Basic stats: COMPLETE Column stats: NONE
                    Select Operator
                      expressions: b (type: int)
                      outputColumnNames: _col0
                      Statistics: Num rows: 1 Data size: 4 Basic stats: COMPLETE Column stats: NONE
                      Reduce Output Operator
                        key expressions: _col0 (type: int)
                        null sort order: z
                        sort order: +
                        Map-reduce partition columns: _col0 (type: int)
                        Statistics: Num rows: 1 Data size: 4 Basic stats: COMPLETE Column stats: NONE
            Execution mode: vectorized, llap
            LLAP IO: no inputs
        Map 5 
            Map Operator Tree:
                TableScan
                  alias: t3
                  filterExpr: ((c > 5) and ((c * c) < 101)) (type: boolean)
                  Statistics: Num rows: 1 Data size: 4 Basic stats: COMPLETE Column stats: NONE
                  Filter Operator
                    predicate: ((c > 5) and ((c * c) < 101)) (type: boolean)
                    Statistics: Num rows: 1 Data size: 4 Basic stats: COMPLETE Column stats: NONE
                    Select Operator
                      expressions: c (type: int)
                      outputColumnNames: _col0
                      Statistics: Num rows: 1 Data size: 4 Basic stats: COMPLETE Column stats: NONE
                      Reduce Output Operator
                        key expressions: _col0 (type: int)
                        null sort order: z
                        sort order: +
                        Map-reduce partition columns: _col0 (type: int)
                        Statistics: Num rows: 1 Data size: 4 Basic stats: COMPLETE Column stats: NONE
            Execution mode: vectorized, llap
            LLAP IO: no inputs
        Reducer 2 
            Execution mode: llap
            Reduce Operator Tree:
              Merge Join Operator
                condition map:
                     Inner Join 0 to 1
                keys:
                  0 _col0 (type: int)
                  1 _col0 (type: int)
                outputColumnNames: _col0
                Statistics: Num rows: 1 Data size: 4 Basic stats: COMPLETE Column stats: NONE
                Reduce Output Operator
                  key expressions: _col0 (type: int)
                  null sort order: z
                  sort order: +
                  Map-reduce partition columns: _col0 (type: int)
                  Statistics: Num rows: 1 Data size: 4 Basic stats: COMPLETE Column stats: NONE
        Reducer 3 
            Execution mode: llap
            Reduce Operator Tree:
              Merge Join Operator
                condition map:
                     Inner Join 0 to 1
                keys:
                  0 _col0 (type: int)
                  1 _col0 (type: int)
                outputColumnNames: _col0
                Statistics: Num rows: 1 Data size: 4 Basic stats: COMPLETE Column stats: NONE
                File Output Operator
                  compressed: false
                  Statistics: Num rows: 1 Data size: 4 Basic stats: COMPLETE Column stats: NONE
                  table:
                      input format: org.apache.hadoop.mapred.SequenceFileInputFormat
                      output format: org.apache.hadoop.hive.ql.io.HiveSequenceFileOutputFormat
                      serde: org.apache.hadoop.hive.serde2.lazy.LazySimpleSerDe

  Stage: Stage-0
    Fetch Operator
      limit: -1
      Processor Tree:
        ListSink

