PREHOOK: query: EXPLAIN
SELECT f.key, g.key, count(g.key)
FROM src f JOIN src g ON(f.key = g.key)
GROUP BY f.key, g.key
PREHOOK: type: QUERY
PREHOOK: Input: default@src
#### A masked pattern was here ####
POSTHOOK: query: EXPLAIN
SELECT f.key, g.key, count(g.key)
FROM src f JOIN src g ON(f.key = g.key)
GROUP BY f.key, g.key
POSTHOOK: type: QUERY
POSTHOOK: Input: default@src
#### A masked pattern was here ####
STAGE DEPENDENCIES:
  Stage-1 is a root stage
  Stage-0 depends on stages: Stage-1

STAGE PLANS:
  Stage: Stage-1
    Tez
#### A masked pattern was here ####
      Edges:
        Reducer 2 <- Map 1 (SIMPLE_EDGE), Map 3 (SIMPLE_EDGE)
#### A masked pattern was here ####
      Vertices:
        Map 1 
            Map Operator Tree:
                TableScan
                  alias: f
                  filterExpr: key is not null (type: boolean)
                  Statistics: Num rows: 500 Data size: 43500 Basic stats: COMPLETE Column stats: COMPLETE
                  Filter Operator
                    predicate: key is not null (type: boolean)
                    Statistics: Num rows: 500 Data size: 43500 Basic stats: COMPLETE Column stats: COMPLETE
                    Select Operator
                      expressions: key (type: string)
                      outputColumnNames: _col0
                      Statistics: Num rows: 500 Data size: 43500 Basic stats: COMPLETE Column stats: COMPLETE
                      Group By Operator
                        aggregations: count()
                        keys: _col0 (type: string)
                        minReductionHashAggr: 0.4
                        mode: hash
                        outputColumnNames: _col0, _col1
                        Statistics: Num rows: 316 Data size: 30020 Basic stats: COMPLETE Column stats: COMPLETE
                        Reduce Output Operator
                          key expressions: _col0 (type: string)
                          null sort order: z
                          sort order: +
                          Map-reduce partition columns: _col0 (type: string)
                          Statistics: Num rows: 316 Data size: 30020 Basic stats: COMPLETE Column stats: COMPLETE
                          value expressions: _col1 (type: bigint)
            Execution mode: vectorized, llap
            LLAP IO: all inputs
        Map 3 
            Map Operator Tree:
                TableScan
                  alias: g
                  filterExpr: key is not null (type: boolean)
                  Statistics: Num rows: 500 Data size: 43500 Basic stats: COMPLETE Column stats: COMPLETE
                  Filter Operator
                    predicate: key is not null (type: boolean)
                    Statistics: Num rows: 500 Data size: 43500 Basic stats: COMPLETE Column stats: COMPLETE
                    Select Operator
                      expressions: key (type: string)
                      outputColumnNames: _col0
                      Statistics: Num rows: 500 Data size: 43500 Basic stats: COMPLETE Column stats: COMPLETE
                      Group By Operator
                        aggregations: count(_col0)
                        keys: _col0 (type: string)
                        minReductionHashAggr: 0.4
                        mode: hash
                        outputColumnNames: _col0, _col1
                        Statistics: Num rows: 316 Data size: 30020 Basic stats: COMPLETE Column stats: COMPLETE
                        Reduce Output Operator
                          key expressions: _col0 (type: string)
                          null sort order: z
                          sort order: +
                          Map-reduce partition columns: _col0 (type: string)
                          Statistics: Num rows: 316 Data size: 30020 Basic stats: COMPLETE Column stats: COMPLETE
                          value expressions: _col1 (type: bigint)
            Execution mode: vectorized, llap
            LLAP IO: all inputs
        Reducer 2 
            Reduce Operator Tree:
              Group By Operator
                aggregations: count(VALUE._col0)
                keys: KEY._col0 (type: string)
                mode: mergepartial
                outputColumnNames: _col0, _col1
                Statistics: Num rows: 316 Data size: 30020 Basic stats: COMPLETE Column stats: COMPLETE
                Dummy Store
            Execution mode: llap
            Reduce Operator Tree:
              Group By Operator
                aggregations: count(VALUE._col0)
                keys: KEY._col0 (type: string)
                mode: mergepartial
                outputColumnNames: _col0, _col1
                Statistics: Num rows: 316 Data size: 30020 Basic stats: COMPLETE Column stats: COMPLETE
                Merge Join Operator
                  condition map:
                       Inner Join 0 to 1
                  keys:
                    0 _col0 (type: string)
                    1 _col0 (type: string)
                  outputColumnNames: _col0, _col1, _col2, _col3
                  Statistics: Num rows: 316 Data size: 60040 Basic stats: COMPLETE Column stats: COMPLETE
                  Select Operator
                    expressions: _col0 (type: string), _col2 (type: string), (_col1 * _col3) (type: bigint)
                    outputColumnNames: _col0, _col1, _col2
                    Statistics: Num rows: 316 Data size: 57512 Basic stats: COMPLETE Column stats: COMPLETE
                    File Output Operator
                      compressed: false
                      Statistics: Num rows: 316 Data size: 57512 Basic stats: COMPLETE Column stats: COMPLETE
                      table:
                          input format: org.apache.hadoop.mapred.SequenceFileInputFormat
                          output format: org.apache.hadoop.hive.ql.io.HiveSequenceFileOutputFormat
                          serde: org.apache.hadoop.hive.serde2.lazy.LazySimpleSerDe

  Stage: Stage-0
    Fetch Operator
      limit: -1
      Processor Tree:
        ListSink

PREHOOK: query: EXPLAIN
SELECT f.key, g.key
FROM src f JOIN src g ON(f.key = g.key)
GROUP BY f.key, g.key
PREHOOK: type: QUERY
PREHOOK: Input: default@src
#### A masked pattern was here ####
POSTHOOK: query: EXPLAIN
SELECT f.key, g.key
FROM src f JOIN src g ON(f.key = g.key)
GROUP BY f.key, g.key
POSTHOOK: type: QUERY
POSTHOOK: Input: default@src
#### A masked pattern was here ####
STAGE DEPENDENCIES:
  Stage-1 is a root stage
  Stage-0 depends on stages: Stage-1

STAGE PLANS:
  Stage: Stage-1
    Tez
#### A masked pattern was here ####
      Edges:
        Reducer 2 <- Map 1 (SIMPLE_EDGE), Map 3 (SIMPLE_EDGE)
#### A masked pattern was here ####
      Vertices:
        Map 1 
            Map Operator Tree:
                TableScan
                  alias: f
                  filterExpr: key is not null (type: boolean)
                  Statistics: Num rows: 500 Data size: 43500 Basic stats: COMPLETE Column stats: COMPLETE
                  Filter Operator
                    predicate: key is not null (type: boolean)
                    Statistics: Num rows: 500 Data size: 43500 Basic stats: COMPLETE Column stats: COMPLETE
                    Select Operator
                      expressions: key (type: string)
                      outputColumnNames: _col0
                      Statistics: Num rows: 500 Data size: 43500 Basic stats: COMPLETE Column stats: COMPLETE
                      Group By Operator
                        keys: _col0 (type: string)
                        minReductionHashAggr: 0.4
                        mode: hash
                        outputColumnNames: _col0
                        Statistics: Num rows: 316 Data size: 27492 Basic stats: COMPLETE Column stats: COMPLETE
                        Reduce Output Operator
                          key expressions: _col0 (type: string)
                          null sort order: z
                          sort order: +
                          Map-reduce partition columns: _col0 (type: string)
                          Statistics: Num rows: 316 Data size: 27492 Basic stats: COMPLETE Column stats: COMPLETE
            Execution mode: vectorized, llap
            LLAP IO: all inputs
        Map 3 
            Map Operator Tree:
                TableScan
                  alias: g
                  filterExpr: key is not null (type: boolean)
                  Statistics: Num rows: 500 Data size: 43500 Basic stats: COMPLETE Column stats: COMPLETE
                  Filter Operator
                    predicate: key is not null (type: boolean)
                    Statistics: Num rows: 500 Data size: 43500 Basic stats: COMPLETE Column stats: COMPLETE
                    Select Operator
                      expressions: key (type: string)
                      outputColumnNames: _col0
                      Statistics: Num rows: 500 Data size: 43500 Basic stats: COMPLETE Column stats: COMPLETE
                      Group By Operator
                        keys: _col0 (type: string)
                        minReductionHashAggr: 0.4
                        mode: hash
                        outputColumnNames: _col0
                        Statistics: Num rows: 316 Data size: 27492 Basic stats: COMPLETE Column stats: COMPLETE
                        Reduce Output Operator
                          key expressions: _col0 (type: string)
                          null sort order: z
                          sort order: +
                          Map-reduce partition columns: _col0 (type: string)
                          Statistics: Num rows: 316 Data size: 27492 Basic stats: COMPLETE Column stats: COMPLETE
            Execution mode: vectorized, llap
            LLAP IO: all inputs
        Reducer 2 
            Reduce Operator Tree:
              Group By Operator
                keys: KEY._col0 (type: string)
                mode: mergepartial
                outputColumnNames: _col0
                Statistics: Num rows: 316 Data size: 27492 Basic stats: COMPLETE Column stats: COMPLETE
                Dummy Store
            Execution mode: llap
            Reduce Operator Tree:
              Group By Operator
                keys: KEY._col0 (type: string)
                mode: mergepartial
                outputColumnNames: _col0
                Statistics: Num rows: 316 Data size: 27492 Basic stats: COMPLETE Column stats: COMPLETE
                Merge Join Operator
                  condition map:
                       Inner Join 0 to 1
                  keys:
                    0 _col0 (type: string)
                    1 _col0 (type: string)
                  outputColumnNames: _col0, _col1
                  Statistics: Num rows: 316 Data size: 54984 Basic stats: COMPLETE Column stats: COMPLETE
                  File Output Operator
                    compressed: false
                    Statistics: Num rows: 316 Data size: 54984 Basic stats: COMPLETE Column stats: COMPLETE
                    table:
                        input format: org.apache.hadoop.mapred.SequenceFileInputFormat
                        output format: org.apache.hadoop.hive.ql.io.HiveSequenceFileOutputFormat
                        serde: org.apache.hadoop.hive.serde2.lazy.LazySimpleSerDe

  Stage: Stage-0
    Fetch Operator
      limit: -1
      Processor Tree:
        ListSink

PREHOOK: query: EXPLAIN
SELECT DISTINCT f.value, g.value
FROM src f JOIN src g ON(f.value = g.value)
PREHOOK: type: QUERY
PREHOOK: Input: default@src
#### A masked pattern was here ####
POSTHOOK: query: EXPLAIN
SELECT DISTINCT f.value, g.value
FROM src f JOIN src g ON(f.value = g.value)
POSTHOOK: type: QUERY
POSTHOOK: Input: default@src
#### A masked pattern was here ####
STAGE DEPENDENCIES:
  Stage-1 is a root stage
  Stage-0 depends on stages: Stage-1

STAGE PLANS:
  Stage: Stage-1
    Tez
#### A masked pattern was here ####
      Edges:
        Reducer 2 <- Map 1 (SIMPLE_EDGE), Map 3 (SIMPLE_EDGE)
#### A masked pattern was here ####
      Vertices:
        Map 1 
            Map Operator Tree:
                TableScan
                  alias: f
                  filterExpr: value is not null (type: boolean)
                  Statistics: Num rows: 500 Data size: 45500 Basic stats: COMPLETE Column stats: COMPLETE
                  Filter Operator
                    predicate: value is not null (type: boolean)
                    Statistics: Num rows: 500 Data size: 45500 Basic stats: COMPLETE Column stats: COMPLETE
                    Select Operator
                      expressions: value (type: string)
                      outputColumnNames: _col0
                      Statistics: Num rows: 500 Data size: 45500 Basic stats: COMPLETE Column stats: COMPLETE
                      Group By Operator
                        keys: _col0 (type: string)
                        minReductionHashAggr: 0.4
                        mode: hash
                        outputColumnNames: _col0
                        Statistics: Num rows: 307 Data size: 27937 Basic stats: COMPLETE Column stats: COMPLETE
                        Reduce Output Operator
                          key expressions: _col0 (type: string)
                          null sort order: z
                          sort order: +
                          Map-reduce partition columns: _col0 (type: string)
                          Statistics: Num rows: 307 Data size: 27937 Basic stats: COMPLETE Column stats: COMPLETE
            Execution mode: vectorized, llap
            LLAP IO: all inputs
        Map 3 
            Map Operator Tree:
                TableScan
                  alias: g
                  filterExpr: value is not null (type: boolean)
                  Statistics: Num rows: 500 Data size: 45500 Basic stats: COMPLETE Column stats: COMPLETE
                  Filter Operator
                    predicate: value is not null (type: boolean)
                    Statistics: Num rows: 500 Data size: 45500 Basic stats: COMPLETE Column stats: COMPLETE
                    Select Operator
                      expressions: value (type: string)
                      outputColumnNames: _col0
                      Statistics: Num rows: 500 Data size: 45500 Basic stats: COMPLETE Column stats: COMPLETE
                      Group By Operator
                        keys: _col0 (type: string)
                        minReductionHashAggr: 0.4
                        mode: hash
                        outputColumnNames: _col0
                        Statistics: Num rows: 307 Data size: 27937 Basic stats: COMPLETE Column stats: COMPLETE
                        Reduce Output Operator
                          key expressions: _col0 (type: string)
                          null sort order: z
                          sort order: +
                          Map-reduce partition columns: _col0 (type: string)
                          Statistics: Num rows: 307 Data size: 27937 Basic stats: COMPLETE Column stats: COMPLETE
            Execution mode: vectorized, llap
            LLAP IO: all inputs
        Reducer 2 
            Reduce Operator Tree:
              Group By Operator
                keys: KEY._col0 (type: string)
                mode: mergepartial
                outputColumnNames: _col0
                Statistics: Num rows: 307 Data size: 27937 Basic stats: COMPLETE Column stats: COMPLETE
                Dummy Store
            Execution mode: llap
            Reduce Operator Tree:
              Group By Operator
                keys: KEY._col0 (type: string)
                mode: mergepartial
                outputColumnNames: _col0
                Statistics: Num rows: 307 Data size: 27937 Basic stats: COMPLETE Column stats: COMPLETE
                Merge Join Operator
                  condition map:
                       Inner Join 0 to 1
                  keys:
                    0 _col0 (type: string)
                    1 _col0 (type: string)
                  outputColumnNames: _col0, _col1
                  Statistics: Num rows: 307 Data size: 55874 Basic stats: COMPLETE Column stats: COMPLETE
                  File Output Operator
                    compressed: false
                    Statistics: Num rows: 307 Data size: 55874 Basic stats: COMPLETE Column stats: COMPLETE
                    table:
                        input format: org.apache.hadoop.mapred.SequenceFileInputFormat
                        output format: org.apache.hadoop.hive.ql.io.HiveSequenceFileOutputFormat
                        serde: org.apache.hadoop.hive.serde2.lazy.LazySimpleSerDe

  Stage: Stage-0
    Fetch Operator
      limit: -1
      Processor Tree:
        ListSink

PREHOOK: query: EXPLAIN
SELECT f.key, g.key, COUNT(*)
FROM src f JOIN src g ON(f.key = g.key)
GROUP BY f.key, g.key
PREHOOK: type: QUERY
PREHOOK: Input: default@src
#### A masked pattern was here ####
POSTHOOK: query: EXPLAIN
SELECT f.key, g.key, COUNT(*)
FROM src f JOIN src g ON(f.key = g.key)
GROUP BY f.key, g.key
POSTHOOK: type: QUERY
POSTHOOK: Input: default@src
#### A masked pattern was here ####
STAGE DEPENDENCIES:
  Stage-1 is a root stage
  Stage-0 depends on stages: Stage-1

STAGE PLANS:
  Stage: Stage-1
    Tez
#### A masked pattern was here ####
      Edges:
        Reducer 2 <- Map 1 (SIMPLE_EDGE), Map 3 (SIMPLE_EDGE)
#### A masked pattern was here ####
      Vertices:
        Map 1 
            Map Operator Tree:
                TableScan
                  alias: f
                  filterExpr: key is not null (type: boolean)
                  Statistics: Num rows: 500 Data size: 43500 Basic stats: COMPLETE Column stats: COMPLETE
                  Filter Operator
                    predicate: key is not null (type: boolean)
                    Statistics: Num rows: 500 Data size: 43500 Basic stats: COMPLETE Column stats: COMPLETE
                    Select Operator
                      expressions: key (type: string)
                      outputColumnNames: _col0
                      Statistics: Num rows: 500 Data size: 43500 Basic stats: COMPLETE Column stats: COMPLETE
                      Group By Operator
                        aggregations: count()
                        keys: _col0 (type: string)
                        minReductionHashAggr: 0.4
                        mode: hash
                        outputColumnNames: _col0, _col1
                        Statistics: Num rows: 316 Data size: 30020 Basic stats: COMPLETE Column stats: COMPLETE
                        Reduce Output Operator
                          key expressions: _col0 (type: string)
                          null sort order: z
                          sort order: +
                          Map-reduce partition columns: _col0 (type: string)
                          Statistics: Num rows: 316 Data size: 30020 Basic stats: COMPLETE Column stats: COMPLETE
                          value expressions: _col1 (type: bigint)
            Execution mode: vectorized, llap
            LLAP IO: all inputs
        Map 3 
            Map Operator Tree:
                TableScan
                  alias: g
                  filterExpr: key is not null (type: boolean)
                  Statistics: Num rows: 500 Data size: 43500 Basic stats: COMPLETE Column stats: COMPLETE
                  Filter Operator
                    predicate: key is not null (type: boolean)
                    Statistics: Num rows: 500 Data size: 43500 Basic stats: COMPLETE Column stats: COMPLETE
                    Select Operator
                      expressions: key (type: string)
                      outputColumnNames: _col0
                      Statistics: Num rows: 500 Data size: 43500 Basic stats: COMPLETE Column stats: COMPLETE
                      Group By Operator
                        aggregations: count()
                        keys: _col0 (type: string)
                        minReductionHashAggr: 0.4
                        mode: hash
                        outputColumnNames: _col0, _col1
                        Statistics: Num rows: 316 Data size: 30020 Basic stats: COMPLETE Column stats: COMPLETE
                        Reduce Output Operator
                          key expressions: _col0 (type: string)
                          null sort order: z
                          sort order: +
                          Map-reduce partition columns: _col0 (type: string)
                          Statistics: Num rows: 316 Data size: 30020 Basic stats: COMPLETE Column stats: COMPLETE
                          value expressions: _col1 (type: bigint)
            Execution mode: vectorized, llap
            LLAP IO: all inputs
        Reducer 2 
            Reduce Operator Tree:
              Group By Operator
                aggregations: count(VALUE._col0)
                keys: KEY._col0 (type: string)
                mode: mergepartial
                outputColumnNames: _col0, _col1
                Statistics: Num rows: 316 Data size: 30020 Basic stats: COMPLETE Column stats: COMPLETE
                Dummy Store
            Execution mode: llap
            Reduce Operator Tree:
              Group By Operator
                aggregations: count(VALUE._col0)
                keys: KEY._col0 (type: string)
                mode: mergepartial
                outputColumnNames: _col0, _col1
                Statistics: Num rows: 316 Data size: 30020 Basic stats: COMPLETE Column stats: COMPLETE
                Merge Join Operator
                  condition map:
                       Inner Join 0 to 1
                  keys:
                    0 _col0 (type: string)
                    1 _col0 (type: string)
                  outputColumnNames: _col0, _col1, _col2, _col3
                  Statistics: Num rows: 316 Data size: 60040 Basic stats: COMPLETE Column stats: COMPLETE
                  Select Operator
                    expressions: _col0 (type: string), _col2 (type: string), (_col1 * _col3) (type: bigint)
                    outputColumnNames: _col0, _col1, _col2
                    Statistics: Num rows: 316 Data size: 57512 Basic stats: COMPLETE Column stats: COMPLETE
                    File Output Operator
                      compressed: false
                      Statistics: Num rows: 316 Data size: 57512 Basic stats: COMPLETE Column stats: COMPLETE
                      table:
                          input format: org.apache.hadoop.mapred.SequenceFileInputFormat
                          output format: org.apache.hadoop.hive.ql.io.HiveSequenceFileOutputFormat
                          serde: org.apache.hadoop.hive.serde2.lazy.LazySimpleSerDe

  Stage: Stage-0
    Fetch Operator
      limit: -1
      Processor Tree:
        ListSink

PREHOOK: query: EXPLAIN
SELECT  f.ctinyint, g.ctinyint, SUM(f.cbigint)              
FROM alltypesorc f JOIN alltypesorc g ON(f.cint = g.cint)
GROUP BY f.ctinyint, g.ctinyint
PREHOOK: type: QUERY
PREHOOK: Input: default@alltypesorc
#### A masked pattern was here ####
POSTHOOK: query: EXPLAIN
SELECT  f.ctinyint, g.ctinyint, SUM(f.cbigint)              
FROM alltypesorc f JOIN alltypesorc g ON(f.cint = g.cint)
GROUP BY f.ctinyint, g.ctinyint
POSTHOOK: type: QUERY
POSTHOOK: Input: default@alltypesorc
#### A masked pattern was here ####
STAGE DEPENDENCIES:
  Stage-1 is a root stage
  Stage-0 depends on stages: Stage-1

STAGE PLANS:
  Stage: Stage-1
    Tez
#### A masked pattern was here ####
      Edges:
        Reducer 2 <- Map 1 (SIMPLE_EDGE), Map 4 (SIMPLE_EDGE)
        Reducer 3 <- Reducer 2 (SIMPLE_EDGE)
#### A masked pattern was here ####
      Vertices:
        Map 1 
            Map Operator Tree:
                TableScan
                  alias: f
                  filterExpr: cint is not null (type: boolean)
                  Statistics: Num rows: 12288 Data size: 146784 Basic stats: COMPLETE Column stats: COMPLETE
                  Filter Operator
                    predicate: cint is not null (type: boolean)
                    Statistics: Num rows: 9173 Data size: 109584 Basic stats: COMPLETE Column stats: COMPLETE
                    Select Operator
                      expressions: ctinyint (type: tinyint), cint (type: int), cbigint (type: bigint)
                      outputColumnNames: _col0, _col1, _col2
                      Statistics: Num rows: 9173 Data size: 109584 Basic stats: COMPLETE Column stats: COMPLETE
                      Reduce Output Operator
                        key expressions: _col1 (type: int)
                        null sort order: z
                        sort order: +
                        Map-reduce partition columns: _col1 (type: int)
                        Statistics: Num rows: 9173 Data size: 109584 Basic stats: COMPLETE Column stats: COMPLETE
                        value expressions: _col0 (type: tinyint), _col2 (type: bigint)
            Execution mode: vectorized, llap
            LLAP IO: all inputs
        Map 4 
            Map Operator Tree:
                TableScan
                  alias: g
                  filterExpr: cint is not null (type: boolean)
                  Statistics: Num rows: 12288 Data size: 73392 Basic stats: COMPLETE Column stats: COMPLETE
                  Filter Operator
                    predicate: cint is not null (type: boolean)
                    Statistics: Num rows: 9173 Data size: 54792 Basic stats: COMPLETE Column stats: COMPLETE
                    Select Operator
                      expressions: ctinyint (type: tinyint), cint (type: int)
                      outputColumnNames: _col0, _col1
                      Statistics: Num rows: 9173 Data size: 54792 Basic stats: COMPLETE Column stats: COMPLETE
                      Reduce Output Operator
                        key expressions: _col1 (type: int)
                        null sort order: z
                        sort order: +
                        Map-reduce partition columns: _col1 (type: int)
                        Statistics: Num rows: 9173 Data size: 54792 Basic stats: COMPLETE Column stats: COMPLETE
                        value expressions: _col0 (type: tinyint)
            Execution mode: vectorized, llap
            LLAP IO: all inputs
        Reducer 2 
            Execution mode: llap
            Reduce Operator Tree:
              Merge Join Operator
                condition map:
                     Inner Join 0 to 1
                keys:
                  0 _col1 (type: int)
                  1 _col1 (type: int)
                outputColumnNames: _col0, _col2, _col3
                Statistics: Num rows: 13785 Data size: 183376 Basic stats: COMPLETE Column stats: COMPLETE
                Group By Operator
                  aggregations: sum(_col2)
                  keys: _col0 (type: tinyint), _col3 (type: tinyint)
                  minReductionHashAggr: 0.8912586
                  mode: hash
                  outputColumnNames: _col0, _col1, _col2
                  Statistics: Num rows: 6892 Data size: 100984 Basic stats: COMPLETE Column stats: COMPLETE
                  Reduce Output Operator
                    key expressions: _col0 (type: tinyint), _col1 (type: tinyint)
                    null sort order: zz
                    sort order: ++
                    Map-reduce partition columns: _col0 (type: tinyint), _col1 (type: tinyint)
                    Statistics: Num rows: 6892 Data size: 100984 Basic stats: COMPLETE Column stats: COMPLETE
                    value expressions: _col2 (type: bigint)
        Reducer 3 
            Execution mode: vectorized, llap
            Reduce Operator Tree:
              Group By Operator
                aggregations: sum(VALUE._col0)
                keys: KEY._col0 (type: tinyint), KEY._col1 (type: tinyint)
                mode: mergepartial
                outputColumnNames: _col0, _col1, _col2
                Statistics: Num rows: 6892 Data size: 100984 Basic stats: COMPLETE Column stats: COMPLETE
                File Output Operator
                  compressed: false
                  Statistics: Num rows: 6892 Data size: 100984 Basic stats: COMPLETE Column stats: COMPLETE
                  table:
                      input format: org.apache.hadoop.mapred.SequenceFileInputFormat
                      output format: org.apache.hadoop.hive.ql.io.HiveSequenceFileOutputFormat
                      serde: org.apache.hadoop.hive.serde2.lazy.LazySimpleSerDe

  Stage: Stage-0
    Fetch Operator
      limit: -1
      Processor Tree:
        ListSink

PREHOOK: query: EXPLAIN
SELECT  f.cbigint, g.cbigint, MAX(f.cint)              
FROM alltypesorc f JOIN alltypesorc g ON(f.cbigint = g.cbigint)
GROUP BY f.cbigint, g.cbigint
PREHOOK: type: QUERY
PREHOOK: Input: default@alltypesorc
#### A masked pattern was here ####
POSTHOOK: query: EXPLAIN
SELECT  f.cbigint, g.cbigint, MAX(f.cint)              
FROM alltypesorc f JOIN alltypesorc g ON(f.cbigint = g.cbigint)
GROUP BY f.cbigint, g.cbigint
POSTHOOK: type: QUERY
POSTHOOK: Input: default@alltypesorc
#### A masked pattern was here ####
STAGE DEPENDENCIES:
  Stage-1 is a root stage
  Stage-0 depends on stages: Stage-1

STAGE PLANS:
  Stage: Stage-1
    Tez
#### A masked pattern was here ####
      Edges:
        Reducer 2 <- Map 1 (SIMPLE_EDGE), Map 3 (SIMPLE_EDGE)
#### A masked pattern was here ####
      Vertices:
        Map 1 
            Map Operator Tree:
                TableScan
                  alias: f
                  filterExpr: cbigint is not null (type: boolean)
                  Statistics: Num rows: 12288 Data size: 110088 Basic stats: COMPLETE Column stats: COMPLETE
                  Filter Operator
                    predicate: cbigint is not null (type: boolean)
                    Statistics: Num rows: 9173 Data size: 82188 Basic stats: COMPLETE Column stats: COMPLETE
                    Select Operator
                      expressions: cint (type: int), cbigint (type: bigint)
                      outputColumnNames: _col0, _col1
                      Statistics: Num rows: 9173 Data size: 82188 Basic stats: COMPLETE Column stats: COMPLETE
                      Group By Operator
                        aggregations: max(_col0)
                        keys: _col1 (type: bigint)
                        minReductionHashAggr: 0.4
                        mode: hash
                        outputColumnNames: _col0, _col1
                        Statistics: Num rows: 5917 Data size: 59012 Basic stats: COMPLETE Column stats: COMPLETE
                        Reduce Output Operator
                          key expressions: _col0 (type: bigint)
                          null sort order: z
                          sort order: +
                          Map-reduce partition columns: _col0 (type: bigint)
                          Statistics: Num rows: 5917 Data size: 59012 Basic stats: COMPLETE Column stats: COMPLETE
                          value expressions: _col1 (type: int)
            Execution mode: vectorized, llap
            LLAP IO: all inputs
        Map 3 
            Map Operator Tree:
                TableScan
                  alias: g
                  filterExpr: cbigint is not null (type: boolean)
                  Statistics: Num rows: 12288 Data size: 73392 Basic stats: COMPLETE Column stats: COMPLETE
                  Filter Operator
                    predicate: cbigint is not null (type: boolean)
                    Statistics: Num rows: 9173 Data size: 54792 Basic stats: COMPLETE Column stats: COMPLETE
                    Select Operator
                      expressions: cbigint (type: bigint)
                      outputColumnNames: _col0
                      Statistics: Num rows: 9173 Data size: 54792 Basic stats: COMPLETE Column stats: COMPLETE
                      Group By Operator
                        keys: _col0 (type: bigint)
                        minReductionHashAggr: 0.4
                        mode: hash
                        outputColumnNames: _col0
                        Statistics: Num rows: 5917 Data size: 35344 Basic stats: COMPLETE Column stats: COMPLETE
                        Reduce Output Operator
                          key expressions: _col0 (type: bigint)
                          null sort order: z
                          sort order: +
                          Map-reduce partition columns: _col0 (type: bigint)
                          Statistics: Num rows: 5917 Data size: 35344 Basic stats: COMPLETE Column stats: COMPLETE
            Execution mode: vectorized, llap
            LLAP IO: all inputs
        Reducer 2 
            Reduce Operator Tree:
              Group By Operator
                keys: KEY._col0 (type: bigint)
                mode: mergepartial
                outputColumnNames: _col0
                Statistics: Num rows: 5917 Data size: 35344 Basic stats: COMPLETE Column stats: COMPLETE
                Dummy Store
            Execution mode: llap
            Reduce Operator Tree:
              Group By Operator
                aggregations: max(VALUE._col0)
                keys: KEY._col0 (type: bigint)
                mode: mergepartial
                outputColumnNames: _col0, _col1
                Statistics: Num rows: 5917 Data size: 59012 Basic stats: COMPLETE Column stats: COMPLETE
                Merge Join Operator
                  condition map:
                       Inner Join 0 to 1
                  keys:
                    0 _col0 (type: bigint)
                    1 _col0 (type: bigint)
                  outputColumnNames: _col0, _col1, _col2
                  Statistics: Num rows: 5917 Data size: 94356 Basic stats: COMPLETE Column stats: COMPLETE
                  Select Operator
                    expressions: _col0 (type: bigint), _col2 (type: bigint), _col1 (type: int)
                    outputColumnNames: _col0, _col1, _col2
                    Statistics: Num rows: 5917 Data size: 94356 Basic stats: COMPLETE Column stats: COMPLETE
                    File Output Operator
                      compressed: false
                      Statistics: Num rows: 5917 Data size: 94356 Basic stats: COMPLETE Column stats: COMPLETE
                      table:
                          input format: org.apache.hadoop.mapred.SequenceFileInputFormat
                          output format: org.apache.hadoop.hive.ql.io.HiveSequenceFileOutputFormat
                          serde: org.apache.hadoop.hive.serde2.lazy.LazySimpleSerDe

  Stage: Stage-0
    Fetch Operator
      limit: -1
      Processor Tree:
        ListSink

PREHOOK: query: explain
SELECT  f.ctinyint, g.ctinyint, MIN(f.ctinyint)              
FROM alltypesorc f JOIN alltypesorc g ON(f.ctinyint = g.ctinyint)
GROUP BY f.ctinyint, g.ctinyint
PREHOOK: type: QUERY
PREHOOK: Input: default@alltypesorc
#### A masked pattern was here ####
POSTHOOK: query: explain
SELECT  f.ctinyint, g.ctinyint, MIN(f.ctinyint)              
FROM alltypesorc f JOIN alltypesorc g ON(f.ctinyint = g.ctinyint)
GROUP BY f.ctinyint, g.ctinyint
POSTHOOK: type: QUERY
POSTHOOK: Input: default@alltypesorc
#### A masked pattern was here ####
STAGE DEPENDENCIES:
  Stage-1 is a root stage
  Stage-0 depends on stages: Stage-1

STAGE PLANS:
  Stage: Stage-1
    Tez
#### A masked pattern was here ####
      Edges:
        Reducer 2 <- Map 1 (SIMPLE_EDGE), Map 3 (SIMPLE_EDGE)
#### A masked pattern was here ####
      Vertices:
        Map 1 
            Map Operator Tree:
                TableScan
                  alias: f
                  filterExpr: ctinyint is not null (type: boolean)
                  Statistics: Num rows: 12288 Data size: 36696 Basic stats: COMPLETE Column stats: COMPLETE
                  Filter Operator
                    predicate: ctinyint is not null (type: boolean)
                    Statistics: Num rows: 9173 Data size: 27396 Basic stats: COMPLETE Column stats: COMPLETE
                    Select Operator
                      expressions: ctinyint (type: tinyint)
                      outputColumnNames: _col0
                      Statistics: Num rows: 9173 Data size: 27396 Basic stats: COMPLETE Column stats: COMPLETE
                      Group By Operator
                        aggregations: min(_col0)
                        keys: _col0 (type: tinyint)
                        minReductionHashAggr: 0.98571897
                        mode: hash
                        outputColumnNames: _col0, _col1
                        Statistics: Num rows: 131 Data size: 920 Basic stats: COMPLETE Column stats: COMPLETE
                        Reduce Output Operator
                          key expressions: _col0 (type: tinyint)
                          null sort order: z
                          sort order: +
                          Map-reduce partition columns: _col0 (type: tinyint)
                          Statistics: Num rows: 131 Data size: 920 Basic stats: COMPLETE Column stats: COMPLETE
                          value expressions: _col1 (type: tinyint)
            Execution mode: vectorized, llap
            LLAP IO: all inputs
        Map 3 
            Map Operator Tree:
                TableScan
                  alias: g
                  filterExpr: ctinyint is not null (type: boolean)
                  Statistics: Num rows: 12288 Data size: 36696 Basic stats: COMPLETE Column stats: COMPLETE
                  Filter Operator
                    predicate: ctinyint is not null (type: boolean)
                    Statistics: Num rows: 9173 Data size: 27396 Basic stats: COMPLETE Column stats: COMPLETE
                    Select Operator
                      expressions: ctinyint (type: tinyint)
                      outputColumnNames: _col0
                      Statistics: Num rows: 9173 Data size: 27396 Basic stats: COMPLETE Column stats: COMPLETE
                      Group By Operator
                        keys: _col0 (type: tinyint)
                        minReductionHashAggr: 0.98571897
                        mode: hash
                        outputColumnNames: _col0
                        Statistics: Num rows: 131 Data size: 396 Basic stats: COMPLETE Column stats: COMPLETE
                        Reduce Output Operator
                          key expressions: _col0 (type: tinyint)
                          null sort order: z
                          sort order: +
                          Map-reduce partition columns: _col0 (type: tinyint)
                          Statistics: Num rows: 131 Data size: 396 Basic stats: COMPLETE Column stats: COMPLETE
            Execution mode: vectorized, llap
            LLAP IO: all inputs
        Reducer 2 
            Reduce Operator Tree:
              Group By Operator
                keys: KEY._col0 (type: tinyint)
                mode: mergepartial
                outputColumnNames: _col0
                Statistics: Num rows: 131 Data size: 396 Basic stats: COMPLETE Column stats: COMPLETE
                Dummy Store
            Execution mode: llap
            Reduce Operator Tree:
              Group By Operator
                aggregations: min(VALUE._col0)
                keys: KEY._col0 (type: tinyint)
                mode: mergepartial
                outputColumnNames: _col0, _col1
                Statistics: Num rows: 131 Data size: 920 Basic stats: COMPLETE Column stats: COMPLETE
                Merge Join Operator
                  condition map:
                       Inner Join 0 to 1
                  keys:
                    0 _col0 (type: tinyint)
                    1 _col0 (type: tinyint)
                  outputColumnNames: _col0, _col1, _col2
                  Statistics: Num rows: 132 Data size: 1328 Basic stats: COMPLETE Column stats: COMPLETE
                  Select Operator
                    expressions: _col0 (type: tinyint), _col2 (type: tinyint), _col1 (type: tinyint)
                    outputColumnNames: _col0, _col1, _col2
                    Statistics: Num rows: 132 Data size: 1328 Basic stats: COMPLETE Column stats: COMPLETE
                    File Output Operator
                      compressed: false
                      Statistics: Num rows: 132 Data size: 1328 Basic stats: COMPLETE Column stats: COMPLETE
                      table:
                          input format: org.apache.hadoop.mapred.SequenceFileInputFormat
                          output format: org.apache.hadoop.hive.ql.io.HiveSequenceFileOutputFormat
                          serde: org.apache.hadoop.hive.serde2.lazy.LazySimpleSerDe

  Stage: Stage-0
    Fetch Operator
      limit: -1
      Processor Tree:
        ListSink

PREHOOK: query: explain
SELECT   MIN(f.cint)     
FROM alltypesorc f JOIN alltypesorc g ON(f.ctinyint = g.ctinyint)
GROUP BY f.ctinyint, g.ctinyint
PREHOOK: type: QUERY
PREHOOK: Input: default@alltypesorc
#### A masked pattern was here ####
POSTHOOK: query: explain
SELECT   MIN(f.cint)     
FROM alltypesorc f JOIN alltypesorc g ON(f.ctinyint = g.ctinyint)
GROUP BY f.ctinyint, g.ctinyint
POSTHOOK: type: QUERY
POSTHOOK: Input: default@alltypesorc
#### A masked pattern was here ####
STAGE DEPENDENCIES:
  Stage-1 is a root stage
  Stage-0 depends on stages: Stage-1

STAGE PLANS:
  Stage: Stage-1
    Tez
#### A masked pattern was here ####
      Edges:
        Reducer 2 <- Map 1 (SIMPLE_EDGE), Map 3 (SIMPLE_EDGE)
#### A masked pattern was here ####
      Vertices:
        Map 1 
            Map Operator Tree:
                TableScan
                  alias: f
                  filterExpr: ctinyint is not null (type: boolean)
                  Statistics: Num rows: 12288 Data size: 73392 Basic stats: COMPLETE Column stats: COMPLETE
                  Filter Operator
                    predicate: ctinyint is not null (type: boolean)
                    Statistics: Num rows: 9173 Data size: 54792 Basic stats: COMPLETE Column stats: COMPLETE
                    Select Operator
                      expressions: ctinyint (type: tinyint), cint (type: int)
                      outputColumnNames: _col0, _col1
                      Statistics: Num rows: 9173 Data size: 54792 Basic stats: COMPLETE Column stats: COMPLETE
                      Group By Operator
                        aggregations: min(_col1)
                        keys: _col0 (type: tinyint)
                        minReductionHashAggr: 0.98571897
                        mode: hash
                        outputColumnNames: _col0, _col1
                        Statistics: Num rows: 131 Data size: 920 Basic stats: COMPLETE Column stats: COMPLETE
                        Reduce Output Operator
                          key expressions: _col0 (type: tinyint)
                          null sort order: z
                          sort order: +
                          Map-reduce partition columns: _col0 (type: tinyint)
                          Statistics: Num rows: 131 Data size: 920 Basic stats: COMPLETE Column stats: COMPLETE
                          value expressions: _col1 (type: int)
            Execution mode: vectorized, llap
            LLAP IO: all inputs
        Map 3 
            Map Operator Tree:
                TableScan
                  alias: g
                  filterExpr: ctinyint is not null (type: boolean)
                  Statistics: Num rows: 12288 Data size: 36696 Basic stats: COMPLETE Column stats: COMPLETE
                  Filter Operator
                    predicate: ctinyint is not null (type: boolean)
                    Statistics: Num rows: 9173 Data size: 27396 Basic stats: COMPLETE Column stats: COMPLETE
                    Select Operator
                      expressions: ctinyint (type: tinyint)
                      outputColumnNames: _col0
                      Statistics: Num rows: 9173 Data size: 27396 Basic stats: COMPLETE Column stats: COMPLETE
                      Group By Operator
                        keys: _col0 (type: tinyint)
                        minReductionHashAggr: 0.98571897
                        mode: hash
                        outputColumnNames: _col0
                        Statistics: Num rows: 131 Data size: 396 Basic stats: COMPLETE Column stats: COMPLETE
                        Reduce Output Operator
                          key expressions: _col0 (type: tinyint)
                          null sort order: z
                          sort order: +
                          Map-reduce partition columns: _col0 (type: tinyint)
                          Statistics: Num rows: 131 Data size: 396 Basic stats: COMPLETE Column stats: COMPLETE
            Execution mode: vectorized, llap
            LLAP IO: all inputs
        Reducer 2 
            Reduce Operator Tree:
              Group By Operator
                keys: KEY._col0 (type: tinyint)
                mode: mergepartial
                outputColumnNames: _col0
                Statistics: Num rows: 131 Data size: 396 Basic stats: COMPLETE Column stats: COMPLETE
                Dummy Store
            Execution mode: llap
            Reduce Operator Tree:
              Group By Operator
                aggregations: min(VALUE._col0)
                keys: KEY._col0 (type: tinyint)
                mode: mergepartial
                outputColumnNames: _col0, _col1
                Statistics: Num rows: 131 Data size: 920 Basic stats: COMPLETE Column stats: COMPLETE
                Merge Join Operator
                  condition map:
                       Inner Join 0 to 1
                  keys:
                    0 _col0 (type: tinyint)
                    1 _col0 (type: tinyint)
                  outputColumnNames: _col1
                  Statistics: Num rows: 132 Data size: 528 Basic stats: COMPLETE Column stats: COMPLETE
                  Select Operator
                    expressions: _col1 (type: int)
                    outputColumnNames: _col0
                    Statistics: Num rows: 132 Data size: 528 Basic stats: COMPLETE Column stats: COMPLETE
                    File Output Operator
                      compressed: false
                      Statistics: Num rows: 132 Data size: 528 Basic stats: COMPLETE Column stats: COMPLETE
                      table:
                          input format: org.apache.hadoop.mapred.SequenceFileInputFormat
                          output format: org.apache.hadoop.hive.ql.io.HiveSequenceFileOutputFormat
                          serde: org.apache.hadoop.hive.serde2.lazy.LazySimpleSerDe

  Stage: Stage-0
    Fetch Operator
      limit: -1
      Processor Tree:
        ListSink

PREHOOK: query: explain
SELECT   count(f.ctinyint)              
FROM alltypesorc f JOIN alltypesorc g ON(f.ctinyint = g.ctinyint)
GROUP BY f.ctinyint, g.ctinyint
PREHOOK: type: QUERY
PREHOOK: Input: default@alltypesorc
#### A masked pattern was here ####
POSTHOOK: query: explain
SELECT   count(f.ctinyint)              
FROM alltypesorc f JOIN alltypesorc g ON(f.ctinyint = g.ctinyint)
GROUP BY f.ctinyint, g.ctinyint
POSTHOOK: type: QUERY
POSTHOOK: Input: default@alltypesorc
#### A masked pattern was here ####
STAGE DEPENDENCIES:
  Stage-1 is a root stage
  Stage-0 depends on stages: Stage-1

STAGE PLANS:
  Stage: Stage-1
    Tez
#### A masked pattern was here ####
      Edges:
        Reducer 2 <- Map 1 (SIMPLE_EDGE), Map 3 (SIMPLE_EDGE)
#### A masked pattern was here ####
      Vertices:
        Map 1 
            Map Operator Tree:
                TableScan
                  alias: f
                  filterExpr: ctinyint is not null (type: boolean)
                  Statistics: Num rows: 12288 Data size: 36696 Basic stats: COMPLETE Column stats: COMPLETE
                  Filter Operator
                    predicate: ctinyint is not null (type: boolean)
                    Statistics: Num rows: 9173 Data size: 27396 Basic stats: COMPLETE Column stats: COMPLETE
                    Select Operator
                      expressions: ctinyint (type: tinyint)
                      outputColumnNames: _col0
                      Statistics: Num rows: 9173 Data size: 27396 Basic stats: COMPLETE Column stats: COMPLETE
                      Group By Operator
                        aggregations: count(_col0)
                        keys: _col0 (type: tinyint)
                        minReductionHashAggr: 0.98571897
                        mode: hash
                        outputColumnNames: _col0, _col1
                        Statistics: Num rows: 131 Data size: 1444 Basic stats: COMPLETE Column stats: COMPLETE
                        Reduce Output Operator
                          key expressions: _col0 (type: tinyint)
                          null sort order: z
                          sort order: +
                          Map-reduce partition columns: _col0 (type: tinyint)
                          Statistics: Num rows: 131 Data size: 1444 Basic stats: COMPLETE Column stats: COMPLETE
                          value expressions: _col1 (type: bigint)
            Execution mode: vectorized, llap
            LLAP IO: all inputs
        Map 3 
            Map Operator Tree:
                TableScan
                  alias: g
                  filterExpr: ctinyint is not null (type: boolean)
                  Statistics: Num rows: 12288 Data size: 36696 Basic stats: COMPLETE Column stats: COMPLETE
                  Filter Operator
                    predicate: ctinyint is not null (type: boolean)
                    Statistics: Num rows: 9173 Data size: 27396 Basic stats: COMPLETE Column stats: COMPLETE
                    Select Operator
                      expressions: ctinyint (type: tinyint)
                      outputColumnNames: _col0
                      Statistics: Num rows: 9173 Data size: 27396 Basic stats: COMPLETE Column stats: COMPLETE
                      Group By Operator
                        aggregations: count()
                        keys: _col0 (type: tinyint)
                        minReductionHashAggr: 0.98571897
                        mode: hash
                        outputColumnNames: _col0, _col1
                        Statistics: Num rows: 131 Data size: 1444 Basic stats: COMPLETE Column stats: COMPLETE
                        Reduce Output Operator
                          key expressions: _col0 (type: tinyint)
                          null sort order: z
                          sort order: +
                          Map-reduce partition columns: _col0 (type: tinyint)
                          Statistics: Num rows: 131 Data size: 1444 Basic stats: COMPLETE Column stats: COMPLETE
                          value expressions: _col1 (type: bigint)
            Execution mode: vectorized, llap
            LLAP IO: all inputs
        Reducer 2 
            Reduce Operator Tree:
              Group By Operator
                aggregations: count(VALUE._col0)
                keys: KEY._col0 (type: tinyint)
                mode: mergepartial
                outputColumnNames: _col0, _col1
                Statistics: Num rows: 131 Data size: 1444 Basic stats: COMPLETE Column stats: COMPLETE
                Dummy Store
            Execution mode: llap
            Reduce Operator Tree:
              Group By Operator
                aggregations: count(VALUE._col0)
                keys: KEY._col0 (type: tinyint)
                mode: mergepartial
                outputColumnNames: _col0, _col1
                Statistics: Num rows: 131 Data size: 1444 Basic stats: COMPLETE Column stats: COMPLETE
                Merge Join Operator
                  condition map:
                       Inner Join 0 to 1
                  keys:
                    0 _col0 (type: tinyint)
                    1 _col0 (type: tinyint)
                  outputColumnNames: _col1, _col3
                  Statistics: Num rows: 132 Data size: 2112 Basic stats: COMPLETE Column stats: COMPLETE
                  Select Operator
                    expressions: (_col1 * _col3) (type: bigint)
                    outputColumnNames: _col0
                    Statistics: Num rows: 132 Data size: 1056 Basic stats: COMPLETE Column stats: COMPLETE
                    File Output Operator
                      compressed: false
                      Statistics: Num rows: 132 Data size: 1056 Basic stats: COMPLETE Column stats: COMPLETE
                      table:
                          input format: org.apache.hadoop.mapred.SequenceFileInputFormat
                          output format: org.apache.hadoop.hive.ql.io.HiveSequenceFileOutputFormat
                          serde: org.apache.hadoop.hive.serde2.lazy.LazySimpleSerDe

  Stage: Stage-0
    Fetch Operator
      limit: -1
      Processor Tree:
        ListSink

PREHOOK: query: explain
SELECT   count(f.cint), f.ctinyint              
FROM alltypesorc f JOIN alltypesorc g ON(f.ctinyint = g.ctinyint)
GROUP BY f.ctinyint, g.ctinyint
PREHOOK: type: QUERY
PREHOOK: Input: default@alltypesorc
#### A masked pattern was here ####
POSTHOOK: query: explain
SELECT   count(f.cint), f.ctinyint              
FROM alltypesorc f JOIN alltypesorc g ON(f.ctinyint = g.ctinyint)
GROUP BY f.ctinyint, g.ctinyint
POSTHOOK: type: QUERY
POSTHOOK: Input: default@alltypesorc
#### A masked pattern was here ####
STAGE DEPENDENCIES:
  Stage-1 is a root stage
  Stage-0 depends on stages: Stage-1

STAGE PLANS:
  Stage: Stage-1
    Tez
#### A masked pattern was here ####
      Edges:
        Reducer 2 <- Map 1 (SIMPLE_EDGE), Map 3 (SIMPLE_EDGE)
#### A masked pattern was here ####
      Vertices:
        Map 1 
            Map Operator Tree:
                TableScan
                  alias: f
                  filterExpr: ctinyint is not null (type: boolean)
                  Statistics: Num rows: 12288 Data size: 73392 Basic stats: COMPLETE Column stats: COMPLETE
                  Filter Operator
                    predicate: ctinyint is not null (type: boolean)
                    Statistics: Num rows: 9173 Data size: 54792 Basic stats: COMPLETE Column stats: COMPLETE
                    Select Operator
                      expressions: ctinyint (type: tinyint), cint (type: int)
                      outputColumnNames: _col0, _col1
                      Statistics: Num rows: 9173 Data size: 54792 Basic stats: COMPLETE Column stats: COMPLETE
                      Group By Operator
                        aggregations: count(_col1)
                        keys: _col0 (type: tinyint)
                        minReductionHashAggr: 0.98571897
                        mode: hash
                        outputColumnNames: _col0, _col1
                        Statistics: Num rows: 131 Data size: 1444 Basic stats: COMPLETE Column stats: COMPLETE
                        Reduce Output Operator
                          key expressions: _col0 (type: tinyint)
                          null sort order: z
                          sort order: +
                          Map-reduce partition columns: _col0 (type: tinyint)
                          Statistics: Num rows: 131 Data size: 1444 Basic stats: COMPLETE Column stats: COMPLETE
                          value expressions: _col1 (type: bigint)
            Execution mode: vectorized, llap
            LLAP IO: all inputs
        Map 3 
            Map Operator Tree:
                TableScan
                  alias: g
                  filterExpr: ctinyint is not null (type: boolean)
                  Statistics: Num rows: 12288 Data size: 36696 Basic stats: COMPLETE Column stats: COMPLETE
                  Filter Operator
                    predicate: ctinyint is not null (type: boolean)
                    Statistics: Num rows: 9173 Data size: 27396 Basic stats: COMPLETE Column stats: COMPLETE
                    Select Operator
                      expressions: ctinyint (type: tinyint)
                      outputColumnNames: _col0
                      Statistics: Num rows: 9173 Data size: 27396 Basic stats: COMPLETE Column stats: COMPLETE
                      Group By Operator
                        aggregations: count()
                        keys: _col0 (type: tinyint)
                        minReductionHashAggr: 0.98571897
                        mode: hash
                        outputColumnNames: _col0, _col1
                        Statistics: Num rows: 131 Data size: 1444 Basic stats: COMPLETE Column stats: COMPLETE
                        Reduce Output Operator
                          key expressions: _col0 (type: tinyint)
                          null sort order: z
                          sort order: +
                          Map-reduce partition columns: _col0 (type: tinyint)
                          Statistics: Num rows: 131 Data size: 1444 Basic stats: COMPLETE Column stats: COMPLETE
                          value expressions: _col1 (type: bigint)
            Execution mode: vectorized, llap
            LLAP IO: all inputs
        Reducer 2 
            Reduce Operator Tree:
              Group By Operator
                aggregations: count(VALUE._col0)
                keys: KEY._col0 (type: tinyint)
                mode: mergepartial
                outputColumnNames: _col0, _col1
                Statistics: Num rows: 131 Data size: 1444 Basic stats: COMPLETE Column stats: COMPLETE
                Dummy Store
            Execution mode: llap
            Reduce Operator Tree:
              Group By Operator
                aggregations: count(VALUE._col0)
                keys: KEY._col0 (type: tinyint)
                mode: mergepartial
                outputColumnNames: _col0, _col1
                Statistics: Num rows: 131 Data size: 1444 Basic stats: COMPLETE Column stats: COMPLETE
                Merge Join Operator
                  condition map:
                       Inner Join 0 to 1
                  keys:
                    0 _col0 (type: tinyint)
                    1 _col0 (type: tinyint)
                  outputColumnNames: _col0, _col1, _col3
                  Statistics: Num rows: 132 Data size: 2512 Basic stats: COMPLETE Column stats: COMPLETE
                  Select Operator
                    expressions: (_col1 * _col3) (type: bigint), _col0 (type: tinyint)
                    outputColumnNames: _col0, _col1
                    Statistics: Num rows: 132 Data size: 1456 Basic stats: COMPLETE Column stats: COMPLETE
                    File Output Operator
                      compressed: false
                      Statistics: Num rows: 132 Data size: 1456 Basic stats: COMPLETE Column stats: COMPLETE
                      table:
                          input format: org.apache.hadoop.mapred.SequenceFileInputFormat
                          output format: org.apache.hadoop.hive.ql.io.HiveSequenceFileOutputFormat
                          serde: org.apache.hadoop.hive.serde2.lazy.LazySimpleSerDe

  Stage: Stage-0
    Fetch Operator
      limit: -1
      Processor Tree:
        ListSink

PREHOOK: query: explain
SELECT   sum(f.cint), f.ctinyint            
FROM alltypesorc f JOIN alltypesorc g ON(f.ctinyint = g.ctinyint)
GROUP BY f.ctinyint, g.ctinyint
PREHOOK: type: QUERY
PREHOOK: Input: default@alltypesorc
#### A masked pattern was here ####
POSTHOOK: query: explain
SELECT   sum(f.cint), f.ctinyint            
FROM alltypesorc f JOIN alltypesorc g ON(f.ctinyint = g.ctinyint)
GROUP BY f.ctinyint, g.ctinyint
POSTHOOK: type: QUERY
POSTHOOK: Input: default@alltypesorc
#### A masked pattern was here ####
STAGE DEPENDENCIES:
  Stage-1 is a root stage
  Stage-0 depends on stages: Stage-1

STAGE PLANS:
  Stage: Stage-1
    Tez
#### A masked pattern was here ####
      Edges:
        Reducer 2 <- Map 1 (SIMPLE_EDGE), Map 3 (SIMPLE_EDGE)
#### A masked pattern was here ####
      Vertices:
        Map 1 
            Map Operator Tree:
                TableScan
                  alias: f
                  filterExpr: ctinyint is not null (type: boolean)
                  Statistics: Num rows: 12288 Data size: 73392 Basic stats: COMPLETE Column stats: COMPLETE
                  Filter Operator
                    predicate: ctinyint is not null (type: boolean)
                    Statistics: Num rows: 9173 Data size: 54792 Basic stats: COMPLETE Column stats: COMPLETE
                    Select Operator
                      expressions: ctinyint (type: tinyint), cint (type: int)
                      outputColumnNames: _col0, _col1
                      Statistics: Num rows: 9173 Data size: 54792 Basic stats: COMPLETE Column stats: COMPLETE
                      Group By Operator
                        aggregations: sum(_col1)
                        keys: _col0 (type: tinyint)
                        minReductionHashAggr: 0.98571897
                        mode: hash
                        outputColumnNames: _col0, _col1
                        Statistics: Num rows: 131 Data size: 1444 Basic stats: COMPLETE Column stats: COMPLETE
                        Reduce Output Operator
                          key expressions: _col0 (type: tinyint)
                          null sort order: z
                          sort order: +
                          Map-reduce partition columns: _col0 (type: tinyint)
                          Statistics: Num rows: 131 Data size: 1444 Basic stats: COMPLETE Column stats: COMPLETE
                          value expressions: _col1 (type: bigint)
            Execution mode: vectorized, llap
            LLAP IO: all inputs
        Map 3 
            Map Operator Tree:
                TableScan
                  alias: g
                  filterExpr: ctinyint is not null (type: boolean)
                  Statistics: Num rows: 12288 Data size: 36696 Basic stats: COMPLETE Column stats: COMPLETE
                  Filter Operator
                    predicate: ctinyint is not null (type: boolean)
                    Statistics: Num rows: 9173 Data size: 27396 Basic stats: COMPLETE Column stats: COMPLETE
                    Select Operator
                      expressions: ctinyint (type: tinyint)
                      outputColumnNames: _col0
                      Statistics: Num rows: 9173 Data size: 27396 Basic stats: COMPLETE Column stats: COMPLETE
                      Group By Operator
                        aggregations: count()
                        keys: _col0 (type: tinyint)
                        minReductionHashAggr: 0.98571897
                        mode: hash
                        outputColumnNames: _col0, _col1
                        Statistics: Num rows: 131 Data size: 1444 Basic stats: COMPLETE Column stats: COMPLETE
                        Reduce Output Operator
                          key expressions: _col0 (type: tinyint)
                          null sort order: z
                          sort order: +
                          Map-reduce partition columns: _col0 (type: tinyint)
                          Statistics: Num rows: 131 Data size: 1444 Basic stats: COMPLETE Column stats: COMPLETE
                          value expressions: _col1 (type: bigint)
            Execution mode: vectorized, llap
            LLAP IO: all inputs
        Reducer 2 
            Reduce Operator Tree:
              Group By Operator
                aggregations: count(VALUE._col0)
                keys: KEY._col0 (type: tinyint)
                mode: mergepartial
                outputColumnNames: _col0, _col1
                Statistics: Num rows: 131 Data size: 1444 Basic stats: COMPLETE Column stats: COMPLETE
                Dummy Store
            Execution mode: llap
            Reduce Operator Tree:
              Group By Operator
                aggregations: sum(VALUE._col0)
                keys: KEY._col0 (type: tinyint)
                mode: mergepartial
                outputColumnNames: _col0, _col1
                Statistics: Num rows: 131 Data size: 1444 Basic stats: COMPLETE Column stats: COMPLETE
                Merge Join Operator
                  condition map:
                       Inner Join 0 to 1
                  keys:
                    0 _col0 (type: tinyint)
                    1 _col0 (type: tinyint)
                  outputColumnNames: _col0, _col1, _col3
                  Statistics: Num rows: 132 Data size: 2512 Basic stats: COMPLETE Column stats: COMPLETE
                  Select Operator
                    expressions: (_col1 * _col3) (type: bigint), _col0 (type: tinyint)
                    outputColumnNames: _col0, _col1
                    Statistics: Num rows: 132 Data size: 1456 Basic stats: COMPLETE Column stats: COMPLETE
                    File Output Operator
                      compressed: false
                      Statistics: Num rows: 132 Data size: 1456 Basic stats: COMPLETE Column stats: COMPLETE
                      table:
                          input format: org.apache.hadoop.mapred.SequenceFileInputFormat
                          output format: org.apache.hadoop.hive.ql.io.HiveSequenceFileOutputFormat
                          serde: org.apache.hadoop.hive.serde2.lazy.LazySimpleSerDe

  Stage: Stage-0
    Fetch Operator
      limit: -1
      Processor Tree:
        ListSink

PREHOOK: query: ALTER TABLE alltypesorc ADD CONSTRAINT pk_alltypesorc_1 PRIMARY KEY (ctinyint) DISABLE RELY
PREHOOK: type: ALTERTABLE_ADDCONSTRAINT
POSTHOOK: query: ALTER TABLE alltypesorc ADD CONSTRAINT pk_alltypesorc_1 PRIMARY KEY (ctinyint) DISABLE RELY
POSTHOOK: type: ALTERTABLE_ADDCONSTRAINT
PREHOOK: query: explain
SELECT sum(f.cint), f.ctinyint            
FROM alltypesorc f JOIN alltypesorc g ON(f.ctinyint = g.ctinyint)
GROUP BY f.ctinyint, g.ctinyint
PREHOOK: type: QUERY
PREHOOK: Input: default@alltypesorc
#### A masked pattern was here ####
POSTHOOK: query: explain
SELECT sum(f.cint), f.ctinyint            
FROM alltypesorc f JOIN alltypesorc g ON(f.ctinyint = g.ctinyint)
GROUP BY f.ctinyint, g.ctinyint
POSTHOOK: type: QUERY
POSTHOOK: Input: default@alltypesorc
#### A masked pattern was here ####
STAGE DEPENDENCIES:
  Stage-1 is a root stage
  Stage-0 depends on stages: Stage-1

STAGE PLANS:
  Stage: Stage-1
    Tez
#### A masked pattern was here ####
      Edges:
        Reducer 2 <- Map 1 (SIMPLE_EDGE), Map 4 (SIMPLE_EDGE)
        Reducer 3 <- Reducer 2 (SIMPLE_EDGE)
#### A masked pattern was here ####
      Vertices:
        Map 1 
            Map Operator Tree:
                TableScan
                  alias: f
                  Statistics: Num rows: 12288 Data size: 73392 Basic stats: COMPLETE Column stats: COMPLETE
                  Select Operator
                    expressions: ctinyint (type: tinyint), cint (type: int)
                    outputColumnNames: _col0, _col1
                    Statistics: Num rows: 12288 Data size: 73392 Basic stats: COMPLETE Column stats: COMPLETE
                    Reduce Output Operator
                      key expressions: _col0 (type: tinyint)
                      null sort order: z
                      sort order: +
                      Map-reduce partition columns: _col0 (type: tinyint)
                      Statistics: Num rows: 12288 Data size: 73392 Basic stats: COMPLETE Column stats: COMPLETE
                      value expressions: _col1 (type: int)
            Execution mode: vectorized, llap
            LLAP IO: all inputs
        Map 4 
            Map Operator Tree:
                TableScan
                  alias: g
                  Statistics: Num rows: 12288 Data size: 36696 Basic stats: COMPLETE Column stats: COMPLETE
                  Select Operator
                    expressions: ctinyint (type: tinyint)
                    outputColumnNames: _col0
                    Statistics: Num rows: 12288 Data size: 36696 Basic stats: COMPLETE Column stats: COMPLETE
                    Reduce Output Operator
                      key expressions: _col0 (type: tinyint)
                      null sort order: z
                      sort order: +
                      Map-reduce partition columns: _col0 (type: tinyint)
                      Statistics: Num rows: 12288 Data size: 36696 Basic stats: COMPLETE Column stats: COMPLETE
            Execution mode: vectorized, llap
            LLAP IO: all inputs
        Reducer 2 
            Execution mode: llap
            Reduce Operator Tree:
              Merge Join Operator
                condition map:
                     Inner Join 0 to 1
                keys:
                  0 _col0 (type: tinyint)
                  1 _col0 (type: tinyint)
                outputColumnNames: _col0, _col1, _col2
                Statistics: Num rows: 1161499 Data size: 13900620 Basic stats: COMPLETE Column stats: COMPLETE
                Group By Operator
                  aggregations: sum(_col1)
                  keys: _col0 (type: tinyint), _col2 (type: tinyint)
                  minReductionHashAggr: 0.99
                  mode: hash
                  outputColumnNames: _col0, _col1, _col2
                  Statistics: Num rows: 17161 Data size: 274216 Basic stats: COMPLETE Column stats: COMPLETE
                  Reduce Output Operator
                    key expressions: _col0 (type: tinyint), _col1 (type: tinyint)
                    null sort order: zz
                    sort order: ++
                    Map-reduce partition columns: _col0 (type: tinyint), _col1 (type: tinyint)
                    Statistics: Num rows: 17161 Data size: 274216 Basic stats: COMPLETE Column stats: COMPLETE
                    value expressions: _col2 (type: bigint)
        Reducer 3 
            Execution mode: vectorized, llap
            Reduce Operator Tree:
              Group By Operator
                aggregations: sum(VALUE._col0)
                keys: KEY._col0 (type: tinyint), KEY._col1 (type: tinyint)
                mode: mergepartial
                outputColumnNames: _col0, _col1, _col2
                Statistics: Num rows: 17161 Data size: 274216 Basic stats: COMPLETE Column stats: COMPLETE
                Select Operator
                  expressions: _col2 (type: bigint), _col0 (type: tinyint)
                  outputColumnNames: _col0, _col1
                  Statistics: Num rows: 17161 Data size: 205752 Basic stats: COMPLETE Column stats: COMPLETE
                  File Output Operator
                    compressed: false
                    Statistics: Num rows: 17161 Data size: 205752 Basic stats: COMPLETE Column stats: COMPLETE
                    table:
                        input format: org.apache.hadoop.mapred.SequenceFileInputFormat
                        output format: org.apache.hadoop.hive.ql.io.HiveSequenceFileOutputFormat
                        serde: org.apache.hadoop.hive.serde2.lazy.LazySimpleSerDe

  Stage: Stage-0
    Fetch Operator
      limit: -1
      Processor Tree:
        ListSink

PREHOOK: query: ALTER TABLE alltypesorc DROP CONSTRAINT pk_alltypesorc_1
PREHOOK: type: ALTERTABLE_DROPCONSTRAINT
POSTHOOK: query: ALTER TABLE alltypesorc DROP CONSTRAINT pk_alltypesorc_1
POSTHOOK: type: ALTERTABLE_DROPCONSTRAINT
PREHOOK: query: ALTER TABLE alltypesorc ADD CONSTRAINT uk_alltypesorc_1 UNIQUE (ctinyint) DISABLE RELY
PREHOOK: type: ALTERTABLE_ADDCONSTRAINT
POSTHOOK: query: ALTER TABLE alltypesorc ADD CONSTRAINT uk_alltypesorc_1 UNIQUE (ctinyint) DISABLE RELY
POSTHOOK: type: ALTERTABLE_ADDCONSTRAINT
PREHOOK: query: explain
SELECT sum(f.cint), f.ctinyint            
FROM alltypesorc f JOIN alltypesorc g ON(f.ctinyint = g.ctinyint)
GROUP BY f.ctinyint, g.ctinyint
PREHOOK: type: QUERY
PREHOOK: Input: default@alltypesorc
#### A masked pattern was here ####
POSTHOOK: query: explain
SELECT sum(f.cint), f.ctinyint            
FROM alltypesorc f JOIN alltypesorc g ON(f.ctinyint = g.ctinyint)
GROUP BY f.ctinyint, g.ctinyint
POSTHOOK: type: QUERY
POSTHOOK: Input: default@alltypesorc
#### A masked pattern was here ####
STAGE DEPENDENCIES:
  Stage-1 is a root stage
  Stage-0 depends on stages: Stage-1

STAGE PLANS:
  Stage: Stage-1
    Tez
#### A masked pattern was here ####
      Edges:
        Reducer 2 <- Map 1 (SIMPLE_EDGE), Map 4 (SIMPLE_EDGE)
        Reducer 3 <- Reducer 2 (SIMPLE_EDGE)
#### A masked pattern was here ####
      Vertices:
        Map 1 
            Map Operator Tree:
                TableScan
                  alias: f
                  filterExpr: ctinyint is not null (type: boolean)
                  Statistics: Num rows: 12288 Data size: 73392 Basic stats: COMPLETE Column stats: COMPLETE
                  Filter Operator
                    predicate: ctinyint is not null (type: boolean)
                    Statistics: Num rows: 9173 Data size: 54792 Basic stats: COMPLETE Column stats: COMPLETE
                    Select Operator
                      expressions: ctinyint (type: tinyint), cint (type: int)
                      outputColumnNames: _col0, _col1
                      Statistics: Num rows: 9173 Data size: 54792 Basic stats: COMPLETE Column stats: COMPLETE
                      Reduce Output Operator
                        key expressions: _col0 (type: tinyint)
                        null sort order: z
                        sort order: +
                        Map-reduce partition columns: _col0 (type: tinyint)
                        Statistics: Num rows: 9173 Data size: 54792 Basic stats: COMPLETE Column stats: COMPLETE
                        value expressions: _col1 (type: int)
            Execution mode: vectorized, llap
            LLAP IO: all inputs
        Map 4 
            Map Operator Tree:
                TableScan
                  alias: g
                  filterExpr: ctinyint is not null (type: boolean)
                  Statistics: Num rows: 12288 Data size: 36696 Basic stats: COMPLETE Column stats: COMPLETE
                  Filter Operator
                    predicate: ctinyint is not null (type: boolean)
                    Statistics: Num rows: 9173 Data size: 27396 Basic stats: COMPLETE Column stats: COMPLETE
                    Select Operator
                      expressions: ctinyint (type: tinyint)
                      outputColumnNames: _col0
                      Statistics: Num rows: 9173 Data size: 27396 Basic stats: COMPLETE Column stats: COMPLETE
                      Reduce Output Operator
                        key expressions: _col0 (type: tinyint)
                        null sort order: z
                        sort order: +
                        Map-reduce partition columns: _col0 (type: tinyint)
                        Statistics: Num rows: 9173 Data size: 27396 Basic stats: COMPLETE Column stats: COMPLETE
            Execution mode: vectorized, llap
            LLAP IO: all inputs
        Reducer 2 
            Execution mode: llap
            Reduce Operator Tree:
              Merge Join Operator
                condition map:
                     Inner Join 0 to 1
                keys:
                  0 _col0 (type: tinyint)
                  1 _col0 (type: tinyint)
                outputColumnNames: _col0, _col1, _col2
                Statistics: Num rows: 647260 Data size: 7739232 Basic stats: COMPLETE Column stats: COMPLETE
                Group By Operator
                  aggregations: sum(_col1)
                  keys: _col0 (type: tinyint), _col2 (type: tinyint)
                  minReductionHashAggr: 0.99
                  mode: hash
                  outputColumnNames: _col0, _col1, _col2
                  Statistics: Num rows: 17161 Data size: 274088 Basic stats: COMPLETE Column stats: COMPLETE
                  Reduce Output Operator
                    key expressions: _col0 (type: tinyint), _col1 (type: tinyint)
                    null sort order: zz
                    sort order: ++
                    Map-reduce partition columns: _col0 (type: tinyint), _col1 (type: tinyint)
                    Statistics: Num rows: 17161 Data size: 274088 Basic stats: COMPLETE Column stats: COMPLETE
                    value expressions: _col2 (type: bigint)
        Reducer 3 
            Execution mode: vectorized, llap
            Reduce Operator Tree:
              Group By Operator
                aggregations: sum(VALUE._col0)
                keys: KEY._col0 (type: tinyint), KEY._col1 (type: tinyint)
                mode: mergepartial
                outputColumnNames: _col0, _col1, _col2
                Statistics: Num rows: 17161 Data size: 274088 Basic stats: COMPLETE Column stats: COMPLETE
                Select Operator
                  expressions: _col2 (type: bigint), _col0 (type: tinyint)
                  outputColumnNames: _col0, _col1
                  Statistics: Num rows: 17161 Data size: 205688 Basic stats: COMPLETE Column stats: COMPLETE
                  File Output Operator
                    compressed: false
                    Statistics: Num rows: 17161 Data size: 205688 Basic stats: COMPLETE Column stats: COMPLETE
                    table:
                        input format: org.apache.hadoop.mapred.SequenceFileInputFormat
                        output format: org.apache.hadoop.hive.ql.io.HiveSequenceFileOutputFormat
                        serde: org.apache.hadoop.hive.serde2.lazy.LazySimpleSerDe

  Stage: Stage-0
    Fetch Operator
      limit: -1
      Processor Tree:
        ListSink

