PREHOOK: query: create table grp_set_test (key string, value string, col0 int, col1 int, col2 int, col3 int)
PREHOOK: type: CREATETABLE
PREHOOK: Output: database:default
PREHOOK: Output: default@grp_set_test
POSTHOOK: query: create table grp_set_test (key string, value string, col0 int, col1 int, col2 int, col3 int)
POSTHOOK: type: CREATETABLE
POSTHOOK: Output: database:default
POSTHOOK: Output: default@grp_set_test
PREHOOK: query: insert into grp_set_test values (1, 1, 1, 1, 1, 1), (1, 1, 1, 2, 2, 10), (1, 1, 1, 2, 3, 100)
PREHOOK: type: QUERY
PREHOOK: Input: _dummy_database@_dummy_table
PREHOOK: Output: default@grp_set_test
POSTHOOK: query: insert into grp_set_test values (1, 1, 1, 1, 1, 1), (1, 1, 1, 2, 2, 10), (1, 1, 1, 2, 3, 100)
POSTHOOK: type: QUERY
POSTHOOK: Input: _dummy_database@_dummy_table
POSTHOOK: Output: default@grp_set_test
POSTHOOK: Lineage: grp_set_test.col0 SCRIPT []
POSTHOOK: Lineage: grp_set_test.col1 SCRIPT []
POSTHOOK: Lineage: grp_set_test.col2 SCRIPT []
POSTHOOK: Lineage: grp_set_test.col3 SCRIPT []
POSTHOOK: Lineage: grp_set_test.key SCRIPT []
POSTHOOK: Lineage: grp_set_test.value SCRIPT []
PREHOOK: query: explain
select col0, col1, col2, sum(col3) from grp_set_test group by rollup(col0, col1, col2)
PREHOOK: type: QUERY
PREHOOK: Input: default@grp_set_test
#### A masked pattern was here ####
POSTHOOK: query: explain
select col0, col1, col2, sum(col3) from grp_set_test group by rollup(col0, col1, col2)
POSTHOOK: type: QUERY
POSTHOOK: Input: default@grp_set_test
#### A masked pattern was here ####
STAGE DEPENDENCIES:
  Stage-1 is a root stage
  Stage-0 depends on stages: Stage-1

STAGE PLANS:
  Stage: Stage-1
    Tez
#### A masked pattern was here ####
      Edges:
        Reducer 2 <- Map 1 (SIMPLE_EDGE)
#### A masked pattern was here ####
      Vertices:
        Map 1 
            Map Operator Tree:
                TableScan
                  alias: grp_set_test
                  Statistics: Num rows: 3 Data size: 48 Basic stats: COMPLETE Column stats: COMPLETE
                  Select Operator
                    expressions: col0 (type: int), col1 (type: int), col2 (type: int), col3 (type: int)
                    outputColumnNames: col0, col1, col2, col3
                    Statistics: Num rows: 3 Data size: 48 Basic stats: COMPLETE Column stats: COMPLETE
                    Group By Operator
                      aggregations: sum(col3)
                      keys: col0 (type: int), col1 (type: int), col2 (type: int), 0L (type: bigint)
                      grouping sets: 0, 1, 3, 7
                      minReductionHashAggr: 0.4
                      mode: hash
                      outputColumnNames: _col0, _col1, _col2, _col3, _col4
                      Statistics: Num rows: 6 Data size: 168 Basic stats: COMPLETE Column stats: COMPLETE
                      Reduce Output Operator
                        key expressions: _col0 (type: int), _col1 (type: int), _col2 (type: int), _col3 (type: bigint)
                        null sort order: zzzz
                        sort order: ++++
                        Map-reduce partition columns: _col0 (type: int), _col1 (type: int), _col2 (type: int), _col3 (type: bigint)
                        Statistics: Num rows: 6 Data size: 168 Basic stats: COMPLETE Column stats: COMPLETE
                        value expressions: _col4 (type: bigint)
            Execution mode: vectorized, llap
            LLAP IO: all inputs
        Reducer 2 
            Execution mode: vectorized, llap
            Reduce Operator Tree:
              Group By Operator
                aggregations: sum(VALUE._col0)
                keys: KEY._col0 (type: int), KEY._col1 (type: int), KEY._col2 (type: int), KEY._col3 (type: bigint)
                mode: mergepartial
                outputColumnNames: _col0, _col1, _col2, _col4
                Statistics: Num rows: 6 Data size: 168 Basic stats: COMPLETE Column stats: COMPLETE
                pruneGroupingSetId: true
                Select Operator
                  expressions: _col0 (type: int), _col1 (type: int), _col2 (type: int), _col4 (type: bigint)
                  outputColumnNames: _col0, _col1, _col2, _col3
                  Statistics: Num rows: 6 Data size: 120 Basic stats: COMPLETE Column stats: COMPLETE
                  File Output Operator
                    compressed: false
                    Statistics: Num rows: 6 Data size: 120 Basic stats: COMPLETE Column stats: COMPLETE
                    table:
                        input format: org.apache.hadoop.mapred.SequenceFileInputFormat
                        output format: org.apache.hadoop.hive.ql.io.HiveSequenceFileOutputFormat
                        serde: org.apache.hadoop.hive.serde2.lazy.LazySimpleSerDe

  Stage: Stage-0
    Fetch Operator
      limit: -1
      Processor Tree:
        ListSink

PREHOOK: query: explain
select col0, col1, col2, sum(col3) from (select * from grp_set_test distribute by col0)d group by rollup(col0, col1, col2)
PREHOOK: type: QUERY
PREHOOK: Input: default@grp_set_test
#### A masked pattern was here ####
POSTHOOK: query: explain
select col0, col1, col2, sum(col3) from (select * from grp_set_test distribute by col0)d group by rollup(col0, col1, col2)
POSTHOOK: type: QUERY
POSTHOOK: Input: default@grp_set_test
#### A masked pattern was here ####
STAGE DEPENDENCIES:
  Stage-1 is a root stage
  Stage-0 depends on stages: Stage-1

STAGE PLANS:
  Stage: Stage-1
    Tez
#### A masked pattern was here ####
      Edges:
        Reducer 2 <- Map 1 (CUSTOM_SIMPLE_EDGE)
        Reducer 3 <- Reducer 2 (SIMPLE_EDGE)
#### A masked pattern was here ####
      Vertices:
        Map 1 
            Map Operator Tree:
                TableScan
                  alias: grp_set_test
                  Statistics: Num rows: 3 Data size: 48 Basic stats: COMPLETE Column stats: COMPLETE
                  Select Operator
                    expressions: col0 (type: int), col1 (type: int), col2 (type: int), col3 (type: int)
                    outputColumnNames: _col2, _col3, _col4, _col5
                    Statistics: Num rows: 3 Data size: 48 Basic stats: COMPLETE Column stats: COMPLETE
                    Reduce Output Operator
                      null sort order: 
                      sort order: 
                      Map-reduce partition columns: _col2 (type: int)
                      Statistics: Num rows: 3 Data size: 48 Basic stats: COMPLETE Column stats: COMPLETE
                      value expressions: _col2 (type: int), _col3 (type: int), _col4 (type: int), _col5 (type: int)
            Execution mode: vectorized, llap
            LLAP IO: all inputs
        Reducer 2 
            Execution mode: vectorized, llap
            Reduce Operator Tree:
              Select Operator
                expressions: VALUE._col2 (type: int), VALUE._col3 (type: int), VALUE._col4 (type: int), VALUE._col5 (type: int)
                outputColumnNames: _col2, _col3, _col4, _col5
                Statistics: Num rows: 3 Data size: 48 Basic stats: COMPLETE Column stats: COMPLETE
                Group By Operator
                  aggregations: sum(_col5)
                  keys: _col2 (type: int), _col3 (type: int), _col4 (type: int), 0L (type: bigint)
                  grouping sets: 0, 1, 3, 7
                  minReductionHashAggr: 0.4
                  mode: hash
                  outputColumnNames: _col0, _col1, _col2, _col3, _col4
                  Statistics: Num rows: 6 Data size: 168 Basic stats: COMPLETE Column stats: COMPLETE
                  Reduce Output Operator
                    key expressions: _col0 (type: int), _col1 (type: int), _col2 (type: int), _col3 (type: bigint)
                    null sort order: zzzz
                    sort order: ++++
                    Map-reduce partition columns: _col0 (type: int), _col1 (type: int), _col2 (type: int), _col3 (type: bigint)
                    Statistics: Num rows: 6 Data size: 168 Basic stats: COMPLETE Column stats: COMPLETE
                    value expressions: _col4 (type: bigint)
        Reducer 3 
            Execution mode: vectorized, llap
            Reduce Operator Tree:
              Group By Operator
                aggregations: sum(VALUE._col0)
                keys: KEY._col0 (type: int), KEY._col1 (type: int), KEY._col2 (type: int), KEY._col3 (type: bigint)
                mode: mergepartial
                outputColumnNames: _col0, _col1, _col2, _col4
                Statistics: Num rows: 6 Data size: 168 Basic stats: COMPLETE Column stats: COMPLETE
                pruneGroupingSetId: true
                Select Operator
                  expressions: _col0 (type: int), _col1 (type: int), _col2 (type: int), _col4 (type: bigint)
                  outputColumnNames: _col0, _col1, _col2, _col3
                  Statistics: Num rows: 6 Data size: 120 Basic stats: COMPLETE Column stats: COMPLETE
                  File Output Operator
                    compressed: false
                    Statistics: Num rows: 6 Data size: 120 Basic stats: COMPLETE Column stats: COMPLETE
                    table:
                        input format: org.apache.hadoop.mapred.SequenceFileInputFormat
                        output format: org.apache.hadoop.hive.ql.io.HiveSequenceFileOutputFormat
                        serde: org.apache.hadoop.hive.serde2.lazy.LazySimpleSerDe

  Stage: Stage-0
    Fetch Operator
      limit: -1
      Processor Tree:
        ListSink

PREHOOK: query: explain
select col0, col1, col2, sum(col3) from grp_set_test group by rollup(col0, col1, col2)
PREHOOK: type: QUERY
PREHOOK: Input: default@grp_set_test
#### A masked pattern was here ####
POSTHOOK: query: explain
select col0, col1, col2, sum(col3) from grp_set_test group by rollup(col0, col1, col2)
POSTHOOK: type: QUERY
POSTHOOK: Input: default@grp_set_test
#### A masked pattern was here ####
STAGE DEPENDENCIES:
  Stage-1 is a root stage
  Stage-0 depends on stages: Stage-1

STAGE PLANS:
  Stage: Stage-1
    Tez
#### A masked pattern was here ####
      Edges:
        Reducer 2 <- Map 1 (SIMPLE_EDGE)
#### A masked pattern was here ####
      Vertices:
        Map 1 
            Map Operator Tree:
                TableScan
                  alias: grp_set_test
                  Statistics: Num rows: 3 Data size: 48 Basic stats: COMPLETE Column stats: COMPLETE
                  Select Operator
                    expressions: col0 (type: int), col1 (type: int), col2 (type: int), col3 (type: int)
                    outputColumnNames: col0, col1, col2, col3
                    Statistics: Num rows: 3 Data size: 48 Basic stats: COMPLETE Column stats: COMPLETE
                    Group By Operator
                      aggregations: sum(col3)
                      keys: col0 (type: int), col1 (type: int), col2 (type: int), 0L (type: bigint)
                      grouping sets: 0, 1, 3, 7
                      minReductionHashAggr: 0.4
                      mode: hash
                      outputColumnNames: _col0, _col1, _col2, _col3, _col4
                      Statistics: Num rows: 6 Data size: 168 Basic stats: COMPLETE Column stats: COMPLETE
                      Reduce Output Operator
                        key expressions: _col0 (type: int), _col1 (type: int), _col2 (type: int), _col3 (type: bigint)
                        null sort order: zzzz
                        sort order: ++++
                        Map-reduce partition columns: _col0 (type: int), _col1 (type: int), _col2 (type: int), _col3 (type: bigint)
                        Statistics: Num rows: 6 Data size: 168 Basic stats: COMPLETE Column stats: COMPLETE
                        value expressions: _col4 (type: bigint)
            Execution mode: vectorized, llap
            LLAP IO: all inputs
        Reducer 2 
            Execution mode: vectorized, llap
            Reduce Operator Tree:
              Group By Operator
                aggregations: sum(VALUE._col0)
                keys: KEY._col0 (type: int), KEY._col1 (type: int), KEY._col2 (type: int), KEY._col3 (type: bigint)
                mode: mergepartial
                outputColumnNames: _col0, _col1, _col2, _col4
                Statistics: Num rows: 6 Data size: 168 Basic stats: COMPLETE Column stats: COMPLETE
                pruneGroupingSetId: true
                Select Operator
                  expressions: _col0 (type: int), _col1 (type: int), _col2 (type: int), _col4 (type: bigint)
                  outputColumnNames: _col0, _col1, _col2, _col3
                  Statistics: Num rows: 6 Data size: 120 Basic stats: COMPLETE Column stats: COMPLETE
                  File Output Operator
                    compressed: false
                    Statistics: Num rows: 6 Data size: 120 Basic stats: COMPLETE Column stats: COMPLETE
                    table:
                        input format: org.apache.hadoop.mapred.SequenceFileInputFormat
                        output format: org.apache.hadoop.hive.ql.io.HiveSequenceFileOutputFormat
                        serde: org.apache.hadoop.hive.serde2.lazy.LazySimpleSerDe

  Stage: Stage-0
    Fetch Operator
      limit: -1
      Processor Tree:
        ListSink

PREHOOK: query: select col0, col1, col2, sum(col3) from grp_set_test group by rollup(col0, col1, col2)
PREHOOK: type: QUERY
PREHOOK: Input: default@grp_set_test
#### A masked pattern was here ####
POSTHOOK: query: select col0, col1, col2, sum(col3) from grp_set_test group by rollup(col0, col1, col2)
POSTHOOK: type: QUERY
POSTHOOK: Input: default@grp_set_test
#### A masked pattern was here ####
1	1	1	1
1	1	NULL	1
1	2	2	10
1	2	3	100
1	2	NULL	110
1	NULL	NULL	111
NULL	NULL	NULL	111
PREHOOK: query: explain
select col0, col1, col2, sum(col3) from grp_set_test group by rollup(col0, col1, col2)
PREHOOK: type: QUERY
PREHOOK: Input: default@grp_set_test
#### A masked pattern was here ####
POSTHOOK: query: explain
select col0, col1, col2, sum(col3) from grp_set_test group by rollup(col0, col1, col2)
POSTHOOK: type: QUERY
POSTHOOK: Input: default@grp_set_test
#### A masked pattern was here ####
STAGE DEPENDENCIES:
  Stage-1 is a root stage
  Stage-0 depends on stages: Stage-1

STAGE PLANS:
  Stage: Stage-1
    Tez
#### A masked pattern was here ####
      Edges:
        Reducer 2 <- Map 1 (SIMPLE_EDGE)
        Reducer 3 <- Reducer 2 (SIMPLE_EDGE)
#### A masked pattern was here ####
      Vertices:
        Map 1 
            Map Operator Tree:
                TableScan
                  alias: grp_set_test
                  Statistics: Num rows: 3 Data size: 48 Basic stats: COMPLETE Column stats: COMPLETE
                  Select Operator
                    expressions: col0 (type: int), col1 (type: int), col2 (type: int), col3 (type: int)
                    outputColumnNames: col0, col1, col2, col3
                    Statistics: Num rows: 3 Data size: 48 Basic stats: COMPLETE Column stats: COMPLETE
                    Reduce Output Operator
                      key expressions: col2 (type: int)
                      null sort order: z
                      sort order: +
                      Map-reduce partition columns: col2 (type: int)
                      value expressions: col0 (type: int), col1 (type: int), col3 (type: int)
            Execution mode: vectorized, llap
            LLAP IO: all inputs
        Reducer 2 
            Execution mode: vectorized, llap
            Reduce Operator Tree:
              Select Operator
                expressions: VALUE.col0 (type: int), VALUE.col1 (type: int), KEY.col2 (type: int), VALUE.col3 (type: int)
                outputColumnNames: col0, col1, col2, col3
                Group By Operator
                  aggregations: sum(col3)
                  keys: col0 (type: int), col1 (type: int), col2 (type: int), 0L (type: bigint)
                  grouping sets: 0, 1, 3, 7
                  minReductionHashAggr: 0.4
                  mode: hash
                  outputColumnNames: _col0, _col1, _col2, _col3, _col4
                  Statistics: Num rows: 6 Data size: 168 Basic stats: COMPLETE Column stats: COMPLETE
                  Reduce Output Operator
                    key expressions: _col0 (type: int), _col1 (type: int), _col2 (type: int), _col3 (type: bigint)
                    null sort order: zzzz
                    sort order: ++++
                    Map-reduce partition columns: _col0 (type: int), _col1 (type: int), _col2 (type: int), _col3 (type: bigint)
                    Statistics: Num rows: 6 Data size: 168 Basic stats: COMPLETE Column stats: COMPLETE
                    value expressions: _col4 (type: bigint)
        Reducer 3 
            Execution mode: vectorized, llap
            Reduce Operator Tree:
              Group By Operator
                aggregations: sum(VALUE._col0)
                keys: KEY._col0 (type: int), KEY._col1 (type: int), KEY._col2 (type: int), KEY._col3 (type: bigint)
                mode: mergepartial
                outputColumnNames: _col0, _col1, _col2, _col4
                Statistics: Num rows: 6 Data size: 168 Basic stats: COMPLETE Column stats: COMPLETE
                pruneGroupingSetId: true
                Select Operator
                  expressions: _col0 (type: int), _col1 (type: int), _col2 (type: int), _col4 (type: bigint)
                  outputColumnNames: _col0, _col1, _col2, _col3
                  Statistics: Num rows: 6 Data size: 120 Basic stats: COMPLETE Column stats: COMPLETE
                  File Output Operator
                    compressed: false
                    Statistics: Num rows: 6 Data size: 120 Basic stats: COMPLETE Column stats: COMPLETE
                    table:
                        input format: org.apache.hadoop.mapred.SequenceFileInputFormat
                        output format: org.apache.hadoop.hive.ql.io.HiveSequenceFileOutputFormat
                        serde: org.apache.hadoop.hive.serde2.lazy.LazySimpleSerDe

  Stage: Stage-0
    Fetch Operator
      limit: -1
      Processor Tree:
        ListSink

PREHOOK: query: select col0, col1, col2, sum(col3) from grp_set_test group by rollup(col0, col1, col2)
PREHOOK: type: QUERY
PREHOOK: Input: default@grp_set_test
#### A masked pattern was here ####
POSTHOOK: query: select col0, col1, col2, sum(col3) from grp_set_test group by rollup(col0, col1, col2)
POSTHOOK: type: QUERY
POSTHOOK: Input: default@grp_set_test
#### A masked pattern was here ####
1	1	1	1
1	1	NULL	1
1	2	2	10
1	2	3	100
1	2	NULL	110
1	NULL	NULL	111
NULL	NULL	NULL	111
PREHOOK: query: alter table grp_set_test update statistics for column col3 set('numDVs'='10000','numNulls'='10000')
PREHOOK: type: ALTERTABLE_UPDATETABLESTATS
PREHOOK: Input: default@grp_set_test
PREHOOK: Output: default@grp_set_test
POSTHOOK: query: alter table grp_set_test update statistics for column col3 set('numDVs'='10000','numNulls'='10000')
POSTHOOK: type: ALTERTABLE_UPDATETABLESTATS
POSTHOOK: Input: default@grp_set_test
POSTHOOK: Output: default@grp_set_test
PREHOOK: query: explain
select col0, col1, col2, count(distinct col3) from grp_set_test group by rollup(col0, col1, col2)
PREHOOK: type: QUERY
PREHOOK: Input: default@grp_set_test
#### A masked pattern was here ####
POSTHOOK: query: explain
select col0, col1, col2, count(distinct col3) from grp_set_test group by rollup(col0, col1, col2)
POSTHOOK: type: QUERY
POSTHOOK: Input: default@grp_set_test
#### A masked pattern was here ####
STAGE DEPENDENCIES:
  Stage-1 is a root stage
  Stage-0 depends on stages: Stage-1

STAGE PLANS:
  Stage: Stage-1
    Tez
#### A masked pattern was here ####
      Edges:
        Reducer 2 <- Map 1 (SIMPLE_EDGE)
        Reducer 3 <- Reducer 2 (SIMPLE_EDGE)
#### A masked pattern was here ####
      Vertices:
        Map 1 
            Map Operator Tree:
                TableScan
                  alias: grp_set_test
                  Statistics: Num rows: 3 Data size: 36 Basic stats: COMPLETE Column stats: COMPLETE
                  Select Operator
                    expressions: col0 (type: int), col1 (type: int), col2 (type: int), col3 (type: int)
                    outputColumnNames: col0, col1, col2, col3
                    Statistics: Num rows: 3 Data size: 36 Basic stats: COMPLETE Column stats: COMPLETE
                    Reduce Output Operator
                      key expressions: col2 (type: int)
                      null sort order: z
                      sort order: +
                      Map-reduce partition columns: col2 (type: int)
                      value expressions: col0 (type: int), col1 (type: int), col3 (type: int)
            Execution mode: vectorized, llap
            LLAP IO: all inputs
        Reducer 2 
            Execution mode: llap
            Reduce Operator Tree:
              Select Operator
                expressions: VALUE.col0 (type: int), VALUE.col1 (type: int), KEY.col2 (type: int), VALUE.col3 (type: int)
                outputColumnNames: col0, col1, col2, col3
                Group By Operator
                  aggregations: count(DISTINCT col3)
                  keys: col0 (type: int), col1 (type: int), col2 (type: int), 0L (type: bigint), col3 (type: int)
                  grouping sets: 0, 1, 3, 7
                  minReductionHashAggr: 0.4
                  mode: hash
                  outputColumnNames: _col0, _col1, _col2, _col3, _col4, _col5
                  Statistics: Num rows: 6 Data size: 172 Basic stats: COMPLETE Column stats: COMPLETE
                  Reduce Output Operator
                    key expressions: _col0 (type: int), _col1 (type: int), _col2 (type: int), _col3 (type: bigint), _col4 (type: int)
                    null sort order: zzzzz
                    sort order: +++++
                    Map-reduce partition columns: _col0 (type: int), _col1 (type: int), _col2 (type: int), _col3 (type: bigint)
                    Statistics: Num rows: 6 Data size: 172 Basic stats: COMPLETE Column stats: COMPLETE
        Reducer 3 
            Execution mode: llap
            Reduce Operator Tree:
              Group By Operator
                aggregations: count(DISTINCT KEY._col4:0._col0)
                keys: KEY._col0 (type: int), KEY._col1 (type: int), KEY._col2 (type: int), KEY._col3 (type: bigint)
                mode: mergepartial
                outputColumnNames: _col0, _col1, _col2, _col4
                Statistics: Num rows: 6 Data size: 168 Basic stats: COMPLETE Column stats: COMPLETE
                pruneGroupingSetId: true
                Select Operator
                  expressions: _col0 (type: int), _col1 (type: int), _col2 (type: int), _col4 (type: bigint)
                  outputColumnNames: _col0, _col1, _col2, _col3
                  Statistics: Num rows: 6 Data size: 120 Basic stats: COMPLETE Column stats: COMPLETE
                  File Output Operator
                    compressed: false
                    Statistics: Num rows: 6 Data size: 120 Basic stats: COMPLETE Column stats: COMPLETE
                    table:
                        input format: org.apache.hadoop.mapred.SequenceFileInputFormat
                        output format: org.apache.hadoop.hive.ql.io.HiveSequenceFileOutputFormat
                        serde: org.apache.hadoop.hive.serde2.lazy.LazySimpleSerDe

  Stage: Stage-0
    Fetch Operator
      limit: -1
      Processor Tree:
        ListSink

