PREHOOK: query: CREATE TABLE T1_n143(a STRING, b STRING, c STRING) ROW FORMAT DELIMITED FIELDS TERMINATED BY ' ' STORED AS TEXTFILE
PREHOOK: type: CREATETABLE
PREHOOK: Output: database:default
PREHOOK: Output: default@T1_n143
POSTHOOK: query: CREATE TABLE T1_n143(a STRING, b STRING, c STRING) ROW FORMAT DELIMITED FIELDS TERMINATED BY ' ' STORED AS TEXTFILE
POSTHOOK: type: CREATETABLE
POSTHOOK: Output: database:default
POSTHOOK: Output: default@T1_n143
PREHOOK: query: LOAD DATA LOCAL INPATH '../../data/files/grouping_sets.txt' INTO TABLE T1_n143
PREHOOK: type: LOAD
#### A masked pattern was here ####
PREHOOK: Output: default@t1_n143
POSTHOOK: query: LOAD DATA LOCAL INPATH '../../data/files/grouping_sets.txt' INTO TABLE T1_n143
POSTHOOK: type: LOAD
#### A masked pattern was here ####
POSTHOOK: Output: default@t1_n143
PREHOOK: query: EXPLAIN
SELECT * FROM
(SELECT a, b, count(*) from T1_n143 where a < 3 group by a, b with cube) subq1
join
(SELECT a, b, count(*) from T1_n143 where a < 3 group by a, b with cube) subq2
on subq1.a = subq2.a
PREHOOK: type: QUERY
PREHOOK: Input: default@t1_n143
#### A masked pattern was here ####
POSTHOOK: query: EXPLAIN
SELECT * FROM
(SELECT a, b, count(*) from T1_n143 where a < 3 group by a, b with cube) subq1
join
(SELECT a, b, count(*) from T1_n143 where a < 3 group by a, b with cube) subq2
on subq1.a = subq2.a
POSTHOOK: type: QUERY
POSTHOOK: Input: default@t1_n143
#### A masked pattern was here ####
STAGE DEPENDENCIES:
  Stage-1 is a root stage
  Stage-0 depends on stages: Stage-1

STAGE PLANS:
  Stage: Stage-1
    Tez
#### A masked pattern was here ####
      Edges:
        Reducer 2 <- Map 1 (SIMPLE_EDGE)
        Reducer 3 <- Reducer 2 (SIMPLE_EDGE), Reducer 4 (SIMPLE_EDGE)
        Reducer 4 <- Map 1 (SIMPLE_EDGE)
#### A masked pattern was here ####
      Vertices:
        Map 1 
            Map Operator Tree:
                TableScan
                  alias: t1_n143
                  filterExpr: (UDFToDouble(a) < 3.0D) (type: boolean)
                  Statistics: Num rows: 1 Data size: 368 Basic stats: COMPLETE Column stats: NONE
                  Filter Operator
                    predicate: (UDFToDouble(a) < 3.0D) (type: boolean)
                    Statistics: Num rows: 1 Data size: 368 Basic stats: COMPLETE Column stats: NONE
                    Group By Operator
                      aggregations: count()
                      keys: a (type: string), b (type: string), 0L (type: bigint)
                      grouping sets: 0, 1, 2, 3
                      minReductionHashAggr: 0.99
                      mode: hash
                      outputColumnNames: _col0, _col1, _col2, _col3
                      Statistics: Num rows: 4 Data size: 1472 Basic stats: COMPLETE Column stats: NONE
                      Reduce Output Operator
                        key expressions: _col0 (type: string), _col1 (type: string), _col2 (type: bigint)
                        null sort order: zzz
                        sort order: +++
                        Map-reduce partition columns: _col0 (type: string), _col1 (type: string), _col2 (type: bigint)
                        Statistics: Num rows: 4 Data size: 1472 Basic stats: COMPLETE Column stats: NONE
                        value expressions: _col3 (type: bigint)
                      Reduce Output Operator
                        key expressions: _col0 (type: string), _col1 (type: string), _col2 (type: bigint)
                        null sort order: zzz
                        sort order: +++
                        Map-reduce partition columns: _col0 (type: string), _col1 (type: string), _col2 (type: bigint)
                        Statistics: Num rows: 4 Data size: 1472 Basic stats: COMPLETE Column stats: NONE
                        value expressions: _col3 (type: bigint)
            Execution mode: llap
            LLAP IO: all inputs
        Reducer 2 
            Execution mode: llap
            Reduce Operator Tree:
              Group By Operator
                aggregations: count(VALUE._col0)
                keys: KEY._col0 (type: string), KEY._col1 (type: string), KEY._col2 (type: bigint)
                mode: mergepartial
                outputColumnNames: _col0, _col1, _col3
                Statistics: Num rows: 2 Data size: 736 Basic stats: COMPLETE Column stats: NONE
                pruneGroupingSetId: true
                Filter Operator
                  predicate: _col0 is not null (type: boolean)
                  Statistics: Num rows: 2 Data size: 736 Basic stats: COMPLETE Column stats: NONE
                  Select Operator
                    expressions: _col0 (type: string), _col1 (type: string), _col3 (type: bigint)
                    outputColumnNames: _col0, _col1, _col2
                    Statistics: Num rows: 2 Data size: 736 Basic stats: COMPLETE Column stats: NONE
                    Reduce Output Operator
                      key expressions: _col0 (type: string)
                      null sort order: z
                      sort order: +
                      Map-reduce partition columns: _col0 (type: string)
                      Statistics: Num rows: 2 Data size: 736 Basic stats: COMPLETE Column stats: NONE
                      value expressions: _col1 (type: string), _col2 (type: bigint)
        Reducer 3 
            Execution mode: llap
            Reduce Operator Tree:
              Merge Join Operator
                condition map:
                     Inner Join 0 to 1
                keys:
                  0 _col0 (type: string)
                  1 _col0 (type: string)
                outputColumnNames: _col0, _col1, _col2, _col3, _col4, _col5
                Statistics: Num rows: 2 Data size: 809 Basic stats: COMPLETE Column stats: NONE
                File Output Operator
                  compressed: false
                  Statistics: Num rows: 2 Data size: 809 Basic stats: COMPLETE Column stats: NONE
                  table:
                      input format: org.apache.hadoop.mapred.SequenceFileInputFormat
                      output format: org.apache.hadoop.hive.ql.io.HiveSequenceFileOutputFormat
                      serde: org.apache.hadoop.hive.serde2.lazy.LazySimpleSerDe
        Reducer 4 
            Execution mode: llap
            Reduce Operator Tree:
              Group By Operator
                aggregations: count(VALUE._col0)
                keys: KEY._col0 (type: string), KEY._col1 (type: string), KEY._col2 (type: bigint)
                mode: mergepartial
                outputColumnNames: _col0, _col1, _col3
                Statistics: Num rows: 2 Data size: 736 Basic stats: COMPLETE Column stats: NONE
                pruneGroupingSetId: true
                Filter Operator
                  predicate: _col0 is not null (type: boolean)
                  Statistics: Num rows: 2 Data size: 736 Basic stats: COMPLETE Column stats: NONE
                  Select Operator
                    expressions: _col0 (type: string), _col1 (type: string), _col3 (type: bigint)
                    outputColumnNames: _col0, _col1, _col2
                    Statistics: Num rows: 2 Data size: 736 Basic stats: COMPLETE Column stats: NONE
                    Reduce Output Operator
                      key expressions: _col0 (type: string)
                      null sort order: z
                      sort order: +
                      Map-reduce partition columns: _col0 (type: string)
                      Statistics: Num rows: 2 Data size: 736 Basic stats: COMPLETE Column stats: NONE
                      value expressions: _col1 (type: string), _col2 (type: bigint)

  Stage: Stage-0
    Fetch Operator
      limit: -1
      Processor Tree:
        ListSink

PREHOOK: query: EXPLAIN
SELECT * FROM
(SELECT a, b, count(*) from T1_n143 where a < 3 group by cube(a, b) ) subq1
join
(SELECT a, b, count(*) from T1_n143 where a < 3 group by cube(a, b) ) subq2
on subq1.a = subq2.a
PREHOOK: type: QUERY
PREHOOK: Input: default@t1_n143
#### A masked pattern was here ####
POSTHOOK: query: EXPLAIN
SELECT * FROM
(SELECT a, b, count(*) from T1_n143 where a < 3 group by cube(a, b) ) subq1
join
(SELECT a, b, count(*) from T1_n143 where a < 3 group by cube(a, b) ) subq2
on subq1.a = subq2.a
POSTHOOK: type: QUERY
POSTHOOK: Input: default@t1_n143
#### A masked pattern was here ####
STAGE DEPENDENCIES:
  Stage-1 is a root stage
  Stage-0 depends on stages: Stage-1

STAGE PLANS:
  Stage: Stage-1
    Tez
#### A masked pattern was here ####
      Edges:
        Reducer 2 <- Map 1 (SIMPLE_EDGE)
        Reducer 3 <- Reducer 2 (SIMPLE_EDGE), Reducer 4 (SIMPLE_EDGE)
        Reducer 4 <- Map 1 (SIMPLE_EDGE)
#### A masked pattern was here ####
      Vertices:
        Map 1 
            Map Operator Tree:
                TableScan
                  alias: t1_n143
                  filterExpr: (UDFToDouble(a) < 3.0D) (type: boolean)
                  Statistics: Num rows: 1 Data size: 368 Basic stats: COMPLETE Column stats: NONE
                  Filter Operator
                    predicate: (UDFToDouble(a) < 3.0D) (type: boolean)
                    Statistics: Num rows: 1 Data size: 368 Basic stats: COMPLETE Column stats: NONE
                    Group By Operator
                      aggregations: count()
                      keys: a (type: string), b (type: string), 0L (type: bigint)
                      grouping sets: 0, 1, 2, 3
                      minReductionHashAggr: 0.99
                      mode: hash
                      outputColumnNames: _col0, _col1, _col2, _col3
                      Statistics: Num rows: 4 Data size: 1472 Basic stats: COMPLETE Column stats: NONE
                      Reduce Output Operator
                        key expressions: _col0 (type: string), _col1 (type: string), _col2 (type: bigint)
                        null sort order: zzz
                        sort order: +++
                        Map-reduce partition columns: _col0 (type: string), _col1 (type: string), _col2 (type: bigint)
                        Statistics: Num rows: 4 Data size: 1472 Basic stats: COMPLETE Column stats: NONE
                        value expressions: _col3 (type: bigint)
                      Reduce Output Operator
                        key expressions: _col0 (type: string), _col1 (type: string), _col2 (type: bigint)
                        null sort order: zzz
                        sort order: +++
                        Map-reduce partition columns: _col0 (type: string), _col1 (type: string), _col2 (type: bigint)
                        Statistics: Num rows: 4 Data size: 1472 Basic stats: COMPLETE Column stats: NONE
                        value expressions: _col3 (type: bigint)
            Execution mode: llap
            LLAP IO: all inputs
        Reducer 2 
            Execution mode: llap
            Reduce Operator Tree:
              Group By Operator
                aggregations: count(VALUE._col0)
                keys: KEY._col0 (type: string), KEY._col1 (type: string), KEY._col2 (type: bigint)
                mode: mergepartial
                outputColumnNames: _col0, _col1, _col3
                Statistics: Num rows: 2 Data size: 736 Basic stats: COMPLETE Column stats: NONE
                pruneGroupingSetId: true
                Filter Operator
                  predicate: _col0 is not null (type: boolean)
                  Statistics: Num rows: 2 Data size: 736 Basic stats: COMPLETE Column stats: NONE
                  Select Operator
                    expressions: _col0 (type: string), _col1 (type: string), _col3 (type: bigint)
                    outputColumnNames: _col0, _col1, _col2
                    Statistics: Num rows: 2 Data size: 736 Basic stats: COMPLETE Column stats: NONE
                    Reduce Output Operator
                      key expressions: _col0 (type: string)
                      null sort order: z
                      sort order: +
                      Map-reduce partition columns: _col0 (type: string)
                      Statistics: Num rows: 2 Data size: 736 Basic stats: COMPLETE Column stats: NONE
                      value expressions: _col1 (type: string), _col2 (type: bigint)
        Reducer 3 
            Execution mode: llap
            Reduce Operator Tree:
              Merge Join Operator
                condition map:
                     Inner Join 0 to 1
                keys:
                  0 _col0 (type: string)
                  1 _col0 (type: string)
                outputColumnNames: _col0, _col1, _col2, _col3, _col4, _col5
                Statistics: Num rows: 2 Data size: 809 Basic stats: COMPLETE Column stats: NONE
                File Output Operator
                  compressed: false
                  Statistics: Num rows: 2 Data size: 809 Basic stats: COMPLETE Column stats: NONE
                  table:
                      input format: org.apache.hadoop.mapred.SequenceFileInputFormat
                      output format: org.apache.hadoop.hive.ql.io.HiveSequenceFileOutputFormat
                      serde: org.apache.hadoop.hive.serde2.lazy.LazySimpleSerDe
        Reducer 4 
            Execution mode: llap
            Reduce Operator Tree:
              Group By Operator
                aggregations: count(VALUE._col0)
                keys: KEY._col0 (type: string), KEY._col1 (type: string), KEY._col2 (type: bigint)
                mode: mergepartial
                outputColumnNames: _col0, _col1, _col3
                Statistics: Num rows: 2 Data size: 736 Basic stats: COMPLETE Column stats: NONE
                pruneGroupingSetId: true
                Filter Operator
                  predicate: _col0 is not null (type: boolean)
                  Statistics: Num rows: 2 Data size: 736 Basic stats: COMPLETE Column stats: NONE
                  Select Operator
                    expressions: _col0 (type: string), _col1 (type: string), _col3 (type: bigint)
                    outputColumnNames: _col0, _col1, _col2
                    Statistics: Num rows: 2 Data size: 736 Basic stats: COMPLETE Column stats: NONE
                    Reduce Output Operator
                      key expressions: _col0 (type: string)
                      null sort order: z
                      sort order: +
                      Map-reduce partition columns: _col0 (type: string)
                      Statistics: Num rows: 2 Data size: 736 Basic stats: COMPLETE Column stats: NONE
                      value expressions: _col1 (type: string), _col2 (type: bigint)

  Stage: Stage-0
    Fetch Operator
      limit: -1
      Processor Tree:
        ListSink

PREHOOK: query: SELECT * FROM
(SELECT a, b, count(*) from T1_n143 where a < 3 group by a, b with cube) subq1
join
(SELECT a, b, count(*) from T1_n143 where a < 3 group by a, b with cube) subq2
on subq1.a = subq2.a
PREHOOK: type: QUERY
PREHOOK: Input: default@t1_n143
#### A masked pattern was here ####
POSTHOOK: query: SELECT * FROM
(SELECT a, b, count(*) from T1_n143 where a < 3 group by a, b with cube) subq1
join
(SELECT a, b, count(*) from T1_n143 where a < 3 group by a, b with cube) subq2
on subq1.a = subq2.a
POSTHOOK: type: QUERY
POSTHOOK: Input: default@t1_n143
#### A masked pattern was here ####
1	1	1	1	1	1
1	1	1	1	NULL	1
1	NULL	1	1	1	1
1	NULL	1	1	NULL	1
2	2	1	2	2	1
2	2	1	2	3	1
2	2	1	2	NULL	2
2	3	1	2	2	1
2	3	1	2	3	1
2	3	1	2	NULL	2
2	NULL	2	2	2	1
2	NULL	2	2	3	1
2	NULL	2	2	NULL	2
PREHOOK: query: EXPLAIN
SELECT * FROM
(SELECT a, b, count(*) from T1_n143 where a < 3 group by a, b with cube) subq1
join
(SELECT a, b, count(*) from T1_n143 where a < 3 group by a, b with cube) subq2
on subq1.a = subq2.a
PREHOOK: type: QUERY
PREHOOK: Input: default@t1_n143
#### A masked pattern was here ####
POSTHOOK: query: EXPLAIN
SELECT * FROM
(SELECT a, b, count(*) from T1_n143 where a < 3 group by a, b with cube) subq1
join
(SELECT a, b, count(*) from T1_n143 where a < 3 group by a, b with cube) subq2
on subq1.a = subq2.a
POSTHOOK: type: QUERY
POSTHOOK: Input: default@t1_n143
#### A masked pattern was here ####
STAGE DEPENDENCIES:
  Stage-1 is a root stage
  Stage-0 depends on stages: Stage-1

STAGE PLANS:
  Stage: Stage-1
    Tez
#### A masked pattern was here ####
      Edges:
        Reducer 2 <- Map 1 (SIMPLE_EDGE)
        Reducer 3 <- Reducer 2 (SIMPLE_EDGE)
        Reducer 4 <- Reducer 3 (SIMPLE_EDGE), Reducer 5 (SIMPLE_EDGE)
        Reducer 5 <- Reducer 2 (SIMPLE_EDGE)
#### A masked pattern was here ####
      Vertices:
        Map 1 
            Map Operator Tree:
                TableScan
                  alias: t1_n143
                  filterExpr: (UDFToDouble(a) < 3.0D) (type: boolean)
                  Statistics: Num rows: 1 Data size: 368 Basic stats: COMPLETE Column stats: NONE
                  Filter Operator
                    predicate: (UDFToDouble(a) < 3.0D) (type: boolean)
                    Statistics: Num rows: 1 Data size: 368 Basic stats: COMPLETE Column stats: NONE
                    Group By Operator
                      aggregations: count()
                      keys: a (type: string), b (type: string)
                      minReductionHashAggr: 0.99
                      mode: hash
                      outputColumnNames: _col0, _col1, _col2
                      Statistics: Num rows: 1 Data size: 368 Basic stats: COMPLETE Column stats: NONE
                      Reduce Output Operator
                        key expressions: _col0 (type: string), _col1 (type: string)
                        null sort order: zz
                        sort order: ++
                        Map-reduce partition columns: _col0 (type: string), _col1 (type: string)
                        Statistics: Num rows: 1 Data size: 368 Basic stats: COMPLETE Column stats: NONE
                        value expressions: _col2 (type: bigint)
            Execution mode: llap
            LLAP IO: all inputs
        Reducer 2 
            Execution mode: llap
            Reduce Operator Tree:
              Group By Operator
                aggregations: count(VALUE._col0)
                keys: KEY._col0 (type: string), KEY._col1 (type: string), 0L (type: bigint)
                grouping sets: 0, 1, 2, 3
                mode: partials
                outputColumnNames: _col0, _col1, _col2, _col3
                Statistics: Num rows: 4 Data size: 1472 Basic stats: COMPLETE Column stats: NONE
                Reduce Output Operator
                  key expressions: _col0 (type: string), _col1 (type: string), _col2 (type: bigint)
                  null sort order: zzz
                  sort order: +++
                  Map-reduce partition columns: _col0 (type: string), _col1 (type: string), _col2 (type: bigint)
                  Statistics: Num rows: 4 Data size: 1472 Basic stats: COMPLETE Column stats: NONE
                  value expressions: _col3 (type: bigint)
                Reduce Output Operator
                  key expressions: _col0 (type: string), _col1 (type: string), _col2 (type: bigint)
                  null sort order: zzz
                  sort order: +++
                  Map-reduce partition columns: _col0 (type: string), _col1 (type: string), _col2 (type: bigint)
                  Statistics: Num rows: 4 Data size: 1472 Basic stats: COMPLETE Column stats: NONE
                  value expressions: _col3 (type: bigint)
        Reducer 3 
            Execution mode: llap
            Reduce Operator Tree:
              Group By Operator
                aggregations: count(VALUE._col0)
                keys: KEY._col0 (type: string), KEY._col1 (type: string), KEY._col2 (type: bigint)
                mode: final
                outputColumnNames: _col0, _col1, _col3
                Statistics: Num rows: 2 Data size: 736 Basic stats: COMPLETE Column stats: NONE
                pruneGroupingSetId: true
                Filter Operator
                  predicate: _col0 is not null (type: boolean)
                  Statistics: Num rows: 2 Data size: 736 Basic stats: COMPLETE Column stats: NONE
                  Select Operator
                    expressions: _col0 (type: string), _col1 (type: string), _col3 (type: bigint)
                    outputColumnNames: _col0, _col1, _col2
                    Statistics: Num rows: 2 Data size: 736 Basic stats: COMPLETE Column stats: NONE
                    Reduce Output Operator
                      key expressions: _col0 (type: string)
                      null sort order: z
                      sort order: +
                      Map-reduce partition columns: _col0 (type: string)
                      Statistics: Num rows: 2 Data size: 736 Basic stats: COMPLETE Column stats: NONE
                      value expressions: _col1 (type: string), _col2 (type: bigint)
        Reducer 4 
            Execution mode: llap
            Reduce Operator Tree:
              Merge Join Operator
                condition map:
                     Inner Join 0 to 1
                keys:
                  0 _col0 (type: string)
                  1 _col0 (type: string)
                outputColumnNames: _col0, _col1, _col2, _col3, _col4, _col5
                Statistics: Num rows: 2 Data size: 809 Basic stats: COMPLETE Column stats: NONE
                File Output Operator
                  compressed: false
                  Statistics: Num rows: 2 Data size: 809 Basic stats: COMPLETE Column stats: NONE
                  table:
                      input format: org.apache.hadoop.mapred.SequenceFileInputFormat
                      output format: org.apache.hadoop.hive.ql.io.HiveSequenceFileOutputFormat
                      serde: org.apache.hadoop.hive.serde2.lazy.LazySimpleSerDe
        Reducer 5 
            Execution mode: llap
            Reduce Operator Tree:
              Group By Operator
                aggregations: count(VALUE._col0)
                keys: KEY._col0 (type: string), KEY._col1 (type: string), KEY._col2 (type: bigint)
                mode: final
                outputColumnNames: _col0, _col1, _col3
                Statistics: Num rows: 2 Data size: 736 Basic stats: COMPLETE Column stats: NONE
                pruneGroupingSetId: true
                Filter Operator
                  predicate: _col0 is not null (type: boolean)
                  Statistics: Num rows: 2 Data size: 736 Basic stats: COMPLETE Column stats: NONE
                  Select Operator
                    expressions: _col0 (type: string), _col1 (type: string), _col3 (type: bigint)
                    outputColumnNames: _col0, _col1, _col2
                    Statistics: Num rows: 2 Data size: 736 Basic stats: COMPLETE Column stats: NONE
                    Reduce Output Operator
                      key expressions: _col0 (type: string)
                      null sort order: z
                      sort order: +
                      Map-reduce partition columns: _col0 (type: string)
                      Statistics: Num rows: 2 Data size: 736 Basic stats: COMPLETE Column stats: NONE
                      value expressions: _col1 (type: string), _col2 (type: bigint)

  Stage: Stage-0
    Fetch Operator
      limit: -1
      Processor Tree:
        ListSink

PREHOOK: query: SELECT * FROM
(SELECT a, b, count(*) from T1_n143 where a < 3 group by a, b with cube) subq1
join
(SELECT a, b, count(*) from T1_n143 where a < 3 group by a, b with cube) subq2
on subq1.a = subq2.a
PREHOOK: type: QUERY
PREHOOK: Input: default@t1_n143
#### A masked pattern was here ####
POSTHOOK: query: SELECT * FROM
(SELECT a, b, count(*) from T1_n143 where a < 3 group by a, b with cube) subq1
join
(SELECT a, b, count(*) from T1_n143 where a < 3 group by a, b with cube) subq2
on subq1.a = subq2.a
POSTHOOK: type: QUERY
POSTHOOK: Input: default@t1_n143
#### A masked pattern was here ####
1	1	1	1	1	1
1	1	1	1	NULL	1
1	NULL	1	1	1	1
1	NULL	1	1	NULL	1
2	2	1	2	2	1
2	2	1	2	3	1
2	2	1	2	NULL	2
2	3	1	2	2	1
2	3	1	2	3	1
2	3	1	2	NULL	2
2	NULL	2	2	2	1
2	NULL	2	2	3	1
2	NULL	2	2	NULL	2
