PREHOOK: query: CREATE TABLE T1_n41(a STRING, b STRING, c STRING) ROW FORMAT DELIMITED FIELDS TERMINATED BY ' ' STORED AS TEXTFILE
PREHOOK: type: CREATETABLE
PREHOOK: Output: database:default
PREHOOK: Output: default@T1_n41
POSTHOOK: query: CREATE TABLE T1_n41(a STRING, b STRING, c STRING) ROW FORMAT DELIMITED FIELDS TERMINATED BY ' ' STORED AS TEXTFILE
POSTHOOK: type: CREATETABLE
POSTHOOK: Output: database:default
POSTHOOK: Output: default@T1_n41
PREHOOK: query: LOAD DATA LOCAL INPATH '../../data/files/grouping_sets.txt' INTO TABLE T1_n41
PREHOOK: type: LOAD
#### A masked pattern was here ####
PREHOOK: Output: default@t1_n41
POSTHOOK: query: LOAD DATA LOCAL INPATH '../../data/files/grouping_sets.txt' INTO TABLE T1_n41
POSTHOOK: type: LOAD
#### A masked pattern was here ####
POSTHOOK: Output: default@t1_n41
PREHOOK: query: SELECT * FROM T1_n41
PREHOOK: type: QUERY
PREHOOK: Input: default@t1_n41
#### A masked pattern was here ####
POSTHOOK: query: SELECT * FROM T1_n41
POSTHOOK: type: QUERY
POSTHOOK: Input: default@t1_n41
#### A masked pattern was here ####
t1_n41.a	t1_n41.b	t1_n41.c
1	1	3
2	2	4
2	3	5
3	2	8
5	2	2
8	1	1
PREHOOK: query: EXPLAIN
SELECT a, b, count(*) from T1_n41 group by a, b with cube
PREHOOK: type: QUERY
PREHOOK: Input: default@t1_n41
#### A masked pattern was here ####
POSTHOOK: query: EXPLAIN
SELECT a, b, count(*) from T1_n41 group by a, b with cube
POSTHOOK: type: QUERY
POSTHOOK: Input: default@t1_n41
#### A masked pattern was here ####
Explain
STAGE DEPENDENCIES:
  Stage-1 is a root stage
  Stage-0 depends on stages: Stage-1

STAGE PLANS:
  Stage: Stage-1
    Tez
#### A masked pattern was here ####
      Edges:
        Reducer 2 <- Map 1 (SIMPLE_EDGE)
#### A masked pattern was here ####
      Vertices:
        Map 1 
            Map Operator Tree:
                TableScan
                  alias: t1_n41
                  Statistics: Num rows: 1 Data size: 368 Basic stats: COMPLETE Column stats: NONE
                  Select Operator
                    expressions: a (type: string), b (type: string)
                    outputColumnNames: a, b
                    Statistics: Num rows: 1 Data size: 368 Basic stats: COMPLETE Column stats: NONE
                    Group By Operator
                      aggregations: count()
                      keys: a (type: string), b (type: string), 0L (type: bigint)
                      grouping sets: 0, 1, 2, 3
                      minReductionHashAggr: 0.99
                      mode: hash
                      outputColumnNames: _col0, _col1, _col2, _col3
                      Statistics: Num rows: 4 Data size: 1472 Basic stats: COMPLETE Column stats: NONE
                      Reduce Output Operator
                        key expressions: _col0 (type: string), _col1 (type: string), _col2 (type: bigint)
                        null sort order: zzz
                        sort order: +++
                        Map-reduce partition columns: _col0 (type: string), _col1 (type: string), _col2 (type: bigint)
                        Statistics: Num rows: 4 Data size: 1472 Basic stats: COMPLETE Column stats: NONE
                        value expressions: _col3 (type: bigint)
            Execution mode: llap
            LLAP IO: all inputs
        Reducer 2 
            Execution mode: llap
            Reduce Operator Tree:
              Group By Operator
                aggregations: count(VALUE._col0)
                keys: KEY._col0 (type: string), KEY._col1 (type: string), KEY._col2 (type: bigint)
                mode: mergepartial
                outputColumnNames: _col0, _col1, _col3
                Statistics: Num rows: 2 Data size: 736 Basic stats: COMPLETE Column stats: NONE
                pruneGroupingSetId: true
                Select Operator
                  expressions: _col0 (type: string), _col1 (type: string), _col3 (type: bigint)
                  outputColumnNames: _col0, _col1, _col2
                  Statistics: Num rows: 2 Data size: 736 Basic stats: COMPLETE Column stats: NONE
                  File Output Operator
                    compressed: false
                    Statistics: Num rows: 2 Data size: 736 Basic stats: COMPLETE Column stats: NONE
                    table:
                        input format: org.apache.hadoop.mapred.SequenceFileInputFormat
                        output format: org.apache.hadoop.hive.ql.io.HiveSequenceFileOutputFormat
                        serde: org.apache.hadoop.hive.serde2.lazy.LazySimpleSerDe

  Stage: Stage-0
    Fetch Operator
      limit: -1
      Processor Tree:
        ListSink

PREHOOK: query: SELECT a, b, count(*) from T1_n41 group by a, b with cube
PREHOOK: type: QUERY
PREHOOK: Input: default@t1_n41
#### A masked pattern was here ####
POSTHOOK: query: SELECT a, b, count(*) from T1_n41 group by a, b with cube
POSTHOOK: type: QUERY
POSTHOOK: Input: default@t1_n41
#### A masked pattern was here ####
a	b	_c2
1	1	1
1	NULL	1
2	2	1
2	3	1
2	NULL	2
3	2	1
3	NULL	1
5	2	1
5	NULL	1
8	1	1
8	NULL	1
NULL	1	2
NULL	2	3
NULL	3	1
NULL	NULL	6
PREHOOK: query: EXPLAIN
SELECT a, b, count(*) from T1_n41 group by cube(a, b)
PREHOOK: type: QUERY
PREHOOK: Input: default@t1_n41
#### A masked pattern was here ####
POSTHOOK: query: EXPLAIN
SELECT a, b, count(*) from T1_n41 group by cube(a, b)
POSTHOOK: type: QUERY
POSTHOOK: Input: default@t1_n41
#### A masked pattern was here ####
Explain
STAGE DEPENDENCIES:
  Stage-1 is a root stage
  Stage-0 depends on stages: Stage-1

STAGE PLANS:
  Stage: Stage-1
    Tez
#### A masked pattern was here ####
      Edges:
        Reducer 2 <- Map 1 (SIMPLE_EDGE)
#### A masked pattern was here ####
      Vertices:
        Map 1 
            Map Operator Tree:
                TableScan
                  alias: t1_n41
                  Statistics: Num rows: 1 Data size: 368 Basic stats: COMPLETE Column stats: NONE
                  Select Operator
                    expressions: a (type: string), b (type: string)
                    outputColumnNames: a, b
                    Statistics: Num rows: 1 Data size: 368 Basic stats: COMPLETE Column stats: NONE
                    Group By Operator
                      aggregations: count()
                      keys: a (type: string), b (type: string), 0L (type: bigint)
                      grouping sets: 0, 1, 2, 3
                      minReductionHashAggr: 0.99
                      mode: hash
                      outputColumnNames: _col0, _col1, _col2, _col3
                      Statistics: Num rows: 4 Data size: 1472 Basic stats: COMPLETE Column stats: NONE
                      Reduce Output Operator
                        key expressions: _col0 (type: string), _col1 (type: string), _col2 (type: bigint)
                        null sort order: zzz
                        sort order: +++
                        Map-reduce partition columns: _col0 (type: string), _col1 (type: string), _col2 (type: bigint)
                        Statistics: Num rows: 4 Data size: 1472 Basic stats: COMPLETE Column stats: NONE
                        value expressions: _col3 (type: bigint)
            Execution mode: llap
            LLAP IO: all inputs
        Reducer 2 
            Execution mode: llap
            Reduce Operator Tree:
              Group By Operator
                aggregations: count(VALUE._col0)
                keys: KEY._col0 (type: string), KEY._col1 (type: string), KEY._col2 (type: bigint)
                mode: mergepartial
                outputColumnNames: _col0, _col1, _col3
                Statistics: Num rows: 2 Data size: 736 Basic stats: COMPLETE Column stats: NONE
                pruneGroupingSetId: true
                Select Operator
                  expressions: _col0 (type: string), _col1 (type: string), _col3 (type: bigint)
                  outputColumnNames: _col0, _col1, _col2
                  Statistics: Num rows: 2 Data size: 736 Basic stats: COMPLETE Column stats: NONE
                  File Output Operator
                    compressed: false
                    Statistics: Num rows: 2 Data size: 736 Basic stats: COMPLETE Column stats: NONE
                    table:
                        input format: org.apache.hadoop.mapred.SequenceFileInputFormat
                        output format: org.apache.hadoop.hive.ql.io.HiveSequenceFileOutputFormat
                        serde: org.apache.hadoop.hive.serde2.lazy.LazySimpleSerDe

  Stage: Stage-0
    Fetch Operator
      limit: -1
      Processor Tree:
        ListSink

PREHOOK: query: SELECT a, b, count(*) from T1_n41 group by cube(a, b)
PREHOOK: type: QUERY
PREHOOK: Input: default@t1_n41
#### A masked pattern was here ####
POSTHOOK: query: SELECT a, b, count(*) from T1_n41 group by cube(a, b)
POSTHOOK: type: QUERY
POSTHOOK: Input: default@t1_n41
#### A masked pattern was here ####
a	b	_c2
1	1	1
1	NULL	1
2	2	1
2	3	1
2	NULL	2
3	2	1
3	NULL	1
5	2	1
5	NULL	1
8	1	1
8	NULL	1
NULL	1	2
NULL	2	3
NULL	3	1
NULL	NULL	6
PREHOOK: query: EXPLAIN
SELECT a, b, count(*) FROM T1_n41 GROUP BY a, b  GROUPING SETS (a, (a, b), b, ())
PREHOOK: type: QUERY
PREHOOK: Input: default@t1_n41
#### A masked pattern was here ####
POSTHOOK: query: EXPLAIN
SELECT a, b, count(*) FROM T1_n41 GROUP BY a, b  GROUPING SETS (a, (a, b), b, ())
POSTHOOK: type: QUERY
POSTHOOK: Input: default@t1_n41
#### A masked pattern was here ####
Explain
STAGE DEPENDENCIES:
  Stage-1 is a root stage
  Stage-0 depends on stages: Stage-1

STAGE PLANS:
  Stage: Stage-1
    Tez
#### A masked pattern was here ####
      Edges:
        Reducer 2 <- Map 1 (SIMPLE_EDGE)
#### A masked pattern was here ####
      Vertices:
        Map 1 
            Map Operator Tree:
                TableScan
                  alias: t1_n41
                  Statistics: Num rows: 1 Data size: 368 Basic stats: COMPLETE Column stats: NONE
                  Select Operator
                    expressions: a (type: string), b (type: string)
                    outputColumnNames: a, b
                    Statistics: Num rows: 1 Data size: 368 Basic stats: COMPLETE Column stats: NONE
                    Group By Operator
                      aggregations: count()
                      keys: a (type: string), b (type: string), 0L (type: bigint)
                      grouping sets: 0, 1, 2, 3
                      minReductionHashAggr: 0.99
                      mode: hash
                      outputColumnNames: _col0, _col1, _col2, _col3
                      Statistics: Num rows: 4 Data size: 1472 Basic stats: COMPLETE Column stats: NONE
                      Reduce Output Operator
                        key expressions: _col0 (type: string), _col1 (type: string), _col2 (type: bigint)
                        null sort order: zzz
                        sort order: +++
                        Map-reduce partition columns: _col0 (type: string), _col1 (type: string), _col2 (type: bigint)
                        Statistics: Num rows: 4 Data size: 1472 Basic stats: COMPLETE Column stats: NONE
                        value expressions: _col3 (type: bigint)
            Execution mode: llap
            LLAP IO: all inputs
        Reducer 2 
            Execution mode: llap
            Reduce Operator Tree:
              Group By Operator
                aggregations: count(VALUE._col0)
                keys: KEY._col0 (type: string), KEY._col1 (type: string), KEY._col2 (type: bigint)
                mode: mergepartial
                outputColumnNames: _col0, _col1, _col3
                Statistics: Num rows: 2 Data size: 736 Basic stats: COMPLETE Column stats: NONE
                pruneGroupingSetId: true
                Select Operator
                  expressions: _col0 (type: string), _col1 (type: string), _col3 (type: bigint)
                  outputColumnNames: _col0, _col1, _col2
                  Statistics: Num rows: 2 Data size: 736 Basic stats: COMPLETE Column stats: NONE
                  File Output Operator
                    compressed: false
                    Statistics: Num rows: 2 Data size: 736 Basic stats: COMPLETE Column stats: NONE
                    table:
                        input format: org.apache.hadoop.mapred.SequenceFileInputFormat
                        output format: org.apache.hadoop.hive.ql.io.HiveSequenceFileOutputFormat
                        serde: org.apache.hadoop.hive.serde2.lazy.LazySimpleSerDe

  Stage: Stage-0
    Fetch Operator
      limit: -1
      Processor Tree:
        ListSink

PREHOOK: query: SELECT a, b, count(*) FROM T1_n41 GROUP BY a, b  GROUPING SETS (a, (a, b), b, ())
PREHOOK: type: QUERY
PREHOOK: Input: default@t1_n41
#### A masked pattern was here ####
POSTHOOK: query: SELECT a, b, count(*) FROM T1_n41 GROUP BY a, b  GROUPING SETS (a, (a, b), b, ())
POSTHOOK: type: QUERY
POSTHOOK: Input: default@t1_n41
#### A masked pattern was here ####
a	b	_c2
1	1	1
1	NULL	1
2	2	1
2	3	1
2	NULL	2
3	2	1
3	NULL	1
5	2	1
5	NULL	1
8	1	1
8	NULL	1
NULL	1	2
NULL	2	3
NULL	3	1
NULL	NULL	6
PREHOOK: query: EXPLAIN
SELECT a, b, count(*) FROM T1_n41 GROUP BY a, b GROUPING SETS (a, (a, b))
PREHOOK: type: QUERY
PREHOOK: Input: default@t1_n41
#### A masked pattern was here ####
POSTHOOK: query: EXPLAIN
SELECT a, b, count(*) FROM T1_n41 GROUP BY a, b GROUPING SETS (a, (a, b))
POSTHOOK: type: QUERY
POSTHOOK: Input: default@t1_n41
#### A masked pattern was here ####
Explain
STAGE DEPENDENCIES:
  Stage-1 is a root stage
  Stage-0 depends on stages: Stage-1

STAGE PLANS:
  Stage: Stage-1
    Tez
#### A masked pattern was here ####
      Edges:
        Reducer 2 <- Map 1 (SIMPLE_EDGE)
#### A masked pattern was here ####
      Vertices:
        Map 1 
            Map Operator Tree:
                TableScan
                  alias: t1_n41
                  Statistics: Num rows: 1 Data size: 368 Basic stats: COMPLETE Column stats: NONE
                  Select Operator
                    expressions: a (type: string), b (type: string)
                    outputColumnNames: a, b
                    Statistics: Num rows: 1 Data size: 368 Basic stats: COMPLETE Column stats: NONE
                    Group By Operator
                      aggregations: count()
                      keys: a (type: string), b (type: string), 0L (type: bigint)
                      grouping sets: 0, 1
                      minReductionHashAggr: 0.99
                      mode: hash
                      outputColumnNames: _col0, _col1, _col2, _col3
                      Statistics: Num rows: 2 Data size: 736 Basic stats: COMPLETE Column stats: NONE
                      Reduce Output Operator
                        key expressions: _col0 (type: string), _col1 (type: string), _col2 (type: bigint)
                        null sort order: zzz
                        sort order: +++
                        Map-reduce partition columns: _col0 (type: string), _col1 (type: string), _col2 (type: bigint)
                        Statistics: Num rows: 2 Data size: 736 Basic stats: COMPLETE Column stats: NONE
                        value expressions: _col3 (type: bigint)
            Execution mode: llap
            LLAP IO: all inputs
        Reducer 2 
            Execution mode: llap
            Reduce Operator Tree:
              Group By Operator
                aggregations: count(VALUE._col0)
                keys: KEY._col0 (type: string), KEY._col1 (type: string), KEY._col2 (type: bigint)
                mode: mergepartial
                outputColumnNames: _col0, _col1, _col3
                Statistics: Num rows: 1 Data size: 368 Basic stats: COMPLETE Column stats: NONE
                pruneGroupingSetId: true
                Select Operator
                  expressions: _col0 (type: string), _col1 (type: string), _col3 (type: bigint)
                  outputColumnNames: _col0, _col1, _col2
                  Statistics: Num rows: 1 Data size: 368 Basic stats: COMPLETE Column stats: NONE
                  File Output Operator
                    compressed: false
                    Statistics: Num rows: 1 Data size: 368 Basic stats: COMPLETE Column stats: NONE
                    table:
                        input format: org.apache.hadoop.mapred.SequenceFileInputFormat
                        output format: org.apache.hadoop.hive.ql.io.HiveSequenceFileOutputFormat
                        serde: org.apache.hadoop.hive.serde2.lazy.LazySimpleSerDe

  Stage: Stage-0
    Fetch Operator
      limit: -1
      Processor Tree:
        ListSink

PREHOOK: query: SELECT a, b, count(*) FROM T1_n41 GROUP BY a, b GROUPING SETS (a, (a, b))
PREHOOK: type: QUERY
PREHOOK: Input: default@t1_n41
#### A masked pattern was here ####
POSTHOOK: query: SELECT a, b, count(*) FROM T1_n41 GROUP BY a, b GROUPING SETS (a, (a, b))
POSTHOOK: type: QUERY
POSTHOOK: Input: default@t1_n41
#### A masked pattern was here ####
a	b	_c2
1	1	1
1	NULL	1
2	2	1
2	3	1
2	NULL	2
3	2	1
3	NULL	1
5	2	1
5	NULL	1
8	1	1
8	NULL	1
PREHOOK: query: EXPLAIN
SELECT a FROM T1_n41 GROUP BY a, b, c GROUPING SETS (a, b, c)
PREHOOK: type: QUERY
PREHOOK: Input: default@t1_n41
#### A masked pattern was here ####
POSTHOOK: query: EXPLAIN
SELECT a FROM T1_n41 GROUP BY a, b, c GROUPING SETS (a, b, c)
POSTHOOK: type: QUERY
POSTHOOK: Input: default@t1_n41
#### A masked pattern was here ####
Explain
STAGE DEPENDENCIES:
  Stage-1 is a root stage
  Stage-0 depends on stages: Stage-1

STAGE PLANS:
  Stage: Stage-1
    Tez
#### A masked pattern was here ####
      Edges:
        Reducer 2 <- Map 1 (SIMPLE_EDGE)
#### A masked pattern was here ####
      Vertices:
        Map 1 
            Map Operator Tree:
                TableScan
                  alias: t1_n41
                  Statistics: Num rows: 1 Data size: 552 Basic stats: COMPLETE Column stats: NONE
                  Select Operator
                    expressions: a (type: string), b (type: string), c (type: string)
                    outputColumnNames: a, b, c
                    Statistics: Num rows: 1 Data size: 552 Basic stats: COMPLETE Column stats: NONE
                    Group By Operator
                      keys: a (type: string), b (type: string), c (type: string), 0L (type: bigint)
                      grouping sets: 3, 5, 6
                      minReductionHashAggr: 0.99
                      mode: hash
                      outputColumnNames: _col0, _col1, _col2, _col3
                      Statistics: Num rows: 3 Data size: 1656 Basic stats: COMPLETE Column stats: NONE
                      Reduce Output Operator
                        key expressions: _col0 (type: string), _col1 (type: string), _col2 (type: string), _col3 (type: bigint)
                        null sort order: zzzz
                        sort order: ++++
                        Map-reduce partition columns: _col0 (type: string), _col1 (type: string), _col2 (type: string), _col3 (type: bigint)
                        Statistics: Num rows: 3 Data size: 1656 Basic stats: COMPLETE Column stats: NONE
            Execution mode: llap
            LLAP IO: all inputs
        Reducer 2 
            Execution mode: llap
            Reduce Operator Tree:
              Group By Operator
                keys: KEY._col0 (type: string), KEY._col1 (type: string), KEY._col2 (type: string), KEY._col3 (type: bigint)
                mode: mergepartial
                outputColumnNames: _col0, _col1, _col2
                Statistics: Num rows: 1 Data size: 552 Basic stats: COMPLETE Column stats: NONE
                pruneGroupingSetId: true
                Select Operator
                  expressions: _col0 (type: string)
                  outputColumnNames: _col0
                  Statistics: Num rows: 1 Data size: 552 Basic stats: COMPLETE Column stats: NONE
                  File Output Operator
                    compressed: false
                    Statistics: Num rows: 1 Data size: 552 Basic stats: COMPLETE Column stats: NONE
                    table:
                        input format: org.apache.hadoop.mapred.SequenceFileInputFormat
                        output format: org.apache.hadoop.hive.ql.io.HiveSequenceFileOutputFormat
                        serde: org.apache.hadoop.hive.serde2.lazy.LazySimpleSerDe

  Stage: Stage-0
    Fetch Operator
      limit: -1
      Processor Tree:
        ListSink

PREHOOK: query: SELECT a FROM T1_n41 GROUP BY a, b, c GROUPING SETS (a, b, c)
PREHOOK: type: QUERY
PREHOOK: Input: default@t1_n41
#### A masked pattern was here ####
POSTHOOK: query: SELECT a FROM T1_n41 GROUP BY a, b, c GROUPING SETS (a, b, c)
POSTHOOK: type: QUERY
POSTHOOK: Input: default@t1_n41
#### A masked pattern was here ####
a
1
2
3
5
8
NULL
NULL
NULL
NULL
NULL
NULL
NULL
NULL
NULL
PREHOOK: query: EXPLAIN
SELECT a FROM T1_n41 GROUP BY a GROUPING SETS ((a), (a))
PREHOOK: type: QUERY
PREHOOK: Input: default@t1_n41
#### A masked pattern was here ####
POSTHOOK: query: EXPLAIN
SELECT a FROM T1_n41 GROUP BY a GROUPING SETS ((a), (a))
POSTHOOK: type: QUERY
POSTHOOK: Input: default@t1_n41
#### A masked pattern was here ####
Explain
STAGE DEPENDENCIES:
  Stage-1 is a root stage
  Stage-0 depends on stages: Stage-1

STAGE PLANS:
  Stage: Stage-1
    Tez
#### A masked pattern was here ####
      Edges:
        Reducer 2 <- Map 1 (SIMPLE_EDGE)
#### A masked pattern was here ####
      Vertices:
        Map 1 
            Map Operator Tree:
                TableScan
                  alias: t1_n41
                  Statistics: Num rows: 1 Data size: 184 Basic stats: COMPLETE Column stats: NONE
                  Select Operator
                    expressions: a (type: string)
                    outputColumnNames: a
                    Statistics: Num rows: 1 Data size: 184 Basic stats: COMPLETE Column stats: NONE
                    Group By Operator
                      keys: a (type: string)
                      minReductionHashAggr: 0.99
                      mode: hash
                      outputColumnNames: _col0
                      Statistics: Num rows: 1 Data size: 184 Basic stats: COMPLETE Column stats: NONE
                      Reduce Output Operator
                        key expressions: _col0 (type: string)
                        null sort order: z
                        sort order: +
                        Map-reduce partition columns: _col0 (type: string)
                        Statistics: Num rows: 1 Data size: 184 Basic stats: COMPLETE Column stats: NONE
            Execution mode: llap
            LLAP IO: all inputs
        Reducer 2 
            Execution mode: llap
            Reduce Operator Tree:
              Group By Operator
                keys: KEY._col0 (type: string)
                mode: mergepartial
                outputColumnNames: _col0
                Statistics: Num rows: 1 Data size: 184 Basic stats: COMPLETE Column stats: NONE
                File Output Operator
                  compressed: false
                  Statistics: Num rows: 1 Data size: 184 Basic stats: COMPLETE Column stats: NONE
                  table:
                      input format: org.apache.hadoop.mapred.SequenceFileInputFormat
                      output format: org.apache.hadoop.hive.ql.io.HiveSequenceFileOutputFormat
                      serde: org.apache.hadoop.hive.serde2.lazy.LazySimpleSerDe

  Stage: Stage-0
    Fetch Operator
      limit: -1
      Processor Tree:
        ListSink

PREHOOK: query: SELECT a FROM T1_n41 GROUP BY a GROUPING SETS ((a), (a))
PREHOOK: type: QUERY
PREHOOK: Input: default@t1_n41
#### A masked pattern was here ####
POSTHOOK: query: SELECT a FROM T1_n41 GROUP BY a GROUPING SETS ((a), (a))
POSTHOOK: type: QUERY
POSTHOOK: Input: default@t1_n41
#### A masked pattern was here ####
a
1
2
3
5
8
PREHOOK: query: EXPLAIN
SELECT a + b, count(*) FROM T1_n41 GROUP BY a + b GROUPING SETS (a+b)
PREHOOK: type: QUERY
PREHOOK: Input: default@t1_n41
#### A masked pattern was here ####
POSTHOOK: query: EXPLAIN
SELECT a + b, count(*) FROM T1_n41 GROUP BY a + b GROUPING SETS (a+b)
POSTHOOK: type: QUERY
POSTHOOK: Input: default@t1_n41
#### A masked pattern was here ####
Explain
STAGE DEPENDENCIES:
  Stage-1 is a root stage
  Stage-0 depends on stages: Stage-1

STAGE PLANS:
  Stage: Stage-1
    Tez
#### A masked pattern was here ####
      Edges:
        Reducer 2 <- Map 1 (SIMPLE_EDGE)
#### A masked pattern was here ####
      Vertices:
        Map 1 
            Map Operator Tree:
                TableScan
                  alias: t1_n41
                  Statistics: Num rows: 1 Data size: 368 Basic stats: COMPLETE Column stats: NONE
                  Select Operator
                    expressions: (UDFToDouble(a) + UDFToDouble(b)) (type: double)
                    outputColumnNames: _col0
                    Statistics: Num rows: 1 Data size: 368 Basic stats: COMPLETE Column stats: NONE
                    Group By Operator
                      aggregations: count()
                      keys: _col0 (type: double)
                      minReductionHashAggr: 0.99
                      mode: hash
                      outputColumnNames: _col0, _col1
                      Statistics: Num rows: 1 Data size: 368 Basic stats: COMPLETE Column stats: NONE
                      Reduce Output Operator
                        key expressions: _col0 (type: double)
                        null sort order: z
                        sort order: +
                        Map-reduce partition columns: _col0 (type: double)
                        Statistics: Num rows: 1 Data size: 368 Basic stats: COMPLETE Column stats: NONE
                        value expressions: _col1 (type: bigint)
            Execution mode: llap
            LLAP IO: all inputs
        Reducer 2 
            Execution mode: llap
            Reduce Operator Tree:
              Group By Operator
                aggregations: count(VALUE._col0)
                keys: KEY._col0 (type: double)
                mode: mergepartial
                outputColumnNames: _col0, _col1
                Statistics: Num rows: 1 Data size: 368 Basic stats: COMPLETE Column stats: NONE
                File Output Operator
                  compressed: false
                  Statistics: Num rows: 1 Data size: 368 Basic stats: COMPLETE Column stats: NONE
                  table:
                      input format: org.apache.hadoop.mapred.SequenceFileInputFormat
                      output format: org.apache.hadoop.hive.ql.io.HiveSequenceFileOutputFormat
                      serde: org.apache.hadoop.hive.serde2.lazy.LazySimpleSerDe

  Stage: Stage-0
    Fetch Operator
      limit: -1
      Processor Tree:
        ListSink

PREHOOK: query: SELECT a + b, count(*) FROM T1_n41 GROUP BY a + b GROUPING SETS (a+b)
PREHOOK: type: QUERY
PREHOOK: Input: default@t1_n41
#### A masked pattern was here ####
POSTHOOK: query: SELECT a + b, count(*) FROM T1_n41 GROUP BY a + b GROUPING SETS (a+b)
POSTHOOK: type: QUERY
POSTHOOK: Input: default@t1_n41
#### A masked pattern was here ####
_c0	_c1
2.0	1
4.0	1
5.0	2
7.0	1
9.0	1
