PREHOOK: query: CREATE TABLE T1_n75(a STRING, b STRING, c STRING) ROW FORMAT DELIMITED FIELDS TERMINATED BY ' ' STORED AS TEXTFILE
PREHOOK: type: CREATETABLE
PREHOOK: Output: database:default
PREHOOK: Output: default@T1_n75
POSTHOOK: query: CREATE TABLE T1_n75(a STRING, b STRING, c STRING) ROW FORMAT DELIMITED FIELDS TERMINATED BY ' ' STORED AS TEXTFILE
POSTHOOK: type: CREATETABLE
POSTHOOK: Output: database:default
POSTHOOK: Output: default@T1_n75
PREHOOK: query: LOAD DATA LOCAL INPATH '../../data/files/grouping_sets.txt' INTO TABLE T1_n75
PREHOOK: type: LOAD
#### A masked pattern was here ####
PREHOOK: Output: default@t1_n75
POSTHOOK: query: LOAD DATA LOCAL INPATH '../../data/files/grouping_sets.txt' INTO TABLE T1_n75
POSTHOOK: type: LOAD
#### A masked pattern was here ####
POSTHOOK: Output: default@t1_n75
PREHOOK: query: EXPLAIN
SELECT a, b FROM
(SELECT a, b from T1_n75 group by a, b grouping sets ( (a,b),a )) res
WHERE res.a=5
PREHOOK: type: QUERY
PREHOOK: Input: default@t1_n75
#### A masked pattern was here ####
POSTHOOK: query: EXPLAIN
SELECT a, b FROM
(SELECT a, b from T1_n75 group by a, b grouping sets ( (a,b),a )) res
WHERE res.a=5
POSTHOOK: type: QUERY
POSTHOOK: Input: default@t1_n75
#### A masked pattern was here ####
STAGE DEPENDENCIES:
  Stage-1 is a root stage
  Stage-0 depends on stages: Stage-1

STAGE PLANS:
  Stage: Stage-1
    Tez
#### A masked pattern was here ####
      Edges:
        Reducer 2 <- Map 1 (SIMPLE_EDGE)
#### A masked pattern was here ####
      Vertices:
        Map 1 
            Map Operator Tree:
                TableScan
                  alias: t1_n75
                  Statistics: Num rows: 1 Data size: 368 Basic stats: COMPLETE Column stats: NONE
                  Filter Operator
                    predicate: (UDFToDouble(a) = 5.0D) (type: boolean)
                    Statistics: Num rows: 1 Data size: 368 Basic stats: COMPLETE Column stats: NONE
                    Group By Operator
                      keys: a (type: string), b (type: string), 0L (type: bigint)
                      grouping sets: 0, 1
                      minReductionHashAggr: 0.99
                      mode: hash
                      outputColumnNames: _col0, _col1, _col2
                      Statistics: Num rows: 2 Data size: 736 Basic stats: COMPLETE Column stats: NONE
                      Reduce Output Operator
                        key expressions: _col0 (type: string), _col1 (type: string), _col2 (type: bigint)
                        null sort order: zzz
                        sort order: +++
                        Map-reduce partition columns: _col0 (type: string), _col1 (type: string), _col2 (type: bigint)
                        Statistics: Num rows: 2 Data size: 736 Basic stats: COMPLETE Column stats: NONE
            Execution mode: llap
            LLAP IO: all inputs
        Reducer 2 
            Execution mode: llap
            Reduce Operator Tree:
              Group By Operator
                keys: KEY._col0 (type: string), KEY._col1 (type: string), KEY._col2 (type: bigint)
                mode: mergepartial
                outputColumnNames: _col0, _col1
                Statistics: Num rows: 1 Data size: 368 Basic stats: COMPLETE Column stats: NONE
                pruneGroupingSetId: true
                File Output Operator
                  compressed: false
                  Statistics: Num rows: 1 Data size: 368 Basic stats: COMPLETE Column stats: NONE
                  table:
                      input format: org.apache.hadoop.mapred.SequenceFileInputFormat
                      output format: org.apache.hadoop.hive.ql.io.HiveSequenceFileOutputFormat
                      serde: org.apache.hadoop.hive.serde2.lazy.LazySimpleSerDe

  Stage: Stage-0
    Fetch Operator
      limit: -1
      Processor Tree:
        ListSink

PREHOOK: query: SELECT a, b FROM
(SELECT a, b from T1_n75 group by a, b grouping sets ( (a,b),a )) res
WHERE res.a=5
PREHOOK: type: QUERY
PREHOOK: Input: default@t1_n75
#### A masked pattern was here ####
POSTHOOK: query: SELECT a, b FROM
(SELECT a, b from T1_n75 group by a, b grouping sets ( (a,b),a )) res
WHERE res.a=5
POSTHOOK: type: QUERY
POSTHOOK: Input: default@t1_n75
#### A masked pattern was here ####
5	2
5	NULL
PREHOOK: query: EXPLAIN
SELECT a, b FROM
(SELECT a, b from T1_n75 group by a, b grouping sets ( (a,b),a )) res
WHERE res.a=5
PREHOOK: type: QUERY
PREHOOK: Input: default@t1_n75
#### A masked pattern was here ####
POSTHOOK: query: EXPLAIN
SELECT a, b FROM
(SELECT a, b from T1_n75 group by a, b grouping sets ( (a,b),a )) res
WHERE res.a=5
POSTHOOK: type: QUERY
POSTHOOK: Input: default@t1_n75
#### A masked pattern was here ####
STAGE DEPENDENCIES:
  Stage-1 is a root stage
  Stage-0 depends on stages: Stage-1

STAGE PLANS:
  Stage: Stage-1
    Tez
#### A masked pattern was here ####
      Edges:
        Reducer 2 <- Map 1 (SIMPLE_EDGE)
#### A masked pattern was here ####
      Vertices:
        Map 1 
            Map Operator Tree:
                TableScan
                  alias: t1_n75
                  Statistics: Num rows: 1 Data size: 368 Basic stats: COMPLETE Column stats: NONE
                  Filter Operator
                    predicate: (UDFToDouble(a) = 5.0D) (type: boolean)
                    Statistics: Num rows: 1 Data size: 368 Basic stats: COMPLETE Column stats: NONE
                    Group By Operator
                      keys: a (type: string), b (type: string), 0L (type: bigint)
                      grouping sets: 0, 1
                      minReductionHashAggr: 0.99
                      mode: hash
                      outputColumnNames: _col0, _col1, _col2
                      Statistics: Num rows: 2 Data size: 736 Basic stats: COMPLETE Column stats: NONE
                      Reduce Output Operator
                        key expressions: _col0 (type: string), _col1 (type: string), _col2 (type: bigint)
                        null sort order: zzz
                        sort order: +++
                        Map-reduce partition columns: _col0 (type: string), _col1 (type: string), _col2 (type: bigint)
                        Statistics: Num rows: 2 Data size: 736 Basic stats: COMPLETE Column stats: NONE
            Execution mode: llap
            LLAP IO: all inputs
        Reducer 2 
            Execution mode: llap
            Reduce Operator Tree:
              Group By Operator
                keys: KEY._col0 (type: string), KEY._col1 (type: string), KEY._col2 (type: bigint)
                mode: mergepartial
                outputColumnNames: _col0, _col1
                Statistics: Num rows: 1 Data size: 368 Basic stats: COMPLETE Column stats: NONE
                pruneGroupingSetId: true
                File Output Operator
                  compressed: false
                  Statistics: Num rows: 1 Data size: 368 Basic stats: COMPLETE Column stats: NONE
                  table:
                      input format: org.apache.hadoop.mapred.SequenceFileInputFormat
                      output format: org.apache.hadoop.hive.ql.io.HiveSequenceFileOutputFormat
                      serde: org.apache.hadoop.hive.serde2.lazy.LazySimpleSerDe

  Stage: Stage-0
    Fetch Operator
      limit: -1
      Processor Tree:
        ListSink

PREHOOK: query: SELECT a, b FROM
(SELECT a, b from T1_n75 group by a, b grouping sets ( (a,b),a )) res
WHERE res.a=5
PREHOOK: type: QUERY
PREHOOK: Input: default@t1_n75
#### A masked pattern was here ####
POSTHOOK: query: SELECT a, b FROM
(SELECT a, b from T1_n75 group by a, b grouping sets ( (a,b),a )) res
WHERE res.a=5
POSTHOOK: type: QUERY
POSTHOOK: Input: default@t1_n75
#### A masked pattern was here ####
5	2
5	NULL
