PREHOOK: query: CREATE TABLE dest1_n106(key INT, value STRING) STORED AS TEXTFILE
PREHOOK: type: CREATETABLE
PREHOOK: Output: database:default
PREHOOK: Output: default@dest1_n106
POSTHOOK: query: CREATE TABLE dest1_n106(key INT, value STRING) STORED AS TEXTFILE
POSTHOOK: type: CREATETABLE
POSTHOOK: Output: database:default
POSTHOOK: Output: default@dest1_n106
PREHOOK: query: EXPLAIN
FROM src
INSERT OVERWRITE TABLE dest1_n106 SELECT COUNT(src.key), COUNT(DISTINCT value) GROUP BY src.key
PREHOOK: type: QUERY
PREHOOK: Input: default@src
PREHOOK: Output: default@dest1_n106
POSTHOOK: query: EXPLAIN
FROM src
INSERT OVERWRITE TABLE dest1_n106 SELECT COUNT(src.key), COUNT(DISTINCT value) GROUP BY src.key
POSTHOOK: type: QUERY
POSTHOOK: Input: default@src
POSTHOOK: Output: default@dest1_n106
STAGE DEPENDENCIES:
  Stage-1 is a root stage
  Stage-2 depends on stages: Stage-1
  Stage-0 depends on stages: Stage-2
  Stage-3 depends on stages: Stage-0

STAGE PLANS:
  Stage: Stage-1
    Tez
#### A masked pattern was here ####
      Edges:
        Reducer 2 <- Map 1 (SIMPLE_EDGE)
        Reducer 3 <- Reducer 2 (CUSTOM_SIMPLE_EDGE)
#### A masked pattern was here ####
      Vertices:
        Map 1 
            Map Operator Tree:
                TableScan
                  alias: src
                  Statistics: Num rows: 500 Data size: 89000 Basic stats: COMPLETE Column stats: COMPLETE
                  Select Operator
                    expressions: key (type: string), value (type: string)
                    outputColumnNames: key, value
                    Statistics: Num rows: 500 Data size: 89000 Basic stats: COMPLETE Column stats: COMPLETE
                    Reduce Output Operator
                      key expressions: key (type: string), value (type: string)
                      null sort order: zz
                      sort order: ++
                      Map-reduce partition columns: key (type: string)
                      Statistics: Num rows: 500 Data size: 89000 Basic stats: COMPLETE Column stats: COMPLETE
            Execution mode: vectorized, llap
            LLAP IO: all inputs
        Reducer 2 
            Execution mode: llap
            Reduce Operator Tree:
              Group By Operator
                aggregations: count(KEY._col0), count(DISTINCT KEY._col1:0._col0)
                keys: KEY._col0 (type: string)
                mode: complete
                outputColumnNames: _col0, _col1, _col2
                Statistics: Num rows: 316 Data size: 32548 Basic stats: COMPLETE Column stats: COMPLETE
                Select Operator
                  expressions: UDFToInteger(_col1) (type: int), CAST( _col2 AS STRING) (type: string)
                  outputColumnNames: _col0, _col1
                  Statistics: Num rows: 316 Data size: 59408 Basic stats: COMPLETE Column stats: COMPLETE
                  File Output Operator
                    compressed: false
                    Statistics: Num rows: 316 Data size: 59408 Basic stats: COMPLETE Column stats: COMPLETE
                    table:
                        input format: org.apache.hadoop.mapred.TextInputFormat
                        output format: org.apache.hadoop.hive.ql.io.HiveIgnoreKeyTextOutputFormat
                        serde: org.apache.hadoop.hive.serde2.lazy.LazySimpleSerDe
                        name: default.dest1_n106
                  Select Operator
                    expressions: _col0 (type: int), _col1 (type: string)
                    outputColumnNames: key, value
                    Statistics: Num rows: 316 Data size: 59408 Basic stats: COMPLETE Column stats: COMPLETE
                    Reduce Output Operator
                      null sort order: 
                      sort order: 
                      Statistics: Num rows: 316 Data size: 59408 Basic stats: COMPLETE Column stats: COMPLETE
                      value expressions: key (type: int), length(value) (type: int), COALESCE(length(value),0) (type: int), value (type: string)
        Reducer 3 
            Execution mode: vectorized, llap
            Reduce Operator Tree:
              Group By Operator
                aggregations: min(VALUE._col0), max(VALUE._col0), count(1), count(VALUE._col0), compute_bit_vector_hll(VALUE._col0), max(VALUE._col2), avg(VALUE._col3), count(VALUE._col4), compute_bit_vector_hll(VALUE._col4)
                mode: complete
                outputColumnNames: _col0, _col1, _col2, _col3, _col4, _col5, _col6, _col7, _col8
                Statistics: Num rows: 1 Data size: 332 Basic stats: COMPLETE Column stats: COMPLETE
                Select Operator
                  expressions: 'LONG' (type: string), UDFToLong(_col0) (type: bigint), UDFToLong(_col1) (type: bigint), (_col2 - _col3) (type: bigint), COALESCE(ndv_compute_bit_vector(_col4),0) (type: bigint), _col4 (type: binary), 'STRING' (type: string), UDFToLong(COALESCE(_col5,0)) (type: bigint), COALESCE(_col6,0) (type: double), (_col2 - _col7) (type: bigint), COALESCE(ndv_compute_bit_vector(_col8),0) (type: bigint), _col8 (type: binary)
                  outputColumnNames: _col0, _col1, _col2, _col3, _col4, _col5, _col6, _col7, _col8, _col9, _col10, _col11
                  Statistics: Num rows: 1 Data size: 530 Basic stats: COMPLETE Column stats: COMPLETE
                  File Output Operator
                    compressed: false
                    Statistics: Num rows: 1 Data size: 530 Basic stats: COMPLETE Column stats: COMPLETE
                    table:
                        input format: org.apache.hadoop.mapred.SequenceFileInputFormat
                        output format: org.apache.hadoop.hive.ql.io.HiveSequenceFileOutputFormat
                        serde: org.apache.hadoop.hive.serde2.lazy.LazySimpleSerDe

  Stage: Stage-2
    Dependency Collection

  Stage: Stage-0
    Move Operator
      tables:
          replace: true
          table:
              input format: org.apache.hadoop.mapred.TextInputFormat
              output format: org.apache.hadoop.hive.ql.io.HiveIgnoreKeyTextOutputFormat
              serde: org.apache.hadoop.hive.serde2.lazy.LazySimpleSerDe
              name: default.dest1_n106

  Stage: Stage-3
    Stats Work
      Basic Stats Work:
      Column Stats Desc:
          Columns: key, value
          Column Types: int, string
          Table: default.dest1_n106

PREHOOK: query: FROM src
INSERT OVERWRITE TABLE dest1_n106 SELECT COUNT(src.key), COUNT(DISTINCT value) GROUP BY src.key
PREHOOK: type: QUERY
PREHOOK: Input: default@src
PREHOOK: Output: default@dest1_n106
POSTHOOK: query: FROM src
INSERT OVERWRITE TABLE dest1_n106 SELECT COUNT(src.key), COUNT(DISTINCT value) GROUP BY src.key
POSTHOOK: type: QUERY
POSTHOOK: Input: default@src
POSTHOOK: Output: default@dest1_n106
POSTHOOK: Lineage: dest1_n106.key EXPRESSION [(src)src.FieldSchema(name:key, type:string, comment:default), ]
POSTHOOK: Lineage: dest1_n106.value EXPRESSION [(src)src.FieldSchema(name:value, type:string, comment:default), ]
PREHOOK: query: SELECT dest1_n106.* FROM dest1_n106
PREHOOK: type: QUERY
PREHOOK: Input: default@dest1_n106
#### A masked pattern was here ####
POSTHOOK: query: SELECT dest1_n106.* FROM dest1_n106
POSTHOOK: type: QUERY
POSTHOOK: Input: default@dest1_n106
#### A masked pattern was here ####
3	1
1	1
2	1
2	1
2	1
1	1
1	1
1	1
2	1
1	1
1	1
2	1
3	1
2	1
2	1
2	1
1	1
3	1
2	1
1	1
1	1
2	1
1	1
2	1
4	1
1	1
1	1
2	1
2	1
2	1
1	1
2	1
1	1
1	1
1	1
1	1
1	1
1	1
1	1
1	1
2	1
2	1
1	1
3	1
1	1
4	1
1	1
1	1
2	1
2	1
2	1
2	1
1	1
1	1
2	1
2	1
1	1
1	1
1	1
1	1
3	1
1	1
1	1
1	1
2	1
1	1
3	1
1	1
2	1
1	1
2	1
3	1
1	1
1	1
2	1
1	1
1	1
2	1
2	1
2	1
3	1
2	1
2	1
1	1
2	1
2	1
1	1
2	1
2	1
1	1
2	1
2	1
1	1
1	1
2	1
5	1
2	1
1	1
2	1
2	1
2	1
2	1
1	1
2	1
1	1
1	1
1	1
1	1
1	1
2	1
2	1
1	1
1	1
2	1
1	1
1	1
1	1
2	1
1	1
1	1
2	1
3	1
1	1
1	1
4	1
2	1
1	1
2	1
2	1
2	1
1	1
1	1
1	1
1	1
1	1
2	1
1	1
1	1
1	1
1	1
3	1
1	1
1	1
1	1
1	1
2	1
1	1
2	1
1	1
3	1
1	1
3	1
2	1
3	1
2	1
2	1
1	1
2	1
3	1
1	1
2	1
1	1
2	1
1	1
1	1
1	1
1	1
1	1
1	1
2	1
2	1
1	1
5	1
3	1
1	1
2	1
1	1
1	1
1	1
1	1
1	1
1	1
2	1
1	1
3	1
2	1
1	1
1	1
1	1
1	1
1	1
1	1
2	1
3	1
1	1
1	1
1	1
1	1
1	1
2	1
3	1
2	1
2	1
1	1
1	1
5	1
1	1
3	1
2	1
4	1
1	1
3	1
1	1
1	1
2	1
2	1
3	1
1	1
1	1
2	1
1	1
2	1
1	1
2	1
1	1
3	1
3	1
1	1
1	1
1	1
1	1
3	1
2	1
1	1
1	1
1	1
1	1
1	1
1	1
1	1
1	1
3	1
1	1
1	1
2	1
2	1
1	1
2	1
2	1
3	1
1	1
4	1
5	1
1	1
1	1
1	1
1	1
1	1
2	1
1	1
3	1
1	1
1	1
1	1
1	1
1	1
1	1
4	1
1	1
1	1
2	1
1	1
1	1
1	1
1	1
1	1
3	1
3	1
2	1
1	1
1	1
1	1
2	1
1	1
1	1
1	1
2	1
1	1
3	1
2	1
1	1
2	1
1	1
1	1
1	1
1	1
1	1
2	1
2	1
1	1
1	1
1	1
1	1
3	1
1	1
2	1
1	1
2	1
2	1
