PREHOOK: query: EXPLAIN
SELECT src.key, sum(substr(src.value,5)) FROM src GROUP BY src.key ORDER BY src.key LIMIT 5
PREHOOK: type: QUERY
PREHOOK: Input: default@src
#### A masked pattern was here ####
POSTHOOK: query: EXPLAIN
SELECT src.key, sum(substr(src.value,5)) FROM src GROUP BY src.key ORDER BY src.key LIMIT 5
POSTHOOK: type: QUERY
POSTHOOK: Input: default@src
#### A masked pattern was here ####
STAGE DEPENDENCIES:
  Stage-1 is a root stage
  Stage-0 depends on stages: Stage-1

STAGE PLANS:
  Stage: Stage-1
    Tez
#### A masked pattern was here ####
      Edges:
        Reducer 2 <- Map 1 (SIMPLE_EDGE)
        Reducer 3 <- Reducer 2 (SIMPLE_EDGE)
#### A masked pattern was here ####
      Vertices:
        Map 1 
            Map Operator Tree:
                TableScan
                  alias: src
                  Statistics: Num rows: 500 Data size: 89000 Basic stats: COMPLETE Column stats: COMPLETE
                  Top N Key Operator
                    sort order: +
                    keys: key (type: string)
                    null sort order: z
                    Statistics: Num rows: 500 Data size: 89000 Basic stats: COMPLETE Column stats: COMPLETE
                    top n: 5
                    Select Operator
                      expressions: key (type: string), substr(value, 5) (type: string)
                      outputColumnNames: _col0, _col1
                      Statistics: Num rows: 500 Data size: 89000 Basic stats: COMPLETE Column stats: COMPLETE
                      Group By Operator
                        aggregations: sum(_col1)
                        keys: _col0 (type: string)
                        minReductionHashAggr: 0.4
                        mode: hash
                        outputColumnNames: _col0, _col1
                        Statistics: Num rows: 316 Data size: 30020 Basic stats: COMPLETE Column stats: COMPLETE
                        Reduce Output Operator
                          key expressions: _col0 (type: string)
                          null sort order: z
                          sort order: +
                          Map-reduce partition columns: _col0 (type: string)
                          Statistics: Num rows: 316 Data size: 30020 Basic stats: COMPLETE Column stats: COMPLETE
                          value expressions: _col1 (type: double)
            Execution mode: llap
            LLAP IO: all inputs
        Reducer 2 
            Execution mode: vectorized, llap
            Reduce Operator Tree:
              Group By Operator
                aggregations: sum(VALUE._col0)
                keys: KEY._col0 (type: string)
                mode: mergepartial
                outputColumnNames: _col0, _col1
                Statistics: Num rows: 316 Data size: 30020 Basic stats: COMPLETE Column stats: COMPLETE
                Reduce Output Operator
                  key expressions: _col0 (type: string)
                  null sort order: z
                  sort order: +
                  Statistics: Num rows: 316 Data size: 30020 Basic stats: COMPLETE Column stats: COMPLETE
                  value expressions: _col1 (type: double)
        Reducer 3 
            Execution mode: vectorized, llap
            Reduce Operator Tree:
              Select Operator
                expressions: KEY.reducesinkkey0 (type: string), VALUE._col0 (type: double)
                outputColumnNames: _col0, _col1
                Statistics: Num rows: 316 Data size: 30020 Basic stats: COMPLETE Column stats: COMPLETE
                Limit
                  Number of rows: 5
                  Statistics: Num rows: 5 Data size: 475 Basic stats: COMPLETE Column stats: COMPLETE
                  File Output Operator
                    compressed: false
                    Statistics: Num rows: 5 Data size: 475 Basic stats: COMPLETE Column stats: COMPLETE
                    table:
                        input format: org.apache.hadoop.mapred.SequenceFileInputFormat
                        output format: org.apache.hadoop.hive.ql.io.HiveSequenceFileOutputFormat
                        serde: org.apache.hadoop.hive.serde2.lazy.LazySimpleSerDe

  Stage: Stage-0
    Fetch Operator
      limit: 5
      Processor Tree:
        ListSink

PREHOOK: query: SELECT src.key, sum(substr(src.value,5)) FROM src GROUP BY src.key ORDER BY src.key LIMIT 5
PREHOOK: type: QUERY
PREHOOK: Input: default@src
#### A masked pattern was here ####
POSTHOOK: query: SELECT src.key, sum(substr(src.value,5)) FROM src GROUP BY src.key ORDER BY src.key LIMIT 5
POSTHOOK: type: QUERY
POSTHOOK: Input: default@src
#### A masked pattern was here ####
0	0.0
10	10.0
100	200.0
103	206.0
104	208.0
