PREHOOK: query: CREATE TABLE dest1_n92(c1 STRING) STORED AS TEXTFILE
PREHOOK: type: CREATETABLE
PREHOOK: Output: database:default
PREHOOK: Output: default@dest1_n92
POSTHOOK: query: CREATE TABLE dest1_n92(c1 STRING) STORED AS TEXTFILE
POSTHOOK: type: CREATETABLE
POSTHOOK: Output: database:default
POSTHOOK: Output: default@dest1_n92
PREHOOK: query: EXPLAIN
FROM src
INSERT OVERWRITE TABLE dest1_n92 SELECT DISTINCT substr(src.value,5,1)
PREHOOK: type: QUERY
PREHOOK: Input: default@src
PREHOOK: Output: default@dest1_n92
POSTHOOK: query: EXPLAIN
FROM src
INSERT OVERWRITE TABLE dest1_n92 SELECT DISTINCT substr(src.value,5,1)
POSTHOOK: type: QUERY
POSTHOOK: Input: default@src
POSTHOOK: Output: default@dest1_n92
STAGE DEPENDENCIES:
  Stage-1 is a root stage
  Stage-2 depends on stages: Stage-1
  Stage-0 depends on stages: Stage-2
  Stage-3 depends on stages: Stage-0

STAGE PLANS:
  Stage: Stage-1
    Tez
#### A masked pattern was here ####
      Edges:
        Reducer 2 <- Map 1 (SIMPLE_EDGE)
        Reducer 3 <- Reducer 2 (SIMPLE_EDGE)
        Reducer 4 <- Reducer 3 (CUSTOM_SIMPLE_EDGE)
        Reducer 5 <- Reducer 4 (CUSTOM_SIMPLE_EDGE)
#### A masked pattern was here ####
      Vertices:
        Map 1 
            Map Operator Tree:
                TableScan
                  alias: src
                  Statistics: Num rows: 500 Data size: 45500 Basic stats: COMPLETE Column stats: COMPLETE
                  Select Operator
                    expressions: substr(value, 5, 1) (type: string)
                    outputColumnNames: _col0
                    Statistics: Num rows: 500 Data size: 45500 Basic stats: COMPLETE Column stats: COMPLETE
                    Reduce Output Operator
                      key expressions: _col0 (type: string)
                      null sort order: z
                      sort order: +
                      Map-reduce partition columns: rand() (type: double)
                      Statistics: Num rows: 500 Data size: 45500 Basic stats: COMPLETE Column stats: COMPLETE
            Execution mode: vectorized, llap
            LLAP IO: all inputs
        Reducer 2 
            Execution mode: vectorized, llap
            Reduce Operator Tree:
              Group By Operator
                keys: KEY._col0 (type: string)
                mode: partial1
                outputColumnNames: _col0
                Statistics: Num rows: 500 Data size: 42500 Basic stats: COMPLETE Column stats: COMPLETE
                Reduce Output Operator
                  key expressions: _col0 (type: string)
                  null sort order: z
                  sort order: +
                  Map-reduce partition columns: _col0 (type: string)
                  Statistics: Num rows: 500 Data size: 42500 Basic stats: COMPLETE Column stats: COMPLETE
        Reducer 3 
            Execution mode: vectorized, llap
            Reduce Operator Tree:
              Group By Operator
                keys: KEY._col0 (type: string)
                mode: final
                outputColumnNames: _col0
                Statistics: Num rows: 307 Data size: 26095 Basic stats: COMPLETE Column stats: COMPLETE
                File Output Operator
                  compressed: false
                  Statistics: Num rows: 307 Data size: 26095 Basic stats: COMPLETE Column stats: COMPLETE
                  table:
                      input format: org.apache.hadoop.mapred.TextInputFormat
                      output format: org.apache.hadoop.hive.ql.io.HiveIgnoreKeyTextOutputFormat
                      serde: org.apache.hadoop.hive.serde2.lazy.LazySimpleSerDe
                      name: default.dest1_n92
                Select Operator
                  expressions: _col0 (type: string)
                  outputColumnNames: c1
                  Statistics: Num rows: 307 Data size: 26095 Basic stats: COMPLETE Column stats: COMPLETE
                  Reduce Output Operator
                    null sort order: 
                    sort order: 
                    Map-reduce partition columns: rand() (type: double)
                    Statistics: Num rows: 307 Data size: 26095 Basic stats: COMPLETE Column stats: COMPLETE
                    value expressions: length(c1) (type: int), COALESCE(length(c1),0) (type: int), c1 (type: string)
        Reducer 4 
            Execution mode: vectorized, llap
            Reduce Operator Tree:
              Group By Operator
                aggregations: max(VALUE._col0), avg(VALUE._col1), count(1), count(VALUE._col3), compute_bit_vector_hll(VALUE._col3)
                mode: partial1
                outputColumnNames: _col0, _col1, _col2, _col3, _col4
                Statistics: Num rows: 1 Data size: 240 Basic stats: COMPLETE Column stats: COMPLETE
                Reduce Output Operator
                  null sort order: 
                  sort order: 
                  Statistics: Num rows: 1 Data size: 240 Basic stats: COMPLETE Column stats: COMPLETE
                  value expressions: _col0 (type: int), _col1 (type: struct<count:bigint,sum:double,input:int>), _col2 (type: bigint), _col3 (type: bigint), _col4 (type: binary)
        Reducer 5 
            Execution mode: vectorized, llap
            Reduce Operator Tree:
              Group By Operator
                aggregations: max(VALUE._col0), avg(VALUE._col1), count(VALUE._col2), count(VALUE._col3), compute_bit_vector_hll(VALUE._col4)
                mode: final
                outputColumnNames: _col0, _col1, _col2, _col3, _col4
                Statistics: Num rows: 1 Data size: 172 Basic stats: COMPLETE Column stats: COMPLETE
                Select Operator
                  expressions: 'STRING' (type: string), UDFToLong(COALESCE(_col0,0)) (type: bigint), COALESCE(_col1,0) (type: double), (_col2 - _col3) (type: bigint), COALESCE(ndv_compute_bit_vector(_col4),0) (type: bigint), _col4 (type: binary)
                  outputColumnNames: _col0, _col1, _col2, _col3, _col4, _col5
                  Statistics: Num rows: 1 Data size: 266 Basic stats: COMPLETE Column stats: COMPLETE
                  File Output Operator
                    compressed: false
                    Statistics: Num rows: 1 Data size: 266 Basic stats: COMPLETE Column stats: COMPLETE
                    table:
                        input format: org.apache.hadoop.mapred.SequenceFileInputFormat
                        output format: org.apache.hadoop.hive.ql.io.HiveSequenceFileOutputFormat
                        serde: org.apache.hadoop.hive.serde2.lazy.LazySimpleSerDe

  Stage: Stage-2
    Dependency Collection

  Stage: Stage-0
    Move Operator
      tables:
          replace: true
          table:
              input format: org.apache.hadoop.mapred.TextInputFormat
              output format: org.apache.hadoop.hive.ql.io.HiveIgnoreKeyTextOutputFormat
              serde: org.apache.hadoop.hive.serde2.lazy.LazySimpleSerDe
              name: default.dest1_n92

  Stage: Stage-3
    Stats Work
      Basic Stats Work:
      Column Stats Desc:
          Columns: c1
          Column Types: string
          Table: default.dest1_n92

PREHOOK: query: FROM src
INSERT OVERWRITE TABLE dest1_n92 SELECT DISTINCT substr(src.value,5,1)
PREHOOK: type: QUERY
PREHOOK: Input: default@src
PREHOOK: Output: default@dest1_n92
POSTHOOK: query: FROM src
INSERT OVERWRITE TABLE dest1_n92 SELECT DISTINCT substr(src.value,5,1)
POSTHOOK: type: QUERY
POSTHOOK: Input: default@src
POSTHOOK: Output: default@dest1_n92
POSTHOOK: Lineage: dest1_n92.c1 EXPRESSION [(src)src.FieldSchema(name:value, type:string, comment:default), ]
PREHOOK: query: SELECT dest1_n92.* FROM dest1_n92
PREHOOK: type: QUERY
PREHOOK: Input: default@dest1_n92
#### A masked pattern was here ####
POSTHOOK: query: SELECT dest1_n92.* FROM dest1_n92
POSTHOOK: type: QUERY
POSTHOOK: Input: default@dest1_n92
#### A masked pattern was here ####
0
1
2
3
4
5
6
7
8
9
