PREHOOK: query: CREATE TABLE grpby_test (int_col_5 INT,
  int_col_7 INT)
PREHOOK: type: CREATETABLE
PREHOOK: Output: database:default
PREHOOK: Output: default@grpby_test
POSTHOOK: query: CREATE TABLE grpby_test (int_col_5 INT,
  int_col_7 INT)
POSTHOOK: type: CREATETABLE
POSTHOOK: Output: database:default
POSTHOOK: Output: default@grpby_test
PREHOOK: query: EXPLAIN
SELECT
int_col_7,
MAX(LEAST(COALESCE(int_col_5, -279),
  COALESCE(int_col_7, 476))) AS int_col
FROM grpby_test
GROUP BY
int_col_7,
int_col_7,
LEAST(COALESCE(int_col_5, -279),
  COALESCE(int_col_7, 476))
PREHOOK: type: QUERY
PREHOOK: Input: default@grpby_test
#### A masked pattern was here ####
POSTHOOK: query: EXPLAIN
SELECT
int_col_7,
MAX(LEAST(COALESCE(int_col_5, -279),
  COALESCE(int_col_7, 476))) AS int_col
FROM grpby_test
GROUP BY
int_col_7,
int_col_7,
LEAST(COALESCE(int_col_5, -279),
  COALESCE(int_col_7, 476))
POSTHOOK: type: QUERY
POSTHOOK: Input: default@grpby_test
#### A masked pattern was here ####
STAGE DEPENDENCIES:
  Stage-1 is a root stage
  Stage-0 depends on stages: Stage-1

STAGE PLANS:
  Stage: Stage-1
    Tez
#### A masked pattern was here ####
      Edges:
        Reducer 2 <- Map 1 (SIMPLE_EDGE)
#### A masked pattern was here ####
      Vertices:
        Map 1 
            Map Operator Tree:
                TableScan
                  alias: grpby_test
                  Statistics: Num rows: 1 Data size: 8 Basic stats: COMPLETE Column stats: NONE
                  Select Operator
                    expressions: int_col_7 (type: int), int_col_7 (type: int), least(if(int_col_5 is not null, int_col_5, -279),if(int_col_7 is not null, int_col_7, 476)) (type: int)
                    outputColumnNames: _col0, _col1, _col2
                    Statistics: Num rows: 1 Data size: 8 Basic stats: COMPLETE Column stats: NONE
                    Group By Operator
                      aggregations: max(_col2)
                      keys: _col0 (type: int), _col1 (type: int), _col2 (type: int)
                      minReductionHashAggr: 0.99
                      mode: hash
                      outputColumnNames: _col0, _col1, _col2, _col3
                      Statistics: Num rows: 1 Data size: 8 Basic stats: COMPLETE Column stats: NONE
                      Reduce Output Operator
                        key expressions: _col0 (type: int), _col1 (type: int), _col2 (type: int)
                        null sort order: zzz
                        sort order: +++
                        Map-reduce partition columns: _col0 (type: int), _col1 (type: int), _col2 (type: int)
                        Statistics: Num rows: 1 Data size: 8 Basic stats: COMPLETE Column stats: NONE
                        value expressions: _col3 (type: int)
            Execution mode: vectorized, llap
            LLAP IO: all inputs
        Reducer 2 
            Execution mode: vectorized, llap
            Reduce Operator Tree:
              Group By Operator
                aggregations: max(VALUE._col0)
                keys: KEY._col0 (type: int), KEY._col1 (type: int), KEY._col2 (type: int)
                mode: mergepartial
                outputColumnNames: _col0, _col1, _col2, _col3
                Statistics: Num rows: 1 Data size: 8 Basic stats: COMPLETE Column stats: NONE
                Select Operator
                  expressions: _col1 (type: int), _col3 (type: int)
                  outputColumnNames: _col0, _col1
                  Statistics: Num rows: 1 Data size: 8 Basic stats: COMPLETE Column stats: NONE
                  File Output Operator
                    compressed: false
                    Statistics: Num rows: 1 Data size: 8 Basic stats: COMPLETE Column stats: NONE
                    table:
                        input format: org.apache.hadoop.mapred.SequenceFileInputFormat
                        output format: org.apache.hadoop.hive.ql.io.HiveSequenceFileOutputFormat
                        serde: org.apache.hadoop.hive.serde2.lazy.LazySimpleSerDe

  Stage: Stage-0
    Fetch Operator
      limit: -1
      Processor Tree:
        ListSink

PREHOOK: query: create table aGBY (i int, j string)
PREHOOK: type: CREATETABLE
PREHOOK: Output: database:default
PREHOOK: Output: default@aGBY
POSTHOOK: query: create table aGBY (i int, j string)
POSTHOOK: type: CREATETABLE
POSTHOOK: Output: database:default
POSTHOOK: Output: default@aGBY
PREHOOK: query: insert into aGBY values ( 1, 'a'),(2,'b')
PREHOOK: type: QUERY
PREHOOK: Input: _dummy_database@_dummy_table
PREHOOK: Output: default@agby
POSTHOOK: query: insert into aGBY values ( 1, 'a'),(2,'b')
POSTHOOK: type: QUERY
POSTHOOK: Input: _dummy_database@_dummy_table
POSTHOOK: Output: default@agby
POSTHOOK: Lineage: agby.i SCRIPT []
POSTHOOK: Lineage: agby.j SCRIPT []
PREHOOK: query: explain cbo select min(j) from aGBY where j='a' group by j
PREHOOK: type: QUERY
PREHOOK: Input: default@agby
#### A masked pattern was here ####
POSTHOOK: query: explain cbo select min(j) from aGBY where j='a' group by j
POSTHOOK: type: QUERY
POSTHOOK: Input: default@agby
#### A masked pattern was here ####
CBO PLAN:
HiveProject(_o__c0=[$1])
  HiveAggregate(group=[{0}], agg#0=[min($0)])
    HiveProject($f0=[CAST(_UTF-16LE'a':VARCHAR(2147483647) CHARACTER SET "UTF-16LE"):VARCHAR(2147483647) CHARACTER SET "UTF-16LE"])
      HiveFilter(condition=[=($1, _UTF-16LE'a')])
        HiveTableScan(table=[[default, agby]], table:alias=[agby])

PREHOOK: query: select min(j) from aGBY where j='a' group by j
PREHOOK: type: QUERY
PREHOOK: Input: default@agby
#### A masked pattern was here ####
POSTHOOK: query: select min(j) from aGBY where j='a' group by j
POSTHOOK: type: QUERY
POSTHOOK: Input: default@agby
#### A masked pattern was here ####
a
PREHOOK: query: drop table aGBY
PREHOOK: type: DROPTABLE
PREHOOK: Input: default@agby
PREHOOK: Output: database:default
PREHOOK: Output: default@agby
POSTHOOK: query: drop table aGBY
POSTHOOK: type: DROPTABLE
POSTHOOK: Input: default@agby
POSTHOOK: Output: database:default
POSTHOOK: Output: default@agby
