PREHOOK: query: CREATE TABLE dest_g2_n3(key STRING, c1 INT, c2 STRING, c3 INT, c4 INT) STORED AS TEXTFILE
PREHOOK: type: CREATETABLE
PREHOOK: Output: database:default
PREHOOK: Output: default@dest_g2_n3
POSTHOOK: query: CREATE TABLE dest_g2_n3(key STRING, c1 INT, c2 STRING, c3 INT, c4 INT) STORED AS TEXTFILE
POSTHOOK: type: CREATETABLE
POSTHOOK: Output: database:default
POSTHOOK: Output: default@dest_g2_n3
PREHOOK: query: EXPLAIN
FROM src
INSERT OVERWRITE TABLE dest_g2_n3 SELECT substr(src.key,1,1), count(DISTINCT substr(src.value,5)), concat(substr(src.key,1,1),sum(substr(src.value,5))), sum(DISTINCT substr(src.value, 5)), count(src.value) GROUP BY substr(src.key,1,1)
PREHOOK: type: QUERY
PREHOOK: Input: default@src
PREHOOK: Output: default@dest_g2_n3
POSTHOOK: query: EXPLAIN
FROM src
INSERT OVERWRITE TABLE dest_g2_n3 SELECT substr(src.key,1,1), count(DISTINCT substr(src.value,5)), concat(substr(src.key,1,1),sum(substr(src.value,5))), sum(DISTINCT substr(src.value, 5)), count(src.value) GROUP BY substr(src.key,1,1)
POSTHOOK: type: QUERY
POSTHOOK: Input: default@src
POSTHOOK: Output: default@dest_g2_n3
STAGE DEPENDENCIES:
  Stage-1 is a root stage
  Stage-2 depends on stages: Stage-1
  Stage-0 depends on stages: Stage-2
  Stage-3 depends on stages: Stage-0

STAGE PLANS:
  Stage: Stage-1
    Tez
#### A masked pattern was here ####
      Edges:
        Reducer 2 <- Map 1 (SIMPLE_EDGE)
        Reducer 3 <- Reducer 2 (CUSTOM_SIMPLE_EDGE)
#### A masked pattern was here ####
      Vertices:
        Map 1 
            Map Operator Tree:
                TableScan
                  alias: src
                  Statistics: Num rows: 500 Data size: 89000 Basic stats: COMPLETE Column stats: COMPLETE
                  Select Operator
                    expressions: substr(key, 1, 1) (type: string), substr(value, 5) (type: string), value (type: string)
                    outputColumnNames: _col0, _col1, _col2
                    Statistics: Num rows: 500 Data size: 89000 Basic stats: COMPLETE Column stats: COMPLETE
                    Reduce Output Operator
                      key expressions: _col0 (type: string), _col1 (type: string)
                      null sort order: zz
                      sort order: ++
                      Map-reduce partition columns: _col0 (type: string)
                      Statistics: Num rows: 500 Data size: 89000 Basic stats: COMPLETE Column stats: COMPLETE
                      value expressions: _col2 (type: string)
            Execution mode: vectorized, llap
            LLAP IO: all inputs
        Reducer 2 
            Execution mode: llap
            Reduce Operator Tree:
              Group By Operator
                aggregations: count(DISTINCT KEY._col1:0._col0), sum(KEY._col1:0._col0), sum(DISTINCT KEY._col1:1._col0), count(VALUE._col0)
                keys: KEY._col0 (type: string)
                mode: complete
                outputColumnNames: _col0, _col1, _col2, _col3, _col4
                Statistics: Num rows: 316 Data size: 36972 Basic stats: COMPLETE Column stats: COMPLETE
                Select Operator
                  expressions: _col0 (type: string), UDFToInteger(_col1) (type: int), concat(_col0, _col2) (type: string), UDFToInteger(_col3) (type: int), UDFToInteger(_col4) (type: int)
                  outputColumnNames: _col0, _col1, _col2, _col3, _col4
                  Statistics: Num rows: 316 Data size: 88796 Basic stats: COMPLETE Column stats: COMPLETE
                  File Output Operator
                    compressed: false
                    Statistics: Num rows: 316 Data size: 88796 Basic stats: COMPLETE Column stats: COMPLETE
                    table:
                        input format: org.apache.hadoop.mapred.TextInputFormat
                        output format: org.apache.hadoop.hive.ql.io.HiveIgnoreKeyTextOutputFormat
                        serde: org.apache.hadoop.hive.serde2.lazy.LazySimpleSerDe
                        name: default.dest_g2_n3
                  Select Operator
                    expressions: _col0 (type: string), _col1 (type: int), _col2 (type: string), _col3 (type: int), _col4 (type: int)
                    outputColumnNames: key, c1, c2, c3, c4
                    Statistics: Num rows: 316 Data size: 88796 Basic stats: COMPLETE Column stats: COMPLETE
                    Reduce Output Operator
                      null sort order: 
                      sort order: 
                      Statistics: Num rows: 316 Data size: 88796 Basic stats: COMPLETE Column stats: COMPLETE
                      value expressions: length(key) (type: int), COALESCE(length(key),0) (type: int), key (type: string), c1 (type: int), length(c2) (type: int), COALESCE(length(c2),0) (type: int), c2 (type: string), c3 (type: int), c4 (type: int)
        Reducer 3 
            Execution mode: vectorized, llap
            Reduce Operator Tree:
              Group By Operator
                aggregations: max(VALUE._col0), avg(VALUE._col1), count(1), count(VALUE._col3), compute_bit_vector_hll(VALUE._col3), min(VALUE._col4), max(VALUE._col4), count(VALUE._col4), compute_bit_vector_hll(VALUE._col4), max(VALUE._col5), avg(VALUE._col6), count(VALUE._col7), compute_bit_vector_hll(VALUE._col7), min(VALUE._col8), max(VALUE._col8), count(VALUE._col8), compute_bit_vector_hll(VALUE._col8), min(VALUE._col9), max(VALUE._col9), count(VALUE._col9), compute_bit_vector_hll(VALUE._col9)
                mode: complete
                outputColumnNames: _col0, _col1, _col2, _col3, _col4, _col5, _col6, _col7, _col8, _col9, _col10, _col11, _col12, _col13, _col14, _col15, _col16, _col17, _col18, _col19, _col20
                Statistics: Num rows: 1 Data size: 816 Basic stats: COMPLETE Column stats: COMPLETE
                Select Operator
                  expressions: 'STRING' (type: string), UDFToLong(COALESCE(_col0,0)) (type: bigint), COALESCE(_col1,0) (type: double), (_col2 - _col3) (type: bigint), COALESCE(ndv_compute_bit_vector(_col4),0) (type: bigint), _col4 (type: binary), 'LONG' (type: string), UDFToLong(_col5) (type: bigint), UDFToLong(_col6) (type: bigint), (_col2 - _col7) (type: bigint), COALESCE(ndv_compute_bit_vector(_col8),0) (type: bigint), _col8 (type: binary), 'STRING' (type: string), UDFToLong(COALESCE(_col9,0)) (type: bigint), COALESCE(_col10,0) (type: double), (_col2 - _col11) (type: bigint), COALESCE(ndv_compute_bit_vector(_col12),0) (type: bigint), _col12 (type: binary), 'LONG' (type: string), UDFToLong(_col13) (type: bigint), UDFToLong(_col14) (type: bigint), (_col2 - _col15) (type: bigint), COALESCE(ndv_compute_bit_vector(_col16),0) (type: bigint), _col16 (type: binary), 'LONG' (type: string), UDFToLong(_col17) (type: bigint), UDFToLong(_col18) (type: bigint), (_col2 - _col19) (type: bigint), COALESCE(ndv_compute_bit_vector(_col20),0) (type: bigint), _col20 (type: binary)
                  outputColumnNames: _col0, _col1, _col2, _col3, _col4, _col5, _col6, _col7, _col8, _col9, _col10, _col11, _col12, _col13, _col14, _col15, _col16, _col17, _col18, _col19, _col20, _col21, _col22, _col23, _col24, _col25, _col26, _col27, _col28, _col29
                  Statistics: Num rows: 1 Data size: 1324 Basic stats: COMPLETE Column stats: COMPLETE
                  File Output Operator
                    compressed: false
                    Statistics: Num rows: 1 Data size: 1324 Basic stats: COMPLETE Column stats: COMPLETE
                    table:
                        input format: org.apache.hadoop.mapred.SequenceFileInputFormat
                        output format: org.apache.hadoop.hive.ql.io.HiveSequenceFileOutputFormat
                        serde: org.apache.hadoop.hive.serde2.lazy.LazySimpleSerDe

  Stage: Stage-2
    Dependency Collection

  Stage: Stage-0
    Move Operator
      tables:
          replace: true
          table:
              input format: org.apache.hadoop.mapred.TextInputFormat
              output format: org.apache.hadoop.hive.ql.io.HiveIgnoreKeyTextOutputFormat
              serde: org.apache.hadoop.hive.serde2.lazy.LazySimpleSerDe
              name: default.dest_g2_n3

  Stage: Stage-3
    Stats Work
      Basic Stats Work:
      Column Stats Desc:
          Columns: key, c1, c2, c3, c4
          Column Types: string, int, string, int, int
          Table: default.dest_g2_n3

PREHOOK: query: FROM src
INSERT OVERWRITE TABLE dest_g2_n3 SELECT substr(src.key,1,1), count(DISTINCT substr(src.value,5)), concat(substr(src.key,1,1),sum(substr(src.value,5))), sum(DISTINCT substr(src.value, 5)), count(src.value) GROUP BY substr(src.key,1,1)
PREHOOK: type: QUERY
PREHOOK: Input: default@src
PREHOOK: Output: default@dest_g2_n3
POSTHOOK: query: FROM src
INSERT OVERWRITE TABLE dest_g2_n3 SELECT substr(src.key,1,1), count(DISTINCT substr(src.value,5)), concat(substr(src.key,1,1),sum(substr(src.value,5))), sum(DISTINCT substr(src.value, 5)), count(src.value) GROUP BY substr(src.key,1,1)
POSTHOOK: type: QUERY
POSTHOOK: Input: default@src
POSTHOOK: Output: default@dest_g2_n3
POSTHOOK: Lineage: dest_g2_n3.c1 EXPRESSION [(src)src.FieldSchema(name:value, type:string, comment:default), ]
POSTHOOK: Lineage: dest_g2_n3.c2 EXPRESSION [(src)src.FieldSchema(name:key, type:string, comment:default), (src)src.FieldSchema(name:value, type:string, comment:default), ]
POSTHOOK: Lineage: dest_g2_n3.c3 EXPRESSION [(src)src.null, ]
POSTHOOK: Lineage: dest_g2_n3.c4 EXPRESSION [(src)src.FieldSchema(name:value, type:string, comment:default), ]
POSTHOOK: Lineage: dest_g2_n3.key EXPRESSION [(src)src.FieldSchema(name:key, type:string, comment:default), ]
PREHOOK: query: SELECT dest_g2_n3.* FROM dest_g2_n3
PREHOOK: type: QUERY
PREHOOK: Input: default@dest_g2_n3
#### A masked pattern was here ####
POSTHOOK: query: SELECT dest_g2_n3.* FROM dest_g2_n3
POSTHOOK: type: QUERY
POSTHOOK: Input: default@dest_g2_n3
#### A masked pattern was here ####
0	1	00.0	0	3
1	71	116414.0	10044	115
2	69	225571.0	15780	111
3	62	332004.0	20119	99
4	74	452763.0	30965	124
5	6	5397.0	278	10
6	5	6398.0	331	6
7	6	7735.0	447	10
8	8	8762.0	595	10
9	7	91047.0	577	12
