PREHOOK: query: create table invites_n0 (id int, foo int, bar int)
PREHOOK: type: CREATETABLE
PREHOOK: Output: database:default
PREHOOK: Output: default@invites_n0
POSTHOOK: query: create table invites_n0 (id int, foo int, bar int)
POSTHOOK: type: CREATETABLE
POSTHOOK: Output: database:default
POSTHOOK: Output: default@invites_n0
PREHOOK: query: explain select * from (select foo, bar from (select bar, foo from invites_n0 c union all select bar, foo from invites_n0 d) b) a group by bar, foo having bar=1
PREHOOK: type: QUERY
PREHOOK: Input: default@invites_n0
#### A masked pattern was here ####
POSTHOOK: query: explain select * from (select foo, bar from (select bar, foo from invites_n0 c union all select bar, foo from invites_n0 d) b) a group by bar, foo having bar=1
POSTHOOK: type: QUERY
POSTHOOK: Input: default@invites_n0
#### A masked pattern was here ####
STAGE DEPENDENCIES:
  Stage-1 is a root stage
  Stage-0 depends on stages: Stage-1

STAGE PLANS:
  Stage: Stage-1
    Tez
#### A masked pattern was here ####
      Edges:
        Map 1 <- Union 2 (CONTAINS)
        Map 4 <- Union 2 (CONTAINS)
        Reducer 3 <- Union 2 (SIMPLE_EDGE)
#### A masked pattern was here ####
      Vertices:
        Map 1 
            Map Operator Tree:
                TableScan
                  alias: c
                  filterExpr: (bar = 1) (type: boolean)
                  Statistics: Num rows: 1 Data size: 8 Basic stats: COMPLETE Column stats: NONE
                  Filter Operator
                    predicate: (bar = 1) (type: boolean)
                    Statistics: Num rows: 1 Data size: 8 Basic stats: COMPLETE Column stats: NONE
                    Select Operator
                      expressions: foo (type: int)
                      outputColumnNames: _col0
                      Statistics: Num rows: 1 Data size: 8 Basic stats: COMPLETE Column stats: NONE
                      Group By Operator
                        keys: _col0 (type: int)
                        minReductionHashAggr: 0.99
                        mode: hash
                        outputColumnNames: _col0
                        Statistics: Num rows: 2 Data size: 16 Basic stats: COMPLETE Column stats: NONE
                        Reduce Output Operator
                          key expressions: _col0 (type: int)
                          null sort order: z
                          sort order: +
                          Map-reduce partition columns: _col0 (type: int)
                          Statistics: Num rows: 2 Data size: 16 Basic stats: COMPLETE Column stats: NONE
            Execution mode: vectorized, llap
            LLAP IO: all inputs
        Map 4 
            Map Operator Tree:
                TableScan
                  alias: d
                  filterExpr: (bar = 1) (type: boolean)
                  Statistics: Num rows: 1 Data size: 8 Basic stats: COMPLETE Column stats: NONE
                  Filter Operator
                    predicate: (bar = 1) (type: boolean)
                    Statistics: Num rows: 1 Data size: 8 Basic stats: COMPLETE Column stats: NONE
                    Select Operator
                      expressions: foo (type: int)
                      outputColumnNames: _col0
                      Statistics: Num rows: 1 Data size: 8 Basic stats: COMPLETE Column stats: NONE
                      Group By Operator
                        keys: _col0 (type: int)
                        minReductionHashAggr: 0.99
                        mode: hash
                        outputColumnNames: _col0
                        Statistics: Num rows: 2 Data size: 16 Basic stats: COMPLETE Column stats: NONE
                        Reduce Output Operator
                          key expressions: _col0 (type: int)
                          null sort order: z
                          sort order: +
                          Map-reduce partition columns: _col0 (type: int)
                          Statistics: Num rows: 2 Data size: 16 Basic stats: COMPLETE Column stats: NONE
            Execution mode: vectorized, llap
            LLAP IO: all inputs
        Reducer 3 
            Execution mode: vectorized, llap
            Reduce Operator Tree:
              Group By Operator
                keys: KEY._col0 (type: int)
                mode: mergepartial
                outputColumnNames: _col0
                Statistics: Num rows: 1 Data size: 8 Basic stats: COMPLETE Column stats: NONE
                Select Operator
                  expressions: _col0 (type: int), 1 (type: int)
                  outputColumnNames: _col0, _col1
                  Statistics: Num rows: 1 Data size: 8 Basic stats: COMPLETE Column stats: NONE
                  File Output Operator
                    compressed: false
                    Statistics: Num rows: 1 Data size: 8 Basic stats: COMPLETE Column stats: NONE
                    table:
                        input format: org.apache.hadoop.mapred.SequenceFileInputFormat
                        output format: org.apache.hadoop.hive.ql.io.HiveSequenceFileOutputFormat
                        serde: org.apache.hadoop.hive.serde2.lazy.LazySimpleSerDe
        Union 2 
            Vertex: Union 2

  Stage: Stage-0
    Fetch Operator
      limit: -1
      Processor Tree:
        ListSink

PREHOOK: query: drop table invites_n0
PREHOOK: type: DROPTABLE
PREHOOK: Input: default@invites_n0
PREHOOK: Output: database:default
PREHOOK: Output: default@invites_n0
POSTHOOK: query: drop table invites_n0
POSTHOOK: type: DROPTABLE
POSTHOOK: Input: default@invites_n0
POSTHOOK: Output: database:default
POSTHOOK: Output: default@invites_n0
