PREHOOK: query: CREATE TABLE TestV1_Staples (
      Item_Count INT,
      Ship_Priority STRING,
      Order_Priority STRING,
      Order_Status STRING,
      Order_Quantity DOUBLE,
      Sales_Total DOUBLE,
      Discount DOUBLE,
      Tax_Rate DOUBLE,
      Ship_Mode STRING,
      Fill_Time DOUBLE,
      Gross_Profit DOUBLE,
      Price DOUBLE,
      Ship_Handle_Cost DOUBLE,
      Employee_Name STRING,
      Employee_Dept STRING,
      Manager_Name STRING,
      Employee_Yrs_Exp DOUBLE,
      Employee_Salary DOUBLE,
      Customer_Name STRING,
      Customer_State STRING,
      Call_Center_Region STRING,
      Customer_Balance DOUBLE,
      Customer_Segment STRING,
      Prod_Type1 STRING,
      Prod_Type2 STRING,
      Prod_Type3 STRING,
      Prod_Type4 STRING,
      Product_Name STRING,
      Product_Container STRING,
      Ship_Promo STRING,
      Supplier_Name STRING,
      Supplier_Balance DOUBLE,
      Supplier_Region STRING,
      Supplier_State STRING,
      Order_ID STRING,
      Order_Year INT,
      Order_Month INT,
      Order_Day INT,
      Order_Date_ STRING,
      Order_Quarter STRING,
      Product_Base_Margin DOUBLE,
      Product_ID STRING,
      Receive_Time DOUBLE,
      Received_Date_ STRING,
      Ship_Date_ STRING,
      Ship_Charge DOUBLE,
      Total_Cycle_Time DOUBLE,
      Product_In_Stock STRING,
      PID INT,
      Market_Segment STRING
      )
PREHOOK: type: CREATETABLE
PREHOOK: Output: database:default
PREHOOK: Output: default@TestV1_Staples
POSTHOOK: query: CREATE TABLE TestV1_Staples (
      Item_Count INT,
      Ship_Priority STRING,
      Order_Priority STRING,
      Order_Status STRING,
      Order_Quantity DOUBLE,
      Sales_Total DOUBLE,
      Discount DOUBLE,
      Tax_Rate DOUBLE,
      Ship_Mode STRING,
      Fill_Time DOUBLE,
      Gross_Profit DOUBLE,
      Price DOUBLE,
      Ship_Handle_Cost DOUBLE,
      Employee_Name STRING,
      Employee_Dept STRING,
      Manager_Name STRING,
      Employee_Yrs_Exp DOUBLE,
      Employee_Salary DOUBLE,
      Customer_Name STRING,
      Customer_State STRING,
      Call_Center_Region STRING,
      Customer_Balance DOUBLE,
      Customer_Segment STRING,
      Prod_Type1 STRING,
      Prod_Type2 STRING,
      Prod_Type3 STRING,
      Prod_Type4 STRING,
      Product_Name STRING,
      Product_Container STRING,
      Ship_Promo STRING,
      Supplier_Name STRING,
      Supplier_Balance DOUBLE,
      Supplier_Region STRING,
      Supplier_State STRING,
      Order_ID STRING,
      Order_Year INT,
      Order_Month INT,
      Order_Day INT,
      Order_Date_ STRING,
      Order_Quarter STRING,
      Product_Base_Margin DOUBLE,
      Product_ID STRING,
      Receive_Time DOUBLE,
      Received_Date_ STRING,
      Ship_Date_ STRING,
      Ship_Charge DOUBLE,
      Total_Cycle_Time DOUBLE,
      Product_In_Stock STRING,
      PID INT,
      Market_Segment STRING
      )
POSTHOOK: type: CREATETABLE
POSTHOOK: Output: database:default
POSTHOOK: Output: default@TestV1_Staples
PREHOOK: query: explain
SELECT customer_name, SUM(customer_balance), SUM(order_quantity) FROM default.testv1_staples s1 GROUP BY customer_name HAVING (
(COUNT(s1.discount) <= 822) AND
(SUM(customer_balance) <= 4074689.000000041)
)
PREHOOK: type: QUERY
PREHOOK: Input: default@testv1_staples
#### A masked pattern was here ####
POSTHOOK: query: explain
SELECT customer_name, SUM(customer_balance), SUM(order_quantity) FROM default.testv1_staples s1 GROUP BY customer_name HAVING (
(COUNT(s1.discount) <= 822) AND
(SUM(customer_balance) <= 4074689.000000041)
)
POSTHOOK: type: QUERY
POSTHOOK: Input: default@testv1_staples
#### A masked pattern was here ####
STAGE DEPENDENCIES:
  Stage-1 is a root stage
  Stage-0 depends on stages: Stage-1

STAGE PLANS:
  Stage: Stage-1
    Tez
#### A masked pattern was here ####
      Edges:
        Reducer 2 <- Map 1 (SIMPLE_EDGE)
#### A masked pattern was here ####
      Vertices:
        Map 1 
            Map Operator Tree:
                TableScan
                  alias: s1
                  Statistics: Num rows: 1 Data size: 208 Basic stats: COMPLETE Column stats: NONE
                  Select Operator
                    expressions: order_quantity (type: double), discount (type: double), customer_name (type: string), customer_balance (type: double)
                    outputColumnNames: order_quantity, discount, customer_name, customer_balance
                    Statistics: Num rows: 1 Data size: 208 Basic stats: COMPLETE Column stats: NONE
                    Group By Operator
                      aggregations: sum(customer_balance), sum(order_quantity), count(discount)
                      keys: customer_name (type: string)
                      minReductionHashAggr: 0.99
                      mode: hash
                      outputColumnNames: _col0, _col1, _col2, _col3
                      Statistics: Num rows: 1 Data size: 208 Basic stats: COMPLETE Column stats: NONE
                      Reduce Output Operator
                        key expressions: _col0 (type: string)
                        null sort order: z
                        sort order: +
                        Map-reduce partition columns: _col0 (type: string)
                        Statistics: Num rows: 1 Data size: 208 Basic stats: COMPLETE Column stats: NONE
                        value expressions: _col1 (type: double), _col2 (type: double), _col3 (type: bigint)
            Execution mode: vectorized, llap
            LLAP IO: all inputs
        Reducer 2 
            Execution mode: vectorized, llap
            Reduce Operator Tree:
              Group By Operator
                aggregations: sum(VALUE._col0), sum(VALUE._col1), count(VALUE._col2)
                keys: KEY._col0 (type: string)
                mode: mergepartial
                outputColumnNames: _col0, _col1, _col2, _col3
                Statistics: Num rows: 1 Data size: 208 Basic stats: COMPLETE Column stats: NONE
                Filter Operator
                  predicate: ((_col3 <= 822L) and (_col1 <= 4074689.000000041D)) (type: boolean)
                  Statistics: Num rows: 1 Data size: 208 Basic stats: COMPLETE Column stats: NONE
                  Select Operator
                    expressions: _col0 (type: string), _col1 (type: double), _col2 (type: double)
                    outputColumnNames: _col0, _col1, _col2
                    Statistics: Num rows: 1 Data size: 208 Basic stats: COMPLETE Column stats: NONE
                    File Output Operator
                      compressed: false
                      Statistics: Num rows: 1 Data size: 208 Basic stats: COMPLETE Column stats: NONE
                      table:
                          input format: org.apache.hadoop.mapred.SequenceFileInputFormat
                          output format: org.apache.hadoop.hive.ql.io.HiveSequenceFileOutputFormat
                          serde: org.apache.hadoop.hive.serde2.lazy.LazySimpleSerDe

  Stage: Stage-0
    Fetch Operator
      limit: -1
      Processor Tree:
        ListSink

PREHOOK: query: explain
SELECT customer_name, SUM(customer_balance), SUM(order_quantity) FROM default.testv1_staples s1 GROUP BY customer_name HAVING (
(SUM(customer_balance) <= 4074689.000000041)
AND (COUNT(s1.discount) <= 822)
)
PREHOOK: type: QUERY
PREHOOK: Input: default@testv1_staples
#### A masked pattern was here ####
POSTHOOK: query: explain
SELECT customer_name, SUM(customer_balance), SUM(order_quantity) FROM default.testv1_staples s1 GROUP BY customer_name HAVING (
(SUM(customer_balance) <= 4074689.000000041)
AND (COUNT(s1.discount) <= 822)
)
POSTHOOK: type: QUERY
POSTHOOK: Input: default@testv1_staples
#### A masked pattern was here ####
STAGE DEPENDENCIES:
  Stage-1 is a root stage
  Stage-0 depends on stages: Stage-1

STAGE PLANS:
  Stage: Stage-1
    Tez
#### A masked pattern was here ####
      Edges:
        Reducer 2 <- Map 1 (SIMPLE_EDGE)
#### A masked pattern was here ####
      Vertices:
        Map 1 
            Map Operator Tree:
                TableScan
                  alias: s1
                  Statistics: Num rows: 1 Data size: 208 Basic stats: COMPLETE Column stats: NONE
                  Select Operator
                    expressions: order_quantity (type: double), discount (type: double), customer_name (type: string), customer_balance (type: double)
                    outputColumnNames: order_quantity, discount, customer_name, customer_balance
                    Statistics: Num rows: 1 Data size: 208 Basic stats: COMPLETE Column stats: NONE
                    Group By Operator
                      aggregations: sum(customer_balance), sum(order_quantity), count(discount)
                      keys: customer_name (type: string)
                      minReductionHashAggr: 0.99
                      mode: hash
                      outputColumnNames: _col0, _col1, _col2, _col3
                      Statistics: Num rows: 1 Data size: 208 Basic stats: COMPLETE Column stats: NONE
                      Reduce Output Operator
                        key expressions: _col0 (type: string)
                        null sort order: z
                        sort order: +
                        Map-reduce partition columns: _col0 (type: string)
                        Statistics: Num rows: 1 Data size: 208 Basic stats: COMPLETE Column stats: NONE
                        value expressions: _col1 (type: double), _col2 (type: double), _col3 (type: bigint)
            Execution mode: vectorized, llap
            LLAP IO: all inputs
        Reducer 2 
            Execution mode: vectorized, llap
            Reduce Operator Tree:
              Group By Operator
                aggregations: sum(VALUE._col0), sum(VALUE._col1), count(VALUE._col2)
                keys: KEY._col0 (type: string)
                mode: mergepartial
                outputColumnNames: _col0, _col1, _col2, _col3
                Statistics: Num rows: 1 Data size: 208 Basic stats: COMPLETE Column stats: NONE
                Filter Operator
                  predicate: ((_col1 <= 4074689.000000041D) and (_col3 <= 822L)) (type: boolean)
                  Statistics: Num rows: 1 Data size: 208 Basic stats: COMPLETE Column stats: NONE
                  Select Operator
                    expressions: _col0 (type: string), _col1 (type: double), _col2 (type: double)
                    outputColumnNames: _col0, _col1, _col2
                    Statistics: Num rows: 1 Data size: 208 Basic stats: COMPLETE Column stats: NONE
                    File Output Operator
                      compressed: false
                      Statistics: Num rows: 1 Data size: 208 Basic stats: COMPLETE Column stats: NONE
                      table:
                          input format: org.apache.hadoop.mapred.SequenceFileInputFormat
                          output format: org.apache.hadoop.hive.ql.io.HiveSequenceFileOutputFormat
                          serde: org.apache.hadoop.hive.serde2.lazy.LazySimpleSerDe

  Stage: Stage-0
    Fetch Operator
      limit: -1
      Processor Tree:
        ListSink

PREHOOK: query: explain
SELECT s1.customer_name FROM default.testv1_staples s1 join default.src s2 on s1.customer_name = s2.key
GROUP BY s1.customer_name
HAVING (
(SUM(s1.customer_balance) <= 4074689.000000041)
AND (AVG(s1.discount) <= 822)
AND (COUNT(s2.value) > 4)
)
PREHOOK: type: QUERY
PREHOOK: Input: default@src
PREHOOK: Input: default@testv1_staples
#### A masked pattern was here ####
POSTHOOK: query: explain
SELECT s1.customer_name FROM default.testv1_staples s1 join default.src s2 on s1.customer_name = s2.key
GROUP BY s1.customer_name
HAVING (
(SUM(s1.customer_balance) <= 4074689.000000041)
AND (AVG(s1.discount) <= 822)
AND (COUNT(s2.value) > 4)
)
POSTHOOK: type: QUERY
POSTHOOK: Input: default@src
POSTHOOK: Input: default@testv1_staples
#### A masked pattern was here ####
STAGE DEPENDENCIES:
  Stage-1 is a root stage
  Stage-0 depends on stages: Stage-1

STAGE PLANS:
  Stage: Stage-1
    Tez
#### A masked pattern was here ####
      Edges:
        Reducer 2 <- Map 1 (SIMPLE_EDGE), Map 4 (SIMPLE_EDGE)
        Reducer 3 <- Reducer 2 (SIMPLE_EDGE)
#### A masked pattern was here ####
      Vertices:
        Map 1 
            Map Operator Tree:
                TableScan
                  alias: s1
                  filterExpr: customer_name is not null (type: boolean)
                  Statistics: Num rows: 1 Data size: 200 Basic stats: COMPLETE Column stats: NONE
                  Filter Operator
                    predicate: customer_name is not null (type: boolean)
                    Statistics: Num rows: 1 Data size: 200 Basic stats: COMPLETE Column stats: NONE
                    Select Operator
                      expressions: discount (type: double), customer_name (type: string), customer_balance (type: double)
                      outputColumnNames: _col0, _col1, _col2
                      Statistics: Num rows: 1 Data size: 200 Basic stats: COMPLETE Column stats: NONE
                      Reduce Output Operator
                        key expressions: _col1 (type: string)
                        null sort order: z
                        sort order: +
                        Map-reduce partition columns: _col1 (type: string)
                        Statistics: Num rows: 1 Data size: 200 Basic stats: COMPLETE Column stats: NONE
                        value expressions: _col0 (type: double), _col2 (type: double)
            Execution mode: vectorized, llap
            LLAP IO: all inputs
        Map 4 
            Map Operator Tree:
                TableScan
                  alias: s2
                  filterExpr: key is not null (type: boolean)
                  Statistics: Num rows: 500 Data size: 89000 Basic stats: COMPLETE Column stats: COMPLETE
                  Filter Operator
                    predicate: key is not null (type: boolean)
                    Statistics: Num rows: 500 Data size: 89000 Basic stats: COMPLETE Column stats: COMPLETE
                    Select Operator
                      expressions: key (type: string), value (type: string)
                      outputColumnNames: _col0, _col1
                      Statistics: Num rows: 500 Data size: 89000 Basic stats: COMPLETE Column stats: COMPLETE
                      Reduce Output Operator
                        key expressions: _col0 (type: string)
                        null sort order: z
                        sort order: +
                        Map-reduce partition columns: _col0 (type: string)
                        Statistics: Num rows: 500 Data size: 89000 Basic stats: COMPLETE Column stats: COMPLETE
                        value expressions: _col1 (type: string)
            Execution mode: vectorized, llap
            LLAP IO: all inputs
        Reducer 2 
            Execution mode: llap
            Reduce Operator Tree:
              Merge Join Operator
                condition map:
                     Inner Join 0 to 1
                keys:
                  0 _col1 (type: string)
                  1 _col0 (type: string)
                outputColumnNames: _col0, _col1, _col2, _col4
                Statistics: Num rows: 550 Data size: 97900 Basic stats: COMPLETE Column stats: NONE
                Group By Operator
                  aggregations: sum(_col2), count(_col4), sum(_col0), count(_col0)
                  keys: _col1 (type: string)
                  minReductionHashAggr: 0.99
                  mode: hash
                  outputColumnNames: _col0, _col1, _col2, _col3, _col4
                  Statistics: Num rows: 550 Data size: 97900 Basic stats: COMPLETE Column stats: NONE
                  Reduce Output Operator
                    key expressions: _col0 (type: string)
                    null sort order: z
                    sort order: +
                    Map-reduce partition columns: _col0 (type: string)
                    Statistics: Num rows: 550 Data size: 97900 Basic stats: COMPLETE Column stats: NONE
                    value expressions: _col1 (type: double), _col2 (type: bigint), _col3 (type: double), _col4 (type: bigint)
        Reducer 3 
            Execution mode: vectorized, llap
            Reduce Operator Tree:
              Group By Operator
                aggregations: sum(VALUE._col0), count(VALUE._col1), sum(VALUE._col2), count(VALUE._col3)
                keys: KEY._col0 (type: string)
                mode: mergepartial
                outputColumnNames: _col0, _col1, _col2, _col3, _col4
                Statistics: Num rows: 275 Data size: 48950 Basic stats: COMPLETE Column stats: NONE
                Filter Operator
                  predicate: ((_col1 <= 4074689.000000041D) and (_col2 > 4L) and ((_col3 / _col4) <= 822.0D)) (type: boolean)
                  Statistics: Num rows: 10 Data size: 1780 Basic stats: COMPLETE Column stats: NONE
                  Select Operator
                    expressions: _col0 (type: string)
                    outputColumnNames: _col0
                    Statistics: Num rows: 10 Data size: 1780 Basic stats: COMPLETE Column stats: NONE
                    File Output Operator
                      compressed: false
                      Statistics: Num rows: 10 Data size: 1780 Basic stats: COMPLETE Column stats: NONE
                      table:
                          input format: org.apache.hadoop.mapred.SequenceFileInputFormat
                          output format: org.apache.hadoop.hive.ql.io.HiveSequenceFileOutputFormat
                          serde: org.apache.hadoop.hive.serde2.lazy.LazySimpleSerDe

  Stage: Stage-0
    Fetch Operator
      limit: -1
      Processor Tree:
        ListSink

PREHOOK: query: explain
SELECT s1.customer_name FROM default.testv1_staples s1 join default.src s2 on s1.customer_name = s2.key
GROUP BY s1.customer_name, s1.customer_name
HAVING (
(SUM(s1.customer_balance) <= 4074689.000000041)
AND (AVG(s1.discount) <= 822)
AND (COUNT(s2.value) > 4)
)
PREHOOK: type: QUERY
PREHOOK: Input: default@src
PREHOOK: Input: default@testv1_staples
#### A masked pattern was here ####
POSTHOOK: query: explain
SELECT s1.customer_name FROM default.testv1_staples s1 join default.src s2 on s1.customer_name = s2.key
GROUP BY s1.customer_name, s1.customer_name
HAVING (
(SUM(s1.customer_balance) <= 4074689.000000041)
AND (AVG(s1.discount) <= 822)
AND (COUNT(s2.value) > 4)
)
POSTHOOK: type: QUERY
POSTHOOK: Input: default@src
POSTHOOK: Input: default@testv1_staples
#### A masked pattern was here ####
STAGE DEPENDENCIES:
  Stage-1 is a root stage
  Stage-0 depends on stages: Stage-1

STAGE PLANS:
  Stage: Stage-1
    Tez
#### A masked pattern was here ####
      Edges:
        Reducer 2 <- Map 1 (SIMPLE_EDGE), Map 4 (SIMPLE_EDGE)
        Reducer 3 <- Reducer 2 (SIMPLE_EDGE)
#### A masked pattern was here ####
      Vertices:
        Map 1 
            Map Operator Tree:
                TableScan
                  alias: s1
                  filterExpr: customer_name is not null (type: boolean)
                  Statistics: Num rows: 1 Data size: 200 Basic stats: COMPLETE Column stats: NONE
                  Filter Operator
                    predicate: customer_name is not null (type: boolean)
                    Statistics: Num rows: 1 Data size: 200 Basic stats: COMPLETE Column stats: NONE
                    Select Operator
                      expressions: discount (type: double), customer_name (type: string), customer_balance (type: double)
                      outputColumnNames: _col0, _col1, _col2
                      Statistics: Num rows: 1 Data size: 200 Basic stats: COMPLETE Column stats: NONE
                      Reduce Output Operator
                        key expressions: _col1 (type: string)
                        null sort order: z
                        sort order: +
                        Map-reduce partition columns: _col1 (type: string)
                        Statistics: Num rows: 1 Data size: 200 Basic stats: COMPLETE Column stats: NONE
                        value expressions: _col0 (type: double), _col2 (type: double)
            Execution mode: vectorized, llap
            LLAP IO: all inputs
        Map 4 
            Map Operator Tree:
                TableScan
                  alias: s2
                  filterExpr: key is not null (type: boolean)
                  Statistics: Num rows: 500 Data size: 89000 Basic stats: COMPLETE Column stats: COMPLETE
                  Filter Operator
                    predicate: key is not null (type: boolean)
                    Statistics: Num rows: 500 Data size: 89000 Basic stats: COMPLETE Column stats: COMPLETE
                    Select Operator
                      expressions: key (type: string), value (type: string)
                      outputColumnNames: _col0, _col1
                      Statistics: Num rows: 500 Data size: 89000 Basic stats: COMPLETE Column stats: COMPLETE
                      Reduce Output Operator
                        key expressions: _col0 (type: string)
                        null sort order: z
                        sort order: +
                        Map-reduce partition columns: _col0 (type: string)
                        Statistics: Num rows: 500 Data size: 89000 Basic stats: COMPLETE Column stats: COMPLETE
                        value expressions: _col1 (type: string)
            Execution mode: vectorized, llap
            LLAP IO: all inputs
        Reducer 2 
            Execution mode: llap
            Reduce Operator Tree:
              Merge Join Operator
                condition map:
                     Inner Join 0 to 1
                keys:
                  0 _col1 (type: string)
                  1 _col0 (type: string)
                outputColumnNames: _col0, _col1, _col2, _col4
                Statistics: Num rows: 550 Data size: 97900 Basic stats: COMPLETE Column stats: NONE
                Group By Operator
                  aggregations: sum(_col2), sum(_col0), count(_col0), count(_col4)
                  keys: _col1 (type: string)
                  minReductionHashAggr: 0.99
                  mode: hash
                  outputColumnNames: _col0, _col1, _col2, _col3, _col4
                  Statistics: Num rows: 550 Data size: 97900 Basic stats: COMPLETE Column stats: NONE
                  Reduce Output Operator
                    key expressions: _col0 (type: string)
                    null sort order: z
                    sort order: +
                    Map-reduce partition columns: _col0 (type: string)
                    Statistics: Num rows: 550 Data size: 97900 Basic stats: COMPLETE Column stats: NONE
                    value expressions: _col1 (type: double), _col2 (type: double), _col3 (type: bigint), _col4 (type: bigint)
        Reducer 3 
            Execution mode: vectorized, llap
            Reduce Operator Tree:
              Group By Operator
                aggregations: sum(VALUE._col0), sum(VALUE._col1), count(VALUE._col2), count(VALUE._col3)
                keys: KEY._col0 (type: string)
                mode: mergepartial
                outputColumnNames: _col0, _col1, _col2, _col3, _col4
                Statistics: Num rows: 275 Data size: 48950 Basic stats: COMPLETE Column stats: NONE
                Select Operator
                  expressions: _col0 (type: string), _col1 (type: double), _col2 (type: double), _col3 (type: bigint), _col4 (type: bigint)
                  outputColumnNames: _col1, _col2, _col3, _col4, _col5
                  Statistics: Num rows: 275 Data size: 48950 Basic stats: COMPLETE Column stats: NONE
                  Filter Operator
                    predicate: ((_col2 <= 4074689.000000041D) and (_col5 > 4L) and ((_col3 / _col4) <= 822.0D)) (type: boolean)
                    Statistics: Num rows: 10 Data size: 1780 Basic stats: COMPLETE Column stats: NONE
                    Select Operator
                      expressions: _col1 (type: string)
                      outputColumnNames: _col0
                      Statistics: Num rows: 10 Data size: 1780 Basic stats: COMPLETE Column stats: NONE
                      File Output Operator
                        compressed: false
                        Statistics: Num rows: 10 Data size: 1780 Basic stats: COMPLETE Column stats: NONE
                        table:
                            input format: org.apache.hadoop.mapred.SequenceFileInputFormat
                            output format: org.apache.hadoop.hive.ql.io.HiveSequenceFileOutputFormat
                            serde: org.apache.hadoop.hive.serde2.lazy.LazySimpleSerDe

  Stage: Stage-0
    Fetch Operator
      limit: -1
      Processor Tree:
        ListSink

PREHOOK: query: explain
SELECT distinct s1.customer_name as x, s1.customer_name as y
FROM default.testv1_staples s1 join default.src s2 on s1.customer_name = s2.key
HAVING (
(SUM(s1.customer_balance) <= 4074689.000000041)
AND (AVG(s1.discount) <= 822)
AND (COUNT(s2.value) > 4)
)
PREHOOK: type: QUERY
PREHOOK: Input: default@src
PREHOOK: Input: default@testv1_staples
#### A masked pattern was here ####
POSTHOOK: query: explain
SELECT distinct s1.customer_name as x, s1.customer_name as y
FROM default.testv1_staples s1 join default.src s2 on s1.customer_name = s2.key
HAVING (
(SUM(s1.customer_balance) <= 4074689.000000041)
AND (AVG(s1.discount) <= 822)
AND (COUNT(s2.value) > 4)
)
POSTHOOK: type: QUERY
POSTHOOK: Input: default@src
POSTHOOK: Input: default@testv1_staples
#### A masked pattern was here ####
STAGE DEPENDENCIES:
  Stage-1 is a root stage
  Stage-0 depends on stages: Stage-1

STAGE PLANS:
  Stage: Stage-1
    Tez
#### A masked pattern was here ####
      Edges:
        Reducer 2 <- Map 1 (SIMPLE_EDGE), Map 4 (SIMPLE_EDGE)
        Reducer 3 <- Reducer 2 (SIMPLE_EDGE)
#### A masked pattern was here ####
      Vertices:
        Map 1 
            Map Operator Tree:
                TableScan
                  alias: s1
                  filterExpr: customer_name is not null (type: boolean)
                  Statistics: Num rows: 1 Data size: 200 Basic stats: COMPLETE Column stats: NONE
                  Filter Operator
                    predicate: customer_name is not null (type: boolean)
                    Statistics: Num rows: 1 Data size: 200 Basic stats: COMPLETE Column stats: NONE
                    Select Operator
                      expressions: discount (type: double), customer_name (type: string), customer_balance (type: double)
                      outputColumnNames: _col0, _col1, _col2
                      Statistics: Num rows: 1 Data size: 200 Basic stats: COMPLETE Column stats: NONE
                      Reduce Output Operator
                        key expressions: _col1 (type: string)
                        null sort order: z
                        sort order: +
                        Map-reduce partition columns: _col1 (type: string)
                        Statistics: Num rows: 1 Data size: 200 Basic stats: COMPLETE Column stats: NONE
                        value expressions: _col0 (type: double), _col2 (type: double)
            Execution mode: vectorized, llap
            LLAP IO: all inputs
        Map 4 
            Map Operator Tree:
                TableScan
                  alias: s2
                  filterExpr: key is not null (type: boolean)
                  Statistics: Num rows: 500 Data size: 89000 Basic stats: COMPLETE Column stats: COMPLETE
                  Filter Operator
                    predicate: key is not null (type: boolean)
                    Statistics: Num rows: 500 Data size: 89000 Basic stats: COMPLETE Column stats: COMPLETE
                    Select Operator
                      expressions: key (type: string), value (type: string)
                      outputColumnNames: _col0, _col1
                      Statistics: Num rows: 500 Data size: 89000 Basic stats: COMPLETE Column stats: COMPLETE
                      Reduce Output Operator
                        key expressions: _col0 (type: string)
                        null sort order: z
                        sort order: +
                        Map-reduce partition columns: _col0 (type: string)
                        Statistics: Num rows: 500 Data size: 89000 Basic stats: COMPLETE Column stats: COMPLETE
                        value expressions: _col1 (type: string)
            Execution mode: vectorized, llap
            LLAP IO: all inputs
        Reducer 2 
            Execution mode: llap
            Reduce Operator Tree:
              Merge Join Operator
                condition map:
                     Inner Join 0 to 1
                keys:
                  0 _col1 (type: string)
                  1 _col0 (type: string)
                outputColumnNames: _col0, _col1, _col2, _col4
                Statistics: Num rows: 550 Data size: 97900 Basic stats: COMPLETE Column stats: NONE
                Group By Operator
                  aggregations: sum(_col2), sum(_col0), count(_col0), count(_col4)
                  keys: _col1 (type: string)
                  minReductionHashAggr: 0.99
                  mode: hash
                  outputColumnNames: _col0, _col1, _col2, _col3, _col4
                  Statistics: Num rows: 550 Data size: 97900 Basic stats: COMPLETE Column stats: NONE
                  Reduce Output Operator
                    key expressions: _col0 (type: string)
                    null sort order: z
                    sort order: +
                    Map-reduce partition columns: _col0 (type: string)
                    Statistics: Num rows: 550 Data size: 97900 Basic stats: COMPLETE Column stats: NONE
                    value expressions: _col1 (type: double), _col2 (type: double), _col3 (type: bigint), _col4 (type: bigint)
        Reducer 3 
            Execution mode: vectorized, llap
            Reduce Operator Tree:
              Group By Operator
                aggregations: sum(VALUE._col0), sum(VALUE._col1), count(VALUE._col2), count(VALUE._col3)
                keys: KEY._col0 (type: string)
                mode: mergepartial
                outputColumnNames: _col0, _col1, _col2, _col3, _col4
                Statistics: Num rows: 275 Data size: 48950 Basic stats: COMPLETE Column stats: NONE
                Select Operator
                  expressions: _col0 (type: string), _col1 (type: double), _col2 (type: double), _col3 (type: bigint), _col4 (type: bigint)
                  outputColumnNames: _col1, _col2, _col3, _col4, _col5
                  Statistics: Num rows: 275 Data size: 48950 Basic stats: COMPLETE Column stats: NONE
                  Filter Operator
                    predicate: ((_col2 <= 4074689.000000041D) and (_col5 > 4L) and ((_col3 / _col4) <= 822.0D)) (type: boolean)
                    Statistics: Num rows: 10 Data size: 1780 Basic stats: COMPLETE Column stats: NONE
                    Select Operator
                      expressions: _col1 (type: string), _col1 (type: string)
                      outputColumnNames: _col0, _col1
                      Statistics: Num rows: 10 Data size: 1780 Basic stats: COMPLETE Column stats: NONE
                      File Output Operator
                        compressed: false
                        Statistics: Num rows: 10 Data size: 1780 Basic stats: COMPLETE Column stats: NONE
                        table:
                            input format: org.apache.hadoop.mapred.SequenceFileInputFormat
                            output format: org.apache.hadoop.hive.ql.io.HiveSequenceFileOutputFormat
                            serde: org.apache.hadoop.hive.serde2.lazy.LazySimpleSerDe

  Stage: Stage-0
    Fetch Operator
      limit: -1
      Processor Tree:
        ListSink

