PREHOOK: query: SELECT 1
PREHOOK: type: QUERY
PREHOOK: Input: _dummy_database@_dummy_table
#### A masked pattern was here ####
POSTHOOK: query: SELECT 1
POSTHOOK: type: QUERY
POSTHOOK: Input: _dummy_database@_dummy_table
#### A masked pattern was here ####
1
PREHOOK: query: explain
select count(*) from
(select c.ctinyint
 from alltypesorc c
 inner join alltypesorc cd
 on cd.cint = c.cint
 where c.cint < 2000000000) t1
PREHOOK: type: QUERY
PREHOOK: Input: default@alltypesorc
#### A masked pattern was here ####
POSTHOOK: query: explain
select count(*) from
(select c.ctinyint
 from alltypesorc c
 inner join alltypesorc cd
 on cd.cint = c.cint
 where c.cint < 2000000000) t1
POSTHOOK: type: QUERY
POSTHOOK: Input: default@alltypesorc
#### A masked pattern was here ####
STAGE DEPENDENCIES:
  Stage-1 is a root stage
  Stage-0 depends on stages: Stage-1

STAGE PLANS:
  Stage: Stage-1
    Tez
#### A masked pattern was here ####
      Edges:
        Map 1 <- Map 3 (BROADCAST_EDGE)
        Reducer 2 <- Map 1 (CUSTOM_SIMPLE_EDGE)
#### A masked pattern was here ####
      Vertices:
        Map 1 
            Map Operator Tree:
                TableScan
                  alias: c
                  filterExpr: (cint < 2000000000) (type: boolean)
                  probeDecodeDetails: cacheKey:HASH_MAP_MAPJOIN_29_container, bigKeyColName:cint, smallTablePos:1, keyRatio:2.0131022135416665
                  Statistics: Num rows: 12288 Data size: 36696 Basic stats: COMPLETE Column stats: COMPLETE
                  Filter Operator
                    predicate: (cint < 2000000000) (type: boolean)
                    Statistics: Num rows: 12288 Data size: 36696 Basic stats: COMPLETE Column stats: COMPLETE
                    Select Operator
                      expressions: cint (type: int)
                      outputColumnNames: _col0
                      Statistics: Num rows: 12288 Data size: 36696 Basic stats: COMPLETE Column stats: COMPLETE
                      Map Join Operator
                        condition map:
                             Inner Join 0 to 1
                        keys:
                          0 _col0 (type: int)
                          1 _col0 (type: int)
                        input vertices:
                          1 Map 3
                        Statistics: Num rows: 24737 Data size: 197896 Basic stats: COMPLETE Column stats: COMPLETE
                        Group By Operator
                          aggregations: count()
                          minReductionHashAggr: 0.99
                          mode: hash
                          outputColumnNames: _col0
                          Statistics: Num rows: 1 Data size: 8 Basic stats: COMPLETE Column stats: COMPLETE
                          Reduce Output Operator
                            null sort order: 
                            sort order: 
                            Statistics: Num rows: 1 Data size: 8 Basic stats: COMPLETE Column stats: COMPLETE
                            value expressions: _col0 (type: bigint)
            Execution mode: vectorized, llap
            LLAP IO: all inputs
        Map 3 
            Map Operator Tree:
                TableScan
                  alias: cd
                  filterExpr: (cint < 2000000000) (type: boolean)
                  Statistics: Num rows: 12288 Data size: 36696 Basic stats: COMPLETE Column stats: COMPLETE
                  Filter Operator
                    predicate: (cint < 2000000000) (type: boolean)
                    Statistics: Num rows: 12288 Data size: 36696 Basic stats: COMPLETE Column stats: COMPLETE
                    Select Operator
                      expressions: cint (type: int)
                      outputColumnNames: _col0
                      Statistics: Num rows: 12288 Data size: 36696 Basic stats: COMPLETE Column stats: COMPLETE
                      Reduce Output Operator
                        key expressions: _col0 (type: int)
                        null sort order: z
                        sort order: +
                        Map-reduce partition columns: _col0 (type: int)
                        Statistics: Num rows: 12288 Data size: 36696 Basic stats: COMPLETE Column stats: COMPLETE
            Execution mode: vectorized, llap
            LLAP IO: all inputs
        Reducer 2 
            Execution mode: vectorized, llap
            Reduce Operator Tree:
              Group By Operator
                aggregations: count(VALUE._col0)
                mode: mergepartial
                outputColumnNames: _col0
                Statistics: Num rows: 1 Data size: 8 Basic stats: COMPLETE Column stats: COMPLETE
                File Output Operator
                  compressed: false
                  Statistics: Num rows: 1 Data size: 8 Basic stats: COMPLETE Column stats: COMPLETE
                  table:
                      input format: org.apache.hadoop.mapred.SequenceFileInputFormat
                      output format: org.apache.hadoop.hive.ql.io.HiveSequenceFileOutputFormat
                      serde: org.apache.hadoop.hive.serde2.lazy.LazySimpleSerDe

  Stage: Stage-0
    Fetch Operator
      limit: -1
      Processor Tree:
        ListSink

PREHOOK: query: select count(*) from
(select c.ctinyint
 from alltypesorc c
 inner join alltypesorc cd
 on cd.cint = c.cint
 where c.cint < 2000000000) t1
PREHOOK: type: QUERY
PREHOOK: Input: default@alltypesorc
#### A masked pattern was here ####
POSTHOOK: query: select count(*) from
(select c.ctinyint
 from alltypesorc c
 inner join alltypesorc cd
 on cd.cint = c.cint
 where c.cint < 2000000000) t1
POSTHOOK: type: QUERY
POSTHOOK: Input: default@alltypesorc
#### A masked pattern was here ####
3152013
PREHOOK: query: explain
select count(*) from
(select c.ctinyint
 from alltypesorc c
 inner join alltypesorc cd
 on cd.cint = c.cint
 where c.cint < 2000000000) t1
PREHOOK: type: QUERY
PREHOOK: Input: default@alltypesorc
#### A masked pattern was here ####
POSTHOOK: query: explain
select count(*) from
(select c.ctinyint
 from alltypesorc c
 inner join alltypesorc cd
 on cd.cint = c.cint
 where c.cint < 2000000000) t1
POSTHOOK: type: QUERY
POSTHOOK: Input: default@alltypesorc
#### A masked pattern was here ####
STAGE DEPENDENCIES:
  Stage-1 is a root stage
  Stage-0 depends on stages: Stage-1

STAGE PLANS:
  Stage: Stage-1
    Tez
#### A masked pattern was here ####
      Edges:
        Map 1 <- Map 3 (BROADCAST_EDGE)
        Reducer 2 <- Map 1 (CUSTOM_SIMPLE_EDGE)
#### A masked pattern was here ####
      Vertices:
        Map 1 
            Map Operator Tree:
                TableScan
                  alias: c
                  filterExpr: (cint < 2000000000) (type: boolean)
                  probeDecodeDetails: cacheKey:HASH_MAP_MAPJOIN_29_container, bigKeyColName:cint, smallTablePos:1, keyRatio:2.0131022135416665
                  Statistics: Num rows: 12288 Data size: 36696 Basic stats: COMPLETE Column stats: COMPLETE
                  Filter Operator
                    predicate: (cint < 2000000000) (type: boolean)
                    Statistics: Num rows: 12288 Data size: 36696 Basic stats: COMPLETE Column stats: COMPLETE
                    Select Operator
                      expressions: cint (type: int)
                      outputColumnNames: _col0
                      Statistics: Num rows: 12288 Data size: 36696 Basic stats: COMPLETE Column stats: COMPLETE
                      Map Join Operator
                        condition map:
                             Inner Join 0 to 1
                        keys:
                          0 _col0 (type: int)
                          1 _col0 (type: int)
                        input vertices:
                          1 Map 3
                        Statistics: Num rows: 24737 Data size: 197896 Basic stats: COMPLETE Column stats: COMPLETE
                        Group By Operator
                          aggregations: count()
                          minReductionHashAggr: 0.99
                          mode: hash
                          outputColumnNames: _col0
                          Statistics: Num rows: 1 Data size: 8 Basic stats: COMPLETE Column stats: COMPLETE
                          Reduce Output Operator
                            null sort order: 
                            sort order: 
                            Statistics: Num rows: 1 Data size: 8 Basic stats: COMPLETE Column stats: COMPLETE
                            value expressions: _col0 (type: bigint)
            Execution mode: vectorized, llap
            LLAP IO: all inputs
        Map 3 
            Map Operator Tree:
                TableScan
                  alias: cd
                  filterExpr: (cint < 2000000000) (type: boolean)
                  Statistics: Num rows: 12288 Data size: 36696 Basic stats: COMPLETE Column stats: COMPLETE
                  Filter Operator
                    predicate: (cint < 2000000000) (type: boolean)
                    Statistics: Num rows: 12288 Data size: 36696 Basic stats: COMPLETE Column stats: COMPLETE
                    Select Operator
                      expressions: cint (type: int)
                      outputColumnNames: _col0
                      Statistics: Num rows: 12288 Data size: 36696 Basic stats: COMPLETE Column stats: COMPLETE
                      Reduce Output Operator
                        key expressions: _col0 (type: int)
                        null sort order: z
                        sort order: +
                        Map-reduce partition columns: _col0 (type: int)
                        Statistics: Num rows: 12288 Data size: 36696 Basic stats: COMPLETE Column stats: COMPLETE
            Execution mode: vectorized, llap
            LLAP IO: all inputs
        Reducer 2 
            Execution mode: vectorized, llap
            Reduce Operator Tree:
              Group By Operator
                aggregations: count(VALUE._col0)
                mode: mergepartial
                outputColumnNames: _col0
                Statistics: Num rows: 1 Data size: 8 Basic stats: COMPLETE Column stats: COMPLETE
                File Output Operator
                  compressed: false
                  Statistics: Num rows: 1 Data size: 8 Basic stats: COMPLETE Column stats: COMPLETE
                  table:
                      input format: org.apache.hadoop.mapred.SequenceFileInputFormat
                      output format: org.apache.hadoop.hive.ql.io.HiveSequenceFileOutputFormat
                      serde: org.apache.hadoop.hive.serde2.lazy.LazySimpleSerDe

  Stage: Stage-0
    Fetch Operator
      limit: -1
      Processor Tree:
        ListSink

PREHOOK: query: select count(*) from
(select c.ctinyint
 from alltypesorc c
 inner join alltypesorc cd
 on cd.cint = c.cint
 where c.cint < 2000000000) t1
PREHOOK: type: QUERY
PREHOOK: Input: default@alltypesorc
#### A masked pattern was here ####
POSTHOOK: query: select count(*) from
(select c.ctinyint
 from alltypesorc c
 inner join alltypesorc cd
 on cd.cint = c.cint
 where c.cint < 2000000000) t1
POSTHOOK: type: QUERY
POSTHOOK: Input: default@alltypesorc
#### A masked pattern was here ####
3152013
PREHOOK: query: explain
select count(*) from
(select c.ctinyint
 from alltypesorc c
 inner join alltypesorc cd
 on cd.cint = c.cint) t1
PREHOOK: type: QUERY
PREHOOK: Input: default@alltypesorc
#### A masked pattern was here ####
POSTHOOK: query: explain
select count(*) from
(select c.ctinyint
 from alltypesorc c
 inner join alltypesorc cd
 on cd.cint = c.cint) t1
POSTHOOK: type: QUERY
POSTHOOK: Input: default@alltypesorc
#### A masked pattern was here ####
STAGE DEPENDENCIES:
  Stage-1 is a root stage
  Stage-0 depends on stages: Stage-1

STAGE PLANS:
  Stage: Stage-1
    Tez
#### A masked pattern was here ####
      Edges:
        Map 1 <- Map 3 (BROADCAST_EDGE)
        Reducer 2 <- Map 1 (CUSTOM_SIMPLE_EDGE)
#### A masked pattern was here ####
      Vertices:
        Map 1 
            Map Operator Tree:
                TableScan
                  alias: c
                  filterExpr: cint is not null (type: boolean)
                  probeDecodeDetails: cacheKey:HASH_MAP_MAPJOIN_29_container, bigKeyColName:cint, smallTablePos:1, keyRatio:1.121826171875
                  Statistics: Num rows: 12288 Data size: 36696 Basic stats: COMPLETE Column stats: COMPLETE
                  Filter Operator
                    predicate: cint is not null (type: boolean)
                    Statistics: Num rows: 9173 Data size: 27396 Basic stats: COMPLETE Column stats: COMPLETE
                    Select Operator
                      expressions: cint (type: int)
                      outputColumnNames: _col0
                      Statistics: Num rows: 9173 Data size: 27396 Basic stats: COMPLETE Column stats: COMPLETE
                      Map Join Operator
                        condition map:
                             Inner Join 0 to 1
                        keys:
                          0 _col0 (type: int)
                          1 _col0 (type: int)
                        input vertices:
                          1 Map 3
                        Statistics: Num rows: 13785 Data size: 110280 Basic stats: COMPLETE Column stats: COMPLETE
                        Group By Operator
                          aggregations: count()
                          minReductionHashAggr: 0.99
                          mode: hash
                          outputColumnNames: _col0
                          Statistics: Num rows: 1 Data size: 8 Basic stats: COMPLETE Column stats: COMPLETE
                          Reduce Output Operator
                            null sort order: 
                            sort order: 
                            Statistics: Num rows: 1 Data size: 8 Basic stats: COMPLETE Column stats: COMPLETE
                            value expressions: _col0 (type: bigint)
            Execution mode: vectorized, llap
            LLAP IO: all inputs
        Map 3 
            Map Operator Tree:
                TableScan
                  alias: cd
                  filterExpr: cint is not null (type: boolean)
                  Statistics: Num rows: 12288 Data size: 36696 Basic stats: COMPLETE Column stats: COMPLETE
                  Filter Operator
                    predicate: cint is not null (type: boolean)
                    Statistics: Num rows: 9173 Data size: 27396 Basic stats: COMPLETE Column stats: COMPLETE
                    Select Operator
                      expressions: cint (type: int)
                      outputColumnNames: _col0
                      Statistics: Num rows: 9173 Data size: 27396 Basic stats: COMPLETE Column stats: COMPLETE
                      Reduce Output Operator
                        key expressions: _col0 (type: int)
                        null sort order: z
                        sort order: +
                        Map-reduce partition columns: _col0 (type: int)
                        Statistics: Num rows: 9173 Data size: 27396 Basic stats: COMPLETE Column stats: COMPLETE
            Execution mode: vectorized, llap
            LLAP IO: all inputs
        Reducer 2 
            Execution mode: vectorized, llap
            Reduce Operator Tree:
              Group By Operator
                aggregations: count(VALUE._col0)
                mode: mergepartial
                outputColumnNames: _col0
                Statistics: Num rows: 1 Data size: 8 Basic stats: COMPLETE Column stats: COMPLETE
                File Output Operator
                  compressed: false
                  Statistics: Num rows: 1 Data size: 8 Basic stats: COMPLETE Column stats: COMPLETE
                  table:
                      input format: org.apache.hadoop.mapred.SequenceFileInputFormat
                      output format: org.apache.hadoop.hive.ql.io.HiveSequenceFileOutputFormat
                      serde: org.apache.hadoop.hive.serde2.lazy.LazySimpleSerDe

  Stage: Stage-0
    Fetch Operator
      limit: -1
      Processor Tree:
        ListSink

PREHOOK: query: select count(*) from
(select c.ctinyint
 from alltypesorc c
 inner join alltypesorc cd
 on cd.cint = c.cint) t1
PREHOOK: type: QUERY
PREHOOK: Input: default@alltypesorc
#### A masked pattern was here ####
POSTHOOK: query: select count(*) from
(select c.ctinyint
 from alltypesorc c
 inner join alltypesorc cd
 on cd.cint = c.cint) t1
POSTHOOK: type: QUERY
POSTHOOK: Input: default@alltypesorc
#### A masked pattern was here ####
3152013
PREHOOK: query: explain
select count(*) from
(select c.ctinyint
 from alltypesorc c
 inner join alltypesorc cd
 on cd.cint = c.cint) t1
PREHOOK: type: QUERY
PREHOOK: Input: default@alltypesorc
#### A masked pattern was here ####
POSTHOOK: query: explain
select count(*) from
(select c.ctinyint
 from alltypesorc c
 inner join alltypesorc cd
 on cd.cint = c.cint) t1
POSTHOOK: type: QUERY
POSTHOOK: Input: default@alltypesorc
#### A masked pattern was here ####
STAGE DEPENDENCIES:
  Stage-1 is a root stage
  Stage-0 depends on stages: Stage-1

STAGE PLANS:
  Stage: Stage-1
    Tez
#### A masked pattern was here ####
      Edges:
        Map 1 <- Map 3 (BROADCAST_EDGE)
        Reducer 2 <- Map 1 (CUSTOM_SIMPLE_EDGE)
#### A masked pattern was here ####
      Vertices:
        Map 1 
            Map Operator Tree:
                TableScan
                  alias: c
                  filterExpr: cint is not null (type: boolean)
                  probeDecodeDetails: cacheKey:HASH_MAP_MAPJOIN_29_container, bigKeyColName:cint, smallTablePos:1, keyRatio:1.121826171875
                  Statistics: Num rows: 12288 Data size: 36696 Basic stats: COMPLETE Column stats: COMPLETE
                  Filter Operator
                    predicate: cint is not null (type: boolean)
                    Statistics: Num rows: 9173 Data size: 27396 Basic stats: COMPLETE Column stats: COMPLETE
                    Select Operator
                      expressions: cint (type: int)
                      outputColumnNames: _col0
                      Statistics: Num rows: 9173 Data size: 27396 Basic stats: COMPLETE Column stats: COMPLETE
                      Map Join Operator
                        condition map:
                             Inner Join 0 to 1
                        keys:
                          0 _col0 (type: int)
                          1 _col0 (type: int)
                        input vertices:
                          1 Map 3
                        Statistics: Num rows: 13785 Data size: 110280 Basic stats: COMPLETE Column stats: COMPLETE
                        Group By Operator
                          aggregations: count()
                          minReductionHashAggr: 0.99
                          mode: hash
                          outputColumnNames: _col0
                          Statistics: Num rows: 1 Data size: 8 Basic stats: COMPLETE Column stats: COMPLETE
                          Reduce Output Operator
                            null sort order: 
                            sort order: 
                            Statistics: Num rows: 1 Data size: 8 Basic stats: COMPLETE Column stats: COMPLETE
                            value expressions: _col0 (type: bigint)
            Execution mode: vectorized, llap
            LLAP IO: all inputs
        Map 3 
            Map Operator Tree:
                TableScan
                  alias: cd
                  filterExpr: cint is not null (type: boolean)
                  Statistics: Num rows: 12288 Data size: 36696 Basic stats: COMPLETE Column stats: COMPLETE
                  Filter Operator
                    predicate: cint is not null (type: boolean)
                    Statistics: Num rows: 9173 Data size: 27396 Basic stats: COMPLETE Column stats: COMPLETE
                    Select Operator
                      expressions: cint (type: int)
                      outputColumnNames: _col0
                      Statistics: Num rows: 9173 Data size: 27396 Basic stats: COMPLETE Column stats: COMPLETE
                      Reduce Output Operator
                        key expressions: _col0 (type: int)
                        null sort order: z
                        sort order: +
                        Map-reduce partition columns: _col0 (type: int)
                        Statistics: Num rows: 9173 Data size: 27396 Basic stats: COMPLETE Column stats: COMPLETE
            Execution mode: vectorized, llap
            LLAP IO: all inputs
        Reducer 2 
            Execution mode: vectorized, llap
            Reduce Operator Tree:
              Group By Operator
                aggregations: count(VALUE._col0)
                mode: mergepartial
                outputColumnNames: _col0
                Statistics: Num rows: 1 Data size: 8 Basic stats: COMPLETE Column stats: COMPLETE
                File Output Operator
                  compressed: false
                  Statistics: Num rows: 1 Data size: 8 Basic stats: COMPLETE Column stats: COMPLETE
                  table:
                      input format: org.apache.hadoop.mapred.SequenceFileInputFormat
                      output format: org.apache.hadoop.hive.ql.io.HiveSequenceFileOutputFormat
                      serde: org.apache.hadoop.hive.serde2.lazy.LazySimpleSerDe

  Stage: Stage-0
    Fetch Operator
      limit: -1
      Processor Tree:
        ListSink

PREHOOK: query: select count(*) from
(select c.ctinyint
 from alltypesorc c
 inner join alltypesorc cd
 on cd.cint = c.cint) t1
PREHOOK: type: QUERY
PREHOOK: Input: default@alltypesorc
#### A masked pattern was here ####
POSTHOOK: query: select count(*) from
(select c.ctinyint
 from alltypesorc c
 inner join alltypesorc cd
 on cd.cint = c.cint) t1
POSTHOOK: type: QUERY
POSTHOOK: Input: default@alltypesorc
#### A masked pattern was here ####
3152013
PREHOOK: query: explain
select count(*) from
(select c.ctinyint
 from alltypesorc c
 left outer join alltypesorc cd
 on cd.cint = c.cint) t1
PREHOOK: type: QUERY
PREHOOK: Input: default@alltypesorc
#### A masked pattern was here ####
POSTHOOK: query: explain
select count(*) from
(select c.ctinyint
 from alltypesorc c
 left outer join alltypesorc cd
 on cd.cint = c.cint) t1
POSTHOOK: type: QUERY
POSTHOOK: Input: default@alltypesorc
#### A masked pattern was here ####
STAGE DEPENDENCIES:
  Stage-1 is a root stage
  Stage-0 depends on stages: Stage-1

STAGE PLANS:
  Stage: Stage-1
    Tez
#### A masked pattern was here ####
      Edges:
        Map 1 <- Map 3 (BROADCAST_EDGE)
        Reducer 2 <- Map 1 (CUSTOM_SIMPLE_EDGE)
#### A masked pattern was here ####
      Vertices:
        Map 1 
            Map Operator Tree:
                TableScan
                  alias: c
                  Statistics: Num rows: 12288 Data size: 36696 Basic stats: COMPLETE Column stats: COMPLETE
                  Select Operator
                    expressions: cint (type: int)
                    outputColumnNames: _col0
                    Statistics: Num rows: 12288 Data size: 36696 Basic stats: COMPLETE Column stats: COMPLETE
                    Map Join Operator
                      condition map:
                           Left Outer Join 0 to 1
                      keys:
                        0 _col0 (type: int)
                        1 _col0 (type: int)
                      input vertices:
                        1 Map 3
                      Statistics: Num rows: 18466 Data size: 147728 Basic stats: COMPLETE Column stats: COMPLETE
                      Group By Operator
                        aggregations: count()
                        minReductionHashAggr: 0.99
                        mode: hash
                        outputColumnNames: _col0
                        Statistics: Num rows: 1 Data size: 8 Basic stats: COMPLETE Column stats: COMPLETE
                        Reduce Output Operator
                          null sort order: 
                          sort order: 
                          Statistics: Num rows: 1 Data size: 8 Basic stats: COMPLETE Column stats: COMPLETE
                          value expressions: _col0 (type: bigint)
            Execution mode: vectorized, llap
            LLAP IO: all inputs
        Map 3 
            Map Operator Tree:
                TableScan
                  alias: cd
                  filterExpr: cint is not null (type: boolean)
                  Statistics: Num rows: 12288 Data size: 36696 Basic stats: COMPLETE Column stats: COMPLETE
                  Filter Operator
                    predicate: cint is not null (type: boolean)
                    Statistics: Num rows: 9173 Data size: 27396 Basic stats: COMPLETE Column stats: COMPLETE
                    Select Operator
                      expressions: cint (type: int)
                      outputColumnNames: _col0
                      Statistics: Num rows: 9173 Data size: 27396 Basic stats: COMPLETE Column stats: COMPLETE
                      Reduce Output Operator
                        key expressions: _col0 (type: int)
                        null sort order: z
                        sort order: +
                        Map-reduce partition columns: _col0 (type: int)
                        Statistics: Num rows: 9173 Data size: 27396 Basic stats: COMPLETE Column stats: COMPLETE
            Execution mode: vectorized, llap
            LLAP IO: all inputs
        Reducer 2 
            Execution mode: vectorized, llap
            Reduce Operator Tree:
              Group By Operator
                aggregations: count(VALUE._col0)
                mode: mergepartial
                outputColumnNames: _col0
                Statistics: Num rows: 1 Data size: 8 Basic stats: COMPLETE Column stats: COMPLETE
                File Output Operator
                  compressed: false
                  Statistics: Num rows: 1 Data size: 8 Basic stats: COMPLETE Column stats: COMPLETE
                  table:
                      input format: org.apache.hadoop.mapred.SequenceFileInputFormat
                      output format: org.apache.hadoop.hive.ql.io.HiveSequenceFileOutputFormat
                      serde: org.apache.hadoop.hive.serde2.lazy.LazySimpleSerDe

  Stage: Stage-0
    Fetch Operator
      limit: -1
      Processor Tree:
        ListSink

PREHOOK: query: select count(*) from
(select c.ctinyint
 from alltypesorc c
 left outer join alltypesorc cd
 on cd.cint = c.cint) t1
PREHOOK: type: QUERY
PREHOOK: Input: default@alltypesorc
#### A masked pattern was here ####
POSTHOOK: query: select count(*) from
(select c.ctinyint
 from alltypesorc c
 left outer join alltypesorc cd
 on cd.cint = c.cint) t1
POSTHOOK: type: QUERY
POSTHOOK: Input: default@alltypesorc
#### A masked pattern was here ####
3155128
PREHOOK: query: explain
select count(*) from
(select c.ctinyint
 from alltypesorc c
 left outer join alltypesorc cd
 on cd.cint = c.cint) t1
PREHOOK: type: QUERY
PREHOOK: Input: default@alltypesorc
#### A masked pattern was here ####
POSTHOOK: query: explain
select count(*) from
(select c.ctinyint
 from alltypesorc c
 left outer join alltypesorc cd
 on cd.cint = c.cint) t1
POSTHOOK: type: QUERY
POSTHOOK: Input: default@alltypesorc
#### A masked pattern was here ####
STAGE DEPENDENCIES:
  Stage-1 is a root stage
  Stage-0 depends on stages: Stage-1

STAGE PLANS:
  Stage: Stage-1
    Tez
#### A masked pattern was here ####
      Edges:
        Map 1 <- Map 3 (BROADCAST_EDGE)
        Reducer 2 <- Map 1 (CUSTOM_SIMPLE_EDGE)
#### A masked pattern was here ####
      Vertices:
        Map 1 
            Map Operator Tree:
                TableScan
                  alias: c
                  Statistics: Num rows: 12288 Data size: 36696 Basic stats: COMPLETE Column stats: COMPLETE
                  Select Operator
                    expressions: cint (type: int)
                    outputColumnNames: _col0
                    Statistics: Num rows: 12288 Data size: 36696 Basic stats: COMPLETE Column stats: COMPLETE
                    Map Join Operator
                      condition map:
                           Left Outer Join 0 to 1
                      keys:
                        0 _col0 (type: int)
                        1 _col0 (type: int)
                      input vertices:
                        1 Map 3
                      Statistics: Num rows: 18466 Data size: 147728 Basic stats: COMPLETE Column stats: COMPLETE
                      Group By Operator
                        aggregations: count()
                        minReductionHashAggr: 0.99
                        mode: hash
                        outputColumnNames: _col0
                        Statistics: Num rows: 1 Data size: 8 Basic stats: COMPLETE Column stats: COMPLETE
                        Reduce Output Operator
                          null sort order: 
                          sort order: 
                          Statistics: Num rows: 1 Data size: 8 Basic stats: COMPLETE Column stats: COMPLETE
                          value expressions: _col0 (type: bigint)
            Execution mode: vectorized, llap
            LLAP IO: all inputs
        Map 3 
            Map Operator Tree:
                TableScan
                  alias: cd
                  filterExpr: cint is not null (type: boolean)
                  Statistics: Num rows: 12288 Data size: 36696 Basic stats: COMPLETE Column stats: COMPLETE
                  Filter Operator
                    predicate: cint is not null (type: boolean)
                    Statistics: Num rows: 9173 Data size: 27396 Basic stats: COMPLETE Column stats: COMPLETE
                    Select Operator
                      expressions: cint (type: int)
                      outputColumnNames: _col0
                      Statistics: Num rows: 9173 Data size: 27396 Basic stats: COMPLETE Column stats: COMPLETE
                      Reduce Output Operator
                        key expressions: _col0 (type: int)
                        null sort order: z
                        sort order: +
                        Map-reduce partition columns: _col0 (type: int)
                        Statistics: Num rows: 9173 Data size: 27396 Basic stats: COMPLETE Column stats: COMPLETE
            Execution mode: vectorized, llap
            LLAP IO: all inputs
        Reducer 2 
            Execution mode: vectorized, llap
            Reduce Operator Tree:
              Group By Operator
                aggregations: count(VALUE._col0)
                mode: mergepartial
                outputColumnNames: _col0
                Statistics: Num rows: 1 Data size: 8 Basic stats: COMPLETE Column stats: COMPLETE
                File Output Operator
                  compressed: false
                  Statistics: Num rows: 1 Data size: 8 Basic stats: COMPLETE Column stats: COMPLETE
                  table:
                      input format: org.apache.hadoop.mapred.SequenceFileInputFormat
                      output format: org.apache.hadoop.hive.ql.io.HiveSequenceFileOutputFormat
                      serde: org.apache.hadoop.hive.serde2.lazy.LazySimpleSerDe

  Stage: Stage-0
    Fetch Operator
      limit: -1
      Processor Tree:
        ListSink

PREHOOK: query: select count(*) from
(select c.ctinyint
 from alltypesorc c
 left outer join alltypesorc cd
 on cd.cint = c.cint) t1
PREHOOK: type: QUERY
PREHOOK: Input: default@alltypesorc
#### A masked pattern was here ####
POSTHOOK: query: select count(*) from
(select c.ctinyint
 from alltypesorc c
 left outer join alltypesorc cd
 on cd.cint = c.cint) t1
POSTHOOK: type: QUERY
POSTHOOK: Input: default@alltypesorc
#### A masked pattern was here ####
3155128
PREHOOK: query: create table parttbl (key string, value char(20)) partitioned by (dt char(10))
PREHOOK: type: CREATETABLE
PREHOOK: Output: database:default
PREHOOK: Output: default@parttbl
POSTHOOK: query: create table parttbl (key string, value char(20)) partitioned by (dt char(10))
POSTHOOK: type: CREATETABLE
POSTHOOK: Output: database:default
POSTHOOK: Output: default@parttbl
PREHOOK: query: insert overwrite table parttbl partition(dt='2000-01-01')
  select * from src
PREHOOK: type: QUERY
PREHOOK: Input: default@src
PREHOOK: Output: default@parttbl@dt=2000-01-01
POSTHOOK: query: insert overwrite table parttbl partition(dt='2000-01-01')
  select * from src
POSTHOOK: type: QUERY
POSTHOOK: Input: default@src
POSTHOOK: Output: default@parttbl@dt=2000-01-01
POSTHOOK: Lineage: parttbl PARTITION(dt=2000-01-01).key SIMPLE [(src)src.FieldSchema(name:key, type:string, comment:default), ]
POSTHOOK: Lineage: parttbl PARTITION(dt=2000-01-01).value EXPRESSION [(src)src.FieldSchema(name:value, type:string, comment:default), ]
PREHOOK: query: insert overwrite table parttbl partition(dt='2000-01-02')
  select * from src1
PREHOOK: type: QUERY
PREHOOK: Input: default@src1
PREHOOK: Output: default@parttbl@dt=2000-01-02
POSTHOOK: query: insert overwrite table parttbl partition(dt='2000-01-02')
  select * from src1
POSTHOOK: type: QUERY
POSTHOOK: Input: default@src1
POSTHOOK: Output: default@parttbl@dt=2000-01-02
POSTHOOK: Lineage: parttbl PARTITION(dt=2000-01-02).key SIMPLE [(src1)src1.FieldSchema(name:key, type:string, comment:default), ]
POSTHOOK: Lineage: parttbl PARTITION(dt=2000-01-02).value EXPRESSION [(src1)src1.FieldSchema(name:value, type:string, comment:default), ]
PREHOOK: query: explain
select count(*) from
(select p1.value
 from parttbl p1
 inner join parttbl p2
 on p1.key = p2.key) t1
PREHOOK: type: QUERY
PREHOOK: Input: default@parttbl
PREHOOK: Input: default@parttbl@dt=2000-01-01
PREHOOK: Input: default@parttbl@dt=2000-01-02
#### A masked pattern was here ####
POSTHOOK: query: explain
select count(*) from
(select p1.value
 from parttbl p1
 inner join parttbl p2
 on p1.key = p2.key) t1
POSTHOOK: type: QUERY
POSTHOOK: Input: default@parttbl
POSTHOOK: Input: default@parttbl@dt=2000-01-01
POSTHOOK: Input: default@parttbl@dt=2000-01-02
#### A masked pattern was here ####
STAGE DEPENDENCIES:
  Stage-1 is a root stage
  Stage-0 depends on stages: Stage-1

STAGE PLANS:
  Stage: Stage-1
    Tez
#### A masked pattern was here ####
      Edges:
        Map 1 <- Map 3 (BROADCAST_EDGE)
        Reducer 2 <- Map 1 (CUSTOM_SIMPLE_EDGE)
#### A masked pattern was here ####
      Vertices:
        Map 1 
            Map Operator Tree:
                TableScan
                  alias: p1
                  filterExpr: key is not null (type: boolean)
                  probeDecodeDetails: cacheKey:HASH_MAP_MAPJOIN_29_container, bigKeyColName:key, smallTablePos:1, keyRatio:1.0438095238095237
                  Statistics: Num rows: 525 Data size: 92000 Basic stats: COMPLETE Column stats: NONE
                  Filter Operator
                    predicate: key is not null (type: boolean)
                    Statistics: Num rows: 499 Data size: 87443 Basic stats: COMPLETE Column stats: NONE
                    Select Operator
                      expressions: key (type: string)
                      outputColumnNames: _col0
                      Statistics: Num rows: 499 Data size: 87443 Basic stats: COMPLETE Column stats: NONE
                      Map Join Operator
                        condition map:
                             Inner Join 0 to 1
                        keys:
                          0 _col0 (type: string)
                          1 _col0 (type: string)
                        input vertices:
                          1 Map 3
                        Statistics: Num rows: 548 Data size: 96187 Basic stats: COMPLETE Column stats: NONE
                        Group By Operator
                          aggregations: count()
                          minReductionHashAggr: 0.99
                          mode: hash
                          outputColumnNames: _col0
                          Statistics: Num rows: 1 Data size: 8 Basic stats: COMPLETE Column stats: NONE
                          Reduce Output Operator
                            null sort order: 
                            sort order: 
                            Statistics: Num rows: 1 Data size: 8 Basic stats: COMPLETE Column stats: NONE
                            value expressions: _col0 (type: bigint)
            Execution mode: vectorized, llap
            LLAP IO: all inputs
        Map 3 
            Map Operator Tree:
                TableScan
                  alias: p2
                  filterExpr: key is not null (type: boolean)
                  Statistics: Num rows: 525 Data size: 92000 Basic stats: COMPLETE Column stats: NONE
                  Filter Operator
                    predicate: key is not null (type: boolean)
                    Statistics: Num rows: 499 Data size: 87443 Basic stats: COMPLETE Column stats: NONE
                    Select Operator
                      expressions: key (type: string)
                      outputColumnNames: _col0
                      Statistics: Num rows: 499 Data size: 87443 Basic stats: COMPLETE Column stats: NONE
                      Reduce Output Operator
                        key expressions: _col0 (type: string)
                        null sort order: z
                        sort order: +
                        Map-reduce partition columns: _col0 (type: string)
                        Statistics: Num rows: 499 Data size: 87443 Basic stats: COMPLETE Column stats: NONE
            Execution mode: vectorized, llap
            LLAP IO: all inputs
        Reducer 2 
            Execution mode: vectorized, llap
            Reduce Operator Tree:
              Group By Operator
                aggregations: count(VALUE._col0)
                mode: mergepartial
                outputColumnNames: _col0
                Statistics: Num rows: 1 Data size: 8 Basic stats: COMPLETE Column stats: NONE
                File Output Operator
                  compressed: false
                  Statistics: Num rows: 1 Data size: 8 Basic stats: COMPLETE Column stats: NONE
                  table:
                      input format: org.apache.hadoop.mapred.SequenceFileInputFormat
                      output format: org.apache.hadoop.hive.ql.io.HiveSequenceFileOutputFormat
                      serde: org.apache.hadoop.hive.serde2.lazy.LazySimpleSerDe

  Stage: Stage-0
    Fetch Operator
      limit: -1
      Processor Tree:
        ListSink

PREHOOK: query: select count(*) from
(select p1.value
 from parttbl p1
 inner join parttbl p2
 on p1.key = p2.key) t1
PREHOOK: type: QUERY
PREHOOK: Input: default@parttbl
PREHOOK: Input: default@parttbl@dt=2000-01-01
PREHOOK: Input: default@parttbl@dt=2000-01-02
#### A masked pattern was here ####
POSTHOOK: query: select count(*) from
(select p1.value
 from parttbl p1
 inner join parttbl p2
 on p1.key = p2.key) t1
POSTHOOK: type: QUERY
POSTHOOK: Input: default@parttbl
POSTHOOK: Input: default@parttbl@dt=2000-01-01
POSTHOOK: Input: default@parttbl@dt=2000-01-02
#### A masked pattern was here ####
1217
PREHOOK: query: explain
select count(*) from
(select p1.value
 from parttbl p1
 inner join parttbl p2
 on p1.key = p2.key) t1
PREHOOK: type: QUERY
PREHOOK: Input: default@parttbl
PREHOOK: Input: default@parttbl@dt=2000-01-01
PREHOOK: Input: default@parttbl@dt=2000-01-02
#### A masked pattern was here ####
POSTHOOK: query: explain
select count(*) from
(select p1.value
 from parttbl p1
 inner join parttbl p2
 on p1.key = p2.key) t1
POSTHOOK: type: QUERY
POSTHOOK: Input: default@parttbl
POSTHOOK: Input: default@parttbl@dt=2000-01-01
POSTHOOK: Input: default@parttbl@dt=2000-01-02
#### A masked pattern was here ####
STAGE DEPENDENCIES:
  Stage-1 is a root stage
  Stage-0 depends on stages: Stage-1

STAGE PLANS:
  Stage: Stage-1
    Tez
#### A masked pattern was here ####
      Edges:
        Map 1 <- Map 3 (BROADCAST_EDGE)
        Reducer 2 <- Map 1 (CUSTOM_SIMPLE_EDGE)
#### A masked pattern was here ####
      Vertices:
        Map 1 
            Map Operator Tree:
                TableScan
                  alias: p1
                  filterExpr: key is not null (type: boolean)
                  probeDecodeDetails: cacheKey:HASH_MAP_MAPJOIN_29_container, bigKeyColName:key, smallTablePos:1, keyRatio:1.0438095238095237
                  Statistics: Num rows: 525 Data size: 92000 Basic stats: COMPLETE Column stats: NONE
                  Filter Operator
                    predicate: key is not null (type: boolean)
                    Statistics: Num rows: 499 Data size: 87443 Basic stats: COMPLETE Column stats: NONE
                    Select Operator
                      expressions: key (type: string)
                      outputColumnNames: _col0
                      Statistics: Num rows: 499 Data size: 87443 Basic stats: COMPLETE Column stats: NONE
                      Map Join Operator
                        condition map:
                             Inner Join 0 to 1
                        keys:
                          0 _col0 (type: string)
                          1 _col0 (type: string)
                        input vertices:
                          1 Map 3
                        Statistics: Num rows: 548 Data size: 96187 Basic stats: COMPLETE Column stats: NONE
                        HybridGraceHashJoin: true
                        Group By Operator
                          aggregations: count()
                          minReductionHashAggr: 0.99
                          mode: hash
                          outputColumnNames: _col0
                          Statistics: Num rows: 1 Data size: 8 Basic stats: COMPLETE Column stats: NONE
                          Reduce Output Operator
                            null sort order: 
                            sort order: 
                            Statistics: Num rows: 1 Data size: 8 Basic stats: COMPLETE Column stats: NONE
                            value expressions: _col0 (type: bigint)
            Execution mode: vectorized, llap
            LLAP IO: all inputs
        Map 3 
            Map Operator Tree:
                TableScan
                  alias: p2
                  filterExpr: key is not null (type: boolean)
                  Statistics: Num rows: 525 Data size: 92000 Basic stats: COMPLETE Column stats: NONE
                  Filter Operator
                    predicate: key is not null (type: boolean)
                    Statistics: Num rows: 499 Data size: 87443 Basic stats: COMPLETE Column stats: NONE
                    Select Operator
                      expressions: key (type: string)
                      outputColumnNames: _col0
                      Statistics: Num rows: 499 Data size: 87443 Basic stats: COMPLETE Column stats: NONE
                      Reduce Output Operator
                        key expressions: _col0 (type: string)
                        null sort order: z
                        sort order: +
                        Map-reduce partition columns: _col0 (type: string)
                        Statistics: Num rows: 499 Data size: 87443 Basic stats: COMPLETE Column stats: NONE
            Execution mode: vectorized, llap
            LLAP IO: all inputs
        Reducer 2 
            Execution mode: vectorized, llap
            Reduce Operator Tree:
              Group By Operator
                aggregations: count(VALUE._col0)
                mode: mergepartial
                outputColumnNames: _col0
                Statistics: Num rows: 1 Data size: 8 Basic stats: COMPLETE Column stats: NONE
                File Output Operator
                  compressed: false
                  Statistics: Num rows: 1 Data size: 8 Basic stats: COMPLETE Column stats: NONE
                  table:
                      input format: org.apache.hadoop.mapred.SequenceFileInputFormat
                      output format: org.apache.hadoop.hive.ql.io.HiveSequenceFileOutputFormat
                      serde: org.apache.hadoop.hive.serde2.lazy.LazySimpleSerDe

  Stage: Stage-0
    Fetch Operator
      limit: -1
      Processor Tree:
        ListSink

PREHOOK: query: select count(*) from
(select p1.value
 from parttbl p1
 inner join parttbl p2
 on p1.key = p2.key) t1
PREHOOK: type: QUERY
PREHOOK: Input: default@parttbl
PREHOOK: Input: default@parttbl@dt=2000-01-01
PREHOOK: Input: default@parttbl@dt=2000-01-02
#### A masked pattern was here ####
POSTHOOK: query: select count(*) from
(select p1.value
 from parttbl p1
 inner join parttbl p2
 on p1.key = p2.key) t1
POSTHOOK: type: QUERY
POSTHOOK: Input: default@parttbl
POSTHOOK: Input: default@parttbl@dt=2000-01-01
POSTHOOK: Input: default@parttbl@dt=2000-01-02
#### A masked pattern was here ####
1217
PREHOOK: query: explain
select count(*) from
(select p1.value
 from parttbl p1
 inner join parttbl p2
 on p1.key = p2.key) t1
PREHOOK: type: QUERY
PREHOOK: Input: default@parttbl
PREHOOK: Input: default@parttbl@dt=2000-01-01
PREHOOK: Input: default@parttbl@dt=2000-01-02
#### A masked pattern was here ####
POSTHOOK: query: explain
select count(*) from
(select p1.value
 from parttbl p1
 inner join parttbl p2
 on p1.key = p2.key) t1
POSTHOOK: type: QUERY
POSTHOOK: Input: default@parttbl
POSTHOOK: Input: default@parttbl@dt=2000-01-01
POSTHOOK: Input: default@parttbl@dt=2000-01-02
#### A masked pattern was here ####
STAGE DEPENDENCIES:
  Stage-1 is a root stage
  Stage-0 depends on stages: Stage-1

STAGE PLANS:
  Stage: Stage-1
    Tez
#### A masked pattern was here ####
      Edges:
        Reducer 2 <- Map 1 (SIMPLE_EDGE), Map 4 (SIMPLE_EDGE)
        Reducer 3 <- Reducer 2 (CUSTOM_SIMPLE_EDGE)
#### A masked pattern was here ####
      Vertices:
        Map 1 
            Map Operator Tree:
                TableScan
                  alias: p1
                  filterExpr: key is not null (type: boolean)
                  Statistics: Num rows: 525 Data size: 92000 Basic stats: COMPLETE Column stats: NONE
                  Filter Operator
                    predicate: key is not null (type: boolean)
                    Statistics: Num rows: 499 Data size: 87443 Basic stats: COMPLETE Column stats: NONE
                    Select Operator
                      expressions: key (type: string)
                      outputColumnNames: _col0
                      Statistics: Num rows: 499 Data size: 87443 Basic stats: COMPLETE Column stats: NONE
                      Reduce Output Operator
                        key expressions: _col0 (type: string)
                        null sort order: z
                        sort order: +
                        Map-reduce partition columns: _col0 (type: string)
                        Statistics: Num rows: 499 Data size: 87443 Basic stats: COMPLETE Column stats: NONE
            Execution mode: vectorized, llap
            LLAP IO: all inputs
        Map 4 
            Map Operator Tree:
                TableScan
                  alias: p2
                  filterExpr: key is not null (type: boolean)
                  Statistics: Num rows: 525 Data size: 92000 Basic stats: COMPLETE Column stats: NONE
                  Filter Operator
                    predicate: key is not null (type: boolean)
                    Statistics: Num rows: 499 Data size: 87443 Basic stats: COMPLETE Column stats: NONE
                    Select Operator
                      expressions: key (type: string)
                      outputColumnNames: _col0
                      Statistics: Num rows: 499 Data size: 87443 Basic stats: COMPLETE Column stats: NONE
                      Reduce Output Operator
                        key expressions: _col0 (type: string)
                        null sort order: z
                        sort order: +
                        Map-reduce partition columns: _col0 (type: string)
                        Statistics: Num rows: 499 Data size: 87443 Basic stats: COMPLETE Column stats: NONE
            Execution mode: vectorized, llap
            LLAP IO: all inputs
        Reducer 2 
            Execution mode: llap
            Reduce Operator Tree:
              Merge Join Operator
                condition map:
                     Inner Join 0 to 1
                keys:
                  0 _col0 (type: string)
                  1 _col0 (type: string)
                Statistics: Num rows: 548 Data size: 96187 Basic stats: COMPLETE Column stats: NONE
                Group By Operator
                  aggregations: count()
                  minReductionHashAggr: 0.99
                  mode: hash
                  outputColumnNames: _col0
                  Statistics: Num rows: 1 Data size: 8 Basic stats: COMPLETE Column stats: NONE
                  Reduce Output Operator
                    null sort order: 
                    sort order: 
                    Statistics: Num rows: 1 Data size: 8 Basic stats: COMPLETE Column stats: NONE
                    value expressions: _col0 (type: bigint)
        Reducer 3 
            Execution mode: vectorized, llap
            Reduce Operator Tree:
              Group By Operator
                aggregations: count(VALUE._col0)
                mode: mergepartial
                outputColumnNames: _col0
                Statistics: Num rows: 1 Data size: 8 Basic stats: COMPLETE Column stats: NONE
                File Output Operator
                  compressed: false
                  Statistics: Num rows: 1 Data size: 8 Basic stats: COMPLETE Column stats: NONE
                  table:
                      input format: org.apache.hadoop.mapred.SequenceFileInputFormat
                      output format: org.apache.hadoop.hive.ql.io.HiveSequenceFileOutputFormat
                      serde: org.apache.hadoop.hive.serde2.lazy.LazySimpleSerDe

  Stage: Stage-0
    Fetch Operator
      limit: -1
      Processor Tree:
        ListSink

PREHOOK: query: select count(*) from
(select p1.value
 from parttbl p1
 inner join parttbl p2
 on p1.key = p2.key) t1
PREHOOK: type: QUERY
PREHOOK: Input: default@parttbl
PREHOOK: Input: default@parttbl@dt=2000-01-01
PREHOOK: Input: default@parttbl@dt=2000-01-02
#### A masked pattern was here ####
POSTHOOK: query: select count(*) from
(select p1.value
 from parttbl p1
 inner join parttbl p2
 on p1.key = p2.key) t1
POSTHOOK: type: QUERY
POSTHOOK: Input: default@parttbl
POSTHOOK: Input: default@parttbl@dt=2000-01-01
POSTHOOK: Input: default@parttbl@dt=2000-01-02
#### A masked pattern was here ####
1217
PREHOOK: query: explain
select count(*) from
(select p1.value
 from parttbl p1
 inner join parttbl p2
 on p1.key = p2.key) t1
PREHOOK: type: QUERY
PREHOOK: Input: default@parttbl
PREHOOK: Input: default@parttbl@dt=2000-01-01
PREHOOK: Input: default@parttbl@dt=2000-01-02
#### A masked pattern was here ####
POSTHOOK: query: explain
select count(*) from
(select p1.value
 from parttbl p1
 inner join parttbl p2
 on p1.key = p2.key) t1
POSTHOOK: type: QUERY
POSTHOOK: Input: default@parttbl
POSTHOOK: Input: default@parttbl@dt=2000-01-01
POSTHOOK: Input: default@parttbl@dt=2000-01-02
#### A masked pattern was here ####
STAGE DEPENDENCIES:
  Stage-1 is a root stage
  Stage-0 depends on stages: Stage-1

STAGE PLANS:
  Stage: Stage-1
    Tez
#### A masked pattern was here ####
      Edges:
        Reducer 2 <- Map 1 (SIMPLE_EDGE), Map 4 (SIMPLE_EDGE)
        Reducer 3 <- Reducer 2 (CUSTOM_SIMPLE_EDGE)
#### A masked pattern was here ####
      Vertices:
        Map 1 
            Map Operator Tree:
                TableScan
                  alias: p1
                  filterExpr: key is not null (type: boolean)
                  Statistics: Num rows: 525 Data size: 92000 Basic stats: COMPLETE Column stats: NONE
                  Filter Operator
                    predicate: key is not null (type: boolean)
                    Statistics: Num rows: 499 Data size: 87443 Basic stats: COMPLETE Column stats: NONE
                    Select Operator
                      expressions: key (type: string)
                      outputColumnNames: _col0
                      Statistics: Num rows: 499 Data size: 87443 Basic stats: COMPLETE Column stats: NONE
                      Reduce Output Operator
                        key expressions: _col0 (type: string)
                        null sort order: z
                        sort order: +
                        Map-reduce partition columns: _col0 (type: string)
                        Statistics: Num rows: 499 Data size: 87443 Basic stats: COMPLETE Column stats: NONE
            Execution mode: vectorized, llap
            LLAP IO: all inputs
        Map 4 
            Map Operator Tree:
                TableScan
                  alias: p2
                  filterExpr: key is not null (type: boolean)
                  Statistics: Num rows: 525 Data size: 92000 Basic stats: COMPLETE Column stats: NONE
                  Filter Operator
                    predicate: key is not null (type: boolean)
                    Statistics: Num rows: 499 Data size: 87443 Basic stats: COMPLETE Column stats: NONE
                    Select Operator
                      expressions: key (type: string)
                      outputColumnNames: _col0
                      Statistics: Num rows: 499 Data size: 87443 Basic stats: COMPLETE Column stats: NONE
                      Reduce Output Operator
                        key expressions: _col0 (type: string)
                        null sort order: z
                        sort order: +
                        Map-reduce partition columns: _col0 (type: string)
                        Statistics: Num rows: 499 Data size: 87443 Basic stats: COMPLETE Column stats: NONE
            Execution mode: vectorized, llap
            LLAP IO: all inputs
        Reducer 2 
            Execution mode: llap
            Reduce Operator Tree:
              Merge Join Operator
                condition map:
                     Inner Join 0 to 1
                keys:
                  0 _col0 (type: string)
                  1 _col0 (type: string)
                Statistics: Num rows: 548 Data size: 96187 Basic stats: COMPLETE Column stats: NONE
                Group By Operator
                  aggregations: count()
                  minReductionHashAggr: 0.99
                  mode: hash
                  outputColumnNames: _col0
                  Statistics: Num rows: 1 Data size: 8 Basic stats: COMPLETE Column stats: NONE
                  Reduce Output Operator
                    null sort order: 
                    sort order: 
                    Statistics: Num rows: 1 Data size: 8 Basic stats: COMPLETE Column stats: NONE
                    value expressions: _col0 (type: bigint)
        Reducer 3 
            Execution mode: vectorized, llap
            Reduce Operator Tree:
              Group By Operator
                aggregations: count(VALUE._col0)
                mode: mergepartial
                outputColumnNames: _col0
                Statistics: Num rows: 1 Data size: 8 Basic stats: COMPLETE Column stats: NONE
                File Output Operator
                  compressed: false
                  Statistics: Num rows: 1 Data size: 8 Basic stats: COMPLETE Column stats: NONE
                  table:
                      input format: org.apache.hadoop.mapred.SequenceFileInputFormat
                      output format: org.apache.hadoop.hive.ql.io.HiveSequenceFileOutputFormat
                      serde: org.apache.hadoop.hive.serde2.lazy.LazySimpleSerDe

  Stage: Stage-0
    Fetch Operator
      limit: -1
      Processor Tree:
        ListSink

PREHOOK: query: select count(*) from
(select p1.value
 from parttbl p1
 inner join parttbl p2
 on p1.key = p2.key) t1
PREHOOK: type: QUERY
PREHOOK: Input: default@parttbl
PREHOOK: Input: default@parttbl@dt=2000-01-01
PREHOOK: Input: default@parttbl@dt=2000-01-02
#### A masked pattern was here ####
POSTHOOK: query: select count(*) from
(select p1.value
 from parttbl p1
 inner join parttbl p2
 on p1.key = p2.key) t1
POSTHOOK: type: QUERY
POSTHOOK: Input: default@parttbl
POSTHOOK: Input: default@parttbl@dt=2000-01-01
POSTHOOK: Input: default@parttbl@dt=2000-01-02
#### A masked pattern was here ####
1217
PREHOOK: query: drop table parttbl
PREHOOK: type: DROPTABLE
PREHOOK: Input: default@parttbl
PREHOOK: Output: database:default
PREHOOK: Output: default@parttbl
POSTHOOK: query: drop table parttbl
POSTHOOK: type: DROPTABLE
POSTHOOK: Input: default@parttbl
POSTHOOK: Output: database:default
POSTHOOK: Output: default@parttbl
PREHOOK: query: CREATE TABLE decimal_mapjoin STORED AS ORC AS
  SELECT cdouble, CAST (((cdouble*22.1)/37) AS DECIMAL(20,10)) AS cdecimal1,
  CAST (((cdouble*9.3)/13) AS DECIMAL(23,14)) AS cdecimal2,
  cint
  FROM alltypesorc
PREHOOK: type: CREATETABLE_AS_SELECT
PREHOOK: Input: default@alltypesorc
PREHOOK: Output: database:default
PREHOOK: Output: default@decimal_mapjoin
POSTHOOK: query: CREATE TABLE decimal_mapjoin STORED AS ORC AS
  SELECT cdouble, CAST (((cdouble*22.1)/37) AS DECIMAL(20,10)) AS cdecimal1,
  CAST (((cdouble*9.3)/13) AS DECIMAL(23,14)) AS cdecimal2,
  cint
  FROM alltypesorc
POSTHOOK: type: CREATETABLE_AS_SELECT
POSTHOOK: Input: default@alltypesorc
POSTHOOK: Output: database:default
POSTHOOK: Output: default@decimal_mapjoin
POSTHOOK: Lineage: decimal_mapjoin.cdecimal1 EXPRESSION [(alltypesorc)alltypesorc.FieldSchema(name:cdouble, type:double, comment:null), ]
POSTHOOK: Lineage: decimal_mapjoin.cdecimal2 EXPRESSION [(alltypesorc)alltypesorc.FieldSchema(name:cdouble, type:double, comment:null), ]
POSTHOOK: Lineage: decimal_mapjoin.cdouble SIMPLE [(alltypesorc)alltypesorc.FieldSchema(name:cdouble, type:double, comment:null), ]
POSTHOOK: Lineage: decimal_mapjoin.cint SIMPLE [(alltypesorc)alltypesorc.FieldSchema(name:cint, type:int, comment:null), ]
Warning: Shuffle Join MERGEJOIN[13][tables = [$hdt$_0, $hdt$_1]] in Stage 'Reducer 2' is a cross product
PREHOOK: query: EXPLAIN SELECT l.cint, r.cint, l.cdecimal1, r.cdecimal2
  FROM decimal_mapjoin l
  JOIN decimal_mapjoin r ON l.cint = r.cint
  WHERE l.cint = 6981
PREHOOK: type: QUERY
PREHOOK: Input: default@decimal_mapjoin
#### A masked pattern was here ####
POSTHOOK: query: EXPLAIN SELECT l.cint, r.cint, l.cdecimal1, r.cdecimal2
  FROM decimal_mapjoin l
  JOIN decimal_mapjoin r ON l.cint = r.cint
  WHERE l.cint = 6981
POSTHOOK: type: QUERY
POSTHOOK: Input: default@decimal_mapjoin
#### A masked pattern was here ####
STAGE DEPENDENCIES:
  Stage-1 is a root stage
  Stage-0 depends on stages: Stage-1

STAGE PLANS:
  Stage: Stage-1
    Tez
#### A masked pattern was here ####
      Edges:
        Reducer 2 <- Map 1 (XPROD_EDGE), Map 3 (XPROD_EDGE)
#### A masked pattern was here ####
      Vertices:
        Map 1 
            Map Operator Tree:
                TableScan
                  alias: l
                  filterExpr: (cint = 6981) (type: boolean)
                  Statistics: Num rows: 12288 Data size: 1354300 Basic stats: COMPLETE Column stats: NONE
                  Filter Operator
                    predicate: (cint = 6981) (type: boolean)
                    Statistics: Num rows: 5 Data size: 551 Basic stats: COMPLETE Column stats: NONE
                    Select Operator
                      expressions: cdecimal1 (type: decimal(20,10))
                      outputColumnNames: _col0
                      Statistics: Num rows: 5 Data size: 551 Basic stats: COMPLETE Column stats: NONE
                      Reduce Output Operator
                        null sort order: 
                        sort order: 
                        Statistics: Num rows: 5 Data size: 551 Basic stats: COMPLETE Column stats: NONE
                        value expressions: _col0 (type: decimal(20,10))
            Execution mode: vectorized, llap
            LLAP IO: all inputs
        Map 3 
            Map Operator Tree:
                TableScan
                  alias: r
                  filterExpr: (cint = 6981) (type: boolean)
                  Statistics: Num rows: 12288 Data size: 1354300 Basic stats: COMPLETE Column stats: NONE
                  Filter Operator
                    predicate: (cint = 6981) (type: boolean)
                    Statistics: Num rows: 5 Data size: 551 Basic stats: COMPLETE Column stats: NONE
                    Select Operator
                      expressions: cdecimal2 (type: decimal(23,14))
                      outputColumnNames: _col0
                      Statistics: Num rows: 5 Data size: 551 Basic stats: COMPLETE Column stats: NONE
                      Reduce Output Operator
                        null sort order: 
                        sort order: 
                        Statistics: Num rows: 5 Data size: 551 Basic stats: COMPLETE Column stats: NONE
                        value expressions: _col0 (type: decimal(23,14))
            Execution mode: vectorized, llap
            LLAP IO: all inputs
        Reducer 2 
            Execution mode: llap
            Reduce Operator Tree:
              Merge Join Operator
                condition map:
                     Inner Join 0 to 1
                keys:
                  0 
                  1 
                outputColumnNames: _col0, _col1
                Statistics: Num rows: 25 Data size: 5535 Basic stats: COMPLETE Column stats: NONE
                Select Operator
                  expressions: 6981 (type: int), 6981 (type: int), _col0 (type: decimal(20,10)), _col1 (type: decimal(23,14))
                  outputColumnNames: _col0, _col1, _col2, _col3
                  Statistics: Num rows: 25 Data size: 5535 Basic stats: COMPLETE Column stats: NONE
                  File Output Operator
                    compressed: false
                    Statistics: Num rows: 25 Data size: 5535 Basic stats: COMPLETE Column stats: NONE
                    table:
                        input format: org.apache.hadoop.mapred.SequenceFileInputFormat
                        output format: org.apache.hadoop.hive.ql.io.HiveSequenceFileOutputFormat
                        serde: org.apache.hadoop.hive.serde2.lazy.LazySimpleSerDe

  Stage: Stage-0
    Fetch Operator
      limit: -1
      Processor Tree:
        ListSink

Warning: Shuffle Join MERGEJOIN[13][tables = [$hdt$_0, $hdt$_1]] in Stage 'Reducer 2' is a cross product
PREHOOK: query: SELECT l.cint, r.cint, l.cdecimal1, r.cdecimal2
  FROM decimal_mapjoin l
  JOIN decimal_mapjoin r ON l.cint = r.cint
  WHERE l.cint = 6981
PREHOOK: type: QUERY
PREHOOK: Input: default@decimal_mapjoin
#### A masked pattern was here ####
POSTHOOK: query: SELECT l.cint, r.cint, l.cdecimal1, r.cdecimal2
  FROM decimal_mapjoin l
  JOIN decimal_mapjoin r ON l.cint = r.cint
  WHERE l.cint = 6981
POSTHOOK: type: QUERY
POSTHOOK: Input: default@decimal_mapjoin
#### A masked pattern was here ####
6981	6981	NULL	NULL
6981	6981	NULL	NULL
6981	6981	NULL	NULL
6981	6981	NULL	NULL
6981	6981	NULL	6984454.21109769200000
6981	6981	NULL	NULL
6981	6981	NULL	NULL
6981	6981	NULL	NULL
6981	6981	NULL	-617.56077692307690
6981	6981	NULL	-617.56077692307690
6981	6981	NULL	NULL
6981	6981	NULL	NULL
6981	6981	NULL	NULL
6981	6981	NULL	NULL
6981	6981	NULL	6984454.21109769200000
6981	6981	NULL	NULL
6981	6981	NULL	NULL
6981	6981	NULL	NULL
6981	6981	NULL	-617.56077692307690
6981	6981	NULL	-617.56077692307690
6981	6981	NULL	NULL
6981	6981	NULL	NULL
6981	6981	NULL	NULL
6981	6981	NULL	NULL
6981	6981	NULL	6984454.21109769200000
6981	6981	NULL	NULL
6981	6981	NULL	NULL
6981	6981	NULL	NULL
6981	6981	NULL	-617.56077692307690
6981	6981	NULL	-617.56077692307690
6981	6981	NULL	NULL
6981	6981	NULL	NULL
6981	6981	NULL	NULL
6981	6981	NULL	NULL
6981	6981	NULL	6984454.21109769200000
6981	6981	NULL	NULL
6981	6981	NULL	NULL
6981	6981	NULL	NULL
6981	6981	NULL	-617.56077692307690
6981	6981	NULL	-617.56077692307690
6981	6981	5831542.2692483780	NULL
6981	6981	5831542.2692483780	NULL
6981	6981	5831542.2692483780	NULL
6981	6981	5831542.2692483780	NULL
6981	6981	5831542.2692483780	6984454.21109769200000
6981	6981	5831542.2692483780	NULL
6981	6981	5831542.2692483780	NULL
6981	6981	5831542.2692483780	NULL
6981	6981	5831542.2692483780	-617.56077692307690
6981	6981	5831542.2692483780	-617.56077692307690
6981	6981	NULL	NULL
6981	6981	NULL	NULL
6981	6981	NULL	NULL
6981	6981	NULL	NULL
6981	6981	NULL	6984454.21109769200000
6981	6981	NULL	NULL
6981	6981	NULL	NULL
6981	6981	NULL	NULL
6981	6981	NULL	-617.56077692307690
6981	6981	NULL	-617.56077692307690
6981	6981	NULL	NULL
6981	6981	NULL	NULL
6981	6981	NULL	NULL
6981	6981	NULL	NULL
6981	6981	NULL	6984454.21109769200000
6981	6981	NULL	NULL
6981	6981	NULL	NULL
6981	6981	NULL	NULL
6981	6981	NULL	-617.56077692307690
6981	6981	NULL	-617.56077692307690
6981	6981	NULL	NULL
6981	6981	NULL	NULL
6981	6981	NULL	NULL
6981	6981	NULL	NULL
6981	6981	NULL	6984454.21109769200000
6981	6981	NULL	NULL
6981	6981	NULL	NULL
6981	6981	NULL	NULL
6981	6981	NULL	-617.56077692307690
6981	6981	NULL	-617.56077692307690
6981	6981	-515.6210729730	NULL
6981	6981	-515.6210729730	NULL
6981	6981	-515.6210729730	NULL
6981	6981	-515.6210729730	NULL
6981	6981	-515.6210729730	6984454.21109769200000
6981	6981	-515.6210729730	NULL
6981	6981	-515.6210729730	NULL
6981	6981	-515.6210729730	NULL
6981	6981	-515.6210729730	-617.56077692307690
6981	6981	-515.6210729730	-617.56077692307690
6981	6981	-515.6210729730	NULL
6981	6981	-515.6210729730	NULL
6981	6981	-515.6210729730	NULL
6981	6981	-515.6210729730	NULL
6981	6981	-515.6210729730	6984454.21109769200000
6981	6981	-515.6210729730	NULL
6981	6981	-515.6210729730	NULL
6981	6981	-515.6210729730	NULL
6981	6981	-515.6210729730	-617.56077692307690
6981	6981	-515.6210729730	-617.56077692307690
Warning: Shuffle Join MERGEJOIN[13][tables = [$hdt$_0, $hdt$_1]] in Stage 'Reducer 2' is a cross product
PREHOOK: query: EXPLAIN SELECT l.cint, r.cint, l.cdecimal1, r.cdecimal2
  FROM decimal_mapjoin l
  JOIN decimal_mapjoin r ON l.cint = r.cint
  WHERE l.cint = 6981
PREHOOK: type: QUERY
PREHOOK: Input: default@decimal_mapjoin
#### A masked pattern was here ####
POSTHOOK: query: EXPLAIN SELECT l.cint, r.cint, l.cdecimal1, r.cdecimal2
  FROM decimal_mapjoin l
  JOIN decimal_mapjoin r ON l.cint = r.cint
  WHERE l.cint = 6981
POSTHOOK: type: QUERY
POSTHOOK: Input: default@decimal_mapjoin
#### A masked pattern was here ####
STAGE DEPENDENCIES:
  Stage-1 is a root stage
  Stage-0 depends on stages: Stage-1

STAGE PLANS:
  Stage: Stage-1
    Tez
#### A masked pattern was here ####
      Edges:
        Reducer 2 <- Map 1 (XPROD_EDGE), Map 3 (XPROD_EDGE)
#### A masked pattern was here ####
      Vertices:
        Map 1 
            Map Operator Tree:
                TableScan
                  alias: l
                  filterExpr: (cint = 6981) (type: boolean)
                  Statistics: Num rows: 12288 Data size: 1354300 Basic stats: COMPLETE Column stats: NONE
                  Filter Operator
                    predicate: (cint = 6981) (type: boolean)
                    Statistics: Num rows: 5 Data size: 551 Basic stats: COMPLETE Column stats: NONE
                    Select Operator
                      expressions: cdecimal1 (type: decimal(20,10))
                      outputColumnNames: _col0
                      Statistics: Num rows: 5 Data size: 551 Basic stats: COMPLETE Column stats: NONE
                      Reduce Output Operator
                        null sort order: 
                        sort order: 
                        Statistics: Num rows: 5 Data size: 551 Basic stats: COMPLETE Column stats: NONE
                        value expressions: _col0 (type: decimal(20,10))
            Execution mode: vectorized, llap
            LLAP IO: all inputs
        Map 3 
            Map Operator Tree:
                TableScan
                  alias: r
                  filterExpr: (cint = 6981) (type: boolean)
                  Statistics: Num rows: 12288 Data size: 1354300 Basic stats: COMPLETE Column stats: NONE
                  Filter Operator
                    predicate: (cint = 6981) (type: boolean)
                    Statistics: Num rows: 5 Data size: 551 Basic stats: COMPLETE Column stats: NONE
                    Select Operator
                      expressions: cdecimal2 (type: decimal(23,14))
                      outputColumnNames: _col0
                      Statistics: Num rows: 5 Data size: 551 Basic stats: COMPLETE Column stats: NONE
                      Reduce Output Operator
                        null sort order: 
                        sort order: 
                        Statistics: Num rows: 5 Data size: 551 Basic stats: COMPLETE Column stats: NONE
                        value expressions: _col0 (type: decimal(23,14))
            Execution mode: vectorized, llap
            LLAP IO: all inputs
        Reducer 2 
            Execution mode: llap
            Reduce Operator Tree:
              Merge Join Operator
                condition map:
                     Inner Join 0 to 1
                keys:
                  0 
                  1 
                outputColumnNames: _col0, _col1
                Statistics: Num rows: 25 Data size: 5535 Basic stats: COMPLETE Column stats: NONE
                Select Operator
                  expressions: 6981 (type: int), 6981 (type: int), _col0 (type: decimal(20,10)), _col1 (type: decimal(23,14))
                  outputColumnNames: _col0, _col1, _col2, _col3
                  Statistics: Num rows: 25 Data size: 5535 Basic stats: COMPLETE Column stats: NONE
                  File Output Operator
                    compressed: false
                    Statistics: Num rows: 25 Data size: 5535 Basic stats: COMPLETE Column stats: NONE
                    table:
                        input format: org.apache.hadoop.mapred.SequenceFileInputFormat
                        output format: org.apache.hadoop.hive.ql.io.HiveSequenceFileOutputFormat
                        serde: org.apache.hadoop.hive.serde2.lazy.LazySimpleSerDe

  Stage: Stage-0
    Fetch Operator
      limit: -1
      Processor Tree:
        ListSink

Warning: Shuffle Join MERGEJOIN[13][tables = [$hdt$_0, $hdt$_1]] in Stage 'Reducer 2' is a cross product
PREHOOK: query: SELECT l.cint, r.cint, l.cdecimal1, r.cdecimal2
  FROM decimal_mapjoin l
  JOIN decimal_mapjoin r ON l.cint = r.cint
  WHERE l.cint = 6981
PREHOOK: type: QUERY
PREHOOK: Input: default@decimal_mapjoin
#### A masked pattern was here ####
POSTHOOK: query: SELECT l.cint, r.cint, l.cdecimal1, r.cdecimal2
  FROM decimal_mapjoin l
  JOIN decimal_mapjoin r ON l.cint = r.cint
  WHERE l.cint = 6981
POSTHOOK: type: QUERY
POSTHOOK: Input: default@decimal_mapjoin
#### A masked pattern was here ####
6981	6981	NULL	NULL
6981	6981	NULL	NULL
6981	6981	NULL	NULL
6981	6981	NULL	NULL
6981	6981	NULL	6984454.21109769200000
6981	6981	NULL	NULL
6981	6981	NULL	NULL
6981	6981	NULL	NULL
6981	6981	NULL	-617.56077692307690
6981	6981	NULL	-617.56077692307690
6981	6981	NULL	NULL
6981	6981	NULL	NULL
6981	6981	NULL	NULL
6981	6981	NULL	NULL
6981	6981	NULL	6984454.21109769200000
6981	6981	NULL	NULL
6981	6981	NULL	NULL
6981	6981	NULL	NULL
6981	6981	NULL	-617.56077692307690
6981	6981	NULL	-617.56077692307690
6981	6981	NULL	NULL
6981	6981	NULL	NULL
6981	6981	NULL	NULL
6981	6981	NULL	NULL
6981	6981	NULL	6984454.21109769200000
6981	6981	NULL	NULL
6981	6981	NULL	NULL
6981	6981	NULL	NULL
6981	6981	NULL	-617.56077692307690
6981	6981	NULL	-617.56077692307690
6981	6981	NULL	NULL
6981	6981	NULL	NULL
6981	6981	NULL	NULL
6981	6981	NULL	NULL
6981	6981	NULL	6984454.21109769200000
6981	6981	NULL	NULL
6981	6981	NULL	NULL
6981	6981	NULL	NULL
6981	6981	NULL	-617.56077692307690
6981	6981	NULL	-617.56077692307690
6981	6981	5831542.2692483780	NULL
6981	6981	5831542.2692483780	NULL
6981	6981	5831542.2692483780	NULL
6981	6981	5831542.2692483780	NULL
6981	6981	5831542.2692483780	6984454.21109769200000
6981	6981	5831542.2692483780	NULL
6981	6981	5831542.2692483780	NULL
6981	6981	5831542.2692483780	NULL
6981	6981	5831542.2692483780	-617.56077692307690
6981	6981	5831542.2692483780	-617.56077692307690
6981	6981	NULL	NULL
6981	6981	NULL	NULL
6981	6981	NULL	NULL
6981	6981	NULL	NULL
6981	6981	NULL	6984454.21109769200000
6981	6981	NULL	NULL
6981	6981	NULL	NULL
6981	6981	NULL	NULL
6981	6981	NULL	-617.56077692307690
6981	6981	NULL	-617.56077692307690
6981	6981	NULL	NULL
6981	6981	NULL	NULL
6981	6981	NULL	NULL
6981	6981	NULL	NULL
6981	6981	NULL	6984454.21109769200000
6981	6981	NULL	NULL
6981	6981	NULL	NULL
6981	6981	NULL	NULL
6981	6981	NULL	-617.56077692307690
6981	6981	NULL	-617.56077692307690
6981	6981	NULL	NULL
6981	6981	NULL	NULL
6981	6981	NULL	NULL
6981	6981	NULL	NULL
6981	6981	NULL	6984454.21109769200000
6981	6981	NULL	NULL
6981	6981	NULL	NULL
6981	6981	NULL	NULL
6981	6981	NULL	-617.56077692307690
6981	6981	NULL	-617.56077692307690
6981	6981	-515.6210729730	NULL
6981	6981	-515.6210729730	NULL
6981	6981	-515.6210729730	NULL
6981	6981	-515.6210729730	NULL
6981	6981	-515.6210729730	6984454.21109769200000
6981	6981	-515.6210729730	NULL
6981	6981	-515.6210729730	NULL
6981	6981	-515.6210729730	NULL
6981	6981	-515.6210729730	-617.56077692307690
6981	6981	-515.6210729730	-617.56077692307690
6981	6981	-515.6210729730	NULL
6981	6981	-515.6210729730	NULL
6981	6981	-515.6210729730	NULL
6981	6981	-515.6210729730	NULL
6981	6981	-515.6210729730	6984454.21109769200000
6981	6981	-515.6210729730	NULL
6981	6981	-515.6210729730	NULL
6981	6981	-515.6210729730	NULL
6981	6981	-515.6210729730	-617.56077692307690
6981	6981	-515.6210729730	-617.56077692307690
PREHOOK: query: DROP TABLE decimal_mapjoin
PREHOOK: type: DROPTABLE
PREHOOK: Input: default@decimal_mapjoin
PREHOOK: Output: database:default
PREHOOK: Output: default@decimal_mapjoin
POSTHOOK: query: DROP TABLE decimal_mapjoin
POSTHOOK: type: DROPTABLE
POSTHOOK: Input: default@decimal_mapjoin
POSTHOOK: Output: database:default
POSTHOOK: Output: default@decimal_mapjoin
