PREHOOK: query: explain
select t2.* 
from
  (select key,value from (select key,value from src) t1 sort by key) t2
  join 
  (select * from src sort by key) t3 
  on (t2.key=t3.key )
  where t2.value='val_105' and t3.key='105'
PREHOOK: type: QUERY
POSTHOOK: query: explain
select t2.* 
from
  (select key,value from (select key,value from src) t1 sort by key) t2
  join 
  (select * from src sort by key) t3 
  on (t2.key=t3.key )
  where t2.value='val_105' and t3.key='105'
POSTHOOK: type: QUERY
STAGE DEPENDENCIES:
  Stage-1 is a root stage
  Stage-0 depends on stages: Stage-1

STAGE PLANS:
  Stage: Stage-1
    Tez
#### A masked pattern was here ####
      Edges:
        Map 2 <- Map 1 (BROADCAST_EDGE)
#### A masked pattern was here ####
      Vertices:
        Map 1 
            Map Operator Tree:
                TableScan
                  alias: src
                  Statistics: Num rows: 500 Data size: 89000 Basic stats: COMPLETE Column stats: COMPLETE
                  Filter Operator
                    predicate: ((key = '105') and (value = 'val_105')) (type: boolean)
                    Statistics: Num rows: 1 Data size: 178 Basic stats: COMPLETE Column stats: COMPLETE
                    Select Operator
                      Statistics: Num rows: 1 Data size: 8 Basic stats: COMPLETE Column stats: COMPLETE
                      Reduce Output Operator
                        key expressions: '105' (type: string)
                        sort order: +
                        Map-reduce partition columns: '105' (type: string)
                        Statistics: Num rows: 1 Data size: 8 Basic stats: COMPLETE Column stats: COMPLETE
            Execution mode: vectorized, llap
            LLAP IO: no inputs
        Map 2 
            Map Operator Tree:
                TableScan
                  alias: src
                  Statistics: Num rows: 500 Data size: 43500 Basic stats: COMPLETE Column stats: COMPLETE
                  Filter Operator
                    predicate: (key = '105') (type: boolean)
                    Statistics: Num rows: 2 Data size: 174 Basic stats: COMPLETE Column stats: COMPLETE
                    Select Operator
                      Statistics: Num rows: 2 Data size: 174 Basic stats: COMPLETE Column stats: COMPLETE
                      Map Join Operator
                        condition map:
                             Inner Join 0 to 1
                        keys:
                          0 '105' (type: string)
                          1 '105' (type: string)
                        input vertices:
                          0 Map 1
                        Statistics: Num rows: 2 Data size: 16 Basic stats: COMPLETE Column stats: COMPLETE
                        Select Operator
                          expressions: '105' (type: string), 'val_105' (type: string)
                          outputColumnNames: _col0, _col1
                          Statistics: Num rows: 2 Data size: 16 Basic stats: COMPLETE Column stats: COMPLETE
                          File Output Operator
                            compressed: false
                            Statistics: Num rows: 2 Data size: 16 Basic stats: COMPLETE Column stats: COMPLETE
                            table:
                                input format: org.apache.hadoop.mapred.SequenceFileInputFormat
                                output format: org.apache.hadoop.hive.ql.io.HiveSequenceFileOutputFormat
                                serde: org.apache.hadoop.hive.serde2.lazy.LazySimpleSerDe
            Execution mode: vectorized, llap
            LLAP IO: no inputs

  Stage: Stage-0
    Fetch Operator
      limit: -1
      Processor Tree:
        ListSink

PREHOOK: query: select t2.* 
from
  (select key,value from (select key,value from src) t1 sort by key) t2
  join 
  (select * from src sort by key) t3 
  on (t2.key=t3.key )
  where t2.value='val_105' and t3.key='105'
PREHOOK: type: QUERY
PREHOOK: Input: default@src
#### A masked pattern was here ####
POSTHOOK: query: select t2.* 
from
  (select key,value from (select key,value from src) t1 sort by key) t2
  join 
  (select * from src sort by key) t3 
  on (t2.key=t3.key )
  where t2.value='val_105' and t3.key='105'
POSTHOOK: type: QUERY
POSTHOOK: Input: default@src
#### A masked pattern was here ####
105	val_105
