PREHOOK: query: create table implicit_cast_during_insert (c1 int, c2 string)
  partitioned by (p1 string) stored as orc
PREHOOK: type: CREATETABLE
PREHOOK: Output: database:default
PREHOOK: Output: default@implicit_cast_during_insert
POSTHOOK: query: create table implicit_cast_during_insert (c1 int, c2 string)
  partitioned by (p1 string) stored as orc
POSTHOOK: type: CREATETABLE
POSTHOOK: Output: database:default
POSTHOOK: Output: default@implicit_cast_during_insert
PREHOOK: query: explain 
insert overwrite table implicit_cast_during_insert partition (p1)
  select key, value, key key1 from (select * from src where key in (0,1)) q
  distribute by key1 sort by key1
PREHOOK: type: QUERY
PREHOOK: Input: default@src
PREHOOK: Output: default@implicit_cast_during_insert
POSTHOOK: query: explain 
insert overwrite table implicit_cast_during_insert partition (p1)
  select key, value, key key1 from (select * from src where key in (0,1)) q
  distribute by key1 sort by key1
POSTHOOK: type: QUERY
POSTHOOK: Input: default@src
POSTHOOK: Output: default@implicit_cast_during_insert
STAGE DEPENDENCIES:
  Stage-1 is a root stage
  Stage-2 depends on stages: Stage-1
  Stage-0 depends on stages: Stage-2
  Stage-3 depends on stages: Stage-0

STAGE PLANS:
  Stage: Stage-1
    Tez
#### A masked pattern was here ####
      Edges:
        Reducer 2 <- Map 1 (SIMPLE_EDGE)
#### A masked pattern was here ####
      Vertices:
        Map 1 
            Map Operator Tree:
                TableScan
                  alias: src
                  filterExpr: (key) IN (0, 1) (type: boolean)
                  Statistics: Num rows: 500 Data size: 89000 Basic stats: COMPLETE Column stats: COMPLETE
                  Filter Operator
                    predicate: (key) IN (0, 1) (type: boolean)
                    Statistics: Num rows: 3 Data size: 534 Basic stats: COMPLETE Column stats: COMPLETE
                    Select Operator
                      expressions: value (type: string), key (type: string)
                      outputColumnNames: _col1, _col2
                      Statistics: Num rows: 3 Data size: 534 Basic stats: COMPLETE Column stats: COMPLETE
                      Reduce Output Operator
                        key expressions: _col2 (type: string)
                        null sort order: z
                        sort order: +
                        Map-reduce partition columns: _col2 (type: string)
                        Statistics: Num rows: 3 Data size: 534 Basic stats: COMPLETE Column stats: COMPLETE
                        value expressions: _col1 (type: string)
            Execution mode: llap
            LLAP IO: all inputs
        Reducer 2 
            Execution mode: vectorized, llap
            Reduce Operator Tree:
              Select Operator
                expressions: UDFToInteger(KEY.reducesinkkey0) (type: int), VALUE._col0 (type: string), KEY.reducesinkkey0 (type: string)
                outputColumnNames: _col0, _col1, _col2
                Statistics: Num rows: 3 Data size: 546 Basic stats: COMPLETE Column stats: COMPLETE
                File Output Operator
                  compressed: false
                  Statistics: Num rows: 3 Data size: 546 Basic stats: COMPLETE Column stats: COMPLETE
                  table:
                      input format: org.apache.hadoop.hive.ql.io.orc.OrcInputFormat
                      output format: org.apache.hadoop.hive.ql.io.orc.OrcOutputFormat
                      serde: org.apache.hadoop.hive.ql.io.orc.OrcSerde
                      name: default.implicit_cast_during_insert
                Select Operator
                  expressions: _col0 (type: int), _col1 (type: string), _col2 (type: string)
                  outputColumnNames: c1, c2, p1
                  Statistics: Num rows: 3 Data size: 546 Basic stats: COMPLETE Column stats: COMPLETE
                  Group By Operator
                    aggregations: min(c1), max(c1), count(1), count(c1), compute_bit_vector_hll(c1), max(length(c2)), avg(COALESCE(length(c2),0)), count(c2), compute_bit_vector_hll(c2)
                    keys: p1 (type: string)
                    mode: complete
                    outputColumnNames: _col0, _col1, _col2, _col3, _col4, _col5, _col6, _col7, _col8, _col9
                    Statistics: Num rows: 1 Data size: 419 Basic stats: COMPLETE Column stats: COMPLETE
                    Select Operator
                      expressions: 'LONG' (type: string), UDFToLong(_col1) (type: bigint), UDFToLong(_col2) (type: bigint), (_col3 - _col4) (type: bigint), COALESCE(ndv_compute_bit_vector(_col5),0) (type: bigint), _col5 (type: binary), 'STRING' (type: string), UDFToLong(COALESCE(_col6,0)) (type: bigint), COALESCE(_col7,0) (type: double), (_col3 - _col8) (type: bigint), COALESCE(ndv_compute_bit_vector(_col9),0) (type: bigint), _col9 (type: binary), _col0 (type: string)
                      outputColumnNames: _col0, _col1, _col2, _col3, _col4, _col5, _col6, _col7, _col8, _col9, _col10, _col11, _col12
                      Statistics: Num rows: 1 Data size: 617 Basic stats: COMPLETE Column stats: COMPLETE
                      File Output Operator
                        compressed: false
                        Statistics: Num rows: 1 Data size: 617 Basic stats: COMPLETE Column stats: COMPLETE
                        table:
                            input format: org.apache.hadoop.mapred.SequenceFileInputFormat
                            output format: org.apache.hadoop.hive.ql.io.HiveSequenceFileOutputFormat
                            serde: org.apache.hadoop.hive.serde2.lazy.LazySimpleSerDe

  Stage: Stage-2
    Dependency Collection

  Stage: Stage-0
    Move Operator
      tables:
          partition:
            p1 
          replace: true
          table:
              input format: org.apache.hadoop.hive.ql.io.orc.OrcInputFormat
              output format: org.apache.hadoop.hive.ql.io.orc.OrcOutputFormat
              serde: org.apache.hadoop.hive.ql.io.orc.OrcSerde
              name: default.implicit_cast_during_insert

  Stage: Stage-3
    Stats Work
      Basic Stats Work:
      Column Stats Desc:
          Columns: c1, c2
          Column Types: int, string
          Table: default.implicit_cast_during_insert

PREHOOK: query: insert overwrite table implicit_cast_during_insert partition (p1)
  select key, value, key key1 from (select * from src where key in (0,1)) q
  distribute by key1 sort by key1
PREHOOK: type: QUERY
PREHOOK: Input: default@src
PREHOOK: Output: default@implicit_cast_during_insert
POSTHOOK: query: insert overwrite table implicit_cast_during_insert partition (p1)
  select key, value, key key1 from (select * from src where key in (0,1)) q
  distribute by key1 sort by key1
POSTHOOK: type: QUERY
POSTHOOK: Input: default@src
POSTHOOK: Output: default@implicit_cast_during_insert
POSTHOOK: Output: default@implicit_cast_during_insert@p1=0
POSTHOOK: Lineage: implicit_cast_during_insert PARTITION(p1=0).c1 EXPRESSION [(src)src.FieldSchema(name:key, type:string, comment:default), ]
POSTHOOK: Lineage: implicit_cast_during_insert PARTITION(p1=0).c2 SIMPLE [(src)src.FieldSchema(name:value, type:string, comment:default), ]
PREHOOK: query: select * from implicit_cast_during_insert
PREHOOK: type: QUERY
PREHOOK: Input: default@implicit_cast_during_insert
PREHOOK: Input: default@implicit_cast_during_insert@p1=0
#### A masked pattern was here ####
POSTHOOK: query: select * from implicit_cast_during_insert
POSTHOOK: type: QUERY
POSTHOOK: Input: default@implicit_cast_during_insert
POSTHOOK: Input: default@implicit_cast_during_insert@p1=0
#### A masked pattern was here ####
0	val_0	0
0	val_0	0
0	val_0	0
PREHOOK: query: drop table implicit_cast_during_insert
PREHOOK: type: DROPTABLE
PREHOOK: Input: default@implicit_cast_during_insert
PREHOOK: Output: default@implicit_cast_during_insert
POSTHOOK: query: drop table implicit_cast_during_insert
POSTHOOK: type: DROPTABLE
POSTHOOK: Input: default@implicit_cast_during_insert
POSTHOOK: Output: default@implicit_cast_during_insert
