PREHOOK: query: create table t2(a integer, b string) STORED AS ORC
PREHOOK: type: CREATETABLE
PREHOOK: Output: database:default
PREHOOK: Output: default@t2
POSTHOOK: query: create table t2(a integer, b string) STORED AS ORC
POSTHOOK: type: CREATETABLE
POSTHOOK: Output: database:default
POSTHOOK: Output: default@t2
PREHOOK: query: insert into t2 values (1, 'A1'),(2, 'A2'),(3, 'A3'),(4, 'A4'),(5, 'A5'),
                      (6, 'B1'),(7, 'B2'),(8, 'B3'),(9, 'B4'),(20, 'B5')
PREHOOK: type: QUERY
PREHOOK: Input: _dummy_database@_dummy_table
PREHOOK: Output: default@t2
POSTHOOK: query: insert into t2 values (1, 'A1'),(2, 'A2'),(3, 'A3'),(4, 'A4'),(5, 'A5'),
                      (6, 'B1'),(7, 'B2'),(8, 'B3'),(9, 'B4'),(20, 'B5')
POSTHOOK: type: QUERY
POSTHOOK: Input: _dummy_database@_dummy_table
POSTHOOK: Output: default@t2
POSTHOOK: Lineage: t2.a SCRIPT []
POSTHOOK: Lineage: t2.b SCRIPT []
PREHOOK: query: analyze table t2 compute statistics for columns
PREHOOK: type: ANALYZE_TABLE
PREHOOK: Input: default@t2
PREHOOK: Output: default@t2
#### A masked pattern was here ####
POSTHOOK: query: analyze table t2 compute statistics for columns
POSTHOOK: type: ANALYZE_TABLE
POSTHOOK: Input: default@t2
POSTHOOK: Output: default@t2
#### A masked pattern was here ####
PREHOOK: query: explain select a from t2 where a IN (-1,0,1,2,10,11,12,13,14,15,20,30,40) order by a
PREHOOK: type: QUERY
PREHOOK: Input: default@t2
#### A masked pattern was here ####
POSTHOOK: query: explain select a from t2 where a IN (-1,0,1,2,10,11,12,13,14,15,20,30,40) order by a
POSTHOOK: type: QUERY
POSTHOOK: Input: default@t2
#### A masked pattern was here ####
STAGE DEPENDENCIES:
  Stage-1 is a root stage
  Stage-0 depends on stages: Stage-1

STAGE PLANS:
  Stage: Stage-1
    Tez
#### A masked pattern was here ####
      Edges:
        Reducer 2 <- Map 1 (SIMPLE_EDGE)
#### A masked pattern was here ####
      Vertices:
        Map 1 
            Map Operator Tree:
                TableScan
                  alias: t2
                  filterExpr: (a) IN (-1, 0, 1, 2, 10, 11, 12, 13, 14, 15, 20, 30, 40) (type: boolean)
                  Statistics: Num rows: 10 Data size: 40 Basic stats: COMPLETE Column stats: COMPLETE
                  Filter Operator
                    predicate: (a) IN (-1, 0, 1, 2, 10, 11, 12, 13, 14, 15, 20, 30, 40) (type: boolean)
                    Statistics: Num rows: 9 Data size: 36 Basic stats: COMPLETE Column stats: COMPLETE
                    Select Operator
                      expressions: a (type: int)
                      outputColumnNames: _col0
                      Statistics: Num rows: 9 Data size: 36 Basic stats: COMPLETE Column stats: COMPLETE
                      Reduce Output Operator
                        key expressions: _col0 (type: int)
                        null sort order: z
                        sort order: +
                        Statistics: Num rows: 9 Data size: 36 Basic stats: COMPLETE Column stats: COMPLETE
            Execution mode: vectorized, llap
            LLAP IO: all inputs
        Reducer 2 
            Execution mode: vectorized, llap
            Reduce Operator Tree:
              Select Operator
                expressions: KEY.reducesinkkey0 (type: int)
                outputColumnNames: _col0
                Statistics: Num rows: 9 Data size: 36 Basic stats: COMPLETE Column stats: COMPLETE
                File Output Operator
                  compressed: false
                  Statistics: Num rows: 9 Data size: 36 Basic stats: COMPLETE Column stats: COMPLETE
                  table:
                      input format: org.apache.hadoop.mapred.SequenceFileInputFormat
                      output format: org.apache.hadoop.hive.ql.io.HiveSequenceFileOutputFormat
                      serde: org.apache.hadoop.hive.serde2.lazy.LazySimpleSerDe

  Stage: Stage-0
    Fetch Operator
      limit: -1
      Processor Tree:
        ListSink

PREHOOK: query: explain select a from t2 where a IN (-1,0,1,2,10,11,12,13,14,15,20,30,40) order by a
PREHOOK: type: QUERY
PREHOOK: Input: default@t2
#### A masked pattern was here ####
POSTHOOK: query: explain select a from t2 where a IN (-1,0,1,2,10,11,12,13,14,15,20,30,40) order by a
POSTHOOK: type: QUERY
POSTHOOK: Input: default@t2
#### A masked pattern was here ####
STAGE DEPENDENCIES:
  Stage-1 is a root stage
  Stage-0 depends on stages: Stage-1

STAGE PLANS:
  Stage: Stage-1
    Tez
#### A masked pattern was here ####
      Edges:
        Reducer 2 <- Map 1 (SIMPLE_EDGE)
#### A masked pattern was here ####
      Vertices:
        Map 1 
            Map Operator Tree:
                TableScan
                  alias: t2
                  filterExpr: (a) IN (-1, 0, 1, 2, 10, 11, 12, 13, 14, 15, 20, 30, 40) (type: boolean)
                  Statistics: Num rows: 10 Data size: 40 Basic stats: COMPLETE Column stats: COMPLETE
                  Filter Operator
                    predicate: (a) IN (-1, 0, 1, 2, 10, 11, 12, 13, 14, 15, 20, 30, 40) (type: boolean)
                    Statistics: Num rows: 3 Data size: 12 Basic stats: COMPLETE Column stats: COMPLETE
                    Select Operator
                      expressions: a (type: int)
                      outputColumnNames: _col0
                      Statistics: Num rows: 3 Data size: 12 Basic stats: COMPLETE Column stats: COMPLETE
                      Reduce Output Operator
                        key expressions: _col0 (type: int)
                        null sort order: z
                        sort order: +
                        Statistics: Num rows: 3 Data size: 12 Basic stats: COMPLETE Column stats: COMPLETE
            Execution mode: vectorized, llap
            LLAP IO: all inputs
        Reducer 2 
            Execution mode: vectorized, llap
            Reduce Operator Tree:
              Select Operator
                expressions: KEY.reducesinkkey0 (type: int)
                outputColumnNames: _col0
                Statistics: Num rows: 3 Data size: 12 Basic stats: COMPLETE Column stats: COMPLETE
                File Output Operator
                  compressed: false
                  Statistics: Num rows: 3 Data size: 12 Basic stats: COMPLETE Column stats: COMPLETE
                  table:
                      input format: org.apache.hadoop.mapred.SequenceFileInputFormat
                      output format: org.apache.hadoop.hive.ql.io.HiveSequenceFileOutputFormat
                      serde: org.apache.hadoop.hive.serde2.lazy.LazySimpleSerDe

  Stage: Stage-0
    Fetch Operator
      limit: -1
      Processor Tree:
        ListSink

PREHOOK: query: explain select a from t2 where b IN ('A3', 'ABC', 'AXZ') order by a
PREHOOK: type: QUERY
PREHOOK: Input: default@t2
#### A masked pattern was here ####
POSTHOOK: query: explain select a from t2 where b IN ('A3', 'ABC', 'AXZ') order by a
POSTHOOK: type: QUERY
POSTHOOK: Input: default@t2
#### A masked pattern was here ####
STAGE DEPENDENCIES:
  Stage-1 is a root stage
  Stage-0 depends on stages: Stage-1

STAGE PLANS:
  Stage: Stage-1
    Tez
#### A masked pattern was here ####
      Edges:
        Reducer 2 <- Map 1 (SIMPLE_EDGE)
#### A masked pattern was here ####
      Vertices:
        Map 1 
            Map Operator Tree:
                TableScan
                  alias: t2
                  filterExpr: (b) IN ('A3', 'ABC', 'AXZ') (type: boolean)
                  Statistics: Num rows: 10 Data size: 900 Basic stats: COMPLETE Column stats: COMPLETE
                  Filter Operator
                    predicate: (b) IN ('A3', 'ABC', 'AXZ') (type: boolean)
                    Statistics: Num rows: 1 Data size: 90 Basic stats: COMPLETE Column stats: COMPLETE
                    Select Operator
                      expressions: a (type: int)
                      outputColumnNames: _col0
                      Statistics: Num rows: 1 Data size: 4 Basic stats: COMPLETE Column stats: COMPLETE
                      Reduce Output Operator
                        key expressions: _col0 (type: int)
                        null sort order: z
                        sort order: +
                        Statistics: Num rows: 1 Data size: 4 Basic stats: COMPLETE Column stats: COMPLETE
            Execution mode: vectorized, llap
            LLAP IO: all inputs
        Reducer 2 
            Execution mode: vectorized, llap
            Reduce Operator Tree:
              Select Operator
                expressions: KEY.reducesinkkey0 (type: int)
                outputColumnNames: _col0
                Statistics: Num rows: 1 Data size: 4 Basic stats: COMPLETE Column stats: COMPLETE
                File Output Operator
                  compressed: false
                  Statistics: Num rows: 1 Data size: 4 Basic stats: COMPLETE Column stats: COMPLETE
                  table:
                      input format: org.apache.hadoop.mapred.SequenceFileInputFormat
                      output format: org.apache.hadoop.hive.ql.io.HiveSequenceFileOutputFormat
                      serde: org.apache.hadoop.hive.serde2.lazy.LazySimpleSerDe

  Stage: Stage-0
    Fetch Operator
      limit: -1
      Processor Tree:
        ListSink

PREHOOK: query: explain select a from t2 where b IN ('A3', 'B1', 'B5') order by a
PREHOOK: type: QUERY
PREHOOK: Input: default@t2
#### A masked pattern was here ####
POSTHOOK: query: explain select a from t2 where b IN ('A3', 'B1', 'B5') order by a
POSTHOOK: type: QUERY
POSTHOOK: Input: default@t2
#### A masked pattern was here ####
STAGE DEPENDENCIES:
  Stage-1 is a root stage
  Stage-0 depends on stages: Stage-1

STAGE PLANS:
  Stage: Stage-1
    Tez
#### A masked pattern was here ####
      Edges:
        Reducer 2 <- Map 1 (SIMPLE_EDGE)
#### A masked pattern was here ####
      Vertices:
        Map 1 
            Map Operator Tree:
                TableScan
                  alias: t2
                  filterExpr: (b) IN ('A3', 'B1', 'B5') (type: boolean)
                  Statistics: Num rows: 10 Data size: 900 Basic stats: COMPLETE Column stats: COMPLETE
                  Filter Operator
                    predicate: (b) IN ('A3', 'B1', 'B5') (type: boolean)
                    Statistics: Num rows: 3 Data size: 270 Basic stats: COMPLETE Column stats: COMPLETE
                    Select Operator
                      expressions: a (type: int)
                      outputColumnNames: _col0
                      Statistics: Num rows: 3 Data size: 12 Basic stats: COMPLETE Column stats: COMPLETE
                      Reduce Output Operator
                        key expressions: _col0 (type: int)
                        null sort order: z
                        sort order: +
                        Statistics: Num rows: 3 Data size: 12 Basic stats: COMPLETE Column stats: COMPLETE
            Execution mode: vectorized, llap
            LLAP IO: all inputs
        Reducer 2 
            Execution mode: vectorized, llap
            Reduce Operator Tree:
              Select Operator
                expressions: KEY.reducesinkkey0 (type: int)
                outputColumnNames: _col0
                Statistics: Num rows: 3 Data size: 12 Basic stats: COMPLETE Column stats: COMPLETE
                File Output Operator
                  compressed: false
                  Statistics: Num rows: 3 Data size: 12 Basic stats: COMPLETE Column stats: COMPLETE
                  table:
                      input format: org.apache.hadoop.mapred.SequenceFileInputFormat
                      output format: org.apache.hadoop.hive.ql.io.HiveSequenceFileOutputFormat
                      serde: org.apache.hadoop.hive.serde2.lazy.LazySimpleSerDe

  Stage: Stage-0
    Fetch Operator
      limit: -1
      Processor Tree:
        ListSink

