PREHOOK: query: CREATE TABLE dest1_n13(key INT, value STRING) STORED AS TEXTFILE
PREHOOK: type: CREATETABLE
PREHOOK: Output: database:default
PREHOOK: Output: default@dest1_n13
POSTHOOK: query: CREATE TABLE dest1_n13(key INT, value STRING) STORED AS TEXTFILE
POSTHOOK: type: CREATETABLE
POSTHOOK: Output: database:default
POSTHOOK: Output: default@dest1_n13
PREHOOK: query: EXPLAIN
FROM (
  FROM src
  SELECT TRANSFORM(src.key, src.value)
         USING 'cat' AS (tkey, tvalue) 
  CLUSTER BY tkey LIMIT 20
) tmap
INSERT OVERWRITE TABLE dest1_n13 SELECT tmap.tkey, tmap.tvalue WHERE tmap.tkey < 100
PREHOOK: type: QUERY
PREHOOK: Input: default@src
PREHOOK: Output: default@dest1_n13
POSTHOOK: query: EXPLAIN
FROM (
  FROM src
  SELECT TRANSFORM(src.key, src.value)
         USING 'cat' AS (tkey, tvalue) 
  CLUSTER BY tkey LIMIT 20
) tmap
INSERT OVERWRITE TABLE dest1_n13 SELECT tmap.tkey, tmap.tvalue WHERE tmap.tkey < 100
POSTHOOK: type: QUERY
POSTHOOK: Input: default@src
POSTHOOK: Output: default@dest1_n13
STAGE DEPENDENCIES:
  Stage-1 is a root stage
  Stage-2 depends on stages: Stage-1
  Stage-0 depends on stages: Stage-2
  Stage-3 depends on stages: Stage-0

STAGE PLANS:
  Stage: Stage-1
    Tez
#### A masked pattern was here ####
      Edges:
        Reducer 2 <- Map 1 (SIMPLE_EDGE)
        Reducer 3 <- Reducer 2 (SIMPLE_EDGE)
#### A masked pattern was here ####
      Vertices:
        Map 1 
            Map Operator Tree:
                TableScan
                  alias: src
                  Statistics: Num rows: 500 Data size: 89000 Basic stats: COMPLETE Column stats: COMPLETE
                  Select Operator
                    expressions: key (type: string), value (type: string)
                    outputColumnNames: _col0, _col1
                    Statistics: Num rows: 500 Data size: 89000 Basic stats: COMPLETE Column stats: COMPLETE
                    Transform Operator
                      command: cat
                      output info:
                          input format: org.apache.hadoop.mapred.TextInputFormat
                          output format: org.apache.hadoop.hive.ql.io.HiveIgnoreKeyTextOutputFormat
                          serde: org.apache.hadoop.hive.serde2.lazy.LazySimpleSerDe
                      Statistics: Num rows: 500 Data size: 89000 Basic stats: COMPLETE Column stats: COMPLETE
                      Top N Key Operator
                        sort order: +
                        keys: _col0 (type: string)
                        null sort order: a
                        Statistics: Num rows: 500 Data size: 89000 Basic stats: COMPLETE Column stats: COMPLETE
                        top n: 20
                        Reduce Output Operator
                          key expressions: _col0 (type: string)
                          null sort order: a
                          sort order: +
                          Map-reduce partition columns: _col0 (type: string)
                          Statistics: Num rows: 500 Data size: 89000 Basic stats: COMPLETE Column stats: COMPLETE
                          value expressions: _col0 (type: string), _col1 (type: string)
        Reducer 2 
            Execution mode: vectorized, llap
            Reduce Operator Tree:
              Limit
                Number of rows: 20
                Statistics: Num rows: 20 Data size: 5300 Basic stats: COMPLETE Column stats: COMPLETE
                Top N Key Operator
                  sort order: +
                  keys: VALUE._col0 (type: string)
                  null sort order: a
                  Statistics: Num rows: 20 Data size: 5300 Basic stats: COMPLETE Column stats: COMPLETE
                  top n: 20
                  Select Operator
                    expressions: VALUE._col0 (type: string), VALUE._col1 (type: string)
                    outputColumnNames: _col0, _col1
                    Statistics: Num rows: 20 Data size: 3560 Basic stats: COMPLETE Column stats: COMPLETE
                    Reduce Output Operator
                      key expressions: _col0 (type: string)
                      null sort order: a
                      sort order: +
                      Map-reduce partition columns: _col0 (type: string)
                      Statistics: Num rows: 20 Data size: 3560 Basic stats: COMPLETE Column stats: COMPLETE
                      value expressions: _col1 (type: string)
        Reducer 3 
            Execution mode: vectorized, llap
            Reduce Operator Tree:
              Limit
                Number of rows: 20
                Statistics: Num rows: 20 Data size: 3560 Basic stats: COMPLETE Column stats: COMPLETE
                Select Operator
                  expressions: KEY.reducesinkkey0 (type: string), VALUE._col0 (type: string)
                  outputColumnNames: _col0, _col1
                  Statistics: Num rows: 20 Data size: 3560 Basic stats: COMPLETE Column stats: COMPLETE
                  Filter Operator
                    predicate: (_col0 < 100) (type: boolean)
                    Statistics: Num rows: 6 Data size: 1068 Basic stats: COMPLETE Column stats: COMPLETE
                    Select Operator
                      expressions: UDFToInteger(_col0) (type: int), _col1 (type: string)
                      outputColumnNames: _col0, _col1
                      Statistics: Num rows: 6 Data size: 570 Basic stats: COMPLETE Column stats: COMPLETE
                      File Output Operator
                        compressed: false
                        Statistics: Num rows: 6 Data size: 570 Basic stats: COMPLETE Column stats: COMPLETE
                        table:
                            input format: org.apache.hadoop.mapred.TextInputFormat
                            output format: org.apache.hadoop.hive.ql.io.HiveIgnoreKeyTextOutputFormat
                            serde: org.apache.hadoop.hive.serde2.lazy.LazySimpleSerDe
                            name: default.dest1_n13

  Stage: Stage-2
    Dependency Collection

  Stage: Stage-0
    Move Operator
      tables:
          replace: true
          table:
              input format: org.apache.hadoop.mapred.TextInputFormat
              output format: org.apache.hadoop.hive.ql.io.HiveIgnoreKeyTextOutputFormat
              serde: org.apache.hadoop.hive.serde2.lazy.LazySimpleSerDe
              name: default.dest1_n13

  Stage: Stage-3
    Stats Work
      Basic Stats Work:

PREHOOK: query: FROM (
  FROM src
  SELECT TRANSFORM(src.key, src.value)
         USING 'cat' AS (tkey, tvalue) 
  CLUSTER BY tkey LIMIT 20
) tmap
INSERT OVERWRITE TABLE dest1_n13 SELECT tmap.tkey, tmap.tvalue WHERE tmap.tkey < 100
PREHOOK: type: QUERY
PREHOOK: Input: default@src
PREHOOK: Output: default@dest1_n13
POSTHOOK: query: FROM (
  FROM src
  SELECT TRANSFORM(src.key, src.value)
         USING 'cat' AS (tkey, tvalue) 
  CLUSTER BY tkey LIMIT 20
) tmap
INSERT OVERWRITE TABLE dest1_n13 SELECT tmap.tkey, tmap.tvalue WHERE tmap.tkey < 100
POSTHOOK: type: QUERY
POSTHOOK: Input: default@src
POSTHOOK: Output: default@dest1_n13
POSTHOOK: Lineage: dest1_n13.key SCRIPT [(src)src.FieldSchema(name:key, type:string, comment:default), (src)src.FieldSchema(name:value, type:string, comment:default), ]
POSTHOOK: Lineage: dest1_n13.value SCRIPT [(src)src.FieldSchema(name:key, type:string, comment:default), (src)src.FieldSchema(name:value, type:string, comment:default), ]
PREHOOK: query: SELECT dest1_n13.* FROM dest1_n13
PREHOOK: type: QUERY
PREHOOK: Input: default@dest1_n13
PREHOOK: Output: hdfs://### HDFS PATH ###
POSTHOOK: query: SELECT dest1_n13.* FROM dest1_n13
POSTHOOK: type: QUERY
POSTHOOK: Input: default@dest1_n13
POSTHOOK: Output: hdfs://### HDFS PATH ###
0	val_0
0	val_0
0	val_0
10	val_10
11	val_11
