PREHOOK: query: create table tst(a int, b int) partitioned by (d string)
PREHOOK: type: CREATETABLE
PREHOOK: Output: database:default
PREHOOK: Output: default@tst
POSTHOOK: query: create table tst(a int, b int) partitioned by (d string)
POSTHOOK: type: CREATETABLE
POSTHOOK: Output: database:default
POSTHOOK: Output: default@tst
PREHOOK: query: alter table tst add partition (d='2009-01-01')
PREHOOK: type: ALTERTABLE_ADDPARTS
PREHOOK: Output: default@tst
POSTHOOK: query: alter table tst add partition (d='2009-01-01')
POSTHOOK: type: ALTERTABLE_ADDPARTS
POSTHOOK: Output: default@tst
POSTHOOK: Output: default@tst@d=2009-01-01
PREHOOK: query: alter table tst add partition (d='2009-02-02')
PREHOOK: type: ALTERTABLE_ADDPARTS
PREHOOK: Output: default@tst
POSTHOOK: query: alter table tst add partition (d='2009-02-02')
POSTHOOK: type: ALTERTABLE_ADDPARTS
POSTHOOK: Output: default@tst
POSTHOOK: Output: default@tst@d=2009-02-02
PREHOOK: query: explain
select * from (
  select * from (select * from tst x where x.d='2009-01-01' limit 10)a
    union all
  select * from (select * from tst x where x.d='2009-02-02' limit 10)b
) subq
PREHOOK: type: QUERY
PREHOOK: Input: default@tst
PREHOOK: Input: default@tst@d=2009-01-01
PREHOOK: Input: default@tst@d=2009-02-02
#### A masked pattern was here ####
POSTHOOK: query: explain
select * from (
  select * from (select * from tst x where x.d='2009-01-01' limit 10)a
    union all
  select * from (select * from tst x where x.d='2009-02-02' limit 10)b
) subq
POSTHOOK: type: QUERY
POSTHOOK: Input: default@tst
POSTHOOK: Input: default@tst@d=2009-01-01
POSTHOOK: Input: default@tst@d=2009-02-02
#### A masked pattern was here ####
STAGE DEPENDENCIES:
  Stage-1 is a root stage
  Stage-0 depends on stages: Stage-1

STAGE PLANS:
  Stage: Stage-1
    Tez
#### A masked pattern was here ####
      Edges:
        Reducer 2 <- Map 1 (CUSTOM_SIMPLE_EDGE), Union 3 (CONTAINS)
        Reducer 5 <- Map 4 (CUSTOM_SIMPLE_EDGE), Union 3 (CONTAINS)
#### A masked pattern was here ####
      Vertices:
        Map 1 
            Map Operator Tree:
                TableScan
                  alias: x
                  filterExpr: (d = '2009-01-01') (type: boolean)
                  Statistics: Num rows: 1 Data size: 8 Basic stats: PARTIAL Column stats: NONE
                  Limit
                    Number of rows: 10
                    Statistics: Num rows: 1 Data size: 8 Basic stats: PARTIAL Column stats: NONE
                    Select Operator
                      expressions: a (type: int), b (type: int)
                      outputColumnNames: _col0, _col1
                      Statistics: Num rows: 1 Data size: 8 Basic stats: PARTIAL Column stats: NONE
                      Reduce Output Operator
                        null sort order: 
                        sort order: 
                        Statistics: Num rows: 1 Data size: 8 Basic stats: PARTIAL Column stats: NONE
                        TopN Hash Memory Usage: 0.1
                        value expressions: _col0 (type: int), _col1 (type: int)
            Execution mode: vectorized, llap
            LLAP IO: all inputs
        Map 4 
            Map Operator Tree:
                TableScan
                  alias: x
                  filterExpr: (d = '2009-02-02') (type: boolean)
                  Statistics: Num rows: 1 Data size: 8 Basic stats: PARTIAL Column stats: NONE
                  Limit
                    Number of rows: 10
                    Statistics: Num rows: 1 Data size: 8 Basic stats: PARTIAL Column stats: NONE
                    Select Operator
                      expressions: a (type: int), b (type: int)
                      outputColumnNames: _col0, _col1
                      Statistics: Num rows: 1 Data size: 8 Basic stats: PARTIAL Column stats: NONE
                      Reduce Output Operator
                        null sort order: 
                        sort order: 
                        Statistics: Num rows: 1 Data size: 8 Basic stats: PARTIAL Column stats: NONE
                        TopN Hash Memory Usage: 0.1
                        value expressions: _col0 (type: int), _col1 (type: int)
            Execution mode: vectorized, llap
            LLAP IO: all inputs
        Reducer 2 
            Execution mode: vectorized, llap
            Reduce Operator Tree:
              Limit
                Number of rows: 10
                Statistics: Num rows: 1 Data size: 8 Basic stats: PARTIAL Column stats: NONE
                Select Operator
                  expressions: VALUE._col0 (type: int), VALUE._col1 (type: int), '2009-01-01' (type: string)
                  outputColumnNames: _col0, _col1, _col2
                  Statistics: Num rows: 1 Data size: 8 Basic stats: PARTIAL Column stats: NONE
                  File Output Operator
                    compressed: false
                    Statistics: Num rows: 2 Data size: 16 Basic stats: PARTIAL Column stats: NONE
                    table:
                        input format: org.apache.hadoop.mapred.SequenceFileInputFormat
                        output format: org.apache.hadoop.hive.ql.io.HiveSequenceFileOutputFormat
                        serde: org.apache.hadoop.hive.serde2.lazy.LazySimpleSerDe
        Reducer 5 
            Execution mode: vectorized, llap
            Reduce Operator Tree:
              Limit
                Number of rows: 10
                Statistics: Num rows: 1 Data size: 8 Basic stats: PARTIAL Column stats: NONE
                Select Operator
                  expressions: VALUE._col0 (type: int), VALUE._col1 (type: int), '2009-02-02' (type: string)
                  outputColumnNames: _col0, _col1, _col2
                  Statistics: Num rows: 1 Data size: 8 Basic stats: PARTIAL Column stats: NONE
                  File Output Operator
                    compressed: false
                    Statistics: Num rows: 2 Data size: 16 Basic stats: PARTIAL Column stats: NONE
                    table:
                        input format: org.apache.hadoop.mapred.SequenceFileInputFormat
                        output format: org.apache.hadoop.hive.ql.io.HiveSequenceFileOutputFormat
                        serde: org.apache.hadoop.hive.serde2.lazy.LazySimpleSerDe
        Union 3 
            Vertex: Union 3

  Stage: Stage-0
    Fetch Operator
      limit: -1
      Processor Tree:
        ListSink

PREHOOK: query: select * from (
  select * from (select * from tst x where x.d='2009-01-01' limit 10)a
    union all
  select * from (select * from tst x where x.d='2009-02-02' limit 10)b
) subq
PREHOOK: type: QUERY
PREHOOK: Input: default@tst
PREHOOK: Input: default@tst@d=2009-01-01
PREHOOK: Input: default@tst@d=2009-02-02
#### A masked pattern was here ####
POSTHOOK: query: select * from (
  select * from (select * from tst x where x.d='2009-01-01' limit 10)a
    union all
  select * from (select * from tst x where x.d='2009-02-02' limit 10)b
) subq
POSTHOOK: type: QUERY
POSTHOOK: Input: default@tst
POSTHOOK: Input: default@tst@d=2009-01-01
POSTHOOK: Input: default@tst@d=2009-02-02
#### A masked pattern was here ####
