PREHOOK: query: CREATE TABLE dest1_n32(lint_size INT, lintstring_size INT, mstringstring_size INT) STORED AS TEXTFILE
PREHOOK: type: CREATETABLE
PREHOOK: Output: database:default
PREHOOK: Output: default@dest1_n32
POSTHOOK: query: CREATE TABLE dest1_n32(lint_size INT, lintstring_size INT, mstringstring_size INT) STORED AS TEXTFILE
POSTHOOK: type: CREATETABLE
POSTHOOK: Output: database:default
POSTHOOK: Output: default@dest1_n32
PREHOOK: query: EXPLAIN
FROM src_thrift
INSERT OVERWRITE TABLE dest1_n32 SELECT size(src_thrift.lint), size(src_thrift.lintstring), size(src_thrift.mstringstring) where src_thrift.lint IS NOT NULL AND NOT (src_thrift.mstringstring IS NULL)
PREHOOK: type: QUERY
PREHOOK: Input: default@src_thrift
PREHOOK: Output: default@dest1_n32
POSTHOOK: query: EXPLAIN
FROM src_thrift
INSERT OVERWRITE TABLE dest1_n32 SELECT size(src_thrift.lint), size(src_thrift.lintstring), size(src_thrift.mstringstring) where src_thrift.lint IS NOT NULL AND NOT (src_thrift.mstringstring IS NULL)
POSTHOOK: type: QUERY
POSTHOOK: Input: default@src_thrift
POSTHOOK: Output: default@dest1_n32
STAGE DEPENDENCIES:
  Stage-1 is a root stage
  Stage-2 depends on stages: Stage-1
  Stage-0 depends on stages: Stage-2
  Stage-3 depends on stages: Stage-0

STAGE PLANS:
  Stage: Stage-1
    Tez
#### A masked pattern was here ####
      Edges:
        Reducer 2 <- Map 1 (CUSTOM_SIMPLE_EDGE)
#### A masked pattern was here ####
      Vertices:
        Map 1 
            Map Operator Tree:
                TableScan
                  alias: src_thrift
                  filterExpr: (lint is not null and mstringstring is not null) (type: boolean)
                  Statistics: Num rows: 11 Data size: 39600 Basic stats: COMPLETE Column stats: NONE
                  Filter Operator
                    predicate: (lint is not null and mstringstring is not null) (type: boolean)
                    Statistics: Num rows: 11 Data size: 39600 Basic stats: COMPLETE Column stats: NONE
                    Select Operator
                      expressions: size(lint) (type: int), size(lintstring) (type: int), size(mstringstring) (type: int)
                      outputColumnNames: _col0, _col1, _col2
                      Statistics: Num rows: 11 Data size: 39600 Basic stats: COMPLETE Column stats: NONE
                      File Output Operator
                        compressed: false
                        Statistics: Num rows: 11 Data size: 39600 Basic stats: COMPLETE Column stats: NONE
                        table:
                            input format: org.apache.hadoop.mapred.TextInputFormat
                            output format: org.apache.hadoop.hive.ql.io.HiveIgnoreKeyTextOutputFormat
                            serde: org.apache.hadoop.hive.serde2.lazy.LazySimpleSerDe
                            name: default.dest1_n32
                      Select Operator
                        expressions: _col0 (type: int), _col1 (type: int), _col2 (type: int)
                        outputColumnNames: lint_size, lintstring_size, mstringstring_size
                        Statistics: Num rows: 11 Data size: 39600 Basic stats: COMPLETE Column stats: NONE
                        Group By Operator
                          aggregations: min(lint_size), max(lint_size), count(1), count(lint_size), compute_bit_vector_hll(lint_size), min(lintstring_size), max(lintstring_size), count(lintstring_size), compute_bit_vector_hll(lintstring_size), min(mstringstring_size), max(mstringstring_size), count(mstringstring_size), compute_bit_vector_hll(mstringstring_size)
                          minReductionHashAggr: 0.99
                          mode: hash
                          outputColumnNames: _col0, _col1, _col2, _col3, _col4, _col5, _col6, _col7, _col8, _col9, _col10, _col11, _col12
                          Statistics: Num rows: 1 Data size: 4088 Basic stats: COMPLETE Column stats: NONE
                          Reduce Output Operator
                            null sort order: 
                            sort order: 
                            Statistics: Num rows: 1 Data size: 4088 Basic stats: COMPLETE Column stats: NONE
                            value expressions: _col0 (type: int), _col1 (type: int), _col2 (type: bigint), _col3 (type: bigint), _col4 (type: binary), _col5 (type: int), _col6 (type: int), _col7 (type: bigint), _col8 (type: binary), _col9 (type: int), _col10 (type: int), _col11 (type: bigint), _col12 (type: binary)
            Execution mode: vectorized, llap
            LLAP IO: no inputs
        Reducer 2 
            Execution mode: vectorized, llap
            Reduce Operator Tree:
              Group By Operator
                aggregations: min(VALUE._col0), max(VALUE._col1), count(VALUE._col2), count(VALUE._col3), compute_bit_vector_hll(VALUE._col4), min(VALUE._col5), max(VALUE._col6), count(VALUE._col7), compute_bit_vector_hll(VALUE._col8), min(VALUE._col9), max(VALUE._col10), count(VALUE._col11), compute_bit_vector_hll(VALUE._col12)
                mode: mergepartial
                outputColumnNames: _col0, _col1, _col2, _col3, _col4, _col5, _col6, _col7, _col8, _col9, _col10, _col11, _col12
                Statistics: Num rows: 1 Data size: 4088 Basic stats: COMPLETE Column stats: NONE
                Select Operator
                  expressions: 'LONG' (type: string), UDFToLong(_col0) (type: bigint), UDFToLong(_col1) (type: bigint), (_col2 - _col3) (type: bigint), COALESCE(ndv_compute_bit_vector(_col4),0) (type: bigint), _col4 (type: binary), 'LONG' (type: string), UDFToLong(_col5) (type: bigint), UDFToLong(_col6) (type: bigint), (_col2 - _col7) (type: bigint), COALESCE(ndv_compute_bit_vector(_col8),0) (type: bigint), _col8 (type: binary), 'LONG' (type: string), UDFToLong(_col9) (type: bigint), UDFToLong(_col10) (type: bigint), (_col2 - _col11) (type: bigint), COALESCE(ndv_compute_bit_vector(_col12),0) (type: bigint), _col12 (type: binary)
                  outputColumnNames: _col0, _col1, _col2, _col3, _col4, _col5, _col6, _col7, _col8, _col9, _col10, _col11, _col12, _col13, _col14, _col15, _col16, _col17
                  Statistics: Num rows: 1 Data size: 4088 Basic stats: COMPLETE Column stats: NONE
                  File Output Operator
                    compressed: false
                    Statistics: Num rows: 1 Data size: 4088 Basic stats: COMPLETE Column stats: NONE
                    table:
                        input format: org.apache.hadoop.mapred.SequenceFileInputFormat
                        output format: org.apache.hadoop.hive.ql.io.HiveSequenceFileOutputFormat
                        serde: org.apache.hadoop.hive.serde2.lazy.LazySimpleSerDe

  Stage: Stage-2
    Dependency Collection

  Stage: Stage-0
    Move Operator
      tables:
          replace: true
          table:
              input format: org.apache.hadoop.mapred.TextInputFormat
              output format: org.apache.hadoop.hive.ql.io.HiveIgnoreKeyTextOutputFormat
              serde: org.apache.hadoop.hive.serde2.lazy.LazySimpleSerDe
              name: default.dest1_n32

  Stage: Stage-3
    Stats Work
      Basic Stats Work:
      Column Stats Desc:
          Columns: lint_size, lintstring_size, mstringstring_size
          Column Types: int, int, int
          Table: default.dest1_n32

PREHOOK: query: FROM src_thrift
INSERT OVERWRITE TABLE dest1_n32 SELECT size(src_thrift.lint), size(src_thrift.lintstring), size(src_thrift.mstringstring) where src_thrift.lint IS NOT NULL AND NOT (src_thrift.mstringstring IS NULL)
PREHOOK: type: QUERY
PREHOOK: Input: default@src_thrift
PREHOOK: Output: default@dest1_n32
POSTHOOK: query: FROM src_thrift
INSERT OVERWRITE TABLE dest1_n32 SELECT size(src_thrift.lint), size(src_thrift.lintstring), size(src_thrift.mstringstring) where src_thrift.lint IS NOT NULL AND NOT (src_thrift.mstringstring IS NULL)
POSTHOOK: type: QUERY
POSTHOOK: Input: default@src_thrift
POSTHOOK: Output: default@dest1_n32
POSTHOOK: Lineage: dest1_n32.lint_size EXPRESSION [(src_thrift)src_thrift.FieldSchema(name:lint, type:array<int>, comment:from deserializer), ]
POSTHOOK: Lineage: dest1_n32.lintstring_size EXPRESSION [(src_thrift)src_thrift.FieldSchema(name:lintstring, type:array<struct<myint:int,mystring:string,underscore_int:int>>, comment:from deserializer), ]
POSTHOOK: Lineage: dest1_n32.mstringstring_size EXPRESSION [(src_thrift)src_thrift.FieldSchema(name:mstringstring, type:map<string,string>, comment:from deserializer), ]
PREHOOK: query: SELECT dest1_n32.* FROM dest1_n32
PREHOOK: type: QUERY
PREHOOK: Input: default@dest1_n32
#### A masked pattern was here ####
POSTHOOK: query: SELECT dest1_n32.* FROM dest1_n32
POSTHOOK: type: QUERY
POSTHOOK: Input: default@dest1_n32
#### A masked pattern was here ####
3	1	1
3	1	1
3	1	1
3	1	1
3	1	1
3	1	1
3	1	1
3	1	1
3	1	1
3	1	1
