PREHOOK: query: CREATE TABLE dest1_n152(key INT, value STRING) STORED AS TEXTFILE
PREHOOK: type: CREATETABLE
PREHOOK: Output: database:default
PREHOOK: Output: default@dest1_n152
POSTHOOK: query: CREATE TABLE dest1_n152(key INT, value STRING) STORED AS TEXTFILE
POSTHOOK: type: CREATETABLE
POSTHOOK: Output: database:default
POSTHOOK: Output: default@dest1_n152
PREHOOK: query: EXPLAIN
FROM src
INSERT OVERWRITE TABLE dest1_n152 SELECT src.key, src.value WHERE src.key < 100
PREHOOK: type: QUERY
PREHOOK: Input: default@src
PREHOOK: Output: default@dest1_n152
POSTHOOK: query: EXPLAIN
FROM src
INSERT OVERWRITE TABLE dest1_n152 SELECT src.key, src.value WHERE src.key < 100
POSTHOOK: type: QUERY
POSTHOOK: Input: default@src
POSTHOOK: Output: default@dest1_n152
STAGE DEPENDENCIES:
  Stage-1 is a root stage
  Stage-2 depends on stages: Stage-1
  Stage-0 depends on stages: Stage-2
  Stage-3 depends on stages: Stage-0

STAGE PLANS:
  Stage: Stage-1
    Tez
#### A masked pattern was here ####
      Edges:
        Reducer 2 <- Map 1 (CUSTOM_SIMPLE_EDGE)
#### A masked pattern was here ####
      Vertices:
        Map 1 
            Map Operator Tree:
                TableScan
                  alias: src
                  filterExpr: (UDFToDouble(key) < 100.0D) (type: boolean)
                  Statistics: Num rows: 500 Data size: 89000 Basic stats: COMPLETE Column stats: COMPLETE
                  Filter Operator
                    predicate: (UDFToDouble(key) < 100.0D) (type: boolean)
                    Statistics: Num rows: 166 Data size: 29548 Basic stats: COMPLETE Column stats: COMPLETE
                    Select Operator
                      expressions: UDFToInteger(key) (type: int), value (type: string)
                      outputColumnNames: _col0, _col1
                      Statistics: Num rows: 166 Data size: 15770 Basic stats: COMPLETE Column stats: COMPLETE
                      File Output Operator
                        compressed: false
                        Statistics: Num rows: 166 Data size: 15770 Basic stats: COMPLETE Column stats: COMPLETE
                        table:
                            input format: org.apache.hadoop.mapred.TextInputFormat
                            output format: org.apache.hadoop.hive.ql.io.HiveIgnoreKeyTextOutputFormat
                            serde: org.apache.hadoop.hive.serde2.lazy.LazySimpleSerDe
                            name: default.dest1_n152
                      Select Operator
                        expressions: _col0 (type: int), _col1 (type: string)
                        outputColumnNames: key, value
                        Statistics: Num rows: 166 Data size: 15770 Basic stats: COMPLETE Column stats: COMPLETE
                        Group By Operator
                          aggregations: min(key), max(key), count(1), count(key), compute_bit_vector_hll(key), max(length(value)), avg(COALESCE(length(value),0)), count(value), compute_bit_vector_hll(value)
                          minReductionHashAggr: 0.99
                          mode: hash
                          outputColumnNames: _col0, _col1, _col2, _col3, _col4, _col5, _col6, _col7, _col8
                          Statistics: Num rows: 1 Data size: 400 Basic stats: COMPLETE Column stats: COMPLETE
                          Reduce Output Operator
                            null sort order: 
                            sort order: 
                            Statistics: Num rows: 1 Data size: 400 Basic stats: COMPLETE Column stats: COMPLETE
                            value expressions: _col0 (type: int), _col1 (type: int), _col2 (type: bigint), _col3 (type: bigint), _col4 (type: binary), _col5 (type: int), _col6 (type: struct<count:bigint,sum:double,input:int>), _col7 (type: bigint), _col8 (type: binary)
            Execution mode: vectorized, llap
            LLAP IO: all inputs
        Reducer 2 
            Execution mode: vectorized, llap
            Reduce Operator Tree:
              Group By Operator
                aggregations: min(VALUE._col0), max(VALUE._col1), count(VALUE._col2), count(VALUE._col3), compute_bit_vector_hll(VALUE._col4), max(VALUE._col5), avg(VALUE._col6), count(VALUE._col7), compute_bit_vector_hll(VALUE._col8)
                mode: mergepartial
                outputColumnNames: _col0, _col1, _col2, _col3, _col4, _col5, _col6, _col7, _col8
                Statistics: Num rows: 1 Data size: 332 Basic stats: COMPLETE Column stats: COMPLETE
                Select Operator
                  expressions: 'LONG' (type: string), UDFToLong(_col0) (type: bigint), UDFToLong(_col1) (type: bigint), (_col2 - _col3) (type: bigint), COALESCE(ndv_compute_bit_vector(_col4),0) (type: bigint), _col4 (type: binary), 'STRING' (type: string), UDFToLong(COALESCE(_col5,0)) (type: bigint), COALESCE(_col6,0) (type: double), (_col2 - _col7) (type: bigint), COALESCE(ndv_compute_bit_vector(_col8),0) (type: bigint), _col8 (type: binary)
                  outputColumnNames: _col0, _col1, _col2, _col3, _col4, _col5, _col6, _col7, _col8, _col9, _col10, _col11
                  Statistics: Num rows: 1 Data size: 530 Basic stats: COMPLETE Column stats: COMPLETE
                  File Output Operator
                    compressed: false
                    Statistics: Num rows: 1 Data size: 530 Basic stats: COMPLETE Column stats: COMPLETE
                    table:
                        input format: org.apache.hadoop.mapred.SequenceFileInputFormat
                        output format: org.apache.hadoop.hive.ql.io.HiveSequenceFileOutputFormat
                        serde: org.apache.hadoop.hive.serde2.lazy.LazySimpleSerDe

  Stage: Stage-2
    Dependency Collection

  Stage: Stage-0
    Move Operator
      tables:
          replace: true
          table:
              input format: org.apache.hadoop.mapred.TextInputFormat
              output format: org.apache.hadoop.hive.ql.io.HiveIgnoreKeyTextOutputFormat
              serde: org.apache.hadoop.hive.serde2.lazy.LazySimpleSerDe
              name: default.dest1_n152

  Stage: Stage-3
    Stats Work
      Basic Stats Work:
      Column Stats Desc:
          Columns: key, value
          Column Types: int, string
          Table: default.dest1_n152

PREHOOK: query: FROM src
INSERT OVERWRITE TABLE dest1_n152 SELECT src.key, src.value WHERE src.key < 100
PREHOOK: type: QUERY
PREHOOK: Input: default@src
PREHOOK: Output: default@dest1_n152
POSTHOOK: query: FROM src
INSERT OVERWRITE TABLE dest1_n152 SELECT src.key, src.value WHERE src.key < 100
POSTHOOK: type: QUERY
POSTHOOK: Input: default@src
POSTHOOK: Output: default@dest1_n152
POSTHOOK: Lineage: dest1_n152.key EXPRESSION [(src)src.FieldSchema(name:key, type:string, comment:default), ]
POSTHOOK: Lineage: dest1_n152.value SIMPLE [(src)src.FieldSchema(name:value, type:string, comment:default), ]
PREHOOK: query: SELECT dest1_n152.* FROM dest1_n152
PREHOOK: type: QUERY
PREHOOK: Input: default@dest1_n152
#### A masked pattern was here ####
POSTHOOK: query: SELECT dest1_n152.* FROM dest1_n152
POSTHOOK: type: QUERY
POSTHOOK: Input: default@dest1_n152
#### A masked pattern was here ####
86	val_86
27	val_27
98	val_98
66	val_66
37	val_37
15	val_15
82	val_82
17	val_17
0	val_0
57	val_57
20	val_20
92	val_92
47	val_47
72	val_72
4	val_4
35	val_35
54	val_54
51	val_51
65	val_65
83	val_83
12	val_12
67	val_67
84	val_84
58	val_58
8	val_8
24	val_24
42	val_42
0	val_0
96	val_96
26	val_26
51	val_51
43	val_43
95	val_95
98	val_98
85	val_85
77	val_77
0	val_0
87	val_87
15	val_15
72	val_72
90	val_90
19	val_19
10	val_10
5	val_5
58	val_58
35	val_35
95	val_95
11	val_11
34	val_34
42	val_42
78	val_78
76	val_76
41	val_41
30	val_30
64	val_64
76	val_76
74	val_74
69	val_69
33	val_33
70	val_70
5	val_5
2	val_2
35	val_35
80	val_80
44	val_44
53	val_53
90	val_90
12	val_12
5	val_5
70	val_70
24	val_24
70	val_70
83	val_83
26	val_26
67	val_67
18	val_18
9	val_9
18	val_18
97	val_97
84	val_84
28	val_28
37	val_37
90	val_90
97	val_97
