PREHOOK: query: CREATE TABLE dest1_n6(key INT, value STRING, mapvalue STRING) STORED AS TEXTFILE
PREHOOK: type: CREATETABLE
PREHOOK: Output: database:default
PREHOOK: Output: default@dest1_n6
POSTHOOK: query: CREATE TABLE dest1_n6(key INT, value STRING, mapvalue STRING) STORED AS TEXTFILE
POSTHOOK: type: CREATETABLE
POSTHOOK: Output: database:default
POSTHOOK: Output: default@dest1_n6
PREHOOK: query: EXPLAIN
FROM src_thrift
INSERT OVERWRITE TABLE dest1_n6 SELECT src_thrift.lint[1], src_thrift.lintstring[0].mystring, src_thrift.mstringstring['key_2']
PREHOOK: type: QUERY
PREHOOK: Input: default@src_thrift
PREHOOK: Output: default@dest1_n6
POSTHOOK: query: EXPLAIN
FROM src_thrift
INSERT OVERWRITE TABLE dest1_n6 SELECT src_thrift.lint[1], src_thrift.lintstring[0].mystring, src_thrift.mstringstring['key_2']
POSTHOOK: type: QUERY
POSTHOOK: Input: default@src_thrift
POSTHOOK: Output: default@dest1_n6
STAGE DEPENDENCIES:
  Stage-1 is a root stage
  Stage-2 depends on stages: Stage-1
  Stage-0 depends on stages: Stage-2
  Stage-3 depends on stages: Stage-0

STAGE PLANS:
  Stage: Stage-1
    Tez
#### A masked pattern was here ####
      Edges:
        Reducer 2 <- Map 1 (CUSTOM_SIMPLE_EDGE)
#### A masked pattern was here ####
      Vertices:
        Map 1 
            Map Operator Tree:
                TableScan
                  alias: src_thrift
                  Statistics: Num rows: 11 Data size: 39600 Basic stats: COMPLETE Column stats: NONE
                  Select Operator
                    expressions: lint[1] (type: int), lintstring[0].mystring (type: string), mstringstring['key_2'] (type: string)
                    outputColumnNames: _col0, _col1, _col2
                    Statistics: Num rows: 11 Data size: 39600 Basic stats: COMPLETE Column stats: NONE
                    File Output Operator
                      compressed: false
                      Statistics: Num rows: 11 Data size: 39600 Basic stats: COMPLETE Column stats: NONE
                      table:
                          input format: org.apache.hadoop.mapred.TextInputFormat
                          output format: org.apache.hadoop.hive.ql.io.HiveIgnoreKeyTextOutputFormat
                          serde: org.apache.hadoop.hive.serde2.lazy.LazySimpleSerDe
                          name: default.dest1_n6
                    Select Operator
                      expressions: _col0 (type: int), _col1 (type: string), _col2 (type: string)
                      outputColumnNames: key, value, mapvalue
                      Statistics: Num rows: 11 Data size: 39600 Basic stats: COMPLETE Column stats: NONE
                      Group By Operator
                        aggregations: min(key), max(key), count(1), count(key), compute_bit_vector_hll(key), max(length(value)), avg(COALESCE(length(value),0)), count(value), compute_bit_vector_hll(value), max(length(mapvalue)), avg(COALESCE(length(mapvalue),0)), count(mapvalue), compute_bit_vector_hll(mapvalue)
                        minReductionHashAggr: 0.99
                        mode: hash
                        outputColumnNames: _col0, _col1, _col2, _col3, _col4, _col5, _col6, _col7, _col8, _col9, _col10, _col11, _col12
                        Statistics: Num rows: 1 Data size: 4232 Basic stats: COMPLETE Column stats: NONE
                        Reduce Output Operator
                          null sort order: 
                          sort order: 
                          Statistics: Num rows: 1 Data size: 4232 Basic stats: COMPLETE Column stats: NONE
                          value expressions: _col0 (type: int), _col1 (type: int), _col2 (type: bigint), _col3 (type: bigint), _col4 (type: binary), _col5 (type: int), _col6 (type: struct<count:bigint,sum:double,input:int>), _col7 (type: bigint), _col8 (type: binary), _col9 (type: int), _col10 (type: struct<count:bigint,sum:double,input:int>), _col11 (type: bigint), _col12 (type: binary)
            Execution mode: vectorized, llap
            LLAP IO: no inputs
        Reducer 2 
            Execution mode: vectorized, llap
            Reduce Operator Tree:
              Group By Operator
                aggregations: min(VALUE._col0), max(VALUE._col1), count(VALUE._col2), count(VALUE._col3), compute_bit_vector_hll(VALUE._col4), max(VALUE._col5), avg(VALUE._col6), count(VALUE._col7), compute_bit_vector_hll(VALUE._col8), max(VALUE._col9), avg(VALUE._col10), count(VALUE._col11), compute_bit_vector_hll(VALUE._col12)
                mode: mergepartial
                outputColumnNames: _col0, _col1, _col2, _col3, _col4, _col5, _col6, _col7, _col8, _col9, _col10, _col11, _col12
                Statistics: Num rows: 1 Data size: 4232 Basic stats: COMPLETE Column stats: NONE
                Select Operator
                  expressions: 'LONG' (type: string), UDFToLong(_col0) (type: bigint), UDFToLong(_col1) (type: bigint), (_col2 - _col3) (type: bigint), COALESCE(ndv_compute_bit_vector(_col4),0) (type: bigint), _col4 (type: binary), 'STRING' (type: string), UDFToLong(COALESCE(_col5,0)) (type: bigint), COALESCE(_col6,0) (type: double), (_col2 - _col7) (type: bigint), COALESCE(ndv_compute_bit_vector(_col8),0) (type: bigint), _col8 (type: binary), 'STRING' (type: string), UDFToLong(COALESCE(_col9,0)) (type: bigint), COALESCE(_col10,0) (type: double), (_col2 - _col11) (type: bigint), COALESCE(ndv_compute_bit_vector(_col12),0) (type: bigint), _col12 (type: binary)
                  outputColumnNames: _col0, _col1, _col2, _col3, _col4, _col5, _col6, _col7, _col8, _col9, _col10, _col11, _col12, _col13, _col14, _col15, _col16, _col17
                  Statistics: Num rows: 1 Data size: 4232 Basic stats: COMPLETE Column stats: NONE
                  File Output Operator
                    compressed: false
                    Statistics: Num rows: 1 Data size: 4232 Basic stats: COMPLETE Column stats: NONE
                    table:
                        input format: org.apache.hadoop.mapred.SequenceFileInputFormat
                        output format: org.apache.hadoop.hive.ql.io.HiveSequenceFileOutputFormat
                        serde: org.apache.hadoop.hive.serde2.lazy.LazySimpleSerDe

  Stage: Stage-2
    Dependency Collection

  Stage: Stage-0
    Move Operator
      tables:
          replace: true
          table:
              input format: org.apache.hadoop.mapred.TextInputFormat
              output format: org.apache.hadoop.hive.ql.io.HiveIgnoreKeyTextOutputFormat
              serde: org.apache.hadoop.hive.serde2.lazy.LazySimpleSerDe
              name: default.dest1_n6

  Stage: Stage-3
    Stats Work
      Basic Stats Work:
      Column Stats Desc:
          Columns: key, value, mapvalue
          Column Types: int, string, string
          Table: default.dest1_n6

PREHOOK: query: FROM src_thrift
INSERT OVERWRITE TABLE dest1_n6 SELECT src_thrift.lint[1], src_thrift.lintstring[0].mystring, src_thrift.mstringstring['key_2']
PREHOOK: type: QUERY
PREHOOK: Input: default@src_thrift
PREHOOK: Output: default@dest1_n6
POSTHOOK: query: FROM src_thrift
INSERT OVERWRITE TABLE dest1_n6 SELECT src_thrift.lint[1], src_thrift.lintstring[0].mystring, src_thrift.mstringstring['key_2']
POSTHOOK: type: QUERY
POSTHOOK: Input: default@src_thrift
POSTHOOK: Output: default@dest1_n6
POSTHOOK: Lineage: dest1_n6.key EXPRESSION [(src_thrift)src_thrift.FieldSchema(name:lint, type:array<int>, comment:from deserializer), ]
POSTHOOK: Lineage: dest1_n6.mapvalue EXPRESSION [(src_thrift)src_thrift.FieldSchema(name:mstringstring, type:map<string,string>, comment:from deserializer), ]
POSTHOOK: Lineage: dest1_n6.value EXPRESSION [(src_thrift)src_thrift.FieldSchema(name:lintstring, type:array<struct<myint:int,mystring:string,underscore_int:int>>, comment:from deserializer), ]
PREHOOK: query: SELECT dest1_n6.* FROM dest1_n6
PREHOOK: type: QUERY
PREHOOK: Input: default@dest1_n6
#### A masked pattern was here ####
POSTHOOK: query: SELECT dest1_n6.* FROM dest1_n6
POSTHOOK: type: QUERY
POSTHOOK: Input: default@dest1_n6
#### A masked pattern was here ####
0	0	NULL
2	1	NULL
4	8	value_2
6	27	NULL
8	64	NULL
10	125	NULL
12	216	NULL
14	343	NULL
16	512	NULL
18	729	NULL
NULL	NULL	NULL
