Warning: Shuffle Join MERGEJOIN[14][tables = [$hdt$_0, $hdt$_1]] in Stage 'Reducer 2' is a cross product
PREHOOK: query: explain extended
 select * from srcpart a join srcpart b where a.ds = '2008-04-08' and a.hr = '11' and b.ds = '2008-04-08' and b.hr = '14' limit 5
PREHOOK: type: QUERY
PREHOOK: Input: default@srcpart
PREHOOK: Input: default@srcpart@ds=2008-04-08/hr=11
#### A masked pattern was here ####
POSTHOOK: query: explain extended
 select * from srcpart a join srcpart b where a.ds = '2008-04-08' and a.hr = '11' and b.ds = '2008-04-08' and b.hr = '14' limit 5
POSTHOOK: type: QUERY
POSTHOOK: Input: default@srcpart
POSTHOOK: Input: default@srcpart@ds=2008-04-08/hr=11
#### A masked pattern was here ####
OPTIMIZED SQL: SELECT `t0`.`key`, `t0`.`value`, CAST('2008-04-08' AS STRING) AS `ds`, CAST('11' AS STRING) AS `hr`, `t2`.`key` AS `key1`, `t2`.`value` AS `value1`, CAST('2008-04-08' AS STRING) AS `ds1`, CAST('14' AS STRING) AS `hr1`
FROM (SELECT `key`, `value`
FROM `default`.`srcpart`
WHERE `ds` = '2008-04-08' AND `hr` = '11') AS `t0`,
(SELECT `key`, `value`
FROM `default`.`srcpart`
WHERE `ds` = '2008-04-08' AND `hr` = '14') AS `t2`
LIMIT 5
STAGE DEPENDENCIES:
  Stage-1 is a root stage
  Stage-0 depends on stages: Stage-1

STAGE PLANS:
  Stage: Stage-1
    Tez
#### A masked pattern was here ####
      Edges:
        Reducer 2 <- Map 1 (XPROD_EDGE), Map 3 (XPROD_EDGE)
#### A masked pattern was here ####
      Vertices:
        Map 1 
            Map Operator Tree:
                TableScan
                  alias: a
                  filterExpr: ((ds = '2008-04-08') and (hr = '11')) (type: boolean)
                  Statistics: Num rows: 500 Data size: 89000 Basic stats: COMPLETE Column stats: COMPLETE
                  GatherStats: false
                  Select Operator
                    expressions: key (type: string), value (type: string)
                    outputColumnNames: _col0, _col1
                    Statistics: Num rows: 500 Data size: 89000 Basic stats: COMPLETE Column stats: COMPLETE
                    Reduce Output Operator
                      bucketingVersion: 2
                      null sort order: 
                      numBuckets: -1
                      sort order: 
                      Statistics: Num rows: 500 Data size: 89000 Basic stats: COMPLETE Column stats: COMPLETE
                      tag: 0
                      value expressions: _col0 (type: string), _col1 (type: string)
                      auto parallelism: false
            Execution mode: vectorized, llap
            LLAP IO: no inputs
            Path -> Alias:
#### A masked pattern was here ####
            Path -> Partition:
#### A masked pattern was here ####
                Partition
                  base file name: hr=11
                  input format: org.apache.hadoop.mapred.TextInputFormat
                  output format: org.apache.hadoop.hive.ql.io.HiveIgnoreKeyTextOutputFormat
                  partition values:
                    ds 2008-04-08
                    hr 11
                  properties:
                    column.name.delimiter ,
                    columns key,value
                    columns.types string:string
#### A masked pattern was here ####
                    name default.srcpart
                    partition_columns ds/hr
                    partition_columns.types string:string
                    serialization.format 1
                    serialization.lib org.apache.hadoop.hive.serde2.lazy.LazySimpleSerDe
                  serde: org.apache.hadoop.hive.serde2.lazy.LazySimpleSerDe
                
                    input format: org.apache.hadoop.mapred.TextInputFormat
                    output format: org.apache.hadoop.hive.ql.io.HiveIgnoreKeyTextOutputFormat
                    properties:
                      bucketing_version 2
                      column.name.delimiter ,
                      columns key,value
                      columns.comments 'default','default'
                      columns.types string:string
#### A masked pattern was here ####
                      name default.srcpart
                      partition_columns ds/hr
                      partition_columns.types string:string
                      serialization.format 1
                      serialization.lib org.apache.hadoop.hive.serde2.lazy.LazySimpleSerDe
                    serde: org.apache.hadoop.hive.serde2.lazy.LazySimpleSerDe
                    name: default.srcpart
                  name: default.srcpart
            Truncated Path -> Alias:
              /srcpart/ds=2008-04-08/hr=11 [a]
        Map 3 
            Map Operator Tree:
                TableScan
                  alias: b
                  filterExpr: ((ds = '2008-04-08') and (hr = '14')) (type: boolean)
                  Statistics: Num rows: 1 Data size: 536 Basic stats: COMPLETE Column stats: COMPLETE
                  GatherStats: false
                  Filter Operator
                    isSamplingPred: false
                    predicate: ((ds = '2008-04-08') and (hr = '14')) (type: boolean)
                    Statistics: Num rows: 1 Data size: 536 Basic stats: COMPLETE Column stats: COMPLETE
                    Select Operator
                      expressions: key (type: string), value (type: string)
                      outputColumnNames: _col0, _col1
                      Statistics: Num rows: 1 Data size: 168 Basic stats: COMPLETE Column stats: COMPLETE
                      Reduce Output Operator
                        bucketingVersion: 2
                        null sort order: 
                        numBuckets: -1
                        sort order: 
                        Statistics: Num rows: 1 Data size: 168 Basic stats: COMPLETE Column stats: COMPLETE
                        tag: 1
                        value expressions: _col0 (type: string), _col1 (type: string)
                        auto parallelism: false
            Execution mode: vectorized, llap
            LLAP IO: unknown
        Reducer 2 
            Execution mode: llap
            Needs Tagging: false
            Reduce Operator Tree:
              Merge Join Operator
                condition map:
                     Inner Join 0 to 1
                keys:
                  0 
                  1 
                outputColumnNames: _col0, _col1, _col2, _col3
                Position of Big Table: 0
                Statistics: Num rows: 500 Data size: 173000 Basic stats: COMPLETE Column stats: COMPLETE
                Select Operator
                  expressions: _col0 (type: string), _col1 (type: string), '2008-04-08' (type: string), '11' (type: string), _col2 (type: string), _col3 (type: string), '2008-04-08' (type: string), '14' (type: string)
                  outputColumnNames: _col0, _col1, _col2, _col3, _col4, _col5, _col6, _col7
                  Statistics: Num rows: 500 Data size: 353000 Basic stats: COMPLETE Column stats: COMPLETE
                  Limit
                    Number of rows: 5
                    Statistics: Num rows: 5 Data size: 3530 Basic stats: COMPLETE Column stats: COMPLETE
                    File Output Operator
                      bucketingVersion: 2
                      compressed: false
                      GlobalTableId: 0
#### A masked pattern was here ####
                      NumFilesPerFileSink: 1
                      Statistics: Num rows: 5 Data size: 3530 Basic stats: COMPLETE Column stats: COMPLETE
#### A masked pattern was here ####
                      table:
                          input format: org.apache.hadoop.mapred.SequenceFileInputFormat
                          output format: org.apache.hadoop.hive.ql.io.HiveSequenceFileOutputFormat
                          properties:
                            bucketing_version -1
                            columns _col0,_col1,_col2,_col3,_col4,_col5,_col6,_col7
                            columns.types string:string:string:string:string:string:string:string
                            escape.delim \
                            hive.serialization.extend.additional.nesting.levels true
                            serialization.escape.crlf true
                            serialization.format 1
                            serialization.lib org.apache.hadoop.hive.serde2.lazy.LazySimpleSerDe
                          serde: org.apache.hadoop.hive.serde2.lazy.LazySimpleSerDe
                      TotalFiles: 1
                      GatherStats: false
                      MultiFileSpray: false

  Stage: Stage-0
    Fetch Operator
      limit: 5
      Processor Tree:
        ListSink

Warning: Shuffle Join MERGEJOIN[14][tables = [$hdt$_0, $hdt$_1]] in Stage 'Reducer 2' is a cross product
PREHOOK: query: select * from srcpart a join srcpart b where a.ds = '2008-04-08' and a.hr = '11' and b.ds = '2008-04-08' and b.hr = '14' limit 5
PREHOOK: type: QUERY
PREHOOK: Input: default@srcpart
PREHOOK: Input: default@srcpart@ds=2008-04-08/hr=11
#### A masked pattern was here ####
POSTHOOK: query: select * from srcpart a join srcpart b where a.ds = '2008-04-08' and a.hr = '11' and b.ds = '2008-04-08' and b.hr = '14' limit 5
POSTHOOK: type: QUERY
POSTHOOK: Input: default@srcpart
POSTHOOK: Input: default@srcpart@ds=2008-04-08/hr=11
#### A masked pattern was here ####
