PREHOOK: query: DROP TABLE insert_into3a
PREHOOK: type: DROPTABLE
POSTHOOK: query: DROP TABLE insert_into3a
POSTHOOK: type: DROPTABLE
PREHOOK: query: DROP TABLE insert_into3b
PREHOOK: type: DROPTABLE
POSTHOOK: query: DROP TABLE insert_into3b
POSTHOOK: type: DROPTABLE
PREHOOK: query: CREATE TABLE insert_into3a (key int, value string)
PREHOOK: type: CREATETABLE
PREHOOK: Output: database:default
PREHOOK: Output: default@insert_into3a
POSTHOOK: query: CREATE TABLE insert_into3a (key int, value string)
POSTHOOK: type: CREATETABLE
POSTHOOK: Output: database:default
POSTHOOK: Output: default@insert_into3a
PREHOOK: query: CREATE TABLE insert_into3b (key int, value string)
PREHOOK: type: CREATETABLE
PREHOOK: Output: database:default
PREHOOK: Output: default@insert_into3b
POSTHOOK: query: CREATE TABLE insert_into3b (key int, value string)
POSTHOOK: type: CREATETABLE
POSTHOOK: Output: database:default
POSTHOOK: Output: default@insert_into3b
PREHOOK: query: EXPLAIN FROM src INSERT INTO TABLE insert_into3a SELECT * ORDER BY key, value LIMIT 50
                 INSERT INTO TABLE insert_into3b SELECT * ORDER BY key, value LIMIT 100
PREHOOK: type: QUERY
PREHOOK: Input: default@src
PREHOOK: Output: default@insert_into3a
PREHOOK: Output: default@insert_into3b
POSTHOOK: query: EXPLAIN FROM src INSERT INTO TABLE insert_into3a SELECT * ORDER BY key, value LIMIT 50
                 INSERT INTO TABLE insert_into3b SELECT * ORDER BY key, value LIMIT 100
POSTHOOK: type: QUERY
POSTHOOK: Input: default@src
POSTHOOK: Output: default@insert_into3a
POSTHOOK: Output: default@insert_into3b
STAGE DEPENDENCIES:
  Stage-2 is a root stage
  Stage-3 depends on stages: Stage-2
  Stage-0 depends on stages: Stage-3
  Stage-4 depends on stages: Stage-0
  Stage-1 depends on stages: Stage-3
  Stage-5 depends on stages: Stage-1

STAGE PLANS:
  Stage: Stage-2
    Tez
#### A masked pattern was here ####
      Edges:
        Reducer 2 <- Map 1 (SIMPLE_EDGE)
        Reducer 3 <- Reducer 2 (CUSTOM_SIMPLE_EDGE)
        Reducer 4 <- Map 1 (SIMPLE_EDGE)
        Reducer 5 <- Reducer 4 (CUSTOM_SIMPLE_EDGE)
#### A masked pattern was here ####
      Vertices:
        Map 1 
            Map Operator Tree:
                TableScan
                  alias: src
                  Statistics: Num rows: 500 Data size: 89000 Basic stats: COMPLETE Column stats: COMPLETE
                  Top N Key Operator
                    sort order: ++
                    keys: key (type: string), value (type: string)
                    null sort order: zz
                    Statistics: Num rows: 500 Data size: 89000 Basic stats: COMPLETE Column stats: COMPLETE
                    top n: 50
                    Select Operator
                      expressions: key (type: string), value (type: string)
                      outputColumnNames: _col0, _col1
                      Statistics: Num rows: 500 Data size: 89000 Basic stats: COMPLETE Column stats: COMPLETE
                      Reduce Output Operator
                        key expressions: _col0 (type: string), _col1 (type: string)
                        null sort order: zz
                        sort order: ++
                        Statistics: Num rows: 500 Data size: 89000 Basic stats: COMPLETE Column stats: COMPLETE
                  Top N Key Operator
                    sort order: ++
                    keys: key (type: string), value (type: string)
                    null sort order: zz
                    Statistics: Num rows: 500 Data size: 89000 Basic stats: COMPLETE Column stats: COMPLETE
                    top n: 100
                    Select Operator
                      expressions: key (type: string), value (type: string)
                      outputColumnNames: _col0, _col1
                      Statistics: Num rows: 500 Data size: 89000 Basic stats: COMPLETE Column stats: COMPLETE
                      Reduce Output Operator
                        key expressions: _col0 (type: string), _col1 (type: string)
                        null sort order: zz
                        sort order: ++
                        Statistics: Num rows: 500 Data size: 89000 Basic stats: COMPLETE Column stats: COMPLETE
            Execution mode: vectorized, llap
            LLAP IO: all inputs
        Reducer 2 
            Execution mode: vectorized, llap
            Reduce Operator Tree:
              Select Operator
                expressions: KEY.reducesinkkey0 (type: string), KEY.reducesinkkey1 (type: string)
                outputColumnNames: _col0, _col1
                Statistics: Num rows: 500 Data size: 89000 Basic stats: COMPLETE Column stats: COMPLETE
                Limit
                  Number of rows: 50
                  Statistics: Num rows: 50 Data size: 8900 Basic stats: COMPLETE Column stats: COMPLETE
                  Select Operator
                    expressions: UDFToInteger(_col0) (type: int), _col1 (type: string)
                    outputColumnNames: _col0, _col1
                    Statistics: Num rows: 50 Data size: 4750 Basic stats: COMPLETE Column stats: COMPLETE
                    File Output Operator
                      compressed: false
                      Statistics: Num rows: 50 Data size: 4750 Basic stats: COMPLETE Column stats: COMPLETE
                      table:
                          input format: org.apache.hadoop.mapred.TextInputFormat
                          output format: org.apache.hadoop.hive.ql.io.HiveIgnoreKeyTextOutputFormat
                          serde: org.apache.hadoop.hive.serde2.lazy.LazySimpleSerDe
                          name: default.insert_into3a
                    Select Operator
                      expressions: _col0 (type: int), _col1 (type: string)
                      outputColumnNames: key, value
                      Statistics: Num rows: 50 Data size: 4750 Basic stats: COMPLETE Column stats: COMPLETE
                      Group By Operator
                        aggregations: min(key), max(key), count(1), count(key), compute_bit_vector_hll(key), max(length(value)), avg(COALESCE(length(value),0)), count(value), compute_bit_vector_hll(value)
                        minReductionHashAggr: 0.98
                        mode: hash
                        outputColumnNames: _col0, _col1, _col2, _col3, _col4, _col5, _col6, _col7, _col8
                        Statistics: Num rows: 1 Data size: 400 Basic stats: COMPLETE Column stats: COMPLETE
                        Reduce Output Operator
                          null sort order: 
                          sort order: 
                          Statistics: Num rows: 1 Data size: 400 Basic stats: COMPLETE Column stats: COMPLETE
                          value expressions: _col0 (type: int), _col1 (type: int), _col2 (type: bigint), _col3 (type: bigint), _col4 (type: binary), _col5 (type: int), _col6 (type: struct<count:bigint,sum:double,input:int>), _col7 (type: bigint), _col8 (type: binary)
        Reducer 3 
            Execution mode: vectorized, llap
            Reduce Operator Tree:
              Group By Operator
                aggregations: min(VALUE._col0), max(VALUE._col1), count(VALUE._col2), count(VALUE._col3), compute_bit_vector_hll(VALUE._col4), max(VALUE._col5), avg(VALUE._col6), count(VALUE._col7), compute_bit_vector_hll(VALUE._col8)
                mode: mergepartial
                outputColumnNames: _col0, _col1, _col2, _col3, _col4, _col5, _col6, _col7, _col8
                Statistics: Num rows: 1 Data size: 332 Basic stats: COMPLETE Column stats: COMPLETE
                Select Operator
                  expressions: 'LONG' (type: string), UDFToLong(_col0) (type: bigint), UDFToLong(_col1) (type: bigint), (_col2 - _col3) (type: bigint), COALESCE(ndv_compute_bit_vector(_col4),0) (type: bigint), _col4 (type: binary), 'STRING' (type: string), UDFToLong(COALESCE(_col5,0)) (type: bigint), COALESCE(_col6,0) (type: double), (_col2 - _col7) (type: bigint), COALESCE(ndv_compute_bit_vector(_col8),0) (type: bigint), _col8 (type: binary)
                  outputColumnNames: _col0, _col1, _col2, _col3, _col4, _col5, _col6, _col7, _col8, _col9, _col10, _col11
                  Statistics: Num rows: 1 Data size: 530 Basic stats: COMPLETE Column stats: COMPLETE
                  File Output Operator
                    compressed: false
                    Statistics: Num rows: 1 Data size: 530 Basic stats: COMPLETE Column stats: COMPLETE
                    table:
                        input format: org.apache.hadoop.mapred.SequenceFileInputFormat
                        output format: org.apache.hadoop.hive.ql.io.HiveSequenceFileOutputFormat
                        serde: org.apache.hadoop.hive.serde2.lazy.LazySimpleSerDe
        Reducer 4 
            Execution mode: vectorized, llap
            Reduce Operator Tree:
              Select Operator
                expressions: KEY.reducesinkkey0 (type: string), KEY.reducesinkkey1 (type: string)
                outputColumnNames: _col0, _col1
                Statistics: Num rows: 500 Data size: 89000 Basic stats: COMPLETE Column stats: COMPLETE
                Limit
                  Number of rows: 100
                  Statistics: Num rows: 100 Data size: 17800 Basic stats: COMPLETE Column stats: COMPLETE
                  Select Operator
                    expressions: UDFToInteger(_col0) (type: int), _col1 (type: string)
                    outputColumnNames: _col0, _col1
                    Statistics: Num rows: 100 Data size: 9500 Basic stats: COMPLETE Column stats: COMPLETE
                    File Output Operator
                      compressed: false
                      Statistics: Num rows: 100 Data size: 9500 Basic stats: COMPLETE Column stats: COMPLETE
                      table:
                          input format: org.apache.hadoop.mapred.TextInputFormat
                          output format: org.apache.hadoop.hive.ql.io.HiveIgnoreKeyTextOutputFormat
                          serde: org.apache.hadoop.hive.serde2.lazy.LazySimpleSerDe
                          name: default.insert_into3b
                    Select Operator
                      expressions: _col0 (type: int), _col1 (type: string)
                      outputColumnNames: key, value
                      Statistics: Num rows: 100 Data size: 9500 Basic stats: COMPLETE Column stats: COMPLETE
                      Group By Operator
                        aggregations: min(key), max(key), count(1), count(key), compute_bit_vector_hll(key), max(length(value)), avg(COALESCE(length(value),0)), count(value), compute_bit_vector_hll(value)
                        minReductionHashAggr: 0.99
                        mode: hash
                        outputColumnNames: _col0, _col1, _col2, _col3, _col4, _col5, _col6, _col7, _col8
                        Statistics: Num rows: 1 Data size: 400 Basic stats: COMPLETE Column stats: COMPLETE
                        Reduce Output Operator
                          null sort order: 
                          sort order: 
                          Statistics: Num rows: 1 Data size: 400 Basic stats: COMPLETE Column stats: COMPLETE
                          value expressions: _col0 (type: int), _col1 (type: int), _col2 (type: bigint), _col3 (type: bigint), _col4 (type: binary), _col5 (type: int), _col6 (type: struct<count:bigint,sum:double,input:int>), _col7 (type: bigint), _col8 (type: binary)
        Reducer 5 
            Execution mode: vectorized, llap
            Reduce Operator Tree:
              Group By Operator
                aggregations: min(VALUE._col0), max(VALUE._col1), count(VALUE._col2), count(VALUE._col3), compute_bit_vector_hll(VALUE._col4), max(VALUE._col5), avg(VALUE._col6), count(VALUE._col7), compute_bit_vector_hll(VALUE._col8)
                mode: mergepartial
                outputColumnNames: _col0, _col1, _col2, _col3, _col4, _col5, _col6, _col7, _col8
                Statistics: Num rows: 1 Data size: 332 Basic stats: COMPLETE Column stats: COMPLETE
                Select Operator
                  expressions: 'LONG' (type: string), UDFToLong(_col0) (type: bigint), UDFToLong(_col1) (type: bigint), (_col2 - _col3) (type: bigint), COALESCE(ndv_compute_bit_vector(_col4),0) (type: bigint), _col4 (type: binary), 'STRING' (type: string), UDFToLong(COALESCE(_col5,0)) (type: bigint), COALESCE(_col6,0) (type: double), (_col2 - _col7) (type: bigint), COALESCE(ndv_compute_bit_vector(_col8),0) (type: bigint), _col8 (type: binary)
                  outputColumnNames: _col0, _col1, _col2, _col3, _col4, _col5, _col6, _col7, _col8, _col9, _col10, _col11
                  Statistics: Num rows: 1 Data size: 530 Basic stats: COMPLETE Column stats: COMPLETE
                  File Output Operator
                    compressed: false
                    Statistics: Num rows: 1 Data size: 530 Basic stats: COMPLETE Column stats: COMPLETE
                    table:
                        input format: org.apache.hadoop.mapred.SequenceFileInputFormat
                        output format: org.apache.hadoop.hive.ql.io.HiveSequenceFileOutputFormat
                        serde: org.apache.hadoop.hive.serde2.lazy.LazySimpleSerDe

  Stage: Stage-3
    Dependency Collection

  Stage: Stage-0
    Move Operator
      tables:
          replace: false
          table:
              input format: org.apache.hadoop.mapred.TextInputFormat
              output format: org.apache.hadoop.hive.ql.io.HiveIgnoreKeyTextOutputFormat
              serde: org.apache.hadoop.hive.serde2.lazy.LazySimpleSerDe
              name: default.insert_into3a

  Stage: Stage-4
    Stats Work
      Basic Stats Work:
      Column Stats Desc:
          Columns: key, value
          Column Types: int, string
          Table: default.insert_into3a

  Stage: Stage-1
    Move Operator
      tables:
          replace: false
          table:
              input format: org.apache.hadoop.mapred.TextInputFormat
              output format: org.apache.hadoop.hive.ql.io.HiveIgnoreKeyTextOutputFormat
              serde: org.apache.hadoop.hive.serde2.lazy.LazySimpleSerDe
              name: default.insert_into3b

  Stage: Stage-5
    Stats Work
      Basic Stats Work:
      Column Stats Desc:
          Columns: key, value
          Column Types: int, string
          Table: default.insert_into3b

PREHOOK: query: FROM src INSERT INTO TABLE insert_into3a SELECT * ORDER BY key, value LIMIT 50
         INSERT INTO TABLE insert_into3b SELECT * ORDER BY key, value LIMIT 100
PREHOOK: type: QUERY
PREHOOK: Input: default@src
PREHOOK: Output: default@insert_into3a
PREHOOK: Output: default@insert_into3b
POSTHOOK: query: FROM src INSERT INTO TABLE insert_into3a SELECT * ORDER BY key, value LIMIT 50
         INSERT INTO TABLE insert_into3b SELECT * ORDER BY key, value LIMIT 100
POSTHOOK: type: QUERY
POSTHOOK: Input: default@src
POSTHOOK: Output: default@insert_into3a
POSTHOOK: Output: default@insert_into3b
POSTHOOK: Lineage: insert_into3a.key EXPRESSION [(src)src.FieldSchema(name:key, type:string, comment:default), ]
POSTHOOK: Lineage: insert_into3a.value SIMPLE [(src)src.FieldSchema(name:value, type:string, comment:default), ]
POSTHOOK: Lineage: insert_into3b.key EXPRESSION [(src)src.FieldSchema(name:key, type:string, comment:default), ]
POSTHOOK: Lineage: insert_into3b.value SIMPLE [(src)src.FieldSchema(name:value, type:string, comment:default), ]
PREHOOK: query: SELECT SUM(HASH(c)) FROM (
    SELECT TRANSFORM(*) USING 'tr \t _' AS (c) FROM insert_into3a
) t
PREHOOK: type: QUERY
PREHOOK: Input: default@insert_into3a
PREHOOK: Output: hdfs://### HDFS PATH ###
POSTHOOK: query: SELECT SUM(HASH(c)) FROM (
    SELECT TRANSFORM(*) USING 'tr \t _' AS (c) FROM insert_into3a
) t
POSTHOOK: type: QUERY
POSTHOOK: Input: default@insert_into3a
POSTHOOK: Output: hdfs://### HDFS PATH ###
-1254133670
PREHOOK: query: SELECT SUM(HASH(c)) FROM (
    SELECT TRANSFORM(*) USING 'tr \t _' AS (c) FROM insert_into3b
) t
PREHOOK: type: QUERY
PREHOOK: Input: default@insert_into3b
PREHOOK: Output: hdfs://### HDFS PATH ###
POSTHOOK: query: SELECT SUM(HASH(c)) FROM (
    SELECT TRANSFORM(*) USING 'tr \t _' AS (c) FROM insert_into3b
) t
POSTHOOK: type: QUERY
POSTHOOK: Input: default@insert_into3b
POSTHOOK: Output: hdfs://### HDFS PATH ###
-1142373758
PREHOOK: query: EXPLAIN FROM src INSERT OVERWRITE TABLE insert_into3a SELECT * LIMIT 10
                 INSERT INTO TABLE insert_into3b SELECT * LIMIT 10
PREHOOK: type: QUERY
PREHOOK: Input: default@src
PREHOOK: Output: default@insert_into3a
PREHOOK: Output: default@insert_into3b
POSTHOOK: query: EXPLAIN FROM src INSERT OVERWRITE TABLE insert_into3a SELECT * LIMIT 10
                 INSERT INTO TABLE insert_into3b SELECT * LIMIT 10
POSTHOOK: type: QUERY
POSTHOOK: Input: default@src
POSTHOOK: Output: default@insert_into3a
POSTHOOK: Output: default@insert_into3b
STAGE DEPENDENCIES:
  Stage-2 is a root stage
  Stage-3 depends on stages: Stage-2
  Stage-0 depends on stages: Stage-3
  Stage-4 depends on stages: Stage-0
  Stage-1 depends on stages: Stage-3
  Stage-5 depends on stages: Stage-1

STAGE PLANS:
  Stage: Stage-2
    Tez
#### A masked pattern was here ####
      Edges:
        Reducer 2 <- Map 1 (CUSTOM_SIMPLE_EDGE)
        Reducer 3 <- Reducer 2 (CUSTOM_SIMPLE_EDGE)
        Reducer 4 <- Map 1 (CUSTOM_SIMPLE_EDGE)
        Reducer 5 <- Reducer 4 (CUSTOM_SIMPLE_EDGE)
#### A masked pattern was here ####
      Vertices:
        Map 1 
            Map Operator Tree:
                TableScan
                  alias: src
                  Statistics: Num rows: 500 Data size: 89000 Basic stats: COMPLETE Column stats: COMPLETE
                  Limit
                    Number of rows: 10
                    Statistics: Num rows: 10 Data size: 1780 Basic stats: COMPLETE Column stats: COMPLETE
                    Select Operator
                      expressions: key (type: string), value (type: string)
                      outputColumnNames: _col0, _col1
                      Statistics: Num rows: 10 Data size: 1780 Basic stats: COMPLETE Column stats: COMPLETE
                      Reduce Output Operator
                        null sort order: 
                        sort order: 
                        Statistics: Num rows: 10 Data size: 1780 Basic stats: COMPLETE Column stats: COMPLETE
                        TopN Hash Memory Usage: 0.1
                        value expressions: _col0 (type: string), _col1 (type: string)
                  Limit
                    Number of rows: 10
                    Statistics: Num rows: 10 Data size: 1780 Basic stats: COMPLETE Column stats: COMPLETE
                    Select Operator
                      expressions: key (type: string), value (type: string)
                      outputColumnNames: _col0, _col1
                      Statistics: Num rows: 10 Data size: 1780 Basic stats: COMPLETE Column stats: COMPLETE
                      Reduce Output Operator
                        null sort order: 
                        sort order: 
                        Statistics: Num rows: 10 Data size: 1780 Basic stats: COMPLETE Column stats: COMPLETE
                        TopN Hash Memory Usage: 0.1
                        value expressions: _col0 (type: string), _col1 (type: string)
            Execution mode: vectorized, llap
            LLAP IO: all inputs
        Reducer 2 
            Execution mode: vectorized, llap
            Reduce Operator Tree:
              Limit
                Number of rows: 10
                Statistics: Num rows: 10 Data size: 1780 Basic stats: COMPLETE Column stats: COMPLETE
                Select Operator
                  expressions: UDFToInteger(VALUE._col0) (type: int), VALUE._col1 (type: string)
                  outputColumnNames: _col0, _col1
                  Statistics: Num rows: 10 Data size: 1780 Basic stats: COMPLETE Column stats: COMPLETE
                  File Output Operator
                    compressed: false
                    Statistics: Num rows: 10 Data size: 950 Basic stats: COMPLETE Column stats: COMPLETE
                    table:
                        input format: org.apache.hadoop.mapred.TextInputFormat
                        output format: org.apache.hadoop.hive.ql.io.HiveIgnoreKeyTextOutputFormat
                        serde: org.apache.hadoop.hive.serde2.lazy.LazySimpleSerDe
                        name: default.insert_into3a
                  Select Operator
                    expressions: _col0 (type: int), _col1 (type: string)
                    outputColumnNames: key, value
                    Statistics: Num rows: 10 Data size: 950 Basic stats: COMPLETE Column stats: COMPLETE
                    Group By Operator
                      aggregations: min(key), max(key), count(1), count(key), compute_bit_vector_hll(key), max(length(value)), avg(COALESCE(length(value),0)), count(value), compute_bit_vector_hll(value)
                      minReductionHashAggr: 0.9
                      mode: hash
                      outputColumnNames: _col0, _col1, _col2, _col3, _col4, _col5, _col6, _col7, _col8
                      Statistics: Num rows: 1 Data size: 400 Basic stats: COMPLETE Column stats: COMPLETE
                      Reduce Output Operator
                        null sort order: 
                        sort order: 
                        Statistics: Num rows: 1 Data size: 400 Basic stats: COMPLETE Column stats: COMPLETE
                        value expressions: _col0 (type: int), _col1 (type: int), _col2 (type: bigint), _col3 (type: bigint), _col4 (type: binary), _col5 (type: int), _col6 (type: struct<count:bigint,sum:double,input:int>), _col7 (type: bigint), _col8 (type: binary)
        Reducer 3 
            Execution mode: vectorized, llap
            Reduce Operator Tree:
              Group By Operator
                aggregations: min(VALUE._col0), max(VALUE._col1), count(VALUE._col2), count(VALUE._col3), compute_bit_vector_hll(VALUE._col4), max(VALUE._col5), avg(VALUE._col6), count(VALUE._col7), compute_bit_vector_hll(VALUE._col8)
                mode: mergepartial
                outputColumnNames: _col0, _col1, _col2, _col3, _col4, _col5, _col6, _col7, _col8
                Statistics: Num rows: 1 Data size: 332 Basic stats: COMPLETE Column stats: COMPLETE
                Select Operator
                  expressions: 'LONG' (type: string), UDFToLong(_col0) (type: bigint), UDFToLong(_col1) (type: bigint), (_col2 - _col3) (type: bigint), COALESCE(ndv_compute_bit_vector(_col4),0) (type: bigint), _col4 (type: binary), 'STRING' (type: string), UDFToLong(COALESCE(_col5,0)) (type: bigint), COALESCE(_col6,0) (type: double), (_col2 - _col7) (type: bigint), COALESCE(ndv_compute_bit_vector(_col8),0) (type: bigint), _col8 (type: binary)
                  outputColumnNames: _col0, _col1, _col2, _col3, _col4, _col5, _col6, _col7, _col8, _col9, _col10, _col11
                  Statistics: Num rows: 1 Data size: 530 Basic stats: COMPLETE Column stats: COMPLETE
                  File Output Operator
                    compressed: false
                    Statistics: Num rows: 1 Data size: 530 Basic stats: COMPLETE Column stats: COMPLETE
                    table:
                        input format: org.apache.hadoop.mapred.SequenceFileInputFormat
                        output format: org.apache.hadoop.hive.ql.io.HiveSequenceFileOutputFormat
                        serde: org.apache.hadoop.hive.serde2.lazy.LazySimpleSerDe
        Reducer 4 
            Execution mode: vectorized, llap
            Reduce Operator Tree:
              Limit
                Number of rows: 10
                Statistics: Num rows: 10 Data size: 1780 Basic stats: COMPLETE Column stats: COMPLETE
                Select Operator
                  expressions: UDFToInteger(VALUE._col0) (type: int), VALUE._col1 (type: string)
                  outputColumnNames: _col0, _col1
                  Statistics: Num rows: 10 Data size: 1780 Basic stats: COMPLETE Column stats: COMPLETE
                  File Output Operator
                    compressed: false
                    Statistics: Num rows: 10 Data size: 950 Basic stats: COMPLETE Column stats: COMPLETE
                    table:
                        input format: org.apache.hadoop.mapred.TextInputFormat
                        output format: org.apache.hadoop.hive.ql.io.HiveIgnoreKeyTextOutputFormat
                        serde: org.apache.hadoop.hive.serde2.lazy.LazySimpleSerDe
                        name: default.insert_into3b
                  Select Operator
                    expressions: _col0 (type: int), _col1 (type: string)
                    outputColumnNames: key, value
                    Statistics: Num rows: 10 Data size: 950 Basic stats: COMPLETE Column stats: COMPLETE
                    Group By Operator
                      aggregations: min(key), max(key), count(1), count(key), compute_bit_vector_hll(key), max(length(value)), avg(COALESCE(length(value),0)), count(value), compute_bit_vector_hll(value)
                      minReductionHashAggr: 0.9
                      mode: hash
                      outputColumnNames: _col0, _col1, _col2, _col3, _col4, _col5, _col6, _col7, _col8
                      Statistics: Num rows: 1 Data size: 400 Basic stats: COMPLETE Column stats: COMPLETE
                      Reduce Output Operator
                        null sort order: 
                        sort order: 
                        Statistics: Num rows: 1 Data size: 400 Basic stats: COMPLETE Column stats: COMPLETE
                        value expressions: _col0 (type: int), _col1 (type: int), _col2 (type: bigint), _col3 (type: bigint), _col4 (type: binary), _col5 (type: int), _col6 (type: struct<count:bigint,sum:double,input:int>), _col7 (type: bigint), _col8 (type: binary)
        Reducer 5 
            Execution mode: vectorized, llap
            Reduce Operator Tree:
              Group By Operator
                aggregations: min(VALUE._col0), max(VALUE._col1), count(VALUE._col2), count(VALUE._col3), compute_bit_vector_hll(VALUE._col4), max(VALUE._col5), avg(VALUE._col6), count(VALUE._col7), compute_bit_vector_hll(VALUE._col8)
                mode: mergepartial
                outputColumnNames: _col0, _col1, _col2, _col3, _col4, _col5, _col6, _col7, _col8
                Statistics: Num rows: 1 Data size: 332 Basic stats: COMPLETE Column stats: COMPLETE
                Select Operator
                  expressions: 'LONG' (type: string), UDFToLong(_col0) (type: bigint), UDFToLong(_col1) (type: bigint), (_col2 - _col3) (type: bigint), COALESCE(ndv_compute_bit_vector(_col4),0) (type: bigint), _col4 (type: binary), 'STRING' (type: string), UDFToLong(COALESCE(_col5,0)) (type: bigint), COALESCE(_col6,0) (type: double), (_col2 - _col7) (type: bigint), COALESCE(ndv_compute_bit_vector(_col8),0) (type: bigint), _col8 (type: binary)
                  outputColumnNames: _col0, _col1, _col2, _col3, _col4, _col5, _col6, _col7, _col8, _col9, _col10, _col11
                  Statistics: Num rows: 1 Data size: 530 Basic stats: COMPLETE Column stats: COMPLETE
                  File Output Operator
                    compressed: false
                    Statistics: Num rows: 1 Data size: 530 Basic stats: COMPLETE Column stats: COMPLETE
                    table:
                        input format: org.apache.hadoop.mapred.SequenceFileInputFormat
                        output format: org.apache.hadoop.hive.ql.io.HiveSequenceFileOutputFormat
                        serde: org.apache.hadoop.hive.serde2.lazy.LazySimpleSerDe

  Stage: Stage-3
    Dependency Collection

  Stage: Stage-0
    Move Operator
      tables:
          replace: true
          table:
              input format: org.apache.hadoop.mapred.TextInputFormat
              output format: org.apache.hadoop.hive.ql.io.HiveIgnoreKeyTextOutputFormat
              serde: org.apache.hadoop.hive.serde2.lazy.LazySimpleSerDe
              name: default.insert_into3a

  Stage: Stage-4
    Stats Work
      Basic Stats Work:
      Column Stats Desc:
          Columns: key, value
          Column Types: int, string
          Table: default.insert_into3a

  Stage: Stage-1
    Move Operator
      tables:
          replace: false
          table:
              input format: org.apache.hadoop.mapred.TextInputFormat
              output format: org.apache.hadoop.hive.ql.io.HiveIgnoreKeyTextOutputFormat
              serde: org.apache.hadoop.hive.serde2.lazy.LazySimpleSerDe
              name: default.insert_into3b

  Stage: Stage-5
    Stats Work
      Basic Stats Work:
      Column Stats Desc:
          Columns: key, value
          Column Types: int, string
          Table: default.insert_into3b

PREHOOK: query: FROM src INSERT OVERWRITE TABLE insert_into3a SELECT * LIMIT 10
         INSERT INTO TABLE insert_into3b SELECT * LIMIT 10
PREHOOK: type: QUERY
PREHOOK: Input: default@src
PREHOOK: Output: default@insert_into3a
PREHOOK: Output: default@insert_into3b
POSTHOOK: query: FROM src INSERT OVERWRITE TABLE insert_into3a SELECT * LIMIT 10
         INSERT INTO TABLE insert_into3b SELECT * LIMIT 10
POSTHOOK: type: QUERY
POSTHOOK: Input: default@src
POSTHOOK: Output: default@insert_into3a
POSTHOOK: Output: default@insert_into3b
POSTHOOK: Lineage: insert_into3a.key EXPRESSION [(src)src.FieldSchema(name:key, type:string, comment:default), ]
POSTHOOK: Lineage: insert_into3a.value SIMPLE [(src)src.FieldSchema(name:value, type:string, comment:default), ]
POSTHOOK: Lineage: insert_into3b.key EXPRESSION [(src)src.FieldSchema(name:key, type:string, comment:default), ]
POSTHOOK: Lineage: insert_into3b.value SIMPLE [(src)src.FieldSchema(name:value, type:string, comment:default), ]
PREHOOK: query: SELECT SUM(HASH(c)) FROM (
    SELECT TRANSFORM(*) USING 'tr \t _' AS (c) FROM insert_into3a
) t
PREHOOK: type: QUERY
PREHOOK: Input: default@insert_into3a
PREHOOK: Output: hdfs://### HDFS PATH ###
POSTHOOK: query: SELECT SUM(HASH(c)) FROM (
    SELECT TRANSFORM(*) USING 'tr \t _' AS (c) FROM insert_into3a
) t
POSTHOOK: type: QUERY
POSTHOOK: Input: default@insert_into3a
POSTHOOK: Output: hdfs://### HDFS PATH ###
-826625916
PREHOOK: query: SELECT SUM(HASH(c)) FROM (
    SELECT TRANSFORM(*) USING 'tr \t _' AS (c) FROM insert_into3b
) t
PREHOOK: type: QUERY
PREHOOK: Input: default@insert_into3b
PREHOOK: Output: hdfs://### HDFS PATH ###
POSTHOOK: query: SELECT SUM(HASH(c)) FROM (
    SELECT TRANSFORM(*) USING 'tr \t _' AS (c) FROM insert_into3b
) t
POSTHOOK: type: QUERY
POSTHOOK: Input: default@insert_into3b
POSTHOOK: Output: hdfs://### HDFS PATH ###
-1968999674
PREHOOK: query: DROP TABLE insert_into3a
PREHOOK: type: DROPTABLE
PREHOOK: Input: default@insert_into3a
PREHOOK: Output: default@insert_into3a
POSTHOOK: query: DROP TABLE insert_into3a
POSTHOOK: type: DROPTABLE
POSTHOOK: Input: default@insert_into3a
POSTHOOK: Output: default@insert_into3a
PREHOOK: query: DROP TABLE insert_into3b
PREHOOK: type: DROPTABLE
PREHOOK: Input: default@insert_into3b
PREHOOK: Output: default@insert_into3b
POSTHOOK: query: DROP TABLE insert_into3b
POSTHOOK: type: DROPTABLE
POSTHOOK: Input: default@insert_into3b
POSTHOOK: Output: default@insert_into3b
