PREHOOK: query: DROP TABLE insert_into2
PREHOOK: type: DROPTABLE
POSTHOOK: query: DROP TABLE insert_into2
POSTHOOK: type: DROPTABLE
PREHOOK: query: CREATE TABLE insert_into2 (key int, value string) 
  PARTITIONED BY (ds string)
PREHOOK: type: CREATETABLE
PREHOOK: Output: database:default
PREHOOK: Output: default@insert_into2
POSTHOOK: query: CREATE TABLE insert_into2 (key int, value string) 
  PARTITIONED BY (ds string)
POSTHOOK: type: CREATETABLE
POSTHOOK: Output: database:default
POSTHOOK: Output: default@insert_into2
PREHOOK: query: EXPLAIN INSERT INTO TABLE insert_into2 PARTITION (ds='1') 
  SELECT * FROM src order by key LIMIT 100
PREHOOK: type: QUERY
POSTHOOK: query: EXPLAIN INSERT INTO TABLE insert_into2 PARTITION (ds='1') 
  SELECT * FROM src order by key LIMIT 100
POSTHOOK: type: QUERY
STAGE DEPENDENCIES:
  Stage-1 is a root stage
  Stage-2 depends on stages: Stage-1
  Stage-0 depends on stages: Stage-2
  Stage-3 depends on stages: Stage-0

STAGE PLANS:
  Stage: Stage-1
    Tez
#### A masked pattern was here ####
      Edges:
        Reducer 2 <- Map 1 (SIMPLE_EDGE)
#### A masked pattern was here ####
      Vertices:
        Map 1 
            Map Operator Tree:
                TableScan
                  alias: src
                  Statistics: Num rows: 500 Data size: 89000 Basic stats: COMPLETE Column stats: COMPLETE
                  Select Operator
                    expressions: key (type: string), value (type: string)
                    outputColumnNames: _col0, _col1
                    Statistics: Num rows: 500 Data size: 89000 Basic stats: COMPLETE Column stats: COMPLETE
                    Reduce Output Operator
                      key expressions: _col0 (type: string)
                      sort order: +
                      Statistics: Num rows: 500 Data size: 89000 Basic stats: COMPLETE Column stats: COMPLETE
                      TopN Hash Memory Usage: 0.1
                      value expressions: _col1 (type: string)
            Execution mode: llap
            LLAP IO: no inputs
        Reducer 2 
            Execution mode: llap
            Reduce Operator Tree:
              Select Operator
                expressions: KEY.reducesinkkey0 (type: string), VALUE._col0 (type: string)
                outputColumnNames: _col0, _col1
                Statistics: Num rows: 500 Data size: 89000 Basic stats: COMPLETE Column stats: COMPLETE
                Limit
                  Number of rows: 100
                  Statistics: Num rows: 100 Data size: 17800 Basic stats: COMPLETE Column stats: COMPLETE
                  Select Operator
                    expressions: UDFToInteger(_col0) (type: int), _col1 (type: string)
                    outputColumnNames: _col0, _col1
                    Statistics: Num rows: 100 Data size: 9500 Basic stats: COMPLETE Column stats: COMPLETE
                    File Output Operator
                      compressed: false
                      Statistics: Num rows: 100 Data size: 9500 Basic stats: COMPLETE Column stats: COMPLETE
                      table:
                          input format: org.apache.hadoop.mapred.TextInputFormat
                          output format: org.apache.hadoop.hive.ql.io.HiveIgnoreKeyTextOutputFormat
                          serde: org.apache.hadoop.hive.serde2.lazy.LazySimpleSerDe
                          name: default.insert_into2

  Stage: Stage-2
    Dependency Collection

  Stage: Stage-0
    Move Operator
      tables:
          partition:
            ds 1
          replace: false
          table:
              input format: org.apache.hadoop.mapred.TextInputFormat
              output format: org.apache.hadoop.hive.ql.io.HiveIgnoreKeyTextOutputFormat
              serde: org.apache.hadoop.hive.serde2.lazy.LazySimpleSerDe
              name: default.insert_into2

  Stage: Stage-3
    Stats-Aggr Operator

PREHOOK: query: INSERT INTO TABLE insert_into2 PARTITION (ds='1') SELECT * FROM src order by key limit 100
PREHOOK: type: QUERY
PREHOOK: Input: default@src
PREHOOK: Output: default@insert_into2@ds=1
POSTHOOK: query: INSERT INTO TABLE insert_into2 PARTITION (ds='1') SELECT * FROM src order by key limit 100
POSTHOOK: type: QUERY
POSTHOOK: Input: default@src
POSTHOOK: Output: default@insert_into2@ds=1
POSTHOOK: Lineage: insert_into2 PARTITION(ds=1).key EXPRESSION [(src)src.FieldSchema(name:key, type:string, comment:default), ]
POSTHOOK: Lineage: insert_into2 PARTITION(ds=1).value SIMPLE [(src)src.FieldSchema(name:value, type:string, comment:default), ]
PREHOOK: query: explain
select count (*) from insert_into2 where ds = '1'
PREHOOK: type: QUERY
POSTHOOK: query: explain
select count (*) from insert_into2 where ds = '1'
POSTHOOK: type: QUERY
STAGE DEPENDENCIES:
  Stage-0 is a root stage

STAGE PLANS:
  Stage: Stage-0
    Fetch Operator
      limit: 1
      Processor Tree:
        ListSink

PREHOOK: query: select count (*) from insert_into2 where ds = '1'
PREHOOK: type: QUERY
PREHOOK: Input: default@insert_into2
#### A masked pattern was here ####
POSTHOOK: query: select count (*) from insert_into2 where ds = '1'
POSTHOOK: type: QUERY
POSTHOOK: Input: default@insert_into2
#### A masked pattern was here ####
100
PREHOOK: query: INSERT INTO TABLE insert_into2 PARTITION (ds='1') SELECT * FROM src order by key limit 100
PREHOOK: type: QUERY
PREHOOK: Input: default@src
PREHOOK: Output: default@insert_into2@ds=1
POSTHOOK: query: INSERT INTO TABLE insert_into2 PARTITION (ds='1') SELECT * FROM src order by key limit 100
POSTHOOK: type: QUERY
POSTHOOK: Input: default@src
POSTHOOK: Output: default@insert_into2@ds=1
POSTHOOK: Lineage: insert_into2 PARTITION(ds=1).key EXPRESSION [(src)src.FieldSchema(name:key, type:string, comment:default), ]
POSTHOOK: Lineage: insert_into2 PARTITION(ds=1).value SIMPLE [(src)src.FieldSchema(name:value, type:string, comment:default), ]
PREHOOK: query: explain
SELECT COUNT(*) FROM insert_into2 WHERE ds='1'
PREHOOK: type: QUERY
POSTHOOK: query: explain
SELECT COUNT(*) FROM insert_into2 WHERE ds='1'
POSTHOOK: type: QUERY
STAGE DEPENDENCIES:
  Stage-0 is a root stage

STAGE PLANS:
  Stage: Stage-0
    Fetch Operator
      limit: 1
      Processor Tree:
        ListSink

PREHOOK: query: SELECT COUNT(*) FROM insert_into2 WHERE ds='1'
PREHOOK: type: QUERY
PREHOOK: Input: default@insert_into2
#### A masked pattern was here ####
POSTHOOK: query: SELECT COUNT(*) FROM insert_into2 WHERE ds='1'
POSTHOOK: type: QUERY
POSTHOOK: Input: default@insert_into2
#### A masked pattern was here ####
200
PREHOOK: query: SELECT SUM(HASH(c)) FROM (
    SELECT TRANSFORM(*) USING 'tr \t _' AS (c) FROM insert_into2
) t
PREHOOK: type: QUERY
PREHOOK: Input: default@insert_into2
PREHOOK: Input: default@insert_into2@ds=1
#### A masked pattern was here ####
POSTHOOK: query: SELECT SUM(HASH(c)) FROM (
    SELECT TRANSFORM(*) USING 'tr \t _' AS (c) FROM insert_into2
) t
POSTHOOK: type: QUERY
POSTHOOK: Input: default@insert_into2
POSTHOOK: Input: default@insert_into2@ds=1
#### A masked pattern was here ####
-39568181484
PREHOOK: query: EXPLAIN INSERT OVERWRITE TABLE insert_into2 PARTITION (ds='2')
  SELECT * FROM src order by key LIMIT 100
PREHOOK: type: QUERY
POSTHOOK: query: EXPLAIN INSERT OVERWRITE TABLE insert_into2 PARTITION (ds='2')
  SELECT * FROM src order by key LIMIT 100
POSTHOOK: type: QUERY
STAGE DEPENDENCIES:
  Stage-1 is a root stage
  Stage-2 depends on stages: Stage-1
  Stage-0 depends on stages: Stage-2
  Stage-3 depends on stages: Stage-0

STAGE PLANS:
  Stage: Stage-1
    Tez
#### A masked pattern was here ####
      Edges:
        Reducer 2 <- Map 1 (SIMPLE_EDGE)
#### A masked pattern was here ####
      Vertices:
        Map 1 
            Map Operator Tree:
                TableScan
                  alias: src
                  Statistics: Num rows: 500 Data size: 89000 Basic stats: COMPLETE Column stats: COMPLETE
                  Select Operator
                    expressions: key (type: string), value (type: string)
                    outputColumnNames: _col0, _col1
                    Statistics: Num rows: 500 Data size: 89000 Basic stats: COMPLETE Column stats: COMPLETE
                    Reduce Output Operator
                      key expressions: _col0 (type: string)
                      sort order: +
                      Statistics: Num rows: 500 Data size: 89000 Basic stats: COMPLETE Column stats: COMPLETE
                      TopN Hash Memory Usage: 0.1
                      value expressions: _col1 (type: string)
            Execution mode: llap
            LLAP IO: no inputs
        Reducer 2 
            Execution mode: llap
            Reduce Operator Tree:
              Select Operator
                expressions: KEY.reducesinkkey0 (type: string), VALUE._col0 (type: string)
                outputColumnNames: _col0, _col1
                Statistics: Num rows: 500 Data size: 89000 Basic stats: COMPLETE Column stats: COMPLETE
                Limit
                  Number of rows: 100
                  Statistics: Num rows: 100 Data size: 17800 Basic stats: COMPLETE Column stats: COMPLETE
                  Select Operator
                    expressions: UDFToInteger(_col0) (type: int), _col1 (type: string)
                    outputColumnNames: _col0, _col1
                    Statistics: Num rows: 100 Data size: 9500 Basic stats: COMPLETE Column stats: COMPLETE
                    File Output Operator
                      compressed: false
                      Statistics: Num rows: 100 Data size: 9500 Basic stats: COMPLETE Column stats: COMPLETE
                      table:
                          input format: org.apache.hadoop.mapred.TextInputFormat
                          output format: org.apache.hadoop.hive.ql.io.HiveIgnoreKeyTextOutputFormat
                          serde: org.apache.hadoop.hive.serde2.lazy.LazySimpleSerDe
                          name: default.insert_into2

  Stage: Stage-2
    Dependency Collection

  Stage: Stage-0
    Move Operator
      tables:
          partition:
            ds 2
          replace: true
          table:
              input format: org.apache.hadoop.mapred.TextInputFormat
              output format: org.apache.hadoop.hive.ql.io.HiveIgnoreKeyTextOutputFormat
              serde: org.apache.hadoop.hive.serde2.lazy.LazySimpleSerDe
              name: default.insert_into2

  Stage: Stage-3
    Stats-Aggr Operator

PREHOOK: query: INSERT OVERWRITE TABLE insert_into2 PARTITION (ds='2')
  SELECT * FROM src order by key LIMIT 100
PREHOOK: type: QUERY
PREHOOK: Input: default@src
PREHOOK: Output: default@insert_into2@ds=2
POSTHOOK: query: INSERT OVERWRITE TABLE insert_into2 PARTITION (ds='2')
  SELECT * FROM src order by key LIMIT 100
POSTHOOK: type: QUERY
POSTHOOK: Input: default@src
POSTHOOK: Output: default@insert_into2@ds=2
POSTHOOK: Lineage: insert_into2 PARTITION(ds=2).key EXPRESSION [(src)src.FieldSchema(name:key, type:string, comment:default), ]
POSTHOOK: Lineage: insert_into2 PARTITION(ds=2).value SIMPLE [(src)src.FieldSchema(name:value, type:string, comment:default), ]
PREHOOK: query: SELECT SUM(HASH(c)) FROM (
    SELECT TRANSFORM(*) USING 'tr \t _' AS (c) FROM insert_into2
) t
PREHOOK: type: QUERY
PREHOOK: Input: default@insert_into2
PREHOOK: Input: default@insert_into2@ds=1
PREHOOK: Input: default@insert_into2@ds=2
#### A masked pattern was here ####
POSTHOOK: query: SELECT SUM(HASH(c)) FROM (
    SELECT TRANSFORM(*) USING 'tr \t _' AS (c) FROM insert_into2
) t
POSTHOOK: type: QUERY
POSTHOOK: Input: default@insert_into2
POSTHOOK: Input: default@insert_into2@ds=1
POSTHOOK: Input: default@insert_into2@ds=2
#### A masked pattern was here ####
-59352272126
PREHOOK: query: explain
SELECT COUNT(*) FROM insert_into2 WHERE ds='2'
PREHOOK: type: QUERY
POSTHOOK: query: explain
SELECT COUNT(*) FROM insert_into2 WHERE ds='2'
POSTHOOK: type: QUERY
STAGE DEPENDENCIES:
  Stage-0 is a root stage

STAGE PLANS:
  Stage: Stage-0
    Fetch Operator
      limit: 1
      Processor Tree:
        ListSink

PREHOOK: query: SELECT COUNT(*) FROM insert_into2 WHERE ds='2'
PREHOOK: type: QUERY
PREHOOK: Input: default@insert_into2
#### A masked pattern was here ####
POSTHOOK: query: SELECT COUNT(*) FROM insert_into2 WHERE ds='2'
POSTHOOK: type: QUERY
POSTHOOK: Input: default@insert_into2
#### A masked pattern was here ####
100
PREHOOK: query: EXPLAIN INSERT OVERWRITE TABLE insert_into2 PARTITION (ds='2')
  SELECT * FROM src order by key LIMIT 50
PREHOOK: type: QUERY
POSTHOOK: query: EXPLAIN INSERT OVERWRITE TABLE insert_into2 PARTITION (ds='2')
  SELECT * FROM src order by key LIMIT 50
POSTHOOK: type: QUERY
STAGE DEPENDENCIES:
  Stage-1 is a root stage
  Stage-2 depends on stages: Stage-1
  Stage-0 depends on stages: Stage-2
  Stage-3 depends on stages: Stage-0

STAGE PLANS:
  Stage: Stage-1
    Tez
#### A masked pattern was here ####
      Edges:
        Reducer 2 <- Map 1 (SIMPLE_EDGE)
#### A masked pattern was here ####
      Vertices:
        Map 1 
            Map Operator Tree:
                TableScan
                  alias: src
                  Statistics: Num rows: 500 Data size: 89000 Basic stats: COMPLETE Column stats: COMPLETE
                  Select Operator
                    expressions: key (type: string), value (type: string)
                    outputColumnNames: _col0, _col1
                    Statistics: Num rows: 500 Data size: 89000 Basic stats: COMPLETE Column stats: COMPLETE
                    Reduce Output Operator
                      key expressions: _col0 (type: string)
                      sort order: +
                      Statistics: Num rows: 500 Data size: 89000 Basic stats: COMPLETE Column stats: COMPLETE
                      TopN Hash Memory Usage: 0.1
                      value expressions: _col1 (type: string)
            Execution mode: llap
            LLAP IO: no inputs
        Reducer 2 
            Execution mode: llap
            Reduce Operator Tree:
              Select Operator
                expressions: KEY.reducesinkkey0 (type: string), VALUE._col0 (type: string)
                outputColumnNames: _col0, _col1
                Statistics: Num rows: 500 Data size: 89000 Basic stats: COMPLETE Column stats: COMPLETE
                Limit
                  Number of rows: 50
                  Statistics: Num rows: 50 Data size: 8900 Basic stats: COMPLETE Column stats: COMPLETE
                  Select Operator
                    expressions: UDFToInteger(_col0) (type: int), _col1 (type: string)
                    outputColumnNames: _col0, _col1
                    Statistics: Num rows: 50 Data size: 4750 Basic stats: COMPLETE Column stats: COMPLETE
                    File Output Operator
                      compressed: false
                      Statistics: Num rows: 50 Data size: 4750 Basic stats: COMPLETE Column stats: COMPLETE
                      table:
                          input format: org.apache.hadoop.mapred.TextInputFormat
                          output format: org.apache.hadoop.hive.ql.io.HiveIgnoreKeyTextOutputFormat
                          serde: org.apache.hadoop.hive.serde2.lazy.LazySimpleSerDe
                          name: default.insert_into2

  Stage: Stage-2
    Dependency Collection

  Stage: Stage-0
    Move Operator
      tables:
          partition:
            ds 2
          replace: true
          table:
              input format: org.apache.hadoop.mapred.TextInputFormat
              output format: org.apache.hadoop.hive.ql.io.HiveIgnoreKeyTextOutputFormat
              serde: org.apache.hadoop.hive.serde2.lazy.LazySimpleSerDe
              name: default.insert_into2

  Stage: Stage-3
    Stats-Aggr Operator

PREHOOK: query: INSERT OVERWRITE TABLE insert_into2 PARTITION (ds='2')
  SELECT * FROM src order by key LIMIT 50
PREHOOK: type: QUERY
PREHOOK: Input: default@src
PREHOOK: Output: default@insert_into2@ds=2
POSTHOOK: query: INSERT OVERWRITE TABLE insert_into2 PARTITION (ds='2')
  SELECT * FROM src order by key LIMIT 50
POSTHOOK: type: QUERY
POSTHOOK: Input: default@src
POSTHOOK: Output: default@insert_into2@ds=2
POSTHOOK: Lineage: insert_into2 PARTITION(ds=2).key EXPRESSION [(src)src.FieldSchema(name:key, type:string, comment:default), ]
POSTHOOK: Lineage: insert_into2 PARTITION(ds=2).value SIMPLE [(src)src.FieldSchema(name:value, type:string, comment:default), ]
PREHOOK: query: SELECT SUM(HASH(c)) FROM (
    SELECT TRANSFORM(*) USING 'tr \t _' AS (c) FROM insert_into2
) t
PREHOOK: type: QUERY
PREHOOK: Input: default@insert_into2
PREHOOK: Input: default@insert_into2@ds=1
PREHOOK: Input: default@insert_into2@ds=2
#### A masked pattern was here ####
POSTHOOK: query: SELECT SUM(HASH(c)) FROM (
    SELECT TRANSFORM(*) USING 'tr \t _' AS (c) FROM insert_into2
) t
POSTHOOK: type: QUERY
POSTHOOK: Input: default@insert_into2
POSTHOOK: Input: default@insert_into2@ds=1
POSTHOOK: Input: default@insert_into2@ds=2
#### A masked pattern was here ####
-33609711132
PREHOOK: query: explain
SELECT COUNT(*) FROM insert_into2 WHERE ds='2'
PREHOOK: type: QUERY
POSTHOOK: query: explain
SELECT COUNT(*) FROM insert_into2 WHERE ds='2'
POSTHOOK: type: QUERY
STAGE DEPENDENCIES:
  Stage-0 is a root stage

STAGE PLANS:
  Stage: Stage-0
    Fetch Operator
      limit: 1
      Processor Tree:
        ListSink

PREHOOK: query: SELECT COUNT(*) FROM insert_into2 WHERE ds='2'
PREHOOK: type: QUERY
PREHOOK: Input: default@insert_into2
#### A masked pattern was here ####
POSTHOOK: query: SELECT COUNT(*) FROM insert_into2 WHERE ds='2'
POSTHOOK: type: QUERY
POSTHOOK: Input: default@insert_into2
#### A masked pattern was here ####
50
PREHOOK: query: insert into table insert_into2 partition (ds='2') values(1, 'abc')
PREHOOK: type: QUERY
PREHOOK: Output: default@insert_into2@ds=2
POSTHOOK: query: insert into table insert_into2 partition (ds='2') values(1, 'abc')
POSTHOOK: type: QUERY
POSTHOOK: Output: default@insert_into2@ds=2
POSTHOOK: Lineage: insert_into2 PARTITION(ds=2).key EXPRESSION [(values__tmp__table__1)values__tmp__table__1.FieldSchema(name:tmp_values_col1, type:string, comment:), ]
POSTHOOK: Lineage: insert_into2 PARTITION(ds=2).value SIMPLE [(values__tmp__table__1)values__tmp__table__1.FieldSchema(name:tmp_values_col2, type:string, comment:), ]
PREHOOK: query: explain
SELECT COUNT(*) FROM insert_into2 where ds='2'
PREHOOK: type: QUERY
POSTHOOK: query: explain
SELECT COUNT(*) FROM insert_into2 where ds='2'
POSTHOOK: type: QUERY
STAGE DEPENDENCIES:
  Stage-1 is a root stage
  Stage-0 depends on stages: Stage-1

STAGE PLANS:
  Stage: Stage-1
    Tez
#### A masked pattern was here ####
      Edges:
        Reducer 2 <- Map 1 (CUSTOM_SIMPLE_EDGE)
#### A masked pattern was here ####
      Vertices:
        Map 1 
            Map Operator Tree:
                TableScan
                  alias: insert_into2
                  Statistics: Num rows: 50 Data size: 930 Basic stats: COMPLETE Column stats: COMPLETE
                  Select Operator
                    Statistics: Num rows: 50 Data size: 930 Basic stats: COMPLETE Column stats: COMPLETE
                    Group By Operator
                      aggregations: count()
                      mode: hash
                      outputColumnNames: _col0
                      Statistics: Num rows: 1 Data size: 8 Basic stats: COMPLETE Column stats: COMPLETE
                      Reduce Output Operator
                        sort order: 
                        Statistics: Num rows: 1 Data size: 8 Basic stats: COMPLETE Column stats: COMPLETE
                        value expressions: _col0 (type: bigint)
            Execution mode: llap
            LLAP IO: no inputs
        Reducer 2 
            Execution mode: llap
            Reduce Operator Tree:
              Group By Operator
                aggregations: count(VALUE._col0)
                mode: mergepartial
                outputColumnNames: _col0
                Statistics: Num rows: 1 Data size: 8 Basic stats: COMPLETE Column stats: COMPLETE
                File Output Operator
                  compressed: false
                  Statistics: Num rows: 1 Data size: 8 Basic stats: COMPLETE Column stats: COMPLETE
                  table:
                      input format: org.apache.hadoop.mapred.SequenceFileInputFormat
                      output format: org.apache.hadoop.hive.ql.io.HiveSequenceFileOutputFormat
                      serde: org.apache.hadoop.hive.serde2.lazy.LazySimpleSerDe

  Stage: Stage-0
    Fetch Operator
      limit: -1
      Processor Tree:
        ListSink

PREHOOK: query: select count(*) from insert_into2 where ds='2'
PREHOOK: type: QUERY
PREHOOK: Input: default@insert_into2
PREHOOK: Input: default@insert_into2@ds=2
#### A masked pattern was here ####
POSTHOOK: query: select count(*) from insert_into2 where ds='2'
POSTHOOK: type: QUERY
POSTHOOK: Input: default@insert_into2
POSTHOOK: Input: default@insert_into2@ds=2
#### A masked pattern was here ####
51
PREHOOK: query: DROP TABLE insert_into2
PREHOOK: type: DROPTABLE
PREHOOK: Input: default@insert_into2
PREHOOK: Output: default@insert_into2
POSTHOOK: query: DROP TABLE insert_into2
POSTHOOK: type: DROPTABLE
POSTHOOK: Input: default@insert_into2
POSTHOOK: Output: default@insert_into2
