PREHOOK: query: CREATE TABLE t1 (a int, `default` int) stored as orc TBLPROPERTIES ('transactional'='true')
PREHOOK: type: CREATETABLE
PREHOOK: Output: database:default
PREHOOK: Output: default@t1
POSTHOOK: query: CREATE TABLE t1 (a int, `default` int) stored as orc TBLPROPERTIES ('transactional'='true')
POSTHOOK: type: CREATETABLE
POSTHOOK: Output: database:default
POSTHOOK: Output: default@t1
PREHOOK: query: insert into t1 values (1, 2), (10, 11)
PREHOOK: type: QUERY
PREHOOK: Input: _dummy_database@_dummy_table
PREHOOK: Output: default@t1
POSTHOOK: query: insert into t1 values (1, 2), (10, 11)
POSTHOOK: type: QUERY
POSTHOOK: Input: _dummy_database@_dummy_table
POSTHOOK: Output: default@t1
POSTHOOK: Lineage: t1.a SCRIPT []
POSTHOOK: Lineage: t1.default SCRIPT []
PREHOOK: query: explain
update t1 set a = `default`
PREHOOK: type: QUERY
PREHOOK: Input: default@t1
PREHOOK: Output: default@t1
PREHOOK: Output: default@t1
POSTHOOK: query: explain
update t1 set a = `default`
POSTHOOK: type: QUERY
POSTHOOK: Input: default@t1
POSTHOOK: Output: default@t1
POSTHOOK: Output: default@t1
STAGE DEPENDENCIES:
  Stage-2 is a root stage
  Stage-3 depends on stages: Stage-2
  Stage-0 depends on stages: Stage-3
  Stage-4 depends on stages: Stage-0
  Stage-1 depends on stages: Stage-3
  Stage-5 depends on stages: Stage-1

STAGE PLANS:
  Stage: Stage-2
    Tez
#### A masked pattern was here ####
      Edges:
        Reducer 2 <- Map 1 (SIMPLE_EDGE)
#### A masked pattern was here ####
      Vertices:
        Map 1 
            Map Operator Tree:
                TableScan
                  alias: t1
                  Statistics: Num rows: 2 Data size: 8 Basic stats: COMPLETE Column stats: COMPLETE
                  Select Operator
                    expressions: ROW__ID (type: struct<writeid:bigint,bucketid:int,rowid:bigint>), default (type: int), default (type: int)
                    outputColumnNames: _col0, _col1, _col2
                    Statistics: Num rows: 2 Data size: 168 Basic stats: COMPLETE Column stats: COMPLETE
                    Select Operator
                      expressions: _col0 (type: struct<writeid:bigint,bucketid:int,rowid:bigint>)
                      outputColumnNames: _col0
                      Statistics: Num rows: 2 Data size: 152 Basic stats: COMPLETE Column stats: COMPLETE
                      Reduce Output Operator
                        key expressions: _col0 (type: struct<writeid:bigint,bucketid:int,rowid:bigint>)
                        null sort order: z
                        sort order: +
                        Map-reduce partition columns: UDFToInteger(_col0) (type: int)
                        Statistics: Num rows: 2 Data size: 152 Basic stats: COMPLETE Column stats: COMPLETE
                    Select Operator
                      expressions: _col1 (type: int), _col2 (type: int)
                      outputColumnNames: _col0, _col1
                      Statistics: Num rows: 2 Data size: 16 Basic stats: COMPLETE Column stats: COMPLETE
                      File Output Operator
                        compressed: false
                        Statistics: Num rows: 2 Data size: 16 Basic stats: COMPLETE Column stats: COMPLETE
                        table:
                            input format: org.apache.hadoop.hive.ql.io.orc.OrcInputFormat
                            output format: org.apache.hadoop.hive.ql.io.orc.OrcOutputFormat
                            serde: org.apache.hadoop.hive.ql.io.orc.OrcSerde
                            name: default.t1
                        Write Type: INSERT
            Execution mode: vectorized, llap
            LLAP IO: may be used (ACID table)
        Reducer 2 
            Execution mode: vectorized, llap
            Reduce Operator Tree:
              Select Operator
                expressions: KEY.reducesinkkey0 (type: struct<writeid:bigint,bucketid:int,rowid:bigint>)
                outputColumnNames: _col0
                Statistics: Num rows: 2 Data size: 152 Basic stats: COMPLETE Column stats: COMPLETE
                File Output Operator
                  compressed: false
                  Statistics: Num rows: 2 Data size: 152 Basic stats: COMPLETE Column stats: COMPLETE
                  table:
                      input format: org.apache.hadoop.hive.ql.io.orc.OrcInputFormat
                      output format: org.apache.hadoop.hive.ql.io.orc.OrcOutputFormat
                      serde: org.apache.hadoop.hive.ql.io.orc.OrcSerde
                      name: default.t1
                  Write Type: DELETE

  Stage: Stage-3
    Dependency Collection

  Stage: Stage-0
    Move Operator
      tables:
          replace: false
          table:
              input format: org.apache.hadoop.hive.ql.io.orc.OrcInputFormat
              output format: org.apache.hadoop.hive.ql.io.orc.OrcOutputFormat
              serde: org.apache.hadoop.hive.ql.io.orc.OrcSerde
              name: default.t1
          Write Type: DELETE

  Stage: Stage-4
    Stats Work
      Basic Stats Work:

  Stage: Stage-1
    Move Operator
      tables:
          replace: false
          table:
              input format: org.apache.hadoop.hive.ql.io.orc.OrcInputFormat
              output format: org.apache.hadoop.hive.ql.io.orc.OrcOutputFormat
              serde: org.apache.hadoop.hive.ql.io.orc.OrcSerde
              name: default.t1
          Write Type: INSERT

  Stage: Stage-5
    Stats Work
      Basic Stats Work:

PREHOOK: query: update t1 set a = `default`
PREHOOK: type: QUERY
PREHOOK: Input: default@t1
PREHOOK: Output: default@t1
PREHOOK: Output: default@t1
POSTHOOK: query: update t1 set a = `default`
POSTHOOK: type: QUERY
POSTHOOK: Input: default@t1
POSTHOOK: Output: default@t1
POSTHOOK: Output: default@t1
POSTHOOK: Lineage: t1.a SIMPLE [(t1)t1.FieldSchema(name:default, type:int, comment:null), ]
POSTHOOK: Lineage: t1.default SIMPLE [(t1)t1.FieldSchema(name:default, type:int, comment:null), ]
PREHOOK: query: select * from t1
PREHOOK: type: QUERY
PREHOOK: Input: default@t1
#### A masked pattern was here ####
POSTHOOK: query: select * from t1
POSTHOOK: type: QUERY
POSTHOOK: Input: default@t1
#### A masked pattern was here ####
11	11
2	2
