PREHOOK: query: DROP TABLE insert_into1
PREHOOK: type: DROPTABLE
POSTHOOK: query: DROP TABLE insert_into1
POSTHOOK: type: DROPTABLE
PREHOOK: query: CREATE TABLE insert_into1 (key int, value string)
PREHOOK: type: CREATETABLE
PREHOOK: Output: database:default
PREHOOK: Output: default@insert_into1
POSTHOOK: query: CREATE TABLE insert_into1 (key int, value string)
POSTHOOK: type: CREATETABLE
POSTHOOK: Output: database:default
POSTHOOK: Output: default@insert_into1
PREHOOK: query: EXPLAIN INSERT INTO TABLE insert_into1 SELECT * from src ORDER BY key LIMIT 100
PREHOOK: type: QUERY
POSTHOOK: query: EXPLAIN INSERT INTO TABLE insert_into1 SELECT * from src ORDER BY key LIMIT 100
POSTHOOK: type: QUERY
STAGE DEPENDENCIES:
  Stage-1 is a root stage
  Stage-2 depends on stages: Stage-1
  Stage-0 depends on stages: Stage-2
  Stage-3 depends on stages: Stage-0

STAGE PLANS:
  Stage: Stage-1
    Tez
#### A masked pattern was here ####
      Edges:
        Reducer 2 <- Map 1 (SIMPLE_EDGE)
#### A masked pattern was here ####
      Vertices:
        Map 1 
            Map Operator Tree:
                TableScan
                  alias: src
                  Statistics: Num rows: 500 Data size: 89000 Basic stats: COMPLETE Column stats: COMPLETE
                  Select Operator
                    expressions: key (type: string), value (type: string)
                    outputColumnNames: _col0, _col1
                    Statistics: Num rows: 500 Data size: 89000 Basic stats: COMPLETE Column stats: COMPLETE
                    Reduce Output Operator
                      key expressions: _col0 (type: string)
                      sort order: +
                      Statistics: Num rows: 500 Data size: 89000 Basic stats: COMPLETE Column stats: COMPLETE
                      TopN Hash Memory Usage: 0.1
                      value expressions: _col1 (type: string)
            Execution mode: llap
            LLAP IO: no inputs
        Reducer 2 
            Execution mode: llap
            Reduce Operator Tree:
              Select Operator
                expressions: KEY.reducesinkkey0 (type: string), VALUE._col0 (type: string)
                outputColumnNames: _col0, _col1
                Statistics: Num rows: 500 Data size: 89000 Basic stats: COMPLETE Column stats: COMPLETE
                Limit
                  Number of rows: 100
                  Statistics: Num rows: 100 Data size: 17800 Basic stats: COMPLETE Column stats: COMPLETE
                  Select Operator
                    expressions: UDFToInteger(_col0) (type: int), _col1 (type: string)
                    outputColumnNames: _col0, _col1
                    Statistics: Num rows: 100 Data size: 9500 Basic stats: COMPLETE Column stats: COMPLETE
                    File Output Operator
                      compressed: false
                      Statistics: Num rows: 100 Data size: 9500 Basic stats: COMPLETE Column stats: COMPLETE
                      table:
                          input format: org.apache.hadoop.mapred.TextInputFormat
                          output format: org.apache.hadoop.hive.ql.io.HiveIgnoreKeyTextOutputFormat
                          serde: org.apache.hadoop.hive.serde2.lazy.LazySimpleSerDe
                          name: default.insert_into1

  Stage: Stage-2
    Dependency Collection

  Stage: Stage-0
    Move Operator
      tables:
          replace: false
          table:
              input format: org.apache.hadoop.mapred.TextInputFormat
              output format: org.apache.hadoop.hive.ql.io.HiveIgnoreKeyTextOutputFormat
              serde: org.apache.hadoop.hive.serde2.lazy.LazySimpleSerDe
              name: default.insert_into1

  Stage: Stage-3
    Stats-Aggr Operator

PREHOOK: query: INSERT INTO TABLE insert_into1 SELECT * from src ORDER BY key LIMIT 100
PREHOOK: type: QUERY
PREHOOK: Input: default@src
PREHOOK: Output: default@insert_into1
POSTHOOK: query: INSERT INTO TABLE insert_into1 SELECT * from src ORDER BY key LIMIT 100
POSTHOOK: type: QUERY
POSTHOOK: Input: default@src
POSTHOOK: Output: default@insert_into1
POSTHOOK: Lineage: insert_into1.key EXPRESSION [(src)src.FieldSchema(name:key, type:string, comment:default), ]
POSTHOOK: Lineage: insert_into1.value SIMPLE [(src)src.FieldSchema(name:value, type:string, comment:default), ]
PREHOOK: query: SELECT SUM(HASH(c)) FROM (
    SELECT TRANSFORM(*) USING 'tr \t _' AS (c) FROM insert_into1
) t
PREHOOK: type: QUERY
PREHOOK: Input: default@insert_into1
#### A masked pattern was here ####
POSTHOOK: query: SELECT SUM(HASH(c)) FROM (
    SELECT TRANSFORM(*) USING 'tr \t _' AS (c) FROM insert_into1
) t
POSTHOOK: type: QUERY
POSTHOOK: Input: default@insert_into1
#### A masked pattern was here ####
-1142373758
PREHOOK: query: explain 
select count(*) from insert_into1
PREHOOK: type: QUERY
POSTHOOK: query: explain 
select count(*) from insert_into1
POSTHOOK: type: QUERY
STAGE DEPENDENCIES:
  Stage-0 is a root stage

STAGE PLANS:
  Stage: Stage-0
    Fetch Operator
      limit: 1
      Processor Tree:
        ListSink

PREHOOK: query: select count(*) from insert_into1
PREHOOK: type: QUERY
PREHOOK: Input: default@insert_into1
#### A masked pattern was here ####
POSTHOOK: query: select count(*) from insert_into1
POSTHOOK: type: QUERY
POSTHOOK: Input: default@insert_into1
#### A masked pattern was here ####
100
PREHOOK: query: EXPLAIN INSERT INTO TABLE insert_into1 SELECT * FROM src ORDER BY key LIMIT 100
PREHOOK: type: QUERY
POSTHOOK: query: EXPLAIN INSERT INTO TABLE insert_into1 SELECT * FROM src ORDER BY key LIMIT 100
POSTHOOK: type: QUERY
STAGE DEPENDENCIES:
  Stage-1 is a root stage
  Stage-2 depends on stages: Stage-1
  Stage-0 depends on stages: Stage-2
  Stage-3 depends on stages: Stage-0

STAGE PLANS:
  Stage: Stage-1
    Tez
#### A masked pattern was here ####
      Edges:
        Reducer 2 <- Map 1 (SIMPLE_EDGE)
#### A masked pattern was here ####
      Vertices:
        Map 1 
            Map Operator Tree:
                TableScan
                  alias: src
                  Statistics: Num rows: 500 Data size: 89000 Basic stats: COMPLETE Column stats: COMPLETE
                  Select Operator
                    expressions: key (type: string), value (type: string)
                    outputColumnNames: _col0, _col1
                    Statistics: Num rows: 500 Data size: 89000 Basic stats: COMPLETE Column stats: COMPLETE
                    Reduce Output Operator
                      key expressions: _col0 (type: string)
                      sort order: +
                      Statistics: Num rows: 500 Data size: 89000 Basic stats: COMPLETE Column stats: COMPLETE
                      TopN Hash Memory Usage: 0.1
                      value expressions: _col1 (type: string)
            Execution mode: llap
            LLAP IO: no inputs
        Reducer 2 
            Execution mode: llap
            Reduce Operator Tree:
              Select Operator
                expressions: KEY.reducesinkkey0 (type: string), VALUE._col0 (type: string)
                outputColumnNames: _col0, _col1
                Statistics: Num rows: 500 Data size: 89000 Basic stats: COMPLETE Column stats: COMPLETE
                Limit
                  Number of rows: 100
                  Statistics: Num rows: 100 Data size: 17800 Basic stats: COMPLETE Column stats: COMPLETE
                  Select Operator
                    expressions: UDFToInteger(_col0) (type: int), _col1 (type: string)
                    outputColumnNames: _col0, _col1
                    Statistics: Num rows: 100 Data size: 9500 Basic stats: COMPLETE Column stats: COMPLETE
                    File Output Operator
                      compressed: false
                      Statistics: Num rows: 100 Data size: 9500 Basic stats: COMPLETE Column stats: COMPLETE
                      table:
                          input format: org.apache.hadoop.mapred.TextInputFormat
                          output format: org.apache.hadoop.hive.ql.io.HiveIgnoreKeyTextOutputFormat
                          serde: org.apache.hadoop.hive.serde2.lazy.LazySimpleSerDe
                          name: default.insert_into1

  Stage: Stage-2
    Dependency Collection

  Stage: Stage-0
    Move Operator
      tables:
          replace: false
          table:
              input format: org.apache.hadoop.mapred.TextInputFormat
              output format: org.apache.hadoop.hive.ql.io.HiveIgnoreKeyTextOutputFormat
              serde: org.apache.hadoop.hive.serde2.lazy.LazySimpleSerDe
              name: default.insert_into1

  Stage: Stage-3
    Stats-Aggr Operator

PREHOOK: query: INSERT INTO TABLE insert_into1 SELECT * FROM src ORDER BY key LIMIT 100
PREHOOK: type: QUERY
PREHOOK: Input: default@src
PREHOOK: Output: default@insert_into1
POSTHOOK: query: INSERT INTO TABLE insert_into1 SELECT * FROM src ORDER BY key LIMIT 100
POSTHOOK: type: QUERY
POSTHOOK: Input: default@src
POSTHOOK: Output: default@insert_into1
POSTHOOK: Lineage: insert_into1.key EXPRESSION [(src)src.FieldSchema(name:key, type:string, comment:default), ]
POSTHOOK: Lineage: insert_into1.value SIMPLE [(src)src.FieldSchema(name:value, type:string, comment:default), ]
PREHOOK: query: SELECT SUM(HASH(c)) FROM (
    SELECT TRANSFORM(*) USING 'tr \t _' AS (c) FROM insert_into1
) t
PREHOOK: type: QUERY
PREHOOK: Input: default@insert_into1
#### A masked pattern was here ####
POSTHOOK: query: SELECT SUM(HASH(c)) FROM (
    SELECT TRANSFORM(*) USING 'tr \t _' AS (c) FROM insert_into1
) t
POSTHOOK: type: QUERY
POSTHOOK: Input: default@insert_into1
#### A masked pattern was here ####
-2284747516
PREHOOK: query: explain
SELECT COUNT(*) FROM insert_into1
PREHOOK: type: QUERY
POSTHOOK: query: explain
SELECT COUNT(*) FROM insert_into1
POSTHOOK: type: QUERY
STAGE DEPENDENCIES:
  Stage-0 is a root stage

STAGE PLANS:
  Stage: Stage-0
    Fetch Operator
      limit: 1
      Processor Tree:
        ListSink

PREHOOK: query: select count(*) from insert_into1
PREHOOK: type: QUERY
PREHOOK: Input: default@insert_into1
#### A masked pattern was here ####
POSTHOOK: query: select count(*) from insert_into1
POSTHOOK: type: QUERY
POSTHOOK: Input: default@insert_into1
#### A masked pattern was here ####
200
PREHOOK: query: EXPLAIN INSERT OVERWRITE TABLE insert_into1 SELECT * FROM src ORDER BY key LIMIT 10
PREHOOK: type: QUERY
POSTHOOK: query: EXPLAIN INSERT OVERWRITE TABLE insert_into1 SELECT * FROM src ORDER BY key LIMIT 10
POSTHOOK: type: QUERY
STAGE DEPENDENCIES:
  Stage-1 is a root stage
  Stage-2 depends on stages: Stage-1
  Stage-0 depends on stages: Stage-2
  Stage-3 depends on stages: Stage-0

STAGE PLANS:
  Stage: Stage-1
    Tez
#### A masked pattern was here ####
      Edges:
        Reducer 2 <- Map 1 (SIMPLE_EDGE)
#### A masked pattern was here ####
      Vertices:
        Map 1 
            Map Operator Tree:
                TableScan
                  alias: src
                  Statistics: Num rows: 500 Data size: 89000 Basic stats: COMPLETE Column stats: COMPLETE
                  Select Operator
                    expressions: key (type: string), value (type: string)
                    outputColumnNames: _col0, _col1
                    Statistics: Num rows: 500 Data size: 89000 Basic stats: COMPLETE Column stats: COMPLETE
                    Reduce Output Operator
                      key expressions: _col0 (type: string)
                      sort order: +
                      Statistics: Num rows: 500 Data size: 89000 Basic stats: COMPLETE Column stats: COMPLETE
                      TopN Hash Memory Usage: 0.1
                      value expressions: _col1 (type: string)
            Execution mode: llap
            LLAP IO: no inputs
        Reducer 2 
            Execution mode: llap
            Reduce Operator Tree:
              Select Operator
                expressions: KEY.reducesinkkey0 (type: string), VALUE._col0 (type: string)
                outputColumnNames: _col0, _col1
                Statistics: Num rows: 500 Data size: 89000 Basic stats: COMPLETE Column stats: COMPLETE
                Limit
                  Number of rows: 10
                  Statistics: Num rows: 10 Data size: 1780 Basic stats: COMPLETE Column stats: COMPLETE
                  Select Operator
                    expressions: UDFToInteger(_col0) (type: int), _col1 (type: string)
                    outputColumnNames: _col0, _col1
                    Statistics: Num rows: 10 Data size: 950 Basic stats: COMPLETE Column stats: COMPLETE
                    File Output Operator
                      compressed: false
                      Statistics: Num rows: 10 Data size: 950 Basic stats: COMPLETE Column stats: COMPLETE
                      table:
                          input format: org.apache.hadoop.mapred.TextInputFormat
                          output format: org.apache.hadoop.hive.ql.io.HiveIgnoreKeyTextOutputFormat
                          serde: org.apache.hadoop.hive.serde2.lazy.LazySimpleSerDe
                          name: default.insert_into1

  Stage: Stage-2
    Dependency Collection

  Stage: Stage-0
    Move Operator
      tables:
          replace: true
          table:
              input format: org.apache.hadoop.mapred.TextInputFormat
              output format: org.apache.hadoop.hive.ql.io.HiveIgnoreKeyTextOutputFormat
              serde: org.apache.hadoop.hive.serde2.lazy.LazySimpleSerDe
              name: default.insert_into1

  Stage: Stage-3
    Stats-Aggr Operator

PREHOOK: query: INSERT OVERWRITE TABLE insert_into1 SELECT * FROM src ORDER BY key LIMIT 10
PREHOOK: type: QUERY
PREHOOK: Input: default@src
PREHOOK: Output: default@insert_into1
POSTHOOK: query: INSERT OVERWRITE TABLE insert_into1 SELECT * FROM src ORDER BY key LIMIT 10
POSTHOOK: type: QUERY
POSTHOOK: Input: default@src
POSTHOOK: Output: default@insert_into1
POSTHOOK: Lineage: insert_into1.key EXPRESSION [(src)src.FieldSchema(name:key, type:string, comment:default), ]
POSTHOOK: Lineage: insert_into1.value SIMPLE [(src)src.FieldSchema(name:value, type:string, comment:default), ]
PREHOOK: query: SELECT SUM(HASH(c)) FROM (
    SELECT TRANSFORM(*) USING 'tr \t _' AS (c) FROM insert_into1
) t
PREHOOK: type: QUERY
PREHOOK: Input: default@insert_into1
#### A masked pattern was here ####
POSTHOOK: query: SELECT SUM(HASH(c)) FROM (
    SELECT TRANSFORM(*) USING 'tr \t _' AS (c) FROM insert_into1
) t
POSTHOOK: type: QUERY
POSTHOOK: Input: default@insert_into1
#### A masked pattern was here ####
-2693537120
PREHOOK: query: explain
SELECT COUNT(*) FROM insert_into1
PREHOOK: type: QUERY
POSTHOOK: query: explain
SELECT COUNT(*) FROM insert_into1
POSTHOOK: type: QUERY
STAGE DEPENDENCIES:
  Stage-0 is a root stage

STAGE PLANS:
  Stage: Stage-0
    Fetch Operator
      limit: 1
      Processor Tree:
        ListSink

PREHOOK: query: select count(*) from insert_into1
PREHOOK: type: QUERY
PREHOOK: Input: default@insert_into1
#### A masked pattern was here ####
POSTHOOK: query: select count(*) from insert_into1
POSTHOOK: type: QUERY
POSTHOOK: Input: default@insert_into1
#### A masked pattern was here ####
10
PREHOOK: query: explain insert overwrite table insert_into1 select 1, 'a'
PREHOOK: type: QUERY
POSTHOOK: query: explain insert overwrite table insert_into1 select 1, 'a'
POSTHOOK: type: QUERY
STAGE DEPENDENCIES:
  Stage-1 is a root stage
  Stage-2 depends on stages: Stage-1
  Stage-0 depends on stages: Stage-2
  Stage-3 depends on stages: Stage-0

STAGE PLANS:
  Stage: Stage-1
    Tez
#### A masked pattern was here ####
      Vertices:
        Map 1 
            Map Operator Tree:
                TableScan
                  alias: _dummy_table
                  Row Limit Per Split: 1
                  Statistics: Num rows: 1 Data size: 1 Basic stats: COMPLETE Column stats: COMPLETE
                  Select Operator
                    expressions: 1 (type: int), 'a' (type: string)
                    outputColumnNames: _col0, _col1
                    Statistics: Num rows: 1 Data size: 89 Basic stats: COMPLETE Column stats: COMPLETE
                    File Output Operator
                      compressed: false
                      Statistics: Num rows: 1 Data size: 89 Basic stats: COMPLETE Column stats: COMPLETE
                      table:
                          input format: org.apache.hadoop.mapred.TextInputFormat
                          output format: org.apache.hadoop.hive.ql.io.HiveIgnoreKeyTextOutputFormat
                          serde: org.apache.hadoop.hive.serde2.lazy.LazySimpleSerDe
                          name: default.insert_into1
            Execution mode: llap
            LLAP IO: no inputs

  Stage: Stage-2
    Dependency Collection

  Stage: Stage-0
    Move Operator
      tables:
          replace: true
          table:
              input format: org.apache.hadoop.mapred.TextInputFormat
              output format: org.apache.hadoop.hive.ql.io.HiveIgnoreKeyTextOutputFormat
              serde: org.apache.hadoop.hive.serde2.lazy.LazySimpleSerDe
              name: default.insert_into1

  Stage: Stage-3
    Stats-Aggr Operator

PREHOOK: query: insert overwrite table insert_into1 select 1, 'a'
PREHOOK: type: QUERY
PREHOOK: Input: _dummy_database@_dummy_table
PREHOOK: Output: default@insert_into1
POSTHOOK: query: insert overwrite table insert_into1 select 1, 'a'
POSTHOOK: type: QUERY
POSTHOOK: Input: _dummy_database@_dummy_table
POSTHOOK: Output: default@insert_into1
POSTHOOK: Lineage: insert_into1.key SIMPLE []
POSTHOOK: Lineage: insert_into1.value SIMPLE []
PREHOOK: query: explain insert into insert_into1 select 2, 'b'
PREHOOK: type: QUERY
POSTHOOK: query: explain insert into insert_into1 select 2, 'b'
POSTHOOK: type: QUERY
STAGE DEPENDENCIES:
  Stage-1 is a root stage
  Stage-2 depends on stages: Stage-1
  Stage-0 depends on stages: Stage-2
  Stage-3 depends on stages: Stage-0

STAGE PLANS:
  Stage: Stage-1
    Tez
#### A masked pattern was here ####
      Vertices:
        Map 1 
            Map Operator Tree:
                TableScan
                  alias: _dummy_table
                  Row Limit Per Split: 1
                  Statistics: Num rows: 1 Data size: 1 Basic stats: COMPLETE Column stats: COMPLETE
                  Select Operator
                    expressions: 2 (type: int), 'b' (type: string)
                    outputColumnNames: _col0, _col1
                    Statistics: Num rows: 1 Data size: 89 Basic stats: COMPLETE Column stats: COMPLETE
                    File Output Operator
                      compressed: false
                      Statistics: Num rows: 1 Data size: 89 Basic stats: COMPLETE Column stats: COMPLETE
                      table:
                          input format: org.apache.hadoop.mapred.TextInputFormat
                          output format: org.apache.hadoop.hive.ql.io.HiveIgnoreKeyTextOutputFormat
                          serde: org.apache.hadoop.hive.serde2.lazy.LazySimpleSerDe
                          name: default.insert_into1
            Execution mode: llap
            LLAP IO: no inputs

  Stage: Stage-2
    Dependency Collection

  Stage: Stage-0
    Move Operator
      tables:
          replace: false
          table:
              input format: org.apache.hadoop.mapred.TextInputFormat
              output format: org.apache.hadoop.hive.ql.io.HiveIgnoreKeyTextOutputFormat
              serde: org.apache.hadoop.hive.serde2.lazy.LazySimpleSerDe
              name: default.insert_into1

  Stage: Stage-3
    Stats-Aggr Operator

PREHOOK: query: insert into insert_into1 select 2, 'b'
PREHOOK: type: QUERY
PREHOOK: Input: _dummy_database@_dummy_table
PREHOOK: Output: default@insert_into1
POSTHOOK: query: insert into insert_into1 select 2, 'b'
POSTHOOK: type: QUERY
POSTHOOK: Input: _dummy_database@_dummy_table
POSTHOOK: Output: default@insert_into1
POSTHOOK: Lineage: insert_into1.key SIMPLE []
POSTHOOK: Lineage: insert_into1.value SIMPLE []
PREHOOK: query: select * from insert_into1
PREHOOK: type: QUERY
PREHOOK: Input: default@insert_into1
#### A masked pattern was here ####
POSTHOOK: query: select * from insert_into1
POSTHOOK: type: QUERY
POSTHOOK: Input: default@insert_into1
#### A masked pattern was here ####
1	a
2	b
PREHOOK: query: explain
insert into table insert_into1 values(1, 'abc')
PREHOOK: type: QUERY
POSTHOOK: query: explain
insert into table insert_into1 values(1, 'abc')
POSTHOOK: type: QUERY
STAGE DEPENDENCIES:
  Stage-1 is a root stage
  Stage-2 depends on stages: Stage-1
  Stage-0 depends on stages: Stage-2

STAGE PLANS:
  Stage: Stage-1
    Tez
#### A masked pattern was here ####
      Vertices:
        Map 1 
            Map Operator Tree:
                TableScan
                  alias: values__tmp__table__1
                  Statistics: Num rows: 1 Data size: 6 Basic stats: COMPLETE Column stats: NONE
                  Select Operator
                    expressions: UDFToInteger(tmp_values_col1) (type: int), tmp_values_col2 (type: string)
                    outputColumnNames: _col0, _col1
                    Statistics: Num rows: 1 Data size: 6 Basic stats: COMPLETE Column stats: NONE
                    File Output Operator
                      compressed: false
                      Statistics: Num rows: 1 Data size: 6 Basic stats: COMPLETE Column stats: NONE
                      table:
                          input format: org.apache.hadoop.mapred.TextInputFormat
                          output format: org.apache.hadoop.hive.ql.io.HiveIgnoreKeyTextOutputFormat
                          serde: org.apache.hadoop.hive.serde2.lazy.LazySimpleSerDe
                          name: default.insert_into1
            Execution mode: llap
            LLAP IO: no inputs

  Stage: Stage-2
    Dependency Collection

  Stage: Stage-0
    Move Operator
      tables:
          replace: false
          table:
              input format: org.apache.hadoop.mapred.TextInputFormat
              output format: org.apache.hadoop.hive.ql.io.HiveIgnoreKeyTextOutputFormat
              serde: org.apache.hadoop.hive.serde2.lazy.LazySimpleSerDe
              name: default.insert_into1

PREHOOK: query: insert into table insert_into1 values(1, 'abc')
PREHOOK: type: QUERY
PREHOOK: Output: default@insert_into1
POSTHOOK: query: insert into table insert_into1 values(1, 'abc')
POSTHOOK: type: QUERY
POSTHOOK: Output: default@insert_into1
POSTHOOK: Lineage: insert_into1.key EXPRESSION [(values__tmp__table__2)values__tmp__table__2.FieldSchema(name:tmp_values_col1, type:string, comment:), ]
POSTHOOK: Lineage: insert_into1.value SIMPLE [(values__tmp__table__2)values__tmp__table__2.FieldSchema(name:tmp_values_col2, type:string, comment:), ]
PREHOOK: query: explain
SELECT COUNT(*) FROM insert_into1
PREHOOK: type: QUERY
POSTHOOK: query: explain
SELECT COUNT(*) FROM insert_into1
POSTHOOK: type: QUERY
STAGE DEPENDENCIES:
  Stage-1 is a root stage
  Stage-0 depends on stages: Stage-1

STAGE PLANS:
  Stage: Stage-1
    Tez
#### A masked pattern was here ####
      Edges:
        Reducer 2 <- Map 1 (CUSTOM_SIMPLE_EDGE)
#### A masked pattern was here ####
      Vertices:
        Map 1 
            Map Operator Tree:
                TableScan
                  alias: insert_into1
                  Statistics: Num rows: 2 Data size: 6 Basic stats: COMPLETE Column stats: COMPLETE
                  Select Operator
                    Statistics: Num rows: 2 Data size: 6 Basic stats: COMPLETE Column stats: COMPLETE
                    Group By Operator
                      aggregations: count()
                      mode: hash
                      outputColumnNames: _col0
                      Statistics: Num rows: 1 Data size: 8 Basic stats: COMPLETE Column stats: COMPLETE
                      Reduce Output Operator
                        sort order: 
                        Statistics: Num rows: 1 Data size: 8 Basic stats: COMPLETE Column stats: COMPLETE
                        value expressions: _col0 (type: bigint)
            Execution mode: llap
            LLAP IO: no inputs
        Reducer 2 
            Execution mode: llap
            Reduce Operator Tree:
              Group By Operator
                aggregations: count(VALUE._col0)
                mode: mergepartial
                outputColumnNames: _col0
                Statistics: Num rows: 1 Data size: 8 Basic stats: COMPLETE Column stats: COMPLETE
                File Output Operator
                  compressed: false
                  Statistics: Num rows: 1 Data size: 8 Basic stats: COMPLETE Column stats: COMPLETE
                  table:
                      input format: org.apache.hadoop.mapred.SequenceFileInputFormat
                      output format: org.apache.hadoop.hive.ql.io.HiveSequenceFileOutputFormat
                      serde: org.apache.hadoop.hive.serde2.lazy.LazySimpleSerDe

  Stage: Stage-0
    Fetch Operator
      limit: -1
      Processor Tree:
        ListSink

PREHOOK: query: select count(*) from insert_into1
PREHOOK: type: QUERY
PREHOOK: Input: default@insert_into1
#### A masked pattern was here ####
POSTHOOK: query: select count(*) from insert_into1
POSTHOOK: type: QUERY
POSTHOOK: Input: default@insert_into1
#### A masked pattern was here ####
3
PREHOOK: query: DROP TABLE insert_into1
PREHOOK: type: DROPTABLE
PREHOOK: Input: default@insert_into1
PREHOOK: Output: default@insert_into1
POSTHOOK: query: DROP TABLE insert_into1
POSTHOOK: type: DROPTABLE
POSTHOOK: Input: default@insert_into1
POSTHOOK: Output: default@insert_into1
