PREHOOK: query: create table a_n7(key int, value int)
PREHOOK: type: CREATETABLE
PREHOOK: Output: database:default
PREHOOK: Output: default@a_n7
POSTHOOK: query: create table a_n7(key int, value int)
POSTHOOK: type: CREATETABLE
POSTHOOK: Output: database:default
POSTHOOK: Output: default@a_n7
PREHOOK: query: insert into table a_n7 values (1,2),(1,2),(1,3),(2,3)
PREHOOK: type: QUERY
PREHOOK: Input: _dummy_database@_dummy_table
PREHOOK: Output: default@a_n7
POSTHOOK: query: insert into table a_n7 values (1,2),(1,2),(1,3),(2,3)
POSTHOOK: type: QUERY
POSTHOOK: Input: _dummy_database@_dummy_table
POSTHOOK: Output: default@a_n7
POSTHOOK: Lineage: a_n7.key SCRIPT []
POSTHOOK: Lineage: a_n7.value SCRIPT []
PREHOOK: query: create table b_n5(key int, value int)
PREHOOK: type: CREATETABLE
PREHOOK: Output: database:default
PREHOOK: Output: default@b_n5
POSTHOOK: query: create table b_n5(key int, value int)
POSTHOOK: type: CREATETABLE
POSTHOOK: Output: database:default
POSTHOOK: Output: default@b_n5
PREHOOK: query: insert into table b_n5 values (1,2),(2,3)
PREHOOK: type: QUERY
PREHOOK: Input: _dummy_database@_dummy_table
PREHOOK: Output: default@b_n5
POSTHOOK: query: insert into table b_n5 values (1,2),(2,3)
POSTHOOK: type: QUERY
POSTHOOK: Input: _dummy_database@_dummy_table
POSTHOOK: Output: default@b_n5
POSTHOOK: Lineage: b_n5.key SCRIPT []
POSTHOOK: Lineage: b_n5.value SCRIPT []
PREHOOK: query: explain select * from b_n5 intersect distinct select * from a_n7 intersect distinct select * from b_n5 intersect distinct select * from a_n7 intersect distinct select * from b_n5
PREHOOK: type: QUERY
PREHOOK: Input: default@a_n7
PREHOOK: Input: default@b_n5
PREHOOK: Output: hdfs://### HDFS PATH ###
POSTHOOK: query: explain select * from b_n5 intersect distinct select * from a_n7 intersect distinct select * from b_n5 intersect distinct select * from a_n7 intersect distinct select * from b_n5
POSTHOOK: type: QUERY
POSTHOOK: Input: default@a_n7
POSTHOOK: Input: default@b_n5
POSTHOOK: Output: hdfs://### HDFS PATH ###
STAGE DEPENDENCIES:
  Stage-1 is a root stage
  Stage-0 depends on stages: Stage-1

STAGE PLANS:
  Stage: Stage-1
    Tez
#### A masked pattern was here ####
      Edges:
        Reducer 10 <- Map 9 (SIMPLE_EDGE), Union 3 (CONTAINS)
        Reducer 12 <- Map 11 (SIMPLE_EDGE), Union 3 (CONTAINS)
        Reducer 2 <- Map 1 (SIMPLE_EDGE), Union 3 (CONTAINS)
        Reducer 4 <- Union 3 (SIMPLE_EDGE)
        Reducer 6 <- Map 5 (SIMPLE_EDGE), Union 3 (CONTAINS)
        Reducer 8 <- Map 7 (SIMPLE_EDGE), Union 3 (CONTAINS)
#### A masked pattern was here ####
      Vertices:
        Map 1 
            Map Operator Tree:
                TableScan
                  alias: b_n5
                  Statistics: Num rows: 2 Data size: 16 Basic stats: COMPLETE Column stats: COMPLETE
                  Select Operator
                    expressions: key (type: int), value (type: int)
                    outputColumnNames: key, value
                    Statistics: Num rows: 2 Data size: 16 Basic stats: COMPLETE Column stats: COMPLETE
                    Group By Operator
                      aggregations: count()
                      keys: key (type: int), value (type: int)
                      mode: hash
                      outputColumnNames: _col0, _col1, _col2
                      Statistics: Num rows: 1 Data size: 16 Basic stats: COMPLETE Column stats: COMPLETE
                      Reduce Output Operator
                        key expressions: _col0 (type: int), _col1 (type: int)
                        sort order: ++
                        Map-reduce partition columns: _col0 (type: int), _col1 (type: int)
                        Statistics: Num rows: 1 Data size: 16 Basic stats: COMPLETE Column stats: COMPLETE
                        value expressions: _col2 (type: bigint)
            Execution mode: vectorized, llap
            LLAP IO: no inputs
        Map 11 
            Map Operator Tree:
                TableScan
                  alias: b_n5
                  Statistics: Num rows: 2 Data size: 16 Basic stats: COMPLETE Column stats: COMPLETE
                  Select Operator
                    expressions: key (type: int), value (type: int)
                    outputColumnNames: key, value
                    Statistics: Num rows: 2 Data size: 16 Basic stats: COMPLETE Column stats: COMPLETE
                    Group By Operator
                      aggregations: count()
                      keys: key (type: int), value (type: int)
                      mode: hash
                      outputColumnNames: _col0, _col1, _col2
                      Statistics: Num rows: 1 Data size: 16 Basic stats: COMPLETE Column stats: COMPLETE
                      Reduce Output Operator
                        key expressions: _col0 (type: int), _col1 (type: int)
                        sort order: ++
                        Map-reduce partition columns: _col0 (type: int), _col1 (type: int)
                        Statistics: Num rows: 1 Data size: 16 Basic stats: COMPLETE Column stats: COMPLETE
                        value expressions: _col2 (type: bigint)
            Execution mode: vectorized, llap
            LLAP IO: no inputs
        Map 5 
            Map Operator Tree:
                TableScan
                  alias: a_n7
                  Statistics: Num rows: 4 Data size: 32 Basic stats: COMPLETE Column stats: COMPLETE
                  Select Operator
                    expressions: key (type: int), value (type: int)
                    outputColumnNames: key, value
                    Statistics: Num rows: 4 Data size: 32 Basic stats: COMPLETE Column stats: COMPLETE
                    Group By Operator
                      aggregations: count()
                      keys: key (type: int), value (type: int)
                      mode: hash
                      outputColumnNames: _col0, _col1, _col2
                      Statistics: Num rows: 2 Data size: 32 Basic stats: COMPLETE Column stats: COMPLETE
                      Reduce Output Operator
                        key expressions: _col0 (type: int), _col1 (type: int)
                        sort order: ++
                        Map-reduce partition columns: _col0 (type: int), _col1 (type: int)
                        Statistics: Num rows: 2 Data size: 32 Basic stats: COMPLETE Column stats: COMPLETE
                        value expressions: _col2 (type: bigint)
            Execution mode: vectorized, llap
            LLAP IO: no inputs
        Map 7 
            Map Operator Tree:
                TableScan
                  alias: b_n5
                  Statistics: Num rows: 2 Data size: 16 Basic stats: COMPLETE Column stats: COMPLETE
                  Select Operator
                    expressions: key (type: int), value (type: int)
                    outputColumnNames: key, value
                    Statistics: Num rows: 2 Data size: 16 Basic stats: COMPLETE Column stats: COMPLETE
                    Group By Operator
                      aggregations: count()
                      keys: key (type: int), value (type: int)
                      mode: hash
                      outputColumnNames: _col0, _col1, _col2
                      Statistics: Num rows: 1 Data size: 16 Basic stats: COMPLETE Column stats: COMPLETE
                      Reduce Output Operator
                        key expressions: _col0 (type: int), _col1 (type: int)
                        sort order: ++
                        Map-reduce partition columns: _col0 (type: int), _col1 (type: int)
                        Statistics: Num rows: 1 Data size: 16 Basic stats: COMPLETE Column stats: COMPLETE
                        value expressions: _col2 (type: bigint)
            Execution mode: vectorized, llap
            LLAP IO: no inputs
        Map 9 
            Map Operator Tree:
                TableScan
                  alias: a_n7
                  Statistics: Num rows: 4 Data size: 32 Basic stats: COMPLETE Column stats: COMPLETE
                  Select Operator
                    expressions: key (type: int), value (type: int)
                    outputColumnNames: key, value
                    Statistics: Num rows: 4 Data size: 32 Basic stats: COMPLETE Column stats: COMPLETE
                    Group By Operator
                      aggregations: count()
                      keys: key (type: int), value (type: int)
                      mode: hash
                      outputColumnNames: _col0, _col1, _col2
                      Statistics: Num rows: 2 Data size: 32 Basic stats: COMPLETE Column stats: COMPLETE
                      Reduce Output Operator
                        key expressions: _col0 (type: int), _col1 (type: int)
                        sort order: ++
                        Map-reduce partition columns: _col0 (type: int), _col1 (type: int)
                        Statistics: Num rows: 2 Data size: 32 Basic stats: COMPLETE Column stats: COMPLETE
                        value expressions: _col2 (type: bigint)
            Execution mode: vectorized, llap
            LLAP IO: no inputs
        Reducer 10 
            Execution mode: vectorized, llap
            Reduce Operator Tree:
              Group By Operator
                aggregations: count(VALUE._col0)
                keys: KEY._col0 (type: int), KEY._col1 (type: int)
                mode: mergepartial
                outputColumnNames: _col0, _col1, _col2
                Statistics: Num rows: 2 Data size: 32 Basic stats: COMPLETE Column stats: COMPLETE
                Group By Operator
                  aggregations: count(_col2)
                  keys: _col0 (type: int), _col1 (type: int)
                  mode: hash
                  outputColumnNames: _col0, _col1, _col2
                  Statistics: Num rows: 3 Data size: 48 Basic stats: COMPLETE Column stats: COMPLETE
                  Reduce Output Operator
                    key expressions: _col0 (type: int), _col1 (type: int)
                    sort order: ++
                    Map-reduce partition columns: _col0 (type: int), _col1 (type: int)
                    Statistics: Num rows: 3 Data size: 48 Basic stats: COMPLETE Column stats: COMPLETE
                    value expressions: _col2 (type: bigint)
        Reducer 12 
            Execution mode: vectorized, llap
            Reduce Operator Tree:
              Group By Operator
                aggregations: count(VALUE._col0)
                keys: KEY._col0 (type: int), KEY._col1 (type: int)
                mode: mergepartial
                outputColumnNames: _col0, _col1, _col2
                Statistics: Num rows: 1 Data size: 16 Basic stats: COMPLETE Column stats: COMPLETE
                Group By Operator
                  aggregations: count(_col2)
                  keys: _col0 (type: int), _col1 (type: int)
                  mode: hash
                  outputColumnNames: _col0, _col1, _col2
                  Statistics: Num rows: 3 Data size: 48 Basic stats: COMPLETE Column stats: COMPLETE
                  Reduce Output Operator
                    key expressions: _col0 (type: int), _col1 (type: int)
                    sort order: ++
                    Map-reduce partition columns: _col0 (type: int), _col1 (type: int)
                    Statistics: Num rows: 3 Data size: 48 Basic stats: COMPLETE Column stats: COMPLETE
                    value expressions: _col2 (type: bigint)
        Reducer 2 
            Execution mode: vectorized, llap
            Reduce Operator Tree:
              Group By Operator
                aggregations: count(VALUE._col0)
                keys: KEY._col0 (type: int), KEY._col1 (type: int)
                mode: mergepartial
                outputColumnNames: _col0, _col1, _col2
                Statistics: Num rows: 1 Data size: 16 Basic stats: COMPLETE Column stats: COMPLETE
                Group By Operator
                  aggregations: count(_col2)
                  keys: _col0 (type: int), _col1 (type: int)
                  mode: hash
                  outputColumnNames: _col0, _col1, _col2
                  Statistics: Num rows: 3 Data size: 48 Basic stats: COMPLETE Column stats: COMPLETE
                  Reduce Output Operator
                    key expressions: _col0 (type: int), _col1 (type: int)
                    sort order: ++
                    Map-reduce partition columns: _col0 (type: int), _col1 (type: int)
                    Statistics: Num rows: 3 Data size: 48 Basic stats: COMPLETE Column stats: COMPLETE
                    value expressions: _col2 (type: bigint)
        Reducer 4 
            Execution mode: vectorized, llap
            Reduce Operator Tree:
              Group By Operator
                aggregations: count(VALUE._col0)
                keys: KEY._col0 (type: int), KEY._col1 (type: int)
                mode: mergepartial
                outputColumnNames: _col0, _col1, _col2
                Statistics: Num rows: 3 Data size: 48 Basic stats: COMPLETE Column stats: COMPLETE
                Filter Operator
                  predicate: (_col2 = 5L) (type: boolean)
                  Statistics: Num rows: 1 Data size: 16 Basic stats: COMPLETE Column stats: COMPLETE
                  Select Operator
                    expressions: _col0 (type: int), _col1 (type: int)
                    outputColumnNames: _col0, _col1
                    Statistics: Num rows: 1 Data size: 8 Basic stats: COMPLETE Column stats: COMPLETE
                    File Output Operator
                      compressed: false
                      Statistics: Num rows: 1 Data size: 8 Basic stats: COMPLETE Column stats: COMPLETE
                      table:
                          input format: org.apache.hadoop.mapred.SequenceFileInputFormat
                          output format: org.apache.hadoop.hive.ql.io.HiveSequenceFileOutputFormat
                          serde: org.apache.hadoop.hive.serde2.lazy.LazySimpleSerDe
        Reducer 6 
            Execution mode: vectorized, llap
            Reduce Operator Tree:
              Group By Operator
                aggregations: count(VALUE._col0)
                keys: KEY._col0 (type: int), KEY._col1 (type: int)
                mode: mergepartial
                outputColumnNames: _col0, _col1, _col2
                Statistics: Num rows: 2 Data size: 32 Basic stats: COMPLETE Column stats: COMPLETE
                Group By Operator
                  aggregations: count(_col2)
                  keys: _col0 (type: int), _col1 (type: int)
                  mode: hash
                  outputColumnNames: _col0, _col1, _col2
                  Statistics: Num rows: 3 Data size: 48 Basic stats: COMPLETE Column stats: COMPLETE
                  Reduce Output Operator
                    key expressions: _col0 (type: int), _col1 (type: int)
                    sort order: ++
                    Map-reduce partition columns: _col0 (type: int), _col1 (type: int)
                    Statistics: Num rows: 3 Data size: 48 Basic stats: COMPLETE Column stats: COMPLETE
                    value expressions: _col2 (type: bigint)
        Reducer 8 
            Execution mode: vectorized, llap
            Reduce Operator Tree:
              Group By Operator
                aggregations: count(VALUE._col0)
                keys: KEY._col0 (type: int), KEY._col1 (type: int)
                mode: mergepartial
                outputColumnNames: _col0, _col1, _col2
                Statistics: Num rows: 1 Data size: 16 Basic stats: COMPLETE Column stats: COMPLETE
                Group By Operator
                  aggregations: count(_col2)
                  keys: _col0 (type: int), _col1 (type: int)
                  mode: hash
                  outputColumnNames: _col0, _col1, _col2
                  Statistics: Num rows: 3 Data size: 48 Basic stats: COMPLETE Column stats: COMPLETE
                  Reduce Output Operator
                    key expressions: _col0 (type: int), _col1 (type: int)
                    sort order: ++
                    Map-reduce partition columns: _col0 (type: int), _col1 (type: int)
                    Statistics: Num rows: 3 Data size: 48 Basic stats: COMPLETE Column stats: COMPLETE
                    value expressions: _col2 (type: bigint)
        Union 3 
            Vertex: Union 3

  Stage: Stage-0
    Fetch Operator
      limit: -1
      Processor Tree:
        ListSink

PREHOOK: query: explain (select * from b_n5 intersect distinct select * from a_n7) intersect distinct (select * from b_n5 intersect distinct select * from a_n7)
PREHOOK: type: QUERY
PREHOOK: Input: default@a_n7
PREHOOK: Input: default@b_n5
PREHOOK: Output: hdfs://### HDFS PATH ###
POSTHOOK: query: explain (select * from b_n5 intersect distinct select * from a_n7) intersect distinct (select * from b_n5 intersect distinct select * from a_n7)
POSTHOOK: type: QUERY
POSTHOOK: Input: default@a_n7
POSTHOOK: Input: default@b_n5
POSTHOOK: Output: hdfs://### HDFS PATH ###
STAGE DEPENDENCIES:
  Stage-1 is a root stage
  Stage-0 depends on stages: Stage-1

STAGE PLANS:
  Stage: Stage-1
    Tez
#### A masked pattern was here ####
      Edges:
        Reducer 10 <- Map 9 (SIMPLE_EDGE), Union 3 (CONTAINS)
        Reducer 2 <- Map 1 (SIMPLE_EDGE), Union 3 (CONTAINS)
        Reducer 4 <- Union 3 (SIMPLE_EDGE)
        Reducer 6 <- Map 5 (SIMPLE_EDGE), Union 3 (CONTAINS)
        Reducer 8 <- Map 7 (SIMPLE_EDGE), Union 3 (CONTAINS)
#### A masked pattern was here ####
      Vertices:
        Map 1 
            Map Operator Tree:
                TableScan
                  alias: b_n5
                  Statistics: Num rows: 2 Data size: 16 Basic stats: COMPLETE Column stats: COMPLETE
                  Select Operator
                    expressions: key (type: int), value (type: int)
                    outputColumnNames: key, value
                    Statistics: Num rows: 2 Data size: 16 Basic stats: COMPLETE Column stats: COMPLETE
                    Group By Operator
                      aggregations: count()
                      keys: key (type: int), value (type: int)
                      mode: hash
                      outputColumnNames: _col0, _col1, _col2
                      Statistics: Num rows: 1 Data size: 16 Basic stats: COMPLETE Column stats: COMPLETE
                      Reduce Output Operator
                        key expressions: _col0 (type: int), _col1 (type: int)
                        sort order: ++
                        Map-reduce partition columns: _col0 (type: int), _col1 (type: int)
                        Statistics: Num rows: 1 Data size: 16 Basic stats: COMPLETE Column stats: COMPLETE
                        value expressions: _col2 (type: bigint)
            Execution mode: vectorized, llap
            LLAP IO: no inputs
        Map 5 
            Map Operator Tree:
                TableScan
                  alias: a_n7
                  Statistics: Num rows: 4 Data size: 32 Basic stats: COMPLETE Column stats: COMPLETE
                  Select Operator
                    expressions: key (type: int), value (type: int)
                    outputColumnNames: key, value
                    Statistics: Num rows: 4 Data size: 32 Basic stats: COMPLETE Column stats: COMPLETE
                    Group By Operator
                      aggregations: count()
                      keys: key (type: int), value (type: int)
                      mode: hash
                      outputColumnNames: _col0, _col1, _col2
                      Statistics: Num rows: 2 Data size: 32 Basic stats: COMPLETE Column stats: COMPLETE
                      Reduce Output Operator
                        key expressions: _col0 (type: int), _col1 (type: int)
                        sort order: ++
                        Map-reduce partition columns: _col0 (type: int), _col1 (type: int)
                        Statistics: Num rows: 2 Data size: 32 Basic stats: COMPLETE Column stats: COMPLETE
                        value expressions: _col2 (type: bigint)
            Execution mode: vectorized, llap
            LLAP IO: no inputs
        Map 7 
            Map Operator Tree:
                TableScan
                  alias: b_n5
                  Statistics: Num rows: 2 Data size: 16 Basic stats: COMPLETE Column stats: COMPLETE
                  Select Operator
                    expressions: key (type: int), value (type: int)
                    outputColumnNames: key, value
                    Statistics: Num rows: 2 Data size: 16 Basic stats: COMPLETE Column stats: COMPLETE
                    Group By Operator
                      aggregations: count()
                      keys: key (type: int), value (type: int)
                      mode: hash
                      outputColumnNames: _col0, _col1, _col2
                      Statistics: Num rows: 1 Data size: 16 Basic stats: COMPLETE Column stats: COMPLETE
                      Reduce Output Operator
                        key expressions: _col0 (type: int), _col1 (type: int)
                        sort order: ++
                        Map-reduce partition columns: _col0 (type: int), _col1 (type: int)
                        Statistics: Num rows: 1 Data size: 16 Basic stats: COMPLETE Column stats: COMPLETE
                        value expressions: _col2 (type: bigint)
            Execution mode: vectorized, llap
            LLAP IO: no inputs
        Map 9 
            Map Operator Tree:
                TableScan
                  alias: a_n7
                  Statistics: Num rows: 4 Data size: 32 Basic stats: COMPLETE Column stats: COMPLETE
                  Select Operator
                    expressions: key (type: int), value (type: int)
                    outputColumnNames: key, value
                    Statistics: Num rows: 4 Data size: 32 Basic stats: COMPLETE Column stats: COMPLETE
                    Group By Operator
                      aggregations: count()
                      keys: key (type: int), value (type: int)
                      mode: hash
                      outputColumnNames: _col0, _col1, _col2
                      Statistics: Num rows: 2 Data size: 32 Basic stats: COMPLETE Column stats: COMPLETE
                      Reduce Output Operator
                        key expressions: _col0 (type: int), _col1 (type: int)
                        sort order: ++
                        Map-reduce partition columns: _col0 (type: int), _col1 (type: int)
                        Statistics: Num rows: 2 Data size: 32 Basic stats: COMPLETE Column stats: COMPLETE
                        value expressions: _col2 (type: bigint)
            Execution mode: vectorized, llap
            LLAP IO: no inputs
        Reducer 10 
            Execution mode: vectorized, llap
            Reduce Operator Tree:
              Group By Operator
                aggregations: count(VALUE._col0)
                keys: KEY._col0 (type: int), KEY._col1 (type: int)
                mode: mergepartial
                outputColumnNames: _col0, _col1, _col2
                Statistics: Num rows: 2 Data size: 32 Basic stats: COMPLETE Column stats: COMPLETE
                Group By Operator
                  aggregations: count(_col2)
                  keys: _col0 (type: int), _col1 (type: int)
                  mode: hash
                  outputColumnNames: _col0, _col1, _col2
                  Statistics: Num rows: 3 Data size: 48 Basic stats: COMPLETE Column stats: COMPLETE
                  Reduce Output Operator
                    key expressions: _col0 (type: int), _col1 (type: int)
                    sort order: ++
                    Map-reduce partition columns: _col0 (type: int), _col1 (type: int)
                    Statistics: Num rows: 3 Data size: 48 Basic stats: COMPLETE Column stats: COMPLETE
                    value expressions: _col2 (type: bigint)
        Reducer 2 
            Execution mode: vectorized, llap
            Reduce Operator Tree:
              Group By Operator
                aggregations: count(VALUE._col0)
                keys: KEY._col0 (type: int), KEY._col1 (type: int)
                mode: mergepartial
                outputColumnNames: _col0, _col1, _col2
                Statistics: Num rows: 1 Data size: 16 Basic stats: COMPLETE Column stats: COMPLETE
                Group By Operator
                  aggregations: count(_col2)
                  keys: _col0 (type: int), _col1 (type: int)
                  mode: hash
                  outputColumnNames: _col0, _col1, _col2
                  Statistics: Num rows: 3 Data size: 48 Basic stats: COMPLETE Column stats: COMPLETE
                  Reduce Output Operator
                    key expressions: _col0 (type: int), _col1 (type: int)
                    sort order: ++
                    Map-reduce partition columns: _col0 (type: int), _col1 (type: int)
                    Statistics: Num rows: 3 Data size: 48 Basic stats: COMPLETE Column stats: COMPLETE
                    value expressions: _col2 (type: bigint)
        Reducer 4 
            Execution mode: vectorized, llap
            Reduce Operator Tree:
              Group By Operator
                aggregations: count(VALUE._col0)
                keys: KEY._col0 (type: int), KEY._col1 (type: int)
                mode: mergepartial
                outputColumnNames: _col0, _col1, _col2
                Statistics: Num rows: 3 Data size: 48 Basic stats: COMPLETE Column stats: COMPLETE
                Filter Operator
                  predicate: (_col2 = 4L) (type: boolean)
                  Statistics: Num rows: 1 Data size: 16 Basic stats: COMPLETE Column stats: COMPLETE
                  Select Operator
                    expressions: _col0 (type: int), _col1 (type: int)
                    outputColumnNames: _col0, _col1
                    Statistics: Num rows: 1 Data size: 8 Basic stats: COMPLETE Column stats: COMPLETE
                    File Output Operator
                      compressed: false
                      Statistics: Num rows: 1 Data size: 8 Basic stats: COMPLETE Column stats: COMPLETE
                      table:
                          input format: org.apache.hadoop.mapred.SequenceFileInputFormat
                          output format: org.apache.hadoop.hive.ql.io.HiveSequenceFileOutputFormat
                          serde: org.apache.hadoop.hive.serde2.lazy.LazySimpleSerDe
        Reducer 6 
            Execution mode: vectorized, llap
            Reduce Operator Tree:
              Group By Operator
                aggregations: count(VALUE._col0)
                keys: KEY._col0 (type: int), KEY._col1 (type: int)
                mode: mergepartial
                outputColumnNames: _col0, _col1, _col2
                Statistics: Num rows: 2 Data size: 32 Basic stats: COMPLETE Column stats: COMPLETE
                Group By Operator
                  aggregations: count(_col2)
                  keys: _col0 (type: int), _col1 (type: int)
                  mode: hash
                  outputColumnNames: _col0, _col1, _col2
                  Statistics: Num rows: 3 Data size: 48 Basic stats: COMPLETE Column stats: COMPLETE
                  Reduce Output Operator
                    key expressions: _col0 (type: int), _col1 (type: int)
                    sort order: ++
                    Map-reduce partition columns: _col0 (type: int), _col1 (type: int)
                    Statistics: Num rows: 3 Data size: 48 Basic stats: COMPLETE Column stats: COMPLETE
                    value expressions: _col2 (type: bigint)
        Reducer 8 
            Execution mode: vectorized, llap
            Reduce Operator Tree:
              Group By Operator
                aggregations: count(VALUE._col0)
                keys: KEY._col0 (type: int), KEY._col1 (type: int)
                mode: mergepartial
                outputColumnNames: _col0, _col1, _col2
                Statistics: Num rows: 1 Data size: 16 Basic stats: COMPLETE Column stats: COMPLETE
                Group By Operator
                  aggregations: count(_col2)
                  keys: _col0 (type: int), _col1 (type: int)
                  mode: hash
                  outputColumnNames: _col0, _col1, _col2
                  Statistics: Num rows: 3 Data size: 48 Basic stats: COMPLETE Column stats: COMPLETE
                  Reduce Output Operator
                    key expressions: _col0 (type: int), _col1 (type: int)
                    sort order: ++
                    Map-reduce partition columns: _col0 (type: int), _col1 (type: int)
                    Statistics: Num rows: 3 Data size: 48 Basic stats: COMPLETE Column stats: COMPLETE
                    value expressions: _col2 (type: bigint)
        Union 3 
            Vertex: Union 3

  Stage: Stage-0
    Fetch Operator
      limit: -1
      Processor Tree:
        ListSink

PREHOOK: query: explain select * from b_n5 intersect distinct (select * from a_n7 intersect distinct (select * from b_n5 intersect distinct (select * from a_n7 intersect distinct select * from b_n5)))
PREHOOK: type: QUERY
PREHOOK: Input: default@a_n7
PREHOOK: Input: default@b_n5
PREHOOK: Output: hdfs://### HDFS PATH ###
POSTHOOK: query: explain select * from b_n5 intersect distinct (select * from a_n7 intersect distinct (select * from b_n5 intersect distinct (select * from a_n7 intersect distinct select * from b_n5)))
POSTHOOK: type: QUERY
POSTHOOK: Input: default@a_n7
POSTHOOK: Input: default@b_n5
POSTHOOK: Output: hdfs://### HDFS PATH ###
STAGE DEPENDENCIES:
  Stage-1 is a root stage
  Stage-0 depends on stages: Stage-1

STAGE PLANS:
  Stage: Stage-1
    Tez
#### A masked pattern was here ####
      Edges:
        Reducer 10 <- Map 9 (SIMPLE_EDGE), Union 3 (CONTAINS)
        Reducer 12 <- Map 11 (SIMPLE_EDGE), Union 3 (CONTAINS)
        Reducer 2 <- Map 1 (SIMPLE_EDGE), Union 3 (CONTAINS)
        Reducer 4 <- Union 3 (SIMPLE_EDGE)
        Reducer 6 <- Map 5 (SIMPLE_EDGE), Union 3 (CONTAINS)
        Reducer 8 <- Map 7 (SIMPLE_EDGE), Union 3 (CONTAINS)
#### A masked pattern was here ####
      Vertices:
        Map 1 
            Map Operator Tree:
                TableScan
                  alias: b_n5
                  Statistics: Num rows: 2 Data size: 16 Basic stats: COMPLETE Column stats: COMPLETE
                  Select Operator
                    expressions: key (type: int), value (type: int)
                    outputColumnNames: key, value
                    Statistics: Num rows: 2 Data size: 16 Basic stats: COMPLETE Column stats: COMPLETE
                    Group By Operator
                      aggregations: count()
                      keys: key (type: int), value (type: int)
                      mode: hash
                      outputColumnNames: _col0, _col1, _col2
                      Statistics: Num rows: 1 Data size: 16 Basic stats: COMPLETE Column stats: COMPLETE
                      Reduce Output Operator
                        key expressions: _col0 (type: int), _col1 (type: int)
                        sort order: ++
                        Map-reduce partition columns: _col0 (type: int), _col1 (type: int)
                        Statistics: Num rows: 1 Data size: 16 Basic stats: COMPLETE Column stats: COMPLETE
                        value expressions: _col2 (type: bigint)
            Execution mode: vectorized, llap
            LLAP IO: no inputs
        Map 11 
            Map Operator Tree:
                TableScan
                  alias: b_n5
                  Statistics: Num rows: 2 Data size: 16 Basic stats: COMPLETE Column stats: COMPLETE
                  Select Operator
                    expressions: key (type: int), value (type: int)
                    outputColumnNames: key, value
                    Statistics: Num rows: 2 Data size: 16 Basic stats: COMPLETE Column stats: COMPLETE
                    Group By Operator
                      aggregations: count()
                      keys: key (type: int), value (type: int)
                      mode: hash
                      outputColumnNames: _col0, _col1, _col2
                      Statistics: Num rows: 1 Data size: 16 Basic stats: COMPLETE Column stats: COMPLETE
                      Reduce Output Operator
                        key expressions: _col0 (type: int), _col1 (type: int)
                        sort order: ++
                        Map-reduce partition columns: _col0 (type: int), _col1 (type: int)
                        Statistics: Num rows: 1 Data size: 16 Basic stats: COMPLETE Column stats: COMPLETE
                        value expressions: _col2 (type: bigint)
            Execution mode: vectorized, llap
            LLAP IO: no inputs
        Map 5 
            Map Operator Tree:
                TableScan
                  alias: a_n7
                  Statistics: Num rows: 4 Data size: 32 Basic stats: COMPLETE Column stats: COMPLETE
                  Select Operator
                    expressions: key (type: int), value (type: int)
                    outputColumnNames: key, value
                    Statistics: Num rows: 4 Data size: 32 Basic stats: COMPLETE Column stats: COMPLETE
                    Group By Operator
                      aggregations: count()
                      keys: key (type: int), value (type: int)
                      mode: hash
                      outputColumnNames: _col0, _col1, _col2
                      Statistics: Num rows: 2 Data size: 32 Basic stats: COMPLETE Column stats: COMPLETE
                      Reduce Output Operator
                        key expressions: _col0 (type: int), _col1 (type: int)
                        sort order: ++
                        Map-reduce partition columns: _col0 (type: int), _col1 (type: int)
                        Statistics: Num rows: 2 Data size: 32 Basic stats: COMPLETE Column stats: COMPLETE
                        value expressions: _col2 (type: bigint)
            Execution mode: vectorized, llap
            LLAP IO: no inputs
        Map 7 
            Map Operator Tree:
                TableScan
                  alias: b_n5
                  Statistics: Num rows: 2 Data size: 16 Basic stats: COMPLETE Column stats: COMPLETE
                  Select Operator
                    expressions: key (type: int), value (type: int)
                    outputColumnNames: key, value
                    Statistics: Num rows: 2 Data size: 16 Basic stats: COMPLETE Column stats: COMPLETE
                    Group By Operator
                      aggregations: count()
                      keys: key (type: int), value (type: int)
                      mode: hash
                      outputColumnNames: _col0, _col1, _col2
                      Statistics: Num rows: 1 Data size: 16 Basic stats: COMPLETE Column stats: COMPLETE
                      Reduce Output Operator
                        key expressions: _col0 (type: int), _col1 (type: int)
                        sort order: ++
                        Map-reduce partition columns: _col0 (type: int), _col1 (type: int)
                        Statistics: Num rows: 1 Data size: 16 Basic stats: COMPLETE Column stats: COMPLETE
                        value expressions: _col2 (type: bigint)
            Execution mode: vectorized, llap
            LLAP IO: no inputs
        Map 9 
            Map Operator Tree:
                TableScan
                  alias: a_n7
                  Statistics: Num rows: 4 Data size: 32 Basic stats: COMPLETE Column stats: COMPLETE
                  Select Operator
                    expressions: key (type: int), value (type: int)
                    outputColumnNames: key, value
                    Statistics: Num rows: 4 Data size: 32 Basic stats: COMPLETE Column stats: COMPLETE
                    Group By Operator
                      aggregations: count()
                      keys: key (type: int), value (type: int)
                      mode: hash
                      outputColumnNames: _col0, _col1, _col2
                      Statistics: Num rows: 2 Data size: 32 Basic stats: COMPLETE Column stats: COMPLETE
                      Reduce Output Operator
                        key expressions: _col0 (type: int), _col1 (type: int)
                        sort order: ++
                        Map-reduce partition columns: _col0 (type: int), _col1 (type: int)
                        Statistics: Num rows: 2 Data size: 32 Basic stats: COMPLETE Column stats: COMPLETE
                        value expressions: _col2 (type: bigint)
            Execution mode: vectorized, llap
            LLAP IO: no inputs
        Reducer 10 
            Execution mode: vectorized, llap
            Reduce Operator Tree:
              Group By Operator
                aggregations: count(VALUE._col0)
                keys: KEY._col0 (type: int), KEY._col1 (type: int)
                mode: mergepartial
                outputColumnNames: _col0, _col1, _col2
                Statistics: Num rows: 2 Data size: 32 Basic stats: COMPLETE Column stats: COMPLETE
                Group By Operator
                  aggregations: count(_col2)
                  keys: _col0 (type: int), _col1 (type: int)
                  mode: hash
                  outputColumnNames: _col0, _col1, _col2
                  Statistics: Num rows: 3 Data size: 48 Basic stats: COMPLETE Column stats: COMPLETE
                  Reduce Output Operator
                    key expressions: _col0 (type: int), _col1 (type: int)
                    sort order: ++
                    Map-reduce partition columns: _col0 (type: int), _col1 (type: int)
                    Statistics: Num rows: 3 Data size: 48 Basic stats: COMPLETE Column stats: COMPLETE
                    value expressions: _col2 (type: bigint)
        Reducer 12 
            Execution mode: vectorized, llap
            Reduce Operator Tree:
              Group By Operator
                aggregations: count(VALUE._col0)
                keys: KEY._col0 (type: int), KEY._col1 (type: int)
                mode: mergepartial
                outputColumnNames: _col0, _col1, _col2
                Statistics: Num rows: 1 Data size: 16 Basic stats: COMPLETE Column stats: COMPLETE
                Group By Operator
                  aggregations: count(_col2)
                  keys: _col0 (type: int), _col1 (type: int)
                  mode: hash
                  outputColumnNames: _col0, _col1, _col2
                  Statistics: Num rows: 3 Data size: 48 Basic stats: COMPLETE Column stats: COMPLETE
                  Reduce Output Operator
                    key expressions: _col0 (type: int), _col1 (type: int)
                    sort order: ++
                    Map-reduce partition columns: _col0 (type: int), _col1 (type: int)
                    Statistics: Num rows: 3 Data size: 48 Basic stats: COMPLETE Column stats: COMPLETE
                    value expressions: _col2 (type: bigint)
        Reducer 2 
            Execution mode: vectorized, llap
            Reduce Operator Tree:
              Group By Operator
                aggregations: count(VALUE._col0)
                keys: KEY._col0 (type: int), KEY._col1 (type: int)
                mode: mergepartial
                outputColumnNames: _col0, _col1, _col2
                Statistics: Num rows: 1 Data size: 16 Basic stats: COMPLETE Column stats: COMPLETE
                Group By Operator
                  aggregations: count(_col2)
                  keys: _col0 (type: int), _col1 (type: int)
                  mode: hash
                  outputColumnNames: _col0, _col1, _col2
                  Statistics: Num rows: 3 Data size: 48 Basic stats: COMPLETE Column stats: COMPLETE
                  Reduce Output Operator
                    key expressions: _col0 (type: int), _col1 (type: int)
                    sort order: ++
                    Map-reduce partition columns: _col0 (type: int), _col1 (type: int)
                    Statistics: Num rows: 3 Data size: 48 Basic stats: COMPLETE Column stats: COMPLETE
                    value expressions: _col2 (type: bigint)
        Reducer 4 
            Execution mode: vectorized, llap
            Reduce Operator Tree:
              Group By Operator
                aggregations: count(VALUE._col0)
                keys: KEY._col0 (type: int), KEY._col1 (type: int)
                mode: mergepartial
                outputColumnNames: _col0, _col1, _col2
                Statistics: Num rows: 3 Data size: 48 Basic stats: COMPLETE Column stats: COMPLETE
                Filter Operator
                  predicate: (_col2 = 5L) (type: boolean)
                  Statistics: Num rows: 1 Data size: 16 Basic stats: COMPLETE Column stats: COMPLETE
                  Select Operator
                    expressions: _col0 (type: int), _col1 (type: int)
                    outputColumnNames: _col0, _col1
                    Statistics: Num rows: 1 Data size: 8 Basic stats: COMPLETE Column stats: COMPLETE
                    File Output Operator
                      compressed: false
                      Statistics: Num rows: 1 Data size: 8 Basic stats: COMPLETE Column stats: COMPLETE
                      table:
                          input format: org.apache.hadoop.mapred.SequenceFileInputFormat
                          output format: org.apache.hadoop.hive.ql.io.HiveSequenceFileOutputFormat
                          serde: org.apache.hadoop.hive.serde2.lazy.LazySimpleSerDe
        Reducer 6 
            Execution mode: vectorized, llap
            Reduce Operator Tree:
              Group By Operator
                aggregations: count(VALUE._col0)
                keys: KEY._col0 (type: int), KEY._col1 (type: int)
                mode: mergepartial
                outputColumnNames: _col0, _col1, _col2
                Statistics: Num rows: 2 Data size: 32 Basic stats: COMPLETE Column stats: COMPLETE
                Group By Operator
                  aggregations: count(_col2)
                  keys: _col0 (type: int), _col1 (type: int)
                  mode: hash
                  outputColumnNames: _col0, _col1, _col2
                  Statistics: Num rows: 3 Data size: 48 Basic stats: COMPLETE Column stats: COMPLETE
                  Reduce Output Operator
                    key expressions: _col0 (type: int), _col1 (type: int)
                    sort order: ++
                    Map-reduce partition columns: _col0 (type: int), _col1 (type: int)
                    Statistics: Num rows: 3 Data size: 48 Basic stats: COMPLETE Column stats: COMPLETE
                    value expressions: _col2 (type: bigint)
        Reducer 8 
            Execution mode: vectorized, llap
            Reduce Operator Tree:
              Group By Operator
                aggregations: count(VALUE._col0)
                keys: KEY._col0 (type: int), KEY._col1 (type: int)
                mode: mergepartial
                outputColumnNames: _col0, _col1, _col2
                Statistics: Num rows: 1 Data size: 16 Basic stats: COMPLETE Column stats: COMPLETE
                Group By Operator
                  aggregations: count(_col2)
                  keys: _col0 (type: int), _col1 (type: int)
                  mode: hash
                  outputColumnNames: _col0, _col1, _col2
                  Statistics: Num rows: 3 Data size: 48 Basic stats: COMPLETE Column stats: COMPLETE
                  Reduce Output Operator
                    key expressions: _col0 (type: int), _col1 (type: int)
                    sort order: ++
                    Map-reduce partition columns: _col0 (type: int), _col1 (type: int)
                    Statistics: Num rows: 3 Data size: 48 Basic stats: COMPLETE Column stats: COMPLETE
                    value expressions: _col2 (type: bigint)
        Union 3 
            Vertex: Union 3

  Stage: Stage-0
    Fetch Operator
      limit: -1
      Processor Tree:
        ListSink

PREHOOK: query: explain (((select * from b_n5 intersect distinct select * from a_n7) intersect distinct select * from b_n5) intersect distinct select * from a_n7) intersect distinct select * from b_n5
PREHOOK: type: QUERY
PREHOOK: Input: default@a_n7
PREHOOK: Input: default@b_n5
PREHOOK: Output: hdfs://### HDFS PATH ###
POSTHOOK: query: explain (((select * from b_n5 intersect distinct select * from a_n7) intersect distinct select * from b_n5) intersect distinct select * from a_n7) intersect distinct select * from b_n5
POSTHOOK: type: QUERY
POSTHOOK: Input: default@a_n7
POSTHOOK: Input: default@b_n5
POSTHOOK: Output: hdfs://### HDFS PATH ###
STAGE DEPENDENCIES:
  Stage-1 is a root stage
  Stage-0 depends on stages: Stage-1

STAGE PLANS:
  Stage: Stage-1
    Tez
#### A masked pattern was here ####
      Edges:
        Reducer 10 <- Map 9 (SIMPLE_EDGE), Union 3 (CONTAINS)
        Reducer 12 <- Map 11 (SIMPLE_EDGE), Union 3 (CONTAINS)
        Reducer 2 <- Map 1 (SIMPLE_EDGE), Union 3 (CONTAINS)
        Reducer 4 <- Union 3 (SIMPLE_EDGE)
        Reducer 6 <- Map 5 (SIMPLE_EDGE), Union 3 (CONTAINS)
        Reducer 8 <- Map 7 (SIMPLE_EDGE), Union 3 (CONTAINS)
#### A masked pattern was here ####
      Vertices:
        Map 1 
            Map Operator Tree:
                TableScan
                  alias: b_n5
                  Statistics: Num rows: 2 Data size: 16 Basic stats: COMPLETE Column stats: COMPLETE
                  Select Operator
                    expressions: key (type: int), value (type: int)
                    outputColumnNames: key, value
                    Statistics: Num rows: 2 Data size: 16 Basic stats: COMPLETE Column stats: COMPLETE
                    Group By Operator
                      aggregations: count()
                      keys: key (type: int), value (type: int)
                      mode: hash
                      outputColumnNames: _col0, _col1, _col2
                      Statistics: Num rows: 1 Data size: 16 Basic stats: COMPLETE Column stats: COMPLETE
                      Reduce Output Operator
                        key expressions: _col0 (type: int), _col1 (type: int)
                        sort order: ++
                        Map-reduce partition columns: _col0 (type: int), _col1 (type: int)
                        Statistics: Num rows: 1 Data size: 16 Basic stats: COMPLETE Column stats: COMPLETE
                        value expressions: _col2 (type: bigint)
            Execution mode: vectorized, llap
            LLAP IO: no inputs
        Map 11 
            Map Operator Tree:
                TableScan
                  alias: b_n5
                  Statistics: Num rows: 2 Data size: 16 Basic stats: COMPLETE Column stats: COMPLETE
                  Select Operator
                    expressions: key (type: int), value (type: int)
                    outputColumnNames: key, value
                    Statistics: Num rows: 2 Data size: 16 Basic stats: COMPLETE Column stats: COMPLETE
                    Group By Operator
                      aggregations: count()
                      keys: key (type: int), value (type: int)
                      mode: hash
                      outputColumnNames: _col0, _col1, _col2
                      Statistics: Num rows: 1 Data size: 16 Basic stats: COMPLETE Column stats: COMPLETE
                      Reduce Output Operator
                        key expressions: _col0 (type: int), _col1 (type: int)
                        sort order: ++
                        Map-reduce partition columns: _col0 (type: int), _col1 (type: int)
                        Statistics: Num rows: 1 Data size: 16 Basic stats: COMPLETE Column stats: COMPLETE
                        value expressions: _col2 (type: bigint)
            Execution mode: vectorized, llap
            LLAP IO: no inputs
        Map 5 
            Map Operator Tree:
                TableScan
                  alias: a_n7
                  Statistics: Num rows: 4 Data size: 32 Basic stats: COMPLETE Column stats: COMPLETE
                  Select Operator
                    expressions: key (type: int), value (type: int)
                    outputColumnNames: key, value
                    Statistics: Num rows: 4 Data size: 32 Basic stats: COMPLETE Column stats: COMPLETE
                    Group By Operator
                      aggregations: count()
                      keys: key (type: int), value (type: int)
                      mode: hash
                      outputColumnNames: _col0, _col1, _col2
                      Statistics: Num rows: 2 Data size: 32 Basic stats: COMPLETE Column stats: COMPLETE
                      Reduce Output Operator
                        key expressions: _col0 (type: int), _col1 (type: int)
                        sort order: ++
                        Map-reduce partition columns: _col0 (type: int), _col1 (type: int)
                        Statistics: Num rows: 2 Data size: 32 Basic stats: COMPLETE Column stats: COMPLETE
                        value expressions: _col2 (type: bigint)
            Execution mode: vectorized, llap
            LLAP IO: no inputs
        Map 7 
            Map Operator Tree:
                TableScan
                  alias: b_n5
                  Statistics: Num rows: 2 Data size: 16 Basic stats: COMPLETE Column stats: COMPLETE
                  Select Operator
                    expressions: key (type: int), value (type: int)
                    outputColumnNames: key, value
                    Statistics: Num rows: 2 Data size: 16 Basic stats: COMPLETE Column stats: COMPLETE
                    Group By Operator
                      aggregations: count()
                      keys: key (type: int), value (type: int)
                      mode: hash
                      outputColumnNames: _col0, _col1, _col2
                      Statistics: Num rows: 1 Data size: 16 Basic stats: COMPLETE Column stats: COMPLETE
                      Reduce Output Operator
                        key expressions: _col0 (type: int), _col1 (type: int)
                        sort order: ++
                        Map-reduce partition columns: _col0 (type: int), _col1 (type: int)
                        Statistics: Num rows: 1 Data size: 16 Basic stats: COMPLETE Column stats: COMPLETE
                        value expressions: _col2 (type: bigint)
            Execution mode: vectorized, llap
            LLAP IO: no inputs
        Map 9 
            Map Operator Tree:
                TableScan
                  alias: a_n7
                  Statistics: Num rows: 4 Data size: 32 Basic stats: COMPLETE Column stats: COMPLETE
                  Select Operator
                    expressions: key (type: int), value (type: int)
                    outputColumnNames: key, value
                    Statistics: Num rows: 4 Data size: 32 Basic stats: COMPLETE Column stats: COMPLETE
                    Group By Operator
                      aggregations: count()
                      keys: key (type: int), value (type: int)
                      mode: hash
                      outputColumnNames: _col0, _col1, _col2
                      Statistics: Num rows: 2 Data size: 32 Basic stats: COMPLETE Column stats: COMPLETE
                      Reduce Output Operator
                        key expressions: _col0 (type: int), _col1 (type: int)
                        sort order: ++
                        Map-reduce partition columns: _col0 (type: int), _col1 (type: int)
                        Statistics: Num rows: 2 Data size: 32 Basic stats: COMPLETE Column stats: COMPLETE
                        value expressions: _col2 (type: bigint)
            Execution mode: vectorized, llap
            LLAP IO: no inputs
        Reducer 10 
            Execution mode: vectorized, llap
            Reduce Operator Tree:
              Group By Operator
                aggregations: count(VALUE._col0)
                keys: KEY._col0 (type: int), KEY._col1 (type: int)
                mode: mergepartial
                outputColumnNames: _col0, _col1, _col2
                Statistics: Num rows: 2 Data size: 32 Basic stats: COMPLETE Column stats: COMPLETE
                Group By Operator
                  aggregations: count(_col2)
                  keys: _col0 (type: int), _col1 (type: int)
                  mode: hash
                  outputColumnNames: _col0, _col1, _col2
                  Statistics: Num rows: 3 Data size: 48 Basic stats: COMPLETE Column stats: COMPLETE
                  Reduce Output Operator
                    key expressions: _col0 (type: int), _col1 (type: int)
                    sort order: ++
                    Map-reduce partition columns: _col0 (type: int), _col1 (type: int)
                    Statistics: Num rows: 3 Data size: 48 Basic stats: COMPLETE Column stats: COMPLETE
                    value expressions: _col2 (type: bigint)
        Reducer 12 
            Execution mode: vectorized, llap
            Reduce Operator Tree:
              Group By Operator
                aggregations: count(VALUE._col0)
                keys: KEY._col0 (type: int), KEY._col1 (type: int)
                mode: mergepartial
                outputColumnNames: _col0, _col1, _col2
                Statistics: Num rows: 1 Data size: 16 Basic stats: COMPLETE Column stats: COMPLETE
                Group By Operator
                  aggregations: count(_col2)
                  keys: _col0 (type: int), _col1 (type: int)
                  mode: hash
                  outputColumnNames: _col0, _col1, _col2
                  Statistics: Num rows: 3 Data size: 48 Basic stats: COMPLETE Column stats: COMPLETE
                  Reduce Output Operator
                    key expressions: _col0 (type: int), _col1 (type: int)
                    sort order: ++
                    Map-reduce partition columns: _col0 (type: int), _col1 (type: int)
                    Statistics: Num rows: 3 Data size: 48 Basic stats: COMPLETE Column stats: COMPLETE
                    value expressions: _col2 (type: bigint)
        Reducer 2 
            Execution mode: vectorized, llap
            Reduce Operator Tree:
              Group By Operator
                aggregations: count(VALUE._col0)
                keys: KEY._col0 (type: int), KEY._col1 (type: int)
                mode: mergepartial
                outputColumnNames: _col0, _col1, _col2
                Statistics: Num rows: 1 Data size: 16 Basic stats: COMPLETE Column stats: COMPLETE
                Group By Operator
                  aggregations: count(_col2)
                  keys: _col0 (type: int), _col1 (type: int)
                  mode: hash
                  outputColumnNames: _col0, _col1, _col2
                  Statistics: Num rows: 3 Data size: 48 Basic stats: COMPLETE Column stats: COMPLETE
                  Reduce Output Operator
                    key expressions: _col0 (type: int), _col1 (type: int)
                    sort order: ++
                    Map-reduce partition columns: _col0 (type: int), _col1 (type: int)
                    Statistics: Num rows: 3 Data size: 48 Basic stats: COMPLETE Column stats: COMPLETE
                    value expressions: _col2 (type: bigint)
        Reducer 4 
            Execution mode: vectorized, llap
            Reduce Operator Tree:
              Group By Operator
                aggregations: count(VALUE._col0)
                keys: KEY._col0 (type: int), KEY._col1 (type: int)
                mode: mergepartial
                outputColumnNames: _col0, _col1, _col2
                Statistics: Num rows: 3 Data size: 48 Basic stats: COMPLETE Column stats: COMPLETE
                Filter Operator
                  predicate: (_col2 = 5L) (type: boolean)
                  Statistics: Num rows: 1 Data size: 16 Basic stats: COMPLETE Column stats: COMPLETE
                  Select Operator
                    expressions: _col0 (type: int), _col1 (type: int)
                    outputColumnNames: _col0, _col1
                    Statistics: Num rows: 1 Data size: 8 Basic stats: COMPLETE Column stats: COMPLETE
                    File Output Operator
                      compressed: false
                      Statistics: Num rows: 1 Data size: 8 Basic stats: COMPLETE Column stats: COMPLETE
                      table:
                          input format: org.apache.hadoop.mapred.SequenceFileInputFormat
                          output format: org.apache.hadoop.hive.ql.io.HiveSequenceFileOutputFormat
                          serde: org.apache.hadoop.hive.serde2.lazy.LazySimpleSerDe
        Reducer 6 
            Execution mode: vectorized, llap
            Reduce Operator Tree:
              Group By Operator
                aggregations: count(VALUE._col0)
                keys: KEY._col0 (type: int), KEY._col1 (type: int)
                mode: mergepartial
                outputColumnNames: _col0, _col1, _col2
                Statistics: Num rows: 2 Data size: 32 Basic stats: COMPLETE Column stats: COMPLETE
                Group By Operator
                  aggregations: count(_col2)
                  keys: _col0 (type: int), _col1 (type: int)
                  mode: hash
                  outputColumnNames: _col0, _col1, _col2
                  Statistics: Num rows: 3 Data size: 48 Basic stats: COMPLETE Column stats: COMPLETE
                  Reduce Output Operator
                    key expressions: _col0 (type: int), _col1 (type: int)
                    sort order: ++
                    Map-reduce partition columns: _col0 (type: int), _col1 (type: int)
                    Statistics: Num rows: 3 Data size: 48 Basic stats: COMPLETE Column stats: COMPLETE
                    value expressions: _col2 (type: bigint)
        Reducer 8 
            Execution mode: vectorized, llap
            Reduce Operator Tree:
              Group By Operator
                aggregations: count(VALUE._col0)
                keys: KEY._col0 (type: int), KEY._col1 (type: int)
                mode: mergepartial
                outputColumnNames: _col0, _col1, _col2
                Statistics: Num rows: 1 Data size: 16 Basic stats: COMPLETE Column stats: COMPLETE
                Group By Operator
                  aggregations: count(_col2)
                  keys: _col0 (type: int), _col1 (type: int)
                  mode: hash
                  outputColumnNames: _col0, _col1, _col2
                  Statistics: Num rows: 3 Data size: 48 Basic stats: COMPLETE Column stats: COMPLETE
                  Reduce Output Operator
                    key expressions: _col0 (type: int), _col1 (type: int)
                    sort order: ++
                    Map-reduce partition columns: _col0 (type: int), _col1 (type: int)
                    Statistics: Num rows: 3 Data size: 48 Basic stats: COMPLETE Column stats: COMPLETE
                    value expressions: _col2 (type: bigint)
        Union 3 
            Vertex: Union 3

  Stage: Stage-0
    Fetch Operator
      limit: -1
      Processor Tree:
        ListSink

PREHOOK: query: explain select * from b_n5 intersect distinct (select * from a_n7 intersect distinct select * from b_n5) intersect distinct select * from a_n7 intersect distinct select * from b_n5
PREHOOK: type: QUERY
PREHOOK: Input: default@a_n7
PREHOOK: Input: default@b_n5
PREHOOK: Output: hdfs://### HDFS PATH ###
POSTHOOK: query: explain select * from b_n5 intersect distinct (select * from a_n7 intersect distinct select * from b_n5) intersect distinct select * from a_n7 intersect distinct select * from b_n5
POSTHOOK: type: QUERY
POSTHOOK: Input: default@a_n7
POSTHOOK: Input: default@b_n5
POSTHOOK: Output: hdfs://### HDFS PATH ###
STAGE DEPENDENCIES:
  Stage-1 is a root stage
  Stage-0 depends on stages: Stage-1

STAGE PLANS:
  Stage: Stage-1
    Tez
#### A masked pattern was here ####
      Edges:
        Reducer 10 <- Map 9 (SIMPLE_EDGE), Union 3 (CONTAINS)
        Reducer 12 <- Map 11 (SIMPLE_EDGE), Union 3 (CONTAINS)
        Reducer 2 <- Map 1 (SIMPLE_EDGE), Union 3 (CONTAINS)
        Reducer 4 <- Union 3 (SIMPLE_EDGE)
        Reducer 6 <- Map 5 (SIMPLE_EDGE), Union 3 (CONTAINS)
        Reducer 8 <- Map 7 (SIMPLE_EDGE), Union 3 (CONTAINS)
#### A masked pattern was here ####
      Vertices:
        Map 1 
            Map Operator Tree:
                TableScan
                  alias: b_n5
                  Statistics: Num rows: 2 Data size: 16 Basic stats: COMPLETE Column stats: COMPLETE
                  Select Operator
                    expressions: key (type: int), value (type: int)
                    outputColumnNames: key, value
                    Statistics: Num rows: 2 Data size: 16 Basic stats: COMPLETE Column stats: COMPLETE
                    Group By Operator
                      aggregations: count()
                      keys: key (type: int), value (type: int)
                      mode: hash
                      outputColumnNames: _col0, _col1, _col2
                      Statistics: Num rows: 1 Data size: 16 Basic stats: COMPLETE Column stats: COMPLETE
                      Reduce Output Operator
                        key expressions: _col0 (type: int), _col1 (type: int)
                        sort order: ++
                        Map-reduce partition columns: _col0 (type: int), _col1 (type: int)
                        Statistics: Num rows: 1 Data size: 16 Basic stats: COMPLETE Column stats: COMPLETE
                        value expressions: _col2 (type: bigint)
            Execution mode: vectorized, llap
            LLAP IO: no inputs
        Map 11 
            Map Operator Tree:
                TableScan
                  alias: b_n5
                  Statistics: Num rows: 2 Data size: 16 Basic stats: COMPLETE Column stats: COMPLETE
                  Select Operator
                    expressions: key (type: int), value (type: int)
                    outputColumnNames: key, value
                    Statistics: Num rows: 2 Data size: 16 Basic stats: COMPLETE Column stats: COMPLETE
                    Group By Operator
                      aggregations: count()
                      keys: key (type: int), value (type: int)
                      mode: hash
                      outputColumnNames: _col0, _col1, _col2
                      Statistics: Num rows: 1 Data size: 16 Basic stats: COMPLETE Column stats: COMPLETE
                      Reduce Output Operator
                        key expressions: _col0 (type: int), _col1 (type: int)
                        sort order: ++
                        Map-reduce partition columns: _col0 (type: int), _col1 (type: int)
                        Statistics: Num rows: 1 Data size: 16 Basic stats: COMPLETE Column stats: COMPLETE
                        value expressions: _col2 (type: bigint)
            Execution mode: vectorized, llap
            LLAP IO: no inputs
        Map 5 
            Map Operator Tree:
                TableScan
                  alias: a_n7
                  Statistics: Num rows: 4 Data size: 32 Basic stats: COMPLETE Column stats: COMPLETE
                  Select Operator
                    expressions: key (type: int), value (type: int)
                    outputColumnNames: key, value
                    Statistics: Num rows: 4 Data size: 32 Basic stats: COMPLETE Column stats: COMPLETE
                    Group By Operator
                      aggregations: count()
                      keys: key (type: int), value (type: int)
                      mode: hash
                      outputColumnNames: _col0, _col1, _col2
                      Statistics: Num rows: 2 Data size: 32 Basic stats: COMPLETE Column stats: COMPLETE
                      Reduce Output Operator
                        key expressions: _col0 (type: int), _col1 (type: int)
                        sort order: ++
                        Map-reduce partition columns: _col0 (type: int), _col1 (type: int)
                        Statistics: Num rows: 2 Data size: 32 Basic stats: COMPLETE Column stats: COMPLETE
                        value expressions: _col2 (type: bigint)
            Execution mode: vectorized, llap
            LLAP IO: no inputs
        Map 7 
            Map Operator Tree:
                TableScan
                  alias: b_n5
                  Statistics: Num rows: 2 Data size: 16 Basic stats: COMPLETE Column stats: COMPLETE
                  Select Operator
                    expressions: key (type: int), value (type: int)
                    outputColumnNames: key, value
                    Statistics: Num rows: 2 Data size: 16 Basic stats: COMPLETE Column stats: COMPLETE
                    Group By Operator
                      aggregations: count()
                      keys: key (type: int), value (type: int)
                      mode: hash
                      outputColumnNames: _col0, _col1, _col2
                      Statistics: Num rows: 1 Data size: 16 Basic stats: COMPLETE Column stats: COMPLETE
                      Reduce Output Operator
                        key expressions: _col0 (type: int), _col1 (type: int)
                        sort order: ++
                        Map-reduce partition columns: _col0 (type: int), _col1 (type: int)
                        Statistics: Num rows: 1 Data size: 16 Basic stats: COMPLETE Column stats: COMPLETE
                        value expressions: _col2 (type: bigint)
            Execution mode: vectorized, llap
            LLAP IO: no inputs
        Map 9 
            Map Operator Tree:
                TableScan
                  alias: a_n7
                  Statistics: Num rows: 4 Data size: 32 Basic stats: COMPLETE Column stats: COMPLETE
                  Select Operator
                    expressions: key (type: int), value (type: int)
                    outputColumnNames: key, value
                    Statistics: Num rows: 4 Data size: 32 Basic stats: COMPLETE Column stats: COMPLETE
                    Group By Operator
                      aggregations: count()
                      keys: key (type: int), value (type: int)
                      mode: hash
                      outputColumnNames: _col0, _col1, _col2
                      Statistics: Num rows: 2 Data size: 32 Basic stats: COMPLETE Column stats: COMPLETE
                      Reduce Output Operator
                        key expressions: _col0 (type: int), _col1 (type: int)
                        sort order: ++
                        Map-reduce partition columns: _col0 (type: int), _col1 (type: int)
                        Statistics: Num rows: 2 Data size: 32 Basic stats: COMPLETE Column stats: COMPLETE
                        value expressions: _col2 (type: bigint)
            Execution mode: vectorized, llap
            LLAP IO: no inputs
        Reducer 10 
            Execution mode: vectorized, llap
            Reduce Operator Tree:
              Group By Operator
                aggregations: count(VALUE._col0)
                keys: KEY._col0 (type: int), KEY._col1 (type: int)
                mode: mergepartial
                outputColumnNames: _col0, _col1, _col2
                Statistics: Num rows: 2 Data size: 32 Basic stats: COMPLETE Column stats: COMPLETE
                Group By Operator
                  aggregations: count(_col2)
                  keys: _col0 (type: int), _col1 (type: int)
                  mode: hash
                  outputColumnNames: _col0, _col1, _col2
                  Statistics: Num rows: 3 Data size: 48 Basic stats: COMPLETE Column stats: COMPLETE
                  Reduce Output Operator
                    key expressions: _col0 (type: int), _col1 (type: int)
                    sort order: ++
                    Map-reduce partition columns: _col0 (type: int), _col1 (type: int)
                    Statistics: Num rows: 3 Data size: 48 Basic stats: COMPLETE Column stats: COMPLETE
                    value expressions: _col2 (type: bigint)
        Reducer 12 
            Execution mode: vectorized, llap
            Reduce Operator Tree:
              Group By Operator
                aggregations: count(VALUE._col0)
                keys: KEY._col0 (type: int), KEY._col1 (type: int)
                mode: mergepartial
                outputColumnNames: _col0, _col1, _col2
                Statistics: Num rows: 1 Data size: 16 Basic stats: COMPLETE Column stats: COMPLETE
                Group By Operator
                  aggregations: count(_col2)
                  keys: _col0 (type: int), _col1 (type: int)
                  mode: hash
                  outputColumnNames: _col0, _col1, _col2
                  Statistics: Num rows: 3 Data size: 48 Basic stats: COMPLETE Column stats: COMPLETE
                  Reduce Output Operator
                    key expressions: _col0 (type: int), _col1 (type: int)
                    sort order: ++
                    Map-reduce partition columns: _col0 (type: int), _col1 (type: int)
                    Statistics: Num rows: 3 Data size: 48 Basic stats: COMPLETE Column stats: COMPLETE
                    value expressions: _col2 (type: bigint)
        Reducer 2 
            Execution mode: vectorized, llap
            Reduce Operator Tree:
              Group By Operator
                aggregations: count(VALUE._col0)
                keys: KEY._col0 (type: int), KEY._col1 (type: int)
                mode: mergepartial
                outputColumnNames: _col0, _col1, _col2
                Statistics: Num rows: 1 Data size: 16 Basic stats: COMPLETE Column stats: COMPLETE
                Group By Operator
                  aggregations: count(_col2)
                  keys: _col0 (type: int), _col1 (type: int)
                  mode: hash
                  outputColumnNames: _col0, _col1, _col2
                  Statistics: Num rows: 3 Data size: 48 Basic stats: COMPLETE Column stats: COMPLETE
                  Reduce Output Operator
                    key expressions: _col0 (type: int), _col1 (type: int)
                    sort order: ++
                    Map-reduce partition columns: _col0 (type: int), _col1 (type: int)
                    Statistics: Num rows: 3 Data size: 48 Basic stats: COMPLETE Column stats: COMPLETE
                    value expressions: _col2 (type: bigint)
        Reducer 4 
            Execution mode: vectorized, llap
            Reduce Operator Tree:
              Group By Operator
                aggregations: count(VALUE._col0)
                keys: KEY._col0 (type: int), KEY._col1 (type: int)
                mode: mergepartial
                outputColumnNames: _col0, _col1, _col2
                Statistics: Num rows: 3 Data size: 48 Basic stats: COMPLETE Column stats: COMPLETE
                Filter Operator
                  predicate: (_col2 = 5L) (type: boolean)
                  Statistics: Num rows: 1 Data size: 16 Basic stats: COMPLETE Column stats: COMPLETE
                  Select Operator
                    expressions: _col0 (type: int), _col1 (type: int)
                    outputColumnNames: _col0, _col1
                    Statistics: Num rows: 1 Data size: 8 Basic stats: COMPLETE Column stats: COMPLETE
                    File Output Operator
                      compressed: false
                      Statistics: Num rows: 1 Data size: 8 Basic stats: COMPLETE Column stats: COMPLETE
                      table:
                          input format: org.apache.hadoop.mapred.SequenceFileInputFormat
                          output format: org.apache.hadoop.hive.ql.io.HiveSequenceFileOutputFormat
                          serde: org.apache.hadoop.hive.serde2.lazy.LazySimpleSerDe
        Reducer 6 
            Execution mode: vectorized, llap
            Reduce Operator Tree:
              Group By Operator
                aggregations: count(VALUE._col0)
                keys: KEY._col0 (type: int), KEY._col1 (type: int)
                mode: mergepartial
                outputColumnNames: _col0, _col1, _col2
                Statistics: Num rows: 2 Data size: 32 Basic stats: COMPLETE Column stats: COMPLETE
                Group By Operator
                  aggregations: count(_col2)
                  keys: _col0 (type: int), _col1 (type: int)
                  mode: hash
                  outputColumnNames: _col0, _col1, _col2
                  Statistics: Num rows: 3 Data size: 48 Basic stats: COMPLETE Column stats: COMPLETE
                  Reduce Output Operator
                    key expressions: _col0 (type: int), _col1 (type: int)
                    sort order: ++
                    Map-reduce partition columns: _col0 (type: int), _col1 (type: int)
                    Statistics: Num rows: 3 Data size: 48 Basic stats: COMPLETE Column stats: COMPLETE
                    value expressions: _col2 (type: bigint)
        Reducer 8 
            Execution mode: vectorized, llap
            Reduce Operator Tree:
              Group By Operator
                aggregations: count(VALUE._col0)
                keys: KEY._col0 (type: int), KEY._col1 (type: int)
                mode: mergepartial
                outputColumnNames: _col0, _col1, _col2
                Statistics: Num rows: 1 Data size: 16 Basic stats: COMPLETE Column stats: COMPLETE
                Group By Operator
                  aggregations: count(_col2)
                  keys: _col0 (type: int), _col1 (type: int)
                  mode: hash
                  outputColumnNames: _col0, _col1, _col2
                  Statistics: Num rows: 3 Data size: 48 Basic stats: COMPLETE Column stats: COMPLETE
                  Reduce Output Operator
                    key expressions: _col0 (type: int), _col1 (type: int)
                    sort order: ++
                    Map-reduce partition columns: _col0 (type: int), _col1 (type: int)
                    Statistics: Num rows: 3 Data size: 48 Basic stats: COMPLETE Column stats: COMPLETE
                    value expressions: _col2 (type: bigint)
        Union 3 
            Vertex: Union 3

  Stage: Stage-0
    Fetch Operator
      limit: -1
      Processor Tree:
        ListSink

PREHOOK: query: explain select * from b_n5 intersect distinct (select * from a_n7 intersect all select * from b_n5)
PREHOOK: type: QUERY
PREHOOK: Input: default@a_n7
PREHOOK: Input: default@b_n5
PREHOOK: Output: hdfs://### HDFS PATH ###
POSTHOOK: query: explain select * from b_n5 intersect distinct (select * from a_n7 intersect all select * from b_n5)
POSTHOOK: type: QUERY
POSTHOOK: Input: default@a_n7
POSTHOOK: Input: default@b_n5
POSTHOOK: Output: hdfs://### HDFS PATH ###
STAGE DEPENDENCIES:
  Stage-1 is a root stage
  Stage-0 depends on stages: Stage-1

STAGE PLANS:
  Stage: Stage-1
    Tez
#### A masked pattern was here ####
      Edges:
        Reducer 2 <- Map 1 (SIMPLE_EDGE), Union 3 (CONTAINS)
        Reducer 4 <- Union 3 (SIMPLE_EDGE)
        Reducer 6 <- Map 5 (SIMPLE_EDGE), Union 3 (CONTAINS)
        Reducer 8 <- Map 7 (SIMPLE_EDGE), Union 3 (CONTAINS)
#### A masked pattern was here ####
      Vertices:
        Map 1 
            Map Operator Tree:
                TableScan
                  alias: b_n5
                  Statistics: Num rows: 2 Data size: 16 Basic stats: COMPLETE Column stats: COMPLETE
                  Select Operator
                    expressions: key (type: int), value (type: int)
                    outputColumnNames: key, value
                    Statistics: Num rows: 2 Data size: 16 Basic stats: COMPLETE Column stats: COMPLETE
                    Group By Operator
                      aggregations: count()
                      keys: key (type: int), value (type: int)
                      mode: hash
                      outputColumnNames: _col0, _col1, _col2
                      Statistics: Num rows: 1 Data size: 16 Basic stats: COMPLETE Column stats: COMPLETE
                      Reduce Output Operator
                        key expressions: _col0 (type: int), _col1 (type: int)
                        sort order: ++
                        Map-reduce partition columns: _col0 (type: int), _col1 (type: int)
                        Statistics: Num rows: 1 Data size: 16 Basic stats: COMPLETE Column stats: COMPLETE
                        value expressions: _col2 (type: bigint)
            Execution mode: vectorized, llap
            LLAP IO: no inputs
        Map 5 
            Map Operator Tree:
                TableScan
                  alias: a_n7
                  Statistics: Num rows: 4 Data size: 32 Basic stats: COMPLETE Column stats: COMPLETE
                  Select Operator
                    expressions: key (type: int), value (type: int)
                    outputColumnNames: key, value
                    Statistics: Num rows: 4 Data size: 32 Basic stats: COMPLETE Column stats: COMPLETE
                    Group By Operator
                      aggregations: count()
                      keys: key (type: int), value (type: int)
                      mode: hash
                      outputColumnNames: _col0, _col1, _col2
                      Statistics: Num rows: 2 Data size: 32 Basic stats: COMPLETE Column stats: COMPLETE
                      Reduce Output Operator
                        key expressions: _col0 (type: int), _col1 (type: int)
                        sort order: ++
                        Map-reduce partition columns: _col0 (type: int), _col1 (type: int)
                        Statistics: Num rows: 2 Data size: 32 Basic stats: COMPLETE Column stats: COMPLETE
                        value expressions: _col2 (type: bigint)
            Execution mode: vectorized, llap
            LLAP IO: no inputs
        Map 7 
            Map Operator Tree:
                TableScan
                  alias: b_n5
                  Statistics: Num rows: 2 Data size: 16 Basic stats: COMPLETE Column stats: COMPLETE
                  Select Operator
                    expressions: key (type: int), value (type: int)
                    outputColumnNames: key, value
                    Statistics: Num rows: 2 Data size: 16 Basic stats: COMPLETE Column stats: COMPLETE
                    Group By Operator
                      aggregations: count()
                      keys: key (type: int), value (type: int)
                      mode: hash
                      outputColumnNames: _col0, _col1, _col2
                      Statistics: Num rows: 1 Data size: 16 Basic stats: COMPLETE Column stats: COMPLETE
                      Reduce Output Operator
                        key expressions: _col0 (type: int), _col1 (type: int)
                        sort order: ++
                        Map-reduce partition columns: _col0 (type: int), _col1 (type: int)
                        Statistics: Num rows: 1 Data size: 16 Basic stats: COMPLETE Column stats: COMPLETE
                        value expressions: _col2 (type: bigint)
            Execution mode: vectorized, llap
            LLAP IO: no inputs
        Reducer 2 
            Execution mode: vectorized, llap
            Reduce Operator Tree:
              Group By Operator
                aggregations: count(VALUE._col0)
                keys: KEY._col0 (type: int), KEY._col1 (type: int)
                mode: mergepartial
                outputColumnNames: _col0, _col1, _col2
                Statistics: Num rows: 1 Data size: 16 Basic stats: COMPLETE Column stats: COMPLETE
                Group By Operator
                  aggregations: count(_col2)
                  keys: _col0 (type: int), _col1 (type: int)
                  mode: hash
                  outputColumnNames: _col0, _col1, _col2
                  Statistics: Num rows: 2 Data size: 32 Basic stats: COMPLETE Column stats: COMPLETE
                  Reduce Output Operator
                    key expressions: _col0 (type: int), _col1 (type: int)
                    sort order: ++
                    Map-reduce partition columns: _col0 (type: int), _col1 (type: int)
                    Statistics: Num rows: 2 Data size: 32 Basic stats: COMPLETE Column stats: COMPLETE
                    value expressions: _col2 (type: bigint)
        Reducer 4 
            Execution mode: vectorized, llap
            Reduce Operator Tree:
              Group By Operator
                aggregations: count(VALUE._col0)
                keys: KEY._col0 (type: int), KEY._col1 (type: int)
                mode: mergepartial
                outputColumnNames: _col0, _col1, _col2
                Statistics: Num rows: 2 Data size: 32 Basic stats: COMPLETE Column stats: COMPLETE
                Filter Operator
                  predicate: (_col2 = 3L) (type: boolean)
                  Statistics: Num rows: 1 Data size: 16 Basic stats: COMPLETE Column stats: COMPLETE
                  Select Operator
                    expressions: _col0 (type: int), _col1 (type: int)
                    outputColumnNames: _col0, _col1
                    Statistics: Num rows: 1 Data size: 8 Basic stats: COMPLETE Column stats: COMPLETE
                    File Output Operator
                      compressed: false
                      Statistics: Num rows: 1 Data size: 8 Basic stats: COMPLETE Column stats: COMPLETE
                      table:
                          input format: org.apache.hadoop.mapred.SequenceFileInputFormat
                          output format: org.apache.hadoop.hive.ql.io.HiveSequenceFileOutputFormat
                          serde: org.apache.hadoop.hive.serde2.lazy.LazySimpleSerDe
        Reducer 6 
            Execution mode: vectorized, llap
            Reduce Operator Tree:
              Group By Operator
                aggregations: count(VALUE._col0)
                keys: KEY._col0 (type: int), KEY._col1 (type: int)
                mode: mergepartial
                outputColumnNames: _col0, _col1, _col2
                Statistics: Num rows: 2 Data size: 32 Basic stats: COMPLETE Column stats: COMPLETE
                Group By Operator
                  aggregations: count(_col2)
                  keys: _col0 (type: int), _col1 (type: int)
                  mode: hash
                  outputColumnNames: _col0, _col1, _col2
                  Statistics: Num rows: 2 Data size: 32 Basic stats: COMPLETE Column stats: COMPLETE
                  Reduce Output Operator
                    key expressions: _col0 (type: int), _col1 (type: int)
                    sort order: ++
                    Map-reduce partition columns: _col0 (type: int), _col1 (type: int)
                    Statistics: Num rows: 2 Data size: 32 Basic stats: COMPLETE Column stats: COMPLETE
                    value expressions: _col2 (type: bigint)
        Reducer 8 
            Execution mode: vectorized, llap
            Reduce Operator Tree:
              Group By Operator
                aggregations: count(VALUE._col0)
                keys: KEY._col0 (type: int), KEY._col1 (type: int)
                mode: mergepartial
                outputColumnNames: _col0, _col1, _col2
                Statistics: Num rows: 1 Data size: 16 Basic stats: COMPLETE Column stats: COMPLETE
                Group By Operator
                  aggregations: count(_col2)
                  keys: _col0 (type: int), _col1 (type: int)
                  mode: hash
                  outputColumnNames: _col0, _col1, _col2
                  Statistics: Num rows: 2 Data size: 32 Basic stats: COMPLETE Column stats: COMPLETE
                  Reduce Output Operator
                    key expressions: _col0 (type: int), _col1 (type: int)
                    sort order: ++
                    Map-reduce partition columns: _col0 (type: int), _col1 (type: int)
                    Statistics: Num rows: 2 Data size: 32 Basic stats: COMPLETE Column stats: COMPLETE
                    value expressions: _col2 (type: bigint)
        Union 3 
            Vertex: Union 3

  Stage: Stage-0
    Fetch Operator
      limit: -1
      Processor Tree:
        ListSink

PREHOOK: query: explain select * from b_n5 intersect all (select * from a_n7 intersect all select * from b_n5)
PREHOOK: type: QUERY
PREHOOK: Input: default@a_n7
PREHOOK: Input: default@b_n5
PREHOOK: Output: hdfs://### HDFS PATH ###
POSTHOOK: query: explain select * from b_n5 intersect all (select * from a_n7 intersect all select * from b_n5)
POSTHOOK: type: QUERY
POSTHOOK: Input: default@a_n7
POSTHOOK: Input: default@b_n5
POSTHOOK: Output: hdfs://### HDFS PATH ###
STAGE DEPENDENCIES:
  Stage-1 is a root stage
  Stage-0 depends on stages: Stage-1

STAGE PLANS:
  Stage: Stage-1
    Tez
#### A masked pattern was here ####
      Edges:
        Reducer 2 <- Map 1 (SIMPLE_EDGE), Union 3 (CONTAINS)
        Reducer 4 <- Union 3 (SIMPLE_EDGE)
        Reducer 6 <- Map 5 (SIMPLE_EDGE), Union 3 (CONTAINS)
        Reducer 8 <- Map 7 (SIMPLE_EDGE), Union 3 (CONTAINS)
#### A masked pattern was here ####
      Vertices:
        Map 1 
            Map Operator Tree:
                TableScan
                  alias: b_n5
                  Statistics: Num rows: 2 Data size: 16 Basic stats: COMPLETE Column stats: COMPLETE
                  Select Operator
                    expressions: key (type: int), value (type: int)
                    outputColumnNames: key, value
                    Statistics: Num rows: 2 Data size: 16 Basic stats: COMPLETE Column stats: COMPLETE
                    Group By Operator
                      aggregations: count()
                      keys: key (type: int), value (type: int)
                      mode: hash
                      outputColumnNames: _col0, _col1, _col2
                      Statistics: Num rows: 1 Data size: 16 Basic stats: COMPLETE Column stats: COMPLETE
                      Reduce Output Operator
                        key expressions: _col0 (type: int), _col1 (type: int)
                        sort order: ++
                        Map-reduce partition columns: _col0 (type: int), _col1 (type: int)
                        Statistics: Num rows: 1 Data size: 16 Basic stats: COMPLETE Column stats: COMPLETE
                        value expressions: _col2 (type: bigint)
            Execution mode: vectorized, llap
            LLAP IO: no inputs
        Map 5 
            Map Operator Tree:
                TableScan
                  alias: a_n7
                  Statistics: Num rows: 4 Data size: 32 Basic stats: COMPLETE Column stats: COMPLETE
                  Select Operator
                    expressions: key (type: int), value (type: int)
                    outputColumnNames: key, value
                    Statistics: Num rows: 4 Data size: 32 Basic stats: COMPLETE Column stats: COMPLETE
                    Group By Operator
                      aggregations: count()
                      keys: key (type: int), value (type: int)
                      mode: hash
                      outputColumnNames: _col0, _col1, _col2
                      Statistics: Num rows: 2 Data size: 32 Basic stats: COMPLETE Column stats: COMPLETE
                      Reduce Output Operator
                        key expressions: _col0 (type: int), _col1 (type: int)
                        sort order: ++
                        Map-reduce partition columns: _col0 (type: int), _col1 (type: int)
                        Statistics: Num rows: 2 Data size: 32 Basic stats: COMPLETE Column stats: COMPLETE
                        value expressions: _col2 (type: bigint)
            Execution mode: vectorized, llap
            LLAP IO: no inputs
        Map 7 
            Map Operator Tree:
                TableScan
                  alias: b_n5
                  Statistics: Num rows: 2 Data size: 16 Basic stats: COMPLETE Column stats: COMPLETE
                  Select Operator
                    expressions: key (type: int), value (type: int)
                    outputColumnNames: key, value
                    Statistics: Num rows: 2 Data size: 16 Basic stats: COMPLETE Column stats: COMPLETE
                    Group By Operator
                      aggregations: count()
                      keys: key (type: int), value (type: int)
                      mode: hash
                      outputColumnNames: _col0, _col1, _col2
                      Statistics: Num rows: 1 Data size: 16 Basic stats: COMPLETE Column stats: COMPLETE
                      Reduce Output Operator
                        key expressions: _col0 (type: int), _col1 (type: int)
                        sort order: ++
                        Map-reduce partition columns: _col0 (type: int), _col1 (type: int)
                        Statistics: Num rows: 1 Data size: 16 Basic stats: COMPLETE Column stats: COMPLETE
                        value expressions: _col2 (type: bigint)
            Execution mode: vectorized, llap
            LLAP IO: no inputs
        Reducer 2 
            Execution mode: vectorized, llap
            Reduce Operator Tree:
              Group By Operator
                aggregations: count(VALUE._col0)
                keys: KEY._col0 (type: int), KEY._col1 (type: int)
                mode: mergepartial
                outputColumnNames: _col0, _col1, _col2
                Statistics: Num rows: 1 Data size: 16 Basic stats: COMPLETE Column stats: COMPLETE
                Group By Operator
                  aggregations: min(_col2), count(_col2)
                  keys: _col0 (type: int), _col1 (type: int)
                  mode: hash
                  outputColumnNames: _col0, _col1, _col2, _col3
                  Statistics: Num rows: 2 Data size: 48 Basic stats: COMPLETE Column stats: COMPLETE
                  Reduce Output Operator
                    key expressions: _col0 (type: int), _col1 (type: int)
                    sort order: ++
                    Map-reduce partition columns: _col0 (type: int), _col1 (type: int)
                    Statistics: Num rows: 2 Data size: 48 Basic stats: COMPLETE Column stats: COMPLETE
                    value expressions: _col2 (type: bigint), _col3 (type: bigint)
        Reducer 4 
            Execution mode: llap
            Reduce Operator Tree:
              Group By Operator
                aggregations: min(VALUE._col0), count(VALUE._col1)
                keys: KEY._col0 (type: int), KEY._col1 (type: int)
                mode: mergepartial
                outputColumnNames: _col0, _col1, _col2, _col3
                Statistics: Num rows: 2 Data size: 48 Basic stats: COMPLETE Column stats: COMPLETE
                Filter Operator
                  predicate: (_col3 = 3L) (type: boolean)
                  Statistics: Num rows: 1 Data size: 24 Basic stats: COMPLETE Column stats: COMPLETE
                  Select Operator
                    expressions: _col2 (type: bigint), _col0 (type: int), _col1 (type: int)
                    outputColumnNames: _col0, _col1, _col2
                    Statistics: Num rows: 1 Data size: 16 Basic stats: COMPLETE Column stats: COMPLETE
                    UDTF Operator
                      Statistics: Num rows: 1 Data size: 16 Basic stats: COMPLETE Column stats: COMPLETE
                      function name: UDTFReplicateRows
                      Select Operator
                        expressions: col1 (type: int), col2 (type: int)
                        outputColumnNames: _col0, _col1
                        Statistics: Num rows: 1 Data size: 8 Basic stats: COMPLETE Column stats: COMPLETE
                        File Output Operator
                          compressed: false
                          Statistics: Num rows: 1 Data size: 8 Basic stats: COMPLETE Column stats: COMPLETE
                          table:
                              input format: org.apache.hadoop.mapred.SequenceFileInputFormat
                              output format: org.apache.hadoop.hive.ql.io.HiveSequenceFileOutputFormat
                              serde: org.apache.hadoop.hive.serde2.lazy.LazySimpleSerDe
        Reducer 6 
            Execution mode: vectorized, llap
            Reduce Operator Tree:
              Group By Operator
                aggregations: count(VALUE._col0)
                keys: KEY._col0 (type: int), KEY._col1 (type: int)
                mode: mergepartial
                outputColumnNames: _col0, _col1, _col2
                Statistics: Num rows: 2 Data size: 32 Basic stats: COMPLETE Column stats: COMPLETE
                Group By Operator
                  aggregations: min(_col2), count(_col2)
                  keys: _col0 (type: int), _col1 (type: int)
                  mode: hash
                  outputColumnNames: _col0, _col1, _col2, _col3
                  Statistics: Num rows: 2 Data size: 48 Basic stats: COMPLETE Column stats: COMPLETE
                  Reduce Output Operator
                    key expressions: _col0 (type: int), _col1 (type: int)
                    sort order: ++
                    Map-reduce partition columns: _col0 (type: int), _col1 (type: int)
                    Statistics: Num rows: 2 Data size: 48 Basic stats: COMPLETE Column stats: COMPLETE
                    value expressions: _col2 (type: bigint), _col3 (type: bigint)
        Reducer 8 
            Execution mode: vectorized, llap
            Reduce Operator Tree:
              Group By Operator
                aggregations: count(VALUE._col0)
                keys: KEY._col0 (type: int), KEY._col1 (type: int)
                mode: mergepartial
                outputColumnNames: _col0, _col1, _col2
                Statistics: Num rows: 1 Data size: 16 Basic stats: COMPLETE Column stats: COMPLETE
                Group By Operator
                  aggregations: min(_col2), count(_col2)
                  keys: _col0 (type: int), _col1 (type: int)
                  mode: hash
                  outputColumnNames: _col0, _col1, _col2, _col3
                  Statistics: Num rows: 2 Data size: 48 Basic stats: COMPLETE Column stats: COMPLETE
                  Reduce Output Operator
                    key expressions: _col0 (type: int), _col1 (type: int)
                    sort order: ++
                    Map-reduce partition columns: _col0 (type: int), _col1 (type: int)
                    Statistics: Num rows: 2 Data size: 48 Basic stats: COMPLETE Column stats: COMPLETE
                    value expressions: _col2 (type: bigint), _col3 (type: bigint)
        Union 3 
            Vertex: Union 3

  Stage: Stage-0
    Fetch Operator
      limit: -1
      Processor Tree:
        ListSink

PREHOOK: query: explain select * from b_n5 intersect all (select * from a_n7 intersect distinct select * from b_n5)
PREHOOK: type: QUERY
PREHOOK: Input: default@a_n7
PREHOOK: Input: default@b_n5
PREHOOK: Output: hdfs://### HDFS PATH ###
POSTHOOK: query: explain select * from b_n5 intersect all (select * from a_n7 intersect distinct select * from b_n5)
POSTHOOK: type: QUERY
POSTHOOK: Input: default@a_n7
POSTHOOK: Input: default@b_n5
POSTHOOK: Output: hdfs://### HDFS PATH ###
STAGE DEPENDENCIES:
  Stage-1 is a root stage
  Stage-0 depends on stages: Stage-1

STAGE PLANS:
  Stage: Stage-1
    Tez
#### A masked pattern was here ####
      Edges:
        Reducer 2 <- Map 1 (SIMPLE_EDGE), Union 3 (CONTAINS)
        Reducer 4 <- Union 3 (SIMPLE_EDGE)
        Reducer 5 <- Map 1 (SIMPLE_EDGE), Union 6 (CONTAINS)
        Reducer 7 <- Union 3 (CONTAINS), Union 6 (SIMPLE_EDGE)
        Reducer 9 <- Map 8 (SIMPLE_EDGE), Union 6 (CONTAINS)
#### A masked pattern was here ####
      Vertices:
        Map 1 
            Map Operator Tree:
                TableScan
                  alias: b_n5
                  Statistics: Num rows: 2 Data size: 16 Basic stats: COMPLETE Column stats: COMPLETE
                  Select Operator
                    expressions: key (type: int), value (type: int)
                    outputColumnNames: key, value
                    Statistics: Num rows: 2 Data size: 16 Basic stats: COMPLETE Column stats: COMPLETE
                    Group By Operator
                      aggregations: count()
                      keys: key (type: int), value (type: int)
                      mode: hash
                      outputColumnNames: _col0, _col1, _col2
                      Statistics: Num rows: 1 Data size: 16 Basic stats: COMPLETE Column stats: COMPLETE
                      Reduce Output Operator
                        key expressions: _col0 (type: int), _col1 (type: int)
                        sort order: ++
                        Map-reduce partition columns: _col0 (type: int), _col1 (type: int)
                        Statistics: Num rows: 1 Data size: 16 Basic stats: COMPLETE Column stats: COMPLETE
                        value expressions: _col2 (type: bigint)
                      Reduce Output Operator
                        key expressions: _col0 (type: int), _col1 (type: int)
                        sort order: ++
                        Map-reduce partition columns: _col0 (type: int), _col1 (type: int)
                        Statistics: Num rows: 1 Data size: 16 Basic stats: COMPLETE Column stats: COMPLETE
                        value expressions: _col2 (type: bigint)
            Execution mode: vectorized, llap
            LLAP IO: no inputs
        Map 8 
            Map Operator Tree:
                TableScan
                  alias: a_n7
                  Statistics: Num rows: 4 Data size: 32 Basic stats: COMPLETE Column stats: COMPLETE
                  Select Operator
                    expressions: key (type: int), value (type: int)
                    outputColumnNames: key, value
                    Statistics: Num rows: 4 Data size: 32 Basic stats: COMPLETE Column stats: COMPLETE
                    Group By Operator
                      aggregations: count()
                      keys: key (type: int), value (type: int)
                      mode: hash
                      outputColumnNames: _col0, _col1, _col2
                      Statistics: Num rows: 2 Data size: 32 Basic stats: COMPLETE Column stats: COMPLETE
                      Reduce Output Operator
                        key expressions: _col0 (type: int), _col1 (type: int)
                        sort order: ++
                        Map-reduce partition columns: _col0 (type: int), _col1 (type: int)
                        Statistics: Num rows: 2 Data size: 32 Basic stats: COMPLETE Column stats: COMPLETE
                        value expressions: _col2 (type: bigint)
            Execution mode: vectorized, llap
            LLAP IO: no inputs
        Reducer 2 
            Execution mode: vectorized, llap
            Reduce Operator Tree:
              Group By Operator
                aggregations: count(VALUE._col0)
                keys: KEY._col0 (type: int), KEY._col1 (type: int)
                mode: mergepartial
                outputColumnNames: _col0, _col1, _col2
                Statistics: Num rows: 1 Data size: 16 Basic stats: COMPLETE Column stats: COMPLETE
                Group By Operator
                  aggregations: min(_col2), count(_col2)
                  keys: _col0 (type: int), _col1 (type: int)
                  mode: hash
                  outputColumnNames: _col0, _col1, _col2, _col3
                  Statistics: Num rows: 1 Data size: 24 Basic stats: COMPLETE Column stats: COMPLETE
                  Reduce Output Operator
                    key expressions: _col0 (type: int), _col1 (type: int)
                    sort order: ++
                    Map-reduce partition columns: _col0 (type: int), _col1 (type: int)
                    Statistics: Num rows: 1 Data size: 24 Basic stats: COMPLETE Column stats: COMPLETE
                    value expressions: _col2 (type: bigint), _col3 (type: bigint)
        Reducer 4 
            Execution mode: llap
            Reduce Operator Tree:
              Group By Operator
                aggregations: min(VALUE._col0), count(VALUE._col1)
                keys: KEY._col0 (type: int), KEY._col1 (type: int)
                mode: mergepartial
                outputColumnNames: _col0, _col1, _col2, _col3
                Statistics: Num rows: 1 Data size: 24 Basic stats: COMPLETE Column stats: COMPLETE
                Filter Operator
                  predicate: (_col3 = 2L) (type: boolean)
                  Statistics: Num rows: 1 Data size: 24 Basic stats: COMPLETE Column stats: COMPLETE
                  Select Operator
                    expressions: _col2 (type: bigint), _col0 (type: int), _col1 (type: int)
                    outputColumnNames: _col0, _col1, _col2
                    Statistics: Num rows: 1 Data size: 16 Basic stats: COMPLETE Column stats: COMPLETE
                    UDTF Operator
                      Statistics: Num rows: 1 Data size: 16 Basic stats: COMPLETE Column stats: COMPLETE
                      function name: UDTFReplicateRows
                      Select Operator
                        expressions: col1 (type: int), col2 (type: int)
                        outputColumnNames: _col0, _col1
                        Statistics: Num rows: 1 Data size: 8 Basic stats: COMPLETE Column stats: COMPLETE
                        File Output Operator
                          compressed: false
                          Statistics: Num rows: 1 Data size: 8 Basic stats: COMPLETE Column stats: COMPLETE
                          table:
                              input format: org.apache.hadoop.mapred.SequenceFileInputFormat
                              output format: org.apache.hadoop.hive.ql.io.HiveSequenceFileOutputFormat
                              serde: org.apache.hadoop.hive.serde2.lazy.LazySimpleSerDe
        Reducer 5 
            Execution mode: vectorized, llap
            Reduce Operator Tree:
              Group By Operator
                aggregations: count(VALUE._col0)
                keys: KEY._col0 (type: int), KEY._col1 (type: int)
                mode: mergepartial
                outputColumnNames: _col0, _col1, _col2
                Statistics: Num rows: 1 Data size: 16 Basic stats: COMPLETE Column stats: COMPLETE
                Group By Operator
                  aggregations: count(_col2)
                  keys: _col0 (type: int), _col1 (type: int)
                  mode: hash
                  outputColumnNames: _col0, _col1, _col2
                  Statistics: Num rows: 1 Data size: 16 Basic stats: COMPLETE Column stats: COMPLETE
                  Reduce Output Operator
                    key expressions: _col0 (type: int), _col1 (type: int)
                    sort order: ++
                    Map-reduce partition columns: _col0 (type: int), _col1 (type: int)
                    Statistics: Num rows: 1 Data size: 16 Basic stats: COMPLETE Column stats: COMPLETE
                    value expressions: _col2 (type: bigint)
        Reducer 7 
            Execution mode: vectorized, llap
            Reduce Operator Tree:
              Group By Operator
                aggregations: count(VALUE._col0)
                keys: KEY._col0 (type: int), KEY._col1 (type: int)
                mode: mergepartial
                outputColumnNames: _col0, _col1, _col2
                Statistics: Num rows: 1 Data size: 16 Basic stats: COMPLETE Column stats: COMPLETE
                Filter Operator
                  predicate: (_col2 = 2L) (type: boolean)
                  Statistics: Num rows: 1 Data size: 16 Basic stats: COMPLETE Column stats: COMPLETE
                  Select Operator
                    expressions: _col0 (type: int), _col1 (type: int)
                    outputColumnNames: _col0, _col1
                    Statistics: Num rows: 1 Data size: 16 Basic stats: COMPLETE Column stats: COMPLETE
                    Group By Operator
                      aggregations: count()
                      keys: _col0 (type: int), _col1 (type: int)
                      mode: complete
                      outputColumnNames: _col0, _col1, _col2
                      Statistics: Num rows: 1 Data size: 16 Basic stats: COMPLETE Column stats: COMPLETE
                      Group By Operator
                        aggregations: min(_col2), count(_col2)
                        keys: _col0 (type: int), _col1 (type: int)
                        mode: hash
                        outputColumnNames: _col0, _col1, _col2, _col3
                        Statistics: Num rows: 1 Data size: 24 Basic stats: COMPLETE Column stats: COMPLETE
                        Reduce Output Operator
                          key expressions: _col0 (type: int), _col1 (type: int)
                          sort order: ++
                          Map-reduce partition columns: _col0 (type: int), _col1 (type: int)
                          Statistics: Num rows: 1 Data size: 24 Basic stats: COMPLETE Column stats: COMPLETE
                          value expressions: _col2 (type: bigint), _col3 (type: bigint)
        Reducer 9 
            Execution mode: vectorized, llap
            Reduce Operator Tree:
              Group By Operator
                aggregations: count(VALUE._col0)
                keys: KEY._col0 (type: int), KEY._col1 (type: int)
                mode: mergepartial
                outputColumnNames: _col0, _col1, _col2
                Statistics: Num rows: 2 Data size: 32 Basic stats: COMPLETE Column stats: COMPLETE
                Group By Operator
                  aggregations: count(_col2)
                  keys: _col0 (type: int), _col1 (type: int)
                  mode: hash
                  outputColumnNames: _col0, _col1, _col2
                  Statistics: Num rows: 1 Data size: 16 Basic stats: COMPLETE Column stats: COMPLETE
                  Reduce Output Operator
                    key expressions: _col0 (type: int), _col1 (type: int)
                    sort order: ++
                    Map-reduce partition columns: _col0 (type: int), _col1 (type: int)
                    Statistics: Num rows: 1 Data size: 16 Basic stats: COMPLETE Column stats: COMPLETE
                    value expressions: _col2 (type: bigint)
        Union 3 
            Vertex: Union 3
        Union 6 
            Vertex: Union 6

  Stage: Stage-0
    Fetch Operator
      limit: -1
      Processor Tree:
        ListSink

