PREHOOK: query: create table part2_n4( 
    p2_partkey INT,
    p2_name STRING,
    p2_mfgr STRING,
    p2_brand STRING,
    p2_type STRING,
    p2_size INT,
    p2_container STRING,
    p2_retailprice DOUBLE,
    p2_comment STRING
)
PREHOOK: type: CREATETABLE
PREHOOK: Output: database:default
PREHOOK: Output: default@part2_n4
POSTHOOK: query: create table part2_n4( 
    p2_partkey INT,
    p2_name STRING,
    p2_mfgr STRING,
    p2_brand STRING,
    p2_type STRING,
    p2_size INT,
    p2_container STRING,
    p2_retailprice DOUBLE,
    p2_comment STRING
)
POSTHOOK: type: CREATETABLE
POSTHOOK: Output: database:default
POSTHOOK: Output: default@part2_n4
PREHOOK: query: create table part3_n1( 
    p3_partkey INT,
    p3_name STRING,
    p3_mfgr STRING,
    p3_brand STRING,
    p3_type STRING,
    p3_size INT,
    p3_container STRING,
    p3_retailprice DOUBLE,
    p3_comment STRING
)
PREHOOK: type: CREATETABLE
PREHOOK: Output: database:default
PREHOOK: Output: default@part3_n1
POSTHOOK: query: create table part3_n1( 
    p3_partkey INT,
    p3_name STRING,
    p3_mfgr STRING,
    p3_brand STRING,
    p3_type STRING,
    p3_size INT,
    p3_container STRING,
    p3_retailprice DOUBLE,
    p3_comment STRING
)
POSTHOOK: type: CREATETABLE
POSTHOOK: Output: database:default
POSTHOOK: Output: default@part3_n1
PREHOOK: query: explain select *
from part p1 join part2_n4 p2 join part3_n1 p3 on p1.p_name = p2_name join part p4 
where p2_name = p3_name and p1.p_name = p4.p_name
PREHOOK: type: QUERY
PREHOOK: Input: default@part
PREHOOK: Input: default@part2_n4
PREHOOK: Input: default@part3_n1
#### A masked pattern was here ####
POSTHOOK: query: explain select *
from part p1 join part2_n4 p2 join part3_n1 p3 on p1.p_name = p2_name join part p4 
where p2_name = p3_name and p1.p_name = p4.p_name
POSTHOOK: type: QUERY
POSTHOOK: Input: default@part
POSTHOOK: Input: default@part2_n4
POSTHOOK: Input: default@part3_n1
#### A masked pattern was here ####
STAGE DEPENDENCIES:
  Stage-1 is a root stage
  Stage-0 depends on stages: Stage-1

STAGE PLANS:
  Stage: Stage-1
    Tez
#### A masked pattern was here ####
      Edges:
        Reducer 2 <- Map 1 (SIMPLE_EDGE), Map 5 (SIMPLE_EDGE)
        Reducer 3 <- Map 6 (SIMPLE_EDGE), Reducer 2 (SIMPLE_EDGE)
        Reducer 4 <- Map 6 (SIMPLE_EDGE), Reducer 3 (SIMPLE_EDGE)
#### A masked pattern was here ####
      Vertices:
        Map 1 
            Map Operator Tree:
                TableScan
                  alias: p2
                  filterExpr: p2_name is not null (type: boolean)
                  Statistics: Num rows: 1 Data size: 1120 Basic stats: COMPLETE Column stats: NONE
                  Filter Operator
                    predicate: p2_name is not null (type: boolean)
                    Statistics: Num rows: 1 Data size: 1120 Basic stats: COMPLETE Column stats: NONE
                    Select Operator
                      expressions: p2_partkey (type: int), p2_name (type: string), p2_mfgr (type: string), p2_brand (type: string), p2_type (type: string), p2_size (type: int), p2_container (type: string), p2_retailprice (type: double), p2_comment (type: string)
                      outputColumnNames: _col0, _col1, _col2, _col3, _col4, _col5, _col6, _col7, _col8
                      Statistics: Num rows: 1 Data size: 1120 Basic stats: COMPLETE Column stats: NONE
                      Reduce Output Operator
                        key expressions: _col1 (type: string)
                        null sort order: z
                        sort order: +
                        Map-reduce partition columns: _col1 (type: string)
                        Statistics: Num rows: 1 Data size: 1120 Basic stats: COMPLETE Column stats: NONE
                        value expressions: _col0 (type: int), _col2 (type: string), _col3 (type: string), _col4 (type: string), _col5 (type: int), _col6 (type: string), _col7 (type: double), _col8 (type: string)
            Execution mode: vectorized, llap
            LLAP IO: all inputs
        Map 5 
            Map Operator Tree:
                TableScan
                  alias: p3
                  filterExpr: p3_name is not null (type: boolean)
                  Statistics: Num rows: 1 Data size: 1120 Basic stats: COMPLETE Column stats: NONE
                  Filter Operator
                    predicate: p3_name is not null (type: boolean)
                    Statistics: Num rows: 1 Data size: 1120 Basic stats: COMPLETE Column stats: NONE
                    Select Operator
                      expressions: p3_partkey (type: int), p3_name (type: string), p3_mfgr (type: string), p3_brand (type: string), p3_type (type: string), p3_size (type: int), p3_container (type: string), p3_retailprice (type: double), p3_comment (type: string)
                      outputColumnNames: _col0, _col1, _col2, _col3, _col4, _col5, _col6, _col7, _col8
                      Statistics: Num rows: 1 Data size: 1120 Basic stats: COMPLETE Column stats: NONE
                      Reduce Output Operator
                        key expressions: _col1 (type: string)
                        null sort order: z
                        sort order: +
                        Map-reduce partition columns: _col1 (type: string)
                        Statistics: Num rows: 1 Data size: 1120 Basic stats: COMPLETE Column stats: NONE
                        value expressions: _col0 (type: int), _col2 (type: string), _col3 (type: string), _col4 (type: string), _col5 (type: int), _col6 (type: string), _col7 (type: double), _col8 (type: string)
            Execution mode: vectorized, llap
            LLAP IO: all inputs
        Map 6 
            Map Operator Tree:
                TableScan
                  alias: p1
                  filterExpr: p_name is not null (type: boolean)
                  Statistics: Num rows: 26 Data size: 16094 Basic stats: COMPLETE Column stats: COMPLETE
                  Filter Operator
                    predicate: p_name is not null (type: boolean)
                    Statistics: Num rows: 26 Data size: 16094 Basic stats: COMPLETE Column stats: COMPLETE
                    Select Operator
                      expressions: p_partkey (type: int), p_name (type: string), p_mfgr (type: string), p_brand (type: string), p_type (type: string), p_size (type: int), p_container (type: string), p_retailprice (type: double), p_comment (type: string)
                      outputColumnNames: _col0, _col1, _col2, _col3, _col4, _col5, _col6, _col7, _col8
                      Statistics: Num rows: 26 Data size: 16094 Basic stats: COMPLETE Column stats: COMPLETE
                      Reduce Output Operator
                        key expressions: _col1 (type: string)
                        null sort order: z
                        sort order: +
                        Map-reduce partition columns: _col1 (type: string)
                        Statistics: Num rows: 26 Data size: 16094 Basic stats: COMPLETE Column stats: COMPLETE
                        value expressions: _col0 (type: int), _col2 (type: string), _col3 (type: string), _col4 (type: string), _col5 (type: int), _col6 (type: string), _col7 (type: double), _col8 (type: string)
                      Reduce Output Operator
                        key expressions: _col1 (type: string)
                        null sort order: z
                        sort order: +
                        Map-reduce partition columns: _col1 (type: string)
                        Statistics: Num rows: 26 Data size: 16094 Basic stats: COMPLETE Column stats: COMPLETE
                        value expressions: _col0 (type: int), _col2 (type: string), _col3 (type: string), _col4 (type: string), _col5 (type: int), _col6 (type: string), _col7 (type: double), _col8 (type: string)
            Execution mode: vectorized, llap
            LLAP IO: all inputs
        Reducer 2 
            Execution mode: llap
            Reduce Operator Tree:
              Merge Join Operator
                condition map:
                     Inner Join 0 to 1
                keys:
                  0 _col1 (type: string)
                  1 _col1 (type: string)
                outputColumnNames: _col0, _col1, _col2, _col3, _col4, _col5, _col6, _col7, _col8, _col9, _col10, _col11, _col12, _col13, _col14, _col15, _col16, _col17
                Statistics: Num rows: 1 Data size: 1232 Basic stats: COMPLETE Column stats: NONE
                Reduce Output Operator
                  key expressions: _col1 (type: string)
                  null sort order: z
                  sort order: +
                  Map-reduce partition columns: _col1 (type: string)
                  Statistics: Num rows: 1 Data size: 1232 Basic stats: COMPLETE Column stats: NONE
                  value expressions: _col0 (type: int), _col2 (type: string), _col3 (type: string), _col4 (type: string), _col5 (type: int), _col6 (type: string), _col7 (type: double), _col8 (type: string), _col9 (type: int), _col10 (type: string), _col11 (type: string), _col12 (type: string), _col13 (type: string), _col14 (type: int), _col15 (type: string), _col16 (type: double), _col17 (type: string)
        Reducer 3 
            Execution mode: llap
            Reduce Operator Tree:
              Merge Join Operator
                condition map:
                     Inner Join 0 to 1
                keys:
                  0 _col1 (type: string)
                  1 _col1 (type: string)
                outputColumnNames: _col0, _col1, _col2, _col3, _col4, _col5, _col6, _col7, _col8, _col9, _col10, _col11, _col12, _col13, _col14, _col15, _col16, _col17, _col18, _col19, _col20, _col21, _col22, _col23, _col24, _col25, _col26
                Statistics: Num rows: 28 Data size: 17703 Basic stats: COMPLETE Column stats: NONE
                Reduce Output Operator
                  key expressions: _col19 (type: string)
                  null sort order: z
                  sort order: +
                  Map-reduce partition columns: _col19 (type: string)
                  Statistics: Num rows: 28 Data size: 17703 Basic stats: COMPLETE Column stats: NONE
                  value expressions: _col0 (type: int), _col1 (type: string), _col2 (type: string), _col3 (type: string), _col4 (type: string), _col5 (type: int), _col6 (type: string), _col7 (type: double), _col8 (type: string), _col9 (type: int), _col10 (type: string), _col11 (type: string), _col12 (type: string), _col13 (type: string), _col14 (type: int), _col15 (type: string), _col16 (type: double), _col17 (type: string), _col18 (type: int), _col20 (type: string), _col21 (type: string), _col22 (type: string), _col23 (type: int), _col24 (type: string), _col25 (type: double), _col26 (type: string)
        Reducer 4 
            Execution mode: llap
            Reduce Operator Tree:
              Merge Join Operator
                condition map:
                     Inner Join 0 to 1
                keys:
                  0 _col19 (type: string)
                  1 _col1 (type: string)
                outputColumnNames: _col0, _col1, _col2, _col3, _col4, _col5, _col6, _col7, _col8, _col9, _col10, _col11, _col12, _col13, _col14, _col15, _col16, _col17, _col18, _col19, _col20, _col21, _col22, _col23, _col24, _col25, _col26, _col27, _col28, _col29, _col30, _col31, _col32, _col33, _col34, _col35
                Statistics: Num rows: 30 Data size: 19473 Basic stats: COMPLETE Column stats: NONE
                Select Operator
                  expressions: _col18 (type: int), _col19 (type: string), _col20 (type: string), _col21 (type: string), _col22 (type: string), _col23 (type: int), _col24 (type: string), _col25 (type: double), _col26 (type: string), _col0 (type: int), _col1 (type: string), _col2 (type: string), _col3 (type: string), _col4 (type: string), _col5 (type: int), _col6 (type: string), _col7 (type: double), _col8 (type: string), _col9 (type: int), _col10 (type: string), _col11 (type: string), _col12 (type: string), _col13 (type: string), _col14 (type: int), _col15 (type: string), _col16 (type: double), _col17 (type: string), _col27 (type: int), _col28 (type: string), _col29 (type: string), _col30 (type: string), _col31 (type: string), _col32 (type: int), _col33 (type: string), _col34 (type: double), _col35 (type: string)
                  outputColumnNames: _col0, _col1, _col2, _col3, _col4, _col5, _col6, _col7, _col8, _col9, _col10, _col11, _col12, _col13, _col14, _col15, _col16, _col17, _col18, _col19, _col20, _col21, _col22, _col23, _col24, _col25, _col26, _col27, _col28, _col29, _col30, _col31, _col32, _col33, _col34, _col35
                  Statistics: Num rows: 30 Data size: 19473 Basic stats: COMPLETE Column stats: NONE
                  File Output Operator
                    compressed: false
                    Statistics: Num rows: 30 Data size: 19473 Basic stats: COMPLETE Column stats: NONE
                    table:
                        input format: org.apache.hadoop.mapred.SequenceFileInputFormat
                        output format: org.apache.hadoop.hive.ql.io.HiveSequenceFileOutputFormat
                        serde: org.apache.hadoop.hive.serde2.lazy.LazySimpleSerDe

  Stage: Stage-0
    Fetch Operator
      limit: -1
      Processor Tree:
        ListSink

PREHOOK: query: explain select *
from part p1 join part2_n4 p2 join part3_n1 p3 on p2_name = p1.p_name join part p4 
where p2_name = p3_name and p1.p_partkey = p4.p_partkey 
            and p1.p_partkey = p2_partkey
PREHOOK: type: QUERY
PREHOOK: Input: default@part
PREHOOK: Input: default@part2_n4
PREHOOK: Input: default@part3_n1
#### A masked pattern was here ####
POSTHOOK: query: explain select *
from part p1 join part2_n4 p2 join part3_n1 p3 on p2_name = p1.p_name join part p4 
where p2_name = p3_name and p1.p_partkey = p4.p_partkey 
            and p1.p_partkey = p2_partkey
POSTHOOK: type: QUERY
POSTHOOK: Input: default@part
POSTHOOK: Input: default@part2_n4
POSTHOOK: Input: default@part3_n1
#### A masked pattern was here ####
STAGE DEPENDENCIES:
  Stage-1 is a root stage
  Stage-0 depends on stages: Stage-1

STAGE PLANS:
  Stage: Stage-1
    Tez
#### A masked pattern was here ####
      Edges:
        Reducer 2 <- Map 1 (SIMPLE_EDGE), Map 5 (SIMPLE_EDGE)
        Reducer 3 <- Map 6 (SIMPLE_EDGE), Reducer 2 (SIMPLE_EDGE)
        Reducer 4 <- Map 6 (SIMPLE_EDGE), Reducer 3 (SIMPLE_EDGE)
#### A masked pattern was here ####
      Vertices:
        Map 1 
            Map Operator Tree:
                TableScan
                  alias: p2
                  filterExpr: (p2_name is not null and p2_partkey is not null) (type: boolean)
                  Statistics: Num rows: 1 Data size: 1120 Basic stats: COMPLETE Column stats: NONE
                  Filter Operator
                    predicate: (p2_name is not null and p2_partkey is not null) (type: boolean)
                    Statistics: Num rows: 1 Data size: 1120 Basic stats: COMPLETE Column stats: NONE
                    Select Operator
                      expressions: p2_partkey (type: int), p2_name (type: string), p2_mfgr (type: string), p2_brand (type: string), p2_type (type: string), p2_size (type: int), p2_container (type: string), p2_retailprice (type: double), p2_comment (type: string)
                      outputColumnNames: _col0, _col1, _col2, _col3, _col4, _col5, _col6, _col7, _col8
                      Statistics: Num rows: 1 Data size: 1120 Basic stats: COMPLETE Column stats: NONE
                      Reduce Output Operator
                        key expressions: _col1 (type: string)
                        null sort order: z
                        sort order: +
                        Map-reduce partition columns: _col1 (type: string)
                        Statistics: Num rows: 1 Data size: 1120 Basic stats: COMPLETE Column stats: NONE
                        value expressions: _col0 (type: int), _col2 (type: string), _col3 (type: string), _col4 (type: string), _col5 (type: int), _col6 (type: string), _col7 (type: double), _col8 (type: string)
            Execution mode: vectorized, llap
            LLAP IO: all inputs
        Map 5 
            Map Operator Tree:
                TableScan
                  alias: p3
                  filterExpr: p3_name is not null (type: boolean)
                  Statistics: Num rows: 1 Data size: 1120 Basic stats: COMPLETE Column stats: NONE
                  Filter Operator
                    predicate: p3_name is not null (type: boolean)
                    Statistics: Num rows: 1 Data size: 1120 Basic stats: COMPLETE Column stats: NONE
                    Select Operator
                      expressions: p3_partkey (type: int), p3_name (type: string), p3_mfgr (type: string), p3_brand (type: string), p3_type (type: string), p3_size (type: int), p3_container (type: string), p3_retailprice (type: double), p3_comment (type: string)
                      outputColumnNames: _col0, _col1, _col2, _col3, _col4, _col5, _col6, _col7, _col8
                      Statistics: Num rows: 1 Data size: 1120 Basic stats: COMPLETE Column stats: NONE
                      Reduce Output Operator
                        key expressions: _col1 (type: string)
                        null sort order: z
                        sort order: +
                        Map-reduce partition columns: _col1 (type: string)
                        Statistics: Num rows: 1 Data size: 1120 Basic stats: COMPLETE Column stats: NONE
                        value expressions: _col0 (type: int), _col2 (type: string), _col3 (type: string), _col4 (type: string), _col5 (type: int), _col6 (type: string), _col7 (type: double), _col8 (type: string)
            Execution mode: vectorized, llap
            LLAP IO: all inputs
        Map 6 
            Map Operator Tree:
                TableScan
                  alias: p1
                  filterExpr: ((p_name is not null and p_partkey is not null) or p_partkey is not null) (type: boolean)
                  Statistics: Num rows: 26 Data size: 16094 Basic stats: COMPLETE Column stats: COMPLETE
                  Filter Operator
                    predicate: (p_name is not null and p_partkey is not null) (type: boolean)
                    Statistics: Num rows: 26 Data size: 16094 Basic stats: COMPLETE Column stats: COMPLETE
                    Select Operator
                      expressions: p_partkey (type: int), p_name (type: string), p_mfgr (type: string), p_brand (type: string), p_type (type: string), p_size (type: int), p_container (type: string), p_retailprice (type: double), p_comment (type: string)
                      outputColumnNames: _col0, _col1, _col2, _col3, _col4, _col5, _col6, _col7, _col8
                      Statistics: Num rows: 26 Data size: 16094 Basic stats: COMPLETE Column stats: COMPLETE
                      Reduce Output Operator
                        key expressions: _col0 (type: int), _col1 (type: string)
                        null sort order: zz
                        sort order: ++
                        Map-reduce partition columns: _col0 (type: int), _col1 (type: string)
                        Statistics: Num rows: 26 Data size: 16094 Basic stats: COMPLETE Column stats: COMPLETE
                        value expressions: _col2 (type: string), _col3 (type: string), _col4 (type: string), _col5 (type: int), _col6 (type: string), _col7 (type: double), _col8 (type: string)
                  Filter Operator
                    predicate: p_partkey is not null (type: boolean)
                    Statistics: Num rows: 26 Data size: 16094 Basic stats: COMPLETE Column stats: COMPLETE
                    Select Operator
                      expressions: p_partkey (type: int), p_name (type: string), p_mfgr (type: string), p_brand (type: string), p_type (type: string), p_size (type: int), p_container (type: string), p_retailprice (type: double), p_comment (type: string)
                      outputColumnNames: _col0, _col1, _col2, _col3, _col4, _col5, _col6, _col7, _col8
                      Statistics: Num rows: 26 Data size: 16094 Basic stats: COMPLETE Column stats: COMPLETE
                      Reduce Output Operator
                        key expressions: _col0 (type: int)
                        null sort order: z
                        sort order: +
                        Map-reduce partition columns: _col0 (type: int)
                        Statistics: Num rows: 26 Data size: 16094 Basic stats: COMPLETE Column stats: COMPLETE
                        value expressions: _col1 (type: string), _col2 (type: string), _col3 (type: string), _col4 (type: string), _col5 (type: int), _col6 (type: string), _col7 (type: double), _col8 (type: string)
            Execution mode: vectorized, llap
            LLAP IO: all inputs
        Reducer 2 
            Execution mode: llap
            Reduce Operator Tree:
              Merge Join Operator
                condition map:
                     Inner Join 0 to 1
                keys:
                  0 _col1 (type: string)
                  1 _col1 (type: string)
                outputColumnNames: _col0, _col1, _col2, _col3, _col4, _col5, _col6, _col7, _col8, _col9, _col10, _col11, _col12, _col13, _col14, _col15, _col16, _col17
                Statistics: Num rows: 1 Data size: 1232 Basic stats: COMPLETE Column stats: NONE
                Reduce Output Operator
                  key expressions: _col0 (type: int), _col1 (type: string)
                  null sort order: zz
                  sort order: ++
                  Map-reduce partition columns: _col0 (type: int), _col1 (type: string)
                  Statistics: Num rows: 1 Data size: 1232 Basic stats: COMPLETE Column stats: NONE
                  value expressions: _col2 (type: string), _col3 (type: string), _col4 (type: string), _col5 (type: int), _col6 (type: string), _col7 (type: double), _col8 (type: string), _col9 (type: int), _col10 (type: string), _col11 (type: string), _col12 (type: string), _col13 (type: string), _col14 (type: int), _col15 (type: string), _col16 (type: double), _col17 (type: string)
        Reducer 3 
            Execution mode: llap
            Reduce Operator Tree:
              Merge Join Operator
                condition map:
                     Inner Join 0 to 1
                keys:
                  0 _col0 (type: int), _col1 (type: string)
                  1 _col0 (type: int), _col1 (type: string)
                outputColumnNames: _col0, _col1, _col2, _col3, _col4, _col5, _col6, _col7, _col8, _col9, _col10, _col11, _col12, _col13, _col14, _col15, _col16, _col17, _col18, _col19, _col20, _col21, _col22, _col23, _col24, _col25, _col26
                Statistics: Num rows: 28 Data size: 17703 Basic stats: COMPLETE Column stats: NONE
                Reduce Output Operator
                  key expressions: _col18 (type: int)
                  null sort order: z
                  sort order: +
                  Map-reduce partition columns: _col18 (type: int)
                  Statistics: Num rows: 28 Data size: 17703 Basic stats: COMPLETE Column stats: NONE
                  value expressions: _col0 (type: int), _col1 (type: string), _col2 (type: string), _col3 (type: string), _col4 (type: string), _col5 (type: int), _col6 (type: string), _col7 (type: double), _col8 (type: string), _col9 (type: int), _col10 (type: string), _col11 (type: string), _col12 (type: string), _col13 (type: string), _col14 (type: int), _col15 (type: string), _col16 (type: double), _col17 (type: string), _col19 (type: string), _col20 (type: string), _col21 (type: string), _col22 (type: string), _col23 (type: int), _col24 (type: string), _col25 (type: double), _col26 (type: string)
        Reducer 4 
            Execution mode: llap
            Reduce Operator Tree:
              Merge Join Operator
                condition map:
                     Inner Join 0 to 1
                keys:
                  0 _col18 (type: int)
                  1 _col0 (type: int)
                outputColumnNames: _col0, _col1, _col2, _col3, _col4, _col5, _col6, _col7, _col8, _col9, _col10, _col11, _col12, _col13, _col14, _col15, _col16, _col17, _col18, _col19, _col20, _col21, _col22, _col23, _col24, _col25, _col26, _col27, _col28, _col29, _col30, _col31, _col32, _col33, _col34, _col35
                Statistics: Num rows: 30 Data size: 19473 Basic stats: COMPLETE Column stats: NONE
                Select Operator
                  expressions: _col18 (type: int), _col19 (type: string), _col20 (type: string), _col21 (type: string), _col22 (type: string), _col23 (type: int), _col24 (type: string), _col25 (type: double), _col26 (type: string), _col0 (type: int), _col1 (type: string), _col2 (type: string), _col3 (type: string), _col4 (type: string), _col5 (type: int), _col6 (type: string), _col7 (type: double), _col8 (type: string), _col9 (type: int), _col10 (type: string), _col11 (type: string), _col12 (type: string), _col13 (type: string), _col14 (type: int), _col15 (type: string), _col16 (type: double), _col17 (type: string), _col27 (type: int), _col28 (type: string), _col29 (type: string), _col30 (type: string), _col31 (type: string), _col32 (type: int), _col33 (type: string), _col34 (type: double), _col35 (type: string)
                  outputColumnNames: _col0, _col1, _col2, _col3, _col4, _col5, _col6, _col7, _col8, _col9, _col10, _col11, _col12, _col13, _col14, _col15, _col16, _col17, _col18, _col19, _col20, _col21, _col22, _col23, _col24, _col25, _col26, _col27, _col28, _col29, _col30, _col31, _col32, _col33, _col34, _col35
                  Statistics: Num rows: 30 Data size: 19473 Basic stats: COMPLETE Column stats: NONE
                  File Output Operator
                    compressed: false
                    Statistics: Num rows: 30 Data size: 19473 Basic stats: COMPLETE Column stats: NONE
                    table:
                        input format: org.apache.hadoop.mapred.SequenceFileInputFormat
                        output format: org.apache.hadoop.hive.ql.io.HiveSequenceFileOutputFormat
                        serde: org.apache.hadoop.hive.serde2.lazy.LazySimpleSerDe

  Stage: Stage-0
    Fetch Operator
      limit: -1
      Processor Tree:
        ListSink

