PREHOOK: query: create table L as select 4436 id
PREHOOK: type: CREATETABLE_AS_SELECT
PREHOOK: Input: _dummy_database@_dummy_table
PREHOOK: Output: database:default
PREHOOK: Output: default@L
POSTHOOK: query: create table L as select 4436 id
POSTHOOK: type: CREATETABLE_AS_SELECT
POSTHOOK: Input: _dummy_database@_dummy_table
POSTHOOK: Output: database:default
POSTHOOK: Output: default@L
POSTHOOK: Lineage: l.id SIMPLE []
PREHOOK: query: create table LA_n11 as select 4436 loan_id, 4748 aid, 4415 pi_id
PREHOOK: type: CREATETABLE_AS_SELECT
PREHOOK: Input: _dummy_database@_dummy_table
PREHOOK: Output: database:default
PREHOOK: Output: default@LA_n11
POSTHOOK: query: create table LA_n11 as select 4436 loan_id, 4748 aid, 4415 pi_id
POSTHOOK: type: CREATETABLE_AS_SELECT
POSTHOOK: Input: _dummy_database@_dummy_table
POSTHOOK: Output: database:default
POSTHOOK: Output: default@LA_n11
POSTHOOK: Lineage: la_n11.aid SIMPLE []
POSTHOOK: Lineage: la_n11.loan_id SIMPLE []
POSTHOOK: Lineage: la_n11.pi_id SIMPLE []
PREHOOK: query: create table FR as select 4436 loan_id
PREHOOK: type: CREATETABLE_AS_SELECT
PREHOOK: Input: _dummy_database@_dummy_table
PREHOOK: Output: database:default
PREHOOK: Output: default@FR
POSTHOOK: query: create table FR as select 4436 loan_id
POSTHOOK: type: CREATETABLE_AS_SELECT
POSTHOOK: Input: _dummy_database@_dummy_table
POSTHOOK: Output: database:default
POSTHOOK: Output: default@FR
POSTHOOK: Lineage: fr.loan_id SIMPLE []
PREHOOK: query: create table A_n11 as select 4748 id
PREHOOK: type: CREATETABLE_AS_SELECT
PREHOOK: Input: _dummy_database@_dummy_table
PREHOOK: Output: database:default
PREHOOK: Output: default@A_n11
POSTHOOK: query: create table A_n11 as select 4748 id
POSTHOOK: type: CREATETABLE_AS_SELECT
POSTHOOK: Input: _dummy_database@_dummy_table
POSTHOOK: Output: database:default
POSTHOOK: Output: default@A_n11
POSTHOOK: Lineage: a_n11.id SIMPLE []
PREHOOK: query: create table PI as select 4415 id
PREHOOK: type: CREATETABLE_AS_SELECT
PREHOOK: Input: _dummy_database@_dummy_table
PREHOOK: Output: database:default
PREHOOK: Output: default@PI
POSTHOOK: query: create table PI as select 4415 id
POSTHOOK: type: CREATETABLE_AS_SELECT
POSTHOOK: Input: _dummy_database@_dummy_table
POSTHOOK: Output: database:default
POSTHOOK: Output: default@PI
POSTHOOK: Lineage: pi.id SIMPLE []
PREHOOK: query: create table acct as select 4748 aid, 10 acc_n, 122 brn
PREHOOK: type: CREATETABLE_AS_SELECT
PREHOOK: Input: _dummy_database@_dummy_table
PREHOOK: Output: database:default
PREHOOK: Output: default@acct
POSTHOOK: query: create table acct as select 4748 aid, 10 acc_n, 122 brn
POSTHOOK: type: CREATETABLE_AS_SELECT
POSTHOOK: Input: _dummy_database@_dummy_table
POSTHOOK: Output: database:default
POSTHOOK: Output: default@acct
POSTHOOK: Lineage: acct.acc_n SIMPLE []
POSTHOOK: Lineage: acct.aid SIMPLE []
POSTHOOK: Lineage: acct.brn SIMPLE []
PREHOOK: query: insert into table acct values(4748, null, null)
PREHOOK: type: QUERY
PREHOOK: Input: _dummy_database@_dummy_table
PREHOOK: Output: default@acct
POSTHOOK: query: insert into table acct values(4748, null, null)
POSTHOOK: type: QUERY
POSTHOOK: Input: _dummy_database@_dummy_table
POSTHOOK: Output: default@acct
POSTHOOK: Lineage: acct.acc_n EXPRESSION []
POSTHOOK: Lineage: acct.aid SCRIPT []
POSTHOOK: Lineage: acct.brn EXPRESSION []
PREHOOK: query: insert into table acct values(4748, null, null)
PREHOOK: type: QUERY
PREHOOK: Input: _dummy_database@_dummy_table
PREHOOK: Output: default@acct
POSTHOOK: query: insert into table acct values(4748, null, null)
POSTHOOK: type: QUERY
POSTHOOK: Input: _dummy_database@_dummy_table
POSTHOOK: Output: default@acct
POSTHOOK: Lineage: acct.acc_n EXPRESSION []
POSTHOOK: Lineage: acct.aid SCRIPT []
POSTHOOK: Lineage: acct.brn EXPRESSION []
Warning: Shuffle Join MERGEJOIN[86][tables = [$hdt$_0, $hdt$_1, $hdt$_2, $hdt$_3]] in Stage 'Reducer 4' is a cross product
Warning: Shuffle Join MERGEJOIN[87][tables = [$hdt$_4, $hdt$_5]] in Stage 'Reducer 10' is a cross product
PREHOOK: query: explain select
  acct.ACC_N,
  acct.brn
FROM L
JOIN LA_n11 ON L.id = LA_n11.loan_id
JOIN FR ON L.id = FR.loan_id
JOIN A_n11 ON LA_n11.aid = A_n11.id
JOIN PI ON PI.id = LA_n11.pi_id
JOIN acct ON A_n11.id = acct.aid
WHERE
  L.id = 4436
  and acct.brn is not null
PREHOOK: type: QUERY
PREHOOK: Input: default@a_n11
PREHOOK: Input: default@acct
PREHOOK: Input: default@fr
PREHOOK: Input: default@l
PREHOOK: Input: default@la_n11
PREHOOK: Input: default@pi
#### A masked pattern was here ####
POSTHOOK: query: explain select
  acct.ACC_N,
  acct.brn
FROM L
JOIN LA_n11 ON L.id = LA_n11.loan_id
JOIN FR ON L.id = FR.loan_id
JOIN A_n11 ON LA_n11.aid = A_n11.id
JOIN PI ON PI.id = LA_n11.pi_id
JOIN acct ON A_n11.id = acct.aid
WHERE
  L.id = 4436
  and acct.brn is not null
POSTHOOK: type: QUERY
POSTHOOK: Input: default@a_n11
POSTHOOK: Input: default@acct
POSTHOOK: Input: default@fr
POSTHOOK: Input: default@l
POSTHOOK: Input: default@la_n11
POSTHOOK: Input: default@pi
#### A masked pattern was here ####
STAGE DEPENDENCIES:
  Stage-1 is a root stage
  Stage-0 depends on stages: Stage-1

STAGE PLANS:
  Stage: Stage-1
    Tez
#### A masked pattern was here ####
      Edges:
        Reducer 10 <- Map 11 (XPROD_EDGE), Map 9 (XPROD_EDGE)
        Reducer 2 <- Map 1 (SIMPLE_EDGE), Map 6 (SIMPLE_EDGE)
        Reducer 3 <- Map 7 (SIMPLE_EDGE), Reducer 2 (SIMPLE_EDGE)
        Reducer 4 <- Map 8 (XPROD_EDGE), Reducer 3 (XPROD_EDGE)
        Reducer 5 <- Reducer 10 (SIMPLE_EDGE), Reducer 4 (SIMPLE_EDGE)
#### A masked pattern was here ####
      Vertices:
        Map 1 
            Map Operator Tree:
                TableScan
                  alias: la_n11
                  filterExpr: ((loan_id = 4436) and aid is not null and pi_id is not null) (type: boolean)
                  Statistics: Num rows: 1 Data size: 12 Basic stats: COMPLETE Column stats: COMPLETE
                  Filter Operator
                    predicate: ((loan_id = 4436) and aid is not null and pi_id is not null) (type: boolean)
                    Statistics: Num rows: 1 Data size: 12 Basic stats: COMPLETE Column stats: COMPLETE
                    Select Operator
                      expressions: aid (type: int), pi_id (type: int)
                      outputColumnNames: _col0, _col1
                      Statistics: Num rows: 1 Data size: 8 Basic stats: COMPLETE Column stats: COMPLETE
                      Reduce Output Operator
                        key expressions: _col0 (type: int)
                        null sort order: z
                        sort order: +
                        Map-reduce partition columns: _col0 (type: int)
                        Statistics: Num rows: 1 Data size: 8 Basic stats: COMPLETE Column stats: COMPLETE
                        value expressions: _col1 (type: int)
            Execution mode: vectorized, llap
            LLAP IO: all inputs
        Map 11 
            Map Operator Tree:
                TableScan
                  alias: l
                  filterExpr: (id = 4436) (type: boolean)
                  Statistics: Num rows: 1 Data size: 4 Basic stats: COMPLETE Column stats: COMPLETE
                  Filter Operator
                    predicate: (id = 4436) (type: boolean)
                    Statistics: Num rows: 1 Data size: 4 Basic stats: COMPLETE Column stats: COMPLETE
                    Select Operator
                      Statistics: Num rows: 1 Data size: 8 Basic stats: COMPLETE Column stats: COMPLETE
                      Reduce Output Operator
                        null sort order: 
                        sort order: 
                        Statistics: Num rows: 1 Data size: 8 Basic stats: COMPLETE Column stats: COMPLETE
            Execution mode: vectorized, llap
            LLAP IO: all inputs
        Map 6 
            Map Operator Tree:
                TableScan
                  alias: a_n11
                  filterExpr: id is not null (type: boolean)
                  Statistics: Num rows: 1 Data size: 4 Basic stats: COMPLETE Column stats: COMPLETE
                  Filter Operator
                    predicate: id is not null (type: boolean)
                    Statistics: Num rows: 1 Data size: 4 Basic stats: COMPLETE Column stats: COMPLETE
                    Select Operator
                      expressions: id (type: int)
                      outputColumnNames: _col0
                      Statistics: Num rows: 1 Data size: 4 Basic stats: COMPLETE Column stats: COMPLETE
                      Reduce Output Operator
                        key expressions: _col0 (type: int)
                        null sort order: z
                        sort order: +
                        Map-reduce partition columns: _col0 (type: int)
                        Statistics: Num rows: 1 Data size: 4 Basic stats: COMPLETE Column stats: COMPLETE
            Execution mode: vectorized, llap
            LLAP IO: all inputs
        Map 7 
            Map Operator Tree:
                TableScan
                  alias: pi
                  filterExpr: id is not null (type: boolean)
                  Statistics: Num rows: 1 Data size: 4 Basic stats: COMPLETE Column stats: COMPLETE
                  Filter Operator
                    predicate: id is not null (type: boolean)
                    Statistics: Num rows: 1 Data size: 4 Basic stats: COMPLETE Column stats: COMPLETE
                    Select Operator
                      expressions: id (type: int)
                      outputColumnNames: _col0
                      Statistics: Num rows: 1 Data size: 4 Basic stats: COMPLETE Column stats: COMPLETE
                      Reduce Output Operator
                        key expressions: _col0 (type: int)
                        null sort order: z
                        sort order: +
                        Map-reduce partition columns: _col0 (type: int)
                        Statistics: Num rows: 1 Data size: 4 Basic stats: COMPLETE Column stats: COMPLETE
            Execution mode: vectorized, llap
            LLAP IO: all inputs
        Map 8 
            Map Operator Tree:
                TableScan
                  alias: fr
                  filterExpr: (loan_id = 4436) (type: boolean)
                  Statistics: Num rows: 1 Data size: 4 Basic stats: COMPLETE Column stats: COMPLETE
                  Filter Operator
                    predicate: (loan_id = 4436) (type: boolean)
                    Statistics: Num rows: 1 Data size: 4 Basic stats: COMPLETE Column stats: COMPLETE
                    Select Operator
                      Statistics: Num rows: 1 Data size: 8 Basic stats: COMPLETE Column stats: COMPLETE
                      Reduce Output Operator
                        null sort order: 
                        sort order: 
                        Statistics: Num rows: 1 Data size: 8 Basic stats: COMPLETE Column stats: COMPLETE
            Execution mode: vectorized, llap
            LLAP IO: all inputs
        Map 9 
            Map Operator Tree:
                TableScan
                  alias: acct
                  filterExpr: (brn is not null and aid is not null) (type: boolean)
                  Statistics: Num rows: 3 Data size: 28 Basic stats: COMPLETE Column stats: COMPLETE
                  Filter Operator
                    predicate: (brn is not null and aid is not null) (type: boolean)
                    Statistics: Num rows: 1 Data size: 12 Basic stats: COMPLETE Column stats: COMPLETE
                    Select Operator
                      expressions: aid (type: int), acc_n (type: int), brn (type: int)
                      outputColumnNames: _col0, _col1, _col2
                      Statistics: Num rows: 1 Data size: 12 Basic stats: COMPLETE Column stats: COMPLETE
                      Reduce Output Operator
                        null sort order: 
                        sort order: 
                        Statistics: Num rows: 1 Data size: 12 Basic stats: COMPLETE Column stats: COMPLETE
                        value expressions: _col0 (type: int), _col1 (type: int), _col2 (type: int)
            Execution mode: vectorized, llap
            LLAP IO: all inputs
        Reducer 10 
            Execution mode: llap
            Reduce Operator Tree:
              Merge Join Operator
                condition map:
                     Inner Join 0 to 1
                keys:
                  0 
                  1 
                outputColumnNames: _col0, _col1, _col2
                Statistics: Num rows: 1 Data size: 12 Basic stats: COMPLETE Column stats: COMPLETE
                Reduce Output Operator
                  key expressions: _col0 (type: int)
                  null sort order: z
                  sort order: +
                  Map-reduce partition columns: _col0 (type: int)
                  Statistics: Num rows: 1 Data size: 12 Basic stats: COMPLETE Column stats: COMPLETE
                  value expressions: _col1 (type: int), _col2 (type: int)
        Reducer 2 
            Execution mode: llap
            Reduce Operator Tree:
              Merge Join Operator
                condition map:
                     Inner Join 0 to 1
                keys:
                  0 _col0 (type: int)
                  1 _col0 (type: int)
                outputColumnNames: _col1, _col2
                Statistics: Num rows: 1 Data size: 8 Basic stats: COMPLETE Column stats: COMPLETE
                Reduce Output Operator
                  key expressions: _col1 (type: int)
                  null sort order: z
                  sort order: +
                  Map-reduce partition columns: _col1 (type: int)
                  Statistics: Num rows: 1 Data size: 8 Basic stats: COMPLETE Column stats: COMPLETE
                  value expressions: _col2 (type: int)
        Reducer 3 
            Execution mode: llap
            Reduce Operator Tree:
              Merge Join Operator
                condition map:
                     Inner Join 0 to 1
                keys:
                  0 _col1 (type: int)
                  1 _col0 (type: int)
                outputColumnNames: _col2
                Statistics: Num rows: 1 Data size: 4 Basic stats: COMPLETE Column stats: COMPLETE
                Reduce Output Operator
                  null sort order: 
                  sort order: 
                  Statistics: Num rows: 1 Data size: 4 Basic stats: COMPLETE Column stats: COMPLETE
                  value expressions: _col2 (type: int)
        Reducer 4 
            Execution mode: llap
            Reduce Operator Tree:
              Merge Join Operator
                condition map:
                     Inner Join 0 to 1
                keys:
                  0 
                  1 
                outputColumnNames: _col2
                Statistics: Num rows: 1 Data size: 4 Basic stats: COMPLETE Column stats: COMPLETE
                Reduce Output Operator
                  key expressions: _col2 (type: int)
                  null sort order: z
                  sort order: +
                  Map-reduce partition columns: _col2 (type: int)
                  Statistics: Num rows: 1 Data size: 4 Basic stats: COMPLETE Column stats: COMPLETE
        Reducer 5 
            Execution mode: llap
            Reduce Operator Tree:
              Merge Join Operator
                condition map:
                     Inner Join 0 to 1
                keys:
                  0 _col2 (type: int)
                  1 _col0 (type: int)
                outputColumnNames: _col6, _col7
                Statistics: Num rows: 1 Data size: 8 Basic stats: COMPLETE Column stats: COMPLETE
                Select Operator
                  expressions: _col6 (type: int), _col7 (type: int)
                  outputColumnNames: _col0, _col1
                  Statistics: Num rows: 1 Data size: 8 Basic stats: COMPLETE Column stats: COMPLETE
                  File Output Operator
                    compressed: false
                    Statistics: Num rows: 1 Data size: 8 Basic stats: COMPLETE Column stats: COMPLETE
                    table:
                        input format: org.apache.hadoop.mapred.SequenceFileInputFormat
                        output format: org.apache.hadoop.hive.ql.io.HiveSequenceFileOutputFormat
                        serde: org.apache.hadoop.hive.serde2.lazy.LazySimpleSerDe

  Stage: Stage-0
    Fetch Operator
      limit: -1
      Processor Tree:
        ListSink

Warning: Shuffle Join MERGEJOIN[86][tables = [$hdt$_0, $hdt$_1, $hdt$_2, $hdt$_3]] in Stage 'Reducer 4' is a cross product
Warning: Shuffle Join MERGEJOIN[87][tables = [$hdt$_4, $hdt$_5]] in Stage 'Reducer 10' is a cross product
PREHOOK: query: select
  acct.ACC_N,
  acct.brn
FROM L
JOIN LA_n11 ON L.id = LA_n11.loan_id
JOIN FR ON L.id = FR.loan_id
JOIN A_n11 ON LA_n11.aid = A_n11.id
JOIN PI ON PI.id = LA_n11.pi_id
JOIN acct ON A_n11.id = acct.aid
WHERE
  L.id = 4436
  and acct.brn is not null
PREHOOK: type: QUERY
PREHOOK: Input: default@a_n11
PREHOOK: Input: default@acct
PREHOOK: Input: default@fr
PREHOOK: Input: default@l
PREHOOK: Input: default@la_n11
PREHOOK: Input: default@pi
#### A masked pattern was here ####
POSTHOOK: query: select
  acct.ACC_N,
  acct.brn
FROM L
JOIN LA_n11 ON L.id = LA_n11.loan_id
JOIN FR ON L.id = FR.loan_id
JOIN A_n11 ON LA_n11.aid = A_n11.id
JOIN PI ON PI.id = LA_n11.pi_id
JOIN acct ON A_n11.id = acct.aid
WHERE
  L.id = 4436
  and acct.brn is not null
POSTHOOK: type: QUERY
POSTHOOK: Input: default@a_n11
POSTHOOK: Input: default@acct
POSTHOOK: Input: default@fr
POSTHOOK: Input: default@l
POSTHOOK: Input: default@la_n11
POSTHOOK: Input: default@pi
#### A masked pattern was here ####
10	122
