PREHOOK: query: CREATE TABLE ltable (index int, la int, lk1 string, lk2 string) ROW FORMAT DELIMITED FIELDS TERMINATED BY ','
PREHOOK: type: CREATETABLE
PREHOOK: Output: database:default
PREHOOK: Output: default@ltable
POSTHOOK: query: CREATE TABLE ltable (index int, la int, lk1 string, lk2 string) ROW FORMAT DELIMITED FIELDS TERMINATED BY ','
POSTHOOK: type: CREATETABLE
POSTHOOK: Output: database:default
POSTHOOK: Output: default@ltable
PREHOOK: query: CREATE TABLE rtable (ra int, rk1 string, rk2 string) ROW FORMAT DELIMITED FIELDS TERMINATED BY ','
PREHOOK: type: CREATETABLE
PREHOOK: Output: database:default
PREHOOK: Output: default@rtable
POSTHOOK: query: CREATE TABLE rtable (ra int, rk1 string, rk2 string) ROW FORMAT DELIMITED FIELDS TERMINATED BY ','
POSTHOOK: type: CREATETABLE
POSTHOOK: Output: database:default
POSTHOOK: Output: default@rtable
PREHOOK: query: insert into ltable values (1, null, 'CD5415192314304', '00071'), (2, null, 'CD5415192225530', '00071')
PREHOOK: type: QUERY
PREHOOK: Input: _dummy_database@_dummy_table
PREHOOK: Output: default@ltable
POSTHOOK: query: insert into ltable values (1, null, 'CD5415192314304', '00071'), (2, null, 'CD5415192225530', '00071')
POSTHOOK: type: QUERY
POSTHOOK: Input: _dummy_database@_dummy_table
POSTHOOK: Output: default@ltable
POSTHOOK: Lineage: ltable.index SCRIPT []
POSTHOOK: Lineage: ltable.la EXPRESSION []
POSTHOOK: Lineage: ltable.lk1 SCRIPT []
POSTHOOK: Lineage: ltable.lk2 SCRIPT []
PREHOOK: query: insert into rtable values (1, 'CD5415192314304', '00071'), (45, 'CD5415192314304', '00072')
PREHOOK: type: QUERY
PREHOOK: Input: _dummy_database@_dummy_table
PREHOOK: Output: default@rtable
POSTHOOK: query: insert into rtable values (1, 'CD5415192314304', '00071'), (45, 'CD5415192314304', '00072')
POSTHOOK: type: QUERY
POSTHOOK: Input: _dummy_database@_dummy_table
POSTHOOK: Output: default@rtable
POSTHOOK: Lineage: rtable.ra SCRIPT []
POSTHOOK: Lineage: rtable.rk1 SCRIPT []
POSTHOOK: Lineage: rtable.rk2 SCRIPT []
PREHOOK: query: EXPLAIN SELECT * FROM ltable l LEFT OUTER JOIN rtable r on (l.lk1 = r.rk1 AND l.lk2 = r.rk2) WHERE COALESCE(l.la,'EMPTY')=COALESCE(r.ra,'EMPTY')
PREHOOK: type: QUERY
PREHOOK: Input: default@ltable
PREHOOK: Input: default@rtable
#### A masked pattern was here ####
POSTHOOK: query: EXPLAIN SELECT * FROM ltable l LEFT OUTER JOIN rtable r on (l.lk1 = r.rk1 AND l.lk2 = r.rk2) WHERE COALESCE(l.la,'EMPTY')=COALESCE(r.ra,'EMPTY')
POSTHOOK: type: QUERY
POSTHOOK: Input: default@ltable
POSTHOOK: Input: default@rtable
#### A masked pattern was here ####
STAGE DEPENDENCIES:
  Stage-1 is a root stage
  Stage-0 depends on stages: Stage-1

STAGE PLANS:
  Stage: Stage-1
    Tez
#### A masked pattern was here ####
      Edges:
        Reducer 2 <- Map 1 (SIMPLE_EDGE), Map 3 (SIMPLE_EDGE)
#### A masked pattern was here ####
      Vertices:
        Map 1 
            Map Operator Tree:
                TableScan
                  alias: l
                  Statistics: Num rows: 2 Data size: 388 Basic stats: COMPLETE Column stats: COMPLETE
                  Select Operator
                    expressions: index (type: int), la (type: int), lk1 (type: string), lk2 (type: string)
                    outputColumnNames: _col0, _col1, _col2, _col3
                    Statistics: Num rows: 2 Data size: 388 Basic stats: COMPLETE Column stats: COMPLETE
                    Reduce Output Operator
                      key expressions: _col2 (type: string), _col3 (type: string)
                      null sort order: zz
                      sort order: ++
                      Map-reduce partition columns: _col2 (type: string), _col3 (type: string)
                      Statistics: Num rows: 2 Data size: 388 Basic stats: COMPLETE Column stats: COMPLETE
                      value expressions: _col0 (type: int), _col1 (type: int)
            Execution mode: vectorized, llap
            LLAP IO: all inputs
        Map 3 
            Map Operator Tree:
                TableScan
                  alias: r
                  filterExpr: (rk1 is not null and rk2 is not null) (type: boolean)
                  Statistics: Num rows: 2 Data size: 384 Basic stats: COMPLETE Column stats: COMPLETE
                  Filter Operator
                    predicate: (rk1 is not null and rk2 is not null) (type: boolean)
                    Statistics: Num rows: 2 Data size: 384 Basic stats: COMPLETE Column stats: COMPLETE
                    Select Operator
                      expressions: ra (type: int), rk1 (type: string), rk2 (type: string)
                      outputColumnNames: _col0, _col1, _col2
                      Statistics: Num rows: 2 Data size: 384 Basic stats: COMPLETE Column stats: COMPLETE
                      Reduce Output Operator
                        key expressions: _col1 (type: string), _col2 (type: string)
                        null sort order: zz
                        sort order: ++
                        Map-reduce partition columns: _col1 (type: string), _col2 (type: string)
                        Statistics: Num rows: 2 Data size: 384 Basic stats: COMPLETE Column stats: COMPLETE
                        value expressions: _col0 (type: int)
            Execution mode: vectorized, llap
            LLAP IO: all inputs
        Reducer 2 
            Execution mode: llap
            Reduce Operator Tree:
              Merge Join Operator
                condition map:
                     Left Outer Join 0 to 1
                keys:
                  0 _col2 (type: string), _col3 (type: string)
                  1 _col1 (type: string), _col2 (type: string)
                outputColumnNames: _col0, _col1, _col2, _col3, _col4, _col5, _col6
                Statistics: Num rows: 3 Data size: 1160 Basic stats: COMPLETE Column stats: COMPLETE
                Filter Operator
                  predicate: (if(_col1 is not null, CAST( _col1 AS STRING), 'EMPTY') = if(_col4 is not null, CAST( _col4 AS STRING), 'EMPTY')) (type: boolean)
                  Statistics: Num rows: 1 Data size: 388 Basic stats: COMPLETE Column stats: COMPLETE
                  File Output Operator
                    compressed: false
                    Statistics: Num rows: 1 Data size: 388 Basic stats: COMPLETE Column stats: COMPLETE
                    table:
                        input format: org.apache.hadoop.mapred.SequenceFileInputFormat
                        output format: org.apache.hadoop.hive.ql.io.HiveSequenceFileOutputFormat
                        serde: org.apache.hadoop.hive.serde2.lazy.LazySimpleSerDe

  Stage: Stage-0
    Fetch Operator
      limit: -1
      Processor Tree:
        ListSink

PREHOOK: query: SELECT * FROM ltable l LEFT OUTER JOIN rtable r on (l.lk1 = r.rk1 AND l.lk2 = r.rk2) WHERE COALESCE(l.la,'EMPTY')=COALESCE(r.ra,'EMPTY')
PREHOOK: type: QUERY
PREHOOK: Input: default@ltable
PREHOOK: Input: default@rtable
#### A masked pattern was here ####
POSTHOOK: query: SELECT * FROM ltable l LEFT OUTER JOIN rtable r on (l.lk1 = r.rk1 AND l.lk2 = r.rk2) WHERE COALESCE(l.la,'EMPTY')=COALESCE(r.ra,'EMPTY')
POSTHOOK: type: QUERY
POSTHOOK: Input: default@ltable
POSTHOOK: Input: default@rtable
#### A masked pattern was here ####
2	NULL	CD5415192225530	00071	NULL	NULL	NULL
PREHOOK: query: EXPLAIN SELECT * FROM ltable l LEFT OUTER JOIN rtable r on (l.lk1 = r.rk1 AND l.lk2 = r.rk2) WHERE COALESCE(l.la,'EMPTY')=COALESCE(r.ra,'EMPTY')
PREHOOK: type: QUERY
PREHOOK: Input: default@ltable
PREHOOK: Input: default@rtable
#### A masked pattern was here ####
POSTHOOK: query: EXPLAIN SELECT * FROM ltable l LEFT OUTER JOIN rtable r on (l.lk1 = r.rk1 AND l.lk2 = r.rk2) WHERE COALESCE(l.la,'EMPTY')=COALESCE(r.ra,'EMPTY')
POSTHOOK: type: QUERY
POSTHOOK: Input: default@ltable
POSTHOOK: Input: default@rtable
#### A masked pattern was here ####
STAGE DEPENDENCIES:
  Stage-1 is a root stage
  Stage-0 depends on stages: Stage-1

STAGE PLANS:
  Stage: Stage-1
    Tez
#### A masked pattern was here ####
      Edges:
        Map 1 <- Map 2 (BROADCAST_EDGE)
#### A masked pattern was here ####
      Vertices:
        Map 1 
            Map Operator Tree:
                TableScan
                  alias: l
                  Statistics: Num rows: 2 Data size: 388 Basic stats: COMPLETE Column stats: COMPLETE
                  Select Operator
                    expressions: index (type: int), la (type: int), lk1 (type: string), lk2 (type: string)
                    outputColumnNames: _col0, _col1, _col2, _col3
                    Statistics: Num rows: 2 Data size: 388 Basic stats: COMPLETE Column stats: COMPLETE
                    Map Join Operator
                      condition map:
                           Left Outer Join 0 to 1
                      keys:
                        0 _col2 (type: string), _col3 (type: string)
                        1 _col1 (type: string), _col2 (type: string)
                      outputColumnNames: _col0, _col1, _col2, _col3, _col4, _col5, _col6
                      input vertices:
                        1 Map 2
                      Statistics: Num rows: 3 Data size: 1160 Basic stats: COMPLETE Column stats: COMPLETE
                      Filter Operator
                        predicate: (if(_col1 is not null, CAST( _col1 AS STRING), 'EMPTY') = if(_col4 is not null, CAST( _col4 AS STRING), 'EMPTY')) (type: boolean)
                        Statistics: Num rows: 1 Data size: 388 Basic stats: COMPLETE Column stats: COMPLETE
                        File Output Operator
                          compressed: false
                          Statistics: Num rows: 1 Data size: 388 Basic stats: COMPLETE Column stats: COMPLETE
                          table:
                              input format: org.apache.hadoop.mapred.SequenceFileInputFormat
                              output format: org.apache.hadoop.hive.ql.io.HiveSequenceFileOutputFormat
                              serde: org.apache.hadoop.hive.serde2.lazy.LazySimpleSerDe
            Execution mode: vectorized, llap
            LLAP IO: all inputs
        Map 2 
            Map Operator Tree:
                TableScan
                  alias: r
                  filterExpr: (rk1 is not null and rk2 is not null) (type: boolean)
                  Statistics: Num rows: 2 Data size: 384 Basic stats: COMPLETE Column stats: COMPLETE
                  Filter Operator
                    predicate: (rk1 is not null and rk2 is not null) (type: boolean)
                    Statistics: Num rows: 2 Data size: 384 Basic stats: COMPLETE Column stats: COMPLETE
                    Select Operator
                      expressions: ra (type: int), rk1 (type: string), rk2 (type: string)
                      outputColumnNames: _col0, _col1, _col2
                      Statistics: Num rows: 2 Data size: 384 Basic stats: COMPLETE Column stats: COMPLETE
                      Reduce Output Operator
                        key expressions: _col1 (type: string), _col2 (type: string)
                        null sort order: zz
                        sort order: ++
                        Map-reduce partition columns: _col1 (type: string), _col2 (type: string)
                        Statistics: Num rows: 2 Data size: 384 Basic stats: COMPLETE Column stats: COMPLETE
                        value expressions: _col0 (type: int)
            Execution mode: vectorized, llap
            LLAP IO: all inputs

  Stage: Stage-0
    Fetch Operator
      limit: -1
      Processor Tree:
        ListSink

PREHOOK: query: SELECT * FROM ltable l LEFT OUTER JOIN rtable r on (l.lk1 = r.rk1 AND l.lk2 = r.rk2) WHERE COALESCE(l.la,'EMPTY')=COALESCE(r.ra,'EMPTY')
PREHOOK: type: QUERY
PREHOOK: Input: default@ltable
PREHOOK: Input: default@rtable
#### A masked pattern was here ####
POSTHOOK: query: SELECT * FROM ltable l LEFT OUTER JOIN rtable r on (l.lk1 = r.rk1 AND l.lk2 = r.rk2) WHERE COALESCE(l.la,'EMPTY')=COALESCE(r.ra,'EMPTY')
POSTHOOK: type: QUERY
POSTHOOK: Input: default@ltable
POSTHOOK: Input: default@rtable
#### A masked pattern was here ####
2	NULL	CD5415192225530	00071	NULL	NULL	NULL
