PREHOOK: query: create table supplier_nostats (S_SUPPKEY INT, S_NAME STRING, S_ADDRESS STRING, S_NATIONKEY INT,
S_PHONE STRING, S_ACCTBAL DOUBLE, S_COMMENT STRING)
PREHOOK: type: CREATETABLE
PREHOOK: Output: database:default
PREHOOK: Output: default@supplier_nostats
POSTHOOK: query: create table supplier_nostats (S_SUPPKEY INT, S_NAME STRING, S_ADDRESS STRING, S_NATIONKEY INT,
S_PHONE STRING, S_ACCTBAL DOUBLE, S_COMMENT STRING)
POSTHOOK: type: CREATETABLE
POSTHOOK: Output: database:default
POSTHOOK: Output: default@supplier_nostats
PREHOOK: query: CREATE TABLE lineitem_nostats (L_ORDERKEY      INT,
                                L_PARTKEY       INT,
                                L_SUPPKEY       INT,
                                L_LINENUMBER    INT,
                                L_QUANTITY      DOUBLE,
                                L_EXTENDEDPRICE DOUBLE,
                                L_DISCOUNT      DOUBLE,
                                L_TAX           DOUBLE,
                                L_RETURNFLAG    STRING,
                                L_LINESTATUS    STRING,
                                l_shipdate      STRING,
                                L_COMMITDATE    STRING,
                                L_RECEIPTDATE   STRING,
                                L_SHIPINSTRUCT  STRING,
                                L_SHIPMODE      STRING,
                                L_COMMENT       STRING)
ROW FORMAT DELIMITED
FIELDS TERMINATED BY '|'
PREHOOK: type: CREATETABLE
PREHOOK: Output: database:default
PREHOOK: Output: default@lineitem_nostats
POSTHOOK: query: CREATE TABLE lineitem_nostats (L_ORDERKEY      INT,
                                L_PARTKEY       INT,
                                L_SUPPKEY       INT,
                                L_LINENUMBER    INT,
                                L_QUANTITY      DOUBLE,
                                L_EXTENDEDPRICE DOUBLE,
                                L_DISCOUNT      DOUBLE,
                                L_TAX           DOUBLE,
                                L_RETURNFLAG    STRING,
                                L_LINESTATUS    STRING,
                                l_shipdate      STRING,
                                L_COMMITDATE    STRING,
                                L_RECEIPTDATE   STRING,
                                L_SHIPINSTRUCT  STRING,
                                L_SHIPMODE      STRING,
                                L_COMMENT       STRING)
ROW FORMAT DELIMITED
FIELDS TERMINATED BY '|'
POSTHOOK: type: CREATETABLE
POSTHOOK: Output: database:default
POSTHOOK: Output: default@lineitem_nostats
PREHOOK: query: CREATE TABLE part_nostats(
    p_partkey INT,
    p_name STRING,
    p_mfgr STRING,
    p_brand STRING,
    p_type STRING,
    p_size INT,
    p_container STRING,
    p_retailprice DOUBLE,
    p_comment STRING
)
PREHOOK: type: CREATETABLE
PREHOOK: Output: database:default
PREHOOK: Output: default@part_nostats
POSTHOOK: query: CREATE TABLE part_nostats(
    p_partkey INT,
    p_name STRING,
    p_mfgr STRING,
    p_brand STRING,
    p_type STRING,
    p_size INT,
    p_container STRING,
    p_retailprice DOUBLE,
    p_comment STRING
)
POSTHOOK: type: CREATETABLE
POSTHOOK: Output: database:default
POSTHOOK: Output: default@part_nostats
PREHOOK: query: explain select count(1) from part_nostats,supplier_nostats,lineitem_nostats where p_partkey = l_partkey and s_suppkey = l_suppkey
PREHOOK: type: QUERY
POSTHOOK: query: explain select count(1) from part_nostats,supplier_nostats,lineitem_nostats where p_partkey = l_partkey and s_suppkey = l_suppkey
POSTHOOK: type: QUERY
STAGE DEPENDENCIES:
  Stage-1 is a root stage
  Stage-0 depends on stages: Stage-1

STAGE PLANS:
  Stage: Stage-1
    Tez
#### A masked pattern was here ####
      Edges:
        Reducer 2 <- Map 1 (SIMPLE_EDGE), Map 5 (SIMPLE_EDGE)
        Reducer 3 <- Map 6 (SIMPLE_EDGE), Reducer 2 (SIMPLE_EDGE)
        Reducer 4 <- Reducer 3 (CUSTOM_SIMPLE_EDGE)
#### A masked pattern was here ####
      Vertices:
        Map 1 
            Map Operator Tree:
                TableScan
                  alias: lineitem_nostats
                  Statistics: Num rows: 1 Data size: 8 Basic stats: COMPLETE Column stats: NONE
                  Filter Operator
                    predicate: (l_partkey is not null and l_suppkey is not null) (type: boolean)
                    Statistics: Num rows: 1 Data size: 8 Basic stats: COMPLETE Column stats: NONE
                    Select Operator
                      expressions: l_partkey (type: int), l_suppkey (type: int)
                      outputColumnNames: _col0, _col1
                      Statistics: Num rows: 1 Data size: 8 Basic stats: COMPLETE Column stats: NONE
                      Reduce Output Operator
                        key expressions: _col0 (type: int)
                        sort order: +
                        Map-reduce partition columns: _col0 (type: int)
                        Statistics: Num rows: 1 Data size: 8 Basic stats: COMPLETE Column stats: NONE
                        value expressions: _col1 (type: int)
            Execution mode: vectorized, llap
            LLAP IO: no inputs
        Map 5 
            Map Operator Tree:
                TableScan
                  alias: part_nostats
                  Statistics: Num rows: 1 Data size: 4 Basic stats: COMPLETE Column stats: NONE
                  Filter Operator
                    predicate: p_partkey is not null (type: boolean)
                    Statistics: Num rows: 1 Data size: 4 Basic stats: COMPLETE Column stats: NONE
                    Select Operator
                      expressions: p_partkey (type: int)
                      outputColumnNames: _col0
                      Statistics: Num rows: 1 Data size: 4 Basic stats: COMPLETE Column stats: NONE
                      Reduce Output Operator
                        key expressions: _col0 (type: int)
                        sort order: +
                        Map-reduce partition columns: _col0 (type: int)
                        Statistics: Num rows: 1 Data size: 4 Basic stats: COMPLETE Column stats: NONE
            Execution mode: vectorized, llap
            LLAP IO: no inputs
        Map 6 
            Map Operator Tree:
                TableScan
                  alias: supplier_nostats
                  Statistics: Num rows: 1 Data size: 4 Basic stats: COMPLETE Column stats: NONE
                  Filter Operator
                    predicate: s_suppkey is not null (type: boolean)
                    Statistics: Num rows: 1 Data size: 4 Basic stats: COMPLETE Column stats: NONE
                    Select Operator
                      expressions: s_suppkey (type: int)
                      outputColumnNames: _col0
                      Statistics: Num rows: 1 Data size: 4 Basic stats: COMPLETE Column stats: NONE
                      Reduce Output Operator
                        key expressions: _col0 (type: int)
                        sort order: +
                        Map-reduce partition columns: _col0 (type: int)
                        Statistics: Num rows: 1 Data size: 4 Basic stats: COMPLETE Column stats: NONE
            Execution mode: vectorized, llap
            LLAP IO: no inputs
        Reducer 2 
            Execution mode: llap
            Reduce Operator Tree:
              Merge Join Operator
                condition map:
                     Inner Join 0 to 1
                keys:
                  0 _col0 (type: int)
                  1 _col0 (type: int)
                outputColumnNames: _col1
                Statistics: Num rows: 1 Data size: 8 Basic stats: COMPLETE Column stats: NONE
                Reduce Output Operator
                  key expressions: _col1 (type: int)
                  sort order: +
                  Map-reduce partition columns: _col1 (type: int)
                  Statistics: Num rows: 1 Data size: 8 Basic stats: COMPLETE Column stats: NONE
        Reducer 3 
            Execution mode: llap
            Reduce Operator Tree:
              Merge Join Operator
                condition map:
                     Inner Join 0 to 1
                keys:
                  0 _col1 (type: int)
                  1 _col0 (type: int)
                Statistics: Num rows: 1 Data size: 8 Basic stats: COMPLETE Column stats: NONE
                Group By Operator
                  aggregations: count()
                  mode: hash
                  outputColumnNames: _col0
                  Statistics: Num rows: 1 Data size: 8 Basic stats: COMPLETE Column stats: NONE
                  Reduce Output Operator
                    sort order: 
                    Statistics: Num rows: 1 Data size: 8 Basic stats: COMPLETE Column stats: NONE
                    value expressions: _col0 (type: bigint)
        Reducer 4 
            Execution mode: vectorized, llap
            Reduce Operator Tree:
              Group By Operator
                aggregations: count(VALUE._col0)
                mode: mergepartial
                outputColumnNames: _col0
                Statistics: Num rows: 1 Data size: 8 Basic stats: COMPLETE Column stats: NONE
                File Output Operator
                  compressed: false
                  Statistics: Num rows: 1 Data size: 8 Basic stats: COMPLETE Column stats: NONE
                  table:
                      input format: org.apache.hadoop.mapred.SequenceFileInputFormat
                      output format: org.apache.hadoop.hive.ql.io.HiveSequenceFileOutputFormat
                      serde: org.apache.hadoop.hive.serde2.lazy.LazySimpleSerDe

  Stage: Stage-0
    Fetch Operator
      limit: -1
      Processor Tree:
        ListSink

PREHOOK: query: explain select count(1) from part_nostats,supplier_nostats,lineitem_nostats where p_partkey = l_partkey and s_suppkey = l_suppkey
PREHOOK: type: QUERY
POSTHOOK: query: explain select count(1) from part_nostats,supplier_nostats,lineitem_nostats where p_partkey = l_partkey and s_suppkey = l_suppkey
POSTHOOK: type: QUERY
STAGE DEPENDENCIES:
  Stage-1 is a root stage
  Stage-0 depends on stages: Stage-1

STAGE PLANS:
  Stage: Stage-1
    Tez
#### A masked pattern was here ####
      Edges:
        Reducer 2 <- Map 1 (SIMPLE_EDGE), Map 5 (SIMPLE_EDGE)
        Reducer 3 <- Map 6 (SIMPLE_EDGE), Reducer 2 (SIMPLE_EDGE)
        Reducer 4 <- Reducer 3 (CUSTOM_SIMPLE_EDGE)
#### A masked pattern was here ####
      Vertices:
        Map 1 
            Map Operator Tree:
                TableScan
                  alias: lineitem_nostats
                  Statistics: Num rows: 1 Data size: 8 Basic stats: COMPLETE Column stats: NONE
                  Filter Operator
                    predicate: (l_partkey is not null and l_suppkey is not null) (type: boolean)
                    Statistics: Num rows: 1 Data size: 8 Basic stats: COMPLETE Column stats: NONE
                    Select Operator
                      expressions: l_partkey (type: int), l_suppkey (type: int)
                      outputColumnNames: _col0, _col1
                      Statistics: Num rows: 1 Data size: 8 Basic stats: COMPLETE Column stats: NONE
                      Reduce Output Operator
                        key expressions: _col0 (type: int)
                        sort order: +
                        Map-reduce partition columns: _col0 (type: int)
                        Statistics: Num rows: 1 Data size: 8 Basic stats: COMPLETE Column stats: NONE
                        value expressions: _col1 (type: int)
            Execution mode: vectorized, llap
            LLAP IO: no inputs
        Map 5 
            Map Operator Tree:
                TableScan
                  alias: part_nostats
                  Statistics: Num rows: 1 Data size: 4 Basic stats: COMPLETE Column stats: NONE
                  Filter Operator
                    predicate: p_partkey is not null (type: boolean)
                    Statistics: Num rows: 1 Data size: 4 Basic stats: COMPLETE Column stats: NONE
                    Select Operator
                      expressions: p_partkey (type: int)
                      outputColumnNames: _col0
                      Statistics: Num rows: 1 Data size: 4 Basic stats: COMPLETE Column stats: NONE
                      Reduce Output Operator
                        key expressions: _col0 (type: int)
                        sort order: +
                        Map-reduce partition columns: _col0 (type: int)
                        Statistics: Num rows: 1 Data size: 4 Basic stats: COMPLETE Column stats: NONE
            Execution mode: vectorized, llap
            LLAP IO: no inputs
        Map 6 
            Map Operator Tree:
                TableScan
                  alias: supplier_nostats
                  Statistics: Num rows: 1 Data size: 4 Basic stats: COMPLETE Column stats: NONE
                  Filter Operator
                    predicate: s_suppkey is not null (type: boolean)
                    Statistics: Num rows: 1 Data size: 4 Basic stats: COMPLETE Column stats: NONE
                    Select Operator
                      expressions: s_suppkey (type: int)
                      outputColumnNames: _col0
                      Statistics: Num rows: 1 Data size: 4 Basic stats: COMPLETE Column stats: NONE
                      Reduce Output Operator
                        key expressions: _col0 (type: int)
                        sort order: +
                        Map-reduce partition columns: _col0 (type: int)
                        Statistics: Num rows: 1 Data size: 4 Basic stats: COMPLETE Column stats: NONE
            Execution mode: vectorized, llap
            LLAP IO: no inputs
        Reducer 2 
            Execution mode: llap
            Reduce Operator Tree:
              Merge Join Operator
                condition map:
                     Inner Join 0 to 1
                keys:
                  0 _col0 (type: int)
                  1 _col0 (type: int)
                outputColumnNames: _col1
                Statistics: Num rows: 1 Data size: 8 Basic stats: COMPLETE Column stats: NONE
                Reduce Output Operator
                  key expressions: _col1 (type: int)
                  sort order: +
                  Map-reduce partition columns: _col1 (type: int)
                  Statistics: Num rows: 1 Data size: 8 Basic stats: COMPLETE Column stats: NONE
        Reducer 3 
            Execution mode: llap
            Reduce Operator Tree:
              Merge Join Operator
                condition map:
                     Inner Join 0 to 1
                keys:
                  0 _col1 (type: int)
                  1 _col0 (type: int)
                Statistics: Num rows: 1 Data size: 8 Basic stats: COMPLETE Column stats: NONE
                Group By Operator
                  aggregations: count()
                  mode: hash
                  outputColumnNames: _col0
                  Statistics: Num rows: 1 Data size: 8 Basic stats: COMPLETE Column stats: NONE
                  Reduce Output Operator
                    sort order: 
                    Statistics: Num rows: 1 Data size: 8 Basic stats: COMPLETE Column stats: NONE
                    value expressions: _col0 (type: bigint)
        Reducer 4 
            Execution mode: vectorized, llap
            Reduce Operator Tree:
              Group By Operator
                aggregations: count(VALUE._col0)
                mode: mergepartial
                outputColumnNames: _col0
                Statistics: Num rows: 1 Data size: 8 Basic stats: COMPLETE Column stats: NONE
                File Output Operator
                  compressed: false
                  Statistics: Num rows: 1 Data size: 8 Basic stats: COMPLETE Column stats: NONE
                  table:
                      input format: org.apache.hadoop.mapred.SequenceFileInputFormat
                      output format: org.apache.hadoop.hive.ql.io.HiveSequenceFileOutputFormat
                      serde: org.apache.hadoop.hive.serde2.lazy.LazySimpleSerDe

  Stage: Stage-0
    Fetch Operator
      limit: -1
      Processor Tree:
        ListSink

PREHOOK: query: CREATE TABLE Employee_Part_n1(employeeID int, employeeName String) partitioned by (employeeSalary double, country string)
row format delimited fields terminated by '|'  stored as textfile
PREHOOK: type: CREATETABLE
PREHOOK: Output: database:default
PREHOOK: Output: default@Employee_Part_n1
POSTHOOK: query: CREATE TABLE Employee_Part_n1(employeeID int, employeeName String) partitioned by (employeeSalary double, country string)
row format delimited fields terminated by '|'  stored as textfile
POSTHOOK: type: CREATETABLE
POSTHOOK: Output: database:default
POSTHOOK: Output: default@Employee_Part_n1
PREHOOK: query: LOAD DATA LOCAL INPATH "../../data/files/employee.dat"  INTO TABLE Employee_Part_n1 partition(employeeSalary='2000.0', country='USA')
PREHOOK: type: LOAD
#### A masked pattern was here ####
PREHOOK: Output: default@employee_part_n1
POSTHOOK: query: LOAD DATA LOCAL INPATH "../../data/files/employee.dat"  INTO TABLE Employee_Part_n1 partition(employeeSalary='2000.0', country='USA')
POSTHOOK: type: LOAD
#### A masked pattern was here ####
POSTHOOK: Output: default@employee_part_n1
POSTHOOK: Output: default@employee_part_n1@employeesalary=2000.0/country=USA
PREHOOK: query: LOAD DATA LOCAL INPATH "../../data/files/employee2.dat" INTO TABLE Employee_Part_n1 partition(employeeSalary='2000.0', country='UK')
PREHOOK: type: LOAD
#### A masked pattern was here ####
PREHOOK: Output: default@employee_part_n1
POSTHOOK: query: LOAD DATA LOCAL INPATH "../../data/files/employee2.dat" INTO TABLE Employee_Part_n1 partition(employeeSalary='2000.0', country='UK')
POSTHOOK: type: LOAD
#### A masked pattern was here ####
POSTHOOK: Output: default@employee_part_n1
POSTHOOK: Output: default@employee_part_n1@employeesalary=2000.0/country=UK
PREHOOK: query: LOAD DATA LOCAL INPATH "../../data/files/employee2.dat" INTO TABLE Employee_Part_n1 partition(employeeSalary='3000.0', country='USA')
PREHOOK: type: LOAD
#### A masked pattern was here ####
PREHOOK: Output: default@employee_part_n1
POSTHOOK: query: LOAD DATA LOCAL INPATH "../../data/files/employee2.dat" INTO TABLE Employee_Part_n1 partition(employeeSalary='3000.0', country='USA')
POSTHOOK: type: LOAD
#### A masked pattern was here ####
POSTHOOK: Output: default@employee_part_n1
POSTHOOK: Output: default@employee_part_n1@employeesalary=3000.0/country=USA
PREHOOK: query: LOAD DATA LOCAL INPATH "../../data/files/employee2.dat" INTO TABLE Employee_Part_n1 partition(employeeSalary='4000.0', country='USA')
PREHOOK: type: LOAD
#### A masked pattern was here ####
PREHOOK: Output: default@employee_part_n1
POSTHOOK: query: LOAD DATA LOCAL INPATH "../../data/files/employee2.dat" INTO TABLE Employee_Part_n1 partition(employeeSalary='4000.0', country='USA')
POSTHOOK: type: LOAD
#### A masked pattern was here ####
POSTHOOK: Output: default@employee_part_n1
POSTHOOK: Output: default@employee_part_n1@employeesalary=4000.0/country=USA
PREHOOK: query: LOAD DATA LOCAL INPATH "../../data/files/employee2.dat" INTO TABLE Employee_Part_n1 partition(employeeSalary='3500.0', country='UK')
PREHOOK: type: LOAD
#### A masked pattern was here ####
PREHOOK: Output: default@employee_part_n1
POSTHOOK: query: LOAD DATA LOCAL INPATH "../../data/files/employee2.dat" INTO TABLE Employee_Part_n1 partition(employeeSalary='3500.0', country='UK')
POSTHOOK: type: LOAD
#### A masked pattern was here ####
POSTHOOK: Output: default@employee_part_n1
POSTHOOK: Output: default@employee_part_n1@employeesalary=3500.0/country=UK
PREHOOK: query: LOAD DATA LOCAL INPATH "../../data/files/employee.dat"  INTO TABLE Employee_Part_n1 partition(employeeSalary='3000.0', country='UK')
PREHOOK: type: LOAD
#### A masked pattern was here ####
PREHOOK: Output: default@employee_part_n1
POSTHOOK: query: LOAD DATA LOCAL INPATH "../../data/files/employee.dat"  INTO TABLE Employee_Part_n1 partition(employeeSalary='3000.0', country='UK')
POSTHOOK: type: LOAD
#### A masked pattern was here ####
POSTHOOK: Output: default@employee_part_n1
POSTHOOK: Output: default@employee_part_n1@employeesalary=3000.0/country=UK
PREHOOK: query: explain select count(1) from Employee_Part_n1,supplier_nostats,lineitem_nostats where employeeID= l_partkey and s_suppkey = l_suppkey
PREHOOK: type: QUERY
POSTHOOK: query: explain select count(1) from Employee_Part_n1,supplier_nostats,lineitem_nostats where employeeID= l_partkey and s_suppkey = l_suppkey
POSTHOOK: type: QUERY
STAGE DEPENDENCIES:
  Stage-1 is a root stage
  Stage-0 depends on stages: Stage-1

STAGE PLANS:
  Stage: Stage-1
    Tez
#### A masked pattern was here ####
      Edges:
        Reducer 2 <- Map 1 (SIMPLE_EDGE), Map 5 (SIMPLE_EDGE)
        Reducer 3 <- Map 6 (SIMPLE_EDGE), Reducer 2 (SIMPLE_EDGE)
        Reducer 4 <- Reducer 3 (CUSTOM_SIMPLE_EDGE)
#### A masked pattern was here ####
      Vertices:
        Map 1 
            Map Operator Tree:
                TableScan
                  alias: lineitem_nostats
                  Statistics: Num rows: 1 Data size: 8 Basic stats: COMPLETE Column stats: NONE
                  Filter Operator
                    predicate: (l_partkey is not null and l_suppkey is not null) (type: boolean)
                    Statistics: Num rows: 1 Data size: 8 Basic stats: COMPLETE Column stats: NONE
                    Select Operator
                      expressions: l_partkey (type: int), l_suppkey (type: int)
                      outputColumnNames: _col0, _col1
                      Statistics: Num rows: 1 Data size: 8 Basic stats: COMPLETE Column stats: NONE
                      Reduce Output Operator
                        key expressions: _col1 (type: int)
                        sort order: +
                        Map-reduce partition columns: _col1 (type: int)
                        Statistics: Num rows: 1 Data size: 8 Basic stats: COMPLETE Column stats: NONE
                        value expressions: _col0 (type: int)
            Execution mode: vectorized, llap
            LLAP IO: no inputs
        Map 5 
            Map Operator Tree:
                TableScan
                  alias: supplier_nostats
                  Statistics: Num rows: 1 Data size: 4 Basic stats: COMPLETE Column stats: NONE
                  Filter Operator
                    predicate: s_suppkey is not null (type: boolean)
                    Statistics: Num rows: 1 Data size: 4 Basic stats: COMPLETE Column stats: NONE
                    Select Operator
                      expressions: s_suppkey (type: int)
                      outputColumnNames: _col0
                      Statistics: Num rows: 1 Data size: 4 Basic stats: COMPLETE Column stats: NONE
                      Reduce Output Operator
                        key expressions: _col0 (type: int)
                        sort order: +
                        Map-reduce partition columns: _col0 (type: int)
                        Statistics: Num rows: 1 Data size: 4 Basic stats: COMPLETE Column stats: NONE
            Execution mode: vectorized, llap
            LLAP IO: no inputs
        Map 6 
            Map Operator Tree:
                TableScan
                  alias: employee_part_n1
                  Statistics: Num rows: 8 Data size: 28 Basic stats: COMPLETE Column stats: NONE
                  Filter Operator
                    predicate: employeeid is not null (type: boolean)
                    Statistics: Num rows: 6 Data size: 21 Basic stats: COMPLETE Column stats: NONE
                    Select Operator
                      expressions: employeeid (type: int)
                      outputColumnNames: _col0
                      Statistics: Num rows: 6 Data size: 21 Basic stats: COMPLETE Column stats: NONE
                      Reduce Output Operator
                        key expressions: _col0 (type: int)
                        sort order: +
                        Map-reduce partition columns: _col0 (type: int)
                        Statistics: Num rows: 6 Data size: 21 Basic stats: COMPLETE Column stats: NONE
            Execution mode: vectorized, llap
            LLAP IO: no inputs
        Reducer 2 
            Execution mode: llap
            Reduce Operator Tree:
              Merge Join Operator
                condition map:
                     Inner Join 0 to 1
                keys:
                  0 _col1 (type: int)
                  1 _col0 (type: int)
                outputColumnNames: _col0
                Statistics: Num rows: 1 Data size: 8 Basic stats: COMPLETE Column stats: NONE
                Reduce Output Operator
                  key expressions: _col0 (type: int)
                  sort order: +
                  Map-reduce partition columns: _col0 (type: int)
                  Statistics: Num rows: 1 Data size: 8 Basic stats: COMPLETE Column stats: NONE
        Reducer 3 
            Execution mode: llap
            Reduce Operator Tree:
              Merge Join Operator
                condition map:
                     Inner Join 0 to 1
                keys:
                  0 _col0 (type: int)
                  1 _col0 (type: int)
                Statistics: Num rows: 6 Data size: 23 Basic stats: COMPLETE Column stats: NONE
                Group By Operator
                  aggregations: count()
                  mode: hash
                  outputColumnNames: _col0
                  Statistics: Num rows: 1 Data size: 8 Basic stats: COMPLETE Column stats: NONE
                  Reduce Output Operator
                    sort order: 
                    Statistics: Num rows: 1 Data size: 8 Basic stats: COMPLETE Column stats: NONE
                    value expressions: _col0 (type: bigint)
        Reducer 4 
            Execution mode: vectorized, llap
            Reduce Operator Tree:
              Group By Operator
                aggregations: count(VALUE._col0)
                mode: mergepartial
                outputColumnNames: _col0
                Statistics: Num rows: 1 Data size: 8 Basic stats: COMPLETE Column stats: NONE
                File Output Operator
                  compressed: false
                  Statistics: Num rows: 1 Data size: 8 Basic stats: COMPLETE Column stats: NONE
                  table:
                      input format: org.apache.hadoop.mapred.SequenceFileInputFormat
                      output format: org.apache.hadoop.hive.ql.io.HiveSequenceFileOutputFormat
                      serde: org.apache.hadoop.hive.serde2.lazy.LazySimpleSerDe

  Stage: Stage-0
    Fetch Operator
      limit: -1
      Processor Tree:
        ListSink

PREHOOK: query: explain select count(1) from Employee_Part_n1,supplier_nostats,lineitem_nostats where employeeID= l_partkey and s_suppkey = l_suppkey
PREHOOK: type: QUERY
POSTHOOK: query: explain select count(1) from Employee_Part_n1,supplier_nostats,lineitem_nostats where employeeID= l_partkey and s_suppkey = l_suppkey
POSTHOOK: type: QUERY
STAGE DEPENDENCIES:
  Stage-1 is a root stage
  Stage-0 depends on stages: Stage-1

STAGE PLANS:
  Stage: Stage-1
    Tez
#### A masked pattern was here ####
      Edges:
        Reducer 2 <- Map 1 (SIMPLE_EDGE), Map 5 (SIMPLE_EDGE)
        Reducer 3 <- Map 6 (SIMPLE_EDGE), Reducer 2 (SIMPLE_EDGE)
        Reducer 4 <- Reducer 3 (CUSTOM_SIMPLE_EDGE)
#### A masked pattern was here ####
      Vertices:
        Map 1 
            Map Operator Tree:
                TableScan
                  alias: lineitem_nostats
                  Statistics: Num rows: 1 Data size: 8 Basic stats: COMPLETE Column stats: NONE
                  Filter Operator
                    predicate: (l_partkey is not null and l_suppkey is not null) (type: boolean)
                    Statistics: Num rows: 1 Data size: 8 Basic stats: COMPLETE Column stats: NONE
                    Select Operator
                      expressions: l_partkey (type: int), l_suppkey (type: int)
                      outputColumnNames: _col0, _col1
                      Statistics: Num rows: 1 Data size: 8 Basic stats: COMPLETE Column stats: NONE
                      Reduce Output Operator
                        key expressions: _col1 (type: int)
                        sort order: +
                        Map-reduce partition columns: _col1 (type: int)
                        Statistics: Num rows: 1 Data size: 8 Basic stats: COMPLETE Column stats: NONE
                        value expressions: _col0 (type: int)
            Execution mode: vectorized, llap
            LLAP IO: no inputs
        Map 5 
            Map Operator Tree:
                TableScan
                  alias: supplier_nostats
                  Statistics: Num rows: 1 Data size: 4 Basic stats: COMPLETE Column stats: NONE
                  Filter Operator
                    predicate: s_suppkey is not null (type: boolean)
                    Statistics: Num rows: 1 Data size: 4 Basic stats: COMPLETE Column stats: NONE
                    Select Operator
                      expressions: s_suppkey (type: int)
                      outputColumnNames: _col0
                      Statistics: Num rows: 1 Data size: 4 Basic stats: COMPLETE Column stats: NONE
                      Reduce Output Operator
                        key expressions: _col0 (type: int)
                        sort order: +
                        Map-reduce partition columns: _col0 (type: int)
                        Statistics: Num rows: 1 Data size: 4 Basic stats: COMPLETE Column stats: NONE
            Execution mode: vectorized, llap
            LLAP IO: no inputs
        Map 6 
            Map Operator Tree:
                TableScan
                  alias: employee_part_n1
                  Statistics: Num rows: 8 Data size: 28 Basic stats: COMPLETE Column stats: NONE
                  Filter Operator
                    predicate: employeeid is not null (type: boolean)
                    Statistics: Num rows: 6 Data size: 21 Basic stats: COMPLETE Column stats: NONE
                    Select Operator
                      expressions: employeeid (type: int)
                      outputColumnNames: _col0
                      Statistics: Num rows: 6 Data size: 21 Basic stats: COMPLETE Column stats: NONE
                      Reduce Output Operator
                        key expressions: _col0 (type: int)
                        sort order: +
                        Map-reduce partition columns: _col0 (type: int)
                        Statistics: Num rows: 6 Data size: 21 Basic stats: COMPLETE Column stats: NONE
            Execution mode: vectorized, llap
            LLAP IO: no inputs
        Reducer 2 
            Execution mode: llap
            Reduce Operator Tree:
              Merge Join Operator
                condition map:
                     Inner Join 0 to 1
                keys:
                  0 _col1 (type: int)
                  1 _col0 (type: int)
                outputColumnNames: _col0
                Statistics: Num rows: 1 Data size: 8 Basic stats: COMPLETE Column stats: NONE
                Reduce Output Operator
                  key expressions: _col0 (type: int)
                  sort order: +
                  Map-reduce partition columns: _col0 (type: int)
                  Statistics: Num rows: 1 Data size: 8 Basic stats: COMPLETE Column stats: NONE
        Reducer 3 
            Execution mode: llap
            Reduce Operator Tree:
              Merge Join Operator
                condition map:
                     Inner Join 0 to 1
                keys:
                  0 _col0 (type: int)
                  1 _col0 (type: int)
                Statistics: Num rows: 6 Data size: 23 Basic stats: COMPLETE Column stats: NONE
                Group By Operator
                  aggregations: count()
                  mode: hash
                  outputColumnNames: _col0
                  Statistics: Num rows: 1 Data size: 8 Basic stats: COMPLETE Column stats: NONE
                  Reduce Output Operator
                    sort order: 
                    Statistics: Num rows: 1 Data size: 8 Basic stats: COMPLETE Column stats: NONE
                    value expressions: _col0 (type: bigint)
        Reducer 4 
            Execution mode: vectorized, llap
            Reduce Operator Tree:
              Group By Operator
                aggregations: count(VALUE._col0)
                mode: mergepartial
                outputColumnNames: _col0
                Statistics: Num rows: 1 Data size: 8 Basic stats: COMPLETE Column stats: NONE
                File Output Operator
                  compressed: false
                  Statistics: Num rows: 1 Data size: 8 Basic stats: COMPLETE Column stats: NONE
                  table:
                      input format: org.apache.hadoop.mapred.SequenceFileInputFormat
                      output format: org.apache.hadoop.hive.ql.io.HiveSequenceFileOutputFormat
                      serde: org.apache.hadoop.hive.serde2.lazy.LazySimpleSerDe

  Stage: Stage-0
    Fetch Operator
      limit: -1
      Processor Tree:
        ListSink

PREHOOK: query: drop table Employee_Part_n1
PREHOOK: type: DROPTABLE
PREHOOK: Input: default@employee_part_n1
PREHOOK: Output: default@employee_part_n1
POSTHOOK: query: drop table Employee_Part_n1
POSTHOOK: type: DROPTABLE
POSTHOOK: Input: default@employee_part_n1
POSTHOOK: Output: default@employee_part_n1
PREHOOK: query: drop table supplier_nostats
PREHOOK: type: DROPTABLE
PREHOOK: Input: default@supplier_nostats
PREHOOK: Output: default@supplier_nostats
POSTHOOK: query: drop table supplier_nostats
POSTHOOK: type: DROPTABLE
POSTHOOK: Input: default@supplier_nostats
POSTHOOK: Output: default@supplier_nostats
PREHOOK: query: drop table lineitem_nostats
PREHOOK: type: DROPTABLE
PREHOOK: Input: default@lineitem_nostats
PREHOOK: Output: default@lineitem_nostats
POSTHOOK: query: drop table lineitem_nostats
POSTHOOK: type: DROPTABLE
POSTHOOK: Input: default@lineitem_nostats
POSTHOOK: Output: default@lineitem_nostats
PREHOOK: query: drop table part_nostats
PREHOOK: type: DROPTABLE
PREHOOK: Input: default@part_nostats
PREHOOK: Output: default@part_nostats
POSTHOOK: query: drop table part_nostats
POSTHOOK: type: DROPTABLE
POSTHOOK: Input: default@part_nostats
POSTHOOK: Output: default@part_nostats
