PREHOOK: query: create table test (
 a int
)
PREHOOK: type: CREATETABLE
PREHOOK: Output: database:default
PREHOOK: Output: default@test
POSTHOOK: query: create table test (
 a int
)
POSTHOOK: type: CREATETABLE
POSTHOOK: Output: database:default
POSTHOOK: Output: default@test
PREHOOK: query: insert into test values (1)
PREHOOK: type: QUERY
PREHOOK: Input: _dummy_database@_dummy_table
PREHOOK: Output: default@test
POSTHOOK: query: insert into test values (1)
POSTHOOK: type: QUERY
POSTHOOK: Input: _dummy_database@_dummy_table
POSTHOOK: Output: default@test
POSTHOOK: Lineage: test.a SCRIPT []
PREHOOK: query: create table test1 (
 a int,
 b int
)
PREHOOK: type: CREATETABLE
PREHOOK: Output: database:default
PREHOOK: Output: default@test1
POSTHOOK: query: create table test1 (
 a int,
 b int
)
POSTHOOK: type: CREATETABLE
POSTHOOK: Output: database:default
POSTHOOK: Output: default@test1
PREHOOK: query: insert into test1 values (1, 2)
PREHOOK: type: QUERY
PREHOOK: Input: _dummy_database@_dummy_table
PREHOOK: Output: default@test1
POSTHOOK: query: insert into test1 values (1, 2)
POSTHOOK: type: QUERY
POSTHOOK: Input: _dummy_database@_dummy_table
POSTHOOK: Output: default@test1
POSTHOOK: Lineage: test1.a SCRIPT []
POSTHOOK: Lineage: test1.b SCRIPT []
PREHOOK: query: create table test2 (
 a int,
 b int,
 c int
)
PREHOOK: type: CREATETABLE
PREHOOK: Output: database:default
PREHOOK: Output: default@test2
POSTHOOK: query: create table test2 (
 a int,
 b int,
 c int
)
POSTHOOK: type: CREATETABLE
POSTHOOK: Output: database:default
POSTHOOK: Output: default@test2
PREHOOK: query: insert into test2 values (1, 2, 3)
PREHOOK: type: QUERY
PREHOOK: Input: _dummy_database@_dummy_table
PREHOOK: Output: default@test2
POSTHOOK: query: insert into test2 values (1, 2, 3)
POSTHOOK: type: QUERY
POSTHOOK: Input: _dummy_database@_dummy_table
POSTHOOK: Output: default@test2
POSTHOOK: Lineage: test2.a SCRIPT []
POSTHOOK: Lineage: test2.b SCRIPT []
POSTHOOK: Lineage: test2.c SCRIPT []
PREHOOK: query: select * from test t1
join test t2 using(a)
join test t3 using(a)
PREHOOK: type: QUERY
PREHOOK: Input: default@test
#### A masked pattern was here ####
POSTHOOK: query: select * from test t1
join test t2 using(a)
join test t3 using(a)
POSTHOOK: type: QUERY
POSTHOOK: Input: default@test
#### A masked pattern was here ####
1
PREHOOK: query: explain extended select * from test t1
join test t2 using(a)
join test t3 using(a)
PREHOOK: type: QUERY
PREHOOK: Input: default@test
#### A masked pattern was here ####
POSTHOOK: query: explain extended select * from test t1
join test t2 using(a)
join test t3 using(a)
POSTHOOK: type: QUERY
POSTHOOK: Input: default@test
#### A masked pattern was here ####
OPTIMIZED SQL: SELECT `t2`.`a`
FROM (SELECT `a`
FROM `default`.`test`
WHERE `a` IS NOT NULL) AS `t0`
INNER JOIN (SELECT `a`
FROM `default`.`test`
WHERE `a` IS NOT NULL) AS `t2` ON `t0`.`a` = `t2`.`a`
INNER JOIN (SELECT `a`
FROM `default`.`test`
WHERE `a` IS NOT NULL) AS `t4` ON `t2`.`a` = `t4`.`a`
STAGE DEPENDENCIES:
  Stage-1 is a root stage
  Stage-0 depends on stages: Stage-1

STAGE PLANS:
  Stage: Stage-1
    Tez
#### A masked pattern was here ####
      Edges:
        Reducer 2 <- Map 1 (SIMPLE_EDGE), Map 4 (SIMPLE_EDGE)
        Reducer 3 <- Map 1 (SIMPLE_EDGE), Reducer 2 (SIMPLE_EDGE)
#### A masked pattern was here ####
      Vertices:
        Map 1 
            Map Operator Tree:
                TableScan
                  alias: t1
                  filterExpr: a is not null (type: boolean)
                  Statistics: Num rows: 1 Data size: 4 Basic stats: COMPLETE Column stats: COMPLETE
                  GatherStats: false
                  Filter Operator
                    isSamplingPred: false
                    predicate: a is not null (type: boolean)
                    Statistics: Num rows: 1 Data size: 4 Basic stats: COMPLETE Column stats: COMPLETE
                    Select Operator
                      expressions: a (type: int)
                      outputColumnNames: _col0
                      Statistics: Num rows: 1 Data size: 4 Basic stats: COMPLETE Column stats: COMPLETE
                      Reduce Output Operator
                        bucketingVersion: 2
                        key expressions: _col0 (type: int)
                        null sort order: z
                        numBuckets: -1
                        sort order: +
                        Map-reduce partition columns: _col0 (type: int)
                        Statistics: Num rows: 1 Data size: 4 Basic stats: COMPLETE Column stats: COMPLETE
                        tag: 0
                        auto parallelism: true
                      Reduce Output Operator
                        bucketingVersion: 2
                        key expressions: _col0 (type: int)
                        null sort order: z
                        numBuckets: -1
                        sort order: +
                        Map-reduce partition columns: _col0 (type: int)
                        Statistics: Num rows: 1 Data size: 4 Basic stats: COMPLETE Column stats: COMPLETE
                        tag: 1
                        auto parallelism: true
            Execution mode: vectorized, llap
            LLAP IO: all inputs
            Path -> Alias:
#### A masked pattern was here ####
            Path -> Partition:
#### A masked pattern was here ####
                Partition
                  base file name: test
                  input format: org.apache.hadoop.mapred.TextInputFormat
                  output format: org.apache.hadoop.hive.ql.io.HiveIgnoreKeyTextOutputFormat
                  properties:
                    bucket_count -1
                    bucketing_version 2
                    column.name.delimiter ,
                    columns a
                    columns.types int
#### A masked pattern was here ####
                    name default.test
                    serialization.format 1
                    serialization.lib org.apache.hadoop.hive.serde2.lazy.LazySimpleSerDe
                  serde: org.apache.hadoop.hive.serde2.lazy.LazySimpleSerDe
                
                    input format: org.apache.hadoop.mapred.TextInputFormat
                    output format: org.apache.hadoop.hive.ql.io.HiveIgnoreKeyTextOutputFormat
                    properties:
                      bucketing_version 2
                      column.name.delimiter ,
                      columns a
                      columns.comments 
                      columns.types int
#### A masked pattern was here ####
                      name default.test
                      serialization.format 1
                      serialization.lib org.apache.hadoop.hive.serde2.lazy.LazySimpleSerDe
                    serde: org.apache.hadoop.hive.serde2.lazy.LazySimpleSerDe
                    name: default.test
                  name: default.test
            Truncated Path -> Alias:
              /test [t1]
        Map 4 
            Map Operator Tree:
                TableScan
                  alias: t2
                  filterExpr: a is not null (type: boolean)
                  Statistics: Num rows: 1 Data size: 4 Basic stats: COMPLETE Column stats: COMPLETE
                  GatherStats: false
                  Filter Operator
                    isSamplingPred: false
                    predicate: a is not null (type: boolean)
                    Statistics: Num rows: 1 Data size: 4 Basic stats: COMPLETE Column stats: COMPLETE
                    Select Operator
                      expressions: a (type: int)
                      outputColumnNames: _col0
                      Statistics: Num rows: 1 Data size: 4 Basic stats: COMPLETE Column stats: COMPLETE
                      Reduce Output Operator
                        bucketingVersion: 2
                        key expressions: _col0 (type: int)
                        null sort order: z
                        numBuckets: -1
                        sort order: +
                        Map-reduce partition columns: _col0 (type: int)
                        Statistics: Num rows: 1 Data size: 4 Basic stats: COMPLETE Column stats: COMPLETE
                        tag: 1
                        auto parallelism: true
            Execution mode: vectorized, llap
            LLAP IO: all inputs
            Path -> Alias:
#### A masked pattern was here ####
            Path -> Partition:
#### A masked pattern was here ####
                Partition
                  base file name: test
                  input format: org.apache.hadoop.mapred.TextInputFormat
                  output format: org.apache.hadoop.hive.ql.io.HiveIgnoreKeyTextOutputFormat
                  properties:
                    bucket_count -1
                    bucketing_version 2
                    column.name.delimiter ,
                    columns a
                    columns.types int
#### A masked pattern was here ####
                    name default.test
                    serialization.format 1
                    serialization.lib org.apache.hadoop.hive.serde2.lazy.LazySimpleSerDe
                  serde: org.apache.hadoop.hive.serde2.lazy.LazySimpleSerDe
                
                    input format: org.apache.hadoop.mapred.TextInputFormat
                    output format: org.apache.hadoop.hive.ql.io.HiveIgnoreKeyTextOutputFormat
                    properties:
                      bucketing_version 2
                      column.name.delimiter ,
                      columns a
                      columns.comments 
                      columns.types int
#### A masked pattern was here ####
                      name default.test
                      serialization.format 1
                      serialization.lib org.apache.hadoop.hive.serde2.lazy.LazySimpleSerDe
                    serde: org.apache.hadoop.hive.serde2.lazy.LazySimpleSerDe
                    name: default.test
                  name: default.test
            Truncated Path -> Alias:
              /test [t2]
        Reducer 2 
            Execution mode: llap
            Needs Tagging: false
            Reduce Operator Tree:
              Merge Join Operator
                condition map:
                     Inner Join 0 to 1
                keys:
                  0 _col0 (type: int)
                  1 _col0 (type: int)
                outputColumnNames: _col1
                Position of Big Table: 0
                Statistics: Num rows: 1 Data size: 4 Basic stats: COMPLETE Column stats: COMPLETE
                Reduce Output Operator
                  bucketingVersion: 2
                  key expressions: _col1 (type: int)
                  null sort order: z
                  numBuckets: -1
                  sort order: +
                  Map-reduce partition columns: _col1 (type: int)
                  Statistics: Num rows: 1 Data size: 4 Basic stats: COMPLETE Column stats: COMPLETE
                  tag: 0
                  auto parallelism: true
        Reducer 3 
            Execution mode: llap
            Needs Tagging: false
            Reduce Operator Tree:
              Merge Join Operator
                condition map:
                     Inner Join 0 to 1
                keys:
                  0 _col1 (type: int)
                  1 _col0 (type: int)
                outputColumnNames: _col1
                Position of Big Table: 0
                Statistics: Num rows: 1 Data size: 4 Basic stats: COMPLETE Column stats: COMPLETE
                Select Operator
                  expressions: _col1 (type: int)
                  outputColumnNames: _col0
                  Statistics: Num rows: 1 Data size: 4 Basic stats: COMPLETE Column stats: COMPLETE
                  File Output Operator
                    bucketingVersion: 2
                    compressed: false
                    GlobalTableId: 0
#### A masked pattern was here ####
                    NumFilesPerFileSink: 1
                    Statistics: Num rows: 1 Data size: 4 Basic stats: COMPLETE Column stats: COMPLETE
#### A masked pattern was here ####
                    table:
                        input format: org.apache.hadoop.mapred.SequenceFileInputFormat
                        output format: org.apache.hadoop.hive.ql.io.HiveSequenceFileOutputFormat
                        properties:
                          bucketing_version -1
                          columns _col0
                          columns.types int
                          escape.delim \
                          hive.serialization.extend.additional.nesting.levels true
                          serialization.escape.crlf true
                          serialization.format 1
                          serialization.lib org.apache.hadoop.hive.serde2.lazy.LazySimpleSerDe
                        serde: org.apache.hadoop.hive.serde2.lazy.LazySimpleSerDe
                    TotalFiles: 1
                    GatherStats: false
                    MultiFileSpray: false

  Stage: Stage-0
    Fetch Operator
      limit: -1
      Processor Tree:
        ListSink

PREHOOK: query: select * from test1 t1
join test1 t2 using(a)
join test1 t3 using(b)
PREHOOK: type: QUERY
PREHOOK: Input: default@test1
#### A masked pattern was here ####
POSTHOOK: query: select * from test1 t1
join test1 t2 using(a)
join test1 t3 using(b)
POSTHOOK: type: QUERY
POSTHOOK: Input: default@test1
#### A masked pattern was here ####
2	1	1	1
PREHOOK: query: explain extended select * from test1 t1
join test1 t2 using(a)
join test1 t3 using(b)
PREHOOK: type: QUERY
PREHOOK: Input: default@test1
#### A masked pattern was here ####
POSTHOOK: query: explain extended select * from test1 t1
join test1 t2 using(a)
join test1 t3 using(b)
POSTHOOK: type: QUERY
POSTHOOK: Input: default@test1
#### A masked pattern was here ####
OPTIMIZED SQL: SELECT `t0`.`b`, `t2`.`a`, `t0`.`a` AS `a1`, `t4`.`a` AS `a2`
FROM (SELECT `a`, `b`
FROM `default`.`test1`
WHERE `a` IS NOT NULL AND `b` IS NOT NULL) AS `t0`
INNER JOIN (SELECT `a`
FROM `default`.`test1`
WHERE `a` IS NOT NULL) AS `t2` ON `t0`.`a` = `t2`.`a`
INNER JOIN (SELECT `a`, `b`
FROM `default`.`test1`
WHERE `b` IS NOT NULL) AS `t4` ON `t0`.`b` = `t4`.`b`
STAGE DEPENDENCIES:
  Stage-1 is a root stage
  Stage-0 depends on stages: Stage-1

STAGE PLANS:
  Stage: Stage-1
    Tez
#### A masked pattern was here ####
      Edges:
        Reducer 2 <- Map 1 (SIMPLE_EDGE), Map 4 (SIMPLE_EDGE)
        Reducer 3 <- Map 1 (SIMPLE_EDGE), Reducer 2 (SIMPLE_EDGE)
#### A masked pattern was here ####
      Vertices:
        Map 1 
            Map Operator Tree:
                TableScan
                  alias: t2
                  filterExpr: ((a is not null and b is not null) or b is not null) (type: boolean)
                  Statistics: Num rows: 1 Data size: 8 Basic stats: COMPLETE Column stats: COMPLETE
                  GatherStats: false
                  Filter Operator
                    isSamplingPred: false
                    predicate: (a is not null and b is not null) (type: boolean)
                    Statistics: Num rows: 1 Data size: 8 Basic stats: COMPLETE Column stats: COMPLETE
                    Select Operator
                      expressions: a (type: int), b (type: int)
                      outputColumnNames: _col0, _col1
                      Statistics: Num rows: 1 Data size: 8 Basic stats: COMPLETE Column stats: COMPLETE
                      Reduce Output Operator
                        bucketingVersion: 2
                        key expressions: _col0 (type: int)
                        null sort order: z
                        numBuckets: -1
                        sort order: +
                        Map-reduce partition columns: _col0 (type: int)
                        Statistics: Num rows: 1 Data size: 8 Basic stats: COMPLETE Column stats: COMPLETE
                        tag: 0
                        value expressions: _col1 (type: int)
                        auto parallelism: true
                  Filter Operator
                    isSamplingPred: false
                    predicate: b is not null (type: boolean)
                    Statistics: Num rows: 1 Data size: 8 Basic stats: COMPLETE Column stats: COMPLETE
                    Select Operator
                      expressions: a (type: int), b (type: int)
                      outputColumnNames: _col0, _col1
                      Statistics: Num rows: 1 Data size: 8 Basic stats: COMPLETE Column stats: COMPLETE
                      Reduce Output Operator
                        bucketingVersion: 2
                        key expressions: _col1 (type: int)
                        null sort order: z
                        numBuckets: -1
                        sort order: +
                        Map-reduce partition columns: _col1 (type: int)
                        Statistics: Num rows: 1 Data size: 8 Basic stats: COMPLETE Column stats: COMPLETE
                        tag: 1
                        value expressions: _col0 (type: int)
                        auto parallelism: true
            Execution mode: vectorized, llap
            LLAP IO: all inputs
            Path -> Alias:
#### A masked pattern was here ####
            Path -> Partition:
#### A masked pattern was here ####
                Partition
                  base file name: test1
                  input format: org.apache.hadoop.mapred.TextInputFormat
                  output format: org.apache.hadoop.hive.ql.io.HiveIgnoreKeyTextOutputFormat
                  properties:
                    bucket_count -1
                    bucketing_version 2
                    column.name.delimiter ,
                    columns a,b
                    columns.types int:int
#### A masked pattern was here ####
                    name default.test1
                    serialization.format 1
                    serialization.lib org.apache.hadoop.hive.serde2.lazy.LazySimpleSerDe
                  serde: org.apache.hadoop.hive.serde2.lazy.LazySimpleSerDe
                
                    input format: org.apache.hadoop.mapred.TextInputFormat
                    output format: org.apache.hadoop.hive.ql.io.HiveIgnoreKeyTextOutputFormat
                    properties:
                      bucketing_version 2
                      column.name.delimiter ,
                      columns a,b
                      columns.comments 
                      columns.types int:int
#### A masked pattern was here ####
                      name default.test1
                      serialization.format 1
                      serialization.lib org.apache.hadoop.hive.serde2.lazy.LazySimpleSerDe
                    serde: org.apache.hadoop.hive.serde2.lazy.LazySimpleSerDe
                    name: default.test1
                  name: default.test1
            Truncated Path -> Alias:
              /test1 [t2]
        Map 4 
            Map Operator Tree:
                TableScan
                  alias: t1
                  filterExpr: a is not null (type: boolean)
                  Statistics: Num rows: 1 Data size: 4 Basic stats: COMPLETE Column stats: COMPLETE
                  GatherStats: false
                  Filter Operator
                    isSamplingPred: false
                    predicate: a is not null (type: boolean)
                    Statistics: Num rows: 1 Data size: 4 Basic stats: COMPLETE Column stats: COMPLETE
                    Select Operator
                      expressions: a (type: int)
                      outputColumnNames: _col0
                      Statistics: Num rows: 1 Data size: 4 Basic stats: COMPLETE Column stats: COMPLETE
                      Reduce Output Operator
                        bucketingVersion: 2
                        key expressions: _col0 (type: int)
                        null sort order: z
                        numBuckets: -1
                        sort order: +
                        Map-reduce partition columns: _col0 (type: int)
                        Statistics: Num rows: 1 Data size: 4 Basic stats: COMPLETE Column stats: COMPLETE
                        tag: 1
                        auto parallelism: true
            Execution mode: vectorized, llap
            LLAP IO: all inputs
            Path -> Alias:
#### A masked pattern was here ####
            Path -> Partition:
#### A masked pattern was here ####
                Partition
                  base file name: test1
                  input format: org.apache.hadoop.mapred.TextInputFormat
                  output format: org.apache.hadoop.hive.ql.io.HiveIgnoreKeyTextOutputFormat
                  properties:
                    bucket_count -1
                    bucketing_version 2
                    column.name.delimiter ,
                    columns a,b
                    columns.types int:int
#### A masked pattern was here ####
                    name default.test1
                    serialization.format 1
                    serialization.lib org.apache.hadoop.hive.serde2.lazy.LazySimpleSerDe
                  serde: org.apache.hadoop.hive.serde2.lazy.LazySimpleSerDe
                
                    input format: org.apache.hadoop.mapred.TextInputFormat
                    output format: org.apache.hadoop.hive.ql.io.HiveIgnoreKeyTextOutputFormat
                    properties:
                      bucketing_version 2
                      column.name.delimiter ,
                      columns a,b
                      columns.comments 
                      columns.types int:int
#### A masked pattern was here ####
                      name default.test1
                      serialization.format 1
                      serialization.lib org.apache.hadoop.hive.serde2.lazy.LazySimpleSerDe
                    serde: org.apache.hadoop.hive.serde2.lazy.LazySimpleSerDe
                    name: default.test1
                  name: default.test1
            Truncated Path -> Alias:
              /test1 [t1]
        Reducer 2 
            Execution mode: llap
            Needs Tagging: false
            Reduce Operator Tree:
              Merge Join Operator
                condition map:
                     Inner Join 0 to 1
                keys:
                  0 _col0 (type: int)
                  1 _col0 (type: int)
                outputColumnNames: _col0, _col1, _col2
                Position of Big Table: 0
                Statistics: Num rows: 1 Data size: 12 Basic stats: COMPLETE Column stats: COMPLETE
                Reduce Output Operator
                  bucketingVersion: 2
                  key expressions: _col1 (type: int)
                  null sort order: z
                  numBuckets: -1
                  sort order: +
                  Map-reduce partition columns: _col1 (type: int)
                  Statistics: Num rows: 1 Data size: 12 Basic stats: COMPLETE Column stats: COMPLETE
                  tag: 0
                  value expressions: _col0 (type: int), _col2 (type: int)
                  auto parallelism: true
        Reducer 3 
            Execution mode: llap
            Needs Tagging: false
            Reduce Operator Tree:
              Merge Join Operator
                condition map:
                     Inner Join 0 to 1
                keys:
                  0 _col1 (type: int)
                  1 _col1 (type: int)
                outputColumnNames: _col0, _col1, _col2, _col3
                Position of Big Table: 0
                Statistics: Num rows: 1 Data size: 16 Basic stats: COMPLETE Column stats: COMPLETE
                Select Operator
                  expressions: _col1 (type: int), _col2 (type: int), _col0 (type: int), _col3 (type: int)
                  outputColumnNames: _col0, _col1, _col2, _col3
                  Statistics: Num rows: 1 Data size: 16 Basic stats: COMPLETE Column stats: COMPLETE
                  File Output Operator
                    bucketingVersion: 2
                    compressed: false
                    GlobalTableId: 0
#### A masked pattern was here ####
                    NumFilesPerFileSink: 1
                    Statistics: Num rows: 1 Data size: 16 Basic stats: COMPLETE Column stats: COMPLETE
#### A masked pattern was here ####
                    table:
                        input format: org.apache.hadoop.mapred.SequenceFileInputFormat
                        output format: org.apache.hadoop.hive.ql.io.HiveSequenceFileOutputFormat
                        properties:
                          bucketing_version -1
                          columns _col0,_col1,_col2,_col3
                          columns.types int:int:int:int
                          escape.delim \
                          hive.serialization.extend.additional.nesting.levels true
                          serialization.escape.crlf true
                          serialization.format 1
                          serialization.lib org.apache.hadoop.hive.serde2.lazy.LazySimpleSerDe
                        serde: org.apache.hadoop.hive.serde2.lazy.LazySimpleSerDe
                    TotalFiles: 1
                    GatherStats: false
                    MultiFileSpray: false

  Stage: Stage-0
    Fetch Operator
      limit: -1
      Processor Tree:
        ListSink

PREHOOK: query: select * from test1 t1
join test t2 using(a)
join test2 t3 using(b)
PREHOOK: type: QUERY
PREHOOK: Input: default@test
PREHOOK: Input: default@test1
PREHOOK: Input: default@test2
#### A masked pattern was here ####
POSTHOOK: query: select * from test1 t1
join test t2 using(a)
join test2 t3 using(b)
POSTHOOK: type: QUERY
POSTHOOK: Input: default@test
POSTHOOK: Input: default@test1
POSTHOOK: Input: default@test2
#### A masked pattern was here ####
2	1	1	1	3
PREHOOK: query: explain extended select * from test1 t1
join test t2 using(a)
join test2 t3 using(b)
PREHOOK: type: QUERY
PREHOOK: Input: default@test
PREHOOK: Input: default@test1
PREHOOK: Input: default@test2
#### A masked pattern was here ####
POSTHOOK: query: explain extended select * from test1 t1
join test t2 using(a)
join test2 t3 using(b)
POSTHOOK: type: QUERY
POSTHOOK: Input: default@test
POSTHOOK: Input: default@test1
POSTHOOK: Input: default@test2
#### A masked pattern was here ####
OPTIMIZED SQL: SELECT `t0`.`b`, `t0`.`a`, `t2`.`a` AS `a1`, `t4`.`a` AS `a2`, `t4`.`c`
FROM (SELECT `a`, `b`
FROM `default`.`test1`
WHERE `a` IS NOT NULL AND `b` IS NOT NULL) AS `t0`
INNER JOIN (SELECT `a`
FROM `default`.`test`
WHERE `a` IS NOT NULL) AS `t2` ON `t0`.`a` = `t2`.`a`
INNER JOIN (SELECT `a`, `b`, `c`
FROM `default`.`test2`
WHERE `b` IS NOT NULL) AS `t4` ON `t0`.`b` = `t4`.`b`
STAGE DEPENDENCIES:
  Stage-1 is a root stage
  Stage-0 depends on stages: Stage-1

STAGE PLANS:
  Stage: Stage-1
    Tez
#### A masked pattern was here ####
      Edges:
        Reducer 2 <- Map 1 (SIMPLE_EDGE), Map 4 (SIMPLE_EDGE)
        Reducer 3 <- Map 5 (SIMPLE_EDGE), Reducer 2 (SIMPLE_EDGE)
#### A masked pattern was here ####
      Vertices:
        Map 1 
            Map Operator Tree:
                TableScan
                  alias: t1
                  filterExpr: (a is not null and b is not null) (type: boolean)
                  Statistics: Num rows: 1 Data size: 8 Basic stats: COMPLETE Column stats: COMPLETE
                  GatherStats: false
                  Filter Operator
                    isSamplingPred: false
                    predicate: (a is not null and b is not null) (type: boolean)
                    Statistics: Num rows: 1 Data size: 8 Basic stats: COMPLETE Column stats: COMPLETE
                    Select Operator
                      expressions: a (type: int), b (type: int)
                      outputColumnNames: _col0, _col1
                      Statistics: Num rows: 1 Data size: 8 Basic stats: COMPLETE Column stats: COMPLETE
                      Reduce Output Operator
                        bucketingVersion: 2
                        key expressions: _col0 (type: int)
                        null sort order: z
                        numBuckets: -1
                        sort order: +
                        Map-reduce partition columns: _col0 (type: int)
                        Statistics: Num rows: 1 Data size: 8 Basic stats: COMPLETE Column stats: COMPLETE
                        tag: 0
                        value expressions: _col1 (type: int)
                        auto parallelism: true
            Execution mode: vectorized, llap
            LLAP IO: all inputs
            Path -> Alias:
#### A masked pattern was here ####
            Path -> Partition:
#### A masked pattern was here ####
                Partition
                  base file name: test1
                  input format: org.apache.hadoop.mapred.TextInputFormat
                  output format: org.apache.hadoop.hive.ql.io.HiveIgnoreKeyTextOutputFormat
                  properties:
                    bucket_count -1
                    bucketing_version 2
                    column.name.delimiter ,
                    columns a,b
                    columns.types int:int
#### A masked pattern was here ####
                    name default.test1
                    serialization.format 1
                    serialization.lib org.apache.hadoop.hive.serde2.lazy.LazySimpleSerDe
                  serde: org.apache.hadoop.hive.serde2.lazy.LazySimpleSerDe
                
                    input format: org.apache.hadoop.mapred.TextInputFormat
                    output format: org.apache.hadoop.hive.ql.io.HiveIgnoreKeyTextOutputFormat
                    properties:
                      bucketing_version 2
                      column.name.delimiter ,
                      columns a,b
                      columns.comments 
                      columns.types int:int
#### A masked pattern was here ####
                      name default.test1
                      serialization.format 1
                      serialization.lib org.apache.hadoop.hive.serde2.lazy.LazySimpleSerDe
                    serde: org.apache.hadoop.hive.serde2.lazy.LazySimpleSerDe
                    name: default.test1
                  name: default.test1
            Truncated Path -> Alias:
              /test1 [t1]
        Map 4 
            Map Operator Tree:
                TableScan
                  alias: t2
                  filterExpr: a is not null (type: boolean)
                  Statistics: Num rows: 1 Data size: 4 Basic stats: COMPLETE Column stats: COMPLETE
                  GatherStats: false
                  Filter Operator
                    isSamplingPred: false
                    predicate: a is not null (type: boolean)
                    Statistics: Num rows: 1 Data size: 4 Basic stats: COMPLETE Column stats: COMPLETE
                    Select Operator
                      expressions: a (type: int)
                      outputColumnNames: _col0
                      Statistics: Num rows: 1 Data size: 4 Basic stats: COMPLETE Column stats: COMPLETE
                      Reduce Output Operator
                        bucketingVersion: 2
                        key expressions: _col0 (type: int)
                        null sort order: z
                        numBuckets: -1
                        sort order: +
                        Map-reduce partition columns: _col0 (type: int)
                        Statistics: Num rows: 1 Data size: 4 Basic stats: COMPLETE Column stats: COMPLETE
                        tag: 1
                        auto parallelism: true
            Execution mode: vectorized, llap
            LLAP IO: all inputs
            Path -> Alias:
#### A masked pattern was here ####
            Path -> Partition:
#### A masked pattern was here ####
                Partition
                  base file name: test
                  input format: org.apache.hadoop.mapred.TextInputFormat
                  output format: org.apache.hadoop.hive.ql.io.HiveIgnoreKeyTextOutputFormat
                  properties:
                    bucket_count -1
                    bucketing_version 2
                    column.name.delimiter ,
                    columns a
                    columns.types int
#### A masked pattern was here ####
                    name default.test
                    serialization.format 1
                    serialization.lib org.apache.hadoop.hive.serde2.lazy.LazySimpleSerDe
                  serde: org.apache.hadoop.hive.serde2.lazy.LazySimpleSerDe
                
                    input format: org.apache.hadoop.mapred.TextInputFormat
                    output format: org.apache.hadoop.hive.ql.io.HiveIgnoreKeyTextOutputFormat
                    properties:
                      bucketing_version 2
                      column.name.delimiter ,
                      columns a
                      columns.comments 
                      columns.types int
#### A masked pattern was here ####
                      name default.test
                      serialization.format 1
                      serialization.lib org.apache.hadoop.hive.serde2.lazy.LazySimpleSerDe
                    serde: org.apache.hadoop.hive.serde2.lazy.LazySimpleSerDe
                    name: default.test
                  name: default.test
            Truncated Path -> Alias:
              /test [t2]
        Map 5 
            Map Operator Tree:
                TableScan
                  alias: t3
                  filterExpr: b is not null (type: boolean)
                  Statistics: Num rows: 1 Data size: 12 Basic stats: COMPLETE Column stats: COMPLETE
                  GatherStats: false
                  Filter Operator
                    isSamplingPred: false
                    predicate: b is not null (type: boolean)
                    Statistics: Num rows: 1 Data size: 12 Basic stats: COMPLETE Column stats: COMPLETE
                    Select Operator
                      expressions: a (type: int), b (type: int), c (type: int)
                      outputColumnNames: _col0, _col1, _col2
                      Statistics: Num rows: 1 Data size: 12 Basic stats: COMPLETE Column stats: COMPLETE
                      Reduce Output Operator
                        bucketingVersion: 2
                        key expressions: _col1 (type: int)
                        null sort order: z
                        numBuckets: -1
                        sort order: +
                        Map-reduce partition columns: _col1 (type: int)
                        Statistics: Num rows: 1 Data size: 12 Basic stats: COMPLETE Column stats: COMPLETE
                        tag: 1
                        value expressions: _col0 (type: int), _col2 (type: int)
                        auto parallelism: true
            Execution mode: vectorized, llap
            LLAP IO: all inputs
            Path -> Alias:
#### A masked pattern was here ####
            Path -> Partition:
#### A masked pattern was here ####
                Partition
                  base file name: test2
                  input format: org.apache.hadoop.mapred.TextInputFormat
                  output format: org.apache.hadoop.hive.ql.io.HiveIgnoreKeyTextOutputFormat
                  properties:
                    bucket_count -1
                    bucketing_version 2
                    column.name.delimiter ,
                    columns a,b,c
                    columns.types int:int:int
#### A masked pattern was here ####
                    name default.test2
                    serialization.format 1
                    serialization.lib org.apache.hadoop.hive.serde2.lazy.LazySimpleSerDe
                  serde: org.apache.hadoop.hive.serde2.lazy.LazySimpleSerDe
                
                    input format: org.apache.hadoop.mapred.TextInputFormat
                    output format: org.apache.hadoop.hive.ql.io.HiveIgnoreKeyTextOutputFormat
                    properties:
                      bucketing_version 2
                      column.name.delimiter ,
                      columns a,b,c
                      columns.comments 
                      columns.types int:int:int
#### A masked pattern was here ####
                      name default.test2
                      serialization.format 1
                      serialization.lib org.apache.hadoop.hive.serde2.lazy.LazySimpleSerDe
                    serde: org.apache.hadoop.hive.serde2.lazy.LazySimpleSerDe
                    name: default.test2
                  name: default.test2
            Truncated Path -> Alias:
              /test2 [t3]
        Reducer 2 
            Execution mode: llap
            Needs Tagging: false
            Reduce Operator Tree:
              Merge Join Operator
                condition map:
                     Inner Join 0 to 1
                keys:
                  0 _col0 (type: int)
                  1 _col0 (type: int)
                outputColumnNames: _col0, _col1, _col2
                Position of Big Table: 0
                Statistics: Num rows: 1 Data size: 12 Basic stats: COMPLETE Column stats: COMPLETE
                Reduce Output Operator
                  bucketingVersion: 2
                  key expressions: _col1 (type: int)
                  null sort order: z
                  numBuckets: -1
                  sort order: +
                  Map-reduce partition columns: _col1 (type: int)
                  Statistics: Num rows: 1 Data size: 12 Basic stats: COMPLETE Column stats: COMPLETE
                  tag: 0
                  value expressions: _col0 (type: int), _col2 (type: int)
                  auto parallelism: true
        Reducer 3 
            Execution mode: llap
            Needs Tagging: false
            Reduce Operator Tree:
              Merge Join Operator
                condition map:
                     Inner Join 0 to 1
                keys:
                  0 _col1 (type: int)
                  1 _col1 (type: int)
                outputColumnNames: _col0, _col1, _col2, _col3, _col5
                Position of Big Table: 0
                Statistics: Num rows: 1 Data size: 20 Basic stats: COMPLETE Column stats: COMPLETE
                Select Operator
                  expressions: _col1 (type: int), _col0 (type: int), _col2 (type: int), _col3 (type: int), _col5 (type: int)
                  outputColumnNames: _col0, _col1, _col2, _col3, _col4
                  Statistics: Num rows: 1 Data size: 20 Basic stats: COMPLETE Column stats: COMPLETE
                  File Output Operator
                    bucketingVersion: 2
                    compressed: false
                    GlobalTableId: 0
#### A masked pattern was here ####
                    NumFilesPerFileSink: 1
                    Statistics: Num rows: 1 Data size: 20 Basic stats: COMPLETE Column stats: COMPLETE
#### A masked pattern was here ####
                    table:
                        input format: org.apache.hadoop.mapred.SequenceFileInputFormat
                        output format: org.apache.hadoop.hive.ql.io.HiveSequenceFileOutputFormat
                        properties:
                          bucketing_version -1
                          columns _col0,_col1,_col2,_col3,_col4
                          columns.types int:int:int:int:int
                          escape.delim \
                          hive.serialization.extend.additional.nesting.levels true
                          serialization.escape.crlf true
                          serialization.format 1
                          serialization.lib org.apache.hadoop.hive.serde2.lazy.LazySimpleSerDe
                        serde: org.apache.hadoop.hive.serde2.lazy.LazySimpleSerDe
                    TotalFiles: 1
                    GatherStats: false
                    MultiFileSpray: false

  Stage: Stage-0
    Fetch Operator
      limit: -1
      Processor Tree:
        ListSink

PREHOOK: query: select * from test t1
join test1 t2 using(a)
join test2 t3 using(b)
join test2 t4 using(c)
PREHOOK: type: QUERY
PREHOOK: Input: default@test
PREHOOK: Input: default@test1
PREHOOK: Input: default@test2
#### A masked pattern was here ####
POSTHOOK: query: select * from test t1
join test1 t2 using(a)
join test2 t3 using(b)
join test2 t4 using(c)
POSTHOOK: type: QUERY
POSTHOOK: Input: default@test
POSTHOOK: Input: default@test1
POSTHOOK: Input: default@test2
#### A masked pattern was here ####
3	1	1	2	1	2	1	2
PREHOOK: query: explain extended select * from test t1
join test1 t2 using(a)
join test2 t3 using(b)
join test2 t4 using(c)
PREHOOK: type: QUERY
PREHOOK: Input: default@test
PREHOOK: Input: default@test1
PREHOOK: Input: default@test2
#### A masked pattern was here ####
POSTHOOK: query: explain extended select * from test t1
join test1 t2 using(a)
join test2 t3 using(b)
join test2 t4 using(c)
POSTHOOK: type: QUERY
POSTHOOK: Input: default@test
POSTHOOK: Input: default@test1
POSTHOOK: Input: default@test2
#### A masked pattern was here ####
OPTIMIZED SQL: SELECT `t0`.`c`, `t7`.`a0` AS `a`, `t7`.`a` AS `a1`, `t7`.`b`, `t0`.`a` AS `a2`, `t0`.`b` AS `b1`, `t2`.`a` AS `a3`, `t2`.`b` AS `b2`
FROM (SELECT `a`, `b`, `c`
FROM `default`.`test2`
WHERE `b` IS NOT NULL AND `c` IS NOT NULL) AS `t0`
INNER JOIN (SELECT `a`, `b`, `c`
FROM `default`.`test2`
WHERE `c` IS NOT NULL) AS `t2` ON `t0`.`c` = `t2`.`c`
INNER JOIN (SELECT *
FROM (SELECT `a`, `b`
FROM `default`.`test1`
WHERE `a` IS NOT NULL AND `b` IS NOT NULL) AS `t4`
INNER JOIN (SELECT `a`
FROM `default`.`test`
WHERE `a` IS NOT NULL) AS `t6` ON `t4`.`a` = `t6`.`a`) AS `t7` ON `t0`.`b` = `t7`.`b`
STAGE DEPENDENCIES:
  Stage-1 is a root stage
  Stage-0 depends on stages: Stage-1

STAGE PLANS:
  Stage: Stage-1
    Tez
#### A masked pattern was here ####
      Edges:
        Reducer 2 <- Map 1 (SIMPLE_EDGE), Map 4 (SIMPLE_EDGE)
        Reducer 3 <- Reducer 2 (SIMPLE_EDGE), Reducer 6 (SIMPLE_EDGE)
        Reducer 6 <- Map 5 (SIMPLE_EDGE), Map 7 (SIMPLE_EDGE)
#### A masked pattern was here ####
      Vertices:
        Map 1 
            Map Operator Tree:
                TableScan
                  alias: t3
                  filterExpr: (b is not null and c is not null) (type: boolean)
                  Statistics: Num rows: 1 Data size: 12 Basic stats: COMPLETE Column stats: COMPLETE
                  GatherStats: false
                  Filter Operator
                    isSamplingPred: false
                    predicate: (b is not null and c is not null) (type: boolean)
                    Statistics: Num rows: 1 Data size: 12 Basic stats: COMPLETE Column stats: COMPLETE
                    Select Operator
                      expressions: a (type: int), b (type: int), c (type: int)
                      outputColumnNames: _col0, _col1, _col2
                      Statistics: Num rows: 1 Data size: 12 Basic stats: COMPLETE Column stats: COMPLETE
                      Reduce Output Operator
                        bucketingVersion: 2
                        key expressions: _col2 (type: int)
                        null sort order: z
                        numBuckets: -1
                        sort order: +
                        Map-reduce partition columns: _col2 (type: int)
                        Statistics: Num rows: 1 Data size: 12 Basic stats: COMPLETE Column stats: COMPLETE
                        tag: 0
                        value expressions: _col0 (type: int), _col1 (type: int)
                        auto parallelism: true
            Execution mode: vectorized, llap
            LLAP IO: all inputs
            Path -> Alias:
#### A masked pattern was here ####
            Path -> Partition:
#### A masked pattern was here ####
                Partition
                  base file name: test2
                  input format: org.apache.hadoop.mapred.TextInputFormat
                  output format: org.apache.hadoop.hive.ql.io.HiveIgnoreKeyTextOutputFormat
                  properties:
                    bucket_count -1
                    bucketing_version 2
                    column.name.delimiter ,
                    columns a,b,c
                    columns.types int:int:int
#### A masked pattern was here ####
                    name default.test2
                    serialization.format 1
                    serialization.lib org.apache.hadoop.hive.serde2.lazy.LazySimpleSerDe
                  serde: org.apache.hadoop.hive.serde2.lazy.LazySimpleSerDe
                
                    input format: org.apache.hadoop.mapred.TextInputFormat
                    output format: org.apache.hadoop.hive.ql.io.HiveIgnoreKeyTextOutputFormat
                    properties:
                      bucketing_version 2
                      column.name.delimiter ,
                      columns a,b,c
                      columns.comments 
                      columns.types int:int:int
#### A masked pattern was here ####
                      name default.test2
                      serialization.format 1
                      serialization.lib org.apache.hadoop.hive.serde2.lazy.LazySimpleSerDe
                    serde: org.apache.hadoop.hive.serde2.lazy.LazySimpleSerDe
                    name: default.test2
                  name: default.test2
            Truncated Path -> Alias:
              /test2 [t3]
        Map 4 
            Map Operator Tree:
                TableScan
                  alias: t4
                  filterExpr: c is not null (type: boolean)
                  Statistics: Num rows: 1 Data size: 12 Basic stats: COMPLETE Column stats: COMPLETE
                  GatherStats: false
                  Filter Operator
                    isSamplingPred: false
                    predicate: c is not null (type: boolean)
                    Statistics: Num rows: 1 Data size: 12 Basic stats: COMPLETE Column stats: COMPLETE
                    Select Operator
                      expressions: a (type: int), b (type: int), c (type: int)
                      outputColumnNames: _col0, _col1, _col2
                      Statistics: Num rows: 1 Data size: 12 Basic stats: COMPLETE Column stats: COMPLETE
                      Reduce Output Operator
                        bucketingVersion: 2
                        key expressions: _col2 (type: int)
                        null sort order: z
                        numBuckets: -1
                        sort order: +
                        Map-reduce partition columns: _col2 (type: int)
                        Statistics: Num rows: 1 Data size: 12 Basic stats: COMPLETE Column stats: COMPLETE
                        tag: 1
                        value expressions: _col0 (type: int), _col1 (type: int)
                        auto parallelism: true
            Execution mode: vectorized, llap
            LLAP IO: all inputs
            Path -> Alias:
#### A masked pattern was here ####
            Path -> Partition:
#### A masked pattern was here ####
                Partition
                  base file name: test2
                  input format: org.apache.hadoop.mapred.TextInputFormat
                  output format: org.apache.hadoop.hive.ql.io.HiveIgnoreKeyTextOutputFormat
                  properties:
                    bucket_count -1
                    bucketing_version 2
                    column.name.delimiter ,
                    columns a,b,c
                    columns.types int:int:int
#### A masked pattern was here ####
                    name default.test2
                    serialization.format 1
                    serialization.lib org.apache.hadoop.hive.serde2.lazy.LazySimpleSerDe
                  serde: org.apache.hadoop.hive.serde2.lazy.LazySimpleSerDe
                
                    input format: org.apache.hadoop.mapred.TextInputFormat
                    output format: org.apache.hadoop.hive.ql.io.HiveIgnoreKeyTextOutputFormat
                    properties:
                      bucketing_version 2
                      column.name.delimiter ,
                      columns a,b,c
                      columns.comments 
                      columns.types int:int:int
#### A masked pattern was here ####
                      name default.test2
                      serialization.format 1
                      serialization.lib org.apache.hadoop.hive.serde2.lazy.LazySimpleSerDe
                    serde: org.apache.hadoop.hive.serde2.lazy.LazySimpleSerDe
                    name: default.test2
                  name: default.test2
            Truncated Path -> Alias:
              /test2 [t4]
        Map 5 
            Map Operator Tree:
                TableScan
                  alias: t2
                  filterExpr: (a is not null and b is not null) (type: boolean)
                  Statistics: Num rows: 1 Data size: 8 Basic stats: COMPLETE Column stats: COMPLETE
                  GatherStats: false
                  Filter Operator
                    isSamplingPred: false
                    predicate: (a is not null and b is not null) (type: boolean)
                    Statistics: Num rows: 1 Data size: 8 Basic stats: COMPLETE Column stats: COMPLETE
                    Select Operator
                      expressions: a (type: int), b (type: int)
                      outputColumnNames: _col0, _col1
                      Statistics: Num rows: 1 Data size: 8 Basic stats: COMPLETE Column stats: COMPLETE
                      Reduce Output Operator
                        bucketingVersion: 2
                        key expressions: _col0 (type: int)
                        null sort order: z
                        numBuckets: -1
                        sort order: +
                        Map-reduce partition columns: _col0 (type: int)
                        Statistics: Num rows: 1 Data size: 8 Basic stats: COMPLETE Column stats: COMPLETE
                        tag: 0
                        value expressions: _col1 (type: int)
                        auto parallelism: true
            Execution mode: vectorized, llap
            LLAP IO: all inputs
            Path -> Alias:
#### A masked pattern was here ####
            Path -> Partition:
#### A masked pattern was here ####
                Partition
                  base file name: test1
                  input format: org.apache.hadoop.mapred.TextInputFormat
                  output format: org.apache.hadoop.hive.ql.io.HiveIgnoreKeyTextOutputFormat
                  properties:
                    bucket_count -1
                    bucketing_version 2
                    column.name.delimiter ,
                    columns a,b
                    columns.types int:int
#### A masked pattern was here ####
                    name default.test1
                    serialization.format 1
                    serialization.lib org.apache.hadoop.hive.serde2.lazy.LazySimpleSerDe
                  serde: org.apache.hadoop.hive.serde2.lazy.LazySimpleSerDe
                
                    input format: org.apache.hadoop.mapred.TextInputFormat
                    output format: org.apache.hadoop.hive.ql.io.HiveIgnoreKeyTextOutputFormat
                    properties:
                      bucketing_version 2
                      column.name.delimiter ,
                      columns a,b
                      columns.comments 
                      columns.types int:int
#### A masked pattern was here ####
                      name default.test1
                      serialization.format 1
                      serialization.lib org.apache.hadoop.hive.serde2.lazy.LazySimpleSerDe
                    serde: org.apache.hadoop.hive.serde2.lazy.LazySimpleSerDe
                    name: default.test1
                  name: default.test1
            Truncated Path -> Alias:
              /test1 [t2]
        Map 7 
            Map Operator Tree:
                TableScan
                  alias: t1
                  filterExpr: a is not null (type: boolean)
                  Statistics: Num rows: 1 Data size: 4 Basic stats: COMPLETE Column stats: COMPLETE
                  GatherStats: false
                  Filter Operator
                    isSamplingPred: false
                    predicate: a is not null (type: boolean)
                    Statistics: Num rows: 1 Data size: 4 Basic stats: COMPLETE Column stats: COMPLETE
                    Select Operator
                      expressions: a (type: int)
                      outputColumnNames: _col0
                      Statistics: Num rows: 1 Data size: 4 Basic stats: COMPLETE Column stats: COMPLETE
                      Reduce Output Operator
                        bucketingVersion: 2
                        key expressions: _col0 (type: int)
                        null sort order: z
                        numBuckets: -1
                        sort order: +
                        Map-reduce partition columns: _col0 (type: int)
                        Statistics: Num rows: 1 Data size: 4 Basic stats: COMPLETE Column stats: COMPLETE
                        tag: 1
                        auto parallelism: true
            Execution mode: vectorized, llap
            LLAP IO: all inputs
            Path -> Alias:
#### A masked pattern was here ####
            Path -> Partition:
#### A masked pattern was here ####
                Partition
                  base file name: test
                  input format: org.apache.hadoop.mapred.TextInputFormat
                  output format: org.apache.hadoop.hive.ql.io.HiveIgnoreKeyTextOutputFormat
                  properties:
                    bucket_count -1
                    bucketing_version 2
                    column.name.delimiter ,
                    columns a
                    columns.types int
#### A masked pattern was here ####
                    name default.test
                    serialization.format 1
                    serialization.lib org.apache.hadoop.hive.serde2.lazy.LazySimpleSerDe
                  serde: org.apache.hadoop.hive.serde2.lazy.LazySimpleSerDe
                
                    input format: org.apache.hadoop.mapred.TextInputFormat
                    output format: org.apache.hadoop.hive.ql.io.HiveIgnoreKeyTextOutputFormat
                    properties:
                      bucketing_version 2
                      column.name.delimiter ,
                      columns a
                      columns.comments 
                      columns.types int
#### A masked pattern was here ####
                      name default.test
                      serialization.format 1
                      serialization.lib org.apache.hadoop.hive.serde2.lazy.LazySimpleSerDe
                    serde: org.apache.hadoop.hive.serde2.lazy.LazySimpleSerDe
                    name: default.test
                  name: default.test
            Truncated Path -> Alias:
              /test [t1]
        Reducer 2 
            Execution mode: llap
            Needs Tagging: false
            Reduce Operator Tree:
              Merge Join Operator
                condition map:
                     Inner Join 0 to 1
                keys:
                  0 _col2 (type: int)
                  1 _col2 (type: int)
                outputColumnNames: _col0, _col1, _col2, _col3, _col4
                Position of Big Table: 0
                Statistics: Num rows: 1 Data size: 20 Basic stats: COMPLETE Column stats: COMPLETE
                Reduce Output Operator
                  bucketingVersion: 2
                  key expressions: _col1 (type: int)
                  null sort order: z
                  numBuckets: -1
                  sort order: +
                  Map-reduce partition columns: _col1 (type: int)
                  Statistics: Num rows: 1 Data size: 20 Basic stats: COMPLETE Column stats: COMPLETE
                  tag: 0
                  value expressions: _col0 (type: int), _col2 (type: int), _col3 (type: int), _col4 (type: int)
                  auto parallelism: true
        Reducer 3 
            Execution mode: llap
            Needs Tagging: false
            Reduce Operator Tree:
              Merge Join Operator
                condition map:
                     Inner Join 0 to 1
                keys:
                  0 _col1 (type: int)
                  1 _col1 (type: int)
                outputColumnNames: _col0, _col1, _col2, _col3, _col4, _col6, _col7, _col8
                Position of Big Table: 0
                Statistics: Num rows: 1 Data size: 32 Basic stats: COMPLETE Column stats: COMPLETE
                Select Operator
                  expressions: _col2 (type: int), _col8 (type: int), _col6 (type: int), _col7 (type: int), _col0 (type: int), _col1 (type: int), _col3 (type: int), _col4 (type: int)
                  outputColumnNames: _col0, _col1, _col2, _col3, _col4, _col5, _col6, _col7
                  Statistics: Num rows: 1 Data size: 32 Basic stats: COMPLETE Column stats: COMPLETE
                  File Output Operator
                    bucketingVersion: 2
                    compressed: false
                    GlobalTableId: 0
#### A masked pattern was here ####
                    NumFilesPerFileSink: 1
                    Statistics: Num rows: 1 Data size: 32 Basic stats: COMPLETE Column stats: COMPLETE
#### A masked pattern was here ####
                    table:
                        input format: org.apache.hadoop.mapred.SequenceFileInputFormat
                        output format: org.apache.hadoop.hive.ql.io.HiveSequenceFileOutputFormat
                        properties:
                          bucketing_version -1
                          columns _col0,_col1,_col2,_col3,_col4,_col5,_col6,_col7
                          columns.types int:int:int:int:int:int:int:int
                          escape.delim \
                          hive.serialization.extend.additional.nesting.levels true
                          serialization.escape.crlf true
                          serialization.format 1
                          serialization.lib org.apache.hadoop.hive.serde2.lazy.LazySimpleSerDe
                        serde: org.apache.hadoop.hive.serde2.lazy.LazySimpleSerDe
                    TotalFiles: 1
                    GatherStats: false
                    MultiFileSpray: false
        Reducer 6 
            Execution mode: llap
            Needs Tagging: false
            Reduce Operator Tree:
              Merge Join Operator
                condition map:
                     Inner Join 0 to 1
                keys:
                  0 _col0 (type: int)
                  1 _col0 (type: int)
                outputColumnNames: _col0, _col1, _col2
                Position of Big Table: 0
                Statistics: Num rows: 1 Data size: 12 Basic stats: COMPLETE Column stats: COMPLETE
                Reduce Output Operator
                  bucketingVersion: 2
                  key expressions: _col1 (type: int)
                  null sort order: z
                  numBuckets: -1
                  sort order: +
                  Map-reduce partition columns: _col1 (type: int)
                  Statistics: Num rows: 1 Data size: 12 Basic stats: COMPLETE Column stats: COMPLETE
                  tag: 1
                  value expressions: _col0 (type: int), _col2 (type: int)
                  auto parallelism: true

  Stage: Stage-0
    Fetch Operator
      limit: -1
      Processor Tree:
        ListSink

PREHOOK: query: select * from test1 t1
join test2 t2 using(a, b)
join test2 t3 using(c, b)
join test t4 using(a)
PREHOOK: type: QUERY
PREHOOK: Input: default@test
PREHOOK: Input: default@test1
PREHOOK: Input: default@test2
#### A masked pattern was here ####
POSTHOOK: query: select * from test1 t1
join test2 t2 using(a, b)
join test2 t3 using(c, b)
join test t4 using(a)
POSTHOOK: type: QUERY
POSTHOOK: Input: default@test
POSTHOOK: Input: default@test1
POSTHOOK: Input: default@test2
#### A masked pattern was here ####
1	2	2	3	2	3
PREHOOK: query: explain extended select * from test1 t1
join test2 t2 using(a, b)
join test2 t3 using(c, b)
join test t4 using(a)
PREHOOK: type: QUERY
PREHOOK: Input: default@test
PREHOOK: Input: default@test1
PREHOOK: Input: default@test2
#### A masked pattern was here ####
POSTHOOK: query: explain extended select * from test1 t1
join test2 t2 using(a, b)
join test2 t3 using(c, b)
join test t4 using(a)
POSTHOOK: type: QUERY
POSTHOOK: Input: default@test
POSTHOOK: Input: default@test1
POSTHOOK: Input: default@test2
#### A masked pattern was here ####
OPTIMIZED SQL: SELECT `t7`.`a`, `t2`.`b`, `t0`.`b` AS `b1`, `t0`.`c`, `t7`.`b` AS `b2`, `t7`.`c` AS `c1`
FROM (SELECT `a`, `b`, `c`
FROM `default`.`test2`
WHERE `a` IS NOT NULL AND (`b` IS NOT NULL AND `c` IS NOT NULL)) AS `t0`
INNER JOIN (SELECT `a`, `b`
FROM `default`.`test1`
WHERE `a` IS NOT NULL AND `b` IS NOT NULL) AS `t2` ON `t0`.`a` = `t2`.`a` AND `t0`.`b` = `t2`.`b`
INNER JOIN (SELECT *
FROM (SELECT `a`, `b`, `c`
FROM `default`.`test2`
WHERE `c` IS NOT NULL AND (`b` IS NOT NULL AND `a` IS NOT NULL)) AS `t4`
INNER JOIN (SELECT `a`
FROM `default`.`test`
WHERE `a` IS NOT NULL) AS `t6` ON `t4`.`a` = `t6`.`a`) AS `t7` ON `t0`.`c` = `t7`.`c` AND `t0`.`b` = `t7`.`b`
STAGE DEPENDENCIES:
  Stage-1 is a root stage
  Stage-0 depends on stages: Stage-1

STAGE PLANS:
  Stage: Stage-1
    Tez
#### A masked pattern was here ####
      Edges:
        Reducer 2 <- Map 1 (SIMPLE_EDGE), Map 5 (SIMPLE_EDGE)
        Reducer 3 <- Reducer 2 (SIMPLE_EDGE), Reducer 4 (SIMPLE_EDGE)
        Reducer 4 <- Map 1 (SIMPLE_EDGE), Map 6 (SIMPLE_EDGE)
#### A masked pattern was here ####
      Vertices:
        Map 1 
            Map Operator Tree:
                TableScan
                  alias: t2
                  filterExpr: (a is not null and b is not null and c is not null) (type: boolean)
                  Statistics: Num rows: 1 Data size: 12 Basic stats: COMPLETE Column stats: COMPLETE
                  GatherStats: false
                  Filter Operator
                    isSamplingPred: false
                    predicate: (a is not null and b is not null and c is not null) (type: boolean)
                    Statistics: Num rows: 1 Data size: 12 Basic stats: COMPLETE Column stats: COMPLETE
                    Select Operator
                      expressions: a (type: int), b (type: int), c (type: int)
                      outputColumnNames: _col0, _col1, _col2
                      Statistics: Num rows: 1 Data size: 12 Basic stats: COMPLETE Column stats: COMPLETE
                      Reduce Output Operator
                        bucketingVersion: 2
                        key expressions: _col1 (type: int), _col0 (type: int)
                        null sort order: zz
                        numBuckets: -1
                        sort order: ++
                        Map-reduce partition columns: _col1 (type: int), _col0 (type: int)
                        Statistics: Num rows: 1 Data size: 12 Basic stats: COMPLETE Column stats: COMPLETE
                        tag: 0
                        value expressions: _col2 (type: int)
                        auto parallelism: true
                      Reduce Output Operator
                        bucketingVersion: 2
                        key expressions: _col0 (type: int)
                        null sort order: z
                        numBuckets: -1
                        sort order: +
                        Map-reduce partition columns: _col0 (type: int)
                        Statistics: Num rows: 1 Data size: 12 Basic stats: COMPLETE Column stats: COMPLETE
                        tag: 0
                        value expressions: _col1 (type: int), _col2 (type: int)
                        auto parallelism: true
            Execution mode: vectorized, llap
            LLAP IO: all inputs
            Path -> Alias:
#### A masked pattern was here ####
            Path -> Partition:
#### A masked pattern was here ####
                Partition
                  base file name: test2
                  input format: org.apache.hadoop.mapred.TextInputFormat
                  output format: org.apache.hadoop.hive.ql.io.HiveIgnoreKeyTextOutputFormat
                  properties:
                    bucket_count -1
                    bucketing_version 2
                    column.name.delimiter ,
                    columns a,b,c
                    columns.types int:int:int
#### A masked pattern was here ####
                    name default.test2
                    serialization.format 1
                    serialization.lib org.apache.hadoop.hive.serde2.lazy.LazySimpleSerDe
                  serde: org.apache.hadoop.hive.serde2.lazy.LazySimpleSerDe
                
                    input format: org.apache.hadoop.mapred.TextInputFormat
                    output format: org.apache.hadoop.hive.ql.io.HiveIgnoreKeyTextOutputFormat
                    properties:
                      bucketing_version 2
                      column.name.delimiter ,
                      columns a,b,c
                      columns.comments 
                      columns.types int:int:int
#### A masked pattern was here ####
                      name default.test2
                      serialization.format 1
                      serialization.lib org.apache.hadoop.hive.serde2.lazy.LazySimpleSerDe
                    serde: org.apache.hadoop.hive.serde2.lazy.LazySimpleSerDe
                    name: default.test2
                  name: default.test2
            Truncated Path -> Alias:
              /test2 [t2]
        Map 5 
            Map Operator Tree:
                TableScan
                  alias: t1
                  filterExpr: (a is not null and b is not null) (type: boolean)
                  Statistics: Num rows: 1 Data size: 8 Basic stats: COMPLETE Column stats: COMPLETE
                  GatherStats: false
                  Filter Operator
                    isSamplingPred: false
                    predicate: (a is not null and b is not null) (type: boolean)
                    Statistics: Num rows: 1 Data size: 8 Basic stats: COMPLETE Column stats: COMPLETE
                    Select Operator
                      expressions: a (type: int), b (type: int)
                      outputColumnNames: _col0, _col1
                      Statistics: Num rows: 1 Data size: 8 Basic stats: COMPLETE Column stats: COMPLETE
                      Reduce Output Operator
                        bucketingVersion: 2
                        key expressions: _col1 (type: int), _col0 (type: int)
                        null sort order: zz
                        numBuckets: -1
                        sort order: ++
                        Map-reduce partition columns: _col1 (type: int), _col0 (type: int)
                        Statistics: Num rows: 1 Data size: 8 Basic stats: COMPLETE Column stats: COMPLETE
                        tag: 1
                        auto parallelism: true
            Execution mode: vectorized, llap
            LLAP IO: all inputs
            Path -> Alias:
#### A masked pattern was here ####
            Path -> Partition:
#### A masked pattern was here ####
                Partition
                  base file name: test1
                  input format: org.apache.hadoop.mapred.TextInputFormat
                  output format: org.apache.hadoop.hive.ql.io.HiveIgnoreKeyTextOutputFormat
                  properties:
                    bucket_count -1
                    bucketing_version 2
                    column.name.delimiter ,
                    columns a,b
                    columns.types int:int
#### A masked pattern was here ####
                    name default.test1
                    serialization.format 1
                    serialization.lib org.apache.hadoop.hive.serde2.lazy.LazySimpleSerDe
                  serde: org.apache.hadoop.hive.serde2.lazy.LazySimpleSerDe
                
                    input format: org.apache.hadoop.mapred.TextInputFormat
                    output format: org.apache.hadoop.hive.ql.io.HiveIgnoreKeyTextOutputFormat
                    properties:
                      bucketing_version 2
                      column.name.delimiter ,
                      columns a,b
                      columns.comments 
                      columns.types int:int
#### A masked pattern was here ####
                      name default.test1
                      serialization.format 1
                      serialization.lib org.apache.hadoop.hive.serde2.lazy.LazySimpleSerDe
                    serde: org.apache.hadoop.hive.serde2.lazy.LazySimpleSerDe
                    name: default.test1
                  name: default.test1
            Truncated Path -> Alias:
              /test1 [t1]
        Map 6 
            Map Operator Tree:
                TableScan
                  alias: t4
                  filterExpr: a is not null (type: boolean)
                  Statistics: Num rows: 1 Data size: 4 Basic stats: COMPLETE Column stats: COMPLETE
                  GatherStats: false
                  Filter Operator
                    isSamplingPred: false
                    predicate: a is not null (type: boolean)
                    Statistics: Num rows: 1 Data size: 4 Basic stats: COMPLETE Column stats: COMPLETE
                    Select Operator
                      expressions: a (type: int)
                      outputColumnNames: _col0
                      Statistics: Num rows: 1 Data size: 4 Basic stats: COMPLETE Column stats: COMPLETE
                      Reduce Output Operator
                        bucketingVersion: 2
                        key expressions: _col0 (type: int)
                        null sort order: z
                        numBuckets: -1
                        sort order: +
                        Map-reduce partition columns: _col0 (type: int)
                        Statistics: Num rows: 1 Data size: 4 Basic stats: COMPLETE Column stats: COMPLETE
                        tag: 1
                        auto parallelism: true
            Execution mode: vectorized, llap
            LLAP IO: all inputs
            Path -> Alias:
#### A masked pattern was here ####
            Path -> Partition:
#### A masked pattern was here ####
                Partition
                  base file name: test
                  input format: org.apache.hadoop.mapred.TextInputFormat
                  output format: org.apache.hadoop.hive.ql.io.HiveIgnoreKeyTextOutputFormat
                  properties:
                    bucket_count -1
                    bucketing_version 2
                    column.name.delimiter ,
                    columns a
                    columns.types int
#### A masked pattern was here ####
                    name default.test
                    serialization.format 1
                    serialization.lib org.apache.hadoop.hive.serde2.lazy.LazySimpleSerDe
                  serde: org.apache.hadoop.hive.serde2.lazy.LazySimpleSerDe
                
                    input format: org.apache.hadoop.mapred.TextInputFormat
                    output format: org.apache.hadoop.hive.ql.io.HiveIgnoreKeyTextOutputFormat
                    properties:
                      bucketing_version 2
                      column.name.delimiter ,
                      columns a
                      columns.comments 
                      columns.types int
#### A masked pattern was here ####
                      name default.test
                      serialization.format 1
                      serialization.lib org.apache.hadoop.hive.serde2.lazy.LazySimpleSerDe
                    serde: org.apache.hadoop.hive.serde2.lazy.LazySimpleSerDe
                    name: default.test
                  name: default.test
            Truncated Path -> Alias:
              /test [t4]
        Reducer 2 
            Execution mode: llap
            Needs Tagging: false
            Reduce Operator Tree:
              Merge Join Operator
                condition map:
                     Inner Join 0 to 1
                keys:
                  0 _col1 (type: int), _col0 (type: int)
                  1 _col1 (type: int), _col0 (type: int)
                outputColumnNames: _col1, _col2, _col4
                Position of Big Table: 0
                Statistics: Num rows: 1 Data size: 12 Basic stats: COMPLETE Column stats: COMPLETE
                Reduce Output Operator
                  bucketingVersion: 2
                  key expressions: _col1 (type: int), _col2 (type: int)
                  null sort order: zz
                  numBuckets: -1
                  sort order: ++
                  Map-reduce partition columns: _col1 (type: int), _col2 (type: int)
                  Statistics: Num rows: 1 Data size: 12 Basic stats: COMPLETE Column stats: COMPLETE
                  tag: 0
                  value expressions: _col4 (type: int)
                  auto parallelism: true
        Reducer 3 
            Execution mode: llap
            Needs Tagging: false
            Reduce Operator Tree:
              Merge Join Operator
                condition map:
                     Inner Join 0 to 1
                keys:
                  0 _col1 (type: int), _col2 (type: int)
                  1 _col1 (type: int), _col2 (type: int)
                outputColumnNames: _col1, _col2, _col4, _col5, _col6, _col7
                Position of Big Table: 0
                Statistics: Num rows: 1 Data size: 24 Basic stats: COMPLETE Column stats: COMPLETE
                Select Operator
                  expressions: _col5 (type: int), _col4 (type: int), _col1 (type: int), _col2 (type: int), _col6 (type: int), _col7 (type: int)
                  outputColumnNames: _col0, _col1, _col2, _col3, _col4, _col5
                  Statistics: Num rows: 1 Data size: 24 Basic stats: COMPLETE Column stats: COMPLETE
                  File Output Operator
                    bucketingVersion: 2
                    compressed: false
                    GlobalTableId: 0
#### A masked pattern was here ####
                    NumFilesPerFileSink: 1
                    Statistics: Num rows: 1 Data size: 24 Basic stats: COMPLETE Column stats: COMPLETE
#### A masked pattern was here ####
                    table:
                        input format: org.apache.hadoop.mapred.SequenceFileInputFormat
                        output format: org.apache.hadoop.hive.ql.io.HiveSequenceFileOutputFormat
                        properties:
                          bucketing_version -1
                          columns _col0,_col1,_col2,_col3,_col4,_col5
                          columns.types int:int:int:int:int:int
                          escape.delim \
                          hive.serialization.extend.additional.nesting.levels true
                          serialization.escape.crlf true
                          serialization.format 1
                          serialization.lib org.apache.hadoop.hive.serde2.lazy.LazySimpleSerDe
                        serde: org.apache.hadoop.hive.serde2.lazy.LazySimpleSerDe
                    TotalFiles: 1
                    GatherStats: false
                    MultiFileSpray: false
        Reducer 4 
            Execution mode: llap
            Needs Tagging: false
            Reduce Operator Tree:
              Merge Join Operator
                condition map:
                     Inner Join 0 to 1
                keys:
                  0 _col0 (type: int)
                  1 _col0 (type: int)
                outputColumnNames: _col0, _col1, _col2
                Position of Big Table: 0
                Statistics: Num rows: 1 Data size: 12 Basic stats: COMPLETE Column stats: COMPLETE
                Reduce Output Operator
                  bucketingVersion: 2
                  key expressions: _col1 (type: int), _col2 (type: int)
                  null sort order: zz
                  numBuckets: -1
                  sort order: ++
                  Map-reduce partition columns: _col1 (type: int), _col2 (type: int)
                  Statistics: Num rows: 1 Data size: 12 Basic stats: COMPLETE Column stats: COMPLETE
                  tag: 1
                  value expressions: _col0 (type: int)
                  auto parallelism: true

  Stage: Stage-0
    Fetch Operator
      limit: -1
      Processor Tree:
        ListSink

