PREHOOK: query: CREATE TABLE test1_n7 (key INT, value INT, col_1 STRING)
PREHOOK: type: CREATETABLE
PREHOOK: Output: database:default
PREHOOK: Output: default@test1_n7
POSTHOOK: query: CREATE TABLE test1_n7 (key INT, value INT, col_1 STRING)
POSTHOOK: type: CREATETABLE
POSTHOOK: Output: database:default
POSTHOOK: Output: default@test1_n7
PREHOOK: query: INSERT INTO test1_n7 VALUES (NULL, NULL, 'None'), (98, NULL, 'None'),
    (99, 0, 'Alice'), (99, 2, 'Mat'), (100, 1, 'Bob'), (101, 2, 'Car')
PREHOOK: type: QUERY
PREHOOK: Input: _dummy_database@_dummy_table
PREHOOK: Output: default@test1_n7
POSTHOOK: query: INSERT INTO test1_n7 VALUES (NULL, NULL, 'None'), (98, NULL, 'None'),
    (99, 0, 'Alice'), (99, 2, 'Mat'), (100, 1, 'Bob'), (101, 2, 'Car')
POSTHOOK: type: QUERY
POSTHOOK: Input: _dummy_database@_dummy_table
POSTHOOK: Output: default@test1_n7
POSTHOOK: Lineage: test1_n7.col_1 SCRIPT []
POSTHOOK: Lineage: test1_n7.key SCRIPT []
POSTHOOK: Lineage: test1_n7.value SCRIPT []
PREHOOK: query: CREATE TABLE test2_n4 (key INT, value INT, col_2 STRING)
PREHOOK: type: CREATETABLE
PREHOOK: Output: database:default
PREHOOK: Output: default@test2_n4
POSTHOOK: query: CREATE TABLE test2_n4 (key INT, value INT, col_2 STRING)
POSTHOOK: type: CREATETABLE
POSTHOOK: Output: database:default
POSTHOOK: Output: default@test2_n4
PREHOOK: query: INSERT INTO test2_n4 VALUES (102, 2, 'Del'), (103, 2, 'Ema'),
    (104, 3, 'Fli'), (105, NULL, 'None')
PREHOOK: type: QUERY
PREHOOK: Input: _dummy_database@_dummy_table
PREHOOK: Output: default@test2_n4
POSTHOOK: query: INSERT INTO test2_n4 VALUES (102, 2, 'Del'), (103, 2, 'Ema'),
    (104, 3, 'Fli'), (105, NULL, 'None')
POSTHOOK: type: QUERY
POSTHOOK: Input: _dummy_database@_dummy_table
POSTHOOK: Output: default@test2_n4
POSTHOOK: Lineage: test2_n4.col_2 SCRIPT []
POSTHOOK: Lineage: test2_n4.key SCRIPT []
POSTHOOK: Lineage: test2_n4.value SCRIPT []
PREHOOK: query: EXPLAIN
SELECT *
FROM test1_n7 LEFT OUTER JOIN test2_n4
ON (test1_n7.value=test2_n4.value AND test1_n7.key between 100 and 102)
PREHOOK: type: QUERY
POSTHOOK: query: EXPLAIN
SELECT *
FROM test1_n7 LEFT OUTER JOIN test2_n4
ON (test1_n7.value=test2_n4.value AND test1_n7.key between 100 and 102)
POSTHOOK: type: QUERY
STAGE DEPENDENCIES:
  Stage-1 is a root stage
  Stage-0 depends on stages: Stage-1

STAGE PLANS:
  Stage: Stage-1
    Tez
#### A masked pattern was here ####
      Edges:
        Reducer 2 <- Map 1 (SIMPLE_EDGE), Map 3 (SIMPLE_EDGE)
#### A masked pattern was here ####
      Vertices:
        Map 1 
            Map Operator Tree:
                TableScan
                  alias: test1_n7
                  Statistics: Num rows: 6 Data size: 572 Basic stats: COMPLETE Column stats: COMPLETE
                  Select Operator
                    expressions: key (type: int), value (type: int), col_1 (type: string)
                    outputColumnNames: _col0, _col1, _col2
                    Statistics: Num rows: 6 Data size: 572 Basic stats: COMPLETE Column stats: COMPLETE
                    Reduce Output Operator
                      key expressions: _col1 (type: int)
                      sort order: +
                      Map-reduce partition columns: _col1 (type: int)
                      Statistics: Num rows: 6 Data size: 572 Basic stats: COMPLETE Column stats: COMPLETE
                      value expressions: _col0 (type: int), _col2 (type: string)
            Execution mode: vectorized, llap
            LLAP IO: no inputs
        Map 3 
            Map Operator Tree:
                TableScan
                  alias: test2_n4
                  Statistics: Num rows: 4 Data size: 380 Basic stats: COMPLETE Column stats: COMPLETE
                  Select Operator
                    expressions: key (type: int), value (type: int), col_2 (type: string)
                    outputColumnNames: _col0, _col1, _col2
                    Statistics: Num rows: 4 Data size: 380 Basic stats: COMPLETE Column stats: COMPLETE
                    Reduce Output Operator
                      key expressions: _col1 (type: int)
                      sort order: +
                      Map-reduce partition columns: _col1 (type: int)
                      Statistics: Num rows: 4 Data size: 380 Basic stats: COMPLETE Column stats: COMPLETE
                      value expressions: _col0 (type: int), _col2 (type: string)
            Execution mode: vectorized, llap
            LLAP IO: no inputs
        Reducer 2 
            Execution mode: llap
            Reduce Operator Tree:
              Merge Join Operator
                condition map:
                     Left Outer Join 0 to 1
                filter predicates:
                  0 {VALUE._col0 BETWEEN 100 AND 102}
                  1 
                keys:
                  0 _col1 (type: int)
                  1 _col1 (type: int)
                outputColumnNames: _col0, _col1, _col2, _col3, _col4, _col5
                Statistics: Num rows: 8 Data size: 1524 Basic stats: COMPLETE Column stats: COMPLETE
                File Output Operator
                  compressed: false
                  Statistics: Num rows: 8 Data size: 1524 Basic stats: COMPLETE Column stats: COMPLETE
                  table:
                      input format: org.apache.hadoop.mapred.SequenceFileInputFormat
                      output format: org.apache.hadoop.hive.ql.io.HiveSequenceFileOutputFormat
                      serde: org.apache.hadoop.hive.serde2.lazy.LazySimpleSerDe

  Stage: Stage-0
    Fetch Operator
      limit: -1
      Processor Tree:
        ListSink

PREHOOK: query: SELECT *
FROM test1_n7 LEFT OUTER JOIN test2_n4
ON (test1_n7.value=test2_n4.value AND test1_n7.key between 100 and 102)
PREHOOK: type: QUERY
PREHOOK: Input: default@test1_n7
PREHOOK: Input: default@test2_n4
#### A masked pattern was here ####
POSTHOOK: query: SELECT *
FROM test1_n7 LEFT OUTER JOIN test2_n4
ON (test1_n7.value=test2_n4.value AND test1_n7.key between 100 and 102)
POSTHOOK: type: QUERY
POSTHOOK: Input: default@test1_n7
POSTHOOK: Input: default@test2_n4
#### A masked pattern was here ####
NULL	NULL	None	NULL	NULL	NULL
98	NULL	None	NULL	NULL	NULL
99	0	Alice	NULL	NULL	NULL
100	1	Bob	NULL	NULL	NULL
99	2	Mat	NULL	NULL	NULL
101	2	Car	102	2	Del
101	2	Car	103	2	Ema
Warning: Shuffle Join MERGEJOIN[9][tables = [$hdt$_0, $hdt$_1]] in Stage 'Reducer 2' is a cross product
PREHOOK: query: EXPLAIN
SELECT *
FROM test1_n7 LEFT OUTER JOIN test2_n4
ON (test1_n7.key between 100 and 102)
PREHOOK: type: QUERY
POSTHOOK: query: EXPLAIN
SELECT *
FROM test1_n7 LEFT OUTER JOIN test2_n4
ON (test1_n7.key between 100 and 102)
POSTHOOK: type: QUERY
STAGE DEPENDENCIES:
  Stage-1 is a root stage
  Stage-0 depends on stages: Stage-1

STAGE PLANS:
  Stage: Stage-1
    Tez
#### A masked pattern was here ####
      Edges:
        Reducer 2 <- Map 1 (CUSTOM_SIMPLE_EDGE), Map 3 (CUSTOM_SIMPLE_EDGE)
#### A masked pattern was here ####
      Vertices:
        Map 1 
            Map Operator Tree:
                TableScan
                  alias: test1_n7
                  Statistics: Num rows: 6 Data size: 572 Basic stats: COMPLETE Column stats: COMPLETE
                  Select Operator
                    expressions: key (type: int), value (type: int), col_1 (type: string)
                    outputColumnNames: _col0, _col1, _col2
                    Statistics: Num rows: 6 Data size: 572 Basic stats: COMPLETE Column stats: COMPLETE
                    Reduce Output Operator
                      sort order: 
                      Statistics: Num rows: 6 Data size: 572 Basic stats: COMPLETE Column stats: COMPLETE
                      value expressions: _col0 (type: int), _col1 (type: int), _col2 (type: string)
            Execution mode: vectorized, llap
            LLAP IO: no inputs
        Map 3 
            Map Operator Tree:
                TableScan
                  alias: test2_n4
                  Statistics: Num rows: 4 Data size: 380 Basic stats: COMPLETE Column stats: COMPLETE
                  Select Operator
                    expressions: key (type: int), value (type: int), col_2 (type: string)
                    outputColumnNames: _col0, _col1, _col2
                    Statistics: Num rows: 4 Data size: 380 Basic stats: COMPLETE Column stats: COMPLETE
                    Reduce Output Operator
                      sort order: 
                      Statistics: Num rows: 4 Data size: 380 Basic stats: COMPLETE Column stats: COMPLETE
                      value expressions: _col0 (type: int), _col1 (type: int), _col2 (type: string)
            Execution mode: vectorized, llap
            LLAP IO: no inputs
        Reducer 2 
            Execution mode: llap
            Reduce Operator Tree:
              Merge Join Operator
                condition map:
                     Left Outer Join 0 to 1
                filter predicates:
                  0 {VALUE._col0 BETWEEN 100 AND 102}
                  1 
                keys:
                  0 
                  1 
                outputColumnNames: _col0, _col1, _col2, _col3, _col4, _col5
                Statistics: Num rows: 24 Data size: 4580 Basic stats: COMPLETE Column stats: COMPLETE
                File Output Operator
                  compressed: false
                  Statistics: Num rows: 24 Data size: 4580 Basic stats: COMPLETE Column stats: COMPLETE
                  table:
                      input format: org.apache.hadoop.mapred.SequenceFileInputFormat
                      output format: org.apache.hadoop.hive.ql.io.HiveSequenceFileOutputFormat
                      serde: org.apache.hadoop.hive.serde2.lazy.LazySimpleSerDe

  Stage: Stage-0
    Fetch Operator
      limit: -1
      Processor Tree:
        ListSink

Warning: Shuffle Join MERGEJOIN[9][tables = [$hdt$_0, $hdt$_1]] in Stage 'Reducer 2' is a cross product
PREHOOK: query: SELECT *
FROM test1_n7 LEFT OUTER JOIN test2_n4
ON (test1_n7.key between 100 and 102)
PREHOOK: type: QUERY
PREHOOK: Input: default@test1_n7
PREHOOK: Input: default@test2_n4
#### A masked pattern was here ####
POSTHOOK: query: SELECT *
FROM test1_n7 LEFT OUTER JOIN test2_n4
ON (test1_n7.key between 100 and 102)
POSTHOOK: type: QUERY
POSTHOOK: Input: default@test1_n7
POSTHOOK: Input: default@test2_n4
#### A masked pattern was here ####
NULL	NULL	None	NULL	NULL	NULL
98	NULL	None	NULL	NULL	NULL
99	0	Alice	NULL	NULL	NULL
99	2	Mat	NULL	NULL	NULL
100	1	Bob	102	2	Del
100	1	Bob	103	2	Ema
100	1	Bob	104	3	Fli
100	1	Bob	105	NULL	None
101	2	Car	102	2	Del
101	2	Car	103	2	Ema
101	2	Car	104	3	Fli
101	2	Car	105	NULL	None
