PREHOOK: query: CREATE TABLE `customer_removal_n0`(
  `c_custkey` bigint, 
  `c_name` string, 
  `c_address` string, 
  `c_city` string, 
  `c_nation` string, 
  `c_region` string, 
  `c_phone` string, 
  `c_mktsegment` string,
  primary key (`c_custkey`) disable rely)
ROW FORMAT DELIMITED
FIELDS TERMINATED BY '|'
STORED AS TEXTFILE
PREHOOK: type: CREATETABLE
PREHOOK: Output: database:default
PREHOOK: Output: default@customer_removal_n0
POSTHOOK: query: CREATE TABLE `customer_removal_n0`(
  `c_custkey` bigint, 
  `c_name` string, 
  `c_address` string, 
  `c_city` string, 
  `c_nation` string, 
  `c_region` string, 
  `c_phone` string, 
  `c_mktsegment` string,
  primary key (`c_custkey`) disable rely)
ROW FORMAT DELIMITED
FIELDS TERMINATED BY '|'
STORED AS TEXTFILE
POSTHOOK: type: CREATETABLE
POSTHOOK: Output: database:default
POSTHOOK: Output: default@customer_removal_n0
PREHOOK: query: CREATE TABLE `dates_removal_n0`(
  `d_datekey` bigint, 
  `d_date` string, 
  `d_dayofweek` string, 
  `d_month` string, 
  `d_year` int, 
  `d_yearmonthnum` int, 
  `d_yearmonth` string, 
  `d_daynuminweek` int,
  `d_daynuminmonth` int,
  `d_daynuminyear` int,
  `d_monthnuminyear` int,
  `d_weeknuminyear` int,
  `d_sellingseason` string,
  `d_lastdayinweekfl` int,
  `d_lastdayinmonthfl` int,
  `d_holidayfl` int ,
  `d_weekdayfl`int,
  primary key (`d_datekey`) disable rely)
ROW FORMAT DELIMITED
FIELDS TERMINATED BY '|'
STORED AS TEXTFILE
PREHOOK: type: CREATETABLE
PREHOOK: Output: database:default
PREHOOK: Output: default@dates_removal_n0
POSTHOOK: query: CREATE TABLE `dates_removal_n0`(
  `d_datekey` bigint, 
  `d_date` string, 
  `d_dayofweek` string, 
  `d_month` string, 
  `d_year` int, 
  `d_yearmonthnum` int, 
  `d_yearmonth` string, 
  `d_daynuminweek` int,
  `d_daynuminmonth` int,
  `d_daynuminyear` int,
  `d_monthnuminyear` int,
  `d_weeknuminyear` int,
  `d_sellingseason` string,
  `d_lastdayinweekfl` int,
  `d_lastdayinmonthfl` int,
  `d_holidayfl` int ,
  `d_weekdayfl`int,
  primary key (`d_datekey`) disable rely)
ROW FORMAT DELIMITED
FIELDS TERMINATED BY '|'
STORED AS TEXTFILE
POSTHOOK: type: CREATETABLE
POSTHOOK: Output: database:default
POSTHOOK: Output: default@dates_removal_n0
PREHOOK: query: CREATE TABLE `lineorder_removal_n0`(
  `lo_orderkey` bigint, 
  `lo_linenumber` int, 
  `lo_custkey` bigint not null disable rely,
  `lo_partkey` bigint not null disable rely,
  `lo_suppkey` bigint not null disable rely,
  `lo_orderdate` bigint,
  `lo_ordpriority` string, 
  `lo_shippriority` string, 
  `lo_quantity` double, 
  `lo_extendedprice` double, 
  `lo_ordtotalprice` double, 
  `lo_discount` double, 
  `lo_revenue` double, 
  `lo_supplycost` double, 
  `lo_tax` double, 
  `lo_commitdate` bigint, 
  `lo_shipmode` string,
  primary key (`lo_orderkey`) disable rely,
  constraint fk1 foreign key (`lo_custkey`) references `customer_removal_n0`(`c_custkey`) disable rely,
  constraint fk2 foreign key (`lo_orderdate`) references `dates_removal_n0`(`d_datekey`) disable rely)
ROW FORMAT DELIMITED
FIELDS TERMINATED BY '|'
STORED AS TEXTFILE
PREHOOK: type: CREATETABLE
PREHOOK: Output: database:default
PREHOOK: Output: default@lineorder_removal_n0
POSTHOOK: query: CREATE TABLE `lineorder_removal_n0`(
  `lo_orderkey` bigint, 
  `lo_linenumber` int, 
  `lo_custkey` bigint not null disable rely,
  `lo_partkey` bigint not null disable rely,
  `lo_suppkey` bigint not null disable rely,
  `lo_orderdate` bigint,
  `lo_ordpriority` string, 
  `lo_shippriority` string, 
  `lo_quantity` double, 
  `lo_extendedprice` double, 
  `lo_ordtotalprice` double, 
  `lo_discount` double, 
  `lo_revenue` double, 
  `lo_supplycost` double, 
  `lo_tax` double, 
  `lo_commitdate` bigint, 
  `lo_shipmode` string,
  primary key (`lo_orderkey`) disable rely,
  constraint fk1 foreign key (`lo_custkey`) references `customer_removal_n0`(`c_custkey`) disable rely,
  constraint fk2 foreign key (`lo_orderdate`) references `dates_removal_n0`(`d_datekey`) disable rely)
ROW FORMAT DELIMITED
FIELDS TERMINATED BY '|'
STORED AS TEXTFILE
POSTHOOK: type: CREATETABLE
POSTHOOK: Output: database:default
POSTHOOK: Output: default@lineorder_removal_n0
PREHOOK: query: EXPLAIN
SELECT `lo_linenumber`
FROM `lineorder_removal_n0`
JOIN `customer_removal_n0` ON `lo_custkey` = `c_custkey`
PREHOOK: type: QUERY
PREHOOK: Input: default@customer_removal_n0
PREHOOK: Input: default@lineorder_removal_n0
#### A masked pattern was here ####
POSTHOOK: query: EXPLAIN
SELECT `lo_linenumber`
FROM `lineorder_removal_n0`
JOIN `customer_removal_n0` ON `lo_custkey` = `c_custkey`
POSTHOOK: type: QUERY
POSTHOOK: Input: default@customer_removal_n0
POSTHOOK: Input: default@lineorder_removal_n0
#### A masked pattern was here ####
STAGE DEPENDENCIES:
  Stage-0 is a root stage

STAGE PLANS:
  Stage: Stage-0
    Fetch Operator
      limit: -1
      Processor Tree:
        TableScan
          alias: lineorder_removal_n0
          Select Operator
            expressions: lo_linenumber (type: int)
            outputColumnNames: _col0
            ListSink

PREHOOK: query: EXPLAIN
SELECT `lo_linenumber`
FROM `lineorder_removal_n0`
JOIN `dates_removal_n0` ON `lo_orderdate` = `d_datekey`
PREHOOK: type: QUERY
PREHOOK: Input: default@dates_removal_n0
PREHOOK: Input: default@lineorder_removal_n0
#### A masked pattern was here ####
POSTHOOK: query: EXPLAIN
SELECT `lo_linenumber`
FROM `lineorder_removal_n0`
JOIN `dates_removal_n0` ON `lo_orderdate` = `d_datekey`
POSTHOOK: type: QUERY
POSTHOOK: Input: default@dates_removal_n0
POSTHOOK: Input: default@lineorder_removal_n0
#### A masked pattern was here ####
STAGE DEPENDENCIES:
  Stage-0 is a root stage

STAGE PLANS:
  Stage: Stage-0
    Fetch Operator
      limit: -1
      Processor Tree:
        TableScan
          alias: lineorder_removal_n0
          filterExpr: lo_orderdate is not null (type: boolean)
          Filter Operator
            predicate: lo_orderdate is not null (type: boolean)
            Select Operator
              expressions: lo_linenumber (type: int)
              outputColumnNames: _col0
              ListSink

PREHOOK: query: EXPLAIN
SELECT `lo_linenumber`
FROM `lineorder_removal_n0`
LEFT OUTER JOIN `customer_removal_n0` ON `lo_custkey` = `c_custkey`
PREHOOK: type: QUERY
PREHOOK: Input: default@customer_removal_n0
PREHOOK: Input: default@lineorder_removal_n0
#### A masked pattern was here ####
POSTHOOK: query: EXPLAIN
SELECT `lo_linenumber`
FROM `lineorder_removal_n0`
LEFT OUTER JOIN `customer_removal_n0` ON `lo_custkey` = `c_custkey`
POSTHOOK: type: QUERY
POSTHOOK: Input: default@customer_removal_n0
POSTHOOK: Input: default@lineorder_removal_n0
#### A masked pattern was here ####
STAGE DEPENDENCIES:
  Stage-0 is a root stage

STAGE PLANS:
  Stage: Stage-0
    Fetch Operator
      limit: -1
      Processor Tree:
        TableScan
          alias: lineorder_removal_n0
          Select Operator
            expressions: lo_linenumber (type: int)
            outputColumnNames: _col0
            ListSink

PREHOOK: query: EXPLAIN
SELECT `lo_linenumber`, `c_region`
FROM `lineorder_removal_n0`
LEFT OUTER JOIN `customer_removal_n0` ON `lo_custkey` = `c_custkey`
PREHOOK: type: QUERY
PREHOOK: Input: default@customer_removal_n0
PREHOOK: Input: default@lineorder_removal_n0
#### A masked pattern was here ####
POSTHOOK: query: EXPLAIN
SELECT `lo_linenumber`, `c_region`
FROM `lineorder_removal_n0`
LEFT OUTER JOIN `customer_removal_n0` ON `lo_custkey` = `c_custkey`
POSTHOOK: type: QUERY
POSTHOOK: Input: default@customer_removal_n0
POSTHOOK: Input: default@lineorder_removal_n0
#### A masked pattern was here ####
STAGE DEPENDENCIES:
  Stage-1 is a root stage
  Stage-0 depends on stages: Stage-1

STAGE PLANS:
  Stage: Stage-1
    Tez
#### A masked pattern was here ####
      Edges:
        Reducer 2 <- Map 1 (SIMPLE_EDGE), Map 3 (SIMPLE_EDGE)
#### A masked pattern was here ####
      Vertices:
        Map 1 
            Map Operator Tree:
                TableScan
                  alias: lineorder_removal_n0
                  Statistics: Num rows: 1 Data size: 12 Basic stats: COMPLETE Column stats: NONE
                  Select Operator
                    expressions: lo_linenumber (type: int), lo_custkey (type: bigint)
                    outputColumnNames: _col0, _col1
                    Statistics: Num rows: 1 Data size: 12 Basic stats: COMPLETE Column stats: NONE
                    Reduce Output Operator
                      key expressions: _col1 (type: bigint)
                      sort order: +
                      Map-reduce partition columns: _col1 (type: bigint)
                      Statistics: Num rows: 1 Data size: 12 Basic stats: COMPLETE Column stats: NONE
                      value expressions: _col0 (type: int)
            Execution mode: vectorized, llap
            LLAP IO: no inputs
        Map 3 
            Map Operator Tree:
                TableScan
                  alias: customer_removal_n0
                  Statistics: Num rows: 1 Data size: 192 Basic stats: COMPLETE Column stats: NONE
                  Select Operator
                    expressions: c_custkey (type: bigint), c_region (type: string)
                    outputColumnNames: _col0, _col1
                    Statistics: Num rows: 1 Data size: 192 Basic stats: COMPLETE Column stats: NONE
                    Reduce Output Operator
                      key expressions: _col0 (type: bigint)
                      sort order: +
                      Map-reduce partition columns: _col0 (type: bigint)
                      Statistics: Num rows: 1 Data size: 192 Basic stats: COMPLETE Column stats: NONE
                      value expressions: _col1 (type: string)
            Execution mode: vectorized, llap
            LLAP IO: no inputs
        Reducer 2 
            Execution mode: llap
            Reduce Operator Tree:
              Merge Join Operator
                condition map:
                     Inner Join 0 to 1
                keys:
                  0 _col1 (type: bigint)
                  1 _col0 (type: bigint)
                outputColumnNames: _col0, _col3
                Statistics: Num rows: 1 Data size: 13 Basic stats: COMPLETE Column stats: NONE
                Select Operator
                  expressions: _col0 (type: int), _col3 (type: string)
                  outputColumnNames: _col0, _col1
                  Statistics: Num rows: 1 Data size: 13 Basic stats: COMPLETE Column stats: NONE
                  File Output Operator
                    compressed: false
                    Statistics: Num rows: 1 Data size: 13 Basic stats: COMPLETE Column stats: NONE
                    table:
                        input format: org.apache.hadoop.mapred.SequenceFileInputFormat
                        output format: org.apache.hadoop.hive.ql.io.HiveSequenceFileOutputFormat
                        serde: org.apache.hadoop.hive.serde2.lazy.LazySimpleSerDe

  Stage: Stage-0
    Fetch Operator
      limit: -1
      Processor Tree:
        ListSink

PREHOOK: query: EXPLAIN
SELECT `lo_linenumber`
FROM `lineorder_removal_n0`
LEFT OUTER JOIN `dates_removal_n0` ON `lo_orderdate` = `d_datekey`
PREHOOK: type: QUERY
PREHOOK: Input: default@dates_removal_n0
PREHOOK: Input: default@lineorder_removal_n0
#### A masked pattern was here ####
POSTHOOK: query: EXPLAIN
SELECT `lo_linenumber`
FROM `lineorder_removal_n0`
LEFT OUTER JOIN `dates_removal_n0` ON `lo_orderdate` = `d_datekey`
POSTHOOK: type: QUERY
POSTHOOK: Input: default@dates_removal_n0
POSTHOOK: Input: default@lineorder_removal_n0
#### A masked pattern was here ####
STAGE DEPENDENCIES:
  Stage-1 is a root stage
  Stage-0 depends on stages: Stage-1

STAGE PLANS:
  Stage: Stage-1
    Tez
#### A masked pattern was here ####
      Edges:
        Reducer 2 <- Map 1 (SIMPLE_EDGE), Map 3 (SIMPLE_EDGE)
#### A masked pattern was here ####
      Vertices:
        Map 1 
            Map Operator Tree:
                TableScan
                  alias: lineorder_removal_n0
                  Statistics: Num rows: 1 Data size: 12 Basic stats: COMPLETE Column stats: NONE
                  Select Operator
                    expressions: lo_linenumber (type: int), lo_orderdate (type: bigint)
                    outputColumnNames: _col0, _col1
                    Statistics: Num rows: 1 Data size: 12 Basic stats: COMPLETE Column stats: NONE
                    Reduce Output Operator
                      key expressions: _col1 (type: bigint)
                      sort order: +
                      Map-reduce partition columns: _col1 (type: bigint)
                      Statistics: Num rows: 1 Data size: 12 Basic stats: COMPLETE Column stats: NONE
                      value expressions: _col0 (type: int)
            Execution mode: vectorized, llap
            LLAP IO: no inputs
        Map 3 
            Map Operator Tree:
                TableScan
                  alias: dates_removal_n0
                  Statistics: Num rows: 1 Data size: 8 Basic stats: COMPLETE Column stats: NONE
                  Select Operator
                    expressions: d_datekey (type: bigint)
                    outputColumnNames: _col0
                    Statistics: Num rows: 1 Data size: 8 Basic stats: COMPLETE Column stats: NONE
                    Reduce Output Operator
                      key expressions: _col0 (type: bigint)
                      sort order: +
                      Map-reduce partition columns: _col0 (type: bigint)
                      Statistics: Num rows: 1 Data size: 8 Basic stats: COMPLETE Column stats: NONE
            Execution mode: vectorized, llap
            LLAP IO: no inputs
        Reducer 2 
            Execution mode: llap
            Reduce Operator Tree:
              Merge Join Operator
                condition map:
                     Left Outer Join 0 to 1
                keys:
                  0 _col1 (type: bigint)
                  1 _col0 (type: bigint)
                outputColumnNames: _col0
                Statistics: Num rows: 1 Data size: 13 Basic stats: COMPLETE Column stats: NONE
                File Output Operator
                  compressed: false
                  Statistics: Num rows: 1 Data size: 13 Basic stats: COMPLETE Column stats: NONE
                  table:
                      input format: org.apache.hadoop.mapred.SequenceFileInputFormat
                      output format: org.apache.hadoop.hive.ql.io.HiveSequenceFileOutputFormat
                      serde: org.apache.hadoop.hive.serde2.lazy.LazySimpleSerDe

  Stage: Stage-0
    Fetch Operator
      limit: -1
      Processor Tree:
        ListSink

PREHOOK: query: EXPLAIN
SELECT `lo_linenumber`
FROM `lineorder_removal_n0`
JOIN `customer_removal_n0` ON `lo_custkey` = `c_custkey`
JOIN `dates_removal_n0` ON `lo_orderdate` = `d_datekey`
PREHOOK: type: QUERY
PREHOOK: Input: default@customer_removal_n0
PREHOOK: Input: default@dates_removal_n0
PREHOOK: Input: default@lineorder_removal_n0
#### A masked pattern was here ####
POSTHOOK: query: EXPLAIN
SELECT `lo_linenumber`
FROM `lineorder_removal_n0`
JOIN `customer_removal_n0` ON `lo_custkey` = `c_custkey`
JOIN `dates_removal_n0` ON `lo_orderdate` = `d_datekey`
POSTHOOK: type: QUERY
POSTHOOK: Input: default@customer_removal_n0
POSTHOOK: Input: default@dates_removal_n0
POSTHOOK: Input: default@lineorder_removal_n0
#### A masked pattern was here ####
STAGE DEPENDENCIES:
  Stage-0 is a root stage

STAGE PLANS:
  Stage: Stage-0
    Fetch Operator
      limit: -1
      Processor Tree:
        TableScan
          alias: lineorder_removal_n0
          filterExpr: lo_orderdate is not null (type: boolean)
          Filter Operator
            predicate: lo_orderdate is not null (type: boolean)
            Select Operator
              expressions: lo_linenumber (type: int)
              outputColumnNames: _col0
              ListSink

PREHOOK: query: EXPLAIN
SELECT `lo_linenumber`
FROM `lineorder_removal_n0`
LEFT OUTER JOIN `customer_removal_n0` ON `lo_custkey` = `c_custkey`
JOIN `dates_removal_n0` ON `lo_orderdate` = `d_datekey`
PREHOOK: type: QUERY
PREHOOK: Input: default@customer_removal_n0
PREHOOK: Input: default@dates_removal_n0
PREHOOK: Input: default@lineorder_removal_n0
#### A masked pattern was here ####
POSTHOOK: query: EXPLAIN
SELECT `lo_linenumber`
FROM `lineorder_removal_n0`
LEFT OUTER JOIN `customer_removal_n0` ON `lo_custkey` = `c_custkey`
JOIN `dates_removal_n0` ON `lo_orderdate` = `d_datekey`
POSTHOOK: type: QUERY
POSTHOOK: Input: default@customer_removal_n0
POSTHOOK: Input: default@dates_removal_n0
POSTHOOK: Input: default@lineorder_removal_n0
#### A masked pattern was here ####
STAGE DEPENDENCIES:
  Stage-0 is a root stage

STAGE PLANS:
  Stage: Stage-0
    Fetch Operator
      limit: -1
      Processor Tree:
        TableScan
          alias: lineorder_removal_n0
          filterExpr: lo_orderdate is not null (type: boolean)
          Filter Operator
            predicate: lo_orderdate is not null (type: boolean)
            Select Operator
              expressions: lo_linenumber (type: int)
              outputColumnNames: _col0
              ListSink

PREHOOK: query: EXPLAIN
SELECT `lo_linenumber` FROM
(SELECT *
FROM `lineorder_removal_n0`
JOIN `customer_removal_n0` ON `lo_custkey` = `c_custkey`) subq
LEFT OUTER JOIN `dates_removal_n0` ON `lo_orderdate` = `d_datekey`
PREHOOK: type: QUERY
PREHOOK: Input: default@customer_removal_n0
PREHOOK: Input: default@dates_removal_n0
PREHOOK: Input: default@lineorder_removal_n0
#### A masked pattern was here ####
POSTHOOK: query: EXPLAIN
SELECT `lo_linenumber` FROM
(SELECT *
FROM `lineorder_removal_n0`
JOIN `customer_removal_n0` ON `lo_custkey` = `c_custkey`) subq
LEFT OUTER JOIN `dates_removal_n0` ON `lo_orderdate` = `d_datekey`
POSTHOOK: type: QUERY
POSTHOOK: Input: default@customer_removal_n0
POSTHOOK: Input: default@dates_removal_n0
POSTHOOK: Input: default@lineorder_removal_n0
#### A masked pattern was here ####
STAGE DEPENDENCIES:
  Stage-1 is a root stage
  Stage-0 depends on stages: Stage-1

STAGE PLANS:
  Stage: Stage-1
    Tez
#### A masked pattern was here ####
      Edges:
        Reducer 2 <- Map 1 (SIMPLE_EDGE), Map 3 (SIMPLE_EDGE)
#### A masked pattern was here ####
      Vertices:
        Map 1 
            Map Operator Tree:
                TableScan
                  alias: lineorder_removal_n0
                  Statistics: Num rows: 1 Data size: 12 Basic stats: COMPLETE Column stats: NONE
                  Select Operator
                    expressions: lo_linenumber (type: int), lo_orderdate (type: bigint)
                    outputColumnNames: _col0, _col1
                    Statistics: Num rows: 1 Data size: 12 Basic stats: COMPLETE Column stats: NONE
                    Reduce Output Operator
                      key expressions: _col1 (type: bigint)
                      sort order: +
                      Map-reduce partition columns: _col1 (type: bigint)
                      Statistics: Num rows: 1 Data size: 12 Basic stats: COMPLETE Column stats: NONE
                      value expressions: _col0 (type: int)
            Execution mode: vectorized, llap
            LLAP IO: no inputs
        Map 3 
            Map Operator Tree:
                TableScan
                  alias: dates_removal_n0
                  Statistics: Num rows: 1 Data size: 8 Basic stats: COMPLETE Column stats: NONE
                  Select Operator
                    expressions: d_datekey (type: bigint)
                    outputColumnNames: _col0
                    Statistics: Num rows: 1 Data size: 8 Basic stats: COMPLETE Column stats: NONE
                    Reduce Output Operator
                      key expressions: _col0 (type: bigint)
                      sort order: +
                      Map-reduce partition columns: _col0 (type: bigint)
                      Statistics: Num rows: 1 Data size: 8 Basic stats: COMPLETE Column stats: NONE
            Execution mode: vectorized, llap
            LLAP IO: no inputs
        Reducer 2 
            Execution mode: llap
            Reduce Operator Tree:
              Merge Join Operator
                condition map:
                     Left Outer Join 0 to 1
                keys:
                  0 _col1 (type: bigint)
                  1 _col0 (type: bigint)
                outputColumnNames: _col0
                Statistics: Num rows: 1 Data size: 13 Basic stats: COMPLETE Column stats: NONE
                File Output Operator
                  compressed: false
                  Statistics: Num rows: 1 Data size: 13 Basic stats: COMPLETE Column stats: NONE
                  table:
                      input format: org.apache.hadoop.mapred.SequenceFileInputFormat
                      output format: org.apache.hadoop.hive.ql.io.HiveSequenceFileOutputFormat
                      serde: org.apache.hadoop.hive.serde2.lazy.LazySimpleSerDe

  Stage: Stage-0
    Fetch Operator
      limit: -1
      Processor Tree:
        ListSink

PREHOOK: query: EXPLAIN
SELECT `lo_linenumber`
FROM `lineorder_removal_n0`
LEFT OUTER JOIN `customer_removal_n0` ON `lo_custkey` = `c_custkey`
LEFT OUTER JOIN `dates_removal_n0` ON `lo_orderdate` = `d_datekey`
PREHOOK: type: QUERY
PREHOOK: Input: default@customer_removal_n0
PREHOOK: Input: default@dates_removal_n0
PREHOOK: Input: default@lineorder_removal_n0
#### A masked pattern was here ####
POSTHOOK: query: EXPLAIN
SELECT `lo_linenumber`
FROM `lineorder_removal_n0`
LEFT OUTER JOIN `customer_removal_n0` ON `lo_custkey` = `c_custkey`
LEFT OUTER JOIN `dates_removal_n0` ON `lo_orderdate` = `d_datekey`
POSTHOOK: type: QUERY
POSTHOOK: Input: default@customer_removal_n0
POSTHOOK: Input: default@dates_removal_n0
POSTHOOK: Input: default@lineorder_removal_n0
#### A masked pattern was here ####
STAGE DEPENDENCIES:
  Stage-1 is a root stage
  Stage-0 depends on stages: Stage-1

STAGE PLANS:
  Stage: Stage-1
    Tez
#### A masked pattern was here ####
      Edges:
        Reducer 2 <- Map 1 (SIMPLE_EDGE), Map 3 (SIMPLE_EDGE)
#### A masked pattern was here ####
      Vertices:
        Map 1 
            Map Operator Tree:
                TableScan
                  alias: lineorder_removal_n0
                  Statistics: Num rows: 1 Data size: 12 Basic stats: COMPLETE Column stats: NONE
                  Select Operator
                    expressions: lo_linenumber (type: int), lo_orderdate (type: bigint)
                    outputColumnNames: _col0, _col1
                    Statistics: Num rows: 1 Data size: 12 Basic stats: COMPLETE Column stats: NONE
                    Reduce Output Operator
                      key expressions: _col1 (type: bigint)
                      sort order: +
                      Map-reduce partition columns: _col1 (type: bigint)
                      Statistics: Num rows: 1 Data size: 12 Basic stats: COMPLETE Column stats: NONE
                      value expressions: _col0 (type: int)
            Execution mode: vectorized, llap
            LLAP IO: no inputs
        Map 3 
            Map Operator Tree:
                TableScan
                  alias: dates_removal_n0
                  Statistics: Num rows: 1 Data size: 8 Basic stats: COMPLETE Column stats: NONE
                  Select Operator
                    expressions: d_datekey (type: bigint)
                    outputColumnNames: _col0
                    Statistics: Num rows: 1 Data size: 8 Basic stats: COMPLETE Column stats: NONE
                    Reduce Output Operator
                      key expressions: _col0 (type: bigint)
                      sort order: +
                      Map-reduce partition columns: _col0 (type: bigint)
                      Statistics: Num rows: 1 Data size: 8 Basic stats: COMPLETE Column stats: NONE
            Execution mode: vectorized, llap
            LLAP IO: no inputs
        Reducer 2 
            Execution mode: llap
            Reduce Operator Tree:
              Merge Join Operator
                condition map:
                     Left Outer Join 0 to 1
                keys:
                  0 _col1 (type: bigint)
                  1 _col0 (type: bigint)
                outputColumnNames: _col0
                Statistics: Num rows: 1 Data size: 13 Basic stats: COMPLETE Column stats: NONE
                File Output Operator
                  compressed: false
                  Statistics: Num rows: 1 Data size: 13 Basic stats: COMPLETE Column stats: NONE
                  table:
                      input format: org.apache.hadoop.mapred.SequenceFileInputFormat
                      output format: org.apache.hadoop.hive.ql.io.HiveSequenceFileOutputFormat
                      serde: org.apache.hadoop.hive.serde2.lazy.LazySimpleSerDe

  Stage: Stage-0
    Fetch Operator
      limit: -1
      Processor Tree:
        ListSink

PREHOOK: query: EXPLAIN
SELECT `lo_linenumber`
FROM `lineorder_removal_n0`
LEFT OUTER JOIN `dates_removal_n0` ON `lo_orderdate` = `d_datekey`
LEFT OUTER JOIN `customer_removal_n0` ON `lo_custkey` = `c_custkey`
PREHOOK: type: QUERY
PREHOOK: Input: default@customer_removal_n0
PREHOOK: Input: default@dates_removal_n0
PREHOOK: Input: default@lineorder_removal_n0
#### A masked pattern was here ####
POSTHOOK: query: EXPLAIN
SELECT `lo_linenumber`
FROM `lineorder_removal_n0`
LEFT OUTER JOIN `dates_removal_n0` ON `lo_orderdate` = `d_datekey`
LEFT OUTER JOIN `customer_removal_n0` ON `lo_custkey` = `c_custkey`
POSTHOOK: type: QUERY
POSTHOOK: Input: default@customer_removal_n0
POSTHOOK: Input: default@dates_removal_n0
POSTHOOK: Input: default@lineorder_removal_n0
#### A masked pattern was here ####
STAGE DEPENDENCIES:
  Stage-1 is a root stage
  Stage-0 depends on stages: Stage-1

STAGE PLANS:
  Stage: Stage-1
    Tez
#### A masked pattern was here ####
      Edges:
        Reducer 2 <- Map 1 (SIMPLE_EDGE), Map 4 (SIMPLE_EDGE)
        Reducer 3 <- Map 5 (SIMPLE_EDGE), Reducer 2 (SIMPLE_EDGE)
#### A masked pattern was here ####
      Vertices:
        Map 1 
            Map Operator Tree:
                TableScan
                  alias: lineorder_removal_n0
                  Statistics: Num rows: 1 Data size: 20 Basic stats: COMPLETE Column stats: NONE
                  Select Operator
                    expressions: lo_linenumber (type: int), lo_custkey (type: bigint), lo_orderdate (type: bigint)
                    outputColumnNames: _col0, _col1, _col2
                    Statistics: Num rows: 1 Data size: 20 Basic stats: COMPLETE Column stats: NONE
                    Reduce Output Operator
                      key expressions: _col2 (type: bigint)
                      sort order: +
                      Map-reduce partition columns: _col2 (type: bigint)
                      Statistics: Num rows: 1 Data size: 20 Basic stats: COMPLETE Column stats: NONE
                      value expressions: _col0 (type: int), _col1 (type: bigint)
            Execution mode: vectorized, llap
            LLAP IO: no inputs
        Map 4 
            Map Operator Tree:
                TableScan
                  alias: dates_removal_n0
                  Statistics: Num rows: 1 Data size: 8 Basic stats: COMPLETE Column stats: NONE
                  Select Operator
                    expressions: d_datekey (type: bigint)
                    outputColumnNames: _col0
                    Statistics: Num rows: 1 Data size: 8 Basic stats: COMPLETE Column stats: NONE
                    Reduce Output Operator
                      key expressions: _col0 (type: bigint)
                      sort order: +
                      Map-reduce partition columns: _col0 (type: bigint)
                      Statistics: Num rows: 1 Data size: 8 Basic stats: COMPLETE Column stats: NONE
            Execution mode: vectorized, llap
            LLAP IO: no inputs
        Map 5 
            Map Operator Tree:
                TableScan
                  alias: customer_removal_n0
                  Statistics: Num rows: 1 Data size: 8 Basic stats: COMPLETE Column stats: NONE
                  Select Operator
                    expressions: c_custkey (type: bigint)
                    outputColumnNames: _col0
                    Statistics: Num rows: 1 Data size: 8 Basic stats: COMPLETE Column stats: NONE
                    Reduce Output Operator
                      key expressions: _col0 (type: bigint)
                      sort order: +
                      Map-reduce partition columns: _col0 (type: bigint)
                      Statistics: Num rows: 1 Data size: 8 Basic stats: COMPLETE Column stats: NONE
            Execution mode: vectorized, llap
            LLAP IO: no inputs
        Reducer 2 
            Execution mode: llap
            Reduce Operator Tree:
              Merge Join Operator
                condition map:
                     Left Outer Join 0 to 1
                keys:
                  0 _col2 (type: bigint)
                  1 _col0 (type: bigint)
                outputColumnNames: _col0, _col1
                Statistics: Num rows: 1 Data size: 22 Basic stats: COMPLETE Column stats: NONE
                Reduce Output Operator
                  key expressions: _col1 (type: bigint)
                  sort order: +
                  Map-reduce partition columns: _col1 (type: bigint)
                  Statistics: Num rows: 1 Data size: 22 Basic stats: COMPLETE Column stats: NONE
                  value expressions: _col0 (type: int)
        Reducer 3 
            Execution mode: llap
            Reduce Operator Tree:
              Merge Join Operator
                condition map:
                     Left Outer Join 0 to 1
                keys:
                  0 _col1 (type: bigint)
                  1 _col0 (type: bigint)
                outputColumnNames: _col0
                Statistics: Num rows: 1 Data size: 24 Basic stats: COMPLETE Column stats: NONE
                File Output Operator
                  compressed: false
                  Statistics: Num rows: 1 Data size: 24 Basic stats: COMPLETE Column stats: NONE
                  table:
                      input format: org.apache.hadoop.mapred.SequenceFileInputFormat
                      output format: org.apache.hadoop.hive.ql.io.HiveSequenceFileOutputFormat
                      serde: org.apache.hadoop.hive.serde2.lazy.LazySimpleSerDe

  Stage: Stage-0
    Fetch Operator
      limit: -1
      Processor Tree:
        ListSink

PREHOOK: query: EXPLAIN
SELECT `lo_linenumber`, `c_custkey`
FROM `lineorder_removal_n0`
JOIN `customer_removal_n0` ON `lo_custkey` = `c_custkey`
PREHOOK: type: QUERY
PREHOOK: Input: default@customer_removal_n0
PREHOOK: Input: default@lineorder_removal_n0
#### A masked pattern was here ####
POSTHOOK: query: EXPLAIN
SELECT `lo_linenumber`, `c_custkey`
FROM `lineorder_removal_n0`
JOIN `customer_removal_n0` ON `lo_custkey` = `c_custkey`
POSTHOOK: type: QUERY
POSTHOOK: Input: default@customer_removal_n0
POSTHOOK: Input: default@lineorder_removal_n0
#### A masked pattern was here ####
STAGE DEPENDENCIES:
  Stage-0 is a root stage

STAGE PLANS:
  Stage: Stage-0
    Fetch Operator
      limit: -1
      Processor Tree:
        TableScan
          alias: lineorder_removal_n0
          Select Operator
            expressions: lo_linenumber (type: int), lo_custkey (type: bigint)
            outputColumnNames: _col0, _col1
            ListSink

