PREHOOK: query: create table tbl1_n3(c1 varchar(10), intcol int)
PREHOOK: type: CREATETABLE
PREHOOK: Output: database:default
PREHOOK: Output: default@tbl1_n3
POSTHOOK: query: create table tbl1_n3(c1 varchar(10), intcol int)
POSTHOOK: type: CREATETABLE
POSTHOOK: Output: database:default
POSTHOOK: Output: default@tbl1_n3
PREHOOK: query: create table tbl2_n2(c2 varchar(30))
PREHOOK: type: CREATETABLE
PREHOOK: Output: database:default
PREHOOK: Output: default@tbl2_n2
POSTHOOK: query: create table tbl2_n2(c2 varchar(30))
POSTHOOK: type: CREATETABLE
POSTHOOK: Output: database:default
POSTHOOK: Output: default@tbl2_n2
PREHOOK: query: insert into table tbl1_n3 select repeat('t', 10), 11 from src limit 1
PREHOOK: type: QUERY
PREHOOK: Input: default@src
PREHOOK: Output: default@tbl1_n3
POSTHOOK: query: insert into table tbl1_n3 select repeat('t', 10), 11 from src limit 1
POSTHOOK: type: QUERY
POSTHOOK: Input: default@src
POSTHOOK: Output: default@tbl1_n3
POSTHOOK: Lineage: tbl1_n3.c1 EXPRESSION []
POSTHOOK: Lineage: tbl1_n3.intcol SIMPLE []
PREHOOK: query: insert into table tbl1_n3 select repeat('s', 10), 22 from src limit 1
PREHOOK: type: QUERY
PREHOOK: Input: default@src
PREHOOK: Output: default@tbl1_n3
POSTHOOK: query: insert into table tbl1_n3 select repeat('s', 10), 22 from src limit 1
POSTHOOK: type: QUERY
POSTHOOK: Input: default@src
POSTHOOK: Output: default@tbl1_n3
POSTHOOK: Lineage: tbl1_n3.c1 EXPRESSION []
POSTHOOK: Lineage: tbl1_n3.intcol SIMPLE []
PREHOOK: query: insert into table tbl2_n2 select concat(repeat('t', 10), 'ppp') from src limit 1
PREHOOK: type: QUERY
PREHOOK: Input: default@src
PREHOOK: Output: default@tbl2_n2
POSTHOOK: query: insert into table tbl2_n2 select concat(repeat('t', 10), 'ppp') from src limit 1
POSTHOOK: type: QUERY
POSTHOOK: Input: default@src
POSTHOOK: Output: default@tbl2_n2
POSTHOOK: Lineage: tbl2_n2.c2 EXPRESSION []
PREHOOK: query: insert into table tbl2_n2 select repeat('s', 10) from src limit 1
PREHOOK: type: QUERY
PREHOOK: Input: default@src
PREHOOK: Output: default@tbl2_n2
POSTHOOK: query: insert into table tbl2_n2 select repeat('s', 10) from src limit 1
POSTHOOK: type: QUERY
POSTHOOK: Input: default@src
POSTHOOK: Output: default@tbl2_n2
POSTHOOK: Lineage: tbl2_n2.c2 EXPRESSION []
PREHOOK: query: explain
select /*+ MAPJOIN(tbl2_n2) */ c1,c2 from tbl1_n3 join tbl2_n2 on (c1 = c2) order by c1,c2
PREHOOK: type: QUERY
PREHOOK: Input: default@tbl1_n3
PREHOOK: Input: default@tbl2_n2
#### A masked pattern was here ####
POSTHOOK: query: explain
select /*+ MAPJOIN(tbl2_n2) */ c1,c2 from tbl1_n3 join tbl2_n2 on (c1 = c2) order by c1,c2
POSTHOOK: type: QUERY
POSTHOOK: Input: default@tbl1_n3
POSTHOOK: Input: default@tbl2_n2
#### A masked pattern was here ####
STAGE DEPENDENCIES:
  Stage-1 is a root stage
  Stage-0 depends on stages: Stage-1

STAGE PLANS:
  Stage: Stage-1
    Tez
#### A masked pattern was here ####
      Edges:
        Map 2 <- Map 1 (BROADCAST_EDGE)
        Reducer 3 <- Map 2 (SIMPLE_EDGE)
#### A masked pattern was here ####
      Vertices:
        Map 1 
            Map Operator Tree:
                TableScan
                  alias: tbl1_n3
                  filterExpr: c1 is not null (type: boolean)
                  Statistics: Num rows: 2 Data size: 188 Basic stats: COMPLETE Column stats: COMPLETE
                  Filter Operator
                    predicate: c1 is not null (type: boolean)
                    Statistics: Num rows: 2 Data size: 188 Basic stats: COMPLETE Column stats: COMPLETE
                    Select Operator
                      expressions: c1 (type: varchar(10))
                      outputColumnNames: _col0
                      Statistics: Num rows: 2 Data size: 188 Basic stats: COMPLETE Column stats: COMPLETE
                      Reduce Output Operator
                        key expressions: _col0 (type: varchar(30))
                        null sort order: z
                        sort order: +
                        Map-reduce partition columns: _col0 (type: varchar(30))
                        Statistics: Num rows: 2 Data size: 188 Basic stats: COMPLETE Column stats: COMPLETE
            Execution mode: vectorized, llap
            LLAP IO: all inputs
        Map 2 
            Map Operator Tree:
                TableScan
                  alias: tbl2_n2
                  filterExpr: c2 is not null (type: boolean)
                  probeDecodeDetails: cacheKey:HASH_MAP_MAPJOIN_27_container, bigKeyColName:c2, smallTablePos:0, keyRatio:1.0
                  Statistics: Num rows: 2 Data size: 194 Basic stats: COMPLETE Column stats: COMPLETE
                  Filter Operator
                    predicate: c2 is not null (type: boolean)
                    Statistics: Num rows: 2 Data size: 194 Basic stats: COMPLETE Column stats: COMPLETE
                    Select Operator
                      expressions: c2 (type: varchar(30))
                      outputColumnNames: _col0
                      Statistics: Num rows: 2 Data size: 194 Basic stats: COMPLETE Column stats: COMPLETE
                      Map Join Operator
                        condition map:
                             Inner Join 0 to 1
                        keys:
                          0 _col0 (type: varchar(30))
                          1 _col0 (type: varchar(30))
                        outputColumnNames: _col0, _col1
                        input vertices:
                          0 Map 1
                        Statistics: Num rows: 2 Data size: 382 Basic stats: COMPLETE Column stats: COMPLETE
                        Reduce Output Operator
                          key expressions: _col0 (type: varchar(10)), _col1 (type: varchar(30))
                          null sort order: zz
                          sort order: ++
                          Statistics: Num rows: 2 Data size: 382 Basic stats: COMPLETE Column stats: COMPLETE
            Execution mode: vectorized, llap
            LLAP IO: all inputs
        Reducer 3 
            Execution mode: vectorized, llap
            Reduce Operator Tree:
              Select Operator
                expressions: KEY.reducesinkkey0 (type: varchar(10)), KEY.reducesinkkey1 (type: varchar(30))
                outputColumnNames: _col0, _col1
                Statistics: Num rows: 2 Data size: 382 Basic stats: COMPLETE Column stats: COMPLETE
                File Output Operator
                  compressed: false
                  Statistics: Num rows: 2 Data size: 382 Basic stats: COMPLETE Column stats: COMPLETE
                  table:
                      input format: org.apache.hadoop.mapred.SequenceFileInputFormat
                      output format: org.apache.hadoop.hive.ql.io.HiveSequenceFileOutputFormat
                      serde: org.apache.hadoop.hive.serde2.lazy.LazySimpleSerDe

  Stage: Stage-0
    Fetch Operator
      limit: -1
      Processor Tree:
        ListSink

PREHOOK: query: select /*+ MAPJOIN(tbl2_n2) */ c1,c2 from tbl1_n3 join tbl2_n2 on (c1 = c2) order by c1,c2
PREHOOK: type: QUERY
PREHOOK: Input: default@tbl1_n3
PREHOOK: Input: default@tbl2_n2
#### A masked pattern was here ####
POSTHOOK: query: select /*+ MAPJOIN(tbl2_n2) */ c1,c2 from tbl1_n3 join tbl2_n2 on (c1 = c2) order by c1,c2
POSTHOOK: type: QUERY
POSTHOOK: Input: default@tbl1_n3
POSTHOOK: Input: default@tbl2_n2
#### A masked pattern was here ####
ssssssssss	ssssssssss
