PREHOOK: query: CREATE TABLE T1_n49(key STRING, val STRING) STORED AS TEXTFILE
PREHOOK: type: CREATETABLE
PREHOOK: Output: database:default
PREHOOK: Output: default@T1_n49
POSTHOOK: query: CREATE TABLE T1_n49(key STRING, val STRING) STORED AS TEXTFILE
POSTHOOK: type: CREATETABLE
POSTHOOK: Output: database:default
POSTHOOK: Output: default@T1_n49
PREHOOK: query: CREATE TABLE T2_n30(key STRING, val STRING) STORED AS TEXTFILE
PREHOOK: type: CREATETABLE
PREHOOK: Output: database:default
PREHOOK: Output: default@T2_n30
POSTHOOK: query: CREATE TABLE T2_n30(key STRING, val STRING) STORED AS TEXTFILE
POSTHOOK: type: CREATETABLE
POSTHOOK: Output: database:default
POSTHOOK: Output: default@T2_n30
PREHOOK: query: CREATE TABLE T3_n10(key STRING, val STRING) STORED AS TEXTFILE
PREHOOK: type: CREATETABLE
PREHOOK: Output: database:default
PREHOOK: Output: default@T3_n10
POSTHOOK: query: CREATE TABLE T3_n10(key STRING, val STRING) STORED AS TEXTFILE
POSTHOOK: type: CREATETABLE
POSTHOOK: Output: database:default
POSTHOOK: Output: default@T3_n10
PREHOOK: query: CREATE TABLE T4_n3(key STRING, val STRING) STORED AS TEXTFILE
PREHOOK: type: CREATETABLE
PREHOOK: Output: database:default
PREHOOK: Output: default@T4_n3
POSTHOOK: query: CREATE TABLE T4_n3(key STRING, val STRING) STORED AS TEXTFILE
POSTHOOK: type: CREATETABLE
POSTHOOK: Output: database:default
POSTHOOK: Output: default@T4_n3
PREHOOK: query: LOAD DATA LOCAL INPATH '../../data/files/T1.txt' INTO TABLE T1_n49
PREHOOK: type: LOAD
#### A masked pattern was here ####
PREHOOK: Output: default@t1_n49
POSTHOOK: query: LOAD DATA LOCAL INPATH '../../data/files/T1.txt' INTO TABLE T1_n49
POSTHOOK: type: LOAD
#### A masked pattern was here ####
POSTHOOK: Output: default@t1_n49
PREHOOK: query: LOAD DATA LOCAL INPATH '../../data/files/T2.txt' INTO TABLE T2_n30
PREHOOK: type: LOAD
#### A masked pattern was here ####
PREHOOK: Output: default@t2_n30
POSTHOOK: query: LOAD DATA LOCAL INPATH '../../data/files/T2.txt' INTO TABLE T2_n30
POSTHOOK: type: LOAD
#### A masked pattern was here ####
POSTHOOK: Output: default@t2_n30
PREHOOK: query: LOAD DATA LOCAL INPATH '../../data/files/T3.txt' INTO TABLE T3_n10
PREHOOK: type: LOAD
#### A masked pattern was here ####
PREHOOK: Output: default@t3_n10
POSTHOOK: query: LOAD DATA LOCAL INPATH '../../data/files/T3.txt' INTO TABLE T3_n10
POSTHOOK: type: LOAD
#### A masked pattern was here ####
POSTHOOK: Output: default@t3_n10
PREHOOK: query: LOAD DATA LOCAL INPATH '../../data/files/T1.txt' INTO TABLE T4_n3
PREHOOK: type: LOAD
#### A masked pattern was here ####
PREHOOK: Output: default@t4_n3
POSTHOOK: query: LOAD DATA LOCAL INPATH '../../data/files/T1.txt' INTO TABLE T4_n3
POSTHOOK: type: LOAD
#### A masked pattern was here ####
POSTHOOK: Output: default@t4_n3
PREHOOK: query: EXPLAIN
SELECT /*+ STREAMTABLE(a) */ *
FROM T1_n49 a JOIN T2_n30 b ON a.key = b.key
          JOIN T3_n10 c ON b.key = c.key
          JOIN T4_n3 d ON c.key = d.key
PREHOOK: type: QUERY
PREHOOK: Input: default@t1_n49
PREHOOK: Input: default@t2_n30
PREHOOK: Input: default@t3_n10
PREHOOK: Input: default@t4_n3
#### A masked pattern was here ####
POSTHOOK: query: EXPLAIN
SELECT /*+ STREAMTABLE(a) */ *
FROM T1_n49 a JOIN T2_n30 b ON a.key = b.key
          JOIN T3_n10 c ON b.key = c.key
          JOIN T4_n3 d ON c.key = d.key
POSTHOOK: type: QUERY
POSTHOOK: Input: default@t1_n49
POSTHOOK: Input: default@t2_n30
POSTHOOK: Input: default@t3_n10
POSTHOOK: Input: default@t4_n3
#### A masked pattern was here ####
STAGE DEPENDENCIES:
  Stage-1 is a root stage
  Stage-0 depends on stages: Stage-1

STAGE PLANS:
  Stage: Stage-1
    Tez
#### A masked pattern was here ####
      Edges:
        Reducer 2 <- Map 1 (SIMPLE_EDGE), Map 5 (SIMPLE_EDGE)
        Reducer 3 <- Map 6 (SIMPLE_EDGE), Reducer 2 (SIMPLE_EDGE)
        Reducer 4 <- Map 7 (SIMPLE_EDGE), Reducer 3 (SIMPLE_EDGE)
#### A masked pattern was here ####
      Vertices:
        Map 1 
            Map Operator Tree:
                TableScan
                  alias: a
                  filterExpr: key is not null (type: boolean)
                  Statistics: Num rows: 1 Data size: 368 Basic stats: COMPLETE Column stats: NONE
                  Filter Operator
                    predicate: key is not null (type: boolean)
                    Statistics: Num rows: 1 Data size: 368 Basic stats: COMPLETE Column stats: NONE
                    Reduce Output Operator
                      key expressions: key (type: string)
                      null sort order: z
                      sort order: +
                      Map-reduce partition columns: key (type: string)
                      Statistics: Num rows: 1 Data size: 368 Basic stats: COMPLETE Column stats: NONE
                      value expressions: val (type: string)
            Execution mode: vectorized, llap
            LLAP IO: all inputs
        Map 5 
            Map Operator Tree:
                TableScan
                  alias: b
                  filterExpr: key is not null (type: boolean)
                  Statistics: Num rows: 1 Data size: 368 Basic stats: COMPLETE Column stats: NONE
                  Filter Operator
                    predicate: key is not null (type: boolean)
                    Statistics: Num rows: 1 Data size: 368 Basic stats: COMPLETE Column stats: NONE
                    Reduce Output Operator
                      key expressions: key (type: string)
                      null sort order: z
                      sort order: +
                      Map-reduce partition columns: key (type: string)
                      Statistics: Num rows: 1 Data size: 368 Basic stats: COMPLETE Column stats: NONE
                      value expressions: val (type: string)
            Execution mode: vectorized, llap
            LLAP IO: all inputs
        Map 6 
            Map Operator Tree:
                TableScan
                  alias: c
                  filterExpr: key is not null (type: boolean)
                  Statistics: Num rows: 1 Data size: 368 Basic stats: COMPLETE Column stats: NONE
                  Filter Operator
                    predicate: key is not null (type: boolean)
                    Statistics: Num rows: 1 Data size: 368 Basic stats: COMPLETE Column stats: NONE
                    Reduce Output Operator
                      key expressions: key (type: string)
                      null sort order: z
                      sort order: +
                      Map-reduce partition columns: key (type: string)
                      Statistics: Num rows: 1 Data size: 368 Basic stats: COMPLETE Column stats: NONE
                      value expressions: val (type: string)
            Execution mode: vectorized, llap
            LLAP IO: all inputs
        Map 7 
            Map Operator Tree:
                TableScan
                  alias: d
                  filterExpr: key is not null (type: boolean)
                  Statistics: Num rows: 1 Data size: 368 Basic stats: COMPLETE Column stats: NONE
                  Filter Operator
                    predicate: key is not null (type: boolean)
                    Statistics: Num rows: 1 Data size: 368 Basic stats: COMPLETE Column stats: NONE
                    Reduce Output Operator
                      key expressions: key (type: string)
                      null sort order: z
                      sort order: +
                      Map-reduce partition columns: key (type: string)
                      Statistics: Num rows: 1 Data size: 368 Basic stats: COMPLETE Column stats: NONE
                      value expressions: val (type: string)
            Execution mode: vectorized, llap
            LLAP IO: all inputs
        Reducer 2 
            Execution mode: llap
            Reduce Operator Tree:
              Merge Join Operator
                condition map:
                     Inner Join 0 to 1
                keys:
                  0 key (type: string)
                  1 key (type: string)
                outputColumnNames: _col0, _col1, _col6, _col7
                Statistics: Num rows: 1 Data size: 404 Basic stats: COMPLETE Column stats: NONE
                Reduce Output Operator
                  key expressions: _col6 (type: string)
                  null sort order: z
                  sort order: +
                  Map-reduce partition columns: _col6 (type: string)
                  Statistics: Num rows: 1 Data size: 404 Basic stats: COMPLETE Column stats: NONE
                  value expressions: _col0 (type: string), _col1 (type: string), _col7 (type: string)
        Reducer 3 
            Execution mode: llap
            Reduce Operator Tree:
              Merge Join Operator
                condition map:
                     Inner Join 0 to 1
                keys:
                  0 _col6 (type: string)
                  1 key (type: string)
                outputColumnNames: _col0, _col1, _col6, _col7, _col12, _col13
                Statistics: Num rows: 1 Data size: 444 Basic stats: COMPLETE Column stats: NONE
                Reduce Output Operator
                  key expressions: _col12 (type: string)
                  null sort order: z
                  sort order: +
                  Map-reduce partition columns: _col12 (type: string)
                  Statistics: Num rows: 1 Data size: 444 Basic stats: COMPLETE Column stats: NONE
                  value expressions: _col0 (type: string), _col1 (type: string), _col6 (type: string), _col7 (type: string), _col13 (type: string)
        Reducer 4 
            Execution mode: llap
            Reduce Operator Tree:
              Merge Join Operator
                condition map:
                     Inner Join 0 to 1
                keys:
                  0 _col12 (type: string)
                  1 key (type: string)
                outputColumnNames: _col0, _col1, _col6, _col7, _col12, _col13, _col18, _col19
                Statistics: Num rows: 1 Data size: 488 Basic stats: COMPLETE Column stats: NONE
                Select Operator
                  expressions: _col0 (type: string), _col1 (type: string), _col6 (type: string), _col7 (type: string), _col12 (type: string), _col13 (type: string), _col18 (type: string), _col19 (type: string)
                  outputColumnNames: _col0, _col1, _col2, _col3, _col4, _col5, _col6, _col7
                  Statistics: Num rows: 1 Data size: 488 Basic stats: COMPLETE Column stats: NONE
                  File Output Operator
                    compressed: false
                    Statistics: Num rows: 1 Data size: 488 Basic stats: COMPLETE Column stats: NONE
                    table:
                        input format: org.apache.hadoop.mapred.SequenceFileInputFormat
                        output format: org.apache.hadoop.hive.ql.io.HiveSequenceFileOutputFormat
                        serde: org.apache.hadoop.hive.serde2.lazy.LazySimpleSerDe

  Stage: Stage-0
    Fetch Operator
      limit: -1
      Processor Tree:
        ListSink

PREHOOK: query: SELECT /*+ STREAMTABLE(a) */ *
FROM T1_n49 a JOIN T2_n30 b ON a.key = b.key
          JOIN T3_n10 c ON b.key = c.key
          JOIN T4_n3 d ON c.key = d.key
PREHOOK: type: QUERY
PREHOOK: Input: default@t1_n49
PREHOOK: Input: default@t2_n30
PREHOOK: Input: default@t3_n10
PREHOOK: Input: default@t4_n3
#### A masked pattern was here ####
POSTHOOK: query: SELECT /*+ STREAMTABLE(a) */ *
FROM T1_n49 a JOIN T2_n30 b ON a.key = b.key
          JOIN T3_n10 c ON b.key = c.key
          JOIN T4_n3 d ON c.key = d.key
POSTHOOK: type: QUERY
POSTHOOK: Input: default@t1_n49
POSTHOOK: Input: default@t2_n30
POSTHOOK: Input: default@t3_n10
POSTHOOK: Input: default@t4_n3
#### A masked pattern was here ####
2	12	2	22	2	12	2	12
PREHOOK: query: EXPLAIN
SELECT /*+ STREAMTABLE(a) */ *
FROM T1_n49 a JOIN T2_n30 b ON a.key = b.key
          JOIN T3_n10 c ON a.val = c.val
          JOIN T4_n3 d ON a.key + 1 = d.key + 1
PREHOOK: type: QUERY
PREHOOK: Input: default@t1_n49
PREHOOK: Input: default@t2_n30
PREHOOK: Input: default@t3_n10
PREHOOK: Input: default@t4_n3
#### A masked pattern was here ####
POSTHOOK: query: EXPLAIN
SELECT /*+ STREAMTABLE(a) */ *
FROM T1_n49 a JOIN T2_n30 b ON a.key = b.key
          JOIN T3_n10 c ON a.val = c.val
          JOIN T4_n3 d ON a.key + 1 = d.key + 1
POSTHOOK: type: QUERY
POSTHOOK: Input: default@t1_n49
POSTHOOK: Input: default@t2_n30
POSTHOOK: Input: default@t3_n10
POSTHOOK: Input: default@t4_n3
#### A masked pattern was here ####
STAGE DEPENDENCIES:
  Stage-1 is a root stage
  Stage-0 depends on stages: Stage-1

STAGE PLANS:
  Stage: Stage-1
    Tez
#### A masked pattern was here ####
      Edges:
        Reducer 2 <- Map 1 (SIMPLE_EDGE), Map 5 (SIMPLE_EDGE)
        Reducer 3 <- Map 6 (SIMPLE_EDGE), Reducer 2 (SIMPLE_EDGE)
        Reducer 4 <- Map 7 (SIMPLE_EDGE), Reducer 3 (SIMPLE_EDGE)
#### A masked pattern was here ####
      Vertices:
        Map 1 
            Map Operator Tree:
                TableScan
                  alias: a
                  filterExpr: (key is not null and val is not null and (key + 1) is not null) (type: boolean)
                  Statistics: Num rows: 1 Data size: 368 Basic stats: COMPLETE Column stats: NONE
                  Filter Operator
                    predicate: (key is not null and val is not null and (key + 1) is not null) (type: boolean)
                    Statistics: Num rows: 1 Data size: 368 Basic stats: COMPLETE Column stats: NONE
                    Reduce Output Operator
                      key expressions: key (type: string)
                      null sort order: z
                      sort order: +
                      Map-reduce partition columns: key (type: string)
                      Statistics: Num rows: 1 Data size: 368 Basic stats: COMPLETE Column stats: NONE
                      value expressions: val (type: string)
            Execution mode: vectorized, llap
            LLAP IO: all inputs
        Map 5 
            Map Operator Tree:
                TableScan
                  alias: b
                  filterExpr: (key is not null and (key + 1) is not null) (type: boolean)
                  Statistics: Num rows: 1 Data size: 368 Basic stats: COMPLETE Column stats: NONE
                  Filter Operator
                    predicate: (key is not null and (key + 1) is not null) (type: boolean)
                    Statistics: Num rows: 1 Data size: 368 Basic stats: COMPLETE Column stats: NONE
                    Reduce Output Operator
                      key expressions: key (type: string)
                      null sort order: z
                      sort order: +
                      Map-reduce partition columns: key (type: string)
                      Statistics: Num rows: 1 Data size: 368 Basic stats: COMPLETE Column stats: NONE
                      value expressions: val (type: string)
            Execution mode: vectorized, llap
            LLAP IO: all inputs
        Map 6 
            Map Operator Tree:
                TableScan
                  alias: c
                  filterExpr: val is not null (type: boolean)
                  Statistics: Num rows: 1 Data size: 368 Basic stats: COMPLETE Column stats: NONE
                  Filter Operator
                    predicate: val is not null (type: boolean)
                    Statistics: Num rows: 1 Data size: 368 Basic stats: COMPLETE Column stats: NONE
                    Reduce Output Operator
                      key expressions: val (type: string)
                      null sort order: z
                      sort order: +
                      Map-reduce partition columns: val (type: string)
                      Statistics: Num rows: 1 Data size: 368 Basic stats: COMPLETE Column stats: NONE
                      value expressions: key (type: string)
            Execution mode: vectorized, llap
            LLAP IO: all inputs
        Map 7 
            Map Operator Tree:
                TableScan
                  alias: d
                  filterExpr: (key + 1) is not null (type: boolean)
                  Statistics: Num rows: 1 Data size: 368 Basic stats: COMPLETE Column stats: NONE
                  Filter Operator
                    predicate: (key + 1) is not null (type: boolean)
                    Statistics: Num rows: 1 Data size: 368 Basic stats: COMPLETE Column stats: NONE
                    Reduce Output Operator
                      key expressions: (key + 1) (type: double)
                      null sort order: z
                      sort order: +
                      Map-reduce partition columns: (key + 1) (type: double)
                      Statistics: Num rows: 1 Data size: 368 Basic stats: COMPLETE Column stats: NONE
                      value expressions: key (type: string), val (type: string)
            Execution mode: vectorized, llap
            LLAP IO: all inputs
        Reducer 2 
            Execution mode: llap
            Reduce Operator Tree:
              Merge Join Operator
                condition map:
                     Inner Join 0 to 1
                keys:
                  0 key (type: string)
                  1 key (type: string)
                outputColumnNames: _col0, _col1, _col6, _col7
                Statistics: Num rows: 1 Data size: 404 Basic stats: COMPLETE Column stats: NONE
                Reduce Output Operator
                  key expressions: _col1 (type: string)
                  null sort order: z
                  sort order: +
                  Map-reduce partition columns: _col1 (type: string)
                  Statistics: Num rows: 1 Data size: 404 Basic stats: COMPLETE Column stats: NONE
                  value expressions: _col0 (type: string), _col6 (type: string), _col7 (type: string)
        Reducer 3 
            Execution mode: llap
            Reduce Operator Tree:
              Merge Join Operator
                condition map:
                     Inner Join 0 to 1
                keys:
                  0 _col1 (type: string)
                  1 val (type: string)
                outputColumnNames: _col0, _col1, _col6, _col7, _col12, _col13
                Statistics: Num rows: 1 Data size: 444 Basic stats: COMPLETE Column stats: NONE
                Reduce Output Operator
                  key expressions: (_col0 + 1) (type: double)
                  null sort order: z
                  sort order: +
                  Map-reduce partition columns: (_col0 + 1) (type: double)
                  Statistics: Num rows: 1 Data size: 444 Basic stats: COMPLETE Column stats: NONE
                  value expressions: _col0 (type: string), _col1 (type: string), _col6 (type: string), _col7 (type: string), _col12 (type: string), _col13 (type: string)
        Reducer 4 
            Execution mode: llap
            Reduce Operator Tree:
              Merge Join Operator
                condition map:
                     Inner Join 0 to 1
                keys:
                  0 (_col0 + 1) (type: double)
                  1 (key + 1) (type: double)
                outputColumnNames: _col0, _col1, _col6, _col7, _col12, _col13, _col18, _col19
                Statistics: Num rows: 1 Data size: 488 Basic stats: COMPLETE Column stats: NONE
                Select Operator
                  expressions: _col0 (type: string), _col1 (type: string), _col6 (type: string), _col7 (type: string), _col12 (type: string), _col13 (type: string), _col18 (type: string), _col19 (type: string)
                  outputColumnNames: _col0, _col1, _col2, _col3, _col4, _col5, _col6, _col7
                  Statistics: Num rows: 1 Data size: 488 Basic stats: COMPLETE Column stats: NONE
                  File Output Operator
                    compressed: false
                    Statistics: Num rows: 1 Data size: 488 Basic stats: COMPLETE Column stats: NONE
                    table:
                        input format: org.apache.hadoop.mapred.SequenceFileInputFormat
                        output format: org.apache.hadoop.hive.ql.io.HiveSequenceFileOutputFormat
                        serde: org.apache.hadoop.hive.serde2.lazy.LazySimpleSerDe

  Stage: Stage-0
    Fetch Operator
      limit: -1
      Processor Tree:
        ListSink

PREHOOK: query: SELECT /*+ STREAMTABLE(a) */ *
FROM T1_n49 a JOIN T2_n30 b ON a.key = b.key
          JOIN T3_n10 c ON a.val = c.val
          JOIN T4_n3 d ON a.key + 1 = d.key + 1
PREHOOK: type: QUERY
PREHOOK: Input: default@t1_n49
PREHOOK: Input: default@t2_n30
PREHOOK: Input: default@t3_n10
PREHOOK: Input: default@t4_n3
#### A masked pattern was here ####
POSTHOOK: query: SELECT /*+ STREAMTABLE(a) */ *
FROM T1_n49 a JOIN T2_n30 b ON a.key = b.key
          JOIN T3_n10 c ON a.val = c.val
          JOIN T4_n3 d ON a.key + 1 = d.key + 1
POSTHOOK: type: QUERY
POSTHOOK: Input: default@t1_n49
POSTHOOK: Input: default@t2_n30
POSTHOOK: Input: default@t3_n10
POSTHOOK: Input: default@t4_n3
#### A masked pattern was here ####
2	12	2	22	2	12	2	12
