PREHOOK: query: CREATE TABLE mytable_n1(val1 INT, val2 INT, val3 INT)
PREHOOK: type: CREATETABLE
PREHOOK: Output: database:default
PREHOOK: Output: default@mytable_n1
POSTHOOK: query: CREATE TABLE mytable_n1(val1 INT, val2 INT, val3 INT)
POSTHOOK: type: CREATETABLE
POSTHOOK: Output: database:default
POSTHOOK: Output: default@mytable_n1
PREHOOK: query: EXPLAIN
SELECT *
FROM mytable_n1 src1, mytable_n1 src2
WHERE src1.val1=src2.val1
  AND src1.val2 between 2450816 and 2451500
  AND src2.val2 between 2450816 and 2451500
PREHOOK: type: QUERY
PREHOOK: Input: default@mytable_n1
#### A masked pattern was here ####
POSTHOOK: query: EXPLAIN
SELECT *
FROM mytable_n1 src1, mytable_n1 src2
WHERE src1.val1=src2.val1
  AND src1.val2 between 2450816 and 2451500
  AND src2.val2 between 2450816 and 2451500
POSTHOOK: type: QUERY
POSTHOOK: Input: default@mytable_n1
#### A masked pattern was here ####
STAGE DEPENDENCIES:
  Stage-1 is a root stage
  Stage-0 depends on stages: Stage-1

STAGE PLANS:
  Stage: Stage-1
    Tez
#### A masked pattern was here ####
      Edges:
        Reducer 2 <- Map 1 (SIMPLE_EDGE), Map 3 (SIMPLE_EDGE)
#### A masked pattern was here ####
      Vertices:
        Map 1 
            Map Operator Tree:
                TableScan
                  alias: src1
                  filterExpr: (val1 is not null and val2 BETWEEN 2450816 AND 2451500) (type: boolean)
                  Statistics: Num rows: 1 Data size: 12 Basic stats: COMPLETE Column stats: NONE
                  Filter Operator
                    predicate: (val1 is not null and val2 BETWEEN 2450816 AND 2451500) (type: boolean)
                    Statistics: Num rows: 1 Data size: 12 Basic stats: COMPLETE Column stats: NONE
                    Reduce Output Operator
                      key expressions: val1 (type: int)
                      null sort order: z
                      sort order: +
                      Map-reduce partition columns: val1 (type: int)
                      Statistics: Num rows: 1 Data size: 12 Basic stats: COMPLETE Column stats: NONE
                      value expressions: val2 (type: int), val3 (type: int)
            Execution mode: vectorized, llap
            LLAP IO: no inputs
        Map 3 
            Map Operator Tree:
                TableScan
                  alias: src2
                  filterExpr: (val1 is not null and val2 BETWEEN 2450816 AND 2451500) (type: boolean)
                  Statistics: Num rows: 1 Data size: 12 Basic stats: COMPLETE Column stats: NONE
                  Filter Operator
                    predicate: (val1 is not null and val2 BETWEEN 2450816 AND 2451500) (type: boolean)
                    Statistics: Num rows: 1 Data size: 12 Basic stats: COMPLETE Column stats: NONE
                    Reduce Output Operator
                      key expressions: val1 (type: int)
                      null sort order: z
                      sort order: +
                      Map-reduce partition columns: val1 (type: int)
                      Statistics: Num rows: 1 Data size: 12 Basic stats: COMPLETE Column stats: NONE
                      value expressions: val2 (type: int), val3 (type: int)
            Execution mode: vectorized, llap
            LLAP IO: no inputs
        Reducer 2 
            Execution mode: llap
            Reduce Operator Tree:
              Merge Join Operator
                condition map:
                     Inner Join 0 to 1
                keys:
                  0 val1 (type: int)
                  1 val1 (type: int)
                outputColumnNames: _col0, _col1, _col2, _col6, _col7, _col8
                Statistics: Num rows: 1 Data size: 13 Basic stats: COMPLETE Column stats: NONE
                Filter Operator
                  predicate: (_col0 = _col6) (type: boolean)
                  Statistics: Num rows: 1 Data size: 13 Basic stats: COMPLETE Column stats: NONE
                  Select Operator
                    expressions: _col0 (type: int), _col1 (type: int), _col2 (type: int), _col6 (type: int), _col7 (type: int), _col8 (type: int)
                    outputColumnNames: _col0, _col1, _col2, _col3, _col4, _col5
                    Statistics: Num rows: 1 Data size: 13 Basic stats: COMPLETE Column stats: NONE
                    File Output Operator
                      compressed: false
                      Statistics: Num rows: 1 Data size: 13 Basic stats: COMPLETE Column stats: NONE
                      table:
                          input format: org.apache.hadoop.mapred.SequenceFileInputFormat
                          output format: org.apache.hadoop.hive.ql.io.HiveSequenceFileOutputFormat
                          serde: org.apache.hadoop.hive.serde2.lazy.LazySimpleSerDe

  Stage: Stage-0
    Fetch Operator
      limit: -1
      Processor Tree:
        ListSink

