PREHOOK: query: CREATE TABLE dest_j1_n11(key STRING, value STRING) STORED AS TEXTFILE
PREHOOK: type: CREATETABLE
PREHOOK: Output: database:default
PREHOOK: Output: default@dest_j1_n11
POSTHOOK: query: CREATE TABLE dest_j1_n11(key STRING, value STRING) STORED AS TEXTFILE
POSTHOOK: type: CREATETABLE
POSTHOOK: Output: database:default
POSTHOOK: Output: default@dest_j1_n11
PREHOOK: query: EXPLAIN
INSERT OVERWRITE TABLE dest_j1_n11 
SELECT subq.key1, z.value
FROM
(SELECT x.key as key1, x.value as value1, y.key as key2, y.value as value2 
 FROM src1 x JOIN src y ON (x.key = y.key)) subq
 JOIN srcpart z ON (subq.key1 = z.key and z.ds='2008-04-08' and z.hr=11)
PREHOOK: type: QUERY
PREHOOK: Input: default@src
PREHOOK: Input: default@src1
PREHOOK: Input: default@srcpart
PREHOOK: Input: default@srcpart@ds=2008-04-08/hr=11
PREHOOK: Output: default@dest_j1_n11
POSTHOOK: query: EXPLAIN
INSERT OVERWRITE TABLE dest_j1_n11 
SELECT subq.key1, z.value
FROM
(SELECT x.key as key1, x.value as value1, y.key as key2, y.value as value2 
 FROM src1 x JOIN src y ON (x.key = y.key)) subq
 JOIN srcpart z ON (subq.key1 = z.key and z.ds='2008-04-08' and z.hr=11)
POSTHOOK: type: QUERY
POSTHOOK: Input: default@src
POSTHOOK: Input: default@src1
POSTHOOK: Input: default@srcpart
POSTHOOK: Input: default@srcpart@ds=2008-04-08/hr=11
POSTHOOK: Output: default@dest_j1_n11
STAGE DEPENDENCIES:
  Stage-1 is a root stage
  Stage-2 depends on stages: Stage-1
  Stage-0 depends on stages: Stage-2
  Stage-3 depends on stages: Stage-0

STAGE PLANS:
  Stage: Stage-1
    Tez
#### A masked pattern was here ####
      Edges:
        Map 1 <- Map 2 (BROADCAST_EDGE)
        Map 3 <- Map 1 (BROADCAST_EDGE)
        Reducer 4 <- Map 3 (CUSTOM_SIMPLE_EDGE)
#### A masked pattern was here ####
      Vertices:
        Map 1 
            Map Operator Tree:
                TableScan
                  alias: y
                  filterExpr: key is not null (type: boolean)
                  Statistics: Num rows: 500 Data size: 43500 Basic stats: COMPLETE Column stats: COMPLETE
                  Filter Operator
                    predicate: key is not null (type: boolean)
                    Statistics: Num rows: 500 Data size: 43500 Basic stats: COMPLETE Column stats: COMPLETE
                    Select Operator
                      expressions: key (type: string)
                      outputColumnNames: _col0
                      Statistics: Num rows: 500 Data size: 43500 Basic stats: COMPLETE Column stats: COMPLETE
                      Map Join Operator
                        condition map:
                             Inner Join 0 to 1
                        keys:
                          0 _col0 (type: string)
                          1 _col0 (type: string)
                        outputColumnNames: _col1
                        input vertices:
                          1 Map 2
                        Statistics: Num rows: 39 Data size: 3354 Basic stats: COMPLETE Column stats: COMPLETE
                        Reduce Output Operator
                          key expressions: _col1 (type: string)
                          null sort order: z
                          sort order: +
                          Map-reduce partition columns: _col1 (type: string)
                          Statistics: Num rows: 39 Data size: 3354 Basic stats: COMPLETE Column stats: COMPLETE
            Execution mode: vectorized, llap
            LLAP IO: all inputs
        Map 2 
            Map Operator Tree:
                TableScan
                  alias: x
                  filterExpr: key is not null (type: boolean)
                  Statistics: Num rows: 25 Data size: 2150 Basic stats: COMPLETE Column stats: COMPLETE
                  Filter Operator
                    predicate: key is not null (type: boolean)
                    Statistics: Num rows: 25 Data size: 2150 Basic stats: COMPLETE Column stats: COMPLETE
                    Select Operator
                      expressions: key (type: string)
                      outputColumnNames: _col0
                      Statistics: Num rows: 25 Data size: 2150 Basic stats: COMPLETE Column stats: COMPLETE
                      Reduce Output Operator
                        key expressions: _col0 (type: string)
                        null sort order: z
                        sort order: +
                        Map-reduce partition columns: _col0 (type: string)
                        Statistics: Num rows: 25 Data size: 2150 Basic stats: COMPLETE Column stats: COMPLETE
            Execution mode: vectorized, llap
            LLAP IO: all inputs
        Map 3 
            Map Operator Tree:
                TableScan
                  alias: z
                  filterExpr: key is not null (type: boolean)
                  Statistics: Num rows: 500 Data size: 89000 Basic stats: COMPLETE Column stats: COMPLETE
                  Filter Operator
                    predicate: key is not null (type: boolean)
                    Statistics: Num rows: 500 Data size: 89000 Basic stats: COMPLETE Column stats: COMPLETE
                    Select Operator
                      expressions: key (type: string), value (type: string)
                      outputColumnNames: _col0, _col1
                      Statistics: Num rows: 500 Data size: 89000 Basic stats: COMPLETE Column stats: COMPLETE
                      Map Join Operator
                        condition map:
                             Inner Join 0 to 1
                        keys:
                          0 _col1 (type: string)
                          1 _col0 (type: string)
                        outputColumnNames: _col1, _col3
                        input vertices:
                          0 Map 1
                        Statistics: Num rows: 61 Data size: 10797 Basic stats: COMPLETE Column stats: COMPLETE
                        Select Operator
                          expressions: _col1 (type: string), _col3 (type: string)
                          outputColumnNames: _col0, _col1
                          Statistics: Num rows: 61 Data size: 10797 Basic stats: COMPLETE Column stats: COMPLETE
                          File Output Operator
                            compressed: false
                            Statistics: Num rows: 61 Data size: 10797 Basic stats: COMPLETE Column stats: COMPLETE
                            table:
                                input format: org.apache.hadoop.mapred.TextInputFormat
                                output format: org.apache.hadoop.hive.ql.io.HiveIgnoreKeyTextOutputFormat
                                serde: org.apache.hadoop.hive.serde2.lazy.LazySimpleSerDe
                                name: default.dest_j1_n11
                          Select Operator
                            expressions: _col0 (type: string), _col1 (type: string)
                            outputColumnNames: key, value
                            Statistics: Num rows: 61 Data size: 10797 Basic stats: COMPLETE Column stats: COMPLETE
                            Group By Operator
                              aggregations: max(length(key)), avg(COALESCE(length(key),0)), count(1), count(key), compute_bit_vector_hll(key), max(length(value)), avg(COALESCE(length(value),0)), count(value), compute_bit_vector_hll(value)
                              minReductionHashAggr: 0.9836066
                              mode: hash
                              outputColumnNames: _col0, _col1, _col2, _col3, _col4, _col5, _col6, _col7, _col8
                              Statistics: Num rows: 1 Data size: 472 Basic stats: COMPLETE Column stats: COMPLETE
                              Reduce Output Operator
                                null sort order: 
                                sort order: 
                                Statistics: Num rows: 1 Data size: 472 Basic stats: COMPLETE Column stats: COMPLETE
                                value expressions: _col0 (type: int), _col1 (type: struct<count:bigint,sum:double,input:int>), _col2 (type: bigint), _col3 (type: bigint), _col4 (type: binary), _col5 (type: int), _col6 (type: struct<count:bigint,sum:double,input:int>), _col7 (type: bigint), _col8 (type: binary)
            Execution mode: vectorized, llap
            LLAP IO: all inputs
        Reducer 4 
            Execution mode: vectorized, llap
            Reduce Operator Tree:
              Group By Operator
                aggregations: max(VALUE._col0), avg(VALUE._col1), count(VALUE._col2), count(VALUE._col3), compute_bit_vector_hll(VALUE._col4), max(VALUE._col5), avg(VALUE._col6), count(VALUE._col7), compute_bit_vector_hll(VALUE._col8)
                mode: mergepartial
                outputColumnNames: _col0, _col1, _col2, _col3, _col4, _col5, _col6, _col7, _col8
                Statistics: Num rows: 1 Data size: 336 Basic stats: COMPLETE Column stats: COMPLETE
                Select Operator
                  expressions: 'STRING' (type: string), UDFToLong(COALESCE(_col0,0)) (type: bigint), COALESCE(_col1,0) (type: double), (_col2 - _col3) (type: bigint), COALESCE(ndv_compute_bit_vector(_col4),0) (type: bigint), _col4 (type: binary), 'STRING' (type: string), UDFToLong(COALESCE(_col5,0)) (type: bigint), COALESCE(_col6,0) (type: double), (_col2 - _col7) (type: bigint), COALESCE(ndv_compute_bit_vector(_col8),0) (type: bigint), _col8 (type: binary)
                  outputColumnNames: _col0, _col1, _col2, _col3, _col4, _col5, _col6, _col7, _col8, _col9, _col10, _col11
                  Statistics: Num rows: 1 Data size: 532 Basic stats: COMPLETE Column stats: COMPLETE
                  File Output Operator
                    compressed: false
                    Statistics: Num rows: 1 Data size: 532 Basic stats: COMPLETE Column stats: COMPLETE
                    table:
                        input format: org.apache.hadoop.mapred.SequenceFileInputFormat
                        output format: org.apache.hadoop.hive.ql.io.HiveSequenceFileOutputFormat
                        serde: org.apache.hadoop.hive.serde2.lazy.LazySimpleSerDe

  Stage: Stage-2
    Dependency Collection

  Stage: Stage-0
    Move Operator
      tables:
          replace: true
          table:
              input format: org.apache.hadoop.mapred.TextInputFormat
              output format: org.apache.hadoop.hive.ql.io.HiveIgnoreKeyTextOutputFormat
              serde: org.apache.hadoop.hive.serde2.lazy.LazySimpleSerDe
              name: default.dest_j1_n11

  Stage: Stage-3
    Stats Work
      Basic Stats Work:
      Column Stats Desc:
          Columns: key, value
          Column Types: string, string
          Table: default.dest_j1_n11

PREHOOK: query: INSERT OVERWRITE TABLE dest_j1_n11 
SELECT subq.key1, z.value
FROM
(SELECT x.key as key1, x.value as value1, y.key as key2, y.value as value2 
 FROM src1 x JOIN src y ON (x.key = y.key)) subq
 JOIN srcpart z ON (subq.key1 = z.key and z.ds='2008-04-08' and z.hr=11)
PREHOOK: type: QUERY
PREHOOK: Input: default@src
PREHOOK: Input: default@src1
PREHOOK: Input: default@srcpart
PREHOOK: Input: default@srcpart@ds=2008-04-08/hr=11
PREHOOK: Output: default@dest_j1_n11
POSTHOOK: query: INSERT OVERWRITE TABLE dest_j1_n11 
SELECT subq.key1, z.value
FROM
(SELECT x.key as key1, x.value as value1, y.key as key2, y.value as value2 
 FROM src1 x JOIN src y ON (x.key = y.key)) subq
 JOIN srcpart z ON (subq.key1 = z.key and z.ds='2008-04-08' and z.hr=11)
POSTHOOK: type: QUERY
POSTHOOK: Input: default@src
POSTHOOK: Input: default@src1
POSTHOOK: Input: default@srcpart
POSTHOOK: Input: default@srcpart@ds=2008-04-08/hr=11
POSTHOOK: Output: default@dest_j1_n11
POSTHOOK: Lineage: dest_j1_n11.key SIMPLE [(src1)x.FieldSchema(name:key, type:string, comment:default), ]
POSTHOOK: Lineage: dest_j1_n11.value SIMPLE [(srcpart)z.FieldSchema(name:value, type:string, comment:default), ]
PREHOOK: query: select * from dest_j1_n11
PREHOOK: type: QUERY
PREHOOK: Input: default@dest_j1_n11
#### A masked pattern was here ####
POSTHOOK: query: select * from dest_j1_n11
POSTHOOK: type: QUERY
POSTHOOK: Input: default@dest_j1_n11
#### A masked pattern was here ####
128	val_128
128	val_128
128	val_128
128	val_128
128	val_128
128	val_128
128	val_128
128	val_128
128	val_128
146	val_146
146	val_146
146	val_146
146	val_146
150	val_150
213	val_213
213	val_213
213	val_213
213	val_213
224	val_224
224	val_224
224	val_224
224	val_224
238	val_238
238	val_238
238	val_238
238	val_238
255	val_255
255	val_255
255	val_255
255	val_255
273	val_273
273	val_273
273	val_273
273	val_273
273	val_273
273	val_273
273	val_273
273	val_273
273	val_273
278	val_278
278	val_278
278	val_278
278	val_278
311	val_311
311	val_311
311	val_311
311	val_311
311	val_311
311	val_311
311	val_311
311	val_311
311	val_311
369	val_369
369	val_369
369	val_369
369	val_369
369	val_369
369	val_369
369	val_369
369	val_369
369	val_369
401	val_401
401	val_401
401	val_401
401	val_401
401	val_401
401	val_401
401	val_401
401	val_401
401	val_401
401	val_401
401	val_401
401	val_401
401	val_401
401	val_401
401	val_401
401	val_401
401	val_401
401	val_401
401	val_401
401	val_401
401	val_401
401	val_401
401	val_401
401	val_401
401	val_401
406	val_406
406	val_406
406	val_406
406	val_406
406	val_406
406	val_406
406	val_406
406	val_406
406	val_406
406	val_406
406	val_406
406	val_406
406	val_406
406	val_406
406	val_406
406	val_406
66	val_66
98	val_98
98	val_98
98	val_98
98	val_98
