PREHOOK: query: CREATE TABLE dest_j1_n9(key INT, value STRING, val2 STRING) STORED AS TEXTFILE
PREHOOK: type: CREATETABLE
PREHOOK: Output: database:default
PREHOOK: Output: default@dest_j1_n9
POSTHOOK: query: CREATE TABLE dest_j1_n9(key INT, value STRING, val2 STRING) STORED AS TEXTFILE
POSTHOOK: type: CREATETABLE
POSTHOOK: Output: database:default
POSTHOOK: Output: default@dest_j1_n9
PREHOOK: query: EXPLAIN
INSERT OVERWRITE TABLE dest_j1_n9 
SELECT /*+ MAPJOIN(X) */ x.key, x.value, y.value
FROM src1 x JOIN src y ON (x.key = y.key)
PREHOOK: type: QUERY
PREHOOK: Input: default@src
PREHOOK: Input: default@src1
PREHOOK: Output: default@dest_j1_n9
POSTHOOK: query: EXPLAIN
INSERT OVERWRITE TABLE dest_j1_n9 
SELECT /*+ MAPJOIN(X) */ x.key, x.value, y.value
FROM src1 x JOIN src y ON (x.key = y.key)
POSTHOOK: type: QUERY
POSTHOOK: Input: default@src
POSTHOOK: Input: default@src1
POSTHOOK: Output: default@dest_j1_n9
STAGE DEPENDENCIES:
  Stage-1 is a root stage
  Stage-2 depends on stages: Stage-1
  Stage-0 depends on stages: Stage-2
  Stage-3 depends on stages: Stage-0

STAGE PLANS:
  Stage: Stage-1
    Tez
#### A masked pattern was here ####
      Edges:
        Map 2 <- Map 1 (BROADCAST_EDGE)
        Reducer 3 <- Map 2 (CUSTOM_SIMPLE_EDGE)
#### A masked pattern was here ####
      Vertices:
        Map 1 
            Map Operator Tree:
                TableScan
                  alias: x
                  filterExpr: key is not null (type: boolean)
                  Statistics: Num rows: 25 Data size: 4375 Basic stats: COMPLETE Column stats: COMPLETE
                  Filter Operator
                    predicate: key is not null (type: boolean)
                    Statistics: Num rows: 25 Data size: 4375 Basic stats: COMPLETE Column stats: COMPLETE
                    Select Operator
                      expressions: key (type: string), value (type: string)
                      outputColumnNames: _col0, _col1
                      Statistics: Num rows: 25 Data size: 4375 Basic stats: COMPLETE Column stats: COMPLETE
                      Reduce Output Operator
                        key expressions: _col0 (type: string)
                        null sort order: z
                        sort order: +
                        Map-reduce partition columns: _col0 (type: string)
                        Statistics: Num rows: 25 Data size: 4375 Basic stats: COMPLETE Column stats: COMPLETE
                        value expressions: _col1 (type: string)
            Execution mode: vectorized, llap
            LLAP IO: no inputs
        Map 2 
            Map Operator Tree:
                TableScan
                  alias: y
                  filterExpr: key is not null (type: boolean)
                  Statistics: Num rows: 500 Data size: 89000 Basic stats: COMPLETE Column stats: COMPLETE
                  Filter Operator
                    predicate: key is not null (type: boolean)
                    Statistics: Num rows: 500 Data size: 89000 Basic stats: COMPLETE Column stats: COMPLETE
                    Select Operator
                      expressions: key (type: string), value (type: string)
                      outputColumnNames: _col0, _col1
                      Statistics: Num rows: 500 Data size: 89000 Basic stats: COMPLETE Column stats: COMPLETE
                      Map Join Operator
                        condition map:
                             Inner Join 0 to 1
                        keys:
                          0 _col0 (type: string)
                          1 _col0 (type: string)
                        outputColumnNames: _col0, _col1, _col3
                        input vertices:
                          0 Map 1
                        Statistics: Num rows: 39 Data size: 10374 Basic stats: COMPLETE Column stats: COMPLETE
                        Select Operator
                          expressions: UDFToInteger(_col0) (type: int), _col1 (type: string), _col3 (type: string)
                          outputColumnNames: _col0, _col1, _col2
                          Statistics: Num rows: 39 Data size: 7176 Basic stats: COMPLETE Column stats: COMPLETE
                          File Output Operator
                            compressed: false
                            Statistics: Num rows: 39 Data size: 7176 Basic stats: COMPLETE Column stats: COMPLETE
                            table:
                                input format: org.apache.hadoop.mapred.TextInputFormat
                                output format: org.apache.hadoop.hive.ql.io.HiveIgnoreKeyTextOutputFormat
                                serde: org.apache.hadoop.hive.serde2.lazy.LazySimpleSerDe
                                name: default.dest_j1_n9
                          Select Operator
                            expressions: _col0 (type: int), _col1 (type: string), _col2 (type: string)
                            outputColumnNames: key, value, val2
                            Statistics: Num rows: 39 Data size: 7176 Basic stats: COMPLETE Column stats: COMPLETE
                            Group By Operator
                              aggregations: compute_stats(key, 'hll'), compute_stats(value, 'hll'), compute_stats(val2, 'hll')
                              minReductionHashAggr: 0.974359
                              mode: hash
                              outputColumnNames: _col0, _col1, _col2
                              Statistics: Num rows: 1 Data size: 1304 Basic stats: COMPLETE Column stats: COMPLETE
                              Reduce Output Operator
                                null sort order: 
                                sort order: 
                                Statistics: Num rows: 1 Data size: 1304 Basic stats: COMPLETE Column stats: COMPLETE
                                value expressions: _col0 (type: struct<columntype:string,min:bigint,max:bigint,countnulls:bigint,bitvector:binary>), _col1 (type: struct<columntype:string,maxlength:bigint,sumlength:bigint,count:bigint,countnulls:bigint,bitvector:binary>), _col2 (type: struct<columntype:string,maxlength:bigint,sumlength:bigint,count:bigint,countnulls:bigint,bitvector:binary>)
            Execution mode: llap
            LLAP IO: no inputs
        Reducer 3 
            Execution mode: llap
            Reduce Operator Tree:
              Group By Operator
                aggregations: compute_stats(VALUE._col0), compute_stats(VALUE._col1), compute_stats(VALUE._col2)
                mode: mergepartial
                outputColumnNames: _col0, _col1, _col2
                Statistics: Num rows: 1 Data size: 1320 Basic stats: COMPLETE Column stats: COMPLETE
                File Output Operator
                  compressed: false
                  Statistics: Num rows: 1 Data size: 1320 Basic stats: COMPLETE Column stats: COMPLETE
                  table:
                      input format: org.apache.hadoop.mapred.SequenceFileInputFormat
                      output format: org.apache.hadoop.hive.ql.io.HiveSequenceFileOutputFormat
                      serde: org.apache.hadoop.hive.serde2.lazy.LazySimpleSerDe

  Stage: Stage-2
    Dependency Collection

  Stage: Stage-0
    Move Operator
      tables:
          replace: true
          table:
              input format: org.apache.hadoop.mapred.TextInputFormat
              output format: org.apache.hadoop.hive.ql.io.HiveIgnoreKeyTextOutputFormat
              serde: org.apache.hadoop.hive.serde2.lazy.LazySimpleSerDe
              name: default.dest_j1_n9

  Stage: Stage-3
    Stats Work
      Basic Stats Work:
      Column Stats Desc:
          Columns: key, value, val2
          Column Types: int, string, string
          Table: default.dest_j1_n9

PREHOOK: query: INSERT OVERWRITE TABLE dest_j1_n9 
SELECT /*+ MAPJOIN(X) */ x.key, x.value, y.value
FROM src1 x JOIN src y ON (x.key = y.key)
PREHOOK: type: QUERY
PREHOOK: Input: default@src
PREHOOK: Input: default@src1
PREHOOK: Output: default@dest_j1_n9
POSTHOOK: query: INSERT OVERWRITE TABLE dest_j1_n9 
SELECT /*+ MAPJOIN(X) */ x.key, x.value, y.value
FROM src1 x JOIN src y ON (x.key = y.key)
POSTHOOK: type: QUERY
POSTHOOK: Input: default@src
POSTHOOK: Input: default@src1
POSTHOOK: Output: default@dest_j1_n9
POSTHOOK: Lineage: dest_j1_n9.key EXPRESSION [(src1)x.FieldSchema(name:key, type:string, comment:default), ]
POSTHOOK: Lineage: dest_j1_n9.val2 SIMPLE [(src)y.FieldSchema(name:value, type:string, comment:default), ]
POSTHOOK: Lineage: dest_j1_n9.value SIMPLE [(src1)x.FieldSchema(name:value, type:string, comment:default), ]
PREHOOK: query: select * from dest_j1_n9
PREHOOK: type: QUERY
PREHOOK: Input: default@dest_j1_n9
#### A masked pattern was here ####
POSTHOOK: query: select * from dest_j1_n9
POSTHOOK: type: QUERY
POSTHOOK: Input: default@dest_j1_n9
#### A masked pattern was here ####
128		val_128
128		val_128
128		val_128
146	val_146	val_146
146	val_146	val_146
150	val_150	val_150
213	val_213	val_213
213	val_213	val_213
224		val_224
224		val_224
238	val_238	val_238
238	val_238	val_238
255	val_255	val_255
255	val_255	val_255
273	val_273	val_273
273	val_273	val_273
273	val_273	val_273
278	val_278	val_278
278	val_278	val_278
311	val_311	val_311
311	val_311	val_311
311	val_311	val_311
369		val_369
369		val_369
369		val_369
401	val_401	val_401
401	val_401	val_401
401	val_401	val_401
401	val_401	val_401
401	val_401	val_401
406	val_406	val_406
406	val_406	val_406
406	val_406	val_406
406	val_406	val_406
66	val_66	val_66
98	val_98	val_98
98	val_98	val_98
