PREHOOK: query: CREATE TABLE dest1_n17(c1 INT, c2 STRING, c3 INT, c4 STRING, c5 INT, c6 STRING) STORED AS TEXTFILE
PREHOOK: type: CREATETABLE
PREHOOK: Output: database:default
PREHOOK: Output: default@dest1_n17
POSTHOOK: query: CREATE TABLE dest1_n17(c1 INT, c2 STRING, c3 INT, c4 STRING, c5 INT, c6 STRING) STORED AS TEXTFILE
POSTHOOK: type: CREATETABLE
POSTHOOK: Output: database:default
POSTHOOK: Output: default@dest1_n17
PREHOOK: query: EXPLAIN
FROM (
 FROM 
  (
  FROM src src1 SELECT src1.key AS c1, src1.value AS c2 WHERE src1.key > 10 and src1.key < 20
  ) a
 FULL OUTER JOIN 
 (
  FROM src src2 SELECT src2.key AS c3, src2.value AS c4 WHERE src2.key > 15 and src2.key < 25
 ) b 
 ON (a.c1 = b.c3)
 LEFT OUTER JOIN 
 (
  FROM src src3 SELECT src3.key AS c5, src3.value AS c6 WHERE src3.key > 20 and src3.key < 25
 ) c
 ON (a.c1 = c.c5)
 SELECT a.c1 AS c1, a.c2 AS c2, b.c3 AS c3, b.c4 AS c4, c.c5 AS c5, c.c6 AS c6
) c
INSERT OVERWRITE TABLE dest1_n17 SELECT c.c1, c.c2, c.c3, c.c4, c.c5, c.c6
PREHOOK: type: QUERY
PREHOOK: Input: default@src
PREHOOK: Output: default@dest1_n17
POSTHOOK: query: EXPLAIN
FROM (
 FROM 
  (
  FROM src src1 SELECT src1.key AS c1, src1.value AS c2 WHERE src1.key > 10 and src1.key < 20
  ) a
 FULL OUTER JOIN 
 (
  FROM src src2 SELECT src2.key AS c3, src2.value AS c4 WHERE src2.key > 15 and src2.key < 25
 ) b 
 ON (a.c1 = b.c3)
 LEFT OUTER JOIN 
 (
  FROM src src3 SELECT src3.key AS c5, src3.value AS c6 WHERE src3.key > 20 and src3.key < 25
 ) c
 ON (a.c1 = c.c5)
 SELECT a.c1 AS c1, a.c2 AS c2, b.c3 AS c3, b.c4 AS c4, c.c5 AS c5, c.c6 AS c6
) c
INSERT OVERWRITE TABLE dest1_n17 SELECT c.c1, c.c2, c.c3, c.c4, c.c5, c.c6
POSTHOOK: type: QUERY
POSTHOOK: Input: default@src
POSTHOOK: Output: default@dest1_n17
STAGE DEPENDENCIES:
  Stage-1 is a root stage
  Stage-2 depends on stages: Stage-1
  Stage-0 depends on stages: Stage-2
  Stage-3 depends on stages: Stage-0

STAGE PLANS:
  Stage: Stage-1
    Tez
#### A masked pattern was here ####
      Edges:
        Reducer 2 <- Map 1 (SIMPLE_EDGE), Map 5 (SIMPLE_EDGE)
        Reducer 3 <- Map 1 (SIMPLE_EDGE), Reducer 2 (SIMPLE_EDGE)
        Reducer 4 <- Reducer 3 (CUSTOM_SIMPLE_EDGE)
#### A masked pattern was here ####
      Vertices:
        Map 1 
            Map Operator Tree:
                TableScan
                  alias: src1
                  filterExpr: (((UDFToDouble(key) > 10.0D) and (UDFToDouble(key) < 20.0D)) or ((UDFToDouble(key) > 20.0D) and (UDFToDouble(key) < 25.0D))) (type: boolean)
                  Statistics: Num rows: 500 Data size: 89000 Basic stats: COMPLETE Column stats: COMPLETE
                  Filter Operator
                    predicate: ((UDFToDouble(key) > 10.0D) and (UDFToDouble(key) < 20.0D)) (type: boolean)
                    Statistics: Num rows: 55 Data size: 9790 Basic stats: COMPLETE Column stats: COMPLETE
                    Select Operator
                      expressions: key (type: string), value (type: string)
                      outputColumnNames: _col0, _col1
                      Statistics: Num rows: 55 Data size: 9790 Basic stats: COMPLETE Column stats: COMPLETE
                      Reduce Output Operator
                        key expressions: _col0 (type: string)
                        null sort order: z
                        sort order: +
                        Map-reduce partition columns: _col0 (type: string)
                        Statistics: Num rows: 55 Data size: 9790 Basic stats: COMPLETE Column stats: COMPLETE
                        value expressions: _col1 (type: string)
                  Filter Operator
                    predicate: ((UDFToDouble(key) > 20.0D) and (UDFToDouble(key) < 25.0D)) (type: boolean)
                    Statistics: Num rows: 55 Data size: 9790 Basic stats: COMPLETE Column stats: COMPLETE
                    Select Operator
                      expressions: key (type: string), value (type: string)
                      outputColumnNames: _col0, _col1
                      Statistics: Num rows: 55 Data size: 9790 Basic stats: COMPLETE Column stats: COMPLETE
                      Reduce Output Operator
                        key expressions: _col0 (type: string)
                        null sort order: z
                        sort order: +
                        Map-reduce partition columns: _col0 (type: string)
                        Statistics: Num rows: 55 Data size: 9790 Basic stats: COMPLETE Column stats: COMPLETE
                        value expressions: _col1 (type: string)
            Execution mode: vectorized, llap
            LLAP IO: all inputs
        Map 5 
            Map Operator Tree:
                TableScan
                  alias: src2
                  filterExpr: ((UDFToDouble(key) > 15.0D) and (UDFToDouble(key) < 25.0D)) (type: boolean)
                  Statistics: Num rows: 500 Data size: 89000 Basic stats: COMPLETE Column stats: COMPLETE
                  Filter Operator
                    predicate: ((UDFToDouble(key) > 15.0D) and (UDFToDouble(key) < 25.0D)) (type: boolean)
                    Statistics: Num rows: 55 Data size: 9790 Basic stats: COMPLETE Column stats: COMPLETE
                    Select Operator
                      expressions: key (type: string), value (type: string)
                      outputColumnNames: _col0, _col1
                      Statistics: Num rows: 55 Data size: 9790 Basic stats: COMPLETE Column stats: COMPLETE
                      Reduce Output Operator
                        key expressions: _col0 (type: string)
                        null sort order: z
                        sort order: +
                        Map-reduce partition columns: _col0 (type: string)
                        Statistics: Num rows: 55 Data size: 9790 Basic stats: COMPLETE Column stats: COMPLETE
                        value expressions: _col1 (type: string)
            Execution mode: vectorized, llap
            LLAP IO: all inputs
        Reducer 2 
            Execution mode: llap
            Reduce Operator Tree:
              Merge Join Operator
                condition map:
                     Full Outer Join 0 to 1
                keys:
                  0 _col0 (type: string)
                  1 _col0 (type: string)
                outputColumnNames: _col0, _col1, _col2, _col3
                Statistics: Num rows: 110 Data size: 39160 Basic stats: COMPLETE Column stats: COMPLETE
                Reduce Output Operator
                  key expressions: _col0 (type: string)
                  null sort order: z
                  sort order: +
                  Map-reduce partition columns: _col0 (type: string)
                  Statistics: Num rows: 110 Data size: 39160 Basic stats: COMPLETE Column stats: COMPLETE
                  value expressions: _col1 (type: string), _col2 (type: string), _col3 (type: string)
        Reducer 3 
            Execution mode: llap
            Reduce Operator Tree:
              Merge Join Operator
                condition map:
                     Left Outer Join 0 to 1
                keys:
                  0 _col0 (type: string)
                  1 _col0 (type: string)
                outputColumnNames: _col0, _col1, _col2, _col3, _col4, _col5
                Statistics: Num rows: 110 Data size: 58740 Basic stats: COMPLETE Column stats: COMPLETE
                Select Operator
                  expressions: UDFToInteger(_col0) (type: int), _col1 (type: string), UDFToInteger(_col2) (type: int), _col3 (type: string), UDFToInteger(_col4) (type: int), _col5 (type: string)
                  outputColumnNames: _col0, _col1, _col2, _col3, _col4, _col5
                  Statistics: Num rows: 110 Data size: 31350 Basic stats: COMPLETE Column stats: COMPLETE
                  File Output Operator
                    compressed: false
                    Statistics: Num rows: 110 Data size: 31350 Basic stats: COMPLETE Column stats: COMPLETE
                    table:
                        input format: org.apache.hadoop.mapred.TextInputFormat
                        output format: org.apache.hadoop.hive.ql.io.HiveIgnoreKeyTextOutputFormat
                        serde: org.apache.hadoop.hive.serde2.lazy.LazySimpleSerDe
                        name: default.dest1_n17
                  Select Operator
                    expressions: _col0 (type: int), _col1 (type: string), _col2 (type: int), _col3 (type: string), _col4 (type: int), _col5 (type: string)
                    outputColumnNames: c1, c2, c3, c4, c5, c6
                    Statistics: Num rows: 110 Data size: 31350 Basic stats: COMPLETE Column stats: COMPLETE
                    Group By Operator
                      aggregations: min(c1), max(c1), count(1), count(c1), compute_bit_vector_hll(c1), max(length(c2)), avg(COALESCE(length(c2),0)), count(c2), compute_bit_vector_hll(c2), min(c3), max(c3), count(c3), compute_bit_vector_hll(c3), max(length(c4)), avg(COALESCE(length(c4),0)), count(c4), compute_bit_vector_hll(c4), min(c5), max(c5), count(c5), compute_bit_vector_hll(c5), max(length(c6)), avg(COALESCE(length(c6),0)), count(c6), compute_bit_vector_hll(c6)
                      minReductionHashAggr: 0.99
                      mode: hash
                      outputColumnNames: _col0, _col1, _col2, _col3, _col4, _col5, _col6, _col7, _col8, _col9, _col10, _col11, _col12, _col13, _col14, _col15, _col16, _col17, _col18, _col19, _col20, _col21, _col22, _col23, _col24
                      Statistics: Num rows: 1 Data size: 1184 Basic stats: COMPLETE Column stats: COMPLETE
                      Reduce Output Operator
                        null sort order: 
                        sort order: 
                        Statistics: Num rows: 1 Data size: 1184 Basic stats: COMPLETE Column stats: COMPLETE
                        value expressions: _col0 (type: int), _col1 (type: int), _col2 (type: bigint), _col3 (type: bigint), _col4 (type: binary), _col5 (type: int), _col6 (type: struct<count:bigint,sum:double,input:int>), _col7 (type: bigint), _col8 (type: binary), _col9 (type: int), _col10 (type: int), _col11 (type: bigint), _col12 (type: binary), _col13 (type: int), _col14 (type: struct<count:bigint,sum:double,input:int>), _col15 (type: bigint), _col16 (type: binary), _col17 (type: int), _col18 (type: int), _col19 (type: bigint), _col20 (type: binary), _col21 (type: int), _col22 (type: struct<count:bigint,sum:double,input:int>), _col23 (type: bigint), _col24 (type: binary)
        Reducer 4 
            Execution mode: vectorized, llap
            Reduce Operator Tree:
              Group By Operator
                aggregations: min(VALUE._col0), max(VALUE._col1), count(VALUE._col2), count(VALUE._col3), compute_bit_vector_hll(VALUE._col4), max(VALUE._col5), avg(VALUE._col6), count(VALUE._col7), compute_bit_vector_hll(VALUE._col8), min(VALUE._col9), max(VALUE._col10), count(VALUE._col11), compute_bit_vector_hll(VALUE._col12), max(VALUE._col13), avg(VALUE._col14), count(VALUE._col15), compute_bit_vector_hll(VALUE._col16), min(VALUE._col17), max(VALUE._col18), count(VALUE._col19), compute_bit_vector_hll(VALUE._col20), max(VALUE._col21), avg(VALUE._col22), count(VALUE._col23), compute_bit_vector_hll(VALUE._col24)
                mode: mergepartial
                outputColumnNames: _col0, _col1, _col2, _col3, _col4, _col5, _col6, _col7, _col8, _col9, _col10, _col11, _col12, _col13, _col14, _col15, _col16, _col17, _col18, _col19, _col20, _col21, _col22, _col23, _col24
                Statistics: Num rows: 1 Data size: 980 Basic stats: COMPLETE Column stats: COMPLETE
                Select Operator
                  expressions: 'LONG' (type: string), UDFToLong(_col0) (type: bigint), UDFToLong(_col1) (type: bigint), (_col2 - _col3) (type: bigint), COALESCE(ndv_compute_bit_vector(_col4),0) (type: bigint), _col4 (type: binary), 'STRING' (type: string), UDFToLong(COALESCE(_col5,0)) (type: bigint), COALESCE(_col6,0) (type: double), (_col2 - _col7) (type: bigint), COALESCE(ndv_compute_bit_vector(_col8),0) (type: bigint), _col8 (type: binary), 'LONG' (type: string), UDFToLong(_col9) (type: bigint), UDFToLong(_col10) (type: bigint), (_col2 - _col11) (type: bigint), COALESCE(ndv_compute_bit_vector(_col12),0) (type: bigint), _col12 (type: binary), 'STRING' (type: string), UDFToLong(COALESCE(_col13,0)) (type: bigint), COALESCE(_col14,0) (type: double), (_col2 - _col15) (type: bigint), COALESCE(ndv_compute_bit_vector(_col16),0) (type: bigint), _col16 (type: binary), 'LONG' (type: string), UDFToLong(_col17) (type: bigint), UDFToLong(_col18) (type: bigint), (_col2 - _col19) (type: bigint), COALESCE(ndv_compute_bit_vector(_col20),0) (type: bigint), _col20 (type: binary), 'STRING' (type: string), UDFToLong(COALESCE(_col21,0)) (type: bigint), COALESCE(_col22,0) (type: double), (_col2 - _col23) (type: bigint), COALESCE(ndv_compute_bit_vector(_col24),0) (type: bigint), _col24 (type: binary)
                  outputColumnNames: _col0, _col1, _col2, _col3, _col4, _col5, _col6, _col7, _col8, _col9, _col10, _col11, _col12, _col13, _col14, _col15, _col16, _col17, _col18, _col19, _col20, _col21, _col22, _col23, _col24, _col25, _col26, _col27, _col28, _col29, _col30, _col31, _col32, _col33, _col34, _col35
                  Statistics: Num rows: 1 Data size: 1590 Basic stats: COMPLETE Column stats: COMPLETE
                  File Output Operator
                    compressed: false
                    Statistics: Num rows: 1 Data size: 1590 Basic stats: COMPLETE Column stats: COMPLETE
                    table:
                        input format: org.apache.hadoop.mapred.SequenceFileInputFormat
                        output format: org.apache.hadoop.hive.ql.io.HiveSequenceFileOutputFormat
                        serde: org.apache.hadoop.hive.serde2.lazy.LazySimpleSerDe

  Stage: Stage-2
    Dependency Collection

  Stage: Stage-0
    Move Operator
      tables:
          replace: true
          table:
              input format: org.apache.hadoop.mapred.TextInputFormat
              output format: org.apache.hadoop.hive.ql.io.HiveIgnoreKeyTextOutputFormat
              serde: org.apache.hadoop.hive.serde2.lazy.LazySimpleSerDe
              name: default.dest1_n17

  Stage: Stage-3
    Stats Work
      Basic Stats Work:
      Column Stats Desc:
          Columns: c1, c2, c3, c4, c5, c6
          Column Types: int, string, int, string, int, string
          Table: default.dest1_n17

PREHOOK: query: FROM (
 FROM 
  (
  FROM src src1 SELECT src1.key AS c1, src1.value AS c2 WHERE src1.key > 10 and src1.key < 20
  ) a
 FULL OUTER JOIN 
 (
  FROM src src2 SELECT src2.key AS c3, src2.value AS c4 WHERE src2.key > 15 and src2.key < 25
 ) b 
 ON (a.c1 = b.c3)
 LEFT OUTER JOIN 
 (
  FROM src src3 SELECT src3.key AS c5, src3.value AS c6 WHERE src3.key > 20 and src3.key < 25
 ) c
 ON (a.c1 = c.c5)
 SELECT a.c1 AS c1, a.c2 AS c2, b.c3 AS c3, b.c4 AS c4, c.c5 AS c5, c.c6 AS c6
) c
INSERT OVERWRITE TABLE dest1_n17 SELECT c.c1, c.c2, c.c3, c.c4, c.c5, c.c6
PREHOOK: type: QUERY
PREHOOK: Input: default@src
PREHOOK: Output: default@dest1_n17
POSTHOOK: query: FROM (
 FROM 
  (
  FROM src src1 SELECT src1.key AS c1, src1.value AS c2 WHERE src1.key > 10 and src1.key < 20
  ) a
 FULL OUTER JOIN 
 (
  FROM src src2 SELECT src2.key AS c3, src2.value AS c4 WHERE src2.key > 15 and src2.key < 25
 ) b 
 ON (a.c1 = b.c3)
 LEFT OUTER JOIN 
 (
  FROM src src3 SELECT src3.key AS c5, src3.value AS c6 WHERE src3.key > 20 and src3.key < 25
 ) c
 ON (a.c1 = c.c5)
 SELECT a.c1 AS c1, a.c2 AS c2, b.c3 AS c3, b.c4 AS c4, c.c5 AS c5, c.c6 AS c6
) c
INSERT OVERWRITE TABLE dest1_n17 SELECT c.c1, c.c2, c.c3, c.c4, c.c5, c.c6
POSTHOOK: type: QUERY
POSTHOOK: Input: default@src
POSTHOOK: Output: default@dest1_n17
POSTHOOK: Lineage: dest1_n17.c1 EXPRESSION [(src)src1.FieldSchema(name:key, type:string, comment:default), ]
POSTHOOK: Lineage: dest1_n17.c2 SIMPLE [(src)src1.FieldSchema(name:value, type:string, comment:default), ]
POSTHOOK: Lineage: dest1_n17.c3 EXPRESSION [(src)src2.FieldSchema(name:key, type:string, comment:default), ]
POSTHOOK: Lineage: dest1_n17.c4 SIMPLE [(src)src2.FieldSchema(name:value, type:string, comment:default), ]
POSTHOOK: Lineage: dest1_n17.c5 EXPRESSION [(src)src3.FieldSchema(name:key, type:string, comment:default), ]
POSTHOOK: Lineage: dest1_n17.c6 SIMPLE [(src)src3.FieldSchema(name:value, type:string, comment:default), ]
PREHOOK: query: SELECT dest1_n17.* FROM dest1_n17
PREHOOK: type: QUERY
PREHOOK: Input: default@dest1_n17
#### A masked pattern was here ####
POSTHOOK: query: SELECT dest1_n17.* FROM dest1_n17
POSTHOOK: type: QUERY
POSTHOOK: Input: default@dest1_n17
#### A masked pattern was here ####
11	val_11	NULL	NULL	NULL	NULL
12	val_12	NULL	NULL	NULL	NULL
12	val_12	NULL	NULL	NULL	NULL
15	val_15	NULL	NULL	NULL	NULL
15	val_15	NULL	NULL	NULL	NULL
17	val_17	17	val_17	NULL	NULL
18	val_18	18	val_18	NULL	NULL
18	val_18	18	val_18	NULL	NULL
18	val_18	18	val_18	NULL	NULL
18	val_18	18	val_18	NULL	NULL
19	val_19	19	val_19	NULL	NULL
NULL	NULL	20	val_20	NULL	NULL
NULL	NULL	24	val_24	NULL	NULL
NULL	NULL	24	val_24	NULL	NULL
