PREHOOK: query: create table split    (id int, line_id int, orders string)
PREHOOK: type: CREATETABLE
PREHOOK: Output: database:default
PREHOOK: Output: default@split
POSTHOOK: query: create table split    (id int, line_id int, orders string)
POSTHOOK: type: CREATETABLE
POSTHOOK: Output: database:default
POSTHOOK: Output: default@split
PREHOOK: query: create table bar      (id int, line_id int, orders string)
PREHOOK: type: CREATETABLE
PREHOOK: Output: database:default
PREHOOK: Output: default@bar
POSTHOOK: query: create table bar      (id int, line_id int, orders string)
POSTHOOK: type: CREATETABLE
POSTHOOK: Output: database:default
POSTHOOK: Output: default@bar
PREHOOK: query: create table foo      (id int, line_id int, orders string)
PREHOOK: type: CREATETABLE
PREHOOK: Output: database:default
PREHOOK: Output: default@foo
POSTHOOK: query: create table foo      (id int, line_id int, orders string)
POSTHOOK: type: CREATETABLE
POSTHOOK: Output: database:default
POSTHOOK: Output: default@foo
PREHOOK: query: create table forecast (id int, line_id int, orders string)
PREHOOK: type: CREATETABLE
PREHOOK: Output: database:default
PREHOOK: Output: default@forecast
POSTHOOK: query: create table forecast (id int, line_id int, orders string)
POSTHOOK: type: CREATETABLE
POSTHOOK: Output: database:default
POSTHOOK: Output: default@forecast
PREHOOK: query: explain 
SELECT foo.id, count(*) as factor from 
 foo JOIN bar  ON (foo.id = bar.id and foo.line_id = bar.line_id) 
 JOIN split    ON (foo.id = split.id and foo.line_id = split.line_id) 
 JOIN forecast ON (foo.id = forecast.id AND foo.line_id = forecast.line_id) 
 WHERE foo.orders != 'blah'  
 group by foo.id
PREHOOK: type: QUERY
PREHOOK: Input: default@bar
PREHOOK: Input: default@foo
PREHOOK: Input: default@forecast
PREHOOK: Input: default@split
#### A masked pattern was here ####
POSTHOOK: query: explain 
SELECT foo.id, count(*) as factor from 
 foo JOIN bar  ON (foo.id = bar.id and foo.line_id = bar.line_id) 
 JOIN split    ON (foo.id = split.id and foo.line_id = split.line_id) 
 JOIN forecast ON (foo.id = forecast.id AND foo.line_id = forecast.line_id) 
 WHERE foo.orders != 'blah'  
 group by foo.id
POSTHOOK: type: QUERY
POSTHOOK: Input: default@bar
POSTHOOK: Input: default@foo
POSTHOOK: Input: default@forecast
POSTHOOK: Input: default@split
#### A masked pattern was here ####
STAGE DEPENDENCIES:
  Stage-1 is a root stage
  Stage-0 depends on stages: Stage-1

STAGE PLANS:
  Stage: Stage-1
    Tez
#### A masked pattern was here ####
      Edges:
        Reducer 2 <- Map 1 (SIMPLE_EDGE), Map 6 (SIMPLE_EDGE)
        Reducer 3 <- Map 7 (SIMPLE_EDGE), Reducer 2 (SIMPLE_EDGE)
        Reducer 4 <- Map 8 (SIMPLE_EDGE), Reducer 3 (SIMPLE_EDGE)
        Reducer 5 <- Reducer 4 (SIMPLE_EDGE)
#### A masked pattern was here ####
      Vertices:
        Map 1 
            Map Operator Tree:
                TableScan
                  alias: foo
                  filterExpr: ((orders <> 'blah') and id is not null and line_id is not null) (type: boolean)
                  Statistics: Num rows: 1 Data size: 192 Basic stats: COMPLETE Column stats: NONE
                  Filter Operator
                    predicate: ((orders <> 'blah') and id is not null and line_id is not null) (type: boolean)
                    Statistics: Num rows: 1 Data size: 192 Basic stats: COMPLETE Column stats: NONE
                    Select Operator
                      expressions: id (type: int), line_id (type: int)
                      outputColumnNames: _col0, _col1
                      Statistics: Num rows: 1 Data size: 192 Basic stats: COMPLETE Column stats: NONE
                      Reduce Output Operator
                        key expressions: _col0 (type: int), _col1 (type: int)
                        null sort order: zz
                        sort order: ++
                        Map-reduce partition columns: _col0 (type: int), _col1 (type: int)
                        Statistics: Num rows: 1 Data size: 192 Basic stats: COMPLETE Column stats: NONE
            Execution mode: vectorized, llap
            LLAP IO: all inputs
        Map 6 
            Map Operator Tree:
                TableScan
                  alias: bar
                  filterExpr: (id is not null and line_id is not null) (type: boolean)
                  Statistics: Num rows: 1 Data size: 8 Basic stats: COMPLETE Column stats: NONE
                  Filter Operator
                    predicate: (id is not null and line_id is not null) (type: boolean)
                    Statistics: Num rows: 1 Data size: 8 Basic stats: COMPLETE Column stats: NONE
                    Select Operator
                      expressions: id (type: int), line_id (type: int)
                      outputColumnNames: _col0, _col1
                      Statistics: Num rows: 1 Data size: 8 Basic stats: COMPLETE Column stats: NONE
                      Reduce Output Operator
                        key expressions: _col0 (type: int), _col1 (type: int)
                        null sort order: zz
                        sort order: ++
                        Map-reduce partition columns: _col0 (type: int), _col1 (type: int)
                        Statistics: Num rows: 1 Data size: 8 Basic stats: COMPLETE Column stats: NONE
            Execution mode: vectorized, llap
            LLAP IO: all inputs
        Map 7 
            Map Operator Tree:
                TableScan
                  alias: split
                  filterExpr: (id is not null and line_id is not null) (type: boolean)
                  Statistics: Num rows: 1 Data size: 8 Basic stats: COMPLETE Column stats: NONE
                  Filter Operator
                    predicate: (id is not null and line_id is not null) (type: boolean)
                    Statistics: Num rows: 1 Data size: 8 Basic stats: COMPLETE Column stats: NONE
                    Select Operator
                      expressions: id (type: int), line_id (type: int)
                      outputColumnNames: _col0, _col1
                      Statistics: Num rows: 1 Data size: 8 Basic stats: COMPLETE Column stats: NONE
                      Reduce Output Operator
                        key expressions: _col0 (type: int), _col1 (type: int)
                        null sort order: zz
                        sort order: ++
                        Map-reduce partition columns: _col0 (type: int), _col1 (type: int)
                        Statistics: Num rows: 1 Data size: 8 Basic stats: COMPLETE Column stats: NONE
            Execution mode: vectorized, llap
            LLAP IO: all inputs
        Map 8 
            Map Operator Tree:
                TableScan
                  alias: forecast
                  filterExpr: (id is not null and line_id is not null) (type: boolean)
                  Statistics: Num rows: 1 Data size: 8 Basic stats: COMPLETE Column stats: NONE
                  Filter Operator
                    predicate: (id is not null and line_id is not null) (type: boolean)
                    Statistics: Num rows: 1 Data size: 8 Basic stats: COMPLETE Column stats: NONE
                    Select Operator
                      expressions: id (type: int), line_id (type: int)
                      outputColumnNames: _col0, _col1
                      Statistics: Num rows: 1 Data size: 8 Basic stats: COMPLETE Column stats: NONE
                      Reduce Output Operator
                        key expressions: _col0 (type: int), _col1 (type: int)
                        null sort order: zz
                        sort order: ++
                        Map-reduce partition columns: _col0 (type: int), _col1 (type: int)
                        Statistics: Num rows: 1 Data size: 8 Basic stats: COMPLETE Column stats: NONE
            Execution mode: vectorized, llap
            LLAP IO: all inputs
        Reducer 2 
            Execution mode: llap
            Reduce Operator Tree:
              Merge Join Operator
                condition map:
                     Inner Join 0 to 1
                keys:
                  0 _col0 (type: int), _col1 (type: int)
                  1 _col0 (type: int), _col1 (type: int)
                outputColumnNames: _col0, _col1
                Statistics: Num rows: 1 Data size: 211 Basic stats: COMPLETE Column stats: NONE
                Reduce Output Operator
                  key expressions: _col0 (type: int), _col1 (type: int)
                  null sort order: zz
                  sort order: ++
                  Map-reduce partition columns: _col0 (type: int), _col1 (type: int)
                  Statistics: Num rows: 1 Data size: 211 Basic stats: COMPLETE Column stats: NONE
        Reducer 3 
            Execution mode: llap
            Reduce Operator Tree:
              Merge Join Operator
                condition map:
                     Inner Join 0 to 1
                keys:
                  0 _col0 (type: int), _col1 (type: int)
                  1 _col0 (type: int), _col1 (type: int)
                outputColumnNames: _col0, _col1
                Statistics: Num rows: 1 Data size: 232 Basic stats: COMPLETE Column stats: NONE
                Reduce Output Operator
                  key expressions: _col0 (type: int), _col1 (type: int)
                  null sort order: zz
                  sort order: ++
                  Map-reduce partition columns: _col0 (type: int), _col1 (type: int)
                  Statistics: Num rows: 1 Data size: 232 Basic stats: COMPLETE Column stats: NONE
        Reducer 4 
            Execution mode: llap
            Reduce Operator Tree:
              Merge Join Operator
                condition map:
                     Inner Join 0 to 1
                keys:
                  0 _col0 (type: int), _col1 (type: int)
                  1 _col0 (type: int), _col1 (type: int)
                outputColumnNames: _col0
                Statistics: Num rows: 1 Data size: 255 Basic stats: COMPLETE Column stats: NONE
                Group By Operator
                  aggregations: count()
                  keys: _col0 (type: int)
                  minReductionHashAggr: 0.99
                  mode: hash
                  outputColumnNames: _col0, _col1
                  Statistics: Num rows: 1 Data size: 255 Basic stats: COMPLETE Column stats: NONE
                  Reduce Output Operator
                    key expressions: _col0 (type: int)
                    null sort order: z
                    sort order: +
                    Map-reduce partition columns: _col0 (type: int)
                    Statistics: Num rows: 1 Data size: 255 Basic stats: COMPLETE Column stats: NONE
                    value expressions: _col1 (type: bigint)
        Reducer 5 
            Execution mode: vectorized, llap
            Reduce Operator Tree:
              Group By Operator
                aggregations: count(VALUE._col0)
                keys: KEY._col0 (type: int)
                mode: mergepartial
                outputColumnNames: _col0, _col1
                Statistics: Num rows: 1 Data size: 255 Basic stats: COMPLETE Column stats: NONE
                File Output Operator
                  compressed: false
                  Statistics: Num rows: 1 Data size: 255 Basic stats: COMPLETE Column stats: NONE
                  table:
                      input format: org.apache.hadoop.mapred.SequenceFileInputFormat
                      output format: org.apache.hadoop.hive.ql.io.HiveSequenceFileOutputFormat
                      serde: org.apache.hadoop.hive.serde2.lazy.LazySimpleSerDe

  Stage: Stage-0
    Fetch Operator
      limit: -1
      Processor Tree:
        ListSink

PREHOOK: query: drop table split
PREHOOK: type: DROPTABLE
PREHOOK: Input: default@split
PREHOOK: Output: database:default
PREHOOK: Output: default@split
POSTHOOK: query: drop table split
POSTHOOK: type: DROPTABLE
POSTHOOK: Input: default@split
POSTHOOK: Output: database:default
POSTHOOK: Output: default@split
PREHOOK: query: drop table bar
PREHOOK: type: DROPTABLE
PREHOOK: Input: default@bar
PREHOOK: Output: database:default
PREHOOK: Output: default@bar
POSTHOOK: query: drop table bar
POSTHOOK: type: DROPTABLE
POSTHOOK: Input: default@bar
POSTHOOK: Output: database:default
POSTHOOK: Output: default@bar
PREHOOK: query: drop table foo
PREHOOK: type: DROPTABLE
PREHOOK: Input: default@foo
PREHOOK: Output: database:default
PREHOOK: Output: default@foo
POSTHOOK: query: drop table foo
POSTHOOK: type: DROPTABLE
POSTHOOK: Input: default@foo
POSTHOOK: Output: database:default
POSTHOOK: Output: default@foo
PREHOOK: query: drop table forecast
PREHOOK: type: DROPTABLE
PREHOOK: Input: default@forecast
PREHOOK: Output: database:default
PREHOOK: Output: default@forecast
POSTHOOK: query: drop table forecast
POSTHOOK: type: DROPTABLE
POSTHOOK: Input: default@forecast
POSTHOOK: Output: database:default
POSTHOOK: Output: default@forecast
