PREHOOK: query: EXPLAIN SELECT myTab.* from src LATERAL VIEW explode(map('key1', 100, 'key2', 200)) myTab limit 2
PREHOOK: type: QUERY
PREHOOK: Input: default@src
#### A masked pattern was here ####
POSTHOOK: query: EXPLAIN SELECT myTab.* from src LATERAL VIEW explode(map('key1', 100, 'key2', 200)) myTab limit 2
POSTHOOK: type: QUERY
POSTHOOK: Input: default@src
#### A masked pattern was here ####
STAGE DEPENDENCIES:
  Stage-0 is a root stage

STAGE PLANS:
  Stage: Stage-0
    Fetch Operator
      limit: 2
      Processor Tree:
        TableScan
          alias: src
          Lateral View Forward
            Select Operator
              Lateral View Join Operator
                outputColumnNames: _col6, _col7
                Limit
                  Number of rows: 2
                  Select Operator
                    expressions: _col6 (type: string), _col7 (type: int)
                    outputColumnNames: _col0, _col1
                    ListSink
            Select Operator
              expressions: map('key1':100,'key2':200) (type: map<string,int>)
              outputColumnNames: _col0
              UDTF Operator
                function name: explode
                Lateral View Join Operator
                  outputColumnNames: _col6, _col7
                  Limit
                    Number of rows: 2
                    Select Operator
                      expressions: _col6 (type: string), _col7 (type: int)
                      outputColumnNames: _col0, _col1
                      ListSink

PREHOOK: query: SELECT myTab.* from src LATERAL VIEW explode(map('key1', 100, 'key2', 200)) myTab limit 2
PREHOOK: type: QUERY
PREHOOK: Input: default@src
#### A masked pattern was here ####
POSTHOOK: query: SELECT myTab.* from src LATERAL VIEW explode(map('key1', 100, 'key2', 200)) myTab limit 2
POSTHOOK: type: QUERY
POSTHOOK: Input: default@src
#### A masked pattern was here ####
key1	100
key2	200
PREHOOK: query: EXPLAIN SELECT explode(map('key1', 100, 'key2', 200)) from src limit 2
PREHOOK: type: QUERY
PREHOOK: Input: default@src
#### A masked pattern was here ####
POSTHOOK: query: EXPLAIN SELECT explode(map('key1', 100, 'key2', 200)) from src limit 2
POSTHOOK: type: QUERY
POSTHOOK: Input: default@src
#### A masked pattern was here ####
STAGE DEPENDENCIES:
  Stage-0 is a root stage

STAGE PLANS:
  Stage: Stage-0
    Fetch Operator
      limit: 2
      Processor Tree:
        TableScan
          alias: src
          Select Operator
            expressions: map('key1':100,'key2':200) (type: map<string,int>)
            outputColumnNames: _col0
            UDTF Operator
              function name: explode
              Limit
                Number of rows: 2
                Select Operator
                  expressions: key (type: string), value (type: int)
                  outputColumnNames: _col0, _col1
                  ListSink

PREHOOK: query: SELECT explode(map('key1', 100, 'key2', 200)) from src limit 2
PREHOOK: type: QUERY
PREHOOK: Input: default@src
#### A masked pattern was here ####
POSTHOOK: query: SELECT explode(map('key1', 100, 'key2', 200)) from src limit 2
POSTHOOK: type: QUERY
POSTHOOK: Input: default@src
#### A masked pattern was here ####
key1	100
key2	200
PREHOOK: query: create view lv_noalias as SELECT myTab.* from src LATERAL VIEW explode(map('key1', 100, 'key2', 200)) myTab limit 2
PREHOOK: type: CREATEVIEW
PREHOOK: Input: default@src
PREHOOK: Output: database:default
PREHOOK: Output: default@lv_noalias
POSTHOOK: query: create view lv_noalias as SELECT myTab.* from src LATERAL VIEW explode(map('key1', 100, 'key2', 200)) myTab limit 2
POSTHOOK: type: CREATEVIEW
POSTHOOK: Input: default@src
POSTHOOK: Output: database:default
POSTHOOK: Output: default@lv_noalias
POSTHOOK: Lineage: lv_noalias.key SCRIPT []
POSTHOOK: Lineage: lv_noalias.value SCRIPT []
PREHOOK: query: explain select * from lv_noalias a join lv_noalias b on a.key=b.key
PREHOOK: type: QUERY
PREHOOK: Input: default@lv_noalias
PREHOOK: Input: default@src
#### A masked pattern was here ####
POSTHOOK: query: explain select * from lv_noalias a join lv_noalias b on a.key=b.key
POSTHOOK: type: QUERY
POSTHOOK: Input: default@lv_noalias
POSTHOOK: Input: default@src
#### A masked pattern was here ####
STAGE DEPENDENCIES:
  Stage-1 is a root stage
  Stage-0 depends on stages: Stage-1

STAGE PLANS:
  Stage: Stage-1
    Tez
#### A masked pattern was here ####
      Edges:
        Reducer 2 <- Map 1 (CUSTOM_SIMPLE_EDGE)
        Reducer 3 <- Reducer 2 (SIMPLE_EDGE), Reducer 4 (SIMPLE_EDGE)
        Reducer 4 <- Map 1 (CUSTOM_SIMPLE_EDGE)
#### A masked pattern was here ####
      Vertices:
        Map 1 
            Map Operator Tree:
                TableScan
                  alias: src
                  Statistics: Num rows: 500 Data size: 5312 Basic stats: COMPLETE Column stats: COMPLETE
                  Lateral View Forward
                    Statistics: Num rows: 500 Data size: 5312 Basic stats: COMPLETE Column stats: COMPLETE
                    Select Operator
                      Statistics: Num rows: 500 Data size: 4000 Basic stats: COMPLETE Column stats: COMPLETE
                      Lateral View Join Operator
                        outputColumnNames: _col6, _col7
                        Statistics: Num rows: 500 Data size: 196000 Basic stats: COMPLETE Column stats: COMPLETE
                        Limit
                          Number of rows: 2
                          Statistics: Num rows: 2 Data size: 16 Basic stats: COMPLETE Column stats: COMPLETE
                          Select Operator
                            expressions: _col6 (type: string), _col7 (type: int)
                            outputColumnNames: _col0, _col1
                            Statistics: Num rows: 2 Data size: 16 Basic stats: COMPLETE Column stats: COMPLETE
                            Reduce Output Operator
                              null sort order: 
                              sort order: 
                              Statistics: Num rows: 2 Data size: 16 Basic stats: COMPLETE Column stats: COMPLETE
                              TopN Hash Memory Usage: 0.1
                              value expressions: _col0 (type: string), _col1 (type: int)
                    Select Operator
                      expressions: map('key1':100,'key2':200) (type: map<string,int>)
                      outputColumnNames: _col0
                      Statistics: Num rows: 500 Data size: 192000 Basic stats: COMPLETE Column stats: COMPLETE
                      UDTF Operator
                        Statistics: Num rows: 500 Data size: 192000 Basic stats: COMPLETE Column stats: COMPLETE
                        function name: explode
                        Lateral View Join Operator
                          outputColumnNames: _col6, _col7
                          Statistics: Num rows: 500 Data size: 196000 Basic stats: COMPLETE Column stats: COMPLETE
                          Limit
                            Number of rows: 2
                            Statistics: Num rows: 2 Data size: 16 Basic stats: COMPLETE Column stats: COMPLETE
                            Select Operator
                              expressions: _col6 (type: string), _col7 (type: int)
                              outputColumnNames: _col0, _col1
                              Statistics: Num rows: 2 Data size: 16 Basic stats: COMPLETE Column stats: COMPLETE
                              Reduce Output Operator
                                null sort order: 
                                sort order: 
                                Statistics: Num rows: 2 Data size: 16 Basic stats: COMPLETE Column stats: COMPLETE
                                TopN Hash Memory Usage: 0.1
                                value expressions: _col0 (type: string), _col1 (type: int)
                    Select Operator
                      Statistics: Num rows: 500 Data size: 4000 Basic stats: COMPLETE Column stats: COMPLETE
                      Lateral View Join Operator
                        outputColumnNames: _col6, _col7
                        Statistics: Num rows: 500 Data size: 196000 Basic stats: COMPLETE Column stats: COMPLETE
                        Limit
                          Number of rows: 2
                          Statistics: Num rows: 2 Data size: 16 Basic stats: COMPLETE Column stats: COMPLETE
                          Select Operator
                            expressions: _col6 (type: string), _col7 (type: int)
                            outputColumnNames: _col0, _col1
                            Statistics: Num rows: 2 Data size: 16 Basic stats: COMPLETE Column stats: COMPLETE
                            Reduce Output Operator
                              null sort order: 
                              sort order: 
                              Statistics: Num rows: 2 Data size: 16 Basic stats: COMPLETE Column stats: COMPLETE
                              TopN Hash Memory Usage: 0.1
                              value expressions: _col0 (type: string), _col1 (type: int)
                    Select Operator
                      expressions: map('key1':100,'key2':200) (type: map<string,int>)
                      outputColumnNames: _col0
                      Statistics: Num rows: 500 Data size: 192000 Basic stats: COMPLETE Column stats: COMPLETE
                      UDTF Operator
                        Statistics: Num rows: 500 Data size: 192000 Basic stats: COMPLETE Column stats: COMPLETE
                        function name: explode
                        Lateral View Join Operator
                          outputColumnNames: _col6, _col7
                          Statistics: Num rows: 500 Data size: 196000 Basic stats: COMPLETE Column stats: COMPLETE
                          Limit
                            Number of rows: 2
                            Statistics: Num rows: 2 Data size: 16 Basic stats: COMPLETE Column stats: COMPLETE
                            Select Operator
                              expressions: _col6 (type: string), _col7 (type: int)
                              outputColumnNames: _col0, _col1
                              Statistics: Num rows: 2 Data size: 16 Basic stats: COMPLETE Column stats: COMPLETE
                              Reduce Output Operator
                                null sort order: 
                                sort order: 
                                Statistics: Num rows: 2 Data size: 16 Basic stats: COMPLETE Column stats: COMPLETE
                                TopN Hash Memory Usage: 0.1
                                value expressions: _col0 (type: string), _col1 (type: int)
            Execution mode: llap
            LLAP IO: all inputs
        Reducer 2 
            Execution mode: vectorized, llap
            Reduce Operator Tree:
              Limit
                Number of rows: 2
                Statistics: Num rows: 2 Data size: 16 Basic stats: COMPLETE Column stats: COMPLETE
                Select Operator
                  expressions: VALUE._col0 (type: string), VALUE._col1 (type: int)
                  outputColumnNames: _col0, _col1
                  Statistics: Num rows: 2 Data size: 16 Basic stats: COMPLETE Column stats: COMPLETE
                  Filter Operator
                    predicate: _col0 is not null (type: boolean)
                    Statistics: Num rows: 2 Data size: 16 Basic stats: COMPLETE Column stats: COMPLETE
                    Reduce Output Operator
                      key expressions: _col0 (type: string)
                      null sort order: z
                      sort order: +
                      Map-reduce partition columns: _col0 (type: string)
                      Statistics: Num rows: 2 Data size: 16 Basic stats: COMPLETE Column stats: COMPLETE
                      value expressions: _col1 (type: int)
        Reducer 3 
            Execution mode: llap
            Reduce Operator Tree:
              Merge Join Operator
                condition map:
                     Inner Join 0 to 1
                keys:
                  0 _col0 (type: string)
                  1 _col0 (type: string)
                outputColumnNames: _col0, _col1, _col2, _col3
                Statistics: Num rows: 2 Data size: 432 Basic stats: COMPLETE Column stats: COMPLETE
                File Output Operator
                  compressed: false
                  Statistics: Num rows: 2 Data size: 432 Basic stats: COMPLETE Column stats: COMPLETE
                  table:
                      input format: org.apache.hadoop.mapred.SequenceFileInputFormat
                      output format: org.apache.hadoop.hive.ql.io.HiveSequenceFileOutputFormat
                      serde: org.apache.hadoop.hive.serde2.lazy.LazySimpleSerDe
        Reducer 4 
            Execution mode: vectorized, llap
            Reduce Operator Tree:
              Limit
                Number of rows: 2
                Statistics: Num rows: 2 Data size: 16 Basic stats: COMPLETE Column stats: COMPLETE
                Select Operator
                  expressions: VALUE._col0 (type: string), VALUE._col1 (type: int)
                  outputColumnNames: _col0, _col1
                  Statistics: Num rows: 2 Data size: 16 Basic stats: COMPLETE Column stats: COMPLETE
                  Filter Operator
                    predicate: _col0 is not null (type: boolean)
                    Statistics: Num rows: 2 Data size: 16 Basic stats: COMPLETE Column stats: COMPLETE
                    Reduce Output Operator
                      key expressions: _col0 (type: string)
                      null sort order: z
                      sort order: +
                      Map-reduce partition columns: _col0 (type: string)
                      Statistics: Num rows: 2 Data size: 16 Basic stats: COMPLETE Column stats: COMPLETE
                      value expressions: _col1 (type: int)

  Stage: Stage-0
    Fetch Operator
      limit: -1
      Processor Tree:
        ListSink

PREHOOK: query: select * from lv_noalias a join lv_noalias b on a.key=b.key
PREHOOK: type: QUERY
PREHOOK: Input: default@lv_noalias
PREHOOK: Input: default@src
#### A masked pattern was here ####
POSTHOOK: query: select * from lv_noalias a join lv_noalias b on a.key=b.key
POSTHOOK: type: QUERY
POSTHOOK: Input: default@lv_noalias
POSTHOOK: Input: default@src
#### A masked pattern was here ####
key1	100	key1	100
key2	200	key2	200
