PREHOOK: query: create temporary table foo (col string)
PREHOOK: type: CREATETABLE
PREHOOK: Output: database:default
PREHOOK: Output: default@foo
POSTHOOK: query: create temporary table foo (col string)
POSTHOOK: type: CREATETABLE
POSTHOOK: Output: database:default
POSTHOOK: Output: default@foo
PREHOOK: query: LOAD DATA LOCAL INPATH '../../data/files/control_characters.txt' INTO TABLE foo
PREHOOK: type: LOAD
#### A masked pattern was here ####
PREHOOK: Output: default@foo
POSTHOOK: query: LOAD DATA LOCAL INPATH '../../data/files/control_characters.txt' INTO TABLE foo
POSTHOOK: type: LOAD
#### A masked pattern was here ####
POSTHOOK: Output: default@foo
PREHOOK: query: explain select col, count(*) from foo where col like '%fg%' group by col
PREHOOK: type: QUERY
PREHOOK: Input: default@foo
#### A masked pattern was here ####
POSTHOOK: query: explain select col, count(*) from foo where col like '%fg%' group by col
POSTHOOK: type: QUERY
POSTHOOK: Input: default@foo
#### A masked pattern was here ####
STAGE DEPENDENCIES:
  Stage-1 is a root stage
  Stage-0 depends on stages: Stage-1

STAGE PLANS:
  Stage: Stage-1
    Tez
#### A masked pattern was here ####
      Edges:
        Reducer 2 <- Map 1 (SIMPLE_EDGE)
#### A masked pattern was here ####
      Vertices:
        Map 1 
            Map Operator Tree:
                TableScan
                  alias: foo
                  filterExpr: (col like '%fg%') (type: boolean)
                  Statistics: Num rows: 1 Data size: 184 Basic stats: COMPLETE Column stats: NONE
                  Filter Operator
                    predicate: (col like '%fg%') (type: boolean)
                    Statistics: Num rows: 1 Data size: 184 Basic stats: COMPLETE Column stats: NONE
                    Group By Operator
                      aggregations: count()
                      keys: col (type: string)
                      minReductionHashAggr: 0.99
                      mode: hash
                      outputColumnNames: _col0, _col1
                      Statistics: Num rows: 1 Data size: 184 Basic stats: COMPLETE Column stats: NONE
                      Reduce Output Operator
                        key expressions: _col0 (type: string)
                        null sort order: z
                        sort order: +
                        Map-reduce partition columns: _col0 (type: string)
                        Statistics: Num rows: 1 Data size: 184 Basic stats: COMPLETE Column stats: NONE
                        value expressions: _col1 (type: bigint)
            Execution mode: vectorized, llap
            LLAP IO: all inputs
        Reducer 2 
            Execution mode: vectorized, llap
            Reduce Operator Tree:
              Group By Operator
                aggregations: count(VALUE._col0)
                keys: KEY._col0 (type: string)
                mode: mergepartial
                outputColumnNames: _col0, _col1
                Statistics: Num rows: 1 Data size: 184 Basic stats: COMPLETE Column stats: NONE
                File Output Operator
                  compressed: false
                  Statistics: Num rows: 1 Data size: 184 Basic stats: COMPLETE Column stats: NONE
                  table:
                      input format: org.apache.hadoop.mapred.SequenceFileInputFormat
                      output format: org.apache.hadoop.hive.ql.io.HiveSequenceFileOutputFormat
                      serde: org.apache.hadoop.hive.serde2.lazy.LazySimpleSerDe

  Stage: Stage-0
    Fetch Operator
      limit: -1
      Processor Tree:
        ListSink

PREHOOK: query: select col, count(*) from foo where col like '%fg%' group by col
PREHOOK: type: QUERY
PREHOOK: Input: default@foo
#### A masked pattern was here ####
POSTHOOK: query: select col, count(*) from foo where col like '%fg%' group by col
POSTHOOK: type: QUERY
POSTHOOK: Input: default@foo
#### A masked pattern was here ####
abcdeï¿½fghi	1
