PREHOOK: query: explain
select *
from src src1 left outer join src src2
on src1.key = src2.key
limit 1
PREHOOK: type: QUERY
PREHOOK: Input: default@src
#### A masked pattern was here ####
POSTHOOK: query: explain
select *
from src src1 left outer join src src2
on src1.key = src2.key
limit 1
POSTHOOK: type: QUERY
POSTHOOK: Input: default@src
#### A masked pattern was here ####
STAGE DEPENDENCIES:
  Stage-1 is a root stage
  Stage-0 depends on stages: Stage-1

STAGE PLANS:
  Stage: Stage-1
    Tez
#### A masked pattern was here ####
      Edges:
        Reducer 2 <- Map 1 (SIMPLE_EDGE), Map 3 (SIMPLE_EDGE)
#### A masked pattern was here ####
      Vertices:
        Map 1 
            Map Operator Tree:
                TableScan
                  alias: src1
                  Statistics: Num rows: 500 Data size: 89000 Basic stats: COMPLETE Column stats: COMPLETE
                  Limit
                    Number of rows: 1
                    Statistics: Num rows: 1 Data size: 178 Basic stats: COMPLETE Column stats: COMPLETE
                    Select Operator
                      expressions: key (type: string), value (type: string)
                      outputColumnNames: _col0, _col1
                      Statistics: Num rows: 1 Data size: 178 Basic stats: COMPLETE Column stats: COMPLETE
                      Reduce Output Operator
                        key expressions: _col0 (type: string)
                        null sort order: z
                        sort order: +
                        Map-reduce partition columns: _col0 (type: string)
                        Statistics: Num rows: 1 Data size: 178 Basic stats: COMPLETE Column stats: COMPLETE
                        value expressions: _col1 (type: string)
            Execution mode: llap
            LLAP IO: all inputs
        Map 3 
            Map Operator Tree:
                TableScan
                  alias: src2
                  filterExpr: key is not null (type: boolean)
                  Statistics: Num rows: 500 Data size: 89000 Basic stats: COMPLETE Column stats: COMPLETE
                  Filter Operator
                    predicate: key is not null (type: boolean)
                    Statistics: Num rows: 500 Data size: 89000 Basic stats: COMPLETE Column stats: COMPLETE
                    Select Operator
                      expressions: key (type: string), value (type: string)
                      outputColumnNames: _col0, _col1
                      Statistics: Num rows: 500 Data size: 89000 Basic stats: COMPLETE Column stats: COMPLETE
                      Reduce Output Operator
                        key expressions: _col0 (type: string)
                        null sort order: z
                        sort order: +
                        Map-reduce partition columns: _col0 (type: string)
                        Statistics: Num rows: 500 Data size: 89000 Basic stats: COMPLETE Column stats: COMPLETE
                        value expressions: _col1 (type: string)
            Execution mode: llap
            LLAP IO: all inputs
        Reducer 2 
            Execution mode: llap
            Reduce Operator Tree:
              Merge Join Operator
                condition map:
                     Left Outer Join 0 to 1
                keys:
                  0 _col0 (type: string)
                  1 _col0 (type: string)
                outputColumnNames: _col0, _col1, _col2, _col3
                Statistics: Num rows: 2 Data size: 712 Basic stats: COMPLETE Column stats: COMPLETE
                Limit
                  Number of rows: 1
                  Statistics: Num rows: 1 Data size: 356 Basic stats: COMPLETE Column stats: COMPLETE
                  File Output Operator
                    compressed: false
                    Statistics: Num rows: 1 Data size: 356 Basic stats: COMPLETE Column stats: COMPLETE
                    table:
                        input format: org.apache.hadoop.mapred.SequenceFileInputFormat
                        output format: org.apache.hadoop.hive.ql.io.HiveSequenceFileOutputFormat
                        serde: org.apache.hadoop.hive.serde2.lazy.LazySimpleSerDe

  Stage: Stage-0
    Fetch Operator
      limit: 1
      Processor Tree:
        ListSink

PREHOOK: query: select *
from src src1 left outer join src src2
on src1.key = src2.key
limit 1
PREHOOK: type: QUERY
PREHOOK: Input: default@src
#### A masked pattern was here ####
POSTHOOK: query: select *
from src src1 left outer join src src2
on src1.key = src2.key
limit 1
POSTHOOK: type: QUERY
POSTHOOK: Input: default@src
#### A masked pattern was here ####
238	val_238	238	val_238
PREHOOK: query: explain
select *
from src src1 left outer join src src2
on src1.key = src2.key
limit 1
PREHOOK: type: QUERY
PREHOOK: Input: default@src
#### A masked pattern was here ####
POSTHOOK: query: explain
select *
from src src1 left outer join src src2
on src1.key = src2.key
limit 1
POSTHOOK: type: QUERY
POSTHOOK: Input: default@src
#### A masked pattern was here ####
STAGE DEPENDENCIES:
  Stage-1 is a root stage
  Stage-0 depends on stages: Stage-1

STAGE PLANS:
  Stage: Stage-1
    Tez
#### A masked pattern was here ####
      Edges:
        Reducer 2 <- Map 1 (SIMPLE_EDGE), Map 3 (SIMPLE_EDGE)
#### A masked pattern was here ####
      Vertices:
        Map 1 
            Map Operator Tree:
                TableScan
                  alias: src1
                  Statistics: Num rows: 500 Data size: 89000 Basic stats: COMPLETE Column stats: COMPLETE
                  Limit
                    Number of rows: 1
                    Statistics: Num rows: 1 Data size: 178 Basic stats: COMPLETE Column stats: COMPLETE
                    Select Operator
                      expressions: key (type: string), value (type: string)
                      outputColumnNames: _col0, _col1
                      Statistics: Num rows: 1 Data size: 178 Basic stats: COMPLETE Column stats: COMPLETE
                      Reduce Output Operator
                        key expressions: _col0 (type: string)
                        null sort order: z
                        sort order: +
                        Map-reduce partition columns: _col0 (type: string)
                        Statistics: Num rows: 1 Data size: 178 Basic stats: COMPLETE Column stats: COMPLETE
                        value expressions: _col1 (type: string)
            Execution mode: llap
            LLAP IO: all inputs
        Map 3 
            Map Operator Tree:
                TableScan
                  alias: src2
                  filterExpr: key is not null (type: boolean)
                  Statistics: Num rows: 500 Data size: 89000 Basic stats: COMPLETE Column stats: COMPLETE
                  Filter Operator
                    predicate: key is not null (type: boolean)
                    Statistics: Num rows: 500 Data size: 89000 Basic stats: COMPLETE Column stats: COMPLETE
                    Select Operator
                      expressions: key (type: string), value (type: string)
                      outputColumnNames: _col0, _col1
                      Statistics: Num rows: 500 Data size: 89000 Basic stats: COMPLETE Column stats: COMPLETE
                      Reduce Output Operator
                        key expressions: _col0 (type: string)
                        null sort order: z
                        sort order: +
                        Map-reduce partition columns: _col0 (type: string)
                        Statistics: Num rows: 500 Data size: 89000 Basic stats: COMPLETE Column stats: COMPLETE
                        value expressions: _col1 (type: string)
            Execution mode: llap
            LLAP IO: all inputs
        Reducer 2 
            Execution mode: llap
            Reduce Operator Tree:
              Merge Join Operator
                condition map:
                     Left Outer Join 0 to 1
                keys:
                  0 _col0 (type: string)
                  1 _col0 (type: string)
                outputColumnNames: _col0, _col1, _col2, _col3
                Statistics: Num rows: 2 Data size: 712 Basic stats: COMPLETE Column stats: COMPLETE
                Limit
                  Number of rows: 1
                  Statistics: Num rows: 1 Data size: 356 Basic stats: COMPLETE Column stats: COMPLETE
                  File Output Operator
                    compressed: false
                    Statistics: Num rows: 1 Data size: 356 Basic stats: COMPLETE Column stats: COMPLETE
                    table:
                        input format: org.apache.hadoop.mapred.SequenceFileInputFormat
                        output format: org.apache.hadoop.hive.ql.io.HiveSequenceFileOutputFormat
                        serde: org.apache.hadoop.hive.serde2.lazy.LazySimpleSerDe

  Stage: Stage-0
    Fetch Operator
      limit: 1
      Processor Tree:
        ListSink

PREHOOK: query: select *
from src src1 left outer join src src2
on src1.key = src2.key
limit 1
PREHOOK: type: QUERY
PREHOOK: Input: default@src
#### A masked pattern was here ####
POSTHOOK: query: select *
from src src1 left outer join src src2
on src1.key = src2.key
limit 1
POSTHOOK: type: QUERY
POSTHOOK: Input: default@src
#### A masked pattern was here ####
238	val_238	238	val_238
PREHOOK: query: explain
select *
from src src1 left outer join src src2
on src1.key = src2.key
limit 1
PREHOOK: type: QUERY
PREHOOK: Input: default@src
#### A masked pattern was here ####
POSTHOOK: query: explain
select *
from src src1 left outer join src src2
on src1.key = src2.key
limit 1
POSTHOOK: type: QUERY
POSTHOOK: Input: default@src
#### A masked pattern was here ####
STAGE DEPENDENCIES:
  Stage-1 is a root stage
  Stage-0 depends on stages: Stage-1

STAGE PLANS:
  Stage: Stage-1
    Tez
#### A masked pattern was here ####
      Edges:
        Reducer 2 <- Map 1 (CUSTOM_SIMPLE_EDGE)
        Reducer 3 <- Map 1 (SIMPLE_EDGE), Reducer 2 (SIMPLE_EDGE)
#### A masked pattern was here ####
      Vertices:
        Map 1 
            Map Operator Tree:
                TableScan
                  alias: src1
                  Statistics: Num rows: 500 Data size: 89000 Basic stats: COMPLETE Column stats: COMPLETE
                  Limit
                    Number of rows: 1
                    Statistics: Num rows: 1 Data size: 178 Basic stats: COMPLETE Column stats: COMPLETE
                    Select Operator
                      expressions: key (type: string), value (type: string)
                      outputColumnNames: _col0, _col1
                      Statistics: Num rows: 1 Data size: 178 Basic stats: COMPLETE Column stats: COMPLETE
                      Reduce Output Operator
                        null sort order: 
                        sort order: 
                        Statistics: Num rows: 1 Data size: 178 Basic stats: COMPLETE Column stats: COMPLETE
                        TopN Hash Memory Usage: 0.1
                        value expressions: _col0 (type: string), _col1 (type: string)
                  Filter Operator
                    predicate: key is not null (type: boolean)
                    Statistics: Num rows: 500 Data size: 89000 Basic stats: COMPLETE Column stats: COMPLETE
                    Select Operator
                      expressions: key (type: string), value (type: string)
                      outputColumnNames: _col0, _col1
                      Statistics: Num rows: 500 Data size: 89000 Basic stats: COMPLETE Column stats: COMPLETE
                      Reduce Output Operator
                        key expressions: _col0 (type: string)
                        null sort order: z
                        sort order: +
                        Map-reduce partition columns: _col0 (type: string)
                        Statistics: Num rows: 500 Data size: 89000 Basic stats: COMPLETE Column stats: COMPLETE
                        value expressions: _col1 (type: string)
            Execution mode: llap
            LLAP IO: all inputs
        Reducer 2 
            Execution mode: llap
            Reduce Operator Tree:
              Limit
                Number of rows: 1
                Statistics: Num rows: 1 Data size: 178 Basic stats: COMPLETE Column stats: COMPLETE
                Select Operator
                  expressions: VALUE._col0 (type: string), VALUE._col1 (type: string)
                  outputColumnNames: _col0, _col1
                  Statistics: Num rows: 1 Data size: 178 Basic stats: COMPLETE Column stats: COMPLETE
                  Reduce Output Operator
                    key expressions: _col0 (type: string)
                    null sort order: z
                    sort order: +
                    Map-reduce partition columns: _col0 (type: string)
                    Statistics: Num rows: 1 Data size: 178 Basic stats: COMPLETE Column stats: COMPLETE
                    value expressions: _col1 (type: string)
        Reducer 3 
            Execution mode: llap
            Reduce Operator Tree:
              Merge Join Operator
                condition map:
                     Left Outer Join 0 to 1
                keys:
                  0 _col0 (type: string)
                  1 _col0 (type: string)
                outputColumnNames: _col0, _col1, _col2, _col3
                Statistics: Num rows: 2 Data size: 712 Basic stats: COMPLETE Column stats: COMPLETE
                Limit
                  Number of rows: 1
                  Statistics: Num rows: 1 Data size: 356 Basic stats: COMPLETE Column stats: COMPLETE
                  File Output Operator
                    compressed: false
                    Statistics: Num rows: 1 Data size: 356 Basic stats: COMPLETE Column stats: COMPLETE
                    table:
                        input format: org.apache.hadoop.mapred.SequenceFileInputFormat
                        output format: org.apache.hadoop.hive.ql.io.HiveSequenceFileOutputFormat
                        serde: org.apache.hadoop.hive.serde2.lazy.LazySimpleSerDe

  Stage: Stage-0
    Fetch Operator
      limit: 1
      Processor Tree:
        ListSink

PREHOOK: query: select *
from src src1 left outer join src src2
on src1.key = src2.key
limit 1
PREHOOK: type: QUERY
PREHOOK: Input: default@src
#### A masked pattern was here ####
POSTHOOK: query: select *
from src src1 left outer join src src2
on src1.key = src2.key
limit 1
POSTHOOK: type: QUERY
POSTHOOK: Input: default@src
#### A masked pattern was here ####
238	val_238	238	val_238
PREHOOK: query: explain
select *
from src src1 right outer join (
  select *
  from src src2 left outer join src src3
  on src2.value = src3.value) src2
on src1.key = src2.key
limit 1
PREHOOK: type: QUERY
PREHOOK: Input: default@src
#### A masked pattern was here ####
POSTHOOK: query: explain
select *
from src src1 right outer join (
  select *
  from src src2 left outer join src src3
  on src2.value = src3.value) src2
on src1.key = src2.key
limit 1
POSTHOOK: type: QUERY
POSTHOOK: Input: default@src
#### A masked pattern was here ####
STAGE DEPENDENCIES:
  Stage-1 is a root stage
  Stage-0 depends on stages: Stage-1

STAGE PLANS:
  Stage: Stage-1
    Tez
#### A masked pattern was here ####
      Edges:
        Reducer 2 <- Map 1 (CUSTOM_SIMPLE_EDGE)
        Reducer 3 <- Map 1 (SIMPLE_EDGE), Reducer 2 (SIMPLE_EDGE)
        Reducer 4 <- Map 1 (SIMPLE_EDGE), Reducer 3 (SIMPLE_EDGE)
#### A masked pattern was here ####
      Vertices:
        Map 1 
            Map Operator Tree:
                TableScan
                  alias: src2
                  Statistics: Num rows: 500 Data size: 89000 Basic stats: COMPLETE Column stats: COMPLETE
                  Limit
                    Number of rows: 1
                    Statistics: Num rows: 1 Data size: 178 Basic stats: COMPLETE Column stats: COMPLETE
                    Select Operator
                      expressions: key (type: string), value (type: string)
                      outputColumnNames: _col0, _col1
                      Statistics: Num rows: 1 Data size: 178 Basic stats: COMPLETE Column stats: COMPLETE
                      Reduce Output Operator
                        null sort order: 
                        sort order: 
                        Statistics: Num rows: 1 Data size: 178 Basic stats: COMPLETE Column stats: COMPLETE
                        TopN Hash Memory Usage: 0.1
                        value expressions: _col0 (type: string), _col1 (type: string)
                  Filter Operator
                    predicate: value is not null (type: boolean)
                    Statistics: Num rows: 500 Data size: 89000 Basic stats: COMPLETE Column stats: COMPLETE
                    Select Operator
                      expressions: key (type: string), value (type: string)
                      outputColumnNames: _col0, _col1
                      Statistics: Num rows: 500 Data size: 89000 Basic stats: COMPLETE Column stats: COMPLETE
                      Reduce Output Operator
                        key expressions: _col1 (type: string)
                        null sort order: z
                        sort order: +
                        Map-reduce partition columns: _col1 (type: string)
                        Statistics: Num rows: 500 Data size: 89000 Basic stats: COMPLETE Column stats: COMPLETE
                        value expressions: _col0 (type: string)
                  Filter Operator
                    predicate: key is not null (type: boolean)
                    Statistics: Num rows: 500 Data size: 89000 Basic stats: COMPLETE Column stats: COMPLETE
                    Select Operator
                      expressions: key (type: string), value (type: string)
                      outputColumnNames: _col0, _col1
                      Statistics: Num rows: 500 Data size: 89000 Basic stats: COMPLETE Column stats: COMPLETE
                      Reduce Output Operator
                        key expressions: _col0 (type: string)
                        null sort order: z
                        sort order: +
                        Map-reduce partition columns: _col0 (type: string)
                        Statistics: Num rows: 500 Data size: 89000 Basic stats: COMPLETE Column stats: COMPLETE
                        value expressions: _col1 (type: string)
            Execution mode: llap
            LLAP IO: all inputs
        Reducer 2 
            Execution mode: llap
            Reduce Operator Tree:
              Limit
                Number of rows: 1
                Statistics: Num rows: 1 Data size: 178 Basic stats: COMPLETE Column stats: COMPLETE
                Select Operator
                  expressions: VALUE._col0 (type: string), VALUE._col1 (type: string)
                  outputColumnNames: _col0, _col1
                  Statistics: Num rows: 1 Data size: 178 Basic stats: COMPLETE Column stats: COMPLETE
                  Reduce Output Operator
                    key expressions: _col1 (type: string)
                    null sort order: z
                    sort order: +
                    Map-reduce partition columns: _col1 (type: string)
                    Statistics: Num rows: 1 Data size: 178 Basic stats: COMPLETE Column stats: COMPLETE
                    value expressions: _col0 (type: string)
        Reducer 3 
            Execution mode: llap
            Reduce Operator Tree:
              Merge Join Operator
                condition map:
                     Left Outer Join 0 to 1
                keys:
                  0 _col1 (type: string)
                  1 _col1 (type: string)
                outputColumnNames: _col0, _col1, _col2, _col3
                Statistics: Num rows: 2 Data size: 712 Basic stats: COMPLETE Column stats: COMPLETE
                Limit
                  Number of rows: 1
                  Statistics: Num rows: 1 Data size: 356 Basic stats: COMPLETE Column stats: COMPLETE
                  Reduce Output Operator
                    key expressions: _col0 (type: string)
                    null sort order: z
                    sort order: +
                    Map-reduce partition columns: _col0 (type: string)
                    Statistics: Num rows: 1 Data size: 356 Basic stats: COMPLETE Column stats: COMPLETE
                    value expressions: _col1 (type: string), _col2 (type: string), _col3 (type: string)
        Reducer 4 
            Execution mode: llap
            Reduce Operator Tree:
              Merge Join Operator
                condition map:
                     Left Outer Join 0 to 1
                keys:
                  0 _col0 (type: string)
                  1 _col0 (type: string)
                outputColumnNames: _col0, _col1, _col2, _col3, _col4, _col5
                Statistics: Num rows: 2 Data size: 1068 Basic stats: COMPLETE Column stats: COMPLETE
                Limit
                  Number of rows: 1
                  Statistics: Num rows: 1 Data size: 534 Basic stats: COMPLETE Column stats: COMPLETE
                  Select Operator
                    expressions: _col4 (type: string), _col5 (type: string), _col0 (type: string), _col1 (type: string), _col2 (type: string), _col3 (type: string)
                    outputColumnNames: _col0, _col1, _col2, _col3, _col4, _col5
                    Statistics: Num rows: 1 Data size: 534 Basic stats: COMPLETE Column stats: COMPLETE
                    File Output Operator
                      compressed: false
                      Statistics: Num rows: 1 Data size: 534 Basic stats: COMPLETE Column stats: COMPLETE
                      table:
                          input format: org.apache.hadoop.mapred.SequenceFileInputFormat
                          output format: org.apache.hadoop.hive.ql.io.HiveSequenceFileOutputFormat
                          serde: org.apache.hadoop.hive.serde2.lazy.LazySimpleSerDe

  Stage: Stage-0
    Fetch Operator
      limit: 1
      Processor Tree:
        ListSink

PREHOOK: query: select *
from src src1 right outer join (
  select *
  from src src2 left outer join src src3
  on src2.value = src3.value) src2
on src1.key = src2.key
limit 1
PREHOOK: type: QUERY
PREHOOK: Input: default@src
#### A masked pattern was here ####
POSTHOOK: query: select *
from src src1 right outer join (
  select *
  from src src2 left outer join src src3
  on src2.value = src3.value) src2
on src1.key = src2.key
limit 1
POSTHOOK: type: QUERY
POSTHOOK: Input: default@src
#### A masked pattern was here ####
238	val_238	238	val_238	238	val_238
PREHOOK: query: explain
select *
from src src1 right outer join (
  select *
  from src src2 left outer join src src3
  on src2.value = src3.value) src2
on src1.key = src2.key
limit 1
PREHOOK: type: QUERY
PREHOOK: Input: default@src
#### A masked pattern was here ####
POSTHOOK: query: explain
select *
from src src1 right outer join (
  select *
  from src src2 left outer join src src3
  on src2.value = src3.value) src2
on src1.key = src2.key
limit 1
POSTHOOK: type: QUERY
POSTHOOK: Input: default@src
#### A masked pattern was here ####
STAGE DEPENDENCIES:
  Stage-1 is a root stage
  Stage-0 depends on stages: Stage-1

STAGE PLANS:
  Stage: Stage-1
    Tez
#### A masked pattern was here ####
      Edges:
        Reducer 2 <- Map 1 (CUSTOM_SIMPLE_EDGE)
        Reducer 3 <- Map 1 (SIMPLE_EDGE), Reducer 2 (SIMPLE_EDGE)
        Reducer 4 <- Reducer 3 (CUSTOM_SIMPLE_EDGE)
        Reducer 5 <- Map 1 (SIMPLE_EDGE), Reducer 4 (SIMPLE_EDGE)
#### A masked pattern was here ####
      Vertices:
        Map 1 
            Map Operator Tree:
                TableScan
                  alias: src2
                  Statistics: Num rows: 500 Data size: 89000 Basic stats: COMPLETE Column stats: COMPLETE
                  Limit
                    Number of rows: 1
                    Statistics: Num rows: 1 Data size: 178 Basic stats: COMPLETE Column stats: COMPLETE
                    Select Operator
                      expressions: key (type: string), value (type: string)
                      outputColumnNames: _col0, _col1
                      Statistics: Num rows: 1 Data size: 178 Basic stats: COMPLETE Column stats: COMPLETE
                      Reduce Output Operator
                        null sort order: 
                        sort order: 
                        Statistics: Num rows: 1 Data size: 178 Basic stats: COMPLETE Column stats: COMPLETE
                        TopN Hash Memory Usage: 0.1
                        value expressions: _col0 (type: string), _col1 (type: string)
                  Filter Operator
                    predicate: key is not null (type: boolean)
                    Statistics: Num rows: 500 Data size: 89000 Basic stats: COMPLETE Column stats: COMPLETE
                    Select Operator
                      expressions: key (type: string), value (type: string)
                      outputColumnNames: _col0, _col1
                      Statistics: Num rows: 500 Data size: 89000 Basic stats: COMPLETE Column stats: COMPLETE
                      Reduce Output Operator
                        key expressions: _col0 (type: string)
                        null sort order: z
                        sort order: +
                        Map-reduce partition columns: _col0 (type: string)
                        Statistics: Num rows: 500 Data size: 89000 Basic stats: COMPLETE Column stats: COMPLETE
                        value expressions: _col1 (type: string)
                  Filter Operator
                    predicate: value is not null (type: boolean)
                    Statistics: Num rows: 500 Data size: 89000 Basic stats: COMPLETE Column stats: COMPLETE
                    Select Operator
                      expressions: key (type: string), value (type: string)
                      outputColumnNames: _col0, _col1
                      Statistics: Num rows: 500 Data size: 89000 Basic stats: COMPLETE Column stats: COMPLETE
                      Reduce Output Operator
                        key expressions: _col1 (type: string)
                        null sort order: z
                        sort order: +
                        Map-reduce partition columns: _col1 (type: string)
                        Statistics: Num rows: 500 Data size: 89000 Basic stats: COMPLETE Column stats: COMPLETE
                        value expressions: _col0 (type: string)
            Execution mode: llap
            LLAP IO: all inputs
        Reducer 2 
            Execution mode: llap
            Reduce Operator Tree:
              Limit
                Number of rows: 1
                Statistics: Num rows: 1 Data size: 178 Basic stats: COMPLETE Column stats: COMPLETE
                Select Operator
                  expressions: VALUE._col0 (type: string), VALUE._col1 (type: string)
                  outputColumnNames: _col0, _col1
                  Statistics: Num rows: 1 Data size: 178 Basic stats: COMPLETE Column stats: COMPLETE
                  Reduce Output Operator
                    key expressions: _col1 (type: string)
                    null sort order: z
                    sort order: +
                    Map-reduce partition columns: _col1 (type: string)
                    Statistics: Num rows: 1 Data size: 178 Basic stats: COMPLETE Column stats: COMPLETE
                    value expressions: _col0 (type: string)
        Reducer 3 
            Execution mode: llap
            Reduce Operator Tree:
              Merge Join Operator
                condition map:
                     Left Outer Join 0 to 1
                keys:
                  0 _col1 (type: string)
                  1 _col1 (type: string)
                outputColumnNames: _col0, _col1, _col2, _col3
                Statistics: Num rows: 2 Data size: 712 Basic stats: COMPLETE Column stats: COMPLETE
                Limit
                  Number of rows: 1
                  Statistics: Num rows: 1 Data size: 356 Basic stats: COMPLETE Column stats: COMPLETE
                  Reduce Output Operator
                    null sort order: 
                    sort order: 
                    Statistics: Num rows: 1 Data size: 356 Basic stats: COMPLETE Column stats: COMPLETE
                    TopN Hash Memory Usage: 0.1
                    value expressions: _col0 (type: string), _col1 (type: string), _col2 (type: string), _col3 (type: string)
        Reducer 4 
            Execution mode: llap
            Reduce Operator Tree:
              Limit
                Number of rows: 1
                Statistics: Num rows: 1 Data size: 356 Basic stats: COMPLETE Column stats: COMPLETE
                Select Operator
                  expressions: VALUE._col0 (type: string), VALUE._col1 (type: string), VALUE._col2 (type: string), VALUE._col3 (type: string)
                  outputColumnNames: _col0, _col1, _col2, _col3
                  Statistics: Num rows: 1 Data size: 356 Basic stats: COMPLETE Column stats: COMPLETE
                  Reduce Output Operator
                    key expressions: _col0 (type: string)
                    null sort order: z
                    sort order: +
                    Map-reduce partition columns: _col0 (type: string)
                    Statistics: Num rows: 1 Data size: 356 Basic stats: COMPLETE Column stats: COMPLETE
                    value expressions: _col1 (type: string), _col2 (type: string), _col3 (type: string)
        Reducer 5 
            Execution mode: llap
            Reduce Operator Tree:
              Merge Join Operator
                condition map:
                     Right Outer Join 0 to 1
                keys:
                  0 _col0 (type: string)
                  1 _col0 (type: string)
                outputColumnNames: _col0, _col1, _col2, _col3, _col4, _col5
                Statistics: Num rows: 2 Data size: 1068 Basic stats: COMPLETE Column stats: COMPLETE
                Limit
                  Number of rows: 1
                  Statistics: Num rows: 1 Data size: 534 Basic stats: COMPLETE Column stats: COMPLETE
                  File Output Operator
                    compressed: false
                    Statistics: Num rows: 1 Data size: 534 Basic stats: COMPLETE Column stats: COMPLETE
                    table:
                        input format: org.apache.hadoop.mapred.SequenceFileInputFormat
                        output format: org.apache.hadoop.hive.ql.io.HiveSequenceFileOutputFormat
                        serde: org.apache.hadoop.hive.serde2.lazy.LazySimpleSerDe

  Stage: Stage-0
    Fetch Operator
      limit: 1
      Processor Tree:
        ListSink

PREHOOK: query: select *
from src src1 right outer join (
  select *
  from src src2 left outer join src src3
  on src2.value = src3.value) src2
on src1.key = src2.key
limit 1
PREHOOK: type: QUERY
PREHOOK: Input: default@src
#### A masked pattern was here ####
POSTHOOK: query: select *
from src src1 right outer join (
  select *
  from src src2 left outer join src src3
  on src2.value = src3.value) src2
on src1.key = src2.key
limit 1
POSTHOOK: type: QUERY
POSTHOOK: Input: default@src
#### A masked pattern was here ####
238	val_238	238	val_238	238	val_238
PREHOOK: query: explain
select *
from src src1 right outer join (
  select src2.key, src2.value
  from src src2 left outer join src src3
  on src2.value = src3.value) src2
on src1.key = src2.key
order by src2.key
limit 1
PREHOOK: type: QUERY
PREHOOK: Input: default@src
#### A masked pattern was here ####
POSTHOOK: query: explain
select *
from src src1 right outer join (
  select src2.key, src2.value
  from src src2 left outer join src src3
  on src2.value = src3.value) src2
on src1.key = src2.key
order by src2.key
limit 1
POSTHOOK: type: QUERY
POSTHOOK: Input: default@src
#### A masked pattern was here ####
STAGE DEPENDENCIES:
  Stage-1 is a root stage
  Stage-0 depends on stages: Stage-1

STAGE PLANS:
  Stage: Stage-1
    Tez
#### A masked pattern was here ####
      Edges:
        Reducer 2 <- Map 1 (SIMPLE_EDGE)
        Reducer 3 <- Map 1 (SIMPLE_EDGE), Reducer 2 (SIMPLE_EDGE)
        Reducer 4 <- Reducer 3 (SIMPLE_EDGE)
        Reducer 5 <- Map 1 (SIMPLE_EDGE), Reducer 4 (SIMPLE_EDGE)
        Reducer 6 <- Reducer 5 (SIMPLE_EDGE)
#### A masked pattern was here ####
      Vertices:
        Map 1 
            Map Operator Tree:
                TableScan
                  alias: src2
                  Statistics: Num rows: 500 Data size: 89000 Basic stats: COMPLETE Column stats: COMPLETE
                  Top N Key Operator
                    sort order: +
                    keys: key (type: string)
                    null sort order: z
                    Statistics: Num rows: 500 Data size: 89000 Basic stats: COMPLETE Column stats: COMPLETE
                    top n: 1
                    Select Operator
                      expressions: key (type: string), value (type: string)
                      outputColumnNames: _col0, _col1
                      Statistics: Num rows: 500 Data size: 89000 Basic stats: COMPLETE Column stats: COMPLETE
                      Reduce Output Operator
                        key expressions: _col0 (type: string)
                        null sort order: z
                        sort order: +
                        Statistics: Num rows: 500 Data size: 89000 Basic stats: COMPLETE Column stats: COMPLETE
                        value expressions: _col1 (type: string)
                  Filter Operator
                    predicate: key is not null (type: boolean)
                    Statistics: Num rows: 500 Data size: 89000 Basic stats: COMPLETE Column stats: COMPLETE
                    Select Operator
                      expressions: key (type: string), value (type: string)
                      outputColumnNames: _col0, _col1
                      Statistics: Num rows: 500 Data size: 89000 Basic stats: COMPLETE Column stats: COMPLETE
                      Reduce Output Operator
                        key expressions: _col0 (type: string)
                        null sort order: z
                        sort order: +
                        Map-reduce partition columns: _col0 (type: string)
                        Statistics: Num rows: 500 Data size: 89000 Basic stats: COMPLETE Column stats: COMPLETE
                        value expressions: _col1 (type: string)
                  Filter Operator
                    predicate: value is not null (type: boolean)
                    Statistics: Num rows: 500 Data size: 45500 Basic stats: COMPLETE Column stats: COMPLETE
                    Select Operator
                      expressions: value (type: string)
                      outputColumnNames: _col0
                      Statistics: Num rows: 500 Data size: 45500 Basic stats: COMPLETE Column stats: COMPLETE
                      Reduce Output Operator
                        key expressions: _col0 (type: string)
                        null sort order: z
                        sort order: +
                        Map-reduce partition columns: _col0 (type: string)
                        Statistics: Num rows: 500 Data size: 45500 Basic stats: COMPLETE Column stats: COMPLETE
            Execution mode: llap
            LLAP IO: all inputs
        Reducer 2 
            Execution mode: llap
            Reduce Operator Tree:
              Select Operator
                expressions: KEY.reducesinkkey0 (type: string), VALUE._col0 (type: string)
                outputColumnNames: _col0, _col1
                Statistics: Num rows: 500 Data size: 89000 Basic stats: COMPLETE Column stats: COMPLETE
                Limit
                  Number of rows: 1
                  Statistics: Num rows: 1 Data size: 178 Basic stats: COMPLETE Column stats: COMPLETE
                  Reduce Output Operator
                    key expressions: _col1 (type: string)
                    null sort order: z
                    sort order: +
                    Map-reduce partition columns: _col1 (type: string)
                    Statistics: Num rows: 1 Data size: 178 Basic stats: COMPLETE Column stats: COMPLETE
                    value expressions: _col0 (type: string)
        Reducer 3 
            Execution mode: llap
            Reduce Operator Tree:
              Merge Join Operator
                condition map:
                     Right Outer Join 0 to 1
                keys:
                  0 _col0 (type: string)
                  1 _col1 (type: string)
                outputColumnNames: _col1, _col2
                Statistics: Num rows: 2 Data size: 356 Basic stats: COMPLETE Column stats: COMPLETE
                Top N Key Operator
                  sort order: +
                  keys: _col1 (type: string)
                  null sort order: z
                  Statistics: Num rows: 2 Data size: 356 Basic stats: COMPLETE Column stats: COMPLETE
                  top n: 1
                  Select Operator
                    expressions: _col1 (type: string), _col2 (type: string)
                    outputColumnNames: _col0, _col1
                    Statistics: Num rows: 2 Data size: 356 Basic stats: COMPLETE Column stats: COMPLETE
                    Reduce Output Operator
                      key expressions: _col0 (type: string)
                      null sort order: z
                      sort order: +
                      Statistics: Num rows: 2 Data size: 356 Basic stats: COMPLETE Column stats: COMPLETE
                      value expressions: _col1 (type: string)
        Reducer 4 
            Execution mode: llap
            Reduce Operator Tree:
              Select Operator
                expressions: KEY.reducesinkkey0 (type: string), VALUE._col0 (type: string)
                outputColumnNames: _col0, _col1
                Statistics: Num rows: 2 Data size: 356 Basic stats: COMPLETE Column stats: COMPLETE
                Limit
                  Number of rows: 1
                  Statistics: Num rows: 1 Data size: 178 Basic stats: COMPLETE Column stats: COMPLETE
                  Reduce Output Operator
                    key expressions: _col0 (type: string)
                    null sort order: z
                    sort order: +
                    Map-reduce partition columns: _col0 (type: string)
                    Statistics: Num rows: 1 Data size: 178 Basic stats: COMPLETE Column stats: COMPLETE
                    value expressions: _col1 (type: string)
        Reducer 5 
            Execution mode: llap
            Reduce Operator Tree:
              Merge Join Operator
                condition map:
                     Right Outer Join 0 to 1
                keys:
                  0 _col0 (type: string)
                  1 _col0 (type: string)
                outputColumnNames: _col0, _col1, _col2, _col3
                Statistics: Num rows: 2 Data size: 712 Basic stats: COMPLETE Column stats: COMPLETE
                Top N Key Operator
                  sort order: +
                  keys: _col2 (type: string)
                  null sort order: z
                  Statistics: Num rows: 2 Data size: 712 Basic stats: COMPLETE Column stats: COMPLETE
                  top n: 1
                  Reduce Output Operator
                    key expressions: _col2 (type: string)
                    null sort order: z
                    sort order: +
                    Statistics: Num rows: 2 Data size: 712 Basic stats: COMPLETE Column stats: COMPLETE
                    value expressions: _col0 (type: string), _col1 (type: string), _col3 (type: string)
        Reducer 6 
            Execution mode: llap
            Reduce Operator Tree:
              Select Operator
                expressions: VALUE._col0 (type: string), VALUE._col1 (type: string), KEY.reducesinkkey0 (type: string), VALUE._col2 (type: string)
                outputColumnNames: _col0, _col1, _col2, _col3
                Statistics: Num rows: 2 Data size: 534 Basic stats: COMPLETE Column stats: COMPLETE
                Limit
                  Number of rows: 1
                  Statistics: Num rows: 1 Data size: 356 Basic stats: COMPLETE Column stats: COMPLETE
                  File Output Operator
                    compressed: false
                    Statistics: Num rows: 1 Data size: 356 Basic stats: COMPLETE Column stats: COMPLETE
                    table:
                        input format: org.apache.hadoop.mapred.SequenceFileInputFormat
                        output format: org.apache.hadoop.hive.ql.io.HiveSequenceFileOutputFormat
                        serde: org.apache.hadoop.hive.serde2.lazy.LazySimpleSerDe

  Stage: Stage-0
    Fetch Operator
      limit: 1
      Processor Tree:
        ListSink

PREHOOK: query: select *
from src src1 right outer join (
  select src2.key, src2.value
  from src src2 left outer join src src3
  on src2.value = src3.value) src2
on src1.key = src2.key
order by src2.key
limit 1
PREHOOK: type: QUERY
PREHOOK: Input: default@src
#### A masked pattern was here ####
POSTHOOK: query: select *
from src src1 right outer join (
  select src2.key, src2.value
  from src src2 left outer join src src3
  on src2.value = src3.value) src2
on src1.key = src2.key
order by src2.key
limit 1
POSTHOOK: type: QUERY
POSTHOOK: Input: default@src
#### A masked pattern was here ####
0	val_0	0	val_0
PREHOOK: query: explain
select *
from src src1 right outer join (
  select *
  from src src2 left outer join src src3
  on src2.value = src3.value) src2
on src1.key = src2.key
limit 0
PREHOOK: type: QUERY
PREHOOK: Input: default@src
#### A masked pattern was here ####
POSTHOOK: query: explain
select *
from src src1 right outer join (
  select *
  from src src2 left outer join src src3
  on src2.value = src3.value) src2
on src1.key = src2.key
limit 0
POSTHOOK: type: QUERY
POSTHOOK: Input: default@src
#### A masked pattern was here ####
STAGE DEPENDENCIES:
  Stage-0 is a root stage

STAGE PLANS:
  Stage: Stage-0
    Fetch Operator
      limit: 0
      Processor Tree:
        ListSink

PREHOOK: query: select *
from src src1 right outer join (
  select *
  from src src2 left outer join src src3
  on src2.value = src3.value) src2
on src1.key = src2.key
limit 0
PREHOOK: type: QUERY
PREHOOK: Input: default@src
#### A masked pattern was here ####
POSTHOOK: query: select *
from src src1 right outer join (
  select *
  from src src2 left outer join src src3
  on src2.value = src3.value) src2
on src1.key = src2.key
limit 0
POSTHOOK: type: QUERY
POSTHOOK: Input: default@src
#### A masked pattern was here ####
PREHOOK: query: explain
select *
from src src1 left outer join src src2
on src1.key = src2.key
limit 1 offset 1
PREHOOK: type: QUERY
PREHOOK: Input: default@src
#### A masked pattern was here ####
POSTHOOK: query: explain
select *
from src src1 left outer join src src2
on src1.key = src2.key
limit 1 offset 1
POSTHOOK: type: QUERY
POSTHOOK: Input: default@src
#### A masked pattern was here ####
STAGE DEPENDENCIES:
  Stage-1 is a root stage
  Stage-0 depends on stages: Stage-1

STAGE PLANS:
  Stage: Stage-1
    Tez
#### A masked pattern was here ####
      Edges:
        Reducer 2 <- Map 1 (SIMPLE_EDGE), Map 3 (SIMPLE_EDGE)
#### A masked pattern was here ####
      Vertices:
        Map 1 
            Map Operator Tree:
                TableScan
                  alias: src1
                  Statistics: Num rows: 500 Data size: 89000 Basic stats: COMPLETE Column stats: COMPLETE
                  Limit
                    Number of rows: 1
                    Offset of rows: 1
                    Statistics: Num rows: 1 Data size: 178 Basic stats: COMPLETE Column stats: COMPLETE
                    Select Operator
                      expressions: key (type: string), value (type: string)
                      outputColumnNames: _col0, _col1
                      Statistics: Num rows: 1 Data size: 178 Basic stats: COMPLETE Column stats: COMPLETE
                      Reduce Output Operator
                        key expressions: _col0 (type: string)
                        null sort order: z
                        sort order: +
                        Map-reduce partition columns: _col0 (type: string)
                        Statistics: Num rows: 1 Data size: 178 Basic stats: COMPLETE Column stats: COMPLETE
                        value expressions: _col1 (type: string)
            Execution mode: llap
            LLAP IO: all inputs
        Map 3 
            Map Operator Tree:
                TableScan
                  alias: src2
                  filterExpr: key is not null (type: boolean)
                  Statistics: Num rows: 500 Data size: 89000 Basic stats: COMPLETE Column stats: COMPLETE
                  Filter Operator
                    predicate: key is not null (type: boolean)
                    Statistics: Num rows: 500 Data size: 89000 Basic stats: COMPLETE Column stats: COMPLETE
                    Select Operator
                      expressions: key (type: string), value (type: string)
                      outputColumnNames: _col0, _col1
                      Statistics: Num rows: 500 Data size: 89000 Basic stats: COMPLETE Column stats: COMPLETE
                      Reduce Output Operator
                        key expressions: _col0 (type: string)
                        null sort order: z
                        sort order: +
                        Map-reduce partition columns: _col0 (type: string)
                        Statistics: Num rows: 500 Data size: 89000 Basic stats: COMPLETE Column stats: COMPLETE
                        value expressions: _col1 (type: string)
            Execution mode: llap
            LLAP IO: all inputs
        Reducer 2 
            Execution mode: llap
            Reduce Operator Tree:
              Merge Join Operator
                condition map:
                     Left Outer Join 0 to 1
                keys:
                  0 _col0 (type: string)
                  1 _col0 (type: string)
                outputColumnNames: _col0, _col1, _col2, _col3
                Statistics: Num rows: 2 Data size: 712 Basic stats: COMPLETE Column stats: COMPLETE
                Limit
                  Number of rows: 1
                  Statistics: Num rows: 1 Data size: 356 Basic stats: COMPLETE Column stats: COMPLETE
                  File Output Operator
                    compressed: false
                    Statistics: Num rows: 1 Data size: 356 Basic stats: COMPLETE Column stats: COMPLETE
                    table:
                        input format: org.apache.hadoop.mapred.SequenceFileInputFormat
                        output format: org.apache.hadoop.hive.ql.io.HiveSequenceFileOutputFormat
                        serde: org.apache.hadoop.hive.serde2.lazy.LazySimpleSerDe

  Stage: Stage-0
    Fetch Operator
      limit: 1
      Processor Tree:
        ListSink

PREHOOK: query: select *
from src src1 left outer join src src2
on src1.key = src2.key
limit 1 offset 1
PREHOOK: type: QUERY
PREHOOK: Input: default@src
#### A masked pattern was here ####
POSTHOOK: query: select *
from src src1 left outer join src src2
on src1.key = src2.key
limit 1 offset 1
POSTHOOK: type: QUERY
POSTHOOK: Input: default@src
#### A masked pattern was here ####
86	val_86	86	val_86
PREHOOK: query: explain
select *
from src src1 left outer join src src2
on src1.key = src2.key
limit 1 offset 1
PREHOOK: type: QUERY
PREHOOK: Input: default@src
#### A masked pattern was here ####
POSTHOOK: query: explain
select *
from src src1 left outer join src src2
on src1.key = src2.key
limit 1 offset 1
POSTHOOK: type: QUERY
POSTHOOK: Input: default@src
#### A masked pattern was here ####
STAGE DEPENDENCIES:
  Stage-1 is a root stage
  Stage-0 depends on stages: Stage-1

STAGE PLANS:
  Stage: Stage-1
    Tez
#### A masked pattern was here ####
      Edges:
        Reducer 2 <- Map 1 (SIMPLE_EDGE), Map 3 (SIMPLE_EDGE)
#### A masked pattern was here ####
      Vertices:
        Map 1 
            Map Operator Tree:
                TableScan
                  alias: src1
                  Statistics: Num rows: 500 Data size: 89000 Basic stats: COMPLETE Column stats: COMPLETE
                  Limit
                    Number of rows: 1
                    Offset of rows: 1
                    Statistics: Num rows: 1 Data size: 178 Basic stats: COMPLETE Column stats: COMPLETE
                    Select Operator
                      expressions: key (type: string), value (type: string)
                      outputColumnNames: _col0, _col1
                      Statistics: Num rows: 1 Data size: 178 Basic stats: COMPLETE Column stats: COMPLETE
                      Reduce Output Operator
                        key expressions: _col0 (type: string)
                        null sort order: z
                        sort order: +
                        Map-reduce partition columns: _col0 (type: string)
                        Statistics: Num rows: 1 Data size: 178 Basic stats: COMPLETE Column stats: COMPLETE
                        value expressions: _col1 (type: string)
            Execution mode: llap
            LLAP IO: all inputs
        Map 3 
            Map Operator Tree:
                TableScan
                  alias: src2
                  filterExpr: key is not null (type: boolean)
                  Statistics: Num rows: 500 Data size: 89000 Basic stats: COMPLETE Column stats: COMPLETE
                  Filter Operator
                    predicate: key is not null (type: boolean)
                    Statistics: Num rows: 500 Data size: 89000 Basic stats: COMPLETE Column stats: COMPLETE
                    Select Operator
                      expressions: key (type: string), value (type: string)
                      outputColumnNames: _col0, _col1
                      Statistics: Num rows: 500 Data size: 89000 Basic stats: COMPLETE Column stats: COMPLETE
                      Reduce Output Operator
                        key expressions: _col0 (type: string)
                        null sort order: z
                        sort order: +
                        Map-reduce partition columns: _col0 (type: string)
                        Statistics: Num rows: 500 Data size: 89000 Basic stats: COMPLETE Column stats: COMPLETE
                        value expressions: _col1 (type: string)
            Execution mode: llap
            LLAP IO: all inputs
        Reducer 2 
            Execution mode: llap
            Reduce Operator Tree:
              Merge Join Operator
                condition map:
                     Left Outer Join 0 to 1
                keys:
                  0 _col0 (type: string)
                  1 _col0 (type: string)
                outputColumnNames: _col0, _col1, _col2, _col3
                Statistics: Num rows: 2 Data size: 712 Basic stats: COMPLETE Column stats: COMPLETE
                Limit
                  Number of rows: 1
                  Statistics: Num rows: 1 Data size: 356 Basic stats: COMPLETE Column stats: COMPLETE
                  File Output Operator
                    compressed: false
                    Statistics: Num rows: 1 Data size: 356 Basic stats: COMPLETE Column stats: COMPLETE
                    table:
                        input format: org.apache.hadoop.mapred.SequenceFileInputFormat
                        output format: org.apache.hadoop.hive.ql.io.HiveSequenceFileOutputFormat
                        serde: org.apache.hadoop.hive.serde2.lazy.LazySimpleSerDe

  Stage: Stage-0
    Fetch Operator
      limit: 1
      Processor Tree:
        ListSink

PREHOOK: query: select *
from src src1 left outer join src src2
on src1.key = src2.key
limit 1 offset 1
PREHOOK: type: QUERY
PREHOOK: Input: default@src
#### A masked pattern was here ####
POSTHOOK: query: select *
from src src1 left outer join src src2
on src1.key = src2.key
limit 1 offset 1
POSTHOOK: type: QUERY
POSTHOOK: Input: default@src
#### A masked pattern was here ####
86	val_86	86	val_86
PREHOOK: query: explain
select *
from src src1 left outer join src src2
on src1.key = src2.key
limit 1 offset 1
PREHOOK: type: QUERY
PREHOOK: Input: default@src
#### A masked pattern was here ####
POSTHOOK: query: explain
select *
from src src1 left outer join src src2
on src1.key = src2.key
limit 1 offset 1
POSTHOOK: type: QUERY
POSTHOOK: Input: default@src
#### A masked pattern was here ####
STAGE DEPENDENCIES:
  Stage-1 is a root stage
  Stage-0 depends on stages: Stage-1

STAGE PLANS:
  Stage: Stage-1
    Tez
#### A masked pattern was here ####
      Edges:
        Reducer 2 <- Map 1 (CUSTOM_SIMPLE_EDGE)
        Reducer 3 <- Map 1 (SIMPLE_EDGE), Reducer 2 (SIMPLE_EDGE)
#### A masked pattern was here ####
      Vertices:
        Map 1 
            Map Operator Tree:
                TableScan
                  alias: src1
                  Statistics: Num rows: 500 Data size: 89000 Basic stats: COMPLETE Column stats: COMPLETE
                  Limit
                    Number of rows: 1
                    Offset of rows: 1
                    Statistics: Num rows: 1 Data size: 178 Basic stats: COMPLETE Column stats: COMPLETE
                    Select Operator
                      expressions: key (type: string), value (type: string)
                      outputColumnNames: _col0, _col1
                      Statistics: Num rows: 1 Data size: 178 Basic stats: COMPLETE Column stats: COMPLETE
                      Reduce Output Operator
                        null sort order: 
                        sort order: 
                        Statistics: Num rows: 1 Data size: 178 Basic stats: COMPLETE Column stats: COMPLETE
                        TopN Hash Memory Usage: 0.1
                        value expressions: _col0 (type: string), _col1 (type: string)
                  Filter Operator
                    predicate: key is not null (type: boolean)
                    Statistics: Num rows: 500 Data size: 89000 Basic stats: COMPLETE Column stats: COMPLETE
                    Select Operator
                      expressions: key (type: string), value (type: string)
                      outputColumnNames: _col0, _col1
                      Statistics: Num rows: 500 Data size: 89000 Basic stats: COMPLETE Column stats: COMPLETE
                      Reduce Output Operator
                        key expressions: _col0 (type: string)
                        null sort order: z
                        sort order: +
                        Map-reduce partition columns: _col0 (type: string)
                        Statistics: Num rows: 500 Data size: 89000 Basic stats: COMPLETE Column stats: COMPLETE
                        value expressions: _col1 (type: string)
            Execution mode: llap
            LLAP IO: all inputs
        Reducer 2 
            Execution mode: llap
            Reduce Operator Tree:
              Limit
                Number of rows: 1
                Offset of rows: 1
                Statistics: Num rows: 1 Data size: 178 Basic stats: COMPLETE Column stats: COMPLETE
                Select Operator
                  expressions: VALUE._col0 (type: string), VALUE._col1 (type: string)
                  outputColumnNames: _col0, _col1
                  Statistics: Num rows: 1 Data size: 178 Basic stats: COMPLETE Column stats: COMPLETE
                  Reduce Output Operator
                    key expressions: _col0 (type: string)
                    null sort order: z
                    sort order: +
                    Map-reduce partition columns: _col0 (type: string)
                    Statistics: Num rows: 1 Data size: 178 Basic stats: COMPLETE Column stats: COMPLETE
                    value expressions: _col1 (type: string)
        Reducer 3 
            Execution mode: llap
            Reduce Operator Tree:
              Merge Join Operator
                condition map:
                     Left Outer Join 0 to 1
                keys:
                  0 _col0 (type: string)
                  1 _col0 (type: string)
                outputColumnNames: _col0, _col1, _col2, _col3
                Statistics: Num rows: 2 Data size: 712 Basic stats: COMPLETE Column stats: COMPLETE
                Limit
                  Number of rows: 1
                  Statistics: Num rows: 1 Data size: 356 Basic stats: COMPLETE Column stats: COMPLETE
                  File Output Operator
                    compressed: false
                    Statistics: Num rows: 1 Data size: 356 Basic stats: COMPLETE Column stats: COMPLETE
                    table:
                        input format: org.apache.hadoop.mapred.SequenceFileInputFormat
                        output format: org.apache.hadoop.hive.ql.io.HiveSequenceFileOutputFormat
                        serde: org.apache.hadoop.hive.serde2.lazy.LazySimpleSerDe

  Stage: Stage-0
    Fetch Operator
      limit: 1
      Processor Tree:
        ListSink

PREHOOK: query: select *
from src src1 left outer join src src2
on src1.key = src2.key
limit 1 offset 1
PREHOOK: type: QUERY
PREHOOK: Input: default@src
#### A masked pattern was here ####
POSTHOOK: query: select *
from src src1 left outer join src src2
on src1.key = src2.key
limit 1 offset 1
POSTHOOK: type: QUERY
POSTHOOK: Input: default@src
#### A masked pattern was here ####
PREHOOK: query: explain
select *
from src src1 right outer join (
  select *
  from src src2 left outer join src src3
  on src2.value = src3.value) src2
on src1.key = src2.key
limit 1 offset 1
PREHOOK: type: QUERY
PREHOOK: Input: default@src
#### A masked pattern was here ####
POSTHOOK: query: explain
select *
from src src1 right outer join (
  select *
  from src src2 left outer join src src3
  on src2.value = src3.value) src2
on src1.key = src2.key
limit 1 offset 1
POSTHOOK: type: QUERY
POSTHOOK: Input: default@src
#### A masked pattern was here ####
STAGE DEPENDENCIES:
  Stage-1 is a root stage
  Stage-0 depends on stages: Stage-1

STAGE PLANS:
  Stage: Stage-1
    Tez
#### A masked pattern was here ####
      Edges:
        Reducer 2 <- Map 1 (CUSTOM_SIMPLE_EDGE)
        Reducer 3 <- Map 1 (SIMPLE_EDGE), Reducer 2 (SIMPLE_EDGE)
        Reducer 4 <- Map 1 (SIMPLE_EDGE), Reducer 3 (SIMPLE_EDGE)
#### A masked pattern was here ####
      Vertices:
        Map 1 
            Map Operator Tree:
                TableScan
                  alias: src2
                  Statistics: Num rows: 500 Data size: 89000 Basic stats: COMPLETE Column stats: COMPLETE
                  Limit
                    Number of rows: 1
                    Offset of rows: 1
                    Statistics: Num rows: 1 Data size: 178 Basic stats: COMPLETE Column stats: COMPLETE
                    Select Operator
                      expressions: key (type: string), value (type: string)
                      outputColumnNames: _col0, _col1
                      Statistics: Num rows: 1 Data size: 178 Basic stats: COMPLETE Column stats: COMPLETE
                      Reduce Output Operator
                        null sort order: 
                        sort order: 
                        Statistics: Num rows: 1 Data size: 178 Basic stats: COMPLETE Column stats: COMPLETE
                        TopN Hash Memory Usage: 0.1
                        value expressions: _col0 (type: string), _col1 (type: string)
                  Filter Operator
                    predicate: value is not null (type: boolean)
                    Statistics: Num rows: 500 Data size: 89000 Basic stats: COMPLETE Column stats: COMPLETE
                    Select Operator
                      expressions: key (type: string), value (type: string)
                      outputColumnNames: _col0, _col1
                      Statistics: Num rows: 500 Data size: 89000 Basic stats: COMPLETE Column stats: COMPLETE
                      Reduce Output Operator
                        key expressions: _col1 (type: string)
                        null sort order: z
                        sort order: +
                        Map-reduce partition columns: _col1 (type: string)
                        Statistics: Num rows: 500 Data size: 89000 Basic stats: COMPLETE Column stats: COMPLETE
                        value expressions: _col0 (type: string)
                  Filter Operator
                    predicate: key is not null (type: boolean)
                    Statistics: Num rows: 500 Data size: 89000 Basic stats: COMPLETE Column stats: COMPLETE
                    Select Operator
                      expressions: key (type: string), value (type: string)
                      outputColumnNames: _col0, _col1
                      Statistics: Num rows: 500 Data size: 89000 Basic stats: COMPLETE Column stats: COMPLETE
                      Reduce Output Operator
                        key expressions: _col0 (type: string)
                        null sort order: z
                        sort order: +
                        Map-reduce partition columns: _col0 (type: string)
                        Statistics: Num rows: 500 Data size: 89000 Basic stats: COMPLETE Column stats: COMPLETE
                        value expressions: _col1 (type: string)
            Execution mode: llap
            LLAP IO: all inputs
        Reducer 2 
            Execution mode: llap
            Reduce Operator Tree:
              Limit
                Number of rows: 1
                Offset of rows: 1
                Statistics: Num rows: 1 Data size: 178 Basic stats: COMPLETE Column stats: COMPLETE
                Limit
                  Number of rows: 1
                  Statistics: Num rows: 1 Data size: 178 Basic stats: COMPLETE Column stats: COMPLETE
                  Select Operator
                    expressions: VALUE._col0 (type: string), VALUE._col1 (type: string)
                    outputColumnNames: _col0, _col1
                    Statistics: Num rows: 1 Data size: 178 Basic stats: COMPLETE Column stats: COMPLETE
                    Reduce Output Operator
                      key expressions: _col1 (type: string)
                      null sort order: z
                      sort order: +
                      Map-reduce partition columns: _col1 (type: string)
                      Statistics: Num rows: 1 Data size: 178 Basic stats: COMPLETE Column stats: COMPLETE
                      value expressions: _col0 (type: string)
        Reducer 3 
            Execution mode: llap
            Reduce Operator Tree:
              Merge Join Operator
                condition map:
                     Left Outer Join 0 to 1
                keys:
                  0 _col1 (type: string)
                  1 _col1 (type: string)
                outputColumnNames: _col0, _col1, _col2, _col3
                Statistics: Num rows: 2 Data size: 712 Basic stats: COMPLETE Column stats: COMPLETE
                Limit
                  Number of rows: 1
                  Statistics: Num rows: 1 Data size: 356 Basic stats: COMPLETE Column stats: COMPLETE
                  Reduce Output Operator
                    key expressions: _col0 (type: string)
                    null sort order: z
                    sort order: +
                    Map-reduce partition columns: _col0 (type: string)
                    Statistics: Num rows: 1 Data size: 356 Basic stats: COMPLETE Column stats: COMPLETE
                    value expressions: _col1 (type: string), _col2 (type: string), _col3 (type: string)
        Reducer 4 
            Execution mode: llap
            Reduce Operator Tree:
              Merge Join Operator
                condition map:
                     Left Outer Join 0 to 1
                keys:
                  0 _col0 (type: string)
                  1 _col0 (type: string)
                outputColumnNames: _col0, _col1, _col2, _col3, _col4, _col5
                Statistics: Num rows: 2 Data size: 1068 Basic stats: COMPLETE Column stats: COMPLETE
                Limit
                  Number of rows: 1
                  Statistics: Num rows: 1 Data size: 534 Basic stats: COMPLETE Column stats: COMPLETE
                  Select Operator
                    expressions: _col4 (type: string), _col5 (type: string), _col0 (type: string), _col1 (type: string), _col2 (type: string), _col3 (type: string)
                    outputColumnNames: _col0, _col1, _col2, _col3, _col4, _col5
                    Statistics: Num rows: 1 Data size: 534 Basic stats: COMPLETE Column stats: COMPLETE
                    File Output Operator
                      compressed: false
                      Statistics: Num rows: 1 Data size: 534 Basic stats: COMPLETE Column stats: COMPLETE
                      table:
                          input format: org.apache.hadoop.mapred.SequenceFileInputFormat
                          output format: org.apache.hadoop.hive.ql.io.HiveSequenceFileOutputFormat
                          serde: org.apache.hadoop.hive.serde2.lazy.LazySimpleSerDe

  Stage: Stage-0
    Fetch Operator
      limit: 1
      Processor Tree:
        ListSink

PREHOOK: query: select *
from src src1 right outer join (
  select *
  from src src2 left outer join src src3
  on src2.value = src3.value) src2
on src1.key = src2.key
limit 1 offset 1
PREHOOK: type: QUERY
PREHOOK: Input: default@src
#### A masked pattern was here ####
POSTHOOK: query: select *
from src src1 right outer join (
  select *
  from src src2 left outer join src src3
  on src2.value = src3.value) src2
on src1.key = src2.key
limit 1 offset 1
POSTHOOK: type: QUERY
POSTHOOK: Input: default@src
#### A masked pattern was here ####
PREHOOK: query: explain
select *
from src src1 right outer join (
  select *
  from src src2 left outer join src src3
  on src2.value = src3.value) src2
on src1.key = src2.key
limit 1 offset 1
PREHOOK: type: QUERY
PREHOOK: Input: default@src
#### A masked pattern was here ####
POSTHOOK: query: explain
select *
from src src1 right outer join (
  select *
  from src src2 left outer join src src3
  on src2.value = src3.value) src2
on src1.key = src2.key
limit 1 offset 1
POSTHOOK: type: QUERY
POSTHOOK: Input: default@src
#### A masked pattern was here ####
STAGE DEPENDENCIES:
  Stage-1 is a root stage
  Stage-0 depends on stages: Stage-1

STAGE PLANS:
  Stage: Stage-1
    Tez
#### A masked pattern was here ####
      Edges:
        Reducer 2 <- Map 1 (CUSTOM_SIMPLE_EDGE)
        Reducer 3 <- Map 1 (SIMPLE_EDGE), Reducer 2 (SIMPLE_EDGE)
        Reducer 4 <- Reducer 3 (CUSTOM_SIMPLE_EDGE)
        Reducer 5 <- Map 1 (SIMPLE_EDGE), Reducer 4 (SIMPLE_EDGE)
#### A masked pattern was here ####
      Vertices:
        Map 1 
            Map Operator Tree:
                TableScan
                  alias: src2
                  Statistics: Num rows: 500 Data size: 89000 Basic stats: COMPLETE Column stats: COMPLETE
                  Limit
                    Number of rows: 1
                    Offset of rows: 1
                    Statistics: Num rows: 1 Data size: 178 Basic stats: COMPLETE Column stats: COMPLETE
                    Select Operator
                      expressions: key (type: string), value (type: string)
                      outputColumnNames: _col0, _col1
                      Statistics: Num rows: 1 Data size: 178 Basic stats: COMPLETE Column stats: COMPLETE
                      Reduce Output Operator
                        null sort order: 
                        sort order: 
                        Statistics: Num rows: 1 Data size: 178 Basic stats: COMPLETE Column stats: COMPLETE
                        TopN Hash Memory Usage: 0.1
                        value expressions: _col0 (type: string), _col1 (type: string)
                  Filter Operator
                    predicate: key is not null (type: boolean)
                    Statistics: Num rows: 500 Data size: 89000 Basic stats: COMPLETE Column stats: COMPLETE
                    Select Operator
                      expressions: key (type: string), value (type: string)
                      outputColumnNames: _col0, _col1
                      Statistics: Num rows: 500 Data size: 89000 Basic stats: COMPLETE Column stats: COMPLETE
                      Reduce Output Operator
                        key expressions: _col0 (type: string)
                        null sort order: z
                        sort order: +
                        Map-reduce partition columns: _col0 (type: string)
                        Statistics: Num rows: 500 Data size: 89000 Basic stats: COMPLETE Column stats: COMPLETE
                        value expressions: _col1 (type: string)
                  Filter Operator
                    predicate: value is not null (type: boolean)
                    Statistics: Num rows: 500 Data size: 89000 Basic stats: COMPLETE Column stats: COMPLETE
                    Select Operator
                      expressions: key (type: string), value (type: string)
                      outputColumnNames: _col0, _col1
                      Statistics: Num rows: 500 Data size: 89000 Basic stats: COMPLETE Column stats: COMPLETE
                      Reduce Output Operator
                        key expressions: _col1 (type: string)
                        null sort order: z
                        sort order: +
                        Map-reduce partition columns: _col1 (type: string)
                        Statistics: Num rows: 500 Data size: 89000 Basic stats: COMPLETE Column stats: COMPLETE
                        value expressions: _col0 (type: string)
            Execution mode: llap
            LLAP IO: all inputs
        Reducer 2 
            Execution mode: llap
            Reduce Operator Tree:
              Limit
                Number of rows: 1
                Offset of rows: 1
                Statistics: Num rows: 1 Data size: 178 Basic stats: COMPLETE Column stats: COMPLETE
                Select Operator
                  expressions: VALUE._col0 (type: string), VALUE._col1 (type: string)
                  outputColumnNames: _col0, _col1
                  Statistics: Num rows: 1 Data size: 178 Basic stats: COMPLETE Column stats: COMPLETE
                  Reduce Output Operator
                    key expressions: _col1 (type: string)
                    null sort order: z
                    sort order: +
                    Map-reduce partition columns: _col1 (type: string)
                    Statistics: Num rows: 1 Data size: 178 Basic stats: COMPLETE Column stats: COMPLETE
                    value expressions: _col0 (type: string)
        Reducer 3 
            Execution mode: llap
            Reduce Operator Tree:
              Merge Join Operator
                condition map:
                     Left Outer Join 0 to 1
                keys:
                  0 _col1 (type: string)
                  1 _col1 (type: string)
                outputColumnNames: _col0, _col1, _col2, _col3
                Statistics: Num rows: 2 Data size: 712 Basic stats: COMPLETE Column stats: COMPLETE
                Limit
                  Number of rows: 1
                  Statistics: Num rows: 1 Data size: 356 Basic stats: COMPLETE Column stats: COMPLETE
                  Reduce Output Operator
                    null sort order: 
                    sort order: 
                    Statistics: Num rows: 1 Data size: 356 Basic stats: COMPLETE Column stats: COMPLETE
                    TopN Hash Memory Usage: 0.1
                    value expressions: _col0 (type: string), _col1 (type: string), _col2 (type: string), _col3 (type: string)
        Reducer 4 
            Execution mode: llap
            Reduce Operator Tree:
              Limit
                Number of rows: 1
                Offset of rows: 1
                Statistics: Num rows: 1 Data size: 356 Basic stats: COMPLETE Column stats: COMPLETE
                Select Operator
                  expressions: VALUE._col0 (type: string), VALUE._col1 (type: string), VALUE._col2 (type: string), VALUE._col3 (type: string)
                  outputColumnNames: _col0, _col1, _col2, _col3
                  Statistics: Num rows: 1 Data size: 356 Basic stats: COMPLETE Column stats: COMPLETE
                  Reduce Output Operator
                    key expressions: _col0 (type: string)
                    null sort order: z
                    sort order: +
                    Map-reduce partition columns: _col0 (type: string)
                    Statistics: Num rows: 1 Data size: 356 Basic stats: COMPLETE Column stats: COMPLETE
                    value expressions: _col1 (type: string), _col2 (type: string), _col3 (type: string)
        Reducer 5 
            Execution mode: llap
            Reduce Operator Tree:
              Merge Join Operator
                condition map:
                     Right Outer Join 0 to 1
                keys:
                  0 _col0 (type: string)
                  1 _col0 (type: string)
                outputColumnNames: _col0, _col1, _col2, _col3, _col4, _col5
                Statistics: Num rows: 2 Data size: 1068 Basic stats: COMPLETE Column stats: COMPLETE
                Limit
                  Number of rows: 1
                  Offset of rows: 1
                  Statistics: Num rows: 1 Data size: 534 Basic stats: COMPLETE Column stats: COMPLETE
                  File Output Operator
                    compressed: false
                    Statistics: Num rows: 1 Data size: 534 Basic stats: COMPLETE Column stats: COMPLETE
                    table:
                        input format: org.apache.hadoop.mapred.SequenceFileInputFormat
                        output format: org.apache.hadoop.hive.ql.io.HiveSequenceFileOutputFormat
                        serde: org.apache.hadoop.hive.serde2.lazy.LazySimpleSerDe

  Stage: Stage-0
    Fetch Operator
      limit: 1
      Processor Tree:
        ListSink

PREHOOK: query: select *
from src src1 right outer join (
  select *
  from src src2 left outer join src src3
  on src2.value = src3.value) src2
on src1.key = src2.key
limit 1 offset 1
PREHOOK: type: QUERY
PREHOOK: Input: default@src
#### A masked pattern was here ####
POSTHOOK: query: select *
from src src1 right outer join (
  select *
  from src src2 left outer join src src3
  on src2.value = src3.value) src2
on src1.key = src2.key
limit 1 offset 1
POSTHOOK: type: QUERY
POSTHOOK: Input: default@src
#### A masked pattern was here ####
PREHOOK: query: explain
select *
from src src1 right outer join (
  select src2.key, src2.value
  from src src2 left outer join src src3
  on src2.value = src3.value) src2
on src1.key = src2.key
order by src2.key
limit 1 offset 1
PREHOOK: type: QUERY
PREHOOK: Input: default@src
#### A masked pattern was here ####
POSTHOOK: query: explain
select *
from src src1 right outer join (
  select src2.key, src2.value
  from src src2 left outer join src src3
  on src2.value = src3.value) src2
on src1.key = src2.key
order by src2.key
limit 1 offset 1
POSTHOOK: type: QUERY
POSTHOOK: Input: default@src
#### A masked pattern was here ####
STAGE DEPENDENCIES:
  Stage-1 is a root stage
  Stage-0 depends on stages: Stage-1

STAGE PLANS:
  Stage: Stage-1
    Tez
#### A masked pattern was here ####
      Edges:
        Reducer 2 <- Map 1 (SIMPLE_EDGE)
        Reducer 3 <- Map 1 (SIMPLE_EDGE), Reducer 2 (SIMPLE_EDGE)
        Reducer 4 <- Reducer 3 (SIMPLE_EDGE)
        Reducer 5 <- Map 1 (SIMPLE_EDGE), Reducer 4 (SIMPLE_EDGE)
        Reducer 6 <- Reducer 5 (SIMPLE_EDGE)
#### A masked pattern was here ####
      Vertices:
        Map 1 
            Map Operator Tree:
                TableScan
                  alias: src2
                  Statistics: Num rows: 500 Data size: 89000 Basic stats: COMPLETE Column stats: COMPLETE
                  Top N Key Operator
                    sort order: +
                    keys: key (type: string)
                    null sort order: z
                    Statistics: Num rows: 500 Data size: 89000 Basic stats: COMPLETE Column stats: COMPLETE
                    top n: 2
                    Select Operator
                      expressions: key (type: string), value (type: string)
                      outputColumnNames: _col0, _col1
                      Statistics: Num rows: 500 Data size: 89000 Basic stats: COMPLETE Column stats: COMPLETE
                      Reduce Output Operator
                        key expressions: _col0 (type: string)
                        null sort order: z
                        sort order: +
                        Statistics: Num rows: 500 Data size: 89000 Basic stats: COMPLETE Column stats: COMPLETE
                        value expressions: _col1 (type: string)
                  Filter Operator
                    predicate: key is not null (type: boolean)
                    Statistics: Num rows: 500 Data size: 89000 Basic stats: COMPLETE Column stats: COMPLETE
                    Select Operator
                      expressions: key (type: string), value (type: string)
                      outputColumnNames: _col0, _col1
                      Statistics: Num rows: 500 Data size: 89000 Basic stats: COMPLETE Column stats: COMPLETE
                      Reduce Output Operator
                        key expressions: _col0 (type: string)
                        null sort order: z
                        sort order: +
                        Map-reduce partition columns: _col0 (type: string)
                        Statistics: Num rows: 500 Data size: 89000 Basic stats: COMPLETE Column stats: COMPLETE
                        value expressions: _col1 (type: string)
                  Filter Operator
                    predicate: value is not null (type: boolean)
                    Statistics: Num rows: 500 Data size: 45500 Basic stats: COMPLETE Column stats: COMPLETE
                    Select Operator
                      expressions: value (type: string)
                      outputColumnNames: _col0
                      Statistics: Num rows: 500 Data size: 45500 Basic stats: COMPLETE Column stats: COMPLETE
                      Reduce Output Operator
                        key expressions: _col0 (type: string)
                        null sort order: z
                        sort order: +
                        Map-reduce partition columns: _col0 (type: string)
                        Statistics: Num rows: 500 Data size: 45500 Basic stats: COMPLETE Column stats: COMPLETE
            Execution mode: llap
            LLAP IO: all inputs
        Reducer 2 
            Execution mode: llap
            Reduce Operator Tree:
              Select Operator
                expressions: KEY.reducesinkkey0 (type: string), VALUE._col0 (type: string)
                outputColumnNames: _col0, _col1
                Statistics: Num rows: 500 Data size: 89000 Basic stats: COMPLETE Column stats: COMPLETE
                Limit
                  Number of rows: 1
                  Offset of rows: 1
                  Statistics: Num rows: 1 Data size: 178 Basic stats: COMPLETE Column stats: COMPLETE
                  Reduce Output Operator
                    key expressions: _col1 (type: string)
                    null sort order: z
                    sort order: +
                    Map-reduce partition columns: _col1 (type: string)
                    Statistics: Num rows: 1 Data size: 178 Basic stats: COMPLETE Column stats: COMPLETE
                    value expressions: _col0 (type: string)
        Reducer 3 
            Execution mode: llap
            Reduce Operator Tree:
              Merge Join Operator
                condition map:
                     Right Outer Join 0 to 1
                keys:
                  0 _col0 (type: string)
                  1 _col1 (type: string)
                outputColumnNames: _col1, _col2
                Statistics: Num rows: 2 Data size: 356 Basic stats: COMPLETE Column stats: COMPLETE
                Top N Key Operator
                  sort order: +
                  keys: _col1 (type: string)
                  null sort order: z
                  Statistics: Num rows: 2 Data size: 356 Basic stats: COMPLETE Column stats: COMPLETE
                  top n: 2
                  Select Operator
                    expressions: _col1 (type: string), _col2 (type: string)
                    outputColumnNames: _col0, _col1
                    Statistics: Num rows: 2 Data size: 356 Basic stats: COMPLETE Column stats: COMPLETE
                    Reduce Output Operator
                      key expressions: _col0 (type: string)
                      null sort order: z
                      sort order: +
                      Statistics: Num rows: 2 Data size: 356 Basic stats: COMPLETE Column stats: COMPLETE
                      value expressions: _col1 (type: string)
        Reducer 4 
            Execution mode: llap
            Reduce Operator Tree:
              Select Operator
                expressions: KEY.reducesinkkey0 (type: string), VALUE._col0 (type: string)
                outputColumnNames: _col0, _col1
                Statistics: Num rows: 2 Data size: 356 Basic stats: COMPLETE Column stats: COMPLETE
                Limit
                  Number of rows: 1
                  Offset of rows: 1
                  Statistics: Num rows: 1 Data size: 178 Basic stats: COMPLETE Column stats: COMPLETE
                  Reduce Output Operator
                    key expressions: _col0 (type: string)
                    null sort order: z
                    sort order: +
                    Map-reduce partition columns: _col0 (type: string)
                    Statistics: Num rows: 1 Data size: 178 Basic stats: COMPLETE Column stats: COMPLETE
                    value expressions: _col1 (type: string)
        Reducer 5 
            Execution mode: llap
            Reduce Operator Tree:
              Merge Join Operator
                condition map:
                     Right Outer Join 0 to 1
                keys:
                  0 _col0 (type: string)
                  1 _col0 (type: string)
                outputColumnNames: _col0, _col1, _col2, _col3
                Statistics: Num rows: 2 Data size: 712 Basic stats: COMPLETE Column stats: COMPLETE
                Top N Key Operator
                  sort order: +
                  keys: _col2 (type: string)
                  null sort order: z
                  Statistics: Num rows: 2 Data size: 712 Basic stats: COMPLETE Column stats: COMPLETE
                  top n: 2
                  Reduce Output Operator
                    key expressions: _col2 (type: string)
                    null sort order: z
                    sort order: +
                    Statistics: Num rows: 2 Data size: 712 Basic stats: COMPLETE Column stats: COMPLETE
                    value expressions: _col0 (type: string), _col1 (type: string), _col3 (type: string)
        Reducer 6 
            Execution mode: llap
            Reduce Operator Tree:
              Select Operator
                expressions: VALUE._col0 (type: string), VALUE._col1 (type: string), KEY.reducesinkkey0 (type: string), VALUE._col2 (type: string)
                outputColumnNames: _col0, _col1, _col2, _col3
                Statistics: Num rows: 2 Data size: 534 Basic stats: COMPLETE Column stats: COMPLETE
                Limit
                  Number of rows: 1
                  Offset of rows: 1
                  Statistics: Num rows: 1 Data size: 356 Basic stats: COMPLETE Column stats: COMPLETE
                  File Output Operator
                    compressed: false
                    Statistics: Num rows: 1 Data size: 356 Basic stats: COMPLETE Column stats: COMPLETE
                    table:
                        input format: org.apache.hadoop.mapred.SequenceFileInputFormat
                        output format: org.apache.hadoop.hive.ql.io.HiveSequenceFileOutputFormat
                        serde: org.apache.hadoop.hive.serde2.lazy.LazySimpleSerDe

  Stage: Stage-0
    Fetch Operator
      limit: 1
      Processor Tree:
        ListSink

PREHOOK: query: select *
from src src1 right outer join (
  select src2.key, src2.value
  from src src2 left outer join src src3
  on src2.value = src3.value) src2
on src1.key = src2.key
order by src2.key
limit 1 offset 1
PREHOOK: type: QUERY
PREHOOK: Input: default@src
#### A masked pattern was here ####
POSTHOOK: query: select *
from src src1 right outer join (
  select src2.key, src2.value
  from src src2 left outer join src src3
  on src2.value = src3.value) src2
on src1.key = src2.key
order by src2.key
limit 1 offset 1
POSTHOOK: type: QUERY
POSTHOOK: Input: default@src
#### A masked pattern was here ####
0	val_0	0	val_0
