PREHOOK: query: explain
select key, value, avg(key + 1) from src
group by key, value
order by key, value limit 20
PREHOOK: type: QUERY
PREHOOK: Input: default@src
#### A masked pattern was here ####
POSTHOOK: query: explain
select key, value, avg(key + 1) from src
group by key, value
order by key, value limit 20
POSTHOOK: type: QUERY
POSTHOOK: Input: default@src
#### A masked pattern was here ####
STAGE DEPENDENCIES:
  Stage-1 is a root stage
  Stage-0 depends on stages: Stage-1

STAGE PLANS:
  Stage: Stage-1
    Tez
#### A masked pattern was here ####
      Edges:
        Reducer 2 <- Map 1 (SIMPLE_EDGE)
#### A masked pattern was here ####
      Vertices:
        Map 1 
            Map Operator Tree:
                TableScan
                  alias: src
                  Statistics: Num rows: 500 Data size: 89000 Basic stats: COMPLETE Column stats: COMPLETE
                  Top N Key Operator
                    sort order: ++
                    keys: key (type: string), value (type: string)
                    null sort order: zz
                    Statistics: Num rows: 500 Data size: 89000 Basic stats: COMPLETE Column stats: COMPLETE
                    top n: 20
                    Select Operator
                      expressions: key (type: string), value (type: string), (UDFToDouble(key) + 1.0D) (type: double)
                      outputColumnNames: _col0, _col1, _col2
                      Statistics: Num rows: 500 Data size: 89000 Basic stats: COMPLETE Column stats: COMPLETE
                      Group By Operator
                        aggregations: sum(_col2), count(_col2)
                        keys: _col0 (type: string), _col1 (type: string)
                        minReductionHashAggr: 0.4
                        mode: hash
                        outputColumnNames: _col0, _col1, _col2, _col3
                        Statistics: Num rows: 316 Data size: 61304 Basic stats: COMPLETE Column stats: COMPLETE
                        Reduce Output Operator
                          key expressions: _col0 (type: string), _col1 (type: string)
                          null sort order: zz
                          sort order: ++
                          Map-reduce partition columns: _col0 (type: string), _col1 (type: string)
                          Statistics: Num rows: 316 Data size: 61304 Basic stats: COMPLETE Column stats: COMPLETE
                          value expressions: _col2 (type: double), _col3 (type: bigint)
            Execution mode: vectorized, llap
            LLAP IO: all inputs
        Reducer 2 
            Execution mode: vectorized, llap
            Reduce Operator Tree:
              Group By Operator
                aggregations: sum(VALUE._col0), count(VALUE._col1)
                keys: KEY._col0 (type: string), KEY._col1 (type: string)
                mode: mergepartial
                outputColumnNames: _col0, _col1, _col2, _col3
                Statistics: Num rows: 316 Data size: 61304 Basic stats: COMPLETE Column stats: COMPLETE
                Select Operator
                  expressions: _col0 (type: string), _col1 (type: string), (_col2 / _col3) (type: double)
                  outputColumnNames: _col0, _col1, _col2
                  Statistics: Num rows: 316 Data size: 58776 Basic stats: COMPLETE Column stats: COMPLETE
                  Limit
                    Number of rows: 20
                    Statistics: Num rows: 20 Data size: 3720 Basic stats: COMPLETE Column stats: COMPLETE
                    File Output Operator
                      compressed: false
                      Statistics: Num rows: 20 Data size: 3720 Basic stats: COMPLETE Column stats: COMPLETE
                      table:
                          input format: org.apache.hadoop.mapred.SequenceFileInputFormat
                          output format: org.apache.hadoop.hive.ql.io.HiveSequenceFileOutputFormat
                          serde: org.apache.hadoop.hive.serde2.lazy.LazySimpleSerDe

  Stage: Stage-0
    Fetch Operator
      limit: 20
      Processor Tree:
        ListSink

PREHOOK: query: select key, value, avg(key + 1) from src
group by key, value
order by key, value limit 20
PREHOOK: type: QUERY
PREHOOK: Input: default@src
#### A masked pattern was here ####
POSTHOOK: query: select key, value, avg(key + 1) from src
group by key, value
order by key, value limit 20
POSTHOOK: type: QUERY
POSTHOOK: Input: default@src
#### A masked pattern was here ####
0	val_0	1.0
10	val_10	11.0
100	val_100	101.0
103	val_103	104.0
104	val_104	105.0
105	val_105	106.0
11	val_11	12.0
111	val_111	112.0
113	val_113	114.0
114	val_114	115.0
116	val_116	117.0
118	val_118	119.0
119	val_119	120.0
12	val_12	13.0
120	val_120	121.0
125	val_125	126.0
126	val_126	127.0
128	val_128	129.0
129	val_129	130.0
131	val_131	132.0
PREHOOK: query: explain
select key, value, avg(key + 1) from src
group by key, value
order by key, value desc limit 20
PREHOOK: type: QUERY
PREHOOK: Input: default@src
#### A masked pattern was here ####
POSTHOOK: query: explain
select key, value, avg(key + 1) from src
group by key, value
order by key, value desc limit 20
POSTHOOK: type: QUERY
POSTHOOK: Input: default@src
#### A masked pattern was here ####
STAGE DEPENDENCIES:
  Stage-1 is a root stage
  Stage-0 depends on stages: Stage-1

STAGE PLANS:
  Stage: Stage-1
    Tez
#### A masked pattern was here ####
      Edges:
        Reducer 2 <- Map 1 (SIMPLE_EDGE)
#### A masked pattern was here ####
      Vertices:
        Map 1 
            Map Operator Tree:
                TableScan
                  alias: src
                  Statistics: Num rows: 500 Data size: 89000 Basic stats: COMPLETE Column stats: COMPLETE
                  Top N Key Operator
                    sort order: +-
                    keys: key (type: string), value (type: string)
                    null sort order: za
                    Statistics: Num rows: 500 Data size: 89000 Basic stats: COMPLETE Column stats: COMPLETE
                    top n: 20
                    Select Operator
                      expressions: key (type: string), value (type: string), (UDFToDouble(key) + 1.0D) (type: double)
                      outputColumnNames: _col0, _col1, _col2
                      Statistics: Num rows: 500 Data size: 89000 Basic stats: COMPLETE Column stats: COMPLETE
                      Group By Operator
                        aggregations: sum(_col2), count(_col2)
                        keys: _col0 (type: string), _col1 (type: string)
                        minReductionHashAggr: 0.4
                        mode: hash
                        outputColumnNames: _col0, _col1, _col2, _col3
                        Statistics: Num rows: 316 Data size: 61304 Basic stats: COMPLETE Column stats: COMPLETE
                        Reduce Output Operator
                          key expressions: _col0 (type: string), _col1 (type: string)
                          null sort order: za
                          sort order: +-
                          Map-reduce partition columns: _col0 (type: string), _col1 (type: string)
                          Statistics: Num rows: 316 Data size: 61304 Basic stats: COMPLETE Column stats: COMPLETE
                          value expressions: _col2 (type: double), _col3 (type: bigint)
            Execution mode: vectorized, llap
            LLAP IO: all inputs
        Reducer 2 
            Execution mode: vectorized, llap
            Reduce Operator Tree:
              Group By Operator
                aggregations: sum(VALUE._col0), count(VALUE._col1)
                keys: KEY._col0 (type: string), KEY._col1 (type: string)
                mode: mergepartial
                outputColumnNames: _col0, _col1, _col2, _col3
                Statistics: Num rows: 316 Data size: 61304 Basic stats: COMPLETE Column stats: COMPLETE
                Select Operator
                  expressions: _col0 (type: string), _col1 (type: string), (_col2 / _col3) (type: double)
                  outputColumnNames: _col0, _col1, _col2
                  Statistics: Num rows: 316 Data size: 58776 Basic stats: COMPLETE Column stats: COMPLETE
                  Limit
                    Number of rows: 20
                    Statistics: Num rows: 20 Data size: 3720 Basic stats: COMPLETE Column stats: COMPLETE
                    File Output Operator
                      compressed: false
                      Statistics: Num rows: 20 Data size: 3720 Basic stats: COMPLETE Column stats: COMPLETE
                      table:
                          input format: org.apache.hadoop.mapred.SequenceFileInputFormat
                          output format: org.apache.hadoop.hive.ql.io.HiveSequenceFileOutputFormat
                          serde: org.apache.hadoop.hive.serde2.lazy.LazySimpleSerDe

  Stage: Stage-0
    Fetch Operator
      limit: 20
      Processor Tree:
        ListSink

PREHOOK: query: select key, value, avg(key + 1) from src
group by key, value
order by key, value desc limit 20
PREHOOK: type: QUERY
PREHOOK: Input: default@src
#### A masked pattern was here ####
POSTHOOK: query: select key, value, avg(key + 1) from src
group by key, value
order by key, value desc limit 20
POSTHOOK: type: QUERY
POSTHOOK: Input: default@src
#### A masked pattern was here ####
0	val_0	1.0
10	val_10	11.0
100	val_100	101.0
103	val_103	104.0
104	val_104	105.0
105	val_105	106.0
11	val_11	12.0
111	val_111	112.0
113	val_113	114.0
114	val_114	115.0
116	val_116	117.0
118	val_118	119.0
119	val_119	120.0
12	val_12	13.0
120	val_120	121.0
125	val_125	126.0
126	val_126	127.0
128	val_128	129.0
129	val_129	130.0
131	val_131	132.0
PREHOOK: query: explain
select key, value, avg(key + 1) from src
group by key, value
order by key desc, value limit 20
PREHOOK: type: QUERY
PREHOOK: Input: default@src
#### A masked pattern was here ####
POSTHOOK: query: explain
select key, value, avg(key + 1) from src
group by key, value
order by key desc, value limit 20
POSTHOOK: type: QUERY
POSTHOOK: Input: default@src
#### A masked pattern was here ####
STAGE DEPENDENCIES:
  Stage-1 is a root stage
  Stage-0 depends on stages: Stage-1

STAGE PLANS:
  Stage: Stage-1
    Tez
#### A masked pattern was here ####
      Edges:
        Reducer 2 <- Map 1 (SIMPLE_EDGE)
#### A masked pattern was here ####
      Vertices:
        Map 1 
            Map Operator Tree:
                TableScan
                  alias: src
                  Statistics: Num rows: 500 Data size: 89000 Basic stats: COMPLETE Column stats: COMPLETE
                  Top N Key Operator
                    sort order: -+
                    keys: key (type: string), value (type: string)
                    null sort order: az
                    Statistics: Num rows: 500 Data size: 89000 Basic stats: COMPLETE Column stats: COMPLETE
                    top n: 20
                    Select Operator
                      expressions: key (type: string), value (type: string), (UDFToDouble(key) + 1.0D) (type: double)
                      outputColumnNames: _col0, _col1, _col2
                      Statistics: Num rows: 500 Data size: 89000 Basic stats: COMPLETE Column stats: COMPLETE
                      Group By Operator
                        aggregations: sum(_col2), count(_col2)
                        keys: _col0 (type: string), _col1 (type: string)
                        minReductionHashAggr: 0.4
                        mode: hash
                        outputColumnNames: _col0, _col1, _col2, _col3
                        Statistics: Num rows: 316 Data size: 61304 Basic stats: COMPLETE Column stats: COMPLETE
                        Reduce Output Operator
                          key expressions: _col0 (type: string), _col1 (type: string)
                          null sort order: az
                          sort order: -+
                          Map-reduce partition columns: _col0 (type: string), _col1 (type: string)
                          Statistics: Num rows: 316 Data size: 61304 Basic stats: COMPLETE Column stats: COMPLETE
                          value expressions: _col2 (type: double), _col3 (type: bigint)
            Execution mode: vectorized, llap
            LLAP IO: all inputs
        Reducer 2 
            Execution mode: vectorized, llap
            Reduce Operator Tree:
              Group By Operator
                aggregations: sum(VALUE._col0), count(VALUE._col1)
                keys: KEY._col0 (type: string), KEY._col1 (type: string)
                mode: mergepartial
                outputColumnNames: _col0, _col1, _col2, _col3
                Statistics: Num rows: 316 Data size: 61304 Basic stats: COMPLETE Column stats: COMPLETE
                Select Operator
                  expressions: _col0 (type: string), _col1 (type: string), (_col2 / _col3) (type: double)
                  outputColumnNames: _col0, _col1, _col2
                  Statistics: Num rows: 316 Data size: 58776 Basic stats: COMPLETE Column stats: COMPLETE
                  Limit
                    Number of rows: 20
                    Statistics: Num rows: 20 Data size: 3720 Basic stats: COMPLETE Column stats: COMPLETE
                    File Output Operator
                      compressed: false
                      Statistics: Num rows: 20 Data size: 3720 Basic stats: COMPLETE Column stats: COMPLETE
                      table:
                          input format: org.apache.hadoop.mapred.SequenceFileInputFormat
                          output format: org.apache.hadoop.hive.ql.io.HiveSequenceFileOutputFormat
                          serde: org.apache.hadoop.hive.serde2.lazy.LazySimpleSerDe

  Stage: Stage-0
    Fetch Operator
      limit: 20
      Processor Tree:
        ListSink

PREHOOK: query: select key, value, avg(key + 1) from src
group by key, value
order by key desc, value limit 20
PREHOOK: type: QUERY
PREHOOK: Input: default@src
#### A masked pattern was here ####
POSTHOOK: query: select key, value, avg(key + 1) from src
group by key, value
order by key desc, value limit 20
POSTHOOK: type: QUERY
POSTHOOK: Input: default@src
#### A masked pattern was here ####
98	val_98	99.0
97	val_97	98.0
96	val_96	97.0
95	val_95	96.0
92	val_92	93.0
90	val_90	91.0
9	val_9	10.0
87	val_87	88.0
86	val_86	87.0
85	val_85	86.0
84	val_84	85.0
83	val_83	84.0
82	val_82	83.0
80	val_80	81.0
8	val_8	9.0
78	val_78	79.0
77	val_77	78.0
76	val_76	77.0
74	val_74	75.0
72	val_72	73.0
PREHOOK: query: explain
select key, value, avg(key + 1) from src
group by value, key
order by key, value limit 20
PREHOOK: type: QUERY
PREHOOK: Input: default@src
#### A masked pattern was here ####
POSTHOOK: query: explain
select key, value, avg(key + 1) from src
group by value, key
order by key, value limit 20
POSTHOOK: type: QUERY
POSTHOOK: Input: default@src
#### A masked pattern was here ####
STAGE DEPENDENCIES:
  Stage-1 is a root stage
  Stage-0 depends on stages: Stage-1

STAGE PLANS:
  Stage: Stage-1
    Tez
#### A masked pattern was here ####
      Edges:
        Reducer 2 <- Map 1 (SIMPLE_EDGE)
#### A masked pattern was here ####
      Vertices:
        Map 1 
            Map Operator Tree:
                TableScan
                  alias: src
                  Statistics: Num rows: 500 Data size: 89000 Basic stats: COMPLETE Column stats: COMPLETE
                  Top N Key Operator
                    sort order: ++
                    keys: key (type: string), value (type: string)
                    null sort order: zz
                    Statistics: Num rows: 500 Data size: 89000 Basic stats: COMPLETE Column stats: COMPLETE
                    top n: 20
                    Select Operator
                      expressions: value (type: string), key (type: string), (UDFToDouble(key) + 1.0D) (type: double)
                      outputColumnNames: _col0, _col1, _col2
                      Statistics: Num rows: 500 Data size: 89000 Basic stats: COMPLETE Column stats: COMPLETE
                      Group By Operator
                        aggregations: sum(_col2), count(_col2)
                        keys: _col1 (type: string), _col0 (type: string)
                        minReductionHashAggr: 0.4
                        mode: hash
                        outputColumnNames: _col0, _col1, _col2, _col3
                        Statistics: Num rows: 316 Data size: 61304 Basic stats: COMPLETE Column stats: COMPLETE
                        Reduce Output Operator
                          key expressions: _col0 (type: string), _col1 (type: string)
                          null sort order: zz
                          sort order: ++
                          Map-reduce partition columns: _col0 (type: string), _col1 (type: string)
                          Statistics: Num rows: 316 Data size: 61304 Basic stats: COMPLETE Column stats: COMPLETE
                          value expressions: _col2 (type: double), _col3 (type: bigint)
            Execution mode: vectorized, llap
            LLAP IO: all inputs
        Reducer 2 
            Execution mode: vectorized, llap
            Reduce Operator Tree:
              Group By Operator
                aggregations: sum(VALUE._col0), count(VALUE._col1)
                keys: KEY._col0 (type: string), KEY._col1 (type: string)
                mode: mergepartial
                outputColumnNames: _col0, _col1, _col2, _col3
                Statistics: Num rows: 316 Data size: 61304 Basic stats: COMPLETE Column stats: COMPLETE
                Select Operator
                  expressions: _col0 (type: string), _col1 (type: string), (_col2 / _col3) (type: double)
                  outputColumnNames: _col0, _col1, _col2
                  Statistics: Num rows: 316 Data size: 58776 Basic stats: COMPLETE Column stats: COMPLETE
                  Limit
                    Number of rows: 20
                    Statistics: Num rows: 20 Data size: 3720 Basic stats: COMPLETE Column stats: COMPLETE
                    File Output Operator
                      compressed: false
                      Statistics: Num rows: 20 Data size: 3720 Basic stats: COMPLETE Column stats: COMPLETE
                      table:
                          input format: org.apache.hadoop.mapred.SequenceFileInputFormat
                          output format: org.apache.hadoop.hive.ql.io.HiveSequenceFileOutputFormat
                          serde: org.apache.hadoop.hive.serde2.lazy.LazySimpleSerDe

  Stage: Stage-0
    Fetch Operator
      limit: 20
      Processor Tree:
        ListSink

PREHOOK: query: select key, value, avg(key + 1) from src
group by value, key
order by key, value limit 20
PREHOOK: type: QUERY
PREHOOK: Input: default@src
#### A masked pattern was here ####
POSTHOOK: query: select key, value, avg(key + 1) from src
group by value, key
order by key, value limit 20
POSTHOOK: type: QUERY
POSTHOOK: Input: default@src
#### A masked pattern was here ####
0	val_0	1.0
10	val_10	11.0
100	val_100	101.0
103	val_103	104.0
104	val_104	105.0
105	val_105	106.0
11	val_11	12.0
111	val_111	112.0
113	val_113	114.0
114	val_114	115.0
116	val_116	117.0
118	val_118	119.0
119	val_119	120.0
12	val_12	13.0
120	val_120	121.0
125	val_125	126.0
126	val_126	127.0
128	val_128	129.0
129	val_129	130.0
131	val_131	132.0
PREHOOK: query: explain
select key, value, avg(key + 1) from src
group by value, key
order by key desc, value limit 20
PREHOOK: type: QUERY
PREHOOK: Input: default@src
#### A masked pattern was here ####
POSTHOOK: query: explain
select key, value, avg(key + 1) from src
group by value, key
order by key desc, value limit 20
POSTHOOK: type: QUERY
POSTHOOK: Input: default@src
#### A masked pattern was here ####
STAGE DEPENDENCIES:
  Stage-1 is a root stage
  Stage-0 depends on stages: Stage-1

STAGE PLANS:
  Stage: Stage-1
    Tez
#### A masked pattern was here ####
      Edges:
        Reducer 2 <- Map 1 (SIMPLE_EDGE)
#### A masked pattern was here ####
      Vertices:
        Map 1 
            Map Operator Tree:
                TableScan
                  alias: src
                  Statistics: Num rows: 500 Data size: 89000 Basic stats: COMPLETE Column stats: COMPLETE
                  Top N Key Operator
                    sort order: -+
                    keys: key (type: string), value (type: string)
                    null sort order: az
                    Statistics: Num rows: 500 Data size: 89000 Basic stats: COMPLETE Column stats: COMPLETE
                    top n: 20
                    Select Operator
                      expressions: value (type: string), key (type: string), (UDFToDouble(key) + 1.0D) (type: double)
                      outputColumnNames: _col0, _col1, _col2
                      Statistics: Num rows: 500 Data size: 89000 Basic stats: COMPLETE Column stats: COMPLETE
                      Group By Operator
                        aggregations: sum(_col2), count(_col2)
                        keys: _col1 (type: string), _col0 (type: string)
                        minReductionHashAggr: 0.4
                        mode: hash
                        outputColumnNames: _col0, _col1, _col2, _col3
                        Statistics: Num rows: 316 Data size: 61304 Basic stats: COMPLETE Column stats: COMPLETE
                        Reduce Output Operator
                          key expressions: _col0 (type: string), _col1 (type: string)
                          null sort order: az
                          sort order: -+
                          Map-reduce partition columns: _col0 (type: string), _col1 (type: string)
                          Statistics: Num rows: 316 Data size: 61304 Basic stats: COMPLETE Column stats: COMPLETE
                          value expressions: _col2 (type: double), _col3 (type: bigint)
            Execution mode: vectorized, llap
            LLAP IO: all inputs
        Reducer 2 
            Execution mode: vectorized, llap
            Reduce Operator Tree:
              Group By Operator
                aggregations: sum(VALUE._col0), count(VALUE._col1)
                keys: KEY._col0 (type: string), KEY._col1 (type: string)
                mode: mergepartial
                outputColumnNames: _col0, _col1, _col2, _col3
                Statistics: Num rows: 316 Data size: 61304 Basic stats: COMPLETE Column stats: COMPLETE
                Select Operator
                  expressions: _col0 (type: string), _col1 (type: string), (_col2 / _col3) (type: double)
                  outputColumnNames: _col0, _col1, _col2
                  Statistics: Num rows: 316 Data size: 58776 Basic stats: COMPLETE Column stats: COMPLETE
                  Limit
                    Number of rows: 20
                    Statistics: Num rows: 20 Data size: 3720 Basic stats: COMPLETE Column stats: COMPLETE
                    File Output Operator
                      compressed: false
                      Statistics: Num rows: 20 Data size: 3720 Basic stats: COMPLETE Column stats: COMPLETE
                      table:
                          input format: org.apache.hadoop.mapred.SequenceFileInputFormat
                          output format: org.apache.hadoop.hive.ql.io.HiveSequenceFileOutputFormat
                          serde: org.apache.hadoop.hive.serde2.lazy.LazySimpleSerDe

  Stage: Stage-0
    Fetch Operator
      limit: 20
      Processor Tree:
        ListSink

PREHOOK: query: select key, value, avg(key + 1) from src
group by value, key
order by key desc, value limit 20
PREHOOK: type: QUERY
PREHOOK: Input: default@src
#### A masked pattern was here ####
POSTHOOK: query: select key, value, avg(key + 1) from src
group by value, key
order by key desc, value limit 20
POSTHOOK: type: QUERY
POSTHOOK: Input: default@src
#### A masked pattern was here ####
98	val_98	99.0
97	val_97	98.0
96	val_96	97.0
95	val_95	96.0
92	val_92	93.0
90	val_90	91.0
9	val_9	10.0
87	val_87	88.0
86	val_86	87.0
85	val_85	86.0
84	val_84	85.0
83	val_83	84.0
82	val_82	83.0
80	val_80	81.0
8	val_8	9.0
78	val_78	79.0
77	val_77	78.0
76	val_76	77.0
74	val_74	75.0
72	val_72	73.0
PREHOOK: query: explain
select key, value, avg(key + 1) from src
group by value, key
order by key desc limit 20
PREHOOK: type: QUERY
PREHOOK: Input: default@src
#### A masked pattern was here ####
POSTHOOK: query: explain
select key, value, avg(key + 1) from src
group by value, key
order by key desc limit 20
POSTHOOK: type: QUERY
POSTHOOK: Input: default@src
#### A masked pattern was here ####
STAGE DEPENDENCIES:
  Stage-1 is a root stage
  Stage-0 depends on stages: Stage-1

STAGE PLANS:
  Stage: Stage-1
    Tez
#### A masked pattern was here ####
      Edges:
        Reducer 2 <- Map 1 (SIMPLE_EDGE)
#### A masked pattern was here ####
      Vertices:
        Map 1 
            Map Operator Tree:
                TableScan
                  alias: src
                  Statistics: Num rows: 500 Data size: 89000 Basic stats: COMPLETE Column stats: COMPLETE
                  Top N Key Operator
                    sort order: -+
                    keys: key (type: string), value (type: string)
                    null sort order: az
                    Statistics: Num rows: 500 Data size: 89000 Basic stats: COMPLETE Column stats: COMPLETE
                    top n: 20
                    Select Operator
                      expressions: value (type: string), key (type: string), (UDFToDouble(key) + 1.0D) (type: double)
                      outputColumnNames: _col0, _col1, _col2
                      Statistics: Num rows: 500 Data size: 89000 Basic stats: COMPLETE Column stats: COMPLETE
                      Group By Operator
                        aggregations: sum(_col2), count(_col2)
                        keys: _col1 (type: string), _col0 (type: string)
                        minReductionHashAggr: 0.4
                        mode: hash
                        outputColumnNames: _col0, _col1, _col2, _col3
                        Statistics: Num rows: 316 Data size: 61304 Basic stats: COMPLETE Column stats: COMPLETE
                        Reduce Output Operator
                          key expressions: _col0 (type: string), _col1 (type: string)
                          null sort order: az
                          sort order: -+
                          Map-reduce partition columns: _col0 (type: string), _col1 (type: string)
                          Statistics: Num rows: 316 Data size: 61304 Basic stats: COMPLETE Column stats: COMPLETE
                          value expressions: _col2 (type: double), _col3 (type: bigint)
            Execution mode: vectorized, llap
            LLAP IO: all inputs
        Reducer 2 
            Execution mode: vectorized, llap
            Reduce Operator Tree:
              Group By Operator
                aggregations: sum(VALUE._col0), count(VALUE._col1)
                keys: KEY._col0 (type: string), KEY._col1 (type: string)
                mode: mergepartial
                outputColumnNames: _col0, _col1, _col2, _col3
                Statistics: Num rows: 316 Data size: 61304 Basic stats: COMPLETE Column stats: COMPLETE
                Select Operator
                  expressions: _col0 (type: string), _col1 (type: string), (_col2 / _col3) (type: double)
                  outputColumnNames: _col0, _col1, _col2
                  Statistics: Num rows: 316 Data size: 58776 Basic stats: COMPLETE Column stats: COMPLETE
                  Limit
                    Number of rows: 20
                    Statistics: Num rows: 20 Data size: 3720 Basic stats: COMPLETE Column stats: COMPLETE
                    File Output Operator
                      compressed: false
                      Statistics: Num rows: 20 Data size: 3720 Basic stats: COMPLETE Column stats: COMPLETE
                      table:
                          input format: org.apache.hadoop.mapred.SequenceFileInputFormat
                          output format: org.apache.hadoop.hive.ql.io.HiveSequenceFileOutputFormat
                          serde: org.apache.hadoop.hive.serde2.lazy.LazySimpleSerDe

  Stage: Stage-0
    Fetch Operator
      limit: 20
      Processor Tree:
        ListSink

PREHOOK: query: select key, value, avg(key + 1) from src
group by value, key
order by key desc limit 20
PREHOOK: type: QUERY
PREHOOK: Input: default@src
#### A masked pattern was here ####
POSTHOOK: query: select key, value, avg(key + 1) from src
group by value, key
order by key desc limit 20
POSTHOOK: type: QUERY
POSTHOOK: Input: default@src
#### A masked pattern was here ####
98	val_98	99.0
97	val_97	98.0
96	val_96	97.0
95	val_95	96.0
92	val_92	93.0
90	val_90	91.0
9	val_9	10.0
87	val_87	88.0
86	val_86	87.0
85	val_85	86.0
84	val_84	85.0
83	val_83	84.0
82	val_82	83.0
80	val_80	81.0
8	val_8	9.0
78	val_78	79.0
77	val_77	78.0
76	val_76	77.0
74	val_74	75.0
72	val_72	73.0
PREHOOK: query: explain
select key, value, count(key + 1) as agg1 from src 
group by key, value
order by key, value, agg1 limit 20
PREHOOK: type: QUERY
PREHOOK: Input: default@src
#### A masked pattern was here ####
POSTHOOK: query: explain
select key, value, count(key + 1) as agg1 from src 
group by key, value
order by key, value, agg1 limit 20
POSTHOOK: type: QUERY
POSTHOOK: Input: default@src
#### A masked pattern was here ####
STAGE DEPENDENCIES:
  Stage-1 is a root stage
  Stage-0 depends on stages: Stage-1

STAGE PLANS:
  Stage: Stage-1
    Tez
#### A masked pattern was here ####
      Edges:
        Reducer 2 <- Map 1 (SIMPLE_EDGE)
        Reducer 3 <- Reducer 2 (SIMPLE_EDGE)
#### A masked pattern was here ####
      Vertices:
        Map 1 
            Map Operator Tree:
                TableScan
                  alias: src
                  Statistics: Num rows: 500 Data size: 89000 Basic stats: COMPLETE Column stats: COMPLETE
                  Top N Key Operator
                    sort order: ++
                    keys: key (type: string), value (type: string)
                    null sort order: zz
                    Statistics: Num rows: 500 Data size: 89000 Basic stats: COMPLETE Column stats: COMPLETE
                    top n: 20
                    Select Operator
                      expressions: key (type: string), value (type: string), (UDFToDouble(key) + 1.0D) (type: double)
                      outputColumnNames: _col0, _col1, _col2
                      Statistics: Num rows: 500 Data size: 89000 Basic stats: COMPLETE Column stats: COMPLETE
                      Group By Operator
                        aggregations: count(_col2)
                        keys: _col0 (type: string), _col1 (type: string)
                        minReductionHashAggr: 0.4
                        mode: hash
                        outputColumnNames: _col0, _col1, _col2
                        Statistics: Num rows: 316 Data size: 58776 Basic stats: COMPLETE Column stats: COMPLETE
                        Reduce Output Operator
                          key expressions: _col0 (type: string), _col1 (type: string)
                          null sort order: zz
                          sort order: ++
                          Map-reduce partition columns: _col0 (type: string), _col1 (type: string)
                          Statistics: Num rows: 316 Data size: 58776 Basic stats: COMPLETE Column stats: COMPLETE
                          value expressions: _col2 (type: bigint)
            Execution mode: vectorized, llap
            LLAP IO: all inputs
        Reducer 2 
            Execution mode: vectorized, llap
            Reduce Operator Tree:
              Group By Operator
                aggregations: count(VALUE._col0)
                keys: KEY._col0 (type: string), KEY._col1 (type: string)
                mode: mergepartial
                outputColumnNames: _col0, _col1, _col2
                Statistics: Num rows: 316 Data size: 58776 Basic stats: COMPLETE Column stats: COMPLETE
                Top N Key Operator
                  sort order: +++
                  keys: _col0 (type: string), _col1 (type: string), _col2 (type: bigint)
                  null sort order: zzz
                  Statistics: Num rows: 316 Data size: 58776 Basic stats: COMPLETE Column stats: COMPLETE
                  top n: 20
                  Reduce Output Operator
                    key expressions: _col0 (type: string), _col1 (type: string), _col2 (type: bigint)
                    null sort order: zzz
                    sort order: +++
                    Statistics: Num rows: 316 Data size: 58776 Basic stats: COMPLETE Column stats: COMPLETE
        Reducer 3 
            Execution mode: vectorized, llap
            Reduce Operator Tree:
              Select Operator
                expressions: KEY.reducesinkkey0 (type: string), KEY.reducesinkkey1 (type: string), KEY.reducesinkkey2 (type: bigint)
                outputColumnNames: _col0, _col1, _col2
                Statistics: Num rows: 316 Data size: 58776 Basic stats: COMPLETE Column stats: COMPLETE
                Limit
                  Number of rows: 20
                  Statistics: Num rows: 20 Data size: 3720 Basic stats: COMPLETE Column stats: COMPLETE
                  File Output Operator
                    compressed: false
                    Statistics: Num rows: 20 Data size: 3720 Basic stats: COMPLETE Column stats: COMPLETE
                    table:
                        input format: org.apache.hadoop.mapred.SequenceFileInputFormat
                        output format: org.apache.hadoop.hive.ql.io.HiveSequenceFileOutputFormat
                        serde: org.apache.hadoop.hive.serde2.lazy.LazySimpleSerDe

  Stage: Stage-0
    Fetch Operator
      limit: 20
      Processor Tree:
        ListSink

PREHOOK: query: select key, value, count(key + 1) as agg1 from src 
group by key, value
order by key, value, agg1 limit 20
PREHOOK: type: QUERY
PREHOOK: Input: default@src
#### A masked pattern was here ####
POSTHOOK: query: select key, value, count(key + 1) as agg1 from src 
group by key, value
order by key, value, agg1 limit 20
POSTHOOK: type: QUERY
POSTHOOK: Input: default@src
#### A masked pattern was here ####
0	val_0	3
10	val_10	1
100	val_100	2
103	val_103	2
104	val_104	2
105	val_105	1
11	val_11	1
111	val_111	1
113	val_113	2
114	val_114	1
116	val_116	1
118	val_118	2
119	val_119	3
12	val_12	2
120	val_120	2
125	val_125	2
126	val_126	1
128	val_128	3
129	val_129	2
131	val_131	1
PREHOOK: query: explain
select key, value, count(key + 1) as agg1 from src 
group by key, value
order by key desc, value, agg1 limit 20
PREHOOK: type: QUERY
PREHOOK: Input: default@src
#### A masked pattern was here ####
POSTHOOK: query: explain
select key, value, count(key + 1) as agg1 from src 
group by key, value
order by key desc, value, agg1 limit 20
POSTHOOK: type: QUERY
POSTHOOK: Input: default@src
#### A masked pattern was here ####
STAGE DEPENDENCIES:
  Stage-1 is a root stage
  Stage-0 depends on stages: Stage-1

STAGE PLANS:
  Stage: Stage-1
    Tez
#### A masked pattern was here ####
      Edges:
        Reducer 2 <- Map 1 (SIMPLE_EDGE)
        Reducer 3 <- Reducer 2 (SIMPLE_EDGE)
#### A masked pattern was here ####
      Vertices:
        Map 1 
            Map Operator Tree:
                TableScan
                  alias: src
                  Statistics: Num rows: 500 Data size: 89000 Basic stats: COMPLETE Column stats: COMPLETE
                  Top N Key Operator
                    sort order: -+
                    keys: key (type: string), value (type: string)
                    null sort order: az
                    Statistics: Num rows: 500 Data size: 89000 Basic stats: COMPLETE Column stats: COMPLETE
                    top n: 20
                    Select Operator
                      expressions: key (type: string), value (type: string), (UDFToDouble(key) + 1.0D) (type: double)
                      outputColumnNames: _col0, _col1, _col2
                      Statistics: Num rows: 500 Data size: 89000 Basic stats: COMPLETE Column stats: COMPLETE
                      Group By Operator
                        aggregations: count(_col2)
                        keys: _col0 (type: string), _col1 (type: string)
                        minReductionHashAggr: 0.4
                        mode: hash
                        outputColumnNames: _col0, _col1, _col2
                        Statistics: Num rows: 316 Data size: 58776 Basic stats: COMPLETE Column stats: COMPLETE
                        Reduce Output Operator
                          key expressions: _col0 (type: string), _col1 (type: string)
                          null sort order: az
                          sort order: -+
                          Map-reduce partition columns: _col0 (type: string), _col1 (type: string)
                          Statistics: Num rows: 316 Data size: 58776 Basic stats: COMPLETE Column stats: COMPLETE
                          value expressions: _col2 (type: bigint)
            Execution mode: vectorized, llap
            LLAP IO: all inputs
        Reducer 2 
            Execution mode: vectorized, llap
            Reduce Operator Tree:
              Group By Operator
                aggregations: count(VALUE._col0)
                keys: KEY._col0 (type: string), KEY._col1 (type: string)
                mode: mergepartial
                outputColumnNames: _col0, _col1, _col2
                Statistics: Num rows: 316 Data size: 58776 Basic stats: COMPLETE Column stats: COMPLETE
                Top N Key Operator
                  sort order: -++
                  keys: _col0 (type: string), _col1 (type: string), _col2 (type: bigint)
                  null sort order: azz
                  Statistics: Num rows: 316 Data size: 58776 Basic stats: COMPLETE Column stats: COMPLETE
                  top n: 20
                  Reduce Output Operator
                    key expressions: _col0 (type: string), _col1 (type: string), _col2 (type: bigint)
                    null sort order: azz
                    sort order: -++
                    Statistics: Num rows: 316 Data size: 58776 Basic stats: COMPLETE Column stats: COMPLETE
        Reducer 3 
            Execution mode: vectorized, llap
            Reduce Operator Tree:
              Select Operator
                expressions: KEY.reducesinkkey0 (type: string), KEY.reducesinkkey1 (type: string), KEY.reducesinkkey2 (type: bigint)
                outputColumnNames: _col0, _col1, _col2
                Statistics: Num rows: 316 Data size: 58776 Basic stats: COMPLETE Column stats: COMPLETE
                Limit
                  Number of rows: 20
                  Statistics: Num rows: 20 Data size: 3720 Basic stats: COMPLETE Column stats: COMPLETE
                  File Output Operator
                    compressed: false
                    Statistics: Num rows: 20 Data size: 3720 Basic stats: COMPLETE Column stats: COMPLETE
                    table:
                        input format: org.apache.hadoop.mapred.SequenceFileInputFormat
                        output format: org.apache.hadoop.hive.ql.io.HiveSequenceFileOutputFormat
                        serde: org.apache.hadoop.hive.serde2.lazy.LazySimpleSerDe

  Stage: Stage-0
    Fetch Operator
      limit: 20
      Processor Tree:
        ListSink

PREHOOK: query: select key, value, count(key + 1) as agg1 from src 
group by key, value
order by key desc, value, agg1 limit 20
PREHOOK: type: QUERY
PREHOOK: Input: default@src
#### A masked pattern was here ####
POSTHOOK: query: select key, value, count(key + 1) as agg1 from src 
group by key, value
order by key desc, value, agg1 limit 20
POSTHOOK: type: QUERY
POSTHOOK: Input: default@src
#### A masked pattern was here ####
98	val_98	2
97	val_97	2
96	val_96	1
95	val_95	2
92	val_92	1
90	val_90	3
9	val_9	1
87	val_87	1
86	val_86	1
85	val_85	1
84	val_84	2
83	val_83	2
82	val_82	1
80	val_80	1
8	val_8	1
78	val_78	1
77	val_77	1
76	val_76	2
74	val_74	1
72	val_72	2
PREHOOK: query: explain
select value, avg(key + 1) myavg from src
group by value
order by myavg, value desc limit 20
PREHOOK: type: QUERY
PREHOOK: Input: default@src
#### A masked pattern was here ####
POSTHOOK: query: explain
select value, avg(key + 1) myavg from src
group by value
order by myavg, value desc limit 20
POSTHOOK: type: QUERY
POSTHOOK: Input: default@src
#### A masked pattern was here ####
STAGE DEPENDENCIES:
  Stage-1 is a root stage
  Stage-0 depends on stages: Stage-1

STAGE PLANS:
  Stage: Stage-1
    Tez
#### A masked pattern was here ####
      Edges:
        Reducer 2 <- Map 1 (SIMPLE_EDGE)
        Reducer 3 <- Reducer 2 (SIMPLE_EDGE)
#### A masked pattern was here ####
      Vertices:
        Map 1 
            Map Operator Tree:
                TableScan
                  alias: src
                  Statistics: Num rows: 500 Data size: 89000 Basic stats: COMPLETE Column stats: COMPLETE
                  Select Operator
                    expressions: value (type: string), (UDFToDouble(key) + 1.0D) (type: double)
                    outputColumnNames: _col0, _col1
                    Statistics: Num rows: 500 Data size: 89000 Basic stats: COMPLETE Column stats: COMPLETE
                    Group By Operator
                      aggregations: sum(_col1), count(_col1)
                      keys: _col0 (type: string)
                      minReductionHashAggr: 0.4
                      mode: hash
                      outputColumnNames: _col0, _col1, _col2
                      Statistics: Num rows: 307 Data size: 32849 Basic stats: COMPLETE Column stats: COMPLETE
                      Reduce Output Operator
                        key expressions: _col0 (type: string)
                        null sort order: z
                        sort order: +
                        Map-reduce partition columns: _col0 (type: string)
                        Statistics: Num rows: 307 Data size: 32849 Basic stats: COMPLETE Column stats: COMPLETE
                        value expressions: _col1 (type: double), _col2 (type: bigint)
            Execution mode: vectorized, llap
            LLAP IO: all inputs
        Reducer 2 
            Execution mode: vectorized, llap
            Reduce Operator Tree:
              Group By Operator
                aggregations: sum(VALUE._col0), count(VALUE._col1)
                keys: KEY._col0 (type: string)
                mode: mergepartial
                outputColumnNames: _col0, _col1, _col2
                Statistics: Num rows: 307 Data size: 32849 Basic stats: COMPLETE Column stats: COMPLETE
                Top N Key Operator
                  sort order: +-
                  keys: (_col1 / _col2) (type: double), _col0 (type: string)
                  null sort order: za
                  Statistics: Num rows: 307 Data size: 32849 Basic stats: COMPLETE Column stats: COMPLETE
                  top n: 20
                  Select Operator
                    expressions: _col0 (type: string), (_col1 / _col2) (type: double)
                    outputColumnNames: _col0, _col1
                    Statistics: Num rows: 307 Data size: 30393 Basic stats: COMPLETE Column stats: COMPLETE
                    Reduce Output Operator
                      key expressions: _col1 (type: double), _col0 (type: string)
                      null sort order: za
                      sort order: +-
                      Statistics: Num rows: 307 Data size: 30393 Basic stats: COMPLETE Column stats: COMPLETE
        Reducer 3 
            Execution mode: vectorized, llap
            Reduce Operator Tree:
              Select Operator
                expressions: KEY.reducesinkkey1 (type: string), KEY.reducesinkkey0 (type: double)
                outputColumnNames: _col0, _col1
                Statistics: Num rows: 307 Data size: 30393 Basic stats: COMPLETE Column stats: COMPLETE
                Limit
                  Number of rows: 20
                  Statistics: Num rows: 20 Data size: 1980 Basic stats: COMPLETE Column stats: COMPLETE
                  File Output Operator
                    compressed: false
                    Statistics: Num rows: 20 Data size: 1980 Basic stats: COMPLETE Column stats: COMPLETE
                    table:
                        input format: org.apache.hadoop.mapred.SequenceFileInputFormat
                        output format: org.apache.hadoop.hive.ql.io.HiveSequenceFileOutputFormat
                        serde: org.apache.hadoop.hive.serde2.lazy.LazySimpleSerDe

  Stage: Stage-0
    Fetch Operator
      limit: 20
      Processor Tree:
        ListSink

PREHOOK: query: select value, avg(key + 1) myavg from src
group by value
order by myavg, value desc limit 20
PREHOOK: type: QUERY
PREHOOK: Input: default@src
#### A masked pattern was here ####
POSTHOOK: query: select value, avg(key + 1) myavg from src
group by value
order by myavg, value desc limit 20
POSTHOOK: type: QUERY
POSTHOOK: Input: default@src
#### A masked pattern was here ####
val_0	1.0
val_2	3.0
val_4	5.0
val_5	6.0
val_8	9.0
val_9	10.0
val_10	11.0
val_11	12.0
val_12	13.0
val_15	16.0
val_17	18.0
val_18	19.0
val_19	20.0
val_20	21.0
val_24	25.0
val_26	27.0
val_27	28.0
val_28	29.0
val_30	31.0
val_33	34.0
PREHOOK: query: explain
select key, value, avg(key + 1) from src
group by value, key with rollup
order by key, value limit 20
PREHOOK: type: QUERY
PREHOOK: Input: default@src
#### A masked pattern was here ####
POSTHOOK: query: explain
select key, value, avg(key + 1) from src
group by value, key with rollup
order by key, value limit 20
POSTHOOK: type: QUERY
POSTHOOK: Input: default@src
#### A masked pattern was here ####
STAGE DEPENDENCIES:
  Stage-1 is a root stage
  Stage-0 depends on stages: Stage-1

STAGE PLANS:
  Stage: Stage-1
    Tez
#### A masked pattern was here ####
      Edges:
        Reducer 2 <- Map 1 (SIMPLE_EDGE)
        Reducer 3 <- Reducer 2 (SIMPLE_EDGE)
#### A masked pattern was here ####
      Vertices:
        Map 1 
            Map Operator Tree:
                TableScan
                  alias: src
                  Statistics: Num rows: 500 Data size: 89000 Basic stats: COMPLETE Column stats: COMPLETE
                  Select Operator
                    expressions: value (type: string), key (type: string), (UDFToDouble(key) + 1.0D) (type: double)
                    outputColumnNames: _col0, _col1, _col2
                    Statistics: Num rows: 500 Data size: 89000 Basic stats: COMPLETE Column stats: COMPLETE
                    Group By Operator
                      aggregations: sum(_col2), count(_col2)
                      keys: _col0 (type: string), _col1 (type: string), 0L (type: bigint)
                      grouping sets: 0, 1, 3
                      minReductionHashAggr: 0.4
                      mode: hash
                      outputColumnNames: _col0, _col1, _col2, _col3, _col4
                      Statistics: Num rows: 750 Data size: 151500 Basic stats: COMPLETE Column stats: COMPLETE
                      Reduce Output Operator
                        key expressions: _col0 (type: string), _col1 (type: string), _col2 (type: bigint)
                        null sort order: zzz
                        sort order: +++
                        Map-reduce partition columns: _col0 (type: string), _col1 (type: string), _col2 (type: bigint)
                        Statistics: Num rows: 750 Data size: 151500 Basic stats: COMPLETE Column stats: COMPLETE
                        value expressions: _col3 (type: double), _col4 (type: bigint)
            Execution mode: vectorized, llap
            LLAP IO: all inputs
        Reducer 2 
            Execution mode: vectorized, llap
            Reduce Operator Tree:
              Group By Operator
                aggregations: sum(VALUE._col0), count(VALUE._col1)
                keys: KEY._col0 (type: string), KEY._col1 (type: string), KEY._col2 (type: bigint)
                mode: mergepartial
                outputColumnNames: _col0, _col1, _col3, _col4
                Statistics: Num rows: 750 Data size: 151500 Basic stats: COMPLETE Column stats: COMPLETE
                pruneGroupingSetId: true
                Top N Key Operator
                  sort order: ++
                  keys: _col1 (type: string), _col0 (type: string)
                  null sort order: zz
                  Statistics: Num rows: 750 Data size: 151500 Basic stats: COMPLETE Column stats: COMPLETE
                  top n: 20
                  Select Operator
                    expressions: _col1 (type: string), _col0 (type: string), (_col3 / _col4) (type: double)
                    outputColumnNames: _col0, _col1, _col2
                    Statistics: Num rows: 750 Data size: 139500 Basic stats: COMPLETE Column stats: COMPLETE
                    Reduce Output Operator
                      key expressions: _col0 (type: string), _col1 (type: string)
                      null sort order: zz
                      sort order: ++
                      Statistics: Num rows: 750 Data size: 139500 Basic stats: COMPLETE Column stats: COMPLETE
                      value expressions: _col2 (type: double)
        Reducer 3 
            Execution mode: vectorized, llap
            Reduce Operator Tree:
              Select Operator
                expressions: KEY.reducesinkkey0 (type: string), KEY.reducesinkkey1 (type: string), VALUE._col0 (type: double)
                outputColumnNames: _col0, _col1, _col2
                Statistics: Num rows: 750 Data size: 139500 Basic stats: COMPLETE Column stats: COMPLETE
                Limit
                  Number of rows: 20
                  Statistics: Num rows: 20 Data size: 3720 Basic stats: COMPLETE Column stats: COMPLETE
                  File Output Operator
                    compressed: false
                    Statistics: Num rows: 20 Data size: 3720 Basic stats: COMPLETE Column stats: COMPLETE
                    table:
                        input format: org.apache.hadoop.mapred.SequenceFileInputFormat
                        output format: org.apache.hadoop.hive.ql.io.HiveSequenceFileOutputFormat
                        serde: org.apache.hadoop.hive.serde2.lazy.LazySimpleSerDe

  Stage: Stage-0
    Fetch Operator
      limit: 20
      Processor Tree:
        ListSink

PREHOOK: query: explain
select key, value, avg(key + 1) from src
group by rollup(value, key)
order by key, value limit 20
PREHOOK: type: QUERY
PREHOOK: Input: default@src
#### A masked pattern was here ####
POSTHOOK: query: explain
select key, value, avg(key + 1) from src
group by rollup(value, key)
order by key, value limit 20
POSTHOOK: type: QUERY
POSTHOOK: Input: default@src
#### A masked pattern was here ####
STAGE DEPENDENCIES:
  Stage-1 is a root stage
  Stage-0 depends on stages: Stage-1

STAGE PLANS:
  Stage: Stage-1
    Tez
#### A masked pattern was here ####
      Edges:
        Reducer 2 <- Map 1 (SIMPLE_EDGE)
        Reducer 3 <- Reducer 2 (SIMPLE_EDGE)
#### A masked pattern was here ####
      Vertices:
        Map 1 
            Map Operator Tree:
                TableScan
                  alias: src
                  Statistics: Num rows: 500 Data size: 89000 Basic stats: COMPLETE Column stats: COMPLETE
                  Select Operator
                    expressions: value (type: string), key (type: string), (UDFToDouble(key) + 1.0D) (type: double)
                    outputColumnNames: _col0, _col1, _col2
                    Statistics: Num rows: 500 Data size: 89000 Basic stats: COMPLETE Column stats: COMPLETE
                    Group By Operator
                      aggregations: sum(_col2), count(_col2)
                      keys: _col0 (type: string), _col1 (type: string), 0L (type: bigint)
                      grouping sets: 0, 1, 3
                      minReductionHashAggr: 0.4
                      mode: hash
                      outputColumnNames: _col0, _col1, _col2, _col3, _col4
                      Statistics: Num rows: 750 Data size: 151500 Basic stats: COMPLETE Column stats: COMPLETE
                      Reduce Output Operator
                        key expressions: _col0 (type: string), _col1 (type: string), _col2 (type: bigint)
                        null sort order: zzz
                        sort order: +++
                        Map-reduce partition columns: _col0 (type: string), _col1 (type: string), _col2 (type: bigint)
                        Statistics: Num rows: 750 Data size: 151500 Basic stats: COMPLETE Column stats: COMPLETE
                        value expressions: _col3 (type: double), _col4 (type: bigint)
            Execution mode: vectorized, llap
            LLAP IO: all inputs
        Reducer 2 
            Execution mode: vectorized, llap
            Reduce Operator Tree:
              Group By Operator
                aggregations: sum(VALUE._col0), count(VALUE._col1)
                keys: KEY._col0 (type: string), KEY._col1 (type: string), KEY._col2 (type: bigint)
                mode: mergepartial
                outputColumnNames: _col0, _col1, _col3, _col4
                Statistics: Num rows: 750 Data size: 151500 Basic stats: COMPLETE Column stats: COMPLETE
                pruneGroupingSetId: true
                Top N Key Operator
                  sort order: ++
                  keys: _col1 (type: string), _col0 (type: string)
                  null sort order: zz
                  Statistics: Num rows: 750 Data size: 151500 Basic stats: COMPLETE Column stats: COMPLETE
                  top n: 20
                  Select Operator
                    expressions: _col1 (type: string), _col0 (type: string), (_col3 / _col4) (type: double)
                    outputColumnNames: _col0, _col1, _col2
                    Statistics: Num rows: 750 Data size: 139500 Basic stats: COMPLETE Column stats: COMPLETE
                    Reduce Output Operator
                      key expressions: _col0 (type: string), _col1 (type: string)
                      null sort order: zz
                      sort order: ++
                      Statistics: Num rows: 750 Data size: 139500 Basic stats: COMPLETE Column stats: COMPLETE
                      value expressions: _col2 (type: double)
        Reducer 3 
            Execution mode: vectorized, llap
            Reduce Operator Tree:
              Select Operator
                expressions: KEY.reducesinkkey0 (type: string), KEY.reducesinkkey1 (type: string), VALUE._col0 (type: double)
                outputColumnNames: _col0, _col1, _col2
                Statistics: Num rows: 750 Data size: 139500 Basic stats: COMPLETE Column stats: COMPLETE
                Limit
                  Number of rows: 20
                  Statistics: Num rows: 20 Data size: 3720 Basic stats: COMPLETE Column stats: COMPLETE
                  File Output Operator
                    compressed: false
                    Statistics: Num rows: 20 Data size: 3720 Basic stats: COMPLETE Column stats: COMPLETE
                    table:
                        input format: org.apache.hadoop.mapred.SequenceFileInputFormat
                        output format: org.apache.hadoop.hive.ql.io.HiveSequenceFileOutputFormat
                        serde: org.apache.hadoop.hive.serde2.lazy.LazySimpleSerDe

  Stage: Stage-0
    Fetch Operator
      limit: 20
      Processor Tree:
        ListSink

PREHOOK: query: select key, value, avg(key + 1) from src
group by value, key with rollup
order by key, value limit 20
PREHOOK: type: QUERY
PREHOOK: Input: default@src
#### A masked pattern was here ####
POSTHOOK: query: select key, value, avg(key + 1) from src
group by value, key with rollup
order by key, value limit 20
POSTHOOK: type: QUERY
POSTHOOK: Input: default@src
#### A masked pattern was here ####
0	val_0	1.0
10	val_10	11.0
100	val_100	101.0
103	val_103	104.0
104	val_104	105.0
105	val_105	106.0
11	val_11	12.0
111	val_111	112.0
113	val_113	114.0
114	val_114	115.0
116	val_116	117.0
118	val_118	119.0
119	val_119	120.0
12	val_12	13.0
120	val_120	121.0
125	val_125	126.0
126	val_126	127.0
128	val_128	129.0
129	val_129	130.0
131	val_131	132.0
