PREHOOK: query: CREATE TABLE dest_l1(key INT, value STRING) STORED AS TEXTFILE
PREHOOK: type: CREATETABLE
PREHOOK: Output: database:default
PREHOOK: Output: default@dest_l1
POSTHOOK: query: CREATE TABLE dest_l1(key INT, value STRING) STORED AS TEXTFILE
POSTHOOK: type: CREATETABLE
POSTHOOK: Output: database:default
POSTHOOK: Output: default@dest_l1
PREHOOK: query: EXPLAIN
INSERT OVERWRITE TABLE dest_l1
SELECT j.*
FROM (SELECT t1.key, p1.value 
      FROM src1 t1 
      LEFT OUTER JOIN src p1
      ON (t1.key = p1.key)
      UNION ALL
      SELECT t2.key, p2.value
      FROM src1 t2
      LEFT OUTER JOIN src p2
      ON (t2.key = p2.key)) j
PREHOOK: type: QUERY
PREHOOK: Input: default@src
PREHOOK: Input: default@src1
PREHOOK: Output: default@dest_l1
POSTHOOK: query: EXPLAIN
INSERT OVERWRITE TABLE dest_l1
SELECT j.*
FROM (SELECT t1.key, p1.value 
      FROM src1 t1 
      LEFT OUTER JOIN src p1
      ON (t1.key = p1.key)
      UNION ALL
      SELECT t2.key, p2.value
      FROM src1 t2
      LEFT OUTER JOIN src p2
      ON (t2.key = p2.key)) j
POSTHOOK: type: QUERY
POSTHOOK: Input: default@src
POSTHOOK: Input: default@src1
POSTHOOK: Output: default@dest_l1
STAGE DEPENDENCIES:
  Stage-1 is a root stage
  Stage-2 depends on stages: Stage-1
  Stage-0 depends on stages: Stage-2
  Stage-3 depends on stages: Stage-0

STAGE PLANS:
  Stage: Stage-1
    Tez
#### A masked pattern was here ####
      Edges:
        Reducer 2 <- Map 1 (SIMPLE_EDGE), Map 5 (SIMPLE_EDGE), Union 3 (CONTAINS)
        Reducer 4 <- Union 3 (CUSTOM_SIMPLE_EDGE)
        Reducer 7 <- Map 6 (SIMPLE_EDGE), Map 8 (SIMPLE_EDGE), Union 3 (CONTAINS)
#### A masked pattern was here ####
      Vertices:
        Map 1 
            Map Operator Tree:
                TableScan
                  alias: p1
                  filterExpr: key is not null (type: boolean)
                  Statistics: Num rows: 500 Data size: 89000 Basic stats: COMPLETE Column stats: COMPLETE
                  Filter Operator
                    predicate: key is not null (type: boolean)
                    Statistics: Num rows: 500 Data size: 89000 Basic stats: COMPLETE Column stats: COMPLETE
                    Select Operator
                      expressions: key (type: string), value (type: string)
                      outputColumnNames: _col0, _col1
                      Statistics: Num rows: 500 Data size: 89000 Basic stats: COMPLETE Column stats: COMPLETE
                      Reduce Output Operator
                        key expressions: _col0 (type: string)
                        null sort order: z
                        sort order: +
                        Map-reduce partition columns: _col0 (type: string)
                        Statistics: Num rows: 500 Data size: 89000 Basic stats: COMPLETE Column stats: COMPLETE
                        value expressions: _col1 (type: string)
            Execution mode: llap
            LLAP IO: all inputs
        Map 5 
            Map Operator Tree:
                TableScan
                  alias: t1
                  Statistics: Num rows: 25 Data size: 2150 Basic stats: COMPLETE Column stats: COMPLETE
                  Select Operator
                    expressions: key (type: string)
                    outputColumnNames: _col0
                    Statistics: Num rows: 25 Data size: 2150 Basic stats: COMPLETE Column stats: COMPLETE
                    Reduce Output Operator
                      key expressions: _col0 (type: string)
                      null sort order: z
                      sort order: +
                      Map-reduce partition columns: _col0 (type: string)
                      Statistics: Num rows: 25 Data size: 2150 Basic stats: COMPLETE Column stats: COMPLETE
            Execution mode: llap
            LLAP IO: all inputs
        Map 6 
            Map Operator Tree:
                TableScan
                  alias: p2
                  filterExpr: key is not null (type: boolean)
                  Statistics: Num rows: 500 Data size: 89000 Basic stats: COMPLETE Column stats: COMPLETE
                  Filter Operator
                    predicate: key is not null (type: boolean)
                    Statistics: Num rows: 500 Data size: 89000 Basic stats: COMPLETE Column stats: COMPLETE
                    Select Operator
                      expressions: key (type: string), value (type: string)
                      outputColumnNames: _col0, _col1
                      Statistics: Num rows: 500 Data size: 89000 Basic stats: COMPLETE Column stats: COMPLETE
                      Reduce Output Operator
                        key expressions: _col0 (type: string)
                        null sort order: z
                        sort order: +
                        Map-reduce partition columns: _col0 (type: string)
                        Statistics: Num rows: 500 Data size: 89000 Basic stats: COMPLETE Column stats: COMPLETE
                        value expressions: _col1 (type: string)
            Execution mode: llap
            LLAP IO: all inputs
        Map 8 
            Map Operator Tree:
                TableScan
                  alias: t2
                  Statistics: Num rows: 25 Data size: 2150 Basic stats: COMPLETE Column stats: COMPLETE
                  Select Operator
                    expressions: key (type: string)
                    outputColumnNames: _col0
                    Statistics: Num rows: 25 Data size: 2150 Basic stats: COMPLETE Column stats: COMPLETE
                    Reduce Output Operator
                      key expressions: _col0 (type: string)
                      null sort order: z
                      sort order: +
                      Map-reduce partition columns: _col0 (type: string)
                      Statistics: Num rows: 25 Data size: 2150 Basic stats: COMPLETE Column stats: COMPLETE
            Execution mode: llap
            LLAP IO: all inputs
        Reducer 2 
            Execution mode: llap
            Reduce Operator Tree:
              Merge Join Operator
                condition map:
                     Right Outer Join 0 to 1
                keys:
                  0 _col0 (type: string)
                  1 _col0 (type: string)
                outputColumnNames: _col1, _col2
                Statistics: Num rows: 64 Data size: 9144 Basic stats: COMPLETE Column stats: COMPLETE
                Select Operator
                  expressions: _col2 (type: string), _col1 (type: string)
                  outputColumnNames: _col0, _col1
                  Statistics: Num rows: 64 Data size: 9144 Basic stats: COMPLETE Column stats: COMPLETE
                  Select Operator
                    expressions: UDFToInteger(_col0) (type: int), _col1 (type: string)
                    outputColumnNames: _col0, _col1
                    Statistics: Num rows: 128 Data size: 5426 Basic stats: COMPLETE Column stats: COMPLETE
                    File Output Operator
                      compressed: false
                      Statistics: Num rows: 128 Data size: 5426 Basic stats: COMPLETE Column stats: COMPLETE
                      table:
                          input format: org.apache.hadoop.mapred.TextInputFormat
                          output format: org.apache.hadoop.hive.ql.io.HiveIgnoreKeyTextOutputFormat
                          serde: org.apache.hadoop.hive.serde2.lazy.LazySimpleSerDe
                          name: default.dest_l1
                    Select Operator
                      expressions: _col0 (type: int), _col1 (type: string)
                      outputColumnNames: key, value
                      Statistics: Num rows: 128 Data size: 5426 Basic stats: COMPLETE Column stats: COMPLETE
                      Group By Operator
                        aggregations: min(key), max(key), count(1), count(key), compute_bit_vector_hll(key), max(length(value)), avg(COALESCE(length(value),0)), count(value), compute_bit_vector_hll(value)
                        minReductionHashAggr: 0.99
                        mode: hash
                        outputColumnNames: _col0, _col1, _col2, _col3, _col4, _col5, _col6, _col7, _col8
                        Statistics: Num rows: 1 Data size: 400 Basic stats: COMPLETE Column stats: COMPLETE
                        Reduce Output Operator
                          null sort order: 
                          sort order: 
                          Statistics: Num rows: 1 Data size: 400 Basic stats: COMPLETE Column stats: COMPLETE
                          value expressions: _col0 (type: int), _col1 (type: int), _col2 (type: bigint), _col3 (type: bigint), _col4 (type: binary), _col5 (type: int), _col6 (type: struct<count:bigint,sum:double,input:int>), _col7 (type: bigint), _col8 (type: binary)
        Reducer 4 
            Execution mode: llap
            Reduce Operator Tree:
              Group By Operator
                aggregations: min(VALUE._col0), max(VALUE._col1), count(VALUE._col2), count(VALUE._col3), compute_bit_vector_hll(VALUE._col4), max(VALUE._col5), avg(VALUE._col6), count(VALUE._col7), compute_bit_vector_hll(VALUE._col8)
                mode: mergepartial
                outputColumnNames: _col0, _col1, _col2, _col3, _col4, _col5, _col6, _col7, _col8
                Statistics: Num rows: 1 Data size: 332 Basic stats: COMPLETE Column stats: COMPLETE
                Select Operator
                  expressions: 'LONG' (type: string), UDFToLong(_col0) (type: bigint), UDFToLong(_col1) (type: bigint), (_col2 - _col3) (type: bigint), COALESCE(ndv_compute_bit_vector(_col4),0) (type: bigint), _col4 (type: binary), 'STRING' (type: string), UDFToLong(COALESCE(_col5,0)) (type: bigint), COALESCE(_col6,0) (type: double), (_col2 - _col7) (type: bigint), COALESCE(ndv_compute_bit_vector(_col8),0) (type: bigint), _col8 (type: binary)
                  outputColumnNames: _col0, _col1, _col2, _col3, _col4, _col5, _col6, _col7, _col8, _col9, _col10, _col11
                  Statistics: Num rows: 1 Data size: 530 Basic stats: COMPLETE Column stats: COMPLETE
                  File Output Operator
                    compressed: false
                    Statistics: Num rows: 1 Data size: 530 Basic stats: COMPLETE Column stats: COMPLETE
                    table:
                        input format: org.apache.hadoop.mapred.SequenceFileInputFormat
                        output format: org.apache.hadoop.hive.ql.io.HiveSequenceFileOutputFormat
                        serde: org.apache.hadoop.hive.serde2.lazy.LazySimpleSerDe
        Reducer 7 
            Execution mode: llap
            Reduce Operator Tree:
              Merge Join Operator
                condition map:
                     Right Outer Join 0 to 1
                keys:
                  0 _col0 (type: string)
                  1 _col0 (type: string)
                outputColumnNames: _col1, _col2
                Statistics: Num rows: 64 Data size: 9144 Basic stats: COMPLETE Column stats: COMPLETE
                Select Operator
                  expressions: _col2 (type: string), _col1 (type: string)
                  outputColumnNames: _col0, _col1
                  Statistics: Num rows: 64 Data size: 9144 Basic stats: COMPLETE Column stats: COMPLETE
                  Select Operator
                    expressions: UDFToInteger(_col0) (type: int), _col1 (type: string)
                    outputColumnNames: _col0, _col1
                    Statistics: Num rows: 128 Data size: 5426 Basic stats: COMPLETE Column stats: COMPLETE
                    File Output Operator
                      compressed: false
                      Statistics: Num rows: 128 Data size: 5426 Basic stats: COMPLETE Column stats: COMPLETE
                      table:
                          input format: org.apache.hadoop.mapred.TextInputFormat
                          output format: org.apache.hadoop.hive.ql.io.HiveIgnoreKeyTextOutputFormat
                          serde: org.apache.hadoop.hive.serde2.lazy.LazySimpleSerDe
                          name: default.dest_l1
                    Select Operator
                      expressions: _col0 (type: int), _col1 (type: string)
                      outputColumnNames: key, value
                      Statistics: Num rows: 128 Data size: 5426 Basic stats: COMPLETE Column stats: COMPLETE
                      Group By Operator
                        aggregations: min(key), max(key), count(1), count(key), compute_bit_vector_hll(key), max(length(value)), avg(COALESCE(length(value),0)), count(value), compute_bit_vector_hll(value)
                        minReductionHashAggr: 0.99
                        mode: hash
                        outputColumnNames: _col0, _col1, _col2, _col3, _col4, _col5, _col6, _col7, _col8
                        Statistics: Num rows: 1 Data size: 400 Basic stats: COMPLETE Column stats: COMPLETE
                        Reduce Output Operator
                          null sort order: 
                          sort order: 
                          Statistics: Num rows: 1 Data size: 400 Basic stats: COMPLETE Column stats: COMPLETE
                          value expressions: _col0 (type: int), _col1 (type: int), _col2 (type: bigint), _col3 (type: bigint), _col4 (type: binary), _col5 (type: int), _col6 (type: struct<count:bigint,sum:double,input:int>), _col7 (type: bigint), _col8 (type: binary)
        Union 3 
            Vertex: Union 3

  Stage: Stage-2
    Dependency Collection

  Stage: Stage-0
    Move Operator
      tables:
          replace: true
          table:
              input format: org.apache.hadoop.mapred.TextInputFormat
              output format: org.apache.hadoop.hive.ql.io.HiveIgnoreKeyTextOutputFormat
              serde: org.apache.hadoop.hive.serde2.lazy.LazySimpleSerDe
              name: default.dest_l1

  Stage: Stage-3
    Stats Work
      Basic Stats Work:
      Column Stats Desc:
          Columns: key, value
          Column Types: int, string
          Table: default.dest_l1

PREHOOK: query: INSERT OVERWRITE TABLE dest_l1
SELECT j.*
FROM (SELECT t1.key, p1.value
      FROM src1 t1
      LEFT OUTER JOIN src p1
      ON (t1.key = p1.key)
      UNION ALL
      SELECT t2.key, p2.value
      FROM src1 t2
      LEFT OUTER JOIN src p2
      ON (t2.key = p2.key)) j
PREHOOK: type: QUERY
PREHOOK: Input: default@src
PREHOOK: Input: default@src1
PREHOOK: Output: default@dest_l1
POSTHOOK: query: INSERT OVERWRITE TABLE dest_l1
SELECT j.*
FROM (SELECT t1.key, p1.value
      FROM src1 t1
      LEFT OUTER JOIN src p1
      ON (t1.key = p1.key)
      UNION ALL
      SELECT t2.key, p2.value
      FROM src1 t2
      LEFT OUTER JOIN src p2
      ON (t2.key = p2.key)) j
POSTHOOK: type: QUERY
POSTHOOK: Input: default@src
POSTHOOK: Input: default@src1
POSTHOOK: Output: default@dest_l1
POSTHOOK: Lineage: dest_l1.key EXPRESSION [(src1)t1.FieldSchema(name:key, type:string, comment:default), (src1)t2.FieldSchema(name:key, type:string, comment:default), ]
POSTHOOK: Lineage: dest_l1.value EXPRESSION [(src)p1.FieldSchema(name:value, type:string, comment:default), (src)p2.FieldSchema(name:value, type:string, comment:default), ]
