PREHOOK: query: create table srcpart_date (key string, value string) partitioned by (ds string ) stored as ORC
PREHOOK: type: CREATETABLE
PREHOOK: Output: database:default
PREHOOK: Output: default@srcpart_date
POSTHOOK: query: create table srcpart_date (key string, value string) partitioned by (ds string ) stored as ORC
POSTHOOK: type: CREATETABLE
POSTHOOK: Output: database:default
POSTHOOK: Output: default@srcpart_date
PREHOOK: query: CREATE TABLE srcpart_small(key1 STRING, value1 STRING) partitioned by (ds string) STORED as ORC
PREHOOK: type: CREATETABLE
PREHOOK: Output: database:default
PREHOOK: Output: default@srcpart_small
POSTHOOK: query: CREATE TABLE srcpart_small(key1 STRING, value1 STRING) partitioned by (ds string) STORED as ORC
POSTHOOK: type: CREATETABLE
POSTHOOK: Output: database:default
POSTHOOK: Output: default@srcpart_small
PREHOOK: query: alter table srcpart_date add partition (ds = "2008-04-08")
PREHOOK: type: ALTERTABLE_ADDPARTS
PREHOOK: Output: default@srcpart_date
POSTHOOK: query: alter table srcpart_date add partition (ds = "2008-04-08")
POSTHOOK: type: ALTERTABLE_ADDPARTS
POSTHOOK: Output: default@srcpart_date
POSTHOOK: Output: default@srcpart_date@ds=2008-04-08
PREHOOK: query: alter table srcpart_date add partition (ds = "2008-04-09")
PREHOOK: type: ALTERTABLE_ADDPARTS
PREHOOK: Output: default@srcpart_date
POSTHOOK: query: alter table srcpart_date add partition (ds = "2008-04-09")
POSTHOOK: type: ALTERTABLE_ADDPARTS
POSTHOOK: Output: default@srcpart_date
POSTHOOK: Output: default@srcpart_date@ds=2008-04-09
PREHOOK: query: alter table srcpart_small add partition (ds = "2008-04-08")
PREHOOK: type: ALTERTABLE_ADDPARTS
PREHOOK: Output: default@srcpart_small
POSTHOOK: query: alter table srcpart_small add partition (ds = "2008-04-08")
POSTHOOK: type: ALTERTABLE_ADDPARTS
POSTHOOK: Output: default@srcpart_small
POSTHOOK: Output: default@srcpart_small@ds=2008-04-08
PREHOOK: query: alter table srcpart_small add partition (ds = "2008-04-09")
PREHOOK: type: ALTERTABLE_ADDPARTS
PREHOOK: Output: default@srcpart_small
POSTHOOK: query: alter table srcpart_small add partition (ds = "2008-04-09")
POSTHOOK: type: ALTERTABLE_ADDPARTS
POSTHOOK: Output: default@srcpart_small
POSTHOOK: Output: default@srcpart_small@ds=2008-04-09
PREHOOK: query: insert overwrite table srcpart_date partition (ds = "2008-04-08" ) select key, value from srcpart where ds = "2008-04-08"
PREHOOK: type: QUERY
PREHOOK: Input: default@srcpart
PREHOOK: Input: default@srcpart@ds=2008-04-08/hr=11
PREHOOK: Input: default@srcpart@ds=2008-04-08/hr=12
PREHOOK: Output: default@srcpart_date@ds=2008-04-08
POSTHOOK: query: insert overwrite table srcpart_date partition (ds = "2008-04-08" ) select key, value from srcpart where ds = "2008-04-08"
POSTHOOK: type: QUERY
POSTHOOK: Input: default@srcpart
POSTHOOK: Input: default@srcpart@ds=2008-04-08/hr=11
POSTHOOK: Input: default@srcpart@ds=2008-04-08/hr=12
POSTHOOK: Output: default@srcpart_date@ds=2008-04-08
POSTHOOK: Lineage: srcpart_date PARTITION(ds=2008-04-08).key SIMPLE [(srcpart)srcpart.FieldSchema(name:key, type:string, comment:default), ]
POSTHOOK: Lineage: srcpart_date PARTITION(ds=2008-04-08).value SIMPLE [(srcpart)srcpart.FieldSchema(name:value, type:string, comment:default), ]
PREHOOK: query: insert overwrite table srcpart_date partition (ds = "2008-04-09") select key, value from srcpart where ds = "2008-04-09"
PREHOOK: type: QUERY
PREHOOK: Input: default@srcpart
PREHOOK: Input: default@srcpart@ds=2008-04-09/hr=11
PREHOOK: Input: default@srcpart@ds=2008-04-09/hr=12
PREHOOK: Output: default@srcpart_date@ds=2008-04-09
POSTHOOK: query: insert overwrite table srcpart_date partition (ds = "2008-04-09") select key, value from srcpart where ds = "2008-04-09"
POSTHOOK: type: QUERY
POSTHOOK: Input: default@srcpart
POSTHOOK: Input: default@srcpart@ds=2008-04-09/hr=11
POSTHOOK: Input: default@srcpart@ds=2008-04-09/hr=12
POSTHOOK: Output: default@srcpart_date@ds=2008-04-09
POSTHOOK: Lineage: srcpart_date PARTITION(ds=2008-04-09).key SIMPLE [(srcpart)srcpart.FieldSchema(name:key, type:string, comment:default), ]
POSTHOOK: Lineage: srcpart_date PARTITION(ds=2008-04-09).value SIMPLE [(srcpart)srcpart.FieldSchema(name:value, type:string, comment:default), ]
PREHOOK: query: insert overwrite table srcpart_small partition (ds = "2008-04-09") select key, value from srcpart where ds = "2008-04-09" limit 20
PREHOOK: type: QUERY
PREHOOK: Input: default@srcpart
PREHOOK: Input: default@srcpart@ds=2008-04-09/hr=11
PREHOOK: Input: default@srcpart@ds=2008-04-09/hr=12
PREHOOK: Output: default@srcpart_small@ds=2008-04-09
POSTHOOK: query: insert overwrite table srcpart_small partition (ds = "2008-04-09") select key, value from srcpart where ds = "2008-04-09" limit 20
POSTHOOK: type: QUERY
POSTHOOK: Input: default@srcpart
POSTHOOK: Input: default@srcpart@ds=2008-04-09/hr=11
POSTHOOK: Input: default@srcpart@ds=2008-04-09/hr=12
POSTHOOK: Output: default@srcpart_small@ds=2008-04-09
POSTHOOK: Lineage: srcpart_small PARTITION(ds=2008-04-09).key1 SIMPLE [(srcpart)srcpart.FieldSchema(name:key, type:string, comment:default), ]
POSTHOOK: Lineage: srcpart_small PARTITION(ds=2008-04-09).value1 SIMPLE [(srcpart)srcpart.FieldSchema(name:value, type:string, comment:default), ]
PREHOOK: query: analyze table srcpart_date compute statistics for columns
PREHOOK: type: QUERY
PREHOOK: Input: default@srcpart_date
PREHOOK: Input: default@srcpart_date@ds=2008-04-08
PREHOOK: Input: default@srcpart_date@ds=2008-04-09
PREHOOK: Output: default@srcpart_date
PREHOOK: Output: default@srcpart_date@ds=2008-04-08
PREHOOK: Output: default@srcpart_date@ds=2008-04-09
#### A masked pattern was here ####
POSTHOOK: query: analyze table srcpart_date compute statistics for columns
POSTHOOK: type: QUERY
POSTHOOK: Input: default@srcpart_date
POSTHOOK: Input: default@srcpart_date@ds=2008-04-08
POSTHOOK: Input: default@srcpart_date@ds=2008-04-09
POSTHOOK: Output: default@srcpart_date
POSTHOOK: Output: default@srcpart_date@ds=2008-04-08
POSTHOOK: Output: default@srcpart_date@ds=2008-04-09
#### A masked pattern was here ####
PREHOOK: query: analyze table srcpart_small compute statistics for columns
PREHOOK: type: QUERY
PREHOOK: Input: default@srcpart_small
PREHOOK: Input: default@srcpart_small@ds=2008-04-08
PREHOOK: Input: default@srcpart_small@ds=2008-04-09
PREHOOK: Output: default@srcpart_small
PREHOOK: Output: default@srcpart_small@ds=2008-04-08
PREHOOK: Output: default@srcpart_small@ds=2008-04-09
#### A masked pattern was here ####
POSTHOOK: query: analyze table srcpart_small compute statistics for columns
POSTHOOK: type: QUERY
POSTHOOK: Input: default@srcpart_small
POSTHOOK: Input: default@srcpart_small@ds=2008-04-08
POSTHOOK: Input: default@srcpart_small@ds=2008-04-09
POSTHOOK: Output: default@srcpart_small
POSTHOOK: Output: default@srcpart_small@ds=2008-04-08
POSTHOOK: Output: default@srcpart_small@ds=2008-04-09
#### A masked pattern was here ####
PREHOOK: query: EXPLAIN select /*+ mapjoin(None)*/ count(*) from srcpart_date join srcpart_small on (srcpart_date.key = srcpart_small.key1)
PREHOOK: type: QUERY
POSTHOOK: query: EXPLAIN select /*+ mapjoin(None)*/ count(*) from srcpart_date join srcpart_small on (srcpart_date.key = srcpart_small.key1)
POSTHOOK: type: QUERY
STAGE DEPENDENCIES:
  Stage-1 is a root stage
  Stage-0 depends on stages: Stage-1

STAGE PLANS:
  Stage: Stage-1
    Tez
#### A masked pattern was here ####
      Edges:
        Map 1 <- Reducer 5 (BROADCAST_EDGE)
        Reducer 2 <- Map 1 (SIMPLE_EDGE), Map 4 (SIMPLE_EDGE)
        Reducer 3 <- Reducer 2 (CUSTOM_SIMPLE_EDGE)
        Reducer 5 <- Map 4 (CUSTOM_SIMPLE_EDGE)
#### A masked pattern was here ####
      Vertices:
        Map 1 
            Map Operator Tree:
                TableScan
                  alias: srcpart_date
                  filterExpr: (key is not null and (key BETWEEN DynamicValue(RS_7_srcpart_small_key1_min) AND DynamicValue(RS_7_srcpart_small_key1_max) and in_bloom_filter(key, DynamicValue(RS_7_srcpart_small_key1_bloom_filter)))) (type: boolean)
                  Statistics: Num rows: 2000 Data size: 174000 Basic stats: COMPLETE Column stats: COMPLETE
                  Filter Operator
                    predicate: ((key BETWEEN DynamicValue(RS_7_srcpart_small_key1_min) AND DynamicValue(RS_7_srcpart_small_key1_max) and in_bloom_filter(key, DynamicValue(RS_7_srcpart_small_key1_bloom_filter))) and key is not null) (type: boolean)
                    Statistics: Num rows: 2000 Data size: 174000 Basic stats: COMPLETE Column stats: COMPLETE
                    Select Operator
                      expressions: key (type: string)
                      outputColumnNames: _col0
                      Statistics: Num rows: 2000 Data size: 174000 Basic stats: COMPLETE Column stats: COMPLETE
                      Reduce Output Operator
                        key expressions: _col0 (type: string)
                        sort order: +
                        Map-reduce partition columns: _col0 (type: string)
                        Statistics: Num rows: 2000 Data size: 174000 Basic stats: COMPLETE Column stats: COMPLETE
            Execution mode: vectorized, llap
            LLAP IO: all inputs
        Map 4 
            Map Operator Tree:
                TableScan
                  alias: srcpart_small
                  filterExpr: key1 is not null (type: boolean)
                  Statistics: Num rows: 20 Data size: 1740 Basic stats: PARTIAL Column stats: PARTIAL
                  Filter Operator
                    predicate: key1 is not null (type: boolean)
                    Statistics: Num rows: 20 Data size: 1740 Basic stats: PARTIAL Column stats: PARTIAL
                    Select Operator
                      expressions: key1 (type: string)
                      outputColumnNames: _col0
                      Statistics: Num rows: 20 Data size: 1740 Basic stats: PARTIAL Column stats: PARTIAL
                      Reduce Output Operator
                        key expressions: _col0 (type: string)
                        sort order: +
                        Map-reduce partition columns: _col0 (type: string)
                        Statistics: Num rows: 20 Data size: 1740 Basic stats: PARTIAL Column stats: PARTIAL
                      Select Operator
                        expressions: _col0 (type: string)
                        outputColumnNames: _col0
                        Statistics: Num rows: 20 Data size: 1740 Basic stats: PARTIAL Column stats: PARTIAL
                        Group By Operator
                          aggregations: min(_col0), max(_col0), bloom_filter(_col0, expectedEntries=20)
                          mode: hash
                          outputColumnNames: _col0, _col1, _col2
                          Statistics: Num rows: 1 Data size: 639 Basic stats: PARTIAL Column stats: PARTIAL
                          Reduce Output Operator
                            sort order: 
                            Statistics: Num rows: 1 Data size: 639 Basic stats: PARTIAL Column stats: PARTIAL
                            value expressions: _col0 (type: string), _col1 (type: string), _col2 (type: binary)
            Execution mode: vectorized, llap
            LLAP IO: all inputs
        Reducer 2 
            Execution mode: llap
            Reduce Operator Tree:
              Merge Join Operator
                condition map:
                     Inner Join 0 to 1
                keys:
                  0 _col0 (type: string)
                  1 _col0 (type: string)
                Statistics: Num rows: 2200 Data size: 191400 Basic stats: PARTIAL Column stats: NONE
                Group By Operator
                  aggregations: count()
                  mode: hash
                  outputColumnNames: _col0
                  Statistics: Num rows: 1 Data size: 8 Basic stats: PARTIAL Column stats: NONE
                  Reduce Output Operator
                    sort order: 
                    Statistics: Num rows: 1 Data size: 8 Basic stats: PARTIAL Column stats: NONE
                    value expressions: _col0 (type: bigint)
        Reducer 3 
            Execution mode: vectorized, llap
            Reduce Operator Tree:
              Group By Operator
                aggregations: count(VALUE._col0)
                mode: mergepartial
                outputColumnNames: _col0
                Statistics: Num rows: 1 Data size: 8 Basic stats: PARTIAL Column stats: NONE
                File Output Operator
                  compressed: false
                  Statistics: Num rows: 1 Data size: 8 Basic stats: PARTIAL Column stats: NONE
                  table:
                      input format: org.apache.hadoop.mapred.SequenceFileInputFormat
                      output format: org.apache.hadoop.hive.ql.io.HiveSequenceFileOutputFormat
                      serde: org.apache.hadoop.hive.serde2.lazy.LazySimpleSerDe
        Reducer 5 
            Execution mode: vectorized, llap
            Reduce Operator Tree:
              Group By Operator
                aggregations: min(VALUE._col0), max(VALUE._col1), bloom_filter(VALUE._col2, expectedEntries=20)
                mode: final
                outputColumnNames: _col0, _col1, _col2
                Statistics: Num rows: 1 Data size: 639 Basic stats: PARTIAL Column stats: PARTIAL
                Reduce Output Operator
                  sort order: 
                  Statistics: Num rows: 1 Data size: 639 Basic stats: PARTIAL Column stats: PARTIAL
                  value expressions: _col0 (type: string), _col1 (type: string), _col2 (type: binary)

  Stage: Stage-0
    Fetch Operator
      limit: -1
      Processor Tree:
        ListSink

PREHOOK: query: EXPLAIN select count(*) from srcpart_date join srcpart_small on (srcpart_date.key = srcpart_small.key1)
PREHOOK: type: QUERY
POSTHOOK: query: EXPLAIN select count(*) from srcpart_date join srcpart_small on (srcpart_date.key = srcpart_small.key1)
POSTHOOK: type: QUERY
STAGE DEPENDENCIES:
  Stage-1 is a root stage
  Stage-0 depends on stages: Stage-1

STAGE PLANS:
  Stage: Stage-1
    Tez
#### A masked pattern was here ####
      Edges:
        Map 1 <- Map 3 (BROADCAST_EDGE)
        Reducer 2 <- Map 1 (CUSTOM_SIMPLE_EDGE)
#### A masked pattern was here ####
      Vertices:
        Map 1 
            Map Operator Tree:
                TableScan
                  alias: srcpart_date
                  filterExpr: key is not null (type: boolean)
                  Statistics: Num rows: 2000 Data size: 174000 Basic stats: COMPLETE Column stats: COMPLETE
                  Filter Operator
                    predicate: key is not null (type: boolean)
                    Statistics: Num rows: 2000 Data size: 174000 Basic stats: COMPLETE Column stats: COMPLETE
                    Select Operator
                      expressions: key (type: string)
                      outputColumnNames: _col0
                      Statistics: Num rows: 2000 Data size: 174000 Basic stats: COMPLETE Column stats: COMPLETE
                      Map Join Operator
                        condition map:
                             Inner Join 0 to 1
                        keys:
                          0 _col0 (type: string)
                          1 _col0 (type: string)
                        input vertices:
                          1 Map 3
                        Statistics: Num rows: 2200 Data size: 191400 Basic stats: PARTIAL Column stats: NONE
                        Group By Operator
                          aggregations: count()
                          mode: hash
                          outputColumnNames: _col0
                          Statistics: Num rows: 1 Data size: 8 Basic stats: PARTIAL Column stats: NONE
                          Reduce Output Operator
                            sort order: 
                            Statistics: Num rows: 1 Data size: 8 Basic stats: PARTIAL Column stats: NONE
                            value expressions: _col0 (type: bigint)
            Execution mode: vectorized, llap
            LLAP IO: all inputs
        Map 3 
            Map Operator Tree:
                TableScan
                  alias: srcpart_small
                  filterExpr: key1 is not null (type: boolean)
                  Statistics: Num rows: 20 Data size: 1740 Basic stats: PARTIAL Column stats: PARTIAL
                  Filter Operator
                    predicate: key1 is not null (type: boolean)
                    Statistics: Num rows: 20 Data size: 1740 Basic stats: PARTIAL Column stats: PARTIAL
                    Select Operator
                      expressions: key1 (type: string)
                      outputColumnNames: _col0
                      Statistics: Num rows: 20 Data size: 1740 Basic stats: PARTIAL Column stats: PARTIAL
                      Reduce Output Operator
                        key expressions: _col0 (type: string)
                        sort order: +
                        Map-reduce partition columns: _col0 (type: string)
                        Statistics: Num rows: 20 Data size: 1740 Basic stats: PARTIAL Column stats: PARTIAL
            Execution mode: vectorized, llap
            LLAP IO: all inputs
        Reducer 2 
            Execution mode: vectorized, llap
            Reduce Operator Tree:
              Group By Operator
                aggregations: count(VALUE._col0)
                mode: mergepartial
                outputColumnNames: _col0
                Statistics: Num rows: 1 Data size: 8 Basic stats: PARTIAL Column stats: NONE
                File Output Operator
                  compressed: false
                  Statistics: Num rows: 1 Data size: 8 Basic stats: PARTIAL Column stats: NONE
                  table:
                      input format: org.apache.hadoop.mapred.SequenceFileInputFormat
                      output format: org.apache.hadoop.hive.ql.io.HiveSequenceFileOutputFormat
                      serde: org.apache.hadoop.hive.serde2.lazy.LazySimpleSerDe

  Stage: Stage-0
    Fetch Operator
      limit: -1
      Processor Tree:
        ListSink

PREHOOK: query: create table tnull(i int, c char(2))
PREHOOK: type: CREATETABLE
PREHOOK: Output: database:default
PREHOOK: Output: default@tnull
POSTHOOK: query: create table tnull(i int, c char(2))
POSTHOOK: type: CREATETABLE
POSTHOOK: Output: database:default
POSTHOOK: Output: default@tnull
PREHOOK: query: insert into tnull values(NULL, NULL), (NULL, NULL)
PREHOOK: type: QUERY
PREHOOK: Input: _dummy_database@_dummy_table
PREHOOK: Output: default@tnull
POSTHOOK: query: insert into tnull values(NULL, NULL), (NULL, NULL)
POSTHOOK: type: QUERY
POSTHOOK: Input: _dummy_database@_dummy_table
POSTHOOK: Output: default@tnull
POSTHOOK: Lineage: tnull.c EXPRESSION []
POSTHOOK: Lineage: tnull.i EXPRESSION []
PREHOOK: query: create table tempty(c char(2))
PREHOOK: type: CREATETABLE
PREHOOK: Output: database:default
PREHOOK: Output: default@tempty
POSTHOOK: query: create table tempty(c char(2))
POSTHOOK: type: CREATETABLE
POSTHOOK: Output: database:default
POSTHOOK: Output: default@tempty
PREHOOK: query: CREATE TABLE part_null(
p_partkey INT,
p_name STRING,
p_mfgr STRING,
p_brand STRING,
p_type STRING,
p_size INT,
p_container STRING,
p_retailprice DOUBLE,
p_comment STRING
)
ROW FORMAT DELIMITED FIELDS TERMINATED BY ","
PREHOOK: type: CREATETABLE
PREHOOK: Output: database:default
PREHOOK: Output: default@part_null
POSTHOOK: query: CREATE TABLE part_null(
p_partkey INT,
p_name STRING,
p_mfgr STRING,
p_brand STRING,
p_type STRING,
p_size INT,
p_container STRING,
p_retailprice DOUBLE,
p_comment STRING
)
ROW FORMAT DELIMITED FIELDS TERMINATED BY ","
POSTHOOK: type: CREATETABLE
POSTHOOK: Output: database:default
POSTHOOK: Output: default@part_null
PREHOOK: query: LOAD DATA LOCAL INPATH '../../data/files/part_tiny_nulls.txt' overwrite into table part_null
PREHOOK: type: LOAD
#### A masked pattern was here ####
PREHOOK: Output: default@part_null
POSTHOOK: query: LOAD DATA LOCAL INPATH '../../data/files/part_tiny_nulls.txt' overwrite into table part_null
POSTHOOK: type: LOAD
#### A masked pattern was here ####
POSTHOOK: Output: default@part_null
PREHOOK: query: insert into part_null values(78487,NULL,'Manufacturer#6','Brand#52','LARGE BRUSHED BRASS', 23, 'MED BAG',1464.48,'hely blith')
PREHOOK: type: QUERY
PREHOOK: Input: _dummy_database@_dummy_table
PREHOOK: Output: default@part_null
POSTHOOK: query: insert into part_null values(78487,NULL,'Manufacturer#6','Brand#52','LARGE BRUSHED BRASS', 23, 'MED BAG',1464.48,'hely blith')
POSTHOOK: type: QUERY
POSTHOOK: Input: _dummy_database@_dummy_table
POSTHOOK: Output: default@part_null
POSTHOOK: Lineage: part_null.p_brand SCRIPT []
POSTHOOK: Lineage: part_null.p_comment SCRIPT []
POSTHOOK: Lineage: part_null.p_container SCRIPT []
POSTHOOK: Lineage: part_null.p_mfgr SCRIPT []
POSTHOOK: Lineage: part_null.p_name EXPRESSION []
POSTHOOK: Lineage: part_null.p_partkey SCRIPT []
POSTHOOK: Lineage: part_null.p_retailprice SCRIPT []
POSTHOOK: Lineage: part_null.p_size SCRIPT []
POSTHOOK: Lineage: part_null.p_type SCRIPT []
Warning: Shuffle Join MERGEJOIN[24][tables = [$hdt$_0, $hdt$_1, $hdt$_2]] in Stage 'Reducer 2' is a cross product
PREHOOK: query: explain select /*+ mapjoin(None)*/ * from part where p_name = (select p_name from part_null where p_name is null)
PREHOOK: type: QUERY
POSTHOOK: query: explain select /*+ mapjoin(None)*/ * from part where p_name = (select p_name from part_null where p_name is null)
POSTHOOK: type: QUERY
STAGE DEPENDENCIES:
  Stage-1 is a root stage
  Stage-0 depends on stages: Stage-1

STAGE PLANS:
  Stage: Stage-1
    Tez
#### A masked pattern was here ####
      Edges:
        Reducer 2 <- Map 1 (XPROD_EDGE), Map 3 (XPROD_EDGE), Reducer 4 (XPROD_EDGE)
        Reducer 4 <- Map 3 (CUSTOM_SIMPLE_EDGE)
#### A masked pattern was here ####
      Vertices:
        Map 1 
            Map Operator Tree:
                TableScan
                  alias: part
                  filterExpr: (p_name = null) (type: boolean)
                  Statistics: Num rows: 26 Data size: 16094 Basic stats: COMPLETE Column stats: COMPLETE
                  Filter Operator
                    predicate: (p_name = null) (type: boolean)
                    Statistics: Num rows: 1 Data size: 619 Basic stats: COMPLETE Column stats: COMPLETE
                    Select Operator
                      expressions: p_partkey (type: int), p_mfgr (type: string), p_brand (type: string), p_type (type: string), p_size (type: int), p_container (type: string), p_retailprice (type: double), p_comment (type: string)
                      outputColumnNames: _col0, _col2, _col3, _col4, _col5, _col6, _col7, _col8
                      Statistics: Num rows: 1 Data size: 582 Basic stats: COMPLETE Column stats: COMPLETE
                      Reduce Output Operator
                        sort order: 
                        Statistics: Num rows: 1 Data size: 582 Basic stats: COMPLETE Column stats: COMPLETE
                        value expressions: _col0 (type: int), _col2 (type: string), _col3 (type: string), _col4 (type: string), _col5 (type: int), _col6 (type: string), _col7 (type: double), _col8 (type: string)
            Execution mode: vectorized, llap
            LLAP IO: no inputs
        Map 3 
            Map Operator Tree:
                TableScan
                  alias: part_null
                  filterExpr: p_name is null (type: boolean)
                  Statistics: Num rows: 1 Data size: 184 Basic stats: COMPLETE Column stats: NONE
                  Filter Operator
                    predicate: p_name is null (type: boolean)
                    Statistics: Num rows: 1 Data size: 184 Basic stats: COMPLETE Column stats: NONE
                    Select Operator
                      Statistics: Num rows: 1 Data size: 184 Basic stats: COMPLETE Column stats: NONE
                      Group By Operator
                        aggregations: count()
                        mode: hash
                        outputColumnNames: _col0
                        Statistics: Num rows: 1 Data size: 192 Basic stats: COMPLETE Column stats: NONE
                        Reduce Output Operator
                          sort order: 
                          Statistics: Num rows: 1 Data size: 192 Basic stats: COMPLETE Column stats: NONE
                          value expressions: _col0 (type: bigint)
                      Reduce Output Operator
                        sort order: 
                        Statistics: Num rows: 1 Data size: 184 Basic stats: COMPLETE Column stats: NONE
            Execution mode: vectorized, llap
            LLAP IO: no inputs
        Reducer 2 
            Execution mode: llap
            Reduce Operator Tree:
              Merge Join Operator
                condition map:
                     Inner Join 0 to 1
                     Inner Join 0 to 2
                keys:
                  0 
                  1 
                  2 
                outputColumnNames: _col0, _col2, _col3, _col4, _col5, _col6, _col7, _col8
                Statistics: Num rows: 1 Data size: 959 Basic stats: COMPLETE Column stats: NONE
                Select Operator
                  expressions: _col0 (type: int), null (type: string), _col2 (type: string), _col3 (type: string), _col4 (type: string), _col5 (type: int), _col6 (type: string), _col7 (type: double), _col8 (type: string)
                  outputColumnNames: _col0, _col1, _col2, _col3, _col4, _col5, _col6, _col7, _col8
                  Statistics: Num rows: 1 Data size: 959 Basic stats: COMPLETE Column stats: NONE
                  File Output Operator
                    compressed: false
                    Statistics: Num rows: 1 Data size: 959 Basic stats: COMPLETE Column stats: NONE
                    table:
                        input format: org.apache.hadoop.mapred.SequenceFileInputFormat
                        output format: org.apache.hadoop.hive.ql.io.HiveSequenceFileOutputFormat
                        serde: org.apache.hadoop.hive.serde2.lazy.LazySimpleSerDe
        Reducer 4 
            Execution mode: vectorized, llap
            Reduce Operator Tree:
              Group By Operator
                aggregations: count(VALUE._col0)
                mode: mergepartial
                outputColumnNames: _col0
                Statistics: Num rows: 1 Data size: 192 Basic stats: COMPLETE Column stats: NONE
                Filter Operator
                  predicate: (sq_count_check(_col0) <= 1) (type: boolean)
                  Statistics: Num rows: 1 Data size: 192 Basic stats: COMPLETE Column stats: NONE
                  Select Operator
                    Statistics: Num rows: 1 Data size: 192 Basic stats: COMPLETE Column stats: NONE
                    Reduce Output Operator
                      sort order: 
                      Statistics: Num rows: 1 Data size: 192 Basic stats: COMPLETE Column stats: NONE

  Stage: Stage-0
    Fetch Operator
      limit: -1
      Processor Tree:
        ListSink

Warning: Shuffle Join MERGEJOIN[24][tables = [$hdt$_0, $hdt$_1, $hdt$_2]] in Stage 'Reducer 2' is a cross product
PREHOOK: query: explain select * from part where p_name = (select p_name from part_null where p_name is null)
PREHOOK: type: QUERY
POSTHOOK: query: explain select * from part where p_name = (select p_name from part_null where p_name is null)
POSTHOOK: type: QUERY
STAGE DEPENDENCIES:
  Stage-1 is a root stage
  Stage-0 depends on stages: Stage-1

STAGE PLANS:
  Stage: Stage-1
    Tez
#### A masked pattern was here ####
      Edges:
        Reducer 2 <- Map 1 (XPROD_EDGE), Map 3 (XPROD_EDGE), Reducer 4 (XPROD_EDGE)
        Reducer 4 <- Map 3 (CUSTOM_SIMPLE_EDGE)
#### A masked pattern was here ####
      Vertices:
        Map 1 
            Map Operator Tree:
                TableScan
                  alias: part
                  filterExpr: (p_name = null) (type: boolean)
                  Statistics: Num rows: 26 Data size: 16094 Basic stats: COMPLETE Column stats: COMPLETE
                  Filter Operator
                    predicate: (p_name = null) (type: boolean)
                    Statistics: Num rows: 1 Data size: 619 Basic stats: COMPLETE Column stats: COMPLETE
                    Select Operator
                      expressions: p_partkey (type: int), p_mfgr (type: string), p_brand (type: string), p_type (type: string), p_size (type: int), p_container (type: string), p_retailprice (type: double), p_comment (type: string)
                      outputColumnNames: _col0, _col2, _col3, _col4, _col5, _col6, _col7, _col8
                      Statistics: Num rows: 1 Data size: 582 Basic stats: COMPLETE Column stats: COMPLETE
                      Reduce Output Operator
                        sort order: 
                        Statistics: Num rows: 1 Data size: 582 Basic stats: COMPLETE Column stats: COMPLETE
                        value expressions: _col0 (type: int), _col2 (type: string), _col3 (type: string), _col4 (type: string), _col5 (type: int), _col6 (type: string), _col7 (type: double), _col8 (type: string)
            Execution mode: vectorized, llap
            LLAP IO: no inputs
        Map 3 
            Map Operator Tree:
                TableScan
                  alias: part_null
                  filterExpr: p_name is null (type: boolean)
                  Statistics: Num rows: 1 Data size: 184 Basic stats: COMPLETE Column stats: NONE
                  Filter Operator
                    predicate: p_name is null (type: boolean)
                    Statistics: Num rows: 1 Data size: 184 Basic stats: COMPLETE Column stats: NONE
                    Select Operator
                      Statistics: Num rows: 1 Data size: 184 Basic stats: COMPLETE Column stats: NONE
                      Group By Operator
                        aggregations: count()
                        mode: hash
                        outputColumnNames: _col0
                        Statistics: Num rows: 1 Data size: 192 Basic stats: COMPLETE Column stats: NONE
                        Reduce Output Operator
                          sort order: 
                          Statistics: Num rows: 1 Data size: 192 Basic stats: COMPLETE Column stats: NONE
                          value expressions: _col0 (type: bigint)
                      Reduce Output Operator
                        sort order: 
                        Statistics: Num rows: 1 Data size: 184 Basic stats: COMPLETE Column stats: NONE
            Execution mode: vectorized, llap
            LLAP IO: no inputs
        Reducer 2 
            Execution mode: llap
            Reduce Operator Tree:
              Merge Join Operator
                condition map:
                     Inner Join 0 to 1
                     Inner Join 0 to 2
                keys:
                  0 
                  1 
                  2 
                outputColumnNames: _col0, _col2, _col3, _col4, _col5, _col6, _col7, _col8
                Statistics: Num rows: 1 Data size: 959 Basic stats: COMPLETE Column stats: NONE
                Select Operator
                  expressions: _col0 (type: int), null (type: string), _col2 (type: string), _col3 (type: string), _col4 (type: string), _col5 (type: int), _col6 (type: string), _col7 (type: double), _col8 (type: string)
                  outputColumnNames: _col0, _col1, _col2, _col3, _col4, _col5, _col6, _col7, _col8
                  Statistics: Num rows: 1 Data size: 959 Basic stats: COMPLETE Column stats: NONE
                  File Output Operator
                    compressed: false
                    Statistics: Num rows: 1 Data size: 959 Basic stats: COMPLETE Column stats: NONE
                    table:
                        input format: org.apache.hadoop.mapred.SequenceFileInputFormat
                        output format: org.apache.hadoop.hive.ql.io.HiveSequenceFileOutputFormat
                        serde: org.apache.hadoop.hive.serde2.lazy.LazySimpleSerDe
        Reducer 4 
            Execution mode: vectorized, llap
            Reduce Operator Tree:
              Group By Operator
                aggregations: count(VALUE._col0)
                mode: mergepartial
                outputColumnNames: _col0
                Statistics: Num rows: 1 Data size: 192 Basic stats: COMPLETE Column stats: NONE
                Filter Operator
                  predicate: (sq_count_check(_col0) <= 1) (type: boolean)
                  Statistics: Num rows: 1 Data size: 192 Basic stats: COMPLETE Column stats: NONE
                  Select Operator
                    Statistics: Num rows: 1 Data size: 192 Basic stats: COMPLETE Column stats: NONE
                    Reduce Output Operator
                      sort order: 
                      Statistics: Num rows: 1 Data size: 192 Basic stats: COMPLETE Column stats: NONE

  Stage: Stage-0
    Fetch Operator
      limit: -1
      Processor Tree:
        ListSink

