PREHOOK: query: explain extended select srcpart.key from srcpart join src on (srcpart.value=src.value) join src1 on (srcpart.key=src1.key)
PREHOOK: type: QUERY
POSTHOOK: query: explain extended select srcpart.key from srcpart join src on (srcpart.value=src.value) join src1 on (srcpart.key=src1.key)
POSTHOOK: type: QUERY
STAGE DEPENDENCIES:
  Stage-1 is a root stage
  Stage-0 depends on stages: Stage-1

STAGE PLANS:
  Stage: Stage-1
    Tez
#### A masked pattern was here ####
      Edges:
        Map 1 <- Map 2 (BROADCAST_EDGE), Map 3 (BROADCAST_EDGE)
#### A masked pattern was here ####
      Vertices:
        Map 1 
            Map Operator Tree:
                TableScan
                  alias: srcpart
                  Statistics: Num rows: 2000 Data size: 21248 Basic stats: COMPLETE Column stats: NONE
                  GatherStats: false
                  Filter Operator
                    isSamplingPred: false
                    predicate: (key is not null and value is not null) (type: boolean)
                    Statistics: Num rows: 2000 Data size: 21248 Basic stats: COMPLETE Column stats: NONE
                    Select Operator
                      expressions: key (type: string), value (type: string)
                      outputColumnNames: _col0, _col1
                      Statistics: Num rows: 2000 Data size: 21248 Basic stats: COMPLETE Column stats: NONE
                      Map Join Operator
                        condition map:
                             Inner Join 0 to 1
                        Estimated key counts: Map 2 => 25
                        keys:
                          0 _col0 (type: string)
                          1 _col0 (type: string)
                        outputColumnNames: _col0, _col1
                        input vertices:
                          1 Map 2
                        Position of Big Table: 0
                        Statistics: Num rows: 2200 Data size: 23372 Basic stats: COMPLETE Column stats: NONE
                        Map Join Operator
                          condition map:
                               Inner Join 0 to 1
                          Estimated key counts: Map 3 => 500
                          keys:
                            0 _col1 (type: string)
                            1 _col0 (type: string)
                          outputColumnNames: _col0
                          input vertices:
                            1 Map 3
                          Position of Big Table: 0
                          Statistics: Num rows: 2420 Data size: 25709 Basic stats: COMPLETE Column stats: NONE
                          File Output Operator
                            compressed: false
                            GlobalTableId: 0
#### A masked pattern was here ####
                            NumFilesPerFileSink: 1
                            Statistics: Num rows: 2420 Data size: 25709 Basic stats: COMPLETE Column stats: NONE
#### A masked pattern was here ####
                            table:
                                input format: org.apache.hadoop.mapred.SequenceFileInputFormat
                                output format: org.apache.hadoop.hive.ql.io.HiveSequenceFileOutputFormat
                                properties:
                                  columns _col0
                                  columns.types string
                                  escape.delim \
                                  hive.serialization.extend.additional.nesting.levels true
                                  serialization.escape.crlf true
                                  serialization.format 1
                                  serialization.lib org.apache.hadoop.hive.serde2.lazy.LazySimpleSerDe
                                serde: org.apache.hadoop.hive.serde2.lazy.LazySimpleSerDe
                            TotalFiles: 1
                            GatherStats: false
                            MultiFileSpray: false
            Execution mode: vectorized, llap
            LLAP IO: no inputs
            Path -> Alias:
#### A masked pattern was here ####
            Path -> Partition:
#### A masked pattern was here ####
                Partition
                  base file name: hr=11
                  input format: org.apache.hadoop.mapred.TextInputFormat
                  output format: org.apache.hadoop.hive.ql.io.HiveIgnoreKeyTextOutputFormat
                  partition values:
                    ds 2008-04-08
                    hr 11
                  properties:
                    COLUMN_STATS_ACCURATE {"BASIC_STATS":"true","COLUMN_STATS":{"key":"true","value":"true"}}
                    bucket_count -1
                    column.name.delimiter ,
                    columns key,value
                    columns.comments 'default','default'
                    columns.types string:string
#### A masked pattern was here ####
                    name default.srcpart
                    numFiles 1
                    numRows 500
                    partition_columns ds/hr
                    partition_columns.types string:string
                    rawDataSize 5312
                    serialization.ddl struct srcpart { string key, string value}
                    serialization.format 1
                    serialization.lib org.apache.hadoop.hive.serde2.lazy.LazySimpleSerDe
                    totalSize 5812
#### A masked pattern was here ####
                  serde: org.apache.hadoop.hive.serde2.lazy.LazySimpleSerDe
                
                    input format: org.apache.hadoop.mapred.TextInputFormat
                    output format: org.apache.hadoop.hive.ql.io.HiveIgnoreKeyTextOutputFormat
                    properties:
                      bucket_count -1
                      bucketing_version 2
                      column.name.delimiter ,
                      columns key,value
                      columns.comments 'default','default'
                      columns.types string:string
#### A masked pattern was here ####
                      name default.srcpart
                      partition_columns ds/hr
                      partition_columns.types string:string
                      serialization.ddl struct srcpart { string key, string value}
                      serialization.format 1
                      serialization.lib org.apache.hadoop.hive.serde2.lazy.LazySimpleSerDe
#### A masked pattern was here ####
                    serde: org.apache.hadoop.hive.serde2.lazy.LazySimpleSerDe
                    name: default.srcpart
                  name: default.srcpart
#### A masked pattern was here ####
                Partition
                  base file name: hr=12
                  input format: org.apache.hadoop.mapred.TextInputFormat
                  output format: org.apache.hadoop.hive.ql.io.HiveIgnoreKeyTextOutputFormat
                  partition values:
                    ds 2008-04-08
                    hr 12
                  properties:
                    COLUMN_STATS_ACCURATE {"BASIC_STATS":"true","COLUMN_STATS":{"key":"true","value":"true"}}
                    bucket_count -1
                    column.name.delimiter ,
                    columns key,value
                    columns.comments 'default','default'
                    columns.types string:string
#### A masked pattern was here ####
                    name default.srcpart
                    numFiles 1
                    numRows 500
                    partition_columns ds/hr
                    partition_columns.types string:string
                    rawDataSize 5312
                    serialization.ddl struct srcpart { string key, string value}
                    serialization.format 1
                    serialization.lib org.apache.hadoop.hive.serde2.lazy.LazySimpleSerDe
                    totalSize 5812
#### A masked pattern was here ####
                  serde: org.apache.hadoop.hive.serde2.lazy.LazySimpleSerDe
                
                    input format: org.apache.hadoop.mapred.TextInputFormat
                    output format: org.apache.hadoop.hive.ql.io.HiveIgnoreKeyTextOutputFormat
                    properties:
                      bucket_count -1
                      bucketing_version 2
                      column.name.delimiter ,
                      columns key,value
                      columns.comments 'default','default'
                      columns.types string:string
#### A masked pattern was here ####
                      name default.srcpart
                      partition_columns ds/hr
                      partition_columns.types string:string
                      serialization.ddl struct srcpart { string key, string value}
                      serialization.format 1
                      serialization.lib org.apache.hadoop.hive.serde2.lazy.LazySimpleSerDe
#### A masked pattern was here ####
                    serde: org.apache.hadoop.hive.serde2.lazy.LazySimpleSerDe
                    name: default.srcpart
                  name: default.srcpart
#### A masked pattern was here ####
                Partition
                  base file name: hr=11
                  input format: org.apache.hadoop.mapred.TextInputFormat
                  output format: org.apache.hadoop.hive.ql.io.HiveIgnoreKeyTextOutputFormat
                  partition values:
                    ds 2008-04-09
                    hr 11
                  properties:
                    COLUMN_STATS_ACCURATE {"BASIC_STATS":"true","COLUMN_STATS":{"key":"true","value":"true"}}
                    bucket_count -1
                    column.name.delimiter ,
                    columns key,value
                    columns.comments 'default','default'
                    columns.types string:string
#### A masked pattern was here ####
                    name default.srcpart
                    numFiles 1
                    numRows 500
                    partition_columns ds/hr
                    partition_columns.types string:string
                    rawDataSize 5312
                    serialization.ddl struct srcpart { string key, string value}
                    serialization.format 1
                    serialization.lib org.apache.hadoop.hive.serde2.lazy.LazySimpleSerDe
                    totalSize 5812
#### A masked pattern was here ####
                  serde: org.apache.hadoop.hive.serde2.lazy.LazySimpleSerDe
                
                    input format: org.apache.hadoop.mapred.TextInputFormat
                    output format: org.apache.hadoop.hive.ql.io.HiveIgnoreKeyTextOutputFormat
                    properties:
                      bucket_count -1
                      bucketing_version 2
                      column.name.delimiter ,
                      columns key,value
                      columns.comments 'default','default'
                      columns.types string:string
#### A masked pattern was here ####
                      name default.srcpart
                      partition_columns ds/hr
                      partition_columns.types string:string
                      serialization.ddl struct srcpart { string key, string value}
                      serialization.format 1
                      serialization.lib org.apache.hadoop.hive.serde2.lazy.LazySimpleSerDe
#### A masked pattern was here ####
                    serde: org.apache.hadoop.hive.serde2.lazy.LazySimpleSerDe
                    name: default.srcpart
                  name: default.srcpart
#### A masked pattern was here ####
                Partition
                  base file name: hr=12
                  input format: org.apache.hadoop.mapred.TextInputFormat
                  output format: org.apache.hadoop.hive.ql.io.HiveIgnoreKeyTextOutputFormat
                  partition values:
                    ds 2008-04-09
                    hr 12
                  properties:
                    COLUMN_STATS_ACCURATE {"BASIC_STATS":"true","COLUMN_STATS":{"key":"true","value":"true"}}
                    bucket_count -1
                    column.name.delimiter ,
                    columns key,value
                    columns.comments 'default','default'
                    columns.types string:string
#### A masked pattern was here ####
                    name default.srcpart
                    numFiles 1
                    numRows 500
                    partition_columns ds/hr
                    partition_columns.types string:string
                    rawDataSize 5312
                    serialization.ddl struct srcpart { string key, string value}
                    serialization.format 1
                    serialization.lib org.apache.hadoop.hive.serde2.lazy.LazySimpleSerDe
                    totalSize 5812
#### A masked pattern was here ####
                  serde: org.apache.hadoop.hive.serde2.lazy.LazySimpleSerDe
                
                    input format: org.apache.hadoop.mapred.TextInputFormat
                    output format: org.apache.hadoop.hive.ql.io.HiveIgnoreKeyTextOutputFormat
                    properties:
                      bucket_count -1
                      bucketing_version 2
                      column.name.delimiter ,
                      columns key,value
                      columns.comments 'default','default'
                      columns.types string:string
#### A masked pattern was here ####
                      name default.srcpart
                      partition_columns ds/hr
                      partition_columns.types string:string
                      serialization.ddl struct srcpart { string key, string value}
                      serialization.format 1
                      serialization.lib org.apache.hadoop.hive.serde2.lazy.LazySimpleSerDe
#### A masked pattern was here ####
                    serde: org.apache.hadoop.hive.serde2.lazy.LazySimpleSerDe
                    name: default.srcpart
                  name: default.srcpart
            Truncated Path -> Alias:
              /srcpart/ds=2008-04-08/hr=11 [srcpart]
              /srcpart/ds=2008-04-08/hr=12 [srcpart]
              /srcpart/ds=2008-04-09/hr=11 [srcpart]
              /srcpart/ds=2008-04-09/hr=12 [srcpart]
        Map 2 
            Map Operator Tree:
                TableScan
                  alias: src1
                  Statistics: Num rows: 25 Data size: 191 Basic stats: COMPLETE Column stats: NONE
                  GatherStats: false
                  Filter Operator
                    isSamplingPred: false
                    predicate: key is not null (type: boolean)
                    Statistics: Num rows: 25 Data size: 191 Basic stats: COMPLETE Column stats: NONE
                    Select Operator
                      expressions: key (type: string)
                      outputColumnNames: _col0
                      Statistics: Num rows: 25 Data size: 191 Basic stats: COMPLETE Column stats: NONE
                      Reduce Output Operator
                        key expressions: _col0 (type: string)
                        null sort order: a
                        sort order: +
                        Map-reduce partition columns: _col0 (type: string)
                        Statistics: Num rows: 25 Data size: 191 Basic stats: COMPLETE Column stats: NONE
                        tag: 1
                        auto parallelism: true
            Execution mode: vectorized, llap
            LLAP IO: no inputs
            Path -> Alias:
#### A masked pattern was here ####
            Path -> Partition:
#### A masked pattern was here ####
                Partition
                  base file name: src1
                  input format: org.apache.hadoop.mapred.TextInputFormat
                  output format: org.apache.hadoop.hive.ql.io.HiveIgnoreKeyTextOutputFormat
                  properties:
                    COLUMN_STATS_ACCURATE {"BASIC_STATS":"true","COLUMN_STATS":{"key":"true","value":"true"}}
                    bucket_count -1
                    bucketing_version 2
                    column.name.delimiter ,
                    columns key,value
                    columns.comments 'default','default'
                    columns.types string:string
#### A masked pattern was here ####
                    name default.src1
                    numFiles 1
                    numRows 25
                    rawDataSize 191
                    serialization.ddl struct src1 { string key, string value}
                    serialization.format 1
                    serialization.lib org.apache.hadoop.hive.serde2.lazy.LazySimpleSerDe
                    totalSize 216
#### A masked pattern was here ####
                  serde: org.apache.hadoop.hive.serde2.lazy.LazySimpleSerDe
                
                    input format: org.apache.hadoop.mapred.TextInputFormat
                    output format: org.apache.hadoop.hive.ql.io.HiveIgnoreKeyTextOutputFormat
                    properties:
                      COLUMN_STATS_ACCURATE {"BASIC_STATS":"true","COLUMN_STATS":{"key":"true","value":"true"}}
                      bucket_count -1
                      bucketing_version 2
                      column.name.delimiter ,
                      columns key,value
                      columns.comments 'default','default'
                      columns.types string:string
#### A masked pattern was here ####
                      name default.src1
                      numFiles 1
                      numRows 25
                      rawDataSize 191
                      serialization.ddl struct src1 { string key, string value}
                      serialization.format 1
                      serialization.lib org.apache.hadoop.hive.serde2.lazy.LazySimpleSerDe
                      totalSize 216
#### A masked pattern was here ####
                    serde: org.apache.hadoop.hive.serde2.lazy.LazySimpleSerDe
                    name: default.src1
                  name: default.src1
            Truncated Path -> Alias:
              /src1 [src1]
        Map 3 
            Map Operator Tree:
                TableScan
                  alias: src
                  Statistics: Num rows: 500 Data size: 5312 Basic stats: COMPLETE Column stats: NONE
                  GatherStats: false
                  Filter Operator
                    isSamplingPred: false
                    predicate: value is not null (type: boolean)
                    Statistics: Num rows: 500 Data size: 5312 Basic stats: COMPLETE Column stats: NONE
                    Select Operator
                      expressions: value (type: string)
                      outputColumnNames: _col0
                      Statistics: Num rows: 500 Data size: 5312 Basic stats: COMPLETE Column stats: NONE
                      Reduce Output Operator
                        key expressions: _col0 (type: string)
                        null sort order: a
                        sort order: +
                        Map-reduce partition columns: _col0 (type: string)
                        Statistics: Num rows: 500 Data size: 5312 Basic stats: COMPLETE Column stats: NONE
                        tag: 1
                        auto parallelism: true
            Execution mode: vectorized, llap
            LLAP IO: no inputs
            Path -> Alias:
#### A masked pattern was here ####
            Path -> Partition:
#### A masked pattern was here ####
                Partition
                  base file name: src
                  input format: org.apache.hadoop.mapred.TextInputFormat
                  output format: org.apache.hadoop.hive.ql.io.HiveIgnoreKeyTextOutputFormat
                  properties:
                    COLUMN_STATS_ACCURATE {"BASIC_STATS":"true","COLUMN_STATS":{"key":"true","value":"true"}}
                    bucket_count -1
                    bucketing_version 2
                    column.name.delimiter ,
                    columns key,value
                    columns.comments 'default','default'
                    columns.types string:string
#### A masked pattern was here ####
                    name default.src
                    numFiles 1
                    numRows 500
                    rawDataSize 5312
                    serialization.ddl struct src { string key, string value}
                    serialization.format 1
                    serialization.lib org.apache.hadoop.hive.serde2.lazy.LazySimpleSerDe
                    totalSize 5812
#### A masked pattern was here ####
                  serde: org.apache.hadoop.hive.serde2.lazy.LazySimpleSerDe
                
                    input format: org.apache.hadoop.mapred.TextInputFormat
                    output format: org.apache.hadoop.hive.ql.io.HiveIgnoreKeyTextOutputFormat
                    properties:
                      COLUMN_STATS_ACCURATE {"BASIC_STATS":"true","COLUMN_STATS":{"key":"true","value":"true"}}
                      bucket_count -1
                      bucketing_version 2
                      column.name.delimiter ,
                      columns key,value
                      columns.comments 'default','default'
                      columns.types string:string
#### A masked pattern was here ####
                      name default.src
                      numFiles 1
                      numRows 500
                      rawDataSize 5312
                      serialization.ddl struct src { string key, string value}
                      serialization.format 1
                      serialization.lib org.apache.hadoop.hive.serde2.lazy.LazySimpleSerDe
                      totalSize 5812
#### A masked pattern was here ####
                    serde: org.apache.hadoop.hive.serde2.lazy.LazySimpleSerDe
                    name: default.src
                  name: default.src
            Truncated Path -> Alias:
              /src [src]

  Stage: Stage-0
    Fetch Operator
      limit: -1
      Processor Tree:
        ListSink

PREHOOK: query: explain
select srcpart.key from srcpart join src on (srcpart.value=src.value) join src1 on (srcpart.key=src1.key) where srcpart.value > 'val_450'
PREHOOK: type: QUERY
POSTHOOK: query: explain
select srcpart.key from srcpart join src on (srcpart.value=src.value) join src1 on (srcpart.key=src1.key) where srcpart.value > 'val_450'
POSTHOOK: type: QUERY
STAGE DEPENDENCIES:
  Stage-1 is a root stage
  Stage-0 depends on stages: Stage-1

STAGE PLANS:
  Stage: Stage-1
    Tez
#### A masked pattern was here ####
      Edges:
        Map 1 <- Map 2 (BROADCAST_EDGE), Map 3 (BROADCAST_EDGE)
#### A masked pattern was here ####
      Vertices:
        Map 1 
            Map Operator Tree:
                TableScan
                  alias: srcpart
                  Statistics: Num rows: 2000 Data size: 21248 Basic stats: COMPLETE Column stats: NONE
                  Filter Operator
                    predicate: ((value > 'val_450') and key is not null) (type: boolean)
                    Statistics: Num rows: 666 Data size: 7075 Basic stats: COMPLETE Column stats: NONE
                    Select Operator
                      expressions: key (type: string), value (type: string)
                      outputColumnNames: _col0, _col1
                      Statistics: Num rows: 666 Data size: 7075 Basic stats: COMPLETE Column stats: NONE
                      Map Join Operator
                        condition map:
                             Inner Join 0 to 1
                        keys:
                          0 _col0 (type: string)
                          1 _col0 (type: string)
                        outputColumnNames: _col0, _col1
                        input vertices:
                          1 Map 2
                        Statistics: Num rows: 732 Data size: 7782 Basic stats: COMPLETE Column stats: NONE
                        Map Join Operator
                          condition map:
                               Inner Join 0 to 1
                          keys:
                            0 _col1 (type: string)
                            1 _col0 (type: string)
                          outputColumnNames: _col0
                          input vertices:
                            1 Map 3
                          Statistics: Num rows: 805 Data size: 8560 Basic stats: COMPLETE Column stats: NONE
                          File Output Operator
                            compressed: false
                            Statistics: Num rows: 805 Data size: 8560 Basic stats: COMPLETE Column stats: NONE
                            table:
                                input format: org.apache.hadoop.mapred.SequenceFileInputFormat
                                output format: org.apache.hadoop.hive.ql.io.HiveSequenceFileOutputFormat
                                serde: org.apache.hadoop.hive.serde2.lazy.LazySimpleSerDe
            Execution mode: vectorized, llap
            LLAP IO: no inputs
        Map 2 
            Map Operator Tree:
                TableScan
                  alias: src1
                  Statistics: Num rows: 25 Data size: 191 Basic stats: COMPLETE Column stats: NONE
                  Filter Operator
                    predicate: key is not null (type: boolean)
                    Statistics: Num rows: 25 Data size: 191 Basic stats: COMPLETE Column stats: NONE
                    Select Operator
                      expressions: key (type: string)
                      outputColumnNames: _col0
                      Statistics: Num rows: 25 Data size: 191 Basic stats: COMPLETE Column stats: NONE
                      Reduce Output Operator
                        key expressions: _col0 (type: string)
                        sort order: +
                        Map-reduce partition columns: _col0 (type: string)
                        Statistics: Num rows: 25 Data size: 191 Basic stats: COMPLETE Column stats: NONE
            Execution mode: vectorized, llap
            LLAP IO: no inputs
        Map 3 
            Map Operator Tree:
                TableScan
                  alias: src
                  Statistics: Num rows: 500 Data size: 5312 Basic stats: COMPLETE Column stats: NONE
                  Filter Operator
                    predicate: (value > 'val_450') (type: boolean)
                    Statistics: Num rows: 166 Data size: 1763 Basic stats: COMPLETE Column stats: NONE
                    Select Operator
                      expressions: value (type: string)
                      outputColumnNames: _col0
                      Statistics: Num rows: 166 Data size: 1763 Basic stats: COMPLETE Column stats: NONE
                      Reduce Output Operator
                        key expressions: _col0 (type: string)
                        sort order: +
                        Map-reduce partition columns: _col0 (type: string)
                        Statistics: Num rows: 166 Data size: 1763 Basic stats: COMPLETE Column stats: NONE
            Execution mode: vectorized, llap
            LLAP IO: no inputs

  Stage: Stage-0
    Fetch Operator
      limit: -1
      Processor Tree:
        ListSink

PREHOOK: query: explain
select count(*) from srcpart join src on (srcpart.value=src.value) join src src1 on (srcpart.key=src1.key) group by ds
PREHOOK: type: QUERY
POSTHOOK: query: explain
select count(*) from srcpart join src on (srcpart.value=src.value) join src src1 on (srcpart.key=src1.key) group by ds
POSTHOOK: type: QUERY
STAGE DEPENDENCIES:
  Stage-1 is a root stage
  Stage-0 depends on stages: Stage-1

STAGE PLANS:
  Stage: Stage-1
    Tez
#### A masked pattern was here ####
      Edges:
        Map 1 <- Map 3 (BROADCAST_EDGE), Map 4 (BROADCAST_EDGE)
        Reducer 2 <- Map 1 (SIMPLE_EDGE)
#### A masked pattern was here ####
      Vertices:
        Map 1 
            Map Operator Tree:
                TableScan
                  alias: srcpart
                  Statistics: Num rows: 2000 Data size: 21248 Basic stats: COMPLETE Column stats: NONE
                  Filter Operator
                    predicate: (key is not null and value is not null) (type: boolean)
                    Statistics: Num rows: 2000 Data size: 21248 Basic stats: COMPLETE Column stats: NONE
                    Select Operator
                      expressions: key (type: string), value (type: string), ds (type: string)
                      outputColumnNames: _col0, _col1, _col2
                      Statistics: Num rows: 2000 Data size: 21248 Basic stats: COMPLETE Column stats: NONE
                      Map Join Operator
                        condition map:
                             Inner Join 0 to 1
                        keys:
                          0 _col0 (type: string)
                          1 _col0 (type: string)
                        outputColumnNames: _col1, _col2
                        input vertices:
                          1 Map 3
                        Statistics: Num rows: 2200 Data size: 23372 Basic stats: COMPLETE Column stats: NONE
                        Map Join Operator
                          condition map:
                               Inner Join 0 to 1
                          keys:
                            0 _col1 (type: string)
                            1 _col0 (type: string)
                          outputColumnNames: _col2
                          input vertices:
                            1 Map 4
                          Statistics: Num rows: 2420 Data size: 25709 Basic stats: COMPLETE Column stats: NONE
                          Group By Operator
                            aggregations: count()
                            keys: _col2 (type: string)
                            mode: hash
                            outputColumnNames: _col0, _col1
                            Statistics: Num rows: 2420 Data size: 25709 Basic stats: COMPLETE Column stats: NONE
                            Reduce Output Operator
                              key expressions: _col0 (type: string)
                              sort order: +
                              Map-reduce partition columns: _col0 (type: string)
                              Statistics: Num rows: 2420 Data size: 25709 Basic stats: COMPLETE Column stats: NONE
                              value expressions: _col1 (type: bigint)
            Execution mode: vectorized, llap
            LLAP IO: no inputs
        Map 3 
            Map Operator Tree:
                TableScan
                  alias: src1
                  Statistics: Num rows: 500 Data size: 5312 Basic stats: COMPLETE Column stats: NONE
                  Filter Operator
                    predicate: key is not null (type: boolean)
                    Statistics: Num rows: 500 Data size: 5312 Basic stats: COMPLETE Column stats: NONE
                    Select Operator
                      expressions: key (type: string)
                      outputColumnNames: _col0
                      Statistics: Num rows: 500 Data size: 5312 Basic stats: COMPLETE Column stats: NONE
                      Reduce Output Operator
                        key expressions: _col0 (type: string)
                        sort order: +
                        Map-reduce partition columns: _col0 (type: string)
                        Statistics: Num rows: 500 Data size: 5312 Basic stats: COMPLETE Column stats: NONE
            Execution mode: vectorized, llap
            LLAP IO: no inputs
        Map 4 
            Map Operator Tree:
                TableScan
                  alias: src
                  Statistics: Num rows: 500 Data size: 5312 Basic stats: COMPLETE Column stats: NONE
                  Filter Operator
                    predicate: value is not null (type: boolean)
                    Statistics: Num rows: 500 Data size: 5312 Basic stats: COMPLETE Column stats: NONE
                    Select Operator
                      expressions: value (type: string)
                      outputColumnNames: _col0
                      Statistics: Num rows: 500 Data size: 5312 Basic stats: COMPLETE Column stats: NONE
                      Reduce Output Operator
                        key expressions: _col0 (type: string)
                        sort order: +
                        Map-reduce partition columns: _col0 (type: string)
                        Statistics: Num rows: 500 Data size: 5312 Basic stats: COMPLETE Column stats: NONE
            Execution mode: vectorized, llap
            LLAP IO: no inputs
        Reducer 2 
            Execution mode: vectorized, llap
            Reduce Operator Tree:
              Group By Operator
                aggregations: count(VALUE._col0)
                keys: KEY._col0 (type: string)
                mode: mergepartial
                outputColumnNames: _col0, _col1
                Statistics: Num rows: 1210 Data size: 12854 Basic stats: COMPLETE Column stats: NONE
                Select Operator
                  expressions: _col1 (type: bigint)
                  outputColumnNames: _col0
                  Statistics: Num rows: 1210 Data size: 12854 Basic stats: COMPLETE Column stats: NONE
                  File Output Operator
                    compressed: false
                    Statistics: Num rows: 1210 Data size: 12854 Basic stats: COMPLETE Column stats: NONE
                    table:
                        input format: org.apache.hadoop.mapred.SequenceFileInputFormat
                        output format: org.apache.hadoop.hive.ql.io.HiveSequenceFileOutputFormat
                        serde: org.apache.hadoop.hive.serde2.lazy.LazySimpleSerDe

  Stage: Stage-0
    Fetch Operator
      limit: -1
      Processor Tree:
        ListSink

PREHOOK: query: select srcpart.key from srcpart join src on (srcpart.value=src.value) join src1 on (srcpart.key=src1.key) where srcpart.value > 'val_450'
PREHOOK: type: QUERY
PREHOOK: Input: default@src
PREHOOK: Input: default@src1
PREHOOK: Input: default@srcpart
PREHOOK: Input: default@srcpart@ds=2008-04-08/hr=11
PREHOOK: Input: default@srcpart@ds=2008-04-08/hr=12
PREHOOK: Input: default@srcpart@ds=2008-04-09/hr=11
PREHOOK: Input: default@srcpart@ds=2008-04-09/hr=12
#### A masked pattern was here ####
POSTHOOK: query: select srcpart.key from srcpart join src on (srcpart.value=src.value) join src1 on (srcpart.key=src1.key) where srcpart.value > 'val_450'
POSTHOOK: type: QUERY
POSTHOOK: Input: default@src
POSTHOOK: Input: default@src1
POSTHOOK: Input: default@srcpart
POSTHOOK: Input: default@srcpart@ds=2008-04-08/hr=11
POSTHOOK: Input: default@srcpart@ds=2008-04-08/hr=12
POSTHOOK: Input: default@srcpart@ds=2008-04-09/hr=11
POSTHOOK: Input: default@srcpart@ds=2008-04-09/hr=12
#### A masked pattern was here ####
66
66
66
66
98
98
98
98
98
98
98
98
98
98
98
98
98
98
98
98
PREHOOK: query: select count(*) from srcpart join src on (srcpart.value=src.value) join src src1 on (srcpart.key=src1.key) group by ds
PREHOOK: type: QUERY
PREHOOK: Input: default@src
PREHOOK: Input: default@srcpart
PREHOOK: Input: default@srcpart@ds=2008-04-08/hr=11
PREHOOK: Input: default@srcpart@ds=2008-04-08/hr=12
PREHOOK: Input: default@srcpart@ds=2008-04-09/hr=11
PREHOOK: Input: default@srcpart@ds=2008-04-09/hr=12
#### A masked pattern was here ####
POSTHOOK: query: select count(*) from srcpart join src on (srcpart.value=src.value) join src src1 on (srcpart.key=src1.key) group by ds
POSTHOOK: type: QUERY
POSTHOOK: Input: default@src
POSTHOOK: Input: default@srcpart
POSTHOOK: Input: default@srcpart@ds=2008-04-08/hr=11
POSTHOOK: Input: default@srcpart@ds=2008-04-08/hr=12
POSTHOOK: Input: default@srcpart@ds=2008-04-09/hr=11
POSTHOOK: Input: default@srcpart@ds=2008-04-09/hr=12
#### A masked pattern was here ####
5308
5308
PREHOOK: query: select srcpart.key from srcpart join src on (srcpart.value=src.value) join src1 on (srcpart.key=src1.key) where srcpart.value > 'val_450'
PREHOOK: type: QUERY
PREHOOK: Input: default@src
PREHOOK: Input: default@src1
PREHOOK: Input: default@srcpart
PREHOOK: Input: default@srcpart@ds=2008-04-08/hr=11
PREHOOK: Input: default@srcpart@ds=2008-04-08/hr=12
PREHOOK: Input: default@srcpart@ds=2008-04-09/hr=11
PREHOOK: Input: default@srcpart@ds=2008-04-09/hr=12
#### A masked pattern was here ####
POSTHOOK: query: select srcpart.key from srcpart join src on (srcpart.value=src.value) join src1 on (srcpart.key=src1.key) where srcpart.value > 'val_450'
POSTHOOK: type: QUERY
POSTHOOK: Input: default@src
POSTHOOK: Input: default@src1
POSTHOOK: Input: default@srcpart
POSTHOOK: Input: default@srcpart@ds=2008-04-08/hr=11
POSTHOOK: Input: default@srcpart@ds=2008-04-08/hr=12
POSTHOOK: Input: default@srcpart@ds=2008-04-09/hr=11
POSTHOOK: Input: default@srcpart@ds=2008-04-09/hr=12
#### A masked pattern was here ####
66
66
66
66
98
98
98
98
98
98
98
98
98
98
98
98
98
98
98
98
PREHOOK: query: select count(*) from srcpart join src on (srcpart.value=src.value) join src src1 on (srcpart.key=src1.key) group by ds
PREHOOK: type: QUERY
PREHOOK: Input: default@src
PREHOOK: Input: default@srcpart
PREHOOK: Input: default@srcpart@ds=2008-04-08/hr=11
PREHOOK: Input: default@srcpart@ds=2008-04-08/hr=12
PREHOOK: Input: default@srcpart@ds=2008-04-09/hr=11
PREHOOK: Input: default@srcpart@ds=2008-04-09/hr=12
#### A masked pattern was here ####
POSTHOOK: query: select count(*) from srcpart join src on (srcpart.value=src.value) join src src1 on (srcpart.key=src1.key) group by ds
POSTHOOK: type: QUERY
POSTHOOK: Input: default@src
POSTHOOK: Input: default@srcpart
POSTHOOK: Input: default@srcpart@ds=2008-04-08/hr=11
POSTHOOK: Input: default@srcpart@ds=2008-04-08/hr=12
POSTHOOK: Input: default@srcpart@ds=2008-04-09/hr=11
POSTHOOK: Input: default@srcpart@ds=2008-04-09/hr=12
#### A masked pattern was here ####
5308
5308
