PREHOOK: query: CREATE TABLE t1 (k BIGINT, v STRING)
PREHOOK: type: CREATETABLE
PREHOOK: Output: database:default
PREHOOK: Output: default@t1
POSTHOOK: query: CREATE TABLE t1 (k BIGINT, v STRING)
POSTHOOK: type: CREATETABLE
POSTHOOK: Output: database:default
POSTHOOK: Output: default@t1
PREHOOK: query: CREATE TABLE t2 (k BIGINT, v STRING)
PREHOOK: type: CREATETABLE
PREHOOK: Output: database:default
PREHOOK: Output: default@t2
POSTHOOK: query: CREATE TABLE t2 (k BIGINT, v STRING)
POSTHOOK: type: CREATETABLE
POSTHOOK: Output: database:default
POSTHOOK: Output: default@t2
PREHOOK: query: ALTER TABLE t1 UPDATE STATISTICS SET('numRows'='10000','rawDataSize'='100000')
PREHOOK: type: ALTERTABLE_UPDATETABLESTATS
PREHOOK: Input: default@t1
PREHOOK: Output: default@t1
POSTHOOK: query: ALTER TABLE t1 UPDATE STATISTICS SET('numRows'='10000','rawDataSize'='100000')
POSTHOOK: type: ALTERTABLE_UPDATETABLESTATS
POSTHOOK: Input: default@t1
POSTHOOK: Output: default@t1
PREHOOK: query: ALTER TABLE t1 UPDATE STATISTICS FOR COLUMN k SET('numDVs'='10000','numNulls'='0')
PREHOOK: type: ALTERTABLE_UPDATETABLESTATS
PREHOOK: Input: default@t1
PREHOOK: Output: default@t1
POSTHOOK: query: ALTER TABLE t1 UPDATE STATISTICS FOR COLUMN k SET('numDVs'='10000','numNulls'='0')
POSTHOOK: type: ALTERTABLE_UPDATETABLESTATS
POSTHOOK: Input: default@t1
POSTHOOK: Output: default@t1
PREHOOK: query: ALTER TABLE t1 UPDATE STATISTICS FOR COLUMN v SET('numDVs'='10000','numNulls'='0','avgColLen'='10.0','maxColLen'='20')
PREHOOK: type: ALTERTABLE_UPDATETABLESTATS
PREHOOK: Input: default@t1
PREHOOK: Output: default@t1
POSTHOOK: query: ALTER TABLE t1 UPDATE STATISTICS FOR COLUMN v SET('numDVs'='10000','numNulls'='0','avgColLen'='10.0','maxColLen'='20')
POSTHOOK: type: ALTERTABLE_UPDATETABLESTATS
POSTHOOK: Input: default@t1
POSTHOOK: Output: default@t1
PREHOOK: query: ALTER TABLE t2 UPDATE STATISTICS SET('numRows'='1000000','rawDataSize'='10000000')
PREHOOK: type: ALTERTABLE_UPDATETABLESTATS
PREHOOK: Input: default@t2
PREHOOK: Output: default@t2
POSTHOOK: query: ALTER TABLE t2 UPDATE STATISTICS SET('numRows'='1000000','rawDataSize'='10000000')
POSTHOOK: type: ALTERTABLE_UPDATETABLESTATS
POSTHOOK: Input: default@t2
POSTHOOK: Output: default@t2
PREHOOK: query: ALTER TABLE t2 UPDATE STATISTICS FOR COLUMN k SET('numDVs'='1000000','numNulls'='0')
PREHOOK: type: ALTERTABLE_UPDATETABLESTATS
PREHOOK: Input: default@t2
PREHOOK: Output: default@t2
POSTHOOK: query: ALTER TABLE t2 UPDATE STATISTICS FOR COLUMN k SET('numDVs'='1000000','numNulls'='0')
POSTHOOK: type: ALTERTABLE_UPDATETABLESTATS
POSTHOOK: Input: default@t2
POSTHOOK: Output: default@t2
PREHOOK: query: ALTER TABLE t2 UPDATE STATISTICS FOR COLUMN v SET('numDVs'='1000000','numNulls'='0','avgColLen'='10.0','maxColLen'='20')
PREHOOK: type: ALTERTABLE_UPDATETABLESTATS
PREHOOK: Input: default@t2
PREHOOK: Output: default@t2
POSTHOOK: query: ALTER TABLE t2 UPDATE STATISTICS FOR COLUMN v SET('numDVs'='1000000','numNulls'='0','avgColLen'='10.0','maxColLen'='20')
POSTHOOK: type: ALTERTABLE_UPDATETABLESTATS
POSTHOOK: Input: default@t2
POSTHOOK: Output: default@t2
PREHOOK: query: EXPLAIN SELECT t1.k, t2.v FROM t1 JOIN t2 ON t1.k = t2.k
PREHOOK: type: QUERY
PREHOOK: Input: default@t1
PREHOOK: Input: default@t2
#### A masked pattern was here ####
POSTHOOK: query: EXPLAIN SELECT t1.k, t2.v FROM t1 JOIN t2 ON t1.k = t2.k
POSTHOOK: type: QUERY
POSTHOOK: Input: default@t1
POSTHOOK: Input: default@t2
#### A masked pattern was here ####
STAGE DEPENDENCIES:
  Stage-1 is a root stage
  Stage-0 depends on stages: Stage-1

STAGE PLANS:
  Stage: Stage-1
    Tez
#### A masked pattern was here ####
      Edges:
        Map 2 <- Map 1 (BROADCAST_EDGE)
#### A masked pattern was here ####
      Vertices:
        Map 1 
            Map Operator Tree:
                TableScan
                  alias: t1
                  filterExpr: k is not null (type: boolean)
                  Statistics: Num rows: 10000 Data size: 80000 Basic stats: COMPLETE Column stats: COMPLETE
                  Filter Operator
                    predicate: k is not null (type: boolean)
                    Statistics: Num rows: 10000 Data size: 80000 Basic stats: COMPLETE Column stats: COMPLETE
                    Select Operator
                      expressions: k (type: bigint)
                      outputColumnNames: _col0
                      Statistics: Num rows: 10000 Data size: 80000 Basic stats: COMPLETE Column stats: COMPLETE
                      Reduce Output Operator
                        key expressions: _col0 (type: bigint)
                        null sort order: z
                        sort order: +
                        Map-reduce partition columns: _col0 (type: bigint)
                        Statistics: Num rows: 10000 Data size: 80000 Basic stats: COMPLETE Column stats: COMPLETE
            Execution mode: vectorized, llap
            LLAP IO: all inputs
        Map 2 
            Map Operator Tree:
                TableScan
                  alias: t2
                  filterExpr: k is not null (type: boolean)
                  probeDecodeDetails: cacheKey:HASH_MAP_MAPJOIN_25_container, bigKeyColName:k, smallTablePos:0, keyRatio:0.01
                  Statistics: Num rows: 1000000 Data size: 102000000 Basic stats: COMPLETE Column stats: COMPLETE
                  Filter Operator
                    predicate: k is not null (type: boolean)
                    Statistics: Num rows: 1000000 Data size: 102000000 Basic stats: COMPLETE Column stats: COMPLETE
                    Select Operator
                      expressions: k (type: bigint), v (type: string)
                      outputColumnNames: _col0, _col1
                      Statistics: Num rows: 1000000 Data size: 102000000 Basic stats: COMPLETE Column stats: COMPLETE
                      Map Join Operator
                        condition map:
                             Inner Join 0 to 1
                        keys:
                          0 _col0 (type: bigint)
                          1 _col0 (type: bigint)
                        outputColumnNames: _col0, _col2
                        input vertices:
                          0 Map 1
                        Statistics: Num rows: 10000 Data size: 1020000 Basic stats: COMPLETE Column stats: COMPLETE
                        Select Operator
                          expressions: _col0 (type: bigint), _col2 (type: string)
                          outputColumnNames: _col0, _col1
                          Statistics: Num rows: 10000 Data size: 1020000 Basic stats: COMPLETE Column stats: COMPLETE
                          File Output Operator
                            compressed: false
                            Statistics: Num rows: 10000 Data size: 1020000 Basic stats: COMPLETE Column stats: COMPLETE
                            table:
                                input format: org.apache.hadoop.mapred.SequenceFileInputFormat
                                output format: org.apache.hadoop.hive.ql.io.HiveSequenceFileOutputFormat
                                serde: org.apache.hadoop.hive.serde2.lazy.LazySimpleSerDe
            Execution mode: vectorized, llap
            LLAP IO: all inputs

  Stage: Stage-0
    Fetch Operator
      limit: -1
      Processor Tree:
        ListSink

PREHOOK: query: ALTER TABLE t1 UPDATE STATISTICS SET('numRows'='9223372036854775807','rawDataSize'='9223372036854775807')
PREHOOK: type: ALTERTABLE_UPDATETABLESTATS
PREHOOK: Input: default@t1
PREHOOK: Output: default@t1
POSTHOOK: query: ALTER TABLE t1 UPDATE STATISTICS SET('numRows'='9223372036854775807','rawDataSize'='9223372036854775807')
POSTHOOK: type: ALTERTABLE_UPDATETABLESTATS
POSTHOOK: Input: default@t1
POSTHOOK: Output: default@t1
PREHOOK: query: ALTER TABLE t1 UPDATE STATISTICS FOR COLUMN k SET('numDVs'='1000','numNulls'='0')
PREHOOK: type: ALTERTABLE_UPDATETABLESTATS
PREHOOK: Input: default@t1
PREHOOK: Output: default@t1
POSTHOOK: query: ALTER TABLE t1 UPDATE STATISTICS FOR COLUMN k SET('numDVs'='1000','numNulls'='0')
POSTHOOK: type: ALTERTABLE_UPDATETABLESTATS
POSTHOOK: Input: default@t1
POSTHOOK: Output: default@t1
PREHOOK: query: ALTER TABLE t1 UPDATE STATISTICS FOR COLUMN v SET('numDVs'='1000','numNulls'='0','avgColLen'='10.0','maxColLen'='20')
PREHOOK: type: ALTERTABLE_UPDATETABLESTATS
PREHOOK: Input: default@t1
PREHOOK: Output: default@t1
POSTHOOK: query: ALTER TABLE t1 UPDATE STATISTICS FOR COLUMN v SET('numDVs'='1000','numNulls'='0','avgColLen'='10.0','maxColLen'='20')
POSTHOOK: type: ALTERTABLE_UPDATETABLESTATS
POSTHOOK: Input: default@t1
POSTHOOK: Output: default@t1
PREHOOK: query: EXPLAIN SELECT t1.k, t1.v, t2.v FROM t1 JOIN t2 ON t1.k = t2.k
PREHOOK: type: QUERY
PREHOOK: Input: default@t1
PREHOOK: Input: default@t2
#### A masked pattern was here ####
POSTHOOK: query: EXPLAIN SELECT t1.k, t1.v, t2.v FROM t1 JOIN t2 ON t1.k = t2.k
POSTHOOK: type: QUERY
POSTHOOK: Input: default@t1
POSTHOOK: Input: default@t2
#### A masked pattern was here ####
STAGE DEPENDENCIES:
  Stage-1 is a root stage
  Stage-0 depends on stages: Stage-1

STAGE PLANS:
  Stage: Stage-1
    Tez
#### A masked pattern was here ####
      Edges:
        Reducer 2 <- Map 1 (SIMPLE_EDGE), Map 3 (SIMPLE_EDGE)
#### A masked pattern was here ####
      Vertices:
        Map 1 
            Map Operator Tree:
                TableScan
                  alias: t1
                  filterExpr: k is not null (type: boolean)
                  Statistics: Num rows: 9223372036854775807 Data size: 9223372036854775807 Basic stats: COMPLETE Column stats: COMPLETE
                  Filter Operator
                    predicate: k is not null (type: boolean)
                    Statistics: Num rows: 9223372036854775807 Data size: 9223372036854775807 Basic stats: COMPLETE Column stats: COMPLETE
                    Select Operator
                      expressions: k (type: bigint), v (type: string)
                      outputColumnNames: _col0, _col1
                      Statistics: Num rows: 9223372036854775807 Data size: 9223372036854775807 Basic stats: COMPLETE Column stats: COMPLETE
                      Reduce Output Operator
                        key expressions: _col0 (type: bigint)
                        null sort order: z
                        sort order: +
                        Map-reduce partition columns: _col0 (type: bigint)
                        Statistics: Num rows: 9223372036854775807 Data size: 9223372036854775807 Basic stats: COMPLETE Column stats: COMPLETE
                        value expressions: _col1 (type: string)
            Execution mode: vectorized, llap
            LLAP IO: all inputs
        Map 3 
            Map Operator Tree:
                TableScan
                  alias: t2
                  filterExpr: k is not null (type: boolean)
                  Statistics: Num rows: 1000000 Data size: 102000000 Basic stats: COMPLETE Column stats: COMPLETE
                  Filter Operator
                    predicate: k is not null (type: boolean)
                    Statistics: Num rows: 1000000 Data size: 102000000 Basic stats: COMPLETE Column stats: COMPLETE
                    Select Operator
                      expressions: k (type: bigint), v (type: string)
                      outputColumnNames: _col0, _col1
                      Statistics: Num rows: 1000000 Data size: 102000000 Basic stats: COMPLETE Column stats: COMPLETE
                      Reduce Output Operator
                        key expressions: _col0 (type: bigint)
                        null sort order: z
                        sort order: +
                        Map-reduce partition columns: _col0 (type: bigint)
                        Statistics: Num rows: 1000000 Data size: 102000000 Basic stats: COMPLETE Column stats: COMPLETE
                        value expressions: _col1 (type: string)
            Execution mode: vectorized, llap
            LLAP IO: all inputs
        Reducer 2 
            Execution mode: llap
            Reduce Operator Tree:
              Merge Join Operator
                condition map:
                     Inner Join 0 to 1
                keys:
                  0 _col0 (type: bigint)
                  1 _col0 (type: bigint)
                outputColumnNames: _col0, _col1, _col3
                Statistics: Num rows: 9223372036854775807 Data size: 9223372036854775807 Basic stats: COMPLETE Column stats: COMPLETE
                Select Operator
                  expressions: _col0 (type: bigint), _col1 (type: string), _col3 (type: string)
                  outputColumnNames: _col0, _col1, _col2
                  Statistics: Num rows: 9223372036854775807 Data size: 9223372036854775807 Basic stats: COMPLETE Column stats: COMPLETE
                  File Output Operator
                    compressed: false
                    Statistics: Num rows: 9223372036854775807 Data size: 9223372036854775807 Basic stats: COMPLETE Column stats: COMPLETE
                    table:
                        input format: org.apache.hadoop.mapred.SequenceFileInputFormat
                        output format: org.apache.hadoop.hive.ql.io.HiveSequenceFileOutputFormat
                        serde: org.apache.hadoop.hive.serde2.lazy.LazySimpleSerDe

  Stage: Stage-0
    Fetch Operator
      limit: -1
      Processor Tree:
        ListSink

