PREHOOK: query: create table tbl_n1 (n bigint, t string)
PREHOOK: type: CREATETABLE
PREHOOK: Output: database:default
PREHOOK: Output: default@tbl_n1
POSTHOOK: query: create table tbl_n1 (n bigint, t string)
POSTHOOK: type: CREATETABLE
POSTHOOK: Output: database:default
POSTHOOK: Output: default@tbl_n1
PREHOOK: query: insert into tbl_n1 values (1, 'one')
PREHOOK: type: QUERY
PREHOOK: Input: _dummy_database@_dummy_table
PREHOOK: Output: default@tbl_n1
POSTHOOK: query: insert into tbl_n1 values (1, 'one')
POSTHOOK: type: QUERY
POSTHOOK: Input: _dummy_database@_dummy_table
POSTHOOK: Output: default@tbl_n1
POSTHOOK: Lineage: tbl_n1.n SCRIPT []
POSTHOOK: Lineage: tbl_n1.t SCRIPT []
PREHOOK: query: insert into tbl_n1 values(2, 'two')
PREHOOK: type: QUERY
PREHOOK: Input: _dummy_database@_dummy_table
PREHOOK: Output: default@tbl_n1
POSTHOOK: query: insert into tbl_n1 values(2, 'two')
POSTHOOK: type: QUERY
POSTHOOK: Input: _dummy_database@_dummy_table
POSTHOOK: Output: default@tbl_n1
POSTHOOK: Lineage: tbl_n1.n SCRIPT []
POSTHOOK: Lineage: tbl_n1.t SCRIPT []
Warning: Map Join MAPJOIN[15][bigTable=?] in task 'Map 1' is a cross product
PREHOOK: query: explain
select a.n, a.t, isnull(b.n), isnull(b.t) from (select * from tbl_n1 where n = 1) a  left outer join  (select * from tbl_n1 where 1 = 2) b on a.n = b.n
PREHOOK: type: QUERY
PREHOOK: Input: default@tbl_n1
#### A masked pattern was here ####
POSTHOOK: query: explain
select a.n, a.t, isnull(b.n), isnull(b.t) from (select * from tbl_n1 where n = 1) a  left outer join  (select * from tbl_n1 where 1 = 2) b on a.n = b.n
POSTHOOK: type: QUERY
POSTHOOK: Input: default@tbl_n1
#### A masked pattern was here ####
STAGE DEPENDENCIES:
  Stage-1 is a root stage
  Stage-0 depends on stages: Stage-1

STAGE PLANS:
  Stage: Stage-1
    Tez
#### A masked pattern was here ####
      Edges:
        Map 1 <- Map 2 (BROADCAST_EDGE)
#### A masked pattern was here ####
      Vertices:
        Map 1 
            Map Operator Tree:
                TableScan
                  alias: tbl_n1
                  filterExpr: (n = 1L) (type: boolean)
                  Statistics: Num rows: 2 Data size: 190 Basic stats: COMPLETE Column stats: COMPLETE
                  Filter Operator
                    predicate: (n = 1L) (type: boolean)
                    Statistics: Num rows: 1 Data size: 95 Basic stats: COMPLETE Column stats: COMPLETE
                    Select Operator
                      expressions: t (type: string)
                      outputColumnNames: _col0
                      Statistics: Num rows: 1 Data size: 87 Basic stats: COMPLETE Column stats: COMPLETE
                      Map Join Operator
                        condition map:
                             Left Outer Join 0 to 1
                        keys:
                          0 
                          1 
                        outputColumnNames: _col0, _col1, _col2
                        input vertices:
                          1 Map 2
                        Statistics: Num rows: 1 Data size: 182 Basic stats: COMPLETE Column stats: COMPLETE
                        Select Operator
                          expressions: 1L (type: bigint), _col0 (type: string), _col1 is null (type: boolean), _col2 is null (type: boolean)
                          outputColumnNames: _col0, _col1, _col2, _col3
                          Statistics: Num rows: 1 Data size: 103 Basic stats: COMPLETE Column stats: COMPLETE
                          File Output Operator
                            compressed: false
                            Statistics: Num rows: 1 Data size: 103 Basic stats: COMPLETE Column stats: COMPLETE
                            table:
                                input format: org.apache.hadoop.mapred.SequenceFileInputFormat
                                output format: org.apache.hadoop.hive.ql.io.HiveSequenceFileOutputFormat
                                serde: org.apache.hadoop.hive.serde2.lazy.LazySimpleSerDe
            Execution mode: vectorized, llap
            LLAP IO: no inputs
        Map 2 
            Map Operator Tree:
                TableScan
                  alias: tbl_n1
                  Statistics: Num rows: 2 Data size: 190 Basic stats: COMPLETE Column stats: COMPLETE
                  Select Operator
                    expressions: n (type: bigint), t (type: string)
                    outputColumnNames: _col0, _col1
                    Statistics: Num rows: 2 Data size: 190 Basic stats: COMPLETE Column stats: COMPLETE
                    Limit
                      Number of rows: 0
                      Statistics: Num rows: 1 Data size: 95 Basic stats: COMPLETE Column stats: COMPLETE
                      Filter Operator
                        predicate: (_col0 = 1L) (type: boolean)
                        Statistics: Num rows: 1 Data size: 95 Basic stats: COMPLETE Column stats: COMPLETE
                        Select Operator
                          expressions: 1L (type: bigint), _col1 (type: string)
                          outputColumnNames: _col0, _col1
                          Statistics: Num rows: 1 Data size: 95 Basic stats: COMPLETE Column stats: COMPLETE
                          Reduce Output Operator
                            null sort order: 
                            sort order: 
                            Statistics: Num rows: 1 Data size: 95 Basic stats: COMPLETE Column stats: COMPLETE
                            value expressions: _col0 (type: bigint), _col1 (type: string)
            Execution mode: vectorized, llap
            LLAP IO: no inputs

  Stage: Stage-0
    Fetch Operator
      limit: -1
      Processor Tree:
        ListSink

Warning: Map Join MAPJOIN[15][bigTable=?] in task 'Map 1' is a cross product
PREHOOK: query: select a.n, a.t, isnull(b.n), isnull(b.t) from (select * from tbl_n1 where n = 1) a  left outer join  (select * from tbl_n1 where 1 = 2) b on a.n = b.n
PREHOOK: type: QUERY
PREHOOK: Input: default@tbl_n1
#### A masked pattern was here ####
POSTHOOK: query: select a.n, a.t, isnull(b.n), isnull(b.t) from (select * from tbl_n1 where n = 1) a  left outer join  (select * from tbl_n1 where 1 = 2) b on a.n = b.n
POSTHOOK: type: QUERY
POSTHOOK: Input: default@tbl_n1
#### A masked pattern was here ####
1	one	true	true
Warning: Map Join MAPJOIN[15][bigTable=?] in task 'Map 2' is a cross product
PREHOOK: query: explain
select isnull(a.n), isnull(a.t), b.n, b.t from (select * from tbl_n1 where 2 = 1) a  right outer join  (select * from tbl_n1 where n = 2) b on a.n = b.n
PREHOOK: type: QUERY
PREHOOK: Input: default@tbl_n1
#### A masked pattern was here ####
POSTHOOK: query: explain
select isnull(a.n), isnull(a.t), b.n, b.t from (select * from tbl_n1 where 2 = 1) a  right outer join  (select * from tbl_n1 where n = 2) b on a.n = b.n
POSTHOOK: type: QUERY
POSTHOOK: Input: default@tbl_n1
#### A masked pattern was here ####
STAGE DEPENDENCIES:
  Stage-1 is a root stage
  Stage-0 depends on stages: Stage-1

STAGE PLANS:
  Stage: Stage-1
    Tez
#### A masked pattern was here ####
      Edges:
        Map 2 <- Map 1 (BROADCAST_EDGE)
#### A masked pattern was here ####
      Vertices:
        Map 1 
            Map Operator Tree:
                TableScan
                  alias: tbl_n1
                  Statistics: Num rows: 2 Data size: 190 Basic stats: COMPLETE Column stats: COMPLETE
                  Select Operator
                    expressions: n (type: bigint), t (type: string)
                    outputColumnNames: _col0, _col1
                    Statistics: Num rows: 2 Data size: 190 Basic stats: COMPLETE Column stats: COMPLETE
                    Limit
                      Number of rows: 0
                      Statistics: Num rows: 1 Data size: 95 Basic stats: COMPLETE Column stats: COMPLETE
                      Filter Operator
                        predicate: (_col0 = 2L) (type: boolean)
                        Statistics: Num rows: 1 Data size: 95 Basic stats: COMPLETE Column stats: COMPLETE
                        Select Operator
                          expressions: 2L (type: bigint), _col1 (type: string)
                          outputColumnNames: _col0, _col1
                          Statistics: Num rows: 1 Data size: 95 Basic stats: COMPLETE Column stats: COMPLETE
                          Reduce Output Operator
                            null sort order: 
                            sort order: 
                            Statistics: Num rows: 1 Data size: 95 Basic stats: COMPLETE Column stats: COMPLETE
                            value expressions: _col0 (type: bigint), _col1 (type: string)
            Execution mode: vectorized, llap
            LLAP IO: no inputs
        Map 2 
            Map Operator Tree:
                TableScan
                  alias: tbl_n1
                  filterExpr: (n = 2L) (type: boolean)
                  Statistics: Num rows: 2 Data size: 190 Basic stats: COMPLETE Column stats: COMPLETE
                  Filter Operator
                    predicate: (n = 2L) (type: boolean)
                    Statistics: Num rows: 1 Data size: 95 Basic stats: COMPLETE Column stats: COMPLETE
                    Select Operator
                      expressions: t (type: string)
                      outputColumnNames: _col0
                      Statistics: Num rows: 1 Data size: 87 Basic stats: COMPLETE Column stats: COMPLETE
                      Map Join Operator
                        condition map:
                             Right Outer Join 0 to 1
                        filter predicates:
                          0 
                          1 {true}
                        keys:
                          0 
                          1 
                        outputColumnNames: _col0, _col1, _col2
                        input vertices:
                          0 Map 1
                        Statistics: Num rows: 1 Data size: 182 Basic stats: COMPLETE Column stats: COMPLETE
                        Select Operator
                          expressions: _col0 is null (type: boolean), _col1 is null (type: boolean), 2L (type: bigint), _col2 (type: string)
                          outputColumnNames: _col0, _col1, _col2, _col3
                          Statistics: Num rows: 1 Data size: 103 Basic stats: COMPLETE Column stats: COMPLETE
                          File Output Operator
                            compressed: false
                            Statistics: Num rows: 1 Data size: 103 Basic stats: COMPLETE Column stats: COMPLETE
                            table:
                                input format: org.apache.hadoop.mapred.SequenceFileInputFormat
                                output format: org.apache.hadoop.hive.ql.io.HiveSequenceFileOutputFormat
                                serde: org.apache.hadoop.hive.serde2.lazy.LazySimpleSerDe
            Execution mode: vectorized, llap
            LLAP IO: no inputs

  Stage: Stage-0
    Fetch Operator
      limit: -1
      Processor Tree:
        ListSink

Warning: Map Join MAPJOIN[15][bigTable=?] in task 'Map 2' is a cross product
PREHOOK: query: select isnull(a.n), isnull(a.t), b.n, b.t from (select * from tbl_n1 where 2 = 1) a  right outer join  (select * from tbl_n1 where n = 2) b on a.n = b.n
PREHOOK: type: QUERY
PREHOOK: Input: default@tbl_n1
#### A masked pattern was here ####
POSTHOOK: query: select isnull(a.n), isnull(a.t), b.n, b.t from (select * from tbl_n1 where 2 = 1) a  right outer join  (select * from tbl_n1 where n = 2) b on a.n = b.n
POSTHOOK: type: QUERY
POSTHOOK: Input: default@tbl_n1
#### A masked pattern was here ####
true	true	2	two
Warning: Shuffle Join MERGEJOIN[13][tables = [$hdt$_0, $hdt$_1]] in Stage 'Reducer 2' is a cross product
PREHOOK: query: explain
select isnull(a.n), isnull(a.t), isnull(b.n), isnull(b.t) from (select * from tbl_n1 where n = 1) a  full outer join  (select * from tbl_n1 where n = 2) b on a.n = b.n
PREHOOK: type: QUERY
PREHOOK: Input: default@tbl_n1
#### A masked pattern was here ####
POSTHOOK: query: explain
select isnull(a.n), isnull(a.t), isnull(b.n), isnull(b.t) from (select * from tbl_n1 where n = 1) a  full outer join  (select * from tbl_n1 where n = 2) b on a.n = b.n
POSTHOOK: type: QUERY
POSTHOOK: Input: default@tbl_n1
#### A masked pattern was here ####
STAGE DEPENDENCIES:
  Stage-1 is a root stage
  Stage-0 depends on stages: Stage-1

STAGE PLANS:
  Stage: Stage-1
    Tez
#### A masked pattern was here ####
      Edges:
        Reducer 2 <- Map 1 (CUSTOM_SIMPLE_EDGE), Map 3 (CUSTOM_SIMPLE_EDGE)
#### A masked pattern was here ####
      Vertices:
        Map 1 
            Map Operator Tree:
                TableScan
                  alias: tbl_n1
                  filterExpr: (n = 1L) (type: boolean)
                  Statistics: Num rows: 2 Data size: 190 Basic stats: COMPLETE Column stats: COMPLETE
                  Filter Operator
                    predicate: (n = 1L) (type: boolean)
                    Statistics: Num rows: 1 Data size: 95 Basic stats: COMPLETE Column stats: COMPLETE
                    Select Operator
                      expressions: 1L (type: bigint), t (type: string)
                      outputColumnNames: _col0, _col1
                      Statistics: Num rows: 1 Data size: 95 Basic stats: COMPLETE Column stats: COMPLETE
                      Reduce Output Operator
                        null sort order: 
                        sort order: 
                        Statistics: Num rows: 1 Data size: 95 Basic stats: COMPLETE Column stats: COMPLETE
                        value expressions: _col0 (type: bigint), _col1 (type: string)
            Execution mode: vectorized, llap
            LLAP IO: no inputs
        Map 3 
            Map Operator Tree:
                TableScan
                  alias: tbl_n1
                  filterExpr: (n = 2L) (type: boolean)
                  Statistics: Num rows: 2 Data size: 190 Basic stats: COMPLETE Column stats: COMPLETE
                  Filter Operator
                    predicate: (n = 2L) (type: boolean)
                    Statistics: Num rows: 1 Data size: 95 Basic stats: COMPLETE Column stats: COMPLETE
                    Select Operator
                      expressions: 2L (type: bigint), t (type: string)
                      outputColumnNames: _col0, _col1
                      Statistics: Num rows: 1 Data size: 95 Basic stats: COMPLETE Column stats: COMPLETE
                      Reduce Output Operator
                        null sort order: 
                        sort order: 
                        Statistics: Num rows: 1 Data size: 95 Basic stats: COMPLETE Column stats: COMPLETE
                        value expressions: _col0 (type: bigint), _col1 (type: string)
            Execution mode: vectorized, llap
            LLAP IO: no inputs
        Reducer 2 
            Execution mode: llap
            Reduce Operator Tree:
              Merge Join Operator
                condition map:
                     Full Outer Join 0 to 1
                filter predicates:
                  0 
                  1 {false}
                keys:
                  0 
                  1 
                outputColumnNames: _col0, _col1, _col2, _col3
                Statistics: Num rows: 1 Data size: 190 Basic stats: COMPLETE Column stats: COMPLETE
                Select Operator
                  expressions: _col0 is null (type: boolean), _col1 is null (type: boolean), _col2 is null (type: boolean), _col3 is null (type: boolean)
                  outputColumnNames: _col0, _col1, _col2, _col3
                  Statistics: Num rows: 1 Data size: 16 Basic stats: COMPLETE Column stats: COMPLETE
                  File Output Operator
                    compressed: false
                    Statistics: Num rows: 1 Data size: 16 Basic stats: COMPLETE Column stats: COMPLETE
                    table:
                        input format: org.apache.hadoop.mapred.SequenceFileInputFormat
                        output format: org.apache.hadoop.hive.ql.io.HiveSequenceFileOutputFormat
                        serde: org.apache.hadoop.hive.serde2.lazy.LazySimpleSerDe

  Stage: Stage-0
    Fetch Operator
      limit: -1
      Processor Tree:
        ListSink

Warning: Shuffle Join MERGEJOIN[13][tables = [$hdt$_0, $hdt$_1]] in Stage 'Reducer 2' is a cross product
PREHOOK: query: select isnull(a.n), isnull(a.t), isnull(b.n), isnull(b.t) from (select * from tbl_n1 where n = 1) a  full outer join  (select * from tbl_n1 where n = 2) b on a.n = b.n
PREHOOK: type: QUERY
PREHOOK: Input: default@tbl_n1
#### A masked pattern was here ####
POSTHOOK: query: select isnull(a.n), isnull(a.t), isnull(b.n), isnull(b.t) from (select * from tbl_n1 where n = 1) a  full outer join  (select * from tbl_n1 where n = 2) b on a.n = b.n
POSTHOOK: type: QUERY
POSTHOOK: Input: default@tbl_n1
#### A masked pattern was here ####
false	false	true	true
true	true	false	false
Warning: Map Join MAPJOIN[9][bigTable=?] in task 'Map 1' is a cross product
PREHOOK: query: explain
select a.key, a.a_one, b.b_one, a.a_zero, b.b_zero from ( SELECT 11 key, 0 confuse_you, 1 a_one, 0 a_zero ) a join ( SELECT 11 key, 0 confuse_you, 1 b_one, 0 b_zero ) b on a.key = b.key
PREHOOK: type: QUERY
PREHOOK: Input: _dummy_database@_dummy_table
#### A masked pattern was here ####
POSTHOOK: query: explain
select a.key, a.a_one, b.b_one, a.a_zero, b.b_zero from ( SELECT 11 key, 0 confuse_you, 1 a_one, 0 a_zero ) a join ( SELECT 11 key, 0 confuse_you, 1 b_one, 0 b_zero ) b on a.key = b.key
POSTHOOK: type: QUERY
POSTHOOK: Input: _dummy_database@_dummy_table
#### A masked pattern was here ####
STAGE DEPENDENCIES:
  Stage-1 is a root stage
  Stage-0 depends on stages: Stage-1

STAGE PLANS:
  Stage: Stage-1
    Tez
#### A masked pattern was here ####
      Edges:
        Map 1 <- Map 2 (BROADCAST_EDGE)
#### A masked pattern was here ####
      Vertices:
        Map 1 
            Map Operator Tree:
                TableScan
                  alias: _dummy_table
                  Row Limit Per Split: 1
                  Statistics: Num rows: 1 Data size: 10 Basic stats: COMPLETE Column stats: COMPLETE
                  Select Operator
                    Statistics: Num rows: 1 Data size: 4 Basic stats: COMPLETE Column stats: COMPLETE
                    Map Join Operator
                      condition map:
                           Inner Join 0 to 1
                      keys:
                        0 
                        1 
                      input vertices:
                        1 Map 2
                      Statistics: Num rows: 1 Data size: 8 Basic stats: COMPLETE Column stats: COMPLETE
                      Select Operator
                        expressions: 11 (type: int), 1 (type: int), 1 (type: int), 0 (type: int), 0 (type: int)
                        outputColumnNames: _col0, _col1, _col2, _col3, _col4
                        Statistics: Num rows: 1 Data size: 20 Basic stats: COMPLETE Column stats: COMPLETE
                        File Output Operator
                          compressed: false
                          Statistics: Num rows: 1 Data size: 20 Basic stats: COMPLETE Column stats: COMPLETE
                          table:
                              input format: org.apache.hadoop.mapred.SequenceFileInputFormat
                              output format: org.apache.hadoop.hive.ql.io.HiveSequenceFileOutputFormat
                              serde: org.apache.hadoop.hive.serde2.lazy.LazySimpleSerDe
            Execution mode: llap
            LLAP IO: no inputs
        Map 2 
            Map Operator Tree:
                TableScan
                  alias: _dummy_table
                  Row Limit Per Split: 1
                  Statistics: Num rows: 1 Data size: 10 Basic stats: COMPLETE Column stats: COMPLETE
                  Select Operator
                    Statistics: Num rows: 1 Data size: 4 Basic stats: COMPLETE Column stats: COMPLETE
                    Reduce Output Operator
                      null sort order: 
                      sort order: 
                      Statistics: Num rows: 1 Data size: 4 Basic stats: COMPLETE Column stats: COMPLETE
            Execution mode: llap
            LLAP IO: no inputs

  Stage: Stage-0
    Fetch Operator
      limit: -1
      Processor Tree:
        ListSink

Warning: Map Join MAPJOIN[9][bigTable=?] in task 'Map 1' is a cross product
PREHOOK: query: select a.key, a.a_one, b.b_one, a.a_zero, b.b_zero from ( SELECT 11 key, 0 confuse_you, 1 a_one, 0 a_zero ) a join ( SELECT 11 key, 0 confuse_you, 1 b_one, 0 b_zero ) b on a.key = b.key
PREHOOK: type: QUERY
PREHOOK: Input: _dummy_database@_dummy_table
#### A masked pattern was here ####
POSTHOOK: query: select a.key, a.a_one, b.b_one, a.a_zero, b.b_zero from ( SELECT 11 key, 0 confuse_you, 1 a_one, 0 a_zero ) a join ( SELECT 11 key, 0 confuse_you, 1 b_one, 0 b_zero ) b on a.key = b.key
POSTHOOK: type: QUERY
POSTHOOK: Input: _dummy_database@_dummy_table
#### A masked pattern was here ####
11	1	1	0	0
Warning: Map Join MAPJOIN[9][bigTable=?] in task 'Map 1' is a cross product
PREHOOK: query: explain
select a.key, a.a_one, b.b_one, a.a_zero, b.b_zero from ( SELECT 11 key, 0 confuse_you, 1 a_one, 0 a_zero ) a left outer join ( SELECT 11 key, 0 confuse_you, 1 b_one, 0 b_zero ) b on a.key = b.key
PREHOOK: type: QUERY
PREHOOK: Input: _dummy_database@_dummy_table
#### A masked pattern was here ####
POSTHOOK: query: explain
select a.key, a.a_one, b.b_one, a.a_zero, b.b_zero from ( SELECT 11 key, 0 confuse_you, 1 a_one, 0 a_zero ) a left outer join ( SELECT 11 key, 0 confuse_you, 1 b_one, 0 b_zero ) b on a.key = b.key
POSTHOOK: type: QUERY
POSTHOOK: Input: _dummy_database@_dummy_table
#### A masked pattern was here ####
STAGE DEPENDENCIES:
  Stage-1 is a root stage
  Stage-0 depends on stages: Stage-1

STAGE PLANS:
  Stage: Stage-1
    Tez
#### A masked pattern was here ####
      Edges:
        Map 1 <- Map 2 (BROADCAST_EDGE)
#### A masked pattern was here ####
      Vertices:
        Map 1 
            Map Operator Tree:
                TableScan
                  alias: _dummy_table
                  Row Limit Per Split: 1
                  Statistics: Num rows: 1 Data size: 10 Basic stats: COMPLETE Column stats: COMPLETE
                  Select Operator
                    Statistics: Num rows: 1 Data size: 4 Basic stats: COMPLETE Column stats: COMPLETE
                    Map Join Operator
                      condition map:
                           Left Outer Join 0 to 1
                      keys:
                        0 
                        1 
                      outputColumnNames: _col1, _col2
                      input vertices:
                        1 Map 2
                      Statistics: Num rows: 1 Data size: 8 Basic stats: COMPLETE Column stats: COMPLETE
                      Select Operator
                        expressions: 11 (type: int), 1 (type: int), _col1 (type: int), 0 (type: int), _col2 (type: int)
                        outputColumnNames: _col0, _col1, _col2, _col3, _col4
                        Statistics: Num rows: 1 Data size: 20 Basic stats: COMPLETE Column stats: COMPLETE
                        File Output Operator
                          compressed: false
                          Statistics: Num rows: 1 Data size: 20 Basic stats: COMPLETE Column stats: COMPLETE
                          table:
                              input format: org.apache.hadoop.mapred.SequenceFileInputFormat
                              output format: org.apache.hadoop.hive.ql.io.HiveSequenceFileOutputFormat
                              serde: org.apache.hadoop.hive.serde2.lazy.LazySimpleSerDe
            Execution mode: llap
            LLAP IO: no inputs
        Map 2 
            Map Operator Tree:
                TableScan
                  alias: _dummy_table
                  Row Limit Per Split: 1
                  Statistics: Num rows: 1 Data size: 10 Basic stats: COMPLETE Column stats: COMPLETE
                  Select Operator
                    expressions: 1 (type: int), 0 (type: int)
                    outputColumnNames: _col0, _col1
                    Statistics: Num rows: 1 Data size: 8 Basic stats: COMPLETE Column stats: COMPLETE
                    Reduce Output Operator
                      null sort order: 
                      sort order: 
                      Statistics: Num rows: 1 Data size: 8 Basic stats: COMPLETE Column stats: COMPLETE
                      value expressions: _col0 (type: int), _col1 (type: int)
            Execution mode: llap
            LLAP IO: no inputs

  Stage: Stage-0
    Fetch Operator
      limit: -1
      Processor Tree:
        ListSink

Warning: Map Join MAPJOIN[9][bigTable=?] in task 'Map 1' is a cross product
PREHOOK: query: select a.key, a.a_one, b.b_one, a.a_zero, b.b_zero from ( SELECT 11 key, 0 confuse_you, 1 a_one, 0 a_zero ) a left outer join ( SELECT 11 key, 0 confuse_you, 1 b_one, 0 b_zero ) b on a.key = b.key
PREHOOK: type: QUERY
PREHOOK: Input: _dummy_database@_dummy_table
#### A masked pattern was here ####
POSTHOOK: query: select a.key, a.a_one, b.b_one, a.a_zero, b.b_zero from ( SELECT 11 key, 0 confuse_you, 1 a_one, 0 a_zero ) a left outer join ( SELECT 11 key, 0 confuse_you, 1 b_one, 0 b_zero ) b on a.key = b.key
POSTHOOK: type: QUERY
POSTHOOK: Input: _dummy_database@_dummy_table
#### A masked pattern was here ####
11	1	1	0	0
Warning: Map Join MAPJOIN[9][bigTable=?] in task 'Map 2' is a cross product
PREHOOK: query: explain
select a.key, a.a_one, b.b_one, a.a_zero, b.b_zero from ( SELECT 11 key, 0 confuse_you, 1 a_one, 0 a_zero ) a right outer join ( SELECT 11 key, 0 confuse_you, 1 b_one, 0 b_zero ) b on a.key = b.key
PREHOOK: type: QUERY
PREHOOK: Input: _dummy_database@_dummy_table
#### A masked pattern was here ####
POSTHOOK: query: explain
select a.key, a.a_one, b.b_one, a.a_zero, b.b_zero from ( SELECT 11 key, 0 confuse_you, 1 a_one, 0 a_zero ) a right outer join ( SELECT 11 key, 0 confuse_you, 1 b_one, 0 b_zero ) b on a.key = b.key
POSTHOOK: type: QUERY
POSTHOOK: Input: _dummy_database@_dummy_table
#### A masked pattern was here ####
STAGE DEPENDENCIES:
  Stage-1 is a root stage
  Stage-0 depends on stages: Stage-1

STAGE PLANS:
  Stage: Stage-1
    Tez
#### A masked pattern was here ####
      Edges:
        Map 2 <- Map 1 (BROADCAST_EDGE)
#### A masked pattern was here ####
      Vertices:
        Map 1 
            Map Operator Tree:
                TableScan
                  alias: _dummy_table
                  Row Limit Per Split: 1
                  Statistics: Num rows: 1 Data size: 10 Basic stats: COMPLETE Column stats: COMPLETE
                  Select Operator
                    expressions: 11 (type: int), 1 (type: int), 0 (type: int)
                    outputColumnNames: _col0, _col1, _col2
                    Statistics: Num rows: 1 Data size: 12 Basic stats: COMPLETE Column stats: COMPLETE
                    Reduce Output Operator
                      null sort order: 
                      sort order: 
                      Statistics: Num rows: 1 Data size: 12 Basic stats: COMPLETE Column stats: COMPLETE
                      value expressions: _col0 (type: int), _col1 (type: int), _col2 (type: int)
            Execution mode: llap
            LLAP IO: no inputs
        Map 2 
            Map Operator Tree:
                TableScan
                  alias: _dummy_table
                  Row Limit Per Split: 1
                  Statistics: Num rows: 1 Data size: 10 Basic stats: COMPLETE Column stats: COMPLETE
                  Select Operator
                    Statistics: Num rows: 1 Data size: 4 Basic stats: COMPLETE Column stats: COMPLETE
                    Map Join Operator
                      condition map:
                           Right Outer Join 0 to 1
                      filter predicates:
                        0 
                        1 {true}
                      keys:
                        0 
                        1 
                      outputColumnNames: _col0, _col1, _col2
                      input vertices:
                        0 Map 1
                      Statistics: Num rows: 1 Data size: 12 Basic stats: COMPLETE Column stats: COMPLETE
                      Select Operator
                        expressions: _col0 (type: int), _col1 (type: int), 1 (type: int), _col2 (type: int), 0 (type: int)
                        outputColumnNames: _col0, _col1, _col2, _col3, _col4
                        Statistics: Num rows: 1 Data size: 20 Basic stats: COMPLETE Column stats: COMPLETE
                        File Output Operator
                          compressed: false
                          Statistics: Num rows: 1 Data size: 20 Basic stats: COMPLETE Column stats: COMPLETE
                          table:
                              input format: org.apache.hadoop.mapred.SequenceFileInputFormat
                              output format: org.apache.hadoop.hive.ql.io.HiveSequenceFileOutputFormat
                              serde: org.apache.hadoop.hive.serde2.lazy.LazySimpleSerDe
            Execution mode: llap
            LLAP IO: no inputs

  Stage: Stage-0
    Fetch Operator
      limit: -1
      Processor Tree:
        ListSink

Warning: Map Join MAPJOIN[9][bigTable=?] in task 'Map 2' is a cross product
PREHOOK: query: select a.key, a.a_one, b.b_one, a.a_zero, b.b_zero from ( SELECT 11 key, 0 confuse_you, 1 a_one, 0 a_zero ) a right outer join ( SELECT 11 key, 0 confuse_you, 1 b_one, 0 b_zero ) b on a.key = b.key
PREHOOK: type: QUERY
PREHOOK: Input: _dummy_database@_dummy_table
#### A masked pattern was here ####
POSTHOOK: query: select a.key, a.a_one, b.b_one, a.a_zero, b.b_zero from ( SELECT 11 key, 0 confuse_you, 1 a_one, 0 a_zero ) a right outer join ( SELECT 11 key, 0 confuse_you, 1 b_one, 0 b_zero ) b on a.key = b.key
POSTHOOK: type: QUERY
POSTHOOK: Input: _dummy_database@_dummy_table
#### A masked pattern was here ####
11	1	1	0	0
Warning: Map Join MAPJOIN[9][bigTable=?] in task 'Map 2' is a cross product
PREHOOK: query: explain
select a.key, a.a_one, b.b_one, a.a_zero, b.b_zero from ( SELECT 11 key, 0 confuse_you, 1 a_one, 0 a_zero ) a right outer join ( SELECT 11 key, 0 confuse_you, 1 b_one, 0 b_zero ) b on a.key = b.key
PREHOOK: type: QUERY
PREHOOK: Input: _dummy_database@_dummy_table
#### A masked pattern was here ####
POSTHOOK: query: explain
select a.key, a.a_one, b.b_one, a.a_zero, b.b_zero from ( SELECT 11 key, 0 confuse_you, 1 a_one, 0 a_zero ) a right outer join ( SELECT 11 key, 0 confuse_you, 1 b_one, 0 b_zero ) b on a.key = b.key
POSTHOOK: type: QUERY
POSTHOOK: Input: _dummy_database@_dummy_table
#### A masked pattern was here ####
STAGE DEPENDENCIES:
  Stage-1 is a root stage
  Stage-0 depends on stages: Stage-1

STAGE PLANS:
  Stage: Stage-1
    Tez
#### A masked pattern was here ####
      Edges:
        Map 2 <- Map 1 (BROADCAST_EDGE)
#### A masked pattern was here ####
      Vertices:
        Map 1 
            Map Operator Tree:
                TableScan
                  alias: _dummy_table
                  Row Limit Per Split: 1
                  Statistics: Num rows: 1 Data size: 10 Basic stats: COMPLETE Column stats: COMPLETE
                  Select Operator
                    expressions: 11 (type: int), 1 (type: int), 0 (type: int)
                    outputColumnNames: _col0, _col1, _col2
                    Statistics: Num rows: 1 Data size: 12 Basic stats: COMPLETE Column stats: COMPLETE
                    Reduce Output Operator
                      null sort order: 
                      sort order: 
                      Statistics: Num rows: 1 Data size: 12 Basic stats: COMPLETE Column stats: COMPLETE
                      value expressions: _col0 (type: int), _col1 (type: int), _col2 (type: int)
            Execution mode: llap
            LLAP IO: no inputs
        Map 2 
            Map Operator Tree:
                TableScan
                  alias: _dummy_table
                  Row Limit Per Split: 1
                  Statistics: Num rows: 1 Data size: 10 Basic stats: COMPLETE Column stats: COMPLETE
                  Select Operator
                    Statistics: Num rows: 1 Data size: 4 Basic stats: COMPLETE Column stats: COMPLETE
                    Map Join Operator
                      condition map:
                           Right Outer Join 0 to 1
                      filter predicates:
                        0 
                        1 {true}
                      keys:
                        0 
                        1 
                      outputColumnNames: _col0, _col1, _col2
                      input vertices:
                        0 Map 1
                      Statistics: Num rows: 1 Data size: 12 Basic stats: COMPLETE Column stats: COMPLETE
                      Select Operator
                        expressions: _col0 (type: int), _col1 (type: int), 1 (type: int), _col2 (type: int), 0 (type: int)
                        outputColumnNames: _col0, _col1, _col2, _col3, _col4
                        Statistics: Num rows: 1 Data size: 20 Basic stats: COMPLETE Column stats: COMPLETE
                        File Output Operator
                          compressed: false
                          Statistics: Num rows: 1 Data size: 20 Basic stats: COMPLETE Column stats: COMPLETE
                          table:
                              input format: org.apache.hadoop.mapred.SequenceFileInputFormat
                              output format: org.apache.hadoop.hive.ql.io.HiveSequenceFileOutputFormat
                              serde: org.apache.hadoop.hive.serde2.lazy.LazySimpleSerDe
            Execution mode: llap
            LLAP IO: no inputs

  Stage: Stage-0
    Fetch Operator
      limit: -1
      Processor Tree:
        ListSink

Warning: Shuffle Join MERGEJOIN[9][tables = [$hdt$_0, $hdt$_1]] in Stage 'Reducer 2' is a cross product
PREHOOK: query: select a.key, a.a_one, b.b_one, a.a_zero, b.b_zero from ( SELECT 11 key, 0 confuse_you, 1 a_one, 0 a_zero ) a full outer join ( SELECT 11 key, 0 confuse_you, 1 b_one, 0 b_zero ) b on a.key = b.key
PREHOOK: type: QUERY
PREHOOK: Input: _dummy_database@_dummy_table
#### A masked pattern was here ####
POSTHOOK: query: select a.key, a.a_one, b.b_one, a.a_zero, b.b_zero from ( SELECT 11 key, 0 confuse_you, 1 a_one, 0 a_zero ) a full outer join ( SELECT 11 key, 0 confuse_you, 1 b_one, 0 b_zero ) b on a.key = b.key
POSTHOOK: type: QUERY
POSTHOOK: Input: _dummy_database@_dummy_table
#### A masked pattern was here ####
11	1	1	0	0
