PREHOOK: query: SELECT * FROM src1
  RIGHT OUTER JOIN src1 src2 ON (src1.key = src2.key AND src1.key < 10 AND src2.key > 10)
  JOIN src src3 ON (src2.key = src3.key AND src3.key < 300)
  SORT BY src1.key, src2.key, src3.key
PREHOOK: type: QUERY
PREHOOK: Input: default@src
PREHOOK: Input: default@src1
#### A masked pattern was here ####
POSTHOOK: query: SELECT * FROM src1
  RIGHT OUTER JOIN src1 src2 ON (src1.key = src2.key AND src1.key < 10 AND src2.key > 10)
  JOIN src src3 ON (src2.key = src3.key AND src3.key < 300)
  SORT BY src1.key, src2.key, src3.key
POSTHOOK: type: QUERY
POSTHOOK: Input: default@src
POSTHOOK: Input: default@src1
#### A masked pattern was here ####
NULL	NULL	128		128	val_128
NULL	NULL	128		128	val_128
NULL	NULL	128		128	val_128
NULL	NULL	146	val_146	146	val_146
NULL	NULL	146	val_146	146	val_146
NULL	NULL	150	val_150	150	val_150
NULL	NULL	213	val_213	213	val_213
NULL	NULL	213	val_213	213	val_213
NULL	NULL	224		224	val_224
NULL	NULL	224		224	val_224
NULL	NULL	238	val_238	238	val_238
NULL	NULL	238	val_238	238	val_238
NULL	NULL	255	val_255	255	val_255
NULL	NULL	255	val_255	255	val_255
NULL	NULL	273	val_273	273	val_273
NULL	NULL	273	val_273	273	val_273
NULL	NULL	273	val_273	273	val_273
NULL	NULL	278	val_278	278	val_278
NULL	NULL	278	val_278	278	val_278
NULL	NULL	66	val_66	66	val_66
NULL	NULL	98	val_98	98	val_98
NULL	NULL	98	val_98	98	val_98
PREHOOK: query: explain
SELECT /*+ mapjoin(src1, src2) */ * FROM src1
  RIGHT OUTER JOIN src1 src2 ON (src1.key = src2.key AND src1.key < 10 AND src2.key > 10)
  JOIN src src3 ON (src2.key = src3.key AND src3.key < 300)
  SORT BY src1.key, src2.key, src3.key
PREHOOK: type: QUERY
PREHOOK: Input: default@src
PREHOOK: Input: default@src1
#### A masked pattern was here ####
POSTHOOK: query: explain
SELECT /*+ mapjoin(src1, src2) */ * FROM src1
  RIGHT OUTER JOIN src1 src2 ON (src1.key = src2.key AND src1.key < 10 AND src2.key > 10)
  JOIN src src3 ON (src2.key = src3.key AND src3.key < 300)
  SORT BY src1.key, src2.key, src3.key
POSTHOOK: type: QUERY
POSTHOOK: Input: default@src
POSTHOOK: Input: default@src1
#### A masked pattern was here ####
STAGE DEPENDENCIES:
  Stage-1 is a root stage
  Stage-0 depends on stages: Stage-1

STAGE PLANS:
  Stage: Stage-1
    Tez
#### A masked pattern was here ####
      Edges:
        Reducer 2 <- Map 1 (SIMPLE_EDGE), Map 4 (SIMPLE_EDGE), Map 5 (SIMPLE_EDGE)
        Reducer 3 <- Reducer 2 (SIMPLE_EDGE)
#### A masked pattern was here ####
      Vertices:
        Map 1 
            Map Operator Tree:
                TableScan
                  alias: src1
                  filterExpr: (UDFToDouble(key) < 10.0D) (type: boolean)
                  Statistics: Num rows: 25 Data size: 4375 Basic stats: COMPLETE Column stats: COMPLETE
                  Filter Operator
                    predicate: (UDFToDouble(key) < 10.0D) (type: boolean)
                    Statistics: Num rows: 8 Data size: 1400 Basic stats: COMPLETE Column stats: COMPLETE
                    Select Operator
                      expressions: key (type: string), value (type: string)
                      outputColumnNames: _col0, _col1
                      Statistics: Num rows: 8 Data size: 1400 Basic stats: COMPLETE Column stats: COMPLETE
                      Reduce Output Operator
                        key expressions: _col0 (type: string)
                        null sort order: z
                        sort order: +
                        Map-reduce partition columns: _col0 (type: string)
                        Statistics: Num rows: 8 Data size: 1400 Basic stats: COMPLETE Column stats: COMPLETE
                        value expressions: _col1 (type: string)
            Execution mode: vectorized, llap
            LLAP IO: all inputs
        Map 4 
            Map Operator Tree:
                TableScan
                  alias: src2
                  filterExpr: (UDFToDouble(key) < 300.0D) (type: boolean)
                  Statistics: Num rows: 25 Data size: 4375 Basic stats: COMPLETE Column stats: COMPLETE
                  Filter Operator
                    predicate: (UDFToDouble(key) < 300.0D) (type: boolean)
                    Statistics: Num rows: 8 Data size: 1400 Basic stats: COMPLETE Column stats: COMPLETE
                    Select Operator
                      expressions: key (type: string), value (type: string)
                      outputColumnNames: _col0, _col1
                      Statistics: Num rows: 8 Data size: 1400 Basic stats: COMPLETE Column stats: COMPLETE
                      Reduce Output Operator
                        key expressions: _col0 (type: string)
                        null sort order: z
                        sort order: +
                        Map-reduce partition columns: _col0 (type: string)
                        Statistics: Num rows: 8 Data size: 1400 Basic stats: COMPLETE Column stats: COMPLETE
                        value expressions: _col1 (type: string)
            Execution mode: vectorized, llap
            LLAP IO: all inputs
        Map 5 
            Map Operator Tree:
                TableScan
                  alias: src3
                  filterExpr: (UDFToDouble(key) < 300.0D) (type: boolean)
                  Statistics: Num rows: 500 Data size: 89000 Basic stats: COMPLETE Column stats: COMPLETE
                  Filter Operator
                    predicate: (UDFToDouble(key) < 300.0D) (type: boolean)
                    Statistics: Num rows: 166 Data size: 29548 Basic stats: COMPLETE Column stats: COMPLETE
                    Select Operator
                      expressions: key (type: string), value (type: string)
                      outputColumnNames: _col0, _col1
                      Statistics: Num rows: 166 Data size: 29548 Basic stats: COMPLETE Column stats: COMPLETE
                      Reduce Output Operator
                        key expressions: _col0 (type: string)
                        null sort order: z
                        sort order: +
                        Map-reduce partition columns: _col0 (type: string)
                        Statistics: Num rows: 166 Data size: 29548 Basic stats: COMPLETE Column stats: COMPLETE
                        value expressions: _col1 (type: string)
            Execution mode: vectorized, llap
            LLAP IO: all inputs
        Reducer 2 
            Execution mode: llap
            Reduce Operator Tree:
              Merge Join Operator
                condition map:
                     Right Outer Join 0 to 1
                     Inner Join 1 to 2
                filter predicates:
                  0 
                  1 {(UDFToDouble(KEY.reducesinkkey0) > 10.0D)}
                  2 
                keys:
                  0 _col0 (type: string)
                  1 _col0 (type: string)
                  2 _col0 (type: string)
                outputColumnNames: _col0, _col1, _col2, _col3, _col4, _col5
                Statistics: Num rows: 8 Data size: 4224 Basic stats: COMPLETE Column stats: COMPLETE
                Reduce Output Operator
                  key expressions: _col0 (type: string), _col2 (type: string), _col4 (type: string)
                  null sort order: zzz
                  sort order: +++
                  Statistics: Num rows: 8 Data size: 4224 Basic stats: COMPLETE Column stats: COMPLETE
                  value expressions: _col1 (type: string), _col3 (type: string), _col5 (type: string)
        Reducer 3 
            Execution mode: vectorized, llap
            Reduce Operator Tree:
              Select Operator
                expressions: KEY.reducesinkkey0 (type: string), VALUE._col0 (type: string), KEY.reducesinkkey1 (type: string), VALUE._col1 (type: string), KEY.reducesinkkey2 (type: string), VALUE._col2 (type: string)
                outputColumnNames: _col0, _col1, _col2, _col3, _col4, _col5
                Statistics: Num rows: 8 Data size: 4224 Basic stats: COMPLETE Column stats: COMPLETE
                File Output Operator
                  compressed: false
                  Statistics: Num rows: 8 Data size: 4224 Basic stats: COMPLETE Column stats: COMPLETE
                  table:
                      input format: org.apache.hadoop.mapred.SequenceFileInputFormat
                      output format: org.apache.hadoop.hive.ql.io.HiveSequenceFileOutputFormat
                      serde: org.apache.hadoop.hive.serde2.lazy.LazySimpleSerDe

  Stage: Stage-0
    Fetch Operator
      limit: -1
      Processor Tree:
        ListSink

PREHOOK: query: SELECT /*+ mapjoin(src1, src2) */ * FROM src1
  RIGHT OUTER JOIN src1 src2 ON (src1.key = src2.key AND src1.key < 10 AND src2.key > 10)
  JOIN src src3 ON (src2.key = src3.key AND src3.key < 300)
  SORT BY src1.key, src2.key, src3.key
PREHOOK: type: QUERY
PREHOOK: Input: default@src
PREHOOK: Input: default@src1
#### A masked pattern was here ####
POSTHOOK: query: SELECT /*+ mapjoin(src1, src2) */ * FROM src1
  RIGHT OUTER JOIN src1 src2 ON (src1.key = src2.key AND src1.key < 10 AND src2.key > 10)
  JOIN src src3 ON (src2.key = src3.key AND src3.key < 300)
  SORT BY src1.key, src2.key, src3.key
POSTHOOK: type: QUERY
POSTHOOK: Input: default@src
POSTHOOK: Input: default@src1
#### A masked pattern was here ####
NULL	NULL	128		128	val_128
NULL	NULL	128		128	val_128
NULL	NULL	128		128	val_128
NULL	NULL	146	val_146	146	val_146
NULL	NULL	146	val_146	146	val_146
NULL	NULL	150	val_150	150	val_150
NULL	NULL	213	val_213	213	val_213
NULL	NULL	213	val_213	213	val_213
NULL	NULL	224		224	val_224
NULL	NULL	224		224	val_224
NULL	NULL	238	val_238	238	val_238
NULL	NULL	238	val_238	238	val_238
NULL	NULL	255	val_255	255	val_255
NULL	NULL	255	val_255	255	val_255
NULL	NULL	273	val_273	273	val_273
NULL	NULL	273	val_273	273	val_273
NULL	NULL	273	val_273	273	val_273
NULL	NULL	278	val_278	278	val_278
NULL	NULL	278	val_278	278	val_278
NULL	NULL	66	val_66	66	val_66
NULL	NULL	98	val_98	98	val_98
NULL	NULL	98	val_98	98	val_98
PREHOOK: query: explain
SELECT * FROM src1
  RIGHT OUTER JOIN src1 src2 ON (src1.key = src2.key AND src1.key < 10 AND src2.key > 10)
  JOIN src src3 ON (src2.key = src3.key AND src3.key < 300)
  SORT BY src1.key, src2.key, src3.key
PREHOOK: type: QUERY
PREHOOK: Input: default@src
PREHOOK: Input: default@src1
#### A masked pattern was here ####
POSTHOOK: query: explain
SELECT * FROM src1
  RIGHT OUTER JOIN src1 src2 ON (src1.key = src2.key AND src1.key < 10 AND src2.key > 10)
  JOIN src src3 ON (src2.key = src3.key AND src3.key < 300)
  SORT BY src1.key, src2.key, src3.key
POSTHOOK: type: QUERY
POSTHOOK: Input: default@src
POSTHOOK: Input: default@src1
#### A masked pattern was here ####
STAGE DEPENDENCIES:
  Stage-1 is a root stage
  Stage-0 depends on stages: Stage-1

STAGE PLANS:
  Stage: Stage-1
    Tez
#### A masked pattern was here ####
      Edges:
        Map 3 <- Map 1 (BROADCAST_EDGE), Reducer 2 (BROADCAST_EDGE)
        Reducer 2 <- Map 1 (SIMPLE_EDGE)
        Reducer 4 <- Map 3 (SIMPLE_EDGE)
#### A masked pattern was here ####
      Vertices:
        Map 1 
            Map Operator Tree:
                TableScan
                  alias: src2
                  filterExpr: ((UDFToDouble(key) < 300.0D) or (UDFToDouble(key) < 10.0D)) (type: boolean)
                  Statistics: Num rows: 25 Data size: 4375 Basic stats: COMPLETE Column stats: COMPLETE
                  Filter Operator
                    predicate: (UDFToDouble(key) < 300.0D) (type: boolean)
                    Statistics: Num rows: 8 Data size: 1400 Basic stats: COMPLETE Column stats: COMPLETE
                    Select Operator
                      expressions: key (type: string), value (type: string)
                      outputColumnNames: _col0, _col1
                      Statistics: Num rows: 8 Data size: 1400 Basic stats: COMPLETE Column stats: COMPLETE
                      Reduce Output Operator
                        key expressions: _col0 (type: string)
                        null sort order: z
                        sort order: +
                        Map-reduce partition columns: _col0 (type: string)
                        Statistics: Num rows: 8 Data size: 1400 Basic stats: COMPLETE Column stats: COMPLETE
                        value expressions: _col1 (type: string)
                  Filter Operator
                    predicate: (UDFToDouble(key) < 10.0D) (type: boolean)
                    Statistics: Num rows: 8 Data size: 1400 Basic stats: COMPLETE Column stats: COMPLETE
                    Select Operator
                      expressions: key (type: string), value (type: string)
                      outputColumnNames: _col0, _col1
                      Statistics: Num rows: 8 Data size: 1400 Basic stats: COMPLETE Column stats: COMPLETE
                      Reduce Output Operator
                        key expressions: _col0 (type: string)
                        null sort order: z
                        sort order: +
                        Map-reduce partition columns: _col0 (type: string)
                        Statistics: Num rows: 8 Data size: 1400 Basic stats: COMPLETE Column stats: COMPLETE
                        value expressions: _col1 (type: string)
            Execution mode: vectorized, llap
            LLAP IO: all inputs
        Map 3 
            Map Operator Tree:
                TableScan
                  alias: src3
                  filterExpr: (UDFToDouble(key) < 300.0D) (type: boolean)
                  Statistics: Num rows: 500 Data size: 89000 Basic stats: COMPLETE Column stats: COMPLETE
                  Filter Operator
                    predicate: (UDFToDouble(key) < 300.0D) (type: boolean)
                    Statistics: Num rows: 166 Data size: 29548 Basic stats: COMPLETE Column stats: COMPLETE
                    Select Operator
                      expressions: key (type: string), value (type: string)
                      outputColumnNames: _col0, _col1
                      Statistics: Num rows: 166 Data size: 29548 Basic stats: COMPLETE Column stats: COMPLETE
                      Map Join Operator
                        condition map:
                             Right Outer Join 0 to 1
                             Inner Join 1 to 2
                        filter predicates:
                          0 
                          1 {(UDFToDouble(_col0) > 10.0D)}
                          2 
                        keys:
                          0 _col0 (type: string)
                          1 _col0 (type: string)
                          2 _col0 (type: string)
                        outputColumnNames: _col0, _col1, _col2, _col3, _col4, _col5
                        input vertices:
                          0 Map 1
                          1 Reducer 2
                        Statistics: Num rows: 8 Data size: 4224 Basic stats: COMPLETE Column stats: COMPLETE
                        Reduce Output Operator
                          key expressions: _col0 (type: string), _col2 (type: string), _col4 (type: string)
                          null sort order: zzz
                          sort order: +++
                          Statistics: Num rows: 8 Data size: 4224 Basic stats: COMPLETE Column stats: COMPLETE
                          value expressions: _col1 (type: string), _col3 (type: string), _col5 (type: string)
            Execution mode: vectorized, llap
            LLAP IO: all inputs
        Reducer 2 
            Execution mode: vectorized, llap
            Reduce Operator Tree:
              Select Operator
                expressions: KEY.reducesinkkey0 (type: string), VALUE._col0 (type: string)
                outputColumnNames: _col0, _col1
                Reduce Output Operator
                  key expressions: _col0 (type: string)
                  null sort order: z
                  sort order: +
                  Map-reduce partition columns: _col0 (type: string)
                  Statistics: Num rows: 8 Data size: 1400 Basic stats: COMPLETE Column stats: COMPLETE
                  value expressions: _col1 (type: string), (UDFToShort((not (UDFToDouble(_col0) > 10.0D))) * 1S) (type: smallint)
        Reducer 4 
            Execution mode: vectorized, llap
            Reduce Operator Tree:
              Select Operator
                expressions: KEY.reducesinkkey0 (type: string), VALUE._col0 (type: string), KEY.reducesinkkey1 (type: string), VALUE._col1 (type: string), KEY.reducesinkkey2 (type: string), VALUE._col2 (type: string)
                outputColumnNames: _col0, _col1, _col2, _col3, _col4, _col5
                Statistics: Num rows: 8 Data size: 4224 Basic stats: COMPLETE Column stats: COMPLETE
                File Output Operator
                  compressed: false
                  Statistics: Num rows: 8 Data size: 4224 Basic stats: COMPLETE Column stats: COMPLETE
                  table:
                      input format: org.apache.hadoop.mapred.SequenceFileInputFormat
                      output format: org.apache.hadoop.hive.ql.io.HiveSequenceFileOutputFormat
                      serde: org.apache.hadoop.hive.serde2.lazy.LazySimpleSerDe

  Stage: Stage-0
    Fetch Operator
      limit: -1
      Processor Tree:
        ListSink

PREHOOK: query: SELECT * FROM src1
  RIGHT OUTER JOIN src1 src2 ON (src1.key = src2.key AND src1.key < 10 AND src2.key > 10)
  JOIN src src3 ON (src2.key = src3.key AND src3.key < 300)
  SORT BY src1.key, src2.key, src3.key
PREHOOK: type: QUERY
PREHOOK: Input: default@src
PREHOOK: Input: default@src1
#### A masked pattern was here ####
POSTHOOK: query: SELECT * FROM src1
  RIGHT OUTER JOIN src1 src2 ON (src1.key = src2.key AND src1.key < 10 AND src2.key > 10)
  JOIN src src3 ON (src2.key = src3.key AND src3.key < 300)
  SORT BY src1.key, src2.key, src3.key
POSTHOOK: type: QUERY
POSTHOOK: Input: default@src
POSTHOOK: Input: default@src1
#### A masked pattern was here ####
NULL	NULL	128		128	val_128
NULL	NULL	128		128	val_128
NULL	NULL	128		128	val_128
NULL	NULL	146	val_146	146	val_146
NULL	NULL	146	val_146	146	val_146
NULL	NULL	150	val_150	150	val_150
NULL	NULL	213	val_213	213	val_213
NULL	NULL	213	val_213	213	val_213
NULL	NULL	224		224	val_224
NULL	NULL	224		224	val_224
NULL	NULL	238	val_238	238	val_238
NULL	NULL	238	val_238	238	val_238
NULL	NULL	255	val_255	255	val_255
NULL	NULL	255	val_255	255	val_255
NULL	NULL	273	val_273	273	val_273
NULL	NULL	273	val_273	273	val_273
NULL	NULL	273	val_273	273	val_273
NULL	NULL	278	val_278	278	val_278
NULL	NULL	278	val_278	278	val_278
NULL	NULL	66	val_66	66	val_66
NULL	NULL	98	val_98	98	val_98
NULL	NULL	98	val_98	98	val_98
PREHOOK: query: explain
SELECT * FROM src1 FULL OUTER JOIN src1 src2 ON (src1.key = src2.key AND src1.key < 10)
PREHOOK: type: QUERY
PREHOOK: Input: default@src1
#### A masked pattern was here ####
POSTHOOK: query: explain
SELECT * FROM src1 FULL OUTER JOIN src1 src2 ON (src1.key = src2.key AND src1.key < 10)
POSTHOOK: type: QUERY
POSTHOOK: Input: default@src1
#### A masked pattern was here ####
STAGE DEPENDENCIES:
  Stage-1 is a root stage
  Stage-0 depends on stages: Stage-1

STAGE PLANS:
  Stage: Stage-1
    Tez
#### A masked pattern was here ####
      Edges:
        Reducer 2 <- Map 1 (SIMPLE_EDGE), Map 3 (SIMPLE_EDGE)
#### A masked pattern was here ####
      Vertices:
        Map 1 
            Map Operator Tree:
                TableScan
                  alias: src1
                  Statistics: Num rows: 25 Data size: 4375 Basic stats: COMPLETE Column stats: COMPLETE
                  Select Operator
                    expressions: key (type: string), value (type: string), (UDFToDouble(key) < 10.0D) (type: boolean)
                    outputColumnNames: _col0, _col1, _col2
                    Statistics: Num rows: 25 Data size: 4475 Basic stats: COMPLETE Column stats: COMPLETE
                    Reduce Output Operator
                      key expressions: _col0 (type: string)
                      null sort order: z
                      sort order: +
                      Map-reduce partition columns: _col0 (type: string)
                      Statistics: Num rows: 25 Data size: 4475 Basic stats: COMPLETE Column stats: COMPLETE
                      value expressions: _col1 (type: string), _col2 (type: boolean)
            Execution mode: vectorized, llap
            LLAP IO: all inputs
        Map 3 
            Map Operator Tree:
                TableScan
                  alias: src2
                  Statistics: Num rows: 25 Data size: 4375 Basic stats: COMPLETE Column stats: COMPLETE
                  Select Operator
                    expressions: key (type: string), value (type: string)
                    outputColumnNames: _col0, _col1
                    Statistics: Num rows: 25 Data size: 4375 Basic stats: COMPLETE Column stats: COMPLETE
                    Reduce Output Operator
                      key expressions: _col0 (type: string)
                      null sort order: z
                      sort order: +
                      Map-reduce partition columns: _col0 (type: string)
                      Statistics: Num rows: 25 Data size: 4375 Basic stats: COMPLETE Column stats: COMPLETE
                      value expressions: _col1 (type: string)
            Execution mode: vectorized, llap
            LLAP IO: all inputs
        Reducer 2 
            Execution mode: llap
            Reduce Operator Tree:
              Merge Join Operator
                condition map:
                     Full Outer Join 0 to 1
                filter predicates:
                  0 {VALUE._col1}
                  1 
                keys:
                  0 _col0 (type: string)
                  1 _col0 (type: string)
                outputColumnNames: _col0, _col1, _col3, _col4
                Statistics: Num rows: 50 Data size: 17500 Basic stats: COMPLETE Column stats: COMPLETE
                Select Operator
                  expressions: _col0 (type: string), _col1 (type: string), _col3 (type: string), _col4 (type: string)
                  outputColumnNames: _col0, _col1, _col2, _col3
                  Statistics: Num rows: 50 Data size: 17500 Basic stats: COMPLETE Column stats: COMPLETE
                  File Output Operator
                    compressed: false
                    Statistics: Num rows: 50 Data size: 17500 Basic stats: COMPLETE Column stats: COMPLETE
                    table:
                        input format: org.apache.hadoop.mapred.SequenceFileInputFormat
                        output format: org.apache.hadoop.hive.ql.io.HiveSequenceFileOutputFormat
                        serde: org.apache.hadoop.hive.serde2.lazy.LazySimpleSerDe

  Stage: Stage-0
    Fetch Operator
      limit: -1
      Processor Tree:
        ListSink

PREHOOK: query: SELECT * FROM src1 FULL OUTER JOIN src1 src2 ON (src1.key = src2.key AND src1.key < 10)
PREHOOK: type: QUERY
PREHOOK: Input: default@src1
#### A masked pattern was here ####
POSTHOOK: query: SELECT * FROM src1 FULL OUTER JOIN src1 src2 ON (src1.key = src2.key AND src1.key < 10)
POSTHOOK: type: QUERY
POSTHOOK: Input: default@src1
#### A masked pattern was here ####
		NULL	NULL
		NULL	NULL
		NULL	NULL
		NULL	NULL
	val_165	NULL	NULL
	val_193	NULL	NULL
	val_265	NULL	NULL
	val_27	NULL	NULL
	val_409	NULL	NULL
	val_484	NULL	NULL
128		NULL	NULL
146	val_146	NULL	NULL
150	val_150	NULL	NULL
213	val_213	NULL	NULL
224		NULL	NULL
238	val_238	NULL	NULL
255	val_255	NULL	NULL
273	val_273	NULL	NULL
278	val_278	NULL	NULL
311	val_311	NULL	NULL
369		NULL	NULL
401	val_401	NULL	NULL
406	val_406	NULL	NULL
66	val_66	NULL	NULL
98	val_98	NULL	NULL
NULL	NULL		
NULL	NULL		
NULL	NULL		
NULL	NULL		
NULL	NULL		val_165
NULL	NULL		val_193
NULL	NULL		val_265
NULL	NULL		val_27
NULL	NULL		val_409
NULL	NULL		val_484
NULL	NULL	128	
NULL	NULL	146	val_146
NULL	NULL	150	val_150
NULL	NULL	213	val_213
NULL	NULL	224	
NULL	NULL	238	val_238
NULL	NULL	255	val_255
NULL	NULL	273	val_273
NULL	NULL	278	val_278
NULL	NULL	311	val_311
NULL	NULL	369	
NULL	NULL	401	val_401
NULL	NULL	406	val_406
NULL	NULL	66	val_66
NULL	NULL	98	val_98
PREHOOK: query: explain
SELECT * FROM src1 FULL OUTER JOIN src1 src2 ON (src1.key = src2.key AND src2.key < 10)
PREHOOK: type: QUERY
PREHOOK: Input: default@src1
#### A masked pattern was here ####
POSTHOOK: query: explain
SELECT * FROM src1 FULL OUTER JOIN src1 src2 ON (src1.key = src2.key AND src2.key < 10)
POSTHOOK: type: QUERY
POSTHOOK: Input: default@src1
#### A masked pattern was here ####
STAGE DEPENDENCIES:
  Stage-1 is a root stage
  Stage-0 depends on stages: Stage-1

STAGE PLANS:
  Stage: Stage-1
    Tez
#### A masked pattern was here ####
      Edges:
        Reducer 2 <- Map 1 (SIMPLE_EDGE), Map 3 (SIMPLE_EDGE)
#### A masked pattern was here ####
      Vertices:
        Map 1 
            Map Operator Tree:
                TableScan
                  alias: src1
                  Statistics: Num rows: 25 Data size: 4375 Basic stats: COMPLETE Column stats: COMPLETE
                  Select Operator
                    expressions: key (type: string), value (type: string)
                    outputColumnNames: _col0, _col1
                    Statistics: Num rows: 25 Data size: 4375 Basic stats: COMPLETE Column stats: COMPLETE
                    Reduce Output Operator
                      key expressions: _col0 (type: string)
                      null sort order: z
                      sort order: +
                      Map-reduce partition columns: _col0 (type: string)
                      Statistics: Num rows: 25 Data size: 4375 Basic stats: COMPLETE Column stats: COMPLETE
                      value expressions: _col1 (type: string)
            Execution mode: vectorized, llap
            LLAP IO: all inputs
        Map 3 
            Map Operator Tree:
                TableScan
                  alias: src2
                  Statistics: Num rows: 25 Data size: 4375 Basic stats: COMPLETE Column stats: COMPLETE
                  Select Operator
                    expressions: key (type: string), value (type: string), (UDFToDouble(key) < 10.0D) (type: boolean)
                    outputColumnNames: _col0, _col1, _col2
                    Statistics: Num rows: 25 Data size: 4475 Basic stats: COMPLETE Column stats: COMPLETE
                    Reduce Output Operator
                      key expressions: _col0 (type: string)
                      null sort order: z
                      sort order: +
                      Map-reduce partition columns: _col0 (type: string)
                      Statistics: Num rows: 25 Data size: 4475 Basic stats: COMPLETE Column stats: COMPLETE
                      value expressions: _col1 (type: string), _col2 (type: boolean)
            Execution mode: vectorized, llap
            LLAP IO: all inputs
        Reducer 2 
            Execution mode: llap
            Reduce Operator Tree:
              Merge Join Operator
                condition map:
                     Full Outer Join 0 to 1
                filter predicates:
                  0 
                  1 {VALUE._col1}
                keys:
                  0 _col0 (type: string)
                  1 _col0 (type: string)
                outputColumnNames: _col0, _col1, _col2, _col3
                Statistics: Num rows: 50 Data size: 17500 Basic stats: COMPLETE Column stats: COMPLETE
                File Output Operator
                  compressed: false
                  Statistics: Num rows: 50 Data size: 17500 Basic stats: COMPLETE Column stats: COMPLETE
                  table:
                      input format: org.apache.hadoop.mapred.SequenceFileInputFormat
                      output format: org.apache.hadoop.hive.ql.io.HiveSequenceFileOutputFormat
                      serde: org.apache.hadoop.hive.serde2.lazy.LazySimpleSerDe

  Stage: Stage-0
    Fetch Operator
      limit: -1
      Processor Tree:
        ListSink

PREHOOK: query: SELECT * FROM src1 FULL OUTER JOIN src1 src2 ON (src1.key = src2.key AND src2.key < 10)
PREHOOK: type: QUERY
PREHOOK: Input: default@src1
#### A masked pattern was here ####
POSTHOOK: query: SELECT * FROM src1 FULL OUTER JOIN src1 src2 ON (src1.key = src2.key AND src2.key < 10)
POSTHOOK: type: QUERY
POSTHOOK: Input: default@src1
#### A masked pattern was here ####
		NULL	NULL
		NULL	NULL
		NULL	NULL
		NULL	NULL
	val_165	NULL	NULL
	val_193	NULL	NULL
	val_265	NULL	NULL
	val_27	NULL	NULL
	val_409	NULL	NULL
	val_484	NULL	NULL
128		NULL	NULL
146	val_146	NULL	NULL
150	val_150	NULL	NULL
213	val_213	NULL	NULL
224		NULL	NULL
238	val_238	NULL	NULL
255	val_255	NULL	NULL
273	val_273	NULL	NULL
278	val_278	NULL	NULL
311	val_311	NULL	NULL
369		NULL	NULL
401	val_401	NULL	NULL
406	val_406	NULL	NULL
66	val_66	NULL	NULL
98	val_98	NULL	NULL
NULL	NULL		
NULL	NULL		
NULL	NULL		
NULL	NULL		
NULL	NULL		val_165
NULL	NULL		val_193
NULL	NULL		val_265
NULL	NULL		val_27
NULL	NULL		val_409
NULL	NULL		val_484
NULL	NULL	128	
NULL	NULL	146	val_146
NULL	NULL	150	val_150
NULL	NULL	213	val_213
NULL	NULL	224	
NULL	NULL	238	val_238
NULL	NULL	255	val_255
NULL	NULL	273	val_273
NULL	NULL	278	val_278
NULL	NULL	311	val_311
NULL	NULL	369	
NULL	NULL	401	val_401
NULL	NULL	406	val_406
NULL	NULL	66	val_66
NULL	NULL	98	val_98
PREHOOK: query: DROP TABLE IF EXISTS c
PREHOOK: type: DROPTABLE
POSTHOOK: query: DROP TABLE IF EXISTS c
POSTHOOK: type: DROPTABLE
PREHOOK: query: CREATE TABLE c (key int, value int)
PREHOOK: type: CREATETABLE
PREHOOK: Output: database:default
PREHOOK: Output: default@c
POSTHOOK: query: CREATE TABLE c (key int, value int)
POSTHOOK: type: CREATETABLE
POSTHOOK: Output: database:default
POSTHOOK: Output: default@c
PREHOOK: query: INSERT INTO c VALUES (1, 0), (2, 0)
PREHOOK: type: QUERY
PREHOOK: Input: _dummy_database@_dummy_table
PREHOOK: Output: default@c
POSTHOOK: query: INSERT INTO c VALUES (1, 0), (2, 0)
POSTHOOK: type: QUERY
POSTHOOK: Input: _dummy_database@_dummy_table
POSTHOOK: Output: default@c
POSTHOOK: Lineage: c.key SCRIPT []
POSTHOOK: Lineage: c.value SCRIPT []
PREHOOK: query: DROP TABLE IF EXISTS d
PREHOOK: type: DROPTABLE
POSTHOOK: query: DROP TABLE IF EXISTS d
POSTHOOK: type: DROPTABLE
PREHOOK: query: CREATE TABLE d (key int, value int)
PREHOOK: type: CREATETABLE
PREHOOK: Output: database:default
PREHOOK: Output: default@d
POSTHOOK: query: CREATE TABLE d (key int, value int)
POSTHOOK: type: CREATETABLE
POSTHOOK: Output: database:default
POSTHOOK: Output: default@d
PREHOOK: query: INSERT INTO d VALUES (1, 1), (2, 1)
PREHOOK: type: QUERY
PREHOOK: Input: _dummy_database@_dummy_table
PREHOOK: Output: default@d
POSTHOOK: query: INSERT INTO d VALUES (1, 1), (2, 1)
POSTHOOK: type: QUERY
POSTHOOK: Input: _dummy_database@_dummy_table
POSTHOOK: Output: default@d
POSTHOOK: Lineage: d.key SCRIPT []
POSTHOOK: Lineage: d.value SCRIPT []
PREHOOK: query: explain
SELECT * from c FULL OUTER JOIN d on c.key = d.key AND c.key > 0 AND d.key > 1
PREHOOK: type: QUERY
PREHOOK: Input: default@c
PREHOOK: Input: default@d
#### A masked pattern was here ####
POSTHOOK: query: explain
SELECT * from c FULL OUTER JOIN d on c.key = d.key AND c.key > 0 AND d.key > 1
POSTHOOK: type: QUERY
POSTHOOK: Input: default@c
POSTHOOK: Input: default@d
#### A masked pattern was here ####
STAGE DEPENDENCIES:
  Stage-1 is a root stage
  Stage-0 depends on stages: Stage-1

STAGE PLANS:
  Stage: Stage-1
    Tez
#### A masked pattern was here ####
      Edges:
        Reducer 2 <- Map 1 (CUSTOM_SIMPLE_EDGE), Map 3 (CUSTOM_SIMPLE_EDGE)
#### A masked pattern was here ####
      Vertices:
        Map 1 
            Map Operator Tree:
                TableScan
                  alias: c
                  Statistics: Num rows: 2 Data size: 16 Basic stats: COMPLETE Column stats: COMPLETE
                  Select Operator
                    expressions: key (type: int), value (type: int), (key > 0) (type: boolean)
                    outputColumnNames: _col0, _col1, _col2
                    Statistics: Num rows: 2 Data size: 24 Basic stats: COMPLETE Column stats: COMPLETE
                    Reduce Output Operator
                      key expressions: _col0 (type: int)
                      null sort order: z
                      sort order: +
                      Map-reduce partition columns: _col0 (type: int)
                      Statistics: Num rows: 2 Data size: 24 Basic stats: COMPLETE Column stats: COMPLETE
                      value expressions: _col1 (type: int), _col2 (type: boolean)
            Execution mode: llap
            LLAP IO: all inputs
        Map 3 
            Map Operator Tree:
                TableScan
                  alias: d
                  Statistics: Num rows: 2 Data size: 16 Basic stats: COMPLETE Column stats: COMPLETE
                  Select Operator
                    expressions: key (type: int), value (type: int), (key > 1) (type: boolean)
                    outputColumnNames: _col0, _col1, _col2
                    Statistics: Num rows: 2 Data size: 24 Basic stats: COMPLETE Column stats: COMPLETE
                    Reduce Output Operator
                      key expressions: _col0 (type: int)
                      null sort order: z
                      sort order: +
                      Map-reduce partition columns: _col0 (type: int)
                      Statistics: Num rows: 2 Data size: 24 Basic stats: COMPLETE Column stats: COMPLETE
                      value expressions: _col1 (type: int), _col2 (type: boolean), (UDFToShort((not _col2)) * 1S) (type: smallint)
            Execution mode: llap
            LLAP IO: all inputs
        Reducer 2 
            Execution mode: llap
            Reduce Operator Tree:
              Map Join Operator
                condition map:
                     Full Outer Join 0 to 1
                filter predicates:
                  0 {VALUE._col1}
                  1 {VALUE._col1}
                keys:
                  0 KEY.reducesinkkey0 (type: int)
                  1 KEY.reducesinkkey0 (type: int)
                outputColumnNames: _col0, _col1, _col3, _col4
                input vertices:
                  1 Map 3
                Statistics: Num rows: 4 Data size: 64 Basic stats: COMPLETE Column stats: COMPLETE
                DynamicPartitionHashJoin: true
                Select Operator
                  expressions: _col0 (type: int), _col1 (type: int), _col3 (type: int), _col4 (type: int)
                  outputColumnNames: _col0, _col1, _col2, _col3
                  Statistics: Num rows: 4 Data size: 64 Basic stats: COMPLETE Column stats: COMPLETE
                  File Output Operator
                    compressed: false
                    Statistics: Num rows: 4 Data size: 64 Basic stats: COMPLETE Column stats: COMPLETE
                    table:
                        input format: org.apache.hadoop.mapred.SequenceFileInputFormat
                        output format: org.apache.hadoop.hive.ql.io.HiveSequenceFileOutputFormat
                        serde: org.apache.hadoop.hive.serde2.lazy.LazySimpleSerDe

  Stage: Stage-0
    Fetch Operator
      limit: -1
      Processor Tree:
        ListSink

PREHOOK: query: SELECT * from c FULL OUTER JOIN d on c.key = d.key AND c.key > 0 AND d.key > 1
PREHOOK: type: QUERY
PREHOOK: Input: default@c
PREHOOK: Input: default@d
#### A masked pattern was here ####
POSTHOOK: query: SELECT * from c FULL OUTER JOIN d on c.key = d.key AND c.key > 0 AND d.key > 1
POSTHOOK: type: QUERY
POSTHOOK: Input: default@c
POSTHOOK: Input: default@d
#### A masked pattern was here ####
1	0	NULL	NULL
2	0	2	1
NULL	NULL	1	1
PREHOOK: query: explain
SELECT * from c FULL OUTER JOIN d on c.key = d.key AND c.key > 0 AND d.key > 1
PREHOOK: type: QUERY
PREHOOK: Input: default@c
PREHOOK: Input: default@d
#### A masked pattern was here ####
POSTHOOK: query: explain
SELECT * from c FULL OUTER JOIN d on c.key = d.key AND c.key > 0 AND d.key > 1
POSTHOOK: type: QUERY
POSTHOOK: Input: default@c
POSTHOOK: Input: default@d
#### A masked pattern was here ####
STAGE DEPENDENCIES:
  Stage-1 is a root stage
  Stage-0 depends on stages: Stage-1

STAGE PLANS:
  Stage: Stage-1
    Tez
#### A masked pattern was here ####
      Edges:
        Reducer 2 <- Map 1 (SIMPLE_EDGE), Map 3 (SIMPLE_EDGE)
#### A masked pattern was here ####
      Vertices:
        Map 1 
            Map Operator Tree:
                TableScan
                  alias: c
                  Statistics: Num rows: 2 Data size: 16 Basic stats: COMPLETE Column stats: COMPLETE
                  Select Operator
                    expressions: key (type: int), value (type: int), (key > 0) (type: boolean)
                    outputColumnNames: _col0, _col1, _col2
                    Statistics: Num rows: 2 Data size: 24 Basic stats: COMPLETE Column stats: COMPLETE
                    Reduce Output Operator
                      key expressions: _col0 (type: int)
                      null sort order: z
                      sort order: +
                      Map-reduce partition columns: _col0 (type: int)
                      Statistics: Num rows: 2 Data size: 24 Basic stats: COMPLETE Column stats: COMPLETE
                      value expressions: _col1 (type: int), _col2 (type: boolean)
            Execution mode: llap
            LLAP IO: all inputs
        Map 3 
            Map Operator Tree:
                TableScan
                  alias: d
                  Statistics: Num rows: 2 Data size: 16 Basic stats: COMPLETE Column stats: COMPLETE
                  Select Operator
                    expressions: key (type: int), value (type: int), (key > 1) (type: boolean)
                    outputColumnNames: _col0, _col1, _col2
                    Statistics: Num rows: 2 Data size: 24 Basic stats: COMPLETE Column stats: COMPLETE
                    Reduce Output Operator
                      key expressions: _col0 (type: int)
                      null sort order: z
                      sort order: +
                      Map-reduce partition columns: _col0 (type: int)
                      Statistics: Num rows: 2 Data size: 24 Basic stats: COMPLETE Column stats: COMPLETE
                      value expressions: _col1 (type: int), _col2 (type: boolean)
            Execution mode: llap
            LLAP IO: all inputs
        Reducer 2 
            Execution mode: llap
            Reduce Operator Tree:
              Merge Join Operator
                condition map:
                     Full Outer Join 0 to 1
                filter predicates:
                  0 {VALUE._col1}
                  1 {VALUE._col1}
                keys:
                  0 _col0 (type: int)
                  1 _col0 (type: int)
                outputColumnNames: _col0, _col1, _col3, _col4
                Statistics: Num rows: 4 Data size: 64 Basic stats: COMPLETE Column stats: COMPLETE
                Select Operator
                  expressions: _col0 (type: int), _col1 (type: int), _col3 (type: int), _col4 (type: int)
                  outputColumnNames: _col0, _col1, _col2, _col3
                  Statistics: Num rows: 4 Data size: 64 Basic stats: COMPLETE Column stats: COMPLETE
                  File Output Operator
                    compressed: false
                    Statistics: Num rows: 4 Data size: 64 Basic stats: COMPLETE Column stats: COMPLETE
                    table:
                        input format: org.apache.hadoop.mapred.SequenceFileInputFormat
                        output format: org.apache.hadoop.hive.ql.io.HiveSequenceFileOutputFormat
                        serde: org.apache.hadoop.hive.serde2.lazy.LazySimpleSerDe

  Stage: Stage-0
    Fetch Operator
      limit: -1
      Processor Tree:
        ListSink

PREHOOK: query: SELECT * from c FULL OUTER JOIN d on c.key = d.key AND c.key > 0 AND d.key > 1
PREHOOK: type: QUERY
PREHOOK: Input: default@c
PREHOOK: Input: default@d
#### A masked pattern was here ####
POSTHOOK: query: SELECT * from c FULL OUTER JOIN d on c.key = d.key AND c.key > 0 AND d.key > 1
POSTHOOK: type: QUERY
POSTHOOK: Input: default@c
POSTHOOK: Input: default@d
#### A masked pattern was here ####
1	0	NULL	NULL
2	0	2	1
NULL	NULL	1	1
