PREHOOK: query: drop table masking_test
PREHOOK: type: DROPTABLE
POSTHOOK: query: drop table masking_test
POSTHOOK: type: DROPTABLE
PREHOOK: query: create temporary table masking_test as select cast(key as int) as key, value from src
PREHOOK: type: CREATETABLE_AS_SELECT
PREHOOK: Input: default@src
PREHOOK: Output: database:default
PREHOOK: Output: default@masking_test
POSTHOOK: query: create temporary table masking_test as select cast(key as int) as key, value from src
POSTHOOK: type: CREATETABLE_AS_SELECT
POSTHOOK: Input: default@src
POSTHOOK: Output: database:default
POSTHOOK: Output: default@masking_test
PREHOOK: query: explain select 2017 as a, value from masking_test group by 1, 2
PREHOOK: type: QUERY
PREHOOK: Input: default@masking_test
#### A masked pattern was here ####
POSTHOOK: query: explain select 2017 as a, value from masking_test group by 1, 2
POSTHOOK: type: QUERY
POSTHOOK: Input: default@masking_test
#### A masked pattern was here ####
STAGE DEPENDENCIES:
  Stage-1 is a root stage
  Stage-0 depends on stages: Stage-1

STAGE PLANS:
  Stage: Stage-1
    Tez
#### A masked pattern was here ####
      Edges:
        Reducer 2 <- Map 1 (SIMPLE_EDGE)
#### A masked pattern was here ####
      Vertices:
        Map 1 
            Map Operator Tree:
                TableScan
                  alias: masking_test
                  filterExpr: ((key < 10) and ((key % 2) = 0)) (type: boolean)
                  Statistics: Num rows: 500 Data size: 89488 Basic stats: COMPLETE Column stats: NONE
                  Filter Operator
                    predicate: ((key < 10) and ((key % 2) = 0)) (type: boolean)
                    Statistics: Num rows: 250 Data size: 44744 Basic stats: COMPLETE Column stats: NONE
                    Select Operator
                      expressions: reverse(value) (type: string)
                      outputColumnNames: _col0
                      Statistics: Num rows: 250 Data size: 44744 Basic stats: COMPLETE Column stats: NONE
                      Group By Operator
                        keys: _col0 (type: string)
                        minReductionHashAggr: 0.99
                        mode: hash
                        outputColumnNames: _col0
                        Statistics: Num rows: 250 Data size: 44744 Basic stats: COMPLETE Column stats: NONE
                        Reduce Output Operator
                          key expressions: _col0 (type: string)
                          null sort order: z
                          sort order: +
                          Map-reduce partition columns: _col0 (type: string)
                          Statistics: Num rows: 250 Data size: 44744 Basic stats: COMPLETE Column stats: NONE
            Execution mode: vectorized, llap
            LLAP IO: no inputs
        Reducer 2 
            Execution mode: vectorized, llap
            Reduce Operator Tree:
              Group By Operator
                keys: KEY._col0 (type: string)
                mode: mergepartial
                outputColumnNames: _col0
                Statistics: Num rows: 125 Data size: 22372 Basic stats: COMPLETE Column stats: NONE
                Select Operator
                  expressions: 2017 (type: int), _col0 (type: string)
                  outputColumnNames: _col0, _col1
                  Statistics: Num rows: 125 Data size: 22372 Basic stats: COMPLETE Column stats: NONE
                  File Output Operator
                    compressed: false
                    Statistics: Num rows: 125 Data size: 22372 Basic stats: COMPLETE Column stats: NONE
                    table:
                        input format: org.apache.hadoop.mapred.SequenceFileInputFormat
                        output format: org.apache.hadoop.hive.ql.io.HiveSequenceFileOutputFormat
                        serde: org.apache.hadoop.hive.serde2.lazy.LazySimpleSerDe

  Stage: Stage-0
    Fetch Operator
      limit: -1
      Processor Tree:
        ListSink

PREHOOK: query: select 2017 as a, value from masking_test group by 1, 2
PREHOOK: type: QUERY
PREHOOK: Input: default@masking_test
#### A masked pattern was here ####
POSTHOOK: query: select 2017 as a, value from masking_test group by 1, 2
POSTHOOK: type: QUERY
POSTHOOK: Input: default@masking_test
#### A masked pattern was here ####
2017	2_lav
2017	4_lav
2017	0_lav
2017	8_lav
Warning: Shuffle Join MERGEJOIN[54][tables = [$hdt$_0, $hdt$_1]] in Stage 'Reducer 2' is a cross product
PREHOOK: query: explain
select * from
  masking_test alias01
  left join
  (
      select 2017 as a, value from masking_test group by 1, 2
  ) alias02
  on alias01.key = alias02.a
  left join
  masking_test alias03
on alias01.key = alias03.key
PREHOOK: type: QUERY
PREHOOK: Input: default@masking_test
#### A masked pattern was here ####
POSTHOOK: query: explain
select * from
  masking_test alias01
  left join
  (
      select 2017 as a, value from masking_test group by 1, 2
  ) alias02
  on alias01.key = alias02.a
  left join
  masking_test alias03
on alias01.key = alias03.key
POSTHOOK: type: QUERY
POSTHOOK: Input: default@masking_test
#### A masked pattern was here ####
STAGE DEPENDENCIES:
  Stage-1 is a root stage
  Stage-0 depends on stages: Stage-1

STAGE PLANS:
  Stage: Stage-1
    Tez
#### A masked pattern was here ####
      Edges:
        Reducer 2 <- Map 1 (CUSTOM_SIMPLE_EDGE), Reducer 4 (CUSTOM_SIMPLE_EDGE)
        Reducer 3 <- Map 1 (SIMPLE_EDGE), Reducer 2 (SIMPLE_EDGE)
        Reducer 4 <- Map 1 (SIMPLE_EDGE)
#### A masked pattern was here ####
      Vertices:
        Map 1 
            Map Operator Tree:
                TableScan
                  alias: masking_test
                  filterExpr: (((key < 10) and ((key % 2) = 0)) or ((key < 10) and ((key % 2) = 0))) (type: boolean)
                  Statistics: Num rows: 500 Data size: 89488 Basic stats: COMPLETE Column stats: NONE
                  Filter Operator
                    predicate: ((key < 10) and ((key % 2) = 0)) (type: boolean)
                    Statistics: Num rows: 250 Data size: 44744 Basic stats: COMPLETE Column stats: NONE
                    Select Operator
                      expressions: key (type: int), reverse(value) (type: string)
                      outputColumnNames: _col0, _col1
                      Statistics: Num rows: 250 Data size: 44744 Basic stats: COMPLETE Column stats: NONE
                      Reduce Output Operator
                        null sort order: 
                        sort order: 
                        Statistics: Num rows: 250 Data size: 44744 Basic stats: COMPLETE Column stats: NONE
                        value expressions: _col0 (type: int), _col1 (type: string)
                    Top N Key Operator
                      sort order: +
                      keys: reverse(value) (type: string)
                      null sort order: z
                      Statistics: Num rows: 250 Data size: 44744 Basic stats: COMPLETE Column stats: NONE
                      top n: 0
                      Select Operator
                        expressions: reverse(value) (type: string)
                        outputColumnNames: _col0
                        Statistics: Num rows: 250 Data size: 44744 Basic stats: COMPLETE Column stats: NONE
                        Group By Operator
                          keys: _col0 (type: string)
                          minReductionHashAggr: 0.99
                          mode: hash
                          outputColumnNames: _col0
                          Statistics: Num rows: 250 Data size: 44744 Basic stats: COMPLETE Column stats: NONE
                          Reduce Output Operator
                            key expressions: _col0 (type: string)
                            null sort order: z
                            sort order: +
                            Map-reduce partition columns: _col0 (type: string)
                            Statistics: Num rows: 250 Data size: 44744 Basic stats: COMPLETE Column stats: NONE
                  Filter Operator
                    predicate: ((key < 10) and ((key % 2) = 0)) (type: boolean)
                    Statistics: Num rows: 250 Data size: 44744 Basic stats: COMPLETE Column stats: NONE
                    Select Operator
                      expressions: key (type: int), reverse(value) (type: string)
                      outputColumnNames: _col0, _col1
                      Statistics: Num rows: 250 Data size: 44744 Basic stats: COMPLETE Column stats: NONE
                      Reduce Output Operator
                        key expressions: _col0 (type: int)
                        null sort order: z
                        sort order: +
                        Map-reduce partition columns: _col0 (type: int)
                        Statistics: Num rows: 250 Data size: 44744 Basic stats: COMPLETE Column stats: NONE
                        value expressions: _col1 (type: string)
            Execution mode: vectorized, llap
            LLAP IO: no inputs
        Reducer 2 
            Execution mode: llap
            Reduce Operator Tree:
              Merge Join Operator
                condition map:
                     Left Outer Join 0 to 1
                keys:
                  0 
                  1 
                outputColumnNames: _col0, _col1, _col2, _col3
                Statistics: Num rows: 0 Data size: 0 Basic stats: NONE Column stats: NONE
                Reduce Output Operator
                  key expressions: _col0 (type: int)
                  null sort order: z
                  sort order: +
                  Map-reduce partition columns: _col0 (type: int)
                  Statistics: Num rows: 0 Data size: 0 Basic stats: NONE Column stats: NONE
                  value expressions: _col1 (type: string), _col2 (type: int), _col3 (type: string)
        Reducer 3 
            Execution mode: llap
            Reduce Operator Tree:
              Merge Join Operator
                condition map:
                     Left Outer Join 0 to 1
                keys:
                  0 _col0 (type: int)
                  1 _col0 (type: int)
                outputColumnNames: _col0, _col1, _col2, _col3, _col4, _col5
                Statistics: Num rows: 275 Data size: 49218 Basic stats: COMPLETE Column stats: NONE
                File Output Operator
                  compressed: false
                  Statistics: Num rows: 275 Data size: 49218 Basic stats: COMPLETE Column stats: NONE
                  table:
                      input format: org.apache.hadoop.mapred.SequenceFileInputFormat
                      output format: org.apache.hadoop.hive.ql.io.HiveSequenceFileOutputFormat
                      serde: org.apache.hadoop.hive.serde2.lazy.LazySimpleSerDe
        Reducer 4 
            Execution mode: vectorized, llap
            Reduce Operator Tree:
              Group By Operator
                keys: KEY._col0 (type: string)
                mode: mergepartial
                outputColumnNames: _col0
                Statistics: Num rows: 125 Data size: 22372 Basic stats: COMPLETE Column stats: NONE
                Limit
                  Number of rows: 0
                  Statistics: Num rows: 0 Data size: 0 Basic stats: COMPLETE Column stats: NONE
                  Select Operator
                    expressions: 2017 (type: int), _col0 (type: string)
                    outputColumnNames: _col0, _col1
                    Statistics: Num rows: 0 Data size: 0 Basic stats: NONE Column stats: NONE
                    Reduce Output Operator
                      null sort order: 
                      sort order: 
                      Statistics: Num rows: 0 Data size: 0 Basic stats: NONE Column stats: NONE
                      value expressions: _col0 (type: int), _col1 (type: string)

  Stage: Stage-0
    Fetch Operator
      limit: -1
      Processor Tree:
        ListSink

