PREHOOK: query: create view masking_test_n13 as select cast(key as int) as key, value from src
PREHOOK: type: CREATEVIEW
PREHOOK: Input: default@src
PREHOOK: Output: database:default
PREHOOK: Output: default@masking_test_n13
POSTHOOK: query: create view masking_test_n13 as select cast(key as int) as key, value from src
POSTHOOK: type: CREATEVIEW
POSTHOOK: Input: default@src
POSTHOOK: Output: database:default
POSTHOOK: Output: default@masking_test_n13
POSTHOOK: Lineage: masking_test_n13.key EXPRESSION [(src)src.FieldSchema(name:key, type:string, comment:default), ]
POSTHOOK: Lineage: masking_test_n13.value SIMPLE [(src)src.FieldSchema(name:value, type:string, comment:default), ]
PREHOOK: query: explain select * from masking_test_n13
PREHOOK: type: QUERY
PREHOOK: Input: default@masking_test_n13
PREHOOK: Input: default@src
#### A masked pattern was here ####
POSTHOOK: query: explain select * from masking_test_n13
POSTHOOK: type: QUERY
POSTHOOK: Input: default@masking_test_n13
POSTHOOK: Input: default@src
#### A masked pattern was here ####
STAGE DEPENDENCIES:
  Stage-0 is a root stage

STAGE PLANS:
  Stage: Stage-0
    Fetch Operator
      limit: -1
      Processor Tree:
        TableScan
          alias: src
          filterExpr: (((UDFToInteger(key) % 2) = 0) and (UDFToInteger(key) < 10)) (type: boolean)
          Filter Operator
            predicate: (((UDFToInteger(key) % 2) = 0) and (UDFToInteger(key) < 10)) (type: boolean)
            Select Operator
              expressions: UDFToInteger(key) (type: int), reverse(value) (type: string)
              outputColumnNames: _col0, _col1
              ListSink

PREHOOK: query: select * from masking_test_n13
PREHOOK: type: QUERY
PREHOOK: Input: default@masking_test_n13
PREHOOK: Input: default@src
#### A masked pattern was here ####
POSTHOOK: query: select * from masking_test_n13
POSTHOOK: type: QUERY
POSTHOOK: Input: default@masking_test_n13
POSTHOOK: Input: default@src
#### A masked pattern was here ####
0	0_lav
0	0_lav
0	0_lav
2	2_lav
4	4_lav
8	8_lav
PREHOOK: query: explain select * from masking_test_n13 where key > 0
PREHOOK: type: QUERY
PREHOOK: Input: default@masking_test_n13
PREHOOK: Input: default@src
#### A masked pattern was here ####
POSTHOOK: query: explain select * from masking_test_n13 where key > 0
POSTHOOK: type: QUERY
POSTHOOK: Input: default@masking_test_n13
POSTHOOK: Input: default@src
#### A masked pattern was here ####
STAGE DEPENDENCIES:
  Stage-0 is a root stage

STAGE PLANS:
  Stage: Stage-0
    Fetch Operator
      limit: -1
      Processor Tree:
        TableScan
          alias: src
          filterExpr: (((UDFToInteger(key) % 2) = 0) and (UDFToInteger(key) < 10) and (UDFToInteger(key) > 0)) (type: boolean)
          Filter Operator
            predicate: (((UDFToInteger(key) % 2) = 0) and (UDFToInteger(key) < 10) and (UDFToInteger(key) > 0)) (type: boolean)
            Select Operator
              expressions: UDFToInteger(key) (type: int), reverse(value) (type: string)
              outputColumnNames: _col0, _col1
              ListSink

PREHOOK: query: select * from masking_test_n13 where key > 0
PREHOOK: type: QUERY
PREHOOK: Input: default@masking_test_n13
PREHOOK: Input: default@src
#### A masked pattern was here ####
POSTHOOK: query: select * from masking_test_n13 where key > 0
POSTHOOK: type: QUERY
POSTHOOK: Input: default@masking_test_n13
POSTHOOK: Input: default@src
#### A masked pattern was here ####
2	2_lav
4	4_lav
8	8_lav
PREHOOK: query: explain select * from src a join masking_test_n13 b on a.key = b.value where b.key > 0
PREHOOK: type: QUERY
PREHOOK: Input: default@masking_test_n13
PREHOOK: Input: default@src
#### A masked pattern was here ####
POSTHOOK: query: explain select * from src a join masking_test_n13 b on a.key = b.value where b.key > 0
POSTHOOK: type: QUERY
POSTHOOK: Input: default@masking_test_n13
POSTHOOK: Input: default@src
#### A masked pattern was here ####
STAGE DEPENDENCIES:
  Stage-1 is a root stage
  Stage-0 depends on stages: Stage-1

STAGE PLANS:
  Stage: Stage-1
    Tez
#### A masked pattern was here ####
      Edges:
        Reducer 2 <- Map 1 (SIMPLE_EDGE), Map 3 (SIMPLE_EDGE)
#### A masked pattern was here ####
      Vertices:
        Map 1 
            Map Operator Tree:
                TableScan
                  alias: src
                  filterExpr: (((UDFToInteger(key) % 2) = 0) and (UDFToInteger(key) < 10) and reverse(value) is not null and (UDFToInteger(key) > 0)) (type: boolean)
                  Statistics: Num rows: 500 Data size: 89000 Basic stats: COMPLETE Column stats: COMPLETE
                  Filter Operator
                    predicate: (((UDFToInteger(key) % 2) = 0) and (UDFToInteger(key) < 10) and reverse(value) is not null and (UDFToInteger(key) > 0)) (type: boolean)
                    Statistics: Num rows: 27 Data size: 4806 Basic stats: COMPLETE Column stats: COMPLETE
                    Select Operator
                      expressions: UDFToInteger(key) (type: int), reverse(value) (type: string)
                      outputColumnNames: _col0, _col1
                      Statistics: Num rows: 27 Data size: 5076 Basic stats: COMPLETE Column stats: COMPLETE
                      Reduce Output Operator
                        key expressions: _col1 (type: string)
                        null sort order: z
                        sort order: +
                        Map-reduce partition columns: _col1 (type: string)
                        Statistics: Num rows: 27 Data size: 5076 Basic stats: COMPLETE Column stats: COMPLETE
                        value expressions: _col0 (type: int)
            Execution mode: vectorized, llap
            LLAP IO: all inputs
        Map 3 
            Map Operator Tree:
                TableScan
                  alias: a
                  filterExpr: key is not null (type: boolean)
                  Statistics: Num rows: 500 Data size: 89000 Basic stats: COMPLETE Column stats: COMPLETE
                  Filter Operator
                    predicate: key is not null (type: boolean)
                    Statistics: Num rows: 500 Data size: 89000 Basic stats: COMPLETE Column stats: COMPLETE
                    Reduce Output Operator
                      key expressions: key (type: string)
                      null sort order: z
                      sort order: +
                      Map-reduce partition columns: key (type: string)
                      Statistics: Num rows: 500 Data size: 89000 Basic stats: COMPLETE Column stats: COMPLETE
                      value expressions: value (type: string)
            Execution mode: vectorized, llap
            LLAP IO: all inputs
        Reducer 2 
            Execution mode: llap
            Reduce Operator Tree:
              Merge Join Operator
                condition map:
                     Inner Join 0 to 1
                keys:
                  0 key (type: string)
                  1 _col1 (type: string)
                outputColumnNames: _col0, _col1, _col5, _col6
                Statistics: Num rows: 42 Data size: 15372 Basic stats: COMPLETE Column stats: COMPLETE
                Select Operator
                  expressions: _col0 (type: string), _col1 (type: string), _col5 (type: int), _col6 (type: string)
                  outputColumnNames: _col0, _col1, _col2, _col3
                  Statistics: Num rows: 42 Data size: 15372 Basic stats: COMPLETE Column stats: COMPLETE
                  File Output Operator
                    compressed: false
                    Statistics: Num rows: 42 Data size: 15372 Basic stats: COMPLETE Column stats: COMPLETE
                    table:
                        input format: org.apache.hadoop.mapred.SequenceFileInputFormat
                        output format: org.apache.hadoop.hive.ql.io.HiveSequenceFileOutputFormat
                        serde: org.apache.hadoop.hive.serde2.lazy.LazySimpleSerDe

  Stage: Stage-0
    Fetch Operator
      limit: -1
      Processor Tree:
        ListSink

PREHOOK: query: explain select a.*, b.key from masking_test_n13 a join masking_test_n13 b on a.key = b.value where b.key > 0
PREHOOK: type: QUERY
PREHOOK: Input: default@masking_test_n13
PREHOOK: Input: default@src
#### A masked pattern was here ####
POSTHOOK: query: explain select a.*, b.key from masking_test_n13 a join masking_test_n13 b on a.key = b.value where b.key > 0
POSTHOOK: type: QUERY
POSTHOOK: Input: default@masking_test_n13
POSTHOOK: Input: default@src
#### A masked pattern was here ####
STAGE DEPENDENCIES:
  Stage-1 is a root stage
  Stage-0 depends on stages: Stage-1

STAGE PLANS:
  Stage: Stage-1
    Tez
#### A masked pattern was here ####
      Edges:
        Reducer 2 <- Map 1 (SIMPLE_EDGE), Map 3 (SIMPLE_EDGE)
#### A masked pattern was here ####
      Vertices:
        Map 1 
            Map Operator Tree:
                TableScan
                  alias: src
                  filterExpr: (((UDFToInteger(key) % 2) = 0) and (UDFToInteger(key) < 10) and UDFToDouble(UDFToInteger(key)) is not null) (type: boolean)
                  Statistics: Num rows: 500 Data size: 89000 Basic stats: COMPLETE Column stats: COMPLETE
                  Filter Operator
                    predicate: (((UDFToInteger(key) % 2) = 0) and (UDFToInteger(key) < 10) and UDFToDouble(UDFToInteger(key)) is not null) (type: boolean)
                    Statistics: Num rows: 83 Data size: 14774 Basic stats: COMPLETE Column stats: COMPLETE
                    Select Operator
                      expressions: UDFToInteger(key) (type: int), reverse(value) (type: string)
                      outputColumnNames: _col0, _col1
                      Statistics: Num rows: 83 Data size: 15604 Basic stats: COMPLETE Column stats: COMPLETE
                      Reduce Output Operator
                        key expressions: UDFToDouble(_col0) (type: double)
                        null sort order: z
                        sort order: +
                        Map-reduce partition columns: UDFToDouble(_col0) (type: double)
                        Statistics: Num rows: 83 Data size: 15604 Basic stats: COMPLETE Column stats: COMPLETE
                        value expressions: _col0 (type: int), _col1 (type: string)
            Execution mode: vectorized, llap
            LLAP IO: all inputs
        Map 3 
            Map Operator Tree:
                TableScan
                  alias: src
                  filterExpr: (((UDFToInteger(key) % 2) = 0) and (UDFToInteger(key) < 10) and UDFToDouble(reverse(value)) is not null and (UDFToInteger(key) > 0)) (type: boolean)
                  Statistics: Num rows: 500 Data size: 89000 Basic stats: COMPLETE Column stats: COMPLETE
                  Filter Operator
                    predicate: (((UDFToInteger(key) % 2) = 0) and (UDFToInteger(key) < 10) and UDFToDouble(reverse(value)) is not null and (UDFToInteger(key) > 0)) (type: boolean)
                    Statistics: Num rows: 27 Data size: 4806 Basic stats: COMPLETE Column stats: COMPLETE
                    Select Operator
                      expressions: UDFToInteger(key) (type: int), reverse(value) (type: string)
                      outputColumnNames: _col0, _col1
                      Statistics: Num rows: 27 Data size: 5076 Basic stats: COMPLETE Column stats: COMPLETE
                      Reduce Output Operator
                        key expressions: UDFToDouble(_col1) (type: double)
                        null sort order: z
                        sort order: +
                        Map-reduce partition columns: UDFToDouble(_col1) (type: double)
                        Statistics: Num rows: 27 Data size: 5076 Basic stats: COMPLETE Column stats: COMPLETE
                        value expressions: _col0 (type: int)
            Execution mode: vectorized, llap
            LLAP IO: all inputs
        Reducer 2 
            Execution mode: llap
            Reduce Operator Tree:
              Merge Join Operator
                condition map:
                     Inner Join 0 to 1
                keys:
                  0 UDFToDouble(_col0) (type: double)
                  1 UDFToDouble(_col1) (type: double)
                outputColumnNames: _col0, _col1, _col2
                Statistics: Num rows: 27 Data size: 5184 Basic stats: COMPLETE Column stats: COMPLETE
                File Output Operator
                  compressed: false
                  Statistics: Num rows: 27 Data size: 5184 Basic stats: COMPLETE Column stats: COMPLETE
                  table:
                      input format: org.apache.hadoop.mapred.SequenceFileInputFormat
                      output format: org.apache.hadoop.hive.ql.io.HiveSequenceFileOutputFormat
                      serde: org.apache.hadoop.hive.serde2.lazy.LazySimpleSerDe

  Stage: Stage-0
    Fetch Operator
      limit: -1
      Processor Tree:
        ListSink

PREHOOK: query: explain select * from masking_test_n13 a union select b.* from masking_test_n13 b where b.key > 0
PREHOOK: type: QUERY
PREHOOK: Input: default@masking_test_n13
PREHOOK: Input: default@src
#### A masked pattern was here ####
POSTHOOK: query: explain select * from masking_test_n13 a union select b.* from masking_test_n13 b where b.key > 0
POSTHOOK: type: QUERY
POSTHOOK: Input: default@masking_test_n13
POSTHOOK: Input: default@src
#### A masked pattern was here ####
STAGE DEPENDENCIES:
  Stage-1 is a root stage
  Stage-0 depends on stages: Stage-1

STAGE PLANS:
  Stage: Stage-1
    Tez
#### A masked pattern was here ####
      Edges:
        Map 1 <- Union 2 (CONTAINS)
        Map 4 <- Union 2 (CONTAINS)
        Reducer 3 <- Union 2 (SIMPLE_EDGE)
#### A masked pattern was here ####
      Vertices:
        Map 1 
            Map Operator Tree:
                TableScan
                  alias: src
                  filterExpr: (((UDFToInteger(key) % 2) = 0) and (UDFToInteger(key) < 10)) (type: boolean)
                  Statistics: Num rows: 500 Data size: 89000 Basic stats: COMPLETE Column stats: COMPLETE
                  Filter Operator
                    predicate: (((UDFToInteger(key) % 2) = 0) and (UDFToInteger(key) < 10)) (type: boolean)
                    Statistics: Num rows: 83 Data size: 14774 Basic stats: COMPLETE Column stats: COMPLETE
                    Select Operator
                      expressions: UDFToInteger(key) (type: int), reverse(value) (type: string)
                      outputColumnNames: _col0, _col1
                      Statistics: Num rows: 83 Data size: 15604 Basic stats: COMPLETE Column stats: COMPLETE
                      Group By Operator
                        keys: _col0 (type: int), _col1 (type: string)
                        minReductionHashAggr: 0.4
                        mode: hash
                        outputColumnNames: _col0, _col1
                        Statistics: Num rows: 83 Data size: 15604 Basic stats: COMPLETE Column stats: COMPLETE
                        Reduce Output Operator
                          key expressions: _col0 (type: int), _col1 (type: string)
                          null sort order: zz
                          sort order: ++
                          Map-reduce partition columns: _col0 (type: int), _col1 (type: string)
                          Statistics: Num rows: 83 Data size: 15604 Basic stats: COMPLETE Column stats: COMPLETE
            Execution mode: vectorized, llap
            LLAP IO: all inputs
        Map 4 
            Map Operator Tree:
                TableScan
                  alias: src
                  filterExpr: (((UDFToInteger(key) % 2) = 0) and (UDFToInteger(key) < 10) and (UDFToInteger(key) > 0)) (type: boolean)
                  Statistics: Num rows: 500 Data size: 89000 Basic stats: COMPLETE Column stats: COMPLETE
                  Filter Operator
                    predicate: (((UDFToInteger(key) % 2) = 0) and (UDFToInteger(key) < 10) and (UDFToInteger(key) > 0)) (type: boolean)
                    Statistics: Num rows: 27 Data size: 4806 Basic stats: COMPLETE Column stats: COMPLETE
                    Select Operator
                      expressions: UDFToInteger(key) (type: int), reverse(value) (type: string)
                      outputColumnNames: _col0, _col1
                      Statistics: Num rows: 27 Data size: 5076 Basic stats: COMPLETE Column stats: COMPLETE
                      Group By Operator
                        keys: _col0 (type: int), _col1 (type: string)
                        minReductionHashAggr: 0.4
                        mode: hash
                        outputColumnNames: _col0, _col1
                        Statistics: Num rows: 83 Data size: 15604 Basic stats: COMPLETE Column stats: COMPLETE
                        Reduce Output Operator
                          key expressions: _col0 (type: int), _col1 (type: string)
                          null sort order: zz
                          sort order: ++
                          Map-reduce partition columns: _col0 (type: int), _col1 (type: string)
                          Statistics: Num rows: 83 Data size: 15604 Basic stats: COMPLETE Column stats: COMPLETE
            Execution mode: vectorized, llap
            LLAP IO: all inputs
        Reducer 3 
            Execution mode: vectorized, llap
            Reduce Operator Tree:
              Group By Operator
                keys: KEY._col0 (type: int), KEY._col1 (type: string)
                mode: mergepartial
                outputColumnNames: _col0, _col1
                Statistics: Num rows: 83 Data size: 15604 Basic stats: COMPLETE Column stats: COMPLETE
                File Output Operator
                  compressed: false
                  Statistics: Num rows: 83 Data size: 15604 Basic stats: COMPLETE Column stats: COMPLETE
                  table:
                      input format: org.apache.hadoop.mapred.SequenceFileInputFormat
                      output format: org.apache.hadoop.hive.ql.io.HiveSequenceFileOutputFormat
                      serde: org.apache.hadoop.hive.serde2.lazy.LazySimpleSerDe
        Union 2 
            Vertex: Union 2

  Stage: Stage-0
    Fetch Operator
      limit: -1
      Processor Tree:
        ListSink

