PREHOOK: query: create table emps_n5 (
  empid int,
  deptno int,
  name varchar(256),
  salary float,
  commission int)
stored as orc TBLPROPERTIES ('transactional'='true')
PREHOOK: type: CREATETABLE
PREHOOK: Output: database:default
PREHOOK: Output: default@emps_n5
POSTHOOK: query: create table emps_n5 (
  empid int,
  deptno int,
  name varchar(256),
  salary float,
  commission int)
stored as orc TBLPROPERTIES ('transactional'='true')
POSTHOOK: type: CREATETABLE
POSTHOOK: Output: database:default
POSTHOOK: Output: default@emps_n5
PREHOOK: query: insert into emps_n5 values (100, 10, 'Bill', 10000, 1000), (200, 20, 'Eric', 8000, 500),
  (150, 10, 'Sebastian', 7000, null), (110, 10, 'Theodore', 10000, 250), (120, 10, 'Bill', 10000, 250)
PREHOOK: type: QUERY
PREHOOK: Input: _dummy_database@_dummy_table
PREHOOK: Output: default@emps_n5
POSTHOOK: query: insert into emps_n5 values (100, 10, 'Bill', 10000, 1000), (200, 20, 'Eric', 8000, 500),
  (150, 10, 'Sebastian', 7000, null), (110, 10, 'Theodore', 10000, 250), (120, 10, 'Bill', 10000, 250)
POSTHOOK: type: QUERY
POSTHOOK: Input: _dummy_database@_dummy_table
POSTHOOK: Output: default@emps_n5
POSTHOOK: Lineage: emps_n5.commission SCRIPT []
POSTHOOK: Lineage: emps_n5.deptno SCRIPT []
POSTHOOK: Lineage: emps_n5.empid SCRIPT []
POSTHOOK: Lineage: emps_n5.name SCRIPT []
POSTHOOK: Lineage: emps_n5.salary SCRIPT []
PREHOOK: query: create table depts_n4 (
  deptno int,
  name varchar(256),
  locationid int)
stored as orc TBLPROPERTIES ('transactional'='true')
PREHOOK: type: CREATETABLE
PREHOOK: Output: database:default
PREHOOK: Output: default@depts_n4
POSTHOOK: query: create table depts_n4 (
  deptno int,
  name varchar(256),
  locationid int)
stored as orc TBLPROPERTIES ('transactional'='true')
POSTHOOK: type: CREATETABLE
POSTHOOK: Output: database:default
POSTHOOK: Output: default@depts_n4
PREHOOK: query: insert into depts_n4 values (10, 'Sales', 10), (30, 'Marketing', null), (20, 'HR', 20)
PREHOOK: type: QUERY
PREHOOK: Input: _dummy_database@_dummy_table
PREHOOK: Output: default@depts_n4
POSTHOOK: query: insert into depts_n4 values (10, 'Sales', 10), (30, 'Marketing', null), (20, 'HR', 20)
POSTHOOK: type: QUERY
POSTHOOK: Input: _dummy_database@_dummy_table
POSTHOOK: Output: default@depts_n4
POSTHOOK: Lineage: depts_n4.deptno SCRIPT []
POSTHOOK: Lineage: depts_n4.locationid SCRIPT []
POSTHOOK: Lineage: depts_n4.name SCRIPT []
PREHOOK: query: create table dependents_n3 (
  empid int,
  name varchar(256))
stored as orc TBLPROPERTIES ('transactional'='true')
PREHOOK: type: CREATETABLE
PREHOOK: Output: database:default
PREHOOK: Output: default@dependents_n3
POSTHOOK: query: create table dependents_n3 (
  empid int,
  name varchar(256))
stored as orc TBLPROPERTIES ('transactional'='true')
POSTHOOK: type: CREATETABLE
POSTHOOK: Output: database:default
POSTHOOK: Output: default@dependents_n3
PREHOOK: query: insert into dependents_n3 values (10, 'Michael'), (20, 'Jane')
PREHOOK: type: QUERY
PREHOOK: Input: _dummy_database@_dummy_table
PREHOOK: Output: default@dependents_n3
POSTHOOK: query: insert into dependents_n3 values (10, 'Michael'), (20, 'Jane')
POSTHOOK: type: QUERY
POSTHOOK: Input: _dummy_database@_dummy_table
POSTHOOK: Output: default@dependents_n3
POSTHOOK: Lineage: dependents_n3.empid SCRIPT []
POSTHOOK: Lineage: dependents_n3.name SCRIPT []
PREHOOK: query: create table locations_n3 (
  locationid int,
  name varchar(256))
stored as orc TBLPROPERTIES ('transactional'='true')
PREHOOK: type: CREATETABLE
PREHOOK: Output: database:default
PREHOOK: Output: default@locations_n3
POSTHOOK: query: create table locations_n3 (
  locationid int,
  name varchar(256))
stored as orc TBLPROPERTIES ('transactional'='true')
POSTHOOK: type: CREATETABLE
POSTHOOK: Output: database:default
POSTHOOK: Output: default@locations_n3
PREHOOK: query: insert into locations_n3 values (10, 'San Francisco'), (20, 'San Diego')
PREHOOK: type: QUERY
PREHOOK: Input: _dummy_database@_dummy_table
PREHOOK: Output: default@locations_n3
POSTHOOK: query: insert into locations_n3 values (10, 'San Francisco'), (20, 'San Diego')
POSTHOOK: type: QUERY
POSTHOOK: Input: _dummy_database@_dummy_table
POSTHOOK: Output: default@locations_n3
POSTHOOK: Lineage: locations_n3.locationid SCRIPT []
POSTHOOK: Lineage: locations_n3.name SCRIPT []
PREHOOK: query: alter table emps_n5 add constraint pk1 primary key (empid) disable novalidate rely
PREHOOK: type: ALTERTABLE_ADDCONSTRAINT
POSTHOOK: query: alter table emps_n5 add constraint pk1 primary key (empid) disable novalidate rely
POSTHOOK: type: ALTERTABLE_ADDCONSTRAINT
PREHOOK: query: alter table depts_n4 add constraint pk2 primary key (deptno) disable novalidate rely
PREHOOK: type: ALTERTABLE_ADDCONSTRAINT
POSTHOOK: query: alter table depts_n4 add constraint pk2 primary key (deptno) disable novalidate rely
POSTHOOK: type: ALTERTABLE_ADDCONSTRAINT
PREHOOK: query: alter table dependents_n3 add constraint pk3 primary key (empid) disable novalidate rely
PREHOOK: type: ALTERTABLE_ADDCONSTRAINT
POSTHOOK: query: alter table dependents_n3 add constraint pk3 primary key (empid) disable novalidate rely
POSTHOOK: type: ALTERTABLE_ADDCONSTRAINT
PREHOOK: query: alter table locations_n3 add constraint pk4 primary key (locationid) disable novalidate rely
PREHOOK: type: ALTERTABLE_ADDCONSTRAINT
POSTHOOK: query: alter table locations_n3 add constraint pk4 primary key (locationid) disable novalidate rely
POSTHOOK: type: ALTERTABLE_ADDCONSTRAINT
PREHOOK: query: alter table emps_n5 add constraint fk1 foreign key (deptno) references depts_n4(deptno) disable novalidate rely
PREHOOK: type: ALTERTABLE_ADDCONSTRAINT
POSTHOOK: query: alter table emps_n5 add constraint fk1 foreign key (deptno) references depts_n4(deptno) disable novalidate rely
POSTHOOK: type: ALTERTABLE_ADDCONSTRAINT
PREHOOK: query: alter table depts_n4 add constraint fk2 foreign key (locationid) references locations_n3(locationid) disable novalidate rely
PREHOOK: type: ALTERTABLE_ADDCONSTRAINT
POSTHOOK: query: alter table depts_n4 add constraint fk2 foreign key (locationid) references locations_n3(locationid) disable novalidate rely
POSTHOOK: type: ALTERTABLE_ADDCONSTRAINT
PREHOOK: query: create materialized view mv1_n3 as
select name, salary, count(*) as c, sum(empid) as s
from emps_n5 group by name, salary
PREHOOK: type: CREATE_MATERIALIZED_VIEW
PREHOOK: Input: default@emps_n5
PREHOOK: Output: database:default
PREHOOK: Output: default@mv1_n3
POSTHOOK: query: create materialized view mv1_n3 as
select name, salary, count(*) as c, sum(empid) as s
from emps_n5 group by name, salary
POSTHOOK: type: CREATE_MATERIALIZED_VIEW
POSTHOOK: Input: default@emps_n5
POSTHOOK: Output: database:default
POSTHOOK: Output: default@mv1_n3
PREHOOK: query: explain
select name, count(*) as c, sum(empid) as s
from emps_n5 group by name
PREHOOK: type: QUERY
PREHOOK: Input: default@emps_n5
PREHOOK: Input: default@mv1_n3
#### A masked pattern was here ####
POSTHOOK: query: explain
select name, count(*) as c, sum(empid) as s
from emps_n5 group by name
POSTHOOK: type: QUERY
POSTHOOK: Input: default@emps_n5
POSTHOOK: Input: default@mv1_n3
#### A masked pattern was here ####
STAGE DEPENDENCIES:
  Stage-1 is a root stage
  Stage-0 depends on stages: Stage-1

STAGE PLANS:
  Stage: Stage-1
    Tez
#### A masked pattern was here ####
      Edges:
        Reducer 2 <- Map 1 (SIMPLE_EDGE)
#### A masked pattern was here ####
      Vertices:
        Map 1 
            Map Operator Tree:
                TableScan
                  alias: default.mv1_n3
                  Statistics: Num rows: 4 Data size: 424 Basic stats: COMPLETE Column stats: COMPLETE
                  Select Operator
                    expressions: name (type: varchar(256)), c (type: bigint), s (type: bigint)
                    outputColumnNames: name, c, s
                    Statistics: Num rows: 4 Data size: 424 Basic stats: COMPLETE Column stats: COMPLETE
                    Group By Operator
                      aggregations: sum(c), sum(s)
                      keys: name (type: varchar(256))
                      minReductionHashAggr: 0.4
                      mode: hash
                      outputColumnNames: _col0, _col1, _col2
                      Statistics: Num rows: 4 Data size: 424 Basic stats: COMPLETE Column stats: COMPLETE
                      Reduce Output Operator
                        key expressions: _col0 (type: varchar(256))
                        null sort order: z
                        sort order: +
                        Map-reduce partition columns: _col0 (type: varchar(256))
                        Statistics: Num rows: 4 Data size: 424 Basic stats: COMPLETE Column stats: COMPLETE
                        value expressions: _col1 (type: bigint), _col2 (type: bigint)
            Execution mode: vectorized, llap
            LLAP IO: all inputs
        Reducer 2 
            Execution mode: vectorized, llap
            Reduce Operator Tree:
              Group By Operator
                aggregations: sum(VALUE._col0), sum(VALUE._col1)
                keys: KEY._col0 (type: varchar(256))
                mode: mergepartial
                outputColumnNames: _col0, _col1, _col2
                Statistics: Num rows: 4 Data size: 424 Basic stats: COMPLETE Column stats: COMPLETE
                Select Operator
                  expressions: _col0 (type: varchar(256)), COALESCE(_col1,0L) (type: bigint), _col2 (type: bigint)
                  outputColumnNames: _col0, _col1, _col2
                  Statistics: Num rows: 4 Data size: 424 Basic stats: COMPLETE Column stats: COMPLETE
                  File Output Operator
                    compressed: false
                    Statistics: Num rows: 4 Data size: 424 Basic stats: COMPLETE Column stats: COMPLETE
                    table:
                        input format: org.apache.hadoop.mapred.SequenceFileInputFormat
                        output format: org.apache.hadoop.hive.ql.io.HiveSequenceFileOutputFormat
                        serde: org.apache.hadoop.hive.serde2.lazy.LazySimpleSerDe

  Stage: Stage-0
    Fetch Operator
      limit: -1
      Processor Tree:
        ListSink

PREHOOK: query: select name, count(*) as c, sum(empid) as s
from emps_n5 group by name
PREHOOK: type: QUERY
PREHOOK: Input: default@emps_n5
PREHOOK: Input: default@mv1_n3
#### A masked pattern was here ####
POSTHOOK: query: select name, count(*) as c, sum(empid) as s
from emps_n5 group by name
POSTHOOK: type: QUERY
POSTHOOK: Input: default@emps_n5
POSTHOOK: Input: default@mv1_n3
#### A masked pattern was here ####
Bill	2	220
Eric	1	200
Sebastian	1	150
Theodore	1	110
PREHOOK: query: drop materialized view mv1_n3
PREHOOK: type: DROP_MATERIALIZED_VIEW
PREHOOK: Input: default@mv1_n3
PREHOOK: Output: default@mv1_n3
POSTHOOK: query: drop materialized view mv1_n3
POSTHOOK: type: DROP_MATERIALIZED_VIEW
POSTHOOK: Input: default@mv1_n3
POSTHOOK: Output: default@mv1_n3
PREHOOK: query: create materialized view mv1_n3 as
select name, salary, count(*) as c, sum(empid) as s
from emps_n5 group by name, salary
PREHOOK: type: CREATE_MATERIALIZED_VIEW
PREHOOK: Input: default@emps_n5
PREHOOK: Output: database:default
PREHOOK: Output: default@mv1_n3
POSTHOOK: query: create materialized view mv1_n3 as
select name, salary, count(*) as c, sum(empid) as s
from emps_n5 group by name, salary
POSTHOOK: type: CREATE_MATERIALIZED_VIEW
POSTHOOK: Input: default@emps_n5
POSTHOOK: Output: database:default
POSTHOOK: Output: default@mv1_n3
PREHOOK: query: explain
select salary, name, sum(empid) as s, count(*) as c
from emps_n5 group by name, salary
PREHOOK: type: QUERY
PREHOOK: Input: default@emps_n5
PREHOOK: Input: default@mv1_n3
#### A masked pattern was here ####
POSTHOOK: query: explain
select salary, name, sum(empid) as s, count(*) as c
from emps_n5 group by name, salary
POSTHOOK: type: QUERY
POSTHOOK: Input: default@emps_n5
POSTHOOK: Input: default@mv1_n3
#### A masked pattern was here ####
STAGE DEPENDENCIES:
  Stage-0 is a root stage

STAGE PLANS:
  Stage: Stage-0
    Fetch Operator
      limit: -1
      Processor Tree:
        TableScan
          alias: default.mv1_n3
          Select Operator
            expressions: salary (type: float), name (type: varchar(256)), s (type: bigint), c (type: bigint)
            outputColumnNames: _col0, _col1, _col2, _col3
            ListSink

PREHOOK: query: select salary, name, sum(empid) as s, count(*) as c
from emps_n5 group by name, salary
PREHOOK: type: QUERY
PREHOOK: Input: default@emps_n5
PREHOOK: Input: default@mv1_n3
#### A masked pattern was here ####
POSTHOOK: query: select salary, name, sum(empid) as s, count(*) as c
from emps_n5 group by name, salary
POSTHOOK: type: QUERY
POSTHOOK: Input: default@emps_n5
POSTHOOK: Input: default@mv1_n3
#### A masked pattern was here ####
10000.0	Bill	220	2
10000.0	Theodore	110	1
7000.0	Sebastian	150	1
8000.0	Eric	200	1
PREHOOK: query: drop materialized view mv1_n3
PREHOOK: type: DROP_MATERIALIZED_VIEW
PREHOOK: Input: default@mv1_n3
PREHOOK: Output: default@mv1_n3
POSTHOOK: query: drop materialized view mv1_n3
POSTHOOK: type: DROP_MATERIALIZED_VIEW
POSTHOOK: Input: default@mv1_n3
POSTHOOK: Output: default@mv1_n3
PREHOOK: query: create materialized view mv1_n3 as
select empid, emps_n5.deptno, count(*) as c, sum(empid) as s
from emps_n5 join depts_n4 using (deptno)
group by empid, emps_n5.deptno
PREHOOK: type: CREATE_MATERIALIZED_VIEW
PREHOOK: Input: default@depts_n4
PREHOOK: Input: default@emps_n5
PREHOOK: Output: database:default
PREHOOK: Output: default@mv1_n3
POSTHOOK: query: create materialized view mv1_n3 as
select empid, emps_n5.deptno, count(*) as c, sum(empid) as s
from emps_n5 join depts_n4 using (deptno)
group by empid, emps_n5.deptno
POSTHOOK: type: CREATE_MATERIALIZED_VIEW
POSTHOOK: Input: default@depts_n4
POSTHOOK: Input: default@emps_n5
POSTHOOK: Output: database:default
POSTHOOK: Output: default@mv1_n3
PREHOOK: query: explain
select depts_n4.deptno, count(*) as c, sum(empid) as s
from emps_n5 join depts_n4 using (deptno)
group by depts_n4.deptno
PREHOOK: type: QUERY
PREHOOK: Input: default@depts_n4
PREHOOK: Input: default@emps_n5
PREHOOK: Input: default@mv1_n3
#### A masked pattern was here ####
POSTHOOK: query: explain
select depts_n4.deptno, count(*) as c, sum(empid) as s
from emps_n5 join depts_n4 using (deptno)
group by depts_n4.deptno
POSTHOOK: type: QUERY
POSTHOOK: Input: default@depts_n4
POSTHOOK: Input: default@emps_n5
POSTHOOK: Input: default@mv1_n3
#### A masked pattern was here ####
STAGE DEPENDENCIES:
  Stage-1 is a root stage
  Stage-0 depends on stages: Stage-1

STAGE PLANS:
  Stage: Stage-1
    Tez
#### A masked pattern was here ####
      Edges:
        Reducer 2 <- Map 1 (SIMPLE_EDGE)
#### A masked pattern was here ####
      Vertices:
        Map 1 
            Map Operator Tree:
                TableScan
                  alias: default.mv1_n3
                  Statistics: Num rows: 5 Data size: 100 Basic stats: COMPLETE Column stats: COMPLETE
                  Select Operator
                    expressions: c (type: bigint), s (type: bigint), deptno (type: int)
                    outputColumnNames: _col0, _col1, _col2
                    Statistics: Num rows: 5 Data size: 100 Basic stats: COMPLETE Column stats: COMPLETE
                    Group By Operator
                      aggregations: sum(_col0), sum(_col1)
                      keys: _col2 (type: int)
                      minReductionHashAggr: 0.6
                      mode: hash
                      outputColumnNames: _col0, _col1, _col2
                      Statistics: Num rows: 2 Data size: 40 Basic stats: COMPLETE Column stats: COMPLETE
                      Reduce Output Operator
                        key expressions: _col0 (type: int)
                        null sort order: z
                        sort order: +
                        Map-reduce partition columns: _col0 (type: int)
                        Statistics: Num rows: 2 Data size: 40 Basic stats: COMPLETE Column stats: COMPLETE
                        value expressions: _col1 (type: bigint), _col2 (type: bigint)
            Execution mode: vectorized, llap
            LLAP IO: all inputs
        Reducer 2 
            Execution mode: vectorized, llap
            Reduce Operator Tree:
              Group By Operator
                aggregations: sum(VALUE._col0), sum(VALUE._col1)
                keys: KEY._col0 (type: int)
                mode: mergepartial
                outputColumnNames: _col0, _col1, _col2
                Statistics: Num rows: 2 Data size: 40 Basic stats: COMPLETE Column stats: COMPLETE
                Select Operator
                  expressions: _col0 (type: int), COALESCE(_col1,0L) (type: bigint), _col2 (type: bigint)
                  outputColumnNames: _col0, _col1, _col2
                  Statistics: Num rows: 2 Data size: 40 Basic stats: COMPLETE Column stats: COMPLETE
                  File Output Operator
                    compressed: false
                    Statistics: Num rows: 2 Data size: 40 Basic stats: COMPLETE Column stats: COMPLETE
                    table:
                        input format: org.apache.hadoop.mapred.SequenceFileInputFormat
                        output format: org.apache.hadoop.hive.ql.io.HiveSequenceFileOutputFormat
                        serde: org.apache.hadoop.hive.serde2.lazy.LazySimpleSerDe

  Stage: Stage-0
    Fetch Operator
      limit: -1
      Processor Tree:
        ListSink

PREHOOK: query: select depts_n4.deptno, count(*) as c, sum(empid) as s
from emps_n5 join depts_n4 using (deptno)
group by depts_n4.deptno
PREHOOK: type: QUERY
PREHOOK: Input: default@depts_n4
PREHOOK: Input: default@emps_n5
PREHOOK: Input: default@mv1_n3
#### A masked pattern was here ####
POSTHOOK: query: select depts_n4.deptno, count(*) as c, sum(empid) as s
from emps_n5 join depts_n4 using (deptno)
group by depts_n4.deptno
POSTHOOK: type: QUERY
POSTHOOK: Input: default@depts_n4
POSTHOOK: Input: default@emps_n5
POSTHOOK: Input: default@mv1_n3
#### A masked pattern was here ####
10	4	480
20	1	200
PREHOOK: query: drop materialized view mv1_n3
PREHOOK: type: DROP_MATERIALIZED_VIEW
PREHOOK: Input: default@mv1_n3
PREHOOK: Output: default@mv1_n3
POSTHOOK: query: drop materialized view mv1_n3
POSTHOOK: type: DROP_MATERIALIZED_VIEW
POSTHOOK: Input: default@mv1_n3
POSTHOOK: Output: default@mv1_n3
PREHOOK: query: create materialized view mv1_n3 as
select empid, emps_n5.deptno, count(*) as c, sum(empid) as s
from emps_n5 join depts_n4 using (deptno)
where emps_n5.deptno >= 10 group by empid, emps_n5.deptno
PREHOOK: type: CREATE_MATERIALIZED_VIEW
PREHOOK: Input: default@depts_n4
PREHOOK: Input: default@emps_n5
PREHOOK: Output: database:default
PREHOOK: Output: default@mv1_n3
POSTHOOK: query: create materialized view mv1_n3 as
select empid, emps_n5.deptno, count(*) as c, sum(empid) as s
from emps_n5 join depts_n4 using (deptno)
where emps_n5.deptno >= 10 group by empid, emps_n5.deptno
POSTHOOK: type: CREATE_MATERIALIZED_VIEW
POSTHOOK: Input: default@depts_n4
POSTHOOK: Input: default@emps_n5
POSTHOOK: Output: database:default
POSTHOOK: Output: default@mv1_n3
PREHOOK: query: explain
select depts_n4.deptno, sum(empid) as s
from emps_n5 join depts_n4 using (deptno)
where emps_n5.deptno > 10 group by depts_n4.deptno
PREHOOK: type: QUERY
PREHOOK: Input: default@depts_n4
PREHOOK: Input: default@emps_n5
PREHOOK: Input: default@mv1_n3
#### A masked pattern was here ####
POSTHOOK: query: explain
select depts_n4.deptno, sum(empid) as s
from emps_n5 join depts_n4 using (deptno)
where emps_n5.deptno > 10 group by depts_n4.deptno
POSTHOOK: type: QUERY
POSTHOOK: Input: default@depts_n4
POSTHOOK: Input: default@emps_n5
POSTHOOK: Input: default@mv1_n3
#### A masked pattern was here ####
STAGE DEPENDENCIES:
  Stage-1 is a root stage
  Stage-0 depends on stages: Stage-1

STAGE PLANS:
  Stage: Stage-1
    Tez
#### A masked pattern was here ####
      Edges:
        Reducer 2 <- Map 1 (SIMPLE_EDGE)
#### A masked pattern was here ####
      Vertices:
        Map 1 
            Map Operator Tree:
                TableScan
                  alias: default.mv1_n3
                  filterExpr: (deptno > 10) (type: boolean)
                  Statistics: Num rows: 5 Data size: 60 Basic stats: COMPLETE Column stats: COMPLETE
                  Filter Operator
                    predicate: (deptno > 10) (type: boolean)
                    Statistics: Num rows: 5 Data size: 60 Basic stats: COMPLETE Column stats: COMPLETE
                    Group By Operator
                      aggregations: sum(s)
                      keys: deptno (type: int)
                      minReductionHashAggr: 0.6
                      mode: hash
                      outputColumnNames: _col0, _col1
                      Statistics: Num rows: 2 Data size: 24 Basic stats: COMPLETE Column stats: COMPLETE
                      Reduce Output Operator
                        key expressions: _col0 (type: int)
                        null sort order: z
                        sort order: +
                        Map-reduce partition columns: _col0 (type: int)
                        Statistics: Num rows: 2 Data size: 24 Basic stats: COMPLETE Column stats: COMPLETE
                        value expressions: _col1 (type: bigint)
            Execution mode: vectorized, llap
            LLAP IO: all inputs
        Reducer 2 
            Execution mode: vectorized, llap
            Reduce Operator Tree:
              Group By Operator
                aggregations: sum(VALUE._col0)
                keys: KEY._col0 (type: int)
                mode: mergepartial
                outputColumnNames: _col0, _col1
                Statistics: Num rows: 2 Data size: 24 Basic stats: COMPLETE Column stats: COMPLETE
                File Output Operator
                  compressed: false
                  Statistics: Num rows: 2 Data size: 24 Basic stats: COMPLETE Column stats: COMPLETE
                  table:
                      input format: org.apache.hadoop.mapred.SequenceFileInputFormat
                      output format: org.apache.hadoop.hive.ql.io.HiveSequenceFileOutputFormat
                      serde: org.apache.hadoop.hive.serde2.lazy.LazySimpleSerDe

  Stage: Stage-0
    Fetch Operator
      limit: -1
      Processor Tree:
        ListSink

PREHOOK: query: select depts_n4.deptno, sum(empid) as s
from emps_n5 join depts_n4 using (deptno)
where emps_n5.deptno > 10 group by depts_n4.deptno
PREHOOK: type: QUERY
PREHOOK: Input: default@depts_n4
PREHOOK: Input: default@emps_n5
PREHOOK: Input: default@mv1_n3
#### A masked pattern was here ####
POSTHOOK: query: select depts_n4.deptno, sum(empid) as s
from emps_n5 join depts_n4 using (deptno)
where emps_n5.deptno > 10 group by depts_n4.deptno
POSTHOOK: type: QUERY
POSTHOOK: Input: default@depts_n4
POSTHOOK: Input: default@emps_n5
POSTHOOK: Input: default@mv1_n3
#### A masked pattern was here ####
20	200
PREHOOK: query: drop materialized view mv1_n3
PREHOOK: type: DROP_MATERIALIZED_VIEW
PREHOOK: Input: default@mv1_n3
PREHOOK: Output: default@mv1_n3
POSTHOOK: query: drop materialized view mv1_n3
POSTHOOK: type: DROP_MATERIALIZED_VIEW
POSTHOOK: Input: default@mv1_n3
POSTHOOK: Output: default@mv1_n3
PREHOOK: query: create materialized view mv1_n3 as
select empid, depts_n4.deptno, count(*) + 1 as c, sum(empid) as s
from emps_n5 join depts_n4 using (deptno)
where depts_n4.deptno >= 10 group by empid, depts_n4.deptno
PREHOOK: type: CREATE_MATERIALIZED_VIEW
PREHOOK: Input: default@depts_n4
PREHOOK: Input: default@emps_n5
PREHOOK: Output: database:default
PREHOOK: Output: default@mv1_n3
POSTHOOK: query: create materialized view mv1_n3 as
select empid, depts_n4.deptno, count(*) + 1 as c, sum(empid) as s
from emps_n5 join depts_n4 using (deptno)
where depts_n4.deptno >= 10 group by empid, depts_n4.deptno
POSTHOOK: type: CREATE_MATERIALIZED_VIEW
POSTHOOK: Input: default@depts_n4
POSTHOOK: Input: default@emps_n5
POSTHOOK: Output: database:default
POSTHOOK: Output: default@mv1_n3
PREHOOK: query: explain
select depts_n4.deptno, sum(empid) + 1 as s
from emps_n5 join depts_n4 using (deptno)
where depts_n4.deptno > 10 group by depts_n4.deptno
PREHOOK: type: QUERY
PREHOOK: Input: default@depts_n4
PREHOOK: Input: default@emps_n5
PREHOOK: Input: default@mv1_n3
#### A masked pattern was here ####
POSTHOOK: query: explain
select depts_n4.deptno, sum(empid) + 1 as s
from emps_n5 join depts_n4 using (deptno)
where depts_n4.deptno > 10 group by depts_n4.deptno
POSTHOOK: type: QUERY
POSTHOOK: Input: default@depts_n4
POSTHOOK: Input: default@emps_n5
POSTHOOK: Input: default@mv1_n3
#### A masked pattern was here ####
STAGE DEPENDENCIES:
  Stage-1 is a root stage
  Stage-0 depends on stages: Stage-1

STAGE PLANS:
  Stage: Stage-1
    Tez
#### A masked pattern was here ####
      Edges:
        Reducer 2 <- Map 1 (SIMPLE_EDGE)
#### A masked pattern was here ####
      Vertices:
        Map 1 
            Map Operator Tree:
                TableScan
                  alias: default.mv1_n3
                  filterExpr: (deptno > 10) (type: boolean)
                  Statistics: Num rows: 5 Data size: 60 Basic stats: COMPLETE Column stats: COMPLETE
                  Filter Operator
                    predicate: (deptno > 10) (type: boolean)
                    Statistics: Num rows: 5 Data size: 60 Basic stats: COMPLETE Column stats: COMPLETE
                    Select Operator
                      expressions: deptno (type: int), s (type: bigint)
                      outputColumnNames: _col0, _col1
                      Statistics: Num rows: 5 Data size: 60 Basic stats: COMPLETE Column stats: COMPLETE
                      Group By Operator
                        aggregations: sum(_col1)
                        keys: _col0 (type: int)
                        minReductionHashAggr: 0.6
                        mode: hash
                        outputColumnNames: _col0, _col1
                        Statistics: Num rows: 2 Data size: 24 Basic stats: COMPLETE Column stats: COMPLETE
                        Reduce Output Operator
                          key expressions: _col0 (type: int)
                          null sort order: z
                          sort order: +
                          Map-reduce partition columns: _col0 (type: int)
                          Statistics: Num rows: 2 Data size: 24 Basic stats: COMPLETE Column stats: COMPLETE
                          value expressions: _col1 (type: bigint)
            Execution mode: vectorized, llap
            LLAP IO: all inputs
        Reducer 2 
            Execution mode: vectorized, llap
            Reduce Operator Tree:
              Group By Operator
                aggregations: sum(VALUE._col0)
                keys: KEY._col0 (type: int)
                mode: mergepartial
                outputColumnNames: _col0, _col1
                Statistics: Num rows: 2 Data size: 24 Basic stats: COMPLETE Column stats: COMPLETE
                Select Operator
                  expressions: _col0 (type: int), (_col1 + 1L) (type: bigint)
                  outputColumnNames: _col0, _col1
                  Statistics: Num rows: 2 Data size: 24 Basic stats: COMPLETE Column stats: COMPLETE
                  File Output Operator
                    compressed: false
                    Statistics: Num rows: 2 Data size: 24 Basic stats: COMPLETE Column stats: COMPLETE
                    table:
                        input format: org.apache.hadoop.mapred.SequenceFileInputFormat
                        output format: org.apache.hadoop.hive.ql.io.HiveSequenceFileOutputFormat
                        serde: org.apache.hadoop.hive.serde2.lazy.LazySimpleSerDe

  Stage: Stage-0
    Fetch Operator
      limit: -1
      Processor Tree:
        ListSink

PREHOOK: query: select depts_n4.deptno, sum(empid) + 1 as s
from emps_n5 join depts_n4 using (deptno)
where depts_n4.deptno > 10 group by depts_n4.deptno
PREHOOK: type: QUERY
PREHOOK: Input: default@depts_n4
PREHOOK: Input: default@emps_n5
PREHOOK: Input: default@mv1_n3
#### A masked pattern was here ####
POSTHOOK: query: select depts_n4.deptno, sum(empid) + 1 as s
from emps_n5 join depts_n4 using (deptno)
where depts_n4.deptno > 10 group by depts_n4.deptno
POSTHOOK: type: QUERY
POSTHOOK: Input: default@depts_n4
POSTHOOK: Input: default@emps_n5
POSTHOOK: Input: default@mv1_n3
#### A masked pattern was here ####
20	201
PREHOOK: query: drop materialized view mv1_n3
PREHOOK: type: DROP_MATERIALIZED_VIEW
PREHOOK: Input: default@mv1_n3
PREHOOK: Output: default@mv1_n3
POSTHOOK: query: drop materialized view mv1_n3
POSTHOOK: type: DROP_MATERIALIZED_VIEW
POSTHOOK: Input: default@mv1_n3
POSTHOOK: Output: default@mv1_n3
PREHOOK: query: create materialized view mv1_n3 as
select depts_n4.name, sum(salary) as s
from emps_n5
join depts_n4 on (emps_n5.deptno = depts_n4.deptno)
group by depts_n4.name
PREHOOK: type: CREATE_MATERIALIZED_VIEW
PREHOOK: Input: default@depts_n4
PREHOOK: Input: default@emps_n5
PREHOOK: Output: database:default
PREHOOK: Output: default@mv1_n3
POSTHOOK: query: create materialized view mv1_n3 as
select depts_n4.name, sum(salary) as s
from emps_n5
join depts_n4 on (emps_n5.deptno = depts_n4.deptno)
group by depts_n4.name
POSTHOOK: type: CREATE_MATERIALIZED_VIEW
POSTHOOK: Input: default@depts_n4
POSTHOOK: Input: default@emps_n5
POSTHOOK: Output: database:default
POSTHOOK: Output: default@mv1_n3
PREHOOK: query: explain
select dependents_n3.empid, sum(salary) as s
from emps_n5
join depts_n4 on (emps_n5.deptno = depts_n4.deptno)
join dependents_n3 on (depts_n4.name = dependents_n3.name)
group by dependents_n3.empid
PREHOOK: type: QUERY
PREHOOK: Input: default@dependents_n3
PREHOOK: Input: default@depts_n4
PREHOOK: Input: default@emps_n5
PREHOOK: Input: default@mv1_n3
#### A masked pattern was here ####
POSTHOOK: query: explain
select dependents_n3.empid, sum(salary) as s
from emps_n5
join depts_n4 on (emps_n5.deptno = depts_n4.deptno)
join dependents_n3 on (depts_n4.name = dependents_n3.name)
group by dependents_n3.empid
POSTHOOK: type: QUERY
POSTHOOK: Input: default@dependents_n3
POSTHOOK: Input: default@depts_n4
POSTHOOK: Input: default@emps_n5
POSTHOOK: Input: default@mv1_n3
#### A masked pattern was here ####
STAGE DEPENDENCIES:
  Stage-1 is a root stage
  Stage-0 depends on stages: Stage-1

STAGE PLANS:
  Stage: Stage-1
    Tez
#### A masked pattern was here ####
      Edges:
        Reducer 2 <- Map 1 (SIMPLE_EDGE), Map 4 (SIMPLE_EDGE)
        Reducer 3 <- Reducer 2 (SIMPLE_EDGE)
#### A masked pattern was here ####
      Vertices:
        Map 1 
            Map Operator Tree:
                TableScan
                  alias: default.mv1_n3
                  filterExpr: name is not null (type: boolean)
                  Statistics: Num rows: 2 Data size: 192 Basic stats: COMPLETE Column stats: COMPLETE
                  Filter Operator
                    predicate: name is not null (type: boolean)
                    Statistics: Num rows: 2 Data size: 192 Basic stats: COMPLETE Column stats: COMPLETE
                    Select Operator
                      expressions: name (type: varchar(256)), s (type: double)
                      outputColumnNames: _col0, _col1
                      Statistics: Num rows: 2 Data size: 192 Basic stats: COMPLETE Column stats: COMPLETE
                      Reduce Output Operator
                        key expressions: _col0 (type: varchar(256))
                        null sort order: z
                        sort order: +
                        Map-reduce partition columns: _col0 (type: varchar(256))
                        Statistics: Num rows: 2 Data size: 192 Basic stats: COMPLETE Column stats: COMPLETE
                        value expressions: _col1 (type: double)
            Execution mode: vectorized, llap
            LLAP IO: all inputs
        Map 4 
            Map Operator Tree:
                TableScan
                  alias: dependents_n3
                  filterExpr: name is not null (type: boolean)
                  Statistics: Num rows: 2 Data size: 188 Basic stats: COMPLETE Column stats: COMPLETE
                  Filter Operator
                    predicate: name is not null (type: boolean)
                    Statistics: Num rows: 2 Data size: 188 Basic stats: COMPLETE Column stats: COMPLETE
                    Select Operator
                      expressions: empid (type: int), name (type: varchar(256))
                      outputColumnNames: _col0, _col1
                      Statistics: Num rows: 2 Data size: 188 Basic stats: COMPLETE Column stats: COMPLETE
                      Reduce Output Operator
                        key expressions: _col1 (type: varchar(256))
                        null sort order: z
                        sort order: +
                        Map-reduce partition columns: _col1 (type: varchar(256))
                        Statistics: Num rows: 2 Data size: 188 Basic stats: COMPLETE Column stats: COMPLETE
                        value expressions: _col0 (type: int)
            Execution mode: vectorized, llap
            LLAP IO: may be used (ACID table)
        Reducer 2 
            Execution mode: llap
            Reduce Operator Tree:
              Merge Join Operator
                condition map:
                     Inner Join 0 to 1
                keys:
                  0 _col0 (type: varchar(256))
                  1 _col1 (type: varchar(256))
                outputColumnNames: _col1, _col2
                Statistics: Num rows: 2 Data size: 24 Basic stats: COMPLETE Column stats: COMPLETE
                Group By Operator
                  aggregations: sum(_col1)
                  keys: _col2 (type: int)
                  minReductionHashAggr: 0.4
                  mode: hash
                  outputColumnNames: _col0, _col1
                  Statistics: Num rows: 2 Data size: 24 Basic stats: COMPLETE Column stats: COMPLETE
                  Reduce Output Operator
                    key expressions: _col0 (type: int)
                    null sort order: z
                    sort order: +
                    Map-reduce partition columns: _col0 (type: int)
                    Statistics: Num rows: 2 Data size: 24 Basic stats: COMPLETE Column stats: COMPLETE
                    value expressions: _col1 (type: double)
        Reducer 3 
            Execution mode: vectorized, llap
            Reduce Operator Tree:
              Group By Operator
                aggregations: sum(VALUE._col0)
                keys: KEY._col0 (type: int)
                mode: mergepartial
                outputColumnNames: _col0, _col1
                Statistics: Num rows: 2 Data size: 24 Basic stats: COMPLETE Column stats: COMPLETE
                File Output Operator
                  compressed: false
                  Statistics: Num rows: 2 Data size: 24 Basic stats: COMPLETE Column stats: COMPLETE
                  table:
                      input format: org.apache.hadoop.mapred.SequenceFileInputFormat
                      output format: org.apache.hadoop.hive.ql.io.HiveSequenceFileOutputFormat
                      serde: org.apache.hadoop.hive.serde2.lazy.LazySimpleSerDe

  Stage: Stage-0
    Fetch Operator
      limit: -1
      Processor Tree:
        ListSink

PREHOOK: query: select dependents_n3.empid, sum(salary) as s
from emps_n5
join depts_n4 on (emps_n5.deptno = depts_n4.deptno)
join dependents_n3 on (depts_n4.name = dependents_n3.name)
group by dependents_n3.empid
PREHOOK: type: QUERY
PREHOOK: Input: default@dependents_n3
PREHOOK: Input: default@depts_n4
PREHOOK: Input: default@emps_n5
PREHOOK: Input: default@mv1_n3
#### A masked pattern was here ####
POSTHOOK: query: select dependents_n3.empid, sum(salary) as s
from emps_n5
join depts_n4 on (emps_n5.deptno = depts_n4.deptno)
join dependents_n3 on (depts_n4.name = dependents_n3.name)
group by dependents_n3.empid
POSTHOOK: type: QUERY
POSTHOOK: Input: default@dependents_n3
POSTHOOK: Input: default@depts_n4
POSTHOOK: Input: default@emps_n5
POSTHOOK: Input: default@mv1_n3
#### A masked pattern was here ####
PREHOOK: query: drop materialized view mv1_n3
PREHOOK: type: DROP_MATERIALIZED_VIEW
PREHOOK: Input: default@mv1_n3
PREHOOK: Output: default@mv1_n3
POSTHOOK: query: drop materialized view mv1_n3
POSTHOOK: type: DROP_MATERIALIZED_VIEW
POSTHOOK: Input: default@mv1_n3
POSTHOOK: Output: default@mv1_n3
PREHOOK: query: create materialized view mv1_n3 as
select dependents_n3.empid, emps_n5.deptno, count(distinct salary) as s
from emps_n5
join dependents_n3 on (emps_n5.empid = dependents_n3.empid)
group by dependents_n3.empid, emps_n5.deptno
PREHOOK: type: CREATE_MATERIALIZED_VIEW
PREHOOK: Input: default@dependents_n3
PREHOOK: Input: default@emps_n5
PREHOOK: Output: database:default
PREHOOK: Output: default@mv1_n3
POSTHOOK: query: create materialized view mv1_n3 as
select dependents_n3.empid, emps_n5.deptno, count(distinct salary) as s
from emps_n5
join dependents_n3 on (emps_n5.empid = dependents_n3.empid)
group by dependents_n3.empid, emps_n5.deptno
POSTHOOK: type: CREATE_MATERIALIZED_VIEW
POSTHOOK: Input: default@dependents_n3
POSTHOOK: Input: default@emps_n5
POSTHOOK: Output: database:default
POSTHOOK: Output: default@mv1_n3
PREHOOK: query: explain
select emps_n5.deptno, count(distinct salary) as s
from emps_n5
join dependents_n3 on (emps_n5.empid = dependents_n3.empid)
group by dependents_n3.empid, emps_n5.deptno
PREHOOK: type: QUERY
PREHOOK: Input: default@dependents_n3
PREHOOK: Input: default@emps_n5
#### A masked pattern was here ####
POSTHOOK: query: explain
select emps_n5.deptno, count(distinct salary) as s
from emps_n5
join dependents_n3 on (emps_n5.empid = dependents_n3.empid)
group by dependents_n3.empid, emps_n5.deptno
POSTHOOK: type: QUERY
POSTHOOK: Input: default@dependents_n3
POSTHOOK: Input: default@emps_n5
#### A masked pattern was here ####
STAGE DEPENDENCIES:
  Stage-1 is a root stage
  Stage-0 depends on stages: Stage-1

STAGE PLANS:
  Stage: Stage-1
    Tez
#### A masked pattern was here ####
      Edges:
        Reducer 2 <- Map 1 (SIMPLE_EDGE), Map 4 (SIMPLE_EDGE)
        Reducer 3 <- Reducer 2 (SIMPLE_EDGE)
#### A masked pattern was here ####
      Vertices:
        Map 1 
            Map Operator Tree:
                TableScan
                  alias: emps_n5
                  Statistics: Num rows: 5 Data size: 60 Basic stats: COMPLETE Column stats: COMPLETE
                  Select Operator
                    expressions: empid (type: int), deptno (type: int), salary (type: float)
                    outputColumnNames: _col0, _col1, _col2
                    Statistics: Num rows: 5 Data size: 60 Basic stats: COMPLETE Column stats: COMPLETE
                    Reduce Output Operator
                      key expressions: _col0 (type: int)
                      null sort order: z
                      sort order: +
                      Map-reduce partition columns: _col0 (type: int)
                      Statistics: Num rows: 5 Data size: 60 Basic stats: COMPLETE Column stats: COMPLETE
                      value expressions: _col1 (type: int), _col2 (type: float)
            Execution mode: vectorized, llap
            LLAP IO: may be used (ACID table)
        Map 4 
            Map Operator Tree:
                TableScan
                  alias: dependents_n3
                  Statistics: Num rows: 2 Data size: 8 Basic stats: COMPLETE Column stats: COMPLETE
                  Select Operator
                    expressions: empid (type: int)
                    outputColumnNames: _col0
                    Statistics: Num rows: 2 Data size: 8 Basic stats: COMPLETE Column stats: COMPLETE
                    Reduce Output Operator
                      key expressions: _col0 (type: int)
                      null sort order: z
                      sort order: +
                      Map-reduce partition columns: _col0 (type: int)
                      Statistics: Num rows: 2 Data size: 8 Basic stats: COMPLETE Column stats: COMPLETE
            Execution mode: vectorized, llap
            LLAP IO: may be used (ACID table)
        Reducer 2 
            Execution mode: llap
            Reduce Operator Tree:
              Merge Join Operator
                condition map:
                     Inner Join 0 to 1
                keys:
                  0 _col0 (type: int)
                  1 _col0 (type: int)
                outputColumnNames: _col1, _col2, _col3
                Statistics: Num rows: 2 Data size: 24 Basic stats: COMPLETE Column stats: COMPLETE
                Group By Operator
                  keys: _col1 (type: int), _col3 (type: int), _col2 (type: float)
                  minReductionHashAggr: 0.4
                  mode: hash
                  outputColumnNames: _col0, _col1, _col2
                  Statistics: Num rows: 2 Data size: 24 Basic stats: COMPLETE Column stats: COMPLETE
                  Reduce Output Operator
                    key expressions: _col0 (type: int), _col1 (type: int), _col2 (type: float)
                    null sort order: zzz
                    sort order: +++
                    Map-reduce partition columns: _col0 (type: int), _col1 (type: int)
                    Statistics: Num rows: 2 Data size: 24 Basic stats: COMPLETE Column stats: COMPLETE
        Reducer 3 
            Execution mode: vectorized, llap
            Reduce Operator Tree:
              Group By Operator
                keys: KEY._col0 (type: int), KEY._col1 (type: int), KEY._col2 (type: float)
                mode: mergepartial
                outputColumnNames: _col0, _col1, _col2
                Statistics: Num rows: 2 Data size: 24 Basic stats: COMPLETE Column stats: COMPLETE
                Select Operator
                  expressions: _col0 (type: int), _col2 (type: float), _col1 (type: int)
                  outputColumnNames: _col0, _col1, _col2
                  Statistics: Num rows: 2 Data size: 24 Basic stats: COMPLETE Column stats: COMPLETE
                  Group By Operator
                    aggregations: count(_col1)
                    keys: _col0 (type: int), _col2 (type: int)
                    mode: complete
                    outputColumnNames: _col0, _col1, _col2
                    Statistics: Num rows: 2 Data size: 32 Basic stats: COMPLETE Column stats: COMPLETE
                    Select Operator
                      expressions: _col0 (type: int), _col2 (type: bigint)
                      outputColumnNames: _col0, _col1
                      Statistics: Num rows: 2 Data size: 24 Basic stats: COMPLETE Column stats: COMPLETE
                      File Output Operator
                        compressed: false
                        Statistics: Num rows: 2 Data size: 24 Basic stats: COMPLETE Column stats: COMPLETE
                        table:
                            input format: org.apache.hadoop.mapred.SequenceFileInputFormat
                            output format: org.apache.hadoop.hive.ql.io.HiveSequenceFileOutputFormat
                            serde: org.apache.hadoop.hive.serde2.lazy.LazySimpleSerDe

  Stage: Stage-0
    Fetch Operator
      limit: -1
      Processor Tree:
        ListSink

PREHOOK: query: select emps_n5.deptno, count(distinct salary) as s
from emps_n5
join dependents_n3 on (emps_n5.empid = dependents_n3.empid)
group by dependents_n3.empid, emps_n5.deptno
PREHOOK: type: QUERY
PREHOOK: Input: default@dependents_n3
PREHOOK: Input: default@emps_n5
#### A masked pattern was here ####
POSTHOOK: query: select emps_n5.deptno, count(distinct salary) as s
from emps_n5
join dependents_n3 on (emps_n5.empid = dependents_n3.empid)
group by dependents_n3.empid, emps_n5.deptno
POSTHOOK: type: QUERY
POSTHOOK: Input: default@dependents_n3
POSTHOOK: Input: default@emps_n5
#### A masked pattern was here ####
PREHOOK: query: drop materialized view mv1_n3
PREHOOK: type: DROP_MATERIALIZED_VIEW
PREHOOK: Input: default@mv1_n3
PREHOOK: Output: default@mv1_n3
POSTHOOK: query: drop materialized view mv1_n3
POSTHOOK: type: DROP_MATERIALIZED_VIEW
POSTHOOK: Input: default@mv1_n3
POSTHOOK: Output: default@mv1_n3
