PREHOOK: query: create table t1(a char(15), b int, c int) stored as orc TBLPROPERTIES ('transactional'='true')
PREHOOK: type: CREATETABLE
PREHOOK: Output: database:default
PREHOOK: Output: default@t1
POSTHOOK: query: create table t1(a char(15), b int, c int) stored as orc TBLPROPERTIES ('transactional'='true')
POSTHOOK: type: CREATETABLE
POSTHOOK: Output: database:default
POSTHOOK: Output: default@t1
PREHOOK: query: insert into t1(a, b, c) values
('group0', 1, 1), ('group0', 2, 1),
('group_null', null, null), ('group_null', null, null),
(null, null, null)
PREHOOK: type: QUERY
PREHOOK: Input: _dummy_database@_dummy_table
PREHOOK: Output: default@t1
POSTHOOK: query: insert into t1(a, b, c) values
('group0', 1, 1), ('group0', 2, 1),
('group_null', null, null), ('group_null', null, null),
(null, null, null)
POSTHOOK: type: QUERY
POSTHOOK: Input: _dummy_database@_dummy_table
POSTHOOK: Output: default@t1
POSTHOOK: Lineage: t1.a SCRIPT []
POSTHOOK: Lineage: t1.b SCRIPT []
POSTHOOK: Lineage: t1.c SCRIPT []
PREHOOK: query: insert into t1(a, b, c) values ('group1', 0, 1), ('group1', 0, 2)
PREHOOK: type: QUERY
PREHOOK: Input: _dummy_database@_dummy_table
PREHOOK: Output: default@t1
POSTHOOK: query: insert into t1(a, b, c) values ('group1', 0, 1), ('group1', 0, 2)
POSTHOOK: type: QUERY
POSTHOOK: Input: _dummy_database@_dummy_table
POSTHOOK: Output: default@t1
POSTHOOK: Lineage: t1.a SCRIPT []
POSTHOOK: Lineage: t1.b SCRIPT []
POSTHOOK: Lineage: t1.c SCRIPT []
PREHOOK: query: create materialized view mat1 stored as orc TBLPROPERTIES ('transactional'='true') as
select t1.a, count(*) from t1
group by t1.a
PREHOOK: type: CREATE_MATERIALIZED_VIEW
PREHOOK: Input: default@t1
PREHOOK: Output: database:default
PREHOOK: Output: default@mat1
POSTHOOK: query: create materialized view mat1 stored as orc TBLPROPERTIES ('transactional'='true') as
select t1.a, count(*) from t1
group by t1.a
POSTHOOK: type: CREATE_MATERIALIZED_VIEW
POSTHOOK: Input: default@t1
POSTHOOK: Output: database:default
POSTHOOK: Output: default@mat1
POSTHOOK: Lineage: mat1._c1 EXPRESSION [(t1)t1.null, ]
POSTHOOK: Lineage: mat1.a SIMPLE [(t1)t1.FieldSchema(name:a, type:char(15), comment:null), ]
PREHOOK: query: insert into t1(a,b,c) values
('group0', 5, 1),
('group_null', null, null),
(null, null, null),
('group_add', 5, 1)
PREHOOK: type: QUERY
PREHOOK: Input: _dummy_database@_dummy_table
PREHOOK: Output: default@t1
POSTHOOK: query: insert into t1(a,b,c) values
('group0', 5, 1),
('group_null', null, null),
(null, null, null),
('group_add', 5, 1)
POSTHOOK: type: QUERY
POSTHOOK: Input: _dummy_database@_dummy_table
POSTHOOK: Output: default@t1
POSTHOOK: Lineage: t1.a SCRIPT []
POSTHOOK: Lineage: t1.b SCRIPT []
POSTHOOK: Lineage: t1.c SCRIPT []
PREHOOK: query: explain cbo
select t1.a, count(*) from t1
group by t1.a
PREHOOK: type: QUERY
PREHOOK: Input: default@t1
#### A masked pattern was here ####
POSTHOOK: query: explain cbo
select t1.a, count(*) from t1
group by t1.a
POSTHOOK: type: QUERY
POSTHOOK: Input: default@t1
#### A masked pattern was here ####
CBO PLAN:
HiveAggregate(group=[{0}], agg#0=[count()])
  HiveTableScan(table=[[default, t1]], table:alias=[t1])

PREHOOK: query: explain cbo
alter materialized view mat1 rebuild
PREHOOK: type: ALTER_MATERIALIZED_VIEW_REBUILD
PREHOOK: Input: default@mat1
PREHOOK: Input: default@t1
PREHOOK: Output: default@mat1
PREHOOK: Output: default@mat1
POSTHOOK: query: explain cbo
alter materialized view mat1 rebuild
POSTHOOK: type: ALTER_MATERIALIZED_VIEW_REBUILD
POSTHOOK: Input: default@mat1
POSTHOOK: Input: default@t1
POSTHOOK: Output: default@mat1
POSTHOOK: Output: default@mat1
CBO PLAN:
HiveProject($f0=[$3], $f1=[CASE(IS NULL($1), $4, IS NULL($4), $1, +($4, $1))])
  HiveFilter(condition=[OR($2, IS NULL($2))])
    HiveJoin(condition=[IS NOT DISTINCT FROM($0, $3)], joinType=[right], algorithm=[BucketJoin], cost=[not available])
      HiveProject(a=[$0], _c1=[$1], $f2=[true])
        HiveTableScan(table=[[default, mat1]], table:alias=[default.mat1])
      HiveProject(a=[$0], $f1=[$1])
        HiveAggregate(group=[{0}], agg#0=[count()])
          HiveFilter(condition=[<(2, $5.writeid)])
            HiveTableScan(table=[[default, t1]], table:alias=[t1])

PREHOOK: query: explain
alter materialized view mat1 rebuild
PREHOOK: type: ALTER_MATERIALIZED_VIEW_REBUILD
PREHOOK: Input: default@mat1
PREHOOK: Input: default@t1
PREHOOK: Output: default@mat1
PREHOOK: Output: default@mat1
POSTHOOK: query: explain
alter materialized view mat1 rebuild
POSTHOOK: type: ALTER_MATERIALIZED_VIEW_REBUILD
POSTHOOK: Input: default@mat1
POSTHOOK: Input: default@t1
POSTHOOK: Output: default@mat1
POSTHOOK: Output: default@mat1
STAGE DEPENDENCIES:
  Stage-3 is a root stage
  Stage-4 depends on stages: Stage-3
  Stage-0 depends on stages: Stage-4
  Stage-5 depends on stages: Stage-0
  Stage-8 depends on stages: Stage-5, Stage-6, Stage-7
  Stage-1 depends on stages: Stage-4
  Stage-6 depends on stages: Stage-1
  Stage-2 depends on stages: Stage-4
  Stage-7 depends on stages: Stage-2

STAGE PLANS:
  Stage: Stage-3
    Tez
#### A masked pattern was here ####
      Edges:
        Reducer 2 <- Map 1 (SIMPLE_EDGE), Reducer 7 (SIMPLE_EDGE)
        Reducer 3 <- Reducer 2 (SIMPLE_EDGE)
        Reducer 4 <- Reducer 2 (CUSTOM_SIMPLE_EDGE)
        Reducer 5 <- Reducer 2 (CUSTOM_SIMPLE_EDGE)
        Reducer 7 <- Map 6 (SIMPLE_EDGE)
#### A masked pattern was here ####
      Vertices:
        Map 1 
            Map Operator Tree:
                TableScan
                  alias: default.mat1
                  Statistics: Num rows: 4 Data size: 392 Basic stats: COMPLETE Column stats: COMPLETE
                  Select Operator
                    expressions: a (type: char(15)), _c1 (type: bigint), true (type: boolean), ROW__ID (type: struct<writeid:bigint,bucketid:int,rowid:bigint>)
                    outputColumnNames: _col0, _col1, _col2, _col3
                    Statistics: Num rows: 4 Data size: 712 Basic stats: COMPLETE Column stats: COMPLETE
                    Reduce Output Operator
                      key expressions: _col0 (type: char(15))
                      null sort order: z
                      sort order: +
                      Map-reduce partition columns: _col0 (type: char(15))
                      Statistics: Num rows: 4 Data size: 712 Basic stats: COMPLETE Column stats: COMPLETE
                      value expressions: _col1 (type: bigint), _col2 (type: boolean), _col3 (type: struct<writeid:bigint,bucketid:int,rowid:bigint>)
            Execution mode: vectorized, llap
            LLAP IO: may be used (ACID table)
        Map 6 
            Map Operator Tree:
                TableScan
                  alias: t1
                  filterExpr: (ROW__ID.writeid > 2L) (type: boolean)
                  Statistics: Num rows: 11 Data size: 900 Basic stats: COMPLETE Column stats: COMPLETE
                  Filter Operator
                    predicate: (ROW__ID.writeid > 2L) (type: boolean)
                    Statistics: Num rows: 3 Data size: 270 Basic stats: COMPLETE Column stats: COMPLETE
                    Select Operator
                      expressions: a (type: char(15))
                      outputColumnNames: a
                      Statistics: Num rows: 3 Data size: 270 Basic stats: COMPLETE Column stats: COMPLETE
                      Group By Operator
                        aggregations: count()
                        keys: a (type: char(15))
                        minReductionHashAggr: 0.4
                        mode: hash
                        outputColumnNames: _col0, _col1
                        Statistics: Num rows: 3 Data size: 294 Basic stats: COMPLETE Column stats: COMPLETE
                        Reduce Output Operator
                          key expressions: _col0 (type: char(15))
                          null sort order: z
                          sort order: +
                          Map-reduce partition columns: _col0 (type: char(15))
                          Statistics: Num rows: 3 Data size: 294 Basic stats: COMPLETE Column stats: COMPLETE
                          value expressions: _col1 (type: bigint)
            Execution mode: vectorized, llap
            LLAP IO: may be used (ACID table)
        Reducer 2 
            Execution mode: llap
            Reduce Operator Tree:
              Merge Join Operator
                condition map:
                     Right Outer Join 0 to 1
                keys:
                  0 _col0 (type: char(15))
                  1 _col0 (type: char(15))
                nullSafes: [true]
                outputColumnNames: _col1, _col2, _col3, _col4, _col5
                Statistics: Num rows: 4 Data size: 744 Basic stats: COMPLETE Column stats: COMPLETE
                Filter Operator
                  predicate: _col2 (type: boolean)
                  Statistics: Num rows: 1 Data size: 186 Basic stats: COMPLETE Column stats: COMPLETE
                  Select Operator
                    expressions: _col3 (type: struct<writeid:bigint,bucketid:int,rowid:bigint>)
                    outputColumnNames: _col0
                    Statistics: Num rows: 1 Data size: 76 Basic stats: COMPLETE Column stats: COMPLETE
                    Reduce Output Operator
                      key expressions: _col0 (type: struct<writeid:bigint,bucketid:int,rowid:bigint>)
                      null sort order: z
                      sort order: +
                      Map-reduce partition columns: UDFToInteger(_col0) (type: int)
                      Statistics: Num rows: 1 Data size: 76 Basic stats: COMPLETE Column stats: COMPLETE
                Filter Operator
                  predicate: _col2 (type: boolean)
                  Statistics: Num rows: 1 Data size: 186 Basic stats: COMPLETE Column stats: COMPLETE
                  Select Operator
                    expressions: _col4 (type: char(15)), CASE WHEN (_col1 is null) THEN (_col5) WHEN (_col5 is null) THEN (_col1) ELSE ((_col5 + _col1)) END (type: bigint)
                    outputColumnNames: _col0, _col1
                    Statistics: Num rows: 1 Data size: 98 Basic stats: COMPLETE Column stats: COMPLETE
                    File Output Operator
                      compressed: false
                      Statistics: Num rows: 1 Data size: 98 Basic stats: COMPLETE Column stats: COMPLETE
                      table:
                          input format: org.apache.hadoop.hive.ql.io.orc.OrcInputFormat
                          output format: org.apache.hadoop.hive.ql.io.orc.OrcOutputFormat
                          serde: org.apache.hadoop.hive.ql.io.orc.OrcSerde
                          name: default.mat1
                      Write Type: INSERT
                    Select Operator
                      expressions: _col0 (type: char(15)), _col1 (type: bigint)
                      outputColumnNames: a, _c1
                      Statistics: Num rows: 1 Data size: 98 Basic stats: COMPLETE Column stats: COMPLETE
                      Group By Operator
                        aggregations: max(length(a)), avg(COALESCE(length(a),0)), count(1), count(a), compute_bit_vector_hll(a), min(_c1), max(_c1), count(_c1), compute_bit_vector_hll(_c1)
                        minReductionHashAggr: 0.4
                        mode: hash
                        outputColumnNames: _col0, _col1, _col2, _col3, _col4, _col5, _col6, _col7, _col8
                        Statistics: Num rows: 1 Data size: 408 Basic stats: COMPLETE Column stats: COMPLETE
                        Reduce Output Operator
                          null sort order: 
                          sort order: 
                          Statistics: Num rows: 1 Data size: 408 Basic stats: COMPLETE Column stats: COMPLETE
                          value expressions: _col0 (type: int), _col1 (type: struct<count:bigint,sum:double,input:int>), _col2 (type: bigint), _col3 (type: bigint), _col4 (type: binary), _col5 (type: bigint), _col6 (type: bigint), _col7 (type: bigint), _col8 (type: binary)
                Filter Operator
                  predicate: _col2 is null (type: boolean)
                  Statistics: Num rows: 1 Data size: 186 Basic stats: COMPLETE Column stats: COMPLETE
                  Select Operator
                    expressions: _col4 (type: char(15)), CASE WHEN (_col1 is null) THEN (_col5) WHEN (_col5 is null) THEN (_col1) ELSE ((_col5 + _col1)) END (type: bigint)
                    outputColumnNames: _col0, _col1
                    Statistics: Num rows: 1 Data size: 98 Basic stats: COMPLETE Column stats: COMPLETE
                    File Output Operator
                      compressed: false
                      Statistics: Num rows: 1 Data size: 98 Basic stats: COMPLETE Column stats: COMPLETE
                      table:
                          input format: org.apache.hadoop.hive.ql.io.orc.OrcInputFormat
                          output format: org.apache.hadoop.hive.ql.io.orc.OrcOutputFormat
                          serde: org.apache.hadoop.hive.ql.io.orc.OrcSerde
                          name: default.mat1
                      Write Type: INSERT
                    Select Operator
                      expressions: _col0 (type: char(15)), _col1 (type: bigint)
                      outputColumnNames: a, _c1
                      Statistics: Num rows: 1 Data size: 98 Basic stats: COMPLETE Column stats: COMPLETE
                      Group By Operator
                        aggregations: max(length(a)), avg(COALESCE(length(a),0)), count(1), count(a), compute_bit_vector_hll(a), min(_c1), max(_c1), count(_c1), compute_bit_vector_hll(_c1)
                        minReductionHashAggr: 0.4
                        mode: hash
                        outputColumnNames: _col0, _col1, _col2, _col3, _col4, _col5, _col6, _col7, _col8
                        Statistics: Num rows: 1 Data size: 408 Basic stats: COMPLETE Column stats: COMPLETE
                        Reduce Output Operator
                          null sort order: 
                          sort order: 
                          Statistics: Num rows: 1 Data size: 408 Basic stats: COMPLETE Column stats: COMPLETE
                          value expressions: _col0 (type: int), _col1 (type: struct<count:bigint,sum:double,input:int>), _col2 (type: bigint), _col3 (type: bigint), _col4 (type: binary), _col5 (type: bigint), _col6 (type: bigint), _col7 (type: bigint), _col8 (type: binary)
        Reducer 3 
            Execution mode: vectorized, llap
            Reduce Operator Tree:
              Select Operator
                expressions: KEY.reducesinkkey0 (type: struct<writeid:bigint,bucketid:int,rowid:bigint>)
                outputColumnNames: _col0
                Statistics: Num rows: 1 Data size: 76 Basic stats: COMPLETE Column stats: COMPLETE
                File Output Operator
                  compressed: false
                  Statistics: Num rows: 1 Data size: 76 Basic stats: COMPLETE Column stats: COMPLETE
                  table:
                      input format: org.apache.hadoop.hive.ql.io.orc.OrcInputFormat
                      output format: org.apache.hadoop.hive.ql.io.orc.OrcOutputFormat
                      serde: org.apache.hadoop.hive.ql.io.orc.OrcSerde
                      name: default.mat1
                  Write Type: DELETE
        Reducer 4 
            Execution mode: vectorized, llap
            Reduce Operator Tree:
              Group By Operator
                aggregations: max(VALUE._col0), avg(VALUE._col1), count(VALUE._col2), count(VALUE._col3), compute_bit_vector_hll(VALUE._col4), min(VALUE._col5), max(VALUE._col6), count(VALUE._col7), compute_bit_vector_hll(VALUE._col8)
                mode: mergepartial
                outputColumnNames: _col0, _col1, _col2, _col3, _col4, _col5, _col6, _col7, _col8
                Statistics: Num rows: 1 Data size: 340 Basic stats: COMPLETE Column stats: COMPLETE
                Select Operator
                  expressions: 'STRING' (type: string), UDFToLong(COALESCE(_col0,0)) (type: bigint), COALESCE(_col1,0) (type: double), (_col2 - _col3) (type: bigint), COALESCE(ndv_compute_bit_vector(_col4),0) (type: bigint), _col4 (type: binary), 'LONG' (type: string), _col5 (type: bigint), _col6 (type: bigint), (_col2 - _col7) (type: bigint), COALESCE(ndv_compute_bit_vector(_col8),0) (type: bigint), _col8 (type: binary)
                  outputColumnNames: _col0, _col1, _col2, _col3, _col4, _col5, _col6, _col7, _col8, _col9, _col10, _col11
                  Statistics: Num rows: 1 Data size: 530 Basic stats: COMPLETE Column stats: COMPLETE
                  File Output Operator
                    compressed: false
                    Statistics: Num rows: 1 Data size: 530 Basic stats: COMPLETE Column stats: COMPLETE
                    table:
                        input format: org.apache.hadoop.mapred.SequenceFileInputFormat
                        output format: org.apache.hadoop.hive.ql.io.HiveSequenceFileOutputFormat
                        serde: org.apache.hadoop.hive.serde2.lazy.LazySimpleSerDe
        Reducer 5 
            Execution mode: vectorized, llap
            Reduce Operator Tree:
              Group By Operator
                aggregations: max(VALUE._col0), avg(VALUE._col1), count(VALUE._col2), count(VALUE._col3), compute_bit_vector_hll(VALUE._col4), min(VALUE._col5), max(VALUE._col6), count(VALUE._col7), compute_bit_vector_hll(VALUE._col8)
                mode: mergepartial
                outputColumnNames: _col0, _col1, _col2, _col3, _col4, _col5, _col6, _col7, _col8
                Statistics: Num rows: 1 Data size: 340 Basic stats: COMPLETE Column stats: COMPLETE
                Select Operator
                  expressions: 'STRING' (type: string), UDFToLong(COALESCE(_col0,0)) (type: bigint), COALESCE(_col1,0) (type: double), (_col2 - _col3) (type: bigint), COALESCE(ndv_compute_bit_vector(_col4),0) (type: bigint), _col4 (type: binary), 'LONG' (type: string), _col5 (type: bigint), _col6 (type: bigint), (_col2 - _col7) (type: bigint), COALESCE(ndv_compute_bit_vector(_col8),0) (type: bigint), _col8 (type: binary)
                  outputColumnNames: _col0, _col1, _col2, _col3, _col4, _col5, _col6, _col7, _col8, _col9, _col10, _col11
                  Statistics: Num rows: 1 Data size: 530 Basic stats: COMPLETE Column stats: COMPLETE
                  File Output Operator
                    compressed: false
                    Statistics: Num rows: 1 Data size: 530 Basic stats: COMPLETE Column stats: COMPLETE
                    table:
                        input format: org.apache.hadoop.mapred.SequenceFileInputFormat
                        output format: org.apache.hadoop.hive.ql.io.HiveSequenceFileOutputFormat
                        serde: org.apache.hadoop.hive.serde2.lazy.LazySimpleSerDe
        Reducer 7 
            Execution mode: vectorized, llap
            Reduce Operator Tree:
              Group By Operator
                aggregations: count(VALUE._col0)
                keys: KEY._col0 (type: char(15))
                mode: mergepartial
                outputColumnNames: _col0, _col1
                Statistics: Num rows: 3 Data size: 294 Basic stats: COMPLETE Column stats: COMPLETE
                Reduce Output Operator
                  key expressions: _col0 (type: char(15))
                  null sort order: z
                  sort order: +
                  Map-reduce partition columns: _col0 (type: char(15))
                  Statistics: Num rows: 3 Data size: 294 Basic stats: COMPLETE Column stats: COMPLETE
                  value expressions: _col1 (type: bigint)

  Stage: Stage-4
    Dependency Collection

  Stage: Stage-0
    Move Operator
      tables:
          replace: false
          table:
              input format: org.apache.hadoop.hive.ql.io.orc.OrcInputFormat
              output format: org.apache.hadoop.hive.ql.io.orc.OrcOutputFormat
              serde: org.apache.hadoop.hive.ql.io.orc.OrcSerde
              name: default.mat1
          Write Type: DELETE

  Stage: Stage-5
    Stats Work
      Basic Stats Work:

  Stage: Stage-8
    Materialized View Update
      name: default.mat1
      update creation metadata: true

  Stage: Stage-1
    Move Operator
      tables:
          replace: false
          table:
              input format: org.apache.hadoop.hive.ql.io.orc.OrcInputFormat
              output format: org.apache.hadoop.hive.ql.io.orc.OrcOutputFormat
              serde: org.apache.hadoop.hive.ql.io.orc.OrcSerde
              name: default.mat1
          Write Type: INSERT

  Stage: Stage-6
    Stats Work
      Basic Stats Work:

  Stage: Stage-2
    Move Operator
      tables:
          replace: false
          table:
              input format: org.apache.hadoop.hive.ql.io.orc.OrcInputFormat
              output format: org.apache.hadoop.hive.ql.io.orc.OrcOutputFormat
              serde: org.apache.hadoop.hive.ql.io.orc.OrcSerde
              name: default.mat1
          Write Type: INSERT

  Stage: Stage-7
    Stats Work
      Basic Stats Work:
      Column Stats Desc:
          Columns: a, _c1
          Column Types: char(15), bigint
          Table: default.mat1

PREHOOK: query: alter materialized view mat1 rebuild
PREHOOK: type: ALTER_MATERIALIZED_VIEW_REBUILD
PREHOOK: Input: default@mat1
PREHOOK: Input: default@t1
PREHOOK: Output: default@mat1
PREHOOK: Output: default@mat1
POSTHOOK: query: alter materialized view mat1 rebuild
POSTHOOK: type: ALTER_MATERIALIZED_VIEW_REBUILD
POSTHOOK: Input: default@mat1
POSTHOOK: Input: default@t1
POSTHOOK: Output: default@mat1
POSTHOOK: Output: default@mat1
POSTHOOK: Lineage: mat1._c1 EXPRESSION [(mat1)default.mat1.FieldSchema(name:_c1, type:bigint, comment:null), (t1)t1.null, ]
POSTHOOK: Lineage: mat1._c1 EXPRESSION [(mat1)default.mat1.FieldSchema(name:_c1, type:bigint, comment:null), (t1)t1.null, ]
POSTHOOK: Lineage: mat1.a SIMPLE [(t1)t1.FieldSchema(name:a, type:char(15), comment:null), ]
POSTHOOK: Lineage: mat1.a SIMPLE [(t1)t1.FieldSchema(name:a, type:char(15), comment:null), ]
PREHOOK: query: explain cbo
select t1.a, count(*) from t1
group by t1.a
order by t1.a
PREHOOK: type: QUERY
PREHOOK: Input: default@mat1
PREHOOK: Input: default@t1
#### A masked pattern was here ####
POSTHOOK: query: explain cbo
select t1.a, count(*) from t1
group by t1.a
order by t1.a
POSTHOOK: type: QUERY
POSTHOOK: Input: default@mat1
POSTHOOK: Input: default@t1
#### A masked pattern was here ####
CBO PLAN:
HiveSortLimit(sort0=[$0], dir0=[ASC])
  HiveProject(a=[$0], _c1=[$1])
    HiveTableScan(table=[[default, mat1]], table:alias=[default.mat1])

PREHOOK: query: select t1.a, count(*) from t1
group by t1.a
order by t1.a
PREHOOK: type: QUERY
PREHOOK: Input: default@mat1
PREHOOK: Input: default@t1
#### A masked pattern was here ####
POSTHOOK: query: select t1.a, count(*) from t1
group by t1.a
order by t1.a
POSTHOOK: type: QUERY
POSTHOOK: Input: default@mat1
POSTHOOK: Input: default@t1
#### A masked pattern was here ####
group0         	3
group1         	2
group_add      	1
group_null     	3
NULL	2
PREHOOK: query: drop materialized view mat1
PREHOOK: type: DROP_MATERIALIZED_VIEW
PREHOOK: Input: default@mat1
PREHOOK: Output: default@mat1
POSTHOOK: query: drop materialized view mat1
POSTHOOK: type: DROP_MATERIALIZED_VIEW
POSTHOOK: Input: default@mat1
POSTHOOK: Output: default@mat1
PREHOOK: query: select t1.a, count(*) from t1
group by t1.a
order by t1.a
PREHOOK: type: QUERY
PREHOOK: Input: default@t1
#### A masked pattern was here ####
POSTHOOK: query: select t1.a, count(*) from t1
group by t1.a
order by t1.a
POSTHOOK: type: QUERY
POSTHOOK: Input: default@t1
#### A masked pattern was here ####
group0         	3
group1         	2
group_add      	1
group_null     	3
NULL	2
