PREHOOK: query: create table emps_n30 (
  empid int,
  deptno int,
  name varchar(256),
  salary float,
  commission int)
stored as orc TBLPROPERTIES ('transactional'='true')
PREHOOK: type: CREATETABLE
PREHOOK: Output: database:default
PREHOOK: Output: default@emps_n30
POSTHOOK: query: create table emps_n30 (
  empid int,
  deptno int,
  name varchar(256),
  salary float,
  commission int)
stored as orc TBLPROPERTIES ('transactional'='true')
POSTHOOK: type: CREATETABLE
POSTHOOK: Output: database:default
POSTHOOK: Output: default@emps_n30
PREHOOK: query: insert into emps_n30 values (100, 10, 'Bill', 10000, 1000), (200, 20, 'Eric', 8000, 500),
  (150, 10, 'Sebastian', 7000, null), (110, 10, 'Theodore', 10000, 250), (120, 10, 'Bill', 10000, 250)
PREHOOK: type: QUERY
PREHOOK: Input: _dummy_database@_dummy_table
PREHOOK: Output: default@emps_n30
POSTHOOK: query: insert into emps_n30 values (100, 10, 'Bill', 10000, 1000), (200, 20, 'Eric', 8000, 500),
  (150, 10, 'Sebastian', 7000, null), (110, 10, 'Theodore', 10000, 250), (120, 10, 'Bill', 10000, 250)
POSTHOOK: type: QUERY
POSTHOOK: Input: _dummy_database@_dummy_table
POSTHOOK: Output: default@emps_n30
POSTHOOK: Lineage: emps_n30.commission SCRIPT []
POSTHOOK: Lineage: emps_n30.deptno SCRIPT []
POSTHOOK: Lineage: emps_n30.empid SCRIPT []
POSTHOOK: Lineage: emps_n30.name SCRIPT []
POSTHOOK: Lineage: emps_n30.salary SCRIPT []
PREHOOK: query: create table depts_n20 (
  deptno int,
  name varchar(256),
  locationid int)
stored as orc TBLPROPERTIES ('transactional'='true')
PREHOOK: type: CREATETABLE
PREHOOK: Output: database:default
PREHOOK: Output: default@depts_n20
POSTHOOK: query: create table depts_n20 (
  deptno int,
  name varchar(256),
  locationid int)
stored as orc TBLPROPERTIES ('transactional'='true')
POSTHOOK: type: CREATETABLE
POSTHOOK: Output: database:default
POSTHOOK: Output: default@depts_n20
PREHOOK: query: insert into depts_n20 values (10, 'Sales', 10), (30, 'Marketing', null), (20, 'HR', 20)
PREHOOK: type: QUERY
PREHOOK: Input: _dummy_database@_dummy_table
PREHOOK: Output: default@depts_n20
POSTHOOK: query: insert into depts_n20 values (10, 'Sales', 10), (30, 'Marketing', null), (20, 'HR', 20)
POSTHOOK: type: QUERY
POSTHOOK: Input: _dummy_database@_dummy_table
POSTHOOK: Output: default@depts_n20
POSTHOOK: Lineage: depts_n20.deptno SCRIPT []
POSTHOOK: Lineage: depts_n20.locationid SCRIPT []
POSTHOOK: Lineage: depts_n20.name SCRIPT []
PREHOOK: query: create table dependents_n20 (
  empid int,
  name varchar(256))
stored as orc TBLPROPERTIES ('transactional'='true')
PREHOOK: type: CREATETABLE
PREHOOK: Output: database:default
PREHOOK: Output: default@dependents_n20
POSTHOOK: query: create table dependents_n20 (
  empid int,
  name varchar(256))
stored as orc TBLPROPERTIES ('transactional'='true')
POSTHOOK: type: CREATETABLE
POSTHOOK: Output: database:default
POSTHOOK: Output: default@dependents_n20
PREHOOK: query: insert into dependents_n20 values (10, 'Michael'), (20, 'Jane')
PREHOOK: type: QUERY
PREHOOK: Input: _dummy_database@_dummy_table
PREHOOK: Output: default@dependents_n20
POSTHOOK: query: insert into dependents_n20 values (10, 'Michael'), (20, 'Jane')
POSTHOOK: type: QUERY
POSTHOOK: Input: _dummy_database@_dummy_table
POSTHOOK: Output: default@dependents_n20
POSTHOOK: Lineage: dependents_n20.empid SCRIPT []
POSTHOOK: Lineage: dependents_n20.name SCRIPT []
PREHOOK: query: create table locations_n20 (
  locationid int,
  name varchar(256))
stored as orc TBLPROPERTIES ('transactional'='true')
PREHOOK: type: CREATETABLE
PREHOOK: Output: database:default
PREHOOK: Output: default@locations_n20
POSTHOOK: query: create table locations_n20 (
  locationid int,
  name varchar(256))
stored as orc TBLPROPERTIES ('transactional'='true')
POSTHOOK: type: CREATETABLE
POSTHOOK: Output: database:default
POSTHOOK: Output: default@locations_n20
PREHOOK: query: insert into locations_n20 values (10, 'San Francisco'), (20, 'San Diego')
PREHOOK: type: QUERY
PREHOOK: Input: _dummy_database@_dummy_table
PREHOOK: Output: default@locations_n20
POSTHOOK: query: insert into locations_n20 values (10, 'San Francisco'), (20, 'San Diego')
POSTHOOK: type: QUERY
POSTHOOK: Input: _dummy_database@_dummy_table
POSTHOOK: Output: default@locations_n20
POSTHOOK: Lineage: locations_n20.locationid SCRIPT []
POSTHOOK: Lineage: locations_n20.name SCRIPT []
PREHOOK: query: alter table emps_n30 add constraint pk1 primary key (empid) disable novalidate rely
PREHOOK: type: ALTERTABLE_ADDCONSTRAINT
POSTHOOK: query: alter table emps_n30 add constraint pk1 primary key (empid) disable novalidate rely
POSTHOOK: type: ALTERTABLE_ADDCONSTRAINT
PREHOOK: query: alter table depts_n20 add constraint pk2 primary key (deptno) disable novalidate rely
PREHOOK: type: ALTERTABLE_ADDCONSTRAINT
POSTHOOK: query: alter table depts_n20 add constraint pk2 primary key (deptno) disable novalidate rely
POSTHOOK: type: ALTERTABLE_ADDCONSTRAINT
PREHOOK: query: alter table dependents_n20 add constraint pk3 primary key (empid) disable novalidate rely
PREHOOK: type: ALTERTABLE_ADDCONSTRAINT
POSTHOOK: query: alter table dependents_n20 add constraint pk3 primary key (empid) disable novalidate rely
POSTHOOK: type: ALTERTABLE_ADDCONSTRAINT
PREHOOK: query: alter table locations_n20 add constraint pk4 primary key (locationid) disable novalidate rely
PREHOOK: type: ALTERTABLE_ADDCONSTRAINT
POSTHOOK: query: alter table locations_n20 add constraint pk4 primary key (locationid) disable novalidate rely
POSTHOOK: type: ALTERTABLE_ADDCONSTRAINT
PREHOOK: query: alter table emps_n30 add constraint fk1 foreign key (deptno) references depts_n20(deptno) disable novalidate rely
PREHOOK: type: ALTERTABLE_ADDCONSTRAINT
POSTHOOK: query: alter table emps_n30 add constraint fk1 foreign key (deptno) references depts_n20(deptno) disable novalidate rely
POSTHOOK: type: ALTERTABLE_ADDCONSTRAINT
PREHOOK: query: alter table depts_n20 add constraint fk2 foreign key (locationid) references locations_n20(locationid) disable novalidate rely
PREHOOK: type: ALTERTABLE_ADDCONSTRAINT
POSTHOOK: query: alter table depts_n20 add constraint fk2 foreign key (locationid) references locations_n20(locationid) disable novalidate rely
POSTHOOK: type: ALTERTABLE_ADDCONSTRAINT
PREHOOK: query: create materialized view mv1_n20 as
select deptno, name, salary, commission
from emps_n30
PREHOOK: type: CREATE_MATERIALIZED_VIEW
PREHOOK: Input: default@emps_n30
PREHOOK: Output: database:default
PREHOOK: Output: default@mv1_n20
POSTHOOK: query: create materialized view mv1_n20 as
select deptno, name, salary, commission
from emps_n30
POSTHOOK: type: CREATE_MATERIALIZED_VIEW
POSTHOOK: Input: default@emps_n30
POSTHOOK: Output: database:default
POSTHOOK: Output: default@mv1_n20
PREHOOK: query: explain
select emps_n30.name, emps_n30.salary, emps_n30.commission
from emps_n30
join depts_n20 using (deptno)
PREHOOK: type: QUERY
PREHOOK: Input: default@depts_n20
PREHOOK: Input: default@emps_n30
PREHOOK: Input: default@mv1_n20
#### A masked pattern was here ####
POSTHOOK: query: explain
select emps_n30.name, emps_n30.salary, emps_n30.commission
from emps_n30
join depts_n20 using (deptno)
POSTHOOK: type: QUERY
POSTHOOK: Input: default@depts_n20
POSTHOOK: Input: default@emps_n30
POSTHOOK: Input: default@mv1_n20
#### A masked pattern was here ####
STAGE DEPENDENCIES:
  Stage-1 is a root stage
  Stage-0 depends on stages: Stage-1

STAGE PLANS:
  Stage: Stage-1
    Tez
#### A masked pattern was here ####
      Edges:
        Reducer 2 <- Map 1 (SIMPLE_EDGE), Map 3 (SIMPLE_EDGE)
#### A masked pattern was here ####
      Vertices:
        Map 1 
            Map Operator Tree:
                TableScan
                  alias: default.mv1_n20
                  filterExpr: deptno is not null (type: boolean)
                  Statistics: Num rows: 5 Data size: 510 Basic stats: COMPLETE Column stats: COMPLETE
                  Filter Operator
                    predicate: deptno is not null (type: boolean)
                    Statistics: Num rows: 5 Data size: 510 Basic stats: COMPLETE Column stats: COMPLETE
                    Select Operator
                      expressions: deptno (type: int), name (type: varchar(256)), salary (type: float), commission (type: int)
                      outputColumnNames: _col0, _col1, _col2, _col3
                      Statistics: Num rows: 5 Data size: 510 Basic stats: COMPLETE Column stats: COMPLETE
                      Reduce Output Operator
                        key expressions: _col0 (type: int)
                        sort order: +
                        Map-reduce partition columns: _col0 (type: int)
                        Statistics: Num rows: 5 Data size: 510 Basic stats: COMPLETE Column stats: COMPLETE
                        value expressions: _col1 (type: varchar(256)), _col2 (type: float), _col3 (type: int)
            Execution mode: vectorized, llap
            LLAP IO: all inputs
        Map 3 
            Map Operator Tree:
                TableScan
                  alias: depts_n20
                  Statistics: Num rows: 3 Data size: 12 Basic stats: COMPLETE Column stats: COMPLETE
                  Select Operator
                    expressions: deptno (type: int)
                    outputColumnNames: _col0
                    Statistics: Num rows: 3 Data size: 12 Basic stats: COMPLETE Column stats: COMPLETE
                    Reduce Output Operator
                      key expressions: _col0 (type: int)
                      sort order: +
                      Map-reduce partition columns: _col0 (type: int)
                      Statistics: Num rows: 3 Data size: 12 Basic stats: COMPLETE Column stats: COMPLETE
            Execution mode: vectorized, llap
            LLAP IO: may be used (ACID table)
        Reducer 2 
            Execution mode: llap
            Reduce Operator Tree:
              Merge Join Operator
                condition map:
                     Inner Join 0 to 1
                keys:
                  0 _col0 (type: int)
                  1 _col0 (type: int)
                outputColumnNames: _col1, _col2, _col3
                Statistics: Num rows: 5 Data size: 490 Basic stats: COMPLETE Column stats: COMPLETE
                Select Operator
                  expressions: _col1 (type: varchar(256)), _col2 (type: float), _col3 (type: int)
                  outputColumnNames: _col0, _col1, _col2
                  Statistics: Num rows: 5 Data size: 490 Basic stats: COMPLETE Column stats: COMPLETE
                  File Output Operator
                    compressed: false
                    Statistics: Num rows: 5 Data size: 490 Basic stats: COMPLETE Column stats: COMPLETE
                    table:
                        input format: org.apache.hadoop.mapred.SequenceFileInputFormat
                        output format: org.apache.hadoop.hive.ql.io.HiveSequenceFileOutputFormat
                        serde: org.apache.hadoop.hive.serde2.lazy.LazySimpleSerDe

  Stage: Stage-0
    Fetch Operator
      limit: -1
      Processor Tree:
        ListSink

PREHOOK: query: select emps_n30.name, emps_n30.salary, emps_n30.commission
from emps_n30
join depts_n20 using (deptno)
PREHOOK: type: QUERY
PREHOOK: Input: default@depts_n20
PREHOOK: Input: default@emps_n30
PREHOOK: Input: default@mv1_n20
#### A masked pattern was here ####
POSTHOOK: query: select emps_n30.name, emps_n30.salary, emps_n30.commission
from emps_n30
join depts_n20 using (deptno)
POSTHOOK: type: QUERY
POSTHOOK: Input: default@depts_n20
POSTHOOK: Input: default@emps_n30
POSTHOOK: Input: default@mv1_n20
#### A masked pattern was here ####
Bill	10000.0	1000
Bill	10000.0	250
Eric	8000.0	500
Sebastian	7000.0	NULL
Theodore	10000.0	250
PREHOOK: query: drop materialized view mv1_n20
PREHOOK: type: DROP_MATERIALIZED_VIEW
PREHOOK: Input: default@mv1_n20
PREHOOK: Output: default@mv1_n20
POSTHOOK: query: drop materialized view mv1_n20
POSTHOOK: type: DROP_MATERIALIZED_VIEW
POSTHOOK: Input: default@mv1_n20
POSTHOOK: Output: default@mv1_n20
PREHOOK: query: create materialized view mv1_n20 as
select empid, emps_n30.deptno, count(*) as c, sum(empid) as s
from emps_n30 join depts_n20 using (deptno)
group by empid, emps_n30.deptno
PREHOOK: type: CREATE_MATERIALIZED_VIEW
PREHOOK: Input: default@depts_n20
PREHOOK: Input: default@emps_n30
PREHOOK: Output: database:default
PREHOOK: Output: default@mv1_n20
POSTHOOK: query: create materialized view mv1_n20 as
select empid, emps_n30.deptno, count(*) as c, sum(empid) as s
from emps_n30 join depts_n20 using (deptno)
group by empid, emps_n30.deptno
POSTHOOK: type: CREATE_MATERIALIZED_VIEW
POSTHOOK: Input: default@depts_n20
POSTHOOK: Input: default@emps_n30
POSTHOOK: Output: database:default
POSTHOOK: Output: default@mv1_n20
PREHOOK: query: explain
select depts_n20.deptno, count(*) as c, sum(empid) as s
from emps_n30 join depts_n20 using (deptno)
group by depts_n20.deptno
PREHOOK: type: QUERY
PREHOOK: Input: default@depts_n20
PREHOOK: Input: default@emps_n30
PREHOOK: Input: default@mv1_n20
#### A masked pattern was here ####
POSTHOOK: query: explain
select depts_n20.deptno, count(*) as c, sum(empid) as s
from emps_n30 join depts_n20 using (deptno)
group by depts_n20.deptno
POSTHOOK: type: QUERY
POSTHOOK: Input: default@depts_n20
POSTHOOK: Input: default@emps_n30
POSTHOOK: Input: default@mv1_n20
#### A masked pattern was here ####
STAGE DEPENDENCIES:
  Stage-1 is a root stage
  Stage-0 depends on stages: Stage-1

STAGE PLANS:
  Stage: Stage-1
    Tez
#### A masked pattern was here ####
      Edges:
        Reducer 2 <- Map 1 (SIMPLE_EDGE)
#### A masked pattern was here ####
      Vertices:
        Map 1 
            Map Operator Tree:
                TableScan
                  alias: default.mv1_n20
                  Statistics: Num rows: 5 Data size: 100 Basic stats: COMPLETE Column stats: COMPLETE
                  Select Operator
                    expressions: deptno (type: int), c (type: bigint), s (type: bigint)
                    outputColumnNames: deptno, c, s
                    Statistics: Num rows: 5 Data size: 100 Basic stats: COMPLETE Column stats: COMPLETE
                    Group By Operator
                      aggregations: sum(c), sum(s)
                      keys: deptno (type: int)
                      minReductionHashAggr: 0.0
                      mode: hash
                      outputColumnNames: _col0, _col1, _col2
                      Statistics: Num rows: 2 Data size: 40 Basic stats: COMPLETE Column stats: COMPLETE
                      Reduce Output Operator
                        key expressions: _col0 (type: int)
                        sort order: +
                        Map-reduce partition columns: _col0 (type: int)
                        Statistics: Num rows: 2 Data size: 40 Basic stats: COMPLETE Column stats: COMPLETE
                        value expressions: _col1 (type: bigint), _col2 (type: bigint)
            Execution mode: vectorized, llap
            LLAP IO: all inputs
        Reducer 2 
            Execution mode: vectorized, llap
            Reduce Operator Tree:
              Group By Operator
                aggregations: sum(VALUE._col0), sum(VALUE._col1)
                keys: KEY._col0 (type: int)
                mode: mergepartial
                outputColumnNames: _col0, _col1, _col2
                Statistics: Num rows: 2 Data size: 40 Basic stats: COMPLETE Column stats: COMPLETE
                Select Operator
                  expressions: _col0 (type: int), COALESCE(_col1,0) (type: bigint), _col2 (type: bigint)
                  outputColumnNames: _col0, _col1, _col2
                  Statistics: Num rows: 2 Data size: 40 Basic stats: COMPLETE Column stats: COMPLETE
                  File Output Operator
                    compressed: false
                    Statistics: Num rows: 2 Data size: 40 Basic stats: COMPLETE Column stats: COMPLETE
                    table:
                        input format: org.apache.hadoop.mapred.SequenceFileInputFormat
                        output format: org.apache.hadoop.hive.ql.io.HiveSequenceFileOutputFormat
                        serde: org.apache.hadoop.hive.serde2.lazy.LazySimpleSerDe

  Stage: Stage-0
    Fetch Operator
      limit: -1
      Processor Tree:
        ListSink

PREHOOK: query: select depts_n20.deptno, count(*) as c, sum(empid) as s
from emps_n30 join depts_n20 using (deptno)
group by depts_n20.deptno
PREHOOK: type: QUERY
PREHOOK: Input: default@depts_n20
PREHOOK: Input: default@emps_n30
PREHOOK: Input: default@mv1_n20
#### A masked pattern was here ####
POSTHOOK: query: select depts_n20.deptno, count(*) as c, sum(empid) as s
from emps_n30 join depts_n20 using (deptno)
group by depts_n20.deptno
POSTHOOK: type: QUERY
POSTHOOK: Input: default@depts_n20
POSTHOOK: Input: default@emps_n30
POSTHOOK: Input: default@mv1_n20
#### A masked pattern was here ####
10	4	480
20	1	200
PREHOOK: query: drop materialized view mv1_n20
PREHOOK: type: DROP_MATERIALIZED_VIEW
PREHOOK: Input: default@mv1_n20
PREHOOK: Output: default@mv1_n20
POSTHOOK: query: drop materialized view mv1_n20
POSTHOOK: type: DROP_MATERIALIZED_VIEW
POSTHOOK: Input: default@mv1_n20
POSTHOOK: Output: default@mv1_n20
PREHOOK: query: create materialized view mv1_n20 as
select dependents_n20.empid, emps_n30.deptno, sum(salary) as s
from emps_n30
join dependents_n20 on (emps_n30.empid = dependents_n20.empid)
group by dependents_n20.empid, emps_n30.deptno
PREHOOK: type: CREATE_MATERIALIZED_VIEW
PREHOOK: Input: default@dependents_n20
PREHOOK: Input: default@emps_n30
PREHOOK: Output: database:default
PREHOOK: Output: default@mv1_n20
POSTHOOK: query: create materialized view mv1_n20 as
select dependents_n20.empid, emps_n30.deptno, sum(salary) as s
from emps_n30
join dependents_n20 on (emps_n30.empid = dependents_n20.empid)
group by dependents_n20.empid, emps_n30.deptno
POSTHOOK: type: CREATE_MATERIALIZED_VIEW
POSTHOOK: Input: default@dependents_n20
POSTHOOK: Input: default@emps_n30
POSTHOOK: Output: database:default
POSTHOOK: Output: default@mv1_n20
PREHOOK: query: explain
select dependents_n20.empid, sum(salary) as s
from emps_n30
join depts_n20 on (emps_n30.deptno = depts_n20.deptno)
join dependents_n20 on (emps_n30.empid = dependents_n20.empid)
group by dependents_n20.empid
PREHOOK: type: QUERY
PREHOOK: Input: default@dependents_n20
PREHOOK: Input: default@depts_n20
PREHOOK: Input: default@emps_n30
PREHOOK: Input: default@mv1_n20
#### A masked pattern was here ####
POSTHOOK: query: explain
select dependents_n20.empid, sum(salary) as s
from emps_n30
join depts_n20 on (emps_n30.deptno = depts_n20.deptno)
join dependents_n20 on (emps_n30.empid = dependents_n20.empid)
group by dependents_n20.empid
POSTHOOK: type: QUERY
POSTHOOK: Input: default@dependents_n20
POSTHOOK: Input: default@depts_n20
POSTHOOK: Input: default@emps_n30
POSTHOOK: Input: default@mv1_n20
#### A masked pattern was here ####
STAGE DEPENDENCIES:
  Stage-1 is a root stage
  Stage-0 depends on stages: Stage-1

STAGE PLANS:
  Stage: Stage-1
    Tez
#### A masked pattern was here ####
      Edges:
        Reducer 2 <- Map 1 (SIMPLE_EDGE), Map 4 (SIMPLE_EDGE)
        Reducer 3 <- Reducer 2 (SIMPLE_EDGE)
#### A masked pattern was here ####
      Vertices:
        Map 1 
            Map Operator Tree:
                TableScan
                  alias: depts_n20
                  Statistics: Num rows: 3 Data size: 12 Basic stats: COMPLETE Column stats: COMPLETE
                  Select Operator
                    expressions: deptno (type: int)
                    outputColumnNames: _col0
                    Statistics: Num rows: 3 Data size: 12 Basic stats: COMPLETE Column stats: COMPLETE
                    Reduce Output Operator
                      key expressions: _col0 (type: int)
                      sort order: +
                      Map-reduce partition columns: _col0 (type: int)
                      Statistics: Num rows: 3 Data size: 12 Basic stats: COMPLETE Column stats: COMPLETE
            Execution mode: vectorized, llap
            LLAP IO: may be used (ACID table)
        Map 4 
            Map Operator Tree:
                TableScan
                  alias: default.mv1_n20
                  filterExpr: deptno is not null (type: boolean)
                  Statistics: Num rows: 1 Data size: 16 Basic stats: COMPLETE Column stats: COMPLETE
                  Filter Operator
                    predicate: deptno is not null (type: boolean)
                    Statistics: Num rows: 1 Data size: 16 Basic stats: COMPLETE Column stats: COMPLETE
                    Select Operator
                      expressions: empid (type: int), deptno (type: int), s (type: double)
                      outputColumnNames: _col0, _col1, _col2
                      Statistics: Num rows: 1 Data size: 16 Basic stats: COMPLETE Column stats: COMPLETE
                      Reduce Output Operator
                        key expressions: _col1 (type: int)
                        sort order: +
                        Map-reduce partition columns: _col1 (type: int)
                        Statistics: Num rows: 1 Data size: 16 Basic stats: COMPLETE Column stats: COMPLETE
                        value expressions: _col0 (type: int), _col2 (type: double)
            Execution mode: vectorized, llap
            LLAP IO: all inputs
        Reducer 2 
            Execution mode: llap
            Reduce Operator Tree:
              Merge Join Operator
                condition map:
                     Inner Join 0 to 1
                keys:
                  0 _col0 (type: int)
                  1 _col1 (type: int)
                outputColumnNames: _col1, _col3
                Statistics: Num rows: 1 Data size: 12 Basic stats: COMPLETE Column stats: COMPLETE
                Group By Operator
                  aggregations: sum(_col3)
                  keys: _col1 (type: int)
                  minReductionHashAggr: 0.99
                  mode: hash
                  outputColumnNames: _col0, _col1
                  Statistics: Num rows: 1 Data size: 12 Basic stats: COMPLETE Column stats: COMPLETE
                  Reduce Output Operator
                    key expressions: _col0 (type: int)
                    sort order: +
                    Map-reduce partition columns: _col0 (type: int)
                    Statistics: Num rows: 1 Data size: 12 Basic stats: COMPLETE Column stats: COMPLETE
                    value expressions: _col1 (type: double)
        Reducer 3 
            Execution mode: vectorized, llap
            Reduce Operator Tree:
              Group By Operator
                aggregations: sum(VALUE._col0)
                keys: KEY._col0 (type: int)
                mode: mergepartial
                outputColumnNames: _col0, _col1
                Statistics: Num rows: 1 Data size: 12 Basic stats: COMPLETE Column stats: COMPLETE
                File Output Operator
                  compressed: false
                  Statistics: Num rows: 1 Data size: 12 Basic stats: COMPLETE Column stats: COMPLETE
                  table:
                      input format: org.apache.hadoop.mapred.SequenceFileInputFormat
                      output format: org.apache.hadoop.hive.ql.io.HiveSequenceFileOutputFormat
                      serde: org.apache.hadoop.hive.serde2.lazy.LazySimpleSerDe

  Stage: Stage-0
    Fetch Operator
      limit: -1
      Processor Tree:
        ListSink

PREHOOK: query: select dependents_n20.empid, sum(salary) as s
from emps_n30
join depts_n20 on (emps_n30.deptno = depts_n20.deptno)
join dependents_n20 on (emps_n30.empid = dependents_n20.empid)
group by dependents_n20.empid
PREHOOK: type: QUERY
PREHOOK: Input: default@dependents_n20
PREHOOK: Input: default@depts_n20
PREHOOK: Input: default@emps_n30
PREHOOK: Input: default@mv1_n20
#### A masked pattern was here ####
POSTHOOK: query: select dependents_n20.empid, sum(salary) as s
from emps_n30
join depts_n20 on (emps_n30.deptno = depts_n20.deptno)
join dependents_n20 on (emps_n30.empid = dependents_n20.empid)
group by dependents_n20.empid
POSTHOOK: type: QUERY
POSTHOOK: Input: default@dependents_n20
POSTHOOK: Input: default@depts_n20
POSTHOOK: Input: default@emps_n30
POSTHOOK: Input: default@mv1_n20
#### A masked pattern was here ####
PREHOOK: query: drop materialized view mv1_n20
PREHOOK: type: DROP_MATERIALIZED_VIEW
PREHOOK: Input: default@mv1_n20
PREHOOK: Output: default@mv1_n20
POSTHOOK: query: drop materialized view mv1_n20
POSTHOOK: type: DROP_MATERIALIZED_VIEW
POSTHOOK: Input: default@mv1_n20
POSTHOOK: Output: default@mv1_n20
PREHOOK: query: create materialized view mv1_n20 as
select emps_n30.empid, emps_n30.deptno, emps_n30.name as name1, emps_n30.salary, emps_n30.commission, dependents_n20.name as name2
from emps_n30 join dependents_n20 on (emps_n30.empid = dependents_n20.empid)
PREHOOK: type: CREATE_MATERIALIZED_VIEW
PREHOOK: Input: default@dependents_n20
PREHOOK: Input: default@emps_n30
PREHOOK: Output: database:default
PREHOOK: Output: default@mv1_n20
POSTHOOK: query: create materialized view mv1_n20 as
select emps_n30.empid, emps_n30.deptno, emps_n30.name as name1, emps_n30.salary, emps_n30.commission, dependents_n20.name as name2
from emps_n30 join dependents_n20 on (emps_n30.empid = dependents_n20.empid)
POSTHOOK: type: CREATE_MATERIALIZED_VIEW
POSTHOOK: Input: default@dependents_n20
POSTHOOK: Input: default@emps_n30
POSTHOOK: Output: database:default
POSTHOOK: Output: default@mv1_n20
PREHOOK: query: explain
select emps_n30.empid, dependents_n20.empid, emps_n30.deptno
from emps_n30
join dependents_n20 on (emps_n30.empid = dependents_n20.empid)
join depts_n20 a on (emps_n30.deptno=a.deptno)
where emps_n30.name = 'Bill'
PREHOOK: type: QUERY
PREHOOK: Input: default@dependents_n20
PREHOOK: Input: default@depts_n20
PREHOOK: Input: default@emps_n30
PREHOOK: Input: default@mv1_n20
#### A masked pattern was here ####
POSTHOOK: query: explain
select emps_n30.empid, dependents_n20.empid, emps_n30.deptno
from emps_n30
join dependents_n20 on (emps_n30.empid = dependents_n20.empid)
join depts_n20 a on (emps_n30.deptno=a.deptno)
where emps_n30.name = 'Bill'
POSTHOOK: type: QUERY
POSTHOOK: Input: default@dependents_n20
POSTHOOK: Input: default@depts_n20
POSTHOOK: Input: default@emps_n30
POSTHOOK: Input: default@mv1_n20
#### A masked pattern was here ####
STAGE DEPENDENCIES:
  Stage-1 is a root stage
  Stage-0 depends on stages: Stage-1

STAGE PLANS:
  Stage: Stage-1
    Tez
#### A masked pattern was here ####
      Edges:
        Reducer 2 <- Map 1 (SIMPLE_EDGE), Map 3 (SIMPLE_EDGE)
#### A masked pattern was here ####
      Vertices:
        Map 1 
            Map Operator Tree:
                TableScan
                  alias: a
                  Statistics: Num rows: 3 Data size: 12 Basic stats: COMPLETE Column stats: COMPLETE
                  Select Operator
                    expressions: deptno (type: int)
                    outputColumnNames: _col0
                    Statistics: Num rows: 3 Data size: 12 Basic stats: COMPLETE Column stats: COMPLETE
                    Reduce Output Operator
                      key expressions: _col0 (type: int)
                      sort order: +
                      Map-reduce partition columns: _col0 (type: int)
                      Statistics: Num rows: 3 Data size: 12 Basic stats: COMPLETE Column stats: COMPLETE
            Execution mode: vectorized, llap
            LLAP IO: may be used (ACID table)
        Map 3 
            Map Operator Tree:
                TableScan
                  alias: default.mv1_n20
                  filterExpr: ((CAST( name1 AS STRING) = 'Bill') and deptno is not null) (type: boolean)
                  Statistics: Num rows: 1 Data size: 92 Basic stats: COMPLETE Column stats: COMPLETE
                  Filter Operator
                    predicate: ((CAST( name1 AS STRING) = 'Bill') and deptno is not null) (type: boolean)
                    Statistics: Num rows: 1 Data size: 92 Basic stats: COMPLETE Column stats: COMPLETE
                    Select Operator
                      expressions: empid (type: int), deptno (type: int)
                      outputColumnNames: _col0, _col1
                      Statistics: Num rows: 1 Data size: 8 Basic stats: COMPLETE Column stats: COMPLETE
                      Reduce Output Operator
                        key expressions: _col1 (type: int)
                        sort order: +
                        Map-reduce partition columns: _col1 (type: int)
                        Statistics: Num rows: 1 Data size: 8 Basic stats: COMPLETE Column stats: COMPLETE
                        value expressions: _col0 (type: int)
            Execution mode: vectorized, llap
            LLAP IO: all inputs
        Reducer 2 
            Execution mode: llap
            Reduce Operator Tree:
              Merge Join Operator
                condition map:
                     Inner Join 0 to 1
                keys:
                  0 _col0 (type: int)
                  1 _col1 (type: int)
                outputColumnNames: _col0, _col1
                Statistics: Num rows: 1 Data size: 8 Basic stats: COMPLETE Column stats: COMPLETE
                Select Operator
                  expressions: _col1 (type: int), _col1 (type: int), _col0 (type: int)
                  outputColumnNames: _col0, _col1, _col2
                  Statistics: Num rows: 1 Data size: 12 Basic stats: COMPLETE Column stats: COMPLETE
                  File Output Operator
                    compressed: false
                    Statistics: Num rows: 1 Data size: 12 Basic stats: COMPLETE Column stats: COMPLETE
                    table:
                        input format: org.apache.hadoop.mapred.SequenceFileInputFormat
                        output format: org.apache.hadoop.hive.ql.io.HiveSequenceFileOutputFormat
                        serde: org.apache.hadoop.hive.serde2.lazy.LazySimpleSerDe

  Stage: Stage-0
    Fetch Operator
      limit: -1
      Processor Tree:
        ListSink

PREHOOK: query: select emps_n30.empid, dependents_n20.empid, emps_n30.deptno
from emps_n30
join dependents_n20 on (emps_n30.empid = dependents_n20.empid)
join depts_n20 a on (emps_n30.deptno=a.deptno)
where emps_n30.name = 'Bill'
PREHOOK: type: QUERY
PREHOOK: Input: default@dependents_n20
PREHOOK: Input: default@depts_n20
PREHOOK: Input: default@emps_n30
PREHOOK: Input: default@mv1_n20
#### A masked pattern was here ####
POSTHOOK: query: select emps_n30.empid, dependents_n20.empid, emps_n30.deptno
from emps_n30
join dependents_n20 on (emps_n30.empid = dependents_n20.empid)
join depts_n20 a on (emps_n30.deptno=a.deptno)
where emps_n30.name = 'Bill'
POSTHOOK: type: QUERY
POSTHOOK: Input: default@dependents_n20
POSTHOOK: Input: default@depts_n20
POSTHOOK: Input: default@emps_n30
POSTHOOK: Input: default@mv1_n20
#### A masked pattern was here ####
PREHOOK: query: drop materialized view mv1_n20
PREHOOK: type: DROP_MATERIALIZED_VIEW
PREHOOK: Input: default@mv1_n20
PREHOOK: Output: default@mv1_n20
POSTHOOK: query: drop materialized view mv1_n20
POSTHOOK: type: DROP_MATERIALIZED_VIEW
POSTHOOK: Input: default@mv1_n20
POSTHOOK: Output: default@mv1_n20
