PREHOOK: query: create table cmv_basetable_n9 (a int, b varchar(256), c decimal(10,2), d int) stored as orc TBLPROPERTIES ('transactional'='true')
PREHOOK: type: CREATETABLE
PREHOOK: Output: database:default
PREHOOK: Output: default@cmv_basetable_n9
POSTHOOK: query: create table cmv_basetable_n9 (a int, b varchar(256), c decimal(10,2), d int) stored as orc TBLPROPERTIES ('transactional'='true')
POSTHOOK: type: CREATETABLE
POSTHOOK: Output: database:default
POSTHOOK: Output: default@cmv_basetable_n9
PREHOOK: query: insert into cmv_basetable_n9 values
 (1, 'alfred', 10.30, 2),
 (2, 'bob', 3.14, 3),
 (2, 'bonnie', 172342.2, 3),
 (3, 'calvin', 978.76, 3),
 (3, 'charlie', 9.8, 1)
PREHOOK: type: QUERY
PREHOOK: Input: _dummy_database@_dummy_table
PREHOOK: Output: default@cmv_basetable_n9
POSTHOOK: query: insert into cmv_basetable_n9 values
 (1, 'alfred', 10.30, 2),
 (2, 'bob', 3.14, 3),
 (2, 'bonnie', 172342.2, 3),
 (3, 'calvin', 978.76, 3),
 (3, 'charlie', 9.8, 1)
POSTHOOK: type: QUERY
POSTHOOK: Input: _dummy_database@_dummy_table
POSTHOOK: Output: default@cmv_basetable_n9
POSTHOOK: Lineage: cmv_basetable_n9.a SCRIPT []
POSTHOOK: Lineage: cmv_basetable_n9.b SCRIPT []
POSTHOOK: Lineage: cmv_basetable_n9.c SCRIPT []
POSTHOOK: Lineage: cmv_basetable_n9.d SCRIPT []
PREHOOK: query: analyze table cmv_basetable_n9 compute statistics for columns
PREHOOK: type: ANALYZE_TABLE
PREHOOK: Input: default@cmv_basetable_n9
PREHOOK: Output: default@cmv_basetable_n9
#### A masked pattern was here ####
POSTHOOK: query: analyze table cmv_basetable_n9 compute statistics for columns
POSTHOOK: type: ANALYZE_TABLE
POSTHOOK: Input: default@cmv_basetable_n9
POSTHOOK: Output: default@cmv_basetable_n9
#### A masked pattern was here ####
PREHOOK: query: create materialized view cmv_mat_view_n9 enable rewrite
as select b from cmv_basetable_n9 where c > 10.0 group by a, b, c
PREHOOK: type: CREATE_MATERIALIZED_VIEW
PREHOOK: Input: default@cmv_basetable_n9
PREHOOK: Output: database:default
PREHOOK: Output: default@cmv_mat_view_n9
POSTHOOK: query: create materialized view cmv_mat_view_n9 enable rewrite
as select b from cmv_basetable_n9 where c > 10.0 group by a, b, c
POSTHOOK: type: CREATE_MATERIALIZED_VIEW
POSTHOOK: Input: default@cmv_basetable_n9
POSTHOOK: Output: database:default
POSTHOOK: Output: default@cmv_mat_view_n9
PREHOOK: query: explain
select b from cmv_basetable_n9 where c > 20.0 group by a, b
PREHOOK: type: QUERY
POSTHOOK: query: explain
select b from cmv_basetable_n9 where c > 20.0 group by a, b
POSTHOOK: type: QUERY
STAGE DEPENDENCIES:
  Stage-1 is a root stage
  Stage-0 depends on stages: Stage-1

STAGE PLANS:
  Stage: Stage-1
    Tez
#### A masked pattern was here ####
      Edges:
        Reducer 2 <- Map 1 (SIMPLE_EDGE)
#### A masked pattern was here ####
      Vertices:
        Map 1 
            Map Operator Tree:
                TableScan
                  alias: cmv_basetable_n9
                  Statistics: Num rows: 5 Data size: 1030 Basic stats: COMPLETE Column stats: COMPLETE
                  Filter Operator
                    predicate: (c > 20) (type: boolean)
                    Statistics: Num rows: 1 Data size: 206 Basic stats: COMPLETE Column stats: COMPLETE
                    Select Operator
                      expressions: a (type: int), b (type: varchar(256))
                      outputColumnNames: a, b
                      Statistics: Num rows: 1 Data size: 206 Basic stats: COMPLETE Column stats: COMPLETE
                      Group By Operator
                        keys: a (type: int), b (type: varchar(256))
                        mode: hash
                        outputColumnNames: _col0, _col1
                        Statistics: Num rows: 1 Data size: 94 Basic stats: COMPLETE Column stats: COMPLETE
                        Reduce Output Operator
                          key expressions: _col0 (type: int), _col1 (type: varchar(256))
                          sort order: ++
                          Map-reduce partition columns: _col0 (type: int), _col1 (type: varchar(256))
                          Statistics: Num rows: 1 Data size: 94 Basic stats: COMPLETE Column stats: COMPLETE
            Execution mode: llap
            LLAP IO: may be used (ACID table)
        Reducer 2 
            Execution mode: llap
            Reduce Operator Tree:
              Group By Operator
                keys: KEY._col0 (type: int), KEY._col1 (type: varchar(256))
                mode: mergepartial
                outputColumnNames: _col0, _col1
                Statistics: Num rows: 1 Data size: 94 Basic stats: COMPLETE Column stats: COMPLETE
                Select Operator
                  expressions: _col1 (type: varchar(256))
                  outputColumnNames: _col0
                  Statistics: Num rows: 1 Data size: 90 Basic stats: COMPLETE Column stats: COMPLETE
                  File Output Operator
                    compressed: false
                    Statistics: Num rows: 1 Data size: 90 Basic stats: COMPLETE Column stats: COMPLETE
                    table:
                        input format: org.apache.hadoop.mapred.SequenceFileInputFormat
                        output format: org.apache.hadoop.hive.ql.io.HiveSequenceFileOutputFormat
                        serde: org.apache.hadoop.hive.serde2.lazy.LazySimpleSerDe

  Stage: Stage-0
    Fetch Operator
      limit: -1
      Processor Tree:
        ListSink

PREHOOK: query: select b from cmv_basetable_n9 where c > 20.0 group by a, b
PREHOOK: type: QUERY
PREHOOK: Input: default@cmv_basetable_n9
#### A masked pattern was here ####
POSTHOOK: query: select b from cmv_basetable_n9 where c > 20.0 group by a, b
POSTHOOK: type: QUERY
POSTHOOK: Input: default@cmv_basetable_n9
#### A masked pattern was here ####
calvin
bonnie
PREHOOK: query: create materialized view cmv_mat_view_2 enable rewrite
as select b, c from cmv_basetable_n9 where c > 10.0 group by a, b, c
PREHOOK: type: CREATE_MATERIALIZED_VIEW
PREHOOK: Input: default@cmv_basetable_n9
PREHOOK: Output: database:default
PREHOOK: Output: default@cmv_mat_view_2
POSTHOOK: query: create materialized view cmv_mat_view_2 enable rewrite
as select b, c from cmv_basetable_n9 where c > 10.0 group by a, b, c
POSTHOOK: type: CREATE_MATERIALIZED_VIEW
POSTHOOK: Input: default@cmv_basetable_n9
POSTHOOK: Output: database:default
POSTHOOK: Output: default@cmv_mat_view_2
PREHOOK: query: explain
select b from cmv_basetable_n9 where c > 20.0 group by a, b
PREHOOK: type: QUERY
POSTHOOK: query: explain
select b from cmv_basetable_n9 where c > 20.0 group by a, b
POSTHOOK: type: QUERY
STAGE DEPENDENCIES:
  Stage-1 is a root stage
  Stage-0 depends on stages: Stage-1

STAGE PLANS:
  Stage: Stage-1
    Tez
#### A masked pattern was here ####
      Edges:
        Reducer 2 <- Map 1 (SIMPLE_EDGE)
#### A masked pattern was here ####
      Vertices:
        Map 1 
            Map Operator Tree:
                TableScan
                  alias: cmv_basetable_n9
                  Statistics: Num rows: 5 Data size: 1030 Basic stats: COMPLETE Column stats: COMPLETE
                  Filter Operator
                    predicate: (c > 20) (type: boolean)
                    Statistics: Num rows: 1 Data size: 206 Basic stats: COMPLETE Column stats: COMPLETE
                    Select Operator
                      expressions: a (type: int), b (type: varchar(256))
                      outputColumnNames: a, b
                      Statistics: Num rows: 1 Data size: 206 Basic stats: COMPLETE Column stats: COMPLETE
                      Group By Operator
                        keys: a (type: int), b (type: varchar(256))
                        mode: hash
                        outputColumnNames: _col0, _col1
                        Statistics: Num rows: 1 Data size: 94 Basic stats: COMPLETE Column stats: COMPLETE
                        Reduce Output Operator
                          key expressions: _col0 (type: int), _col1 (type: varchar(256))
                          sort order: ++
                          Map-reduce partition columns: _col0 (type: int), _col1 (type: varchar(256))
                          Statistics: Num rows: 1 Data size: 94 Basic stats: COMPLETE Column stats: COMPLETE
            Execution mode: llap
            LLAP IO: may be used (ACID table)
        Reducer 2 
            Execution mode: llap
            Reduce Operator Tree:
              Group By Operator
                keys: KEY._col0 (type: int), KEY._col1 (type: varchar(256))
                mode: mergepartial
                outputColumnNames: _col0, _col1
                Statistics: Num rows: 1 Data size: 94 Basic stats: COMPLETE Column stats: COMPLETE
                Select Operator
                  expressions: _col1 (type: varchar(256))
                  outputColumnNames: _col0
                  Statistics: Num rows: 1 Data size: 90 Basic stats: COMPLETE Column stats: COMPLETE
                  File Output Operator
                    compressed: false
                    Statistics: Num rows: 1 Data size: 90 Basic stats: COMPLETE Column stats: COMPLETE
                    table:
                        input format: org.apache.hadoop.mapred.SequenceFileInputFormat
                        output format: org.apache.hadoop.hive.ql.io.HiveSequenceFileOutputFormat
                        serde: org.apache.hadoop.hive.serde2.lazy.LazySimpleSerDe

  Stage: Stage-0
    Fetch Operator
      limit: -1
      Processor Tree:
        ListSink

PREHOOK: query: select b from cmv_basetable_n9 where c > 20.0 group by a, b
PREHOOK: type: QUERY
PREHOOK: Input: default@cmv_basetable_n9
#### A masked pattern was here ####
POSTHOOK: query: select b from cmv_basetable_n9 where c > 20.0 group by a, b
POSTHOOK: type: QUERY
POSTHOOK: Input: default@cmv_basetable_n9
#### A masked pattern was here ####
calvin
bonnie
PREHOOK: query: create materialized view cmv_mat_view_3 enable rewrite
as select a, b, c from cmv_basetable_n9 where c > 10.0 group by a, b, c
PREHOOK: type: CREATE_MATERIALIZED_VIEW
PREHOOK: Input: default@cmv_basetable_n9
PREHOOK: Output: database:default
PREHOOK: Output: default@cmv_mat_view_3
POSTHOOK: query: create materialized view cmv_mat_view_3 enable rewrite
as select a, b, c from cmv_basetable_n9 where c > 10.0 group by a, b, c
POSTHOOK: type: CREATE_MATERIALIZED_VIEW
POSTHOOK: Input: default@cmv_basetable_n9
POSTHOOK: Output: database:default
POSTHOOK: Output: default@cmv_mat_view_3
PREHOOK: query: explain
select b from cmv_basetable_n9 where c > 20.0 group by a, b
PREHOOK: type: QUERY
POSTHOOK: query: explain
select b from cmv_basetable_n9 where c > 20.0 group by a, b
POSTHOOK: type: QUERY
STAGE DEPENDENCIES:
  Stage-1 is a root stage
  Stage-0 depends on stages: Stage-1

STAGE PLANS:
  Stage: Stage-1
    Tez
#### A masked pattern was here ####
      Edges:
        Reducer 2 <- Map 1 (SIMPLE_EDGE)
#### A masked pattern was here ####
      Vertices:
        Map 1 
            Map Operator Tree:
                TableScan
                  alias: default.cmv_mat_view_3
                  Statistics: Num rows: 3 Data size: 1368 Basic stats: COMPLETE Column stats: NONE
                  Filter Operator
                    predicate: (c > 20) (type: boolean)
                    Statistics: Num rows: 1 Data size: 456 Basic stats: COMPLETE Column stats: NONE
                    Select Operator
                      expressions: a (type: int), b (type: varchar(256))
                      outputColumnNames: a, b
                      Statistics: Num rows: 1 Data size: 456 Basic stats: COMPLETE Column stats: NONE
                      Group By Operator
                        keys: a (type: int), b (type: varchar(256))
                        mode: hash
                        outputColumnNames: _col0, _col1
                        Statistics: Num rows: 1 Data size: 456 Basic stats: COMPLETE Column stats: NONE
                        Reduce Output Operator
                          key expressions: _col0 (type: int), _col1 (type: varchar(256))
                          sort order: ++
                          Map-reduce partition columns: _col0 (type: int), _col1 (type: varchar(256))
                          Statistics: Num rows: 1 Data size: 456 Basic stats: COMPLETE Column stats: NONE
            Execution mode: llap
            LLAP IO: all inputs
        Reducer 2 
            Execution mode: llap
            Reduce Operator Tree:
              Group By Operator
                keys: KEY._col0 (type: int), KEY._col1 (type: varchar(256))
                mode: mergepartial
                outputColumnNames: _col0, _col1
                Statistics: Num rows: 1 Data size: 456 Basic stats: COMPLETE Column stats: NONE
                Select Operator
                  expressions: _col1 (type: varchar(256))
                  outputColumnNames: _col0
                  Statistics: Num rows: 1 Data size: 456 Basic stats: COMPLETE Column stats: NONE
                  File Output Operator
                    compressed: false
                    Statistics: Num rows: 1 Data size: 456 Basic stats: COMPLETE Column stats: NONE
                    table:
                        input format: org.apache.hadoop.mapred.SequenceFileInputFormat
                        output format: org.apache.hadoop.hive.ql.io.HiveSequenceFileOutputFormat
                        serde: org.apache.hadoop.hive.serde2.lazy.LazySimpleSerDe

  Stage: Stage-0
    Fetch Operator
      limit: -1
      Processor Tree:
        ListSink

PREHOOK: query: select b from cmv_basetable_n9 where c > 20.0 group by a, b
PREHOOK: type: QUERY
PREHOOK: Input: default@cmv_basetable_n9
PREHOOK: Input: default@cmv_mat_view_3
#### A masked pattern was here ####
POSTHOOK: query: select b from cmv_basetable_n9 where c > 20.0 group by a, b
POSTHOOK: type: QUERY
POSTHOOK: Input: default@cmv_basetable_n9
POSTHOOK: Input: default@cmv_mat_view_3
#### A masked pattern was here ####
calvin
bonnie
PREHOOK: query: create materialized view cmv_mat_view_4 enable rewrite
as select a, b from cmv_basetable_n9 group by a, b
PREHOOK: type: CREATE_MATERIALIZED_VIEW
PREHOOK: Input: default@cmv_basetable_n9
PREHOOK: Output: database:default
PREHOOK: Output: default@cmv_mat_view_4
POSTHOOK: query: create materialized view cmv_mat_view_4 enable rewrite
as select a, b from cmv_basetable_n9 group by a, b
POSTHOOK: type: CREATE_MATERIALIZED_VIEW
POSTHOOK: Input: default@cmv_basetable_n9
POSTHOOK: Output: database:default
POSTHOOK: Output: default@cmv_mat_view_4
PREHOOK: query: explain
select b from cmv_basetable_n9 group by b
PREHOOK: type: QUERY
POSTHOOK: query: explain
select b from cmv_basetable_n9 group by b
POSTHOOK: type: QUERY
STAGE DEPENDENCIES:
  Stage-1 is a root stage
  Stage-0 depends on stages: Stage-1

STAGE PLANS:
  Stage: Stage-1
    Tez
#### A masked pattern was here ####
      Edges:
        Reducer 2 <- Map 1 (SIMPLE_EDGE)
#### A masked pattern was here ####
      Vertices:
        Map 1 
            Map Operator Tree:
                TableScan
                  alias: default.cmv_mat_view_4
                  Statistics: Num rows: 5 Data size: 1700 Basic stats: COMPLETE Column stats: NONE
                  Select Operator
                    expressions: b (type: varchar(256))
                    outputColumnNames: b
                    Statistics: Num rows: 5 Data size: 1700 Basic stats: COMPLETE Column stats: NONE
                    Group By Operator
                      keys: b (type: varchar(256))
                      mode: hash
                      outputColumnNames: _col0
                      Statistics: Num rows: 5 Data size: 1700 Basic stats: COMPLETE Column stats: NONE
                      Reduce Output Operator
                        key expressions: _col0 (type: varchar(256))
                        sort order: +
                        Map-reduce partition columns: _col0 (type: varchar(256))
                        Statistics: Num rows: 5 Data size: 1700 Basic stats: COMPLETE Column stats: NONE
            Execution mode: llap
            LLAP IO: all inputs
        Reducer 2 
            Execution mode: llap
            Reduce Operator Tree:
              Group By Operator
                keys: KEY._col0 (type: varchar(256))
                mode: mergepartial
                outputColumnNames: _col0
                Statistics: Num rows: 2 Data size: 680 Basic stats: COMPLETE Column stats: NONE
                File Output Operator
                  compressed: false
                  Statistics: Num rows: 2 Data size: 680 Basic stats: COMPLETE Column stats: NONE
                  table:
                      input format: org.apache.hadoop.mapred.SequenceFileInputFormat
                      output format: org.apache.hadoop.hive.ql.io.HiveSequenceFileOutputFormat
                      serde: org.apache.hadoop.hive.serde2.lazy.LazySimpleSerDe

  Stage: Stage-0
    Fetch Operator
      limit: -1
      Processor Tree:
        ListSink

PREHOOK: query: select b from cmv_basetable_n9 group by b
PREHOOK: type: QUERY
PREHOOK: Input: default@cmv_basetable_n9
PREHOOK: Input: default@cmv_mat_view_4
#### A masked pattern was here ####
POSTHOOK: query: select b from cmv_basetable_n9 group by b
POSTHOOK: type: QUERY
POSTHOOK: Input: default@cmv_basetable_n9
POSTHOOK: Input: default@cmv_mat_view_4
#### A masked pattern was here ####
alfred
bob
bonnie
charlie
calvin
PREHOOK: query: create table cmv_basetable_2_n4 (a int, b varchar(256), c decimal(10,2), d int) stored as orc TBLPROPERTIES ('transactional'='true')
PREHOOK: type: CREATETABLE
PREHOOK: Output: database:default
PREHOOK: Output: default@cmv_basetable_2_n4
POSTHOOK: query: create table cmv_basetable_2_n4 (a int, b varchar(256), c decimal(10,2), d int) stored as orc TBLPROPERTIES ('transactional'='true')
POSTHOOK: type: CREATETABLE
POSTHOOK: Output: database:default
POSTHOOK: Output: default@cmv_basetable_2_n4
PREHOOK: query: insert into cmv_basetable_2_n4 values
 (1, 'alfred', 10.30, 2),
 (3, 'calvin', 978.76, 3)
PREHOOK: type: QUERY
PREHOOK: Input: _dummy_database@_dummy_table
PREHOOK: Output: default@cmv_basetable_2_n4
POSTHOOK: query: insert into cmv_basetable_2_n4 values
 (1, 'alfred', 10.30, 2),
 (3, 'calvin', 978.76, 3)
POSTHOOK: type: QUERY
POSTHOOK: Input: _dummy_database@_dummy_table
POSTHOOK: Output: default@cmv_basetable_2_n4
POSTHOOK: Lineage: cmv_basetable_2_n4.a SCRIPT []
POSTHOOK: Lineage: cmv_basetable_2_n4.b SCRIPT []
POSTHOOK: Lineage: cmv_basetable_2_n4.c SCRIPT []
POSTHOOK: Lineage: cmv_basetable_2_n4.d SCRIPT []
PREHOOK: query: analyze table cmv_basetable_2_n4 compute statistics for columns
PREHOOK: type: ANALYZE_TABLE
PREHOOK: Input: default@cmv_basetable_2_n4
PREHOOK: Output: default@cmv_basetable_2_n4
#### A masked pattern was here ####
POSTHOOK: query: analyze table cmv_basetable_2_n4 compute statistics for columns
POSTHOOK: type: ANALYZE_TABLE
POSTHOOK: Input: default@cmv_basetable_2_n4
POSTHOOK: Output: default@cmv_basetable_2_n4
#### A masked pattern was here ####
PREHOOK: query: create materialized view cmv_mat_view_5 enable rewrite
as select cmv_basetable_n9.a, cmv_basetable_2_n4.c
   from cmv_basetable_n9 join cmv_basetable_2_n4 on (cmv_basetable_n9.a = cmv_basetable_2_n4.a)
   where cmv_basetable_2_n4.c > 10.0
   group by cmv_basetable_n9.a, cmv_basetable_2_n4.c
PREHOOK: type: CREATE_MATERIALIZED_VIEW
PREHOOK: Input: default@cmv_basetable_2_n4
PREHOOK: Input: default@cmv_basetable_n9
PREHOOK: Output: database:default
PREHOOK: Output: default@cmv_mat_view_5
POSTHOOK: query: create materialized view cmv_mat_view_5 enable rewrite
as select cmv_basetable_n9.a, cmv_basetable_2_n4.c
   from cmv_basetable_n9 join cmv_basetable_2_n4 on (cmv_basetable_n9.a = cmv_basetable_2_n4.a)
   where cmv_basetable_2_n4.c > 10.0
   group by cmv_basetable_n9.a, cmv_basetable_2_n4.c
POSTHOOK: type: CREATE_MATERIALIZED_VIEW
POSTHOOK: Input: default@cmv_basetable_2_n4
POSTHOOK: Input: default@cmv_basetable_n9
POSTHOOK: Output: database:default
POSTHOOK: Output: default@cmv_mat_view_5
PREHOOK: query: explain
select cmv_basetable_n9.a
from cmv_basetable_n9 join cmv_basetable_2_n4 on (cmv_basetable_n9.a = cmv_basetable_2_n4.a)
where cmv_basetable_2_n4.c > 10.10
group by cmv_basetable_n9.a, cmv_basetable_2_n4.c
PREHOOK: type: QUERY
POSTHOOK: query: explain
select cmv_basetable_n9.a
from cmv_basetable_n9 join cmv_basetable_2_n4 on (cmv_basetable_n9.a = cmv_basetable_2_n4.a)
where cmv_basetable_2_n4.c > 10.10
group by cmv_basetable_n9.a, cmv_basetable_2_n4.c
POSTHOOK: type: QUERY
STAGE DEPENDENCIES:
  Stage-0 is a root stage

STAGE PLANS:
  Stage: Stage-0
    Fetch Operator
      limit: -1
      Processor Tree:
        TableScan
          alias: default.cmv_mat_view_5
          Filter Operator
            predicate: (c > 10.1) (type: boolean)
            Select Operator
              expressions: a (type: int)
              outputColumnNames: _col0
              ListSink

PREHOOK: query: select cmv_basetable_n9.a
from cmv_basetable_n9 join cmv_basetable_2_n4 on (cmv_basetable_n9.a = cmv_basetable_2_n4.a)
where cmv_basetable_2_n4.c > 10.10
group by cmv_basetable_n9.a, cmv_basetable_2_n4.c
PREHOOK: type: QUERY
PREHOOK: Input: default@cmv_basetable_2_n4
PREHOOK: Input: default@cmv_basetable_n9
PREHOOK: Input: default@cmv_mat_view_5
#### A masked pattern was here ####
POSTHOOK: query: select cmv_basetable_n9.a
from cmv_basetable_n9 join cmv_basetable_2_n4 on (cmv_basetable_n9.a = cmv_basetable_2_n4.a)
where cmv_basetable_2_n4.c > 10.10
group by cmv_basetable_n9.a, cmv_basetable_2_n4.c
POSTHOOK: type: QUERY
POSTHOOK: Input: default@cmv_basetable_2_n4
POSTHOOK: Input: default@cmv_basetable_n9
POSTHOOK: Input: default@cmv_mat_view_5
#### A masked pattern was here ####
1
3
PREHOOK: query: explain
select cmv_basetable_n9.a
from cmv_basetable_n9 join cmv_basetable_2_n4 on (cmv_basetable_n9.a = cmv_basetable_2_n4.a)
where cmv_basetable_2_n4.c > 10.10
group by cmv_basetable_n9.a
PREHOOK: type: QUERY
POSTHOOK: query: explain
select cmv_basetable_n9.a
from cmv_basetable_n9 join cmv_basetable_2_n4 on (cmv_basetable_n9.a = cmv_basetable_2_n4.a)
where cmv_basetable_2_n4.c > 10.10
group by cmv_basetable_n9.a
POSTHOOK: type: QUERY
STAGE DEPENDENCIES:
  Stage-1 is a root stage
  Stage-0 depends on stages: Stage-1

STAGE PLANS:
  Stage: Stage-1
    Tez
#### A masked pattern was here ####
      Edges:
        Reducer 2 <- Map 1 (SIMPLE_EDGE)
#### A masked pattern was here ####
      Vertices:
        Map 1 
            Map Operator Tree:
                TableScan
                  alias: default.cmv_mat_view_5
                  Statistics: Num rows: 2 Data size: 232 Basic stats: COMPLETE Column stats: NONE
                  Filter Operator
                    predicate: (c > 10.1) (type: boolean)
                    Statistics: Num rows: 1 Data size: 116 Basic stats: COMPLETE Column stats: NONE
                    Select Operator
                      expressions: a (type: int)
                      outputColumnNames: a
                      Statistics: Num rows: 1 Data size: 116 Basic stats: COMPLETE Column stats: NONE
                      Group By Operator
                        keys: a (type: int)
                        mode: hash
                        outputColumnNames: _col0
                        Statistics: Num rows: 1 Data size: 116 Basic stats: COMPLETE Column stats: NONE
                        Reduce Output Operator
                          key expressions: _col0 (type: int)
                          sort order: +
                          Map-reduce partition columns: _col0 (type: int)
                          Statistics: Num rows: 1 Data size: 116 Basic stats: COMPLETE Column stats: NONE
            Execution mode: llap
            LLAP IO: all inputs
        Reducer 2 
            Execution mode: llap
            Reduce Operator Tree:
              Group By Operator
                keys: KEY._col0 (type: int)
                mode: mergepartial
                outputColumnNames: _col0
                Statistics: Num rows: 1 Data size: 116 Basic stats: COMPLETE Column stats: NONE
                File Output Operator
                  compressed: false
                  Statistics: Num rows: 1 Data size: 116 Basic stats: COMPLETE Column stats: NONE
                  table:
                      input format: org.apache.hadoop.mapred.SequenceFileInputFormat
                      output format: org.apache.hadoop.hive.ql.io.HiveSequenceFileOutputFormat
                      serde: org.apache.hadoop.hive.serde2.lazy.LazySimpleSerDe

  Stage: Stage-0
    Fetch Operator
      limit: -1
      Processor Tree:
        ListSink

PREHOOK: query: select cmv_basetable_n9.a
from cmv_basetable_n9 join cmv_basetable_2_n4 on (cmv_basetable_n9.a = cmv_basetable_2_n4.a)
where cmv_basetable_2_n4.c > 10.10
group by cmv_basetable_n9.a
PREHOOK: type: QUERY
PREHOOK: Input: default@cmv_basetable_2_n4
PREHOOK: Input: default@cmv_basetable_n9
PREHOOK: Input: default@cmv_mat_view_5
#### A masked pattern was here ####
POSTHOOK: query: select cmv_basetable_n9.a
from cmv_basetable_n9 join cmv_basetable_2_n4 on (cmv_basetable_n9.a = cmv_basetable_2_n4.a)
where cmv_basetable_2_n4.c > 10.10
group by cmv_basetable_n9.a
POSTHOOK: type: QUERY
POSTHOOK: Input: default@cmv_basetable_2_n4
POSTHOOK: Input: default@cmv_basetable_n9
POSTHOOK: Input: default@cmv_mat_view_5
#### A masked pattern was here ####
1
3
PREHOOK: query: drop materialized view cmv_mat_view_n9
PREHOOK: type: DROP_MATERIALIZED_VIEW
PREHOOK: Input: default@cmv_mat_view_n9
PREHOOK: Output: default@cmv_mat_view_n9
POSTHOOK: query: drop materialized view cmv_mat_view_n9
POSTHOOK: type: DROP_MATERIALIZED_VIEW
POSTHOOK: Input: default@cmv_mat_view_n9
POSTHOOK: Output: default@cmv_mat_view_n9
PREHOOK: query: drop materialized view cmv_mat_view_2
PREHOOK: type: DROP_MATERIALIZED_VIEW
PREHOOK: Input: default@cmv_mat_view_2
PREHOOK: Output: default@cmv_mat_view_2
POSTHOOK: query: drop materialized view cmv_mat_view_2
POSTHOOK: type: DROP_MATERIALIZED_VIEW
POSTHOOK: Input: default@cmv_mat_view_2
POSTHOOK: Output: default@cmv_mat_view_2
PREHOOK: query: drop materialized view cmv_mat_view_3
PREHOOK: type: DROP_MATERIALIZED_VIEW
PREHOOK: Input: default@cmv_mat_view_3
PREHOOK: Output: default@cmv_mat_view_3
POSTHOOK: query: drop materialized view cmv_mat_view_3
POSTHOOK: type: DROP_MATERIALIZED_VIEW
POSTHOOK: Input: default@cmv_mat_view_3
POSTHOOK: Output: default@cmv_mat_view_3
PREHOOK: query: drop materialized view cmv_mat_view_4
PREHOOK: type: DROP_MATERIALIZED_VIEW
PREHOOK: Input: default@cmv_mat_view_4
PREHOOK: Output: default@cmv_mat_view_4
POSTHOOK: query: drop materialized view cmv_mat_view_4
POSTHOOK: type: DROP_MATERIALIZED_VIEW
POSTHOOK: Input: default@cmv_mat_view_4
POSTHOOK: Output: default@cmv_mat_view_4
PREHOOK: query: drop materialized view cmv_mat_view_5
PREHOOK: type: DROP_MATERIALIZED_VIEW
PREHOOK: Input: default@cmv_mat_view_5
PREHOOK: Output: default@cmv_mat_view_5
POSTHOOK: query: drop materialized view cmv_mat_view_5
POSTHOOK: type: DROP_MATERIALIZED_VIEW
POSTHOOK: Input: default@cmv_mat_view_5
POSTHOOK: Output: default@cmv_mat_view_5
