PREHOOK: query: drop table if exists test_join_1
PREHOOK: type: DROPTABLE
PREHOOK: Output: database:default
POSTHOOK: query: drop table if exists test_join_1
POSTHOOK: type: DROPTABLE
POSTHOOK: Output: database:default
PREHOOK: query: drop table if exists test_join_2
PREHOOK: type: DROPTABLE
PREHOOK: Output: database:default
POSTHOOK: query: drop table if exists test_join_2
POSTHOOK: type: DROPTABLE
POSTHOOK: Output: database:default
PREHOOK: query: create table test_join_1(a string, b string)
PREHOOK: type: CREATETABLE
PREHOOK: Output: database:default
PREHOOK: Output: default@test_join_1
POSTHOOK: query: create table test_join_1(a string, b string)
POSTHOOK: type: CREATETABLE
POSTHOOK: Output: database:default
POSTHOOK: Output: default@test_join_1
PREHOOK: query: create table test_join_2(a string, b string)
PREHOOK: type: CREATETABLE
PREHOOK: Output: database:default
PREHOOK: Output: default@test_join_2
POSTHOOK: query: create table test_join_2(a string, b string)
POSTHOOK: type: CREATETABLE
POSTHOOK: Output: database:default
POSTHOOK: Output: default@test_join_2
PREHOOK: query: explain
select * from
(
    SELECT a a, b b
    FROM test_join_1
)t1

join

(
    SELECT a a, b b
    FROM test_join_1
)t2
    on  t1.a = t2.a
    and t1.a = t2.b

join

(
    select a from test_join_2
)t3 on t1.a = t3.a
PREHOOK: type: QUERY
PREHOOK: Input: default@test_join_1
PREHOOK: Input: default@test_join_2
#### A masked pattern was here ####
POSTHOOK: query: explain
select * from
(
    SELECT a a, b b
    FROM test_join_1
)t1

join

(
    SELECT a a, b b
    FROM test_join_1
)t2
    on  t1.a = t2.a
    and t1.a = t2.b

join

(
    select a from test_join_2
)t3 on t1.a = t3.a
POSTHOOK: type: QUERY
POSTHOOK: Input: default@test_join_1
POSTHOOK: Input: default@test_join_2
#### A masked pattern was here ####
STAGE DEPENDENCIES:
  Stage-1 is a root stage
  Stage-0 depends on stages: Stage-1

STAGE PLANS:
  Stage: Stage-1
    Tez
#### A masked pattern was here ####
      Edges:
        Reducer 2 <- Map 1 (SIMPLE_EDGE), Map 4 (SIMPLE_EDGE)
        Reducer 3 <- Map 1 (SIMPLE_EDGE), Reducer 2 (SIMPLE_EDGE)
#### A masked pattern was here ####
      Vertices:
        Map 1 
            Map Operator Tree:
                TableScan
                  alias: test_join_1
                  filterExpr: (a is not null or (a is not null and b is not null)) (type: boolean)
                  Statistics: Num rows: 1 Data size: 368 Basic stats: COMPLETE Column stats: NONE
                  Filter Operator
                    predicate: a is not null (type: boolean)
                    Statistics: Num rows: 1 Data size: 368 Basic stats: COMPLETE Column stats: NONE
                    Select Operator
                      expressions: a (type: string), b (type: string)
                      outputColumnNames: _col0, _col1
                      Statistics: Num rows: 1 Data size: 368 Basic stats: COMPLETE Column stats: NONE
                      Reduce Output Operator
                        key expressions: _col0 (type: string)
                        null sort order: z
                        sort order: +
                        Map-reduce partition columns: _col0 (type: string)
                        Statistics: Num rows: 1 Data size: 368 Basic stats: COMPLETE Column stats: NONE
                        value expressions: _col1 (type: string)
                  Filter Operator
                    predicate: (a is not null and b is not null) (type: boolean)
                    Statistics: Num rows: 1 Data size: 368 Basic stats: COMPLETE Column stats: NONE
                    Select Operator
                      expressions: a (type: string), b (type: string)
                      outputColumnNames: _col0, _col1
                      Statistics: Num rows: 1 Data size: 368 Basic stats: COMPLETE Column stats: NONE
                      Reduce Output Operator
                        key expressions: _col1 (type: string), _col0 (type: string)
                        null sort order: zz
                        sort order: ++
                        Map-reduce partition columns: _col1 (type: string), _col0 (type: string)
                        Statistics: Num rows: 1 Data size: 368 Basic stats: COMPLETE Column stats: NONE
            Execution mode: vectorized, llap
            LLAP IO: all inputs
        Map 4 
            Map Operator Tree:
                TableScan
                  alias: test_join_2
                  filterExpr: a is not null (type: boolean)
                  Statistics: Num rows: 1 Data size: 184 Basic stats: COMPLETE Column stats: NONE
                  Filter Operator
                    predicate: a is not null (type: boolean)
                    Statistics: Num rows: 1 Data size: 184 Basic stats: COMPLETE Column stats: NONE
                    Select Operator
                      expressions: a (type: string)
                      outputColumnNames: _col0
                      Statistics: Num rows: 1 Data size: 184 Basic stats: COMPLETE Column stats: NONE
                      Reduce Output Operator
                        key expressions: _col0 (type: string)
                        null sort order: z
                        sort order: +
                        Map-reduce partition columns: _col0 (type: string)
                        Statistics: Num rows: 1 Data size: 184 Basic stats: COMPLETE Column stats: NONE
            Execution mode: vectorized, llap
            LLAP IO: all inputs
        Reducer 2 
            Execution mode: llap
            Reduce Operator Tree:
              Merge Join Operator
                condition map:
                     Inner Join 0 to 1
                keys:
                  0 _col0 (type: string)
                  1 _col0 (type: string)
                outputColumnNames: _col0, _col1, _col2
                Statistics: Num rows: 1 Data size: 404 Basic stats: COMPLETE Column stats: NONE
                Reduce Output Operator
                  key expressions: _col0 (type: string), _col0 (type: string)
                  null sort order: zz
                  sort order: ++
                  Map-reduce partition columns: _col0 (type: string), _col0 (type: string)
                  Statistics: Num rows: 1 Data size: 404 Basic stats: COMPLETE Column stats: NONE
                  value expressions: _col1 (type: string), _col2 (type: string)
        Reducer 3 
            Execution mode: llap
            Reduce Operator Tree:
              Merge Join Operator
                condition map:
                     Inner Join 0 to 1
                keys:
                  0 _col0 (type: string), _col0 (type: string)
                  1 _col1 (type: string), _col0 (type: string)
                outputColumnNames: _col0, _col1, _col2, _col3, _col4
                Statistics: Num rows: 1 Data size: 444 Basic stats: COMPLETE Column stats: NONE
                Select Operator
                  expressions: _col0 (type: string), _col1 (type: string), _col3 (type: string), _col4 (type: string), _col2 (type: string)
                  outputColumnNames: _col0, _col1, _col2, _col3, _col4
                  Statistics: Num rows: 1 Data size: 444 Basic stats: COMPLETE Column stats: NONE
                  File Output Operator
                    compressed: false
                    Statistics: Num rows: 1 Data size: 444 Basic stats: COMPLETE Column stats: NONE
                    table:
                        input format: org.apache.hadoop.mapred.SequenceFileInputFormat
                        output format: org.apache.hadoop.hive.ql.io.HiveSequenceFileOutputFormat
                        serde: org.apache.hadoop.hive.serde2.lazy.LazySimpleSerDe

  Stage: Stage-0
    Fetch Operator
      limit: -1
      Processor Tree:
        ListSink

PREHOOK: query: drop table test_join_1
PREHOOK: type: DROPTABLE
PREHOOK: Input: default@test_join_1
PREHOOK: Output: database:default
PREHOOK: Output: default@test_join_1
POSTHOOK: query: drop table test_join_1
POSTHOOK: type: DROPTABLE
POSTHOOK: Input: default@test_join_1
POSTHOOK: Output: database:default
POSTHOOK: Output: default@test_join_1
PREHOOK: query: drop table test_join_2
PREHOOK: type: DROPTABLE
PREHOOK: Input: default@test_join_2
PREHOOK: Output: database:default
PREHOOK: Output: default@test_join_2
POSTHOOK: query: drop table test_join_2
POSTHOOK: type: DROPTABLE
POSTHOOK: Input: default@test_join_2
POSTHOOK: Output: database:default
POSTHOOK: Output: default@test_join_2
