PREHOOK: query: CREATE TABLE T1_mm(key STRING, val STRING) PARTITIONED BY (ds string)
CLUSTERED BY (key) SORTED BY (key) INTO 2 BUCKETS STORED AS TEXTFILE  tblproperties ("transactional"="true", "transactional_properties"="insert_only")
PREHOOK: type: CREATETABLE
PREHOOK: Output: database:default
PREHOOK: Output: default@T1_mm
POSTHOOK: query: CREATE TABLE T1_mm(key STRING, val STRING) PARTITIONED BY (ds string)
CLUSTERED BY (key) SORTED BY (key) INTO 2 BUCKETS STORED AS TEXTFILE  tblproperties ("transactional"="true", "transactional_properties"="insert_only")
POSTHOOK: type: CREATETABLE
POSTHOOK: Output: database:default
POSTHOOK: Output: default@T1_mm
PREHOOK: query: LOAD DATA LOCAL INPATH '../../data/files/bucket_files/000000_0' INTO TABLE T1_mm  PARTITION (ds='1')
PREHOOK: type: LOAD
#### A masked pattern was here ####
PREHOOK: Output: default@t1_mm
POSTHOOK: query: LOAD DATA LOCAL INPATH '../../data/files/bucket_files/000000_0' INTO TABLE T1_mm  PARTITION (ds='1')
POSTHOOK: type: LOAD
#### A masked pattern was here ####
POSTHOOK: Output: default@t1_mm
POSTHOOK: Output: default@t1_mm@ds=1
PREHOOK: query: INSERT OVERWRITE TABLE T1_mm PARTITION (ds='1') select key, val from T1_mm where ds = '1'
PREHOOK: type: QUERY
PREHOOK: Input: default@t1_mm
PREHOOK: Input: default@t1_mm@ds=1
PREHOOK: Output: default@t1_mm@ds=1
POSTHOOK: query: INSERT OVERWRITE TABLE T1_mm PARTITION (ds='1') select key, val from T1_mm where ds = '1'
POSTHOOK: type: QUERY
POSTHOOK: Input: default@t1_mm
POSTHOOK: Input: default@t1_mm@ds=1
POSTHOOK: Output: default@t1_mm@ds=1
POSTHOOK: Lineage: t1_mm PARTITION(ds=1).key SIMPLE [(t1_mm)t1_mm.FieldSchema(name:key, type:string, comment:null), ]
POSTHOOK: Lineage: t1_mm PARTITION(ds=1).val SIMPLE [(t1_mm)t1_mm.FieldSchema(name:val, type:string, comment:null), ]
PREHOOK: query: select * from T1_mm
PREHOOK: type: QUERY
PREHOOK: Input: default@t1_mm
PREHOOK: Input: default@t1_mm@ds=1
#### A masked pattern was here ####
POSTHOOK: query: select * from T1_mm
POSTHOOK: type: QUERY
POSTHOOK: Input: default@t1_mm
POSTHOOK: Input: default@t1_mm@ds=1
#### A masked pattern was here ####
1	11	1
2	12	1
3	13	1
7	17	1
8	18	1
8	28	1
PREHOOK: query: explain
select count(distinct key) from T1_mm
PREHOOK: type: QUERY
PREHOOK: Input: default@t1_mm
PREHOOK: Input: default@t1_mm@ds=1
#### A masked pattern was here ####
POSTHOOK: query: explain
select count(distinct key) from T1_mm
POSTHOOK: type: QUERY
POSTHOOK: Input: default@t1_mm
POSTHOOK: Input: default@t1_mm@ds=1
#### A masked pattern was here ####
STAGE DEPENDENCIES:
  Stage-1 is a root stage
  Stage-0 depends on stages: Stage-1

STAGE PLANS:
  Stage: Stage-1
    Tez
#### A masked pattern was here ####
      Edges:
        Reducer 2 <- Map 1 (CUSTOM_SIMPLE_EDGE)
#### A masked pattern was here ####
      Vertices:
        Map 1 
            Map Operator Tree:
                TableScan
                  alias: t1_mm
                  Statistics: Num rows: 6 Data size: 510 Basic stats: COMPLETE Column stats: COMPLETE
                  Select Operator
                    expressions: key (type: string)
                    outputColumnNames: key
                    Statistics: Num rows: 6 Data size: 510 Basic stats: COMPLETE Column stats: COMPLETE
                    Group By Operator
                      keys: key (type: string)
                      mode: final
                      outputColumnNames: _col0
                      Statistics: Num rows: 5 Data size: 425 Basic stats: COMPLETE Column stats: COMPLETE
                      Group By Operator
                        aggregations: count(_col0)
                        minReductionHashAggr: 0.8
                        mode: hash
                        outputColumnNames: _col0
                        Statistics: Num rows: 1 Data size: 8 Basic stats: COMPLETE Column stats: COMPLETE
                        Reduce Output Operator
                          null sort order: 
                          sort order: 
                          Statistics: Num rows: 1 Data size: 8 Basic stats: COMPLETE Column stats: COMPLETE
                          value expressions: _col0 (type: bigint)
            Execution mode: vectorized, llap
            LLAP IO: may be used (ACID table)
        Reducer 2 
            Execution mode: vectorized, llap
            Reduce Operator Tree:
              Group By Operator
                aggregations: count(VALUE._col0)
                mode: mergepartial
                outputColumnNames: _col0
                Statistics: Num rows: 1 Data size: 8 Basic stats: COMPLETE Column stats: COMPLETE
                File Output Operator
                  compressed: false
                  Statistics: Num rows: 1 Data size: 8 Basic stats: COMPLETE Column stats: COMPLETE
                  table:
                      input format: org.apache.hadoop.mapred.SequenceFileInputFormat
                      output format: org.apache.hadoop.hive.ql.io.HiveSequenceFileOutputFormat
                      serde: org.apache.hadoop.hive.serde2.lazy.LazySimpleSerDe

  Stage: Stage-0
    Fetch Operator
      limit: -1
      Processor Tree:
        ListSink

PREHOOK: query: select count(distinct key) from T1_mm
PREHOOK: type: QUERY
PREHOOK: Input: default@t1_mm
PREHOOK: Input: default@t1_mm@ds=1
#### A masked pattern was here ####
POSTHOOK: query: select count(distinct key) from T1_mm
POSTHOOK: type: QUERY
POSTHOOK: Input: default@t1_mm
POSTHOOK: Input: default@t1_mm@ds=1
#### A masked pattern was here ####
5
PREHOOK: query: DROP TABLE T1_mm
PREHOOK: type: DROPTABLE
PREHOOK: Input: default@t1_mm
PREHOOK: Output: database:default
PREHOOK: Output: default@t1_mm
POSTHOOK: query: DROP TABLE T1_mm
POSTHOOK: type: DROPTABLE
POSTHOOK: Input: default@t1_mm
POSTHOOK: Output: database:default
POSTHOOK: Output: default@t1_mm
