PREHOOK: query: create table src_multi1_n4 like src
PREHOOK: type: CREATETABLE
PREHOOK: Output: database:default
PREHOOK: Output: default@src_multi1_n4
POSTHOOK: query: create table src_multi1_n4 like src
POSTHOOK: type: CREATETABLE
POSTHOOK: Output: database:default
POSTHOOK: Output: default@src_multi1_n4
PREHOOK: query: create table src_multi2_n5 like src
PREHOOK: type: CREATETABLE
PREHOOK: Output: database:default
PREHOOK: Output: default@src_multi2_n5
POSTHOOK: query: create table src_multi2_n5 like src
POSTHOOK: type: CREATETABLE
POSTHOOK: Output: database:default
POSTHOOK: Output: default@src_multi2_n5
PREHOOK: query: explain
from src
insert overwrite table src_multi1_n4 select * where key < 10
insert overwrite table src_multi2_n5 select * where key > 10 and key < 20
PREHOOK: type: QUERY
PREHOOK: Input: default@src
PREHOOK: Output: default@src_multi1_n4
PREHOOK: Output: default@src_multi2_n5
POSTHOOK: query: explain
from src
insert overwrite table src_multi1_n4 select * where key < 10
insert overwrite table src_multi2_n5 select * where key > 10 and key < 20
POSTHOOK: type: QUERY
POSTHOOK: Input: default@src
POSTHOOK: Output: default@src_multi1_n4
POSTHOOK: Output: default@src_multi2_n5
STAGE DEPENDENCIES:
  Stage-2 is a root stage
  Stage-3 depends on stages: Stage-2
  Stage-0 depends on stages: Stage-3
  Stage-4 depends on stages: Stage-0
  Stage-1 depends on stages: Stage-3
  Stage-5 depends on stages: Stage-1

STAGE PLANS:
  Stage: Stage-2
    Tez
#### A masked pattern was here ####
      Edges:
        Reducer 2 <- Map 1 (CUSTOM_SIMPLE_EDGE)
        Reducer 3 <- Map 1 (CUSTOM_SIMPLE_EDGE)
#### A masked pattern was here ####
      Vertices:
        Map 1 
            Map Operator Tree:
                TableScan
                  alias: src
                  Statistics: Num rows: 500 Data size: 89000 Basic stats: COMPLETE Column stats: COMPLETE
                  Filter Operator
                    predicate: (key < 10) (type: boolean)
                    Statistics: Num rows: 166 Data size: 29548 Basic stats: COMPLETE Column stats: COMPLETE
                    Select Operator
                      expressions: key (type: string), value (type: string)
                      outputColumnNames: _col0, _col1
                      Statistics: Num rows: 166 Data size: 29548 Basic stats: COMPLETE Column stats: COMPLETE
                      File Output Operator
                        compressed: false
                        Statistics: Num rows: 166 Data size: 29548 Basic stats: COMPLETE Column stats: COMPLETE
                        table:
                            input format: org.apache.hadoop.mapred.TextInputFormat
                            output format: org.apache.hadoop.hive.ql.io.HiveIgnoreKeyTextOutputFormat
                            serde: org.apache.hadoop.hive.serde2.lazy.LazySimpleSerDe
                            name: default.src_multi1_n4
                      Select Operator
                        expressions: _col0 (type: string), _col1 (type: string)
                        outputColumnNames: key, value
                        Statistics: Num rows: 166 Data size: 29548 Basic stats: COMPLETE Column stats: COMPLETE
                        Group By Operator
                          aggregations: max(length(key)), avg(COALESCE(length(key),0)), count(1), count(key), compute_bit_vector_hll(key), max(length(value)), avg(COALESCE(length(value),0)), count(value), compute_bit_vector_hll(value)
                          minReductionHashAggr: 0.99
                          mode: hash
                          outputColumnNames: _col0, _col1, _col2, _col3, _col4, _col5, _col6, _col7, _col8
                          Statistics: Num rows: 1 Data size: 472 Basic stats: COMPLETE Column stats: COMPLETE
                          Reduce Output Operator
                            null sort order: 
                            sort order: 
                            Statistics: Num rows: 1 Data size: 472 Basic stats: COMPLETE Column stats: COMPLETE
                            value expressions: _col0 (type: int), _col1 (type: struct<count:bigint,sum:double,input:int>), _col2 (type: bigint), _col3 (type: bigint), _col4 (type: binary), _col5 (type: int), _col6 (type: struct<count:bigint,sum:double,input:int>), _col7 (type: bigint), _col8 (type: binary)
                  Filter Operator
                    predicate: ((key > 10) and (key < 20)) (type: boolean)
                    Statistics: Num rows: 55 Data size: 9790 Basic stats: COMPLETE Column stats: COMPLETE
                    Select Operator
                      expressions: key (type: string), value (type: string)
                      outputColumnNames: _col0, _col1
                      Statistics: Num rows: 55 Data size: 9790 Basic stats: COMPLETE Column stats: COMPLETE
                      File Output Operator
                        compressed: false
                        Statistics: Num rows: 55 Data size: 9790 Basic stats: COMPLETE Column stats: COMPLETE
                        table:
                            input format: org.apache.hadoop.mapred.TextInputFormat
                            output format: org.apache.hadoop.hive.ql.io.HiveIgnoreKeyTextOutputFormat
                            serde: org.apache.hadoop.hive.serde2.lazy.LazySimpleSerDe
                            name: default.src_multi2_n5
                      Select Operator
                        expressions: _col0 (type: string), _col1 (type: string)
                        outputColumnNames: key, value
                        Statistics: Num rows: 55 Data size: 9790 Basic stats: COMPLETE Column stats: COMPLETE
                        Group By Operator
                          aggregations: max(length(key)), avg(COALESCE(length(key),0)), count(1), count(key), compute_bit_vector_hll(key), max(length(value)), avg(COALESCE(length(value),0)), count(value), compute_bit_vector_hll(value)
                          minReductionHashAggr: 0.9818182
                          mode: hash
                          outputColumnNames: _col0, _col1, _col2, _col3, _col4, _col5, _col6, _col7, _col8
                          Statistics: Num rows: 1 Data size: 472 Basic stats: COMPLETE Column stats: COMPLETE
                          Reduce Output Operator
                            null sort order: 
                            sort order: 
                            Statistics: Num rows: 1 Data size: 472 Basic stats: COMPLETE Column stats: COMPLETE
                            value expressions: _col0 (type: int), _col1 (type: struct<count:bigint,sum:double,input:int>), _col2 (type: bigint), _col3 (type: bigint), _col4 (type: binary), _col5 (type: int), _col6 (type: struct<count:bigint,sum:double,input:int>), _col7 (type: bigint), _col8 (type: binary)
            Execution mode: vectorized, llap
            LLAP IO: all inputs
        Reducer 2 
            Execution mode: vectorized, llap
            Reduce Operator Tree:
              Group By Operator
                aggregations: max(VALUE._col0), avg(VALUE._col1), count(VALUE._col2), count(VALUE._col3), compute_bit_vector_hll(VALUE._col4), max(VALUE._col5), avg(VALUE._col6), count(VALUE._col7), compute_bit_vector_hll(VALUE._col8)
                mode: mergepartial
                outputColumnNames: _col0, _col1, _col2, _col3, _col4, _col5, _col6, _col7, _col8
                Statistics: Num rows: 1 Data size: 336 Basic stats: COMPLETE Column stats: COMPLETE
                Select Operator
                  expressions: 'STRING' (type: string), UDFToLong(COALESCE(_col0,0)) (type: bigint), COALESCE(_col1,0) (type: double), (_col2 - _col3) (type: bigint), COALESCE(ndv_compute_bit_vector(_col4),0) (type: bigint), _col4 (type: binary), 'STRING' (type: string), UDFToLong(COALESCE(_col5,0)) (type: bigint), COALESCE(_col6,0) (type: double), (_col2 - _col7) (type: bigint), COALESCE(ndv_compute_bit_vector(_col8),0) (type: bigint), _col8 (type: binary)
                  outputColumnNames: _col0, _col1, _col2, _col3, _col4, _col5, _col6, _col7, _col8, _col9, _col10, _col11
                  Statistics: Num rows: 1 Data size: 532 Basic stats: COMPLETE Column stats: COMPLETE
                  File Output Operator
                    compressed: false
                    Statistics: Num rows: 1 Data size: 532 Basic stats: COMPLETE Column stats: COMPLETE
                    table:
                        input format: org.apache.hadoop.mapred.SequenceFileInputFormat
                        output format: org.apache.hadoop.hive.ql.io.HiveSequenceFileOutputFormat
                        serde: org.apache.hadoop.hive.serde2.lazy.LazySimpleSerDe
        Reducer 3 
            Execution mode: vectorized, llap
            Reduce Operator Tree:
              Group By Operator
                aggregations: max(VALUE._col0), avg(VALUE._col1), count(VALUE._col2), count(VALUE._col3), compute_bit_vector_hll(VALUE._col4), max(VALUE._col5), avg(VALUE._col6), count(VALUE._col7), compute_bit_vector_hll(VALUE._col8)
                mode: mergepartial
                outputColumnNames: _col0, _col1, _col2, _col3, _col4, _col5, _col6, _col7, _col8
                Statistics: Num rows: 1 Data size: 336 Basic stats: COMPLETE Column stats: COMPLETE
                Select Operator
                  expressions: 'STRING' (type: string), UDFToLong(COALESCE(_col0,0)) (type: bigint), COALESCE(_col1,0) (type: double), (_col2 - _col3) (type: bigint), COALESCE(ndv_compute_bit_vector(_col4),0) (type: bigint), _col4 (type: binary), 'STRING' (type: string), UDFToLong(COALESCE(_col5,0)) (type: bigint), COALESCE(_col6,0) (type: double), (_col2 - _col7) (type: bigint), COALESCE(ndv_compute_bit_vector(_col8),0) (type: bigint), _col8 (type: binary)
                  outputColumnNames: _col0, _col1, _col2, _col3, _col4, _col5, _col6, _col7, _col8, _col9, _col10, _col11
                  Statistics: Num rows: 1 Data size: 532 Basic stats: COMPLETE Column stats: COMPLETE
                  File Output Operator
                    compressed: false
                    Statistics: Num rows: 1 Data size: 532 Basic stats: COMPLETE Column stats: COMPLETE
                    table:
                        input format: org.apache.hadoop.mapred.SequenceFileInputFormat
                        output format: org.apache.hadoop.hive.ql.io.HiveSequenceFileOutputFormat
                        serde: org.apache.hadoop.hive.serde2.lazy.LazySimpleSerDe

  Stage: Stage-3
    Dependency Collection

  Stage: Stage-0
    Move Operator
      tables:
          replace: true
          table:
              input format: org.apache.hadoop.mapred.TextInputFormat
              output format: org.apache.hadoop.hive.ql.io.HiveIgnoreKeyTextOutputFormat
              serde: org.apache.hadoop.hive.serde2.lazy.LazySimpleSerDe
              name: default.src_multi1_n4

  Stage: Stage-4
    Stats Work
      Basic Stats Work:
      Column Stats Desc:
          Columns: key, value
          Column Types: string, string
          Table: default.src_multi1_n4

  Stage: Stage-1
    Move Operator
      tables:
          replace: true
          table:
              input format: org.apache.hadoop.mapred.TextInputFormat
              output format: org.apache.hadoop.hive.ql.io.HiveIgnoreKeyTextOutputFormat
              serde: org.apache.hadoop.hive.serde2.lazy.LazySimpleSerDe
              name: default.src_multi2_n5

  Stage: Stage-5
    Stats Work
      Basic Stats Work:
      Column Stats Desc:
          Columns: key, value
          Column Types: string, string
          Table: default.src_multi2_n5

PREHOOK: query: from src
insert overwrite table src_multi1_n4 select * where key < 10
insert overwrite table src_multi2_n5 select * where key > 10 and key < 20
PREHOOK: type: QUERY
PREHOOK: Input: default@src
PREHOOK: Output: default@src_multi1_n4
PREHOOK: Output: default@src_multi2_n5
POSTHOOK: query: from src
insert overwrite table src_multi1_n4 select * where key < 10
insert overwrite table src_multi2_n5 select * where key > 10 and key < 20
POSTHOOK: type: QUERY
POSTHOOK: Input: default@src
POSTHOOK: Output: default@src_multi1_n4
POSTHOOK: Output: default@src_multi2_n5
POSTHOOK: Lineage: src_multi1_n4.key SIMPLE [(src)src.FieldSchema(name:key, type:string, comment:default), ]
POSTHOOK: Lineage: src_multi1_n4.value SIMPLE [(src)src.FieldSchema(name:value, type:string, comment:default), ]
POSTHOOK: Lineage: src_multi2_n5.key SIMPLE [(src)src.FieldSchema(name:key, type:string, comment:default), ]
POSTHOOK: Lineage: src_multi2_n5.value SIMPLE [(src)src.FieldSchema(name:value, type:string, comment:default), ]
PREHOOK: query: select * from src_multi1_n4
PREHOOK: type: QUERY
PREHOOK: Input: default@src_multi1_n4
#### A masked pattern was here ####
POSTHOOK: query: select * from src_multi1_n4
POSTHOOK: type: QUERY
POSTHOOK: Input: default@src_multi1_n4
#### A masked pattern was here ####
0	val_0
0	val_0
0	val_0
2	val_2
4	val_4
5	val_5
5	val_5
5	val_5
8	val_8
9	val_9
PREHOOK: query: select * from src_multi2_n5
PREHOOK: type: QUERY
PREHOOK: Input: default@src_multi2_n5
#### A masked pattern was here ####
POSTHOOK: query: select * from src_multi2_n5
POSTHOOK: type: QUERY
POSTHOOK: Input: default@src_multi2_n5
#### A masked pattern was here ####
11	val_11
12	val_12
12	val_12
15	val_15
15	val_15
17	val_17
18	val_18
18	val_18
19	val_19
PREHOOK: query: explain
from src
insert overwrite table src_multi1_n4 select * where key < 10
insert overwrite table src_multi2_n5 select * where key > 10 and key < 20
PREHOOK: type: QUERY
PREHOOK: Input: default@src
PREHOOK: Output: default@src_multi1_n4
PREHOOK: Output: default@src_multi2_n5
POSTHOOK: query: explain
from src
insert overwrite table src_multi1_n4 select * where key < 10
insert overwrite table src_multi2_n5 select * where key > 10 and key < 20
POSTHOOK: type: QUERY
POSTHOOK: Input: default@src
POSTHOOK: Output: default@src_multi1_n4
POSTHOOK: Output: default@src_multi2_n5
STAGE DEPENDENCIES:
  Stage-2 is a root stage
  Stage-3 depends on stages: Stage-2
  Stage-0 depends on stages: Stage-3
  Stage-4 depends on stages: Stage-0
  Stage-1 depends on stages: Stage-3
  Stage-5 depends on stages: Stage-1

STAGE PLANS:
  Stage: Stage-2
    Tez
#### A masked pattern was here ####
      Edges:
        Reducer 2 <- Map 1 (CUSTOM_SIMPLE_EDGE)
        Reducer 3 <- Map 1 (CUSTOM_SIMPLE_EDGE)
#### A masked pattern was here ####
      Vertices:
        Map 1 
            Map Operator Tree:
                TableScan
                  alias: src
                  Statistics: Num rows: 500 Data size: 89000 Basic stats: COMPLETE Column stats: COMPLETE
                  Filter Operator
                    predicate: (key < 10) (type: boolean)
                    Statistics: Num rows: 166 Data size: 29548 Basic stats: COMPLETE Column stats: COMPLETE
                    Select Operator
                      expressions: key (type: string), value (type: string)
                      outputColumnNames: _col0, _col1
                      Statistics: Num rows: 166 Data size: 29548 Basic stats: COMPLETE Column stats: COMPLETE
                      File Output Operator
                        compressed: false
                        Statistics: Num rows: 166 Data size: 29548 Basic stats: COMPLETE Column stats: COMPLETE
                        table:
                            input format: org.apache.hadoop.mapred.TextInputFormat
                            output format: org.apache.hadoop.hive.ql.io.HiveIgnoreKeyTextOutputFormat
                            serde: org.apache.hadoop.hive.serde2.lazy.LazySimpleSerDe
                            name: default.src_multi1_n4
                      Select Operator
                        expressions: _col0 (type: string), _col1 (type: string)
                        outputColumnNames: key, value
                        Statistics: Num rows: 166 Data size: 29548 Basic stats: COMPLETE Column stats: COMPLETE
                        Group By Operator
                          aggregations: max(length(key)), avg(COALESCE(length(key),0)), count(1), count(key), compute_bit_vector_hll(key), max(length(value)), avg(COALESCE(length(value),0)), count(value), compute_bit_vector_hll(value)
                          minReductionHashAggr: 0.99
                          mode: hash
                          outputColumnNames: _col0, _col1, _col2, _col3, _col4, _col5, _col6, _col7, _col8
                          Statistics: Num rows: 1 Data size: 472 Basic stats: COMPLETE Column stats: COMPLETE
                          Reduce Output Operator
                            null sort order: 
                            sort order: 
                            Statistics: Num rows: 1 Data size: 472 Basic stats: COMPLETE Column stats: COMPLETE
                            value expressions: _col0 (type: int), _col1 (type: struct<count:bigint,sum:double,input:int>), _col2 (type: bigint), _col3 (type: bigint), _col4 (type: binary), _col5 (type: int), _col6 (type: struct<count:bigint,sum:double,input:int>), _col7 (type: bigint), _col8 (type: binary)
                  Filter Operator
                    predicate: ((key > 10) and (key < 20)) (type: boolean)
                    Statistics: Num rows: 55 Data size: 9790 Basic stats: COMPLETE Column stats: COMPLETE
                    Select Operator
                      expressions: key (type: string), value (type: string)
                      outputColumnNames: _col0, _col1
                      Statistics: Num rows: 55 Data size: 9790 Basic stats: COMPLETE Column stats: COMPLETE
                      File Output Operator
                        compressed: false
                        Statistics: Num rows: 55 Data size: 9790 Basic stats: COMPLETE Column stats: COMPLETE
                        table:
                            input format: org.apache.hadoop.mapred.TextInputFormat
                            output format: org.apache.hadoop.hive.ql.io.HiveIgnoreKeyTextOutputFormat
                            serde: org.apache.hadoop.hive.serde2.lazy.LazySimpleSerDe
                            name: default.src_multi2_n5
                      Select Operator
                        expressions: _col0 (type: string), _col1 (type: string)
                        outputColumnNames: key, value
                        Statistics: Num rows: 55 Data size: 9790 Basic stats: COMPLETE Column stats: COMPLETE
                        Group By Operator
                          aggregations: max(length(key)), avg(COALESCE(length(key),0)), count(1), count(key), compute_bit_vector_hll(key), max(length(value)), avg(COALESCE(length(value),0)), count(value), compute_bit_vector_hll(value)
                          minReductionHashAggr: 0.9818182
                          mode: hash
                          outputColumnNames: _col0, _col1, _col2, _col3, _col4, _col5, _col6, _col7, _col8
                          Statistics: Num rows: 1 Data size: 472 Basic stats: COMPLETE Column stats: COMPLETE
                          Reduce Output Operator
                            null sort order: 
                            sort order: 
                            Statistics: Num rows: 1 Data size: 472 Basic stats: COMPLETE Column stats: COMPLETE
                            value expressions: _col0 (type: int), _col1 (type: struct<count:bigint,sum:double,input:int>), _col2 (type: bigint), _col3 (type: bigint), _col4 (type: binary), _col5 (type: int), _col6 (type: struct<count:bigint,sum:double,input:int>), _col7 (type: bigint), _col8 (type: binary)
            Execution mode: vectorized, llap
            LLAP IO: all inputs
        Reducer 2 
            Execution mode: vectorized, llap
            Reduce Operator Tree:
              Group By Operator
                aggregations: max(VALUE._col0), avg(VALUE._col1), count(VALUE._col2), count(VALUE._col3), compute_bit_vector_hll(VALUE._col4), max(VALUE._col5), avg(VALUE._col6), count(VALUE._col7), compute_bit_vector_hll(VALUE._col8)
                mode: mergepartial
                outputColumnNames: _col0, _col1, _col2, _col3, _col4, _col5, _col6, _col7, _col8
                Statistics: Num rows: 1 Data size: 336 Basic stats: COMPLETE Column stats: COMPLETE
                Select Operator
                  expressions: 'STRING' (type: string), UDFToLong(COALESCE(_col0,0)) (type: bigint), COALESCE(_col1,0) (type: double), (_col2 - _col3) (type: bigint), COALESCE(ndv_compute_bit_vector(_col4),0) (type: bigint), _col4 (type: binary), 'STRING' (type: string), UDFToLong(COALESCE(_col5,0)) (type: bigint), COALESCE(_col6,0) (type: double), (_col2 - _col7) (type: bigint), COALESCE(ndv_compute_bit_vector(_col8),0) (type: bigint), _col8 (type: binary)
                  outputColumnNames: _col0, _col1, _col2, _col3, _col4, _col5, _col6, _col7, _col8, _col9, _col10, _col11
                  Statistics: Num rows: 1 Data size: 532 Basic stats: COMPLETE Column stats: COMPLETE
                  File Output Operator
                    compressed: false
                    Statistics: Num rows: 1 Data size: 532 Basic stats: COMPLETE Column stats: COMPLETE
                    table:
                        input format: org.apache.hadoop.mapred.SequenceFileInputFormat
                        output format: org.apache.hadoop.hive.ql.io.HiveSequenceFileOutputFormat
                        serde: org.apache.hadoop.hive.serde2.lazy.LazySimpleSerDe
        Reducer 3 
            Execution mode: vectorized, llap
            Reduce Operator Tree:
              Group By Operator
                aggregations: max(VALUE._col0), avg(VALUE._col1), count(VALUE._col2), count(VALUE._col3), compute_bit_vector_hll(VALUE._col4), max(VALUE._col5), avg(VALUE._col6), count(VALUE._col7), compute_bit_vector_hll(VALUE._col8)
                mode: mergepartial
                outputColumnNames: _col0, _col1, _col2, _col3, _col4, _col5, _col6, _col7, _col8
                Statistics: Num rows: 1 Data size: 336 Basic stats: COMPLETE Column stats: COMPLETE
                Select Operator
                  expressions: 'STRING' (type: string), UDFToLong(COALESCE(_col0,0)) (type: bigint), COALESCE(_col1,0) (type: double), (_col2 - _col3) (type: bigint), COALESCE(ndv_compute_bit_vector(_col4),0) (type: bigint), _col4 (type: binary), 'STRING' (type: string), UDFToLong(COALESCE(_col5,0)) (type: bigint), COALESCE(_col6,0) (type: double), (_col2 - _col7) (type: bigint), COALESCE(ndv_compute_bit_vector(_col8),0) (type: bigint), _col8 (type: binary)
                  outputColumnNames: _col0, _col1, _col2, _col3, _col4, _col5, _col6, _col7, _col8, _col9, _col10, _col11
                  Statistics: Num rows: 1 Data size: 532 Basic stats: COMPLETE Column stats: COMPLETE
                  File Output Operator
                    compressed: false
                    Statistics: Num rows: 1 Data size: 532 Basic stats: COMPLETE Column stats: COMPLETE
                    table:
                        input format: org.apache.hadoop.mapred.SequenceFileInputFormat
                        output format: org.apache.hadoop.hive.ql.io.HiveSequenceFileOutputFormat
                        serde: org.apache.hadoop.hive.serde2.lazy.LazySimpleSerDe

  Stage: Stage-3
    Dependency Collection

  Stage: Stage-0
    Move Operator
      tables:
          replace: true
          table:
              input format: org.apache.hadoop.mapred.TextInputFormat
              output format: org.apache.hadoop.hive.ql.io.HiveIgnoreKeyTextOutputFormat
              serde: org.apache.hadoop.hive.serde2.lazy.LazySimpleSerDe
              name: default.src_multi1_n4

  Stage: Stage-4
    Stats Work
      Basic Stats Work:
      Column Stats Desc:
          Columns: key, value
          Column Types: string, string
          Table: default.src_multi1_n4

  Stage: Stage-1
    Move Operator
      tables:
          replace: true
          table:
              input format: org.apache.hadoop.mapred.TextInputFormat
              output format: org.apache.hadoop.hive.ql.io.HiveIgnoreKeyTextOutputFormat
              serde: org.apache.hadoop.hive.serde2.lazy.LazySimpleSerDe
              name: default.src_multi2_n5

  Stage: Stage-5
    Stats Work
      Basic Stats Work:
      Column Stats Desc:
          Columns: key, value
          Column Types: string, string
          Table: default.src_multi2_n5

PREHOOK: query: from src
insert overwrite table src_multi1_n4 select * where key < 10
insert overwrite table src_multi2_n5 select * where key > 10 and key < 20
PREHOOK: type: QUERY
PREHOOK: Input: default@src
PREHOOK: Output: default@src_multi1_n4
PREHOOK: Output: default@src_multi2_n5
POSTHOOK: query: from src
insert overwrite table src_multi1_n4 select * where key < 10
insert overwrite table src_multi2_n5 select * where key > 10 and key < 20
POSTHOOK: type: QUERY
POSTHOOK: Input: default@src
POSTHOOK: Output: default@src_multi1_n4
POSTHOOK: Output: default@src_multi2_n5
POSTHOOK: Lineage: src_multi1_n4.key SIMPLE [(src)src.FieldSchema(name:key, type:string, comment:default), ]
POSTHOOK: Lineage: src_multi1_n4.value SIMPLE [(src)src.FieldSchema(name:value, type:string, comment:default), ]
POSTHOOK: Lineage: src_multi2_n5.key SIMPLE [(src)src.FieldSchema(name:key, type:string, comment:default), ]
POSTHOOK: Lineage: src_multi2_n5.value SIMPLE [(src)src.FieldSchema(name:value, type:string, comment:default), ]
PREHOOK: query: select * from src_multi1_n4
PREHOOK: type: QUERY
PREHOOK: Input: default@src_multi1_n4
#### A masked pattern was here ####
POSTHOOK: query: select * from src_multi1_n4
POSTHOOK: type: QUERY
POSTHOOK: Input: default@src_multi1_n4
#### A masked pattern was here ####
0	val_0
0	val_0
0	val_0
2	val_2
4	val_4
5	val_5
5	val_5
5	val_5
8	val_8
9	val_9
PREHOOK: query: select * from src_multi2_n5
PREHOOK: type: QUERY
PREHOOK: Input: default@src_multi2_n5
#### A masked pattern was here ####
POSTHOOK: query: select * from src_multi2_n5
POSTHOOK: type: QUERY
POSTHOOK: Input: default@src_multi2_n5
#### A masked pattern was here ####
11	val_11
12	val_12
12	val_12
15	val_15
15	val_15
17	val_17
18	val_18
18	val_18
19	val_19
PREHOOK: query: explain
from src
insert overwrite table src_multi1_n4 select * where key < 10
insert overwrite table src_multi2_n5 select * where key > 10 and key < 20
PREHOOK: type: QUERY
PREHOOK: Input: default@src
PREHOOK: Output: default@src_multi1_n4
PREHOOK: Output: default@src_multi2_n5
POSTHOOK: query: explain
from src
insert overwrite table src_multi1_n4 select * where key < 10
insert overwrite table src_multi2_n5 select * where key > 10 and key < 20
POSTHOOK: type: QUERY
POSTHOOK: Input: default@src
POSTHOOK: Output: default@src_multi1_n4
POSTHOOK: Output: default@src_multi2_n5
STAGE DEPENDENCIES:
  Stage-2 is a root stage
  Stage-3 depends on stages: Stage-2
  Stage-0 depends on stages: Stage-3
  Stage-4 depends on stages: Stage-0
  Stage-1 depends on stages: Stage-3
  Stage-5 depends on stages: Stage-1

STAGE PLANS:
  Stage: Stage-2
    Tez
#### A masked pattern was here ####
      Edges:
        Reducer 2 <- Map 1 (CUSTOM_SIMPLE_EDGE)
        Reducer 3 <- Map 1 (CUSTOM_SIMPLE_EDGE)
#### A masked pattern was here ####
      Vertices:
        Map 1 
            Map Operator Tree:
                TableScan
                  alias: src
                  Statistics: Num rows: 500 Data size: 89000 Basic stats: COMPLETE Column stats: COMPLETE
                  Filter Operator
                    predicate: (key < 10) (type: boolean)
                    Statistics: Num rows: 166 Data size: 29548 Basic stats: COMPLETE Column stats: COMPLETE
                    Select Operator
                      expressions: key (type: string), value (type: string)
                      outputColumnNames: _col0, _col1
                      Statistics: Num rows: 166 Data size: 29548 Basic stats: COMPLETE Column stats: COMPLETE
                      File Output Operator
                        compressed: false
                        Statistics: Num rows: 166 Data size: 29548 Basic stats: COMPLETE Column stats: COMPLETE
                        table:
                            input format: org.apache.hadoop.mapred.TextInputFormat
                            output format: org.apache.hadoop.hive.ql.io.HiveIgnoreKeyTextOutputFormat
                            serde: org.apache.hadoop.hive.serde2.lazy.LazySimpleSerDe
                            name: default.src_multi1_n4
                      Select Operator
                        expressions: _col0 (type: string), _col1 (type: string)
                        outputColumnNames: key, value
                        Statistics: Num rows: 166 Data size: 29548 Basic stats: COMPLETE Column stats: COMPLETE
                        Group By Operator
                          aggregations: max(length(key)), avg(COALESCE(length(key),0)), count(1), count(key), compute_bit_vector_hll(key), max(length(value)), avg(COALESCE(length(value),0)), count(value), compute_bit_vector_hll(value)
                          minReductionHashAggr: 0.99
                          mode: hash
                          outputColumnNames: _col0, _col1, _col2, _col3, _col4, _col5, _col6, _col7, _col8
                          Statistics: Num rows: 1 Data size: 472 Basic stats: COMPLETE Column stats: COMPLETE
                          Reduce Output Operator
                            null sort order: 
                            sort order: 
                            Statistics: Num rows: 1 Data size: 472 Basic stats: COMPLETE Column stats: COMPLETE
                            value expressions: _col0 (type: int), _col1 (type: struct<count:bigint,sum:double,input:int>), _col2 (type: bigint), _col3 (type: bigint), _col4 (type: binary), _col5 (type: int), _col6 (type: struct<count:bigint,sum:double,input:int>), _col7 (type: bigint), _col8 (type: binary)
                  Filter Operator
                    predicate: ((key > 10) and (key < 20)) (type: boolean)
                    Statistics: Num rows: 55 Data size: 9790 Basic stats: COMPLETE Column stats: COMPLETE
                    Select Operator
                      expressions: key (type: string), value (type: string)
                      outputColumnNames: _col0, _col1
                      Statistics: Num rows: 55 Data size: 9790 Basic stats: COMPLETE Column stats: COMPLETE
                      File Output Operator
                        compressed: false
                        Statistics: Num rows: 55 Data size: 9790 Basic stats: COMPLETE Column stats: COMPLETE
                        table:
                            input format: org.apache.hadoop.mapred.TextInputFormat
                            output format: org.apache.hadoop.hive.ql.io.HiveIgnoreKeyTextOutputFormat
                            serde: org.apache.hadoop.hive.serde2.lazy.LazySimpleSerDe
                            name: default.src_multi2_n5
                      Select Operator
                        expressions: _col0 (type: string), _col1 (type: string)
                        outputColumnNames: key, value
                        Statistics: Num rows: 55 Data size: 9790 Basic stats: COMPLETE Column stats: COMPLETE
                        Group By Operator
                          aggregations: max(length(key)), avg(COALESCE(length(key),0)), count(1), count(key), compute_bit_vector_hll(key), max(length(value)), avg(COALESCE(length(value),0)), count(value), compute_bit_vector_hll(value)
                          minReductionHashAggr: 0.9818182
                          mode: hash
                          outputColumnNames: _col0, _col1, _col2, _col3, _col4, _col5, _col6, _col7, _col8
                          Statistics: Num rows: 1 Data size: 472 Basic stats: COMPLETE Column stats: COMPLETE
                          Reduce Output Operator
                            null sort order: 
                            sort order: 
                            Statistics: Num rows: 1 Data size: 472 Basic stats: COMPLETE Column stats: COMPLETE
                            value expressions: _col0 (type: int), _col1 (type: struct<count:bigint,sum:double,input:int>), _col2 (type: bigint), _col3 (type: bigint), _col4 (type: binary), _col5 (type: int), _col6 (type: struct<count:bigint,sum:double,input:int>), _col7 (type: bigint), _col8 (type: binary)
            Execution mode: vectorized, llap
            LLAP IO: all inputs
        Reducer 2 
            Execution mode: vectorized, llap
            Reduce Operator Tree:
              Group By Operator
                aggregations: max(VALUE._col0), avg(VALUE._col1), count(VALUE._col2), count(VALUE._col3), compute_bit_vector_hll(VALUE._col4), max(VALUE._col5), avg(VALUE._col6), count(VALUE._col7), compute_bit_vector_hll(VALUE._col8)
                mode: mergepartial
                outputColumnNames: _col0, _col1, _col2, _col3, _col4, _col5, _col6, _col7, _col8
                Statistics: Num rows: 1 Data size: 336 Basic stats: COMPLETE Column stats: COMPLETE
                Select Operator
                  expressions: 'STRING' (type: string), UDFToLong(COALESCE(_col0,0)) (type: bigint), COALESCE(_col1,0) (type: double), (_col2 - _col3) (type: bigint), COALESCE(ndv_compute_bit_vector(_col4),0) (type: bigint), _col4 (type: binary), 'STRING' (type: string), UDFToLong(COALESCE(_col5,0)) (type: bigint), COALESCE(_col6,0) (type: double), (_col2 - _col7) (type: bigint), COALESCE(ndv_compute_bit_vector(_col8),0) (type: bigint), _col8 (type: binary)
                  outputColumnNames: _col0, _col1, _col2, _col3, _col4, _col5, _col6, _col7, _col8, _col9, _col10, _col11
                  Statistics: Num rows: 1 Data size: 532 Basic stats: COMPLETE Column stats: COMPLETE
                  File Output Operator
                    compressed: false
                    Statistics: Num rows: 1 Data size: 532 Basic stats: COMPLETE Column stats: COMPLETE
                    table:
                        input format: org.apache.hadoop.mapred.SequenceFileInputFormat
                        output format: org.apache.hadoop.hive.ql.io.HiveSequenceFileOutputFormat
                        serde: org.apache.hadoop.hive.serde2.lazy.LazySimpleSerDe
        Reducer 3 
            Execution mode: vectorized, llap
            Reduce Operator Tree:
              Group By Operator
                aggregations: max(VALUE._col0), avg(VALUE._col1), count(VALUE._col2), count(VALUE._col3), compute_bit_vector_hll(VALUE._col4), max(VALUE._col5), avg(VALUE._col6), count(VALUE._col7), compute_bit_vector_hll(VALUE._col8)
                mode: mergepartial
                outputColumnNames: _col0, _col1, _col2, _col3, _col4, _col5, _col6, _col7, _col8
                Statistics: Num rows: 1 Data size: 336 Basic stats: COMPLETE Column stats: COMPLETE
                Select Operator
                  expressions: 'STRING' (type: string), UDFToLong(COALESCE(_col0,0)) (type: bigint), COALESCE(_col1,0) (type: double), (_col2 - _col3) (type: bigint), COALESCE(ndv_compute_bit_vector(_col4),0) (type: bigint), _col4 (type: binary), 'STRING' (type: string), UDFToLong(COALESCE(_col5,0)) (type: bigint), COALESCE(_col6,0) (type: double), (_col2 - _col7) (type: bigint), COALESCE(ndv_compute_bit_vector(_col8),0) (type: bigint), _col8 (type: binary)
                  outputColumnNames: _col0, _col1, _col2, _col3, _col4, _col5, _col6, _col7, _col8, _col9, _col10, _col11
                  Statistics: Num rows: 1 Data size: 532 Basic stats: COMPLETE Column stats: COMPLETE
                  File Output Operator
                    compressed: false
                    Statistics: Num rows: 1 Data size: 532 Basic stats: COMPLETE Column stats: COMPLETE
                    table:
                        input format: org.apache.hadoop.mapred.SequenceFileInputFormat
                        output format: org.apache.hadoop.hive.ql.io.HiveSequenceFileOutputFormat
                        serde: org.apache.hadoop.hive.serde2.lazy.LazySimpleSerDe

  Stage: Stage-3
    Dependency Collection

  Stage: Stage-0
    Move Operator
      tables:
          replace: true
          table:
              input format: org.apache.hadoop.mapred.TextInputFormat
              output format: org.apache.hadoop.hive.ql.io.HiveIgnoreKeyTextOutputFormat
              serde: org.apache.hadoop.hive.serde2.lazy.LazySimpleSerDe
              name: default.src_multi1_n4

  Stage: Stage-4
    Stats Work
      Basic Stats Work:
      Column Stats Desc:
          Columns: key, value
          Column Types: string, string
          Table: default.src_multi1_n4

  Stage: Stage-1
    Move Operator
      tables:
          replace: true
          table:
              input format: org.apache.hadoop.mapred.TextInputFormat
              output format: org.apache.hadoop.hive.ql.io.HiveIgnoreKeyTextOutputFormat
              serde: org.apache.hadoop.hive.serde2.lazy.LazySimpleSerDe
              name: default.src_multi2_n5

  Stage: Stage-5
    Stats Work
      Basic Stats Work:
      Column Stats Desc:
          Columns: key, value
          Column Types: string, string
          Table: default.src_multi2_n5

PREHOOK: query: from src
insert overwrite table src_multi1_n4 select * where key < 10
insert overwrite table src_multi2_n5 select * where key > 10 and key < 20
PREHOOK: type: QUERY
PREHOOK: Input: default@src
PREHOOK: Output: default@src_multi1_n4
PREHOOK: Output: default@src_multi2_n5
POSTHOOK: query: from src
insert overwrite table src_multi1_n4 select * where key < 10
insert overwrite table src_multi2_n5 select * where key > 10 and key < 20
POSTHOOK: type: QUERY
POSTHOOK: Input: default@src
POSTHOOK: Output: default@src_multi1_n4
POSTHOOK: Output: default@src_multi2_n5
POSTHOOK: Lineage: src_multi1_n4.key SIMPLE [(src)src.FieldSchema(name:key, type:string, comment:default), ]
POSTHOOK: Lineage: src_multi1_n4.value SIMPLE [(src)src.FieldSchema(name:value, type:string, comment:default), ]
POSTHOOK: Lineage: src_multi2_n5.key SIMPLE [(src)src.FieldSchema(name:key, type:string, comment:default), ]
POSTHOOK: Lineage: src_multi2_n5.value SIMPLE [(src)src.FieldSchema(name:value, type:string, comment:default), ]
PREHOOK: query: select * from src_multi1_n4
PREHOOK: type: QUERY
PREHOOK: Input: default@src_multi1_n4
#### A masked pattern was here ####
POSTHOOK: query: select * from src_multi1_n4
POSTHOOK: type: QUERY
POSTHOOK: Input: default@src_multi1_n4
#### A masked pattern was here ####
0	val_0
0	val_0
0	val_0
2	val_2
4	val_4
5	val_5
5	val_5
5	val_5
8	val_8
9	val_9
PREHOOK: query: select * from src_multi2_n5
PREHOOK: type: QUERY
PREHOOK: Input: default@src_multi2_n5
#### A masked pattern was here ####
POSTHOOK: query: select * from src_multi2_n5
POSTHOOK: type: QUERY
POSTHOOK: Input: default@src_multi2_n5
#### A masked pattern was here ####
11	val_11
12	val_12
12	val_12
15	val_15
15	val_15
17	val_17
18	val_18
18	val_18
19	val_19
PREHOOK: query: explain
from src
insert overwrite table src_multi1_n4 select * where key < 10
insert overwrite table src_multi2_n5 select * where key > 10 and key < 20
PREHOOK: type: QUERY
PREHOOK: Input: default@src
PREHOOK: Output: default@src_multi1_n4
PREHOOK: Output: default@src_multi2_n5
POSTHOOK: query: explain
from src
insert overwrite table src_multi1_n4 select * where key < 10
insert overwrite table src_multi2_n5 select * where key > 10 and key < 20
POSTHOOK: type: QUERY
POSTHOOK: Input: default@src
POSTHOOK: Output: default@src_multi1_n4
POSTHOOK: Output: default@src_multi2_n5
STAGE DEPENDENCIES:
  Stage-2 is a root stage
  Stage-3 depends on stages: Stage-2
  Stage-0 depends on stages: Stage-3
  Stage-4 depends on stages: Stage-0
  Stage-1 depends on stages: Stage-3
  Stage-5 depends on stages: Stage-1

STAGE PLANS:
  Stage: Stage-2
    Tez
#### A masked pattern was here ####
      Edges:
        Reducer 2 <- Map 1 (CUSTOM_SIMPLE_EDGE)
        Reducer 3 <- Map 1 (CUSTOM_SIMPLE_EDGE)
#### A masked pattern was here ####
      Vertices:
        Map 1 
            Map Operator Tree:
                TableScan
                  alias: src
                  Statistics: Num rows: 500 Data size: 89000 Basic stats: COMPLETE Column stats: COMPLETE
                  Filter Operator
                    predicate: (key < 10) (type: boolean)
                    Statistics: Num rows: 166 Data size: 29548 Basic stats: COMPLETE Column stats: COMPLETE
                    Select Operator
                      expressions: key (type: string), value (type: string)
                      outputColumnNames: _col0, _col1
                      Statistics: Num rows: 166 Data size: 29548 Basic stats: COMPLETE Column stats: COMPLETE
                      File Output Operator
                        compressed: false
                        Statistics: Num rows: 166 Data size: 29548 Basic stats: COMPLETE Column stats: COMPLETE
                        table:
                            input format: org.apache.hadoop.mapred.TextInputFormat
                            output format: org.apache.hadoop.hive.ql.io.HiveIgnoreKeyTextOutputFormat
                            serde: org.apache.hadoop.hive.serde2.lazy.LazySimpleSerDe
                            name: default.src_multi1_n4
                      Select Operator
                        expressions: _col0 (type: string), _col1 (type: string)
                        outputColumnNames: key, value
                        Statistics: Num rows: 166 Data size: 29548 Basic stats: COMPLETE Column stats: COMPLETE
                        Group By Operator
                          aggregations: max(length(key)), avg(COALESCE(length(key),0)), count(1), count(key), compute_bit_vector_hll(key), max(length(value)), avg(COALESCE(length(value),0)), count(value), compute_bit_vector_hll(value)
                          minReductionHashAggr: 0.99
                          mode: hash
                          outputColumnNames: _col0, _col1, _col2, _col3, _col4, _col5, _col6, _col7, _col8
                          Statistics: Num rows: 1 Data size: 472 Basic stats: COMPLETE Column stats: COMPLETE
                          Reduce Output Operator
                            null sort order: 
                            sort order: 
                            Statistics: Num rows: 1 Data size: 472 Basic stats: COMPLETE Column stats: COMPLETE
                            value expressions: _col0 (type: int), _col1 (type: struct<count:bigint,sum:double,input:int>), _col2 (type: bigint), _col3 (type: bigint), _col4 (type: binary), _col5 (type: int), _col6 (type: struct<count:bigint,sum:double,input:int>), _col7 (type: bigint), _col8 (type: binary)
                  Filter Operator
                    predicate: ((key > 10) and (key < 20)) (type: boolean)
                    Statistics: Num rows: 55 Data size: 9790 Basic stats: COMPLETE Column stats: COMPLETE
                    Select Operator
                      expressions: key (type: string), value (type: string)
                      outputColumnNames: _col0, _col1
                      Statistics: Num rows: 55 Data size: 9790 Basic stats: COMPLETE Column stats: COMPLETE
                      File Output Operator
                        compressed: false
                        Statistics: Num rows: 55 Data size: 9790 Basic stats: COMPLETE Column stats: COMPLETE
                        table:
                            input format: org.apache.hadoop.mapred.TextInputFormat
                            output format: org.apache.hadoop.hive.ql.io.HiveIgnoreKeyTextOutputFormat
                            serde: org.apache.hadoop.hive.serde2.lazy.LazySimpleSerDe
                            name: default.src_multi2_n5
                      Select Operator
                        expressions: _col0 (type: string), _col1 (type: string)
                        outputColumnNames: key, value
                        Statistics: Num rows: 55 Data size: 9790 Basic stats: COMPLETE Column stats: COMPLETE
                        Group By Operator
                          aggregations: max(length(key)), avg(COALESCE(length(key),0)), count(1), count(key), compute_bit_vector_hll(key), max(length(value)), avg(COALESCE(length(value),0)), count(value), compute_bit_vector_hll(value)
                          minReductionHashAggr: 0.9818182
                          mode: hash
                          outputColumnNames: _col0, _col1, _col2, _col3, _col4, _col5, _col6, _col7, _col8
                          Statistics: Num rows: 1 Data size: 472 Basic stats: COMPLETE Column stats: COMPLETE
                          Reduce Output Operator
                            null sort order: 
                            sort order: 
                            Statistics: Num rows: 1 Data size: 472 Basic stats: COMPLETE Column stats: COMPLETE
                            value expressions: _col0 (type: int), _col1 (type: struct<count:bigint,sum:double,input:int>), _col2 (type: bigint), _col3 (type: bigint), _col4 (type: binary), _col5 (type: int), _col6 (type: struct<count:bigint,sum:double,input:int>), _col7 (type: bigint), _col8 (type: binary)
            Execution mode: vectorized, llap
            LLAP IO: all inputs
        Reducer 2 
            Execution mode: vectorized, llap
            Reduce Operator Tree:
              Group By Operator
                aggregations: max(VALUE._col0), avg(VALUE._col1), count(VALUE._col2), count(VALUE._col3), compute_bit_vector_hll(VALUE._col4), max(VALUE._col5), avg(VALUE._col6), count(VALUE._col7), compute_bit_vector_hll(VALUE._col8)
                mode: mergepartial
                outputColumnNames: _col0, _col1, _col2, _col3, _col4, _col5, _col6, _col7, _col8
                Statistics: Num rows: 1 Data size: 336 Basic stats: COMPLETE Column stats: COMPLETE
                Select Operator
                  expressions: 'STRING' (type: string), UDFToLong(COALESCE(_col0,0)) (type: bigint), COALESCE(_col1,0) (type: double), (_col2 - _col3) (type: bigint), COALESCE(ndv_compute_bit_vector(_col4),0) (type: bigint), _col4 (type: binary), 'STRING' (type: string), UDFToLong(COALESCE(_col5,0)) (type: bigint), COALESCE(_col6,0) (type: double), (_col2 - _col7) (type: bigint), COALESCE(ndv_compute_bit_vector(_col8),0) (type: bigint), _col8 (type: binary)
                  outputColumnNames: _col0, _col1, _col2, _col3, _col4, _col5, _col6, _col7, _col8, _col9, _col10, _col11
                  Statistics: Num rows: 1 Data size: 532 Basic stats: COMPLETE Column stats: COMPLETE
                  File Output Operator
                    compressed: false
                    Statistics: Num rows: 1 Data size: 532 Basic stats: COMPLETE Column stats: COMPLETE
                    table:
                        input format: org.apache.hadoop.mapred.SequenceFileInputFormat
                        output format: org.apache.hadoop.hive.ql.io.HiveSequenceFileOutputFormat
                        serde: org.apache.hadoop.hive.serde2.lazy.LazySimpleSerDe
        Reducer 3 
            Execution mode: vectorized, llap
            Reduce Operator Tree:
              Group By Operator
                aggregations: max(VALUE._col0), avg(VALUE._col1), count(VALUE._col2), count(VALUE._col3), compute_bit_vector_hll(VALUE._col4), max(VALUE._col5), avg(VALUE._col6), count(VALUE._col7), compute_bit_vector_hll(VALUE._col8)
                mode: mergepartial
                outputColumnNames: _col0, _col1, _col2, _col3, _col4, _col5, _col6, _col7, _col8
                Statistics: Num rows: 1 Data size: 336 Basic stats: COMPLETE Column stats: COMPLETE
                Select Operator
                  expressions: 'STRING' (type: string), UDFToLong(COALESCE(_col0,0)) (type: bigint), COALESCE(_col1,0) (type: double), (_col2 - _col3) (type: bigint), COALESCE(ndv_compute_bit_vector(_col4),0) (type: bigint), _col4 (type: binary), 'STRING' (type: string), UDFToLong(COALESCE(_col5,0)) (type: bigint), COALESCE(_col6,0) (type: double), (_col2 - _col7) (type: bigint), COALESCE(ndv_compute_bit_vector(_col8),0) (type: bigint), _col8 (type: binary)
                  outputColumnNames: _col0, _col1, _col2, _col3, _col4, _col5, _col6, _col7, _col8, _col9, _col10, _col11
                  Statistics: Num rows: 1 Data size: 532 Basic stats: COMPLETE Column stats: COMPLETE
                  File Output Operator
                    compressed: false
                    Statistics: Num rows: 1 Data size: 532 Basic stats: COMPLETE Column stats: COMPLETE
                    table:
                        input format: org.apache.hadoop.mapred.SequenceFileInputFormat
                        output format: org.apache.hadoop.hive.ql.io.HiveSequenceFileOutputFormat
                        serde: org.apache.hadoop.hive.serde2.lazy.LazySimpleSerDe

  Stage: Stage-3
    Dependency Collection

  Stage: Stage-0
    Move Operator
      tables:
          replace: true
          table:
              input format: org.apache.hadoop.mapred.TextInputFormat
              output format: org.apache.hadoop.hive.ql.io.HiveIgnoreKeyTextOutputFormat
              serde: org.apache.hadoop.hive.serde2.lazy.LazySimpleSerDe
              name: default.src_multi1_n4

  Stage: Stage-4
    Stats Work
      Basic Stats Work:
      Column Stats Desc:
          Columns: key, value
          Column Types: string, string
          Table: default.src_multi1_n4

  Stage: Stage-1
    Move Operator
      tables:
          replace: true
          table:
              input format: org.apache.hadoop.mapred.TextInputFormat
              output format: org.apache.hadoop.hive.ql.io.HiveIgnoreKeyTextOutputFormat
              serde: org.apache.hadoop.hive.serde2.lazy.LazySimpleSerDe
              name: default.src_multi2_n5

  Stage: Stage-5
    Stats Work
      Basic Stats Work:
      Column Stats Desc:
          Columns: key, value
          Column Types: string, string
          Table: default.src_multi2_n5

PREHOOK: query: from src
insert overwrite table src_multi1_n4 select * where key < 10
insert overwrite table src_multi2_n5 select * where key > 10 and key < 20
PREHOOK: type: QUERY
PREHOOK: Input: default@src
PREHOOK: Output: default@src_multi1_n4
PREHOOK: Output: default@src_multi2_n5
POSTHOOK: query: from src
insert overwrite table src_multi1_n4 select * where key < 10
insert overwrite table src_multi2_n5 select * where key > 10 and key < 20
POSTHOOK: type: QUERY
POSTHOOK: Input: default@src
POSTHOOK: Output: default@src_multi1_n4
POSTHOOK: Output: default@src_multi2_n5
POSTHOOK: Lineage: src_multi1_n4.key SIMPLE [(src)src.FieldSchema(name:key, type:string, comment:default), ]
POSTHOOK: Lineage: src_multi1_n4.value SIMPLE [(src)src.FieldSchema(name:value, type:string, comment:default), ]
POSTHOOK: Lineage: src_multi2_n5.key SIMPLE [(src)src.FieldSchema(name:key, type:string, comment:default), ]
POSTHOOK: Lineage: src_multi2_n5.value SIMPLE [(src)src.FieldSchema(name:value, type:string, comment:default), ]
PREHOOK: query: select * from src_multi1_n4
PREHOOK: type: QUERY
PREHOOK: Input: default@src_multi1_n4
#### A masked pattern was here ####
POSTHOOK: query: select * from src_multi1_n4
POSTHOOK: type: QUERY
POSTHOOK: Input: default@src_multi1_n4
#### A masked pattern was here ####
0	val_0
0	val_0
0	val_0
2	val_2
4	val_4
5	val_5
5	val_5
5	val_5
8	val_8
9	val_9
PREHOOK: query: select * from src_multi2_n5
PREHOOK: type: QUERY
PREHOOK: Input: default@src_multi2_n5
#### A masked pattern was here ####
POSTHOOK: query: select * from src_multi2_n5
POSTHOOK: type: QUERY
POSTHOOK: Input: default@src_multi2_n5
#### A masked pattern was here ####
11	val_11
12	val_12
12	val_12
15	val_15
15	val_15
17	val_17
18	val_18
18	val_18
19	val_19
PREHOOK: query: explain
from src
insert overwrite table src_multi1_n4 select * where key < 10 group by key, value
insert overwrite table src_multi2_n5 select * where key > 10 and key < 20 group by key, value
PREHOOK: type: QUERY
PREHOOK: Input: default@src
PREHOOK: Output: default@src_multi1_n4
PREHOOK: Output: default@src_multi2_n5
POSTHOOK: query: explain
from src
insert overwrite table src_multi1_n4 select * where key < 10 group by key, value
insert overwrite table src_multi2_n5 select * where key > 10 and key < 20 group by key, value
POSTHOOK: type: QUERY
POSTHOOK: Input: default@src
POSTHOOK: Output: default@src_multi1_n4
POSTHOOK: Output: default@src_multi2_n5
STAGE DEPENDENCIES:
  Stage-2 is a root stage
  Stage-3 depends on stages: Stage-2
  Stage-0 depends on stages: Stage-3
  Stage-4 depends on stages: Stage-0
  Stage-1 depends on stages: Stage-3
  Stage-5 depends on stages: Stage-1

STAGE PLANS:
  Stage: Stage-2
    Tez
#### A masked pattern was here ####
      Edges:
        Reducer 2 <- Map 1 (SIMPLE_EDGE)
        Reducer 3 <- Reducer 2 (CUSTOM_SIMPLE_EDGE)
        Reducer 4 <- Reducer 2 (CUSTOM_SIMPLE_EDGE)
#### A masked pattern was here ####
      Vertices:
        Map 1 
            Map Operator Tree:
                TableScan
                  alias: src
                  filterExpr: (((key > 10) and (key < 20)) or (key < 10)) (type: boolean)
                  Statistics: Num rows: 500 Data size: 89000 Basic stats: COMPLETE Column stats: COMPLETE
                  Filter Operator
                    predicate: (((key > 10) and (key < 20)) or (key < 10)) (type: boolean)
                    Statistics: Num rows: 221 Data size: 39338 Basic stats: COMPLETE Column stats: COMPLETE
                    Reduce Output Operator
                      key expressions: key (type: string), value (type: string)
                      null sort order: zz
                      sort order: ++
                      Map-reduce partition columns: key (type: string), value (type: string)
                      Statistics: Num rows: 221 Data size: 39338 Basic stats: COMPLETE Column stats: COMPLETE
            Execution mode: vectorized, llap
            LLAP IO: all inputs
        Reducer 2 
            Execution mode: llap
            Reduce Operator Tree:
              Forward
                Statistics: Num rows: 221 Data size: 39338 Basic stats: COMPLETE Column stats: COMPLETE
                Filter Operator
                  predicate: (KEY._col0 < 10) (type: boolean)
                  Statistics: Num rows: 73 Data size: 12994 Basic stats: COMPLETE Column stats: COMPLETE
                  Group By Operator
                    keys: KEY._col0 (type: string), KEY._col1 (type: string)
                    mode: complete
                    outputColumnNames: _col0, _col1
                    Statistics: Num rows: 73 Data size: 12994 Basic stats: COMPLETE Column stats: COMPLETE
                    File Output Operator
                      compressed: false
                      Statistics: Num rows: 73 Data size: 12994 Basic stats: COMPLETE Column stats: COMPLETE
                      table:
                          input format: org.apache.hadoop.mapred.TextInputFormat
                          output format: org.apache.hadoop.hive.ql.io.HiveIgnoreKeyTextOutputFormat
                          serde: org.apache.hadoop.hive.serde2.lazy.LazySimpleSerDe
                          name: default.src_multi1_n4
                    Select Operator
                      expressions: _col0 (type: string), _col1 (type: string)
                      outputColumnNames: key, value
                      Statistics: Num rows: 73 Data size: 12994 Basic stats: COMPLETE Column stats: COMPLETE
                      Group By Operator
                        aggregations: max(length(key)), avg(COALESCE(length(key),0)), count(1), count(key), compute_bit_vector_hll(key), max(length(value)), avg(COALESCE(length(value),0)), count(value), compute_bit_vector_hll(value)
                        minReductionHashAggr: 0.98630136
                        mode: hash
                        outputColumnNames: _col0, _col1, _col2, _col3, _col4, _col5, _col6, _col7, _col8
                        Statistics: Num rows: 1 Data size: 472 Basic stats: COMPLETE Column stats: COMPLETE
                        Reduce Output Operator
                          null sort order: 
                          sort order: 
                          Statistics: Num rows: 1 Data size: 472 Basic stats: COMPLETE Column stats: COMPLETE
                          value expressions: _col0 (type: int), _col1 (type: struct<count:bigint,sum:double,input:int>), _col2 (type: bigint), _col3 (type: bigint), _col4 (type: binary), _col5 (type: int), _col6 (type: struct<count:bigint,sum:double,input:int>), _col7 (type: bigint), _col8 (type: binary)
                Filter Operator
                  predicate: ((KEY._col0 > 10) and (KEY._col0 < 20)) (type: boolean)
                  Statistics: Num rows: 24 Data size: 4272 Basic stats: COMPLETE Column stats: COMPLETE
                  Group By Operator
                    keys: KEY._col0 (type: string), KEY._col1 (type: string)
                    mode: complete
                    outputColumnNames: _col0, _col1
                    Statistics: Num rows: 24 Data size: 4272 Basic stats: COMPLETE Column stats: COMPLETE
                    File Output Operator
                      compressed: false
                      Statistics: Num rows: 24 Data size: 4272 Basic stats: COMPLETE Column stats: COMPLETE
                      table:
                          input format: org.apache.hadoop.mapred.TextInputFormat
                          output format: org.apache.hadoop.hive.ql.io.HiveIgnoreKeyTextOutputFormat
                          serde: org.apache.hadoop.hive.serde2.lazy.LazySimpleSerDe
                          name: default.src_multi2_n5
                    Select Operator
                      expressions: _col0 (type: string), _col1 (type: string)
                      outputColumnNames: key, value
                      Statistics: Num rows: 24 Data size: 4272 Basic stats: COMPLETE Column stats: COMPLETE
                      Group By Operator
                        aggregations: max(length(key)), avg(COALESCE(length(key),0)), count(1), count(key), compute_bit_vector_hll(key), max(length(value)), avg(COALESCE(length(value),0)), count(value), compute_bit_vector_hll(value)
                        minReductionHashAggr: 0.9583333
                        mode: hash
                        outputColumnNames: _col0, _col1, _col2, _col3, _col4, _col5, _col6, _col7, _col8
                        Statistics: Num rows: 1 Data size: 472 Basic stats: COMPLETE Column stats: COMPLETE
                        Reduce Output Operator
                          null sort order: 
                          sort order: 
                          Statistics: Num rows: 1 Data size: 472 Basic stats: COMPLETE Column stats: COMPLETE
                          value expressions: _col0 (type: int), _col1 (type: struct<count:bigint,sum:double,input:int>), _col2 (type: bigint), _col3 (type: bigint), _col4 (type: binary), _col5 (type: int), _col6 (type: struct<count:bigint,sum:double,input:int>), _col7 (type: bigint), _col8 (type: binary)
        Reducer 3 
            Execution mode: vectorized, llap
            Reduce Operator Tree:
              Group By Operator
                aggregations: max(VALUE._col0), avg(VALUE._col1), count(VALUE._col2), count(VALUE._col3), compute_bit_vector_hll(VALUE._col4), max(VALUE._col5), avg(VALUE._col6), count(VALUE._col7), compute_bit_vector_hll(VALUE._col8)
                mode: mergepartial
                outputColumnNames: _col0, _col1, _col2, _col3, _col4, _col5, _col6, _col7, _col8
                Statistics: Num rows: 1 Data size: 336 Basic stats: COMPLETE Column stats: COMPLETE
                Select Operator
                  expressions: 'STRING' (type: string), UDFToLong(COALESCE(_col0,0)) (type: bigint), COALESCE(_col1,0) (type: double), (_col2 - _col3) (type: bigint), COALESCE(ndv_compute_bit_vector(_col4),0) (type: bigint), _col4 (type: binary), 'STRING' (type: string), UDFToLong(COALESCE(_col5,0)) (type: bigint), COALESCE(_col6,0) (type: double), (_col2 - _col7) (type: bigint), COALESCE(ndv_compute_bit_vector(_col8),0) (type: bigint), _col8 (type: binary)
                  outputColumnNames: _col0, _col1, _col2, _col3, _col4, _col5, _col6, _col7, _col8, _col9, _col10, _col11
                  Statistics: Num rows: 1 Data size: 532 Basic stats: COMPLETE Column stats: COMPLETE
                  File Output Operator
                    compressed: false
                    Statistics: Num rows: 1 Data size: 532 Basic stats: COMPLETE Column stats: COMPLETE
                    table:
                        input format: org.apache.hadoop.mapred.SequenceFileInputFormat
                        output format: org.apache.hadoop.hive.ql.io.HiveSequenceFileOutputFormat
                        serde: org.apache.hadoop.hive.serde2.lazy.LazySimpleSerDe
        Reducer 4 
            Execution mode: vectorized, llap
            Reduce Operator Tree:
              Group By Operator
                aggregations: max(VALUE._col0), avg(VALUE._col1), count(VALUE._col2), count(VALUE._col3), compute_bit_vector_hll(VALUE._col4), max(VALUE._col5), avg(VALUE._col6), count(VALUE._col7), compute_bit_vector_hll(VALUE._col8)
                mode: mergepartial
                outputColumnNames: _col0, _col1, _col2, _col3, _col4, _col5, _col6, _col7, _col8
                Statistics: Num rows: 1 Data size: 336 Basic stats: COMPLETE Column stats: COMPLETE
                Select Operator
                  expressions: 'STRING' (type: string), UDFToLong(COALESCE(_col0,0)) (type: bigint), COALESCE(_col1,0) (type: double), (_col2 - _col3) (type: bigint), COALESCE(ndv_compute_bit_vector(_col4),0) (type: bigint), _col4 (type: binary), 'STRING' (type: string), UDFToLong(COALESCE(_col5,0)) (type: bigint), COALESCE(_col6,0) (type: double), (_col2 - _col7) (type: bigint), COALESCE(ndv_compute_bit_vector(_col8),0) (type: bigint), _col8 (type: binary)
                  outputColumnNames: _col0, _col1, _col2, _col3, _col4, _col5, _col6, _col7, _col8, _col9, _col10, _col11
                  Statistics: Num rows: 1 Data size: 532 Basic stats: COMPLETE Column stats: COMPLETE
                  File Output Operator
                    compressed: false
                    Statistics: Num rows: 1 Data size: 532 Basic stats: COMPLETE Column stats: COMPLETE
                    table:
                        input format: org.apache.hadoop.mapred.SequenceFileInputFormat
                        output format: org.apache.hadoop.hive.ql.io.HiveSequenceFileOutputFormat
                        serde: org.apache.hadoop.hive.serde2.lazy.LazySimpleSerDe

  Stage: Stage-3
    Dependency Collection

  Stage: Stage-0
    Move Operator
      tables:
          replace: true
          table:
              input format: org.apache.hadoop.mapred.TextInputFormat
              output format: org.apache.hadoop.hive.ql.io.HiveIgnoreKeyTextOutputFormat
              serde: org.apache.hadoop.hive.serde2.lazy.LazySimpleSerDe
              name: default.src_multi1_n4

  Stage: Stage-4
    Stats Work
      Basic Stats Work:
      Column Stats Desc:
          Columns: key, value
          Column Types: string, string
          Table: default.src_multi1_n4

  Stage: Stage-1
    Move Operator
      tables:
          replace: true
          table:
              input format: org.apache.hadoop.mapred.TextInputFormat
              output format: org.apache.hadoop.hive.ql.io.HiveIgnoreKeyTextOutputFormat
              serde: org.apache.hadoop.hive.serde2.lazy.LazySimpleSerDe
              name: default.src_multi2_n5

  Stage: Stage-5
    Stats Work
      Basic Stats Work:
      Column Stats Desc:
          Columns: key, value
          Column Types: string, string
          Table: default.src_multi2_n5

PREHOOK: query: from src
insert overwrite table src_multi1_n4 select * where key < 10 group by key, value
insert overwrite table src_multi2_n5 select * where key > 10 and key < 20 group by key, value
PREHOOK: type: QUERY
PREHOOK: Input: default@src
PREHOOK: Output: default@src_multi1_n4
PREHOOK: Output: default@src_multi2_n5
POSTHOOK: query: from src
insert overwrite table src_multi1_n4 select * where key < 10 group by key, value
insert overwrite table src_multi2_n5 select * where key > 10 and key < 20 group by key, value
POSTHOOK: type: QUERY
POSTHOOK: Input: default@src
POSTHOOK: Output: default@src_multi1_n4
POSTHOOK: Output: default@src_multi2_n5
POSTHOOK: Lineage: src_multi1_n4.key SIMPLE [(src)src.FieldSchema(name:key, type:string, comment:default), ]
POSTHOOK: Lineage: src_multi1_n4.value SIMPLE [(src)src.FieldSchema(name:value, type:string, comment:default), ]
POSTHOOK: Lineage: src_multi2_n5.key SIMPLE [(src)src.FieldSchema(name:key, type:string, comment:default), ]
POSTHOOK: Lineage: src_multi2_n5.value SIMPLE [(src)src.FieldSchema(name:value, type:string, comment:default), ]
PREHOOK: query: select * from src_multi1_n4
PREHOOK: type: QUERY
PREHOOK: Input: default@src_multi1_n4
#### A masked pattern was here ####
POSTHOOK: query: select * from src_multi1_n4
POSTHOOK: type: QUERY
POSTHOOK: Input: default@src_multi1_n4
#### A masked pattern was here ####
0	val_0
2	val_2
4	val_4
5	val_5
8	val_8
9	val_9
PREHOOK: query: select * from src_multi2_n5
PREHOOK: type: QUERY
PREHOOK: Input: default@src_multi2_n5
#### A masked pattern was here ####
POSTHOOK: query: select * from src_multi2_n5
POSTHOOK: type: QUERY
POSTHOOK: Input: default@src_multi2_n5
#### A masked pattern was here ####
11	val_11
12	val_12
15	val_15
17	val_17
18	val_18
19	val_19
PREHOOK: query: explain
from src
insert overwrite table src_multi1_n4 select * where key < 10 group by key, value
insert overwrite table src_multi2_n5 select * where key > 10 and key < 20 group by key, value
PREHOOK: type: QUERY
PREHOOK: Input: default@src
PREHOOK: Output: default@src_multi1_n4
PREHOOK: Output: default@src_multi2_n5
POSTHOOK: query: explain
from src
insert overwrite table src_multi1_n4 select * where key < 10 group by key, value
insert overwrite table src_multi2_n5 select * where key > 10 and key < 20 group by key, value
POSTHOOK: type: QUERY
POSTHOOK: Input: default@src
POSTHOOK: Output: default@src_multi1_n4
POSTHOOK: Output: default@src_multi2_n5
STAGE DEPENDENCIES:
  Stage-2 is a root stage
  Stage-3 depends on stages: Stage-2
  Stage-0 depends on stages: Stage-3
  Stage-4 depends on stages: Stage-0
  Stage-1 depends on stages: Stage-3
  Stage-5 depends on stages: Stage-1

STAGE PLANS:
  Stage: Stage-2
    Tez
#### A masked pattern was here ####
      Edges:
        Reducer 2 <- Map 1 (SIMPLE_EDGE)
        Reducer 3 <- Reducer 2 (CUSTOM_SIMPLE_EDGE)
        Reducer 4 <- Reducer 2 (CUSTOM_SIMPLE_EDGE)
#### A masked pattern was here ####
      Vertices:
        Map 1 
            Map Operator Tree:
                TableScan
                  alias: src
                  filterExpr: (((key > 10) and (key < 20)) or (key < 10)) (type: boolean)
                  Statistics: Num rows: 500 Data size: 89000 Basic stats: COMPLETE Column stats: COMPLETE
                  Filter Operator
                    predicate: (((key > 10) and (key < 20)) or (key < 10)) (type: boolean)
                    Statistics: Num rows: 221 Data size: 39338 Basic stats: COMPLETE Column stats: COMPLETE
                    Reduce Output Operator
                      key expressions: key (type: string), value (type: string)
                      null sort order: zz
                      sort order: ++
                      Map-reduce partition columns: key (type: string), value (type: string)
                      Statistics: Num rows: 221 Data size: 39338 Basic stats: COMPLETE Column stats: COMPLETE
            Execution mode: vectorized, llap
            LLAP IO: all inputs
        Reducer 2 
            Execution mode: llap
            Reduce Operator Tree:
              Forward
                Statistics: Num rows: 221 Data size: 39338 Basic stats: COMPLETE Column stats: COMPLETE
                Filter Operator
                  predicate: (KEY._col0 < 10) (type: boolean)
                  Statistics: Num rows: 73 Data size: 12994 Basic stats: COMPLETE Column stats: COMPLETE
                  Group By Operator
                    keys: KEY._col0 (type: string), KEY._col1 (type: string)
                    mode: complete
                    outputColumnNames: _col0, _col1
                    Statistics: Num rows: 73 Data size: 12994 Basic stats: COMPLETE Column stats: COMPLETE
                    File Output Operator
                      compressed: false
                      Statistics: Num rows: 73 Data size: 12994 Basic stats: COMPLETE Column stats: COMPLETE
                      table:
                          input format: org.apache.hadoop.mapred.TextInputFormat
                          output format: org.apache.hadoop.hive.ql.io.HiveIgnoreKeyTextOutputFormat
                          serde: org.apache.hadoop.hive.serde2.lazy.LazySimpleSerDe
                          name: default.src_multi1_n4
                    Select Operator
                      expressions: _col0 (type: string), _col1 (type: string)
                      outputColumnNames: key, value
                      Statistics: Num rows: 73 Data size: 12994 Basic stats: COMPLETE Column stats: COMPLETE
                      Group By Operator
                        aggregations: max(length(key)), avg(COALESCE(length(key),0)), count(1), count(key), compute_bit_vector_hll(key), max(length(value)), avg(COALESCE(length(value),0)), count(value), compute_bit_vector_hll(value)
                        minReductionHashAggr: 0.98630136
                        mode: hash
                        outputColumnNames: _col0, _col1, _col2, _col3, _col4, _col5, _col6, _col7, _col8
                        Statistics: Num rows: 1 Data size: 472 Basic stats: COMPLETE Column stats: COMPLETE
                        Reduce Output Operator
                          null sort order: 
                          sort order: 
                          Statistics: Num rows: 1 Data size: 472 Basic stats: COMPLETE Column stats: COMPLETE
                          value expressions: _col0 (type: int), _col1 (type: struct<count:bigint,sum:double,input:int>), _col2 (type: bigint), _col3 (type: bigint), _col4 (type: binary), _col5 (type: int), _col6 (type: struct<count:bigint,sum:double,input:int>), _col7 (type: bigint), _col8 (type: binary)
                Filter Operator
                  predicate: ((KEY._col0 > 10) and (KEY._col0 < 20)) (type: boolean)
                  Statistics: Num rows: 24 Data size: 4272 Basic stats: COMPLETE Column stats: COMPLETE
                  Group By Operator
                    keys: KEY._col0 (type: string), KEY._col1 (type: string)
                    mode: complete
                    outputColumnNames: _col0, _col1
                    Statistics: Num rows: 24 Data size: 4272 Basic stats: COMPLETE Column stats: COMPLETE
                    File Output Operator
                      compressed: false
                      Statistics: Num rows: 24 Data size: 4272 Basic stats: COMPLETE Column stats: COMPLETE
                      table:
                          input format: org.apache.hadoop.mapred.TextInputFormat
                          output format: org.apache.hadoop.hive.ql.io.HiveIgnoreKeyTextOutputFormat
                          serde: org.apache.hadoop.hive.serde2.lazy.LazySimpleSerDe
                          name: default.src_multi2_n5
                    Select Operator
                      expressions: _col0 (type: string), _col1 (type: string)
                      outputColumnNames: key, value
                      Statistics: Num rows: 24 Data size: 4272 Basic stats: COMPLETE Column stats: COMPLETE
                      Group By Operator
                        aggregations: max(length(key)), avg(COALESCE(length(key),0)), count(1), count(key), compute_bit_vector_hll(key), max(length(value)), avg(COALESCE(length(value),0)), count(value), compute_bit_vector_hll(value)
                        minReductionHashAggr: 0.9583333
                        mode: hash
                        outputColumnNames: _col0, _col1, _col2, _col3, _col4, _col5, _col6, _col7, _col8
                        Statistics: Num rows: 1 Data size: 472 Basic stats: COMPLETE Column stats: COMPLETE
                        Reduce Output Operator
                          null sort order: 
                          sort order: 
                          Statistics: Num rows: 1 Data size: 472 Basic stats: COMPLETE Column stats: COMPLETE
                          value expressions: _col0 (type: int), _col1 (type: struct<count:bigint,sum:double,input:int>), _col2 (type: bigint), _col3 (type: bigint), _col4 (type: binary), _col5 (type: int), _col6 (type: struct<count:bigint,sum:double,input:int>), _col7 (type: bigint), _col8 (type: binary)
        Reducer 3 
            Execution mode: vectorized, llap
            Reduce Operator Tree:
              Group By Operator
                aggregations: max(VALUE._col0), avg(VALUE._col1), count(VALUE._col2), count(VALUE._col3), compute_bit_vector_hll(VALUE._col4), max(VALUE._col5), avg(VALUE._col6), count(VALUE._col7), compute_bit_vector_hll(VALUE._col8)
                mode: mergepartial
                outputColumnNames: _col0, _col1, _col2, _col3, _col4, _col5, _col6, _col7, _col8
                Statistics: Num rows: 1 Data size: 336 Basic stats: COMPLETE Column stats: COMPLETE
                Select Operator
                  expressions: 'STRING' (type: string), UDFToLong(COALESCE(_col0,0)) (type: bigint), COALESCE(_col1,0) (type: double), (_col2 - _col3) (type: bigint), COALESCE(ndv_compute_bit_vector(_col4),0) (type: bigint), _col4 (type: binary), 'STRING' (type: string), UDFToLong(COALESCE(_col5,0)) (type: bigint), COALESCE(_col6,0) (type: double), (_col2 - _col7) (type: bigint), COALESCE(ndv_compute_bit_vector(_col8),0) (type: bigint), _col8 (type: binary)
                  outputColumnNames: _col0, _col1, _col2, _col3, _col4, _col5, _col6, _col7, _col8, _col9, _col10, _col11
                  Statistics: Num rows: 1 Data size: 532 Basic stats: COMPLETE Column stats: COMPLETE
                  File Output Operator
                    compressed: false
                    Statistics: Num rows: 1 Data size: 532 Basic stats: COMPLETE Column stats: COMPLETE
                    table:
                        input format: org.apache.hadoop.mapred.SequenceFileInputFormat
                        output format: org.apache.hadoop.hive.ql.io.HiveSequenceFileOutputFormat
                        serde: org.apache.hadoop.hive.serde2.lazy.LazySimpleSerDe
        Reducer 4 
            Execution mode: vectorized, llap
            Reduce Operator Tree:
              Group By Operator
                aggregations: max(VALUE._col0), avg(VALUE._col1), count(VALUE._col2), count(VALUE._col3), compute_bit_vector_hll(VALUE._col4), max(VALUE._col5), avg(VALUE._col6), count(VALUE._col7), compute_bit_vector_hll(VALUE._col8)
                mode: mergepartial
                outputColumnNames: _col0, _col1, _col2, _col3, _col4, _col5, _col6, _col7, _col8
                Statistics: Num rows: 1 Data size: 336 Basic stats: COMPLETE Column stats: COMPLETE
                Select Operator
                  expressions: 'STRING' (type: string), UDFToLong(COALESCE(_col0,0)) (type: bigint), COALESCE(_col1,0) (type: double), (_col2 - _col3) (type: bigint), COALESCE(ndv_compute_bit_vector(_col4),0) (type: bigint), _col4 (type: binary), 'STRING' (type: string), UDFToLong(COALESCE(_col5,0)) (type: bigint), COALESCE(_col6,0) (type: double), (_col2 - _col7) (type: bigint), COALESCE(ndv_compute_bit_vector(_col8),0) (type: bigint), _col8 (type: binary)
                  outputColumnNames: _col0, _col1, _col2, _col3, _col4, _col5, _col6, _col7, _col8, _col9, _col10, _col11
                  Statistics: Num rows: 1 Data size: 532 Basic stats: COMPLETE Column stats: COMPLETE
                  File Output Operator
                    compressed: false
                    Statistics: Num rows: 1 Data size: 532 Basic stats: COMPLETE Column stats: COMPLETE
                    table:
                        input format: org.apache.hadoop.mapred.SequenceFileInputFormat
                        output format: org.apache.hadoop.hive.ql.io.HiveSequenceFileOutputFormat
                        serde: org.apache.hadoop.hive.serde2.lazy.LazySimpleSerDe

  Stage: Stage-3
    Dependency Collection

  Stage: Stage-0
    Move Operator
      tables:
          replace: true
          table:
              input format: org.apache.hadoop.mapred.TextInputFormat
              output format: org.apache.hadoop.hive.ql.io.HiveIgnoreKeyTextOutputFormat
              serde: org.apache.hadoop.hive.serde2.lazy.LazySimpleSerDe
              name: default.src_multi1_n4

  Stage: Stage-4
    Stats Work
      Basic Stats Work:
      Column Stats Desc:
          Columns: key, value
          Column Types: string, string
          Table: default.src_multi1_n4

  Stage: Stage-1
    Move Operator
      tables:
          replace: true
          table:
              input format: org.apache.hadoop.mapred.TextInputFormat
              output format: org.apache.hadoop.hive.ql.io.HiveIgnoreKeyTextOutputFormat
              serde: org.apache.hadoop.hive.serde2.lazy.LazySimpleSerDe
              name: default.src_multi2_n5

  Stage: Stage-5
    Stats Work
      Basic Stats Work:
      Column Stats Desc:
          Columns: key, value
          Column Types: string, string
          Table: default.src_multi2_n5

PREHOOK: query: from src
insert overwrite table src_multi1_n4 select * where key < 10 group by key, value
insert overwrite table src_multi2_n5 select * where key > 10 and key < 20 group by key, value
PREHOOK: type: QUERY
PREHOOK: Input: default@src
PREHOOK: Output: default@src_multi1_n4
PREHOOK: Output: default@src_multi2_n5
POSTHOOK: query: from src
insert overwrite table src_multi1_n4 select * where key < 10 group by key, value
insert overwrite table src_multi2_n5 select * where key > 10 and key < 20 group by key, value
POSTHOOK: type: QUERY
POSTHOOK: Input: default@src
POSTHOOK: Output: default@src_multi1_n4
POSTHOOK: Output: default@src_multi2_n5
POSTHOOK: Lineage: src_multi1_n4.key SIMPLE [(src)src.FieldSchema(name:key, type:string, comment:default), ]
POSTHOOK: Lineage: src_multi1_n4.value SIMPLE [(src)src.FieldSchema(name:value, type:string, comment:default), ]
POSTHOOK: Lineage: src_multi2_n5.key SIMPLE [(src)src.FieldSchema(name:key, type:string, comment:default), ]
POSTHOOK: Lineage: src_multi2_n5.value SIMPLE [(src)src.FieldSchema(name:value, type:string, comment:default), ]
PREHOOK: query: select * from src_multi1_n4
PREHOOK: type: QUERY
PREHOOK: Input: default@src_multi1_n4
#### A masked pattern was here ####
POSTHOOK: query: select * from src_multi1_n4
POSTHOOK: type: QUERY
POSTHOOK: Input: default@src_multi1_n4
#### A masked pattern was here ####
0	val_0
2	val_2
4	val_4
5	val_5
8	val_8
9	val_9
PREHOOK: query: select * from src_multi2_n5
PREHOOK: type: QUERY
PREHOOK: Input: default@src_multi2_n5
#### A masked pattern was here ####
POSTHOOK: query: select * from src_multi2_n5
POSTHOOK: type: QUERY
POSTHOOK: Input: default@src_multi2_n5
#### A masked pattern was here ####
11	val_11
12	val_12
15	val_15
17	val_17
18	val_18
19	val_19
PREHOOK: query: explain
from src
insert overwrite table src_multi1_n4 select * where key < 10 group by key, value
insert overwrite table src_multi2_n5 select * where key > 10 and key < 20 group by key, value
PREHOOK: type: QUERY
PREHOOK: Input: default@src
PREHOOK: Output: default@src_multi1_n4
PREHOOK: Output: default@src_multi2_n5
POSTHOOK: query: explain
from src
insert overwrite table src_multi1_n4 select * where key < 10 group by key, value
insert overwrite table src_multi2_n5 select * where key > 10 and key < 20 group by key, value
POSTHOOK: type: QUERY
POSTHOOK: Input: default@src
POSTHOOK: Output: default@src_multi1_n4
POSTHOOK: Output: default@src_multi2_n5
STAGE DEPENDENCIES:
  Stage-2 is a root stage
  Stage-3 depends on stages: Stage-2
  Stage-0 depends on stages: Stage-3
  Stage-4 depends on stages: Stage-0
  Stage-1 depends on stages: Stage-3
  Stage-5 depends on stages: Stage-1

STAGE PLANS:
  Stage: Stage-2
    Tez
#### A masked pattern was here ####
      Edges:
        Reducer 2 <- Map 1 (SIMPLE_EDGE)
        Reducer 3 <- Reducer 2 (CUSTOM_SIMPLE_EDGE)
        Reducer 4 <- Reducer 2 (CUSTOM_SIMPLE_EDGE)
#### A masked pattern was here ####
      Vertices:
        Map 1 
            Map Operator Tree:
                TableScan
                  alias: src
                  filterExpr: (((key > 10) and (key < 20)) or (key < 10)) (type: boolean)
                  Statistics: Num rows: 500 Data size: 89000 Basic stats: COMPLETE Column stats: COMPLETE
                  Filter Operator
                    predicate: (((key > 10) and (key < 20)) or (key < 10)) (type: boolean)
                    Statistics: Num rows: 221 Data size: 39338 Basic stats: COMPLETE Column stats: COMPLETE
                    Reduce Output Operator
                      key expressions: key (type: string), value (type: string)
                      null sort order: zz
                      sort order: ++
                      Map-reduce partition columns: key (type: string), value (type: string)
                      Statistics: Num rows: 221 Data size: 39338 Basic stats: COMPLETE Column stats: COMPLETE
            Execution mode: vectorized, llap
            LLAP IO: all inputs
        Reducer 2 
            Execution mode: llap
            Reduce Operator Tree:
              Forward
                Statistics: Num rows: 221 Data size: 39338 Basic stats: COMPLETE Column stats: COMPLETE
                Filter Operator
                  predicate: (KEY._col0 < 10) (type: boolean)
                  Statistics: Num rows: 73 Data size: 12994 Basic stats: COMPLETE Column stats: COMPLETE
                  Group By Operator
                    keys: KEY._col0 (type: string), KEY._col1 (type: string)
                    mode: complete
                    outputColumnNames: _col0, _col1
                    Statistics: Num rows: 73 Data size: 12994 Basic stats: COMPLETE Column stats: COMPLETE
                    File Output Operator
                      compressed: false
                      Statistics: Num rows: 73 Data size: 12994 Basic stats: COMPLETE Column stats: COMPLETE
                      table:
                          input format: org.apache.hadoop.mapred.TextInputFormat
                          output format: org.apache.hadoop.hive.ql.io.HiveIgnoreKeyTextOutputFormat
                          serde: org.apache.hadoop.hive.serde2.lazy.LazySimpleSerDe
                          name: default.src_multi1_n4
                    Select Operator
                      expressions: _col0 (type: string), _col1 (type: string)
                      outputColumnNames: key, value
                      Statistics: Num rows: 73 Data size: 12994 Basic stats: COMPLETE Column stats: COMPLETE
                      Group By Operator
                        aggregations: max(length(key)), avg(COALESCE(length(key),0)), count(1), count(key), compute_bit_vector_hll(key), max(length(value)), avg(COALESCE(length(value),0)), count(value), compute_bit_vector_hll(value)
                        minReductionHashAggr: 0.98630136
                        mode: hash
                        outputColumnNames: _col0, _col1, _col2, _col3, _col4, _col5, _col6, _col7, _col8
                        Statistics: Num rows: 1 Data size: 472 Basic stats: COMPLETE Column stats: COMPLETE
                        Reduce Output Operator
                          null sort order: 
                          sort order: 
                          Statistics: Num rows: 1 Data size: 472 Basic stats: COMPLETE Column stats: COMPLETE
                          value expressions: _col0 (type: int), _col1 (type: struct<count:bigint,sum:double,input:int>), _col2 (type: bigint), _col3 (type: bigint), _col4 (type: binary), _col5 (type: int), _col6 (type: struct<count:bigint,sum:double,input:int>), _col7 (type: bigint), _col8 (type: binary)
                Filter Operator
                  predicate: ((KEY._col0 > 10) and (KEY._col0 < 20)) (type: boolean)
                  Statistics: Num rows: 24 Data size: 4272 Basic stats: COMPLETE Column stats: COMPLETE
                  Group By Operator
                    keys: KEY._col0 (type: string), KEY._col1 (type: string)
                    mode: complete
                    outputColumnNames: _col0, _col1
                    Statistics: Num rows: 24 Data size: 4272 Basic stats: COMPLETE Column stats: COMPLETE
                    File Output Operator
                      compressed: false
                      Statistics: Num rows: 24 Data size: 4272 Basic stats: COMPLETE Column stats: COMPLETE
                      table:
                          input format: org.apache.hadoop.mapred.TextInputFormat
                          output format: org.apache.hadoop.hive.ql.io.HiveIgnoreKeyTextOutputFormat
                          serde: org.apache.hadoop.hive.serde2.lazy.LazySimpleSerDe
                          name: default.src_multi2_n5
                    Select Operator
                      expressions: _col0 (type: string), _col1 (type: string)
                      outputColumnNames: key, value
                      Statistics: Num rows: 24 Data size: 4272 Basic stats: COMPLETE Column stats: COMPLETE
                      Group By Operator
                        aggregations: max(length(key)), avg(COALESCE(length(key),0)), count(1), count(key), compute_bit_vector_hll(key), max(length(value)), avg(COALESCE(length(value),0)), count(value), compute_bit_vector_hll(value)
                        minReductionHashAggr: 0.9583333
                        mode: hash
                        outputColumnNames: _col0, _col1, _col2, _col3, _col4, _col5, _col6, _col7, _col8
                        Statistics: Num rows: 1 Data size: 472 Basic stats: COMPLETE Column stats: COMPLETE
                        Reduce Output Operator
                          null sort order: 
                          sort order: 
                          Statistics: Num rows: 1 Data size: 472 Basic stats: COMPLETE Column stats: COMPLETE
                          value expressions: _col0 (type: int), _col1 (type: struct<count:bigint,sum:double,input:int>), _col2 (type: bigint), _col3 (type: bigint), _col4 (type: binary), _col5 (type: int), _col6 (type: struct<count:bigint,sum:double,input:int>), _col7 (type: bigint), _col8 (type: binary)
        Reducer 3 
            Execution mode: vectorized, llap
            Reduce Operator Tree:
              Group By Operator
                aggregations: max(VALUE._col0), avg(VALUE._col1), count(VALUE._col2), count(VALUE._col3), compute_bit_vector_hll(VALUE._col4), max(VALUE._col5), avg(VALUE._col6), count(VALUE._col7), compute_bit_vector_hll(VALUE._col8)
                mode: mergepartial
                outputColumnNames: _col0, _col1, _col2, _col3, _col4, _col5, _col6, _col7, _col8
                Statistics: Num rows: 1 Data size: 336 Basic stats: COMPLETE Column stats: COMPLETE
                Select Operator
                  expressions: 'STRING' (type: string), UDFToLong(COALESCE(_col0,0)) (type: bigint), COALESCE(_col1,0) (type: double), (_col2 - _col3) (type: bigint), COALESCE(ndv_compute_bit_vector(_col4),0) (type: bigint), _col4 (type: binary), 'STRING' (type: string), UDFToLong(COALESCE(_col5,0)) (type: bigint), COALESCE(_col6,0) (type: double), (_col2 - _col7) (type: bigint), COALESCE(ndv_compute_bit_vector(_col8),0) (type: bigint), _col8 (type: binary)
                  outputColumnNames: _col0, _col1, _col2, _col3, _col4, _col5, _col6, _col7, _col8, _col9, _col10, _col11
                  Statistics: Num rows: 1 Data size: 532 Basic stats: COMPLETE Column stats: COMPLETE
                  File Output Operator
                    compressed: false
                    Statistics: Num rows: 1 Data size: 532 Basic stats: COMPLETE Column stats: COMPLETE
                    table:
                        input format: org.apache.hadoop.mapred.SequenceFileInputFormat
                        output format: org.apache.hadoop.hive.ql.io.HiveSequenceFileOutputFormat
                        serde: org.apache.hadoop.hive.serde2.lazy.LazySimpleSerDe
        Reducer 4 
            Execution mode: vectorized, llap
            Reduce Operator Tree:
              Group By Operator
                aggregations: max(VALUE._col0), avg(VALUE._col1), count(VALUE._col2), count(VALUE._col3), compute_bit_vector_hll(VALUE._col4), max(VALUE._col5), avg(VALUE._col6), count(VALUE._col7), compute_bit_vector_hll(VALUE._col8)
                mode: mergepartial
                outputColumnNames: _col0, _col1, _col2, _col3, _col4, _col5, _col6, _col7, _col8
                Statistics: Num rows: 1 Data size: 336 Basic stats: COMPLETE Column stats: COMPLETE
                Select Operator
                  expressions: 'STRING' (type: string), UDFToLong(COALESCE(_col0,0)) (type: bigint), COALESCE(_col1,0) (type: double), (_col2 - _col3) (type: bigint), COALESCE(ndv_compute_bit_vector(_col4),0) (type: bigint), _col4 (type: binary), 'STRING' (type: string), UDFToLong(COALESCE(_col5,0)) (type: bigint), COALESCE(_col6,0) (type: double), (_col2 - _col7) (type: bigint), COALESCE(ndv_compute_bit_vector(_col8),0) (type: bigint), _col8 (type: binary)
                  outputColumnNames: _col0, _col1, _col2, _col3, _col4, _col5, _col6, _col7, _col8, _col9, _col10, _col11
                  Statistics: Num rows: 1 Data size: 532 Basic stats: COMPLETE Column stats: COMPLETE
                  File Output Operator
                    compressed: false
                    Statistics: Num rows: 1 Data size: 532 Basic stats: COMPLETE Column stats: COMPLETE
                    table:
                        input format: org.apache.hadoop.mapred.SequenceFileInputFormat
                        output format: org.apache.hadoop.hive.ql.io.HiveSequenceFileOutputFormat
                        serde: org.apache.hadoop.hive.serde2.lazy.LazySimpleSerDe

  Stage: Stage-3
    Dependency Collection

  Stage: Stage-0
    Move Operator
      tables:
          replace: true
          table:
              input format: org.apache.hadoop.mapred.TextInputFormat
              output format: org.apache.hadoop.hive.ql.io.HiveIgnoreKeyTextOutputFormat
              serde: org.apache.hadoop.hive.serde2.lazy.LazySimpleSerDe
              name: default.src_multi1_n4

  Stage: Stage-4
    Stats Work
      Basic Stats Work:
      Column Stats Desc:
          Columns: key, value
          Column Types: string, string
          Table: default.src_multi1_n4

  Stage: Stage-1
    Move Operator
      tables:
          replace: true
          table:
              input format: org.apache.hadoop.mapred.TextInputFormat
              output format: org.apache.hadoop.hive.ql.io.HiveIgnoreKeyTextOutputFormat
              serde: org.apache.hadoop.hive.serde2.lazy.LazySimpleSerDe
              name: default.src_multi2_n5

  Stage: Stage-5
    Stats Work
      Basic Stats Work:
      Column Stats Desc:
          Columns: key, value
          Column Types: string, string
          Table: default.src_multi2_n5

PREHOOK: query: from src
insert overwrite table src_multi1_n4 select * where key < 10 group by key, value
insert overwrite table src_multi2_n5 select * where key > 10 and key < 20 group by key, value
PREHOOK: type: QUERY
PREHOOK: Input: default@src
PREHOOK: Output: default@src_multi1_n4
PREHOOK: Output: default@src_multi2_n5
POSTHOOK: query: from src
insert overwrite table src_multi1_n4 select * where key < 10 group by key, value
insert overwrite table src_multi2_n5 select * where key > 10 and key < 20 group by key, value
POSTHOOK: type: QUERY
POSTHOOK: Input: default@src
POSTHOOK: Output: default@src_multi1_n4
POSTHOOK: Output: default@src_multi2_n5
POSTHOOK: Lineage: src_multi1_n4.key SIMPLE [(src)src.FieldSchema(name:key, type:string, comment:default), ]
POSTHOOK: Lineage: src_multi1_n4.value SIMPLE [(src)src.FieldSchema(name:value, type:string, comment:default), ]
POSTHOOK: Lineage: src_multi2_n5.key SIMPLE [(src)src.FieldSchema(name:key, type:string, comment:default), ]
POSTHOOK: Lineage: src_multi2_n5.value SIMPLE [(src)src.FieldSchema(name:value, type:string, comment:default), ]
PREHOOK: query: select * from src_multi1_n4
PREHOOK: type: QUERY
PREHOOK: Input: default@src_multi1_n4
#### A masked pattern was here ####
POSTHOOK: query: select * from src_multi1_n4
POSTHOOK: type: QUERY
POSTHOOK: Input: default@src_multi1_n4
#### A masked pattern was here ####
0	val_0
2	val_2
4	val_4
5	val_5
8	val_8
9	val_9
PREHOOK: query: select * from src_multi2_n5
PREHOOK: type: QUERY
PREHOOK: Input: default@src_multi2_n5
#### A masked pattern was here ####
POSTHOOK: query: select * from src_multi2_n5
POSTHOOK: type: QUERY
POSTHOOK: Input: default@src_multi2_n5
#### A masked pattern was here ####
11	val_11
12	val_12
15	val_15
17	val_17
18	val_18
19	val_19
PREHOOK: query: explain
from src
insert overwrite table src_multi1_n4 select * where key < 10 group by key, value
insert overwrite table src_multi2_n5 select * where key > 10 and key < 20 group by key, value
PREHOOK: type: QUERY
PREHOOK: Input: default@src
PREHOOK: Output: default@src_multi1_n4
PREHOOK: Output: default@src_multi2_n5
POSTHOOK: query: explain
from src
insert overwrite table src_multi1_n4 select * where key < 10 group by key, value
insert overwrite table src_multi2_n5 select * where key > 10 and key < 20 group by key, value
POSTHOOK: type: QUERY
POSTHOOK: Input: default@src
POSTHOOK: Output: default@src_multi1_n4
POSTHOOK: Output: default@src_multi2_n5
STAGE DEPENDENCIES:
  Stage-2 is a root stage
  Stage-3 depends on stages: Stage-2
  Stage-0 depends on stages: Stage-3
  Stage-4 depends on stages: Stage-0
  Stage-1 depends on stages: Stage-3
  Stage-5 depends on stages: Stage-1

STAGE PLANS:
  Stage: Stage-2
    Tez
#### A masked pattern was here ####
      Edges:
        Reducer 2 <- Map 1 (SIMPLE_EDGE)
        Reducer 3 <- Reducer 2 (CUSTOM_SIMPLE_EDGE)
        Reducer 4 <- Reducer 2 (CUSTOM_SIMPLE_EDGE)
#### A masked pattern was here ####
      Vertices:
        Map 1 
            Map Operator Tree:
                TableScan
                  alias: src
                  filterExpr: (((key > 10) and (key < 20)) or (key < 10)) (type: boolean)
                  Statistics: Num rows: 500 Data size: 89000 Basic stats: COMPLETE Column stats: COMPLETE
                  Filter Operator
                    predicate: (((key > 10) and (key < 20)) or (key < 10)) (type: boolean)
                    Statistics: Num rows: 221 Data size: 39338 Basic stats: COMPLETE Column stats: COMPLETE
                    Reduce Output Operator
                      key expressions: key (type: string), value (type: string)
                      null sort order: zz
                      sort order: ++
                      Map-reduce partition columns: key (type: string), value (type: string)
                      Statistics: Num rows: 221 Data size: 39338 Basic stats: COMPLETE Column stats: COMPLETE
            Execution mode: vectorized, llap
            LLAP IO: all inputs
        Reducer 2 
            Execution mode: llap
            Reduce Operator Tree:
              Forward
                Statistics: Num rows: 221 Data size: 39338 Basic stats: COMPLETE Column stats: COMPLETE
                Filter Operator
                  predicate: (KEY._col0 < 10) (type: boolean)
                  Statistics: Num rows: 73 Data size: 12994 Basic stats: COMPLETE Column stats: COMPLETE
                  Group By Operator
                    keys: KEY._col0 (type: string), KEY._col1 (type: string)
                    mode: complete
                    outputColumnNames: _col0, _col1
                    Statistics: Num rows: 73 Data size: 12994 Basic stats: COMPLETE Column stats: COMPLETE
                    File Output Operator
                      compressed: false
                      Statistics: Num rows: 73 Data size: 12994 Basic stats: COMPLETE Column stats: COMPLETE
                      table:
                          input format: org.apache.hadoop.mapred.TextInputFormat
                          output format: org.apache.hadoop.hive.ql.io.HiveIgnoreKeyTextOutputFormat
                          serde: org.apache.hadoop.hive.serde2.lazy.LazySimpleSerDe
                          name: default.src_multi1_n4
                    Select Operator
                      expressions: _col0 (type: string), _col1 (type: string)
                      outputColumnNames: key, value
                      Statistics: Num rows: 73 Data size: 12994 Basic stats: COMPLETE Column stats: COMPLETE
                      Group By Operator
                        aggregations: max(length(key)), avg(COALESCE(length(key),0)), count(1), count(key), compute_bit_vector_hll(key), max(length(value)), avg(COALESCE(length(value),0)), count(value), compute_bit_vector_hll(value)
                        minReductionHashAggr: 0.98630136
                        mode: hash
                        outputColumnNames: _col0, _col1, _col2, _col3, _col4, _col5, _col6, _col7, _col8
                        Statistics: Num rows: 1 Data size: 472 Basic stats: COMPLETE Column stats: COMPLETE
                        Reduce Output Operator
                          null sort order: 
                          sort order: 
                          Statistics: Num rows: 1 Data size: 472 Basic stats: COMPLETE Column stats: COMPLETE
                          value expressions: _col0 (type: int), _col1 (type: struct<count:bigint,sum:double,input:int>), _col2 (type: bigint), _col3 (type: bigint), _col4 (type: binary), _col5 (type: int), _col6 (type: struct<count:bigint,sum:double,input:int>), _col7 (type: bigint), _col8 (type: binary)
                Filter Operator
                  predicate: ((KEY._col0 > 10) and (KEY._col0 < 20)) (type: boolean)
                  Statistics: Num rows: 24 Data size: 4272 Basic stats: COMPLETE Column stats: COMPLETE
                  Group By Operator
                    keys: KEY._col0 (type: string), KEY._col1 (type: string)
                    mode: complete
                    outputColumnNames: _col0, _col1
                    Statistics: Num rows: 24 Data size: 4272 Basic stats: COMPLETE Column stats: COMPLETE
                    File Output Operator
                      compressed: false
                      Statistics: Num rows: 24 Data size: 4272 Basic stats: COMPLETE Column stats: COMPLETE
                      table:
                          input format: org.apache.hadoop.mapred.TextInputFormat
                          output format: org.apache.hadoop.hive.ql.io.HiveIgnoreKeyTextOutputFormat
                          serde: org.apache.hadoop.hive.serde2.lazy.LazySimpleSerDe
                          name: default.src_multi2_n5
                    Select Operator
                      expressions: _col0 (type: string), _col1 (type: string)
                      outputColumnNames: key, value
                      Statistics: Num rows: 24 Data size: 4272 Basic stats: COMPLETE Column stats: COMPLETE
                      Group By Operator
                        aggregations: max(length(key)), avg(COALESCE(length(key),0)), count(1), count(key), compute_bit_vector_hll(key), max(length(value)), avg(COALESCE(length(value),0)), count(value), compute_bit_vector_hll(value)
                        minReductionHashAggr: 0.9583333
                        mode: hash
                        outputColumnNames: _col0, _col1, _col2, _col3, _col4, _col5, _col6, _col7, _col8
                        Statistics: Num rows: 1 Data size: 472 Basic stats: COMPLETE Column stats: COMPLETE
                        Reduce Output Operator
                          null sort order: 
                          sort order: 
                          Statistics: Num rows: 1 Data size: 472 Basic stats: COMPLETE Column stats: COMPLETE
                          value expressions: _col0 (type: int), _col1 (type: struct<count:bigint,sum:double,input:int>), _col2 (type: bigint), _col3 (type: bigint), _col4 (type: binary), _col5 (type: int), _col6 (type: struct<count:bigint,sum:double,input:int>), _col7 (type: bigint), _col8 (type: binary)
        Reducer 3 
            Execution mode: vectorized, llap
            Reduce Operator Tree:
              Group By Operator
                aggregations: max(VALUE._col0), avg(VALUE._col1), count(VALUE._col2), count(VALUE._col3), compute_bit_vector_hll(VALUE._col4), max(VALUE._col5), avg(VALUE._col6), count(VALUE._col7), compute_bit_vector_hll(VALUE._col8)
                mode: mergepartial
                outputColumnNames: _col0, _col1, _col2, _col3, _col4, _col5, _col6, _col7, _col8
                Statistics: Num rows: 1 Data size: 336 Basic stats: COMPLETE Column stats: COMPLETE
                Select Operator
                  expressions: 'STRING' (type: string), UDFToLong(COALESCE(_col0,0)) (type: bigint), COALESCE(_col1,0) (type: double), (_col2 - _col3) (type: bigint), COALESCE(ndv_compute_bit_vector(_col4),0) (type: bigint), _col4 (type: binary), 'STRING' (type: string), UDFToLong(COALESCE(_col5,0)) (type: bigint), COALESCE(_col6,0) (type: double), (_col2 - _col7) (type: bigint), COALESCE(ndv_compute_bit_vector(_col8),0) (type: bigint), _col8 (type: binary)
                  outputColumnNames: _col0, _col1, _col2, _col3, _col4, _col5, _col6, _col7, _col8, _col9, _col10, _col11
                  Statistics: Num rows: 1 Data size: 532 Basic stats: COMPLETE Column stats: COMPLETE
                  File Output Operator
                    compressed: false
                    Statistics: Num rows: 1 Data size: 532 Basic stats: COMPLETE Column stats: COMPLETE
                    table:
                        input format: org.apache.hadoop.mapred.SequenceFileInputFormat
                        output format: org.apache.hadoop.hive.ql.io.HiveSequenceFileOutputFormat
                        serde: org.apache.hadoop.hive.serde2.lazy.LazySimpleSerDe
        Reducer 4 
            Execution mode: vectorized, llap
            Reduce Operator Tree:
              Group By Operator
                aggregations: max(VALUE._col0), avg(VALUE._col1), count(VALUE._col2), count(VALUE._col3), compute_bit_vector_hll(VALUE._col4), max(VALUE._col5), avg(VALUE._col6), count(VALUE._col7), compute_bit_vector_hll(VALUE._col8)
                mode: mergepartial
                outputColumnNames: _col0, _col1, _col2, _col3, _col4, _col5, _col6, _col7, _col8
                Statistics: Num rows: 1 Data size: 336 Basic stats: COMPLETE Column stats: COMPLETE
                Select Operator
                  expressions: 'STRING' (type: string), UDFToLong(COALESCE(_col0,0)) (type: bigint), COALESCE(_col1,0) (type: double), (_col2 - _col3) (type: bigint), COALESCE(ndv_compute_bit_vector(_col4),0) (type: bigint), _col4 (type: binary), 'STRING' (type: string), UDFToLong(COALESCE(_col5,0)) (type: bigint), COALESCE(_col6,0) (type: double), (_col2 - _col7) (type: bigint), COALESCE(ndv_compute_bit_vector(_col8),0) (type: bigint), _col8 (type: binary)
                  outputColumnNames: _col0, _col1, _col2, _col3, _col4, _col5, _col6, _col7, _col8, _col9, _col10, _col11
                  Statistics: Num rows: 1 Data size: 532 Basic stats: COMPLETE Column stats: COMPLETE
                  File Output Operator
                    compressed: false
                    Statistics: Num rows: 1 Data size: 532 Basic stats: COMPLETE Column stats: COMPLETE
                    table:
                        input format: org.apache.hadoop.mapred.SequenceFileInputFormat
                        output format: org.apache.hadoop.hive.ql.io.HiveSequenceFileOutputFormat
                        serde: org.apache.hadoop.hive.serde2.lazy.LazySimpleSerDe

  Stage: Stage-3
    Dependency Collection

  Stage: Stage-0
    Move Operator
      tables:
          replace: true
          table:
              input format: org.apache.hadoop.mapred.TextInputFormat
              output format: org.apache.hadoop.hive.ql.io.HiveIgnoreKeyTextOutputFormat
              serde: org.apache.hadoop.hive.serde2.lazy.LazySimpleSerDe
              name: default.src_multi1_n4

  Stage: Stage-4
    Stats Work
      Basic Stats Work:
      Column Stats Desc:
          Columns: key, value
          Column Types: string, string
          Table: default.src_multi1_n4

  Stage: Stage-1
    Move Operator
      tables:
          replace: true
          table:
              input format: org.apache.hadoop.mapred.TextInputFormat
              output format: org.apache.hadoop.hive.ql.io.HiveIgnoreKeyTextOutputFormat
              serde: org.apache.hadoop.hive.serde2.lazy.LazySimpleSerDe
              name: default.src_multi2_n5

  Stage: Stage-5
    Stats Work
      Basic Stats Work:
      Column Stats Desc:
          Columns: key, value
          Column Types: string, string
          Table: default.src_multi2_n5

PREHOOK: query: from src
insert overwrite table src_multi1_n4 select * where key < 10 group by key, value
insert overwrite table src_multi2_n5 select * where key > 10 and key < 20 group by key, value
PREHOOK: type: QUERY
PREHOOK: Input: default@src
PREHOOK: Output: default@src_multi1_n4
PREHOOK: Output: default@src_multi2_n5
POSTHOOK: query: from src
insert overwrite table src_multi1_n4 select * where key < 10 group by key, value
insert overwrite table src_multi2_n5 select * where key > 10 and key < 20 group by key, value
POSTHOOK: type: QUERY
POSTHOOK: Input: default@src
POSTHOOK: Output: default@src_multi1_n4
POSTHOOK: Output: default@src_multi2_n5
POSTHOOK: Lineage: src_multi1_n4.key SIMPLE [(src)src.FieldSchema(name:key, type:string, comment:default), ]
POSTHOOK: Lineage: src_multi1_n4.value SIMPLE [(src)src.FieldSchema(name:value, type:string, comment:default), ]
POSTHOOK: Lineage: src_multi2_n5.key SIMPLE [(src)src.FieldSchema(name:key, type:string, comment:default), ]
POSTHOOK: Lineage: src_multi2_n5.value SIMPLE [(src)src.FieldSchema(name:value, type:string, comment:default), ]
PREHOOK: query: select * from src_multi1_n4
PREHOOK: type: QUERY
PREHOOK: Input: default@src_multi1_n4
#### A masked pattern was here ####
POSTHOOK: query: select * from src_multi1_n4
POSTHOOK: type: QUERY
POSTHOOK: Input: default@src_multi1_n4
#### A masked pattern was here ####
0	val_0
2	val_2
4	val_4
5	val_5
8	val_8
9	val_9
PREHOOK: query: select * from src_multi2_n5
PREHOOK: type: QUERY
PREHOOK: Input: default@src_multi2_n5
#### A masked pattern was here ####
POSTHOOK: query: select * from src_multi2_n5
POSTHOOK: type: QUERY
POSTHOOK: Input: default@src_multi2_n5
#### A masked pattern was here ####
11	val_11
12	val_12
15	val_15
17	val_17
18	val_18
19	val_19
PREHOOK: query: explain
from (select * from src  union all select * from src) s
insert overwrite table src_multi1_n4 select * where key < 10
insert overwrite table src_multi2_n5 select * where key > 10 and key < 20
PREHOOK: type: QUERY
PREHOOK: Input: default@src
PREHOOK: Output: default@src_multi1_n4
PREHOOK: Output: default@src_multi2_n5
POSTHOOK: query: explain
from (select * from src  union all select * from src) s
insert overwrite table src_multi1_n4 select * where key < 10
insert overwrite table src_multi2_n5 select * where key > 10 and key < 20
POSTHOOK: type: QUERY
POSTHOOK: Input: default@src
POSTHOOK: Output: default@src_multi1_n4
POSTHOOK: Output: default@src_multi2_n5
STAGE DEPENDENCIES:
  Stage-2 is a root stage
  Stage-3 depends on stages: Stage-2
  Stage-0 depends on stages: Stage-3
  Stage-4 depends on stages: Stage-0
  Stage-1 depends on stages: Stage-3
  Stage-5 depends on stages: Stage-1

STAGE PLANS:
  Stage: Stage-2
    Tez
#### A masked pattern was here ####
      Edges:
        Map 1 <- Union 2 (CONTAINS)
        Map 5 <- Union 2 (CONTAINS)
        Reducer 3 <- Union 2 (CUSTOM_SIMPLE_EDGE)
        Reducer 4 <- Union 2 (CUSTOM_SIMPLE_EDGE)
#### A masked pattern was here ####
      Vertices:
        Map 1 
            Map Operator Tree:
                TableScan
                  alias: src
                  Statistics: Num rows: 500 Data size: 89000 Basic stats: COMPLETE Column stats: COMPLETE
                  Select Operator
                    expressions: key (type: string), value (type: string)
                    outputColumnNames: _col0, _col1
                    Statistics: Num rows: 500 Data size: 89000 Basic stats: COMPLETE Column stats: COMPLETE
                    Filter Operator
                      predicate: (_col0 < 10) (type: boolean)
                      Statistics: Num rows: 333 Data size: 59274 Basic stats: COMPLETE Column stats: COMPLETE
                      File Output Operator
                        compressed: false
                        Statistics: Num rows: 333 Data size: 59274 Basic stats: COMPLETE Column stats: COMPLETE
                        table:
                            input format: org.apache.hadoop.mapred.TextInputFormat
                            output format: org.apache.hadoop.hive.ql.io.HiveIgnoreKeyTextOutputFormat
                            serde: org.apache.hadoop.hive.serde2.lazy.LazySimpleSerDe
                            name: default.src_multi1_n4
                      Select Operator
                        expressions: _col0 (type: string), _col1 (type: string)
                        outputColumnNames: key, value
                        Statistics: Num rows: 333 Data size: 59274 Basic stats: COMPLETE Column stats: COMPLETE
                        Group By Operator
                          aggregations: max(length(key)), avg(COALESCE(length(key),0)), count(1), count(key), compute_bit_vector_hll(key), max(length(value)), avg(COALESCE(length(value),0)), count(value), compute_bit_vector_hll(value)
                          minReductionHashAggr: 0.99
                          mode: hash
                          outputColumnNames: _col0, _col1, _col2, _col3, _col4, _col5, _col6, _col7, _col8
                          Statistics: Num rows: 1 Data size: 472 Basic stats: COMPLETE Column stats: COMPLETE
                          Reduce Output Operator
                            null sort order: 
                            sort order: 
                            Statistics: Num rows: 1 Data size: 472 Basic stats: COMPLETE Column stats: COMPLETE
                            value expressions: _col0 (type: int), _col1 (type: struct<count:bigint,sum:double,input:int>), _col2 (type: bigint), _col3 (type: bigint), _col4 (type: binary), _col5 (type: int), _col6 (type: struct<count:bigint,sum:double,input:int>), _col7 (type: bigint), _col8 (type: binary)
                    Filter Operator
                      predicate: ((_col0 > 10) and (_col0 < 20)) (type: boolean)
                      Statistics: Num rows: 111 Data size: 19758 Basic stats: COMPLETE Column stats: COMPLETE
                      File Output Operator
                        compressed: false
                        Statistics: Num rows: 111 Data size: 19758 Basic stats: COMPLETE Column stats: COMPLETE
                        table:
                            input format: org.apache.hadoop.mapred.TextInputFormat
                            output format: org.apache.hadoop.hive.ql.io.HiveIgnoreKeyTextOutputFormat
                            serde: org.apache.hadoop.hive.serde2.lazy.LazySimpleSerDe
                            name: default.src_multi2_n5
                      Select Operator
                        expressions: _col0 (type: string), _col1 (type: string)
                        outputColumnNames: key, value
                        Statistics: Num rows: 111 Data size: 19758 Basic stats: COMPLETE Column stats: COMPLETE
                        Group By Operator
                          aggregations: max(length(key)), avg(COALESCE(length(key),0)), count(1), count(key), compute_bit_vector_hll(key), max(length(value)), avg(COALESCE(length(value),0)), count(value), compute_bit_vector_hll(value)
                          minReductionHashAggr: 0.99
                          mode: hash
                          outputColumnNames: _col0, _col1, _col2, _col3, _col4, _col5, _col6, _col7, _col8
                          Statistics: Num rows: 1 Data size: 472 Basic stats: COMPLETE Column stats: COMPLETE
                          Reduce Output Operator
                            null sort order: 
                            sort order: 
                            Statistics: Num rows: 1 Data size: 472 Basic stats: COMPLETE Column stats: COMPLETE
                            value expressions: _col0 (type: int), _col1 (type: struct<count:bigint,sum:double,input:int>), _col2 (type: bigint), _col3 (type: bigint), _col4 (type: binary), _col5 (type: int), _col6 (type: struct<count:bigint,sum:double,input:int>), _col7 (type: bigint), _col8 (type: binary)
            Execution mode: vectorized, llap
            LLAP IO: all inputs
        Map 5 
            Map Operator Tree:
                TableScan
                  alias: src
                  Statistics: Num rows: 500 Data size: 89000 Basic stats: COMPLETE Column stats: COMPLETE
                  Select Operator
                    expressions: key (type: string), value (type: string)
                    outputColumnNames: _col0, _col1
                    Statistics: Num rows: 500 Data size: 89000 Basic stats: COMPLETE Column stats: COMPLETE
                    Filter Operator
                      predicate: (_col0 < 10) (type: boolean)
                      Statistics: Num rows: 333 Data size: 59274 Basic stats: COMPLETE Column stats: COMPLETE
                      File Output Operator
                        compressed: false
                        Statistics: Num rows: 333 Data size: 59274 Basic stats: COMPLETE Column stats: COMPLETE
                        table:
                            input format: org.apache.hadoop.mapred.TextInputFormat
                            output format: org.apache.hadoop.hive.ql.io.HiveIgnoreKeyTextOutputFormat
                            serde: org.apache.hadoop.hive.serde2.lazy.LazySimpleSerDe
                            name: default.src_multi1_n4
                      Select Operator
                        expressions: _col0 (type: string), _col1 (type: string)
                        outputColumnNames: key, value
                        Statistics: Num rows: 333 Data size: 59274 Basic stats: COMPLETE Column stats: COMPLETE
                        Group By Operator
                          aggregations: max(length(key)), avg(COALESCE(length(key),0)), count(1), count(key), compute_bit_vector_hll(key), max(length(value)), avg(COALESCE(length(value),0)), count(value), compute_bit_vector_hll(value)
                          minReductionHashAggr: 0.99
                          mode: hash
                          outputColumnNames: _col0, _col1, _col2, _col3, _col4, _col5, _col6, _col7, _col8
                          Statistics: Num rows: 1 Data size: 472 Basic stats: COMPLETE Column stats: COMPLETE
                          Reduce Output Operator
                            null sort order: 
                            sort order: 
                            Statistics: Num rows: 1 Data size: 472 Basic stats: COMPLETE Column stats: COMPLETE
                            value expressions: _col0 (type: int), _col1 (type: struct<count:bigint,sum:double,input:int>), _col2 (type: bigint), _col3 (type: bigint), _col4 (type: binary), _col5 (type: int), _col6 (type: struct<count:bigint,sum:double,input:int>), _col7 (type: bigint), _col8 (type: binary)
                    Filter Operator
                      predicate: ((_col0 > 10) and (_col0 < 20)) (type: boolean)
                      Statistics: Num rows: 111 Data size: 19758 Basic stats: COMPLETE Column stats: COMPLETE
                      File Output Operator
                        compressed: false
                        Statistics: Num rows: 111 Data size: 19758 Basic stats: COMPLETE Column stats: COMPLETE
                        table:
                            input format: org.apache.hadoop.mapred.TextInputFormat
                            output format: org.apache.hadoop.hive.ql.io.HiveIgnoreKeyTextOutputFormat
                            serde: org.apache.hadoop.hive.serde2.lazy.LazySimpleSerDe
                            name: default.src_multi2_n5
                      Select Operator
                        expressions: _col0 (type: string), _col1 (type: string)
                        outputColumnNames: key, value
                        Statistics: Num rows: 111 Data size: 19758 Basic stats: COMPLETE Column stats: COMPLETE
                        Group By Operator
                          aggregations: max(length(key)), avg(COALESCE(length(key),0)), count(1), count(key), compute_bit_vector_hll(key), max(length(value)), avg(COALESCE(length(value),0)), count(value), compute_bit_vector_hll(value)
                          minReductionHashAggr: 0.99
                          mode: hash
                          outputColumnNames: _col0, _col1, _col2, _col3, _col4, _col5, _col6, _col7, _col8
                          Statistics: Num rows: 1 Data size: 472 Basic stats: COMPLETE Column stats: COMPLETE
                          Reduce Output Operator
                            null sort order: 
                            sort order: 
                            Statistics: Num rows: 1 Data size: 472 Basic stats: COMPLETE Column stats: COMPLETE
                            value expressions: _col0 (type: int), _col1 (type: struct<count:bigint,sum:double,input:int>), _col2 (type: bigint), _col3 (type: bigint), _col4 (type: binary), _col5 (type: int), _col6 (type: struct<count:bigint,sum:double,input:int>), _col7 (type: bigint), _col8 (type: binary)
            Execution mode: vectorized, llap
            LLAP IO: all inputs
        Reducer 3 
            Execution mode: vectorized, llap
            Reduce Operator Tree:
              Group By Operator
                aggregations: max(VALUE._col0), avg(VALUE._col1), count(VALUE._col2), count(VALUE._col3), compute_bit_vector_hll(VALUE._col4), max(VALUE._col5), avg(VALUE._col6), count(VALUE._col7), compute_bit_vector_hll(VALUE._col8)
                mode: mergepartial
                outputColumnNames: _col0, _col1, _col2, _col3, _col4, _col5, _col6, _col7, _col8
                Statistics: Num rows: 1 Data size: 336 Basic stats: COMPLETE Column stats: COMPLETE
                Select Operator
                  expressions: 'STRING' (type: string), UDFToLong(COALESCE(_col0,0)) (type: bigint), COALESCE(_col1,0) (type: double), (_col2 - _col3) (type: bigint), COALESCE(ndv_compute_bit_vector(_col4),0) (type: bigint), _col4 (type: binary), 'STRING' (type: string), UDFToLong(COALESCE(_col5,0)) (type: bigint), COALESCE(_col6,0) (type: double), (_col2 - _col7) (type: bigint), COALESCE(ndv_compute_bit_vector(_col8),0) (type: bigint), _col8 (type: binary)
                  outputColumnNames: _col0, _col1, _col2, _col3, _col4, _col5, _col6, _col7, _col8, _col9, _col10, _col11
                  Statistics: Num rows: 1 Data size: 532 Basic stats: COMPLETE Column stats: COMPLETE
                  File Output Operator
                    compressed: false
                    Statistics: Num rows: 1 Data size: 532 Basic stats: COMPLETE Column stats: COMPLETE
                    table:
                        input format: org.apache.hadoop.mapred.SequenceFileInputFormat
                        output format: org.apache.hadoop.hive.ql.io.HiveSequenceFileOutputFormat
                        serde: org.apache.hadoop.hive.serde2.lazy.LazySimpleSerDe
        Reducer 4 
            Execution mode: vectorized, llap
            Reduce Operator Tree:
              Group By Operator
                aggregations: max(VALUE._col0), avg(VALUE._col1), count(VALUE._col2), count(VALUE._col3), compute_bit_vector_hll(VALUE._col4), max(VALUE._col5), avg(VALUE._col6), count(VALUE._col7), compute_bit_vector_hll(VALUE._col8)
                mode: mergepartial
                outputColumnNames: _col0, _col1, _col2, _col3, _col4, _col5, _col6, _col7, _col8
                Statistics: Num rows: 1 Data size: 336 Basic stats: COMPLETE Column stats: COMPLETE
                Select Operator
                  expressions: 'STRING' (type: string), UDFToLong(COALESCE(_col0,0)) (type: bigint), COALESCE(_col1,0) (type: double), (_col2 - _col3) (type: bigint), COALESCE(ndv_compute_bit_vector(_col4),0) (type: bigint), _col4 (type: binary), 'STRING' (type: string), UDFToLong(COALESCE(_col5,0)) (type: bigint), COALESCE(_col6,0) (type: double), (_col2 - _col7) (type: bigint), COALESCE(ndv_compute_bit_vector(_col8),0) (type: bigint), _col8 (type: binary)
                  outputColumnNames: _col0, _col1, _col2, _col3, _col4, _col5, _col6, _col7, _col8, _col9, _col10, _col11
                  Statistics: Num rows: 1 Data size: 532 Basic stats: COMPLETE Column stats: COMPLETE
                  File Output Operator
                    compressed: false
                    Statistics: Num rows: 1 Data size: 532 Basic stats: COMPLETE Column stats: COMPLETE
                    table:
                        input format: org.apache.hadoop.mapred.SequenceFileInputFormat
                        output format: org.apache.hadoop.hive.ql.io.HiveSequenceFileOutputFormat
                        serde: org.apache.hadoop.hive.serde2.lazy.LazySimpleSerDe
        Union 2 
            Vertex: Union 2

  Stage: Stage-3
    Dependency Collection

  Stage: Stage-0
    Move Operator
      tables:
          replace: true
          table:
              input format: org.apache.hadoop.mapred.TextInputFormat
              output format: org.apache.hadoop.hive.ql.io.HiveIgnoreKeyTextOutputFormat
              serde: org.apache.hadoop.hive.serde2.lazy.LazySimpleSerDe
              name: default.src_multi1_n4

  Stage: Stage-4
    Stats Work
      Basic Stats Work:
      Column Stats Desc:
          Columns: key, value
          Column Types: string, string
          Table: default.src_multi1_n4

  Stage: Stage-1
    Move Operator
      tables:
          replace: true
          table:
              input format: org.apache.hadoop.mapred.TextInputFormat
              output format: org.apache.hadoop.hive.ql.io.HiveIgnoreKeyTextOutputFormat
              serde: org.apache.hadoop.hive.serde2.lazy.LazySimpleSerDe
              name: default.src_multi2_n5

  Stage: Stage-5
    Stats Work
      Basic Stats Work:
      Column Stats Desc:
          Columns: key, value
          Column Types: string, string
          Table: default.src_multi2_n5

PREHOOK: query: from (select * from src  union all select * from src) s
insert overwrite table src_multi1_n4 select * where key < 10
insert overwrite table src_multi2_n5 select * where key > 10 and key < 20
PREHOOK: type: QUERY
PREHOOK: Input: default@src
PREHOOK: Output: default@src_multi1_n4
PREHOOK: Output: default@src_multi2_n5
POSTHOOK: query: from (select * from src  union all select * from src) s
insert overwrite table src_multi1_n4 select * where key < 10
insert overwrite table src_multi2_n5 select * where key > 10 and key < 20
POSTHOOK: type: QUERY
POSTHOOK: Input: default@src
POSTHOOK: Output: default@src_multi1_n4
POSTHOOK: Output: default@src_multi2_n5
POSTHOOK: Lineage: src_multi1_n4.key EXPRESSION [(src)src.FieldSchema(name:key, type:string, comment:default), ]
POSTHOOK: Lineage: src_multi1_n4.value EXPRESSION [(src)src.FieldSchema(name:value, type:string, comment:default), ]
POSTHOOK: Lineage: src_multi2_n5.key EXPRESSION [(src)src.FieldSchema(name:key, type:string, comment:default), ]
POSTHOOK: Lineage: src_multi2_n5.value EXPRESSION [(src)src.FieldSchema(name:value, type:string, comment:default), ]
PREHOOK: query: select * from src_multi1_n4
PREHOOK: type: QUERY
PREHOOK: Input: default@src_multi1_n4
#### A masked pattern was here ####
POSTHOOK: query: select * from src_multi1_n4
POSTHOOK: type: QUERY
POSTHOOK: Input: default@src_multi1_n4
#### A masked pattern was here ####
0	val_0
0	val_0
0	val_0
0	val_0
0	val_0
0	val_0
2	val_2
2	val_2
4	val_4
4	val_4
5	val_5
5	val_5
5	val_5
5	val_5
5	val_5
5	val_5
8	val_8
8	val_8
9	val_9
9	val_9
PREHOOK: query: select * from src_multi2_n5
PREHOOK: type: QUERY
PREHOOK: Input: default@src_multi2_n5
#### A masked pattern was here ####
POSTHOOK: query: select * from src_multi2_n5
POSTHOOK: type: QUERY
POSTHOOK: Input: default@src_multi2_n5
#### A masked pattern was here ####
11	val_11
11	val_11
12	val_12
12	val_12
12	val_12
12	val_12
15	val_15
15	val_15
15	val_15
15	val_15
17	val_17
17	val_17
18	val_18
18	val_18
18	val_18
18	val_18
19	val_19
19	val_19
PREHOOK: query: explain
from (select * from src  union all select * from src) s
insert overwrite table src_multi1_n4 select * where key < 10
insert overwrite table src_multi2_n5 select * where key > 10 and key < 20
PREHOOK: type: QUERY
PREHOOK: Input: default@src
PREHOOK: Output: default@src_multi1_n4
PREHOOK: Output: default@src_multi2_n5
POSTHOOK: query: explain
from (select * from src  union all select * from src) s
insert overwrite table src_multi1_n4 select * where key < 10
insert overwrite table src_multi2_n5 select * where key > 10 and key < 20
POSTHOOK: type: QUERY
POSTHOOK: Input: default@src
POSTHOOK: Output: default@src_multi1_n4
POSTHOOK: Output: default@src_multi2_n5
STAGE DEPENDENCIES:
  Stage-2 is a root stage
  Stage-3 depends on stages: Stage-2
  Stage-0 depends on stages: Stage-3
  Stage-4 depends on stages: Stage-0
  Stage-1 depends on stages: Stage-3
  Stage-5 depends on stages: Stage-1

STAGE PLANS:
  Stage: Stage-2
    Tez
#### A masked pattern was here ####
      Edges:
        Map 1 <- Union 2 (CONTAINS)
        Map 5 <- Union 2 (CONTAINS)
        Reducer 3 <- Union 2 (CUSTOM_SIMPLE_EDGE)
        Reducer 4 <- Union 2 (CUSTOM_SIMPLE_EDGE)
#### A masked pattern was here ####
      Vertices:
        Map 1 
            Map Operator Tree:
                TableScan
                  alias: src
                  Statistics: Num rows: 500 Data size: 89000 Basic stats: COMPLETE Column stats: COMPLETE
                  Select Operator
                    expressions: key (type: string), value (type: string)
                    outputColumnNames: _col0, _col1
                    Statistics: Num rows: 500 Data size: 89000 Basic stats: COMPLETE Column stats: COMPLETE
                    Filter Operator
                      predicate: (_col0 < 10) (type: boolean)
                      Statistics: Num rows: 333 Data size: 59274 Basic stats: COMPLETE Column stats: COMPLETE
                      File Output Operator
                        compressed: false
                        Statistics: Num rows: 333 Data size: 59274 Basic stats: COMPLETE Column stats: COMPLETE
                        table:
                            input format: org.apache.hadoop.mapred.TextInputFormat
                            output format: org.apache.hadoop.hive.ql.io.HiveIgnoreKeyTextOutputFormat
                            serde: org.apache.hadoop.hive.serde2.lazy.LazySimpleSerDe
                            name: default.src_multi1_n4
                      Select Operator
                        expressions: _col0 (type: string), _col1 (type: string)
                        outputColumnNames: key, value
                        Statistics: Num rows: 333 Data size: 59274 Basic stats: COMPLETE Column stats: COMPLETE
                        Group By Operator
                          aggregations: max(length(key)), avg(COALESCE(length(key),0)), count(1), count(key), compute_bit_vector_hll(key), max(length(value)), avg(COALESCE(length(value),0)), count(value), compute_bit_vector_hll(value)
                          minReductionHashAggr: 0.99
                          mode: hash
                          outputColumnNames: _col0, _col1, _col2, _col3, _col4, _col5, _col6, _col7, _col8
                          Statistics: Num rows: 1 Data size: 472 Basic stats: COMPLETE Column stats: COMPLETE
                          Reduce Output Operator
                            null sort order: 
                            sort order: 
                            Statistics: Num rows: 1 Data size: 472 Basic stats: COMPLETE Column stats: COMPLETE
                            value expressions: _col0 (type: int), _col1 (type: struct<count:bigint,sum:double,input:int>), _col2 (type: bigint), _col3 (type: bigint), _col4 (type: binary), _col5 (type: int), _col6 (type: struct<count:bigint,sum:double,input:int>), _col7 (type: bigint), _col8 (type: binary)
                    Filter Operator
                      predicate: ((_col0 > 10) and (_col0 < 20)) (type: boolean)
                      Statistics: Num rows: 111 Data size: 19758 Basic stats: COMPLETE Column stats: COMPLETE
                      File Output Operator
                        compressed: false
                        Statistics: Num rows: 111 Data size: 19758 Basic stats: COMPLETE Column stats: COMPLETE
                        table:
                            input format: org.apache.hadoop.mapred.TextInputFormat
                            output format: org.apache.hadoop.hive.ql.io.HiveIgnoreKeyTextOutputFormat
                            serde: org.apache.hadoop.hive.serde2.lazy.LazySimpleSerDe
                            name: default.src_multi2_n5
                      Select Operator
                        expressions: _col0 (type: string), _col1 (type: string)
                        outputColumnNames: key, value
                        Statistics: Num rows: 111 Data size: 19758 Basic stats: COMPLETE Column stats: COMPLETE
                        Group By Operator
                          aggregations: max(length(key)), avg(COALESCE(length(key),0)), count(1), count(key), compute_bit_vector_hll(key), max(length(value)), avg(COALESCE(length(value),0)), count(value), compute_bit_vector_hll(value)
                          minReductionHashAggr: 0.99
                          mode: hash
                          outputColumnNames: _col0, _col1, _col2, _col3, _col4, _col5, _col6, _col7, _col8
                          Statistics: Num rows: 1 Data size: 472 Basic stats: COMPLETE Column stats: COMPLETE
                          Reduce Output Operator
                            null sort order: 
                            sort order: 
                            Statistics: Num rows: 1 Data size: 472 Basic stats: COMPLETE Column stats: COMPLETE
                            value expressions: _col0 (type: int), _col1 (type: struct<count:bigint,sum:double,input:int>), _col2 (type: bigint), _col3 (type: bigint), _col4 (type: binary), _col5 (type: int), _col6 (type: struct<count:bigint,sum:double,input:int>), _col7 (type: bigint), _col8 (type: binary)
            Execution mode: vectorized, llap
            LLAP IO: all inputs
        Map 5 
            Map Operator Tree:
                TableScan
                  alias: src
                  Statistics: Num rows: 500 Data size: 89000 Basic stats: COMPLETE Column stats: COMPLETE
                  Select Operator
                    expressions: key (type: string), value (type: string)
                    outputColumnNames: _col0, _col1
                    Statistics: Num rows: 500 Data size: 89000 Basic stats: COMPLETE Column stats: COMPLETE
                    Filter Operator
                      predicate: (_col0 < 10) (type: boolean)
                      Statistics: Num rows: 333 Data size: 59274 Basic stats: COMPLETE Column stats: COMPLETE
                      File Output Operator
                        compressed: false
                        Statistics: Num rows: 333 Data size: 59274 Basic stats: COMPLETE Column stats: COMPLETE
                        table:
                            input format: org.apache.hadoop.mapred.TextInputFormat
                            output format: org.apache.hadoop.hive.ql.io.HiveIgnoreKeyTextOutputFormat
                            serde: org.apache.hadoop.hive.serde2.lazy.LazySimpleSerDe
                            name: default.src_multi1_n4
                      Select Operator
                        expressions: _col0 (type: string), _col1 (type: string)
                        outputColumnNames: key, value
                        Statistics: Num rows: 333 Data size: 59274 Basic stats: COMPLETE Column stats: COMPLETE
                        Group By Operator
                          aggregations: max(length(key)), avg(COALESCE(length(key),0)), count(1), count(key), compute_bit_vector_hll(key), max(length(value)), avg(COALESCE(length(value),0)), count(value), compute_bit_vector_hll(value)
                          minReductionHashAggr: 0.99
                          mode: hash
                          outputColumnNames: _col0, _col1, _col2, _col3, _col4, _col5, _col6, _col7, _col8
                          Statistics: Num rows: 1 Data size: 472 Basic stats: COMPLETE Column stats: COMPLETE
                          Reduce Output Operator
                            null sort order: 
                            sort order: 
                            Statistics: Num rows: 1 Data size: 472 Basic stats: COMPLETE Column stats: COMPLETE
                            value expressions: _col0 (type: int), _col1 (type: struct<count:bigint,sum:double,input:int>), _col2 (type: bigint), _col3 (type: bigint), _col4 (type: binary), _col5 (type: int), _col6 (type: struct<count:bigint,sum:double,input:int>), _col7 (type: bigint), _col8 (type: binary)
                    Filter Operator
                      predicate: ((_col0 > 10) and (_col0 < 20)) (type: boolean)
                      Statistics: Num rows: 111 Data size: 19758 Basic stats: COMPLETE Column stats: COMPLETE
                      File Output Operator
                        compressed: false
                        Statistics: Num rows: 111 Data size: 19758 Basic stats: COMPLETE Column stats: COMPLETE
                        table:
                            input format: org.apache.hadoop.mapred.TextInputFormat
                            output format: org.apache.hadoop.hive.ql.io.HiveIgnoreKeyTextOutputFormat
                            serde: org.apache.hadoop.hive.serde2.lazy.LazySimpleSerDe
                            name: default.src_multi2_n5
                      Select Operator
                        expressions: _col0 (type: string), _col1 (type: string)
                        outputColumnNames: key, value
                        Statistics: Num rows: 111 Data size: 19758 Basic stats: COMPLETE Column stats: COMPLETE
                        Group By Operator
                          aggregations: max(length(key)), avg(COALESCE(length(key),0)), count(1), count(key), compute_bit_vector_hll(key), max(length(value)), avg(COALESCE(length(value),0)), count(value), compute_bit_vector_hll(value)
                          minReductionHashAggr: 0.99
                          mode: hash
                          outputColumnNames: _col0, _col1, _col2, _col3, _col4, _col5, _col6, _col7, _col8
                          Statistics: Num rows: 1 Data size: 472 Basic stats: COMPLETE Column stats: COMPLETE
                          Reduce Output Operator
                            null sort order: 
                            sort order: 
                            Statistics: Num rows: 1 Data size: 472 Basic stats: COMPLETE Column stats: COMPLETE
                            value expressions: _col0 (type: int), _col1 (type: struct<count:bigint,sum:double,input:int>), _col2 (type: bigint), _col3 (type: bigint), _col4 (type: binary), _col5 (type: int), _col6 (type: struct<count:bigint,sum:double,input:int>), _col7 (type: bigint), _col8 (type: binary)
            Execution mode: vectorized, llap
            LLAP IO: all inputs
        Reducer 3 
            Execution mode: vectorized, llap
            Reduce Operator Tree:
              Group By Operator
                aggregations: max(VALUE._col0), avg(VALUE._col1), count(VALUE._col2), count(VALUE._col3), compute_bit_vector_hll(VALUE._col4), max(VALUE._col5), avg(VALUE._col6), count(VALUE._col7), compute_bit_vector_hll(VALUE._col8)
                mode: mergepartial
                outputColumnNames: _col0, _col1, _col2, _col3, _col4, _col5, _col6, _col7, _col8
                Statistics: Num rows: 1 Data size: 336 Basic stats: COMPLETE Column stats: COMPLETE
                Select Operator
                  expressions: 'STRING' (type: string), UDFToLong(COALESCE(_col0,0)) (type: bigint), COALESCE(_col1,0) (type: double), (_col2 - _col3) (type: bigint), COALESCE(ndv_compute_bit_vector(_col4),0) (type: bigint), _col4 (type: binary), 'STRING' (type: string), UDFToLong(COALESCE(_col5,0)) (type: bigint), COALESCE(_col6,0) (type: double), (_col2 - _col7) (type: bigint), COALESCE(ndv_compute_bit_vector(_col8),0) (type: bigint), _col8 (type: binary)
                  outputColumnNames: _col0, _col1, _col2, _col3, _col4, _col5, _col6, _col7, _col8, _col9, _col10, _col11
                  Statistics: Num rows: 1 Data size: 532 Basic stats: COMPLETE Column stats: COMPLETE
                  File Output Operator
                    compressed: false
                    Statistics: Num rows: 1 Data size: 532 Basic stats: COMPLETE Column stats: COMPLETE
                    table:
                        input format: org.apache.hadoop.mapred.SequenceFileInputFormat
                        output format: org.apache.hadoop.hive.ql.io.HiveSequenceFileOutputFormat
                        serde: org.apache.hadoop.hive.serde2.lazy.LazySimpleSerDe
        Reducer 4 
            Execution mode: vectorized, llap
            Reduce Operator Tree:
              Group By Operator
                aggregations: max(VALUE._col0), avg(VALUE._col1), count(VALUE._col2), count(VALUE._col3), compute_bit_vector_hll(VALUE._col4), max(VALUE._col5), avg(VALUE._col6), count(VALUE._col7), compute_bit_vector_hll(VALUE._col8)
                mode: mergepartial
                outputColumnNames: _col0, _col1, _col2, _col3, _col4, _col5, _col6, _col7, _col8
                Statistics: Num rows: 1 Data size: 336 Basic stats: COMPLETE Column stats: COMPLETE
                Select Operator
                  expressions: 'STRING' (type: string), UDFToLong(COALESCE(_col0,0)) (type: bigint), COALESCE(_col1,0) (type: double), (_col2 - _col3) (type: bigint), COALESCE(ndv_compute_bit_vector(_col4),0) (type: bigint), _col4 (type: binary), 'STRING' (type: string), UDFToLong(COALESCE(_col5,0)) (type: bigint), COALESCE(_col6,0) (type: double), (_col2 - _col7) (type: bigint), COALESCE(ndv_compute_bit_vector(_col8),0) (type: bigint), _col8 (type: binary)
                  outputColumnNames: _col0, _col1, _col2, _col3, _col4, _col5, _col6, _col7, _col8, _col9, _col10, _col11
                  Statistics: Num rows: 1 Data size: 532 Basic stats: COMPLETE Column stats: COMPLETE
                  File Output Operator
                    compressed: false
                    Statistics: Num rows: 1 Data size: 532 Basic stats: COMPLETE Column stats: COMPLETE
                    table:
                        input format: org.apache.hadoop.mapred.SequenceFileInputFormat
                        output format: org.apache.hadoop.hive.ql.io.HiveSequenceFileOutputFormat
                        serde: org.apache.hadoop.hive.serde2.lazy.LazySimpleSerDe
        Union 2 
            Vertex: Union 2

  Stage: Stage-3
    Dependency Collection

  Stage: Stage-0
    Move Operator
      tables:
          replace: true
          table:
              input format: org.apache.hadoop.mapred.TextInputFormat
              output format: org.apache.hadoop.hive.ql.io.HiveIgnoreKeyTextOutputFormat
              serde: org.apache.hadoop.hive.serde2.lazy.LazySimpleSerDe
              name: default.src_multi1_n4

  Stage: Stage-4
    Stats Work
      Basic Stats Work:
      Column Stats Desc:
          Columns: key, value
          Column Types: string, string
          Table: default.src_multi1_n4

  Stage: Stage-1
    Move Operator
      tables:
          replace: true
          table:
              input format: org.apache.hadoop.mapred.TextInputFormat
              output format: org.apache.hadoop.hive.ql.io.HiveIgnoreKeyTextOutputFormat
              serde: org.apache.hadoop.hive.serde2.lazy.LazySimpleSerDe
              name: default.src_multi2_n5

  Stage: Stage-5
    Stats Work
      Basic Stats Work:
      Column Stats Desc:
          Columns: key, value
          Column Types: string, string
          Table: default.src_multi2_n5

PREHOOK: query: from (select * from src  union all select * from src) s
insert overwrite table src_multi1_n4 select * where key < 10
insert overwrite table src_multi2_n5 select * where key > 10 and key < 20
PREHOOK: type: QUERY
PREHOOK: Input: default@src
PREHOOK: Output: default@src_multi1_n4
PREHOOK: Output: default@src_multi2_n5
POSTHOOK: query: from (select * from src  union all select * from src) s
insert overwrite table src_multi1_n4 select * where key < 10
insert overwrite table src_multi2_n5 select * where key > 10 and key < 20
POSTHOOK: type: QUERY
POSTHOOK: Input: default@src
POSTHOOK: Output: default@src_multi1_n4
POSTHOOK: Output: default@src_multi2_n5
POSTHOOK: Lineage: src_multi1_n4.key EXPRESSION [(src)src.FieldSchema(name:key, type:string, comment:default), ]
POSTHOOK: Lineage: src_multi1_n4.value EXPRESSION [(src)src.FieldSchema(name:value, type:string, comment:default), ]
POSTHOOK: Lineage: src_multi2_n5.key EXPRESSION [(src)src.FieldSchema(name:key, type:string, comment:default), ]
POSTHOOK: Lineage: src_multi2_n5.value EXPRESSION [(src)src.FieldSchema(name:value, type:string, comment:default), ]
PREHOOK: query: select * from src_multi1_n4
PREHOOK: type: QUERY
PREHOOK: Input: default@src_multi1_n4
#### A masked pattern was here ####
POSTHOOK: query: select * from src_multi1_n4
POSTHOOK: type: QUERY
POSTHOOK: Input: default@src_multi1_n4
#### A masked pattern was here ####
0	val_0
0	val_0
0	val_0
0	val_0
0	val_0
0	val_0
2	val_2
2	val_2
4	val_4
4	val_4
5	val_5
5	val_5
5	val_5
5	val_5
5	val_5
5	val_5
8	val_8
8	val_8
9	val_9
9	val_9
PREHOOK: query: select * from src_multi2_n5
PREHOOK: type: QUERY
PREHOOK: Input: default@src_multi2_n5
#### A masked pattern was here ####
POSTHOOK: query: select * from src_multi2_n5
POSTHOOK: type: QUERY
POSTHOOK: Input: default@src_multi2_n5
#### A masked pattern was here ####
11	val_11
11	val_11
12	val_12
12	val_12
12	val_12
12	val_12
15	val_15
15	val_15
15	val_15
15	val_15
17	val_17
17	val_17
18	val_18
18	val_18
18	val_18
18	val_18
19	val_19
19	val_19
PREHOOK: query: explain
from (select * from src  union all select * from src) s
insert overwrite table src_multi1_n4 select * where key < 10
insert overwrite table src_multi2_n5 select * where key > 10 and key < 20
PREHOOK: type: QUERY
PREHOOK: Input: default@src
PREHOOK: Output: default@src_multi1_n4
PREHOOK: Output: default@src_multi2_n5
POSTHOOK: query: explain
from (select * from src  union all select * from src) s
insert overwrite table src_multi1_n4 select * where key < 10
insert overwrite table src_multi2_n5 select * where key > 10 and key < 20
POSTHOOK: type: QUERY
POSTHOOK: Input: default@src
POSTHOOK: Output: default@src_multi1_n4
POSTHOOK: Output: default@src_multi2_n5
STAGE DEPENDENCIES:
  Stage-2 is a root stage
  Stage-3 depends on stages: Stage-2
  Stage-0 depends on stages: Stage-3
  Stage-4 depends on stages: Stage-0
  Stage-1 depends on stages: Stage-3
  Stage-5 depends on stages: Stage-1

STAGE PLANS:
  Stage: Stage-2
    Tez
#### A masked pattern was here ####
      Edges:
        Map 1 <- Union 2 (CONTAINS)
        Map 5 <- Union 2 (CONTAINS)
        Reducer 3 <- Union 2 (CUSTOM_SIMPLE_EDGE)
        Reducer 4 <- Union 2 (CUSTOM_SIMPLE_EDGE)
#### A masked pattern was here ####
      Vertices:
        Map 1 
            Map Operator Tree:
                TableScan
                  alias: src
                  Statistics: Num rows: 500 Data size: 89000 Basic stats: COMPLETE Column stats: COMPLETE
                  Select Operator
                    expressions: key (type: string), value (type: string)
                    outputColumnNames: _col0, _col1
                    Statistics: Num rows: 500 Data size: 89000 Basic stats: COMPLETE Column stats: COMPLETE
                    Filter Operator
                      predicate: (_col0 < 10) (type: boolean)
                      Statistics: Num rows: 333 Data size: 59274 Basic stats: COMPLETE Column stats: COMPLETE
                      File Output Operator
                        compressed: false
                        Statistics: Num rows: 333 Data size: 59274 Basic stats: COMPLETE Column stats: COMPLETE
                        table:
                            input format: org.apache.hadoop.mapred.TextInputFormat
                            output format: org.apache.hadoop.hive.ql.io.HiveIgnoreKeyTextOutputFormat
                            serde: org.apache.hadoop.hive.serde2.lazy.LazySimpleSerDe
                            name: default.src_multi1_n4
                      Select Operator
                        expressions: _col0 (type: string), _col1 (type: string)
                        outputColumnNames: key, value
                        Statistics: Num rows: 333 Data size: 59274 Basic stats: COMPLETE Column stats: COMPLETE
                        Group By Operator
                          aggregations: max(length(key)), avg(COALESCE(length(key),0)), count(1), count(key), compute_bit_vector_hll(key), max(length(value)), avg(COALESCE(length(value),0)), count(value), compute_bit_vector_hll(value)
                          minReductionHashAggr: 0.99
                          mode: hash
                          outputColumnNames: _col0, _col1, _col2, _col3, _col4, _col5, _col6, _col7, _col8
                          Statistics: Num rows: 1 Data size: 472 Basic stats: COMPLETE Column stats: COMPLETE
                          Reduce Output Operator
                            null sort order: 
                            sort order: 
                            Statistics: Num rows: 1 Data size: 472 Basic stats: COMPLETE Column stats: COMPLETE
                            value expressions: _col0 (type: int), _col1 (type: struct<count:bigint,sum:double,input:int>), _col2 (type: bigint), _col3 (type: bigint), _col4 (type: binary), _col5 (type: int), _col6 (type: struct<count:bigint,sum:double,input:int>), _col7 (type: bigint), _col8 (type: binary)
                    Filter Operator
                      predicate: ((_col0 > 10) and (_col0 < 20)) (type: boolean)
                      Statistics: Num rows: 111 Data size: 19758 Basic stats: COMPLETE Column stats: COMPLETE
                      File Output Operator
                        compressed: false
                        Statistics: Num rows: 111 Data size: 19758 Basic stats: COMPLETE Column stats: COMPLETE
                        table:
                            input format: org.apache.hadoop.mapred.TextInputFormat
                            output format: org.apache.hadoop.hive.ql.io.HiveIgnoreKeyTextOutputFormat
                            serde: org.apache.hadoop.hive.serde2.lazy.LazySimpleSerDe
                            name: default.src_multi2_n5
                      Select Operator
                        expressions: _col0 (type: string), _col1 (type: string)
                        outputColumnNames: key, value
                        Statistics: Num rows: 111 Data size: 19758 Basic stats: COMPLETE Column stats: COMPLETE
                        Group By Operator
                          aggregations: max(length(key)), avg(COALESCE(length(key),0)), count(1), count(key), compute_bit_vector_hll(key), max(length(value)), avg(COALESCE(length(value),0)), count(value), compute_bit_vector_hll(value)
                          minReductionHashAggr: 0.99
                          mode: hash
                          outputColumnNames: _col0, _col1, _col2, _col3, _col4, _col5, _col6, _col7, _col8
                          Statistics: Num rows: 1 Data size: 472 Basic stats: COMPLETE Column stats: COMPLETE
                          Reduce Output Operator
                            null sort order: 
                            sort order: 
                            Statistics: Num rows: 1 Data size: 472 Basic stats: COMPLETE Column stats: COMPLETE
                            value expressions: _col0 (type: int), _col1 (type: struct<count:bigint,sum:double,input:int>), _col2 (type: bigint), _col3 (type: bigint), _col4 (type: binary), _col5 (type: int), _col6 (type: struct<count:bigint,sum:double,input:int>), _col7 (type: bigint), _col8 (type: binary)
            Execution mode: vectorized, llap
            LLAP IO: all inputs
        Map 5 
            Map Operator Tree:
                TableScan
                  alias: src
                  Statistics: Num rows: 500 Data size: 89000 Basic stats: COMPLETE Column stats: COMPLETE
                  Select Operator
                    expressions: key (type: string), value (type: string)
                    outputColumnNames: _col0, _col1
                    Statistics: Num rows: 500 Data size: 89000 Basic stats: COMPLETE Column stats: COMPLETE
                    Filter Operator
                      predicate: (_col0 < 10) (type: boolean)
                      Statistics: Num rows: 333 Data size: 59274 Basic stats: COMPLETE Column stats: COMPLETE
                      File Output Operator
                        compressed: false
                        Statistics: Num rows: 333 Data size: 59274 Basic stats: COMPLETE Column stats: COMPLETE
                        table:
                            input format: org.apache.hadoop.mapred.TextInputFormat
                            output format: org.apache.hadoop.hive.ql.io.HiveIgnoreKeyTextOutputFormat
                            serde: org.apache.hadoop.hive.serde2.lazy.LazySimpleSerDe
                            name: default.src_multi1_n4
                      Select Operator
                        expressions: _col0 (type: string), _col1 (type: string)
                        outputColumnNames: key, value
                        Statistics: Num rows: 333 Data size: 59274 Basic stats: COMPLETE Column stats: COMPLETE
                        Group By Operator
                          aggregations: max(length(key)), avg(COALESCE(length(key),0)), count(1), count(key), compute_bit_vector_hll(key), max(length(value)), avg(COALESCE(length(value),0)), count(value), compute_bit_vector_hll(value)
                          minReductionHashAggr: 0.99
                          mode: hash
                          outputColumnNames: _col0, _col1, _col2, _col3, _col4, _col5, _col6, _col7, _col8
                          Statistics: Num rows: 1 Data size: 472 Basic stats: COMPLETE Column stats: COMPLETE
                          Reduce Output Operator
                            null sort order: 
                            sort order: 
                            Statistics: Num rows: 1 Data size: 472 Basic stats: COMPLETE Column stats: COMPLETE
                            value expressions: _col0 (type: int), _col1 (type: struct<count:bigint,sum:double,input:int>), _col2 (type: bigint), _col3 (type: bigint), _col4 (type: binary), _col5 (type: int), _col6 (type: struct<count:bigint,sum:double,input:int>), _col7 (type: bigint), _col8 (type: binary)
                    Filter Operator
                      predicate: ((_col0 > 10) and (_col0 < 20)) (type: boolean)
                      Statistics: Num rows: 111 Data size: 19758 Basic stats: COMPLETE Column stats: COMPLETE
                      File Output Operator
                        compressed: false
                        Statistics: Num rows: 111 Data size: 19758 Basic stats: COMPLETE Column stats: COMPLETE
                        table:
                            input format: org.apache.hadoop.mapred.TextInputFormat
                            output format: org.apache.hadoop.hive.ql.io.HiveIgnoreKeyTextOutputFormat
                            serde: org.apache.hadoop.hive.serde2.lazy.LazySimpleSerDe
                            name: default.src_multi2_n5
                      Select Operator
                        expressions: _col0 (type: string), _col1 (type: string)
                        outputColumnNames: key, value
                        Statistics: Num rows: 111 Data size: 19758 Basic stats: COMPLETE Column stats: COMPLETE
                        Group By Operator
                          aggregations: max(length(key)), avg(COALESCE(length(key),0)), count(1), count(key), compute_bit_vector_hll(key), max(length(value)), avg(COALESCE(length(value),0)), count(value), compute_bit_vector_hll(value)
                          minReductionHashAggr: 0.99
                          mode: hash
                          outputColumnNames: _col0, _col1, _col2, _col3, _col4, _col5, _col6, _col7, _col8
                          Statistics: Num rows: 1 Data size: 472 Basic stats: COMPLETE Column stats: COMPLETE
                          Reduce Output Operator
                            null sort order: 
                            sort order: 
                            Statistics: Num rows: 1 Data size: 472 Basic stats: COMPLETE Column stats: COMPLETE
                            value expressions: _col0 (type: int), _col1 (type: struct<count:bigint,sum:double,input:int>), _col2 (type: bigint), _col3 (type: bigint), _col4 (type: binary), _col5 (type: int), _col6 (type: struct<count:bigint,sum:double,input:int>), _col7 (type: bigint), _col8 (type: binary)
            Execution mode: vectorized, llap
            LLAP IO: all inputs
        Reducer 3 
            Execution mode: vectorized, llap
            Reduce Operator Tree:
              Group By Operator
                aggregations: max(VALUE._col0), avg(VALUE._col1), count(VALUE._col2), count(VALUE._col3), compute_bit_vector_hll(VALUE._col4), max(VALUE._col5), avg(VALUE._col6), count(VALUE._col7), compute_bit_vector_hll(VALUE._col8)
                mode: mergepartial
                outputColumnNames: _col0, _col1, _col2, _col3, _col4, _col5, _col6, _col7, _col8
                Statistics: Num rows: 1 Data size: 336 Basic stats: COMPLETE Column stats: COMPLETE
                Select Operator
                  expressions: 'STRING' (type: string), UDFToLong(COALESCE(_col0,0)) (type: bigint), COALESCE(_col1,0) (type: double), (_col2 - _col3) (type: bigint), COALESCE(ndv_compute_bit_vector(_col4),0) (type: bigint), _col4 (type: binary), 'STRING' (type: string), UDFToLong(COALESCE(_col5,0)) (type: bigint), COALESCE(_col6,0) (type: double), (_col2 - _col7) (type: bigint), COALESCE(ndv_compute_bit_vector(_col8),0) (type: bigint), _col8 (type: binary)
                  outputColumnNames: _col0, _col1, _col2, _col3, _col4, _col5, _col6, _col7, _col8, _col9, _col10, _col11
                  Statistics: Num rows: 1 Data size: 532 Basic stats: COMPLETE Column stats: COMPLETE
                  File Output Operator
                    compressed: false
                    Statistics: Num rows: 1 Data size: 532 Basic stats: COMPLETE Column stats: COMPLETE
                    table:
                        input format: org.apache.hadoop.mapred.SequenceFileInputFormat
                        output format: org.apache.hadoop.hive.ql.io.HiveSequenceFileOutputFormat
                        serde: org.apache.hadoop.hive.serde2.lazy.LazySimpleSerDe
        Reducer 4 
            Execution mode: vectorized, llap
            Reduce Operator Tree:
              Group By Operator
                aggregations: max(VALUE._col0), avg(VALUE._col1), count(VALUE._col2), count(VALUE._col3), compute_bit_vector_hll(VALUE._col4), max(VALUE._col5), avg(VALUE._col6), count(VALUE._col7), compute_bit_vector_hll(VALUE._col8)
                mode: mergepartial
                outputColumnNames: _col0, _col1, _col2, _col3, _col4, _col5, _col6, _col7, _col8
                Statistics: Num rows: 1 Data size: 336 Basic stats: COMPLETE Column stats: COMPLETE
                Select Operator
                  expressions: 'STRING' (type: string), UDFToLong(COALESCE(_col0,0)) (type: bigint), COALESCE(_col1,0) (type: double), (_col2 - _col3) (type: bigint), COALESCE(ndv_compute_bit_vector(_col4),0) (type: bigint), _col4 (type: binary), 'STRING' (type: string), UDFToLong(COALESCE(_col5,0)) (type: bigint), COALESCE(_col6,0) (type: double), (_col2 - _col7) (type: bigint), COALESCE(ndv_compute_bit_vector(_col8),0) (type: bigint), _col8 (type: binary)
                  outputColumnNames: _col0, _col1, _col2, _col3, _col4, _col5, _col6, _col7, _col8, _col9, _col10, _col11
                  Statistics: Num rows: 1 Data size: 532 Basic stats: COMPLETE Column stats: COMPLETE
                  File Output Operator
                    compressed: false
                    Statistics: Num rows: 1 Data size: 532 Basic stats: COMPLETE Column stats: COMPLETE
                    table:
                        input format: org.apache.hadoop.mapred.SequenceFileInputFormat
                        output format: org.apache.hadoop.hive.ql.io.HiveSequenceFileOutputFormat
                        serde: org.apache.hadoop.hive.serde2.lazy.LazySimpleSerDe
        Union 2 
            Vertex: Union 2

  Stage: Stage-3
    Dependency Collection

  Stage: Stage-0
    Move Operator
      tables:
          replace: true
          table:
              input format: org.apache.hadoop.mapred.TextInputFormat
              output format: org.apache.hadoop.hive.ql.io.HiveIgnoreKeyTextOutputFormat
              serde: org.apache.hadoop.hive.serde2.lazy.LazySimpleSerDe
              name: default.src_multi1_n4

  Stage: Stage-4
    Stats Work
      Basic Stats Work:
      Column Stats Desc:
          Columns: key, value
          Column Types: string, string
          Table: default.src_multi1_n4

  Stage: Stage-1
    Move Operator
      tables:
          replace: true
          table:
              input format: org.apache.hadoop.mapred.TextInputFormat
              output format: org.apache.hadoop.hive.ql.io.HiveIgnoreKeyTextOutputFormat
              serde: org.apache.hadoop.hive.serde2.lazy.LazySimpleSerDe
              name: default.src_multi2_n5

  Stage: Stage-5
    Stats Work
      Basic Stats Work:
      Column Stats Desc:
          Columns: key, value
          Column Types: string, string
          Table: default.src_multi2_n5

PREHOOK: query: from (select * from src  union all select * from src) s
insert overwrite table src_multi1_n4 select * where key < 10
insert overwrite table src_multi2_n5 select * where key > 10 and key < 20
PREHOOK: type: QUERY
PREHOOK: Input: default@src
PREHOOK: Output: default@src_multi1_n4
PREHOOK: Output: default@src_multi2_n5
POSTHOOK: query: from (select * from src  union all select * from src) s
insert overwrite table src_multi1_n4 select * where key < 10
insert overwrite table src_multi2_n5 select * where key > 10 and key < 20
POSTHOOK: type: QUERY
POSTHOOK: Input: default@src
POSTHOOK: Output: default@src_multi1_n4
POSTHOOK: Output: default@src_multi2_n5
POSTHOOK: Lineage: src_multi1_n4.key EXPRESSION [(src)src.FieldSchema(name:key, type:string, comment:default), ]
POSTHOOK: Lineage: src_multi1_n4.value EXPRESSION [(src)src.FieldSchema(name:value, type:string, comment:default), ]
POSTHOOK: Lineage: src_multi2_n5.key EXPRESSION [(src)src.FieldSchema(name:key, type:string, comment:default), ]
POSTHOOK: Lineage: src_multi2_n5.value EXPRESSION [(src)src.FieldSchema(name:value, type:string, comment:default), ]
PREHOOK: query: select * from src_multi1_n4
PREHOOK: type: QUERY
PREHOOK: Input: default@src_multi1_n4
#### A masked pattern was here ####
POSTHOOK: query: select * from src_multi1_n4
POSTHOOK: type: QUERY
POSTHOOK: Input: default@src_multi1_n4
#### A masked pattern was here ####
0	val_0
0	val_0
0	val_0
0	val_0
0	val_0
0	val_0
2	val_2
2	val_2
4	val_4
4	val_4
5	val_5
5	val_5
5	val_5
5	val_5
5	val_5
5	val_5
8	val_8
8	val_8
9	val_9
9	val_9
PREHOOK: query: select * from src_multi2_n5
PREHOOK: type: QUERY
PREHOOK: Input: default@src_multi2_n5
#### A masked pattern was here ####
POSTHOOK: query: select * from src_multi2_n5
POSTHOOK: type: QUERY
POSTHOOK: Input: default@src_multi2_n5
#### A masked pattern was here ####
11	val_11
11	val_11
12	val_12
12	val_12
12	val_12
12	val_12
15	val_15
15	val_15
15	val_15
15	val_15
17	val_17
17	val_17
18	val_18
18	val_18
18	val_18
18	val_18
19	val_19
19	val_19
PREHOOK: query: explain
from (select * from src  union all select * from src) s
insert overwrite table src_multi1_n4 select * where key < 10
insert overwrite table src_multi2_n5 select * where key > 10 and key < 20
PREHOOK: type: QUERY
PREHOOK: Input: default@src
PREHOOK: Output: default@src_multi1_n4
PREHOOK: Output: default@src_multi2_n5
POSTHOOK: query: explain
from (select * from src  union all select * from src) s
insert overwrite table src_multi1_n4 select * where key < 10
insert overwrite table src_multi2_n5 select * where key > 10 and key < 20
POSTHOOK: type: QUERY
POSTHOOK: Input: default@src
POSTHOOK: Output: default@src_multi1_n4
POSTHOOK: Output: default@src_multi2_n5
STAGE DEPENDENCIES:
  Stage-2 is a root stage
  Stage-3 depends on stages: Stage-2
  Stage-0 depends on stages: Stage-3
  Stage-4 depends on stages: Stage-0
  Stage-1 depends on stages: Stage-3
  Stage-5 depends on stages: Stage-1

STAGE PLANS:
  Stage: Stage-2
    Tez
#### A masked pattern was here ####
      Edges:
        Map 1 <- Union 2 (CONTAINS)
        Map 5 <- Union 2 (CONTAINS)
        Reducer 3 <- Union 2 (CUSTOM_SIMPLE_EDGE)
        Reducer 4 <- Union 2 (CUSTOM_SIMPLE_EDGE)
#### A masked pattern was here ####
      Vertices:
        Map 1 
            Map Operator Tree:
                TableScan
                  alias: src
                  Statistics: Num rows: 500 Data size: 89000 Basic stats: COMPLETE Column stats: COMPLETE
                  Select Operator
                    expressions: key (type: string), value (type: string)
                    outputColumnNames: _col0, _col1
                    Statistics: Num rows: 500 Data size: 89000 Basic stats: COMPLETE Column stats: COMPLETE
                    Filter Operator
                      predicate: (_col0 < 10) (type: boolean)
                      Statistics: Num rows: 333 Data size: 59274 Basic stats: COMPLETE Column stats: COMPLETE
                      File Output Operator
                        compressed: false
                        Statistics: Num rows: 333 Data size: 59274 Basic stats: COMPLETE Column stats: COMPLETE
                        table:
                            input format: org.apache.hadoop.mapred.TextInputFormat
                            output format: org.apache.hadoop.hive.ql.io.HiveIgnoreKeyTextOutputFormat
                            serde: org.apache.hadoop.hive.serde2.lazy.LazySimpleSerDe
                            name: default.src_multi1_n4
                      Select Operator
                        expressions: _col0 (type: string), _col1 (type: string)
                        outputColumnNames: key, value
                        Statistics: Num rows: 333 Data size: 59274 Basic stats: COMPLETE Column stats: COMPLETE
                        Group By Operator
                          aggregations: max(length(key)), avg(COALESCE(length(key),0)), count(1), count(key), compute_bit_vector_hll(key), max(length(value)), avg(COALESCE(length(value),0)), count(value), compute_bit_vector_hll(value)
                          minReductionHashAggr: 0.99
                          mode: hash
                          outputColumnNames: _col0, _col1, _col2, _col3, _col4, _col5, _col6, _col7, _col8
                          Statistics: Num rows: 1 Data size: 472 Basic stats: COMPLETE Column stats: COMPLETE
                          Reduce Output Operator
                            null sort order: 
                            sort order: 
                            Statistics: Num rows: 1 Data size: 472 Basic stats: COMPLETE Column stats: COMPLETE
                            value expressions: _col0 (type: int), _col1 (type: struct<count:bigint,sum:double,input:int>), _col2 (type: bigint), _col3 (type: bigint), _col4 (type: binary), _col5 (type: int), _col6 (type: struct<count:bigint,sum:double,input:int>), _col7 (type: bigint), _col8 (type: binary)
                    Filter Operator
                      predicate: ((_col0 > 10) and (_col0 < 20)) (type: boolean)
                      Statistics: Num rows: 111 Data size: 19758 Basic stats: COMPLETE Column stats: COMPLETE
                      File Output Operator
                        compressed: false
                        Statistics: Num rows: 111 Data size: 19758 Basic stats: COMPLETE Column stats: COMPLETE
                        table:
                            input format: org.apache.hadoop.mapred.TextInputFormat
                            output format: org.apache.hadoop.hive.ql.io.HiveIgnoreKeyTextOutputFormat
                            serde: org.apache.hadoop.hive.serde2.lazy.LazySimpleSerDe
                            name: default.src_multi2_n5
                      Select Operator
                        expressions: _col0 (type: string), _col1 (type: string)
                        outputColumnNames: key, value
                        Statistics: Num rows: 111 Data size: 19758 Basic stats: COMPLETE Column stats: COMPLETE
                        Group By Operator
                          aggregations: max(length(key)), avg(COALESCE(length(key),0)), count(1), count(key), compute_bit_vector_hll(key), max(length(value)), avg(COALESCE(length(value),0)), count(value), compute_bit_vector_hll(value)
                          minReductionHashAggr: 0.99
                          mode: hash
                          outputColumnNames: _col0, _col1, _col2, _col3, _col4, _col5, _col6, _col7, _col8
                          Statistics: Num rows: 1 Data size: 472 Basic stats: COMPLETE Column stats: COMPLETE
                          Reduce Output Operator
                            null sort order: 
                            sort order: 
                            Statistics: Num rows: 1 Data size: 472 Basic stats: COMPLETE Column stats: COMPLETE
                            value expressions: _col0 (type: int), _col1 (type: struct<count:bigint,sum:double,input:int>), _col2 (type: bigint), _col3 (type: bigint), _col4 (type: binary), _col5 (type: int), _col6 (type: struct<count:bigint,sum:double,input:int>), _col7 (type: bigint), _col8 (type: binary)
            Execution mode: vectorized, llap
            LLAP IO: all inputs
        Map 5 
            Map Operator Tree:
                TableScan
                  alias: src
                  Statistics: Num rows: 500 Data size: 89000 Basic stats: COMPLETE Column stats: COMPLETE
                  Select Operator
                    expressions: key (type: string), value (type: string)
                    outputColumnNames: _col0, _col1
                    Statistics: Num rows: 500 Data size: 89000 Basic stats: COMPLETE Column stats: COMPLETE
                    Filter Operator
                      predicate: (_col0 < 10) (type: boolean)
                      Statistics: Num rows: 333 Data size: 59274 Basic stats: COMPLETE Column stats: COMPLETE
                      File Output Operator
                        compressed: false
                        Statistics: Num rows: 333 Data size: 59274 Basic stats: COMPLETE Column stats: COMPLETE
                        table:
                            input format: org.apache.hadoop.mapred.TextInputFormat
                            output format: org.apache.hadoop.hive.ql.io.HiveIgnoreKeyTextOutputFormat
                            serde: org.apache.hadoop.hive.serde2.lazy.LazySimpleSerDe
                            name: default.src_multi1_n4
                      Select Operator
                        expressions: _col0 (type: string), _col1 (type: string)
                        outputColumnNames: key, value
                        Statistics: Num rows: 333 Data size: 59274 Basic stats: COMPLETE Column stats: COMPLETE
                        Group By Operator
                          aggregations: max(length(key)), avg(COALESCE(length(key),0)), count(1), count(key), compute_bit_vector_hll(key), max(length(value)), avg(COALESCE(length(value),0)), count(value), compute_bit_vector_hll(value)
                          minReductionHashAggr: 0.99
                          mode: hash
                          outputColumnNames: _col0, _col1, _col2, _col3, _col4, _col5, _col6, _col7, _col8
                          Statistics: Num rows: 1 Data size: 472 Basic stats: COMPLETE Column stats: COMPLETE
                          Reduce Output Operator
                            null sort order: 
                            sort order: 
                            Statistics: Num rows: 1 Data size: 472 Basic stats: COMPLETE Column stats: COMPLETE
                            value expressions: _col0 (type: int), _col1 (type: struct<count:bigint,sum:double,input:int>), _col2 (type: bigint), _col3 (type: bigint), _col4 (type: binary), _col5 (type: int), _col6 (type: struct<count:bigint,sum:double,input:int>), _col7 (type: bigint), _col8 (type: binary)
                    Filter Operator
                      predicate: ((_col0 > 10) and (_col0 < 20)) (type: boolean)
                      Statistics: Num rows: 111 Data size: 19758 Basic stats: COMPLETE Column stats: COMPLETE
                      File Output Operator
                        compressed: false
                        Statistics: Num rows: 111 Data size: 19758 Basic stats: COMPLETE Column stats: COMPLETE
                        table:
                            input format: org.apache.hadoop.mapred.TextInputFormat
                            output format: org.apache.hadoop.hive.ql.io.HiveIgnoreKeyTextOutputFormat
                            serde: org.apache.hadoop.hive.serde2.lazy.LazySimpleSerDe
                            name: default.src_multi2_n5
                      Select Operator
                        expressions: _col0 (type: string), _col1 (type: string)
                        outputColumnNames: key, value
                        Statistics: Num rows: 111 Data size: 19758 Basic stats: COMPLETE Column stats: COMPLETE
                        Group By Operator
                          aggregations: max(length(key)), avg(COALESCE(length(key),0)), count(1), count(key), compute_bit_vector_hll(key), max(length(value)), avg(COALESCE(length(value),0)), count(value), compute_bit_vector_hll(value)
                          minReductionHashAggr: 0.99
                          mode: hash
                          outputColumnNames: _col0, _col1, _col2, _col3, _col4, _col5, _col6, _col7, _col8
                          Statistics: Num rows: 1 Data size: 472 Basic stats: COMPLETE Column stats: COMPLETE
                          Reduce Output Operator
                            null sort order: 
                            sort order: 
                            Statistics: Num rows: 1 Data size: 472 Basic stats: COMPLETE Column stats: COMPLETE
                            value expressions: _col0 (type: int), _col1 (type: struct<count:bigint,sum:double,input:int>), _col2 (type: bigint), _col3 (type: bigint), _col4 (type: binary), _col5 (type: int), _col6 (type: struct<count:bigint,sum:double,input:int>), _col7 (type: bigint), _col8 (type: binary)
            Execution mode: vectorized, llap
            LLAP IO: all inputs
        Reducer 3 
            Execution mode: vectorized, llap
            Reduce Operator Tree:
              Group By Operator
                aggregations: max(VALUE._col0), avg(VALUE._col1), count(VALUE._col2), count(VALUE._col3), compute_bit_vector_hll(VALUE._col4), max(VALUE._col5), avg(VALUE._col6), count(VALUE._col7), compute_bit_vector_hll(VALUE._col8)
                mode: mergepartial
                outputColumnNames: _col0, _col1, _col2, _col3, _col4, _col5, _col6, _col7, _col8
                Statistics: Num rows: 1 Data size: 336 Basic stats: COMPLETE Column stats: COMPLETE
                Select Operator
                  expressions: 'STRING' (type: string), UDFToLong(COALESCE(_col0,0)) (type: bigint), COALESCE(_col1,0) (type: double), (_col2 - _col3) (type: bigint), COALESCE(ndv_compute_bit_vector(_col4),0) (type: bigint), _col4 (type: binary), 'STRING' (type: string), UDFToLong(COALESCE(_col5,0)) (type: bigint), COALESCE(_col6,0) (type: double), (_col2 - _col7) (type: bigint), COALESCE(ndv_compute_bit_vector(_col8),0) (type: bigint), _col8 (type: binary)
                  outputColumnNames: _col0, _col1, _col2, _col3, _col4, _col5, _col6, _col7, _col8, _col9, _col10, _col11
                  Statistics: Num rows: 1 Data size: 532 Basic stats: COMPLETE Column stats: COMPLETE
                  File Output Operator
                    compressed: false
                    Statistics: Num rows: 1 Data size: 532 Basic stats: COMPLETE Column stats: COMPLETE
                    table:
                        input format: org.apache.hadoop.mapred.SequenceFileInputFormat
                        output format: org.apache.hadoop.hive.ql.io.HiveSequenceFileOutputFormat
                        serde: org.apache.hadoop.hive.serde2.lazy.LazySimpleSerDe
        Reducer 4 
            Execution mode: vectorized, llap
            Reduce Operator Tree:
              Group By Operator
                aggregations: max(VALUE._col0), avg(VALUE._col1), count(VALUE._col2), count(VALUE._col3), compute_bit_vector_hll(VALUE._col4), max(VALUE._col5), avg(VALUE._col6), count(VALUE._col7), compute_bit_vector_hll(VALUE._col8)
                mode: mergepartial
                outputColumnNames: _col0, _col1, _col2, _col3, _col4, _col5, _col6, _col7, _col8
                Statistics: Num rows: 1 Data size: 336 Basic stats: COMPLETE Column stats: COMPLETE
                Select Operator
                  expressions: 'STRING' (type: string), UDFToLong(COALESCE(_col0,0)) (type: bigint), COALESCE(_col1,0) (type: double), (_col2 - _col3) (type: bigint), COALESCE(ndv_compute_bit_vector(_col4),0) (type: bigint), _col4 (type: binary), 'STRING' (type: string), UDFToLong(COALESCE(_col5,0)) (type: bigint), COALESCE(_col6,0) (type: double), (_col2 - _col7) (type: bigint), COALESCE(ndv_compute_bit_vector(_col8),0) (type: bigint), _col8 (type: binary)
                  outputColumnNames: _col0, _col1, _col2, _col3, _col4, _col5, _col6, _col7, _col8, _col9, _col10, _col11
                  Statistics: Num rows: 1 Data size: 532 Basic stats: COMPLETE Column stats: COMPLETE
                  File Output Operator
                    compressed: false
                    Statistics: Num rows: 1 Data size: 532 Basic stats: COMPLETE Column stats: COMPLETE
                    table:
                        input format: org.apache.hadoop.mapred.SequenceFileInputFormat
                        output format: org.apache.hadoop.hive.ql.io.HiveSequenceFileOutputFormat
                        serde: org.apache.hadoop.hive.serde2.lazy.LazySimpleSerDe
        Union 2 
            Vertex: Union 2

  Stage: Stage-3
    Dependency Collection

  Stage: Stage-0
    Move Operator
      tables:
          replace: true
          table:
              input format: org.apache.hadoop.mapred.TextInputFormat
              output format: org.apache.hadoop.hive.ql.io.HiveIgnoreKeyTextOutputFormat
              serde: org.apache.hadoop.hive.serde2.lazy.LazySimpleSerDe
              name: default.src_multi1_n4

  Stage: Stage-4
    Stats Work
      Basic Stats Work:
      Column Stats Desc:
          Columns: key, value
          Column Types: string, string
          Table: default.src_multi1_n4

  Stage: Stage-1
    Move Operator
      tables:
          replace: true
          table:
              input format: org.apache.hadoop.mapred.TextInputFormat
              output format: org.apache.hadoop.hive.ql.io.HiveIgnoreKeyTextOutputFormat
              serde: org.apache.hadoop.hive.serde2.lazy.LazySimpleSerDe
              name: default.src_multi2_n5

  Stage: Stage-5
    Stats Work
      Basic Stats Work:
      Column Stats Desc:
          Columns: key, value
          Column Types: string, string
          Table: default.src_multi2_n5

PREHOOK: query: from (select * from src  union all select * from src) s
insert overwrite table src_multi1_n4 select * where key < 10
insert overwrite table src_multi2_n5 select * where key > 10 and key < 20
PREHOOK: type: QUERY
PREHOOK: Input: default@src
PREHOOK: Output: default@src_multi1_n4
PREHOOK: Output: default@src_multi2_n5
POSTHOOK: query: from (select * from src  union all select * from src) s
insert overwrite table src_multi1_n4 select * where key < 10
insert overwrite table src_multi2_n5 select * where key > 10 and key < 20
POSTHOOK: type: QUERY
POSTHOOK: Input: default@src
POSTHOOK: Output: default@src_multi1_n4
POSTHOOK: Output: default@src_multi2_n5
POSTHOOK: Lineage: src_multi1_n4.key EXPRESSION [(src)src.FieldSchema(name:key, type:string, comment:default), ]
POSTHOOK: Lineage: src_multi1_n4.value EXPRESSION [(src)src.FieldSchema(name:value, type:string, comment:default), ]
POSTHOOK: Lineage: src_multi2_n5.key EXPRESSION [(src)src.FieldSchema(name:key, type:string, comment:default), ]
POSTHOOK: Lineage: src_multi2_n5.value EXPRESSION [(src)src.FieldSchema(name:value, type:string, comment:default), ]
PREHOOK: query: select * from src_multi1_n4
PREHOOK: type: QUERY
PREHOOK: Input: default@src_multi1_n4
#### A masked pattern was here ####
POSTHOOK: query: select * from src_multi1_n4
POSTHOOK: type: QUERY
POSTHOOK: Input: default@src_multi1_n4
#### A masked pattern was here ####
0	val_0
0	val_0
0	val_0
0	val_0
0	val_0
0	val_0
2	val_2
2	val_2
4	val_4
4	val_4
5	val_5
5	val_5
5	val_5
5	val_5
5	val_5
5	val_5
8	val_8
8	val_8
9	val_9
9	val_9
PREHOOK: query: select * from src_multi2_n5
PREHOOK: type: QUERY
PREHOOK: Input: default@src_multi2_n5
#### A masked pattern was here ####
POSTHOOK: query: select * from src_multi2_n5
POSTHOOK: type: QUERY
POSTHOOK: Input: default@src_multi2_n5
#### A masked pattern was here ####
11	val_11
11	val_11
12	val_12
12	val_12
12	val_12
12	val_12
15	val_15
15	val_15
15	val_15
15	val_15
17	val_17
17	val_17
18	val_18
18	val_18
18	val_18
18	val_18
19	val_19
19	val_19
#### A masked pattern was here ####
PREHOOK: query: explain
from src 
#### A masked pattern was here ####
PREHOOK: type: QUERY
PREHOOK: Input: default@src
#### A masked pattern was here ####
POSTHOOK: query: explain
from src 
#### A masked pattern was here ####
POSTHOOK: type: QUERY
POSTHOOK: Input: default@src
#### A masked pattern was here ####
STAGE DEPENDENCIES:
  Stage-3 is a root stage
  Stage-4 depends on stages: Stage-3
  Stage-0 depends on stages: Stage-3
  Stage-1 depends on stages: Stage-3
  Stage-2 depends on stages: Stage-3

STAGE PLANS:
  Stage: Stage-3
    Tez
#### A masked pattern was here ####
      Vertices:
        Map 1 
            Map Operator Tree:
                TableScan
                  alias: src
                  Statistics: Num rows: 500 Data size: 89000 Basic stats: COMPLETE Column stats: COMPLETE
                  Filter Operator
                    predicate: (key = 0) (type: boolean)
                    Statistics: Num rows: 2 Data size: 356 Basic stats: COMPLETE Column stats: COMPLETE
                    Select Operator
                      expressions: key (type: string), value (type: string)
                      outputColumnNames: _col0, _col1
                      Statistics: Num rows: 2 Data size: 356 Basic stats: COMPLETE Column stats: COMPLETE
                      File Output Operator
                        compressed: false
                        Statistics: Num rows: 2 Data size: 356 Basic stats: COMPLETE Column stats: COMPLETE
                        table:
                            input format: org.apache.hadoop.mapred.TextInputFormat
                            output format: org.apache.hadoop.hive.ql.io.HiveIgnoreKeyTextOutputFormat
                            serde: org.apache.hadoop.hive.serde2.lazy.LazySimpleSerDe
                  Filter Operator
                    predicate: (key = 2) (type: boolean)
                    Statistics: Num rows: 2 Data size: 356 Basic stats: COMPLETE Column stats: COMPLETE
                    Select Operator
                      expressions: key (type: string), value (type: string)
                      outputColumnNames: _col0, _col1
                      Statistics: Num rows: 2 Data size: 356 Basic stats: COMPLETE Column stats: COMPLETE
                      File Output Operator
                        compressed: false
                        Statistics: Num rows: 2 Data size: 356 Basic stats: COMPLETE Column stats: COMPLETE
                        table:
                            input format: org.apache.hadoop.mapred.TextInputFormat
                            output format: org.apache.hadoop.hive.ql.io.HiveIgnoreKeyTextOutputFormat
                            serde: org.apache.hadoop.hive.serde2.lazy.LazySimpleSerDe
                  Filter Operator
                    predicate: (key = 4) (type: boolean)
                    Statistics: Num rows: 2 Data size: 356 Basic stats: COMPLETE Column stats: COMPLETE
                    Select Operator
                      expressions: key (type: string), value (type: string)
                      outputColumnNames: _col0, _col1
                      Statistics: Num rows: 2 Data size: 356 Basic stats: COMPLETE Column stats: COMPLETE
                      File Output Operator
                        compressed: false
                        Statistics: Num rows: 2 Data size: 356 Basic stats: COMPLETE Column stats: COMPLETE
                        table:
                            input format: org.apache.hadoop.mapred.TextInputFormat
                            output format: org.apache.hadoop.hive.ql.io.HiveIgnoreKeyTextOutputFormat
                            serde: org.apache.hadoop.hive.serde2.lazy.LazySimpleSerDe
            Execution mode: vectorized, llap
            LLAP IO: all inputs

  Stage: Stage-4
    Dependency Collection

  Stage: Stage-0
    Move Operator
      files:
          hdfs directory: false
#### A masked pattern was here ####

  Stage: Stage-1
    Move Operator
      files:
          hdfs directory: false
#### A masked pattern was here ####

  Stage: Stage-2
    Move Operator
      files:
          hdfs directory: false
#### A masked pattern was here ####

PREHOOK: query: from src 
#### A masked pattern was here ####
PREHOOK: type: QUERY
PREHOOK: Input: default@src
#### A masked pattern was here ####
POSTHOOK: query: from src 
#### A masked pattern was here ####
POSTHOOK: type: QUERY
POSTHOOK: Input: default@src
#### A masked pattern was here ####
Found 3 items
#### A masked pattern was here ####
PREHOOK: query: explain
from src 
#### A masked pattern was here ####
PREHOOK: type: QUERY
PREHOOK: Input: default@src
#### A masked pattern was here ####
POSTHOOK: query: explain
from src 
#### A masked pattern was here ####
POSTHOOK: type: QUERY
POSTHOOK: Input: default@src
#### A masked pattern was here ####
STAGE DEPENDENCIES:
  Stage-3 is a root stage
  Stage-4 depends on stages: Stage-3
  Stage-0 depends on stages: Stage-3
  Stage-1 depends on stages: Stage-3
  Stage-2 depends on stages: Stage-3

STAGE PLANS:
  Stage: Stage-3
    Tez
#### A masked pattern was here ####
      Vertices:
        Map 1 
            Map Operator Tree:
                TableScan
                  alias: src
                  Statistics: Num rows: 500 Data size: 89000 Basic stats: COMPLETE Column stats: COMPLETE
                  Filter Operator
                    predicate: (key = 0) (type: boolean)
                    Statistics: Num rows: 2 Data size: 356 Basic stats: COMPLETE Column stats: COMPLETE
                    Select Operator
                      expressions: key (type: string), value (type: string)
                      outputColumnNames: _col0, _col1
                      Statistics: Num rows: 2 Data size: 356 Basic stats: COMPLETE Column stats: COMPLETE
                      File Output Operator
                        compressed: false
                        Statistics: Num rows: 2 Data size: 356 Basic stats: COMPLETE Column stats: COMPLETE
                        table:
                            input format: org.apache.hadoop.mapred.TextInputFormat
                            output format: org.apache.hadoop.hive.ql.io.HiveIgnoreKeyTextOutputFormat
                            serde: org.apache.hadoop.hive.serde2.lazy.LazySimpleSerDe
                  Filter Operator
                    predicate: (key = 2) (type: boolean)
                    Statistics: Num rows: 2 Data size: 356 Basic stats: COMPLETE Column stats: COMPLETE
                    Select Operator
                      expressions: key (type: string), value (type: string)
                      outputColumnNames: _col0, _col1
                      Statistics: Num rows: 2 Data size: 356 Basic stats: COMPLETE Column stats: COMPLETE
                      File Output Operator
                        compressed: false
                        Statistics: Num rows: 2 Data size: 356 Basic stats: COMPLETE Column stats: COMPLETE
                        table:
                            input format: org.apache.hadoop.mapred.TextInputFormat
                            output format: org.apache.hadoop.hive.ql.io.HiveIgnoreKeyTextOutputFormat
                            serde: org.apache.hadoop.hive.serde2.lazy.LazySimpleSerDe
                  Filter Operator
                    predicate: (key = 4) (type: boolean)
                    Statistics: Num rows: 2 Data size: 356 Basic stats: COMPLETE Column stats: COMPLETE
                    Select Operator
                      expressions: key (type: string), value (type: string)
                      outputColumnNames: _col0, _col1
                      Statistics: Num rows: 2 Data size: 356 Basic stats: COMPLETE Column stats: COMPLETE
                      File Output Operator
                        compressed: false
                        Statistics: Num rows: 2 Data size: 356 Basic stats: COMPLETE Column stats: COMPLETE
                        table:
                            input format: org.apache.hadoop.mapred.TextInputFormat
                            output format: org.apache.hadoop.hive.ql.io.HiveIgnoreKeyTextOutputFormat
                            serde: org.apache.hadoop.hive.serde2.lazy.LazySimpleSerDe
            Execution mode: vectorized, llap
            LLAP IO: all inputs

  Stage: Stage-4
    Dependency Collection

  Stage: Stage-0
    Move Operator
      files:
          hdfs directory: false
#### A masked pattern was here ####

  Stage: Stage-1
    Move Operator
      files:
          hdfs directory: false
#### A masked pattern was here ####

  Stage: Stage-2
    Move Operator
      files:
          hdfs directory: false
#### A masked pattern was here ####

PREHOOK: query: from src 
#### A masked pattern was here ####
PREHOOK: type: QUERY
PREHOOK: Input: default@src
#### A masked pattern was here ####
POSTHOOK: query: from src 
#### A masked pattern was here ####
POSTHOOK: type: QUERY
POSTHOOK: Input: default@src
#### A masked pattern was here ####
Found 3 items
#### A masked pattern was here ####
PREHOOK: query: explain
from src 
#### A masked pattern was here ####
PREHOOK: type: QUERY
PREHOOK: Input: default@src
#### A masked pattern was here ####
POSTHOOK: query: explain
from src 
#### A masked pattern was here ####
POSTHOOK: type: QUERY
POSTHOOK: Input: default@src
#### A masked pattern was here ####
STAGE DEPENDENCIES:
  Stage-3 is a root stage
  Stage-4 depends on stages: Stage-3
  Stage-0 depends on stages: Stage-3
  Stage-1 depends on stages: Stage-3
  Stage-2 depends on stages: Stage-3

STAGE PLANS:
  Stage: Stage-3
    Tez
#### A masked pattern was here ####
      Vertices:
        Map 1 
            Map Operator Tree:
                TableScan
                  alias: src
                  Statistics: Num rows: 500 Data size: 89000 Basic stats: COMPLETE Column stats: COMPLETE
                  Filter Operator
                    predicate: (key = 0) (type: boolean)
                    Statistics: Num rows: 2 Data size: 356 Basic stats: COMPLETE Column stats: COMPLETE
                    Select Operator
                      expressions: key (type: string), value (type: string)
                      outputColumnNames: _col0, _col1
                      Statistics: Num rows: 2 Data size: 356 Basic stats: COMPLETE Column stats: COMPLETE
                      File Output Operator
                        compressed: false
                        Statistics: Num rows: 2 Data size: 356 Basic stats: COMPLETE Column stats: COMPLETE
                        table:
                            input format: org.apache.hadoop.mapred.TextInputFormat
                            output format: org.apache.hadoop.hive.ql.io.HiveIgnoreKeyTextOutputFormat
                            serde: org.apache.hadoop.hive.serde2.lazy.LazySimpleSerDe
                  Filter Operator
                    predicate: (key = 2) (type: boolean)
                    Statistics: Num rows: 2 Data size: 356 Basic stats: COMPLETE Column stats: COMPLETE
                    Select Operator
                      expressions: key (type: string), value (type: string)
                      outputColumnNames: _col0, _col1
                      Statistics: Num rows: 2 Data size: 356 Basic stats: COMPLETE Column stats: COMPLETE
                      File Output Operator
                        compressed: false
                        Statistics: Num rows: 2 Data size: 356 Basic stats: COMPLETE Column stats: COMPLETE
                        table:
                            input format: org.apache.hadoop.mapred.TextInputFormat
                            output format: org.apache.hadoop.hive.ql.io.HiveIgnoreKeyTextOutputFormat
                            serde: org.apache.hadoop.hive.serde2.lazy.LazySimpleSerDe
                  Filter Operator
                    predicate: (key = 4) (type: boolean)
                    Statistics: Num rows: 2 Data size: 356 Basic stats: COMPLETE Column stats: COMPLETE
                    Select Operator
                      expressions: key (type: string), value (type: string)
                      outputColumnNames: _col0, _col1
                      Statistics: Num rows: 2 Data size: 356 Basic stats: COMPLETE Column stats: COMPLETE
                      File Output Operator
                        compressed: false
                        Statistics: Num rows: 2 Data size: 356 Basic stats: COMPLETE Column stats: COMPLETE
                        table:
                            input format: org.apache.hadoop.mapred.TextInputFormat
                            output format: org.apache.hadoop.hive.ql.io.HiveIgnoreKeyTextOutputFormat
                            serde: org.apache.hadoop.hive.serde2.lazy.LazySimpleSerDe
            Execution mode: vectorized, llap
            LLAP IO: all inputs

  Stage: Stage-4
    Dependency Collection

  Stage: Stage-0
    Move Operator
      files:
          hdfs directory: false
#### A masked pattern was here ####

  Stage: Stage-1
    Move Operator
      files:
          hdfs directory: false
#### A masked pattern was here ####

  Stage: Stage-2
    Move Operator
      files:
          hdfs directory: false
#### A masked pattern was here ####

PREHOOK: query: from src 
#### A masked pattern was here ####
PREHOOK: type: QUERY
PREHOOK: Input: default@src
#### A masked pattern was here ####
POSTHOOK: query: from src 
#### A masked pattern was here ####
POSTHOOK: type: QUERY
POSTHOOK: Input: default@src
#### A masked pattern was here ####
Found 3 items
#### A masked pattern was here ####
PREHOOK: query: explain
from src 
#### A masked pattern was here ####
PREHOOK: type: QUERY
PREHOOK: Input: default@src
#### A masked pattern was here ####
POSTHOOK: query: explain
from src 
#### A masked pattern was here ####
POSTHOOK: type: QUERY
POSTHOOK: Input: default@src
#### A masked pattern was here ####
STAGE DEPENDENCIES:
  Stage-3 is a root stage
  Stage-4 depends on stages: Stage-3
  Stage-0 depends on stages: Stage-3
  Stage-1 depends on stages: Stage-3
  Stage-2 depends on stages: Stage-3

STAGE PLANS:
  Stage: Stage-3
    Tez
#### A masked pattern was here ####
      Vertices:
        Map 1 
            Map Operator Tree:
                TableScan
                  alias: src
                  Statistics: Num rows: 500 Data size: 89000 Basic stats: COMPLETE Column stats: COMPLETE
                  Filter Operator
                    predicate: (key = 0) (type: boolean)
                    Statistics: Num rows: 2 Data size: 356 Basic stats: COMPLETE Column stats: COMPLETE
                    Select Operator
                      expressions: key (type: string), value (type: string)
                      outputColumnNames: _col0, _col1
                      Statistics: Num rows: 2 Data size: 356 Basic stats: COMPLETE Column stats: COMPLETE
                      File Output Operator
                        compressed: false
                        Statistics: Num rows: 2 Data size: 356 Basic stats: COMPLETE Column stats: COMPLETE
                        table:
                            input format: org.apache.hadoop.mapred.TextInputFormat
                            output format: org.apache.hadoop.hive.ql.io.HiveIgnoreKeyTextOutputFormat
                            serde: org.apache.hadoop.hive.serde2.lazy.LazySimpleSerDe
                  Filter Operator
                    predicate: (key = 2) (type: boolean)
                    Statistics: Num rows: 2 Data size: 356 Basic stats: COMPLETE Column stats: COMPLETE
                    Select Operator
                      expressions: key (type: string), value (type: string)
                      outputColumnNames: _col0, _col1
                      Statistics: Num rows: 2 Data size: 356 Basic stats: COMPLETE Column stats: COMPLETE
                      File Output Operator
                        compressed: false
                        Statistics: Num rows: 2 Data size: 356 Basic stats: COMPLETE Column stats: COMPLETE
                        table:
                            input format: org.apache.hadoop.mapred.TextInputFormat
                            output format: org.apache.hadoop.hive.ql.io.HiveIgnoreKeyTextOutputFormat
                            serde: org.apache.hadoop.hive.serde2.lazy.LazySimpleSerDe
                  Filter Operator
                    predicate: (key = 4) (type: boolean)
                    Statistics: Num rows: 2 Data size: 356 Basic stats: COMPLETE Column stats: COMPLETE
                    Select Operator
                      expressions: key (type: string), value (type: string)
                      outputColumnNames: _col0, _col1
                      Statistics: Num rows: 2 Data size: 356 Basic stats: COMPLETE Column stats: COMPLETE
                      File Output Operator
                        compressed: false
                        Statistics: Num rows: 2 Data size: 356 Basic stats: COMPLETE Column stats: COMPLETE
                        table:
                            input format: org.apache.hadoop.mapred.TextInputFormat
                            output format: org.apache.hadoop.hive.ql.io.HiveIgnoreKeyTextOutputFormat
                            serde: org.apache.hadoop.hive.serde2.lazy.LazySimpleSerDe
            Execution mode: vectorized, llap
            LLAP IO: all inputs

  Stage: Stage-4
    Dependency Collection

  Stage: Stage-0
    Move Operator
      files:
          hdfs directory: false
#### A masked pattern was here ####

  Stage: Stage-1
    Move Operator
      files:
          hdfs directory: false
#### A masked pattern was here ####

  Stage: Stage-2
    Move Operator
      files:
          hdfs directory: false
#### A masked pattern was here ####

PREHOOK: query: from src 
#### A masked pattern was here ####
PREHOOK: type: QUERY
PREHOOK: Input: default@src
#### A masked pattern was here ####
POSTHOOK: query: from src 
#### A masked pattern was here ####
POSTHOOK: type: QUERY
POSTHOOK: Input: default@src
#### A masked pattern was here ####
Found 3 items
#### A masked pattern was here ####
PREHOOK: query: explain
from src
#### A masked pattern was here ####
PREHOOK: type: QUERY
PREHOOK: Input: default@src
#### A masked pattern was here ####
POSTHOOK: query: explain
from src
#### A masked pattern was here ####
POSTHOOK: type: QUERY
POSTHOOK: Input: default@src
#### A masked pattern was here ####
STAGE DEPENDENCIES:
  Stage-2 is a root stage
  Stage-3 depends on stages: Stage-2
  Stage-0 depends on stages: Stage-2
  Stage-1 depends on stages: Stage-2

STAGE PLANS:
  Stage: Stage-2
    Tez
#### A masked pattern was here ####
      Edges:
        Reducer 2 <- Map 1 (SIMPLE_EDGE)
        Reducer 3 <- Reducer 2 (SIMPLE_EDGE)
#### A masked pattern was here ####
      Vertices:
        Map 1 
            Map Operator Tree:
                TableScan
                  alias: src
                  filterExpr: (((key > 10) and (key < 20)) or (key < 10)) (type: boolean)
                  Statistics: Num rows: 500 Data size: 89000 Basic stats: COMPLETE Column stats: COMPLETE
                  Filter Operator
                    predicate: (((key > 10) and (key < 20)) or (key < 10)) (type: boolean)
                    Statistics: Num rows: 221 Data size: 39338 Basic stats: COMPLETE Column stats: COMPLETE
                    Reduce Output Operator
                      key expressions: key (type: string), value (type: string)
                      null sort order: az
                      sort order: ++
                      Map-reduce partition columns: key (type: string)
                      Statistics: Num rows: 221 Data size: 39338 Basic stats: COMPLETE Column stats: COMPLETE
            Execution mode: vectorized, llap
            LLAP IO: all inputs
        Reducer 2 
            Execution mode: llap
            Reduce Operator Tree:
              Forward
                Statistics: Num rows: 221 Data size: 39338 Basic stats: COMPLETE Column stats: COMPLETE
                Filter Operator
                  predicate: (KEY._col0 < 10) (type: boolean)
                  Statistics: Num rows: 73 Data size: 12994 Basic stats: COMPLETE Column stats: COMPLETE
                  Group By Operator
                    keys: KEY._col0 (type: string), KEY._col1 (type: string)
                    mode: complete
                    outputColumnNames: _col0, _col1
                    Statistics: Num rows: 73 Data size: 12994 Basic stats: COMPLETE Column stats: COMPLETE
                    Select Operator
                      expressions: _col0 (type: string), _col1 (type: string)
                      outputColumnNames: _col0, _col1
                      File Output Operator
                        compressed: false
                        Statistics: Num rows: 73 Data size: 12994 Basic stats: COMPLETE Column stats: COMPLETE
                        table:
                            input format: org.apache.hadoop.mapred.TextInputFormat
                            output format: org.apache.hadoop.hive.ql.io.HiveIgnoreKeyTextOutputFormat
                            serde: org.apache.hadoop.hive.serde2.lazy.LazySimpleSerDe
                Filter Operator
                  predicate: ((KEY._col0 > 10) and (KEY._col0 < 20)) (type: boolean)
                  Statistics: Num rows: 24 Data size: 4272 Basic stats: COMPLETE Column stats: COMPLETE
                  Group By Operator
                    keys: KEY._col0 (type: string), KEY._col1 (type: string)
                    mode: complete
                    outputColumnNames: _col0, _col1
                    Statistics: Num rows: 24 Data size: 4272 Basic stats: COMPLETE Column stats: COMPLETE
                    Reduce Output Operator
                      key expressions: _col1 (type: string)
                      null sort order: a
                      sort order: +
                      Map-reduce partition columns: _col1 (type: string)
                      Statistics: Num rows: 24 Data size: 4272 Basic stats: COMPLETE Column stats: COMPLETE
                      value expressions: _col0 (type: string)
        Reducer 3 
            Execution mode: vectorized, llap
            Reduce Operator Tree:
              Select Operator
                expressions: VALUE._col0 (type: string), KEY.reducesinkkey0 (type: string)
                outputColumnNames: _col0, _col1
                Statistics: Num rows: 24 Data size: 4272 Basic stats: COMPLETE Column stats: COMPLETE
                File Output Operator
                  compressed: false
                  Statistics: Num rows: 24 Data size: 4272 Basic stats: COMPLETE Column stats: COMPLETE
                  table:
                      input format: org.apache.hadoop.mapred.TextInputFormat
                      output format: org.apache.hadoop.hive.ql.io.HiveIgnoreKeyTextOutputFormat
                      serde: org.apache.hadoop.hive.serde2.lazy.LazySimpleSerDe

  Stage: Stage-3
    Dependency Collection

  Stage: Stage-0
    Move Operator
      files:
          hdfs directory: false
#### A masked pattern was here ####

  Stage: Stage-1
    Move Operator
      files:
          hdfs directory: false
#### A masked pattern was here ####

PREHOOK: query: from src
#### A masked pattern was here ####
PREHOOK: type: QUERY
PREHOOK: Input: default@src
#### A masked pattern was here ####
POSTHOOK: query: from src
#### A masked pattern was here ####
POSTHOOK: type: QUERY
POSTHOOK: Input: default@src
#### A masked pattern was here ####
Found 2 items
#### A masked pattern was here ####
PREHOOK: query: explain
from src
#### A masked pattern was here ####
PREHOOK: type: QUERY
PREHOOK: Input: default@src
#### A masked pattern was here ####
POSTHOOK: query: explain
from src
#### A masked pattern was here ####
POSTHOOK: type: QUERY
POSTHOOK: Input: default@src
#### A masked pattern was here ####
STAGE DEPENDENCIES:
  Stage-2 is a root stage
  Stage-3 depends on stages: Stage-2
  Stage-0 depends on stages: Stage-2
  Stage-1 depends on stages: Stage-2

STAGE PLANS:
  Stage: Stage-2
    Tez
#### A masked pattern was here ####
      Edges:
        Reducer 2 <- Map 1 (SIMPLE_EDGE)
        Reducer 3 <- Reducer 2 (SIMPLE_EDGE)
#### A masked pattern was here ####
      Vertices:
        Map 1 
            Map Operator Tree:
                TableScan
                  alias: src
                  filterExpr: (((key > 10) and (key < 20)) or (key < 10)) (type: boolean)
                  Statistics: Num rows: 500 Data size: 89000 Basic stats: COMPLETE Column stats: COMPLETE
                  Filter Operator
                    predicate: (((key > 10) and (key < 20)) or (key < 10)) (type: boolean)
                    Statistics: Num rows: 221 Data size: 39338 Basic stats: COMPLETE Column stats: COMPLETE
                    Reduce Output Operator
                      key expressions: key (type: string), value (type: string)
                      null sort order: az
                      sort order: ++
                      Map-reduce partition columns: key (type: string)
                      Statistics: Num rows: 221 Data size: 39338 Basic stats: COMPLETE Column stats: COMPLETE
            Execution mode: vectorized, llap
            LLAP IO: all inputs
        Reducer 2 
            Execution mode: llap
            Reduce Operator Tree:
              Forward
                Statistics: Num rows: 221 Data size: 39338 Basic stats: COMPLETE Column stats: COMPLETE
                Filter Operator
                  predicate: (KEY._col0 < 10) (type: boolean)
                  Statistics: Num rows: 73 Data size: 12994 Basic stats: COMPLETE Column stats: COMPLETE
                  Group By Operator
                    keys: KEY._col0 (type: string), KEY._col1 (type: string)
                    mode: complete
                    outputColumnNames: _col0, _col1
                    Statistics: Num rows: 73 Data size: 12994 Basic stats: COMPLETE Column stats: COMPLETE
                    Select Operator
                      expressions: _col0 (type: string), _col1 (type: string)
                      outputColumnNames: _col0, _col1
                      File Output Operator
                        compressed: false
                        Statistics: Num rows: 73 Data size: 12994 Basic stats: COMPLETE Column stats: COMPLETE
                        table:
                            input format: org.apache.hadoop.mapred.TextInputFormat
                            output format: org.apache.hadoop.hive.ql.io.HiveIgnoreKeyTextOutputFormat
                            serde: org.apache.hadoop.hive.serde2.lazy.LazySimpleSerDe
                Filter Operator
                  predicate: ((KEY._col0 > 10) and (KEY._col0 < 20)) (type: boolean)
                  Statistics: Num rows: 24 Data size: 4272 Basic stats: COMPLETE Column stats: COMPLETE
                  Group By Operator
                    keys: KEY._col0 (type: string), KEY._col1 (type: string)
                    mode: complete
                    outputColumnNames: _col0, _col1
                    Statistics: Num rows: 24 Data size: 4272 Basic stats: COMPLETE Column stats: COMPLETE
                    Reduce Output Operator
                      key expressions: _col1 (type: string)
                      null sort order: a
                      sort order: +
                      Map-reduce partition columns: _col1 (type: string)
                      Statistics: Num rows: 24 Data size: 4272 Basic stats: COMPLETE Column stats: COMPLETE
                      value expressions: _col0 (type: string)
        Reducer 3 
            Execution mode: vectorized, llap
            Reduce Operator Tree:
              Select Operator
                expressions: VALUE._col0 (type: string), KEY.reducesinkkey0 (type: string)
                outputColumnNames: _col0, _col1
                Statistics: Num rows: 24 Data size: 4272 Basic stats: COMPLETE Column stats: COMPLETE
                File Output Operator
                  compressed: false
                  Statistics: Num rows: 24 Data size: 4272 Basic stats: COMPLETE Column stats: COMPLETE
                  table:
                      input format: org.apache.hadoop.mapred.TextInputFormat
                      output format: org.apache.hadoop.hive.ql.io.HiveIgnoreKeyTextOutputFormat
                      serde: org.apache.hadoop.hive.serde2.lazy.LazySimpleSerDe

  Stage: Stage-3
    Dependency Collection

  Stage: Stage-0
    Move Operator
      files:
          hdfs directory: false
#### A masked pattern was here ####

  Stage: Stage-1
    Move Operator
      files:
          hdfs directory: false
#### A masked pattern was here ####

PREHOOK: query: from src
#### A masked pattern was here ####
PREHOOK: type: QUERY
PREHOOK: Input: default@src
#### A masked pattern was here ####
POSTHOOK: query: from src
#### A masked pattern was here ####
POSTHOOK: type: QUERY
POSTHOOK: Input: default@src
#### A masked pattern was here ####
Found 2 items
#### A masked pattern was here ####
PREHOOK: query: explain
from src
#### A masked pattern was here ####
PREHOOK: type: QUERY
PREHOOK: Input: default@src
#### A masked pattern was here ####
POSTHOOK: query: explain
from src
#### A masked pattern was here ####
POSTHOOK: type: QUERY
POSTHOOK: Input: default@src
#### A masked pattern was here ####
STAGE DEPENDENCIES:
  Stage-2 is a root stage
  Stage-3 depends on stages: Stage-2
  Stage-0 depends on stages: Stage-2
  Stage-1 depends on stages: Stage-2

STAGE PLANS:
  Stage: Stage-2
    Tez
#### A masked pattern was here ####
      Edges:
        Reducer 2 <- Map 1 (SIMPLE_EDGE)
        Reducer 3 <- Reducer 2 (SIMPLE_EDGE)
#### A masked pattern was here ####
      Vertices:
        Map 1 
            Map Operator Tree:
                TableScan
                  alias: src
                  filterExpr: (((key > 10) and (key < 20)) or (key < 10)) (type: boolean)
                  Statistics: Num rows: 500 Data size: 89000 Basic stats: COMPLETE Column stats: COMPLETE
                  Filter Operator
                    predicate: (((key > 10) and (key < 20)) or (key < 10)) (type: boolean)
                    Statistics: Num rows: 221 Data size: 39338 Basic stats: COMPLETE Column stats: COMPLETE
                    Reduce Output Operator
                      key expressions: key (type: string), value (type: string)
                      null sort order: az
                      sort order: ++
                      Map-reduce partition columns: key (type: string)
                      Statistics: Num rows: 221 Data size: 39338 Basic stats: COMPLETE Column stats: COMPLETE
            Execution mode: vectorized, llap
            LLAP IO: all inputs
        Reducer 2 
            Execution mode: llap
            Reduce Operator Tree:
              Forward
                Statistics: Num rows: 221 Data size: 39338 Basic stats: COMPLETE Column stats: COMPLETE
                Filter Operator
                  predicate: (KEY._col0 < 10) (type: boolean)
                  Statistics: Num rows: 73 Data size: 12994 Basic stats: COMPLETE Column stats: COMPLETE
                  Group By Operator
                    keys: KEY._col0 (type: string), KEY._col1 (type: string)
                    mode: complete
                    outputColumnNames: _col0, _col1
                    Statistics: Num rows: 73 Data size: 12994 Basic stats: COMPLETE Column stats: COMPLETE
                    Select Operator
                      expressions: _col0 (type: string), _col1 (type: string)
                      outputColumnNames: _col0, _col1
                      File Output Operator
                        compressed: false
                        Statistics: Num rows: 73 Data size: 12994 Basic stats: COMPLETE Column stats: COMPLETE
                        table:
                            input format: org.apache.hadoop.mapred.TextInputFormat
                            output format: org.apache.hadoop.hive.ql.io.HiveIgnoreKeyTextOutputFormat
                            serde: org.apache.hadoop.hive.serde2.lazy.LazySimpleSerDe
                Filter Operator
                  predicate: ((KEY._col0 > 10) and (KEY._col0 < 20)) (type: boolean)
                  Statistics: Num rows: 24 Data size: 4272 Basic stats: COMPLETE Column stats: COMPLETE
                  Group By Operator
                    keys: KEY._col0 (type: string), KEY._col1 (type: string)
                    mode: complete
                    outputColumnNames: _col0, _col1
                    Statistics: Num rows: 24 Data size: 4272 Basic stats: COMPLETE Column stats: COMPLETE
                    Reduce Output Operator
                      key expressions: _col1 (type: string)
                      null sort order: a
                      sort order: +
                      Map-reduce partition columns: _col1 (type: string)
                      Statistics: Num rows: 24 Data size: 4272 Basic stats: COMPLETE Column stats: COMPLETE
                      value expressions: _col0 (type: string)
        Reducer 3 
            Execution mode: vectorized, llap
            Reduce Operator Tree:
              Select Operator
                expressions: VALUE._col0 (type: string), KEY.reducesinkkey0 (type: string)
                outputColumnNames: _col0, _col1
                Statistics: Num rows: 24 Data size: 4272 Basic stats: COMPLETE Column stats: COMPLETE
                File Output Operator
                  compressed: false
                  Statistics: Num rows: 24 Data size: 4272 Basic stats: COMPLETE Column stats: COMPLETE
                  table:
                      input format: org.apache.hadoop.mapred.TextInputFormat
                      output format: org.apache.hadoop.hive.ql.io.HiveIgnoreKeyTextOutputFormat
                      serde: org.apache.hadoop.hive.serde2.lazy.LazySimpleSerDe

  Stage: Stage-3
    Dependency Collection

  Stage: Stage-0
    Move Operator
      files:
          hdfs directory: false
#### A masked pattern was here ####

  Stage: Stage-1
    Move Operator
      files:
          hdfs directory: false
#### A masked pattern was here ####

PREHOOK: query: from src
#### A masked pattern was here ####
PREHOOK: type: QUERY
PREHOOK: Input: default@src
#### A masked pattern was here ####
POSTHOOK: query: from src
#### A masked pattern was here ####
POSTHOOK: type: QUERY
POSTHOOK: Input: default@src
#### A masked pattern was here ####
Found 2 items
#### A masked pattern was here ####
PREHOOK: query: explain
from src
#### A masked pattern was here ####
PREHOOK: type: QUERY
PREHOOK: Input: default@src
#### A masked pattern was here ####
POSTHOOK: query: explain
from src
#### A masked pattern was here ####
POSTHOOK: type: QUERY
POSTHOOK: Input: default@src
#### A masked pattern was here ####
STAGE DEPENDENCIES:
  Stage-2 is a root stage
  Stage-3 depends on stages: Stage-2
  Stage-0 depends on stages: Stage-2
  Stage-1 depends on stages: Stage-2

STAGE PLANS:
  Stage: Stage-2
    Tez
#### A masked pattern was here ####
      Edges:
        Reducer 2 <- Map 1 (SIMPLE_EDGE)
        Reducer 3 <- Reducer 2 (SIMPLE_EDGE)
#### A masked pattern was here ####
      Vertices:
        Map 1 
            Map Operator Tree:
                TableScan
                  alias: src
                  filterExpr: (((key > 10) and (key < 20)) or (key < 10)) (type: boolean)
                  Statistics: Num rows: 500 Data size: 89000 Basic stats: COMPLETE Column stats: COMPLETE
                  Filter Operator
                    predicate: (((key > 10) and (key < 20)) or (key < 10)) (type: boolean)
                    Statistics: Num rows: 221 Data size: 39338 Basic stats: COMPLETE Column stats: COMPLETE
                    Reduce Output Operator
                      key expressions: key (type: string), value (type: string)
                      null sort order: az
                      sort order: ++
                      Map-reduce partition columns: key (type: string)
                      Statistics: Num rows: 221 Data size: 39338 Basic stats: COMPLETE Column stats: COMPLETE
            Execution mode: vectorized, llap
            LLAP IO: all inputs
        Reducer 2 
            Execution mode: llap
            Reduce Operator Tree:
              Forward
                Statistics: Num rows: 221 Data size: 39338 Basic stats: COMPLETE Column stats: COMPLETE
                Filter Operator
                  predicate: (KEY._col0 < 10) (type: boolean)
                  Statistics: Num rows: 73 Data size: 12994 Basic stats: COMPLETE Column stats: COMPLETE
                  Group By Operator
                    keys: KEY._col0 (type: string), KEY._col1 (type: string)
                    mode: complete
                    outputColumnNames: _col0, _col1
                    Statistics: Num rows: 73 Data size: 12994 Basic stats: COMPLETE Column stats: COMPLETE
                    Select Operator
                      expressions: _col0 (type: string), _col1 (type: string)
                      outputColumnNames: _col0, _col1
                      File Output Operator
                        compressed: false
                        Statistics: Num rows: 73 Data size: 12994 Basic stats: COMPLETE Column stats: COMPLETE
                        table:
                            input format: org.apache.hadoop.mapred.TextInputFormat
                            output format: org.apache.hadoop.hive.ql.io.HiveIgnoreKeyTextOutputFormat
                            serde: org.apache.hadoop.hive.serde2.lazy.LazySimpleSerDe
                Filter Operator
                  predicate: ((KEY._col0 > 10) and (KEY._col0 < 20)) (type: boolean)
                  Statistics: Num rows: 24 Data size: 4272 Basic stats: COMPLETE Column stats: COMPLETE
                  Group By Operator
                    keys: KEY._col0 (type: string), KEY._col1 (type: string)
                    mode: complete
                    outputColumnNames: _col0, _col1
                    Statistics: Num rows: 24 Data size: 4272 Basic stats: COMPLETE Column stats: COMPLETE
                    Reduce Output Operator
                      key expressions: _col1 (type: string)
                      null sort order: a
                      sort order: +
                      Map-reduce partition columns: _col1 (type: string)
                      Statistics: Num rows: 24 Data size: 4272 Basic stats: COMPLETE Column stats: COMPLETE
                      value expressions: _col0 (type: string)
        Reducer 3 
            Execution mode: vectorized, llap
            Reduce Operator Tree:
              Select Operator
                expressions: VALUE._col0 (type: string), KEY.reducesinkkey0 (type: string)
                outputColumnNames: _col0, _col1
                Statistics: Num rows: 24 Data size: 4272 Basic stats: COMPLETE Column stats: COMPLETE
                File Output Operator
                  compressed: false
                  Statistics: Num rows: 24 Data size: 4272 Basic stats: COMPLETE Column stats: COMPLETE
                  table:
                      input format: org.apache.hadoop.mapred.TextInputFormat
                      output format: org.apache.hadoop.hive.ql.io.HiveIgnoreKeyTextOutputFormat
                      serde: org.apache.hadoop.hive.serde2.lazy.LazySimpleSerDe

  Stage: Stage-3
    Dependency Collection

  Stage: Stage-0
    Move Operator
      files:
          hdfs directory: false
#### A masked pattern was here ####

  Stage: Stage-1
    Move Operator
      files:
          hdfs directory: false
#### A masked pattern was here ####

PREHOOK: query: from src
#### A masked pattern was here ####
PREHOOK: type: QUERY
PREHOOK: Input: default@src
#### A masked pattern was here ####
POSTHOOK: query: from src
#### A masked pattern was here ####
POSTHOOK: type: QUERY
POSTHOOK: Input: default@src
#### A masked pattern was here ####
Found 2 items
#### A masked pattern was here ####
PREHOOK: query: explain
from src
insert overwrite table src_multi1_n4 select * where key < 10
insert overwrite table src_multi2_n5 select * where key > 10 and key < 20
#### A masked pattern was here ####
PREHOOK: type: QUERY
PREHOOK: Input: default@src
PREHOOK: Output: default@src_multi1_n4
PREHOOK: Output: default@src_multi2_n5
#### A masked pattern was here ####
POSTHOOK: query: explain
from src
insert overwrite table src_multi1_n4 select * where key < 10
insert overwrite table src_multi2_n5 select * where key > 10 and key < 20
#### A masked pattern was here ####
POSTHOOK: type: QUERY
POSTHOOK: Input: default@src
POSTHOOK: Output: default@src_multi1_n4
POSTHOOK: Output: default@src_multi2_n5
#### A masked pattern was here ####
STAGE DEPENDENCIES:
  Stage-4 is a root stage
  Stage-5 depends on stages: Stage-4
  Stage-0 depends on stages: Stage-5
  Stage-6 depends on stages: Stage-0, Stage-2, Stage-3
  Stage-1 depends on stages: Stage-5
  Stage-7 depends on stages: Stage-1, Stage-2, Stage-3
  Stage-2 depends on stages: Stage-4
  Stage-3 depends on stages: Stage-4

STAGE PLANS:
  Stage: Stage-4
    Tez
#### A masked pattern was here ####
      Edges:
        Reducer 2 <- Map 1 (CUSTOM_SIMPLE_EDGE)
        Reducer 3 <- Map 1 (CUSTOM_SIMPLE_EDGE)
        Reducer 4 <- Map 1 (SIMPLE_EDGE)
        Reducer 5 <- Reducer 4 (SIMPLE_EDGE)
#### A masked pattern was here ####
      Vertices:
        Map 1 
            Map Operator Tree:
                TableScan
                  alias: src
                  Statistics: Num rows: 500 Data size: 89000 Basic stats: COMPLETE Column stats: COMPLETE
                  Filter Operator
                    predicate: (key < 10) (type: boolean)
                    Statistics: Num rows: 166 Data size: 29548 Basic stats: COMPLETE Column stats: COMPLETE
                    Select Operator
                      expressions: key (type: string), value (type: string)
                      outputColumnNames: _col0, _col1
                      Statistics: Num rows: 166 Data size: 29548 Basic stats: COMPLETE Column stats: COMPLETE
                      File Output Operator
                        compressed: false
                        Statistics: Num rows: 166 Data size: 29548 Basic stats: COMPLETE Column stats: COMPLETE
                        table:
                            input format: org.apache.hadoop.mapred.TextInputFormat
                            output format: org.apache.hadoop.hive.ql.io.HiveIgnoreKeyTextOutputFormat
                            serde: org.apache.hadoop.hive.serde2.lazy.LazySimpleSerDe
                            name: default.src_multi1_n4
                      Select Operator
                        expressions: _col0 (type: string), _col1 (type: string)
                        outputColumnNames: key, value
                        Statistics: Num rows: 166 Data size: 29548 Basic stats: COMPLETE Column stats: COMPLETE
                        Group By Operator
                          aggregations: max(length(key)), avg(COALESCE(length(key),0)), count(1), count(key), compute_bit_vector_hll(key), max(length(value)), avg(COALESCE(length(value),0)), count(value), compute_bit_vector_hll(value)
                          minReductionHashAggr: 0.99
                          mode: hash
                          outputColumnNames: _col0, _col1, _col2, _col3, _col4, _col5, _col6, _col7, _col8
                          Statistics: Num rows: 1 Data size: 472 Basic stats: COMPLETE Column stats: COMPLETE
                          Reduce Output Operator
                            null sort order: 
                            sort order: 
                            Statistics: Num rows: 1 Data size: 472 Basic stats: COMPLETE Column stats: COMPLETE
                            value expressions: _col0 (type: int), _col1 (type: struct<count:bigint,sum:double,input:int>), _col2 (type: bigint), _col3 (type: bigint), _col4 (type: binary), _col5 (type: int), _col6 (type: struct<count:bigint,sum:double,input:int>), _col7 (type: bigint), _col8 (type: binary)
                  Filter Operator
                    predicate: ((key > 10) and (key < 20)) (type: boolean)
                    Statistics: Num rows: 55 Data size: 9790 Basic stats: COMPLETE Column stats: COMPLETE
                    Select Operator
                      expressions: key (type: string), value (type: string)
                      outputColumnNames: _col0, _col1
                      Statistics: Num rows: 55 Data size: 9790 Basic stats: COMPLETE Column stats: COMPLETE
                      File Output Operator
                        compressed: false
                        Statistics: Num rows: 55 Data size: 9790 Basic stats: COMPLETE Column stats: COMPLETE
                        table:
                            input format: org.apache.hadoop.mapred.TextInputFormat
                            output format: org.apache.hadoop.hive.ql.io.HiveIgnoreKeyTextOutputFormat
                            serde: org.apache.hadoop.hive.serde2.lazy.LazySimpleSerDe
                            name: default.src_multi2_n5
                      Select Operator
                        expressions: _col0 (type: string), _col1 (type: string)
                        outputColumnNames: key, value
                        Statistics: Num rows: 55 Data size: 9790 Basic stats: COMPLETE Column stats: COMPLETE
                        Group By Operator
                          aggregations: max(length(key)), avg(COALESCE(length(key),0)), count(1), count(key), compute_bit_vector_hll(key), max(length(value)), avg(COALESCE(length(value),0)), count(value), compute_bit_vector_hll(value)
                          minReductionHashAggr: 0.9818182
                          mode: hash
                          outputColumnNames: _col0, _col1, _col2, _col3, _col4, _col5, _col6, _col7, _col8
                          Statistics: Num rows: 1 Data size: 472 Basic stats: COMPLETE Column stats: COMPLETE
                          Reduce Output Operator
                            null sort order: 
                            sort order: 
                            Statistics: Num rows: 1 Data size: 472 Basic stats: COMPLETE Column stats: COMPLETE
                            value expressions: _col0 (type: int), _col1 (type: struct<count:bigint,sum:double,input:int>), _col2 (type: bigint), _col3 (type: bigint), _col4 (type: binary), _col5 (type: int), _col6 (type: struct<count:bigint,sum:double,input:int>), _col7 (type: bigint), _col8 (type: binary)
                  Filter Operator
                    predicate: (((key > 10) and (key < 20)) or (key < 10)) (type: boolean)
                    Statistics: Num rows: 221 Data size: 39338 Basic stats: COMPLETE Column stats: COMPLETE
                    Reduce Output Operator
                      key expressions: key (type: string), value (type: string)
                      null sort order: az
                      sort order: ++
                      Map-reduce partition columns: key (type: string)
                      Statistics: Num rows: 221 Data size: 39338 Basic stats: COMPLETE Column stats: COMPLETE
            Execution mode: vectorized, llap
            LLAP IO: all inputs
        Reducer 2 
            Execution mode: vectorized, llap
            Reduce Operator Tree:
              Group By Operator
                aggregations: max(VALUE._col0), avg(VALUE._col1), count(VALUE._col2), count(VALUE._col3), compute_bit_vector_hll(VALUE._col4), max(VALUE._col5), avg(VALUE._col6), count(VALUE._col7), compute_bit_vector_hll(VALUE._col8)
                mode: mergepartial
                outputColumnNames: _col0, _col1, _col2, _col3, _col4, _col5, _col6, _col7, _col8
                Statistics: Num rows: 1 Data size: 336 Basic stats: COMPLETE Column stats: COMPLETE
                Select Operator
                  expressions: 'STRING' (type: string), UDFToLong(COALESCE(_col0,0)) (type: bigint), COALESCE(_col1,0) (type: double), (_col2 - _col3) (type: bigint), COALESCE(ndv_compute_bit_vector(_col4),0) (type: bigint), _col4 (type: binary), 'STRING' (type: string), UDFToLong(COALESCE(_col5,0)) (type: bigint), COALESCE(_col6,0) (type: double), (_col2 - _col7) (type: bigint), COALESCE(ndv_compute_bit_vector(_col8),0) (type: bigint), _col8 (type: binary)
                  outputColumnNames: _col0, _col1, _col2, _col3, _col4, _col5, _col6, _col7, _col8, _col9, _col10, _col11
                  Statistics: Num rows: 1 Data size: 532 Basic stats: COMPLETE Column stats: COMPLETE
                  File Output Operator
                    compressed: false
                    Statistics: Num rows: 1 Data size: 532 Basic stats: COMPLETE Column stats: COMPLETE
                    table:
                        input format: org.apache.hadoop.mapred.SequenceFileInputFormat
                        output format: org.apache.hadoop.hive.ql.io.HiveSequenceFileOutputFormat
                        serde: org.apache.hadoop.hive.serde2.lazy.LazySimpleSerDe
        Reducer 3 
            Execution mode: vectorized, llap
            Reduce Operator Tree:
              Group By Operator
                aggregations: max(VALUE._col0), avg(VALUE._col1), count(VALUE._col2), count(VALUE._col3), compute_bit_vector_hll(VALUE._col4), max(VALUE._col5), avg(VALUE._col6), count(VALUE._col7), compute_bit_vector_hll(VALUE._col8)
                mode: mergepartial
                outputColumnNames: _col0, _col1, _col2, _col3, _col4, _col5, _col6, _col7, _col8
                Statistics: Num rows: 1 Data size: 336 Basic stats: COMPLETE Column stats: COMPLETE
                Select Operator
                  expressions: 'STRING' (type: string), UDFToLong(COALESCE(_col0,0)) (type: bigint), COALESCE(_col1,0) (type: double), (_col2 - _col3) (type: bigint), COALESCE(ndv_compute_bit_vector(_col4),0) (type: bigint), _col4 (type: binary), 'STRING' (type: string), UDFToLong(COALESCE(_col5,0)) (type: bigint), COALESCE(_col6,0) (type: double), (_col2 - _col7) (type: bigint), COALESCE(ndv_compute_bit_vector(_col8),0) (type: bigint), _col8 (type: binary)
                  outputColumnNames: _col0, _col1, _col2, _col3, _col4, _col5, _col6, _col7, _col8, _col9, _col10, _col11
                  Statistics: Num rows: 1 Data size: 532 Basic stats: COMPLETE Column stats: COMPLETE
                  File Output Operator
                    compressed: false
                    Statistics: Num rows: 1 Data size: 532 Basic stats: COMPLETE Column stats: COMPLETE
                    table:
                        input format: org.apache.hadoop.mapred.SequenceFileInputFormat
                        output format: org.apache.hadoop.hive.ql.io.HiveSequenceFileOutputFormat
                        serde: org.apache.hadoop.hive.serde2.lazy.LazySimpleSerDe
        Reducer 4 
            Execution mode: llap
            Reduce Operator Tree:
              Forward
                Statistics: Num rows: 221 Data size: 39338 Basic stats: COMPLETE Column stats: COMPLETE
                Filter Operator
                  predicate: (KEY._col0 < 10) (type: boolean)
                  Statistics: Num rows: 73 Data size: 12994 Basic stats: COMPLETE Column stats: COMPLETE
                  Group By Operator
                    keys: KEY._col0 (type: string), KEY._col1 (type: string)
                    mode: complete
                    outputColumnNames: _col0, _col1
                    Statistics: Num rows: 73 Data size: 12994 Basic stats: COMPLETE Column stats: COMPLETE
                    Select Operator
                      expressions: _col0 (type: string), _col1 (type: string)
                      outputColumnNames: _col0, _col1
                      File Output Operator
                        compressed: false
                        Statistics: Num rows: 73 Data size: 12994 Basic stats: COMPLETE Column stats: COMPLETE
                        table:
                            input format: org.apache.hadoop.mapred.TextInputFormat
                            output format: org.apache.hadoop.hive.ql.io.HiveIgnoreKeyTextOutputFormat
                            serde: org.apache.hadoop.hive.serde2.lazy.LazySimpleSerDe
                Filter Operator
                  predicate: ((KEY._col0 > 10) and (KEY._col0 < 20)) (type: boolean)
                  Statistics: Num rows: 24 Data size: 4272 Basic stats: COMPLETE Column stats: COMPLETE
                  Group By Operator
                    keys: KEY._col0 (type: string), KEY._col1 (type: string)
                    mode: complete
                    outputColumnNames: _col0, _col1
                    Statistics: Num rows: 24 Data size: 4272 Basic stats: COMPLETE Column stats: COMPLETE
                    Reduce Output Operator
                      key expressions: _col1 (type: string)
                      null sort order: a
                      sort order: +
                      Map-reduce partition columns: _col1 (type: string)
                      Statistics: Num rows: 24 Data size: 4272 Basic stats: COMPLETE Column stats: COMPLETE
                      value expressions: _col0 (type: string)
        Reducer 5 
            Execution mode: vectorized, llap
            Reduce Operator Tree:
              Select Operator
                expressions: VALUE._col0 (type: string), KEY.reducesinkkey0 (type: string)
                outputColumnNames: _col0, _col1
                Statistics: Num rows: 24 Data size: 4272 Basic stats: COMPLETE Column stats: COMPLETE
                File Output Operator
                  compressed: false
                  Statistics: Num rows: 24 Data size: 4272 Basic stats: COMPLETE Column stats: COMPLETE
                  table:
                      input format: org.apache.hadoop.mapred.TextInputFormat
                      output format: org.apache.hadoop.hive.ql.io.HiveIgnoreKeyTextOutputFormat
                      serde: org.apache.hadoop.hive.serde2.lazy.LazySimpleSerDe

  Stage: Stage-5
    Dependency Collection

  Stage: Stage-0
    Move Operator
      tables:
          replace: true
          table:
              input format: org.apache.hadoop.mapred.TextInputFormat
              output format: org.apache.hadoop.hive.ql.io.HiveIgnoreKeyTextOutputFormat
              serde: org.apache.hadoop.hive.serde2.lazy.LazySimpleSerDe
              name: default.src_multi1_n4

  Stage: Stage-6
    Stats Work
      Basic Stats Work:
      Column Stats Desc:
          Columns: key, value
          Column Types: string, string
          Table: default.src_multi1_n4

  Stage: Stage-1
    Move Operator
      tables:
          replace: true
          table:
              input format: org.apache.hadoop.mapred.TextInputFormat
              output format: org.apache.hadoop.hive.ql.io.HiveIgnoreKeyTextOutputFormat
              serde: org.apache.hadoop.hive.serde2.lazy.LazySimpleSerDe
              name: default.src_multi2_n5

  Stage: Stage-7
    Stats Work
      Basic Stats Work:
      Column Stats Desc:
          Columns: key, value
          Column Types: string, string
          Table: default.src_multi2_n5

  Stage: Stage-2
    Move Operator
      files:
          hdfs directory: false
#### A masked pattern was here ####

  Stage: Stage-3
    Move Operator
      files:
          hdfs directory: false
#### A masked pattern was here ####

PREHOOK: query: from src
insert overwrite table src_multi1_n4 select * where key < 10
insert overwrite table src_multi2_n5 select * where key > 10 and key < 20
#### A masked pattern was here ####
PREHOOK: type: QUERY
PREHOOK: Input: default@src
PREHOOK: Output: default@src_multi1_n4
PREHOOK: Output: default@src_multi2_n5
#### A masked pattern was here ####
POSTHOOK: query: from src
insert overwrite table src_multi1_n4 select * where key < 10
insert overwrite table src_multi2_n5 select * where key > 10 and key < 20
#### A masked pattern was here ####
POSTHOOK: type: QUERY
POSTHOOK: Input: default@src
POSTHOOK: Output: default@src_multi1_n4
POSTHOOK: Output: default@src_multi2_n5
#### A masked pattern was here ####
POSTHOOK: Lineage: src_multi1_n4.key SIMPLE [(src)src.FieldSchema(name:key, type:string, comment:default), ]
POSTHOOK: Lineage: src_multi1_n4.value SIMPLE [(src)src.FieldSchema(name:value, type:string, comment:default), ]
POSTHOOK: Lineage: src_multi2_n5.key SIMPLE [(src)src.FieldSchema(name:key, type:string, comment:default), ]
POSTHOOK: Lineage: src_multi2_n5.value SIMPLE [(src)src.FieldSchema(name:value, type:string, comment:default), ]
PREHOOK: query: select * from src_multi1_n4
PREHOOK: type: QUERY
PREHOOK: Input: default@src_multi1_n4
#### A masked pattern was here ####
POSTHOOK: query: select * from src_multi1_n4
POSTHOOK: type: QUERY
POSTHOOK: Input: default@src_multi1_n4
#### A masked pattern was here ####
0	val_0
0	val_0
0	val_0
2	val_2
4	val_4
5	val_5
5	val_5
5	val_5
8	val_8
9	val_9
PREHOOK: query: select * from src_multi2_n5
PREHOOK: type: QUERY
PREHOOK: Input: default@src_multi2_n5
#### A masked pattern was here ####
POSTHOOK: query: select * from src_multi2_n5
POSTHOOK: type: QUERY
POSTHOOK: Input: default@src_multi2_n5
#### A masked pattern was here ####
11	val_11
12	val_12
12	val_12
15	val_15
15	val_15
17	val_17
18	val_18
18	val_18
19	val_19
Found 2 items
#### A masked pattern was here ####
PREHOOK: query: explain
from src
insert overwrite table src_multi1_n4 select * where key < 10
insert overwrite table src_multi2_n5 select * where key > 10 and key < 20
#### A masked pattern was here ####
PREHOOK: type: QUERY
PREHOOK: Input: default@src
PREHOOK: Output: default@src_multi1_n4
PREHOOK: Output: default@src_multi2_n5
#### A masked pattern was here ####
POSTHOOK: query: explain
from src
insert overwrite table src_multi1_n4 select * where key < 10
insert overwrite table src_multi2_n5 select * where key > 10 and key < 20
#### A masked pattern was here ####
POSTHOOK: type: QUERY
POSTHOOK: Input: default@src
POSTHOOK: Output: default@src_multi1_n4
POSTHOOK: Output: default@src_multi2_n5
#### A masked pattern was here ####
STAGE DEPENDENCIES:
  Stage-4 is a root stage
  Stage-5 depends on stages: Stage-4
  Stage-0 depends on stages: Stage-5
  Stage-6 depends on stages: Stage-0, Stage-2, Stage-3
  Stage-1 depends on stages: Stage-5
  Stage-7 depends on stages: Stage-1, Stage-2, Stage-3
  Stage-2 depends on stages: Stage-4
  Stage-3 depends on stages: Stage-4

STAGE PLANS:
  Stage: Stage-4
    Tez
#### A masked pattern was here ####
      Edges:
        Reducer 2 <- Map 1 (CUSTOM_SIMPLE_EDGE)
        Reducer 3 <- Map 1 (CUSTOM_SIMPLE_EDGE)
        Reducer 4 <- Map 1 (SIMPLE_EDGE)
        Reducer 5 <- Reducer 4 (SIMPLE_EDGE)
#### A masked pattern was here ####
      Vertices:
        Map 1 
            Map Operator Tree:
                TableScan
                  alias: src
                  Statistics: Num rows: 500 Data size: 89000 Basic stats: COMPLETE Column stats: COMPLETE
                  Filter Operator
                    predicate: (key < 10) (type: boolean)
                    Statistics: Num rows: 166 Data size: 29548 Basic stats: COMPLETE Column stats: COMPLETE
                    Select Operator
                      expressions: key (type: string), value (type: string)
                      outputColumnNames: _col0, _col1
                      Statistics: Num rows: 166 Data size: 29548 Basic stats: COMPLETE Column stats: COMPLETE
                      File Output Operator
                        compressed: false
                        Statistics: Num rows: 166 Data size: 29548 Basic stats: COMPLETE Column stats: COMPLETE
                        table:
                            input format: org.apache.hadoop.mapred.TextInputFormat
                            output format: org.apache.hadoop.hive.ql.io.HiveIgnoreKeyTextOutputFormat
                            serde: org.apache.hadoop.hive.serde2.lazy.LazySimpleSerDe
                            name: default.src_multi1_n4
                      Select Operator
                        expressions: _col0 (type: string), _col1 (type: string)
                        outputColumnNames: key, value
                        Statistics: Num rows: 166 Data size: 29548 Basic stats: COMPLETE Column stats: COMPLETE
                        Group By Operator
                          aggregations: max(length(key)), avg(COALESCE(length(key),0)), count(1), count(key), compute_bit_vector_hll(key), max(length(value)), avg(COALESCE(length(value),0)), count(value), compute_bit_vector_hll(value)
                          minReductionHashAggr: 0.99
                          mode: hash
                          outputColumnNames: _col0, _col1, _col2, _col3, _col4, _col5, _col6, _col7, _col8
                          Statistics: Num rows: 1 Data size: 472 Basic stats: COMPLETE Column stats: COMPLETE
                          Reduce Output Operator
                            null sort order: 
                            sort order: 
                            Statistics: Num rows: 1 Data size: 472 Basic stats: COMPLETE Column stats: COMPLETE
                            value expressions: _col0 (type: int), _col1 (type: struct<count:bigint,sum:double,input:int>), _col2 (type: bigint), _col3 (type: bigint), _col4 (type: binary), _col5 (type: int), _col6 (type: struct<count:bigint,sum:double,input:int>), _col7 (type: bigint), _col8 (type: binary)
                  Filter Operator
                    predicate: ((key > 10) and (key < 20)) (type: boolean)
                    Statistics: Num rows: 55 Data size: 9790 Basic stats: COMPLETE Column stats: COMPLETE
                    Select Operator
                      expressions: key (type: string), value (type: string)
                      outputColumnNames: _col0, _col1
                      Statistics: Num rows: 55 Data size: 9790 Basic stats: COMPLETE Column stats: COMPLETE
                      File Output Operator
                        compressed: false
                        Statistics: Num rows: 55 Data size: 9790 Basic stats: COMPLETE Column stats: COMPLETE
                        table:
                            input format: org.apache.hadoop.mapred.TextInputFormat
                            output format: org.apache.hadoop.hive.ql.io.HiveIgnoreKeyTextOutputFormat
                            serde: org.apache.hadoop.hive.serde2.lazy.LazySimpleSerDe
                            name: default.src_multi2_n5
                      Select Operator
                        expressions: _col0 (type: string), _col1 (type: string)
                        outputColumnNames: key, value
                        Statistics: Num rows: 55 Data size: 9790 Basic stats: COMPLETE Column stats: COMPLETE
                        Group By Operator
                          aggregations: max(length(key)), avg(COALESCE(length(key),0)), count(1), count(key), compute_bit_vector_hll(key), max(length(value)), avg(COALESCE(length(value),0)), count(value), compute_bit_vector_hll(value)
                          minReductionHashAggr: 0.9818182
                          mode: hash
                          outputColumnNames: _col0, _col1, _col2, _col3, _col4, _col5, _col6, _col7, _col8
                          Statistics: Num rows: 1 Data size: 472 Basic stats: COMPLETE Column stats: COMPLETE
                          Reduce Output Operator
                            null sort order: 
                            sort order: 
                            Statistics: Num rows: 1 Data size: 472 Basic stats: COMPLETE Column stats: COMPLETE
                            value expressions: _col0 (type: int), _col1 (type: struct<count:bigint,sum:double,input:int>), _col2 (type: bigint), _col3 (type: bigint), _col4 (type: binary), _col5 (type: int), _col6 (type: struct<count:bigint,sum:double,input:int>), _col7 (type: bigint), _col8 (type: binary)
                  Filter Operator
                    predicate: (((key > 10) and (key < 20)) or (key < 10)) (type: boolean)
                    Statistics: Num rows: 221 Data size: 39338 Basic stats: COMPLETE Column stats: COMPLETE
                    Reduce Output Operator
                      key expressions: key (type: string), value (type: string)
                      null sort order: az
                      sort order: ++
                      Map-reduce partition columns: key (type: string)
                      Statistics: Num rows: 221 Data size: 39338 Basic stats: COMPLETE Column stats: COMPLETE
            Execution mode: vectorized, llap
            LLAP IO: all inputs
        Reducer 2 
            Execution mode: vectorized, llap
            Reduce Operator Tree:
              Group By Operator
                aggregations: max(VALUE._col0), avg(VALUE._col1), count(VALUE._col2), count(VALUE._col3), compute_bit_vector_hll(VALUE._col4), max(VALUE._col5), avg(VALUE._col6), count(VALUE._col7), compute_bit_vector_hll(VALUE._col8)
                mode: mergepartial
                outputColumnNames: _col0, _col1, _col2, _col3, _col4, _col5, _col6, _col7, _col8
                Statistics: Num rows: 1 Data size: 336 Basic stats: COMPLETE Column stats: COMPLETE
                Select Operator
                  expressions: 'STRING' (type: string), UDFToLong(COALESCE(_col0,0)) (type: bigint), COALESCE(_col1,0) (type: double), (_col2 - _col3) (type: bigint), COALESCE(ndv_compute_bit_vector(_col4),0) (type: bigint), _col4 (type: binary), 'STRING' (type: string), UDFToLong(COALESCE(_col5,0)) (type: bigint), COALESCE(_col6,0) (type: double), (_col2 - _col7) (type: bigint), COALESCE(ndv_compute_bit_vector(_col8),0) (type: bigint), _col8 (type: binary)
                  outputColumnNames: _col0, _col1, _col2, _col3, _col4, _col5, _col6, _col7, _col8, _col9, _col10, _col11
                  Statistics: Num rows: 1 Data size: 532 Basic stats: COMPLETE Column stats: COMPLETE
                  File Output Operator
                    compressed: false
                    Statistics: Num rows: 1 Data size: 532 Basic stats: COMPLETE Column stats: COMPLETE
                    table:
                        input format: org.apache.hadoop.mapred.SequenceFileInputFormat
                        output format: org.apache.hadoop.hive.ql.io.HiveSequenceFileOutputFormat
                        serde: org.apache.hadoop.hive.serde2.lazy.LazySimpleSerDe
        Reducer 3 
            Execution mode: vectorized, llap
            Reduce Operator Tree:
              Group By Operator
                aggregations: max(VALUE._col0), avg(VALUE._col1), count(VALUE._col2), count(VALUE._col3), compute_bit_vector_hll(VALUE._col4), max(VALUE._col5), avg(VALUE._col6), count(VALUE._col7), compute_bit_vector_hll(VALUE._col8)
                mode: mergepartial
                outputColumnNames: _col0, _col1, _col2, _col3, _col4, _col5, _col6, _col7, _col8
                Statistics: Num rows: 1 Data size: 336 Basic stats: COMPLETE Column stats: COMPLETE
                Select Operator
                  expressions: 'STRING' (type: string), UDFToLong(COALESCE(_col0,0)) (type: bigint), COALESCE(_col1,0) (type: double), (_col2 - _col3) (type: bigint), COALESCE(ndv_compute_bit_vector(_col4),0) (type: bigint), _col4 (type: binary), 'STRING' (type: string), UDFToLong(COALESCE(_col5,0)) (type: bigint), COALESCE(_col6,0) (type: double), (_col2 - _col7) (type: bigint), COALESCE(ndv_compute_bit_vector(_col8),0) (type: bigint), _col8 (type: binary)
                  outputColumnNames: _col0, _col1, _col2, _col3, _col4, _col5, _col6, _col7, _col8, _col9, _col10, _col11
                  Statistics: Num rows: 1 Data size: 532 Basic stats: COMPLETE Column stats: COMPLETE
                  File Output Operator
                    compressed: false
                    Statistics: Num rows: 1 Data size: 532 Basic stats: COMPLETE Column stats: COMPLETE
                    table:
                        input format: org.apache.hadoop.mapred.SequenceFileInputFormat
                        output format: org.apache.hadoop.hive.ql.io.HiveSequenceFileOutputFormat
                        serde: org.apache.hadoop.hive.serde2.lazy.LazySimpleSerDe
        Reducer 4 
            Execution mode: llap
            Reduce Operator Tree:
              Forward
                Statistics: Num rows: 221 Data size: 39338 Basic stats: COMPLETE Column stats: COMPLETE
                Filter Operator
                  predicate: (KEY._col0 < 10) (type: boolean)
                  Statistics: Num rows: 73 Data size: 12994 Basic stats: COMPLETE Column stats: COMPLETE
                  Group By Operator
                    keys: KEY._col0 (type: string), KEY._col1 (type: string)
                    mode: complete
                    outputColumnNames: _col0, _col1
                    Statistics: Num rows: 73 Data size: 12994 Basic stats: COMPLETE Column stats: COMPLETE
                    Select Operator
                      expressions: _col0 (type: string), _col1 (type: string)
                      outputColumnNames: _col0, _col1
                      File Output Operator
                        compressed: false
                        Statistics: Num rows: 73 Data size: 12994 Basic stats: COMPLETE Column stats: COMPLETE
                        table:
                            input format: org.apache.hadoop.mapred.TextInputFormat
                            output format: org.apache.hadoop.hive.ql.io.HiveIgnoreKeyTextOutputFormat
                            serde: org.apache.hadoop.hive.serde2.lazy.LazySimpleSerDe
                Filter Operator
                  predicate: ((KEY._col0 > 10) and (KEY._col0 < 20)) (type: boolean)
                  Statistics: Num rows: 24 Data size: 4272 Basic stats: COMPLETE Column stats: COMPLETE
                  Group By Operator
                    keys: KEY._col0 (type: string), KEY._col1 (type: string)
                    mode: complete
                    outputColumnNames: _col0, _col1
                    Statistics: Num rows: 24 Data size: 4272 Basic stats: COMPLETE Column stats: COMPLETE
                    Reduce Output Operator
                      key expressions: _col1 (type: string)
                      null sort order: a
                      sort order: +
                      Map-reduce partition columns: _col1 (type: string)
                      Statistics: Num rows: 24 Data size: 4272 Basic stats: COMPLETE Column stats: COMPLETE
                      value expressions: _col0 (type: string)
        Reducer 5 
            Execution mode: vectorized, llap
            Reduce Operator Tree:
              Select Operator
                expressions: VALUE._col0 (type: string), KEY.reducesinkkey0 (type: string)
                outputColumnNames: _col0, _col1
                Statistics: Num rows: 24 Data size: 4272 Basic stats: COMPLETE Column stats: COMPLETE
                File Output Operator
                  compressed: false
                  Statistics: Num rows: 24 Data size: 4272 Basic stats: COMPLETE Column stats: COMPLETE
                  table:
                      input format: org.apache.hadoop.mapred.TextInputFormat
                      output format: org.apache.hadoop.hive.ql.io.HiveIgnoreKeyTextOutputFormat
                      serde: org.apache.hadoop.hive.serde2.lazy.LazySimpleSerDe

  Stage: Stage-5
    Dependency Collection

  Stage: Stage-0
    Move Operator
      tables:
          replace: true
          table:
              input format: org.apache.hadoop.mapred.TextInputFormat
              output format: org.apache.hadoop.hive.ql.io.HiveIgnoreKeyTextOutputFormat
              serde: org.apache.hadoop.hive.serde2.lazy.LazySimpleSerDe
              name: default.src_multi1_n4

  Stage: Stage-6
    Stats Work
      Basic Stats Work:
      Column Stats Desc:
          Columns: key, value
          Column Types: string, string
          Table: default.src_multi1_n4

  Stage: Stage-1
    Move Operator
      tables:
          replace: true
          table:
              input format: org.apache.hadoop.mapred.TextInputFormat
              output format: org.apache.hadoop.hive.ql.io.HiveIgnoreKeyTextOutputFormat
              serde: org.apache.hadoop.hive.serde2.lazy.LazySimpleSerDe
              name: default.src_multi2_n5

  Stage: Stage-7
    Stats Work
      Basic Stats Work:
      Column Stats Desc:
          Columns: key, value
          Column Types: string, string
          Table: default.src_multi2_n5

  Stage: Stage-2
    Move Operator
      files:
          hdfs directory: false
#### A masked pattern was here ####

  Stage: Stage-3
    Move Operator
      files:
          hdfs directory: false
#### A masked pattern was here ####

PREHOOK: query: from src
insert overwrite table src_multi1_n4 select * where key < 10
insert overwrite table src_multi2_n5 select * where key > 10 and key < 20
#### A masked pattern was here ####
PREHOOK: type: QUERY
PREHOOK: Input: default@src
PREHOOK: Output: default@src_multi1_n4
PREHOOK: Output: default@src_multi2_n5
#### A masked pattern was here ####
POSTHOOK: query: from src
insert overwrite table src_multi1_n4 select * where key < 10
insert overwrite table src_multi2_n5 select * where key > 10 and key < 20
#### A masked pattern was here ####
POSTHOOK: type: QUERY
POSTHOOK: Input: default@src
POSTHOOK: Output: default@src_multi1_n4
POSTHOOK: Output: default@src_multi2_n5
#### A masked pattern was here ####
POSTHOOK: Lineage: src_multi1_n4.key SIMPLE [(src)src.FieldSchema(name:key, type:string, comment:default), ]
POSTHOOK: Lineage: src_multi1_n4.value SIMPLE [(src)src.FieldSchema(name:value, type:string, comment:default), ]
POSTHOOK: Lineage: src_multi2_n5.key SIMPLE [(src)src.FieldSchema(name:key, type:string, comment:default), ]
POSTHOOK: Lineage: src_multi2_n5.value SIMPLE [(src)src.FieldSchema(name:value, type:string, comment:default), ]
PREHOOK: query: select * from src_multi1_n4
PREHOOK: type: QUERY
PREHOOK: Input: default@src_multi1_n4
#### A masked pattern was here ####
POSTHOOK: query: select * from src_multi1_n4
POSTHOOK: type: QUERY
POSTHOOK: Input: default@src_multi1_n4
#### A masked pattern was here ####
0	val_0
0	val_0
0	val_0
2	val_2
4	val_4
5	val_5
5	val_5
5	val_5
8	val_8
9	val_9
PREHOOK: query: select * from src_multi2_n5
PREHOOK: type: QUERY
PREHOOK: Input: default@src_multi2_n5
#### A masked pattern was here ####
POSTHOOK: query: select * from src_multi2_n5
POSTHOOK: type: QUERY
POSTHOOK: Input: default@src_multi2_n5
#### A masked pattern was here ####
11	val_11
12	val_12
12	val_12
15	val_15
15	val_15
17	val_17
18	val_18
18	val_18
19	val_19
Found 2 items
#### A masked pattern was here ####
PREHOOK: query: explain
from src
insert overwrite table src_multi1_n4 select * where key < 10
insert overwrite table src_multi2_n5 select * where key > 10 and key < 20
#### A masked pattern was here ####
PREHOOK: type: QUERY
PREHOOK: Input: default@src
PREHOOK: Output: default@src_multi1_n4
PREHOOK: Output: default@src_multi2_n5
#### A masked pattern was here ####
POSTHOOK: query: explain
from src
insert overwrite table src_multi1_n4 select * where key < 10
insert overwrite table src_multi2_n5 select * where key > 10 and key < 20
#### A masked pattern was here ####
POSTHOOK: type: QUERY
POSTHOOK: Input: default@src
POSTHOOK: Output: default@src_multi1_n4
POSTHOOK: Output: default@src_multi2_n5
#### A masked pattern was here ####
STAGE DEPENDENCIES:
  Stage-4 is a root stage
  Stage-5 depends on stages: Stage-4
  Stage-0 depends on stages: Stage-5
  Stage-6 depends on stages: Stage-0, Stage-2, Stage-3
  Stage-1 depends on stages: Stage-5
  Stage-7 depends on stages: Stage-1, Stage-2, Stage-3
  Stage-2 depends on stages: Stage-4
  Stage-3 depends on stages: Stage-4

STAGE PLANS:
  Stage: Stage-4
    Tez
#### A masked pattern was here ####
      Edges:
        Reducer 2 <- Map 1 (CUSTOM_SIMPLE_EDGE)
        Reducer 3 <- Map 1 (CUSTOM_SIMPLE_EDGE)
        Reducer 4 <- Map 1 (SIMPLE_EDGE)
        Reducer 5 <- Reducer 4 (SIMPLE_EDGE)
#### A masked pattern was here ####
      Vertices:
        Map 1 
            Map Operator Tree:
                TableScan
                  alias: src
                  Statistics: Num rows: 500 Data size: 89000 Basic stats: COMPLETE Column stats: COMPLETE
                  Filter Operator
                    predicate: (key < 10) (type: boolean)
                    Statistics: Num rows: 166 Data size: 29548 Basic stats: COMPLETE Column stats: COMPLETE
                    Select Operator
                      expressions: key (type: string), value (type: string)
                      outputColumnNames: _col0, _col1
                      Statistics: Num rows: 166 Data size: 29548 Basic stats: COMPLETE Column stats: COMPLETE
                      File Output Operator
                        compressed: false
                        Statistics: Num rows: 166 Data size: 29548 Basic stats: COMPLETE Column stats: COMPLETE
                        table:
                            input format: org.apache.hadoop.mapred.TextInputFormat
                            output format: org.apache.hadoop.hive.ql.io.HiveIgnoreKeyTextOutputFormat
                            serde: org.apache.hadoop.hive.serde2.lazy.LazySimpleSerDe
                            name: default.src_multi1_n4
                      Select Operator
                        expressions: _col0 (type: string), _col1 (type: string)
                        outputColumnNames: key, value
                        Statistics: Num rows: 166 Data size: 29548 Basic stats: COMPLETE Column stats: COMPLETE
                        Group By Operator
                          aggregations: max(length(key)), avg(COALESCE(length(key),0)), count(1), count(key), compute_bit_vector_hll(key), max(length(value)), avg(COALESCE(length(value),0)), count(value), compute_bit_vector_hll(value)
                          minReductionHashAggr: 0.99
                          mode: hash
                          outputColumnNames: _col0, _col1, _col2, _col3, _col4, _col5, _col6, _col7, _col8
                          Statistics: Num rows: 1 Data size: 472 Basic stats: COMPLETE Column stats: COMPLETE
                          Reduce Output Operator
                            null sort order: 
                            sort order: 
                            Statistics: Num rows: 1 Data size: 472 Basic stats: COMPLETE Column stats: COMPLETE
                            value expressions: _col0 (type: int), _col1 (type: struct<count:bigint,sum:double,input:int>), _col2 (type: bigint), _col3 (type: bigint), _col4 (type: binary), _col5 (type: int), _col6 (type: struct<count:bigint,sum:double,input:int>), _col7 (type: bigint), _col8 (type: binary)
                  Filter Operator
                    predicate: ((key > 10) and (key < 20)) (type: boolean)
                    Statistics: Num rows: 55 Data size: 9790 Basic stats: COMPLETE Column stats: COMPLETE
                    Select Operator
                      expressions: key (type: string), value (type: string)
                      outputColumnNames: _col0, _col1
                      Statistics: Num rows: 55 Data size: 9790 Basic stats: COMPLETE Column stats: COMPLETE
                      File Output Operator
                        compressed: false
                        Statistics: Num rows: 55 Data size: 9790 Basic stats: COMPLETE Column stats: COMPLETE
                        table:
                            input format: org.apache.hadoop.mapred.TextInputFormat
                            output format: org.apache.hadoop.hive.ql.io.HiveIgnoreKeyTextOutputFormat
                            serde: org.apache.hadoop.hive.serde2.lazy.LazySimpleSerDe
                            name: default.src_multi2_n5
                      Select Operator
                        expressions: _col0 (type: string), _col1 (type: string)
                        outputColumnNames: key, value
                        Statistics: Num rows: 55 Data size: 9790 Basic stats: COMPLETE Column stats: COMPLETE
                        Group By Operator
                          aggregations: max(length(key)), avg(COALESCE(length(key),0)), count(1), count(key), compute_bit_vector_hll(key), max(length(value)), avg(COALESCE(length(value),0)), count(value), compute_bit_vector_hll(value)
                          minReductionHashAggr: 0.9818182
                          mode: hash
                          outputColumnNames: _col0, _col1, _col2, _col3, _col4, _col5, _col6, _col7, _col8
                          Statistics: Num rows: 1 Data size: 472 Basic stats: COMPLETE Column stats: COMPLETE
                          Reduce Output Operator
                            null sort order: 
                            sort order: 
                            Statistics: Num rows: 1 Data size: 472 Basic stats: COMPLETE Column stats: COMPLETE
                            value expressions: _col0 (type: int), _col1 (type: struct<count:bigint,sum:double,input:int>), _col2 (type: bigint), _col3 (type: bigint), _col4 (type: binary), _col5 (type: int), _col6 (type: struct<count:bigint,sum:double,input:int>), _col7 (type: bigint), _col8 (type: binary)
                  Filter Operator
                    predicate: (((key > 10) and (key < 20)) or (key < 10)) (type: boolean)
                    Statistics: Num rows: 221 Data size: 39338 Basic stats: COMPLETE Column stats: COMPLETE
                    Reduce Output Operator
                      key expressions: key (type: string), value (type: string)
                      null sort order: az
                      sort order: ++
                      Map-reduce partition columns: key (type: string)
                      Statistics: Num rows: 221 Data size: 39338 Basic stats: COMPLETE Column stats: COMPLETE
            Execution mode: vectorized, llap
            LLAP IO: all inputs
        Reducer 2 
            Execution mode: vectorized, llap
            Reduce Operator Tree:
              Group By Operator
                aggregations: max(VALUE._col0), avg(VALUE._col1), count(VALUE._col2), count(VALUE._col3), compute_bit_vector_hll(VALUE._col4), max(VALUE._col5), avg(VALUE._col6), count(VALUE._col7), compute_bit_vector_hll(VALUE._col8)
                mode: mergepartial
                outputColumnNames: _col0, _col1, _col2, _col3, _col4, _col5, _col6, _col7, _col8
                Statistics: Num rows: 1 Data size: 336 Basic stats: COMPLETE Column stats: COMPLETE
                Select Operator
                  expressions: 'STRING' (type: string), UDFToLong(COALESCE(_col0,0)) (type: bigint), COALESCE(_col1,0) (type: double), (_col2 - _col3) (type: bigint), COALESCE(ndv_compute_bit_vector(_col4),0) (type: bigint), _col4 (type: binary), 'STRING' (type: string), UDFToLong(COALESCE(_col5,0)) (type: bigint), COALESCE(_col6,0) (type: double), (_col2 - _col7) (type: bigint), COALESCE(ndv_compute_bit_vector(_col8),0) (type: bigint), _col8 (type: binary)
                  outputColumnNames: _col0, _col1, _col2, _col3, _col4, _col5, _col6, _col7, _col8, _col9, _col10, _col11
                  Statistics: Num rows: 1 Data size: 532 Basic stats: COMPLETE Column stats: COMPLETE
                  File Output Operator
                    compressed: false
                    Statistics: Num rows: 1 Data size: 532 Basic stats: COMPLETE Column stats: COMPLETE
                    table:
                        input format: org.apache.hadoop.mapred.SequenceFileInputFormat
                        output format: org.apache.hadoop.hive.ql.io.HiveSequenceFileOutputFormat
                        serde: org.apache.hadoop.hive.serde2.lazy.LazySimpleSerDe
        Reducer 3 
            Execution mode: vectorized, llap
            Reduce Operator Tree:
              Group By Operator
                aggregations: max(VALUE._col0), avg(VALUE._col1), count(VALUE._col2), count(VALUE._col3), compute_bit_vector_hll(VALUE._col4), max(VALUE._col5), avg(VALUE._col6), count(VALUE._col7), compute_bit_vector_hll(VALUE._col8)
                mode: mergepartial
                outputColumnNames: _col0, _col1, _col2, _col3, _col4, _col5, _col6, _col7, _col8
                Statistics: Num rows: 1 Data size: 336 Basic stats: COMPLETE Column stats: COMPLETE
                Select Operator
                  expressions: 'STRING' (type: string), UDFToLong(COALESCE(_col0,0)) (type: bigint), COALESCE(_col1,0) (type: double), (_col2 - _col3) (type: bigint), COALESCE(ndv_compute_bit_vector(_col4),0) (type: bigint), _col4 (type: binary), 'STRING' (type: string), UDFToLong(COALESCE(_col5,0)) (type: bigint), COALESCE(_col6,0) (type: double), (_col2 - _col7) (type: bigint), COALESCE(ndv_compute_bit_vector(_col8),0) (type: bigint), _col8 (type: binary)
                  outputColumnNames: _col0, _col1, _col2, _col3, _col4, _col5, _col6, _col7, _col8, _col9, _col10, _col11
                  Statistics: Num rows: 1 Data size: 532 Basic stats: COMPLETE Column stats: COMPLETE
                  File Output Operator
                    compressed: false
                    Statistics: Num rows: 1 Data size: 532 Basic stats: COMPLETE Column stats: COMPLETE
                    table:
                        input format: org.apache.hadoop.mapred.SequenceFileInputFormat
                        output format: org.apache.hadoop.hive.ql.io.HiveSequenceFileOutputFormat
                        serde: org.apache.hadoop.hive.serde2.lazy.LazySimpleSerDe
        Reducer 4 
            Execution mode: llap
            Reduce Operator Tree:
              Forward
                Statistics: Num rows: 221 Data size: 39338 Basic stats: COMPLETE Column stats: COMPLETE
                Filter Operator
                  predicate: (KEY._col0 < 10) (type: boolean)
                  Statistics: Num rows: 73 Data size: 12994 Basic stats: COMPLETE Column stats: COMPLETE
                  Group By Operator
                    keys: KEY._col0 (type: string), KEY._col1 (type: string)
                    mode: complete
                    outputColumnNames: _col0, _col1
                    Statistics: Num rows: 73 Data size: 12994 Basic stats: COMPLETE Column stats: COMPLETE
                    Select Operator
                      expressions: _col0 (type: string), _col1 (type: string)
                      outputColumnNames: _col0, _col1
                      File Output Operator
                        compressed: false
                        Statistics: Num rows: 73 Data size: 12994 Basic stats: COMPLETE Column stats: COMPLETE
                        table:
                            input format: org.apache.hadoop.mapred.TextInputFormat
                            output format: org.apache.hadoop.hive.ql.io.HiveIgnoreKeyTextOutputFormat
                            serde: org.apache.hadoop.hive.serde2.lazy.LazySimpleSerDe
                Filter Operator
                  predicate: ((KEY._col0 > 10) and (KEY._col0 < 20)) (type: boolean)
                  Statistics: Num rows: 24 Data size: 4272 Basic stats: COMPLETE Column stats: COMPLETE
                  Group By Operator
                    keys: KEY._col0 (type: string), KEY._col1 (type: string)
                    mode: complete
                    outputColumnNames: _col0, _col1
                    Statistics: Num rows: 24 Data size: 4272 Basic stats: COMPLETE Column stats: COMPLETE
                    Reduce Output Operator
                      key expressions: _col1 (type: string)
                      null sort order: a
                      sort order: +
                      Map-reduce partition columns: _col1 (type: string)
                      Statistics: Num rows: 24 Data size: 4272 Basic stats: COMPLETE Column stats: COMPLETE
                      value expressions: _col0 (type: string)
        Reducer 5 
            Execution mode: vectorized, llap
            Reduce Operator Tree:
              Select Operator
                expressions: VALUE._col0 (type: string), KEY.reducesinkkey0 (type: string)
                outputColumnNames: _col0, _col1
                Statistics: Num rows: 24 Data size: 4272 Basic stats: COMPLETE Column stats: COMPLETE
                File Output Operator
                  compressed: false
                  Statistics: Num rows: 24 Data size: 4272 Basic stats: COMPLETE Column stats: COMPLETE
                  table:
                      input format: org.apache.hadoop.mapred.TextInputFormat
                      output format: org.apache.hadoop.hive.ql.io.HiveIgnoreKeyTextOutputFormat
                      serde: org.apache.hadoop.hive.serde2.lazy.LazySimpleSerDe

  Stage: Stage-5
    Dependency Collection

  Stage: Stage-0
    Move Operator
      tables:
          replace: true
          table:
              input format: org.apache.hadoop.mapred.TextInputFormat
              output format: org.apache.hadoop.hive.ql.io.HiveIgnoreKeyTextOutputFormat
              serde: org.apache.hadoop.hive.serde2.lazy.LazySimpleSerDe
              name: default.src_multi1_n4

  Stage: Stage-6
    Stats Work
      Basic Stats Work:
      Column Stats Desc:
          Columns: key, value
          Column Types: string, string
          Table: default.src_multi1_n4

  Stage: Stage-1
    Move Operator
      tables:
          replace: true
          table:
              input format: org.apache.hadoop.mapred.TextInputFormat
              output format: org.apache.hadoop.hive.ql.io.HiveIgnoreKeyTextOutputFormat
              serde: org.apache.hadoop.hive.serde2.lazy.LazySimpleSerDe
              name: default.src_multi2_n5

  Stage: Stage-7
    Stats Work
      Basic Stats Work:
      Column Stats Desc:
          Columns: key, value
          Column Types: string, string
          Table: default.src_multi2_n5

  Stage: Stage-2
    Move Operator
      files:
          hdfs directory: false
#### A masked pattern was here ####

  Stage: Stage-3
    Move Operator
      files:
          hdfs directory: false
#### A masked pattern was here ####

PREHOOK: query: from src
insert overwrite table src_multi1_n4 select * where key < 10
insert overwrite table src_multi2_n5 select * where key > 10 and key < 20
#### A masked pattern was here ####
PREHOOK: type: QUERY
PREHOOK: Input: default@src
PREHOOK: Output: default@src_multi1_n4
PREHOOK: Output: default@src_multi2_n5
#### A masked pattern was here ####
POSTHOOK: query: from src
insert overwrite table src_multi1_n4 select * where key < 10
insert overwrite table src_multi2_n5 select * where key > 10 and key < 20
#### A masked pattern was here ####
POSTHOOK: type: QUERY
POSTHOOK: Input: default@src
POSTHOOK: Output: default@src_multi1_n4
POSTHOOK: Output: default@src_multi2_n5
#### A masked pattern was here ####
POSTHOOK: Lineage: src_multi1_n4.key SIMPLE [(src)src.FieldSchema(name:key, type:string, comment:default), ]
POSTHOOK: Lineage: src_multi1_n4.value SIMPLE [(src)src.FieldSchema(name:value, type:string, comment:default), ]
POSTHOOK: Lineage: src_multi2_n5.key SIMPLE [(src)src.FieldSchema(name:key, type:string, comment:default), ]
POSTHOOK: Lineage: src_multi2_n5.value SIMPLE [(src)src.FieldSchema(name:value, type:string, comment:default), ]
PREHOOK: query: select * from src_multi1_n4
PREHOOK: type: QUERY
PREHOOK: Input: default@src_multi1_n4
#### A masked pattern was here ####
POSTHOOK: query: select * from src_multi1_n4
POSTHOOK: type: QUERY
POSTHOOK: Input: default@src_multi1_n4
#### A masked pattern was here ####
0	val_0
0	val_0
0	val_0
2	val_2
4	val_4
5	val_5
5	val_5
5	val_5
8	val_8
9	val_9
PREHOOK: query: select * from src_multi2_n5
PREHOOK: type: QUERY
PREHOOK: Input: default@src_multi2_n5
#### A masked pattern was here ####
POSTHOOK: query: select * from src_multi2_n5
POSTHOOK: type: QUERY
POSTHOOK: Input: default@src_multi2_n5
#### A masked pattern was here ####
11	val_11
12	val_12
12	val_12
15	val_15
15	val_15
17	val_17
18	val_18
18	val_18
19	val_19
Found 2 items
#### A masked pattern was here ####
PREHOOK: query: explain
from src
insert overwrite table src_multi1_n4 select * where key < 10
insert overwrite table src_multi2_n5 select * where key > 10 and key < 20
#### A masked pattern was here ####
PREHOOK: type: QUERY
PREHOOK: Input: default@src
PREHOOK: Output: default@src_multi1_n4
PREHOOK: Output: default@src_multi2_n5
#### A masked pattern was here ####
POSTHOOK: query: explain
from src
insert overwrite table src_multi1_n4 select * where key < 10
insert overwrite table src_multi2_n5 select * where key > 10 and key < 20
#### A masked pattern was here ####
POSTHOOK: type: QUERY
POSTHOOK: Input: default@src
POSTHOOK: Output: default@src_multi1_n4
POSTHOOK: Output: default@src_multi2_n5
#### A masked pattern was here ####
STAGE DEPENDENCIES:
  Stage-4 is a root stage
  Stage-5 depends on stages: Stage-4
  Stage-0 depends on stages: Stage-5
  Stage-6 depends on stages: Stage-0, Stage-2, Stage-3
  Stage-1 depends on stages: Stage-5
  Stage-7 depends on stages: Stage-1, Stage-2, Stage-3
  Stage-2 depends on stages: Stage-4
  Stage-3 depends on stages: Stage-4

STAGE PLANS:
  Stage: Stage-4
    Tez
#### A masked pattern was here ####
      Edges:
        Reducer 2 <- Map 1 (CUSTOM_SIMPLE_EDGE)
        Reducer 3 <- Map 1 (CUSTOM_SIMPLE_EDGE)
        Reducer 4 <- Map 1 (SIMPLE_EDGE)
        Reducer 5 <- Reducer 4 (SIMPLE_EDGE)
#### A masked pattern was here ####
      Vertices:
        Map 1 
            Map Operator Tree:
                TableScan
                  alias: src
                  Statistics: Num rows: 500 Data size: 89000 Basic stats: COMPLETE Column stats: COMPLETE
                  Filter Operator
                    predicate: (key < 10) (type: boolean)
                    Statistics: Num rows: 166 Data size: 29548 Basic stats: COMPLETE Column stats: COMPLETE
                    Select Operator
                      expressions: key (type: string), value (type: string)
                      outputColumnNames: _col0, _col1
                      Statistics: Num rows: 166 Data size: 29548 Basic stats: COMPLETE Column stats: COMPLETE
                      File Output Operator
                        compressed: false
                        Statistics: Num rows: 166 Data size: 29548 Basic stats: COMPLETE Column stats: COMPLETE
                        table:
                            input format: org.apache.hadoop.mapred.TextInputFormat
                            output format: org.apache.hadoop.hive.ql.io.HiveIgnoreKeyTextOutputFormat
                            serde: org.apache.hadoop.hive.serde2.lazy.LazySimpleSerDe
                            name: default.src_multi1_n4
                      Select Operator
                        expressions: _col0 (type: string), _col1 (type: string)
                        outputColumnNames: key, value
                        Statistics: Num rows: 166 Data size: 29548 Basic stats: COMPLETE Column stats: COMPLETE
                        Group By Operator
                          aggregations: max(length(key)), avg(COALESCE(length(key),0)), count(1), count(key), compute_bit_vector_hll(key), max(length(value)), avg(COALESCE(length(value),0)), count(value), compute_bit_vector_hll(value)
                          minReductionHashAggr: 0.99
                          mode: hash
                          outputColumnNames: _col0, _col1, _col2, _col3, _col4, _col5, _col6, _col7, _col8
                          Statistics: Num rows: 1 Data size: 472 Basic stats: COMPLETE Column stats: COMPLETE
                          Reduce Output Operator
                            null sort order: 
                            sort order: 
                            Statistics: Num rows: 1 Data size: 472 Basic stats: COMPLETE Column stats: COMPLETE
                            value expressions: _col0 (type: int), _col1 (type: struct<count:bigint,sum:double,input:int>), _col2 (type: bigint), _col3 (type: bigint), _col4 (type: binary), _col5 (type: int), _col6 (type: struct<count:bigint,sum:double,input:int>), _col7 (type: bigint), _col8 (type: binary)
                  Filter Operator
                    predicate: ((key > 10) and (key < 20)) (type: boolean)
                    Statistics: Num rows: 55 Data size: 9790 Basic stats: COMPLETE Column stats: COMPLETE
                    Select Operator
                      expressions: key (type: string), value (type: string)
                      outputColumnNames: _col0, _col1
                      Statistics: Num rows: 55 Data size: 9790 Basic stats: COMPLETE Column stats: COMPLETE
                      File Output Operator
                        compressed: false
                        Statistics: Num rows: 55 Data size: 9790 Basic stats: COMPLETE Column stats: COMPLETE
                        table:
                            input format: org.apache.hadoop.mapred.TextInputFormat
                            output format: org.apache.hadoop.hive.ql.io.HiveIgnoreKeyTextOutputFormat
                            serde: org.apache.hadoop.hive.serde2.lazy.LazySimpleSerDe
                            name: default.src_multi2_n5
                      Select Operator
                        expressions: _col0 (type: string), _col1 (type: string)
                        outputColumnNames: key, value
                        Statistics: Num rows: 55 Data size: 9790 Basic stats: COMPLETE Column stats: COMPLETE
                        Group By Operator
                          aggregations: max(length(key)), avg(COALESCE(length(key),0)), count(1), count(key), compute_bit_vector_hll(key), max(length(value)), avg(COALESCE(length(value),0)), count(value), compute_bit_vector_hll(value)
                          minReductionHashAggr: 0.9818182
                          mode: hash
                          outputColumnNames: _col0, _col1, _col2, _col3, _col4, _col5, _col6, _col7, _col8
                          Statistics: Num rows: 1 Data size: 472 Basic stats: COMPLETE Column stats: COMPLETE
                          Reduce Output Operator
                            null sort order: 
                            sort order: 
                            Statistics: Num rows: 1 Data size: 472 Basic stats: COMPLETE Column stats: COMPLETE
                            value expressions: _col0 (type: int), _col1 (type: struct<count:bigint,sum:double,input:int>), _col2 (type: bigint), _col3 (type: bigint), _col4 (type: binary), _col5 (type: int), _col6 (type: struct<count:bigint,sum:double,input:int>), _col7 (type: bigint), _col8 (type: binary)
                  Filter Operator
                    predicate: (((key > 10) and (key < 20)) or (key < 10)) (type: boolean)
                    Statistics: Num rows: 221 Data size: 39338 Basic stats: COMPLETE Column stats: COMPLETE
                    Reduce Output Operator
                      key expressions: key (type: string), value (type: string)
                      null sort order: az
                      sort order: ++
                      Map-reduce partition columns: key (type: string)
                      Statistics: Num rows: 221 Data size: 39338 Basic stats: COMPLETE Column stats: COMPLETE
            Execution mode: vectorized, llap
            LLAP IO: all inputs
        Reducer 2 
            Execution mode: vectorized, llap
            Reduce Operator Tree:
              Group By Operator
                aggregations: max(VALUE._col0), avg(VALUE._col1), count(VALUE._col2), count(VALUE._col3), compute_bit_vector_hll(VALUE._col4), max(VALUE._col5), avg(VALUE._col6), count(VALUE._col7), compute_bit_vector_hll(VALUE._col8)
                mode: mergepartial
                outputColumnNames: _col0, _col1, _col2, _col3, _col4, _col5, _col6, _col7, _col8
                Statistics: Num rows: 1 Data size: 336 Basic stats: COMPLETE Column stats: COMPLETE
                Select Operator
                  expressions: 'STRING' (type: string), UDFToLong(COALESCE(_col0,0)) (type: bigint), COALESCE(_col1,0) (type: double), (_col2 - _col3) (type: bigint), COALESCE(ndv_compute_bit_vector(_col4),0) (type: bigint), _col4 (type: binary), 'STRING' (type: string), UDFToLong(COALESCE(_col5,0)) (type: bigint), COALESCE(_col6,0) (type: double), (_col2 - _col7) (type: bigint), COALESCE(ndv_compute_bit_vector(_col8),0) (type: bigint), _col8 (type: binary)
                  outputColumnNames: _col0, _col1, _col2, _col3, _col4, _col5, _col6, _col7, _col8, _col9, _col10, _col11
                  Statistics: Num rows: 1 Data size: 532 Basic stats: COMPLETE Column stats: COMPLETE
                  File Output Operator
                    compressed: false
                    Statistics: Num rows: 1 Data size: 532 Basic stats: COMPLETE Column stats: COMPLETE
                    table:
                        input format: org.apache.hadoop.mapred.SequenceFileInputFormat
                        output format: org.apache.hadoop.hive.ql.io.HiveSequenceFileOutputFormat
                        serde: org.apache.hadoop.hive.serde2.lazy.LazySimpleSerDe
        Reducer 3 
            Execution mode: vectorized, llap
            Reduce Operator Tree:
              Group By Operator
                aggregations: max(VALUE._col0), avg(VALUE._col1), count(VALUE._col2), count(VALUE._col3), compute_bit_vector_hll(VALUE._col4), max(VALUE._col5), avg(VALUE._col6), count(VALUE._col7), compute_bit_vector_hll(VALUE._col8)
                mode: mergepartial
                outputColumnNames: _col0, _col1, _col2, _col3, _col4, _col5, _col6, _col7, _col8
                Statistics: Num rows: 1 Data size: 336 Basic stats: COMPLETE Column stats: COMPLETE
                Select Operator
                  expressions: 'STRING' (type: string), UDFToLong(COALESCE(_col0,0)) (type: bigint), COALESCE(_col1,0) (type: double), (_col2 - _col3) (type: bigint), COALESCE(ndv_compute_bit_vector(_col4),0) (type: bigint), _col4 (type: binary), 'STRING' (type: string), UDFToLong(COALESCE(_col5,0)) (type: bigint), COALESCE(_col6,0) (type: double), (_col2 - _col7) (type: bigint), COALESCE(ndv_compute_bit_vector(_col8),0) (type: bigint), _col8 (type: binary)
                  outputColumnNames: _col0, _col1, _col2, _col3, _col4, _col5, _col6, _col7, _col8, _col9, _col10, _col11
                  Statistics: Num rows: 1 Data size: 532 Basic stats: COMPLETE Column stats: COMPLETE
                  File Output Operator
                    compressed: false
                    Statistics: Num rows: 1 Data size: 532 Basic stats: COMPLETE Column stats: COMPLETE
                    table:
                        input format: org.apache.hadoop.mapred.SequenceFileInputFormat
                        output format: org.apache.hadoop.hive.ql.io.HiveSequenceFileOutputFormat
                        serde: org.apache.hadoop.hive.serde2.lazy.LazySimpleSerDe
        Reducer 4 
            Execution mode: llap
            Reduce Operator Tree:
              Forward
                Statistics: Num rows: 221 Data size: 39338 Basic stats: COMPLETE Column stats: COMPLETE
                Filter Operator
                  predicate: (KEY._col0 < 10) (type: boolean)
                  Statistics: Num rows: 73 Data size: 12994 Basic stats: COMPLETE Column stats: COMPLETE
                  Group By Operator
                    keys: KEY._col0 (type: string), KEY._col1 (type: string)
                    mode: complete
                    outputColumnNames: _col0, _col1
                    Statistics: Num rows: 73 Data size: 12994 Basic stats: COMPLETE Column stats: COMPLETE
                    Select Operator
                      expressions: _col0 (type: string), _col1 (type: string)
                      outputColumnNames: _col0, _col1
                      File Output Operator
                        compressed: false
                        Statistics: Num rows: 73 Data size: 12994 Basic stats: COMPLETE Column stats: COMPLETE
                        table:
                            input format: org.apache.hadoop.mapred.TextInputFormat
                            output format: org.apache.hadoop.hive.ql.io.HiveIgnoreKeyTextOutputFormat
                            serde: org.apache.hadoop.hive.serde2.lazy.LazySimpleSerDe
                Filter Operator
                  predicate: ((KEY._col0 > 10) and (KEY._col0 < 20)) (type: boolean)
                  Statistics: Num rows: 24 Data size: 4272 Basic stats: COMPLETE Column stats: COMPLETE
                  Group By Operator
                    keys: KEY._col0 (type: string), KEY._col1 (type: string)
                    mode: complete
                    outputColumnNames: _col0, _col1
                    Statistics: Num rows: 24 Data size: 4272 Basic stats: COMPLETE Column stats: COMPLETE
                    Reduce Output Operator
                      key expressions: _col1 (type: string)
                      null sort order: a
                      sort order: +
                      Map-reduce partition columns: _col1 (type: string)
                      Statistics: Num rows: 24 Data size: 4272 Basic stats: COMPLETE Column stats: COMPLETE
                      value expressions: _col0 (type: string)
        Reducer 5 
            Execution mode: vectorized, llap
            Reduce Operator Tree:
              Select Operator
                expressions: VALUE._col0 (type: string), KEY.reducesinkkey0 (type: string)
                outputColumnNames: _col0, _col1
                Statistics: Num rows: 24 Data size: 4272 Basic stats: COMPLETE Column stats: COMPLETE
                File Output Operator
                  compressed: false
                  Statistics: Num rows: 24 Data size: 4272 Basic stats: COMPLETE Column stats: COMPLETE
                  table:
                      input format: org.apache.hadoop.mapred.TextInputFormat
                      output format: org.apache.hadoop.hive.ql.io.HiveIgnoreKeyTextOutputFormat
                      serde: org.apache.hadoop.hive.serde2.lazy.LazySimpleSerDe

  Stage: Stage-5
    Dependency Collection

  Stage: Stage-0
    Move Operator
      tables:
          replace: true
          table:
              input format: org.apache.hadoop.mapred.TextInputFormat
              output format: org.apache.hadoop.hive.ql.io.HiveIgnoreKeyTextOutputFormat
              serde: org.apache.hadoop.hive.serde2.lazy.LazySimpleSerDe
              name: default.src_multi1_n4

  Stage: Stage-6
    Stats Work
      Basic Stats Work:
      Column Stats Desc:
          Columns: key, value
          Column Types: string, string
          Table: default.src_multi1_n4

  Stage: Stage-1
    Move Operator
      tables:
          replace: true
          table:
              input format: org.apache.hadoop.mapred.TextInputFormat
              output format: org.apache.hadoop.hive.ql.io.HiveIgnoreKeyTextOutputFormat
              serde: org.apache.hadoop.hive.serde2.lazy.LazySimpleSerDe
              name: default.src_multi2_n5

  Stage: Stage-7
    Stats Work
      Basic Stats Work:
      Column Stats Desc:
          Columns: key, value
          Column Types: string, string
          Table: default.src_multi2_n5

  Stage: Stage-2
    Move Operator
      files:
          hdfs directory: false
#### A masked pattern was here ####

  Stage: Stage-3
    Move Operator
      files:
          hdfs directory: false
#### A masked pattern was here ####

PREHOOK: query: from src
insert overwrite table src_multi1_n4 select * where key < 10
insert overwrite table src_multi2_n5 select * where key > 10 and key < 20
#### A masked pattern was here ####
PREHOOK: type: QUERY
PREHOOK: Input: default@src
PREHOOK: Output: default@src_multi1_n4
PREHOOK: Output: default@src_multi2_n5
#### A masked pattern was here ####
POSTHOOK: query: from src
insert overwrite table src_multi1_n4 select * where key < 10
insert overwrite table src_multi2_n5 select * where key > 10 and key < 20
#### A masked pattern was here ####
POSTHOOK: type: QUERY
POSTHOOK: Input: default@src
POSTHOOK: Output: default@src_multi1_n4
POSTHOOK: Output: default@src_multi2_n5
#### A masked pattern was here ####
POSTHOOK: Lineage: src_multi1_n4.key SIMPLE [(src)src.FieldSchema(name:key, type:string, comment:default), ]
POSTHOOK: Lineage: src_multi1_n4.value SIMPLE [(src)src.FieldSchema(name:value, type:string, comment:default), ]
POSTHOOK: Lineage: src_multi2_n5.key SIMPLE [(src)src.FieldSchema(name:key, type:string, comment:default), ]
POSTHOOK: Lineage: src_multi2_n5.value SIMPLE [(src)src.FieldSchema(name:value, type:string, comment:default), ]
PREHOOK: query: select * from src_multi1_n4
PREHOOK: type: QUERY
PREHOOK: Input: default@src_multi1_n4
#### A masked pattern was here ####
POSTHOOK: query: select * from src_multi1_n4
POSTHOOK: type: QUERY
POSTHOOK: Input: default@src_multi1_n4
#### A masked pattern was here ####
0	val_0
0	val_0
0	val_0
2	val_2
4	val_4
5	val_5
5	val_5
5	val_5
8	val_8
9	val_9
PREHOOK: query: select * from src_multi2_n5
PREHOOK: type: QUERY
PREHOOK: Input: default@src_multi2_n5
#### A masked pattern was here ####
POSTHOOK: query: select * from src_multi2_n5
POSTHOOK: type: QUERY
POSTHOOK: Input: default@src_multi2_n5
#### A masked pattern was here ####
11	val_11
12	val_12
12	val_12
15	val_15
15	val_15
17	val_17
18	val_18
18	val_18
19	val_19
Found 2 items
#### A masked pattern was here ####
