PREHOOK: query: create table src_multi1 like src
PREHOOK: type: CREATETABLE
PREHOOK: Output: database:default
PREHOOK: Output: default@src_multi1
POSTHOOK: query: create table src_multi1 like src
POSTHOOK: type: CREATETABLE
POSTHOOK: Output: database:default
POSTHOOK: Output: default@src_multi1
PREHOOK: query: create table src_multi2 like src
PREHOOK: type: CREATETABLE
PREHOOK: Output: database:default
PREHOOK: Output: default@src_multi2
POSTHOOK: query: create table src_multi2 like src
POSTHOOK: type: CREATETABLE
POSTHOOK: Output: database:default
POSTHOOK: Output: default@src_multi2
PREHOOK: query: explain
from src
insert overwrite table src_multi1 select * where key < 10
insert overwrite table src_multi2 select * where key > 10 and key < 20
PREHOOK: type: QUERY
POSTHOOK: query: explain
from src
insert overwrite table src_multi1 select * where key < 10
insert overwrite table src_multi2 select * where key > 10 and key < 20
POSTHOOK: type: QUERY
STAGE DEPENDENCIES:
  Stage-2 is a root stage
  Stage-3 depends on stages: Stage-2
  Stage-0 depends on stages: Stage-3
  Stage-4 depends on stages: Stage-0
  Stage-1 depends on stages: Stage-3
  Stage-5 depends on stages: Stage-1

STAGE PLANS:
  Stage: Stage-2
    Tez
#### A masked pattern was here ####
      Vertices:
        Map 1 
            Map Operator Tree:
                TableScan
                  alias: src
                  Statistics: Num rows: 500 Data size: 89000 Basic stats: COMPLETE Column stats: COMPLETE
                  Filter Operator
                    predicate: (key < 10) (type: boolean)
                    Statistics: Num rows: 166 Data size: 29548 Basic stats: COMPLETE Column stats: COMPLETE
                    Select Operator
                      expressions: key (type: string), value (type: string)
                      outputColumnNames: _col0, _col1
                      Statistics: Num rows: 166 Data size: 29548 Basic stats: COMPLETE Column stats: COMPLETE
                      File Output Operator
                        compressed: false
                        Statistics: Num rows: 166 Data size: 29548 Basic stats: COMPLETE Column stats: COMPLETE
                        table:
                            input format: org.apache.hadoop.mapred.TextInputFormat
                            output format: org.apache.hadoop.hive.ql.io.HiveIgnoreKeyTextOutputFormat
                            serde: org.apache.hadoop.hive.serde2.lazy.LazySimpleSerDe
                            name: default.src_multi1
                  Filter Operator
                    predicate: ((key > 10) and (key < 20)) (type: boolean)
                    Statistics: Num rows: 55 Data size: 9790 Basic stats: COMPLETE Column stats: COMPLETE
                    Select Operator
                      expressions: key (type: string), value (type: string)
                      outputColumnNames: _col0, _col1
                      Statistics: Num rows: 55 Data size: 9790 Basic stats: COMPLETE Column stats: COMPLETE
                      File Output Operator
                        compressed: false
                        Statistics: Num rows: 55 Data size: 9790 Basic stats: COMPLETE Column stats: COMPLETE
                        table:
                            input format: org.apache.hadoop.mapred.TextInputFormat
                            output format: org.apache.hadoop.hive.ql.io.HiveIgnoreKeyTextOutputFormat
                            serde: org.apache.hadoop.hive.serde2.lazy.LazySimpleSerDe
                            name: default.src_multi2
            Execution mode: llap
            LLAP IO: no inputs

  Stage: Stage-3
    Dependency Collection

  Stage: Stage-0
    Move Operator
      tables:
          replace: true
          table:
              input format: org.apache.hadoop.mapred.TextInputFormat
              output format: org.apache.hadoop.hive.ql.io.HiveIgnoreKeyTextOutputFormat
              serde: org.apache.hadoop.hive.serde2.lazy.LazySimpleSerDe
              name: default.src_multi1

  Stage: Stage-4
    Stats-Aggr Operator

  Stage: Stage-1
    Move Operator
      tables:
          replace: true
          table:
              input format: org.apache.hadoop.mapred.TextInputFormat
              output format: org.apache.hadoop.hive.ql.io.HiveIgnoreKeyTextOutputFormat
              serde: org.apache.hadoop.hive.serde2.lazy.LazySimpleSerDe
              name: default.src_multi2

  Stage: Stage-5
    Stats-Aggr Operator

PREHOOK: query: from src
insert overwrite table src_multi1 select * where key < 10
insert overwrite table src_multi2 select * where key > 10 and key < 20
PREHOOK: type: QUERY
PREHOOK: Input: default@src
PREHOOK: Output: default@src_multi1
PREHOOK: Output: default@src_multi2
POSTHOOK: query: from src
insert overwrite table src_multi1 select * where key < 10
insert overwrite table src_multi2 select * where key > 10 and key < 20
POSTHOOK: type: QUERY
POSTHOOK: Input: default@src
POSTHOOK: Output: default@src_multi1
POSTHOOK: Output: default@src_multi2
POSTHOOK: Lineage: src_multi1.key SIMPLE [(src)src.FieldSchema(name:key, type:string, comment:default), ]
POSTHOOK: Lineage: src_multi1.value SIMPLE [(src)src.FieldSchema(name:value, type:string, comment:default), ]
POSTHOOK: Lineage: src_multi2.key SIMPLE [(src)src.FieldSchema(name:key, type:string, comment:default), ]
POSTHOOK: Lineage: src_multi2.value SIMPLE [(src)src.FieldSchema(name:value, type:string, comment:default), ]
PREHOOK: query: select * from src_multi1
PREHOOK: type: QUERY
PREHOOK: Input: default@src_multi1
#### A masked pattern was here ####
POSTHOOK: query: select * from src_multi1
POSTHOOK: type: QUERY
POSTHOOK: Input: default@src_multi1
#### A masked pattern was here ####
0	val_0
0	val_0
0	val_0
2	val_2
4	val_4
5	val_5
5	val_5
5	val_5
8	val_8
9	val_9
PREHOOK: query: select * from src_multi2
PREHOOK: type: QUERY
PREHOOK: Input: default@src_multi2
#### A masked pattern was here ####
POSTHOOK: query: select * from src_multi2
POSTHOOK: type: QUERY
POSTHOOK: Input: default@src_multi2
#### A masked pattern was here ####
11	val_11
12	val_12
12	val_12
15	val_15
15	val_15
17	val_17
18	val_18
18	val_18
19	val_19
PREHOOK: query: explain
from src
insert overwrite table src_multi1 select * where key < 10
insert overwrite table src_multi2 select * where key > 10 and key < 20
PREHOOK: type: QUERY
POSTHOOK: query: explain
from src
insert overwrite table src_multi1 select * where key < 10
insert overwrite table src_multi2 select * where key > 10 and key < 20
POSTHOOK: type: QUERY
STAGE DEPENDENCIES:
  Stage-2 is a root stage
  Stage-3 depends on stages: Stage-2
  Stage-0 depends on stages: Stage-3
  Stage-4 depends on stages: Stage-0
  Stage-1 depends on stages: Stage-3
  Stage-5 depends on stages: Stage-1

STAGE PLANS:
  Stage: Stage-2
    Tez
#### A masked pattern was here ####
      Vertices:
        Map 1 
            Map Operator Tree:
                TableScan
                  alias: src
                  Statistics: Num rows: 500 Data size: 89000 Basic stats: COMPLETE Column stats: COMPLETE
                  Filter Operator
                    predicate: (key < 10) (type: boolean)
                    Statistics: Num rows: 166 Data size: 29548 Basic stats: COMPLETE Column stats: COMPLETE
                    Select Operator
                      expressions: key (type: string), value (type: string)
                      outputColumnNames: _col0, _col1
                      Statistics: Num rows: 166 Data size: 29548 Basic stats: COMPLETE Column stats: COMPLETE
                      File Output Operator
                        compressed: false
                        Statistics: Num rows: 166 Data size: 29548 Basic stats: COMPLETE Column stats: COMPLETE
                        table:
                            input format: org.apache.hadoop.mapred.TextInputFormat
                            output format: org.apache.hadoop.hive.ql.io.HiveIgnoreKeyTextOutputFormat
                            serde: org.apache.hadoop.hive.serde2.lazy.LazySimpleSerDe
                            name: default.src_multi1
                  Filter Operator
                    predicate: ((key > 10) and (key < 20)) (type: boolean)
                    Statistics: Num rows: 55 Data size: 9790 Basic stats: COMPLETE Column stats: COMPLETE
                    Select Operator
                      expressions: key (type: string), value (type: string)
                      outputColumnNames: _col0, _col1
                      Statistics: Num rows: 55 Data size: 9790 Basic stats: COMPLETE Column stats: COMPLETE
                      File Output Operator
                        compressed: false
                        Statistics: Num rows: 55 Data size: 9790 Basic stats: COMPLETE Column stats: COMPLETE
                        table:
                            input format: org.apache.hadoop.mapred.TextInputFormat
                            output format: org.apache.hadoop.hive.ql.io.HiveIgnoreKeyTextOutputFormat
                            serde: org.apache.hadoop.hive.serde2.lazy.LazySimpleSerDe
                            name: default.src_multi2
            Execution mode: llap
            LLAP IO: no inputs

  Stage: Stage-3
    Dependency Collection

  Stage: Stage-0
    Move Operator
      tables:
          replace: true
          table:
              input format: org.apache.hadoop.mapred.TextInputFormat
              output format: org.apache.hadoop.hive.ql.io.HiveIgnoreKeyTextOutputFormat
              serde: org.apache.hadoop.hive.serde2.lazy.LazySimpleSerDe
              name: default.src_multi1

  Stage: Stage-4
    Stats-Aggr Operator

  Stage: Stage-1
    Move Operator
      tables:
          replace: true
          table:
              input format: org.apache.hadoop.mapred.TextInputFormat
              output format: org.apache.hadoop.hive.ql.io.HiveIgnoreKeyTextOutputFormat
              serde: org.apache.hadoop.hive.serde2.lazy.LazySimpleSerDe
              name: default.src_multi2

  Stage: Stage-5
    Stats-Aggr Operator

PREHOOK: query: from src
insert overwrite table src_multi1 select * where key < 10
insert overwrite table src_multi2 select * where key > 10 and key < 20
PREHOOK: type: QUERY
PREHOOK: Input: default@src
PREHOOK: Output: default@src_multi1
PREHOOK: Output: default@src_multi2
POSTHOOK: query: from src
insert overwrite table src_multi1 select * where key < 10
insert overwrite table src_multi2 select * where key > 10 and key < 20
POSTHOOK: type: QUERY
POSTHOOK: Input: default@src
POSTHOOK: Output: default@src_multi1
POSTHOOK: Output: default@src_multi2
POSTHOOK: Lineage: src_multi1.key SIMPLE [(src)src.FieldSchema(name:key, type:string, comment:default), ]
POSTHOOK: Lineage: src_multi1.value SIMPLE [(src)src.FieldSchema(name:value, type:string, comment:default), ]
POSTHOOK: Lineage: src_multi2.key SIMPLE [(src)src.FieldSchema(name:key, type:string, comment:default), ]
POSTHOOK: Lineage: src_multi2.value SIMPLE [(src)src.FieldSchema(name:value, type:string, comment:default), ]
PREHOOK: query: select * from src_multi1
PREHOOK: type: QUERY
PREHOOK: Input: default@src_multi1
#### A masked pattern was here ####
POSTHOOK: query: select * from src_multi1
POSTHOOK: type: QUERY
POSTHOOK: Input: default@src_multi1
#### A masked pattern was here ####
0	val_0
0	val_0
0	val_0
2	val_2
4	val_4
5	val_5
5	val_5
5	val_5
8	val_8
9	val_9
PREHOOK: query: select * from src_multi2
PREHOOK: type: QUERY
PREHOOK: Input: default@src_multi2
#### A masked pattern was here ####
POSTHOOK: query: select * from src_multi2
POSTHOOK: type: QUERY
POSTHOOK: Input: default@src_multi2
#### A masked pattern was here ####
11	val_11
12	val_12
12	val_12
15	val_15
15	val_15
17	val_17
18	val_18
18	val_18
19	val_19
PREHOOK: query: explain
from src
insert overwrite table src_multi1 select * where key < 10
insert overwrite table src_multi2 select * where key > 10 and key < 20
PREHOOK: type: QUERY
POSTHOOK: query: explain
from src
insert overwrite table src_multi1 select * where key < 10
insert overwrite table src_multi2 select * where key > 10 and key < 20
POSTHOOK: type: QUERY
STAGE DEPENDENCIES:
  Stage-2 is a root stage
  Stage-3 depends on stages: Stage-2
  Stage-0 depends on stages: Stage-3
  Stage-4 depends on stages: Stage-0
  Stage-1 depends on stages: Stage-3
  Stage-5 depends on stages: Stage-1

STAGE PLANS:
  Stage: Stage-2
    Tez
#### A masked pattern was here ####
      Vertices:
        Map 1 
            Map Operator Tree:
                TableScan
                  alias: src
                  Statistics: Num rows: 500 Data size: 89000 Basic stats: COMPLETE Column stats: COMPLETE
                  Filter Operator
                    predicate: (key < 10) (type: boolean)
                    Statistics: Num rows: 166 Data size: 29548 Basic stats: COMPLETE Column stats: COMPLETE
                    Select Operator
                      expressions: key (type: string), value (type: string)
                      outputColumnNames: _col0, _col1
                      Statistics: Num rows: 166 Data size: 29548 Basic stats: COMPLETE Column stats: COMPLETE
                      File Output Operator
                        compressed: false
                        Statistics: Num rows: 166 Data size: 29548 Basic stats: COMPLETE Column stats: COMPLETE
                        table:
                            input format: org.apache.hadoop.mapred.TextInputFormat
                            output format: org.apache.hadoop.hive.ql.io.HiveIgnoreKeyTextOutputFormat
                            serde: org.apache.hadoop.hive.serde2.lazy.LazySimpleSerDe
                            name: default.src_multi1
                  Filter Operator
                    predicate: ((key > 10) and (key < 20)) (type: boolean)
                    Statistics: Num rows: 55 Data size: 9790 Basic stats: COMPLETE Column stats: COMPLETE
                    Select Operator
                      expressions: key (type: string), value (type: string)
                      outputColumnNames: _col0, _col1
                      Statistics: Num rows: 55 Data size: 9790 Basic stats: COMPLETE Column stats: COMPLETE
                      File Output Operator
                        compressed: false
                        Statistics: Num rows: 55 Data size: 9790 Basic stats: COMPLETE Column stats: COMPLETE
                        table:
                            input format: org.apache.hadoop.mapred.TextInputFormat
                            output format: org.apache.hadoop.hive.ql.io.HiveIgnoreKeyTextOutputFormat
                            serde: org.apache.hadoop.hive.serde2.lazy.LazySimpleSerDe
                            name: default.src_multi2
            Execution mode: llap
            LLAP IO: no inputs

  Stage: Stage-3
    Dependency Collection

  Stage: Stage-0
    Move Operator
      tables:
          replace: true
          table:
              input format: org.apache.hadoop.mapred.TextInputFormat
              output format: org.apache.hadoop.hive.ql.io.HiveIgnoreKeyTextOutputFormat
              serde: org.apache.hadoop.hive.serde2.lazy.LazySimpleSerDe
              name: default.src_multi1

  Stage: Stage-4
    Stats-Aggr Operator

  Stage: Stage-1
    Move Operator
      tables:
          replace: true
          table:
              input format: org.apache.hadoop.mapred.TextInputFormat
              output format: org.apache.hadoop.hive.ql.io.HiveIgnoreKeyTextOutputFormat
              serde: org.apache.hadoop.hive.serde2.lazy.LazySimpleSerDe
              name: default.src_multi2

  Stage: Stage-5
    Stats-Aggr Operator

PREHOOK: query: from src
insert overwrite table src_multi1 select * where key < 10
insert overwrite table src_multi2 select * where key > 10 and key < 20
PREHOOK: type: QUERY
PREHOOK: Input: default@src
PREHOOK: Output: default@src_multi1
PREHOOK: Output: default@src_multi2
POSTHOOK: query: from src
insert overwrite table src_multi1 select * where key < 10
insert overwrite table src_multi2 select * where key > 10 and key < 20
POSTHOOK: type: QUERY
POSTHOOK: Input: default@src
POSTHOOK: Output: default@src_multi1
POSTHOOK: Output: default@src_multi2
POSTHOOK: Lineage: src_multi1.key SIMPLE [(src)src.FieldSchema(name:key, type:string, comment:default), ]
POSTHOOK: Lineage: src_multi1.value SIMPLE [(src)src.FieldSchema(name:value, type:string, comment:default), ]
POSTHOOK: Lineage: src_multi2.key SIMPLE [(src)src.FieldSchema(name:key, type:string, comment:default), ]
POSTHOOK: Lineage: src_multi2.value SIMPLE [(src)src.FieldSchema(name:value, type:string, comment:default), ]
PREHOOK: query: select * from src_multi1
PREHOOK: type: QUERY
PREHOOK: Input: default@src_multi1
#### A masked pattern was here ####
POSTHOOK: query: select * from src_multi1
POSTHOOK: type: QUERY
POSTHOOK: Input: default@src_multi1
#### A masked pattern was here ####
0	val_0
0	val_0
0	val_0
2	val_2
4	val_4
5	val_5
5	val_5
5	val_5
8	val_8
9	val_9
PREHOOK: query: select * from src_multi2
PREHOOK: type: QUERY
PREHOOK: Input: default@src_multi2
#### A masked pattern was here ####
POSTHOOK: query: select * from src_multi2
POSTHOOK: type: QUERY
POSTHOOK: Input: default@src_multi2
#### A masked pattern was here ####
11	val_11
12	val_12
12	val_12
15	val_15
15	val_15
17	val_17
18	val_18
18	val_18
19	val_19
PREHOOK: query: explain
from src
insert overwrite table src_multi1 select * where key < 10
insert overwrite table src_multi2 select * where key > 10 and key < 20
PREHOOK: type: QUERY
POSTHOOK: query: explain
from src
insert overwrite table src_multi1 select * where key < 10
insert overwrite table src_multi2 select * where key > 10 and key < 20
POSTHOOK: type: QUERY
STAGE DEPENDENCIES:
  Stage-2 is a root stage
  Stage-3 depends on stages: Stage-2
  Stage-0 depends on stages: Stage-3
  Stage-4 depends on stages: Stage-0
  Stage-1 depends on stages: Stage-3
  Stage-5 depends on stages: Stage-1

STAGE PLANS:
  Stage: Stage-2
    Tez
#### A masked pattern was here ####
      Vertices:
        Map 1 
            Map Operator Tree:
                TableScan
                  alias: src
                  Statistics: Num rows: 500 Data size: 89000 Basic stats: COMPLETE Column stats: COMPLETE
                  Filter Operator
                    predicate: (key < 10) (type: boolean)
                    Statistics: Num rows: 166 Data size: 29548 Basic stats: COMPLETE Column stats: COMPLETE
                    Select Operator
                      expressions: key (type: string), value (type: string)
                      outputColumnNames: _col0, _col1
                      Statistics: Num rows: 166 Data size: 29548 Basic stats: COMPLETE Column stats: COMPLETE
                      File Output Operator
                        compressed: false
                        Statistics: Num rows: 166 Data size: 29548 Basic stats: COMPLETE Column stats: COMPLETE
                        table:
                            input format: org.apache.hadoop.mapred.TextInputFormat
                            output format: org.apache.hadoop.hive.ql.io.HiveIgnoreKeyTextOutputFormat
                            serde: org.apache.hadoop.hive.serde2.lazy.LazySimpleSerDe
                            name: default.src_multi1
                  Filter Operator
                    predicate: ((key > 10) and (key < 20)) (type: boolean)
                    Statistics: Num rows: 55 Data size: 9790 Basic stats: COMPLETE Column stats: COMPLETE
                    Select Operator
                      expressions: key (type: string), value (type: string)
                      outputColumnNames: _col0, _col1
                      Statistics: Num rows: 55 Data size: 9790 Basic stats: COMPLETE Column stats: COMPLETE
                      File Output Operator
                        compressed: false
                        Statistics: Num rows: 55 Data size: 9790 Basic stats: COMPLETE Column stats: COMPLETE
                        table:
                            input format: org.apache.hadoop.mapred.TextInputFormat
                            output format: org.apache.hadoop.hive.ql.io.HiveIgnoreKeyTextOutputFormat
                            serde: org.apache.hadoop.hive.serde2.lazy.LazySimpleSerDe
                            name: default.src_multi2
            Execution mode: llap
            LLAP IO: no inputs

  Stage: Stage-3
    Dependency Collection

  Stage: Stage-0
    Move Operator
      tables:
          replace: true
          table:
              input format: org.apache.hadoop.mapred.TextInputFormat
              output format: org.apache.hadoop.hive.ql.io.HiveIgnoreKeyTextOutputFormat
              serde: org.apache.hadoop.hive.serde2.lazy.LazySimpleSerDe
              name: default.src_multi1

  Stage: Stage-4
    Stats-Aggr Operator

  Stage: Stage-1
    Move Operator
      tables:
          replace: true
          table:
              input format: org.apache.hadoop.mapred.TextInputFormat
              output format: org.apache.hadoop.hive.ql.io.HiveIgnoreKeyTextOutputFormat
              serde: org.apache.hadoop.hive.serde2.lazy.LazySimpleSerDe
              name: default.src_multi2

  Stage: Stage-5
    Stats-Aggr Operator

PREHOOK: query: from src
insert overwrite table src_multi1 select * where key < 10
insert overwrite table src_multi2 select * where key > 10 and key < 20
PREHOOK: type: QUERY
PREHOOK: Input: default@src
PREHOOK: Output: default@src_multi1
PREHOOK: Output: default@src_multi2
POSTHOOK: query: from src
insert overwrite table src_multi1 select * where key < 10
insert overwrite table src_multi2 select * where key > 10 and key < 20
POSTHOOK: type: QUERY
POSTHOOK: Input: default@src
POSTHOOK: Output: default@src_multi1
POSTHOOK: Output: default@src_multi2
POSTHOOK: Lineage: src_multi1.key SIMPLE [(src)src.FieldSchema(name:key, type:string, comment:default), ]
POSTHOOK: Lineage: src_multi1.value SIMPLE [(src)src.FieldSchema(name:value, type:string, comment:default), ]
POSTHOOK: Lineage: src_multi2.key SIMPLE [(src)src.FieldSchema(name:key, type:string, comment:default), ]
POSTHOOK: Lineage: src_multi2.value SIMPLE [(src)src.FieldSchema(name:value, type:string, comment:default), ]
PREHOOK: query: select * from src_multi1
PREHOOK: type: QUERY
PREHOOK: Input: default@src_multi1
#### A masked pattern was here ####
POSTHOOK: query: select * from src_multi1
POSTHOOK: type: QUERY
POSTHOOK: Input: default@src_multi1
#### A masked pattern was here ####
0	val_0
0	val_0
0	val_0
2	val_2
4	val_4
5	val_5
5	val_5
5	val_5
8	val_8
9	val_9
PREHOOK: query: select * from src_multi2
PREHOOK: type: QUERY
PREHOOK: Input: default@src_multi2
#### A masked pattern was here ####
POSTHOOK: query: select * from src_multi2
POSTHOOK: type: QUERY
POSTHOOK: Input: default@src_multi2
#### A masked pattern was here ####
11	val_11
12	val_12
12	val_12
15	val_15
15	val_15
17	val_17
18	val_18
18	val_18
19	val_19
PREHOOK: query: explain
from src
insert overwrite table src_multi1 select * where key < 10 group by key, value
insert overwrite table src_multi2 select * where key > 10 and key < 20 group by key, value
PREHOOK: type: QUERY
POSTHOOK: query: explain
from src
insert overwrite table src_multi1 select * where key < 10 group by key, value
insert overwrite table src_multi2 select * where key > 10 and key < 20 group by key, value
POSTHOOK: type: QUERY
STAGE DEPENDENCIES:
  Stage-2 is a root stage
  Stage-3 depends on stages: Stage-2
  Stage-0 depends on stages: Stage-3
  Stage-4 depends on stages: Stage-0
  Stage-1 depends on stages: Stage-3
  Stage-5 depends on stages: Stage-1

STAGE PLANS:
  Stage: Stage-2
    Tez
#### A masked pattern was here ####
      Edges:
        Reducer 2 <- Map 1 (SIMPLE_EDGE)
#### A masked pattern was here ####
      Vertices:
        Map 1 
            Map Operator Tree:
                TableScan
                  alias: src
                  Statistics: Num rows: 500 Data size: 89000 Basic stats: COMPLETE Column stats: COMPLETE
                  Filter Operator
                    predicate: (((key > 10) and (key < 20)) or (key < 10)) (type: boolean)
                    Statistics: Num rows: 221 Data size: 39338 Basic stats: COMPLETE Column stats: COMPLETE
                    Reduce Output Operator
                      key expressions: key (type: string), value (type: string)
                      sort order: ++
                      Map-reduce partition columns: key (type: string), value (type: string)
                      Statistics: Num rows: 221 Data size: 39338 Basic stats: COMPLETE Column stats: COMPLETE
            Execution mode: llap
            LLAP IO: no inputs
        Reducer 2 
            Execution mode: llap
            Reduce Operator Tree:
              Forward
                Statistics: Num rows: 221 Data size: 39338 Basic stats: COMPLETE Column stats: COMPLETE
                Filter Operator
                  predicate: (KEY._col0 < 10) (type: boolean)
                  Statistics: Num rows: 73 Data size: 12994 Basic stats: COMPLETE Column stats: COMPLETE
                  Group By Operator
                    keys: KEY._col0 (type: string), KEY._col1 (type: string)
                    mode: complete
                    outputColumnNames: _col0, _col1
                    Statistics: Num rows: 73 Data size: 12994 Basic stats: COMPLETE Column stats: COMPLETE
                    File Output Operator
                      compressed: false
                      Statistics: Num rows: 73 Data size: 12994 Basic stats: COMPLETE Column stats: COMPLETE
                      table:
                          input format: org.apache.hadoop.mapred.TextInputFormat
                          output format: org.apache.hadoop.hive.ql.io.HiveIgnoreKeyTextOutputFormat
                          serde: org.apache.hadoop.hive.serde2.lazy.LazySimpleSerDe
                          name: default.src_multi1
                Filter Operator
                  predicate: ((KEY._col0 > 10) and (KEY._col0 < 20)) (type: boolean)
                  Statistics: Num rows: 24 Data size: 4272 Basic stats: COMPLETE Column stats: COMPLETE
                  Group By Operator
                    keys: KEY._col0 (type: string), KEY._col1 (type: string)
                    mode: complete
                    outputColumnNames: _col0, _col1
                    Statistics: Num rows: 24 Data size: 4272 Basic stats: COMPLETE Column stats: COMPLETE
                    File Output Operator
                      compressed: false
                      Statistics: Num rows: 24 Data size: 4272 Basic stats: COMPLETE Column stats: COMPLETE
                      table:
                          input format: org.apache.hadoop.mapred.TextInputFormat
                          output format: org.apache.hadoop.hive.ql.io.HiveIgnoreKeyTextOutputFormat
                          serde: org.apache.hadoop.hive.serde2.lazy.LazySimpleSerDe
                          name: default.src_multi2

  Stage: Stage-3
    Dependency Collection

  Stage: Stage-0
    Move Operator
      tables:
          replace: true
          table:
              input format: org.apache.hadoop.mapred.TextInputFormat
              output format: org.apache.hadoop.hive.ql.io.HiveIgnoreKeyTextOutputFormat
              serde: org.apache.hadoop.hive.serde2.lazy.LazySimpleSerDe
              name: default.src_multi1

  Stage: Stage-4
    Stats-Aggr Operator

  Stage: Stage-1
    Move Operator
      tables:
          replace: true
          table:
              input format: org.apache.hadoop.mapred.TextInputFormat
              output format: org.apache.hadoop.hive.ql.io.HiveIgnoreKeyTextOutputFormat
              serde: org.apache.hadoop.hive.serde2.lazy.LazySimpleSerDe
              name: default.src_multi2

  Stage: Stage-5
    Stats-Aggr Operator

PREHOOK: query: from src
insert overwrite table src_multi1 select * where key < 10 group by key, value
insert overwrite table src_multi2 select * where key > 10 and key < 20 group by key, value
PREHOOK: type: QUERY
PREHOOK: Input: default@src
PREHOOK: Output: default@src_multi1
PREHOOK: Output: default@src_multi2
POSTHOOK: query: from src
insert overwrite table src_multi1 select * where key < 10 group by key, value
insert overwrite table src_multi2 select * where key > 10 and key < 20 group by key, value
POSTHOOK: type: QUERY
POSTHOOK: Input: default@src
POSTHOOK: Output: default@src_multi1
POSTHOOK: Output: default@src_multi2
POSTHOOK: Lineage: src_multi1.key SIMPLE [(src)src.FieldSchema(name:key, type:string, comment:default), ]
POSTHOOK: Lineage: src_multi1.value SIMPLE [(src)src.FieldSchema(name:value, type:string, comment:default), ]
POSTHOOK: Lineage: src_multi2.key SIMPLE [(src)src.FieldSchema(name:key, type:string, comment:default), ]
POSTHOOK: Lineage: src_multi2.value SIMPLE [(src)src.FieldSchema(name:value, type:string, comment:default), ]
PREHOOK: query: select * from src_multi1
PREHOOK: type: QUERY
PREHOOK: Input: default@src_multi1
#### A masked pattern was here ####
POSTHOOK: query: select * from src_multi1
POSTHOOK: type: QUERY
POSTHOOK: Input: default@src_multi1
#### A masked pattern was here ####
0	val_0
2	val_2
4	val_4
5	val_5
8	val_8
9	val_9
PREHOOK: query: select * from src_multi2
PREHOOK: type: QUERY
PREHOOK: Input: default@src_multi2
#### A masked pattern was here ####
POSTHOOK: query: select * from src_multi2
POSTHOOK: type: QUERY
POSTHOOK: Input: default@src_multi2
#### A masked pattern was here ####
11	val_11
12	val_12
15	val_15
17	val_17
18	val_18
19	val_19
PREHOOK: query: explain
from src
insert overwrite table src_multi1 select * where key < 10 group by key, value
insert overwrite table src_multi2 select * where key > 10 and key < 20 group by key, value
PREHOOK: type: QUERY
POSTHOOK: query: explain
from src
insert overwrite table src_multi1 select * where key < 10 group by key, value
insert overwrite table src_multi2 select * where key > 10 and key < 20 group by key, value
POSTHOOK: type: QUERY
STAGE DEPENDENCIES:
  Stage-2 is a root stage
  Stage-3 depends on stages: Stage-2
  Stage-0 depends on stages: Stage-3
  Stage-4 depends on stages: Stage-0
  Stage-1 depends on stages: Stage-3
  Stage-5 depends on stages: Stage-1

STAGE PLANS:
  Stage: Stage-2
    Tez
#### A masked pattern was here ####
      Edges:
        Reducer 2 <- Map 1 (SIMPLE_EDGE)
#### A masked pattern was here ####
      Vertices:
        Map 1 
            Map Operator Tree:
                TableScan
                  alias: src
                  Statistics: Num rows: 500 Data size: 89000 Basic stats: COMPLETE Column stats: COMPLETE
                  Filter Operator
                    predicate: (((key > 10) and (key < 20)) or (key < 10)) (type: boolean)
                    Statistics: Num rows: 221 Data size: 39338 Basic stats: COMPLETE Column stats: COMPLETE
                    Reduce Output Operator
                      key expressions: key (type: string), value (type: string)
                      sort order: ++
                      Map-reduce partition columns: key (type: string), value (type: string)
                      Statistics: Num rows: 221 Data size: 39338 Basic stats: COMPLETE Column stats: COMPLETE
            Execution mode: llap
            LLAP IO: no inputs
        Reducer 2 
            Execution mode: llap
            Reduce Operator Tree:
              Forward
                Statistics: Num rows: 221 Data size: 39338 Basic stats: COMPLETE Column stats: COMPLETE
                Filter Operator
                  predicate: (KEY._col0 < 10) (type: boolean)
                  Statistics: Num rows: 73 Data size: 12994 Basic stats: COMPLETE Column stats: COMPLETE
                  Group By Operator
                    keys: KEY._col0 (type: string), KEY._col1 (type: string)
                    mode: complete
                    outputColumnNames: _col0, _col1
                    Statistics: Num rows: 73 Data size: 12994 Basic stats: COMPLETE Column stats: COMPLETE
                    File Output Operator
                      compressed: false
                      Statistics: Num rows: 73 Data size: 12994 Basic stats: COMPLETE Column stats: COMPLETE
                      table:
                          input format: org.apache.hadoop.mapred.TextInputFormat
                          output format: org.apache.hadoop.hive.ql.io.HiveIgnoreKeyTextOutputFormat
                          serde: org.apache.hadoop.hive.serde2.lazy.LazySimpleSerDe
                          name: default.src_multi1
                Filter Operator
                  predicate: ((KEY._col0 > 10) and (KEY._col0 < 20)) (type: boolean)
                  Statistics: Num rows: 24 Data size: 4272 Basic stats: COMPLETE Column stats: COMPLETE
                  Group By Operator
                    keys: KEY._col0 (type: string), KEY._col1 (type: string)
                    mode: complete
                    outputColumnNames: _col0, _col1
                    Statistics: Num rows: 24 Data size: 4272 Basic stats: COMPLETE Column stats: COMPLETE
                    File Output Operator
                      compressed: false
                      Statistics: Num rows: 24 Data size: 4272 Basic stats: COMPLETE Column stats: COMPLETE
                      table:
                          input format: org.apache.hadoop.mapred.TextInputFormat
                          output format: org.apache.hadoop.hive.ql.io.HiveIgnoreKeyTextOutputFormat
                          serde: org.apache.hadoop.hive.serde2.lazy.LazySimpleSerDe
                          name: default.src_multi2

  Stage: Stage-3
    Dependency Collection

  Stage: Stage-0
    Move Operator
      tables:
          replace: true
          table:
              input format: org.apache.hadoop.mapred.TextInputFormat
              output format: org.apache.hadoop.hive.ql.io.HiveIgnoreKeyTextOutputFormat
              serde: org.apache.hadoop.hive.serde2.lazy.LazySimpleSerDe
              name: default.src_multi1

  Stage: Stage-4
    Stats-Aggr Operator

  Stage: Stage-1
    Move Operator
      tables:
          replace: true
          table:
              input format: org.apache.hadoop.mapred.TextInputFormat
              output format: org.apache.hadoop.hive.ql.io.HiveIgnoreKeyTextOutputFormat
              serde: org.apache.hadoop.hive.serde2.lazy.LazySimpleSerDe
              name: default.src_multi2

  Stage: Stage-5
    Stats-Aggr Operator

PREHOOK: query: from src
insert overwrite table src_multi1 select * where key < 10 group by key, value
insert overwrite table src_multi2 select * where key > 10 and key < 20 group by key, value
PREHOOK: type: QUERY
PREHOOK: Input: default@src
PREHOOK: Output: default@src_multi1
PREHOOK: Output: default@src_multi2
POSTHOOK: query: from src
insert overwrite table src_multi1 select * where key < 10 group by key, value
insert overwrite table src_multi2 select * where key > 10 and key < 20 group by key, value
POSTHOOK: type: QUERY
POSTHOOK: Input: default@src
POSTHOOK: Output: default@src_multi1
POSTHOOK: Output: default@src_multi2
POSTHOOK: Lineage: src_multi1.key SIMPLE [(src)src.FieldSchema(name:key, type:string, comment:default), ]
POSTHOOK: Lineage: src_multi1.value SIMPLE [(src)src.FieldSchema(name:value, type:string, comment:default), ]
POSTHOOK: Lineage: src_multi2.key SIMPLE [(src)src.FieldSchema(name:key, type:string, comment:default), ]
POSTHOOK: Lineage: src_multi2.value SIMPLE [(src)src.FieldSchema(name:value, type:string, comment:default), ]
PREHOOK: query: select * from src_multi1
PREHOOK: type: QUERY
PREHOOK: Input: default@src_multi1
#### A masked pattern was here ####
POSTHOOK: query: select * from src_multi1
POSTHOOK: type: QUERY
POSTHOOK: Input: default@src_multi1
#### A masked pattern was here ####
0	val_0
2	val_2
4	val_4
5	val_5
8	val_8
9	val_9
PREHOOK: query: select * from src_multi2
PREHOOK: type: QUERY
PREHOOK: Input: default@src_multi2
#### A masked pattern was here ####
POSTHOOK: query: select * from src_multi2
POSTHOOK: type: QUERY
POSTHOOK: Input: default@src_multi2
#### A masked pattern was here ####
11	val_11
12	val_12
15	val_15
17	val_17
18	val_18
19	val_19
PREHOOK: query: explain
from src
insert overwrite table src_multi1 select * where key < 10 group by key, value
insert overwrite table src_multi2 select * where key > 10 and key < 20 group by key, value
PREHOOK: type: QUERY
POSTHOOK: query: explain
from src
insert overwrite table src_multi1 select * where key < 10 group by key, value
insert overwrite table src_multi2 select * where key > 10 and key < 20 group by key, value
POSTHOOK: type: QUERY
STAGE DEPENDENCIES:
  Stage-2 is a root stage
  Stage-3 depends on stages: Stage-2
  Stage-0 depends on stages: Stage-3
  Stage-4 depends on stages: Stage-0
  Stage-1 depends on stages: Stage-3
  Stage-5 depends on stages: Stage-1

STAGE PLANS:
  Stage: Stage-2
    Tez
#### A masked pattern was here ####
      Edges:
        Reducer 2 <- Map 1 (SIMPLE_EDGE)
#### A masked pattern was here ####
      Vertices:
        Map 1 
            Map Operator Tree:
                TableScan
                  alias: src
                  Statistics: Num rows: 500 Data size: 89000 Basic stats: COMPLETE Column stats: COMPLETE
                  Filter Operator
                    predicate: (((key > 10) and (key < 20)) or (key < 10)) (type: boolean)
                    Statistics: Num rows: 221 Data size: 39338 Basic stats: COMPLETE Column stats: COMPLETE
                    Reduce Output Operator
                      key expressions: key (type: string), value (type: string)
                      sort order: ++
                      Map-reduce partition columns: key (type: string), value (type: string)
                      Statistics: Num rows: 221 Data size: 39338 Basic stats: COMPLETE Column stats: COMPLETE
            Execution mode: llap
            LLAP IO: no inputs
        Reducer 2 
            Execution mode: llap
            Reduce Operator Tree:
              Forward
                Statistics: Num rows: 221 Data size: 39338 Basic stats: COMPLETE Column stats: COMPLETE
                Filter Operator
                  predicate: (KEY._col0 < 10) (type: boolean)
                  Statistics: Num rows: 73 Data size: 12994 Basic stats: COMPLETE Column stats: COMPLETE
                  Group By Operator
                    keys: KEY._col0 (type: string), KEY._col1 (type: string)
                    mode: complete
                    outputColumnNames: _col0, _col1
                    Statistics: Num rows: 73 Data size: 12994 Basic stats: COMPLETE Column stats: COMPLETE
                    File Output Operator
                      compressed: false
                      Statistics: Num rows: 73 Data size: 12994 Basic stats: COMPLETE Column stats: COMPLETE
                      table:
                          input format: org.apache.hadoop.mapred.TextInputFormat
                          output format: org.apache.hadoop.hive.ql.io.HiveIgnoreKeyTextOutputFormat
                          serde: org.apache.hadoop.hive.serde2.lazy.LazySimpleSerDe
                          name: default.src_multi1
                Filter Operator
                  predicate: ((KEY._col0 > 10) and (KEY._col0 < 20)) (type: boolean)
                  Statistics: Num rows: 24 Data size: 4272 Basic stats: COMPLETE Column stats: COMPLETE
                  Group By Operator
                    keys: KEY._col0 (type: string), KEY._col1 (type: string)
                    mode: complete
                    outputColumnNames: _col0, _col1
                    Statistics: Num rows: 24 Data size: 4272 Basic stats: COMPLETE Column stats: COMPLETE
                    File Output Operator
                      compressed: false
                      Statistics: Num rows: 24 Data size: 4272 Basic stats: COMPLETE Column stats: COMPLETE
                      table:
                          input format: org.apache.hadoop.mapred.TextInputFormat
                          output format: org.apache.hadoop.hive.ql.io.HiveIgnoreKeyTextOutputFormat
                          serde: org.apache.hadoop.hive.serde2.lazy.LazySimpleSerDe
                          name: default.src_multi2

  Stage: Stage-3
    Dependency Collection

  Stage: Stage-0
    Move Operator
      tables:
          replace: true
          table:
              input format: org.apache.hadoop.mapred.TextInputFormat
              output format: org.apache.hadoop.hive.ql.io.HiveIgnoreKeyTextOutputFormat
              serde: org.apache.hadoop.hive.serde2.lazy.LazySimpleSerDe
              name: default.src_multi1

  Stage: Stage-4
    Stats-Aggr Operator

  Stage: Stage-1
    Move Operator
      tables:
          replace: true
          table:
              input format: org.apache.hadoop.mapred.TextInputFormat
              output format: org.apache.hadoop.hive.ql.io.HiveIgnoreKeyTextOutputFormat
              serde: org.apache.hadoop.hive.serde2.lazy.LazySimpleSerDe
              name: default.src_multi2

  Stage: Stage-5
    Stats-Aggr Operator

PREHOOK: query: from src
insert overwrite table src_multi1 select * where key < 10 group by key, value
insert overwrite table src_multi2 select * where key > 10 and key < 20 group by key, value
PREHOOK: type: QUERY
PREHOOK: Input: default@src
PREHOOK: Output: default@src_multi1
PREHOOK: Output: default@src_multi2
POSTHOOK: query: from src
insert overwrite table src_multi1 select * where key < 10 group by key, value
insert overwrite table src_multi2 select * where key > 10 and key < 20 group by key, value
POSTHOOK: type: QUERY
POSTHOOK: Input: default@src
POSTHOOK: Output: default@src_multi1
POSTHOOK: Output: default@src_multi2
POSTHOOK: Lineage: src_multi1.key SIMPLE [(src)src.FieldSchema(name:key, type:string, comment:default), ]
POSTHOOK: Lineage: src_multi1.value SIMPLE [(src)src.FieldSchema(name:value, type:string, comment:default), ]
POSTHOOK: Lineage: src_multi2.key SIMPLE [(src)src.FieldSchema(name:key, type:string, comment:default), ]
POSTHOOK: Lineage: src_multi2.value SIMPLE [(src)src.FieldSchema(name:value, type:string, comment:default), ]
PREHOOK: query: select * from src_multi1
PREHOOK: type: QUERY
PREHOOK: Input: default@src_multi1
#### A masked pattern was here ####
POSTHOOK: query: select * from src_multi1
POSTHOOK: type: QUERY
POSTHOOK: Input: default@src_multi1
#### A masked pattern was here ####
0	val_0
2	val_2
4	val_4
5	val_5
8	val_8
9	val_9
PREHOOK: query: select * from src_multi2
PREHOOK: type: QUERY
PREHOOK: Input: default@src_multi2
#### A masked pattern was here ####
POSTHOOK: query: select * from src_multi2
POSTHOOK: type: QUERY
POSTHOOK: Input: default@src_multi2
#### A masked pattern was here ####
11	val_11
12	val_12
15	val_15
17	val_17
18	val_18
19	val_19
PREHOOK: query: explain
from src
insert overwrite table src_multi1 select * where key < 10 group by key, value
insert overwrite table src_multi2 select * where key > 10 and key < 20 group by key, value
PREHOOK: type: QUERY
POSTHOOK: query: explain
from src
insert overwrite table src_multi1 select * where key < 10 group by key, value
insert overwrite table src_multi2 select * where key > 10 and key < 20 group by key, value
POSTHOOK: type: QUERY
STAGE DEPENDENCIES:
  Stage-2 is a root stage
  Stage-3 depends on stages: Stage-2
  Stage-0 depends on stages: Stage-3
  Stage-4 depends on stages: Stage-0
  Stage-1 depends on stages: Stage-3
  Stage-5 depends on stages: Stage-1

STAGE PLANS:
  Stage: Stage-2
    Tez
#### A masked pattern was here ####
      Edges:
        Reducer 2 <- Map 1 (SIMPLE_EDGE)
#### A masked pattern was here ####
      Vertices:
        Map 1 
            Map Operator Tree:
                TableScan
                  alias: src
                  Statistics: Num rows: 500 Data size: 89000 Basic stats: COMPLETE Column stats: COMPLETE
                  Filter Operator
                    predicate: (((key > 10) and (key < 20)) or (key < 10)) (type: boolean)
                    Statistics: Num rows: 221 Data size: 39338 Basic stats: COMPLETE Column stats: COMPLETE
                    Reduce Output Operator
                      key expressions: key (type: string), value (type: string)
                      sort order: ++
                      Map-reduce partition columns: key (type: string), value (type: string)
                      Statistics: Num rows: 221 Data size: 39338 Basic stats: COMPLETE Column stats: COMPLETE
            Execution mode: llap
            LLAP IO: no inputs
        Reducer 2 
            Execution mode: llap
            Reduce Operator Tree:
              Forward
                Statistics: Num rows: 221 Data size: 39338 Basic stats: COMPLETE Column stats: COMPLETE
                Filter Operator
                  predicate: (KEY._col0 < 10) (type: boolean)
                  Statistics: Num rows: 73 Data size: 12994 Basic stats: COMPLETE Column stats: COMPLETE
                  Group By Operator
                    keys: KEY._col0 (type: string), KEY._col1 (type: string)
                    mode: complete
                    outputColumnNames: _col0, _col1
                    Statistics: Num rows: 73 Data size: 12994 Basic stats: COMPLETE Column stats: COMPLETE
                    File Output Operator
                      compressed: false
                      Statistics: Num rows: 73 Data size: 12994 Basic stats: COMPLETE Column stats: COMPLETE
                      table:
                          input format: org.apache.hadoop.mapred.TextInputFormat
                          output format: org.apache.hadoop.hive.ql.io.HiveIgnoreKeyTextOutputFormat
                          serde: org.apache.hadoop.hive.serde2.lazy.LazySimpleSerDe
                          name: default.src_multi1
                Filter Operator
                  predicate: ((KEY._col0 > 10) and (KEY._col0 < 20)) (type: boolean)
                  Statistics: Num rows: 24 Data size: 4272 Basic stats: COMPLETE Column stats: COMPLETE
                  Group By Operator
                    keys: KEY._col0 (type: string), KEY._col1 (type: string)
                    mode: complete
                    outputColumnNames: _col0, _col1
                    Statistics: Num rows: 24 Data size: 4272 Basic stats: COMPLETE Column stats: COMPLETE
                    File Output Operator
                      compressed: false
                      Statistics: Num rows: 24 Data size: 4272 Basic stats: COMPLETE Column stats: COMPLETE
                      table:
                          input format: org.apache.hadoop.mapred.TextInputFormat
                          output format: org.apache.hadoop.hive.ql.io.HiveIgnoreKeyTextOutputFormat
                          serde: org.apache.hadoop.hive.serde2.lazy.LazySimpleSerDe
                          name: default.src_multi2

  Stage: Stage-3
    Dependency Collection

  Stage: Stage-0
    Move Operator
      tables:
          replace: true
          table:
              input format: org.apache.hadoop.mapred.TextInputFormat
              output format: org.apache.hadoop.hive.ql.io.HiveIgnoreKeyTextOutputFormat
              serde: org.apache.hadoop.hive.serde2.lazy.LazySimpleSerDe
              name: default.src_multi1

  Stage: Stage-4
    Stats-Aggr Operator

  Stage: Stage-1
    Move Operator
      tables:
          replace: true
          table:
              input format: org.apache.hadoop.mapred.TextInputFormat
              output format: org.apache.hadoop.hive.ql.io.HiveIgnoreKeyTextOutputFormat
              serde: org.apache.hadoop.hive.serde2.lazy.LazySimpleSerDe
              name: default.src_multi2

  Stage: Stage-5
    Stats-Aggr Operator

PREHOOK: query: from src
insert overwrite table src_multi1 select * where key < 10 group by key, value
insert overwrite table src_multi2 select * where key > 10 and key < 20 group by key, value
PREHOOK: type: QUERY
PREHOOK: Input: default@src
PREHOOK: Output: default@src_multi1
PREHOOK: Output: default@src_multi2
POSTHOOK: query: from src
insert overwrite table src_multi1 select * where key < 10 group by key, value
insert overwrite table src_multi2 select * where key > 10 and key < 20 group by key, value
POSTHOOK: type: QUERY
POSTHOOK: Input: default@src
POSTHOOK: Output: default@src_multi1
POSTHOOK: Output: default@src_multi2
POSTHOOK: Lineage: src_multi1.key SIMPLE [(src)src.FieldSchema(name:key, type:string, comment:default), ]
POSTHOOK: Lineage: src_multi1.value SIMPLE [(src)src.FieldSchema(name:value, type:string, comment:default), ]
POSTHOOK: Lineage: src_multi2.key SIMPLE [(src)src.FieldSchema(name:key, type:string, comment:default), ]
POSTHOOK: Lineage: src_multi2.value SIMPLE [(src)src.FieldSchema(name:value, type:string, comment:default), ]
PREHOOK: query: select * from src_multi1
PREHOOK: type: QUERY
PREHOOK: Input: default@src_multi1
#### A masked pattern was here ####
POSTHOOK: query: select * from src_multi1
POSTHOOK: type: QUERY
POSTHOOK: Input: default@src_multi1
#### A masked pattern was here ####
0	val_0
2	val_2
4	val_4
5	val_5
8	val_8
9	val_9
PREHOOK: query: select * from src_multi2
PREHOOK: type: QUERY
PREHOOK: Input: default@src_multi2
#### A masked pattern was here ####
POSTHOOK: query: select * from src_multi2
POSTHOOK: type: QUERY
POSTHOOK: Input: default@src_multi2
#### A masked pattern was here ####
11	val_11
12	val_12
15	val_15
17	val_17
18	val_18
19	val_19
PREHOOK: query: explain
from (select * from src  union all select * from src) s
insert overwrite table src_multi1 select * where key < 10
insert overwrite table src_multi2 select * where key > 10 and key < 20
PREHOOK: type: QUERY
POSTHOOK: query: explain
from (select * from src  union all select * from src) s
insert overwrite table src_multi1 select * where key < 10
insert overwrite table src_multi2 select * where key > 10 and key < 20
POSTHOOK: type: QUERY
STAGE DEPENDENCIES:
  Stage-2 is a root stage
  Stage-3 depends on stages: Stage-2
  Stage-0 depends on stages: Stage-3
  Stage-4 depends on stages: Stage-0
  Stage-1 depends on stages: Stage-3
  Stage-5 depends on stages: Stage-1

STAGE PLANS:
  Stage: Stage-2
    Tez
#### A masked pattern was here ####
      Edges:
        Map 1 <- Union 2 (CONTAINS)
        Map 3 <- Union 2 (CONTAINS)
#### A masked pattern was here ####
      Vertices:
        Map 1 
            Map Operator Tree:
                TableScan
                  alias: src
                  Statistics: Num rows: 500 Data size: 89000 Basic stats: COMPLETE Column stats: COMPLETE
                  Select Operator
                    expressions: key (type: string), value (type: string)
                    outputColumnNames: _col0, _col1
                    Statistics: Num rows: 500 Data size: 89000 Basic stats: COMPLETE Column stats: COMPLETE
                    Filter Operator
                      predicate: (_col0 < 10) (type: boolean)
                      Statistics: Num rows: 333 Data size: 59274 Basic stats: COMPLETE Column stats: COMPLETE
                      File Output Operator
                        compressed: false
                        Statistics: Num rows: 333 Data size: 59274 Basic stats: COMPLETE Column stats: COMPLETE
                        table:
                            input format: org.apache.hadoop.mapred.TextInputFormat
                            output format: org.apache.hadoop.hive.ql.io.HiveIgnoreKeyTextOutputFormat
                            serde: org.apache.hadoop.hive.serde2.lazy.LazySimpleSerDe
                            name: default.src_multi1
                    Filter Operator
                      predicate: ((_col0 > 10) and (_col0 < 20)) (type: boolean)
                      Statistics: Num rows: 111 Data size: 19758 Basic stats: COMPLETE Column stats: COMPLETE
                      File Output Operator
                        compressed: false
                        Statistics: Num rows: 111 Data size: 19758 Basic stats: COMPLETE Column stats: COMPLETE
                        table:
                            input format: org.apache.hadoop.mapred.TextInputFormat
                            output format: org.apache.hadoop.hive.ql.io.HiveIgnoreKeyTextOutputFormat
                            serde: org.apache.hadoop.hive.serde2.lazy.LazySimpleSerDe
                            name: default.src_multi2
            Execution mode: llap
            LLAP IO: no inputs
        Map 3 
            Map Operator Tree:
                TableScan
                  alias: src
                  Statistics: Num rows: 500 Data size: 89000 Basic stats: COMPLETE Column stats: COMPLETE
                  Select Operator
                    expressions: key (type: string), value (type: string)
                    outputColumnNames: _col0, _col1
                    Statistics: Num rows: 500 Data size: 89000 Basic stats: COMPLETE Column stats: COMPLETE
                    Filter Operator
                      predicate: (_col0 < 10) (type: boolean)
                      Statistics: Num rows: 333 Data size: 59274 Basic stats: COMPLETE Column stats: COMPLETE
                      File Output Operator
                        compressed: false
                        Statistics: Num rows: 333 Data size: 59274 Basic stats: COMPLETE Column stats: COMPLETE
                        table:
                            input format: org.apache.hadoop.mapred.TextInputFormat
                            output format: org.apache.hadoop.hive.ql.io.HiveIgnoreKeyTextOutputFormat
                            serde: org.apache.hadoop.hive.serde2.lazy.LazySimpleSerDe
                            name: default.src_multi1
                    Filter Operator
                      predicate: ((_col0 > 10) and (_col0 < 20)) (type: boolean)
                      Statistics: Num rows: 111 Data size: 19758 Basic stats: COMPLETE Column stats: COMPLETE
                      File Output Operator
                        compressed: false
                        Statistics: Num rows: 111 Data size: 19758 Basic stats: COMPLETE Column stats: COMPLETE
                        table:
                            input format: org.apache.hadoop.mapred.TextInputFormat
                            output format: org.apache.hadoop.hive.ql.io.HiveIgnoreKeyTextOutputFormat
                            serde: org.apache.hadoop.hive.serde2.lazy.LazySimpleSerDe
                            name: default.src_multi2
            Execution mode: llap
            LLAP IO: no inputs
        Union 2 
            Vertex: Union 2

  Stage: Stage-3
    Dependency Collection

  Stage: Stage-0
    Move Operator
      tables:
          replace: true
          table:
              input format: org.apache.hadoop.mapred.TextInputFormat
              output format: org.apache.hadoop.hive.ql.io.HiveIgnoreKeyTextOutputFormat
              serde: org.apache.hadoop.hive.serde2.lazy.LazySimpleSerDe
              name: default.src_multi1

  Stage: Stage-4
    Stats-Aggr Operator

  Stage: Stage-1
    Move Operator
      tables:
          replace: true
          table:
              input format: org.apache.hadoop.mapred.TextInputFormat
              output format: org.apache.hadoop.hive.ql.io.HiveIgnoreKeyTextOutputFormat
              serde: org.apache.hadoop.hive.serde2.lazy.LazySimpleSerDe
              name: default.src_multi2

  Stage: Stage-5
    Stats-Aggr Operator

PREHOOK: query: from (select * from src  union all select * from src) s
insert overwrite table src_multi1 select * where key < 10
insert overwrite table src_multi2 select * where key > 10 and key < 20
PREHOOK: type: QUERY
PREHOOK: Input: default@src
PREHOOK: Output: default@src_multi1
PREHOOK: Output: default@src_multi2
POSTHOOK: query: from (select * from src  union all select * from src) s
insert overwrite table src_multi1 select * where key < 10
insert overwrite table src_multi2 select * where key > 10 and key < 20
POSTHOOK: type: QUERY
POSTHOOK: Input: default@src
POSTHOOK: Output: default@src_multi1
POSTHOOK: Output: default@src_multi2
POSTHOOK: Lineage: src_multi1.key EXPRESSION [(src)src.FieldSchema(name:key, type:string, comment:default), ]
POSTHOOK: Lineage: src_multi1.value EXPRESSION [(src)src.FieldSchema(name:value, type:string, comment:default), ]
POSTHOOK: Lineage: src_multi2.key EXPRESSION [(src)src.FieldSchema(name:key, type:string, comment:default), ]
POSTHOOK: Lineage: src_multi2.value EXPRESSION [(src)src.FieldSchema(name:value, type:string, comment:default), ]
PREHOOK: query: select * from src_multi1
PREHOOK: type: QUERY
PREHOOK: Input: default@src_multi1
#### A masked pattern was here ####
POSTHOOK: query: select * from src_multi1
POSTHOOK: type: QUERY
POSTHOOK: Input: default@src_multi1
#### A masked pattern was here ####
0	val_0
0	val_0
0	val_0
0	val_0
0	val_0
0	val_0
2	val_2
2	val_2
4	val_4
4	val_4
5	val_5
5	val_5
5	val_5
5	val_5
5	val_5
5	val_5
8	val_8
8	val_8
9	val_9
9	val_9
PREHOOK: query: select * from src_multi2
PREHOOK: type: QUERY
PREHOOK: Input: default@src_multi2
#### A masked pattern was here ####
POSTHOOK: query: select * from src_multi2
POSTHOOK: type: QUERY
POSTHOOK: Input: default@src_multi2
#### A masked pattern was here ####
11	val_11
11	val_11
12	val_12
12	val_12
12	val_12
12	val_12
15	val_15
15	val_15
15	val_15
15	val_15
17	val_17
17	val_17
18	val_18
18	val_18
18	val_18
18	val_18
19	val_19
19	val_19
PREHOOK: query: explain
from (select * from src  union all select * from src) s
insert overwrite table src_multi1 select * where key < 10
insert overwrite table src_multi2 select * where key > 10 and key < 20
PREHOOK: type: QUERY
POSTHOOK: query: explain
from (select * from src  union all select * from src) s
insert overwrite table src_multi1 select * where key < 10
insert overwrite table src_multi2 select * where key > 10 and key < 20
POSTHOOK: type: QUERY
STAGE DEPENDENCIES:
  Stage-2 is a root stage
  Stage-3 depends on stages: Stage-2
  Stage-0 depends on stages: Stage-3
  Stage-4 depends on stages: Stage-0
  Stage-1 depends on stages: Stage-3
  Stage-5 depends on stages: Stage-1

STAGE PLANS:
  Stage: Stage-2
    Tez
#### A masked pattern was here ####
      Edges:
        Map 1 <- Union 2 (CONTAINS)
        Map 3 <- Union 2 (CONTAINS)
#### A masked pattern was here ####
      Vertices:
        Map 1 
            Map Operator Tree:
                TableScan
                  alias: src
                  Statistics: Num rows: 500 Data size: 89000 Basic stats: COMPLETE Column stats: COMPLETE
                  Select Operator
                    expressions: key (type: string), value (type: string)
                    outputColumnNames: _col0, _col1
                    Statistics: Num rows: 500 Data size: 89000 Basic stats: COMPLETE Column stats: COMPLETE
                    Filter Operator
                      predicate: (_col0 < 10) (type: boolean)
                      Statistics: Num rows: 333 Data size: 59274 Basic stats: COMPLETE Column stats: COMPLETE
                      File Output Operator
                        compressed: false
                        Statistics: Num rows: 333 Data size: 59274 Basic stats: COMPLETE Column stats: COMPLETE
                        table:
                            input format: org.apache.hadoop.mapred.TextInputFormat
                            output format: org.apache.hadoop.hive.ql.io.HiveIgnoreKeyTextOutputFormat
                            serde: org.apache.hadoop.hive.serde2.lazy.LazySimpleSerDe
                            name: default.src_multi1
                    Filter Operator
                      predicate: ((_col0 > 10) and (_col0 < 20)) (type: boolean)
                      Statistics: Num rows: 111 Data size: 19758 Basic stats: COMPLETE Column stats: COMPLETE
                      File Output Operator
                        compressed: false
                        Statistics: Num rows: 111 Data size: 19758 Basic stats: COMPLETE Column stats: COMPLETE
                        table:
                            input format: org.apache.hadoop.mapred.TextInputFormat
                            output format: org.apache.hadoop.hive.ql.io.HiveIgnoreKeyTextOutputFormat
                            serde: org.apache.hadoop.hive.serde2.lazy.LazySimpleSerDe
                            name: default.src_multi2
            Execution mode: llap
            LLAP IO: no inputs
        Map 3 
            Map Operator Tree:
                TableScan
                  alias: src
                  Statistics: Num rows: 500 Data size: 89000 Basic stats: COMPLETE Column stats: COMPLETE
                  Select Operator
                    expressions: key (type: string), value (type: string)
                    outputColumnNames: _col0, _col1
                    Statistics: Num rows: 500 Data size: 89000 Basic stats: COMPLETE Column stats: COMPLETE
                    Filter Operator
                      predicate: (_col0 < 10) (type: boolean)
                      Statistics: Num rows: 333 Data size: 59274 Basic stats: COMPLETE Column stats: COMPLETE
                      File Output Operator
                        compressed: false
                        Statistics: Num rows: 333 Data size: 59274 Basic stats: COMPLETE Column stats: COMPLETE
                        table:
                            input format: org.apache.hadoop.mapred.TextInputFormat
                            output format: org.apache.hadoop.hive.ql.io.HiveIgnoreKeyTextOutputFormat
                            serde: org.apache.hadoop.hive.serde2.lazy.LazySimpleSerDe
                            name: default.src_multi1
                    Filter Operator
                      predicate: ((_col0 > 10) and (_col0 < 20)) (type: boolean)
                      Statistics: Num rows: 111 Data size: 19758 Basic stats: COMPLETE Column stats: COMPLETE
                      File Output Operator
                        compressed: false
                        Statistics: Num rows: 111 Data size: 19758 Basic stats: COMPLETE Column stats: COMPLETE
                        table:
                            input format: org.apache.hadoop.mapred.TextInputFormat
                            output format: org.apache.hadoop.hive.ql.io.HiveIgnoreKeyTextOutputFormat
                            serde: org.apache.hadoop.hive.serde2.lazy.LazySimpleSerDe
                            name: default.src_multi2
            Execution mode: llap
            LLAP IO: no inputs
        Union 2 
            Vertex: Union 2

  Stage: Stage-3
    Dependency Collection

  Stage: Stage-0
    Move Operator
      tables:
          replace: true
          table:
              input format: org.apache.hadoop.mapred.TextInputFormat
              output format: org.apache.hadoop.hive.ql.io.HiveIgnoreKeyTextOutputFormat
              serde: org.apache.hadoop.hive.serde2.lazy.LazySimpleSerDe
              name: default.src_multi1

  Stage: Stage-4
    Stats-Aggr Operator

  Stage: Stage-1
    Move Operator
      tables:
          replace: true
          table:
              input format: org.apache.hadoop.mapred.TextInputFormat
              output format: org.apache.hadoop.hive.ql.io.HiveIgnoreKeyTextOutputFormat
              serde: org.apache.hadoop.hive.serde2.lazy.LazySimpleSerDe
              name: default.src_multi2

  Stage: Stage-5
    Stats-Aggr Operator

PREHOOK: query: from (select * from src  union all select * from src) s
insert overwrite table src_multi1 select * where key < 10
insert overwrite table src_multi2 select * where key > 10 and key < 20
PREHOOK: type: QUERY
PREHOOK: Input: default@src
PREHOOK: Output: default@src_multi1
PREHOOK: Output: default@src_multi2
POSTHOOK: query: from (select * from src  union all select * from src) s
insert overwrite table src_multi1 select * where key < 10
insert overwrite table src_multi2 select * where key > 10 and key < 20
POSTHOOK: type: QUERY
POSTHOOK: Input: default@src
POSTHOOK: Output: default@src_multi1
POSTHOOK: Output: default@src_multi2
POSTHOOK: Lineage: src_multi1.key EXPRESSION [(src)src.FieldSchema(name:key, type:string, comment:default), ]
POSTHOOK: Lineage: src_multi1.value EXPRESSION [(src)src.FieldSchema(name:value, type:string, comment:default), ]
POSTHOOK: Lineage: src_multi2.key EXPRESSION [(src)src.FieldSchema(name:key, type:string, comment:default), ]
POSTHOOK: Lineage: src_multi2.value EXPRESSION [(src)src.FieldSchema(name:value, type:string, comment:default), ]
PREHOOK: query: select * from src_multi1
PREHOOK: type: QUERY
PREHOOK: Input: default@src_multi1
#### A masked pattern was here ####
POSTHOOK: query: select * from src_multi1
POSTHOOK: type: QUERY
POSTHOOK: Input: default@src_multi1
#### A masked pattern was here ####
0	val_0
0	val_0
0	val_0
0	val_0
0	val_0
0	val_0
2	val_2
2	val_2
4	val_4
4	val_4
5	val_5
5	val_5
5	val_5
5	val_5
5	val_5
5	val_5
8	val_8
8	val_8
9	val_9
9	val_9
PREHOOK: query: select * from src_multi2
PREHOOK: type: QUERY
PREHOOK: Input: default@src_multi2
#### A masked pattern was here ####
POSTHOOK: query: select * from src_multi2
POSTHOOK: type: QUERY
POSTHOOK: Input: default@src_multi2
#### A masked pattern was here ####
11	val_11
11	val_11
12	val_12
12	val_12
12	val_12
12	val_12
15	val_15
15	val_15
15	val_15
15	val_15
17	val_17
17	val_17
18	val_18
18	val_18
18	val_18
18	val_18
19	val_19
19	val_19
PREHOOK: query: explain
from (select * from src  union all select * from src) s
insert overwrite table src_multi1 select * where key < 10
insert overwrite table src_multi2 select * where key > 10 and key < 20
PREHOOK: type: QUERY
POSTHOOK: query: explain
from (select * from src  union all select * from src) s
insert overwrite table src_multi1 select * where key < 10
insert overwrite table src_multi2 select * where key > 10 and key < 20
POSTHOOK: type: QUERY
STAGE DEPENDENCIES:
  Stage-2 is a root stage
  Stage-3 depends on stages: Stage-2
  Stage-0 depends on stages: Stage-3
  Stage-4 depends on stages: Stage-0
  Stage-1 depends on stages: Stage-3
  Stage-5 depends on stages: Stage-1

STAGE PLANS:
  Stage: Stage-2
    Tez
#### A masked pattern was here ####
      Edges:
        Map 1 <- Union 2 (CONTAINS)
        Map 3 <- Union 2 (CONTAINS)
#### A masked pattern was here ####
      Vertices:
        Map 1 
            Map Operator Tree:
                TableScan
                  alias: src
                  Statistics: Num rows: 500 Data size: 89000 Basic stats: COMPLETE Column stats: COMPLETE
                  Select Operator
                    expressions: key (type: string), value (type: string)
                    outputColumnNames: _col0, _col1
                    Statistics: Num rows: 500 Data size: 89000 Basic stats: COMPLETE Column stats: COMPLETE
                    Filter Operator
                      predicate: (_col0 < 10) (type: boolean)
                      Statistics: Num rows: 333 Data size: 59274 Basic stats: COMPLETE Column stats: COMPLETE
                      File Output Operator
                        compressed: false
                        Statistics: Num rows: 333 Data size: 59274 Basic stats: COMPLETE Column stats: COMPLETE
                        table:
                            input format: org.apache.hadoop.mapred.TextInputFormat
                            output format: org.apache.hadoop.hive.ql.io.HiveIgnoreKeyTextOutputFormat
                            serde: org.apache.hadoop.hive.serde2.lazy.LazySimpleSerDe
                            name: default.src_multi1
                    Filter Operator
                      predicate: ((_col0 > 10) and (_col0 < 20)) (type: boolean)
                      Statistics: Num rows: 111 Data size: 19758 Basic stats: COMPLETE Column stats: COMPLETE
                      File Output Operator
                        compressed: false
                        Statistics: Num rows: 111 Data size: 19758 Basic stats: COMPLETE Column stats: COMPLETE
                        table:
                            input format: org.apache.hadoop.mapred.TextInputFormat
                            output format: org.apache.hadoop.hive.ql.io.HiveIgnoreKeyTextOutputFormat
                            serde: org.apache.hadoop.hive.serde2.lazy.LazySimpleSerDe
                            name: default.src_multi2
            Execution mode: llap
            LLAP IO: no inputs
        Map 3 
            Map Operator Tree:
                TableScan
                  alias: src
                  Statistics: Num rows: 500 Data size: 89000 Basic stats: COMPLETE Column stats: COMPLETE
                  Select Operator
                    expressions: key (type: string), value (type: string)
                    outputColumnNames: _col0, _col1
                    Statistics: Num rows: 500 Data size: 89000 Basic stats: COMPLETE Column stats: COMPLETE
                    Filter Operator
                      predicate: (_col0 < 10) (type: boolean)
                      Statistics: Num rows: 333 Data size: 59274 Basic stats: COMPLETE Column stats: COMPLETE
                      File Output Operator
                        compressed: false
                        Statistics: Num rows: 333 Data size: 59274 Basic stats: COMPLETE Column stats: COMPLETE
                        table:
                            input format: org.apache.hadoop.mapred.TextInputFormat
                            output format: org.apache.hadoop.hive.ql.io.HiveIgnoreKeyTextOutputFormat
                            serde: org.apache.hadoop.hive.serde2.lazy.LazySimpleSerDe
                            name: default.src_multi1
                    Filter Operator
                      predicate: ((_col0 > 10) and (_col0 < 20)) (type: boolean)
                      Statistics: Num rows: 111 Data size: 19758 Basic stats: COMPLETE Column stats: COMPLETE
                      File Output Operator
                        compressed: false
                        Statistics: Num rows: 111 Data size: 19758 Basic stats: COMPLETE Column stats: COMPLETE
                        table:
                            input format: org.apache.hadoop.mapred.TextInputFormat
                            output format: org.apache.hadoop.hive.ql.io.HiveIgnoreKeyTextOutputFormat
                            serde: org.apache.hadoop.hive.serde2.lazy.LazySimpleSerDe
                            name: default.src_multi2
            Execution mode: llap
            LLAP IO: no inputs
        Union 2 
            Vertex: Union 2

  Stage: Stage-3
    Dependency Collection

  Stage: Stage-0
    Move Operator
      tables:
          replace: true
          table:
              input format: org.apache.hadoop.mapred.TextInputFormat
              output format: org.apache.hadoop.hive.ql.io.HiveIgnoreKeyTextOutputFormat
              serde: org.apache.hadoop.hive.serde2.lazy.LazySimpleSerDe
              name: default.src_multi1

  Stage: Stage-4
    Stats-Aggr Operator

  Stage: Stage-1
    Move Operator
      tables:
          replace: true
          table:
              input format: org.apache.hadoop.mapred.TextInputFormat
              output format: org.apache.hadoop.hive.ql.io.HiveIgnoreKeyTextOutputFormat
              serde: org.apache.hadoop.hive.serde2.lazy.LazySimpleSerDe
              name: default.src_multi2

  Stage: Stage-5
    Stats-Aggr Operator

PREHOOK: query: from (select * from src  union all select * from src) s
insert overwrite table src_multi1 select * where key < 10
insert overwrite table src_multi2 select * where key > 10 and key < 20
PREHOOK: type: QUERY
PREHOOK: Input: default@src
PREHOOK: Output: default@src_multi1
PREHOOK: Output: default@src_multi2
POSTHOOK: query: from (select * from src  union all select * from src) s
insert overwrite table src_multi1 select * where key < 10
insert overwrite table src_multi2 select * where key > 10 and key < 20
POSTHOOK: type: QUERY
POSTHOOK: Input: default@src
POSTHOOK: Output: default@src_multi1
POSTHOOK: Output: default@src_multi2
POSTHOOK: Lineage: src_multi1.key EXPRESSION [(src)src.FieldSchema(name:key, type:string, comment:default), ]
POSTHOOK: Lineage: src_multi1.value EXPRESSION [(src)src.FieldSchema(name:value, type:string, comment:default), ]
POSTHOOK: Lineage: src_multi2.key EXPRESSION [(src)src.FieldSchema(name:key, type:string, comment:default), ]
POSTHOOK: Lineage: src_multi2.value EXPRESSION [(src)src.FieldSchema(name:value, type:string, comment:default), ]
PREHOOK: query: select * from src_multi1
PREHOOK: type: QUERY
PREHOOK: Input: default@src_multi1
#### A masked pattern was here ####
POSTHOOK: query: select * from src_multi1
POSTHOOK: type: QUERY
POSTHOOK: Input: default@src_multi1
#### A masked pattern was here ####
0	val_0
0	val_0
0	val_0
0	val_0
0	val_0
0	val_0
2	val_2
2	val_2
4	val_4
4	val_4
5	val_5
5	val_5
5	val_5
5	val_5
5	val_5
5	val_5
8	val_8
8	val_8
9	val_9
9	val_9
PREHOOK: query: select * from src_multi2
PREHOOK: type: QUERY
PREHOOK: Input: default@src_multi2
#### A masked pattern was here ####
POSTHOOK: query: select * from src_multi2
POSTHOOK: type: QUERY
POSTHOOK: Input: default@src_multi2
#### A masked pattern was here ####
11	val_11
11	val_11
12	val_12
12	val_12
12	val_12
12	val_12
15	val_15
15	val_15
15	val_15
15	val_15
17	val_17
17	val_17
18	val_18
18	val_18
18	val_18
18	val_18
19	val_19
19	val_19
PREHOOK: query: explain
from (select * from src  union all select * from src) s
insert overwrite table src_multi1 select * where key < 10
insert overwrite table src_multi2 select * where key > 10 and key < 20
PREHOOK: type: QUERY
POSTHOOK: query: explain
from (select * from src  union all select * from src) s
insert overwrite table src_multi1 select * where key < 10
insert overwrite table src_multi2 select * where key > 10 and key < 20
POSTHOOK: type: QUERY
STAGE DEPENDENCIES:
  Stage-2 is a root stage
  Stage-3 depends on stages: Stage-2
  Stage-0 depends on stages: Stage-3
  Stage-4 depends on stages: Stage-0
  Stage-1 depends on stages: Stage-3
  Stage-5 depends on stages: Stage-1

STAGE PLANS:
  Stage: Stage-2
    Tez
#### A masked pattern was here ####
      Edges:
        Map 1 <- Union 2 (CONTAINS)
        Map 3 <- Union 2 (CONTAINS)
#### A masked pattern was here ####
      Vertices:
        Map 1 
            Map Operator Tree:
                TableScan
                  alias: src
                  Statistics: Num rows: 500 Data size: 89000 Basic stats: COMPLETE Column stats: COMPLETE
                  Select Operator
                    expressions: key (type: string), value (type: string)
                    outputColumnNames: _col0, _col1
                    Statistics: Num rows: 500 Data size: 89000 Basic stats: COMPLETE Column stats: COMPLETE
                    Filter Operator
                      predicate: (_col0 < 10) (type: boolean)
                      Statistics: Num rows: 333 Data size: 59274 Basic stats: COMPLETE Column stats: COMPLETE
                      File Output Operator
                        compressed: false
                        Statistics: Num rows: 333 Data size: 59274 Basic stats: COMPLETE Column stats: COMPLETE
                        table:
                            input format: org.apache.hadoop.mapred.TextInputFormat
                            output format: org.apache.hadoop.hive.ql.io.HiveIgnoreKeyTextOutputFormat
                            serde: org.apache.hadoop.hive.serde2.lazy.LazySimpleSerDe
                            name: default.src_multi1
                    Filter Operator
                      predicate: ((_col0 > 10) and (_col0 < 20)) (type: boolean)
                      Statistics: Num rows: 111 Data size: 19758 Basic stats: COMPLETE Column stats: COMPLETE
                      File Output Operator
                        compressed: false
                        Statistics: Num rows: 111 Data size: 19758 Basic stats: COMPLETE Column stats: COMPLETE
                        table:
                            input format: org.apache.hadoop.mapred.TextInputFormat
                            output format: org.apache.hadoop.hive.ql.io.HiveIgnoreKeyTextOutputFormat
                            serde: org.apache.hadoop.hive.serde2.lazy.LazySimpleSerDe
                            name: default.src_multi2
            Execution mode: llap
            LLAP IO: no inputs
        Map 3 
            Map Operator Tree:
                TableScan
                  alias: src
                  Statistics: Num rows: 500 Data size: 89000 Basic stats: COMPLETE Column stats: COMPLETE
                  Select Operator
                    expressions: key (type: string), value (type: string)
                    outputColumnNames: _col0, _col1
                    Statistics: Num rows: 500 Data size: 89000 Basic stats: COMPLETE Column stats: COMPLETE
                    Filter Operator
                      predicate: (_col0 < 10) (type: boolean)
                      Statistics: Num rows: 333 Data size: 59274 Basic stats: COMPLETE Column stats: COMPLETE
                      File Output Operator
                        compressed: false
                        Statistics: Num rows: 333 Data size: 59274 Basic stats: COMPLETE Column stats: COMPLETE
                        table:
                            input format: org.apache.hadoop.mapred.TextInputFormat
                            output format: org.apache.hadoop.hive.ql.io.HiveIgnoreKeyTextOutputFormat
                            serde: org.apache.hadoop.hive.serde2.lazy.LazySimpleSerDe
                            name: default.src_multi1
                    Filter Operator
                      predicate: ((_col0 > 10) and (_col0 < 20)) (type: boolean)
                      Statistics: Num rows: 111 Data size: 19758 Basic stats: COMPLETE Column stats: COMPLETE
                      File Output Operator
                        compressed: false
                        Statistics: Num rows: 111 Data size: 19758 Basic stats: COMPLETE Column stats: COMPLETE
                        table:
                            input format: org.apache.hadoop.mapred.TextInputFormat
                            output format: org.apache.hadoop.hive.ql.io.HiveIgnoreKeyTextOutputFormat
                            serde: org.apache.hadoop.hive.serde2.lazy.LazySimpleSerDe
                            name: default.src_multi2
            Execution mode: llap
            LLAP IO: no inputs
        Union 2 
            Vertex: Union 2

  Stage: Stage-3
    Dependency Collection

  Stage: Stage-0
    Move Operator
      tables:
          replace: true
          table:
              input format: org.apache.hadoop.mapred.TextInputFormat
              output format: org.apache.hadoop.hive.ql.io.HiveIgnoreKeyTextOutputFormat
              serde: org.apache.hadoop.hive.serde2.lazy.LazySimpleSerDe
              name: default.src_multi1

  Stage: Stage-4
    Stats-Aggr Operator

  Stage: Stage-1
    Move Operator
      tables:
          replace: true
          table:
              input format: org.apache.hadoop.mapred.TextInputFormat
              output format: org.apache.hadoop.hive.ql.io.HiveIgnoreKeyTextOutputFormat
              serde: org.apache.hadoop.hive.serde2.lazy.LazySimpleSerDe
              name: default.src_multi2

  Stage: Stage-5
    Stats-Aggr Operator

PREHOOK: query: from (select * from src  union all select * from src) s
insert overwrite table src_multi1 select * where key < 10
insert overwrite table src_multi2 select * where key > 10 and key < 20
PREHOOK: type: QUERY
PREHOOK: Input: default@src
PREHOOK: Output: default@src_multi1
PREHOOK: Output: default@src_multi2
POSTHOOK: query: from (select * from src  union all select * from src) s
insert overwrite table src_multi1 select * where key < 10
insert overwrite table src_multi2 select * where key > 10 and key < 20
POSTHOOK: type: QUERY
POSTHOOK: Input: default@src
POSTHOOK: Output: default@src_multi1
POSTHOOK: Output: default@src_multi2
POSTHOOK: Lineage: src_multi1.key EXPRESSION [(src)src.FieldSchema(name:key, type:string, comment:default), ]
POSTHOOK: Lineage: src_multi1.value EXPRESSION [(src)src.FieldSchema(name:value, type:string, comment:default), ]
POSTHOOK: Lineage: src_multi2.key EXPRESSION [(src)src.FieldSchema(name:key, type:string, comment:default), ]
POSTHOOK: Lineage: src_multi2.value EXPRESSION [(src)src.FieldSchema(name:value, type:string, comment:default), ]
PREHOOK: query: select * from src_multi1
PREHOOK: type: QUERY
PREHOOK: Input: default@src_multi1
#### A masked pattern was here ####
POSTHOOK: query: select * from src_multi1
POSTHOOK: type: QUERY
POSTHOOK: Input: default@src_multi1
#### A masked pattern was here ####
0	val_0
0	val_0
0	val_0
0	val_0
0	val_0
0	val_0
2	val_2
2	val_2
4	val_4
4	val_4
5	val_5
5	val_5
5	val_5
5	val_5
5	val_5
5	val_5
8	val_8
8	val_8
9	val_9
9	val_9
PREHOOK: query: select * from src_multi2
PREHOOK: type: QUERY
PREHOOK: Input: default@src_multi2
#### A masked pattern was here ####
POSTHOOK: query: select * from src_multi2
POSTHOOK: type: QUERY
POSTHOOK: Input: default@src_multi2
#### A masked pattern was here ####
11	val_11
11	val_11
12	val_12
12	val_12
12	val_12
12	val_12
15	val_15
15	val_15
15	val_15
15	val_15
17	val_17
17	val_17
18	val_18
18	val_18
18	val_18
18	val_18
19	val_19
19	val_19
#### A masked pattern was here ####
PREHOOK: query: explain
from src 
#### A masked pattern was here ####
PREHOOK: type: QUERY
POSTHOOK: query: explain
from src 
#### A masked pattern was here ####
POSTHOOK: type: QUERY
STAGE DEPENDENCIES:
  Stage-3 is a root stage
  Stage-4 depends on stages: Stage-3
  Stage-0 depends on stages: Stage-3
  Stage-1 depends on stages: Stage-3
  Stage-2 depends on stages: Stage-3

STAGE PLANS:
  Stage: Stage-3
    Tez
#### A masked pattern was here ####
      Vertices:
        Map 1 
            Map Operator Tree:
                TableScan
                  alias: src
                  Statistics: Num rows: 500 Data size: 89000 Basic stats: COMPLETE Column stats: COMPLETE
                  Filter Operator
                    predicate: (key = 0) (type: boolean)
                    Statistics: Num rows: 2 Data size: 356 Basic stats: COMPLETE Column stats: COMPLETE
                    Select Operator
                      expressions: key (type: string), value (type: string)
                      outputColumnNames: _col0, _col1
                      Statistics: Num rows: 2 Data size: 356 Basic stats: COMPLETE Column stats: COMPLETE
                      File Output Operator
                        compressed: false
                        Statistics: Num rows: 2 Data size: 356 Basic stats: COMPLETE Column stats: COMPLETE
                        table:
                            input format: org.apache.hadoop.mapred.TextInputFormat
                            output format: org.apache.hadoop.hive.ql.io.HiveIgnoreKeyTextOutputFormat
                            serde: org.apache.hadoop.hive.serde2.lazy.LazySimpleSerDe
                  Filter Operator
                    predicate: (key = 2) (type: boolean)
                    Statistics: Num rows: 2 Data size: 356 Basic stats: COMPLETE Column stats: COMPLETE
                    Select Operator
                      expressions: key (type: string), value (type: string)
                      outputColumnNames: _col0, _col1
                      Statistics: Num rows: 2 Data size: 356 Basic stats: COMPLETE Column stats: COMPLETE
                      File Output Operator
                        compressed: false
                        Statistics: Num rows: 2 Data size: 356 Basic stats: COMPLETE Column stats: COMPLETE
                        table:
                            input format: org.apache.hadoop.mapred.TextInputFormat
                            output format: org.apache.hadoop.hive.ql.io.HiveIgnoreKeyTextOutputFormat
                            serde: org.apache.hadoop.hive.serde2.lazy.LazySimpleSerDe
                  Filter Operator
                    predicate: (key = 4) (type: boolean)
                    Statistics: Num rows: 2 Data size: 356 Basic stats: COMPLETE Column stats: COMPLETE
                    Select Operator
                      expressions: key (type: string), value (type: string)
                      outputColumnNames: _col0, _col1
                      Statistics: Num rows: 2 Data size: 356 Basic stats: COMPLETE Column stats: COMPLETE
                      File Output Operator
                        compressed: false
                        Statistics: Num rows: 2 Data size: 356 Basic stats: COMPLETE Column stats: COMPLETE
                        table:
                            input format: org.apache.hadoop.mapred.TextInputFormat
                            output format: org.apache.hadoop.hive.ql.io.HiveIgnoreKeyTextOutputFormat
                            serde: org.apache.hadoop.hive.serde2.lazy.LazySimpleSerDe
            Execution mode: llap
            LLAP IO: no inputs

  Stage: Stage-4
    Dependency Collection

  Stage: Stage-0
    Move Operator
      files:
          hdfs directory: false
#### A masked pattern was here ####

  Stage: Stage-1
    Move Operator
      files:
          hdfs directory: false
#### A masked pattern was here ####

  Stage: Stage-2
    Move Operator
      files:
          hdfs directory: false
#### A masked pattern was here ####

PREHOOK: query: from src 
#### A masked pattern was here ####
PREHOOK: type: QUERY
PREHOOK: Input: default@src
#### A masked pattern was here ####
POSTHOOK: query: from src 
#### A masked pattern was here ####
POSTHOOK: type: QUERY
POSTHOOK: Input: default@src
#### A masked pattern was here ####
Found 3 items
#### A masked pattern was here ####
PREHOOK: query: explain
from src 
#### A masked pattern was here ####
PREHOOK: type: QUERY
POSTHOOK: query: explain
from src 
#### A masked pattern was here ####
POSTHOOK: type: QUERY
STAGE DEPENDENCIES:
  Stage-3 is a root stage
  Stage-4 depends on stages: Stage-3
  Stage-0 depends on stages: Stage-3
  Stage-1 depends on stages: Stage-3
  Stage-2 depends on stages: Stage-3

STAGE PLANS:
  Stage: Stage-3
    Tez
#### A masked pattern was here ####
      Vertices:
        Map 1 
            Map Operator Tree:
                TableScan
                  alias: src
                  Statistics: Num rows: 500 Data size: 89000 Basic stats: COMPLETE Column stats: COMPLETE
                  Filter Operator
                    predicate: (key = 0) (type: boolean)
                    Statistics: Num rows: 2 Data size: 356 Basic stats: COMPLETE Column stats: COMPLETE
                    Select Operator
                      expressions: key (type: string), value (type: string)
                      outputColumnNames: _col0, _col1
                      Statistics: Num rows: 2 Data size: 356 Basic stats: COMPLETE Column stats: COMPLETE
                      File Output Operator
                        compressed: false
                        Statistics: Num rows: 2 Data size: 356 Basic stats: COMPLETE Column stats: COMPLETE
                        table:
                            input format: org.apache.hadoop.mapred.TextInputFormat
                            output format: org.apache.hadoop.hive.ql.io.HiveIgnoreKeyTextOutputFormat
                            serde: org.apache.hadoop.hive.serde2.lazy.LazySimpleSerDe
                  Filter Operator
                    predicate: (key = 2) (type: boolean)
                    Statistics: Num rows: 2 Data size: 356 Basic stats: COMPLETE Column stats: COMPLETE
                    Select Operator
                      expressions: key (type: string), value (type: string)
                      outputColumnNames: _col0, _col1
                      Statistics: Num rows: 2 Data size: 356 Basic stats: COMPLETE Column stats: COMPLETE
                      File Output Operator
                        compressed: false
                        Statistics: Num rows: 2 Data size: 356 Basic stats: COMPLETE Column stats: COMPLETE
                        table:
                            input format: org.apache.hadoop.mapred.TextInputFormat
                            output format: org.apache.hadoop.hive.ql.io.HiveIgnoreKeyTextOutputFormat
                            serde: org.apache.hadoop.hive.serde2.lazy.LazySimpleSerDe
                  Filter Operator
                    predicate: (key = 4) (type: boolean)
                    Statistics: Num rows: 2 Data size: 356 Basic stats: COMPLETE Column stats: COMPLETE
                    Select Operator
                      expressions: key (type: string), value (type: string)
                      outputColumnNames: _col0, _col1
                      Statistics: Num rows: 2 Data size: 356 Basic stats: COMPLETE Column stats: COMPLETE
                      File Output Operator
                        compressed: false
                        Statistics: Num rows: 2 Data size: 356 Basic stats: COMPLETE Column stats: COMPLETE
                        table:
                            input format: org.apache.hadoop.mapred.TextInputFormat
                            output format: org.apache.hadoop.hive.ql.io.HiveIgnoreKeyTextOutputFormat
                            serde: org.apache.hadoop.hive.serde2.lazy.LazySimpleSerDe
            Execution mode: llap
            LLAP IO: no inputs

  Stage: Stage-4
    Dependency Collection

  Stage: Stage-0
    Move Operator
      files:
          hdfs directory: false
#### A masked pattern was here ####

  Stage: Stage-1
    Move Operator
      files:
          hdfs directory: false
#### A masked pattern was here ####

  Stage: Stage-2
    Move Operator
      files:
          hdfs directory: false
#### A masked pattern was here ####

PREHOOK: query: from src 
#### A masked pattern was here ####
PREHOOK: type: QUERY
PREHOOK: Input: default@src
#### A masked pattern was here ####
POSTHOOK: query: from src 
#### A masked pattern was here ####
POSTHOOK: type: QUERY
POSTHOOK: Input: default@src
#### A masked pattern was here ####
Found 3 items
#### A masked pattern was here ####
PREHOOK: query: explain
from src 
#### A masked pattern was here ####
PREHOOK: type: QUERY
POSTHOOK: query: explain
from src 
#### A masked pattern was here ####
POSTHOOK: type: QUERY
STAGE DEPENDENCIES:
  Stage-3 is a root stage
  Stage-4 depends on stages: Stage-3
  Stage-0 depends on stages: Stage-3
  Stage-1 depends on stages: Stage-3
  Stage-2 depends on stages: Stage-3

STAGE PLANS:
  Stage: Stage-3
    Tez
#### A masked pattern was here ####
      Vertices:
        Map 1 
            Map Operator Tree:
                TableScan
                  alias: src
                  Statistics: Num rows: 500 Data size: 89000 Basic stats: COMPLETE Column stats: COMPLETE
                  Filter Operator
                    predicate: (key = 0) (type: boolean)
                    Statistics: Num rows: 2 Data size: 356 Basic stats: COMPLETE Column stats: COMPLETE
                    Select Operator
                      expressions: key (type: string), value (type: string)
                      outputColumnNames: _col0, _col1
                      Statistics: Num rows: 2 Data size: 356 Basic stats: COMPLETE Column stats: COMPLETE
                      File Output Operator
                        compressed: false
                        Statistics: Num rows: 2 Data size: 356 Basic stats: COMPLETE Column stats: COMPLETE
                        table:
                            input format: org.apache.hadoop.mapred.TextInputFormat
                            output format: org.apache.hadoop.hive.ql.io.HiveIgnoreKeyTextOutputFormat
                            serde: org.apache.hadoop.hive.serde2.lazy.LazySimpleSerDe
                  Filter Operator
                    predicate: (key = 2) (type: boolean)
                    Statistics: Num rows: 2 Data size: 356 Basic stats: COMPLETE Column stats: COMPLETE
                    Select Operator
                      expressions: key (type: string), value (type: string)
                      outputColumnNames: _col0, _col1
                      Statistics: Num rows: 2 Data size: 356 Basic stats: COMPLETE Column stats: COMPLETE
                      File Output Operator
                        compressed: false
                        Statistics: Num rows: 2 Data size: 356 Basic stats: COMPLETE Column stats: COMPLETE
                        table:
                            input format: org.apache.hadoop.mapred.TextInputFormat
                            output format: org.apache.hadoop.hive.ql.io.HiveIgnoreKeyTextOutputFormat
                            serde: org.apache.hadoop.hive.serde2.lazy.LazySimpleSerDe
                  Filter Operator
                    predicate: (key = 4) (type: boolean)
                    Statistics: Num rows: 2 Data size: 356 Basic stats: COMPLETE Column stats: COMPLETE
                    Select Operator
                      expressions: key (type: string), value (type: string)
                      outputColumnNames: _col0, _col1
                      Statistics: Num rows: 2 Data size: 356 Basic stats: COMPLETE Column stats: COMPLETE
                      File Output Operator
                        compressed: false
                        Statistics: Num rows: 2 Data size: 356 Basic stats: COMPLETE Column stats: COMPLETE
                        table:
                            input format: org.apache.hadoop.mapred.TextInputFormat
                            output format: org.apache.hadoop.hive.ql.io.HiveIgnoreKeyTextOutputFormat
                            serde: org.apache.hadoop.hive.serde2.lazy.LazySimpleSerDe
            Execution mode: llap
            LLAP IO: no inputs

  Stage: Stage-4
    Dependency Collection

  Stage: Stage-0
    Move Operator
      files:
          hdfs directory: false
#### A masked pattern was here ####

  Stage: Stage-1
    Move Operator
      files:
          hdfs directory: false
#### A masked pattern was here ####

  Stage: Stage-2
    Move Operator
      files:
          hdfs directory: false
#### A masked pattern was here ####

PREHOOK: query: from src 
#### A masked pattern was here ####
PREHOOK: type: QUERY
PREHOOK: Input: default@src
#### A masked pattern was here ####
POSTHOOK: query: from src 
#### A masked pattern was here ####
POSTHOOK: type: QUERY
POSTHOOK: Input: default@src
#### A masked pattern was here ####
Found 3 items
#### A masked pattern was here ####
PREHOOK: query: explain
from src 
#### A masked pattern was here ####
PREHOOK: type: QUERY
POSTHOOK: query: explain
from src 
#### A masked pattern was here ####
POSTHOOK: type: QUERY
STAGE DEPENDENCIES:
  Stage-3 is a root stage
  Stage-4 depends on stages: Stage-3
  Stage-0 depends on stages: Stage-3
  Stage-1 depends on stages: Stage-3
  Stage-2 depends on stages: Stage-3

STAGE PLANS:
  Stage: Stage-3
    Tez
#### A masked pattern was here ####
      Vertices:
        Map 1 
            Map Operator Tree:
                TableScan
                  alias: src
                  Statistics: Num rows: 500 Data size: 89000 Basic stats: COMPLETE Column stats: COMPLETE
                  Filter Operator
                    predicate: (key = 0) (type: boolean)
                    Statistics: Num rows: 2 Data size: 356 Basic stats: COMPLETE Column stats: COMPLETE
                    Select Operator
                      expressions: key (type: string), value (type: string)
                      outputColumnNames: _col0, _col1
                      Statistics: Num rows: 2 Data size: 356 Basic stats: COMPLETE Column stats: COMPLETE
                      File Output Operator
                        compressed: false
                        Statistics: Num rows: 2 Data size: 356 Basic stats: COMPLETE Column stats: COMPLETE
                        table:
                            input format: org.apache.hadoop.mapred.TextInputFormat
                            output format: org.apache.hadoop.hive.ql.io.HiveIgnoreKeyTextOutputFormat
                            serde: org.apache.hadoop.hive.serde2.lazy.LazySimpleSerDe
                  Filter Operator
                    predicate: (key = 2) (type: boolean)
                    Statistics: Num rows: 2 Data size: 356 Basic stats: COMPLETE Column stats: COMPLETE
                    Select Operator
                      expressions: key (type: string), value (type: string)
                      outputColumnNames: _col0, _col1
                      Statistics: Num rows: 2 Data size: 356 Basic stats: COMPLETE Column stats: COMPLETE
                      File Output Operator
                        compressed: false
                        Statistics: Num rows: 2 Data size: 356 Basic stats: COMPLETE Column stats: COMPLETE
                        table:
                            input format: org.apache.hadoop.mapred.TextInputFormat
                            output format: org.apache.hadoop.hive.ql.io.HiveIgnoreKeyTextOutputFormat
                            serde: org.apache.hadoop.hive.serde2.lazy.LazySimpleSerDe
                  Filter Operator
                    predicate: (key = 4) (type: boolean)
                    Statistics: Num rows: 2 Data size: 356 Basic stats: COMPLETE Column stats: COMPLETE
                    Select Operator
                      expressions: key (type: string), value (type: string)
                      outputColumnNames: _col0, _col1
                      Statistics: Num rows: 2 Data size: 356 Basic stats: COMPLETE Column stats: COMPLETE
                      File Output Operator
                        compressed: false
                        Statistics: Num rows: 2 Data size: 356 Basic stats: COMPLETE Column stats: COMPLETE
                        table:
                            input format: org.apache.hadoop.mapred.TextInputFormat
                            output format: org.apache.hadoop.hive.ql.io.HiveIgnoreKeyTextOutputFormat
                            serde: org.apache.hadoop.hive.serde2.lazy.LazySimpleSerDe
            Execution mode: llap
            LLAP IO: no inputs

  Stage: Stage-4
    Dependency Collection

  Stage: Stage-0
    Move Operator
      files:
          hdfs directory: false
#### A masked pattern was here ####

  Stage: Stage-1
    Move Operator
      files:
          hdfs directory: false
#### A masked pattern was here ####

  Stage: Stage-2
    Move Operator
      files:
          hdfs directory: false
#### A masked pattern was here ####

PREHOOK: query: from src 
#### A masked pattern was here ####
PREHOOK: type: QUERY
PREHOOK: Input: default@src
#### A masked pattern was here ####
POSTHOOK: query: from src 
#### A masked pattern was here ####
POSTHOOK: type: QUERY
POSTHOOK: Input: default@src
#### A masked pattern was here ####
Found 3 items
#### A masked pattern was here ####
