PREHOOK: query: CREATE TABLE src11 as SELECT * FROM src
PREHOOK: type: CREATETABLE_AS_SELECT
PREHOOK: Input: default@src
PREHOOK: Output: database:default
PREHOOK: Output: default@src11
POSTHOOK: query: CREATE TABLE src11 as SELECT * FROM src
POSTHOOK: type: CREATETABLE_AS_SELECT
POSTHOOK: Input: default@src
POSTHOOK: Output: database:default
POSTHOOK: Output: default@src11
POSTHOOK: Lineage: src11.key SIMPLE [(src)src.FieldSchema(name:key, type:string, comment:default), ]
POSTHOOK: Lineage: src11.value SIMPLE [(src)src.FieldSchema(name:value, type:string, comment:default), ]
PREHOOK: query: CREATE TABLE src12 as SELECT * FROM src
PREHOOK: type: CREATETABLE_AS_SELECT
PREHOOK: Input: default@src
PREHOOK: Output: database:default
PREHOOK: Output: default@src12
POSTHOOK: query: CREATE TABLE src12 as SELECT * FROM src
POSTHOOK: type: CREATETABLE_AS_SELECT
POSTHOOK: Input: default@src
POSTHOOK: Output: database:default
POSTHOOK: Output: default@src12
POSTHOOK: Lineage: src12.key SIMPLE [(src)src.FieldSchema(name:key, type:string, comment:default), ]
POSTHOOK: Lineage: src12.value SIMPLE [(src)src.FieldSchema(name:value, type:string, comment:default), ]
PREHOOK: query: CREATE TABLE src13 as SELECT * FROM src
PREHOOK: type: CREATETABLE_AS_SELECT
PREHOOK: Input: default@src
PREHOOK: Output: database:default
PREHOOK: Output: default@src13
POSTHOOK: query: CREATE TABLE src13 as SELECT * FROM src
POSTHOOK: type: CREATETABLE_AS_SELECT
POSTHOOK: Input: default@src
POSTHOOK: Output: database:default
POSTHOOK: Output: default@src13
POSTHOOK: Lineage: src13.key SIMPLE [(src)src.FieldSchema(name:key, type:string, comment:default), ]
POSTHOOK: Lineage: src13.value SIMPLE [(src)src.FieldSchema(name:value, type:string, comment:default), ]
PREHOOK: query: CREATE TABLE src14 as SELECT * FROM src
PREHOOK: type: CREATETABLE_AS_SELECT
PREHOOK: Input: default@src
PREHOOK: Output: database:default
PREHOOK: Output: default@src14
POSTHOOK: query: CREATE TABLE src14 as SELECT * FROM src
POSTHOOK: type: CREATETABLE_AS_SELECT
POSTHOOK: Input: default@src
POSTHOOK: Output: database:default
POSTHOOK: Output: default@src14
POSTHOOK: Lineage: src14.key SIMPLE [(src)src.FieldSchema(name:key, type:string, comment:default), ]
POSTHOOK: Lineage: src14.value SIMPLE [(src)src.FieldSchema(name:value, type:string, comment:default), ]
PREHOOK: query: EXPLAIN SELECT * FROM 
src11 a JOIN
src12 b ON (a.key = b.key) JOIN
(SELECT * FROM (SELECT * FROM src13 UNION ALL SELECT * FROM src14)a )c ON c.value = b.value
PREHOOK: type: QUERY
PREHOOK: Input: default@src11
PREHOOK: Input: default@src12
PREHOOK: Input: default@src13
PREHOOK: Input: default@src14
#### A masked pattern was here ####
POSTHOOK: query: EXPLAIN SELECT * FROM 
src11 a JOIN
src12 b ON (a.key = b.key) JOIN
(SELECT * FROM (SELECT * FROM src13 UNION ALL SELECT * FROM src14)a )c ON c.value = b.value
POSTHOOK: type: QUERY
POSTHOOK: Input: default@src11
POSTHOOK: Input: default@src12
POSTHOOK: Input: default@src13
POSTHOOK: Input: default@src14
#### A masked pattern was here ####
STAGE DEPENDENCIES:
  Stage-1 is a root stage
  Stage-0 depends on stages: Stage-1

STAGE PLANS:
  Stage: Stage-1
    Tez
#### A masked pattern was here ####
      Edges:
        Map 1 <- Map 2 (BROADCAST_EDGE)
        Map 3 <- Map 1 (BROADCAST_EDGE), Union 4 (CONTAINS)
        Map 5 <- Map 1 (BROADCAST_EDGE), Union 4 (CONTAINS)
#### A masked pattern was here ####
      Vertices:
        Map 1 
            Map Operator Tree:
                TableScan
                  alias: a
                  filterExpr: key is not null (type: boolean)
                  Statistics: Num rows: 500 Data size: 89000 Basic stats: COMPLETE Column stats: COMPLETE
                  Filter Operator
                    predicate: key is not null (type: boolean)
                    Statistics: Num rows: 500 Data size: 89000 Basic stats: COMPLETE Column stats: COMPLETE
                    Select Operator
                      expressions: key (type: string), value (type: string)
                      outputColumnNames: _col0, _col1
                      Statistics: Num rows: 500 Data size: 89000 Basic stats: COMPLETE Column stats: COMPLETE
                      Map Join Operator
                        condition map:
                             Inner Join 0 to 1
                        keys:
                          0 _col0 (type: string)
                          1 _col0 (type: string)
                        outputColumnNames: _col0, _col1, _col2, _col3
                        input vertices:
                          1 Map 2
                        Statistics: Num rows: 791 Data size: 281596 Basic stats: COMPLETE Column stats: COMPLETE
                        Reduce Output Operator
                          key expressions: _col3 (type: string)
                          null sort order: z
                          sort order: +
                          Map-reduce partition columns: _col3 (type: string)
                          Statistics: Num rows: 791 Data size: 281596 Basic stats: COMPLETE Column stats: COMPLETE
                          value expressions: _col0 (type: string), _col1 (type: string), _col2 (type: string)
                        Reduce Output Operator
                          key expressions: _col3 (type: string)
                          null sort order: z
                          sort order: +
                          Map-reduce partition columns: _col3 (type: string)
                          Statistics: Num rows: 791 Data size: 281596 Basic stats: COMPLETE Column stats: COMPLETE
                          value expressions: _col0 (type: string), _col1 (type: string), _col2 (type: string)
            Execution mode: vectorized, llap
            LLAP IO: no inputs
        Map 2 
            Map Operator Tree:
                TableScan
                  alias: b
                  filterExpr: (key is not null and value is not null) (type: boolean)
                  Statistics: Num rows: 500 Data size: 89000 Basic stats: COMPLETE Column stats: COMPLETE
                  Filter Operator
                    predicate: (key is not null and value is not null) (type: boolean)
                    Statistics: Num rows: 500 Data size: 89000 Basic stats: COMPLETE Column stats: COMPLETE
                    Select Operator
                      expressions: key (type: string), value (type: string)
                      outputColumnNames: _col0, _col1
                      Statistics: Num rows: 500 Data size: 89000 Basic stats: COMPLETE Column stats: COMPLETE
                      Reduce Output Operator
                        key expressions: _col0 (type: string)
                        null sort order: z
                        sort order: +
                        Map-reduce partition columns: _col0 (type: string)
                        Statistics: Num rows: 500 Data size: 89000 Basic stats: COMPLETE Column stats: COMPLETE
                        value expressions: _col1 (type: string)
            Execution mode: vectorized, llap
            LLAP IO: no inputs
        Map 3 
            Map Operator Tree:
                TableScan
                  alias: src13
                  filterExpr: value is not null (type: boolean)
                  Statistics: Num rows: 500 Data size: 89000 Basic stats: COMPLETE Column stats: COMPLETE
                  Filter Operator
                    predicate: value is not null (type: boolean)
                    Statistics: Num rows: 500 Data size: 89000 Basic stats: COMPLETE Column stats: COMPLETE
                    Select Operator
                      expressions: key (type: string), value (type: string)
                      outputColumnNames: _col0, _col1
                      Statistics: Num rows: 500 Data size: 89000 Basic stats: COMPLETE Column stats: COMPLETE
                      Map Join Operator
                        condition map:
                             Inner Join 0 to 1
                        keys:
                          0 _col3 (type: string)
                          1 _col1 (type: string)
                        outputColumnNames: _col0, _col1, _col2, _col3, _col4, _col5
                        input vertices:
                          0 Map 1
                        Statistics: Num rows: 2576 Data size: 1375584 Basic stats: COMPLETE Column stats: COMPLETE
                        File Output Operator
                          compressed: false
                          Statistics: Num rows: 2576 Data size: 1375584 Basic stats: COMPLETE Column stats: COMPLETE
                          table:
                              input format: org.apache.hadoop.mapred.SequenceFileInputFormat
                              output format: org.apache.hadoop.hive.ql.io.HiveSequenceFileOutputFormat
                              serde: org.apache.hadoop.hive.serde2.lazy.LazySimpleSerDe
            Execution mode: vectorized, llap
            LLAP IO: no inputs
        Map 5 
            Map Operator Tree:
                TableScan
                  alias: src14
                  filterExpr: value is not null (type: boolean)
                  Statistics: Num rows: 500 Data size: 89000 Basic stats: COMPLETE Column stats: COMPLETE
                  Filter Operator
                    predicate: value is not null (type: boolean)
                    Statistics: Num rows: 500 Data size: 89000 Basic stats: COMPLETE Column stats: COMPLETE
                    Select Operator
                      expressions: key (type: string), value (type: string)
                      outputColumnNames: _col0, _col1
                      Statistics: Num rows: 500 Data size: 89000 Basic stats: COMPLETE Column stats: COMPLETE
                      Map Join Operator
                        condition map:
                             Inner Join 0 to 1
                        keys:
                          0 _col3 (type: string)
                          1 _col1 (type: string)
                        outputColumnNames: _col0, _col1, _col2, _col3, _col4, _col5
                        input vertices:
                          0 Map 1
                        Statistics: Num rows: 2576 Data size: 1375584 Basic stats: COMPLETE Column stats: COMPLETE
                        File Output Operator
                          compressed: false
                          Statistics: Num rows: 2576 Data size: 1375584 Basic stats: COMPLETE Column stats: COMPLETE
                          table:
                              input format: org.apache.hadoop.mapred.SequenceFileInputFormat
                              output format: org.apache.hadoop.hive.ql.io.HiveSequenceFileOutputFormat
                              serde: org.apache.hadoop.hive.serde2.lazy.LazySimpleSerDe
            Execution mode: vectorized, llap
            LLAP IO: no inputs
        Union 4 
            Vertex: Union 4

  Stage: Stage-0
    Fetch Operator
      limit: -1
      Processor Tree:
        ListSink

