PREHOOK: query: create table t3 (id int,name string, age int)
PREHOOK: type: CREATETABLE
PREHOOK: Output: database:default
PREHOOK: Output: default@t3
POSTHOOK: query: create table t3 (id int,name string, age int)
POSTHOOK: type: CREATETABLE
POSTHOOK: Output: database:default
POSTHOOK: Output: default@t3
PREHOOK: query: insert into t3 values(1,'Sagar',23),(2,'Sultan',NULL),(3,'Surya',23),(4,'Raman',45),(5,'Scott',23),(6,'Ramya',5),(7,'',23),(8,'',23),(9,'ron',3),(10,'Sam',22),(11,'nick',19),(12,'fed',18),(13,'kong',13),(14,'hela',45)
PREHOOK: type: QUERY
PREHOOK: Input: _dummy_database@_dummy_table
PREHOOK: Output: default@t3
POSTHOOK: query: insert into t3 values(1,'Sagar',23),(2,'Sultan',NULL),(3,'Surya',23),(4,'Raman',45),(5,'Scott',23),(6,'Ramya',5),(7,'',23),(8,'',23),(9,'ron',3),(10,'Sam',22),(11,'nick',19),(12,'fed',18),(13,'kong',13),(14,'hela',45)
POSTHOOK: type: QUERY
POSTHOOK: Input: _dummy_database@_dummy_table
POSTHOOK: Output: default@t3
POSTHOOK: Lineage: t3.age SCRIPT []
POSTHOOK: Lineage: t3.id SCRIPT []
POSTHOOK: Lineage: t3.name SCRIPT []
PREHOOK: query: create table t4 (id int,name string, age int)
PREHOOK: type: CREATETABLE
PREHOOK: Output: database:default
PREHOOK: Output: default@t4
POSTHOOK: query: create table t4 (id int,name string, age int)
POSTHOOK: type: CREATETABLE
POSTHOOK: Output: database:default
POSTHOOK: Output: default@t4
PREHOOK: query: insert into t4 values(1,'Sagar',23),(3,'Surya',23),(4,'Raman',45),(5,'Scott',23),(6,'Ramya',5),(7,'',23),(8,'',23)
PREHOOK: type: QUERY
PREHOOK: Input: _dummy_database@_dummy_table
PREHOOK: Output: default@t4
POSTHOOK: query: insert into t4 values(1,'Sagar',23),(3,'Surya',23),(4,'Raman',45),(5,'Scott',23),(6,'Ramya',5),(7,'',23),(8,'',23)
POSTHOOK: type: QUERY
POSTHOOK: Input: _dummy_database@_dummy_table
POSTHOOK: Output: default@t4
POSTHOOK: Lineage: t4.age SCRIPT []
POSTHOOK: Lineage: t4.id SCRIPT []
POSTHOOK: Lineage: t4.name SCRIPT []
PREHOOK: query: create table t5 (id int,name string, ages int)
PREHOOK: type: CREATETABLE
PREHOOK: Output: database:default
PREHOOK: Output: default@t5
POSTHOOK: query: create table t5 (id int,name string, ages int)
POSTHOOK: type: CREATETABLE
POSTHOOK: Output: database:default
POSTHOOK: Output: default@t5
PREHOOK: query: insert into t5 values(1,'Sagar',23),(3,'Surya',NULL),(4,'Raman',45),(5,'Scott',23),(6,'Ramya',5),(7,'',23),(8,'',23)
PREHOOK: type: QUERY
PREHOOK: Input: _dummy_database@_dummy_table
PREHOOK: Output: default@t5
POSTHOOK: query: insert into t5 values(1,'Sagar',23),(3,'Surya',NULL),(4,'Raman',45),(5,'Scott',23),(6,'Ramya',5),(7,'',23),(8,'',23)
POSTHOOK: type: QUERY
POSTHOOK: Input: _dummy_database@_dummy_table
POSTHOOK: Output: default@t5
POSTHOOK: Lineage: t5.ages SCRIPT []
POSTHOOK: Lineage: t5.id SCRIPT []
POSTHOOK: Lineage: t5.name SCRIPT []
PREHOOK: query: select * from t3
where age in (select distinct(age) age from t4)
order by age
PREHOOK: type: QUERY
PREHOOK: Input: default@t3
PREHOOK: Input: default@t4
PREHOOK: Output: hdfs://### HDFS PATH ###
POSTHOOK: query: select * from t3
where age in (select distinct(age) age from t4)
order by age
POSTHOOK: type: QUERY
POSTHOOK: Input: default@t3
POSTHOOK: Input: default@t4
POSTHOOK: Output: hdfs://### HDFS PATH ###
6	Ramya	5
1	Sagar	23
3	Surya	23
5	Scott	23
7		23
8		23
4	Raman	45
14	hela	45
Warning: Shuffle Join MERGEJOIN[46][tables = [t3, sq_1_notin_nullcheck]] in Stage 'Reducer 2' is a cross product
PREHOOK: query: select * from t3
where age not in (select distinct(age) age from t4  )
order by age
PREHOOK: type: QUERY
PREHOOK: Input: default@t3
PREHOOK: Input: default@t4
PREHOOK: Output: hdfs://### HDFS PATH ###
POSTHOOK: query: select * from t3
where age not in (select distinct(age) age from t4  )
order by age
POSTHOOK: type: QUERY
POSTHOOK: Input: default@t3
POSTHOOK: Input: default@t4
POSTHOOK: Output: hdfs://### HDFS PATH ###
9	ron	3
13	kong	13
12	fed	18
11	nick	19
10	Sam	22
Warning: Shuffle Join MERGEJOIN[48][tables = [t3, sq_1_notin_nullcheck]] in Stage 'Reducer 2' is a cross product
PREHOOK: query: select * from t3
where age not in (select distinct(ages) ages from t5 where t5.ages is not null)
order by age
PREHOOK: type: QUERY
PREHOOK: Input: default@t3
PREHOOK: Input: default@t5
PREHOOK: Output: hdfs://### HDFS PATH ###
POSTHOOK: query: select * from t3
where age not in (select distinct(ages) ages from t5 where t5.ages is not null)
order by age
POSTHOOK: type: QUERY
POSTHOOK: Input: default@t3
POSTHOOK: Input: default@t5
POSTHOOK: Output: hdfs://### HDFS PATH ###
9	ron	3
13	kong	13
12	fed	18
11	nick	19
10	Sam	22
Warning: Shuffle Join MERGEJOIN[46][tables = [t3, sq_1_notin_nullcheck]] in Stage 'Reducer 2' is a cross product
PREHOOK: query: select * from t3
where age not in (select distinct(ages) ages from t5 )
order by age
PREHOOK: type: QUERY
PREHOOK: Input: default@t3
PREHOOK: Input: default@t5
PREHOOK: Output: hdfs://### HDFS PATH ###
POSTHOOK: query: select * from t3
where age not in (select distinct(ages) ages from t5 )
order by age
POSTHOOK: type: QUERY
POSTHOOK: Input: default@t3
POSTHOOK: Input: default@t5
POSTHOOK: Output: hdfs://### HDFS PATH ###
PREHOOK: query: select count(*) from t3
where age not in (23,22, null )
PREHOOK: type: QUERY
PREHOOK: Input: default@t3
PREHOOK: Output: hdfs://### HDFS PATH ###
POSTHOOK: query: select count(*) from t3
where age not in (23,22, null )
POSTHOOK: type: QUERY
POSTHOOK: Input: default@t3
POSTHOOK: Output: hdfs://### HDFS PATH ###
0
Warning: Shuffle Join MERGEJOIN[44][tables = [t3, sq_1_notin_nullcheck]] in Stage 'Reducer 2' is a cross product
PREHOOK: query: explain select * from t3
        where age not in (select distinct(age) age from t4)
PREHOOK: type: QUERY
PREHOOK: Input: default@t3
PREHOOK: Input: default@t4
PREHOOK: Output: hdfs://### HDFS PATH ###
POSTHOOK: query: explain select * from t3
        where age not in (select distinct(age) age from t4)
POSTHOOK: type: QUERY
POSTHOOK: Input: default@t3
POSTHOOK: Input: default@t4
POSTHOOK: Output: hdfs://### HDFS PATH ###
STAGE DEPENDENCIES:
  Stage-1 is a root stage
  Stage-0 depends on stages: Stage-1

STAGE PLANS:
  Stage: Stage-1
    Tez
#### A masked pattern was here ####
      Edges:
        Reducer 2 <- Map 1 (XPROD_EDGE), Reducer 7 (XPROD_EDGE)
        Reducer 3 <- Reducer 2 (SIMPLE_EDGE), Reducer 5 (SIMPLE_EDGE)
        Reducer 5 <- Map 4 (SIMPLE_EDGE)
        Reducer 6 <- Map 4 (SIMPLE_EDGE)
        Reducer 7 <- Reducer 6 (CUSTOM_SIMPLE_EDGE)
#### A masked pattern was here ####
      Vertices:
        Map 1 
            Map Operator Tree:
                TableScan
                  alias: t3
                  filterExpr: age is not null (type: boolean)
                  Statistics: Num rows: 14 Data size: 1344 Basic stats: COMPLETE Column stats: COMPLETE
                  Filter Operator
                    predicate: age is not null (type: boolean)
                    Statistics: Num rows: 13 Data size: 1248 Basic stats: COMPLETE Column stats: COMPLETE
                    Reduce Output Operator
                      null sort order: 
                      sort order: 
                      Statistics: Num rows: 13 Data size: 1248 Basic stats: COMPLETE Column stats: COMPLETE
                      value expressions: id (type: int), name (type: string), age (type: int)
            Execution mode: vectorized, llap
            LLAP IO: all inputs
        Map 4 
            Map Operator Tree:
                TableScan
                  alias: t4
                  filterExpr: (age is not null or age is null) (type: boolean)
                  Statistics: Num rows: 7 Data size: 28 Basic stats: COMPLETE Column stats: COMPLETE
                  Filter Operator
                    predicate: age is not null (type: boolean)
                    Statistics: Num rows: 7 Data size: 28 Basic stats: COMPLETE Column stats: COMPLETE
                    Group By Operator
                      keys: age (type: int)
                      minReductionHashAggr: 0.57142854
                      mode: hash
                      outputColumnNames: _col0
                      Statistics: Num rows: 3 Data size: 12 Basic stats: COMPLETE Column stats: COMPLETE
                      Reduce Output Operator
                        key expressions: _col0 (type: int)
                        null sort order: z
                        sort order: +
                        Map-reduce partition columns: _col0 (type: int)
                        Statistics: Num rows: 3 Data size: 12 Basic stats: COMPLETE Column stats: COMPLETE
                  Filter Operator
                    predicate: age is null (type: boolean)
                    Statistics: Num rows: 1 Data size: 4 Basic stats: COMPLETE Column stats: COMPLETE
                    Select Operator
                      Statistics: Num rows: 1 Data size: 4 Basic stats: COMPLETE Column stats: COMPLETE
                      Group By Operator
                        keys: null (type: int)
                        minReductionHashAggr: 0.4
                        mode: hash
                        outputColumnNames: _col0
                        Statistics: Num rows: 1 Data size: 4 Basic stats: COMPLETE Column stats: COMPLETE
                        Reduce Output Operator
                          key expressions: null (type: int)
                          null sort order: z
                          sort order: +
                          Map-reduce partition columns: null (type: int)
                          Statistics: Num rows: 1 Data size: 4 Basic stats: COMPLETE Column stats: COMPLETE
            Execution mode: vectorized, llap
            LLAP IO: all inputs
        Reducer 2 
            Execution mode: llap
            Reduce Operator Tree:
              Merge Join Operator
                condition map:
                     Left Semi Join 0 to 1
                keys:
                  0 
                  1 
                outputColumnNames: _col0, _col1, _col2
                Statistics: Num rows: 13 Data size: 1248 Basic stats: COMPLETE Column stats: COMPLETE
                Reduce Output Operator
                  key expressions: _col2 (type: int)
                  null sort order: z
                  sort order: +
                  Map-reduce partition columns: _col2 (type: int)
                  Statistics: Num rows: 13 Data size: 1248 Basic stats: COMPLETE Column stats: COMPLETE
                  value expressions: _col0 (type: int), _col1 (type: string)
        Reducer 3 
            Execution mode: llap
            Reduce Operator Tree:
              Merge Join Operator
                condition map:
                     Left Outer Join 0 to 1
                keys:
                  0 _col2 (type: int)
                  1 _col0 (type: int)
                outputColumnNames: _col0, _col1, _col2, _col7
                Statistics: Num rows: 17 Data size: 1652 Basic stats: COMPLETE Column stats: COMPLETE
                Filter Operator
                  predicate: _col7 is null (type: boolean)
                  Statistics: Num rows: 13 Data size: 1264 Basic stats: COMPLETE Column stats: COMPLETE
                  Select Operator
                    expressions: _col0 (type: int), _col1 (type: string), _col2 (type: int)
                    outputColumnNames: _col0, _col1, _col2
                    Statistics: Num rows: 13 Data size: 1264 Basic stats: COMPLETE Column stats: COMPLETE
                    File Output Operator
                      compressed: false
                      Statistics: Num rows: 13 Data size: 1264 Basic stats: COMPLETE Column stats: COMPLETE
                      table:
                          input format: org.apache.hadoop.mapred.SequenceFileInputFormat
                          output format: org.apache.hadoop.hive.ql.io.HiveSequenceFileOutputFormat
                          serde: org.apache.hadoop.hive.serde2.lazy.LazySimpleSerDe
        Reducer 5 
            Execution mode: vectorized, llap
            Reduce Operator Tree:
              Group By Operator
                keys: KEY._col0 (type: int)
                mode: mergepartial
                outputColumnNames: _col0
                Statistics: Num rows: 3 Data size: 12 Basic stats: COMPLETE Column stats: COMPLETE
                Reduce Output Operator
                  key expressions: _col0 (type: int)
                  null sort order: z
                  sort order: +
                  Map-reduce partition columns: _col0 (type: int)
                  Statistics: Num rows: 3 Data size: 12 Basic stats: COMPLETE Column stats: COMPLETE
        Reducer 6 
            Execution mode: vectorized, llap
            Reduce Operator Tree:
              Group By Operator
                keys: null (type: int)
                mode: mergepartial
                outputColumnNames: _col0
                Statistics: Num rows: 1 Data size: 4 Basic stats: COMPLETE Column stats: COMPLETE
                Select Operator
                  Statistics: Num rows: 1 Data size: 4 Basic stats: COMPLETE Column stats: COMPLETE
                  Group By Operator
                    aggregations: count()
                    minReductionHashAggr: 0.4
                    mode: hash
                    outputColumnNames: _col0
                    Statistics: Num rows: 1 Data size: 8 Basic stats: COMPLETE Column stats: COMPLETE
                    Reduce Output Operator
                      null sort order: 
                      sort order: 
                      Statistics: Num rows: 1 Data size: 8 Basic stats: COMPLETE Column stats: COMPLETE
                      value expressions: _col0 (type: bigint)
        Reducer 7 
            Execution mode: vectorized, llap
            Reduce Operator Tree:
              Group By Operator
                aggregations: count(VALUE._col0)
                mode: mergepartial
                outputColumnNames: _col0
                Statistics: Num rows: 1 Data size: 8 Basic stats: COMPLETE Column stats: COMPLETE
                Filter Operator
                  predicate: (_col0 = 0L) (type: boolean)
                  Statistics: Num rows: 1 Data size: 8 Basic stats: COMPLETE Column stats: COMPLETE
                  Select Operator
                    Statistics: Num rows: 1 Data size: 8 Basic stats: COMPLETE Column stats: COMPLETE
                    Group By Operator
                      keys: 0L (type: bigint)
                      minReductionHashAggr: 0.4
                      mode: hash
                      outputColumnNames: _col0
                      Statistics: Num rows: 1 Data size: 8 Basic stats: COMPLETE Column stats: COMPLETE
                      Reduce Output Operator
                        null sort order: 
                        sort order: 
                        Statistics: Num rows: 1 Data size: 8 Basic stats: COMPLETE Column stats: COMPLETE

  Stage: Stage-0
    Fetch Operator
      limit: -1
      Processor Tree:
        ListSink

Warning: Shuffle Join MERGEJOIN[44][tables = [t3, sq_1_notin_nullcheck]] in Stage 'Reducer 2' is a cross product
PREHOOK: query: explain select * from t3
where age not in (select distinct(ages) ages from t5 )
PREHOOK: type: QUERY
PREHOOK: Input: default@t3
PREHOOK: Input: default@t5
PREHOOK: Output: hdfs://### HDFS PATH ###
POSTHOOK: query: explain select * from t3
where age not in (select distinct(ages) ages from t5 )
POSTHOOK: type: QUERY
POSTHOOK: Input: default@t3
POSTHOOK: Input: default@t5
POSTHOOK: Output: hdfs://### HDFS PATH ###
STAGE DEPENDENCIES:
  Stage-1 is a root stage
  Stage-0 depends on stages: Stage-1

STAGE PLANS:
  Stage: Stage-1
    Tez
#### A masked pattern was here ####
      Edges:
        Reducer 2 <- Map 1 (XPROD_EDGE), Reducer 7 (XPROD_EDGE)
        Reducer 3 <- Reducer 2 (SIMPLE_EDGE), Reducer 5 (SIMPLE_EDGE)
        Reducer 5 <- Map 4 (SIMPLE_EDGE)
        Reducer 6 <- Map 4 (SIMPLE_EDGE)
        Reducer 7 <- Reducer 6 (CUSTOM_SIMPLE_EDGE)
#### A masked pattern was here ####
      Vertices:
        Map 1 
            Map Operator Tree:
                TableScan
                  alias: t3
                  filterExpr: age is not null (type: boolean)
                  Statistics: Num rows: 14 Data size: 1344 Basic stats: COMPLETE Column stats: COMPLETE
                  Filter Operator
                    predicate: age is not null (type: boolean)
                    Statistics: Num rows: 13 Data size: 1248 Basic stats: COMPLETE Column stats: COMPLETE
                    Reduce Output Operator
                      null sort order: 
                      sort order: 
                      Statistics: Num rows: 13 Data size: 1248 Basic stats: COMPLETE Column stats: COMPLETE
                      value expressions: id (type: int), name (type: string), age (type: int)
            Execution mode: vectorized, llap
            LLAP IO: all inputs
        Map 4 
            Map Operator Tree:
                TableScan
                  alias: t5
                  filterExpr: (ages is not null or ages is null) (type: boolean)
                  Statistics: Num rows: 7 Data size: 28 Basic stats: COMPLETE Column stats: COMPLETE
                  Filter Operator
                    predicate: ages is not null (type: boolean)
                    Statistics: Num rows: 6 Data size: 24 Basic stats: COMPLETE Column stats: COMPLETE
                    Group By Operator
                      keys: ages (type: int)
                      minReductionHashAggr: 0.4
                      mode: hash
                      outputColumnNames: _col0
                      Statistics: Num rows: 3 Data size: 12 Basic stats: COMPLETE Column stats: COMPLETE
                      Reduce Output Operator
                        key expressions: _col0 (type: int)
                        null sort order: z
                        sort order: +
                        Map-reduce partition columns: _col0 (type: int)
                        Statistics: Num rows: 3 Data size: 12 Basic stats: COMPLETE Column stats: COMPLETE
                  Filter Operator
                    predicate: ages is null (type: boolean)
                    Statistics: Num rows: 1 Data size: 4 Basic stats: COMPLETE Column stats: COMPLETE
                    Select Operator
                      Statistics: Num rows: 1 Data size: 4 Basic stats: COMPLETE Column stats: COMPLETE
                      Group By Operator
                        keys: null (type: int)
                        minReductionHashAggr: 0.4
                        mode: hash
                        outputColumnNames: _col0
                        Statistics: Num rows: 1 Data size: 4 Basic stats: COMPLETE Column stats: COMPLETE
                        Reduce Output Operator
                          key expressions: null (type: int)
                          null sort order: z
                          sort order: +
                          Map-reduce partition columns: null (type: int)
                          Statistics: Num rows: 1 Data size: 4 Basic stats: COMPLETE Column stats: COMPLETE
            Execution mode: vectorized, llap
            LLAP IO: all inputs
        Reducer 2 
            Execution mode: llap
            Reduce Operator Tree:
              Merge Join Operator
                condition map:
                     Left Semi Join 0 to 1
                keys:
                  0 
                  1 
                outputColumnNames: _col0, _col1, _col2
                Statistics: Num rows: 13 Data size: 1248 Basic stats: COMPLETE Column stats: COMPLETE
                Reduce Output Operator
                  key expressions: _col2 (type: int)
                  null sort order: z
                  sort order: +
                  Map-reduce partition columns: _col2 (type: int)
                  Statistics: Num rows: 13 Data size: 1248 Basic stats: COMPLETE Column stats: COMPLETE
                  value expressions: _col0 (type: int), _col1 (type: string)
        Reducer 3 
            Execution mode: llap
            Reduce Operator Tree:
              Merge Join Operator
                condition map:
                     Left Outer Join 0 to 1
                keys:
                  0 _col2 (type: int)
                  1 _col0 (type: int)
                outputColumnNames: _col0, _col1, _col2, _col7
                Statistics: Num rows: 17 Data size: 1648 Basic stats: COMPLETE Column stats: COMPLETE
                Filter Operator
                  predicate: _col7 is null (type: boolean)
                  Statistics: Num rows: 14 Data size: 1356 Basic stats: COMPLETE Column stats: COMPLETE
                  Select Operator
                    expressions: _col0 (type: int), _col1 (type: string), _col2 (type: int)
                    outputColumnNames: _col0, _col1, _col2
                    Statistics: Num rows: 14 Data size: 1356 Basic stats: COMPLETE Column stats: COMPLETE
                    File Output Operator
                      compressed: false
                      Statistics: Num rows: 14 Data size: 1356 Basic stats: COMPLETE Column stats: COMPLETE
                      table:
                          input format: org.apache.hadoop.mapred.SequenceFileInputFormat
                          output format: org.apache.hadoop.hive.ql.io.HiveSequenceFileOutputFormat
                          serde: org.apache.hadoop.hive.serde2.lazy.LazySimpleSerDe
        Reducer 5 
            Execution mode: vectorized, llap
            Reduce Operator Tree:
              Group By Operator
                keys: KEY._col0 (type: int)
                mode: mergepartial
                outputColumnNames: _col0
                Statistics: Num rows: 3 Data size: 12 Basic stats: COMPLETE Column stats: COMPLETE
                Reduce Output Operator
                  key expressions: _col0 (type: int)
                  null sort order: z
                  sort order: +
                  Map-reduce partition columns: _col0 (type: int)
                  Statistics: Num rows: 3 Data size: 12 Basic stats: COMPLETE Column stats: COMPLETE
        Reducer 6 
            Execution mode: vectorized, llap
            Reduce Operator Tree:
              Group By Operator
                keys: null (type: int)
                mode: mergepartial
                outputColumnNames: _col0
                Statistics: Num rows: 1 Data size: 4 Basic stats: COMPLETE Column stats: COMPLETE
                Select Operator
                  Statistics: Num rows: 1 Data size: 4 Basic stats: COMPLETE Column stats: COMPLETE
                  Group By Operator
                    aggregations: count()
                    minReductionHashAggr: 0.4
                    mode: hash
                    outputColumnNames: _col0
                    Statistics: Num rows: 1 Data size: 8 Basic stats: COMPLETE Column stats: COMPLETE
                    Reduce Output Operator
                      null sort order: 
                      sort order: 
                      Statistics: Num rows: 1 Data size: 8 Basic stats: COMPLETE Column stats: COMPLETE
                      value expressions: _col0 (type: bigint)
        Reducer 7 
            Execution mode: vectorized, llap
            Reduce Operator Tree:
              Group By Operator
                aggregations: count(VALUE._col0)
                mode: mergepartial
                outputColumnNames: _col0
                Statistics: Num rows: 1 Data size: 8 Basic stats: COMPLETE Column stats: COMPLETE
                Filter Operator
                  predicate: (_col0 = 0L) (type: boolean)
                  Statistics: Num rows: 1 Data size: 8 Basic stats: COMPLETE Column stats: COMPLETE
                  Select Operator
                    Statistics: Num rows: 1 Data size: 8 Basic stats: COMPLETE Column stats: COMPLETE
                    Group By Operator
                      keys: 0L (type: bigint)
                      minReductionHashAggr: 0.4
                      mode: hash
                      outputColumnNames: _col0
                      Statistics: Num rows: 1 Data size: 8 Basic stats: COMPLETE Column stats: COMPLETE
                      Reduce Output Operator
                        null sort order: 
                        sort order: 
                        Statistics: Num rows: 1 Data size: 8 Basic stats: COMPLETE Column stats: COMPLETE

  Stage: Stage-0
    Fetch Operator
      limit: -1
      Processor Tree:
        ListSink

Warning: Shuffle Join MERGEJOIN[46][tables = [t3, sq_1_notin_nullcheck]] in Stage 'Reducer 2' is a cross product
PREHOOK: query: explain select * from t3
        where age not in (select distinct(ages) ages from t5 where t5.ages is not null)
PREHOOK: type: QUERY
PREHOOK: Input: default@t3
PREHOOK: Input: default@t5
PREHOOK: Output: hdfs://### HDFS PATH ###
POSTHOOK: query: explain select * from t3
        where age not in (select distinct(ages) ages from t5 where t5.ages is not null)
POSTHOOK: type: QUERY
POSTHOOK: Input: default@t3
POSTHOOK: Input: default@t5
POSTHOOK: Output: hdfs://### HDFS PATH ###
STAGE DEPENDENCIES:
  Stage-1 is a root stage
  Stage-0 depends on stages: Stage-1

STAGE PLANS:
  Stage: Stage-1
    Tez
#### A masked pattern was here ####
      Edges:
        Reducer 2 <- Map 1 (XPROD_EDGE), Reducer 7 (XPROD_EDGE)
        Reducer 3 <- Reducer 2 (SIMPLE_EDGE), Reducer 5 (SIMPLE_EDGE)
        Reducer 5 <- Map 4 (SIMPLE_EDGE)
        Reducer 6 <- Map 4 (SIMPLE_EDGE)
        Reducer 7 <- Reducer 6 (CUSTOM_SIMPLE_EDGE)
#### A masked pattern was here ####
      Vertices:
        Map 1 
            Map Operator Tree:
                TableScan
                  alias: t3
                  filterExpr: age is not null (type: boolean)
                  Statistics: Num rows: 14 Data size: 1344 Basic stats: COMPLETE Column stats: COMPLETE
                  Filter Operator
                    predicate: age is not null (type: boolean)
                    Statistics: Num rows: 13 Data size: 1248 Basic stats: COMPLETE Column stats: COMPLETE
                    Reduce Output Operator
                      null sort order: 
                      sort order: 
                      Statistics: Num rows: 13 Data size: 1248 Basic stats: COMPLETE Column stats: COMPLETE
                      value expressions: id (type: int), name (type: string), age (type: int)
            Execution mode: vectorized, llap
            LLAP IO: all inputs
        Map 4 
            Map Operator Tree:
                TableScan
                  alias: t5
                  filterExpr: (ages is not null or (ages is not null and ages is null)) (type: boolean)
                  Statistics: Num rows: 7 Data size: 28 Basic stats: COMPLETE Column stats: COMPLETE
                  Filter Operator
                    predicate: ages is not null (type: boolean)
                    Statistics: Num rows: 6 Data size: 24 Basic stats: COMPLETE Column stats: COMPLETE
                    Group By Operator
                      keys: ages (type: int)
                      minReductionHashAggr: 0.4
                      mode: hash
                      outputColumnNames: _col0
                      Statistics: Num rows: 3 Data size: 12 Basic stats: COMPLETE Column stats: COMPLETE
                      Reduce Output Operator
                        key expressions: _col0 (type: int)
                        null sort order: z
                        sort order: +
                        Map-reduce partition columns: _col0 (type: int)
                        Statistics: Num rows: 3 Data size: 12 Basic stats: COMPLETE Column stats: COMPLETE
                  Filter Operator
                    predicate: (ages is not null and ages is null) (type: boolean)
                    Statistics: Num rows: 1 Data size: 4 Basic stats: COMPLETE Column stats: COMPLETE
                    Select Operator
                      Statistics: Num rows: 1 Data size: 4 Basic stats: COMPLETE Column stats: COMPLETE
                      Group By Operator
                        keys: null (type: int)
                        minReductionHashAggr: 0.4
                        mode: hash
                        outputColumnNames: _col0
                        Statistics: Num rows: 1 Data size: 4 Basic stats: COMPLETE Column stats: COMPLETE
                        Reduce Output Operator
                          key expressions: null (type: int)
                          null sort order: z
                          sort order: +
                          Map-reduce partition columns: null (type: int)
                          Statistics: Num rows: 1 Data size: 4 Basic stats: COMPLETE Column stats: COMPLETE
            Execution mode: vectorized, llap
            LLAP IO: all inputs
        Reducer 2 
            Execution mode: llap
            Reduce Operator Tree:
              Merge Join Operator
                condition map:
                     Left Semi Join 0 to 1
                keys:
                  0 
                  1 
                outputColumnNames: _col0, _col1, _col2
                Statistics: Num rows: 13 Data size: 1248 Basic stats: COMPLETE Column stats: COMPLETE
                Reduce Output Operator
                  key expressions: _col2 (type: int)
                  null sort order: z
                  sort order: +
                  Map-reduce partition columns: _col2 (type: int)
                  Statistics: Num rows: 13 Data size: 1248 Basic stats: COMPLETE Column stats: COMPLETE
                  value expressions: _col0 (type: int), _col1 (type: string)
        Reducer 3 
            Execution mode: llap
            Reduce Operator Tree:
              Merge Join Operator
                condition map:
                     Left Outer Join 0 to 1
                keys:
                  0 _col2 (type: int)
                  1 _col0 (type: int)
                outputColumnNames: _col0, _col1, _col2, _col7
                Statistics: Num rows: 17 Data size: 1648 Basic stats: COMPLETE Column stats: COMPLETE
                Filter Operator
                  predicate: _col7 is null (type: boolean)
                  Statistics: Num rows: 14 Data size: 1356 Basic stats: COMPLETE Column stats: COMPLETE
                  Select Operator
                    expressions: _col0 (type: int), _col1 (type: string), _col2 (type: int)
                    outputColumnNames: _col0, _col1, _col2
                    Statistics: Num rows: 14 Data size: 1356 Basic stats: COMPLETE Column stats: COMPLETE
                    File Output Operator
                      compressed: false
                      Statistics: Num rows: 14 Data size: 1356 Basic stats: COMPLETE Column stats: COMPLETE
                      table:
                          input format: org.apache.hadoop.mapred.SequenceFileInputFormat
                          output format: org.apache.hadoop.hive.ql.io.HiveSequenceFileOutputFormat
                          serde: org.apache.hadoop.hive.serde2.lazy.LazySimpleSerDe
        Reducer 5 
            Execution mode: vectorized, llap
            Reduce Operator Tree:
              Group By Operator
                keys: KEY._col0 (type: int)
                mode: mergepartial
                outputColumnNames: _col0
                Statistics: Num rows: 3 Data size: 12 Basic stats: COMPLETE Column stats: COMPLETE
                Reduce Output Operator
                  key expressions: _col0 (type: int)
                  null sort order: z
                  sort order: +
                  Map-reduce partition columns: _col0 (type: int)
                  Statistics: Num rows: 3 Data size: 12 Basic stats: COMPLETE Column stats: COMPLETE
        Reducer 6 
            Execution mode: vectorized, llap
            Reduce Operator Tree:
              Group By Operator
                keys: null (type: int)
                mode: mergepartial
                outputColumnNames: _col0
                Statistics: Num rows: 1 Data size: 4 Basic stats: COMPLETE Column stats: COMPLETE
                Select Operator
                  Statistics: Num rows: 1 Data size: 4 Basic stats: COMPLETE Column stats: COMPLETE
                  Group By Operator
                    aggregations: count()
                    minReductionHashAggr: 0.4
                    mode: hash
                    outputColumnNames: _col0
                    Statistics: Num rows: 1 Data size: 8 Basic stats: COMPLETE Column stats: COMPLETE
                    Reduce Output Operator
                      null sort order: 
                      sort order: 
                      Statistics: Num rows: 1 Data size: 8 Basic stats: COMPLETE Column stats: COMPLETE
                      value expressions: _col0 (type: bigint)
        Reducer 7 
            Execution mode: vectorized, llap
            Reduce Operator Tree:
              Group By Operator
                aggregations: count(VALUE._col0)
                mode: mergepartial
                outputColumnNames: _col0
                Statistics: Num rows: 1 Data size: 8 Basic stats: COMPLETE Column stats: COMPLETE
                Filter Operator
                  predicate: (_col0 = 0L) (type: boolean)
                  Statistics: Num rows: 1 Data size: 8 Basic stats: COMPLETE Column stats: COMPLETE
                  Select Operator
                    Statistics: Num rows: 1 Data size: 8 Basic stats: COMPLETE Column stats: COMPLETE
                    Group By Operator
                      keys: 0L (type: bigint)
                      minReductionHashAggr: 0.4
                      mode: hash
                      outputColumnNames: _col0
                      Statistics: Num rows: 1 Data size: 8 Basic stats: COMPLETE Column stats: COMPLETE
                      Reduce Output Operator
                        null sort order: 
                        sort order: 
                        Statistics: Num rows: 1 Data size: 8 Basic stats: COMPLETE Column stats: COMPLETE

  Stage: Stage-0
    Fetch Operator
      limit: -1
      Processor Tree:
        ListSink

Warning: Shuffle Join MERGEJOIN[50][tables = [t3, sq_1_notin_nullcheck]] in Stage 'Reducer 2' is a cross product
PREHOOK: query: select count(*) from t3
where age not in (select distinct(age)age from t3 t1 where t1.age > 10)
PREHOOK: type: QUERY
PREHOOK: Input: default@t3
PREHOOK: Output: hdfs://### HDFS PATH ###
POSTHOOK: query: select count(*) from t3
where age not in (select distinct(age)age from t3 t1 where t1.age > 10)
POSTHOOK: type: QUERY
POSTHOOK: Input: default@t3
POSTHOOK: Output: hdfs://### HDFS PATH ###
2
Warning: Shuffle Join MERGEJOIN[52][tables = [b, sq_1_notin_nullcheck]] in Stage 'Reducer 2' is a cross product
PREHOOK: query: explain select id, name, age
from t3 b where b.age not in
(select min(age)
 from (select id, age from t3) a
 where age < 10 and b.age = a.age)
 order by name
PREHOOK: type: QUERY
PREHOOK: Input: default@t3
PREHOOK: Output: hdfs://### HDFS PATH ###
POSTHOOK: query: explain select id, name, age
from t3 b where b.age not in
(select min(age)
 from (select id, age from t3) a
 where age < 10 and b.age = a.age)
 order by name
POSTHOOK: type: QUERY
POSTHOOK: Input: default@t3
POSTHOOK: Output: hdfs://### HDFS PATH ###
STAGE DEPENDENCIES:
  Stage-1 is a root stage
  Stage-0 depends on stages: Stage-1

STAGE PLANS:
  Stage: Stage-1
    Tez
#### A masked pattern was here ####
      Edges:
        Reducer 2 <- Map 1 (XPROD_EDGE), Reducer 6 (XPROD_EDGE)
        Reducer 3 <- Reducer 2 (SIMPLE_EDGE), Reducer 5 (SIMPLE_EDGE)
        Reducer 4 <- Reducer 3 (SIMPLE_EDGE)
        Reducer 5 <- Map 1 (SIMPLE_EDGE)
        Reducer 6 <- Reducer 5 (CUSTOM_SIMPLE_EDGE)
#### A masked pattern was here ####
      Vertices:
        Map 1 
            Map Operator Tree:
                TableScan
                  alias: b
                  filterExpr: (age is not null or (age < 10)) (type: boolean)
                  Statistics: Num rows: 14 Data size: 1344 Basic stats: COMPLETE Column stats: COMPLETE
                  Filter Operator
                    predicate: age is not null (type: boolean)
                    Statistics: Num rows: 13 Data size: 1248 Basic stats: COMPLETE Column stats: COMPLETE
                    Reduce Output Operator
                      null sort order: 
                      sort order: 
                      Statistics: Num rows: 13 Data size: 1248 Basic stats: COMPLETE Column stats: COMPLETE
                      value expressions: id (type: int), name (type: string), age (type: int)
                  Filter Operator
                    predicate: (age < 10) (type: boolean)
                    Statistics: Num rows: 2 Data size: 8 Basic stats: COMPLETE Column stats: COMPLETE
                    Select Operator
                      expressions: age (type: int)
                      outputColumnNames: _col1
                      Statistics: Num rows: 2 Data size: 8 Basic stats: COMPLETE Column stats: COMPLETE
                      Group By Operator
                        aggregations: min(_col1)
                        keys: _col1 (type: int)
                        minReductionHashAggr: 0.4
                        mode: hash
                        outputColumnNames: _col0, _col1
                        Statistics: Num rows: 2 Data size: 16 Basic stats: COMPLETE Column stats: COMPLETE
                        Reduce Output Operator
                          key expressions: _col0 (type: int)
                          null sort order: z
                          sort order: +
                          Map-reduce partition columns: _col0 (type: int)
                          Statistics: Num rows: 2 Data size: 16 Basic stats: COMPLETE Column stats: COMPLETE
                          value expressions: _col1 (type: int)
            Execution mode: vectorized, llap
            LLAP IO: all inputs
        Reducer 2 
            Execution mode: llap
            Reduce Operator Tree:
              Merge Join Operator
                condition map:
                     Left Semi Join 0 to 1
                keys:
                  0 
                  1 
                outputColumnNames: _col0, _col1, _col2
                Statistics: Num rows: 13 Data size: 1248 Basic stats: COMPLETE Column stats: COMPLETE
                Reduce Output Operator
                  key expressions: _col2 (type: int), _col2 (type: int)
                  null sort order: zz
                  sort order: ++
                  Map-reduce partition columns: _col2 (type: int), _col2 (type: int)
                  Statistics: Num rows: 13 Data size: 1248 Basic stats: COMPLETE Column stats: COMPLETE
                  value expressions: _col0 (type: int), _col1 (type: string)
        Reducer 3 
            Execution mode: llap
            Reduce Operator Tree:
              Merge Join Operator
                condition map:
                     Left Outer Join 0 to 1
                keys:
                  0 _col2 (type: int), _col2 (type: int)
                  1 _col0 (type: int), _col1 (type: int)
                outputColumnNames: _col0, _col1, _col2, _col7
                Statistics: Num rows: 16 Data size: 1552 Basic stats: COMPLETE Column stats: COMPLETE
                Filter Operator
                  predicate: _col7 is null (type: boolean)
                  Statistics: Num rows: 13 Data size: 1260 Basic stats: COMPLETE Column stats: COMPLETE
                  Select Operator
                    expressions: _col0 (type: int), _col1 (type: string), _col2 (type: int)
                    outputColumnNames: _col0, _col1, _col2
                    Statistics: Num rows: 13 Data size: 1248 Basic stats: COMPLETE Column stats: COMPLETE
                    Reduce Output Operator
                      key expressions: _col1 (type: string)
                      null sort order: z
                      sort order: +
                      Statistics: Num rows: 13 Data size: 1248 Basic stats: COMPLETE Column stats: COMPLETE
                      value expressions: _col0 (type: int), _col2 (type: int)
        Reducer 4 
            Execution mode: vectorized, llap
            Reduce Operator Tree:
              Select Operator
                expressions: VALUE._col0 (type: int), KEY.reducesinkkey0 (type: string), VALUE._col1 (type: int)
                outputColumnNames: _col0, _col1, _col2
                Statistics: Num rows: 13 Data size: 1248 Basic stats: COMPLETE Column stats: COMPLETE
                File Output Operator
                  compressed: false
                  Statistics: Num rows: 13 Data size: 1248 Basic stats: COMPLETE Column stats: COMPLETE
                  table:
                      input format: org.apache.hadoop.mapred.SequenceFileInputFormat
                      output format: org.apache.hadoop.hive.ql.io.HiveSequenceFileOutputFormat
                      serde: org.apache.hadoop.hive.serde2.lazy.LazySimpleSerDe
        Reducer 5 
            Execution mode: vectorized, llap
            Reduce Operator Tree:
              Group By Operator
                aggregations: min(VALUE._col0)
                keys: KEY._col0 (type: int)
                mode: mergepartial
                outputColumnNames: _col0, _col1
                Statistics: Num rows: 2 Data size: 16 Basic stats: COMPLETE Column stats: COMPLETE
                Filter Operator
                  predicate: _col1 is not null (type: boolean)
                  Statistics: Num rows: 2 Data size: 16 Basic stats: COMPLETE Column stats: COMPLETE
                  Select Operator
                    expressions: _col1 (type: int), _col0 (type: int)
                    outputColumnNames: _col0, _col1
                    Statistics: Num rows: 2 Data size: 16 Basic stats: COMPLETE Column stats: COMPLETE
                    Reduce Output Operator
                      key expressions: _col0 (type: int), _col1 (type: int)
                      null sort order: zz
                      sort order: ++
                      Map-reduce partition columns: _col0 (type: int), _col1 (type: int)
                      Statistics: Num rows: 2 Data size: 16 Basic stats: COMPLETE Column stats: COMPLETE
                Filter Operator
                  predicate: (_col1 is null or _col0 is null) (type: boolean)
                  Statistics: Num rows: 1 Data size: 8 Basic stats: COMPLETE Column stats: COMPLETE
                  Select Operator
                    Statistics: Num rows: 1 Data size: 8 Basic stats: COMPLETE Column stats: COMPLETE
                    Group By Operator
                      aggregations: count()
                      minReductionHashAggr: 0.4
                      mode: hash
                      outputColumnNames: _col0
                      Statistics: Num rows: 1 Data size: 8 Basic stats: COMPLETE Column stats: COMPLETE
                      Reduce Output Operator
                        null sort order: 
                        sort order: 
                        Statistics: Num rows: 1 Data size: 8 Basic stats: COMPLETE Column stats: COMPLETE
                        value expressions: _col0 (type: bigint)
        Reducer 6 
            Execution mode: vectorized, llap
            Reduce Operator Tree:
              Group By Operator
                aggregations: count(VALUE._col0)
                mode: mergepartial
                outputColumnNames: _col0
                Statistics: Num rows: 1 Data size: 8 Basic stats: COMPLETE Column stats: COMPLETE
                Filter Operator
                  predicate: (_col0 = 0L) (type: boolean)
                  Statistics: Num rows: 1 Data size: 8 Basic stats: COMPLETE Column stats: COMPLETE
                  Select Operator
                    Statistics: Num rows: 1 Data size: 8 Basic stats: COMPLETE Column stats: COMPLETE
                    Group By Operator
                      keys: 0L (type: bigint)
                      minReductionHashAggr: 0.4
                      mode: hash
                      outputColumnNames: _col0
                      Statistics: Num rows: 1 Data size: 8 Basic stats: COMPLETE Column stats: COMPLETE
                      Reduce Output Operator
                        null sort order: 
                        sort order: 
                        Statistics: Num rows: 1 Data size: 8 Basic stats: COMPLETE Column stats: COMPLETE

  Stage: Stage-0
    Fetch Operator
      limit: -1
      Processor Tree:
        ListSink

PREHOOK: query: select * from t3
where age in (select distinct(age) age from t4)
order by age
PREHOOK: type: QUERY
PREHOOK: Input: default@t3
PREHOOK: Input: default@t4
PREHOOK: Output: hdfs://### HDFS PATH ###
POSTHOOK: query: select * from t3
where age in (select distinct(age) age from t4)
order by age
POSTHOOK: type: QUERY
POSTHOOK: Input: default@t3
POSTHOOK: Input: default@t4
POSTHOOK: Output: hdfs://### HDFS PATH ###
6	Ramya	5
1	Sagar	23
3	Surya	23
5	Scott	23
7		23
8		23
4	Raman	45
14	hela	45
Warning: Shuffle Join MERGEJOIN[40][tables = [$hdt$_0, $hdt$_1, $hdt$_2]] in Stage 'Reducer 3' is a cross product
PREHOOK: query: select * from t3
where age not in (select distinct(age) age from t4  )
order by age
PREHOOK: type: QUERY
PREHOOK: Input: default@t3
PREHOOK: Input: default@t4
PREHOOK: Output: hdfs://### HDFS PATH ###
POSTHOOK: query: select * from t3
where age not in (select distinct(age) age from t4  )
order by age
POSTHOOK: type: QUERY
POSTHOOK: Input: default@t3
POSTHOOK: Input: default@t4
POSTHOOK: Output: hdfs://### HDFS PATH ###
9	ron	3
13	kong	13
12	fed	18
11	nick	19
10	Sam	22
Warning: Shuffle Join MERGEJOIN[42][tables = [$hdt$_0, $hdt$_1, $hdt$_2]] in Stage 'Reducer 3' is a cross product
PREHOOK: query: select * from t3
where age not in (select distinct(ages) ages from t5 where t5.ages is not null)
order by age
PREHOOK: type: QUERY
PREHOOK: Input: default@t3
PREHOOK: Input: default@t5
PREHOOK: Output: hdfs://### HDFS PATH ###
POSTHOOK: query: select * from t3
where age not in (select distinct(ages) ages from t5 where t5.ages is not null)
order by age
POSTHOOK: type: QUERY
POSTHOOK: Input: default@t3
POSTHOOK: Input: default@t5
POSTHOOK: Output: hdfs://### HDFS PATH ###
9	ron	3
13	kong	13
12	fed	18
11	nick	19
10	Sam	22
Warning: Shuffle Join MERGEJOIN[40][tables = [$hdt$_0, $hdt$_1, $hdt$_2]] in Stage 'Reducer 3' is a cross product
PREHOOK: query: select * from t3
where age not in (select distinct(ages) ages from t5 )
order by age
PREHOOK: type: QUERY
PREHOOK: Input: default@t3
PREHOOK: Input: default@t5
PREHOOK: Output: hdfs://### HDFS PATH ###
POSTHOOK: query: select * from t3
where age not in (select distinct(ages) ages from t5 )
order by age
POSTHOOK: type: QUERY
POSTHOOK: Input: default@t3
POSTHOOK: Input: default@t5
POSTHOOK: Output: hdfs://### HDFS PATH ###
PREHOOK: query: select count(*) from t3
where age not in (23,22, null )
PREHOOK: type: QUERY
PREHOOK: Input: _dummy_database@_dummy_table
PREHOOK: Input: default@t3
PREHOOK: Output: hdfs://### HDFS PATH ###
POSTHOOK: query: select count(*) from t3
where age not in (23,22, null )
POSTHOOK: type: QUERY
POSTHOOK: Input: _dummy_database@_dummy_table
POSTHOOK: Input: default@t3
POSTHOOK: Output: hdfs://### HDFS PATH ###
0
Warning: Shuffle Join MERGEJOIN[38][tables = [$hdt$_0, $hdt$_1, $hdt$_2]] in Stage 'Reducer 3' is a cross product
PREHOOK: query: explain select * from t3
        where age not in (select distinct(age) age from t4)
PREHOOK: type: QUERY
PREHOOK: Input: default@t3
PREHOOK: Input: default@t4
PREHOOK: Output: hdfs://### HDFS PATH ###
POSTHOOK: query: explain select * from t3
        where age not in (select distinct(age) age from t4)
POSTHOOK: type: QUERY
POSTHOOK: Input: default@t3
POSTHOOK: Input: default@t4
POSTHOOK: Output: hdfs://### HDFS PATH ###
STAGE DEPENDENCIES:
  Stage-1 is a root stage
  Stage-0 depends on stages: Stage-1

STAGE PLANS:
  Stage: Stage-1
    Tez
#### A masked pattern was here ####
      Edges:
        Reducer 2 <- Map 1 (SIMPLE_EDGE), Reducer 5 (SIMPLE_EDGE)
        Reducer 3 <- Reducer 2 (XPROD_EDGE), Reducer 7 (XPROD_EDGE)
        Reducer 5 <- Map 4 (SIMPLE_EDGE)
        Reducer 6 <- Map 4 (SIMPLE_EDGE)
        Reducer 7 <- Reducer 6 (CUSTOM_SIMPLE_EDGE)
#### A masked pattern was here ####
      Vertices:
        Map 1 
            Map Operator Tree:
                TableScan
                  alias: t3
                  Statistics: Num rows: 14 Data size: 1344 Basic stats: COMPLETE Column stats: COMPLETE
                  Select Operator
                    expressions: id (type: int), name (type: string), age (type: int)
                    outputColumnNames: _col0, _col1, _col2
                    Statistics: Num rows: 14 Data size: 1344 Basic stats: COMPLETE Column stats: COMPLETE
                    Reduce Output Operator
                      key expressions: _col2 (type: int)
                      null sort order: z
                      sort order: +
                      Map-reduce partition columns: _col2 (type: int)
                      Statistics: Num rows: 14 Data size: 1344 Basic stats: COMPLETE Column stats: COMPLETE
                      value expressions: _col0 (type: int), _col1 (type: string)
            Execution mode: vectorized, llap
            LLAP IO: all inputs
        Map 4 
            Map Operator Tree:
                TableScan
                  alias: t4
                  Statistics: Num rows: 7 Data size: 28 Basic stats: COMPLETE Column stats: COMPLETE
                  Filter Operator
                    predicate: age is not null (type: boolean)
                    Statistics: Num rows: 7 Data size: 28 Basic stats: COMPLETE Column stats: COMPLETE
                    Group By Operator
                      keys: age (type: int)
                      minReductionHashAggr: 0.57142854
                      mode: hash
                      outputColumnNames: _col0
                      Statistics: Num rows: 3 Data size: 12 Basic stats: COMPLETE Column stats: COMPLETE
                      Reduce Output Operator
                        key expressions: _col0 (type: int)
                        null sort order: z
                        sort order: +
                        Map-reduce partition columns: _col0 (type: int)
                        Statistics: Num rows: 3 Data size: 12 Basic stats: COMPLETE Column stats: COMPLETE
                  Select Operator
                    expressions: age (type: int)
                    outputColumnNames: age
                    Statistics: Num rows: 7 Data size: 28 Basic stats: COMPLETE Column stats: COMPLETE
                    Group By Operator
                      keys: age (type: int)
                      minReductionHashAggr: 0.57142854
                      mode: hash
                      outputColumnNames: _col0
                      Statistics: Num rows: 3 Data size: 12 Basic stats: COMPLETE Column stats: COMPLETE
                      Reduce Output Operator
                        key expressions: _col0 (type: int)
                        null sort order: z
                        sort order: +
                        Map-reduce partition columns: _col0 (type: int)
                        Statistics: Num rows: 3 Data size: 12 Basic stats: COMPLETE Column stats: COMPLETE
            Execution mode: vectorized, llap
            LLAP IO: all inputs
        Reducer 2 
            Execution mode: llap
            Reduce Operator Tree:
              Merge Join Operator
                condition map:
                     Left Outer Join 0 to 1
                keys:
                  0 _col2 (type: int)
                  1 _col0 (type: int)
                outputColumnNames: _col0, _col1, _col2, _col4
                Statistics: Num rows: 19 Data size: 1848 Basic stats: COMPLETE Column stats: COMPLETE
                Reduce Output Operator
                  null sort order: 
                  sort order: 
                  Statistics: Num rows: 19 Data size: 1848 Basic stats: COMPLETE Column stats: COMPLETE
                  value expressions: _col0 (type: int), _col1 (type: string), _col2 (type: int), _col4 (type: boolean)
        Reducer 3 
            Execution mode: llap
            Reduce Operator Tree:
              Merge Join Operator
                condition map:
                     Inner Join 0 to 1
                keys:
                  0 
                  1 
                outputColumnNames: _col0, _col1, _col2, _col4, _col5, _col6
                Statistics: Num rows: 19 Data size: 2152 Basic stats: COMPLETE Column stats: COMPLETE
                Select Operator
                  expressions: _col0 (type: int), _col1 (type: string), _col2 (type: int), _col5 (type: bigint), _col6 (type: bigint), _col4 (type: boolean)
                  outputColumnNames: _col0, _col1, _col2, _col3, _col4, _col6
                  Statistics: Num rows: 19 Data size: 2152 Basic stats: COMPLETE Column stats: COMPLETE
                  Filter Operator
                    predicate: ((_col3 = 0L) or (_col6 is null and (_col4 >= _col3) and _col2 is not null)) (type: boolean)
                    Statistics: Num rows: 19 Data size: 2152 Basic stats: COMPLETE Column stats: COMPLETE
                    Select Operator
                      expressions: _col0 (type: int), _col1 (type: string), _col2 (type: int)
                      outputColumnNames: _col0, _col1, _col2
                      Statistics: Num rows: 19 Data size: 1824 Basic stats: COMPLETE Column stats: COMPLETE
                      File Output Operator
                        compressed: false
                        Statistics: Num rows: 19 Data size: 1824 Basic stats: COMPLETE Column stats: COMPLETE
                        table:
                            input format: org.apache.hadoop.mapred.SequenceFileInputFormat
                            output format: org.apache.hadoop.hive.ql.io.HiveSequenceFileOutputFormat
                            serde: org.apache.hadoop.hive.serde2.lazy.LazySimpleSerDe
        Reducer 5 
            Execution mode: vectorized, llap
            Reduce Operator Tree:
              Group By Operator
                keys: KEY._col0 (type: int)
                mode: mergepartial
                outputColumnNames: _col0
                Statistics: Num rows: 3 Data size: 12 Basic stats: COMPLETE Column stats: COMPLETE
                Select Operator
                  expressions: _col0 (type: int), true (type: boolean)
                  outputColumnNames: _col0, _col1
                  Statistics: Num rows: 3 Data size: 24 Basic stats: COMPLETE Column stats: COMPLETE
                  Reduce Output Operator
                    key expressions: _col0 (type: int)
                    null sort order: z
                    sort order: +
                    Map-reduce partition columns: _col0 (type: int)
                    Statistics: Num rows: 3 Data size: 24 Basic stats: COMPLETE Column stats: COMPLETE
                    value expressions: _col1 (type: boolean)
        Reducer 6 
            Execution mode: vectorized, llap
            Reduce Operator Tree:
              Group By Operator
                keys: KEY._col0 (type: int)
                mode: mergepartial
                outputColumnNames: _col0
                Statistics: Num rows: 3 Data size: 12 Basic stats: COMPLETE Column stats: COMPLETE
                Group By Operator
                  aggregations: count(), count(_col0)
                  minReductionHashAggr: 0.6666666
                  mode: hash
                  outputColumnNames: _col0, _col1
                  Statistics: Num rows: 1 Data size: 16 Basic stats: COMPLETE Column stats: COMPLETE
                  Reduce Output Operator
                    null sort order: 
                    sort order: 
                    Statistics: Num rows: 1 Data size: 16 Basic stats: COMPLETE Column stats: COMPLETE
                    value expressions: _col0 (type: bigint), _col1 (type: bigint)
        Reducer 7 
            Execution mode: vectorized, llap
            Reduce Operator Tree:
              Group By Operator
                aggregations: count(VALUE._col0), count(VALUE._col1)
                mode: mergepartial
                outputColumnNames: _col0, _col1
                Statistics: Num rows: 1 Data size: 16 Basic stats: COMPLETE Column stats: COMPLETE
                Reduce Output Operator
                  null sort order: 
                  sort order: 
                  Statistics: Num rows: 1 Data size: 16 Basic stats: COMPLETE Column stats: COMPLETE
                  value expressions: _col0 (type: bigint), _col1 (type: bigint)

  Stage: Stage-0
    Fetch Operator
      limit: -1
      Processor Tree:
        ListSink

Warning: Shuffle Join MERGEJOIN[38][tables = [$hdt$_0, $hdt$_1, $hdt$_2]] in Stage 'Reducer 3' is a cross product
PREHOOK: query: explain select * from t3
where age not in (select distinct(ages) ages from t5 )
PREHOOK: type: QUERY
PREHOOK: Input: default@t3
PREHOOK: Input: default@t5
PREHOOK: Output: hdfs://### HDFS PATH ###
POSTHOOK: query: explain select * from t3
where age not in (select distinct(ages) ages from t5 )
POSTHOOK: type: QUERY
POSTHOOK: Input: default@t3
POSTHOOK: Input: default@t5
POSTHOOK: Output: hdfs://### HDFS PATH ###
STAGE DEPENDENCIES:
  Stage-1 is a root stage
  Stage-0 depends on stages: Stage-1

STAGE PLANS:
  Stage: Stage-1
    Tez
#### A masked pattern was here ####
      Edges:
        Reducer 2 <- Map 1 (SIMPLE_EDGE), Reducer 5 (SIMPLE_EDGE)
        Reducer 3 <- Reducer 2 (XPROD_EDGE), Reducer 7 (XPROD_EDGE)
        Reducer 5 <- Map 4 (SIMPLE_EDGE)
        Reducer 6 <- Map 4 (SIMPLE_EDGE)
        Reducer 7 <- Reducer 6 (CUSTOM_SIMPLE_EDGE)
#### A masked pattern was here ####
      Vertices:
        Map 1 
            Map Operator Tree:
                TableScan
                  alias: t3
                  Statistics: Num rows: 14 Data size: 1344 Basic stats: COMPLETE Column stats: COMPLETE
                  Select Operator
                    expressions: id (type: int), name (type: string), age (type: int)
                    outputColumnNames: _col0, _col1, _col2
                    Statistics: Num rows: 14 Data size: 1344 Basic stats: COMPLETE Column stats: COMPLETE
                    Reduce Output Operator
                      key expressions: _col2 (type: int)
                      null sort order: z
                      sort order: +
                      Map-reduce partition columns: _col2 (type: int)
                      Statistics: Num rows: 14 Data size: 1344 Basic stats: COMPLETE Column stats: COMPLETE
                      value expressions: _col0 (type: int), _col1 (type: string)
            Execution mode: vectorized, llap
            LLAP IO: all inputs
        Map 4 
            Map Operator Tree:
                TableScan
                  alias: t5
                  Statistics: Num rows: 7 Data size: 28 Basic stats: COMPLETE Column stats: COMPLETE
                  Filter Operator
                    predicate: ages is not null (type: boolean)
                    Statistics: Num rows: 6 Data size: 24 Basic stats: COMPLETE Column stats: COMPLETE
                    Group By Operator
                      keys: ages (type: int)
                      minReductionHashAggr: 0.4
                      mode: hash
                      outputColumnNames: _col0
                      Statistics: Num rows: 3 Data size: 12 Basic stats: COMPLETE Column stats: COMPLETE
                      Reduce Output Operator
                        key expressions: _col0 (type: int)
                        null sort order: z
                        sort order: +
                        Map-reduce partition columns: _col0 (type: int)
                        Statistics: Num rows: 3 Data size: 12 Basic stats: COMPLETE Column stats: COMPLETE
                  Select Operator
                    expressions: ages (type: int)
                    outputColumnNames: ages
                    Statistics: Num rows: 7 Data size: 28 Basic stats: COMPLETE Column stats: COMPLETE
                    Group By Operator
                      keys: ages (type: int)
                      minReductionHashAggr: 0.57142854
                      mode: hash
                      outputColumnNames: _col0
                      Statistics: Num rows: 3 Data size: 12 Basic stats: COMPLETE Column stats: COMPLETE
                      Reduce Output Operator
                        key expressions: _col0 (type: int)
                        null sort order: z
                        sort order: +
                        Map-reduce partition columns: _col0 (type: int)
                        Statistics: Num rows: 3 Data size: 12 Basic stats: COMPLETE Column stats: COMPLETE
            Execution mode: vectorized, llap
            LLAP IO: all inputs
        Reducer 2 
            Execution mode: llap
            Reduce Operator Tree:
              Merge Join Operator
                condition map:
                     Left Outer Join 0 to 1
                keys:
                  0 _col2 (type: int)
                  1 _col0 (type: int)
                outputColumnNames: _col0, _col1, _col2, _col4
                Statistics: Num rows: 19 Data size: 1848 Basic stats: COMPLETE Column stats: COMPLETE
                Reduce Output Operator
                  null sort order: 
                  sort order: 
                  Statistics: Num rows: 19 Data size: 1848 Basic stats: COMPLETE Column stats: COMPLETE
                  value expressions: _col0 (type: int), _col1 (type: string), _col2 (type: int), _col4 (type: boolean)
        Reducer 3 
            Execution mode: llap
            Reduce Operator Tree:
              Merge Join Operator
                condition map:
                     Inner Join 0 to 1
                keys:
                  0 
                  1 
                outputColumnNames: _col0, _col1, _col2, _col4, _col5, _col6
                Statistics: Num rows: 19 Data size: 2152 Basic stats: COMPLETE Column stats: COMPLETE
                Select Operator
                  expressions: _col0 (type: int), _col1 (type: string), _col2 (type: int), _col5 (type: bigint), _col6 (type: bigint), _col4 (type: boolean)
                  outputColumnNames: _col0, _col1, _col2, _col3, _col4, _col6
                  Statistics: Num rows: 19 Data size: 2152 Basic stats: COMPLETE Column stats: COMPLETE
                  Filter Operator
                    predicate: ((_col3 = 0L) or (_col6 is null and (_col4 >= _col3) and _col2 is not null)) (type: boolean)
                    Statistics: Num rows: 19 Data size: 2152 Basic stats: COMPLETE Column stats: COMPLETE
                    Select Operator
                      expressions: _col0 (type: int), _col1 (type: string), _col2 (type: int)
                      outputColumnNames: _col0, _col1, _col2
                      Statistics: Num rows: 19 Data size: 1824 Basic stats: COMPLETE Column stats: COMPLETE
                      File Output Operator
                        compressed: false
                        Statistics: Num rows: 19 Data size: 1824 Basic stats: COMPLETE Column stats: COMPLETE
                        table:
                            input format: org.apache.hadoop.mapred.SequenceFileInputFormat
                            output format: org.apache.hadoop.hive.ql.io.HiveSequenceFileOutputFormat
                            serde: org.apache.hadoop.hive.serde2.lazy.LazySimpleSerDe
        Reducer 5 
            Execution mode: vectorized, llap
            Reduce Operator Tree:
              Group By Operator
                keys: KEY._col0 (type: int)
                mode: mergepartial
                outputColumnNames: _col0
                Statistics: Num rows: 3 Data size: 12 Basic stats: COMPLETE Column stats: COMPLETE
                Select Operator
                  expressions: _col0 (type: int), true (type: boolean)
                  outputColumnNames: _col0, _col1
                  Statistics: Num rows: 3 Data size: 24 Basic stats: COMPLETE Column stats: COMPLETE
                  Reduce Output Operator
                    key expressions: _col0 (type: int)
                    null sort order: z
                    sort order: +
                    Map-reduce partition columns: _col0 (type: int)
                    Statistics: Num rows: 3 Data size: 24 Basic stats: COMPLETE Column stats: COMPLETE
                    value expressions: _col1 (type: boolean)
        Reducer 6 
            Execution mode: vectorized, llap
            Reduce Operator Tree:
              Group By Operator
                keys: KEY._col0 (type: int)
                mode: mergepartial
                outputColumnNames: _col0
                Statistics: Num rows: 3 Data size: 12 Basic stats: COMPLETE Column stats: COMPLETE
                Group By Operator
                  aggregations: count(), count(_col0)
                  minReductionHashAggr: 0.6666666
                  mode: hash
                  outputColumnNames: _col0, _col1
                  Statistics: Num rows: 1 Data size: 16 Basic stats: COMPLETE Column stats: COMPLETE
                  Reduce Output Operator
                    null sort order: 
                    sort order: 
                    Statistics: Num rows: 1 Data size: 16 Basic stats: COMPLETE Column stats: COMPLETE
                    value expressions: _col0 (type: bigint), _col1 (type: bigint)
        Reducer 7 
            Execution mode: vectorized, llap
            Reduce Operator Tree:
              Group By Operator
                aggregations: count(VALUE._col0), count(VALUE._col1)
                mode: mergepartial
                outputColumnNames: _col0, _col1
                Statistics: Num rows: 1 Data size: 16 Basic stats: COMPLETE Column stats: COMPLETE
                Reduce Output Operator
                  null sort order: 
                  sort order: 
                  Statistics: Num rows: 1 Data size: 16 Basic stats: COMPLETE Column stats: COMPLETE
                  value expressions: _col0 (type: bigint), _col1 (type: bigint)

  Stage: Stage-0
    Fetch Operator
      limit: -1
      Processor Tree:
        ListSink

Warning: Shuffle Join MERGEJOIN[40][tables = [$hdt$_0, $hdt$_1, $hdt$_2]] in Stage 'Reducer 3' is a cross product
PREHOOK: query: explain select * from t3
        where age not in (select distinct(ages) ages from t5 where t5.ages is not null)
PREHOOK: type: QUERY
PREHOOK: Input: default@t3
PREHOOK: Input: default@t5
PREHOOK: Output: hdfs://### HDFS PATH ###
POSTHOOK: query: explain select * from t3
        where age not in (select distinct(ages) ages from t5 where t5.ages is not null)
POSTHOOK: type: QUERY
POSTHOOK: Input: default@t3
POSTHOOK: Input: default@t5
POSTHOOK: Output: hdfs://### HDFS PATH ###
STAGE DEPENDENCIES:
  Stage-1 is a root stage
  Stage-0 depends on stages: Stage-1

STAGE PLANS:
  Stage: Stage-1
    Tez
#### A masked pattern was here ####
      Edges:
        Reducer 2 <- Map 1 (SIMPLE_EDGE), Reducer 5 (SIMPLE_EDGE)
        Reducer 3 <- Reducer 2 (XPROD_EDGE), Reducer 6 (XPROD_EDGE)
        Reducer 5 <- Map 4 (SIMPLE_EDGE)
        Reducer 6 <- Reducer 5 (CUSTOM_SIMPLE_EDGE)
#### A masked pattern was here ####
      Vertices:
        Map 1 
            Map Operator Tree:
                TableScan
                  alias: t3
                  Statistics: Num rows: 14 Data size: 1344 Basic stats: COMPLETE Column stats: COMPLETE
                  Select Operator
                    expressions: id (type: int), name (type: string), age (type: int)
                    outputColumnNames: _col0, _col1, _col2
                    Statistics: Num rows: 14 Data size: 1344 Basic stats: COMPLETE Column stats: COMPLETE
                    Reduce Output Operator
                      key expressions: _col2 (type: int)
                      null sort order: z
                      sort order: +
                      Map-reduce partition columns: _col2 (type: int)
                      Statistics: Num rows: 14 Data size: 1344 Basic stats: COMPLETE Column stats: COMPLETE
                      value expressions: _col0 (type: int), _col1 (type: string)
            Execution mode: vectorized, llap
            LLAP IO: all inputs
        Map 4 
            Map Operator Tree:
                TableScan
                  alias: t5
                  filterExpr: ages is not null (type: boolean)
                  Statistics: Num rows: 7 Data size: 28 Basic stats: COMPLETE Column stats: COMPLETE
                  Filter Operator
                    predicate: ages is not null (type: boolean)
                    Statistics: Num rows: 6 Data size: 24 Basic stats: COMPLETE Column stats: COMPLETE
                    Group By Operator
                      keys: ages (type: int)
                      minReductionHashAggr: 0.4
                      mode: hash
                      outputColumnNames: _col0
                      Statistics: Num rows: 3 Data size: 12 Basic stats: COMPLETE Column stats: COMPLETE
                      Reduce Output Operator
                        key expressions: _col0 (type: int)
                        null sort order: z
                        sort order: +
                        Map-reduce partition columns: _col0 (type: int)
                        Statistics: Num rows: 3 Data size: 12 Basic stats: COMPLETE Column stats: COMPLETE
            Execution mode: vectorized, llap
            LLAP IO: all inputs
        Reducer 2 
            Execution mode: llap
            Reduce Operator Tree:
              Merge Join Operator
                condition map:
                     Left Outer Join 0 to 1
                keys:
                  0 _col2 (type: int)
                  1 _col0 (type: int)
                outputColumnNames: _col0, _col1, _col2, _col4
                Statistics: Num rows: 19 Data size: 1848 Basic stats: COMPLETE Column stats: COMPLETE
                Reduce Output Operator
                  null sort order: 
                  sort order: 
                  Statistics: Num rows: 19 Data size: 1848 Basic stats: COMPLETE Column stats: COMPLETE
                  value expressions: _col0 (type: int), _col1 (type: string), _col2 (type: int), _col4 (type: boolean)
        Reducer 3 
            Execution mode: llap
            Reduce Operator Tree:
              Merge Join Operator
                condition map:
                     Inner Join 0 to 1
                keys:
                  0 
                  1 
                outputColumnNames: _col0, _col1, _col2, _col4, _col5, _col6
                Statistics: Num rows: 19 Data size: 2152 Basic stats: COMPLETE Column stats: COMPLETE
                Select Operator
                  expressions: _col0 (type: int), _col1 (type: string), _col2 (type: int), _col5 (type: bigint), _col6 (type: bigint), _col4 (type: boolean)
                  outputColumnNames: _col0, _col1, _col2, _col3, _col4, _col6
                  Statistics: Num rows: 19 Data size: 2152 Basic stats: COMPLETE Column stats: COMPLETE
                  Filter Operator
                    predicate: ((_col3 = 0L) or (_col6 is null and (_col4 >= _col3) and _col2 is not null)) (type: boolean)
                    Statistics: Num rows: 19 Data size: 2152 Basic stats: COMPLETE Column stats: COMPLETE
                    Select Operator
                      expressions: _col0 (type: int), _col1 (type: string), _col2 (type: int)
                      outputColumnNames: _col0, _col1, _col2
                      Statistics: Num rows: 19 Data size: 1824 Basic stats: COMPLETE Column stats: COMPLETE
                      File Output Operator
                        compressed: false
                        Statistics: Num rows: 19 Data size: 1824 Basic stats: COMPLETE Column stats: COMPLETE
                        table:
                            input format: org.apache.hadoop.mapred.SequenceFileInputFormat
                            output format: org.apache.hadoop.hive.ql.io.HiveSequenceFileOutputFormat
                            serde: org.apache.hadoop.hive.serde2.lazy.LazySimpleSerDe
        Reducer 5 
            Execution mode: vectorized, llap
            Reduce Operator Tree:
              Group By Operator
                keys: KEY._col0 (type: int)
                mode: mergepartial
                outputColumnNames: _col0
                Statistics: Num rows: 3 Data size: 12 Basic stats: COMPLETE Column stats: COMPLETE
                Select Operator
                  expressions: _col0 (type: int), true (type: boolean)
                  outputColumnNames: _col0, _col1
                  Statistics: Num rows: 3 Data size: 24 Basic stats: COMPLETE Column stats: COMPLETE
                  Reduce Output Operator
                    key expressions: _col0 (type: int)
                    null sort order: z
                    sort order: +
                    Map-reduce partition columns: _col0 (type: int)
                    Statistics: Num rows: 3 Data size: 24 Basic stats: COMPLETE Column stats: COMPLETE
                    value expressions: _col1 (type: boolean)
                Group By Operator
                  aggregations: count(), count(_col0)
                  minReductionHashAggr: 0.6666666
                  mode: hash
                  outputColumnNames: _col0, _col1
                  Statistics: Num rows: 1 Data size: 16 Basic stats: COMPLETE Column stats: COMPLETE
                  Reduce Output Operator
                    null sort order: 
                    sort order: 
                    Statistics: Num rows: 1 Data size: 16 Basic stats: COMPLETE Column stats: COMPLETE
                    value expressions: _col0 (type: bigint), _col1 (type: bigint)
        Reducer 6 
            Execution mode: vectorized, llap
            Reduce Operator Tree:
              Group By Operator
                aggregations: count(VALUE._col0), count(VALUE._col1)
                mode: mergepartial
                outputColumnNames: _col0, _col1
                Statistics: Num rows: 1 Data size: 16 Basic stats: COMPLETE Column stats: COMPLETE
                Reduce Output Operator
                  null sort order: 
                  sort order: 
                  Statistics: Num rows: 1 Data size: 16 Basic stats: COMPLETE Column stats: COMPLETE
                  value expressions: _col0 (type: bigint), _col1 (type: bigint)

  Stage: Stage-0
    Fetch Operator
      limit: -1
      Processor Tree:
        ListSink

Warning: Shuffle Join MERGEJOIN[44][tables = [$hdt$_0, $hdt$_1, $hdt$_2]] in Stage 'Reducer 3' is a cross product
PREHOOK: query: select count(*) from t3
where age not in (select distinct(age)age from t3 t1 where t1.age > 10)
PREHOOK: type: QUERY
PREHOOK: Input: default@t3
PREHOOK: Output: hdfs://### HDFS PATH ###
POSTHOOK: query: select count(*) from t3
where age not in (select distinct(age)age from t3 t1 where t1.age > 10)
POSTHOOK: type: QUERY
POSTHOOK: Input: default@t3
POSTHOOK: Output: hdfs://### HDFS PATH ###
2
PREHOOK: query: explain select id, name, age
         from t3 b where b.age not in
         (select min(age)
          from (select id, age from t3) a
          where age < 10 and b.age = a.age)
          order by name
PREHOOK: type: QUERY
PREHOOK: Input: default@t3
PREHOOK: Output: hdfs://### HDFS PATH ###
POSTHOOK: query: explain select id, name, age
         from t3 b where b.age not in
         (select min(age)
          from (select id, age from t3) a
          where age < 10 and b.age = a.age)
          order by name
POSTHOOK: type: QUERY
POSTHOOK: Input: default@t3
POSTHOOK: Output: hdfs://### HDFS PATH ###
STAGE DEPENDENCIES:
  Stage-1 is a root stage
  Stage-0 depends on stages: Stage-1

STAGE PLANS:
  Stage: Stage-1
    Tez
#### A masked pattern was here ####
      Edges:
        Reducer 2 <- Map 1 (SIMPLE_EDGE), Reducer 6 (SIMPLE_EDGE)
        Reducer 3 <- Reducer 2 (SIMPLE_EDGE), Reducer 7 (SIMPLE_EDGE)
        Reducer 4 <- Reducer 3 (SIMPLE_EDGE), Reducer 8 (SIMPLE_EDGE)
        Reducer 5 <- Reducer 4 (SIMPLE_EDGE)
        Reducer 6 <- Map 1 (SIMPLE_EDGE)
        Reducer 7 <- Map 1 (SIMPLE_EDGE)
        Reducer 8 <- Map 1 (SIMPLE_EDGE)
#### A masked pattern was here ####
      Vertices:
        Map 1 
            Map Operator Tree:
                TableScan
                  alias: b
                  Statistics: Num rows: 14 Data size: 1344 Basic stats: COMPLETE Column stats: COMPLETE
                  Select Operator
                    expressions: id (type: int), name (type: string), age (type: int)
                    outputColumnNames: _col0, _col1, _col2
                    Statistics: Num rows: 14 Data size: 1344 Basic stats: COMPLETE Column stats: COMPLETE
                    Reduce Output Operator
                      key expressions: _col2 (type: int)
                      null sort order: z
                      sort order: +
                      Map-reduce partition columns: _col2 (type: int)
                      Statistics: Num rows: 14 Data size: 1344 Basic stats: COMPLETE Column stats: COMPLETE
                      value expressions: _col0 (type: int), _col1 (type: string)
                  Filter Operator
                    predicate: (age < 10) (type: boolean)
                    Statistics: Num rows: 2 Data size: 8 Basic stats: COMPLETE Column stats: COMPLETE
                    Group By Operator
                      keys: age (type: int)
                      minReductionHashAggr: 0.4
                      mode: hash
                      outputColumnNames: _col0
                      Statistics: Num rows: 2 Data size: 8 Basic stats: COMPLETE Column stats: COMPLETE
                      Reduce Output Operator
                        key expressions: _col0 (type: int)
                        null sort order: z
                        sort order: +
                        Map-reduce partition columns: _col0 (type: int)
                        Statistics: Num rows: 2 Data size: 8 Basic stats: COMPLETE Column stats: COMPLETE
                    Group By Operator
                      aggregations: min(age)
                      keys: age (type: int)
                      minReductionHashAggr: 0.4
                      mode: hash
                      outputColumnNames: _col0, _col1
                      Statistics: Num rows: 2 Data size: 16 Basic stats: COMPLETE Column stats: COMPLETE
                      Reduce Output Operator
                        key expressions: _col0 (type: int)
                        null sort order: z
                        sort order: +
                        Map-reduce partition columns: _col0 (type: int)
                        Statistics: Num rows: 2 Data size: 16 Basic stats: COMPLETE Column stats: COMPLETE
                        value expressions: _col1 (type: int)
                    Group By Operator
                      aggregations: min(age)
                      keys: age (type: int)
                      minReductionHashAggr: 0.4
                      mode: hash
                      outputColumnNames: _col0, _col1
                      Statistics: Num rows: 2 Data size: 16 Basic stats: COMPLETE Column stats: COMPLETE
                      Reduce Output Operator
                        key expressions: _col0 (type: int)
                        null sort order: z
                        sort order: +
                        Map-reduce partition columns: _col0 (type: int)
                        Statistics: Num rows: 2 Data size: 16 Basic stats: COMPLETE Column stats: COMPLETE
                        value expressions: _col1 (type: int)
            Execution mode: vectorized, llap
            LLAP IO: all inputs
        Reducer 2 
            Execution mode: llap
            Reduce Operator Tree:
              Merge Join Operator
                condition map:
                     Left Outer Join 0 to 1
                keys:
                  0 _col2 (type: int)
                  1 _col0 (type: int)
                outputColumnNames: _col0, _col1, _col2, _col4
                Statistics: Num rows: 17 Data size: 1664 Basic stats: COMPLETE Column stats: COMPLETE
                Filter Operator
                  predicate: if(_col4 is null, sq_count_check(0L, true), sq_count_check(_col4, true)) (type: boolean)
                  Statistics: Num rows: 8 Data size: 784 Basic stats: COMPLETE Column stats: COMPLETE
                  Select Operator
                    expressions: _col0 (type: int), _col1 (type: string), _col2 (type: int)
                    outputColumnNames: _col0, _col1, _col2
                    Statistics: Num rows: 8 Data size: 768 Basic stats: COMPLETE Column stats: COMPLETE
                    Reduce Output Operator
                      key expressions: _col2 (type: int)
                      null sort order: z
                      sort order: +
                      Map-reduce partition columns: _col2 (type: int)
                      Statistics: Num rows: 8 Data size: 768 Basic stats: COMPLETE Column stats: COMPLETE
                      value expressions: _col0 (type: int), _col1 (type: string)
        Reducer 3 
            Execution mode: llap
            Reduce Operator Tree:
              Merge Join Operator
                condition map:
                     Left Outer Join 0 to 1
                keys:
                  0 _col2 (type: int)
                  1 _col0 (type: int)
                outputColumnNames: _col0, _col1, _col2, _col4, _col5
                Statistics: Num rows: 8 Data size: 896 Basic stats: COMPLETE Column stats: COMPLETE
                Reduce Output Operator
                  key expressions: _col2 (type: int)
                  null sort order: z
                  sort order: +
                  Map-reduce partition columns: _col2 (type: int)
                  Statistics: Num rows: 8 Data size: 896 Basic stats: COMPLETE Column stats: COMPLETE
                  value expressions: _col0 (type: int), _col1 (type: string), _col4 (type: bigint), _col5 (type: bigint)
        Reducer 4 
            Execution mode: llap
            Reduce Operator Tree:
              Merge Join Operator
                condition map:
                     Left Outer Join 0 to 1
                keys:
                  0 _col2 (type: int)
                  1 _col1 (type: int)
                outputColumnNames: _col0, _col1, _col2, _col4, _col5, _col6
                Statistics: Num rows: 8 Data size: 916 Basic stats: COMPLETE Column stats: COMPLETE
                Filter Operator
                  predicate: (_col4 is null or (_col4 = 0L) or (_col6 is not null or _col2 is null or (_col5 < _col4)) is not true) (type: boolean)
                  Statistics: Num rows: 8 Data size: 916 Basic stats: COMPLETE Column stats: COMPLETE
                  Select Operator
                    expressions: _col0 (type: int), _col1 (type: string), _col2 (type: int)
                    outputColumnNames: _col0, _col1, _col2
                    Statistics: Num rows: 8 Data size: 768 Basic stats: COMPLETE Column stats: COMPLETE
                    Reduce Output Operator
                      key expressions: _col1 (type: string)
                      null sort order: z
                      sort order: +
                      Statistics: Num rows: 8 Data size: 768 Basic stats: COMPLETE Column stats: COMPLETE
                      value expressions: _col0 (type: int), _col2 (type: int)
        Reducer 5 
            Execution mode: vectorized, llap
            Reduce Operator Tree:
              Select Operator
                expressions: VALUE._col0 (type: int), KEY.reducesinkkey0 (type: string), VALUE._col1 (type: int)
                outputColumnNames: _col0, _col1, _col2
                Statistics: Num rows: 8 Data size: 768 Basic stats: COMPLETE Column stats: COMPLETE
                File Output Operator
                  compressed: false
                  Statistics: Num rows: 8 Data size: 768 Basic stats: COMPLETE Column stats: COMPLETE
                  table:
                      input format: org.apache.hadoop.mapred.SequenceFileInputFormat
                      output format: org.apache.hadoop.hive.ql.io.HiveSequenceFileOutputFormat
                      serde: org.apache.hadoop.hive.serde2.lazy.LazySimpleSerDe
        Reducer 6 
            Execution mode: vectorized, llap
            Reduce Operator Tree:
              Group By Operator
                keys: KEY._col0 (type: int)
                mode: mergepartial
                outputColumnNames: _col0
                Statistics: Num rows: 2 Data size: 8 Basic stats: COMPLETE Column stats: COMPLETE
                Group By Operator
                  aggregations: count()
                  keys: _col0 (type: int)
                  mode: complete
                  outputColumnNames: _col0, _col1
                  Statistics: Num rows: 2 Data size: 24 Basic stats: COMPLETE Column stats: COMPLETE
                  Reduce Output Operator
                    key expressions: _col0 (type: int)
                    null sort order: z
                    sort order: +
                    Map-reduce partition columns: _col0 (type: int)
                    Statistics: Num rows: 2 Data size: 24 Basic stats: COMPLETE Column stats: COMPLETE
                    value expressions: _col1 (type: bigint)
        Reducer 7 
            Execution mode: vectorized, llap
            Reduce Operator Tree:
              Group By Operator
                aggregations: min(VALUE._col0)
                keys: KEY._col0 (type: int)
                mode: mergepartial
                outputColumnNames: _col0, _col1
                Statistics: Num rows: 2 Data size: 16 Basic stats: COMPLETE Column stats: COMPLETE
                Group By Operator
                  aggregations: count(), count(_col1)
                  keys: _col0 (type: int)
                  mode: complete
                  outputColumnNames: _col0, _col1, _col2
                  Statistics: Num rows: 2 Data size: 40 Basic stats: COMPLETE Column stats: COMPLETE
                  Reduce Output Operator
                    key expressions: _col0 (type: int)
                    null sort order: z
                    sort order: +
                    Map-reduce partition columns: _col0 (type: int)
                    Statistics: Num rows: 2 Data size: 40 Basic stats: COMPLETE Column stats: COMPLETE
                    value expressions: _col1 (type: bigint), _col2 (type: bigint)
        Reducer 8 
            Execution mode: vectorized, llap
            Reduce Operator Tree:
              Group By Operator
                aggregations: min(VALUE._col0)
                keys: KEY._col0 (type: int)
                mode: mergepartial
                outputColumnNames: _col0, _col1
                Statistics: Num rows: 2 Data size: 16 Basic stats: COMPLETE Column stats: COMPLETE
                Filter Operator
                  predicate: (_col0 = _col1) (type: boolean)
                  Statistics: Num rows: 1 Data size: 8 Basic stats: COMPLETE Column stats: COMPLETE
                  Select Operator
                    expressions: true (type: boolean), _col0 (type: int)
                    outputColumnNames: _col0, _col1
                    Statistics: Num rows: 1 Data size: 8 Basic stats: COMPLETE Column stats: COMPLETE
                    Reduce Output Operator
                      key expressions: _col1 (type: int)
                      null sort order: z
                      sort order: +
                      Map-reduce partition columns: _col1 (type: int)
                      Statistics: Num rows: 1 Data size: 8 Basic stats: COMPLETE Column stats: COMPLETE
                      value expressions: _col0 (type: boolean)

  Stage: Stage-0
    Fetch Operator
      limit: -1
      Processor Tree:
        ListSink

