PREHOOK: query: create table emps_n6 (
  empid int,
  deptno int,
  name varchar(256),
  salary float,
  commission int)
stored as orc TBLPROPERTIES ('transactional'='true')
PREHOOK: type: CREATETABLE
PREHOOK: Output: database:default
PREHOOK: Output: default@emps_n6
POSTHOOK: query: create table emps_n6 (
  empid int,
  deptno int,
  name varchar(256),
  salary float,
  commission int)
stored as orc TBLPROPERTIES ('transactional'='true')
POSTHOOK: type: CREATETABLE
POSTHOOK: Output: database:default
POSTHOOK: Output: default@emps_n6
PREHOOK: query: insert into emps_n6 values (100, 10, 'Bill', 10000, 1000), (200, 20, 'Eric', 8000, 500),
  (150, 10, 'Sebastian', 7000, null), (110, 10, 'Theodore', 10000, 250), (110, 10, 'Bill', 10000, 250)
PREHOOK: type: QUERY
PREHOOK: Input: _dummy_database@_dummy_table
PREHOOK: Output: default@emps_n6
POSTHOOK: query: insert into emps_n6 values (100, 10, 'Bill', 10000, 1000), (200, 20, 'Eric', 8000, 500),
  (150, 10, 'Sebastian', 7000, null), (110, 10, 'Theodore', 10000, 250), (110, 10, 'Bill', 10000, 250)
POSTHOOK: type: QUERY
POSTHOOK: Input: _dummy_database@_dummy_table
POSTHOOK: Output: default@emps_n6
POSTHOOK: Lineage: emps_n6.commission SCRIPT []
POSTHOOK: Lineage: emps_n6.deptno SCRIPT []
POSTHOOK: Lineage: emps_n6.empid SCRIPT []
POSTHOOK: Lineage: emps_n6.name SCRIPT []
POSTHOOK: Lineage: emps_n6.salary SCRIPT []
PREHOOK: query: analyze table emps_n6 compute statistics for columns
PREHOOK: type: ANALYZE_TABLE
PREHOOK: Input: default@emps_n6
PREHOOK: Output: default@emps_n6
#### A masked pattern was here ####
POSTHOOK: query: analyze table emps_n6 compute statistics for columns
POSTHOOK: type: ANALYZE_TABLE
POSTHOOK: Input: default@emps_n6
POSTHOOK: Output: default@emps_n6
#### A masked pattern was here ####
PREHOOK: query: create table depts_n5 (
  deptno int,
  name varchar(256),
  locationid int)
stored as orc TBLPROPERTIES ('transactional'='true')
PREHOOK: type: CREATETABLE
PREHOOK: Output: database:default
PREHOOK: Output: default@depts_n5
POSTHOOK: query: create table depts_n5 (
  deptno int,
  name varchar(256),
  locationid int)
stored as orc TBLPROPERTIES ('transactional'='true')
POSTHOOK: type: CREATETABLE
POSTHOOK: Output: database:default
POSTHOOK: Output: default@depts_n5
PREHOOK: query: insert into depts_n5 values (10, 'Sales', 10), (30, 'Marketing', null), (20, 'HR', 20)
PREHOOK: type: QUERY
PREHOOK: Input: _dummy_database@_dummy_table
PREHOOK: Output: default@depts_n5
POSTHOOK: query: insert into depts_n5 values (10, 'Sales', 10), (30, 'Marketing', null), (20, 'HR', 20)
POSTHOOK: type: QUERY
POSTHOOK: Input: _dummy_database@_dummy_table
POSTHOOK: Output: default@depts_n5
POSTHOOK: Lineage: depts_n5.deptno SCRIPT []
POSTHOOK: Lineage: depts_n5.locationid SCRIPT []
POSTHOOK: Lineage: depts_n5.name SCRIPT []
PREHOOK: query: analyze table depts_n5 compute statistics for columns
PREHOOK: type: ANALYZE_TABLE
PREHOOK: Input: default@depts_n5
PREHOOK: Output: default@depts_n5
#### A masked pattern was here ####
POSTHOOK: query: analyze table depts_n5 compute statistics for columns
POSTHOOK: type: ANALYZE_TABLE
POSTHOOK: Input: default@depts_n5
POSTHOOK: Output: default@depts_n5
#### A masked pattern was here ####
PREHOOK: query: alter table emps_n6 add constraint pk1 primary key (empid) disable novalidate rely
PREHOOK: type: ALTERTABLE_ADDCONSTRAINT
PREHOOK: Input: default@emps_n6
PREHOOK: Output: default@emps_n6
POSTHOOK: query: alter table emps_n6 add constraint pk1 primary key (empid) disable novalidate rely
POSTHOOK: type: ALTERTABLE_ADDCONSTRAINT
POSTHOOK: Input: default@emps_n6
POSTHOOK: Output: default@emps_n6
PREHOOK: query: alter table depts_n5 add constraint pk2 primary key (deptno) disable novalidate rely
PREHOOK: type: ALTERTABLE_ADDCONSTRAINT
PREHOOK: Input: default@depts_n5
PREHOOK: Output: default@depts_n5
POSTHOOK: query: alter table depts_n5 add constraint pk2 primary key (deptno) disable novalidate rely
POSTHOOK: type: ALTERTABLE_ADDCONSTRAINT
POSTHOOK: Input: default@depts_n5
POSTHOOK: Output: default@depts_n5
PREHOOK: query: alter table emps_n6 add constraint fk1 foreign key (deptno) references depts_n5(deptno) disable novalidate rely
PREHOOK: type: ALTERTABLE_ADDCONSTRAINT
PREHOOK: Input: default@emps_n6
PREHOOK: Output: default@emps_n6
POSTHOOK: query: alter table emps_n6 add constraint fk1 foreign key (deptno) references depts_n5(deptno) disable novalidate rely
POSTHOOK: type: ALTERTABLE_ADDCONSTRAINT
POSTHOOK: Input: default@emps_n6
POSTHOOK: Output: default@emps_n6
PREHOOK: query: explain
select empid from emps_n6
join depts_n5 using (deptno) where depts_n5.deptno >= 20
group by empid, depts_n5.deptno
PREHOOK: type: QUERY
PREHOOK: Input: default@depts_n5
PREHOOK: Input: default@emps_n6
#### A masked pattern was here ####
POSTHOOK: query: explain
select empid from emps_n6
join depts_n5 using (deptno) where depts_n5.deptno >= 20
group by empid, depts_n5.deptno
POSTHOOK: type: QUERY
POSTHOOK: Input: default@depts_n5
POSTHOOK: Input: default@emps_n6
#### A masked pattern was here ####
STAGE DEPENDENCIES:
  Stage-1 is a root stage
  Stage-0 depends on stages: Stage-1

STAGE PLANS:
  Stage: Stage-1
    Tez
#### A masked pattern was here ####
      Edges:
        Reducer 2 <- Map 1 (SIMPLE_EDGE), Map 3 (SIMPLE_EDGE)
#### A masked pattern was here ####
      Vertices:
        Map 1 
            Map Operator Tree:
                TableScan
                  alias: emps_n6
                  filterExpr: (deptno >= 20) (type: boolean)
                  Statistics: Num rows: 5 Data size: 40 Basic stats: COMPLETE Column stats: COMPLETE
                  Filter Operator
                    predicate: (deptno >= 20) (type: boolean)
                    Statistics: Num rows: 1 Data size: 8 Basic stats: COMPLETE Column stats: COMPLETE
                    Select Operator
                      expressions: empid (type: int), deptno (type: int)
                      outputColumnNames: _col0, _col1
                      Statistics: Num rows: 1 Data size: 8 Basic stats: COMPLETE Column stats: COMPLETE
                      Reduce Output Operator
                        key expressions: _col1 (type: int)
                        null sort order: z
                        sort order: +
                        Map-reduce partition columns: _col1 (type: int)
                        Statistics: Num rows: 1 Data size: 8 Basic stats: COMPLETE Column stats: COMPLETE
                        value expressions: _col0 (type: int)
            Execution mode: vectorized, llap
            LLAP IO: may be used (ACID table)
        Map 3 
            Map Operator Tree:
                TableScan
                  alias: depts_n5
                  filterExpr: (deptno >= 20) (type: boolean)
                  Statistics: Num rows: 3 Data size: 12 Basic stats: COMPLETE Column stats: COMPLETE
                  Filter Operator
                    predicate: (deptno >= 20) (type: boolean)
                    Statistics: Num rows: 2 Data size: 8 Basic stats: COMPLETE Column stats: COMPLETE
                    Select Operator
                      expressions: deptno (type: int)
                      outputColumnNames: _col0
                      Statistics: Num rows: 2 Data size: 8 Basic stats: COMPLETE Column stats: COMPLETE
                      Reduce Output Operator
                        key expressions: _col0 (type: int)
                        null sort order: z
                        sort order: +
                        Map-reduce partition columns: _col0 (type: int)
                        Statistics: Num rows: 2 Data size: 8 Basic stats: COMPLETE Column stats: COMPLETE
            Execution mode: vectorized, llap
            LLAP IO: may be used (ACID table)
        Reducer 2 
            Execution mode: llap
            Reduce Operator Tree:
              Merge Join Operator
                condition map:
                     Inner Join 0 to 1
                keys:
                  0 _col1 (type: int)
                  1 _col0 (type: int)
                outputColumnNames: _col0
                Statistics: Num rows: 1 Data size: 4 Basic stats: COMPLETE Column stats: COMPLETE
                File Output Operator
                  compressed: false
                  Statistics: Num rows: 1 Data size: 4 Basic stats: COMPLETE Column stats: COMPLETE
                  table:
                      input format: org.apache.hadoop.mapred.SequenceFileInputFormat
                      output format: org.apache.hadoop.hive.ql.io.HiveSequenceFileOutputFormat
                      serde: org.apache.hadoop.hive.serde2.lazy.LazySimpleSerDe

  Stage: Stage-0
    Fetch Operator
      limit: -1
      Processor Tree:
        ListSink

PREHOOK: query: select empid from emps_n6
join depts_n5 using (deptno) where depts_n5.deptno >= 20
group by empid, depts_n5.deptno
PREHOOK: type: QUERY
PREHOOK: Input: default@depts_n5
PREHOOK: Input: default@emps_n6
#### A masked pattern was here ####
POSTHOOK: query: select empid from emps_n6
join depts_n5 using (deptno) where depts_n5.deptno >= 20
group by empid, depts_n5.deptno
POSTHOOK: type: QUERY
POSTHOOK: Input: default@depts_n5
POSTHOOK: Input: default@emps_n6
#### A masked pattern was here ####
200
