PREHOOK: query: create table t1 (v string, k int)
PREHOOK: type: CREATETABLE
PREHOOK: Output: database:default
PREHOOK: Output: default@t1
POSTHOOK: query: create table t1 (v string, k int)
POSTHOOK: type: CREATETABLE
POSTHOOK: Output: database:default
POSTHOOK: Output: default@t1
PREHOOK: query: insert into t1 values ('people', 10), ('strangers', 20), ('parents', 30)
PREHOOK: type: QUERY
PREHOOK: Input: _dummy_database@_dummy_table
PREHOOK: Output: default@t1
POSTHOOK: query: insert into t1 values ('people', 10), ('strangers', 20), ('parents', 30)
POSTHOOK: type: QUERY
POSTHOOK: Input: _dummy_database@_dummy_table
POSTHOOK: Output: default@t1
POSTHOOK: Lineage: t1.k SCRIPT []
POSTHOOK: Lineage: t1.v SCRIPT []
PREHOOK: query: create table t2 (v string, k double)
PREHOOK: type: CREATETABLE
PREHOOK: Output: database:default
PREHOOK: Output: default@t2
POSTHOOK: query: create table t2 (v string, k double)
POSTHOOK: type: CREATETABLE
POSTHOOK: Output: database:default
POSTHOOK: Output: default@t2
PREHOOK: query: insert into t2 values ('people', 10), ('strangers', 20), ('parents', 30)
PREHOOK: type: QUERY
PREHOOK: Input: _dummy_database@_dummy_table
PREHOOK: Output: default@t2
POSTHOOK: query: insert into t2 values ('people', 10), ('strangers', 20), ('parents', 30)
POSTHOOK: type: QUERY
POSTHOOK: Input: _dummy_database@_dummy_table
POSTHOOK: Output: default@t2
POSTHOOK: Lineage: t2.k SCRIPT []
POSTHOOK: Lineage: t2.v SCRIPT []
PREHOOK: query: explain
select * from t1 where t1.k in (select t2.k from t2 where t2.v='people') and t1.k<15
PREHOOK: type: QUERY
POSTHOOK: query: explain
select * from t1 where t1.k in (select t2.k from t2 where t2.v='people') and t1.k<15
POSTHOOK: type: QUERY
STAGE DEPENDENCIES:
  Stage-1 is a root stage
  Stage-0 depends on stages: Stage-1

STAGE PLANS:
  Stage: Stage-1
    Tez
#### A masked pattern was here ####
      Edges:
        Reducer 2 <- Map 1 (SIMPLE_EDGE), Map 3 (SIMPLE_EDGE)
#### A masked pattern was here ####
      Vertices:
        Map 1 
            Map Operator Tree:
                TableScan
                  alias: t1
                  Statistics: Num rows: 3 Data size: 285 Basic stats: COMPLETE Column stats: COMPLETE
                  Filter Operator
                    predicate: (k < 15) (type: boolean)
                    Statistics: Num rows: 1 Data size: 95 Basic stats: COMPLETE Column stats: COMPLETE
                    Select Operator
                      expressions: v (type: string), k (type: int)
                      outputColumnNames: _col0, _col1
                      Statistics: Num rows: 1 Data size: 95 Basic stats: COMPLETE Column stats: COMPLETE
                      Reduce Output Operator
                        key expressions: UDFToDouble(_col1) (type: double)
                        sort order: +
                        Map-reduce partition columns: UDFToDouble(_col1) (type: double)
                        Statistics: Num rows: 1 Data size: 95 Basic stats: COMPLETE Column stats: COMPLETE
                        value expressions: _col0 (type: string), _col1 (type: int)
            Execution mode: vectorized, llap
            LLAP IO: no inputs
        Map 3 
            Map Operator Tree:
                TableScan
                  alias: t2
                  Statistics: Num rows: 3 Data size: 297 Basic stats: COMPLETE Column stats: COMPLETE
                  Filter Operator
                    predicate: ((v = 'people') and k is not null) (type: boolean)
                    Statistics: Num rows: 1 Data size: 99 Basic stats: COMPLETE Column stats: COMPLETE
                    Select Operator
                      expressions: k (type: double)
                      outputColumnNames: _col0
                      Statistics: Num rows: 1 Data size: 8 Basic stats: COMPLETE Column stats: COMPLETE
                      Group By Operator
                        keys: _col0 (type: double)
                        mode: hash
                        outputColumnNames: _col0
                        Statistics: Num rows: 1 Data size: 8 Basic stats: COMPLETE Column stats: COMPLETE
                        Reduce Output Operator
                          key expressions: _col0 (type: double)
                          sort order: +
                          Map-reduce partition columns: _col0 (type: double)
                          Statistics: Num rows: 1 Data size: 8 Basic stats: COMPLETE Column stats: COMPLETE
            Execution mode: vectorized, llap
            LLAP IO: no inputs
        Reducer 2 
            Execution mode: llap
            Reduce Operator Tree:
              Merge Join Operator
                condition map:
                     Left Semi Join 0 to 1
                keys:
                  0 UDFToDouble(_col1) (type: double)
                  1 _col0 (type: double)
                outputColumnNames: _col0, _col1
                Statistics: Num rows: 1 Data size: 95 Basic stats: COMPLETE Column stats: COMPLETE
                File Output Operator
                  compressed: false
                  Statistics: Num rows: 1 Data size: 95 Basic stats: COMPLETE Column stats: COMPLETE
                  table:
                      input format: org.apache.hadoop.mapred.SequenceFileInputFormat
                      output format: org.apache.hadoop.hive.ql.io.HiveSequenceFileOutputFormat
                      serde: org.apache.hadoop.hive.serde2.lazy.LazySimpleSerDe

  Stage: Stage-0
    Fetch Operator
      limit: -1
      Processor Tree:
        ListSink

PREHOOK: query: select * from t1 where t1.k in (select t2.k from t2 where t2.v='people') and t1.k<15
PREHOOK: type: QUERY
PREHOOK: Input: default@t1
PREHOOK: Input: default@t2
#### A masked pattern was here ####
POSTHOOK: query: select * from t1 where t1.k in (select t2.k from t2 where t2.v='people') and t1.k<15
POSTHOOK: type: QUERY
POSTHOOK: Input: default@t1
POSTHOOK: Input: default@t2
#### A masked pattern was here ####
people	10
