PREHOOK: query: CREATE TABLE orc_pred(t tinyint,
           si smallint,
           i int,
           b bigint,
           f float,
           d double,
           bo boolean,
           s string,
           ts timestamp,
           `dec` decimal(4,2),
           bin binary)
STORED AS ORC
PREHOOK: type: CREATETABLE
PREHOOK: Output: database:default
PREHOOK: Output: default@orc_pred
POSTHOOK: query: CREATE TABLE orc_pred(t tinyint,
           si smallint,
           i int,
           b bigint,
           f float,
           d double,
           bo boolean,
           s string,
           ts timestamp,
           `dec` decimal(4,2),
           bin binary)
STORED AS ORC
POSTHOOK: type: CREATETABLE
POSTHOOK: Output: database:default
POSTHOOK: Output: default@orc_pred
PREHOOK: query: ALTER TABLE orc_pred SET SERDEPROPERTIES ('orc.row.index.stride' = '1000')
PREHOOK: type: ALTERTABLE_SERDEPROPERTIES
PREHOOK: Input: default@orc_pred
PREHOOK: Output: default@orc_pred
POSTHOOK: query: ALTER TABLE orc_pred SET SERDEPROPERTIES ('orc.row.index.stride' = '1000')
POSTHOOK: type: ALTERTABLE_SERDEPROPERTIES
POSTHOOK: Input: default@orc_pred
POSTHOOK: Output: default@orc_pred
PREHOOK: query: CREATE TABLE staging_n2(t tinyint,
           si smallint,
           i int,
           b bigint,
           f float,
           d double,
           bo boolean,
           s string,
           ts timestamp,
           `dec` decimal(4,2),
           bin binary)
ROW FORMAT DELIMITED FIELDS TERMINATED BY '|'
STORED AS TEXTFILE
PREHOOK: type: CREATETABLE
PREHOOK: Output: database:default
PREHOOK: Output: default@staging_n2
POSTHOOK: query: CREATE TABLE staging_n2(t tinyint,
           si smallint,
           i int,
           b bigint,
           f float,
           d double,
           bo boolean,
           s string,
           ts timestamp,
           `dec` decimal(4,2),
           bin binary)
ROW FORMAT DELIMITED FIELDS TERMINATED BY '|'
STORED AS TEXTFILE
POSTHOOK: type: CREATETABLE
POSTHOOK: Output: database:default
POSTHOOK: Output: default@staging_n2
PREHOOK: query: LOAD DATA LOCAL INPATH '../../data/files/over1k' OVERWRITE INTO TABLE staging_n2
PREHOOK: type: LOAD
#### A masked pattern was here ####
PREHOOK: Output: default@staging_n2
POSTHOOK: query: LOAD DATA LOCAL INPATH '../../data/files/over1k' OVERWRITE INTO TABLE staging_n2
POSTHOOK: type: LOAD
#### A masked pattern was here ####
POSTHOOK: Output: default@staging_n2
PREHOOK: query: INSERT INTO TABLE orc_pred select * from staging_n2
PREHOOK: type: QUERY
PREHOOK: Input: default@staging_n2
PREHOOK: Output: default@orc_pred
POSTHOOK: query: INSERT INTO TABLE orc_pred select * from staging_n2
POSTHOOK: type: QUERY
POSTHOOK: Input: default@staging_n2
POSTHOOK: Output: default@orc_pred
POSTHOOK: Lineage: orc_pred.b SIMPLE [(staging_n2)staging_n2.FieldSchema(name:b, type:bigint, comment:null), ]
POSTHOOK: Lineage: orc_pred.bin SIMPLE [(staging_n2)staging_n2.FieldSchema(name:bin, type:binary, comment:null), ]
POSTHOOK: Lineage: orc_pred.bo SIMPLE [(staging_n2)staging_n2.FieldSchema(name:bo, type:boolean, comment:null), ]
POSTHOOK: Lineage: orc_pred.d SIMPLE [(staging_n2)staging_n2.FieldSchema(name:d, type:double, comment:null), ]
POSTHOOK: Lineage: orc_pred.dec SIMPLE [(staging_n2)staging_n2.FieldSchema(name:dec, type:decimal(4,2), comment:null), ]
POSTHOOK: Lineage: orc_pred.f SIMPLE [(staging_n2)staging_n2.FieldSchema(name:f, type:float, comment:null), ]
POSTHOOK: Lineage: orc_pred.i SIMPLE [(staging_n2)staging_n2.FieldSchema(name:i, type:int, comment:null), ]
POSTHOOK: Lineage: orc_pred.s SIMPLE [(staging_n2)staging_n2.FieldSchema(name:s, type:string, comment:null), ]
POSTHOOK: Lineage: orc_pred.si SIMPLE [(staging_n2)staging_n2.FieldSchema(name:si, type:smallint, comment:null), ]
POSTHOOK: Lineage: orc_pred.t SIMPLE [(staging_n2)staging_n2.FieldSchema(name:t, type:tinyint, comment:null), ]
POSTHOOK: Lineage: orc_pred.ts SIMPLE [(staging_n2)staging_n2.FieldSchema(name:ts, type:timestamp, comment:null), ]
PREHOOK: query: SELECT SUM(HASH(t)) FROM orc_pred
PREHOOK: type: QUERY
PREHOOK: Input: default@orc_pred
#### A masked pattern was here ####
POSTHOOK: query: SELECT SUM(HASH(t)) FROM orc_pred
POSTHOOK: type: QUERY
POSTHOOK: Input: default@orc_pred
#### A masked pattern was here ####
62430
PREHOOK: query: SELECT SUM(HASH(t)) FROM orc_pred
PREHOOK: type: QUERY
PREHOOK: Input: default@orc_pred
#### A masked pattern was here ####
POSTHOOK: query: SELECT SUM(HASH(t)) FROM orc_pred
POSTHOOK: type: QUERY
POSTHOOK: Input: default@orc_pred
#### A masked pattern was here ####
62430
PREHOOK: query: EXPLAIN SELECT SUM(HASH(t)) FROM orc_pred
PREHOOK: type: QUERY
PREHOOK: Input: default@orc_pred
#### A masked pattern was here ####
POSTHOOK: query: EXPLAIN SELECT SUM(HASH(t)) FROM orc_pred
POSTHOOK: type: QUERY
POSTHOOK: Input: default@orc_pred
#### A masked pattern was here ####
STAGE DEPENDENCIES:
  Stage-1 is a root stage
  Stage-0 depends on stages: Stage-1

STAGE PLANS:
  Stage: Stage-1
    Tez
#### A masked pattern was here ####
      Edges:
        Reducer 2 <- Map 1 (CUSTOM_SIMPLE_EDGE)
#### A masked pattern was here ####
      Vertices:
        Map 1 
            Map Operator Tree:
                TableScan
                  alias: orc_pred
                  Statistics: Num rows: 1049 Data size: 4188 Basic stats: COMPLETE Column stats: COMPLETE
                  Select Operator
                    expressions: hash(t) (type: int)
                    outputColumnNames: _col0
                    Statistics: Num rows: 1049 Data size: 4188 Basic stats: COMPLETE Column stats: COMPLETE
                    Group By Operator
                      aggregations: sum(_col0)
                      mode: hash
                      outputColumnNames: _col0
                      Statistics: Num rows: 1 Data size: 8 Basic stats: COMPLETE Column stats: COMPLETE
                      Reduce Output Operator
                        sort order: 
                        Statistics: Num rows: 1 Data size: 8 Basic stats: COMPLETE Column stats: COMPLETE
                        value expressions: _col0 (type: bigint)
            Execution mode: llap
            LLAP IO: all inputs
        Reducer 2 
            Execution mode: llap
            Reduce Operator Tree:
              Group By Operator
                aggregations: sum(VALUE._col0)
                mode: mergepartial
                outputColumnNames: _col0
                Statistics: Num rows: 1 Data size: 8 Basic stats: COMPLETE Column stats: COMPLETE
                File Output Operator
                  compressed: false
                  Statistics: Num rows: 1 Data size: 8 Basic stats: COMPLETE Column stats: COMPLETE
                  table:
                      input format: org.apache.hadoop.mapred.SequenceFileInputFormat
                      output format: org.apache.hadoop.hive.ql.io.HiveSequenceFileOutputFormat
                      serde: org.apache.hadoop.hive.serde2.lazy.LazySimpleSerDe

  Stage: Stage-0
    Fetch Operator
      limit: -1
      Processor Tree:
        ListSink

PREHOOK: query: EXPLAIN SELECT SUM(HASH(t)) FROM orc_pred
PREHOOK: type: QUERY
PREHOOK: Input: default@orc_pred
#### A masked pattern was here ####
POSTHOOK: query: EXPLAIN SELECT SUM(HASH(t)) FROM orc_pred
POSTHOOK: type: QUERY
POSTHOOK: Input: default@orc_pred
#### A masked pattern was here ####
STAGE DEPENDENCIES:
  Stage-1 is a root stage
  Stage-0 depends on stages: Stage-1

STAGE PLANS:
  Stage: Stage-1
    Tez
#### A masked pattern was here ####
      Edges:
        Reducer 2 <- Map 1 (CUSTOM_SIMPLE_EDGE)
#### A masked pattern was here ####
      Vertices:
        Map 1 
            Map Operator Tree:
                TableScan
                  alias: orc_pred
                  Statistics: Num rows: 1049 Data size: 4188 Basic stats: COMPLETE Column stats: COMPLETE
                  Select Operator
                    expressions: hash(t) (type: int)
                    outputColumnNames: _col0
                    Statistics: Num rows: 1049 Data size: 4188 Basic stats: COMPLETE Column stats: COMPLETE
                    Group By Operator
                      aggregations: sum(_col0)
                      mode: hash
                      outputColumnNames: _col0
                      Statistics: Num rows: 1 Data size: 8 Basic stats: COMPLETE Column stats: COMPLETE
                      Reduce Output Operator
                        sort order: 
                        Statistics: Num rows: 1 Data size: 8 Basic stats: COMPLETE Column stats: COMPLETE
                        value expressions: _col0 (type: bigint)
            Execution mode: llap
            LLAP IO: all inputs
        Reducer 2 
            Execution mode: llap
            Reduce Operator Tree:
              Group By Operator
                aggregations: sum(VALUE._col0)
                mode: mergepartial
                outputColumnNames: _col0
                Statistics: Num rows: 1 Data size: 8 Basic stats: COMPLETE Column stats: COMPLETE
                File Output Operator
                  compressed: false
                  Statistics: Num rows: 1 Data size: 8 Basic stats: COMPLETE Column stats: COMPLETE
                  table:
                      input format: org.apache.hadoop.mapred.SequenceFileInputFormat
                      output format: org.apache.hadoop.hive.ql.io.HiveSequenceFileOutputFormat
                      serde: org.apache.hadoop.hive.serde2.lazy.LazySimpleSerDe

  Stage: Stage-0
    Fetch Operator
      limit: -1
      Processor Tree:
        ListSink

PREHOOK: query: SELECT * FROM orc_pred WHERE t<2 limit 1
PREHOOK: type: QUERY
PREHOOK: Input: default@orc_pred
#### A masked pattern was here ####
POSTHOOK: query: SELECT * FROM orc_pred WHERE t<2 limit 1
POSTHOOK: type: QUERY
POSTHOOK: Input: default@orc_pred
#### A masked pattern was here ####
-3	467	65575	4294967437	81.64	23.53	true	tom hernandez	2013-03-01 09:11:58.703188	32.85	study skills
PREHOOK: query: SELECT * FROM orc_pred WHERE t<2 limit 1
PREHOOK: type: QUERY
PREHOOK: Input: default@orc_pred
#### A masked pattern was here ####
POSTHOOK: query: SELECT * FROM orc_pred WHERE t<2 limit 1
POSTHOOK: type: QUERY
POSTHOOK: Input: default@orc_pred
#### A masked pattern was here ####
-3	467	65575	4294967437	81.64	23.53	true	tom hernandez	2013-03-01 09:11:58.703188	32.85	study skills
PREHOOK: query: SELECT * FROM orc_pred WHERE t>2 limit 1
PREHOOK: type: QUERY
PREHOOK: Input: default@orc_pred
#### A masked pattern was here ####
POSTHOOK: query: SELECT * FROM orc_pred WHERE t>2 limit 1
POSTHOOK: type: QUERY
POSTHOOK: Input: default@orc_pred
#### A masked pattern was here ####
124	336	65664	4294967435	74.72	42.47	true	bob davidson	2013-03-01 09:11:58.703302	45.40	yard duty
PREHOOK: query: SELECT * FROM orc_pred WHERE t>2 limit 1
PREHOOK: type: QUERY
PREHOOK: Input: default@orc_pred
#### A masked pattern was here ####
POSTHOOK: query: SELECT * FROM orc_pred WHERE t>2 limit 1
POSTHOOK: type: QUERY
POSTHOOK: Input: default@orc_pred
#### A masked pattern was here ####
124	336	65664	4294967435	74.72	42.47	true	bob davidson	2013-03-01 09:11:58.703302	45.40	yard duty
PREHOOK: query: SELECT SUM(HASH(t)) FROM orc_pred
  WHERE t IS NOT NULL
  AND t < 0
  AND t > -2
PREHOOK: type: QUERY
PREHOOK: Input: default@orc_pred
#### A masked pattern was here ####
POSTHOOK: query: SELECT SUM(HASH(t)) FROM orc_pred
  WHERE t IS NOT NULL
  AND t < 0
  AND t > -2
POSTHOOK: type: QUERY
POSTHOOK: Input: default@orc_pred
#### A masked pattern was here ####
-8
PREHOOK: query: SELECT SUM(HASH(t)) FROM orc_pred
  WHERE t IS NOT NULL
  AND t < 0
  AND t > -2
PREHOOK: type: QUERY
PREHOOK: Input: default@orc_pred
#### A masked pattern was here ####
POSTHOOK: query: SELECT SUM(HASH(t)) FROM orc_pred
  WHERE t IS NOT NULL
  AND t < 0
  AND t > -2
POSTHOOK: type: QUERY
POSTHOOK: Input: default@orc_pred
#### A masked pattern was here ####
-8
PREHOOK: query: EXPLAIN SELECT SUM(HASH(t)) FROM orc_pred
  WHERE t IS NOT NULL
  AND t < 0
  AND t > -2
PREHOOK: type: QUERY
PREHOOK: Input: default@orc_pred
#### A masked pattern was here ####
POSTHOOK: query: EXPLAIN SELECT SUM(HASH(t)) FROM orc_pred
  WHERE t IS NOT NULL
  AND t < 0
  AND t > -2
POSTHOOK: type: QUERY
POSTHOOK: Input: default@orc_pred
#### A masked pattern was here ####
STAGE DEPENDENCIES:
  Stage-1 is a root stage
  Stage-0 depends on stages: Stage-1

STAGE PLANS:
  Stage: Stage-1
    Tez
#### A masked pattern was here ####
      Edges:
        Reducer 2 <- Map 1 (CUSTOM_SIMPLE_EDGE)
#### A masked pattern was here ####
      Vertices:
        Map 1 
            Map Operator Tree:
                TableScan
                  alias: orc_pred
                  Statistics: Num rows: 1049 Data size: 4188 Basic stats: COMPLETE Column stats: COMPLETE
                  Filter Operator
                    predicate: ((UDFToInteger(t) > -2) and (t < 0Y)) (type: boolean)
                    Statistics: Num rows: 116 Data size: 464 Basic stats: COMPLETE Column stats: COMPLETE
                    Select Operator
                      expressions: hash(t) (type: int)
                      outputColumnNames: _col0
                      Statistics: Num rows: 116 Data size: 464 Basic stats: COMPLETE Column stats: COMPLETE
                      Group By Operator
                        aggregations: sum(_col0)
                        mode: hash
                        outputColumnNames: _col0
                        Statistics: Num rows: 1 Data size: 8 Basic stats: COMPLETE Column stats: COMPLETE
                        Reduce Output Operator
                          sort order: 
                          Statistics: Num rows: 1 Data size: 8 Basic stats: COMPLETE Column stats: COMPLETE
                          value expressions: _col0 (type: bigint)
            Execution mode: llap
            LLAP IO: all inputs
        Reducer 2 
            Execution mode: llap
            Reduce Operator Tree:
              Group By Operator
                aggregations: sum(VALUE._col0)
                mode: mergepartial
                outputColumnNames: _col0
                Statistics: Num rows: 1 Data size: 8 Basic stats: COMPLETE Column stats: COMPLETE
                File Output Operator
                  compressed: false
                  Statistics: Num rows: 1 Data size: 8 Basic stats: COMPLETE Column stats: COMPLETE
                  table:
                      input format: org.apache.hadoop.mapred.SequenceFileInputFormat
                      output format: org.apache.hadoop.hive.ql.io.HiveSequenceFileOutputFormat
                      serde: org.apache.hadoop.hive.serde2.lazy.LazySimpleSerDe

  Stage: Stage-0
    Fetch Operator
      limit: -1
      Processor Tree:
        ListSink

PREHOOK: query: EXPLAIN SELECT SUM(HASH(t)) FROM orc_pred
  WHERE t IS NOT NULL
  AND t < 0
  AND t > -2
PREHOOK: type: QUERY
PREHOOK: Input: default@orc_pred
#### A masked pattern was here ####
POSTHOOK: query: EXPLAIN SELECT SUM(HASH(t)) FROM orc_pred
  WHERE t IS NOT NULL
  AND t < 0
  AND t > -2
POSTHOOK: type: QUERY
POSTHOOK: Input: default@orc_pred
#### A masked pattern was here ####
STAGE DEPENDENCIES:
  Stage-1 is a root stage
  Stage-0 depends on stages: Stage-1

STAGE PLANS:
  Stage: Stage-1
    Tez
#### A masked pattern was here ####
      Edges:
        Reducer 2 <- Map 1 (CUSTOM_SIMPLE_EDGE)
#### A masked pattern was here ####
      Vertices:
        Map 1 
            Map Operator Tree:
                TableScan
                  alias: orc_pred
                  filterExpr: ((t < 0Y) and (UDFToInteger(t) > -2)) (type: boolean)
                  Statistics: Num rows: 1049 Data size: 4188 Basic stats: COMPLETE Column stats: COMPLETE
                  Filter Operator
                    predicate: ((UDFToInteger(t) > -2) and (t < 0Y)) (type: boolean)
                    Statistics: Num rows: 116 Data size: 464 Basic stats: COMPLETE Column stats: COMPLETE
                    Select Operator
                      expressions: hash(t) (type: int)
                      outputColumnNames: _col0
                      Statistics: Num rows: 116 Data size: 464 Basic stats: COMPLETE Column stats: COMPLETE
                      Group By Operator
                        aggregations: sum(_col0)
                        mode: hash
                        outputColumnNames: _col0
                        Statistics: Num rows: 1 Data size: 8 Basic stats: COMPLETE Column stats: COMPLETE
                        Reduce Output Operator
                          sort order: 
                          Statistics: Num rows: 1 Data size: 8 Basic stats: COMPLETE Column stats: COMPLETE
                          value expressions: _col0 (type: bigint)
            Execution mode: llap
            LLAP IO: all inputs
        Reducer 2 
            Execution mode: llap
            Reduce Operator Tree:
              Group By Operator
                aggregations: sum(VALUE._col0)
                mode: mergepartial
                outputColumnNames: _col0
                Statistics: Num rows: 1 Data size: 8 Basic stats: COMPLETE Column stats: COMPLETE
                File Output Operator
                  compressed: false
                  Statistics: Num rows: 1 Data size: 8 Basic stats: COMPLETE Column stats: COMPLETE
                  table:
                      input format: org.apache.hadoop.mapred.SequenceFileInputFormat
                      output format: org.apache.hadoop.hive.ql.io.HiveSequenceFileOutputFormat
                      serde: org.apache.hadoop.hive.serde2.lazy.LazySimpleSerDe

  Stage: Stage-0
    Fetch Operator
      limit: -1
      Processor Tree:
        ListSink

PREHOOK: query: SELECT t, s FROM orc_pred
  WHERE t <=> -1
  AND s IS NOT NULL
  AND s LIKE 'bob%'
PREHOOK: type: QUERY
PREHOOK: Input: default@orc_pred
#### A masked pattern was here ####
POSTHOOK: query: SELECT t, s FROM orc_pred
  WHERE t <=> -1
  AND s IS NOT NULL
  AND s LIKE 'bob%'
POSTHOOK: type: QUERY
POSTHOOK: Input: default@orc_pred
#### A masked pattern was here ####
-1	bob laertes
-1	bob young
PREHOOK: query: SELECT t, s FROM orc_pred
  WHERE t <=> -1
  AND s IS NOT NULL
  AND s LIKE 'bob%'
PREHOOK: type: QUERY
PREHOOK: Input: default@orc_pred
#### A masked pattern was here ####
POSTHOOK: query: SELECT t, s FROM orc_pred
  WHERE t <=> -1
  AND s IS NOT NULL
  AND s LIKE 'bob%'
POSTHOOK: type: QUERY
POSTHOOK: Input: default@orc_pred
#### A masked pattern was here ####
-1	bob laertes
-1	bob young
PREHOOK: query: EXPLAIN SELECT t, s FROM orc_pred
  WHERE t <=> -1
  AND s IS NOT NULL
  AND s LIKE 'bob%'
PREHOOK: type: QUERY
PREHOOK: Input: default@orc_pred
#### A masked pattern was here ####
POSTHOOK: query: EXPLAIN SELECT t, s FROM orc_pred
  WHERE t <=> -1
  AND s IS NOT NULL
  AND s LIKE 'bob%'
POSTHOOK: type: QUERY
POSTHOOK: Input: default@orc_pred
#### A masked pattern was here ####
STAGE DEPENDENCIES:
  Stage-0 is a root stage

STAGE PLANS:
  Stage: Stage-0
    Fetch Operator
      limit: -1
      Processor Tree:
        TableScan
          alias: orc_pred
          Filter Operator
            predicate: ((s like 'bob%') and (t = -1) and s is not null) (type: boolean)
            Select Operator
              expressions: -1Y (type: tinyint), s (type: string)
              outputColumnNames: _col0, _col1
              ListSink

PREHOOK: query: EXPLAIN SELECT t, s FROM orc_pred
  WHERE t <=> -1
  AND s IS NOT NULL
  AND s LIKE 'bob%'
PREHOOK: type: QUERY
PREHOOK: Input: default@orc_pred
#### A masked pattern was here ####
POSTHOOK: query: EXPLAIN SELECT t, s FROM orc_pred
  WHERE t <=> -1
  AND s IS NOT NULL
  AND s LIKE 'bob%'
POSTHOOK: type: QUERY
POSTHOOK: Input: default@orc_pred
#### A masked pattern was here ####
STAGE DEPENDENCIES:
  Stage-0 is a root stage

STAGE PLANS:
  Stage: Stage-0
    Fetch Operator
      limit: -1
      Processor Tree:
        TableScan
          alias: orc_pred
          filterExpr: ((t = -1) and s is not null and (s like 'bob%')) (type: boolean)
          Filter Operator
            predicate: ((s like 'bob%') and (t = -1) and s is not null) (type: boolean)
            Select Operator
              expressions: -1Y (type: tinyint), s (type: string)
              outputColumnNames: _col0, _col1
              ListSink

PREHOOK: query: SELECT t, s FROM orc_pred
  WHERE s IS NOT NULL
  AND s LIKE 'bob%'
  AND t NOT IN (-1,-2,-3)
  AND t BETWEEN 25 AND 30
  SORT BY t,s
PREHOOK: type: QUERY
PREHOOK: Input: default@orc_pred
#### A masked pattern was here ####
POSTHOOK: query: SELECT t, s FROM orc_pred
  WHERE s IS NOT NULL
  AND s LIKE 'bob%'
  AND t NOT IN (-1,-2,-3)
  AND t BETWEEN 25 AND 30
  SORT BY t,s
POSTHOOK: type: QUERY
POSTHOOK: Input: default@orc_pred
#### A masked pattern was here ####
26	bob ovid
26	bob quirinius
27	bob ovid
PREHOOK: query: SELECT t, s FROM orc_pred
  WHERE s IS NOT NULL
  AND s LIKE 'bob%'
  AND t NOT IN (-1,-2,-3)
  AND t BETWEEN 25 AND 30
  SORT BY t,s
PREHOOK: type: QUERY
PREHOOK: Input: default@orc_pred
#### A masked pattern was here ####
POSTHOOK: query: SELECT t, s FROM orc_pred
  WHERE s IS NOT NULL
  AND s LIKE 'bob%'
  AND t NOT IN (-1,-2,-3)
  AND t BETWEEN 25 AND 30
  SORT BY t,s
POSTHOOK: type: QUERY
POSTHOOK: Input: default@orc_pred
#### A masked pattern was here ####
26	bob ovid
26	bob quirinius
27	bob ovid
PREHOOK: query: EXPLAIN SELECT t, s FROM orc_pred
  WHERE s IS NOT NULL
  AND s LIKE 'bob%'
  AND t NOT IN (-1,-2,-3)
  AND t BETWEEN 25 AND 30
  SORT BY t,s
PREHOOK: type: QUERY
PREHOOK: Input: default@orc_pred
#### A masked pattern was here ####
POSTHOOK: query: EXPLAIN SELECT t, s FROM orc_pred
  WHERE s IS NOT NULL
  AND s LIKE 'bob%'
  AND t NOT IN (-1,-2,-3)
  AND t BETWEEN 25 AND 30
  SORT BY t,s
POSTHOOK: type: QUERY
POSTHOOK: Input: default@orc_pred
#### A masked pattern was here ####
STAGE DEPENDENCIES:
  Stage-1 is a root stage
  Stage-0 depends on stages: Stage-1

STAGE PLANS:
  Stage: Stage-1
    Tez
#### A masked pattern was here ####
      Edges:
        Reducer 2 <- Map 1 (SIMPLE_EDGE)
#### A masked pattern was here ####
      Vertices:
        Map 1 
            Map Operator Tree:
                TableScan
                  alias: orc_pred
                  Statistics: Num rows: 1049 Data size: 105941 Basic stats: COMPLETE Column stats: COMPLETE
                  Filter Operator
                    predicate: ((s like 'bob%') and (t <> -1) and (t <> -2) and (t <> -3) and s is not null and t BETWEEN 25 AND 30) (type: boolean)
                    Statistics: Num rows: 25 Data size: 2525 Basic stats: COMPLETE Column stats: COMPLETE
                    Select Operator
                      expressions: t (type: tinyint), s (type: string)
                      outputColumnNames: _col0, _col1
                      Statistics: Num rows: 25 Data size: 2525 Basic stats: COMPLETE Column stats: COMPLETE
                      Reduce Output Operator
                        key expressions: _col0 (type: tinyint), _col1 (type: string)
                        sort order: ++
                        Statistics: Num rows: 25 Data size: 2525 Basic stats: COMPLETE Column stats: COMPLETE
            Execution mode: llap
            LLAP IO: all inputs
        Reducer 2 
            Execution mode: llap
            Reduce Operator Tree:
              Select Operator
                expressions: KEY.reducesinkkey0 (type: tinyint), KEY.reducesinkkey1 (type: string)
                outputColumnNames: _col0, _col1
                Statistics: Num rows: 25 Data size: 2525 Basic stats: COMPLETE Column stats: COMPLETE
                File Output Operator
                  compressed: false
                  Statistics: Num rows: 25 Data size: 2525 Basic stats: COMPLETE Column stats: COMPLETE
                  table:
                      input format: org.apache.hadoop.mapred.SequenceFileInputFormat
                      output format: org.apache.hadoop.hive.ql.io.HiveSequenceFileOutputFormat
                      serde: org.apache.hadoop.hive.serde2.lazy.LazySimpleSerDe

  Stage: Stage-0
    Fetch Operator
      limit: -1
      Processor Tree:
        ListSink

PREHOOK: query: EXPLAIN SELECT t, s FROM orc_pred
  WHERE s IS NOT NULL
  AND s LIKE 'bob%'
  AND t NOT IN (-1,-2,-3)
  AND t BETWEEN 25 AND 30
  SORT BY t,s
PREHOOK: type: QUERY
PREHOOK: Input: default@orc_pred
#### A masked pattern was here ####
POSTHOOK: query: EXPLAIN SELECT t, s FROM orc_pred
  WHERE s IS NOT NULL
  AND s LIKE 'bob%'
  AND t NOT IN (-1,-2,-3)
  AND t BETWEEN 25 AND 30
  SORT BY t,s
POSTHOOK: type: QUERY
POSTHOOK: Input: default@orc_pred
#### A masked pattern was here ####
STAGE DEPENDENCIES:
  Stage-1 is a root stage
  Stage-0 depends on stages: Stage-1

STAGE PLANS:
  Stage: Stage-1
    Tez
#### A masked pattern was here ####
      Edges:
        Reducer 2 <- Map 1 (SIMPLE_EDGE)
#### A masked pattern was here ####
      Vertices:
        Map 1 
            Map Operator Tree:
                TableScan
                  alias: orc_pred
                  filterExpr: (s is not null and (s like 'bob%') and (t <> -1) and (t <> -2) and (t <> -3) and t BETWEEN 25 AND 30) (type: boolean)
                  Statistics: Num rows: 1049 Data size: 105941 Basic stats: COMPLETE Column stats: COMPLETE
                  Filter Operator
                    predicate: ((s like 'bob%') and (t <> -1) and (t <> -2) and (t <> -3) and s is not null and t BETWEEN 25 AND 30) (type: boolean)
                    Statistics: Num rows: 25 Data size: 2525 Basic stats: COMPLETE Column stats: COMPLETE
                    Select Operator
                      expressions: t (type: tinyint), s (type: string)
                      outputColumnNames: _col0, _col1
                      Statistics: Num rows: 25 Data size: 2525 Basic stats: COMPLETE Column stats: COMPLETE
                      Reduce Output Operator
                        key expressions: _col0 (type: tinyint), _col1 (type: string)
                        sort order: ++
                        Statistics: Num rows: 25 Data size: 2525 Basic stats: COMPLETE Column stats: COMPLETE
            Execution mode: llap
            LLAP IO: all inputs
        Reducer 2 
            Execution mode: llap
            Reduce Operator Tree:
              Select Operator
                expressions: KEY.reducesinkkey0 (type: tinyint), KEY.reducesinkkey1 (type: string)
                outputColumnNames: _col0, _col1
                Statistics: Num rows: 25 Data size: 2525 Basic stats: COMPLETE Column stats: COMPLETE
                File Output Operator
                  compressed: false
                  Statistics: Num rows: 25 Data size: 2525 Basic stats: COMPLETE Column stats: COMPLETE
                  table:
                      input format: org.apache.hadoop.mapred.SequenceFileInputFormat
                      output format: org.apache.hadoop.hive.ql.io.HiveSequenceFileOutputFormat
                      serde: org.apache.hadoop.hive.serde2.lazy.LazySimpleSerDe

  Stage: Stage-0
    Fetch Operator
      limit: -1
      Processor Tree:
        ListSink

PREHOOK: query: SELECT t, si, d, s FROM orc_pred
  WHERE d >= ROUND(9.99)
  AND d < 12
  AND t IS NOT NULL
  AND s LIKE '%son'
  AND s NOT LIKE '%car%'
  AND t > 0
  AND si BETWEEN 300 AND 400
  ORDER BY s DESC
  LIMIT 3
PREHOOK: type: QUERY
PREHOOK: Input: default@orc_pred
#### A masked pattern was here ####
POSTHOOK: query: SELECT t, si, d, s FROM orc_pred
  WHERE d >= ROUND(9.99)
  AND d < 12
  AND t IS NOT NULL
  AND s LIKE '%son'
  AND s NOT LIKE '%car%'
  AND t > 0
  AND si BETWEEN 300 AND 400
  ORDER BY s DESC
  LIMIT 3
POSTHOOK: type: QUERY
POSTHOOK: Input: default@orc_pred
#### A masked pattern was here ####
101	327	11.48	gabriella ellison
15	334	11.12	jessica robinson
7	320	11.54	bob ellison
PREHOOK: query: SELECT t, si, d, s FROM orc_pred
  WHERE d >= ROUND(9.99)
  AND d < 12
  AND t IS NOT NULL
  AND s LIKE '%son'
  AND s NOT LIKE '%car%'
  AND t > 0
  AND si BETWEEN 300 AND 400
  ORDER BY s DESC
  LIMIT 3
PREHOOK: type: QUERY
PREHOOK: Input: default@orc_pred
#### A masked pattern was here ####
POSTHOOK: query: SELECT t, si, d, s FROM orc_pred
  WHERE d >= ROUND(9.99)
  AND d < 12
  AND t IS NOT NULL
  AND s LIKE '%son'
  AND s NOT LIKE '%car%'
  AND t > 0
  AND si BETWEEN 300 AND 400
  ORDER BY s DESC
  LIMIT 3
POSTHOOK: type: QUERY
POSTHOOK: Input: default@orc_pred
#### A masked pattern was here ####
101	327	11.48	gabriella ellison
15	334	11.12	jessica robinson
7	320	11.54	bob ellison
PREHOOK: query: EXPLAIN SELECT t, si, d, s FROM orc_pred
  WHERE d >= ROUND(9.99)
  AND d < 12
  AND t IS NOT NULL
  AND s LIKE '%son'
  AND s NOT LIKE '%car%'
  AND t > 0
  AND si BETWEEN 300 AND 400
  ORDER BY s DESC
  LIMIT 3
PREHOOK: type: QUERY
PREHOOK: Input: default@orc_pred
#### A masked pattern was here ####
POSTHOOK: query: EXPLAIN SELECT t, si, d, s FROM orc_pred
  WHERE d >= ROUND(9.99)
  AND d < 12
  AND t IS NOT NULL
  AND s LIKE '%son'
  AND s NOT LIKE '%car%'
  AND t > 0
  AND si BETWEEN 300 AND 400
  ORDER BY s DESC
  LIMIT 3
POSTHOOK: type: QUERY
POSTHOOK: Input: default@orc_pred
#### A masked pattern was here ####
STAGE DEPENDENCIES:
  Stage-1 is a root stage
  Stage-0 depends on stages: Stage-1

STAGE PLANS:
  Stage: Stage-1
    Tez
#### A masked pattern was here ####
      Edges:
        Reducer 2 <- Map 1 (SIMPLE_EDGE)
#### A masked pattern was here ####
      Vertices:
        Map 1 
            Map Operator Tree:
                TableScan
                  alias: orc_pred
                  Statistics: Num rows: 1049 Data size: 118521 Basic stats: COMPLETE Column stats: COMPLETE
                  Filter Operator
                    predicate: ((d < 12.0D) and (d >= 10.0D) and (not (s like '%car%')) and (s like '%son') and (t > 0Y) and UDFToInteger(si) BETWEEN 300 AND 400) (type: boolean)
                    Statistics: Num rows: 5 Data size: 565 Basic stats: COMPLETE Column stats: COMPLETE
                    Select Operator
                      expressions: t (type: tinyint), si (type: smallint), d (type: double), s (type: string)
                      outputColumnNames: _col0, _col1, _col2, _col3
                      Statistics: Num rows: 5 Data size: 565 Basic stats: COMPLETE Column stats: COMPLETE
                      Reduce Output Operator
                        key expressions: _col3 (type: string)
                        sort order: -
                        Statistics: Num rows: 5 Data size: 565 Basic stats: COMPLETE Column stats: COMPLETE
                        TopN Hash Memory Usage: 0.1
                        value expressions: _col0 (type: tinyint), _col1 (type: smallint), _col2 (type: double)
            Execution mode: llap
            LLAP IO: all inputs
        Reducer 2 
            Execution mode: llap
            Reduce Operator Tree:
              Select Operator
                expressions: VALUE._col0 (type: tinyint), VALUE._col1 (type: smallint), VALUE._col2 (type: double), KEY.reducesinkkey0 (type: string)
                outputColumnNames: _col0, _col1, _col2, _col3
                Statistics: Num rows: 5 Data size: 565 Basic stats: COMPLETE Column stats: COMPLETE
                Limit
                  Number of rows: 3
                  Statistics: Num rows: 3 Data size: 339 Basic stats: COMPLETE Column stats: COMPLETE
                  File Output Operator
                    compressed: false
                    Statistics: Num rows: 3 Data size: 339 Basic stats: COMPLETE Column stats: COMPLETE
                    table:
                        input format: org.apache.hadoop.mapred.SequenceFileInputFormat
                        output format: org.apache.hadoop.hive.ql.io.HiveSequenceFileOutputFormat
                        serde: org.apache.hadoop.hive.serde2.lazy.LazySimpleSerDe

  Stage: Stage-0
    Fetch Operator
      limit: 3
      Processor Tree:
        ListSink

PREHOOK: query: EXPLAIN SELECT t, si, d, s FROM orc_pred
  WHERE d >= ROUND(9.99)
  AND d < 12
  AND t IS NOT NULL
  AND s LIKE '%son'
  AND s NOT LIKE '%car%'
  AND t > 0
  AND si BETWEEN 300 AND 400
  ORDER BY s DESC
  LIMIT 3
PREHOOK: type: QUERY
PREHOOK: Input: default@orc_pred
#### A masked pattern was here ####
POSTHOOK: query: EXPLAIN SELECT t, si, d, s FROM orc_pred
  WHERE d >= ROUND(9.99)
  AND d < 12
  AND t IS NOT NULL
  AND s LIKE '%son'
  AND s NOT LIKE '%car%'
  AND t > 0
  AND si BETWEEN 300 AND 400
  ORDER BY s DESC
  LIMIT 3
POSTHOOK: type: QUERY
POSTHOOK: Input: default@orc_pred
#### A masked pattern was here ####
STAGE DEPENDENCIES:
  Stage-1 is a root stage
  Stage-0 depends on stages: Stage-1

STAGE PLANS:
  Stage: Stage-1
    Tez
#### A masked pattern was here ####
      Edges:
        Reducer 2 <- Map 1 (SIMPLE_EDGE)
#### A masked pattern was here ####
      Vertices:
        Map 1 
            Map Operator Tree:
                TableScan
                  alias: orc_pred
                  filterExpr: ((d >= 10.0D) and (d < 12.0D) and (s like '%son') and (t > 0Y) and UDFToInteger(si) BETWEEN 300 AND 400 and (not (s like '%car%'))) (type: boolean)
                  Statistics: Num rows: 1049 Data size: 118521 Basic stats: COMPLETE Column stats: COMPLETE
                  Filter Operator
                    predicate: ((d < 12.0D) and (d >= 10.0D) and (not (s like '%car%')) and (s like '%son') and (t > 0Y) and UDFToInteger(si) BETWEEN 300 AND 400) (type: boolean)
                    Statistics: Num rows: 5 Data size: 565 Basic stats: COMPLETE Column stats: COMPLETE
                    Select Operator
                      expressions: t (type: tinyint), si (type: smallint), d (type: double), s (type: string)
                      outputColumnNames: _col0, _col1, _col2, _col3
                      Statistics: Num rows: 5 Data size: 565 Basic stats: COMPLETE Column stats: COMPLETE
                      Reduce Output Operator
                        key expressions: _col3 (type: string)
                        sort order: -
                        Statistics: Num rows: 5 Data size: 565 Basic stats: COMPLETE Column stats: COMPLETE
                        TopN Hash Memory Usage: 0.1
                        value expressions: _col0 (type: tinyint), _col1 (type: smallint), _col2 (type: double)
            Execution mode: llap
            LLAP IO: all inputs
        Reducer 2 
            Execution mode: llap
            Reduce Operator Tree:
              Select Operator
                expressions: VALUE._col0 (type: tinyint), VALUE._col1 (type: smallint), VALUE._col2 (type: double), KEY.reducesinkkey0 (type: string)
                outputColumnNames: _col0, _col1, _col2, _col3
                Statistics: Num rows: 5 Data size: 565 Basic stats: COMPLETE Column stats: COMPLETE
                Limit
                  Number of rows: 3
                  Statistics: Num rows: 3 Data size: 339 Basic stats: COMPLETE Column stats: COMPLETE
                  File Output Operator
                    compressed: false
                    Statistics: Num rows: 3 Data size: 339 Basic stats: COMPLETE Column stats: COMPLETE
                    table:
                        input format: org.apache.hadoop.mapred.SequenceFileInputFormat
                        output format: org.apache.hadoop.hive.ql.io.HiveSequenceFileOutputFormat
                        serde: org.apache.hadoop.hive.serde2.lazy.LazySimpleSerDe

  Stage: Stage-0
    Fetch Operator
      limit: 3
      Processor Tree:
        ListSink

PREHOOK: query: SELECT t, si, d, s FROM orc_pred
  WHERE t > 10
  AND t <> 101
  AND d >= ROUND(9.99)
  AND d < 12
  AND t IS NOT NULL
  AND s LIKE '%son'
  AND s NOT LIKE '%car%'
  AND t > 0
  AND si BETWEEN 300 AND 400
  SORT BY s DESC
  LIMIT 3
PREHOOK: type: QUERY
PREHOOK: Input: default@orc_pred
#### A masked pattern was here ####
POSTHOOK: query: SELECT t, si, d, s FROM orc_pred
  WHERE t > 10
  AND t <> 101
  AND d >= ROUND(9.99)
  AND d < 12
  AND t IS NOT NULL
  AND s LIKE '%son'
  AND s NOT LIKE '%car%'
  AND t > 0
  AND si BETWEEN 300 AND 400
  SORT BY s DESC
  LIMIT 3
POSTHOOK: type: QUERY
POSTHOOK: Input: default@orc_pred
#### A masked pattern was here ####
15	334	11.12	jessica robinson
PREHOOK: query: SELECT t, si, d, s FROM orc_pred
  WHERE t > 10
  AND t <> 101
  AND d >= ROUND(9.99)
  AND d < 12
  AND t IS NOT NULL
  AND s LIKE '%son'
  AND s NOT LIKE '%car%'
  AND t > 0
  AND si BETWEEN 300 AND 400
  SORT BY s DESC
  LIMIT 3
PREHOOK: type: QUERY
PREHOOK: Input: default@orc_pred
#### A masked pattern was here ####
POSTHOOK: query: SELECT t, si, d, s FROM orc_pred
  WHERE t > 10
  AND t <> 101
  AND d >= ROUND(9.99)
  AND d < 12
  AND t IS NOT NULL
  AND s LIKE '%son'
  AND s NOT LIKE '%car%'
  AND t > 0
  AND si BETWEEN 300 AND 400
  SORT BY s DESC
  LIMIT 3
POSTHOOK: type: QUERY
POSTHOOK: Input: default@orc_pred
#### A masked pattern was here ####
15	334	11.12	jessica robinson
PREHOOK: query: EXPLAIN SELECT t, si, d, s FROM orc_pred
  WHERE t > 10
  AND t <> 101
  AND d >= ROUND(9.99)
  AND d < 12
  AND t IS NOT NULL
  AND s LIKE '%son'
  AND s NOT LIKE '%car%'
  AND t > 0
  AND si BETWEEN 300 AND 400
  SORT BY s DESC
  LIMIT 3
PREHOOK: type: QUERY
PREHOOK: Input: default@orc_pred
#### A masked pattern was here ####
POSTHOOK: query: EXPLAIN SELECT t, si, d, s FROM orc_pred
  WHERE t > 10
  AND t <> 101
  AND d >= ROUND(9.99)
  AND d < 12
  AND t IS NOT NULL
  AND s LIKE '%son'
  AND s NOT LIKE '%car%'
  AND t > 0
  AND si BETWEEN 300 AND 400
  SORT BY s DESC
  LIMIT 3
POSTHOOK: type: QUERY
POSTHOOK: Input: default@orc_pred
#### A masked pattern was here ####
STAGE DEPENDENCIES:
  Stage-1 is a root stage
  Stage-0 depends on stages: Stage-1

STAGE PLANS:
  Stage: Stage-1
    Tez
#### A masked pattern was here ####
      Edges:
        Reducer 2 <- Map 1 (SIMPLE_EDGE)
        Reducer 3 <- Reducer 2 (SIMPLE_EDGE)
#### A masked pattern was here ####
      Vertices:
        Map 1 
            Map Operator Tree:
                TableScan
                  alias: orc_pred
                  Statistics: Num rows: 1049 Data size: 118521 Basic stats: COMPLETE Column stats: COMPLETE
                  Filter Operator
                    predicate: ((d < 12.0D) and (d >= 10) and (not (s like '%car%')) and (s like '%son') and (t <> 101Y) and (t > 0Y) and (t > 10Y) and si BETWEEN 300 AND 400) (type: boolean)
                    Statistics: Num rows: 3 Data size: 339 Basic stats: COMPLETE Column stats: COMPLETE
                    Select Operator
                      expressions: t (type: tinyint), si (type: smallint), d (type: double), s (type: string)
                      outputColumnNames: _col0, _col1, _col2, _col3
                      Statistics: Num rows: 3 Data size: 339 Basic stats: COMPLETE Column stats: COMPLETE
                      Reduce Output Operator
                        key expressions: _col3 (type: string)
                        sort order: -
                        Statistics: Num rows: 3 Data size: 339 Basic stats: COMPLETE Column stats: COMPLETE
                        TopN Hash Memory Usage: 0.1
                        value expressions: _col0 (type: tinyint), _col1 (type: smallint), _col2 (type: double)
            Execution mode: llap
            LLAP IO: all inputs
        Reducer 2 
            Execution mode: llap
            Reduce Operator Tree:
              Select Operator
                expressions: VALUE._col0 (type: tinyint), VALUE._col1 (type: smallint), VALUE._col2 (type: double), KEY.reducesinkkey0 (type: string)
                outputColumnNames: _col0, _col1, _col2, _col3
                Statistics: Num rows: 3 Data size: 339 Basic stats: COMPLETE Column stats: COMPLETE
                Limit
                  Number of rows: 3
                  Statistics: Num rows: 3 Data size: 339 Basic stats: COMPLETE Column stats: COMPLETE
                  Reduce Output Operator
                    key expressions: _col3 (type: string)
                    sort order: -
                    Statistics: Num rows: 3 Data size: 339 Basic stats: COMPLETE Column stats: COMPLETE
                    TopN Hash Memory Usage: 0.1
                    value expressions: _col0 (type: tinyint), _col1 (type: smallint), _col2 (type: double)
        Reducer 3 
            Execution mode: llap
            Reduce Operator Tree:
              Select Operator
                expressions: VALUE._col0 (type: tinyint), VALUE._col1 (type: smallint), VALUE._col2 (type: double), KEY.reducesinkkey0 (type: string)
                outputColumnNames: _col0, _col1, _col2, _col3
                Statistics: Num rows: 3 Data size: 339 Basic stats: COMPLETE Column stats: COMPLETE
                Limit
                  Number of rows: 3
                  Statistics: Num rows: 3 Data size: 339 Basic stats: COMPLETE Column stats: COMPLETE
                  File Output Operator
                    compressed: false
                    Statistics: Num rows: 3 Data size: 339 Basic stats: COMPLETE Column stats: COMPLETE
                    table:
                        input format: org.apache.hadoop.mapred.SequenceFileInputFormat
                        output format: org.apache.hadoop.hive.ql.io.HiveSequenceFileOutputFormat
                        serde: org.apache.hadoop.hive.serde2.lazy.LazySimpleSerDe

  Stage: Stage-0
    Fetch Operator
      limit: 3
      Processor Tree:
        ListSink

PREHOOK: query: EXPLAIN SELECT t, si, d, s FROM orc_pred
  WHERE t > 10
  AND t <> 101
  AND d >= ROUND(9.99)
  AND d < 12
  AND t IS NOT NULL
  AND s LIKE '%son'
  AND s NOT LIKE '%car%'
  AND t > 0
  AND si BETWEEN 300 AND 400
  SORT BY s DESC
  LIMIT 3
PREHOOK: type: QUERY
PREHOOK: Input: default@orc_pred
#### A masked pattern was here ####
POSTHOOK: query: EXPLAIN SELECT t, si, d, s FROM orc_pred
  WHERE t > 10
  AND t <> 101
  AND d >= ROUND(9.99)
  AND d < 12
  AND t IS NOT NULL
  AND s LIKE '%son'
  AND s NOT LIKE '%car%'
  AND t > 0
  AND si BETWEEN 300 AND 400
  SORT BY s DESC
  LIMIT 3
POSTHOOK: type: QUERY
POSTHOOK: Input: default@orc_pred
#### A masked pattern was here ####
STAGE DEPENDENCIES:
  Stage-1 is a root stage
  Stage-0 depends on stages: Stage-1

STAGE PLANS:
  Stage: Stage-1
    Tez
#### A masked pattern was here ####
      Edges:
        Reducer 2 <- Map 1 (SIMPLE_EDGE)
        Reducer 3 <- Reducer 2 (SIMPLE_EDGE)
#### A masked pattern was here ####
      Vertices:
        Map 1 
            Map Operator Tree:
                TableScan
                  alias: orc_pred
                  filterExpr: ((t > 10Y) and (t <> 101Y) and (d >= 10) and (d < 12.0D) and (s like '%son') and (not (s like '%car%')) and (t > 0Y) and si BETWEEN 300 AND 400) (type: boolean)
                  Statistics: Num rows: 1049 Data size: 118521 Basic stats: COMPLETE Column stats: COMPLETE
                  Filter Operator
                    predicate: ((d < 12.0D) and (d >= 10) and (not (s like '%car%')) and (s like '%son') and (t <> 101Y) and (t > 0Y) and (t > 10Y) and si BETWEEN 300 AND 400) (type: boolean)
                    Statistics: Num rows: 3 Data size: 339 Basic stats: COMPLETE Column stats: COMPLETE
                    Select Operator
                      expressions: t (type: tinyint), si (type: smallint), d (type: double), s (type: string)
                      outputColumnNames: _col0, _col1, _col2, _col3
                      Statistics: Num rows: 3 Data size: 339 Basic stats: COMPLETE Column stats: COMPLETE
                      Reduce Output Operator
                        key expressions: _col3 (type: string)
                        sort order: -
                        Statistics: Num rows: 3 Data size: 339 Basic stats: COMPLETE Column stats: COMPLETE
                        TopN Hash Memory Usage: 0.1
                        value expressions: _col0 (type: tinyint), _col1 (type: smallint), _col2 (type: double)
            Execution mode: llap
            LLAP IO: all inputs
        Reducer 2 
            Execution mode: llap
            Reduce Operator Tree:
              Select Operator
                expressions: VALUE._col0 (type: tinyint), VALUE._col1 (type: smallint), VALUE._col2 (type: double), KEY.reducesinkkey0 (type: string)
                outputColumnNames: _col0, _col1, _col2, _col3
                Statistics: Num rows: 3 Data size: 339 Basic stats: COMPLETE Column stats: COMPLETE
                Limit
                  Number of rows: 3
                  Statistics: Num rows: 3 Data size: 339 Basic stats: COMPLETE Column stats: COMPLETE
                  Reduce Output Operator
                    key expressions: _col3 (type: string)
                    sort order: -
                    Statistics: Num rows: 3 Data size: 339 Basic stats: COMPLETE Column stats: COMPLETE
                    TopN Hash Memory Usage: 0.1
                    value expressions: _col0 (type: tinyint), _col1 (type: smallint), _col2 (type: double)
        Reducer 3 
            Execution mode: llap
            Reduce Operator Tree:
              Select Operator
                expressions: VALUE._col0 (type: tinyint), VALUE._col1 (type: smallint), VALUE._col2 (type: double), KEY.reducesinkkey0 (type: string)
                outputColumnNames: _col0, _col1, _col2, _col3
                Statistics: Num rows: 3 Data size: 339 Basic stats: COMPLETE Column stats: COMPLETE
                Limit
                  Number of rows: 3
                  Statistics: Num rows: 3 Data size: 339 Basic stats: COMPLETE Column stats: COMPLETE
                  File Output Operator
                    compressed: false
                    Statistics: Num rows: 3 Data size: 339 Basic stats: COMPLETE Column stats: COMPLETE
                    table:
                        input format: org.apache.hadoop.mapred.SequenceFileInputFormat
                        output format: org.apache.hadoop.hive.ql.io.HiveSequenceFileOutputFormat
                        serde: org.apache.hadoop.hive.serde2.lazy.LazySimpleSerDe

  Stage: Stage-0
    Fetch Operator
      limit: 3
      Processor Tree:
        ListSink

