PREHOOK: query: drop table if exists test_n0
PREHOOK: type: DROPTABLE
PREHOOK: Output: database:default
POSTHOOK: query: drop table if exists test_n0
POSTHOOK: type: DROPTABLE
POSTHOOK: Output: database:default
PREHOOK: query: create table test_n0(key int, value1 int, value2 string)
PREHOOK: type: CREATETABLE
PREHOOK: Output: database:default
PREHOOK: Output: default@test_n0
POSTHOOK: query: create table test_n0(key int, value1 int, value2 string)
POSTHOOK: type: CREATETABLE
POSTHOOK: Output: database:default
POSTHOOK: Output: default@test_n0
PREHOOK: query: insert into table test_n0 values (1, 1, 'val111'), (1, 2, 'val121'), (1, 3, 'val131'), (2, 1, 'val211'), (2, 2, 'val221'), (2, 2, 'val222'), (2, 3, 'val231'), (2, 4, 'val241'),
(3, 1, 'val311'), (3, 2, 'val321'), (3, 2, 'val322'), (3, 3, 'val331'), (3, 3, 'val332'), (3, 3, 'val333'), (4, 1, 'val411')
PREHOOK: type: QUERY
PREHOOK: Input: _dummy_database@_dummy_table
PREHOOK: Output: default@test_n0
POSTHOOK: query: insert into table test_n0 values (1, 1, 'val111'), (1, 2, 'val121'), (1, 3, 'val131'), (2, 1, 'val211'), (2, 2, 'val221'), (2, 2, 'val222'), (2, 3, 'val231'), (2, 4, 'val241'),
(3, 1, 'val311'), (3, 2, 'val321'), (3, 2, 'val322'), (3, 3, 'val331'), (3, 3, 'val332'), (3, 3, 'val333'), (4, 1, 'val411')
POSTHOOK: type: QUERY
POSTHOOK: Input: _dummy_database@_dummy_table
POSTHOOK: Output: default@test_n0
POSTHOOK: Lineage: test_n0.key SCRIPT []
POSTHOOK: Lineage: test_n0.value1 SCRIPT []
POSTHOOK: Lineage: test_n0.value2 SCRIPT []
PREHOOK: query: EXPLAIN SELECT T1.KEY AS MYKEY FROM TEST_n0 T1 GROUP BY T1.KEY ORDER BY T1.KEY LIMIT 3
PREHOOK: type: QUERY
PREHOOK: Input: default@test_n0
#### A masked pattern was here ####
POSTHOOK: query: EXPLAIN SELECT T1.KEY AS MYKEY FROM TEST_n0 T1 GROUP BY T1.KEY ORDER BY T1.KEY LIMIT 3
POSTHOOK: type: QUERY
POSTHOOK: Input: default@test_n0
#### A masked pattern was here ####
STAGE DEPENDENCIES:
  Stage-1 is a root stage
  Stage-0 depends on stages: Stage-1

STAGE PLANS:
  Stage: Stage-1
    Tez
#### A masked pattern was here ####
      Edges:
        Reducer 2 <- Map 1 (SIMPLE_EDGE)
        Reducer 3 <- Reducer 2 (SIMPLE_EDGE)
#### A masked pattern was here ####
      Vertices:
        Map 1 
            Map Operator Tree:
                TableScan
                  alias: t1
                  Statistics: Num rows: 15 Data size: 60 Basic stats: COMPLETE Column stats: COMPLETE
                  Top N Key Operator
                    sort order: +
                    keys: key (type: int)
                    null sort order: z
                    Statistics: Num rows: 15 Data size: 60 Basic stats: COMPLETE Column stats: COMPLETE
                    top n: 3
                    Select Operator
                      expressions: key (type: int)
                      outputColumnNames: key
                      Statistics: Num rows: 15 Data size: 60 Basic stats: COMPLETE Column stats: COMPLETE
                      Group By Operator
                        keys: key (type: int)
                        minReductionHashAggr: 0.73333335
                        mode: hash
                        outputColumnNames: _col0
                        Statistics: Num rows: 4 Data size: 16 Basic stats: COMPLETE Column stats: COMPLETE
                        Reduce Output Operator
                          key expressions: _col0 (type: int)
                          null sort order: z
                          sort order: +
                          Map-reduce partition columns: _col0 (type: int)
                          Statistics: Num rows: 4 Data size: 16 Basic stats: COMPLETE Column stats: COMPLETE
            Execution mode: vectorized, llap
            LLAP IO: all inputs
        Reducer 2 
            Execution mode: vectorized, llap
            Reduce Operator Tree:
              Group By Operator
                keys: KEY._col0 (type: int)
                mode: mergepartial
                outputColumnNames: _col0
                Statistics: Num rows: 4 Data size: 16 Basic stats: COMPLETE Column stats: COMPLETE
                Select Operator
                  expressions: _col0 (type: int)
                  outputColumnNames: _col1
                  Statistics: Num rows: 4 Data size: 16 Basic stats: COMPLETE Column stats: COMPLETE
                  Reduce Output Operator
                    key expressions: _col1 (type: int)
                    null sort order: z
                    sort order: +
                    Statistics: Num rows: 4 Data size: 16 Basic stats: COMPLETE Column stats: COMPLETE
        Reducer 3 
            Execution mode: vectorized, llap
            Reduce Operator Tree:
              Select Operator
                expressions: KEY.reducesinkkey0 (type: int)
                outputColumnNames: _col0
                Statistics: Num rows: 4 Data size: 16 Basic stats: COMPLETE Column stats: COMPLETE
                Limit
                  Number of rows: 3
                  Statistics: Num rows: 3 Data size: 12 Basic stats: COMPLETE Column stats: COMPLETE
                  File Output Operator
                    compressed: false
                    Statistics: Num rows: 3 Data size: 12 Basic stats: COMPLETE Column stats: COMPLETE
                    table:
                        input format: org.apache.hadoop.mapred.SequenceFileInputFormat
                        output format: org.apache.hadoop.hive.ql.io.HiveSequenceFileOutputFormat
                        serde: org.apache.hadoop.hive.serde2.lazy.LazySimpleSerDe

  Stage: Stage-0
    Fetch Operator
      limit: -1
      Processor Tree:
        ListSink

PREHOOK: query: SELECT T1.KEY AS MYKEY FROM TEST_n0 T1 GROUP BY T1.KEY ORDER BY T1.KEY LIMIT 3
PREHOOK: type: QUERY
PREHOOK: Input: default@test_n0
#### A masked pattern was here ####
POSTHOOK: query: SELECT T1.KEY AS MYKEY FROM TEST_n0 T1 GROUP BY T1.KEY ORDER BY T1.KEY LIMIT 3
POSTHOOK: type: QUERY
POSTHOOK: Input: default@test_n0
#### A masked pattern was here ####
1
2
3
PREHOOK: query: EXPLAIN SELECT T1.KEY AS MYKEY, MAX(T1.VALUE1) AS MYVALUE1 FROM TEST_n0 T1 GROUP BY T1.KEY ORDER BY T1.KEY LIMIT 3
PREHOOK: type: QUERY
PREHOOK: Input: default@test_n0
#### A masked pattern was here ####
POSTHOOK: query: EXPLAIN SELECT T1.KEY AS MYKEY, MAX(T1.VALUE1) AS MYVALUE1 FROM TEST_n0 T1 GROUP BY T1.KEY ORDER BY T1.KEY LIMIT 3
POSTHOOK: type: QUERY
POSTHOOK: Input: default@test_n0
#### A masked pattern was here ####
STAGE DEPENDENCIES:
  Stage-1 is a root stage
  Stage-0 depends on stages: Stage-1

STAGE PLANS:
  Stage: Stage-1
    Tez
#### A masked pattern was here ####
      Edges:
        Reducer 2 <- Map 1 (SIMPLE_EDGE)
        Reducer 3 <- Reducer 2 (SIMPLE_EDGE)
#### A masked pattern was here ####
      Vertices:
        Map 1 
            Map Operator Tree:
                TableScan
                  alias: t1
                  Statistics: Num rows: 15 Data size: 120 Basic stats: COMPLETE Column stats: COMPLETE
                  Top N Key Operator
                    sort order: +
                    keys: key (type: int)
                    null sort order: z
                    Statistics: Num rows: 15 Data size: 120 Basic stats: COMPLETE Column stats: COMPLETE
                    top n: 3
                    Select Operator
                      expressions: key (type: int), value1 (type: int)
                      outputColumnNames: key, value1
                      Statistics: Num rows: 15 Data size: 120 Basic stats: COMPLETE Column stats: COMPLETE
                      Group By Operator
                        aggregations: max(value1)
                        keys: key (type: int)
                        minReductionHashAggr: 0.73333335
                        mode: hash
                        outputColumnNames: _col0, _col1
                        Statistics: Num rows: 4 Data size: 32 Basic stats: COMPLETE Column stats: COMPLETE
                        Reduce Output Operator
                          key expressions: _col0 (type: int)
                          null sort order: z
                          sort order: +
                          Map-reduce partition columns: _col0 (type: int)
                          Statistics: Num rows: 4 Data size: 32 Basic stats: COMPLETE Column stats: COMPLETE
                          value expressions: _col1 (type: int)
            Execution mode: vectorized, llap
            LLAP IO: all inputs
        Reducer 2 
            Execution mode: vectorized, llap
            Reduce Operator Tree:
              Group By Operator
                aggregations: max(VALUE._col0)
                keys: KEY._col0 (type: int)
                mode: mergepartial
                outputColumnNames: _col0, _col1
                Statistics: Num rows: 4 Data size: 32 Basic stats: COMPLETE Column stats: COMPLETE
                Select Operator
                  expressions: _col1 (type: int), _col0 (type: int)
                  outputColumnNames: _col1, _col2
                  Statistics: Num rows: 4 Data size: 32 Basic stats: COMPLETE Column stats: COMPLETE
                  Reduce Output Operator
                    key expressions: _col2 (type: int)
                    null sort order: z
                    sort order: +
                    Statistics: Num rows: 4 Data size: 32 Basic stats: COMPLETE Column stats: COMPLETE
                    value expressions: _col1 (type: int)
        Reducer 3 
            Execution mode: vectorized, llap
            Reduce Operator Tree:
              Select Operator
                expressions: KEY.reducesinkkey0 (type: int), VALUE._col0 (type: int)
                outputColumnNames: _col0, _col1
                Statistics: Num rows: 4 Data size: 32 Basic stats: COMPLETE Column stats: COMPLETE
                Limit
                  Number of rows: 3
                  Statistics: Num rows: 3 Data size: 24 Basic stats: COMPLETE Column stats: COMPLETE
                  File Output Operator
                    compressed: false
                    Statistics: Num rows: 3 Data size: 24 Basic stats: COMPLETE Column stats: COMPLETE
                    table:
                        input format: org.apache.hadoop.mapred.SequenceFileInputFormat
                        output format: org.apache.hadoop.hive.ql.io.HiveSequenceFileOutputFormat
                        serde: org.apache.hadoop.hive.serde2.lazy.LazySimpleSerDe

  Stage: Stage-0
    Fetch Operator
      limit: -1
      Processor Tree:
        ListSink

PREHOOK: query: SELECT T1.KEY AS MYKEY, MAX(T1.VALUE1) AS MYVALUE1 FROM TEST_n0 T1 GROUP BY T1.KEY ORDER BY T1.KEY LIMIT 3
PREHOOK: type: QUERY
PREHOOK: Input: default@test_n0
#### A masked pattern was here ####
POSTHOOK: query: SELECT T1.KEY AS MYKEY, MAX(T1.VALUE1) AS MYVALUE1 FROM TEST_n0 T1 GROUP BY T1.KEY ORDER BY T1.KEY LIMIT 3
POSTHOOK: type: QUERY
POSTHOOK: Input: default@test_n0
#### A masked pattern was here ####
1	3
2	4
3	3
PREHOOK: query: EXPLAIN SELECT T1.KEY AS MYKEY, COUNT(T1.VALUE1) AS MYVALUE1, 'AAA' AS C FROM TEST_n0 T1 GROUP BY T1.KEY, 'AAA' ORDER BY T1.KEY, 'AAA' LIMIT 3
PREHOOK: type: QUERY
PREHOOK: Input: default@test_n0
#### A masked pattern was here ####
POSTHOOK: query: EXPLAIN SELECT T1.KEY AS MYKEY, COUNT(T1.VALUE1) AS MYVALUE1, 'AAA' AS C FROM TEST_n0 T1 GROUP BY T1.KEY, 'AAA' ORDER BY T1.KEY, 'AAA' LIMIT 3
POSTHOOK: type: QUERY
POSTHOOK: Input: default@test_n0
#### A masked pattern was here ####
STAGE DEPENDENCIES:
  Stage-1 is a root stage
  Stage-0 depends on stages: Stage-1

STAGE PLANS:
  Stage: Stage-1
    Tez
#### A masked pattern was here ####
      Edges:
        Reducer 2 <- Map 1 (SIMPLE_EDGE)
        Reducer 3 <- Reducer 2 (SIMPLE_EDGE)
#### A masked pattern was here ####
      Vertices:
        Map 1 
            Map Operator Tree:
                TableScan
                  alias: t1
                  Statistics: Num rows: 15 Data size: 120 Basic stats: COMPLETE Column stats: COMPLETE
                  Top N Key Operator
                    sort order: +
                    keys: key (type: int)
                    null sort order: z
                    Statistics: Num rows: 15 Data size: 120 Basic stats: COMPLETE Column stats: COMPLETE
                    top n: 3
                    Select Operator
                      expressions: key (type: int), value1 (type: int)
                      outputColumnNames: key, value1
                      Statistics: Num rows: 15 Data size: 120 Basic stats: COMPLETE Column stats: COMPLETE
                      Group By Operator
                        aggregations: count(value1)
                        keys: key (type: int)
                        minReductionHashAggr: 0.73333335
                        mode: hash
                        outputColumnNames: _col0, _col1
                        Statistics: Num rows: 4 Data size: 48 Basic stats: COMPLETE Column stats: COMPLETE
                        Reduce Output Operator
                          key expressions: _col0 (type: int)
                          null sort order: z
                          sort order: +
                          Map-reduce partition columns: _col0 (type: int)
                          Statistics: Num rows: 4 Data size: 48 Basic stats: COMPLETE Column stats: COMPLETE
                          value expressions: _col1 (type: bigint)
            Execution mode: vectorized, llap
            LLAP IO: all inputs
        Reducer 2 
            Execution mode: vectorized, llap
            Reduce Operator Tree:
              Group By Operator
                aggregations: count(VALUE._col0)
                keys: KEY._col0 (type: int)
                mode: mergepartial
                outputColumnNames: _col0, _col1
                Statistics: Num rows: 4 Data size: 48 Basic stats: COMPLETE Column stats: COMPLETE
                Select Operator
                  expressions: _col1 (type: bigint), _col0 (type: int)
                  outputColumnNames: _col1, _col2
                  Statistics: Num rows: 4 Data size: 48 Basic stats: COMPLETE Column stats: COMPLETE
                  Reduce Output Operator
                    key expressions: _col2 (type: int)
                    null sort order: z
                    sort order: +
                    Statistics: Num rows: 4 Data size: 48 Basic stats: COMPLETE Column stats: COMPLETE
                    value expressions: _col1 (type: bigint)
        Reducer 3 
            Execution mode: vectorized, llap
            Reduce Operator Tree:
              Select Operator
                expressions: KEY.reducesinkkey0 (type: int), VALUE._col0 (type: bigint)
                outputColumnNames: _col0, _col1
                Statistics: Num rows: 4 Data size: 48 Basic stats: COMPLETE Column stats: COMPLETE
                Limit
                  Number of rows: 3
                  Statistics: Num rows: 3 Data size: 36 Basic stats: COMPLETE Column stats: COMPLETE
                  Select Operator
                    expressions: _col0 (type: int), _col1 (type: bigint), 'AAA' (type: string)
                    outputColumnNames: _col0, _col1, _col2
                    Statistics: Num rows: 3 Data size: 297 Basic stats: COMPLETE Column stats: COMPLETE
                    File Output Operator
                      compressed: false
                      Statistics: Num rows: 3 Data size: 297 Basic stats: COMPLETE Column stats: COMPLETE
                      table:
                          input format: org.apache.hadoop.mapred.SequenceFileInputFormat
                          output format: org.apache.hadoop.hive.ql.io.HiveSequenceFileOutputFormat
                          serde: org.apache.hadoop.hive.serde2.lazy.LazySimpleSerDe

  Stage: Stage-0
    Fetch Operator
      limit: -1
      Processor Tree:
        ListSink

PREHOOK: query: SELECT T1.KEY AS MYKEY, COUNT(T1.VALUE1) AS MYVALUE1, 'AAA' AS C FROM TEST_n0 T1 GROUP BY T1.KEY, 'AAA' ORDER BY T1.KEY, 'AAA' LIMIT 3
PREHOOK: type: QUERY
PREHOOK: Input: default@test_n0
#### A masked pattern was here ####
POSTHOOK: query: SELECT T1.KEY AS MYKEY, COUNT(T1.VALUE1) AS MYVALUE1, 'AAA' AS C FROM TEST_n0 T1 GROUP BY T1.KEY, 'AAA' ORDER BY T1.KEY, 'AAA' LIMIT 3
POSTHOOK: type: QUERY
POSTHOOK: Input: default@test_n0
#### A masked pattern was here ####
1	3	AAA
2	5	AAA
3	6	AAA
PREHOOK: query: EXPLAIN SELECT T1.KEY AS MYKEY FROM TEST_n0 T1 GROUP BY T1.KEY ORDER BY T1.KEY LIMIT 3
PREHOOK: type: QUERY
PREHOOK: Input: default@test_n0
#### A masked pattern was here ####
POSTHOOK: query: EXPLAIN SELECT T1.KEY AS MYKEY FROM TEST_n0 T1 GROUP BY T1.KEY ORDER BY T1.KEY LIMIT 3
POSTHOOK: type: QUERY
POSTHOOK: Input: default@test_n0
#### A masked pattern was here ####
STAGE DEPENDENCIES:
  Stage-1 is a root stage
  Stage-0 depends on stages: Stage-1

STAGE PLANS:
  Stage: Stage-1
    Tez
#### A masked pattern was here ####
      Edges:
        Reducer 2 <- Map 1 (SIMPLE_EDGE)
        Reducer 3 <- Reducer 2 (SIMPLE_EDGE)
#### A masked pattern was here ####
      Vertices:
        Map 1 
            Map Operator Tree:
                TableScan
                  alias: t1
                  Statistics: Num rows: 15 Data size: 60 Basic stats: COMPLETE Column stats: COMPLETE
                  Top N Key Operator
                    sort order: +
                    keys: key (type: int)
                    null sort order: z
                    Statistics: Num rows: 15 Data size: 60 Basic stats: COMPLETE Column stats: COMPLETE
                    top n: 3
                    Select Operator
                      expressions: key (type: int)
                      outputColumnNames: key
                      Statistics: Num rows: 15 Data size: 60 Basic stats: COMPLETE Column stats: COMPLETE
                      Group By Operator
                        keys: key (type: int)
                        minReductionHashAggr: 0.73333335
                        mode: hash
                        outputColumnNames: _col0
                        Statistics: Num rows: 4 Data size: 16 Basic stats: COMPLETE Column stats: COMPLETE
                        Reduce Output Operator
                          key expressions: _col0 (type: int)
                          null sort order: z
                          sort order: +
                          Map-reduce partition columns: _col0 (type: int)
                          Statistics: Num rows: 4 Data size: 16 Basic stats: COMPLETE Column stats: COMPLETE
            Execution mode: vectorized, llap
            LLAP IO: all inputs
        Reducer 2 
            Execution mode: vectorized, llap
            Reduce Operator Tree:
              Group By Operator
                keys: KEY._col0 (type: int)
                mode: mergepartial
                outputColumnNames: _col0
                Statistics: Num rows: 4 Data size: 16 Basic stats: COMPLETE Column stats: COMPLETE
                Reduce Output Operator
                  key expressions: _col0 (type: int)
                  null sort order: z
                  sort order: +
                  Statistics: Num rows: 4 Data size: 16 Basic stats: COMPLETE Column stats: COMPLETE
        Reducer 3 
            Execution mode: vectorized, llap
            Reduce Operator Tree:
              Select Operator
                expressions: KEY.reducesinkkey0 (type: int)
                outputColumnNames: _col0
                Statistics: Num rows: 4 Data size: 16 Basic stats: COMPLETE Column stats: COMPLETE
                Limit
                  Number of rows: 3
                  Statistics: Num rows: 3 Data size: 12 Basic stats: COMPLETE Column stats: COMPLETE
                  File Output Operator
                    compressed: false
                    Statistics: Num rows: 3 Data size: 12 Basic stats: COMPLETE Column stats: COMPLETE
                    table:
                        input format: org.apache.hadoop.mapred.SequenceFileInputFormat
                        output format: org.apache.hadoop.hive.ql.io.HiveSequenceFileOutputFormat
                        serde: org.apache.hadoop.hive.serde2.lazy.LazySimpleSerDe

  Stage: Stage-0
    Fetch Operator
      limit: 3
      Processor Tree:
        ListSink

PREHOOK: query: SELECT T1.KEY AS MYKEY FROM TEST_n0 T1 GROUP BY T1.KEY ORDER BY T1.KEY LIMIT 3
PREHOOK: type: QUERY
PREHOOK: Input: default@test_n0
#### A masked pattern was here ####
POSTHOOK: query: SELECT T1.KEY AS MYKEY FROM TEST_n0 T1 GROUP BY T1.KEY ORDER BY T1.KEY LIMIT 3
POSTHOOK: type: QUERY
POSTHOOK: Input: default@test_n0
#### A masked pattern was here ####
1
2
3
PREHOOK: query: EXPLAIN SELECT T1.KEY AS MYKEY, MAX(T1.VALUE1) AS MYVALUE1 FROM TEST_n0 T1 GROUP BY T1.KEY ORDER BY T1.KEY LIMIT 3
PREHOOK: type: QUERY
PREHOOK: Input: default@test_n0
#### A masked pattern was here ####
POSTHOOK: query: EXPLAIN SELECT T1.KEY AS MYKEY, MAX(T1.VALUE1) AS MYVALUE1 FROM TEST_n0 T1 GROUP BY T1.KEY ORDER BY T1.KEY LIMIT 3
POSTHOOK: type: QUERY
POSTHOOK: Input: default@test_n0
#### A masked pattern was here ####
STAGE DEPENDENCIES:
  Stage-1 is a root stage
  Stage-0 depends on stages: Stage-1

STAGE PLANS:
  Stage: Stage-1
    Tez
#### A masked pattern was here ####
      Edges:
        Reducer 2 <- Map 1 (SIMPLE_EDGE)
        Reducer 3 <- Reducer 2 (SIMPLE_EDGE)
#### A masked pattern was here ####
      Vertices:
        Map 1 
            Map Operator Tree:
                TableScan
                  alias: t1
                  Statistics: Num rows: 15 Data size: 120 Basic stats: COMPLETE Column stats: COMPLETE
                  Top N Key Operator
                    sort order: +
                    keys: key (type: int)
                    null sort order: z
                    Statistics: Num rows: 15 Data size: 120 Basic stats: COMPLETE Column stats: COMPLETE
                    top n: 3
                    Select Operator
                      expressions: key (type: int), value1 (type: int)
                      outputColumnNames: key, value1
                      Statistics: Num rows: 15 Data size: 120 Basic stats: COMPLETE Column stats: COMPLETE
                      Group By Operator
                        aggregations: max(value1)
                        keys: key (type: int)
                        minReductionHashAggr: 0.73333335
                        mode: hash
                        outputColumnNames: _col0, _col1
                        Statistics: Num rows: 4 Data size: 32 Basic stats: COMPLETE Column stats: COMPLETE
                        Reduce Output Operator
                          key expressions: _col0 (type: int)
                          null sort order: z
                          sort order: +
                          Map-reduce partition columns: _col0 (type: int)
                          Statistics: Num rows: 4 Data size: 32 Basic stats: COMPLETE Column stats: COMPLETE
                          value expressions: _col1 (type: int)
            Execution mode: vectorized, llap
            LLAP IO: all inputs
        Reducer 2 
            Execution mode: vectorized, llap
            Reduce Operator Tree:
              Group By Operator
                aggregations: max(VALUE._col0)
                keys: KEY._col0 (type: int)
                mode: mergepartial
                outputColumnNames: _col0, _col1
                Statistics: Num rows: 4 Data size: 32 Basic stats: COMPLETE Column stats: COMPLETE
                Reduce Output Operator
                  key expressions: _col0 (type: int)
                  null sort order: z
                  sort order: +
                  Statistics: Num rows: 4 Data size: 32 Basic stats: COMPLETE Column stats: COMPLETE
                  value expressions: _col1 (type: int)
        Reducer 3 
            Execution mode: vectorized, llap
            Reduce Operator Tree:
              Select Operator
                expressions: KEY.reducesinkkey0 (type: int), VALUE._col0 (type: int)
                outputColumnNames: _col0, _col1
                Statistics: Num rows: 4 Data size: 32 Basic stats: COMPLETE Column stats: COMPLETE
                Limit
                  Number of rows: 3
                  Statistics: Num rows: 3 Data size: 24 Basic stats: COMPLETE Column stats: COMPLETE
                  File Output Operator
                    compressed: false
                    Statistics: Num rows: 3 Data size: 24 Basic stats: COMPLETE Column stats: COMPLETE
                    table:
                        input format: org.apache.hadoop.mapred.SequenceFileInputFormat
                        output format: org.apache.hadoop.hive.ql.io.HiveSequenceFileOutputFormat
                        serde: org.apache.hadoop.hive.serde2.lazy.LazySimpleSerDe

  Stage: Stage-0
    Fetch Operator
      limit: 3
      Processor Tree:
        ListSink

PREHOOK: query: SELECT T1.KEY AS MYKEY, MAX(T1.VALUE1) AS MYVALUE1 FROM TEST_n0 T1 GROUP BY T1.KEY ORDER BY T1.KEY LIMIT 3
PREHOOK: type: QUERY
PREHOOK: Input: default@test_n0
#### A masked pattern was here ####
POSTHOOK: query: SELECT T1.KEY AS MYKEY, MAX(T1.VALUE1) AS MYVALUE1 FROM TEST_n0 T1 GROUP BY T1.KEY ORDER BY T1.KEY LIMIT 3
POSTHOOK: type: QUERY
POSTHOOK: Input: default@test_n0
#### A masked pattern was here ####
1	3
2	4
3	3
PREHOOK: query: EXPLAIN SELECT T1.KEY AS MYKEY, COUNT(T1.VALUE1) AS MYVALUE1, 'AAA' AS C FROM TEST_n0 T1 GROUP BY T1.KEY, 'AAA' ORDER BY T1.KEY, 'AAA' LIMIT 3
PREHOOK: type: QUERY
PREHOOK: Input: default@test_n0
#### A masked pattern was here ####
POSTHOOK: query: EXPLAIN SELECT T1.KEY AS MYKEY, COUNT(T1.VALUE1) AS MYVALUE1, 'AAA' AS C FROM TEST_n0 T1 GROUP BY T1.KEY, 'AAA' ORDER BY T1.KEY, 'AAA' LIMIT 3
POSTHOOK: type: QUERY
POSTHOOK: Input: default@test_n0
#### A masked pattern was here ####
STAGE DEPENDENCIES:
  Stage-1 is a root stage
  Stage-0 depends on stages: Stage-1

STAGE PLANS:
  Stage: Stage-1
    Tez
#### A masked pattern was here ####
      Edges:
        Reducer 2 <- Map 1 (SIMPLE_EDGE)
        Reducer 3 <- Reducer 2 (SIMPLE_EDGE)
#### A masked pattern was here ####
      Vertices:
        Map 1 
            Map Operator Tree:
                TableScan
                  alias: t1
                  Statistics: Num rows: 15 Data size: 120 Basic stats: COMPLETE Column stats: COMPLETE
                  Top N Key Operator
                    sort order: +
                    keys: key (type: int)
                    null sort order: z
                    Statistics: Num rows: 15 Data size: 120 Basic stats: COMPLETE Column stats: COMPLETE
                    top n: 3
                    Select Operator
                      expressions: key (type: int), value1 (type: int)
                      outputColumnNames: key, value1
                      Statistics: Num rows: 15 Data size: 120 Basic stats: COMPLETE Column stats: COMPLETE
                      Group By Operator
                        aggregations: count(value1)
                        keys: key (type: int), 'AAA' (type: string)
                        minReductionHashAggr: 0.73333335
                        mode: hash
                        outputColumnNames: _col0, _col1, _col2
                        Statistics: Num rows: 4 Data size: 396 Basic stats: COMPLETE Column stats: COMPLETE
                        Reduce Output Operator
                          key expressions: _col0 (type: int), 'AAA' (type: string)
                          null sort order: zz
                          sort order: ++
                          Map-reduce partition columns: _col0 (type: int), 'AAA' (type: string)
                          Statistics: Num rows: 4 Data size: 396 Basic stats: COMPLETE Column stats: COMPLETE
                          value expressions: _col2 (type: bigint)
            Execution mode: vectorized, llap
            LLAP IO: all inputs
        Reducer 2 
            Execution mode: vectorized, llap
            Reduce Operator Tree:
              Group By Operator
                aggregations: count(VALUE._col0)
                keys: KEY._col0 (type: int), 'AAA' (type: string)
                mode: mergepartial
                outputColumnNames: _col0, _col1, _col2
                Statistics: Num rows: 4 Data size: 396 Basic stats: COMPLETE Column stats: COMPLETE
                Select Operator
                  expressions: _col0 (type: int), _col2 (type: bigint)
                  outputColumnNames: _col0, _col1
                  Statistics: Num rows: 4 Data size: 48 Basic stats: COMPLETE Column stats: COMPLETE
                  Reduce Output Operator
                    key expressions: _col0 (type: int)
                    null sort order: z
                    sort order: +
                    Statistics: Num rows: 4 Data size: 48 Basic stats: COMPLETE Column stats: COMPLETE
                    value expressions: _col1 (type: bigint)
        Reducer 3 
            Execution mode: vectorized, llap
            Reduce Operator Tree:
              Select Operator
                expressions: KEY.reducesinkkey0 (type: int), VALUE._col0 (type: bigint), 'AAA' (type: string)
                outputColumnNames: _col0, _col1, _col2
                Statistics: Num rows: 4 Data size: 396 Basic stats: COMPLETE Column stats: COMPLETE
                Limit
                  Number of rows: 3
                  Statistics: Num rows: 3 Data size: 297 Basic stats: COMPLETE Column stats: COMPLETE
                  File Output Operator
                    compressed: false
                    Statistics: Num rows: 3 Data size: 297 Basic stats: COMPLETE Column stats: COMPLETE
                    table:
                        input format: org.apache.hadoop.mapred.SequenceFileInputFormat
                        output format: org.apache.hadoop.hive.ql.io.HiveSequenceFileOutputFormat
                        serde: org.apache.hadoop.hive.serde2.lazy.LazySimpleSerDe

  Stage: Stage-0
    Fetch Operator
      limit: 3
      Processor Tree:
        ListSink

PREHOOK: query: SELECT T1.KEY AS MYKEY, COUNT(T1.VALUE1) AS MYVALUE1, 'AAA' AS C FROM TEST_n0 T1 GROUP BY T1.KEY, 'AAA' ORDER BY T1.KEY, 'AAA' LIMIT 3
PREHOOK: type: QUERY
PREHOOK: Input: default@test_n0
#### A masked pattern was here ####
POSTHOOK: query: SELECT T1.KEY AS MYKEY, COUNT(T1.VALUE1) AS MYVALUE1, 'AAA' AS C FROM TEST_n0 T1 GROUP BY T1.KEY, 'AAA' ORDER BY T1.KEY, 'AAA' LIMIT 3
POSTHOOK: type: QUERY
POSTHOOK: Input: default@test_n0
#### A masked pattern was here ####
1	3	AAA
2	5	AAA
3	6	AAA
