PREHOOK: query: EXPLAIN
SELECT *
FROM (
  SELECT a.value
  FROM src1 a
  JOIN src1 b
  ON (a.value = b.value)
  GROUP BY a.value
) a
JOIN src
ON (a.value = src.value)
PREHOOK: type: QUERY
POSTHOOK: query: EXPLAIN
SELECT *
FROM (
  SELECT a.value
  FROM src1 a
  JOIN src1 b
  ON (a.value = b.value)
  GROUP BY a.value
) a
JOIN src
ON (a.value = src.value)
POSTHOOK: type: QUERY
STAGE DEPENDENCIES:
  Stage-1 is a root stage
  Stage-0 depends on stages: Stage-1

STAGE PLANS:
  Stage: Stage-1
    Tez
#### A masked pattern was here ####
      Edges:
        Reducer 2 <- Map 1 (CUSTOM_SIMPLE_EDGE), Map 4 (CUSTOM_SIMPLE_EDGE)
        Reducer 3 <- Reducer 2 (SIMPLE_EDGE)
        Reducer 6 <- Map 5 (CUSTOM_SIMPLE_EDGE), Reducer 3 (ONE_TO_ONE_EDGE)
#### A masked pattern was here ####
      Vertices:
        Map 1 
            Map Operator Tree:
                TableScan
                  alias: a
                  Statistics: Num rows: 25 Data size: 2225 Basic stats: COMPLETE Column stats: COMPLETE
                  Filter Operator
                    predicate: value is not null (type: boolean)
                    Statistics: Num rows: 25 Data size: 2225 Basic stats: COMPLETE Column stats: COMPLETE
                    Select Operator
                      expressions: value (type: string)
                      outputColumnNames: _col0
                      Statistics: Num rows: 25 Data size: 2225 Basic stats: COMPLETE Column stats: COMPLETE
                      Reduce Output Operator
                        key expressions: _col0 (type: string)
                        sort order: +
                        Map-reduce partition columns: _col0 (type: string)
                        Statistics: Num rows: 25 Data size: 2225 Basic stats: COMPLETE Column stats: COMPLETE
            Execution mode: vectorized, llap
            LLAP IO: no inputs
        Map 4 
            Map Operator Tree:
                TableScan
                  alias: b
                  Statistics: Num rows: 25 Data size: 2225 Basic stats: COMPLETE Column stats: COMPLETE
                  Filter Operator
                    predicate: value is not null (type: boolean)
                    Statistics: Num rows: 25 Data size: 2225 Basic stats: COMPLETE Column stats: COMPLETE
                    Select Operator
                      expressions: value (type: string)
                      outputColumnNames: _col0
                      Statistics: Num rows: 25 Data size: 2225 Basic stats: COMPLETE Column stats: COMPLETE
                      Reduce Output Operator
                        key expressions: _col0 (type: string)
                        sort order: +
                        Map-reduce partition columns: _col0 (type: string)
                        Statistics: Num rows: 25 Data size: 2225 Basic stats: COMPLETE Column stats: COMPLETE
            Execution mode: vectorized, llap
            LLAP IO: no inputs
        Map 5 
            Map Operator Tree:
                TableScan
                  alias: src
                  Statistics: Num rows: 500 Data size: 89000 Basic stats: COMPLETE Column stats: COMPLETE
                  Filter Operator
                    predicate: value is not null (type: boolean)
                    Statistics: Num rows: 500 Data size: 89000 Basic stats: COMPLETE Column stats: COMPLETE
                    Select Operator
                      expressions: key (type: string), value (type: string)
                      outputColumnNames: _col0, _col1
                      Statistics: Num rows: 500 Data size: 89000 Basic stats: COMPLETE Column stats: COMPLETE
                      Reduce Output Operator
                        key expressions: _col1 (type: string)
                        sort order: +
                        Map-reduce partition columns: _col1 (type: string)
                        Statistics: Num rows: 500 Data size: 89000 Basic stats: COMPLETE Column stats: COMPLETE
                        value expressions: _col0 (type: string)
            Execution mode: vectorized, llap
            LLAP IO: no inputs
        Reducer 2 
            Execution mode: vectorized, llap
            Reduce Operator Tree:
              Map Join Operator
                condition map:
                     Inner Join 0 to 1
                keys:
                  0 KEY.reducesinkkey0 (type: string)
                  1 KEY.reducesinkkey0 (type: string)
                outputColumnNames: _col0
                input vertices:
                  1 Map 4
                Statistics: Num rows: 32 Data size: 2848 Basic stats: COMPLETE Column stats: COMPLETE
                HybridGraceHashJoin: true
                Group By Operator
                  keys: _col0 (type: string)
                  mode: hash
                  outputColumnNames: _col0
                  Statistics: Num rows: 16 Data size: 1424 Basic stats: COMPLETE Column stats: COMPLETE
                  Reduce Output Operator
                    key expressions: _col0 (type: string)
                    sort order: +
                    Map-reduce partition columns: _col0 (type: string)
                    Statistics: Num rows: 16 Data size: 1424 Basic stats: COMPLETE Column stats: COMPLETE
        Reducer 3 
            Execution mode: vectorized, llap
            Reduce Operator Tree:
              Group By Operator
                keys: KEY._col0 (type: string)
                mode: mergepartial
                outputColumnNames: _col0
                Statistics: Num rows: 16 Data size: 1424 Basic stats: COMPLETE Column stats: COMPLETE
                Reduce Output Operator
                  key expressions: _col0 (type: string)
                  sort order: +
                  Map-reduce partition columns: _col0 (type: string)
                  Statistics: Num rows: 16 Data size: 1424 Basic stats: COMPLETE Column stats: COMPLETE
        Reducer 6 
            Execution mode: vectorized, llap
            Reduce Operator Tree:
              Map Join Operator
                condition map:
                     Inner Join 0 to 1
                keys:
                  0 KEY.reducesinkkey0 (type: string)
                  1 KEY.reducesinkkey0 (type: string)
                outputColumnNames: _col0, _col1, _col2
                input vertices:
                  0 Reducer 3
                Statistics: Num rows: 25 Data size: 6675 Basic stats: COMPLETE Column stats: COMPLETE
                HybridGraceHashJoin: true
                File Output Operator
                  compressed: false
                  Statistics: Num rows: 25 Data size: 6675 Basic stats: COMPLETE Column stats: COMPLETE
                  table:
                      input format: org.apache.hadoop.mapred.SequenceFileInputFormat
                      output format: org.apache.hadoop.hive.ql.io.HiveSequenceFileOutputFormat
                      serde: org.apache.hadoop.hive.serde2.lazy.LazySimpleSerDe

  Stage: Stage-0
    Fetch Operator
      limit: -1
      Processor Tree:
        ListSink

PREHOOK: query: SELECT *
FROM (
  SELECT a.value
  FROM src1 a
  JOIN src1 b
  ON (a.value = b.value)
  GROUP BY a.value
) a
JOIN src
ON (a.value = src.value)
PREHOOK: type: QUERY
PREHOOK: Input: default@src
PREHOOK: Input: default@src1
#### A masked pattern was here ####
POSTHOOK: query: SELECT *
FROM (
  SELECT a.value
  FROM src1 a
  JOIN src1 b
  ON (a.value = b.value)
  GROUP BY a.value
) a
JOIN src
ON (a.value = src.value)
POSTHOOK: type: QUERY
POSTHOOK: Input: default@src
POSTHOOK: Input: default@src1
#### A masked pattern was here ####
val_311	311	val_311
val_165	165	val_165
val_409	409	val_409
val_98	98	val_98
val_484	484	val_484
val_311	311	val_311
val_311	311	val_311
val_165	165	val_165
val_98	98	val_98
val_409	409	val_409
val_409	409	val_409
val_27	27	val_27
val_146	146	val_146
val_146	146	val_146
val_238	238	val_238
val_238	238	val_238
val_193	193	val_193
val_273	273	val_273
val_193	193	val_193
val_273	273	val_273
val_193	193	val_193
val_273	273	val_273
val_406	406	val_406
val_406	406	val_406
val_406	406	val_406
val_406	406	val_406
val_66	66	val_66
val_213	213	val_213
val_213	213	val_213
val_278	278	val_278
val_401	401	val_401
val_278	278	val_278
val_401	401	val_401
val_401	401	val_401
val_401	401	val_401
val_401	401	val_401
val_150	150	val_150
val_255	255	val_255
val_265	265	val_265
val_255	255	val_255
val_265	265	val_265
PREHOOK: query: EXPLAIN
SELECT *
FROM src
JOIN (
  SELECT a.value
  FROM src1 a
  JOIN src1 b
  ON (a.value = b.value)
  GROUP BY a.value
) a
ON (src.value = a.value)
PREHOOK: type: QUERY
POSTHOOK: query: EXPLAIN
SELECT *
FROM src
JOIN (
  SELECT a.value
  FROM src1 a
  JOIN src1 b
  ON (a.value = b.value)
  GROUP BY a.value
) a
ON (src.value = a.value)
POSTHOOK: type: QUERY
STAGE DEPENDENCIES:
  Stage-1 is a root stage
  Stage-0 depends on stages: Stage-1

STAGE PLANS:
  Stage: Stage-1
    Tez
#### A masked pattern was here ####
      Edges:
        Reducer 2 <- Map 1 (CUSTOM_SIMPLE_EDGE), Reducer 5 (ONE_TO_ONE_EDGE)
        Reducer 4 <- Map 3 (CUSTOM_SIMPLE_EDGE), Map 6 (CUSTOM_SIMPLE_EDGE)
        Reducer 5 <- Reducer 4 (SIMPLE_EDGE)
#### A masked pattern was here ####
      Vertices:
        Map 1 
            Map Operator Tree:
                TableScan
                  alias: src
                  Statistics: Num rows: 500 Data size: 89000 Basic stats: COMPLETE Column stats: COMPLETE
                  Filter Operator
                    predicate: value is not null (type: boolean)
                    Statistics: Num rows: 500 Data size: 89000 Basic stats: COMPLETE Column stats: COMPLETE
                    Select Operator
                      expressions: key (type: string), value (type: string)
                      outputColumnNames: _col0, _col1
                      Statistics: Num rows: 500 Data size: 89000 Basic stats: COMPLETE Column stats: COMPLETE
                      Reduce Output Operator
                        key expressions: _col1 (type: string)
                        sort order: +
                        Map-reduce partition columns: _col1 (type: string)
                        Statistics: Num rows: 500 Data size: 89000 Basic stats: COMPLETE Column stats: COMPLETE
                        value expressions: _col0 (type: string)
            Execution mode: vectorized, llap
            LLAP IO: no inputs
        Map 3 
            Map Operator Tree:
                TableScan
                  alias: a
                  Statistics: Num rows: 25 Data size: 2225 Basic stats: COMPLETE Column stats: COMPLETE
                  Filter Operator
                    predicate: value is not null (type: boolean)
                    Statistics: Num rows: 25 Data size: 2225 Basic stats: COMPLETE Column stats: COMPLETE
                    Select Operator
                      expressions: value (type: string)
                      outputColumnNames: _col0
                      Statistics: Num rows: 25 Data size: 2225 Basic stats: COMPLETE Column stats: COMPLETE
                      Reduce Output Operator
                        key expressions: _col0 (type: string)
                        sort order: +
                        Map-reduce partition columns: _col0 (type: string)
                        Statistics: Num rows: 25 Data size: 2225 Basic stats: COMPLETE Column stats: COMPLETE
            Execution mode: vectorized, llap
            LLAP IO: no inputs
        Map 6 
            Map Operator Tree:
                TableScan
                  alias: b
                  Statistics: Num rows: 25 Data size: 2225 Basic stats: COMPLETE Column stats: COMPLETE
                  Filter Operator
                    predicate: value is not null (type: boolean)
                    Statistics: Num rows: 25 Data size: 2225 Basic stats: COMPLETE Column stats: COMPLETE
                    Select Operator
                      expressions: value (type: string)
                      outputColumnNames: _col0
                      Statistics: Num rows: 25 Data size: 2225 Basic stats: COMPLETE Column stats: COMPLETE
                      Reduce Output Operator
                        key expressions: _col0 (type: string)
                        sort order: +
                        Map-reduce partition columns: _col0 (type: string)
                        Statistics: Num rows: 25 Data size: 2225 Basic stats: COMPLETE Column stats: COMPLETE
            Execution mode: vectorized, llap
            LLAP IO: no inputs
        Reducer 2 
            Execution mode: vectorized, llap
            Reduce Operator Tree:
              Map Join Operator
                condition map:
                     Inner Join 0 to 1
                keys:
                  0 KEY.reducesinkkey0 (type: string)
                  1 KEY.reducesinkkey0 (type: string)
                outputColumnNames: _col0, _col1, _col2
                input vertices:
                  1 Reducer 5
                Statistics: Num rows: 25 Data size: 6675 Basic stats: COMPLETE Column stats: COMPLETE
                HybridGraceHashJoin: true
                File Output Operator
                  compressed: false
                  Statistics: Num rows: 25 Data size: 6675 Basic stats: COMPLETE Column stats: COMPLETE
                  table:
                      input format: org.apache.hadoop.mapred.SequenceFileInputFormat
                      output format: org.apache.hadoop.hive.ql.io.HiveSequenceFileOutputFormat
                      serde: org.apache.hadoop.hive.serde2.lazy.LazySimpleSerDe
        Reducer 4 
            Execution mode: vectorized, llap
            Reduce Operator Tree:
              Map Join Operator
                condition map:
                     Inner Join 0 to 1
                keys:
                  0 KEY.reducesinkkey0 (type: string)
                  1 KEY.reducesinkkey0 (type: string)
                outputColumnNames: _col0
                input vertices:
                  1 Map 6
                Statistics: Num rows: 32 Data size: 2848 Basic stats: COMPLETE Column stats: COMPLETE
                HybridGraceHashJoin: true
                Group By Operator
                  keys: _col0 (type: string)
                  mode: hash
                  outputColumnNames: _col0
                  Statistics: Num rows: 16 Data size: 1424 Basic stats: COMPLETE Column stats: COMPLETE
                  Reduce Output Operator
                    key expressions: _col0 (type: string)
                    sort order: +
                    Map-reduce partition columns: _col0 (type: string)
                    Statistics: Num rows: 16 Data size: 1424 Basic stats: COMPLETE Column stats: COMPLETE
        Reducer 5 
            Execution mode: vectorized, llap
            Reduce Operator Tree:
              Group By Operator
                keys: KEY._col0 (type: string)
                mode: mergepartial
                outputColumnNames: _col0
                Statistics: Num rows: 16 Data size: 1424 Basic stats: COMPLETE Column stats: COMPLETE
                Reduce Output Operator
                  key expressions: _col0 (type: string)
                  sort order: +
                  Map-reduce partition columns: _col0 (type: string)
                  Statistics: Num rows: 16 Data size: 1424 Basic stats: COMPLETE Column stats: COMPLETE

  Stage: Stage-0
    Fetch Operator
      limit: -1
      Processor Tree:
        ListSink

PREHOOK: query: SELECT *
FROM src
JOIN (
  SELECT a.value
  FROM src1 a
  JOIN src1 b
  ON (a.value = b.value)
  GROUP BY a.value
) a
ON (src.value = a.value)
PREHOOK: type: QUERY
PREHOOK: Input: default@src
PREHOOK: Input: default@src1
#### A masked pattern was here ####
POSTHOOK: query: SELECT *
FROM src
JOIN (
  SELECT a.value
  FROM src1 a
  JOIN src1 b
  ON (a.value = b.value)
  GROUP BY a.value
) a
ON (src.value = a.value)
POSTHOOK: type: QUERY
POSTHOOK: Input: default@src
POSTHOOK: Input: default@src1
#### A masked pattern was here ####
311	val_311	val_311
165	val_165	val_165
409	val_409	val_409
98	val_98	val_98
484	val_484	val_484
311	val_311	val_311
311	val_311	val_311
165	val_165	val_165
98	val_98	val_98
409	val_409	val_409
409	val_409	val_409
27	val_27	val_27
146	val_146	val_146
146	val_146	val_146
238	val_238	val_238
238	val_238	val_238
193	val_193	val_193
273	val_273	val_273
193	val_193	val_193
273	val_273	val_273
193	val_193	val_193
273	val_273	val_273
406	val_406	val_406
406	val_406	val_406
406	val_406	val_406
406	val_406	val_406
66	val_66	val_66
213	val_213	val_213
213	val_213	val_213
278	val_278	val_278
401	val_401	val_401
278	val_278	val_278
401	val_401	val_401
401	val_401	val_401
401	val_401	val_401
401	val_401	val_401
150	val_150	val_150
255	val_255	val_255
265	val_265	val_265
255	val_255	val_255
265	val_265	val_265
