PREHOOK: query: drop table foo
PREHOOK: type: DROPTABLE
POSTHOOK: query: drop table foo
POSTHOOK: type: DROPTABLE
PREHOOK: query: create table foo (i int) partitioned by (s string)
PREHOOK: type: CREATETABLE
PREHOOK: Output: database:default
PREHOOK: Output: default@foo
POSTHOOK: query: create table foo (i int) partitioned by (s string)
POSTHOOK: type: CREATETABLE
POSTHOOK: Output: database:default
POSTHOOK: Output: default@foo
PREHOOK: query: insert overwrite table foo partition(s='foo') select cint from alltypesorc limit 10
PREHOOK: type: QUERY
PREHOOK: Input: default@alltypesorc
PREHOOK: Output: default@foo@s=foo
POSTHOOK: query: insert overwrite table foo partition(s='foo') select cint from alltypesorc limit 10
POSTHOOK: type: QUERY
POSTHOOK: Input: default@alltypesorc
POSTHOOK: Output: default@foo@s=foo
POSTHOOK: Lineage: foo PARTITION(s=foo).i SIMPLE [(alltypesorc)alltypesorc.FieldSchema(name:cint, type:int, comment:null), ]
PREHOOK: query: insert overwrite table foo partition(s='bar') select cint from alltypesorc limit 10
PREHOOK: type: QUERY
PREHOOK: Input: default@alltypesorc
PREHOOK: Output: default@foo@s=bar
POSTHOOK: query: insert overwrite table foo partition(s='bar') select cint from alltypesorc limit 10
POSTHOOK: type: QUERY
POSTHOOK: Input: default@alltypesorc
POSTHOOK: Output: default@foo@s=bar
POSTHOOK: Lineage: foo PARTITION(s=bar).i SIMPLE [(alltypesorc)alltypesorc.FieldSchema(name:cint, type:int, comment:null), ]
PREHOOK: query: explain
select *
from foo f1
join part p1 on (p1.p_partkey = f1.i)
join foo f2 on (f1.i = f2.i)
where f1.s='foo' and f2.s='bar'
PREHOOK: type: QUERY
POSTHOOK: query: explain
select *
from foo f1
join part p1 on (p1.p_partkey = f1.i)
join foo f2 on (f1.i = f2.i)
where f1.s='foo' and f2.s='bar'
POSTHOOK: type: QUERY
STAGE DEPENDENCIES:
  Stage-1 is a root stage
  Stage-0 depends on stages: Stage-1

STAGE PLANS:
  Stage: Stage-1
    Tez
#### A masked pattern was here ####
      Edges:
        Reducer 2 <- Map 1 (SIMPLE_EDGE), Map 4 (SIMPLE_EDGE)
        Reducer 3 <- Map 5 (SIMPLE_EDGE), Reducer 2 (SIMPLE_EDGE)
#### A masked pattern was here ####
      Vertices:
        Map 1 
            Map Operator Tree:
                TableScan
                  alias: f1
                  Statistics: Num rows: 10 Data size: 170 Basic stats: COMPLETE Column stats: NONE
                  Filter Operator
                    predicate: i is not null (type: boolean)
                    Statistics: Num rows: 10 Data size: 170 Basic stats: COMPLETE Column stats: NONE
                    Select Operator
                      expressions: i (type: int)
                      outputColumnNames: _col0
                      Statistics: Num rows: 10 Data size: 170 Basic stats: COMPLETE Column stats: NONE
                      Reduce Output Operator
                        key expressions: _col0 (type: int)
                        sort order: +
                        Map-reduce partition columns: _col0 (type: int)
                        Statistics: Num rows: 10 Data size: 170 Basic stats: COMPLETE Column stats: NONE
            Execution mode: llap
            LLAP IO: no inputs
        Map 4 
            Map Operator Tree:
                TableScan
                  alias: p1
                  Statistics: Num rows: 26 Data size: 16094 Basic stats: COMPLETE Column stats: COMPLETE
                  Filter Operator
                    predicate: p_partkey is not null (type: boolean)
                    Statistics: Num rows: 26 Data size: 16094 Basic stats: COMPLETE Column stats: COMPLETE
                    Select Operator
                      expressions: p_partkey (type: int), p_name (type: string), p_mfgr (type: string), p_brand (type: string), p_type (type: string), p_size (type: int), p_container (type: string), p_retailprice (type: double), p_comment (type: string)
                      outputColumnNames: _col0, _col1, _col2, _col3, _col4, _col5, _col6, _col7, _col8
                      Statistics: Num rows: 26 Data size: 16094 Basic stats: COMPLETE Column stats: COMPLETE
                      Reduce Output Operator
                        key expressions: _col0 (type: int)
                        sort order: +
                        Map-reduce partition columns: _col0 (type: int)
                        Statistics: Num rows: 26 Data size: 16094 Basic stats: COMPLETE Column stats: COMPLETE
                        value expressions: _col1 (type: string), _col2 (type: string), _col3 (type: string), _col4 (type: string), _col5 (type: int), _col6 (type: string), _col7 (type: double), _col8 (type: string)
            Execution mode: llap
            LLAP IO: no inputs
        Map 5 
            Map Operator Tree:
                TableScan
                  alias: f2
                  Statistics: Num rows: 10 Data size: 170 Basic stats: COMPLETE Column stats: NONE
                  Filter Operator
                    predicate: i is not null (type: boolean)
                    Statistics: Num rows: 10 Data size: 170 Basic stats: COMPLETE Column stats: NONE
                    Select Operator
                      expressions: i (type: int)
                      outputColumnNames: _col0
                      Statistics: Num rows: 10 Data size: 170 Basic stats: COMPLETE Column stats: NONE
                      Reduce Output Operator
                        key expressions: _col0 (type: int)
                        sort order: +
                        Map-reduce partition columns: _col0 (type: int)
                        Statistics: Num rows: 10 Data size: 170 Basic stats: COMPLETE Column stats: NONE
            Execution mode: llap
            LLAP IO: no inputs
        Reducer 2 
            Execution mode: llap
            Reduce Operator Tree:
              Merge Join Operator
                condition map:
                     Inner Join 0 to 1
                keys:
                  0 _col0 (type: int)
                  1 _col0 (type: int)
                outputColumnNames: _col0, _col2, _col3, _col4, _col5, _col6, _col7, _col8, _col9, _col10
                Statistics: Num rows: 28 Data size: 17703 Basic stats: COMPLETE Column stats: NONE
                Reduce Output Operator
                  key expressions: _col0 (type: int)
                  sort order: +
                  Map-reduce partition columns: _col0 (type: int)
                  Statistics: Num rows: 28 Data size: 17703 Basic stats: COMPLETE Column stats: NONE
                  value expressions: _col2 (type: int), _col3 (type: string), _col4 (type: string), _col5 (type: string), _col6 (type: string), _col7 (type: int), _col8 (type: string), _col9 (type: double), _col10 (type: string)
        Reducer 3 
            Execution mode: llap
            Reduce Operator Tree:
              Merge Join Operator
                condition map:
                     Inner Join 0 to 1
                keys:
                  0 _col0 (type: int)
                  1 _col0 (type: int)
                outputColumnNames: _col0, _col2, _col3, _col4, _col5, _col6, _col7, _col8, _col9, _col10, _col11
                Statistics: Num rows: 30 Data size: 19473 Basic stats: COMPLETE Column stats: NONE
                Select Operator
                  expressions: _col0 (type: int), 'foo' (type: string), _col2 (type: int), _col3 (type: string), _col4 (type: string), _col5 (type: string), _col6 (type: string), _col7 (type: int), _col8 (type: string), _col9 (type: double), _col10 (type: string), _col11 (type: int), 'bar' (type: string)
                  outputColumnNames: _col0, _col1, _col2, _col3, _col4, _col5, _col6, _col7, _col8, _col9, _col10, _col11, _col12
                  Statistics: Num rows: 30 Data size: 19473 Basic stats: COMPLETE Column stats: NONE
                  File Output Operator
                    compressed: false
                    Statistics: Num rows: 30 Data size: 19473 Basic stats: COMPLETE Column stats: NONE
                    table:
                        input format: org.apache.hadoop.mapred.SequenceFileInputFormat
                        output format: org.apache.hadoop.hive.ql.io.HiveSequenceFileOutputFormat
                        serde: org.apache.hadoop.hive.serde2.lazy.LazySimpleSerDe

  Stage: Stage-0
    Fetch Operator
      limit: -1
      Processor Tree:
        ListSink

PREHOOK: query: explain
select *
from foo f1
join part p1 on (p1.p_partkey = f1.i)
join foo f2 on (f1.i = f2.i)
where f1.s='foo' and f2.s='foo'
PREHOOK: type: QUERY
POSTHOOK: query: explain
select *
from foo f1
join part p1 on (p1.p_partkey = f1.i)
join foo f2 on (f1.i = f2.i)
where f1.s='foo' and f2.s='foo'
POSTHOOK: type: QUERY
STAGE DEPENDENCIES:
  Stage-1 is a root stage
  Stage-0 depends on stages: Stage-1

STAGE PLANS:
  Stage: Stage-1
    Tez
#### A masked pattern was here ####
      Edges:
        Reducer 2 <- Map 1 (SIMPLE_EDGE), Map 4 (SIMPLE_EDGE)
        Reducer 3 <- Map 1 (SIMPLE_EDGE), Reducer 2 (SIMPLE_EDGE)
#### A masked pattern was here ####
      Vertices:
        Map 1 
            Map Operator Tree:
                TableScan
                  alias: f1
                  Statistics: Num rows: 10 Data size: 170 Basic stats: COMPLETE Column stats: NONE
                  Filter Operator
                    predicate: i is not null (type: boolean)
                    Statistics: Num rows: 10 Data size: 170 Basic stats: COMPLETE Column stats: NONE
                    Select Operator
                      expressions: i (type: int)
                      outputColumnNames: _col0
                      Statistics: Num rows: 10 Data size: 170 Basic stats: COMPLETE Column stats: NONE
                      Reduce Output Operator
                        key expressions: _col0 (type: int)
                        sort order: +
                        Map-reduce partition columns: _col0 (type: int)
                        Statistics: Num rows: 10 Data size: 170 Basic stats: COMPLETE Column stats: NONE
                      Reduce Output Operator
                        key expressions: _col0 (type: int)
                        sort order: +
                        Map-reduce partition columns: _col0 (type: int)
                        Statistics: Num rows: 10 Data size: 170 Basic stats: COMPLETE Column stats: NONE
            Execution mode: llap
            LLAP IO: no inputs
        Map 4 
            Map Operator Tree:
                TableScan
                  alias: p1
                  Statistics: Num rows: 26 Data size: 16094 Basic stats: COMPLETE Column stats: COMPLETE
                  Filter Operator
                    predicate: p_partkey is not null (type: boolean)
                    Statistics: Num rows: 26 Data size: 16094 Basic stats: COMPLETE Column stats: COMPLETE
                    Select Operator
                      expressions: p_partkey (type: int), p_name (type: string), p_mfgr (type: string), p_brand (type: string), p_type (type: string), p_size (type: int), p_container (type: string), p_retailprice (type: double), p_comment (type: string)
                      outputColumnNames: _col0, _col1, _col2, _col3, _col4, _col5, _col6, _col7, _col8
                      Statistics: Num rows: 26 Data size: 16094 Basic stats: COMPLETE Column stats: COMPLETE
                      Reduce Output Operator
                        key expressions: _col0 (type: int)
                        sort order: +
                        Map-reduce partition columns: _col0 (type: int)
                        Statistics: Num rows: 26 Data size: 16094 Basic stats: COMPLETE Column stats: COMPLETE
                        value expressions: _col1 (type: string), _col2 (type: string), _col3 (type: string), _col4 (type: string), _col5 (type: int), _col6 (type: string), _col7 (type: double), _col8 (type: string)
            Execution mode: llap
            LLAP IO: no inputs
        Reducer 2 
            Execution mode: llap
            Reduce Operator Tree:
              Merge Join Operator
                condition map:
                     Inner Join 0 to 1
                keys:
                  0 _col0 (type: int)
                  1 _col0 (type: int)
                outputColumnNames: _col0, _col2, _col3, _col4, _col5, _col6, _col7, _col8, _col9, _col10
                Statistics: Num rows: 28 Data size: 17703 Basic stats: COMPLETE Column stats: NONE
                Reduce Output Operator
                  key expressions: _col0 (type: int)
                  sort order: +
                  Map-reduce partition columns: _col0 (type: int)
                  Statistics: Num rows: 28 Data size: 17703 Basic stats: COMPLETE Column stats: NONE
                  value expressions: _col2 (type: int), _col3 (type: string), _col4 (type: string), _col5 (type: string), _col6 (type: string), _col7 (type: int), _col8 (type: string), _col9 (type: double), _col10 (type: string)
        Reducer 3 
            Execution mode: llap
            Reduce Operator Tree:
              Merge Join Operator
                condition map:
                     Inner Join 0 to 1
                keys:
                  0 _col0 (type: int)
                  1 _col0 (type: int)
                outputColumnNames: _col0, _col2, _col3, _col4, _col5, _col6, _col7, _col8, _col9, _col10, _col11
                Statistics: Num rows: 30 Data size: 19473 Basic stats: COMPLETE Column stats: NONE
                Select Operator
                  expressions: _col0 (type: int), 'foo' (type: string), _col2 (type: int), _col3 (type: string), _col4 (type: string), _col5 (type: string), _col6 (type: string), _col7 (type: int), _col8 (type: string), _col9 (type: double), _col10 (type: string), _col11 (type: int), 'foo' (type: string)
                  outputColumnNames: _col0, _col1, _col2, _col3, _col4, _col5, _col6, _col7, _col8, _col9, _col10, _col11, _col12
                  Statistics: Num rows: 30 Data size: 19473 Basic stats: COMPLETE Column stats: NONE
                  File Output Operator
                    compressed: false
                    Statistics: Num rows: 30 Data size: 19473 Basic stats: COMPLETE Column stats: NONE
                    table:
                        input format: org.apache.hadoop.mapred.SequenceFileInputFormat
                        output format: org.apache.hadoop.hive.ql.io.HiveSequenceFileOutputFormat
                        serde: org.apache.hadoop.hive.serde2.lazy.LazySimpleSerDe

  Stage: Stage-0
    Fetch Operator
      limit: -1
      Processor Tree:
        ListSink

PREHOOK: query: drop table foo
PREHOOK: type: DROPTABLE
PREHOOK: Input: default@foo
PREHOOK: Output: default@foo
POSTHOOK: query: drop table foo
POSTHOOK: type: DROPTABLE
POSTHOOK: Input: default@foo
POSTHOOK: Output: default@foo
