PREHOOK: query: create table alias_test_01(a INT, b STRING)
PREHOOK: type: CREATETABLE
PREHOOK: Output: database:default
PREHOOK: Output: default@alias_test_01
POSTHOOK: query: create table alias_test_01(a INT, b STRING)
POSTHOOK: type: CREATETABLE
POSTHOOK: Output: database:default
POSTHOOK: Output: default@alias_test_01
PREHOOK: query: create table alias_test_02(a INT, b STRING)
PREHOOK: type: CREATETABLE
PREHOOK: Output: database:default
PREHOOK: Output: default@alias_test_02
POSTHOOK: query: create table alias_test_02(a INT, b STRING)
POSTHOOK: type: CREATETABLE
POSTHOOK: Output: database:default
POSTHOOK: Output: default@alias_test_02
PREHOOK: query: create table alias_test_03(a INT, b STRING)
PREHOOK: type: CREATETABLE
PREHOOK: Output: database:default
PREHOOK: Output: default@alias_test_03
POSTHOOK: query: create table alias_test_03(a INT, b STRING)
POSTHOOK: type: CREATETABLE
POSTHOOK: Output: database:default
POSTHOOK: Output: default@alias_test_03
Warning: Shuffle Join MERGEJOIN[26][tables = [$hdt$_0, $hdt$_1]] in Stage 'Reducer 2' is a cross product
PREHOOK: query: explain
                         select * from
                         alias_test_01 alias01
                         left join
                         (
                         select 2017 as a, b from alias_test_02 group by 1, 2
                         ) alias02
                         on alias01.a = alias02.a
                         left join
                         alias_test_03 alias03
                         on alias01.a = alias03.a
PREHOOK: type: QUERY
PREHOOK: Input: default@alias_test_01
PREHOOK: Input: default@alias_test_02
PREHOOK: Input: default@alias_test_03
#### A masked pattern was here ####
POSTHOOK: query: explain
                         select * from
                         alias_test_01 alias01
                         left join
                         (
                         select 2017 as a, b from alias_test_02 group by 1, 2
                         ) alias02
                         on alias01.a = alias02.a
                         left join
                         alias_test_03 alias03
                         on alias01.a = alias03.a
POSTHOOK: type: QUERY
POSTHOOK: Input: default@alias_test_01
POSTHOOK: Input: default@alias_test_02
POSTHOOK: Input: default@alias_test_03
#### A masked pattern was here ####
STAGE DEPENDENCIES:
  Stage-1 is a root stage
  Stage-0 depends on stages: Stage-1

STAGE PLANS:
  Stage: Stage-1
    Tez
#### A masked pattern was here ####
      Edges:
        Reducer 2 <- Map 1 (CUSTOM_SIMPLE_EDGE), Reducer 5 (CUSTOM_SIMPLE_EDGE)
        Reducer 3 <- Map 6 (SIMPLE_EDGE), Reducer 2 (SIMPLE_EDGE)
        Reducer 5 <- Map 4 (SIMPLE_EDGE)
#### A masked pattern was here ####
      Vertices:
        Map 1 
            Map Operator Tree:
                TableScan
                  alias: alias01
                  Statistics: Num rows: 1 Data size: 188 Basic stats: COMPLETE Column stats: NONE
                  Select Operator
                    expressions: a (type: int), b (type: string), (a = 2017) (type: boolean)
                    outputColumnNames: _col0, _col1, _col2
                    Statistics: Num rows: 1 Data size: 188 Basic stats: COMPLETE Column stats: NONE
                    Reduce Output Operator
                      null sort order: 
                      sort order: 
                      Statistics: Num rows: 1 Data size: 188 Basic stats: COMPLETE Column stats: NONE
                      value expressions: _col0 (type: int), _col1 (type: string), _col2 (type: boolean)
            Execution mode: vectorized, llap
            LLAP IO: no inputs
        Map 4 
            Map Operator Tree:
                TableScan
                  alias: alias_test_02
                  Statistics: Num rows: 1 Data size: 184 Basic stats: COMPLETE Column stats: NONE
                  Select Operator
                    expressions: b (type: string)
                    outputColumnNames: b
                    Statistics: Num rows: 1 Data size: 184 Basic stats: COMPLETE Column stats: NONE
                    Group By Operator
                      keys: b (type: string)
                      minReductionHashAggr: 0.99
                      mode: hash
                      outputColumnNames: _col0
                      Statistics: Num rows: 1 Data size: 184 Basic stats: COMPLETE Column stats: NONE
                      Reduce Output Operator
                        key expressions: _col0 (type: string)
                        null sort order: z
                        sort order: +
                        Map-reduce partition columns: _col0 (type: string)
                        Statistics: Num rows: 1 Data size: 184 Basic stats: COMPLETE Column stats: NONE
            Execution mode: vectorized, llap
            LLAP IO: no inputs
        Map 6 
            Map Operator Tree:
                TableScan
                  alias: alias03
                  filterExpr: a is not null (type: boolean)
                  Statistics: Num rows: 1 Data size: 188 Basic stats: COMPLETE Column stats: NONE
                  Filter Operator
                    predicate: a is not null (type: boolean)
                    Statistics: Num rows: 1 Data size: 188 Basic stats: COMPLETE Column stats: NONE
                    Select Operator
                      expressions: a (type: int), b (type: string)
                      outputColumnNames: _col0, _col1
                      Statistics: Num rows: 1 Data size: 188 Basic stats: COMPLETE Column stats: NONE
                      Reduce Output Operator
                        key expressions: _col0 (type: int)
                        null sort order: z
                        sort order: +
                        Map-reduce partition columns: _col0 (type: int)
                        Statistics: Num rows: 1 Data size: 188 Basic stats: COMPLETE Column stats: NONE
                        value expressions: _col1 (type: string)
            Execution mode: vectorized, llap
            LLAP IO: no inputs
        Reducer 2 
            Execution mode: llap
            Reduce Operator Tree:
              Merge Join Operator
                condition map:
                     Left Outer Join 0 to 1
                filter predicates:
                  0 {VALUE._col2}
                  1 
                keys:
                  0 
                  1 
                outputColumnNames: _col0, _col1, _col3, _col4
                Statistics: Num rows: 1 Data size: 373 Basic stats: COMPLETE Column stats: NONE
                Reduce Output Operator
                  key expressions: _col0 (type: int)
                  null sort order: z
                  sort order: +
                  Map-reduce partition columns: _col0 (type: int)
                  Statistics: Num rows: 1 Data size: 373 Basic stats: COMPLETE Column stats: NONE
                  value expressions: _col1 (type: string), _col3 (type: int), _col4 (type: string)
        Reducer 3 
            Execution mode: llap
            Reduce Operator Tree:
              Merge Join Operator
                condition map:
                     Left Outer Join 0 to 1
                keys:
                  0 _col0 (type: int)
                  1 _col0 (type: int)
                outputColumnNames: _col0, _col1, _col3, _col4, _col5, _col6
                Statistics: Num rows: 1 Data size: 410 Basic stats: COMPLETE Column stats: NONE
                Select Operator
                  expressions: _col0 (type: int), _col1 (type: string), _col3 (type: int), _col4 (type: string), _col5 (type: int), _col6 (type: string)
                  outputColumnNames: _col0, _col1, _col2, _col3, _col4, _col5
                  Statistics: Num rows: 1 Data size: 410 Basic stats: COMPLETE Column stats: NONE
                  File Output Operator
                    compressed: false
                    Statistics: Num rows: 1 Data size: 410 Basic stats: COMPLETE Column stats: NONE
                    table:
                        input format: org.apache.hadoop.mapred.SequenceFileInputFormat
                        output format: org.apache.hadoop.hive.ql.io.HiveSequenceFileOutputFormat
                        serde: org.apache.hadoop.hive.serde2.lazy.LazySimpleSerDe
        Reducer 5 
            Execution mode: vectorized, llap
            Reduce Operator Tree:
              Group By Operator
                keys: KEY._col0 (type: string)
                mode: mergepartial
                outputColumnNames: _col0
                Statistics: Num rows: 1 Data size: 184 Basic stats: COMPLETE Column stats: NONE
                Select Operator
                  expressions: 2017 (type: int), _col0 (type: string)
                  outputColumnNames: _col0, _col1
                  Statistics: Num rows: 1 Data size: 184 Basic stats: COMPLETE Column stats: NONE
                  Reduce Output Operator
                    null sort order: 
                    sort order: 
                    Statistics: Num rows: 1 Data size: 184 Basic stats: COMPLETE Column stats: NONE
                    value expressions: _col0 (type: int), _col1 (type: string)

  Stage: Stage-0
    Fetch Operator
      limit: -1
      Processor Tree:
        ListSink

