Warning: Shuffle Join MERGEJOIN[16][tables = [$hdt$_0, $hdt$_1]] in Stage 'Reducer 2' is a cross product
PREHOOK: query: EXPLAIN
SELECT *
FROM srcpart a JOIN srcpart b
ON a.key = b.key
WHERE a.ds = '2008-04-08' AND
      b.ds = '2008-04-08' AND
      CASE a.key
        WHEN '27' THEN TRUE
        WHEN '38' THEN FALSE
        ELSE NULL
       END
ORDER BY a.key, a.value, a.ds, a.hr, b.key, b.value, b.ds, b.hr
PREHOOK: type: QUERY
PREHOOK: Input: default@srcpart
PREHOOK: Input: default@srcpart@ds=2008-04-08/hr=11
PREHOOK: Input: default@srcpart@ds=2008-04-08/hr=12
#### A masked pattern was here ####
POSTHOOK: query: EXPLAIN
SELECT *
FROM srcpart a JOIN srcpart b
ON a.key = b.key
WHERE a.ds = '2008-04-08' AND
      b.ds = '2008-04-08' AND
      CASE a.key
        WHEN '27' THEN TRUE
        WHEN '38' THEN FALSE
        ELSE NULL
       END
ORDER BY a.key, a.value, a.ds, a.hr, b.key, b.value, b.ds, b.hr
POSTHOOK: type: QUERY
POSTHOOK: Input: default@srcpart
POSTHOOK: Input: default@srcpart@ds=2008-04-08/hr=11
POSTHOOK: Input: default@srcpart@ds=2008-04-08/hr=12
#### A masked pattern was here ####
STAGE DEPENDENCIES:
  Stage-1 is a root stage
  Stage-0 depends on stages: Stage-1

STAGE PLANS:
  Stage: Stage-1
    Tez
#### A masked pattern was here ####
      Edges:
        Reducer 2 <- Map 1 (XPROD_EDGE), Map 4 (XPROD_EDGE)
        Reducer 3 <- Reducer 2 (SIMPLE_EDGE)
#### A masked pattern was here ####
      Vertices:
        Map 1 
            Map Operator Tree:
                TableScan
                  alias: a
                  filterExpr: ((key = '27') and (ds = '2008-04-08')) (type: boolean)
                  Statistics: Num rows: 1000 Data size: 546000 Basic stats: COMPLETE Column stats: COMPLETE
                  Filter Operator
                    predicate: ((key = '27') and (ds = '2008-04-08')) (type: boolean)
                    Statistics: Num rows: 3 Data size: 1638 Basic stats: COMPLETE Column stats: COMPLETE
                    Select Operator
                      expressions: value (type: string), hr (type: string)
                      outputColumnNames: _col0, _col1
                      Statistics: Num rows: 3 Data size: 825 Basic stats: COMPLETE Column stats: COMPLETE
                      Reduce Output Operator
                        null sort order: 
                        sort order: 
                        Statistics: Num rows: 3 Data size: 825 Basic stats: COMPLETE Column stats: COMPLETE
                        value expressions: _col0 (type: string), _col1 (type: string)
            Execution mode: vectorized, llap
            LLAP IO: all inputs
        Map 4 
            Map Operator Tree:
                TableScan
                  alias: b
                  filterExpr: ((key = '27') and (ds = '2008-04-08')) (type: boolean)
                  Statistics: Num rows: 1000 Data size: 546000 Basic stats: COMPLETE Column stats: COMPLETE
                  Filter Operator
                    predicate: ((key = '27') and (ds = '2008-04-08')) (type: boolean)
                    Statistics: Num rows: 3 Data size: 1638 Basic stats: COMPLETE Column stats: COMPLETE
                    Select Operator
                      expressions: value (type: string), hr (type: string)
                      outputColumnNames: _col0, _col1
                      Statistics: Num rows: 3 Data size: 825 Basic stats: COMPLETE Column stats: COMPLETE
                      Reduce Output Operator
                        null sort order: 
                        sort order: 
                        Statistics: Num rows: 3 Data size: 825 Basic stats: COMPLETE Column stats: COMPLETE
                        value expressions: _col0 (type: string), _col1 (type: string)
            Execution mode: vectorized, llap
            LLAP IO: all inputs
        Reducer 2 
            Execution mode: llap
            Reduce Operator Tree:
              Merge Join Operator
                condition map:
                     Inner Join 0 to 1
                keys:
                  0 
                  1 
                outputColumnNames: _col0, _col1, _col2, _col3
                Statistics: Num rows: 9 Data size: 4950 Basic stats: COMPLETE Column stats: COMPLETE
                Reduce Output Operator
                  key expressions: _col0 (type: string), _col1 (type: string), _col2 (type: string), _col3 (type: string)
                  null sort order: zzzz
                  sort order: ++++
                  Statistics: Num rows: 9 Data size: 4950 Basic stats: COMPLETE Column stats: COMPLETE
        Reducer 3 
            Execution mode: vectorized, llap
            Reduce Operator Tree:
              Select Operator
                expressions: '27' (type: string), KEY.reducesinkkey0 (type: string), '2008-04-08' (type: string), KEY.reducesinkkey1 (type: string), '27' (type: string), KEY.reducesinkkey2 (type: string), '2008-04-08' (type: string), KEY.reducesinkkey3 (type: string)
                outputColumnNames: _col0, _col1, _col2, _col3, _col4, _col5, _col6, _col7
                Statistics: Num rows: 9 Data size: 8190 Basic stats: COMPLETE Column stats: COMPLETE
                File Output Operator
                  compressed: false
                  Statistics: Num rows: 9 Data size: 8190 Basic stats: COMPLETE Column stats: COMPLETE
                  table:
                      input format: org.apache.hadoop.mapred.SequenceFileInputFormat
                      output format: org.apache.hadoop.hive.ql.io.HiveSequenceFileOutputFormat
                      serde: org.apache.hadoop.hive.serde2.lazy.LazySimpleSerDe

  Stage: Stage-0
    Fetch Operator
      limit: -1
      Processor Tree:
        ListSink

Warning: Shuffle Join MERGEJOIN[16][tables = [$hdt$_0, $hdt$_1]] in Stage 'Reducer 2' is a cross product
PREHOOK: query: SELECT *
FROM srcpart a JOIN srcpart b
ON a.key = b.key
WHERE a.ds = '2008-04-08' AND
      b.ds = '2008-04-08' AND
      CASE a.key
        WHEN '27' THEN TRUE
        WHEN '38' THEN FALSE
        ELSE NULL
       END
ORDER BY a.key, a.value, a.ds, a.hr, b.key, b.value, b.ds, b.hr
PREHOOK: type: QUERY
PREHOOK: Input: default@srcpart
PREHOOK: Input: default@srcpart@ds=2008-04-08/hr=11
PREHOOK: Input: default@srcpart@ds=2008-04-08/hr=12
#### A masked pattern was here ####
POSTHOOK: query: SELECT *
FROM srcpart a JOIN srcpart b
ON a.key = b.key
WHERE a.ds = '2008-04-08' AND
      b.ds = '2008-04-08' AND
      CASE a.key
        WHEN '27' THEN TRUE
        WHEN '38' THEN FALSE
        ELSE NULL
       END
ORDER BY a.key, a.value, a.ds, a.hr, b.key, b.value, b.ds, b.hr
POSTHOOK: type: QUERY
POSTHOOK: Input: default@srcpart
POSTHOOK: Input: default@srcpart@ds=2008-04-08/hr=11
POSTHOOK: Input: default@srcpart@ds=2008-04-08/hr=12
#### A masked pattern was here ####
27	val_27	2008-04-08	11	27	val_27	2008-04-08	11
27	val_27	2008-04-08	11	27	val_27	2008-04-08	12
27	val_27	2008-04-08	12	27	val_27	2008-04-08	11
27	val_27	2008-04-08	12	27	val_27	2008-04-08	12
Warning: Shuffle Join MERGEJOIN[16][tables = [$hdt$_0, $hdt$_1]] in Stage 'Reducer 2' is a cross product
PREHOOK: query: EXPLAIN
SELECT *
FROM srcpart a JOIN srcpart b
ON a.key = b.key
WHERE a.ds = '2008-04-08' AND
      b.ds = '2008-04-08' AND
      CASE a.key
        WHEN '27' THEN TRUE
        WHEN '38' THEN FALSE
        ELSE NULL
       END
ORDER BY a.key, a.value, a.ds, a.hr, b.key, b.value, b.ds, b.hr
PREHOOK: type: QUERY
PREHOOK: Input: default@srcpart
PREHOOK: Input: default@srcpart@ds=2008-04-08/hr=11
PREHOOK: Input: default@srcpart@ds=2008-04-08/hr=12
#### A masked pattern was here ####
POSTHOOK: query: EXPLAIN
SELECT *
FROM srcpart a JOIN srcpart b
ON a.key = b.key
WHERE a.ds = '2008-04-08' AND
      b.ds = '2008-04-08' AND
      CASE a.key
        WHEN '27' THEN TRUE
        WHEN '38' THEN FALSE
        ELSE NULL
       END
ORDER BY a.key, a.value, a.ds, a.hr, b.key, b.value, b.ds, b.hr
POSTHOOK: type: QUERY
POSTHOOK: Input: default@srcpart
POSTHOOK: Input: default@srcpart@ds=2008-04-08/hr=11
POSTHOOK: Input: default@srcpart@ds=2008-04-08/hr=12
#### A masked pattern was here ####
STAGE DEPENDENCIES:
  Stage-1 is a root stage
  Stage-0 depends on stages: Stage-1

STAGE PLANS:
  Stage: Stage-1
    Tez
#### A masked pattern was here ####
      Edges:
        Reducer 2 <- Map 1 (XPROD_EDGE), Map 4 (XPROD_EDGE)
        Reducer 3 <- Reducer 2 (SIMPLE_EDGE)
#### A masked pattern was here ####
      Vertices:
        Map 1 
            Map Operator Tree:
                TableScan
                  alias: a
                  filterExpr: ((key = '27') and (ds = '2008-04-08')) (type: boolean)
                  Statistics: Num rows: 1000 Data size: 362000 Basic stats: COMPLETE Column stats: COMPLETE
                  Filter Operator
                    predicate: (key = '27') (type: boolean)
                    Statistics: Num rows: 3 Data size: 1086 Basic stats: COMPLETE Column stats: COMPLETE
                    Select Operator
                      expressions: value (type: string), hr (type: string)
                      outputColumnNames: _col0, _col1
                      Statistics: Num rows: 3 Data size: 825 Basic stats: COMPLETE Column stats: COMPLETE
                      Reduce Output Operator
                        null sort order: 
                        sort order: 
                        Statistics: Num rows: 3 Data size: 825 Basic stats: COMPLETE Column stats: COMPLETE
                        value expressions: _col0 (type: string), _col1 (type: string)
            Execution mode: vectorized, llap
            LLAP IO: all inputs
        Map 4 
            Map Operator Tree:
                TableScan
                  alias: b
                  filterExpr: ((key = '27') and (ds = '2008-04-08')) (type: boolean)
                  Statistics: Num rows: 1000 Data size: 362000 Basic stats: COMPLETE Column stats: COMPLETE
                  Filter Operator
                    predicate: (key = '27') (type: boolean)
                    Statistics: Num rows: 3 Data size: 1086 Basic stats: COMPLETE Column stats: COMPLETE
                    Select Operator
                      expressions: value (type: string), hr (type: string)
                      outputColumnNames: _col0, _col1
                      Statistics: Num rows: 3 Data size: 825 Basic stats: COMPLETE Column stats: COMPLETE
                      Reduce Output Operator
                        null sort order: 
                        sort order: 
                        Statistics: Num rows: 3 Data size: 825 Basic stats: COMPLETE Column stats: COMPLETE
                        value expressions: _col0 (type: string), _col1 (type: string)
            Execution mode: vectorized, llap
            LLAP IO: all inputs
        Reducer 2 
            Execution mode: llap
            Reduce Operator Tree:
              Merge Join Operator
                condition map:
                     Inner Join 0 to 1
                keys:
                  0 
                  1 
                outputColumnNames: _col0, _col1, _col2, _col3
                Statistics: Num rows: 9 Data size: 4950 Basic stats: COMPLETE Column stats: COMPLETE
                Reduce Output Operator
                  key expressions: _col0 (type: string), _col1 (type: string), _col2 (type: string), _col3 (type: string)
                  null sort order: zzzz
                  sort order: ++++
                  Statistics: Num rows: 9 Data size: 4950 Basic stats: COMPLETE Column stats: COMPLETE
        Reducer 3 
            Execution mode: vectorized, llap
            Reduce Operator Tree:
              Select Operator
                expressions: '27' (type: string), KEY.reducesinkkey0 (type: string), '2008-04-08' (type: string), KEY.reducesinkkey1 (type: string), '27' (type: string), KEY.reducesinkkey2 (type: string), '2008-04-08' (type: string), KEY.reducesinkkey3 (type: string)
                outputColumnNames: _col0, _col1, _col2, _col3, _col4, _col5, _col6, _col7
                Statistics: Num rows: 9 Data size: 8190 Basic stats: COMPLETE Column stats: COMPLETE
                File Output Operator
                  compressed: false
                  Statistics: Num rows: 9 Data size: 8190 Basic stats: COMPLETE Column stats: COMPLETE
                  table:
                      input format: org.apache.hadoop.mapred.SequenceFileInputFormat
                      output format: org.apache.hadoop.hive.ql.io.HiveSequenceFileOutputFormat
                      serde: org.apache.hadoop.hive.serde2.lazy.LazySimpleSerDe

  Stage: Stage-0
    Fetch Operator
      limit: -1
      Processor Tree:
        ListSink

Warning: Shuffle Join MERGEJOIN[16][tables = [$hdt$_0, $hdt$_1]] in Stage 'Reducer 2' is a cross product
PREHOOK: query: SELECT *
FROM srcpart a JOIN srcpart b
ON a.key = b.key
WHERE a.ds = '2008-04-08' AND
      b.ds = '2008-04-08' AND
      CASE a.key
        WHEN '27' THEN TRUE
        WHEN '38' THEN FALSE
        ELSE NULL
       END
ORDER BY a.key, a.value, a.ds, a.hr, b.key, b.value, b.ds, b.hr
PREHOOK: type: QUERY
PREHOOK: Input: default@srcpart
PREHOOK: Input: default@srcpart@ds=2008-04-08/hr=11
PREHOOK: Input: default@srcpart@ds=2008-04-08/hr=12
#### A masked pattern was here ####
POSTHOOK: query: SELECT *
FROM srcpart a JOIN srcpart b
ON a.key = b.key
WHERE a.ds = '2008-04-08' AND
      b.ds = '2008-04-08' AND
      CASE a.key
        WHEN '27' THEN TRUE
        WHEN '38' THEN FALSE
        ELSE NULL
       END
ORDER BY a.key, a.value, a.ds, a.hr, b.key, b.value, b.ds, b.hr
POSTHOOK: type: QUERY
POSTHOOK: Input: default@srcpart
POSTHOOK: Input: default@srcpart@ds=2008-04-08/hr=11
POSTHOOK: Input: default@srcpart@ds=2008-04-08/hr=12
#### A masked pattern was here ####
27	val_27	2008-04-08	11	27	val_27	2008-04-08	11
27	val_27	2008-04-08	11	27	val_27	2008-04-08	12
27	val_27	2008-04-08	12	27	val_27	2008-04-08	11
27	val_27	2008-04-08	12	27	val_27	2008-04-08	12
