PREHOOK: query: create table t1_n98 (id int, key string, value string)
PREHOOK: type: CREATETABLE
PREHOOK: Output: database:default
PREHOOK: Output: default@t1_n98
POSTHOOK: query: create table t1_n98 (id int, key string, value string)
POSTHOOK: type: CREATETABLE
POSTHOOK: Output: database:default
POSTHOOK: Output: default@t1_n98
PREHOOK: query: create table t2_n61 (id int, key string, value string)
PREHOOK: type: CREATETABLE
PREHOOK: Output: database:default
PREHOOK: Output: default@t2_n61
POSTHOOK: query: create table t2_n61 (id int, key string, value string)
POSTHOOK: type: CREATETABLE
POSTHOOK: Output: database:default
POSTHOOK: Output: default@t2_n61
PREHOOK: query: create table t3_n23 (id int, key string, value string)
PREHOOK: type: CREATETABLE
PREHOOK: Output: database:default
PREHOOK: Output: default@t3_n23
POSTHOOK: query: create table t3_n23 (id int, key string, value string)
POSTHOOK: type: CREATETABLE
POSTHOOK: Output: database:default
POSTHOOK: Output: default@t3_n23
PREHOOK: query: create table t4_n12 (id int, key string, value string)
PREHOOK: type: CREATETABLE
PREHOOK: Output: database:default
PREHOOK: Output: default@t4_n12
POSTHOOK: query: create table t4_n12 (id int, key string, value string)
POSTHOOK: type: CREATETABLE
POSTHOOK: Output: database:default
POSTHOOK: Output: default@t4_n12
Warning: Shuffle Join MERGEJOIN[20][tables = [$hdt$_0, $hdt$_1]] in Stage 'Reducer 2' is a cross product
Warning: Shuffle Join MERGEJOIN[21][tables = [$hdt$_0, $hdt$_1, $hdt$_2]] in Stage 'Reducer 3' is a cross product
PREHOOK: query: explain select * from t1_n98 full outer join t2_n61 on t1_n98.id=t2_n61.id join t3_n23 on t2_n61.id=t3_n23.id where t3_n23.id=20
PREHOOK: type: QUERY
PREHOOK: Input: default@t1_n98
PREHOOK: Input: default@t2_n61
PREHOOK: Input: default@t3_n23
#### A masked pattern was here ####
POSTHOOK: query: explain select * from t1_n98 full outer join t2_n61 on t1_n98.id=t2_n61.id join t3_n23 on t2_n61.id=t3_n23.id where t3_n23.id=20
POSTHOOK: type: QUERY
POSTHOOK: Input: default@t1_n98
POSTHOOK: Input: default@t2_n61
POSTHOOK: Input: default@t3_n23
#### A masked pattern was here ####
STAGE DEPENDENCIES:
  Stage-1 is a root stage
  Stage-0 depends on stages: Stage-1

STAGE PLANS:
  Stage: Stage-1
    Tez
#### A masked pattern was here ####
      Edges:
        Reducer 2 <- Map 1 (CUSTOM_SIMPLE_EDGE), Map 4 (CUSTOM_SIMPLE_EDGE)
        Reducer 3 <- Map 5 (XPROD_EDGE), Reducer 2 (XPROD_EDGE)
#### A masked pattern was here ####
      Vertices:
        Map 1 
            Map Operator Tree:
                TableScan
                  alias: t1_n98
                  filterExpr: (id = 20) (type: boolean)
                  Statistics: Num rows: 1 Data size: 372 Basic stats: COMPLETE Column stats: NONE
                  Filter Operator
                    predicate: (id = 20) (type: boolean)
                    Statistics: Num rows: 1 Data size: 372 Basic stats: COMPLETE Column stats: NONE
                    Select Operator
                      expressions: 20 (type: int), key (type: string), value (type: string)
                      outputColumnNames: _col0, _col1, _col2
                      Statistics: Num rows: 1 Data size: 372 Basic stats: COMPLETE Column stats: NONE
                      Reduce Output Operator
                        null sort order: 
                        sort order: 
                        Statistics: Num rows: 1 Data size: 372 Basic stats: COMPLETE Column stats: NONE
                        value expressions: _col0 (type: int), _col1 (type: string), _col2 (type: string)
            Execution mode: vectorized, llap
            LLAP IO: no inputs
        Map 4 
            Map Operator Tree:
                TableScan
                  alias: t2_n61
                  filterExpr: (id = 20) (type: boolean)
                  Statistics: Num rows: 1 Data size: 372 Basic stats: COMPLETE Column stats: NONE
                  Filter Operator
                    predicate: (id = 20) (type: boolean)
                    Statistics: Num rows: 1 Data size: 372 Basic stats: COMPLETE Column stats: NONE
                    Select Operator
                      expressions: key (type: string), value (type: string)
                      outputColumnNames: _col0, _col1
                      Statistics: Num rows: 1 Data size: 372 Basic stats: COMPLETE Column stats: NONE
                      Reduce Output Operator
                        null sort order: 
                        sort order: 
                        Statistics: Num rows: 1 Data size: 372 Basic stats: COMPLETE Column stats: NONE
                        value expressions: _col0 (type: string), _col1 (type: string)
            Execution mode: vectorized, llap
            LLAP IO: no inputs
        Map 5 
            Map Operator Tree:
                TableScan
                  alias: t3_n23
                  filterExpr: (id = 20) (type: boolean)
                  Statistics: Num rows: 1 Data size: 372 Basic stats: COMPLETE Column stats: NONE
                  Filter Operator
                    predicate: (id = 20) (type: boolean)
                    Statistics: Num rows: 1 Data size: 372 Basic stats: COMPLETE Column stats: NONE
                    Select Operator
                      expressions: key (type: string), value (type: string)
                      outputColumnNames: _col0, _col1
                      Statistics: Num rows: 1 Data size: 372 Basic stats: COMPLETE Column stats: NONE
                      Reduce Output Operator
                        null sort order: 
                        sort order: 
                        Statistics: Num rows: 1 Data size: 372 Basic stats: COMPLETE Column stats: NONE
                        value expressions: _col0 (type: string), _col1 (type: string)
            Execution mode: vectorized, llap
            LLAP IO: no inputs
        Reducer 2 
            Execution mode: llap
            Reduce Operator Tree:
              Merge Join Operator
                condition map:
                     Right Outer Join 0 to 1
                filter predicates:
                  0 
                  1 {true}
                keys:
                  0 
                  1 
                outputColumnNames: _col0, _col1, _col2, _col3, _col4
                Statistics: Num rows: 1 Data size: 745 Basic stats: COMPLETE Column stats: NONE
                Reduce Output Operator
                  null sort order: 
                  sort order: 
                  Statistics: Num rows: 1 Data size: 745 Basic stats: COMPLETE Column stats: NONE
                  value expressions: _col0 (type: int), _col1 (type: string), _col2 (type: string), _col3 (type: string), _col4 (type: string)
        Reducer 3 
            Execution mode: llap
            Reduce Operator Tree:
              Merge Join Operator
                condition map:
                     Inner Join 0 to 1
                keys:
                  0 
                  1 
                outputColumnNames: _col0, _col1, _col2, _col3, _col4, _col5, _col6
                Statistics: Num rows: 1 Data size: 1118 Basic stats: COMPLETE Column stats: NONE
                Select Operator
                  expressions: _col0 (type: int), _col1 (type: string), _col2 (type: string), 20 (type: int), _col3 (type: string), _col4 (type: string), 20 (type: int), _col5 (type: string), _col6 (type: string)
                  outputColumnNames: _col0, _col1, _col2, _col3, _col4, _col5, _col6, _col7, _col8
                  Statistics: Num rows: 1 Data size: 1118 Basic stats: COMPLETE Column stats: NONE
                  File Output Operator
                    compressed: false
                    Statistics: Num rows: 1 Data size: 1118 Basic stats: COMPLETE Column stats: NONE
                    table:
                        input format: org.apache.hadoop.mapred.SequenceFileInputFormat
                        output format: org.apache.hadoop.hive.ql.io.HiveSequenceFileOutputFormat
                        serde: org.apache.hadoop.hive.serde2.lazy.LazySimpleSerDe

  Stage: Stage-0
    Fetch Operator
      limit: -1
      Processor Tree:
        ListSink

Warning: Shuffle Join MERGEJOIN[20][tables = [$hdt$_0, $hdt$_1]] in Stage 'Reducer 2' is a cross product
Warning: Shuffle Join MERGEJOIN[21][tables = [$hdt$_0, $hdt$_1, $hdt$_2]] in Stage 'Reducer 3' is a cross product
PREHOOK: query: explain select * from t1_n98 join t2_n61 on (t1_n98.id=t2_n61.id) left outer join t3_n23 on (t2_n61.id=t3_n23.id) where t2_n61.id=20
PREHOOK: type: QUERY
PREHOOK: Input: default@t1_n98
PREHOOK: Input: default@t2_n61
PREHOOK: Input: default@t3_n23
#### A masked pattern was here ####
POSTHOOK: query: explain select * from t1_n98 join t2_n61 on (t1_n98.id=t2_n61.id) left outer join t3_n23 on (t2_n61.id=t3_n23.id) where t2_n61.id=20
POSTHOOK: type: QUERY
POSTHOOK: Input: default@t1_n98
POSTHOOK: Input: default@t2_n61
POSTHOOK: Input: default@t3_n23
#### A masked pattern was here ####
STAGE DEPENDENCIES:
  Stage-1 is a root stage
  Stage-0 depends on stages: Stage-1

STAGE PLANS:
  Stage: Stage-1
    Tez
#### A masked pattern was here ####
      Edges:
        Reducer 2 <- Map 1 (XPROD_EDGE), Map 4 (XPROD_EDGE)
        Reducer 3 <- Map 5 (CUSTOM_SIMPLE_EDGE), Reducer 2 (CUSTOM_SIMPLE_EDGE)
#### A masked pattern was here ####
      Vertices:
        Map 1 
            Map Operator Tree:
                TableScan
                  alias: t1_n98
                  filterExpr: (id = 20) (type: boolean)
                  Statistics: Num rows: 1 Data size: 372 Basic stats: COMPLETE Column stats: NONE
                  Filter Operator
                    predicate: (id = 20) (type: boolean)
                    Statistics: Num rows: 1 Data size: 372 Basic stats: COMPLETE Column stats: NONE
                    Select Operator
                      expressions: key (type: string), value (type: string)
                      outputColumnNames: _col0, _col1
                      Statistics: Num rows: 1 Data size: 372 Basic stats: COMPLETE Column stats: NONE
                      Reduce Output Operator
                        null sort order: 
                        sort order: 
                        Statistics: Num rows: 1 Data size: 372 Basic stats: COMPLETE Column stats: NONE
                        value expressions: _col0 (type: string), _col1 (type: string)
            Execution mode: vectorized, llap
            LLAP IO: no inputs
        Map 4 
            Map Operator Tree:
                TableScan
                  alias: t2_n61
                  filterExpr: (id = 20) (type: boolean)
                  Statistics: Num rows: 1 Data size: 372 Basic stats: COMPLETE Column stats: NONE
                  Filter Operator
                    predicate: (id = 20) (type: boolean)
                    Statistics: Num rows: 1 Data size: 372 Basic stats: COMPLETE Column stats: NONE
                    Select Operator
                      expressions: key (type: string), value (type: string)
                      outputColumnNames: _col0, _col1
                      Statistics: Num rows: 1 Data size: 372 Basic stats: COMPLETE Column stats: NONE
                      Reduce Output Operator
                        null sort order: 
                        sort order: 
                        Statistics: Num rows: 1 Data size: 372 Basic stats: COMPLETE Column stats: NONE
                        value expressions: _col0 (type: string), _col1 (type: string)
            Execution mode: vectorized, llap
            LLAP IO: no inputs
        Map 5 
            Map Operator Tree:
                TableScan
                  alias: t3_n23
                  filterExpr: (id = 20) (type: boolean)
                  Statistics: Num rows: 1 Data size: 372 Basic stats: COMPLETE Column stats: NONE
                  Filter Operator
                    predicate: (id = 20) (type: boolean)
                    Statistics: Num rows: 1 Data size: 372 Basic stats: COMPLETE Column stats: NONE
                    Select Operator
                      expressions: 20 (type: int), key (type: string), value (type: string)
                      outputColumnNames: _col0, _col1, _col2
                      Statistics: Num rows: 1 Data size: 372 Basic stats: COMPLETE Column stats: NONE
                      Reduce Output Operator
                        null sort order: 
                        sort order: 
                        Statistics: Num rows: 1 Data size: 372 Basic stats: COMPLETE Column stats: NONE
                        value expressions: _col0 (type: int), _col1 (type: string), _col2 (type: string)
            Execution mode: vectorized, llap
            LLAP IO: no inputs
        Reducer 2 
            Execution mode: llap
            Reduce Operator Tree:
              Merge Join Operator
                condition map:
                     Inner Join 0 to 1
                keys:
                  0 
                  1 
                outputColumnNames: _col0, _col1, _col2, _col3
                Statistics: Num rows: 1 Data size: 745 Basic stats: COMPLETE Column stats: NONE
                Reduce Output Operator
                  null sort order: 
                  sort order: 
                  Statistics: Num rows: 1 Data size: 745 Basic stats: COMPLETE Column stats: NONE
                  value expressions: _col0 (type: string), _col1 (type: string), _col2 (type: string), _col3 (type: string)
        Reducer 3 
            Execution mode: llap
            Reduce Operator Tree:
              Merge Join Operator
                condition map:
                     Left Outer Join 0 to 1
                keys:
                  0 
                  1 
                outputColumnNames: _col0, _col1, _col2, _col3, _col4, _col5, _col6
                Statistics: Num rows: 1 Data size: 1118 Basic stats: COMPLETE Column stats: NONE
                Select Operator
                  expressions: 20 (type: int), _col0 (type: string), _col1 (type: string), 20 (type: int), _col2 (type: string), _col3 (type: string), _col4 (type: int), _col5 (type: string), _col6 (type: string)
                  outputColumnNames: _col0, _col1, _col2, _col3, _col4, _col5, _col6, _col7, _col8
                  Statistics: Num rows: 1 Data size: 1118 Basic stats: COMPLETE Column stats: NONE
                  File Output Operator
                    compressed: false
                    Statistics: Num rows: 1 Data size: 1118 Basic stats: COMPLETE Column stats: NONE
                    table:
                        input format: org.apache.hadoop.mapred.SequenceFileInputFormat
                        output format: org.apache.hadoop.hive.ql.io.HiveSequenceFileOutputFormat
                        serde: org.apache.hadoop.hive.serde2.lazy.LazySimpleSerDe

  Stage: Stage-0
    Fetch Operator
      limit: -1
      Processor Tree:
        ListSink

Warning: Shuffle Join MERGEJOIN[20][tables = [$hdt$_0, $hdt$_1]] in Stage 'Reducer 2' is a cross product
Warning: Shuffle Join MERGEJOIN[21][tables = [$hdt$_0, $hdt$_1, $hdt$_2]] in Stage 'Reducer 3' is a cross product
PREHOOK: query: explain select * from t1_n98 join t2_n61 on (t1_n98.id=t2_n61.id) left outer join t3_n23 on (t1_n98.id=t3_n23.id) where t2_n61.id=20
PREHOOK: type: QUERY
PREHOOK: Input: default@t1_n98
PREHOOK: Input: default@t2_n61
PREHOOK: Input: default@t3_n23
#### A masked pattern was here ####
POSTHOOK: query: explain select * from t1_n98 join t2_n61 on (t1_n98.id=t2_n61.id) left outer join t3_n23 on (t1_n98.id=t3_n23.id) where t2_n61.id=20
POSTHOOK: type: QUERY
POSTHOOK: Input: default@t1_n98
POSTHOOK: Input: default@t2_n61
POSTHOOK: Input: default@t3_n23
#### A masked pattern was here ####
STAGE DEPENDENCIES:
  Stage-1 is a root stage
  Stage-0 depends on stages: Stage-1

STAGE PLANS:
  Stage: Stage-1
    Tez
#### A masked pattern was here ####
      Edges:
        Reducer 2 <- Map 1 (XPROD_EDGE), Map 4 (XPROD_EDGE)
        Reducer 3 <- Map 5 (CUSTOM_SIMPLE_EDGE), Reducer 2 (CUSTOM_SIMPLE_EDGE)
#### A masked pattern was here ####
      Vertices:
        Map 1 
            Map Operator Tree:
                TableScan
                  alias: t1_n98
                  filterExpr: (id = 20) (type: boolean)
                  Statistics: Num rows: 1 Data size: 372 Basic stats: COMPLETE Column stats: NONE
                  Filter Operator
                    predicate: (id = 20) (type: boolean)
                    Statistics: Num rows: 1 Data size: 372 Basic stats: COMPLETE Column stats: NONE
                    Select Operator
                      expressions: key (type: string), value (type: string)
                      outputColumnNames: _col0, _col1
                      Statistics: Num rows: 1 Data size: 372 Basic stats: COMPLETE Column stats: NONE
                      Reduce Output Operator
                        null sort order: 
                        sort order: 
                        Statistics: Num rows: 1 Data size: 372 Basic stats: COMPLETE Column stats: NONE
                        value expressions: _col0 (type: string), _col1 (type: string)
            Execution mode: vectorized, llap
            LLAP IO: no inputs
        Map 4 
            Map Operator Tree:
                TableScan
                  alias: t2_n61
                  filterExpr: (id = 20) (type: boolean)
                  Statistics: Num rows: 1 Data size: 372 Basic stats: COMPLETE Column stats: NONE
                  Filter Operator
                    predicate: (id = 20) (type: boolean)
                    Statistics: Num rows: 1 Data size: 372 Basic stats: COMPLETE Column stats: NONE
                    Select Operator
                      expressions: key (type: string), value (type: string)
                      outputColumnNames: _col0, _col1
                      Statistics: Num rows: 1 Data size: 372 Basic stats: COMPLETE Column stats: NONE
                      Reduce Output Operator
                        null sort order: 
                        sort order: 
                        Statistics: Num rows: 1 Data size: 372 Basic stats: COMPLETE Column stats: NONE
                        value expressions: _col0 (type: string), _col1 (type: string)
            Execution mode: vectorized, llap
            LLAP IO: no inputs
        Map 5 
            Map Operator Tree:
                TableScan
                  alias: t3_n23
                  filterExpr: (id = 20) (type: boolean)
                  Statistics: Num rows: 1 Data size: 372 Basic stats: COMPLETE Column stats: NONE
                  Filter Operator
                    predicate: (id = 20) (type: boolean)
                    Statistics: Num rows: 1 Data size: 372 Basic stats: COMPLETE Column stats: NONE
                    Select Operator
                      expressions: 20 (type: int), key (type: string), value (type: string)
                      outputColumnNames: _col0, _col1, _col2
                      Statistics: Num rows: 1 Data size: 372 Basic stats: COMPLETE Column stats: NONE
                      Reduce Output Operator
                        null sort order: 
                        sort order: 
                        Statistics: Num rows: 1 Data size: 372 Basic stats: COMPLETE Column stats: NONE
                        value expressions: _col0 (type: int), _col1 (type: string), _col2 (type: string)
            Execution mode: vectorized, llap
            LLAP IO: no inputs
        Reducer 2 
            Execution mode: llap
            Reduce Operator Tree:
              Merge Join Operator
                condition map:
                     Inner Join 0 to 1
                keys:
                  0 
                  1 
                outputColumnNames: _col0, _col1, _col2, _col3
                Statistics: Num rows: 1 Data size: 745 Basic stats: COMPLETE Column stats: NONE
                Reduce Output Operator
                  null sort order: 
                  sort order: 
                  Statistics: Num rows: 1 Data size: 745 Basic stats: COMPLETE Column stats: NONE
                  value expressions: _col0 (type: string), _col1 (type: string), _col2 (type: string), _col3 (type: string)
        Reducer 3 
            Execution mode: llap
            Reduce Operator Tree:
              Merge Join Operator
                condition map:
                     Left Outer Join 0 to 1
                keys:
                  0 
                  1 
                outputColumnNames: _col0, _col1, _col2, _col3, _col4, _col5, _col6
                Statistics: Num rows: 1 Data size: 1118 Basic stats: COMPLETE Column stats: NONE
                Select Operator
                  expressions: 20 (type: int), _col0 (type: string), _col1 (type: string), 20 (type: int), _col2 (type: string), _col3 (type: string), _col4 (type: int), _col5 (type: string), _col6 (type: string)
                  outputColumnNames: _col0, _col1, _col2, _col3, _col4, _col5, _col6, _col7, _col8
                  Statistics: Num rows: 1 Data size: 1118 Basic stats: COMPLETE Column stats: NONE
                  File Output Operator
                    compressed: false
                    Statistics: Num rows: 1 Data size: 1118 Basic stats: COMPLETE Column stats: NONE
                    table:
                        input format: org.apache.hadoop.mapred.SequenceFileInputFormat
                        output format: org.apache.hadoop.hive.ql.io.HiveSequenceFileOutputFormat
                        serde: org.apache.hadoop.hive.serde2.lazy.LazySimpleSerDe

  Stage: Stage-0
    Fetch Operator
      limit: -1
      Processor Tree:
        ListSink

PREHOOK: query: drop table t1_n98
PREHOOK: type: DROPTABLE
PREHOOK: Input: default@t1_n98
PREHOOK: Output: default@t1_n98
POSTHOOK: query: drop table t1_n98
POSTHOOK: type: DROPTABLE
POSTHOOK: Input: default@t1_n98
POSTHOOK: Output: default@t1_n98
PREHOOK: query: drop table t2_n61
PREHOOK: type: DROPTABLE
PREHOOK: Input: default@t2_n61
PREHOOK: Output: default@t2_n61
POSTHOOK: query: drop table t2_n61
POSTHOOK: type: DROPTABLE
POSTHOOK: Input: default@t2_n61
POSTHOOK: Output: default@t2_n61
PREHOOK: query: drop table t3_n23
PREHOOK: type: DROPTABLE
PREHOOK: Input: default@t3_n23
PREHOOK: Output: default@t3_n23
POSTHOOK: query: drop table t3_n23
POSTHOOK: type: DROPTABLE
POSTHOOK: Input: default@t3_n23
POSTHOOK: Output: default@t3_n23
PREHOOK: query: drop table t4_n12
PREHOOK: type: DROPTABLE
PREHOOK: Input: default@t4_n12
PREHOOK: Output: default@t4_n12
POSTHOOK: query: drop table t4_n12
POSTHOOK: type: DROPTABLE
POSTHOOK: Input: default@t4_n12
POSTHOOK: Output: default@t4_n12
