PREHOOK: query: create table A (keymap string) partitioned by (ds string)
PREHOOK: type: CREATETABLE
PREHOOK: Output: database:default
PREHOOK: Output: default@A
POSTHOOK: query: create table A (keymap string) partitioned by (ds string)
POSTHOOK: type: CREATETABLE
POSTHOOK: Output: database:default
POSTHOOK: Output: default@A
PREHOOK: query: create table B (keymap string) partitioned by (ds string)
PREHOOK: type: CREATETABLE
PREHOOK: Output: database:default
PREHOOK: Output: default@B
POSTHOOK: query: create table B (keymap string) partitioned by (ds string)
POSTHOOK: type: CREATETABLE
POSTHOOK: Output: database:default
POSTHOOK: Output: default@B
PREHOOK: query: explain extended
select A.ds
from A join B on A.keymap = B.keymap and '2011-10-13' = B.ds
PREHOOK: type: QUERY
PREHOOK: Input: default@a
PREHOOK: Input: default@b
#### A masked pattern was here ####
POSTHOOK: query: explain extended
select A.ds
from A join B on A.keymap = B.keymap and '2011-10-13' = B.ds
POSTHOOK: type: QUERY
POSTHOOK: Input: default@a
POSTHOOK: Input: default@b
#### A masked pattern was here ####
OPTIMIZED SQL: SELECT `t0`.`ds`
FROM (SELECT `keymap`, `ds`
FROM `default`.`a`
WHERE `keymap` IS NOT NULL) AS `t0`
INNER JOIN (SELECT `keymap`
FROM `default`.`b`
WHERE '2011-10-13' = `ds` AND `keymap` IS NOT NULL) AS `t2` ON `t0`.`keymap` = `t2`.`keymap`
STAGE DEPENDENCIES:
  Stage-1 is a root stage
  Stage-0 depends on stages: Stage-1

STAGE PLANS:
  Stage: Stage-1
    Tez
#### A masked pattern was here ####
      Edges:
        Reducer 2 <- Map 1 (SIMPLE_EDGE), Map 3 (SIMPLE_EDGE)
#### A masked pattern was here ####
      Vertices:
        Map 1 
            Map Operator Tree:
                TableScan
                  alias: a
                  filterExpr: keymap is not null (type: boolean)
                  Statistics: Num rows: 1 Data size: 268 Basic stats: COMPLETE Column stats: COMPLETE
                  GatherStats: false
                  Filter Operator
                    isSamplingPred: false
                    predicate: keymap is not null (type: boolean)
                    Statistics: Num rows: 1 Data size: 268 Basic stats: COMPLETE Column stats: COMPLETE
                    Select Operator
                      expressions: keymap (type: string), ds (type: string)
                      outputColumnNames: _col0, _col1
                      Statistics: Num rows: 1 Data size: 268 Basic stats: COMPLETE Column stats: COMPLETE
                      Reduce Output Operator
                        bucketingVersion: 2
                        key expressions: _col0 (type: string)
                        null sort order: z
                        numBuckets: -1
                        sort order: +
                        Map-reduce partition columns: _col0 (type: string)
                        Statistics: Num rows: 1 Data size: 268 Basic stats: COMPLETE Column stats: COMPLETE
                        tag: 0
                        value expressions: _col1 (type: string)
                        auto parallelism: true
            Execution mode: vectorized, llap
            LLAP IO: unknown
        Map 3 
            Map Operator Tree:
                TableScan
                  alias: b
                  filterExpr: ((ds = '2011-10-13') and keymap is not null) (type: boolean)
                  Statistics: Num rows: 1 Data size: 368 Basic stats: COMPLETE Column stats: PARTIAL
                  GatherStats: false
                  Filter Operator
                    isSamplingPred: false
                    predicate: ((ds = '2011-10-13') and keymap is not null) (type: boolean)
                    Statistics: Num rows: 1 Data size: 368 Basic stats: COMPLETE Column stats: PARTIAL
                    Select Operator
                      expressions: keymap (type: string)
                      outputColumnNames: _col0
                      Statistics: Num rows: 1 Data size: 184 Basic stats: COMPLETE Column stats: PARTIAL
                      Reduce Output Operator
                        bucketingVersion: 2
                        key expressions: _col0 (type: string)
                        null sort order: z
                        numBuckets: -1
                        sort order: +
                        Map-reduce partition columns: _col0 (type: string)
                        Statistics: Num rows: 1 Data size: 184 Basic stats: COMPLETE Column stats: PARTIAL
                        tag: 1
                        auto parallelism: true
            Execution mode: vectorized, llap
            LLAP IO: unknown
        Reducer 2 
            Execution mode: llap
            Needs Tagging: false
            Reduce Operator Tree:
              Merge Join Operator
                condition map:
                     Inner Join 0 to 1
                keys:
                  0 _col0 (type: string)
                  1 _col0 (type: string)
                outputColumnNames: _col1
                Position of Big Table: 0
                Statistics: Num rows: 1 Data size: 184 Basic stats: COMPLETE Column stats: PARTIAL
                Select Operator
                  expressions: _col1 (type: string)
                  outputColumnNames: _col0
                  Statistics: Num rows: 1 Data size: 184 Basic stats: COMPLETE Column stats: PARTIAL
                  File Output Operator
                    bucketingVersion: 2
                    compressed: false
                    GlobalTableId: 0
#### A masked pattern was here ####
                    NumFilesPerFileSink: 1
                    Statistics: Num rows: 1 Data size: 184 Basic stats: COMPLETE Column stats: PARTIAL
#### A masked pattern was here ####
                    table:
                        input format: org.apache.hadoop.mapred.SequenceFileInputFormat
                        output format: org.apache.hadoop.hive.ql.io.HiveSequenceFileOutputFormat
                        properties:
                          bucketing_version -1
                          columns _col0
                          columns.types string
                          escape.delim \
                          hive.serialization.extend.additional.nesting.levels true
                          serialization.escape.crlf true
                          serialization.format 1
                          serialization.lib org.apache.hadoop.hive.serde2.lazy.LazySimpleSerDe
                        serde: org.apache.hadoop.hive.serde2.lazy.LazySimpleSerDe
                    TotalFiles: 1
                    GatherStats: false
                    MultiFileSpray: false

  Stage: Stage-0
    Fetch Operator
      limit: -1
      Processor Tree:
        ListSink

