PREHOOK: query: create table src_b(`x+1` string, `!@#$%^&*()_q` string)  
clustered by (`!@#$%^&*()_q`) sorted by (`!@#$%^&*()_q`) into 2 buckets
PREHOOK: type: CREATETABLE
PREHOOK: Output: database:default
PREHOOK: Output: default@src_b
POSTHOOK: query: create table src_b(`x+1` string, `!@#$%^&*()_q` string)  
clustered by (`!@#$%^&*()_q`) sorted by (`!@#$%^&*()_q`) into 2 buckets
POSTHOOK: type: CREATETABLE
POSTHOOK: Output: database:default
POSTHOOK: Output: default@src_b
PREHOOK: query: insert overwrite table src_b
select * from src
PREHOOK: type: QUERY
PREHOOK: Input: default@src
PREHOOK: Output: default@src_b
POSTHOOK: query: insert overwrite table src_b
select * from src
POSTHOOK: type: QUERY
POSTHOOK: Input: default@src
POSTHOOK: Output: default@src_b
POSTHOOK: Lineage: src_b.!@#$%^&*()_q SIMPLE [(src)src.FieldSchema(name:value, type:string, comment:default), ]
POSTHOOK: Lineage: src_b.x+1 SIMPLE [(src)src.FieldSchema(name:key, type:string, comment:default), ]
PREHOOK: query: create table src_b2(`x+1` string, `!@#$%^&*()_q` string)  
clustered by (`!@#$%^&*()_q`) sorted by (`!@#$%^&*()_q`) into 2 buckets
PREHOOK: type: CREATETABLE
PREHOOK: Output: database:default
PREHOOK: Output: default@src_b2
POSTHOOK: query: create table src_b2(`x+1` string, `!@#$%^&*()_q` string)  
clustered by (`!@#$%^&*()_q`) sorted by (`!@#$%^&*()_q`) into 2 buckets
POSTHOOK: type: CREATETABLE
POSTHOOK: Output: database:default
POSTHOOK: Output: default@src_b2
PREHOOK: query: insert overwrite table src_b2
select * from src
PREHOOK: type: QUERY
PREHOOK: Input: default@src
PREHOOK: Output: default@src_b2
POSTHOOK: query: insert overwrite table src_b2
select * from src
POSTHOOK: type: QUERY
POSTHOOK: Input: default@src
POSTHOOK: Output: default@src_b2
POSTHOOK: Lineage: src_b2.!@#$%^&*()_q SIMPLE [(src)src.FieldSchema(name:value, type:string, comment:default), ]
POSTHOOK: Lineage: src_b2.x+1 SIMPLE [(src)src.FieldSchema(name:key, type:string, comment:default), ]
PREHOOK: query: explain select a.`x+1`, a.`!@#$%^&*()_q`, b.`x+1`, b.`!@#$%^&*()_q`
from src_b a join src_b2 b on a.`!@#$%^&*()_q` = b.`!@#$%^&*()_q`
where a.`x+1` < '11'
PREHOOK: type: QUERY
PREHOOK: Input: default@src_b
PREHOOK: Input: default@src_b2
#### A masked pattern was here ####
POSTHOOK: query: explain select a.`x+1`, a.`!@#$%^&*()_q`, b.`x+1`, b.`!@#$%^&*()_q`
from src_b a join src_b2 b on a.`!@#$%^&*()_q` = b.`!@#$%^&*()_q`
where a.`x+1` < '11'
POSTHOOK: type: QUERY
POSTHOOK: Input: default@src_b
POSTHOOK: Input: default@src_b2
#### A masked pattern was here ####
STAGE DEPENDENCIES:
  Stage-1 is a root stage
  Stage-0 depends on stages: Stage-1

STAGE PLANS:
  Stage: Stage-1
    Tez
#### A masked pattern was here ####
      Vertices:
        Map 1 
            Map Operator Tree:
                TableScan
                  alias: b
                  filterExpr: !@#$%^&*()_q is not null (type: boolean)
                  Statistics: Num rows: 500 Data size: 89000 Basic stats: COMPLETE Column stats: COMPLETE
                  Filter Operator
                    predicate: !@#$%^&*()_q is not null (type: boolean)
                    Statistics: Num rows: 500 Data size: 89000 Basic stats: COMPLETE Column stats: COMPLETE
                    Select Operator
                      expressions: x+1 (type: string), !@#$%^&*()_q (type: string)
                      outputColumnNames: _col0, _col1
                      Statistics: Num rows: 500 Data size: 89000 Basic stats: COMPLETE Column stats: COMPLETE
                      Dummy Store
            Map Operator Tree:
                TableScan
                  alias: a
                  filterExpr: ((x+1 < '11') and !@#$%^&*()_q is not null) (type: boolean)
                  Statistics: Num rows: 500 Data size: 89000 Basic stats: COMPLETE Column stats: COMPLETE
                  Filter Operator
                    predicate: ((x+1 < '11') and !@#$%^&*()_q is not null) (type: boolean)
                    Statistics: Num rows: 166 Data size: 29548 Basic stats: COMPLETE Column stats: COMPLETE
                    Select Operator
                      expressions: x+1 (type: string), !@#$%^&*()_q (type: string)
                      outputColumnNames: _col0, _col1
                      Statistics: Num rows: 166 Data size: 29548 Basic stats: COMPLETE Column stats: COMPLETE
                      Merge Join Operator
                        condition map:
                             Inner Join 0 to 1
                        keys:
                          0 _col1 (type: string)
                          1 _col1 (type: string)
                        outputColumnNames: _col0, _col1, _col2, _col3
                        Statistics: Num rows: 270 Data size: 96120 Basic stats: COMPLETE Column stats: COMPLETE
                        File Output Operator
                          compressed: false
                          Statistics: Num rows: 270 Data size: 96120 Basic stats: COMPLETE Column stats: COMPLETE
                          table:
                              input format: org.apache.hadoop.mapred.SequenceFileInputFormat
                              output format: org.apache.hadoop.hive.ql.io.HiveSequenceFileOutputFormat
                              serde: org.apache.hadoop.hive.serde2.lazy.LazySimpleSerDe
            Execution mode: llap

  Stage: Stage-0
    Fetch Operator
      limit: -1
      Processor Tree:
        ListSink

PREHOOK: query: select a.`x+1`, a.`!@#$%^&*()_q`, b.`x+1`, b.`!@#$%^&*()_q`
from src_b a join src_b2 b on a.`!@#$%^&*()_q` = b.`!@#$%^&*()_q`
where a.`x+1` < '11'
PREHOOK: type: QUERY
PREHOOK: Input: default@src_b
PREHOOK: Input: default@src_b2
#### A masked pattern was here ####
POSTHOOK: query: select a.`x+1`, a.`!@#$%^&*()_q`, b.`x+1`, b.`!@#$%^&*()_q`
from src_b a join src_b2 b on a.`!@#$%^&*()_q` = b.`!@#$%^&*()_q`
where a.`x+1` < '11'
POSTHOOK: type: QUERY
POSTHOOK: Input: default@src_b
POSTHOOK: Input: default@src_b2
#### A masked pattern was here ####
0	val_0	0	val_0
0	val_0	0	val_0
0	val_0	0	val_0
0	val_0	0	val_0
0	val_0	0	val_0
0	val_0	0	val_0
0	val_0	0	val_0
0	val_0	0	val_0
0	val_0	0	val_0
104	val_104	104	val_104
104	val_104	104	val_104
104	val_104	104	val_104
104	val_104	104	val_104
105	val_105	105	val_105
10	val_10	10	val_10
100	val_100	100	val_100
100	val_100	100	val_100
100	val_100	100	val_100
100	val_100	100	val_100
103	val_103	103	val_103
103	val_103	103	val_103
103	val_103	103	val_103
103	val_103	103	val_103
