PREHOOK: query: create table a(k string) partitioned by(hs int)
PREHOOK: type: CREATETABLE
PREHOOK: Output: database:default
PREHOOK: Output: default@a
POSTHOOK: query: create table a(k string) partitioned by(hs int)
POSTHOOK: type: CREATETABLE
POSTHOOK: Output: database:default
POSTHOOK: Output: default@a
PREHOOK: query: create table b(k string) partitioned by(hs int)
PREHOOK: type: CREATETABLE
PREHOOK: Output: database:default
PREHOOK: Output: default@b
POSTHOOK: query: create table b(k string) partitioned by(hs int)
POSTHOOK: type: CREATETABLE
POSTHOOK: Output: database:default
POSTHOOK: Output: default@b
PREHOOK: query: explain extended select * from a where rand(1) < 0.1
PREHOOK: type: QUERY
PREHOOK: Input: default@a
#### A masked pattern was here ####
POSTHOOK: query: explain extended select * from a where rand(1) < 0.1
POSTHOOK: type: QUERY
POSTHOOK: Input: default@a
#### A masked pattern was here ####
OPTIMIZED SQL: SELECT `k`, `hs`
FROM `default`.`a`
WHERE RAND(1) < 0.1
STAGE DEPENDENCIES:
  Stage-0 is a root stage

STAGE PLANS:
  Stage: Stage-0
    Fetch Operator
      limit: -1
      Processor Tree:
        TableScan
          alias: a
          GatherStats: false
          Filter Operator
            isSamplingPred: false
            predicate: (rand(1) < 0.1D) (type: boolean)
            Select Operator
              expressions: k (type: string), hs (type: int)
              outputColumnNames: _col0, _col1
              ListSink

PREHOOK: query: explain extended select * from a where rand(1) < 0.1
PREHOOK: type: QUERY
PREHOOK: Input: default@a
#### A masked pattern was here ####
POSTHOOK: query: explain extended select * from a where rand(1) < 0.1
POSTHOOK: type: QUERY
POSTHOOK: Input: default@a
#### A masked pattern was here ####
STAGE DEPENDENCIES:
  Stage-0 is a root stage

STAGE PLANS:
  Stage: Stage-0
    Fetch Operator
      limit: -1
      Processor Tree:
        TableScan
          alias: a
          GatherStats: false
          Filter Operator
            isSamplingPred: false
            predicate: (rand(1) < 0.1) (type: boolean)
            Select Operator
              expressions: k (type: string), hs (type: int)
              outputColumnNames: _col0, _col1
              ListSink

PREHOOK: query: explain extended select a.*, b.* from a join b on a.k = b.k where a.hs = 11 and rand(1) < 0.1 and b.hs <= 10
PREHOOK: type: QUERY
PREHOOK: Input: default@a
PREHOOK: Input: default@b
#### A masked pattern was here ####
POSTHOOK: query: explain extended select a.*, b.* from a join b on a.k = b.k where a.hs = 11 and rand(1) < 0.1 and b.hs <= 10
POSTHOOK: type: QUERY
POSTHOOK: Input: default@a
POSTHOOK: Input: default@b
#### A masked pattern was here ####
OPTIMIZED SQL: SELECT `t0`.`k`, CAST(11 AS INTEGER) AS `hs`, `t2`.`k` AS `k1`, `t2`.`hs` AS `hs1`
FROM (SELECT `k`, CAST(11 AS INTEGER) AS `hs`
FROM `default`.`a`
WHERE `hs` = 11 AND `k` IS NOT NULL) AS `t0`
INNER JOIN (SELECT `k`, `hs`
FROM `default`.`b`
WHERE `hs` <= 10 AND `k` IS NOT NULL) AS `t2` ON `t0`.`k` = `t2`.`k`
WHERE RAND(1) < 0.1
STAGE DEPENDENCIES:
  Stage-1 is a root stage
  Stage-0 depends on stages: Stage-1

STAGE PLANS:
  Stage: Stage-1
    Tez
#### A masked pattern was here ####
      Edges:
        Reducer 2 <- Map 1 (SIMPLE_EDGE), Map 3 (SIMPLE_EDGE)
#### A masked pattern was here ####
      Vertices:
        Map 1 
            Map Operator Tree:
                TableScan
                  alias: a
                  filterExpr: ((hs = 11) and k is not null) (type: boolean)
                  Statistics: Num rows: 1 Data size: 88 Basic stats: COMPLETE Column stats: COMPLETE
                  GatherStats: false
                  Filter Operator
                    isSamplingPred: false
                    predicate: ((hs = 11) and k is not null) (type: boolean)
                    Statistics: Num rows: 1 Data size: 88 Basic stats: COMPLETE Column stats: COMPLETE
                    Select Operator
                      expressions: k (type: string)
                      outputColumnNames: _col0
                      Statistics: Num rows: 1 Data size: 88 Basic stats: COMPLETE Column stats: COMPLETE
                      Reduce Output Operator
                        bucketingVersion: 2
                        key expressions: _col0 (type: string)
                        null sort order: z
                        numBuckets: -1
                        sort order: +
                        Map-reduce partition columns: _col0 (type: string)
                        Statistics: Num rows: 1 Data size: 88 Basic stats: COMPLETE Column stats: COMPLETE
                        tag: 0
                        auto parallelism: true
            Execution mode: vectorized, llap
            LLAP IO: unknown
        Map 3 
            Map Operator Tree:
                TableScan
                  alias: b
                  filterExpr: ((hs <= 10) and k is not null) (type: boolean)
                  Statistics: Num rows: 1 Data size: 88 Basic stats: COMPLETE Column stats: COMPLETE
                  GatherStats: false
                  Filter Operator
                    isSamplingPred: false
                    predicate: ((hs <= 10) and k is not null) (type: boolean)
                    Statistics: Num rows: 1 Data size: 88 Basic stats: COMPLETE Column stats: COMPLETE
                    Select Operator
                      expressions: k (type: string), hs (type: int)
                      outputColumnNames: _col0, _col1
                      Statistics: Num rows: 1 Data size: 88 Basic stats: COMPLETE Column stats: COMPLETE
                      Reduce Output Operator
                        bucketingVersion: 2
                        key expressions: _col0 (type: string)
                        null sort order: z
                        numBuckets: -1
                        sort order: +
                        Map-reduce partition columns: _col0 (type: string)
                        Statistics: Num rows: 1 Data size: 88 Basic stats: COMPLETE Column stats: COMPLETE
                        tag: 1
                        value expressions: _col1 (type: int)
                        auto parallelism: true
            Execution mode: vectorized, llap
            LLAP IO: unknown
        Reducer 2 
            Execution mode: llap
            Needs Tagging: false
            Reduce Operator Tree:
              Merge Join Operator
                condition map:
                     Inner Join 0 to 1
                keys:
                  0 _col0 (type: string)
                  1 _col0 (type: string)
                outputColumnNames: _col0, _col2, _col3
                Position of Big Table: 0
                Statistics: Num rows: 1 Data size: 172 Basic stats: COMPLETE Column stats: COMPLETE
                Filter Operator
                  isSamplingPred: false
                  predicate: (rand(1) < 0.1D) (type: boolean)
                  Statistics: Num rows: 1 Data size: 172 Basic stats: COMPLETE Column stats: COMPLETE
                  Select Operator
                    expressions: _col0 (type: string), 11 (type: int), _col2 (type: string), _col3 (type: int)
                    outputColumnNames: _col0, _col1, _col2, _col3
                    Statistics: Num rows: 1 Data size: 176 Basic stats: COMPLETE Column stats: COMPLETE
                    File Output Operator
                      bucketingVersion: 2
                      compressed: false
                      GlobalTableId: 0
#### A masked pattern was here ####
                      NumFilesPerFileSink: 1
                      Statistics: Num rows: 1 Data size: 176 Basic stats: COMPLETE Column stats: COMPLETE
#### A masked pattern was here ####
                      table:
                          input format: org.apache.hadoop.mapred.SequenceFileInputFormat
                          output format: org.apache.hadoop.hive.ql.io.HiveSequenceFileOutputFormat
                          properties:
                            bucketing_version -1
                            columns _col0,_col1,_col2,_col3
                            columns.types string:int:string:int
                            escape.delim \
                            hive.serialization.extend.additional.nesting.levels true
                            serialization.escape.crlf true
                            serialization.format 1
                            serialization.lib org.apache.hadoop.hive.serde2.lazy.LazySimpleSerDe
                          serde: org.apache.hadoop.hive.serde2.lazy.LazySimpleSerDe
                      TotalFiles: 1
                      GatherStats: false
                      MultiFileSpray: false

  Stage: Stage-0
    Fetch Operator
      limit: -1
      Processor Tree:
        ListSink

PREHOOK: query: explain extended select a.*, b.* from a join b on a.k = b.k where a.hs = 11 and rand(1) < 0.1 and b.hs <= 10
PREHOOK: type: QUERY
PREHOOK: Input: default@a
PREHOOK: Input: default@b
#### A masked pattern was here ####
POSTHOOK: query: explain extended select a.*, b.* from a join b on a.k = b.k where a.hs = 11 and rand(1) < 0.1 and b.hs <= 10
POSTHOOK: type: QUERY
POSTHOOK: Input: default@a
POSTHOOK: Input: default@b
#### A masked pattern was here ####
STAGE DEPENDENCIES:
  Stage-1 is a root stage
  Stage-0 depends on stages: Stage-1

STAGE PLANS:
  Stage: Stage-1
    Tez
#### A masked pattern was here ####
      Edges:
        Reducer 2 <- Map 1 (SIMPLE_EDGE), Map 3 (SIMPLE_EDGE)
#### A masked pattern was here ####
      Vertices:
        Map 1 
            Map Operator Tree:
                TableScan
                  alias: a
                  filterExpr: (k is not null and (hs = 11)) (type: boolean)
                  Statistics: Num rows: 1 Data size: 188 Basic stats: COMPLETE Column stats: PARTIAL
                  GatherStats: false
                  Filter Operator
                    isSamplingPred: false
                    predicate: (k is not null and (hs = 11)) (type: boolean)
                    Statistics: Num rows: 1 Data size: 188 Basic stats: COMPLETE Column stats: PARTIAL
                    Reduce Output Operator
                      bucketingVersion: 2
                      key expressions: k (type: string)
                      null sort order: z
                      numBuckets: -1
                      sort order: +
                      Map-reduce partition columns: k (type: string)
                      Statistics: Num rows: 1 Data size: 188 Basic stats: COMPLETE Column stats: PARTIAL
                      tag: 0
                      auto parallelism: true
            Execution mode: vectorized, llap
            LLAP IO: unknown
        Map 3 
            Map Operator Tree:
                TableScan
                  alias: b
                  filterExpr: (k is not null and (hs <= 10)) (type: boolean)
                  Statistics: Num rows: 1 Data size: 188 Basic stats: COMPLETE Column stats: PARTIAL
                  GatherStats: false
                  Filter Operator
                    isSamplingPred: false
                    predicate: (k is not null and (hs <= 10)) (type: boolean)
                    Statistics: Num rows: 1 Data size: 188 Basic stats: COMPLETE Column stats: PARTIAL
                    Reduce Output Operator
                      bucketingVersion: 2
                      key expressions: k (type: string)
                      null sort order: z
                      numBuckets: -1
                      sort order: +
                      Map-reduce partition columns: k (type: string)
                      Statistics: Num rows: 1 Data size: 188 Basic stats: COMPLETE Column stats: PARTIAL
                      tag: 1
                      value expressions: hs (type: int)
                      auto parallelism: true
            Execution mode: vectorized, llap
            LLAP IO: unknown
        Reducer 2 
            Execution mode: llap
            Needs Tagging: false
            Reduce Operator Tree:
              Merge Join Operator
                condition map:
                     Inner Join 0 to 1
                keys:
                  0 k (type: string)
                  1 k (type: string)
                outputColumnNames: _col0, _col5, _col6
                Position of Big Table: 0
                Statistics: Num rows: 1 Data size: 372 Basic stats: COMPLETE Column stats: PARTIAL
                Filter Operator
                  isSamplingPred: false
                  predicate: (rand(1) < 0.1) (type: boolean)
                  Statistics: Num rows: 1 Data size: 372 Basic stats: COMPLETE Column stats: PARTIAL
                  Select Operator
                    expressions: _col0 (type: string), 11 (type: int), _col5 (type: string), _col6 (type: int)
                    outputColumnNames: _col0, _col1, _col2, _col3
                    Statistics: Num rows: 1 Data size: 376 Basic stats: COMPLETE Column stats: PARTIAL
                    File Output Operator
                      bucketingVersion: 2
                      compressed: false
                      GlobalTableId: 0
#### A masked pattern was here ####
                      NumFilesPerFileSink: 1
                      Statistics: Num rows: 1 Data size: 376 Basic stats: COMPLETE Column stats: PARTIAL
#### A masked pattern was here ####
                      table:
                          input format: org.apache.hadoop.mapred.SequenceFileInputFormat
                          output format: org.apache.hadoop.hive.ql.io.HiveSequenceFileOutputFormat
                          properties:
                            bucketing_version -1
                            columns _col0,_col1,_col2,_col3
                            columns.types string:int:string:int
                            escape.delim \
                            hive.serialization.extend.additional.nesting.levels true
                            serialization.escape.crlf true
                            serialization.format 1
                            serialization.lib org.apache.hadoop.hive.serde2.lazy.LazySimpleSerDe
                          serde: org.apache.hadoop.hive.serde2.lazy.LazySimpleSerDe
                      TotalFiles: 1
                      GatherStats: false
                      MultiFileSpray: false

  Stage: Stage-0
    Fetch Operator
      limit: -1
      Processor Tree:
        ListSink

PREHOOK: query: explain extended select * from
(select a.k ak, b.* from a join b on a.k = b.k where rand(1) < 0.1 and a.hs = 11 and b.hs <= 10) x
where length(x.ak) > 3
PREHOOK: type: QUERY
PREHOOK: Input: default@a
PREHOOK: Input: default@b
#### A masked pattern was here ####
POSTHOOK: query: explain extended select * from
(select a.k ak, b.* from a join b on a.k = b.k where rand(1) < 0.1 and a.hs = 11 and b.hs <= 10) x
where length(x.ak) > 3
POSTHOOK: type: QUERY
POSTHOOK: Input: default@a
POSTHOOK: Input: default@b
#### A masked pattern was here ####
OPTIMIZED SQL: SELECT `t0`.`k` AS `ak`, `t2`.`k`, `t2`.`hs`
FROM (SELECT `k`, CAST(11 AS INTEGER) AS `hs`
FROM `default`.`a`
WHERE `hs` = 11 AND `k` IS NOT NULL) AS `t0`
INNER JOIN (SELECT `k`, `hs`
FROM `default`.`b`
WHERE `hs` <= 10 AND `k` IS NOT NULL) AS `t2` ON `t0`.`k` = `t2`.`k`
WHERE RAND(1) < 0.1 AND CHARACTER_LENGTH(`t0`.`k`) > 3
STAGE DEPENDENCIES:
  Stage-1 is a root stage
  Stage-0 depends on stages: Stage-1

STAGE PLANS:
  Stage: Stage-1
    Tez
#### A masked pattern was here ####
      Edges:
        Reducer 2 <- Map 1 (SIMPLE_EDGE), Map 3 (SIMPLE_EDGE)
#### A masked pattern was here ####
      Vertices:
        Map 1 
            Map Operator Tree:
                TableScan
                  alias: a
                  filterExpr: ((hs = 11) and k is not null) (type: boolean)
                  Statistics: Num rows: 1 Data size: 88 Basic stats: COMPLETE Column stats: COMPLETE
                  GatherStats: false
                  Filter Operator
                    isSamplingPred: false
                    predicate: ((hs = 11) and k is not null) (type: boolean)
                    Statistics: Num rows: 1 Data size: 88 Basic stats: COMPLETE Column stats: COMPLETE
                    Select Operator
                      expressions: k (type: string)
                      outputColumnNames: _col0
                      Statistics: Num rows: 1 Data size: 88 Basic stats: COMPLETE Column stats: COMPLETE
                      Reduce Output Operator
                        bucketingVersion: 2
                        key expressions: _col0 (type: string)
                        null sort order: z
                        numBuckets: -1
                        sort order: +
                        Map-reduce partition columns: _col0 (type: string)
                        Statistics: Num rows: 1 Data size: 88 Basic stats: COMPLETE Column stats: COMPLETE
                        tag: 0
                        auto parallelism: true
            Execution mode: vectorized, llap
            LLAP IO: unknown
        Map 3 
            Map Operator Tree:
                TableScan
                  alias: b
                  filterExpr: ((hs <= 10) and k is not null) (type: boolean)
                  Statistics: Num rows: 1 Data size: 88 Basic stats: COMPLETE Column stats: COMPLETE
                  GatherStats: false
                  Filter Operator
                    isSamplingPred: false
                    predicate: ((hs <= 10) and k is not null) (type: boolean)
                    Statistics: Num rows: 1 Data size: 88 Basic stats: COMPLETE Column stats: COMPLETE
                    Select Operator
                      expressions: k (type: string), hs (type: int)
                      outputColumnNames: _col0, _col1
                      Statistics: Num rows: 1 Data size: 88 Basic stats: COMPLETE Column stats: COMPLETE
                      Reduce Output Operator
                        bucketingVersion: 2
                        key expressions: _col0 (type: string)
                        null sort order: z
                        numBuckets: -1
                        sort order: +
                        Map-reduce partition columns: _col0 (type: string)
                        Statistics: Num rows: 1 Data size: 88 Basic stats: COMPLETE Column stats: COMPLETE
                        tag: 1
                        value expressions: _col1 (type: int)
                        auto parallelism: true
            Execution mode: vectorized, llap
            LLAP IO: unknown
        Reducer 2 
            Execution mode: llap
            Needs Tagging: false
            Reduce Operator Tree:
              Merge Join Operator
                condition map:
                     Inner Join 0 to 1
                keys:
                  0 _col0 (type: string)
                  1 _col0 (type: string)
                outputColumnNames: _col0, _col2, _col3
                Position of Big Table: 0
                Statistics: Num rows: 1 Data size: 172 Basic stats: COMPLETE Column stats: COMPLETE
                Filter Operator
                  isSamplingPred: false
                  predicate: ((rand(1) < 0.1D) and (length(_col0) > 3)) (type: boolean)
                  Statistics: Num rows: 1 Data size: 172 Basic stats: COMPLETE Column stats: COMPLETE
                  Select Operator
                    expressions: _col0 (type: string), _col2 (type: string), _col3 (type: int)
                    outputColumnNames: _col0, _col1, _col2
                    Statistics: Num rows: 1 Data size: 172 Basic stats: COMPLETE Column stats: COMPLETE
                    File Output Operator
                      bucketingVersion: 2
                      compressed: false
                      GlobalTableId: 0
#### A masked pattern was here ####
                      NumFilesPerFileSink: 1
                      Statistics: Num rows: 1 Data size: 172 Basic stats: COMPLETE Column stats: COMPLETE
#### A masked pattern was here ####
                      table:
                          input format: org.apache.hadoop.mapred.SequenceFileInputFormat
                          output format: org.apache.hadoop.hive.ql.io.HiveSequenceFileOutputFormat
                          properties:
                            bucketing_version -1
                            columns _col0,_col1,_col2
                            columns.types string:string:int
                            escape.delim \
                            hive.serialization.extend.additional.nesting.levels true
                            serialization.escape.crlf true
                            serialization.format 1
                            serialization.lib org.apache.hadoop.hive.serde2.lazy.LazySimpleSerDe
                          serde: org.apache.hadoop.hive.serde2.lazy.LazySimpleSerDe
                      TotalFiles: 1
                      GatherStats: false
                      MultiFileSpray: false

  Stage: Stage-0
    Fetch Operator
      limit: -1
      Processor Tree:
        ListSink

PREHOOK: query: explain extended select * from
(select a.k ak, b.* from a join b on a.k = b.k where rand(1) < 0.1 and a.hs = 11 and b.hs <= 10) x
where length(x.ak) > 3
PREHOOK: type: QUERY
PREHOOK: Input: default@a
PREHOOK: Input: default@b
#### A masked pattern was here ####
POSTHOOK: query: explain extended select * from
(select a.k ak, b.* from a join b on a.k = b.k where rand(1) < 0.1 and a.hs = 11 and b.hs <= 10) x
where length(x.ak) > 3
POSTHOOK: type: QUERY
POSTHOOK: Input: default@a
POSTHOOK: Input: default@b
#### A masked pattern was here ####
STAGE DEPENDENCIES:
  Stage-1 is a root stage
  Stage-0 depends on stages: Stage-1

STAGE PLANS:
  Stage: Stage-1
    Tez
#### A masked pattern was here ####
      Edges:
        Reducer 2 <- Map 1 (SIMPLE_EDGE), Map 3 (SIMPLE_EDGE)
#### A masked pattern was here ####
      Vertices:
        Map 1 
            Map Operator Tree:
                TableScan
                  alias: a
                  filterExpr: (k is not null and (hs = 11)) (type: boolean)
                  Statistics: Num rows: 1 Data size: 188 Basic stats: COMPLETE Column stats: PARTIAL
                  GatherStats: false
                  Filter Operator
                    isSamplingPred: false
                    predicate: (k is not null and (hs = 11)) (type: boolean)
                    Statistics: Num rows: 1 Data size: 188 Basic stats: COMPLETE Column stats: PARTIAL
                    Reduce Output Operator
                      bucketingVersion: 2
                      key expressions: k (type: string)
                      null sort order: z
                      numBuckets: -1
                      sort order: +
                      Map-reduce partition columns: k (type: string)
                      Statistics: Num rows: 1 Data size: 188 Basic stats: COMPLETE Column stats: PARTIAL
                      tag: 0
                      auto parallelism: true
            Execution mode: vectorized, llap
            LLAP IO: unknown
        Map 3 
            Map Operator Tree:
                TableScan
                  alias: b
                  filterExpr: (k is not null and (hs <= 10)) (type: boolean)
                  Statistics: Num rows: 1 Data size: 188 Basic stats: COMPLETE Column stats: PARTIAL
                  GatherStats: false
                  Filter Operator
                    isSamplingPred: false
                    predicate: (k is not null and (hs <= 10)) (type: boolean)
                    Statistics: Num rows: 1 Data size: 188 Basic stats: COMPLETE Column stats: PARTIAL
                    Reduce Output Operator
                      bucketingVersion: 2
                      key expressions: k (type: string)
                      null sort order: z
                      numBuckets: -1
                      sort order: +
                      Map-reduce partition columns: k (type: string)
                      Statistics: Num rows: 1 Data size: 188 Basic stats: COMPLETE Column stats: PARTIAL
                      tag: 1
                      value expressions: hs (type: int)
                      auto parallelism: true
            Execution mode: vectorized, llap
            LLAP IO: unknown
        Reducer 2 
            Execution mode: llap
            Needs Tagging: false
            Reduce Operator Tree:
              Merge Join Operator
                condition map:
                     Inner Join 0 to 1
                keys:
                  0 k (type: string)
                  1 k (type: string)
                outputColumnNames: _col0, _col5, _col6
                Position of Big Table: 0
                Statistics: Num rows: 1 Data size: 372 Basic stats: COMPLETE Column stats: PARTIAL
                Filter Operator
                  isSamplingPred: false
                  predicate: ((rand(1) < 0.1) and (length(_col0) > 3)) (type: boolean)
                  Statistics: Num rows: 1 Data size: 372 Basic stats: COMPLETE Column stats: PARTIAL
                  Select Operator
                    expressions: _col0 (type: string), _col5 (type: string), _col6 (type: int)
                    outputColumnNames: _col0, _col1, _col2
                    Statistics: Num rows: 1 Data size: 372 Basic stats: COMPLETE Column stats: PARTIAL
                    File Output Operator
                      bucketingVersion: 2
                      compressed: false
                      GlobalTableId: 0
#### A masked pattern was here ####
                      NumFilesPerFileSink: 1
                      Statistics: Num rows: 1 Data size: 372 Basic stats: COMPLETE Column stats: PARTIAL
#### A masked pattern was here ####
                      table:
                          input format: org.apache.hadoop.mapred.SequenceFileInputFormat
                          output format: org.apache.hadoop.hive.ql.io.HiveSequenceFileOutputFormat
                          properties:
                            bucketing_version -1
                            columns _col0,_col1,_col2
                            columns.types string:string:int
                            escape.delim \
                            hive.serialization.extend.additional.nesting.levels true
                            serialization.escape.crlf true
                            serialization.format 1
                            serialization.lib org.apache.hadoop.hive.serde2.lazy.LazySimpleSerDe
                          serde: org.apache.hadoop.hive.serde2.lazy.LazySimpleSerDe
                      TotalFiles: 1
                      GatherStats: false
                      MultiFileSpray: false

  Stage: Stage-0
    Fetch Operator
      limit: -1
      Processor Tree:
        ListSink

