PREHOOK: query: create table person (id integer, name string, sex string, country int)
PREHOOK: type: CREATETABLE
PREHOOK: Output: database:default
PREHOOK: Output: default@person
POSTHOOK: query: create table person (id integer, name string, sex string, country int)
POSTHOOK: type: CREATETABLE
POSTHOOK: Output: database:default
POSTHOOK: Output: default@person
PREHOOK: query: -- id: 4B, name:20B, sex:1B, country:4B


alter table person update statistics set('numRows'='741000000', 'rawDataSize'='21489000000')
PREHOOK: type: ALTERTABLE_UPDATETABLESTATS
PREHOOK: Input: default@person
PREHOOK: Output: default@person
POSTHOOK: query: -- id: 4B, name:20B, sex:1B, country:4B


alter table person update statistics set('numRows'='741000000', 'rawDataSize'='21489000000')
POSTHOOK: type: ALTERTABLE_UPDATETABLESTATS
POSTHOOK: Input: default@person
POSTHOOK: Output: default@person
PREHOOK: query: alter table person update statistics for column id set('numDVs'='741000000','numNulls'='0', 'highValue'='100000000','lowValue'='0')
PREHOOK: type: ALTERTABLE_UPDATETABLESTATS
PREHOOK: Input: default@person
PREHOOK: Output: default@person
POSTHOOK: query: alter table person update statistics for column id set('numDVs'='741000000','numNulls'='0', 'highValue'='100000000','lowValue'='0')
POSTHOOK: type: ALTERTABLE_UPDATETABLESTATS
POSTHOOK: Input: default@person
POSTHOOK: Output: default@person
PREHOOK: query: alter table person update statistics for column name set('numDVs'='7410000','numNulls'='10000', 'maxColLen'='20', 'avgColLen'='10')
PREHOOK: type: ALTERTABLE_UPDATETABLESTATS
PREHOOK: Input: default@person
PREHOOK: Output: default@person
POSTHOOK: query: alter table person update statistics for column name set('numDVs'='7410000','numNulls'='10000', 'maxColLen'='20', 'avgColLen'='10')
POSTHOOK: type: ALTERTABLE_UPDATETABLESTATS
POSTHOOK: Input: default@person
POSTHOOK: Output: default@person
PREHOOK: query: alter table person update statistics for column sex set('numDVs'='3','numNulls'='1000000', 'maxColLen'='1', 'avgColLen'='1')
PREHOOK: type: ALTERTABLE_UPDATETABLESTATS
PREHOOK: Input: default@person
PREHOOK: Output: default@person
POSTHOOK: query: alter table person update statistics for column sex set('numDVs'='3','numNulls'='1000000', 'maxColLen'='1', 'avgColLen'='1')
POSTHOOK: type: ALTERTABLE_UPDATETABLESTATS
POSTHOOK: Input: default@person
POSTHOOK: Output: default@person
PREHOOK: query: alter table person update statistics for column country set('numDVs'='44','numNulls'='1000', 'highValue'='43', 'lowValue'='0')
PREHOOK: type: ALTERTABLE_UPDATETABLESTATS
PREHOOK: Input: default@person
PREHOOK: Output: default@person
POSTHOOK: query: alter table person update statistics for column country set('numDVs'='44','numNulls'='1000', 'highValue'='43', 'lowValue'='0')
POSTHOOK: type: ALTERTABLE_UPDATETABLESTATS
POSTHOOK: Input: default@person
POSTHOOK: Output: default@person
PREHOOK: query: explain select name, count(id) from (select * from person distribute by name, id) Q0 group by name
PREHOOK: type: QUERY
PREHOOK: Input: default@person
#### A masked pattern was here ####
POSTHOOK: query: explain select name, count(id) from (select * from person distribute by name, id) Q0 group by name
POSTHOOK: type: QUERY
POSTHOOK: Input: default@person
#### A masked pattern was here ####
STAGE DEPENDENCIES:
  Stage-1 is a root stage
  Stage-0 depends on stages: Stage-1

STAGE PLANS:
  Stage: Stage-1
    Tez
#### A masked pattern was here ####
      Edges:
        Reducer 2 <- Map 1 (SIMPLE_EDGE)
#### A masked pattern was here ####
      Vertices:
        Map 1 
            Map Operator Tree:
                TableScan
                  alias: person
                  Statistics: Num rows: 741000000 Data size: 72617060094 Basic stats: COMPLETE Column stats: COMPLETE
                  Select Operator
                    expressions: id (type: int), name (type: string)
                    outputColumnNames: _col0, _col1
                    Statistics: Num rows: 741000000 Data size: 72617060094 Basic stats: COMPLETE Column stats: COMPLETE
                    Reduce Output Operator
                      key expressions: _col1 (type: string)
                      null sort order: z
                      sort order: +
                      Map-reduce partition columns: _col1 (type: string)
                      Statistics: Num rows: 741000000 Data size: 72617060094 Basic stats: COMPLETE Column stats: COMPLETE
                      value expressions: _col0 (type: int), _col1 (type: string)
            Execution mode: vectorized, llap
            LLAP IO: all inputs
        Reducer 2 
            Execution mode: vectorized, llap
            Reduce Operator Tree:
              Select Operator
                expressions: VALUE._col0 (type: int), VALUE._col1 (type: string)
                outputColumnNames: _col0, _col1
                Statistics: Num rows: 741000000 Data size: 72617060094 Basic stats: COMPLETE Column stats: COMPLETE
                Group By Operator
                  aggregations: count(_col0)
                  keys: _col1 (type: string)
                  mode: complete
                  outputColumnNames: _col0, _col1
                  Statistics: Num rows: 7410001 Data size: 755810796 Basic stats: COMPLETE Column stats: COMPLETE
                  File Output Operator
                    compressed: false
                    Statistics: Num rows: 7410001 Data size: 755810796 Basic stats: COMPLETE Column stats: COMPLETE
                    table:
                        input format: org.apache.hadoop.mapred.SequenceFileInputFormat
                        output format: org.apache.hadoop.hive.ql.io.HiveSequenceFileOutputFormat
                        serde: org.apache.hadoop.hive.serde2.lazy.LazySimpleSerDe

  Stage: Stage-0
    Fetch Operator
      limit: -1
      Processor Tree:
        ListSink

PREHOOK: query: explain select country, count(id) from (select * from person distribute by country, id) Q1 group by country
PREHOOK: type: QUERY
PREHOOK: Input: default@person
#### A masked pattern was here ####
POSTHOOK: query: explain select country, count(id) from (select * from person distribute by country, id) Q1 group by country
POSTHOOK: type: QUERY
POSTHOOK: Input: default@person
#### A masked pattern was here ####
STAGE DEPENDENCIES:
  Stage-1 is a root stage
  Stage-0 depends on stages: Stage-1

STAGE PLANS:
  Stage: Stage-1
    Tez
#### A masked pattern was here ####
      Edges:
        Reducer 2 <- Map 1 (CUSTOM_SIMPLE_EDGE)
        Reducer 3 <- Reducer 2 (SIMPLE_EDGE)
#### A masked pattern was here ####
      Vertices:
        Map 1 
            Map Operator Tree:
                TableScan
                  alias: person
                  Statistics: Num rows: 741000000 Data size: 5927996004 Basic stats: COMPLETE Column stats: COMPLETE
                  Select Operator
                    expressions: id (type: int), country (type: int)
                    outputColumnNames: _col0, _col3
                    Statistics: Num rows: 741000000 Data size: 5927996004 Basic stats: COMPLETE Column stats: COMPLETE
                    Reduce Output Operator
                      null sort order: 
                      sort order: 
                      Map-reduce partition columns: _col3 (type: int), _col0 (type: int)
                      Statistics: Num rows: 741000000 Data size: 5927996004 Basic stats: COMPLETE Column stats: COMPLETE
                      value expressions: _col0 (type: int), _col3 (type: int)
            Execution mode: vectorized, llap
            LLAP IO: all inputs
        Reducer 2 
            Execution mode: vectorized, llap
            Reduce Operator Tree:
              Select Operator
                expressions: VALUE._col0 (type: int), VALUE._col3 (type: int)
                outputColumnNames: _col0, _col3
                Statistics: Num rows: 741000000 Data size: 5927996004 Basic stats: COMPLETE Column stats: COMPLETE
                Group By Operator
                  aggregations: count(_col0)
                  keys: _col3 (type: int)
                  minReductionHashAggr: 0.99
                  mode: hash
                  outputColumnNames: _col0, _col1
                  Statistics: Num rows: 1080 Data size: 12960 Basic stats: COMPLETE Column stats: COMPLETE
                  Reduce Output Operator
                    key expressions: _col0 (type: int)
                    null sort order: z
                    sort order: +
                    Map-reduce partition columns: _col0 (type: int)
                    Statistics: Num rows: 1080 Data size: 12960 Basic stats: COMPLETE Column stats: COMPLETE
                    value expressions: _col1 (type: bigint)
        Reducer 3 
            Execution mode: vectorized, llap
            Reduce Operator Tree:
              Group By Operator
                aggregations: count(VALUE._col0)
                keys: KEY._col0 (type: int)
                mode: mergepartial
                outputColumnNames: _col0, _col1
                Statistics: Num rows: 44 Data size: 528 Basic stats: COMPLETE Column stats: COMPLETE
                File Output Operator
                  compressed: false
                  Statistics: Num rows: 44 Data size: 528 Basic stats: COMPLETE Column stats: COMPLETE
                  table:
                      input format: org.apache.hadoop.mapred.SequenceFileInputFormat
                      output format: org.apache.hadoop.hive.ql.io.HiveSequenceFileOutputFormat
                      serde: org.apache.hadoop.hive.serde2.lazy.LazySimpleSerDe

  Stage: Stage-0
    Fetch Operator
      limit: -1
      Processor Tree:
        ListSink

PREHOOK: query: explain select sex, count(id) from (select * from person distribute by sex, id) Q2 group by sex
PREHOOK: type: QUERY
PREHOOK: Input: default@person
#### A masked pattern was here ####
POSTHOOK: query: explain select sex, count(id) from (select * from person distribute by sex, id) Q2 group by sex
POSTHOOK: type: QUERY
POSTHOOK: Input: default@person
#### A masked pattern was here ####
STAGE DEPENDENCIES:
  Stage-1 is a root stage
  Stage-0 depends on stages: Stage-1

STAGE PLANS:
  Stage: Stage-1
    Tez
#### A masked pattern was here ####
      Edges:
        Reducer 2 <- Map 1 (CUSTOM_SIMPLE_EDGE)
        Reducer 3 <- Reducer 2 (SIMPLE_EDGE)
#### A masked pattern was here ####
      Vertices:
        Map 1 
            Map Operator Tree:
                TableScan
                  alias: person
                  Statistics: Num rows: 741000000 Data size: 65864000085 Basic stats: COMPLETE Column stats: COMPLETE
                  Select Operator
                    expressions: id (type: int), sex (type: string)
                    outputColumnNames: _col0, _col2
                    Statistics: Num rows: 741000000 Data size: 65864000085 Basic stats: COMPLETE Column stats: COMPLETE
                    Reduce Output Operator
                      null sort order: 
                      sort order: 
                      Map-reduce partition columns: _col2 (type: string), _col0 (type: int)
                      Statistics: Num rows: 741000000 Data size: 65864000085 Basic stats: COMPLETE Column stats: COMPLETE
                      value expressions: _col0 (type: int), _col2 (type: string)
            Execution mode: vectorized, llap
            LLAP IO: all inputs
        Reducer 2 
            Execution mode: vectorized, llap
            Reduce Operator Tree:
              Select Operator
                expressions: VALUE._col0 (type: int), VALUE._col2 (type: string)
                outputColumnNames: _col0, _col2
                Statistics: Num rows: 741000000 Data size: 65864000085 Basic stats: COMPLETE Column stats: COMPLETE
                Group By Operator
                  aggregations: count(_col0)
                  keys: _col2 (type: string)
                  minReductionHashAggr: 0.99
                  mode: hash
                  outputColumnNames: _col0, _col1
                  Statistics: Num rows: 1032 Data size: 95976 Basic stats: COMPLETE Column stats: COMPLETE
                  Reduce Output Operator
                    key expressions: _col0 (type: string)
                    null sort order: z
                    sort order: +
                    Map-reduce partition columns: _col0 (type: string)
                    Statistics: Num rows: 1032 Data size: 95976 Basic stats: COMPLETE Column stats: COMPLETE
                    value expressions: _col1 (type: bigint)
        Reducer 3 
            Execution mode: vectorized, llap
            Reduce Operator Tree:
              Group By Operator
                aggregations: count(VALUE._col0)
                keys: KEY._col0 (type: string)
                mode: mergepartial
                outputColumnNames: _col0, _col1
                Statistics: Num rows: 4 Data size: 372 Basic stats: COMPLETE Column stats: COMPLETE
                File Output Operator
                  compressed: false
                  Statistics: Num rows: 4 Data size: 372 Basic stats: COMPLETE Column stats: COMPLETE
                  table:
                      input format: org.apache.hadoop.mapred.SequenceFileInputFormat
                      output format: org.apache.hadoop.hive.ql.io.HiveSequenceFileOutputFormat
                      serde: org.apache.hadoop.hive.serde2.lazy.LazySimpleSerDe

  Stage: Stage-0
    Fetch Operator
      limit: -1
      Processor Tree:
        ListSink

PREHOOK: query: explain select name, count(id) from (select id, name from person group by name, id) Q3 group by name
PREHOOK: type: QUERY
PREHOOK: Input: default@person
#### A masked pattern was here ####
POSTHOOK: query: explain select name, count(id) from (select id, name from person group by name, id) Q3 group by name
POSTHOOK: type: QUERY
POSTHOOK: Input: default@person
#### A masked pattern was here ####
STAGE DEPENDENCIES:
  Stage-1 is a root stage
  Stage-0 depends on stages: Stage-1

STAGE PLANS:
  Stage: Stage-1
    Tez
#### A masked pattern was here ####
      Edges:
        Reducer 2 <- Map 1 (SIMPLE_EDGE)
#### A masked pattern was here ####
      Vertices:
        Map 1 
            Map Operator Tree:
                TableScan
                  alias: person
                  Statistics: Num rows: 741000000 Data size: 72617060094 Basic stats: COMPLETE Column stats: COMPLETE
                  Select Operator
                    expressions: id (type: int), name (type: string)
                    outputColumnNames: id, name
                    Statistics: Num rows: 741000000 Data size: 72617060094 Basic stats: COMPLETE Column stats: COMPLETE
                    Group By Operator
                      keys: name (type: string), id (type: int)
                      minReductionHashAggr: 0.4
                      mode: hash
                      outputColumnNames: _col0, _col1
                      Statistics: Num rows: 741000000 Data size: 72617060094 Basic stats: COMPLETE Column stats: COMPLETE
                      Reduce Output Operator
                        key expressions: _col0 (type: string), _col1 (type: int)
                        null sort order: zz
                        sort order: ++
                        Map-reduce partition columns: _col0 (type: string)
                        Statistics: Num rows: 741000000 Data size: 72617060094 Basic stats: COMPLETE Column stats: COMPLETE
            Execution mode: vectorized, llap
            LLAP IO: all inputs
        Reducer 2 
            Execution mode: vectorized, llap
            Reduce Operator Tree:
              Group By Operator
                keys: KEY._col0 (type: string), KEY._col1 (type: int)
                mode: mergepartial
                outputColumnNames: _col0, _col1
                Statistics: Num rows: 741000000 Data size: 72617060094 Basic stats: COMPLETE Column stats: COMPLETE
                Select Operator
                  expressions: _col1 (type: int), _col0 (type: string)
                  outputColumnNames: _col0, _col1
                  Statistics: Num rows: 741000000 Data size: 72617060094 Basic stats: COMPLETE Column stats: COMPLETE
                  Group By Operator
                    aggregations: count(_col0)
                    keys: _col1 (type: string)
                    mode: complete
                    outputColumnNames: _col0, _col1
                    Statistics: Num rows: 7410001 Data size: 755810796 Basic stats: COMPLETE Column stats: COMPLETE
                    File Output Operator
                      compressed: false
                      Statistics: Num rows: 7410001 Data size: 755810796 Basic stats: COMPLETE Column stats: COMPLETE
                      table:
                          input format: org.apache.hadoop.mapred.SequenceFileInputFormat
                          output format: org.apache.hadoop.hive.ql.io.HiveSequenceFileOutputFormat
                          serde: org.apache.hadoop.hive.serde2.lazy.LazySimpleSerDe

  Stage: Stage-0
    Fetch Operator
      limit: -1
      Processor Tree:
        ListSink

PREHOOK: query: explain select country, count(id) from (select id, country from person group by id, country) Q4 group by country
PREHOOK: type: QUERY
PREHOOK: Input: default@person
#### A masked pattern was here ####
POSTHOOK: query: explain select country, count(id) from (select id, country from person group by id, country) Q4 group by country
POSTHOOK: type: QUERY
POSTHOOK: Input: default@person
#### A masked pattern was here ####
STAGE DEPENDENCIES:
  Stage-1 is a root stage
  Stage-0 depends on stages: Stage-1

STAGE PLANS:
  Stage: Stage-1
    Tez
#### A masked pattern was here ####
      Edges:
        Reducer 2 <- Map 1 (SIMPLE_EDGE)
        Reducer 3 <- Reducer 2 (SIMPLE_EDGE)
#### A masked pattern was here ####
      Vertices:
        Map 1 
            Map Operator Tree:
                TableScan
                  alias: person
                  Statistics: Num rows: 741000000 Data size: 5927996004 Basic stats: COMPLETE Column stats: COMPLETE
                  Select Operator
                    expressions: id (type: int), country (type: int)
                    outputColumnNames: id, country
                    Statistics: Num rows: 741000000 Data size: 5927996004 Basic stats: COMPLETE Column stats: COMPLETE
                    Group By Operator
                      keys: country (type: int), id (type: int)
                      minReductionHashAggr: 0.4
                      mode: hash
                      outputColumnNames: _col0, _col1
                      Statistics: Num rows: 741000000 Data size: 5927996004 Basic stats: COMPLETE Column stats: COMPLETE
                      Reduce Output Operator
                        key expressions: _col0 (type: int), _col1 (type: int)
                        null sort order: zz
                        sort order: ++
                        Map-reduce partition columns: _col0 (type: int), _col1 (type: int)
                        Statistics: Num rows: 741000000 Data size: 5927996004 Basic stats: COMPLETE Column stats: COMPLETE
            Execution mode: vectorized, llap
            LLAP IO: all inputs
        Reducer 2 
            Execution mode: vectorized, llap
            Reduce Operator Tree:
              Group By Operator
                keys: KEY._col0 (type: int), KEY._col1 (type: int)
                mode: mergepartial
                outputColumnNames: _col0, _col1
                Statistics: Num rows: 741000000 Data size: 5927996004 Basic stats: COMPLETE Column stats: COMPLETE
                Select Operator
                  expressions: _col1 (type: int), _col0 (type: int)
                  outputColumnNames: _col0, _col1
                  Statistics: Num rows: 741000000 Data size: 5927996004 Basic stats: COMPLETE Column stats: COMPLETE
                  Group By Operator
                    aggregations: count(_col0)
                    keys: _col1 (type: int)
                    minReductionHashAggr: 0.99
                    mode: hash
                    outputColumnNames: _col0, _col1
                    Statistics: Num rows: 1080 Data size: 12960 Basic stats: COMPLETE Column stats: COMPLETE
                    Reduce Output Operator
                      key expressions: _col0 (type: int)
                      null sort order: z
                      sort order: +
                      Map-reduce partition columns: _col0 (type: int)
                      Statistics: Num rows: 1080 Data size: 12960 Basic stats: COMPLETE Column stats: COMPLETE
                      value expressions: _col1 (type: bigint)
        Reducer 3 
            Execution mode: vectorized, llap
            Reduce Operator Tree:
              Group By Operator
                aggregations: count(VALUE._col0)
                keys: KEY._col0 (type: int)
                mode: mergepartial
                outputColumnNames: _col0, _col1
                Statistics: Num rows: 44 Data size: 528 Basic stats: COMPLETE Column stats: COMPLETE
                File Output Operator
                  compressed: false
                  Statistics: Num rows: 44 Data size: 528 Basic stats: COMPLETE Column stats: COMPLETE
                  table:
                      input format: org.apache.hadoop.mapred.SequenceFileInputFormat
                      output format: org.apache.hadoop.hive.ql.io.HiveSequenceFileOutputFormat
                      serde: org.apache.hadoop.hive.serde2.lazy.LazySimpleSerDe

  Stage: Stage-0
    Fetch Operator
      limit: -1
      Processor Tree:
        ListSink

PREHOOK: query: explain select sex, count(id) from (select id, sex from person group by id, sex) Q5 group by sex
PREHOOK: type: QUERY
PREHOOK: Input: default@person
#### A masked pattern was here ####
POSTHOOK: query: explain select sex, count(id) from (select id, sex from person group by id, sex) Q5 group by sex
POSTHOOK: type: QUERY
POSTHOOK: Input: default@person
#### A masked pattern was here ####
STAGE DEPENDENCIES:
  Stage-1 is a root stage
  Stage-0 depends on stages: Stage-1

STAGE PLANS:
  Stage: Stage-1
    Tez
#### A masked pattern was here ####
      Edges:
        Reducer 2 <- Map 1 (SIMPLE_EDGE)
        Reducer 3 <- Reducer 2 (SIMPLE_EDGE)
#### A masked pattern was here ####
      Vertices:
        Map 1 
            Map Operator Tree:
                TableScan
                  alias: person
                  Statistics: Num rows: 741000000 Data size: 65864000085 Basic stats: COMPLETE Column stats: COMPLETE
                  Select Operator
                    expressions: id (type: int), sex (type: string)
                    outputColumnNames: id, sex
                    Statistics: Num rows: 741000000 Data size: 65864000085 Basic stats: COMPLETE Column stats: COMPLETE
                    Group By Operator
                      keys: sex (type: string), id (type: int)
                      minReductionHashAggr: 0.4
                      mode: hash
                      outputColumnNames: _col0, _col1
                      Statistics: Num rows: 741000000 Data size: 65864000085 Basic stats: COMPLETE Column stats: COMPLETE
                      Reduce Output Operator
                        key expressions: _col0 (type: string), _col1 (type: int)
                        null sort order: zz
                        sort order: ++
                        Map-reduce partition columns: _col0 (type: string), _col1 (type: int)
                        Statistics: Num rows: 741000000 Data size: 65864000085 Basic stats: COMPLETE Column stats: COMPLETE
            Execution mode: vectorized, llap
            LLAP IO: all inputs
        Reducer 2 
            Execution mode: vectorized, llap
            Reduce Operator Tree:
              Group By Operator
                keys: KEY._col0 (type: string), KEY._col1 (type: int)
                mode: mergepartial
                outputColumnNames: _col0, _col1
                Statistics: Num rows: 741000000 Data size: 65864000085 Basic stats: COMPLETE Column stats: COMPLETE
                Select Operator
                  expressions: _col1 (type: int), _col0 (type: string)
                  outputColumnNames: _col0, _col1
                  Statistics: Num rows: 741000000 Data size: 65864000085 Basic stats: COMPLETE Column stats: COMPLETE
                  Group By Operator
                    aggregations: count(_col0)
                    keys: _col1 (type: string)
                    minReductionHashAggr: 0.99
                    mode: hash
                    outputColumnNames: _col0, _col1
                    Statistics: Num rows: 1032 Data size: 95976 Basic stats: COMPLETE Column stats: COMPLETE
                    Reduce Output Operator
                      key expressions: _col0 (type: string)
                      null sort order: z
                      sort order: +
                      Map-reduce partition columns: _col0 (type: string)
                      Statistics: Num rows: 1032 Data size: 95976 Basic stats: COMPLETE Column stats: COMPLETE
                      value expressions: _col1 (type: bigint)
        Reducer 3 
            Execution mode: vectorized, llap
            Reduce Operator Tree:
              Group By Operator
                aggregations: count(VALUE._col0)
                keys: KEY._col0 (type: string)
                mode: mergepartial
                outputColumnNames: _col0, _col1
                Statistics: Num rows: 4 Data size: 372 Basic stats: COMPLETE Column stats: COMPLETE
                File Output Operator
                  compressed: false
                  Statistics: Num rows: 4 Data size: 372 Basic stats: COMPLETE Column stats: COMPLETE
                  table:
                      input format: org.apache.hadoop.mapred.SequenceFileInputFormat
                      output format: org.apache.hadoop.hive.ql.io.HiveSequenceFileOutputFormat
                      serde: org.apache.hadoop.hive.serde2.lazy.LazySimpleSerDe

  Stage: Stage-0
    Fetch Operator
      limit: -1
      Processor Tree:
        ListSink

PREHOOK: query: explain select name, count(id) from (select * from person sort by name, id) Q7 group by name
PREHOOK: type: QUERY
PREHOOK: Input: default@person
#### A masked pattern was here ####
POSTHOOK: query: explain select name, count(id) from (select * from person sort by name, id) Q7 group by name
POSTHOOK: type: QUERY
POSTHOOK: Input: default@person
#### A masked pattern was here ####
STAGE DEPENDENCIES:
  Stage-1 is a root stage
  Stage-0 depends on stages: Stage-1

STAGE PLANS:
  Stage: Stage-1
    Tez
#### A masked pattern was here ####
      Edges:
        Reducer 2 <- Map 1 (SIMPLE_EDGE)
#### A masked pattern was here ####
      Vertices:
        Map 1 
            Map Operator Tree:
                TableScan
                  alias: person
                  Statistics: Num rows: 741000000 Data size: 72617060094 Basic stats: COMPLETE Column stats: COMPLETE
                  Select Operator
                    expressions: id (type: int), name (type: string)
                    outputColumnNames: _col0, _col1
                    Statistics: Num rows: 741000000 Data size: 72617060094 Basic stats: COMPLETE Column stats: COMPLETE
                    Reduce Output Operator
                      key expressions: _col1 (type: string), _col0 (type: int)
                      null sort order: zz
                      sort order: ++
                      Map-reduce partition columns: _col1 (type: string)
                      Statistics: Num rows: 741000000 Data size: 72617060094 Basic stats: COMPLETE Column stats: COMPLETE
            Execution mode: vectorized, llap
            LLAP IO: all inputs
        Reducer 2 
            Execution mode: vectorized, llap
            Reduce Operator Tree:
              Select Operator
                expressions: KEY.reducesinkkey1 (type: int), KEY.reducesinkkey0 (type: string)
                outputColumnNames: _col0, _col1
                Statistics: Num rows: 741000000 Data size: 72617060094 Basic stats: COMPLETE Column stats: COMPLETE
                Group By Operator
                  aggregations: count(_col0)
                  keys: _col1 (type: string)
                  mode: complete
                  outputColumnNames: _col0, _col1
                  Statistics: Num rows: 7410001 Data size: 755810796 Basic stats: COMPLETE Column stats: COMPLETE
                  File Output Operator
                    compressed: false
                    Statistics: Num rows: 7410001 Data size: 755810796 Basic stats: COMPLETE Column stats: COMPLETE
                    table:
                        input format: org.apache.hadoop.mapred.SequenceFileInputFormat
                        output format: org.apache.hadoop.hive.ql.io.HiveSequenceFileOutputFormat
                        serde: org.apache.hadoop.hive.serde2.lazy.LazySimpleSerDe

  Stage: Stage-0
    Fetch Operator
      limit: -1
      Processor Tree:
        ListSink

PREHOOK: query: explain select country, count(id) from (select * from person sort by country, id) Q8 group by country
PREHOOK: type: QUERY
PREHOOK: Input: default@person
#### A masked pattern was here ####
POSTHOOK: query: explain select country, count(id) from (select * from person sort by country, id) Q8 group by country
POSTHOOK: type: QUERY
POSTHOOK: Input: default@person
#### A masked pattern was here ####
STAGE DEPENDENCIES:
  Stage-1 is a root stage
  Stage-0 depends on stages: Stage-1

STAGE PLANS:
  Stage: Stage-1
    Tez
#### A masked pattern was here ####
      Edges:
        Reducer 2 <- Map 1 (SIMPLE_EDGE)
        Reducer 3 <- Reducer 2 (SIMPLE_EDGE)
#### A masked pattern was here ####
      Vertices:
        Map 1 
            Map Operator Tree:
                TableScan
                  alias: person
                  Statistics: Num rows: 741000000 Data size: 5927996004 Basic stats: COMPLETE Column stats: COMPLETE
                  Select Operator
                    expressions: id (type: int), country (type: int)
                    outputColumnNames: _col0, _col1
                    Statistics: Num rows: 741000000 Data size: 5927996004 Basic stats: COMPLETE Column stats: COMPLETE
                    Reduce Output Operator
                      key expressions: _col1 (type: int), _col0 (type: int)
                      null sort order: zz
                      sort order: ++
                      Statistics: Num rows: 741000000 Data size: 5927996004 Basic stats: COMPLETE Column stats: COMPLETE
            Execution mode: vectorized, llap
            LLAP IO: all inputs
        Reducer 2 
            Execution mode: vectorized, llap
            Reduce Operator Tree:
              Select Operator
                expressions: KEY.reducesinkkey1 (type: int), KEY.reducesinkkey0 (type: int)
                outputColumnNames: _col0, _col1
                Statistics: Num rows: 741000000 Data size: 5927996004 Basic stats: COMPLETE Column stats: COMPLETE
                Group By Operator
                  aggregations: count(_col0)
                  keys: _col1 (type: int)
                  minReductionHashAggr: 0.99
                  mode: hash
                  outputColumnNames: _col0, _col1
                  Statistics: Num rows: 1080 Data size: 12960 Basic stats: COMPLETE Column stats: COMPLETE
                  Reduce Output Operator
                    key expressions: _col0 (type: int)
                    null sort order: z
                    sort order: +
                    Map-reduce partition columns: _col0 (type: int)
                    Statistics: Num rows: 1080 Data size: 12960 Basic stats: COMPLETE Column stats: COMPLETE
                    value expressions: _col1 (type: bigint)
        Reducer 3 
            Execution mode: vectorized, llap
            Reduce Operator Tree:
              Group By Operator
                aggregations: count(VALUE._col0)
                keys: KEY._col0 (type: int)
                mode: mergepartial
                outputColumnNames: _col0, _col1
                Statistics: Num rows: 44 Data size: 528 Basic stats: COMPLETE Column stats: COMPLETE
                File Output Operator
                  compressed: false
                  Statistics: Num rows: 44 Data size: 528 Basic stats: COMPLETE Column stats: COMPLETE
                  table:
                      input format: org.apache.hadoop.mapred.SequenceFileInputFormat
                      output format: org.apache.hadoop.hive.ql.io.HiveSequenceFileOutputFormat
                      serde: org.apache.hadoop.hive.serde2.lazy.LazySimpleSerDe

  Stage: Stage-0
    Fetch Operator
      limit: -1
      Processor Tree:
        ListSink

PREHOOK: query: explain select sex, count(id) from (select * from person sort by sex, id) Q9 group by sex
PREHOOK: type: QUERY
PREHOOK: Input: default@person
#### A masked pattern was here ####
POSTHOOK: query: explain select sex, count(id) from (select * from person sort by sex, id) Q9 group by sex
POSTHOOK: type: QUERY
POSTHOOK: Input: default@person
#### A masked pattern was here ####
STAGE DEPENDENCIES:
  Stage-1 is a root stage
  Stage-0 depends on stages: Stage-1

STAGE PLANS:
  Stage: Stage-1
    Tez
#### A masked pattern was here ####
      Edges:
        Reducer 2 <- Map 1 (SIMPLE_EDGE)
        Reducer 3 <- Reducer 2 (SIMPLE_EDGE)
#### A masked pattern was here ####
      Vertices:
        Map 1 
            Map Operator Tree:
                TableScan
                  alias: person
                  Statistics: Num rows: 741000000 Data size: 65864000085 Basic stats: COMPLETE Column stats: COMPLETE
                  Select Operator
                    expressions: id (type: int), sex (type: string)
                    outputColumnNames: _col0, _col1
                    Statistics: Num rows: 741000000 Data size: 65864000085 Basic stats: COMPLETE Column stats: COMPLETE
                    Reduce Output Operator
                      key expressions: _col1 (type: string), _col0 (type: int)
                      null sort order: zz
                      sort order: ++
                      Statistics: Num rows: 741000000 Data size: 65864000085 Basic stats: COMPLETE Column stats: COMPLETE
            Execution mode: vectorized, llap
            LLAP IO: all inputs
        Reducer 2 
            Execution mode: vectorized, llap
            Reduce Operator Tree:
              Select Operator
                expressions: KEY.reducesinkkey1 (type: int), KEY.reducesinkkey0 (type: string)
                outputColumnNames: _col0, _col1
                Statistics: Num rows: 741000000 Data size: 65864000085 Basic stats: COMPLETE Column stats: COMPLETE
                Group By Operator
                  aggregations: count(_col0)
                  keys: _col1 (type: string)
                  minReductionHashAggr: 0.99
                  mode: hash
                  outputColumnNames: _col0, _col1
                  Statistics: Num rows: 1032 Data size: 95976 Basic stats: COMPLETE Column stats: COMPLETE
                  Reduce Output Operator
                    key expressions: _col0 (type: string)
                    null sort order: z
                    sort order: +
                    Map-reduce partition columns: _col0 (type: string)
                    Statistics: Num rows: 1032 Data size: 95976 Basic stats: COMPLETE Column stats: COMPLETE
                    value expressions: _col1 (type: bigint)
        Reducer 3 
            Execution mode: vectorized, llap
            Reduce Operator Tree:
              Group By Operator
                aggregations: count(VALUE._col0)
                keys: KEY._col0 (type: string)
                mode: mergepartial
                outputColumnNames: _col0, _col1
                Statistics: Num rows: 4 Data size: 372 Basic stats: COMPLETE Column stats: COMPLETE
                File Output Operator
                  compressed: false
                  Statistics: Num rows: 4 Data size: 372 Basic stats: COMPLETE Column stats: COMPLETE
                  table:
                      input format: org.apache.hadoop.mapred.SequenceFileInputFormat
                      output format: org.apache.hadoop.hive.ql.io.HiveSequenceFileOutputFormat
                      serde: org.apache.hadoop.hive.serde2.lazy.LazySimpleSerDe

  Stage: Stage-0
    Fetch Operator
      limit: -1
      Processor Tree:
        ListSink

