PREHOOK: query: create table results_cache_with_auth_t1 (c1 string)
PREHOOK: type: CREATETABLE
PREHOOK: Output: database:default
PREHOOK: Output: default@results_cache_with_auth_t1
POSTHOOK: query: create table results_cache_with_auth_t1 (c1 string)
POSTHOOK: type: CREATETABLE
POSTHOOK: Output: database:default
POSTHOOK: Output: default@results_cache_with_auth_t1
PREHOOK: query: insert into results_cache_with_auth_t1 values ('abc')
PREHOOK: type: QUERY
PREHOOK: Input: _dummy_database@_dummy_table
PREHOOK: Output: default@results_cache_with_auth_t1
POSTHOOK: query: insert into results_cache_with_auth_t1 values ('abc')
POSTHOOK: type: QUERY
POSTHOOK: Input: _dummy_database@_dummy_table
POSTHOOK: Output: default@results_cache_with_auth_t1
POSTHOOK: Lineage: results_cache_with_auth_t1.c1 SCRIPT []
PREHOOK: query: explain
select count(*) from results_cache_with_auth_t1
PREHOOK: type: QUERY
PREHOOK: Input: default@results_cache_with_auth_t1
PREHOOK: Output: hdfs://### HDFS PATH ###
POSTHOOK: query: explain
select count(*) from results_cache_with_auth_t1
POSTHOOK: type: QUERY
POSTHOOK: Input: default@results_cache_with_auth_t1
POSTHOOK: Output: hdfs://### HDFS PATH ###
STAGE DEPENDENCIES:
  Stage-1 is a root stage
  Stage-0 depends on stages: Stage-1

STAGE PLANS:
  Stage: Stage-1
    Tez
#### A masked pattern was here ####
      Edges:
        Reducer 2 <- Map 1 (CUSTOM_SIMPLE_EDGE)
#### A masked pattern was here ####
      Vertices:
        Map 1 
            Map Operator Tree:
                TableScan
                  alias: results_cache_with_auth_t1
                  Statistics: Num rows: 1 Data size: 3 Basic stats: COMPLETE Column stats: COMPLETE
                  Select Operator
                    Statistics: Num rows: 1 Data size: 3 Basic stats: COMPLETE Column stats: COMPLETE
                    Group By Operator
                      aggregations: count()
                      minReductionHashAggr: 0.4
                      mode: hash
                      outputColumnNames: _col0
                      Statistics: Num rows: 1 Data size: 8 Basic stats: COMPLETE Column stats: COMPLETE
                      Reduce Output Operator
                        null sort order: 
                        sort order: 
                        Statistics: Num rows: 1 Data size: 8 Basic stats: COMPLETE Column stats: COMPLETE
                        value expressions: _col0 (type: bigint)
            Execution mode: vectorized, llap
            LLAP IO: all inputs
        Reducer 2 
            Execution mode: vectorized, llap
            Reduce Operator Tree:
              Group By Operator
                aggregations: count(VALUE._col0)
                mode: mergepartial
                outputColumnNames: _col0
                Statistics: Num rows: 1 Data size: 8 Basic stats: COMPLETE Column stats: COMPLETE
                File Output Operator
                  compressed: false
                  Statistics: Num rows: 1 Data size: 8 Basic stats: COMPLETE Column stats: COMPLETE
                  table:
                      input format: org.apache.hadoop.mapred.SequenceFileInputFormat
                      output format: org.apache.hadoop.hive.ql.io.HiveSequenceFileOutputFormat
                      serde: org.apache.hadoop.hive.serde2.lazy.LazySimpleSerDe

  Stage: Stage-0
    Fetch Operator
      limit: -1
      Processor Tree:
        ListSink

PREHOOK: query: select count(*) from results_cache_with_auth_t1
PREHOOK: type: QUERY
PREHOOK: Input: default@results_cache_with_auth_t1
PREHOOK: Output: hdfs://### HDFS PATH ###
POSTHOOK: query: select count(*) from results_cache_with_auth_t1
POSTHOOK: type: QUERY
POSTHOOK: Input: default@results_cache_with_auth_t1
POSTHOOK: Output: hdfs://### HDFS PATH ###
1
test.comment="Cache should be used for this query"
PREHOOK: query: explain
select count(*) from results_cache_with_auth_t1
PREHOOK: type: QUERY
PREHOOK: Input: default@results_cache_with_auth_t1
PREHOOK: Output: hdfs://### HDFS PATH ###
POSTHOOK: query: explain
select count(*) from results_cache_with_auth_t1
POSTHOOK: type: QUERY
POSTHOOK: Input: default@results_cache_with_auth_t1
POSTHOOK: Output: hdfs://### HDFS PATH ###
STAGE DEPENDENCIES:
  Stage-0 is a root stage

STAGE PLANS:
  Stage: Stage-0
    Fetch Operator
      limit: -1
      Processor Tree:
        ListSink
      Cached Query Result: true

PREHOOK: query: select count(*) from results_cache_with_auth_t1
PREHOOK: type: QUERY
PREHOOK: Input: default@results_cache_with_auth_t1
PREHOOK: Output: hdfs://### HDFS PATH ###
POSTHOOK: query: select count(*) from results_cache_with_auth_t1
POSTHOOK: type: QUERY
POSTHOOK: Input: default@results_cache_with_auth_t1
POSTHOOK: Output: hdfs://### HDFS PATH ###
1
