PREHOOK: query: create table quoted1 (
  `_c1` int,
  `int` int,
  `col 3` string,
  `col``4` string
) stored as textfile
PREHOOK: type: CREATETABLE
PREHOOK: Output: database:default
PREHOOK: Output: default@quoted1
POSTHOOK: query: create table quoted1 (
  `_c1` int,
  `int` int,
  `col 3` string,
  `col``4` string
) stored as textfile
POSTHOOK: type: CREATETABLE
POSTHOOK: Output: database:default
POSTHOOK: Output: default@quoted1
PREHOOK: query: insert into quoted1 select key, key, value, value from src
PREHOOK: type: QUERY
PREHOOK: Input: default@src
PREHOOK: Output: default@quoted1
POSTHOOK: query: insert into quoted1 select key, key, value, value from src
POSTHOOK: type: QUERY
POSTHOOK: Input: default@src
POSTHOOK: Output: default@quoted1
POSTHOOK: Lineage: quoted1._c1 EXPRESSION [(src)src.FieldSchema(name:key, type:string, comment:default), ]
POSTHOOK: Lineage: quoted1.col 3 SIMPLE [(src)src.FieldSchema(name:value, type:string, comment:default), ]
POSTHOOK: Lineage: quoted1.col`4 SIMPLE [(src)src.FieldSchema(name:value, type:string, comment:default), ]
POSTHOOK: Lineage: quoted1.int EXPRESSION [(src)src.FieldSchema(name:key, type:string, comment:default), ]
PREHOOK: query: explain
select max(`_c1`), max(`int`), max(`col 3`), max(`col``4`) from quoted1
PREHOOK: type: QUERY
POSTHOOK: query: explain
select max(`_c1`), max(`int`), max(`col 3`), max(`col``4`) from quoted1
POSTHOOK: type: QUERY
STAGE DEPENDENCIES:
  Stage-1 is a root stage
  Stage-0 depends on stages: Stage-1

STAGE PLANS:
  Stage: Stage-1
    Tez
#### A masked pattern was here ####
      Edges:
        Reducer 2 <- Map 1 (CUSTOM_SIMPLE_EDGE)
#### A masked pattern was here ####
      Vertices:
        Map 1 
            Map Operator Tree:
                TableScan
                  alias: quoted1
                  Statistics: Num rows: 500 Data size: 95000 Basic stats: COMPLETE Column stats: COMPLETE
                  Select Operator
                    expressions: _c1 (type: int), int (type: int), col 3 (type: string), col`4 (type: string)
                    outputColumnNames: _c1, int, col 3, col`4
                    Statistics: Num rows: 500 Data size: 95000 Basic stats: COMPLETE Column stats: COMPLETE
                    Group By Operator
                      aggregations: max(_c1), max(int), max(col 3), max(col`4)
                      mode: hash
                      outputColumnNames: _col0, _col1, _col2, _col3
                      Statistics: Num rows: 1 Data size: 376 Basic stats: COMPLETE Column stats: COMPLETE
                      Reduce Output Operator
                        sort order: 
                        Statistics: Num rows: 1 Data size: 376 Basic stats: COMPLETE Column stats: COMPLETE
                        value expressions: _col0 (type: int), _col1 (type: int), _col2 (type: string), _col3 (type: string)
            Execution mode: vectorized, llap
            LLAP IO: no inputs
        Reducer 2 
            Execution mode: vectorized, llap
            Reduce Operator Tree:
              Group By Operator
                aggregations: max(VALUE._col0), max(VALUE._col1), max(VALUE._col2), max(VALUE._col3)
                mode: mergepartial
                outputColumnNames: _col0, _col1, _col2, _col3
                Statistics: Num rows: 1 Data size: 376 Basic stats: COMPLETE Column stats: COMPLETE
                File Output Operator
                  compressed: false
                  Statistics: Num rows: 1 Data size: 376 Basic stats: COMPLETE Column stats: COMPLETE
                  table:
                      input format: org.apache.hadoop.mapred.SequenceFileInputFormat
                      output format: org.apache.hadoop.hive.ql.io.HiveSequenceFileOutputFormat
                      serde: org.apache.hadoop.hive.serde2.lazy.LazySimpleSerDe

  Stage: Stage-0
    Fetch Operator
      limit: -1
      Processor Tree:
        ListSink

PREHOOK: query: select max(`_c1`), max(`int`), max(`col 3`), max(`col``4`) from quoted1
PREHOOK: type: QUERY
PREHOOK: Input: default@quoted1
#### A masked pattern was here ####
POSTHOOK: query: select max(`_c1`), max(`int`), max(`col 3`), max(`col``4`) from quoted1
POSTHOOK: type: QUERY
POSTHOOK: Input: default@quoted1
#### A masked pattern was here ####
498	498	val_98	val_98
test.comment="Cache should be used for this query"
PREHOOK: query: explain
select max(`_c1`), max(`int`), max(`col 3`), max(`col``4`) from quoted1
PREHOOK: type: QUERY
POSTHOOK: query: explain
select max(`_c1`), max(`int`), max(`col 3`), max(`col``4`) from quoted1
POSTHOOK: type: QUERY
STAGE DEPENDENCIES:
  Stage-0 is a root stage

STAGE PLANS:
  Stage: Stage-0
    Fetch Operator
      limit: -1
      Processor Tree:
        ListSink
      Cached Query Result: true

PREHOOK: query: select max(`_c1`), max(`int`), max(`col 3`), max(`col``4`) from quoted1
PREHOOK: type: QUERY
PREHOOK: Input: default@quoted1
POSTHOOK: query: select max(`_c1`), max(`int`), max(`col 3`), max(`col``4`) from quoted1
POSTHOOK: type: QUERY
POSTHOOK: Input: default@quoted1
498	498	val_98	val_98
