PREHOOK: query: create table rct (key string, value string)
PREHOOK: type: CREATETABLE
PREHOOK: Output: database:default
PREHOOK: Output: default@rct
POSTHOOK: query: create table rct (key string, value string)
POSTHOOK: type: CREATETABLE
POSTHOOK: Output: database:default
POSTHOOK: Output: default@rct
PREHOOK: query: load data local inpath '../../data/files/kv1.txt' overwrite into table rct
PREHOOK: type: LOAD
#### A masked pattern was here ####
PREHOOK: Output: default@rct
POSTHOOK: query: load data local inpath '../../data/files/kv1.txt' overwrite into table rct
POSTHOOK: type: LOAD
#### A masked pattern was here ####
POSTHOOK: Output: default@rct
PREHOOK: query: create table rct_part (key string, value string) partitioned by (ds string)
PREHOOK: type: CREATETABLE
PREHOOK: Output: database:default
PREHOOK: Output: default@rct_part
POSTHOOK: query: create table rct_part (key string, value string) partitioned by (ds string)
POSTHOOK: type: CREATETABLE
POSTHOOK: Output: database:default
POSTHOOK: Output: default@rct_part
PREHOOK: query: load data local inpath '../../data/files/kv1.txt' overwrite into table rct_part partition (ds="2008-04-08")
PREHOOK: type: LOAD
#### A masked pattern was here ####
PREHOOK: Output: default@rct_part
POSTHOOK: query: load data local inpath '../../data/files/kv1.txt' overwrite into table rct_part partition (ds="2008-04-08")
POSTHOOK: type: LOAD
#### A masked pattern was here ####
POSTHOOK: Output: default@rct_part
POSTHOOK: Output: default@rct_part@ds=2008-04-08
PREHOOK: query: load data local inpath '../../data/files/kv1.txt' overwrite into table rct_part partition (ds="2008-04-09")
PREHOOK: type: LOAD
#### A masked pattern was here ####
PREHOOK: Output: default@rct_part
POSTHOOK: query: load data local inpath '../../data/files/kv1.txt' overwrite into table rct_part partition (ds="2008-04-09")
POSTHOOK: type: LOAD
#### A masked pattern was here ####
POSTHOOK: Output: default@rct_part
POSTHOOK: Output: default@rct_part@ds=2008-04-09
PREHOOK: query: create temporary table tmptab as select * from src
PREHOOK: type: CREATETABLE_AS_SELECT
PREHOOK: Input: default@src
PREHOOK: Output: database:default
PREHOOK: Output: default@tmptab
POSTHOOK: query: create temporary table tmptab as select * from src
POSTHOOK: type: CREATETABLE_AS_SELECT
POSTHOOK: Input: default@src
POSTHOOK: Output: database:default
POSTHOOK: Output: default@tmptab
POSTHOOK: Lineage: tmptab.key SIMPLE [(src)src.FieldSchema(name:key, type:string, comment:default), ]
POSTHOOK: Lineage: tmptab.value SIMPLE [(src)src.FieldSchema(name:value, type:string, comment:default), ]
PREHOOK: query: select count(*) from tmptab where key = 0
PREHOOK: type: QUERY
PREHOOK: Input: default@tmptab
#### A masked pattern was here ####
POSTHOOK: query: select count(*) from tmptab where key = 0
POSTHOOK: type: QUERY
POSTHOOK: Input: default@tmptab
#### A masked pattern was here ####
3
test.comment="Query involving temp tables should not be added to the cache"
PREHOOK: query: explain
select count(*) from tmptab where key = 0
PREHOOK: type: QUERY
PREHOOK: Input: default@tmptab
#### A masked pattern was here ####
POSTHOOK: query: explain
select count(*) from tmptab where key = 0
POSTHOOK: type: QUERY
POSTHOOK: Input: default@tmptab
#### A masked pattern was here ####
STAGE DEPENDENCIES:
  Stage-1 is a root stage
  Stage-0 depends on stages: Stage-1

STAGE PLANS:
  Stage: Stage-1
    Tez
#### A masked pattern was here ####
      Edges:
        Reducer 2 <- Map 1 (CUSTOM_SIMPLE_EDGE)
#### A masked pattern was here ####
      Vertices:
        Map 1 
            Map Operator Tree:
                TableScan
                  alias: tmptab
                  filterExpr: (UDFToDouble(key) = 0.0D) (type: boolean)
                  Statistics: Num rows: 500 Data size: 87584 Basic stats: COMPLETE Column stats: NONE
                  Filter Operator
                    predicate: (UDFToDouble(key) = 0.0D) (type: boolean)
                    Statistics: Num rows: 250 Data size: 43792 Basic stats: COMPLETE Column stats: NONE
                    Select Operator
                      Statistics: Num rows: 250 Data size: 43792 Basic stats: COMPLETE Column stats: NONE
                      Group By Operator
                        aggregations: count()
                        minReductionHashAggr: 0.99
                        mode: hash
                        outputColumnNames: _col0
                        Statistics: Num rows: 1 Data size: 192 Basic stats: COMPLETE Column stats: NONE
                        Reduce Output Operator
                          null sort order: 
                          sort order: 
                          Statistics: Num rows: 1 Data size: 192 Basic stats: COMPLETE Column stats: NONE
                          value expressions: _col0 (type: bigint)
            Execution mode: vectorized, llap
            LLAP IO: all inputs
        Reducer 2 
            Execution mode: vectorized, llap
            Reduce Operator Tree:
              Group By Operator
                aggregations: count(VALUE._col0)
                mode: mergepartial
                outputColumnNames: _col0
                Statistics: Num rows: 1 Data size: 192 Basic stats: COMPLETE Column stats: NONE
                File Output Operator
                  compressed: false
                  Statistics: Num rows: 1 Data size: 192 Basic stats: COMPLETE Column stats: NONE
                  table:
                      input format: org.apache.hadoop.mapred.SequenceFileInputFormat
                      output format: org.apache.hadoop.hive.ql.io.HiveSequenceFileOutputFormat
                      serde: org.apache.hadoop.hive.serde2.lazy.LazySimpleSerDe

  Stage: Stage-0
    Fetch Operator
      limit: -1
      Processor Tree:
        ListSink

PREHOOK: query: select count(*) from rct where key = 0
PREHOOK: type: QUERY
PREHOOK: Input: default@rct
#### A masked pattern was here ####
POSTHOOK: query: select count(*) from rct where key = 0
POSTHOOK: type: QUERY
POSTHOOK: Input: default@rct
#### A masked pattern was here ####
3
test.comment="Query should use the cache"
PREHOOK: query: explain
select count(*) from rct where key = 0
PREHOOK: type: QUERY
PREHOOK: Input: default@rct
POSTHOOK: query: explain
select count(*) from rct where key = 0
POSTHOOK: type: QUERY
POSTHOOK: Input: default@rct
STAGE DEPENDENCIES:
  Stage-0 is a root stage

STAGE PLANS:
  Stage: Stage-0
    Fetch Operator
      limit: -1
      Processor Tree:
        ListSink
      Cached Query Result: true

PREHOOK: query: create temporary table rct as select * from tmptab
PREHOOK: type: CREATETABLE_AS_SELECT
PREHOOK: Input: default@tmptab
PREHOOK: Output: database:default
PREHOOK: Output: default@rct
POSTHOOK: query: create temporary table rct as select * from tmptab
POSTHOOK: type: CREATETABLE_AS_SELECT
POSTHOOK: Input: default@tmptab
POSTHOOK: Output: database:default
POSTHOOK: Output: default@rct
POSTHOOK: Lineage: rct.key SIMPLE [(tmptab)tmptab.FieldSchema(name:key, type:string, comment:null), ]
POSTHOOK: Lineage: rct.value SIMPLE [(tmptab)tmptab.FieldSchema(name:value, type:string, comment:null), ]
test.comment="Cached query does not get used now that it resolves to a temp table"
PREHOOK: query: explain
select count(*) from rct where key = 0
PREHOOK: type: QUERY
PREHOOK: Input: default@rct
#### A masked pattern was here ####
POSTHOOK: query: explain
select count(*) from rct where key = 0
POSTHOOK: type: QUERY
POSTHOOK: Input: default@rct
#### A masked pattern was here ####
STAGE DEPENDENCIES:
  Stage-1 is a root stage
  Stage-0 depends on stages: Stage-1

STAGE PLANS:
  Stage: Stage-1
    Tez
#### A masked pattern was here ####
      Edges:
        Reducer 2 <- Map 1 (CUSTOM_SIMPLE_EDGE)
#### A masked pattern was here ####
      Vertices:
        Map 1 
            Map Operator Tree:
                TableScan
                  alias: rct
                  filterExpr: (UDFToDouble(key) = 0.0D) (type: boolean)
                  Statistics: Num rows: 500 Data size: 87584 Basic stats: COMPLETE Column stats: NONE
                  Filter Operator
                    predicate: (UDFToDouble(key) = 0.0D) (type: boolean)
                    Statistics: Num rows: 250 Data size: 43792 Basic stats: COMPLETE Column stats: NONE
                    Select Operator
                      Statistics: Num rows: 250 Data size: 43792 Basic stats: COMPLETE Column stats: NONE
                      Group By Operator
                        aggregations: count()
                        minReductionHashAggr: 0.99
                        mode: hash
                        outputColumnNames: _col0
                        Statistics: Num rows: 1 Data size: 192 Basic stats: COMPLETE Column stats: NONE
                        Reduce Output Operator
                          null sort order: 
                          sort order: 
                          Statistics: Num rows: 1 Data size: 192 Basic stats: COMPLETE Column stats: NONE
                          value expressions: _col0 (type: bigint)
            Execution mode: vectorized, llap
            LLAP IO: all inputs
        Reducer 2 
            Execution mode: vectorized, llap
            Reduce Operator Tree:
              Group By Operator
                aggregations: count(VALUE._col0)
                mode: mergepartial
                outputColumnNames: _col0
                Statistics: Num rows: 1 Data size: 192 Basic stats: COMPLETE Column stats: NONE
                File Output Operator
                  compressed: false
                  Statistics: Num rows: 1 Data size: 192 Basic stats: COMPLETE Column stats: NONE
                  table:
                      input format: org.apache.hadoop.mapred.SequenceFileInputFormat
                      output format: org.apache.hadoop.hive.ql.io.HiveSequenceFileOutputFormat
                      serde: org.apache.hadoop.hive.serde2.lazy.LazySimpleSerDe

  Stage: Stage-0
    Fetch Operator
      limit: -1
      Processor Tree:
        ListSink

PREHOOK: query: select count(*) from rct_part where ds="2008-04-08" and key = 0
PREHOOK: type: QUERY
PREHOOK: Input: default@rct_part
PREHOOK: Input: default@rct_part@ds=2008-04-08
#### A masked pattern was here ####
POSTHOOK: query: select count(*) from rct_part where ds="2008-04-08" and key = 0
POSTHOOK: type: QUERY
POSTHOOK: Input: default@rct_part
POSTHOOK: Input: default@rct_part@ds=2008-04-08
#### A masked pattern was here ####
3
test.comment="Query should use the cache"
PREHOOK: query: explain
select count(*) from rct_part where ds="2008-04-08" and key = 0
PREHOOK: type: QUERY
PREHOOK: Input: default@rct_part
PREHOOK: Input: default@rct_part@ds=2008-04-08
POSTHOOK: query: explain
select count(*) from rct_part where ds="2008-04-08" and key = 0
POSTHOOK: type: QUERY
POSTHOOK: Input: default@rct_part
POSTHOOK: Input: default@rct_part@ds=2008-04-08
STAGE DEPENDENCIES:
  Stage-0 is a root stage

STAGE PLANS:
  Stage: Stage-0
    Fetch Operator
      limit: -1
      Processor Tree:
        ListSink
      Cached Query Result: true

PREHOOK: query: create temporary table rct_part as select key, value, "2008-04-08" as ds from tmptab
PREHOOK: type: CREATETABLE_AS_SELECT
PREHOOK: Input: default@tmptab
PREHOOK: Output: database:default
PREHOOK: Output: default@rct_part
POSTHOOK: query: create temporary table rct_part as select key, value, "2008-04-08" as ds from tmptab
POSTHOOK: type: CREATETABLE_AS_SELECT
POSTHOOK: Input: default@tmptab
POSTHOOK: Output: database:default
POSTHOOK: Output: default@rct_part
POSTHOOK: Lineage: rct_part.ds SIMPLE []
POSTHOOK: Lineage: rct_part.key SIMPLE [(tmptab)tmptab.FieldSchema(name:key, type:string, comment:null), ]
POSTHOOK: Lineage: rct_part.value SIMPLE [(tmptab)tmptab.FieldSchema(name:value, type:string, comment:null), ]
test.comment="Cached query does not get used now that it resolves to a temp table"
PREHOOK: query: explain
select count(*) from rct_part where ds="2008-04-08" and key = 0
PREHOOK: type: QUERY
PREHOOK: Input: default@rct_part
#### A masked pattern was here ####
POSTHOOK: query: explain
select count(*) from rct_part where ds="2008-04-08" and key = 0
POSTHOOK: type: QUERY
POSTHOOK: Input: default@rct_part
#### A masked pattern was here ####
STAGE DEPENDENCIES:
  Stage-1 is a root stage
  Stage-0 depends on stages: Stage-1

STAGE PLANS:
  Stage: Stage-1
    Tez
#### A masked pattern was here ####
      Edges:
        Reducer 2 <- Map 1 (CUSTOM_SIMPLE_EDGE)
#### A masked pattern was here ####
      Vertices:
        Map 1 
            Map Operator Tree:
                TableScan
                  alias: rct_part
                  filterExpr: ((ds = '2008-04-08') and (UDFToDouble(key) = 0.0D)) (type: boolean)
                  Statistics: Num rows: 500 Data size: 175168 Basic stats: COMPLETE Column stats: NONE
                  Filter Operator
                    predicate: ((ds = '2008-04-08') and (UDFToDouble(key) = 0.0D)) (type: boolean)
                    Statistics: Num rows: 2 Data size: 700 Basic stats: COMPLETE Column stats: NONE
                    Select Operator
                      Statistics: Num rows: 2 Data size: 700 Basic stats: COMPLETE Column stats: NONE
                      Group By Operator
                        aggregations: count()
                        minReductionHashAggr: 0.99
                        mode: hash
                        outputColumnNames: _col0
                        Statistics: Num rows: 1 Data size: 376 Basic stats: COMPLETE Column stats: NONE
                        Reduce Output Operator
                          null sort order: 
                          sort order: 
                          Statistics: Num rows: 1 Data size: 376 Basic stats: COMPLETE Column stats: NONE
                          value expressions: _col0 (type: bigint)
            Execution mode: vectorized, llap
            LLAP IO: all inputs
        Reducer 2 
            Execution mode: vectorized, llap
            Reduce Operator Tree:
              Group By Operator
                aggregations: count(VALUE._col0)
                mode: mergepartial
                outputColumnNames: _col0
                Statistics: Num rows: 1 Data size: 376 Basic stats: COMPLETE Column stats: NONE
                File Output Operator
                  compressed: false
                  Statistics: Num rows: 1 Data size: 376 Basic stats: COMPLETE Column stats: NONE
                  table:
                      input format: org.apache.hadoop.mapred.SequenceFileInputFormat
                      output format: org.apache.hadoop.hive.ql.io.HiveSequenceFileOutputFormat
                      serde: org.apache.hadoop.hive.serde2.lazy.LazySimpleSerDe

  Stage: Stage-0
    Fetch Operator
      limit: -1
      Processor Tree:
        ListSink

