PREHOOK: query: create table alltypesorc_int ( cint int, cstring string ) stored as ORC
PREHOOK: type: CREATETABLE
PREHOOK: Output: database:default
PREHOOK: Output: default@alltypesorc_int
POSTHOOK: query: create table alltypesorc_int ( cint int, cstring string ) stored as ORC
POSTHOOK: type: CREATETABLE
POSTHOOK: Output: database:default
POSTHOOK: Output: default@alltypesorc_int
PREHOOK: query: create table srcpart_date (str string, value string) partitioned by (ds string ) stored as ORC
PREHOOK: type: CREATETABLE
PREHOOK: Output: database:default
PREHOOK: Output: default@srcpart_date
POSTHOOK: query: create table srcpart_date (str string, value string) partitioned by (ds string ) stored as ORC
POSTHOOK: type: CREATETABLE
POSTHOOK: Output: database:default
POSTHOOK: Output: default@srcpart_date
PREHOOK: query: CREATE TABLE srcpart_small(key1 STRING, value1 STRING) partitioned by (ds string) STORED as ORC
PREHOOK: type: CREATETABLE
PREHOOK: Output: database:default
PREHOOK: Output: default@srcpart_small
POSTHOOK: query: CREATE TABLE srcpart_small(key1 STRING, value1 STRING) partitioned by (ds string) STORED as ORC
POSTHOOK: type: CREATETABLE
POSTHOOK: Output: database:default
POSTHOOK: Output: default@srcpart_small
PREHOOK: query: alter table srcpart_date add partition (ds = "2008-04-08")
PREHOOK: type: ALTERTABLE_ADDPARTS
PREHOOK: Output: default@srcpart_date
POSTHOOK: query: alter table srcpart_date add partition (ds = "2008-04-08")
POSTHOOK: type: ALTERTABLE_ADDPARTS
POSTHOOK: Output: default@srcpart_date
POSTHOOK: Output: default@srcpart_date@ds=2008-04-08
PREHOOK: query: alter table srcpart_date add partition (ds = "2008-04-09")
PREHOOK: type: ALTERTABLE_ADDPARTS
PREHOOK: Output: default@srcpart_date
POSTHOOK: query: alter table srcpart_date add partition (ds = "2008-04-09")
POSTHOOK: type: ALTERTABLE_ADDPARTS
POSTHOOK: Output: default@srcpart_date
POSTHOOK: Output: default@srcpart_date@ds=2008-04-09
PREHOOK: query: alter table srcpart_small add partition (ds = "2008-04-08")
PREHOOK: type: ALTERTABLE_ADDPARTS
PREHOOK: Output: default@srcpart_small
POSTHOOK: query: alter table srcpart_small add partition (ds = "2008-04-08")
POSTHOOK: type: ALTERTABLE_ADDPARTS
POSTHOOK: Output: default@srcpart_small
POSTHOOK: Output: default@srcpart_small@ds=2008-04-08
PREHOOK: query: alter table srcpart_small add partition (ds = "2008-04-09")
PREHOOK: type: ALTERTABLE_ADDPARTS
PREHOOK: Output: default@srcpart_small
POSTHOOK: query: alter table srcpart_small add partition (ds = "2008-04-09")
POSTHOOK: type: ALTERTABLE_ADDPARTS
POSTHOOK: Output: default@srcpart_small
POSTHOOK: Output: default@srcpart_small@ds=2008-04-09
PREHOOK: query: insert overwrite table alltypesorc_int select cint, cstring1 from alltypesorc
PREHOOK: type: QUERY
PREHOOK: Input: default@alltypesorc
PREHOOK: Output: default@alltypesorc_int
POSTHOOK: query: insert overwrite table alltypesorc_int select cint, cstring1 from alltypesorc
POSTHOOK: type: QUERY
POSTHOOK: Input: default@alltypesorc
POSTHOOK: Output: default@alltypesorc_int
POSTHOOK: Lineage: alltypesorc_int.cint SIMPLE [(alltypesorc)alltypesorc.FieldSchema(name:cint, type:int, comment:null), ]
POSTHOOK: Lineage: alltypesorc_int.cstring SIMPLE [(alltypesorc)alltypesorc.FieldSchema(name:cstring1, type:string, comment:null), ]
PREHOOK: query: insert overwrite table srcpart_date partition (ds = "2008-04-08" ) select key, value from srcpart where ds = "2008-04-08"
PREHOOK: type: QUERY
PREHOOK: Input: default@srcpart
PREHOOK: Input: default@srcpart@ds=2008-04-08/hr=11
PREHOOK: Input: default@srcpart@ds=2008-04-08/hr=12
PREHOOK: Output: default@srcpart_date@ds=2008-04-08
POSTHOOK: query: insert overwrite table srcpart_date partition (ds = "2008-04-08" ) select key, value from srcpart where ds = "2008-04-08"
POSTHOOK: type: QUERY
POSTHOOK: Input: default@srcpart
POSTHOOK: Input: default@srcpart@ds=2008-04-08/hr=11
POSTHOOK: Input: default@srcpart@ds=2008-04-08/hr=12
POSTHOOK: Output: default@srcpart_date@ds=2008-04-08
POSTHOOK: Lineage: srcpart_date PARTITION(ds=2008-04-08).str SIMPLE [(srcpart)srcpart.FieldSchema(name:key, type:string, comment:default), ]
POSTHOOK: Lineage: srcpart_date PARTITION(ds=2008-04-08).value SIMPLE [(srcpart)srcpart.FieldSchema(name:value, type:string, comment:default), ]
PREHOOK: query: insert overwrite table srcpart_date partition (ds = "2008-04-09") select key, value from srcpart where ds = "2008-04-09"
PREHOOK: type: QUERY
PREHOOK: Input: default@srcpart
PREHOOK: Input: default@srcpart@ds=2008-04-09/hr=11
PREHOOK: Input: default@srcpart@ds=2008-04-09/hr=12
PREHOOK: Output: default@srcpart_date@ds=2008-04-09
POSTHOOK: query: insert overwrite table srcpart_date partition (ds = "2008-04-09") select key, value from srcpart where ds = "2008-04-09"
POSTHOOK: type: QUERY
POSTHOOK: Input: default@srcpart
POSTHOOK: Input: default@srcpart@ds=2008-04-09/hr=11
POSTHOOK: Input: default@srcpart@ds=2008-04-09/hr=12
POSTHOOK: Output: default@srcpart_date@ds=2008-04-09
POSTHOOK: Lineage: srcpart_date PARTITION(ds=2008-04-09).str SIMPLE [(srcpart)srcpart.FieldSchema(name:key, type:string, comment:default), ]
POSTHOOK: Lineage: srcpart_date PARTITION(ds=2008-04-09).value SIMPLE [(srcpart)srcpart.FieldSchema(name:value, type:string, comment:default), ]
PREHOOK: query: insert overwrite table srcpart_small partition (ds = "2008-04-09") select key, value from srcpart where ds = "2008-04-09"
PREHOOK: type: QUERY
PREHOOK: Input: default@srcpart
PREHOOK: Input: default@srcpart@ds=2008-04-09/hr=11
PREHOOK: Input: default@srcpart@ds=2008-04-09/hr=12
PREHOOK: Output: default@srcpart_small@ds=2008-04-09
POSTHOOK: query: insert overwrite table srcpart_small partition (ds = "2008-04-09") select key, value from srcpart where ds = "2008-04-09"
POSTHOOK: type: QUERY
POSTHOOK: Input: default@srcpart
POSTHOOK: Input: default@srcpart@ds=2008-04-09/hr=11
POSTHOOK: Input: default@srcpart@ds=2008-04-09/hr=12
POSTHOOK: Output: default@srcpart_small@ds=2008-04-09
POSTHOOK: Lineage: srcpart_small PARTITION(ds=2008-04-09).key1 SIMPLE [(srcpart)srcpart.FieldSchema(name:key, type:string, comment:default), ]
POSTHOOK: Lineage: srcpart_small PARTITION(ds=2008-04-09).value1 SIMPLE [(srcpart)srcpart.FieldSchema(name:value, type:string, comment:default), ]
PREHOOK: query: analyze table alltypesorc_int compute statistics for columns
PREHOOK: type: QUERY
PREHOOK: Input: default@alltypesorc_int
PREHOOK: Output: default@alltypesorc_int
#### A masked pattern was here ####
POSTHOOK: query: analyze table alltypesorc_int compute statistics for columns
POSTHOOK: type: QUERY
POSTHOOK: Input: default@alltypesorc_int
POSTHOOK: Output: default@alltypesorc_int
#### A masked pattern was here ####
PREHOOK: query: analyze table srcpart_date compute statistics for columns
PREHOOK: type: QUERY
PREHOOK: Input: default@srcpart_date
PREHOOK: Input: default@srcpart_date@ds=2008-04-08
PREHOOK: Input: default@srcpart_date@ds=2008-04-09
PREHOOK: Output: default@srcpart_date
PREHOOK: Output: default@srcpart_date@ds=2008-04-08
PREHOOK: Output: default@srcpart_date@ds=2008-04-09
#### A masked pattern was here ####
POSTHOOK: query: analyze table srcpart_date compute statistics for columns
POSTHOOK: type: QUERY
POSTHOOK: Input: default@srcpart_date
POSTHOOK: Input: default@srcpart_date@ds=2008-04-08
POSTHOOK: Input: default@srcpart_date@ds=2008-04-09
POSTHOOK: Output: default@srcpart_date
POSTHOOK: Output: default@srcpart_date@ds=2008-04-08
POSTHOOK: Output: default@srcpart_date@ds=2008-04-09
#### A masked pattern was here ####
PREHOOK: query: analyze table srcpart_small compute statistics for columns
PREHOOK: type: QUERY
PREHOOK: Input: default@srcpart_small
PREHOOK: Input: default@srcpart_small@ds=2008-04-08
PREHOOK: Input: default@srcpart_small@ds=2008-04-09
PREHOOK: Output: default@srcpart_small
PREHOOK: Output: default@srcpart_small@ds=2008-04-08
PREHOOK: Output: default@srcpart_small@ds=2008-04-09
#### A masked pattern was here ####
POSTHOOK: query: analyze table srcpart_small compute statistics for columns
POSTHOOK: type: QUERY
POSTHOOK: Input: default@srcpart_small
POSTHOOK: Input: default@srcpart_small@ds=2008-04-08
POSTHOOK: Input: default@srcpart_small@ds=2008-04-09
POSTHOOK: Output: default@srcpart_small
POSTHOOK: Output: default@srcpart_small@ds=2008-04-08
POSTHOOK: Output: default@srcpart_small@ds=2008-04-09
#### A masked pattern was here ####
PREHOOK: query: create table srccc as select * from src
PREHOOK: type: CREATETABLE_AS_SELECT
PREHOOK: Input: default@src
PREHOOK: Output: database:default
PREHOOK: Output: default@srccc
POSTHOOK: query: create table srccc as select * from src
POSTHOOK: type: CREATETABLE_AS_SELECT
POSTHOOK: Input: default@src
POSTHOOK: Output: database:default
POSTHOOK: Output: default@srccc
POSTHOOK: Lineage: srccc.key SIMPLE [(src)src.FieldSchema(name:key, type:string, comment:default), ]
POSTHOOK: Lineage: srccc.value SIMPLE [(src)src.FieldSchema(name:value, type:string, comment:default), ]
PREHOOK: query: explain select count(*) from srcpart_date k join srcpart_small v on (k.str = v.key1)
PREHOOK: type: QUERY
POSTHOOK: query: explain select count(*) from srcpart_date k join srcpart_small v on (k.str = v.key1)
POSTHOOK: type: QUERY
STAGE DEPENDENCIES:
  Stage-1 is a root stage
  Stage-0 depends on stages: Stage-1

STAGE PLANS:
  Stage: Stage-1
    Tez
#### A masked pattern was here ####
      Edges:
        Map 1 <- Reducer 5 (BROADCAST_EDGE)
        Reducer 2 <- Map 1 (SIMPLE_EDGE), Map 4 (SIMPLE_EDGE)
        Reducer 3 <- Reducer 2 (CUSTOM_SIMPLE_EDGE)
        Reducer 5 <- Map 4 (CUSTOM_SIMPLE_EDGE)
#### A masked pattern was here ####
      Vertices:
        Map 1 
            Map Operator Tree:
                TableScan
                  alias: k
                  filterExpr: (str is not null and (str BETWEEN DynamicValue(RS_7_v_key1_min) AND DynamicValue(RS_7_v_key1_max) and in_bloom_filter(str, DynamicValue(RS_7_v_key1_bloom_filter)))) (type: boolean)
                  Statistics: Num rows: 2000 Data size: 174000 Basic stats: COMPLETE Column stats: COMPLETE
                  Filter Operator
                    predicate: ((str BETWEEN DynamicValue(RS_7_v_key1_min) AND DynamicValue(RS_7_v_key1_max) and in_bloom_filter(str, DynamicValue(RS_7_v_key1_bloom_filter))) and str is not null) (type: boolean)
                    Statistics: Num rows: 2000 Data size: 174000 Basic stats: COMPLETE Column stats: COMPLETE
                    Select Operator
                      expressions: str (type: string)
                      outputColumnNames: str
                      Statistics: Num rows: 2000 Data size: 174000 Basic stats: COMPLETE Column stats: COMPLETE
                      Reduce Output Operator
                        key expressions: str (type: string)
                        sort order: +
                        Map-reduce partition columns: str (type: string)
                        Statistics: Num rows: 2000 Data size: 174000 Basic stats: COMPLETE Column stats: COMPLETE
            Execution mode: llap
            LLAP IO: all inputs
        Map 4 
            Map Operator Tree:
                TableScan
                  alias: v
                  filterExpr: key1 is not null (type: boolean)
                  Statistics: Num rows: 1000 Data size: 87000 Basic stats: PARTIAL Column stats: PARTIAL
                  Filter Operator
                    predicate: key1 is not null (type: boolean)
                    Statistics: Num rows: 1000 Data size: 87000 Basic stats: PARTIAL Column stats: PARTIAL
                    Select Operator
                      expressions: key1 (type: string)
                      outputColumnNames: key1
                      Statistics: Num rows: 1000 Data size: 87000 Basic stats: PARTIAL Column stats: PARTIAL
                      Reduce Output Operator
                        key expressions: key1 (type: string)
                        sort order: +
                        Map-reduce partition columns: key1 (type: string)
                        Statistics: Num rows: 1000 Data size: 87000 Basic stats: PARTIAL Column stats: PARTIAL
                      Select Operator
                        expressions: key1 (type: string)
                        outputColumnNames: _col0
                        Statistics: Num rows: 1000 Data size: 87000 Basic stats: PARTIAL Column stats: PARTIAL
                        Group By Operator
                          aggregations: min(_col0), max(_col0), bloom_filter(_col0, expectedEntries=309)
                          mode: hash
                          outputColumnNames: _col0, _col1, _col2
                          Statistics: Num rows: 1 Data size: 639 Basic stats: PARTIAL Column stats: PARTIAL
                          Reduce Output Operator
                            sort order: 
                            Statistics: Num rows: 1 Data size: 639 Basic stats: PARTIAL Column stats: PARTIAL
                            value expressions: _col0 (type: string), _col1 (type: string), _col2 (type: binary)
            Execution mode: llap
            LLAP IO: all inputs
        Reducer 2 
            Execution mode: llap
            Reduce Operator Tree:
              Merge Join Operator
                condition map:
                     Inner Join 0 to 1
                keys:
                  0 str (type: string)
                  1 key1 (type: string)
                Statistics: Num rows: 2200 Data size: 191400 Basic stats: PARTIAL Column stats: NONE
                Select Operator
                  Statistics: Num rows: 2200 Data size: 191400 Basic stats: PARTIAL Column stats: NONE
                  Group By Operator
                    aggregations: count()
                    mode: hash
                    outputColumnNames: _col0
                    Statistics: Num rows: 1 Data size: 8 Basic stats: PARTIAL Column stats: NONE
                    Reduce Output Operator
                      sort order: 
                      Statistics: Num rows: 1 Data size: 8 Basic stats: PARTIAL Column stats: NONE
                      value expressions: _col0 (type: bigint)
        Reducer 3 
            Execution mode: llap
            Reduce Operator Tree:
              Group By Operator
                aggregations: count(VALUE._col0)
                mode: mergepartial
                outputColumnNames: $f0
                Statistics: Num rows: 1 Data size: 16 Basic stats: PARTIAL Column stats: NONE
                File Output Operator
                  compressed: false
                  Statistics: Num rows: 1 Data size: 16 Basic stats: PARTIAL Column stats: NONE
                  table:
                      input format: org.apache.hadoop.mapred.SequenceFileInputFormat
                      output format: org.apache.hadoop.hive.ql.io.HiveSequenceFileOutputFormat
                      serde: org.apache.hadoop.hive.serde2.lazy.LazySimpleSerDe
        Reducer 5 
            Execution mode: llap
            Reduce Operator Tree:
              Group By Operator
                aggregations: min(VALUE._col0), max(VALUE._col1), bloom_filter(VALUE._col2, expectedEntries=309)
                mode: final
                outputColumnNames: _col0, _col1, _col2
                Statistics: Num rows: 1 Data size: 639 Basic stats: PARTIAL Column stats: PARTIAL
                Reduce Output Operator
                  sort order: 
                  Statistics: Num rows: 1 Data size: 639 Basic stats: PARTIAL Column stats: PARTIAL
                  value expressions: _col0 (type: string), _col1 (type: string), _col2 (type: binary)

  Stage: Stage-0
    Fetch Operator
      limit: -1
      Processor Tree:
        ListSink

PREHOOK: query: explain select /*+ semi(None)*/ count(*) from srcpart_date k join srcpart_small v on (k.str = v.key1)
PREHOOK: type: QUERY
POSTHOOK: query: explain select /*+ semi(None)*/ count(*) from srcpart_date k join srcpart_small v on (k.str = v.key1)
POSTHOOK: type: QUERY
STAGE DEPENDENCIES:
  Stage-1 is a root stage
  Stage-0 depends on stages: Stage-1

STAGE PLANS:
  Stage: Stage-1
    Tez
#### A masked pattern was here ####
      Edges:
        Reducer 2 <- Map 1 (SIMPLE_EDGE), Map 4 (SIMPLE_EDGE)
        Reducer 3 <- Reducer 2 (CUSTOM_SIMPLE_EDGE)
#### A masked pattern was here ####
      Vertices:
        Map 1 
            Map Operator Tree:
                TableScan
                  alias: k
                  filterExpr: str is not null (type: boolean)
                  Statistics: Num rows: 2000 Data size: 174000 Basic stats: COMPLETE Column stats: COMPLETE
                  Filter Operator
                    predicate: str is not null (type: boolean)
                    Statistics: Num rows: 2000 Data size: 174000 Basic stats: COMPLETE Column stats: COMPLETE
                    Select Operator
                      expressions: str (type: string)
                      outputColumnNames: str
                      Statistics: Num rows: 2000 Data size: 174000 Basic stats: COMPLETE Column stats: COMPLETE
                      Reduce Output Operator
                        key expressions: str (type: string)
                        sort order: +
                        Map-reduce partition columns: str (type: string)
                        Statistics: Num rows: 2000 Data size: 174000 Basic stats: COMPLETE Column stats: COMPLETE
            Execution mode: llap
            LLAP IO: all inputs
        Map 4 
            Map Operator Tree:
                TableScan
                  alias: v
                  filterExpr: key1 is not null (type: boolean)
                  Statistics: Num rows: 1000 Data size: 87000 Basic stats: PARTIAL Column stats: PARTIAL
                  Filter Operator
                    predicate: key1 is not null (type: boolean)
                    Statistics: Num rows: 1000 Data size: 87000 Basic stats: PARTIAL Column stats: PARTIAL
                    Select Operator
                      expressions: key1 (type: string)
                      outputColumnNames: key1
                      Statistics: Num rows: 1000 Data size: 87000 Basic stats: PARTIAL Column stats: PARTIAL
                      Reduce Output Operator
                        key expressions: key1 (type: string)
                        sort order: +
                        Map-reduce partition columns: key1 (type: string)
                        Statistics: Num rows: 1000 Data size: 87000 Basic stats: PARTIAL Column stats: PARTIAL
            Execution mode: llap
            LLAP IO: all inputs
        Reducer 2 
            Execution mode: llap
            Reduce Operator Tree:
              Merge Join Operator
                condition map:
                     Inner Join 0 to 1
                keys:
                  0 str (type: string)
                  1 key1 (type: string)
                Statistics: Num rows: 2200 Data size: 191400 Basic stats: PARTIAL Column stats: NONE
                Select Operator
                  Statistics: Num rows: 2200 Data size: 191400 Basic stats: PARTIAL Column stats: NONE
                  Group By Operator
                    aggregations: count()
                    mode: hash
                    outputColumnNames: _col0
                    Statistics: Num rows: 1 Data size: 8 Basic stats: PARTIAL Column stats: NONE
                    Reduce Output Operator
                      sort order: 
                      Statistics: Num rows: 1 Data size: 8 Basic stats: PARTIAL Column stats: NONE
                      value expressions: _col0 (type: bigint)
        Reducer 3 
            Execution mode: llap
            Reduce Operator Tree:
              Group By Operator
                aggregations: count(VALUE._col0)
                mode: mergepartial
                outputColumnNames: $f0
                Statistics: Num rows: 1 Data size: 16 Basic stats: PARTIAL Column stats: NONE
                File Output Operator
                  compressed: false
                  Statistics: Num rows: 1 Data size: 16 Basic stats: PARTIAL Column stats: NONE
                  table:
                      input format: org.apache.hadoop.mapred.SequenceFileInputFormat
                      output format: org.apache.hadoop.hive.ql.io.HiveSequenceFileOutputFormat
                      serde: org.apache.hadoop.hive.serde2.lazy.LazySimpleSerDe

  Stage: Stage-0
    Fetch Operator
      limit: -1
      Processor Tree:
        ListSink

PREHOOK: query: EXPLAIN select  /*+ semi(srcpart_date, str, v, 5000)*/ count(*) from srcpart_date join srcpart_small v on (srcpart_date.str = v.key1) join alltypesorc_int i on (srcpart_date.value = i.cstring)
PREHOOK: type: QUERY
POSTHOOK: query: EXPLAIN select  /*+ semi(srcpart_date, str, v, 5000)*/ count(*) from srcpart_date join srcpart_small v on (srcpart_date.str = v.key1) join alltypesorc_int i on (srcpart_date.value = i.cstring)
POSTHOOK: type: QUERY
STAGE DEPENDENCIES:
  Stage-1 is a root stage
  Stage-0 depends on stages: Stage-1

STAGE PLANS:
  Stage: Stage-1
    Tez
#### A masked pattern was here ####
      Edges:
        Map 7 <- Reducer 5 (BROADCAST_EDGE)
        Reducer 2 <- Map 1 (SIMPLE_EDGE), Map 6 (SIMPLE_EDGE)
        Reducer 3 <- Map 7 (SIMPLE_EDGE), Reducer 2 (SIMPLE_EDGE)
        Reducer 4 <- Reducer 3 (CUSTOM_SIMPLE_EDGE)
        Reducer 5 <- Reducer 2 (CUSTOM_SIMPLE_EDGE)
#### A masked pattern was here ####
      Vertices:
        Map 1 
            Map Operator Tree:
                TableScan
                  alias: i
                  filterExpr: cstring is not null (type: boolean)
                  Statistics: Num rows: 12288 Data size: 862450 Basic stats: COMPLETE Column stats: COMPLETE
                  Filter Operator
                    predicate: cstring is not null (type: boolean)
                    Statistics: Num rows: 9174 Data size: 643900 Basic stats: COMPLETE Column stats: COMPLETE
                    Select Operator
                      expressions: cstring (type: string)
                      outputColumnNames: cstring
                      Statistics: Num rows: 9174 Data size: 643900 Basic stats: COMPLETE Column stats: COMPLETE
                      Reduce Output Operator
                        key expressions: cstring (type: string)
                        sort order: +
                        Map-reduce partition columns: cstring (type: string)
                        Statistics: Num rows: 9174 Data size: 643900 Basic stats: COMPLETE Column stats: COMPLETE
            Execution mode: llap
            LLAP IO: all inputs
        Map 6 
            Map Operator Tree:
                TableScan
                  alias: srcpart_date
                  filterExpr: (str is not null and value is not null) (type: boolean)
                  Statistics: Num rows: 2000 Data size: 356000 Basic stats: COMPLETE Column stats: COMPLETE
                  Filter Operator
                    predicate: (str is not null and value is not null) (type: boolean)
                    Statistics: Num rows: 2000 Data size: 356000 Basic stats: COMPLETE Column stats: COMPLETE
                    Select Operator
                      expressions: str (type: string), value (type: string)
                      outputColumnNames: str, value
                      Statistics: Num rows: 2000 Data size: 356000 Basic stats: COMPLETE Column stats: COMPLETE
                      Reduce Output Operator
                        key expressions: value (type: string)
                        sort order: +
                        Map-reduce partition columns: value (type: string)
                        Statistics: Num rows: 2000 Data size: 356000 Basic stats: COMPLETE Column stats: COMPLETE
                        value expressions: str (type: string)
            Execution mode: llap
            LLAP IO: all inputs
        Map 7 
            Map Operator Tree:
                TableScan
                  alias: v
                  filterExpr: (key1 is not null and (key1 BETWEEN DynamicValue(RS_9_srcpart_date_str_min) AND DynamicValue(RS_9_srcpart_date_str_max) and in_bloom_filter(key1, DynamicValue(RS_9_srcpart_date_str_bloom_filter)))) (type: boolean)
                  Statistics: Num rows: 1000 Data size: 87000 Basic stats: PARTIAL Column stats: PARTIAL
                  Filter Operator
                    predicate: ((key1 BETWEEN DynamicValue(RS_9_srcpart_date_str_min) AND DynamicValue(RS_9_srcpart_date_str_max) and in_bloom_filter(key1, DynamicValue(RS_9_srcpart_date_str_bloom_filter))) and key1 is not null) (type: boolean)
                    Statistics: Num rows: 1000 Data size: 87000 Basic stats: PARTIAL Column stats: PARTIAL
                    Select Operator
                      expressions: key1 (type: string)
                      outputColumnNames: key1
                      Statistics: Num rows: 1000 Data size: 87000 Basic stats: PARTIAL Column stats: PARTIAL
                      Reduce Output Operator
                        key expressions: key1 (type: string)
                        sort order: +
                        Map-reduce partition columns: key1 (type: string)
                        Statistics: Num rows: 1000 Data size: 87000 Basic stats: PARTIAL Column stats: PARTIAL
            Execution mode: llap
            LLAP IO: all inputs
        Reducer 2 
            Execution mode: llap
            Reduce Operator Tree:
              Merge Join Operator
                condition map:
                     Inner Join 0 to 1
                keys:
                  0 cstring (type: string)
                  1 value (type: string)
                outputColumnNames: str
                Statistics: Num rows: 4056 Data size: 352872 Basic stats: COMPLETE Column stats: COMPLETE
                Reduce Output Operator
                  key expressions: str (type: string)
                  sort order: +
                  Map-reduce partition columns: str (type: string)
                  Statistics: Num rows: 4056 Data size: 352872 Basic stats: COMPLETE Column stats: COMPLETE
                Select Operator
                  expressions: str (type: string)
                  outputColumnNames: _col0
                  Statistics: Num rows: 4056 Data size: 705744 Basic stats: COMPLETE Column stats: COMPLETE
                  Group By Operator
                    aggregations: min(_col0), max(_col0), bloom_filter(_col0, expectedEntries=5000)
                    mode: hash
                    outputColumnNames: _col0, _col1, _col2
                    Statistics: Num rows: 1 Data size: 552 Basic stats: COMPLETE Column stats: COMPLETE
                    Reduce Output Operator
                      sort order: 
                      Statistics: Num rows: 1 Data size: 552 Basic stats: COMPLETE Column stats: COMPLETE
                      value expressions: _col0 (type: string), _col1 (type: string), _col2 (type: binary)
        Reducer 3 
            Execution mode: llap
            Reduce Operator Tree:
              Merge Join Operator
                condition map:
                     Inner Join 0 to 1
                keys:
                  0 str (type: string)
                  1 key1 (type: string)
                Statistics: Num rows: 4461 Data size: 388159 Basic stats: PARTIAL Column stats: NONE
                Select Operator
                  Statistics: Num rows: 4461 Data size: 388159 Basic stats: PARTIAL Column stats: NONE
                  Group By Operator
                    aggregations: count()
                    mode: hash
                    outputColumnNames: _col0
                    Statistics: Num rows: 1 Data size: 8 Basic stats: PARTIAL Column stats: NONE
                    Reduce Output Operator
                      sort order: 
                      Statistics: Num rows: 1 Data size: 8 Basic stats: PARTIAL Column stats: NONE
                      value expressions: _col0 (type: bigint)
        Reducer 4 
            Execution mode: llap
            Reduce Operator Tree:
              Group By Operator
                aggregations: count(VALUE._col0)
                mode: mergepartial
                outputColumnNames: $f0
                Statistics: Num rows: 1 Data size: 16 Basic stats: PARTIAL Column stats: NONE
                File Output Operator
                  compressed: false
                  Statistics: Num rows: 1 Data size: 16 Basic stats: PARTIAL Column stats: NONE
                  table:
                      input format: org.apache.hadoop.mapred.SequenceFileInputFormat
                      output format: org.apache.hadoop.hive.ql.io.HiveSequenceFileOutputFormat
                      serde: org.apache.hadoop.hive.serde2.lazy.LazySimpleSerDe
        Reducer 5 
            Execution mode: llap
            Reduce Operator Tree:
              Group By Operator
                aggregations: min(VALUE._col0), max(VALUE._col1), bloom_filter(VALUE._col2, expectedEntries=5000)
                mode: final
                outputColumnNames: _col0, _col1, _col2
                Statistics: Num rows: 1 Data size: 552 Basic stats: COMPLETE Column stats: COMPLETE
                Reduce Output Operator
                  sort order: 
                  Statistics: Num rows: 1 Data size: 552 Basic stats: COMPLETE Column stats: COMPLETE
                  value expressions: _col0 (type: string), _col1 (type: string), _col2 (type: binary)

  Stage: Stage-0
    Fetch Operator
      limit: -1
      Processor Tree:
        ListSink

PREHOOK: query: EXPLAIN select  /*+ semi(i, cstring, v, 3000)*/ count(*) from srcpart_date k join srcpart_small v on (k.str = v.key1) join alltypesorc_int i on (v.key1 = i.cstring)
PREHOOK: type: QUERY
POSTHOOK: query: EXPLAIN select  /*+ semi(i, cstring, v, 3000)*/ count(*) from srcpart_date k join srcpart_small v on (k.str = v.key1) join alltypesorc_int i on (v.key1 = i.cstring)
POSTHOOK: type: QUERY
STAGE DEPENDENCIES:
  Stage-1 is a root stage
  Stage-0 depends on stages: Stage-1

STAGE PLANS:
  Stage: Stage-1
    Tez
#### A masked pattern was here ####
      Edges:
        Map 5 <- Reducer 4 (BROADCAST_EDGE)
        Reducer 2 <- Map 1 (SIMPLE_EDGE), Map 5 (SIMPLE_EDGE), Map 6 (SIMPLE_EDGE)
        Reducer 3 <- Reducer 2 (CUSTOM_SIMPLE_EDGE)
        Reducer 4 <- Map 1 (CUSTOM_SIMPLE_EDGE)
#### A masked pattern was here ####
      Vertices:
        Map 1 
            Map Operator Tree:
                TableScan
                  alias: i
                  filterExpr: cstring is not null (type: boolean)
                  Statistics: Num rows: 12288 Data size: 862450 Basic stats: COMPLETE Column stats: COMPLETE
                  Filter Operator
                    predicate: cstring is not null (type: boolean)
                    Statistics: Num rows: 9174 Data size: 643900 Basic stats: COMPLETE Column stats: COMPLETE
                    Select Operator
                      expressions: cstring (type: string)
                      outputColumnNames: cstring
                      Statistics: Num rows: 9174 Data size: 643900 Basic stats: COMPLETE Column stats: COMPLETE
                      Reduce Output Operator
                        key expressions: cstring (type: string)
                        sort order: +
                        Map-reduce partition columns: cstring (type: string)
                        Statistics: Num rows: 9174 Data size: 643900 Basic stats: COMPLETE Column stats: COMPLETE
                      Select Operator
                        expressions: cstring (type: string)
                        outputColumnNames: _col0
                        Statistics: Num rows: 9174 Data size: 1287800 Basic stats: COMPLETE Column stats: COMPLETE
                        Group By Operator
                          aggregations: min(_col0), max(_col0), bloom_filter(_col0, expectedEntries=3000)
                          mode: hash
                          outputColumnNames: _col0, _col1, _col2
                          Statistics: Num rows: 1 Data size: 552 Basic stats: COMPLETE Column stats: COMPLETE
                          Reduce Output Operator
                            sort order: 
                            Statistics: Num rows: 1 Data size: 552 Basic stats: COMPLETE Column stats: COMPLETE
                            value expressions: _col0 (type: string), _col1 (type: string), _col2 (type: binary)
            Execution mode: llap
            LLAP IO: all inputs
        Map 5 
            Map Operator Tree:
                TableScan
                  alias: v
                  filterExpr: (key1 is not null and (key1 BETWEEN DynamicValue(RS_3_i_cstring_min) AND DynamicValue(RS_3_i_cstring_max) and in_bloom_filter(key1, DynamicValue(RS_3_i_cstring_bloom_filter)))) (type: boolean)
                  Statistics: Num rows: 1000 Data size: 87000 Basic stats: PARTIAL Column stats: PARTIAL
                  Filter Operator
                    predicate: ((key1 BETWEEN DynamicValue(RS_3_i_cstring_min) AND DynamicValue(RS_3_i_cstring_max) and in_bloom_filter(key1, DynamicValue(RS_3_i_cstring_bloom_filter))) and key1 is not null) (type: boolean)
                    Statistics: Num rows: 1000 Data size: 87000 Basic stats: PARTIAL Column stats: PARTIAL
                    Select Operator
                      expressions: key1 (type: string)
                      outputColumnNames: key1
                      Statistics: Num rows: 1000 Data size: 87000 Basic stats: PARTIAL Column stats: PARTIAL
                      Reduce Output Operator
                        key expressions: key1 (type: string)
                        sort order: +
                        Map-reduce partition columns: key1 (type: string)
                        Statistics: Num rows: 1000 Data size: 87000 Basic stats: PARTIAL Column stats: PARTIAL
            Execution mode: llap
            LLAP IO: all inputs
        Map 6 
            Map Operator Tree:
                TableScan
                  alias: k
                  filterExpr: str is not null (type: boolean)
                  Statistics: Num rows: 2000 Data size: 174000 Basic stats: COMPLETE Column stats: COMPLETE
                  Filter Operator
                    predicate: str is not null (type: boolean)
                    Statistics: Num rows: 2000 Data size: 174000 Basic stats: COMPLETE Column stats: COMPLETE
                    Select Operator
                      expressions: str (type: string)
                      outputColumnNames: str
                      Statistics: Num rows: 2000 Data size: 174000 Basic stats: COMPLETE Column stats: COMPLETE
                      Reduce Output Operator
                        key expressions: str (type: string)
                        sort order: +
                        Map-reduce partition columns: str (type: string)
                        Statistics: Num rows: 2000 Data size: 174000 Basic stats: COMPLETE Column stats: COMPLETE
            Execution mode: llap
            LLAP IO: all inputs
        Reducer 2 
            Execution mode: llap
            Reduce Operator Tree:
              Merge Join Operator
                condition map:
                     Inner Join 0 to 1
                     Inner Join 1 to 2
                keys:
                  0 cstring (type: string)
                  1 key1 (type: string)
                  2 str (type: string)
                Statistics: Num rows: 20182 Data size: 1416580 Basic stats: PARTIAL Column stats: NONE
                Select Operator
                  Statistics: Num rows: 20182 Data size: 1416580 Basic stats: PARTIAL Column stats: NONE
                  Group By Operator
                    aggregations: count()
                    mode: hash
                    outputColumnNames: _col0
                    Statistics: Num rows: 1 Data size: 8 Basic stats: PARTIAL Column stats: NONE
                    Reduce Output Operator
                      sort order: 
                      Statistics: Num rows: 1 Data size: 8 Basic stats: PARTIAL Column stats: NONE
                      value expressions: _col0 (type: bigint)
        Reducer 3 
            Execution mode: llap
            Reduce Operator Tree:
              Group By Operator
                aggregations: count(VALUE._col0)
                mode: mergepartial
                outputColumnNames: $f0
                Statistics: Num rows: 1 Data size: 16 Basic stats: PARTIAL Column stats: NONE
                File Output Operator
                  compressed: false
                  Statistics: Num rows: 1 Data size: 16 Basic stats: PARTIAL Column stats: NONE
                  table:
                      input format: org.apache.hadoop.mapred.SequenceFileInputFormat
                      output format: org.apache.hadoop.hive.ql.io.HiveSequenceFileOutputFormat
                      serde: org.apache.hadoop.hive.serde2.lazy.LazySimpleSerDe
        Reducer 4 
            Execution mode: llap
            Reduce Operator Tree:
              Group By Operator
                aggregations: min(VALUE._col0), max(VALUE._col1), bloom_filter(VALUE._col2, expectedEntries=3000)
                mode: final
                outputColumnNames: _col0, _col1, _col2
                Statistics: Num rows: 1 Data size: 552 Basic stats: COMPLETE Column stats: COMPLETE
                Reduce Output Operator
                  sort order: 
                  Statistics: Num rows: 1 Data size: 552 Basic stats: COMPLETE Column stats: COMPLETE
                  value expressions: _col0 (type: string), _col1 (type: string), _col2 (type: binary)

  Stage: Stage-0
    Fetch Operator
      limit: -1
      Processor Tree:
        ListSink

PREHOOK: query: explain select /*+ semi(k, str, v, 5000)*/ count(*) from srcpart_date k join srcpart_small v on (k.str = v.key1)
PREHOOK: type: QUERY
POSTHOOK: query: explain select /*+ semi(k, str, v, 5000)*/ count(*) from srcpart_date k join srcpart_small v on (k.str = v.key1)
POSTHOOK: type: QUERY
STAGE DEPENDENCIES:
  Stage-1 is a root stage
  Stage-0 depends on stages: Stage-1

STAGE PLANS:
  Stage: Stage-1
    Tez
#### A masked pattern was here ####
      Edges:
        Map 5 <- Reducer 4 (BROADCAST_EDGE)
        Reducer 2 <- Map 1 (SIMPLE_EDGE), Map 5 (SIMPLE_EDGE)
        Reducer 3 <- Reducer 2 (CUSTOM_SIMPLE_EDGE)
        Reducer 4 <- Map 1 (CUSTOM_SIMPLE_EDGE)
#### A masked pattern was here ####
      Vertices:
        Map 1 
            Map Operator Tree:
                TableScan
                  alias: k
                  filterExpr: str is not null (type: boolean)
                  Statistics: Num rows: 2000 Data size: 174000 Basic stats: COMPLETE Column stats: COMPLETE
                  Filter Operator
                    predicate: str is not null (type: boolean)
                    Statistics: Num rows: 2000 Data size: 174000 Basic stats: COMPLETE Column stats: COMPLETE
                    Select Operator
                      expressions: str (type: string)
                      outputColumnNames: str
                      Statistics: Num rows: 2000 Data size: 174000 Basic stats: COMPLETE Column stats: COMPLETE
                      Reduce Output Operator
                        key expressions: str (type: string)
                        sort order: +
                        Map-reduce partition columns: str (type: string)
                        Statistics: Num rows: 2000 Data size: 174000 Basic stats: COMPLETE Column stats: COMPLETE
                      Select Operator
                        expressions: str (type: string)
                        outputColumnNames: _col0
                        Statistics: Num rows: 2000 Data size: 348000 Basic stats: COMPLETE Column stats: COMPLETE
                        Group By Operator
                          aggregations: min(_col0), max(_col0), bloom_filter(_col0, expectedEntries=5000)
                          mode: hash
                          outputColumnNames: _col0, _col1, _col2
                          Statistics: Num rows: 1 Data size: 552 Basic stats: COMPLETE Column stats: COMPLETE
                          Reduce Output Operator
                            sort order: 
                            Statistics: Num rows: 1 Data size: 552 Basic stats: COMPLETE Column stats: COMPLETE
                            value expressions: _col0 (type: string), _col1 (type: string), _col2 (type: binary)
            Execution mode: llap
            LLAP IO: all inputs
        Map 5 
            Map Operator Tree:
                TableScan
                  alias: v
                  filterExpr: (key1 is not null and (key1 BETWEEN DynamicValue(RS_3_k_str_min) AND DynamicValue(RS_3_k_str_max) and in_bloom_filter(key1, DynamicValue(RS_3_k_str_bloom_filter)))) (type: boolean)
                  Statistics: Num rows: 1000 Data size: 87000 Basic stats: PARTIAL Column stats: PARTIAL
                  Filter Operator
                    predicate: ((key1 BETWEEN DynamicValue(RS_3_k_str_min) AND DynamicValue(RS_3_k_str_max) and in_bloom_filter(key1, DynamicValue(RS_3_k_str_bloom_filter))) and key1 is not null) (type: boolean)
                    Statistics: Num rows: 1000 Data size: 87000 Basic stats: PARTIAL Column stats: PARTIAL
                    Select Operator
                      expressions: key1 (type: string)
                      outputColumnNames: key1
                      Statistics: Num rows: 1000 Data size: 87000 Basic stats: PARTIAL Column stats: PARTIAL
                      Reduce Output Operator
                        key expressions: key1 (type: string)
                        sort order: +
                        Map-reduce partition columns: key1 (type: string)
                        Statistics: Num rows: 1000 Data size: 87000 Basic stats: PARTIAL Column stats: PARTIAL
            Execution mode: llap
            LLAP IO: all inputs
        Reducer 2 
            Execution mode: llap
            Reduce Operator Tree:
              Merge Join Operator
                condition map:
                     Inner Join 0 to 1
                keys:
                  0 str (type: string)
                  1 key1 (type: string)
                Statistics: Num rows: 2200 Data size: 191400 Basic stats: PARTIAL Column stats: NONE
                Select Operator
                  Statistics: Num rows: 2200 Data size: 191400 Basic stats: PARTIAL Column stats: NONE
                  Group By Operator
                    aggregations: count()
                    mode: hash
                    outputColumnNames: _col0
                    Statistics: Num rows: 1 Data size: 8 Basic stats: PARTIAL Column stats: NONE
                    Reduce Output Operator
                      sort order: 
                      Statistics: Num rows: 1 Data size: 8 Basic stats: PARTIAL Column stats: NONE
                      value expressions: _col0 (type: bigint)
        Reducer 3 
            Execution mode: llap
            Reduce Operator Tree:
              Group By Operator
                aggregations: count(VALUE._col0)
                mode: mergepartial
                outputColumnNames: $f0
                Statistics: Num rows: 1 Data size: 16 Basic stats: PARTIAL Column stats: NONE
                File Output Operator
                  compressed: false
                  Statistics: Num rows: 1 Data size: 16 Basic stats: PARTIAL Column stats: NONE
                  table:
                      input format: org.apache.hadoop.mapred.SequenceFileInputFormat
                      output format: org.apache.hadoop.hive.ql.io.HiveSequenceFileOutputFormat
                      serde: org.apache.hadoop.hive.serde2.lazy.LazySimpleSerDe
        Reducer 4 
            Execution mode: llap
            Reduce Operator Tree:
              Group By Operator
                aggregations: min(VALUE._col0), max(VALUE._col1), bloom_filter(VALUE._col2, expectedEntries=5000)
                mode: final
                outputColumnNames: _col0, _col1, _col2
                Statistics: Num rows: 1 Data size: 552 Basic stats: COMPLETE Column stats: COMPLETE
                Reduce Output Operator
                  sort order: 
                  Statistics: Num rows: 1 Data size: 552 Basic stats: COMPLETE Column stats: COMPLETE
                  value expressions: _col0 (type: string), _col1 (type: string), _col2 (type: binary)

  Stage: Stage-0
    Fetch Operator
      limit: -1
      Processor Tree:
        ListSink

PREHOOK: query: explain select /*+ semi(k, str, v, 5000)*/ count(*) from srcpart_date k join srcpart_small v on (k.value = v.key1)
PREHOOK: type: QUERY
POSTHOOK: query: explain select /*+ semi(k, str, v, 5000)*/ count(*) from srcpart_date k join srcpart_small v on (k.value = v.key1)
POSTHOOK: type: QUERY
STAGE DEPENDENCIES:
  Stage-1 is a root stage
  Stage-0 depends on stages: Stage-1

STAGE PLANS:
  Stage: Stage-1
    Tez
#### A masked pattern was here ####
      Edges:
        Reducer 2 <- Map 1 (SIMPLE_EDGE), Map 4 (SIMPLE_EDGE)
        Reducer 3 <- Reducer 2 (CUSTOM_SIMPLE_EDGE)
#### A masked pattern was here ####
      Vertices:
        Map 1 
            Map Operator Tree:
                TableScan
                  alias: k
                  filterExpr: value is not null (type: boolean)
                  Statistics: Num rows: 2000 Data size: 182000 Basic stats: COMPLETE Column stats: COMPLETE
                  Filter Operator
                    predicate: value is not null (type: boolean)
                    Statistics: Num rows: 2000 Data size: 182000 Basic stats: COMPLETE Column stats: COMPLETE
                    Select Operator
                      expressions: value (type: string)
                      outputColumnNames: value
                      Statistics: Num rows: 2000 Data size: 182000 Basic stats: COMPLETE Column stats: COMPLETE
                      Reduce Output Operator
                        key expressions: value (type: string)
                        sort order: +
                        Map-reduce partition columns: value (type: string)
                        Statistics: Num rows: 2000 Data size: 182000 Basic stats: COMPLETE Column stats: COMPLETE
            Execution mode: llap
            LLAP IO: all inputs
        Map 4 
            Map Operator Tree:
                TableScan
                  alias: v
                  filterExpr: key1 is not null (type: boolean)
                  Statistics: Num rows: 1000 Data size: 87000 Basic stats: PARTIAL Column stats: PARTIAL
                  Filter Operator
                    predicate: key1 is not null (type: boolean)
                    Statistics: Num rows: 1000 Data size: 87000 Basic stats: PARTIAL Column stats: PARTIAL
                    Select Operator
                      expressions: key1 (type: string)
                      outputColumnNames: key1
                      Statistics: Num rows: 1000 Data size: 87000 Basic stats: PARTIAL Column stats: PARTIAL
                      Reduce Output Operator
                        key expressions: key1 (type: string)
                        sort order: +
                        Map-reduce partition columns: key1 (type: string)
                        Statistics: Num rows: 1000 Data size: 87000 Basic stats: PARTIAL Column stats: PARTIAL
            Execution mode: llap
            LLAP IO: all inputs
        Reducer 2 
            Execution mode: llap
            Reduce Operator Tree:
              Merge Join Operator
                condition map:
                     Inner Join 0 to 1
                keys:
                  0 value (type: string)
                  1 key1 (type: string)
                Statistics: Num rows: 2200 Data size: 200200 Basic stats: PARTIAL Column stats: NONE
                Select Operator
                  Statistics: Num rows: 2200 Data size: 200200 Basic stats: PARTIAL Column stats: NONE
                  Group By Operator
                    aggregations: count()
                    mode: hash
                    outputColumnNames: _col0
                    Statistics: Num rows: 1 Data size: 8 Basic stats: PARTIAL Column stats: NONE
                    Reduce Output Operator
                      sort order: 
                      Statistics: Num rows: 1 Data size: 8 Basic stats: PARTIAL Column stats: NONE
                      value expressions: _col0 (type: bigint)
        Reducer 3 
            Execution mode: llap
            Reduce Operator Tree:
              Group By Operator
                aggregations: count(VALUE._col0)
                mode: mergepartial
                outputColumnNames: $f0
                Statistics: Num rows: 1 Data size: 16 Basic stats: PARTIAL Column stats: NONE
                File Output Operator
                  compressed: false
                  Statistics: Num rows: 1 Data size: 16 Basic stats: PARTIAL Column stats: NONE
                  table:
                      input format: org.apache.hadoop.mapred.SequenceFileInputFormat
                      output format: org.apache.hadoop.hive.ql.io.HiveSequenceFileOutputFormat
                      serde: org.apache.hadoop.hive.serde2.lazy.LazySimpleSerDe

  Stage: Stage-0
    Fetch Operator
      limit: -1
      Processor Tree:
        ListSink

PREHOOK: query: explain select /*+ semi(k, str, s, 5000)*/ count(*) from srcpart_date k join srcpart_small s on (k.str = s.key1)
        union all
        select /*+ semi(v, key1, d, 5000)*/ count(*) from srcpart_date d join srcpart_small v on (d.str = v.key1)
PREHOOK: type: QUERY
POSTHOOK: query: explain select /*+ semi(k, str, s, 5000)*/ count(*) from srcpart_date k join srcpart_small s on (k.str = s.key1)
        union all
        select /*+ semi(v, key1, d, 5000)*/ count(*) from srcpart_date d join srcpart_small v on (d.str = v.key1)
POSTHOOK: type: QUERY
STAGE DEPENDENCIES:
  Stage-1 is a root stage
  Stage-0 depends on stages: Stage-1

STAGE PLANS:
  Stage: Stage-1
    Tez
#### A masked pattern was here ####
      Edges:
        Map 6 <- Reducer 5 (BROADCAST_EDGE)
        Map 7 <- Reducer 11 (BROADCAST_EDGE)
        Reducer 11 <- Map 10 (CUSTOM_SIMPLE_EDGE)
        Reducer 2 <- Map 1 (SIMPLE_EDGE), Map 6 (SIMPLE_EDGE)
        Reducer 3 <- Reducer 2 (CUSTOM_SIMPLE_EDGE), Union 4 (CONTAINS)
        Reducer 5 <- Map 1 (CUSTOM_SIMPLE_EDGE)
        Reducer 8 <- Map 10 (SIMPLE_EDGE), Map 7 (SIMPLE_EDGE)
        Reducer 9 <- Reducer 8 (CUSTOM_SIMPLE_EDGE), Union 4 (CONTAINS)
#### A masked pattern was here ####
      Vertices:
        Map 1 
            Map Operator Tree:
                TableScan
                  alias: k
                  filterExpr: str is not null (type: boolean)
                  Statistics: Num rows: 2000 Data size: 174000 Basic stats: COMPLETE Column stats: COMPLETE
                  Filter Operator
                    predicate: str is not null (type: boolean)
                    Statistics: Num rows: 2000 Data size: 174000 Basic stats: COMPLETE Column stats: COMPLETE
                    Select Operator
                      expressions: str (type: string)
                      outputColumnNames: _col0
                      Statistics: Num rows: 2000 Data size: 174000 Basic stats: COMPLETE Column stats: COMPLETE
                      Reduce Output Operator
                        key expressions: _col0 (type: string)
                        sort order: +
                        Map-reduce partition columns: _col0 (type: string)
                        Statistics: Num rows: 2000 Data size: 174000 Basic stats: COMPLETE Column stats: COMPLETE
                      Select Operator
                        expressions: _col0 (type: string)
                        outputColumnNames: _col0
                        Statistics: Num rows: 2000 Data size: 174000 Basic stats: COMPLETE Column stats: COMPLETE
                        Group By Operator
                          aggregations: min(_col0), max(_col0), bloom_filter(_col0, expectedEntries=5000)
                          mode: hash
                          outputColumnNames: _col0, _col1, _col2
                          Statistics: Num rows: 1 Data size: 552 Basic stats: COMPLETE Column stats: COMPLETE
                          Reduce Output Operator
                            sort order: 
                            Statistics: Num rows: 1 Data size: 552 Basic stats: COMPLETE Column stats: COMPLETE
                            value expressions: _col0 (type: string), _col1 (type: string), _col2 (type: binary)
            Execution mode: llap
            LLAP IO: all inputs
        Map 10 
            Map Operator Tree:
                TableScan
                  alias: v
                  filterExpr: key1 is not null (type: boolean)
                  Statistics: Num rows: 1000 Data size: 87000 Basic stats: PARTIAL Column stats: PARTIAL
                  Filter Operator
                    predicate: key1 is not null (type: boolean)
                    Statistics: Num rows: 1000 Data size: 87000 Basic stats: PARTIAL Column stats: PARTIAL
                    Select Operator
                      expressions: key1 (type: string)
                      outputColumnNames: _col0
                      Statistics: Num rows: 1000 Data size: 87000 Basic stats: PARTIAL Column stats: PARTIAL
                      Reduce Output Operator
                        key expressions: _col0 (type: string)
                        sort order: +
                        Map-reduce partition columns: _col0 (type: string)
                        Statistics: Num rows: 1000 Data size: 87000 Basic stats: PARTIAL Column stats: PARTIAL
                      Select Operator
                        expressions: _col0 (type: string)
                        outputColumnNames: _col0
                        Statistics: Num rows: 1000 Data size: 87000 Basic stats: PARTIAL Column stats: PARTIAL
                        Group By Operator
                          aggregations: min(_col0), max(_col0), bloom_filter(_col0, expectedEntries=5000)
                          mode: hash
                          outputColumnNames: _col0, _col1, _col2
                          Statistics: Num rows: 1 Data size: 639 Basic stats: PARTIAL Column stats: PARTIAL
                          Reduce Output Operator
                            sort order: 
                            Statistics: Num rows: 1 Data size: 639 Basic stats: PARTIAL Column stats: PARTIAL
                            value expressions: _col0 (type: string), _col1 (type: string), _col2 (type: binary)
            Execution mode: llap
            LLAP IO: all inputs
        Map 6 
            Map Operator Tree:
                TableScan
                  alias: s
                  filterExpr: (key1 is not null and (key1 BETWEEN DynamicValue(RS_6_k_str_min) AND DynamicValue(RS_6_k_str_max) and in_bloom_filter(key1, DynamicValue(RS_6_k_str_bloom_filter)))) (type: boolean)
                  Statistics: Num rows: 1000 Data size: 87000 Basic stats: PARTIAL Column stats: PARTIAL
                  Filter Operator
                    predicate: ((key1 BETWEEN DynamicValue(RS_6_k_str_min) AND DynamicValue(RS_6_k_str_max) and in_bloom_filter(key1, DynamicValue(RS_6_k_str_bloom_filter))) and key1 is not null) (type: boolean)
                    Statistics: Num rows: 1000 Data size: 87000 Basic stats: PARTIAL Column stats: PARTIAL
                    Select Operator
                      expressions: key1 (type: string)
                      outputColumnNames: _col0
                      Statistics: Num rows: 1000 Data size: 87000 Basic stats: PARTIAL Column stats: PARTIAL
                      Reduce Output Operator
                        key expressions: _col0 (type: string)
                        sort order: +
                        Map-reduce partition columns: _col0 (type: string)
                        Statistics: Num rows: 1000 Data size: 87000 Basic stats: PARTIAL Column stats: PARTIAL
            Execution mode: llap
            LLAP IO: all inputs
        Map 7 
            Map Operator Tree:
                TableScan
                  alias: d
                  filterExpr: (str is not null and (str BETWEEN DynamicValue(RS_21_v_key1_min) AND DynamicValue(RS_21_v_key1_max) and in_bloom_filter(str, DynamicValue(RS_21_v_key1_bloom_filter)))) (type: boolean)
                  Statistics: Num rows: 2000 Data size: 174000 Basic stats: COMPLETE Column stats: COMPLETE
                  Filter Operator
                    predicate: ((str BETWEEN DynamicValue(RS_21_v_key1_min) AND DynamicValue(RS_21_v_key1_max) and in_bloom_filter(str, DynamicValue(RS_21_v_key1_bloom_filter))) and str is not null) (type: boolean)
                    Statistics: Num rows: 2000 Data size: 174000 Basic stats: COMPLETE Column stats: COMPLETE
                    Select Operator
                      expressions: str (type: string)
                      outputColumnNames: _col0
                      Statistics: Num rows: 2000 Data size: 174000 Basic stats: COMPLETE Column stats: COMPLETE
                      Reduce Output Operator
                        key expressions: _col0 (type: string)
                        sort order: +
                        Map-reduce partition columns: _col0 (type: string)
                        Statistics: Num rows: 2000 Data size: 174000 Basic stats: COMPLETE Column stats: COMPLETE
            Execution mode: llap
            LLAP IO: all inputs
        Reducer 11 
            Execution mode: llap
            Reduce Operator Tree:
              Group By Operator
                aggregations: min(VALUE._col0), max(VALUE._col1), bloom_filter(VALUE._col2, expectedEntries=5000)
                mode: final
                outputColumnNames: _col0, _col1, _col2
                Statistics: Num rows: 1 Data size: 639 Basic stats: PARTIAL Column stats: PARTIAL
                Reduce Output Operator
                  sort order: 
                  Statistics: Num rows: 1 Data size: 639 Basic stats: PARTIAL Column stats: PARTIAL
                  value expressions: _col0 (type: string), _col1 (type: string), _col2 (type: binary)
        Reducer 2 
            Execution mode: llap
            Reduce Operator Tree:
              Merge Join Operator
                condition map:
                     Inner Join 0 to 1
                keys:
                  0 _col0 (type: string)
                  1 _col0 (type: string)
                Statistics: Num rows: 2200 Data size: 191400 Basic stats: PARTIAL Column stats: NONE
                Group By Operator
                  aggregations: count()
                  mode: hash
                  outputColumnNames: _col0
                  Statistics: Num rows: 1 Data size: 8 Basic stats: PARTIAL Column stats: NONE
                  Reduce Output Operator
                    sort order: 
                    Statistics: Num rows: 1 Data size: 8 Basic stats: PARTIAL Column stats: NONE
                    value expressions: _col0 (type: bigint)
        Reducer 3 
            Execution mode: llap
            Reduce Operator Tree:
              Group By Operator
                aggregations: count(VALUE._col0)
                mode: mergepartial
                outputColumnNames: _col0
                Statistics: Num rows: 1 Data size: 8 Basic stats: PARTIAL Column stats: NONE
                File Output Operator
                  compressed: false
                  Statistics: Num rows: 2 Data size: 16 Basic stats: PARTIAL Column stats: NONE
                  table:
                      input format: org.apache.hadoop.mapred.SequenceFileInputFormat
                      output format: org.apache.hadoop.hive.ql.io.HiveSequenceFileOutputFormat
                      serde: org.apache.hadoop.hive.serde2.lazy.LazySimpleSerDe
        Reducer 5 
            Execution mode: llap
            Reduce Operator Tree:
              Group By Operator
                aggregations: min(VALUE._col0), max(VALUE._col1), bloom_filter(VALUE._col2, expectedEntries=5000)
                mode: final
                outputColumnNames: _col0, _col1, _col2
                Statistics: Num rows: 1 Data size: 552 Basic stats: COMPLETE Column stats: COMPLETE
                Reduce Output Operator
                  sort order: 
                  Statistics: Num rows: 1 Data size: 552 Basic stats: COMPLETE Column stats: COMPLETE
                  value expressions: _col0 (type: string), _col1 (type: string), _col2 (type: binary)
        Reducer 8 
            Execution mode: llap
            Reduce Operator Tree:
              Merge Join Operator
                condition map:
                     Inner Join 0 to 1
                keys:
                  0 _col0 (type: string)
                  1 _col0 (type: string)
                Statistics: Num rows: 2200 Data size: 191400 Basic stats: PARTIAL Column stats: NONE
                Group By Operator
                  aggregations: count()
                  mode: hash
                  outputColumnNames: _col0
                  Statistics: Num rows: 1 Data size: 8 Basic stats: PARTIAL Column stats: NONE
                  Reduce Output Operator
                    sort order: 
                    Statistics: Num rows: 1 Data size: 8 Basic stats: PARTIAL Column stats: NONE
                    value expressions: _col0 (type: bigint)
        Reducer 9 
            Execution mode: llap
            Reduce Operator Tree:
              Group By Operator
                aggregations: count(VALUE._col0)
                mode: mergepartial
                outputColumnNames: _col0
                Statistics: Num rows: 1 Data size: 8 Basic stats: PARTIAL Column stats: NONE
                File Output Operator
                  compressed: false
                  Statistics: Num rows: 2 Data size: 16 Basic stats: PARTIAL Column stats: NONE
                  table:
                      input format: org.apache.hadoop.mapred.SequenceFileInputFormat
                      output format: org.apache.hadoop.hive.ql.io.HiveSequenceFileOutputFormat
                      serde: org.apache.hadoop.hive.serde2.lazy.LazySimpleSerDe
        Union 4 
            Vertex: Union 4

  Stage: Stage-0
    Fetch Operator
      limit: -1
      Processor Tree:
        ListSink

PREHOOK: query: explain select count(*) from srcpart_date k join srcpart_small v on (k.str = v.key1)
PREHOOK: type: QUERY
POSTHOOK: query: explain select count(*) from srcpart_date k join srcpart_small v on (k.str = v.key1)
POSTHOOK: type: QUERY
STAGE DEPENDENCIES:
  Stage-1 is a root stage
  Stage-0 depends on stages: Stage-1

STAGE PLANS:
  Stage: Stage-1
    Tez
#### A masked pattern was here ####
      Edges:
        Map 1 <- Reducer 5 (BROADCAST_EDGE)
        Reducer 2 <- Map 1 (SIMPLE_EDGE), Map 4 (SIMPLE_EDGE)
        Reducer 3 <- Reducer 2 (CUSTOM_SIMPLE_EDGE)
        Reducer 5 <- Map 4 (CUSTOM_SIMPLE_EDGE)
#### A masked pattern was here ####
      Vertices:
        Map 1 
            Map Operator Tree:
                TableScan
                  alias: k
                  filterExpr: (str is not null and (str BETWEEN DynamicValue(RS_7_v_key1_min) AND DynamicValue(RS_7_v_key1_max) and in_bloom_filter(str, DynamicValue(RS_7_v_key1_bloom_filter)))) (type: boolean)
                  Statistics: Num rows: 2000 Data size: 174000 Basic stats: COMPLETE Column stats: COMPLETE
                  Filter Operator
                    predicate: ((str BETWEEN DynamicValue(RS_7_v_key1_min) AND DynamicValue(RS_7_v_key1_max) and in_bloom_filter(str, DynamicValue(RS_7_v_key1_bloom_filter))) and str is not null) (type: boolean)
                    Statistics: Num rows: 2000 Data size: 174000 Basic stats: COMPLETE Column stats: COMPLETE
                    Select Operator
                      expressions: str (type: string)
                      outputColumnNames: _col0
                      Statistics: Num rows: 2000 Data size: 174000 Basic stats: COMPLETE Column stats: COMPLETE
                      Reduce Output Operator
                        key expressions: _col0 (type: string)
                        sort order: +
                        Map-reduce partition columns: _col0 (type: string)
                        Statistics: Num rows: 2000 Data size: 174000 Basic stats: COMPLETE Column stats: COMPLETE
            Execution mode: llap
            LLAP IO: all inputs
        Map 4 
            Map Operator Tree:
                TableScan
                  alias: v
                  filterExpr: key1 is not null (type: boolean)
                  Statistics: Num rows: 1000 Data size: 87000 Basic stats: PARTIAL Column stats: PARTIAL
                  Filter Operator
                    predicate: key1 is not null (type: boolean)
                    Statistics: Num rows: 1000 Data size: 87000 Basic stats: PARTIAL Column stats: PARTIAL
                    Select Operator
                      expressions: key1 (type: string)
                      outputColumnNames: _col0
                      Statistics: Num rows: 1000 Data size: 87000 Basic stats: PARTIAL Column stats: PARTIAL
                      Reduce Output Operator
                        key expressions: _col0 (type: string)
                        sort order: +
                        Map-reduce partition columns: _col0 (type: string)
                        Statistics: Num rows: 1000 Data size: 87000 Basic stats: PARTIAL Column stats: PARTIAL
                      Select Operator
                        expressions: _col0 (type: string)
                        outputColumnNames: _col0
                        Statistics: Num rows: 1000 Data size: 87000 Basic stats: PARTIAL Column stats: PARTIAL
                        Group By Operator
                          aggregations: min(_col0), max(_col0), bloom_filter(_col0, expectedEntries=1000)
                          mode: hash
                          outputColumnNames: _col0, _col1, _col2
                          Statistics: Num rows: 1 Data size: 639 Basic stats: PARTIAL Column stats: PARTIAL
                          Reduce Output Operator
                            sort order: 
                            Statistics: Num rows: 1 Data size: 639 Basic stats: PARTIAL Column stats: PARTIAL
                            value expressions: _col0 (type: string), _col1 (type: string), _col2 (type: binary)
            Execution mode: llap
            LLAP IO: all inputs
        Reducer 2 
            Execution mode: llap
            Reduce Operator Tree:
              Merge Join Operator
                condition map:
                     Inner Join 0 to 1
                keys:
                  0 _col0 (type: string)
                  1 _col0 (type: string)
                Statistics: Num rows: 2200 Data size: 191400 Basic stats: PARTIAL Column stats: NONE
                Group By Operator
                  aggregations: count()
                  mode: hash
                  outputColumnNames: _col0
                  Statistics: Num rows: 1 Data size: 8 Basic stats: PARTIAL Column stats: NONE
                  Reduce Output Operator
                    sort order: 
                    Statistics: Num rows: 1 Data size: 8 Basic stats: PARTIAL Column stats: NONE
                    value expressions: _col0 (type: bigint)
        Reducer 3 
            Execution mode: llap
            Reduce Operator Tree:
              Group By Operator
                aggregations: count(VALUE._col0)
                mode: mergepartial
                outputColumnNames: _col0
                Statistics: Num rows: 1 Data size: 8 Basic stats: PARTIAL Column stats: NONE
                File Output Operator
                  compressed: false
                  Statistics: Num rows: 1 Data size: 8 Basic stats: PARTIAL Column stats: NONE
                  table:
                      input format: org.apache.hadoop.mapred.SequenceFileInputFormat
                      output format: org.apache.hadoop.hive.ql.io.HiveSequenceFileOutputFormat
                      serde: org.apache.hadoop.hive.serde2.lazy.LazySimpleSerDe
        Reducer 5 
            Execution mode: llap
            Reduce Operator Tree:
              Group By Operator
                aggregations: min(VALUE._col0), max(VALUE._col1), bloom_filter(VALUE._col2, expectedEntries=1000)
                mode: final
                outputColumnNames: _col0, _col1, _col2
                Statistics: Num rows: 1 Data size: 639 Basic stats: PARTIAL Column stats: PARTIAL
                Reduce Output Operator
                  sort order: 
                  Statistics: Num rows: 1 Data size: 639 Basic stats: PARTIAL Column stats: PARTIAL
                  value expressions: _col0 (type: string), _col1 (type: string), _col2 (type: binary)

  Stage: Stage-0
    Fetch Operator
      limit: -1
      Processor Tree:
        ListSink

PREHOOK: query: explain select /*+ semi(None)*/ count(*) from srcpart_date k join srcpart_small v on (k.str = v.key1)
PREHOOK: type: QUERY
POSTHOOK: query: explain select /*+ semi(None)*/ count(*) from srcpart_date k join srcpart_small v on (k.str = v.key1)
POSTHOOK: type: QUERY
STAGE DEPENDENCIES:
  Stage-1 is a root stage
  Stage-0 depends on stages: Stage-1

STAGE PLANS:
  Stage: Stage-1
    Tez
#### A masked pattern was here ####
      Edges:
        Reducer 2 <- Map 1 (SIMPLE_EDGE), Map 4 (SIMPLE_EDGE)
        Reducer 3 <- Reducer 2 (CUSTOM_SIMPLE_EDGE)
#### A masked pattern was here ####
      Vertices:
        Map 1 
            Map Operator Tree:
                TableScan
                  alias: k
                  filterExpr: str is not null (type: boolean)
                  Statistics: Num rows: 2000 Data size: 174000 Basic stats: COMPLETE Column stats: COMPLETE
                  Filter Operator
                    predicate: str is not null (type: boolean)
                    Statistics: Num rows: 2000 Data size: 174000 Basic stats: COMPLETE Column stats: COMPLETE
                    Select Operator
                      expressions: str (type: string)
                      outputColumnNames: _col0
                      Statistics: Num rows: 2000 Data size: 174000 Basic stats: COMPLETE Column stats: COMPLETE
                      Reduce Output Operator
                        key expressions: _col0 (type: string)
                        sort order: +
                        Map-reduce partition columns: _col0 (type: string)
                        Statistics: Num rows: 2000 Data size: 174000 Basic stats: COMPLETE Column stats: COMPLETE
            Execution mode: llap
            LLAP IO: all inputs
        Map 4 
            Map Operator Tree:
                TableScan
                  alias: v
                  filterExpr: key1 is not null (type: boolean)
                  Statistics: Num rows: 1000 Data size: 87000 Basic stats: PARTIAL Column stats: PARTIAL
                  Filter Operator
                    predicate: key1 is not null (type: boolean)
                    Statistics: Num rows: 1000 Data size: 87000 Basic stats: PARTIAL Column stats: PARTIAL
                    Select Operator
                      expressions: key1 (type: string)
                      outputColumnNames: _col0
                      Statistics: Num rows: 1000 Data size: 87000 Basic stats: PARTIAL Column stats: PARTIAL
                      Reduce Output Operator
                        key expressions: _col0 (type: string)
                        sort order: +
                        Map-reduce partition columns: _col0 (type: string)
                        Statistics: Num rows: 1000 Data size: 87000 Basic stats: PARTIAL Column stats: PARTIAL
            Execution mode: llap
            LLAP IO: all inputs
        Reducer 2 
            Execution mode: llap
            Reduce Operator Tree:
              Merge Join Operator
                condition map:
                     Inner Join 0 to 1
                keys:
                  0 _col0 (type: string)
                  1 _col0 (type: string)
                Statistics: Num rows: 2200 Data size: 191400 Basic stats: PARTIAL Column stats: NONE
                Group By Operator
                  aggregations: count()
                  mode: hash
                  outputColumnNames: _col0
                  Statistics: Num rows: 1 Data size: 8 Basic stats: PARTIAL Column stats: NONE
                  Reduce Output Operator
                    sort order: 
                    Statistics: Num rows: 1 Data size: 8 Basic stats: PARTIAL Column stats: NONE
                    value expressions: _col0 (type: bigint)
        Reducer 3 
            Execution mode: llap
            Reduce Operator Tree:
              Group By Operator
                aggregations: count(VALUE._col0)
                mode: mergepartial
                outputColumnNames: _col0
                Statistics: Num rows: 1 Data size: 8 Basic stats: PARTIAL Column stats: NONE
                File Output Operator
                  compressed: false
                  Statistics: Num rows: 1 Data size: 8 Basic stats: PARTIAL Column stats: NONE
                  table:
                      input format: org.apache.hadoop.mapred.SequenceFileInputFormat
                      output format: org.apache.hadoop.hive.ql.io.HiveSequenceFileOutputFormat
                      serde: org.apache.hadoop.hive.serde2.lazy.LazySimpleSerDe

  Stage: Stage-0
    Fetch Operator
      limit: -1
      Processor Tree:
        ListSink

PREHOOK: query: EXPLAIN select  /*+ semi(srcpart_date, str, v, 5000)*/ count(*) from srcpart_date join srcpart_small v on (srcpart_date.str = v.key1) join alltypesorc_int i on (srcpart_date.value = i.cstring)
PREHOOK: type: QUERY
POSTHOOK: query: EXPLAIN select  /*+ semi(srcpart_date, str, v, 5000)*/ count(*) from srcpart_date join srcpart_small v on (srcpart_date.str = v.key1) join alltypesorc_int i on (srcpart_date.value = i.cstring)
POSTHOOK: type: QUERY
STAGE DEPENDENCIES:
  Stage-1 is a root stage
  Stage-0 depends on stages: Stage-1

STAGE PLANS:
  Stage: Stage-1
    Tez
#### A masked pattern was here ####
      Edges:
        Map 7 <- Reducer 5 (BROADCAST_EDGE)
        Reducer 2 <- Map 1 (SIMPLE_EDGE), Map 6 (SIMPLE_EDGE)
        Reducer 3 <- Map 7 (SIMPLE_EDGE), Reducer 2 (SIMPLE_EDGE)
        Reducer 4 <- Reducer 3 (CUSTOM_SIMPLE_EDGE)
        Reducer 5 <- Reducer 2 (CUSTOM_SIMPLE_EDGE)
#### A masked pattern was here ####
      Vertices:
        Map 1 
            Map Operator Tree:
                TableScan
                  alias: i
                  filterExpr: cstring is not null (type: boolean)
                  Statistics: Num rows: 12288 Data size: 862450 Basic stats: COMPLETE Column stats: COMPLETE
                  Filter Operator
                    predicate: cstring is not null (type: boolean)
                    Statistics: Num rows: 9174 Data size: 643900 Basic stats: COMPLETE Column stats: COMPLETE
                    Select Operator
                      expressions: cstring (type: string)
                      outputColumnNames: _col0
                      Statistics: Num rows: 9174 Data size: 643900 Basic stats: COMPLETE Column stats: COMPLETE
                      Reduce Output Operator
                        key expressions: _col0 (type: string)
                        sort order: +
                        Map-reduce partition columns: _col0 (type: string)
                        Statistics: Num rows: 9174 Data size: 643900 Basic stats: COMPLETE Column stats: COMPLETE
            Execution mode: llap
            LLAP IO: all inputs
        Map 6 
            Map Operator Tree:
                TableScan
                  alias: srcpart_date
                  filterExpr: (str is not null and value is not null) (type: boolean)
                  Statistics: Num rows: 2000 Data size: 356000 Basic stats: COMPLETE Column stats: COMPLETE
                  Filter Operator
                    predicate: (str is not null and value is not null) (type: boolean)
                    Statistics: Num rows: 2000 Data size: 356000 Basic stats: COMPLETE Column stats: COMPLETE
                    Select Operator
                      expressions: str (type: string), value (type: string)
                      outputColumnNames: _col0, _col1
                      Statistics: Num rows: 2000 Data size: 356000 Basic stats: COMPLETE Column stats: COMPLETE
                      Reduce Output Operator
                        key expressions: _col1 (type: string)
                        sort order: +
                        Map-reduce partition columns: _col1 (type: string)
                        Statistics: Num rows: 2000 Data size: 356000 Basic stats: COMPLETE Column stats: COMPLETE
                        value expressions: _col0 (type: string)
            Execution mode: llap
            LLAP IO: all inputs
        Map 7 
            Map Operator Tree:
                TableScan
                  alias: v
                  filterExpr: (key1 is not null and (key1 BETWEEN DynamicValue(RS_12_srcpart_date_str_min) AND DynamicValue(RS_12_srcpart_date_str_max) and in_bloom_filter(key1, DynamicValue(RS_12_srcpart_date_str_bloom_filter)))) (type: boolean)
                  Statistics: Num rows: 1000 Data size: 87000 Basic stats: PARTIAL Column stats: PARTIAL
                  Filter Operator
                    predicate: ((key1 BETWEEN DynamicValue(RS_12_srcpart_date_str_min) AND DynamicValue(RS_12_srcpart_date_str_max) and in_bloom_filter(key1, DynamicValue(RS_12_srcpart_date_str_bloom_filter))) and key1 is not null) (type: boolean)
                    Statistics: Num rows: 1000 Data size: 87000 Basic stats: PARTIAL Column stats: PARTIAL
                    Select Operator
                      expressions: key1 (type: string)
                      outputColumnNames: _col0
                      Statistics: Num rows: 1000 Data size: 87000 Basic stats: PARTIAL Column stats: PARTIAL
                      Reduce Output Operator
                        key expressions: _col0 (type: string)
                        sort order: +
                        Map-reduce partition columns: _col0 (type: string)
                        Statistics: Num rows: 1000 Data size: 87000 Basic stats: PARTIAL Column stats: PARTIAL
            Execution mode: llap
            LLAP IO: all inputs
        Reducer 2 
            Execution mode: llap
            Reduce Operator Tree:
              Merge Join Operator
                condition map:
                     Inner Join 0 to 1
                keys:
                  0 _col0 (type: string)
                  1 _col1 (type: string)
                outputColumnNames: _col1
                Statistics: Num rows: 4056 Data size: 352872 Basic stats: COMPLETE Column stats: COMPLETE
                Reduce Output Operator
                  key expressions: _col1 (type: string)
                  sort order: +
                  Map-reduce partition columns: _col1 (type: string)
                  Statistics: Num rows: 4056 Data size: 352872 Basic stats: COMPLETE Column stats: COMPLETE
                Select Operator
                  expressions: _col1 (type: string)
                  outputColumnNames: _col0
                  Statistics: Num rows: 4056 Data size: 705744 Basic stats: COMPLETE Column stats: COMPLETE
                  Group By Operator
                    aggregations: min(_col0), max(_col0), bloom_filter(_col0, expectedEntries=5000)
                    mode: hash
                    outputColumnNames: _col0, _col1, _col2
                    Statistics: Num rows: 1 Data size: 552 Basic stats: COMPLETE Column stats: COMPLETE
                    Reduce Output Operator
                      sort order: 
                      Statistics: Num rows: 1 Data size: 552 Basic stats: COMPLETE Column stats: COMPLETE
                      value expressions: _col0 (type: string), _col1 (type: string), _col2 (type: binary)
        Reducer 3 
            Execution mode: llap
            Reduce Operator Tree:
              Merge Join Operator
                condition map:
                     Inner Join 0 to 1
                keys:
                  0 _col1 (type: string)
                  1 _col0 (type: string)
                Statistics: Num rows: 4461 Data size: 388159 Basic stats: PARTIAL Column stats: NONE
                Group By Operator
                  aggregations: count()
                  mode: hash
                  outputColumnNames: _col0
                  Statistics: Num rows: 1 Data size: 8 Basic stats: PARTIAL Column stats: NONE
                  Reduce Output Operator
                    sort order: 
                    Statistics: Num rows: 1 Data size: 8 Basic stats: PARTIAL Column stats: NONE
                    value expressions: _col0 (type: bigint)
        Reducer 4 
            Execution mode: llap
            Reduce Operator Tree:
              Group By Operator
                aggregations: count(VALUE._col0)
                mode: mergepartial
                outputColumnNames: _col0
                Statistics: Num rows: 1 Data size: 8 Basic stats: PARTIAL Column stats: NONE
                File Output Operator
                  compressed: false
                  Statistics: Num rows: 1 Data size: 8 Basic stats: PARTIAL Column stats: NONE
                  table:
                      input format: org.apache.hadoop.mapred.SequenceFileInputFormat
                      output format: org.apache.hadoop.hive.ql.io.HiveSequenceFileOutputFormat
                      serde: org.apache.hadoop.hive.serde2.lazy.LazySimpleSerDe
        Reducer 5 
            Execution mode: llap
            Reduce Operator Tree:
              Group By Operator
                aggregations: min(VALUE._col0), max(VALUE._col1), bloom_filter(VALUE._col2, expectedEntries=5000)
                mode: final
                outputColumnNames: _col0, _col1, _col2
                Statistics: Num rows: 1 Data size: 552 Basic stats: COMPLETE Column stats: COMPLETE
                Reduce Output Operator
                  sort order: 
                  Statistics: Num rows: 1 Data size: 552 Basic stats: COMPLETE Column stats: COMPLETE
                  value expressions: _col0 (type: string), _col1 (type: string), _col2 (type: binary)

  Stage: Stage-0
    Fetch Operator
      limit: -1
      Processor Tree:
        ListSink

PREHOOK: query: EXPLAIN select  /*+ semi(i, cstring, v, 3000)*/ count(*) from srcpart_date k join srcpart_small v on (k.str = v.key1) join alltypesorc_int i on (v.key1 = i.cstring)
PREHOOK: type: QUERY
POSTHOOK: query: EXPLAIN select  /*+ semi(i, cstring, v, 3000)*/ count(*) from srcpart_date k join srcpart_small v on (k.str = v.key1) join alltypesorc_int i on (v.key1 = i.cstring)
POSTHOOK: type: QUERY
STAGE DEPENDENCIES:
  Stage-1 is a root stage
  Stage-0 depends on stages: Stage-1

STAGE PLANS:
  Stage: Stage-1
    Tez
#### A masked pattern was here ####
      Edges:
        Map 5 <- Reducer 4 (BROADCAST_EDGE)
        Reducer 2 <- Map 1 (SIMPLE_EDGE), Map 5 (SIMPLE_EDGE), Map 6 (SIMPLE_EDGE)
        Reducer 3 <- Reducer 2 (CUSTOM_SIMPLE_EDGE)
        Reducer 4 <- Map 1 (CUSTOM_SIMPLE_EDGE)
#### A masked pattern was here ####
      Vertices:
        Map 1 
            Map Operator Tree:
                TableScan
                  alias: i
                  filterExpr: cstring is not null (type: boolean)
                  Statistics: Num rows: 12288 Data size: 862450 Basic stats: COMPLETE Column stats: COMPLETE
                  Filter Operator
                    predicate: cstring is not null (type: boolean)
                    Statistics: Num rows: 9174 Data size: 643900 Basic stats: COMPLETE Column stats: COMPLETE
                    Select Operator
                      expressions: cstring (type: string)
                      outputColumnNames: _col0
                      Statistics: Num rows: 9174 Data size: 643900 Basic stats: COMPLETE Column stats: COMPLETE
                      Reduce Output Operator
                        key expressions: _col0 (type: string)
                        sort order: +
                        Map-reduce partition columns: _col0 (type: string)
                        Statistics: Num rows: 9174 Data size: 643900 Basic stats: COMPLETE Column stats: COMPLETE
                      Select Operator
                        expressions: _col0 (type: string)
                        outputColumnNames: _col0
                        Statistics: Num rows: 9174 Data size: 643900 Basic stats: COMPLETE Column stats: COMPLETE
                        Group By Operator
                          aggregations: min(_col0), max(_col0), bloom_filter(_col0, expectedEntries=3000)
                          mode: hash
                          outputColumnNames: _col0, _col1, _col2
                          Statistics: Num rows: 1 Data size: 552 Basic stats: COMPLETE Column stats: COMPLETE
                          Reduce Output Operator
                            sort order: 
                            Statistics: Num rows: 1 Data size: 552 Basic stats: COMPLETE Column stats: COMPLETE
                            value expressions: _col0 (type: string), _col1 (type: string), _col2 (type: binary)
            Execution mode: llap
            LLAP IO: all inputs
        Map 5 
            Map Operator Tree:
                TableScan
                  alias: v
                  filterExpr: (key1 is not null and (key1 BETWEEN DynamicValue(RS_9_i_cstring_min) AND DynamicValue(RS_9_i_cstring_max) and in_bloom_filter(key1, DynamicValue(RS_9_i_cstring_bloom_filter)))) (type: boolean)
                  Statistics: Num rows: 1000 Data size: 87000 Basic stats: PARTIAL Column stats: PARTIAL
                  Filter Operator
                    predicate: ((key1 BETWEEN DynamicValue(RS_9_i_cstring_min) AND DynamicValue(RS_9_i_cstring_max) and in_bloom_filter(key1, DynamicValue(RS_9_i_cstring_bloom_filter))) and key1 is not null) (type: boolean)
                    Statistics: Num rows: 1000 Data size: 87000 Basic stats: PARTIAL Column stats: PARTIAL
                    Select Operator
                      expressions: key1 (type: string)
                      outputColumnNames: _col0
                      Statistics: Num rows: 1000 Data size: 87000 Basic stats: PARTIAL Column stats: PARTIAL
                      Reduce Output Operator
                        key expressions: _col0 (type: string)
                        sort order: +
                        Map-reduce partition columns: _col0 (type: string)
                        Statistics: Num rows: 1000 Data size: 87000 Basic stats: PARTIAL Column stats: PARTIAL
            Execution mode: llap
            LLAP IO: all inputs
        Map 6 
            Map Operator Tree:
                TableScan
                  alias: k
                  filterExpr: str is not null (type: boolean)
                  Statistics: Num rows: 2000 Data size: 174000 Basic stats: COMPLETE Column stats: COMPLETE
                  Filter Operator
                    predicate: str is not null (type: boolean)
                    Statistics: Num rows: 2000 Data size: 174000 Basic stats: COMPLETE Column stats: COMPLETE
                    Select Operator
                      expressions: str (type: string)
                      outputColumnNames: _col0
                      Statistics: Num rows: 2000 Data size: 174000 Basic stats: COMPLETE Column stats: COMPLETE
                      Reduce Output Operator
                        key expressions: _col0 (type: string)
                        sort order: +
                        Map-reduce partition columns: _col0 (type: string)
                        Statistics: Num rows: 2000 Data size: 174000 Basic stats: COMPLETE Column stats: COMPLETE
            Execution mode: llap
            LLAP IO: all inputs
        Reducer 2 
            Execution mode: llap
            Reduce Operator Tree:
              Merge Join Operator
                condition map:
                     Inner Join 0 to 1
                     Inner Join 1 to 2
                keys:
                  0 _col0 (type: string)
                  1 _col0 (type: string)
                  2 _col0 (type: string)
                Statistics: Num rows: 20182 Data size: 1416580 Basic stats: PARTIAL Column stats: NONE
                Group By Operator
                  aggregations: count()
                  mode: hash
                  outputColumnNames: _col0
                  Statistics: Num rows: 1 Data size: 8 Basic stats: PARTIAL Column stats: NONE
                  Reduce Output Operator
                    sort order: 
                    Statistics: Num rows: 1 Data size: 8 Basic stats: PARTIAL Column stats: NONE
                    value expressions: _col0 (type: bigint)
        Reducer 3 
            Execution mode: llap
            Reduce Operator Tree:
              Group By Operator
                aggregations: count(VALUE._col0)
                mode: mergepartial
                outputColumnNames: _col0
                Statistics: Num rows: 1 Data size: 8 Basic stats: PARTIAL Column stats: NONE
                File Output Operator
                  compressed: false
                  Statistics: Num rows: 1 Data size: 8 Basic stats: PARTIAL Column stats: NONE
                  table:
                      input format: org.apache.hadoop.mapred.SequenceFileInputFormat
                      output format: org.apache.hadoop.hive.ql.io.HiveSequenceFileOutputFormat
                      serde: org.apache.hadoop.hive.serde2.lazy.LazySimpleSerDe
        Reducer 4 
            Execution mode: llap
            Reduce Operator Tree:
              Group By Operator
                aggregations: min(VALUE._col0), max(VALUE._col1), bloom_filter(VALUE._col2, expectedEntries=3000)
                mode: final
                outputColumnNames: _col0, _col1, _col2
                Statistics: Num rows: 1 Data size: 552 Basic stats: COMPLETE Column stats: COMPLETE
                Reduce Output Operator
                  sort order: 
                  Statistics: Num rows: 1 Data size: 552 Basic stats: COMPLETE Column stats: COMPLETE
                  value expressions: _col0 (type: string), _col1 (type: string), _col2 (type: binary)

  Stage: Stage-0
    Fetch Operator
      limit: -1
      Processor Tree:
        ListSink

PREHOOK: query: explain select /*+ semi(k, str, v, 5000)*/ count(*) from srcpart_date k join srcpart_small v on (k.str = v.key1)
PREHOOK: type: QUERY
POSTHOOK: query: explain select /*+ semi(k, str, v, 5000)*/ count(*) from srcpart_date k join srcpart_small v on (k.str = v.key1)
POSTHOOK: type: QUERY
STAGE DEPENDENCIES:
  Stage-1 is a root stage
  Stage-0 depends on stages: Stage-1

STAGE PLANS:
  Stage: Stage-1
    Tez
#### A masked pattern was here ####
      Edges:
        Map 5 <- Reducer 4 (BROADCAST_EDGE)
        Reducer 2 <- Map 1 (SIMPLE_EDGE), Map 5 (SIMPLE_EDGE)
        Reducer 3 <- Reducer 2 (CUSTOM_SIMPLE_EDGE)
        Reducer 4 <- Map 1 (CUSTOM_SIMPLE_EDGE)
#### A masked pattern was here ####
      Vertices:
        Map 1 
            Map Operator Tree:
                TableScan
                  alias: k
                  filterExpr: str is not null (type: boolean)
                  Statistics: Num rows: 2000 Data size: 174000 Basic stats: COMPLETE Column stats: COMPLETE
                  Filter Operator
                    predicate: str is not null (type: boolean)
                    Statistics: Num rows: 2000 Data size: 174000 Basic stats: COMPLETE Column stats: COMPLETE
                    Select Operator
                      expressions: str (type: string)
                      outputColumnNames: _col0
                      Statistics: Num rows: 2000 Data size: 174000 Basic stats: COMPLETE Column stats: COMPLETE
                      Reduce Output Operator
                        key expressions: _col0 (type: string)
                        sort order: +
                        Map-reduce partition columns: _col0 (type: string)
                        Statistics: Num rows: 2000 Data size: 174000 Basic stats: COMPLETE Column stats: COMPLETE
                      Select Operator
                        expressions: _col0 (type: string)
                        outputColumnNames: _col0
                        Statistics: Num rows: 2000 Data size: 174000 Basic stats: COMPLETE Column stats: COMPLETE
                        Group By Operator
                          aggregations: min(_col0), max(_col0), bloom_filter(_col0, expectedEntries=5000)
                          mode: hash
                          outputColumnNames: _col0, _col1, _col2
                          Statistics: Num rows: 1 Data size: 552 Basic stats: COMPLETE Column stats: COMPLETE
                          Reduce Output Operator
                            sort order: 
                            Statistics: Num rows: 1 Data size: 552 Basic stats: COMPLETE Column stats: COMPLETE
                            value expressions: _col0 (type: string), _col1 (type: string), _col2 (type: binary)
            Execution mode: llap
            LLAP IO: all inputs
        Map 5 
            Map Operator Tree:
                TableScan
                  alias: v
                  filterExpr: (key1 is not null and (key1 BETWEEN DynamicValue(RS_6_k_str_min) AND DynamicValue(RS_6_k_str_max) and in_bloom_filter(key1, DynamicValue(RS_6_k_str_bloom_filter)))) (type: boolean)
                  Statistics: Num rows: 1000 Data size: 87000 Basic stats: PARTIAL Column stats: PARTIAL
                  Filter Operator
                    predicate: ((key1 BETWEEN DynamicValue(RS_6_k_str_min) AND DynamicValue(RS_6_k_str_max) and in_bloom_filter(key1, DynamicValue(RS_6_k_str_bloom_filter))) and key1 is not null) (type: boolean)
                    Statistics: Num rows: 1000 Data size: 87000 Basic stats: PARTIAL Column stats: PARTIAL
                    Select Operator
                      expressions: key1 (type: string)
                      outputColumnNames: _col0
                      Statistics: Num rows: 1000 Data size: 87000 Basic stats: PARTIAL Column stats: PARTIAL
                      Reduce Output Operator
                        key expressions: _col0 (type: string)
                        sort order: +
                        Map-reduce partition columns: _col0 (type: string)
                        Statistics: Num rows: 1000 Data size: 87000 Basic stats: PARTIAL Column stats: PARTIAL
            Execution mode: llap
            LLAP IO: all inputs
        Reducer 2 
            Execution mode: llap
            Reduce Operator Tree:
              Merge Join Operator
                condition map:
                     Inner Join 0 to 1
                keys:
                  0 _col0 (type: string)
                  1 _col0 (type: string)
                Statistics: Num rows: 2200 Data size: 191400 Basic stats: PARTIAL Column stats: NONE
                Group By Operator
                  aggregations: count()
                  mode: hash
                  outputColumnNames: _col0
                  Statistics: Num rows: 1 Data size: 8 Basic stats: PARTIAL Column stats: NONE
                  Reduce Output Operator
                    sort order: 
                    Statistics: Num rows: 1 Data size: 8 Basic stats: PARTIAL Column stats: NONE
                    value expressions: _col0 (type: bigint)
        Reducer 3 
            Execution mode: llap
            Reduce Operator Tree:
              Group By Operator
                aggregations: count(VALUE._col0)
                mode: mergepartial
                outputColumnNames: _col0
                Statistics: Num rows: 1 Data size: 8 Basic stats: PARTIAL Column stats: NONE
                File Output Operator
                  compressed: false
                  Statistics: Num rows: 1 Data size: 8 Basic stats: PARTIAL Column stats: NONE
                  table:
                      input format: org.apache.hadoop.mapred.SequenceFileInputFormat
                      output format: org.apache.hadoop.hive.ql.io.HiveSequenceFileOutputFormat
                      serde: org.apache.hadoop.hive.serde2.lazy.LazySimpleSerDe
        Reducer 4 
            Execution mode: llap
            Reduce Operator Tree:
              Group By Operator
                aggregations: min(VALUE._col0), max(VALUE._col1), bloom_filter(VALUE._col2, expectedEntries=5000)
                mode: final
                outputColumnNames: _col0, _col1, _col2
                Statistics: Num rows: 1 Data size: 552 Basic stats: COMPLETE Column stats: COMPLETE
                Reduce Output Operator
                  sort order: 
                  Statistics: Num rows: 1 Data size: 552 Basic stats: COMPLETE Column stats: COMPLETE
                  value expressions: _col0 (type: string), _col1 (type: string), _col2 (type: binary)

  Stage: Stage-0
    Fetch Operator
      limit: -1
      Processor Tree:
        ListSink

PREHOOK: query: explain select /*+ semi(k, str, v, 5000)*/ count(*) from srcpart_date k join srcpart_small v on (k.value = v.key1)
PREHOOK: type: QUERY
POSTHOOK: query: explain select /*+ semi(k, str, v, 5000)*/ count(*) from srcpart_date k join srcpart_small v on (k.value = v.key1)
POSTHOOK: type: QUERY
STAGE DEPENDENCIES:
  Stage-1 is a root stage
  Stage-0 depends on stages: Stage-1

STAGE PLANS:
  Stage: Stage-1
    Tez
#### A masked pattern was here ####
      Edges:
        Reducer 2 <- Map 1 (SIMPLE_EDGE), Map 4 (SIMPLE_EDGE)
        Reducer 3 <- Reducer 2 (CUSTOM_SIMPLE_EDGE)
#### A masked pattern was here ####
      Vertices:
        Map 1 
            Map Operator Tree:
                TableScan
                  alias: k
                  filterExpr: value is not null (type: boolean)
                  Statistics: Num rows: 2000 Data size: 182000 Basic stats: COMPLETE Column stats: COMPLETE
                  Filter Operator
                    predicate: value is not null (type: boolean)
                    Statistics: Num rows: 2000 Data size: 182000 Basic stats: COMPLETE Column stats: COMPLETE
                    Select Operator
                      expressions: value (type: string)
                      outputColumnNames: _col0
                      Statistics: Num rows: 2000 Data size: 182000 Basic stats: COMPLETE Column stats: COMPLETE
                      Reduce Output Operator
                        key expressions: _col0 (type: string)
                        sort order: +
                        Map-reduce partition columns: _col0 (type: string)
                        Statistics: Num rows: 2000 Data size: 182000 Basic stats: COMPLETE Column stats: COMPLETE
            Execution mode: llap
            LLAP IO: all inputs
        Map 4 
            Map Operator Tree:
                TableScan
                  alias: v
                  filterExpr: key1 is not null (type: boolean)
                  Statistics: Num rows: 1000 Data size: 87000 Basic stats: PARTIAL Column stats: PARTIAL
                  Filter Operator
                    predicate: key1 is not null (type: boolean)
                    Statistics: Num rows: 1000 Data size: 87000 Basic stats: PARTIAL Column stats: PARTIAL
                    Select Operator
                      expressions: key1 (type: string)
                      outputColumnNames: _col0
                      Statistics: Num rows: 1000 Data size: 87000 Basic stats: PARTIAL Column stats: PARTIAL
                      Reduce Output Operator
                        key expressions: _col0 (type: string)
                        sort order: +
                        Map-reduce partition columns: _col0 (type: string)
                        Statistics: Num rows: 1000 Data size: 87000 Basic stats: PARTIAL Column stats: PARTIAL
            Execution mode: llap
            LLAP IO: all inputs
        Reducer 2 
            Execution mode: llap
            Reduce Operator Tree:
              Merge Join Operator
                condition map:
                     Inner Join 0 to 1
                keys:
                  0 _col0 (type: string)
                  1 _col0 (type: string)
                Statistics: Num rows: 2200 Data size: 200200 Basic stats: PARTIAL Column stats: NONE
                Group By Operator
                  aggregations: count()
                  mode: hash
                  outputColumnNames: _col0
                  Statistics: Num rows: 1 Data size: 8 Basic stats: PARTIAL Column stats: NONE
                  Reduce Output Operator
                    sort order: 
                    Statistics: Num rows: 1 Data size: 8 Basic stats: PARTIAL Column stats: NONE
                    value expressions: _col0 (type: bigint)
        Reducer 3 
            Execution mode: llap
            Reduce Operator Tree:
              Group By Operator
                aggregations: count(VALUE._col0)
                mode: mergepartial
                outputColumnNames: _col0
                Statistics: Num rows: 1 Data size: 8 Basic stats: PARTIAL Column stats: NONE
                File Output Operator
                  compressed: false
                  Statistics: Num rows: 1 Data size: 8 Basic stats: PARTIAL Column stats: NONE
                  table:
                      input format: org.apache.hadoop.mapred.SequenceFileInputFormat
                      output format: org.apache.hadoop.hive.ql.io.HiveSequenceFileOutputFormat
                      serde: org.apache.hadoop.hive.serde2.lazy.LazySimpleSerDe

  Stage: Stage-0
    Fetch Operator
      limit: -1
      Processor Tree:
        ListSink

PREHOOK: query: explain select /*+ semi(k, str, s, 5000)*/ count(*) from srcpart_date k join srcpart_small s on (k.str = s.key1)
        union all
        select /*+ semi(v, key1, d, 5000)*/ count(*) from srcpart_date d join srcpart_small v on (d.str = v.key1)
PREHOOK: type: QUERY
POSTHOOK: query: explain select /*+ semi(k, str, s, 5000)*/ count(*) from srcpart_date k join srcpart_small s on (k.str = s.key1)
        union all
        select /*+ semi(v, key1, d, 5000)*/ count(*) from srcpart_date d join srcpart_small v on (d.str = v.key1)
POSTHOOK: type: QUERY
STAGE DEPENDENCIES:
  Stage-1 is a root stage
  Stage-0 depends on stages: Stage-1

STAGE PLANS:
  Stage: Stage-1
    Tez
#### A masked pattern was here ####
      Edges:
        Map 6 <- Reducer 5 (BROADCAST_EDGE)
        Map 7 <- Reducer 11 (BROADCAST_EDGE)
        Reducer 11 <- Map 10 (CUSTOM_SIMPLE_EDGE)
        Reducer 2 <- Map 1 (SIMPLE_EDGE), Map 6 (SIMPLE_EDGE)
        Reducer 3 <- Reducer 2 (CUSTOM_SIMPLE_EDGE), Union 4 (CONTAINS)
        Reducer 5 <- Map 1 (CUSTOM_SIMPLE_EDGE)
        Reducer 8 <- Map 10 (SIMPLE_EDGE), Map 7 (SIMPLE_EDGE)
        Reducer 9 <- Reducer 8 (CUSTOM_SIMPLE_EDGE), Union 4 (CONTAINS)
#### A masked pattern was here ####
      Vertices:
        Map 1 
            Map Operator Tree:
                TableScan
                  alias: k
                  filterExpr: str is not null (type: boolean)
                  Statistics: Num rows: 2000 Data size: 174000 Basic stats: COMPLETE Column stats: COMPLETE
                  Filter Operator
                    predicate: str is not null (type: boolean)
                    Statistics: Num rows: 2000 Data size: 174000 Basic stats: COMPLETE Column stats: COMPLETE
                    Reduce Output Operator
                      key expressions: str (type: string)
                      sort order: +
                      Map-reduce partition columns: str (type: string)
                      Statistics: Num rows: 2000 Data size: 174000 Basic stats: COMPLETE Column stats: COMPLETE
                    Select Operator
                      expressions: str (type: string)
                      outputColumnNames: _col0
                      Statistics: Num rows: 2000 Data size: 348000 Basic stats: COMPLETE Column stats: COMPLETE
                      Group By Operator
                        aggregations: min(_col0), max(_col0), bloom_filter(_col0, expectedEntries=5000)
                        mode: hash
                        outputColumnNames: _col0, _col1, _col2
                        Statistics: Num rows: 1 Data size: 552 Basic stats: COMPLETE Column stats: COMPLETE
                        Reduce Output Operator
                          sort order: 
                          Statistics: Num rows: 1 Data size: 552 Basic stats: COMPLETE Column stats: COMPLETE
                          value expressions: _col0 (type: string), _col1 (type: string), _col2 (type: binary)
            Execution mode: llap
            LLAP IO: all inputs
        Map 10 
            Map Operator Tree:
                TableScan
                  alias: v
                  filterExpr: key1 is not null (type: boolean)
                  Statistics: Num rows: 1000 Data size: 87000 Basic stats: PARTIAL Column stats: PARTIAL
                  Filter Operator
                    predicate: key1 is not null (type: boolean)
                    Statistics: Num rows: 1000 Data size: 87000 Basic stats: PARTIAL Column stats: PARTIAL
                    Reduce Output Operator
                      key expressions: key1 (type: string)
                      sort order: +
                      Map-reduce partition columns: key1 (type: string)
                      Statistics: Num rows: 1000 Data size: 87000 Basic stats: PARTIAL Column stats: PARTIAL
                    Select Operator
                      expressions: key1 (type: string)
                      outputColumnNames: _col0
                      Statistics: Num rows: 1000 Data size: 87000 Basic stats: PARTIAL Column stats: PARTIAL
                      Group By Operator
                        aggregations: min(_col0), max(_col0), bloom_filter(_col0, expectedEntries=5000)
                        mode: hash
                        outputColumnNames: _col0, _col1, _col2
                        Statistics: Num rows: 1 Data size: 639 Basic stats: PARTIAL Column stats: PARTIAL
                        Reduce Output Operator
                          sort order: 
                          Statistics: Num rows: 1 Data size: 639 Basic stats: PARTIAL Column stats: PARTIAL
                          value expressions: _col0 (type: string), _col1 (type: string), _col2 (type: binary)
            Execution mode: llap
            LLAP IO: all inputs
        Map 6 
            Map Operator Tree:
                TableScan
                  alias: s
                  filterExpr: (key1 is not null and (key1 BETWEEN DynamicValue(RS_3_k_str_min) AND DynamicValue(RS_3_k_str_max) and in_bloom_filter(key1, DynamicValue(RS_3_k_str_bloom_filter)))) (type: boolean)
                  Statistics: Num rows: 1000 Data size: 87000 Basic stats: PARTIAL Column stats: PARTIAL
                  Filter Operator
                    predicate: ((key1 BETWEEN DynamicValue(RS_3_k_str_min) AND DynamicValue(RS_3_k_str_max) and in_bloom_filter(key1, DynamicValue(RS_3_k_str_bloom_filter))) and key1 is not null) (type: boolean)
                    Statistics: Num rows: 1000 Data size: 87000 Basic stats: PARTIAL Column stats: PARTIAL
                    Reduce Output Operator
                      key expressions: key1 (type: string)
                      sort order: +
                      Map-reduce partition columns: key1 (type: string)
                      Statistics: Num rows: 1000 Data size: 87000 Basic stats: PARTIAL Column stats: PARTIAL
            Execution mode: llap
            LLAP IO: all inputs
        Map 7 
            Map Operator Tree:
                TableScan
                  alias: d
                  filterExpr: (str is not null and (str BETWEEN DynamicValue(RS_17_v_key1_min) AND DynamicValue(RS_17_v_key1_max) and in_bloom_filter(str, DynamicValue(RS_17_v_key1_bloom_filter)))) (type: boolean)
                  Statistics: Num rows: 2000 Data size: 174000 Basic stats: COMPLETE Column stats: COMPLETE
                  Filter Operator
                    predicate: ((str BETWEEN DynamicValue(RS_17_v_key1_min) AND DynamicValue(RS_17_v_key1_max) and in_bloom_filter(str, DynamicValue(RS_17_v_key1_bloom_filter))) and str is not null) (type: boolean)
                    Statistics: Num rows: 2000 Data size: 174000 Basic stats: COMPLETE Column stats: COMPLETE
                    Reduce Output Operator
                      key expressions: str (type: string)
                      sort order: +
                      Map-reduce partition columns: str (type: string)
                      Statistics: Num rows: 2000 Data size: 174000 Basic stats: COMPLETE Column stats: COMPLETE
            Execution mode: llap
            LLAP IO: all inputs
        Reducer 11 
            Execution mode: llap
            Reduce Operator Tree:
              Group By Operator
                aggregations: min(VALUE._col0), max(VALUE._col1), bloom_filter(VALUE._col2, expectedEntries=5000)
                mode: final
                outputColumnNames: _col0, _col1, _col2
                Statistics: Num rows: 1 Data size: 639 Basic stats: PARTIAL Column stats: PARTIAL
                Reduce Output Operator
                  sort order: 
                  Statistics: Num rows: 1 Data size: 639 Basic stats: PARTIAL Column stats: PARTIAL
                  value expressions: _col0 (type: string), _col1 (type: string), _col2 (type: binary)
        Reducer 2 
            Execution mode: llap
            Reduce Operator Tree:
              Merge Join Operator
                condition map:
                     Inner Join 0 to 1
                keys:
                  0 str (type: string)
                  1 key1 (type: string)
                Statistics: Num rows: 2200 Data size: 191400 Basic stats: PARTIAL Column stats: NONE
                Group By Operator
                  aggregations: count()
                  mode: hash
                  outputColumnNames: _col0
                  Statistics: Num rows: 1 Data size: 8 Basic stats: PARTIAL Column stats: NONE
                  Reduce Output Operator
                    sort order: 
                    Statistics: Num rows: 1 Data size: 8 Basic stats: PARTIAL Column stats: NONE
                    value expressions: _col0 (type: bigint)
        Reducer 3 
            Execution mode: llap
            Reduce Operator Tree:
              Group By Operator
                aggregations: count(VALUE._col0)
                mode: mergepartial
                outputColumnNames: _col0
                Statistics: Num rows: 1 Data size: 8 Basic stats: PARTIAL Column stats: NONE
                File Output Operator
                  compressed: false
                  Statistics: Num rows: 2 Data size: 16 Basic stats: PARTIAL Column stats: NONE
                  table:
                      input format: org.apache.hadoop.mapred.SequenceFileInputFormat
                      output format: org.apache.hadoop.hive.ql.io.HiveSequenceFileOutputFormat
                      serde: org.apache.hadoop.hive.serde2.lazy.LazySimpleSerDe
        Reducer 5 
            Execution mode: llap
            Reduce Operator Tree:
              Group By Operator
                aggregations: min(VALUE._col0), max(VALUE._col1), bloom_filter(VALUE._col2, expectedEntries=5000)
                mode: final
                outputColumnNames: _col0, _col1, _col2
                Statistics: Num rows: 1 Data size: 552 Basic stats: COMPLETE Column stats: COMPLETE
                Reduce Output Operator
                  sort order: 
                  Statistics: Num rows: 1 Data size: 552 Basic stats: COMPLETE Column stats: COMPLETE
                  value expressions: _col0 (type: string), _col1 (type: string), _col2 (type: binary)
        Reducer 8 
            Execution mode: llap
            Reduce Operator Tree:
              Merge Join Operator
                condition map:
                     Inner Join 0 to 1
                keys:
                  0 str (type: string)
                  1 key1 (type: string)
                Statistics: Num rows: 2200 Data size: 191400 Basic stats: PARTIAL Column stats: NONE
                Group By Operator
                  aggregations: count()
                  mode: hash
                  outputColumnNames: _col0
                  Statistics: Num rows: 1 Data size: 8 Basic stats: PARTIAL Column stats: NONE
                  Reduce Output Operator
                    sort order: 
                    Statistics: Num rows: 1 Data size: 8 Basic stats: PARTIAL Column stats: NONE
                    value expressions: _col0 (type: bigint)
        Reducer 9 
            Execution mode: llap
            Reduce Operator Tree:
              Group By Operator
                aggregations: count(VALUE._col0)
                mode: mergepartial
                outputColumnNames: _col0
                Statistics: Num rows: 1 Data size: 8 Basic stats: PARTIAL Column stats: NONE
                File Output Operator
                  compressed: false
                  Statistics: Num rows: 2 Data size: 16 Basic stats: PARTIAL Column stats: NONE
                  table:
                      input format: org.apache.hadoop.mapred.SequenceFileInputFormat
                      output format: org.apache.hadoop.hive.ql.io.HiveSequenceFileOutputFormat
                      serde: org.apache.hadoop.hive.serde2.lazy.LazySimpleSerDe
        Union 4 
            Vertex: Union 4

  Stage: Stage-0
    Fetch Operator
      limit: -1
      Processor Tree:
        ListSink

PREHOOK: query: explain select count(*) from srcpart_date k join srcpart_small v on (k.str = v.key1)
PREHOOK: type: QUERY
POSTHOOK: query: explain select count(*) from srcpart_date k join srcpart_small v on (k.str = v.key1)
POSTHOOK: type: QUERY
STAGE DEPENDENCIES:
  Stage-1 is a root stage
  Stage-0 depends on stages: Stage-1

STAGE PLANS:
  Stage: Stage-1
    Tez
#### A masked pattern was here ####
      Edges:
        Map 1 <- Reducer 5 (BROADCAST_EDGE)
        Reducer 2 <- Map 1 (SIMPLE_EDGE), Map 4 (SIMPLE_EDGE)
        Reducer 3 <- Reducer 2 (CUSTOM_SIMPLE_EDGE)
        Reducer 5 <- Map 4 (CUSTOM_SIMPLE_EDGE)
#### A masked pattern was here ####
      Vertices:
        Map 1 
            Map Operator Tree:
                TableScan
                  alias: k
                  filterExpr: (str is not null and (str BETWEEN DynamicValue(RS_5_v_key1_min) AND DynamicValue(RS_5_v_key1_max) and in_bloom_filter(str, DynamicValue(RS_5_v_key1_bloom_filter)))) (type: boolean)
                  Statistics: Num rows: 2000 Data size: 174000 Basic stats: COMPLETE Column stats: COMPLETE
                  Filter Operator
                    predicate: ((str BETWEEN DynamicValue(RS_5_v_key1_min) AND DynamicValue(RS_5_v_key1_max) and in_bloom_filter(str, DynamicValue(RS_5_v_key1_bloom_filter))) and str is not null) (type: boolean)
                    Statistics: Num rows: 2000 Data size: 174000 Basic stats: COMPLETE Column stats: COMPLETE
                    Reduce Output Operator
                      key expressions: str (type: string)
                      sort order: +
                      Map-reduce partition columns: str (type: string)
                      Statistics: Num rows: 2000 Data size: 174000 Basic stats: COMPLETE Column stats: COMPLETE
            Execution mode: llap
            LLAP IO: all inputs
        Map 4 
            Map Operator Tree:
                TableScan
                  alias: v
                  filterExpr: key1 is not null (type: boolean)
                  Statistics: Num rows: 1000 Data size: 87000 Basic stats: PARTIAL Column stats: PARTIAL
                  Filter Operator
                    predicate: key1 is not null (type: boolean)
                    Statistics: Num rows: 1000 Data size: 87000 Basic stats: PARTIAL Column stats: PARTIAL
                    Reduce Output Operator
                      key expressions: key1 (type: string)
                      sort order: +
                      Map-reduce partition columns: key1 (type: string)
                      Statistics: Num rows: 1000 Data size: 87000 Basic stats: PARTIAL Column stats: PARTIAL
                    Select Operator
                      expressions: key1 (type: string)
                      outputColumnNames: _col0
                      Statistics: Num rows: 1000 Data size: 87000 Basic stats: PARTIAL Column stats: PARTIAL
                      Group By Operator
                        aggregations: min(_col0), max(_col0), bloom_filter(_col0, expectedEntries=309)
                        mode: hash
                        outputColumnNames: _col0, _col1, _col2
                        Statistics: Num rows: 1 Data size: 639 Basic stats: PARTIAL Column stats: PARTIAL
                        Reduce Output Operator
                          sort order: 
                          Statistics: Num rows: 1 Data size: 639 Basic stats: PARTIAL Column stats: PARTIAL
                          value expressions: _col0 (type: string), _col1 (type: string), _col2 (type: binary)
            Execution mode: llap
            LLAP IO: all inputs
        Reducer 2 
            Execution mode: llap
            Reduce Operator Tree:
              Merge Join Operator
                condition map:
                     Inner Join 0 to 1
                keys:
                  0 str (type: string)
                  1 key1 (type: string)
                Statistics: Num rows: 2200 Data size: 191400 Basic stats: PARTIAL Column stats: NONE
                Group By Operator
                  aggregations: count()
                  mode: hash
                  outputColumnNames: _col0
                  Statistics: Num rows: 1 Data size: 8 Basic stats: PARTIAL Column stats: NONE
                  Reduce Output Operator
                    sort order: 
                    Statistics: Num rows: 1 Data size: 8 Basic stats: PARTIAL Column stats: NONE
                    value expressions: _col0 (type: bigint)
        Reducer 3 
            Execution mode: llap
            Reduce Operator Tree:
              Group By Operator
                aggregations: count(VALUE._col0)
                mode: mergepartial
                outputColumnNames: _col0
                Statistics: Num rows: 1 Data size: 8 Basic stats: PARTIAL Column stats: NONE
                File Output Operator
                  compressed: false
                  Statistics: Num rows: 1 Data size: 8 Basic stats: PARTIAL Column stats: NONE
                  table:
                      input format: org.apache.hadoop.mapred.SequenceFileInputFormat
                      output format: org.apache.hadoop.hive.ql.io.HiveSequenceFileOutputFormat
                      serde: org.apache.hadoop.hive.serde2.lazy.LazySimpleSerDe
        Reducer 5 
            Execution mode: llap
            Reduce Operator Tree:
              Group By Operator
                aggregations: min(VALUE._col0), max(VALUE._col1), bloom_filter(VALUE._col2, expectedEntries=309)
                mode: final
                outputColumnNames: _col0, _col1, _col2
                Statistics: Num rows: 1 Data size: 639 Basic stats: PARTIAL Column stats: PARTIAL
                Reduce Output Operator
                  sort order: 
                  Statistics: Num rows: 1 Data size: 639 Basic stats: PARTIAL Column stats: PARTIAL
                  value expressions: _col0 (type: string), _col1 (type: string), _col2 (type: binary)

  Stage: Stage-0
    Fetch Operator
      limit: -1
      Processor Tree:
        ListSink

PREHOOK: query: explain select /*+ semi(None)*/ count(*) from srcpart_date k join srcpart_small v on (k.str = v.key1)
PREHOOK: type: QUERY
POSTHOOK: query: explain select /*+ semi(None)*/ count(*) from srcpart_date k join srcpart_small v on (k.str = v.key1)
POSTHOOK: type: QUERY
STAGE DEPENDENCIES:
  Stage-1 is a root stage
  Stage-0 depends on stages: Stage-1

STAGE PLANS:
  Stage: Stage-1
    Tez
#### A masked pattern was here ####
      Edges:
        Reducer 2 <- Map 1 (SIMPLE_EDGE), Map 4 (SIMPLE_EDGE)
        Reducer 3 <- Reducer 2 (CUSTOM_SIMPLE_EDGE)
#### A masked pattern was here ####
      Vertices:
        Map 1 
            Map Operator Tree:
                TableScan
                  alias: k
                  filterExpr: str is not null (type: boolean)
                  Statistics: Num rows: 2000 Data size: 174000 Basic stats: COMPLETE Column stats: COMPLETE
                  Filter Operator
                    predicate: str is not null (type: boolean)
                    Statistics: Num rows: 2000 Data size: 174000 Basic stats: COMPLETE Column stats: COMPLETE
                    Reduce Output Operator
                      key expressions: str (type: string)
                      sort order: +
                      Map-reduce partition columns: str (type: string)
                      Statistics: Num rows: 2000 Data size: 174000 Basic stats: COMPLETE Column stats: COMPLETE
            Execution mode: llap
            LLAP IO: all inputs
        Map 4 
            Map Operator Tree:
                TableScan
                  alias: v
                  filterExpr: key1 is not null (type: boolean)
                  Statistics: Num rows: 1000 Data size: 87000 Basic stats: PARTIAL Column stats: PARTIAL
                  Filter Operator
                    predicate: key1 is not null (type: boolean)
                    Statistics: Num rows: 1000 Data size: 87000 Basic stats: PARTIAL Column stats: PARTIAL
                    Reduce Output Operator
                      key expressions: key1 (type: string)
                      sort order: +
                      Map-reduce partition columns: key1 (type: string)
                      Statistics: Num rows: 1000 Data size: 87000 Basic stats: PARTIAL Column stats: PARTIAL
            Execution mode: llap
            LLAP IO: all inputs
        Reducer 2 
            Execution mode: llap
            Reduce Operator Tree:
              Merge Join Operator
                condition map:
                     Inner Join 0 to 1
                keys:
                  0 str (type: string)
                  1 key1 (type: string)
                Statistics: Num rows: 2200 Data size: 191400 Basic stats: PARTIAL Column stats: NONE
                Group By Operator
                  aggregations: count()
                  mode: hash
                  outputColumnNames: _col0
                  Statistics: Num rows: 1 Data size: 8 Basic stats: PARTIAL Column stats: NONE
                  Reduce Output Operator
                    sort order: 
                    Statistics: Num rows: 1 Data size: 8 Basic stats: PARTIAL Column stats: NONE
                    value expressions: _col0 (type: bigint)
        Reducer 3 
            Execution mode: llap
            Reduce Operator Tree:
              Group By Operator
                aggregations: count(VALUE._col0)
                mode: mergepartial
                outputColumnNames: _col0
                Statistics: Num rows: 1 Data size: 8 Basic stats: PARTIAL Column stats: NONE
                File Output Operator
                  compressed: false
                  Statistics: Num rows: 1 Data size: 8 Basic stats: PARTIAL Column stats: NONE
                  table:
                      input format: org.apache.hadoop.mapred.SequenceFileInputFormat
                      output format: org.apache.hadoop.hive.ql.io.HiveSequenceFileOutputFormat
                      serde: org.apache.hadoop.hive.serde2.lazy.LazySimpleSerDe

  Stage: Stage-0
    Fetch Operator
      limit: -1
      Processor Tree:
        ListSink

PREHOOK: query: EXPLAIN select  /*+ semi(srcpart_date, str, v, 5000)*/ count(*) from srcpart_date join srcpart_small v on (srcpart_date.str = v.key1) join alltypesorc_int i on (srcpart_date.value = i.cstring)
PREHOOK: type: QUERY
POSTHOOK: query: EXPLAIN select  /*+ semi(srcpart_date, str, v, 5000)*/ count(*) from srcpart_date join srcpart_small v on (srcpart_date.str = v.key1) join alltypesorc_int i on (srcpart_date.value = i.cstring)
POSTHOOK: type: QUERY
STAGE DEPENDENCIES:
  Stage-1 is a root stage
  Stage-0 depends on stages: Stage-1

STAGE PLANS:
  Stage: Stage-1
    Tez
#### A masked pattern was here ####
      Edges:
        Map 6 <- Reducer 5 (BROADCAST_EDGE)
        Reducer 2 <- Map 1 (SIMPLE_EDGE), Map 6 (SIMPLE_EDGE)
        Reducer 3 <- Map 7 (SIMPLE_EDGE), Reducer 2 (SIMPLE_EDGE)
        Reducer 4 <- Reducer 3 (CUSTOM_SIMPLE_EDGE)
        Reducer 5 <- Map 1 (CUSTOM_SIMPLE_EDGE)
#### A masked pattern was here ####
      Vertices:
        Map 1 
            Map Operator Tree:
                TableScan
                  alias: srcpart_date
                  filterExpr: (str is not null and value is not null) (type: boolean)
                  Statistics: Num rows: 2000 Data size: 356000 Basic stats: COMPLETE Column stats: COMPLETE
                  Filter Operator
                    predicate: (str is not null and value is not null) (type: boolean)
                    Statistics: Num rows: 2000 Data size: 356000 Basic stats: COMPLETE Column stats: COMPLETE
                    Reduce Output Operator
                      key expressions: str (type: string)
                      sort order: +
                      Map-reduce partition columns: str (type: string)
                      Statistics: Num rows: 2000 Data size: 356000 Basic stats: COMPLETE Column stats: COMPLETE
                      value expressions: value (type: string)
                    Select Operator
                      expressions: str (type: string)
                      outputColumnNames: _col0
                      Statistics: Num rows: 2000 Data size: 348000 Basic stats: COMPLETE Column stats: COMPLETE
                      Group By Operator
                        aggregations: min(_col0), max(_col0), bloom_filter(_col0, expectedEntries=5000)
                        mode: hash
                        outputColumnNames: _col0, _col1, _col2
                        Statistics: Num rows: 1 Data size: 552 Basic stats: COMPLETE Column stats: COMPLETE
                        Reduce Output Operator
                          sort order: 
                          Statistics: Num rows: 1 Data size: 552 Basic stats: COMPLETE Column stats: COMPLETE
                          value expressions: _col0 (type: string), _col1 (type: string), _col2 (type: binary)
            Execution mode: llap
            LLAP IO: all inputs
        Map 6 
            Map Operator Tree:
                TableScan
                  alias: v
                  filterExpr: (key1 is not null and (key1 BETWEEN DynamicValue(RS_4_srcpart_date_str_min) AND DynamicValue(RS_4_srcpart_date_str_max) and in_bloom_filter(key1, DynamicValue(RS_4_srcpart_date_str_bloom_filter)))) (type: boolean)
                  Statistics: Num rows: 1000 Data size: 87000 Basic stats: PARTIAL Column stats: PARTIAL
                  Filter Operator
                    predicate: ((key1 BETWEEN DynamicValue(RS_4_srcpart_date_str_min) AND DynamicValue(RS_4_srcpart_date_str_max) and in_bloom_filter(key1, DynamicValue(RS_4_srcpart_date_str_bloom_filter))) and key1 is not null) (type: boolean)
                    Statistics: Num rows: 1000 Data size: 87000 Basic stats: PARTIAL Column stats: PARTIAL
                    Reduce Output Operator
                      key expressions: key1 (type: string)
                      sort order: +
                      Map-reduce partition columns: key1 (type: string)
                      Statistics: Num rows: 1000 Data size: 87000 Basic stats: PARTIAL Column stats: PARTIAL
            Execution mode: llap
            LLAP IO: all inputs
        Map 7 
            Map Operator Tree:
                TableScan
                  alias: i
                  filterExpr: cstring is not null (type: boolean)
                  Statistics: Num rows: 12288 Data size: 862450 Basic stats: COMPLETE Column stats: COMPLETE
                  Filter Operator
                    predicate: cstring is not null (type: boolean)
                    Statistics: Num rows: 9174 Data size: 643900 Basic stats: COMPLETE Column stats: COMPLETE
                    Reduce Output Operator
                      key expressions: cstring (type: string)
                      sort order: +
                      Map-reduce partition columns: cstring (type: string)
                      Statistics: Num rows: 9174 Data size: 643900 Basic stats: COMPLETE Column stats: COMPLETE
            Execution mode: llap
            LLAP IO: all inputs
        Reducer 2 
            Execution mode: llap
            Reduce Operator Tree:
              Merge Join Operator
                condition map:
                     Inner Join 0 to 1
                keys:
                  0 str (type: string)
                  1 key1 (type: string)
                outputColumnNames: _col1
                Statistics: Num rows: 2200 Data size: 391600 Basic stats: PARTIAL Column stats: NONE
                Reduce Output Operator
                  key expressions: _col1 (type: string)
                  sort order: +
                  Map-reduce partition columns: _col1 (type: string)
                  Statistics: Num rows: 2200 Data size: 391600 Basic stats: PARTIAL Column stats: NONE
        Reducer 3 
            Execution mode: llap
            Reduce Operator Tree:
              Merge Join Operator
                condition map:
                     Inner Join 0 to 1
                keys:
                  0 _col1 (type: string)
                  1 cstring (type: string)
                Statistics: Num rows: 10091 Data size: 708290 Basic stats: PARTIAL Column stats: NONE
                Group By Operator
                  aggregations: count()
                  mode: hash
                  outputColumnNames: _col0
                  Statistics: Num rows: 1 Data size: 8 Basic stats: PARTIAL Column stats: NONE
                  Reduce Output Operator
                    sort order: 
                    Statistics: Num rows: 1 Data size: 8 Basic stats: PARTIAL Column stats: NONE
                    value expressions: _col0 (type: bigint)
        Reducer 4 
            Execution mode: llap
            Reduce Operator Tree:
              Group By Operator
                aggregations: count(VALUE._col0)
                mode: mergepartial
                outputColumnNames: _col0
                Statistics: Num rows: 1 Data size: 8 Basic stats: PARTIAL Column stats: NONE
                File Output Operator
                  compressed: false
                  Statistics: Num rows: 1 Data size: 8 Basic stats: PARTIAL Column stats: NONE
                  table:
                      input format: org.apache.hadoop.mapred.SequenceFileInputFormat
                      output format: org.apache.hadoop.hive.ql.io.HiveSequenceFileOutputFormat
                      serde: org.apache.hadoop.hive.serde2.lazy.LazySimpleSerDe
        Reducer 5 
            Execution mode: llap
            Reduce Operator Tree:
              Group By Operator
                aggregations: min(VALUE._col0), max(VALUE._col1), bloom_filter(VALUE._col2, expectedEntries=5000)
                mode: final
                outputColumnNames: _col0, _col1, _col2
                Statistics: Num rows: 1 Data size: 552 Basic stats: COMPLETE Column stats: COMPLETE
                Reduce Output Operator
                  sort order: 
                  Statistics: Num rows: 1 Data size: 552 Basic stats: COMPLETE Column stats: COMPLETE
                  value expressions: _col0 (type: string), _col1 (type: string), _col2 (type: binary)

  Stage: Stage-0
    Fetch Operator
      limit: -1
      Processor Tree:
        ListSink

PREHOOK: query: EXPLAIN select  /*+ semi(i, cstring, v, 3000)*/ count(*) from srcpart_date k join srcpart_small v on (k.str = v.key1) join alltypesorc_int i on (v.key1 = i.cstring)
PREHOOK: type: QUERY
POSTHOOK: query: EXPLAIN select  /*+ semi(i, cstring, v, 3000)*/ count(*) from srcpart_date k join srcpart_small v on (k.str = v.key1) join alltypesorc_int i on (v.key1 = i.cstring)
POSTHOOK: type: QUERY
STAGE DEPENDENCIES:
  Stage-1 is a root stage
  Stage-0 depends on stages: Stage-1

STAGE PLANS:
  Stage: Stage-1
    Tez
#### A masked pattern was here ####
      Edges:
        Map 4 <- Reducer 6 (BROADCAST_EDGE)
        Reducer 2 <- Map 1 (SIMPLE_EDGE), Map 4 (SIMPLE_EDGE), Map 5 (SIMPLE_EDGE)
        Reducer 3 <- Reducer 2 (CUSTOM_SIMPLE_EDGE)
        Reducer 6 <- Map 5 (CUSTOM_SIMPLE_EDGE)
#### A masked pattern was here ####
      Vertices:
        Map 1 
            Map Operator Tree:
                TableScan
                  alias: k
                  filterExpr: str is not null (type: boolean)
                  Statistics: Num rows: 2000 Data size: 174000 Basic stats: COMPLETE Column stats: COMPLETE
                  Filter Operator
                    predicate: str is not null (type: boolean)
                    Statistics: Num rows: 2000 Data size: 174000 Basic stats: COMPLETE Column stats: COMPLETE
                    Reduce Output Operator
                      key expressions: str (type: string)
                      sort order: +
                      Map-reduce partition columns: str (type: string)
                      Statistics: Num rows: 2000 Data size: 174000 Basic stats: COMPLETE Column stats: COMPLETE
            Execution mode: llap
            LLAP IO: all inputs
        Map 4 
            Map Operator Tree:
                TableScan
                  alias: v
                  filterExpr: (key1 is not null and (key1 BETWEEN DynamicValue(RS_8_i_cstring_min) AND DynamicValue(RS_8_i_cstring_max) and in_bloom_filter(key1, DynamicValue(RS_8_i_cstring_bloom_filter)))) (type: boolean)
                  Statistics: Num rows: 1000 Data size: 87000 Basic stats: PARTIAL Column stats: PARTIAL
                  Filter Operator
                    predicate: ((key1 BETWEEN DynamicValue(RS_8_i_cstring_min) AND DynamicValue(RS_8_i_cstring_max) and in_bloom_filter(key1, DynamicValue(RS_8_i_cstring_bloom_filter))) and key1 is not null) (type: boolean)
                    Statistics: Num rows: 1000 Data size: 87000 Basic stats: PARTIAL Column stats: PARTIAL
                    Reduce Output Operator
                      key expressions: key1 (type: string)
                      sort order: +
                      Map-reduce partition columns: key1 (type: string)
                      Statistics: Num rows: 1000 Data size: 87000 Basic stats: PARTIAL Column stats: PARTIAL
            Execution mode: llap
            LLAP IO: all inputs
        Map 5 
            Map Operator Tree:
                TableScan
                  alias: i
                  filterExpr: cstring is not null (type: boolean)
                  Statistics: Num rows: 12288 Data size: 862450 Basic stats: COMPLETE Column stats: COMPLETE
                  Filter Operator
                    predicate: cstring is not null (type: boolean)
                    Statistics: Num rows: 9174 Data size: 643900 Basic stats: COMPLETE Column stats: COMPLETE
                    Reduce Output Operator
                      key expressions: cstring (type: string)
                      sort order: +
                      Map-reduce partition columns: cstring (type: string)
                      Statistics: Num rows: 9174 Data size: 643900 Basic stats: COMPLETE Column stats: COMPLETE
                    Select Operator
                      expressions: cstring (type: string)
                      outputColumnNames: _col0
                      Statistics: Num rows: 9174 Data size: 1287800 Basic stats: COMPLETE Column stats: COMPLETE
                      Group By Operator
                        aggregations: min(_col0), max(_col0), bloom_filter(_col0, expectedEntries=3000)
                        mode: hash
                        outputColumnNames: _col0, _col1, _col2
                        Statistics: Num rows: 1 Data size: 552 Basic stats: COMPLETE Column stats: COMPLETE
                        Reduce Output Operator
                          sort order: 
                          Statistics: Num rows: 1 Data size: 552 Basic stats: COMPLETE Column stats: COMPLETE
                          value expressions: _col0 (type: string), _col1 (type: string), _col2 (type: binary)
            Execution mode: llap
            LLAP IO: all inputs
        Reducer 2 
            Execution mode: llap
            Reduce Operator Tree:
              Merge Join Operator
                condition map:
                     Inner Join 0 to 1
                     Inner Join 1 to 2
                keys:
                  0 str (type: string)
                  1 key1 (type: string)
                  2 cstring (type: string)
                Statistics: Num rows: 20182 Data size: 1416580 Basic stats: PARTIAL Column stats: NONE
                Group By Operator
                  aggregations: count()
                  mode: hash
                  outputColumnNames: _col0
                  Statistics: Num rows: 1 Data size: 8 Basic stats: PARTIAL Column stats: NONE
                  Reduce Output Operator
                    sort order: 
                    Statistics: Num rows: 1 Data size: 8 Basic stats: PARTIAL Column stats: NONE
                    value expressions: _col0 (type: bigint)
        Reducer 3 
            Execution mode: llap
            Reduce Operator Tree:
              Group By Operator
                aggregations: count(VALUE._col0)
                mode: mergepartial
                outputColumnNames: _col0
                Statistics: Num rows: 1 Data size: 8 Basic stats: PARTIAL Column stats: NONE
                File Output Operator
                  compressed: false
                  Statistics: Num rows: 1 Data size: 8 Basic stats: PARTIAL Column stats: NONE
                  table:
                      input format: org.apache.hadoop.mapred.SequenceFileInputFormat
                      output format: org.apache.hadoop.hive.ql.io.HiveSequenceFileOutputFormat
                      serde: org.apache.hadoop.hive.serde2.lazy.LazySimpleSerDe
        Reducer 6 
            Execution mode: llap
            Reduce Operator Tree:
              Group By Operator
                aggregations: min(VALUE._col0), max(VALUE._col1), bloom_filter(VALUE._col2, expectedEntries=3000)
                mode: final
                outputColumnNames: _col0, _col1, _col2
                Statistics: Num rows: 1 Data size: 552 Basic stats: COMPLETE Column stats: COMPLETE
                Reduce Output Operator
                  sort order: 
                  Statistics: Num rows: 1 Data size: 552 Basic stats: COMPLETE Column stats: COMPLETE
                  value expressions: _col0 (type: string), _col1 (type: string), _col2 (type: binary)

  Stage: Stage-0
    Fetch Operator
      limit: -1
      Processor Tree:
        ListSink

PREHOOK: query: explain select /*+ semi(k, str, v, 5000)*/ count(*) from srcpart_date k join srcpart_small v on (k.str = v.key1)
PREHOOK: type: QUERY
POSTHOOK: query: explain select /*+ semi(k, str, v, 5000)*/ count(*) from srcpart_date k join srcpart_small v on (k.str = v.key1)
POSTHOOK: type: QUERY
STAGE DEPENDENCIES:
  Stage-1 is a root stage
  Stage-0 depends on stages: Stage-1

STAGE PLANS:
  Stage: Stage-1
    Tez
#### A masked pattern was here ####
      Edges:
        Map 5 <- Reducer 4 (BROADCAST_EDGE)
        Reducer 2 <- Map 1 (SIMPLE_EDGE), Map 5 (SIMPLE_EDGE)
        Reducer 3 <- Reducer 2 (CUSTOM_SIMPLE_EDGE)
        Reducer 4 <- Map 1 (CUSTOM_SIMPLE_EDGE)
#### A masked pattern was here ####
      Vertices:
        Map 1 
            Map Operator Tree:
                TableScan
                  alias: k
                  filterExpr: str is not null (type: boolean)
                  Statistics: Num rows: 2000 Data size: 174000 Basic stats: COMPLETE Column stats: COMPLETE
                  Filter Operator
                    predicate: str is not null (type: boolean)
                    Statistics: Num rows: 2000 Data size: 174000 Basic stats: COMPLETE Column stats: COMPLETE
                    Reduce Output Operator
                      key expressions: str (type: string)
                      sort order: +
                      Map-reduce partition columns: str (type: string)
                      Statistics: Num rows: 2000 Data size: 174000 Basic stats: COMPLETE Column stats: COMPLETE
                    Select Operator
                      expressions: str (type: string)
                      outputColumnNames: _col0
                      Statistics: Num rows: 2000 Data size: 348000 Basic stats: COMPLETE Column stats: COMPLETE
                      Group By Operator
                        aggregations: min(_col0), max(_col0), bloom_filter(_col0, expectedEntries=5000)
                        mode: hash
                        outputColumnNames: _col0, _col1, _col2
                        Statistics: Num rows: 1 Data size: 552 Basic stats: COMPLETE Column stats: COMPLETE
                        Reduce Output Operator
                          sort order: 
                          Statistics: Num rows: 1 Data size: 552 Basic stats: COMPLETE Column stats: COMPLETE
                          value expressions: _col0 (type: string), _col1 (type: string), _col2 (type: binary)
            Execution mode: llap
            LLAP IO: all inputs
        Map 5 
            Map Operator Tree:
                TableScan
                  alias: v
                  filterExpr: (key1 is not null and (key1 BETWEEN DynamicValue(RS_3_k_str_min) AND DynamicValue(RS_3_k_str_max) and in_bloom_filter(key1, DynamicValue(RS_3_k_str_bloom_filter)))) (type: boolean)
                  Statistics: Num rows: 1000 Data size: 87000 Basic stats: PARTIAL Column stats: PARTIAL
                  Filter Operator
                    predicate: ((key1 BETWEEN DynamicValue(RS_3_k_str_min) AND DynamicValue(RS_3_k_str_max) and in_bloom_filter(key1, DynamicValue(RS_3_k_str_bloom_filter))) and key1 is not null) (type: boolean)
                    Statistics: Num rows: 1000 Data size: 87000 Basic stats: PARTIAL Column stats: PARTIAL
                    Reduce Output Operator
                      key expressions: key1 (type: string)
                      sort order: +
                      Map-reduce partition columns: key1 (type: string)
                      Statistics: Num rows: 1000 Data size: 87000 Basic stats: PARTIAL Column stats: PARTIAL
            Execution mode: llap
            LLAP IO: all inputs
        Reducer 2 
            Execution mode: llap
            Reduce Operator Tree:
              Merge Join Operator
                condition map:
                     Inner Join 0 to 1
                keys:
                  0 str (type: string)
                  1 key1 (type: string)
                Statistics: Num rows: 2200 Data size: 191400 Basic stats: PARTIAL Column stats: NONE
                Group By Operator
                  aggregations: count()
                  mode: hash
                  outputColumnNames: _col0
                  Statistics: Num rows: 1 Data size: 8 Basic stats: PARTIAL Column stats: NONE
                  Reduce Output Operator
                    sort order: 
                    Statistics: Num rows: 1 Data size: 8 Basic stats: PARTIAL Column stats: NONE
                    value expressions: _col0 (type: bigint)
        Reducer 3 
            Execution mode: llap
            Reduce Operator Tree:
              Group By Operator
                aggregations: count(VALUE._col0)
                mode: mergepartial
                outputColumnNames: _col0
                Statistics: Num rows: 1 Data size: 8 Basic stats: PARTIAL Column stats: NONE
                File Output Operator
                  compressed: false
                  Statistics: Num rows: 1 Data size: 8 Basic stats: PARTIAL Column stats: NONE
                  table:
                      input format: org.apache.hadoop.mapred.SequenceFileInputFormat
                      output format: org.apache.hadoop.hive.ql.io.HiveSequenceFileOutputFormat
                      serde: org.apache.hadoop.hive.serde2.lazy.LazySimpleSerDe
        Reducer 4 
            Execution mode: llap
            Reduce Operator Tree:
              Group By Operator
                aggregations: min(VALUE._col0), max(VALUE._col1), bloom_filter(VALUE._col2, expectedEntries=5000)
                mode: final
                outputColumnNames: _col0, _col1, _col2
                Statistics: Num rows: 1 Data size: 552 Basic stats: COMPLETE Column stats: COMPLETE
                Reduce Output Operator
                  sort order: 
                  Statistics: Num rows: 1 Data size: 552 Basic stats: COMPLETE Column stats: COMPLETE
                  value expressions: _col0 (type: string), _col1 (type: string), _col2 (type: binary)

  Stage: Stage-0
    Fetch Operator
      limit: -1
      Processor Tree:
        ListSink

PREHOOK: query: explain select /*+ semi(k, str, v, 5000)*/ count(*) from srcpart_date k join srcpart_small v on (k.value = v.key1)
PREHOOK: type: QUERY
POSTHOOK: query: explain select /*+ semi(k, str, v, 5000)*/ count(*) from srcpart_date k join srcpart_small v on (k.value = v.key1)
POSTHOOK: type: QUERY
STAGE DEPENDENCIES:
  Stage-1 is a root stage
  Stage-0 depends on stages: Stage-1

STAGE PLANS:
  Stage: Stage-1
    Tez
#### A masked pattern was here ####
      Edges:
        Reducer 2 <- Map 1 (SIMPLE_EDGE), Map 4 (SIMPLE_EDGE)
        Reducer 3 <- Reducer 2 (CUSTOM_SIMPLE_EDGE)
#### A masked pattern was here ####
      Vertices:
        Map 1 
            Map Operator Tree:
                TableScan
                  alias: k
                  filterExpr: value is not null (type: boolean)
                  Statistics: Num rows: 2000 Data size: 182000 Basic stats: COMPLETE Column stats: COMPLETE
                  Filter Operator
                    predicate: value is not null (type: boolean)
                    Statistics: Num rows: 2000 Data size: 182000 Basic stats: COMPLETE Column stats: COMPLETE
                    Reduce Output Operator
                      key expressions: value (type: string)
                      sort order: +
                      Map-reduce partition columns: value (type: string)
                      Statistics: Num rows: 2000 Data size: 182000 Basic stats: COMPLETE Column stats: COMPLETE
            Execution mode: llap
            LLAP IO: all inputs
        Map 4 
            Map Operator Tree:
                TableScan
                  alias: v
                  filterExpr: key1 is not null (type: boolean)
                  Statistics: Num rows: 1000 Data size: 87000 Basic stats: PARTIAL Column stats: PARTIAL
                  Filter Operator
                    predicate: key1 is not null (type: boolean)
                    Statistics: Num rows: 1000 Data size: 87000 Basic stats: PARTIAL Column stats: PARTIAL
                    Reduce Output Operator
                      key expressions: key1 (type: string)
                      sort order: +
                      Map-reduce partition columns: key1 (type: string)
                      Statistics: Num rows: 1000 Data size: 87000 Basic stats: PARTIAL Column stats: PARTIAL
            Execution mode: llap
            LLAP IO: all inputs
        Reducer 2 
            Execution mode: llap
            Reduce Operator Tree:
              Merge Join Operator
                condition map:
                     Inner Join 0 to 1
                keys:
                  0 value (type: string)
                  1 key1 (type: string)
                Statistics: Num rows: 2200 Data size: 200200 Basic stats: PARTIAL Column stats: NONE
                Group By Operator
                  aggregations: count()
                  mode: hash
                  outputColumnNames: _col0
                  Statistics: Num rows: 1 Data size: 8 Basic stats: PARTIAL Column stats: NONE
                  Reduce Output Operator
                    sort order: 
                    Statistics: Num rows: 1 Data size: 8 Basic stats: PARTIAL Column stats: NONE
                    value expressions: _col0 (type: bigint)
        Reducer 3 
            Execution mode: llap
            Reduce Operator Tree:
              Group By Operator
                aggregations: count(VALUE._col0)
                mode: mergepartial
                outputColumnNames: _col0
                Statistics: Num rows: 1 Data size: 8 Basic stats: PARTIAL Column stats: NONE
                File Output Operator
                  compressed: false
                  Statistics: Num rows: 1 Data size: 8 Basic stats: PARTIAL Column stats: NONE
                  table:
                      input format: org.apache.hadoop.mapred.SequenceFileInputFormat
                      output format: org.apache.hadoop.hive.ql.io.HiveSequenceFileOutputFormat
                      serde: org.apache.hadoop.hive.serde2.lazy.LazySimpleSerDe

  Stage: Stage-0
    Fetch Operator
      limit: -1
      Processor Tree:
        ListSink

