PREHOOK: query: EXPLAIN
SELECT count(*), SUM(t1.num), SUM(t2.num), SUM(t3.num), SUM(t4.num), SUM(t5.num), SUM(t6.num), SUM(t7.num)
FROM (SELECT key, count(*) AS num FROM src WHERE key LIKE '%0%' GROUP BY key) t0
LEFT OUTER JOIN (SELECT key, count(*) AS num FROM src WHERE key LIKE '%1%' GROUP BY key) t1 ON t0.key = t1.key
LEFT OUTER JOIN (SELECT key, count(*) AS num FROM src WHERE key LIKE '%2%' GROUP BY key) t2 ON t0.key = t2.key
LEFT OUTER JOIN (SELECT key, count(*) AS num FROM src WHERE key LIKE '%3%' GROUP BY key) t3 ON t0.key = t3.key
LEFT OUTER JOIN (SELECT key, count(*) AS num FROM src WHERE key LIKE '%4%' GROUP BY key) t4 ON t0.key = t4.key
LEFT OUTER JOIN (SELECT key, count(*) AS num FROM src WHERE key LIKE '%5%' GROUP BY key) t5 ON t0.key = t5.key
LEFT OUTER JOIN (SELECT key, count(*) AS num FROM src WHERE key LIKE '%6%' GROUP BY key) t6 ON t0.key = t6.key
LEFT OUTER JOIN (SELECT key, count(*) AS num FROM src WHERE key LIKE '%7%' GROUP BY key) t7 ON t0.key = t7.key
PREHOOK: type: QUERY
PREHOOK: Input: default@src
#### A masked pattern was here ####
POSTHOOK: query: EXPLAIN
SELECT count(*), SUM(t1.num), SUM(t2.num), SUM(t3.num), SUM(t4.num), SUM(t5.num), SUM(t6.num), SUM(t7.num)
FROM (SELECT key, count(*) AS num FROM src WHERE key LIKE '%0%' GROUP BY key) t0
LEFT OUTER JOIN (SELECT key, count(*) AS num FROM src WHERE key LIKE '%1%' GROUP BY key) t1 ON t0.key = t1.key
LEFT OUTER JOIN (SELECT key, count(*) AS num FROM src WHERE key LIKE '%2%' GROUP BY key) t2 ON t0.key = t2.key
LEFT OUTER JOIN (SELECT key, count(*) AS num FROM src WHERE key LIKE '%3%' GROUP BY key) t3 ON t0.key = t3.key
LEFT OUTER JOIN (SELECT key, count(*) AS num FROM src WHERE key LIKE '%4%' GROUP BY key) t4 ON t0.key = t4.key
LEFT OUTER JOIN (SELECT key, count(*) AS num FROM src WHERE key LIKE '%5%' GROUP BY key) t5 ON t0.key = t5.key
LEFT OUTER JOIN (SELECT key, count(*) AS num FROM src WHERE key LIKE '%6%' GROUP BY key) t6 ON t0.key = t6.key
LEFT OUTER JOIN (SELECT key, count(*) AS num FROM src WHERE key LIKE '%7%' GROUP BY key) t7 ON t0.key = t7.key
POSTHOOK: type: QUERY
POSTHOOK: Input: default@src
#### A masked pattern was here ####
STAGE DEPENDENCIES:
  Stage-1 is a root stage
  Stage-0 depends on stages: Stage-1

STAGE PLANS:
  Stage: Stage-1
    Tez
#### A masked pattern was here ####
      Edges:
        Reducer 10 <- Map 1 (SIMPLE_EDGE)
        Reducer 11 <- Map 1 (SIMPLE_EDGE)
        Reducer 13 <- Map 12 (SIMPLE_EDGE)
        Reducer 16 <- Map 15 (SIMPLE_EDGE)
        Reducer 17 <- Map 15 (SIMPLE_EDGE)
        Reducer 18 <- Map 15 (SIMPLE_EDGE)
        Reducer 2 <- Map 1 (SIMPLE_EDGE), Map 12 (SIMPLE_EDGE)
        Reducer 3 <- Reducer 11 (SIMPLE_EDGE), Reducer 2 (SIMPLE_EDGE)
        Reducer 4 <- Reducer 10 (SIMPLE_EDGE), Reducer 3 (SIMPLE_EDGE)
        Reducer 5 <- Reducer 17 (SIMPLE_EDGE), Reducer 4 (SIMPLE_EDGE)
        Reducer 6 <- Reducer 18 (SIMPLE_EDGE), Reducer 5 (SIMPLE_EDGE)
        Reducer 7 <- Reducer 13 (SIMPLE_EDGE), Reducer 6 (SIMPLE_EDGE)
        Reducer 8 <- Reducer 16 (SIMPLE_EDGE), Reducer 7 (SIMPLE_EDGE)
        Reducer 9 <- Reducer 8 (CUSTOM_SIMPLE_EDGE)
#### A masked pattern was here ####
      Vertices:
        Map 1 
            Map Operator Tree:
                TableScan
                  alias: src
                  filterExpr: ((key like '%0%') or ((key like '%3%') and (key like '%0%') and key is not null) or ((key like '%2%') and (key like '%0%') and key is not null)) (type: boolean)
                  Statistics: Num rows: 500 Data size: 43500 Basic stats: COMPLETE Column stats: COMPLETE
                  Filter Operator
                    predicate: (key like '%0%') (type: boolean)
                    Statistics: Num rows: 250 Data size: 21750 Basic stats: COMPLETE Column stats: COMPLETE
                    Group By Operator
                      keys: key (type: string)
                      minReductionHashAggr: 0.4
                      mode: hash
                      outputColumnNames: _col0
                      Statistics: Num rows: 250 Data size: 21750 Basic stats: COMPLETE Column stats: COMPLETE
                      Reduce Output Operator
                        key expressions: _col0 (type: string)
                        null sort order: z
                        sort order: +
                        Map-reduce partition columns: _col0 (type: string)
                        Statistics: Num rows: 250 Data size: 21750 Basic stats: COMPLETE Column stats: COMPLETE
                  Filter Operator
                    predicate: ((key like '%3%') and (key like '%0%') and key is not null) (type: boolean)
                    Statistics: Num rows: 125 Data size: 10875 Basic stats: COMPLETE Column stats: COMPLETE
                    Group By Operator
                      aggregations: count()
                      keys: key (type: string)
                      minReductionHashAggr: 0.4
                      mode: hash
                      outputColumnNames: _col0, _col1
                      Statistics: Num rows: 125 Data size: 11875 Basic stats: COMPLETE Column stats: COMPLETE
                      Reduce Output Operator
                        key expressions: _col0 (type: string)
                        null sort order: z
                        sort order: +
                        Map-reduce partition columns: _col0 (type: string)
                        Statistics: Num rows: 125 Data size: 11875 Basic stats: COMPLETE Column stats: COMPLETE
                        value expressions: _col1 (type: bigint)
                  Filter Operator
                    predicate: ((key like '%2%') and (key like '%0%') and key is not null) (type: boolean)
                    Statistics: Num rows: 125 Data size: 10875 Basic stats: COMPLETE Column stats: COMPLETE
                    Group By Operator
                      aggregations: count()
                      keys: key (type: string)
                      minReductionHashAggr: 0.4
                      mode: hash
                      outputColumnNames: _col0, _col1
                      Statistics: Num rows: 125 Data size: 11875 Basic stats: COMPLETE Column stats: COMPLETE
                      Reduce Output Operator
                        key expressions: _col0 (type: string)
                        null sort order: z
                        sort order: +
                        Map-reduce partition columns: _col0 (type: string)
                        Statistics: Num rows: 125 Data size: 11875 Basic stats: COMPLETE Column stats: COMPLETE
                        value expressions: _col1 (type: bigint)
            Execution mode: vectorized, llap
            LLAP IO: all inputs
        Map 12 
            Map Operator Tree:
                TableScan
                  alias: src
                  filterExpr: (((key like '%6%') and (key like '%0%') and key is not null) or ((key like '%1%') and (key like '%0%') and key is not null)) (type: boolean)
                  Statistics: Num rows: 500 Data size: 43500 Basic stats: COMPLETE Column stats: COMPLETE
                  Filter Operator
                    predicate: ((key like '%6%') and (key like '%0%') and key is not null) (type: boolean)
                    Statistics: Num rows: 125 Data size: 10875 Basic stats: COMPLETE Column stats: COMPLETE
                    Group By Operator
                      aggregations: count()
                      keys: key (type: string)
                      minReductionHashAggr: 0.4
                      mode: hash
                      outputColumnNames: _col0, _col1
                      Statistics: Num rows: 125 Data size: 11875 Basic stats: COMPLETE Column stats: COMPLETE
                      Reduce Output Operator
                        key expressions: _col0 (type: string)
                        null sort order: z
                        sort order: +
                        Map-reduce partition columns: _col0 (type: string)
                        Statistics: Num rows: 125 Data size: 11875 Basic stats: COMPLETE Column stats: COMPLETE
                        value expressions: _col1 (type: bigint)
                  Filter Operator
                    predicate: ((key like '%1%') and (key like '%0%') and key is not null) (type: boolean)
                    Statistics: Num rows: 125 Data size: 10875 Basic stats: COMPLETE Column stats: COMPLETE
                    Group By Operator
                      aggregations: count()
                      keys: key (type: string)
                      minReductionHashAggr: 0.4
                      mode: hash
                      outputColumnNames: _col0, _col1
                      Statistics: Num rows: 125 Data size: 11875 Basic stats: COMPLETE Column stats: COMPLETE
                      Reduce Output Operator
                        key expressions: _col0 (type: string)
                        null sort order: z
                        sort order: +
                        Map-reduce partition columns: _col0 (type: string)
                        Statistics: Num rows: 125 Data size: 11875 Basic stats: COMPLETE Column stats: COMPLETE
                        value expressions: _col1 (type: bigint)
            Execution mode: vectorized, llap
            LLAP IO: all inputs
        Map 15 
            Map Operator Tree:
                TableScan
                  alias: src
                  filterExpr: (((key like '%7%') and (key like '%0%') and key is not null) or ((key like '%4%') and (key like '%0%') and key is not null) or ((key like '%5%') and (key like '%0%') and key is not null)) (type: boolean)
                  Statistics: Num rows: 500 Data size: 43500 Basic stats: COMPLETE Column stats: COMPLETE
                  Filter Operator
                    predicate: ((key like '%7%') and (key like '%0%') and key is not null) (type: boolean)
                    Statistics: Num rows: 125 Data size: 10875 Basic stats: COMPLETE Column stats: COMPLETE
                    Group By Operator
                      aggregations: count()
                      keys: key (type: string)
                      minReductionHashAggr: 0.4
                      mode: hash
                      outputColumnNames: _col0, _col1
                      Statistics: Num rows: 125 Data size: 11875 Basic stats: COMPLETE Column stats: COMPLETE
                      Reduce Output Operator
                        key expressions: _col0 (type: string)
                        null sort order: z
                        sort order: +
                        Map-reduce partition columns: _col0 (type: string)
                        Statistics: Num rows: 125 Data size: 11875 Basic stats: COMPLETE Column stats: COMPLETE
                        value expressions: _col1 (type: bigint)
                  Filter Operator
                    predicate: ((key like '%4%') and (key like '%0%') and key is not null) (type: boolean)
                    Statistics: Num rows: 125 Data size: 10875 Basic stats: COMPLETE Column stats: COMPLETE
                    Group By Operator
                      aggregations: count()
                      keys: key (type: string)
                      minReductionHashAggr: 0.4
                      mode: hash
                      outputColumnNames: _col0, _col1
                      Statistics: Num rows: 125 Data size: 11875 Basic stats: COMPLETE Column stats: COMPLETE
                      Reduce Output Operator
                        key expressions: _col0 (type: string)
                        null sort order: z
                        sort order: +
                        Map-reduce partition columns: _col0 (type: string)
                        Statistics: Num rows: 125 Data size: 11875 Basic stats: COMPLETE Column stats: COMPLETE
                        value expressions: _col1 (type: bigint)
                  Filter Operator
                    predicate: ((key like '%5%') and (key like '%0%') and key is not null) (type: boolean)
                    Statistics: Num rows: 125 Data size: 10875 Basic stats: COMPLETE Column stats: COMPLETE
                    Group By Operator
                      aggregations: count()
                      keys: key (type: string)
                      minReductionHashAggr: 0.4
                      mode: hash
                      outputColumnNames: _col0, _col1
                      Statistics: Num rows: 125 Data size: 11875 Basic stats: COMPLETE Column stats: COMPLETE
                      Reduce Output Operator
                        key expressions: _col0 (type: string)
                        null sort order: z
                        sort order: +
                        Map-reduce partition columns: _col0 (type: string)
                        Statistics: Num rows: 125 Data size: 11875 Basic stats: COMPLETE Column stats: COMPLETE
                        value expressions: _col1 (type: bigint)
            Execution mode: vectorized, llap
            LLAP IO: all inputs
        Reducer 10 
            Execution mode: vectorized, llap
            Reduce Operator Tree:
              Group By Operator
                aggregations: count(VALUE._col0)
                keys: KEY._col0 (type: string)
                mode: mergepartial
                outputColumnNames: _col0, _col1
                Statistics: Num rows: 125 Data size: 11875 Basic stats: COMPLETE Column stats: COMPLETE
                Reduce Output Operator
                  key expressions: _col0 (type: string)
                  null sort order: z
                  sort order: +
                  Map-reduce partition columns: _col0 (type: string)
                  Statistics: Num rows: 125 Data size: 11875 Basic stats: COMPLETE Column stats: COMPLETE
                  value expressions: _col1 (type: bigint)
        Reducer 11 
            Execution mode: vectorized, llap
            Reduce Operator Tree:
              Group By Operator
                aggregations: count(VALUE._col0)
                keys: KEY._col0 (type: string)
                mode: mergepartial
                outputColumnNames: _col0, _col1
                Statistics: Num rows: 125 Data size: 11875 Basic stats: COMPLETE Column stats: COMPLETE
                Reduce Output Operator
                  key expressions: _col0 (type: string)
                  null sort order: z
                  sort order: +
                  Map-reduce partition columns: _col0 (type: string)
                  Statistics: Num rows: 125 Data size: 11875 Basic stats: COMPLETE Column stats: COMPLETE
                  value expressions: _col1 (type: bigint)
        Reducer 13 
            Execution mode: vectorized, llap
            Reduce Operator Tree:
              Group By Operator
                aggregations: count(VALUE._col0)
                keys: KEY._col0 (type: string)
                mode: mergepartial
                outputColumnNames: _col0, _col1
                Statistics: Num rows: 125 Data size: 11875 Basic stats: COMPLETE Column stats: COMPLETE
                Reduce Output Operator
                  key expressions: _col0 (type: string)
                  null sort order: z
                  sort order: +
                  Map-reduce partition columns: _col0 (type: string)
                  Statistics: Num rows: 125 Data size: 11875 Basic stats: COMPLETE Column stats: COMPLETE
                  value expressions: _col1 (type: bigint)
        Reducer 16 
            Execution mode: vectorized, llap
            Reduce Operator Tree:
              Group By Operator
                aggregations: count(VALUE._col0)
                keys: KEY._col0 (type: string)
                mode: mergepartial
                outputColumnNames: _col0, _col1
                Statistics: Num rows: 125 Data size: 11875 Basic stats: COMPLETE Column stats: COMPLETE
                Reduce Output Operator
                  key expressions: _col0 (type: string)
                  null sort order: z
                  sort order: +
                  Map-reduce partition columns: _col0 (type: string)
                  Statistics: Num rows: 125 Data size: 11875 Basic stats: COMPLETE Column stats: COMPLETE
                  value expressions: _col1 (type: bigint)
        Reducer 17 
            Execution mode: vectorized, llap
            Reduce Operator Tree:
              Group By Operator
                aggregations: count(VALUE._col0)
                keys: KEY._col0 (type: string)
                mode: mergepartial
                outputColumnNames: _col0, _col1
                Statistics: Num rows: 125 Data size: 11875 Basic stats: COMPLETE Column stats: COMPLETE
                Reduce Output Operator
                  key expressions: _col0 (type: string)
                  null sort order: z
                  sort order: +
                  Map-reduce partition columns: _col0 (type: string)
                  Statistics: Num rows: 125 Data size: 11875 Basic stats: COMPLETE Column stats: COMPLETE
                  value expressions: _col1 (type: bigint)
        Reducer 18 
            Execution mode: vectorized, llap
            Reduce Operator Tree:
              Group By Operator
                aggregations: count(VALUE._col0)
                keys: KEY._col0 (type: string)
                mode: mergepartial
                outputColumnNames: _col0, _col1
                Statistics: Num rows: 125 Data size: 11875 Basic stats: COMPLETE Column stats: COMPLETE
                Reduce Output Operator
                  key expressions: _col0 (type: string)
                  null sort order: z
                  sort order: +
                  Map-reduce partition columns: _col0 (type: string)
                  Statistics: Num rows: 125 Data size: 11875 Basic stats: COMPLETE Column stats: COMPLETE
                  value expressions: _col1 (type: bigint)
        Reducer 2 
            Reduce Operator Tree:
              Group By Operator
                aggregations: count(VALUE._col0)
                keys: KEY._col0 (type: string)
                mode: mergepartial
                outputColumnNames: _col0, _col1
                Statistics: Num rows: 125 Data size: 11875 Basic stats: COMPLETE Column stats: COMPLETE
                Dummy Store
            Execution mode: llap
            Reduce Operator Tree:
              Group By Operator
                keys: KEY._col0 (type: string)
                mode: mergepartial
                outputColumnNames: _col0
                Statistics: Num rows: 250 Data size: 21750 Basic stats: COMPLETE Column stats: COMPLETE
                Merge Join Operator
                  condition map:
                       Left Outer Join 0 to 1
                  keys:
                    0 _col0 (type: string)
                    1 _col0 (type: string)
                  outputColumnNames: _col0, _col2
                  Statistics: Num rows: 375 Data size: 33633 Basic stats: COMPLETE Column stats: COMPLETE
                  Reduce Output Operator
                    key expressions: _col0 (type: string)
                    null sort order: z
                    sort order: +
                    Map-reduce partition columns: _col0 (type: string)
                    Statistics: Num rows: 375 Data size: 33633 Basic stats: COMPLETE Column stats: COMPLETE
                    value expressions: _col2 (type: bigint)
        Reducer 3 
            Execution mode: llap
            Reduce Operator Tree:
              Merge Join Operator
                condition map:
                     Left Outer Join 0 to 1
                keys:
                  0 _col0 (type: string)
                  1 _col0 (type: string)
                outputColumnNames: _col0, _col2, _col4
                Statistics: Num rows: 375 Data size: 36633 Basic stats: COMPLETE Column stats: COMPLETE
                Reduce Output Operator
                  key expressions: _col0 (type: string)
                  null sort order: z
                  sort order: +
                  Map-reduce partition columns: _col0 (type: string)
                  Statistics: Num rows: 375 Data size: 36633 Basic stats: COMPLETE Column stats: COMPLETE
                  value expressions: _col2 (type: bigint), _col4 (type: bigint)
        Reducer 4 
            Execution mode: llap
            Reduce Operator Tree:
              Merge Join Operator
                condition map:
                     Left Outer Join 0 to 1
                keys:
                  0 _col0 (type: string)
                  1 _col0 (type: string)
                outputColumnNames: _col0, _col2, _col4, _col6
                Statistics: Num rows: 375 Data size: 39633 Basic stats: COMPLETE Column stats: COMPLETE
                Reduce Output Operator
                  key expressions: _col0 (type: string)
                  null sort order: z
                  sort order: +
                  Map-reduce partition columns: _col0 (type: string)
                  Statistics: Num rows: 375 Data size: 39633 Basic stats: COMPLETE Column stats: COMPLETE
                  value expressions: _col2 (type: bigint), _col4 (type: bigint), _col6 (type: bigint)
        Reducer 5 
            Execution mode: llap
            Reduce Operator Tree:
              Merge Join Operator
                condition map:
                     Left Outer Join 0 to 1
                keys:
                  0 _col0 (type: string)
                  1 _col0 (type: string)
                outputColumnNames: _col0, _col2, _col4, _col6, _col8
                Statistics: Num rows: 375 Data size: 42633 Basic stats: COMPLETE Column stats: COMPLETE
                Reduce Output Operator
                  key expressions: _col0 (type: string)
                  null sort order: z
                  sort order: +
                  Map-reduce partition columns: _col0 (type: string)
                  Statistics: Num rows: 375 Data size: 42633 Basic stats: COMPLETE Column stats: COMPLETE
                  value expressions: _col2 (type: bigint), _col4 (type: bigint), _col6 (type: bigint), _col8 (type: bigint)
        Reducer 6 
            Execution mode: llap
            Reduce Operator Tree:
              Merge Join Operator
                condition map:
                     Left Outer Join 0 to 1
                keys:
                  0 _col0 (type: string)
                  1 _col0 (type: string)
                outputColumnNames: _col0, _col2, _col4, _col6, _col8, _col10
                Statistics: Num rows: 375 Data size: 45633 Basic stats: COMPLETE Column stats: COMPLETE
                Reduce Output Operator
                  key expressions: _col0 (type: string)
                  null sort order: z
                  sort order: +
                  Map-reduce partition columns: _col0 (type: string)
                  Statistics: Num rows: 375 Data size: 45633 Basic stats: COMPLETE Column stats: COMPLETE
                  value expressions: _col2 (type: bigint), _col4 (type: bigint), _col6 (type: bigint), _col8 (type: bigint), _col10 (type: bigint)
        Reducer 7 
            Execution mode: llap
            Reduce Operator Tree:
              Merge Join Operator
                condition map:
                     Left Outer Join 0 to 1
                keys:
                  0 _col0 (type: string)
                  1 _col0 (type: string)
                outputColumnNames: _col0, _col2, _col4, _col6, _col8, _col10, _col12
                Statistics: Num rows: 375 Data size: 48633 Basic stats: COMPLETE Column stats: COMPLETE
                Reduce Output Operator
                  key expressions: _col0 (type: string)
                  null sort order: z
                  sort order: +
                  Map-reduce partition columns: _col0 (type: string)
                  Statistics: Num rows: 375 Data size: 48633 Basic stats: COMPLETE Column stats: COMPLETE
                  value expressions: _col2 (type: bigint), _col4 (type: bigint), _col6 (type: bigint), _col8 (type: bigint), _col10 (type: bigint), _col12 (type: bigint)
        Reducer 8 
            Execution mode: llap
            Reduce Operator Tree:
              Merge Join Operator
                condition map:
                     Left Outer Join 0 to 1
                keys:
                  0 _col0 (type: string)
                  1 _col0 (type: string)
                outputColumnNames: _col2, _col4, _col6, _col8, _col10, _col12, _col14
                Statistics: Num rows: 375 Data size: 19008 Basic stats: COMPLETE Column stats: COMPLETE
                Group By Operator
                  aggregations: count(), sum(_col2), sum(_col4), sum(_col6), sum(_col8), sum(_col10), sum(_col12), sum(_col14)
                  minReductionHashAggr: 0.99
                  mode: hash
                  outputColumnNames: _col0, _col1, _col2, _col3, _col4, _col5, _col6, _col7
                  Statistics: Num rows: 1 Data size: 64 Basic stats: COMPLETE Column stats: COMPLETE
                  Reduce Output Operator
                    null sort order: 
                    sort order: 
                    Statistics: Num rows: 1 Data size: 64 Basic stats: COMPLETE Column stats: COMPLETE
                    value expressions: _col0 (type: bigint), _col1 (type: bigint), _col2 (type: bigint), _col3 (type: bigint), _col4 (type: bigint), _col5 (type: bigint), _col6 (type: bigint), _col7 (type: bigint)
        Reducer 9 
            Execution mode: vectorized, llap
            Reduce Operator Tree:
              Group By Operator
                aggregations: count(VALUE._col0), sum(VALUE._col1), sum(VALUE._col2), sum(VALUE._col3), sum(VALUE._col4), sum(VALUE._col5), sum(VALUE._col6), sum(VALUE._col7)
                mode: mergepartial
                outputColumnNames: _col0, _col1, _col2, _col3, _col4, _col5, _col6, _col7
                Statistics: Num rows: 1 Data size: 64 Basic stats: COMPLETE Column stats: COMPLETE
                File Output Operator
                  compressed: false
                  Statistics: Num rows: 1 Data size: 64 Basic stats: COMPLETE Column stats: COMPLETE
                  table:
                      input format: org.apache.hadoop.mapred.SequenceFileInputFormat
                      output format: org.apache.hadoop.hive.ql.io.HiveSequenceFileOutputFormat
                      serde: org.apache.hadoop.hive.serde2.lazy.LazySimpleSerDe

  Stage: Stage-0
    Fetch Operator
      limit: -1
      Processor Tree:
        ListSink

PREHOOK: query: SELECT count(*), SUM(t1.num), SUM(t2.num), SUM(t3.num), SUM(t4.num), SUM(t5.num), SUM(t6.num), SUM(t7.num)
FROM (SELECT key, count(*) AS num FROM src WHERE key LIKE '%0%' GROUP BY key) t0
LEFT OUTER JOIN (SELECT key, count(*) AS num FROM src WHERE key LIKE '%1%' GROUP BY key) t1 ON t0.key = t1.key
LEFT OUTER JOIN (SELECT key, count(*) AS num FROM src WHERE key LIKE '%2%' GROUP BY key) t2 ON t0.key = t2.key
LEFT OUTER JOIN (SELECT key, count(*) AS num FROM src WHERE key LIKE '%3%' GROUP BY key) t3 ON t0.key = t3.key
LEFT OUTER JOIN (SELECT key, count(*) AS num FROM src WHERE key LIKE '%4%' GROUP BY key) t4 ON t0.key = t4.key
LEFT OUTER JOIN (SELECT key, count(*) AS num FROM src WHERE key LIKE '%5%' GROUP BY key) t5 ON t0.key = t5.key
LEFT OUTER JOIN (SELECT key, count(*) AS num FROM src WHERE key LIKE '%6%' GROUP BY key) t6 ON t0.key = t6.key
LEFT OUTER JOIN (SELECT key, count(*) AS num FROM src WHERE key LIKE '%7%' GROUP BY key) t7 ON t0.key = t7.key
PREHOOK: type: QUERY
PREHOOK: Input: default@src
#### A masked pattern was here ####
POSTHOOK: query: SELECT count(*), SUM(t1.num), SUM(t2.num), SUM(t3.num), SUM(t4.num), SUM(t5.num), SUM(t6.num), SUM(t7.num)
FROM (SELECT key, count(*) AS num FROM src WHERE key LIKE '%0%' GROUP BY key) t0
LEFT OUTER JOIN (SELECT key, count(*) AS num FROM src WHERE key LIKE '%1%' GROUP BY key) t1 ON t0.key = t1.key
LEFT OUTER JOIN (SELECT key, count(*) AS num FROM src WHERE key LIKE '%2%' GROUP BY key) t2 ON t0.key = t2.key
LEFT OUTER JOIN (SELECT key, count(*) AS num FROM src WHERE key LIKE '%3%' GROUP BY key) t3 ON t0.key = t3.key
LEFT OUTER JOIN (SELECT key, count(*) AS num FROM src WHERE key LIKE '%4%' GROUP BY key) t4 ON t0.key = t4.key
LEFT OUTER JOIN (SELECT key, count(*) AS num FROM src WHERE key LIKE '%5%' GROUP BY key) t5 ON t0.key = t5.key
LEFT OUTER JOIN (SELECT key, count(*) AS num FROM src WHERE key LIKE '%6%' GROUP BY key) t6 ON t0.key = t6.key
LEFT OUTER JOIN (SELECT key, count(*) AS num FROM src WHERE key LIKE '%7%' GROUP BY key) t7 ON t0.key = t7.key
POSTHOOK: type: QUERY
POSTHOOK: Input: default@src
#### A masked pattern was here ####
49	22	28	26	31	5	9	10
