PREHOOK: query: create table sketch_input (id int, category char(1))
STORED AS ORC
TBLPROPERTIES ('transactional'='true')
PREHOOK: type: CREATETABLE
PREHOOK: Output: database:default
PREHOOK: Output: default@sketch_input
POSTHOOK: query: create table sketch_input (id int, category char(1))
STORED AS ORC
TBLPROPERTIES ('transactional'='true')
POSTHOOK: type: CREATETABLE
POSTHOOK: Output: database:default
POSTHOOK: Output: default@sketch_input
PREHOOK: query: insert into table sketch_input values
  (1,'a'),(1, 'a'), (2, 'a'), (3, 'a'), (4, 'a'), (5, 'a'), (6, 'a'), (7, 'a'), (8, 'a'), (9, 'a'), (10, 'a'),
  (6,'b'),(6, 'b'), (7, 'b'), (8, 'b'), (9, 'b'), (10, 'b'), (11, 'b'), (12, 'b'), (13, 'b'), (14, 'b'), (15, 'b'),
  (1,null),(2,null),(10,null),(13,null)
PREHOOK: type: QUERY
PREHOOK: Input: _dummy_database@_dummy_table
PREHOOK: Output: default@sketch_input
POSTHOOK: query: insert into table sketch_input values
  (1,'a'),(1, 'a'), (2, 'a'), (3, 'a'), (4, 'a'), (5, 'a'), (6, 'a'), (7, 'a'), (8, 'a'), (9, 'a'), (10, 'a'),
  (6,'b'),(6, 'b'), (7, 'b'), (8, 'b'), (9, 'b'), (10, 'b'), (11, 'b'), (12, 'b'), (13, 'b'), (14, 'b'), (15, 'b'),
  (1,null),(2,null),(10,null),(13,null)
POSTHOOK: type: QUERY
POSTHOOK: Input: _dummy_database@_dummy_table
POSTHOOK: Output: default@sketch_input
POSTHOOK: Lineage: sketch_input.category SCRIPT []
POSTHOOK: Lineage: sketch_input.id SCRIPT []
PREHOOK: query: select id,category,cume_dist() over (partition by category order by id),ds_kll_cdf(ds, CAST(id AS FLOAT))[0]
from sketch_input
join ( select category as c,ds_kll_sketch(cast(id as float)) as ds from sketch_input group by category) q on (q.c=category)
order by category,id
PREHOOK: type: QUERY
PREHOOK: Input: default@sketch_input
#### A masked pattern was here ####
POSTHOOK: query: select id,category,cume_dist() over (partition by category order by id),ds_kll_cdf(ds, CAST(id AS FLOAT))[0]
from sketch_input
join ( select category as c,ds_kll_sketch(cast(id as float)) as ds from sketch_input group by category) q on (q.c=category)
order by category,id
POSTHOOK: type: QUERY
POSTHOOK: Input: default@sketch_input
#### A masked pattern was here ####
1	a	0.18181818181818182	0.0
1	a	0.18181818181818182	0.0
2	a	0.2727272727272727	0.18181818181818182
3	a	0.36363636363636365	0.2727272727272727
4	a	0.45454545454545453	0.36363636363636365
5	a	0.5454545454545454	0.45454545454545453
6	a	0.6363636363636364	0.5454545454545454
7	a	0.7272727272727273	0.6363636363636364
8	a	0.8181818181818182	0.7272727272727273
9	a	0.9090909090909091	0.8181818181818182
10	a	1.0	0.9090909090909091
6	b	0.18181818181818182	0.0
6	b	0.18181818181818182	0.0
7	b	0.2727272727272727	0.18181818181818182
8	b	0.36363636363636365	0.2727272727272727
9	b	0.45454545454545453	0.36363636363636365
10	b	0.5454545454545454	0.45454545454545453
11	b	0.6363636363636364	0.5454545454545454
12	b	0.7272727272727273	0.6363636363636364
13	b	0.8181818181818182	0.7272727272727273
14	b	0.9090909090909091	0.8181818181818182
15	b	1.0	0.9090909090909091
PREHOOK: query: explain
select id,'rewrite',cume_dist() over (partition by category order by id) from sketch_input order by category,id
PREHOOK: type: QUERY
PREHOOK: Input: default@sketch_input
#### A masked pattern was here ####
POSTHOOK: query: explain
select id,'rewrite',cume_dist() over (partition by category order by id) from sketch_input order by category,id
POSTHOOK: type: QUERY
POSTHOOK: Input: default@sketch_input
#### A masked pattern was here ####
STAGE DEPENDENCIES:
  Stage-1 is a root stage
  Stage-0 depends on stages: Stage-1

STAGE PLANS:
  Stage: Stage-1
    Tez
#### A masked pattern was here ####
      Edges:
        Reducer 2 <- Map 1 (SIMPLE_EDGE), Reducer 4 (SIMPLE_EDGE)
        Reducer 3 <- Reducer 2 (SIMPLE_EDGE)
        Reducer 4 <- Map 1 (SIMPLE_EDGE)
#### A masked pattern was here ####
      Vertices:
        Map 1 
            Map Operator Tree:
                TableScan
                  alias: sketch_input
                  Statistics: Num rows: 26 Data size: 2059 Basic stats: COMPLETE Column stats: COMPLETE
                  Select Operator
                    expressions: id (type: int), category (type: char(1)), UDFToFloat(COALESCE(UDFToFloat(id),3.4028234663852886E38D)) (type: float)
                    outputColumnNames: _col0, _col1, _col2
                    Statistics: Num rows: 26 Data size: 2163 Basic stats: COMPLETE Column stats: COMPLETE
                    Reduce Output Operator
                      key expressions: _col1 (type: char(1))
                      null sort order: z
                      sort order: +
                      Map-reduce partition columns: _col1 (type: char(1))
                      Statistics: Num rows: 26 Data size: 2163 Basic stats: COMPLETE Column stats: COMPLETE
                      value expressions: _col0 (type: int), _col2 (type: float)
                  Select Operator
                    expressions: category (type: char(1)), UDFToFloat(id) (type: float)
                    outputColumnNames: _col0, _col1
                    Statistics: Num rows: 26 Data size: 2059 Basic stats: COMPLETE Column stats: COMPLETE
                    Group By Operator
                      aggregations: ds_kll_sketch(_col1)
                      keys: _col0 (type: char(1))
                      minReductionHashAggr: 0.9230769
                      mode: hash
                      outputColumnNames: _col0, _col1
                      Statistics: Num rows: 3 Data size: 687 Basic stats: COMPLETE Column stats: COMPLETE
                      Reduce Output Operator
                        key expressions: _col0 (type: char(1))
                        null sort order: z
                        sort order: +
                        Map-reduce partition columns: _col0 (type: char(1))
                        Statistics: Num rows: 3 Data size: 687 Basic stats: COMPLETE Column stats: COMPLETE
                        value expressions: _col1 (type: binary)
            Execution mode: llap
            LLAP IO: may be used (ACID table)
        Reducer 2 
            Execution mode: llap
            Reduce Operator Tree:
              Merge Join Operator
                condition map:
                     Inner Join 0 to 1
                keys:
                  0 _col1 (type: char(1))
                  1 _col0 (type: char(1))
                nullSafes: [true]
                outputColumnNames: _col0, _col1, _col2, _col4
                Statistics: Num rows: 26 Data size: 5907 Basic stats: COMPLETE Column stats: COMPLETE
                Select Operator
                  expressions: _col0 (type: int), ds_kll_rank(_col4, _col2) (type: double), _col1 (type: char(1))
                  outputColumnNames: _col0, _col1, _col2
                  Statistics: Num rows: 26 Data size: 2267 Basic stats: COMPLETE Column stats: COMPLETE
                  Reduce Output Operator
                    key expressions: _col2 (type: char(1)), _col0 (type: int)
                    null sort order: zz
                    sort order: ++
                    Statistics: Num rows: 26 Data size: 2267 Basic stats: COMPLETE Column stats: COMPLETE
                    value expressions: _col1 (type: double)
        Reducer 3 
            Execution mode: vectorized, llap
            Reduce Operator Tree:
              Select Operator
                expressions: KEY.reducesinkkey1 (type: int), 'rewrite' (type: string), VALUE._col0 (type: double)
                outputColumnNames: _col0, _col1, _col2
                Statistics: Num rows: 26 Data size: 2678 Basic stats: COMPLETE Column stats: COMPLETE
                File Output Operator
                  compressed: false
                  Statistics: Num rows: 26 Data size: 2678 Basic stats: COMPLETE Column stats: COMPLETE
                  table:
                      input format: org.apache.hadoop.mapred.SequenceFileInputFormat
                      output format: org.apache.hadoop.hive.ql.io.HiveSequenceFileOutputFormat
                      serde: org.apache.hadoop.hive.serde2.lazy.LazySimpleSerDe
        Reducer 4 
            Execution mode: llap
            Reduce Operator Tree:
              Group By Operator
                aggregations: ds_kll_sketch(VALUE._col0)
                keys: KEY._col0 (type: char(1))
                mode: mergepartial
                outputColumnNames: _col0, _col1
                Statistics: Num rows: 2 Data size: 458 Basic stats: COMPLETE Column stats: COMPLETE
                Reduce Output Operator
                  key expressions: _col0 (type: char(1))
                  null sort order: z
                  sort order: +
                  Map-reduce partition columns: _col0 (type: char(1))
                  Statistics: Num rows: 2 Data size: 458 Basic stats: COMPLETE Column stats: COMPLETE
                  value expressions: _col1 (type: binary)

  Stage: Stage-0
    Fetch Operator
      limit: -1
      Processor Tree:
        ListSink

PREHOOK: query: select id,'rewrite',cume_dist() over (partition by category order by id) from sketch_input order by category,id
PREHOOK: type: QUERY
PREHOOK: Input: default@sketch_input
#### A masked pattern was here ####
POSTHOOK: query: select id,'rewrite',cume_dist() over (partition by category order by id) from sketch_input order by category,id
POSTHOOK: type: QUERY
POSTHOOK: Input: default@sketch_input
#### A masked pattern was here ####
1	rewrite	0.0
1	rewrite	0.0
2	rewrite	0.18181818181818182
3	rewrite	0.2727272727272727
4	rewrite	0.36363636363636365
5	rewrite	0.45454545454545453
6	rewrite	0.5454545454545454
7	rewrite	0.6363636363636364
8	rewrite	0.7272727272727273
9	rewrite	0.8181818181818182
10	rewrite	0.9090909090909091
6	rewrite	0.0
6	rewrite	0.0
7	rewrite	0.18181818181818182
8	rewrite	0.2727272727272727
9	rewrite	0.36363636363636365
10	rewrite	0.45454545454545453
11	rewrite	0.5454545454545454
12	rewrite	0.6363636363636364
13	rewrite	0.7272727272727273
14	rewrite	0.8181818181818182
15	rewrite	0.9090909090909091
1	rewrite	0.0
2	rewrite	0.25
10	rewrite	0.5
13	rewrite	0.75
