PREHOOK: query: create table sketch_input (id int, category char(1))
STORED AS ORC
TBLPROPERTIES ('transactional'='true')
PREHOOK: type: CREATETABLE
PREHOOK: Output: database:default
PREHOOK: Output: default@sketch_input
POSTHOOK: query: create table sketch_input (id int, category char(1))
STORED AS ORC
TBLPROPERTIES ('transactional'='true')
POSTHOOK: type: CREATETABLE
POSTHOOK: Output: database:default
POSTHOOK: Output: default@sketch_input
PREHOOK: query: insert into table sketch_input values
  (1,'a'),(1, 'a'), (2, 'a'), (3, 'a'), (4, 'a'), (5, 'a'), (6, 'a'), (7, 'a'), (8, 'a'), (9, 'a'), (10, 'a'),
  (6,'b'),(6, 'b'), (7, 'b'), (8, 'b'), (9, 'b'), (10, 'b'), (11, 'b'), (12, 'b'), (13, 'b'), (14, 'b'), (15, 'b')
PREHOOK: type: QUERY
PREHOOK: Input: _dummy_database@_dummy_table
PREHOOK: Output: default@sketch_input
POSTHOOK: query: insert into table sketch_input values
  (1,'a'),(1, 'a'), (2, 'a'), (3, 'a'), (4, 'a'), (5, 'a'), (6, 'a'), (7, 'a'), (8, 'a'), (9, 'a'), (10, 'a'),
  (6,'b'),(6, 'b'), (7, 'b'), (8, 'b'), (9, 'b'), (10, 'b'), (11, 'b'), (12, 'b'), (13, 'b'), (14, 'b'), (15, 'b')
POSTHOOK: type: QUERY
POSTHOOK: Input: _dummy_database@_dummy_table
POSTHOOK: Output: default@sketch_input
POSTHOOK: Lineage: sketch_input.category SCRIPT []
POSTHOOK: Lineage: sketch_input.id SCRIPT []
PREHOOK: query: explain
select category, count(distinct id) from sketch_input group by category
PREHOOK: type: QUERY
PREHOOK: Input: default@sketch_input
#### A masked pattern was here ####
POSTHOOK: query: explain
select category, count(distinct id) from sketch_input group by category
POSTHOOK: type: QUERY
POSTHOOK: Input: default@sketch_input
#### A masked pattern was here ####
STAGE DEPENDENCIES:
  Stage-1 is a root stage
  Stage-0 depends on stages: Stage-1

STAGE PLANS:
  Stage: Stage-1
    Tez
#### A masked pattern was here ####
      Edges:
        Reducer 2 <- Map 1 (SIMPLE_EDGE)
#### A masked pattern was here ####
      Vertices:
        Map 1 
            Map Operator Tree:
                TableScan
                  alias: sketch_input
                  Statistics: Num rows: 22 Data size: 1958 Basic stats: COMPLETE Column stats: COMPLETE
                  Select Operator
                    expressions: id (type: int), category (type: char(1))
                    outputColumnNames: id, category
                    Statistics: Num rows: 22 Data size: 1958 Basic stats: COMPLETE Column stats: COMPLETE
                    Group By Operator
                      aggregations: ds_hll_sketch(id)
                      keys: category (type: char(1))
                      minReductionHashAggr: 0.9090909
                      mode: hash
                      outputColumnNames: _col0, _col1
                      Statistics: Num rows: 2 Data size: 946 Basic stats: COMPLETE Column stats: COMPLETE
                      Reduce Output Operator
                        key expressions: _col0 (type: char(1))
                        null sort order: z
                        sort order: +
                        Map-reduce partition columns: _col0 (type: char(1))
                        Statistics: Num rows: 2 Data size: 946 Basic stats: COMPLETE Column stats: COMPLETE
                        value expressions: _col1 (type: struct<lgk:int,type:string,sketch:binary>)
            Execution mode: llap
            LLAP IO: may be used (ACID table)
        Reducer 2 
            Execution mode: llap
            Reduce Operator Tree:
              Group By Operator
                aggregations: ds_hll_sketch(VALUE._col0)
                keys: KEY._col0 (type: char(1))
                mode: mergepartial
                outputColumnNames: _col0, _col1
                Statistics: Num rows: 2 Data size: 458 Basic stats: COMPLETE Column stats: COMPLETE
                Select Operator
                  expressions: _col0 (type: char(1)), UDFToLong(round(ds_hll_estimate(_col1))) (type: bigint)
                  outputColumnNames: _col0, _col1
                  Statistics: Num rows: 2 Data size: 186 Basic stats: COMPLETE Column stats: COMPLETE
                  File Output Operator
                    compressed: false
                    Statistics: Num rows: 2 Data size: 186 Basic stats: COMPLETE Column stats: COMPLETE
                    table:
                        input format: org.apache.hadoop.mapred.SequenceFileInputFormat
                        output format: org.apache.hadoop.hive.ql.io.HiveSequenceFileOutputFormat
                        serde: org.apache.hadoop.hive.serde2.lazy.LazySimpleSerDe

  Stage: Stage-0
    Fetch Operator
      limit: -1
      Processor Tree:
        ListSink

PREHOOK: query: select category, count(distinct id) from sketch_input group by category
PREHOOK: type: QUERY
PREHOOK: Input: default@sketch_input
#### A masked pattern was here ####
POSTHOOK: query: select category, count(distinct id) from sketch_input group by category
POSTHOOK: type: QUERY
POSTHOOK: Input: default@sketch_input
#### A masked pattern was here ####
a	10
b	10
