PREHOOK: query: create table sketch_input (id int, category char(1))
STORED AS ORC
TBLPROPERTIES ('transactional'='true')
PREHOOK: type: CREATETABLE
PREHOOK: Output: database:default
PREHOOK: Output: default@sketch_input
POSTHOOK: query: create table sketch_input (id int, category char(1))
STORED AS ORC
TBLPROPERTIES ('transactional'='true')
POSTHOOK: type: CREATETABLE
POSTHOOK: Output: database:default
POSTHOOK: Output: default@sketch_input
PREHOOK: query: insert into table sketch_input values
  (1,'a'),(1, 'a'), (2, 'a'), (3, 'a'), (4, 'a'), (5, 'a'), (6, 'a'), (7, 'a'), (8, 'a'), (9, 'a'), (10, 'a'),
  (6,'b'),(6, 'b'), (7, 'b'), (8, 'b'), (9, 'b'), (10, 'b'), (11, 'b'), (12, 'b'), (13, 'b'), (14, 'b'), (15, 'b')
PREHOOK: type: QUERY
PREHOOK: Input: _dummy_database@_dummy_table
PREHOOK: Output: default@sketch_input
POSTHOOK: query: insert into table sketch_input values
  (1,'a'),(1, 'a'), (2, 'a'), (3, 'a'), (4, 'a'), (5, 'a'), (6, 'a'), (7, 'a'), (8, 'a'), (9, 'a'), (10, 'a'),
  (6,'b'),(6, 'b'), (7, 'b'), (8, 'b'), (9, 'b'), (10, 'b'), (11, 'b'), (12, 'b'), (13, 'b'), (14, 'b'), (15, 'b')
POSTHOOK: type: QUERY
POSTHOOK: Input: _dummy_database@_dummy_table
POSTHOOK: Output: default@sketch_input
POSTHOOK: Lineage: sketch_input.category SCRIPT []
POSTHOOK: Lineage: sketch_input.id SCRIPT []
Warning: Shuffle Join MERGEJOIN[20][tables = [$hdt$_0, $hdt$_1]] in Stage 'Reducer 2' is a cross product
PREHOOK: query: select id,
		rank() over (order by id),
		case when ds_kll_n(ds) < (ceil(ds_kll_rank(ds, CAST(id AS FLOAT) )*ds_kll_n(ds))+1) then ds_kll_n(ds) else (ceil(ds_kll_rank(ds, CAST(id AS FLOAT) )*ds_kll_n(ds))+1) end
from sketch_input
join ( select ds_kll_sketch(cast(id as float)) as ds from sketch_input ) q
order by id
PREHOOK: type: QUERY
PREHOOK: Input: default@sketch_input
#### A masked pattern was here ####
POSTHOOK: query: select id,
		rank() over (order by id),
		case when ds_kll_n(ds) < (ceil(ds_kll_rank(ds, CAST(id AS FLOAT) )*ds_kll_n(ds))+1) then ds_kll_n(ds) else (ceil(ds_kll_rank(ds, CAST(id AS FLOAT) )*ds_kll_n(ds))+1) end
from sketch_input
join ( select ds_kll_sketch(cast(id as float)) as ds from sketch_input ) q
order by id
POSTHOOK: type: QUERY
POSTHOOK: Input: default@sketch_input
#### A masked pattern was here ####
1	1	1
1	1	1
2	3	3
3	4	4
4	5	5
5	6	6
6	7	7
6	7	7
6	7	7
7	10	10
7	10	10
8	12	12
8	12	12
9	14	14
9	14	14
10	16	16
10	16	16
11	18	18
12	19	19
13	20	20
14	21	21
15	22	22
WARNING: Comparing bigint and double may result in loss of information.
Warning: Shuffle Join MERGEJOIN[17][tables = [$hdt$_0, $hdt$_1]] in Stage 'Reducer 2' is a cross product
PREHOOK: query: explain
select id,'rewrite',rank() over (order by id) from sketch_input order by id
PREHOOK: type: QUERY
PREHOOK: Input: default@sketch_input
#### A masked pattern was here ####
POSTHOOK: query: explain
select id,'rewrite',rank() over (order by id) from sketch_input order by id
POSTHOOK: type: QUERY
POSTHOOK: Input: default@sketch_input
#### A masked pattern was here ####
STAGE DEPENDENCIES:
  Stage-1 is a root stage
  Stage-0 depends on stages: Stage-1

STAGE PLANS:
  Stage: Stage-1
    Tez
#### A masked pattern was here ####
      Edges:
        Reducer 2 <- Map 1 (XPROD_EDGE), Reducer 4 (XPROD_EDGE)
        Reducer 3 <- Reducer 2 (SIMPLE_EDGE)
        Reducer 4 <- Map 1 (SIMPLE_EDGE)
#### A masked pattern was here ####
      Vertices:
        Map 1 
            Map Operator Tree:
                TableScan
                  alias: sketch_input
                  Statistics: Num rows: 22 Data size: 88 Basic stats: COMPLETE Column stats: COMPLETE
                  Select Operator
                    expressions: id (type: int), UDFToFloat(COALESCE(UDFToFloat(id),3.4028234663852886E38D)) (type: float)
                    outputColumnNames: _col0, _col1
                    Statistics: Num rows: 22 Data size: 176 Basic stats: COMPLETE Column stats: COMPLETE
                    Reduce Output Operator
                      null sort order: 
                      sort order: 
                      Statistics: Num rows: 22 Data size: 176 Basic stats: COMPLETE Column stats: COMPLETE
                      value expressions: _col0 (type: int), _col1 (type: float)
                  Select Operator
                    expressions: UDFToFloat(id) (type: float)
                    outputColumnNames: _col1
                    Statistics: Num rows: 22 Data size: 88 Basic stats: COMPLETE Column stats: COMPLETE
                    Group By Operator
                      aggregations: ds_kll_sketch(_col1)
                      keys: true (type: boolean)
                      minReductionHashAggr: 0.95454544
                      mode: hash
                      outputColumnNames: _col0, _col1
                      Statistics: Num rows: 1 Data size: 148 Basic stats: COMPLETE Column stats: COMPLETE
                      Reduce Output Operator
                        key expressions: _col0 (type: boolean)
                        null sort order: z
                        sort order: +
                        Map-reduce partition columns: _col0 (type: boolean)
                        Statistics: Num rows: 1 Data size: 148 Basic stats: COMPLETE Column stats: COMPLETE
                        value expressions: _col1 (type: binary)
            Execution mode: llap
            LLAP IO: may be used (ACID table)
        Reducer 2 
            Execution mode: llap
            Reduce Operator Tree:
              Merge Join Operator
                condition map:
                     Inner Join 0 to 1
                keys:
                  0 
                  1 
                outputColumnNames: _col0, _col1, _col2, _col3
                Statistics: Num rows: 22 Data size: 3520 Basic stats: COMPLETE Column stats: COMPLETE
                Select Operator
                  expressions: _col0 (type: int), UDFToInteger(CASE WHEN ((_col3 < (ceil((ds_kll_rank(_col2, _col1) * _col3)) + 1.0D))) THEN (_col3) ELSE ((ceil((ds_kll_rank(_col2, _col1) * _col3)) + 1.0D)) END) (type: int)
                  outputColumnNames: _col0, _col1
                  Statistics: Num rows: 22 Data size: 176 Basic stats: COMPLETE Column stats: COMPLETE
                  Reduce Output Operator
                    key expressions: _col0 (type: int)
                    null sort order: z
                    sort order: +
                    Statistics: Num rows: 22 Data size: 176 Basic stats: COMPLETE Column stats: COMPLETE
                    value expressions: _col1 (type: int)
        Reducer 3 
            Execution mode: vectorized, llap
            Reduce Operator Tree:
              Select Operator
                expressions: KEY.reducesinkkey0 (type: int), 'rewrite' (type: string), VALUE._col0 (type: int)
                outputColumnNames: _col0, _col1, _col2
                Statistics: Num rows: 22 Data size: 2178 Basic stats: COMPLETE Column stats: COMPLETE
                File Output Operator
                  compressed: false
                  Statistics: Num rows: 22 Data size: 2178 Basic stats: COMPLETE Column stats: COMPLETE
                  table:
                      input format: org.apache.hadoop.mapred.SequenceFileInputFormat
                      output format: org.apache.hadoop.hive.ql.io.HiveSequenceFileOutputFormat
                      serde: org.apache.hadoop.hive.serde2.lazy.LazySimpleSerDe
        Reducer 4 
            Execution mode: llap
            Reduce Operator Tree:
              Group By Operator
                aggregations: ds_kll_sketch(VALUE._col0)
                keys: KEY._col0 (type: boolean)
                mode: mergepartial
                outputColumnNames: _col0, _col1
                Statistics: Num rows: 1 Data size: 148 Basic stats: COMPLETE Column stats: COMPLETE
                Select Operator
                  expressions: _col1 (type: binary), ds_kll_n(_col1) (type: bigint)
                  outputColumnNames: _col0, _col1
                  Statistics: Num rows: 1 Data size: 152 Basic stats: COMPLETE Column stats: COMPLETE
                  Reduce Output Operator
                    null sort order: 
                    sort order: 
                    Statistics: Num rows: 1 Data size: 152 Basic stats: COMPLETE Column stats: COMPLETE
                    value expressions: _col0 (type: binary), _col1 (type: bigint)

  Stage: Stage-0
    Fetch Operator
      limit: -1
      Processor Tree:
        ListSink

WARNING: Comparing bigint and double may result in loss of information.
Warning: Shuffle Join MERGEJOIN[17][tables = [$hdt$_0, $hdt$_1]] in Stage 'Reducer 2' is a cross product
PREHOOK: query: select id,'rewrite',rank() over (order by id) from sketch_input order by id
PREHOOK: type: QUERY
PREHOOK: Input: default@sketch_input
#### A masked pattern was here ####
POSTHOOK: query: select id,'rewrite',rank() over (order by id) from sketch_input order by id
POSTHOOK: type: QUERY
POSTHOOK: Input: default@sketch_input
#### A masked pattern was here ####
1	rewrite	1
1	rewrite	1
2	rewrite	3
3	rewrite	4
4	rewrite	5
5	rewrite	6
6	rewrite	7
6	rewrite	7
6	rewrite	7
7	rewrite	10
7	rewrite	10
8	rewrite	12
8	rewrite	12
9	rewrite	14
9	rewrite	14
10	rewrite	16
10	rewrite	16
11	rewrite	18
12	rewrite	19
13	rewrite	20
14	rewrite	21
15	rewrite	22
WARNING: Comparing bigint and double may result in loss of information.
Warning: Shuffle Join MERGEJOIN[21][tables = [$hdt$_0, $hdt$_1]] in Stage 'Reducer 2' is a cross product
PREHOOK: query: explain
select id,'rewrite',count(id) over ()*rank() over (order by id) from sketch_input order by id
PREHOOK: type: QUERY
PREHOOK: Input: default@sketch_input
#### A masked pattern was here ####
POSTHOOK: query: explain
select id,'rewrite',count(id) over ()*rank() over (order by id) from sketch_input order by id
POSTHOOK: type: QUERY
POSTHOOK: Input: default@sketch_input
#### A masked pattern was here ####
STAGE DEPENDENCIES:
  Stage-1 is a root stage
  Stage-0 depends on stages: Stage-1

STAGE PLANS:
  Stage: Stage-1
    Tez
#### A masked pattern was here ####
      Edges:
        Reducer 2 <- Map 1 (XPROD_EDGE), Reducer 5 (XPROD_EDGE)
        Reducer 3 <- Reducer 2 (SIMPLE_EDGE)
        Reducer 4 <- Reducer 3 (SIMPLE_EDGE)
        Reducer 5 <- Map 1 (SIMPLE_EDGE)
#### A masked pattern was here ####
      Vertices:
        Map 1 
            Map Operator Tree:
                TableScan
                  alias: sketch_input
                  Statistics: Num rows: 22 Data size: 88 Basic stats: COMPLETE Column stats: COMPLETE
                  Select Operator
                    expressions: id (type: int), UDFToFloat(COALESCE(UDFToFloat(id),3.4028234663852886E38D)) (type: float)
                    outputColumnNames: _col0, _col1
                    Statistics: Num rows: 22 Data size: 176 Basic stats: COMPLETE Column stats: COMPLETE
                    Reduce Output Operator
                      null sort order: 
                      sort order: 
                      Statistics: Num rows: 22 Data size: 176 Basic stats: COMPLETE Column stats: COMPLETE
                      value expressions: _col0 (type: int), _col1 (type: float)
                  Select Operator
                    expressions: UDFToFloat(id) (type: float)
                    outputColumnNames: _col1
                    Statistics: Num rows: 22 Data size: 88 Basic stats: COMPLETE Column stats: COMPLETE
                    Group By Operator
                      aggregations: ds_kll_sketch(_col1)
                      keys: true (type: boolean)
                      minReductionHashAggr: 0.95454544
                      mode: hash
                      outputColumnNames: _col0, _col1
                      Statistics: Num rows: 1 Data size: 148 Basic stats: COMPLETE Column stats: COMPLETE
                      Reduce Output Operator
                        key expressions: _col0 (type: boolean)
                        null sort order: z
                        sort order: +
                        Map-reduce partition columns: _col0 (type: boolean)
                        Statistics: Num rows: 1 Data size: 148 Basic stats: COMPLETE Column stats: COMPLETE
                        value expressions: _col1 (type: binary)
            Execution mode: llap
            LLAP IO: may be used (ACID table)
        Reducer 2 
            Execution mode: llap
            Reduce Operator Tree:
              Merge Join Operator
                condition map:
                     Inner Join 0 to 1
                keys:
                  0 
                  1 
                outputColumnNames: _col0, _col1, _col2, _col3
                Statistics: Num rows: 22 Data size: 3520 Basic stats: COMPLETE Column stats: COMPLETE
                Reduce Output Operator
                  key expressions: 0 (type: int)
                  null sort order: a
                  sort order: +
                  Map-reduce partition columns: 0 (type: int)
                  Statistics: Num rows: 22 Data size: 3520 Basic stats: COMPLETE Column stats: COMPLETE
                  value expressions: _col0 (type: int), _col1 (type: float), _col2 (type: binary), _col3 (type: bigint)
        Reducer 3 
            Execution mode: vectorized, llap
            Reduce Operator Tree:
              Select Operator
                expressions: VALUE._col0 (type: int), VALUE._col1 (type: float), VALUE._col2 (type: binary), VALUE._col3 (type: bigint)
                outputColumnNames: _col0, _col1, _col2, _col3
                Statistics: Num rows: 22 Data size: 3520 Basic stats: COMPLETE Column stats: COMPLETE
                PTF Operator
                  Function definitions:
                      Input definition
                        input alias: ptf_0
                        output shape: _col0: int, _col1: float, _col2: binary, _col3: bigint
                        type: WINDOWING
                      Windowing table definition
                        input alias: ptf_1
                        name: windowingtablefunction
                        order by: 0 ASC NULLS FIRST
                        partition by: 0
                        raw input shape:
                        window functions:
                            window function definition
                              alias: count_window_0
                              arguments: _col0
                              name: count
                              window function: GenericUDAFCountEvaluator
                              window frame: ROWS PRECEDING(MAX)~FOLLOWING(MAX)
                  Statistics: Num rows: 22 Data size: 3520 Basic stats: COMPLETE Column stats: COMPLETE
                  Select Operator
                    expressions: _col0 (type: int), (count_window_0 * UDFToLong(UDFToInteger(CASE WHEN ((_col3 < (ceil((ds_kll_rank(_col2, _col1) * _col3)) + 1.0D))) THEN (_col3) ELSE ((ceil((ds_kll_rank(_col2, _col1) * _col3)) + 1.0D)) END))) (type: bigint)
                    outputColumnNames: _col0, _col1
                    Statistics: Num rows: 22 Data size: 264 Basic stats: COMPLETE Column stats: COMPLETE
                    Reduce Output Operator
                      key expressions: _col0 (type: int)
                      null sort order: z
                      sort order: +
                      Statistics: Num rows: 22 Data size: 264 Basic stats: COMPLETE Column stats: COMPLETE
                      value expressions: _col1 (type: bigint)
        Reducer 4 
            Execution mode: vectorized, llap
            Reduce Operator Tree:
              Select Operator
                expressions: KEY.reducesinkkey0 (type: int), 'rewrite' (type: string), VALUE._col0 (type: bigint)
                outputColumnNames: _col0, _col1, _col2
                Statistics: Num rows: 22 Data size: 2266 Basic stats: COMPLETE Column stats: COMPLETE
                File Output Operator
                  compressed: false
                  Statistics: Num rows: 22 Data size: 2266 Basic stats: COMPLETE Column stats: COMPLETE
                  table:
                      input format: org.apache.hadoop.mapred.SequenceFileInputFormat
                      output format: org.apache.hadoop.hive.ql.io.HiveSequenceFileOutputFormat
                      serde: org.apache.hadoop.hive.serde2.lazy.LazySimpleSerDe
        Reducer 5 
            Execution mode: llap
            Reduce Operator Tree:
              Group By Operator
                aggregations: ds_kll_sketch(VALUE._col0)
                keys: KEY._col0 (type: boolean)
                mode: mergepartial
                outputColumnNames: _col0, _col1
                Statistics: Num rows: 1 Data size: 148 Basic stats: COMPLETE Column stats: COMPLETE
                Select Operator
                  expressions: _col1 (type: binary), ds_kll_n(_col1) (type: bigint)
                  outputColumnNames: _col0, _col1
                  Statistics: Num rows: 1 Data size: 152 Basic stats: COMPLETE Column stats: COMPLETE
                  Reduce Output Operator
                    null sort order: 
                    sort order: 
                    Statistics: Num rows: 1 Data size: 152 Basic stats: COMPLETE Column stats: COMPLETE
                    value expressions: _col0 (type: binary), _col1 (type: bigint)

  Stage: Stage-0
    Fetch Operator
      limit: -1
      Processor Tree:
        ListSink

WARNING: Comparing bigint and double may result in loss of information.
Warning: Shuffle Join MERGEJOIN[21][tables = [$hdt$_0, $hdt$_1]] in Stage 'Reducer 2' is a cross product
PREHOOK: query: select id,'rewrite',count(id) over ()*rank() over (order by id) from sketch_input order by id
PREHOOK: type: QUERY
PREHOOK: Input: default@sketch_input
#### A masked pattern was here ####
POSTHOOK: query: select id,'rewrite',count(id) over ()*rank() over (order by id) from sketch_input order by id
POSTHOOK: type: QUERY
POSTHOOK: Input: default@sketch_input
#### A masked pattern was here ####
1	rewrite	22
1	rewrite	22
2	rewrite	66
3	rewrite	88
4	rewrite	110
5	rewrite	132
6	rewrite	154
6	rewrite	154
6	rewrite	154
7	rewrite	220
7	rewrite	220
8	rewrite	264
8	rewrite	264
9	rewrite	308
9	rewrite	308
10	rewrite	352
10	rewrite	352
11	rewrite	396
12	rewrite	418
13	rewrite	440
14	rewrite	462
15	rewrite	484
PREHOOK: query: insert into sketch_input values (null,'a'),(null,'b')
PREHOOK: type: QUERY
PREHOOK: Input: _dummy_database@_dummy_table
PREHOOK: Output: default@sketch_input
POSTHOOK: query: insert into sketch_input values (null,'a'),(null,'b')
POSTHOOK: type: QUERY
POSTHOOK: Input: _dummy_database@_dummy_table
POSTHOOK: Output: default@sketch_input
POSTHOOK: Lineage: sketch_input.category SCRIPT []
POSTHOOK: Lineage: sketch_input.id EXPRESSION []
WARNING: Comparing bigint and double may result in loss of information.
Warning: Shuffle Join MERGEJOIN[17][tables = [$hdt$_0, $hdt$_1]] in Stage 'Reducer 2' is a cross product
PREHOOK: query: explain
select id,'rewrite',rank() over (order by id nulls first) from sketch_input order by id nulls first
PREHOOK: type: QUERY
PREHOOK: Input: default@sketch_input
#### A masked pattern was here ####
POSTHOOK: query: explain
select id,'rewrite',rank() over (order by id nulls first) from sketch_input order by id nulls first
POSTHOOK: type: QUERY
POSTHOOK: Input: default@sketch_input
#### A masked pattern was here ####
STAGE DEPENDENCIES:
  Stage-1 is a root stage
  Stage-0 depends on stages: Stage-1

STAGE PLANS:
  Stage: Stage-1
    Tez
#### A masked pattern was here ####
      Edges:
        Reducer 2 <- Map 1 (XPROD_EDGE), Reducer 4 (XPROD_EDGE)
        Reducer 3 <- Reducer 2 (SIMPLE_EDGE)
        Reducer 4 <- Map 1 (SIMPLE_EDGE)
#### A masked pattern was here ####
      Vertices:
        Map 1 
            Map Operator Tree:
                TableScan
                  alias: sketch_input
                  Statistics: Num rows: 24 Data size: 92 Basic stats: COMPLETE Column stats: COMPLETE
                  Select Operator
                    expressions: id (type: int), UDFToFloat(COALESCE(UDFToFloat(id),-3.4028234663852886E38D)) (type: float)
                    outputColumnNames: _col0, _col1
                    Statistics: Num rows: 24 Data size: 188 Basic stats: COMPLETE Column stats: COMPLETE
                    Reduce Output Operator
                      null sort order: 
                      sort order: 
                      Statistics: Num rows: 24 Data size: 188 Basic stats: COMPLETE Column stats: COMPLETE
                      value expressions: _col0 (type: int), _col1 (type: float)
                  Select Operator
                    expressions: UDFToFloat(id) (type: float)
                    outputColumnNames: _col1
                    Statistics: Num rows: 24 Data size: 92 Basic stats: COMPLETE Column stats: COMPLETE
                    Group By Operator
                      aggregations: ds_kll_sketch(_col1)
                      keys: true (type: boolean)
                      minReductionHashAggr: 0.9583333
                      mode: hash
                      outputColumnNames: _col0, _col1
                      Statistics: Num rows: 1 Data size: 148 Basic stats: COMPLETE Column stats: COMPLETE
                      Reduce Output Operator
                        key expressions: _col0 (type: boolean)
                        null sort order: z
                        sort order: +
                        Map-reduce partition columns: _col0 (type: boolean)
                        Statistics: Num rows: 1 Data size: 148 Basic stats: COMPLETE Column stats: COMPLETE
                        value expressions: _col1 (type: binary)
            Execution mode: llap
            LLAP IO: may be used (ACID table)
        Reducer 2 
            Execution mode: llap
            Reduce Operator Tree:
              Merge Join Operator
                condition map:
                     Inner Join 0 to 1
                keys:
                  0 
                  1 
                outputColumnNames: _col0, _col1, _col2, _col3
                Statistics: Num rows: 24 Data size: 3836 Basic stats: COMPLETE Column stats: COMPLETE
                Select Operator
                  expressions: _col0 (type: int), UDFToInteger(CASE WHEN ((_col3 < (ceil((ds_kll_rank(_col2, _col1) * _col3)) + 1.0D))) THEN (_col3) ELSE ((ceil((ds_kll_rank(_col2, _col1) * _col3)) + 1.0D)) END) (type: int)
                  outputColumnNames: _col0, _col1
                  Statistics: Num rows: 24 Data size: 188 Basic stats: COMPLETE Column stats: COMPLETE
                  Reduce Output Operator
                    key expressions: _col0 (type: int)
                    null sort order: a
                    sort order: +
                    Statistics: Num rows: 24 Data size: 188 Basic stats: COMPLETE Column stats: COMPLETE
                    value expressions: _col1 (type: int)
        Reducer 3 
            Execution mode: vectorized, llap
            Reduce Operator Tree:
              Select Operator
                expressions: KEY.reducesinkkey0 (type: int), 'rewrite' (type: string), VALUE._col0 (type: int)
                outputColumnNames: _col0, _col1, _col2
                Statistics: Num rows: 24 Data size: 2372 Basic stats: COMPLETE Column stats: COMPLETE
                File Output Operator
                  compressed: false
                  Statistics: Num rows: 24 Data size: 2372 Basic stats: COMPLETE Column stats: COMPLETE
                  table:
                      input format: org.apache.hadoop.mapred.SequenceFileInputFormat
                      output format: org.apache.hadoop.hive.ql.io.HiveSequenceFileOutputFormat
                      serde: org.apache.hadoop.hive.serde2.lazy.LazySimpleSerDe
        Reducer 4 
            Execution mode: llap
            Reduce Operator Tree:
              Group By Operator
                aggregations: ds_kll_sketch(VALUE._col0)
                keys: KEY._col0 (type: boolean)
                mode: mergepartial
                outputColumnNames: _col0, _col1
                Statistics: Num rows: 1 Data size: 148 Basic stats: COMPLETE Column stats: COMPLETE
                Select Operator
                  expressions: _col1 (type: binary), ds_kll_n(_col1) (type: bigint)
                  outputColumnNames: _col0, _col1
                  Statistics: Num rows: 1 Data size: 152 Basic stats: COMPLETE Column stats: COMPLETE
                  Reduce Output Operator
                    null sort order: 
                    sort order: 
                    Statistics: Num rows: 1 Data size: 152 Basic stats: COMPLETE Column stats: COMPLETE
                    value expressions: _col0 (type: binary), _col1 (type: bigint)

  Stage: Stage-0
    Fetch Operator
      limit: -1
      Processor Tree:
        ListSink

WARNING: Comparing bigint and double may result in loss of information.
Warning: Shuffle Join MERGEJOIN[17][tables = [$hdt$_0, $hdt$_1]] in Stage 'Reducer 2' is a cross product
PREHOOK: query: select id,'rewrite',rank() over (order by id nulls first) from sketch_input order by id nulls first
PREHOOK: type: QUERY
PREHOOK: Input: default@sketch_input
#### A masked pattern was here ####
POSTHOOK: query: select id,'rewrite',rank() over (order by id nulls first) from sketch_input order by id nulls first
POSTHOOK: type: QUERY
POSTHOOK: Input: default@sketch_input
#### A masked pattern was here ####
NULL	rewrite	1
NULL	rewrite	1
1	rewrite	1
1	rewrite	1
2	rewrite	3
3	rewrite	4
4	rewrite	5
5	rewrite	6
6	rewrite	7
6	rewrite	7
6	rewrite	7
7	rewrite	10
7	rewrite	10
8	rewrite	12
8	rewrite	12
9	rewrite	14
9	rewrite	14
10	rewrite	16
10	rewrite	16
11	rewrite	18
12	rewrite	19
13	rewrite	20
14	rewrite	21
15	rewrite	22
WARNING: Comparing bigint and double may result in loss of information.
Warning: Shuffle Join MERGEJOIN[17][tables = [$hdt$_0, $hdt$_1]] in Stage 'Reducer 2' is a cross product
PREHOOK: query: explain
select id,'rewrite',rank() over (order by id nulls last) from sketch_input order by id nulls last
PREHOOK: type: QUERY
PREHOOK: Input: default@sketch_input
#### A masked pattern was here ####
POSTHOOK: query: explain
select id,'rewrite',rank() over (order by id nulls last) from sketch_input order by id nulls last
POSTHOOK: type: QUERY
POSTHOOK: Input: default@sketch_input
#### A masked pattern was here ####
STAGE DEPENDENCIES:
  Stage-1 is a root stage
  Stage-0 depends on stages: Stage-1

STAGE PLANS:
  Stage: Stage-1
    Tez
#### A masked pattern was here ####
      Edges:
        Reducer 2 <- Map 1 (XPROD_EDGE), Reducer 4 (XPROD_EDGE)
        Reducer 3 <- Reducer 2 (SIMPLE_EDGE)
        Reducer 4 <- Map 1 (SIMPLE_EDGE)
#### A masked pattern was here ####
      Vertices:
        Map 1 
            Map Operator Tree:
                TableScan
                  alias: sketch_input
                  Statistics: Num rows: 24 Data size: 92 Basic stats: COMPLETE Column stats: COMPLETE
                  Select Operator
                    expressions: id (type: int), UDFToFloat(COALESCE(UDFToFloat(id),3.4028234663852886E38D)) (type: float)
                    outputColumnNames: _col0, _col1
                    Statistics: Num rows: 24 Data size: 188 Basic stats: COMPLETE Column stats: COMPLETE
                    Reduce Output Operator
                      null sort order: 
                      sort order: 
                      Statistics: Num rows: 24 Data size: 188 Basic stats: COMPLETE Column stats: COMPLETE
                      value expressions: _col0 (type: int), _col1 (type: float)
                  Select Operator
                    expressions: UDFToFloat(id) (type: float)
                    outputColumnNames: _col1
                    Statistics: Num rows: 24 Data size: 92 Basic stats: COMPLETE Column stats: COMPLETE
                    Group By Operator
                      aggregations: ds_kll_sketch(_col1)
                      keys: true (type: boolean)
                      minReductionHashAggr: 0.9583333
                      mode: hash
                      outputColumnNames: _col0, _col1
                      Statistics: Num rows: 1 Data size: 148 Basic stats: COMPLETE Column stats: COMPLETE
                      Reduce Output Operator
                        key expressions: _col0 (type: boolean)
                        null sort order: z
                        sort order: +
                        Map-reduce partition columns: _col0 (type: boolean)
                        Statistics: Num rows: 1 Data size: 148 Basic stats: COMPLETE Column stats: COMPLETE
                        value expressions: _col1 (type: binary)
            Execution mode: llap
            LLAP IO: may be used (ACID table)
        Reducer 2 
            Execution mode: llap
            Reduce Operator Tree:
              Merge Join Operator
                condition map:
                     Inner Join 0 to 1
                keys:
                  0 
                  1 
                outputColumnNames: _col0, _col1, _col2, _col3
                Statistics: Num rows: 24 Data size: 3836 Basic stats: COMPLETE Column stats: COMPLETE
                Select Operator
                  expressions: _col0 (type: int), UDFToInteger(CASE WHEN ((_col3 < (ceil((ds_kll_rank(_col2, _col1) * _col3)) + 1.0D))) THEN (_col3) ELSE ((ceil((ds_kll_rank(_col2, _col1) * _col3)) + 1.0D)) END) (type: int)
                  outputColumnNames: _col0, _col1
                  Statistics: Num rows: 24 Data size: 188 Basic stats: COMPLETE Column stats: COMPLETE
                  Reduce Output Operator
                    key expressions: _col0 (type: int)
                    null sort order: z
                    sort order: +
                    Statistics: Num rows: 24 Data size: 188 Basic stats: COMPLETE Column stats: COMPLETE
                    value expressions: _col1 (type: int)
        Reducer 3 
            Execution mode: vectorized, llap
            Reduce Operator Tree:
              Select Operator
                expressions: KEY.reducesinkkey0 (type: int), 'rewrite' (type: string), VALUE._col0 (type: int)
                outputColumnNames: _col0, _col1, _col2
                Statistics: Num rows: 24 Data size: 2372 Basic stats: COMPLETE Column stats: COMPLETE
                File Output Operator
                  compressed: false
                  Statistics: Num rows: 24 Data size: 2372 Basic stats: COMPLETE Column stats: COMPLETE
                  table:
                      input format: org.apache.hadoop.mapred.SequenceFileInputFormat
                      output format: org.apache.hadoop.hive.ql.io.HiveSequenceFileOutputFormat
                      serde: org.apache.hadoop.hive.serde2.lazy.LazySimpleSerDe
        Reducer 4 
            Execution mode: llap
            Reduce Operator Tree:
              Group By Operator
                aggregations: ds_kll_sketch(VALUE._col0)
                keys: KEY._col0 (type: boolean)
                mode: mergepartial
                outputColumnNames: _col0, _col1
                Statistics: Num rows: 1 Data size: 148 Basic stats: COMPLETE Column stats: COMPLETE
                Select Operator
                  expressions: _col1 (type: binary), ds_kll_n(_col1) (type: bigint)
                  outputColumnNames: _col0, _col1
                  Statistics: Num rows: 1 Data size: 152 Basic stats: COMPLETE Column stats: COMPLETE
                  Reduce Output Operator
                    null sort order: 
                    sort order: 
                    Statistics: Num rows: 1 Data size: 152 Basic stats: COMPLETE Column stats: COMPLETE
                    value expressions: _col0 (type: binary), _col1 (type: bigint)

  Stage: Stage-0
    Fetch Operator
      limit: -1
      Processor Tree:
        ListSink

WARNING: Comparing bigint and double may result in loss of information.
Warning: Shuffle Join MERGEJOIN[17][tables = [$hdt$_0, $hdt$_1]] in Stage 'Reducer 2' is a cross product
PREHOOK: query: select id,'rewrite',rank() over (order by id nulls last) from sketch_input order by id nulls last
PREHOOK: type: QUERY
PREHOOK: Input: default@sketch_input
#### A masked pattern was here ####
POSTHOOK: query: select id,'rewrite',rank() over (order by id nulls last) from sketch_input order by id nulls last
POSTHOOK: type: QUERY
POSTHOOK: Input: default@sketch_input
#### A masked pattern was here ####
1	rewrite	1
1	rewrite	1
2	rewrite	3
3	rewrite	4
4	rewrite	5
5	rewrite	6
6	rewrite	7
6	rewrite	7
6	rewrite	7
7	rewrite	10
7	rewrite	10
8	rewrite	12
8	rewrite	12
9	rewrite	14
9	rewrite	14
10	rewrite	16
10	rewrite	16
11	rewrite	18
12	rewrite	19
13	rewrite	20
14	rewrite	21
15	rewrite	22
NULL	rewrite	22
NULL	rewrite	22
WARNING: Comparing bigint and double may result in loss of information.
Warning: Shuffle Join MERGEJOIN[16][tables = [$hdt$_0, $hdt$_1]] in Stage 'Reducer 2' is a cross product
PREHOOK: query: select id,rank() over (order by id) from sketch_input order by id
PREHOOK: type: QUERY
PREHOOK: Input: default@sketch_input
#### A masked pattern was here ####
POSTHOOK: query: select id,rank() over (order by id) from sketch_input order by id
POSTHOOK: type: QUERY
POSTHOOK: Input: default@sketch_input
#### A masked pattern was here ####
1	1
1	1
2	3
3	4
4	5
5	6
6	7
6	7
6	7
7	10
7	10
8	12
8	12
9	14
9	14
10	16
10	16
11	18
12	19
13	20
14	21
15	22
NULL	22
NULL	22
