PREHOOK: query: create table sketch_input (id int, category char(1))
STORED AS ORC
TBLPROPERTIES ('transactional'='true')
PREHOOK: type: CREATETABLE
PREHOOK: Output: database:default
PREHOOK: Output: default@sketch_input
POSTHOOK: query: create table sketch_input (id int, category char(1))
STORED AS ORC
TBLPROPERTIES ('transactional'='true')
POSTHOOK: type: CREATETABLE
POSTHOOK: Output: database:default
POSTHOOK: Output: default@sketch_input
PREHOOK: query: insert into table sketch_input values
  (1,'a'),(1, 'a'), (2, 'a'), (3, 'a'), (4, 'a'), (5, 'a'), (6, 'a'), (7, 'a'), (8, 'a'), (9, 'a'), (10, 'a'),
  (6,'b'),(6, 'b'), (7, 'b'), (8, 'b'), (9, 'b'), (10, 'b'), (11, 'b'), (12, 'b'), (13, 'b'), (14, 'b'), (15, 'b')
PREHOOK: type: QUERY
PREHOOK: Input: _dummy_database@_dummy_table
PREHOOK: Output: default@sketch_input
POSTHOOK: query: insert into table sketch_input values
  (1,'a'),(1, 'a'), (2, 'a'), (3, 'a'), (4, 'a'), (5, 'a'), (6, 'a'), (7, 'a'), (8, 'a'), (9, 'a'), (10, 'a'),
  (6,'b'),(6, 'b'), (7, 'b'), (8, 'b'), (9, 'b'), (10, 'b'), (11, 'b'), (12, 'b'), (13, 'b'), (14, 'b'), (15, 'b')
POSTHOOK: type: QUERY
POSTHOOK: Input: _dummy_database@_dummy_table
POSTHOOK: Output: default@sketch_input
POSTHOOK: Lineage: sketch_input.category SCRIPT []
POSTHOOK: Lineage: sketch_input.id SCRIPT []
PREHOOK: query: select id,cume_dist() over (order by id) from sketch_input
PREHOOK: type: QUERY
PREHOOK: Input: default@sketch_input
#### A masked pattern was here ####
POSTHOOK: query: select id,cume_dist() over (order by id) from sketch_input
POSTHOOK: type: QUERY
POSTHOOK: Input: default@sketch_input
#### A masked pattern was here ####
1	0.09090909090909091
1	0.09090909090909091
2	0.13636363636363635
3	0.18181818181818182
4	0.22727272727272727
5	0.2727272727272727
6	0.4090909090909091
6	0.4090909090909091
6	0.4090909090909091
7	0.5
7	0.5
8	0.5909090909090909
8	0.5909090909090909
9	0.6818181818181818
9	0.6818181818181818
10	0.7727272727272727
10	0.7727272727272727
11	0.8181818181818182
12	0.8636363636363636
13	0.9090909090909091
14	0.9545454545454546
15	1.0
Warning: Shuffle Join MERGEJOIN[20][tables = [$hdt$_0, $hdt$_1]] in Stage 'Reducer 2' is a cross product
PREHOOK: query: select id,cume_dist() over (order by id),ds_kll_cdf(ds, CAST(id AS FLOAT) )[0]
from sketch_input
join ( select ds_kll_sketch(cast(id as float)) as ds from sketch_input ) q
order by id
PREHOOK: type: QUERY
PREHOOK: Input: default@sketch_input
#### A masked pattern was here ####
POSTHOOK: query: select id,cume_dist() over (order by id),ds_kll_cdf(ds, CAST(id AS FLOAT) )[0]
from sketch_input
join ( select ds_kll_sketch(cast(id as float)) as ds from sketch_input ) q
order by id
POSTHOOK: type: QUERY
POSTHOOK: Input: default@sketch_input
#### A masked pattern was here ####
1	0.09090909090909091	0.0
1	0.09090909090909091	0.0
2	0.13636363636363635	0.09090909090909091
3	0.18181818181818182	0.13636363636363635
4	0.22727272727272727	0.18181818181818182
5	0.2727272727272727	0.22727272727272727
6	0.4090909090909091	0.2727272727272727
6	0.4090909090909091	0.2727272727272727
6	0.4090909090909091	0.2727272727272727
7	0.5	0.4090909090909091
7	0.5	0.4090909090909091
8	0.5909090909090909	0.5
8	0.5909090909090909	0.5
9	0.6818181818181818	0.5909090909090909
9	0.6818181818181818	0.5909090909090909
10	0.7727272727272727	0.6818181818181818
10	0.7727272727272727	0.6818181818181818
11	0.8181818181818182	0.7727272727272727
12	0.8636363636363636	0.8181818181818182
13	0.9090909090909091	0.8636363636363636
14	0.9545454545454546	0.9090909090909091
15	1.0	0.9545454545454546
Warning: Shuffle Join MERGEJOIN[17][tables = [$hdt$_0, $hdt$_1]] in Stage 'Reducer 2' is a cross product
PREHOOK: query: explain
select id,'rewrite',cume_dist() over (order by id) from sketch_input order by id
PREHOOK: type: QUERY
PREHOOK: Input: default@sketch_input
#### A masked pattern was here ####
POSTHOOK: query: explain
select id,'rewrite',cume_dist() over (order by id) from sketch_input order by id
POSTHOOK: type: QUERY
POSTHOOK: Input: default@sketch_input
#### A masked pattern was here ####
STAGE DEPENDENCIES:
  Stage-1 is a root stage
  Stage-0 depends on stages: Stage-1

STAGE PLANS:
  Stage: Stage-1
    Tez
#### A masked pattern was here ####
      Edges:
        Reducer 2 <- Map 1 (XPROD_EDGE), Reducer 4 (XPROD_EDGE)
        Reducer 3 <- Reducer 2 (SIMPLE_EDGE)
        Reducer 4 <- Map 1 (SIMPLE_EDGE)
#### A masked pattern was here ####
      Vertices:
        Map 1 
            Map Operator Tree:
                TableScan
                  alias: sketch_input
                  Statistics: Num rows: 22 Data size: 88 Basic stats: COMPLETE Column stats: COMPLETE
                  Select Operator
                    expressions: id (type: int), UDFToFloat(COALESCE(UDFToFloat(id),3.4028234663852886E38D)) (type: float)
                    outputColumnNames: _col0, _col1
                    Statistics: Num rows: 22 Data size: 176 Basic stats: COMPLETE Column stats: COMPLETE
                    Reduce Output Operator
                      null sort order: 
                      sort order: 
                      Statistics: Num rows: 22 Data size: 176 Basic stats: COMPLETE Column stats: COMPLETE
                      value expressions: _col0 (type: int), _col1 (type: float)
                  Select Operator
                    expressions: UDFToFloat(id) (type: float)
                    outputColumnNames: _col1
                    Statistics: Num rows: 22 Data size: 88 Basic stats: COMPLETE Column stats: COMPLETE
                    Group By Operator
                      aggregations: ds_kll_sketch(_col1)
                      keys: true (type: boolean)
                      minReductionHashAggr: 0.95454544
                      mode: hash
                      outputColumnNames: _col0, _col1
                      Statistics: Num rows: 1 Data size: 148 Basic stats: COMPLETE Column stats: COMPLETE
                      Reduce Output Operator
                        key expressions: _col0 (type: boolean)
                        null sort order: z
                        sort order: +
                        Map-reduce partition columns: _col0 (type: boolean)
                        Statistics: Num rows: 1 Data size: 148 Basic stats: COMPLETE Column stats: COMPLETE
                        value expressions: _col1 (type: binary)
            Execution mode: llap
            LLAP IO: may be used (ACID table)
        Reducer 2 
            Execution mode: llap
            Reduce Operator Tree:
              Merge Join Operator
                condition map:
                     Inner Join 0 to 1
                keys:
                  0 
                  1 
                outputColumnNames: _col0, _col1, _col2
                Statistics: Num rows: 22 Data size: 3344 Basic stats: COMPLETE Column stats: COMPLETE
                Select Operator
                  expressions: _col0 (type: int), ds_kll_rank(_col2, _col1) (type: double)
                  outputColumnNames: _col0, _col1
                  Statistics: Num rows: 22 Data size: 264 Basic stats: COMPLETE Column stats: COMPLETE
                  Reduce Output Operator
                    key expressions: _col0 (type: int)
                    null sort order: z
                    sort order: +
                    Statistics: Num rows: 22 Data size: 264 Basic stats: COMPLETE Column stats: COMPLETE
                    value expressions: _col1 (type: double)
        Reducer 3 
            Execution mode: vectorized, llap
            Reduce Operator Tree:
              Select Operator
                expressions: KEY.reducesinkkey0 (type: int), 'rewrite' (type: string), VALUE._col0 (type: double)
                outputColumnNames: _col0, _col1, _col2
                Statistics: Num rows: 22 Data size: 2266 Basic stats: COMPLETE Column stats: COMPLETE
                File Output Operator
                  compressed: false
                  Statistics: Num rows: 22 Data size: 2266 Basic stats: COMPLETE Column stats: COMPLETE
                  table:
                      input format: org.apache.hadoop.mapred.SequenceFileInputFormat
                      output format: org.apache.hadoop.hive.ql.io.HiveSequenceFileOutputFormat
                      serde: org.apache.hadoop.hive.serde2.lazy.LazySimpleSerDe
        Reducer 4 
            Execution mode: llap
            Reduce Operator Tree:
              Group By Operator
                aggregations: ds_kll_sketch(VALUE._col0)
                keys: KEY._col0 (type: boolean)
                mode: mergepartial
                outputColumnNames: _col0, _col1
                Statistics: Num rows: 1 Data size: 148 Basic stats: COMPLETE Column stats: COMPLETE
                Select Operator
                  expressions: _col1 (type: binary)
                  outputColumnNames: _col0
                  Statistics: Num rows: 1 Data size: 144 Basic stats: COMPLETE Column stats: COMPLETE
                  Reduce Output Operator
                    null sort order: 
                    sort order: 
                    Statistics: Num rows: 1 Data size: 144 Basic stats: COMPLETE Column stats: COMPLETE
                    value expressions: _col0 (type: binary)

  Stage: Stage-0
    Fetch Operator
      limit: -1
      Processor Tree:
        ListSink

Warning: Shuffle Join MERGEJOIN[17][tables = [$hdt$_0, $hdt$_1]] in Stage 'Reducer 2' is a cross product
PREHOOK: query: select id,'rewrite',cume_dist() over (order by id) from sketch_input order by id
PREHOOK: type: QUERY
PREHOOK: Input: default@sketch_input
#### A masked pattern was here ####
POSTHOOK: query: select id,'rewrite',cume_dist() over (order by id) from sketch_input order by id
POSTHOOK: type: QUERY
POSTHOOK: Input: default@sketch_input
#### A masked pattern was here ####
1	rewrite	0.0
1	rewrite	0.0
2	rewrite	0.09090909090909091
3	rewrite	0.13636363636363635
4	rewrite	0.18181818181818182
5	rewrite	0.22727272727272727
6	rewrite	0.2727272727272727
6	rewrite	0.2727272727272727
6	rewrite	0.2727272727272727
7	rewrite	0.4090909090909091
7	rewrite	0.4090909090909091
8	rewrite	0.5
8	rewrite	0.5
9	rewrite	0.5909090909090909
9	rewrite	0.5909090909090909
10	rewrite	0.6818181818181818
10	rewrite	0.6818181818181818
11	rewrite	0.7727272727272727
12	rewrite	0.8181818181818182
13	rewrite	0.8636363636363636
14	rewrite	0.9090909090909091
15	rewrite	0.9545454545454546
Warning: Shuffle Join MERGEJOIN[21][tables = [$hdt$_0, $hdt$_1]] in Stage 'Reducer 2' is a cross product
PREHOOK: query: explain
select id,'rewrite',count(id) over ()*cume_dist() over (order by id) from sketch_input order by id
PREHOOK: type: QUERY
PREHOOK: Input: default@sketch_input
#### A masked pattern was here ####
POSTHOOK: query: explain
select id,'rewrite',count(id) over ()*cume_dist() over (order by id) from sketch_input order by id
POSTHOOK: type: QUERY
POSTHOOK: Input: default@sketch_input
#### A masked pattern was here ####
STAGE DEPENDENCIES:
  Stage-1 is a root stage
  Stage-0 depends on stages: Stage-1

STAGE PLANS:
  Stage: Stage-1
    Tez
#### A masked pattern was here ####
      Edges:
        Reducer 2 <- Map 1 (XPROD_EDGE), Reducer 5 (XPROD_EDGE)
        Reducer 3 <- Reducer 2 (SIMPLE_EDGE)
        Reducer 4 <- Reducer 3 (SIMPLE_EDGE)
        Reducer 5 <- Map 1 (SIMPLE_EDGE)
#### A masked pattern was here ####
      Vertices:
        Map 1 
            Map Operator Tree:
                TableScan
                  alias: sketch_input
                  Statistics: Num rows: 22 Data size: 88 Basic stats: COMPLETE Column stats: COMPLETE
                  Select Operator
                    expressions: id (type: int), UDFToFloat(COALESCE(UDFToFloat(id),3.4028234663852886E38D)) (type: float)
                    outputColumnNames: _col0, _col1
                    Statistics: Num rows: 22 Data size: 176 Basic stats: COMPLETE Column stats: COMPLETE
                    Reduce Output Operator
                      null sort order: 
                      sort order: 
                      Statistics: Num rows: 22 Data size: 176 Basic stats: COMPLETE Column stats: COMPLETE
                      value expressions: _col0 (type: int), _col1 (type: float)
                  Select Operator
                    expressions: UDFToFloat(id) (type: float)
                    outputColumnNames: _col1
                    Statistics: Num rows: 22 Data size: 88 Basic stats: COMPLETE Column stats: COMPLETE
                    Group By Operator
                      aggregations: ds_kll_sketch(_col1)
                      keys: true (type: boolean)
                      minReductionHashAggr: 0.95454544
                      mode: hash
                      outputColumnNames: _col0, _col1
                      Statistics: Num rows: 1 Data size: 148 Basic stats: COMPLETE Column stats: COMPLETE
                      Reduce Output Operator
                        key expressions: _col0 (type: boolean)
                        null sort order: z
                        sort order: +
                        Map-reduce partition columns: _col0 (type: boolean)
                        Statistics: Num rows: 1 Data size: 148 Basic stats: COMPLETE Column stats: COMPLETE
                        value expressions: _col1 (type: binary)
            Execution mode: llap
            LLAP IO: may be used (ACID table)
        Reducer 2 
            Execution mode: llap
            Reduce Operator Tree:
              Merge Join Operator
                condition map:
                     Inner Join 0 to 1
                keys:
                  0 
                  1 
                outputColumnNames: _col0, _col1, _col2
                Statistics: Num rows: 22 Data size: 3344 Basic stats: COMPLETE Column stats: COMPLETE
                Reduce Output Operator
                  key expressions: 0 (type: int)
                  null sort order: a
                  sort order: +
                  Map-reduce partition columns: 0 (type: int)
                  Statistics: Num rows: 22 Data size: 3344 Basic stats: COMPLETE Column stats: COMPLETE
                  value expressions: _col0 (type: int), _col1 (type: float), _col2 (type: binary)
        Reducer 3 
            Execution mode: vectorized, llap
            Reduce Operator Tree:
              Select Operator
                expressions: VALUE._col0 (type: int), VALUE._col1 (type: float), VALUE._col2 (type: binary)
                outputColumnNames: _col0, _col1, _col2
                Statistics: Num rows: 22 Data size: 3344 Basic stats: COMPLETE Column stats: COMPLETE
                PTF Operator
                  Function definitions:
                      Input definition
                        input alias: ptf_0
                        output shape: _col0: int, _col1: float, _col2: binary
                        type: WINDOWING
                      Windowing table definition
                        input alias: ptf_1
                        name: windowingtablefunction
                        order by: 0 ASC NULLS FIRST
                        partition by: 0
                        raw input shape:
                        window functions:
                            window function definition
                              alias: count_window_0
                              arguments: _col0
                              name: count
                              window function: GenericUDAFCountEvaluator
                              window frame: ROWS PRECEDING(MAX)~FOLLOWING(MAX)
                  Statistics: Num rows: 22 Data size: 3344 Basic stats: COMPLETE Column stats: COMPLETE
                  Select Operator
                    expressions: _col0 (type: int), (UDFToDouble(count_window_0) * ds_kll_rank(_col2, _col1)) (type: double)
                    outputColumnNames: _col0, _col1
                    Statistics: Num rows: 22 Data size: 264 Basic stats: COMPLETE Column stats: COMPLETE
                    Reduce Output Operator
                      key expressions: _col0 (type: int)
                      null sort order: z
                      sort order: +
                      Statistics: Num rows: 22 Data size: 264 Basic stats: COMPLETE Column stats: COMPLETE
                      value expressions: _col1 (type: double)
        Reducer 4 
            Execution mode: vectorized, llap
            Reduce Operator Tree:
              Select Operator
                expressions: KEY.reducesinkkey0 (type: int), 'rewrite' (type: string), VALUE._col0 (type: double)
                outputColumnNames: _col0, _col1, _col2
                Statistics: Num rows: 22 Data size: 2266 Basic stats: COMPLETE Column stats: COMPLETE
                File Output Operator
                  compressed: false
                  Statistics: Num rows: 22 Data size: 2266 Basic stats: COMPLETE Column stats: COMPLETE
                  table:
                      input format: org.apache.hadoop.mapred.SequenceFileInputFormat
                      output format: org.apache.hadoop.hive.ql.io.HiveSequenceFileOutputFormat
                      serde: org.apache.hadoop.hive.serde2.lazy.LazySimpleSerDe
        Reducer 5 
            Execution mode: llap
            Reduce Operator Tree:
              Group By Operator
                aggregations: ds_kll_sketch(VALUE._col0)
                keys: KEY._col0 (type: boolean)
                mode: mergepartial
                outputColumnNames: _col0, _col1
                Statistics: Num rows: 1 Data size: 148 Basic stats: COMPLETE Column stats: COMPLETE
                Select Operator
                  expressions: _col1 (type: binary)
                  outputColumnNames: _col0
                  Statistics: Num rows: 1 Data size: 144 Basic stats: COMPLETE Column stats: COMPLETE
                  Reduce Output Operator
                    null sort order: 
                    sort order: 
                    Statistics: Num rows: 1 Data size: 144 Basic stats: COMPLETE Column stats: COMPLETE
                    value expressions: _col0 (type: binary)

  Stage: Stage-0
    Fetch Operator
      limit: -1
      Processor Tree:
        ListSink

Warning: Shuffle Join MERGEJOIN[21][tables = [$hdt$_0, $hdt$_1]] in Stage 'Reducer 2' is a cross product
PREHOOK: query: select id,'rewrite',count(id) over ()*cume_dist() over (order by id) from sketch_input order by id
PREHOOK: type: QUERY
PREHOOK: Input: default@sketch_input
#### A masked pattern was here ####
POSTHOOK: query: select id,'rewrite',count(id) over ()*cume_dist() over (order by id) from sketch_input order by id
POSTHOOK: type: QUERY
POSTHOOK: Input: default@sketch_input
#### A masked pattern was here ####
1	rewrite	0.0
1	rewrite	0.0
2	rewrite	2.0
3	rewrite	3.0
4	rewrite	4.0
5	rewrite	5.0
6	rewrite	6.0
6	rewrite	6.0
6	rewrite	6.0
7	rewrite	9.0
7	rewrite	9.0
8	rewrite	11.0
8	rewrite	11.0
9	rewrite	13.0
9	rewrite	13.0
10	rewrite	14.999999999999998
10	rewrite	14.999999999999998
11	rewrite	17.0
12	rewrite	18.0
13	rewrite	19.0
14	rewrite	20.0
15	rewrite	21.0
PREHOOK: query: insert into sketch_input values (null,'a'),(null,'b')
PREHOOK: type: QUERY
PREHOOK: Input: _dummy_database@_dummy_table
PREHOOK: Output: default@sketch_input
POSTHOOK: query: insert into sketch_input values (null,'a'),(null,'b')
POSTHOOK: type: QUERY
POSTHOOK: Input: _dummy_database@_dummy_table
POSTHOOK: Output: default@sketch_input
POSTHOOK: Lineage: sketch_input.category SCRIPT []
POSTHOOK: Lineage: sketch_input.id EXPRESSION []
Warning: Shuffle Join MERGEJOIN[17][tables = [$hdt$_0, $hdt$_1]] in Stage 'Reducer 2' is a cross product
PREHOOK: query: explain
select id,'rewrite',cume_dist() over (order by id nulls first) from sketch_input order by id nulls first
PREHOOK: type: QUERY
PREHOOK: Input: default@sketch_input
#### A masked pattern was here ####
POSTHOOK: query: explain
select id,'rewrite',cume_dist() over (order by id nulls first) from sketch_input order by id nulls first
POSTHOOK: type: QUERY
POSTHOOK: Input: default@sketch_input
#### A masked pattern was here ####
STAGE DEPENDENCIES:
  Stage-1 is a root stage
  Stage-0 depends on stages: Stage-1

STAGE PLANS:
  Stage: Stage-1
    Tez
#### A masked pattern was here ####
      Edges:
        Reducer 2 <- Map 1 (XPROD_EDGE), Reducer 4 (XPROD_EDGE)
        Reducer 3 <- Reducer 2 (SIMPLE_EDGE)
        Reducer 4 <- Map 1 (SIMPLE_EDGE)
#### A masked pattern was here ####
      Vertices:
        Map 1 
            Map Operator Tree:
                TableScan
                  alias: sketch_input
                  Statistics: Num rows: 24 Data size: 92 Basic stats: COMPLETE Column stats: COMPLETE
                  Select Operator
                    expressions: id (type: int), UDFToFloat(COALESCE(UDFToFloat(id),-3.4028234663852886E38D)) (type: float)
                    outputColumnNames: _col0, _col1
                    Statistics: Num rows: 24 Data size: 188 Basic stats: COMPLETE Column stats: COMPLETE
                    Reduce Output Operator
                      null sort order: 
                      sort order: 
                      Statistics: Num rows: 24 Data size: 188 Basic stats: COMPLETE Column stats: COMPLETE
                      value expressions: _col0 (type: int), _col1 (type: float)
                  Select Operator
                    expressions: UDFToFloat(id) (type: float)
                    outputColumnNames: _col1
                    Statistics: Num rows: 24 Data size: 92 Basic stats: COMPLETE Column stats: COMPLETE
                    Group By Operator
                      aggregations: ds_kll_sketch(_col1)
                      keys: true (type: boolean)
                      minReductionHashAggr: 0.9583333
                      mode: hash
                      outputColumnNames: _col0, _col1
                      Statistics: Num rows: 1 Data size: 148 Basic stats: COMPLETE Column stats: COMPLETE
                      Reduce Output Operator
                        key expressions: _col0 (type: boolean)
                        null sort order: z
                        sort order: +
                        Map-reduce partition columns: _col0 (type: boolean)
                        Statistics: Num rows: 1 Data size: 148 Basic stats: COMPLETE Column stats: COMPLETE
                        value expressions: _col1 (type: binary)
            Execution mode: llap
            LLAP IO: may be used (ACID table)
        Reducer 2 
            Execution mode: llap
            Reduce Operator Tree:
              Merge Join Operator
                condition map:
                     Inner Join 0 to 1
                keys:
                  0 
                  1 
                outputColumnNames: _col0, _col1, _col2
                Statistics: Num rows: 24 Data size: 3644 Basic stats: COMPLETE Column stats: COMPLETE
                Select Operator
                  expressions: _col0 (type: int), ds_kll_rank(_col2, _col1) (type: double)
                  outputColumnNames: _col0, _col1
                  Statistics: Num rows: 24 Data size: 284 Basic stats: COMPLETE Column stats: COMPLETE
                  Reduce Output Operator
                    key expressions: _col0 (type: int)
                    null sort order: a
                    sort order: +
                    Statistics: Num rows: 24 Data size: 284 Basic stats: COMPLETE Column stats: COMPLETE
                    value expressions: _col1 (type: double)
        Reducer 3 
            Execution mode: vectorized, llap
            Reduce Operator Tree:
              Select Operator
                expressions: KEY.reducesinkkey0 (type: int), 'rewrite' (type: string), VALUE._col0 (type: double)
                outputColumnNames: _col0, _col1, _col2
                Statistics: Num rows: 24 Data size: 2468 Basic stats: COMPLETE Column stats: COMPLETE
                File Output Operator
                  compressed: false
                  Statistics: Num rows: 24 Data size: 2468 Basic stats: COMPLETE Column stats: COMPLETE
                  table:
                      input format: org.apache.hadoop.mapred.SequenceFileInputFormat
                      output format: org.apache.hadoop.hive.ql.io.HiveSequenceFileOutputFormat
                      serde: org.apache.hadoop.hive.serde2.lazy.LazySimpleSerDe
        Reducer 4 
            Execution mode: llap
            Reduce Operator Tree:
              Group By Operator
                aggregations: ds_kll_sketch(VALUE._col0)
                keys: KEY._col0 (type: boolean)
                mode: mergepartial
                outputColumnNames: _col0, _col1
                Statistics: Num rows: 1 Data size: 148 Basic stats: COMPLETE Column stats: COMPLETE
                Select Operator
                  expressions: _col1 (type: binary)
                  outputColumnNames: _col0
                  Statistics: Num rows: 1 Data size: 144 Basic stats: COMPLETE Column stats: COMPLETE
                  Reduce Output Operator
                    null sort order: 
                    sort order: 
                    Statistics: Num rows: 1 Data size: 144 Basic stats: COMPLETE Column stats: COMPLETE
                    value expressions: _col0 (type: binary)

  Stage: Stage-0
    Fetch Operator
      limit: -1
      Processor Tree:
        ListSink

Warning: Shuffle Join MERGEJOIN[17][tables = [$hdt$_0, $hdt$_1]] in Stage 'Reducer 2' is a cross product
PREHOOK: query: select id,'rewrite',cume_dist() over (order by id nulls first) from sketch_input order by id nulls first
PREHOOK: type: QUERY
PREHOOK: Input: default@sketch_input
#### A masked pattern was here ####
POSTHOOK: query: select id,'rewrite',cume_dist() over (order by id nulls first) from sketch_input order by id nulls first
POSTHOOK: type: QUERY
POSTHOOK: Input: default@sketch_input
#### A masked pattern was here ####
NULL	rewrite	0.0
NULL	rewrite	0.0
1	rewrite	0.0
1	rewrite	0.0
2	rewrite	0.09090909090909091
3	rewrite	0.13636363636363635
4	rewrite	0.18181818181818182
5	rewrite	0.22727272727272727
6	rewrite	0.2727272727272727
6	rewrite	0.2727272727272727
6	rewrite	0.2727272727272727
7	rewrite	0.4090909090909091
7	rewrite	0.4090909090909091
8	rewrite	0.5
8	rewrite	0.5
9	rewrite	0.5909090909090909
9	rewrite	0.5909090909090909
10	rewrite	0.6818181818181818
10	rewrite	0.6818181818181818
11	rewrite	0.7727272727272727
12	rewrite	0.8181818181818182
13	rewrite	0.8636363636363636
14	rewrite	0.9090909090909091
15	rewrite	0.9545454545454546
Warning: Shuffle Join MERGEJOIN[17][tables = [$hdt$_0, $hdt$_1]] in Stage 'Reducer 2' is a cross product
PREHOOK: query: explain
select id,'rewrite',cume_dist() over (order by id nulls last) from sketch_input order by id nulls last
PREHOOK: type: QUERY
PREHOOK: Input: default@sketch_input
#### A masked pattern was here ####
POSTHOOK: query: explain
select id,'rewrite',cume_dist() over (order by id nulls last) from sketch_input order by id nulls last
POSTHOOK: type: QUERY
POSTHOOK: Input: default@sketch_input
#### A masked pattern was here ####
STAGE DEPENDENCIES:
  Stage-1 is a root stage
  Stage-0 depends on stages: Stage-1

STAGE PLANS:
  Stage: Stage-1
    Tez
#### A masked pattern was here ####
      Edges:
        Reducer 2 <- Map 1 (XPROD_EDGE), Reducer 4 (XPROD_EDGE)
        Reducer 3 <- Reducer 2 (SIMPLE_EDGE)
        Reducer 4 <- Map 1 (SIMPLE_EDGE)
#### A masked pattern was here ####
      Vertices:
        Map 1 
            Map Operator Tree:
                TableScan
                  alias: sketch_input
                  Statistics: Num rows: 24 Data size: 92 Basic stats: COMPLETE Column stats: COMPLETE
                  Select Operator
                    expressions: id (type: int), UDFToFloat(COALESCE(UDFToFloat(id),3.4028234663852886E38D)) (type: float)
                    outputColumnNames: _col0, _col1
                    Statistics: Num rows: 24 Data size: 188 Basic stats: COMPLETE Column stats: COMPLETE
                    Reduce Output Operator
                      null sort order: 
                      sort order: 
                      Statistics: Num rows: 24 Data size: 188 Basic stats: COMPLETE Column stats: COMPLETE
                      value expressions: _col0 (type: int), _col1 (type: float)
                  Select Operator
                    expressions: UDFToFloat(id) (type: float)
                    outputColumnNames: _col1
                    Statistics: Num rows: 24 Data size: 92 Basic stats: COMPLETE Column stats: COMPLETE
                    Group By Operator
                      aggregations: ds_kll_sketch(_col1)
                      keys: true (type: boolean)
                      minReductionHashAggr: 0.9583333
                      mode: hash
                      outputColumnNames: _col0, _col1
                      Statistics: Num rows: 1 Data size: 148 Basic stats: COMPLETE Column stats: COMPLETE
                      Reduce Output Operator
                        key expressions: _col0 (type: boolean)
                        null sort order: z
                        sort order: +
                        Map-reduce partition columns: _col0 (type: boolean)
                        Statistics: Num rows: 1 Data size: 148 Basic stats: COMPLETE Column stats: COMPLETE
                        value expressions: _col1 (type: binary)
            Execution mode: llap
            LLAP IO: may be used (ACID table)
        Reducer 2 
            Execution mode: llap
            Reduce Operator Tree:
              Merge Join Operator
                condition map:
                     Inner Join 0 to 1
                keys:
                  0 
                  1 
                outputColumnNames: _col0, _col1, _col2
                Statistics: Num rows: 24 Data size: 3644 Basic stats: COMPLETE Column stats: COMPLETE
                Select Operator
                  expressions: _col0 (type: int), ds_kll_rank(_col2, _col1) (type: double)
                  outputColumnNames: _col0, _col1
                  Statistics: Num rows: 24 Data size: 284 Basic stats: COMPLETE Column stats: COMPLETE
                  Reduce Output Operator
                    key expressions: _col0 (type: int)
                    null sort order: z
                    sort order: +
                    Statistics: Num rows: 24 Data size: 284 Basic stats: COMPLETE Column stats: COMPLETE
                    value expressions: _col1 (type: double)
        Reducer 3 
            Execution mode: vectorized, llap
            Reduce Operator Tree:
              Select Operator
                expressions: KEY.reducesinkkey0 (type: int), 'rewrite' (type: string), VALUE._col0 (type: double)
                outputColumnNames: _col0, _col1, _col2
                Statistics: Num rows: 24 Data size: 2468 Basic stats: COMPLETE Column stats: COMPLETE
                File Output Operator
                  compressed: false
                  Statistics: Num rows: 24 Data size: 2468 Basic stats: COMPLETE Column stats: COMPLETE
                  table:
                      input format: org.apache.hadoop.mapred.SequenceFileInputFormat
                      output format: org.apache.hadoop.hive.ql.io.HiveSequenceFileOutputFormat
                      serde: org.apache.hadoop.hive.serde2.lazy.LazySimpleSerDe
        Reducer 4 
            Execution mode: llap
            Reduce Operator Tree:
              Group By Operator
                aggregations: ds_kll_sketch(VALUE._col0)
                keys: KEY._col0 (type: boolean)
                mode: mergepartial
                outputColumnNames: _col0, _col1
                Statistics: Num rows: 1 Data size: 148 Basic stats: COMPLETE Column stats: COMPLETE
                Select Operator
                  expressions: _col1 (type: binary)
                  outputColumnNames: _col0
                  Statistics: Num rows: 1 Data size: 144 Basic stats: COMPLETE Column stats: COMPLETE
                  Reduce Output Operator
                    null sort order: 
                    sort order: 
                    Statistics: Num rows: 1 Data size: 144 Basic stats: COMPLETE Column stats: COMPLETE
                    value expressions: _col0 (type: binary)

  Stage: Stage-0
    Fetch Operator
      limit: -1
      Processor Tree:
        ListSink

Warning: Shuffle Join MERGEJOIN[17][tables = [$hdt$_0, $hdt$_1]] in Stage 'Reducer 2' is a cross product
PREHOOK: query: select id,'rewrite',cume_dist() over (order by id nulls last) from sketch_input order by id nulls last
PREHOOK: type: QUERY
PREHOOK: Input: default@sketch_input
#### A masked pattern was here ####
POSTHOOK: query: select id,'rewrite',cume_dist() over (order by id nulls last) from sketch_input order by id nulls last
POSTHOOK: type: QUERY
POSTHOOK: Input: default@sketch_input
#### A masked pattern was here ####
1	rewrite	0.0
1	rewrite	0.0
2	rewrite	0.09090909090909091
3	rewrite	0.13636363636363635
4	rewrite	0.18181818181818182
5	rewrite	0.22727272727272727
6	rewrite	0.2727272727272727
6	rewrite	0.2727272727272727
6	rewrite	0.2727272727272727
7	rewrite	0.4090909090909091
7	rewrite	0.4090909090909091
8	rewrite	0.5
8	rewrite	0.5
9	rewrite	0.5909090909090909
9	rewrite	0.5909090909090909
10	rewrite	0.6818181818181818
10	rewrite	0.6818181818181818
11	rewrite	0.7727272727272727
12	rewrite	0.8181818181818182
13	rewrite	0.8636363636363636
14	rewrite	0.9090909090909091
15	rewrite	0.9545454545454546
NULL	rewrite	1.0
NULL	rewrite	1.0
Warning: Shuffle Join MERGEJOIN[16][tables = [$hdt$_0, $hdt$_1]] in Stage 'Reducer 2' is a cross product
PREHOOK: query: select id,cume_dist() over (order by id) from sketch_input order by id
PREHOOK: type: QUERY
PREHOOK: Input: default@sketch_input
#### A masked pattern was here ####
POSTHOOK: query: select id,cume_dist() over (order by id) from sketch_input order by id
POSTHOOK: type: QUERY
POSTHOOK: Input: default@sketch_input
#### A masked pattern was here ####
1	0.0
1	0.0
2	0.09090909090909091
3	0.13636363636363635
4	0.18181818181818182
5	0.22727272727272727
6	0.2727272727272727
6	0.2727272727272727
6	0.2727272727272727
7	0.4090909090909091
7	0.4090909090909091
8	0.5
8	0.5
9	0.5909090909090909
9	0.5909090909090909
10	0.6818181818181818
10	0.6818181818181818
11	0.7727272727272727
12	0.8181818181818182
13	0.8636363636363636
14	0.9090909090909091
15	0.9545454545454546
NULL	1.0
NULL	1.0
