PREHOOK: query: create table sketch_input (id int, category char(1))
STORED AS ORC
TBLPROPERTIES ('transactional'='true')
PREHOOK: type: CREATETABLE
PREHOOK: Output: database:default
PREHOOK: Output: default@sketch_input
POSTHOOK: query: create table sketch_input (id int, category char(1))
STORED AS ORC
TBLPROPERTIES ('transactional'='true')
POSTHOOK: type: CREATETABLE
POSTHOOK: Output: database:default
POSTHOOK: Output: default@sketch_input
PREHOOK: query: insert into table sketch_input values
  (1,'a'),(1, 'a'), (2, 'a'), (3, 'a'), (4, 'a'), (5, 'a'), (6, 'a'), (7, 'a'), (8, 'a'), (9, 'a'), (10, 'a'),
  (6,'b'),(6, 'b'), (7, 'b'), (8, 'b'), (9, 'b'), (10, 'b'), (11, 'b'), (12, 'b'), (13, 'b'), (14, 'b'), (15, 'b')
PREHOOK: type: QUERY
PREHOOK: Input: _dummy_database@_dummy_table
PREHOOK: Output: default@sketch_input
POSTHOOK: query: insert into table sketch_input values
  (1,'a'),(1, 'a'), (2, 'a'), (3, 'a'), (4, 'a'), (5, 'a'), (6, 'a'), (7, 'a'), (8, 'a'), (9, 'a'), (10, 'a'),
  (6,'b'),(6, 'b'), (7, 'b'), (8, 'b'), (9, 'b'), (10, 'b'), (11, 'b'), (12, 'b'), (13, 'b'), (14, 'b'), (15, 'b')
POSTHOOK: type: QUERY
POSTHOOK: Input: _dummy_database@_dummy_table
POSTHOOK: Output: default@sketch_input
POSTHOOK: Lineage: sketch_input.category SCRIPT []
POSTHOOK: Lineage: sketch_input.id SCRIPT []
PREHOOK: query: explain
create  materialized view mv_1 as
  select 'no-rewrite-may-happen',category, count(distinct id) from sketch_input group by category
PREHOOK: type: CREATE_MATERIALIZED_VIEW
PREHOOK: Input: default@sketch_input
PREHOOK: Output: database:default
PREHOOK: Output: default@mv_1
POSTHOOK: query: explain
create  materialized view mv_1 as
  select 'no-rewrite-may-happen',category, count(distinct id) from sketch_input group by category
POSTHOOK: type: CREATE_MATERIALIZED_VIEW
POSTHOOK: Input: default@sketch_input
POSTHOOK: Output: database:default
POSTHOOK: Output: default@mv_1
STAGE DEPENDENCIES:
  Stage-1 is a root stage
  Stage-2 depends on stages: Stage-1
  Stage-4 depends on stages: Stage-0, Stage-2
  Stage-3 depends on stages: Stage-4
  Stage-5 depends on stages: Stage-3
  Stage-0 depends on stages: Stage-1

STAGE PLANS:
  Stage: Stage-1
    Tez
#### A masked pattern was here ####
      Edges:
        Reducer 2 <- Map 1 (SIMPLE_EDGE)
        Reducer 3 <- Reducer 2 (CUSTOM_SIMPLE_EDGE)
#### A masked pattern was here ####
      Vertices:
        Map 1 
            Map Operator Tree:
                TableScan
                  alias: sketch_input
                  Statistics: Num rows: 22 Data size: 1958 Basic stats: COMPLETE Column stats: COMPLETE
                  Select Operator
                    expressions: id (type: int), category (type: char(1))
                    outputColumnNames: id, category
                    Statistics: Num rows: 22 Data size: 1958 Basic stats: COMPLETE Column stats: COMPLETE
                    Group By Operator
                      keys: category (type: char(1)), id (type: int)
                      minReductionHashAggr: 0.4
                      mode: hash
                      outputColumnNames: _col0, _col1
                      Statistics: Num rows: 15 Data size: 1335 Basic stats: COMPLETE Column stats: COMPLETE
                      Reduce Output Operator
                        key expressions: _col0 (type: char(1)), _col1 (type: int)
                        null sort order: zz
                        sort order: ++
                        Map-reduce partition columns: _col0 (type: char(1))
                        Statistics: Num rows: 15 Data size: 1335 Basic stats: COMPLETE Column stats: COMPLETE
            Execution mode: vectorized, llap
            LLAP IO: may be used (ACID table)
        Reducer 2 
            Execution mode: vectorized, llap
            Reduce Operator Tree:
              Group By Operator
                keys: KEY._col0 (type: char(1)), KEY._col1 (type: int)
                mode: mergepartial
                outputColumnNames: _col0, _col1
                Statistics: Num rows: 15 Data size: 1335 Basic stats: COMPLETE Column stats: COMPLETE
                Select Operator
                  expressions: _col1 (type: int), _col0 (type: char(1))
                  outputColumnNames: _col0, _col1
                  Statistics: Num rows: 15 Data size: 1335 Basic stats: COMPLETE Column stats: COMPLETE
                  Group By Operator
                    aggregations: count(_col0)
                    keys: _col1 (type: char(1))
                    mode: complete
                    outputColumnNames: _col0, _col1
                    Statistics: Num rows: 2 Data size: 186 Basic stats: COMPLETE Column stats: COMPLETE
                    Select Operator
                      expressions: 'no-rewrite-may-happen' (type: string), _col0 (type: char(1)), _col1 (type: bigint)
                      outputColumnNames: _col0, _col1, _col2
                      Statistics: Num rows: 2 Data size: 396 Basic stats: COMPLETE Column stats: COMPLETE
                      File Output Operator
                        compressed: false
                        Statistics: Num rows: 2 Data size: 396 Basic stats: COMPLETE Column stats: COMPLETE
                        table:
                            input format: org.apache.hadoop.hive.ql.io.orc.OrcInputFormat
                            output format: org.apache.hadoop.hive.ql.io.orc.OrcOutputFormat
                            serde: org.apache.hadoop.hive.ql.io.orc.OrcSerde
                            name: default.mv_1
                      Select Operator
                        expressions: _col0 (type: string), _col1 (type: char(1)), _col2 (type: bigint)
                        outputColumnNames: col1, col2, col3
                        Statistics: Num rows: 2 Data size: 396 Basic stats: COMPLETE Column stats: COMPLETE
                        Group By Operator
                          aggregations: max(length(col1)), avg(COALESCE(length(col1),0)), count(1), count(col1), compute_bit_vector_hll(col1), max(length(col2)), avg(COALESCE(length(col2),0)), count(col2), compute_bit_vector_hll(col2), min(col3), max(col3), count(col3), compute_bit_vector_hll(col3)
                          minReductionHashAggr: 0.5
                          mode: hash
                          outputColumnNames: _col0, _col1, _col2, _col3, _col4, _col5, _col6, _col7, _col8, _col9, _col10, _col11, _col12
                          Statistics: Num rows: 1 Data size: 640 Basic stats: COMPLETE Column stats: COMPLETE
                          Reduce Output Operator
                            null sort order: 
                            sort order: 
                            Statistics: Num rows: 1 Data size: 640 Basic stats: COMPLETE Column stats: COMPLETE
                            value expressions: _col0 (type: int), _col1 (type: struct<count:bigint,sum:double,input:int>), _col2 (type: bigint), _col3 (type: bigint), _col4 (type: binary), _col5 (type: int), _col6 (type: struct<count:bigint,sum:double,input:int>), _col7 (type: bigint), _col8 (type: binary), _col9 (type: bigint), _col10 (type: bigint), _col11 (type: bigint), _col12 (type: binary)
        Reducer 3 
            Execution mode: vectorized, llap
            Reduce Operator Tree:
              Group By Operator
                aggregations: max(VALUE._col0), avg(VALUE._col1), count(VALUE._col2), count(VALUE._col3), compute_bit_vector_hll(VALUE._col4), max(VALUE._col5), avg(VALUE._col6), count(VALUE._col7), compute_bit_vector_hll(VALUE._col8), min(VALUE._col9), max(VALUE._col10), count(VALUE._col11), compute_bit_vector_hll(VALUE._col12)
                mode: mergepartial
                outputColumnNames: _col0, _col1, _col2, _col3, _col4, _col5, _col6, _col7, _col8, _col9, _col10, _col11, _col12
                Statistics: Num rows: 1 Data size: 504 Basic stats: COMPLETE Column stats: COMPLETE
                Select Operator
                  expressions: 'STRING' (type: string), UDFToLong(COALESCE(_col0,0)) (type: bigint), COALESCE(_col1,0) (type: double), (_col2 - _col3) (type: bigint), COALESCE(ndv_compute_bit_vector(_col4),0) (type: bigint), _col4 (type: binary), 'STRING' (type: string), UDFToLong(COALESCE(_col5,0)) (type: bigint), COALESCE(_col6,0) (type: double), (_col2 - _col7) (type: bigint), COALESCE(ndv_compute_bit_vector(_col8),0) (type: bigint), _col8 (type: binary), 'LONG' (type: string), _col9 (type: bigint), _col10 (type: bigint), (_col2 - _col11) (type: bigint), COALESCE(ndv_compute_bit_vector(_col12),0) (type: bigint), _col12 (type: binary)
                  outputColumnNames: _col0, _col1, _col2, _col3, _col4, _col5, _col6, _col7, _col8, _col9, _col10, _col11, _col12, _col13, _col14, _col15, _col16, _col17
                  Statistics: Num rows: 1 Data size: 796 Basic stats: COMPLETE Column stats: COMPLETE
                  File Output Operator
                    compressed: false
                    Statistics: Num rows: 1 Data size: 796 Basic stats: COMPLETE Column stats: COMPLETE
                    table:
                        input format: org.apache.hadoop.mapred.SequenceFileInputFormat
                        output format: org.apache.hadoop.hive.ql.io.HiveSequenceFileOutputFormat
                        serde: org.apache.hadoop.hive.serde2.lazy.LazySimpleSerDe

  Stage: Stage-2
    Dependency Collection

  Stage: Stage-4
    Create Materialized View
      columns: _c0 string, category char(1), _c2 bigint
      expanded text: select 'no-rewrite-may-happen',`sketch_input`.`category`, count(distinct `sketch_input`.`id`) from `default`.`sketch_input` group by `sketch_input`.`category`
      name: default.mv_1
      original text: select 'no-rewrite-may-happen',category, count(distinct id) from sketch_input group by category
      rewrite enabled: true

  Stage: Stage-3
    Stats Work
      Basic Stats Work:
      Column Stats Desc:
          Columns: _c0, category, _c2
          Column Types: string, char(1), bigint
          Table: default.mv_1

  Stage: Stage-5
    Materialized View Update
      name: default.mv_1
      retrieve and include: true

  Stage: Stage-0
    Move Operator
      files:
          hdfs directory: true
#### A masked pattern was here ####

PREHOOK: query: create  materialized view mv_1 as
  select 'no-rewrite-may-happen',category, count(distinct id) from sketch_input group by category
PREHOOK: type: CREATE_MATERIALIZED_VIEW
PREHOOK: Input: default@sketch_input
PREHOOK: Output: database:default
PREHOOK: Output: default@mv_1
POSTHOOK: query: create  materialized view mv_1 as
  select 'no-rewrite-may-happen',category, count(distinct id) from sketch_input group by category
POSTHOOK: type: CREATE_MATERIALIZED_VIEW
POSTHOOK: Input: default@sketch_input
POSTHOOK: Output: database:default
POSTHOOK: Output: default@mv_1
PREHOOK: query: insert into table sketch_input values
  (1,'a'),(1, 'a'), (2, 'a'), (3, 'a'), (4, 'a'), (5, 'a'), (6, 'a'), (7, 'a'), (8, 'a'), (9, 'a'), (10, 'a'),
  (6,'b'),(6, 'b'), (7, 'b'), (8, 'b'), (9, 'b'), (10, 'b'), (11, 'b'), (12, 'b'), (13, 'b'), (14, 'b'), (15, 'b')
PREHOOK: type: QUERY
PREHOOK: Input: _dummy_database@_dummy_table
PREHOOK: Output: default@sketch_input
POSTHOOK: query: insert into table sketch_input values
  (1,'a'),(1, 'a'), (2, 'a'), (3, 'a'), (4, 'a'), (5, 'a'), (6, 'a'), (7, 'a'), (8, 'a'), (9, 'a'), (10, 'a'),
  (6,'b'),(6, 'b'), (7, 'b'), (8, 'b'), (9, 'b'), (10, 'b'), (11, 'b'), (12, 'b'), (13, 'b'), (14, 'b'), (15, 'b')
POSTHOOK: type: QUERY
POSTHOOK: Input: _dummy_database@_dummy_table
POSTHOOK: Output: default@sketch_input
POSTHOOK: Lineage: sketch_input.category SCRIPT []
POSTHOOK: Lineage: sketch_input.id SCRIPT []
PREHOOK: query: explain
alter materialized view mv_1 rebuild
PREHOOK: type: ALTER_MATERIALIZED_VIEW_REBUILD
PREHOOK: Input: default@sketch_input
PREHOOK: Output: default@mv_1
POSTHOOK: query: explain
alter materialized view mv_1 rebuild
POSTHOOK: type: ALTER_MATERIALIZED_VIEW_REBUILD
POSTHOOK: Input: default@sketch_input
POSTHOOK: Output: default@mv_1
STAGE DEPENDENCIES:
  Stage-1 is a root stage
  Stage-2 depends on stages: Stage-1
  Stage-0 depends on stages: Stage-2
  Stage-3 depends on stages: Stage-0
  Stage-4 depends on stages: Stage-3

STAGE PLANS:
  Stage: Stage-1
    Tez
#### A masked pattern was here ####
      Edges:
        Reducer 2 <- Map 1 (SIMPLE_EDGE)
        Reducer 3 <- Reducer 2 (CUSTOM_SIMPLE_EDGE)
#### A masked pattern was here ####
      Vertices:
        Map 1 
            Map Operator Tree:
                TableScan
                  alias: sketch_input
                  Statistics: Num rows: 44 Data size: 3916 Basic stats: COMPLETE Column stats: COMPLETE
                  Select Operator
                    expressions: id (type: int), category (type: char(1))
                    outputColumnNames: id, category
                    Statistics: Num rows: 44 Data size: 3916 Basic stats: COMPLETE Column stats: COMPLETE
                    Group By Operator
                      keys: category (type: char(1)), id (type: int)
                      minReductionHashAggr: 0.52272725
                      mode: hash
                      outputColumnNames: _col0, _col1
                      Statistics: Num rows: 22 Data size: 1958 Basic stats: COMPLETE Column stats: COMPLETE
                      Reduce Output Operator
                        key expressions: _col0 (type: char(1)), _col1 (type: int)
                        null sort order: zz
                        sort order: ++
                        Map-reduce partition columns: _col0 (type: char(1))
                        Statistics: Num rows: 22 Data size: 1958 Basic stats: COMPLETE Column stats: COMPLETE
            Execution mode: vectorized, llap
            LLAP IO: may be used (ACID table)
        Reducer 2 
            Execution mode: vectorized, llap
            Reduce Operator Tree:
              Group By Operator
                keys: KEY._col0 (type: char(1)), KEY._col1 (type: int)
                mode: mergepartial
                outputColumnNames: _col0, _col1
                Statistics: Num rows: 22 Data size: 1958 Basic stats: COMPLETE Column stats: COMPLETE
                Select Operator
                  expressions: _col1 (type: int), _col0 (type: char(1))
                  outputColumnNames: _col0, _col1
                  Statistics: Num rows: 22 Data size: 1958 Basic stats: COMPLETE Column stats: COMPLETE
                  Group By Operator
                    aggregations: count(_col0)
                    keys: _col1 (type: char(1))
                    mode: complete
                    outputColumnNames: _col0, _col1
                    Statistics: Num rows: 2 Data size: 186 Basic stats: COMPLETE Column stats: COMPLETE
                    Select Operator
                      expressions: 'no-rewrite-may-happen' (type: string), _col0 (type: char(1)), _col1 (type: bigint)
                      outputColumnNames: _col0, _col1, _col2
                      Statistics: Num rows: 2 Data size: 396 Basic stats: COMPLETE Column stats: COMPLETE
                      File Output Operator
                        compressed: false
                        Statistics: Num rows: 2 Data size: 396 Basic stats: COMPLETE Column stats: COMPLETE
                        table:
                            input format: org.apache.hadoop.hive.ql.io.orc.OrcInputFormat
                            output format: org.apache.hadoop.hive.ql.io.orc.OrcOutputFormat
                            serde: org.apache.hadoop.hive.ql.io.orc.OrcSerde
                            name: default.mv_1
                      Select Operator
                        expressions: _col0 (type: string), _col1 (type: char(1)), _col2 (type: bigint)
                        outputColumnNames: _c0, category, _c2
                        Statistics: Num rows: 2 Data size: 396 Basic stats: COMPLETE Column stats: COMPLETE
                        Group By Operator
                          aggregations: max(length(_c0)), avg(COALESCE(length(_c0),0)), count(1), count(_c0), compute_bit_vector_hll(_c0), max(length(category)), avg(COALESCE(length(category),0)), count(category), compute_bit_vector_hll(category), min(_c2), max(_c2), count(_c2), compute_bit_vector_hll(_c2)
                          minReductionHashAggr: 0.5
                          mode: hash
                          outputColumnNames: _col0, _col1, _col2, _col3, _col4, _col5, _col6, _col7, _col8, _col9, _col10, _col11, _col12
                          Statistics: Num rows: 1 Data size: 640 Basic stats: COMPLETE Column stats: COMPLETE
                          Reduce Output Operator
                            null sort order: 
                            sort order: 
                            Statistics: Num rows: 1 Data size: 640 Basic stats: COMPLETE Column stats: COMPLETE
                            value expressions: _col0 (type: int), _col1 (type: struct<count:bigint,sum:double,input:int>), _col2 (type: bigint), _col3 (type: bigint), _col4 (type: binary), _col5 (type: int), _col6 (type: struct<count:bigint,sum:double,input:int>), _col7 (type: bigint), _col8 (type: binary), _col9 (type: bigint), _col10 (type: bigint), _col11 (type: bigint), _col12 (type: binary)
        Reducer 3 
            Execution mode: vectorized, llap
            Reduce Operator Tree:
              Group By Operator
                aggregations: max(VALUE._col0), avg(VALUE._col1), count(VALUE._col2), count(VALUE._col3), compute_bit_vector_hll(VALUE._col4), max(VALUE._col5), avg(VALUE._col6), count(VALUE._col7), compute_bit_vector_hll(VALUE._col8), min(VALUE._col9), max(VALUE._col10), count(VALUE._col11), compute_bit_vector_hll(VALUE._col12)
                mode: mergepartial
                outputColumnNames: _col0, _col1, _col2, _col3, _col4, _col5, _col6, _col7, _col8, _col9, _col10, _col11, _col12
                Statistics: Num rows: 1 Data size: 504 Basic stats: COMPLETE Column stats: COMPLETE
                Select Operator
                  expressions: 'STRING' (type: string), UDFToLong(COALESCE(_col0,0)) (type: bigint), COALESCE(_col1,0) (type: double), (_col2 - _col3) (type: bigint), COALESCE(ndv_compute_bit_vector(_col4),0) (type: bigint), _col4 (type: binary), 'STRING' (type: string), UDFToLong(COALESCE(_col5,0)) (type: bigint), COALESCE(_col6,0) (type: double), (_col2 - _col7) (type: bigint), COALESCE(ndv_compute_bit_vector(_col8),0) (type: bigint), _col8 (type: binary), 'LONG' (type: string), _col9 (type: bigint), _col10 (type: bigint), (_col2 - _col11) (type: bigint), COALESCE(ndv_compute_bit_vector(_col12),0) (type: bigint), _col12 (type: binary)
                  outputColumnNames: _col0, _col1, _col2, _col3, _col4, _col5, _col6, _col7, _col8, _col9, _col10, _col11, _col12, _col13, _col14, _col15, _col16, _col17
                  Statistics: Num rows: 1 Data size: 796 Basic stats: COMPLETE Column stats: COMPLETE
                  File Output Operator
                    compressed: false
                    Statistics: Num rows: 1 Data size: 796 Basic stats: COMPLETE Column stats: COMPLETE
                    table:
                        input format: org.apache.hadoop.mapred.SequenceFileInputFormat
                        output format: org.apache.hadoop.hive.ql.io.HiveSequenceFileOutputFormat
                        serde: org.apache.hadoop.hive.serde2.lazy.LazySimpleSerDe

  Stage: Stage-2
    Dependency Collection

  Stage: Stage-0
    Move Operator
      tables:
          replace: true
          table:
              input format: org.apache.hadoop.hive.ql.io.orc.OrcInputFormat
              output format: org.apache.hadoop.hive.ql.io.orc.OrcOutputFormat
              serde: org.apache.hadoop.hive.ql.io.orc.OrcSerde
              name: default.mv_1

  Stage: Stage-3
    Stats Work
      Basic Stats Work:
      Column Stats Desc:
          Columns: _c0, category, _c2
          Column Types: string, char(1), bigint
          Table: default.mv_1

  Stage: Stage-4
    Materialized View Update
      name: default.mv_1
      update creation metadata: true

PREHOOK: query: alter materialized view mv_1 rebuild
PREHOOK: type: ALTER_MATERIALIZED_VIEW_REBUILD
PREHOOK: Input: default@sketch_input
PREHOOK: Output: default@mv_1
POSTHOOK: query: alter materialized view mv_1 rebuild
POSTHOOK: type: ALTER_MATERIALIZED_VIEW_REBUILD
POSTHOOK: Input: default@sketch_input
POSTHOOK: Output: default@mv_1
POSTHOOK: Lineage: mv_1._c0 SIMPLE []
POSTHOOK: Lineage: mv_1._c2 EXPRESSION [(sketch_input)sketch_input.FieldSchema(name:id, type:int, comment:null), ]
POSTHOOK: Lineage: mv_1.category SIMPLE [(sketch_input)sketch_input.FieldSchema(name:category, type:char(1), comment:null), ]
PREHOOK: query: explain
select 'rewritten;mv not used',category, count(distinct id) from sketch_input group by category
PREHOOK: type: QUERY
PREHOOK: Input: default@sketch_input
#### A masked pattern was here ####
POSTHOOK: query: explain
select 'rewritten;mv not used',category, count(distinct id) from sketch_input group by category
POSTHOOK: type: QUERY
POSTHOOK: Input: default@sketch_input
#### A masked pattern was here ####
STAGE DEPENDENCIES:
  Stage-1 is a root stage
  Stage-0 depends on stages: Stage-1

STAGE PLANS:
  Stage: Stage-1
    Tez
#### A masked pattern was here ####
      Edges:
        Reducer 2 <- Map 1 (SIMPLE_EDGE)
#### A masked pattern was here ####
      Vertices:
        Map 1 
            Map Operator Tree:
                TableScan
                  alias: sketch_input
                  Statistics: Num rows: 44 Data size: 3916 Basic stats: COMPLETE Column stats: COMPLETE
                  Select Operator
                    expressions: id (type: int), category (type: char(1))
                    outputColumnNames: id, category
                    Statistics: Num rows: 44 Data size: 3916 Basic stats: COMPLETE Column stats: COMPLETE
                    Group By Operator
                      aggregations: ds_hll_sketch(id)
                      keys: category (type: char(1))
                      minReductionHashAggr: 0.95454544
                      mode: hash
                      outputColumnNames: _col0, _col1
                      Statistics: Num rows: 2 Data size: 946 Basic stats: COMPLETE Column stats: COMPLETE
                      Reduce Output Operator
                        key expressions: _col0 (type: char(1))
                        null sort order: z
                        sort order: +
                        Map-reduce partition columns: _col0 (type: char(1))
                        Statistics: Num rows: 2 Data size: 946 Basic stats: COMPLETE Column stats: COMPLETE
                        value expressions: _col1 (type: struct<lgk:int,type:string,sketch:binary>)
            Execution mode: llap
            LLAP IO: may be used (ACID table)
        Reducer 2 
            Execution mode: llap
            Reduce Operator Tree:
              Group By Operator
                aggregations: ds_hll_sketch(VALUE._col0)
                keys: KEY._col0 (type: char(1))
                mode: mergepartial
                outputColumnNames: _col0, _col1
                Statistics: Num rows: 2 Data size: 458 Basic stats: COMPLETE Column stats: COMPLETE
                Select Operator
                  expressions: 'rewritten;mv not used' (type: string), _col0 (type: char(1)), UDFToLong(round(ds_hll_estimate(_col1))) (type: bigint)
                  outputColumnNames: _col0, _col1, _col2
                  Statistics: Num rows: 2 Data size: 396 Basic stats: COMPLETE Column stats: COMPLETE
                  File Output Operator
                    compressed: false
                    Statistics: Num rows: 2 Data size: 396 Basic stats: COMPLETE Column stats: COMPLETE
                    table:
                        input format: org.apache.hadoop.mapred.SequenceFileInputFormat
                        output format: org.apache.hadoop.hive.ql.io.HiveSequenceFileOutputFormat
                        serde: org.apache.hadoop.hive.serde2.lazy.LazySimpleSerDe

  Stage: Stage-0
    Fetch Operator
      limit: -1
      Processor Tree:
        ListSink

PREHOOK: query: select 'rewritten;mv not used',category, count(distinct id) from sketch_input group by category
PREHOOK: type: QUERY
PREHOOK: Input: default@sketch_input
#### A masked pattern was here ####
POSTHOOK: query: select 'rewritten;mv not used',category, count(distinct id) from sketch_input group by category
POSTHOOK: type: QUERY
POSTHOOK: Input: default@sketch_input
#### A masked pattern was here ####
rewritten;mv not used	a	10
rewritten;mv not used	b	10
PREHOOK: query: explain
select 'mv used',category, count(distinct id) from sketch_input group by category
PREHOOK: type: QUERY
PREHOOK: Input: default@sketch_input
#### A masked pattern was here ####
POSTHOOK: query: explain
select 'mv used',category, count(distinct id) from sketch_input group by category
POSTHOOK: type: QUERY
POSTHOOK: Input: default@sketch_input
#### A masked pattern was here ####
STAGE DEPENDENCIES:
  Stage-1 is a root stage
  Stage-0 depends on stages: Stage-1

STAGE PLANS:
  Stage: Stage-1
    Tez
#### A masked pattern was here ####
      Edges:
        Reducer 2 <- Map 1 (SIMPLE_EDGE)
#### A masked pattern was here ####
      Vertices:
        Map 1 
            Map Operator Tree:
                TableScan
                  alias: sketch_input
                  Statistics: Num rows: 44 Data size: 3916 Basic stats: COMPLETE Column stats: COMPLETE
                  Select Operator
                    expressions: id (type: int), category (type: char(1))
                    outputColumnNames: id, category
                    Statistics: Num rows: 44 Data size: 3916 Basic stats: COMPLETE Column stats: COMPLETE
                    Group By Operator
                      keys: category (type: char(1)), id (type: int)
                      minReductionHashAggr: 0.52272725
                      mode: hash
                      outputColumnNames: _col0, _col1
                      Statistics: Num rows: 22 Data size: 1958 Basic stats: COMPLETE Column stats: COMPLETE
                      Reduce Output Operator
                        key expressions: _col0 (type: char(1)), _col1 (type: int)
                        null sort order: zz
                        sort order: ++
                        Map-reduce partition columns: _col0 (type: char(1))
                        Statistics: Num rows: 22 Data size: 1958 Basic stats: COMPLETE Column stats: COMPLETE
            Execution mode: vectorized, llap
            LLAP IO: may be used (ACID table)
        Reducer 2 
            Execution mode: vectorized, llap
            Reduce Operator Tree:
              Group By Operator
                keys: KEY._col0 (type: char(1)), KEY._col1 (type: int)
                mode: mergepartial
                outputColumnNames: _col0, _col1
                Statistics: Num rows: 22 Data size: 1958 Basic stats: COMPLETE Column stats: COMPLETE
                Select Operator
                  expressions: _col1 (type: int), _col0 (type: char(1))
                  outputColumnNames: _col0, _col1
                  Statistics: Num rows: 22 Data size: 1958 Basic stats: COMPLETE Column stats: COMPLETE
                  Group By Operator
                    aggregations: count(_col0)
                    keys: _col1 (type: char(1))
                    mode: complete
                    outputColumnNames: _col0, _col1
                    Statistics: Num rows: 2 Data size: 186 Basic stats: COMPLETE Column stats: COMPLETE
                    Select Operator
                      expressions: 'mv used' (type: string), _col0 (type: char(1)), _col1 (type: bigint)
                      outputColumnNames: _col0, _col1, _col2
                      Statistics: Num rows: 2 Data size: 368 Basic stats: COMPLETE Column stats: COMPLETE
                      File Output Operator
                        compressed: false
                        Statistics: Num rows: 2 Data size: 368 Basic stats: COMPLETE Column stats: COMPLETE
                        table:
                            input format: org.apache.hadoop.mapred.SequenceFileInputFormat
                            output format: org.apache.hadoop.hive.ql.io.HiveSequenceFileOutputFormat
                            serde: org.apache.hadoop.hive.serde2.lazy.LazySimpleSerDe

  Stage: Stage-0
    Fetch Operator
      limit: -1
      Processor Tree:
        ListSink

PREHOOK: query: select 'mv used',category, count(distinct id) from sketch_input group by category
PREHOOK: type: QUERY
PREHOOK: Input: default@sketch_input
#### A masked pattern was here ####
POSTHOOK: query: select 'mv used',category, count(distinct id) from sketch_input group by category
POSTHOOK: type: QUERY
POSTHOOK: Input: default@sketch_input
#### A masked pattern was here ####
mv used	a	10
mv used	b	10
