PREHOOK: query: create table sketch_input (id int, category char(1))
STORED AS ORC
TBLPROPERTIES ('transactional'='true')
PREHOOK: type: CREATETABLE
PREHOOK: Output: database:default
PREHOOK: Output: default@sketch_input
POSTHOOK: query: create table sketch_input (id int, category char(1))
STORED AS ORC
TBLPROPERTIES ('transactional'='true')
POSTHOOK: type: CREATETABLE
POSTHOOK: Output: database:default
POSTHOOK: Output: default@sketch_input
PREHOOK: query: insert into table sketch_input values
  (1,'a'),(1, 'a'), (2, 'a'), (3, 'a'), (4, 'a'), (5, 'a'), (6, 'a'), (7, 'a'), (8, 'a'), (9, 'a'), (10, 'a'),
  (6,'b'),(6, 'b'), (7, 'b'), (8, 'b'), (9, 'b'), (10, 'b'), (11, 'b'), (12, 'b'), (13, 'b'), (14, 'b'), (15, 'b')
PREHOOK: type: QUERY
PREHOOK: Input: _dummy_database@_dummy_table
PREHOOK: Output: default@sketch_input
POSTHOOK: query: insert into table sketch_input values
  (1,'a'),(1, 'a'), (2, 'a'), (3, 'a'), (4, 'a'), (5, 'a'), (6, 'a'), (7, 'a'), (8, 'a'), (9, 'a'), (10, 'a'),
  (6,'b'),(6, 'b'), (7, 'b'), (8, 'b'), (9, 'b'), (10, 'b'), (11, 'b'), (12, 'b'), (13, 'b'), (14, 'b'), (15, 'b')
POSTHOOK: type: QUERY
POSTHOOK: Input: _dummy_database@_dummy_table
POSTHOOK: Output: default@sketch_input
POSTHOOK: Lineage: sketch_input.category SCRIPT []
POSTHOOK: Lineage: sketch_input.id SCRIPT []
Warning: Shuffle Join MERGEJOIN[20][tables = [$hdt$_0, $hdt$_1]] in Stage 'Reducer 2' is a cross product
PREHOOK: query: select id,
	ntile(4) over (order by id),
	case when ceil(ds_kll_cdf(ds, CAST(id AS FLOAT) )[0]*4) < 1 then 1 else ceil(ds_kll_cdf(ds, CAST(id AS FLOAT) )[0]*4) end
from sketch_input
join ( select ds_kll_sketch(cast(id as float)) as ds from sketch_input ) q
order by id
PREHOOK: type: QUERY
PREHOOK: Input: default@sketch_input
#### A masked pattern was here ####
POSTHOOK: query: select id,
	ntile(4) over (order by id),
	case when ceil(ds_kll_cdf(ds, CAST(id AS FLOAT) )[0]*4) < 1 then 1 else ceil(ds_kll_cdf(ds, CAST(id AS FLOAT) )[0]*4) end
from sketch_input
join ( select ds_kll_sketch(cast(id as float)) as ds from sketch_input ) q
order by id
POSTHOOK: type: QUERY
POSTHOOK: Input: default@sketch_input
#### A masked pattern was here ####
1	1	1
1	1	1
2	1	1
3	1	1
4	1	1
5	1	1
6	2	2
6	2	2
6	2	2
7	2	2
7	2	2
8	2	2
8	3	2
9	3	3
9	3	3
10	3	3
10	3	3
11	4	4
12	4	4
13	4	4
14	4	4
15	4	4
WARNING: Comparing bigint and double may result in loss of information.
Warning: Shuffle Join MERGEJOIN[17][tables = [$hdt$_0, $hdt$_1]] in Stage 'Reducer 2' is a cross product
PREHOOK: query: explain
select id,'rewrite',ntile(4) over (order by id) from sketch_input order by id
PREHOOK: type: QUERY
PREHOOK: Input: default@sketch_input
#### A masked pattern was here ####
POSTHOOK: query: explain
select id,'rewrite',ntile(4) over (order by id) from sketch_input order by id
POSTHOOK: type: QUERY
POSTHOOK: Input: default@sketch_input
#### A masked pattern was here ####
STAGE DEPENDENCIES:
  Stage-1 is a root stage
  Stage-0 depends on stages: Stage-1

STAGE PLANS:
  Stage: Stage-1
    Tez
#### A masked pattern was here ####
      Edges:
        Reducer 2 <- Map 1 (XPROD_EDGE), Reducer 4 (XPROD_EDGE)
        Reducer 3 <- Reducer 2 (SIMPLE_EDGE)
        Reducer 4 <- Map 1 (SIMPLE_EDGE)
#### A masked pattern was here ####
      Vertices:
        Map 1 
            Map Operator Tree:
                TableScan
                  alias: sketch_input
                  Statistics: Num rows: 22 Data size: 88 Basic stats: COMPLETE Column stats: COMPLETE
                  Select Operator
                    expressions: id (type: int), UDFToFloat(COALESCE(UDFToFloat(id),3.4028234663852886E38D)) (type: float)
                    outputColumnNames: _col0, _col1
                    Statistics: Num rows: 22 Data size: 176 Basic stats: COMPLETE Column stats: COMPLETE
                    Reduce Output Operator
                      null sort order: 
                      sort order: 
                      Statistics: Num rows: 22 Data size: 176 Basic stats: COMPLETE Column stats: COMPLETE
                      value expressions: _col0 (type: int), _col1 (type: float)
                  Select Operator
                    expressions: UDFToFloat(id) (type: float)
                    outputColumnNames: _col1
                    Statistics: Num rows: 22 Data size: 88 Basic stats: COMPLETE Column stats: COMPLETE
                    Group By Operator
                      aggregations: ds_kll_sketch(_col1)
                      keys: true (type: boolean)
                      minReductionHashAggr: 0.95454544
                      mode: hash
                      outputColumnNames: _col0, _col1
                      Statistics: Num rows: 1 Data size: 148 Basic stats: COMPLETE Column stats: COMPLETE
                      Reduce Output Operator
                        key expressions: _col0 (type: boolean)
                        null sort order: z
                        sort order: +
                        Map-reduce partition columns: _col0 (type: boolean)
                        Statistics: Num rows: 1 Data size: 148 Basic stats: COMPLETE Column stats: COMPLETE
                        value expressions: _col1 (type: binary)
            Execution mode: llap
            LLAP IO: may be used (ACID table)
        Reducer 2 
            Execution mode: llap
            Reduce Operator Tree:
              Merge Join Operator
                condition map:
                     Inner Join 0 to 1
                keys:
                  0 
                  1 
                outputColumnNames: _col0, _col1, _col2
                Statistics: Num rows: 22 Data size: 3344 Basic stats: COMPLETE Column stats: COMPLETE
                Select Operator
                  expressions: _col0 (type: int), UDFToInteger(CASE WHEN ((ceil((ds_kll_rank(_col2, _col1) * 4)) < 1.0D)) THEN (1.0D) ELSE (ceil((ds_kll_rank(_col2, _col1) * 4))) END) (type: int)
                  outputColumnNames: _col0, _col1
                  Statistics: Num rows: 22 Data size: 176 Basic stats: COMPLETE Column stats: COMPLETE
                  Reduce Output Operator
                    key expressions: _col0 (type: int)
                    null sort order: z
                    sort order: +
                    Statistics: Num rows: 22 Data size: 176 Basic stats: COMPLETE Column stats: COMPLETE
                    value expressions: _col1 (type: int)
        Reducer 3 
            Execution mode: vectorized, llap
            Reduce Operator Tree:
              Select Operator
                expressions: KEY.reducesinkkey0 (type: int), 'rewrite' (type: string), VALUE._col0 (type: int)
                outputColumnNames: _col0, _col1, _col2
                Statistics: Num rows: 22 Data size: 2178 Basic stats: COMPLETE Column stats: COMPLETE
                File Output Operator
                  compressed: false
                  Statistics: Num rows: 22 Data size: 2178 Basic stats: COMPLETE Column stats: COMPLETE
                  table:
                      input format: org.apache.hadoop.mapred.SequenceFileInputFormat
                      output format: org.apache.hadoop.hive.ql.io.HiveSequenceFileOutputFormat
                      serde: org.apache.hadoop.hive.serde2.lazy.LazySimpleSerDe
        Reducer 4 
            Execution mode: llap
            Reduce Operator Tree:
              Group By Operator
                aggregations: ds_kll_sketch(VALUE._col0)
                keys: KEY._col0 (type: boolean)
                mode: mergepartial
                outputColumnNames: _col0, _col1
                Statistics: Num rows: 1 Data size: 148 Basic stats: COMPLETE Column stats: COMPLETE
                Select Operator
                  expressions: _col1 (type: binary)
                  outputColumnNames: _col0
                  Statistics: Num rows: 1 Data size: 144 Basic stats: COMPLETE Column stats: COMPLETE
                  Reduce Output Operator
                    null sort order: 
                    sort order: 
                    Statistics: Num rows: 1 Data size: 144 Basic stats: COMPLETE Column stats: COMPLETE
                    value expressions: _col0 (type: binary)

  Stage: Stage-0
    Fetch Operator
      limit: -1
      Processor Tree:
        ListSink

WARNING: Comparing bigint and double may result in loss of information.
Warning: Shuffle Join MERGEJOIN[17][tables = [$hdt$_0, $hdt$_1]] in Stage 'Reducer 2' is a cross product
PREHOOK: query: select id,'rewrite',ntile(4) over (order by id) from sketch_input order by id
PREHOOK: type: QUERY
PREHOOK: Input: default@sketch_input
#### A masked pattern was here ####
POSTHOOK: query: select id,'rewrite',ntile(4) over (order by id) from sketch_input order by id
POSTHOOK: type: QUERY
POSTHOOK: Input: default@sketch_input
#### A masked pattern was here ####
1	rewrite	1
1	rewrite	1
2	rewrite	1
3	rewrite	1
4	rewrite	1
5	rewrite	1
6	rewrite	2
6	rewrite	2
6	rewrite	2
7	rewrite	2
7	rewrite	2
8	rewrite	2
8	rewrite	2
9	rewrite	3
9	rewrite	3
10	rewrite	3
10	rewrite	3
11	rewrite	4
12	rewrite	4
13	rewrite	4
14	rewrite	4
15	rewrite	4
PREHOOK: query: insert into sketch_input values (null,'a'),(null,'b')
PREHOOK: type: QUERY
PREHOOK: Input: _dummy_database@_dummy_table
PREHOOK: Output: default@sketch_input
POSTHOOK: query: insert into sketch_input values (null,'a'),(null,'b')
POSTHOOK: type: QUERY
POSTHOOK: Input: _dummy_database@_dummy_table
POSTHOOK: Output: default@sketch_input
POSTHOOK: Lineage: sketch_input.category SCRIPT []
POSTHOOK: Lineage: sketch_input.id EXPRESSION []
WARNING: Comparing bigint and double may result in loss of information.
Warning: Shuffle Join MERGEJOIN[17][tables = [$hdt$_0, $hdt$_1]] in Stage 'Reducer 2' is a cross product
PREHOOK: query: explain
select id,'rewrite',ntile(4) over (order by id nulls first) from sketch_input order by id nulls first
PREHOOK: type: QUERY
PREHOOK: Input: default@sketch_input
#### A masked pattern was here ####
POSTHOOK: query: explain
select id,'rewrite',ntile(4) over (order by id nulls first) from sketch_input order by id nulls first
POSTHOOK: type: QUERY
POSTHOOK: Input: default@sketch_input
#### A masked pattern was here ####
STAGE DEPENDENCIES:
  Stage-1 is a root stage
  Stage-0 depends on stages: Stage-1

STAGE PLANS:
  Stage: Stage-1
    Tez
#### A masked pattern was here ####
      Edges:
        Reducer 2 <- Map 1 (XPROD_EDGE), Reducer 4 (XPROD_EDGE)
        Reducer 3 <- Reducer 2 (SIMPLE_EDGE)
        Reducer 4 <- Map 1 (SIMPLE_EDGE)
#### A masked pattern was here ####
      Vertices:
        Map 1 
            Map Operator Tree:
                TableScan
                  alias: sketch_input
                  Statistics: Num rows: 24 Data size: 92 Basic stats: COMPLETE Column stats: COMPLETE
                  Select Operator
                    expressions: id (type: int), UDFToFloat(COALESCE(UDFToFloat(id),-3.4028234663852886E38D)) (type: float)
                    outputColumnNames: _col0, _col1
                    Statistics: Num rows: 24 Data size: 188 Basic stats: COMPLETE Column stats: COMPLETE
                    Reduce Output Operator
                      null sort order: 
                      sort order: 
                      Statistics: Num rows: 24 Data size: 188 Basic stats: COMPLETE Column stats: COMPLETE
                      value expressions: _col0 (type: int), _col1 (type: float)
                  Select Operator
                    expressions: UDFToFloat(id) (type: float)
                    outputColumnNames: _col1
                    Statistics: Num rows: 24 Data size: 92 Basic stats: COMPLETE Column stats: COMPLETE
                    Group By Operator
                      aggregations: ds_kll_sketch(_col1)
                      keys: true (type: boolean)
                      minReductionHashAggr: 0.9583333
                      mode: hash
                      outputColumnNames: _col0, _col1
                      Statistics: Num rows: 1 Data size: 148 Basic stats: COMPLETE Column stats: COMPLETE
                      Reduce Output Operator
                        key expressions: _col0 (type: boolean)
                        null sort order: z
                        sort order: +
                        Map-reduce partition columns: _col0 (type: boolean)
                        Statistics: Num rows: 1 Data size: 148 Basic stats: COMPLETE Column stats: COMPLETE
                        value expressions: _col1 (type: binary)
            Execution mode: llap
            LLAP IO: may be used (ACID table)
        Reducer 2 
            Execution mode: llap
            Reduce Operator Tree:
              Merge Join Operator
                condition map:
                     Inner Join 0 to 1
                keys:
                  0 
                  1 
                outputColumnNames: _col0, _col1, _col2
                Statistics: Num rows: 24 Data size: 3644 Basic stats: COMPLETE Column stats: COMPLETE
                Select Operator
                  expressions: _col0 (type: int), UDFToInteger(CASE WHEN ((ceil((ds_kll_rank(_col2, _col1) * 4)) < 1.0D)) THEN (1.0D) ELSE (ceil((ds_kll_rank(_col2, _col1) * 4))) END) (type: int)
                  outputColumnNames: _col0, _col1
                  Statistics: Num rows: 24 Data size: 188 Basic stats: COMPLETE Column stats: COMPLETE
                  Reduce Output Operator
                    key expressions: _col0 (type: int)
                    null sort order: a
                    sort order: +
                    Statistics: Num rows: 24 Data size: 188 Basic stats: COMPLETE Column stats: COMPLETE
                    value expressions: _col1 (type: int)
        Reducer 3 
            Execution mode: vectorized, llap
            Reduce Operator Tree:
              Select Operator
                expressions: KEY.reducesinkkey0 (type: int), 'rewrite' (type: string), VALUE._col0 (type: int)
                outputColumnNames: _col0, _col1, _col2
                Statistics: Num rows: 24 Data size: 2372 Basic stats: COMPLETE Column stats: COMPLETE
                File Output Operator
                  compressed: false
                  Statistics: Num rows: 24 Data size: 2372 Basic stats: COMPLETE Column stats: COMPLETE
                  table:
                      input format: org.apache.hadoop.mapred.SequenceFileInputFormat
                      output format: org.apache.hadoop.hive.ql.io.HiveSequenceFileOutputFormat
                      serde: org.apache.hadoop.hive.serde2.lazy.LazySimpleSerDe
        Reducer 4 
            Execution mode: llap
            Reduce Operator Tree:
              Group By Operator
                aggregations: ds_kll_sketch(VALUE._col0)
                keys: KEY._col0 (type: boolean)
                mode: mergepartial
                outputColumnNames: _col0, _col1
                Statistics: Num rows: 1 Data size: 148 Basic stats: COMPLETE Column stats: COMPLETE
                Select Operator
                  expressions: _col1 (type: binary)
                  outputColumnNames: _col0
                  Statistics: Num rows: 1 Data size: 144 Basic stats: COMPLETE Column stats: COMPLETE
                  Reduce Output Operator
                    null sort order: 
                    sort order: 
                    Statistics: Num rows: 1 Data size: 144 Basic stats: COMPLETE Column stats: COMPLETE
                    value expressions: _col0 (type: binary)

  Stage: Stage-0
    Fetch Operator
      limit: -1
      Processor Tree:
        ListSink

WARNING: Comparing bigint and double may result in loss of information.
Warning: Shuffle Join MERGEJOIN[17][tables = [$hdt$_0, $hdt$_1]] in Stage 'Reducer 2' is a cross product
PREHOOK: query: select id,'rewrite',ntile(4) over (order by id nulls first) from sketch_input order by id nulls first
PREHOOK: type: QUERY
PREHOOK: Input: default@sketch_input
#### A masked pattern was here ####
POSTHOOK: query: select id,'rewrite',ntile(4) over (order by id nulls first) from sketch_input order by id nulls first
POSTHOOK: type: QUERY
POSTHOOK: Input: default@sketch_input
#### A masked pattern was here ####
NULL	rewrite	1
NULL	rewrite	1
1	rewrite	1
1	rewrite	1
2	rewrite	1
3	rewrite	1
4	rewrite	1
5	rewrite	1
6	rewrite	2
6	rewrite	2
6	rewrite	2
7	rewrite	2
7	rewrite	2
8	rewrite	2
8	rewrite	2
9	rewrite	3
9	rewrite	3
10	rewrite	3
10	rewrite	3
11	rewrite	4
12	rewrite	4
13	rewrite	4
14	rewrite	4
15	rewrite	4
WARNING: Comparing bigint and double may result in loss of information.
Warning: Shuffle Join MERGEJOIN[17][tables = [$hdt$_0, $hdt$_1]] in Stage 'Reducer 2' is a cross product
PREHOOK: query: explain
select id,'rewrite',ntile(4) over (order by id nulls last) from sketch_input order by id nulls last
PREHOOK: type: QUERY
PREHOOK: Input: default@sketch_input
#### A masked pattern was here ####
POSTHOOK: query: explain
select id,'rewrite',ntile(4) over (order by id nulls last) from sketch_input order by id nulls last
POSTHOOK: type: QUERY
POSTHOOK: Input: default@sketch_input
#### A masked pattern was here ####
STAGE DEPENDENCIES:
  Stage-1 is a root stage
  Stage-0 depends on stages: Stage-1

STAGE PLANS:
  Stage: Stage-1
    Tez
#### A masked pattern was here ####
      Edges:
        Reducer 2 <- Map 1 (XPROD_EDGE), Reducer 4 (XPROD_EDGE)
        Reducer 3 <- Reducer 2 (SIMPLE_EDGE)
        Reducer 4 <- Map 1 (SIMPLE_EDGE)
#### A masked pattern was here ####
      Vertices:
        Map 1 
            Map Operator Tree:
                TableScan
                  alias: sketch_input
                  Statistics: Num rows: 24 Data size: 92 Basic stats: COMPLETE Column stats: COMPLETE
                  Select Operator
                    expressions: id (type: int), UDFToFloat(COALESCE(UDFToFloat(id),3.4028234663852886E38D)) (type: float)
                    outputColumnNames: _col0, _col1
                    Statistics: Num rows: 24 Data size: 188 Basic stats: COMPLETE Column stats: COMPLETE
                    Reduce Output Operator
                      null sort order: 
                      sort order: 
                      Statistics: Num rows: 24 Data size: 188 Basic stats: COMPLETE Column stats: COMPLETE
                      value expressions: _col0 (type: int), _col1 (type: float)
                  Select Operator
                    expressions: UDFToFloat(id) (type: float)
                    outputColumnNames: _col1
                    Statistics: Num rows: 24 Data size: 92 Basic stats: COMPLETE Column stats: COMPLETE
                    Group By Operator
                      aggregations: ds_kll_sketch(_col1)
                      keys: true (type: boolean)
                      minReductionHashAggr: 0.9583333
                      mode: hash
                      outputColumnNames: _col0, _col1
                      Statistics: Num rows: 1 Data size: 148 Basic stats: COMPLETE Column stats: COMPLETE
                      Reduce Output Operator
                        key expressions: _col0 (type: boolean)
                        null sort order: z
                        sort order: +
                        Map-reduce partition columns: _col0 (type: boolean)
                        Statistics: Num rows: 1 Data size: 148 Basic stats: COMPLETE Column stats: COMPLETE
                        value expressions: _col1 (type: binary)
            Execution mode: llap
            LLAP IO: may be used (ACID table)
        Reducer 2 
            Execution mode: llap
            Reduce Operator Tree:
              Merge Join Operator
                condition map:
                     Inner Join 0 to 1
                keys:
                  0 
                  1 
                outputColumnNames: _col0, _col1, _col2
                Statistics: Num rows: 24 Data size: 3644 Basic stats: COMPLETE Column stats: COMPLETE
                Select Operator
                  expressions: _col0 (type: int), UDFToInteger(CASE WHEN ((ceil((ds_kll_rank(_col2, _col1) * 4)) < 1.0D)) THEN (1.0D) ELSE (ceil((ds_kll_rank(_col2, _col1) * 4))) END) (type: int)
                  outputColumnNames: _col0, _col1
                  Statistics: Num rows: 24 Data size: 188 Basic stats: COMPLETE Column stats: COMPLETE
                  Reduce Output Operator
                    key expressions: _col0 (type: int)
                    null sort order: z
                    sort order: +
                    Statistics: Num rows: 24 Data size: 188 Basic stats: COMPLETE Column stats: COMPLETE
                    value expressions: _col1 (type: int)
        Reducer 3 
            Execution mode: vectorized, llap
            Reduce Operator Tree:
              Select Operator
                expressions: KEY.reducesinkkey0 (type: int), 'rewrite' (type: string), VALUE._col0 (type: int)
                outputColumnNames: _col0, _col1, _col2
                Statistics: Num rows: 24 Data size: 2372 Basic stats: COMPLETE Column stats: COMPLETE
                File Output Operator
                  compressed: false
                  Statistics: Num rows: 24 Data size: 2372 Basic stats: COMPLETE Column stats: COMPLETE
                  table:
                      input format: org.apache.hadoop.mapred.SequenceFileInputFormat
                      output format: org.apache.hadoop.hive.ql.io.HiveSequenceFileOutputFormat
                      serde: org.apache.hadoop.hive.serde2.lazy.LazySimpleSerDe
        Reducer 4 
            Execution mode: llap
            Reduce Operator Tree:
              Group By Operator
                aggregations: ds_kll_sketch(VALUE._col0)
                keys: KEY._col0 (type: boolean)
                mode: mergepartial
                outputColumnNames: _col0, _col1
                Statistics: Num rows: 1 Data size: 148 Basic stats: COMPLETE Column stats: COMPLETE
                Select Operator
                  expressions: _col1 (type: binary)
                  outputColumnNames: _col0
                  Statistics: Num rows: 1 Data size: 144 Basic stats: COMPLETE Column stats: COMPLETE
                  Reduce Output Operator
                    null sort order: 
                    sort order: 
                    Statistics: Num rows: 1 Data size: 144 Basic stats: COMPLETE Column stats: COMPLETE
                    value expressions: _col0 (type: binary)

  Stage: Stage-0
    Fetch Operator
      limit: -1
      Processor Tree:
        ListSink

WARNING: Comparing bigint and double may result in loss of information.
Warning: Shuffle Join MERGEJOIN[17][tables = [$hdt$_0, $hdt$_1]] in Stage 'Reducer 2' is a cross product
PREHOOK: query: select id,'rewrite',ntile(4) over (order by id nulls last) from sketch_input order by id nulls last
PREHOOK: type: QUERY
PREHOOK: Input: default@sketch_input
#### A masked pattern was here ####
POSTHOOK: query: select id,'rewrite',ntile(4) over (order by id nulls last) from sketch_input order by id nulls last
POSTHOOK: type: QUERY
POSTHOOK: Input: default@sketch_input
#### A masked pattern was here ####
1	rewrite	1
1	rewrite	1
2	rewrite	1
3	rewrite	1
4	rewrite	1
5	rewrite	1
6	rewrite	2
6	rewrite	2
6	rewrite	2
7	rewrite	2
7	rewrite	2
8	rewrite	2
8	rewrite	2
9	rewrite	3
9	rewrite	3
10	rewrite	3
10	rewrite	3
11	rewrite	4
12	rewrite	4
13	rewrite	4
14	rewrite	4
15	rewrite	4
NULL	rewrite	4
NULL	rewrite	4
WARNING: Comparing bigint and double may result in loss of information.
Warning: Shuffle Join MERGEJOIN[16][tables = [$hdt$_0, $hdt$_1]] in Stage 'Reducer 2' is a cross product
PREHOOK: query: select id,ntile(4) over (order by id) from sketch_input order by id
PREHOOK: type: QUERY
PREHOOK: Input: default@sketch_input
#### A masked pattern was here ####
POSTHOOK: query: select id,ntile(4) over (order by id) from sketch_input order by id
POSTHOOK: type: QUERY
POSTHOOK: Input: default@sketch_input
#### A masked pattern was here ####
1	1
1	1
2	1
3	1
4	1
5	1
6	2
6	2
6	2
7	2
7	2
8	2
8	2
9	3
9	3
10	3
10	3
11	4
12	4
13	4
14	4
15	4
NULL	4
NULL	4
PREHOOK: query: explain
select category,ntile(4) over (order by category) from sketch_input order by category
PREHOOK: type: QUERY
PREHOOK: Input: default@sketch_input
#### A masked pattern was here ####
POSTHOOK: query: explain
select category,ntile(4) over (order by category) from sketch_input order by category
POSTHOOK: type: QUERY
POSTHOOK: Input: default@sketch_input
#### A masked pattern was here ####
STAGE DEPENDENCIES:
  Stage-1 is a root stage
  Stage-0 depends on stages: Stage-1

STAGE PLANS:
  Stage: Stage-1
    Tez
#### A masked pattern was here ####
      Edges:
        Reducer 2 <- Map 1 (SIMPLE_EDGE)
        Reducer 3 <- Reducer 2 (SIMPLE_EDGE)
#### A masked pattern was here ####
      Vertices:
        Map 1 
            Map Operator Tree:
                TableScan
                  alias: sketch_input
                  Statistics: Num rows: 24 Data size: 2040 Basic stats: COMPLETE Column stats: COMPLETE
                  Reduce Output Operator
                    key expressions: 0 (type: int), category (type: char(1))
                    null sort order: az
                    sort order: ++
                    Map-reduce partition columns: 0 (type: int)
                    Statistics: Num rows: 24 Data size: 2040 Basic stats: COMPLETE Column stats: COMPLETE
            Execution mode: vectorized, llap
            LLAP IO: may be used (ACID table)
        Reducer 2 
            Execution mode: llap
            Reduce Operator Tree:
              Select Operator
                expressions: KEY.reducesinkkey1 (type: char(1))
                outputColumnNames: _col1
                Statistics: Num rows: 24 Data size: 8472 Basic stats: COMPLETE Column stats: COMPLETE
                PTF Operator
                  Function definitions:
                      Input definition
                        input alias: ptf_0
                        output shape: _col1: char(1)
                        type: WINDOWING
                      Windowing table definition
                        input alias: ptf_1
                        name: windowingtablefunction
                        order by: _col1 ASC NULLS LAST
                        partition by: 0
                        raw input shape:
                        window functions:
                            window function definition
                              alias: ntile_window_0
                              arguments: 4
                              name: ntile
                              window function: GenericUDAFNTileEvaluator
                              window frame: ROWS PRECEDING(MAX)~FOLLOWING(MAX)
                              isPivotResult: true
                  Statistics: Num rows: 24 Data size: 8472 Basic stats: COMPLETE Column stats: COMPLETE
                  Select Operator
                    expressions: _col1 (type: char(1)), ntile_window_0 (type: int)
                    outputColumnNames: _col0, _col1
                    Statistics: Num rows: 24 Data size: 2136 Basic stats: COMPLETE Column stats: COMPLETE
                    Reduce Output Operator
                      key expressions: _col0 (type: char(1))
                      null sort order: z
                      sort order: +
                      Statistics: Num rows: 24 Data size: 2136 Basic stats: COMPLETE Column stats: COMPLETE
                      value expressions: _col1 (type: int)
        Reducer 3 
            Execution mode: vectorized, llap
            Reduce Operator Tree:
              Select Operator
                expressions: KEY.reducesinkkey0 (type: char(1)), VALUE._col0 (type: int)
                outputColumnNames: _col0, _col1
                Statistics: Num rows: 24 Data size: 2136 Basic stats: COMPLETE Column stats: COMPLETE
                File Output Operator
                  compressed: false
                  Statistics: Num rows: 24 Data size: 2136 Basic stats: COMPLETE Column stats: COMPLETE
                  table:
                      input format: org.apache.hadoop.mapred.SequenceFileInputFormat
                      output format: org.apache.hadoop.hive.ql.io.HiveSequenceFileOutputFormat
                      serde: org.apache.hadoop.hive.serde2.lazy.LazySimpleSerDe

  Stage: Stage-0
    Fetch Operator
      limit: -1
      Processor Tree:
        ListSink

PREHOOK: query: select category,ntile(4) over (order by category) from sketch_input order by category
PREHOOK: type: QUERY
PREHOOK: Input: default@sketch_input
#### A masked pattern was here ####
POSTHOOK: query: select category,ntile(4) over (order by category) from sketch_input order by category
POSTHOOK: type: QUERY
POSTHOOK: Input: default@sketch_input
#### A masked pattern was here ####
a	1
a	1
a	1
a	1
a	1
a	1
a	2
a	2
a	2
a	2
a	2
a	2
b	3
b	3
b	3
b	3
b	3
b	3
b	4
b	4
b	4
b	4
b	4
b	4
