PREHOOK: query: CREATE TABLE T1_n157(key STRING, val STRING)	
SKEWED BY (key) ON ((2)) STORED AS TEXTFILE
PREHOOK: type: CREATETABLE
PREHOOK: Output: database:default
PREHOOK: Output: default@T1_n157
POSTHOOK: query: CREATE TABLE T1_n157(key STRING, val STRING)	
SKEWED BY (key) ON ((2)) STORED AS TEXTFILE
POSTHOOK: type: CREATETABLE
POSTHOOK: Output: database:default
POSTHOOK: Output: default@T1_n157
PREHOOK: query: LOAD DATA LOCAL INPATH '../../data/files/T1.txt' INTO TABLE T1_n157
PREHOOK: type: LOAD
#### A masked pattern was here ####
PREHOOK: Output: default@t1_n157
POSTHOOK: query: LOAD DATA LOCAL INPATH '../../data/files/T1.txt' INTO TABLE T1_n157
POSTHOOK: type: LOAD
#### A masked pattern was here ####
POSTHOOK: Output: default@t1_n157
PREHOOK: query: CREATE TABLE T2_n92(key STRING, val STRING) STORED AS TEXTFILE
PREHOOK: type: CREATETABLE
PREHOOK: Output: database:default
PREHOOK: Output: default@T2_n92
POSTHOOK: query: CREATE TABLE T2_n92(key STRING, val STRING) STORED AS TEXTFILE
POSTHOOK: type: CREATETABLE
POSTHOOK: Output: database:default
POSTHOOK: Output: default@T2_n92
PREHOOK: query: LOAD DATA LOCAL INPATH '../../data/files/T2.txt' INTO TABLE T2_n92
PREHOOK: type: LOAD
#### A masked pattern was here ####
PREHOOK: Output: default@t2_n92
POSTHOOK: query: LOAD DATA LOCAL INPATH '../../data/files/T2.txt' INTO TABLE T2_n92
POSTHOOK: type: LOAD
#### A masked pattern was here ####
POSTHOOK: Output: default@t2_n92
PREHOOK: query: EXPLAIN	 
select * from	
(      
  select a.key, a.val as val1, b.val as val2 from T1_n157 a join T2_n92 b on a.key = b.key
    union all 	
  select a.key, a.val as val1, b.val as val2 from T1_n157 a join T2_n92 b on a.key = b.key
) subq1
PREHOOK: type: QUERY
PREHOOK: Input: default@t1_n157
PREHOOK: Input: default@t2_n92
#### A masked pattern was here ####
POSTHOOK: query: EXPLAIN	 
select * from	
(      
  select a.key, a.val as val1, b.val as val2 from T1_n157 a join T2_n92 b on a.key = b.key
    union all 	
  select a.key, a.val as val1, b.val as val2 from T1_n157 a join T2_n92 b on a.key = b.key
) subq1
POSTHOOK: type: QUERY
POSTHOOK: Input: default@t1_n157
POSTHOOK: Input: default@t2_n92
#### A masked pattern was here ####
STAGE DEPENDENCIES:
  Stage-1 is a root stage
  Stage-0 depends on stages: Stage-1

STAGE PLANS:
  Stage: Stage-1
    Tez
#### A masked pattern was here ####
      Edges:
        Map 1 <- Map 4 (BROADCAST_EDGE), Union 2 (CONTAINS)
        Map 3 <- Reducer 5 (BROADCAST_EDGE), Union 2 (CONTAINS)
        Reducer 5 <- Map 4 (SIMPLE_EDGE)
#### A masked pattern was here ####
      Vertices:
        Map 1 
            Map Operator Tree:
                TableScan
                  alias: a
                  filterExpr: key is not null (type: boolean)
                  Statistics: Num rows: 1 Data size: 368 Basic stats: COMPLETE Column stats: NONE
                  Filter Operator
                    predicate: key is not null (type: boolean)
                    Statistics: Num rows: 1 Data size: 368 Basic stats: COMPLETE Column stats: NONE
                    Select Operator
                      expressions: key (type: string), val (type: string)
                      outputColumnNames: _col0, _col1
                      Statistics: Num rows: 1 Data size: 368 Basic stats: COMPLETE Column stats: NONE
                      Map Join Operator
                        condition map:
                             Inner Join 0 to 1
                        keys:
                          0 _col0 (type: string)
                          1 _col0 (type: string)
                        outputColumnNames: _col0, _col1, _col3
                        input vertices:
                          1 Map 4
                        Statistics: Num rows: 1 Data size: 404 Basic stats: COMPLETE Column stats: NONE
                        Select Operator
                          expressions: _col0 (type: string), _col1 (type: string), _col3 (type: string)
                          outputColumnNames: _col0, _col1, _col2
                          Statistics: Num rows: 1 Data size: 404 Basic stats: COMPLETE Column stats: NONE
                          File Output Operator
                            compressed: false
                            Statistics: Num rows: 2 Data size: 808 Basic stats: COMPLETE Column stats: NONE
                            table:
                                input format: org.apache.hadoop.mapred.SequenceFileInputFormat
                                output format: org.apache.hadoop.hive.ql.io.HiveSequenceFileOutputFormat
                                serde: org.apache.hadoop.hive.serde2.lazy.LazySimpleSerDe
            Execution mode: vectorized, llap
            LLAP IO: all inputs
        Map 3 
            Map Operator Tree:
                TableScan
                  alias: a
                  filterExpr: key is not null (type: boolean)
                  Statistics: Num rows: 1 Data size: 368 Basic stats: COMPLETE Column stats: NONE
                  Filter Operator
                    predicate: key is not null (type: boolean)
                    Statistics: Num rows: 1 Data size: 368 Basic stats: COMPLETE Column stats: NONE
                    Select Operator
                      expressions: key (type: string), val (type: string)
                      outputColumnNames: _col0, _col1
                      Statistics: Num rows: 1 Data size: 368 Basic stats: COMPLETE Column stats: NONE
                      Map Join Operator
                        condition map:
                             Inner Join 0 to 1
                        keys:
                          0 _col0 (type: string)
                          1 _col0 (type: string)
                        outputColumnNames: _col0, _col1, _col3
                        input vertices:
                          1 Reducer 5
                        Statistics: Num rows: 1 Data size: 404 Basic stats: COMPLETE Column stats: NONE
                        Select Operator
                          expressions: _col0 (type: string), _col1 (type: string), _col3 (type: string)
                          outputColumnNames: _col0, _col1, _col2
                          Statistics: Num rows: 1 Data size: 404 Basic stats: COMPLETE Column stats: NONE
                          File Output Operator
                            compressed: false
                            Statistics: Num rows: 2 Data size: 808 Basic stats: COMPLETE Column stats: NONE
                            table:
                                input format: org.apache.hadoop.mapred.SequenceFileInputFormat
                                output format: org.apache.hadoop.hive.ql.io.HiveSequenceFileOutputFormat
                                serde: org.apache.hadoop.hive.serde2.lazy.LazySimpleSerDe
            Execution mode: vectorized, llap
            LLAP IO: all inputs
        Map 4 
            Map Operator Tree:
                TableScan
                  alias: b
                  filterExpr: key is not null (type: boolean)
                  Statistics: Num rows: 1 Data size: 368 Basic stats: COMPLETE Column stats: NONE
                  Filter Operator
                    predicate: key is not null (type: boolean)
                    Statistics: Num rows: 1 Data size: 368 Basic stats: COMPLETE Column stats: NONE
                    Select Operator
                      expressions: key (type: string), val (type: string)
                      outputColumnNames: _col0, _col1
                      Statistics: Num rows: 1 Data size: 368 Basic stats: COMPLETE Column stats: NONE
                      Reduce Output Operator
                        key expressions: _col0 (type: string)
                        null sort order: z
                        sort order: +
                        Map-reduce partition columns: _col0 (type: string)
                        Statistics: Num rows: 1 Data size: 368 Basic stats: COMPLETE Column stats: NONE
                        value expressions: _col1 (type: string)
                      Reduce Output Operator
                        key expressions: _col0 (type: string)
                        null sort order: z
                        sort order: +
                        Map-reduce partition columns: _col0 (type: string)
                        Statistics: Num rows: 1 Data size: 368 Basic stats: COMPLETE Column stats: NONE
                        value expressions: _col1 (type: string)
            Execution mode: vectorized, llap
            LLAP IO: all inputs
        Reducer 5 
            Execution mode: vectorized, llap
            Reduce Operator Tree:
              Select Operator
                expressions: VALUE._col0 (type: string), KEY.reducesinkkey0 (type: string)
                outputColumnNames: _col1, _col0
                Reduce Output Operator
                  key expressions: _col0 (type: string)
                  null sort order: z
                  sort order: +
                  Map-reduce partition columns: _col0 (type: string)
                  Statistics: Num rows: 1 Data size: 368 Basic stats: COMPLETE Column stats: NONE
                  value expressions: _col1 (type: string)
        Union 2 
            Vertex: Union 2

  Stage: Stage-0
    Fetch Operator
      limit: -1
      Processor Tree:
        ListSink

PREHOOK: query: select * from	
(      
  select a.key, a.val as val1, b.val as val2 from T1_n157 a join T2_n92 b on a.key = b.key
    union all 	
  select a.key, a.val as val1, b.val as val2 from T1_n157 a join T2_n92 b on a.key = b.key
) subq1
ORDER BY key, val1, val2
PREHOOK: type: QUERY
PREHOOK: Input: default@t1_n157
PREHOOK: Input: default@t2_n92
#### A masked pattern was here ####
POSTHOOK: query: select * from	
(      
  select a.key, a.val as val1, b.val as val2 from T1_n157 a join T2_n92 b on a.key = b.key
    union all 	
  select a.key, a.val as val1, b.val as val2 from T1_n157 a join T2_n92 b on a.key = b.key
) subq1
ORDER BY key, val1, val2
POSTHOOK: type: QUERY
POSTHOOK: Input: default@t1_n157
POSTHOOK: Input: default@t2_n92
#### A masked pattern was here ####
2	12	22
2	12	22
3	13	13
3	13	13
8	18	18
8	18	18
8	18	18
8	18	18
8	28	18
8	28	18
8	28	18
8	28	18
