PREHOOK: query: CREATE TABLE T1_n39(key STRING, value STRING) STORED AS TEXTFILE
PREHOOK: type: CREATETABLE
PREHOOK: Output: database:default
PREHOOK: Output: default@T1_n39
POSTHOOK: query: CREATE TABLE T1_n39(key STRING, value STRING) STORED AS TEXTFILE
POSTHOOK: type: CREATETABLE
POSTHOOK: Output: database:default
POSTHOOK: Output: default@T1_n39
PREHOOK: query: LOAD DATA LOCAL INPATH '../../data/files/T1.txt' INTO TABLE T1_n39
PREHOOK: type: LOAD
#### A masked pattern was here ####
PREHOOK: Output: default@t1_n39
POSTHOOK: query: LOAD DATA LOCAL INPATH '../../data/files/T1.txt' INTO TABLE T1_n39
POSTHOOK: type: LOAD
#### A masked pattern was here ####
POSTHOOK: Output: default@t1_n39
PREHOOK: query: drop table array_valued_T1_n39
PREHOOK: type: DROPTABLE
PREHOOK: Output: database:default
POSTHOOK: query: drop table array_valued_T1_n39
POSTHOOK: type: DROPTABLE
POSTHOOK: Output: database:default
PREHOOK: query: create table array_valued_T1_n39 (key string, value array<string>) SKEWED BY (key) ON ((8))
PREHOOK: type: CREATETABLE
PREHOOK: Output: database:default
PREHOOK: Output: default@array_valued_T1_n39
POSTHOOK: query: create table array_valued_T1_n39 (key string, value array<string>) SKEWED BY (key) ON ((8))
POSTHOOK: type: CREATETABLE
POSTHOOK: Output: database:default
POSTHOOK: Output: default@array_valued_T1_n39
PREHOOK: query: insert overwrite table array_valued_T1_n39 select key, array(value) from T1_n39
PREHOOK: type: QUERY
PREHOOK: Input: default@t1_n39
PREHOOK: Output: default@array_valued_t1_n39
POSTHOOK: query: insert overwrite table array_valued_T1_n39 select key, array(value) from T1_n39
POSTHOOK: type: QUERY
POSTHOOK: Input: default@t1_n39
POSTHOOK: Output: default@array_valued_t1_n39
POSTHOOK: Lineage: array_valued_t1_n39.key SIMPLE [(t1_n39)t1_n39.FieldSchema(name:key, type:string, comment:null), ]
POSTHOOK: Lineage: array_valued_t1_n39.value EXPRESSION [(t1_n39)t1_n39.FieldSchema(name:value, type:string, comment:null), ]
PREHOOK: query: explain 
select * from (select a.key as key, b.value as array_val from T1_n39 a join array_valued_T1_n39 b on a.key=b.key) i lateral view explode (array_val) c as val
PREHOOK: type: QUERY
PREHOOK: Input: default@array_valued_t1_n39
PREHOOK: Input: default@t1_n39
#### A masked pattern was here ####
POSTHOOK: query: explain 
select * from (select a.key as key, b.value as array_val from T1_n39 a join array_valued_T1_n39 b on a.key=b.key) i lateral view explode (array_val) c as val
POSTHOOK: type: QUERY
POSTHOOK: Input: default@array_valued_t1_n39
POSTHOOK: Input: default@t1_n39
#### A masked pattern was here ####
STAGE DEPENDENCIES:
  Stage-1 is a root stage
  Stage-0 depends on stages: Stage-1

STAGE PLANS:
  Stage: Stage-1
    Tez
#### A masked pattern was here ####
      Edges:
        Map 2 <- Map 1 (BROADCAST_EDGE)
#### A masked pattern was here ####
      Vertices:
        Map 1 
            Map Operator Tree:
                TableScan
                  alias: a
                  filterExpr: key is not null (type: boolean)
                  Statistics: Num rows: 1 Data size: 184 Basic stats: COMPLETE Column stats: NONE
                  Filter Operator
                    predicate: key is not null (type: boolean)
                    Statistics: Num rows: 1 Data size: 184 Basic stats: COMPLETE Column stats: NONE
                    Reduce Output Operator
                      key expressions: key (type: string)
                      null sort order: z
                      sort order: +
                      Map-reduce partition columns: key (type: string)
                      Statistics: Num rows: 1 Data size: 184 Basic stats: COMPLETE Column stats: NONE
            Execution mode: vectorized, llap
            LLAP IO: all inputs
        Map 2 
            Map Operator Tree:
                TableScan
                  alias: b
                  filterExpr: key is not null (type: boolean)
                  probeDecodeDetails: cacheKey:HASH_MAP_MAPJOIN_29_container, bigKeyColName:key, smallTablePos:0, keyRatio:6.0
                  Statistics: Num rows: 6 Data size: 12624 Basic stats: COMPLETE Column stats: NONE
                  Filter Operator
                    predicate: key is not null (type: boolean)
                    Statistics: Num rows: 6 Data size: 12624 Basic stats: COMPLETE Column stats: NONE
                    Map Join Operator
                      condition map:
                           Inner Join 0 to 1
                      keys:
                        0 key (type: string)
                        1 key (type: string)
                      outputColumnNames: _col0, _col7
                      input vertices:
                        0 Map 1
                      Statistics: Num rows: 6 Data size: 13886 Basic stats: COMPLETE Column stats: NONE
                      Select Operator
                        expressions: _col0 (type: string), _col7 (type: array<string>)
                        outputColumnNames: _col0, _col1
                        Statistics: Num rows: 6 Data size: 13886 Basic stats: COMPLETE Column stats: NONE
                        Lateral View Forward
                          Statistics: Num rows: 6 Data size: 13886 Basic stats: COMPLETE Column stats: NONE
                          Select Operator
                            expressions: _col0 (type: string), _col1 (type: array<string>)
                            outputColumnNames: _col0, _col1
                            Statistics: Num rows: 6 Data size: 13886 Basic stats: COMPLETE Column stats: NONE
                            Lateral View Join Operator
                              outputColumnNames: _col0, _col1, _col2
                              Statistics: Num rows: 6 Data size: 27772 Basic stats: COMPLETE Column stats: NONE
                              File Output Operator
                                compressed: false
                                Statistics: Num rows: 6 Data size: 27772 Basic stats: COMPLETE Column stats: NONE
                                table:
                                    input format: org.apache.hadoop.mapred.SequenceFileInputFormat
                                    output format: org.apache.hadoop.hive.ql.io.HiveSequenceFileOutputFormat
                                    serde: org.apache.hadoop.hive.serde2.lazy.LazySimpleSerDe
                          Select Operator
                            expressions: _col1 (type: array<string>)
                            outputColumnNames: _col0
                            Statistics: Num rows: 6 Data size: 13886 Basic stats: COMPLETE Column stats: NONE
                            UDTF Operator
                              Statistics: Num rows: 6 Data size: 13886 Basic stats: COMPLETE Column stats: NONE
                              function name: explode
                              Lateral View Join Operator
                                outputColumnNames: _col0, _col1, _col2
                                Statistics: Num rows: 6 Data size: 27772 Basic stats: COMPLETE Column stats: NONE
                                File Output Operator
                                  compressed: false
                                  Statistics: Num rows: 6 Data size: 27772 Basic stats: COMPLETE Column stats: NONE
                                  table:
                                      input format: org.apache.hadoop.mapred.SequenceFileInputFormat
                                      output format: org.apache.hadoop.hive.ql.io.HiveSequenceFileOutputFormat
                                      serde: org.apache.hadoop.hive.serde2.lazy.LazySimpleSerDe
            Execution mode: llap
            LLAP IO: all inputs

  Stage: Stage-0
    Fetch Operator
      limit: -1
      Processor Tree:
        ListSink

PREHOOK: query: select * from (select a.key as key, b.value as array_val from T1_n39 a join array_valued_T1_n39 b on a.key=b.key) i lateral view explode (array_val) c as val
ORDER BY key, val
PREHOOK: type: QUERY
PREHOOK: Input: default@array_valued_t1_n39
PREHOOK: Input: default@t1_n39
#### A masked pattern was here ####
POSTHOOK: query: select * from (select a.key as key, b.value as array_val from T1_n39 a join array_valued_T1_n39 b on a.key=b.key) i lateral view explode (array_val) c as val
ORDER BY key, val
POSTHOOK: type: QUERY
POSTHOOK: Input: default@array_valued_t1_n39
POSTHOOK: Input: default@t1_n39
#### A masked pattern was here ####
1	["11"]	11
2	["12"]	12
3	["13"]	13
7	["17"]	17
8	["18"]	18
8	["18"]	18
8	["28"]	28
8	["28"]	28
