PREHOOK: query: CREATE TABLE T1_n128(key STRING, val STRING) STORED AS TEXTFILE
PREHOOK: type: CREATETABLE
PREHOOK: Output: database:default
PREHOOK: Output: default@T1_n128
POSTHOOK: query: CREATE TABLE T1_n128(key STRING, val STRING) STORED AS TEXTFILE
POSTHOOK: type: CREATETABLE
POSTHOOK: Output: database:default
POSTHOOK: Output: default@T1_n128
PREHOOK: query: CREATE TABLE T2_n76(key STRING, val STRING) STORED AS TEXTFILE
PREHOOK: type: CREATETABLE
PREHOOK: Output: database:default
PREHOOK: Output: default@T2_n76
POSTHOOK: query: CREATE TABLE T2_n76(key STRING, val STRING) STORED AS TEXTFILE
POSTHOOK: type: CREATETABLE
POSTHOOK: Output: database:default
POSTHOOK: Output: default@T2_n76
PREHOOK: query: CREATE TABLE T3_n30(key STRING, val STRING) STORED AS TEXTFILE
PREHOOK: type: CREATETABLE
PREHOOK: Output: database:default
PREHOOK: Output: default@T3_n30
POSTHOOK: query: CREATE TABLE T3_n30(key STRING, val STRING) STORED AS TEXTFILE
POSTHOOK: type: CREATETABLE
POSTHOOK: Output: database:default
POSTHOOK: Output: default@T3_n30
PREHOOK: query: CREATE TABLE T4_n17(key STRING, val STRING) STORED AS TEXTFILE
PREHOOK: type: CREATETABLE
PREHOOK: Output: database:default
PREHOOK: Output: default@T4_n17
POSTHOOK: query: CREATE TABLE T4_n17(key STRING, val STRING) STORED AS TEXTFILE
POSTHOOK: type: CREATETABLE
POSTHOOK: Output: database:default
POSTHOOK: Output: default@T4_n17
PREHOOK: query: CREATE TABLE dest_j1_n17(key INT, value STRING) STORED AS TEXTFILE
PREHOOK: type: CREATETABLE
PREHOOK: Output: database:default
PREHOOK: Output: default@dest_j1_n17
POSTHOOK: query: CREATE TABLE dest_j1_n17(key INT, value STRING) STORED AS TEXTFILE
POSTHOOK: type: CREATETABLE
POSTHOOK: Output: database:default
POSTHOOK: Output: default@dest_j1_n17
PREHOOK: query: LOAD DATA LOCAL INPATH '../../data/files/T1.txt' INTO TABLE T1_n128
PREHOOK: type: LOAD
#### A masked pattern was here ####
PREHOOK: Output: default@t1_n128
POSTHOOK: query: LOAD DATA LOCAL INPATH '../../data/files/T1.txt' INTO TABLE T1_n128
POSTHOOK: type: LOAD
#### A masked pattern was here ####
POSTHOOK: Output: default@t1_n128
PREHOOK: query: LOAD DATA LOCAL INPATH '../../data/files/T2.txt' INTO TABLE T2_n76
PREHOOK: type: LOAD
#### A masked pattern was here ####
PREHOOK: Output: default@t2_n76
POSTHOOK: query: LOAD DATA LOCAL INPATH '../../data/files/T2.txt' INTO TABLE T2_n76
POSTHOOK: type: LOAD
#### A masked pattern was here ####
POSTHOOK: Output: default@t2_n76
PREHOOK: query: LOAD DATA LOCAL INPATH '../../data/files/T3.txt' INTO TABLE T3_n30
PREHOOK: type: LOAD
#### A masked pattern was here ####
PREHOOK: Output: default@t3_n30
POSTHOOK: query: LOAD DATA LOCAL INPATH '../../data/files/T3.txt' INTO TABLE T3_n30
POSTHOOK: type: LOAD
#### A masked pattern was here ####
POSTHOOK: Output: default@t3_n30
PREHOOK: query: LOAD DATA LOCAL INPATH '../../data/files/T1.txt' INTO TABLE T4_n17
PREHOOK: type: LOAD
#### A masked pattern was here ####
PREHOOK: Output: default@t4_n17
POSTHOOK: query: LOAD DATA LOCAL INPATH '../../data/files/T1.txt' INTO TABLE T4_n17
POSTHOOK: type: LOAD
#### A masked pattern was here ####
POSTHOOK: Output: default@t4_n17
PREHOOK: query: EXPLAIN
FROM src src1 JOIN src src2 ON (src1.key = src2.key)
INSERT OVERWRITE TABLE dest_j1_n17 SELECT src1.key, src2.value
PREHOOK: type: QUERY
POSTHOOK: query: EXPLAIN
FROM src src1 JOIN src src2 ON (src1.key = src2.key)
INSERT OVERWRITE TABLE dest_j1_n17 SELECT src1.key, src2.value
POSTHOOK: type: QUERY
STAGE DEPENDENCIES:
  Stage-1 is a root stage
  Stage-2 depends on stages: Stage-1
  Stage-0 depends on stages: Stage-2
  Stage-3 depends on stages: Stage-0

STAGE PLANS:
  Stage: Stage-1
    Tez
#### A masked pattern was here ####
      Edges:
        Reducer 2 <- Map 1 (SIMPLE_EDGE), Map 4 (SIMPLE_EDGE)
        Reducer 3 <- Reducer 2 (CUSTOM_SIMPLE_EDGE)
#### A masked pattern was here ####
      Vertices:
        Map 1 
            Map Operator Tree:
                TableScan
                  alias: src1
                  Statistics: Num rows: 500 Data size: 43500 Basic stats: COMPLETE Column stats: COMPLETE
                  Filter Operator
                    predicate: key is not null (type: boolean)
                    Statistics: Num rows: 500 Data size: 43500 Basic stats: COMPLETE Column stats: COMPLETE
                    Select Operator
                      expressions: key (type: string)
                      outputColumnNames: _col0
                      Statistics: Num rows: 500 Data size: 43500 Basic stats: COMPLETE Column stats: COMPLETE
                      Reduce Output Operator
                        key expressions: _col0 (type: string)
                        sort order: +
                        Map-reduce partition columns: _col0 (type: string)
                        Statistics: Num rows: 500 Data size: 43500 Basic stats: COMPLETE Column stats: COMPLETE
            Execution mode: llap
            LLAP IO: no inputs
        Map 4 
            Map Operator Tree:
                TableScan
                  alias: src2
                  Statistics: Num rows: 500 Data size: 89000 Basic stats: COMPLETE Column stats: COMPLETE
                  Filter Operator
                    predicate: key is not null (type: boolean)
                    Statistics: Num rows: 500 Data size: 89000 Basic stats: COMPLETE Column stats: COMPLETE
                    Select Operator
                      expressions: key (type: string), value (type: string)
                      outputColumnNames: _col0, _col1
                      Statistics: Num rows: 500 Data size: 89000 Basic stats: COMPLETE Column stats: COMPLETE
                      Reduce Output Operator
                        key expressions: _col0 (type: string)
                        sort order: +
                        Map-reduce partition columns: _col0 (type: string)
                        Statistics: Num rows: 500 Data size: 89000 Basic stats: COMPLETE Column stats: COMPLETE
                        value expressions: _col1 (type: string)
            Execution mode: llap
            LLAP IO: no inputs
        Reducer 2 
            Execution mode: llap
            Reduce Operator Tree:
              Merge Join Operator
                condition map:
                     Inner Join 0 to 1
                keys:
                  0 _col0 (type: string)
                  1 _col0 (type: string)
                outputColumnNames: _col0, _col2
                Statistics: Num rows: 809 Data size: 144002 Basic stats: COMPLETE Column stats: COMPLETE
                Select Operator
                  expressions: UDFToInteger(_col0) (type: int), _col2 (type: string)
                  outputColumnNames: _col0, _col1
                  Statistics: Num rows: 809 Data size: 76855 Basic stats: COMPLETE Column stats: COMPLETE
                  File Output Operator
                    compressed: false
                    Statistics: Num rows: 809 Data size: 76855 Basic stats: COMPLETE Column stats: COMPLETE
                    table:
                        input format: org.apache.hadoop.mapred.TextInputFormat
                        output format: org.apache.hadoop.hive.ql.io.HiveIgnoreKeyTextOutputFormat
                        serde: org.apache.hadoop.hive.serde2.lazy.LazySimpleSerDe
                        name: default.dest_j1_n17
                  Select Operator
                    expressions: _col0 (type: int), _col1 (type: string)
                    outputColumnNames: key, value
                    Statistics: Num rows: 809 Data size: 76855 Basic stats: COMPLETE Column stats: COMPLETE
                    Group By Operator
                      aggregations: compute_stats(key, 'hll'), compute_stats(value, 'hll')
                      mode: hash
                      outputColumnNames: _col0, _col1
                      Statistics: Num rows: 1 Data size: 864 Basic stats: COMPLETE Column stats: COMPLETE
                      Reduce Output Operator
                        sort order: 
                        Statistics: Num rows: 1 Data size: 864 Basic stats: COMPLETE Column stats: COMPLETE
                        value expressions: _col0 (type: struct<columntype:string,min:bigint,max:bigint,countnulls:bigint,bitvector:binary>), _col1 (type: struct<columntype:string,maxlength:bigint,sumlength:bigint,count:bigint,countnulls:bigint,bitvector:binary>)
        Reducer 3 
            Execution mode: llap
            Reduce Operator Tree:
              Group By Operator
                aggregations: compute_stats(VALUE._col0), compute_stats(VALUE._col1)
                mode: mergepartial
                outputColumnNames: _col0, _col1
                Statistics: Num rows: 1 Data size: 880 Basic stats: COMPLETE Column stats: COMPLETE
                File Output Operator
                  compressed: false
                  Statistics: Num rows: 1 Data size: 880 Basic stats: COMPLETE Column stats: COMPLETE
                  table:
                      input format: org.apache.hadoop.mapred.SequenceFileInputFormat
                      output format: org.apache.hadoop.hive.ql.io.HiveSequenceFileOutputFormat
                      serde: org.apache.hadoop.hive.serde2.lazy.LazySimpleSerDe

  Stage: Stage-2
    Dependency Collection

  Stage: Stage-0
    Move Operator
      tables:
          replace: true
          table:
              input format: org.apache.hadoop.mapred.TextInputFormat
              output format: org.apache.hadoop.hive.ql.io.HiveIgnoreKeyTextOutputFormat
              serde: org.apache.hadoop.hive.serde2.lazy.LazySimpleSerDe
              name: default.dest_j1_n17

  Stage: Stage-3
    Stats Work
      Basic Stats Work:
      Column Stats Desc:
          Columns: key, value
          Column Types: int, string
          Table: default.dest_j1_n17

PREHOOK: query: FROM src src1 JOIN src src2 ON (src1.key = src2.key)
INSERT OVERWRITE TABLE dest_j1_n17 SELECT src1.key, src2.value
PREHOOK: type: QUERY
PREHOOK: Input: default@src
PREHOOK: Output: default@dest_j1_n17
POSTHOOK: query: FROM src src1 JOIN src src2 ON (src1.key = src2.key)
INSERT OVERWRITE TABLE dest_j1_n17 SELECT src1.key, src2.value
POSTHOOK: type: QUERY
POSTHOOK: Input: default@src
POSTHOOK: Output: default@dest_j1_n17
POSTHOOK: Lineage: dest_j1_n17.key EXPRESSION [(src)src1.FieldSchema(name:key, type:string, comment:default), ]
POSTHOOK: Lineage: dest_j1_n17.value SIMPLE [(src)src2.FieldSchema(name:value, type:string, comment:default), ]
PREHOOK: query: SELECT sum(hash(key)), sum(hash(value)) FROM dest_j1_n17
PREHOOK: type: QUERY
PREHOOK: Input: default@dest_j1_n17
#### A masked pattern was here ####
POSTHOOK: query: SELECT sum(hash(key)), sum(hash(value)) FROM dest_j1_n17
POSTHOOK: type: QUERY
POSTHOOK: Input: default@dest_j1_n17
#### A masked pattern was here ####
278697	101852390308
PREHOOK: query: EXPLAIN
SELECT /*+ STREAMTABLE(a) */ *
FROM T1_n128 a JOIN T2_n76 b ON a.key = b.key
          JOIN T3_n30 c ON b.key = c.key
          JOIN T4_n17 d ON c.key = d.key
PREHOOK: type: QUERY
POSTHOOK: query: EXPLAIN
SELECT /*+ STREAMTABLE(a) */ *
FROM T1_n128 a JOIN T2_n76 b ON a.key = b.key
          JOIN T3_n30 c ON b.key = c.key
          JOIN T4_n17 d ON c.key = d.key
POSTHOOK: type: QUERY
STAGE DEPENDENCIES:
  Stage-1 is a root stage
  Stage-0 depends on stages: Stage-1

STAGE PLANS:
  Stage: Stage-1
    Tez
#### A masked pattern was here ####
      Edges:
        Reducer 2 <- Map 1 (SIMPLE_EDGE), Map 3 (SIMPLE_EDGE), Map 4 (SIMPLE_EDGE), Map 5 (SIMPLE_EDGE)
#### A masked pattern was here ####
      Vertices:
        Map 1 
            Map Operator Tree:
                TableScan
                  alias: a
                  Statistics: Num rows: 1 Data size: 368 Basic stats: COMPLETE Column stats: NONE
                  Filter Operator
                    predicate: key is not null (type: boolean)
                    Statistics: Num rows: 1 Data size: 368 Basic stats: COMPLETE Column stats: NONE
                    Reduce Output Operator
                      key expressions: key (type: string)
                      sort order: +
                      Map-reduce partition columns: key (type: string)
                      Statistics: Num rows: 1 Data size: 368 Basic stats: COMPLETE Column stats: NONE
                      value expressions: val (type: string)
            Execution mode: llap
            LLAP IO: no inputs
        Map 3 
            Map Operator Tree:
                TableScan
                  alias: b
                  Statistics: Num rows: 1 Data size: 368 Basic stats: COMPLETE Column stats: NONE
                  Filter Operator
                    predicate: key is not null (type: boolean)
                    Statistics: Num rows: 1 Data size: 368 Basic stats: COMPLETE Column stats: NONE
                    Reduce Output Operator
                      key expressions: key (type: string)
                      sort order: +
                      Map-reduce partition columns: key (type: string)
                      Statistics: Num rows: 1 Data size: 368 Basic stats: COMPLETE Column stats: NONE
                      value expressions: val (type: string)
            Execution mode: llap
            LLAP IO: no inputs
        Map 4 
            Map Operator Tree:
                TableScan
                  alias: c
                  Statistics: Num rows: 1 Data size: 368 Basic stats: COMPLETE Column stats: NONE
                  Filter Operator
                    predicate: key is not null (type: boolean)
                    Statistics: Num rows: 1 Data size: 368 Basic stats: COMPLETE Column stats: NONE
                    Reduce Output Operator
                      key expressions: key (type: string)
                      sort order: +
                      Map-reduce partition columns: key (type: string)
                      Statistics: Num rows: 1 Data size: 368 Basic stats: COMPLETE Column stats: NONE
                      value expressions: val (type: string)
            Execution mode: llap
            LLAP IO: no inputs
        Map 5 
            Map Operator Tree:
                TableScan
                  alias: d
                  Statistics: Num rows: 1 Data size: 368 Basic stats: COMPLETE Column stats: NONE
                  Filter Operator
                    predicate: key is not null (type: boolean)
                    Statistics: Num rows: 1 Data size: 368 Basic stats: COMPLETE Column stats: NONE
                    Reduce Output Operator
                      key expressions: key (type: string)
                      sort order: +
                      Map-reduce partition columns: key (type: string)
                      Statistics: Num rows: 1 Data size: 368 Basic stats: COMPLETE Column stats: NONE
                      value expressions: val (type: string)
            Execution mode: llap
            LLAP IO: no inputs
        Reducer 2 
            Execution mode: llap
            Reduce Operator Tree:
              Merge Join Operator
                condition map:
                     Inner Join 0 to 1
                     Inner Join 1 to 2
                     Inner Join 2 to 3
                keys:
                  0 key (type: string)
                  1 key (type: string)
                  2 key (type: string)
                  3 key (type: string)
                outputColumnNames: _col0, _col1, _col5, _col6, _col10, _col11, _col15, _col16
                Statistics: Num rows: 3 Data size: 1214 Basic stats: COMPLETE Column stats: NONE
                Select Operator
                  expressions: _col0 (type: string), _col1 (type: string), _col5 (type: string), _col6 (type: string), _col10 (type: string), _col11 (type: string), _col15 (type: string), _col16 (type: string)
                  outputColumnNames: _col0, _col1, _col2, _col3, _col4, _col5, _col6, _col7
                  Statistics: Num rows: 3 Data size: 1214 Basic stats: COMPLETE Column stats: NONE
                  File Output Operator
                    compressed: false
                    Statistics: Num rows: 3 Data size: 1214 Basic stats: COMPLETE Column stats: NONE
                    table:
                        input format: org.apache.hadoop.mapred.SequenceFileInputFormat
                        output format: org.apache.hadoop.hive.ql.io.HiveSequenceFileOutputFormat
                        serde: org.apache.hadoop.hive.serde2.lazy.LazySimpleSerDe

  Stage: Stage-0
    Fetch Operator
      limit: -1
      Processor Tree:
        ListSink

PREHOOK: query: SELECT /*+ STREAMTABLE(a) */ *
FROM T1_n128 a JOIN T2_n76 b ON a.key = b.key
          JOIN T3_n30 c ON b.key = c.key
          JOIN T4_n17 d ON c.key = d.key
PREHOOK: type: QUERY
PREHOOK: Input: default@t1_n128
PREHOOK: Input: default@t2_n76
PREHOOK: Input: default@t3_n30
PREHOOK: Input: default@t4_n17
#### A masked pattern was here ####
POSTHOOK: query: SELECT /*+ STREAMTABLE(a) */ *
FROM T1_n128 a JOIN T2_n76 b ON a.key = b.key
          JOIN T3_n30 c ON b.key = c.key
          JOIN T4_n17 d ON c.key = d.key
POSTHOOK: type: QUERY
POSTHOOK: Input: default@t1_n128
POSTHOOK: Input: default@t2_n76
POSTHOOK: Input: default@t3_n30
POSTHOOK: Input: default@t4_n17
#### A masked pattern was here ####
2	12	2	22	2	12	2	12
PREHOOK: query: EXPLAIN
SELECT /*+ STREAMTABLE(a,c) */ *
FROM T1_n128 a JOIN T2_n76 b ON a.key = b.key
          JOIN T3_n30 c ON b.key = c.key
          JOIN T4_n17 d ON c.key = d.key
PREHOOK: type: QUERY
POSTHOOK: query: EXPLAIN
SELECT /*+ STREAMTABLE(a,c) */ *
FROM T1_n128 a JOIN T2_n76 b ON a.key = b.key
          JOIN T3_n30 c ON b.key = c.key
          JOIN T4_n17 d ON c.key = d.key
POSTHOOK: type: QUERY
STAGE DEPENDENCIES:
  Stage-1 is a root stage
  Stage-0 depends on stages: Stage-1

STAGE PLANS:
  Stage: Stage-1
    Tez
#### A masked pattern was here ####
      Edges:
        Reducer 2 <- Map 1 (SIMPLE_EDGE), Map 3 (SIMPLE_EDGE), Map 4 (SIMPLE_EDGE), Map 5 (SIMPLE_EDGE)
#### A masked pattern was here ####
      Vertices:
        Map 1 
            Map Operator Tree:
                TableScan
                  alias: a
                  Statistics: Num rows: 1 Data size: 368 Basic stats: COMPLETE Column stats: NONE
                  Filter Operator
                    predicate: key is not null (type: boolean)
                    Statistics: Num rows: 1 Data size: 368 Basic stats: COMPLETE Column stats: NONE
                    Reduce Output Operator
                      key expressions: key (type: string)
                      sort order: +
                      Map-reduce partition columns: key (type: string)
                      Statistics: Num rows: 1 Data size: 368 Basic stats: COMPLETE Column stats: NONE
                      value expressions: val (type: string)
            Execution mode: llap
            LLAP IO: no inputs
        Map 3 
            Map Operator Tree:
                TableScan
                  alias: b
                  Statistics: Num rows: 1 Data size: 368 Basic stats: COMPLETE Column stats: NONE
                  Filter Operator
                    predicate: key is not null (type: boolean)
                    Statistics: Num rows: 1 Data size: 368 Basic stats: COMPLETE Column stats: NONE
                    Reduce Output Operator
                      key expressions: key (type: string)
                      sort order: +
                      Map-reduce partition columns: key (type: string)
                      Statistics: Num rows: 1 Data size: 368 Basic stats: COMPLETE Column stats: NONE
                      value expressions: val (type: string)
            Execution mode: llap
            LLAP IO: no inputs
        Map 4 
            Map Operator Tree:
                TableScan
                  alias: c
                  Statistics: Num rows: 1 Data size: 368 Basic stats: COMPLETE Column stats: NONE
                  Filter Operator
                    predicate: key is not null (type: boolean)
                    Statistics: Num rows: 1 Data size: 368 Basic stats: COMPLETE Column stats: NONE
                    Reduce Output Operator
                      key expressions: key (type: string)
                      sort order: +
                      Map-reduce partition columns: key (type: string)
                      Statistics: Num rows: 1 Data size: 368 Basic stats: COMPLETE Column stats: NONE
                      value expressions: val (type: string)
            Execution mode: llap
            LLAP IO: no inputs
        Map 5 
            Map Operator Tree:
                TableScan
                  alias: d
                  Statistics: Num rows: 1 Data size: 368 Basic stats: COMPLETE Column stats: NONE
                  Filter Operator
                    predicate: key is not null (type: boolean)
                    Statistics: Num rows: 1 Data size: 368 Basic stats: COMPLETE Column stats: NONE
                    Reduce Output Operator
                      key expressions: key (type: string)
                      sort order: +
                      Map-reduce partition columns: key (type: string)
                      Statistics: Num rows: 1 Data size: 368 Basic stats: COMPLETE Column stats: NONE
                      value expressions: val (type: string)
            Execution mode: llap
            LLAP IO: no inputs
        Reducer 2 
            Execution mode: llap
            Reduce Operator Tree:
              Merge Join Operator
                condition map:
                     Inner Join 0 to 1
                     Inner Join 1 to 2
                     Inner Join 2 to 3
                keys:
                  0 key (type: string)
                  1 key (type: string)
                  2 key (type: string)
                  3 key (type: string)
                outputColumnNames: _col0, _col1, _col5, _col6, _col10, _col11, _col15, _col16
                Statistics: Num rows: 3 Data size: 1214 Basic stats: COMPLETE Column stats: NONE
                Select Operator
                  expressions: _col0 (type: string), _col1 (type: string), _col5 (type: string), _col6 (type: string), _col10 (type: string), _col11 (type: string), _col15 (type: string), _col16 (type: string)
                  outputColumnNames: _col0, _col1, _col2, _col3, _col4, _col5, _col6, _col7
                  Statistics: Num rows: 3 Data size: 1214 Basic stats: COMPLETE Column stats: NONE
                  File Output Operator
                    compressed: false
                    Statistics: Num rows: 3 Data size: 1214 Basic stats: COMPLETE Column stats: NONE
                    table:
                        input format: org.apache.hadoop.mapred.SequenceFileInputFormat
                        output format: org.apache.hadoop.hive.ql.io.HiveSequenceFileOutputFormat
                        serde: org.apache.hadoop.hive.serde2.lazy.LazySimpleSerDe

  Stage: Stage-0
    Fetch Operator
      limit: -1
      Processor Tree:
        ListSink

PREHOOK: query: SELECT /*+ STREAMTABLE(a,c) */ *
FROM T1_n128 a JOIN T2_n76 b ON a.key = b.key
          JOIN T3_n30 c ON b.key = c.key
          JOIN T4_n17 d ON c.key = d.key
PREHOOK: type: QUERY
PREHOOK: Input: default@t1_n128
PREHOOK: Input: default@t2_n76
PREHOOK: Input: default@t3_n30
PREHOOK: Input: default@t4_n17
#### A masked pattern was here ####
POSTHOOK: query: SELECT /*+ STREAMTABLE(a,c) */ *
FROM T1_n128 a JOIN T2_n76 b ON a.key = b.key
          JOIN T3_n30 c ON b.key = c.key
          JOIN T4_n17 d ON c.key = d.key
POSTHOOK: type: QUERY
POSTHOOK: Input: default@t1_n128
POSTHOOK: Input: default@t2_n76
POSTHOOK: Input: default@t3_n30
POSTHOOK: Input: default@t4_n17
#### A masked pattern was here ####
2	12	2	22	2	12	2	12
PREHOOK: query: EXPLAIN FROM T1_n128 a JOIN src c ON c.key+1=a.key SELECT /*+ STREAMTABLE(a) */ sum(hash(a.key)), sum(hash(a.val)), sum(hash(c.key))
PREHOOK: type: QUERY
POSTHOOK: query: EXPLAIN FROM T1_n128 a JOIN src c ON c.key+1=a.key SELECT /*+ STREAMTABLE(a) */ sum(hash(a.key)), sum(hash(a.val)), sum(hash(c.key))
POSTHOOK: type: QUERY
STAGE DEPENDENCIES:
  Stage-1 is a root stage
  Stage-0 depends on stages: Stage-1

STAGE PLANS:
  Stage: Stage-1
    Tez
#### A masked pattern was here ####
      Edges:
        Reducer 2 <- Map 1 (SIMPLE_EDGE), Map 4 (SIMPLE_EDGE)
        Reducer 3 <- Reducer 2 (CUSTOM_SIMPLE_EDGE)
#### A masked pattern was here ####
      Vertices:
        Map 1 
            Map Operator Tree:
                TableScan
                  alias: a
                  Statistics: Num rows: 1 Data size: 368 Basic stats: COMPLETE Column stats: NONE
                  Filter Operator
                    predicate: UDFToDouble(key) is not null (type: boolean)
                    Statistics: Num rows: 1 Data size: 368 Basic stats: COMPLETE Column stats: NONE
                    Reduce Output Operator
                      key expressions: UDFToDouble(key) (type: double)
                      sort order: +
                      Map-reduce partition columns: UDFToDouble(key) (type: double)
                      Statistics: Num rows: 1 Data size: 368 Basic stats: COMPLETE Column stats: NONE
                      value expressions: key (type: string), val (type: string)
            Execution mode: llap
            LLAP IO: no inputs
        Map 4 
            Map Operator Tree:
                TableScan
                  alias: c
                  Statistics: Num rows: 500 Data size: 43500 Basic stats: COMPLETE Column stats: COMPLETE
                  Filter Operator
                    predicate: (key + 1) is not null (type: boolean)
                    Statistics: Num rows: 500 Data size: 43500 Basic stats: COMPLETE Column stats: COMPLETE
                    Reduce Output Operator
                      key expressions: (key + 1) (type: double)
                      sort order: +
                      Map-reduce partition columns: (key + 1) (type: double)
                      Statistics: Num rows: 500 Data size: 43500 Basic stats: COMPLETE Column stats: COMPLETE
                      value expressions: key (type: string)
            Execution mode: llap
            LLAP IO: no inputs
        Reducer 2 
            Execution mode: llap
            Reduce Operator Tree:
              Merge Join Operator
                condition map:
                     Inner Join 0 to 1
                keys:
                  0 UDFToDouble(key) (type: double)
                  1 (key + 1) (type: double)
                outputColumnNames: _col0, _col1, _col5
                Statistics: Num rows: 550 Data size: 47850 Basic stats: COMPLETE Column stats: NONE
                Group By Operator
                  aggregations: sum(hash(_col0)), sum(hash(_col1)), sum(hash(_col5))
                  mode: hash
                  outputColumnNames: _col0, _col1, _col2
                  Statistics: Num rows: 1 Data size: 24 Basic stats: COMPLETE Column stats: NONE
                  Reduce Output Operator
                    sort order: 
                    Statistics: Num rows: 1 Data size: 24 Basic stats: COMPLETE Column stats: NONE
                    value expressions: _col0 (type: bigint), _col1 (type: bigint), _col2 (type: bigint)
        Reducer 3 
            Execution mode: llap
            Reduce Operator Tree:
              Group By Operator
                aggregations: sum(VALUE._col0), sum(VALUE._col1), sum(VALUE._col2)
                mode: mergepartial
                outputColumnNames: _col0, _col1, _col2
                Statistics: Num rows: 1 Data size: 24 Basic stats: COMPLETE Column stats: NONE
                File Output Operator
                  compressed: false
                  Statistics: Num rows: 1 Data size: 24 Basic stats: COMPLETE Column stats: NONE
                  table:
                      input format: org.apache.hadoop.mapred.SequenceFileInputFormat
                      output format: org.apache.hadoop.hive.ql.io.HiveSequenceFileOutputFormat
                      serde: org.apache.hadoop.hive.serde2.lazy.LazySimpleSerDe

  Stage: Stage-0
    Fetch Operator
      limit: -1
      Processor Tree:
        ListSink

PREHOOK: query: FROM T1_n128 a JOIN src c ON c.key+1=a.key SELECT /*+ STREAMTABLE(a) */ sum(hash(a.key)), sum(hash(a.val)), sum(hash(c.key))
PREHOOK: type: QUERY
PREHOOK: Input: default@src
PREHOOK: Input: default@t1_n128
#### A masked pattern was here ####
POSTHOOK: query: FROM T1_n128 a JOIN src c ON c.key+1=a.key SELECT /*+ STREAMTABLE(a) */ sum(hash(a.key)), sum(hash(a.val)), sum(hash(c.key))
POSTHOOK: type: QUERY
POSTHOOK: Input: default@src
POSTHOOK: Input: default@t1_n128
#### A masked pattern was here ####
198	6274	194
PREHOOK: query: EXPLAIN FROM 
(SELECT src.* FROM src) x
JOIN 
(SELECT src.* FROM src) Y
ON (x.key = Y.key)
SELECT sum(hash(Y.key)), sum(hash(Y.value))
PREHOOK: type: QUERY
POSTHOOK: query: EXPLAIN FROM 
(SELECT src.* FROM src) x
JOIN 
(SELECT src.* FROM src) Y
ON (x.key = Y.key)
SELECT sum(hash(Y.key)), sum(hash(Y.value))
POSTHOOK: type: QUERY
STAGE DEPENDENCIES:
  Stage-1 is a root stage
  Stage-0 depends on stages: Stage-1

STAGE PLANS:
  Stage: Stage-1
    Tez
#### A masked pattern was here ####
      Edges:
        Reducer 2 <- Map 1 (SIMPLE_EDGE), Map 4 (SIMPLE_EDGE)
        Reducer 3 <- Reducer 2 (CUSTOM_SIMPLE_EDGE)
#### A masked pattern was here ####
      Vertices:
        Map 1 
            Map Operator Tree:
                TableScan
                  alias: src
                  Statistics: Num rows: 500 Data size: 43500 Basic stats: COMPLETE Column stats: COMPLETE
                  Filter Operator
                    predicate: key is not null (type: boolean)
                    Statistics: Num rows: 500 Data size: 43500 Basic stats: COMPLETE Column stats: COMPLETE
                    Select Operator
                      expressions: key (type: string)
                      outputColumnNames: _col0
                      Statistics: Num rows: 500 Data size: 43500 Basic stats: COMPLETE Column stats: COMPLETE
                      Reduce Output Operator
                        key expressions: _col0 (type: string)
                        sort order: +
                        Map-reduce partition columns: _col0 (type: string)
                        Statistics: Num rows: 500 Data size: 43500 Basic stats: COMPLETE Column stats: COMPLETE
            Execution mode: llap
            LLAP IO: no inputs
        Map 4 
            Map Operator Tree:
                TableScan
                  alias: src
                  Statistics: Num rows: 500 Data size: 89000 Basic stats: COMPLETE Column stats: COMPLETE
                  Filter Operator
                    predicate: key is not null (type: boolean)
                    Statistics: Num rows: 500 Data size: 89000 Basic stats: COMPLETE Column stats: COMPLETE
                    Select Operator
                      expressions: key (type: string), value (type: string)
                      outputColumnNames: _col0, _col1
                      Statistics: Num rows: 500 Data size: 89000 Basic stats: COMPLETE Column stats: COMPLETE
                      Reduce Output Operator
                        key expressions: _col0 (type: string)
                        sort order: +
                        Map-reduce partition columns: _col0 (type: string)
                        Statistics: Num rows: 500 Data size: 89000 Basic stats: COMPLETE Column stats: COMPLETE
                        value expressions: _col1 (type: string)
            Execution mode: llap
            LLAP IO: no inputs
        Reducer 2 
            Execution mode: llap
            Reduce Operator Tree:
              Merge Join Operator
                condition map:
                     Inner Join 0 to 1
                keys:
                  0 _col0 (type: string)
                  1 _col0 (type: string)
                outputColumnNames: _col2, _col3
                Statistics: Num rows: 809 Data size: 144002 Basic stats: COMPLETE Column stats: COMPLETE
                Group By Operator
                  aggregations: sum(hash(_col2)), sum(hash(_col3))
                  mode: hash
                  outputColumnNames: _col0, _col1
                  Statistics: Num rows: 1 Data size: 16 Basic stats: COMPLETE Column stats: COMPLETE
                  Reduce Output Operator
                    sort order: 
                    Statistics: Num rows: 1 Data size: 16 Basic stats: COMPLETE Column stats: COMPLETE
                    value expressions: _col0 (type: bigint), _col1 (type: bigint)
        Reducer 3 
            Execution mode: llap
            Reduce Operator Tree:
              Group By Operator
                aggregations: sum(VALUE._col0), sum(VALUE._col1)
                mode: mergepartial
                outputColumnNames: _col0, _col1
                Statistics: Num rows: 1 Data size: 16 Basic stats: COMPLETE Column stats: COMPLETE
                File Output Operator
                  compressed: false
                  Statistics: Num rows: 1 Data size: 16 Basic stats: COMPLETE Column stats: COMPLETE
                  table:
                      input format: org.apache.hadoop.mapred.SequenceFileInputFormat
                      output format: org.apache.hadoop.hive.ql.io.HiveSequenceFileOutputFormat
                      serde: org.apache.hadoop.hive.serde2.lazy.LazySimpleSerDe

  Stage: Stage-0
    Fetch Operator
      limit: -1
      Processor Tree:
        ListSink

PREHOOK: query: FROM 
(SELECT src.* FROM src) x
JOIN 
(SELECT src.* FROM src) Y
ON (x.key = Y.key)
SELECT sum(hash(Y.key)), sum(hash(Y.value))
PREHOOK: type: QUERY
PREHOOK: Input: default@src
#### A masked pattern was here ####
POSTHOOK: query: FROM 
(SELECT src.* FROM src) x
JOIN 
(SELECT src.* FROM src) Y
ON (x.key = Y.key)
SELECT sum(hash(Y.key)), sum(hash(Y.value))
POSTHOOK: type: QUERY
POSTHOOK: Input: default@src
#### A masked pattern was here ####
44481300	101852390308
PREHOOK: query: EXPLAIN FROM 
(SELECT src.* FROM src) x
JOIN 
(SELECT src.* FROM src) Y
ON (x.key = Y.key and substring(x.value, 5)=substring(y.value, 5)+1)
SELECT sum(hash(Y.key)), sum(hash(Y.value))
PREHOOK: type: QUERY
POSTHOOK: query: EXPLAIN FROM 
(SELECT src.* FROM src) x
JOIN 
(SELECT src.* FROM src) Y
ON (x.key = Y.key and substring(x.value, 5)=substring(y.value, 5)+1)
SELECT sum(hash(Y.key)), sum(hash(Y.value))
POSTHOOK: type: QUERY
STAGE DEPENDENCIES:
  Stage-1 is a root stage
  Stage-0 depends on stages: Stage-1

STAGE PLANS:
  Stage: Stage-1
    Tez
#### A masked pattern was here ####
      Edges:
        Reducer 2 <- Map 1 (SIMPLE_EDGE), Map 4 (SIMPLE_EDGE)
        Reducer 3 <- Reducer 2 (CUSTOM_SIMPLE_EDGE)
#### A masked pattern was here ####
      Vertices:
        Map 1 
            Map Operator Tree:
                TableScan
                  alias: src
                  Statistics: Num rows: 500 Data size: 89000 Basic stats: COMPLETE Column stats: COMPLETE
                  Filter Operator
                    predicate: (UDFToDouble(substring(value, 5)) is not null and key is not null) (type: boolean)
                    Statistics: Num rows: 500 Data size: 89000 Basic stats: COMPLETE Column stats: COMPLETE
                    Select Operator
                      expressions: key (type: string), value (type: string)
                      outputColumnNames: _col0, _col1
                      Statistics: Num rows: 500 Data size: 89000 Basic stats: COMPLETE Column stats: COMPLETE
                      Reduce Output Operator
                        key expressions: _col0 (type: string), UDFToDouble(substring(_col1, 5)) (type: double)
                        sort order: ++
                        Map-reduce partition columns: _col0 (type: string), UDFToDouble(substring(_col1, 5)) (type: double)
                        Statistics: Num rows: 500 Data size: 89000 Basic stats: COMPLETE Column stats: COMPLETE
            Execution mode: llap
            LLAP IO: no inputs
        Map 4 
            Map Operator Tree:
                TableScan
                  alias: src
                  Statistics: Num rows: 500 Data size: 89000 Basic stats: COMPLETE Column stats: COMPLETE
                  Filter Operator
                    predicate: ((substring(value, 5) + 1) is not null and key is not null) (type: boolean)
                    Statistics: Num rows: 500 Data size: 89000 Basic stats: COMPLETE Column stats: COMPLETE
                    Select Operator
                      expressions: key (type: string), value (type: string)
                      outputColumnNames: _col0, _col1
                      Statistics: Num rows: 500 Data size: 89000 Basic stats: COMPLETE Column stats: COMPLETE
                      Reduce Output Operator
                        key expressions: _col0 (type: string), (substring(_col1, 5) + 1) (type: double)
                        sort order: ++
                        Map-reduce partition columns: _col0 (type: string), (substring(_col1, 5) + 1) (type: double)
                        Statistics: Num rows: 500 Data size: 89000 Basic stats: COMPLETE Column stats: COMPLETE
                        value expressions: _col1 (type: string)
            Execution mode: llap
            LLAP IO: no inputs
        Reducer 2 
            Execution mode: llap
            Reduce Operator Tree:
              Merge Join Operator
                condition map:
                     Inner Join 0 to 1
                keys:
                  0 _col0 (type: string), UDFToDouble(substring(_col1, 5)) (type: double)
                  1 _col0 (type: string), (substring(_col1, 5) + 1) (type: double)
                outputColumnNames: _col2, _col3
                Statistics: Num rows: 809 Data size: 144002 Basic stats: COMPLETE Column stats: COMPLETE
                Group By Operator
                  aggregations: sum(hash(_col2)), sum(hash(_col3))
                  mode: hash
                  outputColumnNames: _col0, _col1
                  Statistics: Num rows: 1 Data size: 16 Basic stats: COMPLETE Column stats: COMPLETE
                  Reduce Output Operator
                    sort order: 
                    Statistics: Num rows: 1 Data size: 16 Basic stats: COMPLETE Column stats: COMPLETE
                    value expressions: _col0 (type: bigint), _col1 (type: bigint)
        Reducer 3 
            Execution mode: llap
            Reduce Operator Tree:
              Group By Operator
                aggregations: sum(VALUE._col0), sum(VALUE._col1)
                mode: mergepartial
                outputColumnNames: _col0, _col1
                Statistics: Num rows: 1 Data size: 16 Basic stats: COMPLETE Column stats: COMPLETE
                File Output Operator
                  compressed: false
                  Statistics: Num rows: 1 Data size: 16 Basic stats: COMPLETE Column stats: COMPLETE
                  table:
                      input format: org.apache.hadoop.mapred.SequenceFileInputFormat
                      output format: org.apache.hadoop.hive.ql.io.HiveSequenceFileOutputFormat
                      serde: org.apache.hadoop.hive.serde2.lazy.LazySimpleSerDe

  Stage: Stage-0
    Fetch Operator
      limit: -1
      Processor Tree:
        ListSink

PREHOOK: query: FROM 
(SELECT src.* FROM src) x
JOIN 
(SELECT src.* FROM src) Y
ON (x.key = Y.key and substring(x.value, 5)=substring(y.value, 5)+1)
SELECT sum(hash(Y.key)), sum(hash(Y.value))
PREHOOK: type: QUERY
PREHOOK: Input: default@src
#### A masked pattern was here ####
POSTHOOK: query: FROM 
(SELECT src.* FROM src) x
JOIN 
(SELECT src.* FROM src) Y
ON (x.key = Y.key and substring(x.value, 5)=substring(y.value, 5)+1)
SELECT sum(hash(Y.key)), sum(hash(Y.value))
POSTHOOK: type: QUERY
POSTHOOK: Input: default@src
#### A masked pattern was here ####
NULL	NULL
PREHOOK: query: EXPLAIN
SELECT sum(hash(src1.c1)), sum(hash(src2.c4)) 
FROM
(SELECT src.key as c1, src.value as c2 from src) src1
JOIN
(SELECT src.key as c3, src.value as c4 from src) src2
ON src1.c1 = src2.c3 AND src1.c1 < 100
JOIN
(SELECT src.key as c5, src.value as c6 from src) src3
ON src1.c1 = src3.c5 AND src3.c5 < 80
PREHOOK: type: QUERY
POSTHOOK: query: EXPLAIN
SELECT sum(hash(src1.c1)), sum(hash(src2.c4)) 
FROM
(SELECT src.key as c1, src.value as c2 from src) src1
JOIN
(SELECT src.key as c3, src.value as c4 from src) src2
ON src1.c1 = src2.c3 AND src1.c1 < 100
JOIN
(SELECT src.key as c5, src.value as c6 from src) src3
ON src1.c1 = src3.c5 AND src3.c5 < 80
POSTHOOK: type: QUERY
STAGE DEPENDENCIES:
  Stage-1 is a root stage
  Stage-0 depends on stages: Stage-1

STAGE PLANS:
  Stage: Stage-1
    Tez
#### A masked pattern was here ####
      Edges:
        Reducer 2 <- Map 1 (SIMPLE_EDGE), Map 4 (SIMPLE_EDGE), Map 5 (SIMPLE_EDGE)
        Reducer 3 <- Reducer 2 (CUSTOM_SIMPLE_EDGE)
#### A masked pattern was here ####
      Vertices:
        Map 1 
            Map Operator Tree:
                TableScan
                  alias: src
                  Statistics: Num rows: 500 Data size: 43500 Basic stats: COMPLETE Column stats: COMPLETE
                  Filter Operator
                    predicate: ((key < 100) and (key < 80)) (type: boolean)
                    Statistics: Num rows: 55 Data size: 4785 Basic stats: COMPLETE Column stats: COMPLETE
                    Select Operator
                      expressions: key (type: string)
                      outputColumnNames: _col0
                      Statistics: Num rows: 55 Data size: 4785 Basic stats: COMPLETE Column stats: COMPLETE
                      Reduce Output Operator
                        key expressions: _col0 (type: string)
                        sort order: +
                        Map-reduce partition columns: _col0 (type: string)
                        Statistics: Num rows: 55 Data size: 4785 Basic stats: COMPLETE Column stats: COMPLETE
            Execution mode: llap
            LLAP IO: no inputs
        Map 4 
            Map Operator Tree:
                TableScan
                  alias: src
                  Statistics: Num rows: 500 Data size: 89000 Basic stats: COMPLETE Column stats: COMPLETE
                  Filter Operator
                    predicate: ((key < 100) and (key < 80)) (type: boolean)
                    Statistics: Num rows: 55 Data size: 9790 Basic stats: COMPLETE Column stats: COMPLETE
                    Select Operator
                      expressions: key (type: string), value (type: string)
                      outputColumnNames: _col0, _col1
                      Statistics: Num rows: 55 Data size: 9790 Basic stats: COMPLETE Column stats: COMPLETE
                      Reduce Output Operator
                        key expressions: _col0 (type: string)
                        sort order: +
                        Map-reduce partition columns: _col0 (type: string)
                        Statistics: Num rows: 55 Data size: 9790 Basic stats: COMPLETE Column stats: COMPLETE
                        value expressions: _col1 (type: string)
            Execution mode: llap
            LLAP IO: no inputs
        Map 5 
            Map Operator Tree:
                TableScan
                  alias: src
                  Statistics: Num rows: 500 Data size: 43500 Basic stats: COMPLETE Column stats: COMPLETE
                  Filter Operator
                    predicate: ((key < 100) and (key < 80)) (type: boolean)
                    Statistics: Num rows: 55 Data size: 4785 Basic stats: COMPLETE Column stats: COMPLETE
                    Select Operator
                      expressions: key (type: string)
                      outputColumnNames: _col0
                      Statistics: Num rows: 55 Data size: 4785 Basic stats: COMPLETE Column stats: COMPLETE
                      Reduce Output Operator
                        key expressions: _col0 (type: string)
                        sort order: +
                        Map-reduce partition columns: _col0 (type: string)
                        Statistics: Num rows: 55 Data size: 4785 Basic stats: COMPLETE Column stats: COMPLETE
            Execution mode: llap
            LLAP IO: no inputs
        Reducer 2 
            Execution mode: llap
            Reduce Operator Tree:
              Merge Join Operator
                condition map:
                     Inner Join 0 to 1
                     Inner Join 0 to 2
                keys:
                  0 _col0 (type: string)
                  1 _col0 (type: string)
                  2 _col0 (type: string)
                outputColumnNames: _col0, _col3
                Statistics: Num rows: 143 Data size: 25454 Basic stats: COMPLETE Column stats: COMPLETE
                Group By Operator
                  aggregations: sum(hash(_col0)), sum(hash(_col3))
                  mode: hash
                  outputColumnNames: _col0, _col1
                  Statistics: Num rows: 1 Data size: 16 Basic stats: COMPLETE Column stats: COMPLETE
                  Reduce Output Operator
                    sort order: 
                    Statistics: Num rows: 1 Data size: 16 Basic stats: COMPLETE Column stats: COMPLETE
                    value expressions: _col0 (type: bigint), _col1 (type: bigint)
        Reducer 3 
            Execution mode: llap
            Reduce Operator Tree:
              Group By Operator
                aggregations: sum(VALUE._col0), sum(VALUE._col1)
                mode: mergepartial
                outputColumnNames: _col0, _col1
                Statistics: Num rows: 1 Data size: 16 Basic stats: COMPLETE Column stats: COMPLETE
                File Output Operator
                  compressed: false
                  Statistics: Num rows: 1 Data size: 16 Basic stats: COMPLETE Column stats: COMPLETE
                  table:
                      input format: org.apache.hadoop.mapred.SequenceFileInputFormat
                      output format: org.apache.hadoop.hive.ql.io.HiveSequenceFileOutputFormat
                      serde: org.apache.hadoop.hive.serde2.lazy.LazySimpleSerDe

  Stage: Stage-0
    Fetch Operator
      limit: -1
      Processor Tree:
        ListSink

PREHOOK: query: SELECT sum(hash(src1.c1)), sum(hash(src2.c4))
FROM
(SELECT src.key as c1, src.value as c2 from src) src1
JOIN
(SELECT src.key as c3, src.value as c4 from src) src2
ON src1.c1 = src2.c3 AND src1.c1 < 100
JOIN
(SELECT src.key as c5, src.value as c6 from src) src3
ON src1.c1 = src3.c5 AND src3.c5 < 80
PREHOOK: type: QUERY
PREHOOK: Input: default@src
#### A masked pattern was here ####
POSTHOOK: query: SELECT sum(hash(src1.c1)), sum(hash(src2.c4))
FROM
(SELECT src.key as c1, src.value as c2 from src) src1
JOIN
(SELECT src.key as c3, src.value as c4 from src) src2
ON src1.c1 = src2.c3 AND src1.c1 < 100
JOIN
(SELECT src.key as c5, src.value as c6 from src) src3
ON src1.c1 = src3.c5 AND src3.c5 < 80
POSTHOOK: type: QUERY
POSTHOOK: Input: default@src
#### A masked pattern was here ####
293143	-136853010385
PREHOOK: query: EXPLAIN
SELECT /*+ mapjoin(v)*/ sum(hash(k.key)), sum(hash(v.val)) FROM T1_n128 k LEFT OUTER JOIN T1_n128 v ON k.key+1=v.key
PREHOOK: type: QUERY
POSTHOOK: query: EXPLAIN
SELECT /*+ mapjoin(v)*/ sum(hash(k.key)), sum(hash(v.val)) FROM T1_n128 k LEFT OUTER JOIN T1_n128 v ON k.key+1=v.key
POSTHOOK: type: QUERY
STAGE DEPENDENCIES:
  Stage-1 is a root stage
  Stage-0 depends on stages: Stage-1

STAGE PLANS:
  Stage: Stage-1
    Tez
#### A masked pattern was here ####
      Edges:
        Reducer 2 <- Map 1 (SIMPLE_EDGE), Map 4 (SIMPLE_EDGE)
        Reducer 3 <- Reducer 2 (CUSTOM_SIMPLE_EDGE)
#### A masked pattern was here ####
      Vertices:
        Map 1 
            Map Operator Tree:
                TableScan
                  alias: k
                  Statistics: Num rows: 1 Data size: 184 Basic stats: COMPLETE Column stats: NONE
                  Reduce Output Operator
                    key expressions: (key + 1) (type: double)
                    sort order: +
                    Map-reduce partition columns: (key + 1) (type: double)
                    Statistics: Num rows: 1 Data size: 184 Basic stats: COMPLETE Column stats: NONE
                    value expressions: key (type: string)
            Execution mode: llap
            LLAP IO: no inputs
        Map 4 
            Map Operator Tree:
                TableScan
                  alias: v
                  Statistics: Num rows: 1 Data size: 368 Basic stats: COMPLETE Column stats: NONE
                  Reduce Output Operator
                    key expressions: UDFToDouble(key) (type: double)
                    sort order: +
                    Map-reduce partition columns: UDFToDouble(key) (type: double)
                    Statistics: Num rows: 1 Data size: 368 Basic stats: COMPLETE Column stats: NONE
                    value expressions: val (type: string)
            Execution mode: llap
            LLAP IO: no inputs
        Reducer 2 
            Execution mode: llap
            Reduce Operator Tree:
              Merge Join Operator
                condition map:
                     Left Outer Join 0 to 1
                keys:
                  0 (key + 1) (type: double)
                  1 UDFToDouble(key) (type: double)
                outputColumnNames: _col0, _col6
                Statistics: Num rows: 1 Data size: 202 Basic stats: COMPLETE Column stats: NONE
                Group By Operator
                  aggregations: sum(hash(_col0)), sum(hash(_col6))
                  mode: hash
                  outputColumnNames: _col0, _col1
                  Statistics: Num rows: 1 Data size: 16 Basic stats: COMPLETE Column stats: NONE
                  Reduce Output Operator
                    sort order: 
                    Statistics: Num rows: 1 Data size: 16 Basic stats: COMPLETE Column stats: NONE
                    value expressions: _col0 (type: bigint), _col1 (type: bigint)
        Reducer 3 
            Execution mode: llap
            Reduce Operator Tree:
              Group By Operator
                aggregations: sum(VALUE._col0), sum(VALUE._col1)
                mode: mergepartial
                outputColumnNames: _col0, _col1
                Statistics: Num rows: 1 Data size: 16 Basic stats: COMPLETE Column stats: NONE
                File Output Operator
                  compressed: false
                  Statistics: Num rows: 1 Data size: 16 Basic stats: COMPLETE Column stats: NONE
                  table:
                      input format: org.apache.hadoop.mapred.SequenceFileInputFormat
                      output format: org.apache.hadoop.hive.ql.io.HiveSequenceFileOutputFormat
                      serde: org.apache.hadoop.hive.serde2.lazy.LazySimpleSerDe

  Stage: Stage-0
    Fetch Operator
      limit: -1
      Processor Tree:
        ListSink

PREHOOK: query: SELECT /*+ mapjoin(v)*/ sum(hash(k.key)), sum(hash(v.val)) FROM T1_n128 k LEFT OUTER JOIN T1_n128 v ON k.key+1=v.key
PREHOOK: type: QUERY
PREHOOK: Input: default@t1_n128
#### A masked pattern was here ####
POSTHOOK: query: SELECT /*+ mapjoin(v)*/ sum(hash(k.key)), sum(hash(v.val)) FROM T1_n128 k LEFT OUTER JOIN T1_n128 v ON k.key+1=v.key
POSTHOOK: type: QUERY
POSTHOOK: Input: default@t1_n128
#### A masked pattern was here ####
372	6320
PREHOOK: query: select /*+ mapjoin(k)*/ sum(hash(k.key)), sum(hash(v.val)) from T1_n128 k join T1_n128 v on k.key=v.val
PREHOOK: type: QUERY
PREHOOK: Input: default@t1_n128
#### A masked pattern was here ####
POSTHOOK: query: select /*+ mapjoin(k)*/ sum(hash(k.key)), sum(hash(v.val)) from T1_n128 k join T1_n128 v on k.key=v.val
POSTHOOK: type: QUERY
POSTHOOK: Input: default@t1_n128
#### A masked pattern was here ####
NULL	NULL
PREHOOK: query: select /*+ mapjoin(k)*/ sum(hash(k.key)), sum(hash(v.val)) from T1_n128 k join T1_n128 v on k.key=v.key
PREHOOK: type: QUERY
PREHOOK: Input: default@t1_n128
#### A masked pattern was here ####
POSTHOOK: query: select /*+ mapjoin(k)*/ sum(hash(k.key)), sum(hash(v.val)) from T1_n128 k join T1_n128 v on k.key=v.key
POSTHOOK: type: QUERY
POSTHOOK: Input: default@t1_n128
#### A masked pattern was here ####
429	12643
PREHOOK: query: select sum(hash(k.key)), sum(hash(v.val)) from T1_n128 k join T1_n128 v on k.key=v.key
PREHOOK: type: QUERY
PREHOOK: Input: default@t1_n128
#### A masked pattern was here ####
POSTHOOK: query: select sum(hash(k.key)), sum(hash(v.val)) from T1_n128 k join T1_n128 v on k.key=v.key
POSTHOOK: type: QUERY
POSTHOOK: Input: default@t1_n128
#### A masked pattern was here ####
429	12643
PREHOOK: query: select count(1) from  T1_n128 a join T1_n128 b on a.key = b.key
PREHOOK: type: QUERY
PREHOOK: Input: default@t1_n128
#### A masked pattern was here ####
POSTHOOK: query: select count(1) from  T1_n128 a join T1_n128 b on a.key = b.key
POSTHOOK: type: QUERY
POSTHOOK: Input: default@t1_n128
#### A masked pattern was here ####
8
PREHOOK: query: FROM T1_n128 a LEFT OUTER JOIN T2_n76 c ON c.key+1=a.key SELECT sum(hash(a.key)), sum(hash(a.val)), sum(hash(c.key))
PREHOOK: type: QUERY
PREHOOK: Input: default@t1_n128
PREHOOK: Input: default@t2_n76
#### A masked pattern was here ####
POSTHOOK: query: FROM T1_n128 a LEFT OUTER JOIN T2_n76 c ON c.key+1=a.key SELECT sum(hash(a.key)), sum(hash(a.val)), sum(hash(c.key))
POSTHOOK: type: QUERY
POSTHOOK: Input: default@t1_n128
POSTHOOK: Input: default@t2_n76
#### A masked pattern was here ####
317	9462	50
PREHOOK: query: FROM T1_n128 a RIGHT OUTER JOIN T2_n76 c ON c.key+1=a.key SELECT /*+ STREAMTABLE(a) */ sum(hash(a.key)), sum(hash(a.val)), sum(hash(c.key))
PREHOOK: type: QUERY
PREHOOK: Input: default@t1_n128
PREHOOK: Input: default@t2_n76
#### A masked pattern was here ####
POSTHOOK: query: FROM T1_n128 a RIGHT OUTER JOIN T2_n76 c ON c.key+1=a.key SELECT /*+ STREAMTABLE(a) */ sum(hash(a.key)), sum(hash(a.val)), sum(hash(c.key))
POSTHOOK: type: QUERY
POSTHOOK: Input: default@t1_n128
POSTHOOK: Input: default@t2_n76
#### A masked pattern was here ####
51	1570	318
PREHOOK: query: FROM T1_n128 a FULL OUTER JOIN T2_n76 c ON c.key+1=a.key SELECT /*+ STREAMTABLE(a) */ sum(hash(a.key)), sum(hash(a.val)), sum(hash(c.key))
PREHOOK: type: QUERY
PREHOOK: Input: default@t1_n128
PREHOOK: Input: default@t2_n76
#### A masked pattern was here ####
POSTHOOK: query: FROM T1_n128 a FULL OUTER JOIN T2_n76 c ON c.key+1=a.key SELECT /*+ STREAMTABLE(a) */ sum(hash(a.key)), sum(hash(a.val)), sum(hash(c.key))
POSTHOOK: type: QUERY
POSTHOOK: Input: default@t1_n128
POSTHOOK: Input: default@t2_n76
#### A masked pattern was here ####
317	9462	318
PREHOOK: query: SELECT sum(hash(src1.key)), sum(hash(src1.val)), sum(hash(src2.key)) FROM T1_n128 src1 LEFT OUTER JOIN T2_n76 src2 ON src1.key+1 = src2.key RIGHT OUTER JOIN T2_n76 src3 ON src2.key = src3.key
PREHOOK: type: QUERY
PREHOOK: Input: default@t1_n128
PREHOOK: Input: default@t2_n76
#### A masked pattern was here ####
POSTHOOK: query: SELECT sum(hash(src1.key)), sum(hash(src1.val)), sum(hash(src2.key)) FROM T1_n128 src1 LEFT OUTER JOIN T2_n76 src2 ON src1.key+1 = src2.key RIGHT OUTER JOIN T2_n76 src3 ON src2.key = src3.key
POSTHOOK: type: QUERY
POSTHOOK: Input: default@t1_n128
POSTHOOK: Input: default@t2_n76
#### A masked pattern was here ####
370	11003	377
PREHOOK: query: SELECT sum(hash(src1.key)), sum(hash(src1.val)), sum(hash(src2.key)) FROM T1_n128 src1 JOIN T2_n76 src2 ON src1.key+1 = src2.key JOIN T2_n76 src3 ON src2.key = src3.key
PREHOOK: type: QUERY
PREHOOK: Input: default@t1_n128
PREHOOK: Input: default@t2_n76
#### A masked pattern was here ####
POSTHOOK: query: SELECT sum(hash(src1.key)), sum(hash(src1.val)), sum(hash(src2.key)) FROM T1_n128 src1 JOIN T2_n76 src2 ON src1.key+1 = src2.key JOIN T2_n76 src3 ON src2.key = src3.key
POSTHOOK: type: QUERY
POSTHOOK: Input: default@t1_n128
POSTHOOK: Input: default@t2_n76
#### A masked pattern was here ####
370	11003	377
PREHOOK: query: select /*+ mapjoin(v)*/ sum(hash(k.key)), sum(hash(v.val)) from T1_n128 k left outer join T1_n128 v on k.key+1=v.key
PREHOOK: type: QUERY
PREHOOK: Input: default@t1_n128
#### A masked pattern was here ####
POSTHOOK: query: select /*+ mapjoin(v)*/ sum(hash(k.key)), sum(hash(v.val)) from T1_n128 k left outer join T1_n128 v on k.key+1=v.key
POSTHOOK: type: QUERY
POSTHOOK: Input: default@t1_n128
#### A masked pattern was here ####
372	6320
