PREHOOK: query: drop table if exists stats_only_external_tab1
PREHOOK: type: DROPTABLE
POSTHOOK: query: drop table if exists stats_only_external_tab1
POSTHOOK: type: DROPTABLE
PREHOOK: query: drop table if exists stats_only_external_tab1_ext
PREHOOK: type: DROPTABLE
POSTHOOK: query: drop table if exists stats_only_external_tab1_ext
POSTHOOK: type: DROPTABLE
PREHOOK: query: create table stats_only_external_tab1 (key int, value string) stored as orc
PREHOOK: type: CREATETABLE
PREHOOK: Output: database:default
PREHOOK: Output: default@stats_only_external_tab1
POSTHOOK: query: create table stats_only_external_tab1 (key int, value string) stored as orc
POSTHOOK: type: CREATETABLE
POSTHOOK: Output: database:default
POSTHOOK: Output: default@stats_only_external_tab1
PREHOOK: query: create external table stats_only_external_tab1_ext like stats_only_external_tab1 stored as orc
PREHOOK: type: CREATETABLE
PREHOOK: Output: database:default
PREHOOK: Output: default@stats_only_external_tab1_ext
POSTHOOK: query: create external table stats_only_external_tab1_ext like stats_only_external_tab1 stored as orc
POSTHOOK: type: CREATETABLE
POSTHOOK: Output: database:default
POSTHOOK: Output: default@stats_only_external_tab1_ext
PREHOOK: query: insert into stats_only_external_tab1 select * from src
PREHOOK: type: QUERY
PREHOOK: Input: default@src
PREHOOK: Output: default@stats_only_external_tab1
POSTHOOK: query: insert into stats_only_external_tab1 select * from src
POSTHOOK: type: QUERY
POSTHOOK: Input: default@src
POSTHOOK: Output: default@stats_only_external_tab1
POSTHOOK: Lineage: stats_only_external_tab1.key EXPRESSION [(src)src.FieldSchema(name:key, type:string, comment:default), ]
POSTHOOK: Lineage: stats_only_external_tab1.value SIMPLE [(src)src.FieldSchema(name:value, type:string, comment:default), ]
PREHOOK: query: insert into stats_only_external_tab1_ext select * from src
PREHOOK: type: QUERY
PREHOOK: Input: default@src
PREHOOK: Output: default@stats_only_external_tab1_ext
POSTHOOK: query: insert into stats_only_external_tab1_ext select * from src
POSTHOOK: type: QUERY
POSTHOOK: Input: default@src
POSTHOOK: Output: default@stats_only_external_tab1_ext
POSTHOOK: Lineage: stats_only_external_tab1_ext.key EXPRESSION [(src)src.FieldSchema(name:key, type:string, comment:default), ]
POSTHOOK: Lineage: stats_only_external_tab1_ext.value SIMPLE [(src)src.FieldSchema(name:value, type:string, comment:default), ]
PREHOOK: query: analyze table stats_only_external_tab1 compute statistics for columns
PREHOOK: type: ANALYZE_TABLE
PREHOOK: Input: default@stats_only_external_tab1
PREHOOK: Output: default@stats_only_external_tab1
#### A masked pattern was here ####
POSTHOOK: query: analyze table stats_only_external_tab1 compute statistics for columns
POSTHOOK: type: ANALYZE_TABLE
POSTHOOK: Input: default@stats_only_external_tab1
POSTHOOK: Output: default@stats_only_external_tab1
#### A masked pattern was here ####
PREHOOK: query: analyze table stats_only_external_tab1_ext compute statistics for columns
PREHOOK: type: ANALYZE_TABLE
PREHOOK: Input: default@stats_only_external_tab1_ext
PREHOOK: Output: default@stats_only_external_tab1_ext
#### A masked pattern was here ####
POSTHOOK: query: analyze table stats_only_external_tab1_ext compute statistics for columns
POSTHOOK: type: ANALYZE_TABLE
POSTHOOK: Input: default@stats_only_external_tab1_ext
POSTHOOK: Output: default@stats_only_external_tab1_ext
#### A masked pattern was here ####
test.comment=Regular table should should compute using stats
PREHOOK: query: explain select count(*) from stats_only_external_tab1
PREHOOK: type: QUERY
PREHOOK: Input: default@stats_only_external_tab1
#### A masked pattern was here ####
POSTHOOK: query: explain select count(*) from stats_only_external_tab1
POSTHOOK: type: QUERY
POSTHOOK: Input: default@stats_only_external_tab1
#### A masked pattern was here ####
STAGE DEPENDENCIES:
  Stage-0 is a root stage

STAGE PLANS:
  Stage: Stage-0
    Fetch Operator
      limit: 1
      Processor Tree:
        ListSink

test.comment=External table should not should compute using stats
PREHOOK: query: explain select count(*) from stats_only_external_tab1_ext
PREHOOK: type: QUERY
PREHOOK: Input: default@stats_only_external_tab1_ext
#### A masked pattern was here ####
POSTHOOK: query: explain select count(*) from stats_only_external_tab1_ext
POSTHOOK: type: QUERY
POSTHOOK: Input: default@stats_only_external_tab1_ext
#### A masked pattern was here ####
STAGE DEPENDENCIES:
  Stage-1 is a root stage
  Stage-0 depends on stages: Stage-1

STAGE PLANS:
  Stage: Stage-1
    Tez
#### A masked pattern was here ####
      Edges:
        Reducer 2 <- Map 1 (CUSTOM_SIMPLE_EDGE)
#### A masked pattern was here ####
      Vertices:
        Map 1 
            Map Operator Tree:
                TableScan
                  alias: stats_only_external_tab1_ext
                  Statistics: Num rows: 500 Data size: 49000 Basic stats: COMPLETE Column stats: COMPLETE
                  Select Operator
                    Statistics: Num rows: 500 Data size: 49000 Basic stats: COMPLETE Column stats: COMPLETE
                    Group By Operator
                      aggregations: count()
                      minReductionHashAggr: 0.99
                      mode: hash
                      outputColumnNames: _col0
                      Statistics: Num rows: 1 Data size: 8 Basic stats: COMPLETE Column stats: COMPLETE
                      Reduce Output Operator
                        null sort order: 
                        sort order: 
                        Statistics: Num rows: 1 Data size: 8 Basic stats: COMPLETE Column stats: COMPLETE
                        value expressions: _col0 (type: bigint)
            Execution mode: vectorized, llap
            LLAP IO: all inputs
        Reducer 2 
            Execution mode: vectorized, llap
            Reduce Operator Tree:
              Group By Operator
                aggregations: count(VALUE._col0)
                mode: mergepartial
                outputColumnNames: _col0
                Statistics: Num rows: 1 Data size: 8 Basic stats: COMPLETE Column stats: COMPLETE
                File Output Operator
                  compressed: false
                  Statistics: Num rows: 1 Data size: 8 Basic stats: COMPLETE Column stats: COMPLETE
                  table:
                      input format: org.apache.hadoop.mapred.SequenceFileInputFormat
                      output format: org.apache.hadoop.hive.ql.io.HiveSequenceFileOutputFormat
                      serde: org.apache.hadoop.hive.serde2.lazy.LazySimpleSerDe

  Stage: Stage-0
    Fetch Operator
      limit: -1
      Processor Tree:
        ListSink

test.comment=Query predicates removed due to column stats
PREHOOK: query: explain select count(*) from stats_only_external_tab1 where value is not null and key >= 0
PREHOOK: type: QUERY
PREHOOK: Input: default@stats_only_external_tab1
#### A masked pattern was here ####
POSTHOOK: query: explain select count(*) from stats_only_external_tab1 where value is not null and key >= 0
POSTHOOK: type: QUERY
POSTHOOK: Input: default@stats_only_external_tab1
#### A masked pattern was here ####
STAGE DEPENDENCIES:
  Stage-0 is a root stage

STAGE PLANS:
  Stage: Stage-0
    Fetch Operator
      limit: 1
      Processor Tree:
        ListSink

test.comment=Predicate removal disabled for external tables
PREHOOK: query: explain select count(*) from stats_only_external_tab1_ext where value is not null and key >= 0
PREHOOK: type: QUERY
PREHOOK: Input: default@stats_only_external_tab1_ext
#### A masked pattern was here ####
POSTHOOK: query: explain select count(*) from stats_only_external_tab1_ext where value is not null and key >= 0
POSTHOOK: type: QUERY
POSTHOOK: Input: default@stats_only_external_tab1_ext
#### A masked pattern was here ####
STAGE DEPENDENCIES:
  Stage-1 is a root stage
  Stage-0 depends on stages: Stage-1

STAGE PLANS:
  Stage: Stage-1
    Tez
#### A masked pattern was here ####
      Edges:
        Reducer 2 <- Map 1 (CUSTOM_SIMPLE_EDGE)
#### A masked pattern was here ####
      Vertices:
        Map 1 
            Map Operator Tree:
                TableScan
                  alias: stats_only_external_tab1_ext
                  filterExpr: ((key >= 0) and value is not null) (type: boolean)
                  Statistics: Num rows: 500 Data size: 47500 Basic stats: COMPLETE Column stats: COMPLETE
                  Filter Operator
                    predicate: ((key >= 0) and value is not null) (type: boolean)
                    Statistics: Num rows: 500 Data size: 47500 Basic stats: COMPLETE Column stats: COMPLETE
                    Select Operator
                      Statistics: Num rows: 500 Data size: 47500 Basic stats: COMPLETE Column stats: COMPLETE
                      Group By Operator
                        aggregations: count()
                        minReductionHashAggr: 0.99
                        mode: hash
                        outputColumnNames: _col0
                        Statistics: Num rows: 1 Data size: 8 Basic stats: COMPLETE Column stats: COMPLETE
                        Reduce Output Operator
                          null sort order: 
                          sort order: 
                          Statistics: Num rows: 1 Data size: 8 Basic stats: COMPLETE Column stats: COMPLETE
                          value expressions: _col0 (type: bigint)
            Execution mode: vectorized, llap
            LLAP IO: all inputs
        Reducer 2 
            Execution mode: vectorized, llap
            Reduce Operator Tree:
              Group By Operator
                aggregations: count(VALUE._col0)
                mode: mergepartial
                outputColumnNames: _col0
                Statistics: Num rows: 1 Data size: 8 Basic stats: COMPLETE Column stats: COMPLETE
                File Output Operator
                  compressed: false
                  Statistics: Num rows: 1 Data size: 8 Basic stats: COMPLETE Column stats: COMPLETE
                  table:
                      input format: org.apache.hadoop.mapred.SequenceFileInputFormat
                      output format: org.apache.hadoop.hive.ql.io.HiveSequenceFileOutputFormat
                      serde: org.apache.hadoop.hive.serde2.lazy.LazySimpleSerDe

  Stage: Stage-0
    Fetch Operator
      limit: -1
      Processor Tree:
        ListSink

PREHOOK: query: drop table stats_only_external_tab1
PREHOOK: type: DROPTABLE
PREHOOK: Input: default@stats_only_external_tab1
PREHOOK: Output: default@stats_only_external_tab1
POSTHOOK: query: drop table stats_only_external_tab1
POSTHOOK: type: DROPTABLE
POSTHOOK: Input: default@stats_only_external_tab1
POSTHOOK: Output: default@stats_only_external_tab1
PREHOOK: query: drop table stats_only_external_tab1_ext
PREHOOK: type: DROPTABLE
PREHOOK: Input: default@stats_only_external_tab1_ext
PREHOOK: Output: default@stats_only_external_tab1_ext
POSTHOOK: query: drop table stats_only_external_tab1_ext
POSTHOOK: type: DROPTABLE
POSTHOOK: Input: default@stats_only_external_tab1_ext
POSTHOOK: Output: default@stats_only_external_tab1_ext
