PREHOOK: query: drop table if exists p1_n0
PREHOOK: type: DROPTABLE
PREHOOK: Output: database:default
POSTHOOK: query: drop table if exists p1_n0
POSTHOOK: type: DROPTABLE
POSTHOOK: Output: database:default
PREHOOK: query: drop table if exists t_n32
PREHOOK: type: DROPTABLE
PREHOOK: Output: database:default
POSTHOOK: query: drop table if exists t_n32
POSTHOOK: type: DROPTABLE
POSTHOOK: Output: database:default
PREHOOK: query: create table t_n32 (a int)
PREHOOK: type: CREATETABLE
PREHOOK: Output: database:default
PREHOOK: Output: default@t_n32
POSTHOOK: query: create table t_n32 (a int)
POSTHOOK: type: CREATETABLE
POSTHOOK: Output: database:default
POSTHOOK: Output: default@t_n32
PREHOOK: query: insert into t_n32 values (1)
PREHOOK: type: QUERY
PREHOOK: Input: _dummy_database@_dummy_table
PREHOOK: Output: default@t_n32
POSTHOOK: query: insert into t_n32 values (1)
POSTHOOK: type: QUERY
POSTHOOK: Input: _dummy_database@_dummy_table
POSTHOOK: Output: default@t_n32
POSTHOOK: Lineage: t_n32.a SCRIPT []
PREHOOK: query: create table p1_n0 (a int) partitioned by (p int)
PREHOOK: type: CREATETABLE
PREHOOK: Output: database:default
PREHOOK: Output: default@p1_n0
POSTHOOK: query: create table p1_n0 (a int) partitioned by (p int)
POSTHOOK: type: CREATETABLE
POSTHOOK: Output: database:default
POSTHOOK: Output: default@p1_n0
PREHOOK: query: insert into p1_n0 partition (p=1) values (1)
PREHOOK: type: QUERY
PREHOOK: Input: _dummy_database@_dummy_table
PREHOOK: Output: default@p1_n0@p=1
POSTHOOK: query: insert into p1_n0 partition (p=1) values (1)
POSTHOOK: type: QUERY
POSTHOOK: Input: _dummy_database@_dummy_table
POSTHOOK: Output: default@p1_n0@p=1
POSTHOOK: Lineage: p1_n0 PARTITION(p=1).a SCRIPT []
PREHOOK: query: insert into p1_n0 partition (p=2) values (1)
PREHOOK: type: QUERY
PREHOOK: Input: _dummy_database@_dummy_table
PREHOOK: Output: default@p1_n0@p=2
POSTHOOK: query: insert into p1_n0 partition (p=2) values (1)
POSTHOOK: type: QUERY
POSTHOOK: Input: _dummy_database@_dummy_table
POSTHOOK: Output: default@p1_n0@p=2
POSTHOOK: Lineage: p1_n0 PARTITION(p=2).a SCRIPT []
PREHOOK: query: truncate table p1_n0
PREHOOK: type: TRUNCATETABLE
PREHOOK: Output: default@p1_n0@p=1
PREHOOK: Output: default@p1_n0@p=2
POSTHOOK: query: truncate table p1_n0
POSTHOOK: type: TRUNCATETABLE
POSTHOOK: Output: default@p1_n0@p=1
POSTHOOK: Output: default@p1_n0@p=2
PREHOOK: query: insert into p1_n0 partition (p=1) values (1)
PREHOOK: type: QUERY
PREHOOK: Input: _dummy_database@_dummy_table
PREHOOK: Output: default@p1_n0@p=1
POSTHOOK: query: insert into p1_n0 partition (p=1) values (1)
POSTHOOK: type: QUERY
POSTHOOK: Input: _dummy_database@_dummy_table
POSTHOOK: Output: default@p1_n0@p=1
POSTHOOK: Lineage: p1_n0 PARTITION(p=1).a SCRIPT []
PREHOOK: query: explain
select * from p1_n0 join t_n32 on (t_n32.a=p1_n0.a)
PREHOOK: type: QUERY
PREHOOK: Input: default@p1_n0
PREHOOK: Input: default@p1_n0@p=1
PREHOOK: Input: default@p1_n0@p=2
PREHOOK: Input: default@t_n32
#### A masked pattern was here ####
POSTHOOK: query: explain
select * from p1_n0 join t_n32 on (t_n32.a=p1_n0.a)
POSTHOOK: type: QUERY
POSTHOOK: Input: default@p1_n0
POSTHOOK: Input: default@p1_n0@p=1
POSTHOOK: Input: default@p1_n0@p=2
POSTHOOK: Input: default@t_n32
#### A masked pattern was here ####
STAGE DEPENDENCIES:
  Stage-1 is a root stage
  Stage-0 depends on stages: Stage-1

STAGE PLANS:
  Stage: Stage-1
    Tez
#### A masked pattern was here ####
      Edges:
        Reducer 2 <- Map 1 (SIMPLE_EDGE), Map 3 (SIMPLE_EDGE)
#### A masked pattern was here ####
      Vertices:
        Map 1 
            Map Operator Tree:
                TableScan
                  alias: p1_n0
                  filterExpr: a is not null (type: boolean)
                  Statistics: Num rows: 1 Data size: 8 Basic stats: PARTIAL Column stats: COMPLETE
                  Filter Operator
                    predicate: a is not null (type: boolean)
                    Statistics: Num rows: 1 Data size: 8 Basic stats: PARTIAL Column stats: COMPLETE
                    Select Operator
                      expressions: a (type: int), p (type: int)
                      outputColumnNames: _col0, _col1
                      Statistics: Num rows: 1 Data size: 8 Basic stats: PARTIAL Column stats: COMPLETE
                      Reduce Output Operator
                        key expressions: _col0 (type: int)
                        null sort order: z
                        sort order: +
                        Map-reduce partition columns: _col0 (type: int)
                        Statistics: Num rows: 1 Data size: 8 Basic stats: PARTIAL Column stats: COMPLETE
                        value expressions: _col1 (type: int)
            Execution mode: vectorized, llap
            LLAP IO: all inputs
        Map 3 
            Map Operator Tree:
                TableScan
                  alias: t_n32
                  filterExpr: a is not null (type: boolean)
                  Statistics: Num rows: 1 Data size: 4 Basic stats: COMPLETE Column stats: COMPLETE
                  Filter Operator
                    predicate: a is not null (type: boolean)
                    Statistics: Num rows: 1 Data size: 4 Basic stats: COMPLETE Column stats: COMPLETE
                    Select Operator
                      expressions: a (type: int)
                      outputColumnNames: _col0
                      Statistics: Num rows: 1 Data size: 4 Basic stats: COMPLETE Column stats: COMPLETE
                      Reduce Output Operator
                        key expressions: _col0 (type: int)
                        null sort order: z
                        sort order: +
                        Map-reduce partition columns: _col0 (type: int)
                        Statistics: Num rows: 1 Data size: 4 Basic stats: COMPLETE Column stats: COMPLETE
            Execution mode: vectorized, llap
            LLAP IO: all inputs
        Reducer 2 
            Execution mode: llap
            Reduce Operator Tree:
              Merge Join Operator
                condition map:
                     Inner Join 0 to 1
                keys:
                  0 _col0 (type: int)
                  1 _col0 (type: int)
                outputColumnNames: _col0, _col1, _col2
                Statistics: Num rows: 1 Data size: 8 Basic stats: PARTIAL Column stats: NONE
                File Output Operator
                  compressed: false
                  Statistics: Num rows: 1 Data size: 8 Basic stats: PARTIAL Column stats: NONE
                  table:
                      input format: org.apache.hadoop.mapred.SequenceFileInputFormat
                      output format: org.apache.hadoop.hive.ql.io.HiveSequenceFileOutputFormat
                      serde: org.apache.hadoop.hive.serde2.lazy.LazySimpleSerDe

  Stage: Stage-0
    Fetch Operator
      limit: -1
      Processor Tree:
        ListSink

PREHOOK: query: describe formatted p1_n0
PREHOOK: type: DESCTABLE
PREHOOK: Input: default@p1_n0
POSTHOOK: query: describe formatted p1_n0
POSTHOOK: type: DESCTABLE
POSTHOOK: Input: default@p1_n0
# col_name            	data_type           	comment             
a                   	int                 	                    
	 	 
# Partition Information	 	 
# col_name            	data_type           	comment             
p                   	int                 	                    
	 	 
# Detailed Table Information	 	 
Database:           	default             	 
#### A masked pattern was here ####
Retention:          	0                   	 
#### A masked pattern was here ####
Table Type:         	MANAGED_TABLE       	 
Table Parameters:	 	 
	COLUMN_STATS_ACCURATE	{\"BASIC_STATS\":\"true\"}
	bucketing_version   	2                   
	numFiles            	1                   
	numPartitions       	2                   
	numRows             	1                   
	rawDataSize         	1                   
	totalSize           	#Masked#
#### A masked pattern was here ####
	 	 
# Storage Information	 	 
SerDe Library:      	org.apache.hadoop.hive.serde2.lazy.LazySimpleSerDe	 
InputFormat:        	org.apache.hadoop.mapred.TextInputFormat	 
OutputFormat:       	org.apache.hadoop.hive.ql.io.HiveIgnoreKeyTextOutputFormat	 
Compressed:         	No                  	 
Num Buckets:        	-1                  	 
Bucket Columns:     	[]                  	 
Sort Columns:       	[]                  	 
Storage Desc Params:	 	 
	serialization.format	1                   
