PREHOOK: query: explain
select b.key, count(*) 
from src b 
group by b.key
having exists 
  (select a.key 
  from src a 
  where a.key = b.key and a.value > 'val_9'
  )
PREHOOK: type: QUERY
PREHOOK: Input: default@src
#### A masked pattern was here ####
POSTHOOK: query: explain
select b.key, count(*) 
from src b 
group by b.key
having exists 
  (select a.key 
  from src a 
  where a.key = b.key and a.value > 'val_9'
  )
POSTHOOK: type: QUERY
POSTHOOK: Input: default@src
#### A masked pattern was here ####
STAGE DEPENDENCIES:
  Stage-1 is a root stage
  Stage-0 depends on stages: Stage-1

STAGE PLANS:
  Stage: Stage-1
    Tez
#### A masked pattern was here ####
      Edges:
        Reducer 2 <- Map 1 (SIMPLE_EDGE), Reducer 3 (SIMPLE_EDGE)
        Reducer 3 <- Map 1 (SIMPLE_EDGE)
#### A masked pattern was here ####
      Vertices:
        Map 1 
            Map Operator Tree:
                TableScan
                  alias: a
                  filterExpr: (((value > 'val_9') and key is not null) or key is not null) (type: boolean)
                  Statistics: Num rows: 500 Data size: 89000 Basic stats: COMPLETE Column stats: COMPLETE
                  Filter Operator
                    predicate: ((value > 'val_9') and key is not null) (type: boolean)
                    Statistics: Num rows: 166 Data size: 29548 Basic stats: COMPLETE Column stats: COMPLETE
                    Select Operator
                      expressions: key (type: string)
                      outputColumnNames: _col0
                      Statistics: Num rows: 166 Data size: 14442 Basic stats: COMPLETE Column stats: COMPLETE
                      Group By Operator
                        keys: _col0 (type: string)
                        minReductionHashAggr: 0.4
                        mode: hash
                        outputColumnNames: _col0
                        Statistics: Num rows: 166 Data size: 14442 Basic stats: COMPLETE Column stats: COMPLETE
                        Reduce Output Operator
                          key expressions: _col0 (type: string)
                          null sort order: z
                          sort order: +
                          Map-reduce partition columns: _col0 (type: string)
                          Statistics: Num rows: 166 Data size: 14442 Basic stats: COMPLETE Column stats: COMPLETE
                  Filter Operator
                    predicate: key is not null (type: boolean)
                    Statistics: Num rows: 500 Data size: 43500 Basic stats: COMPLETE Column stats: COMPLETE
                    Group By Operator
                      aggregations: count()
                      keys: key (type: string)
                      minReductionHashAggr: 0.4
                      mode: hash
                      outputColumnNames: _col0, _col1
                      Statistics: Num rows: 316 Data size: 30020 Basic stats: COMPLETE Column stats: COMPLETE
                      Reduce Output Operator
                        key expressions: _col0 (type: string)
                        null sort order: z
                        sort order: +
                        Map-reduce partition columns: _col0 (type: string)
                        Statistics: Num rows: 316 Data size: 30020 Basic stats: COMPLETE Column stats: COMPLETE
                        value expressions: _col1 (type: bigint)
            Execution mode: vectorized, llap
            LLAP IO: all inputs
        Reducer 2 
            Execution mode: llap
            Reduce Operator Tree:
              Merge Join Operator
                condition map:
                     Left Semi Join 0 to 1
                keys:
                  0 _col0 (type: string)
                  1 _col0 (type: string)
                outputColumnNames: _col0, _col1
                Statistics: Num rows: 166 Data size: 15770 Basic stats: COMPLETE Column stats: COMPLETE
                File Output Operator
                  compressed: false
                  Statistics: Num rows: 166 Data size: 15770 Basic stats: COMPLETE Column stats: COMPLETE
                  table:
                      input format: org.apache.hadoop.mapred.SequenceFileInputFormat
                      output format: org.apache.hadoop.hive.ql.io.HiveSequenceFileOutputFormat
                      serde: org.apache.hadoop.hive.serde2.lazy.LazySimpleSerDe
        Reducer 3 
            Execution mode: vectorized, llap
            Reduce Operator Tree:
              Group By Operator
                aggregations: count(VALUE._col0)
                keys: KEY._col0 (type: string)
                mode: mergepartial
                outputColumnNames: _col0, _col1
                Statistics: Num rows: 316 Data size: 30020 Basic stats: COMPLETE Column stats: COMPLETE
                Reduce Output Operator
                  key expressions: _col0 (type: string)
                  null sort order: z
                  sort order: +
                  Map-reduce partition columns: _col0 (type: string)
                  Statistics: Num rows: 316 Data size: 30020 Basic stats: COMPLETE Column stats: COMPLETE
                  value expressions: _col1 (type: bigint)

  Stage: Stage-0
    Fetch Operator
      limit: -1
      Processor Tree:
        ListSink

PREHOOK: query: select b.key, count(*) 
from src b 
group by b.key
having exists 
  (select a.key 
  from src a 
  where a.key = b.key and a.value > 'val_9'
  )
PREHOOK: type: QUERY
PREHOOK: Input: default@src
#### A masked pattern was here ####
POSTHOOK: query: select b.key, count(*) 
from src b 
group by b.key
having exists 
  (select a.key 
  from src a 
  where a.key = b.key and a.value > 'val_9'
  )
POSTHOOK: type: QUERY
POSTHOOK: Input: default@src
#### A masked pattern was here ####
90	3
92	1
95	2
96	1
97	2
98	2
PREHOOK: query: explain
select b.key, count(*)
from src b
group by b.key
having exists
  (select a.key
  from src a
  where a.key = b.key and a.value > 'val_9'
  )
PREHOOK: type: QUERY
PREHOOK: Input: default@src
#### A masked pattern was here ####
POSTHOOK: query: explain
select b.key, count(*)
from src b
group by b.key
having exists
  (select a.key
  from src a
  where a.key = b.key and a.value > 'val_9'
  )
POSTHOOK: type: QUERY
POSTHOOK: Input: default@src
#### A masked pattern was here ####
STAGE DEPENDENCIES:
  Stage-1 is a root stage
  Stage-0 depends on stages: Stage-1

STAGE PLANS:
  Stage: Stage-1
    Tez
#### A masked pattern was here ####
      Edges:
        Reducer 2 <- Map 1 (SIMPLE_EDGE), Reducer 3 (SIMPLE_EDGE)
        Reducer 3 <- Map 1 (SIMPLE_EDGE)
#### A masked pattern was here ####
      Vertices:
        Map 1 
            Map Operator Tree:
                TableScan
                  alias: a
                  filterExpr: (((value > 'val_9') and key is not null) or key is not null) (type: boolean)
                  Statistics: Num rows: 500 Data size: 89000 Basic stats: COMPLETE Column stats: COMPLETE
                  Filter Operator
                    predicate: ((value > 'val_9') and key is not null) (type: boolean)
                    Statistics: Num rows: 166 Data size: 29548 Basic stats: COMPLETE Column stats: COMPLETE
                    Select Operator
                      expressions: key (type: string)
                      outputColumnNames: _col0
                      Statistics: Num rows: 166 Data size: 14442 Basic stats: COMPLETE Column stats: COMPLETE
                      Group By Operator
                        keys: _col0 (type: string)
                        minReductionHashAggr: 0.4
                        mode: hash
                        outputColumnNames: _col0
                        Statistics: Num rows: 166 Data size: 14442 Basic stats: COMPLETE Column stats: COMPLETE
                        Reduce Output Operator
                          key expressions: _col0 (type: string)
                          null sort order: z
                          sort order: +
                          Map-reduce partition columns: _col0 (type: string)
                          Statistics: Num rows: 166 Data size: 14442 Basic stats: COMPLETE Column stats: COMPLETE
                  Filter Operator
                    predicate: key is not null (type: boolean)
                    Statistics: Num rows: 500 Data size: 43500 Basic stats: COMPLETE Column stats: COMPLETE
                    Group By Operator
                      aggregations: count()
                      keys: key (type: string)
                      minReductionHashAggr: 0.4
                      mode: hash
                      outputColumnNames: _col0, _col1
                      Statistics: Num rows: 316 Data size: 30020 Basic stats: COMPLETE Column stats: COMPLETE
                      Reduce Output Operator
                        key expressions: _col0 (type: string)
                        null sort order: z
                        sort order: +
                        Map-reduce partition columns: _col0 (type: string)
                        Statistics: Num rows: 316 Data size: 30020 Basic stats: COMPLETE Column stats: COMPLETE
                        value expressions: _col1 (type: bigint)
            Execution mode: vectorized, llap
            LLAP IO: all inputs
        Reducer 2 
            Execution mode: llap
            Reduce Operator Tree:
              Merge Join Operator
                condition map:
                     Left Semi Join 0 to 1
                keys:
                  0 _col0 (type: string)
                  1 _col0 (type: string)
                outputColumnNames: _col0, _col1
                Statistics: Num rows: 166 Data size: 15770 Basic stats: COMPLETE Column stats: COMPLETE
                File Output Operator
                  compressed: false
                  Statistics: Num rows: 166 Data size: 15770 Basic stats: COMPLETE Column stats: COMPLETE
                  table:
                      input format: org.apache.hadoop.mapred.SequenceFileInputFormat
                      output format: org.apache.hadoop.hive.ql.io.HiveSequenceFileOutputFormat
                      serde: org.apache.hadoop.hive.serde2.lazy.LazySimpleSerDe
        Reducer 3 
            Execution mode: vectorized, llap
            Reduce Operator Tree:
              Group By Operator
                aggregations: count(VALUE._col0)
                keys: KEY._col0 (type: string)
                mode: mergepartial
                outputColumnNames: _col0, _col1
                Statistics: Num rows: 316 Data size: 30020 Basic stats: COMPLETE Column stats: COMPLETE
                Reduce Output Operator
                  key expressions: _col0 (type: string)
                  null sort order: z
                  sort order: +
                  Map-reduce partition columns: _col0 (type: string)
                  Statistics: Num rows: 316 Data size: 30020 Basic stats: COMPLETE Column stats: COMPLETE
                  value expressions: _col1 (type: bigint)

  Stage: Stage-0
    Fetch Operator
      limit: -1
      Processor Tree:
        ListSink

PREHOOK: query: select b.key, count(*)
from src b
group by b.key
having exists
  (select a.key
  from src a
  where a.key = b.key and a.value > 'val_9'
  )
PREHOOK: type: QUERY
PREHOOK: Input: default@src
#### A masked pattern was here ####
POSTHOOK: query: select b.key, count(*)
from src b
group by b.key
having exists
  (select a.key
  from src a
  where a.key = b.key and a.value > 'val_9'
  )
POSTHOOK: type: QUERY
POSTHOOK: Input: default@src
#### A masked pattern was here ####
90	3
92	1
95	2
96	1
97	2
98	2
PREHOOK: query: create view cv1_n6 as 
select b.key, count(*) as c
from src b
group by b.key
having exists
  (select a.key
  from src a
  where a.key = b.key and a.value > 'val_9'
  )
PREHOOK: type: CREATEVIEW
PREHOOK: Input: default@src
PREHOOK: Output: database:default
PREHOOK: Output: default@cv1_n6
POSTHOOK: query: create view cv1_n6 as 
select b.key, count(*) as c
from src b
group by b.key
having exists
  (select a.key
  from src a
  where a.key = b.key and a.value > 'val_9'
  )
POSTHOOK: type: CREATEVIEW
POSTHOOK: Input: default@src
POSTHOOK: Output: database:default
POSTHOOK: Output: default@cv1_n6
POSTHOOK: Lineage: cv1_n6.c EXPRESSION [(src)b.null, ]
POSTHOOK: Lineage: cv1_n6.key SIMPLE [(src)b.FieldSchema(name:key, type:string, comment:default), ]
PREHOOK: query: select * from cv1_n6
PREHOOK: type: QUERY
PREHOOK: Input: default@cv1_n6
PREHOOK: Input: default@src
#### A masked pattern was here ####
POSTHOOK: query: select * from cv1_n6
POSTHOOK: type: QUERY
POSTHOOK: Input: default@cv1_n6
POSTHOOK: Input: default@src
#### A masked pattern was here ####
90	3
92	1
95	2
96	1
97	2
98	2
PREHOOK: query: select *
from (select b.key, count(*) 
  from src b 
  group by b.key
  having exists 
    (select a.key 
    from src a 
    where a.key = b.key and a.value > 'val_9'
    )
) a
PREHOOK: type: QUERY
PREHOOK: Input: default@src
#### A masked pattern was here ####
POSTHOOK: query: select *
from (select b.key, count(*) 
  from src b 
  group by b.key
  having exists 
    (select a.key 
    from src a 
    where a.key = b.key and a.value > 'val_9'
    )
) a
POSTHOOK: type: QUERY
POSTHOOK: Input: default@src
#### A masked pattern was here ####
90	3
92	1
95	2
96	1
97	2
98	2
PREHOOK: query: select b.key, min(b.value)
from src b
group by b.key
having exists ( select a.key
                from src a
                where a.value > 'val_9' and a.value = min(b.value)
                )
PREHOOK: type: QUERY
PREHOOK: Input: default@src
#### A masked pattern was here ####
POSTHOOK: query: select b.key, min(b.value)
from src b
group by b.key
having exists ( select a.key
                from src a
                where a.value > 'val_9' and a.value = min(b.value)
                )
POSTHOOK: type: QUERY
POSTHOOK: Input: default@src
#### A masked pattern was here ####
90	val_90
92	val_92
95	val_95
96	val_96
97	val_97
98	val_98
