PREHOOK: query: create table tnull_n0(i int, c char(2))
PREHOOK: type: CREATETABLE
PREHOOK: Output: database:default
PREHOOK: Output: default@tnull_n0
POSTHOOK: query: create table tnull_n0(i int, c char(2))
POSTHOOK: type: CREATETABLE
POSTHOOK: Output: database:default
POSTHOOK: Output: default@tnull_n0
PREHOOK: query: insert into tnull_n0 values(NULL, NULL), (NULL, NULL)
PREHOOK: type: QUERY
PREHOOK: Input: _dummy_database@_dummy_table
PREHOOK: Output: default@tnull_n0
POSTHOOK: query: insert into tnull_n0 values(NULL, NULL), (NULL, NULL)
POSTHOOK: type: QUERY
POSTHOOK: Input: _dummy_database@_dummy_table
POSTHOOK: Output: default@tnull_n0
POSTHOOK: Lineage: tnull_n0.c EXPRESSION []
POSTHOOK: Lineage: tnull_n0.i EXPRESSION []
PREHOOK: query: create table tempty_n0(c char(2))
PREHOOK: type: CREATETABLE
PREHOOK: Output: database:default
PREHOOK: Output: default@tempty_n0
POSTHOOK: query: create table tempty_n0(c char(2))
POSTHOOK: type: CREATETABLE
POSTHOOK: Output: database:default
POSTHOOK: Output: default@tempty_n0
PREHOOK: query: CREATE TABLE part_null_n0(
    p_partkey INT,
    p_name STRING,
    p_mfgr STRING,
    p_brand STRING,
    p_type STRING,
    p_size INT,
    p_container STRING,
    p_retailprice DOUBLE,
    p_comment_n11 STRING
)
ROW FORMAT DELIMITED FIELDS TERMINATED BY ","
PREHOOK: type: CREATETABLE
PREHOOK: Output: database:default
PREHOOK: Output: default@part_null_n0
POSTHOOK: query: CREATE TABLE part_null_n0(
    p_partkey INT,
    p_name STRING,
    p_mfgr STRING,
    p_brand STRING,
    p_type STRING,
    p_size INT,
    p_container STRING,
    p_retailprice DOUBLE,
    p_comment_n11 STRING
)
ROW FORMAT DELIMITED FIELDS TERMINATED BY ","
POSTHOOK: type: CREATETABLE
POSTHOOK: Output: database:default
POSTHOOK: Output: default@part_null_n0
PREHOOK: query: LOAD DATA LOCAL INPATH '../../data/files/part_tiny_nulls.txt' overwrite into table part_null_n0
PREHOOK: type: LOAD
#### A masked pattern was here ####
PREHOOK: Output: default@part_null_n0
POSTHOOK: query: LOAD DATA LOCAL INPATH '../../data/files/part_tiny_nulls.txt' overwrite into table part_null_n0
POSTHOOK: type: LOAD
#### A masked pattern was here ####
POSTHOOK: Output: default@part_null_n0
PREHOOK: query: insert into part_null_n0 values(78487,NULL,'Manufacturer#6','Brand#52','LARGE BRUSHED BRASS', 23, 'MED BAG',1464.48,'hely blith')
PREHOOK: type: QUERY
PREHOOK: Input: _dummy_database@_dummy_table
PREHOOK: Output: default@part_null_n0
POSTHOOK: query: insert into part_null_n0 values(78487,NULL,'Manufacturer#6','Brand#52','LARGE BRUSHED BRASS', 23, 'MED BAG',1464.48,'hely blith')
POSTHOOK: type: QUERY
POSTHOOK: Input: _dummy_database@_dummy_table
POSTHOOK: Output: default@part_null_n0
POSTHOOK: Lineage: part_null_n0.p_brand SCRIPT []
POSTHOOK: Lineage: part_null_n0.p_comment_n11 SCRIPT []
POSTHOOK: Lineage: part_null_n0.p_container SCRIPT []
POSTHOOK: Lineage: part_null_n0.p_mfgr SCRIPT []
POSTHOOK: Lineage: part_null_n0.p_name EXPRESSION []
POSTHOOK: Lineage: part_null_n0.p_partkey SCRIPT []
POSTHOOK: Lineage: part_null_n0.p_retailprice SCRIPT []
POSTHOOK: Lineage: part_null_n0.p_size SCRIPT []
POSTHOOK: Lineage: part_null_n0.p_type SCRIPT []
Warning: Shuffle Join MERGEJOIN[13][tables = [$hdt$_0, $hdt$_1]] in Stage 'Reducer 2' is a cross product
PREHOOK: query: explain select * from part where p_size > (select avg(p_size) from part_null_n0)
PREHOOK: type: QUERY
POSTHOOK: query: explain select * from part where p_size > (select avg(p_size) from part_null_n0)
POSTHOOK: type: QUERY
STAGE DEPENDENCIES:
  Stage-1 is a root stage
  Stage-0 depends on stages: Stage-1

STAGE PLANS:
  Stage: Stage-1
    Tez
#### A masked pattern was here ####
      Edges:
        Reducer 2 <- Map 1 (XPROD_EDGE), Reducer 4 (XPROD_EDGE)
        Reducer 4 <- Map 3 (CUSTOM_SIMPLE_EDGE)
#### A masked pattern was here ####
      Vertices:
        Map 1 
            Map Operator Tree:
                TableScan
                  alias: part
                  Statistics: Num rows: 26 Data size: 16094 Basic stats: COMPLETE Column stats: COMPLETE
                  Select Operator
                    expressions: p_partkey (type: int), p_name (type: string), p_mfgr (type: string), p_brand (type: string), p_type (type: string), p_size (type: int), p_container (type: string), p_retailprice (type: double), p_comment (type: string)
                    outputColumnNames: _col0, _col1, _col2, _col3, _col4, _col5, _col6, _col7, _col8
                    Statistics: Num rows: 26 Data size: 16094 Basic stats: COMPLETE Column stats: COMPLETE
                    Reduce Output Operator
                      sort order: 
                      Statistics: Num rows: 26 Data size: 16094 Basic stats: COMPLETE Column stats: COMPLETE
                      value expressions: _col0 (type: int), _col1 (type: string), _col2 (type: string), _col3 (type: string), _col4 (type: string), _col5 (type: int), _col6 (type: string), _col7 (type: double), _col8 (type: string)
            Execution mode: vectorized, llap
            LLAP IO: no inputs
        Map 3 
            Map Operator Tree:
                TableScan
                  alias: part_null_n0
                  Statistics: Num rows: 1 Data size: 4 Basic stats: COMPLETE Column stats: NONE
                  Select Operator
                    expressions: p_size (type: int)
                    outputColumnNames: p_size
                    Statistics: Num rows: 1 Data size: 4 Basic stats: COMPLETE Column stats: NONE
                    Group By Operator
                      aggregations: sum(p_size), count(p_size)
                      mode: hash
                      outputColumnNames: _col0, _col1
                      Statistics: Num rows: 1 Data size: 20 Basic stats: COMPLETE Column stats: NONE
                      Reduce Output Operator
                        sort order: 
                        Statistics: Num rows: 1 Data size: 20 Basic stats: COMPLETE Column stats: NONE
                        value expressions: _col0 (type: bigint), _col1 (type: bigint)
            Execution mode: vectorized, llap
            LLAP IO: no inputs
        Reducer 2 
            Execution mode: llap
            Reduce Operator Tree:
              Merge Join Operator
                condition map:
                     Inner Join 0 to 1
                keys:
                  0 
                  1 
                outputColumnNames: _col0, _col1, _col2, _col3, _col4, _col5, _col6, _col7, _col8, _col9
                residual filter predicates: {(UDFToDouble(_col5) > _col9)}
                Statistics: Num rows: 8 Data size: 5120 Basic stats: COMPLETE Column stats: NONE
                Select Operator
                  expressions: _col0 (type: int), _col1 (type: string), _col2 (type: string), _col3 (type: string), _col4 (type: string), _col5 (type: int), _col6 (type: string), _col7 (type: double), _col8 (type: string)
                  outputColumnNames: _col0, _col1, _col2, _col3, _col4, _col5, _col6, _col7, _col8
                  Statistics: Num rows: 8 Data size: 5120 Basic stats: COMPLETE Column stats: NONE
                  File Output Operator
                    compressed: false
                    Statistics: Num rows: 8 Data size: 5120 Basic stats: COMPLETE Column stats: NONE
                    table:
                        input format: org.apache.hadoop.mapred.SequenceFileInputFormat
                        output format: org.apache.hadoop.hive.ql.io.HiveSequenceFileOutputFormat
                        serde: org.apache.hadoop.hive.serde2.lazy.LazySimpleSerDe
        Reducer 4 
            Execution mode: vectorized, llap
            Reduce Operator Tree:
              Group By Operator
                aggregations: sum(VALUE._col0), count(VALUE._col1)
                mode: mergepartial
                outputColumnNames: _col0, _col1
                Statistics: Num rows: 1 Data size: 20 Basic stats: COMPLETE Column stats: NONE
                Select Operator
                  expressions: (_col0 / _col1) (type: double)
                  outputColumnNames: _col0
                  Statistics: Num rows: 1 Data size: 20 Basic stats: COMPLETE Column stats: NONE
                  Reduce Output Operator
                    sort order: 
                    Statistics: Num rows: 1 Data size: 20 Basic stats: COMPLETE Column stats: NONE
                    value expressions: _col0 (type: double)

  Stage: Stage-0
    Fetch Operator
      limit: -1
      Processor Tree:
        ListSink

Warning: Shuffle Join MERGEJOIN[13][tables = [$hdt$_0, $hdt$_1]] in Stage 'Reducer 2' is a cross product
PREHOOK: query: select * from part where p_size > (select avg(p_size) from part_null_n0)
PREHOOK: type: QUERY
PREHOOK: Input: default@part
PREHOOK: Input: default@part_null_n0
#### A masked pattern was here ####
POSTHOOK: query: select * from part where p_size > (select avg(p_size) from part_null_n0)
POSTHOOK: type: QUERY
POSTHOOK: Input: default@part
POSTHOOK: Input: default@part_null_n0
#### A masked pattern was here ####
132666	almond aquamarine rose maroon antique	Manufacturer#2	Brand#24	SMALL POLISHED NICKEL	25	MED BOX	1698.66	even 
144293	almond antique olive coral navajo	Manufacturer#3	Brand#34	STANDARD POLISHED STEEL	45	JUMBO CAN	1337.29	ag furiously about 
15103	almond aquamarine dodger light gainsboro	Manufacturer#5	Brand#53	ECONOMY BURNISHED STEEL	46	LG PACK	1018.1	packages hinder carefu
191709	almond antique violet turquoise frosted	Manufacturer#2	Brand#22	ECONOMY POLISHED STEEL	40	MED BOX	1800.7	 haggle
192697	almond antique blue firebrick mint	Manufacturer#5	Brand#52	MEDIUM BURNISHED TIN	31	LG DRUM	1789.69	ickly ir
45261	almond aquamarine floral ivory bisque	Manufacturer#4	Brand#42	SMALL PLATED STEEL	27	WRAP CASE	1206.26	careful
48427	almond antique violet mint lemon	Manufacturer#4	Brand#42	PROMO POLISHED STEEL	39	SM CASE	1375.42	hely ironic i
65667	almond aquamarine pink moccasin thistle	Manufacturer#1	Brand#12	LARGE BURNISHED STEEL	42	JUMBO CASE	1632.66	e across the expr
78486	almond azure blanched chiffon midnight	Manufacturer#5	Brand#52	LARGE BRUSHED BRASS	23	MED BAG	1464.48	hely blith
85768	almond antique chartreuse lavender yellow	Manufacturer#1	Brand#12	LARGE BRUSHED STEEL	34	SM BAG	1753.76	refull
86428	almond aquamarine burnished black steel	Manufacturer#1	Brand#12	STANDARD ANODIZED STEEL	28	WRAP BAG	1414.42	arefully 
Warning: Shuffle Join MERGEJOIN[18][tables = [$hdt$_0, $hdt$_1, $hdt$_2]] in Stage 'Reducer 2' is a cross product
PREHOOK: query: select * from part where p_size > (select * from tempty_n0)
PREHOOK: type: QUERY
PREHOOK: Input: default@part
PREHOOK: Input: default@tempty_n0
#### A masked pattern was here ####
POSTHOOK: query: select * from part where p_size > (select * from tempty_n0)
POSTHOOK: type: QUERY
POSTHOOK: Input: default@part
POSTHOOK: Input: default@tempty_n0
#### A masked pattern was here ####
Warning: Shuffle Join MERGEJOIN[18][tables = [$hdt$_0, $hdt$_1, $hdt$_2]] in Stage 'Reducer 2' is a cross product
PREHOOK: query: explain select * from part where p_size > (select * from tempty_n0)
PREHOOK: type: QUERY
POSTHOOK: query: explain select * from part where p_size > (select * from tempty_n0)
POSTHOOK: type: QUERY
STAGE DEPENDENCIES:
  Stage-1 is a root stage
  Stage-0 depends on stages: Stage-1

STAGE PLANS:
  Stage: Stage-1
    Tez
#### A masked pattern was here ####
      Edges:
        Reducer 2 <- Map 1 (XPROD_EDGE), Map 5 (XPROD_EDGE), Reducer 4 (XPROD_EDGE)
        Reducer 4 <- Map 3 (CUSTOM_SIMPLE_EDGE)
#### A masked pattern was here ####
      Vertices:
        Map 1 
            Map Operator Tree:
                TableScan
                  alias: part
                  Statistics: Num rows: 26 Data size: 16094 Basic stats: COMPLETE Column stats: COMPLETE
                  Select Operator
                    expressions: p_partkey (type: int), p_name (type: string), p_mfgr (type: string), p_brand (type: string), p_type (type: string), p_size (type: int), p_container (type: string), p_retailprice (type: double), p_comment (type: string)
                    outputColumnNames: _col0, _col1, _col2, _col3, _col4, _col5, _col6, _col7, _col8
                    Statistics: Num rows: 26 Data size: 16094 Basic stats: COMPLETE Column stats: COMPLETE
                    Reduce Output Operator
                      sort order: 
                      Statistics: Num rows: 26 Data size: 16094 Basic stats: COMPLETE Column stats: COMPLETE
                      value expressions: _col0 (type: int), _col1 (type: string), _col2 (type: string), _col3 (type: string), _col4 (type: string), _col5 (type: int), _col6 (type: string), _col7 (type: double), _col8 (type: string)
            Execution mode: vectorized, llap
            LLAP IO: no inputs
        Map 3 
            Map Operator Tree:
                TableScan
                  alias: tempty_n0
                  Statistics: Num rows: 1 Data size: 0 Basic stats: PARTIAL Column stats: COMPLETE
                  Select Operator
                    Statistics: Num rows: 1 Data size: 0 Basic stats: PARTIAL Column stats: COMPLETE
                    Group By Operator
                      aggregations: count()
                      mode: hash
                      outputColumnNames: _col0
                      Statistics: Num rows: 1 Data size: 8 Basic stats: PARTIAL Column stats: COMPLETE
                      Reduce Output Operator
                        sort order: 
                        Statistics: Num rows: 1 Data size: 8 Basic stats: PARTIAL Column stats: COMPLETE
                        value expressions: _col0 (type: bigint)
            Execution mode: vectorized, llap
            LLAP IO: no inputs
        Map 5 
            Map Operator Tree:
                TableScan
                  alias: tempty_n0
                  Statistics: Num rows: 1 Data size: 86 Basic stats: COMPLETE Column stats: NONE
                  Select Operator
                    expressions: c (type: char(2))
                    outputColumnNames: _col0
                    Statistics: Num rows: 1 Data size: 86 Basic stats: COMPLETE Column stats: NONE
                    Reduce Output Operator
                      sort order: 
                      Statistics: Num rows: 1 Data size: 86 Basic stats: COMPLETE Column stats: NONE
                      value expressions: _col0 (type: char(2))
            Execution mode: vectorized, llap
            LLAP IO: no inputs
        Reducer 2 
            Execution mode: llap
            Reduce Operator Tree:
              Merge Join Operator
                condition map:
                     Inner Join 0 to 1
                     Inner Join 0 to 2
                keys:
                  0 
                  1 
                  2 
                outputColumnNames: _col0, _col1, _col2, _col3, _col4, _col5, _col6, _col7, _col8, _col10
                residual filter predicates: {(UDFToDouble(_col5) > UDFToDouble(_col10))}
                Statistics: Num rows: 8 Data size: 5712 Basic stats: PARTIAL Column stats: NONE
                Select Operator
                  expressions: _col0 (type: int), _col1 (type: string), _col2 (type: string), _col3 (type: string), _col4 (type: string), _col5 (type: int), _col6 (type: string), _col7 (type: double), _col8 (type: string)
                  outputColumnNames: _col0, _col1, _col2, _col3, _col4, _col5, _col6, _col7, _col8
                  Statistics: Num rows: 8 Data size: 5712 Basic stats: PARTIAL Column stats: NONE
                  File Output Operator
                    compressed: false
                    Statistics: Num rows: 8 Data size: 5712 Basic stats: PARTIAL Column stats: NONE
                    table:
                        input format: org.apache.hadoop.mapred.SequenceFileInputFormat
                        output format: org.apache.hadoop.hive.ql.io.HiveSequenceFileOutputFormat
                        serde: org.apache.hadoop.hive.serde2.lazy.LazySimpleSerDe
        Reducer 4 
            Execution mode: vectorized, llap
            Reduce Operator Tree:
              Group By Operator
                aggregations: count(VALUE._col0)
                mode: mergepartial
                outputColumnNames: _col0
                Statistics: Num rows: 1 Data size: 8 Basic stats: PARTIAL Column stats: COMPLETE
                Filter Operator
                  predicate: (sq_count_check(_col0) <= 1) (type: boolean)
                  Statistics: Num rows: 1 Data size: 8 Basic stats: PARTIAL Column stats: COMPLETE
                  Select Operator
                    Statistics: Num rows: 1 Data size: 8 Basic stats: PARTIAL Column stats: COMPLETE
                    Reduce Output Operator
                      sort order: 
                      Statistics: Num rows: 1 Data size: 8 Basic stats: PARTIAL Column stats: COMPLETE

  Stage: Stage-0
    Fetch Operator
      limit: -1
      Processor Tree:
        ListSink

Warning: Shuffle Join MERGEJOIN[24][tables = [$hdt$_0, $hdt$_1, $hdt$_2]] in Stage 'Reducer 2' is a cross product
PREHOOK: query: explain select * from part where p_name = (select p_name from part_null_n0 where p_name is null)
PREHOOK: type: QUERY
POSTHOOK: query: explain select * from part where p_name = (select p_name from part_null_n0 where p_name is null)
POSTHOOK: type: QUERY
STAGE DEPENDENCIES:
  Stage-1 is a root stage
  Stage-0 depends on stages: Stage-1

STAGE PLANS:
  Stage: Stage-1
    Tez
#### A masked pattern was here ####
      Edges:
        Reducer 2 <- Map 1 (XPROD_EDGE), Map 3 (XPROD_EDGE), Reducer 4 (XPROD_EDGE)
        Reducer 4 <- Map 3 (CUSTOM_SIMPLE_EDGE)
#### A masked pattern was here ####
      Vertices:
        Map 1 
            Map Operator Tree:
                TableScan
                  alias: part
                  Statistics: Num rows: 26 Data size: 16094 Basic stats: COMPLETE Column stats: COMPLETE
                  Filter Operator
                    predicate: (p_name = null) (type: boolean)
                    Statistics: Num rows: 1 Data size: 619 Basic stats: COMPLETE Column stats: COMPLETE
                    Select Operator
                      expressions: p_partkey (type: int), p_mfgr (type: string), p_brand (type: string), p_type (type: string), p_size (type: int), p_container (type: string), p_retailprice (type: double), p_comment (type: string)
                      outputColumnNames: _col0, _col2, _col3, _col4, _col5, _col6, _col7, _col8
                      Statistics: Num rows: 1 Data size: 582 Basic stats: COMPLETE Column stats: COMPLETE
                      Reduce Output Operator
                        sort order: 
                        Statistics: Num rows: 1 Data size: 582 Basic stats: COMPLETE Column stats: COMPLETE
                        value expressions: _col0 (type: int), _col2 (type: string), _col3 (type: string), _col4 (type: string), _col5 (type: int), _col6 (type: string), _col7 (type: double), _col8 (type: string)
            Execution mode: vectorized, llap
            LLAP IO: no inputs
        Map 3 
            Map Operator Tree:
                TableScan
                  alias: part_null_n0
                  Statistics: Num rows: 1 Data size: 184 Basic stats: COMPLETE Column stats: NONE
                  Filter Operator
                    predicate: p_name is null (type: boolean)
                    Statistics: Num rows: 1 Data size: 184 Basic stats: COMPLETE Column stats: NONE
                    Select Operator
                      Statistics: Num rows: 1 Data size: 184 Basic stats: COMPLETE Column stats: NONE
                      Group By Operator
                        aggregations: count()
                        mode: hash
                        outputColumnNames: _col0
                        Statistics: Num rows: 1 Data size: 192 Basic stats: COMPLETE Column stats: NONE
                        Reduce Output Operator
                          sort order: 
                          Statistics: Num rows: 1 Data size: 192 Basic stats: COMPLETE Column stats: NONE
                          value expressions: _col0 (type: bigint)
                      Reduce Output Operator
                        sort order: 
                        Statistics: Num rows: 1 Data size: 184 Basic stats: COMPLETE Column stats: NONE
            Execution mode: vectorized, llap
            LLAP IO: no inputs
        Reducer 2 
            Execution mode: llap
            Reduce Operator Tree:
              Merge Join Operator
                condition map:
                     Inner Join 0 to 1
                     Inner Join 0 to 2
                keys:
                  0 
                  1 
                  2 
                outputColumnNames: _col0, _col2, _col3, _col4, _col5, _col6, _col7, _col8
                Statistics: Num rows: 1 Data size: 959 Basic stats: COMPLETE Column stats: NONE
                Select Operator
                  expressions: _col0 (type: int), null (type: string), _col2 (type: string), _col3 (type: string), _col4 (type: string), _col5 (type: int), _col6 (type: string), _col7 (type: double), _col8 (type: string)
                  outputColumnNames: _col0, _col1, _col2, _col3, _col4, _col5, _col6, _col7, _col8
                  Statistics: Num rows: 1 Data size: 959 Basic stats: COMPLETE Column stats: NONE
                  File Output Operator
                    compressed: false
                    Statistics: Num rows: 1 Data size: 959 Basic stats: COMPLETE Column stats: NONE
                    table:
                        input format: org.apache.hadoop.mapred.SequenceFileInputFormat
                        output format: org.apache.hadoop.hive.ql.io.HiveSequenceFileOutputFormat
                        serde: org.apache.hadoop.hive.serde2.lazy.LazySimpleSerDe
        Reducer 4 
            Execution mode: vectorized, llap
            Reduce Operator Tree:
              Group By Operator
                aggregations: count(VALUE._col0)
                mode: mergepartial
                outputColumnNames: _col0
                Statistics: Num rows: 1 Data size: 192 Basic stats: COMPLETE Column stats: NONE
                Filter Operator
                  predicate: (sq_count_check(_col0) <= 1) (type: boolean)
                  Statistics: Num rows: 1 Data size: 192 Basic stats: COMPLETE Column stats: NONE
                  Select Operator
                    Statistics: Num rows: 1 Data size: 192 Basic stats: COMPLETE Column stats: NONE
                    Reduce Output Operator
                      sort order: 
                      Statistics: Num rows: 1 Data size: 192 Basic stats: COMPLETE Column stats: NONE

  Stage: Stage-0
    Fetch Operator
      limit: -1
      Processor Tree:
        ListSink

Warning: Shuffle Join MERGEJOIN[24][tables = [$hdt$_0, $hdt$_1, $hdt$_2]] in Stage 'Reducer 2' is a cross product
PREHOOK: query: select * from part where p_name = (select p_name from part_null_n0 where p_name is null)
PREHOOK: type: QUERY
PREHOOK: Input: default@part
PREHOOK: Input: default@part_null_n0
#### A masked pattern was here ####
POSTHOOK: query: select * from part where p_name = (select p_name from part_null_n0 where p_name is null)
POSTHOOK: type: QUERY
POSTHOOK: Input: default@part
POSTHOOK: Input: default@part_null_n0
#### A masked pattern was here ####
Warning: Shuffle Join MERGEJOIN[32][tables = [$hdt$_0, $hdt$_1]] in Stage 'Reducer 2' is a cross product
Warning: Shuffle Join MERGEJOIN[33][tables = [$hdt$_0, $hdt$_1, $hdt$_2]] in Stage 'Reducer 3' is a cross product
PREHOOK: query: explain select * from part where (select i from tnull_n0 limit 1) is null
PREHOOK: type: QUERY
POSTHOOK: query: explain select * from part where (select i from tnull_n0 limit 1) is null
POSTHOOK: type: QUERY
STAGE DEPENDENCIES:
  Stage-1 is a root stage
  Stage-0 depends on stages: Stage-1

STAGE PLANS:
  Stage: Stage-1
    Tez
#### A masked pattern was here ####
      Edges:
        Reducer 2 <- Map 1 (XPROD_EDGE), Reducer 6 (XPROD_EDGE)
        Reducer 3 <- Reducer 2 (CUSTOM_SIMPLE_EDGE), Reducer 8 (CUSTOM_SIMPLE_EDGE)
        Reducer 5 <- Map 4 (CUSTOM_SIMPLE_EDGE)
        Reducer 6 <- Reducer 5 (CUSTOM_SIMPLE_EDGE)
        Reducer 8 <- Map 7 (CUSTOM_SIMPLE_EDGE)
#### A masked pattern was here ####
      Vertices:
        Map 1 
            Map Operator Tree:
                TableScan
                  alias: part
                  Statistics: Num rows: 26 Data size: 16094 Basic stats: COMPLETE Column stats: COMPLETE
                  Select Operator
                    expressions: p_partkey (type: int), p_name (type: string), p_mfgr (type: string), p_brand (type: string), p_type (type: string), p_size (type: int), p_container (type: string), p_retailprice (type: double), p_comment (type: string)
                    outputColumnNames: _col0, _col1, _col2, _col3, _col4, _col5, _col6, _col7, _col8
                    Statistics: Num rows: 26 Data size: 16094 Basic stats: COMPLETE Column stats: COMPLETE
                    Reduce Output Operator
                      sort order: 
                      Statistics: Num rows: 26 Data size: 16094 Basic stats: COMPLETE Column stats: COMPLETE
                      value expressions: _col0 (type: int), _col1 (type: string), _col2 (type: string), _col3 (type: string), _col4 (type: string), _col5 (type: int), _col6 (type: string), _col7 (type: double), _col8 (type: string)
            Execution mode: vectorized, llap
            LLAP IO: no inputs
        Map 4 
            Map Operator Tree:
                TableScan
                  alias: tnull_n0
                  Statistics: Num rows: 2 Data size: 10 Basic stats: COMPLETE Column stats: COMPLETE
                  Select Operator
                    Statistics: Num rows: 2 Data size: 8 Basic stats: COMPLETE Column stats: COMPLETE
                    Limit
                      Number of rows: 1
                      Statistics: Num rows: 1 Data size: 4 Basic stats: COMPLETE Column stats: COMPLETE
                      Reduce Output Operator
                        sort order: 
                        Statistics: Num rows: 1 Data size: 4 Basic stats: COMPLETE Column stats: COMPLETE
            Execution mode: vectorized, llap
            LLAP IO: no inputs
        Map 7 
            Map Operator Tree:
                TableScan
                  alias: tnull_n0
                  Statistics: Num rows: 2 Data size: 4 Basic stats: COMPLETE Column stats: COMPLETE
                  Select Operator
                    expressions: i (type: int)
                    outputColumnNames: _col0
                    Statistics: Num rows: 2 Data size: 4 Basic stats: COMPLETE Column stats: COMPLETE
                    Limit
                      Number of rows: 1
                      Statistics: Num rows: 1 Data size: 4 Basic stats: COMPLETE Column stats: COMPLETE
                      Reduce Output Operator
                        sort order: 
                        Statistics: Num rows: 1 Data size: 4 Basic stats: COMPLETE Column stats: COMPLETE
                        TopN Hash Memory Usage: 0.1
                        value expressions: _col0 (type: int)
            Execution mode: vectorized, llap
            LLAP IO: no inputs
        Reducer 2 
            Execution mode: llap
            Reduce Operator Tree:
              Merge Join Operator
                condition map:
                     Inner Join 0 to 1
                keys:
                  0 
                  1 
                outputColumnNames: _col0, _col1, _col2, _col3, _col4, _col5, _col6, _col7, _col8
                Statistics: Num rows: 26 Data size: 16094 Basic stats: COMPLETE Column stats: COMPLETE
                Reduce Output Operator
                  sort order: 
                  Statistics: Num rows: 26 Data size: 16094 Basic stats: COMPLETE Column stats: COMPLETE
                  value expressions: _col0 (type: int), _col1 (type: string), _col2 (type: string), _col3 (type: string), _col4 (type: string), _col5 (type: int), _col6 (type: string), _col7 (type: double), _col8 (type: string)
        Reducer 3 
            Execution mode: llap
            Reduce Operator Tree:
              Merge Join Operator
                condition map:
                     Left Outer Join 0 to 1
                keys:
                  0 
                  1 
                outputColumnNames: _col0, _col1, _col2, _col3, _col4, _col5, _col6, _col7, _col8, _col10
                Statistics: Num rows: 26 Data size: 16198 Basic stats: COMPLETE Column stats: COMPLETE
                Filter Operator
                  predicate: _col10 is null (type: boolean)
                  Statistics: Num rows: 1 Data size: 623 Basic stats: COMPLETE Column stats: COMPLETE
                  Select Operator
                    expressions: _col0 (type: int), _col1 (type: string), _col2 (type: string), _col3 (type: string), _col4 (type: string), _col5 (type: int), _col6 (type: string), _col7 (type: double), _col8 (type: string)
                    outputColumnNames: _col0, _col1, _col2, _col3, _col4, _col5, _col6, _col7, _col8
                    Statistics: Num rows: 1 Data size: 619 Basic stats: COMPLETE Column stats: COMPLETE
                    File Output Operator
                      compressed: false
                      Statistics: Num rows: 1 Data size: 619 Basic stats: COMPLETE Column stats: COMPLETE
                      table:
                          input format: org.apache.hadoop.mapred.SequenceFileInputFormat
                          output format: org.apache.hadoop.hive.ql.io.HiveSequenceFileOutputFormat
                          serde: org.apache.hadoop.hive.serde2.lazy.LazySimpleSerDe
        Reducer 5 
            Execution mode: vectorized, llap
            Reduce Operator Tree:
              Limit
                Number of rows: 1
                Statistics: Num rows: 1 Data size: 8 Basic stats: COMPLETE Column stats: COMPLETE
                Group By Operator
                  aggregations: count()
                  mode: hash
                  outputColumnNames: _col0
                  Statistics: Num rows: 1 Data size: 8 Basic stats: COMPLETE Column stats: COMPLETE
                  Reduce Output Operator
                    sort order: 
                    Statistics: Num rows: 1 Data size: 8 Basic stats: COMPLETE Column stats: COMPLETE
                    value expressions: _col0 (type: bigint)
        Reducer 6 
            Execution mode: vectorized, llap
            Reduce Operator Tree:
              Group By Operator
                aggregations: count(VALUE._col0)
                mode: mergepartial
                outputColumnNames: _col0
                Statistics: Num rows: 1 Data size: 8 Basic stats: COMPLETE Column stats: COMPLETE
                Filter Operator
                  predicate: (sq_count_check(_col0) <= 1) (type: boolean)
                  Statistics: Num rows: 1 Data size: 8 Basic stats: COMPLETE Column stats: COMPLETE
                  Select Operator
                    Statistics: Num rows: 1 Data size: 8 Basic stats: COMPLETE Column stats: COMPLETE
                    Reduce Output Operator
                      sort order: 
                      Statistics: Num rows: 1 Data size: 8 Basic stats: COMPLETE Column stats: COMPLETE
        Reducer 8 
            Execution mode: vectorized, llap
            Reduce Operator Tree:
              Select Operator
                expressions: VALUE._col0 (type: int)
                outputColumnNames: _col0
                Statistics: Num rows: 1 Data size: 4 Basic stats: COMPLETE Column stats: COMPLETE
                Limit
                  Number of rows: 1
                  Statistics: Num rows: 1 Data size: 4 Basic stats: COMPLETE Column stats: COMPLETE
                  Reduce Output Operator
                    sort order: 
                    Statistics: Num rows: 1 Data size: 4 Basic stats: COMPLETE Column stats: COMPLETE
                    value expressions: _col0 (type: int)

  Stage: Stage-0
    Fetch Operator
      limit: -1
      Processor Tree:
        ListSink

Warning: Shuffle Join MERGEJOIN[32][tables = [$hdt$_0, $hdt$_1]] in Stage 'Reducer 2' is a cross product
Warning: Shuffle Join MERGEJOIN[33][tables = [$hdt$_0, $hdt$_1, $hdt$_2]] in Stage 'Reducer 3' is a cross product
PREHOOK: query: select * from part where (select i from tnull_n0 limit 1) is null
PREHOOK: type: QUERY
PREHOOK: Input: default@part
PREHOOK: Input: default@tnull_n0
#### A masked pattern was here ####
POSTHOOK: query: select * from part where (select i from tnull_n0 limit 1) is null
POSTHOOK: type: QUERY
POSTHOOK: Input: default@part
POSTHOOK: Input: default@tnull_n0
#### A masked pattern was here ####
105685	almond antique violet chocolate turquoise	Manufacturer#2	Brand#22	MEDIUM ANODIZED COPPER	14	MED CAN	1690.68	ly pending requ
110592	almond antique salmon chartreuse burlywood	Manufacturer#1	Brand#15	PROMO BURNISHED NICKEL	6	JUMBO PKG	1602.59	 to the furiously
112398	almond antique metallic orange dim	Manufacturer#3	Brand#32	MEDIUM BURNISHED BRASS	19	JUMBO JAR	1410.39	ole car
121152	almond antique burnished rose metallic	Manufacturer#1	Brand#14	PROMO PLATED TIN	2	JUMBO BOX	1173.15	e pinto beans h
121152	almond antique burnished rose metallic	Manufacturer#1	Brand#14	PROMO PLATED TIN	2	JUMBO BOX	1173.15	e pinto beans h
132666	almond aquamarine rose maroon antique	Manufacturer#2	Brand#24	SMALL POLISHED NICKEL	25	MED BOX	1698.66	even 
144293	almond antique olive coral navajo	Manufacturer#3	Brand#34	STANDARD POLISHED STEEL	45	JUMBO CAN	1337.29	ag furiously about 
146985	almond aquamarine midnight light salmon	Manufacturer#2	Brand#23	MEDIUM BURNISHED COPPER	2	SM CASE	2031.98	s cajole caref
15103	almond aquamarine dodger light gainsboro	Manufacturer#5	Brand#53	ECONOMY BURNISHED STEEL	46	LG PACK	1018.1	packages hinder carefu
155733	almond antique sky peru orange	Manufacturer#5	Brand#53	SMALL PLATED BRASS	2	WRAP DRUM	1788.73	furiously. bra
17273	almond antique forest lavender goldenrod	Manufacturer#3	Brand#35	PROMO ANODIZED TIN	14	JUMBO CASE	1190.27	along the
17927	almond aquamarine yellow dodger mint	Manufacturer#4	Brand#41	ECONOMY BRUSHED COPPER	7	SM PKG	1844.92	ites. eve
191709	almond antique violet turquoise frosted	Manufacturer#2	Brand#22	ECONOMY POLISHED STEEL	40	MED BOX	1800.7	 haggle
192697	almond antique blue firebrick mint	Manufacturer#5	Brand#52	MEDIUM BURNISHED TIN	31	LG DRUM	1789.69	ickly ir
195606	almond aquamarine sandy cyan gainsboro	Manufacturer#2	Brand#25	STANDARD PLATED TIN	18	SM PKG	1701.6	ic de
33357	almond azure aquamarine papaya violet	Manufacturer#4	Brand#41	STANDARD ANODIZED TIN	12	WRAP CASE	1290.35	reful
40982	almond antique misty red olive	Manufacturer#3	Brand#32	ECONOMY PLATED COPPER	1	LG PKG	1922.98	c foxes can s
42669	almond antique medium spring khaki	Manufacturer#5	Brand#51	STANDARD BURNISHED TIN	6	MED CAN	1611.66	sits haggl
45261	almond aquamarine floral ivory bisque	Manufacturer#4	Brand#42	SMALL PLATED STEEL	27	WRAP CASE	1206.26	careful
48427	almond antique violet mint lemon	Manufacturer#4	Brand#42	PROMO POLISHED STEEL	39	SM CASE	1375.42	hely ironic i
49671	almond antique gainsboro frosted violet	Manufacturer#4	Brand#41	SMALL BRUSHED BRASS	10	SM BOX	1620.67	ccounts run quick
65667	almond aquamarine pink moccasin thistle	Manufacturer#1	Brand#12	LARGE BURNISHED STEEL	42	JUMBO CASE	1632.66	e across the expr
78486	almond azure blanched chiffon midnight	Manufacturer#5	Brand#52	LARGE BRUSHED BRASS	23	MED BAG	1464.48	hely blith
85768	almond antique chartreuse lavender yellow	Manufacturer#1	Brand#12	LARGE BRUSHED STEEL	34	SM BAG	1753.76	refull
86428	almond aquamarine burnished black steel	Manufacturer#1	Brand#12	STANDARD ANODIZED STEEL	28	WRAP BAG	1414.42	arefully 
90681	almond antique chartreuse khaki white	Manufacturer#3	Brand#31	MEDIUM BURNISHED TIN	17	SM CASE	1671.68	are slyly after the sl
Warning: Shuffle Join MERGEJOIN[15][tables = [$hdt$_0, $hdt$_1]] in Stage 'Reducer 2' is a cross product
PREHOOK: query: explain select * from part where (select max(p_name) from part_null_n0) is not null
PREHOOK: type: QUERY
POSTHOOK: query: explain select * from part where (select max(p_name) from part_null_n0) is not null
POSTHOOK: type: QUERY
STAGE DEPENDENCIES:
  Stage-1 is a root stage
  Stage-0 depends on stages: Stage-1

STAGE PLANS:
  Stage: Stage-1
    Tez
#### A masked pattern was here ####
      Edges:
        Reducer 2 <- Map 1 (XPROD_EDGE), Reducer 4 (XPROD_EDGE)
        Reducer 4 <- Map 3 (CUSTOM_SIMPLE_EDGE)
#### A masked pattern was here ####
      Vertices:
        Map 1 
            Map Operator Tree:
                TableScan
                  alias: part
                  Statistics: Num rows: 26 Data size: 16094 Basic stats: COMPLETE Column stats: COMPLETE
                  Select Operator
                    expressions: p_partkey (type: int), p_name (type: string), p_mfgr (type: string), p_brand (type: string), p_type (type: string), p_size (type: int), p_container (type: string), p_retailprice (type: double), p_comment (type: string)
                    outputColumnNames: _col0, _col1, _col2, _col3, _col4, _col5, _col6, _col7, _col8
                    Statistics: Num rows: 26 Data size: 16094 Basic stats: COMPLETE Column stats: COMPLETE
                    Reduce Output Operator
                      sort order: 
                      Statistics: Num rows: 26 Data size: 16094 Basic stats: COMPLETE Column stats: COMPLETE
                      value expressions: _col0 (type: int), _col1 (type: string), _col2 (type: string), _col3 (type: string), _col4 (type: string), _col5 (type: int), _col6 (type: string), _col7 (type: double), _col8 (type: string)
            Execution mode: vectorized, llap
            LLAP IO: no inputs
        Map 3 
            Map Operator Tree:
                TableScan
                  alias: part_null_n0
                  Statistics: Num rows: 1 Data size: 184 Basic stats: COMPLETE Column stats: NONE
                  Select Operator
                    expressions: p_name (type: string)
                    outputColumnNames: p_name
                    Statistics: Num rows: 1 Data size: 184 Basic stats: COMPLETE Column stats: NONE
                    Group By Operator
                      aggregations: max(p_name)
                      mode: hash
                      outputColumnNames: _col0
                      Statistics: Num rows: 1 Data size: 368 Basic stats: COMPLETE Column stats: NONE
                      Reduce Output Operator
                        sort order: 
                        Statistics: Num rows: 1 Data size: 368 Basic stats: COMPLETE Column stats: NONE
                        value expressions: _col0 (type: string)
            Execution mode: vectorized, llap
            LLAP IO: no inputs
        Reducer 2 
            Execution mode: llap
            Reduce Operator Tree:
              Merge Join Operator
                condition map:
                     Inner Join 0 to 1
                keys:
                  0 
                  1 
                outputColumnNames: _col0, _col1, _col2, _col3, _col4, _col5, _col6, _col7, _col8
                Statistics: Num rows: 26 Data size: 25688 Basic stats: COMPLETE Column stats: NONE
                File Output Operator
                  compressed: false
                  Statistics: Num rows: 26 Data size: 25688 Basic stats: COMPLETE Column stats: NONE
                  table:
                      input format: org.apache.hadoop.mapred.SequenceFileInputFormat
                      output format: org.apache.hadoop.hive.ql.io.HiveSequenceFileOutputFormat
                      serde: org.apache.hadoop.hive.serde2.lazy.LazySimpleSerDe
        Reducer 4 
            Execution mode: vectorized, llap
            Reduce Operator Tree:
              Group By Operator
                aggregations: max(VALUE._col0)
                mode: mergepartial
                outputColumnNames: _col0
                Statistics: Num rows: 1 Data size: 368 Basic stats: COMPLETE Column stats: NONE
                Filter Operator
                  predicate: _col0 is not null (type: boolean)
                  Statistics: Num rows: 1 Data size: 368 Basic stats: COMPLETE Column stats: NONE
                  Select Operator
                    Statistics: Num rows: 1 Data size: 368 Basic stats: COMPLETE Column stats: NONE
                    Reduce Output Operator
                      sort order: 
                      Statistics: Num rows: 1 Data size: 368 Basic stats: COMPLETE Column stats: NONE

  Stage: Stage-0
    Fetch Operator
      limit: -1
      Processor Tree:
        ListSink

Warning: Shuffle Join MERGEJOIN[15][tables = [$hdt$_0, $hdt$_1]] in Stage 'Reducer 2' is a cross product
PREHOOK: query: select * from part where (select max(p_name) from part_null_n0) is not null
PREHOOK: type: QUERY
PREHOOK: Input: default@part
PREHOOK: Input: default@part_null_n0
#### A masked pattern was here ####
POSTHOOK: query: select * from part where (select max(p_name) from part_null_n0) is not null
POSTHOOK: type: QUERY
POSTHOOK: Input: default@part
POSTHOOK: Input: default@part_null_n0
#### A masked pattern was here ####
105685	almond antique violet chocolate turquoise	Manufacturer#2	Brand#22	MEDIUM ANODIZED COPPER	14	MED CAN	1690.68	ly pending requ
110592	almond antique salmon chartreuse burlywood	Manufacturer#1	Brand#15	PROMO BURNISHED NICKEL	6	JUMBO PKG	1602.59	 to the furiously
112398	almond antique metallic orange dim	Manufacturer#3	Brand#32	MEDIUM BURNISHED BRASS	19	JUMBO JAR	1410.39	ole car
121152	almond antique burnished rose metallic	Manufacturer#1	Brand#14	PROMO PLATED TIN	2	JUMBO BOX	1173.15	e pinto beans h
121152	almond antique burnished rose metallic	Manufacturer#1	Brand#14	PROMO PLATED TIN	2	JUMBO BOX	1173.15	e pinto beans h
132666	almond aquamarine rose maroon antique	Manufacturer#2	Brand#24	SMALL POLISHED NICKEL	25	MED BOX	1698.66	even 
144293	almond antique olive coral navajo	Manufacturer#3	Brand#34	STANDARD POLISHED STEEL	45	JUMBO CAN	1337.29	ag furiously about 
146985	almond aquamarine midnight light salmon	Manufacturer#2	Brand#23	MEDIUM BURNISHED COPPER	2	SM CASE	2031.98	s cajole caref
15103	almond aquamarine dodger light gainsboro	Manufacturer#5	Brand#53	ECONOMY BURNISHED STEEL	46	LG PACK	1018.1	packages hinder carefu
155733	almond antique sky peru orange	Manufacturer#5	Brand#53	SMALL PLATED BRASS	2	WRAP DRUM	1788.73	furiously. bra
17273	almond antique forest lavender goldenrod	Manufacturer#3	Brand#35	PROMO ANODIZED TIN	14	JUMBO CASE	1190.27	along the
17927	almond aquamarine yellow dodger mint	Manufacturer#4	Brand#41	ECONOMY BRUSHED COPPER	7	SM PKG	1844.92	ites. eve
191709	almond antique violet turquoise frosted	Manufacturer#2	Brand#22	ECONOMY POLISHED STEEL	40	MED BOX	1800.7	 haggle
192697	almond antique blue firebrick mint	Manufacturer#5	Brand#52	MEDIUM BURNISHED TIN	31	LG DRUM	1789.69	ickly ir
195606	almond aquamarine sandy cyan gainsboro	Manufacturer#2	Brand#25	STANDARD PLATED TIN	18	SM PKG	1701.6	ic de
33357	almond azure aquamarine papaya violet	Manufacturer#4	Brand#41	STANDARD ANODIZED TIN	12	WRAP CASE	1290.35	reful
40982	almond antique misty red olive	Manufacturer#3	Brand#32	ECONOMY PLATED COPPER	1	LG PKG	1922.98	c foxes can s
42669	almond antique medium spring khaki	Manufacturer#5	Brand#51	STANDARD BURNISHED TIN	6	MED CAN	1611.66	sits haggl
45261	almond aquamarine floral ivory bisque	Manufacturer#4	Brand#42	SMALL PLATED STEEL	27	WRAP CASE	1206.26	careful
48427	almond antique violet mint lemon	Manufacturer#4	Brand#42	PROMO POLISHED STEEL	39	SM CASE	1375.42	hely ironic i
49671	almond antique gainsboro frosted violet	Manufacturer#4	Brand#41	SMALL BRUSHED BRASS	10	SM BOX	1620.67	ccounts run quick
65667	almond aquamarine pink moccasin thistle	Manufacturer#1	Brand#12	LARGE BURNISHED STEEL	42	JUMBO CASE	1632.66	e across the expr
78486	almond azure blanched chiffon midnight	Manufacturer#5	Brand#52	LARGE BRUSHED BRASS	23	MED BAG	1464.48	hely blith
85768	almond antique chartreuse lavender yellow	Manufacturer#1	Brand#12	LARGE BRUSHED STEEL	34	SM BAG	1753.76	refull
86428	almond aquamarine burnished black steel	Manufacturer#1	Brand#12	STANDARD ANODIZED STEEL	28	WRAP BAG	1414.42	arefully 
90681	almond antique chartreuse khaki white	Manufacturer#3	Brand#31	MEDIUM BURNISHED TIN	17	SM CASE	1671.68	are slyly after the sl
Warning: Shuffle Join MERGEJOIN[23][tables = [$hdt$_0, $hdt$_1]] in Stage 'Reducer 2' is a cross product
Warning: Shuffle Join MERGEJOIN[24][tables = [$hdt$_0, $hdt$_1, $hdt$_2]] in Stage 'Reducer 3' is a cross product
PREHOOK: query: explain select * from part where p_size between (select min(p_size) from part) and (select avg(p_size) from part)
PREHOOK: type: QUERY
POSTHOOK: query: explain select * from part where p_size between (select min(p_size) from part) and (select avg(p_size) from part)
POSTHOOK: type: QUERY
STAGE DEPENDENCIES:
  Stage-1 is a root stage
  Stage-0 depends on stages: Stage-1

STAGE PLANS:
  Stage: Stage-1
    Tez
#### A masked pattern was here ####
      Edges:
        Reducer 2 <- Map 1 (CUSTOM_SIMPLE_EDGE), Reducer 5 (CUSTOM_SIMPLE_EDGE)
        Reducer 3 <- Reducer 2 (CUSTOM_SIMPLE_EDGE), Reducer 6 (CUSTOM_SIMPLE_EDGE)
        Reducer 5 <- Map 4 (CUSTOM_SIMPLE_EDGE)
        Reducer 6 <- Map 4 (CUSTOM_SIMPLE_EDGE)
#### A masked pattern was here ####
      Vertices:
        Map 1 
            Map Operator Tree:
                TableScan
                  alias: part
                  Statistics: Num rows: 26 Data size: 16094 Basic stats: COMPLETE Column stats: COMPLETE
                  Select Operator
                    expressions: p_partkey (type: int), p_name (type: string), p_mfgr (type: string), p_brand (type: string), p_type (type: string), p_size (type: int), p_container (type: string), p_retailprice (type: double), p_comment (type: string)
                    outputColumnNames: _col0, _col1, _col2, _col3, _col4, _col5, _col6, _col7, _col8
                    Statistics: Num rows: 26 Data size: 16094 Basic stats: COMPLETE Column stats: COMPLETE
                    Reduce Output Operator
                      sort order: 
                      Statistics: Num rows: 26 Data size: 16094 Basic stats: COMPLETE Column stats: COMPLETE
                      value expressions: _col0 (type: int), _col1 (type: string), _col2 (type: string), _col3 (type: string), _col4 (type: string), _col5 (type: int), _col6 (type: string), _col7 (type: double), _col8 (type: string)
            Execution mode: vectorized, llap
            LLAP IO: no inputs
        Map 4 
            Map Operator Tree:
                TableScan
                  alias: part
                  Statistics: Num rows: 26 Data size: 104 Basic stats: COMPLETE Column stats: COMPLETE
                  Select Operator
                    expressions: p_size (type: int)
                    outputColumnNames: p_size
                    Statistics: Num rows: 26 Data size: 104 Basic stats: COMPLETE Column stats: COMPLETE
                    Group By Operator
                      aggregations: min(p_size)
                      mode: hash
                      outputColumnNames: _col0
                      Statistics: Num rows: 1 Data size: 4 Basic stats: COMPLETE Column stats: COMPLETE
                      Reduce Output Operator
                        sort order: 
                        Statistics: Num rows: 1 Data size: 4 Basic stats: COMPLETE Column stats: COMPLETE
                        value expressions: _col0 (type: int)
                    Group By Operator
                      aggregations: sum(p_size), count(p_size)
                      mode: hash
                      outputColumnNames: _col0, _col1
                      Statistics: Num rows: 1 Data size: 16 Basic stats: COMPLETE Column stats: COMPLETE
                      Reduce Output Operator
                        sort order: 
                        Statistics: Num rows: 1 Data size: 16 Basic stats: COMPLETE Column stats: COMPLETE
                        value expressions: _col0 (type: bigint), _col1 (type: bigint)
            Execution mode: vectorized, llap
            LLAP IO: no inputs
        Reducer 2 
            Execution mode: llap
            Reduce Operator Tree:
              Merge Join Operator
                condition map:
                     Left Outer Join 0 to 1
                keys:
                  0 
                  1 
                outputColumnNames: _col0, _col1, _col2, _col3, _col4, _col5, _col6, _col7, _col8, _col9
                Statistics: Num rows: 26 Data size: 16198 Basic stats: COMPLETE Column stats: COMPLETE
                Reduce Output Operator
                  sort order: 
                  Statistics: Num rows: 26 Data size: 16198 Basic stats: COMPLETE Column stats: COMPLETE
                  value expressions: _col0 (type: int), _col1 (type: string), _col2 (type: string), _col3 (type: string), _col4 (type: string), _col5 (type: int), _col6 (type: string), _col7 (type: double), _col8 (type: string), _col9 (type: int)
        Reducer 3 
            Execution mode: llap
            Reduce Operator Tree:
              Merge Join Operator
                condition map:
                     Left Outer Join 0 to 1
                keys:
                  0 
                  1 
                outputColumnNames: _col0, _col1, _col2, _col3, _col4, _col5, _col6, _col7, _col8, _col9, _col10
                Statistics: Num rows: 26 Data size: 16406 Basic stats: COMPLETE Column stats: COMPLETE
                Filter Operator
                  predicate: UDFToDouble(_col5) BETWEEN UDFToDouble(_col9) AND _col10 (type: boolean)
                  Statistics: Num rows: 2 Data size: 1262 Basic stats: COMPLETE Column stats: COMPLETE
                  Select Operator
                    expressions: _col0 (type: int), _col1 (type: string), _col2 (type: string), _col3 (type: string), _col4 (type: string), _col5 (type: int), _col6 (type: string), _col7 (type: double), _col8 (type: string)
                    outputColumnNames: _col0, _col1, _col2, _col3, _col4, _col5, _col6, _col7, _col8
                    Statistics: Num rows: 2 Data size: 1238 Basic stats: COMPLETE Column stats: COMPLETE
                    File Output Operator
                      compressed: false
                      Statistics: Num rows: 2 Data size: 1238 Basic stats: COMPLETE Column stats: COMPLETE
                      table:
                          input format: org.apache.hadoop.mapred.SequenceFileInputFormat
                          output format: org.apache.hadoop.hive.ql.io.HiveSequenceFileOutputFormat
                          serde: org.apache.hadoop.hive.serde2.lazy.LazySimpleSerDe
        Reducer 5 
            Execution mode: vectorized, llap
            Reduce Operator Tree:
              Group By Operator
                aggregations: min(VALUE._col0)
                mode: mergepartial
                outputColumnNames: _col0
                Statistics: Num rows: 1 Data size: 4 Basic stats: COMPLETE Column stats: COMPLETE
                Reduce Output Operator
                  sort order: 
                  Statistics: Num rows: 1 Data size: 4 Basic stats: COMPLETE Column stats: COMPLETE
                  value expressions: _col0 (type: int)
        Reducer 6 
            Execution mode: vectorized, llap
            Reduce Operator Tree:
              Group By Operator
                aggregations: sum(VALUE._col0), count(VALUE._col1)
                mode: mergepartial
                outputColumnNames: _col0, _col1
                Statistics: Num rows: 1 Data size: 16 Basic stats: COMPLETE Column stats: COMPLETE
                Select Operator
                  expressions: (_col0 / _col1) (type: double)
                  outputColumnNames: _col0
                  Statistics: Num rows: 1 Data size: 8 Basic stats: COMPLETE Column stats: COMPLETE
                  Reduce Output Operator
                    sort order: 
                    Statistics: Num rows: 1 Data size: 8 Basic stats: COMPLETE Column stats: COMPLETE
                    value expressions: _col0 (type: double)

  Stage: Stage-0
    Fetch Operator
      limit: -1
      Processor Tree:
        ListSink

Warning: Shuffle Join MERGEJOIN[23][tables = [$hdt$_0, $hdt$_1]] in Stage 'Reducer 2' is a cross product
Warning: Shuffle Join MERGEJOIN[24][tables = [$hdt$_0, $hdt$_1, $hdt$_2]] in Stage 'Reducer 3' is a cross product
PREHOOK: query: select * from part where p_size between (select min(p_size) from part) and (select avg(p_size) from part)
PREHOOK: type: QUERY
PREHOOK: Input: default@part
#### A masked pattern was here ####
POSTHOOK: query: select * from part where p_size between (select min(p_size) from part) and (select avg(p_size) from part)
POSTHOOK: type: QUERY
POSTHOOK: Input: default@part
#### A masked pattern was here ####
105685	almond antique violet chocolate turquoise	Manufacturer#2	Brand#22	MEDIUM ANODIZED COPPER	14	MED CAN	1690.68	ly pending requ
110592	almond antique salmon chartreuse burlywood	Manufacturer#1	Brand#15	PROMO BURNISHED NICKEL	6	JUMBO PKG	1602.59	 to the furiously
112398	almond antique metallic orange dim	Manufacturer#3	Brand#32	MEDIUM BURNISHED BRASS	19	JUMBO JAR	1410.39	ole car
121152	almond antique burnished rose metallic	Manufacturer#1	Brand#14	PROMO PLATED TIN	2	JUMBO BOX	1173.15	e pinto beans h
121152	almond antique burnished rose metallic	Manufacturer#1	Brand#14	PROMO PLATED TIN	2	JUMBO BOX	1173.15	e pinto beans h
146985	almond aquamarine midnight light salmon	Manufacturer#2	Brand#23	MEDIUM BURNISHED COPPER	2	SM CASE	2031.98	s cajole caref
155733	almond antique sky peru orange	Manufacturer#5	Brand#53	SMALL PLATED BRASS	2	WRAP DRUM	1788.73	furiously. bra
17273	almond antique forest lavender goldenrod	Manufacturer#3	Brand#35	PROMO ANODIZED TIN	14	JUMBO CASE	1190.27	along the
17927	almond aquamarine yellow dodger mint	Manufacturer#4	Brand#41	ECONOMY BRUSHED COPPER	7	SM PKG	1844.92	ites. eve
195606	almond aquamarine sandy cyan gainsboro	Manufacturer#2	Brand#25	STANDARD PLATED TIN	18	SM PKG	1701.6	ic de
33357	almond azure aquamarine papaya violet	Manufacturer#4	Brand#41	STANDARD ANODIZED TIN	12	WRAP CASE	1290.35	reful
40982	almond antique misty red olive	Manufacturer#3	Brand#32	ECONOMY PLATED COPPER	1	LG PKG	1922.98	c foxes can s
42669	almond antique medium spring khaki	Manufacturer#5	Brand#51	STANDARD BURNISHED TIN	6	MED CAN	1611.66	sits haggl
49671	almond antique gainsboro frosted violet	Manufacturer#4	Brand#41	SMALL BRUSHED BRASS	10	SM BOX	1620.67	ccounts run quick
90681	almond antique chartreuse khaki white	Manufacturer#3	Brand#31	MEDIUM BURNISHED TIN	17	SM CASE	1671.68	are slyly after the sl
Warning: Shuffle Join MERGEJOIN[35][tables = [$hdt$_0, $hdt$_1, $hdt$_2]] in Stage 'Reducer 2' is a cross product
PREHOOK: query: explain select p_mfgr, p_name, p_size from part 
where part.p_size > 
  (select first_value(p_size) over(partition by p_mfgr order by p_size) as fv from part order by fv limit 1)
PREHOOK: type: QUERY
POSTHOOK: query: explain select p_mfgr, p_name, p_size from part 
where part.p_size > 
  (select first_value(p_size) over(partition by p_mfgr order by p_size) as fv from part order by fv limit 1)
POSTHOOK: type: QUERY
STAGE DEPENDENCIES:
  Stage-1 is a root stage
  Stage-0 depends on stages: Stage-1

STAGE PLANS:
  Stage: Stage-1
    Tez
#### A masked pattern was here ####
      Edges:
        Reducer 2 <- Map 1 (XPROD_EDGE), Reducer 6 (XPROD_EDGE), Reducer 7 (XPROD_EDGE)
        Reducer 4 <- Map 3 (SIMPLE_EDGE)
        Reducer 5 <- Reducer 4 (SIMPLE_EDGE)
        Reducer 6 <- Reducer 5 (CUSTOM_SIMPLE_EDGE)
        Reducer 7 <- Reducer 4 (SIMPLE_EDGE)
#### A masked pattern was here ####
      Vertices:
        Map 1 
            Map Operator Tree:
                TableScan
                  alias: part
                  Statistics: Num rows: 26 Data size: 5798 Basic stats: COMPLETE Column stats: COMPLETE
                  Select Operator
                    expressions: p_name (type: string), p_mfgr (type: string), p_size (type: int)
                    outputColumnNames: _col0, _col1, _col2
                    Statistics: Num rows: 26 Data size: 5798 Basic stats: COMPLETE Column stats: COMPLETE
                    Reduce Output Operator
                      sort order: 
                      Statistics: Num rows: 26 Data size: 5798 Basic stats: COMPLETE Column stats: COMPLETE
                      value expressions: _col0 (type: string), _col1 (type: string), _col2 (type: int)
            Execution mode: vectorized, llap
            LLAP IO: no inputs
        Map 3 
            Map Operator Tree:
                TableScan
                  alias: part
                  Statistics: Num rows: 26 Data size: 2652 Basic stats: COMPLETE Column stats: COMPLETE
                  Reduce Output Operator
                    key expressions: p_mfgr (type: string), p_size (type: int)
                    sort order: ++
                    Map-reduce partition columns: p_mfgr (type: string)
                    Statistics: Num rows: 26 Data size: 2652 Basic stats: COMPLETE Column stats: COMPLETE
            Execution mode: vectorized, llap
            LLAP IO: no inputs
        Reducer 2 
            Execution mode: llap
            Reduce Operator Tree:
              Merge Join Operator
                condition map:
                     Inner Join 0 to 1
                     Inner Join 0 to 2
                keys:
                  0 
                  1 
                  2 
                outputColumnNames: _col0, _col1, _col2, _col4
                residual filter predicates: {(_col2 > _col4)}
                Statistics: Num rows: 8 Data size: 1816 Basic stats: COMPLETE Column stats: COMPLETE
                Select Operator
                  expressions: _col1 (type: string), _col0 (type: string), _col2 (type: int)
                  outputColumnNames: _col0, _col1, _col2
                  Statistics: Num rows: 8 Data size: 1784 Basic stats: COMPLETE Column stats: COMPLETE
                  File Output Operator
                    compressed: false
                    Statistics: Num rows: 8 Data size: 1784 Basic stats: COMPLETE Column stats: COMPLETE
                    table:
                        input format: org.apache.hadoop.mapred.SequenceFileInputFormat
                        output format: org.apache.hadoop.hive.ql.io.HiveSequenceFileOutputFormat
                        serde: org.apache.hadoop.hive.serde2.lazy.LazySimpleSerDe
        Reducer 4 
            Execution mode: vectorized, llap
            Reduce Operator Tree:
              Select Operator
                expressions: KEY.reducesinkkey0 (type: string), KEY.reducesinkkey1 (type: int)
                outputColumnNames: _col2, _col5
                Statistics: Num rows: 26 Data size: 9620 Basic stats: COMPLETE Column stats: COMPLETE
                PTF Operator
                  Function definitions:
                      Input definition
                        input alias: ptf_0
                        output shape: _col2: string, _col5: int
                        type: WINDOWING
                      Windowing table definition
                        input alias: ptf_1
                        name: windowingtablefunction
                        order by: _col5 ASC NULLS FIRST
                        partition by: _col2
                        raw input shape:
                        window functions:
                            window function definition
                              alias: first_value_window_0
                              arguments: _col5
                              name: first_value
                              window function: GenericUDAFFirstValueEvaluator
                              window frame: RANGE PRECEDING(MAX)~CURRENT
                  Statistics: Num rows: 26 Data size: 9620 Basic stats: COMPLETE Column stats: COMPLETE
                  Select Operator
                    expressions: first_value_window_0 (type: int)
                    outputColumnNames: _col0
                    Statistics: Num rows: 26 Data size: 104 Basic stats: COMPLETE Column stats: COMPLETE
                    Reduce Output Operator
                      key expressions: _col0 (type: int)
                      sort order: +
                      Statistics: Num rows: 26 Data size: 104 Basic stats: COMPLETE Column stats: COMPLETE
                PTF Operator
                  Function definitions:
                      Input definition
                        input alias: ptf_0
                        output shape: _col2: string, _col5: int
                        type: WINDOWING
                      Windowing table definition
                        input alias: ptf_1
                        name: windowingtablefunction
                        order by: _col5 ASC NULLS FIRST
                        partition by: _col2
                        raw input shape:
                        window functions:
                            window function definition
                              alias: first_value_window_0
                              arguments: _col5
                              name: first_value
                              window function: GenericUDAFFirstValueEvaluator
                              window frame: RANGE PRECEDING(MAX)~CURRENT
                  Statistics: Num rows: 26 Data size: 9620 Basic stats: COMPLETE Column stats: COMPLETE
                  Select Operator
                    expressions: first_value_window_0 (type: int)
                    outputColumnNames: _col0
                    Statistics: Num rows: 26 Data size: 104 Basic stats: COMPLETE Column stats: COMPLETE
                    Reduce Output Operator
                      key expressions: _col0 (type: int)
                      sort order: +
                      Statistics: Num rows: 26 Data size: 104 Basic stats: COMPLETE Column stats: COMPLETE
                      TopN Hash Memory Usage: 0.1
        Reducer 5 
            Execution mode: vectorized, llap
            Reduce Operator Tree:
              Select Operator
                Statistics: Num rows: 26 Data size: 104 Basic stats: COMPLETE Column stats: COMPLETE
                Limit
                  Number of rows: 1
                  Statistics: Num rows: 1 Data size: 4 Basic stats: COMPLETE Column stats: COMPLETE
                  Group By Operator
                    aggregations: count()
                    mode: hash
                    outputColumnNames: _col0
                    Statistics: Num rows: 1 Data size: 8 Basic stats: COMPLETE Column stats: COMPLETE
                    Reduce Output Operator
                      sort order: 
                      Statistics: Num rows: 1 Data size: 8 Basic stats: COMPLETE Column stats: COMPLETE
                      value expressions: _col0 (type: bigint)
        Reducer 6 
            Execution mode: vectorized, llap
            Reduce Operator Tree:
              Group By Operator
                aggregations: count(VALUE._col0)
                mode: mergepartial
                outputColumnNames: _col0
                Statistics: Num rows: 1 Data size: 8 Basic stats: COMPLETE Column stats: COMPLETE
                Filter Operator
                  predicate: (sq_count_check(_col0) <= 1) (type: boolean)
                  Statistics: Num rows: 1 Data size: 8 Basic stats: COMPLETE Column stats: COMPLETE
                  Select Operator
                    Statistics: Num rows: 1 Data size: 8 Basic stats: COMPLETE Column stats: COMPLETE
                    Reduce Output Operator
                      sort order: 
                      Statistics: Num rows: 1 Data size: 8 Basic stats: COMPLETE Column stats: COMPLETE
        Reducer 7 
            Execution mode: vectorized, llap
            Reduce Operator Tree:
              Select Operator
                expressions: KEY.reducesinkkey0 (type: int)
                outputColumnNames: _col0
                Statistics: Num rows: 26 Data size: 104 Basic stats: COMPLETE Column stats: COMPLETE
                Limit
                  Number of rows: 1
                  Statistics: Num rows: 1 Data size: 4 Basic stats: COMPLETE Column stats: COMPLETE
                  Reduce Output Operator
                    sort order: 
                    Statistics: Num rows: 1 Data size: 4 Basic stats: COMPLETE Column stats: COMPLETE
                    value expressions: _col0 (type: int)

  Stage: Stage-0
    Fetch Operator
      limit: -1
      Processor Tree:
        ListSink

Warning: Shuffle Join MERGEJOIN[35][tables = [$hdt$_0, $hdt$_1, $hdt$_2]] in Stage 'Reducer 2' is a cross product
PREHOOK: query: select p_mfgr, p_name, p_size from part 
where part.p_size > 
  (select first_value(p_size) over(partition by p_mfgr order by p_size) as fv from part order by fv limit 1)
PREHOOK: type: QUERY
PREHOOK: Input: default@part
#### A masked pattern was here ####
POSTHOOK: query: select p_mfgr, p_name, p_size from part 
where part.p_size > 
  (select first_value(p_size) over(partition by p_mfgr order by p_size) as fv from part order by fv limit 1)
POSTHOOK: type: QUERY
POSTHOOK: Input: default@part
#### A masked pattern was here ####
Manufacturer#1	almond antique burnished rose metallic	2
Manufacturer#1	almond antique burnished rose metallic	2
Manufacturer#1	almond antique chartreuse lavender yellow	34
Manufacturer#1	almond antique salmon chartreuse burlywood	6
Manufacturer#1	almond aquamarine burnished black steel	28
Manufacturer#1	almond aquamarine pink moccasin thistle	42
Manufacturer#2	almond antique violet chocolate turquoise	14
Manufacturer#2	almond antique violet turquoise frosted	40
Manufacturer#2	almond aquamarine midnight light salmon	2
Manufacturer#2	almond aquamarine rose maroon antique	25
Manufacturer#2	almond aquamarine sandy cyan gainsboro	18
Manufacturer#3	almond antique chartreuse khaki white	17
Manufacturer#3	almond antique forest lavender goldenrod	14
Manufacturer#3	almond antique metallic orange dim	19
Manufacturer#3	almond antique olive coral navajo	45
Manufacturer#4	almond antique gainsboro frosted violet	10
Manufacturer#4	almond antique violet mint lemon	39
Manufacturer#4	almond aquamarine floral ivory bisque	27
Manufacturer#4	almond aquamarine yellow dodger mint	7
Manufacturer#4	almond azure aquamarine papaya violet	12
Manufacturer#5	almond antique blue firebrick mint	31
Manufacturer#5	almond antique medium spring khaki	6
Manufacturer#5	almond antique sky peru orange	2
Manufacturer#5	almond aquamarine dodger light gainsboro	46
Manufacturer#5	almond azure blanched chiffon midnight	23
Warning: Shuffle Join MERGEJOIN[13][tables = [$hdt$_0, $hdt$_1]] in Stage 'Reducer 2' is a cross product
PREHOOK: query: explain select * from part where (p_partkey*p_size) <> (select min(p_partkey) from part)
PREHOOK: type: QUERY
POSTHOOK: query: explain select * from part where (p_partkey*p_size) <> (select min(p_partkey) from part)
POSTHOOK: type: QUERY
STAGE DEPENDENCIES:
  Stage-1 is a root stage
  Stage-0 depends on stages: Stage-1

STAGE PLANS:
  Stage: Stage-1
    Tez
#### A masked pattern was here ####
      Edges:
        Reducer 2 <- Map 1 (XPROD_EDGE), Reducer 4 (XPROD_EDGE)
        Reducer 4 <- Map 3 (CUSTOM_SIMPLE_EDGE)
#### A masked pattern was here ####
      Vertices:
        Map 1 
            Map Operator Tree:
                TableScan
                  alias: part
                  Statistics: Num rows: 26 Data size: 16094 Basic stats: COMPLETE Column stats: COMPLETE
                  Select Operator
                    expressions: p_partkey (type: int), p_name (type: string), p_mfgr (type: string), p_brand (type: string), p_type (type: string), p_size (type: int), p_container (type: string), p_retailprice (type: double), p_comment (type: string)
                    outputColumnNames: _col0, _col1, _col2, _col3, _col4, _col5, _col6, _col7, _col8
                    Statistics: Num rows: 26 Data size: 16094 Basic stats: COMPLETE Column stats: COMPLETE
                    Reduce Output Operator
                      sort order: 
                      Statistics: Num rows: 26 Data size: 16094 Basic stats: COMPLETE Column stats: COMPLETE
                      value expressions: _col0 (type: int), _col1 (type: string), _col2 (type: string), _col3 (type: string), _col4 (type: string), _col5 (type: int), _col6 (type: string), _col7 (type: double), _col8 (type: string)
            Execution mode: vectorized, llap
            LLAP IO: no inputs
        Map 3 
            Map Operator Tree:
                TableScan
                  alias: part
                  Statistics: Num rows: 26 Data size: 104 Basic stats: COMPLETE Column stats: COMPLETE
                  Select Operator
                    expressions: p_partkey (type: int)
                    outputColumnNames: p_partkey
                    Statistics: Num rows: 26 Data size: 104 Basic stats: COMPLETE Column stats: COMPLETE
                    Group By Operator
                      aggregations: min(p_partkey)
                      mode: hash
                      outputColumnNames: _col0
                      Statistics: Num rows: 1 Data size: 4 Basic stats: COMPLETE Column stats: COMPLETE
                      Reduce Output Operator
                        sort order: 
                        Statistics: Num rows: 1 Data size: 4 Basic stats: COMPLETE Column stats: COMPLETE
                        value expressions: _col0 (type: int)
            Execution mode: vectorized, llap
            LLAP IO: no inputs
        Reducer 2 
            Execution mode: llap
            Reduce Operator Tree:
              Merge Join Operator
                condition map:
                     Inner Join 0 to 1
                keys:
                  0 
                  1 
                outputColumnNames: _col0, _col1, _col2, _col3, _col4, _col5, _col6, _col7, _col8, _col9
                residual filter predicates: {((_col0 * _col5) <> _col9)}
                Statistics: Num rows: 26 Data size: 16198 Basic stats: COMPLETE Column stats: COMPLETE
                Select Operator
                  expressions: _col0 (type: int), _col1 (type: string), _col2 (type: string), _col3 (type: string), _col4 (type: string), _col5 (type: int), _col6 (type: string), _col7 (type: double), _col8 (type: string)
                  outputColumnNames: _col0, _col1, _col2, _col3, _col4, _col5, _col6, _col7, _col8
                  Statistics: Num rows: 26 Data size: 16094 Basic stats: COMPLETE Column stats: COMPLETE
                  File Output Operator
                    compressed: false
                    Statistics: Num rows: 26 Data size: 16094 Basic stats: COMPLETE Column stats: COMPLETE
                    table:
                        input format: org.apache.hadoop.mapred.SequenceFileInputFormat
                        output format: org.apache.hadoop.hive.ql.io.HiveSequenceFileOutputFormat
                        serde: org.apache.hadoop.hive.serde2.lazy.LazySimpleSerDe
        Reducer 4 
            Execution mode: vectorized, llap
            Reduce Operator Tree:
              Group By Operator
                aggregations: min(VALUE._col0)
                mode: mergepartial
                outputColumnNames: _col0
                Statistics: Num rows: 1 Data size: 4 Basic stats: COMPLETE Column stats: COMPLETE
                Reduce Output Operator
                  sort order: 
                  Statistics: Num rows: 1 Data size: 4 Basic stats: COMPLETE Column stats: COMPLETE
                  value expressions: _col0 (type: int)

  Stage: Stage-0
    Fetch Operator
      limit: -1
      Processor Tree:
        ListSink

Warning: Shuffle Join MERGEJOIN[13][tables = [$hdt$_0, $hdt$_1]] in Stage 'Reducer 2' is a cross product
PREHOOK: query: select * from part where (p_partkey*p_size) <> (select min(p_partkey) from part)
PREHOOK: type: QUERY
PREHOOK: Input: default@part
#### A masked pattern was here ####
POSTHOOK: query: select * from part where (p_partkey*p_size) <> (select min(p_partkey) from part)
POSTHOOK: type: QUERY
POSTHOOK: Input: default@part
#### A masked pattern was here ####
105685	almond antique violet chocolate turquoise	Manufacturer#2	Brand#22	MEDIUM ANODIZED COPPER	14	MED CAN	1690.68	ly pending requ
110592	almond antique salmon chartreuse burlywood	Manufacturer#1	Brand#15	PROMO BURNISHED NICKEL	6	JUMBO PKG	1602.59	 to the furiously
112398	almond antique metallic orange dim	Manufacturer#3	Brand#32	MEDIUM BURNISHED BRASS	19	JUMBO JAR	1410.39	ole car
121152	almond antique burnished rose metallic	Manufacturer#1	Brand#14	PROMO PLATED TIN	2	JUMBO BOX	1173.15	e pinto beans h
121152	almond antique burnished rose metallic	Manufacturer#1	Brand#14	PROMO PLATED TIN	2	JUMBO BOX	1173.15	e pinto beans h
132666	almond aquamarine rose maroon antique	Manufacturer#2	Brand#24	SMALL POLISHED NICKEL	25	MED BOX	1698.66	even 
144293	almond antique olive coral navajo	Manufacturer#3	Brand#34	STANDARD POLISHED STEEL	45	JUMBO CAN	1337.29	ag furiously about 
146985	almond aquamarine midnight light salmon	Manufacturer#2	Brand#23	MEDIUM BURNISHED COPPER	2	SM CASE	2031.98	s cajole caref
15103	almond aquamarine dodger light gainsboro	Manufacturer#5	Brand#53	ECONOMY BURNISHED STEEL	46	LG PACK	1018.1	packages hinder carefu
155733	almond antique sky peru orange	Manufacturer#5	Brand#53	SMALL PLATED BRASS	2	WRAP DRUM	1788.73	furiously. bra
17273	almond antique forest lavender goldenrod	Manufacturer#3	Brand#35	PROMO ANODIZED TIN	14	JUMBO CASE	1190.27	along the
17927	almond aquamarine yellow dodger mint	Manufacturer#4	Brand#41	ECONOMY BRUSHED COPPER	7	SM PKG	1844.92	ites. eve
191709	almond antique violet turquoise frosted	Manufacturer#2	Brand#22	ECONOMY POLISHED STEEL	40	MED BOX	1800.7	 haggle
192697	almond antique blue firebrick mint	Manufacturer#5	Brand#52	MEDIUM BURNISHED TIN	31	LG DRUM	1789.69	ickly ir
195606	almond aquamarine sandy cyan gainsboro	Manufacturer#2	Brand#25	STANDARD PLATED TIN	18	SM PKG	1701.6	ic de
33357	almond azure aquamarine papaya violet	Manufacturer#4	Brand#41	STANDARD ANODIZED TIN	12	WRAP CASE	1290.35	reful
40982	almond antique misty red olive	Manufacturer#3	Brand#32	ECONOMY PLATED COPPER	1	LG PKG	1922.98	c foxes can s
42669	almond antique medium spring khaki	Manufacturer#5	Brand#51	STANDARD BURNISHED TIN	6	MED CAN	1611.66	sits haggl
45261	almond aquamarine floral ivory bisque	Manufacturer#4	Brand#42	SMALL PLATED STEEL	27	WRAP CASE	1206.26	careful
48427	almond antique violet mint lemon	Manufacturer#4	Brand#42	PROMO POLISHED STEEL	39	SM CASE	1375.42	hely ironic i
49671	almond antique gainsboro frosted violet	Manufacturer#4	Brand#41	SMALL BRUSHED BRASS	10	SM BOX	1620.67	ccounts run quick
65667	almond aquamarine pink moccasin thistle	Manufacturer#1	Brand#12	LARGE BURNISHED STEEL	42	JUMBO CASE	1632.66	e across the expr
78486	almond azure blanched chiffon midnight	Manufacturer#5	Brand#52	LARGE BRUSHED BRASS	23	MED BAG	1464.48	hely blith
85768	almond antique chartreuse lavender yellow	Manufacturer#1	Brand#12	LARGE BRUSHED STEEL	34	SM BAG	1753.76	refull
86428	almond aquamarine burnished black steel	Manufacturer#1	Brand#12	STANDARD ANODIZED STEEL	28	WRAP BAG	1414.42	arefully 
90681	almond antique chartreuse khaki white	Manufacturer#3	Brand#31	MEDIUM BURNISHED TIN	17	SM CASE	1671.68	are slyly after the sl
PREHOOK: query: explain select count(*) as c from part as e where p_size + 100 < (select max(p_partkey) from part where p_name = e.p_name)
PREHOOK: type: QUERY
POSTHOOK: query: explain select count(*) as c from part as e where p_size + 100 < (select max(p_partkey) from part where p_name = e.p_name)
POSTHOOK: type: QUERY
STAGE DEPENDENCIES:
  Stage-1 is a root stage
  Stage-0 depends on stages: Stage-1

STAGE PLANS:
  Stage: Stage-1
    Tez
#### A masked pattern was here ####
      Edges:
        Reducer 2 <- Map 1 (SIMPLE_EDGE), Reducer 5 (ONE_TO_ONE_EDGE)
        Reducer 3 <- Reducer 2 (CUSTOM_SIMPLE_EDGE)
        Reducer 5 <- Map 4 (SIMPLE_EDGE)
#### A masked pattern was here ####
      Vertices:
        Map 1 
            Map Operator Tree:
                TableScan
                  alias: e
                  Statistics: Num rows: 26 Data size: 3250 Basic stats: COMPLETE Column stats: COMPLETE
                  Filter Operator
                    predicate: p_name is not null (type: boolean)
                    Statistics: Num rows: 26 Data size: 3250 Basic stats: COMPLETE Column stats: COMPLETE
                    Select Operator
                      expressions: p_name (type: string), p_size (type: int)
                      outputColumnNames: _col0, _col1
                      Statistics: Num rows: 26 Data size: 3250 Basic stats: COMPLETE Column stats: COMPLETE
                      Reduce Output Operator
                        key expressions: _col0 (type: string)
                        sort order: +
                        Map-reduce partition columns: _col0 (type: string)
                        Statistics: Num rows: 26 Data size: 3250 Basic stats: COMPLETE Column stats: COMPLETE
                        value expressions: _col1 (type: int)
            Execution mode: vectorized, llap
            LLAP IO: no inputs
        Map 4 
            Map Operator Tree:
                TableScan
                  alias: part
                  Statistics: Num rows: 26 Data size: 3250 Basic stats: COMPLETE Column stats: COMPLETE
                  Filter Operator
                    predicate: p_name is not null (type: boolean)
                    Statistics: Num rows: 26 Data size: 3250 Basic stats: COMPLETE Column stats: COMPLETE
                    Group By Operator
                      aggregations: max(p_partkey)
                      keys: p_name (type: string)
                      mode: hash
                      outputColumnNames: _col0, _col1
                      Statistics: Num rows: 13 Data size: 1625 Basic stats: COMPLETE Column stats: COMPLETE
                      Reduce Output Operator
                        key expressions: _col0 (type: string)
                        sort order: +
                        Map-reduce partition columns: _col0 (type: string)
                        Statistics: Num rows: 13 Data size: 1625 Basic stats: COMPLETE Column stats: COMPLETE
                        value expressions: _col1 (type: int)
            Execution mode: vectorized, llap
            LLAP IO: no inputs
        Reducer 2 
            Execution mode: llap
            Reduce Operator Tree:
              Merge Join Operator
                condition map:
                     Inner Join 0 to 1
                keys:
                  0 _col0 (type: string)
                  1 _col1 (type: string)
                outputColumnNames: _col1, _col2
                residual filter predicates: {((_col1 + 100) < _col2)}
                Statistics: Num rows: 4 Data size: 32 Basic stats: COMPLETE Column stats: COMPLETE
                Select Operator
                  Statistics: Num rows: 4 Data size: 32 Basic stats: COMPLETE Column stats: COMPLETE
                  Group By Operator
                    aggregations: count()
                    mode: hash
                    outputColumnNames: _col0
                    Statistics: Num rows: 1 Data size: 8 Basic stats: COMPLETE Column stats: COMPLETE
                    Reduce Output Operator
                      sort order: 
                      Statistics: Num rows: 1 Data size: 8 Basic stats: COMPLETE Column stats: COMPLETE
                      value expressions: _col0 (type: bigint)
        Reducer 3 
            Execution mode: vectorized, llap
            Reduce Operator Tree:
              Group By Operator
                aggregations: count(VALUE._col0)
                mode: mergepartial
                outputColumnNames: _col0
                Statistics: Num rows: 1 Data size: 8 Basic stats: COMPLETE Column stats: COMPLETE
                File Output Operator
                  compressed: false
                  Statistics: Num rows: 1 Data size: 8 Basic stats: COMPLETE Column stats: COMPLETE
                  table:
                      input format: org.apache.hadoop.mapred.SequenceFileInputFormat
                      output format: org.apache.hadoop.hive.ql.io.HiveSequenceFileOutputFormat
                      serde: org.apache.hadoop.hive.serde2.lazy.LazySimpleSerDe
        Reducer 5 
            Execution mode: vectorized, llap
            Reduce Operator Tree:
              Group By Operator
                aggregations: max(VALUE._col0)
                keys: KEY._col0 (type: string)
                mode: mergepartial
                outputColumnNames: _col0, _col1
                Statistics: Num rows: 13 Data size: 1625 Basic stats: COMPLETE Column stats: COMPLETE
                Select Operator
                  expressions: _col1 (type: int), _col0 (type: string)
                  outputColumnNames: _col0, _col1
                  Statistics: Num rows: 13 Data size: 1625 Basic stats: COMPLETE Column stats: COMPLETE
                  Reduce Output Operator
                    key expressions: _col1 (type: string)
                    sort order: +
                    Map-reduce partition columns: _col1 (type: string)
                    Statistics: Num rows: 13 Data size: 1625 Basic stats: COMPLETE Column stats: COMPLETE
                    value expressions: _col0 (type: int)

  Stage: Stage-0
    Fetch Operator
      limit: -1
      Processor Tree:
        ListSink

PREHOOK: query: select count(*) as c from part as e where p_size + 100 < (select max(p_partkey) from part where p_name = e.p_name)
PREHOOK: type: QUERY
PREHOOK: Input: default@part
#### A masked pattern was here ####
POSTHOOK: query: select count(*) as c from part as e where p_size + 100 < (select max(p_partkey) from part where p_name = e.p_name)
POSTHOOK: type: QUERY
POSTHOOK: Input: default@part
#### A masked pattern was here ####
26
PREHOOK: query: explain select count(*) as c from part as e where 100 < (select max(p_partkey) from part where p_name = e.p_name)
PREHOOK: type: QUERY
POSTHOOK: query: explain select count(*) as c from part as e where 100 < (select max(p_partkey) from part where p_name = e.p_name)
POSTHOOK: type: QUERY
STAGE DEPENDENCIES:
  Stage-1 is a root stage
  Stage-0 depends on stages: Stage-1

STAGE PLANS:
  Stage: Stage-1
    Tez
#### A masked pattern was here ####
      Edges:
        Reducer 2 <- Map 1 (SIMPLE_EDGE), Reducer 5 (ONE_TO_ONE_EDGE)
        Reducer 3 <- Reducer 2 (CUSTOM_SIMPLE_EDGE)
        Reducer 5 <- Map 4 (SIMPLE_EDGE)
#### A masked pattern was here ####
      Vertices:
        Map 1 
            Map Operator Tree:
                TableScan
                  alias: e
                  Statistics: Num rows: 26 Data size: 3146 Basic stats: COMPLETE Column stats: COMPLETE
                  Filter Operator
                    predicate: p_name is not null (type: boolean)
                    Statistics: Num rows: 26 Data size: 3146 Basic stats: COMPLETE Column stats: COMPLETE
                    Select Operator
                      expressions: p_name (type: string)
                      outputColumnNames: _col0
                      Statistics: Num rows: 26 Data size: 3146 Basic stats: COMPLETE Column stats: COMPLETE
                      Reduce Output Operator
                        key expressions: _col0 (type: string)
                        sort order: +
                        Map-reduce partition columns: _col0 (type: string)
                        Statistics: Num rows: 26 Data size: 3146 Basic stats: COMPLETE Column stats: COMPLETE
            Execution mode: vectorized, llap
            LLAP IO: no inputs
        Map 4 
            Map Operator Tree:
                TableScan
                  alias: part
                  Statistics: Num rows: 26 Data size: 3250 Basic stats: COMPLETE Column stats: COMPLETE
                  Filter Operator
                    predicate: p_name is not null (type: boolean)
                    Statistics: Num rows: 26 Data size: 3250 Basic stats: COMPLETE Column stats: COMPLETE
                    Group By Operator
                      aggregations: max(p_partkey)
                      keys: p_name (type: string)
                      mode: hash
                      outputColumnNames: _col0, _col1
                      Statistics: Num rows: 13 Data size: 1625 Basic stats: COMPLETE Column stats: COMPLETE
                      Reduce Output Operator
                        key expressions: _col0 (type: string)
                        sort order: +
                        Map-reduce partition columns: _col0 (type: string)
                        Statistics: Num rows: 13 Data size: 1625 Basic stats: COMPLETE Column stats: COMPLETE
                        value expressions: _col1 (type: int)
            Execution mode: vectorized, llap
            LLAP IO: no inputs
        Reducer 2 
            Execution mode: llap
            Reduce Operator Tree:
              Merge Join Operator
                condition map:
                     Inner Join 0 to 1
                keys:
                  0 _col0 (type: string)
                  1 _col0 (type: string)
                Statistics: Num rows: 4 Data size: 32 Basic stats: COMPLETE Column stats: COMPLETE
                Group By Operator
                  aggregations: count()
                  mode: hash
                  outputColumnNames: _col0
                  Statistics: Num rows: 1 Data size: 8 Basic stats: COMPLETE Column stats: COMPLETE
                  Reduce Output Operator
                    sort order: 
                    Statistics: Num rows: 1 Data size: 8 Basic stats: COMPLETE Column stats: COMPLETE
                    value expressions: _col0 (type: bigint)
        Reducer 3 
            Execution mode: vectorized, llap
            Reduce Operator Tree:
              Group By Operator
                aggregations: count(VALUE._col0)
                mode: mergepartial
                outputColumnNames: _col0
                Statistics: Num rows: 1 Data size: 8 Basic stats: COMPLETE Column stats: COMPLETE
                File Output Operator
                  compressed: false
                  Statistics: Num rows: 1 Data size: 8 Basic stats: COMPLETE Column stats: COMPLETE
                  table:
                      input format: org.apache.hadoop.mapred.SequenceFileInputFormat
                      output format: org.apache.hadoop.hive.ql.io.HiveSequenceFileOutputFormat
                      serde: org.apache.hadoop.hive.serde2.lazy.LazySimpleSerDe
        Reducer 5 
            Execution mode: vectorized, llap
            Reduce Operator Tree:
              Group By Operator
                aggregations: max(VALUE._col0)
                keys: KEY._col0 (type: string)
                mode: mergepartial
                outputColumnNames: _col0, _col1
                Statistics: Num rows: 13 Data size: 1625 Basic stats: COMPLETE Column stats: COMPLETE
                Filter Operator
                  predicate: (_col1 > 100) (type: boolean)
                  Statistics: Num rows: 4 Data size: 500 Basic stats: COMPLETE Column stats: COMPLETE
                  Select Operator
                    expressions: _col0 (type: string)
                    outputColumnNames: _col0
                    Statistics: Num rows: 4 Data size: 484 Basic stats: COMPLETE Column stats: COMPLETE
                    Reduce Output Operator
                      key expressions: _col0 (type: string)
                      sort order: +
                      Map-reduce partition columns: _col0 (type: string)
                      Statistics: Num rows: 4 Data size: 484 Basic stats: COMPLETE Column stats: COMPLETE

  Stage: Stage-0
    Fetch Operator
      limit: -1
      Processor Tree:
        ListSink

PREHOOK: query: select count(*) as c from part as e where 100 < (select max(p_partkey) from part where p_name = e.p_name)
PREHOOK: type: QUERY
PREHOOK: Input: default@part
#### A masked pattern was here ####
POSTHOOK: query: select count(*) as c from part as e where 100 < (select max(p_partkey) from part where p_name = e.p_name)
POSTHOOK: type: QUERY
POSTHOOK: Input: default@part
#### A masked pattern was here ####
26
PREHOOK: query: explain select * from part where p_size > (select avg(p_size) from part_null_n0 where part_null_n0.p_type = part.p_type)
PREHOOK: type: QUERY
POSTHOOK: query: explain select * from part where p_size > (select avg(p_size) from part_null_n0 where part_null_n0.p_type = part.p_type)
POSTHOOK: type: QUERY
STAGE DEPENDENCIES:
  Stage-1 is a root stage
  Stage-0 depends on stages: Stage-1

STAGE PLANS:
  Stage: Stage-1
    Tez
#### A masked pattern was here ####
      Edges:
        Reducer 2 <- Map 1 (SIMPLE_EDGE), Reducer 4 (ONE_TO_ONE_EDGE)
        Reducer 4 <- Map 3 (SIMPLE_EDGE)
#### A masked pattern was here ####
      Vertices:
        Map 1 
            Map Operator Tree:
                TableScan
                  alias: part
                  Statistics: Num rows: 26 Data size: 16094 Basic stats: COMPLETE Column stats: COMPLETE
                  Filter Operator
                    predicate: p_type is not null (type: boolean)
                    Statistics: Num rows: 26 Data size: 16094 Basic stats: COMPLETE Column stats: COMPLETE
                    Select Operator
                      expressions: p_partkey (type: int), p_name (type: string), p_mfgr (type: string), p_brand (type: string), p_type (type: string), p_size (type: int), p_container (type: string), p_retailprice (type: double), p_comment (type: string)
                      outputColumnNames: _col0, _col1, _col2, _col3, _col4, _col5, _col6, _col7, _col8
                      Statistics: Num rows: 26 Data size: 16094 Basic stats: COMPLETE Column stats: COMPLETE
                      Reduce Output Operator
                        key expressions: _col4 (type: string)
                        sort order: +
                        Map-reduce partition columns: _col4 (type: string)
                        Statistics: Num rows: 26 Data size: 16094 Basic stats: COMPLETE Column stats: COMPLETE
                        value expressions: _col0 (type: int), _col1 (type: string), _col2 (type: string), _col3 (type: string), _col5 (type: int), _col6 (type: string), _col7 (type: double), _col8 (type: string)
            Execution mode: vectorized, llap
            LLAP IO: no inputs
        Map 3 
            Map Operator Tree:
                TableScan
                  alias: part_null_n0
                  Statistics: Num rows: 1 Data size: 188 Basic stats: COMPLETE Column stats: NONE
                  Filter Operator
                    predicate: p_type is not null (type: boolean)
                    Statistics: Num rows: 1 Data size: 188 Basic stats: COMPLETE Column stats: NONE
                    Group By Operator
                      aggregations: sum(p_size), count(p_size)
                      keys: p_type (type: string)
                      mode: hash
                      outputColumnNames: _col0, _col1, _col2
                      Statistics: Num rows: 1 Data size: 188 Basic stats: COMPLETE Column stats: NONE
                      Reduce Output Operator
                        key expressions: _col0 (type: string)
                        sort order: +
                        Map-reduce partition columns: _col0 (type: string)
                        Statistics: Num rows: 1 Data size: 188 Basic stats: COMPLETE Column stats: NONE
                        value expressions: _col1 (type: bigint), _col2 (type: bigint)
            Execution mode: vectorized, llap
            LLAP IO: no inputs
        Reducer 2 
            Execution mode: llap
            Reduce Operator Tree:
              Merge Join Operator
                condition map:
                     Inner Join 0 to 1
                keys:
                  0 _col4 (type: string)
                  1 _col1 (type: string)
                outputColumnNames: _col0, _col1, _col2, _col3, _col4, _col5, _col6, _col7, _col8, _col9
                residual filter predicates: {(UDFToDouble(_col5) > _col9)}
                Statistics: Num rows: 9 Data size: 5690 Basic stats: COMPLETE Column stats: NONE
                Select Operator
                  expressions: _col0 (type: int), _col1 (type: string), _col2 (type: string), _col3 (type: string), _col4 (type: string), _col5 (type: int), _col6 (type: string), _col7 (type: double), _col8 (type: string)
                  outputColumnNames: _col0, _col1, _col2, _col3, _col4, _col5, _col6, _col7, _col8
                  Statistics: Num rows: 9 Data size: 5690 Basic stats: COMPLETE Column stats: NONE
                  File Output Operator
                    compressed: false
                    Statistics: Num rows: 9 Data size: 5690 Basic stats: COMPLETE Column stats: NONE
                    table:
                        input format: org.apache.hadoop.mapred.SequenceFileInputFormat
                        output format: org.apache.hadoop.hive.ql.io.HiveSequenceFileOutputFormat
                        serde: org.apache.hadoop.hive.serde2.lazy.LazySimpleSerDe
        Reducer 4 
            Execution mode: vectorized, llap
            Reduce Operator Tree:
              Group By Operator
                aggregations: sum(VALUE._col0), count(VALUE._col1)
                keys: KEY._col0 (type: string)
                mode: mergepartial
                outputColumnNames: _col0, _col1, _col2
                Statistics: Num rows: 1 Data size: 188 Basic stats: COMPLETE Column stats: NONE
                Select Operator
                  expressions: (_col1 / _col2) (type: double), _col0 (type: string)
                  outputColumnNames: _col0, _col1
                  Statistics: Num rows: 1 Data size: 188 Basic stats: COMPLETE Column stats: NONE
                  Reduce Output Operator
                    key expressions: _col1 (type: string)
                    sort order: +
                    Map-reduce partition columns: _col1 (type: string)
                    Statistics: Num rows: 1 Data size: 188 Basic stats: COMPLETE Column stats: NONE
                    value expressions: _col0 (type: double)

  Stage: Stage-0
    Fetch Operator
      limit: -1
      Processor Tree:
        ListSink

PREHOOK: query: select * from part where p_size > (select avg(p_size) from part_null_n0 where part_null_n0.p_type = part.p_type)
PREHOOK: type: QUERY
PREHOOK: Input: default@part
PREHOOK: Input: default@part_null_n0
#### A masked pattern was here ####
POSTHOOK: query: select * from part where p_size > (select avg(p_size) from part_null_n0 where part_null_n0.p_type = part.p_type)
POSTHOOK: type: QUERY
POSTHOOK: Input: default@part
POSTHOOK: Input: default@part_null_n0
#### A masked pattern was here ####
192697	almond antique blue firebrick mint	Manufacturer#5	Brand#52	MEDIUM BURNISHED TIN	31	LG DRUM	1789.69	ickly ir
Warning: Shuffle Join MERGEJOIN[27][tables = [$hdt$_0, $hdt$_1, $hdt$_2]] in Stage 'Reducer 3' is a cross product
PREHOOK: query: explain select * from part where p_size BETWEEN (select min(p_size) from part_null_n0 where part_null_n0.p_type = part.p_type) AND (select max(p_size) from part_null_n0)
PREHOOK: type: QUERY
POSTHOOK: query: explain select * from part where p_size BETWEEN (select min(p_size) from part_null_n0 where part_null_n0.p_type = part.p_type) AND (select max(p_size) from part_null_n0)
POSTHOOK: type: QUERY
STAGE DEPENDENCIES:
  Stage-1 is a root stage
  Stage-0 depends on stages: Stage-1

STAGE PLANS:
  Stage: Stage-1
    Tez
#### A masked pattern was here ####
      Edges:
        Reducer 2 <- Map 1 (SIMPLE_EDGE), Reducer 5 (ONE_TO_ONE_EDGE)
        Reducer 3 <- Reducer 2 (CUSTOM_SIMPLE_EDGE), Reducer 7 (CUSTOM_SIMPLE_EDGE)
        Reducer 5 <- Map 4 (SIMPLE_EDGE)
        Reducer 7 <- Map 6 (CUSTOM_SIMPLE_EDGE)
#### A masked pattern was here ####
      Vertices:
        Map 1 
            Map Operator Tree:
                TableScan
                  alias: part
                  Statistics: Num rows: 26 Data size: 16094 Basic stats: COMPLETE Column stats: COMPLETE
                  Select Operator
                    expressions: p_partkey (type: int), p_name (type: string), p_mfgr (type: string), p_brand (type: string), p_type (type: string), p_size (type: int), p_container (type: string), p_retailprice (type: double), p_comment (type: string)
                    outputColumnNames: _col0, _col1, _col2, _col3, _col4, _col5, _col6, _col7, _col8
                    Statistics: Num rows: 26 Data size: 16094 Basic stats: COMPLETE Column stats: COMPLETE
                    Reduce Output Operator
                      key expressions: _col4 (type: string)
                      sort order: +
                      Map-reduce partition columns: _col4 (type: string)
                      Statistics: Num rows: 26 Data size: 16094 Basic stats: COMPLETE Column stats: COMPLETE
                      value expressions: _col0 (type: int), _col1 (type: string), _col2 (type: string), _col3 (type: string), _col5 (type: int), _col6 (type: string), _col7 (type: double), _col8 (type: string)
            Execution mode: vectorized, llap
            LLAP IO: no inputs
        Map 4 
            Map Operator Tree:
                TableScan
                  alias: part_null_n0
                  Statistics: Num rows: 1 Data size: 188 Basic stats: COMPLETE Column stats: NONE
                  Filter Operator
                    predicate: p_type is not null (type: boolean)
                    Statistics: Num rows: 1 Data size: 188 Basic stats: COMPLETE Column stats: NONE
                    Group By Operator
                      aggregations: min(p_size)
                      keys: p_type (type: string)
                      mode: hash
                      outputColumnNames: _col0, _col1
                      Statistics: Num rows: 1 Data size: 188 Basic stats: COMPLETE Column stats: NONE
                      Reduce Output Operator
                        key expressions: _col0 (type: string)
                        sort order: +
                        Map-reduce partition columns: _col0 (type: string)
                        Statistics: Num rows: 1 Data size: 188 Basic stats: COMPLETE Column stats: NONE
                        value expressions: _col1 (type: int)
            Execution mode: vectorized, llap
            LLAP IO: no inputs
        Map 6 
            Map Operator Tree:
                TableScan
                  alias: part_null_n0
                  Statistics: Num rows: 1 Data size: 4 Basic stats: COMPLETE Column stats: NONE
                  Select Operator
                    expressions: p_size (type: int)
                    outputColumnNames: p_size
                    Statistics: Num rows: 1 Data size: 4 Basic stats: COMPLETE Column stats: NONE
                    Group By Operator
                      aggregations: max(p_size)
                      mode: hash
                      outputColumnNames: _col0
                      Statistics: Num rows: 1 Data size: 8 Basic stats: COMPLETE Column stats: NONE
                      Reduce Output Operator
                        sort order: 
                        Statistics: Num rows: 1 Data size: 8 Basic stats: COMPLETE Column stats: NONE
                        value expressions: _col0 (type: int)
            Execution mode: vectorized, llap
            LLAP IO: no inputs
        Reducer 2 
            Execution mode: llap
            Reduce Operator Tree:
              Merge Join Operator
                condition map:
                     Left Outer Join 0 to 1
                keys:
                  0 _col4 (type: string)
                  1 _col2 (type: string)
                outputColumnNames: _col0, _col1, _col2, _col3, _col4, _col5, _col6, _col7, _col8, _col9, _col10
                Statistics: Num rows: 28 Data size: 17703 Basic stats: COMPLETE Column stats: NONE
                Reduce Output Operator
                  sort order: 
                  Statistics: Num rows: 28 Data size: 17703 Basic stats: COMPLETE Column stats: NONE
                  value expressions: _col0 (type: int), _col1 (type: string), _col2 (type: string), _col3 (type: string), _col4 (type: string), _col5 (type: int), _col6 (type: string), _col7 (type: double), _col8 (type: string), _col9 (type: int), _col10 (type: boolean)
        Reducer 3 
            Execution mode: llap
            Reduce Operator Tree:
              Merge Join Operator
                condition map:
                     Left Outer Join 0 to 1
                keys:
                  0 
                  1 
                outputColumnNames: _col0, _col1, _col2, _col3, _col4, _col5, _col6, _col7, _col8, _col9, _col10, _col12
                Statistics: Num rows: 28 Data size: 17955 Basic stats: COMPLETE Column stats: NONE
                Filter Operator
                  predicate: _col5 BETWEEN CASE WHEN (_col10 is null) THEN (null) ELSE (_col9) END AND _col12 (type: boolean)
                  Statistics: Num rows: 3 Data size: 1923 Basic stats: COMPLETE Column stats: NONE
                  Select Operator
                    expressions: _col0 (type: int), _col1 (type: string), _col2 (type: string), _col3 (type: string), _col4 (type: string), _col5 (type: int), _col6 (type: string), _col7 (type: double), _col8 (type: string)
                    outputColumnNames: _col0, _col1, _col2, _col3, _col4, _col5, _col6, _col7, _col8
                    Statistics: Num rows: 3 Data size: 1923 Basic stats: COMPLETE Column stats: NONE
                    File Output Operator
                      compressed: false
                      Statistics: Num rows: 3 Data size: 1923 Basic stats: COMPLETE Column stats: NONE
                      table:
                          input format: org.apache.hadoop.mapred.SequenceFileInputFormat
                          output format: org.apache.hadoop.hive.ql.io.HiveSequenceFileOutputFormat
                          serde: org.apache.hadoop.hive.serde2.lazy.LazySimpleSerDe
        Reducer 5 
            Execution mode: vectorized, llap
            Reduce Operator Tree:
              Group By Operator
                aggregations: min(VALUE._col0)
                keys: KEY._col0 (type: string)
                mode: mergepartial
                outputColumnNames: _col0, _col1
                Statistics: Num rows: 1 Data size: 188 Basic stats: COMPLETE Column stats: NONE
                Select Operator
                  expressions: _col1 (type: int), true (type: boolean), _col0 (type: string)
                  outputColumnNames: _col0, _col1, _col2
                  Statistics: Num rows: 1 Data size: 188 Basic stats: COMPLETE Column stats: NONE
                  Reduce Output Operator
                    key expressions: _col2 (type: string)
                    sort order: +
                    Map-reduce partition columns: _col2 (type: string)
                    Statistics: Num rows: 1 Data size: 188 Basic stats: COMPLETE Column stats: NONE
                    value expressions: _col0 (type: int), _col1 (type: boolean)
        Reducer 7 
            Execution mode: vectorized, llap
            Reduce Operator Tree:
              Group By Operator
                aggregations: max(VALUE._col0)
                mode: mergepartial
                outputColumnNames: _col0
                Statistics: Num rows: 1 Data size: 8 Basic stats: COMPLETE Column stats: NONE
                Reduce Output Operator
                  sort order: 
                  Statistics: Num rows: 1 Data size: 8 Basic stats: COMPLETE Column stats: NONE
                  value expressions: _col0 (type: int)

  Stage: Stage-0
    Fetch Operator
      limit: -1
      Processor Tree:
        ListSink

Warning: Shuffle Join MERGEJOIN[27][tables = [$hdt$_0, $hdt$_1, $hdt$_2]] in Stage 'Reducer 3' is a cross product
PREHOOK: query: select * from part where p_size BETWEEN (select min(p_size) from part_null_n0 where part_null_n0.p_type = part.p_type) AND (select max(p_size) from part_null_n0)
PREHOOK: type: QUERY
PREHOOK: Input: default@part
PREHOOK: Input: default@part_null_n0
#### A masked pattern was here ####
POSTHOOK: query: select * from part where p_size BETWEEN (select min(p_size) from part_null_n0 where part_null_n0.p_type = part.p_type) AND (select max(p_size) from part_null_n0)
POSTHOOK: type: QUERY
POSTHOOK: Input: default@part
POSTHOOK: Input: default@part_null_n0
#### A masked pattern was here ####
105685	almond antique violet chocolate turquoise	Manufacturer#2	Brand#22	MEDIUM ANODIZED COPPER	14	MED CAN	1690.68	ly pending requ
110592	almond antique salmon chartreuse burlywood	Manufacturer#1	Brand#15	PROMO BURNISHED NICKEL	6	JUMBO PKG	1602.59	 to the furiously
112398	almond antique metallic orange dim	Manufacturer#3	Brand#32	MEDIUM BURNISHED BRASS	19	JUMBO JAR	1410.39	ole car
121152	almond antique burnished rose metallic	Manufacturer#1	Brand#14	PROMO PLATED TIN	2	JUMBO BOX	1173.15	e pinto beans h
121152	almond antique burnished rose metallic	Manufacturer#1	Brand#14	PROMO PLATED TIN	2	JUMBO BOX	1173.15	e pinto beans h
132666	almond aquamarine rose maroon antique	Manufacturer#2	Brand#24	SMALL POLISHED NICKEL	25	MED BOX	1698.66	even 
144293	almond antique olive coral navajo	Manufacturer#3	Brand#34	STANDARD POLISHED STEEL	45	JUMBO CAN	1337.29	ag furiously about 
146985	almond aquamarine midnight light salmon	Manufacturer#2	Brand#23	MEDIUM BURNISHED COPPER	2	SM CASE	2031.98	s cajole caref
15103	almond aquamarine dodger light gainsboro	Manufacturer#5	Brand#53	ECONOMY BURNISHED STEEL	46	LG PACK	1018.1	packages hinder carefu
155733	almond antique sky peru orange	Manufacturer#5	Brand#53	SMALL PLATED BRASS	2	WRAP DRUM	1788.73	furiously. bra
17273	almond antique forest lavender goldenrod	Manufacturer#3	Brand#35	PROMO ANODIZED TIN	14	JUMBO CASE	1190.27	along the
17927	almond aquamarine yellow dodger mint	Manufacturer#4	Brand#41	ECONOMY BRUSHED COPPER	7	SM PKG	1844.92	ites. eve
191709	almond antique violet turquoise frosted	Manufacturer#2	Brand#22	ECONOMY POLISHED STEEL	40	MED BOX	1800.7	 haggle
192697	almond antique blue firebrick mint	Manufacturer#5	Brand#52	MEDIUM BURNISHED TIN	31	LG DRUM	1789.69	ickly ir
195606	almond aquamarine sandy cyan gainsboro	Manufacturer#2	Brand#25	STANDARD PLATED TIN	18	SM PKG	1701.6	ic de
33357	almond azure aquamarine papaya violet	Manufacturer#4	Brand#41	STANDARD ANODIZED TIN	12	WRAP CASE	1290.35	reful
40982	almond antique misty red olive	Manufacturer#3	Brand#32	ECONOMY PLATED COPPER	1	LG PKG	1922.98	c foxes can s
42669	almond antique medium spring khaki	Manufacturer#5	Brand#51	STANDARD BURNISHED TIN	6	MED CAN	1611.66	sits haggl
45261	almond aquamarine floral ivory bisque	Manufacturer#4	Brand#42	SMALL PLATED STEEL	27	WRAP CASE	1206.26	careful
48427	almond antique violet mint lemon	Manufacturer#4	Brand#42	PROMO POLISHED STEEL	39	SM CASE	1375.42	hely ironic i
49671	almond antique gainsboro frosted violet	Manufacturer#4	Brand#41	SMALL BRUSHED BRASS	10	SM BOX	1620.67	ccounts run quick
65667	almond aquamarine pink moccasin thistle	Manufacturer#1	Brand#12	LARGE BURNISHED STEEL	42	JUMBO CASE	1632.66	e across the expr
78486	almond azure blanched chiffon midnight	Manufacturer#5	Brand#52	LARGE BRUSHED BRASS	23	MED BAG	1464.48	hely blith
85768	almond antique chartreuse lavender yellow	Manufacturer#1	Brand#12	LARGE BRUSHED STEEL	34	SM BAG	1753.76	refull
86428	almond aquamarine burnished black steel	Manufacturer#1	Brand#12	STANDARD ANODIZED STEEL	28	WRAP BAG	1414.42	arefully 
90681	almond antique chartreuse khaki white	Manufacturer#3	Brand#31	MEDIUM BURNISHED TIN	17	SM CASE	1671.68	are slyly after the sl
Warning: Shuffle Join MERGEJOIN[30][tables = [$hdt$_0, $hdt$_1]] in Stage 'Reducer 3' is a cross product
PREHOOK: query: explain select * from part where p_size >= (select min(p_size) from part_null_n0 where part_null_n0.p_type = part.p_type) AND p_retailprice <= (select max(p_retailprice) from part_null_n0)
PREHOOK: type: QUERY
POSTHOOK: query: explain select * from part where p_size >= (select min(p_size) from part_null_n0 where part_null_n0.p_type = part.p_type) AND p_retailprice <= (select max(p_retailprice) from part_null_n0)
POSTHOOK: type: QUERY
STAGE DEPENDENCIES:
  Stage-1 is a root stage
  Stage-0 depends on stages: Stage-1

STAGE PLANS:
  Stage: Stage-1
    Tez
#### A masked pattern was here ####
      Edges:
        Reducer 2 <- Map 1 (SIMPLE_EDGE), Reducer 5 (ONE_TO_ONE_EDGE)
        Reducer 3 <- Reducer 2 (XPROD_EDGE), Reducer 7 (XPROD_EDGE)
        Reducer 5 <- Map 4 (SIMPLE_EDGE)
        Reducer 7 <- Map 6 (CUSTOM_SIMPLE_EDGE)
#### A masked pattern was here ####
      Vertices:
        Map 1 
            Map Operator Tree:
                TableScan
                  alias: part
                  Statistics: Num rows: 26 Data size: 16094 Basic stats: COMPLETE Column stats: COMPLETE
                  Filter Operator
                    predicate: p_type is not null (type: boolean)
                    Statistics: Num rows: 26 Data size: 16094 Basic stats: COMPLETE Column stats: COMPLETE
                    Select Operator
                      expressions: p_partkey (type: int), p_name (type: string), p_mfgr (type: string), p_brand (type: string), p_type (type: string), p_size (type: int), p_container (type: string), p_retailprice (type: double), p_comment (type: string)
                      outputColumnNames: _col0, _col1, _col2, _col3, _col4, _col5, _col6, _col7, _col8
                      Statistics: Num rows: 26 Data size: 16094 Basic stats: COMPLETE Column stats: COMPLETE
                      Reduce Output Operator
                        key expressions: _col4 (type: string)
                        sort order: +
                        Map-reduce partition columns: _col4 (type: string)
                        Statistics: Num rows: 26 Data size: 16094 Basic stats: COMPLETE Column stats: COMPLETE
                        value expressions: _col0 (type: int), _col1 (type: string), _col2 (type: string), _col3 (type: string), _col5 (type: int), _col6 (type: string), _col7 (type: double), _col8 (type: string)
            Execution mode: vectorized, llap
            LLAP IO: no inputs
        Map 4 
            Map Operator Tree:
                TableScan
                  alias: part_null_n0
                  Statistics: Num rows: 1 Data size: 188 Basic stats: COMPLETE Column stats: NONE
                  Filter Operator
                    predicate: p_type is not null (type: boolean)
                    Statistics: Num rows: 1 Data size: 188 Basic stats: COMPLETE Column stats: NONE
                    Group By Operator
                      aggregations: min(p_size)
                      keys: p_type (type: string)
                      mode: hash
                      outputColumnNames: _col0, _col1
                      Statistics: Num rows: 1 Data size: 188 Basic stats: COMPLETE Column stats: NONE
                      Reduce Output Operator
                        key expressions: _col0 (type: string)
                        sort order: +
                        Map-reduce partition columns: _col0 (type: string)
                        Statistics: Num rows: 1 Data size: 188 Basic stats: COMPLETE Column stats: NONE
                        value expressions: _col1 (type: int)
            Execution mode: vectorized, llap
            LLAP IO: no inputs
        Map 6 
            Map Operator Tree:
                TableScan
                  alias: part_null_n0
                  Statistics: Num rows: 1 Data size: 8 Basic stats: COMPLETE Column stats: NONE
                  Select Operator
                    expressions: p_retailprice (type: double)
                    outputColumnNames: p_retailprice
                    Statistics: Num rows: 1 Data size: 8 Basic stats: COMPLETE Column stats: NONE
                    Group By Operator
                      aggregations: max(p_retailprice)
                      mode: hash
                      outputColumnNames: _col0
                      Statistics: Num rows: 1 Data size: 16 Basic stats: COMPLETE Column stats: NONE
                      Reduce Output Operator
                        sort order: 
                        Statistics: Num rows: 1 Data size: 16 Basic stats: COMPLETE Column stats: NONE
                        value expressions: _col0 (type: double)
            Execution mode: vectorized, llap
            LLAP IO: no inputs
        Reducer 2 
            Execution mode: llap
            Reduce Operator Tree:
              Merge Join Operator
                condition map:
                     Inner Join 0 to 1
                keys:
                  0 _col4 (type: string)
                  1 _col1 (type: string)
                outputColumnNames: _col0, _col1, _col2, _col3, _col4, _col5, _col6, _col7, _col8, _col9
                residual filter predicates: {(_col5 >= _col9)}
                Statistics: Num rows: 9 Data size: 5690 Basic stats: COMPLETE Column stats: NONE
                Select Operator
                  expressions: _col0 (type: int), _col1 (type: string), _col2 (type: string), _col3 (type: string), _col4 (type: string), _col5 (type: int), _col6 (type: string), _col7 (type: double), _col8 (type: string)
                  outputColumnNames: _col0, _col1, _col2, _col3, _col4, _col5, _col6, _col7, _col8
                  Statistics: Num rows: 9 Data size: 5690 Basic stats: COMPLETE Column stats: NONE
                  Reduce Output Operator
                    sort order: 
                    Statistics: Num rows: 9 Data size: 5690 Basic stats: COMPLETE Column stats: NONE
                    value expressions: _col0 (type: int), _col1 (type: string), _col2 (type: string), _col3 (type: string), _col4 (type: string), _col5 (type: int), _col6 (type: string), _col7 (type: double), _col8 (type: string)
        Reducer 3 
            Execution mode: llap
            Reduce Operator Tree:
              Merge Join Operator
                condition map:
                     Inner Join 0 to 1
                keys:
                  0 
                  1 
                outputColumnNames: _col0, _col1, _col2, _col3, _col4, _col5, _col6, _col7, _col8, _col9
                residual filter predicates: {(_col7 <= _col9)}
                Statistics: Num rows: 3 Data size: 1947 Basic stats: COMPLETE Column stats: NONE
                Select Operator
                  expressions: _col0 (type: int), _col1 (type: string), _col2 (type: string), _col3 (type: string), _col4 (type: string), _col5 (type: int), _col6 (type: string), _col7 (type: double), _col8 (type: string)
                  outputColumnNames: _col0, _col1, _col2, _col3, _col4, _col5, _col6, _col7, _col8
                  Statistics: Num rows: 3 Data size: 1947 Basic stats: COMPLETE Column stats: NONE
                  File Output Operator
                    compressed: false
                    Statistics: Num rows: 3 Data size: 1947 Basic stats: COMPLETE Column stats: NONE
                    table:
                        input format: org.apache.hadoop.mapred.SequenceFileInputFormat
                        output format: org.apache.hadoop.hive.ql.io.HiveSequenceFileOutputFormat
                        serde: org.apache.hadoop.hive.serde2.lazy.LazySimpleSerDe
        Reducer 5 
            Execution mode: vectorized, llap
            Reduce Operator Tree:
              Group By Operator
                aggregations: min(VALUE._col0)
                keys: KEY._col0 (type: string)
                mode: mergepartial
                outputColumnNames: _col0, _col1
                Statistics: Num rows: 1 Data size: 188 Basic stats: COMPLETE Column stats: NONE
                Select Operator
                  expressions: _col1 (type: int), _col0 (type: string)
                  outputColumnNames: _col0, _col1
                  Statistics: Num rows: 1 Data size: 188 Basic stats: COMPLETE Column stats: NONE
                  Reduce Output Operator
                    key expressions: _col1 (type: string)
                    sort order: +
                    Map-reduce partition columns: _col1 (type: string)
                    Statistics: Num rows: 1 Data size: 188 Basic stats: COMPLETE Column stats: NONE
                    value expressions: _col0 (type: int)
        Reducer 7 
            Execution mode: vectorized, llap
            Reduce Operator Tree:
              Group By Operator
                aggregations: max(VALUE._col0)
                mode: mergepartial
                outputColumnNames: _col0
                Statistics: Num rows: 1 Data size: 16 Basic stats: COMPLETE Column stats: NONE
                Reduce Output Operator
                  sort order: 
                  Statistics: Num rows: 1 Data size: 16 Basic stats: COMPLETE Column stats: NONE
                  value expressions: _col0 (type: double)

  Stage: Stage-0
    Fetch Operator
      limit: -1
      Processor Tree:
        ListSink

Warning: Shuffle Join MERGEJOIN[30][tables = [$hdt$_0, $hdt$_1]] in Stage 'Reducer 3' is a cross product
PREHOOK: query: select * from part where p_size >= (select min(p_size) from part_null_n0 where part_null_n0.p_type = part.p_type) AND p_retailprice <= (select max(p_retailprice) from part_null_n0)
PREHOOK: type: QUERY
PREHOOK: Input: default@part
PREHOOK: Input: default@part_null_n0
#### A masked pattern was here ####
POSTHOOK: query: select * from part where p_size >= (select min(p_size) from part_null_n0 where part_null_n0.p_type = part.p_type) AND p_retailprice <= (select max(p_retailprice) from part_null_n0)
POSTHOOK: type: QUERY
POSTHOOK: Input: default@part
POSTHOOK: Input: default@part_null_n0
#### A masked pattern was here ####
105685	almond antique violet chocolate turquoise	Manufacturer#2	Brand#22	MEDIUM ANODIZED COPPER	14	MED CAN	1690.68	ly pending requ
110592	almond antique salmon chartreuse burlywood	Manufacturer#1	Brand#15	PROMO BURNISHED NICKEL	6	JUMBO PKG	1602.59	 to the furiously
112398	almond antique metallic orange dim	Manufacturer#3	Brand#32	MEDIUM BURNISHED BRASS	19	JUMBO JAR	1410.39	ole car
121152	almond antique burnished rose metallic	Manufacturer#1	Brand#14	PROMO PLATED TIN	2	JUMBO BOX	1173.15	e pinto beans h
121152	almond antique burnished rose metallic	Manufacturer#1	Brand#14	PROMO PLATED TIN	2	JUMBO BOX	1173.15	e pinto beans h
132666	almond aquamarine rose maroon antique	Manufacturer#2	Brand#24	SMALL POLISHED NICKEL	25	MED BOX	1698.66	even 
144293	almond antique olive coral navajo	Manufacturer#3	Brand#34	STANDARD POLISHED STEEL	45	JUMBO CAN	1337.29	ag furiously about 
146985	almond aquamarine midnight light salmon	Manufacturer#2	Brand#23	MEDIUM BURNISHED COPPER	2	SM CASE	2031.98	s cajole caref
15103	almond aquamarine dodger light gainsboro	Manufacturer#5	Brand#53	ECONOMY BURNISHED STEEL	46	LG PACK	1018.1	packages hinder carefu
155733	almond antique sky peru orange	Manufacturer#5	Brand#53	SMALL PLATED BRASS	2	WRAP DRUM	1788.73	furiously. bra
17273	almond antique forest lavender goldenrod	Manufacturer#3	Brand#35	PROMO ANODIZED TIN	14	JUMBO CASE	1190.27	along the
17927	almond aquamarine yellow dodger mint	Manufacturer#4	Brand#41	ECONOMY BRUSHED COPPER	7	SM PKG	1844.92	ites. eve
191709	almond antique violet turquoise frosted	Manufacturer#2	Brand#22	ECONOMY POLISHED STEEL	40	MED BOX	1800.7	 haggle
192697	almond antique blue firebrick mint	Manufacturer#5	Brand#52	MEDIUM BURNISHED TIN	31	LG DRUM	1789.69	ickly ir
195606	almond aquamarine sandy cyan gainsboro	Manufacturer#2	Brand#25	STANDARD PLATED TIN	18	SM PKG	1701.6	ic de
33357	almond azure aquamarine papaya violet	Manufacturer#4	Brand#41	STANDARD ANODIZED TIN	12	WRAP CASE	1290.35	reful
40982	almond antique misty red olive	Manufacturer#3	Brand#32	ECONOMY PLATED COPPER	1	LG PKG	1922.98	c foxes can s
42669	almond antique medium spring khaki	Manufacturer#5	Brand#51	STANDARD BURNISHED TIN	6	MED CAN	1611.66	sits haggl
45261	almond aquamarine floral ivory bisque	Manufacturer#4	Brand#42	SMALL PLATED STEEL	27	WRAP CASE	1206.26	careful
48427	almond antique violet mint lemon	Manufacturer#4	Brand#42	PROMO POLISHED STEEL	39	SM CASE	1375.42	hely ironic i
49671	almond antique gainsboro frosted violet	Manufacturer#4	Brand#41	SMALL BRUSHED BRASS	10	SM BOX	1620.67	ccounts run quick
65667	almond aquamarine pink moccasin thistle	Manufacturer#1	Brand#12	LARGE BURNISHED STEEL	42	JUMBO CASE	1632.66	e across the expr
78486	almond azure blanched chiffon midnight	Manufacturer#5	Brand#52	LARGE BRUSHED BRASS	23	MED BAG	1464.48	hely blith
85768	almond antique chartreuse lavender yellow	Manufacturer#1	Brand#12	LARGE BRUSHED STEEL	34	SM BAG	1753.76	refull
86428	almond aquamarine burnished black steel	Manufacturer#1	Brand#12	STANDARD ANODIZED STEEL	28	WRAP BAG	1414.42	arefully 
90681	almond antique chartreuse khaki white	Manufacturer#3	Brand#31	MEDIUM BURNISHED TIN	17	SM CASE	1671.68	are slyly after the sl
Warning: Shuffle Join MERGEJOIN[27][tables = [$hdt$_0, $hdt$_1]] in Stage 'Reducer 2' is a cross product
PREHOOK: query: explain select * from part where p_brand <> (select min(p_brand) from part ) AND p_size IN (select (p_size) from part p where p.p_type = part.p_type ) AND p_size <> 340
PREHOOK: type: QUERY
POSTHOOK: query: explain select * from part where p_brand <> (select min(p_brand) from part ) AND p_size IN (select (p_size) from part p where p.p_type = part.p_type ) AND p_size <> 340
POSTHOOK: type: QUERY
STAGE DEPENDENCIES:
  Stage-1 is a root stage
  Stage-0 depends on stages: Stage-1

STAGE PLANS:
  Stage: Stage-1
    Tez
#### A masked pattern was here ####
      Edges:
        Reducer 2 <- Map 1 (XPROD_EDGE), Reducer 5 (XPROD_EDGE)
        Reducer 3 <- Map 6 (SIMPLE_EDGE), Reducer 2 (SIMPLE_EDGE)
        Reducer 5 <- Map 4 (CUSTOM_SIMPLE_EDGE)
#### A masked pattern was here ####
      Vertices:
        Map 1 
            Map Operator Tree:
                TableScan
                  alias: part
                  Statistics: Num rows: 26 Data size: 16094 Basic stats: COMPLETE Column stats: COMPLETE
                  Filter Operator
                    predicate: ((p_size <> 340) and p_type is not null) (type: boolean)
                    Statistics: Num rows: 26 Data size: 16094 Basic stats: COMPLETE Column stats: COMPLETE
                    Select Operator
                      expressions: p_partkey (type: int), p_name (type: string), p_mfgr (type: string), p_brand (type: string), p_type (type: string), p_size (type: int), p_container (type: string), p_retailprice (type: double), p_comment (type: string)
                      outputColumnNames: _col0, _col1, _col2, _col3, _col4, _col5, _col6, _col7, _col8
                      Statistics: Num rows: 26 Data size: 16094 Basic stats: COMPLETE Column stats: COMPLETE
                      Reduce Output Operator
                        sort order: 
                        Statistics: Num rows: 26 Data size: 16094 Basic stats: COMPLETE Column stats: COMPLETE
                        value expressions: _col0 (type: int), _col1 (type: string), _col2 (type: string), _col3 (type: string), _col4 (type: string), _col5 (type: int), _col6 (type: string), _col7 (type: double), _col8 (type: string)
            Execution mode: vectorized, llap
            LLAP IO: no inputs
        Map 4 
            Map Operator Tree:
                TableScan
                  alias: part
                  Statistics: Num rows: 26 Data size: 2392 Basic stats: COMPLETE Column stats: COMPLETE
                  Select Operator
                    expressions: p_brand (type: string)
                    outputColumnNames: p_brand
                    Statistics: Num rows: 26 Data size: 2392 Basic stats: COMPLETE Column stats: COMPLETE
                    Group By Operator
                      aggregations: min(p_brand)
                      mode: hash
                      outputColumnNames: _col0
                      Statistics: Num rows: 1 Data size: 184 Basic stats: COMPLETE Column stats: COMPLETE
                      Reduce Output Operator
                        sort order: 
                        Statistics: Num rows: 1 Data size: 184 Basic stats: COMPLETE Column stats: COMPLETE
                        value expressions: _col0 (type: string)
            Execution mode: vectorized, llap
            LLAP IO: no inputs
        Map 6 
            Map Operator Tree:
                TableScan
                  alias: p
                  Statistics: Num rows: 26 Data size: 2808 Basic stats: COMPLETE Column stats: COMPLETE
                  Filter Operator
                    predicate: ((p_size <> 340) and p_type is not null) (type: boolean)
                    Statistics: Num rows: 26 Data size: 2808 Basic stats: COMPLETE Column stats: COMPLETE
                    Select Operator
                      expressions: p_type (type: string), p_size (type: int)
                      outputColumnNames: _col0, _col1
                      Statistics: Num rows: 26 Data size: 2808 Basic stats: COMPLETE Column stats: COMPLETE
                      Group By Operator
                        keys: _col0 (type: string), _col1 (type: int)
                        mode: hash
                        outputColumnNames: _col0, _col1
                        Statistics: Num rows: 13 Data size: 1404 Basic stats: COMPLETE Column stats: COMPLETE
                        Reduce Output Operator
                          key expressions: _col0 (type: string), _col1 (type: int)
                          sort order: ++
                          Map-reduce partition columns: _col0 (type: string), _col1 (type: int)
                          Statistics: Num rows: 13 Data size: 1404 Basic stats: COMPLETE Column stats: COMPLETE
            Execution mode: vectorized, llap
            LLAP IO: no inputs
        Reducer 2 
            Execution mode: llap
            Reduce Operator Tree:
              Merge Join Operator
                condition map:
                     Inner Join 0 to 1
                keys:
                  0 
                  1 
                outputColumnNames: _col0, _col1, _col2, _col3, _col4, _col5, _col6, _col7, _col8, _col9
                residual filter predicates: {(_col3 <> _col9)}
                Statistics: Num rows: 26 Data size: 20878 Basic stats: COMPLETE Column stats: COMPLETE
                Reduce Output Operator
                  key expressions: _col4 (type: string), _col5 (type: int)
                  sort order: ++
                  Map-reduce partition columns: _col4 (type: string), _col5 (type: int)
                  Statistics: Num rows: 26 Data size: 20878 Basic stats: COMPLETE Column stats: COMPLETE
                  value expressions: _col0 (type: int), _col1 (type: string), _col2 (type: string), _col3 (type: string), _col6 (type: string), _col7 (type: double), _col8 (type: string)
        Reducer 3 
            Execution mode: llap
            Reduce Operator Tree:
              Merge Join Operator
                condition map:
                     Left Semi Join 0 to 1
                keys:
                  0 _col4 (type: string), _col5 (type: int)
                  1 _col0 (type: string), _col1 (type: int)
                outputColumnNames: _col0, _col1, _col2, _col3, _col4, _col5, _col6, _col7, _col8
                Statistics: Num rows: 14 Data size: 8666 Basic stats: COMPLETE Column stats: COMPLETE
                File Output Operator
                  compressed: false
                  Statistics: Num rows: 14 Data size: 8666 Basic stats: COMPLETE Column stats: COMPLETE
                  table:
                      input format: org.apache.hadoop.mapred.SequenceFileInputFormat
                      output format: org.apache.hadoop.hive.ql.io.HiveSequenceFileOutputFormat
                      serde: org.apache.hadoop.hive.serde2.lazy.LazySimpleSerDe
        Reducer 5 
            Execution mode: vectorized, llap
            Reduce Operator Tree:
              Group By Operator
                aggregations: min(VALUE._col0)
                mode: mergepartial
                outputColumnNames: _col0
                Statistics: Num rows: 1 Data size: 184 Basic stats: COMPLETE Column stats: COMPLETE
                Reduce Output Operator
                  sort order: 
                  Statistics: Num rows: 1 Data size: 184 Basic stats: COMPLETE Column stats: COMPLETE
                  value expressions: _col0 (type: string)

  Stage: Stage-0
    Fetch Operator
      limit: -1
      Processor Tree:
        ListSink

Warning: Shuffle Join MERGEJOIN[27][tables = [$hdt$_0, $hdt$_1]] in Stage 'Reducer 2' is a cross product
PREHOOK: query: select * from part where p_brand <> (select min(p_brand) from part ) AND p_size IN (select (p_size) from part p where p.p_type = part.p_type ) AND p_size <> 340
PREHOOK: type: QUERY
PREHOOK: Input: default@part
#### A masked pattern was here ####
POSTHOOK: query: select * from part where p_brand <> (select min(p_brand) from part ) AND p_size IN (select (p_size) from part p where p.p_type = part.p_type ) AND p_size <> 340
POSTHOOK: type: QUERY
POSTHOOK: Input: default@part
#### A masked pattern was here ####
105685	almond antique violet chocolate turquoise	Manufacturer#2	Brand#22	MEDIUM ANODIZED COPPER	14	MED CAN	1690.68	ly pending requ
110592	almond antique salmon chartreuse burlywood	Manufacturer#1	Brand#15	PROMO BURNISHED NICKEL	6	JUMBO PKG	1602.59	 to the furiously
112398	almond antique metallic orange dim	Manufacturer#3	Brand#32	MEDIUM BURNISHED BRASS	19	JUMBO JAR	1410.39	ole car
121152	almond antique burnished rose metallic	Manufacturer#1	Brand#14	PROMO PLATED TIN	2	JUMBO BOX	1173.15	e pinto beans h
121152	almond antique burnished rose metallic	Manufacturer#1	Brand#14	PROMO PLATED TIN	2	JUMBO BOX	1173.15	e pinto beans h
132666	almond aquamarine rose maroon antique	Manufacturer#2	Brand#24	SMALL POLISHED NICKEL	25	MED BOX	1698.66	even 
144293	almond antique olive coral navajo	Manufacturer#3	Brand#34	STANDARD POLISHED STEEL	45	JUMBO CAN	1337.29	ag furiously about 
146985	almond aquamarine midnight light salmon	Manufacturer#2	Brand#23	MEDIUM BURNISHED COPPER	2	SM CASE	2031.98	s cajole caref
15103	almond aquamarine dodger light gainsboro	Manufacturer#5	Brand#53	ECONOMY BURNISHED STEEL	46	LG PACK	1018.1	packages hinder carefu
155733	almond antique sky peru orange	Manufacturer#5	Brand#53	SMALL PLATED BRASS	2	WRAP DRUM	1788.73	furiously. bra
17273	almond antique forest lavender goldenrod	Manufacturer#3	Brand#35	PROMO ANODIZED TIN	14	JUMBO CASE	1190.27	along the
17927	almond aquamarine yellow dodger mint	Manufacturer#4	Brand#41	ECONOMY BRUSHED COPPER	7	SM PKG	1844.92	ites. eve
191709	almond antique violet turquoise frosted	Manufacturer#2	Brand#22	ECONOMY POLISHED STEEL	40	MED BOX	1800.7	 haggle
192697	almond antique blue firebrick mint	Manufacturer#5	Brand#52	MEDIUM BURNISHED TIN	31	LG DRUM	1789.69	ickly ir
195606	almond aquamarine sandy cyan gainsboro	Manufacturer#2	Brand#25	STANDARD PLATED TIN	18	SM PKG	1701.6	ic de
33357	almond azure aquamarine papaya violet	Manufacturer#4	Brand#41	STANDARD ANODIZED TIN	12	WRAP CASE	1290.35	reful
40982	almond antique misty red olive	Manufacturer#3	Brand#32	ECONOMY PLATED COPPER	1	LG PKG	1922.98	c foxes can s
42669	almond antique medium spring khaki	Manufacturer#5	Brand#51	STANDARD BURNISHED TIN	6	MED CAN	1611.66	sits haggl
45261	almond aquamarine floral ivory bisque	Manufacturer#4	Brand#42	SMALL PLATED STEEL	27	WRAP CASE	1206.26	careful
48427	almond antique violet mint lemon	Manufacturer#4	Brand#42	PROMO POLISHED STEEL	39	SM CASE	1375.42	hely ironic i
49671	almond antique gainsboro frosted violet	Manufacturer#4	Brand#41	SMALL BRUSHED BRASS	10	SM BOX	1620.67	ccounts run quick
78486	almond azure blanched chiffon midnight	Manufacturer#5	Brand#52	LARGE BRUSHED BRASS	23	MED BAG	1464.48	hely blith
90681	almond antique chartreuse khaki white	Manufacturer#3	Brand#31	MEDIUM BURNISHED TIN	17	SM CASE	1671.68	are slyly after the sl
PREHOOK: query: explain select * from part where p_size <> (select count(p_name) from part p where p.p_size = part.p_size AND part.p_partkey= p.p_partkey )
PREHOOK: type: QUERY
POSTHOOK: query: explain select * from part where p_size <> (select count(p_name) from part p where p.p_size = part.p_size AND part.p_partkey= p.p_partkey )
POSTHOOK: type: QUERY
STAGE DEPENDENCIES:
  Stage-1 is a root stage
  Stage-0 depends on stages: Stage-1

STAGE PLANS:
  Stage: Stage-1
    Tez
#### A masked pattern was here ####
      Edges:
        Reducer 2 <- Map 1 (SIMPLE_EDGE), Reducer 4 (ONE_TO_ONE_EDGE)
        Reducer 4 <- Map 3 (SIMPLE_EDGE)
#### A masked pattern was here ####
      Vertices:
        Map 1 
            Map Operator Tree:
                TableScan
                  alias: part
                  Statistics: Num rows: 26 Data size: 16094 Basic stats: COMPLETE Column stats: COMPLETE
                  Select Operator
                    expressions: p_partkey (type: int), p_name (type: string), p_mfgr (type: string), p_brand (type: string), p_type (type: string), p_size (type: int), p_container (type: string), p_retailprice (type: double), p_comment (type: string)
                    outputColumnNames: _col0, _col1, _col2, _col3, _col4, _col5, _col6, _col7, _col8
                    Statistics: Num rows: 26 Data size: 16094 Basic stats: COMPLETE Column stats: COMPLETE
                    Reduce Output Operator
                      key expressions: _col0 (type: int), _col5 (type: int)
                      sort order: ++
                      Map-reduce partition columns: _col0 (type: int), _col5 (type: int)
                      Statistics: Num rows: 26 Data size: 16094 Basic stats: COMPLETE Column stats: COMPLETE
                      value expressions: _col1 (type: string), _col2 (type: string), _col3 (type: string), _col4 (type: string), _col6 (type: string), _col7 (type: double), _col8 (type: string)
            Execution mode: vectorized, llap
            LLAP IO: no inputs
        Map 3 
            Map Operator Tree:
                TableScan
                  alias: p
                  Statistics: Num rows: 26 Data size: 3354 Basic stats: COMPLETE Column stats: COMPLETE
                  Filter Operator
                    predicate: (p_partkey is not null and p_size is not null) (type: boolean)
                    Statistics: Num rows: 26 Data size: 3354 Basic stats: COMPLETE Column stats: COMPLETE
                    Group By Operator
                      aggregations: count(p_name)
                      keys: p_partkey (type: int), p_size (type: int)
                      mode: hash
                      outputColumnNames: _col0, _col1, _col2
                      Statistics: Num rows: 13 Data size: 208 Basic stats: COMPLETE Column stats: COMPLETE
                      Reduce Output Operator
                        key expressions: _col0 (type: int), _col1 (type: int)
                        sort order: ++
                        Map-reduce partition columns: _col0 (type: int), _col1 (type: int)
                        Statistics: Num rows: 13 Data size: 208 Basic stats: COMPLETE Column stats: COMPLETE
                        value expressions: _col2 (type: bigint)
            Execution mode: vectorized, llap
            LLAP IO: no inputs
        Reducer 2 
            Execution mode: llap
            Reduce Operator Tree:
              Merge Join Operator
                condition map:
                     Left Outer Join 0 to 1
                keys:
                  0 _col0 (type: int), _col5 (type: int)
                  1 _col2 (type: int), _col3 (type: int)
                outputColumnNames: _col0, _col1, _col2, _col3, _col4, _col5, _col6, _col7, _col8, _col9, _col10
                Statistics: Num rows: 26 Data size: 16262 Basic stats: COMPLETE Column stats: COMPLETE
                Filter Operator
                  predicate: (UDFToLong(_col5) <> CASE WHEN (_col10 is null) THEN (0) ELSE (_col9) END) (type: boolean)
                  Statistics: Num rows: 26 Data size: 16262 Basic stats: COMPLETE Column stats: COMPLETE
                  Select Operator
                    expressions: _col0 (type: int), _col1 (type: string), _col2 (type: string), _col3 (type: string), _col4 (type: string), _col5 (type: int), _col6 (type: string), _col7 (type: double), _col8 (type: string)
                    outputColumnNames: _col0, _col1, _col2, _col3, _col4, _col5, _col6, _col7, _col8
                    Statistics: Num rows: 26 Data size: 16094 Basic stats: COMPLETE Column stats: COMPLETE
                    File Output Operator
                      compressed: false
                      Statistics: Num rows: 26 Data size: 16094 Basic stats: COMPLETE Column stats: COMPLETE
                      table:
                          input format: org.apache.hadoop.mapred.SequenceFileInputFormat
                          output format: org.apache.hadoop.hive.ql.io.HiveSequenceFileOutputFormat
                          serde: org.apache.hadoop.hive.serde2.lazy.LazySimpleSerDe
        Reducer 4 
            Execution mode: vectorized, llap
            Reduce Operator Tree:
              Group By Operator
                aggregations: count(VALUE._col0)
                keys: KEY._col0 (type: int), KEY._col1 (type: int)
                mode: mergepartial
                outputColumnNames: _col0, _col1, _col2
                Statistics: Num rows: 13 Data size: 208 Basic stats: COMPLETE Column stats: COMPLETE
                Select Operator
                  expressions: _col2 (type: bigint), true (type: boolean), _col0 (type: int), _col1 (type: int)
                  outputColumnNames: _col0, _col1, _col2, _col3
                  Statistics: Num rows: 13 Data size: 260 Basic stats: COMPLETE Column stats: COMPLETE
                  Reduce Output Operator
                    key expressions: _col2 (type: int), _col3 (type: int)
                    sort order: ++
                    Map-reduce partition columns: _col2 (type: int), _col3 (type: int)
                    Statistics: Num rows: 13 Data size: 260 Basic stats: COMPLETE Column stats: COMPLETE
                    value expressions: _col0 (type: bigint), _col1 (type: boolean)

  Stage: Stage-0
    Fetch Operator
      limit: -1
      Processor Tree:
        ListSink

PREHOOK: query: select * from part where p_size <> (select count(p_name) from part p where p.p_size = part.p_size AND part.p_partkey= p.p_partkey )
PREHOOK: type: QUERY
PREHOOK: Input: default@part
#### A masked pattern was here ####
POSTHOOK: query: select * from part where p_size <> (select count(p_name) from part p where p.p_size = part.p_size AND part.p_partkey= p.p_partkey )
POSTHOOK: type: QUERY
POSTHOOK: Input: default@part
#### A masked pattern was here ####
105685	almond antique violet chocolate turquoise	Manufacturer#2	Brand#22	MEDIUM ANODIZED COPPER	14	MED CAN	1690.68	ly pending requ
110592	almond antique salmon chartreuse burlywood	Manufacturer#1	Brand#15	PROMO BURNISHED NICKEL	6	JUMBO PKG	1602.59	 to the furiously
112398	almond antique metallic orange dim	Manufacturer#3	Brand#32	MEDIUM BURNISHED BRASS	19	JUMBO JAR	1410.39	ole car
132666	almond aquamarine rose maroon antique	Manufacturer#2	Brand#24	SMALL POLISHED NICKEL	25	MED BOX	1698.66	even 
144293	almond antique olive coral navajo	Manufacturer#3	Brand#34	STANDARD POLISHED STEEL	45	JUMBO CAN	1337.29	ag furiously about 
146985	almond aquamarine midnight light salmon	Manufacturer#2	Brand#23	MEDIUM BURNISHED COPPER	2	SM CASE	2031.98	s cajole caref
15103	almond aquamarine dodger light gainsboro	Manufacturer#5	Brand#53	ECONOMY BURNISHED STEEL	46	LG PACK	1018.1	packages hinder carefu
155733	almond antique sky peru orange	Manufacturer#5	Brand#53	SMALL PLATED BRASS	2	WRAP DRUM	1788.73	furiously. bra
17273	almond antique forest lavender goldenrod	Manufacturer#3	Brand#35	PROMO ANODIZED TIN	14	JUMBO CASE	1190.27	along the
17927	almond aquamarine yellow dodger mint	Manufacturer#4	Brand#41	ECONOMY BRUSHED COPPER	7	SM PKG	1844.92	ites. eve
191709	almond antique violet turquoise frosted	Manufacturer#2	Brand#22	ECONOMY POLISHED STEEL	40	MED BOX	1800.7	 haggle
192697	almond antique blue firebrick mint	Manufacturer#5	Brand#52	MEDIUM BURNISHED TIN	31	LG DRUM	1789.69	ickly ir
195606	almond aquamarine sandy cyan gainsboro	Manufacturer#2	Brand#25	STANDARD PLATED TIN	18	SM PKG	1701.6	ic de
33357	almond azure aquamarine papaya violet	Manufacturer#4	Brand#41	STANDARD ANODIZED TIN	12	WRAP CASE	1290.35	reful
42669	almond antique medium spring khaki	Manufacturer#5	Brand#51	STANDARD BURNISHED TIN	6	MED CAN	1611.66	sits haggl
45261	almond aquamarine floral ivory bisque	Manufacturer#4	Brand#42	SMALL PLATED STEEL	27	WRAP CASE	1206.26	careful
48427	almond antique violet mint lemon	Manufacturer#4	Brand#42	PROMO POLISHED STEEL	39	SM CASE	1375.42	hely ironic i
49671	almond antique gainsboro frosted violet	Manufacturer#4	Brand#41	SMALL BRUSHED BRASS	10	SM BOX	1620.67	ccounts run quick
65667	almond aquamarine pink moccasin thistle	Manufacturer#1	Brand#12	LARGE BURNISHED STEEL	42	JUMBO CASE	1632.66	e across the expr
78486	almond azure blanched chiffon midnight	Manufacturer#5	Brand#52	LARGE BRUSHED BRASS	23	MED BAG	1464.48	hely blith
85768	almond antique chartreuse lavender yellow	Manufacturer#1	Brand#12	LARGE BRUSHED STEEL	34	SM BAG	1753.76	refull
86428	almond aquamarine burnished black steel	Manufacturer#1	Brand#12	STANDARD ANODIZED STEEL	28	WRAP BAG	1414.42	arefully 
90681	almond antique chartreuse khaki white	Manufacturer#3	Brand#31	MEDIUM BURNISHED TIN	17	SM CASE	1671.68	are slyly after the sl
Warning: Shuffle Join MERGEJOIN[47][tables = [$hdt$_0, $hdt$_1]] in Stage 'Reducer 2' is a cross product
Warning: Shuffle Join MERGEJOIN[48][tables = [$hdt$_0, $hdt$_1, $hdt$_2]] in Stage 'Reducer 4' is a cross product
PREHOOK: query: explain select key, count(*) from src where value <> (select max(value) from src) group by key having count(*) > (select count(*) from src s1 where s1.key = '90' group by s1.key )
PREHOOK: type: QUERY
POSTHOOK: query: explain select key, count(*) from src where value <> (select max(value) from src) group by key having count(*) > (select count(*) from src s1 where s1.key = '90' group by s1.key )
POSTHOOK: type: QUERY
STAGE DEPENDENCIES:
  Stage-1 is a root stage
  Stage-0 depends on stages: Stage-1

STAGE PLANS:
  Stage: Stage-1
    Tez
#### A masked pattern was here ####
      Edges:
        Reducer 10 <- Map 7 (SIMPLE_EDGE)
        Reducer 2 <- Map 1 (XPROD_EDGE), Reducer 6 (XPROD_EDGE)
        Reducer 3 <- Reducer 2 (SIMPLE_EDGE)
        Reducer 4 <- Reducer 10 (XPROD_EDGE), Reducer 3 (XPROD_EDGE), Reducer 9 (XPROD_EDGE)
        Reducer 6 <- Map 5 (CUSTOM_SIMPLE_EDGE)
        Reducer 8 <- Map 7 (SIMPLE_EDGE)
        Reducer 9 <- Reducer 8 (CUSTOM_SIMPLE_EDGE)
#### A masked pattern was here ####
      Vertices:
        Map 1 
            Map Operator Tree:
                TableScan
                  alias: src
                  Statistics: Num rows: 500 Data size: 89000 Basic stats: COMPLETE Column stats: COMPLETE
                  Select Operator
                    expressions: key (type: string), value (type: string)
                    outputColumnNames: _col0, _col1
                    Statistics: Num rows: 500 Data size: 89000 Basic stats: COMPLETE Column stats: COMPLETE
                    Reduce Output Operator
                      sort order: 
                      Statistics: Num rows: 500 Data size: 89000 Basic stats: COMPLETE Column stats: COMPLETE
                      value expressions: _col0 (type: string), _col1 (type: string)
            Execution mode: vectorized, llap
            LLAP IO: no inputs
        Map 5 
            Map Operator Tree:
                TableScan
                  alias: src
                  Statistics: Num rows: 500 Data size: 45500 Basic stats: COMPLETE Column stats: COMPLETE
                  Select Operator
                    expressions: value (type: string)
                    outputColumnNames: value
                    Statistics: Num rows: 500 Data size: 45500 Basic stats: COMPLETE Column stats: COMPLETE
                    Group By Operator
                      aggregations: max(value)
                      mode: hash
                      outputColumnNames: _col0
                      Statistics: Num rows: 1 Data size: 184 Basic stats: COMPLETE Column stats: COMPLETE
                      Reduce Output Operator
                        sort order: 
                        Statistics: Num rows: 1 Data size: 184 Basic stats: COMPLETE Column stats: COMPLETE
                        value expressions: _col0 (type: string)
            Execution mode: vectorized, llap
            LLAP IO: no inputs
        Map 7 
            Map Operator Tree:
                TableScan
                  alias: s1
                  Statistics: Num rows: 500 Data size: 43500 Basic stats: COMPLETE Column stats: COMPLETE
                  Filter Operator
                    predicate: (key = '90') (type: boolean)
                    Statistics: Num rows: 2 Data size: 174 Basic stats: COMPLETE Column stats: COMPLETE
                    Select Operator
                      Statistics: Num rows: 2 Data size: 174 Basic stats: COMPLETE Column stats: COMPLETE
                      Group By Operator
                        keys: '90' (type: string)
                        mode: hash
                        outputColumnNames: _col0
                        Statistics: Num rows: 1 Data size: 86 Basic stats: COMPLETE Column stats: COMPLETE
                        Reduce Output Operator
                          key expressions: _col0 (type: string)
                          sort order: +
                          Map-reduce partition columns: _col0 (type: string)
                          Statistics: Num rows: 1 Data size: 86 Basic stats: COMPLETE Column stats: COMPLETE
                      Group By Operator
                        aggregations: count()
                        keys: '90' (type: string)
                        mode: hash
                        outputColumnNames: _col0, _col1
                        Statistics: Num rows: 1 Data size: 94 Basic stats: COMPLETE Column stats: COMPLETE
                        Reduce Output Operator
                          key expressions: _col0 (type: string)
                          sort order: +
                          Map-reduce partition columns: _col0 (type: string)
                          Statistics: Num rows: 1 Data size: 94 Basic stats: COMPLETE Column stats: COMPLETE
                          value expressions: _col1 (type: bigint)
            Execution mode: vectorized, llap
            LLAP IO: no inputs
        Reducer 10 
            Execution mode: vectorized, llap
            Reduce Operator Tree:
              Group By Operator
                aggregations: count(VALUE._col0)
                keys: KEY._col0 (type: string)
                mode: mergepartial
                outputColumnNames: _col0, _col1
                Statistics: Num rows: 1 Data size: 94 Basic stats: COMPLETE Column stats: COMPLETE
                Select Operator
                  expressions: _col1 (type: bigint)
                  outputColumnNames: _col0
                  Statistics: Num rows: 1 Data size: 8 Basic stats: COMPLETE Column stats: COMPLETE
                  Reduce Output Operator
                    sort order: 
                    Statistics: Num rows: 1 Data size: 8 Basic stats: COMPLETE Column stats: COMPLETE
                    value expressions: _col0 (type: bigint)
        Reducer 2 
            Execution mode: llap
            Reduce Operator Tree:
              Merge Join Operator
                condition map:
                     Inner Join 0 to 1
                keys:
                  0 
                  1 
                outputColumnNames: _col0, _col1, _col2
                residual filter predicates: {(_col1 <> _col2)}
                Statistics: Num rows: 500 Data size: 181000 Basic stats: COMPLETE Column stats: COMPLETE
                Select Operator
                  expressions: _col0 (type: string)
                  outputColumnNames: _col0
                  Statistics: Num rows: 500 Data size: 181000 Basic stats: COMPLETE Column stats: COMPLETE
                  Group By Operator
                    aggregations: count()
                    keys: _col0 (type: string)
                    mode: hash
                    outputColumnNames: _col0, _col1
                    Statistics: Num rows: 250 Data size: 23750 Basic stats: COMPLETE Column stats: COMPLETE
                    Reduce Output Operator
                      key expressions: _col0 (type: string)
                      sort order: +
                      Map-reduce partition columns: _col0 (type: string)
                      Statistics: Num rows: 250 Data size: 23750 Basic stats: COMPLETE Column stats: COMPLETE
                      value expressions: _col1 (type: bigint)
        Reducer 3 
            Execution mode: vectorized, llap
            Reduce Operator Tree:
              Group By Operator
                aggregations: count(VALUE._col0)
                keys: KEY._col0 (type: string)
                mode: mergepartial
                outputColumnNames: _col0, _col1
                Statistics: Num rows: 250 Data size: 23750 Basic stats: COMPLETE Column stats: COMPLETE
                Reduce Output Operator
                  sort order: 
                  Statistics: Num rows: 250 Data size: 23750 Basic stats: COMPLETE Column stats: COMPLETE
                  value expressions: _col0 (type: string), _col1 (type: bigint)
        Reducer 4 
            Execution mode: llap
            Reduce Operator Tree:
              Merge Join Operator
                condition map:
                     Inner Join 0 to 1
                     Inner Join 0 to 2
                keys:
                  0 
                  1 
                  2 
                outputColumnNames: _col0, _col1, _col3
                residual filter predicates: {(_col1 > _col3)}
                Statistics: Num rows: 83 Data size: 8549 Basic stats: COMPLETE Column stats: COMPLETE
                Select Operator
                  expressions: _col0 (type: string), _col1 (type: bigint)
                  outputColumnNames: _col0, _col1
                  Statistics: Num rows: 83 Data size: 7885 Basic stats: COMPLETE Column stats: COMPLETE
                  File Output Operator
                    compressed: false
                    Statistics: Num rows: 83 Data size: 7885 Basic stats: COMPLETE Column stats: COMPLETE
                    table:
                        input format: org.apache.hadoop.mapred.SequenceFileInputFormat
                        output format: org.apache.hadoop.hive.ql.io.HiveSequenceFileOutputFormat
                        serde: org.apache.hadoop.hive.serde2.lazy.LazySimpleSerDe
        Reducer 6 
            Execution mode: vectorized, llap
            Reduce Operator Tree:
              Group By Operator
                aggregations: max(VALUE._col0)
                mode: mergepartial
                outputColumnNames: _col0
                Statistics: Num rows: 1 Data size: 184 Basic stats: COMPLETE Column stats: COMPLETE
                Reduce Output Operator
                  sort order: 
                  Statistics: Num rows: 1 Data size: 184 Basic stats: COMPLETE Column stats: COMPLETE
                  value expressions: _col0 (type: string)
        Reducer 8 
            Execution mode: vectorized, llap
            Reduce Operator Tree:
              Group By Operator
                keys: KEY._col0 (type: string)
                mode: mergepartial
                outputColumnNames: _col0
                Statistics: Num rows: 1 Data size: 86 Basic stats: COMPLETE Column stats: COMPLETE
                Select Operator
                  Statistics: Num rows: 1 Data size: 86 Basic stats: COMPLETE Column stats: COMPLETE
                  Group By Operator
                    aggregations: count()
                    mode: hash
                    outputColumnNames: _col0
                    Statistics: Num rows: 1 Data size: 8 Basic stats: COMPLETE Column stats: COMPLETE
                    Reduce Output Operator
                      sort order: 
                      Statistics: Num rows: 1 Data size: 8 Basic stats: COMPLETE Column stats: COMPLETE
                      value expressions: _col0 (type: bigint)
        Reducer 9 
            Execution mode: vectorized, llap
            Reduce Operator Tree:
              Group By Operator
                aggregations: count(VALUE._col0)
                mode: mergepartial
                outputColumnNames: _col0
                Statistics: Num rows: 1 Data size: 8 Basic stats: COMPLETE Column stats: COMPLETE
                Filter Operator
                  predicate: (sq_count_check(_col0) <= 1) (type: boolean)
                  Statistics: Num rows: 1 Data size: 8 Basic stats: COMPLETE Column stats: COMPLETE
                  Select Operator
                    Statistics: Num rows: 1 Data size: 8 Basic stats: COMPLETE Column stats: COMPLETE
                    Reduce Output Operator
                      sort order: 
                      Statistics: Num rows: 1 Data size: 8 Basic stats: COMPLETE Column stats: COMPLETE

  Stage: Stage-0
    Fetch Operator
      limit: -1
      Processor Tree:
        ListSink

Warning: Shuffle Join MERGEJOIN[47][tables = [$hdt$_0, $hdt$_1]] in Stage 'Reducer 2' is a cross product
Warning: Shuffle Join MERGEJOIN[48][tables = [$hdt$_0, $hdt$_1, $hdt$_2]] in Stage 'Reducer 4' is a cross product
PREHOOK: query: select key, count(*) from src where value <> (select max(value) from src) group by key having count(*) > (select count(*) from src s1 where s1.key = '90' group by s1.key )
PREHOOK: type: QUERY
PREHOOK: Input: default@src
#### A masked pattern was here ####
POSTHOOK: query: select key, count(*) from src where value <> (select max(value) from src) group by key having count(*) > (select count(*) from src s1 where s1.key = '90' group by s1.key )
POSTHOOK: type: QUERY
POSTHOOK: Input: default@src
#### A masked pattern was here ####
138	4
169	4
230	5
277	4
348	5
401	5
406	4
468	4
469	5
489	4
Warning: Shuffle Join MERGEJOIN[17][tables = [$hdt$_0, $hdt$_1]] in Stage 'Reducer 3' is a cross product
PREHOOK: query: explain select sum(p_retailprice) from part group by p_type having sum(p_retailprice) > (select max(pp.p_retailprice) from part pp)
PREHOOK: type: QUERY
POSTHOOK: query: explain select sum(p_retailprice) from part group by p_type having sum(p_retailprice) > (select max(pp.p_retailprice) from part pp)
POSTHOOK: type: QUERY
STAGE DEPENDENCIES:
  Stage-1 is a root stage
  Stage-0 depends on stages: Stage-1

STAGE PLANS:
  Stage: Stage-1
    Tez
#### A masked pattern was here ####
      Edges:
        Reducer 2 <- Map 1 (SIMPLE_EDGE)
        Reducer 3 <- Reducer 2 (XPROD_EDGE), Reducer 5 (XPROD_EDGE)
        Reducer 5 <- Map 4 (CUSTOM_SIMPLE_EDGE)
#### A masked pattern was here ####
      Vertices:
        Map 1 
            Map Operator Tree:
                TableScan
                  alias: part
                  Statistics: Num rows: 26 Data size: 2912 Basic stats: COMPLETE Column stats: COMPLETE
                  Select Operator
                    expressions: p_type (type: string), p_retailprice (type: double)
                    outputColumnNames: p_type, p_retailprice
                    Statistics: Num rows: 26 Data size: 2912 Basic stats: COMPLETE Column stats: COMPLETE
                    Group By Operator
                      aggregations: sum(p_retailprice)
                      keys: p_type (type: string)
                      mode: hash
                      outputColumnNames: _col0, _col1
                      Statistics: Num rows: 13 Data size: 1456 Basic stats: COMPLETE Column stats: COMPLETE
                      Reduce Output Operator
                        key expressions: _col0 (type: string)
                        sort order: +
                        Map-reduce partition columns: _col0 (type: string)
                        Statistics: Num rows: 13 Data size: 1456 Basic stats: COMPLETE Column stats: COMPLETE
                        value expressions: _col1 (type: double)
            Execution mode: vectorized, llap
            LLAP IO: no inputs
        Map 4 
            Map Operator Tree:
                TableScan
                  alias: pp
                  Statistics: Num rows: 26 Data size: 208 Basic stats: COMPLETE Column stats: COMPLETE
                  Select Operator
                    expressions: p_retailprice (type: double)
                    outputColumnNames: p_retailprice
                    Statistics: Num rows: 26 Data size: 208 Basic stats: COMPLETE Column stats: COMPLETE
                    Group By Operator
                      aggregations: max(p_retailprice)
                      mode: hash
                      outputColumnNames: _col0
                      Statistics: Num rows: 1 Data size: 8 Basic stats: COMPLETE Column stats: COMPLETE
                      Reduce Output Operator
                        sort order: 
                        Statistics: Num rows: 1 Data size: 8 Basic stats: COMPLETE Column stats: COMPLETE
                        value expressions: _col0 (type: double)
            Execution mode: vectorized, llap
            LLAP IO: no inputs
        Reducer 2 
            Execution mode: vectorized, llap
            Reduce Operator Tree:
              Group By Operator
                aggregations: sum(VALUE._col0)
                keys: KEY._col0 (type: string)
                mode: mergepartial
                outputColumnNames: _col0, _col1
                Statistics: Num rows: 13 Data size: 1456 Basic stats: COMPLETE Column stats: COMPLETE
                Select Operator
                  expressions: _col1 (type: double)
                  outputColumnNames: _col1
                  Statistics: Num rows: 13 Data size: 1456 Basic stats: COMPLETE Column stats: COMPLETE
                  Reduce Output Operator
                    sort order: 
                    Statistics: Num rows: 13 Data size: 1456 Basic stats: COMPLETE Column stats: COMPLETE
                    value expressions: _col1 (type: double)
        Reducer 3 
            Execution mode: llap
            Reduce Operator Tree:
              Merge Join Operator
                condition map:
                     Inner Join 0 to 1
                keys:
                  0 
                  1 
                outputColumnNames: _col1, _col2
                residual filter predicates: {(_col1 > _col2)}
                Statistics: Num rows: 4 Data size: 64 Basic stats: COMPLETE Column stats: COMPLETE
                Select Operator
                  expressions: _col1 (type: double)
                  outputColumnNames: _col0
                  Statistics: Num rows: 4 Data size: 32 Basic stats: COMPLETE Column stats: COMPLETE
                  File Output Operator
                    compressed: false
                    Statistics: Num rows: 4 Data size: 32 Basic stats: COMPLETE Column stats: COMPLETE
                    table:
                        input format: org.apache.hadoop.mapred.SequenceFileInputFormat
                        output format: org.apache.hadoop.hive.ql.io.HiveSequenceFileOutputFormat
                        serde: org.apache.hadoop.hive.serde2.lazy.LazySimpleSerDe
        Reducer 5 
            Execution mode: vectorized, llap
            Reduce Operator Tree:
              Group By Operator
                aggregations: max(VALUE._col0)
                mode: mergepartial
                outputColumnNames: _col0
                Statistics: Num rows: 1 Data size: 8 Basic stats: COMPLETE Column stats: COMPLETE
                Reduce Output Operator
                  sort order: 
                  Statistics: Num rows: 1 Data size: 8 Basic stats: COMPLETE Column stats: COMPLETE
                  value expressions: _col0 (type: double)

  Stage: Stage-0
    Fetch Operator
      limit: -1
      Processor Tree:
        ListSink

Warning: Shuffle Join MERGEJOIN[17][tables = [$hdt$_0, $hdt$_1]] in Stage 'Reducer 3' is a cross product
PREHOOK: query: select sum(p_retailprice) from part group by p_type having sum(p_retailprice) > (select max(pp.p_retailprice) from part pp)
PREHOOK: type: QUERY
PREHOOK: Input: default@part
#### A masked pattern was here ####
POSTHOOK: query: select sum(p_retailprice) from part group by p_type having sum(p_retailprice) > (select max(pp.p_retailprice) from part pp)
POSTHOOK: type: QUERY
POSTHOOK: Input: default@part
#### A masked pattern was here ####
2346.3
3461.37
Warning: Shuffle Join MERGEJOIN[76][tables = [$hdt$_0, $hdt$_1, $hdt$_2]] in Stage 'Reducer 2' is a cross product
PREHOOK: query: explain select * from part where p_size > (select count(p_name) from part INTERSECT select count(p_brand) from part)
PREHOOK: type: QUERY
POSTHOOK: query: explain select * from part where p_size > (select count(p_name) from part INTERSECT select count(p_brand) from part)
POSTHOOK: type: QUERY
STAGE DEPENDENCIES:
  Stage-1 is a root stage
  Stage-0 depends on stages: Stage-1

STAGE PLANS:
  Stage: Stage-1
    Tez
#### A masked pattern was here ####
      Edges:
        Reducer 11 <- Union 10 (SIMPLE_EDGE)
        Reducer 13 <- Map 12 (CUSTOM_SIMPLE_EDGE)
        Reducer 14 <- Reducer 13 (SIMPLE_EDGE), Union 6 (CONTAINS)
        Reducer 15 <- Reducer 13 (SIMPLE_EDGE), Union 10 (CONTAINS)
        Reducer 2 <- Map 1 (XPROD_EDGE), Reducer 11 (XPROD_EDGE), Reducer 8 (XPROD_EDGE)
        Reducer 4 <- Map 3 (CUSTOM_SIMPLE_EDGE)
        Reducer 5 <- Reducer 4 (SIMPLE_EDGE), Union 6 (CONTAINS)
        Reducer 7 <- Union 6 (SIMPLE_EDGE)
        Reducer 8 <- Reducer 7 (CUSTOM_SIMPLE_EDGE)
        Reducer 9 <- Reducer 4 (SIMPLE_EDGE), Union 10 (CONTAINS)
#### A masked pattern was here ####
      Vertices:
        Map 1 
            Map Operator Tree:
                TableScan
                  alias: part
                  Statistics: Num rows: 26 Data size: 16094 Basic stats: COMPLETE Column stats: COMPLETE
                  Select Operator
                    expressions: p_partkey (type: int), p_name (type: string), p_mfgr (type: string), p_brand (type: string), p_type (type: string), p_size (type: int), p_container (type: string), p_retailprice (type: double), p_comment (type: string)
                    outputColumnNames: _col0, _col1, _col2, _col3, _col4, _col5, _col6, _col7, _col8
                    Statistics: Num rows: 26 Data size: 16094 Basic stats: COMPLETE Column stats: COMPLETE
                    Reduce Output Operator
                      sort order: 
                      Statistics: Num rows: 26 Data size: 16094 Basic stats: COMPLETE Column stats: COMPLETE
                      value expressions: _col0 (type: int), _col1 (type: string), _col2 (type: string), _col3 (type: string), _col4 (type: string), _col5 (type: int), _col6 (type: string), _col7 (type: double), _col8 (type: string)
            Execution mode: vectorized, llap
            LLAP IO: no inputs
        Map 12 
            Map Operator Tree:
                TableScan
                  alias: part
                  Statistics: Num rows: 26 Data size: 2392 Basic stats: COMPLETE Column stats: COMPLETE
                  Select Operator
                    expressions: p_brand (type: string)
                    outputColumnNames: p_brand
                    Statistics: Num rows: 26 Data size: 2392 Basic stats: COMPLETE Column stats: COMPLETE
                    Group By Operator
                      aggregations: count(p_brand)
                      mode: hash
                      outputColumnNames: _col0
                      Statistics: Num rows: 1 Data size: 8 Basic stats: COMPLETE Column stats: COMPLETE
                      Reduce Output Operator
                        sort order: 
                        Statistics: Num rows: 1 Data size: 8 Basic stats: COMPLETE Column stats: COMPLETE
                        value expressions: _col0 (type: bigint)
            Execution mode: vectorized, llap
            LLAP IO: no inputs
        Map 3 
            Map Operator Tree:
                TableScan
                  alias: part
                  Statistics: Num rows: 26 Data size: 3146 Basic stats: COMPLETE Column stats: COMPLETE
                  Select Operator
                    expressions: p_name (type: string)
                    outputColumnNames: p_name
                    Statistics: Num rows: 26 Data size: 3146 Basic stats: COMPLETE Column stats: COMPLETE
                    Group By Operator
                      aggregations: count(p_name)
                      mode: hash
                      outputColumnNames: _col0
                      Statistics: Num rows: 1 Data size: 8 Basic stats: COMPLETE Column stats: COMPLETE
                      Reduce Output Operator
                        sort order: 
                        Statistics: Num rows: 1 Data size: 8 Basic stats: COMPLETE Column stats: COMPLETE
                        value expressions: _col0 (type: bigint)
            Execution mode: vectorized, llap
            LLAP IO: no inputs
        Reducer 11 
            Execution mode: vectorized, llap
            Reduce Operator Tree:
              Group By Operator
                aggregations: count(VALUE._col0)
                keys: KEY._col0 (type: bigint)
                mode: mergepartial
                outputColumnNames: _col0, _col1
                Statistics: Num rows: 1 Data size: 16 Basic stats: COMPLETE Column stats: COMPLETE
                Filter Operator
                  predicate: (_col1 = 2L) (type: boolean)
                  Statistics: Num rows: 1 Data size: 16 Basic stats: COMPLETE Column stats: COMPLETE
                  Select Operator
                    expressions: _col0 (type: bigint)
                    outputColumnNames: _col0
                    Statistics: Num rows: 1 Data size: 8 Basic stats: COMPLETE Column stats: COMPLETE
                    Reduce Output Operator
                      sort order: 
                      Statistics: Num rows: 1 Data size: 8 Basic stats: COMPLETE Column stats: COMPLETE
                      value expressions: _col0 (type: bigint)
        Reducer 13 
            Execution mode: vectorized, llap
            Reduce Operator Tree:
              Group By Operator
                aggregations: count(VALUE._col0)
                mode: mergepartial
                outputColumnNames: _col0
                Statistics: Num rows: 1 Data size: 8 Basic stats: COMPLETE Column stats: COMPLETE
                Group By Operator
                  aggregations: count()
                  keys: _col0 (type: bigint)
                  mode: hash
                  outputColumnNames: _col0, _col1
                  Statistics: Num rows: 1 Data size: 16 Basic stats: COMPLETE Column stats: COMPLETE
                  Reduce Output Operator
                    key expressions: _col0 (type: bigint)
                    sort order: +
                    Map-reduce partition columns: _col0 (type: bigint)
                    Statistics: Num rows: 1 Data size: 16 Basic stats: COMPLETE Column stats: COMPLETE
                    value expressions: _col1 (type: bigint)
                  Reduce Output Operator
                    key expressions: _col0 (type: bigint)
                    sort order: +
                    Map-reduce partition columns: _col0 (type: bigint)
                    Statistics: Num rows: 1 Data size: 16 Basic stats: COMPLETE Column stats: COMPLETE
                    value expressions: _col1 (type: bigint)
        Reducer 14 
            Execution mode: vectorized, llap
            Reduce Operator Tree:
              Group By Operator
                aggregations: count(VALUE._col0)
                keys: KEY._col0 (type: bigint)
                mode: mergepartial
                outputColumnNames: _col0, _col1
                Statistics: Num rows: 1 Data size: 16 Basic stats: COMPLETE Column stats: COMPLETE
                Group By Operator
                  aggregations: count(_col1)
                  keys: _col0 (type: bigint)
                  mode: hash
                  outputColumnNames: _col0, _col1
                  Statistics: Num rows: 1 Data size: 16 Basic stats: COMPLETE Column stats: COMPLETE
                  Reduce Output Operator
                    key expressions: _col0 (type: bigint)
                    sort order: +
                    Map-reduce partition columns: _col0 (type: bigint)
                    Statistics: Num rows: 1 Data size: 16 Basic stats: COMPLETE Column stats: COMPLETE
                    value expressions: _col1 (type: bigint)
        Reducer 15 
            Execution mode: vectorized, llap
            Reduce Operator Tree:
              Group By Operator
                aggregations: count(VALUE._col0)
                keys: KEY._col0 (type: bigint)
                mode: mergepartial
                outputColumnNames: _col0, _col1
                Statistics: Num rows: 1 Data size: 16 Basic stats: COMPLETE Column stats: COMPLETE
                Group By Operator
                  aggregations: count(_col1)
                  keys: _col0 (type: bigint)
                  mode: hash
                  outputColumnNames: _col0, _col1
                  Statistics: Num rows: 1 Data size: 16 Basic stats: COMPLETE Column stats: COMPLETE
                  Reduce Output Operator
                    key expressions: _col0 (type: bigint)
                    sort order: +
                    Map-reduce partition columns: _col0 (type: bigint)
                    Statistics: Num rows: 1 Data size: 16 Basic stats: COMPLETE Column stats: COMPLETE
                    value expressions: _col1 (type: bigint)
        Reducer 2 
            Execution mode: llap
            Reduce Operator Tree:
              Merge Join Operator
                condition map:
                     Inner Join 0 to 1
                     Inner Join 0 to 2
                keys:
                  0 
                  1 
                  2 
                outputColumnNames: _col0, _col1, _col2, _col3, _col4, _col5, _col6, _col7, _col8, _col10
                residual filter predicates: {(UDFToLong(_col5) > _col10)}
                Statistics: Num rows: 8 Data size: 5016 Basic stats: COMPLETE Column stats: COMPLETE
                Select Operator
                  expressions: _col0 (type: int), _col1 (type: string), _col2 (type: string), _col3 (type: string), _col4 (type: string), _col5 (type: int), _col6 (type: string), _col7 (type: double), _col8 (type: string)
                  outputColumnNames: _col0, _col1, _col2, _col3, _col4, _col5, _col6, _col7, _col8
                  Statistics: Num rows: 8 Data size: 4952 Basic stats: COMPLETE Column stats: COMPLETE
                  File Output Operator
                    compressed: false
                    Statistics: Num rows: 8 Data size: 4952 Basic stats: COMPLETE Column stats: COMPLETE
                    table:
                        input format: org.apache.hadoop.mapred.SequenceFileInputFormat
                        output format: org.apache.hadoop.hive.ql.io.HiveSequenceFileOutputFormat
                        serde: org.apache.hadoop.hive.serde2.lazy.LazySimpleSerDe
        Reducer 4 
            Execution mode: vectorized, llap
            Reduce Operator Tree:
              Group By Operator
                aggregations: count(VALUE._col0)
                mode: mergepartial
                outputColumnNames: _col0
                Statistics: Num rows: 1 Data size: 8 Basic stats: COMPLETE Column stats: COMPLETE
                Group By Operator
                  aggregations: count()
                  keys: _col0 (type: bigint)
                  mode: hash
                  outputColumnNames: _col0, _col1
                  Statistics: Num rows: 1 Data size: 16 Basic stats: COMPLETE Column stats: COMPLETE
                  Reduce Output Operator
                    key expressions: _col0 (type: bigint)
                    sort order: +
                    Map-reduce partition columns: _col0 (type: bigint)
                    Statistics: Num rows: 1 Data size: 16 Basic stats: COMPLETE Column stats: COMPLETE
                    value expressions: _col1 (type: bigint)
                  Reduce Output Operator
                    key expressions: _col0 (type: bigint)
                    sort order: +
                    Map-reduce partition columns: _col0 (type: bigint)
                    Statistics: Num rows: 1 Data size: 16 Basic stats: COMPLETE Column stats: COMPLETE
                    value expressions: _col1 (type: bigint)
        Reducer 5 
            Execution mode: vectorized, llap
            Reduce Operator Tree:
              Group By Operator
                aggregations: count(VALUE._col0)
                keys: KEY._col0 (type: bigint)
                mode: mergepartial
                outputColumnNames: _col0, _col1
                Statistics: Num rows: 1 Data size: 16 Basic stats: COMPLETE Column stats: COMPLETE
                Group By Operator
                  aggregations: count(_col1)
                  keys: _col0 (type: bigint)
                  mode: hash
                  outputColumnNames: _col0, _col1
                  Statistics: Num rows: 1 Data size: 16 Basic stats: COMPLETE Column stats: COMPLETE
                  Reduce Output Operator
                    key expressions: _col0 (type: bigint)
                    sort order: +
                    Map-reduce partition columns: _col0 (type: bigint)
                    Statistics: Num rows: 1 Data size: 16 Basic stats: COMPLETE Column stats: COMPLETE
                    value expressions: _col1 (type: bigint)
        Reducer 7 
            Execution mode: vectorized, llap
            Reduce Operator Tree:
              Group By Operator
                aggregations: count(VALUE._col0)
                keys: KEY._col0 (type: bigint)
                mode: mergepartial
                outputColumnNames: _col0, _col1
                Statistics: Num rows: 1 Data size: 16 Basic stats: COMPLETE Column stats: COMPLETE
                Select Operator
                  expressions: _col1 (type: bigint)
                  outputColumnNames: _col1
                  Statistics: Num rows: 1 Data size: 8 Basic stats: COMPLETE Column stats: COMPLETE
                  Filter Operator
                    predicate: (_col1 = 2L) (type: boolean)
                    Statistics: Num rows: 1 Data size: 8 Basic stats: COMPLETE Column stats: COMPLETE
                    Select Operator
                      Statistics: Num rows: 1 Data size: 8 Basic stats: COMPLETE Column stats: COMPLETE
                      Group By Operator
                        aggregations: count()
                        mode: hash
                        outputColumnNames: _col0
                        Statistics: Num rows: 1 Data size: 8 Basic stats: COMPLETE Column stats: COMPLETE
                        Reduce Output Operator
                          sort order: 
                          Statistics: Num rows: 1 Data size: 8 Basic stats: COMPLETE Column stats: COMPLETE
                          value expressions: _col0 (type: bigint)
        Reducer 8 
            Execution mode: vectorized, llap
            Reduce Operator Tree:
              Group By Operator
                aggregations: count(VALUE._col0)
                mode: mergepartial
                outputColumnNames: _col0
                Statistics: Num rows: 1 Data size: 8 Basic stats: COMPLETE Column stats: COMPLETE
                Filter Operator
                  predicate: (sq_count_check(_col0) <= 1) (type: boolean)
                  Statistics: Num rows: 1 Data size: 8 Basic stats: COMPLETE Column stats: COMPLETE
                  Select Operator
                    Statistics: Num rows: 1 Data size: 8 Basic stats: COMPLETE Column stats: COMPLETE
                    Reduce Output Operator
                      sort order: 
                      Statistics: Num rows: 1 Data size: 8 Basic stats: COMPLETE Column stats: COMPLETE
        Reducer 9 
            Execution mode: vectorized, llap
            Reduce Operator Tree:
              Group By Operator
                aggregations: count(VALUE._col0)
                keys: KEY._col0 (type: bigint)
                mode: mergepartial
                outputColumnNames: _col0, _col1
                Statistics: Num rows: 1 Data size: 16 Basic stats: COMPLETE Column stats: COMPLETE
                Group By Operator
                  aggregations: count(_col1)
                  keys: _col0 (type: bigint)
                  mode: hash
                  outputColumnNames: _col0, _col1
                  Statistics: Num rows: 1 Data size: 16 Basic stats: COMPLETE Column stats: COMPLETE
                  Reduce Output Operator
                    key expressions: _col0 (type: bigint)
                    sort order: +
                    Map-reduce partition columns: _col0 (type: bigint)
                    Statistics: Num rows: 1 Data size: 16 Basic stats: COMPLETE Column stats: COMPLETE
                    value expressions: _col1 (type: bigint)
        Union 10 
            Vertex: Union 10
        Union 6 
            Vertex: Union 6

  Stage: Stage-0
    Fetch Operator
      limit: -1
      Processor Tree:
        ListSink

Warning: Shuffle Join MERGEJOIN[76][tables = [$hdt$_0, $hdt$_1, $hdt$_2]] in Stage 'Reducer 2' is a cross product
PREHOOK: query: select * from part where p_size > (select count(p_name) from part INTERSECT select count(p_brand) from part)
PREHOOK: type: QUERY
PREHOOK: Input: default@part
#### A masked pattern was here ####
POSTHOOK: query: select * from part where p_size > (select count(p_name) from part INTERSECT select count(p_brand) from part)
POSTHOOK: type: QUERY
POSTHOOK: Input: default@part
#### A masked pattern was here ####
144293	almond antique olive coral navajo	Manufacturer#3	Brand#34	STANDARD POLISHED STEEL	45	JUMBO CAN	1337.29	ag furiously about 
15103	almond aquamarine dodger light gainsboro	Manufacturer#5	Brand#53	ECONOMY BURNISHED STEEL	46	LG PACK	1018.1	packages hinder carefu
191709	almond antique violet turquoise frosted	Manufacturer#2	Brand#22	ECONOMY POLISHED STEEL	40	MED BOX	1800.7	 haggle
192697	almond antique blue firebrick mint	Manufacturer#5	Brand#52	MEDIUM BURNISHED TIN	31	LG DRUM	1789.69	ickly ir
45261	almond aquamarine floral ivory bisque	Manufacturer#4	Brand#42	SMALL PLATED STEEL	27	WRAP CASE	1206.26	careful
48427	almond antique violet mint lemon	Manufacturer#4	Brand#42	PROMO POLISHED STEEL	39	SM CASE	1375.42	hely ironic i
65667	almond aquamarine pink moccasin thistle	Manufacturer#1	Brand#12	LARGE BURNISHED STEEL	42	JUMBO CASE	1632.66	e across the expr
85768	almond antique chartreuse lavender yellow	Manufacturer#1	Brand#12	LARGE BRUSHED STEEL	34	SM BAG	1753.76	refull
86428	almond aquamarine burnished black steel	Manufacturer#1	Brand#12	STANDARD ANODIZED STEEL	28	WRAP BAG	1414.42	arefully 
PREHOOK: query: explain select p_partkey from part where p_name like (select max(p.p_name) from part p left outer join part pp on p.p_type = pp.p_type where pp.p_size = part.p_size)
PREHOOK: type: QUERY
POSTHOOK: query: explain select p_partkey from part where p_name like (select max(p.p_name) from part p left outer join part pp on p.p_type = pp.p_type where pp.p_size = part.p_size)
POSTHOOK: type: QUERY
STAGE DEPENDENCIES:
  Stage-1 is a root stage
  Stage-0 depends on stages: Stage-1

STAGE PLANS:
  Stage: Stage-1
    Tez
#### A masked pattern was here ####
      Edges:
        Reducer 2 <- Map 1 (SIMPLE_EDGE), Reducer 5 (ONE_TO_ONE_EDGE)
        Reducer 4 <- Map 3 (SIMPLE_EDGE), Map 6 (SIMPLE_EDGE)
        Reducer 5 <- Reducer 4 (SIMPLE_EDGE)
#### A masked pattern was here ####
      Vertices:
        Map 1 
            Map Operator Tree:
                TableScan
                  alias: part
                  Statistics: Num rows: 26 Data size: 3354 Basic stats: COMPLETE Column stats: COMPLETE
                  Filter Operator
                    predicate: p_size is not null (type: boolean)
                    Statistics: Num rows: 26 Data size: 3354 Basic stats: COMPLETE Column stats: COMPLETE
                    Select Operator
                      expressions: p_partkey (type: int), p_name (type: string), p_size (type: int)
                      outputColumnNames: _col0, _col1, _col2
                      Statistics: Num rows: 26 Data size: 3354 Basic stats: COMPLETE Column stats: COMPLETE
                      Reduce Output Operator
                        key expressions: _col2 (type: int)
                        sort order: +
                        Map-reduce partition columns: _col2 (type: int)
                        Statistics: Num rows: 26 Data size: 3354 Basic stats: COMPLETE Column stats: COMPLETE
                        value expressions: _col0 (type: int), _col1 (type: string)
            Execution mode: vectorized, llap
            LLAP IO: no inputs
        Map 3 
            Map Operator Tree:
                TableScan
                  alias: p
                  Statistics: Num rows: 26 Data size: 5850 Basic stats: COMPLETE Column stats: COMPLETE
                  Filter Operator
                    predicate: p_type is not null (type: boolean)
                    Statistics: Num rows: 26 Data size: 5850 Basic stats: COMPLETE Column stats: COMPLETE
                    Select Operator
                      expressions: p_name (type: string), p_type (type: string)
                      outputColumnNames: _col0, _col1
                      Statistics: Num rows: 26 Data size: 5850 Basic stats: COMPLETE Column stats: COMPLETE
                      Reduce Output Operator
                        key expressions: _col1 (type: string)
                        sort order: +
                        Map-reduce partition columns: _col1 (type: string)
                        Statistics: Num rows: 26 Data size: 5850 Basic stats: COMPLETE Column stats: COMPLETE
                        value expressions: _col0 (type: string)
            Execution mode: vectorized, llap
            LLAP IO: no inputs
        Map 6 
            Map Operator Tree:
                TableScan
                  alias: pp
                  Statistics: Num rows: 26 Data size: 2808 Basic stats: COMPLETE Column stats: COMPLETE
                  Filter Operator
                    predicate: (p_size is not null and p_type is not null) (type: boolean)
                    Statistics: Num rows: 26 Data size: 2808 Basic stats: COMPLETE Column stats: COMPLETE
                    Select Operator
                      expressions: p_type (type: string), p_size (type: int)
                      outputColumnNames: _col0, _col1
                      Statistics: Num rows: 26 Data size: 2808 Basic stats: COMPLETE Column stats: COMPLETE
                      Reduce Output Operator
                        key expressions: _col0 (type: string)
                        sort order: +
                        Map-reduce partition columns: _col0 (type: string)
                        Statistics: Num rows: 26 Data size: 2808 Basic stats: COMPLETE Column stats: COMPLETE
                        value expressions: _col1 (type: int)
            Execution mode: vectorized, llap
            LLAP IO: no inputs
        Reducer 2 
            Execution mode: llap
            Reduce Operator Tree:
              Merge Join Operator
                condition map:
                     Inner Join 0 to 1
                keys:
                  0 _col2 (type: int)
                  1 _col1 (type: int)
                outputColumnNames: _col0, _col1, _col3
                residual filter predicates: {(_col1 like _col3)}
                Statistics: Num rows: 8 Data size: 2472 Basic stats: COMPLETE Column stats: COMPLETE
                Select Operator
                  expressions: _col0 (type: int)
                  outputColumnNames: _col0
                  Statistics: Num rows: 8 Data size: 32 Basic stats: COMPLETE Column stats: COMPLETE
                  File Output Operator
                    compressed: false
                    Statistics: Num rows: 8 Data size: 32 Basic stats: COMPLETE Column stats: COMPLETE
                    table:
                        input format: org.apache.hadoop.mapred.SequenceFileInputFormat
                        output format: org.apache.hadoop.hive.ql.io.HiveSequenceFileOutputFormat
                        serde: org.apache.hadoop.hive.serde2.lazy.LazySimpleSerDe
        Reducer 4 
            Execution mode: llap
            Reduce Operator Tree:
              Merge Join Operator
                condition map:
                     Inner Join 0 to 1
                keys:
                  0 _col1 (type: string)
                  1 _col0 (type: string)
                outputColumnNames: _col0, _col3
                Statistics: Num rows: 28 Data size: 3500 Basic stats: COMPLETE Column stats: COMPLETE
                Group By Operator
                  aggregations: max(_col0)
                  keys: _col3 (type: int)
                  mode: hash
                  outputColumnNames: _col0, _col1
                  Statistics: Num rows: 14 Data size: 2632 Basic stats: COMPLETE Column stats: COMPLETE
                  Reduce Output Operator
                    key expressions: _col0 (type: int)
                    sort order: +
                    Map-reduce partition columns: _col0 (type: int)
                    Statistics: Num rows: 14 Data size: 2632 Basic stats: COMPLETE Column stats: COMPLETE
                    value expressions: _col1 (type: string)
        Reducer 5 
            Execution mode: vectorized, llap
            Reduce Operator Tree:
              Group By Operator
                aggregations: max(VALUE._col0)
                keys: KEY._col0 (type: int)
                mode: mergepartial
                outputColumnNames: _col0, _col1
                Statistics: Num rows: 14 Data size: 2632 Basic stats: COMPLETE Column stats: COMPLETE
                Select Operator
                  expressions: _col1 (type: string), _col0 (type: int)
                  outputColumnNames: _col0, _col1
                  Statistics: Num rows: 14 Data size: 2632 Basic stats: COMPLETE Column stats: COMPLETE
                  Reduce Output Operator
                    key expressions: _col1 (type: int)
                    sort order: +
                    Map-reduce partition columns: _col1 (type: int)
                    Statistics: Num rows: 14 Data size: 2632 Basic stats: COMPLETE Column stats: COMPLETE
                    value expressions: _col0 (type: string)

  Stage: Stage-0
    Fetch Operator
      limit: -1
      Processor Tree:
        ListSink

PREHOOK: query: select p_partkey from part where p_name like (select max(p.p_name) from part p left outer join part pp on p.p_type = pp.p_type where pp.p_size = part.p_size)
PREHOOK: type: QUERY
PREHOOK: Input: default@part
#### A masked pattern was here ####
POSTHOOK: query: select p_partkey from part where p_name like (select max(p.p_name) from part p left outer join part pp on p.p_type = pp.p_type where pp.p_size = part.p_size)
POSTHOOK: type: QUERY
POSTHOOK: Input: default@part
#### A masked pattern was here ####
105685
110592
112398
132666
144293
146985
15103
17927
191709
195606
33357
40982
45261
48427
49671
65667
78486
85768
86428
90681
Warning: Shuffle Join MERGEJOIN[32][tables = [$hdt$_0, $hdt$_1, $hdt$_2]] in Stage 'Reducer 2' is a cross product
PREHOOK: query: explain select * from part_null_n0 where p_name NOT LIKE (select min(p_name) from part_null_n0) AND p_brand NOT IN (select p_name from part)
PREHOOK: type: QUERY
POSTHOOK: query: explain select * from part_null_n0 where p_name NOT LIKE (select min(p_name) from part_null_n0) AND p_brand NOT IN (select p_name from part)
POSTHOOK: type: QUERY
STAGE DEPENDENCIES:
  Stage-1 is a root stage
  Stage-0 depends on stages: Stage-1

STAGE PLANS:
  Stage: Stage-1
    Tez
#### A masked pattern was here ####
      Edges:
        Reducer 2 <- Map 1 (XPROD_EDGE), Reducer 5 (XPROD_EDGE), Reducer 7 (XPROD_EDGE)
        Reducer 3 <- Reducer 2 (SIMPLE_EDGE), Reducer 8 (ONE_TO_ONE_EDGE)
        Reducer 5 <- Map 4 (CUSTOM_SIMPLE_EDGE)
        Reducer 7 <- Map 6 (CUSTOM_SIMPLE_EDGE)
        Reducer 8 <- Map 6 (SIMPLE_EDGE)
#### A masked pattern was here ####
      Vertices:
        Map 1 
            Map Operator Tree:
                TableScan
                  alias: part_null_n0
                  Statistics: Num rows: 1 Data size: 1120 Basic stats: COMPLETE Column stats: NONE
                  Select Operator
                    expressions: p_partkey (type: int), p_name (type: string), p_mfgr (type: string), p_brand (type: string), p_type (type: string), p_size (type: int), p_container (type: string), p_retailprice (type: double), p_comment_n11 (type: string)
                    outputColumnNames: _col0, _col1, _col2, _col3, _col4, _col5, _col6, _col7, _col8
                    Statistics: Num rows: 1 Data size: 1120 Basic stats: COMPLETE Column stats: NONE
                    Reduce Output Operator
                      sort order: 
                      Statistics: Num rows: 1 Data size: 1120 Basic stats: COMPLETE Column stats: NONE
                      value expressions: _col0 (type: int), _col1 (type: string), _col2 (type: string), _col3 (type: string), _col4 (type: string), _col5 (type: int), _col6 (type: string), _col7 (type: double), _col8 (type: string)
            Execution mode: vectorized, llap
            LLAP IO: no inputs
        Map 4 
            Map Operator Tree:
                TableScan
                  alias: part_null_n0
                  Statistics: Num rows: 1 Data size: 184 Basic stats: COMPLETE Column stats: NONE
                  Select Operator
                    expressions: p_name (type: string)
                    outputColumnNames: p_name
                    Statistics: Num rows: 1 Data size: 184 Basic stats: COMPLETE Column stats: NONE
                    Group By Operator
                      aggregations: min(p_name)
                      mode: hash
                      outputColumnNames: _col0
                      Statistics: Num rows: 1 Data size: 368 Basic stats: COMPLETE Column stats: NONE
                      Reduce Output Operator
                        sort order: 
                        Statistics: Num rows: 1 Data size: 368 Basic stats: COMPLETE Column stats: NONE
                        value expressions: _col0 (type: string)
            Execution mode: vectorized, llap
            LLAP IO: no inputs
        Map 6 
            Map Operator Tree:
                TableScan
                  alias: part
                  Statistics: Num rows: 26 Data size: 3146 Basic stats: COMPLETE Column stats: COMPLETE
                  Select Operator
                    expressions: p_name (type: string)
                    outputColumnNames: p_name
                    Statistics: Num rows: 26 Data size: 3146 Basic stats: COMPLETE Column stats: COMPLETE
                    Group By Operator
                      aggregations: count(), count(p_name)
                      mode: hash
                      outputColumnNames: _col0, _col1
                      Statistics: Num rows: 1 Data size: 16 Basic stats: COMPLETE Column stats: COMPLETE
                      Reduce Output Operator
                        sort order: 
                        Statistics: Num rows: 1 Data size: 16 Basic stats: COMPLETE Column stats: COMPLETE
                        value expressions: _col0 (type: bigint), _col1 (type: bigint)
                  Group By Operator
                    keys: p_name (type: string)
                    mode: hash
                    outputColumnNames: _col0
                    Statistics: Num rows: 13 Data size: 1573 Basic stats: COMPLETE Column stats: COMPLETE
                    Reduce Output Operator
                      key expressions: _col0 (type: string)
                      sort order: +
                      Map-reduce partition columns: _col0 (type: string)
                      Statistics: Num rows: 13 Data size: 1573 Basic stats: COMPLETE Column stats: COMPLETE
            Execution mode: vectorized, llap
            LLAP IO: no inputs
        Reducer 2 
            Execution mode: llap
            Reduce Operator Tree:
              Merge Join Operator
                condition map:
                     Inner Join 0 to 1
                     Inner Join 0 to 2
                keys:
                  0 
                  1 
                  2 
                outputColumnNames: _col0, _col1, _col2, _col3, _col4, _col5, _col6, _col7, _col8, _col9, _col10, _col11
                residual filter predicates: {(not (_col1 like _col9))}
                Statistics: Num rows: 1 Data size: 1505 Basic stats: COMPLETE Column stats: NONE
                Reduce Output Operator
                  key expressions: _col3 (type: string)
                  sort order: +
                  Map-reduce partition columns: _col3 (type: string)
                  Statistics: Num rows: 1 Data size: 1505 Basic stats: COMPLETE Column stats: NONE
                  value expressions: _col0 (type: int), _col1 (type: string), _col2 (type: string), _col4 (type: string), _col5 (type: int), _col6 (type: string), _col7 (type: double), _col8 (type: string), _col10 (type: bigint), _col11 (type: bigint)
        Reducer 3 
            Execution mode: llap
            Reduce Operator Tree:
              Merge Join Operator
                condition map:
                     Left Outer Join 0 to 1
                keys:
                  0 _col3 (type: string)
                  1 _col0 (type: string)
                outputColumnNames: _col0, _col1, _col2, _col3, _col4, _col5, _col6, _col7, _col8, _col10, _col11, _col13
                Statistics: Num rows: 14 Data size: 1787 Basic stats: COMPLETE Column stats: NONE
                Filter Operator
                  predicate: ((_col10 = 0L) or (_col13 is null and _col3 is not null and (_col11 >= _col10))) (type: boolean)
                  Statistics: Num rows: 9 Data size: 1148 Basic stats: COMPLETE Column stats: NONE
                  Select Operator
                    expressions: _col0 (type: int), _col1 (type: string), _col2 (type: string), _col3 (type: string), _col4 (type: string), _col5 (type: int), _col6 (type: string), _col7 (type: double), _col8 (type: string)
                    outputColumnNames: _col0, _col1, _col2, _col3, _col4, _col5, _col6, _col7, _col8
                    Statistics: Num rows: 9 Data size: 1148 Basic stats: COMPLETE Column stats: NONE
                    File Output Operator
                      compressed: false
                      Statistics: Num rows: 9 Data size: 1148 Basic stats: COMPLETE Column stats: NONE
                      table:
                          input format: org.apache.hadoop.mapred.SequenceFileInputFormat
                          output format: org.apache.hadoop.hive.ql.io.HiveSequenceFileOutputFormat
                          serde: org.apache.hadoop.hive.serde2.lazy.LazySimpleSerDe
        Reducer 5 
            Execution mode: vectorized, llap
            Reduce Operator Tree:
              Group By Operator
                aggregations: min(VALUE._col0)
                mode: mergepartial
                outputColumnNames: _col0
                Statistics: Num rows: 1 Data size: 368 Basic stats: COMPLETE Column stats: NONE
                Reduce Output Operator
                  sort order: 
                  Statistics: Num rows: 1 Data size: 368 Basic stats: COMPLETE Column stats: NONE
                  value expressions: _col0 (type: string)
        Reducer 7 
            Execution mode: vectorized, llap
            Reduce Operator Tree:
              Group By Operator
                aggregations: count(VALUE._col0), count(VALUE._col1)
                mode: mergepartial
                outputColumnNames: _col0, _col1
                Statistics: Num rows: 1 Data size: 16 Basic stats: COMPLETE Column stats: COMPLETE
                Reduce Output Operator
                  sort order: 
                  Statistics: Num rows: 1 Data size: 16 Basic stats: COMPLETE Column stats: COMPLETE
                  value expressions: _col0 (type: bigint), _col1 (type: bigint)
        Reducer 8 
            Execution mode: vectorized, llap
            Reduce Operator Tree:
              Group By Operator
                keys: KEY._col0 (type: string)
                mode: mergepartial
                outputColumnNames: _col0
                Statistics: Num rows: 13 Data size: 1573 Basic stats: COMPLETE Column stats: COMPLETE
                Select Operator
                  expressions: _col0 (type: string), true (type: boolean)
                  outputColumnNames: _col0, _col1
                  Statistics: Num rows: 13 Data size: 1625 Basic stats: COMPLETE Column stats: COMPLETE
                  Reduce Output Operator
                    key expressions: _col0 (type: string)
                    sort order: +
                    Map-reduce partition columns: _col0 (type: string)
                    Statistics: Num rows: 13 Data size: 1625 Basic stats: COMPLETE Column stats: COMPLETE
                    value expressions: _col1 (type: boolean)

  Stage: Stage-0
    Fetch Operator
      limit: -1
      Processor Tree:
        ListSink

Warning: Shuffle Join MERGEJOIN[32][tables = [$hdt$_0, $hdt$_1, $hdt$_2]] in Stage 'Reducer 2' is a cross product
PREHOOK: query: select * from part_null_n0 where p_name NOT LIKE (select min(p_name) from part_null_n0) AND p_brand NOT IN (select p_name from part)
PREHOOK: type: QUERY
PREHOOK: Input: default@part
PREHOOK: Input: default@part_null_n0
#### A masked pattern was here ####
POSTHOOK: query: select * from part_null_n0 where p_name NOT LIKE (select min(p_name) from part_null_n0) AND p_brand NOT IN (select p_name from part)
POSTHOOK: type: QUERY
POSTHOOK: Input: default@part
POSTHOOK: Input: default@part_null_n0
#### A masked pattern was here ####
105685	almond antique violet chocolate turquoise	Manufacturer#2	Brand#22	MEDIUM ANODIZED COPPER	14	MED CAN	1690.68	ly pending requ
110592	almond antique salmon chartreuse burlywood	Manufacturer#1	Brand#15	PROMO BURNISHED NICKEL	6	JUMBO PKG	1602.59	 to the furiously
112398	almond antique metallic orange dim	Manufacturer#3	Brand#32	MEDIUM BURNISHED BRASS	19	JUMBO JAR	1410.39	ole car
121152	almond antique burnished rose metallic	Manufacturer#1	Brand#14	PROMO PLATED TIN	2	JUMBO BOX	1173.15	e pinto beans h
121152	almond antique burnished rose metallic	Manufacturer#1	Brand#14	PROMO PLATED TIN	2	JUMBO BOX	1173.15	e pinto beans h
132666	almond aquamarine rose maroon antique	Manufacturer#2	Brand#24	SMALL POLISHED NICKEL	25	MED BOX	1698.66	even 
144293	almond antique olive coral navajo	Manufacturer#3	Brand#34	STANDARD POLISHED STEEL	45	JUMBO CAN	1337.29	ag furiously about 
146985	almond aquamarine midnight light salmon	Manufacturer#2	Brand#23	MEDIUM BURNISHED COPPER	2	SM CASE	2031.98	s cajole caref
15103	almond aquamarine dodger light gainsboro	Manufacturer#5	Brand#53	ECONOMY BURNISHED STEEL	46	LG PACK	1018.1	packages hinder carefu
155733	almond antique sky peru orange	Manufacturer#5	Brand#53	SMALL PLATED BRASS	2	WRAP DRUM	1788.73	furiously. bra
17273	almond antique forest lavender goldenrod	Manufacturer#3	Brand#35	PROMO ANODIZED TIN	14	JUMBO CASE	1190.27	along the
17927	almond aquamarine yellow dodger mint	Manufacturer#4	Brand#41	ECONOMY BRUSHED COPPER	7	SM PKG	1844.92	ites. eve
191709	almond antique violet turquoise frosted	Manufacturer#2	Brand#22	ECONOMY POLISHED STEEL	40	MED BOX	1800.7	 haggle
195606	almond aquamarine sandy cyan gainsboro	Manufacturer#2	Brand#25	STANDARD PLATED TIN	18	SM PKG	1701.6	ic de
33357	almond azure aquamarine papaya violet	Manufacturer#4	Brand#41	STANDARD ANODIZED TIN	12	WRAP CASE	1290.35	reful
40982	almond antique misty red olive	Manufacturer#3	Brand#32	ECONOMY PLATED COPPER	1	LG PKG	1922.98	c foxes can s
42669	almond antique medium spring khaki	Manufacturer#5	Brand#51	STANDARD BURNISHED TIN	6	MED CAN	1611.66	sits haggl
45261	almond aquamarine floral ivory bisque	Manufacturer#4	Brand#42	SMALL PLATED STEEL	27	WRAP CASE	1206.26	careful
48427	almond antique violet mint lemon	Manufacturer#4	Brand#42	PROMO POLISHED STEEL	39	SM CASE	1375.42	hely ironic i
49671	almond antique gainsboro frosted violet	Manufacturer#4	Brand#41	SMALL BRUSHED BRASS	10	SM BOX	1620.67	ccounts run quick
65667	almond aquamarine pink moccasin thistle	Manufacturer#1	Brand#12	LARGE BURNISHED STEEL	42	JUMBO CASE	1632.66	e across the expr
78486	almond azure blanched chiffon midnight	Manufacturer#5	Brand#52	LARGE BRUSHED BRASS	23	MED BAG	1464.48	hely blith
85768	almond antique chartreuse lavender yellow	Manufacturer#1	Brand#12	LARGE BRUSHED STEEL	34	SM BAG	1753.76	refull
86428	almond aquamarine burnished black steel	Manufacturer#1	Brand#12	STANDARD ANODIZED STEEL	28	WRAP BAG	1414.42	arefully 
90681	almond antique chartreuse khaki white	Manufacturer#3	Brand#31	MEDIUM BURNISHED TIN	17	SM CASE	1671.68	are slyly after the sl
Warning: Shuffle Join MERGEJOIN[43][tables = [$hdt$_0, $hdt$_1]] in Stage 'Reducer 2' is a cross product
PREHOOK: query: explain select * from part_null_n0 where p_brand NOT IN (select p_name from part) AND p_name NOT LIKE (select min(p_name) from part_null_n0 pp where part_null_n0.p_type = pp.p_type)
PREHOOK: type: QUERY
POSTHOOK: query: explain select * from part_null_n0 where p_brand NOT IN (select p_name from part) AND p_name NOT LIKE (select min(p_name) from part_null_n0 pp where part_null_n0.p_type = pp.p_type)
POSTHOOK: type: QUERY
STAGE DEPENDENCIES:
  Stage-1 is a root stage
  Stage-0 depends on stages: Stage-1

STAGE PLANS:
  Stage: Stage-1
    Tez
#### A masked pattern was here ####
      Edges:
        Reducer 2 <- Map 1 (XPROD_EDGE), Reducer 6 (XPROD_EDGE)
        Reducer 3 <- Reducer 2 (SIMPLE_EDGE), Reducer 7 (ONE_TO_ONE_EDGE)
        Reducer 4 <- Reducer 3 (SIMPLE_EDGE), Reducer 9 (ONE_TO_ONE_EDGE)
        Reducer 6 <- Map 5 (CUSTOM_SIMPLE_EDGE)
        Reducer 7 <- Map 5 (SIMPLE_EDGE)
        Reducer 9 <- Map 8 (SIMPLE_EDGE)
#### A masked pattern was here ####
      Vertices:
        Map 1 
            Map Operator Tree:
                TableScan
                  alias: part_null_n0
                  Statistics: Num rows: 1 Data size: 1120 Basic stats: COMPLETE Column stats: NONE
                  Filter Operator
                    predicate: p_type is not null (type: boolean)
                    Statistics: Num rows: 1 Data size: 1120 Basic stats: COMPLETE Column stats: NONE
                    Select Operator
                      expressions: p_partkey (type: int), p_name (type: string), p_mfgr (type: string), p_brand (type: string), p_type (type: string), p_size (type: int), p_container (type: string), p_retailprice (type: double), p_comment_n11 (type: string)
                      outputColumnNames: _col0, _col1, _col2, _col3, _col4, _col5, _col6, _col7, _col8
                      Statistics: Num rows: 1 Data size: 1120 Basic stats: COMPLETE Column stats: NONE
                      Reduce Output Operator
                        sort order: 
                        Statistics: Num rows: 1 Data size: 1120 Basic stats: COMPLETE Column stats: NONE
                        value expressions: _col0 (type: int), _col1 (type: string), _col2 (type: string), _col3 (type: string), _col4 (type: string), _col5 (type: int), _col6 (type: string), _col7 (type: double), _col8 (type: string)
            Execution mode: vectorized, llap
            LLAP IO: no inputs
        Map 5 
            Map Operator Tree:
                TableScan
                  alias: part
                  Statistics: Num rows: 26 Data size: 3146 Basic stats: COMPLETE Column stats: COMPLETE
                  Select Operator
                    expressions: p_name (type: string)
                    outputColumnNames: p_name
                    Statistics: Num rows: 26 Data size: 3146 Basic stats: COMPLETE Column stats: COMPLETE
                    Group By Operator
                      aggregations: count(), count(p_name)
                      mode: hash
                      outputColumnNames: _col0, _col1
                      Statistics: Num rows: 1 Data size: 16 Basic stats: COMPLETE Column stats: COMPLETE
                      Reduce Output Operator
                        sort order: 
                        Statistics: Num rows: 1 Data size: 16 Basic stats: COMPLETE Column stats: COMPLETE
                        value expressions: _col0 (type: bigint), _col1 (type: bigint)
                  Group By Operator
                    keys: p_name (type: string)
                    mode: hash
                    outputColumnNames: _col0
                    Statistics: Num rows: 13 Data size: 1573 Basic stats: COMPLETE Column stats: COMPLETE
                    Reduce Output Operator
                      key expressions: _col0 (type: string)
                      sort order: +
                      Map-reduce partition columns: _col0 (type: string)
                      Statistics: Num rows: 13 Data size: 1573 Basic stats: COMPLETE Column stats: COMPLETE
            Execution mode: vectorized, llap
            LLAP IO: no inputs
        Map 8 
            Map Operator Tree:
                TableScan
                  alias: pp
                  Statistics: Num rows: 1 Data size: 368 Basic stats: COMPLETE Column stats: NONE
                  Filter Operator
                    predicate: p_type is not null (type: boolean)
                    Statistics: Num rows: 1 Data size: 368 Basic stats: COMPLETE Column stats: NONE
                    Group By Operator
                      aggregations: min(p_name)
                      keys: p_type (type: string)
                      mode: hash
                      outputColumnNames: _col0, _col1
                      Statistics: Num rows: 1 Data size: 368 Basic stats: COMPLETE Column stats: NONE
                      Reduce Output Operator
                        key expressions: _col0 (type: string)
                        sort order: +
                        Map-reduce partition columns: _col0 (type: string)
                        Statistics: Num rows: 1 Data size: 368 Basic stats: COMPLETE Column stats: NONE
                        value expressions: _col1 (type: string)
            Execution mode: vectorized, llap
            LLAP IO: no inputs
        Reducer 2 
            Execution mode: llap
            Reduce Operator Tree:
              Merge Join Operator
                condition map:
                     Inner Join 0 to 1
                keys:
                  0 
                  1 
                outputColumnNames: _col0, _col1, _col2, _col3, _col4, _col5, _col6, _col7, _col8, _col9, _col10
                Statistics: Num rows: 1 Data size: 1137 Basic stats: COMPLETE Column stats: NONE
                Reduce Output Operator
                  key expressions: _col3 (type: string)
                  sort order: +
                  Map-reduce partition columns: _col3 (type: string)
                  Statistics: Num rows: 1 Data size: 1137 Basic stats: COMPLETE Column stats: NONE
                  value expressions: _col0 (type: int), _col1 (type: string), _col2 (type: string), _col4 (type: string), _col5 (type: int), _col6 (type: string), _col7 (type: double), _col8 (type: string), _col9 (type: bigint), _col10 (type: bigint)
        Reducer 3 
            Execution mode: llap
            Reduce Operator Tree:
              Merge Join Operator
                condition map:
                     Left Outer Join 0 to 1
                keys:
                  0 _col3 (type: string)
                  1 _col0 (type: string)
                outputColumnNames: _col0, _col1, _col2, _col3, _col4, _col5, _col6, _col7, _col8, _col9, _col10, _col12
                Statistics: Num rows: 14 Data size: 1787 Basic stats: COMPLETE Column stats: NONE
                Filter Operator
                  predicate: ((_col12 is null and _col3 is not null and (_col10 >= _col9)) or (_col9 = 0L)) (type: boolean)
                  Statistics: Num rows: 9 Data size: 1148 Basic stats: COMPLETE Column stats: NONE
                  Select Operator
                    expressions: _col0 (type: int), _col1 (type: string), _col2 (type: string), _col3 (type: string), _col4 (type: string), _col5 (type: int), _col6 (type: string), _col7 (type: double), _col8 (type: string)
                    outputColumnNames: _col0, _col1, _col2, _col3, _col4, _col5, _col6, _col7, _col8
                    Statistics: Num rows: 9 Data size: 1148 Basic stats: COMPLETE Column stats: NONE
                    Reduce Output Operator
                      key expressions: _col4 (type: string)
                      sort order: +
                      Map-reduce partition columns: _col4 (type: string)
                      Statistics: Num rows: 9 Data size: 1148 Basic stats: COMPLETE Column stats: NONE
                      value expressions: _col0 (type: int), _col1 (type: string), _col2 (type: string), _col3 (type: string), _col5 (type: int), _col6 (type: string), _col7 (type: double), _col8 (type: string)
        Reducer 4 
            Execution mode: llap
            Reduce Operator Tree:
              Merge Join Operator
                condition map:
                     Inner Join 0 to 1
                keys:
                  0 _col4 (type: string)
                  1 _col1 (type: string)
                outputColumnNames: _col0, _col1, _col2, _col3, _col4, _col5, _col6, _col7, _col8, _col13
                residual filter predicates: {(not (_col1 like _col13))}
                Statistics: Num rows: 5 Data size: 701 Basic stats: COMPLETE Column stats: NONE
                Select Operator
                  expressions: _col0 (type: int), _col1 (type: string), _col2 (type: string), _col3 (type: string), _col4 (type: string), _col5 (type: int), _col6 (type: string), _col7 (type: double), _col8 (type: string)
                  outputColumnNames: _col0, _col1, _col2, _col3, _col4, _col5, _col6, _col7, _col8
                  Statistics: Num rows: 5 Data size: 701 Basic stats: COMPLETE Column stats: NONE
                  File Output Operator
                    compressed: false
                    Statistics: Num rows: 5 Data size: 701 Basic stats: COMPLETE Column stats: NONE
                    table:
                        input format: org.apache.hadoop.mapred.SequenceFileInputFormat
                        output format: org.apache.hadoop.hive.ql.io.HiveSequenceFileOutputFormat
                        serde: org.apache.hadoop.hive.serde2.lazy.LazySimpleSerDe
        Reducer 6 
            Execution mode: vectorized, llap
            Reduce Operator Tree:
              Group By Operator
                aggregations: count(VALUE._col0), count(VALUE._col1)
                mode: mergepartial
                outputColumnNames: _col0, _col1
                Statistics: Num rows: 1 Data size: 16 Basic stats: COMPLETE Column stats: COMPLETE
                Reduce Output Operator
                  sort order: 
                  Statistics: Num rows: 1 Data size: 16 Basic stats: COMPLETE Column stats: COMPLETE
                  value expressions: _col0 (type: bigint), _col1 (type: bigint)
        Reducer 7 
            Execution mode: vectorized, llap
            Reduce Operator Tree:
              Group By Operator
                keys: KEY._col0 (type: string)
                mode: mergepartial
                outputColumnNames: _col0
                Statistics: Num rows: 13 Data size: 1573 Basic stats: COMPLETE Column stats: COMPLETE
                Select Operator
                  expressions: _col0 (type: string), true (type: boolean)
                  outputColumnNames: _col0, _col1
                  Statistics: Num rows: 13 Data size: 1625 Basic stats: COMPLETE Column stats: COMPLETE
                  Reduce Output Operator
                    key expressions: _col0 (type: string)
                    sort order: +
                    Map-reduce partition columns: _col0 (type: string)
                    Statistics: Num rows: 13 Data size: 1625 Basic stats: COMPLETE Column stats: COMPLETE
                    value expressions: _col1 (type: boolean)
        Reducer 9 
            Execution mode: vectorized, llap
            Reduce Operator Tree:
              Group By Operator
                aggregations: min(VALUE._col0)
                keys: KEY._col0 (type: string)
                mode: mergepartial
                outputColumnNames: _col0, _col1
                Statistics: Num rows: 1 Data size: 368 Basic stats: COMPLETE Column stats: NONE
                Select Operator
                  expressions: _col1 (type: string), _col0 (type: string)
                  outputColumnNames: _col0, _col1
                  Statistics: Num rows: 1 Data size: 368 Basic stats: COMPLETE Column stats: NONE
                  Reduce Output Operator
                    key expressions: _col1 (type: string)
                    sort order: +
                    Map-reduce partition columns: _col1 (type: string)
                    Statistics: Num rows: 1 Data size: 368 Basic stats: COMPLETE Column stats: NONE
                    value expressions: _col0 (type: string)

  Stage: Stage-0
    Fetch Operator
      limit: -1
      Processor Tree:
        ListSink

Warning: Shuffle Join MERGEJOIN[43][tables = [$hdt$_0, $hdt$_1]] in Stage 'Reducer 2' is a cross product
PREHOOK: query: select * from part_null_n0 where p_brand NOT IN (select p_name from part) AND p_name NOT LIKE (select min(p_name) from part_null_n0 pp where part_null_n0.p_type = pp.p_type)
PREHOOK: type: QUERY
PREHOOK: Input: default@part
PREHOOK: Input: default@part_null_n0
#### A masked pattern was here ####
POSTHOOK: query: select * from part_null_n0 where p_brand NOT IN (select p_name from part) AND p_name NOT LIKE (select min(p_name) from part_null_n0 pp where part_null_n0.p_type = pp.p_type)
POSTHOOK: type: QUERY
POSTHOOK: Input: default@part
POSTHOOK: Input: default@part_null_n0
#### A masked pattern was here ####
90681	almond antique chartreuse khaki white	Manufacturer#3	Brand#31	MEDIUM BURNISHED TIN	17	SM CASE	1671.68	are slyly after the sl
Warning: Shuffle Join MERGEJOIN[32][tables = [$hdt$_0, $hdt$_1, $hdt$_2]] in Stage 'Reducer 4' is a cross product
PREHOOK: query: explain select p.p_partkey, li.l_suppkey 
from (select distinct l_partkey as p_partkey from lineitem) p join lineitem li on p.p_partkey = li.l_partkey 
where li.l_linenumber = 1 and
li.l_orderkey <> (select min(l_orderkey) from lineitem where l_shipmode = 'AIR' and l_linenumber = li.l_linenumber)
PREHOOK: type: QUERY
POSTHOOK: query: explain select p.p_partkey, li.l_suppkey 
from (select distinct l_partkey as p_partkey from lineitem) p join lineitem li on p.p_partkey = li.l_partkey 
where li.l_linenumber = 1 and
li.l_orderkey <> (select min(l_orderkey) from lineitem where l_shipmode = 'AIR' and l_linenumber = li.l_linenumber)
POSTHOOK: type: QUERY
STAGE DEPENDENCIES:
  Stage-1 is a root stage
  Stage-0 depends on stages: Stage-1

STAGE PLANS:
  Stage: Stage-1
    Tez
#### A masked pattern was here ####
      Edges:
        Reducer 2 <- Map 1 (SIMPLE_EDGE)
        Reducer 3 <- Map 5 (SIMPLE_EDGE), Reducer 2 (ONE_TO_ONE_EDGE)
        Reducer 4 <- Reducer 3 (XPROD_EDGE), Reducer 7 (XPROD_EDGE)
        Reducer 7 <- Map 6 (SIMPLE_EDGE)
#### A masked pattern was here ####
      Vertices:
        Map 1 
            Map Operator Tree:
                TableScan
                  alias: lineitem
                  Statistics: Num rows: 100 Data size: 400 Basic stats: COMPLETE Column stats: COMPLETE
                  Filter Operator
                    predicate: l_partkey is not null (type: boolean)
                    Statistics: Num rows: 100 Data size: 400 Basic stats: COMPLETE Column stats: COMPLETE
                    Group By Operator
                      keys: l_partkey (type: int)
                      mode: hash
                      outputColumnNames: _col0
                      Statistics: Num rows: 50 Data size: 200 Basic stats: COMPLETE Column stats: COMPLETE
                      Reduce Output Operator
                        key expressions: _col0 (type: int)
                        sort order: +
                        Map-reduce partition columns: _col0 (type: int)
                        Statistics: Num rows: 50 Data size: 200 Basic stats: COMPLETE Column stats: COMPLETE
            Execution mode: vectorized, llap
            LLAP IO: no inputs
        Map 5 
            Map Operator Tree:
                TableScan
                  alias: li
                  Statistics: Num rows: 100 Data size: 1600 Basic stats: COMPLETE Column stats: COMPLETE
                  Filter Operator
                    predicate: ((l_linenumber = 1) and l_partkey is not null) (type: boolean)
                    Statistics: Num rows: 14 Data size: 224 Basic stats: COMPLETE Column stats: COMPLETE
                    Select Operator
                      expressions: l_orderkey (type: int), l_partkey (type: int), l_suppkey (type: int)
                      outputColumnNames: _col0, _col1, _col2
                      Statistics: Num rows: 14 Data size: 224 Basic stats: COMPLETE Column stats: COMPLETE
                      Reduce Output Operator
                        key expressions: _col1 (type: int)
                        sort order: +
                        Map-reduce partition columns: _col1 (type: int)
                        Statistics: Num rows: 14 Data size: 224 Basic stats: COMPLETE Column stats: COMPLETE
                        value expressions: _col0 (type: int), _col2 (type: int)
            Execution mode: vectorized, llap
            LLAP IO: no inputs
        Map 6 
            Map Operator Tree:
                TableScan
                  alias: lineitem
                  Statistics: Num rows: 100 Data size: 9600 Basic stats: COMPLETE Column stats: COMPLETE
                  Filter Operator
                    predicate: ((l_linenumber = 1) and (l_shipmode = 'AIR')) (type: boolean)
                    Statistics: Num rows: 14 Data size: 1344 Basic stats: COMPLETE Column stats: COMPLETE
                    Select Operator
                      expressions: l_orderkey (type: int)
                      outputColumnNames: _col1
                      Statistics: Num rows: 14 Data size: 1344 Basic stats: COMPLETE Column stats: COMPLETE
                      Group By Operator
                        aggregations: min(_col1)
                        keys: 1 (type: int)
                        mode: hash
                        outputColumnNames: _col0, _col1
                        Statistics: Num rows: 1 Data size: 8 Basic stats: COMPLETE Column stats: COMPLETE
                        Reduce Output Operator
                          key expressions: _col0 (type: int)
                          sort order: +
                          Map-reduce partition columns: _col0 (type: int)
                          Statistics: Num rows: 1 Data size: 8 Basic stats: COMPLETE Column stats: COMPLETE
                          value expressions: _col1 (type: int)
            Execution mode: vectorized, llap
            LLAP IO: no inputs
        Reducer 2 
            Execution mode: vectorized, llap
            Reduce Operator Tree:
              Group By Operator
                keys: KEY._col0 (type: int)
                mode: mergepartial
                outputColumnNames: _col0
                Statistics: Num rows: 50 Data size: 200 Basic stats: COMPLETE Column stats: COMPLETE
                Reduce Output Operator
                  key expressions: _col0 (type: int)
                  sort order: +
                  Map-reduce partition columns: _col0 (type: int)
                  Statistics: Num rows: 50 Data size: 200 Basic stats: COMPLETE Column stats: COMPLETE
        Reducer 3 
            Execution mode: llap
            Reduce Operator Tree:
              Merge Join Operator
                condition map:
                     Inner Join 0 to 1
                keys:
                  0 _col0 (type: int)
                  1 _col1 (type: int)
                outputColumnNames: _col0, _col1, _col3
                Statistics: Num rows: 7 Data size: 84 Basic stats: COMPLETE Column stats: COMPLETE
                Reduce Output Operator
                  sort order: 
                  Statistics: Num rows: 7 Data size: 84 Basic stats: COMPLETE Column stats: COMPLETE
                  value expressions: _col0 (type: int), _col1 (type: int), _col3 (type: int)
        Reducer 4 
            Execution mode: llap
            Reduce Operator Tree:
              Merge Join Operator
                condition map:
                     Inner Join 0 to 1
                keys:
                  0 
                  1 
                outputColumnNames: _col0, _col1, _col3, _col5
                residual filter predicates: {(_col1 <> _col5)}
                Statistics: Num rows: 7 Data size: 112 Basic stats: COMPLETE Column stats: COMPLETE
                Select Operator
                  expressions: _col0 (type: int), _col3 (type: int)
                  outputColumnNames: _col0, _col1
                  Statistics: Num rows: 7 Data size: 56 Basic stats: COMPLETE Column stats: COMPLETE
                  File Output Operator
                    compressed: false
                    Statistics: Num rows: 7 Data size: 56 Basic stats: COMPLETE Column stats: COMPLETE
                    table:
                        input format: org.apache.hadoop.mapred.SequenceFileInputFormat
                        output format: org.apache.hadoop.hive.ql.io.HiveSequenceFileOutputFormat
                        serde: org.apache.hadoop.hive.serde2.lazy.LazySimpleSerDe
        Reducer 7 
            Execution mode: vectorized, llap
            Reduce Operator Tree:
              Group By Operator
                aggregations: min(VALUE._col0)
                keys: KEY._col0 (type: int)
                mode: mergepartial
                outputColumnNames: _col0, _col1
                Statistics: Num rows: 1 Data size: 8 Basic stats: COMPLETE Column stats: COMPLETE
                Select Operator
                  expressions: _col1 (type: int)
                  outputColumnNames: _col0
                  Statistics: Num rows: 1 Data size: 4 Basic stats: COMPLETE Column stats: COMPLETE
                  Reduce Output Operator
                    sort order: 
                    Statistics: Num rows: 1 Data size: 4 Basic stats: COMPLETE Column stats: COMPLETE
                    value expressions: _col0 (type: int)

  Stage: Stage-0
    Fetch Operator
      limit: -1
      Processor Tree:
        ListSink

Warning: Shuffle Join MERGEJOIN[32][tables = [$hdt$_0, $hdt$_1, $hdt$_2]] in Stage 'Reducer 4' is a cross product
PREHOOK: query: select p.p_partkey, li.l_suppkey 
from (select distinct l_partkey as p_partkey from lineitem) p join lineitem li on p.p_partkey = li.l_partkey 
where li.l_linenumber = 1 and
li.l_orderkey <> (select min(l_orderkey) from lineitem where l_shipmode = 'AIR' and l_linenumber = li.l_linenumber)
PREHOOK: type: QUERY
PREHOOK: Input: default@lineitem
#### A masked pattern was here ####
POSTHOOK: query: select p.p_partkey, li.l_suppkey 
from (select distinct l_partkey as p_partkey from lineitem) p join lineitem li on p.p_partkey = li.l_partkey 
where li.l_linenumber = 1 and
li.l_orderkey <> (select min(l_orderkey) from lineitem where l_shipmode = 'AIR' and l_linenumber = li.l_linenumber)
POSTHOOK: type: QUERY
POSTHOOK: Input: default@lineitem
#### A masked pattern was here ####
106170	1191
108570	8571
115118	7630
115209	7721
119477	1989
119767	9768
123076	613
139636	2150
155190	7706
175839	874
182052	9607
21636	9143
22630	5133
2320	9821
40216	217
450	2951
59694	4705
61336	8855
61931	1932
64128	9141
7068	9569
82704	7721
85951	5952
88035	5560
88362	871
Warning: Shuffle Join MERGEJOIN[32][tables = [$hdt$_0, $hdt$_1, $hdt$_2]] in Stage 'Reducer 4' is a cross product
PREHOOK: query: explain select p.p_partkey, li.l_suppkey 
from (select distinct l_partkey as p_partkey from lineitem) p join lineitem li on p.p_partkey = li.l_partkey 
where li.l_linenumber = 1 and
 li.l_orderkey <> (select min(l_orderkey) from lineitem where l_shipmode = 'AIR' and l_linenumber = li.l_linenumber)
PREHOOK: type: QUERY
POSTHOOK: query: explain select p.p_partkey, li.l_suppkey 
from (select distinct l_partkey as p_partkey from lineitem) p join lineitem li on p.p_partkey = li.l_partkey 
where li.l_linenumber = 1 and
 li.l_orderkey <> (select min(l_orderkey) from lineitem where l_shipmode = 'AIR' and l_linenumber = li.l_linenumber)
POSTHOOK: type: QUERY
STAGE DEPENDENCIES:
  Stage-1 is a root stage
  Stage-0 depends on stages: Stage-1

STAGE PLANS:
  Stage: Stage-1
    Tez
#### A masked pattern was here ####
      Edges:
        Reducer 2 <- Map 1 (SIMPLE_EDGE)
        Reducer 3 <- Map 5 (SIMPLE_EDGE), Reducer 2 (ONE_TO_ONE_EDGE)
        Reducer 4 <- Reducer 3 (XPROD_EDGE), Reducer 7 (XPROD_EDGE)
        Reducer 7 <- Map 6 (SIMPLE_EDGE)
#### A masked pattern was here ####
      Vertices:
        Map 1 
            Map Operator Tree:
                TableScan
                  alias: lineitem
                  Statistics: Num rows: 100 Data size: 400 Basic stats: COMPLETE Column stats: COMPLETE
                  Filter Operator
                    predicate: l_partkey is not null (type: boolean)
                    Statistics: Num rows: 100 Data size: 400 Basic stats: COMPLETE Column stats: COMPLETE
                    Group By Operator
                      keys: l_partkey (type: int)
                      mode: hash
                      outputColumnNames: _col0
                      Statistics: Num rows: 50 Data size: 200 Basic stats: COMPLETE Column stats: COMPLETE
                      Reduce Output Operator
                        key expressions: _col0 (type: int)
                        sort order: +
                        Map-reduce partition columns: _col0 (type: int)
                        Statistics: Num rows: 50 Data size: 200 Basic stats: COMPLETE Column stats: COMPLETE
            Execution mode: vectorized, llap
            LLAP IO: no inputs
        Map 5 
            Map Operator Tree:
                TableScan
                  alias: li
                  Statistics: Num rows: 100 Data size: 1600 Basic stats: COMPLETE Column stats: COMPLETE
                  Filter Operator
                    predicate: ((l_linenumber = 1) and l_partkey is not null) (type: boolean)
                    Statistics: Num rows: 14 Data size: 224 Basic stats: COMPLETE Column stats: COMPLETE
                    Select Operator
                      expressions: l_orderkey (type: int), l_partkey (type: int), l_suppkey (type: int)
                      outputColumnNames: _col0, _col1, _col2
                      Statistics: Num rows: 14 Data size: 224 Basic stats: COMPLETE Column stats: COMPLETE
                      Reduce Output Operator
                        key expressions: _col1 (type: int)
                        sort order: +
                        Map-reduce partition columns: _col1 (type: int)
                        Statistics: Num rows: 14 Data size: 224 Basic stats: COMPLETE Column stats: COMPLETE
                        value expressions: _col0 (type: int), _col2 (type: int)
            Execution mode: vectorized, llap
            LLAP IO: no inputs
        Map 6 
            Map Operator Tree:
                TableScan
                  alias: lineitem
                  Statistics: Num rows: 100 Data size: 9600 Basic stats: COMPLETE Column stats: COMPLETE
                  Filter Operator
                    predicate: ((l_linenumber = 1) and (l_shipmode = 'AIR')) (type: boolean)
                    Statistics: Num rows: 14 Data size: 1344 Basic stats: COMPLETE Column stats: COMPLETE
                    Select Operator
                      expressions: l_orderkey (type: int)
                      outputColumnNames: _col1
                      Statistics: Num rows: 14 Data size: 1344 Basic stats: COMPLETE Column stats: COMPLETE
                      Group By Operator
                        aggregations: min(_col1)
                        keys: 1 (type: int)
                        mode: hash
                        outputColumnNames: _col0, _col1
                        Statistics: Num rows: 1 Data size: 8 Basic stats: COMPLETE Column stats: COMPLETE
                        Reduce Output Operator
                          key expressions: _col0 (type: int)
                          sort order: +
                          Map-reduce partition columns: _col0 (type: int)
                          Statistics: Num rows: 1 Data size: 8 Basic stats: COMPLETE Column stats: COMPLETE
                          value expressions: _col1 (type: int)
            Execution mode: vectorized, llap
            LLAP IO: no inputs
        Reducer 2 
            Execution mode: vectorized, llap
            Reduce Operator Tree:
              Group By Operator
                keys: KEY._col0 (type: int)
                mode: mergepartial
                outputColumnNames: _col0
                Statistics: Num rows: 50 Data size: 200 Basic stats: COMPLETE Column stats: COMPLETE
                Reduce Output Operator
                  key expressions: _col0 (type: int)
                  sort order: +
                  Map-reduce partition columns: _col0 (type: int)
                  Statistics: Num rows: 50 Data size: 200 Basic stats: COMPLETE Column stats: COMPLETE
        Reducer 3 
            Execution mode: llap
            Reduce Operator Tree:
              Merge Join Operator
                condition map:
                     Inner Join 0 to 1
                keys:
                  0 _col0 (type: int)
                  1 _col1 (type: int)
                outputColumnNames: _col0, _col1, _col3
                Statistics: Num rows: 7 Data size: 84 Basic stats: COMPLETE Column stats: COMPLETE
                Reduce Output Operator
                  sort order: 
                  Statistics: Num rows: 7 Data size: 84 Basic stats: COMPLETE Column stats: COMPLETE
                  value expressions: _col0 (type: int), _col1 (type: int), _col3 (type: int)
        Reducer 4 
            Execution mode: llap
            Reduce Operator Tree:
              Merge Join Operator
                condition map:
                     Inner Join 0 to 1
                keys:
                  0 
                  1 
                outputColumnNames: _col0, _col1, _col3, _col5
                residual filter predicates: {(_col1 <> _col5)}
                Statistics: Num rows: 7 Data size: 112 Basic stats: COMPLETE Column stats: COMPLETE
                Select Operator
                  expressions: _col0 (type: int), _col3 (type: int)
                  outputColumnNames: _col0, _col1
                  Statistics: Num rows: 7 Data size: 56 Basic stats: COMPLETE Column stats: COMPLETE
                  File Output Operator
                    compressed: false
                    Statistics: Num rows: 7 Data size: 56 Basic stats: COMPLETE Column stats: COMPLETE
                    table:
                        input format: org.apache.hadoop.mapred.SequenceFileInputFormat
                        output format: org.apache.hadoop.hive.ql.io.HiveSequenceFileOutputFormat
                        serde: org.apache.hadoop.hive.serde2.lazy.LazySimpleSerDe
        Reducer 7 
            Execution mode: vectorized, llap
            Reduce Operator Tree:
              Group By Operator
                aggregations: min(VALUE._col0)
                keys: KEY._col0 (type: int)
                mode: mergepartial
                outputColumnNames: _col0, _col1
                Statistics: Num rows: 1 Data size: 8 Basic stats: COMPLETE Column stats: COMPLETE
                Select Operator
                  expressions: _col1 (type: int)
                  outputColumnNames: _col0
                  Statistics: Num rows: 1 Data size: 4 Basic stats: COMPLETE Column stats: COMPLETE
                  Reduce Output Operator
                    sort order: 
                    Statistics: Num rows: 1 Data size: 4 Basic stats: COMPLETE Column stats: COMPLETE
                    value expressions: _col0 (type: int)

  Stage: Stage-0
    Fetch Operator
      limit: -1
      Processor Tree:
        ListSink

Warning: Shuffle Join MERGEJOIN[32][tables = [$hdt$_0, $hdt$_1, $hdt$_2]] in Stage 'Reducer 4' is a cross product
PREHOOK: query: select p.p_partkey, li.l_suppkey 
from (select distinct l_partkey as p_partkey from lineitem) p join lineitem li on p.p_partkey = li.l_partkey 
where li.l_linenumber = 1 and
li.l_orderkey <> (select min(l_orderkey) from lineitem where l_shipmode = 'AIR' and l_linenumber = li.l_linenumber)
PREHOOK: type: QUERY
PREHOOK: Input: default@lineitem
#### A masked pattern was here ####
POSTHOOK: query: select p.p_partkey, li.l_suppkey 
from (select distinct l_partkey as p_partkey from lineitem) p join lineitem li on p.p_partkey = li.l_partkey 
where li.l_linenumber = 1 and
li.l_orderkey <> (select min(l_orderkey) from lineitem where l_shipmode = 'AIR' and l_linenumber = li.l_linenumber)
POSTHOOK: type: QUERY
POSTHOOK: Input: default@lineitem
#### A masked pattern was here ####
106170	1191
108570	8571
115118	7630
115209	7721
119477	1989
119767	9768
123076	613
139636	2150
155190	7706
175839	874
182052	9607
21636	9143
22630	5133
2320	9821
40216	217
450	2951
59694	4705
61336	8855
61931	1932
64128	9141
7068	9569
82704	7721
85951	5952
88035	5560
88362	871
PREHOOK: query: explain select sum(l_extendedprice) from lineitem, part where p_partkey = l_partkey and l_quantity > (select avg(l_quantity) from lineitem where l_partkey = p_partkey)
PREHOOK: type: QUERY
POSTHOOK: query: explain select sum(l_extendedprice) from lineitem, part where p_partkey = l_partkey and l_quantity > (select avg(l_quantity) from lineitem where l_partkey = p_partkey)
POSTHOOK: type: QUERY
STAGE DEPENDENCIES:
  Stage-1 is a root stage
  Stage-0 depends on stages: Stage-1

STAGE PLANS:
  Stage: Stage-1
    Tez
#### A masked pattern was here ####
      Edges:
        Reducer 2 <- Map 1 (SIMPLE_EDGE), Map 4 (SIMPLE_EDGE), Reducer 6 (ONE_TO_ONE_EDGE)
        Reducer 3 <- Reducer 2 (CUSTOM_SIMPLE_EDGE)
        Reducer 6 <- Map 5 (SIMPLE_EDGE)
#### A masked pattern was here ####
      Vertices:
        Map 1 
            Map Operator Tree:
                TableScan
                  alias: lineitem
                  Statistics: Num rows: 100 Data size: 2000 Basic stats: COMPLETE Column stats: COMPLETE
                  Filter Operator
                    predicate: l_partkey is not null (type: boolean)
                    Statistics: Num rows: 100 Data size: 2000 Basic stats: COMPLETE Column stats: COMPLETE
                    Select Operator
                      expressions: l_partkey (type: int), l_quantity (type: double), l_extendedprice (type: double)
                      outputColumnNames: _col0, _col1, _col2
                      Statistics: Num rows: 100 Data size: 2000 Basic stats: COMPLETE Column stats: COMPLETE
                      Reduce Output Operator
                        key expressions: _col0 (type: int)
                        sort order: +
                        Map-reduce partition columns: _col0 (type: int)
                        Statistics: Num rows: 100 Data size: 2000 Basic stats: COMPLETE Column stats: COMPLETE
                        value expressions: _col1 (type: double), _col2 (type: double)
            Execution mode: vectorized, llap
            LLAP IO: no inputs
        Map 4 
            Map Operator Tree:
                TableScan
                  alias: part
                  Statistics: Num rows: 26 Data size: 104 Basic stats: COMPLETE Column stats: COMPLETE
                  Filter Operator
                    predicate: p_partkey is not null (type: boolean)
                    Statistics: Num rows: 26 Data size: 104 Basic stats: COMPLETE Column stats: COMPLETE
                    Select Operator
                      expressions: p_partkey (type: int)
                      outputColumnNames: _col0
                      Statistics: Num rows: 26 Data size: 104 Basic stats: COMPLETE Column stats: COMPLETE
                      Reduce Output Operator
                        key expressions: _col0 (type: int)
                        sort order: +
                        Map-reduce partition columns: _col0 (type: int)
                        Statistics: Num rows: 26 Data size: 104 Basic stats: COMPLETE Column stats: COMPLETE
            Execution mode: vectorized, llap
            LLAP IO: no inputs
        Map 5 
            Map Operator Tree:
                TableScan
                  alias: lineitem
                  Statistics: Num rows: 100 Data size: 1200 Basic stats: COMPLETE Column stats: COMPLETE
                  Filter Operator
                    predicate: l_partkey is not null (type: boolean)
                    Statistics: Num rows: 100 Data size: 1200 Basic stats: COMPLETE Column stats: COMPLETE
                    Group By Operator
                      aggregations: sum(l_quantity), count(l_quantity)
                      keys: l_partkey (type: int)
                      mode: hash
                      outputColumnNames: _col0, _col1, _col2
                      Statistics: Num rows: 50 Data size: 1000 Basic stats: COMPLETE Column stats: COMPLETE
                      Reduce Output Operator
                        key expressions: _col0 (type: int)
                        sort order: +
                        Map-reduce partition columns: _col0 (type: int)
                        Statistics: Num rows: 50 Data size: 1000 Basic stats: COMPLETE Column stats: COMPLETE
                        value expressions: _col1 (type: double), _col2 (type: bigint)
            Execution mode: vectorized, llap
            LLAP IO: no inputs
        Reducer 2 
            Execution mode: llap
            Reduce Operator Tree:
              Merge Join Operator
                condition map:
                     Inner Join 0 to 1
                     Inner Join 1 to 2
                keys:
                  0 _col0 (type: int)
                  1 _col0 (type: int)
                  2 _col0 (type: int)
                outputColumnNames: _col1, _col2, _col5
                residual filter predicates: {(_col1 > _col5)}
                Statistics: Num rows: 4 Data size: 96 Basic stats: COMPLETE Column stats: COMPLETE
                Select Operator
                  expressions: _col2 (type: double)
                  outputColumnNames: _col2
                  Statistics: Num rows: 4 Data size: 96 Basic stats: COMPLETE Column stats: COMPLETE
                  Group By Operator
                    aggregations: sum(_col2)
                    mode: hash
                    outputColumnNames: _col0
                    Statistics: Num rows: 1 Data size: 8 Basic stats: COMPLETE Column stats: COMPLETE
                    Reduce Output Operator
                      sort order: 
                      Statistics: Num rows: 1 Data size: 8 Basic stats: COMPLETE Column stats: COMPLETE
                      value expressions: _col0 (type: double)
        Reducer 3 
            Execution mode: vectorized, llap
            Reduce Operator Tree:
              Group By Operator
                aggregations: sum(VALUE._col0)
                mode: mergepartial
                outputColumnNames: _col0
                Statistics: Num rows: 1 Data size: 8 Basic stats: COMPLETE Column stats: COMPLETE
                File Output Operator
                  compressed: false
                  Statistics: Num rows: 1 Data size: 8 Basic stats: COMPLETE Column stats: COMPLETE
                  table:
                      input format: org.apache.hadoop.mapred.SequenceFileInputFormat
                      output format: org.apache.hadoop.hive.ql.io.HiveSequenceFileOutputFormat
                      serde: org.apache.hadoop.hive.serde2.lazy.LazySimpleSerDe
        Reducer 6 
            Execution mode: vectorized, llap
            Reduce Operator Tree:
              Group By Operator
                aggregations: sum(VALUE._col0), count(VALUE._col1)
                keys: KEY._col0 (type: int)
                mode: mergepartial
                outputColumnNames: _col0, _col1, _col2
                Statistics: Num rows: 50 Data size: 1000 Basic stats: COMPLETE Column stats: COMPLETE
                Select Operator
                  expressions: _col0 (type: int), (_col1 / _col2) (type: double)
                  outputColumnNames: _col0, _col1
                  Statistics: Num rows: 50 Data size: 600 Basic stats: COMPLETE Column stats: COMPLETE
                  Reduce Output Operator
                    key expressions: _col0 (type: int)
                    sort order: +
                    Map-reduce partition columns: _col0 (type: int)
                    Statistics: Num rows: 50 Data size: 600 Basic stats: COMPLETE Column stats: COMPLETE
                    value expressions: _col1 (type: double)

  Stage: Stage-0
    Fetch Operator
      limit: -1
      Processor Tree:
        ListSink

PREHOOK: query: select sum(l_extendedprice) from lineitem, part where p_partkey = l_partkey and l_quantity > (select avg(l_quantity) from lineitem where l_partkey = p_partkey)
PREHOOK: type: QUERY
PREHOOK: Input: default@lineitem
PREHOOK: Input: default@part
#### A masked pattern was here ####
POSTHOOK: query: select sum(l_extendedprice) from lineitem, part where p_partkey = l_partkey and l_quantity > (select avg(l_quantity) from lineitem where l_partkey = p_partkey)
POSTHOOK: type: QUERY
POSTHOOK: Input: default@lineitem
POSTHOOK: Input: default@part
#### A masked pattern was here ####
NULL
PREHOOK: query: explain select * from part_null_n0 where p_name IN (select p_name from part where part.p_type = part_null_n0.p_type AND p_brand NOT LIKE (select min(p_brand) from part pp where part.p_type = pp.p_type))
PREHOOK: type: QUERY
POSTHOOK: query: explain select * from part_null_n0 where p_name IN (select p_name from part where part.p_type = part_null_n0.p_type AND p_brand NOT LIKE (select min(p_brand) from part pp where part.p_type = pp.p_type))
POSTHOOK: type: QUERY
STAGE DEPENDENCIES:
  Stage-1 is a root stage
  Stage-0 depends on stages: Stage-1

STAGE PLANS:
  Stage: Stage-1
    Tez
#### A masked pattern was here ####
      Edges:
        Reducer 2 <- Map 1 (SIMPLE_EDGE), Reducer 4 (SIMPLE_EDGE)
        Reducer 4 <- Map 3 (SIMPLE_EDGE), Reducer 6 (ONE_TO_ONE_EDGE)
        Reducer 6 <- Map 5 (SIMPLE_EDGE)
#### A masked pattern was here ####
      Vertices:
        Map 1 
            Map Operator Tree:
                TableScan
                  alias: part_null_n0
                  Statistics: Num rows: 1 Data size: 1120 Basic stats: COMPLETE Column stats: NONE
                  Filter Operator
                    predicate: (p_name is not null and p_type is not null) (type: boolean)
                    Statistics: Num rows: 1 Data size: 1120 Basic stats: COMPLETE Column stats: NONE
                    Select Operator
                      expressions: p_partkey (type: int), p_name (type: string), p_mfgr (type: string), p_brand (type: string), p_type (type: string), p_size (type: int), p_container (type: string), p_retailprice (type: double), p_comment_n11 (type: string)
                      outputColumnNames: _col0, _col1, _col2, _col3, _col4, _col5, _col6, _col7, _col8
                      Statistics: Num rows: 1 Data size: 1120 Basic stats: COMPLETE Column stats: NONE
                      Reduce Output Operator
                        key expressions: _col1 (type: string), _col4 (type: string)
                        sort order: ++
                        Map-reduce partition columns: _col1 (type: string), _col4 (type: string)
                        Statistics: Num rows: 1 Data size: 1120 Basic stats: COMPLETE Column stats: NONE
                        value expressions: _col0 (type: int), _col2 (type: string), _col3 (type: string), _col5 (type: int), _col6 (type: string), _col7 (type: double), _col8 (type: string)
            Execution mode: vectorized, llap
            LLAP IO: no inputs
        Map 3 
            Map Operator Tree:
                TableScan
                  alias: part
                  Statistics: Num rows: 26 Data size: 8242 Basic stats: COMPLETE Column stats: COMPLETE
                  Filter Operator
                    predicate: (p_name is not null and p_type is not null) (type: boolean)
                    Statistics: Num rows: 26 Data size: 8242 Basic stats: COMPLETE Column stats: COMPLETE
                    Select Operator
                      expressions: p_name (type: string), p_brand (type: string), p_type (type: string)
                      outputColumnNames: _col0, _col1, _col2
                      Statistics: Num rows: 26 Data size: 8242 Basic stats: COMPLETE Column stats: COMPLETE
                      Reduce Output Operator
                        key expressions: _col2 (type: string)
                        sort order: +
                        Map-reduce partition columns: _col2 (type: string)
                        Statistics: Num rows: 26 Data size: 8242 Basic stats: COMPLETE Column stats: COMPLETE
                        value expressions: _col0 (type: string), _col1 (type: string)
            Execution mode: vectorized, llap
            LLAP IO: no inputs
        Map 5 
            Map Operator Tree:
                TableScan
                  alias: pp
                  Statistics: Num rows: 26 Data size: 5096 Basic stats: COMPLETE Column stats: COMPLETE
                  Filter Operator
                    predicate: p_type is not null (type: boolean)
                    Statistics: Num rows: 26 Data size: 5096 Basic stats: COMPLETE Column stats: COMPLETE
                    Group By Operator
                      aggregations: min(p_brand)
                      keys: p_type (type: string)
                      mode: hash
                      outputColumnNames: _col0, _col1
                      Statistics: Num rows: 13 Data size: 3744 Basic stats: COMPLETE Column stats: COMPLETE
                      Reduce Output Operator
                        key expressions: _col0 (type: string)
                        sort order: +
                        Map-reduce partition columns: _col0 (type: string)
                        Statistics: Num rows: 13 Data size: 3744 Basic stats: COMPLETE Column stats: COMPLETE
                        value expressions: _col1 (type: string)
            Execution mode: vectorized, llap
            LLAP IO: no inputs
        Reducer 2 
            Execution mode: llap
            Reduce Operator Tree:
              Merge Join Operator
                condition map:
                     Left Semi Join 0 to 1
                keys:
                  0 _col1 (type: string), _col4 (type: string)
                  1 _col0 (type: string), _col1 (type: string)
                outputColumnNames: _col0, _col1, _col2, _col3, _col4, _col5, _col6, _col7, _col8
                Statistics: Num rows: 3 Data size: 742 Basic stats: COMPLETE Column stats: NONE
                File Output Operator
                  compressed: false
                  Statistics: Num rows: 3 Data size: 742 Basic stats: COMPLETE Column stats: NONE
                  table:
                      input format: org.apache.hadoop.mapred.SequenceFileInputFormat
                      output format: org.apache.hadoop.hive.ql.io.HiveSequenceFileOutputFormat
                      serde: org.apache.hadoop.hive.serde2.lazy.LazySimpleSerDe
        Reducer 4 
            Execution mode: llap
            Reduce Operator Tree:
              Merge Join Operator
                condition map:
                     Inner Join 0 to 1
                keys:
                  0 _col2 (type: string)
                  1 _col1 (type: string)
                outputColumnNames: _col0, _col1, _col2, _col3
                residual filter predicates: {(not (_col1 like _col3))}
                Statistics: Num rows: 7 Data size: 3507 Basic stats: COMPLETE Column stats: COMPLETE
                Select Operator
                  expressions: _col0 (type: string), _col2 (type: string)
                  outputColumnNames: _col0, _col1
                  Statistics: Num rows: 7 Data size: 1575 Basic stats: COMPLETE Column stats: COMPLETE
                  Group By Operator
                    keys: _col0 (type: string), _col1 (type: string)
                    mode: hash
                    outputColumnNames: _col0, _col1
                    Statistics: Num rows: 3 Data size: 675 Basic stats: COMPLETE Column stats: COMPLETE
                    Reduce Output Operator
                      key expressions: _col0 (type: string), _col1 (type: string)
                      sort order: ++
                      Map-reduce partition columns: _col0 (type: string), _col1 (type: string)
                      Statistics: Num rows: 3 Data size: 675 Basic stats: COMPLETE Column stats: COMPLETE
        Reducer 6 
            Execution mode: vectorized, llap
            Reduce Operator Tree:
              Group By Operator
                aggregations: min(VALUE._col0)
                keys: KEY._col0 (type: string)
                mode: mergepartial
                outputColumnNames: _col0, _col1
                Statistics: Num rows: 13 Data size: 3744 Basic stats: COMPLETE Column stats: COMPLETE
                Select Operator
                  expressions: _col1 (type: string), _col0 (type: string)
                  outputColumnNames: _col0, _col1
                  Statistics: Num rows: 13 Data size: 3744 Basic stats: COMPLETE Column stats: COMPLETE
                  Reduce Output Operator
                    key expressions: _col1 (type: string)
                    sort order: +
                    Map-reduce partition columns: _col1 (type: string)
                    Statistics: Num rows: 13 Data size: 3744 Basic stats: COMPLETE Column stats: COMPLETE
                    value expressions: _col0 (type: string)

  Stage: Stage-0
    Fetch Operator
      limit: -1
      Processor Tree:
        ListSink

PREHOOK: query: select * from part_null_n0 where p_name IN (select p_name from part where part.p_type = part_null_n0.p_type AND p_brand NOT LIKE (select min(p_brand) from part pp where part.p_type = pp.p_type))
PREHOOK: type: QUERY
PREHOOK: Input: default@part
PREHOOK: Input: default@part_null_n0
#### A masked pattern was here ####
POSTHOOK: query: select * from part_null_n0 where p_name IN (select p_name from part where part.p_type = part_null_n0.p_type AND p_brand NOT LIKE (select min(p_brand) from part pp where part.p_type = pp.p_type))
POSTHOOK: type: QUERY
POSTHOOK: Input: default@part
POSTHOOK: Input: default@part_null_n0
#### A masked pattern was here ####
192697	almond antique blue firebrick mint	Manufacturer#5	Brand#52	MEDIUM BURNISHED TIN	31	LG DRUM	1789.69	ickly ir
PREHOOK: query: drop table tnull_n0
PREHOOK: type: DROPTABLE
PREHOOK: Input: default@tnull_n0
PREHOOK: Output: default@tnull_n0
POSTHOOK: query: drop table tnull_n0
POSTHOOK: type: DROPTABLE
POSTHOOK: Input: default@tnull_n0
POSTHOOK: Output: default@tnull_n0
PREHOOK: query: drop table part_null_n0
PREHOOK: type: DROPTABLE
PREHOOK: Input: default@part_null_n0
PREHOOK: Output: default@part_null_n0
POSTHOOK: query: drop table part_null_n0
POSTHOOK: type: DROPTABLE
POSTHOOK: Input: default@part_null_n0
POSTHOOK: Output: default@part_null_n0
PREHOOK: query: drop table tempty_n0
PREHOOK: type: DROPTABLE
PREHOOK: Input: default@tempty_n0
PREHOOK: Output: default@tempty_n0
POSTHOOK: query: drop table tempty_n0
POSTHOOK: type: DROPTABLE
POSTHOOK: Input: default@tempty_n0
POSTHOOK: Output: default@tempty_n0
PREHOOK: query: create table EMPS_n4(EMPNO int,NAME string,DEPTNO int,GENDER string,CITY string,EMPID int,AGE int,SLACKER boolean,MANAGER boolean,JOINEDAT date)
PREHOOK: type: CREATETABLE
PREHOOK: Output: database:default
PREHOOK: Output: default@EMPS_n4
POSTHOOK: query: create table EMPS_n4(EMPNO int,NAME string,DEPTNO int,GENDER string,CITY string,EMPID int,AGE int,SLACKER boolean,MANAGER boolean,JOINEDAT date)
POSTHOOK: type: CREATETABLE
POSTHOOK: Output: database:default
POSTHOOK: Output: default@EMPS_n4
PREHOOK: query: insert into EMPS_n4 values (100,'Fred',10,NULL,NULL,30,25,true,false,'1996-08-03')
PREHOOK: type: QUERY
PREHOOK: Input: _dummy_database@_dummy_table
PREHOOK: Output: default@emps_n4
POSTHOOK: query: insert into EMPS_n4 values (100,'Fred',10,NULL,NULL,30,25,true,false,'1996-08-03')
POSTHOOK: type: QUERY
POSTHOOK: Input: _dummy_database@_dummy_table
POSTHOOK: Output: default@emps_n4
POSTHOOK: Lineage: emps_n4.age SCRIPT []
POSTHOOK: Lineage: emps_n4.city EXPRESSION []
POSTHOOK: Lineage: emps_n4.deptno SCRIPT []
POSTHOOK: Lineage: emps_n4.empid SCRIPT []
POSTHOOK: Lineage: emps_n4.empno SCRIPT []
POSTHOOK: Lineage: emps_n4.gender EXPRESSION []
POSTHOOK: Lineage: emps_n4.joinedat SCRIPT []
POSTHOOK: Lineage: emps_n4.manager SCRIPT []
POSTHOOK: Lineage: emps_n4.name SCRIPT []
POSTHOOK: Lineage: emps_n4.slacker SCRIPT []
PREHOOK: query: insert into EMPS_n4 values (110,'Eric',20,'M','San Francisco',3,80,NULL,false,'2001-01-01')
PREHOOK: type: QUERY
PREHOOK: Input: _dummy_database@_dummy_table
PREHOOK: Output: default@emps_n4
POSTHOOK: query: insert into EMPS_n4 values (110,'Eric',20,'M','San Francisco',3,80,NULL,false,'2001-01-01')
POSTHOOK: type: QUERY
POSTHOOK: Input: _dummy_database@_dummy_table
POSTHOOK: Output: default@emps_n4
POSTHOOK: Lineage: emps_n4.age SCRIPT []
POSTHOOK: Lineage: emps_n4.city SCRIPT []
POSTHOOK: Lineage: emps_n4.deptno SCRIPT []
POSTHOOK: Lineage: emps_n4.empid SCRIPT []
POSTHOOK: Lineage: emps_n4.empno SCRIPT []
POSTHOOK: Lineage: emps_n4.gender SCRIPT []
POSTHOOK: Lineage: emps_n4.joinedat SCRIPT []
POSTHOOK: Lineage: emps_n4.manager SCRIPT []
POSTHOOK: Lineage: emps_n4.name SCRIPT []
POSTHOOK: Lineage: emps_n4.slacker EXPRESSION []
PREHOOK: query: insert into EMPS_n4 values (110,'John',40,'M','Vancouver',2,NULL,false,true,'2002-05-03')
PREHOOK: type: QUERY
PREHOOK: Input: _dummy_database@_dummy_table
PREHOOK: Output: default@emps_n4
POSTHOOK: query: insert into EMPS_n4 values (110,'John',40,'M','Vancouver',2,NULL,false,true,'2002-05-03')
POSTHOOK: type: QUERY
POSTHOOK: Input: _dummy_database@_dummy_table
POSTHOOK: Output: default@emps_n4
POSTHOOK: Lineage: emps_n4.age EXPRESSION []
POSTHOOK: Lineage: emps_n4.city SCRIPT []
POSTHOOK: Lineage: emps_n4.deptno SCRIPT []
POSTHOOK: Lineage: emps_n4.empid SCRIPT []
POSTHOOK: Lineage: emps_n4.empno SCRIPT []
POSTHOOK: Lineage: emps_n4.gender SCRIPT []
POSTHOOK: Lineage: emps_n4.joinedat SCRIPT []
POSTHOOK: Lineage: emps_n4.manager SCRIPT []
POSTHOOK: Lineage: emps_n4.name SCRIPT []
POSTHOOK: Lineage: emps_n4.slacker SCRIPT []
PREHOOK: query: insert into EMPS_n4 values (120,'Wilma',20,'F',NULL,1,5,NULL,true,'2005-09-07')
PREHOOK: type: QUERY
PREHOOK: Input: _dummy_database@_dummy_table
PREHOOK: Output: default@emps_n4
POSTHOOK: query: insert into EMPS_n4 values (120,'Wilma',20,'F',NULL,1,5,NULL,true,'2005-09-07')
POSTHOOK: type: QUERY
POSTHOOK: Input: _dummy_database@_dummy_table
POSTHOOK: Output: default@emps_n4
POSTHOOK: Lineage: emps_n4.age SCRIPT []
POSTHOOK: Lineage: emps_n4.city EXPRESSION []
POSTHOOK: Lineage: emps_n4.deptno SCRIPT []
POSTHOOK: Lineage: emps_n4.empid SCRIPT []
POSTHOOK: Lineage: emps_n4.empno SCRIPT []
POSTHOOK: Lineage: emps_n4.gender SCRIPT []
POSTHOOK: Lineage: emps_n4.joinedat SCRIPT []
POSTHOOK: Lineage: emps_n4.manager SCRIPT []
POSTHOOK: Lineage: emps_n4.name SCRIPT []
POSTHOOK: Lineage: emps_n4.slacker EXPRESSION []
PREHOOK: query: insert into EMPS_n4 values (130,'Alice',40,'F','Vancouver',2,NULL,false,true,'2007-01-01')
PREHOOK: type: QUERY
PREHOOK: Input: _dummy_database@_dummy_table
PREHOOK: Output: default@emps_n4
POSTHOOK: query: insert into EMPS_n4 values (130,'Alice',40,'F','Vancouver',2,NULL,false,true,'2007-01-01')
POSTHOOK: type: QUERY
POSTHOOK: Input: _dummy_database@_dummy_table
POSTHOOK: Output: default@emps_n4
POSTHOOK: Lineage: emps_n4.age EXPRESSION []
POSTHOOK: Lineage: emps_n4.city SCRIPT []
POSTHOOK: Lineage: emps_n4.deptno SCRIPT []
POSTHOOK: Lineage: emps_n4.empid SCRIPT []
POSTHOOK: Lineage: emps_n4.empno SCRIPT []
POSTHOOK: Lineage: emps_n4.gender SCRIPT []
POSTHOOK: Lineage: emps_n4.joinedat SCRIPT []
POSTHOOK: Lineage: emps_n4.manager SCRIPT []
POSTHOOK: Lineage: emps_n4.name SCRIPT []
POSTHOOK: Lineage: emps_n4.slacker SCRIPT []
PREHOOK: query: create table DEPTS_n3(deptno int, name string)
PREHOOK: type: CREATETABLE
PREHOOK: Output: database:default
PREHOOK: Output: default@DEPTS_n3
POSTHOOK: query: create table DEPTS_n3(deptno int, name string)
POSTHOOK: type: CREATETABLE
POSTHOOK: Output: database:default
POSTHOOK: Output: default@DEPTS_n3
PREHOOK: query: insert into DEPTS_n3 values( 10,'Sales')
PREHOOK: type: QUERY
PREHOOK: Input: _dummy_database@_dummy_table
PREHOOK: Output: default@depts_n3
POSTHOOK: query: insert into DEPTS_n3 values( 10,'Sales')
POSTHOOK: type: QUERY
POSTHOOK: Input: _dummy_database@_dummy_table
POSTHOOK: Output: default@depts_n3
POSTHOOK: Lineage: depts_n3.deptno SCRIPT []
POSTHOOK: Lineage: depts_n3.name SCRIPT []
PREHOOK: query: insert into DEPTS_n3 values( 20,'Marketing')
PREHOOK: type: QUERY
PREHOOK: Input: _dummy_database@_dummy_table
PREHOOK: Output: default@depts_n3
POSTHOOK: query: insert into DEPTS_n3 values( 20,'Marketing')
POSTHOOK: type: QUERY
POSTHOOK: Input: _dummy_database@_dummy_table
POSTHOOK: Output: default@depts_n3
POSTHOOK: Lineage: depts_n3.deptno SCRIPT []
POSTHOOK: Lineage: depts_n3.name SCRIPT []
PREHOOK: query: insert into DEPTS_n3 values( 30,'Accounts')
PREHOOK: type: QUERY
PREHOOK: Input: _dummy_database@_dummy_table
PREHOOK: Output: default@depts_n3
POSTHOOK: query: insert into DEPTS_n3 values( 30,'Accounts')
POSTHOOK: type: QUERY
POSTHOOK: Input: _dummy_database@_dummy_table
POSTHOOK: Output: default@depts_n3
POSTHOOK: Lineage: depts_n3.deptno SCRIPT []
POSTHOOK: Lineage: depts_n3.name SCRIPT []
PREHOOK: query: explain select * from emps_n4 where deptno <> (select count(deptno) from depts_n3 where depts_n3.name = emps_n4.name)
PREHOOK: type: QUERY
POSTHOOK: query: explain select * from emps_n4 where deptno <> (select count(deptno) from depts_n3 where depts_n3.name = emps_n4.name)
POSTHOOK: type: QUERY
STAGE DEPENDENCIES:
  Stage-1 is a root stage
  Stage-0 depends on stages: Stage-1

STAGE PLANS:
  Stage: Stage-1
    Tez
#### A masked pattern was here ####
      Edges:
        Reducer 2 <- Map 1 (SIMPLE_EDGE), Reducer 4 (ONE_TO_ONE_EDGE)
        Reducer 4 <- Map 3 (SIMPLE_EDGE)
#### A masked pattern was here ####
      Vertices:
        Map 1 
            Map Operator Tree:
                TableScan
                  alias: emps_n4
                  Statistics: Num rows: 5 Data size: 3160 Basic stats: COMPLETE Column stats: NONE
                  Select Operator
                    expressions: empno (type: int), name (type: string), deptno (type: int), gender (type: string), city (type: string), empid (type: int), age (type: int), slacker (type: boolean), manager (type: boolean), joinedat (type: date)
                    outputColumnNames: _col0, _col1, _col2, _col3, _col4, _col5, _col6, _col7, _col8, _col9
                    Statistics: Num rows: 5 Data size: 3160 Basic stats: COMPLETE Column stats: NONE
                    Reduce Output Operator
                      key expressions: _col1 (type: string)
                      sort order: +
                      Map-reduce partition columns: _col1 (type: string)
                      Statistics: Num rows: 5 Data size: 3160 Basic stats: COMPLETE Column stats: NONE
                      value expressions: _col0 (type: int), _col2 (type: int), _col3 (type: string), _col4 (type: string), _col5 (type: int), _col6 (type: int), _col7 (type: boolean), _col8 (type: boolean), _col9 (type: date)
            Execution mode: vectorized, llap
            LLAP IO: no inputs
        Map 3 
            Map Operator Tree:
                TableScan
                  alias: depts_n3
                  Statistics: Num rows: 3 Data size: 291 Basic stats: COMPLETE Column stats: COMPLETE
                  Filter Operator
                    predicate: name is not null (type: boolean)
                    Statistics: Num rows: 3 Data size: 291 Basic stats: COMPLETE Column stats: COMPLETE
                    Group By Operator
                      aggregations: count(deptno)
                      keys: name (type: string)
                      mode: hash
                      outputColumnNames: _col0, _col1
                      Statistics: Num rows: 1 Data size: 101 Basic stats: COMPLETE Column stats: COMPLETE
                      Reduce Output Operator
                        key expressions: _col0 (type: string)
                        sort order: +
                        Map-reduce partition columns: _col0 (type: string)
                        Statistics: Num rows: 1 Data size: 101 Basic stats: COMPLETE Column stats: COMPLETE
                        value expressions: _col1 (type: bigint)
            Execution mode: vectorized, llap
            LLAP IO: no inputs
        Reducer 2 
            Execution mode: llap
            Reduce Operator Tree:
              Merge Join Operator
                condition map:
                     Left Outer Join 0 to 1
                keys:
                  0 _col1 (type: string)
                  1 _col2 (type: string)
                outputColumnNames: _col0, _col1, _col2, _col3, _col4, _col5, _col6, _col7, _col8, _col9, _col10, _col11
                Statistics: Num rows: 5 Data size: 3476 Basic stats: COMPLETE Column stats: NONE
                Filter Operator
                  predicate: (UDFToLong(_col2) <> CASE WHEN (_col11 is null) THEN (0) ELSE (_col10) END) (type: boolean)
                  Statistics: Num rows: 5 Data size: 3476 Basic stats: COMPLETE Column stats: NONE
                  Select Operator
                    expressions: _col0 (type: int), _col1 (type: string), _col2 (type: int), _col3 (type: string), _col4 (type: string), _col5 (type: int), _col6 (type: int), _col7 (type: boolean), _col8 (type: boolean), _col9 (type: date)
                    outputColumnNames: _col0, _col1, _col2, _col3, _col4, _col5, _col6, _col7, _col8, _col9
                    Statistics: Num rows: 5 Data size: 3476 Basic stats: COMPLETE Column stats: NONE
                    File Output Operator
                      compressed: false
                      Statistics: Num rows: 5 Data size: 3476 Basic stats: COMPLETE Column stats: NONE
                      table:
                          input format: org.apache.hadoop.mapred.SequenceFileInputFormat
                          output format: org.apache.hadoop.hive.ql.io.HiveSequenceFileOutputFormat
                          serde: org.apache.hadoop.hive.serde2.lazy.LazySimpleSerDe
        Reducer 4 
            Execution mode: vectorized, llap
            Reduce Operator Tree:
              Group By Operator
                aggregations: count(VALUE._col0)
                keys: KEY._col0 (type: string)
                mode: mergepartial
                outputColumnNames: _col0, _col1
                Statistics: Num rows: 1 Data size: 101 Basic stats: COMPLETE Column stats: COMPLETE
                Select Operator
                  expressions: _col1 (type: bigint), true (type: boolean), _col0 (type: string)
                  outputColumnNames: _col0, _col1, _col2
                  Statistics: Num rows: 1 Data size: 105 Basic stats: COMPLETE Column stats: COMPLETE
                  Reduce Output Operator
                    key expressions: _col2 (type: string)
                    sort order: +
                    Map-reduce partition columns: _col2 (type: string)
                    Statistics: Num rows: 1 Data size: 105 Basic stats: COMPLETE Column stats: COMPLETE
                    value expressions: _col0 (type: bigint), _col1 (type: boolean)

  Stage: Stage-0
    Fetch Operator
      limit: -1
      Processor Tree:
        ListSink

PREHOOK: query: select * from emps_n4 where deptno <> (select count(deptno) from depts_n3 where depts_n3.name = emps_n4.name)
PREHOOK: type: QUERY
PREHOOK: Input: default@depts_n3
PREHOOK: Input: default@emps_n4
#### A masked pattern was here ####
POSTHOOK: query: select * from emps_n4 where deptno <> (select count(deptno) from depts_n3 where depts_n3.name = emps_n4.name)
POSTHOOK: type: QUERY
POSTHOOK: Input: default@depts_n3
POSTHOOK: Input: default@emps_n4
#### A masked pattern was here ####
100	Fred	10	NULL	NULL	30	25	true	false	1996-08-03
110	Eric	20	M	San Francisco	3	80	NULL	false	2001-01-01
110	John	40	M	Vancouver	2	NULL	false	true	2002-05-03
120	Wilma	20	F	NULL	1	5	NULL	true	2005-09-07
130	Alice	40	F	Vancouver	2	NULL	false	true	2007-01-01
PREHOOK: query: explain select * from emps_n4 where name > (select min(name) from depts_n3 where depts_n3.deptno=emps_n4.deptno)
PREHOOK: type: QUERY
POSTHOOK: query: explain select * from emps_n4 where name > (select min(name) from depts_n3 where depts_n3.deptno=emps_n4.deptno)
POSTHOOK: type: QUERY
STAGE DEPENDENCIES:
  Stage-1 is a root stage
  Stage-0 depends on stages: Stage-1

STAGE PLANS:
  Stage: Stage-1
    Tez
#### A masked pattern was here ####
      Edges:
        Reducer 2 <- Map 1 (SIMPLE_EDGE), Reducer 4 (ONE_TO_ONE_EDGE)
        Reducer 4 <- Map 3 (SIMPLE_EDGE)
#### A masked pattern was here ####
      Vertices:
        Map 1 
            Map Operator Tree:
                TableScan
                  alias: emps_n4
                  Statistics: Num rows: 5 Data size: 3160 Basic stats: COMPLETE Column stats: NONE
                  Filter Operator
                    predicate: deptno is not null (type: boolean)
                    Statistics: Num rows: 5 Data size: 3160 Basic stats: COMPLETE Column stats: NONE
                    Select Operator
                      expressions: empno (type: int), name (type: string), deptno (type: int), gender (type: string), city (type: string), empid (type: int), age (type: int), slacker (type: boolean), manager (type: boolean), joinedat (type: date)
                      outputColumnNames: _col0, _col1, _col2, _col3, _col4, _col5, _col6, _col7, _col8, _col9
                      Statistics: Num rows: 5 Data size: 3160 Basic stats: COMPLETE Column stats: NONE
                      Reduce Output Operator
                        key expressions: _col2 (type: int)
                        sort order: +
                        Map-reduce partition columns: _col2 (type: int)
                        Statistics: Num rows: 5 Data size: 3160 Basic stats: COMPLETE Column stats: NONE
                        value expressions: _col0 (type: int), _col1 (type: string), _col3 (type: string), _col4 (type: string), _col5 (type: int), _col6 (type: int), _col7 (type: boolean), _col8 (type: boolean), _col9 (type: date)
            Execution mode: vectorized, llap
            LLAP IO: no inputs
        Map 3 
            Map Operator Tree:
                TableScan
                  alias: depts_n3
                  Statistics: Num rows: 3 Data size: 291 Basic stats: COMPLETE Column stats: COMPLETE
                  Filter Operator
                    predicate: deptno is not null (type: boolean)
                    Statistics: Num rows: 3 Data size: 291 Basic stats: COMPLETE Column stats: COMPLETE
                    Group By Operator
                      aggregations: min(name)
                      keys: deptno (type: int)
                      mode: hash
                      outputColumnNames: _col0, _col1
                      Statistics: Num rows: 1 Data size: 188 Basic stats: COMPLETE Column stats: COMPLETE
                      Reduce Output Operator
                        key expressions: _col0 (type: int)
                        sort order: +
                        Map-reduce partition columns: _col0 (type: int)
                        Statistics: Num rows: 1 Data size: 188 Basic stats: COMPLETE Column stats: COMPLETE
                        value expressions: _col1 (type: string)
            Execution mode: vectorized, llap
            LLAP IO: no inputs
        Reducer 2 
            Execution mode: llap
            Reduce Operator Tree:
              Merge Join Operator
                condition map:
                     Inner Join 0 to 1
                keys:
                  0 _col2 (type: int)
                  1 _col1 (type: int)
                outputColumnNames: _col0, _col1, _col2, _col3, _col4, _col5, _col6, _col7, _col8, _col9, _col10
                residual filter predicates: {(_col1 > _col10)}
                Statistics: Num rows: 1 Data size: 695 Basic stats: COMPLETE Column stats: NONE
                Select Operator
                  expressions: _col0 (type: int), _col1 (type: string), _col2 (type: int), _col3 (type: string), _col4 (type: string), _col5 (type: int), _col6 (type: int), _col7 (type: boolean), _col8 (type: boolean), _col9 (type: date)
                  outputColumnNames: _col0, _col1, _col2, _col3, _col4, _col5, _col6, _col7, _col8, _col9
                  Statistics: Num rows: 1 Data size: 695 Basic stats: COMPLETE Column stats: NONE
                  File Output Operator
                    compressed: false
                    Statistics: Num rows: 1 Data size: 695 Basic stats: COMPLETE Column stats: NONE
                    table:
                        input format: org.apache.hadoop.mapred.SequenceFileInputFormat
                        output format: org.apache.hadoop.hive.ql.io.HiveSequenceFileOutputFormat
                        serde: org.apache.hadoop.hive.serde2.lazy.LazySimpleSerDe
        Reducer 4 
            Execution mode: vectorized, llap
            Reduce Operator Tree:
              Group By Operator
                aggregations: min(VALUE._col0)
                keys: KEY._col0 (type: int)
                mode: mergepartial
                outputColumnNames: _col0, _col1
                Statistics: Num rows: 1 Data size: 188 Basic stats: COMPLETE Column stats: COMPLETE
                Select Operator
                  expressions: _col1 (type: string), _col0 (type: int)
                  outputColumnNames: _col0, _col1
                  Statistics: Num rows: 1 Data size: 188 Basic stats: COMPLETE Column stats: COMPLETE
                  Reduce Output Operator
                    key expressions: _col1 (type: int)
                    sort order: +
                    Map-reduce partition columns: _col1 (type: int)
                    Statistics: Num rows: 1 Data size: 188 Basic stats: COMPLETE Column stats: COMPLETE
                    value expressions: _col0 (type: string)

  Stage: Stage-0
    Fetch Operator
      limit: -1
      Processor Tree:
        ListSink

PREHOOK: query: select * from emps_n4 where name > (select min(name) from depts_n3 where depts_n3.deptno=emps_n4.deptno)
PREHOOK: type: QUERY
PREHOOK: Input: default@depts_n3
PREHOOK: Input: default@emps_n4
#### A masked pattern was here ####
POSTHOOK: query: select * from emps_n4 where name > (select min(name) from depts_n3 where depts_n3.deptno=emps_n4.deptno)
POSTHOOK: type: QUERY
POSTHOOK: Input: default@depts_n3
POSTHOOK: Input: default@emps_n4
#### A masked pattern was here ####
120	Wilma	20	F	NULL	1	5	NULL	true	2005-09-07
PREHOOK: query: explain select * from emps_n4 where deptno <> (select count(deptno) from depts_n3 where depts_n3.name = emps_n4.name) and empno > (select count(name) from depts_n3 where depts_n3.deptno = emps_n4.deptno)
PREHOOK: type: QUERY
POSTHOOK: query: explain select * from emps_n4 where deptno <> (select count(deptno) from depts_n3 where depts_n3.name = emps_n4.name) and empno > (select count(name) from depts_n3 where depts_n3.deptno = emps_n4.deptno)
POSTHOOK: type: QUERY
STAGE DEPENDENCIES:
  Stage-1 is a root stage
  Stage-0 depends on stages: Stage-1

STAGE PLANS:
  Stage: Stage-1
    Tez
#### A masked pattern was here ####
      Edges:
        Reducer 2 <- Map 1 (SIMPLE_EDGE), Reducer 5 (ONE_TO_ONE_EDGE)
        Reducer 3 <- Reducer 2 (SIMPLE_EDGE), Reducer 6 (ONE_TO_ONE_EDGE)
        Reducer 5 <- Map 4 (SIMPLE_EDGE)
        Reducer 6 <- Map 4 (SIMPLE_EDGE)
#### A masked pattern was here ####
      Vertices:
        Map 1 
            Map Operator Tree:
                TableScan
                  alias: emps_n4
                  Statistics: Num rows: 5 Data size: 3160 Basic stats: COMPLETE Column stats: NONE
                  Select Operator
                    expressions: empno (type: int), name (type: string), deptno (type: int), gender (type: string), city (type: string), empid (type: int), age (type: int), slacker (type: boolean), manager (type: boolean), joinedat (type: date)
                    outputColumnNames: _col0, _col1, _col2, _col3, _col4, _col5, _col6, _col7, _col8, _col9
                    Statistics: Num rows: 5 Data size: 3160 Basic stats: COMPLETE Column stats: NONE
                    Reduce Output Operator
                      key expressions: _col1 (type: string)
                      sort order: +
                      Map-reduce partition columns: _col1 (type: string)
                      Statistics: Num rows: 5 Data size: 3160 Basic stats: COMPLETE Column stats: NONE
                      value expressions: _col0 (type: int), _col2 (type: int), _col3 (type: string), _col4 (type: string), _col5 (type: int), _col6 (type: int), _col7 (type: boolean), _col8 (type: boolean), _col9 (type: date)
            Execution mode: vectorized, llap
            LLAP IO: no inputs
        Map 4 
            Map Operator Tree:
                TableScan
                  alias: depts_n3
                  Statistics: Num rows: 3 Data size: 291 Basic stats: COMPLETE Column stats: COMPLETE
                  Filter Operator
                    predicate: name is not null (type: boolean)
                    Statistics: Num rows: 3 Data size: 291 Basic stats: COMPLETE Column stats: COMPLETE
                    Group By Operator
                      aggregations: count(deptno)
                      keys: name (type: string)
                      mode: hash
                      outputColumnNames: _col0, _col1
                      Statistics: Num rows: 1 Data size: 101 Basic stats: COMPLETE Column stats: COMPLETE
                      Reduce Output Operator
                        key expressions: _col0 (type: string)
                        sort order: +
                        Map-reduce partition columns: _col0 (type: string)
                        Statistics: Num rows: 1 Data size: 101 Basic stats: COMPLETE Column stats: COMPLETE
                        value expressions: _col1 (type: bigint)
                  Filter Operator
                    predicate: deptno is not null (type: boolean)
                    Statistics: Num rows: 3 Data size: 291 Basic stats: COMPLETE Column stats: COMPLETE
                    Group By Operator
                      aggregations: count(name)
                      keys: deptno (type: int)
                      mode: hash
                      outputColumnNames: _col0, _col1
                      Statistics: Num rows: 1 Data size: 12 Basic stats: COMPLETE Column stats: COMPLETE
                      Reduce Output Operator
                        key expressions: _col0 (type: int)
                        sort order: +
                        Map-reduce partition columns: _col0 (type: int)
                        Statistics: Num rows: 1 Data size: 12 Basic stats: COMPLETE Column stats: COMPLETE
                        value expressions: _col1 (type: bigint)
            Execution mode: vectorized, llap
            LLAP IO: no inputs
        Reducer 2 
            Execution mode: llap
            Reduce Operator Tree:
              Merge Join Operator
                condition map:
                     Left Outer Join 0 to 1
                keys:
                  0 _col1 (type: string)
                  1 _col2 (type: string)
                outputColumnNames: _col0, _col1, _col2, _col3, _col4, _col5, _col6, _col7, _col8, _col9, _col10, _col11
                Statistics: Num rows: 5 Data size: 3476 Basic stats: COMPLETE Column stats: NONE
                Filter Operator
                  predicate: (UDFToLong(_col2) <> CASE WHEN (_col11 is null) THEN (0) ELSE (_col10) END) (type: boolean)
                  Statistics: Num rows: 5 Data size: 3476 Basic stats: COMPLETE Column stats: NONE
                  Select Operator
                    expressions: _col0 (type: int), _col1 (type: string), _col2 (type: int), _col3 (type: string), _col4 (type: string), _col5 (type: int), _col6 (type: int), _col7 (type: boolean), _col8 (type: boolean), _col9 (type: date)
                    outputColumnNames: _col0, _col1, _col2, _col3, _col4, _col5, _col6, _col7, _col8, _col9
                    Statistics: Num rows: 5 Data size: 3476 Basic stats: COMPLETE Column stats: NONE
                    Reduce Output Operator
                      key expressions: _col2 (type: int)
                      sort order: +
                      Map-reduce partition columns: _col2 (type: int)
                      Statistics: Num rows: 5 Data size: 3476 Basic stats: COMPLETE Column stats: NONE
                      value expressions: _col0 (type: int), _col1 (type: string), _col3 (type: string), _col4 (type: string), _col5 (type: int), _col6 (type: int), _col7 (type: boolean), _col8 (type: boolean), _col9 (type: date)
        Reducer 3 
            Execution mode: llap
            Reduce Operator Tree:
              Merge Join Operator
                condition map:
                     Left Outer Join 0 to 1
                keys:
                  0 _col2 (type: int)
                  1 _col2 (type: int)
                outputColumnNames: _col0, _col1, _col2, _col3, _col4, _col5, _col6, _col7, _col8, _col9, _col13, _col14
                Statistics: Num rows: 5 Data size: 3823 Basic stats: COMPLETE Column stats: NONE
                Filter Operator
                  predicate: (UDFToLong(_col0) > CASE WHEN (_col14 is null) THEN (0) ELSE (_col13) END) (type: boolean)
                  Statistics: Num rows: 1 Data size: 764 Basic stats: COMPLETE Column stats: NONE
                  Select Operator
                    expressions: _col0 (type: int), _col1 (type: string), _col2 (type: int), _col3 (type: string), _col4 (type: string), _col5 (type: int), _col6 (type: int), _col7 (type: boolean), _col8 (type: boolean), _col9 (type: date)
                    outputColumnNames: _col0, _col1, _col2, _col3, _col4, _col5, _col6, _col7, _col8, _col9
                    Statistics: Num rows: 1 Data size: 764 Basic stats: COMPLETE Column stats: NONE
                    File Output Operator
                      compressed: false
                      Statistics: Num rows: 1 Data size: 764 Basic stats: COMPLETE Column stats: NONE
                      table:
                          input format: org.apache.hadoop.mapred.SequenceFileInputFormat
                          output format: org.apache.hadoop.hive.ql.io.HiveSequenceFileOutputFormat
                          serde: org.apache.hadoop.hive.serde2.lazy.LazySimpleSerDe
        Reducer 5 
            Execution mode: vectorized, llap
            Reduce Operator Tree:
              Group By Operator
                aggregations: count(VALUE._col0)
                keys: KEY._col0 (type: string)
                mode: mergepartial
                outputColumnNames: _col0, _col1
                Statistics: Num rows: 1 Data size: 101 Basic stats: COMPLETE Column stats: COMPLETE
                Select Operator
                  expressions: _col1 (type: bigint), true (type: boolean), _col0 (type: string)
                  outputColumnNames: _col0, _col1, _col2
                  Statistics: Num rows: 1 Data size: 105 Basic stats: COMPLETE Column stats: COMPLETE
                  Reduce Output Operator
                    key expressions: _col2 (type: string)
                    sort order: +
                    Map-reduce partition columns: _col2 (type: string)
                    Statistics: Num rows: 1 Data size: 105 Basic stats: COMPLETE Column stats: COMPLETE
                    value expressions: _col0 (type: bigint), _col1 (type: boolean)
        Reducer 6 
            Execution mode: vectorized, llap
            Reduce Operator Tree:
              Group By Operator
                aggregations: count(VALUE._col0)
                keys: KEY._col0 (type: int)
                mode: mergepartial
                outputColumnNames: _col0, _col1
                Statistics: Num rows: 1 Data size: 12 Basic stats: COMPLETE Column stats: COMPLETE
                Select Operator
                  expressions: _col1 (type: bigint), true (type: boolean), _col0 (type: int)
                  outputColumnNames: _col0, _col1, _col2
                  Statistics: Num rows: 1 Data size: 16 Basic stats: COMPLETE Column stats: COMPLETE
                  Reduce Output Operator
                    key expressions: _col2 (type: int)
                    sort order: +
                    Map-reduce partition columns: _col2 (type: int)
                    Statistics: Num rows: 1 Data size: 16 Basic stats: COMPLETE Column stats: COMPLETE
                    value expressions: _col0 (type: bigint), _col1 (type: boolean)

  Stage: Stage-0
    Fetch Operator
      limit: -1
      Processor Tree:
        ListSink

PREHOOK: query: select * from emps_n4 where deptno <> (select count(deptno) from depts_n3 where depts_n3.name = emps_n4.name) and empno > (select count(name) from depts_n3 where depts_n3.deptno = emps_n4.deptno)
PREHOOK: type: QUERY
PREHOOK: Input: default@depts_n3
PREHOOK: Input: default@emps_n4
#### A masked pattern was here ####
POSTHOOK: query: select * from emps_n4 where deptno <> (select count(deptno) from depts_n3 where depts_n3.name = emps_n4.name) and empno > (select count(name) from depts_n3 where depts_n3.deptno = emps_n4.deptno)
POSTHOOK: type: QUERY
POSTHOOK: Input: default@depts_n3
POSTHOOK: Input: default@emps_n4
#### A masked pattern was here ####
100	Fred	10	NULL	NULL	30	25	true	false	1996-08-03
110	Eric	20	M	San Francisco	3	80	NULL	false	2001-01-01
110	John	40	M	Vancouver	2	NULL	false	true	2002-05-03
120	Wilma	20	F	NULL	1	5	NULL	true	2005-09-07
130	Alice	40	F	Vancouver	2	NULL	false	true	2007-01-01
Warning: Shuffle Join MERGEJOIN[30][tables = [$hdt$_0, $hdt$_1]] in Stage 'Reducer 3' is a cross product
PREHOOK: query: explain select * from emps_n4 where deptno <> (select sum(deptno) from depts_n3 where depts_n3.name = emps_n4.name) and empno > (select count(name) from depts_n3)
PREHOOK: type: QUERY
POSTHOOK: query: explain select * from emps_n4 where deptno <> (select sum(deptno) from depts_n3 where depts_n3.name = emps_n4.name) and empno > (select count(name) from depts_n3)
POSTHOOK: type: QUERY
STAGE DEPENDENCIES:
  Stage-1 is a root stage
  Stage-0 depends on stages: Stage-1

STAGE PLANS:
  Stage: Stage-1
    Tez
#### A masked pattern was here ####
      Edges:
        Reducer 2 <- Map 1 (SIMPLE_EDGE), Reducer 5 (ONE_TO_ONE_EDGE)
        Reducer 3 <- Reducer 2 (XPROD_EDGE), Reducer 7 (XPROD_EDGE)
        Reducer 5 <- Map 4 (SIMPLE_EDGE)
        Reducer 7 <- Map 6 (CUSTOM_SIMPLE_EDGE)
#### A masked pattern was here ####
      Vertices:
        Map 1 
            Map Operator Tree:
                TableScan
                  alias: emps_n4
                  Statistics: Num rows: 5 Data size: 3160 Basic stats: COMPLETE Column stats: NONE
                  Filter Operator
                    predicate: name is not null (type: boolean)
                    Statistics: Num rows: 5 Data size: 3160 Basic stats: COMPLETE Column stats: NONE
                    Select Operator
                      expressions: empno (type: int), name (type: string), deptno (type: int), gender (type: string), city (type: string), empid (type: int), age (type: int), slacker (type: boolean), manager (type: boolean), joinedat (type: date)
                      outputColumnNames: _col0, _col1, _col2, _col3, _col4, _col5, _col6, _col7, _col8, _col9
                      Statistics: Num rows: 5 Data size: 3160 Basic stats: COMPLETE Column stats: NONE
                      Reduce Output Operator
                        key expressions: _col1 (type: string)
                        sort order: +
                        Map-reduce partition columns: _col1 (type: string)
                        Statistics: Num rows: 5 Data size: 3160 Basic stats: COMPLETE Column stats: NONE
                        value expressions: _col0 (type: int), _col2 (type: int), _col3 (type: string), _col4 (type: string), _col5 (type: int), _col6 (type: int), _col7 (type: boolean), _col8 (type: boolean), _col9 (type: date)
            Execution mode: vectorized, llap
            LLAP IO: no inputs
        Map 4 
            Map Operator Tree:
                TableScan
                  alias: depts_n3
                  Statistics: Num rows: 3 Data size: 291 Basic stats: COMPLETE Column stats: COMPLETE
                  Filter Operator
                    predicate: name is not null (type: boolean)
                    Statistics: Num rows: 3 Data size: 291 Basic stats: COMPLETE Column stats: COMPLETE
                    Group By Operator
                      aggregations: sum(deptno)
                      keys: name (type: string)
                      mode: hash
                      outputColumnNames: _col0, _col1
                      Statistics: Num rows: 1 Data size: 101 Basic stats: COMPLETE Column stats: COMPLETE
                      Reduce Output Operator
                        key expressions: _col0 (type: string)
                        sort order: +
                        Map-reduce partition columns: _col0 (type: string)
                        Statistics: Num rows: 1 Data size: 101 Basic stats: COMPLETE Column stats: COMPLETE
                        value expressions: _col1 (type: bigint)
            Execution mode: vectorized, llap
            LLAP IO: no inputs
        Map 6 
            Map Operator Tree:
                TableScan
                  alias: depts_n3
                  Statistics: Num rows: 3 Data size: 279 Basic stats: COMPLETE Column stats: COMPLETE
                  Select Operator
                    expressions: name (type: string)
                    outputColumnNames: name
                    Statistics: Num rows: 3 Data size: 279 Basic stats: COMPLETE Column stats: COMPLETE
                    Group By Operator
                      aggregations: count(name)
                      mode: hash
                      outputColumnNames: _col0
                      Statistics: Num rows: 1 Data size: 8 Basic stats: COMPLETE Column stats: COMPLETE
                      Reduce Output Operator
                        sort order: 
                        Statistics: Num rows: 1 Data size: 8 Basic stats: COMPLETE Column stats: COMPLETE
                        value expressions: _col0 (type: bigint)
            Execution mode: vectorized, llap
            LLAP IO: no inputs
        Reducer 2 
            Execution mode: llap
            Reduce Operator Tree:
              Merge Join Operator
                condition map:
                     Inner Join 0 to 1
                keys:
                  0 _col1 (type: string)
                  1 _col1 (type: string)
                outputColumnNames: _col0, _col1, _col2, _col3, _col4, _col5, _col6, _col7, _col8, _col9, _col10
                residual filter predicates: {(UDFToLong(_col2) <> _col10)}
                Statistics: Num rows: 5 Data size: 3476 Basic stats: COMPLETE Column stats: NONE
                Select Operator
                  expressions: _col0 (type: int), _col1 (type: string), _col2 (type: int), _col3 (type: string), _col4 (type: string), _col5 (type: int), _col6 (type: int), _col7 (type: boolean), _col8 (type: boolean), _col9 (type: date)
                  outputColumnNames: _col0, _col1, _col2, _col3, _col4, _col5, _col6, _col7, _col8, _col9
                  Statistics: Num rows: 5 Data size: 3476 Basic stats: COMPLETE Column stats: NONE
                  Reduce Output Operator
                    sort order: 
                    Statistics: Num rows: 5 Data size: 3476 Basic stats: COMPLETE Column stats: NONE
                    value expressions: _col0 (type: int), _col1 (type: string), _col2 (type: int), _col3 (type: string), _col4 (type: string), _col5 (type: int), _col6 (type: int), _col7 (type: boolean), _col8 (type: boolean), _col9 (type: date)
        Reducer 3 
            Execution mode: llap
            Reduce Operator Tree:
              Merge Join Operator
                condition map:
                     Inner Join 0 to 1
                keys:
                  0 
                  1 
                outputColumnNames: _col0, _col1, _col2, _col3, _col4, _col5, _col6, _col7, _col8, _col9, _col10
                residual filter predicates: {(UDFToLong(_col0) > _col10)}
                Statistics: Num rows: 1 Data size: 704 Basic stats: COMPLETE Column stats: NONE
                Select Operator
                  expressions: _col0 (type: int), _col1 (type: string), _col2 (type: int), _col3 (type: string), _col4 (type: string), _col5 (type: int), _col6 (type: int), _col7 (type: boolean), _col8 (type: boolean), _col9 (type: date)
                  outputColumnNames: _col0, _col1, _col2, _col3, _col4, _col5, _col6, _col7, _col8, _col9
                  Statistics: Num rows: 1 Data size: 704 Basic stats: COMPLETE Column stats: NONE
                  File Output Operator
                    compressed: false
                    Statistics: Num rows: 1 Data size: 704 Basic stats: COMPLETE Column stats: NONE
                    table:
                        input format: org.apache.hadoop.mapred.SequenceFileInputFormat
                        output format: org.apache.hadoop.hive.ql.io.HiveSequenceFileOutputFormat
                        serde: org.apache.hadoop.hive.serde2.lazy.LazySimpleSerDe
        Reducer 5 
            Execution mode: vectorized, llap
            Reduce Operator Tree:
              Group By Operator
                aggregations: sum(VALUE._col0)
                keys: KEY._col0 (type: string)
                mode: mergepartial
                outputColumnNames: _col0, _col1
                Statistics: Num rows: 1 Data size: 101 Basic stats: COMPLETE Column stats: COMPLETE
                Select Operator
                  expressions: _col1 (type: bigint), _col0 (type: string)
                  outputColumnNames: _col0, _col1
                  Statistics: Num rows: 1 Data size: 101 Basic stats: COMPLETE Column stats: COMPLETE
                  Reduce Output Operator
                    key expressions: _col1 (type: string)
                    sort order: +
                    Map-reduce partition columns: _col1 (type: string)
                    Statistics: Num rows: 1 Data size: 101 Basic stats: COMPLETE Column stats: COMPLETE
                    value expressions: _col0 (type: bigint)
        Reducer 7 
            Execution mode: vectorized, llap
            Reduce Operator Tree:
              Group By Operator
                aggregations: count(VALUE._col0)
                mode: mergepartial
                outputColumnNames: _col0
                Statistics: Num rows: 1 Data size: 8 Basic stats: COMPLETE Column stats: COMPLETE
                Reduce Output Operator
                  sort order: 
                  Statistics: Num rows: 1 Data size: 8 Basic stats: COMPLETE Column stats: COMPLETE
                  value expressions: _col0 (type: bigint)

  Stage: Stage-0
    Fetch Operator
      limit: -1
      Processor Tree:
        ListSink

Warning: Shuffle Join MERGEJOIN[28][tables = [$hdt$_0, $hdt$_1]] in Stage 'Reducer 3' is a cross product
PREHOOK: query: select * from emps_n4 where deptno <> (select count(deptno) from depts_n3 where depts_n3.name = emps_n4.name) and empno > (select count(name) from depts_n3)
PREHOOK: type: QUERY
PREHOOK: Input: default@depts_n3
PREHOOK: Input: default@emps_n4
#### A masked pattern was here ####
POSTHOOK: query: select * from emps_n4 where deptno <> (select count(deptno) from depts_n3 where depts_n3.name = emps_n4.name) and empno > (select count(name) from depts_n3)
POSTHOOK: type: QUERY
POSTHOOK: Input: default@depts_n3
POSTHOOK: Input: default@emps_n4
#### A masked pattern was here ####
100	Fred	10	NULL	NULL	30	25	true	false	1996-08-03
110	Eric	20	M	San Francisco	3	80	NULL	false	2001-01-01
110	John	40	M	Vancouver	2	NULL	false	true	2002-05-03
120	Wilma	20	F	NULL	1	5	NULL	true	2005-09-07
130	Alice	40	F	Vancouver	2	NULL	false	true	2007-01-01
PREHOOK: query: drop table DEPTS_n3
PREHOOK: type: DROPTABLE
PREHOOK: Input: default@depts_n3
PREHOOK: Output: default@depts_n3
POSTHOOK: query: drop table DEPTS_n3
POSTHOOK: type: DROPTABLE
POSTHOOK: Input: default@depts_n3
POSTHOOK: Output: default@depts_n3
PREHOOK: query: drop table EMPS_n4
PREHOOK: type: DROPTABLE
PREHOOK: Input: default@emps_n4
PREHOOK: Output: default@emps_n4
POSTHOOK: query: drop table EMPS_n4
POSTHOOK: type: DROPTABLE
POSTHOOK: Input: default@emps_n4
POSTHOOK: Output: default@emps_n4
Warning: Shuffle Join MERGEJOIN[19][tables = [$hdt$_0, $hdt$_1]] in Stage 'Reducer 3' is a cross product
PREHOOK: query: explain
 select key, count(*)
from src
group by key
having count(*) > (select count(*) from src s1 where s1.key > '9' )
PREHOOK: type: QUERY
POSTHOOK: query: explain
 select key, count(*)
from src
group by key
having count(*) > (select count(*) from src s1 where s1.key > '9' )
POSTHOOK: type: QUERY
STAGE DEPENDENCIES:
  Stage-1 is a root stage
  Stage-0 depends on stages: Stage-1

STAGE PLANS:
  Stage: Stage-1
    Tez
#### A masked pattern was here ####
      Edges:
        Reducer 2 <- Map 1 (SIMPLE_EDGE)
        Reducer 3 <- Reducer 2 (XPROD_EDGE), Reducer 4 (XPROD_EDGE)
        Reducer 4 <- Map 1 (CUSTOM_SIMPLE_EDGE)
#### A masked pattern was here ####
      Vertices:
        Map 1 
            Map Operator Tree:
                TableScan
                  alias: src
                  Statistics: Num rows: 500 Data size: 43500 Basic stats: COMPLETE Column stats: COMPLETE
                  Select Operator
                    expressions: key (type: string)
                    outputColumnNames: key
                    Statistics: Num rows: 500 Data size: 43500 Basic stats: COMPLETE Column stats: COMPLETE
                    Group By Operator
                      aggregations: count()
                      keys: key (type: string)
                      mode: hash
                      outputColumnNames: _col0, _col1
                      Statistics: Num rows: 250 Data size: 23750 Basic stats: COMPLETE Column stats: COMPLETE
                      Reduce Output Operator
                        key expressions: _col0 (type: string)
                        sort order: +
                        Map-reduce partition columns: _col0 (type: string)
                        Statistics: Num rows: 250 Data size: 23750 Basic stats: COMPLETE Column stats: COMPLETE
                        value expressions: _col1 (type: bigint)
                  Filter Operator
                    predicate: (key > '9') (type: boolean)
                    Statistics: Num rows: 166 Data size: 14442 Basic stats: COMPLETE Column stats: COMPLETE
                    Select Operator
                      Statistics: Num rows: 166 Data size: 14442 Basic stats: COMPLETE Column stats: COMPLETE
                      Group By Operator
                        aggregations: count()
                        mode: hash
                        outputColumnNames: _col0
                        Statistics: Num rows: 1 Data size: 8 Basic stats: COMPLETE Column stats: COMPLETE
                        Reduce Output Operator
                          sort order: 
                          Statistics: Num rows: 1 Data size: 8 Basic stats: COMPLETE Column stats: COMPLETE
                          value expressions: _col0 (type: bigint)
            Execution mode: vectorized, llap
            LLAP IO: no inputs
        Reducer 2 
            Execution mode: vectorized, llap
            Reduce Operator Tree:
              Group By Operator
                aggregations: count(VALUE._col0)
                keys: KEY._col0 (type: string)
                mode: mergepartial
                outputColumnNames: _col0, _col1
                Statistics: Num rows: 250 Data size: 23750 Basic stats: COMPLETE Column stats: COMPLETE
                Reduce Output Operator
                  sort order: 
                  Statistics: Num rows: 250 Data size: 23750 Basic stats: COMPLETE Column stats: COMPLETE
                  value expressions: _col0 (type: string), _col1 (type: bigint)
        Reducer 3 
            Execution mode: llap
            Reduce Operator Tree:
              Merge Join Operator
                condition map:
                     Inner Join 0 to 1
                keys:
                  0 
                  1 
                outputColumnNames: _col0, _col1, _col2
                residual filter predicates: {(_col1 > _col2)}
                Statistics: Num rows: 83 Data size: 8549 Basic stats: COMPLETE Column stats: COMPLETE
                Select Operator
                  expressions: _col0 (type: string), _col1 (type: bigint)
                  outputColumnNames: _col0, _col1
                  Statistics: Num rows: 83 Data size: 7885 Basic stats: COMPLETE Column stats: COMPLETE
                  File Output Operator
                    compressed: false
                    Statistics: Num rows: 83 Data size: 7885 Basic stats: COMPLETE Column stats: COMPLETE
                    table:
                        input format: org.apache.hadoop.mapred.SequenceFileInputFormat
                        output format: org.apache.hadoop.hive.ql.io.HiveSequenceFileOutputFormat
                        serde: org.apache.hadoop.hive.serde2.lazy.LazySimpleSerDe
        Reducer 4 
            Execution mode: vectorized, llap
            Reduce Operator Tree:
              Group By Operator
                aggregations: count(VALUE._col0)
                mode: mergepartial
                outputColumnNames: _col0
                Statistics: Num rows: 1 Data size: 8 Basic stats: COMPLETE Column stats: COMPLETE
                Reduce Output Operator
                  sort order: 
                  Statistics: Num rows: 1 Data size: 8 Basic stats: COMPLETE Column stats: COMPLETE
                  value expressions: _col0 (type: bigint)

  Stage: Stage-0
    Fetch Operator
      limit: -1
      Processor Tree:
        ListSink

Warning: Shuffle Join MERGEJOIN[19][tables = [$hdt$_0, $hdt$_1]] in Stage 'Reducer 3' is a cross product
PREHOOK: query: select key, count(*)
from src
group by key
having count(*) > (select count(*) from src s1 where s1.key = '90')
PREHOOK: type: QUERY
PREHOOK: Input: default@src
#### A masked pattern was here ####
POSTHOOK: query: select key, count(*)
from src
group by key
having count(*) > (select count(*) from src s1 where s1.key = '90')
POSTHOOK: type: QUERY
POSTHOOK: Input: default@src
#### A masked pattern was here ####
138	4
169	4
230	5
277	4
348	5
401	5
406	4
468	4
469	5
489	4
Warning: Shuffle Join MERGEJOIN[34][tables = [$hdt$_0, $hdt$_1]] in Stage 'Reducer 4' is a cross product
PREHOOK: query: explain
select key, value, count(*)
from src b
where b.key in (select key from src where src.key > '8')
group by key, value
having count(*) > (select count(*) from src s1 where s1.key > '9' )
PREHOOK: type: QUERY
POSTHOOK: query: explain
select key, value, count(*)
from src b
where b.key in (select key from src where src.key > '8')
group by key, value
having count(*) > (select count(*) from src s1 where s1.key > '9' )
POSTHOOK: type: QUERY
STAGE DEPENDENCIES:
  Stage-1 is a root stage
  Stage-0 depends on stages: Stage-1

STAGE PLANS:
  Stage: Stage-1
    Tez
#### A masked pattern was here ####
      Edges:
        Reducer 2 <- Map 1 (SIMPLE_EDGE), Map 5 (SIMPLE_EDGE)
        Reducer 3 <- Reducer 2 (SIMPLE_EDGE)
        Reducer 4 <- Reducer 3 (XPROD_EDGE), Reducer 6 (XPROD_EDGE)
        Reducer 6 <- Map 5 (CUSTOM_SIMPLE_EDGE)
#### A masked pattern was here ####
      Vertices:
        Map 1 
            Map Operator Tree:
                TableScan
                  alias: b
                  Statistics: Num rows: 500 Data size: 89000 Basic stats: COMPLETE Column stats: COMPLETE
                  Filter Operator
                    predicate: (key > '8') (type: boolean)
                    Statistics: Num rows: 166 Data size: 29548 Basic stats: COMPLETE Column stats: COMPLETE
                    Select Operator
                      expressions: key (type: string), value (type: string)
                      outputColumnNames: _col0, _col1
                      Statistics: Num rows: 166 Data size: 29548 Basic stats: COMPLETE Column stats: COMPLETE
                      Reduce Output Operator
                        key expressions: _col0 (type: string)
                        sort order: +
                        Map-reduce partition columns: _col0 (type: string)
                        Statistics: Num rows: 166 Data size: 29548 Basic stats: COMPLETE Column stats: COMPLETE
                        value expressions: _col1 (type: string)
            Execution mode: vectorized, llap
            LLAP IO: no inputs
        Map 5 
            Map Operator Tree:
                TableScan
                  alias: src
                  Statistics: Num rows: 500 Data size: 43500 Basic stats: COMPLETE Column stats: COMPLETE
                  Filter Operator
                    predicate: (key > '8') (type: boolean)
                    Statistics: Num rows: 166 Data size: 14442 Basic stats: COMPLETE Column stats: COMPLETE
                    Select Operator
                      expressions: key (type: string)
                      outputColumnNames: _col0
                      Statistics: Num rows: 166 Data size: 14442 Basic stats: COMPLETE Column stats: COMPLETE
                      Group By Operator
                        keys: _col0 (type: string)
                        mode: hash
                        outputColumnNames: _col0
                        Statistics: Num rows: 83 Data size: 7221 Basic stats: COMPLETE Column stats: COMPLETE
                        Reduce Output Operator
                          key expressions: _col0 (type: string)
                          sort order: +
                          Map-reduce partition columns: _col0 (type: string)
                          Statistics: Num rows: 83 Data size: 7221 Basic stats: COMPLETE Column stats: COMPLETE
                  Filter Operator
                    predicate: (key > '9') (type: boolean)
                    Statistics: Num rows: 166 Data size: 14442 Basic stats: COMPLETE Column stats: COMPLETE
                    Select Operator
                      Statistics: Num rows: 166 Data size: 14442 Basic stats: COMPLETE Column stats: COMPLETE
                      Group By Operator
                        aggregations: count()
                        mode: hash
                        outputColumnNames: _col0
                        Statistics: Num rows: 1 Data size: 8 Basic stats: COMPLETE Column stats: COMPLETE
                        Reduce Output Operator
                          sort order: 
                          Statistics: Num rows: 1 Data size: 8 Basic stats: COMPLETE Column stats: COMPLETE
                          value expressions: _col0 (type: bigint)
            Execution mode: vectorized, llap
            LLAP IO: no inputs
        Reducer 2 
            Execution mode: llap
            Reduce Operator Tree:
              Merge Join Operator
                condition map:
                     Left Semi Join 0 to 1
                keys:
                  0 _col0 (type: string)
                  1 _col0 (type: string)
                outputColumnNames: _col0, _col1
                Statistics: Num rows: 131 Data size: 23318 Basic stats: COMPLETE Column stats: COMPLETE
                Group By Operator
                  aggregations: count()
                  keys: _col0 (type: string), _col1 (type: string)
                  mode: hash
                  outputColumnNames: _col0, _col1, _col2
                  Statistics: Num rows: 65 Data size: 12090 Basic stats: COMPLETE Column stats: COMPLETE
                  Reduce Output Operator
                    key expressions: _col0 (type: string), _col1 (type: string)
                    sort order: ++
                    Map-reduce partition columns: _col0 (type: string), _col1 (type: string)
                    Statistics: Num rows: 65 Data size: 12090 Basic stats: COMPLETE Column stats: COMPLETE
                    value expressions: _col2 (type: bigint)
        Reducer 3 
            Execution mode: vectorized, llap
            Reduce Operator Tree:
              Group By Operator
                aggregations: count(VALUE._col0)
                keys: KEY._col0 (type: string), KEY._col1 (type: string)
                mode: mergepartial
                outputColumnNames: _col0, _col1, _col2
                Statistics: Num rows: 65 Data size: 12090 Basic stats: COMPLETE Column stats: COMPLETE
                Reduce Output Operator
                  sort order: 
                  Statistics: Num rows: 65 Data size: 12090 Basic stats: COMPLETE Column stats: COMPLETE
                  value expressions: _col0 (type: string), _col1 (type: string), _col2 (type: bigint)
        Reducer 4 
            Execution mode: llap
            Reduce Operator Tree:
              Merge Join Operator
                condition map:
                     Inner Join 0 to 1
                keys:
                  0 
                  1 
                outputColumnNames: _col0, _col1, _col2, _col3
                residual filter predicates: {(_col2 > _col3)}
                Statistics: Num rows: 21 Data size: 4074 Basic stats: COMPLETE Column stats: COMPLETE
                Select Operator
                  expressions: _col0 (type: string), _col1 (type: string), _col2 (type: bigint)
                  outputColumnNames: _col0, _col1, _col2
                  Statistics: Num rows: 21 Data size: 3906 Basic stats: COMPLETE Column stats: COMPLETE
                  File Output Operator
                    compressed: false
                    Statistics: Num rows: 21 Data size: 3906 Basic stats: COMPLETE Column stats: COMPLETE
                    table:
                        input format: org.apache.hadoop.mapred.SequenceFileInputFormat
                        output format: org.apache.hadoop.hive.ql.io.HiveSequenceFileOutputFormat
                        serde: org.apache.hadoop.hive.serde2.lazy.LazySimpleSerDe
        Reducer 6 
            Execution mode: vectorized, llap
            Reduce Operator Tree:
              Group By Operator
                aggregations: count(VALUE._col0)
                mode: mergepartial
                outputColumnNames: _col0
                Statistics: Num rows: 1 Data size: 8 Basic stats: COMPLETE Column stats: COMPLETE
                Reduce Output Operator
                  sort order: 
                  Statistics: Num rows: 1 Data size: 8 Basic stats: COMPLETE Column stats: COMPLETE
                  value expressions: _col0 (type: bigint)

  Stage: Stage-0
    Fetch Operator
      limit: -1
      Processor Tree:
        ListSink

Warning: Shuffle Join MERGEJOIN[34][tables = [$hdt$_0, $hdt$_1]] in Stage 'Reducer 4' is a cross product
PREHOOK: query: select key, value, count(*)
from src b
where b.key in (select key from src where src.key > '8')
group by key, value
having count(*) > (select count(*) from src s1 where s1.key > '9' )
PREHOOK: type: QUERY
PREHOOK: Input: default@src
#### A masked pattern was here ####
POSTHOOK: query: select key, value, count(*)
from src b
where b.key in (select key from src where src.key > '8')
group by key, value
having count(*) > (select count(*) from src s1 where s1.key > '9' )
POSTHOOK: type: QUERY
POSTHOOK: Input: default@src
#### A masked pattern was here ####
Warning: Shuffle Join MERGEJOIN[27][tables = [$hdt$_0, $hdt$_1, $hdt$_2]] in Stage 'Reducer 2' is a cross product
PREHOOK: query: explain  select * from part where p_size > (select max(p_size) from part group by p_type)
PREHOOK: type: QUERY
POSTHOOK: query: explain  select * from part where p_size > (select max(p_size) from part group by p_type)
POSTHOOK: type: QUERY
STAGE DEPENDENCIES:
  Stage-1 is a root stage
  Stage-0 depends on stages: Stage-1

STAGE PLANS:
  Stage: Stage-1
    Tez
#### A masked pattern was here ####
      Edges:
        Reducer 2 <- Map 1 (XPROD_EDGE), Reducer 5 (XPROD_EDGE), Reducer 7 (XPROD_EDGE)
        Reducer 4 <- Map 3 (SIMPLE_EDGE)
        Reducer 5 <- Reducer 4 (CUSTOM_SIMPLE_EDGE)
        Reducer 7 <- Map 6 (SIMPLE_EDGE)
#### A masked pattern was here ####
      Vertices:
        Map 1 
            Map Operator Tree:
                TableScan
                  alias: part
                  Statistics: Num rows: 26 Data size: 16094 Basic stats: COMPLETE Column stats: COMPLETE
                  Select Operator
                    expressions: p_partkey (type: int), p_name (type: string), p_mfgr (type: string), p_brand (type: string), p_type (type: string), p_size (type: int), p_container (type: string), p_retailprice (type: double), p_comment (type: string)
                    outputColumnNames: _col0, _col1, _col2, _col3, _col4, _col5, _col6, _col7, _col8
                    Statistics: Num rows: 26 Data size: 16094 Basic stats: COMPLETE Column stats: COMPLETE
                    Reduce Output Operator
                      sort order: 
                      Statistics: Num rows: 26 Data size: 16094 Basic stats: COMPLETE Column stats: COMPLETE
                      value expressions: _col0 (type: int), _col1 (type: string), _col2 (type: string), _col3 (type: string), _col4 (type: string), _col5 (type: int), _col6 (type: string), _col7 (type: double), _col8 (type: string)
            Execution mode: vectorized, llap
            LLAP IO: no inputs
        Map 3 
            Map Operator Tree:
                TableScan
                  alias: part
                  Statistics: Num rows: 26 Data size: 2704 Basic stats: COMPLETE Column stats: COMPLETE
                  Select Operator
                    expressions: p_type (type: string)
                    outputColumnNames: p_type
                    Statistics: Num rows: 26 Data size: 2704 Basic stats: COMPLETE Column stats: COMPLETE
                    Group By Operator
                      keys: p_type (type: string)
                      mode: hash
                      outputColumnNames: _col0
                      Statistics: Num rows: 13 Data size: 1352 Basic stats: COMPLETE Column stats: COMPLETE
                      Reduce Output Operator
                        key expressions: _col0 (type: string)
                        sort order: +
                        Map-reduce partition columns: _col0 (type: string)
                        Statistics: Num rows: 13 Data size: 1352 Basic stats: COMPLETE Column stats: COMPLETE
            Execution mode: vectorized, llap
            LLAP IO: no inputs
        Map 6 
            Map Operator Tree:
                TableScan
                  alias: part
                  Statistics: Num rows: 26 Data size: 2808 Basic stats: COMPLETE Column stats: COMPLETE
                  Select Operator
                    expressions: p_type (type: string), p_size (type: int)
                    outputColumnNames: p_type, p_size
                    Statistics: Num rows: 26 Data size: 2808 Basic stats: COMPLETE Column stats: COMPLETE
                    Group By Operator
                      aggregations: max(p_size)
                      keys: p_type (type: string)
                      mode: hash
                      outputColumnNames: _col0, _col1
                      Statistics: Num rows: 13 Data size: 1404 Basic stats: COMPLETE Column stats: COMPLETE
                      Reduce Output Operator
                        key expressions: _col0 (type: string)
                        sort order: +
                        Map-reduce partition columns: _col0 (type: string)
                        Statistics: Num rows: 13 Data size: 1404 Basic stats: COMPLETE Column stats: COMPLETE
                        value expressions: _col1 (type: int)
            Execution mode: vectorized, llap
            LLAP IO: no inputs
        Reducer 2 
            Execution mode: llap
            Reduce Operator Tree:
              Merge Join Operator
                condition map:
                     Inner Join 0 to 1
                     Inner Join 0 to 2
                keys:
                  0 
                  1 
                  2 
                outputColumnNames: _col0, _col1, _col2, _col3, _col4, _col5, _col6, _col7, _col8, _col10
                residual filter predicates: {(_col5 > _col10)}
                Statistics: Num rows: 112 Data size: 69776 Basic stats: COMPLETE Column stats: COMPLETE
                Select Operator
                  expressions: _col0 (type: int), _col1 (type: string), _col2 (type: string), _col3 (type: string), _col4 (type: string), _col5 (type: int), _col6 (type: string), _col7 (type: double), _col8 (type: string)
                  outputColumnNames: _col0, _col1, _col2, _col3, _col4, _col5, _col6, _col7, _col8
                  Statistics: Num rows: 112 Data size: 69328 Basic stats: COMPLETE Column stats: COMPLETE
                  File Output Operator
                    compressed: false
                    Statistics: Num rows: 112 Data size: 69328 Basic stats: COMPLETE Column stats: COMPLETE
                    table:
                        input format: org.apache.hadoop.mapred.SequenceFileInputFormat
                        output format: org.apache.hadoop.hive.ql.io.HiveSequenceFileOutputFormat
                        serde: org.apache.hadoop.hive.serde2.lazy.LazySimpleSerDe
        Reducer 4 
            Execution mode: vectorized, llap
            Reduce Operator Tree:
              Group By Operator
                keys: KEY._col0 (type: string)
                mode: mergepartial
                outputColumnNames: _col0
                Statistics: Num rows: 13 Data size: 1352 Basic stats: COMPLETE Column stats: COMPLETE
                Select Operator
                  Statistics: Num rows: 13 Data size: 1352 Basic stats: COMPLETE Column stats: COMPLETE
                  Group By Operator
                    aggregations: count()
                    mode: hash
                    outputColumnNames: _col0
                    Statistics: Num rows: 1 Data size: 8 Basic stats: COMPLETE Column stats: COMPLETE
                    Reduce Output Operator
                      sort order: 
                      Statistics: Num rows: 1 Data size: 8 Basic stats: COMPLETE Column stats: COMPLETE
                      value expressions: _col0 (type: bigint)
        Reducer 5 
            Execution mode: vectorized, llap
            Reduce Operator Tree:
              Group By Operator
                aggregations: count(VALUE._col0)
                mode: mergepartial
                outputColumnNames: _col0
                Statistics: Num rows: 1 Data size: 8 Basic stats: COMPLETE Column stats: COMPLETE
                Filter Operator
                  predicate: (sq_count_check(_col0) <= 1) (type: boolean)
                  Statistics: Num rows: 1 Data size: 8 Basic stats: COMPLETE Column stats: COMPLETE
                  Select Operator
                    Statistics: Num rows: 1 Data size: 8 Basic stats: COMPLETE Column stats: COMPLETE
                    Reduce Output Operator
                      sort order: 
                      Statistics: Num rows: 1 Data size: 8 Basic stats: COMPLETE Column stats: COMPLETE
        Reducer 7 
            Execution mode: vectorized, llap
            Reduce Operator Tree:
              Group By Operator
                aggregations: max(VALUE._col0)
                keys: KEY._col0 (type: string)
                mode: mergepartial
                outputColumnNames: _col0, _col1
                Statistics: Num rows: 13 Data size: 1404 Basic stats: COMPLETE Column stats: COMPLETE
                Select Operator
                  expressions: _col1 (type: int)
                  outputColumnNames: _col0
                  Statistics: Num rows: 13 Data size: 52 Basic stats: COMPLETE Column stats: COMPLETE
                  Reduce Output Operator
                    sort order: 
                    Statistics: Num rows: 13 Data size: 52 Basic stats: COMPLETE Column stats: COMPLETE
                    value expressions: _col0 (type: int)

  Stage: Stage-0
    Fetch Operator
      limit: -1
      Processor Tree:
        ListSink

PREHOOK: query: explain  select * from part where p_size > (select max(p_size) from part p where p.p_type = part.p_type group by p_type)
PREHOOK: type: QUERY
POSTHOOK: query: explain  select * from part where p_size > (select max(p_size) from part p where p.p_type = part.p_type group by p_type)
POSTHOOK: type: QUERY
STAGE DEPENDENCIES:
  Stage-1 is a root stage
  Stage-0 depends on stages: Stage-1

STAGE PLANS:
  Stage: Stage-1
    Tez
#### A masked pattern was here ####
      Edges:
        Reducer 2 <- Map 1 (SIMPLE_EDGE), Reducer 4 (ONE_TO_ONE_EDGE), Reducer 6 (ONE_TO_ONE_EDGE)
        Reducer 4 <- Map 3 (SIMPLE_EDGE)
        Reducer 6 <- Map 5 (SIMPLE_EDGE)
#### A masked pattern was here ####
      Vertices:
        Map 1 
            Map Operator Tree:
                TableScan
                  alias: part
                  Statistics: Num rows: 26 Data size: 16094 Basic stats: COMPLETE Column stats: COMPLETE
                  Filter Operator
                    predicate: p_type is not null (type: boolean)
                    Statistics: Num rows: 26 Data size: 16094 Basic stats: COMPLETE Column stats: COMPLETE
                    Select Operator
                      expressions: p_partkey (type: int), p_name (type: string), p_mfgr (type: string), p_brand (type: string), p_type (type: string), p_size (type: int), p_container (type: string), p_retailprice (type: double), p_comment (type: string)
                      outputColumnNames: _col0, _col1, _col2, _col3, _col4, _col5, _col6, _col7, _col8
                      Statistics: Num rows: 26 Data size: 16094 Basic stats: COMPLETE Column stats: COMPLETE
                      Reduce Output Operator
                        key expressions: _col4 (type: string)
                        sort order: +
                        Map-reduce partition columns: _col4 (type: string)
                        Statistics: Num rows: 26 Data size: 16094 Basic stats: COMPLETE Column stats: COMPLETE
                        value expressions: _col0 (type: int), _col1 (type: string), _col2 (type: string), _col3 (type: string), _col5 (type: int), _col6 (type: string), _col7 (type: double), _col8 (type: string)
            Execution mode: vectorized, llap
            LLAP IO: no inputs
        Map 3 
            Map Operator Tree:
                TableScan
                  alias: p
                  Statistics: Num rows: 26 Data size: 2704 Basic stats: COMPLETE Column stats: COMPLETE
                  Filter Operator
                    predicate: p_type is not null (type: boolean)
                    Statistics: Num rows: 26 Data size: 2704 Basic stats: COMPLETE Column stats: COMPLETE
                    Group By Operator
                      keys: p_type (type: string)
                      mode: hash
                      outputColumnNames: _col0
                      Statistics: Num rows: 13 Data size: 1352 Basic stats: COMPLETE Column stats: COMPLETE
                      Reduce Output Operator
                        key expressions: _col0 (type: string)
                        sort order: +
                        Map-reduce partition columns: _col0 (type: string)
                        Statistics: Num rows: 13 Data size: 1352 Basic stats: COMPLETE Column stats: COMPLETE
            Execution mode: vectorized, llap
            LLAP IO: no inputs
        Map 5 
            Map Operator Tree:
                TableScan
                  alias: p
                  Statistics: Num rows: 26 Data size: 2808 Basic stats: COMPLETE Column stats: COMPLETE
                  Filter Operator
                    predicate: p_type is not null (type: boolean)
                    Statistics: Num rows: 26 Data size: 2808 Basic stats: COMPLETE Column stats: COMPLETE
                    Group By Operator
                      aggregations: max(p_size)
                      keys: p_type (type: string)
                      mode: hash
                      outputColumnNames: _col0, _col1
                      Statistics: Num rows: 13 Data size: 1404 Basic stats: COMPLETE Column stats: COMPLETE
                      Reduce Output Operator
                        key expressions: _col0 (type: string)
                        sort order: +
                        Map-reduce partition columns: _col0 (type: string)
                        Statistics: Num rows: 13 Data size: 1404 Basic stats: COMPLETE Column stats: COMPLETE
                        value expressions: _col1 (type: int)
            Execution mode: vectorized, llap
            LLAP IO: no inputs
        Reducer 2 
            Execution mode: llap
            Reduce Operator Tree:
              Merge Join Operator
                condition map:
                     Left Outer Join 0 to 1
                     Inner Join 0 to 2
                keys:
                  0 _col4 (type: string)
                  1 _col0 (type: string)
                  2 _col1 (type: string)
                outputColumnNames: _col0, _col1, _col2, _col3, _col4, _col5, _col6, _col7, _col8, _col11
                residual filter predicates: {(_col5 > _col11)}
                Statistics: Num rows: 2 Data size: 1246 Basic stats: COMPLETE Column stats: COMPLETE
                Select Operator
                  expressions: _col0 (type: int), _col1 (type: string), _col2 (type: string), _col3 (type: string), _col4 (type: string), _col5 (type: int), _col6 (type: string), _col7 (type: double), _col8 (type: string)
                  outputColumnNames: _col0, _col1, _col2, _col3, _col4, _col5, _col6, _col7, _col8
                  Statistics: Num rows: 2 Data size: 1238 Basic stats: COMPLETE Column stats: COMPLETE
                  File Output Operator
                    compressed: false
                    Statistics: Num rows: 2 Data size: 1238 Basic stats: COMPLETE Column stats: COMPLETE
                    table:
                        input format: org.apache.hadoop.mapred.SequenceFileInputFormat
                        output format: org.apache.hadoop.hive.ql.io.HiveSequenceFileOutputFormat
                        serde: org.apache.hadoop.hive.serde2.lazy.LazySimpleSerDe
        Reducer 4 
            Execution mode: vectorized, llap
            Reduce Operator Tree:
              Group By Operator
                keys: KEY._col0 (type: string)
                mode: mergepartial
                outputColumnNames: _col0
                Statistics: Num rows: 13 Data size: 1352 Basic stats: COMPLETE Column stats: COMPLETE
                Group By Operator
                  aggregations: count()
                  keys: _col0 (type: string)
                  mode: complete
                  outputColumnNames: _col0, _col1
                  Statistics: Num rows: 13 Data size: 1456 Basic stats: COMPLETE Column stats: COMPLETE
                  Filter Operator
                    predicate: (sq_count_check(_col1) <= 1) (type: boolean)
                    Statistics: Num rows: 4 Data size: 448 Basic stats: COMPLETE Column stats: COMPLETE
                    Select Operator
                      expressions: _col0 (type: string)
                      outputColumnNames: _col0
                      Statistics: Num rows: 4 Data size: 448 Basic stats: COMPLETE Column stats: COMPLETE
                      Reduce Output Operator
                        key expressions: _col0 (type: string)
                        sort order: +
                        Map-reduce partition columns: _col0 (type: string)
                        Statistics: Num rows: 4 Data size: 448 Basic stats: COMPLETE Column stats: COMPLETE
        Reducer 6 
            Execution mode: vectorized, llap
            Reduce Operator Tree:
              Group By Operator
                aggregations: max(VALUE._col0)
                keys: KEY._col0 (type: string)
                mode: mergepartial
                outputColumnNames: _col0, _col1
                Statistics: Num rows: 13 Data size: 1404 Basic stats: COMPLETE Column stats: COMPLETE
                Select Operator
                  expressions: _col1 (type: int), _col0 (type: string)
                  outputColumnNames: _col0, _col1
                  Statistics: Num rows: 13 Data size: 1404 Basic stats: COMPLETE Column stats: COMPLETE
                  Reduce Output Operator
                    key expressions: _col1 (type: string)
                    sort order: +
                    Map-reduce partition columns: _col1 (type: string)
                    Statistics: Num rows: 13 Data size: 1404 Basic stats: COMPLETE Column stats: COMPLETE
                    value expressions: _col0 (type: int)

  Stage: Stage-0
    Fetch Operator
      limit: -1
      Processor Tree:
        ListSink

Warning: Shuffle Join MERGEJOIN[27][tables = [$hdt$_1, $hdt$_2]] in Stage 'Reducer 4' is a cross product
PREHOOK: query: explain select * from part where p_size <>
    (select count(p_size) from part pp where part.p_type <> pp.p_type)
PREHOOK: type: QUERY
POSTHOOK: query: explain select * from part where p_size <>
    (select count(p_size) from part pp where part.p_type <> pp.p_type)
POSTHOOK: type: QUERY
STAGE DEPENDENCIES:
  Stage-1 is a root stage
  Stage-0 depends on stages: Stage-1

STAGE PLANS:
  Stage: Stage-1
    Tez
#### A masked pattern was here ####
      Edges:
        Reducer 2 <- Map 1 (SIMPLE_EDGE), Reducer 5 (ONE_TO_ONE_EDGE)
        Reducer 4 <- Map 3 (XPROD_EDGE), Reducer 7 (XPROD_EDGE)
        Reducer 5 <- Reducer 4 (SIMPLE_EDGE)
        Reducer 7 <- Map 6 (SIMPLE_EDGE)
#### A masked pattern was here ####
      Vertices:
        Map 1 
            Map Operator Tree:
                TableScan
                  alias: part
                  Statistics: Num rows: 26 Data size: 16094 Basic stats: COMPLETE Column stats: COMPLETE
                  Select Operator
                    expressions: p_partkey (type: int), p_name (type: string), p_mfgr (type: string), p_brand (type: string), p_type (type: string), p_size (type: int), p_container (type: string), p_retailprice (type: double), p_comment (type: string)
                    outputColumnNames: _col0, _col1, _col2, _col3, _col4, _col5, _col6, _col7, _col8
                    Statistics: Num rows: 26 Data size: 16094 Basic stats: COMPLETE Column stats: COMPLETE
                    Reduce Output Operator
                      key expressions: _col4 (type: string)
                      sort order: +
                      Map-reduce partition columns: _col4 (type: string)
                      Statistics: Num rows: 26 Data size: 16094 Basic stats: COMPLETE Column stats: COMPLETE
                      value expressions: _col0 (type: int), _col1 (type: string), _col2 (type: string), _col3 (type: string), _col5 (type: int), _col6 (type: string), _col7 (type: double), _col8 (type: string)
            Execution mode: vectorized, llap
            LLAP IO: no inputs
        Map 3 
            Map Operator Tree:
                TableScan
                  alias: pp
                  Statistics: Num rows: 26 Data size: 2808 Basic stats: COMPLETE Column stats: COMPLETE
                  Select Operator
                    expressions: p_type (type: string), p_size (type: int)
                    outputColumnNames: _col0, _col1
                    Statistics: Num rows: 26 Data size: 2808 Basic stats: COMPLETE Column stats: COMPLETE
                    Reduce Output Operator
                      sort order: 
                      Statistics: Num rows: 26 Data size: 2808 Basic stats: COMPLETE Column stats: COMPLETE
                      value expressions: _col0 (type: string), _col1 (type: int)
            Execution mode: vectorized, llap
            LLAP IO: no inputs
        Map 6 
            Map Operator Tree:
                TableScan
                  alias: part
                  Statistics: Num rows: 26 Data size: 2704 Basic stats: COMPLETE Column stats: COMPLETE
                  Group By Operator
                    keys: p_type (type: string)
                    mode: hash
                    outputColumnNames: _col0
                    Statistics: Num rows: 13 Data size: 1352 Basic stats: COMPLETE Column stats: COMPLETE
                    Reduce Output Operator
                      key expressions: _col0 (type: string)
                      sort order: +
                      Map-reduce partition columns: _col0 (type: string)
                      Statistics: Num rows: 13 Data size: 1352 Basic stats: COMPLETE Column stats: COMPLETE
            Execution mode: vectorized, llap
            LLAP IO: no inputs
        Reducer 2 
            Execution mode: llap
            Reduce Operator Tree:
              Merge Join Operator
                condition map:
                     Left Outer Join 0 to 1
                keys:
                  0 _col4 (type: string)
                  1 _col2 (type: string)
                outputColumnNames: _col0, _col1, _col2, _col3, _col4, _col5, _col6, _col7, _col8, _col9, _col10
                Statistics: Num rows: 26 Data size: 16406 Basic stats: COMPLETE Column stats: COMPLETE
                Filter Operator
                  predicate: (UDFToLong(_col5) <> CASE WHEN (_col10 is null) THEN (0) ELSE (_col9) END) (type: boolean)
                  Statistics: Num rows: 26 Data size: 16406 Basic stats: COMPLETE Column stats: COMPLETE
                  Select Operator
                    expressions: _col0 (type: int), _col1 (type: string), _col2 (type: string), _col3 (type: string), _col4 (type: string), _col5 (type: int), _col6 (type: string), _col7 (type: double), _col8 (type: string)
                    outputColumnNames: _col0, _col1, _col2, _col3, _col4, _col5, _col6, _col7, _col8
                    Statistics: Num rows: 26 Data size: 16094 Basic stats: COMPLETE Column stats: COMPLETE
                    File Output Operator
                      compressed: false
                      Statistics: Num rows: 26 Data size: 16094 Basic stats: COMPLETE Column stats: COMPLETE
                      table:
                          input format: org.apache.hadoop.mapred.SequenceFileInputFormat
                          output format: org.apache.hadoop.hive.ql.io.HiveSequenceFileOutputFormat
                          serde: org.apache.hadoop.hive.serde2.lazy.LazySimpleSerDe
        Reducer 4 
            Execution mode: llap
            Reduce Operator Tree:
              Merge Join Operator
                condition map:
                     Inner Join 0 to 1
                keys:
                  0 
                  1 
                outputColumnNames: _col0, _col1, _col2
                residual filter predicates: {(_col2 <> _col0)}
                Statistics: Num rows: 338 Data size: 71656 Basic stats: COMPLETE Column stats: COMPLETE
                Select Operator
                  expressions: _col1 (type: int), _col2 (type: string)
                  outputColumnNames: _col1, _col2
                  Statistics: Num rows: 338 Data size: 71656 Basic stats: COMPLETE Column stats: COMPLETE
                  Group By Operator
                    aggregations: count(_col1)
                    keys: _col2 (type: string)
                    mode: hash
                    outputColumnNames: _col0, _col1
                    Statistics: Num rows: 24 Data size: 2688 Basic stats: COMPLETE Column stats: COMPLETE
                    Reduce Output Operator
                      key expressions: _col0 (type: string)
                      sort order: +
                      Map-reduce partition columns: _col0 (type: string)
                      Statistics: Num rows: 24 Data size: 2688 Basic stats: COMPLETE Column stats: COMPLETE
                      value expressions: _col1 (type: bigint)
        Reducer 5 
            Execution mode: vectorized, llap
            Reduce Operator Tree:
              Group By Operator
                aggregations: count(VALUE._col0)
                keys: KEY._col0 (type: string)
                mode: mergepartial
                outputColumnNames: _col0, _col1
                Statistics: Num rows: 24 Data size: 2688 Basic stats: COMPLETE Column stats: COMPLETE
                Select Operator
                  expressions: _col1 (type: bigint), true (type: boolean), _col0 (type: string)
                  outputColumnNames: _col0, _col1, _col2
                  Statistics: Num rows: 24 Data size: 2784 Basic stats: COMPLETE Column stats: COMPLETE
                  Reduce Output Operator
                    key expressions: _col2 (type: string)
                    sort order: +
                    Map-reduce partition columns: _col2 (type: string)
                    Statistics: Num rows: 24 Data size: 2784 Basic stats: COMPLETE Column stats: COMPLETE
                    value expressions: _col0 (type: bigint), _col1 (type: boolean)
        Reducer 7 
            Execution mode: vectorized, llap
            Reduce Operator Tree:
              Group By Operator
                keys: KEY._col0 (type: string)
                mode: mergepartial
                outputColumnNames: _col0
                Statistics: Num rows: 13 Data size: 1352 Basic stats: COMPLETE Column stats: COMPLETE
                Reduce Output Operator
                  sort order: 
                  Statistics: Num rows: 13 Data size: 1352 Basic stats: COMPLETE Column stats: COMPLETE
                  value expressions: _col0 (type: string)

  Stage: Stage-0
    Fetch Operator
      limit: -1
      Processor Tree:
        ListSink

Warning: Shuffle Join MERGEJOIN[27][tables = [$hdt$_1, $hdt$_2]] in Stage 'Reducer 4' is a cross product
PREHOOK: query: select * from part where p_size <>
    (select count(p_size) from part pp where part.p_type <> pp.p_type)
PREHOOK: type: QUERY
PREHOOK: Input: default@part
#### A masked pattern was here ####
POSTHOOK: query: select * from part where p_size <>
    (select count(p_size) from part pp where part.p_type <> pp.p_type)
POSTHOOK: type: QUERY
POSTHOOK: Input: default@part
#### A masked pattern was here ####
105685	almond antique violet chocolate turquoise	Manufacturer#2	Brand#22	MEDIUM ANODIZED COPPER	14	MED CAN	1690.68	ly pending requ
110592	almond antique salmon chartreuse burlywood	Manufacturer#1	Brand#15	PROMO BURNISHED NICKEL	6	JUMBO PKG	1602.59	 to the furiously
112398	almond antique metallic orange dim	Manufacturer#3	Brand#32	MEDIUM BURNISHED BRASS	19	JUMBO JAR	1410.39	ole car
121152	almond antique burnished rose metallic	Manufacturer#1	Brand#14	PROMO PLATED TIN	2	JUMBO BOX	1173.15	e pinto beans h
121152	almond antique burnished rose metallic	Manufacturer#1	Brand#14	PROMO PLATED TIN	2	JUMBO BOX	1173.15	e pinto beans h
144293	almond antique olive coral navajo	Manufacturer#3	Brand#34	STANDARD POLISHED STEEL	45	JUMBO CAN	1337.29	ag furiously about 
146985	almond aquamarine midnight light salmon	Manufacturer#2	Brand#23	MEDIUM BURNISHED COPPER	2	SM CASE	2031.98	s cajole caref
15103	almond aquamarine dodger light gainsboro	Manufacturer#5	Brand#53	ECONOMY BURNISHED STEEL	46	LG PACK	1018.1	packages hinder carefu
155733	almond antique sky peru orange	Manufacturer#5	Brand#53	SMALL PLATED BRASS	2	WRAP DRUM	1788.73	furiously. bra
17273	almond antique forest lavender goldenrod	Manufacturer#3	Brand#35	PROMO ANODIZED TIN	14	JUMBO CASE	1190.27	along the
17927	almond aquamarine yellow dodger mint	Manufacturer#4	Brand#41	ECONOMY BRUSHED COPPER	7	SM PKG	1844.92	ites. eve
191709	almond antique violet turquoise frosted	Manufacturer#2	Brand#22	ECONOMY POLISHED STEEL	40	MED BOX	1800.7	 haggle
192697	almond antique blue firebrick mint	Manufacturer#5	Brand#52	MEDIUM BURNISHED TIN	31	LG DRUM	1789.69	ickly ir
195606	almond aquamarine sandy cyan gainsboro	Manufacturer#2	Brand#25	STANDARD PLATED TIN	18	SM PKG	1701.6	ic de
33357	almond azure aquamarine papaya violet	Manufacturer#4	Brand#41	STANDARD ANODIZED TIN	12	WRAP CASE	1290.35	reful
40982	almond antique misty red olive	Manufacturer#3	Brand#32	ECONOMY PLATED COPPER	1	LG PKG	1922.98	c foxes can s
42669	almond antique medium spring khaki	Manufacturer#5	Brand#51	STANDARD BURNISHED TIN	6	MED CAN	1611.66	sits haggl
45261	almond aquamarine floral ivory bisque	Manufacturer#4	Brand#42	SMALL PLATED STEEL	27	WRAP CASE	1206.26	careful
48427	almond antique violet mint lemon	Manufacturer#4	Brand#42	PROMO POLISHED STEEL	39	SM CASE	1375.42	hely ironic i
49671	almond antique gainsboro frosted violet	Manufacturer#4	Brand#41	SMALL BRUSHED BRASS	10	SM BOX	1620.67	ccounts run quick
65667	almond aquamarine pink moccasin thistle	Manufacturer#1	Brand#12	LARGE BURNISHED STEEL	42	JUMBO CASE	1632.66	e across the expr
78486	almond azure blanched chiffon midnight	Manufacturer#5	Brand#52	LARGE BRUSHED BRASS	23	MED BAG	1464.48	hely blith
85768	almond antique chartreuse lavender yellow	Manufacturer#1	Brand#12	LARGE BRUSHED STEEL	34	SM BAG	1753.76	refull
86428	almond aquamarine burnished black steel	Manufacturer#1	Brand#12	STANDARD ANODIZED STEEL	28	WRAP BAG	1414.42	arefully 
90681	almond antique chartreuse khaki white	Manufacturer#3	Brand#31	MEDIUM BURNISHED TIN	17	SM CASE	1671.68	are slyly after the sl
PREHOOK: query: create table t_n11(i int, j int)
PREHOOK: type: CREATETABLE
PREHOOK: Output: database:default
PREHOOK: Output: default@t_n11
POSTHOOK: query: create table t_n11(i int, j int)
POSTHOOK: type: CREATETABLE
POSTHOOK: Output: database:default
POSTHOOK: Output: default@t_n11
PREHOOK: query: insert into t_n11 values(3,1), (1,1)
PREHOOK: type: QUERY
PREHOOK: Input: _dummy_database@_dummy_table
PREHOOK: Output: default@t_n11
POSTHOOK: query: insert into t_n11 values(3,1), (1,1)
POSTHOOK: type: QUERY
POSTHOOK: Input: _dummy_database@_dummy_table
POSTHOOK: Output: default@t_n11
POSTHOOK: Lineage: t_n11.i SCRIPT []
POSTHOOK: Lineage: t_n11.j SCRIPT []
Warning: Shuffle Join MERGEJOIN[27][tables = [$hdt$_1, $hdt$_2]] in Stage 'Reducer 4' is a cross product
PREHOOK: query: explain select * from t_n11 where 0 = (select count(*) from t_n11 tt_n11 where tt_n11.j <> t_n11.i)
PREHOOK: type: QUERY
POSTHOOK: query: explain select * from t_n11 where 0 = (select count(*) from t_n11 tt_n11 where tt_n11.j <> t_n11.i)
POSTHOOK: type: QUERY
STAGE DEPENDENCIES:
  Stage-1 is a root stage
  Stage-0 depends on stages: Stage-1

STAGE PLANS:
  Stage: Stage-1
    Tez
#### A masked pattern was here ####
      Edges:
        Reducer 2 <- Map 1 (SIMPLE_EDGE), Reducer 5 (ONE_TO_ONE_EDGE)
        Reducer 4 <- Map 3 (XPROD_EDGE), Reducer 7 (XPROD_EDGE)
        Reducer 5 <- Reducer 4 (SIMPLE_EDGE)
        Reducer 7 <- Map 6 (SIMPLE_EDGE)
#### A masked pattern was here ####
      Vertices:
        Map 1 
            Map Operator Tree:
                TableScan
                  alias: t_n11
                  Statistics: Num rows: 2 Data size: 16 Basic stats: COMPLETE Column stats: COMPLETE
                  Select Operator
                    expressions: i (type: int), j (type: int)
                    outputColumnNames: _col0, _col1
                    Statistics: Num rows: 2 Data size: 16 Basic stats: COMPLETE Column stats: COMPLETE
                    Reduce Output Operator
                      key expressions: _col0 (type: int)
                      sort order: +
                      Map-reduce partition columns: _col0 (type: int)
                      Statistics: Num rows: 2 Data size: 16 Basic stats: COMPLETE Column stats: COMPLETE
                      value expressions: _col1 (type: int)
            Execution mode: vectorized, llap
            LLAP IO: no inputs
        Map 3 
            Map Operator Tree:
                TableScan
                  alias: tt_n11
                  Statistics: Num rows: 2 Data size: 8 Basic stats: COMPLETE Column stats: COMPLETE
                  Select Operator
                    expressions: j (type: int)
                    outputColumnNames: _col0
                    Statistics: Num rows: 2 Data size: 8 Basic stats: COMPLETE Column stats: COMPLETE
                    Reduce Output Operator
                      sort order: 
                      Statistics: Num rows: 2 Data size: 8 Basic stats: COMPLETE Column stats: COMPLETE
                      value expressions: _col0 (type: int)
            Execution mode: vectorized, llap
            LLAP IO: no inputs
        Map 6 
            Map Operator Tree:
                TableScan
                  alias: t_n11
                  Statistics: Num rows: 2 Data size: 8 Basic stats: COMPLETE Column stats: COMPLETE
                  Group By Operator
                    keys: i (type: int)
                    mode: hash
                    outputColumnNames: _col0
                    Statistics: Num rows: 1 Data size: 4 Basic stats: COMPLETE Column stats: COMPLETE
                    Reduce Output Operator
                      key expressions: _col0 (type: int)
                      sort order: +
                      Map-reduce partition columns: _col0 (type: int)
                      Statistics: Num rows: 1 Data size: 4 Basic stats: COMPLETE Column stats: COMPLETE
            Execution mode: vectorized, llap
            LLAP IO: no inputs
        Reducer 2 
            Execution mode: llap
            Reduce Operator Tree:
              Merge Join Operator
                condition map:
                     Left Outer Join 0 to 1
                keys:
                  0 _col0 (type: int)
                  1 _col2 (type: int)
                outputColumnNames: _col0, _col1, _col2, _col3
                Statistics: Num rows: 2 Data size: 40 Basic stats: COMPLETE Column stats: COMPLETE
                Filter Operator
                  predicate: CASE WHEN (_col3 is null) THEN (true) ELSE ((_col2 = 0L)) END (type: boolean)
                  Statistics: Num rows: 1 Data size: 20 Basic stats: COMPLETE Column stats: COMPLETE
                  Select Operator
                    expressions: _col0 (type: int), _col1 (type: int)
                    outputColumnNames: _col0, _col1
                    Statistics: Num rows: 1 Data size: 8 Basic stats: COMPLETE Column stats: COMPLETE
                    File Output Operator
                      compressed: false
                      Statistics: Num rows: 1 Data size: 8 Basic stats: COMPLETE Column stats: COMPLETE
                      table:
                          input format: org.apache.hadoop.mapred.SequenceFileInputFormat
                          output format: org.apache.hadoop.hive.ql.io.HiveSequenceFileOutputFormat
                          serde: org.apache.hadoop.hive.serde2.lazy.LazySimpleSerDe
        Reducer 4 
            Execution mode: llap
            Reduce Operator Tree:
              Merge Join Operator
                condition map:
                     Inner Join 0 to 1
                keys:
                  0 
                  1 
                outputColumnNames: _col0, _col1
                residual filter predicates: {(_col0 <> _col1)}
                Statistics: Num rows: 2 Data size: 16 Basic stats: COMPLETE Column stats: COMPLETE
                Select Operator
                  expressions: _col1 (type: int)
                  outputColumnNames: _col1
                  Statistics: Num rows: 2 Data size: 16 Basic stats: COMPLETE Column stats: COMPLETE
                  Group By Operator
                    aggregations: count()
                    keys: _col1 (type: int)
                    mode: hash
                    outputColumnNames: _col0, _col1
                    Statistics: Num rows: 1 Data size: 12 Basic stats: COMPLETE Column stats: COMPLETE
                    Reduce Output Operator
                      key expressions: _col0 (type: int)
                      sort order: +
                      Map-reduce partition columns: _col0 (type: int)
                      Statistics: Num rows: 1 Data size: 12 Basic stats: COMPLETE Column stats: COMPLETE
                      value expressions: _col1 (type: bigint)
        Reducer 5 
            Execution mode: vectorized, llap
            Reduce Operator Tree:
              Group By Operator
                aggregations: count(VALUE._col0)
                keys: KEY._col0 (type: int)
                mode: mergepartial
                outputColumnNames: _col0, _col1
                Statistics: Num rows: 1 Data size: 12 Basic stats: COMPLETE Column stats: COMPLETE
                Select Operator
                  expressions: _col1 (type: bigint), true (type: boolean), _col0 (type: int)
                  outputColumnNames: _col0, _col1, _col2
                  Statistics: Num rows: 1 Data size: 16 Basic stats: COMPLETE Column stats: COMPLETE
                  Reduce Output Operator
                    key expressions: _col2 (type: int)
                    sort order: +
                    Map-reduce partition columns: _col2 (type: int)
                    Statistics: Num rows: 1 Data size: 16 Basic stats: COMPLETE Column stats: COMPLETE
                    value expressions: _col0 (type: bigint), _col1 (type: boolean)
        Reducer 7 
            Execution mode: vectorized, llap
            Reduce Operator Tree:
              Group By Operator
                keys: KEY._col0 (type: int)
                mode: mergepartial
                outputColumnNames: _col0
                Statistics: Num rows: 1 Data size: 4 Basic stats: COMPLETE Column stats: COMPLETE
                Reduce Output Operator
                  sort order: 
                  Statistics: Num rows: 1 Data size: 4 Basic stats: COMPLETE Column stats: COMPLETE
                  value expressions: _col0 (type: int)

  Stage: Stage-0
    Fetch Operator
      limit: -1
      Processor Tree:
        ListSink

Warning: Shuffle Join MERGEJOIN[27][tables = [$hdt$_1, $hdt$_2]] in Stage 'Reducer 4' is a cross product
PREHOOK: query: select * from t_n11 where 0 = (select count(*) from t_n11 tt_n11 where tt_n11.j <> t_n11.i)
PREHOOK: type: QUERY
PREHOOK: Input: default@t_n11
#### A masked pattern was here ####
POSTHOOK: query: select * from t_n11 where 0 = (select count(*) from t_n11 tt_n11 where tt_n11.j <> t_n11.i)
POSTHOOK: type: QUERY
POSTHOOK: Input: default@t_n11
#### A masked pattern was here ####
1	1
Warning: Shuffle Join MERGEJOIN[31][tables = [$hdt$_1, $hdt$_2]] in Stage 'Reducer 3' is a cross product
PREHOOK: query: explain select * from t_n11 where 0 = (select avg(tt_n11.i) from t_n11 tt_n11 where tt_n11.j <> t_n11.i)
PREHOOK: type: QUERY
POSTHOOK: query: explain select * from t_n11 where 0 = (select avg(tt_n11.i) from t_n11 tt_n11 where tt_n11.j <> t_n11.i)
POSTHOOK: type: QUERY
STAGE DEPENDENCIES:
  Stage-1 is a root stage
  Stage-0 depends on stages: Stage-1

STAGE PLANS:
  Stage: Stage-1
    Tez
#### A masked pattern was here ####
      Edges:
        Reducer 2 <- Map 1 (SIMPLE_EDGE), Reducer 4 (ONE_TO_ONE_EDGE)
        Reducer 3 <- Map 1 (XPROD_EDGE), Reducer 6 (XPROD_EDGE)
        Reducer 4 <- Reducer 3 (SIMPLE_EDGE)
        Reducer 6 <- Map 5 (SIMPLE_EDGE)
#### A masked pattern was here ####
      Vertices:
        Map 1 
            Map Operator Tree:
                TableScan
                  alias: t_n11
                  Statistics: Num rows: 2 Data size: 16 Basic stats: COMPLETE Column stats: COMPLETE
                  Filter Operator
                    predicate: i is not null (type: boolean)
                    Statistics: Num rows: 2 Data size: 16 Basic stats: COMPLETE Column stats: COMPLETE
                    Select Operator
                      expressions: i (type: int), j (type: int)
                      outputColumnNames: _col0, _col1
                      Statistics: Num rows: 2 Data size: 16 Basic stats: COMPLETE Column stats: COMPLETE
                      Reduce Output Operator
                        key expressions: _col0 (type: int)
                        sort order: +
                        Map-reduce partition columns: _col0 (type: int)
                        Statistics: Num rows: 2 Data size: 16 Basic stats: COMPLETE Column stats: COMPLETE
                        value expressions: _col1 (type: int)
                  Select Operator
                    expressions: i (type: int), j (type: int)
                    outputColumnNames: _col0, _col1
                    Statistics: Num rows: 2 Data size: 16 Basic stats: COMPLETE Column stats: COMPLETE
                    Reduce Output Operator
                      sort order: 
                      Statistics: Num rows: 2 Data size: 16 Basic stats: COMPLETE Column stats: COMPLETE
                      value expressions: _col0 (type: int), _col1 (type: int)
            Execution mode: vectorized, llap
            LLAP IO: no inputs
        Map 5 
            Map Operator Tree:
                TableScan
                  alias: t_n11
                  Statistics: Num rows: 2 Data size: 8 Basic stats: COMPLETE Column stats: COMPLETE
                  Filter Operator
                    predicate: i is not null (type: boolean)
                    Statistics: Num rows: 2 Data size: 8 Basic stats: COMPLETE Column stats: COMPLETE
                    Group By Operator
                      keys: i (type: int)
                      mode: hash
                      outputColumnNames: _col0
                      Statistics: Num rows: 1 Data size: 4 Basic stats: COMPLETE Column stats: COMPLETE
                      Reduce Output Operator
                        key expressions: _col0 (type: int)
                        sort order: +
                        Map-reduce partition columns: _col0 (type: int)
                        Statistics: Num rows: 1 Data size: 4 Basic stats: COMPLETE Column stats: COMPLETE
            Execution mode: vectorized, llap
            LLAP IO: no inputs
        Reducer 2 
            Execution mode: llap
            Reduce Operator Tree:
              Merge Join Operator
                condition map:
                     Inner Join 0 to 1
                keys:
                  0 _col0 (type: int)
                  1 _col0 (type: int)
                outputColumnNames: _col0, _col1
                Statistics: Num rows: 1 Data size: 8 Basic stats: COMPLETE Column stats: COMPLETE
                File Output Operator
                  compressed: false
                  Statistics: Num rows: 1 Data size: 8 Basic stats: COMPLETE Column stats: COMPLETE
                  table:
                      input format: org.apache.hadoop.mapred.SequenceFileInputFormat
                      output format: org.apache.hadoop.hive.ql.io.HiveSequenceFileOutputFormat
                      serde: org.apache.hadoop.hive.serde2.lazy.LazySimpleSerDe
        Reducer 3 
            Execution mode: llap
            Reduce Operator Tree:
              Merge Join Operator
                condition map:
                     Inner Join 0 to 1
                keys:
                  0 
                  1 
                outputColumnNames: _col0, _col1, _col2
                residual filter predicates: {(_col1 <> _col2)}
                Statistics: Num rows: 2 Data size: 24 Basic stats: COMPLETE Column stats: COMPLETE
                Select Operator
                  expressions: _col0 (type: int), _col2 (type: int)
                  outputColumnNames: _col0, _col2
                  Statistics: Num rows: 2 Data size: 24 Basic stats: COMPLETE Column stats: COMPLETE
                  Group By Operator
                    aggregations: sum(_col0), count(_col0)
                    keys: _col2 (type: int)
                    mode: hash
                    outputColumnNames: _col0, _col1, _col2
                    Statistics: Num rows: 1 Data size: 20 Basic stats: COMPLETE Column stats: COMPLETE
                    Reduce Output Operator
                      key expressions: _col0 (type: int)
                      sort order: +
                      Map-reduce partition columns: _col0 (type: int)
                      Statistics: Num rows: 1 Data size: 20 Basic stats: COMPLETE Column stats: COMPLETE
                      value expressions: _col1 (type: bigint), _col2 (type: bigint)
        Reducer 4 
            Execution mode: vectorized, llap
            Reduce Operator Tree:
              Group By Operator
                aggregations: sum(VALUE._col0), count(VALUE._col1)
                keys: KEY._col0 (type: int)
                mode: mergepartial
                outputColumnNames: _col0, _col1, _col2
                Statistics: Num rows: 1 Data size: 20 Basic stats: COMPLETE Column stats: COMPLETE
                Filter Operator
                  predicate: (0.0D = (_col1 / _col2)) (type: boolean)
                  Statistics: Num rows: 1 Data size: 20 Basic stats: COMPLETE Column stats: COMPLETE
                  Select Operator
                    expressions: _col0 (type: int)
                    outputColumnNames: _col0
                    Statistics: Num rows: 1 Data size: 4 Basic stats: COMPLETE Column stats: COMPLETE
                    Reduce Output Operator
                      key expressions: _col0 (type: int)
                      sort order: +
                      Map-reduce partition columns: _col0 (type: int)
                      Statistics: Num rows: 1 Data size: 4 Basic stats: COMPLETE Column stats: COMPLETE
        Reducer 6 
            Execution mode: vectorized, llap
            Reduce Operator Tree:
              Group By Operator
                keys: KEY._col0 (type: int)
                mode: mergepartial
                outputColumnNames: _col0
                Statistics: Num rows: 1 Data size: 4 Basic stats: COMPLETE Column stats: COMPLETE
                Reduce Output Operator
                  sort order: 
                  Statistics: Num rows: 1 Data size: 4 Basic stats: COMPLETE Column stats: COMPLETE
                  value expressions: _col0 (type: int)

  Stage: Stage-0
    Fetch Operator
      limit: -1
      Processor Tree:
        ListSink

Warning: Shuffle Join MERGEJOIN[31][tables = [$hdt$_1, $hdt$_2]] in Stage 'Reducer 3' is a cross product
PREHOOK: query: select * from t_n11 where 0 = (select avg(tt_n11.i) from t_n11 tt_n11 where tt_n11.j <> t_n11.i)
PREHOOK: type: QUERY
PREHOOK: Input: default@t_n11
#### A masked pattern was here ####
POSTHOOK: query: select * from t_n11 where 0 = (select avg(tt_n11.i) from t_n11 tt_n11 where tt_n11.j <> t_n11.i)
POSTHOOK: type: QUERY
POSTHOOK: Input: default@t_n11
#### A masked pattern was here ####
PREHOOK: query: create table tempty_n0(i int, j int)
PREHOOK: type: CREATETABLE
PREHOOK: Output: database:default
PREHOOK: Output: default@tempty_n0
POSTHOOK: query: create table tempty_n0(i int, j int)
POSTHOOK: type: CREATETABLE
POSTHOOK: Output: database:default
POSTHOOK: Output: default@tempty_n0
PREHOOK: query: explain select * from t_n11 where 0 = (select count(*) from tempty_n0 tt_n11 where t_n11.i=tt_n11.i)
PREHOOK: type: QUERY
POSTHOOK: query: explain select * from t_n11 where 0 = (select count(*) from tempty_n0 tt_n11 where t_n11.i=tt_n11.i)
POSTHOOK: type: QUERY
STAGE DEPENDENCIES:
  Stage-1 is a root stage
  Stage-0 depends on stages: Stage-1

STAGE PLANS:
  Stage: Stage-1
    Tez
#### A masked pattern was here ####
      Edges:
        Reducer 2 <- Map 1 (SIMPLE_EDGE), Reducer 4 (ONE_TO_ONE_EDGE)
        Reducer 4 <- Map 3 (SIMPLE_EDGE)
#### A masked pattern was here ####
      Vertices:
        Map 1 
            Map Operator Tree:
                TableScan
                  alias: t_n11
                  Statistics: Num rows: 2 Data size: 16 Basic stats: COMPLETE Column stats: COMPLETE
                  Select Operator
                    expressions: i (type: int), j (type: int)
                    outputColumnNames: _col0, _col1
                    Statistics: Num rows: 2 Data size: 16 Basic stats: COMPLETE Column stats: COMPLETE
                    Reduce Output Operator
                      key expressions: _col0 (type: int)
                      sort order: +
                      Map-reduce partition columns: _col0 (type: int)
                      Statistics: Num rows: 2 Data size: 16 Basic stats: COMPLETE Column stats: COMPLETE
                      value expressions: _col1 (type: int)
            Execution mode: vectorized, llap
            LLAP IO: no inputs
        Map 3 
            Map Operator Tree:
                TableScan
                  alias: tt_n11
                  Statistics: Num rows: 1 Data size: 4 Basic stats: COMPLETE Column stats: NONE
                  Filter Operator
                    predicate: i is not null (type: boolean)
                    Statistics: Num rows: 1 Data size: 4 Basic stats: COMPLETE Column stats: NONE
                    Group By Operator
                      aggregations: count()
                      keys: i (type: int)
                      mode: hash
                      outputColumnNames: _col0, _col1
                      Statistics: Num rows: 1 Data size: 4 Basic stats: COMPLETE Column stats: NONE
                      Reduce Output Operator
                        key expressions: _col0 (type: int)
                        sort order: +
                        Map-reduce partition columns: _col0 (type: int)
                        Statistics: Num rows: 1 Data size: 4 Basic stats: COMPLETE Column stats: NONE
                        value expressions: _col1 (type: bigint)
            Execution mode: vectorized, llap
            LLAP IO: no inputs
        Reducer 2 
            Execution mode: llap
            Reduce Operator Tree:
              Merge Join Operator
                condition map:
                     Left Outer Join 0 to 1
                keys:
                  0 _col0 (type: int)
                  1 _col2 (type: int)
                outputColumnNames: _col0, _col1, _col2, _col3
                Statistics: Num rows: 2 Data size: 17 Basic stats: COMPLETE Column stats: NONE
                Filter Operator
                  predicate: CASE WHEN (_col3 is null) THEN (true) ELSE ((_col2 = 0L)) END (type: boolean)
                  Statistics: Num rows: 1 Data size: 8 Basic stats: COMPLETE Column stats: NONE
                  Select Operator
                    expressions: _col0 (type: int), _col1 (type: int)
                    outputColumnNames: _col0, _col1
                    Statistics: Num rows: 1 Data size: 8 Basic stats: COMPLETE Column stats: NONE
                    File Output Operator
                      compressed: false
                      Statistics: Num rows: 1 Data size: 8 Basic stats: COMPLETE Column stats: NONE
                      table:
                          input format: org.apache.hadoop.mapred.SequenceFileInputFormat
                          output format: org.apache.hadoop.hive.ql.io.HiveSequenceFileOutputFormat
                          serde: org.apache.hadoop.hive.serde2.lazy.LazySimpleSerDe
        Reducer 4 
            Execution mode: vectorized, llap
            Reduce Operator Tree:
              Group By Operator
                aggregations: count(VALUE._col0)
                keys: KEY._col0 (type: int)
                mode: mergepartial
                outputColumnNames: _col0, _col1
                Statistics: Num rows: 1 Data size: 4 Basic stats: COMPLETE Column stats: NONE
                Select Operator
                  expressions: _col1 (type: bigint), true (type: boolean), _col0 (type: int)
                  outputColumnNames: _col0, _col1, _col2
                  Statistics: Num rows: 1 Data size: 4 Basic stats: COMPLETE Column stats: NONE
                  Reduce Output Operator
                    key expressions: _col2 (type: int)
                    sort order: +
                    Map-reduce partition columns: _col2 (type: int)
                    Statistics: Num rows: 1 Data size: 4 Basic stats: COMPLETE Column stats: NONE
                    value expressions: _col0 (type: bigint), _col1 (type: boolean)

  Stage: Stage-0
    Fetch Operator
      limit: -1
      Processor Tree:
        ListSink

PREHOOK: query: select * from t_n11 where 0 = (select count(*) from tempty_n0 tt_n11 where t_n11.i=tt_n11.i)
PREHOOK: type: QUERY
PREHOOK: Input: default@t_n11
PREHOOK: Input: default@tempty_n0
#### A masked pattern was here ####
POSTHOOK: query: select * from t_n11 where 0 = (select count(*) from tempty_n0 tt_n11 where t_n11.i=tt_n11.i)
POSTHOOK: type: QUERY
POSTHOOK: Input: default@t_n11
POSTHOOK: Input: default@tempty_n0
#### A masked pattern was here ####
1	1
3	1
PREHOOK: query: explain select * from t_n11 where 0 = (select min(tt_n11.j) from tempty_n0 tt_n11 where t_n11.i=tt_n11.i)
PREHOOK: type: QUERY
POSTHOOK: query: explain select * from t_n11 where 0 = (select min(tt_n11.j) from tempty_n0 tt_n11 where t_n11.i=tt_n11.i)
POSTHOOK: type: QUERY
STAGE DEPENDENCIES:
  Stage-1 is a root stage
  Stage-0 depends on stages: Stage-1

STAGE PLANS:
  Stage: Stage-1
    Tez
#### A masked pattern was here ####
      Edges:
        Reducer 2 <- Map 1 (SIMPLE_EDGE), Reducer 4 (ONE_TO_ONE_EDGE)
        Reducer 4 <- Map 3 (SIMPLE_EDGE)
#### A masked pattern was here ####
      Vertices:
        Map 1 
            Map Operator Tree:
                TableScan
                  alias: t_n11
                  Statistics: Num rows: 2 Data size: 16 Basic stats: COMPLETE Column stats: COMPLETE
                  Filter Operator
                    predicate: i is not null (type: boolean)
                    Statistics: Num rows: 2 Data size: 16 Basic stats: COMPLETE Column stats: COMPLETE
                    Select Operator
                      expressions: i (type: int), j (type: int)
                      outputColumnNames: _col0, _col1
                      Statistics: Num rows: 2 Data size: 16 Basic stats: COMPLETE Column stats: COMPLETE
                      Reduce Output Operator
                        key expressions: _col0 (type: int)
                        sort order: +
                        Map-reduce partition columns: _col0 (type: int)
                        Statistics: Num rows: 2 Data size: 16 Basic stats: COMPLETE Column stats: COMPLETE
                        value expressions: _col1 (type: int)
            Execution mode: vectorized, llap
            LLAP IO: no inputs
        Map 3 
            Map Operator Tree:
                TableScan
                  alias: tt_n11
                  Statistics: Num rows: 1 Data size: 8 Basic stats: COMPLETE Column stats: NONE
                  Filter Operator
                    predicate: i is not null (type: boolean)
                    Statistics: Num rows: 1 Data size: 8 Basic stats: COMPLETE Column stats: NONE
                    Group By Operator
                      aggregations: min(j)
                      keys: i (type: int)
                      mode: hash
                      outputColumnNames: _col0, _col1
                      Statistics: Num rows: 1 Data size: 8 Basic stats: COMPLETE Column stats: NONE
                      Reduce Output Operator
                        key expressions: _col0 (type: int)
                        sort order: +
                        Map-reduce partition columns: _col0 (type: int)
                        Statistics: Num rows: 1 Data size: 8 Basic stats: COMPLETE Column stats: NONE
                        value expressions: _col1 (type: int)
            Execution mode: vectorized, llap
            LLAP IO: no inputs
        Reducer 2 
            Execution mode: llap
            Reduce Operator Tree:
              Merge Join Operator
                condition map:
                     Inner Join 0 to 1
                keys:
                  0 _col0 (type: int)
                  1 _col0 (type: int)
                outputColumnNames: _col0, _col1
                Statistics: Num rows: 2 Data size: 17 Basic stats: COMPLETE Column stats: NONE
                File Output Operator
                  compressed: false
                  Statistics: Num rows: 2 Data size: 17 Basic stats: COMPLETE Column stats: NONE
                  table:
                      input format: org.apache.hadoop.mapred.SequenceFileInputFormat
                      output format: org.apache.hadoop.hive.ql.io.HiveSequenceFileOutputFormat
                      serde: org.apache.hadoop.hive.serde2.lazy.LazySimpleSerDe
        Reducer 4 
            Execution mode: vectorized, llap
            Reduce Operator Tree:
              Group By Operator
                aggregations: min(VALUE._col0)
                keys: KEY._col0 (type: int)
                mode: mergepartial
                outputColumnNames: _col0, _col1
                Statistics: Num rows: 1 Data size: 8 Basic stats: COMPLETE Column stats: NONE
                Filter Operator
                  predicate: (_col1 = 0) (type: boolean)
                  Statistics: Num rows: 1 Data size: 8 Basic stats: COMPLETE Column stats: NONE
                  Select Operator
                    expressions: _col0 (type: int)
                    outputColumnNames: _col0
                    Statistics: Num rows: 1 Data size: 8 Basic stats: COMPLETE Column stats: NONE
                    Reduce Output Operator
                      key expressions: _col0 (type: int)
                      sort order: +
                      Map-reduce partition columns: _col0 (type: int)
                      Statistics: Num rows: 1 Data size: 8 Basic stats: COMPLETE Column stats: NONE

  Stage: Stage-0
    Fetch Operator
      limit: -1
      Processor Tree:
        ListSink

PREHOOK: query: select * from t_n11 where 0 = (select min(tt_n11.j) from tempty_n0 tt_n11 where t_n11.i=tt_n11.i)
PREHOOK: type: QUERY
PREHOOK: Input: default@t_n11
PREHOOK: Input: default@tempty_n0
#### A masked pattern was here ####
POSTHOOK: query: select * from t_n11 where 0 = (select min(tt_n11.j) from tempty_n0 tt_n11 where t_n11.i=tt_n11.i)
POSTHOOK: type: QUERY
POSTHOOK: Input: default@t_n11
POSTHOOK: Input: default@tempty_n0
#### A masked pattern was here ####
PREHOOK: query: drop table t_n11
PREHOOK: type: DROPTABLE
PREHOOK: Input: default@t_n11
PREHOOK: Output: default@t_n11
POSTHOOK: query: drop table t_n11
POSTHOOK: type: DROPTABLE
POSTHOOK: Input: default@t_n11
POSTHOOK: Output: default@t_n11
PREHOOK: query: drop table tempty_n0
PREHOOK: type: DROPTABLE
PREHOOK: Input: default@tempty_n0
PREHOOK: Output: default@tempty_n0
POSTHOOK: query: drop table tempty_n0
POSTHOOK: type: DROPTABLE
POSTHOOK: Input: default@tempty_n0
POSTHOOK: Output: default@tempty_n0
Warning: Shuffle Join MERGEJOIN[18][tables = [$hdt$_0, $hdt$_1]] in Stage 'Reducer 3' is a cross product
PREHOOK: query: explain select key, count(*) from src group by key having count(*) >
    (select count(*) from src s1 group by 4)
PREHOOK: type: QUERY
POSTHOOK: query: explain select key, count(*) from src group by key having count(*) >
    (select count(*) from src s1 group by 4)
POSTHOOK: type: QUERY
STAGE DEPENDENCIES:
  Stage-1 is a root stage
  Stage-0 depends on stages: Stage-1

STAGE PLANS:
  Stage: Stage-1
    Tez
#### A masked pattern was here ####
      Edges:
        Reducer 2 <- Map 1 (SIMPLE_EDGE)
        Reducer 3 <- Reducer 2 (XPROD_EDGE), Reducer 5 (XPROD_EDGE)
        Reducer 5 <- Map 4 (SIMPLE_EDGE)
#### A masked pattern was here ####
      Vertices:
        Map 1 
            Map Operator Tree:
                TableScan
                  alias: src
                  Statistics: Num rows: 500 Data size: 43500 Basic stats: COMPLETE Column stats: COMPLETE
                  Select Operator
                    expressions: key (type: string)
                    outputColumnNames: key
                    Statistics: Num rows: 500 Data size: 43500 Basic stats: COMPLETE Column stats: COMPLETE
                    Group By Operator
                      aggregations: count()
                      keys: key (type: string)
                      mode: hash
                      outputColumnNames: _col0, _col1
                      Statistics: Num rows: 250 Data size: 23750 Basic stats: COMPLETE Column stats: COMPLETE
                      Reduce Output Operator
                        key expressions: _col0 (type: string)
                        sort order: +
                        Map-reduce partition columns: _col0 (type: string)
                        Statistics: Num rows: 250 Data size: 23750 Basic stats: COMPLETE Column stats: COMPLETE
                        value expressions: _col1 (type: bigint)
            Execution mode: vectorized, llap
            LLAP IO: no inputs
        Map 4 
            Map Operator Tree:
                TableScan
                  alias: s1
                  Statistics: Num rows: 500 Data size: 5312 Basic stats: COMPLETE Column stats: COMPLETE
                  Select Operator
                    Statistics: Num rows: 500 Data size: 5312 Basic stats: COMPLETE Column stats: COMPLETE
                    Group By Operator
                      aggregations: count()
                      keys: 4 (type: int)
                      mode: hash
                      outputColumnNames: _col0, _col1
                      Statistics: Num rows: 1 Data size: 12 Basic stats: COMPLETE Column stats: COMPLETE
                      Reduce Output Operator
                        key expressions: _col0 (type: int)
                        sort order: +
                        Map-reduce partition columns: _col0 (type: int)
                        Statistics: Num rows: 1 Data size: 12 Basic stats: COMPLETE Column stats: COMPLETE
                        value expressions: _col1 (type: bigint)
            Execution mode: vectorized, llap
            LLAP IO: no inputs
        Reducer 2 
            Execution mode: vectorized, llap
            Reduce Operator Tree:
              Group By Operator
                aggregations: count(VALUE._col0)
                keys: KEY._col0 (type: string)
                mode: mergepartial
                outputColumnNames: _col0, _col1
                Statistics: Num rows: 250 Data size: 23750 Basic stats: COMPLETE Column stats: COMPLETE
                Reduce Output Operator
                  sort order: 
                  Statistics: Num rows: 250 Data size: 23750 Basic stats: COMPLETE Column stats: COMPLETE
                  value expressions: _col0 (type: string), _col1 (type: bigint)
        Reducer 3 
            Execution mode: llap
            Reduce Operator Tree:
              Merge Join Operator
                condition map:
                     Inner Join 0 to 1
                keys:
                  0 
                  1 
                outputColumnNames: _col0, _col1, _col2
                residual filter predicates: {(_col1 > _col2)}
                Statistics: Num rows: 83 Data size: 8549 Basic stats: COMPLETE Column stats: COMPLETE
                Select Operator
                  expressions: _col0 (type: string), _col1 (type: bigint)
                  outputColumnNames: _col0, _col1
                  Statistics: Num rows: 83 Data size: 7885 Basic stats: COMPLETE Column stats: COMPLETE
                  File Output Operator
                    compressed: false
                    Statistics: Num rows: 83 Data size: 7885 Basic stats: COMPLETE Column stats: COMPLETE
                    table:
                        input format: org.apache.hadoop.mapred.SequenceFileInputFormat
                        output format: org.apache.hadoop.hive.ql.io.HiveSequenceFileOutputFormat
                        serde: org.apache.hadoop.hive.serde2.lazy.LazySimpleSerDe
        Reducer 5 
            Execution mode: vectorized, llap
            Reduce Operator Tree:
              Group By Operator
                aggregations: count(VALUE._col0)
                keys: KEY._col0 (type: int)
                mode: mergepartial
                outputColumnNames: _col0, _col1
                Statistics: Num rows: 1 Data size: 12 Basic stats: COMPLETE Column stats: COMPLETE
                Select Operator
                  expressions: _col1 (type: bigint)
                  outputColumnNames: _col0
                  Statistics: Num rows: 1 Data size: 8 Basic stats: COMPLETE Column stats: COMPLETE
                  Reduce Output Operator
                    sort order: 
                    Statistics: Num rows: 1 Data size: 8 Basic stats: COMPLETE Column stats: COMPLETE
                    value expressions: _col0 (type: bigint)

  Stage: Stage-0
    Fetch Operator
      limit: -1
      Processor Tree:
        ListSink

Warning: Shuffle Join MERGEJOIN[20][tables = [$hdt$_0, $hdt$_1]] in Stage 'Reducer 3' is a cross product
PREHOOK: query: explain select key, count(*) from src group by key having count(*) >
    (select count(*) from src s1 where s1.key = '90' group by s1.key )
PREHOOK: type: QUERY
POSTHOOK: query: explain select key, count(*) from src group by key having count(*) >
    (select count(*) from src s1 where s1.key = '90' group by s1.key )
POSTHOOK: type: QUERY
STAGE DEPENDENCIES:
  Stage-1 is a root stage
  Stage-0 depends on stages: Stage-1

STAGE PLANS:
  Stage: Stage-1
    Tez
#### A masked pattern was here ####
      Edges:
        Reducer 2 <- Map 1 (SIMPLE_EDGE)
        Reducer 3 <- Reducer 2 (XPROD_EDGE), Reducer 4 (XPROD_EDGE)
        Reducer 4 <- Map 1 (SIMPLE_EDGE)
#### A masked pattern was here ####
      Vertices:
        Map 1 
            Map Operator Tree:
                TableScan
                  alias: src
                  Statistics: Num rows: 500 Data size: 43500 Basic stats: COMPLETE Column stats: COMPLETE
                  Select Operator
                    expressions: key (type: string)
                    outputColumnNames: key
                    Statistics: Num rows: 500 Data size: 43500 Basic stats: COMPLETE Column stats: COMPLETE
                    Group By Operator
                      aggregations: count()
                      keys: key (type: string)
                      mode: hash
                      outputColumnNames: _col0, _col1
                      Statistics: Num rows: 250 Data size: 23750 Basic stats: COMPLETE Column stats: COMPLETE
                      Reduce Output Operator
                        key expressions: _col0 (type: string)
                        sort order: +
                        Map-reduce partition columns: _col0 (type: string)
                        Statistics: Num rows: 250 Data size: 23750 Basic stats: COMPLETE Column stats: COMPLETE
                        value expressions: _col1 (type: bigint)
                  Filter Operator
                    predicate: (key = '90') (type: boolean)
                    Statistics: Num rows: 2 Data size: 174 Basic stats: COMPLETE Column stats: COMPLETE
                    Select Operator
                      Statistics: Num rows: 2 Data size: 174 Basic stats: COMPLETE Column stats: COMPLETE
                      Group By Operator
                        aggregations: count()
                        keys: '90' (type: string)
                        mode: hash
                        outputColumnNames: _col0, _col1
                        Statistics: Num rows: 1 Data size: 94 Basic stats: COMPLETE Column stats: COMPLETE
                        Reduce Output Operator
                          key expressions: _col0 (type: string)
                          sort order: +
                          Map-reduce partition columns: _col0 (type: string)
                          Statistics: Num rows: 1 Data size: 94 Basic stats: COMPLETE Column stats: COMPLETE
                          value expressions: _col1 (type: bigint)
            Execution mode: vectorized, llap
            LLAP IO: no inputs
        Reducer 2 
            Execution mode: vectorized, llap
            Reduce Operator Tree:
              Group By Operator
                aggregations: count(VALUE._col0)
                keys: KEY._col0 (type: string)
                mode: mergepartial
                outputColumnNames: _col0, _col1
                Statistics: Num rows: 250 Data size: 23750 Basic stats: COMPLETE Column stats: COMPLETE
                Reduce Output Operator
                  sort order: 
                  Statistics: Num rows: 250 Data size: 23750 Basic stats: COMPLETE Column stats: COMPLETE
                  value expressions: _col0 (type: string), _col1 (type: bigint)
        Reducer 3 
            Execution mode: llap
            Reduce Operator Tree:
              Merge Join Operator
                condition map:
                     Inner Join 0 to 1
                keys:
                  0 
                  1 
                outputColumnNames: _col0, _col1, _col2
                residual filter predicates: {(_col1 > _col2)}
                Statistics: Num rows: 83 Data size: 8549 Basic stats: COMPLETE Column stats: COMPLETE
                Select Operator
                  expressions: _col0 (type: string), _col1 (type: bigint)
                  outputColumnNames: _col0, _col1
                  Statistics: Num rows: 83 Data size: 7885 Basic stats: COMPLETE Column stats: COMPLETE
                  File Output Operator
                    compressed: false
                    Statistics: Num rows: 83 Data size: 7885 Basic stats: COMPLETE Column stats: COMPLETE
                    table:
                        input format: org.apache.hadoop.mapred.SequenceFileInputFormat
                        output format: org.apache.hadoop.hive.ql.io.HiveSequenceFileOutputFormat
                        serde: org.apache.hadoop.hive.serde2.lazy.LazySimpleSerDe
        Reducer 4 
            Execution mode: vectorized, llap
            Reduce Operator Tree:
              Group By Operator
                aggregations: count(VALUE._col0)
                keys: KEY._col0 (type: string)
                mode: mergepartial
                outputColumnNames: _col0, _col1
                Statistics: Num rows: 1 Data size: 94 Basic stats: COMPLETE Column stats: COMPLETE
                Select Operator
                  expressions: _col1 (type: bigint)
                  outputColumnNames: _col0
                  Statistics: Num rows: 1 Data size: 8 Basic stats: COMPLETE Column stats: COMPLETE
                  Reduce Output Operator
                    sort order: 
                    Statistics: Num rows: 1 Data size: 8 Basic stats: COMPLETE Column stats: COMPLETE
                    value expressions: _col0 (type: bigint)

  Stage: Stage-0
    Fetch Operator
      limit: -1
      Processor Tree:
        ListSink

