PREHOOK: query: drop table if exists x1_store_sales
PREHOOK: type: DROPTABLE
POSTHOOK: query: drop table if exists x1_store_sales
POSTHOOK: type: DROPTABLE
PREHOOK: query: drop table if exists x1_date_dim
PREHOOK: type: DROPTABLE
POSTHOOK: query: drop table if exists x1_date_dim
POSTHOOK: type: DROPTABLE
PREHOOK: query: create table x1_store_sales 
(
	ss_sold_date_sk int,
	ss_item_sk	int
)
stored as orc
PREHOOK: type: CREATETABLE
PREHOOK: Output: database:default
PREHOOK: Output: default@x1_store_sales
POSTHOOK: query: create table x1_store_sales 
(
	ss_sold_date_sk int,
	ss_item_sk	int
)
stored as orc
POSTHOOK: type: CREATETABLE
POSTHOOK: Output: database:default
POSTHOOK: Output: default@x1_store_sales
PREHOOK: query: create table x1_date_dim
(
	d_date_sk	int,
	d_month_seq	int,
	d_year		int,
	d_moy		int
)
stored as orc
PREHOOK: type: CREATETABLE
PREHOOK: Output: database:default
PREHOOK: Output: default@x1_date_dim
POSTHOOK: query: create table x1_date_dim
(
	d_date_sk	int,
	d_month_seq	int,
	d_year		int,
	d_moy		int
)
stored as orc
POSTHOOK: type: CREATETABLE
POSTHOOK: Output: database:default
POSTHOOK: Output: default@x1_date_dim
PREHOOK: query: insert into x1_date_dim values	(1,1,2000,1),
				(2,2,2001,2),
				(3,2,2001,3),
				(4,2,2001,4),
				(5,2,2001,5),
				(6,2,2001,6),
				(7,2,2001,7),
				(8,2,2001,8)
PREHOOK: type: QUERY
PREHOOK: Input: _dummy_database@_dummy_table
PREHOOK: Output: default@x1_date_dim
POSTHOOK: query: insert into x1_date_dim values	(1,1,2000,1),
				(2,2,2001,2),
				(3,2,2001,3),
				(4,2,2001,4),
				(5,2,2001,5),
				(6,2,2001,6),
				(7,2,2001,7),
				(8,2,2001,8)
POSTHOOK: type: QUERY
POSTHOOK: Input: _dummy_database@_dummy_table
POSTHOOK: Output: default@x1_date_dim
POSTHOOK: Lineage: x1_date_dim.d_date_sk SCRIPT []
POSTHOOK: Lineage: x1_date_dim.d_month_seq SCRIPT []
POSTHOOK: Lineage: x1_date_dim.d_moy SCRIPT []
POSTHOOK: Lineage: x1_date_dim.d_year SCRIPT []
PREHOOK: query: insert into x1_store_sales values (1,1),(3,3),(4,4),(5,5),(6,6),(7,7),(8,8),(9,9),(10,10),(11,11)
PREHOOK: type: QUERY
PREHOOK: Input: _dummy_database@_dummy_table
PREHOOK: Output: default@x1_store_sales
POSTHOOK: query: insert into x1_store_sales values (1,1),(3,3),(4,4),(5,5),(6,6),(7,7),(8,8),(9,9),(10,10),(11,11)
POSTHOOK: type: QUERY
POSTHOOK: Input: _dummy_database@_dummy_table
POSTHOOK: Output: default@x1_store_sales
POSTHOOK: Lineage: x1_store_sales.ss_item_sk SCRIPT []
POSTHOOK: Lineage: x1_store_sales.ss_sold_date_sk SCRIPT []
PREHOOK: query: create table x2_date_dim stored as orc as select * from x1_date_dim
PREHOOK: type: CREATETABLE_AS_SELECT
PREHOOK: Input: default@x1_date_dim
PREHOOK: Output: database:default
PREHOOK: Output: default@x2_date_dim
POSTHOOK: query: create table x2_date_dim stored as orc as select * from x1_date_dim
POSTHOOK: type: CREATETABLE_AS_SELECT
POSTHOOK: Input: default@x1_date_dim
POSTHOOK: Output: database:default
POSTHOOK: Output: default@x2_date_dim
POSTHOOK: Lineage: x2_date_dim.d_date_sk SIMPLE [(x1_date_dim)x1_date_dim.FieldSchema(name:d_date_sk, type:int, comment:null), ]
POSTHOOK: Lineage: x2_date_dim.d_month_seq SIMPLE [(x1_date_dim)x1_date_dim.FieldSchema(name:d_month_seq, type:int, comment:null), ]
POSTHOOK: Lineage: x2_date_dim.d_moy SIMPLE [(x1_date_dim)x1_date_dim.FieldSchema(name:d_moy, type:int, comment:null), ]
POSTHOOK: Lineage: x2_date_dim.d_year SIMPLE [(x1_date_dim)x1_date_dim.FieldSchema(name:d_year, type:int, comment:null), ]
PREHOOK: query: alter table x1_store_sales update statistics set(
'numRows'='123456',
'rawDataSize'='1234567')
PREHOOK: type: ALTERTABLE_UPDATETABLESTATS
PREHOOK: Input: default@x1_store_sales
PREHOOK: Output: default@x1_store_sales
POSTHOOK: query: alter table x1_store_sales update statistics set(
'numRows'='123456',
'rawDataSize'='1234567')
POSTHOOK: type: ALTERTABLE_UPDATETABLESTATS
POSTHOOK: Input: default@x1_store_sales
POSTHOOK: Output: default@x1_store_sales
PREHOOK: query: alter table x1_date_dim update statistics set(
'numRows'='28',
'rawDataSize'='81449')
PREHOOK: type: ALTERTABLE_UPDATETABLESTATS
PREHOOK: Input: default@x1_date_dim
PREHOOK: Output: default@x1_date_dim
POSTHOOK: query: alter table x1_date_dim update statistics set(
'numRows'='28',
'rawDataSize'='81449')
POSTHOOK: type: ALTERTABLE_UPDATETABLESTATS
POSTHOOK: Input: default@x1_date_dim
POSTHOOK: Output: default@x1_date_dim
PREHOOK: query: alter table x2_date_dim update statistics set(
'numRows'='28',
'rawDataSize'='81449')
PREHOOK: type: ALTERTABLE_UPDATETABLESTATS
PREHOOK: Input: default@x2_date_dim
PREHOOK: Output: default@x2_date_dim
POSTHOOK: query: alter table x2_date_dim update statistics set(
'numRows'='28',
'rawDataSize'='81449')
POSTHOOK: type: ALTERTABLE_UPDATETABLESTATS
POSTHOOK: Input: default@x2_date_dim
POSTHOOK: Output: default@x2_date_dim
PREHOOK: query: explain 
select   sum(s.ss_item_sk)
 from
     x1_store_sales s
     ,x1_date_dim d
     ,x2_date_dim d2
 where
        1=1
        and s.ss_sold_date_sk=d.d_date_sk
        and s.ss_sold_date_sk=d2.d_date_sk
	and d.d_moy=3
	and d2.d_year=2001
PREHOOK: type: QUERY
PREHOOK: Input: default@x1_date_dim
PREHOOK: Input: default@x1_store_sales
PREHOOK: Input: default@x2_date_dim
#### A masked pattern was here ####
POSTHOOK: query: explain 
select   sum(s.ss_item_sk)
 from
     x1_store_sales s
     ,x1_date_dim d
     ,x2_date_dim d2
 where
        1=1
        and s.ss_sold_date_sk=d.d_date_sk
        and s.ss_sold_date_sk=d2.d_date_sk
	and d.d_moy=3
	and d2.d_year=2001
POSTHOOK: type: QUERY
POSTHOOK: Input: default@x1_date_dim
POSTHOOK: Input: default@x1_store_sales
POSTHOOK: Input: default@x2_date_dim
#### A masked pattern was here ####
STAGE DEPENDENCIES:
  Stage-1 is a root stage
  Stage-0 depends on stages: Stage-1

STAGE PLANS:
  Stage: Stage-1
    Tez
#### A masked pattern was here ####
      Edges:
        Map 1 <- Reducer 6 (BROADCAST_EDGE)
        Reducer 2 <- Map 1 (SIMPLE_EDGE), Map 5 (SIMPLE_EDGE)
        Reducer 3 <- Map 7 (SIMPLE_EDGE), Reducer 2 (SIMPLE_EDGE)
        Reducer 4 <- Reducer 3 (CUSTOM_SIMPLE_EDGE)
        Reducer 6 <- Map 5 (CUSTOM_SIMPLE_EDGE)
#### A masked pattern was here ####
      Vertices:
        Map 1 
            Map Operator Tree:
                TableScan
                  alias: s
                  filterExpr: (ss_sold_date_sk is not null and ss_sold_date_sk BETWEEN DynamicValue(RS_10_d_d_date_sk_min) AND DynamicValue(RS_10_d_d_date_sk_max) and in_bloom_filter(ss_sold_date_sk, DynamicValue(RS_10_d_d_date_sk_bloom_filter))) (type: boolean)
                  Statistics: Num rows: 123456 Data size: 987648 Basic stats: COMPLETE Column stats: COMPLETE
                  Filter Operator
                    predicate: (ss_sold_date_sk is not null and ss_sold_date_sk BETWEEN DynamicValue(RS_10_d_d_date_sk_min) AND DynamicValue(RS_10_d_d_date_sk_max) and in_bloom_filter(ss_sold_date_sk, DynamicValue(RS_10_d_d_date_sk_bloom_filter))) (type: boolean)
                    Statistics: Num rows: 123456 Data size: 987648 Basic stats: COMPLETE Column stats: COMPLETE
                    Select Operator
                      expressions: ss_sold_date_sk (type: int), ss_item_sk (type: int)
                      outputColumnNames: _col0, _col1
                      Statistics: Num rows: 123456 Data size: 987648 Basic stats: COMPLETE Column stats: COMPLETE
                      Reduce Output Operator
                        key expressions: _col0 (type: int)
                        null sort order: z
                        sort order: +
                        Map-reduce partition columns: _col0 (type: int)
                        Statistics: Num rows: 123456 Data size: 987648 Basic stats: COMPLETE Column stats: COMPLETE
                        value expressions: _col1 (type: int)
            Execution mode: vectorized, llap
            LLAP IO: all inputs
        Map 5 
            Map Operator Tree:
                TableScan
                  alias: d
                  filterExpr: ((d_moy = 3) and d_date_sk is not null) (type: boolean)
                  Statistics: Num rows: 28 Data size: 224 Basic stats: COMPLETE Column stats: COMPLETE
                  Filter Operator
                    predicate: ((d_moy = 3) and d_date_sk is not null) (type: boolean)
                    Statistics: Num rows: 4 Data size: 32 Basic stats: COMPLETE Column stats: COMPLETE
                    Select Operator
                      expressions: d_date_sk (type: int)
                      outputColumnNames: _col0
                      Statistics: Num rows: 4 Data size: 16 Basic stats: COMPLETE Column stats: COMPLETE
                      Reduce Output Operator
                        key expressions: _col0 (type: int)
                        null sort order: z
                        sort order: +
                        Map-reduce partition columns: _col0 (type: int)
                        Statistics: Num rows: 4 Data size: 16 Basic stats: COMPLETE Column stats: COMPLETE
                      Select Operator
                        expressions: _col0 (type: int)
                        outputColumnNames: _col0
                        Statistics: Num rows: 4 Data size: 16 Basic stats: COMPLETE Column stats: COMPLETE
                        Group By Operator
                          aggregations: min(_col0), max(_col0), bloom_filter(_col0, expectedEntries=4)
                          minReductionHashAggr: 0.75
                          mode: hash
                          outputColumnNames: _col0, _col1, _col2
                          Statistics: Num rows: 1 Data size: 12 Basic stats: COMPLETE Column stats: COMPLETE
                          Reduce Output Operator
                            null sort order: 
                            sort order: 
                            Statistics: Num rows: 1 Data size: 12 Basic stats: COMPLETE Column stats: COMPLETE
                            value expressions: _col0 (type: int), _col1 (type: int), _col2 (type: binary)
            Execution mode: vectorized, llap
            LLAP IO: all inputs
        Map 7 
            Map Operator Tree:
                TableScan
                  alias: d2
                  filterExpr: ((d_year = 2001) and d_date_sk is not null) (type: boolean)
                  Statistics: Num rows: 28 Data size: 224 Basic stats: COMPLETE Column stats: COMPLETE
                  Filter Operator
                    predicate: ((d_year = 2001) and d_date_sk is not null) (type: boolean)
                    Statistics: Num rows: 14 Data size: 112 Basic stats: COMPLETE Column stats: COMPLETE
                    Select Operator
                      expressions: d_date_sk (type: int)
                      outputColumnNames: _col0
                      Statistics: Num rows: 14 Data size: 56 Basic stats: COMPLETE Column stats: COMPLETE
                      Reduce Output Operator
                        key expressions: _col0 (type: int)
                        null sort order: z
                        sort order: +
                        Map-reduce partition columns: _col0 (type: int)
                        Statistics: Num rows: 14 Data size: 56 Basic stats: COMPLETE Column stats: COMPLETE
            Execution mode: vectorized, llap
            LLAP IO: all inputs
        Reducer 2 
            Execution mode: llap
            Reduce Operator Tree:
              Merge Join Operator
                condition map:
                     Inner Join 0 to 1
                keys:
                  0 _col0 (type: int)
                  1 _col0 (type: int)
                outputColumnNames: _col0, _col1
                Statistics: Num rows: 49382 Data size: 395056 Basic stats: COMPLETE Column stats: COMPLETE
                Reduce Output Operator
                  key expressions: _col0 (type: int)
                  null sort order: z
                  sort order: +
                  Map-reduce partition columns: _col0 (type: int)
                  Statistics: Num rows: 49382 Data size: 395056 Basic stats: COMPLETE Column stats: COMPLETE
                  value expressions: _col1 (type: int)
        Reducer 3 
            Execution mode: llap
            Reduce Operator Tree:
              Merge Join Operator
                condition map:
                     Inner Join 0 to 1
                keys:
                  0 _col0 (type: int)
                  1 _col0 (type: int)
                outputColumnNames: _col1
                Statistics: Num rows: 86418 Data size: 345672 Basic stats: COMPLETE Column stats: COMPLETE
                Group By Operator
                  aggregations: sum(_col1)
                  minReductionHashAggr: 0.99
                  mode: hash
                  outputColumnNames: _col0
                  Statistics: Num rows: 1 Data size: 8 Basic stats: COMPLETE Column stats: COMPLETE
                  Reduce Output Operator
                    null sort order: 
                    sort order: 
                    Statistics: Num rows: 1 Data size: 8 Basic stats: COMPLETE Column stats: COMPLETE
                    value expressions: _col0 (type: bigint)
        Reducer 4 
            Execution mode: vectorized, llap
            Reduce Operator Tree:
              Group By Operator
                aggregations: sum(VALUE._col0)
                mode: mergepartial
                outputColumnNames: _col0
                Statistics: Num rows: 1 Data size: 8 Basic stats: COMPLETE Column stats: COMPLETE
                File Output Operator
                  compressed: false
                  Statistics: Num rows: 1 Data size: 8 Basic stats: COMPLETE Column stats: COMPLETE
                  table:
                      input format: org.apache.hadoop.mapred.SequenceFileInputFormat
                      output format: org.apache.hadoop.hive.ql.io.HiveSequenceFileOutputFormat
                      serde: org.apache.hadoop.hive.serde2.lazy.LazySimpleSerDe
        Reducer 6 
            Execution mode: vectorized, llap
            Reduce Operator Tree:
              Group By Operator
                aggregations: min(VALUE._col0), max(VALUE._col1), bloom_filter(VALUE._col2, expectedEntries=4)
                mode: final
                outputColumnNames: _col0, _col1, _col2
                Statistics: Num rows: 1 Data size: 12 Basic stats: COMPLETE Column stats: COMPLETE
                Reduce Output Operator
                  null sort order: 
                  sort order: 
                  Statistics: Num rows: 1 Data size: 12 Basic stats: COMPLETE Column stats: COMPLETE
                  value expressions: _col0 (type: int), _col1 (type: int), _col2 (type: binary)

  Stage: Stage-0
    Fetch Operator
      limit: -1
      Processor Tree:
        ListSink

PREHOOK: query: select   sum(s.ss_item_sk)
 from
     x1_store_sales s
     ,x1_date_dim d
 where
        1=1
        and s.ss_sold_date_sk=d.d_date_sk
	and d.d_moy=3
PREHOOK: type: QUERY
PREHOOK: Input: default@x1_date_dim
PREHOOK: Input: default@x1_store_sales
#### A masked pattern was here ####
POSTHOOK: query: select   sum(s.ss_item_sk)
 from
     x1_store_sales s
     ,x1_date_dim d
 where
        1=1
        and s.ss_sold_date_sk=d.d_date_sk
	and d.d_moy=3
POSTHOOK: type: QUERY
POSTHOOK: Input: default@x1_date_dim
POSTHOOK: Input: default@x1_store_sales
#### A masked pattern was here ####
3
