PREHOOK: query: explain
select
  *
from alltypesorc a join alltypesorc b on a.cint = b.cint
where
  a.cint between 1000000 and 3000000 and b.cbigint is not null
order by a.cint
PREHOOK: type: QUERY
POSTHOOK: query: explain
select
  *
from alltypesorc a join alltypesorc b on a.cint = b.cint
where
  a.cint between 1000000 and 3000000 and b.cbigint is not null
order by a.cint
POSTHOOK: type: QUERY
STAGE DEPENDENCIES:
  Stage-1 is a root stage
  Stage-0 depends on stages: Stage-1

STAGE PLANS:
  Stage: Stage-1
    Tez
#### A masked pattern was here ####
      Edges:
        Reducer 2 <- Map 1 (SIMPLE_EDGE), Map 4 (SIMPLE_EDGE)
        Reducer 3 <- Reducer 2 (SIMPLE_EDGE)
#### A masked pattern was here ####
      Vertices:
        Map 1 
            Map Operator Tree:
                TableScan
                  alias: a
                  Statistics: Num rows: 12288 Data size: 3093170 Basic stats: COMPLETE Column stats: COMPLETE
                  Filter Operator
                    predicate: cint BETWEEN 1000000 AND 3000000 (type: boolean)
                    Statistics: Num rows: 1365 Data size: 343800 Basic stats: COMPLETE Column stats: COMPLETE
                    Select Operator
                      expressions: ctinyint (type: tinyint), csmallint (type: smallint), cint (type: int), cbigint (type: bigint), cfloat (type: float), cdouble (type: double), cstring1 (type: string), cstring2 (type: string), ctimestamp1 (type: timestamp), ctimestamp2 (type: timestamp), cboolean1 (type: boolean), cboolean2 (type: boolean)
                      outputColumnNames: _col0, _col1, _col2, _col3, _col4, _col5, _col6, _col7, _col8, _col9, _col10, _col11
                      Statistics: Num rows: 1365 Data size: 343800 Basic stats: COMPLETE Column stats: COMPLETE
                      Reduce Output Operator
                        key expressions: _col2 (type: int)
                        sort order: +
                        Map-reduce partition columns: _col2 (type: int)
                        Statistics: Num rows: 1365 Data size: 343800 Basic stats: COMPLETE Column stats: COMPLETE
                        value expressions: _col0 (type: tinyint), _col1 (type: smallint), _col3 (type: bigint), _col4 (type: float), _col5 (type: double), _col6 (type: string), _col7 (type: string), _col8 (type: timestamp), _col9 (type: timestamp), _col10 (type: boolean), _col11 (type: boolean)
            Execution mode: llap
            LLAP IO: all inputs
        Map 4 
            Map Operator Tree:
                TableScan
                  alias: b
                  Statistics: Num rows: 12288 Data size: 3093170 Basic stats: COMPLETE Column stats: COMPLETE
                  Filter Operator
                    predicate: (cint BETWEEN 1000000 AND 3000000 and cbigint is not null) (type: boolean)
                    Statistics: Num rows: 1019 Data size: 256780 Basic stats: COMPLETE Column stats: COMPLETE
                    Select Operator
                      expressions: ctinyint (type: tinyint), csmallint (type: smallint), cint (type: int), cbigint (type: bigint), cfloat (type: float), cdouble (type: double), cstring1 (type: string), cstring2 (type: string), ctimestamp1 (type: timestamp), ctimestamp2 (type: timestamp), cboolean1 (type: boolean), cboolean2 (type: boolean)
                      outputColumnNames: _col0, _col1, _col2, _col3, _col4, _col5, _col6, _col7, _col8, _col9, _col10, _col11
                      Statistics: Num rows: 1019 Data size: 256780 Basic stats: COMPLETE Column stats: COMPLETE
                      Reduce Output Operator
                        key expressions: _col2 (type: int)
                        sort order: +
                        Map-reduce partition columns: _col2 (type: int)
                        Statistics: Num rows: 1019 Data size: 256780 Basic stats: COMPLETE Column stats: COMPLETE
                        value expressions: _col0 (type: tinyint), _col1 (type: smallint), _col3 (type: bigint), _col4 (type: float), _col5 (type: double), _col6 (type: string), _col7 (type: string), _col8 (type: timestamp), _col9 (type: timestamp), _col10 (type: boolean), _col11 (type: boolean)
            Execution mode: llap
            LLAP IO: all inputs
        Reducer 2 
            Execution mode: llap
            Reduce Operator Tree:
              Merge Join Operator
                condition map:
                     Inner Join 0 to 1
                keys:
                  0 _col2 (type: int)
                  1 _col2 (type: int)
                outputColumnNames: _col0, _col1, _col2, _col3, _col4, _col5, _col6, _col7, _col8, _col9, _col10, _col11, _col12, _col13, _col14, _col15, _col16, _col17, _col18, _col19, _col20, _col21, _col22, _col23
                Statistics: Num rows: 2166 Data size: 1342920 Basic stats: COMPLETE Column stats: COMPLETE
                Reduce Output Operator
                  key expressions: _col2 (type: int)
                  sort order: +
                  Statistics: Num rows: 2166 Data size: 1342920 Basic stats: COMPLETE Column stats: COMPLETE
                  value expressions: _col0 (type: tinyint), _col1 (type: smallint), _col3 (type: bigint), _col4 (type: float), _col5 (type: double), _col6 (type: string), _col7 (type: string), _col8 (type: timestamp), _col9 (type: timestamp), _col10 (type: boolean), _col11 (type: boolean), _col12 (type: tinyint), _col13 (type: smallint), _col14 (type: int), _col15 (type: bigint), _col16 (type: float), _col17 (type: double), _col18 (type: string), _col19 (type: string), _col20 (type: timestamp), _col21 (type: timestamp), _col22 (type: boolean), _col23 (type: boolean)
        Reducer 3 
            Execution mode: llap
            Reduce Operator Tree:
              Select Operator
                expressions: VALUE._col0 (type: tinyint), VALUE._col1 (type: smallint), KEY.reducesinkkey0 (type: int), VALUE._col2 (type: bigint), VALUE._col3 (type: float), VALUE._col4 (type: double), VALUE._col5 (type: string), VALUE._col6 (type: string), VALUE._col7 (type: timestamp), VALUE._col8 (type: timestamp), VALUE._col9 (type: boolean), VALUE._col10 (type: boolean), VALUE._col11 (type: tinyint), VALUE._col12 (type: smallint), VALUE._col13 (type: int), VALUE._col14 (type: bigint), VALUE._col15 (type: float), VALUE._col16 (type: double), VALUE._col17 (type: string), VALUE._col18 (type: string), VALUE._col19 (type: timestamp), VALUE._col20 (type: timestamp), VALUE._col21 (type: boolean), VALUE._col22 (type: boolean)
                outputColumnNames: _col0, _col1, _col2, _col3, _col4, _col5, _col6, _col7, _col8, _col9, _col10, _col11, _col12, _col13, _col14, _col15, _col16, _col17, _col18, _col19, _col20, _col21, _col22, _col23
                Statistics: Num rows: 2166 Data size: 1342920 Basic stats: COMPLETE Column stats: COMPLETE
                File Output Operator
                  compressed: false
                  Statistics: Num rows: 2166 Data size: 1342920 Basic stats: COMPLETE Column stats: COMPLETE
                  table:
                      input format: org.apache.hadoop.mapred.SequenceFileInputFormat
                      output format: org.apache.hadoop.hive.ql.io.HiveSequenceFileOutputFormat
                      serde: org.apache.hadoop.hive.serde2.lazy.LazySimpleSerDe

  Stage: Stage-0
    Fetch Operator
      limit: -1
      Processor Tree:
        ListSink

PREHOOK: query: select
  *
from alltypesorc a join alltypesorc b on a.cint = b.cint
where
  a.cint between 1000000 and 3000000 and b.cbigint is not null
order by a.cint
PREHOOK: type: QUERY
PREHOOK: Input: default@alltypesorc
#### A masked pattern was here ####
POSTHOOK: query: select
  *
from alltypesorc a join alltypesorc b on a.cint = b.cint
where
  a.cint between 1000000 and 3000000 and b.cbigint is not null
order by a.cint
POSTHOOK: type: QUERY
POSTHOOK: Input: default@alltypesorc
#### A masked pattern was here ####
11	NULL	1000828	1531084669	11.0	NULL	wM316f6NqGIkoP388j3F6	poWQQo3Upvt3Wh	1969-12-31 16:00:02.351	NULL	false	true	11	NULL	1000828	1531084669	11.0	NULL	wM316f6NqGIkoP388j3F6	poWQQo3Upvt3Wh	1969-12-31 16:00:02.351	NULL	false	true
NULL	-3799	1248059	1864027286	NULL	-3799.0	Uhps6mMh3IfHB3j7yH62K	4KWs6gw7lv2WYd66P	NULL	1969-12-31 15:59:54.622	false	true	NULL	-3799	1248059	1864027286	NULL	-3799.0	Uhps6mMh3IfHB3j7yH62K	4KWs6gw7lv2WYd66P	NULL	1969-12-31 15:59:54.622	false	true
NULL	10782	1286921	1864027286	NULL	10782.0	ODLrXI8882q8LS8	4KWs6gw7lv2WYd66P	NULL	1969-12-31 15:59:52.138	true	true	NULL	10782	1286921	1864027286	NULL	10782.0	ODLrXI8882q8LS8	4KWs6gw7lv2WYd66P	NULL	1969-12-31 15:59:52.138	true	true
NULL	-13036	1288927	-1645852809	NULL	-13036.0	yinBY725P7V2	xH7445Rals48VOulSyR5F	NULL	1969-12-31 16:00:00.763	true	false	NULL	-13036	1288927	-1645852809	NULL	-13036.0	yinBY725P7V2	xH7445Rals48VOulSyR5F	NULL	1969-12-31 16:00:00.763	true	false
11	NULL	1310786	-413875656	11.0	NULL	W0rvA4H1xn0xMG4uk0	8yVVjG	1969-12-31 16:00:02.351	NULL	false	true	11	NULL	1310786	-413875656	11.0	NULL	W0rvA4H1xn0xMG4uk0	8yVVjG	1969-12-31 16:00:02.351	NULL	false	true
-51	NULL	2089466	-240556350	-51.0	NULL	cXX24dH7tblSj46j2g	C31eea0wrHHqvj	1969-12-31 16:00:08.451	NULL	true	true	-51	NULL	2089466	-240556350	-51.0	NULL	cXX24dH7tblSj46j2g	C31eea0wrHHqvj	1969-12-31 16:00:08.451	NULL	true	true
NULL	-8915	2101183	1864027286	NULL	-8915.0	x7By66525	4KWs6gw7lv2WYd66P	NULL	1969-12-31 16:00:05.831	false	true	NULL	-8915	2101183	1864027286	NULL	-8915.0	x7By66525	4KWs6gw7lv2WYd66P	NULL	1969-12-31 16:00:05.831	false	true
8	NULL	2229621	-381406148	8.0	NULL	q7onkS7QRPh5ghOK	oKb0bi	1969-12-31 16:00:15.892	NULL	true	false	8	NULL	2229621	-381406148	8.0	NULL	q7onkS7QRPh5ghOK	oKb0bi	1969-12-31 16:00:15.892	NULL	true	false
8	NULL	2433892	-1611863517	8.0	NULL	674ILv3V2TxFqXP6wSbL	VLprkK2XfX	1969-12-31 16:00:15.892	NULL	false	true	8	NULL	2433892	-1611863517	8.0	NULL	674ILv3V2TxFqXP6wSbL	VLprkK2XfX	1969-12-31 16:00:15.892	NULL	false	true
-51	NULL	2949963	-1580871111	-51.0	NULL	0K68k3bdl7jO7	TPPAu	1969-12-31 16:00:08.451	NULL	true	false	-51	NULL	2949963	-1580871111	-51.0	NULL	0K68k3bdl7jO7	TPPAu	1969-12-31 16:00:08.451	NULL	true	false
PREHOOK: query: explain
select
  count(*)
from alltypesorc a join alltypesorc b on a.cint = b.cint
where
  a.cint between 1000000 and 3000000 and b.cbigint is not null
PREHOOK: type: QUERY
POSTHOOK: query: explain
select
  count(*)
from alltypesorc a join alltypesorc b on a.cint = b.cint
where
  a.cint between 1000000 and 3000000 and b.cbigint is not null
POSTHOOK: type: QUERY
STAGE DEPENDENCIES:
  Stage-1 is a root stage
  Stage-0 depends on stages: Stage-1

STAGE PLANS:
  Stage: Stage-1
    Tez
#### A masked pattern was here ####
      Edges:
        Reducer 2 <- Map 1 (SIMPLE_EDGE), Map 4 (SIMPLE_EDGE)
        Reducer 3 <- Reducer 2 (CUSTOM_SIMPLE_EDGE)
#### A masked pattern was here ####
      Vertices:
        Map 1 
            Map Operator Tree:
                TableScan
                  alias: a
                  Statistics: Num rows: 12288 Data size: 36696 Basic stats: COMPLETE Column stats: COMPLETE
                  Filter Operator
                    predicate: cint BETWEEN 1000000 AND 3000000 (type: boolean)
                    Statistics: Num rows: 1365 Data size: 4080 Basic stats: COMPLETE Column stats: COMPLETE
                    Select Operator
                      expressions: cint (type: int)
                      outputColumnNames: _col0
                      Statistics: Num rows: 1365 Data size: 4080 Basic stats: COMPLETE Column stats: COMPLETE
                      Reduce Output Operator
                        key expressions: _col0 (type: int)
                        sort order: +
                        Map-reduce partition columns: _col0 (type: int)
                        Statistics: Num rows: 1365 Data size: 4080 Basic stats: COMPLETE Column stats: COMPLETE
            Execution mode: llap
            LLAP IO: all inputs
        Map 4 
            Map Operator Tree:
                TableScan
                  alias: b
                  Statistics: Num rows: 12288 Data size: 110088 Basic stats: COMPLETE Column stats: COMPLETE
                  Filter Operator
                    predicate: (cint BETWEEN 1000000 AND 3000000 and cbigint is not null) (type: boolean)
                    Statistics: Num rows: 1019 Data size: 9144 Basic stats: COMPLETE Column stats: COMPLETE
                    Select Operator
                      expressions: cint (type: int)
                      outputColumnNames: _col0
                      Statistics: Num rows: 1019 Data size: 9144 Basic stats: COMPLETE Column stats: COMPLETE
                      Reduce Output Operator
                        key expressions: _col0 (type: int)
                        sort order: +
                        Map-reduce partition columns: _col0 (type: int)
                        Statistics: Num rows: 1019 Data size: 9144 Basic stats: COMPLETE Column stats: COMPLETE
            Execution mode: llap
            LLAP IO: all inputs
        Reducer 2 
            Execution mode: llap
            Reduce Operator Tree:
              Merge Join Operator
                condition map:
                     Inner Join 0 to 1
                keys:
                  0 _col0 (type: int)
                  1 _col0 (type: int)
                Statistics: Num rows: 2166 Data size: 17328 Basic stats: COMPLETE Column stats: COMPLETE
                Group By Operator
                  aggregations: count()
                  mode: hash
                  outputColumnNames: _col0
                  Statistics: Num rows: 1 Data size: 8 Basic stats: COMPLETE Column stats: COMPLETE
                  Reduce Output Operator
                    sort order: 
                    Statistics: Num rows: 1 Data size: 8 Basic stats: COMPLETE Column stats: COMPLETE
                    value expressions: _col0 (type: bigint)
        Reducer 3 
            Execution mode: llap
            Reduce Operator Tree:
              Group By Operator
                aggregations: count(VALUE._col0)
                mode: mergepartial
                outputColumnNames: _col0
                Statistics: Num rows: 1 Data size: 8 Basic stats: COMPLETE Column stats: COMPLETE
                File Output Operator
                  compressed: false
                  Statistics: Num rows: 1 Data size: 8 Basic stats: COMPLETE Column stats: COMPLETE
                  table:
                      input format: org.apache.hadoop.mapred.SequenceFileInputFormat
                      output format: org.apache.hadoop.hive.ql.io.HiveSequenceFileOutputFormat
                      serde: org.apache.hadoop.hive.serde2.lazy.LazySimpleSerDe

  Stage: Stage-0
    Fetch Operator
      limit: -1
      Processor Tree:
        ListSink

PREHOOK: query: select
  count(*)
from alltypesorc a join alltypesorc b on a.cint = b.cint
where
  a.cint between 1000000 and 3000000 and b.cbigint is not null
PREHOOK: type: QUERY
PREHOOK: Input: default@alltypesorc
#### A masked pattern was here ####
POSTHOOK: query: select
  count(*)
from alltypesorc a join alltypesorc b on a.cint = b.cint
where
  a.cint between 1000000 and 3000000 and b.cbigint is not null
POSTHOOK: type: QUERY
POSTHOOK: Input: default@alltypesorc
#### A masked pattern was here ####
10
PREHOOK: query: explain
select
  a.csmallint, count(*) c1
from alltypesorc a join alltypesorc b on a.cint = b.cint
where
  a.cint between 1000000 and 3000000 and b.cbigint is not null
group by a.csmallint
order by c1
PREHOOK: type: QUERY
POSTHOOK: query: explain
select
  a.csmallint, count(*) c1
from alltypesorc a join alltypesorc b on a.cint = b.cint
where
  a.cint between 1000000 and 3000000 and b.cbigint is not null
group by a.csmallint
order by c1
POSTHOOK: type: QUERY
STAGE DEPENDENCIES:
  Stage-1 is a root stage
  Stage-0 depends on stages: Stage-1

STAGE PLANS:
  Stage: Stage-1
    Tez
#### A masked pattern was here ####
      Edges:
        Reducer 2 <- Map 1 (SIMPLE_EDGE), Map 5 (SIMPLE_EDGE)
        Reducer 3 <- Reducer 2 (SIMPLE_EDGE)
        Reducer 4 <- Reducer 3 (SIMPLE_EDGE)
#### A masked pattern was here ####
      Vertices:
        Map 1 
            Map Operator Tree:
                TableScan
                  alias: a
                  Statistics: Num rows: 12288 Data size: 73396 Basic stats: COMPLETE Column stats: COMPLETE
                  Filter Operator
                    predicate: cint BETWEEN 1000000 AND 3000000 (type: boolean)
                    Statistics: Num rows: 1365 Data size: 8160 Basic stats: COMPLETE Column stats: COMPLETE
                    Select Operator
                      expressions: csmallint (type: smallint), cint (type: int)
                      outputColumnNames: _col0, _col1
                      Statistics: Num rows: 1365 Data size: 8160 Basic stats: COMPLETE Column stats: COMPLETE
                      Reduce Output Operator
                        key expressions: _col1 (type: int)
                        sort order: +
                        Map-reduce partition columns: _col1 (type: int)
                        Statistics: Num rows: 1365 Data size: 8160 Basic stats: COMPLETE Column stats: COMPLETE
                        value expressions: _col0 (type: smallint)
            Execution mode: llap
            LLAP IO: all inputs
        Map 5 
            Map Operator Tree:
                TableScan
                  alias: b
                  Statistics: Num rows: 12288 Data size: 110088 Basic stats: COMPLETE Column stats: COMPLETE
                  Filter Operator
                    predicate: (cint BETWEEN 1000000 AND 3000000 and cbigint is not null) (type: boolean)
                    Statistics: Num rows: 1019 Data size: 9144 Basic stats: COMPLETE Column stats: COMPLETE
                    Select Operator
                      expressions: cint (type: int)
                      outputColumnNames: _col0
                      Statistics: Num rows: 1019 Data size: 9144 Basic stats: COMPLETE Column stats: COMPLETE
                      Reduce Output Operator
                        key expressions: _col0 (type: int)
                        sort order: +
                        Map-reduce partition columns: _col0 (type: int)
                        Statistics: Num rows: 1019 Data size: 9144 Basic stats: COMPLETE Column stats: COMPLETE
            Execution mode: llap
            LLAP IO: all inputs
        Reducer 2 
            Execution mode: llap
            Reduce Operator Tree:
              Merge Join Operator
                condition map:
                     Inner Join 0 to 1
                keys:
                  0 _col1 (type: int)
                  1 _col0 (type: int)
                outputColumnNames: _col0
                Statistics: Num rows: 2166 Data size: 8664 Basic stats: COMPLETE Column stats: COMPLETE
                Group By Operator
                  aggregations: count()
                  keys: _col0 (type: smallint)
                  mode: hash
                  outputColumnNames: _col0, _col1
                  Statistics: Num rows: 615 Data size: 7380 Basic stats: COMPLETE Column stats: COMPLETE
                  Reduce Output Operator
                    key expressions: _col0 (type: smallint)
                    sort order: +
                    Map-reduce partition columns: _col0 (type: smallint)
                    Statistics: Num rows: 615 Data size: 7380 Basic stats: COMPLETE Column stats: COMPLETE
                    value expressions: _col1 (type: bigint)
        Reducer 3 
            Execution mode: llap
            Reduce Operator Tree:
              Group By Operator
                aggregations: count(VALUE._col0)
                keys: KEY._col0 (type: smallint)
                mode: mergepartial
                outputColumnNames: _col0, _col1
                Statistics: Num rows: 615 Data size: 7380 Basic stats: COMPLETE Column stats: COMPLETE
                Reduce Output Operator
                  key expressions: _col1 (type: bigint)
                  sort order: +
                  Statistics: Num rows: 615 Data size: 7380 Basic stats: COMPLETE Column stats: COMPLETE
                  value expressions: _col0 (type: smallint)
        Reducer 4 
            Execution mode: llap
            Reduce Operator Tree:
              Select Operator
                expressions: VALUE._col0 (type: smallint), KEY.reducesinkkey0 (type: bigint)
                outputColumnNames: _col0, _col1
                Statistics: Num rows: 615 Data size: 7380 Basic stats: COMPLETE Column stats: COMPLETE
                File Output Operator
                  compressed: false
                  Statistics: Num rows: 615 Data size: 7380 Basic stats: COMPLETE Column stats: COMPLETE
                  table:
                      input format: org.apache.hadoop.mapred.SequenceFileInputFormat
                      output format: org.apache.hadoop.hive.ql.io.HiveSequenceFileOutputFormat
                      serde: org.apache.hadoop.hive.serde2.lazy.LazySimpleSerDe

  Stage: Stage-0
    Fetch Operator
      limit: -1
      Processor Tree:
        ListSink

PREHOOK: query: select
  a.csmallint, count(*) c1
from alltypesorc a join alltypesorc b on a.cint = b.cint
where
  a.cint between 1000000 and 3000000 and b.cbigint is not null
group by a.csmallint
order by c1
PREHOOK: type: QUERY
PREHOOK: Input: default@alltypesorc
#### A masked pattern was here ####
POSTHOOK: query: select
  a.csmallint, count(*) c1
from alltypesorc a join alltypesorc b on a.cint = b.cint
where
  a.cint between 1000000 and 3000000 and b.cbigint is not null
group by a.csmallint
order by c1
POSTHOOK: type: QUERY
POSTHOOK: Input: default@alltypesorc
#### A masked pattern was here ####
-13036	1
-8915	1
-3799	1
10782	1
NULL	6
PREHOOK: query: explain
select
  *
from alltypesorc a join alltypesorc b on a.cint = b.cint
where
  a.cint between 1000000 and 3000000 and b.cbigint is not null
order by a.cint
PREHOOK: type: QUERY
POSTHOOK: query: explain
select
  *
from alltypesorc a join alltypesorc b on a.cint = b.cint
where
  a.cint between 1000000 and 3000000 and b.cbigint is not null
order by a.cint
POSTHOOK: type: QUERY
STAGE DEPENDENCIES:
  Stage-1 is a root stage
  Stage-0 depends on stages: Stage-1

STAGE PLANS:
  Stage: Stage-1
    Tez
#### A masked pattern was here ####
      Edges:
        Reducer 2 <- Map 1 (CUSTOM_SIMPLE_EDGE), Map 4 (CUSTOM_SIMPLE_EDGE)
        Reducer 3 <- Reducer 2 (SIMPLE_EDGE)
#### A masked pattern was here ####
      Vertices:
        Map 1 
            Map Operator Tree:
                TableScan
                  alias: a
                  Statistics: Num rows: 12288 Data size: 2641964 Basic stats: COMPLETE Column stats: NONE
                  Filter Operator
                    predicate: cint BETWEEN 1000000 AND 3000000 (type: boolean)
                    Statistics: Num rows: 1365 Data size: 293479 Basic stats: COMPLETE Column stats: NONE
                    Select Operator
                      expressions: ctinyint (type: tinyint), csmallint (type: smallint), cint (type: int), cbigint (type: bigint), cfloat (type: float), cdouble (type: double), cstring1 (type: string), cstring2 (type: string), ctimestamp1 (type: timestamp), ctimestamp2 (type: timestamp), cboolean1 (type: boolean), cboolean2 (type: boolean)
                      outputColumnNames: _col0, _col1, _col2, _col3, _col4, _col5, _col6, _col7, _col8, _col9, _col10, _col11
                      Statistics: Num rows: 1365 Data size: 293479 Basic stats: COMPLETE Column stats: NONE
                      Reduce Output Operator
                        key expressions: _col2 (type: int)
                        sort order: +
                        Map-reduce partition columns: _col2 (type: int)
                        Statistics: Num rows: 1365 Data size: 293479 Basic stats: COMPLETE Column stats: NONE
                        value expressions: _col0 (type: tinyint), _col1 (type: smallint), _col3 (type: bigint), _col4 (type: float), _col5 (type: double), _col6 (type: string), _col7 (type: string), _col8 (type: timestamp), _col9 (type: timestamp), _col10 (type: boolean), _col11 (type: boolean)
            Execution mode: llap
            LLAP IO: all inputs
        Map 4 
            Map Operator Tree:
                TableScan
                  alias: b
                  Statistics: Num rows: 12288 Data size: 2641964 Basic stats: COMPLETE Column stats: NONE
                  Filter Operator
                    predicate: (cint BETWEEN 1000000 AND 3000000 and cbigint is not null) (type: boolean)
                    Statistics: Num rows: 1365 Data size: 293479 Basic stats: COMPLETE Column stats: NONE
                    Select Operator
                      expressions: ctinyint (type: tinyint), csmallint (type: smallint), cint (type: int), cbigint (type: bigint), cfloat (type: float), cdouble (type: double), cstring1 (type: string), cstring2 (type: string), ctimestamp1 (type: timestamp), ctimestamp2 (type: timestamp), cboolean1 (type: boolean), cboolean2 (type: boolean)
                      outputColumnNames: _col0, _col1, _col2, _col3, _col4, _col5, _col6, _col7, _col8, _col9, _col10, _col11
                      Statistics: Num rows: 1365 Data size: 293479 Basic stats: COMPLETE Column stats: NONE
                      Reduce Output Operator
                        key expressions: _col2 (type: int)
                        sort order: +
                        Map-reduce partition columns: _col2 (type: int)
                        Statistics: Num rows: 1365 Data size: 293479 Basic stats: COMPLETE Column stats: NONE
                        value expressions: _col0 (type: tinyint), _col1 (type: smallint), _col3 (type: bigint), _col4 (type: float), _col5 (type: double), _col6 (type: string), _col7 (type: string), _col8 (type: timestamp), _col9 (type: timestamp), _col10 (type: boolean), _col11 (type: boolean)
            Execution mode: llap
            LLAP IO: all inputs
        Reducer 2 
            Execution mode: llap
            Reduce Operator Tree:
              Map Join Operator
                condition map:
                     Inner Join 0 to 1
                keys:
                  0 KEY.reducesinkkey0 (type: int)
                  1 KEY.reducesinkkey0 (type: int)
                outputColumnNames: _col0, _col1, _col2, _col3, _col4, _col5, _col6, _col7, _col8, _col9, _col10, _col11, _col12, _col13, _col14, _col15, _col16, _col17, _col18, _col19, _col20, _col21, _col22, _col23
                input vertices:
                  1 Map 4
                Statistics: Num rows: 1501 Data size: 322826 Basic stats: COMPLETE Column stats: NONE
                HybridGraceHashJoin: true
                Reduce Output Operator
                  key expressions: _col2 (type: int)
                  sort order: +
                  Statistics: Num rows: 1501 Data size: 322826 Basic stats: COMPLETE Column stats: NONE
                  value expressions: _col0 (type: tinyint), _col1 (type: smallint), _col3 (type: bigint), _col4 (type: float), _col5 (type: double), _col6 (type: string), _col7 (type: string), _col8 (type: timestamp), _col9 (type: timestamp), _col10 (type: boolean), _col11 (type: boolean), _col12 (type: tinyint), _col13 (type: smallint), _col14 (type: int), _col15 (type: bigint), _col16 (type: float), _col17 (type: double), _col18 (type: string), _col19 (type: string), _col20 (type: timestamp), _col21 (type: timestamp), _col22 (type: boolean), _col23 (type: boolean)
        Reducer 3 
            Execution mode: llap
            Reduce Operator Tree:
              Select Operator
                expressions: VALUE._col0 (type: tinyint), VALUE._col1 (type: smallint), KEY.reducesinkkey0 (type: int), VALUE._col2 (type: bigint), VALUE._col3 (type: float), VALUE._col4 (type: double), VALUE._col5 (type: string), VALUE._col6 (type: string), VALUE._col7 (type: timestamp), VALUE._col8 (type: timestamp), VALUE._col9 (type: boolean), VALUE._col10 (type: boolean), VALUE._col11 (type: tinyint), VALUE._col12 (type: smallint), VALUE._col13 (type: int), VALUE._col14 (type: bigint), VALUE._col15 (type: float), VALUE._col16 (type: double), VALUE._col17 (type: string), VALUE._col18 (type: string), VALUE._col19 (type: timestamp), VALUE._col20 (type: timestamp), VALUE._col21 (type: boolean), VALUE._col22 (type: boolean)
                outputColumnNames: _col0, _col1, _col2, _col3, _col4, _col5, _col6, _col7, _col8, _col9, _col10, _col11, _col12, _col13, _col14, _col15, _col16, _col17, _col18, _col19, _col20, _col21, _col22, _col23
                Statistics: Num rows: 1501 Data size: 322826 Basic stats: COMPLETE Column stats: NONE
                File Output Operator
                  compressed: false
                  Statistics: Num rows: 1501 Data size: 322826 Basic stats: COMPLETE Column stats: NONE
                  table:
                      input format: org.apache.hadoop.mapred.SequenceFileInputFormat
                      output format: org.apache.hadoop.hive.ql.io.HiveSequenceFileOutputFormat
                      serde: org.apache.hadoop.hive.serde2.lazy.LazySimpleSerDe

  Stage: Stage-0
    Fetch Operator
      limit: -1
      Processor Tree:
        ListSink

PREHOOK: query: select
  *
from alltypesorc a join alltypesorc b on a.cint = b.cint
where
  a.cint between 1000000 and 3000000 and b.cbigint is not null
order by a.cint
PREHOOK: type: QUERY
PREHOOK: Input: default@alltypesorc
#### A masked pattern was here ####
POSTHOOK: query: select
  *
from alltypesorc a join alltypesorc b on a.cint = b.cint
where
  a.cint between 1000000 and 3000000 and b.cbigint is not null
order by a.cint
POSTHOOK: type: QUERY
POSTHOOK: Input: default@alltypesorc
#### A masked pattern was here ####
11	NULL	1000828	1531084669	11.0	NULL	wM316f6NqGIkoP388j3F6	poWQQo3Upvt3Wh	1969-12-31 16:00:02.351	NULL	false	true	11	NULL	1000828	1531084669	11.0	NULL	wM316f6NqGIkoP388j3F6	poWQQo3Upvt3Wh	1969-12-31 16:00:02.351	NULL	false	true
NULL	-3799	1248059	1864027286	NULL	-3799.0	Uhps6mMh3IfHB3j7yH62K	4KWs6gw7lv2WYd66P	NULL	1969-12-31 15:59:54.622	false	true	NULL	-3799	1248059	1864027286	NULL	-3799.0	Uhps6mMh3IfHB3j7yH62K	4KWs6gw7lv2WYd66P	NULL	1969-12-31 15:59:54.622	false	true
NULL	10782	1286921	1864027286	NULL	10782.0	ODLrXI8882q8LS8	4KWs6gw7lv2WYd66P	NULL	1969-12-31 15:59:52.138	true	true	NULL	10782	1286921	1864027286	NULL	10782.0	ODLrXI8882q8LS8	4KWs6gw7lv2WYd66P	NULL	1969-12-31 15:59:52.138	true	true
NULL	-13036	1288927	-1645852809	NULL	-13036.0	yinBY725P7V2	xH7445Rals48VOulSyR5F	NULL	1969-12-31 16:00:00.763	true	false	NULL	-13036	1288927	-1645852809	NULL	-13036.0	yinBY725P7V2	xH7445Rals48VOulSyR5F	NULL	1969-12-31 16:00:00.763	true	false
11	NULL	1310786	-413875656	11.0	NULL	W0rvA4H1xn0xMG4uk0	8yVVjG	1969-12-31 16:00:02.351	NULL	false	true	11	NULL	1310786	-413875656	11.0	NULL	W0rvA4H1xn0xMG4uk0	8yVVjG	1969-12-31 16:00:02.351	NULL	false	true
-51	NULL	2089466	-240556350	-51.0	NULL	cXX24dH7tblSj46j2g	C31eea0wrHHqvj	1969-12-31 16:00:08.451	NULL	true	true	-51	NULL	2089466	-240556350	-51.0	NULL	cXX24dH7tblSj46j2g	C31eea0wrHHqvj	1969-12-31 16:00:08.451	NULL	true	true
NULL	-8915	2101183	1864027286	NULL	-8915.0	x7By66525	4KWs6gw7lv2WYd66P	NULL	1969-12-31 16:00:05.831	false	true	NULL	-8915	2101183	1864027286	NULL	-8915.0	x7By66525	4KWs6gw7lv2WYd66P	NULL	1969-12-31 16:00:05.831	false	true
8	NULL	2229621	-381406148	8.0	NULL	q7onkS7QRPh5ghOK	oKb0bi	1969-12-31 16:00:15.892	NULL	true	false	8	NULL	2229621	-381406148	8.0	NULL	q7onkS7QRPh5ghOK	oKb0bi	1969-12-31 16:00:15.892	NULL	true	false
8	NULL	2433892	-1611863517	8.0	NULL	674ILv3V2TxFqXP6wSbL	VLprkK2XfX	1969-12-31 16:00:15.892	NULL	false	true	8	NULL	2433892	-1611863517	8.0	NULL	674ILv3V2TxFqXP6wSbL	VLprkK2XfX	1969-12-31 16:00:15.892	NULL	false	true
-51	NULL	2949963	-1580871111	-51.0	NULL	0K68k3bdl7jO7	TPPAu	1969-12-31 16:00:08.451	NULL	true	false	-51	NULL	2949963	-1580871111	-51.0	NULL	0K68k3bdl7jO7	TPPAu	1969-12-31 16:00:08.451	NULL	true	false
PREHOOK: query: explain
select
  count(*)
from alltypesorc a join alltypesorc b on a.cint = b.cint
where
  a.cint between 1000000 and 3000000 and b.cbigint is not null
PREHOOK: type: QUERY
POSTHOOK: query: explain
select
  count(*)
from alltypesorc a join alltypesorc b on a.cint = b.cint
where
  a.cint between 1000000 and 3000000 and b.cbigint is not null
POSTHOOK: type: QUERY
STAGE DEPENDENCIES:
  Stage-1 is a root stage
  Stage-0 depends on stages: Stage-1

STAGE PLANS:
  Stage: Stage-1
    Tez
#### A masked pattern was here ####
      Edges:
        Reducer 2 <- Map 1 (CUSTOM_SIMPLE_EDGE), Map 4 (CUSTOM_SIMPLE_EDGE)
        Reducer 3 <- Reducer 2 (CUSTOM_SIMPLE_EDGE)
#### A masked pattern was here ####
      Vertices:
        Map 1 
            Map Operator Tree:
                TableScan
                  alias: a
                  Statistics: Num rows: 12288 Data size: 2641964 Basic stats: COMPLETE Column stats: NONE
                  Filter Operator
                    predicate: cint BETWEEN 1000000 AND 3000000 (type: boolean)
                    Statistics: Num rows: 1365 Data size: 293479 Basic stats: COMPLETE Column stats: NONE
                    Select Operator
                      expressions: cint (type: int)
                      outputColumnNames: _col0
                      Statistics: Num rows: 1365 Data size: 293479 Basic stats: COMPLETE Column stats: NONE
                      Reduce Output Operator
                        key expressions: _col0 (type: int)
                        sort order: +
                        Map-reduce partition columns: _col0 (type: int)
                        Statistics: Num rows: 1365 Data size: 293479 Basic stats: COMPLETE Column stats: NONE
            Execution mode: llap
            LLAP IO: all inputs
        Map 4 
            Map Operator Tree:
                TableScan
                  alias: b
                  Statistics: Num rows: 12288 Data size: 2641964 Basic stats: COMPLETE Column stats: NONE
                  Filter Operator
                    predicate: (cint BETWEEN 1000000 AND 3000000 and cbigint is not null) (type: boolean)
                    Statistics: Num rows: 1365 Data size: 293479 Basic stats: COMPLETE Column stats: NONE
                    Select Operator
                      expressions: cint (type: int)
                      outputColumnNames: _col0
                      Statistics: Num rows: 1365 Data size: 293479 Basic stats: COMPLETE Column stats: NONE
                      Reduce Output Operator
                        key expressions: _col0 (type: int)
                        sort order: +
                        Map-reduce partition columns: _col0 (type: int)
                        Statistics: Num rows: 1365 Data size: 293479 Basic stats: COMPLETE Column stats: NONE
            Execution mode: llap
            LLAP IO: all inputs
        Reducer 2 
            Execution mode: llap
            Reduce Operator Tree:
              Map Join Operator
                condition map:
                     Inner Join 0 to 1
                keys:
                  0 KEY.reducesinkkey0 (type: int)
                  1 KEY.reducesinkkey0 (type: int)
                input vertices:
                  1 Map 4
                Statistics: Num rows: 1501 Data size: 322826 Basic stats: COMPLETE Column stats: NONE
                HybridGraceHashJoin: true
                Group By Operator
                  aggregations: count()
                  mode: hash
                  outputColumnNames: _col0
                  Statistics: Num rows: 1 Data size: 8 Basic stats: COMPLETE Column stats: NONE
                  Reduce Output Operator
                    sort order: 
                    Statistics: Num rows: 1 Data size: 8 Basic stats: COMPLETE Column stats: NONE
                    value expressions: _col0 (type: bigint)
        Reducer 3 
            Execution mode: llap
            Reduce Operator Tree:
              Group By Operator
                aggregations: count(VALUE._col0)
                mode: mergepartial
                outputColumnNames: _col0
                Statistics: Num rows: 1 Data size: 8 Basic stats: COMPLETE Column stats: NONE
                File Output Operator
                  compressed: false
                  Statistics: Num rows: 1 Data size: 8 Basic stats: COMPLETE Column stats: NONE
                  table:
                      input format: org.apache.hadoop.mapred.SequenceFileInputFormat
                      output format: org.apache.hadoop.hive.ql.io.HiveSequenceFileOutputFormat
                      serde: org.apache.hadoop.hive.serde2.lazy.LazySimpleSerDe

  Stage: Stage-0
    Fetch Operator
      limit: -1
      Processor Tree:
        ListSink

PREHOOK: query: select
  count(*)
from alltypesorc a join alltypesorc b on a.cint = b.cint
where
  a.cint between 1000000 and 3000000 and b.cbigint is not null
PREHOOK: type: QUERY
PREHOOK: Input: default@alltypesorc
#### A masked pattern was here ####
POSTHOOK: query: select
  count(*)
from alltypesorc a join alltypesorc b on a.cint = b.cint
where
  a.cint between 1000000 and 3000000 and b.cbigint is not null
POSTHOOK: type: QUERY
POSTHOOK: Input: default@alltypesorc
#### A masked pattern was here ####
10
PREHOOK: query: explain
select
  a.csmallint cs, count(*) c1
from alltypesorc a join alltypesorc b on a.cint = b.cint
where
  a.cint between 1000000 and 3000000 and b.cbigint is not null
group by a.csmallint
order by cs
PREHOOK: type: QUERY
POSTHOOK: query: explain
select
  a.csmallint cs, count(*) c1
from alltypesorc a join alltypesorc b on a.cint = b.cint
where
  a.cint between 1000000 and 3000000 and b.cbigint is not null
group by a.csmallint
order by cs
POSTHOOK: type: QUERY
STAGE DEPENDENCIES:
  Stage-1 is a root stage
  Stage-0 depends on stages: Stage-1

STAGE PLANS:
  Stage: Stage-1
    Tez
#### A masked pattern was here ####
      Edges:
        Reducer 2 <- Map 1 (CUSTOM_SIMPLE_EDGE), Map 5 (CUSTOM_SIMPLE_EDGE)
        Reducer 3 <- Reducer 2 (SIMPLE_EDGE)
        Reducer 4 <- Reducer 3 (SIMPLE_EDGE)
#### A masked pattern was here ####
      Vertices:
        Map 1 
            Map Operator Tree:
                TableScan
                  alias: a
                  Statistics: Num rows: 12288 Data size: 2641964 Basic stats: COMPLETE Column stats: NONE
                  Filter Operator
                    predicate: cint BETWEEN 1000000 AND 3000000 (type: boolean)
                    Statistics: Num rows: 1365 Data size: 293479 Basic stats: COMPLETE Column stats: NONE
                    Select Operator
                      expressions: csmallint (type: smallint), cint (type: int)
                      outputColumnNames: _col0, _col1
                      Statistics: Num rows: 1365 Data size: 293479 Basic stats: COMPLETE Column stats: NONE
                      Reduce Output Operator
                        key expressions: _col1 (type: int)
                        sort order: +
                        Map-reduce partition columns: _col1 (type: int)
                        Statistics: Num rows: 1365 Data size: 293479 Basic stats: COMPLETE Column stats: NONE
                        value expressions: _col0 (type: smallint)
            Execution mode: llap
            LLAP IO: all inputs
        Map 5 
            Map Operator Tree:
                TableScan
                  alias: b
                  Statistics: Num rows: 12288 Data size: 2641964 Basic stats: COMPLETE Column stats: NONE
                  Filter Operator
                    predicate: (cint BETWEEN 1000000 AND 3000000 and cbigint is not null) (type: boolean)
                    Statistics: Num rows: 1365 Data size: 293479 Basic stats: COMPLETE Column stats: NONE
                    Select Operator
                      expressions: cint (type: int)
                      outputColumnNames: _col0
                      Statistics: Num rows: 1365 Data size: 293479 Basic stats: COMPLETE Column stats: NONE
                      Reduce Output Operator
                        key expressions: _col0 (type: int)
                        sort order: +
                        Map-reduce partition columns: _col0 (type: int)
                        Statistics: Num rows: 1365 Data size: 293479 Basic stats: COMPLETE Column stats: NONE
            Execution mode: llap
            LLAP IO: all inputs
        Reducer 2 
            Execution mode: llap
            Reduce Operator Tree:
              Map Join Operator
                condition map:
                     Inner Join 0 to 1
                keys:
                  0 KEY.reducesinkkey0 (type: int)
                  1 KEY.reducesinkkey0 (type: int)
                outputColumnNames: _col0
                input vertices:
                  1 Map 5
                Statistics: Num rows: 1501 Data size: 322826 Basic stats: COMPLETE Column stats: NONE
                HybridGraceHashJoin: true
                Group By Operator
                  aggregations: count()
                  keys: _col0 (type: smallint)
                  mode: hash
                  outputColumnNames: _col0, _col1
                  Statistics: Num rows: 1501 Data size: 322826 Basic stats: COMPLETE Column stats: NONE
                  Reduce Output Operator
                    key expressions: _col0 (type: smallint)
                    sort order: +
                    Map-reduce partition columns: _col0 (type: smallint)
                    Statistics: Num rows: 1501 Data size: 322826 Basic stats: COMPLETE Column stats: NONE
                    value expressions: _col1 (type: bigint)
        Reducer 3 
            Execution mode: llap
            Reduce Operator Tree:
              Group By Operator
                aggregations: count(VALUE._col0)
                keys: KEY._col0 (type: smallint)
                mode: mergepartial
                outputColumnNames: _col0, _col1
                Statistics: Num rows: 750 Data size: 161305 Basic stats: COMPLETE Column stats: NONE
                Reduce Output Operator
                  key expressions: _col0 (type: smallint)
                  sort order: +
                  Statistics: Num rows: 750 Data size: 161305 Basic stats: COMPLETE Column stats: NONE
                  value expressions: _col1 (type: bigint)
        Reducer 4 
            Execution mode: llap
            Reduce Operator Tree:
              Select Operator
                expressions: KEY.reducesinkkey0 (type: smallint), VALUE._col0 (type: bigint)
                outputColumnNames: _col0, _col1
                Statistics: Num rows: 750 Data size: 161305 Basic stats: COMPLETE Column stats: NONE
                File Output Operator
                  compressed: false
                  Statistics: Num rows: 750 Data size: 161305 Basic stats: COMPLETE Column stats: NONE
                  table:
                      input format: org.apache.hadoop.mapred.SequenceFileInputFormat
                      output format: org.apache.hadoop.hive.ql.io.HiveSequenceFileOutputFormat
                      serde: org.apache.hadoop.hive.serde2.lazy.LazySimpleSerDe

  Stage: Stage-0
    Fetch Operator
      limit: -1
      Processor Tree:
        ListSink

PREHOOK: query: select
  a.csmallint cs, count(*) c1
from alltypesorc a join alltypesorc b on a.cint = b.cint
where
  a.cint between 1000000 and 3000000 and b.cbigint is not null
group by a.csmallint
order by cs
PREHOOK: type: QUERY
PREHOOK: Input: default@alltypesorc
#### A masked pattern was here ####
POSTHOOK: query: select
  a.csmallint cs, count(*) c1
from alltypesorc a join alltypesorc b on a.cint = b.cint
where
  a.cint between 1000000 and 3000000 and b.cbigint is not null
group by a.csmallint
order by cs
POSTHOOK: type: QUERY
POSTHOOK: Input: default@alltypesorc
#### A masked pattern was here ####
NULL	6
-13036	1
-8915	1
-3799	1
10782	1
