PREHOOK: query: CREATE TABLE table_a (start_date date, product_id int)
PREHOOK: type: CREATETABLE
PREHOOK: Output: database:default
PREHOOK: Output: default@table_a
POSTHOOK: query: CREATE TABLE table_a (start_date date, product_id int)
POSTHOOK: type: CREATETABLE
POSTHOOK: Output: database:default
POSTHOOK: Output: default@table_a
PREHOOK: query: ALTER TABLE table_a UPDATE STATISTICS SET('numRows'='200000000','rawDataSize'='0' )
PREHOOK: type: ALTERTABLE_UPDATETABLESTATS
PREHOOK: Input: default@table_a
PREHOOK: Output: default@table_a
POSTHOOK: query: ALTER TABLE table_a UPDATE STATISTICS SET('numRows'='200000000','rawDataSize'='0' )
POSTHOOK: type: ALTERTABLE_UPDATETABLESTATS
POSTHOOK: Input: default@table_a
POSTHOOK: Output: default@table_a
PREHOOK: query: ALTER TABLE table_a UPDATE STATISTICS FOR COLUMN product_id SET('lowValue'='1000000','highValue'='100000000','numNulls'='0','numDVs'='300000' )
PREHOOK: type: ALTERTABLE_UPDATETABLESTATS
PREHOOK: Input: default@table_a
PREHOOK: Output: default@table_a
POSTHOOK: query: ALTER TABLE table_a UPDATE STATISTICS FOR COLUMN product_id SET('lowValue'='1000000','highValue'='100000000','numNulls'='0','numDVs'='300000' )
POSTHOOK: type: ALTERTABLE_UPDATETABLESTATS
POSTHOOK: Input: default@table_a
POSTHOOK: Output: default@table_a
PREHOOK: query: ALTER TABLE table_a UPDATE STATISTICS FOR COLUMN start_date SET('lowValue'='10000','highValue'='20000','numNulls'='0','numDVs'='2500' )
PREHOOK: type: ALTERTABLE_UPDATETABLESTATS
PREHOOK: Input: default@table_a
PREHOOK: Output: default@table_a
POSTHOOK: query: ALTER TABLE table_a UPDATE STATISTICS FOR COLUMN start_date SET('lowValue'='10000','highValue'='20000','numNulls'='0','numDVs'='2500' )
POSTHOOK: type: ALTERTABLE_UPDATETABLESTATS
POSTHOOK: Input: default@table_a
POSTHOOK: Output: default@table_a
PREHOOK: query: CREATE TABLE table_b (start_date date, product_id int, product_sk string)
PREHOOK: type: CREATETABLE
PREHOOK: Output: database:default
PREHOOK: Output: default@table_b
POSTHOOK: query: CREATE TABLE table_b (start_date date, product_id int, product_sk string)
POSTHOOK: type: CREATETABLE
POSTHOOK: Output: database:default
POSTHOOK: Output: default@table_b
PREHOOK: query: ALTER TABLE table_b UPDATE STATISTICS SET('numRows'='100000000','rawDataSize'='0' )
PREHOOK: type: ALTERTABLE_UPDATETABLESTATS
PREHOOK: Input: default@table_b
PREHOOK: Output: default@table_b
POSTHOOK: query: ALTER TABLE table_b UPDATE STATISTICS SET('numRows'='100000000','rawDataSize'='0' )
POSTHOOK: type: ALTERTABLE_UPDATETABLESTATS
POSTHOOK: Input: default@table_b
POSTHOOK: Output: default@table_b
PREHOOK: query: ALTER TABLE table_b UPDATE STATISTICS FOR COLUMN product_id SET('lowValue'='1000000','highValue'='100000000','numNulls'='0','numDVs'='300000' )
PREHOOK: type: ALTERTABLE_UPDATETABLESTATS
PREHOOK: Input: default@table_b
PREHOOK: Output: default@table_b
POSTHOOK: query: ALTER TABLE table_b UPDATE STATISTICS FOR COLUMN product_id SET('lowValue'='1000000','highValue'='100000000','numNulls'='0','numDVs'='300000' )
POSTHOOK: type: ALTERTABLE_UPDATETABLESTATS
POSTHOOK: Input: default@table_b
POSTHOOK: Output: default@table_b
PREHOOK: query: ALTER TABLE table_b UPDATE STATISTICS FOR COLUMN start_date SET('lowValue'='10000','highValue'='20000','numNulls'='0','numDVs'='500' )
PREHOOK: type: ALTERTABLE_UPDATETABLESTATS
PREHOOK: Input: default@table_b
PREHOOK: Output: default@table_b
POSTHOOK: query: ALTER TABLE table_b UPDATE STATISTICS FOR COLUMN start_date SET('lowValue'='10000','highValue'='20000','numNulls'='0','numDVs'='500' )
POSTHOOK: type: ALTERTABLE_UPDATETABLESTATS
POSTHOOK: Input: default@table_b
POSTHOOK: Output: default@table_b
PREHOOK: query: ALTER TABLE table_b UPDATE STATISTICS FOR COLUMN product_sk SET ('numDVs'='300000','numNulls'='0','avgColLen'='10','maxColLen'='10')
PREHOOK: type: ALTERTABLE_UPDATETABLESTATS
PREHOOK: Input: default@table_b
PREHOOK: Output: default@table_b
POSTHOOK: query: ALTER TABLE table_b UPDATE STATISTICS FOR COLUMN product_sk SET ('numDVs'='300000','numNulls'='0','avgColLen'='10','maxColLen'='10')
POSTHOOK: type: ALTERTABLE_UPDATETABLESTATS
POSTHOOK: Input: default@table_b
POSTHOOK: Output: default@table_b
Warning: Map Join MAPJOIN[31][bigTable=?] in task 'Map 1' is a cross product
PREHOOK: query: EXPLAIN
SELECT TC.CONST_DATE, TB.PRODUCT_SK
FROM TABLE_A TA
INNER JOIN (SELECT TO_DATE(FROM_UNIXTIME(1701088643)) AS CONST_DATE) TC
    ON TA.START_DATE = TC.CONST_DATE
INNER JOIN TABLE_B TB
    ON TB.START_DATE = TC.CONST_DATE AND TA.PRODUCT_ID = TB.PRODUCT_ID
PREHOOK: type: QUERY
PREHOOK: Input: _dummy_database@_dummy_table
PREHOOK: Input: default@table_a
PREHOOK: Input: default@table_b
#### A masked pattern was here ####
POSTHOOK: query: EXPLAIN
SELECT TC.CONST_DATE, TB.PRODUCT_SK
FROM TABLE_A TA
INNER JOIN (SELECT TO_DATE(FROM_UNIXTIME(1701088643)) AS CONST_DATE) TC
    ON TA.START_DATE = TC.CONST_DATE
INNER JOIN TABLE_B TB
    ON TB.START_DATE = TC.CONST_DATE AND TA.PRODUCT_ID = TB.PRODUCT_ID
POSTHOOK: type: QUERY
POSTHOOK: Input: _dummy_database@_dummy_table
POSTHOOK: Input: default@table_a
POSTHOOK: Input: default@table_b
#### A masked pattern was here ####
STAGE DEPENDENCIES:
  Stage-1 is a root stage
  Stage-0 depends on stages: Stage-1

STAGE PLANS:
  Stage: Stage-1
    Tez
#### A masked pattern was here ####
      Edges:
        Map 1 <- Map 2 (BROADCAST_EDGE)
        Reducer 4 <- Map 1 (CUSTOM_SIMPLE_EDGE), Map 3 (CUSTOM_SIMPLE_EDGE)
#### A masked pattern was here ####
      Vertices:
        Map 1 
            Map Operator Tree:
                TableScan
                  alias: tb
                  filterExpr: ((start_date = DATE'2023-11-27') and product_id is not null) (type: boolean)
                  Statistics: Num rows: 100000000 Data size: 15400000000 Basic stats: COMPLETE Column stats: COMPLETE
                  Filter Operator
                    predicate: ((start_date = DATE'2023-11-27') and product_id is not null) (type: boolean)
                    Statistics: Num rows: 50000000 Data size: 7700000000 Basic stats: COMPLETE Column stats: COMPLETE
                    Select Operator
                      expressions: product_id (type: int), product_sk (type: string)
                      outputColumnNames: _col0, _col1
                      Statistics: Num rows: 50000000 Data size: 4900000000 Basic stats: COMPLETE Column stats: COMPLETE
                      Map Join Operator
                        condition map:
                             Inner Join 0 to 1
                        keys:
                          0 
                          1 
                        outputColumnNames: _col0, _col1
                        input vertices:
                          1 Map 2
                        Statistics: Num rows: 50000000 Data size: 4900000000 Basic stats: COMPLETE Column stats: COMPLETE
                        Reduce Output Operator
                          key expressions: _col0 (type: int)
                          null sort order: z
                          sort order: +
                          Map-reduce partition columns: _col0 (type: int)
                          Statistics: Num rows: 50000000 Data size: 4900000000 Basic stats: COMPLETE Column stats: COMPLETE
                          value expressions: _col1 (type: string)
            Execution mode: vectorized, llap
            LLAP IO: all inputs
        Map 2 
            Map Operator Tree:
                TableScan
                  alias: _dummy_table
                  Row Limit Per Split: 1
                  Statistics: Num rows: 1 Data size: 10 Basic stats: COMPLETE Column stats: COMPLETE
                  Select Operator
                    Statistics: Num rows: 1 Data size: 8 Basic stats: COMPLETE Column stats: COMPLETE
                    Reduce Output Operator
                      null sort order: 
                      sort order: 
                      Statistics: Num rows: 1 Data size: 8 Basic stats: COMPLETE Column stats: COMPLETE
            Execution mode: llap
            LLAP IO: no inputs
        Map 3 
            Map Operator Tree:
                TableScan
                  alias: ta
                  filterExpr: ((start_date = DATE'2023-11-27') and product_id is not null) (type: boolean)
                  Statistics: Num rows: 200000000 Data size: 12000000000 Basic stats: COMPLETE Column stats: COMPLETE
                  Filter Operator
                    predicate: ((start_date = DATE'2023-11-27') and product_id is not null) (type: boolean)
                    Statistics: Num rows: 100000000 Data size: 6000000000 Basic stats: COMPLETE Column stats: COMPLETE
                    Select Operator
                      expressions: product_id (type: int)
                      outputColumnNames: _col0
                      Statistics: Num rows: 100000000 Data size: 400000000 Basic stats: COMPLETE Column stats: COMPLETE
                      Reduce Output Operator
                        key expressions: _col0 (type: int)
                        null sort order: z
                        sort order: +
                        Map-reduce partition columns: _col0 (type: int)
                        Statistics: Num rows: 100000000 Data size: 400000000 Basic stats: COMPLETE Column stats: COMPLETE
            Execution mode: vectorized, llap
            LLAP IO: all inputs
        Reducer 4 
            Execution mode: vectorized, llap
            Reduce Operator Tree:
              Map Join Operator
                condition map:
                     Inner Join 0 to 1
                keys:
                  0 KEY.reducesinkkey0 (type: int)
                  1 KEY.reducesinkkey0 (type: int)
                outputColumnNames: _col1
                input vertices:
                  0 Map 1
                Statistics: Num rows: 16666666666 Data size: 1566666666604 Basic stats: COMPLETE Column stats: COMPLETE
                DynamicPartitionHashJoin: true
                Select Operator
                  expressions: DATE'2023-11-27' (type: date), _col1 (type: string)
                  outputColumnNames: _col0, _col1
                  Statistics: Num rows: 16666666666 Data size: 2499999999900 Basic stats: COMPLETE Column stats: COMPLETE
                  File Output Operator
                    compressed: false
                    Statistics: Num rows: 16666666666 Data size: 2499999999900 Basic stats: COMPLETE Column stats: COMPLETE
                    table:
                        input format: org.apache.hadoop.mapred.SequenceFileInputFormat
                        output format: org.apache.hadoop.hive.ql.io.HiveSequenceFileOutputFormat
                        serde: org.apache.hadoop.hive.serde2.lazy.LazySimpleSerDe

  Stage: Stage-0
    Fetch Operator
      limit: -1
      Processor Tree:
        ListSink

