PREHOOK: query: CREATE TABLE t_test_grouping_sets(
  a int,
  b int,
  c int
)
PREHOOK: type: CREATETABLE
PREHOOK: Output: database:default
PREHOOK: Output: default@t_test_grouping_sets
POSTHOOK: query: CREATE TABLE t_test_grouping_sets(
  a int,
  b int,
  c int
)
POSTHOOK: type: CREATETABLE
POSTHOOK: Output: database:default
POSTHOOK: Output: default@t_test_grouping_sets
PREHOOK: query: INSERT INTO t_test_grouping_sets VALUES
(NULL, NULL, NULL),
(5, 2, 3),
(10, 11, 12),
(NULL, NULL, NULL),
(NULL, NULL, NULL),
(6, 2, 1),
(7, 8, 4), (7, 8, 4), (7, 8, 4),
(5, 1, 2), (5, 1, 2), (5, 1, 2),
(NULL, NULL, NULL)
PREHOOK: type: QUERY
PREHOOK: Input: _dummy_database@_dummy_table
PREHOOK: Output: default@t_test_grouping_sets
POSTHOOK: query: INSERT INTO t_test_grouping_sets VALUES
(NULL, NULL, NULL),
(5, 2, 3),
(10, 11, 12),
(NULL, NULL, NULL),
(NULL, NULL, NULL),
(6, 2, 1),
(7, 8, 4), (7, 8, 4), (7, 8, 4),
(5, 1, 2), (5, 1, 2), (5, 1, 2),
(NULL, NULL, NULL)
POSTHOOK: type: QUERY
POSTHOOK: Input: _dummy_database@_dummy_table
POSTHOOK: Output: default@t_test_grouping_sets
POSTHOOK: Lineage: t_test_grouping_sets.a SCRIPT []
POSTHOOK: Lineage: t_test_grouping_sets.b SCRIPT []
POSTHOOK: Lineage: t_test_grouping_sets.c SCRIPT []
PREHOOK: query: EXPLAIN
SELECT a, b, sum(c) FROM t_test_grouping_sets GROUP BY a,b GROUPING SETS ((a,b), (a), (b), ()) ORDER BY b LIMIT 7
PREHOOK: type: QUERY
PREHOOK: Input: default@t_test_grouping_sets
#### A masked pattern was here ####
POSTHOOK: query: EXPLAIN
SELECT a, b, sum(c) FROM t_test_grouping_sets GROUP BY a,b GROUPING SETS ((a,b), (a), (b), ()) ORDER BY b LIMIT 7
POSTHOOK: type: QUERY
POSTHOOK: Input: default@t_test_grouping_sets
#### A masked pattern was here ####
STAGE DEPENDENCIES:
  Stage-1 is a root stage
  Stage-0 depends on stages: Stage-1

STAGE PLANS:
  Stage: Stage-1
    Tez
#### A masked pattern was here ####
      Edges:
        Reducer 2 <- Map 1 (SIMPLE_EDGE)
        Reducer 3 <- Reducer 2 (SIMPLE_EDGE)
#### A masked pattern was here ####
      Vertices:
        Map 1 
            Map Operator Tree:
                TableScan
                  alias: t_test_grouping_sets
                  Statistics: Num rows: 13 Data size: 120 Basic stats: COMPLETE Column stats: COMPLETE
                  Select Operator
                    expressions: a (type: int), b (type: int), c (type: int)
                    outputColumnNames: a, b, c
                    Statistics: Num rows: 13 Data size: 120 Basic stats: COMPLETE Column stats: COMPLETE
                    Group By Operator
                      aggregations: sum(c)
                      keys: a (type: int), b (type: int), 0L (type: bigint)
                      minReductionHashAggr: 0.15384614
                      mode: hash
                      outputColumnNames: _col0, _col1, _col2, _col3
                      Statistics: Num rows: 26 Data size: 568 Basic stats: COMPLETE Column stats: COMPLETE
                      Reduce Output Operator
                        key expressions: _col0 (type: int), _col1 (type: int), _col2 (type: bigint)
                        null sort order: aaa
                        sort order: +++
                        Map-reduce partition columns: _col0 (type: int), _col1 (type: int), _col2 (type: bigint)
                        Statistics: Num rows: 26 Data size: 568 Basic stats: COMPLETE Column stats: COMPLETE
                        value expressions: _col3 (type: bigint)
            Execution mode: llap
            LLAP IO: no inputs
        Reducer 2 
            Execution mode: llap
            Reduce Operator Tree:
              Group By Operator
                aggregations: sum(VALUE._col0)
                keys: KEY._col0 (type: int), KEY._col1 (type: int), KEY._col2 (type: bigint)
                mode: mergepartial
                outputColumnNames: _col0, _col1, _col3
                Statistics: Num rows: 26 Data size: 568 Basic stats: COMPLETE Column stats: COMPLETE
                pruneGroupingSetId: true
                Top N Key Operator
                  sort order: +
                  keys: _col1 (type: int)
                  null sort order: z
                  Statistics: Num rows: 26 Data size: 568 Basic stats: COMPLETE Column stats: COMPLETE
                  top n: 7
                  Select Operator
                    expressions: _col0 (type: int), _col1 (type: int), _col3 (type: bigint)
                    outputColumnNames: _col0, _col1, _col2
                    Statistics: Num rows: 26 Data size: 296 Basic stats: COMPLETE Column stats: COMPLETE
                    Reduce Output Operator
                      key expressions: _col1 (type: int)
                      null sort order: z
                      sort order: +
                      Statistics: Num rows: 26 Data size: 296 Basic stats: COMPLETE Column stats: COMPLETE
                      TopN Hash Memory Usage: 0.1
                      value expressions: _col0 (type: int), _col2 (type: bigint)
        Reducer 3 
            Execution mode: llap
            Reduce Operator Tree:
              Select Operator
                expressions: VALUE._col0 (type: int), KEY.reducesinkkey0 (type: int), VALUE._col1 (type: bigint)
                outputColumnNames: _col0, _col1, _col2
                Statistics: Num rows: 26 Data size: 296 Basic stats: COMPLETE Column stats: COMPLETE
                Limit
                  Number of rows: 7
                  Statistics: Num rows: 7 Data size: 88 Basic stats: COMPLETE Column stats: COMPLETE
                  File Output Operator
                    compressed: false
                    Statistics: Num rows: 7 Data size: 88 Basic stats: COMPLETE Column stats: COMPLETE
                    table:
                        input format: org.apache.hadoop.mapred.SequenceFileInputFormat
                        output format: org.apache.hadoop.hive.ql.io.HiveSequenceFileOutputFormat
                        serde: org.apache.hadoop.hive.serde2.lazy.LazySimpleSerDe

  Stage: Stage-0
    Fetch Operator
      limit: 7
      Processor Tree:
        ListSink

PREHOOK: query: SELECT a, b, sum(c) FROM t_test_grouping_sets GROUP BY a,b GROUPING SETS ((a,b), (a), (b), ()) ORDER BY b LIMIT 7
PREHOOK: type: QUERY
PREHOOK: Input: default@t_test_grouping_sets
#### A masked pattern was here ####
POSTHOOK: query: SELECT a, b, sum(c) FROM t_test_grouping_sets GROUP BY a,b GROUPING SETS ((a,b), (a), (b), ()) ORDER BY b LIMIT 7
POSTHOOK: type: QUERY
POSTHOOK: Input: default@t_test_grouping_sets
#### A masked pattern was here ####
NULL	1	6
5	1	6
5	2	3
NULL	2	4
6	2	1
7	8	12
NULL	8	12
PREHOOK: query: SELECT a, b, sum(c) FROM t_test_grouping_sets GROUP BY a,b GROUPING SETS ((a,b), (a), (b), ()) ORDER BY b LIMIT 7
PREHOOK: type: QUERY
PREHOOK: Input: default@t_test_grouping_sets
#### A masked pattern was here ####
POSTHOOK: query: SELECT a, b, sum(c) FROM t_test_grouping_sets GROUP BY a,b GROUPING SETS ((a,b), (a), (b), ()) ORDER BY b LIMIT 7
POSTHOOK: type: QUERY
POSTHOOK: Input: default@t_test_grouping_sets
#### A masked pattern was here ####
NULL	1	6
5	1	6
5	2	3
NULL	2	4
6	2	1
7	8	12
NULL	8	12
PREHOOK: query: EXPLAIN
SELECT a, b, min(c) FROM t_test_grouping_sets GROUP BY a,b GROUPING SETS ((b,a), (a), (b), ()) ORDER BY b LIMIT 7
PREHOOK: type: QUERY
PREHOOK: Input: default@t_test_grouping_sets
#### A masked pattern was here ####
POSTHOOK: query: EXPLAIN
SELECT a, b, min(c) FROM t_test_grouping_sets GROUP BY a,b GROUPING SETS ((b,a), (a), (b), ()) ORDER BY b LIMIT 7
POSTHOOK: type: QUERY
POSTHOOK: Input: default@t_test_grouping_sets
#### A masked pattern was here ####
STAGE DEPENDENCIES:
  Stage-1 is a root stage
  Stage-0 depends on stages: Stage-1

STAGE PLANS:
  Stage: Stage-1
    Tez
#### A masked pattern was here ####
      Edges:
        Reducer 2 <- Map 1 (SIMPLE_EDGE)
        Reducer 3 <- Reducer 2 (SIMPLE_EDGE)
#### A masked pattern was here ####
      Vertices:
        Map 1 
            Map Operator Tree:
                TableScan
                  alias: t_test_grouping_sets
                  Statistics: Num rows: 13 Data size: 120 Basic stats: COMPLETE Column stats: COMPLETE
                  Select Operator
                    expressions: a (type: int), b (type: int), c (type: int)
                    outputColumnNames: a, b, c
                    Statistics: Num rows: 13 Data size: 120 Basic stats: COMPLETE Column stats: COMPLETE
                    Group By Operator
                      aggregations: min(c)
                      keys: a (type: int), b (type: int), 0L (type: bigint)
                      minReductionHashAggr: 0.15384614
                      mode: hash
                      outputColumnNames: _col0, _col1, _col2, _col3
                      Statistics: Num rows: 26 Data size: 464 Basic stats: COMPLETE Column stats: COMPLETE
                      Reduce Output Operator
                        key expressions: _col0 (type: int), _col1 (type: int), _col2 (type: bigint)
                        null sort order: aaa
                        sort order: +++
                        Map-reduce partition columns: _col0 (type: int), _col1 (type: int), _col2 (type: bigint)
                        Statistics: Num rows: 26 Data size: 464 Basic stats: COMPLETE Column stats: COMPLETE
                        value expressions: _col3 (type: int)
            Execution mode: llap
            LLAP IO: no inputs
        Reducer 2 
            Execution mode: llap
            Reduce Operator Tree:
              Group By Operator
                aggregations: min(VALUE._col0)
                keys: KEY._col0 (type: int), KEY._col1 (type: int), KEY._col2 (type: bigint)
                mode: mergepartial
                outputColumnNames: _col0, _col1, _col3
                Statistics: Num rows: 26 Data size: 464 Basic stats: COMPLETE Column stats: COMPLETE
                pruneGroupingSetId: true
                Top N Key Operator
                  sort order: +
                  keys: _col1 (type: int)
                  null sort order: z
                  Statistics: Num rows: 26 Data size: 464 Basic stats: COMPLETE Column stats: COMPLETE
                  top n: 7
                  Select Operator
                    expressions: _col0 (type: int), _col1 (type: int), _col3 (type: int)
                    outputColumnNames: _col0, _col1, _col2
                    Statistics: Num rows: 26 Data size: 192 Basic stats: COMPLETE Column stats: COMPLETE
                    Reduce Output Operator
                      key expressions: _col1 (type: int)
                      null sort order: z
                      sort order: +
                      Statistics: Num rows: 26 Data size: 192 Basic stats: COMPLETE Column stats: COMPLETE
                      TopN Hash Memory Usage: 0.1
                      value expressions: _col0 (type: int), _col2 (type: int)
        Reducer 3 
            Execution mode: llap
            Reduce Operator Tree:
              Select Operator
                expressions: VALUE._col0 (type: int), KEY.reducesinkkey0 (type: int), VALUE._col1 (type: int)
                outputColumnNames: _col0, _col1, _col2
                Statistics: Num rows: 26 Data size: 192 Basic stats: COMPLETE Column stats: COMPLETE
                Limit
                  Number of rows: 7
                  Statistics: Num rows: 7 Data size: 60 Basic stats: COMPLETE Column stats: COMPLETE
                  File Output Operator
                    compressed: false
                    Statistics: Num rows: 7 Data size: 60 Basic stats: COMPLETE Column stats: COMPLETE
                    table:
                        input format: org.apache.hadoop.mapred.SequenceFileInputFormat
                        output format: org.apache.hadoop.hive.ql.io.HiveSequenceFileOutputFormat
                        serde: org.apache.hadoop.hive.serde2.lazy.LazySimpleSerDe

  Stage: Stage-0
    Fetch Operator
      limit: 7
      Processor Tree:
        ListSink

PREHOOK: query: SELECT a, b, min(c) FROM t_test_grouping_sets GROUP BY a,b GROUPING SETS ((b,a), (a), (b), ()) ORDER BY b LIMIT 7
PREHOOK: type: QUERY
PREHOOK: Input: default@t_test_grouping_sets
#### A masked pattern was here ####
POSTHOOK: query: SELECT a, b, min(c) FROM t_test_grouping_sets GROUP BY a,b GROUPING SETS ((b,a), (a), (b), ()) ORDER BY b LIMIT 7
POSTHOOK: type: QUERY
POSTHOOK: Input: default@t_test_grouping_sets
#### A masked pattern was here ####
NULL	1	2
5	1	2
5	2	3
NULL	2	1
6	2	1
7	8	4
NULL	8	4
PREHOOK: query: SELECT a, b, min(c) FROM t_test_grouping_sets GROUP BY a,b GROUPING SETS ((b,a), (a), (b), ()) ORDER BY b LIMIT 7
PREHOOK: type: QUERY
PREHOOK: Input: default@t_test_grouping_sets
#### A masked pattern was here ####
POSTHOOK: query: SELECT a, b, min(c) FROM t_test_grouping_sets GROUP BY a,b GROUPING SETS ((b,a), (a), (b), ()) ORDER BY b LIMIT 7
POSTHOOK: type: QUERY
POSTHOOK: Input: default@t_test_grouping_sets
#### A masked pattern was here ####
NULL	1	2
5	1	2
5	2	3
NULL	2	1
6	2	1
7	8	4
NULL	8	4
PREHOOK: query: EXPLAIN
SELECT a, b, max(c) FROM t_test_grouping_sets GROUP BY a,b GROUPING SETS ((a,b), (a), (b), ()) ORDER BY b LIMIT 7
PREHOOK: type: QUERY
PREHOOK: Input: default@t_test_grouping_sets
#### A masked pattern was here ####
POSTHOOK: query: EXPLAIN
SELECT a, b, max(c) FROM t_test_grouping_sets GROUP BY a,b GROUPING SETS ((a,b), (a), (b), ()) ORDER BY b LIMIT 7
POSTHOOK: type: QUERY
POSTHOOK: Input: default@t_test_grouping_sets
#### A masked pattern was here ####
STAGE DEPENDENCIES:
  Stage-1 is a root stage
  Stage-0 depends on stages: Stage-1

STAGE PLANS:
  Stage: Stage-1
    Tez
#### A masked pattern was here ####
      Edges:
        Reducer 2 <- Map 1 (SIMPLE_EDGE)
        Reducer 3 <- Reducer 2 (SIMPLE_EDGE)
#### A masked pattern was here ####
      Vertices:
        Map 1 
            Map Operator Tree:
                TableScan
                  alias: t_test_grouping_sets
                  Statistics: Num rows: 13 Data size: 120 Basic stats: COMPLETE Column stats: COMPLETE
                  Select Operator
                    expressions: a (type: int), b (type: int), c (type: int)
                    outputColumnNames: a, b, c
                    Statistics: Num rows: 13 Data size: 120 Basic stats: COMPLETE Column stats: COMPLETE
                    Group By Operator
                      aggregations: max(c)
                      keys: a (type: int), b (type: int), 0L (type: bigint)
                      minReductionHashAggr: 0.15384614
                      mode: hash
                      outputColumnNames: _col0, _col1, _col2, _col3
                      Statistics: Num rows: 26 Data size: 464 Basic stats: COMPLETE Column stats: COMPLETE
                      Reduce Output Operator
                        key expressions: _col0 (type: int), _col1 (type: int), _col2 (type: bigint)
                        null sort order: aaa
                        sort order: +++
                        Map-reduce partition columns: _col0 (type: int), _col1 (type: int), _col2 (type: bigint)
                        Statistics: Num rows: 26 Data size: 464 Basic stats: COMPLETE Column stats: COMPLETE
                        value expressions: _col3 (type: int)
            Execution mode: llap
            LLAP IO: no inputs
        Reducer 2 
            Execution mode: llap
            Reduce Operator Tree:
              Group By Operator
                aggregations: max(VALUE._col0)
                keys: KEY._col0 (type: int), KEY._col1 (type: int), KEY._col2 (type: bigint)
                mode: mergepartial
                outputColumnNames: _col0, _col1, _col3
                Statistics: Num rows: 26 Data size: 464 Basic stats: COMPLETE Column stats: COMPLETE
                pruneGroupingSetId: true
                Top N Key Operator
                  sort order: +
                  keys: _col1 (type: int)
                  null sort order: z
                  Statistics: Num rows: 26 Data size: 464 Basic stats: COMPLETE Column stats: COMPLETE
                  top n: 7
                  Select Operator
                    expressions: _col0 (type: int), _col1 (type: int), _col3 (type: int)
                    outputColumnNames: _col0, _col1, _col2
                    Statistics: Num rows: 26 Data size: 192 Basic stats: COMPLETE Column stats: COMPLETE
                    Reduce Output Operator
                      key expressions: _col1 (type: int)
                      null sort order: z
                      sort order: +
                      Statistics: Num rows: 26 Data size: 192 Basic stats: COMPLETE Column stats: COMPLETE
                      TopN Hash Memory Usage: 0.1
                      value expressions: _col0 (type: int), _col2 (type: int)
        Reducer 3 
            Execution mode: llap
            Reduce Operator Tree:
              Select Operator
                expressions: VALUE._col0 (type: int), KEY.reducesinkkey0 (type: int), VALUE._col1 (type: int)
                outputColumnNames: _col0, _col1, _col2
                Statistics: Num rows: 26 Data size: 192 Basic stats: COMPLETE Column stats: COMPLETE
                Limit
                  Number of rows: 7
                  Statistics: Num rows: 7 Data size: 60 Basic stats: COMPLETE Column stats: COMPLETE
                  File Output Operator
                    compressed: false
                    Statistics: Num rows: 7 Data size: 60 Basic stats: COMPLETE Column stats: COMPLETE
                    table:
                        input format: org.apache.hadoop.mapred.SequenceFileInputFormat
                        output format: org.apache.hadoop.hive.ql.io.HiveSequenceFileOutputFormat
                        serde: org.apache.hadoop.hive.serde2.lazy.LazySimpleSerDe

  Stage: Stage-0
    Fetch Operator
      limit: 7
      Processor Tree:
        ListSink

PREHOOK: query: SELECT a, b, max(c) FROM t_test_grouping_sets GROUP BY a,b GROUPING SETS ((a,b), (a), (b), ()) ORDER BY b LIMIT 7
PREHOOK: type: QUERY
PREHOOK: Input: default@t_test_grouping_sets
#### A masked pattern was here ####
POSTHOOK: query: SELECT a, b, max(c) FROM t_test_grouping_sets GROUP BY a,b GROUPING SETS ((a,b), (a), (b), ()) ORDER BY b LIMIT 7
POSTHOOK: type: QUERY
POSTHOOK: Input: default@t_test_grouping_sets
#### A masked pattern was here ####
NULL	1	2
5	1	2
5	2	3
NULL	2	3
6	2	1
NULL	8	4
7	8	4
PREHOOK: query: SELECT a, b, max(c) FROM t_test_grouping_sets GROUP BY a,b GROUPING SETS ((a,b), (a), (b), ()) ORDER BY b LIMIT 7
PREHOOK: type: QUERY
PREHOOK: Input: default@t_test_grouping_sets
#### A masked pattern was here ####
POSTHOOK: query: SELECT a, b, max(c) FROM t_test_grouping_sets GROUP BY a,b GROUPING SETS ((a,b), (a), (b), ()) ORDER BY b LIMIT 7
POSTHOOK: type: QUERY
POSTHOOK: Input: default@t_test_grouping_sets
#### A masked pattern was here ####
NULL	1	2
5	1	2
5	2	3
NULL	2	3
6	2	1
7	8	4
NULL	8	4
PREHOOK: query: DROP TABLE IF EXISTS t_test_grouping_sets
PREHOOK: type: DROPTABLE
PREHOOK: Input: default@t_test_grouping_sets
PREHOOK: Output: default@t_test_grouping_sets
POSTHOOK: query: DROP TABLE IF EXISTS t_test_grouping_sets
POSTHOOK: type: DROPTABLE
POSTHOOK: Input: default@t_test_grouping_sets
POSTHOOK: Output: default@t_test_grouping_sets
