PREHOOK: query: use tpch_0_001
PREHOOK: type: SWITCHDATABASE
PREHOOK: Input: database:tpch_0_001
POSTHOOK: query: use tpch_0_001
POSTHOOK: type: SWITCHDATABASE
POSTHOOK: Input: database:tpch_0_001
PREHOOK: query: alter table orders add constraint pk_o primary key (o_orderkey) disable novalidate rely
PREHOOK: type: ALTERTABLE_ADDCONSTRAINT
POSTHOOK: query: alter table orders add constraint pk_o primary key (o_orderkey) disable novalidate rely
POSTHOOK: type: ALTERTABLE_ADDCONSTRAINT
PREHOOK: query: alter table customer add constraint pk_c primary key (c_custkey) disable novalidate rely
PREHOOK: type: ALTERTABLE_ADDCONSTRAINT
POSTHOOK: query: alter table customer add constraint pk_c primary key (c_custkey) disable novalidate rely
POSTHOOK: type: ALTERTABLE_ADDCONSTRAINT
PREHOOK: query: alter table lineitem add constraint li_o foreign key  (l_orderkey) references orders (o_orderkey) disable novalidate rely
PREHOOK: type: ALTERTABLE_ADDCONSTRAINT
POSTHOOK: query: alter table lineitem add constraint li_o foreign key  (l_orderkey) references orders (o_orderkey) disable novalidate rely
POSTHOOK: type: ALTERTABLE_ADDCONSTRAINT
PREHOOK: query: alter table orders   add constraint or_c foreign key  (o_custkey) references customer (c_custkey) disable novalidate rely
PREHOOK: type: ALTERTABLE_ADDCONSTRAINT
POSTHOOK: query: alter table orders   add constraint or_c foreign key  (o_custkey) references customer (c_custkey) disable novalidate rely
POSTHOOK: type: ALTERTABLE_ADDCONSTRAINT
PREHOOK: query: create view q18_tmp_cached as
select
	l_orderkey,
	sum(l_quantity) as t_sum_quantity
from
	lineitem
where
	l_orderkey is not null
group by
	l_orderkey
PREHOOK: type: CREATEVIEW
PREHOOK: Input: tpch_0_001@lineitem
PREHOOK: Output: database:tpch_0_001
PREHOOK: Output: tpch_0_001@q18_tmp_cached
POSTHOOK: query: create view q18_tmp_cached as
select
	l_orderkey,
	sum(l_quantity) as t_sum_quantity
from
	lineitem
where
	l_orderkey is not null
group by
	l_orderkey
POSTHOOK: type: CREATEVIEW
POSTHOOK: Input: tpch_0_001@lineitem
POSTHOOK: Output: database:tpch_0_001
POSTHOOK: Output: tpch_0_001@q18_tmp_cached
POSTHOOK: Lineage: q18_tmp_cached.l_orderkey SIMPLE [(lineitem)lineitem.FieldSchema(name:l_orderkey, type:int, comment:null), ]
POSTHOOK: Lineage: q18_tmp_cached.t_sum_quantity EXPRESSION [(lineitem)lineitem.FieldSchema(name:l_quantity, type:double, comment:null), ]
PREHOOK: query: explain cbo select
c_name,
c_custkey,
o_orderkey,
o_orderdate,
o_totalprice,
sum(l_quantity)
from
	customer,
	orders,
	q18_tmp_cached t,
	lineitem l
where
c_custkey = o_custkey
and o_orderkey = t.l_orderkey
and o_orderkey is not null
and t.t_sum_quantity > 300
and o_orderkey = l.l_orderkey
and l.l_orderkey is not null
group by
c_name,
c_custkey,
o_orderkey,
o_orderdate,
o_totalprice
order by
o_totalprice desc,
o_orderdate
limit 100
PREHOOK: type: QUERY
PREHOOK: Input: tpch_0_001@customer
PREHOOK: Input: tpch_0_001@lineitem
PREHOOK: Input: tpch_0_001@orders
PREHOOK: Input: tpch_0_001@q18_tmp_cached
#### A masked pattern was here ####
POSTHOOK: query: explain cbo select
c_name,
c_custkey,
o_orderkey,
o_orderdate,
o_totalprice,
sum(l_quantity)
from
	customer,
	orders,
	q18_tmp_cached t,
	lineitem l
where
c_custkey = o_custkey
and o_orderkey = t.l_orderkey
and o_orderkey is not null
and t.t_sum_quantity > 300
and o_orderkey = l.l_orderkey
and l.l_orderkey is not null
group by
c_name,
c_custkey,
o_orderkey,
o_orderdate,
o_totalprice
order by
o_totalprice desc,
o_orderdate
limit 100
POSTHOOK: type: QUERY
POSTHOOK: Input: tpch_0_001@customer
POSTHOOK: Input: tpch_0_001@lineitem
POSTHOOK: Input: tpch_0_001@orders
POSTHOOK: Input: tpch_0_001@q18_tmp_cached
#### A masked pattern was here ####
CBO PLAN:
HiveSortLimit(sort0=[$4], sort1=[$3], dir0=[DESC], dir1=[ASC], fetch=[100])
  HiveProject(c_name=[$4], c_custkey=[$3], o_orderkey=[$0], o_orderdate=[$2], o_totalprice=[$1], $f5=[$5])
    HiveAggregate(group=[{2, 4, 5, 6, 7}], agg#0=[sum($1)])
      HiveJoin(condition=[=($2, $0)], joinType=[inner], algorithm=[none], cost=[{6766.5 rows, 0.0 cpu, 0.0 io}])
        HiveProject(l_orderkey=[$0], l_quantity=[$4])
          HiveFilter(condition=[IS NOT NULL($0)])
            HiveTableScan(table=[[tpch_0_001, lineitem]], table:alias=[l])
        HiveJoin(condition=[=($0, $6)], joinType=[inner], algorithm=[none], cost=[{1.0000000000009115E15 rows, 0.0 cpu, 0.0 io}])
          HiveJoin(condition=[=($4, $1)], joinType=[inner], algorithm=[none], cost=[{1650.0 rows, 0.0 cpu, 0.0 io}])
            HiveProject(o_orderkey=[$0], o_custkey=[$1], o_totalprice=[$3], o_orderdate=[$4])
              HiveTableScan(table=[[tpch_0_001, orders]], table:alias=[orders])
            HiveProject(c_custkey=[$0], c_name=[$1])
              HiveTableScan(table=[[tpch_0_001, customer]], table:alias=[customer])
          HiveProject($f0=[$0])
            HiveFilter(condition=[>($1, 3E2)])
              HiveAggregate(group=[{0}], agg#0=[sum($4)])
                HiveFilter(condition=[IS NOT NULL($0)])
                  HiveTableScan(table=[[tpch_0_001, lineitem]], table:alias=[lineitem])

PREHOOK: query: explain select
c_name,
c_custkey,
o_orderkey,
o_orderdate,
o_totalprice,
sum(l_quantity)
from
	customer,
	orders,
	q18_tmp_cached t,
	lineitem l
where
c_custkey = o_custkey
and o_orderkey = t.l_orderkey
and o_orderkey is not null
and t.t_sum_quantity > 300
and o_orderkey = l.l_orderkey
and l.l_orderkey is not null
group by
c_name,
c_custkey,
o_orderkey,
o_orderdate,
o_totalprice
order by
o_totalprice desc,
o_orderdate
limit 100
PREHOOK: type: QUERY
PREHOOK: Input: tpch_0_001@customer
PREHOOK: Input: tpch_0_001@lineitem
PREHOOK: Input: tpch_0_001@orders
PREHOOK: Input: tpch_0_001@q18_tmp_cached
#### A masked pattern was here ####
POSTHOOK: query: explain select
c_name,
c_custkey,
o_orderkey,
o_orderdate,
o_totalprice,
sum(l_quantity)
from
	customer,
	orders,
	q18_tmp_cached t,
	lineitem l
where
c_custkey = o_custkey
and o_orderkey = t.l_orderkey
and o_orderkey is not null
and t.t_sum_quantity > 300
and o_orderkey = l.l_orderkey
and l.l_orderkey is not null
group by
c_name,
c_custkey,
o_orderkey,
o_orderdate,
o_totalprice
order by
o_totalprice desc,
o_orderdate
limit 100
POSTHOOK: type: QUERY
POSTHOOK: Input: tpch_0_001@customer
POSTHOOK: Input: tpch_0_001@lineitem
POSTHOOK: Input: tpch_0_001@orders
POSTHOOK: Input: tpch_0_001@q18_tmp_cached
#### A masked pattern was here ####
STAGE DEPENDENCIES:
  Stage-1 is a root stage
  Stage-0 depends on stages: Stage-1

STAGE PLANS:
  Stage: Stage-1
    Tez
#### A masked pattern was here ####
      Edges:
        Reducer 2 <- Map 1 (SIMPLE_EDGE), Map 7 (SIMPLE_EDGE)
        Reducer 3 <- Reducer 2 (SIMPLE_EDGE), Reducer 9 (SIMPLE_EDGE)
        Reducer 4 <- Map 10 (SIMPLE_EDGE), Reducer 3 (SIMPLE_EDGE)
        Reducer 5 <- Reducer 4 (SIMPLE_EDGE)
        Reducer 6 <- Reducer 5 (SIMPLE_EDGE)
        Reducer 9 <- Map 8 (SIMPLE_EDGE)
#### A masked pattern was here ####
      Vertices:
        Map 1 
            Map Operator Tree:
                TableScan
                  alias: orders
                  Statistics: Num rows: 1500 Data size: 264000 Basic stats: COMPLETE Column stats: COMPLETE
                  Select Operator
                    expressions: o_orderkey (type: int), o_custkey (type: int), o_totalprice (type: decimal(10,0)), o_orderdate (type: date)
                    outputColumnNames: _col0, _col1, _col2, _col3
                    Statistics: Num rows: 1500 Data size: 264000 Basic stats: COMPLETE Column stats: COMPLETE
                    Reduce Output Operator
                      key expressions: _col1 (type: int)
                      null sort order: z
                      sort order: +
                      Map-reduce partition columns: _col1 (type: int)
                      Statistics: Num rows: 1500 Data size: 264000 Basic stats: COMPLETE Column stats: COMPLETE
                      value expressions: _col0 (type: int), _col2 (type: decimal(10,0)), _col3 (type: date)
            Execution mode: vectorized, llap
            LLAP IO: all inputs
        Map 10 
            Map Operator Tree:
                TableScan
                  alias: l
                  filterExpr: l_orderkey is not null (type: boolean)
                  Statistics: Num rows: 6005 Data size: 72060 Basic stats: COMPLETE Column stats: COMPLETE
                  Filter Operator
                    predicate: l_orderkey is not null (type: boolean)
                    Statistics: Num rows: 6005 Data size: 72060 Basic stats: COMPLETE Column stats: COMPLETE
                    Select Operator
                      expressions: l_orderkey (type: int), l_quantity (type: double)
                      outputColumnNames: _col0, _col1
                      Statistics: Num rows: 6005 Data size: 72060 Basic stats: COMPLETE Column stats: COMPLETE
                      Reduce Output Operator
                        key expressions: _col0 (type: int)
                        null sort order: z
                        sort order: +
                        Map-reduce partition columns: _col0 (type: int)
                        Statistics: Num rows: 6005 Data size: 72060 Basic stats: COMPLETE Column stats: COMPLETE
                        value expressions: _col1 (type: double)
            Execution mode: vectorized, llap
            LLAP IO: all inputs
        Map 7 
            Map Operator Tree:
                TableScan
                  alias: customer
                  Statistics: Num rows: 150 Data size: 15900 Basic stats: COMPLETE Column stats: COMPLETE
                  Select Operator
                    expressions: c_custkey (type: int), c_name (type: varchar(25))
                    outputColumnNames: _col0, _col1
                    Statistics: Num rows: 150 Data size: 15900 Basic stats: COMPLETE Column stats: COMPLETE
                    Reduce Output Operator
                      key expressions: _col0 (type: int)
                      null sort order: z
                      sort order: +
                      Map-reduce partition columns: _col0 (type: int)
                      Statistics: Num rows: 150 Data size: 15900 Basic stats: COMPLETE Column stats: COMPLETE
                      value expressions: _col1 (type: varchar(25))
            Execution mode: vectorized, llap
            LLAP IO: all inputs
        Map 8 
            Map Operator Tree:
                TableScan
                  alias: lineitem
                  filterExpr: l_orderkey is not null (type: boolean)
                  properties:
                    insideView TRUE
                  Statistics: Num rows: 6005 Data size: 72060 Basic stats: COMPLETE Column stats: COMPLETE
                  Filter Operator
                    predicate: l_orderkey is not null (type: boolean)
                    Statistics: Num rows: 6005 Data size: 72060 Basic stats: COMPLETE Column stats: COMPLETE
                    Group By Operator
                      aggregations: sum(l_quantity)
                      keys: l_orderkey (type: int)
                      minReductionHashAggr: 0.746378
                      mode: hash
                      outputColumnNames: _col0, _col1
                      Statistics: Num rows: 1523 Data size: 18276 Basic stats: COMPLETE Column stats: COMPLETE
                      Reduce Output Operator
                        key expressions: _col0 (type: int)
                        null sort order: z
                        sort order: +
                        Map-reduce partition columns: _col0 (type: int)
                        Statistics: Num rows: 1523 Data size: 18276 Basic stats: COMPLETE Column stats: COMPLETE
                        value expressions: _col1 (type: double)
            Execution mode: vectorized, llap
            LLAP IO: all inputs
        Reducer 2 
            Execution mode: llap
            Reduce Operator Tree:
              Merge Join Operator
                condition map:
                     Inner Join 0 to 1
                keys:
                  0 _col1 (type: int)
                  1 _col0 (type: int)
                outputColumnNames: _col0, _col2, _col3, _col4, _col5
                Statistics: Num rows: 1500 Data size: 417000 Basic stats: COMPLETE Column stats: COMPLETE
                Reduce Output Operator
                  key expressions: _col0 (type: int)
                  null sort order: z
                  sort order: +
                  Map-reduce partition columns: _col0 (type: int)
                  Statistics: Num rows: 1500 Data size: 417000 Basic stats: COMPLETE Column stats: COMPLETE
                  value expressions: _col2 (type: decimal(10,0)), _col3 (type: date), _col4 (type: int), _col5 (type: varchar(25))
        Reducer 3 
            Execution mode: llap
            Reduce Operator Tree:
              Merge Join Operator
                condition map:
                     Inner Join 0 to 1
                keys:
                  0 _col0 (type: int)
                  1 _col0 (type: int)
                outputColumnNames: _col0, _col2, _col3, _col4, _col5
                Statistics: Num rows: 1523 Data size: 423394 Basic stats: COMPLETE Column stats: COMPLETE
                Reduce Output Operator
                  key expressions: _col0 (type: int)
                  null sort order: z
                  sort order: +
                  Map-reduce partition columns: _col0 (type: int)
                  Statistics: Num rows: 1523 Data size: 423394 Basic stats: COMPLETE Column stats: COMPLETE
                  value expressions: _col2 (type: decimal(10,0)), _col3 (type: date), _col4 (type: int), _col5 (type: varchar(25))
        Reducer 4 
            Execution mode: llap
            Reduce Operator Tree:
              Merge Join Operator
                condition map:
                     Inner Join 0 to 1
                keys:
                  0 _col0 (type: int)
                  1 _col0 (type: int)
                outputColumnNames: _col0, _col2, _col3, _col4, _col5, _col8
                Statistics: Num rows: 6005 Data size: 1717430 Basic stats: COMPLETE Column stats: COMPLETE
                Top N Key Operator
                  sort order: -++++
                  keys: _col2 (type: decimal(10,0)), _col3 (type: date), _col0 (type: int), _col4 (type: int), _col5 (type: varchar(25))
                  null sort order: azzzz
                  Statistics: Num rows: 6005 Data size: 1717430 Basic stats: COMPLETE Column stats: COMPLETE
                  top n: 100
                  Group By Operator
                    aggregations: sum(_col8)
                    keys: _col2 (type: decimal(10,0)), _col3 (type: date), _col0 (type: int), _col4 (type: int), _col5 (type: varchar(25))
                    minReductionHashAggr: 0.99
                    mode: hash
                    outputColumnNames: _col0, _col1, _col2, _col3, _col4, _col5
                    Statistics: Num rows: 1500 Data size: 429000 Basic stats: COMPLETE Column stats: COMPLETE
                    Reduce Output Operator
                      key expressions: _col0 (type: decimal(10,0)), _col1 (type: date), _col2 (type: int), _col3 (type: int), _col4 (type: varchar(25))
                      null sort order: azzzz
                      sort order: -++++
                      Map-reduce partition columns: _col0 (type: decimal(10,0)), _col1 (type: date), _col2 (type: int), _col3 (type: int), _col4 (type: varchar(25))
                      Statistics: Num rows: 1500 Data size: 429000 Basic stats: COMPLETE Column stats: COMPLETE
                      value expressions: _col5 (type: double)
        Reducer 5 
            Execution mode: vectorized, llap
            Reduce Operator Tree:
              Group By Operator
                aggregations: sum(VALUE._col0)
                keys: KEY._col0 (type: decimal(10,0)), KEY._col1 (type: date), KEY._col2 (type: int), KEY._col3 (type: int), KEY._col4 (type: varchar(25))
                mode: mergepartial
                outputColumnNames: _col0, _col1, _col2, _col3, _col4, _col5
                Statistics: Num rows: 750 Data size: 214500 Basic stats: COMPLETE Column stats: COMPLETE
                Select Operator
                  expressions: _col4 (type: varchar(25)), _col3 (type: int), _col2 (type: int), _col1 (type: date), _col0 (type: decimal(10,0)), _col5 (type: double)
                  outputColumnNames: _col0, _col1, _col2, _col3, _col4, _col5
                  Statistics: Num rows: 750 Data size: 214500 Basic stats: COMPLETE Column stats: COMPLETE
                  Reduce Output Operator
                    key expressions: _col4 (type: decimal(10,0)), _col3 (type: date)
                    null sort order: az
                    sort order: -+
                    Statistics: Num rows: 750 Data size: 214500 Basic stats: COMPLETE Column stats: COMPLETE
                    value expressions: _col0 (type: varchar(25)), _col1 (type: int), _col2 (type: int), _col5 (type: double)
        Reducer 6 
            Execution mode: vectorized, llap
            Reduce Operator Tree:
              Select Operator
                expressions: VALUE._col0 (type: varchar(25)), VALUE._col1 (type: int), VALUE._col2 (type: int), KEY.reducesinkkey1 (type: date), KEY.reducesinkkey0 (type: decimal(10,0)), VALUE._col3 (type: double)
                outputColumnNames: _col0, _col1, _col2, _col3, _col4, _col5
                Statistics: Num rows: 750 Data size: 214500 Basic stats: COMPLETE Column stats: COMPLETE
                Limit
                  Number of rows: 100
                  Statistics: Num rows: 100 Data size: 28600 Basic stats: COMPLETE Column stats: COMPLETE
                  File Output Operator
                    compressed: false
                    Statistics: Num rows: 100 Data size: 28600 Basic stats: COMPLETE Column stats: COMPLETE
                    table:
                        input format: org.apache.hadoop.mapred.SequenceFileInputFormat
                        output format: org.apache.hadoop.hive.ql.io.HiveSequenceFileOutputFormat
                        serde: org.apache.hadoop.hive.serde2.lazy.LazySimpleSerDe
        Reducer 9 
            Execution mode: vectorized, llap
            Reduce Operator Tree:
              Group By Operator
                aggregations: sum(VALUE._col0)
                keys: KEY._col0 (type: int)
                mode: mergepartial
                outputColumnNames: _col0, _col1
                Statistics: Num rows: 1523 Data size: 18276 Basic stats: COMPLETE Column stats: COMPLETE
                Filter Operator
                  predicate: (_col1 > 300.0D) (type: boolean)
                  Statistics: Num rows: 1523 Data size: 18276 Basic stats: COMPLETE Column stats: COMPLETE
                  Select Operator
                    expressions: _col0 (type: int)
                    outputColumnNames: _col0
                    Statistics: Num rows: 1523 Data size: 6092 Basic stats: COMPLETE Column stats: COMPLETE
                    Reduce Output Operator
                      key expressions: _col0 (type: int)
                      null sort order: z
                      sort order: +
                      Map-reduce partition columns: _col0 (type: int)
                      Statistics: Num rows: 1523 Data size: 6092 Basic stats: COMPLETE Column stats: COMPLETE

  Stage: Stage-0
    Fetch Operator
      limit: 100
      Processor Tree:
        ListSink

