PREHOOK: query: CREATE TABLE dest1_n54(c1 STRING) STORED AS TEXTFILE
PREHOOK: type: CREATETABLE
PREHOOK: Output: database:default
PREHOOK: Output: default@dest1_n54
POSTHOOK: query: CREATE TABLE dest1_n54(c1 STRING) STORED AS TEXTFILE
POSTHOOK: type: CREATETABLE
POSTHOOK: Output: database:default
POSTHOOK: Output: default@dest1_n54
PREHOOK: query: FROM src INSERT OVERWRITE TABLE dest1_n54 SELECT '' WHERE src.key = 86
PREHOOK: type: QUERY
PREHOOK: Input: default@src
PREHOOK: Output: default@dest1_n54
POSTHOOK: query: FROM src INSERT OVERWRITE TABLE dest1_n54 SELECT '' WHERE src.key = 86
POSTHOOK: type: QUERY
POSTHOOK: Input: default@src
POSTHOOK: Output: default@dest1_n54
POSTHOOK: Lineage: dest1_n54.c1 SIMPLE []
PREHOOK: query: FROM src INSERT OVERWRITE TABLE dest1_n54 SELECT '1' WHERE src.key = 86
PREHOOK: type: QUERY
PREHOOK: Input: default@src
PREHOOK: Output: default@dest1_n54
POSTHOOK: query: FROM src INSERT OVERWRITE TABLE dest1_n54 SELECT '1' WHERE src.key = 86
POSTHOOK: type: QUERY
POSTHOOK: Input: default@src
POSTHOOK: Output: default@dest1_n54
POSTHOOK: Lineage: dest1_n54.c1 SIMPLE []
PREHOOK: query: EXPLAIN
SELECT avg(c1), sum(c1), count(c1) FROM dest1_n54
PREHOOK: type: QUERY
PREHOOK: Input: default@dest1_n54
#### A masked pattern was here ####
POSTHOOK: query: EXPLAIN
SELECT avg(c1), sum(c1), count(c1) FROM dest1_n54
POSTHOOK: type: QUERY
POSTHOOK: Input: default@dest1_n54
#### A masked pattern was here ####
STAGE DEPENDENCIES:
  Stage-1 is a root stage
  Stage-0 depends on stages: Stage-1

STAGE PLANS:
  Stage: Stage-1
    Tez
#### A masked pattern was here ####
      Edges:
        Reducer 2 <- Map 1 (CUSTOM_SIMPLE_EDGE)
#### A masked pattern was here ####
      Vertices:
        Map 1 
            Map Operator Tree:
                TableScan
                  alias: dest1_n54
                  Statistics: Num rows: 1 Data size: 85 Basic stats: COMPLETE Column stats: COMPLETE
                  Select Operator
                    expressions: c1 (type: string), UDFToDouble(c1) (type: double)
                    outputColumnNames: _col0, _col1
                    Statistics: Num rows: 1 Data size: 85 Basic stats: COMPLETE Column stats: COMPLETE
                    Group By Operator
                      aggregations: sum(_col1), count(_col1), sum(_col0), count(_col0)
                      minReductionHashAggr: 0.4
                      mode: hash
                      outputColumnNames: _col0, _col1, _col2, _col3
                      Statistics: Num rows: 1 Data size: 32 Basic stats: COMPLETE Column stats: COMPLETE
                      Reduce Output Operator
                        null sort order: 
                        sort order: 
                        Statistics: Num rows: 1 Data size: 32 Basic stats: COMPLETE Column stats: COMPLETE
                        value expressions: _col0 (type: double), _col1 (type: bigint), _col2 (type: double), _col3 (type: bigint)
            Execution mode: llap
            LLAP IO: all inputs
        Reducer 2 
            Execution mode: vectorized, llap
            Reduce Operator Tree:
              Group By Operator
                aggregations: sum(VALUE._col0), count(VALUE._col1), sum(VALUE._col2), count(VALUE._col3)
                mode: mergepartial
                outputColumnNames: _col0, _col1, _col2, _col3
                Statistics: Num rows: 1 Data size: 32 Basic stats: COMPLETE Column stats: COMPLETE
                Select Operator
                  expressions: (_col0 / _col1) (type: double), _col2 (type: double), _col3 (type: bigint)
                  outputColumnNames: _col0, _col1, _col2
                  Statistics: Num rows: 1 Data size: 24 Basic stats: COMPLETE Column stats: COMPLETE
                  File Output Operator
                    compressed: false
                    Statistics: Num rows: 1 Data size: 24 Basic stats: COMPLETE Column stats: COMPLETE
                    table:
                        input format: org.apache.hadoop.mapred.SequenceFileInputFormat
                        output format: org.apache.hadoop.hive.ql.io.HiveSequenceFileOutputFormat
                        serde: org.apache.hadoop.hive.serde2.lazy.LazySimpleSerDe

  Stage: Stage-0
    Fetch Operator
      limit: -1
      Processor Tree:
        ListSink

PREHOOK: query: SELECT avg(c1), sum(c1), count(c1) FROM dest1_n54
PREHOOK: type: QUERY
PREHOOK: Input: default@dest1_n54
#### A masked pattern was here ####
POSTHOOK: query: SELECT avg(c1), sum(c1), count(c1) FROM dest1_n54
POSTHOOK: type: QUERY
POSTHOOK: Input: default@dest1_n54
#### A masked pattern was here ####
1.0	1.0	1
