PREHOOK: query: DESCRIBE FUNCTION reverse
PREHOOK: type: DESCFUNCTION
POSTHOOK: query: DESCRIBE FUNCTION reverse
POSTHOOK: type: DESCFUNCTION
reverse(str) - reverse str
PREHOOK: query: DESCRIBE FUNCTION EXTENDED reverse
PREHOOK: type: DESCFUNCTION
POSTHOOK: query: DESCRIBE FUNCTION EXTENDED reverse
POSTHOOK: type: DESCFUNCTION
reverse(str) - reverse str
Example:
  > SELECT reverse('Facebook') FROM src LIMIT 1;
  'koobecaF'
Function class:org.apache.hadoop.hive.ql.udf.UDFReverse
Function type:BUILTIN
PREHOOK: query: CREATE TABLE dest1_n44(len STRING)
PREHOOK: type: CREATETABLE
PREHOOK: Output: database:default
PREHOOK: Output: default@dest1_n44
POSTHOOK: query: CREATE TABLE dest1_n44(len STRING)
POSTHOOK: type: CREATETABLE
POSTHOOK: Output: database:default
POSTHOOK: Output: default@dest1_n44
PREHOOK: query: EXPLAIN FROM src1 INSERT OVERWRITE TABLE dest1_n44 SELECT reverse(src1.value)
PREHOOK: type: QUERY
PREHOOK: Input: default@src1
PREHOOK: Output: default@dest1_n44
POSTHOOK: query: EXPLAIN FROM src1 INSERT OVERWRITE TABLE dest1_n44 SELECT reverse(src1.value)
POSTHOOK: type: QUERY
POSTHOOK: Input: default@src1
POSTHOOK: Output: default@dest1_n44
STAGE DEPENDENCIES:
  Stage-1 is a root stage
  Stage-2 depends on stages: Stage-1
  Stage-0 depends on stages: Stage-2
  Stage-3 depends on stages: Stage-0

STAGE PLANS:
  Stage: Stage-1
    Tez
#### A masked pattern was here ####
      Edges:
        Reducer 2 <- Map 1 (CUSTOM_SIMPLE_EDGE)
#### A masked pattern was here ####
      Vertices:
        Map 1 
            Map Operator Tree:
                TableScan
                  alias: src1
                  Statistics: Num rows: 25 Data size: 2225 Basic stats: COMPLETE Column stats: COMPLETE
                  Select Operator
                    expressions: reverse(value) (type: string)
                    outputColumnNames: _col0
                    Statistics: Num rows: 25 Data size: 4600 Basic stats: COMPLETE Column stats: COMPLETE
                    File Output Operator
                      compressed: false
                      Statistics: Num rows: 25 Data size: 4600 Basic stats: COMPLETE Column stats: COMPLETE
                      table:
                          input format: org.apache.hadoop.mapred.TextInputFormat
                          output format: org.apache.hadoop.hive.ql.io.HiveIgnoreKeyTextOutputFormat
                          serde: org.apache.hadoop.hive.serde2.lazy.LazySimpleSerDe
                          name: default.dest1_n44
                    Select Operator
                      expressions: _col0 (type: string)
                      outputColumnNames: len
                      Statistics: Num rows: 25 Data size: 4600 Basic stats: COMPLETE Column stats: COMPLETE
                      Group By Operator
                        aggregations: max(length(len)), avg(COALESCE(length(len),0)), count(1), count(len), compute_bit_vector_hll(len)
                        minReductionHashAggr: 0.96
                        mode: hash
                        outputColumnNames: _col0, _col1, _col2, _col3, _col4
                        Statistics: Num rows: 1 Data size: 240 Basic stats: COMPLETE Column stats: COMPLETE
                        Reduce Output Operator
                          null sort order: 
                          sort order: 
                          Statistics: Num rows: 1 Data size: 240 Basic stats: COMPLETE Column stats: COMPLETE
                          value expressions: _col0 (type: int), _col1 (type: struct<count:bigint,sum:double,input:int>), _col2 (type: bigint), _col3 (type: bigint), _col4 (type: binary)
            Execution mode: vectorized, llap
            LLAP IO: all inputs
        Reducer 2 
            Execution mode: vectorized, llap
            Reduce Operator Tree:
              Group By Operator
                aggregations: max(VALUE._col0), avg(VALUE._col1), count(VALUE._col2), count(VALUE._col3), compute_bit_vector_hll(VALUE._col4)
                mode: mergepartial
                outputColumnNames: _col0, _col1, _col2, _col3, _col4
                Statistics: Num rows: 1 Data size: 172 Basic stats: COMPLETE Column stats: COMPLETE
                Select Operator
                  expressions: 'STRING' (type: string), UDFToLong(COALESCE(_col0,0)) (type: bigint), COALESCE(_col1,0) (type: double), (_col2 - _col3) (type: bigint), COALESCE(ndv_compute_bit_vector(_col4),0) (type: bigint), _col4 (type: binary)
                  outputColumnNames: _col0, _col1, _col2, _col3, _col4, _col5
                  Statistics: Num rows: 1 Data size: 266 Basic stats: COMPLETE Column stats: COMPLETE
                  File Output Operator
                    compressed: false
                    Statistics: Num rows: 1 Data size: 266 Basic stats: COMPLETE Column stats: COMPLETE
                    table:
                        input format: org.apache.hadoop.mapred.SequenceFileInputFormat
                        output format: org.apache.hadoop.hive.ql.io.HiveSequenceFileOutputFormat
                        serde: org.apache.hadoop.hive.serde2.lazy.LazySimpleSerDe

  Stage: Stage-2
    Dependency Collection

  Stage: Stage-0
    Move Operator
      tables:
          replace: true
          table:
              input format: org.apache.hadoop.mapred.TextInputFormat
              output format: org.apache.hadoop.hive.ql.io.HiveIgnoreKeyTextOutputFormat
              serde: org.apache.hadoop.hive.serde2.lazy.LazySimpleSerDe
              name: default.dest1_n44

  Stage: Stage-3
    Stats Work
      Basic Stats Work:
      Column Stats Desc:
          Columns: len
          Column Types: string
          Table: default.dest1_n44

PREHOOK: query: FROM src1 INSERT OVERWRITE TABLE dest1_n44 SELECT reverse(src1.value)
PREHOOK: type: QUERY
PREHOOK: Input: default@src1
PREHOOK: Output: default@dest1_n44
POSTHOOK: query: FROM src1 INSERT OVERWRITE TABLE dest1_n44 SELECT reverse(src1.value)
POSTHOOK: type: QUERY
POSTHOOK: Input: default@src1
POSTHOOK: Output: default@dest1_n44
POSTHOOK: Lineage: dest1_n44.len EXPRESSION [(src1)src1.FieldSchema(name:value, type:string, comment:default), ]
PREHOOK: query: SELECT dest1_n44.* FROM dest1_n44
PREHOOK: type: QUERY
PREHOOK: Input: default@dest1_n44
#### A masked pattern was here ####
POSTHOOK: query: SELECT dest1_n44.* FROM dest1_n44
POSTHOOK: type: QUERY
POSTHOOK: Input: default@dest1_n44
#### A masked pattern was here ####
832_lav

113_lav
72_lav
561_lav
904_lav
552_lav
872_lav
89_lav
484_lav
562_lav
391_lav
104_lav
051_lav
372_lav


66_lav

312_lav
641_lav
604_lav



PREHOOK: query: DROP TABLE dest1_n44
PREHOOK: type: DROPTABLE
PREHOOK: Input: default@dest1_n44
PREHOOK: Output: default@dest1_n44
POSTHOOK: query: DROP TABLE dest1_n44
POSTHOOK: type: DROPTABLE
POSTHOOK: Input: default@dest1_n44
POSTHOOK: Output: default@dest1_n44
PREHOOK: query: CREATE TABLE dest1_n44(name STRING) STORED AS TEXTFILE
PREHOOK: type: CREATETABLE
PREHOOK: Output: database:default
PREHOOK: Output: default@dest1_n44
POSTHOOK: query: CREATE TABLE dest1_n44(name STRING) STORED AS TEXTFILE
POSTHOOK: type: CREATETABLE
POSTHOOK: Output: database:default
POSTHOOK: Output: default@dest1_n44
PREHOOK: query: LOAD DATA LOCAL INPATH '../../data/files/kv4.txt' INTO TABLE dest1_n44
PREHOOK: type: LOAD
#### A masked pattern was here ####
PREHOOK: Output: default@dest1_n44
POSTHOOK: query: LOAD DATA LOCAL INPATH '../../data/files/kv4.txt' INTO TABLE dest1_n44
POSTHOOK: type: LOAD
#### A masked pattern was here ####
POSTHOOK: Output: default@dest1_n44
PREHOOK: query: SELECT count(1) FROM dest1_n44 WHERE reverse(dest1_n44.name) = _UTF-8 0xE993AEE982B5
PREHOOK: type: QUERY
PREHOOK: Input: default@dest1_n44
#### A masked pattern was here ####
POSTHOOK: query: SELECT count(1) FROM dest1_n44 WHERE reverse(dest1_n44.name) = _UTF-8 0xE993AEE982B5
POSTHOOK: type: QUERY
POSTHOOK: Input: default@dest1_n44
#### A masked pattern was here ####
1
