PREHOOK: query: DESCRIBE FUNCTION length
PREHOOK: type: DESCFUNCTION
POSTHOOK: query: DESCRIBE FUNCTION length
POSTHOOK: type: DESCFUNCTION
length(str | binary) - Returns the length of str or number of bytes in binary data
PREHOOK: query: DESCRIBE FUNCTION EXTENDED length
PREHOOK: type: DESCFUNCTION
POSTHOOK: query: DESCRIBE FUNCTION EXTENDED length
POSTHOOK: type: DESCFUNCTION
length(str | binary) - Returns the length of str or number of bytes in binary data
Example:
  > SELECT length('Facebook') FROM src LIMIT 1;
  8
Function class:org.apache.hadoop.hive.ql.udf.generic.GenericUDFLength
Function type:BUILTIN
PREHOOK: query: CREATE TABLE dest1_n134(len INT)
PREHOOK: type: CREATETABLE
PREHOOK: Output: database:default
PREHOOK: Output: default@dest1_n134
POSTHOOK: query: CREATE TABLE dest1_n134(len INT)
POSTHOOK: type: CREATETABLE
POSTHOOK: Output: database:default
POSTHOOK: Output: default@dest1_n134
PREHOOK: query: EXPLAIN FROM src1 INSERT OVERWRITE TABLE dest1_n134 SELECT length(src1.value)
PREHOOK: type: QUERY
PREHOOK: Input: default@src1
PREHOOK: Output: default@dest1_n134
POSTHOOK: query: EXPLAIN FROM src1 INSERT OVERWRITE TABLE dest1_n134 SELECT length(src1.value)
POSTHOOK: type: QUERY
POSTHOOK: Input: default@src1
POSTHOOK: Output: default@dest1_n134
STAGE DEPENDENCIES:
  Stage-1 is a root stage
  Stage-2 depends on stages: Stage-1
  Stage-0 depends on stages: Stage-2
  Stage-3 depends on stages: Stage-0

STAGE PLANS:
  Stage: Stage-1
    Tez
#### A masked pattern was here ####
      Edges:
        Reducer 2 <- Map 1 (CUSTOM_SIMPLE_EDGE)
#### A masked pattern was here ####
      Vertices:
        Map 1 
            Map Operator Tree:
                TableScan
                  alias: src1
                  Statistics: Num rows: 25 Data size: 2225 Basic stats: COMPLETE Column stats: COMPLETE
                  Select Operator
                    expressions: length(value) (type: int)
                    outputColumnNames: _col0
                    Statistics: Num rows: 25 Data size: 100 Basic stats: COMPLETE Column stats: COMPLETE
                    File Output Operator
                      compressed: false
                      Statistics: Num rows: 25 Data size: 100 Basic stats: COMPLETE Column stats: COMPLETE
                      table:
                          input format: org.apache.hadoop.mapred.TextInputFormat
                          output format: org.apache.hadoop.hive.ql.io.HiveIgnoreKeyTextOutputFormat
                          serde: org.apache.hadoop.hive.serde2.lazy.LazySimpleSerDe
                          name: default.dest1_n134
                    Select Operator
                      expressions: _col0 (type: int)
                      outputColumnNames: len
                      Statistics: Num rows: 25 Data size: 100 Basic stats: COMPLETE Column stats: COMPLETE
                      Group By Operator
                        aggregations: min(len), max(len), count(1), count(len), compute_bit_vector_hll(len)
                        minReductionHashAggr: 0.96
                        mode: hash
                        outputColumnNames: _col0, _col1, _col2, _col3, _col4
                        Statistics: Num rows: 1 Data size: 168 Basic stats: COMPLETE Column stats: COMPLETE
                        Reduce Output Operator
                          null sort order: 
                          sort order: 
                          Statistics: Num rows: 1 Data size: 168 Basic stats: COMPLETE Column stats: COMPLETE
                          value expressions: _col0 (type: int), _col1 (type: int), _col2 (type: bigint), _col3 (type: bigint), _col4 (type: binary)
            Execution mode: vectorized, llap
            LLAP IO: all inputs
        Reducer 2 
            Execution mode: vectorized, llap
            Reduce Operator Tree:
              Group By Operator
                aggregations: min(VALUE._col0), max(VALUE._col1), count(VALUE._col2), count(VALUE._col3), compute_bit_vector_hll(VALUE._col4)
                mode: mergepartial
                outputColumnNames: _col0, _col1, _col2, _col3, _col4
                Statistics: Num rows: 1 Data size: 168 Basic stats: COMPLETE Column stats: COMPLETE
                Select Operator
                  expressions: 'LONG' (type: string), UDFToLong(_col0) (type: bigint), UDFToLong(_col1) (type: bigint), (_col2 - _col3) (type: bigint), COALESCE(ndv_compute_bit_vector(_col4),0) (type: bigint), _col4 (type: binary)
                  outputColumnNames: _col0, _col1, _col2, _col3, _col4, _col5
                  Statistics: Num rows: 1 Data size: 264 Basic stats: COMPLETE Column stats: COMPLETE
                  File Output Operator
                    compressed: false
                    Statistics: Num rows: 1 Data size: 264 Basic stats: COMPLETE Column stats: COMPLETE
                    table:
                        input format: org.apache.hadoop.mapred.SequenceFileInputFormat
                        output format: org.apache.hadoop.hive.ql.io.HiveSequenceFileOutputFormat
                        serde: org.apache.hadoop.hive.serde2.lazy.LazySimpleSerDe

  Stage: Stage-2
    Dependency Collection

  Stage: Stage-0
    Move Operator
      tables:
          replace: true
          table:
              input format: org.apache.hadoop.mapred.TextInputFormat
              output format: org.apache.hadoop.hive.ql.io.HiveIgnoreKeyTextOutputFormat
              serde: org.apache.hadoop.hive.serde2.lazy.LazySimpleSerDe
              name: default.dest1_n134

  Stage: Stage-3
    Stats Work
      Basic Stats Work:
      Column Stats Desc:
          Columns: len
          Column Types: int
          Table: default.dest1_n134

PREHOOK: query: FROM src1 INSERT OVERWRITE TABLE dest1_n134 SELECT length(src1.value)
PREHOOK: type: QUERY
PREHOOK: Input: default@src1
PREHOOK: Output: default@dest1_n134
POSTHOOK: query: FROM src1 INSERT OVERWRITE TABLE dest1_n134 SELECT length(src1.value)
POSTHOOK: type: QUERY
POSTHOOK: Input: default@src1
POSTHOOK: Output: default@dest1_n134
POSTHOOK: Lineage: dest1_n134.len EXPRESSION [(src1)src1.FieldSchema(name:value, type:string, comment:default), ]
PREHOOK: query: SELECT dest1_n134.* FROM dest1_n134
PREHOOK: type: QUERY
PREHOOK: Input: default@dest1_n134
#### A masked pattern was here ####
POSTHOOK: query: SELECT dest1_n134.* FROM dest1_n134
POSTHOOK: type: QUERY
POSTHOOK: Input: default@dest1_n134
#### A masked pattern was here ####
7
0
7
6
7
7
7
7
6
7
7
7
7
7
7
0
0
6
0
7
7
7
0
0
0
PREHOOK: query: DROP TABLE dest1_n134
PREHOOK: type: DROPTABLE
PREHOOK: Input: default@dest1_n134
PREHOOK: Output: database:default
PREHOOK: Output: default@dest1_n134
POSTHOOK: query: DROP TABLE dest1_n134
POSTHOOK: type: DROPTABLE
POSTHOOK: Input: default@dest1_n134
POSTHOOK: Output: database:default
POSTHOOK: Output: default@dest1_n134
PREHOOK: query: CREATE TABLE dest1_n134(name STRING) STORED AS TEXTFILE
PREHOOK: type: CREATETABLE
PREHOOK: Output: database:default
PREHOOK: Output: default@dest1_n134
POSTHOOK: query: CREATE TABLE dest1_n134(name STRING) STORED AS TEXTFILE
POSTHOOK: type: CREATETABLE
POSTHOOK: Output: database:default
POSTHOOK: Output: default@dest1_n134
PREHOOK: query: LOAD DATA LOCAL INPATH '../../data/files/kv4.txt' INTO TABLE dest1_n134
PREHOOK: type: LOAD
#### A masked pattern was here ####
PREHOOK: Output: default@dest1_n134
POSTHOOK: query: LOAD DATA LOCAL INPATH '../../data/files/kv4.txt' INTO TABLE dest1_n134
POSTHOOK: type: LOAD
#### A masked pattern was here ####
POSTHOOK: Output: default@dest1_n134
PREHOOK: query: EXPLAIN SELECT length(dest1_n134.name) FROM dest1_n134
PREHOOK: type: QUERY
PREHOOK: Input: default@dest1_n134
#### A masked pattern was here ####
POSTHOOK: query: EXPLAIN SELECT length(dest1_n134.name) FROM dest1_n134
POSTHOOK: type: QUERY
POSTHOOK: Input: default@dest1_n134
#### A masked pattern was here ####
STAGE DEPENDENCIES:
  Stage-0 is a root stage

STAGE PLANS:
  Stage: Stage-0
    Fetch Operator
      limit: -1
      Processor Tree:
        TableScan
          alias: dest1_n134
          Select Operator
            expressions: length(name) (type: int)
            outputColumnNames: _col0
            ListSink

PREHOOK: query: SELECT length(dest1_n134.name) FROM dest1_n134
PREHOOK: type: QUERY
PREHOOK: Input: default@dest1_n134
#### A masked pattern was here ####
POSTHOOK: query: SELECT length(dest1_n134.name) FROM dest1_n134
POSTHOOK: type: QUERY
POSTHOOK: Input: default@dest1_n134
#### A masked pattern was here ####
2
