PREHOOK: query: create table inputTbl1_n21(key string, val string) stored as textfile
PREHOOK: type: CREATETABLE
PREHOOK: Output: database:default
PREHOOK: Output: default@inputTbl1_n21
POSTHOOK: query: create table inputTbl1_n21(key string, val string) stored as textfile
POSTHOOK: type: CREATETABLE
POSTHOOK: Output: database:default
POSTHOOK: Output: default@inputTbl1_n21
PREHOOK: query: create table outputTbl1_n29(key string, `values` bigint) stored as rcfile
PREHOOK: type: CREATETABLE
PREHOOK: Output: database:default
PREHOOK: Output: default@outputTbl1_n29
POSTHOOK: query: create table outputTbl1_n29(key string, `values` bigint) stored as rcfile
POSTHOOK: type: CREATETABLE
POSTHOOK: Output: database:default
POSTHOOK: Output: default@outputTbl1_n29
PREHOOK: query: load data local inpath '../../data/files/T1.txt' into table inputTbl1_n21
PREHOOK: type: LOAD
#### A masked pattern was here ####
PREHOOK: Output: default@inputtbl1_n21
POSTHOOK: query: load data local inpath '../../data/files/T1.txt' into table inputTbl1_n21
POSTHOOK: type: LOAD
#### A masked pattern was here ####
POSTHOOK: Output: default@inputtbl1_n21
PREHOOK: query: explain
insert overwrite table outputTbl1_n29
SELECT * FROM
(
select key, 1 as `values` from inputTbl1_n21
union all
select a.key as key, cast(b.val as bigint) as `values`
FROM inputTbl1_n21 a join inputTbl1_n21 b on a.key=b.key
)c
PREHOOK: type: QUERY
PREHOOK: Input: default@inputtbl1_n21
PREHOOK: Output: default@outputtbl1_n29
POSTHOOK: query: explain
insert overwrite table outputTbl1_n29
SELECT * FROM
(
select key, 1 as `values` from inputTbl1_n21
union all
select a.key as key, cast(b.val as bigint) as `values`
FROM inputTbl1_n21 a join inputTbl1_n21 b on a.key=b.key
)c
POSTHOOK: type: QUERY
POSTHOOK: Input: default@inputtbl1_n21
POSTHOOK: Output: default@outputtbl1_n29
STAGE DEPENDENCIES:
  Stage-1 is a root stage
  Stage-2 depends on stages: Stage-1
  Stage-0 depends on stages: Stage-2

STAGE PLANS:
  Stage: Stage-1
    Tez
#### A masked pattern was here ####
      Edges:
        Map 2 <- Map 1 (BROADCAST_EDGE)
#### A masked pattern was here ####
      Vertices:
        Map 1 
            Map Operator Tree:
                TableScan
                  alias: inputtbl1_n21
                  Statistics: Num rows: 1 Data size: 184 Basic stats: COMPLETE Column stats: NONE
                  Select Operator
                    expressions: key (type: string), 1L (type: bigint)
                    outputColumnNames: _col0, _col1
                    Statistics: Num rows: 1 Data size: 184 Basic stats: COMPLETE Column stats: NONE
                    File Output Operator
                      compressed: false
                      Statistics: Num rows: 1 Data size: 184 Basic stats: COMPLETE Column stats: NONE
                      table:
                          input format: org.apache.hadoop.hive.ql.io.RCFileInputFormat
                          output format: org.apache.hadoop.hive.ql.io.RCFileOutputFormat
                          serde: org.apache.hadoop.hive.serde2.columnar.ColumnarSerDe
                          name: default.outputtbl1_n29
                  Filter Operator
                    predicate: key is not null (type: boolean)
                    Statistics: Num rows: 1 Data size: 184 Basic stats: COMPLETE Column stats: NONE
                    Select Operator
                      expressions: key (type: string)
                      outputColumnNames: _col0
                      Statistics: Num rows: 1 Data size: 184 Basic stats: COMPLETE Column stats: NONE
                      Reduce Output Operator
                        key expressions: _col0 (type: string)
                        null sort order: z
                        sort order: +
                        Map-reduce partition columns: _col0 (type: string)
                        Statistics: Num rows: 1 Data size: 184 Basic stats: COMPLETE Column stats: NONE
            Execution mode: vectorized, llap
            LLAP IO: all inputs
        Map 2 
            Map Operator Tree:
                TableScan
                  alias: b
                  filterExpr: key is not null (type: boolean)
                  probeDecodeDetails: cacheKey:HASH_MAP_MAPJOIN_33_container, bigKeyColName:key, smallTablePos:0, keyRatio:1.0
                  Statistics: Num rows: 1 Data size: 368 Basic stats: COMPLETE Column stats: NONE
                  Filter Operator
                    predicate: key is not null (type: boolean)
                    Statistics: Num rows: 1 Data size: 368 Basic stats: COMPLETE Column stats: NONE
                    Select Operator
                      expressions: key (type: string), UDFToLong(val) (type: bigint)
                      outputColumnNames: _col0, _col1
                      Statistics: Num rows: 1 Data size: 368 Basic stats: COMPLETE Column stats: NONE
                      Map Join Operator
                        condition map:
                             Inner Join 0 to 1
                        keys:
                          0 _col0 (type: string)
                          1 _col0 (type: string)
                        outputColumnNames: _col0, _col2
                        input vertices:
                          0 Map 1
                        Statistics: Num rows: 1 Data size: 202 Basic stats: COMPLETE Column stats: NONE
                        Select Operator
                          expressions: _col0 (type: string), _col2 (type: bigint)
                          outputColumnNames: _col0, _col1
                          Statistics: Num rows: 1 Data size: 202 Basic stats: COMPLETE Column stats: NONE
                          File Output Operator
                            compressed: false
                            Statistics: Num rows: 1 Data size: 202 Basic stats: COMPLETE Column stats: NONE
                            table:
                                input format: org.apache.hadoop.hive.ql.io.RCFileInputFormat
                                output format: org.apache.hadoop.hive.ql.io.RCFileOutputFormat
                                serde: org.apache.hadoop.hive.serde2.columnar.ColumnarSerDe
                                name: default.outputtbl1_n29
            Execution mode: vectorized, llap
            LLAP IO: all inputs

  Stage: Stage-2
    Dependency Collection

  Stage: Stage-0
    Move Operator
      tables:
          replace: true
          table:
              input format: org.apache.hadoop.hive.ql.io.RCFileInputFormat
              output format: org.apache.hadoop.hive.ql.io.RCFileOutputFormat
              serde: org.apache.hadoop.hive.serde2.columnar.ColumnarSerDe
              name: default.outputtbl1_n29

PREHOOK: query: insert overwrite table outputTbl1_n29
SELECT * FROM
(
select key, 1 as `values` from inputTbl1_n21
union all
select a.key as key, cast(b.val as bigint) as `values`
FROM inputTbl1_n21 a join inputTbl1_n21 b on a.key=b.key
)c
PREHOOK: type: QUERY
PREHOOK: Input: default@inputtbl1_n21
PREHOOK: Output: default@outputtbl1_n29
POSTHOOK: query: insert overwrite table outputTbl1_n29
SELECT * FROM
(
select key, 1 as `values` from inputTbl1_n21
union all
select a.key as key, cast(b.val as bigint) as `values`
FROM inputTbl1_n21 a join inputTbl1_n21 b on a.key=b.key
)c
POSTHOOK: type: QUERY
POSTHOOK: Input: default@inputtbl1_n21
POSTHOOK: Output: default@outputtbl1_n29
POSTHOOK: Lineage: outputtbl1_n29.key EXPRESSION [(inputtbl1_n21)inputtbl1_n21.FieldSchema(name:key, type:string, comment:null), (inputtbl1_n21)a.FieldSchema(name:key, type:string, comment:null), ]
POSTHOOK: Lineage: outputtbl1_n29.values EXPRESSION [(inputtbl1_n21)b.FieldSchema(name:val, type:string, comment:null), ]
PREHOOK: query: desc formatted outputTbl1_n29
PREHOOK: type: DESCTABLE
PREHOOK: Input: default@outputtbl1_n29
POSTHOOK: query: desc formatted outputTbl1_n29
POSTHOOK: type: DESCTABLE
POSTHOOK: Input: default@outputtbl1_n29
# col_name            	data_type           	comment             
key                 	string              	                    
values              	bigint              	                    
	 	 
# Detailed Table Information	 	 
Database:           	default             	 
#### A masked pattern was here ####
Retention:          	0                   	 
#### A masked pattern was here ####
Table Type:         	MANAGED_TABLE       	 
Table Parameters:	 	 
	bucketing_version   	2                   
	numFiles            	2                   
	totalSize           	194                 
#### A masked pattern was here ####
	 	 
# Storage Information	 	 
SerDe Library:      	org.apache.hadoop.hive.serde2.columnar.ColumnarSerDe	 
InputFormat:        	org.apache.hadoop.hive.ql.io.RCFileInputFormat	 
OutputFormat:       	org.apache.hadoop.hive.ql.io.RCFileOutputFormat	 
Compressed:         	No                  	 
Num Buckets:        	-1                  	 
Bucket Columns:     	[]                  	 
Sort Columns:       	[]                  	 
Storage Desc Params:	 	 
	serialization.format	1                   
PREHOOK: query: select * from outputTbl1_n29
PREHOOK: type: QUERY
PREHOOK: Input: default@outputtbl1_n29
#### A masked pattern was here ####
POSTHOOK: query: select * from outputTbl1_n29
POSTHOOK: type: QUERY
POSTHOOK: Input: default@outputtbl1_n29
#### A masked pattern was here ####
1	1
1	11
2	1
2	12
3	1
3	13
7	1
7	17
8	1
8	1
8	18
8	18
8	28
8	28
