PREHOOK: query: create table inputTbl1_n14(key string, val string) stored as textfile
PREHOOK: type: CREATETABLE
PREHOOK: Output: database:default
PREHOOK: Output: default@inputTbl1_n14
POSTHOOK: query: create table inputTbl1_n14(key string, val string) stored as textfile
POSTHOOK: type: CREATETABLE
POSTHOOK: Output: database:default
POSTHOOK: Output: default@inputTbl1_n14
PREHOOK: query: create table outputTbl1_n21(key string, `values` bigint) stored as rcfile
PREHOOK: type: CREATETABLE
PREHOOK: Output: database:default
PREHOOK: Output: default@outputTbl1_n21
POSTHOOK: query: create table outputTbl1_n21(key string, `values` bigint) stored as rcfile
POSTHOOK: type: CREATETABLE
POSTHOOK: Output: database:default
POSTHOOK: Output: default@outputTbl1_n21
PREHOOK: query: load data local inpath '../../data/files/T1.txt' into table inputTbl1_n14
PREHOOK: type: LOAD
#### A masked pattern was here ####
PREHOOK: Output: default@inputtbl1_n14
POSTHOOK: query: load data local inpath '../../data/files/T1.txt' into table inputTbl1_n14
POSTHOOK: type: LOAD
#### A masked pattern was here ####
POSTHOOK: Output: default@inputtbl1_n14
PREHOOK: query: explain
insert overwrite table outputTbl1_n21
SELECT * FROM
(
select key, 1 as `values` from inputTbl1_n14
union all
select * FROM (
  SELECT key, 2 `values` from inputTbl1_n14 
  UNION ALL
  SELECT key, 3 as `values` from inputTbl1_n14
) a
)b
PREHOOK: type: QUERY
PREHOOK: Input: default@inputtbl1_n14
PREHOOK: Output: default@outputtbl1_n21
POSTHOOK: query: explain
insert overwrite table outputTbl1_n21
SELECT * FROM
(
select key, 1 as `values` from inputTbl1_n14
union all
select * FROM (
  SELECT key, 2 `values` from inputTbl1_n14 
  UNION ALL
  SELECT key, 3 as `values` from inputTbl1_n14
) a
)b
POSTHOOK: type: QUERY
POSTHOOK: Input: default@inputtbl1_n14
POSTHOOK: Output: default@outputtbl1_n21
STAGE DEPENDENCIES:
  Stage-1 is a root stage
  Stage-2 depends on stages: Stage-1
  Stage-0 depends on stages: Stage-2

STAGE PLANS:
  Stage: Stage-1
    Tez
#### A masked pattern was here ####
      Edges:
        Map 1 <- Union 2 (CONTAINS)
        Map 3 <- Union 2 (CONTAINS)
        Map 4 <- Union 2 (CONTAINS)
#### A masked pattern was here ####
      Vertices:
        Map 1 
            Map Operator Tree:
                TableScan
                  alias: inputtbl1_n14
                  Statistics: Num rows: 1 Data size: 184 Basic stats: COMPLETE Column stats: NONE
                  Select Operator
                    expressions: key (type: string), 1 (type: int)
                    outputColumnNames: _col0, _col1
                    Statistics: Num rows: 1 Data size: 184 Basic stats: COMPLETE Column stats: NONE
                    Select Operator
                      expressions: _col0 (type: string), UDFToLong(_col1) (type: bigint)
                      outputColumnNames: _col0, _col1
                      Statistics: Num rows: 3 Data size: 552 Basic stats: COMPLETE Column stats: NONE
                      File Output Operator
                        compressed: false
                        Statistics: Num rows: 3 Data size: 552 Basic stats: COMPLETE Column stats: NONE
                        table:
                            input format: org.apache.hadoop.hive.ql.io.RCFileInputFormat
                            output format: org.apache.hadoop.hive.ql.io.RCFileOutputFormat
                            serde: org.apache.hadoop.hive.serde2.columnar.ColumnarSerDe
                            name: default.outputtbl1_n21
            Execution mode: vectorized, llap
            LLAP IO: all inputs
        Map 3 
            Map Operator Tree:
                TableScan
                  alias: inputtbl1_n14
                  Statistics: Num rows: 1 Data size: 184 Basic stats: COMPLETE Column stats: NONE
                  Select Operator
                    expressions: key (type: string), 2 (type: int)
                    outputColumnNames: _col0, _col1
                    Statistics: Num rows: 1 Data size: 184 Basic stats: COMPLETE Column stats: NONE
                    Select Operator
                      expressions: _col0 (type: string), UDFToLong(_col1) (type: bigint)
                      outputColumnNames: _col0, _col1
                      Statistics: Num rows: 3 Data size: 552 Basic stats: COMPLETE Column stats: NONE
                      File Output Operator
                        compressed: false
                        Statistics: Num rows: 3 Data size: 552 Basic stats: COMPLETE Column stats: NONE
                        table:
                            input format: org.apache.hadoop.hive.ql.io.RCFileInputFormat
                            output format: org.apache.hadoop.hive.ql.io.RCFileOutputFormat
                            serde: org.apache.hadoop.hive.serde2.columnar.ColumnarSerDe
                            name: default.outputtbl1_n21
            Execution mode: vectorized, llap
            LLAP IO: all inputs
        Map 4 
            Map Operator Tree:
                TableScan
                  alias: inputtbl1_n14
                  Statistics: Num rows: 1 Data size: 184 Basic stats: COMPLETE Column stats: NONE
                  Select Operator
                    expressions: key (type: string), 3 (type: int)
                    outputColumnNames: _col0, _col1
                    Statistics: Num rows: 1 Data size: 184 Basic stats: COMPLETE Column stats: NONE
                    Select Operator
                      expressions: _col0 (type: string), UDFToLong(_col1) (type: bigint)
                      outputColumnNames: _col0, _col1
                      Statistics: Num rows: 3 Data size: 552 Basic stats: COMPLETE Column stats: NONE
                      File Output Operator
                        compressed: false
                        Statistics: Num rows: 3 Data size: 552 Basic stats: COMPLETE Column stats: NONE
                        table:
                            input format: org.apache.hadoop.hive.ql.io.RCFileInputFormat
                            output format: org.apache.hadoop.hive.ql.io.RCFileOutputFormat
                            serde: org.apache.hadoop.hive.serde2.columnar.ColumnarSerDe
                            name: default.outputtbl1_n21
            Execution mode: vectorized, llap
            LLAP IO: all inputs
        Union 2 
            Vertex: Union 2

  Stage: Stage-2
    Dependency Collection

  Stage: Stage-0
    Move Operator
      tables:
          replace: true
          table:
              input format: org.apache.hadoop.hive.ql.io.RCFileInputFormat
              output format: org.apache.hadoop.hive.ql.io.RCFileOutputFormat
              serde: org.apache.hadoop.hive.serde2.columnar.ColumnarSerDe
              name: default.outputtbl1_n21

PREHOOK: query: insert overwrite table outputTbl1_n21
SELECT * FROM
(
select key, 1 as `values` from inputTbl1_n14
union all
select * FROM (
  SELECT key, 2 as `values` from inputTbl1_n14 
  UNION ALL
  SELECT key, 3 as `values` from inputTbl1_n14
) a
)b
PREHOOK: type: QUERY
PREHOOK: Input: default@inputtbl1_n14
PREHOOK: Output: default@outputtbl1_n21
POSTHOOK: query: insert overwrite table outputTbl1_n21
SELECT * FROM
(
select key, 1 as `values` from inputTbl1_n14
union all
select * FROM (
  SELECT key, 2 as `values` from inputTbl1_n14 
  UNION ALL
  SELECT key, 3 as `values` from inputTbl1_n14
) a
)b
POSTHOOK: type: QUERY
POSTHOOK: Input: default@inputtbl1_n14
POSTHOOK: Output: default@outputtbl1_n21
POSTHOOK: Lineage: outputtbl1_n21.key EXPRESSION [(inputtbl1_n14)inputtbl1_n14.FieldSchema(name:key, type:string, comment:null), ]
POSTHOOK: Lineage: outputtbl1_n21.values EXPRESSION []
PREHOOK: query: desc formatted outputTbl1_n21
PREHOOK: type: DESCTABLE
PREHOOK: Input: default@outputtbl1_n21
POSTHOOK: query: desc formatted outputTbl1_n21
POSTHOOK: type: DESCTABLE
POSTHOOK: Input: default@outputtbl1_n21
# col_name            	data_type           	comment             
key                 	string              	                    
values              	bigint              	                    
	 	 
# Detailed Table Information	 	 
Database:           	default             	 
#### A masked pattern was here ####
Retention:          	0                   	 
#### A masked pattern was here ####
Table Type:         	MANAGED_TABLE       	 
Table Parameters:	 	 
	bucketing_version   	2                   
	numFiles            	3                   
	totalSize           	#Masked#
#### A masked pattern was here ####
	 	 
# Storage Information	 	 
SerDe Library:      	org.apache.hadoop.hive.serde2.columnar.ColumnarSerDe	 
InputFormat:        	org.apache.hadoop.hive.ql.io.RCFileInputFormat	 
OutputFormat:       	org.apache.hadoop.hive.ql.io.RCFileOutputFormat	 
Compressed:         	No                  	 
Num Buckets:        	-1                  	 
Bucket Columns:     	[]                  	 
Sort Columns:       	[]                  	 
Storage Desc Params:	 	 
	serialization.format	1                   
PREHOOK: query: select * from outputTbl1_n21
PREHOOK: type: QUERY
PREHOOK: Input: default@outputtbl1_n21
#### A masked pattern was here ####
POSTHOOK: query: select * from outputTbl1_n21
POSTHOOK: type: QUERY
POSTHOOK: Input: default@outputtbl1_n21
#### A masked pattern was here ####
1	1
1	2
1	3
2	1
2	2
2	3
3	1
3	2
3	3
7	1
7	2
7	3
8	1
8	1
8	2
8	2
8	3
8	3
