PREHOOK: query: create table jackson_sev_same_n0 as select * from src
PREHOOK: type: CREATETABLE_AS_SELECT
PREHOOK: Input: default@src
PREHOOK: Output: database:default
PREHOOK: Output: default@jackson_sev_same_n0
POSTHOOK: query: create table jackson_sev_same_n0 as select * from src
POSTHOOK: type: CREATETABLE_AS_SELECT
POSTHOOK: Input: default@src
POSTHOOK: Output: database:default
POSTHOOK: Output: default@jackson_sev_same_n0
POSTHOOK: Lineage: jackson_sev_same_n0.key SIMPLE [(src)src.FieldSchema(name:key, type:string, comment:default), ]
POSTHOOK: Lineage: jackson_sev_same_n0.value SIMPLE [(src)src.FieldSchema(name:value, type:string, comment:default), ]
PREHOOK: query: create table dim_pho_n0 as select * from src
PREHOOK: type: CREATETABLE_AS_SELECT
PREHOOK: Input: default@src
PREHOOK: Output: database:default
PREHOOK: Output: default@dim_pho_n0
POSTHOOK: query: create table dim_pho_n0 as select * from src
POSTHOOK: type: CREATETABLE_AS_SELECT
POSTHOOK: Input: default@src
POSTHOOK: Output: database:default
POSTHOOK: Output: default@dim_pho_n0
POSTHOOK: Lineage: dim_pho_n0.key SIMPLE [(src)src.FieldSchema(name:key, type:string, comment:default), ]
POSTHOOK: Lineage: dim_pho_n0.value SIMPLE [(src)src.FieldSchema(name:value, type:string, comment:default), ]
PREHOOK: query: create table jackson_sev_add_n0 as select * from src
PREHOOK: type: CREATETABLE_AS_SELECT
PREHOOK: Input: default@src
PREHOOK: Output: database:default
PREHOOK: Output: default@jackson_sev_add_n0
POSTHOOK: query: create table jackson_sev_add_n0 as select * from src
POSTHOOK: type: CREATETABLE_AS_SELECT
POSTHOOK: Input: default@src
POSTHOOK: Output: database:default
POSTHOOK: Output: default@jackson_sev_add_n0
POSTHOOK: Lineage: jackson_sev_add_n0.key SIMPLE [(src)src.FieldSchema(name:key, type:string, comment:default), ]
POSTHOOK: Lineage: jackson_sev_add_n0.value SIMPLE [(src)src.FieldSchema(name:value, type:string, comment:default), ]
PREHOOK: query: explain select b.* from jackson_sev_same_n0 a join (select * from dim_pho_n0 union all select * from jackson_sev_add_n0)b on a.key=b.key and b.key=97
PREHOOK: type: QUERY
PREHOOK: Input: default@dim_pho_n0
PREHOOK: Input: default@jackson_sev_add_n0
PREHOOK: Input: default@jackson_sev_same_n0
#### A masked pattern was here ####
POSTHOOK: query: explain select b.* from jackson_sev_same_n0 a join (select * from dim_pho_n0 union all select * from jackson_sev_add_n0)b on a.key=b.key and b.key=97
POSTHOOK: type: QUERY
POSTHOOK: Input: default@dim_pho_n0
POSTHOOK: Input: default@jackson_sev_add_n0
POSTHOOK: Input: default@jackson_sev_same_n0
#### A masked pattern was here ####
STAGE DEPENDENCIES:
  Stage-1 is a root stage
  Stage-0 depends on stages: Stage-1

STAGE PLANS:
  Stage: Stage-1
    Tez
#### A masked pattern was here ####
      Edges:
        Map 3 <- Union 4 (CONTAINS)
        Map 5 <- Union 4 (CONTAINS)
        Reducer 2 <- Map 1 (SIMPLE_EDGE), Union 4 (SIMPLE_EDGE)
#### A masked pattern was here ####
      Vertices:
        Map 1 
            Map Operator Tree:
                TableScan
                  alias: a
                  filterExpr: (UDFToDouble(key) = 97.0D) (type: boolean)
                  Statistics: Num rows: 500 Data size: 43500 Basic stats: COMPLETE Column stats: COMPLETE
                  Filter Operator
                    predicate: (UDFToDouble(key) = 97.0D) (type: boolean)
                    Statistics: Num rows: 250 Data size: 21750 Basic stats: COMPLETE Column stats: COMPLETE
                    Select Operator
                      expressions: key (type: string)
                      outputColumnNames: _col0
                      Statistics: Num rows: 250 Data size: 21750 Basic stats: COMPLETE Column stats: COMPLETE
                      Reduce Output Operator
                        key expressions: _col0 (type: string)
                        null sort order: z
                        sort order: +
                        Map-reduce partition columns: _col0 (type: string)
                        Statistics: Num rows: 250 Data size: 21750 Basic stats: COMPLETE Column stats: COMPLETE
            Execution mode: vectorized, llap
            LLAP IO: no inputs
        Map 3 
            Map Operator Tree:
                TableScan
                  alias: dim_pho_n0
                  filterExpr: (UDFToDouble(key) = 97.0D) (type: boolean)
                  Statistics: Num rows: 500 Data size: 89000 Basic stats: COMPLETE Column stats: COMPLETE
                  Filter Operator
                    predicate: (UDFToDouble(key) = 97.0D) (type: boolean)
                    Statistics: Num rows: 250 Data size: 44500 Basic stats: COMPLETE Column stats: COMPLETE
                    Select Operator
                      expressions: key (type: string), value (type: string)
                      outputColumnNames: _col0, _col1
                      Statistics: Num rows: 250 Data size: 44500 Basic stats: COMPLETE Column stats: COMPLETE
                      Reduce Output Operator
                        key expressions: _col0 (type: string)
                        null sort order: z
                        sort order: +
                        Map-reduce partition columns: _col0 (type: string)
                        Statistics: Num rows: 500 Data size: 89000 Basic stats: COMPLETE Column stats: COMPLETE
                        value expressions: _col1 (type: string)
            Execution mode: vectorized, llap
            LLAP IO: no inputs
        Map 5 
            Map Operator Tree:
                TableScan
                  alias: jackson_sev_add_n0
                  filterExpr: (UDFToDouble(key) = 97.0D) (type: boolean)
                  Statistics: Num rows: 500 Data size: 89000 Basic stats: COMPLETE Column stats: COMPLETE
                  Filter Operator
                    predicate: (UDFToDouble(key) = 97.0D) (type: boolean)
                    Statistics: Num rows: 250 Data size: 44500 Basic stats: COMPLETE Column stats: COMPLETE
                    Select Operator
                      expressions: key (type: string), value (type: string)
                      outputColumnNames: _col0, _col1
                      Statistics: Num rows: 250 Data size: 44500 Basic stats: COMPLETE Column stats: COMPLETE
                      Reduce Output Operator
                        key expressions: _col0 (type: string)
                        null sort order: z
                        sort order: +
                        Map-reduce partition columns: _col0 (type: string)
                        Statistics: Num rows: 500 Data size: 89000 Basic stats: COMPLETE Column stats: COMPLETE
                        value expressions: _col1 (type: string)
            Execution mode: vectorized, llap
            LLAP IO: no inputs
        Reducer 2 
            Execution mode: llap
            Reduce Operator Tree:
              Merge Join Operator
                condition map:
                     Inner Join 0 to 1
                keys:
                  0 _col0 (type: string)
                  1 _col0 (type: string)
                outputColumnNames: _col1, _col2
                Statistics: Num rows: 500 Data size: 89000 Basic stats: COMPLETE Column stats: COMPLETE
                Select Operator
                  expressions: _col1 (type: string), _col2 (type: string)
                  outputColumnNames: _col0, _col1
                  Statistics: Num rows: 500 Data size: 89000 Basic stats: COMPLETE Column stats: COMPLETE
                  File Output Operator
                    compressed: false
                    Statistics: Num rows: 500 Data size: 89000 Basic stats: COMPLETE Column stats: COMPLETE
                    table:
                        input format: org.apache.hadoop.mapred.SequenceFileInputFormat
                        output format: org.apache.hadoop.hive.ql.io.HiveSequenceFileOutputFormat
                        serde: org.apache.hadoop.hive.serde2.lazy.LazySimpleSerDe
        Union 4 
            Vertex: Union 4

  Stage: Stage-0
    Fetch Operator
      limit: -1
      Processor Tree:
        ListSink

PREHOOK: query: select b.* from jackson_sev_same_n0 a join (select * from dim_pho_n0 union all select * from jackson_sev_add_n0)b on a.key=b.key and b.key=97
PREHOOK: type: QUERY
PREHOOK: Input: default@dim_pho_n0
PREHOOK: Input: default@jackson_sev_add_n0
PREHOOK: Input: default@jackson_sev_same_n0
#### A masked pattern was here ####
POSTHOOK: query: select b.* from jackson_sev_same_n0 a join (select * from dim_pho_n0 union all select * from jackson_sev_add_n0)b on a.key=b.key and b.key=97
POSTHOOK: type: QUERY
POSTHOOK: Input: default@dim_pho_n0
POSTHOOK: Input: default@jackson_sev_add_n0
POSTHOOK: Input: default@jackson_sev_same_n0
#### A masked pattern was here ####
97	val_97
97	val_97
97	val_97
97	val_97
97	val_97
97	val_97
97	val_97
97	val_97
