PREHOOK: query: CREATE TABLE test_src_n1 (key STRING, value STRING)
PREHOOK: type: CREATETABLE
PREHOOK: Output: database:default
PREHOOK: Output: default@test_src_n1
POSTHOOK: query: CREATE TABLE test_src_n1 (key STRING, value STRING)
POSTHOOK: type: CREATETABLE
POSTHOOK: Output: database:default
POSTHOOK: Output: default@test_src_n1
PREHOOK: query: EXPLAIN INSERT OVERWRITE TABLE test_src_n1 
SELECT key, value FROM (
	SELECT key, value FROM src 
	WHERE key = 0
UNION ALL
 	SELECT key, cast(COUNT(*) as string) AS value FROM src
 	GROUP BY key
)a
PREHOOK: type: QUERY
PREHOOK: Input: default@src
PREHOOK: Output: default@test_src_n1
POSTHOOK: query: EXPLAIN INSERT OVERWRITE TABLE test_src_n1 
SELECT key, value FROM (
	SELECT key, value FROM src 
	WHERE key = 0
UNION ALL
 	SELECT key, cast(COUNT(*) as string) AS value FROM src
 	GROUP BY key
)a
POSTHOOK: type: QUERY
POSTHOOK: Input: default@src
POSTHOOK: Output: default@test_src_n1
STAGE DEPENDENCIES:
  Stage-1 is a root stage
  Stage-2 depends on stages: Stage-1
  Stage-0 depends on stages: Stage-2
  Stage-3 depends on stages: Stage-0

STAGE PLANS:
  Stage: Stage-1
    Tez
#### A masked pattern was here ####
      Edges:
        Map 1 <- Union 2 (CONTAINS)
        Reducer 3 <- Union 2 (CUSTOM_SIMPLE_EDGE)
        Reducer 5 <- Map 4 (SIMPLE_EDGE)
        Reducer 6 <- Reducer 5 (SIMPLE_EDGE), Union 2 (CONTAINS)
#### A masked pattern was here ####
      Vertices:
        Map 1 
            Map Operator Tree:
                TableScan
                  alias: src
                  filterExpr: (UDFToDouble(key) = 0.0D) (type: boolean)
                  Statistics: Num rows: 500 Data size: 89000 Basic stats: COMPLETE Column stats: COMPLETE
                  Filter Operator
                    predicate: (UDFToDouble(key) = 0.0D) (type: boolean)
                    Statistics: Num rows: 250 Data size: 44500 Basic stats: COMPLETE Column stats: COMPLETE
                    Select Operator
                      expressions: key (type: string), value (type: string)
                      outputColumnNames: _col0, _col1
                      Statistics: Num rows: 250 Data size: 44500 Basic stats: COMPLETE Column stats: COMPLETE
                      File Output Operator
                        compressed: false
                        Statistics: Num rows: 566 Data size: 130136 Basic stats: COMPLETE Column stats: COMPLETE
                        table:
                            input format: org.apache.hadoop.mapred.TextInputFormat
                            output format: org.apache.hadoop.hive.ql.io.HiveIgnoreKeyTextOutputFormat
                            serde: org.apache.hadoop.hive.serde2.lazy.LazySimpleSerDe
                            name: default.test_src_n1
                      Select Operator
                        expressions: _col0 (type: string), _col1 (type: string)
                        outputColumnNames: key, value
                        Statistics: Num rows: 566 Data size: 153386 Basic stats: COMPLETE Column stats: COMPLETE
                        Group By Operator
                          aggregations: max(length(key)), avg(COALESCE(length(key),0)), count(1), count(key), compute_bit_vector_hll(key), max(length(value)), avg(COALESCE(length(value),0)), count(value), compute_bit_vector_hll(value)
                          minReductionHashAggr: 0.99
                          mode: hash
                          outputColumnNames: _col0, _col1, _col2, _col3, _col4, _col5, _col6, _col7, _col8
                          Statistics: Num rows: 1 Data size: 472 Basic stats: COMPLETE Column stats: COMPLETE
                          Reduce Output Operator
                            null sort order: 
                            sort order: 
                            Statistics: Num rows: 1 Data size: 472 Basic stats: COMPLETE Column stats: COMPLETE
                            value expressions: _col0 (type: int), _col1 (type: struct<count:bigint,sum:double,input:int>), _col2 (type: bigint), _col3 (type: bigint), _col4 (type: binary), _col5 (type: int), _col6 (type: struct<count:bigint,sum:double,input:int>), _col7 (type: bigint), _col8 (type: binary)
            Execution mode: vectorized, llap
            LLAP IO: all inputs
        Map 4 
            Map Operator Tree:
                TableScan
                  alias: src
                  Statistics: Num rows: 500 Data size: 43500 Basic stats: COMPLETE Column stats: COMPLETE
                  Select Operator
                    expressions: key (type: string)
                    outputColumnNames: key
                    Statistics: Num rows: 500 Data size: 43500 Basic stats: COMPLETE Column stats: COMPLETE
                    Group By Operator
                      aggregations: count()
                      keys: key (type: string)
                      minReductionHashAggr: 0.4
                      mode: hash
                      outputColumnNames: _col0, _col1
                      Statistics: Num rows: 316 Data size: 30020 Basic stats: COMPLETE Column stats: COMPLETE
                      Reduce Output Operator
                        key expressions: _col0 (type: string)
                        null sort order: z
                        sort order: +
                        Map-reduce partition columns: rand() (type: double)
                        Statistics: Num rows: 316 Data size: 30020 Basic stats: COMPLETE Column stats: COMPLETE
                        value expressions: _col1 (type: bigint)
            Execution mode: vectorized, llap
            LLAP IO: all inputs
        Reducer 3 
            Execution mode: vectorized, llap
            Reduce Operator Tree:
              Group By Operator
                aggregations: max(VALUE._col0), avg(VALUE._col1), count(VALUE._col2), count(VALUE._col3), compute_bit_vector_hll(VALUE._col4), max(VALUE._col5), avg(VALUE._col6), count(VALUE._col7), compute_bit_vector_hll(VALUE._col8)
                mode: final
                outputColumnNames: _col0, _col1, _col2, _col3, _col4, _col5, _col6, _col7, _col8
                Statistics: Num rows: 1 Data size: 336 Basic stats: COMPLETE Column stats: COMPLETE
                Select Operator
                  expressions: 'STRING' (type: string), UDFToLong(COALESCE(_col0,0)) (type: bigint), COALESCE(_col1,0) (type: double), (_col2 - _col3) (type: bigint), COALESCE(ndv_compute_bit_vector(_col4),0) (type: bigint), _col4 (type: binary), 'STRING' (type: string), UDFToLong(COALESCE(_col5,0)) (type: bigint), COALESCE(_col6,0) (type: double), (_col2 - _col7) (type: bigint), COALESCE(ndv_compute_bit_vector(_col8),0) (type: bigint), _col8 (type: binary)
                  outputColumnNames: _col0, _col1, _col2, _col3, _col4, _col5, _col6, _col7, _col8, _col9, _col10, _col11
                  Statistics: Num rows: 1 Data size: 532 Basic stats: COMPLETE Column stats: COMPLETE
                  File Output Operator
                    compressed: false
                    Statistics: Num rows: 1 Data size: 532 Basic stats: COMPLETE Column stats: COMPLETE
                    table:
                        input format: org.apache.hadoop.mapred.SequenceFileInputFormat
                        output format: org.apache.hadoop.hive.ql.io.HiveSequenceFileOutputFormat
                        serde: org.apache.hadoop.hive.serde2.lazy.LazySimpleSerDe
        Reducer 5 
            Execution mode: vectorized, llap
            Reduce Operator Tree:
              Group By Operator
                aggregations: count(VALUE._col0)
                keys: KEY._col0 (type: string)
                mode: partials
                outputColumnNames: _col0, _col1
                Statistics: Num rows: 316 Data size: 30020 Basic stats: COMPLETE Column stats: COMPLETE
                Reduce Output Operator
                  key expressions: _col0 (type: string)
                  null sort order: z
                  sort order: +
                  Map-reduce partition columns: _col0 (type: string)
                  Statistics: Num rows: 316 Data size: 30020 Basic stats: COMPLETE Column stats: COMPLETE
                  value expressions: _col1 (type: bigint)
        Reducer 6 
            Execution mode: vectorized, llap
            Reduce Operator Tree:
              Group By Operator
                aggregations: count(VALUE._col0)
                keys: KEY._col0 (type: string)
                mode: final
                outputColumnNames: _col0, _col1
                Statistics: Num rows: 316 Data size: 30020 Basic stats: COMPLETE Column stats: COMPLETE
                Select Operator
                  expressions: _col0 (type: string), CAST( _col1 AS STRING) (type: string)
                  outputColumnNames: _col0, _col1
                  Statistics: Num rows: 316 Data size: 85636 Basic stats: COMPLETE Column stats: COMPLETE
                  File Output Operator
                    compressed: false
                    Statistics: Num rows: 566 Data size: 130136 Basic stats: COMPLETE Column stats: COMPLETE
                    table:
                        input format: org.apache.hadoop.mapred.TextInputFormat
                        output format: org.apache.hadoop.hive.ql.io.HiveIgnoreKeyTextOutputFormat
                        serde: org.apache.hadoop.hive.serde2.lazy.LazySimpleSerDe
                        name: default.test_src_n1
                  Select Operator
                    expressions: _col0 (type: string), _col1 (type: string)
                    outputColumnNames: key, value
                    Statistics: Num rows: 566 Data size: 153386 Basic stats: COMPLETE Column stats: COMPLETE
                    Group By Operator
                      aggregations: max(length(key)), avg(COALESCE(length(key),0)), count(1), count(key), compute_bit_vector_hll(key), max(length(value)), avg(COALESCE(length(value),0)), count(value), compute_bit_vector_hll(value)
                      minReductionHashAggr: 0.99
                      mode: hash
                      outputColumnNames: _col0, _col1, _col2, _col3, _col4, _col5, _col6, _col7, _col8
                      Statistics: Num rows: 1 Data size: 472 Basic stats: COMPLETE Column stats: COMPLETE
                      Reduce Output Operator
                        null sort order: 
                        sort order: 
                        Statistics: Num rows: 1 Data size: 472 Basic stats: COMPLETE Column stats: COMPLETE
                        value expressions: _col0 (type: int), _col1 (type: struct<count:bigint,sum:double,input:int>), _col2 (type: bigint), _col3 (type: bigint), _col4 (type: binary), _col5 (type: int), _col6 (type: struct<count:bigint,sum:double,input:int>), _col7 (type: bigint), _col8 (type: binary)
        Union 2 
            Vertex: Union 2

  Stage: Stage-2
    Dependency Collection

  Stage: Stage-0
    Move Operator
      tables:
          replace: true
          table:
              input format: org.apache.hadoop.mapred.TextInputFormat
              output format: org.apache.hadoop.hive.ql.io.HiveIgnoreKeyTextOutputFormat
              serde: org.apache.hadoop.hive.serde2.lazy.LazySimpleSerDe
              name: default.test_src_n1

  Stage: Stage-3
    Stats Work
      Basic Stats Work:
      Column Stats Desc:
          Columns: key, value
          Column Types: string, string
          Table: default.test_src_n1

PREHOOK: query: INSERT OVERWRITE TABLE test_src_n1 
SELECT key, value FROM (
	SELECT key, value FROM src 
	WHERE key = 0
UNION ALL
 	SELECT key, cast(COUNT(*) as string) AS value FROM src
 	GROUP BY key
)a
PREHOOK: type: QUERY
PREHOOK: Input: default@src
PREHOOK: Output: default@test_src_n1
POSTHOOK: query: INSERT OVERWRITE TABLE test_src_n1 
SELECT key, value FROM (
	SELECT key, value FROM src 
	WHERE key = 0
UNION ALL
 	SELECT key, cast(COUNT(*) as string) AS value FROM src
 	GROUP BY key
)a
POSTHOOK: type: QUERY
POSTHOOK: Input: default@src
POSTHOOK: Output: default@test_src_n1
POSTHOOK: Lineage: test_src_n1.key EXPRESSION [(src)src.FieldSchema(name:key, type:string, comment:default), ]
POSTHOOK: Lineage: test_src_n1.value EXPRESSION [(src)src.FieldSchema(name:value, type:string, comment:default), (src)src.null, ]
PREHOOK: query: SELECT COUNT(*) FROM test_src_n1
PREHOOK: type: QUERY
PREHOOK: Input: default@test_src_n1
#### A masked pattern was here ####
POSTHOOK: query: SELECT COUNT(*) FROM test_src_n1
POSTHOOK: type: QUERY
POSTHOOK: Input: default@test_src_n1
#### A masked pattern was here ####
312
PREHOOK: query: EXPLAIN INSERT OVERWRITE TABLE test_src_n1 
SELECT key, value FROM (
	SELECT key, cast(COUNT(*) as string) AS value FROM src
 	GROUP BY key
UNION ALL
 	SELECT key, value FROM src 
	WHERE key = 0
)a
PREHOOK: type: QUERY
PREHOOK: Input: default@src
PREHOOK: Output: default@test_src_n1
POSTHOOK: query: EXPLAIN INSERT OVERWRITE TABLE test_src_n1 
SELECT key, value FROM (
	SELECT key, cast(COUNT(*) as string) AS value FROM src
 	GROUP BY key
UNION ALL
 	SELECT key, value FROM src 
	WHERE key = 0
)a
POSTHOOK: type: QUERY
POSTHOOK: Input: default@src
POSTHOOK: Output: default@test_src_n1
STAGE DEPENDENCIES:
  Stage-1 is a root stage
  Stage-2 depends on stages: Stage-1
  Stage-0 depends on stages: Stage-2
  Stage-3 depends on stages: Stage-0

STAGE PLANS:
  Stage: Stage-1
    Tez
#### A masked pattern was here ####
      Edges:
        Map 6 <- Union 4 (CONTAINS)
        Reducer 2 <- Map 1 (SIMPLE_EDGE)
        Reducer 3 <- Reducer 2 (SIMPLE_EDGE), Union 4 (CONTAINS)
        Reducer 5 <- Union 4 (CUSTOM_SIMPLE_EDGE)
#### A masked pattern was here ####
      Vertices:
        Map 1 
            Map Operator Tree:
                TableScan
                  alias: src
                  Statistics: Num rows: 500 Data size: 43500 Basic stats: COMPLETE Column stats: COMPLETE
                  Select Operator
                    expressions: key (type: string)
                    outputColumnNames: key
                    Statistics: Num rows: 500 Data size: 43500 Basic stats: COMPLETE Column stats: COMPLETE
                    Group By Operator
                      aggregations: count()
                      keys: key (type: string)
                      minReductionHashAggr: 0.4
                      mode: hash
                      outputColumnNames: _col0, _col1
                      Statistics: Num rows: 316 Data size: 30020 Basic stats: COMPLETE Column stats: COMPLETE
                      Reduce Output Operator
                        key expressions: _col0 (type: string)
                        null sort order: z
                        sort order: +
                        Map-reduce partition columns: rand() (type: double)
                        Statistics: Num rows: 316 Data size: 30020 Basic stats: COMPLETE Column stats: COMPLETE
                        value expressions: _col1 (type: bigint)
            Execution mode: vectorized, llap
            LLAP IO: all inputs
        Map 6 
            Map Operator Tree:
                TableScan
                  alias: src
                  filterExpr: (UDFToDouble(key) = 0.0D) (type: boolean)
                  Statistics: Num rows: 500 Data size: 89000 Basic stats: COMPLETE Column stats: COMPLETE
                  Filter Operator
                    predicate: (UDFToDouble(key) = 0.0D) (type: boolean)
                    Statistics: Num rows: 250 Data size: 44500 Basic stats: COMPLETE Column stats: COMPLETE
                    Select Operator
                      expressions: key (type: string), value (type: string)
                      outputColumnNames: _col0, _col1
                      Statistics: Num rows: 250 Data size: 44500 Basic stats: COMPLETE Column stats: COMPLETE
                      File Output Operator
                        compressed: false
                        Statistics: Num rows: 566 Data size: 130136 Basic stats: COMPLETE Column stats: COMPLETE
                        table:
                            input format: org.apache.hadoop.mapred.TextInputFormat
                            output format: org.apache.hadoop.hive.ql.io.HiveIgnoreKeyTextOutputFormat
                            serde: org.apache.hadoop.hive.serde2.lazy.LazySimpleSerDe
                            name: default.test_src_n1
                      Select Operator
                        expressions: _col0 (type: string), _col1 (type: string)
                        outputColumnNames: key, value
                        Statistics: Num rows: 566 Data size: 153386 Basic stats: COMPLETE Column stats: COMPLETE
                        Group By Operator
                          aggregations: max(length(key)), avg(COALESCE(length(key),0)), count(1), count(key), compute_bit_vector_hll(key), max(length(value)), avg(COALESCE(length(value),0)), count(value), compute_bit_vector_hll(value)
                          minReductionHashAggr: 0.99
                          mode: hash
                          outputColumnNames: _col0, _col1, _col2, _col3, _col4, _col5, _col6, _col7, _col8
                          Statistics: Num rows: 1 Data size: 472 Basic stats: COMPLETE Column stats: COMPLETE
                          Reduce Output Operator
                            null sort order: 
                            sort order: 
                            Statistics: Num rows: 1 Data size: 472 Basic stats: COMPLETE Column stats: COMPLETE
                            value expressions: _col0 (type: int), _col1 (type: struct<count:bigint,sum:double,input:int>), _col2 (type: bigint), _col3 (type: bigint), _col4 (type: binary), _col5 (type: int), _col6 (type: struct<count:bigint,sum:double,input:int>), _col7 (type: bigint), _col8 (type: binary)
            Execution mode: vectorized, llap
            LLAP IO: all inputs
        Reducer 2 
            Execution mode: vectorized, llap
            Reduce Operator Tree:
              Group By Operator
                aggregations: count(VALUE._col0)
                keys: KEY._col0 (type: string)
                mode: partials
                outputColumnNames: _col0, _col1
                Statistics: Num rows: 316 Data size: 30020 Basic stats: COMPLETE Column stats: COMPLETE
                Reduce Output Operator
                  key expressions: _col0 (type: string)
                  null sort order: z
                  sort order: +
                  Map-reduce partition columns: _col0 (type: string)
                  Statistics: Num rows: 316 Data size: 30020 Basic stats: COMPLETE Column stats: COMPLETE
                  value expressions: _col1 (type: bigint)
        Reducer 3 
            Execution mode: vectorized, llap
            Reduce Operator Tree:
              Group By Operator
                aggregations: count(VALUE._col0)
                keys: KEY._col0 (type: string)
                mode: final
                outputColumnNames: _col0, _col1
                Statistics: Num rows: 316 Data size: 30020 Basic stats: COMPLETE Column stats: COMPLETE
                Select Operator
                  expressions: _col0 (type: string), CAST( _col1 AS STRING) (type: string)
                  outputColumnNames: _col0, _col1
                  Statistics: Num rows: 316 Data size: 85636 Basic stats: COMPLETE Column stats: COMPLETE
                  File Output Operator
                    compressed: false
                    Statistics: Num rows: 566 Data size: 130136 Basic stats: COMPLETE Column stats: COMPLETE
                    table:
                        input format: org.apache.hadoop.mapred.TextInputFormat
                        output format: org.apache.hadoop.hive.ql.io.HiveIgnoreKeyTextOutputFormat
                        serde: org.apache.hadoop.hive.serde2.lazy.LazySimpleSerDe
                        name: default.test_src_n1
                  Select Operator
                    expressions: _col0 (type: string), _col1 (type: string)
                    outputColumnNames: key, value
                    Statistics: Num rows: 566 Data size: 153386 Basic stats: COMPLETE Column stats: COMPLETE
                    Group By Operator
                      aggregations: max(length(key)), avg(COALESCE(length(key),0)), count(1), count(key), compute_bit_vector_hll(key), max(length(value)), avg(COALESCE(length(value),0)), count(value), compute_bit_vector_hll(value)
                      minReductionHashAggr: 0.99
                      mode: hash
                      outputColumnNames: _col0, _col1, _col2, _col3, _col4, _col5, _col6, _col7, _col8
                      Statistics: Num rows: 1 Data size: 472 Basic stats: COMPLETE Column stats: COMPLETE
                      Reduce Output Operator
                        null sort order: 
                        sort order: 
                        Statistics: Num rows: 1 Data size: 472 Basic stats: COMPLETE Column stats: COMPLETE
                        value expressions: _col0 (type: int), _col1 (type: struct<count:bigint,sum:double,input:int>), _col2 (type: bigint), _col3 (type: bigint), _col4 (type: binary), _col5 (type: int), _col6 (type: struct<count:bigint,sum:double,input:int>), _col7 (type: bigint), _col8 (type: binary)
        Reducer 5 
            Execution mode: vectorized, llap
            Reduce Operator Tree:
              Group By Operator
                aggregations: max(VALUE._col0), avg(VALUE._col1), count(VALUE._col2), count(VALUE._col3), compute_bit_vector_hll(VALUE._col4), max(VALUE._col5), avg(VALUE._col6), count(VALUE._col7), compute_bit_vector_hll(VALUE._col8)
                mode: final
                outputColumnNames: _col0, _col1, _col2, _col3, _col4, _col5, _col6, _col7, _col8
                Statistics: Num rows: 1 Data size: 336 Basic stats: COMPLETE Column stats: COMPLETE
                Select Operator
                  expressions: 'STRING' (type: string), UDFToLong(COALESCE(_col0,0)) (type: bigint), COALESCE(_col1,0) (type: double), (_col2 - _col3) (type: bigint), COALESCE(ndv_compute_bit_vector(_col4),0) (type: bigint), _col4 (type: binary), 'STRING' (type: string), UDFToLong(COALESCE(_col5,0)) (type: bigint), COALESCE(_col6,0) (type: double), (_col2 - _col7) (type: bigint), COALESCE(ndv_compute_bit_vector(_col8),0) (type: bigint), _col8 (type: binary)
                  outputColumnNames: _col0, _col1, _col2, _col3, _col4, _col5, _col6, _col7, _col8, _col9, _col10, _col11
                  Statistics: Num rows: 1 Data size: 532 Basic stats: COMPLETE Column stats: COMPLETE
                  File Output Operator
                    compressed: false
                    Statistics: Num rows: 1 Data size: 532 Basic stats: COMPLETE Column stats: COMPLETE
                    table:
                        input format: org.apache.hadoop.mapred.SequenceFileInputFormat
                        output format: org.apache.hadoop.hive.ql.io.HiveSequenceFileOutputFormat
                        serde: org.apache.hadoop.hive.serde2.lazy.LazySimpleSerDe
        Union 4 
            Vertex: Union 4

  Stage: Stage-2
    Dependency Collection

  Stage: Stage-0
    Move Operator
      tables:
          replace: true
          table:
              input format: org.apache.hadoop.mapred.TextInputFormat
              output format: org.apache.hadoop.hive.ql.io.HiveIgnoreKeyTextOutputFormat
              serde: org.apache.hadoop.hive.serde2.lazy.LazySimpleSerDe
              name: default.test_src_n1

  Stage: Stage-3
    Stats Work
      Basic Stats Work:
      Column Stats Desc:
          Columns: key, value
          Column Types: string, string
          Table: default.test_src_n1

PREHOOK: query: INSERT OVERWRITE TABLE test_src_n1 
SELECT key, value FROM (
	SELECT key, cast(COUNT(*) as string) AS value FROM src
 	GROUP BY key
UNION ALL
 	SELECT key, value FROM src 
	WHERE key = 0
)a
PREHOOK: type: QUERY
PREHOOK: Input: default@src
PREHOOK: Output: default@test_src_n1
POSTHOOK: query: INSERT OVERWRITE TABLE test_src_n1 
SELECT key, value FROM (
	SELECT key, cast(COUNT(*) as string) AS value FROM src
 	GROUP BY key
UNION ALL
 	SELECT key, value FROM src 
	WHERE key = 0
)a
POSTHOOK: type: QUERY
POSTHOOK: Input: default@src
POSTHOOK: Output: default@test_src_n1
POSTHOOK: Lineage: test_src_n1.key EXPRESSION [(src)src.FieldSchema(name:key, type:string, comment:default), ]
POSTHOOK: Lineage: test_src_n1.value EXPRESSION [(src)src.null, (src)src.FieldSchema(name:value, type:string, comment:default), ]
PREHOOK: query: SELECT COUNT(*) FROM test_src_n1
PREHOOK: type: QUERY
PREHOOK: Input: default@test_src_n1
#### A masked pattern was here ####
POSTHOOK: query: SELECT COUNT(*) FROM test_src_n1
POSTHOOK: type: QUERY
POSTHOOK: Input: default@test_src_n1
#### A masked pattern was here ####
312
