PREHOOK: query: create table src10_1_n0 (key string, value string)
PREHOOK: type: CREATETABLE
PREHOOK: Output: database:default
PREHOOK: Output: default@src10_1_n0
POSTHOOK: query: create table src10_1_n0 (key string, value string)
POSTHOOK: type: CREATETABLE
POSTHOOK: Output: database:default
POSTHOOK: Output: default@src10_1_n0
PREHOOK: query: create table src10_2_n0 (key string, value string)
PREHOOK: type: CREATETABLE
PREHOOK: Output: database:default
PREHOOK: Output: default@src10_2_n0
POSTHOOK: query: create table src10_2_n0 (key string, value string)
POSTHOOK: type: CREATETABLE
POSTHOOK: Output: database:default
POSTHOOK: Output: default@src10_2_n0
PREHOOK: query: create table src10_3_n0 (key string, value string)
PREHOOK: type: CREATETABLE
PREHOOK: Output: database:default
PREHOOK: Output: default@src10_3_n0
POSTHOOK: query: create table src10_3_n0 (key string, value string)
POSTHOOK: type: CREATETABLE
POSTHOOK: Output: database:default
POSTHOOK: Output: default@src10_3_n0
PREHOOK: query: create table src10_4_n0 (key string, value string)
PREHOOK: type: CREATETABLE
PREHOOK: Output: database:default
PREHOOK: Output: default@src10_4_n0
POSTHOOK: query: create table src10_4_n0 (key string, value string)
POSTHOOK: type: CREATETABLE
POSTHOOK: Output: database:default
POSTHOOK: Output: default@src10_4_n0
PREHOOK: query: from (select * from src tablesample (10 rows)) a
insert overwrite table src10_1_n0 select *
insert overwrite table src10_2_n0 select *
insert overwrite table src10_3_n0 select *
insert overwrite table src10_4_n0 select *
PREHOOK: type: QUERY
PREHOOK: Input: default@src
PREHOOK: Output: default@src10_1_n0
PREHOOK: Output: default@src10_2_n0
PREHOOK: Output: default@src10_3_n0
PREHOOK: Output: default@src10_4_n0
POSTHOOK: query: from (select * from src tablesample (10 rows)) a
insert overwrite table src10_1_n0 select *
insert overwrite table src10_2_n0 select *
insert overwrite table src10_3_n0 select *
insert overwrite table src10_4_n0 select *
POSTHOOK: type: QUERY
POSTHOOK: Input: default@src
POSTHOOK: Output: default@src10_1_n0
POSTHOOK: Output: default@src10_2_n0
POSTHOOK: Output: default@src10_3_n0
POSTHOOK: Output: default@src10_4_n0
POSTHOOK: Lineage: src10_1_n0.key SIMPLE [(src)src.FieldSchema(name:key, type:string, comment:default), ]
POSTHOOK: Lineage: src10_1_n0.value SIMPLE [(src)src.FieldSchema(name:value, type:string, comment:default), ]
POSTHOOK: Lineage: src10_2_n0.key SIMPLE [(src)src.FieldSchema(name:key, type:string, comment:default), ]
POSTHOOK: Lineage: src10_2_n0.value SIMPLE [(src)src.FieldSchema(name:value, type:string, comment:default), ]
POSTHOOK: Lineage: src10_3_n0.key SIMPLE [(src)src.FieldSchema(name:key, type:string, comment:default), ]
POSTHOOK: Lineage: src10_3_n0.value SIMPLE [(src)src.FieldSchema(name:value, type:string, comment:default), ]
POSTHOOK: Lineage: src10_4_n0.key SIMPLE [(src)src.FieldSchema(name:key, type:string, comment:default), ]
POSTHOOK: Lineage: src10_4_n0.value SIMPLE [(src)src.FieldSchema(name:value, type:string, comment:default), ]
PREHOOK: query: explain
SELECT * FROM (
  SELECT sub1.key,sub1.value FROM (SELECT * FROM src10_1_n0) sub1 JOIN (SELECT * FROM src10_2_n0) sub0 ON (sub0.key = sub1.key)
  UNION ALL
  SELECT key,value FROM (SELECT * FROM (SELECT * FROM src10_3_n0) sub2 UNION ALL SELECT * FROM src10_4_n0 ) alias0
) alias1
PREHOOK: type: QUERY
PREHOOK: Input: default@src10_1_n0
PREHOOK: Input: default@src10_2_n0
PREHOOK: Input: default@src10_3_n0
PREHOOK: Input: default@src10_4_n0
#### A masked pattern was here ####
POSTHOOK: query: explain
SELECT * FROM (
  SELECT sub1.key,sub1.value FROM (SELECT * FROM src10_1_n0) sub1 JOIN (SELECT * FROM src10_2_n0) sub0 ON (sub0.key = sub1.key)
  UNION ALL
  SELECT key,value FROM (SELECT * FROM (SELECT * FROM src10_3_n0) sub2 UNION ALL SELECT * FROM src10_4_n0 ) alias0
) alias1
POSTHOOK: type: QUERY
POSTHOOK: Input: default@src10_1_n0
POSTHOOK: Input: default@src10_2_n0
POSTHOOK: Input: default@src10_3_n0
POSTHOOK: Input: default@src10_4_n0
#### A masked pattern was here ####
STAGE DEPENDENCIES:
  Stage-1 is a root stage
  Stage-0 depends on stages: Stage-1

STAGE PLANS:
  Stage: Stage-1
    Tez
#### A masked pattern was here ####
      Edges:
        Map 1 <- Map 3 (BROADCAST_EDGE), Union 2 (CONTAINS)
        Map 4 <- Union 2 (CONTAINS)
        Map 5 <- Union 2 (CONTAINS)
#### A masked pattern was here ####
      Vertices:
        Map 1 
            Map Operator Tree:
                TableScan
                  alias: src10_1_n0
                  filterExpr: key is not null (type: boolean)
                  probeDecodeDetails: cacheKey:HASH_MAP_MAPJOIN_31_container, bigKeyColName:key, smallTablePos:1, keyRatio:1.0
                  Statistics: Num rows: 10 Data size: 1780 Basic stats: COMPLETE Column stats: COMPLETE
                  Filter Operator
                    predicate: key is not null (type: boolean)
                    Statistics: Num rows: 10 Data size: 1780 Basic stats: COMPLETE Column stats: COMPLETE
                    Select Operator
                      expressions: key (type: string), value (type: string)
                      outputColumnNames: _col0, _col1
                      Statistics: Num rows: 10 Data size: 1780 Basic stats: COMPLETE Column stats: COMPLETE
                      Map Join Operator
                        condition map:
                             Inner Join 0 to 1
                        keys:
                          0 _col0 (type: string)
                          1 _col0 (type: string)
                        outputColumnNames: _col0, _col1
                        input vertices:
                          1 Map 3
                        Statistics: Num rows: 10 Data size: 1780 Basic stats: COMPLETE Column stats: COMPLETE
                        File Output Operator
                          compressed: false
                          Statistics: Num rows: 30 Data size: 5340 Basic stats: COMPLETE Column stats: COMPLETE
                          table:
                              input format: org.apache.hadoop.mapred.SequenceFileInputFormat
                              output format: org.apache.hadoop.hive.ql.io.HiveSequenceFileOutputFormat
                              serde: org.apache.hadoop.hive.serde2.lazy.LazySimpleSerDe
            Execution mode: vectorized, llap
            LLAP IO: all inputs
        Map 3 
            Map Operator Tree:
                TableScan
                  alias: src10_2_n0
                  filterExpr: key is not null (type: boolean)
                  Statistics: Num rows: 10 Data size: 870 Basic stats: COMPLETE Column stats: COMPLETE
                  Filter Operator
                    predicate: key is not null (type: boolean)
                    Statistics: Num rows: 10 Data size: 870 Basic stats: COMPLETE Column stats: COMPLETE
                    Select Operator
                      expressions: key (type: string)
                      outputColumnNames: _col0
                      Statistics: Num rows: 10 Data size: 870 Basic stats: COMPLETE Column stats: COMPLETE
                      Reduce Output Operator
                        key expressions: _col0 (type: string)
                        null sort order: z
                        sort order: +
                        Map-reduce partition columns: _col0 (type: string)
                        Statistics: Num rows: 10 Data size: 870 Basic stats: COMPLETE Column stats: COMPLETE
            Execution mode: vectorized, llap
            LLAP IO: all inputs
        Map 4 
            Map Operator Tree:
                TableScan
                  alias: src10_3_n0
                  Statistics: Num rows: 10 Data size: 1780 Basic stats: COMPLETE Column stats: COMPLETE
                  Select Operator
                    expressions: key (type: string), value (type: string)
                    outputColumnNames: _col0, _col1
                    Statistics: Num rows: 10 Data size: 1780 Basic stats: COMPLETE Column stats: COMPLETE
                    File Output Operator
                      compressed: false
                      Statistics: Num rows: 30 Data size: 5340 Basic stats: COMPLETE Column stats: COMPLETE
                      table:
                          input format: org.apache.hadoop.mapred.SequenceFileInputFormat
                          output format: org.apache.hadoop.hive.ql.io.HiveSequenceFileOutputFormat
                          serde: org.apache.hadoop.hive.serde2.lazy.LazySimpleSerDe
            Execution mode: vectorized, llap
            LLAP IO: all inputs
        Map 5 
            Map Operator Tree:
                TableScan
                  alias: src10_4_n0
                  Statistics: Num rows: 10 Data size: 1780 Basic stats: COMPLETE Column stats: COMPLETE
                  Select Operator
                    expressions: key (type: string), value (type: string)
                    outputColumnNames: _col0, _col1
                    Statistics: Num rows: 10 Data size: 1780 Basic stats: COMPLETE Column stats: COMPLETE
                    File Output Operator
                      compressed: false
                      Statistics: Num rows: 30 Data size: 5340 Basic stats: COMPLETE Column stats: COMPLETE
                      table:
                          input format: org.apache.hadoop.mapred.SequenceFileInputFormat
                          output format: org.apache.hadoop.hive.ql.io.HiveSequenceFileOutputFormat
                          serde: org.apache.hadoop.hive.serde2.lazy.LazySimpleSerDe
            Execution mode: vectorized, llap
            LLAP IO: all inputs
        Union 2 
            Vertex: Union 2

  Stage: Stage-0
    Fetch Operator
      limit: -1
      Processor Tree:
        ListSink

PREHOOK: query: SELECT * FROM (
  SELECT sub1.key,sub1.value FROM (SELECT * FROM src10_1_n0) sub1 JOIN (SELECT * FROM src10_2_n0) sub0 ON (sub0.key = sub1.key)
  UNION ALL
  SELECT key,value FROM (SELECT * FROM (SELECT * FROM src10_3_n0) sub2 UNION ALL SELECT * FROM src10_4_n0 ) alias0
) alias1
PREHOOK: type: QUERY
PREHOOK: Input: default@src10_1_n0
PREHOOK: Input: default@src10_2_n0
PREHOOK: Input: default@src10_3_n0
PREHOOK: Input: default@src10_4_n0
#### A masked pattern was here ####
POSTHOOK: query: SELECT * FROM (
  SELECT sub1.key,sub1.value FROM (SELECT * FROM src10_1_n0) sub1 JOIN (SELECT * FROM src10_2_n0) sub0 ON (sub0.key = sub1.key)
  UNION ALL
  SELECT key,value FROM (SELECT * FROM (SELECT * FROM src10_3_n0) sub2 UNION ALL SELECT * FROM src10_4_n0 ) alias0
) alias1
POSTHOOK: type: QUERY
POSTHOOK: Input: default@src10_1_n0
POSTHOOK: Input: default@src10_2_n0
POSTHOOK: Input: default@src10_3_n0
POSTHOOK: Input: default@src10_4_n0
#### A masked pattern was here ####
165	val_165
165	val_165
165	val_165
238	val_238
238	val_238
238	val_238
255	val_255
255	val_255
255	val_255
27	val_27
27	val_27
27	val_27
278	val_278
278	val_278
278	val_278
311	val_311
311	val_311
311	val_311
409	val_409
409	val_409
409	val_409
484	val_484
484	val_484
484	val_484
86	val_86
86	val_86
86	val_86
98	val_98
98	val_98
98	val_98
PREHOOK: query: explain
SELECT * FROM (
  SELECT sub1.key,sub1.value FROM (SELECT * FROM src10_1_n0) sub1 JOIN (SELECT * FROM src10_2_n0) sub0 ON (sub0.key = sub1.key)
  UNION ALL
  SELECT key,value FROM (SELECT * FROM (SELECT * FROM src10_3_n0) sub2 UNION ALL SELECT * FROM src10_4_n0 ) alias0
) alias1
PREHOOK: type: QUERY
PREHOOK: Input: default@src10_1_n0
PREHOOK: Input: default@src10_2_n0
PREHOOK: Input: default@src10_3_n0
PREHOOK: Input: default@src10_4_n0
#### A masked pattern was here ####
POSTHOOK: query: explain
SELECT * FROM (
  SELECT sub1.key,sub1.value FROM (SELECT * FROM src10_1_n0) sub1 JOIN (SELECT * FROM src10_2_n0) sub0 ON (sub0.key = sub1.key)
  UNION ALL
  SELECT key,value FROM (SELECT * FROM (SELECT * FROM src10_3_n0) sub2 UNION ALL SELECT * FROM src10_4_n0 ) alias0
) alias1
POSTHOOK: type: QUERY
POSTHOOK: Input: default@src10_1_n0
POSTHOOK: Input: default@src10_2_n0
POSTHOOK: Input: default@src10_3_n0
POSTHOOK: Input: default@src10_4_n0
#### A masked pattern was here ####
STAGE DEPENDENCIES:
  Stage-1 is a root stage
  Stage-0 depends on stages: Stage-1

STAGE PLANS:
  Stage: Stage-1
    Tez
#### A masked pattern was here ####
      Edges:
        Map 5 <- Union 3 (CONTAINS)
        Map 6 <- Union 3 (CONTAINS)
        Reducer 2 <- Map 1 (SIMPLE_EDGE), Map 4 (SIMPLE_EDGE), Union 3 (CONTAINS)
#### A masked pattern was here ####
      Vertices:
        Map 1 
            Map Operator Tree:
                TableScan
                  alias: src10_1_n0
                  filterExpr: key is not null (type: boolean)
                  Statistics: Num rows: 10 Data size: 1780 Basic stats: COMPLETE Column stats: COMPLETE
                  Filter Operator
                    predicate: key is not null (type: boolean)
                    Statistics: Num rows: 10 Data size: 1780 Basic stats: COMPLETE Column stats: COMPLETE
                    Select Operator
                      expressions: key (type: string), value (type: string)
                      outputColumnNames: _col0, _col1
                      Statistics: Num rows: 10 Data size: 1780 Basic stats: COMPLETE Column stats: COMPLETE
                      Reduce Output Operator
                        key expressions: _col0 (type: string)
                        null sort order: z
                        sort order: +
                        Map-reduce partition columns: _col0 (type: string)
                        Statistics: Num rows: 10 Data size: 1780 Basic stats: COMPLETE Column stats: COMPLETE
                        value expressions: _col1 (type: string)
            Execution mode: vectorized, llap
            LLAP IO: all inputs
        Map 4 
            Map Operator Tree:
                TableScan
                  alias: src10_2_n0
                  filterExpr: key is not null (type: boolean)
                  Statistics: Num rows: 10 Data size: 870 Basic stats: COMPLETE Column stats: COMPLETE
                  Filter Operator
                    predicate: key is not null (type: boolean)
                    Statistics: Num rows: 10 Data size: 870 Basic stats: COMPLETE Column stats: COMPLETE
                    Select Operator
                      expressions: key (type: string)
                      outputColumnNames: _col0
                      Statistics: Num rows: 10 Data size: 870 Basic stats: COMPLETE Column stats: COMPLETE
                      Reduce Output Operator
                        key expressions: _col0 (type: string)
                        null sort order: z
                        sort order: +
                        Map-reduce partition columns: _col0 (type: string)
                        Statistics: Num rows: 10 Data size: 870 Basic stats: COMPLETE Column stats: COMPLETE
            Execution mode: vectorized, llap
            LLAP IO: all inputs
        Map 5 
            Map Operator Tree:
                TableScan
                  alias: src10_3_n0
                  Statistics: Num rows: 10 Data size: 1780 Basic stats: COMPLETE Column stats: COMPLETE
                  Select Operator
                    expressions: key (type: string), value (type: string)
                    outputColumnNames: _col0, _col1
                    Statistics: Num rows: 10 Data size: 1780 Basic stats: COMPLETE Column stats: COMPLETE
                    File Output Operator
                      compressed: false
                      Statistics: Num rows: 30 Data size: 5340 Basic stats: COMPLETE Column stats: COMPLETE
                      table:
                          input format: org.apache.hadoop.mapred.SequenceFileInputFormat
                          output format: org.apache.hadoop.hive.ql.io.HiveSequenceFileOutputFormat
                          serde: org.apache.hadoop.hive.serde2.lazy.LazySimpleSerDe
            Execution mode: vectorized, llap
            LLAP IO: all inputs
        Map 6 
            Map Operator Tree:
                TableScan
                  alias: src10_4_n0
                  Statistics: Num rows: 10 Data size: 1780 Basic stats: COMPLETE Column stats: COMPLETE
                  Select Operator
                    expressions: key (type: string), value (type: string)
                    outputColumnNames: _col0, _col1
                    Statistics: Num rows: 10 Data size: 1780 Basic stats: COMPLETE Column stats: COMPLETE
                    File Output Operator
                      compressed: false
                      Statistics: Num rows: 30 Data size: 5340 Basic stats: COMPLETE Column stats: COMPLETE
                      table:
                          input format: org.apache.hadoop.mapred.SequenceFileInputFormat
                          output format: org.apache.hadoop.hive.ql.io.HiveSequenceFileOutputFormat
                          serde: org.apache.hadoop.hive.serde2.lazy.LazySimpleSerDe
            Execution mode: vectorized, llap
            LLAP IO: all inputs
        Reducer 2 
            Execution mode: llap
            Reduce Operator Tree:
              Merge Join Operator
                condition map:
                     Inner Join 0 to 1
                keys:
                  0 _col0 (type: string)
                  1 _col0 (type: string)
                outputColumnNames: _col0, _col1
                Statistics: Num rows: 10 Data size: 1780 Basic stats: COMPLETE Column stats: COMPLETE
                File Output Operator
                  compressed: false
                  Statistics: Num rows: 30 Data size: 5340 Basic stats: COMPLETE Column stats: COMPLETE
                  table:
                      input format: org.apache.hadoop.mapred.SequenceFileInputFormat
                      output format: org.apache.hadoop.hive.ql.io.HiveSequenceFileOutputFormat
                      serde: org.apache.hadoop.hive.serde2.lazy.LazySimpleSerDe
        Union 3 
            Vertex: Union 3

  Stage: Stage-0
    Fetch Operator
      limit: -1
      Processor Tree:
        ListSink

PREHOOK: query: SELECT * FROM (
  SELECT sub1.key,sub1.value FROM (SELECT * FROM src10_1_n0) sub1 JOIN (SELECT * FROM src10_2_n0) sub0 ON (sub0.key = sub1.key)
  UNION ALL
  SELECT key,value FROM (SELECT * FROM (SELECT * FROM src10_3_n0) sub2 UNION ALL SELECT * FROM src10_4_n0 ) alias0
) alias1
PREHOOK: type: QUERY
PREHOOK: Input: default@src10_1_n0
PREHOOK: Input: default@src10_2_n0
PREHOOK: Input: default@src10_3_n0
PREHOOK: Input: default@src10_4_n0
#### A masked pattern was here ####
POSTHOOK: query: SELECT * FROM (
  SELECT sub1.key,sub1.value FROM (SELECT * FROM src10_1_n0) sub1 JOIN (SELECT * FROM src10_2_n0) sub0 ON (sub0.key = sub1.key)
  UNION ALL
  SELECT key,value FROM (SELECT * FROM (SELECT * FROM src10_3_n0) sub2 UNION ALL SELECT * FROM src10_4_n0 ) alias0
) alias1
POSTHOOK: type: QUERY
POSTHOOK: Input: default@src10_1_n0
POSTHOOK: Input: default@src10_2_n0
POSTHOOK: Input: default@src10_3_n0
POSTHOOK: Input: default@src10_4_n0
#### A masked pattern was here ####
165	val_165
165	val_165
165	val_165
238	val_238
238	val_238
238	val_238
255	val_255
255	val_255
255	val_255
27	val_27
27	val_27
27	val_27
278	val_278
278	val_278
278	val_278
311	val_311
311	val_311
311	val_311
409	val_409
409	val_409
409	val_409
484	val_484
484	val_484
484	val_484
86	val_86
86	val_86
86	val_86
98	val_98
98	val_98
98	val_98
