PREHOOK: query: create table lbodor_test1 (val string) partitioned by (dt string) stored as avro TBLPROPERTIES ('transactional'='true', 'transactional_properties'='insert_only')
PREHOOK: type: CREATETABLE
PREHOOK: Output: database:default
PREHOOK: Output: default@lbodor_test1
POSTHOOK: query: create table lbodor_test1 (val string) partitioned by (dt string) stored as avro TBLPROPERTIES ('transactional'='true', 'transactional_properties'='insert_only')
POSTHOOK: type: CREATETABLE
POSTHOOK: Output: database:default
POSTHOOK: Output: default@lbodor_test1
PREHOOK: query: insert into lbodor_test1 partition (dt='20230817') values ("val1"), ("val2")
PREHOOK: type: QUERY
PREHOOK: Input: _dummy_database@_dummy_table
PREHOOK: Output: default@lbodor_test1@dt=20230817
POSTHOOK: query: insert into lbodor_test1 partition (dt='20230817') values ("val1"), ("val2")
POSTHOOK: type: QUERY
POSTHOOK: Input: _dummy_database@_dummy_table
POSTHOOK: Output: default@lbodor_test1@dt=20230817
POSTHOOK: Lineage: lbodor_test1 PARTITION(dt=20230817).val SCRIPT []
PREHOOK: query: create table lbodor_test2 (val string) partitioned by (dt string) stored as avro TBLPROPERTIES ('transactional'='true', 'transactional_properties'='insert_only')
PREHOOK: type: CREATETABLE
PREHOOK: Output: database:default
PREHOOK: Output: default@lbodor_test2
POSTHOOK: query: create table lbodor_test2 (val string) partitioned by (dt string) stored as avro TBLPROPERTIES ('transactional'='true', 'transactional_properties'='insert_only')
POSTHOOK: type: CREATETABLE
POSTHOOK: Output: database:default
POSTHOOK: Output: default@lbodor_test2
PREHOOK: query: select ful.* from (select val from lbodor_test2 where dt='20230816') ful left join (select val from lbodor_test1 where dt='20230817') inc on ful.val=inc.val
PREHOOK: type: QUERY
PREHOOK: Input: default@lbodor_test1
PREHOOK: Input: default@lbodor_test1@dt=20230817
PREHOOK: Input: default@lbodor_test2
#### A masked pattern was here ####
POSTHOOK: query: select ful.* from (select val from lbodor_test2 where dt='20230816') ful left join (select val from lbodor_test1 where dt='20230817') inc on ful.val=inc.val
POSTHOOK: type: QUERY
POSTHOOK: Input: default@lbodor_test1
POSTHOOK: Input: default@lbodor_test1@dt=20230817
POSTHOOK: Input: default@lbodor_test2
#### A masked pattern was here ####
PREHOOK: query: explain insert overwrite table lbodor_test2 partition (dt='20230817') select ful.* from (select val from lbodor_test2 where dt='20230816') ful left join (select val from lbodor_test1 where dt='20230817') inc on ful.val=inc.val union all select lbodor_test1.val from lbodor_test1 where dt='20230817'
PREHOOK: type: QUERY
PREHOOK: Input: default@lbodor_test1
PREHOOK: Input: default@lbodor_test1@dt=20230817
PREHOOK: Input: default@lbodor_test2
PREHOOK: Output: default@lbodor_test2@dt=20230817
POSTHOOK: query: explain insert overwrite table lbodor_test2 partition (dt='20230817') select ful.* from (select val from lbodor_test2 where dt='20230816') ful left join (select val from lbodor_test1 where dt='20230817') inc on ful.val=inc.val union all select lbodor_test1.val from lbodor_test1 where dt='20230817'
POSTHOOK: type: QUERY
POSTHOOK: Input: default@lbodor_test1
POSTHOOK: Input: default@lbodor_test1@dt=20230817
POSTHOOK: Input: default@lbodor_test2
POSTHOOK: Output: default@lbodor_test2@dt=20230817
STAGE DEPENDENCIES:
  Stage-1 is a root stage
  Stage-2 depends on stages: Stage-1
  Stage-0 depends on stages: Stage-2
  Stage-3 depends on stages: Stage-0

STAGE PLANS:
  Stage: Stage-1
    Tez
#### A masked pattern was here ####
      Edges:
        Map 1 <- Map 4 (BROADCAST_EDGE), Union 2 (CONTAINS)
        Map 5 <- Union 2 (CONTAINS)
        Reducer 3 <- Union 2 (SIMPLE_EDGE)
#### A masked pattern was here ####
      Vertices:
        Map 1 
            Map Operator Tree:
                TableScan
                  alias: lbodor_test2
                  filterExpr: (dt = '20230816') (type: boolean)
                  Statistics: Num rows: 1 Data size: 268 Basic stats: COMPLETE Column stats: COMPLETE
                  Filter Operator
                    predicate: (dt = '20230816') (type: boolean)
                    Statistics: Num rows: 1 Data size: 268 Basic stats: COMPLETE Column stats: COMPLETE
                    Select Operator
                      expressions: val (type: string)
                      outputColumnNames: _col0
                      Statistics: Num rows: 1 Data size: 84 Basic stats: COMPLETE Column stats: COMPLETE
                      Map Join Operator
                        condition map:
                             Left Outer Join 0 to 1
                        keys:
                          0 _col0 (type: string)
                          1 _col0 (type: string)
                        outputColumnNames: _col0
                        input vertices:
                          1 Map 4
                        Statistics: Num rows: 2 Data size: 168 Basic stats: COMPLETE Column stats: COMPLETE
                        File Output Operator
                          compressed: false
                          Statistics: Num rows: 4 Data size: 344 Basic stats: COMPLETE Column stats: COMPLETE
                          table:
                              input format: org.apache.hadoop.hive.ql.io.avro.AvroContainerInputFormat
                              output format: org.apache.hadoop.hive.ql.io.avro.AvroContainerOutputFormat
                              serde: org.apache.hadoop.hive.serde2.avro.AvroSerDe
                              name: default.lbodor_test2
                          Write Type: INSERT
                        Select Operator
                          expressions: _col0 (type: string), '20230817' (type: string)
                          outputColumnNames: val, dt
                          Statistics: Num rows: 4 Data size: 720 Basic stats: COMPLETE Column stats: COMPLETE
                          Group By Operator
                            aggregations: max(length(val)), avg(COALESCE(length(val),0)), count(1), count(val), compute_bit_vector_hll(val)
                            keys: dt (type: string)
                            minReductionHashAggr: 0.75
                            mode: hash
                            outputColumnNames: _col0, _col1, _col2, _col3, _col4, _col5
                            Statistics: Num rows: 1 Data size: 332 Basic stats: COMPLETE Column stats: COMPLETE
                            Reduce Output Operator
                              key expressions: _col0 (type: string)
                              null sort order: z
                              sort order: +
                              Map-reduce partition columns: _col0 (type: string)
                              Statistics: Num rows: 1 Data size: 332 Basic stats: COMPLETE Column stats: COMPLETE
                              value expressions: _col1 (type: int), _col2 (type: struct<count:bigint,sum:double,input:int>), _col3 (type: bigint), _col4 (type: bigint), _col5 (type: binary)
            Execution mode: vectorized, llap
            LLAP IO: unknown
        Map 4 
            Map Operator Tree:
                TableScan
                  alias: lbodor_test1
                  filterExpr: val is not null (type: boolean)
                  Statistics: Num rows: 2 Data size: 176 Basic stats: COMPLETE Column stats: COMPLETE
                  Filter Operator
                    predicate: val is not null (type: boolean)
                    Statistics: Num rows: 2 Data size: 176 Basic stats: COMPLETE Column stats: COMPLETE
                    Select Operator
                      expressions: val (type: string)
                      outputColumnNames: _col0
                      Statistics: Num rows: 2 Data size: 176 Basic stats: COMPLETE Column stats: COMPLETE
                      Reduce Output Operator
                        key expressions: _col0 (type: string)
                        null sort order: z
                        sort order: +
                        Map-reduce partition columns: _col0 (type: string)
                        Statistics: Num rows: 2 Data size: 176 Basic stats: COMPLETE Column stats: COMPLETE
            Execution mode: vectorized, llap
            LLAP IO: no inputs
        Map 5 
            Map Operator Tree:
                TableScan
                  alias: lbodor_test1
                  filterExpr: (dt = '20230817') (type: boolean)
                  Statistics: Num rows: 2 Data size: 176 Basic stats: COMPLETE Column stats: COMPLETE
                  Select Operator
                    expressions: val (type: string)
                    outputColumnNames: _col0
                    Statistics: Num rows: 2 Data size: 176 Basic stats: COMPLETE Column stats: COMPLETE
                    File Output Operator
                      compressed: false
                      Statistics: Num rows: 4 Data size: 344 Basic stats: COMPLETE Column stats: COMPLETE
                      table:
                          input format: org.apache.hadoop.hive.ql.io.avro.AvroContainerInputFormat
                          output format: org.apache.hadoop.hive.ql.io.avro.AvroContainerOutputFormat
                          serde: org.apache.hadoop.hive.serde2.avro.AvroSerDe
                          name: default.lbodor_test2
                      Write Type: INSERT
                    Select Operator
                      expressions: _col0 (type: string), '20230817' (type: string)
                      outputColumnNames: val, dt
                      Statistics: Num rows: 4 Data size: 720 Basic stats: COMPLETE Column stats: COMPLETE
                      Group By Operator
                        aggregations: max(length(val)), avg(COALESCE(length(val),0)), count(1), count(val), compute_bit_vector_hll(val)
                        keys: dt (type: string)
                        minReductionHashAggr: 0.75
                        mode: hash
                        outputColumnNames: _col0, _col1, _col2, _col3, _col4, _col5
                        Statistics: Num rows: 1 Data size: 332 Basic stats: COMPLETE Column stats: COMPLETE
                        Reduce Output Operator
                          key expressions: _col0 (type: string)
                          null sort order: z
                          sort order: +
                          Map-reduce partition columns: _col0 (type: string)
                          Statistics: Num rows: 1 Data size: 332 Basic stats: COMPLETE Column stats: COMPLETE
                          value expressions: _col1 (type: int), _col2 (type: struct<count:bigint,sum:double,input:int>), _col3 (type: bigint), _col4 (type: bigint), _col5 (type: binary)
            Execution mode: vectorized, llap
            LLAP IO: no inputs
        Reducer 3 
            Execution mode: vectorized, llap
            Reduce Operator Tree:
              Group By Operator
                aggregations: max(VALUE._col0), avg(VALUE._col1), count(VALUE._col2), count(VALUE._col3), compute_bit_vector_hll(VALUE._col4)
                keys: KEY._col0 (type: string)
                mode: mergepartial
                outputColumnNames: _col0, _col1, _col2, _col3, _col4, _col5
                Statistics: Num rows: 1 Data size: 264 Basic stats: COMPLETE Column stats: COMPLETE
                Select Operator
                  expressions: 'STRING' (type: string), UDFToLong(COALESCE(_col1,0)) (type: bigint), COALESCE(_col2,0) (type: double), (_col3 - _col4) (type: bigint), COALESCE(ndv_compute_bit_vector(_col5),0) (type: bigint), _col5 (type: binary), _col0 (type: string)
                  outputColumnNames: _col0, _col1, _col2, _col3, _col4, _col5, _col6
                  Statistics: Num rows: 1 Data size: 358 Basic stats: COMPLETE Column stats: COMPLETE
                  File Output Operator
                    compressed: false
                    Statistics: Num rows: 1 Data size: 358 Basic stats: COMPLETE Column stats: COMPLETE
                    table:
                        input format: org.apache.hadoop.mapred.SequenceFileInputFormat
                        output format: org.apache.hadoop.hive.ql.io.HiveSequenceFileOutputFormat
                        serde: org.apache.hadoop.hive.serde2.lazy.LazySimpleSerDe
        Union 2 
            Vertex: Union 2

  Stage: Stage-2
    Dependency Collection

  Stage: Stage-0
    Move Operator
      tables:
          partition:
            dt 20230817
          replace: false
          table:
              input format: org.apache.hadoop.hive.ql.io.avro.AvroContainerInputFormat
              output format: org.apache.hadoop.hive.ql.io.avro.AvroContainerOutputFormat
              serde: org.apache.hadoop.hive.serde2.avro.AvroSerDe
              name: default.lbodor_test2
          Write Type: INSERT
          micromanaged table: true

  Stage: Stage-3
    Stats Work
      Basic Stats Work:
      Column Stats Desc:
          Columns: val
          Column Types: string
          Table: default.lbodor_test2

PREHOOK: query: insert overwrite table lbodor_test2 partition (dt='20230817') select ful.* from (select val from lbodor_test2 where dt='20230816') ful left join (select val from lbodor_test1 where dt='20230817') inc on ful.val=inc.val union all select lbodor_test1.val from lbodor_test1 where dt='20230817'
PREHOOK: type: QUERY
PREHOOK: Input: default@lbodor_test1
PREHOOK: Input: default@lbodor_test1@dt=20230817
PREHOOK: Input: default@lbodor_test2
PREHOOK: Output: default@lbodor_test2@dt=20230817
POSTHOOK: query: insert overwrite table lbodor_test2 partition (dt='20230817') select ful.* from (select val from lbodor_test2 where dt='20230816') ful left join (select val from lbodor_test1 where dt='20230817') inc on ful.val=inc.val union all select lbodor_test1.val from lbodor_test1 where dt='20230817'
POSTHOOK: type: QUERY
POSTHOOK: Input: default@lbodor_test1
POSTHOOK: Input: default@lbodor_test1@dt=20230817
POSTHOOK: Input: default@lbodor_test2
POSTHOOK: Output: default@lbodor_test2@dt=20230817
POSTHOOK: Lineage: lbodor_test2 PARTITION(dt=20230817).val EXPRESSION [(lbodor_test2)lbodor_test2.FieldSchema(name:val, type:string, comment:), (lbodor_test1)lbodor_test1.FieldSchema(name:val, type:string, comment:), ]
