PREHOOK: query: EXPLAIN
SELECT count(1) FROM (
  SELECT key, value FROM src UNION ALL
  SELECT key, value FROM src UNION ALL
  SELECT key, value FROM src UNION ALL
  SELECT key, value FROM src UNION ALL
  SELECT key, value FROM src UNION ALL

  SELECT key, value FROM src UNION ALL
  SELECT key, value FROM src UNION ALL
  SELECT key, value FROM src UNION ALL
  SELECT key, value FROM src UNION ALL
  SELECT key, value FROM src UNION ALL

  SELECT key, value FROM src UNION ALL
  SELECT key, value FROM src UNION ALL
  SELECT key, value FROM src UNION ALL
  SELECT key, value FROM src UNION ALL
  SELECT key, value FROM src UNION ALL

  SELECT key, value FROM src UNION ALL
  SELECT key, value FROM src UNION ALL
  SELECT key, value FROM src UNION ALL
  SELECT key, value FROM src UNION ALL
  SELECT key, value FROM src UNION ALL

  SELECT key, value FROM src UNION ALL
  SELECT key, value FROM src UNION ALL
  SELECT key, value FROM src UNION ALL
  SELECT key, value FROM src UNION ALL
  SELECT key, value FROM src) src
PREHOOK: type: QUERY
PREHOOK: Input: default@src
#### A masked pattern was here ####
POSTHOOK: query: EXPLAIN
SELECT count(1) FROM (
  SELECT key, value FROM src UNION ALL
  SELECT key, value FROM src UNION ALL
  SELECT key, value FROM src UNION ALL
  SELECT key, value FROM src UNION ALL
  SELECT key, value FROM src UNION ALL

  SELECT key, value FROM src UNION ALL
  SELECT key, value FROM src UNION ALL
  SELECT key, value FROM src UNION ALL
  SELECT key, value FROM src UNION ALL
  SELECT key, value FROM src UNION ALL

  SELECT key, value FROM src UNION ALL
  SELECT key, value FROM src UNION ALL
  SELECT key, value FROM src UNION ALL
  SELECT key, value FROM src UNION ALL
  SELECT key, value FROM src UNION ALL

  SELECT key, value FROM src UNION ALL
  SELECT key, value FROM src UNION ALL
  SELECT key, value FROM src UNION ALL
  SELECT key, value FROM src UNION ALL
  SELECT key, value FROM src UNION ALL

  SELECT key, value FROM src UNION ALL
  SELECT key, value FROM src UNION ALL
  SELECT key, value FROM src UNION ALL
  SELECT key, value FROM src UNION ALL
  SELECT key, value FROM src) src
POSTHOOK: type: QUERY
POSTHOOK: Input: default@src
#### A masked pattern was here ####
STAGE DEPENDENCIES:
  Stage-1 is a root stage
  Stage-0 depends on stages: Stage-1

STAGE PLANS:
  Stage: Stage-1
    Tez
#### A masked pattern was here ####
      Edges:
        Map 1 <- Union 2 (CONTAINS)
        Map 10 <- Union 2 (CONTAINS)
        Map 11 <- Union 2 (CONTAINS)
        Map 12 <- Union 2 (CONTAINS)
        Map 13 <- Union 2 (CONTAINS)
        Map 14 <- Union 2 (CONTAINS)
        Map 15 <- Union 2 (CONTAINS)
        Map 16 <- Union 2 (CONTAINS)
        Map 17 <- Union 2 (CONTAINS)
        Map 18 <- Union 2 (CONTAINS)
        Map 19 <- Union 2 (CONTAINS)
        Map 20 <- Union 2 (CONTAINS)
        Map 21 <- Union 2 (CONTAINS)
        Map 22 <- Union 2 (CONTAINS)
        Map 23 <- Union 2 (CONTAINS)
        Map 24 <- Union 2 (CONTAINS)
        Map 25 <- Union 2 (CONTAINS)
        Map 26 <- Union 2 (CONTAINS)
        Map 27 <- Union 2 (CONTAINS)
        Map 4 <- Union 2 (CONTAINS)
        Map 5 <- Union 2 (CONTAINS)
        Map 6 <- Union 2 (CONTAINS)
        Map 7 <- Union 2 (CONTAINS)
        Map 8 <- Union 2 (CONTAINS)
        Map 9 <- Union 2 (CONTAINS)
        Reducer 3 <- Union 2 (CUSTOM_SIMPLE_EDGE)
#### A masked pattern was here ####
      Vertices:
        Map 1 
            Map Operator Tree:
                TableScan
                  alias: src
                  Statistics: Num rows: 500 Data size: 5312 Basic stats: COMPLETE Column stats: COMPLETE
                  Select Operator
                    Statistics: Num rows: 500 Data size: 4000 Basic stats: COMPLETE Column stats: COMPLETE
                    Select Operator
                      Statistics: Num rows: 12500 Data size: 100000 Basic stats: COMPLETE Column stats: COMPLETE
                      Group By Operator
                        aggregations: count()
                        minReductionHashAggr: 0.99
                        mode: hash
                        outputColumnNames: _col0
                        Statistics: Num rows: 1 Data size: 8 Basic stats: COMPLETE Column stats: COMPLETE
                        Reduce Output Operator
                          null sort order: 
                          sort order: 
                          Statistics: Num rows: 1 Data size: 8 Basic stats: COMPLETE Column stats: COMPLETE
                          value expressions: _col0 (type: bigint)
            Execution mode: vectorized, llap
            LLAP IO: no inputs
        Map 10 
            Map Operator Tree:
                TableScan
                  alias: src
                  Statistics: Num rows: 500 Data size: 5312 Basic stats: COMPLETE Column stats: COMPLETE
                  Select Operator
                    Statistics: Num rows: 500 Data size: 4000 Basic stats: COMPLETE Column stats: COMPLETE
                    Select Operator
                      Statistics: Num rows: 12500 Data size: 100000 Basic stats: COMPLETE Column stats: COMPLETE
                      Group By Operator
                        aggregations: count()
                        minReductionHashAggr: 0.99
                        mode: hash
                        outputColumnNames: _col0
                        Statistics: Num rows: 1 Data size: 8 Basic stats: COMPLETE Column stats: COMPLETE
                        Reduce Output Operator
                          null sort order: 
                          sort order: 
                          Statistics: Num rows: 1 Data size: 8 Basic stats: COMPLETE Column stats: COMPLETE
                          value expressions: _col0 (type: bigint)
            Execution mode: vectorized, llap
            LLAP IO: no inputs
        Map 11 
            Map Operator Tree:
                TableScan
                  alias: src
                  Statistics: Num rows: 500 Data size: 5312 Basic stats: COMPLETE Column stats: COMPLETE
                  Select Operator
                    Statistics: Num rows: 500 Data size: 4000 Basic stats: COMPLETE Column stats: COMPLETE
                    Select Operator
                      Statistics: Num rows: 12500 Data size: 100000 Basic stats: COMPLETE Column stats: COMPLETE
                      Group By Operator
                        aggregations: count()
                        minReductionHashAggr: 0.99
                        mode: hash
                        outputColumnNames: _col0
                        Statistics: Num rows: 1 Data size: 8 Basic stats: COMPLETE Column stats: COMPLETE
                        Reduce Output Operator
                          null sort order: 
                          sort order: 
                          Statistics: Num rows: 1 Data size: 8 Basic stats: COMPLETE Column stats: COMPLETE
                          value expressions: _col0 (type: bigint)
            Execution mode: vectorized, llap
            LLAP IO: no inputs
        Map 12 
            Map Operator Tree:
                TableScan
                  alias: src
                  Statistics: Num rows: 500 Data size: 5312 Basic stats: COMPLETE Column stats: COMPLETE
                  Select Operator
                    Statistics: Num rows: 500 Data size: 4000 Basic stats: COMPLETE Column stats: COMPLETE
                    Select Operator
                      Statistics: Num rows: 12500 Data size: 100000 Basic stats: COMPLETE Column stats: COMPLETE
                      Group By Operator
                        aggregations: count()
                        minReductionHashAggr: 0.99
                        mode: hash
                        outputColumnNames: _col0
                        Statistics: Num rows: 1 Data size: 8 Basic stats: COMPLETE Column stats: COMPLETE
                        Reduce Output Operator
                          null sort order: 
                          sort order: 
                          Statistics: Num rows: 1 Data size: 8 Basic stats: COMPLETE Column stats: COMPLETE
                          value expressions: _col0 (type: bigint)
            Execution mode: vectorized, llap
            LLAP IO: no inputs
        Map 13 
            Map Operator Tree:
                TableScan
                  alias: src
                  Statistics: Num rows: 500 Data size: 5312 Basic stats: COMPLETE Column stats: COMPLETE
                  Select Operator
                    Statistics: Num rows: 500 Data size: 4000 Basic stats: COMPLETE Column stats: COMPLETE
                    Select Operator
                      Statistics: Num rows: 12500 Data size: 100000 Basic stats: COMPLETE Column stats: COMPLETE
                      Group By Operator
                        aggregations: count()
                        minReductionHashAggr: 0.99
                        mode: hash
                        outputColumnNames: _col0
                        Statistics: Num rows: 1 Data size: 8 Basic stats: COMPLETE Column stats: COMPLETE
                        Reduce Output Operator
                          null sort order: 
                          sort order: 
                          Statistics: Num rows: 1 Data size: 8 Basic stats: COMPLETE Column stats: COMPLETE
                          value expressions: _col0 (type: bigint)
            Execution mode: vectorized, llap
            LLAP IO: no inputs
        Map 14 
            Map Operator Tree:
                TableScan
                  alias: src
                  Statistics: Num rows: 500 Data size: 5312 Basic stats: COMPLETE Column stats: COMPLETE
                  Select Operator
                    Statistics: Num rows: 500 Data size: 4000 Basic stats: COMPLETE Column stats: COMPLETE
                    Select Operator
                      Statistics: Num rows: 12500 Data size: 100000 Basic stats: COMPLETE Column stats: COMPLETE
                      Group By Operator
                        aggregations: count()
                        minReductionHashAggr: 0.99
                        mode: hash
                        outputColumnNames: _col0
                        Statistics: Num rows: 1 Data size: 8 Basic stats: COMPLETE Column stats: COMPLETE
                        Reduce Output Operator
                          null sort order: 
                          sort order: 
                          Statistics: Num rows: 1 Data size: 8 Basic stats: COMPLETE Column stats: COMPLETE
                          value expressions: _col0 (type: bigint)
            Execution mode: vectorized, llap
            LLAP IO: no inputs
        Map 15 
            Map Operator Tree:
                TableScan
                  alias: src
                  Statistics: Num rows: 500 Data size: 5312 Basic stats: COMPLETE Column stats: COMPLETE
                  Select Operator
                    Statistics: Num rows: 500 Data size: 4000 Basic stats: COMPLETE Column stats: COMPLETE
                    Select Operator
                      Statistics: Num rows: 12500 Data size: 100000 Basic stats: COMPLETE Column stats: COMPLETE
                      Group By Operator
                        aggregations: count()
                        minReductionHashAggr: 0.99
                        mode: hash
                        outputColumnNames: _col0
                        Statistics: Num rows: 1 Data size: 8 Basic stats: COMPLETE Column stats: COMPLETE
                        Reduce Output Operator
                          null sort order: 
                          sort order: 
                          Statistics: Num rows: 1 Data size: 8 Basic stats: COMPLETE Column stats: COMPLETE
                          value expressions: _col0 (type: bigint)
            Execution mode: vectorized, llap
            LLAP IO: no inputs
        Map 16 
            Map Operator Tree:
                TableScan
                  alias: src
                  Statistics: Num rows: 500 Data size: 5312 Basic stats: COMPLETE Column stats: COMPLETE
                  Select Operator
                    Statistics: Num rows: 500 Data size: 4000 Basic stats: COMPLETE Column stats: COMPLETE
                    Select Operator
                      Statistics: Num rows: 12500 Data size: 100000 Basic stats: COMPLETE Column stats: COMPLETE
                      Group By Operator
                        aggregations: count()
                        minReductionHashAggr: 0.99
                        mode: hash
                        outputColumnNames: _col0
                        Statistics: Num rows: 1 Data size: 8 Basic stats: COMPLETE Column stats: COMPLETE
                        Reduce Output Operator
                          null sort order: 
                          sort order: 
                          Statistics: Num rows: 1 Data size: 8 Basic stats: COMPLETE Column stats: COMPLETE
                          value expressions: _col0 (type: bigint)
            Execution mode: vectorized, llap
            LLAP IO: no inputs
        Map 17 
            Map Operator Tree:
                TableScan
                  alias: src
                  Statistics: Num rows: 500 Data size: 5312 Basic stats: COMPLETE Column stats: COMPLETE
                  Select Operator
                    Statistics: Num rows: 500 Data size: 4000 Basic stats: COMPLETE Column stats: COMPLETE
                    Select Operator
                      Statistics: Num rows: 12500 Data size: 100000 Basic stats: COMPLETE Column stats: COMPLETE
                      Group By Operator
                        aggregations: count()
                        minReductionHashAggr: 0.99
                        mode: hash
                        outputColumnNames: _col0
                        Statistics: Num rows: 1 Data size: 8 Basic stats: COMPLETE Column stats: COMPLETE
                        Reduce Output Operator
                          null sort order: 
                          sort order: 
                          Statistics: Num rows: 1 Data size: 8 Basic stats: COMPLETE Column stats: COMPLETE
                          value expressions: _col0 (type: bigint)
            Execution mode: vectorized, llap
            LLAP IO: no inputs
        Map 18 
            Map Operator Tree:
                TableScan
                  alias: src
                  Statistics: Num rows: 500 Data size: 5312 Basic stats: COMPLETE Column stats: COMPLETE
                  Select Operator
                    Statistics: Num rows: 500 Data size: 4000 Basic stats: COMPLETE Column stats: COMPLETE
                    Select Operator
                      Statistics: Num rows: 12500 Data size: 100000 Basic stats: COMPLETE Column stats: COMPLETE
                      Group By Operator
                        aggregations: count()
                        minReductionHashAggr: 0.99
                        mode: hash
                        outputColumnNames: _col0
                        Statistics: Num rows: 1 Data size: 8 Basic stats: COMPLETE Column stats: COMPLETE
                        Reduce Output Operator
                          null sort order: 
                          sort order: 
                          Statistics: Num rows: 1 Data size: 8 Basic stats: COMPLETE Column stats: COMPLETE
                          value expressions: _col0 (type: bigint)
            Execution mode: vectorized, llap
            LLAP IO: no inputs
        Map 19 
            Map Operator Tree:
                TableScan
                  alias: src
                  Statistics: Num rows: 500 Data size: 5312 Basic stats: COMPLETE Column stats: COMPLETE
                  Select Operator
                    Statistics: Num rows: 500 Data size: 4000 Basic stats: COMPLETE Column stats: COMPLETE
                    Select Operator
                      Statistics: Num rows: 12500 Data size: 100000 Basic stats: COMPLETE Column stats: COMPLETE
                      Group By Operator
                        aggregations: count()
                        minReductionHashAggr: 0.99
                        mode: hash
                        outputColumnNames: _col0
                        Statistics: Num rows: 1 Data size: 8 Basic stats: COMPLETE Column stats: COMPLETE
                        Reduce Output Operator
                          null sort order: 
                          sort order: 
                          Statistics: Num rows: 1 Data size: 8 Basic stats: COMPLETE Column stats: COMPLETE
                          value expressions: _col0 (type: bigint)
            Execution mode: vectorized, llap
            LLAP IO: no inputs
        Map 20 
            Map Operator Tree:
                TableScan
                  alias: src
                  Statistics: Num rows: 500 Data size: 5312 Basic stats: COMPLETE Column stats: COMPLETE
                  Select Operator
                    Statistics: Num rows: 500 Data size: 4000 Basic stats: COMPLETE Column stats: COMPLETE
                    Select Operator
                      Statistics: Num rows: 12500 Data size: 100000 Basic stats: COMPLETE Column stats: COMPLETE
                      Group By Operator
                        aggregations: count()
                        minReductionHashAggr: 0.99
                        mode: hash
                        outputColumnNames: _col0
                        Statistics: Num rows: 1 Data size: 8 Basic stats: COMPLETE Column stats: COMPLETE
                        Reduce Output Operator
                          null sort order: 
                          sort order: 
                          Statistics: Num rows: 1 Data size: 8 Basic stats: COMPLETE Column stats: COMPLETE
                          value expressions: _col0 (type: bigint)
            Execution mode: vectorized, llap
            LLAP IO: no inputs
        Map 21 
            Map Operator Tree:
                TableScan
                  alias: src
                  Statistics: Num rows: 500 Data size: 5312 Basic stats: COMPLETE Column stats: COMPLETE
                  Select Operator
                    Statistics: Num rows: 500 Data size: 4000 Basic stats: COMPLETE Column stats: COMPLETE
                    Select Operator
                      Statistics: Num rows: 12500 Data size: 100000 Basic stats: COMPLETE Column stats: COMPLETE
                      Group By Operator
                        aggregations: count()
                        minReductionHashAggr: 0.99
                        mode: hash
                        outputColumnNames: _col0
                        Statistics: Num rows: 1 Data size: 8 Basic stats: COMPLETE Column stats: COMPLETE
                        Reduce Output Operator
                          null sort order: 
                          sort order: 
                          Statistics: Num rows: 1 Data size: 8 Basic stats: COMPLETE Column stats: COMPLETE
                          value expressions: _col0 (type: bigint)
            Execution mode: vectorized, llap
            LLAP IO: no inputs
        Map 22 
            Map Operator Tree:
                TableScan
                  alias: src
                  Statistics: Num rows: 500 Data size: 5312 Basic stats: COMPLETE Column stats: COMPLETE
                  Select Operator
                    Statistics: Num rows: 500 Data size: 4000 Basic stats: COMPLETE Column stats: COMPLETE
                    Select Operator
                      Statistics: Num rows: 12500 Data size: 100000 Basic stats: COMPLETE Column stats: COMPLETE
                      Group By Operator
                        aggregations: count()
                        minReductionHashAggr: 0.99
                        mode: hash
                        outputColumnNames: _col0
                        Statistics: Num rows: 1 Data size: 8 Basic stats: COMPLETE Column stats: COMPLETE
                        Reduce Output Operator
                          null sort order: 
                          sort order: 
                          Statistics: Num rows: 1 Data size: 8 Basic stats: COMPLETE Column stats: COMPLETE
                          value expressions: _col0 (type: bigint)
            Execution mode: vectorized, llap
            LLAP IO: no inputs
        Map 23 
            Map Operator Tree:
                TableScan
                  alias: src
                  Statistics: Num rows: 500 Data size: 5312 Basic stats: COMPLETE Column stats: COMPLETE
                  Select Operator
                    Statistics: Num rows: 500 Data size: 4000 Basic stats: COMPLETE Column stats: COMPLETE
                    Select Operator
                      Statistics: Num rows: 12500 Data size: 100000 Basic stats: COMPLETE Column stats: COMPLETE
                      Group By Operator
                        aggregations: count()
                        minReductionHashAggr: 0.99
                        mode: hash
                        outputColumnNames: _col0
                        Statistics: Num rows: 1 Data size: 8 Basic stats: COMPLETE Column stats: COMPLETE
                        Reduce Output Operator
                          null sort order: 
                          sort order: 
                          Statistics: Num rows: 1 Data size: 8 Basic stats: COMPLETE Column stats: COMPLETE
                          value expressions: _col0 (type: bigint)
            Execution mode: vectorized, llap
            LLAP IO: no inputs
        Map 24 
            Map Operator Tree:
                TableScan
                  alias: src
                  Statistics: Num rows: 500 Data size: 5312 Basic stats: COMPLETE Column stats: COMPLETE
                  Select Operator
                    Statistics: Num rows: 500 Data size: 4000 Basic stats: COMPLETE Column stats: COMPLETE
                    Select Operator
                      Statistics: Num rows: 12500 Data size: 100000 Basic stats: COMPLETE Column stats: COMPLETE
                      Group By Operator
                        aggregations: count()
                        minReductionHashAggr: 0.99
                        mode: hash
                        outputColumnNames: _col0
                        Statistics: Num rows: 1 Data size: 8 Basic stats: COMPLETE Column stats: COMPLETE
                        Reduce Output Operator
                          null sort order: 
                          sort order: 
                          Statistics: Num rows: 1 Data size: 8 Basic stats: COMPLETE Column stats: COMPLETE
                          value expressions: _col0 (type: bigint)
            Execution mode: vectorized, llap
            LLAP IO: no inputs
        Map 25 
            Map Operator Tree:
                TableScan
                  alias: src
                  Statistics: Num rows: 500 Data size: 5312 Basic stats: COMPLETE Column stats: COMPLETE
                  Select Operator
                    Statistics: Num rows: 500 Data size: 4000 Basic stats: COMPLETE Column stats: COMPLETE
                    Select Operator
                      Statistics: Num rows: 12500 Data size: 100000 Basic stats: COMPLETE Column stats: COMPLETE
                      Group By Operator
                        aggregations: count()
                        minReductionHashAggr: 0.99
                        mode: hash
                        outputColumnNames: _col0
                        Statistics: Num rows: 1 Data size: 8 Basic stats: COMPLETE Column stats: COMPLETE
                        Reduce Output Operator
                          null sort order: 
                          sort order: 
                          Statistics: Num rows: 1 Data size: 8 Basic stats: COMPLETE Column stats: COMPLETE
                          value expressions: _col0 (type: bigint)
            Execution mode: vectorized, llap
            LLAP IO: no inputs
        Map 26 
            Map Operator Tree:
                TableScan
                  alias: src
                  Statistics: Num rows: 500 Data size: 5312 Basic stats: COMPLETE Column stats: COMPLETE
                  Select Operator
                    Statistics: Num rows: 500 Data size: 4000 Basic stats: COMPLETE Column stats: COMPLETE
                    Select Operator
                      Statistics: Num rows: 12500 Data size: 100000 Basic stats: COMPLETE Column stats: COMPLETE
                      Group By Operator
                        aggregations: count()
                        minReductionHashAggr: 0.99
                        mode: hash
                        outputColumnNames: _col0
                        Statistics: Num rows: 1 Data size: 8 Basic stats: COMPLETE Column stats: COMPLETE
                        Reduce Output Operator
                          null sort order: 
                          sort order: 
                          Statistics: Num rows: 1 Data size: 8 Basic stats: COMPLETE Column stats: COMPLETE
                          value expressions: _col0 (type: bigint)
            Execution mode: vectorized, llap
            LLAP IO: no inputs
        Map 27 
            Map Operator Tree:
                TableScan
                  alias: src
                  Statistics: Num rows: 500 Data size: 5312 Basic stats: COMPLETE Column stats: COMPLETE
                  Select Operator
                    Statistics: Num rows: 500 Data size: 4000 Basic stats: COMPLETE Column stats: COMPLETE
                    Select Operator
                      Statistics: Num rows: 12500 Data size: 100000 Basic stats: COMPLETE Column stats: COMPLETE
                      Group By Operator
                        aggregations: count()
                        minReductionHashAggr: 0.99
                        mode: hash
                        outputColumnNames: _col0
                        Statistics: Num rows: 1 Data size: 8 Basic stats: COMPLETE Column stats: COMPLETE
                        Reduce Output Operator
                          null sort order: 
                          sort order: 
                          Statistics: Num rows: 1 Data size: 8 Basic stats: COMPLETE Column stats: COMPLETE
                          value expressions: _col0 (type: bigint)
            Execution mode: vectorized, llap
            LLAP IO: no inputs
        Map 4 
            Map Operator Tree:
                TableScan
                  alias: src
                  Statistics: Num rows: 500 Data size: 5312 Basic stats: COMPLETE Column stats: COMPLETE
                  Select Operator
                    Statistics: Num rows: 500 Data size: 4000 Basic stats: COMPLETE Column stats: COMPLETE
                    Select Operator
                      Statistics: Num rows: 12500 Data size: 100000 Basic stats: COMPLETE Column stats: COMPLETE
                      Group By Operator
                        aggregations: count()
                        minReductionHashAggr: 0.99
                        mode: hash
                        outputColumnNames: _col0
                        Statistics: Num rows: 1 Data size: 8 Basic stats: COMPLETE Column stats: COMPLETE
                        Reduce Output Operator
                          null sort order: 
                          sort order: 
                          Statistics: Num rows: 1 Data size: 8 Basic stats: COMPLETE Column stats: COMPLETE
                          value expressions: _col0 (type: bigint)
            Execution mode: vectorized, llap
            LLAP IO: no inputs
        Map 5 
            Map Operator Tree:
                TableScan
                  alias: src
                  Statistics: Num rows: 500 Data size: 5312 Basic stats: COMPLETE Column stats: COMPLETE
                  Select Operator
                    Statistics: Num rows: 500 Data size: 4000 Basic stats: COMPLETE Column stats: COMPLETE
                    Select Operator
                      Statistics: Num rows: 12500 Data size: 100000 Basic stats: COMPLETE Column stats: COMPLETE
                      Group By Operator
                        aggregations: count()
                        minReductionHashAggr: 0.99
                        mode: hash
                        outputColumnNames: _col0
                        Statistics: Num rows: 1 Data size: 8 Basic stats: COMPLETE Column stats: COMPLETE
                        Reduce Output Operator
                          null sort order: 
                          sort order: 
                          Statistics: Num rows: 1 Data size: 8 Basic stats: COMPLETE Column stats: COMPLETE
                          value expressions: _col0 (type: bigint)
            Execution mode: vectorized, llap
            LLAP IO: no inputs
        Map 6 
            Map Operator Tree:
                TableScan
                  alias: src
                  Statistics: Num rows: 500 Data size: 5312 Basic stats: COMPLETE Column stats: COMPLETE
                  Select Operator
                    Statistics: Num rows: 500 Data size: 4000 Basic stats: COMPLETE Column stats: COMPLETE
                    Select Operator
                      Statistics: Num rows: 12500 Data size: 100000 Basic stats: COMPLETE Column stats: COMPLETE
                      Group By Operator
                        aggregations: count()
                        minReductionHashAggr: 0.99
                        mode: hash
                        outputColumnNames: _col0
                        Statistics: Num rows: 1 Data size: 8 Basic stats: COMPLETE Column stats: COMPLETE
                        Reduce Output Operator
                          null sort order: 
                          sort order: 
                          Statistics: Num rows: 1 Data size: 8 Basic stats: COMPLETE Column stats: COMPLETE
                          value expressions: _col0 (type: bigint)
            Execution mode: vectorized, llap
            LLAP IO: no inputs
        Map 7 
            Map Operator Tree:
                TableScan
                  alias: src
                  Statistics: Num rows: 500 Data size: 5312 Basic stats: COMPLETE Column stats: COMPLETE
                  Select Operator
                    Statistics: Num rows: 500 Data size: 4000 Basic stats: COMPLETE Column stats: COMPLETE
                    Select Operator
                      Statistics: Num rows: 12500 Data size: 100000 Basic stats: COMPLETE Column stats: COMPLETE
                      Group By Operator
                        aggregations: count()
                        minReductionHashAggr: 0.99
                        mode: hash
                        outputColumnNames: _col0
                        Statistics: Num rows: 1 Data size: 8 Basic stats: COMPLETE Column stats: COMPLETE
                        Reduce Output Operator
                          null sort order: 
                          sort order: 
                          Statistics: Num rows: 1 Data size: 8 Basic stats: COMPLETE Column stats: COMPLETE
                          value expressions: _col0 (type: bigint)
            Execution mode: vectorized, llap
            LLAP IO: no inputs
        Map 8 
            Map Operator Tree:
                TableScan
                  alias: src
                  Statistics: Num rows: 500 Data size: 5312 Basic stats: COMPLETE Column stats: COMPLETE
                  Select Operator
                    Statistics: Num rows: 500 Data size: 4000 Basic stats: COMPLETE Column stats: COMPLETE
                    Select Operator
                      Statistics: Num rows: 12500 Data size: 100000 Basic stats: COMPLETE Column stats: COMPLETE
                      Group By Operator
                        aggregations: count()
                        minReductionHashAggr: 0.99
                        mode: hash
                        outputColumnNames: _col0
                        Statistics: Num rows: 1 Data size: 8 Basic stats: COMPLETE Column stats: COMPLETE
                        Reduce Output Operator
                          null sort order: 
                          sort order: 
                          Statistics: Num rows: 1 Data size: 8 Basic stats: COMPLETE Column stats: COMPLETE
                          value expressions: _col0 (type: bigint)
            Execution mode: vectorized, llap
            LLAP IO: no inputs
        Map 9 
            Map Operator Tree:
                TableScan
                  alias: src
                  Statistics: Num rows: 500 Data size: 5312 Basic stats: COMPLETE Column stats: COMPLETE
                  Select Operator
                    Statistics: Num rows: 500 Data size: 4000 Basic stats: COMPLETE Column stats: COMPLETE
                    Select Operator
                      Statistics: Num rows: 12500 Data size: 100000 Basic stats: COMPLETE Column stats: COMPLETE
                      Group By Operator
                        aggregations: count()
                        minReductionHashAggr: 0.99
                        mode: hash
                        outputColumnNames: _col0
                        Statistics: Num rows: 1 Data size: 8 Basic stats: COMPLETE Column stats: COMPLETE
                        Reduce Output Operator
                          null sort order: 
                          sort order: 
                          Statistics: Num rows: 1 Data size: 8 Basic stats: COMPLETE Column stats: COMPLETE
                          value expressions: _col0 (type: bigint)
            Execution mode: vectorized, llap
            LLAP IO: no inputs
        Reducer 3 
            Execution mode: vectorized, llap
            Reduce Operator Tree:
              Group By Operator
                aggregations: count(VALUE._col0)
                mode: mergepartial
                outputColumnNames: _col0
                Statistics: Num rows: 1 Data size: 8 Basic stats: COMPLETE Column stats: COMPLETE
                File Output Operator
                  compressed: false
                  Statistics: Num rows: 1 Data size: 8 Basic stats: COMPLETE Column stats: COMPLETE
                  table:
                      input format: org.apache.hadoop.mapred.SequenceFileInputFormat
                      output format: org.apache.hadoop.hive.ql.io.HiveSequenceFileOutputFormat
                      serde: org.apache.hadoop.hive.serde2.lazy.LazySimpleSerDe
        Union 2 
            Vertex: Union 2

  Stage: Stage-0
    Fetch Operator
      limit: -1
      Processor Tree:
        ListSink

PREHOOK: query: SELECT count(1) FROM (
  SELECT key, value FROM src UNION ALL
  SELECT key, value FROM src UNION ALL
  SELECT key, value FROM src UNION ALL
  SELECT key, value FROM src UNION ALL
  SELECT key, value FROM src UNION ALL

  SELECT key, value FROM src UNION ALL
  SELECT key, value FROM src UNION ALL
  SELECT key, value FROM src UNION ALL
  SELECT key, value FROM src UNION ALL
  SELECT key, value FROM src UNION ALL

  SELECT key, value FROM src UNION ALL
  SELECT key, value FROM src UNION ALL
  SELECT key, value FROM src UNION ALL
  SELECT key, value FROM src UNION ALL
  SELECT key, value FROM src UNION ALL

  SELECT key, value FROM src UNION ALL
  SELECT key, value FROM src UNION ALL
  SELECT key, value FROM src UNION ALL
  SELECT key, value FROM src UNION ALL
  SELECT key, value FROM src UNION ALL

  SELECT key, value FROM src UNION ALL
  SELECT key, value FROM src UNION ALL
  SELECT key, value FROM src UNION ALL
  SELECT key, value FROM src UNION ALL
  SELECT key, value FROM src) src
PREHOOK: type: QUERY
PREHOOK: Input: default@src
#### A masked pattern was here ####
POSTHOOK: query: SELECT count(1) FROM (
  SELECT key, value FROM src UNION ALL
  SELECT key, value FROM src UNION ALL
  SELECT key, value FROM src UNION ALL
  SELECT key, value FROM src UNION ALL
  SELECT key, value FROM src UNION ALL

  SELECT key, value FROM src UNION ALL
  SELECT key, value FROM src UNION ALL
  SELECT key, value FROM src UNION ALL
  SELECT key, value FROM src UNION ALL
  SELECT key, value FROM src UNION ALL

  SELECT key, value FROM src UNION ALL
  SELECT key, value FROM src UNION ALL
  SELECT key, value FROM src UNION ALL
  SELECT key, value FROM src UNION ALL
  SELECT key, value FROM src UNION ALL

  SELECT key, value FROM src UNION ALL
  SELECT key, value FROM src UNION ALL
  SELECT key, value FROM src UNION ALL
  SELECT key, value FROM src UNION ALL
  SELECT key, value FROM src UNION ALL

  SELECT key, value FROM src UNION ALL
  SELECT key, value FROM src UNION ALL
  SELECT key, value FROM src UNION ALL
  SELECT key, value FROM src UNION ALL
  SELECT key, value FROM src) src
POSTHOOK: type: QUERY
POSTHOOK: Input: default@src
#### A masked pattern was here ####
12500
