PREHOOK: query: CREATE TABLE t1_n70 AS SELECT * FROM src WHERE key < 10
PREHOOK: type: CREATETABLE_AS_SELECT
PREHOOK: Input: default@src
PREHOOK: Output: database:default
PREHOOK: Output: default@t1_n70
POSTHOOK: query: CREATE TABLE t1_n70 AS SELECT * FROM src WHERE key < 10
POSTHOOK: type: CREATETABLE_AS_SELECT
POSTHOOK: Input: default@src
POSTHOOK: Output: database:default
POSTHOOK: Output: default@t1_n70
POSTHOOK: Lineage: t1_n70.key SIMPLE [(src)src.FieldSchema(name:key, type:string, comment:default), ]
POSTHOOK: Lineage: t1_n70.value SIMPLE [(src)src.FieldSchema(name:value, type:string, comment:default), ]
PREHOOK: query: CREATE TABLE t2_n43 AS SELECT * FROM src WHERE key < 10
PREHOOK: type: CREATETABLE_AS_SELECT
PREHOOK: Input: default@src
PREHOOK: Output: database:default
PREHOOK: Output: default@t2_n43
POSTHOOK: query: CREATE TABLE t2_n43 AS SELECT * FROM src WHERE key < 10
POSTHOOK: type: CREATETABLE_AS_SELECT
POSTHOOK: Input: default@src
POSTHOOK: Output: database:default
POSTHOOK: Output: default@t2_n43
POSTHOOK: Lineage: t2_n43.key SIMPLE [(src)src.FieldSchema(name:key, type:string, comment:default), ]
POSTHOOK: Lineage: t2_n43.value SIMPLE [(src)src.FieldSchema(name:value, type:string, comment:default), ]
PREHOOK: query: EXPLAIN
SELECT * FROM 
(SELECT CAST(key AS DOUBLE) AS key FROM t1_n70
UNION ALL
SELECT CAST(key AS BIGINT) AS key FROM t2_n43) a
PREHOOK: type: QUERY
PREHOOK: Input: default@t1_n70
PREHOOK: Input: default@t2_n43
#### A masked pattern was here ####
POSTHOOK: query: EXPLAIN
SELECT * FROM 
(SELECT CAST(key AS DOUBLE) AS key FROM t1_n70
UNION ALL
SELECT CAST(key AS BIGINT) AS key FROM t2_n43) a
POSTHOOK: type: QUERY
POSTHOOK: Input: default@t1_n70
POSTHOOK: Input: default@t2_n43
#### A masked pattern was here ####
STAGE DEPENDENCIES:
  Stage-1 is a root stage
  Stage-0 depends on stages: Stage-1

STAGE PLANS:
  Stage: Stage-1
    Tez
#### A masked pattern was here ####
      Edges:
        Map 1 <- Union 2 (CONTAINS)
        Map 3 <- Union 2 (CONTAINS)
#### A masked pattern was here ####
      Vertices:
        Map 1 
            Map Operator Tree:
                TableScan
                  alias: t1_n70
                  Statistics: Num rows: 10 Data size: 850 Basic stats: COMPLETE Column stats: COMPLETE
                  Select Operator
                    expressions: UDFToDouble(key) (type: double)
                    outputColumnNames: _col0
                    Statistics: Num rows: 10 Data size: 80 Basic stats: COMPLETE Column stats: COMPLETE
                    File Output Operator
                      compressed: false
                      Statistics: Num rows: 20 Data size: 160 Basic stats: COMPLETE Column stats: COMPLETE
                      table:
                          input format: org.apache.hadoop.mapred.SequenceFileInputFormat
                          output format: org.apache.hadoop.hive.ql.io.HiveSequenceFileOutputFormat
                          serde: org.apache.hadoop.hive.serde2.lazy.LazySimpleSerDe
            Execution mode: vectorized, llap
            LLAP IO: no inputs
        Map 3 
            Map Operator Tree:
                TableScan
                  alias: t2_n43
                  Statistics: Num rows: 10 Data size: 850 Basic stats: COMPLETE Column stats: COMPLETE
                  Select Operator
                    expressions: UDFToDouble(UDFToLong(key)) (type: double)
                    outputColumnNames: _col0
                    Statistics: Num rows: 10 Data size: 80 Basic stats: COMPLETE Column stats: COMPLETE
                    File Output Operator
                      compressed: false
                      Statistics: Num rows: 20 Data size: 160 Basic stats: COMPLETE Column stats: COMPLETE
                      table:
                          input format: org.apache.hadoop.mapred.SequenceFileInputFormat
                          output format: org.apache.hadoop.hive.ql.io.HiveSequenceFileOutputFormat
                          serde: org.apache.hadoop.hive.serde2.lazy.LazySimpleSerDe
            Execution mode: vectorized, llap
            LLAP IO: no inputs
        Union 2 
            Vertex: Union 2

  Stage: Stage-0
    Fetch Operator
      limit: -1
      Processor Tree:
        ListSink

PREHOOK: query: SELECT * FROM 
(SELECT CAST(key AS DOUBLE) AS key FROM t1_n70
UNION ALL
SELECT CAST(key AS BIGINT) AS key FROM t2_n43) a
PREHOOK: type: QUERY
PREHOOK: Input: default@t1_n70
PREHOOK: Input: default@t2_n43
#### A masked pattern was here ####
POSTHOOK: query: SELECT * FROM 
(SELECT CAST(key AS DOUBLE) AS key FROM t1_n70
UNION ALL
SELECT CAST(key AS BIGINT) AS key FROM t2_n43) a
POSTHOOK: type: QUERY
POSTHOOK: Input: default@t1_n70
POSTHOOK: Input: default@t2_n43
#### A masked pattern was here ####
0.0
0.0
0.0
0.0
0.0
0.0
2.0
2.0
4.0
4.0
5.0
5.0
5.0
5.0
5.0
5.0
8.0
8.0
9.0
9.0
PREHOOK: query: EXPLAIN
SELECT * FROM 
(SELECT CAST(a.key AS BIGINT) AS key FROM t1_n70 a JOIN t2_n43 b ON a.key = b.key
UNION ALL
SELECT CAST(key AS DOUBLE) AS key FROM t2_n43) a
PREHOOK: type: QUERY
PREHOOK: Input: default@t1_n70
PREHOOK: Input: default@t2_n43
#### A masked pattern was here ####
POSTHOOK: query: EXPLAIN
SELECT * FROM 
(SELECT CAST(a.key AS BIGINT) AS key FROM t1_n70 a JOIN t2_n43 b ON a.key = b.key
UNION ALL
SELECT CAST(key AS DOUBLE) AS key FROM t2_n43) a
POSTHOOK: type: QUERY
POSTHOOK: Input: default@t1_n70
POSTHOOK: Input: default@t2_n43
#### A masked pattern was here ####
STAGE DEPENDENCIES:
  Stage-1 is a root stage
  Stage-0 depends on stages: Stage-1

STAGE PLANS:
  Stage: Stage-1
    Tez
#### A masked pattern was here ####
      Edges:
        Map 5 <- Union 3 (CONTAINS)
        Reducer 2 <- Map 1 (SIMPLE_EDGE), Map 4 (SIMPLE_EDGE), Union 3 (CONTAINS)
#### A masked pattern was here ####
      Vertices:
        Map 1 
            Map Operator Tree:
                TableScan
                  alias: a
                  filterExpr: key is not null (type: boolean)
                  Statistics: Num rows: 10 Data size: 850 Basic stats: COMPLETE Column stats: COMPLETE
                  Filter Operator
                    predicate: key is not null (type: boolean)
                    Statistics: Num rows: 10 Data size: 850 Basic stats: COMPLETE Column stats: COMPLETE
                    Select Operator
                      expressions: key (type: string), UDFToLong(key) (type: bigint)
                      outputColumnNames: _col0, _col1
                      Statistics: Num rows: 10 Data size: 930 Basic stats: COMPLETE Column stats: COMPLETE
                      Reduce Output Operator
                        key expressions: _col0 (type: string)
                        null sort order: z
                        sort order: +
                        Map-reduce partition columns: _col0 (type: string)
                        Statistics: Num rows: 10 Data size: 930 Basic stats: COMPLETE Column stats: COMPLETE
                        value expressions: _col1 (type: bigint)
            Execution mode: vectorized, llap
            LLAP IO: no inputs
        Map 4 
            Map Operator Tree:
                TableScan
                  alias: b
                  filterExpr: key is not null (type: boolean)
                  Statistics: Num rows: 10 Data size: 850 Basic stats: COMPLETE Column stats: COMPLETE
                  Filter Operator
                    predicate: key is not null (type: boolean)
                    Statistics: Num rows: 10 Data size: 850 Basic stats: COMPLETE Column stats: COMPLETE
                    Select Operator
                      expressions: key (type: string)
                      outputColumnNames: _col0
                      Statistics: Num rows: 10 Data size: 850 Basic stats: COMPLETE Column stats: COMPLETE
                      Reduce Output Operator
                        key expressions: _col0 (type: string)
                        null sort order: z
                        sort order: +
                        Map-reduce partition columns: _col0 (type: string)
                        Statistics: Num rows: 10 Data size: 850 Basic stats: COMPLETE Column stats: COMPLETE
            Execution mode: vectorized, llap
            LLAP IO: no inputs
        Map 5 
            Map Operator Tree:
                TableScan
                  alias: t2_n43
                  Statistics: Num rows: 10 Data size: 850 Basic stats: COMPLETE Column stats: COMPLETE
                  Select Operator
                    expressions: UDFToDouble(key) (type: double)
                    outputColumnNames: _col0
                    Statistics: Num rows: 10 Data size: 80 Basic stats: COMPLETE Column stats: COMPLETE
                    File Output Operator
                      compressed: false
                      Statistics: Num rows: 26 Data size: 208 Basic stats: COMPLETE Column stats: COMPLETE
                      table:
                          input format: org.apache.hadoop.mapred.SequenceFileInputFormat
                          output format: org.apache.hadoop.hive.ql.io.HiveSequenceFileOutputFormat
                          serde: org.apache.hadoop.hive.serde2.lazy.LazySimpleSerDe
            Execution mode: vectorized, llap
            LLAP IO: no inputs
        Reducer 2 
            Execution mode: llap
            Reduce Operator Tree:
              Merge Join Operator
                condition map:
                     Inner Join 0 to 1
                keys:
                  0 _col0 (type: string)
                  1 _col0 (type: string)
                outputColumnNames: _col1
                Statistics: Num rows: 16 Data size: 128 Basic stats: COMPLETE Column stats: COMPLETE
                Select Operator
                  expressions: UDFToDouble(_col1) (type: double)
                  outputColumnNames: _col0
                  Statistics: Num rows: 16 Data size: 128 Basic stats: COMPLETE Column stats: COMPLETE
                  File Output Operator
                    compressed: false
                    Statistics: Num rows: 26 Data size: 208 Basic stats: COMPLETE Column stats: COMPLETE
                    table:
                        input format: org.apache.hadoop.mapred.SequenceFileInputFormat
                        output format: org.apache.hadoop.hive.ql.io.HiveSequenceFileOutputFormat
                        serde: org.apache.hadoop.hive.serde2.lazy.LazySimpleSerDe
        Union 3 
            Vertex: Union 3

  Stage: Stage-0
    Fetch Operator
      limit: -1
      Processor Tree:
        ListSink

PREHOOK: query: SELECT * FROM 
(SELECT CAST(a.key AS BIGINT) AS key FROM t1_n70 a JOIN t2_n43 b ON a.key = b.key
UNION ALL
SELECT CAST(key AS DOUBLE) AS key FROM t2_n43) a
PREHOOK: type: QUERY
PREHOOK: Input: default@t1_n70
PREHOOK: Input: default@t2_n43
#### A masked pattern was here ####
POSTHOOK: query: SELECT * FROM 
(SELECT CAST(a.key AS BIGINT) AS key FROM t1_n70 a JOIN t2_n43 b ON a.key = b.key
UNION ALL
SELECT CAST(key AS DOUBLE) AS key FROM t2_n43) a
POSTHOOK: type: QUERY
POSTHOOK: Input: default@t1_n70
POSTHOOK: Input: default@t2_n43
#### A masked pattern was here ####
0.0
0.0
0.0
0.0
0.0
0.0
0.0
0.0
0.0
0.0
0.0
0.0
2.0
2.0
4.0
4.0
5.0
5.0
5.0
5.0
5.0
5.0
5.0
5.0
5.0
5.0
5.0
5.0
8.0
8.0
9.0
9.0
PREHOOK: query: EXPLAIN
SELECT * FROM 
(SELECT CAST(key AS DOUBLE) AS key FROM t2_n43
UNION ALL
SELECT CAST(a.key AS BIGINT) AS key FROM t1_n70 a JOIN t2_n43 b ON a.key = b.key) a
PREHOOK: type: QUERY
PREHOOK: Input: default@t1_n70
PREHOOK: Input: default@t2_n43
#### A masked pattern was here ####
POSTHOOK: query: EXPLAIN
SELECT * FROM 
(SELECT CAST(key AS DOUBLE) AS key FROM t2_n43
UNION ALL
SELECT CAST(a.key AS BIGINT) AS key FROM t1_n70 a JOIN t2_n43 b ON a.key = b.key) a
POSTHOOK: type: QUERY
POSTHOOK: Input: default@t1_n70
POSTHOOK: Input: default@t2_n43
#### A masked pattern was here ####
STAGE DEPENDENCIES:
  Stage-1 is a root stage
  Stage-0 depends on stages: Stage-1

STAGE PLANS:
  Stage: Stage-1
    Tez
#### A masked pattern was here ####
      Edges:
        Map 1 <- Union 2 (CONTAINS)
        Reducer 4 <- Map 3 (SIMPLE_EDGE), Map 5 (SIMPLE_EDGE), Union 2 (CONTAINS)
#### A masked pattern was here ####
      Vertices:
        Map 1 
            Map Operator Tree:
                TableScan
                  alias: t2_n43
                  Statistics: Num rows: 10 Data size: 850 Basic stats: COMPLETE Column stats: COMPLETE
                  Select Operator
                    expressions: UDFToDouble(key) (type: double)
                    outputColumnNames: _col0
                    Statistics: Num rows: 10 Data size: 80 Basic stats: COMPLETE Column stats: COMPLETE
                    File Output Operator
                      compressed: false
                      Statistics: Num rows: 26 Data size: 208 Basic stats: COMPLETE Column stats: COMPLETE
                      table:
                          input format: org.apache.hadoop.mapred.SequenceFileInputFormat
                          output format: org.apache.hadoop.hive.ql.io.HiveSequenceFileOutputFormat
                          serde: org.apache.hadoop.hive.serde2.lazy.LazySimpleSerDe
            Execution mode: vectorized, llap
            LLAP IO: no inputs
        Map 3 
            Map Operator Tree:
                TableScan
                  alias: a
                  filterExpr: key is not null (type: boolean)
                  Statistics: Num rows: 10 Data size: 850 Basic stats: COMPLETE Column stats: COMPLETE
                  Filter Operator
                    predicate: key is not null (type: boolean)
                    Statistics: Num rows: 10 Data size: 850 Basic stats: COMPLETE Column stats: COMPLETE
                    Select Operator
                      expressions: key (type: string), UDFToLong(key) (type: bigint)
                      outputColumnNames: _col0, _col1
                      Statistics: Num rows: 10 Data size: 930 Basic stats: COMPLETE Column stats: COMPLETE
                      Reduce Output Operator
                        key expressions: _col0 (type: string)
                        null sort order: z
                        sort order: +
                        Map-reduce partition columns: _col0 (type: string)
                        Statistics: Num rows: 10 Data size: 930 Basic stats: COMPLETE Column stats: COMPLETE
                        value expressions: _col1 (type: bigint)
            Execution mode: vectorized, llap
            LLAP IO: no inputs
        Map 5 
            Map Operator Tree:
                TableScan
                  alias: b
                  filterExpr: key is not null (type: boolean)
                  Statistics: Num rows: 10 Data size: 850 Basic stats: COMPLETE Column stats: COMPLETE
                  Filter Operator
                    predicate: key is not null (type: boolean)
                    Statistics: Num rows: 10 Data size: 850 Basic stats: COMPLETE Column stats: COMPLETE
                    Select Operator
                      expressions: key (type: string)
                      outputColumnNames: _col0
                      Statistics: Num rows: 10 Data size: 850 Basic stats: COMPLETE Column stats: COMPLETE
                      Reduce Output Operator
                        key expressions: _col0 (type: string)
                        null sort order: z
                        sort order: +
                        Map-reduce partition columns: _col0 (type: string)
                        Statistics: Num rows: 10 Data size: 850 Basic stats: COMPLETE Column stats: COMPLETE
            Execution mode: vectorized, llap
            LLAP IO: no inputs
        Reducer 4 
            Execution mode: llap
            Reduce Operator Tree:
              Merge Join Operator
                condition map:
                     Inner Join 0 to 1
                keys:
                  0 _col0 (type: string)
                  1 _col0 (type: string)
                outputColumnNames: _col1
                Statistics: Num rows: 16 Data size: 128 Basic stats: COMPLETE Column stats: COMPLETE
                Select Operator
                  expressions: UDFToDouble(_col1) (type: double)
                  outputColumnNames: _col0
                  Statistics: Num rows: 16 Data size: 128 Basic stats: COMPLETE Column stats: COMPLETE
                  File Output Operator
                    compressed: false
                    Statistics: Num rows: 26 Data size: 208 Basic stats: COMPLETE Column stats: COMPLETE
                    table:
                        input format: org.apache.hadoop.mapred.SequenceFileInputFormat
                        output format: org.apache.hadoop.hive.ql.io.HiveSequenceFileOutputFormat
                        serde: org.apache.hadoop.hive.serde2.lazy.LazySimpleSerDe
        Union 2 
            Vertex: Union 2

  Stage: Stage-0
    Fetch Operator
      limit: -1
      Processor Tree:
        ListSink

PREHOOK: query: SELECT * FROM 
(SELECT CAST(key AS DOUBLE) AS key FROM t2_n43
UNION ALL
SELECT CAST(a.key AS BIGINT) AS key FROM t1_n70 a JOIN t2_n43 b ON a.key = b.key) a
PREHOOK: type: QUERY
PREHOOK: Input: default@t1_n70
PREHOOK: Input: default@t2_n43
#### A masked pattern was here ####
POSTHOOK: query: SELECT * FROM 
(SELECT CAST(key AS DOUBLE) AS key FROM t2_n43
UNION ALL
SELECT CAST(a.key AS BIGINT) AS key FROM t1_n70 a JOIN t2_n43 b ON a.key = b.key) a
POSTHOOK: type: QUERY
POSTHOOK: Input: default@t1_n70
POSTHOOK: Input: default@t2_n43
#### A masked pattern was here ####
0.0
0.0
0.0
0.0
0.0
0.0
0.0
0.0
0.0
0.0
0.0
0.0
2.0
2.0
4.0
4.0
5.0
5.0
5.0
5.0
5.0
5.0
5.0
5.0
5.0
5.0
5.0
5.0
8.0
8.0
9.0
9.0
PREHOOK: query: EXPLAIN
SELECT * FROM 
(SELECT CAST(a.key AS BIGINT) AS key, CAST(b.key AS CHAR(20)) AS value FROM t1_n70 a JOIN t2_n43 b ON a.key = b.key
UNION ALL
SELECT CAST(key AS DOUBLE) AS key, CAST(key AS STRING) AS value FROM t2_n43) a
PREHOOK: type: QUERY
PREHOOK: Input: default@t1_n70
PREHOOK: Input: default@t2_n43
#### A masked pattern was here ####
POSTHOOK: query: EXPLAIN
SELECT * FROM 
(SELECT CAST(a.key AS BIGINT) AS key, CAST(b.key AS CHAR(20)) AS value FROM t1_n70 a JOIN t2_n43 b ON a.key = b.key
UNION ALL
SELECT CAST(key AS DOUBLE) AS key, CAST(key AS STRING) AS value FROM t2_n43) a
POSTHOOK: type: QUERY
POSTHOOK: Input: default@t1_n70
POSTHOOK: Input: default@t2_n43
#### A masked pattern was here ####
STAGE DEPENDENCIES:
  Stage-1 is a root stage
  Stage-0 depends on stages: Stage-1

STAGE PLANS:
  Stage: Stage-1
    Tez
#### A masked pattern was here ####
      Edges:
        Map 5 <- Union 3 (CONTAINS)
        Reducer 2 <- Map 1 (SIMPLE_EDGE), Map 4 (SIMPLE_EDGE), Union 3 (CONTAINS)
#### A masked pattern was here ####
      Vertices:
        Map 1 
            Map Operator Tree:
                TableScan
                  alias: a
                  filterExpr: key is not null (type: boolean)
                  Statistics: Num rows: 10 Data size: 850 Basic stats: COMPLETE Column stats: COMPLETE
                  Filter Operator
                    predicate: key is not null (type: boolean)
                    Statistics: Num rows: 10 Data size: 850 Basic stats: COMPLETE Column stats: COMPLETE
                    Select Operator
                      expressions: key (type: string), UDFToLong(key) (type: bigint)
                      outputColumnNames: _col0, _col1
                      Statistics: Num rows: 10 Data size: 930 Basic stats: COMPLETE Column stats: COMPLETE
                      Reduce Output Operator
                        key expressions: _col0 (type: string)
                        null sort order: z
                        sort order: +
                        Map-reduce partition columns: _col0 (type: string)
                        Statistics: Num rows: 10 Data size: 930 Basic stats: COMPLETE Column stats: COMPLETE
                        value expressions: _col1 (type: bigint)
            Execution mode: vectorized, llap
            LLAP IO: no inputs
        Map 4 
            Map Operator Tree:
                TableScan
                  alias: b
                  filterExpr: key is not null (type: boolean)
                  Statistics: Num rows: 10 Data size: 850 Basic stats: COMPLETE Column stats: COMPLETE
                  Filter Operator
                    predicate: key is not null (type: boolean)
                    Statistics: Num rows: 10 Data size: 850 Basic stats: COMPLETE Column stats: COMPLETE
                    Select Operator
                      expressions: key (type: string), CAST( key AS CHAR(20)) (type: char(20))
                      outputColumnNames: _col0, _col1
                      Statistics: Num rows: 10 Data size: 1890 Basic stats: COMPLETE Column stats: COMPLETE
                      Reduce Output Operator
                        key expressions: _col0 (type: string)
                        null sort order: z
                        sort order: +
                        Map-reduce partition columns: _col0 (type: string)
                        Statistics: Num rows: 10 Data size: 1890 Basic stats: COMPLETE Column stats: COMPLETE
                        value expressions: _col1 (type: char(20))
            Execution mode: vectorized, llap
            LLAP IO: no inputs
        Map 5 
            Map Operator Tree:
                TableScan
                  alias: t2_n43
                  Statistics: Num rows: 10 Data size: 850 Basic stats: COMPLETE Column stats: COMPLETE
                  Select Operator
                    expressions: UDFToDouble(key) (type: double), key (type: string)
                    outputColumnNames: _col0, _col1
                    Statistics: Num rows: 10 Data size: 930 Basic stats: COMPLETE Column stats: COMPLETE
                    File Output Operator
                      compressed: false
                      Statistics: Num rows: 26 Data size: 4002 Basic stats: COMPLETE Column stats: COMPLETE
                      table:
                          input format: org.apache.hadoop.mapred.SequenceFileInputFormat
                          output format: org.apache.hadoop.hive.ql.io.HiveSequenceFileOutputFormat
                          serde: org.apache.hadoop.hive.serde2.lazy.LazySimpleSerDe
            Execution mode: vectorized, llap
            LLAP IO: no inputs
        Reducer 2 
            Execution mode: llap
            Reduce Operator Tree:
              Merge Join Operator
                condition map:
                     Inner Join 0 to 1
                keys:
                  0 _col0 (type: string)
                  1 _col0 (type: string)
                outputColumnNames: _col1, _col3
                Statistics: Num rows: 16 Data size: 1792 Basic stats: COMPLETE Column stats: COMPLETE
                Select Operator
                  expressions: UDFToDouble(_col1) (type: double), CAST( _col3 AS STRING) (type: string)
                  outputColumnNames: _col0, _col1
                  Statistics: Num rows: 16 Data size: 3072 Basic stats: COMPLETE Column stats: COMPLETE
                  File Output Operator
                    compressed: false
                    Statistics: Num rows: 26 Data size: 4002 Basic stats: COMPLETE Column stats: COMPLETE
                    table:
                        input format: org.apache.hadoop.mapred.SequenceFileInputFormat
                        output format: org.apache.hadoop.hive.ql.io.HiveSequenceFileOutputFormat
                        serde: org.apache.hadoop.hive.serde2.lazy.LazySimpleSerDe
        Union 3 
            Vertex: Union 3

  Stage: Stage-0
    Fetch Operator
      limit: -1
      Processor Tree:
        ListSink

PREHOOK: query: SELECT * FROM 
(SELECT CAST(a.key AS BIGINT) AS key, CAST(b.key AS VARCHAR(20)) AS value FROM t1_n70 a JOIN t2_n43 b ON a.key = b.key
UNION ALL
SELECT CAST(key AS DOUBLE) AS key, CAST(key AS STRING) AS value FROM t2_n43) a
PREHOOK: type: QUERY
PREHOOK: Input: default@t1_n70
PREHOOK: Input: default@t2_n43
#### A masked pattern was here ####
POSTHOOK: query: SELECT * FROM 
(SELECT CAST(a.key AS BIGINT) AS key, CAST(b.key AS VARCHAR(20)) AS value FROM t1_n70 a JOIN t2_n43 b ON a.key = b.key
UNION ALL
SELECT CAST(key AS DOUBLE) AS key, CAST(key AS STRING) AS value FROM t2_n43) a
POSTHOOK: type: QUERY
POSTHOOK: Input: default@t1_n70
POSTHOOK: Input: default@t2_n43
#### A masked pattern was here ####
0.0	0
0.0	0
0.0	0
0.0	0
0.0	0
0.0	0
0.0	0
0.0	0
0.0	0
0.0	0
0.0	0
0.0	0
2.0	2
2.0	2
4.0	4
4.0	4
5.0	5
5.0	5
5.0	5
5.0	5
5.0	5
5.0	5
5.0	5
5.0	5
5.0	5
5.0	5
5.0	5
5.0	5
8.0	8
8.0	8
9.0	9
9.0	9
PREHOOK: query: EXPLAIN
SELECT * FROM 
(SELECT CAST(key AS DOUBLE) AS key, CAST(key AS STRING) AS value FROM t2_n43
UNION ALL
SELECT CAST(a.key AS BIGINT) AS key, CAST(b.key AS CHAR(20)) AS value FROM t1_n70 a JOIN t2_n43 b ON a.key = b.key) a
PREHOOK: type: QUERY
PREHOOK: Input: default@t1_n70
PREHOOK: Input: default@t2_n43
#### A masked pattern was here ####
POSTHOOK: query: EXPLAIN
SELECT * FROM 
(SELECT CAST(key AS DOUBLE) AS key, CAST(key AS STRING) AS value FROM t2_n43
UNION ALL
SELECT CAST(a.key AS BIGINT) AS key, CAST(b.key AS CHAR(20)) AS value FROM t1_n70 a JOIN t2_n43 b ON a.key = b.key) a
POSTHOOK: type: QUERY
POSTHOOK: Input: default@t1_n70
POSTHOOK: Input: default@t2_n43
#### A masked pattern was here ####
STAGE DEPENDENCIES:
  Stage-1 is a root stage
  Stage-0 depends on stages: Stage-1

STAGE PLANS:
  Stage: Stage-1
    Tez
#### A masked pattern was here ####
      Edges:
        Map 1 <- Union 2 (CONTAINS)
        Reducer 4 <- Map 3 (SIMPLE_EDGE), Map 5 (SIMPLE_EDGE), Union 2 (CONTAINS)
#### A masked pattern was here ####
      Vertices:
        Map 1 
            Map Operator Tree:
                TableScan
                  alias: t2_n43
                  Statistics: Num rows: 10 Data size: 850 Basic stats: COMPLETE Column stats: COMPLETE
                  Select Operator
                    expressions: UDFToDouble(key) (type: double), key (type: string)
                    outputColumnNames: _col0, _col1
                    Statistics: Num rows: 10 Data size: 930 Basic stats: COMPLETE Column stats: COMPLETE
                    File Output Operator
                      compressed: false
                      Statistics: Num rows: 26 Data size: 4002 Basic stats: COMPLETE Column stats: COMPLETE
                      table:
                          input format: org.apache.hadoop.mapred.SequenceFileInputFormat
                          output format: org.apache.hadoop.hive.ql.io.HiveSequenceFileOutputFormat
                          serde: org.apache.hadoop.hive.serde2.lazy.LazySimpleSerDe
            Execution mode: vectorized, llap
            LLAP IO: no inputs
        Map 3 
            Map Operator Tree:
                TableScan
                  alias: a
                  filterExpr: key is not null (type: boolean)
                  Statistics: Num rows: 10 Data size: 850 Basic stats: COMPLETE Column stats: COMPLETE
                  Filter Operator
                    predicate: key is not null (type: boolean)
                    Statistics: Num rows: 10 Data size: 850 Basic stats: COMPLETE Column stats: COMPLETE
                    Select Operator
                      expressions: key (type: string), UDFToLong(key) (type: bigint)
                      outputColumnNames: _col0, _col1
                      Statistics: Num rows: 10 Data size: 930 Basic stats: COMPLETE Column stats: COMPLETE
                      Reduce Output Operator
                        key expressions: _col0 (type: string)
                        null sort order: z
                        sort order: +
                        Map-reduce partition columns: _col0 (type: string)
                        Statistics: Num rows: 10 Data size: 930 Basic stats: COMPLETE Column stats: COMPLETE
                        value expressions: _col1 (type: bigint)
            Execution mode: vectorized, llap
            LLAP IO: no inputs
        Map 5 
            Map Operator Tree:
                TableScan
                  alias: b
                  filterExpr: key is not null (type: boolean)
                  Statistics: Num rows: 10 Data size: 850 Basic stats: COMPLETE Column stats: COMPLETE
                  Filter Operator
                    predicate: key is not null (type: boolean)
                    Statistics: Num rows: 10 Data size: 850 Basic stats: COMPLETE Column stats: COMPLETE
                    Select Operator
                      expressions: key (type: string), CAST( key AS CHAR(20)) (type: char(20))
                      outputColumnNames: _col0, _col1
                      Statistics: Num rows: 10 Data size: 1890 Basic stats: COMPLETE Column stats: COMPLETE
                      Reduce Output Operator
                        key expressions: _col0 (type: string)
                        null sort order: z
                        sort order: +
                        Map-reduce partition columns: _col0 (type: string)
                        Statistics: Num rows: 10 Data size: 1890 Basic stats: COMPLETE Column stats: COMPLETE
                        value expressions: _col1 (type: char(20))
            Execution mode: vectorized, llap
            LLAP IO: no inputs
        Reducer 4 
            Execution mode: llap
            Reduce Operator Tree:
              Merge Join Operator
                condition map:
                     Inner Join 0 to 1
                keys:
                  0 _col0 (type: string)
                  1 _col0 (type: string)
                outputColumnNames: _col1, _col3
                Statistics: Num rows: 16 Data size: 1792 Basic stats: COMPLETE Column stats: COMPLETE
                Select Operator
                  expressions: UDFToDouble(_col1) (type: double), CAST( _col3 AS STRING) (type: string)
                  outputColumnNames: _col0, _col1
                  Statistics: Num rows: 16 Data size: 3072 Basic stats: COMPLETE Column stats: COMPLETE
                  File Output Operator
                    compressed: false
                    Statistics: Num rows: 26 Data size: 4002 Basic stats: COMPLETE Column stats: COMPLETE
                    table:
                        input format: org.apache.hadoop.mapred.SequenceFileInputFormat
                        output format: org.apache.hadoop.hive.ql.io.HiveSequenceFileOutputFormat
                        serde: org.apache.hadoop.hive.serde2.lazy.LazySimpleSerDe
        Union 2 
            Vertex: Union 2

  Stage: Stage-0
    Fetch Operator
      limit: -1
      Processor Tree:
        ListSink

PREHOOK: query: SELECT * FROM 
(SELECT CAST(key AS DOUBLE) AS key, CAST(key AS STRING) AS value FROM t2_n43
UNION ALL
SELECT CAST(a.key AS BIGINT) AS key, CAST(b.key AS VARCHAR(20)) AS value FROM t1_n70 a JOIN t2_n43 b ON a.key = b.key) a
PREHOOK: type: QUERY
PREHOOK: Input: default@t1_n70
PREHOOK: Input: default@t2_n43
#### A masked pattern was here ####
POSTHOOK: query: SELECT * FROM 
(SELECT CAST(key AS DOUBLE) AS key, CAST(key AS STRING) AS value FROM t2_n43
UNION ALL
SELECT CAST(a.key AS BIGINT) AS key, CAST(b.key AS VARCHAR(20)) AS value FROM t1_n70 a JOIN t2_n43 b ON a.key = b.key) a
POSTHOOK: type: QUERY
POSTHOOK: Input: default@t1_n70
POSTHOOK: Input: default@t2_n43
#### A masked pattern was here ####
0.0	0
0.0	0
0.0	0
0.0	0
0.0	0
0.0	0
0.0	0
0.0	0
0.0	0
0.0	0
0.0	0
0.0	0
2.0	2
2.0	2
4.0	4
4.0	4
5.0	5
5.0	5
5.0	5
5.0	5
5.0	5
5.0	5
5.0	5
5.0	5
5.0	5
5.0	5
5.0	5
5.0	5
8.0	8
8.0	8
9.0	9
9.0	9
