PREHOOK: query: CREATE TABLE t (flag BOOLEAN)
PREHOOK: type: CREATETABLE
PREHOOK: Output: database:default
PREHOOK: Output: default@t
POSTHOOK: query: CREATE TABLE t (flag BOOLEAN)
POSTHOOK: type: CREATETABLE
POSTHOOK: Output: database:default
POSTHOOK: Output: default@t
PREHOOK: query: ALTER TABLE t UPDATE STATISTICS SET('numRows'='1000')
PREHOOK: type: ALTERTABLE_UPDATETABLESTATS
PREHOOK: Input: default@t
PREHOOK: Output: default@t
POSTHOOK: query: ALTER TABLE t UPDATE STATISTICS SET('numRows'='1000')
POSTHOOK: type: ALTERTABLE_UPDATETABLESTATS
POSTHOOK: Input: default@t
POSTHOOK: Output: default@t
PREHOOK: query: ALTER TABLE t UPDATE STATISTICS for column flag SET ('numNulls'='-1','numTrues'='-1','numFalses'='-1')
PREHOOK: type: ALTERTABLE_UPDATETABLESTATS
PREHOOK: Input: default@t
PREHOOK: Output: default@t
POSTHOOK: query: ALTER TABLE t UPDATE STATISTICS for column flag SET ('numNulls'='-1','numTrues'='-1','numFalses'='-1')
POSTHOOK: type: ALTERTABLE_UPDATETABLESTATS
POSTHOOK: Input: default@t
POSTHOOK: Output: default@t
PREHOOK: query: EXPLAIN EXTENDED SELECT COUNT(*) FROM t WHERE flag
PREHOOK: type: QUERY
PREHOOK: Input: default@t
PREHOOK: Output: hdfs://### HDFS PATH ###
POSTHOOK: query: EXPLAIN EXTENDED SELECT COUNT(*) FROM t WHERE flag
POSTHOOK: type: QUERY
POSTHOOK: Input: default@t
POSTHOOK: Output: hdfs://### HDFS PATH ###
OPTIMIZED SQL: SELECT COUNT(*) AS `_c0`
FROM `default`.`t`
WHERE `flag`
STAGE DEPENDENCIES:
  Stage-1 is a root stage
  Stage-0 depends on stages: Stage-1

STAGE PLANS:
  Stage: Stage-1
    Tez
#### A masked pattern was here ####
      Edges:
        Reducer 2 <- Map 1 (CUSTOM_SIMPLE_EDGE)
#### A masked pattern was here ####
      Vertices:
        Map 1 
            Map Operator Tree:
                TableScan
                  alias: t
                  Statistics: Num rows: 1000 Data size: 4000 Basic stats: COMPLETE Column stats: COMPLETE
                  GatherStats: false
                  Filter Operator
                    isSamplingPred: false
                    predicate: flag (type: boolean)
                    Statistics: Num rows: 500 Data size: 2000 Basic stats: COMPLETE Column stats: COMPLETE
                    Select Operator
                      Statistics: Num rows: 500 Data size: 2000 Basic stats: COMPLETE Column stats: COMPLETE
                      Group By Operator
                        aggregations: count()
                        minReductionHashAggr: 0.99
                        mode: hash
                        outputColumnNames: _col0
                        Statistics: Num rows: 1 Data size: 8 Basic stats: COMPLETE Column stats: COMPLETE
                        Reduce Output Operator
                          bucketingVersion: 2
                          null sort order: 
                          numBuckets: -1
                          sort order: 
                          Statistics: Num rows: 1 Data size: 8 Basic stats: COMPLETE Column stats: COMPLETE
                          tag: -1
                          value expressions: _col0 (type: bigint)
                          auto parallelism: false
            Execution mode: vectorized, llap
            LLAP IO: all inputs
            Path -> Alias:
              hdfs://### HDFS PATH ### [t]
            Path -> Partition:
              hdfs://### HDFS PATH ### 
                Partition
                  base file name: t
                  input format: org.apache.hadoop.mapred.TextInputFormat
                  output format: org.apache.hadoop.hive.ql.io.HiveIgnoreKeyTextOutputFormat
                  properties:
                    bucket_count -1
                    bucketing_version 2
                    column.name.delimiter ,
                    columns flag
                    columns.types boolean
#### A masked pattern was here ####
                    location hdfs://### HDFS PATH ###
                    name default.t
                    serialization.format 1
                    serialization.lib org.apache.hadoop.hive.serde2.lazy.LazySimpleSerDe
                  serde: org.apache.hadoop.hive.serde2.lazy.LazySimpleSerDe
                
                    input format: org.apache.hadoop.mapred.TextInputFormat
                    output format: org.apache.hadoop.hive.ql.io.HiveIgnoreKeyTextOutputFormat
                    properties:
                      bucketing_version 2
                      column.name.delimiter ,
                      columns flag
                      columns.comments 
                      columns.types boolean
#### A masked pattern was here ####
                      location hdfs://### HDFS PATH ###
                      name default.t
                      serialization.format 1
                      serialization.lib org.apache.hadoop.hive.serde2.lazy.LazySimpleSerDe
                    serde: org.apache.hadoop.hive.serde2.lazy.LazySimpleSerDe
                    name: default.t
                  name: default.t
            Truncated Path -> Alias:
              /t [t]
        Reducer 2 
            Execution mode: vectorized, llap
            Needs Tagging: false
            Reduce Operator Tree:
              Group By Operator
                aggregations: count(VALUE._col0)
                mode: mergepartial
                outputColumnNames: _col0
                Statistics: Num rows: 1 Data size: 8 Basic stats: COMPLETE Column stats: COMPLETE
                File Output Operator
                  bucketingVersion: 2
                  compressed: false
                  GlobalTableId: 0
                  directory: hdfs://### HDFS PATH ###
                  NumFilesPerFileSink: 1
                  Statistics: Num rows: 1 Data size: 8 Basic stats: COMPLETE Column stats: COMPLETE
                  Stats Publishing Key Prefix: hdfs://### HDFS PATH ###
                  table:
                      input format: org.apache.hadoop.mapred.SequenceFileInputFormat
                      output format: org.apache.hadoop.hive.ql.io.HiveSequenceFileOutputFormat
                      properties:
                        bucketing_version -1
                        columns _col0
                        columns.types bigint
                        escape.delim \
                        hive.serialization.extend.additional.nesting.levels true
                        serialization.escape.crlf true
                        serialization.format 1
                        serialization.lib org.apache.hadoop.hive.serde2.lazy.LazySimpleSerDe
                      serde: org.apache.hadoop.hive.serde2.lazy.LazySimpleSerDe
                  TotalFiles: 1
                  GatherStats: false
                  MultiFileSpray: false

  Stage: Stage-0
    Fetch Operator
      limit: -1
      Processor Tree:
        ListSink

PREHOOK: query: EXPLAIN EXTENDED SELECT COUNT(*) FROM t WHERE NOT flag
PREHOOK: type: QUERY
PREHOOK: Input: default@t
PREHOOK: Output: hdfs://### HDFS PATH ###
POSTHOOK: query: EXPLAIN EXTENDED SELECT COUNT(*) FROM t WHERE NOT flag
POSTHOOK: type: QUERY
POSTHOOK: Input: default@t
POSTHOOK: Output: hdfs://### HDFS PATH ###
OPTIMIZED SQL: SELECT COUNT(*) AS `_c0`
FROM `default`.`t`
WHERE NOT `flag`
STAGE DEPENDENCIES:
  Stage-1 is a root stage
  Stage-0 depends on stages: Stage-1

STAGE PLANS:
  Stage: Stage-1
    Tez
#### A masked pattern was here ####
      Edges:
        Reducer 2 <- Map 1 (CUSTOM_SIMPLE_EDGE)
#### A masked pattern was here ####
      Vertices:
        Map 1 
            Map Operator Tree:
                TableScan
                  alias: t
                  filterExpr: (not flag) (type: boolean)
                  Statistics: Num rows: 1000 Data size: 4000 Basic stats: COMPLETE Column stats: COMPLETE
                  GatherStats: false
                  Filter Operator
                    isSamplingPred: false
                    predicate: (not flag) (type: boolean)
                    Statistics: Num rows: 500 Data size: 2000 Basic stats: COMPLETE Column stats: COMPLETE
                    Select Operator
                      Statistics: Num rows: 500 Data size: 2000 Basic stats: COMPLETE Column stats: COMPLETE
                      Group By Operator
                        aggregations: count()
                        minReductionHashAggr: 0.99
                        mode: hash
                        outputColumnNames: _col0
                        Statistics: Num rows: 1 Data size: 8 Basic stats: COMPLETE Column stats: COMPLETE
                        Reduce Output Operator
                          bucketingVersion: 2
                          null sort order: 
                          numBuckets: -1
                          sort order: 
                          Statistics: Num rows: 1 Data size: 8 Basic stats: COMPLETE Column stats: COMPLETE
                          tag: -1
                          value expressions: _col0 (type: bigint)
                          auto parallelism: false
            Execution mode: vectorized, llap
            LLAP IO: all inputs
            Path -> Alias:
              hdfs://### HDFS PATH ### [t]
            Path -> Partition:
              hdfs://### HDFS PATH ### 
                Partition
                  base file name: t
                  input format: org.apache.hadoop.mapred.TextInputFormat
                  output format: org.apache.hadoop.hive.ql.io.HiveIgnoreKeyTextOutputFormat
                  properties:
                    bucket_count -1
                    bucketing_version 2
                    column.name.delimiter ,
                    columns flag
                    columns.types boolean
#### A masked pattern was here ####
                    location hdfs://### HDFS PATH ###
                    name default.t
                    serialization.format 1
                    serialization.lib org.apache.hadoop.hive.serde2.lazy.LazySimpleSerDe
                  serde: org.apache.hadoop.hive.serde2.lazy.LazySimpleSerDe
                
                    input format: org.apache.hadoop.mapred.TextInputFormat
                    output format: org.apache.hadoop.hive.ql.io.HiveIgnoreKeyTextOutputFormat
                    properties:
                      bucketing_version 2
                      column.name.delimiter ,
                      columns flag
                      columns.comments 
                      columns.types boolean
#### A masked pattern was here ####
                      location hdfs://### HDFS PATH ###
                      name default.t
                      serialization.format 1
                      serialization.lib org.apache.hadoop.hive.serde2.lazy.LazySimpleSerDe
                    serde: org.apache.hadoop.hive.serde2.lazy.LazySimpleSerDe
                    name: default.t
                  name: default.t
            Truncated Path -> Alias:
              /t [t]
        Reducer 2 
            Execution mode: vectorized, llap
            Needs Tagging: false
            Reduce Operator Tree:
              Group By Operator
                aggregations: count(VALUE._col0)
                mode: mergepartial
                outputColumnNames: _col0
                Statistics: Num rows: 1 Data size: 8 Basic stats: COMPLETE Column stats: COMPLETE
                File Output Operator
                  bucketingVersion: 2
                  compressed: false
                  GlobalTableId: 0
                  directory: hdfs://### HDFS PATH ###
                  NumFilesPerFileSink: 1
                  Statistics: Num rows: 1 Data size: 8 Basic stats: COMPLETE Column stats: COMPLETE
                  Stats Publishing Key Prefix: hdfs://### HDFS PATH ###
                  table:
                      input format: org.apache.hadoop.mapred.SequenceFileInputFormat
                      output format: org.apache.hadoop.hive.ql.io.HiveSequenceFileOutputFormat
                      properties:
                        bucketing_version -1
                        columns _col0
                        columns.types bigint
                        escape.delim \
                        hive.serialization.extend.additional.nesting.levels true
                        serialization.escape.crlf true
                        serialization.format 1
                        serialization.lib org.apache.hadoop.hive.serde2.lazy.LazySimpleSerDe
                      serde: org.apache.hadoop.hive.serde2.lazy.LazySimpleSerDe
                  TotalFiles: 1
                  GatherStats: false
                  MultiFileSpray: false

  Stage: Stage-0
    Fetch Operator
      limit: -1
      Processor Tree:
        ListSink

PREHOOK: query: EXPLAIN EXTENDED SELECT COUNT(*) FROM t WHERE flag IS NULL
PREHOOK: type: QUERY
PREHOOK: Input: default@t
PREHOOK: Output: hdfs://### HDFS PATH ###
POSTHOOK: query: EXPLAIN EXTENDED SELECT COUNT(*) FROM t WHERE flag IS NULL
POSTHOOK: type: QUERY
POSTHOOK: Input: default@t
POSTHOOK: Output: hdfs://### HDFS PATH ###
OPTIMIZED SQL: SELECT COUNT(*) AS `_c0`
FROM `default`.`t`
WHERE `flag` IS NULL
STAGE DEPENDENCIES:
  Stage-1 is a root stage
  Stage-0 depends on stages: Stage-1

STAGE PLANS:
  Stage: Stage-1
    Tez
#### A masked pattern was here ####
      Edges:
        Reducer 2 <- Map 1 (CUSTOM_SIMPLE_EDGE)
#### A masked pattern was here ####
      Vertices:
        Map 1 
            Map Operator Tree:
                TableScan
                  alias: t
                  filterExpr: flag is null (type: boolean)
                  Statistics: Num rows: 1000 Data size: 4000 Basic stats: COMPLETE Column stats: COMPLETE
                  GatherStats: false
                  Filter Operator
                    isSamplingPred: false
                    predicate: flag is null (type: boolean)
                    Statistics: Num rows: 500 Data size: 2000 Basic stats: COMPLETE Column stats: COMPLETE
                    Select Operator
                      Statistics: Num rows: 500 Data size: 2000 Basic stats: COMPLETE Column stats: COMPLETE
                      Group By Operator
                        aggregations: count()
                        minReductionHashAggr: 0.99
                        mode: hash
                        outputColumnNames: _col0
                        Statistics: Num rows: 1 Data size: 8 Basic stats: COMPLETE Column stats: COMPLETE
                        Reduce Output Operator
                          bucketingVersion: 2
                          null sort order: 
                          numBuckets: -1
                          sort order: 
                          Statistics: Num rows: 1 Data size: 8 Basic stats: COMPLETE Column stats: COMPLETE
                          tag: -1
                          value expressions: _col0 (type: bigint)
                          auto parallelism: false
            Execution mode: vectorized, llap
            LLAP IO: all inputs
            Path -> Alias:
              hdfs://### HDFS PATH ### [t]
            Path -> Partition:
              hdfs://### HDFS PATH ### 
                Partition
                  base file name: t
                  input format: org.apache.hadoop.mapred.TextInputFormat
                  output format: org.apache.hadoop.hive.ql.io.HiveIgnoreKeyTextOutputFormat
                  properties:
                    bucket_count -1
                    bucketing_version 2
                    column.name.delimiter ,
                    columns flag
                    columns.types boolean
#### A masked pattern was here ####
                    location hdfs://### HDFS PATH ###
                    name default.t
                    serialization.format 1
                    serialization.lib org.apache.hadoop.hive.serde2.lazy.LazySimpleSerDe
                  serde: org.apache.hadoop.hive.serde2.lazy.LazySimpleSerDe
                
                    input format: org.apache.hadoop.mapred.TextInputFormat
                    output format: org.apache.hadoop.hive.ql.io.HiveIgnoreKeyTextOutputFormat
                    properties:
                      bucketing_version 2
                      column.name.delimiter ,
                      columns flag
                      columns.comments 
                      columns.types boolean
#### A masked pattern was here ####
                      location hdfs://### HDFS PATH ###
                      name default.t
                      serialization.format 1
                      serialization.lib org.apache.hadoop.hive.serde2.lazy.LazySimpleSerDe
                    serde: org.apache.hadoop.hive.serde2.lazy.LazySimpleSerDe
                    name: default.t
                  name: default.t
            Truncated Path -> Alias:
              /t [t]
        Reducer 2 
            Execution mode: vectorized, llap
            Needs Tagging: false
            Reduce Operator Tree:
              Group By Operator
                aggregations: count(VALUE._col0)
                mode: mergepartial
                outputColumnNames: _col0
                Statistics: Num rows: 1 Data size: 8 Basic stats: COMPLETE Column stats: COMPLETE
                File Output Operator
                  bucketingVersion: 2
                  compressed: false
                  GlobalTableId: 0
                  directory: hdfs://### HDFS PATH ###
                  NumFilesPerFileSink: 1
                  Statistics: Num rows: 1 Data size: 8 Basic stats: COMPLETE Column stats: COMPLETE
                  Stats Publishing Key Prefix: hdfs://### HDFS PATH ###
                  table:
                      input format: org.apache.hadoop.mapred.SequenceFileInputFormat
                      output format: org.apache.hadoop.hive.ql.io.HiveSequenceFileOutputFormat
                      properties:
                        bucketing_version -1
                        columns _col0
                        columns.types bigint
                        escape.delim \
                        hive.serialization.extend.additional.nesting.levels true
                        serialization.escape.crlf true
                        serialization.format 1
                        serialization.lib org.apache.hadoop.hive.serde2.lazy.LazySimpleSerDe
                      serde: org.apache.hadoop.hive.serde2.lazy.LazySimpleSerDe
                  TotalFiles: 1
                  GatherStats: false
                  MultiFileSpray: false

  Stage: Stage-0
    Fetch Operator
      limit: -1
      Processor Tree:
        ListSink

PREHOOK: query: ALTER TABLE t UPDATE STATISTICS for column flag SET ('numNulls'='0','numTrues'='-1','numFalses'='-1')
PREHOOK: type: ALTERTABLE_UPDATETABLESTATS
PREHOOK: Input: default@t
PREHOOK: Output: default@t
POSTHOOK: query: ALTER TABLE t UPDATE STATISTICS for column flag SET ('numNulls'='0','numTrues'='-1','numFalses'='-1')
POSTHOOK: type: ALTERTABLE_UPDATETABLESTATS
POSTHOOK: Input: default@t
POSTHOOK: Output: default@t
PREHOOK: query: EXPLAIN EXTENDED SELECT COUNT(*) FROM t WHERE flag
PREHOOK: type: QUERY
PREHOOK: Input: default@t
PREHOOK: Output: hdfs://### HDFS PATH ###
POSTHOOK: query: EXPLAIN EXTENDED SELECT COUNT(*) FROM t WHERE flag
POSTHOOK: type: QUERY
POSTHOOK: Input: default@t
POSTHOOK: Output: hdfs://### HDFS PATH ###
OPTIMIZED SQL: SELECT COUNT(*) AS `_c0`
FROM `default`.`t`
WHERE `flag`
STAGE DEPENDENCIES:
  Stage-1 is a root stage
  Stage-0 depends on stages: Stage-1

STAGE PLANS:
  Stage: Stage-1
    Tez
#### A masked pattern was here ####
      Edges:
        Reducer 2 <- Map 1 (CUSTOM_SIMPLE_EDGE)
#### A masked pattern was here ####
      Vertices:
        Map 1 
            Map Operator Tree:
                TableScan
                  alias: t
                  Statistics: Num rows: 1000 Data size: 4000 Basic stats: COMPLETE Column stats: COMPLETE
                  GatherStats: false
                  Filter Operator
                    isSamplingPred: false
                    predicate: flag (type: boolean)
                    Statistics: Num rows: 500 Data size: 2000 Basic stats: COMPLETE Column stats: COMPLETE
                    Select Operator
                      Statistics: Num rows: 500 Data size: 2000 Basic stats: COMPLETE Column stats: COMPLETE
                      Group By Operator
                        aggregations: count()
                        minReductionHashAggr: 0.99
                        mode: hash
                        outputColumnNames: _col0
                        Statistics: Num rows: 1 Data size: 8 Basic stats: COMPLETE Column stats: COMPLETE
                        Reduce Output Operator
                          bucketingVersion: 2
                          null sort order: 
                          numBuckets: -1
                          sort order: 
                          Statistics: Num rows: 1 Data size: 8 Basic stats: COMPLETE Column stats: COMPLETE
                          tag: -1
                          value expressions: _col0 (type: bigint)
                          auto parallelism: false
            Execution mode: vectorized, llap
            LLAP IO: all inputs
            Path -> Alias:
              hdfs://### HDFS PATH ### [t]
            Path -> Partition:
              hdfs://### HDFS PATH ### 
                Partition
                  base file name: t
                  input format: org.apache.hadoop.mapred.TextInputFormat
                  output format: org.apache.hadoop.hive.ql.io.HiveIgnoreKeyTextOutputFormat
                  properties:
                    bucket_count -1
                    bucketing_version 2
                    column.name.delimiter ,
                    columns flag
                    columns.types boolean
#### A masked pattern was here ####
                    location hdfs://### HDFS PATH ###
                    name default.t
                    serialization.format 1
                    serialization.lib org.apache.hadoop.hive.serde2.lazy.LazySimpleSerDe
                  serde: org.apache.hadoop.hive.serde2.lazy.LazySimpleSerDe
                
                    input format: org.apache.hadoop.mapred.TextInputFormat
                    output format: org.apache.hadoop.hive.ql.io.HiveIgnoreKeyTextOutputFormat
                    properties:
                      bucketing_version 2
                      column.name.delimiter ,
                      columns flag
                      columns.comments 
                      columns.types boolean
#### A masked pattern was here ####
                      location hdfs://### HDFS PATH ###
                      name default.t
                      serialization.format 1
                      serialization.lib org.apache.hadoop.hive.serde2.lazy.LazySimpleSerDe
                    serde: org.apache.hadoop.hive.serde2.lazy.LazySimpleSerDe
                    name: default.t
                  name: default.t
            Truncated Path -> Alias:
              /t [t]
        Reducer 2 
            Execution mode: vectorized, llap
            Needs Tagging: false
            Reduce Operator Tree:
              Group By Operator
                aggregations: count(VALUE._col0)
                mode: mergepartial
                outputColumnNames: _col0
                Statistics: Num rows: 1 Data size: 8 Basic stats: COMPLETE Column stats: COMPLETE
                File Output Operator
                  bucketingVersion: 2
                  compressed: false
                  GlobalTableId: 0
                  directory: hdfs://### HDFS PATH ###
                  NumFilesPerFileSink: 1
                  Statistics: Num rows: 1 Data size: 8 Basic stats: COMPLETE Column stats: COMPLETE
                  Stats Publishing Key Prefix: hdfs://### HDFS PATH ###
                  table:
                      input format: org.apache.hadoop.mapred.SequenceFileInputFormat
                      output format: org.apache.hadoop.hive.ql.io.HiveSequenceFileOutputFormat
                      properties:
                        bucketing_version -1
                        columns _col0
                        columns.types bigint
                        escape.delim \
                        hive.serialization.extend.additional.nesting.levels true
                        serialization.escape.crlf true
                        serialization.format 1
                        serialization.lib org.apache.hadoop.hive.serde2.lazy.LazySimpleSerDe
                      serde: org.apache.hadoop.hive.serde2.lazy.LazySimpleSerDe
                  TotalFiles: 1
                  GatherStats: false
                  MultiFileSpray: false

  Stage: Stage-0
    Fetch Operator
      limit: -1
      Processor Tree:
        ListSink

PREHOOK: query: EXPLAIN EXTENDED SELECT COUNT(*) FROM t WHERE NOT flag
PREHOOK: type: QUERY
PREHOOK: Input: default@t
PREHOOK: Output: hdfs://### HDFS PATH ###
POSTHOOK: query: EXPLAIN EXTENDED SELECT COUNT(*) FROM t WHERE NOT flag
POSTHOOK: type: QUERY
POSTHOOK: Input: default@t
POSTHOOK: Output: hdfs://### HDFS PATH ###
OPTIMIZED SQL: SELECT COUNT(*) AS `_c0`
FROM `default`.`t`
WHERE NOT `flag`
STAGE DEPENDENCIES:
  Stage-1 is a root stage
  Stage-0 depends on stages: Stage-1

STAGE PLANS:
  Stage: Stage-1
    Tez
#### A masked pattern was here ####
      Edges:
        Reducer 2 <- Map 1 (CUSTOM_SIMPLE_EDGE)
#### A masked pattern was here ####
      Vertices:
        Map 1 
            Map Operator Tree:
                TableScan
                  alias: t
                  filterExpr: (not flag) (type: boolean)
                  Statistics: Num rows: 1000 Data size: 4000 Basic stats: COMPLETE Column stats: COMPLETE
                  GatherStats: false
                  Filter Operator
                    isSamplingPred: false
                    predicate: (not flag) (type: boolean)
                    Statistics: Num rows: 500 Data size: 2000 Basic stats: COMPLETE Column stats: COMPLETE
                    Select Operator
                      Statistics: Num rows: 500 Data size: 2000 Basic stats: COMPLETE Column stats: COMPLETE
                      Group By Operator
                        aggregations: count()
                        minReductionHashAggr: 0.99
                        mode: hash
                        outputColumnNames: _col0
                        Statistics: Num rows: 1 Data size: 8 Basic stats: COMPLETE Column stats: COMPLETE
                        Reduce Output Operator
                          bucketingVersion: 2
                          null sort order: 
                          numBuckets: -1
                          sort order: 
                          Statistics: Num rows: 1 Data size: 8 Basic stats: COMPLETE Column stats: COMPLETE
                          tag: -1
                          value expressions: _col0 (type: bigint)
                          auto parallelism: false
            Execution mode: vectorized, llap
            LLAP IO: all inputs
            Path -> Alias:
              hdfs://### HDFS PATH ### [t]
            Path -> Partition:
              hdfs://### HDFS PATH ### 
                Partition
                  base file name: t
                  input format: org.apache.hadoop.mapred.TextInputFormat
                  output format: org.apache.hadoop.hive.ql.io.HiveIgnoreKeyTextOutputFormat
                  properties:
                    bucket_count -1
                    bucketing_version 2
                    column.name.delimiter ,
                    columns flag
                    columns.types boolean
#### A masked pattern was here ####
                    location hdfs://### HDFS PATH ###
                    name default.t
                    serialization.format 1
                    serialization.lib org.apache.hadoop.hive.serde2.lazy.LazySimpleSerDe
                  serde: org.apache.hadoop.hive.serde2.lazy.LazySimpleSerDe
                
                    input format: org.apache.hadoop.mapred.TextInputFormat
                    output format: org.apache.hadoop.hive.ql.io.HiveIgnoreKeyTextOutputFormat
                    properties:
                      bucketing_version 2
                      column.name.delimiter ,
                      columns flag
                      columns.comments 
                      columns.types boolean
#### A masked pattern was here ####
                      location hdfs://### HDFS PATH ###
                      name default.t
                      serialization.format 1
                      serialization.lib org.apache.hadoop.hive.serde2.lazy.LazySimpleSerDe
                    serde: org.apache.hadoop.hive.serde2.lazy.LazySimpleSerDe
                    name: default.t
                  name: default.t
            Truncated Path -> Alias:
              /t [t]
        Reducer 2 
            Execution mode: vectorized, llap
            Needs Tagging: false
            Reduce Operator Tree:
              Group By Operator
                aggregations: count(VALUE._col0)
                mode: mergepartial
                outputColumnNames: _col0
                Statistics: Num rows: 1 Data size: 8 Basic stats: COMPLETE Column stats: COMPLETE
                File Output Operator
                  bucketingVersion: 2
                  compressed: false
                  GlobalTableId: 0
                  directory: hdfs://### HDFS PATH ###
                  NumFilesPerFileSink: 1
                  Statistics: Num rows: 1 Data size: 8 Basic stats: COMPLETE Column stats: COMPLETE
                  Stats Publishing Key Prefix: hdfs://### HDFS PATH ###
                  table:
                      input format: org.apache.hadoop.mapred.SequenceFileInputFormat
                      output format: org.apache.hadoop.hive.ql.io.HiveSequenceFileOutputFormat
                      properties:
                        bucketing_version -1
                        columns _col0
                        columns.types bigint
                        escape.delim \
                        hive.serialization.extend.additional.nesting.levels true
                        serialization.escape.crlf true
                        serialization.format 1
                        serialization.lib org.apache.hadoop.hive.serde2.lazy.LazySimpleSerDe
                      serde: org.apache.hadoop.hive.serde2.lazy.LazySimpleSerDe
                  TotalFiles: 1
                  GatherStats: false
                  MultiFileSpray: false

  Stage: Stage-0
    Fetch Operator
      limit: -1
      Processor Tree:
        ListSink

PREHOOK: query: ALTER TABLE t UPDATE STATISTICS for column flag SET ('numNulls'='100','numTrues'='-1','numFalses'='-1')
PREHOOK: type: ALTERTABLE_UPDATETABLESTATS
PREHOOK: Input: default@t
PREHOOK: Output: default@t
POSTHOOK: query: ALTER TABLE t UPDATE STATISTICS for column flag SET ('numNulls'='100','numTrues'='-1','numFalses'='-1')
POSTHOOK: type: ALTERTABLE_UPDATETABLESTATS
POSTHOOK: Input: default@t
POSTHOOK: Output: default@t
PREHOOK: query: EXPLAIN EXTENDED SELECT COUNT(*) FROM t WHERE flag
PREHOOK: type: QUERY
PREHOOK: Input: default@t
PREHOOK: Output: hdfs://### HDFS PATH ###
POSTHOOK: query: EXPLAIN EXTENDED SELECT COUNT(*) FROM t WHERE flag
POSTHOOK: type: QUERY
POSTHOOK: Input: default@t
POSTHOOK: Output: hdfs://### HDFS PATH ###
OPTIMIZED SQL: SELECT COUNT(*) AS `_c0`
FROM `default`.`t`
WHERE `flag`
STAGE DEPENDENCIES:
  Stage-1 is a root stage
  Stage-0 depends on stages: Stage-1

STAGE PLANS:
  Stage: Stage-1
    Tez
#### A masked pattern was here ####
      Edges:
        Reducer 2 <- Map 1 (CUSTOM_SIMPLE_EDGE)
#### A masked pattern was here ####
      Vertices:
        Map 1 
            Map Operator Tree:
                TableScan
                  alias: t
                  Statistics: Num rows: 1000 Data size: 3604 Basic stats: COMPLETE Column stats: COMPLETE
                  GatherStats: false
                  Filter Operator
                    isSamplingPred: false
                    predicate: flag (type: boolean)
                    Statistics: Num rows: 500 Data size: 1804 Basic stats: COMPLETE Column stats: COMPLETE
                    Select Operator
                      Statistics: Num rows: 500 Data size: 1804 Basic stats: COMPLETE Column stats: COMPLETE
                      Group By Operator
                        aggregations: count()
                        minReductionHashAggr: 0.99
                        mode: hash
                        outputColumnNames: _col0
                        Statistics: Num rows: 1 Data size: 8 Basic stats: COMPLETE Column stats: COMPLETE
                        Reduce Output Operator
                          bucketingVersion: 2
                          null sort order: 
                          numBuckets: -1
                          sort order: 
                          Statistics: Num rows: 1 Data size: 8 Basic stats: COMPLETE Column stats: COMPLETE
                          tag: -1
                          value expressions: _col0 (type: bigint)
                          auto parallelism: false
            Execution mode: vectorized, llap
            LLAP IO: all inputs
            Path -> Alias:
              hdfs://### HDFS PATH ### [t]
            Path -> Partition:
              hdfs://### HDFS PATH ### 
                Partition
                  base file name: t
                  input format: org.apache.hadoop.mapred.TextInputFormat
                  output format: org.apache.hadoop.hive.ql.io.HiveIgnoreKeyTextOutputFormat
                  properties:
                    bucket_count -1
                    bucketing_version 2
                    column.name.delimiter ,
                    columns flag
                    columns.types boolean
#### A masked pattern was here ####
                    location hdfs://### HDFS PATH ###
                    name default.t
                    serialization.format 1
                    serialization.lib org.apache.hadoop.hive.serde2.lazy.LazySimpleSerDe
                  serde: org.apache.hadoop.hive.serde2.lazy.LazySimpleSerDe
                
                    input format: org.apache.hadoop.mapred.TextInputFormat
                    output format: org.apache.hadoop.hive.ql.io.HiveIgnoreKeyTextOutputFormat
                    properties:
                      bucketing_version 2
                      column.name.delimiter ,
                      columns flag
                      columns.comments 
                      columns.types boolean
#### A masked pattern was here ####
                      location hdfs://### HDFS PATH ###
                      name default.t
                      serialization.format 1
                      serialization.lib org.apache.hadoop.hive.serde2.lazy.LazySimpleSerDe
                    serde: org.apache.hadoop.hive.serde2.lazy.LazySimpleSerDe
                    name: default.t
                  name: default.t
            Truncated Path -> Alias:
              /t [t]
        Reducer 2 
            Execution mode: vectorized, llap
            Needs Tagging: false
            Reduce Operator Tree:
              Group By Operator
                aggregations: count(VALUE._col0)
                mode: mergepartial
                outputColumnNames: _col0
                Statistics: Num rows: 1 Data size: 8 Basic stats: COMPLETE Column stats: COMPLETE
                File Output Operator
                  bucketingVersion: 2
                  compressed: false
                  GlobalTableId: 0
                  directory: hdfs://### HDFS PATH ###
                  NumFilesPerFileSink: 1
                  Statistics: Num rows: 1 Data size: 8 Basic stats: COMPLETE Column stats: COMPLETE
                  Stats Publishing Key Prefix: hdfs://### HDFS PATH ###
                  table:
                      input format: org.apache.hadoop.mapred.SequenceFileInputFormat
                      output format: org.apache.hadoop.hive.ql.io.HiveSequenceFileOutputFormat
                      properties:
                        bucketing_version -1
                        columns _col0
                        columns.types bigint
                        escape.delim \
                        hive.serialization.extend.additional.nesting.levels true
                        serialization.escape.crlf true
                        serialization.format 1
                        serialization.lib org.apache.hadoop.hive.serde2.lazy.LazySimpleSerDe
                      serde: org.apache.hadoop.hive.serde2.lazy.LazySimpleSerDe
                  TotalFiles: 1
                  GatherStats: false
                  MultiFileSpray: false

  Stage: Stage-0
    Fetch Operator
      limit: -1
      Processor Tree:
        ListSink

PREHOOK: query: EXPLAIN EXTENDED SELECT COUNT(*) FROM t WHERE NOT flag
PREHOOK: type: QUERY
PREHOOK: Input: default@t
PREHOOK: Output: hdfs://### HDFS PATH ###
POSTHOOK: query: EXPLAIN EXTENDED SELECT COUNT(*) FROM t WHERE NOT flag
POSTHOOK: type: QUERY
POSTHOOK: Input: default@t
POSTHOOK: Output: hdfs://### HDFS PATH ###
OPTIMIZED SQL: SELECT COUNT(*) AS `_c0`
FROM `default`.`t`
WHERE NOT `flag`
STAGE DEPENDENCIES:
  Stage-1 is a root stage
  Stage-0 depends on stages: Stage-1

STAGE PLANS:
  Stage: Stage-1
    Tez
#### A masked pattern was here ####
      Edges:
        Reducer 2 <- Map 1 (CUSTOM_SIMPLE_EDGE)
#### A masked pattern was here ####
      Vertices:
        Map 1 
            Map Operator Tree:
                TableScan
                  alias: t
                  filterExpr: (not flag) (type: boolean)
                  Statistics: Num rows: 1000 Data size: 3604 Basic stats: COMPLETE Column stats: COMPLETE
                  GatherStats: false
                  Filter Operator
                    isSamplingPred: false
                    predicate: (not flag) (type: boolean)
                    Statistics: Num rows: 500 Data size: 1804 Basic stats: COMPLETE Column stats: COMPLETE
                    Select Operator
                      Statistics: Num rows: 500 Data size: 1804 Basic stats: COMPLETE Column stats: COMPLETE
                      Group By Operator
                        aggregations: count()
                        minReductionHashAggr: 0.99
                        mode: hash
                        outputColumnNames: _col0
                        Statistics: Num rows: 1 Data size: 8 Basic stats: COMPLETE Column stats: COMPLETE
                        Reduce Output Operator
                          bucketingVersion: 2
                          null sort order: 
                          numBuckets: -1
                          sort order: 
                          Statistics: Num rows: 1 Data size: 8 Basic stats: COMPLETE Column stats: COMPLETE
                          tag: -1
                          value expressions: _col0 (type: bigint)
                          auto parallelism: false
            Execution mode: vectorized, llap
            LLAP IO: all inputs
            Path -> Alias:
              hdfs://### HDFS PATH ### [t]
            Path -> Partition:
              hdfs://### HDFS PATH ### 
                Partition
                  base file name: t
                  input format: org.apache.hadoop.mapred.TextInputFormat
                  output format: org.apache.hadoop.hive.ql.io.HiveIgnoreKeyTextOutputFormat
                  properties:
                    bucket_count -1
                    bucketing_version 2
                    column.name.delimiter ,
                    columns flag
                    columns.types boolean
#### A masked pattern was here ####
                    location hdfs://### HDFS PATH ###
                    name default.t
                    serialization.format 1
                    serialization.lib org.apache.hadoop.hive.serde2.lazy.LazySimpleSerDe
                  serde: org.apache.hadoop.hive.serde2.lazy.LazySimpleSerDe
                
                    input format: org.apache.hadoop.mapred.TextInputFormat
                    output format: org.apache.hadoop.hive.ql.io.HiveIgnoreKeyTextOutputFormat
                    properties:
                      bucketing_version 2
                      column.name.delimiter ,
                      columns flag
                      columns.comments 
                      columns.types boolean
#### A masked pattern was here ####
                      location hdfs://### HDFS PATH ###
                      name default.t
                      serialization.format 1
                      serialization.lib org.apache.hadoop.hive.serde2.lazy.LazySimpleSerDe
                    serde: org.apache.hadoop.hive.serde2.lazy.LazySimpleSerDe
                    name: default.t
                  name: default.t
            Truncated Path -> Alias:
              /t [t]
        Reducer 2 
            Execution mode: vectorized, llap
            Needs Tagging: false
            Reduce Operator Tree:
              Group By Operator
                aggregations: count(VALUE._col0)
                mode: mergepartial
                outputColumnNames: _col0
                Statistics: Num rows: 1 Data size: 8 Basic stats: COMPLETE Column stats: COMPLETE
                File Output Operator
                  bucketingVersion: 2
                  compressed: false
                  GlobalTableId: 0
                  directory: hdfs://### HDFS PATH ###
                  NumFilesPerFileSink: 1
                  Statistics: Num rows: 1 Data size: 8 Basic stats: COMPLETE Column stats: COMPLETE
                  Stats Publishing Key Prefix: hdfs://### HDFS PATH ###
                  table:
                      input format: org.apache.hadoop.mapred.SequenceFileInputFormat
                      output format: org.apache.hadoop.hive.ql.io.HiveSequenceFileOutputFormat
                      properties:
                        bucketing_version -1
                        columns _col0
                        columns.types bigint
                        escape.delim \
                        hive.serialization.extend.additional.nesting.levels true
                        serialization.escape.crlf true
                        serialization.format 1
                        serialization.lib org.apache.hadoop.hive.serde2.lazy.LazySimpleSerDe
                      serde: org.apache.hadoop.hive.serde2.lazy.LazySimpleSerDe
                  TotalFiles: 1
                  GatherStats: false
                  MultiFileSpray: false

  Stage: Stage-0
    Fetch Operator
      limit: -1
      Processor Tree:
        ListSink

PREHOOK: query: ALTER TABLE t UPDATE STATISTICS for column flag SET ('numNulls'='-1','numTrues'='500','numFalses'='-1')
PREHOOK: type: ALTERTABLE_UPDATETABLESTATS
PREHOOK: Input: default@t
PREHOOK: Output: default@t
POSTHOOK: query: ALTER TABLE t UPDATE STATISTICS for column flag SET ('numNulls'='-1','numTrues'='500','numFalses'='-1')
POSTHOOK: type: ALTERTABLE_UPDATETABLESTATS
POSTHOOK: Input: default@t
POSTHOOK: Output: default@t
PREHOOK: query: EXPLAIN EXTENDED SELECT COUNT(*) FROM t WHERE NOT flag
PREHOOK: type: QUERY
PREHOOK: Input: default@t
PREHOOK: Output: hdfs://### HDFS PATH ###
POSTHOOK: query: EXPLAIN EXTENDED SELECT COUNT(*) FROM t WHERE NOT flag
POSTHOOK: type: QUERY
POSTHOOK: Input: default@t
POSTHOOK: Output: hdfs://### HDFS PATH ###
OPTIMIZED SQL: SELECT COUNT(*) AS `_c0`
FROM `default`.`t`
WHERE NOT `flag`
STAGE DEPENDENCIES:
  Stage-1 is a root stage
  Stage-0 depends on stages: Stage-1

STAGE PLANS:
  Stage: Stage-1
    Tez
#### A masked pattern was here ####
      Edges:
        Reducer 2 <- Map 1 (CUSTOM_SIMPLE_EDGE)
#### A masked pattern was here ####
      Vertices:
        Map 1 
            Map Operator Tree:
                TableScan
                  alias: t
                  filterExpr: (not flag) (type: boolean)
                  Statistics: Num rows: 1000 Data size: 4000 Basic stats: COMPLETE Column stats: COMPLETE
                  GatherStats: false
                  Filter Operator
                    isSamplingPred: false
                    predicate: (not flag) (type: boolean)
                    Statistics: Num rows: 500 Data size: 2000 Basic stats: COMPLETE Column stats: COMPLETE
                    Select Operator
                      Statistics: Num rows: 500 Data size: 2000 Basic stats: COMPLETE Column stats: COMPLETE
                      Group By Operator
                        aggregations: count()
                        minReductionHashAggr: 0.99
                        mode: hash
                        outputColumnNames: _col0
                        Statistics: Num rows: 1 Data size: 8 Basic stats: COMPLETE Column stats: COMPLETE
                        Reduce Output Operator
                          bucketingVersion: 2
                          null sort order: 
                          numBuckets: -1
                          sort order: 
                          Statistics: Num rows: 1 Data size: 8 Basic stats: COMPLETE Column stats: COMPLETE
                          tag: -1
                          value expressions: _col0 (type: bigint)
                          auto parallelism: false
            Execution mode: vectorized, llap
            LLAP IO: all inputs
            Path -> Alias:
              hdfs://### HDFS PATH ### [t]
            Path -> Partition:
              hdfs://### HDFS PATH ### 
                Partition
                  base file name: t
                  input format: org.apache.hadoop.mapred.TextInputFormat
                  output format: org.apache.hadoop.hive.ql.io.HiveIgnoreKeyTextOutputFormat
                  properties:
                    bucket_count -1
                    bucketing_version 2
                    column.name.delimiter ,
                    columns flag
                    columns.types boolean
#### A masked pattern was here ####
                    location hdfs://### HDFS PATH ###
                    name default.t
                    serialization.format 1
                    serialization.lib org.apache.hadoop.hive.serde2.lazy.LazySimpleSerDe
                  serde: org.apache.hadoop.hive.serde2.lazy.LazySimpleSerDe
                
                    input format: org.apache.hadoop.mapred.TextInputFormat
                    output format: org.apache.hadoop.hive.ql.io.HiveIgnoreKeyTextOutputFormat
                    properties:
                      bucketing_version 2
                      column.name.delimiter ,
                      columns flag
                      columns.comments 
                      columns.types boolean
#### A masked pattern was here ####
                      location hdfs://### HDFS PATH ###
                      name default.t
                      serialization.format 1
                      serialization.lib org.apache.hadoop.hive.serde2.lazy.LazySimpleSerDe
                    serde: org.apache.hadoop.hive.serde2.lazy.LazySimpleSerDe
                    name: default.t
                  name: default.t
            Truncated Path -> Alias:
              /t [t]
        Reducer 2 
            Execution mode: vectorized, llap
            Needs Tagging: false
            Reduce Operator Tree:
              Group By Operator
                aggregations: count(VALUE._col0)
                mode: mergepartial
                outputColumnNames: _col0
                Statistics: Num rows: 1 Data size: 8 Basic stats: COMPLETE Column stats: COMPLETE
                File Output Operator
                  bucketingVersion: 2
                  compressed: false
                  GlobalTableId: 0
                  directory: hdfs://### HDFS PATH ###
                  NumFilesPerFileSink: 1
                  Statistics: Num rows: 1 Data size: 8 Basic stats: COMPLETE Column stats: COMPLETE
                  Stats Publishing Key Prefix: hdfs://### HDFS PATH ###
                  table:
                      input format: org.apache.hadoop.mapred.SequenceFileInputFormat
                      output format: org.apache.hadoop.hive.ql.io.HiveSequenceFileOutputFormat
                      properties:
                        bucketing_version -1
                        columns _col0
                        columns.types bigint
                        escape.delim \
                        hive.serialization.extend.additional.nesting.levels true
                        serialization.escape.crlf true
                        serialization.format 1
                        serialization.lib org.apache.hadoop.hive.serde2.lazy.LazySimpleSerDe
                      serde: org.apache.hadoop.hive.serde2.lazy.LazySimpleSerDe
                  TotalFiles: 1
                  GatherStats: false
                  MultiFileSpray: false

  Stage: Stage-0
    Fetch Operator
      limit: -1
      Processor Tree:
        ListSink

PREHOOK: query: EXPLAIN EXTENDED SELECT COUNT(*) FROM t WHERE flag IS NULL
PREHOOK: type: QUERY
PREHOOK: Input: default@t
PREHOOK: Output: hdfs://### HDFS PATH ###
POSTHOOK: query: EXPLAIN EXTENDED SELECT COUNT(*) FROM t WHERE flag IS NULL
POSTHOOK: type: QUERY
POSTHOOK: Input: default@t
POSTHOOK: Output: hdfs://### HDFS PATH ###
OPTIMIZED SQL: SELECT COUNT(*) AS `_c0`
FROM `default`.`t`
WHERE `flag` IS NULL
STAGE DEPENDENCIES:
  Stage-1 is a root stage
  Stage-0 depends on stages: Stage-1

STAGE PLANS:
  Stage: Stage-1
    Tez
#### A masked pattern was here ####
      Edges:
        Reducer 2 <- Map 1 (CUSTOM_SIMPLE_EDGE)
#### A masked pattern was here ####
      Vertices:
        Map 1 
            Map Operator Tree:
                TableScan
                  alias: t
                  filterExpr: flag is null (type: boolean)
                  Statistics: Num rows: 1000 Data size: 4000 Basic stats: COMPLETE Column stats: COMPLETE
                  GatherStats: false
                  Filter Operator
                    isSamplingPred: false
                    predicate: flag is null (type: boolean)
                    Statistics: Num rows: 500 Data size: 2000 Basic stats: COMPLETE Column stats: COMPLETE
                    Select Operator
                      Statistics: Num rows: 500 Data size: 2000 Basic stats: COMPLETE Column stats: COMPLETE
                      Group By Operator
                        aggregations: count()
                        minReductionHashAggr: 0.99
                        mode: hash
                        outputColumnNames: _col0
                        Statistics: Num rows: 1 Data size: 8 Basic stats: COMPLETE Column stats: COMPLETE
                        Reduce Output Operator
                          bucketingVersion: 2
                          null sort order: 
                          numBuckets: -1
                          sort order: 
                          Statistics: Num rows: 1 Data size: 8 Basic stats: COMPLETE Column stats: COMPLETE
                          tag: -1
                          value expressions: _col0 (type: bigint)
                          auto parallelism: false
            Execution mode: vectorized, llap
            LLAP IO: all inputs
            Path -> Alias:
              hdfs://### HDFS PATH ### [t]
            Path -> Partition:
              hdfs://### HDFS PATH ### 
                Partition
                  base file name: t
                  input format: org.apache.hadoop.mapred.TextInputFormat
                  output format: org.apache.hadoop.hive.ql.io.HiveIgnoreKeyTextOutputFormat
                  properties:
                    bucket_count -1
                    bucketing_version 2
                    column.name.delimiter ,
                    columns flag
                    columns.types boolean
#### A masked pattern was here ####
                    location hdfs://### HDFS PATH ###
                    name default.t
                    serialization.format 1
                    serialization.lib org.apache.hadoop.hive.serde2.lazy.LazySimpleSerDe
                  serde: org.apache.hadoop.hive.serde2.lazy.LazySimpleSerDe
                
                    input format: org.apache.hadoop.mapred.TextInputFormat
                    output format: org.apache.hadoop.hive.ql.io.HiveIgnoreKeyTextOutputFormat
                    properties:
                      bucketing_version 2
                      column.name.delimiter ,
                      columns flag
                      columns.comments 
                      columns.types boolean
#### A masked pattern was here ####
                      location hdfs://### HDFS PATH ###
                      name default.t
                      serialization.format 1
                      serialization.lib org.apache.hadoop.hive.serde2.lazy.LazySimpleSerDe
                    serde: org.apache.hadoop.hive.serde2.lazy.LazySimpleSerDe
                    name: default.t
                  name: default.t
            Truncated Path -> Alias:
              /t [t]
        Reducer 2 
            Execution mode: vectorized, llap
            Needs Tagging: false
            Reduce Operator Tree:
              Group By Operator
                aggregations: count(VALUE._col0)
                mode: mergepartial
                outputColumnNames: _col0
                Statistics: Num rows: 1 Data size: 8 Basic stats: COMPLETE Column stats: COMPLETE
                File Output Operator
                  bucketingVersion: 2
                  compressed: false
                  GlobalTableId: 0
                  directory: hdfs://### HDFS PATH ###
                  NumFilesPerFileSink: 1
                  Statistics: Num rows: 1 Data size: 8 Basic stats: COMPLETE Column stats: COMPLETE
                  Stats Publishing Key Prefix: hdfs://### HDFS PATH ###
                  table:
                      input format: org.apache.hadoop.mapred.SequenceFileInputFormat
                      output format: org.apache.hadoop.hive.ql.io.HiveSequenceFileOutputFormat
                      properties:
                        bucketing_version -1
                        columns _col0
                        columns.types bigint
                        escape.delim \
                        hive.serialization.extend.additional.nesting.levels true
                        serialization.escape.crlf true
                        serialization.format 1
                        serialization.lib org.apache.hadoop.hive.serde2.lazy.LazySimpleSerDe
                      serde: org.apache.hadoop.hive.serde2.lazy.LazySimpleSerDe
                  TotalFiles: 1
                  GatherStats: false
                  MultiFileSpray: false

  Stage: Stage-0
    Fetch Operator
      limit: -1
      Processor Tree:
        ListSink

PREHOOK: query: ALTER TABLE t UPDATE STATISTICS for column flag SET ('numNulls'='-1','numTrues'='-1','numFalses'='300')
PREHOOK: type: ALTERTABLE_UPDATETABLESTATS
PREHOOK: Input: default@t
PREHOOK: Output: default@t
POSTHOOK: query: ALTER TABLE t UPDATE STATISTICS for column flag SET ('numNulls'='-1','numTrues'='-1','numFalses'='300')
POSTHOOK: type: ALTERTABLE_UPDATETABLESTATS
POSTHOOK: Input: default@t
POSTHOOK: Output: default@t
PREHOOK: query: EXPLAIN EXTENDED SELECT COUNT(*) FROM t WHERE flag
PREHOOK: type: QUERY
PREHOOK: Input: default@t
PREHOOK: Output: hdfs://### HDFS PATH ###
POSTHOOK: query: EXPLAIN EXTENDED SELECT COUNT(*) FROM t WHERE flag
POSTHOOK: type: QUERY
POSTHOOK: Input: default@t
POSTHOOK: Output: hdfs://### HDFS PATH ###
OPTIMIZED SQL: SELECT COUNT(*) AS `_c0`
FROM `default`.`t`
WHERE `flag`
STAGE DEPENDENCIES:
  Stage-1 is a root stage
  Stage-0 depends on stages: Stage-1

STAGE PLANS:
  Stage: Stage-1
    Tez
#### A masked pattern was here ####
      Edges:
        Reducer 2 <- Map 1 (CUSTOM_SIMPLE_EDGE)
#### A masked pattern was here ####
      Vertices:
        Map 1 
            Map Operator Tree:
                TableScan
                  alias: t
                  Statistics: Num rows: 1000 Data size: 4000 Basic stats: COMPLETE Column stats: COMPLETE
                  GatherStats: false
                  Filter Operator
                    isSamplingPred: false
                    predicate: flag (type: boolean)
                    Statistics: Num rows: 500 Data size: 2000 Basic stats: COMPLETE Column stats: COMPLETE
                    Select Operator
                      Statistics: Num rows: 500 Data size: 2000 Basic stats: COMPLETE Column stats: COMPLETE
                      Group By Operator
                        aggregations: count()
                        minReductionHashAggr: 0.99
                        mode: hash
                        outputColumnNames: _col0
                        Statistics: Num rows: 1 Data size: 8 Basic stats: COMPLETE Column stats: COMPLETE
                        Reduce Output Operator
                          bucketingVersion: 2
                          null sort order: 
                          numBuckets: -1
                          sort order: 
                          Statistics: Num rows: 1 Data size: 8 Basic stats: COMPLETE Column stats: COMPLETE
                          tag: -1
                          value expressions: _col0 (type: bigint)
                          auto parallelism: false
            Execution mode: vectorized, llap
            LLAP IO: all inputs
            Path -> Alias:
              hdfs://### HDFS PATH ### [t]
            Path -> Partition:
              hdfs://### HDFS PATH ### 
                Partition
                  base file name: t
                  input format: org.apache.hadoop.mapred.TextInputFormat
                  output format: org.apache.hadoop.hive.ql.io.HiveIgnoreKeyTextOutputFormat
                  properties:
                    bucket_count -1
                    bucketing_version 2
                    column.name.delimiter ,
                    columns flag
                    columns.types boolean
#### A masked pattern was here ####
                    location hdfs://### HDFS PATH ###
                    name default.t
                    serialization.format 1
                    serialization.lib org.apache.hadoop.hive.serde2.lazy.LazySimpleSerDe
                  serde: org.apache.hadoop.hive.serde2.lazy.LazySimpleSerDe
                
                    input format: org.apache.hadoop.mapred.TextInputFormat
                    output format: org.apache.hadoop.hive.ql.io.HiveIgnoreKeyTextOutputFormat
                    properties:
                      bucketing_version 2
                      column.name.delimiter ,
                      columns flag
                      columns.comments 
                      columns.types boolean
#### A masked pattern was here ####
                      location hdfs://### HDFS PATH ###
                      name default.t
                      serialization.format 1
                      serialization.lib org.apache.hadoop.hive.serde2.lazy.LazySimpleSerDe
                    serde: org.apache.hadoop.hive.serde2.lazy.LazySimpleSerDe
                    name: default.t
                  name: default.t
            Truncated Path -> Alias:
              /t [t]
        Reducer 2 
            Execution mode: vectorized, llap
            Needs Tagging: false
            Reduce Operator Tree:
              Group By Operator
                aggregations: count(VALUE._col0)
                mode: mergepartial
                outputColumnNames: _col0
                Statistics: Num rows: 1 Data size: 8 Basic stats: COMPLETE Column stats: COMPLETE
                File Output Operator
                  bucketingVersion: 2
                  compressed: false
                  GlobalTableId: 0
                  directory: hdfs://### HDFS PATH ###
                  NumFilesPerFileSink: 1
                  Statistics: Num rows: 1 Data size: 8 Basic stats: COMPLETE Column stats: COMPLETE
                  Stats Publishing Key Prefix: hdfs://### HDFS PATH ###
                  table:
                      input format: org.apache.hadoop.mapred.SequenceFileInputFormat
                      output format: org.apache.hadoop.hive.ql.io.HiveSequenceFileOutputFormat
                      properties:
                        bucketing_version -1
                        columns _col0
                        columns.types bigint
                        escape.delim \
                        hive.serialization.extend.additional.nesting.levels true
                        serialization.escape.crlf true
                        serialization.format 1
                        serialization.lib org.apache.hadoop.hive.serde2.lazy.LazySimpleSerDe
                      serde: org.apache.hadoop.hive.serde2.lazy.LazySimpleSerDe
                  TotalFiles: 1
                  GatherStats: false
                  MultiFileSpray: false

  Stage: Stage-0
    Fetch Operator
      limit: -1
      Processor Tree:
        ListSink

PREHOOK: query: EXPLAIN EXTENDED SELECT COUNT(*) FROM t WHERE flag IS NULL
PREHOOK: type: QUERY
PREHOOK: Input: default@t
PREHOOK: Output: hdfs://### HDFS PATH ###
POSTHOOK: query: EXPLAIN EXTENDED SELECT COUNT(*) FROM t WHERE flag IS NULL
POSTHOOK: type: QUERY
POSTHOOK: Input: default@t
POSTHOOK: Output: hdfs://### HDFS PATH ###
OPTIMIZED SQL: SELECT COUNT(*) AS `_c0`
FROM `default`.`t`
WHERE `flag` IS NULL
STAGE DEPENDENCIES:
  Stage-1 is a root stage
  Stage-0 depends on stages: Stage-1

STAGE PLANS:
  Stage: Stage-1
    Tez
#### A masked pattern was here ####
      Edges:
        Reducer 2 <- Map 1 (CUSTOM_SIMPLE_EDGE)
#### A masked pattern was here ####
      Vertices:
        Map 1 
            Map Operator Tree:
                TableScan
                  alias: t
                  filterExpr: flag is null (type: boolean)
                  Statistics: Num rows: 1000 Data size: 4000 Basic stats: COMPLETE Column stats: COMPLETE
                  GatherStats: false
                  Filter Operator
                    isSamplingPred: false
                    predicate: flag is null (type: boolean)
                    Statistics: Num rows: 500 Data size: 2000 Basic stats: COMPLETE Column stats: COMPLETE
                    Select Operator
                      Statistics: Num rows: 500 Data size: 2000 Basic stats: COMPLETE Column stats: COMPLETE
                      Group By Operator
                        aggregations: count()
                        minReductionHashAggr: 0.99
                        mode: hash
                        outputColumnNames: _col0
                        Statistics: Num rows: 1 Data size: 8 Basic stats: COMPLETE Column stats: COMPLETE
                        Reduce Output Operator
                          bucketingVersion: 2
                          null sort order: 
                          numBuckets: -1
                          sort order: 
                          Statistics: Num rows: 1 Data size: 8 Basic stats: COMPLETE Column stats: COMPLETE
                          tag: -1
                          value expressions: _col0 (type: bigint)
                          auto parallelism: false
            Execution mode: vectorized, llap
            LLAP IO: all inputs
            Path -> Alias:
              hdfs://### HDFS PATH ### [t]
            Path -> Partition:
              hdfs://### HDFS PATH ### 
                Partition
                  base file name: t
                  input format: org.apache.hadoop.mapred.TextInputFormat
                  output format: org.apache.hadoop.hive.ql.io.HiveIgnoreKeyTextOutputFormat
                  properties:
                    bucket_count -1
                    bucketing_version 2
                    column.name.delimiter ,
                    columns flag
                    columns.types boolean
#### A masked pattern was here ####
                    location hdfs://### HDFS PATH ###
                    name default.t
                    serialization.format 1
                    serialization.lib org.apache.hadoop.hive.serde2.lazy.LazySimpleSerDe
                  serde: org.apache.hadoop.hive.serde2.lazy.LazySimpleSerDe
                
                    input format: org.apache.hadoop.mapred.TextInputFormat
                    output format: org.apache.hadoop.hive.ql.io.HiveIgnoreKeyTextOutputFormat
                    properties:
                      bucketing_version 2
                      column.name.delimiter ,
                      columns flag
                      columns.comments 
                      columns.types boolean
#### A masked pattern was here ####
                      location hdfs://### HDFS PATH ###
                      name default.t
                      serialization.format 1
                      serialization.lib org.apache.hadoop.hive.serde2.lazy.LazySimpleSerDe
                    serde: org.apache.hadoop.hive.serde2.lazy.LazySimpleSerDe
                    name: default.t
                  name: default.t
            Truncated Path -> Alias:
              /t [t]
        Reducer 2 
            Execution mode: vectorized, llap
            Needs Tagging: false
            Reduce Operator Tree:
              Group By Operator
                aggregations: count(VALUE._col0)
                mode: mergepartial
                outputColumnNames: _col0
                Statistics: Num rows: 1 Data size: 8 Basic stats: COMPLETE Column stats: COMPLETE
                File Output Operator
                  bucketingVersion: 2
                  compressed: false
                  GlobalTableId: 0
                  directory: hdfs://### HDFS PATH ###
                  NumFilesPerFileSink: 1
                  Statistics: Num rows: 1 Data size: 8 Basic stats: COMPLETE Column stats: COMPLETE
                  Stats Publishing Key Prefix: hdfs://### HDFS PATH ###
                  table:
                      input format: org.apache.hadoop.mapred.SequenceFileInputFormat
                      output format: org.apache.hadoop.hive.ql.io.HiveSequenceFileOutputFormat
                      properties:
                        bucketing_version -1
                        columns _col0
                        columns.types bigint
                        escape.delim \
                        hive.serialization.extend.additional.nesting.levels true
                        serialization.escape.crlf true
                        serialization.format 1
                        serialization.lib org.apache.hadoop.hive.serde2.lazy.LazySimpleSerDe
                      serde: org.apache.hadoop.hive.serde2.lazy.LazySimpleSerDe
                  TotalFiles: 1
                  GatherStats: false
                  MultiFileSpray: false

  Stage: Stage-0
    Fetch Operator
      limit: -1
      Processor Tree:
        ListSink

PREHOOK: query: CREATE TABLE t3 (id INT)
PREHOOK: type: CREATETABLE
PREHOOK: Output: database:default
PREHOOK: Output: default@t3
POSTHOOK: query: CREATE TABLE t3 (id INT)
POSTHOOK: type: CREATETABLE
POSTHOOK: Output: database:default
POSTHOOK: Output: default@t3
PREHOOK: query: CREATE TABLE t4 (id INT, data INT)
PREHOOK: type: CREATETABLE
PREHOOK: Output: database:default
PREHOOK: Output: default@t4
POSTHOOK: query: CREATE TABLE t4 (id INT, data INT)
POSTHOOK: type: CREATETABLE
POSTHOOK: Output: database:default
POSTHOOK: Output: default@t4
PREHOOK: query: ALTER TABLE t3 UPDATE STATISTICS SET('numRows'='10000')
PREHOOK: type: ALTERTABLE_UPDATETABLESTATS
PREHOOK: Input: default@t3
PREHOOK: Output: default@t3
POSTHOOK: query: ALTER TABLE t3 UPDATE STATISTICS SET('numRows'='10000')
POSTHOOK: type: ALTERTABLE_UPDATETABLESTATS
POSTHOOK: Input: default@t3
POSTHOOK: Output: default@t3
PREHOOK: query: ALTER TABLE t3 UPDATE STATISTICS for column id SET ('numDVs'='10000','numNulls'='0')
PREHOOK: type: ALTERTABLE_UPDATETABLESTATS
PREHOOK: Input: default@t3
PREHOOK: Output: default@t3
POSTHOOK: query: ALTER TABLE t3 UPDATE STATISTICS for column id SET ('numDVs'='10000','numNulls'='0')
POSTHOOK: type: ALTERTABLE_UPDATETABLESTATS
POSTHOOK: Input: default@t3
POSTHOOK: Output: default@t3
PREHOOK: query: ALTER TABLE t4 UPDATE STATISTICS SET('numRows'='5000')
PREHOOK: type: ALTERTABLE_UPDATETABLESTATS
PREHOOK: Input: default@t4
PREHOOK: Output: default@t4
POSTHOOK: query: ALTER TABLE t4 UPDATE STATISTICS SET('numRows'='5000')
POSTHOOK: type: ALTERTABLE_UPDATETABLESTATS
POSTHOOK: Input: default@t4
POSTHOOK: Output: default@t4
PREHOOK: query: ALTER TABLE t4 UPDATE STATISTICS for column id SET ('numDVs'='5000','numNulls'='0')
PREHOOK: type: ALTERTABLE_UPDATETABLESTATS
PREHOOK: Input: default@t4
PREHOOK: Output: default@t4
POSTHOOK: query: ALTER TABLE t4 UPDATE STATISTICS for column id SET ('numDVs'='5000','numNulls'='0')
POSTHOOK: type: ALTERTABLE_UPDATETABLESTATS
POSTHOOK: Input: default@t4
POSTHOOK: Output: default@t4
PREHOOK: query: ALTER TABLE t4 UPDATE STATISTICS for column data SET ('numDVs'='100','numNulls'='-1')
PREHOOK: type: ALTERTABLE_UPDATETABLESTATS
PREHOOK: Input: default@t4
PREHOOK: Output: default@t4
POSTHOOK: query: ALTER TABLE t4 UPDATE STATISTICS for column data SET ('numDVs'='100','numNulls'='-1')
POSTHOOK: type: ALTERTABLE_UPDATETABLESTATS
POSTHOOK: Input: default@t4
POSTHOOK: Output: default@t4
PREHOOK: query: EXPLAIN EXTENDED SELECT * FROM (SELECT t3.id, t4.data FROM t3 LEFT OUTER JOIN t4 ON t3.id = t4.id) sub WHERE sub.data IS NULL
PREHOOK: type: QUERY
PREHOOK: Input: default@t3
PREHOOK: Input: default@t4
PREHOOK: Output: hdfs://### HDFS PATH ###
POSTHOOK: query: EXPLAIN EXTENDED SELECT * FROM (SELECT t3.id, t4.data FROM t3 LEFT OUTER JOIN t4 ON t3.id = t4.id) sub WHERE sub.data IS NULL
POSTHOOK: type: QUERY
POSTHOOK: Input: default@t3
POSTHOOK: Input: default@t4
POSTHOOK: Output: hdfs://### HDFS PATH ###
OPTIMIZED SQL: SELECT `t`.`id` AS `sub.id`, CAST(NULL AS INT) AS `sub.data`
FROM (SELECT `id`
FROM `default`.`t3`) AS `t`
LEFT JOIN (SELECT `id`, `data`
FROM `default`.`t4`
WHERE `id` IS NOT NULL) AS `t1` ON `t`.`id` = `t1`.`id`
WHERE `t1`.`data` IS NULL
STAGE DEPENDENCIES:
  Stage-1 is a root stage
  Stage-0 depends on stages: Stage-1

STAGE PLANS:
  Stage: Stage-1
    Tez
#### A masked pattern was here ####
      Edges:
        Reducer 2 <- Map 1 (SIMPLE_EDGE), Map 3 (SIMPLE_EDGE)
#### A masked pattern was here ####
      Vertices:
        Map 1 
            Map Operator Tree:
                TableScan
                  alias: t3
                  Statistics: Num rows: 10000 Data size: 40000 Basic stats: COMPLETE Column stats: COMPLETE
                  GatherStats: false
                  Select Operator
                    expressions: id (type: int)
                    outputColumnNames: _col0
                    Statistics: Num rows: 10000 Data size: 40000 Basic stats: COMPLETE Column stats: COMPLETE
                    Reduce Output Operator
                      bucketingVersion: 2
                      key expressions: _col0 (type: int)
                      null sort order: z
                      numBuckets: -1
                      sort order: +
                      Map-reduce partition columns: _col0 (type: int)
                      Statistics: Num rows: 10000 Data size: 40000 Basic stats: COMPLETE Column stats: COMPLETE
                      tag: 0
                      auto parallelism: true
            Execution mode: vectorized, llap
            LLAP IO: all inputs
            Path -> Alias:
              hdfs://### HDFS PATH ### [t3]
            Path -> Partition:
              hdfs://### HDFS PATH ### 
                Partition
                  base file name: t3
                  input format: org.apache.hadoop.mapred.TextInputFormat
                  output format: org.apache.hadoop.hive.ql.io.HiveIgnoreKeyTextOutputFormat
                  properties:
                    bucket_count -1
                    bucketing_version 2
                    column.name.delimiter ,
                    columns id
                    columns.types int
#### A masked pattern was here ####
                    location hdfs://### HDFS PATH ###
                    name default.t3
                    serialization.format 1
                    serialization.lib org.apache.hadoop.hive.serde2.lazy.LazySimpleSerDe
                  serde: org.apache.hadoop.hive.serde2.lazy.LazySimpleSerDe
                
                    input format: org.apache.hadoop.mapred.TextInputFormat
                    output format: org.apache.hadoop.hive.ql.io.HiveIgnoreKeyTextOutputFormat
                    properties:
                      bucketing_version 2
                      column.name.delimiter ,
                      columns id
                      columns.comments 
                      columns.types int
#### A masked pattern was here ####
                      location hdfs://### HDFS PATH ###
                      name default.t3
                      serialization.format 1
                      serialization.lib org.apache.hadoop.hive.serde2.lazy.LazySimpleSerDe
                    serde: org.apache.hadoop.hive.serde2.lazy.LazySimpleSerDe
                    name: default.t3
                  name: default.t3
            Truncated Path -> Alias:
              /t3 [t3]
        Map 3 
            Map Operator Tree:
                TableScan
                  alias: t4
                  filterExpr: id is not null (type: boolean)
                  Statistics: Num rows: 5000 Data size: 40000 Basic stats: COMPLETE Column stats: COMPLETE
                  GatherStats: false
                  Filter Operator
                    isSamplingPred: false
                    predicate: id is not null (type: boolean)
                    Statistics: Num rows: 5000 Data size: 40000 Basic stats: COMPLETE Column stats: COMPLETE
                    Select Operator
                      expressions: id (type: int), data (type: int)
                      outputColumnNames: _col0, _col1
                      Statistics: Num rows: 5000 Data size: 40000 Basic stats: COMPLETE Column stats: COMPLETE
                      Reduce Output Operator
                        bucketingVersion: 2
                        key expressions: _col0 (type: int)
                        null sort order: z
                        numBuckets: -1
                        sort order: +
                        Map-reduce partition columns: _col0 (type: int)
                        Statistics: Num rows: 5000 Data size: 40000 Basic stats: COMPLETE Column stats: COMPLETE
                        tag: 1
                        value expressions: _col1 (type: int)
                        auto parallelism: true
            Execution mode: vectorized, llap
            LLAP IO: all inputs
            Path -> Alias:
              hdfs://### HDFS PATH ### [t4]
            Path -> Partition:
              hdfs://### HDFS PATH ### 
                Partition
                  base file name: t4
                  input format: org.apache.hadoop.mapred.TextInputFormat
                  output format: org.apache.hadoop.hive.ql.io.HiveIgnoreKeyTextOutputFormat
                  properties:
                    bucket_count -1
                    bucketing_version 2
                    column.name.delimiter ,
                    columns id,data
                    columns.types int:int
#### A masked pattern was here ####
                    location hdfs://### HDFS PATH ###
                    name default.t4
                    serialization.format 1
                    serialization.lib org.apache.hadoop.hive.serde2.lazy.LazySimpleSerDe
                  serde: org.apache.hadoop.hive.serde2.lazy.LazySimpleSerDe
                
                    input format: org.apache.hadoop.mapred.TextInputFormat
                    output format: org.apache.hadoop.hive.ql.io.HiveIgnoreKeyTextOutputFormat
                    properties:
                      bucketing_version 2
                      column.name.delimiter ,
                      columns id,data
                      columns.comments 
                      columns.types int:int
#### A masked pattern was here ####
                      location hdfs://### HDFS PATH ###
                      name default.t4
                      serialization.format 1
                      serialization.lib org.apache.hadoop.hive.serde2.lazy.LazySimpleSerDe
                    serde: org.apache.hadoop.hive.serde2.lazy.LazySimpleSerDe
                    name: default.t4
                  name: default.t4
            Truncated Path -> Alias:
              /t4 [t4]
        Reducer 2 
            Execution mode: llap
            Needs Tagging: false
            Reduce Operator Tree:
              Merge Join Operator
                condition map:
                     Left Outer Join 0 to 1
                keys:
                  0 _col0 (type: int)
                  1 _col0 (type: int)
                outputColumnNames: _col0, _col2
                Position of Big Table: 0
                Statistics: Num rows: 15000 Data size: 120000 Basic stats: COMPLETE Column stats: COMPLETE
                Filter Operator
                  isSamplingPred: false
                  predicate: _col2 is null (type: boolean)
                  Statistics: Num rows: 7500 Data size: 60000 Basic stats: COMPLETE Column stats: COMPLETE
                  Select Operator
                    expressions: _col0 (type: int), null (type: int)
                    outputColumnNames: _col0, _col1
                    Statistics: Num rows: 7500 Data size: 30004 Basic stats: COMPLETE Column stats: COMPLETE
                    File Output Operator
                      bucketingVersion: 2
                      compressed: false
                      GlobalTableId: 0
                      directory: hdfs://### HDFS PATH ###
                      NumFilesPerFileSink: 1
                      Statistics: Num rows: 7500 Data size: 30004 Basic stats: COMPLETE Column stats: COMPLETE
                      Stats Publishing Key Prefix: hdfs://### HDFS PATH ###
                      table:
                          input format: org.apache.hadoop.mapred.SequenceFileInputFormat
                          output format: org.apache.hadoop.hive.ql.io.HiveSequenceFileOutputFormat
                          properties:
                            bucketing_version -1
                            columns _col0,_col1
                            columns.types int:int
                            escape.delim \
                            hive.serialization.extend.additional.nesting.levels true
                            serialization.escape.crlf true
                            serialization.format 1
                            serialization.lib org.apache.hadoop.hive.serde2.lazy.LazySimpleSerDe
                          serde: org.apache.hadoop.hive.serde2.lazy.LazySimpleSerDe
                      TotalFiles: 1
                      GatherStats: false
                      MultiFileSpray: false

  Stage: Stage-0
    Fetch Operator
      limit: -1
      Processor Tree:
        ListSink

