PREHOOK: query: drop table decimal_2
PREHOOK: type: DROPTABLE
POSTHOOK: query: drop table decimal_2
POSTHOOK: type: DROPTABLE
PREHOOK: query: create table decimal_2 (t decimal(18,9)) stored as orc
PREHOOK: type: CREATETABLE
PREHOOK: Output: database:default
PREHOOK: Output: default@decimal_2
POSTHOOK: query: create table decimal_2 (t decimal(18,9)) stored as orc
POSTHOOK: type: CREATETABLE
POSTHOOK: Output: database:default
POSTHOOK: Output: default@decimal_2
PREHOOK: query: insert overwrite table decimal_2
  select cast('17.29' as decimal(4,2)) from src tablesample (1 rows)
PREHOOK: type: QUERY
PREHOOK: Input: default@src
PREHOOK: Output: default@decimal_2
POSTHOOK: query: insert overwrite table decimal_2
  select cast('17.29' as decimal(4,2)) from src tablesample (1 rows)
POSTHOOK: type: QUERY
POSTHOOK: Input: default@src
POSTHOOK: Output: default@decimal_2
POSTHOOK: Lineage: decimal_2.t EXPRESSION []
PREHOOK: query: explain
select cast(t as boolean) from decimal_2 order by t
PREHOOK: type: QUERY
POSTHOOK: query: explain
select cast(t as boolean) from decimal_2 order by t
POSTHOOK: type: QUERY
STAGE DEPENDENCIES:
  Stage-1 is a root stage
  Stage-0 depends on stages: Stage-1

STAGE PLANS:
  Stage: Stage-1
    Tez
#### A masked pattern was here ####
      Edges:
        Reducer 2 <- Map 1 (SIMPLE_EDGE)
#### A masked pattern was here ####
      Vertices:
        Map 1 
            Map Operator Tree:
                TableScan
                  alias: decimal_2
                  Statistics: Num rows: 1 Data size: 112 Basic stats: COMPLETE Column stats: NONE
                  Select Operator
                    expressions: UDFToBoolean(t) (type: boolean)
                    outputColumnNames: _col0
                    Statistics: Num rows: 1 Data size: 112 Basic stats: COMPLETE Column stats: NONE
                    Reduce Output Operator
                      key expressions: _col0 (type: boolean)
                      sort order: +
                      Statistics: Num rows: 1 Data size: 112 Basic stats: COMPLETE Column stats: NONE
            Execution mode: vectorized, llap
            LLAP IO: all inputs
        Reducer 2 
            Execution mode: vectorized, llap
            Reduce Operator Tree:
              Select Operator
                expressions: KEY.reducesinkkey0 (type: boolean)
                outputColumnNames: _col0
                Statistics: Num rows: 1 Data size: 112 Basic stats: COMPLETE Column stats: NONE
                File Output Operator
                  compressed: false
                  Statistics: Num rows: 1 Data size: 112 Basic stats: COMPLETE Column stats: NONE
                  table:
                      input format: org.apache.hadoop.mapred.SequenceFileInputFormat
                      output format: org.apache.hadoop.hive.ql.io.HiveSequenceFileOutputFormat
                      serde: org.apache.hadoop.hive.serde2.lazy.LazySimpleSerDe

  Stage: Stage-0
    Fetch Operator
      limit: -1
      Processor Tree:
        ListSink

PREHOOK: query: select cast(t as boolean) from decimal_2 order by t
PREHOOK: type: QUERY
PREHOOK: Input: default@decimal_2
#### A masked pattern was here ####
POSTHOOK: query: select cast(t as boolean) from decimal_2 order by t
POSTHOOK: type: QUERY
POSTHOOK: Input: default@decimal_2
#### A masked pattern was here ####
true
PREHOOK: query: explain
select cast(t as tinyint) from decimal_2 order by t
PREHOOK: type: QUERY
POSTHOOK: query: explain
select cast(t as tinyint) from decimal_2 order by t
POSTHOOK: type: QUERY
STAGE DEPENDENCIES:
  Stage-1 is a root stage
  Stage-0 depends on stages: Stage-1

STAGE PLANS:
  Stage: Stage-1
    Tez
#### A masked pattern was here ####
      Edges:
        Reducer 2 <- Map 1 (SIMPLE_EDGE)
#### A masked pattern was here ####
      Vertices:
        Map 1 
            Map Operator Tree:
                TableScan
                  alias: decimal_2
                  Statistics: Num rows: 1 Data size: 112 Basic stats: COMPLETE Column stats: NONE
                  Select Operator
                    expressions: UDFToByte(t) (type: tinyint)
                    outputColumnNames: _col0
                    Statistics: Num rows: 1 Data size: 112 Basic stats: COMPLETE Column stats: NONE
                    Reduce Output Operator
                      key expressions: _col0 (type: tinyint)
                      sort order: +
                      Statistics: Num rows: 1 Data size: 112 Basic stats: COMPLETE Column stats: NONE
            Execution mode: vectorized, llap
            LLAP IO: all inputs
        Reducer 2 
            Execution mode: vectorized, llap
            Reduce Operator Tree:
              Select Operator
                expressions: KEY.reducesinkkey0 (type: tinyint)
                outputColumnNames: _col0
                Statistics: Num rows: 1 Data size: 112 Basic stats: COMPLETE Column stats: NONE
                File Output Operator
                  compressed: false
                  Statistics: Num rows: 1 Data size: 112 Basic stats: COMPLETE Column stats: NONE
                  table:
                      input format: org.apache.hadoop.mapred.SequenceFileInputFormat
                      output format: org.apache.hadoop.hive.ql.io.HiveSequenceFileOutputFormat
                      serde: org.apache.hadoop.hive.serde2.lazy.LazySimpleSerDe

  Stage: Stage-0
    Fetch Operator
      limit: -1
      Processor Tree:
        ListSink

PREHOOK: query: select cast(t as tinyint) from decimal_2 order by t
PREHOOK: type: QUERY
PREHOOK: Input: default@decimal_2
#### A masked pattern was here ####
POSTHOOK: query: select cast(t as tinyint) from decimal_2 order by t
POSTHOOK: type: QUERY
POSTHOOK: Input: default@decimal_2
#### A masked pattern was here ####
17
PREHOOK: query: explain
select cast(t as smallint) from decimal_2 order by t
PREHOOK: type: QUERY
POSTHOOK: query: explain
select cast(t as smallint) from decimal_2 order by t
POSTHOOK: type: QUERY
STAGE DEPENDENCIES:
  Stage-1 is a root stage
  Stage-0 depends on stages: Stage-1

STAGE PLANS:
  Stage: Stage-1
    Tez
#### A masked pattern was here ####
      Edges:
        Reducer 2 <- Map 1 (SIMPLE_EDGE)
#### A masked pattern was here ####
      Vertices:
        Map 1 
            Map Operator Tree:
                TableScan
                  alias: decimal_2
                  Statistics: Num rows: 1 Data size: 112 Basic stats: COMPLETE Column stats: NONE
                  Select Operator
                    expressions: UDFToShort(t) (type: smallint)
                    outputColumnNames: _col0
                    Statistics: Num rows: 1 Data size: 112 Basic stats: COMPLETE Column stats: NONE
                    Reduce Output Operator
                      key expressions: _col0 (type: smallint)
                      sort order: +
                      Statistics: Num rows: 1 Data size: 112 Basic stats: COMPLETE Column stats: NONE
            Execution mode: vectorized, llap
            LLAP IO: all inputs
        Reducer 2 
            Execution mode: vectorized, llap
            Reduce Operator Tree:
              Select Operator
                expressions: KEY.reducesinkkey0 (type: smallint)
                outputColumnNames: _col0
                Statistics: Num rows: 1 Data size: 112 Basic stats: COMPLETE Column stats: NONE
                File Output Operator
                  compressed: false
                  Statistics: Num rows: 1 Data size: 112 Basic stats: COMPLETE Column stats: NONE
                  table:
                      input format: org.apache.hadoop.mapred.SequenceFileInputFormat
                      output format: org.apache.hadoop.hive.ql.io.HiveSequenceFileOutputFormat
                      serde: org.apache.hadoop.hive.serde2.lazy.LazySimpleSerDe

  Stage: Stage-0
    Fetch Operator
      limit: -1
      Processor Tree:
        ListSink

PREHOOK: query: select cast(t as smallint) from decimal_2 order by t
PREHOOK: type: QUERY
PREHOOK: Input: default@decimal_2
#### A masked pattern was here ####
POSTHOOK: query: select cast(t as smallint) from decimal_2 order by t
POSTHOOK: type: QUERY
POSTHOOK: Input: default@decimal_2
#### A masked pattern was here ####
17
PREHOOK: query: explain
select cast(t as int) from decimal_2 order by t
PREHOOK: type: QUERY
POSTHOOK: query: explain
select cast(t as int) from decimal_2 order by t
POSTHOOK: type: QUERY
STAGE DEPENDENCIES:
  Stage-1 is a root stage
  Stage-0 depends on stages: Stage-1

STAGE PLANS:
  Stage: Stage-1
    Tez
#### A masked pattern was here ####
      Edges:
        Reducer 2 <- Map 1 (SIMPLE_EDGE)
#### A masked pattern was here ####
      Vertices:
        Map 1 
            Map Operator Tree:
                TableScan
                  alias: decimal_2
                  Statistics: Num rows: 1 Data size: 112 Basic stats: COMPLETE Column stats: NONE
                  Select Operator
                    expressions: UDFToInteger(t) (type: int)
                    outputColumnNames: _col0
                    Statistics: Num rows: 1 Data size: 112 Basic stats: COMPLETE Column stats: NONE
                    Reduce Output Operator
                      key expressions: _col0 (type: int)
                      sort order: +
                      Statistics: Num rows: 1 Data size: 112 Basic stats: COMPLETE Column stats: NONE
            Execution mode: vectorized, llap
            LLAP IO: all inputs
        Reducer 2 
            Execution mode: vectorized, llap
            Reduce Operator Tree:
              Select Operator
                expressions: KEY.reducesinkkey0 (type: int)
                outputColumnNames: _col0
                Statistics: Num rows: 1 Data size: 112 Basic stats: COMPLETE Column stats: NONE
                File Output Operator
                  compressed: false
                  Statistics: Num rows: 1 Data size: 112 Basic stats: COMPLETE Column stats: NONE
                  table:
                      input format: org.apache.hadoop.mapred.SequenceFileInputFormat
                      output format: org.apache.hadoop.hive.ql.io.HiveSequenceFileOutputFormat
                      serde: org.apache.hadoop.hive.serde2.lazy.LazySimpleSerDe

  Stage: Stage-0
    Fetch Operator
      limit: -1
      Processor Tree:
        ListSink

PREHOOK: query: select cast(t as int) from decimal_2 order by t
PREHOOK: type: QUERY
PREHOOK: Input: default@decimal_2
#### A masked pattern was here ####
POSTHOOK: query: select cast(t as int) from decimal_2 order by t
POSTHOOK: type: QUERY
POSTHOOK: Input: default@decimal_2
#### A masked pattern was here ####
17
PREHOOK: query: explain
select cast(t as bigint) from decimal_2 order by t
PREHOOK: type: QUERY
POSTHOOK: query: explain
select cast(t as bigint) from decimal_2 order by t
POSTHOOK: type: QUERY
STAGE DEPENDENCIES:
  Stage-1 is a root stage
  Stage-0 depends on stages: Stage-1

STAGE PLANS:
  Stage: Stage-1
    Tez
#### A masked pattern was here ####
      Edges:
        Reducer 2 <- Map 1 (SIMPLE_EDGE)
#### A masked pattern was here ####
      Vertices:
        Map 1 
            Map Operator Tree:
                TableScan
                  alias: decimal_2
                  Statistics: Num rows: 1 Data size: 112 Basic stats: COMPLETE Column stats: NONE
                  Select Operator
                    expressions: UDFToLong(t) (type: bigint)
                    outputColumnNames: _col0
                    Statistics: Num rows: 1 Data size: 112 Basic stats: COMPLETE Column stats: NONE
                    Reduce Output Operator
                      key expressions: _col0 (type: bigint)
                      sort order: +
                      Statistics: Num rows: 1 Data size: 112 Basic stats: COMPLETE Column stats: NONE
            Execution mode: vectorized, llap
            LLAP IO: all inputs
        Reducer 2 
            Execution mode: vectorized, llap
            Reduce Operator Tree:
              Select Operator
                expressions: KEY.reducesinkkey0 (type: bigint)
                outputColumnNames: _col0
                Statistics: Num rows: 1 Data size: 112 Basic stats: COMPLETE Column stats: NONE
                File Output Operator
                  compressed: false
                  Statistics: Num rows: 1 Data size: 112 Basic stats: COMPLETE Column stats: NONE
                  table:
                      input format: org.apache.hadoop.mapred.SequenceFileInputFormat
                      output format: org.apache.hadoop.hive.ql.io.HiveSequenceFileOutputFormat
                      serde: org.apache.hadoop.hive.serde2.lazy.LazySimpleSerDe

  Stage: Stage-0
    Fetch Operator
      limit: -1
      Processor Tree:
        ListSink

PREHOOK: query: select cast(t as bigint) from decimal_2 order by t
PREHOOK: type: QUERY
PREHOOK: Input: default@decimal_2
#### A masked pattern was here ####
POSTHOOK: query: select cast(t as bigint) from decimal_2 order by t
POSTHOOK: type: QUERY
POSTHOOK: Input: default@decimal_2
#### A masked pattern was here ####
17
PREHOOK: query: explain
select cast(t as float) from decimal_2 order by t
PREHOOK: type: QUERY
POSTHOOK: query: explain
select cast(t as float) from decimal_2 order by t
POSTHOOK: type: QUERY
STAGE DEPENDENCIES:
  Stage-1 is a root stage
  Stage-0 depends on stages: Stage-1

STAGE PLANS:
  Stage: Stage-1
    Tez
#### A masked pattern was here ####
      Edges:
        Reducer 2 <- Map 1 (SIMPLE_EDGE)
#### A masked pattern was here ####
      Vertices:
        Map 1 
            Map Operator Tree:
                TableScan
                  alias: decimal_2
                  Statistics: Num rows: 1 Data size: 112 Basic stats: COMPLETE Column stats: NONE
                  Select Operator
                    expressions: UDFToFloat(t) (type: float)
                    outputColumnNames: _col0
                    Statistics: Num rows: 1 Data size: 112 Basic stats: COMPLETE Column stats: NONE
                    Reduce Output Operator
                      key expressions: _col0 (type: float)
                      sort order: +
                      Statistics: Num rows: 1 Data size: 112 Basic stats: COMPLETE Column stats: NONE
            Execution mode: vectorized, llap
            LLAP IO: all inputs
        Reducer 2 
            Execution mode: vectorized, llap
            Reduce Operator Tree:
              Select Operator
                expressions: KEY.reducesinkkey0 (type: float)
                outputColumnNames: _col0
                Statistics: Num rows: 1 Data size: 112 Basic stats: COMPLETE Column stats: NONE
                File Output Operator
                  compressed: false
                  Statistics: Num rows: 1 Data size: 112 Basic stats: COMPLETE Column stats: NONE
                  table:
                      input format: org.apache.hadoop.mapred.SequenceFileInputFormat
                      output format: org.apache.hadoop.hive.ql.io.HiveSequenceFileOutputFormat
                      serde: org.apache.hadoop.hive.serde2.lazy.LazySimpleSerDe

  Stage: Stage-0
    Fetch Operator
      limit: -1
      Processor Tree:
        ListSink

PREHOOK: query: select cast(t as float) from decimal_2 order by t
PREHOOK: type: QUERY
PREHOOK: Input: default@decimal_2
#### A masked pattern was here ####
POSTHOOK: query: select cast(t as float) from decimal_2 order by t
POSTHOOK: type: QUERY
POSTHOOK: Input: default@decimal_2
#### A masked pattern was here ####
17.29
PREHOOK: query: explain
select cast(t as double) from decimal_2 order by t
PREHOOK: type: QUERY
POSTHOOK: query: explain
select cast(t as double) from decimal_2 order by t
POSTHOOK: type: QUERY
STAGE DEPENDENCIES:
  Stage-1 is a root stage
  Stage-0 depends on stages: Stage-1

STAGE PLANS:
  Stage: Stage-1
    Tez
#### A masked pattern was here ####
      Edges:
        Reducer 2 <- Map 1 (SIMPLE_EDGE)
#### A masked pattern was here ####
      Vertices:
        Map 1 
            Map Operator Tree:
                TableScan
                  alias: decimal_2
                  Statistics: Num rows: 1 Data size: 112 Basic stats: COMPLETE Column stats: NONE
                  Select Operator
                    expressions: UDFToDouble(t) (type: double)
                    outputColumnNames: _col0
                    Statistics: Num rows: 1 Data size: 112 Basic stats: COMPLETE Column stats: NONE
                    Reduce Output Operator
                      key expressions: _col0 (type: double)
                      sort order: +
                      Statistics: Num rows: 1 Data size: 112 Basic stats: COMPLETE Column stats: NONE
            Execution mode: vectorized, llap
            LLAP IO: all inputs
        Reducer 2 
            Execution mode: vectorized, llap
            Reduce Operator Tree:
              Select Operator
                expressions: KEY.reducesinkkey0 (type: double)
                outputColumnNames: _col0
                Statistics: Num rows: 1 Data size: 112 Basic stats: COMPLETE Column stats: NONE
                File Output Operator
                  compressed: false
                  Statistics: Num rows: 1 Data size: 112 Basic stats: COMPLETE Column stats: NONE
                  table:
                      input format: org.apache.hadoop.mapred.SequenceFileInputFormat
                      output format: org.apache.hadoop.hive.ql.io.HiveSequenceFileOutputFormat
                      serde: org.apache.hadoop.hive.serde2.lazy.LazySimpleSerDe

  Stage: Stage-0
    Fetch Operator
      limit: -1
      Processor Tree:
        ListSink

PREHOOK: query: select cast(t as double) from decimal_2 order by t
PREHOOK: type: QUERY
PREHOOK: Input: default@decimal_2
#### A masked pattern was here ####
POSTHOOK: query: select cast(t as double) from decimal_2 order by t
POSTHOOK: type: QUERY
POSTHOOK: Input: default@decimal_2
#### A masked pattern was here ####
17.29
PREHOOK: query: explain
select cast(t as string) from decimal_2 order by t
PREHOOK: type: QUERY
POSTHOOK: query: explain
select cast(t as string) from decimal_2 order by t
POSTHOOK: type: QUERY
STAGE DEPENDENCIES:
  Stage-1 is a root stage
  Stage-0 depends on stages: Stage-1

STAGE PLANS:
  Stage: Stage-1
    Tez
#### A masked pattern was here ####
      Edges:
        Reducer 2 <- Map 1 (SIMPLE_EDGE)
#### A masked pattern was here ####
      Vertices:
        Map 1 
            Map Operator Tree:
                TableScan
                  alias: decimal_2
                  Statistics: Num rows: 1 Data size: 112 Basic stats: COMPLETE Column stats: NONE
                  Select Operator
                    expressions: UDFToString(t) (type: string)
                    outputColumnNames: _col0
                    Statistics: Num rows: 1 Data size: 112 Basic stats: COMPLETE Column stats: NONE
                    Reduce Output Operator
                      key expressions: _col0 (type: string)
                      sort order: +
                      Statistics: Num rows: 1 Data size: 112 Basic stats: COMPLETE Column stats: NONE
            Execution mode: vectorized, llap
            LLAP IO: all inputs
        Reducer 2 
            Execution mode: vectorized, llap
            Reduce Operator Tree:
              Select Operator
                expressions: KEY.reducesinkkey0 (type: string)
                outputColumnNames: _col0
                Statistics: Num rows: 1 Data size: 112 Basic stats: COMPLETE Column stats: NONE
                File Output Operator
                  compressed: false
                  Statistics: Num rows: 1 Data size: 112 Basic stats: COMPLETE Column stats: NONE
                  table:
                      input format: org.apache.hadoop.mapred.SequenceFileInputFormat
                      output format: org.apache.hadoop.hive.ql.io.HiveSequenceFileOutputFormat
                      serde: org.apache.hadoop.hive.serde2.lazy.LazySimpleSerDe

  Stage: Stage-0
    Fetch Operator
      limit: -1
      Processor Tree:
        ListSink

PREHOOK: query: select cast(t as string) from decimal_2 order by t
PREHOOK: type: QUERY
PREHOOK: Input: default@decimal_2
#### A masked pattern was here ####
POSTHOOK: query: select cast(t as string) from decimal_2 order by t
POSTHOOK: type: QUERY
POSTHOOK: Input: default@decimal_2
#### A masked pattern was here ####
17.29
PREHOOK: query: insert overwrite table decimal_2
  select cast('3404045.5044003' as decimal(18,9)) from src tablesample (1 rows)
PREHOOK: type: QUERY
PREHOOK: Input: default@src
PREHOOK: Output: default@decimal_2
POSTHOOK: query: insert overwrite table decimal_2
  select cast('3404045.5044003' as decimal(18,9)) from src tablesample (1 rows)
POSTHOOK: type: QUERY
POSTHOOK: Input: default@src
POSTHOOK: Output: default@decimal_2
POSTHOOK: Lineage: decimal_2.t EXPRESSION []
PREHOOK: query: explain
select cast(t as boolean) from decimal_2 order by t
PREHOOK: type: QUERY
POSTHOOK: query: explain
select cast(t as boolean) from decimal_2 order by t
POSTHOOK: type: QUERY
STAGE DEPENDENCIES:
  Stage-1 is a root stage
  Stage-0 depends on stages: Stage-1

STAGE PLANS:
  Stage: Stage-1
    Tez
#### A masked pattern was here ####
      Edges:
        Reducer 2 <- Map 1 (SIMPLE_EDGE)
#### A masked pattern was here ####
      Vertices:
        Map 1 
            Map Operator Tree:
                TableScan
                  alias: decimal_2
                  Statistics: Num rows: 1 Data size: 112 Basic stats: COMPLETE Column stats: NONE
                  Select Operator
                    expressions: UDFToBoolean(t) (type: boolean)
                    outputColumnNames: _col0
                    Statistics: Num rows: 1 Data size: 112 Basic stats: COMPLETE Column stats: NONE
                    Reduce Output Operator
                      key expressions: _col0 (type: boolean)
                      sort order: +
                      Statistics: Num rows: 1 Data size: 112 Basic stats: COMPLETE Column stats: NONE
            Execution mode: vectorized, llap
            LLAP IO: all inputs
        Reducer 2 
            Execution mode: vectorized, llap
            Reduce Operator Tree:
              Select Operator
                expressions: KEY.reducesinkkey0 (type: boolean)
                outputColumnNames: _col0
                Statistics: Num rows: 1 Data size: 112 Basic stats: COMPLETE Column stats: NONE
                File Output Operator
                  compressed: false
                  Statistics: Num rows: 1 Data size: 112 Basic stats: COMPLETE Column stats: NONE
                  table:
                      input format: org.apache.hadoop.mapred.SequenceFileInputFormat
                      output format: org.apache.hadoop.hive.ql.io.HiveSequenceFileOutputFormat
                      serde: org.apache.hadoop.hive.serde2.lazy.LazySimpleSerDe

  Stage: Stage-0
    Fetch Operator
      limit: -1
      Processor Tree:
        ListSink

PREHOOK: query: select cast(t as boolean) from decimal_2 order by t
PREHOOK: type: QUERY
PREHOOK: Input: default@decimal_2
#### A masked pattern was here ####
POSTHOOK: query: select cast(t as boolean) from decimal_2 order by t
POSTHOOK: type: QUERY
POSTHOOK: Input: default@decimal_2
#### A masked pattern was here ####
true
PREHOOK: query: explain
select cast(t as tinyint) from decimal_2 order by t
PREHOOK: type: QUERY
POSTHOOK: query: explain
select cast(t as tinyint) from decimal_2 order by t
POSTHOOK: type: QUERY
STAGE DEPENDENCIES:
  Stage-1 is a root stage
  Stage-0 depends on stages: Stage-1

STAGE PLANS:
  Stage: Stage-1
    Tez
#### A masked pattern was here ####
      Edges:
        Reducer 2 <- Map 1 (SIMPLE_EDGE)
#### A masked pattern was here ####
      Vertices:
        Map 1 
            Map Operator Tree:
                TableScan
                  alias: decimal_2
                  Statistics: Num rows: 1 Data size: 112 Basic stats: COMPLETE Column stats: NONE
                  Select Operator
                    expressions: UDFToByte(t) (type: tinyint)
                    outputColumnNames: _col0
                    Statistics: Num rows: 1 Data size: 112 Basic stats: COMPLETE Column stats: NONE
                    Reduce Output Operator
                      key expressions: _col0 (type: tinyint)
                      sort order: +
                      Statistics: Num rows: 1 Data size: 112 Basic stats: COMPLETE Column stats: NONE
            Execution mode: vectorized, llap
            LLAP IO: all inputs
        Reducer 2 
            Execution mode: vectorized, llap
            Reduce Operator Tree:
              Select Operator
                expressions: KEY.reducesinkkey0 (type: tinyint)
                outputColumnNames: _col0
                Statistics: Num rows: 1 Data size: 112 Basic stats: COMPLETE Column stats: NONE
                File Output Operator
                  compressed: false
                  Statistics: Num rows: 1 Data size: 112 Basic stats: COMPLETE Column stats: NONE
                  table:
                      input format: org.apache.hadoop.mapred.SequenceFileInputFormat
                      output format: org.apache.hadoop.hive.ql.io.HiveSequenceFileOutputFormat
                      serde: org.apache.hadoop.hive.serde2.lazy.LazySimpleSerDe

  Stage: Stage-0
    Fetch Operator
      limit: -1
      Processor Tree:
        ListSink

PREHOOK: query: select cast(t as tinyint) from decimal_2 order by t
PREHOOK: type: QUERY
PREHOOK: Input: default@decimal_2
#### A masked pattern was here ####
POSTHOOK: query: select cast(t as tinyint) from decimal_2 order by t
POSTHOOK: type: QUERY
POSTHOOK: Input: default@decimal_2
#### A masked pattern was here ####
NULL
PREHOOK: query: explain
select cast(t as smallint) from decimal_2 order by t
PREHOOK: type: QUERY
POSTHOOK: query: explain
select cast(t as smallint) from decimal_2 order by t
POSTHOOK: type: QUERY
STAGE DEPENDENCIES:
  Stage-1 is a root stage
  Stage-0 depends on stages: Stage-1

STAGE PLANS:
  Stage: Stage-1
    Tez
#### A masked pattern was here ####
      Edges:
        Reducer 2 <- Map 1 (SIMPLE_EDGE)
#### A masked pattern was here ####
      Vertices:
        Map 1 
            Map Operator Tree:
                TableScan
                  alias: decimal_2
                  Statistics: Num rows: 1 Data size: 112 Basic stats: COMPLETE Column stats: NONE
                  Select Operator
                    expressions: UDFToShort(t) (type: smallint)
                    outputColumnNames: _col0
                    Statistics: Num rows: 1 Data size: 112 Basic stats: COMPLETE Column stats: NONE
                    Reduce Output Operator
                      key expressions: _col0 (type: smallint)
                      sort order: +
                      Statistics: Num rows: 1 Data size: 112 Basic stats: COMPLETE Column stats: NONE
            Execution mode: vectorized, llap
            LLAP IO: all inputs
        Reducer 2 
            Execution mode: vectorized, llap
            Reduce Operator Tree:
              Select Operator
                expressions: KEY.reducesinkkey0 (type: smallint)
                outputColumnNames: _col0
                Statistics: Num rows: 1 Data size: 112 Basic stats: COMPLETE Column stats: NONE
                File Output Operator
                  compressed: false
                  Statistics: Num rows: 1 Data size: 112 Basic stats: COMPLETE Column stats: NONE
                  table:
                      input format: org.apache.hadoop.mapred.SequenceFileInputFormat
                      output format: org.apache.hadoop.hive.ql.io.HiveSequenceFileOutputFormat
                      serde: org.apache.hadoop.hive.serde2.lazy.LazySimpleSerDe

  Stage: Stage-0
    Fetch Operator
      limit: -1
      Processor Tree:
        ListSink

PREHOOK: query: select cast(t as smallint) from decimal_2 order by t
PREHOOK: type: QUERY
PREHOOK: Input: default@decimal_2
#### A masked pattern was here ####
POSTHOOK: query: select cast(t as smallint) from decimal_2 order by t
POSTHOOK: type: QUERY
POSTHOOK: Input: default@decimal_2
#### A masked pattern was here ####
NULL
PREHOOK: query: explain
select cast(t as int) from decimal_2 order by t
PREHOOK: type: QUERY
POSTHOOK: query: explain
select cast(t as int) from decimal_2 order by t
POSTHOOK: type: QUERY
STAGE DEPENDENCIES:
  Stage-1 is a root stage
  Stage-0 depends on stages: Stage-1

STAGE PLANS:
  Stage: Stage-1
    Tez
#### A masked pattern was here ####
      Edges:
        Reducer 2 <- Map 1 (SIMPLE_EDGE)
#### A masked pattern was here ####
      Vertices:
        Map 1 
            Map Operator Tree:
                TableScan
                  alias: decimal_2
                  Statistics: Num rows: 1 Data size: 112 Basic stats: COMPLETE Column stats: NONE
                  Select Operator
                    expressions: UDFToInteger(t) (type: int)
                    outputColumnNames: _col0
                    Statistics: Num rows: 1 Data size: 112 Basic stats: COMPLETE Column stats: NONE
                    Reduce Output Operator
                      key expressions: _col0 (type: int)
                      sort order: +
                      Statistics: Num rows: 1 Data size: 112 Basic stats: COMPLETE Column stats: NONE
            Execution mode: vectorized, llap
            LLAP IO: all inputs
        Reducer 2 
            Execution mode: vectorized, llap
            Reduce Operator Tree:
              Select Operator
                expressions: KEY.reducesinkkey0 (type: int)
                outputColumnNames: _col0
                Statistics: Num rows: 1 Data size: 112 Basic stats: COMPLETE Column stats: NONE
                File Output Operator
                  compressed: false
                  Statistics: Num rows: 1 Data size: 112 Basic stats: COMPLETE Column stats: NONE
                  table:
                      input format: org.apache.hadoop.mapred.SequenceFileInputFormat
                      output format: org.apache.hadoop.hive.ql.io.HiveSequenceFileOutputFormat
                      serde: org.apache.hadoop.hive.serde2.lazy.LazySimpleSerDe

  Stage: Stage-0
    Fetch Operator
      limit: -1
      Processor Tree:
        ListSink

PREHOOK: query: select cast(t as int) from decimal_2 order by t
PREHOOK: type: QUERY
PREHOOK: Input: default@decimal_2
#### A masked pattern was here ####
POSTHOOK: query: select cast(t as int) from decimal_2 order by t
POSTHOOK: type: QUERY
POSTHOOK: Input: default@decimal_2
#### A masked pattern was here ####
3404045
PREHOOK: query: explain
select cast(t as bigint) from decimal_2 order by t
PREHOOK: type: QUERY
POSTHOOK: query: explain
select cast(t as bigint) from decimal_2 order by t
POSTHOOK: type: QUERY
STAGE DEPENDENCIES:
  Stage-1 is a root stage
  Stage-0 depends on stages: Stage-1

STAGE PLANS:
  Stage: Stage-1
    Tez
#### A masked pattern was here ####
      Edges:
        Reducer 2 <- Map 1 (SIMPLE_EDGE)
#### A masked pattern was here ####
      Vertices:
        Map 1 
            Map Operator Tree:
                TableScan
                  alias: decimal_2
                  Statistics: Num rows: 1 Data size: 112 Basic stats: COMPLETE Column stats: NONE
                  Select Operator
                    expressions: UDFToLong(t) (type: bigint)
                    outputColumnNames: _col0
                    Statistics: Num rows: 1 Data size: 112 Basic stats: COMPLETE Column stats: NONE
                    Reduce Output Operator
                      key expressions: _col0 (type: bigint)
                      sort order: +
                      Statistics: Num rows: 1 Data size: 112 Basic stats: COMPLETE Column stats: NONE
            Execution mode: vectorized, llap
            LLAP IO: all inputs
        Reducer 2 
            Execution mode: vectorized, llap
            Reduce Operator Tree:
              Select Operator
                expressions: KEY.reducesinkkey0 (type: bigint)
                outputColumnNames: _col0
                Statistics: Num rows: 1 Data size: 112 Basic stats: COMPLETE Column stats: NONE
                File Output Operator
                  compressed: false
                  Statistics: Num rows: 1 Data size: 112 Basic stats: COMPLETE Column stats: NONE
                  table:
                      input format: org.apache.hadoop.mapred.SequenceFileInputFormat
                      output format: org.apache.hadoop.hive.ql.io.HiveSequenceFileOutputFormat
                      serde: org.apache.hadoop.hive.serde2.lazy.LazySimpleSerDe

  Stage: Stage-0
    Fetch Operator
      limit: -1
      Processor Tree:
        ListSink

PREHOOK: query: select cast(t as bigint) from decimal_2 order by t
PREHOOK: type: QUERY
PREHOOK: Input: default@decimal_2
#### A masked pattern was here ####
POSTHOOK: query: select cast(t as bigint) from decimal_2 order by t
POSTHOOK: type: QUERY
POSTHOOK: Input: default@decimal_2
#### A masked pattern was here ####
3404045
PREHOOK: query: explain
select cast(t as float) from decimal_2 order by t
PREHOOK: type: QUERY
POSTHOOK: query: explain
select cast(t as float) from decimal_2 order by t
POSTHOOK: type: QUERY
STAGE DEPENDENCIES:
  Stage-1 is a root stage
  Stage-0 depends on stages: Stage-1

STAGE PLANS:
  Stage: Stage-1
    Tez
#### A masked pattern was here ####
      Edges:
        Reducer 2 <- Map 1 (SIMPLE_EDGE)
#### A masked pattern was here ####
      Vertices:
        Map 1 
            Map Operator Tree:
                TableScan
                  alias: decimal_2
                  Statistics: Num rows: 1 Data size: 112 Basic stats: COMPLETE Column stats: NONE
                  Select Operator
                    expressions: UDFToFloat(t) (type: float)
                    outputColumnNames: _col0
                    Statistics: Num rows: 1 Data size: 112 Basic stats: COMPLETE Column stats: NONE
                    Reduce Output Operator
                      key expressions: _col0 (type: float)
                      sort order: +
                      Statistics: Num rows: 1 Data size: 112 Basic stats: COMPLETE Column stats: NONE
            Execution mode: vectorized, llap
            LLAP IO: all inputs
        Reducer 2 
            Execution mode: vectorized, llap
            Reduce Operator Tree:
              Select Operator
                expressions: KEY.reducesinkkey0 (type: float)
                outputColumnNames: _col0
                Statistics: Num rows: 1 Data size: 112 Basic stats: COMPLETE Column stats: NONE
                File Output Operator
                  compressed: false
                  Statistics: Num rows: 1 Data size: 112 Basic stats: COMPLETE Column stats: NONE
                  table:
                      input format: org.apache.hadoop.mapred.SequenceFileInputFormat
                      output format: org.apache.hadoop.hive.ql.io.HiveSequenceFileOutputFormat
                      serde: org.apache.hadoop.hive.serde2.lazy.LazySimpleSerDe

  Stage: Stage-0
    Fetch Operator
      limit: -1
      Processor Tree:
        ListSink

PREHOOK: query: select cast(t as float) from decimal_2 order by t
PREHOOK: type: QUERY
PREHOOK: Input: default@decimal_2
#### A masked pattern was here ####
POSTHOOK: query: select cast(t as float) from decimal_2 order by t
POSTHOOK: type: QUERY
POSTHOOK: Input: default@decimal_2
#### A masked pattern was here ####
3404045.5
PREHOOK: query: explain
select cast(t as double) from decimal_2 order by t
PREHOOK: type: QUERY
POSTHOOK: query: explain
select cast(t as double) from decimal_2 order by t
POSTHOOK: type: QUERY
STAGE DEPENDENCIES:
  Stage-1 is a root stage
  Stage-0 depends on stages: Stage-1

STAGE PLANS:
  Stage: Stage-1
    Tez
#### A masked pattern was here ####
      Edges:
        Reducer 2 <- Map 1 (SIMPLE_EDGE)
#### A masked pattern was here ####
      Vertices:
        Map 1 
            Map Operator Tree:
                TableScan
                  alias: decimal_2
                  Statistics: Num rows: 1 Data size: 112 Basic stats: COMPLETE Column stats: NONE
                  Select Operator
                    expressions: UDFToDouble(t) (type: double)
                    outputColumnNames: _col0
                    Statistics: Num rows: 1 Data size: 112 Basic stats: COMPLETE Column stats: NONE
                    Reduce Output Operator
                      key expressions: _col0 (type: double)
                      sort order: +
                      Statistics: Num rows: 1 Data size: 112 Basic stats: COMPLETE Column stats: NONE
            Execution mode: vectorized, llap
            LLAP IO: all inputs
        Reducer 2 
            Execution mode: vectorized, llap
            Reduce Operator Tree:
              Select Operator
                expressions: KEY.reducesinkkey0 (type: double)
                outputColumnNames: _col0
                Statistics: Num rows: 1 Data size: 112 Basic stats: COMPLETE Column stats: NONE
                File Output Operator
                  compressed: false
                  Statistics: Num rows: 1 Data size: 112 Basic stats: COMPLETE Column stats: NONE
                  table:
                      input format: org.apache.hadoop.mapred.SequenceFileInputFormat
                      output format: org.apache.hadoop.hive.ql.io.HiveSequenceFileOutputFormat
                      serde: org.apache.hadoop.hive.serde2.lazy.LazySimpleSerDe

  Stage: Stage-0
    Fetch Operator
      limit: -1
      Processor Tree:
        ListSink

PREHOOK: query: select cast(t as double) from decimal_2 order by t
PREHOOK: type: QUERY
PREHOOK: Input: default@decimal_2
#### A masked pattern was here ####
POSTHOOK: query: select cast(t as double) from decimal_2 order by t
POSTHOOK: type: QUERY
POSTHOOK: Input: default@decimal_2
#### A masked pattern was here ####
3404045.5044003
PREHOOK: query: explain
select cast(t as string) from decimal_2 order by t
PREHOOK: type: QUERY
POSTHOOK: query: explain
select cast(t as string) from decimal_2 order by t
POSTHOOK: type: QUERY
STAGE DEPENDENCIES:
  Stage-1 is a root stage
  Stage-0 depends on stages: Stage-1

STAGE PLANS:
  Stage: Stage-1
    Tez
#### A masked pattern was here ####
      Edges:
        Reducer 2 <- Map 1 (SIMPLE_EDGE)
#### A masked pattern was here ####
      Vertices:
        Map 1 
            Map Operator Tree:
                TableScan
                  alias: decimal_2
                  Statistics: Num rows: 1 Data size: 112 Basic stats: COMPLETE Column stats: NONE
                  Select Operator
                    expressions: UDFToString(t) (type: string)
                    outputColumnNames: _col0
                    Statistics: Num rows: 1 Data size: 112 Basic stats: COMPLETE Column stats: NONE
                    Reduce Output Operator
                      key expressions: _col0 (type: string)
                      sort order: +
                      Statistics: Num rows: 1 Data size: 112 Basic stats: COMPLETE Column stats: NONE
            Execution mode: vectorized, llap
            LLAP IO: all inputs
        Reducer 2 
            Execution mode: vectorized, llap
            Reduce Operator Tree:
              Select Operator
                expressions: KEY.reducesinkkey0 (type: string)
                outputColumnNames: _col0
                Statistics: Num rows: 1 Data size: 112 Basic stats: COMPLETE Column stats: NONE
                File Output Operator
                  compressed: false
                  Statistics: Num rows: 1 Data size: 112 Basic stats: COMPLETE Column stats: NONE
                  table:
                      input format: org.apache.hadoop.mapred.SequenceFileInputFormat
                      output format: org.apache.hadoop.hive.ql.io.HiveSequenceFileOutputFormat
                      serde: org.apache.hadoop.hive.serde2.lazy.LazySimpleSerDe

  Stage: Stage-0
    Fetch Operator
      limit: -1
      Processor Tree:
        ListSink

PREHOOK: query: select cast(t as string) from decimal_2 order by t
PREHOOK: type: QUERY
PREHOOK: Input: default@decimal_2
#### A masked pattern was here ####
POSTHOOK: query: select cast(t as string) from decimal_2 order by t
POSTHOOK: type: QUERY
POSTHOOK: Input: default@decimal_2
#### A masked pattern was here ####
3404045.5044003
PREHOOK: query: explain
select cast(3.14 as decimal(4,2)) as c from decimal_2 order by c
PREHOOK: type: QUERY
POSTHOOK: query: explain
select cast(3.14 as decimal(4,2)) as c from decimal_2 order by c
POSTHOOK: type: QUERY
STAGE DEPENDENCIES:
  Stage-1 is a root stage
  Stage-0 depends on stages: Stage-1

STAGE PLANS:
  Stage: Stage-1
    Tez
#### A masked pattern was here ####
      Vertices:
        Map 1 
            Map Operator Tree:
                TableScan
                  alias: decimal_2
                  Statistics: Num rows: 1 Data size: 112 Basic stats: COMPLETE Column stats: COMPLETE
                  Select Operator
                    expressions: 3.14 (type: decimal(4,2))
                    outputColumnNames: _col0
                    Statistics: Num rows: 1 Data size: 112 Basic stats: COMPLETE Column stats: COMPLETE
                    File Output Operator
                      compressed: false
                      Statistics: Num rows: 1 Data size: 112 Basic stats: COMPLETE Column stats: COMPLETE
                      table:
                          input format: org.apache.hadoop.mapred.SequenceFileInputFormat
                          output format: org.apache.hadoop.hive.ql.io.HiveSequenceFileOutputFormat
                          serde: org.apache.hadoop.hive.serde2.lazy.LazySimpleSerDe
            Execution mode: vectorized, llap
            LLAP IO: all inputs

  Stage: Stage-0
    Fetch Operator
      limit: -1
      Processor Tree:
        ListSink

PREHOOK: query: select cast(3.14 as decimal(4,2)) as c from decimal_2 order by c
PREHOOK: type: QUERY
PREHOOK: Input: default@decimal_2
#### A masked pattern was here ####
POSTHOOK: query: select cast(3.14 as decimal(4,2)) as c from decimal_2 order by c
POSTHOOK: type: QUERY
POSTHOOK: Input: default@decimal_2
#### A masked pattern was here ####
3.14
PREHOOK: query: explain
select cast(cast(3.14 as float) as decimal(4,2)) as c from decimal_2 order by c
PREHOOK: type: QUERY
POSTHOOK: query: explain
select cast(cast(3.14 as float) as decimal(4,2)) as c from decimal_2 order by c
POSTHOOK: type: QUERY
STAGE DEPENDENCIES:
  Stage-1 is a root stage
  Stage-0 depends on stages: Stage-1

STAGE PLANS:
  Stage: Stage-1
    Tez
#### A masked pattern was here ####
      Vertices:
        Map 1 
            Map Operator Tree:
                TableScan
                  alias: decimal_2
                  Statistics: Num rows: 1 Data size: 112 Basic stats: COMPLETE Column stats: COMPLETE
                  Select Operator
                    expressions: 3.14 (type: decimal(4,2))
                    outputColumnNames: _col0
                    Statistics: Num rows: 1 Data size: 112 Basic stats: COMPLETE Column stats: COMPLETE
                    File Output Operator
                      compressed: false
                      Statistics: Num rows: 1 Data size: 112 Basic stats: COMPLETE Column stats: COMPLETE
                      table:
                          input format: org.apache.hadoop.mapred.SequenceFileInputFormat
                          output format: org.apache.hadoop.hive.ql.io.HiveSequenceFileOutputFormat
                          serde: org.apache.hadoop.hive.serde2.lazy.LazySimpleSerDe
            Execution mode: vectorized, llap
            LLAP IO: all inputs

  Stage: Stage-0
    Fetch Operator
      limit: -1
      Processor Tree:
        ListSink

PREHOOK: query: select cast(cast(3.14 as float) as decimal(4,2)) as c from decimal_2 order by c
PREHOOK: type: QUERY
PREHOOK: Input: default@decimal_2
#### A masked pattern was here ####
POSTHOOK: query: select cast(cast(3.14 as float) as decimal(4,2)) as c from decimal_2 order by c
POSTHOOK: type: QUERY
POSTHOOK: Input: default@decimal_2
#### A masked pattern was here ####
3.14
PREHOOK: query: explain
select cast(cast('2012-12-19 11:12:19.1234567' as timestamp) as decimal(30,8)) as c from decimal_2 order by c
PREHOOK: type: QUERY
POSTHOOK: query: explain
select cast(cast('2012-12-19 11:12:19.1234567' as timestamp) as decimal(30,8)) as c from decimal_2 order by c
POSTHOOK: type: QUERY
STAGE DEPENDENCIES:
  Stage-1 is a root stage
  Stage-0 depends on stages: Stage-1

STAGE PLANS:
  Stage: Stage-1
    Tez
#### A masked pattern was here ####
      Vertices:
        Map 1 
            Map Operator Tree:
                TableScan
                  alias: decimal_2
                  Statistics: Num rows: 1 Data size: 112 Basic stats: COMPLETE Column stats: COMPLETE
                  Select Operator
                    expressions: 1355944339.1234567 (type: decimal(30,8))
                    outputColumnNames: _col0
                    Statistics: Num rows: 1 Data size: 112 Basic stats: COMPLETE Column stats: COMPLETE
                    File Output Operator
                      compressed: false
                      Statistics: Num rows: 1 Data size: 112 Basic stats: COMPLETE Column stats: COMPLETE
                      table:
                          input format: org.apache.hadoop.mapred.SequenceFileInputFormat
                          output format: org.apache.hadoop.hive.ql.io.HiveSequenceFileOutputFormat
                          serde: org.apache.hadoop.hive.serde2.lazy.LazySimpleSerDe
            Execution mode: vectorized, llap
            LLAP IO: all inputs

  Stage: Stage-0
    Fetch Operator
      limit: -1
      Processor Tree:
        ListSink

PREHOOK: query: select cast(cast('2012-12-19 11:12:19.1234567' as timestamp) as decimal(30,8)) as c from decimal_2 order by c
PREHOOK: type: QUERY
PREHOOK: Input: default@decimal_2
#### A masked pattern was here ####
POSTHOOK: query: select cast(cast('2012-12-19 11:12:19.1234567' as timestamp) as decimal(30,8)) as c from decimal_2 order by c
POSTHOOK: type: QUERY
POSTHOOK: Input: default@decimal_2
#### A masked pattern was here ####
1355944339.12345670
PREHOOK: query: explain
select cast(true as decimal) as c from decimal_2 order by c
PREHOOK: type: QUERY
POSTHOOK: query: explain
select cast(true as decimal) as c from decimal_2 order by c
POSTHOOK: type: QUERY
STAGE DEPENDENCIES:
  Stage-1 is a root stage
  Stage-0 depends on stages: Stage-1

STAGE PLANS:
  Stage: Stage-1
    Tez
#### A masked pattern was here ####
      Vertices:
        Map 1 
            Map Operator Tree:
                TableScan
                  alias: decimal_2
                  Statistics: Num rows: 1 Data size: 112 Basic stats: COMPLETE Column stats: COMPLETE
                  Select Operator
                    expressions: 1 (type: decimal(10,0))
                    outputColumnNames: _col0
                    Statistics: Num rows: 1 Data size: 112 Basic stats: COMPLETE Column stats: COMPLETE
                    File Output Operator
                      compressed: false
                      Statistics: Num rows: 1 Data size: 112 Basic stats: COMPLETE Column stats: COMPLETE
                      table:
                          input format: org.apache.hadoop.mapred.SequenceFileInputFormat
                          output format: org.apache.hadoop.hive.ql.io.HiveSequenceFileOutputFormat
                          serde: org.apache.hadoop.hive.serde2.lazy.LazySimpleSerDe
            Execution mode: vectorized, llap
            LLAP IO: all inputs

  Stage: Stage-0
    Fetch Operator
      limit: -1
      Processor Tree:
        ListSink

PREHOOK: query: explain
select cast(true as decimal) as c from decimal_2 order by c
PREHOOK: type: QUERY
POSTHOOK: query: explain
select cast(true as decimal) as c from decimal_2 order by c
POSTHOOK: type: QUERY
STAGE DEPENDENCIES:
  Stage-1 is a root stage
  Stage-0 depends on stages: Stage-1

STAGE PLANS:
  Stage: Stage-1
    Tez
#### A masked pattern was here ####
      Vertices:
        Map 1 
            Map Operator Tree:
                TableScan
                  alias: decimal_2
                  Statistics: Num rows: 1 Data size: 112 Basic stats: COMPLETE Column stats: COMPLETE
                  Select Operator
                    expressions: 1 (type: decimal(10,0))
                    outputColumnNames: _col0
                    Statistics: Num rows: 1 Data size: 112 Basic stats: COMPLETE Column stats: COMPLETE
                    File Output Operator
                      compressed: false
                      Statistics: Num rows: 1 Data size: 112 Basic stats: COMPLETE Column stats: COMPLETE
                      table:
                          input format: org.apache.hadoop.mapred.SequenceFileInputFormat
                          output format: org.apache.hadoop.hive.ql.io.HiveSequenceFileOutputFormat
                          serde: org.apache.hadoop.hive.serde2.lazy.LazySimpleSerDe
            Execution mode: vectorized, llap
            LLAP IO: all inputs

  Stage: Stage-0
    Fetch Operator
      limit: -1
      Processor Tree:
        ListSink

PREHOOK: query: select cast(true as decimal) as c from decimal_2 order by c
PREHOOK: type: QUERY
PREHOOK: Input: default@decimal_2
#### A masked pattern was here ####
POSTHOOK: query: select cast(true as decimal) as c from decimal_2 order by c
POSTHOOK: type: QUERY
POSTHOOK: Input: default@decimal_2
#### A masked pattern was here ####
1
PREHOOK: query: explain
select cast(3Y as decimal) as c from decimal_2 order by c
PREHOOK: type: QUERY
POSTHOOK: query: explain
select cast(3Y as decimal) as c from decimal_2 order by c
POSTHOOK: type: QUERY
STAGE DEPENDENCIES:
  Stage-1 is a root stage
  Stage-0 depends on stages: Stage-1

STAGE PLANS:
  Stage: Stage-1
    Tez
#### A masked pattern was here ####
      Vertices:
        Map 1 
            Map Operator Tree:
                TableScan
                  alias: decimal_2
                  Statistics: Num rows: 1 Data size: 112 Basic stats: COMPLETE Column stats: COMPLETE
                  Select Operator
                    expressions: 3 (type: decimal(10,0))
                    outputColumnNames: _col0
                    Statistics: Num rows: 1 Data size: 112 Basic stats: COMPLETE Column stats: COMPLETE
                    File Output Operator
                      compressed: false
                      Statistics: Num rows: 1 Data size: 112 Basic stats: COMPLETE Column stats: COMPLETE
                      table:
                          input format: org.apache.hadoop.mapred.SequenceFileInputFormat
                          output format: org.apache.hadoop.hive.ql.io.HiveSequenceFileOutputFormat
                          serde: org.apache.hadoop.hive.serde2.lazy.LazySimpleSerDe
            Execution mode: vectorized, llap
            LLAP IO: all inputs

  Stage: Stage-0
    Fetch Operator
      limit: -1
      Processor Tree:
        ListSink

PREHOOK: query: select cast(3Y as decimal) as c from decimal_2 order by c
PREHOOK: type: QUERY
PREHOOK: Input: default@decimal_2
#### A masked pattern was here ####
POSTHOOK: query: select cast(3Y as decimal) as c from decimal_2 order by c
POSTHOOK: type: QUERY
POSTHOOK: Input: default@decimal_2
#### A masked pattern was here ####
3
PREHOOK: query: explain
select cast(3S as decimal) as c from decimal_2 order by c
PREHOOK: type: QUERY
POSTHOOK: query: explain
select cast(3S as decimal) as c from decimal_2 order by c
POSTHOOK: type: QUERY
STAGE DEPENDENCIES:
  Stage-1 is a root stage
  Stage-0 depends on stages: Stage-1

STAGE PLANS:
  Stage: Stage-1
    Tez
#### A masked pattern was here ####
      Vertices:
        Map 1 
            Map Operator Tree:
                TableScan
                  alias: decimal_2
                  Statistics: Num rows: 1 Data size: 112 Basic stats: COMPLETE Column stats: COMPLETE
                  Select Operator
                    expressions: 3 (type: decimal(10,0))
                    outputColumnNames: _col0
                    Statistics: Num rows: 1 Data size: 112 Basic stats: COMPLETE Column stats: COMPLETE
                    File Output Operator
                      compressed: false
                      Statistics: Num rows: 1 Data size: 112 Basic stats: COMPLETE Column stats: COMPLETE
                      table:
                          input format: org.apache.hadoop.mapred.SequenceFileInputFormat
                          output format: org.apache.hadoop.hive.ql.io.HiveSequenceFileOutputFormat
                          serde: org.apache.hadoop.hive.serde2.lazy.LazySimpleSerDe
            Execution mode: vectorized, llap
            LLAP IO: all inputs

  Stage: Stage-0
    Fetch Operator
      limit: -1
      Processor Tree:
        ListSink

PREHOOK: query: select cast(3S as decimal) as c from decimal_2 order by c
PREHOOK: type: QUERY
PREHOOK: Input: default@decimal_2
#### A masked pattern was here ####
POSTHOOK: query: select cast(3S as decimal) as c from decimal_2 order by c
POSTHOOK: type: QUERY
POSTHOOK: Input: default@decimal_2
#### A masked pattern was here ####
3
PREHOOK: query: explain
select cast(cast(3 as int) as decimal) as c from decimal_2 order by c
PREHOOK: type: QUERY
POSTHOOK: query: explain
select cast(cast(3 as int) as decimal) as c from decimal_2 order by c
POSTHOOK: type: QUERY
STAGE DEPENDENCIES:
  Stage-1 is a root stage
  Stage-0 depends on stages: Stage-1

STAGE PLANS:
  Stage: Stage-1
    Tez
#### A masked pattern was here ####
      Vertices:
        Map 1 
            Map Operator Tree:
                TableScan
                  alias: decimal_2
                  Statistics: Num rows: 1 Data size: 112 Basic stats: COMPLETE Column stats: COMPLETE
                  Select Operator
                    expressions: 3 (type: decimal(10,0))
                    outputColumnNames: _col0
                    Statistics: Num rows: 1 Data size: 112 Basic stats: COMPLETE Column stats: COMPLETE
                    File Output Operator
                      compressed: false
                      Statistics: Num rows: 1 Data size: 112 Basic stats: COMPLETE Column stats: COMPLETE
                      table:
                          input format: org.apache.hadoop.mapred.SequenceFileInputFormat
                          output format: org.apache.hadoop.hive.ql.io.HiveSequenceFileOutputFormat
                          serde: org.apache.hadoop.hive.serde2.lazy.LazySimpleSerDe
            Execution mode: vectorized, llap
            LLAP IO: all inputs

  Stage: Stage-0
    Fetch Operator
      limit: -1
      Processor Tree:
        ListSink

PREHOOK: query: select cast(cast(3 as int) as decimal) as c from decimal_2 order by c
PREHOOK: type: QUERY
PREHOOK: Input: default@decimal_2
#### A masked pattern was here ####
POSTHOOK: query: select cast(cast(3 as int) as decimal) as c from decimal_2 order by c
POSTHOOK: type: QUERY
POSTHOOK: Input: default@decimal_2
#### A masked pattern was here ####
3
PREHOOK: query: explain
select cast(3L as decimal) as c from decimal_2 order by c
PREHOOK: type: QUERY
POSTHOOK: query: explain
select cast(3L as decimal) as c from decimal_2 order by c
POSTHOOK: type: QUERY
STAGE DEPENDENCIES:
  Stage-1 is a root stage
  Stage-0 depends on stages: Stage-1

STAGE PLANS:
  Stage: Stage-1
    Tez
#### A masked pattern was here ####
      Vertices:
        Map 1 
            Map Operator Tree:
                TableScan
                  alias: decimal_2
                  Statistics: Num rows: 1 Data size: 112 Basic stats: COMPLETE Column stats: COMPLETE
                  Select Operator
                    expressions: 3 (type: decimal(10,0))
                    outputColumnNames: _col0
                    Statistics: Num rows: 1 Data size: 112 Basic stats: COMPLETE Column stats: COMPLETE
                    File Output Operator
                      compressed: false
                      Statistics: Num rows: 1 Data size: 112 Basic stats: COMPLETE Column stats: COMPLETE
                      table:
                          input format: org.apache.hadoop.mapred.SequenceFileInputFormat
                          output format: org.apache.hadoop.hive.ql.io.HiveSequenceFileOutputFormat
                          serde: org.apache.hadoop.hive.serde2.lazy.LazySimpleSerDe
            Execution mode: vectorized, llap
            LLAP IO: all inputs

  Stage: Stage-0
    Fetch Operator
      limit: -1
      Processor Tree:
        ListSink

PREHOOK: query: select cast(3L as decimal) as c from decimal_2 order by c
PREHOOK: type: QUERY
PREHOOK: Input: default@decimal_2
#### A masked pattern was here ####
POSTHOOK: query: select cast(3L as decimal) as c from decimal_2 order by c
POSTHOOK: type: QUERY
POSTHOOK: Input: default@decimal_2
#### A masked pattern was here ####
3
PREHOOK: query: explain
select cast(0.99999999999999999999 as decimal(20,19)) as c from decimal_2 order by c
PREHOOK: type: QUERY
POSTHOOK: query: explain
select cast(0.99999999999999999999 as decimal(20,19)) as c from decimal_2 order by c
POSTHOOK: type: QUERY
STAGE DEPENDENCIES:
  Stage-1 is a root stage
  Stage-0 depends on stages: Stage-1

STAGE PLANS:
  Stage: Stage-1
    Tez
#### A masked pattern was here ####
      Vertices:
        Map 1 
            Map Operator Tree:
                TableScan
                  alias: decimal_2
                  Statistics: Num rows: 1 Data size: 112 Basic stats: COMPLETE Column stats: COMPLETE
                  Select Operator
                    expressions: 1 (type: decimal(20,19))
                    outputColumnNames: _col0
                    Statistics: Num rows: 1 Data size: 112 Basic stats: COMPLETE Column stats: COMPLETE
                    File Output Operator
                      compressed: false
                      Statistics: Num rows: 1 Data size: 112 Basic stats: COMPLETE Column stats: COMPLETE
                      table:
                          input format: org.apache.hadoop.mapred.SequenceFileInputFormat
                          output format: org.apache.hadoop.hive.ql.io.HiveSequenceFileOutputFormat
                          serde: org.apache.hadoop.hive.serde2.lazy.LazySimpleSerDe
            Execution mode: vectorized, llap
            LLAP IO: all inputs

  Stage: Stage-0
    Fetch Operator
      limit: -1
      Processor Tree:
        ListSink

PREHOOK: query: select cast(0.99999999999999999999 as decimal(20,19)) as c from decimal_2 order by c
PREHOOK: type: QUERY
PREHOOK: Input: default@decimal_2
#### A masked pattern was here ####
POSTHOOK: query: select cast(0.99999999999999999999 as decimal(20,19)) as c from decimal_2 order by c
POSTHOOK: type: QUERY
POSTHOOK: Input: default@decimal_2
#### A masked pattern was here ####
1.0000000000000000000
PREHOOK: query: explain
select cast('0.99999999999999999999' as decimal(20,20)) as c from decimal_2 order by c
PREHOOK: type: QUERY
POSTHOOK: query: explain
select cast('0.99999999999999999999' as decimal(20,20)) as c from decimal_2 order by c
POSTHOOK: type: QUERY
STAGE DEPENDENCIES:
  Stage-1 is a root stage
  Stage-0 depends on stages: Stage-1

STAGE PLANS:
  Stage: Stage-1
    Tez
#### A masked pattern was here ####
      Vertices:
        Map 1 
            Map Operator Tree:
                TableScan
                  alias: decimal_2
                  Statistics: Num rows: 1 Data size: 112 Basic stats: COMPLETE Column stats: COMPLETE
                  Select Operator
                    expressions: 0.99999999999999999999 (type: decimal(20,20))
                    outputColumnNames: _col0
                    Statistics: Num rows: 1 Data size: 112 Basic stats: COMPLETE Column stats: COMPLETE
                    File Output Operator
                      compressed: false
                      Statistics: Num rows: 1 Data size: 112 Basic stats: COMPLETE Column stats: COMPLETE
                      table:
                          input format: org.apache.hadoop.mapred.SequenceFileInputFormat
                          output format: org.apache.hadoop.hive.ql.io.HiveSequenceFileOutputFormat
                          serde: org.apache.hadoop.hive.serde2.lazy.LazySimpleSerDe
            Execution mode: vectorized, llap
            LLAP IO: all inputs

  Stage: Stage-0
    Fetch Operator
      limit: -1
      Processor Tree:
        ListSink

PREHOOK: query: select cast('0.99999999999999999999' as decimal(20,20)) as c from decimal_2 order by c
PREHOOK: type: QUERY
PREHOOK: Input: default@decimal_2
#### A masked pattern was here ####
POSTHOOK: query: select cast('0.99999999999999999999' as decimal(20,20)) as c from decimal_2 order by c
POSTHOOK: type: QUERY
POSTHOOK: Input: default@decimal_2
#### A masked pattern was here ####
0.99999999999999999999
PREHOOK: query: drop table decimal_2
PREHOOK: type: DROPTABLE
PREHOOK: Input: default@decimal_2
PREHOOK: Output: default@decimal_2
POSTHOOK: query: drop table decimal_2
POSTHOOK: type: DROPTABLE
POSTHOOK: Input: default@decimal_2
POSTHOOK: Output: default@decimal_2
