PREHOOK: query: create table orc1
  stored as orc
  tblproperties("orc.compress"="ZLIB")
  as
    select rn
    from
    (
      select * from (select cast(1 as int) as rn from src limit 1)a
      union all
      select * from (select cast(100 as int) as rn from src limit 1)b
      union all
      select * from (select cast(10000 as int) as rn from src limit 1)c
    ) t
PREHOOK: type: CREATETABLE_AS_SELECT
PREHOOK: Input: default@src
PREHOOK: Output: database:default
PREHOOK: Output: default@orc1
POSTHOOK: query: create table orc1
  stored as orc
  tblproperties("orc.compress"="ZLIB")
  as
    select rn
    from
    (
      select * from (select cast(1 as int) as rn from src limit 1)a
      union all
      select * from (select cast(100 as int) as rn from src limit 1)b
      union all
      select * from (select cast(10000 as int) as rn from src limit 1)c
    ) t
POSTHOOK: type: CREATETABLE_AS_SELECT
POSTHOOK: Input: default@src
POSTHOOK: Output: database:default
POSTHOOK: Output: default@orc1
POSTHOOK: Lineage: orc1.rn EXPRESSION []
PREHOOK: query: create table orc_rn1 (rn int)
PREHOOK: type: CREATETABLE
PREHOOK: Output: database:default
PREHOOK: Output: default@orc_rn1
POSTHOOK: query: create table orc_rn1 (rn int)
POSTHOOK: type: CREATETABLE
POSTHOOK: Output: database:default
POSTHOOK: Output: default@orc_rn1
PREHOOK: query: create table orc_rn2 (rn int)
PREHOOK: type: CREATETABLE
PREHOOK: Output: database:default
PREHOOK: Output: default@orc_rn2
POSTHOOK: query: create table orc_rn2 (rn int)
POSTHOOK: type: CREATETABLE
POSTHOOK: Output: database:default
POSTHOOK: Output: default@orc_rn2
PREHOOK: query: create table orc_rn3 (rn int)
PREHOOK: type: CREATETABLE
PREHOOK: Output: database:default
PREHOOK: Output: default@orc_rn3
POSTHOOK: query: create table orc_rn3 (rn int)
POSTHOOK: type: CREATETABLE
POSTHOOK: Output: database:default
POSTHOOK: Output: default@orc_rn3
PREHOOK: query: analyze table orc1 compute statistics
PREHOOK: type: QUERY
PREHOOK: Input: default@orc1
PREHOOK: Output: default@orc1
POSTHOOK: query: analyze table orc1 compute statistics
POSTHOOK: type: QUERY
POSTHOOK: Input: default@orc1
POSTHOOK: Output: default@orc1
PREHOOK: query: explain vectorization from orc1 a
insert overwrite table orc_rn1 select a.* where a.rn < 100
insert overwrite table orc_rn2 select a.* where a.rn >= 100 and a.rn < 1000
insert overwrite table orc_rn3 select a.* where a.rn >= 1000
PREHOOK: type: QUERY
POSTHOOK: query: explain vectorization from orc1 a
insert overwrite table orc_rn1 select a.* where a.rn < 100
insert overwrite table orc_rn2 select a.* where a.rn >= 100 and a.rn < 1000
insert overwrite table orc_rn3 select a.* where a.rn >= 1000
POSTHOOK: type: QUERY
PLAN VECTORIZATION:
  enabled: true
  enabledConditionsMet: [hive.vectorized.execution.enabled IS true]

STAGE DEPENDENCIES:
  Stage-3 is a root stage
  Stage-4 depends on stages: Stage-3
  Stage-0 depends on stages: Stage-4
  Stage-5 depends on stages: Stage-0
  Stage-1 depends on stages: Stage-4
  Stage-6 depends on stages: Stage-1
  Stage-2 depends on stages: Stage-4
  Stage-7 depends on stages: Stage-2

STAGE PLANS:
  Stage: Stage-3
    Tez
#### A masked pattern was here ####
      Vertices:
        Map 1 
            Map Operator Tree:
                TableScan
                  alias: a
                  Statistics: Num rows: 3 Data size: 12 Basic stats: COMPLETE Column stats: NONE
                  Filter Operator
                    predicate: (rn < 100) (type: boolean)
                    Statistics: Num rows: 1 Data size: 4 Basic stats: COMPLETE Column stats: NONE
                    Select Operator
                      expressions: rn (type: int)
                      outputColumnNames: _col0
                      Statistics: Num rows: 1 Data size: 4 Basic stats: COMPLETE Column stats: NONE
                      File Output Operator
                        compressed: false
                        Statistics: Num rows: 1 Data size: 4 Basic stats: COMPLETE Column stats: NONE
                        table:
                            input format: org.apache.hadoop.mapred.TextInputFormat
                            output format: org.apache.hadoop.hive.ql.io.HiveIgnoreKeyTextOutputFormat
                            serde: org.apache.hadoop.hive.serde2.lazy.LazySimpleSerDe
                            name: default.orc_rn1
                  Filter Operator
                    predicate: ((rn >= 100) and (rn < 1000)) (type: boolean)
                    Statistics: Num rows: 1 Data size: 4 Basic stats: COMPLETE Column stats: NONE
                    Select Operator
                      expressions: rn (type: int)
                      outputColumnNames: _col0
                      Statistics: Num rows: 1 Data size: 4 Basic stats: COMPLETE Column stats: NONE
                      File Output Operator
                        compressed: false
                        Statistics: Num rows: 1 Data size: 4 Basic stats: COMPLETE Column stats: NONE
                        table:
                            input format: org.apache.hadoop.mapred.TextInputFormat
                            output format: org.apache.hadoop.hive.ql.io.HiveIgnoreKeyTextOutputFormat
                            serde: org.apache.hadoop.hive.serde2.lazy.LazySimpleSerDe
                            name: default.orc_rn2
                  Filter Operator
                    predicate: (rn >= 1000) (type: boolean)
                    Statistics: Num rows: 1 Data size: 4 Basic stats: COMPLETE Column stats: NONE
                    Select Operator
                      expressions: rn (type: int)
                      outputColumnNames: _col0
                      Statistics: Num rows: 1 Data size: 4 Basic stats: COMPLETE Column stats: NONE
                      File Output Operator
                        compressed: false
                        Statistics: Num rows: 1 Data size: 4 Basic stats: COMPLETE Column stats: NONE
                        table:
                            input format: org.apache.hadoop.mapred.TextInputFormat
                            output format: org.apache.hadoop.hive.ql.io.HiveIgnoreKeyTextOutputFormat
                            serde: org.apache.hadoop.hive.serde2.lazy.LazySimpleSerDe
                            name: default.orc_rn3
            Execution mode: vectorized, llap
            LLAP IO: all inputs
            Map Vectorization:
                enabled: true
                enabledConditionsMet: hive.vectorized.use.vectorized.input.format IS true
                groupByVectorOutput: true
                inputFileFormats: org.apache.hadoop.hive.ql.io.orc.OrcInputFormat
                allNative: false
                usesVectorUDFAdaptor: false
                vectorized: true

  Stage: Stage-4
    Dependency Collection

  Stage: Stage-0
    Move Operator
      tables:
          replace: true
          table:
              input format: org.apache.hadoop.mapred.TextInputFormat
              output format: org.apache.hadoop.hive.ql.io.HiveIgnoreKeyTextOutputFormat
              serde: org.apache.hadoop.hive.serde2.lazy.LazySimpleSerDe
              name: default.orc_rn1

  Stage: Stage-5
    Stats-Aggr Operator

  Stage: Stage-1
    Move Operator
      tables:
          replace: true
          table:
              input format: org.apache.hadoop.mapred.TextInputFormat
              output format: org.apache.hadoop.hive.ql.io.HiveIgnoreKeyTextOutputFormat
              serde: org.apache.hadoop.hive.serde2.lazy.LazySimpleSerDe
              name: default.orc_rn2

  Stage: Stage-6
    Stats-Aggr Operator

  Stage: Stage-2
    Move Operator
      tables:
          replace: true
          table:
              input format: org.apache.hadoop.mapred.TextInputFormat
              output format: org.apache.hadoop.hive.ql.io.HiveIgnoreKeyTextOutputFormat
              serde: org.apache.hadoop.hive.serde2.lazy.LazySimpleSerDe
              name: default.orc_rn3

  Stage: Stage-7
    Stats-Aggr Operator

PREHOOK: query: from orc1 a
insert overwrite table orc_rn1 select a.* where a.rn < 100
insert overwrite table orc_rn2 select a.* where a.rn >= 100 and a.rn < 1000
insert overwrite table orc_rn3 select a.* where a.rn >= 1000
PREHOOK: type: QUERY
PREHOOK: Input: default@orc1
PREHOOK: Output: default@orc_rn1
PREHOOK: Output: default@orc_rn2
PREHOOK: Output: default@orc_rn3
POSTHOOK: query: from orc1 a
insert overwrite table orc_rn1 select a.* where a.rn < 100
insert overwrite table orc_rn2 select a.* where a.rn >= 100 and a.rn < 1000
insert overwrite table orc_rn3 select a.* where a.rn >= 1000
POSTHOOK: type: QUERY
POSTHOOK: Input: default@orc1
POSTHOOK: Output: default@orc_rn1
POSTHOOK: Output: default@orc_rn2
POSTHOOK: Output: default@orc_rn3
POSTHOOK: Lineage: orc_rn1.rn SIMPLE [(orc1)a.FieldSchema(name:rn, type:int, comment:null), ]
POSTHOOK: Lineage: orc_rn2.rn SIMPLE [(orc1)a.FieldSchema(name:rn, type:int, comment:null), ]
POSTHOOK: Lineage: orc_rn3.rn SIMPLE [(orc1)a.FieldSchema(name:rn, type:int, comment:null), ]
PREHOOK: query: select * from orc_rn1
PREHOOK: type: QUERY
PREHOOK: Input: default@orc_rn1
#### A masked pattern was here ####
POSTHOOK: query: select * from orc_rn1
POSTHOOK: type: QUERY
POSTHOOK: Input: default@orc_rn1
#### A masked pattern was here ####
1
PREHOOK: query: select * from orc_rn2
PREHOOK: type: QUERY
PREHOOK: Input: default@orc_rn2
#### A masked pattern was here ####
POSTHOOK: query: select * from orc_rn2
POSTHOOK: type: QUERY
POSTHOOK: Input: default@orc_rn2
#### A masked pattern was here ####
100
PREHOOK: query: select * from orc_rn3
PREHOOK: type: QUERY
PREHOOK: Input: default@orc_rn3
#### A masked pattern was here ####
POSTHOOK: query: select * from orc_rn3
POSTHOOK: type: QUERY
POSTHOOK: Input: default@orc_rn3
#### A masked pattern was here ####
10000
