PREHOOK: query: create table dtest(a int, b int) clustered by (a) sorted by (a) into 1 buckets stored as orc
PREHOOK: type: CREATETABLE
PREHOOK: Output: database:default
PREHOOK: Output: default@dtest
POSTHOOK: query: create table dtest(a int, b int) clustered by (a) sorted by (a) into 1 buckets stored as orc
POSTHOOK: type: CREATETABLE
POSTHOOK: Output: database:default
POSTHOOK: Output: default@dtest
PREHOOK: query: insert into table dtest select c,b from (select array(300,300,300,300,300) as a, 1 as b from src order by a limit 1) y lateral view  explode(a) t1 as c
PREHOOK: type: QUERY
PREHOOK: Input: default@src
PREHOOK: Output: default@dtest
POSTHOOK: query: insert into table dtest select c,b from (select array(300,300,300,300,300) as a, 1 as b from src order by a limit 1) y lateral view  explode(a) t1 as c
POSTHOOK: type: QUERY
POSTHOOK: Input: default@src
POSTHOOK: Output: default@dtest
POSTHOOK: Lineage: dtest.a SIMPLE []
POSTHOOK: Lineage: dtest.b EXPRESSION []
PREHOOK: query: explain select sum(distinct a), count(distinct a) from dtest
PREHOOK: type: QUERY
POSTHOOK: query: explain select sum(distinct a), count(distinct a) from dtest
POSTHOOK: type: QUERY
STAGE DEPENDENCIES:
  Stage-1 is a root stage
  Stage-0 depends on stages: Stage-1

STAGE PLANS:
  Stage: Stage-1
    Tez
      Edges:
        Reducer 2 <- Map 1 (SIMPLE_EDGE)
#### A masked pattern was here ####
      Vertices:
        Map 1 
            Map Operator Tree:
                TableScan
                  alias: dtest
                  Statistics: Num rows: 5 Data size: 40 Basic stats: COMPLETE Column stats: NONE
                  Select Operator
                    expressions: a (type: int)
                    outputColumnNames: a
                    Statistics: Num rows: 5 Data size: 40 Basic stats: COMPLETE Column stats: NONE
                    Group By Operator
                      keys: a (type: int)
                      mode: final
                      outputColumnNames: _col0
                      Statistics: Num rows: 2 Data size: 16 Basic stats: COMPLETE Column stats: NONE
                      Group By Operator
                        aggregations: sum(_col0), count(_col0)
                        mode: hash
                        outputColumnNames: _col0, _col1
                        Statistics: Num rows: 1 Data size: 16 Basic stats: COMPLETE Column stats: NONE
                        Reduce Output Operator
                          sort order: 
                          Statistics: Num rows: 1 Data size: 16 Basic stats: COMPLETE Column stats: NONE
                          value expressions: _col0 (type: bigint), _col1 (type: bigint)
            Execution mode: vectorized, llap
        Reducer 2 
            Execution mode: vectorized, uber
            Reduce Operator Tree:
              Group By Operator
                aggregations: sum(VALUE._col0), count(VALUE._col1)
                mode: mergepartial
                outputColumnNames: _col0, _col1
                Statistics: Num rows: 1 Data size: 16 Basic stats: COMPLETE Column stats: NONE
                File Output Operator
                  compressed: false
                  Statistics: Num rows: 1 Data size: 16 Basic stats: COMPLETE Column stats: NONE
                  table:
                      input format: org.apache.hadoop.mapred.TextInputFormat
                      output format: org.apache.hadoop.hive.ql.io.HiveIgnoreKeyTextOutputFormat
                      serde: org.apache.hadoop.hive.serde2.lazy.LazySimpleSerDe

  Stage: Stage-0
    Fetch Operator
      limit: -1
      Processor Tree:
        ListSink

PREHOOK: query: select sum(distinct a), count(distinct a) from dtest
PREHOOK: type: QUERY
PREHOOK: Input: default@dtest
#### A masked pattern was here ####
POSTHOOK: query: select sum(distinct a), count(distinct a) from dtest
POSTHOOK: type: QUERY
POSTHOOK: Input: default@dtest
#### A masked pattern was here ####
300	1
PREHOOK: query: explain select sum(distinct cint), count(distinct cint), avg(distinct cint), std(distinct cint) from alltypesorc
PREHOOK: type: QUERY
POSTHOOK: query: explain select sum(distinct cint), count(distinct cint), avg(distinct cint), std(distinct cint) from alltypesorc
POSTHOOK: type: QUERY
STAGE DEPENDENCIES:
  Stage-1 is a root stage
  Stage-0 depends on stages: Stage-1

STAGE PLANS:
  Stage: Stage-1
    Tez
      Edges:
        Reducer 2 <- Map 1 (SIMPLE_EDGE)
        Reducer 3 <- Reducer 2 (SIMPLE_EDGE)
#### A masked pattern was here ####
      Vertices:
        Map 1 
            Map Operator Tree:
                TableScan
                  alias: alltypesorc
                  Statistics: Num rows: 12288 Data size: 2641964 Basic stats: COMPLETE Column stats: NONE
                  Select Operator
                    expressions: cint (type: int)
                    outputColumnNames: cint
                    Statistics: Num rows: 12288 Data size: 2641964 Basic stats: COMPLETE Column stats: NONE
                    Group By Operator
                      keys: cint (type: int)
                      mode: hash
                      outputColumnNames: _col0
                      Statistics: Num rows: 12288 Data size: 2641964 Basic stats: COMPLETE Column stats: NONE
                      Reduce Output Operator
                        key expressions: _col0 (type: int)
                        sort order: +
                        Map-reduce partition columns: _col0 (type: int)
                        Statistics: Num rows: 12288 Data size: 2641964 Basic stats: COMPLETE Column stats: NONE
            Execution mode: vectorized, llap
        Reducer 2 
            Execution mode: vectorized, llap
            Reduce Operator Tree:
              Group By Operator
                keys: KEY._col0 (type: int)
                mode: mergepartial
                outputColumnNames: _col0
                Statistics: Num rows: 6144 Data size: 1320982 Basic stats: COMPLETE Column stats: NONE
                Group By Operator
                  aggregations: sum(_col0), count(_col0), avg(_col0), std(_col0)
                  mode: hash
                  outputColumnNames: _col0, _col1, _col2, _col3
                  Statistics: Num rows: 1 Data size: 16 Basic stats: COMPLETE Column stats: NONE
                  Reduce Output Operator
                    sort order: 
                    Statistics: Num rows: 1 Data size: 16 Basic stats: COMPLETE Column stats: NONE
                    value expressions: _col0 (type: bigint), _col1 (type: bigint), _col2 (type: struct<count:bigint,sum:double,input:int>), _col3 (type: struct<count:bigint,sum:double,variance:double>)
        Reducer 3 
            Execution mode: uber
            Reduce Operator Tree:
              Group By Operator
                aggregations: sum(VALUE._col0), count(VALUE._col1), avg(VALUE._col2), std(VALUE._col3)
                mode: mergepartial
                outputColumnNames: _col0, _col1, _col2, _col3
                Statistics: Num rows: 1 Data size: 32 Basic stats: COMPLETE Column stats: NONE
                File Output Operator
                  compressed: false
                  Statistics: Num rows: 1 Data size: 32 Basic stats: COMPLETE Column stats: NONE
                  table:
                      input format: org.apache.hadoop.mapred.TextInputFormat
                      output format: org.apache.hadoop.hive.ql.io.HiveIgnoreKeyTextOutputFormat
                      serde: org.apache.hadoop.hive.serde2.lazy.LazySimpleSerDe

  Stage: Stage-0
    Fetch Operator
      limit: -1
      Processor Tree:
        ListSink

PREHOOK: query: select sum(distinct cint), count(distinct cint), avg(distinct cint), std(distinct cint) from alltypesorc
PREHOOK: type: QUERY
PREHOOK: Input: default@alltypesorc
#### A masked pattern was here ####
POSTHOOK: query: select sum(distinct cint), count(distinct cint), avg(distinct cint), std(distinct cint) from alltypesorc
POSTHOOK: type: QUERY
POSTHOOK: Input: default@alltypesorc
#### A masked pattern was here ####
-3482841611	6082	-572647.4204209142	6.153814687328991E8
