PREHOOK: query: CREATE TABLE myinput1_txt_n1(key int, value int)
PREHOOK: type: CREATETABLE
PREHOOK: Output: database:default
PREHOOK: Output: default@myinput1_txt_n1
POSTHOOK: query: CREATE TABLE myinput1_txt_n1(key int, value int)
POSTHOOK: type: CREATETABLE
POSTHOOK: Output: database:default
POSTHOOK: Output: default@myinput1_txt_n1
PREHOOK: query: LOAD DATA LOCAL INPATH '../../data/files/in1.txt' INTO TABLE myinput1_txt_n1
PREHOOK: type: LOAD
#### A masked pattern was here ####
PREHOOK: Output: default@myinput1_txt_n1
POSTHOOK: query: LOAD DATA LOCAL INPATH '../../data/files/in1.txt' INTO TABLE myinput1_txt_n1
POSTHOOK: type: LOAD
#### A masked pattern was here ####
POSTHOOK: Output: default@myinput1_txt_n1
PREHOOK: query: CREATE TABLE myinput1_n4 STORED AS ORC AS SELECT * FROM myinput1_txt_n1
PREHOOK: type: CREATETABLE_AS_SELECT
PREHOOK: Input: default@myinput1_txt_n1
PREHOOK: Output: database:default
PREHOOK: Output: default@myinput1_n4
POSTHOOK: query: CREATE TABLE myinput1_n4 STORED AS ORC AS SELECT * FROM myinput1_txt_n1
POSTHOOK: type: CREATETABLE_AS_SELECT
POSTHOOK: Input: default@myinput1_txt_n1
POSTHOOK: Output: database:default
POSTHOOK: Output: default@myinput1_n4
POSTHOOK: Lineage: myinput1_n4.key SIMPLE [(myinput1_txt_n1)myinput1_txt_n1.FieldSchema(name:key, type:int, comment:null), ]
POSTHOOK: Lineage: myinput1_n4.value SIMPLE [(myinput1_txt_n1)myinput1_txt_n1.FieldSchema(name:value, type:int, comment:null), ]
Warning: Shuffle Join MERGEJOIN[14][tables = [$hdt$_0, $hdt$_1]] in Stage 'Reducer 2' is a cross product
PREHOOK: query: SELECT sum(hash(a.key,a.value,b.key,b.value)) FROM myinput1_n4 a JOIN myinput1_n4 b
PREHOOK: type: QUERY
PREHOOK: Input: default@myinput1_n4
#### A masked pattern was here ####
POSTHOOK: query: SELECT sum(hash(a.key,a.value,b.key,b.value)) FROM myinput1_n4 a JOIN myinput1_n4 b
POSTHOOK: type: QUERY
POSTHOOK: Input: default@myinput1_n4
#### A masked pattern was here ####
13630578
Warning: Map Join MAPJOIN[14][bigTable=?] in task 'Map 1' is a cross product
PREHOOK: query: SELECT sum(hash(a.key,a.value,b.key,b.value)) FROM myinput1_n4 a LEFT OUTER JOIN myinput1_n4 b
PREHOOK: type: QUERY
PREHOOK: Input: default@myinput1_n4
#### A masked pattern was here ####
POSTHOOK: query: SELECT sum(hash(a.key,a.value,b.key,b.value)) FROM myinput1_n4 a LEFT OUTER JOIN myinput1_n4 b
POSTHOOK: type: QUERY
POSTHOOK: Input: default@myinput1_n4
#### A masked pattern was here ####
13630578
Warning: Map Join MAPJOIN[14][bigTable=?] in task 'Map 2' is a cross product
PREHOOK: query: EXPLAIN VECTORIZATION OPERATOR
SELECT sum(hash(a.key,a.value,b.key,b.value)) FROM myinput1_n4 a RIGHT OUTER JOIN myinput1_n4 b
PREHOOK: type: QUERY
PREHOOK: Input: default@myinput1_n4
#### A masked pattern was here ####
POSTHOOK: query: EXPLAIN VECTORIZATION OPERATOR
SELECT sum(hash(a.key,a.value,b.key,b.value)) FROM myinput1_n4 a RIGHT OUTER JOIN myinput1_n4 b
POSTHOOK: type: QUERY
POSTHOOK: Input: default@myinput1_n4
#### A masked pattern was here ####
PLAN VECTORIZATION:
  enabled: true
  enabledConditionsMet: [hive.vectorized.execution.enabled IS true]

STAGE DEPENDENCIES:
  Stage-1 is a root stage
  Stage-0 depends on stages: Stage-1

STAGE PLANS:
  Stage: Stage-1
    Tez
#### A masked pattern was here ####
      Edges:
        Map 2 <- Map 1 (BROADCAST_EDGE)
        Reducer 3 <- Map 2 (CUSTOM_SIMPLE_EDGE)
#### A masked pattern was here ####
      Vertices:
        Map 1 
            Map Operator Tree:
                TableScan
                  alias: a
                  Statistics: Num rows: 3 Data size: 24 Basic stats: COMPLETE Column stats: COMPLETE
                  TableScan Vectorization:
                      native: true
                  Select Operator
                    expressions: key (type: int), value (type: int)
                    outputColumnNames: _col0, _col1
                    Select Vectorization:
                        className: VectorSelectOperator
                        native: true
                    Statistics: Num rows: 3 Data size: 24 Basic stats: COMPLETE Column stats: COMPLETE
                    Reduce Output Operator
                      null sort order: 
                      sort order: 
                      Reduce Sink Vectorization:
                          className: VectorReduceSinkEmptyKeyOperator
                          native: true
                          nativeConditionsMet: hive.vectorized.execution.reducesink.new.enabled IS true, hive.execution.engine tez IN [tez, spark] IS true, No PTF TopN IS true, No DISTINCT columns IS true, BinarySortableSerDe for keys IS true, LazyBinarySerDe for values IS true
                      Statistics: Num rows: 3 Data size: 24 Basic stats: COMPLETE Column stats: COMPLETE
                      value expressions: _col0 (type: int), _col1 (type: int)
            Execution mode: vectorized, llap
            LLAP IO: all inputs
            Map Vectorization:
                enabled: true
                enabledConditionsMet: hive.vectorized.use.vectorized.input.format IS true
                inputFormatFeatureSupport: [DECIMAL_64]
                featureSupportInUse: [DECIMAL_64]
                inputFileFormats: org.apache.hadoop.hive.ql.io.orc.OrcInputFormat
                allNative: true
                usesVectorUDFAdaptor: false
                vectorized: true
        Map 2 
            Map Operator Tree:
                TableScan
                  alias: b
                  Statistics: Num rows: 3 Data size: 24 Basic stats: COMPLETE Column stats: COMPLETE
                  TableScan Vectorization:
                      native: true
                  Select Operator
                    expressions: key (type: int), value (type: int)
                    outputColumnNames: _col0, _col1
                    Select Vectorization:
                        className: VectorSelectOperator
                        native: true
                    Statistics: Num rows: 3 Data size: 24 Basic stats: COMPLETE Column stats: COMPLETE
                    Map Join Operator
                      condition map:
                           Right Outer Join 0 to 1
                      filter predicates:
                        0 
                        1 {true}
                      keys:
                        0 
                        1 
                      Map Join Vectorization:
                          className: VectorMapJoinOuterFilteredOperator
                          native: false
                          nativeConditionsMet: hive.mapjoin.optimized.hashtable IS true, hive.vectorized.execution.mapjoin.native.enabled IS true, hive.execution.engine tez IN [tez, spark] IS true, One MapJoin Condition IS true, No nullsafe IS true, Small table vectorizes IS true, Optimized Table and Supports Key Types IS true
                          nativeConditionsNotMet: Outer Join has keys IS false
                      outputColumnNames: _col0, _col1, _col2, _col3
                      input vertices:
                        0 Map 1
                      Statistics: Num rows: 9 Data size: 144 Basic stats: COMPLETE Column stats: COMPLETE
                      Select Operator
                        expressions: hash(_col0,_col1,_col2,_col3) (type: int)
                        outputColumnNames: _col0
                        Select Vectorization:
                            className: VectorSelectOperator
                            native: true
                            selectExpressions: VectorUDFAdaptor(hash(_col0,_col1,_col2,_col3)) -> 4:int
                        Statistics: Num rows: 9 Data size: 144 Basic stats: COMPLETE Column stats: COMPLETE
                        Group By Operator
                          aggregations: sum(_col0)
                          Group By Vectorization:
                              className: VectorGroupByOperator
                              groupByMode: HASH
                              native: false
                              vectorProcessingMode: HASH
                          minReductionHashAggr: 0.8888889
                          mode: hash
                          outputColumnNames: _col0
                          Statistics: Num rows: 1 Data size: 8 Basic stats: COMPLETE Column stats: COMPLETE
                          Reduce Output Operator
                            null sort order: 
                            sort order: 
                            Reduce Sink Vectorization:
                                className: VectorReduceSinkEmptyKeyOperator
                                native: true
                                nativeConditionsMet: hive.vectorized.execution.reducesink.new.enabled IS true, hive.execution.engine tez IN [tez, spark] IS true, No PTF TopN IS true, No DISTINCT columns IS true, BinarySortableSerDe for keys IS true, LazyBinarySerDe for values IS true
                            Statistics: Num rows: 1 Data size: 8 Basic stats: COMPLETE Column stats: COMPLETE
                            value expressions: _col0 (type: bigint)
            Execution mode: vectorized, llap
            LLAP IO: all inputs
            Map Vectorization:
                enabled: true
                enabledConditionsMet: hive.vectorized.use.vectorized.input.format IS true
                inputFormatFeatureSupport: [DECIMAL_64]
                featureSupportInUse: [DECIMAL_64]
                inputFileFormats: org.apache.hadoop.hive.ql.io.orc.OrcInputFormat
                allNative: false
                usesVectorUDFAdaptor: true
                vectorized: true
        Reducer 3 
            Execution mode: vectorized, llap
            Reduce Vectorization:
                enabled: true
                enableConditionsMet: hive.vectorized.execution.reduce.enabled IS true, hive.execution.engine tez IN [tez, spark] IS true
                allNative: false
                usesVectorUDFAdaptor: false
                vectorized: true
            Reduce Operator Tree:
              Group By Operator
                aggregations: sum(VALUE._col0)
                Group By Vectorization:
                    className: VectorGroupByOperator
                    groupByMode: MERGEPARTIAL
                    native: false
                    vectorProcessingMode: GLOBAL
                mode: mergepartial
                outputColumnNames: _col0
                Statistics: Num rows: 1 Data size: 8 Basic stats: COMPLETE Column stats: COMPLETE
                File Output Operator
                  compressed: false
                  File Sink Vectorization:
                      className: VectorFileSinkOperator
                      native: false
                  Statistics: Num rows: 1 Data size: 8 Basic stats: COMPLETE Column stats: COMPLETE
                  table:
                      input format: org.apache.hadoop.mapred.SequenceFileInputFormat
                      output format: org.apache.hadoop.hive.ql.io.HiveSequenceFileOutputFormat
                      serde: org.apache.hadoop.hive.serde2.lazy.LazySimpleSerDe

  Stage: Stage-0
    Fetch Operator
      limit: -1
      Processor Tree:
        ListSink

PREHOOK: query: SELECT sum(hash(a.key,a.value,b.key,b.value)) FROM myinput1_n4 a JOIN myinput1_n4 b ON a.key = b.value
PREHOOK: type: QUERY
PREHOOK: Input: default@myinput1_n4
#### A masked pattern was here ####
POSTHOOK: query: SELECT sum(hash(a.key,a.value,b.key,b.value)) FROM myinput1_n4 a JOIN myinput1_n4 b ON a.key = b.value
POSTHOOK: type: QUERY
POSTHOOK: Input: default@myinput1_n4
#### A masked pattern was here ####
3078400
PREHOOK: query: SELECT sum(hash(a.key,a.value,b.key,b.value)) FROM myinput1_n4 a JOIN myinput1_n4 b ON a.key = b.key
PREHOOK: type: QUERY
PREHOOK: Input: default@myinput1_n4
#### A masked pattern was here ####
POSTHOOK: query: SELECT sum(hash(a.key,a.value,b.key,b.value)) FROM myinput1_n4 a JOIN myinput1_n4 b ON a.key = b.key
POSTHOOK: type: QUERY
POSTHOOK: Input: default@myinput1_n4
#### A masked pattern was here ####
4509856
PREHOOK: query: SELECT sum(hash(a.key,a.value,b.key,b.value)) FROM myinput1_n4 a JOIN myinput1_n4 b ON a.value = b.value
PREHOOK: type: QUERY
PREHOOK: Input: default@myinput1_n4
#### A masked pattern was here ####
POSTHOOK: query: SELECT sum(hash(a.key,a.value,b.key,b.value)) FROM myinput1_n4 a JOIN myinput1_n4 b ON a.value = b.value
POSTHOOK: type: QUERY
POSTHOOK: Input: default@myinput1_n4
#### A masked pattern was here ####
3112070
PREHOOK: query: SELECT sum(hash(a.key,a.value,b.key,b.value)) FROM myinput1_n4 a JOIN myinput1_n4 b ON a.value = b.value and a.key=b.key
PREHOOK: type: QUERY
PREHOOK: Input: default@myinput1_n4
#### A masked pattern was here ####
POSTHOOK: query: SELECT sum(hash(a.key,a.value,b.key,b.value)) FROM myinput1_n4 a JOIN myinput1_n4 b ON a.value = b.value and a.key=b.key
POSTHOOK: type: QUERY
POSTHOOK: Input: default@myinput1_n4
#### A masked pattern was here ####
3078400
PREHOOK: query: SELECT sum(hash(a.key,a.value,b.key,b.value)) FROM myinput1_n4 a LEFT OUTER JOIN myinput1_n4 b ON a.key = b.value
PREHOOK: type: QUERY
PREHOOK: Input: default@myinput1_n4
#### A masked pattern was here ####
POSTHOOK: query: SELECT sum(hash(a.key,a.value,b.key,b.value)) FROM myinput1_n4 a LEFT OUTER JOIN myinput1_n4 b ON a.key = b.value
POSTHOOK: type: QUERY
POSTHOOK: Input: default@myinput1_n4
#### A masked pattern was here ####
4542003
PREHOOK: query: SELECT sum(hash(a.key,a.value,b.key,b.value)) FROM myinput1_n4 a LEFT OUTER JOIN myinput1_n4 b ON a.value = b.value
PREHOOK: type: QUERY
PREHOOK: Input: default@myinput1_n4
#### A masked pattern was here ####
POSTHOOK: query: SELECT sum(hash(a.key,a.value,b.key,b.value)) FROM myinput1_n4 a LEFT OUTER JOIN myinput1_n4 b ON a.value = b.value
POSTHOOK: type: QUERY
POSTHOOK: Input: default@myinput1_n4
#### A masked pattern was here ####
4542038
PREHOOK: query: SELECT sum(hash(a.key,a.value,b.key,b.value)) FROM myinput1_n4 a LEFT OUTER JOIN myinput1_n4 b ON a.key = b.key
PREHOOK: type: QUERY
PREHOOK: Input: default@myinput1_n4
#### A masked pattern was here ####
POSTHOOK: query: SELECT sum(hash(a.key,a.value,b.key,b.value)) FROM myinput1_n4 a LEFT OUTER JOIN myinput1_n4 b ON a.key = b.key
POSTHOOK: type: QUERY
POSTHOOK: Input: default@myinput1_n4
#### A masked pattern was here ####
4543491
PREHOOK: query: SELECT sum(hash(a.key,a.value,b.key,b.value)) FROM myinput1_n4 a LEFT OUTER JOIN myinput1_n4 b ON a.key = b.key and a.value=b.value
PREHOOK: type: QUERY
PREHOOK: Input: default@myinput1_n4
#### A masked pattern was here ####
POSTHOOK: query: SELECT sum(hash(a.key,a.value,b.key,b.value)) FROM myinput1_n4 a LEFT OUTER JOIN myinput1_n4 b ON a.key = b.key and a.value=b.value
POSTHOOK: type: QUERY
POSTHOOK: Input: default@myinput1_n4
#### A masked pattern was here ####
4542003
PREHOOK: query: EXPLAIN VECTORIZATION OPERATOR
SELECT sum(hash(a.key,a.value,b.key,b.value)) FROM myinput1_n4 a RIGHT OUTER JOIN myinput1_n4 b ON a.key = b.value
PREHOOK: type: QUERY
PREHOOK: Input: default@myinput1_n4
#### A masked pattern was here ####
POSTHOOK: query: EXPLAIN VECTORIZATION OPERATOR
SELECT sum(hash(a.key,a.value,b.key,b.value)) FROM myinput1_n4 a RIGHT OUTER JOIN myinput1_n4 b ON a.key = b.value
POSTHOOK: type: QUERY
POSTHOOK: Input: default@myinput1_n4
#### A masked pattern was here ####
PLAN VECTORIZATION:
  enabled: true
  enabledConditionsMet: [hive.vectorized.execution.enabled IS true]

STAGE DEPENDENCIES:
  Stage-1 is a root stage
  Stage-0 depends on stages: Stage-1

STAGE PLANS:
  Stage: Stage-1
    Tez
#### A masked pattern was here ####
      Edges:
        Map 2 <- Map 1 (BROADCAST_EDGE)
        Reducer 3 <- Map 2 (CUSTOM_SIMPLE_EDGE)
#### A masked pattern was here ####
      Vertices:
        Map 1 
            Map Operator Tree:
                TableScan
                  alias: a
                  filterExpr: key is not null (type: boolean)
                  Statistics: Num rows: 3 Data size: 24 Basic stats: COMPLETE Column stats: COMPLETE
                  TableScan Vectorization:
                      native: true
                  Filter Operator
                    Filter Vectorization:
                        className: VectorFilterOperator
                        native: true
                    predicate: key is not null (type: boolean)
                    Statistics: Num rows: 2 Data size: 16 Basic stats: COMPLETE Column stats: COMPLETE
                    Select Operator
                      expressions: key (type: int), value (type: int)
                      outputColumnNames: _col0, _col1
                      Select Vectorization:
                          className: VectorSelectOperator
                          native: true
                      Statistics: Num rows: 2 Data size: 16 Basic stats: COMPLETE Column stats: COMPLETE
                      Reduce Output Operator
                        key expressions: _col0 (type: int)
                        null sort order: a
                        sort order: +
                        Map-reduce partition columns: _col0 (type: int)
                        Reduce Sink Vectorization:
                            className: VectorReduceSinkLongOperator
                            native: true
                            nativeConditionsMet: hive.vectorized.execution.reducesink.new.enabled IS true, hive.execution.engine tez IN [tez, spark] IS true, No PTF TopN IS true, No DISTINCT columns IS true, BinarySortableSerDe for keys IS true, LazyBinarySerDe for values IS true
                        Statistics: Num rows: 2 Data size: 16 Basic stats: COMPLETE Column stats: COMPLETE
                        value expressions: _col1 (type: int)
            Execution mode: vectorized, llap
            LLAP IO: all inputs
            Map Vectorization:
                enabled: true
                enabledConditionsMet: hive.vectorized.use.vectorized.input.format IS true
                inputFormatFeatureSupport: [DECIMAL_64]
                featureSupportInUse: [DECIMAL_64]
                inputFileFormats: org.apache.hadoop.hive.ql.io.orc.OrcInputFormat
                allNative: true
                usesVectorUDFAdaptor: false
                vectorized: true
        Map 2 
            Map Operator Tree:
                TableScan
                  alias: b
                  Statistics: Num rows: 3 Data size: 24 Basic stats: COMPLETE Column stats: COMPLETE
                  TableScan Vectorization:
                      native: true
                  Select Operator
                    expressions: key (type: int), value (type: int)
                    outputColumnNames: _col0, _col1
                    Select Vectorization:
                        className: VectorSelectOperator
                        native: true
                    Statistics: Num rows: 3 Data size: 24 Basic stats: COMPLETE Column stats: COMPLETE
                    Map Join Operator
                      condition map:
                           Right Outer Join 0 to 1
                      keys:
                        0 _col0 (type: int)
                        1 _col1 (type: int)
                      Map Join Vectorization:
                          className: VectorMapJoinOuterLongOperator
                          native: true
                          nativeConditionsMet: hive.mapjoin.optimized.hashtable IS true, hive.vectorized.execution.mapjoin.native.enabled IS true, hive.execution.engine tez IN [tez, spark] IS true, One MapJoin Condition IS true, No nullsafe IS true, Small table vectorizes IS true, Outer Join has keys IS true, Optimized Table and Supports Key Types IS true
                      outputColumnNames: _col0, _col1, _col2, _col3
                      input vertices:
                        0 Map 1
                      Statistics: Num rows: 3 Data size: 48 Basic stats: COMPLETE Column stats: COMPLETE
                      Select Operator
                        expressions: hash(_col0,_col1,_col2,_col3) (type: int)
                        outputColumnNames: _col0
                        Select Vectorization:
                            className: VectorSelectOperator
                            native: true
                            selectExpressions: VectorUDFAdaptor(hash(_col0,_col1,_col2,_col3)) -> 5:int
                        Statistics: Num rows: 3 Data size: 48 Basic stats: COMPLETE Column stats: COMPLETE
                        Group By Operator
                          aggregations: sum(_col0)
                          Group By Vectorization:
                              className: VectorGroupByOperator
                              groupByMode: HASH
                              native: false
                              vectorProcessingMode: HASH
                          minReductionHashAggr: 0.6666666
                          mode: hash
                          outputColumnNames: _col0
                          Statistics: Num rows: 1 Data size: 8 Basic stats: COMPLETE Column stats: COMPLETE
                          Reduce Output Operator
                            null sort order: 
                            sort order: 
                            Reduce Sink Vectorization:
                                className: VectorReduceSinkEmptyKeyOperator
                                native: true
                                nativeConditionsMet: hive.vectorized.execution.reducesink.new.enabled IS true, hive.execution.engine tez IN [tez, spark] IS true, No PTF TopN IS true, No DISTINCT columns IS true, BinarySortableSerDe for keys IS true, LazyBinarySerDe for values IS true
                            Statistics: Num rows: 1 Data size: 8 Basic stats: COMPLETE Column stats: COMPLETE
                            value expressions: _col0 (type: bigint)
            Execution mode: vectorized, llap
            LLAP IO: all inputs
            Map Vectorization:
                enabled: true
                enabledConditionsMet: hive.vectorized.use.vectorized.input.format IS true
                inputFormatFeatureSupport: [DECIMAL_64]
                featureSupportInUse: [DECIMAL_64]
                inputFileFormats: org.apache.hadoop.hive.ql.io.orc.OrcInputFormat
                allNative: false
                usesVectorUDFAdaptor: true
                vectorized: true
        Reducer 3 
            Execution mode: vectorized, llap
            Reduce Vectorization:
                enabled: true
                enableConditionsMet: hive.vectorized.execution.reduce.enabled IS true, hive.execution.engine tez IN [tez, spark] IS true
                allNative: false
                usesVectorUDFAdaptor: false
                vectorized: true
            Reduce Operator Tree:
              Group By Operator
                aggregations: sum(VALUE._col0)
                Group By Vectorization:
                    className: VectorGroupByOperator
                    groupByMode: MERGEPARTIAL
                    native: false
                    vectorProcessingMode: GLOBAL
                mode: mergepartial
                outputColumnNames: _col0
                Statistics: Num rows: 1 Data size: 8 Basic stats: COMPLETE Column stats: COMPLETE
                File Output Operator
                  compressed: false
                  File Sink Vectorization:
                      className: VectorFileSinkOperator
                      native: false
                  Statistics: Num rows: 1 Data size: 8 Basic stats: COMPLETE Column stats: COMPLETE
                  table:
                      input format: org.apache.hadoop.mapred.SequenceFileInputFormat
                      output format: org.apache.hadoop.hive.ql.io.HiveSequenceFileOutputFormat
                      serde: org.apache.hadoop.hive.serde2.lazy.LazySimpleSerDe

  Stage: Stage-0
    Fetch Operator
      limit: -1
      Processor Tree:
        ListSink

PREHOOK: query: EXPLAIN VECTORIZATION OPERATOR
SELECT sum(hash(a.key,a.value,b.key,b.value)) FROM myinput1_n4 a RIGHT OUTER JOIN myinput1_n4 b ON a.key = b.key
PREHOOK: type: QUERY
PREHOOK: Input: default@myinput1_n4
#### A masked pattern was here ####
POSTHOOK: query: EXPLAIN VECTORIZATION OPERATOR
SELECT sum(hash(a.key,a.value,b.key,b.value)) FROM myinput1_n4 a RIGHT OUTER JOIN myinput1_n4 b ON a.key = b.key
POSTHOOK: type: QUERY
POSTHOOK: Input: default@myinput1_n4
#### A masked pattern was here ####
PLAN VECTORIZATION:
  enabled: true
  enabledConditionsMet: [hive.vectorized.execution.enabled IS true]

STAGE DEPENDENCIES:
  Stage-1 is a root stage
  Stage-0 depends on stages: Stage-1

STAGE PLANS:
  Stage: Stage-1
    Tez
#### A masked pattern was here ####
      Edges:
        Map 2 <- Map 1 (BROADCAST_EDGE)
        Reducer 3 <- Map 2 (CUSTOM_SIMPLE_EDGE)
#### A masked pattern was here ####
      Vertices:
        Map 1 
            Map Operator Tree:
                TableScan
                  alias: a
                  filterExpr: key is not null (type: boolean)
                  Statistics: Num rows: 3 Data size: 24 Basic stats: COMPLETE Column stats: COMPLETE
                  TableScan Vectorization:
                      native: true
                  Filter Operator
                    Filter Vectorization:
                        className: VectorFilterOperator
                        native: true
                    predicate: key is not null (type: boolean)
                    Statistics: Num rows: 2 Data size: 16 Basic stats: COMPLETE Column stats: COMPLETE
                    Select Operator
                      expressions: key (type: int), value (type: int)
                      outputColumnNames: _col0, _col1
                      Select Vectorization:
                          className: VectorSelectOperator
                          native: true
                      Statistics: Num rows: 2 Data size: 16 Basic stats: COMPLETE Column stats: COMPLETE
                      Reduce Output Operator
                        key expressions: _col0 (type: int)
                        null sort order: a
                        sort order: +
                        Map-reduce partition columns: _col0 (type: int)
                        Reduce Sink Vectorization:
                            className: VectorReduceSinkLongOperator
                            native: true
                            nativeConditionsMet: hive.vectorized.execution.reducesink.new.enabled IS true, hive.execution.engine tez IN [tez, spark] IS true, No PTF TopN IS true, No DISTINCT columns IS true, BinarySortableSerDe for keys IS true, LazyBinarySerDe for values IS true
                        Statistics: Num rows: 2 Data size: 16 Basic stats: COMPLETE Column stats: COMPLETE
                        value expressions: _col1 (type: int)
            Execution mode: vectorized, llap
            LLAP IO: all inputs
            Map Vectorization:
                enabled: true
                enabledConditionsMet: hive.vectorized.use.vectorized.input.format IS true
                inputFormatFeatureSupport: [DECIMAL_64]
                featureSupportInUse: [DECIMAL_64]
                inputFileFormats: org.apache.hadoop.hive.ql.io.orc.OrcInputFormat
                allNative: true
                usesVectorUDFAdaptor: false
                vectorized: true
        Map 2 
            Map Operator Tree:
                TableScan
                  alias: b
                  Statistics: Num rows: 3 Data size: 24 Basic stats: COMPLETE Column stats: COMPLETE
                  TableScan Vectorization:
                      native: true
                  Select Operator
                    expressions: key (type: int), value (type: int)
                    outputColumnNames: _col0, _col1
                    Select Vectorization:
                        className: VectorSelectOperator
                        native: true
                    Statistics: Num rows: 3 Data size: 24 Basic stats: COMPLETE Column stats: COMPLETE
                    Map Join Operator
                      condition map:
                           Right Outer Join 0 to 1
                      keys:
                        0 _col0 (type: int)
                        1 _col0 (type: int)
                      Map Join Vectorization:
                          className: VectorMapJoinOuterLongOperator
                          native: true
                          nativeConditionsMet: hive.mapjoin.optimized.hashtable IS true, hive.vectorized.execution.mapjoin.native.enabled IS true, hive.execution.engine tez IN [tez, spark] IS true, One MapJoin Condition IS true, No nullsafe IS true, Small table vectorizes IS true, Outer Join has keys IS true, Optimized Table and Supports Key Types IS true
                      outputColumnNames: _col0, _col1, _col2, _col3
                      input vertices:
                        0 Map 1
                      Statistics: Num rows: 3 Data size: 48 Basic stats: COMPLETE Column stats: COMPLETE
                      Select Operator
                        expressions: hash(_col0,_col1,_col2,_col3) (type: int)
                        outputColumnNames: _col0
                        Select Vectorization:
                            className: VectorSelectOperator
                            native: true
                            selectExpressions: VectorUDFAdaptor(hash(_col0,_col1,_col2,_col3)) -> 5:int
                        Statistics: Num rows: 3 Data size: 48 Basic stats: COMPLETE Column stats: COMPLETE
                        Group By Operator
                          aggregations: sum(_col0)
                          Group By Vectorization:
                              className: VectorGroupByOperator
                              groupByMode: HASH
                              native: false
                              vectorProcessingMode: HASH
                          minReductionHashAggr: 0.6666666
                          mode: hash
                          outputColumnNames: _col0
                          Statistics: Num rows: 1 Data size: 8 Basic stats: COMPLETE Column stats: COMPLETE
                          Reduce Output Operator
                            null sort order: 
                            sort order: 
                            Reduce Sink Vectorization:
                                className: VectorReduceSinkEmptyKeyOperator
                                native: true
                                nativeConditionsMet: hive.vectorized.execution.reducesink.new.enabled IS true, hive.execution.engine tez IN [tez, spark] IS true, No PTF TopN IS true, No DISTINCT columns IS true, BinarySortableSerDe for keys IS true, LazyBinarySerDe for values IS true
                            Statistics: Num rows: 1 Data size: 8 Basic stats: COMPLETE Column stats: COMPLETE
                            value expressions: _col0 (type: bigint)
            Execution mode: vectorized, llap
            LLAP IO: all inputs
            Map Vectorization:
                enabled: true
                enabledConditionsMet: hive.vectorized.use.vectorized.input.format IS true
                inputFormatFeatureSupport: [DECIMAL_64]
                featureSupportInUse: [DECIMAL_64]
                inputFileFormats: org.apache.hadoop.hive.ql.io.orc.OrcInputFormat
                allNative: false
                usesVectorUDFAdaptor: true
                vectorized: true
        Reducer 3 
            Execution mode: vectorized, llap
            Reduce Vectorization:
                enabled: true
                enableConditionsMet: hive.vectorized.execution.reduce.enabled IS true, hive.execution.engine tez IN [tez, spark] IS true
                allNative: false
                usesVectorUDFAdaptor: false
                vectorized: true
            Reduce Operator Tree:
              Group By Operator
                aggregations: sum(VALUE._col0)
                Group By Vectorization:
                    className: VectorGroupByOperator
                    groupByMode: MERGEPARTIAL
                    native: false
                    vectorProcessingMode: GLOBAL
                mode: mergepartial
                outputColumnNames: _col0
                Statistics: Num rows: 1 Data size: 8 Basic stats: COMPLETE Column stats: COMPLETE
                File Output Operator
                  compressed: false
                  File Sink Vectorization:
                      className: VectorFileSinkOperator
                      native: false
                  Statistics: Num rows: 1 Data size: 8 Basic stats: COMPLETE Column stats: COMPLETE
                  table:
                      input format: org.apache.hadoop.mapred.SequenceFileInputFormat
                      output format: org.apache.hadoop.hive.ql.io.HiveSequenceFileOutputFormat
                      serde: org.apache.hadoop.hive.serde2.lazy.LazySimpleSerDe

  Stage: Stage-0
    Fetch Operator
      limit: -1
      Processor Tree:
        ListSink

PREHOOK: query: EXPLAIN VECTORIZATION OPERATOR
SELECT sum(hash(a.key,a.value,b.key,b.value)) FROM myinput1_n4 a RIGHT OUTER JOIN myinput1_n4 b ON a.value = b.value
PREHOOK: type: QUERY
PREHOOK: Input: default@myinput1_n4
#### A masked pattern was here ####
POSTHOOK: query: EXPLAIN VECTORIZATION OPERATOR
SELECT sum(hash(a.key,a.value,b.key,b.value)) FROM myinput1_n4 a RIGHT OUTER JOIN myinput1_n4 b ON a.value = b.value
POSTHOOK: type: QUERY
POSTHOOK: Input: default@myinput1_n4
#### A masked pattern was here ####
PLAN VECTORIZATION:
  enabled: true
  enabledConditionsMet: [hive.vectorized.execution.enabled IS true]

STAGE DEPENDENCIES:
  Stage-1 is a root stage
  Stage-0 depends on stages: Stage-1

STAGE PLANS:
  Stage: Stage-1
    Tez
#### A masked pattern was here ####
      Edges:
        Map 2 <- Map 1 (BROADCAST_EDGE)
        Reducer 3 <- Map 2 (CUSTOM_SIMPLE_EDGE)
#### A masked pattern was here ####
      Vertices:
        Map 1 
            Map Operator Tree:
                TableScan
                  alias: a
                  filterExpr: value is not null (type: boolean)
                  Statistics: Num rows: 3 Data size: 24 Basic stats: COMPLETE Column stats: COMPLETE
                  TableScan Vectorization:
                      native: true
                  Filter Operator
                    Filter Vectorization:
                        className: VectorFilterOperator
                        native: true
                    predicate: value is not null (type: boolean)
                    Statistics: Num rows: 2 Data size: 16 Basic stats: COMPLETE Column stats: COMPLETE
                    Select Operator
                      expressions: key (type: int), value (type: int)
                      outputColumnNames: _col0, _col1
                      Select Vectorization:
                          className: VectorSelectOperator
                          native: true
                      Statistics: Num rows: 2 Data size: 16 Basic stats: COMPLETE Column stats: COMPLETE
                      Reduce Output Operator
                        key expressions: _col1 (type: int)
                        null sort order: a
                        sort order: +
                        Map-reduce partition columns: _col1 (type: int)
                        Reduce Sink Vectorization:
                            className: VectorReduceSinkLongOperator
                            native: true
                            nativeConditionsMet: hive.vectorized.execution.reducesink.new.enabled IS true, hive.execution.engine tez IN [tez, spark] IS true, No PTF TopN IS true, No DISTINCT columns IS true, BinarySortableSerDe for keys IS true, LazyBinarySerDe for values IS true
                        Statistics: Num rows: 2 Data size: 16 Basic stats: COMPLETE Column stats: COMPLETE
                        value expressions: _col0 (type: int)
            Execution mode: vectorized, llap
            LLAP IO: all inputs
            Map Vectorization:
                enabled: true
                enabledConditionsMet: hive.vectorized.use.vectorized.input.format IS true
                inputFormatFeatureSupport: [DECIMAL_64]
                featureSupportInUse: [DECIMAL_64]
                inputFileFormats: org.apache.hadoop.hive.ql.io.orc.OrcInputFormat
                allNative: true
                usesVectorUDFAdaptor: false
                vectorized: true
        Map 2 
            Map Operator Tree:
                TableScan
                  alias: b
                  Statistics: Num rows: 3 Data size: 24 Basic stats: COMPLETE Column stats: COMPLETE
                  TableScan Vectorization:
                      native: true
                  Select Operator
                    expressions: key (type: int), value (type: int)
                    outputColumnNames: _col0, _col1
                    Select Vectorization:
                        className: VectorSelectOperator
                        native: true
                    Statistics: Num rows: 3 Data size: 24 Basic stats: COMPLETE Column stats: COMPLETE
                    Map Join Operator
                      condition map:
                           Right Outer Join 0 to 1
                      keys:
                        0 _col1 (type: int)
                        1 _col1 (type: int)
                      Map Join Vectorization:
                          className: VectorMapJoinOuterLongOperator
                          native: true
                          nativeConditionsMet: hive.mapjoin.optimized.hashtable IS true, hive.vectorized.execution.mapjoin.native.enabled IS true, hive.execution.engine tez IN [tez, spark] IS true, One MapJoin Condition IS true, No nullsafe IS true, Small table vectorizes IS true, Outer Join has keys IS true, Optimized Table and Supports Key Types IS true
                      outputColumnNames: _col0, _col1, _col2, _col3
                      input vertices:
                        0 Map 1
                      Statistics: Num rows: 3 Data size: 48 Basic stats: COMPLETE Column stats: COMPLETE
                      Select Operator
                        expressions: hash(_col0,_col1,_col2,_col3) (type: int)
                        outputColumnNames: _col0
                        Select Vectorization:
                            className: VectorSelectOperator
                            native: true
                            selectExpressions: VectorUDFAdaptor(hash(_col0,_col1,_col2,_col3)) -> 5:int
                        Statistics: Num rows: 3 Data size: 48 Basic stats: COMPLETE Column stats: COMPLETE
                        Group By Operator
                          aggregations: sum(_col0)
                          Group By Vectorization:
                              className: VectorGroupByOperator
                              groupByMode: HASH
                              native: false
                              vectorProcessingMode: HASH
                          minReductionHashAggr: 0.6666666
                          mode: hash
                          outputColumnNames: _col0
                          Statistics: Num rows: 1 Data size: 8 Basic stats: COMPLETE Column stats: COMPLETE
                          Reduce Output Operator
                            null sort order: 
                            sort order: 
                            Reduce Sink Vectorization:
                                className: VectorReduceSinkEmptyKeyOperator
                                native: true
                                nativeConditionsMet: hive.vectorized.execution.reducesink.new.enabled IS true, hive.execution.engine tez IN [tez, spark] IS true, No PTF TopN IS true, No DISTINCT columns IS true, BinarySortableSerDe for keys IS true, LazyBinarySerDe for values IS true
                            Statistics: Num rows: 1 Data size: 8 Basic stats: COMPLETE Column stats: COMPLETE
                            value expressions: _col0 (type: bigint)
            Execution mode: vectorized, llap
            LLAP IO: all inputs
            Map Vectorization:
                enabled: true
                enabledConditionsMet: hive.vectorized.use.vectorized.input.format IS true
                inputFormatFeatureSupport: [DECIMAL_64]
                featureSupportInUse: [DECIMAL_64]
                inputFileFormats: org.apache.hadoop.hive.ql.io.orc.OrcInputFormat
                allNative: false
                usesVectorUDFAdaptor: true
                vectorized: true
        Reducer 3 
            Execution mode: vectorized, llap
            Reduce Vectorization:
                enabled: true
                enableConditionsMet: hive.vectorized.execution.reduce.enabled IS true, hive.execution.engine tez IN [tez, spark] IS true
                allNative: false
                usesVectorUDFAdaptor: false
                vectorized: true
            Reduce Operator Tree:
              Group By Operator
                aggregations: sum(VALUE._col0)
                Group By Vectorization:
                    className: VectorGroupByOperator
                    groupByMode: MERGEPARTIAL
                    native: false
                    vectorProcessingMode: GLOBAL
                mode: mergepartial
                outputColumnNames: _col0
                Statistics: Num rows: 1 Data size: 8 Basic stats: COMPLETE Column stats: COMPLETE
                File Output Operator
                  compressed: false
                  File Sink Vectorization:
                      className: VectorFileSinkOperator
                      native: false
                  Statistics: Num rows: 1 Data size: 8 Basic stats: COMPLETE Column stats: COMPLETE
                  table:
                      input format: org.apache.hadoop.mapred.SequenceFileInputFormat
                      output format: org.apache.hadoop.hive.ql.io.HiveSequenceFileOutputFormat
                      serde: org.apache.hadoop.hive.serde2.lazy.LazySimpleSerDe

  Stage: Stage-0
    Fetch Operator
      limit: -1
      Processor Tree:
        ListSink

PREHOOK: query: EXPLAIN VECTORIZATION OPERATOR

SELECT sum(hash(a.key,a.value,b.key,b.value)) FROM myinput1_n4 a RIGHT OUTER JOIN myinput1_n4 b ON a.key=b.key and a.value = b.value
PREHOOK: type: QUERY
PREHOOK: Input: default@myinput1_n4
#### A masked pattern was here ####
POSTHOOK: query: EXPLAIN VECTORIZATION OPERATOR

SELECT sum(hash(a.key,a.value,b.key,b.value)) FROM myinput1_n4 a RIGHT OUTER JOIN myinput1_n4 b ON a.key=b.key and a.value = b.value
POSTHOOK: type: QUERY
POSTHOOK: Input: default@myinput1_n4
#### A masked pattern was here ####
PLAN VECTORIZATION:
  enabled: true
  enabledConditionsMet: [hive.vectorized.execution.enabled IS true]

STAGE DEPENDENCIES:
  Stage-1 is a root stage
  Stage-0 depends on stages: Stage-1

STAGE PLANS:
  Stage: Stage-1
    Tez
#### A masked pattern was here ####
      Edges:
        Map 2 <- Map 1 (BROADCAST_EDGE)
        Reducer 3 <- Map 2 (CUSTOM_SIMPLE_EDGE)
#### A masked pattern was here ####
      Vertices:
        Map 1 
            Map Operator Tree:
                TableScan
                  alias: a
                  filterExpr: (key is not null and value is not null) (type: boolean)
                  Statistics: Num rows: 3 Data size: 24 Basic stats: COMPLETE Column stats: COMPLETE
                  TableScan Vectorization:
                      native: true
                  Filter Operator
                    Filter Vectorization:
                        className: VectorFilterOperator
                        native: true
                    predicate: (key is not null and value is not null) (type: boolean)
                    Statistics: Num rows: 1 Data size: 8 Basic stats: COMPLETE Column stats: COMPLETE
                    Select Operator
                      expressions: key (type: int), value (type: int)
                      outputColumnNames: _col0, _col1
                      Select Vectorization:
                          className: VectorSelectOperator
                          native: true
                      Statistics: Num rows: 1 Data size: 8 Basic stats: COMPLETE Column stats: COMPLETE
                      Reduce Output Operator
                        key expressions: _col0 (type: int), _col1 (type: int)
                        null sort order: aa
                        sort order: ++
                        Map-reduce partition columns: _col0 (type: int), _col1 (type: int)
                        Reduce Sink Vectorization:
                            className: VectorReduceSinkMultiKeyOperator
                            native: true
                            nativeConditionsMet: hive.vectorized.execution.reducesink.new.enabled IS true, hive.execution.engine tez IN [tez, spark] IS true, No PTF TopN IS true, No DISTINCT columns IS true, BinarySortableSerDe for keys IS true, LazyBinarySerDe for values IS true
                        Statistics: Num rows: 1 Data size: 8 Basic stats: COMPLETE Column stats: COMPLETE
            Execution mode: vectorized, llap
            LLAP IO: all inputs
            Map Vectorization:
                enabled: true
                enabledConditionsMet: hive.vectorized.use.vectorized.input.format IS true
                inputFormatFeatureSupport: [DECIMAL_64]
                featureSupportInUse: [DECIMAL_64]
                inputFileFormats: org.apache.hadoop.hive.ql.io.orc.OrcInputFormat
                allNative: true
                usesVectorUDFAdaptor: false
                vectorized: true
        Map 2 
            Map Operator Tree:
                TableScan
                  alias: b
                  Statistics: Num rows: 3 Data size: 24 Basic stats: COMPLETE Column stats: COMPLETE
                  TableScan Vectorization:
                      native: true
                  Select Operator
                    expressions: key (type: int), value (type: int)
                    outputColumnNames: _col0, _col1
                    Select Vectorization:
                        className: VectorSelectOperator
                        native: true
                    Statistics: Num rows: 3 Data size: 24 Basic stats: COMPLETE Column stats: COMPLETE
                    Map Join Operator
                      condition map:
                           Right Outer Join 0 to 1
                      keys:
                        0 _col0 (type: int), _col1 (type: int)
                        1 _col0 (type: int), _col1 (type: int)
                      Map Join Vectorization:
                          className: VectorMapJoinOuterMultiKeyOperator
                          native: true
                          nativeConditionsMet: hive.mapjoin.optimized.hashtable IS true, hive.vectorized.execution.mapjoin.native.enabled IS true, hive.execution.engine tez IN [tez, spark] IS true, One MapJoin Condition IS true, No nullsafe IS true, Small table vectorizes IS true, Outer Join has keys IS true, Optimized Table and Supports Key Types IS true
                      outputColumnNames: _col0, _col1, _col2, _col3
                      input vertices:
                        0 Map 1
                      Statistics: Num rows: 3 Data size: 48 Basic stats: COMPLETE Column stats: COMPLETE
                      Select Operator
                        expressions: hash(_col0,_col1,_col2,_col3) (type: int)
                        outputColumnNames: _col0
                        Select Vectorization:
                            className: VectorSelectOperator
                            native: true
                            selectExpressions: VectorUDFAdaptor(hash(_col0,_col1,_col2,_col3)) -> 5:int
                        Statistics: Num rows: 3 Data size: 48 Basic stats: COMPLETE Column stats: COMPLETE
                        Group By Operator
                          aggregations: sum(_col0)
                          Group By Vectorization:
                              className: VectorGroupByOperator
                              groupByMode: HASH
                              native: false
                              vectorProcessingMode: HASH
                          minReductionHashAggr: 0.6666666
                          mode: hash
                          outputColumnNames: _col0
                          Statistics: Num rows: 1 Data size: 8 Basic stats: COMPLETE Column stats: COMPLETE
                          Reduce Output Operator
                            null sort order: 
                            sort order: 
                            Reduce Sink Vectorization:
                                className: VectorReduceSinkEmptyKeyOperator
                                native: true
                                nativeConditionsMet: hive.vectorized.execution.reducesink.new.enabled IS true, hive.execution.engine tez IN [tez, spark] IS true, No PTF TopN IS true, No DISTINCT columns IS true, BinarySortableSerDe for keys IS true, LazyBinarySerDe for values IS true
                            Statistics: Num rows: 1 Data size: 8 Basic stats: COMPLETE Column stats: COMPLETE
                            value expressions: _col0 (type: bigint)
            Execution mode: vectorized, llap
            LLAP IO: all inputs
            Map Vectorization:
                enabled: true
                enabledConditionsMet: hive.vectorized.use.vectorized.input.format IS true
                inputFormatFeatureSupport: [DECIMAL_64]
                featureSupportInUse: [DECIMAL_64]
                inputFileFormats: org.apache.hadoop.hive.ql.io.orc.OrcInputFormat
                allNative: false
                usesVectorUDFAdaptor: true
                vectorized: true
        Reducer 3 
            Execution mode: vectorized, llap
            Reduce Vectorization:
                enabled: true
                enableConditionsMet: hive.vectorized.execution.reduce.enabled IS true, hive.execution.engine tez IN [tez, spark] IS true
                allNative: false
                usesVectorUDFAdaptor: false
                vectorized: true
            Reduce Operator Tree:
              Group By Operator
                aggregations: sum(VALUE._col0)
                Group By Vectorization:
                    className: VectorGroupByOperator
                    groupByMode: MERGEPARTIAL
                    native: false
                    vectorProcessingMode: GLOBAL
                mode: mergepartial
                outputColumnNames: _col0
                Statistics: Num rows: 1 Data size: 8 Basic stats: COMPLETE Column stats: COMPLETE
                File Output Operator
                  compressed: false
                  File Sink Vectorization:
                      className: VectorFileSinkOperator
                      native: false
                  Statistics: Num rows: 1 Data size: 8 Basic stats: COMPLETE Column stats: COMPLETE
                  table:
                      input format: org.apache.hadoop.mapred.SequenceFileInputFormat
                      output format: org.apache.hadoop.hive.ql.io.HiveSequenceFileOutputFormat
                      serde: org.apache.hadoop.hive.serde2.lazy.LazySimpleSerDe

  Stage: Stage-0
    Fetch Operator
      limit: -1
      Processor Tree:
        ListSink

PREHOOK: query: SELECT sum(hash(a.key,a.value,b.key,b.value)) from myinput1_n4 a LEFT OUTER JOIN myinput1_n4 b ON (a.value=b.value) RIGHT OUTER JOIN myinput1_n4 c ON (b.value=c.value)
PREHOOK: type: QUERY
PREHOOK: Input: default@myinput1_n4
#### A masked pattern was here ####
POSTHOOK: query: SELECT sum(hash(a.key,a.value,b.key,b.value)) from myinput1_n4 a LEFT OUTER JOIN myinput1_n4 b ON (a.value=b.value) RIGHT OUTER JOIN myinput1_n4 c ON (b.value=c.value)
POSTHOOK: type: QUERY
POSTHOOK: Input: default@myinput1_n4
#### A masked pattern was here ####
3112070
PREHOOK: query: SELECT sum(hash(a.key,a.value,b.key,b.value)) from myinput1_n4 a RIGHT OUTER JOIN myinput1_n4 b ON (a.value=b.value) LEFT OUTER JOIN myinput1_n4 c ON (b.value=c.value)
PREHOOK: type: QUERY
PREHOOK: Input: default@myinput1_n4
#### A masked pattern was here ####
POSTHOOK: query: SELECT sum(hash(a.key,a.value,b.key,b.value)) from myinput1_n4 a RIGHT OUTER JOIN myinput1_n4 b ON (a.value=b.value) LEFT OUTER JOIN myinput1_n4 c ON (b.value=c.value)
POSTHOOK: type: QUERY
POSTHOOK: Input: default@myinput1_n4
#### A masked pattern was here ####
3113558
PREHOOK: query: SELECT sum(hash(a.key,a.value,b.key,b.value)) FROM myinput1_n4 a LEFT OUTER JOIN myinput1_n4 b RIGHT OUTER JOIN myinput1_n4 c ON a.value = b.value and b.value = c.value
PREHOOK: type: QUERY
PREHOOK: Input: default@myinput1_n4
#### A masked pattern was here ####
POSTHOOK: query: SELECT sum(hash(a.key,a.value,b.key,b.value)) FROM myinput1_n4 a LEFT OUTER JOIN myinput1_n4 b RIGHT OUTER JOIN myinput1_n4 c ON a.value = b.value and b.value = c.value
POSTHOOK: type: QUERY
POSTHOOK: Input: default@myinput1_n4
#### A masked pattern was here ####
3112070
