PREHOOK: query: create temporary table foo(x int) stored as orc
PREHOOK: type: CREATETABLE
PREHOOK: Output: database:default
PREHOOK: Output: default@foo
POSTHOOK: query: create temporary table foo(x int) stored as orc
POSTHOOK: type: CREATETABLE
POSTHOOK: Output: database:default
POSTHOOK: Output: default@foo
PREHOOK: query: insert into foo values(1),(2)
PREHOOK: type: QUERY
PREHOOK: Input: _dummy_database@_dummy_table
PREHOOK: Output: default@foo
POSTHOOK: query: insert into foo values(1),(2)
POSTHOOK: type: QUERY
POSTHOOK: Input: _dummy_database@_dummy_table
POSTHOOK: Output: default@foo
POSTHOOK: Lineage: foo.x SCRIPT []
PREHOOK: query: create temporary table bar(y int) stored as orc
PREHOOK: type: CREATETABLE
PREHOOK: Output: database:default
PREHOOK: Output: default@bar
POSTHOOK: query: create temporary table bar(y int) stored as orc
POSTHOOK: type: CREATETABLE
POSTHOOK: Output: database:default
POSTHOOK: Output: default@bar
Warning: Map Join MAPJOIN[13][bigTable=?] in task 'Map 2' is a cross product
PREHOOK: query: explain vectorization detail
select count(*) from bar right outer join foo
PREHOOK: type: QUERY
POSTHOOK: query: explain vectorization detail
select count(*) from bar right outer join foo
POSTHOOK: type: QUERY
PLAN VECTORIZATION:
  enabled: true
  enabledConditionsMet: [hive.vectorized.execution.enabled IS true]

STAGE DEPENDENCIES:
  Stage-1 is a root stage
  Stage-0 depends on stages: Stage-1

STAGE PLANS:
  Stage: Stage-1
    Tez
#### A masked pattern was here ####
      Edges:
        Map 2 <- Map 1 (BROADCAST_EDGE)
        Reducer 3 <- Map 2 (CUSTOM_SIMPLE_EDGE)
#### A masked pattern was here ####
      Vertices:
        Map 1 
            Map Operator Tree:
                TableScan
                  alias: bar
                  Statistics: Num rows: 1 Data size: 0 Basic stats: PARTIAL Column stats: COMPLETE
                  TableScan Vectorization:
                      native: true
                      vectorizationSchemaColumns: [0:y:int, 1:ROW__ID:struct<transactionid:bigint,bucketid:int,rowid:bigint>]
                  Select Operator
                    Select Vectorization:
                        className: VectorSelectOperator
                        native: true
                        projectedOutputColumnNums: []
                    Statistics: Num rows: 1 Data size: 0 Basic stats: PARTIAL Column stats: COMPLETE
                    Reduce Output Operator
                      sort order: 
                      Reduce Sink Vectorization:
                          className: VectorReduceSinkEmptyKeyOperator
                          keyColumnNums: []
                          native: true
                          nativeConditionsMet: hive.vectorized.execution.reducesink.new.enabled IS true, hive.execution.engine tez IN [tez, spark] IS true, No PTF TopN IS true, No DISTINCT columns IS true, BinarySortableSerDe for keys IS true, LazyBinarySerDe for values IS true
                          valueColumnNums: []
                      Statistics: Num rows: 1 Data size: 0 Basic stats: PARTIAL Column stats: COMPLETE
            Execution mode: vectorized, llap
            LLAP IO: all inputs
            Map Vectorization:
                enabled: true
                enabledConditionsMet: hive.vectorized.use.vectorized.input.format IS true
                inputFormatFeatureSupport: []
                featureSupportInUse: []
                inputFileFormats: org.apache.hadoop.hive.ql.io.orc.OrcInputFormat
                allNative: true
                usesVectorUDFAdaptor: false
                vectorized: true
                rowBatchContext:
                    dataColumnCount: 1
                    includeColumns: []
                    dataColumns: y:int
                    partitionColumnCount: 0
                    scratchColumnTypeNames: []
        Map 2 
            Map Operator Tree:
                TableScan
                  alias: foo
                  Statistics: Num rows: 2 Data size: 8 Basic stats: COMPLETE Column stats: COMPLETE
                  TableScan Vectorization:
                      native: true
                      vectorizationSchemaColumns: [0:x:int, 1:ROW__ID:struct<transactionid:bigint,bucketid:int,rowid:bigint>]
                  Select Operator
                    Select Vectorization:
                        className: VectorSelectOperator
                        native: true
                        projectedOutputColumnNums: []
                    Statistics: Num rows: 2 Data size: 8 Basic stats: COMPLETE Column stats: COMPLETE
                    Map Join Operator
                      condition map:
                           Right Outer Join 0 to 1
                      filter predicates:
                        0 
                        1 {true}
                      keys:
                        0 
                        1 
                      Map Join Vectorization:
                          className: VectorMapJoinOuterFilteredOperator
                          native: false
                          nativeConditionsMet: hive.mapjoin.optimized.hashtable IS true, hive.vectorized.execution.mapjoin.native.enabled IS true, hive.execution.engine tez IN [tez, spark] IS true, One MapJoin Condition IS true, No nullsafe IS true, Small table vectorizes IS true, Optimized Table and Supports Key Types IS true
                          nativeConditionsNotMet: Outer Join has keys IS false
                      input vertices:
                        0 Map 1
                      Statistics: Num rows: 2 Data size: 10 Basic stats: PARTIAL Column stats: NONE
                      Group By Operator
                        aggregations: count()
                        Group By Vectorization:
                            aggregators: VectorUDAFCountStar(*) -> bigint
                            className: VectorGroupByOperator
                            groupByMode: HASH
                            native: false
                            vectorProcessingMode: HASH
                            projectedOutputColumnNums: [0]
                        mode: hash
                        outputColumnNames: _col0
                        Statistics: Num rows: 1 Data size: 8 Basic stats: PARTIAL Column stats: NONE
                        Reduce Output Operator
                          sort order: 
                          Reduce Sink Vectorization:
                              className: VectorReduceSinkEmptyKeyOperator
                              keyColumnNums: []
                              native: true
                              nativeConditionsMet: hive.vectorized.execution.reducesink.new.enabled IS true, hive.execution.engine tez IN [tez, spark] IS true, No PTF TopN IS true, No DISTINCT columns IS true, BinarySortableSerDe for keys IS true, LazyBinarySerDe for values IS true
                              valueColumnNums: [0]
                          Statistics: Num rows: 1 Data size: 8 Basic stats: PARTIAL Column stats: NONE
                          value expressions: _col0 (type: bigint)
            Execution mode: vectorized, llap
            LLAP IO: all inputs
            Map Vectorization:
                enabled: true
                enabledConditionsMet: hive.vectorized.use.vectorized.input.format IS true
                inputFormatFeatureSupport: []
                featureSupportInUse: []
                inputFileFormats: org.apache.hadoop.hive.ql.io.orc.OrcInputFormat
                allNative: false
                usesVectorUDFAdaptor: false
                vectorized: true
                rowBatchContext:
                    dataColumnCount: 1
                    includeColumns: []
                    dataColumns: x:int
                    partitionColumnCount: 0
                    scratchColumnTypeNames: []
        Reducer 3 
            Execution mode: vectorized, llap
            Reduce Vectorization:
                enabled: true
                enableConditionsMet: hive.vectorized.execution.reduce.enabled IS true, hive.execution.engine tez IN [tez, spark] IS true
                reduceColumnNullOrder: 
                reduceColumnSortOrder: 
                allNative: false
                usesVectorUDFAdaptor: false
                vectorized: true
                rowBatchContext:
                    dataColumnCount: 1
                    dataColumns: VALUE._col0:bigint
                    partitionColumnCount: 0
                    scratchColumnTypeNames: []
            Reduce Operator Tree:
              Group By Operator
                aggregations: count(VALUE._col0)
                Group By Vectorization:
                    aggregators: VectorUDAFCountMerge(col 0:bigint) -> bigint
                    className: VectorGroupByOperator
                    groupByMode: MERGEPARTIAL
                    native: false
                    vectorProcessingMode: GLOBAL
                    projectedOutputColumnNums: [0]
                mode: mergepartial
                outputColumnNames: _col0
                Statistics: Num rows: 1 Data size: 8 Basic stats: PARTIAL Column stats: NONE
                File Output Operator
                  compressed: false
                  File Sink Vectorization:
                      className: VectorFileSinkOperator
                      native: false
                  Statistics: Num rows: 1 Data size: 8 Basic stats: PARTIAL Column stats: NONE
                  table:
                      input format: org.apache.hadoop.mapred.SequenceFileInputFormat
                      output format: org.apache.hadoop.hive.ql.io.HiveSequenceFileOutputFormat
                      serde: org.apache.hadoop.hive.serde2.lazy.LazySimpleSerDe

  Stage: Stage-0
    Fetch Operator
      limit: -1
      Processor Tree:
        ListSink

Warning: Map Join MAPJOIN[13][bigTable=?] in task 'Map 2' is a cross product
PREHOOK: query: -- = 2

select count(*) from bar right outer join foo
PREHOOK: type: QUERY
PREHOOK: Input: default@bar
PREHOOK: Input: default@foo
#### A masked pattern was here ####
POSTHOOK: query: -- = 2

select count(*) from bar right outer join foo
POSTHOOK: type: QUERY
POSTHOOK: Input: default@bar
POSTHOOK: Input: default@foo
#### A masked pattern was here ####
2
Warning: Shuffle Join MERGEJOIN[13][tables = [$hdt$_0, $hdt$_1]] in Stage 'Reducer 2' is a cross product
PREHOOK: query: -- = 2

explain vectorization detail
select count(*) from bar, foo
PREHOOK: type: QUERY
POSTHOOK: query: -- = 2

explain vectorization detail
select count(*) from bar, foo
POSTHOOK: type: QUERY
PLAN VECTORIZATION:
  enabled: true
  enabledConditionsMet: [hive.vectorized.execution.enabled IS true]

STAGE DEPENDENCIES:
  Stage-1 is a root stage
  Stage-0 depends on stages: Stage-1

STAGE PLANS:
  Stage: Stage-1
    Tez
#### A masked pattern was here ####
      Edges:
        Reducer 2 <- Map 1 (XPROD_EDGE), Map 4 (XPROD_EDGE)
        Reducer 3 <- Reducer 2 (CUSTOM_SIMPLE_EDGE)
#### A masked pattern was here ####
      Vertices:
        Map 1 
            Map Operator Tree:
                TableScan
                  alias: bar
                  Statistics: Num rows: 1 Data size: 0 Basic stats: PARTIAL Column stats: COMPLETE
                  TableScan Vectorization:
                      native: true
                      vectorizationSchemaColumns: [0:y:int, 1:ROW__ID:struct<transactionid:bigint,bucketid:int,rowid:bigint>]
                  Select Operator
                    Select Vectorization:
                        className: VectorSelectOperator
                        native: true
                        projectedOutputColumnNums: []
                    Statistics: Num rows: 1 Data size: 0 Basic stats: PARTIAL Column stats: COMPLETE
                    Reduce Output Operator
                      sort order: 
                      Reduce Sink Vectorization:
                          className: VectorReduceSinkEmptyKeyOperator
                          keyColumnNums: []
                          native: true
                          nativeConditionsMet: hive.vectorized.execution.reducesink.new.enabled IS true, hive.execution.engine tez IN [tez, spark] IS true, No PTF TopN IS true, No DISTINCT columns IS true, BinarySortableSerDe for keys IS true, LazyBinarySerDe for values IS true
                          valueColumnNums: []
                      Statistics: Num rows: 1 Data size: 0 Basic stats: PARTIAL Column stats: COMPLETE
            Execution mode: vectorized, llap
            LLAP IO: all inputs
            Map Vectorization:
                enabled: true
                enabledConditionsMet: hive.vectorized.use.vectorized.input.format IS true
                inputFormatFeatureSupport: []
                featureSupportInUse: []
                inputFileFormats: org.apache.hadoop.hive.ql.io.orc.OrcInputFormat
                allNative: true
                usesVectorUDFAdaptor: false
                vectorized: true
                rowBatchContext:
                    dataColumnCount: 1
                    includeColumns: []
                    dataColumns: y:int
                    partitionColumnCount: 0
                    scratchColumnTypeNames: []
        Map 4 
            Map Operator Tree:
                TableScan
                  alias: foo
                  Statistics: Num rows: 2 Data size: 8 Basic stats: COMPLETE Column stats: COMPLETE
                  TableScan Vectorization:
                      native: true
                      vectorizationSchemaColumns: [0:x:int, 1:ROW__ID:struct<transactionid:bigint,bucketid:int,rowid:bigint>]
                  Select Operator
                    Select Vectorization:
                        className: VectorSelectOperator
                        native: true
                        projectedOutputColumnNums: []
                    Statistics: Num rows: 2 Data size: 8 Basic stats: COMPLETE Column stats: COMPLETE
                    Reduce Output Operator
                      sort order: 
                      Reduce Sink Vectorization:
                          className: VectorReduceSinkEmptyKeyOperator
                          keyColumnNums: []
                          native: true
                          nativeConditionsMet: hive.vectorized.execution.reducesink.new.enabled IS true, hive.execution.engine tez IN [tez, spark] IS true, No PTF TopN IS true, No DISTINCT columns IS true, BinarySortableSerDe for keys IS true, LazyBinarySerDe for values IS true
                          valueColumnNums: []
                      Statistics: Num rows: 2 Data size: 8 Basic stats: COMPLETE Column stats: COMPLETE
            Execution mode: vectorized, llap
            LLAP IO: all inputs
            Map Vectorization:
                enabled: true
                enabledConditionsMet: hive.vectorized.use.vectorized.input.format IS true
                inputFormatFeatureSupport: []
                featureSupportInUse: []
                inputFileFormats: org.apache.hadoop.hive.ql.io.orc.OrcInputFormat
                allNative: true
                usesVectorUDFAdaptor: false
                vectorized: true
                rowBatchContext:
                    dataColumnCount: 1
                    includeColumns: []
                    dataColumns: x:int
                    partitionColumnCount: 0
                    scratchColumnTypeNames: []
        Reducer 2 
            Execution mode: llap
            Reduce Operator Tree:
              Merge Join Operator
                condition map:
                     Inner Join 0 to 1
                keys:
                  0 
                  1 
                Statistics: Num rows: 2 Data size: 10 Basic stats: PARTIAL Column stats: NONE
                Group By Operator
                  aggregations: count()
                  mode: hash
                  outputColumnNames: _col0
                  Statistics: Num rows: 1 Data size: 8 Basic stats: PARTIAL Column stats: NONE
                  Reduce Output Operator
                    sort order: 
                    Statistics: Num rows: 1 Data size: 8 Basic stats: PARTIAL Column stats: NONE
                    value expressions: _col0 (type: bigint)
        Reducer 3 
            Execution mode: vectorized, llap
            Reduce Vectorization:
                enabled: true
                enableConditionsMet: hive.vectorized.execution.reduce.enabled IS true, hive.execution.engine tez IN [tez, spark] IS true
                reduceColumnNullOrder: 
                reduceColumnSortOrder: 
                allNative: false
                usesVectorUDFAdaptor: false
                vectorized: true
                rowBatchContext:
                    dataColumnCount: 1
                    dataColumns: VALUE._col0:bigint
                    partitionColumnCount: 0
                    scratchColumnTypeNames: []
            Reduce Operator Tree:
              Group By Operator
                aggregations: count(VALUE._col0)
                Group By Vectorization:
                    aggregators: VectorUDAFCountMerge(col 0:bigint) -> bigint
                    className: VectorGroupByOperator
                    groupByMode: MERGEPARTIAL
                    native: false
                    vectorProcessingMode: GLOBAL
                    projectedOutputColumnNums: [0]
                mode: mergepartial
                outputColumnNames: _col0
                Statistics: Num rows: 1 Data size: 8 Basic stats: PARTIAL Column stats: NONE
                File Output Operator
                  compressed: false
                  File Sink Vectorization:
                      className: VectorFileSinkOperator
                      native: false
                  Statistics: Num rows: 1 Data size: 8 Basic stats: PARTIAL Column stats: NONE
                  table:
                      input format: org.apache.hadoop.mapred.SequenceFileInputFormat
                      output format: org.apache.hadoop.hive.ql.io.HiveSequenceFileOutputFormat
                      serde: org.apache.hadoop.hive.serde2.lazy.LazySimpleSerDe

  Stage: Stage-0
    Fetch Operator
      limit: -1
      Processor Tree:
        ListSink

Warning: Shuffle Join MERGEJOIN[13][tables = [$hdt$_0, $hdt$_1]] in Stage 'Reducer 2' is a cross product
PREHOOK: query: -- = 0 

select count(*) from bar, foo
PREHOOK: type: QUERY
PREHOOK: Input: default@bar
PREHOOK: Input: default@foo
#### A masked pattern was here ####
POSTHOOK: query: -- = 0 

select count(*) from bar, foo
POSTHOOK: type: QUERY
POSTHOOK: Input: default@bar
POSTHOOK: Input: default@foo
#### A masked pattern was here ####
0
