PREHOOK: query: -- SORT_QUERY_RESULTS

EXPLAIN SELECT cdouble, cstring1, cint, cfloat, csmallint, coalesce(cdouble, cstring1, cint, cfloat, csmallint) as c
FROM alltypesorc
WHERE (cdouble IS NULL)
ORDER BY cdouble, cstring1, cint, cfloat, csmallint, c
LIMIT 10
PREHOOK: type: QUERY
POSTHOOK: query: -- SORT_QUERY_RESULTS

EXPLAIN SELECT cdouble, cstring1, cint, cfloat, csmallint, coalesce(cdouble, cstring1, cint, cfloat, csmallint) as c
FROM alltypesorc
WHERE (cdouble IS NULL)
ORDER BY cdouble, cstring1, cint, cfloat, csmallint, c
LIMIT 10
POSTHOOK: type: QUERY
STAGE DEPENDENCIES:
  Stage-1 is a root stage
  Stage-0 depends on stages: Stage-1

STAGE PLANS:
  Stage: Stage-1
    Tez
      Edges:
        Reducer 2 <- Map 1 (SIMPLE_EDGE)
#### A masked pattern was here ####
      Vertices:
        Map 1 
            Map Operator Tree:
                TableScan
                  alias: alltypesorc
                  Statistics: Num rows: 12288 Data size: 2641964 Basic stats: COMPLETE Column stats: NONE
                  Filter Operator
                    predicate: cdouble is null (type: boolean)
                    Statistics: Num rows: 6144 Data size: 1320982 Basic stats: COMPLETE Column stats: NONE
                    Select Operator
                      expressions: cstring1 (type: string), cint (type: int), cfloat (type: float), csmallint (type: smallint), COALESCE(null,cstring1,cint,cfloat,csmallint) (type: string)
                      outputColumnNames: _col1, _col2, _col3, _col4, _col5
                      Statistics: Num rows: 6144 Data size: 1320982 Basic stats: COMPLETE Column stats: NONE
                      Reduce Output Operator
                        key expressions: null (type: double), _col1 (type: string), _col2 (type: int), _col3 (type: float), _col4 (type: smallint), _col5 (type: string)
                        sort order: ++++++
                        Statistics: Num rows: 6144 Data size: 1320982 Basic stats: COMPLETE Column stats: NONE
            Execution mode: vectorized, llap
        Reducer 2 
            Execution mode: vectorized, uber
            Reduce Operator Tree:
              Select Operator
                expressions: null (type: double), KEY.reducesinkkey1 (type: string), KEY.reducesinkkey2 (type: int), KEY.reducesinkkey3 (type: float), KEY.reducesinkkey4 (type: smallint), KEY.reducesinkkey5 (type: string)
                outputColumnNames: _col0, _col1, _col2, _col3, _col4, _col5
                Statistics: Num rows: 6144 Data size: 1320982 Basic stats: COMPLETE Column stats: NONE
                Limit
                  Number of rows: 10
                  Statistics: Num rows: 10 Data size: 2150 Basic stats: COMPLETE Column stats: NONE
                  File Output Operator
                    compressed: false
                    Statistics: Num rows: 10 Data size: 2150 Basic stats: COMPLETE Column stats: NONE
                    table:
                        input format: org.apache.hadoop.mapred.TextInputFormat
                        output format: org.apache.hadoop.hive.ql.io.HiveIgnoreKeyTextOutputFormat
                        serde: org.apache.hadoop.hive.serde2.lazy.LazySimpleSerDe

  Stage: Stage-0
    Fetch Operator
      limit: 10
      Processor Tree:
        ListSink

PREHOOK: query: SELECT cdouble, cstring1, cint, cfloat, csmallint, coalesce(cdouble, cstring1, cint, cfloat, csmallint) as c 
FROM alltypesorc
WHERE (cdouble IS NULL)
ORDER BY cdouble, cstring1, cint, cfloat, csmallint, c
LIMIT 10
PREHOOK: type: QUERY
PREHOOK: Input: default@alltypesorc
#### A masked pattern was here ####
POSTHOOK: query: SELECT cdouble, cstring1, cint, cfloat, csmallint, coalesce(cdouble, cstring1, cint, cfloat, csmallint) as c 
FROM alltypesorc
WHERE (cdouble IS NULL)
ORDER BY cdouble, cstring1, cint, cfloat, csmallint, c
LIMIT 10
POSTHOOK: type: QUERY
POSTHOOK: Input: default@alltypesorc
#### A masked pattern was here ####
NULL	NULL	-413196097	-51.0	NULL	-413196097
NULL	NULL	-413553449	11.0	NULL	-413553449
NULL	NULL	-457224565	11.0	NULL	-457224565
NULL	NULL	-591488718	-51.0	NULL	-591488718
NULL	NULL	-656987896	8.0	NULL	-656987896
NULL	NULL	-670908417	8.0	NULL	-670908417
NULL	NULL	-738306196	-51.0	NULL	-738306196
NULL	NULL	-819152895	8.0	NULL	-819152895
NULL	NULL	-827212561	8.0	NULL	-827212561
NULL	NULL	-949587513	11.0	NULL	-949587513
PREHOOK: query: EXPLAIN SELECT ctinyint, cdouble, cint, coalesce(ctinyint+10, (cdouble+log2(cint)), 0) as c
FROM alltypesorc
WHERE (ctinyint IS NULL)
ORDER BY ctinyint, cdouble, cint, c
LIMIT 10
PREHOOK: type: QUERY
POSTHOOK: query: EXPLAIN SELECT ctinyint, cdouble, cint, coalesce(ctinyint+10, (cdouble+log2(cint)), 0) as c
FROM alltypesorc
WHERE (ctinyint IS NULL)
ORDER BY ctinyint, cdouble, cint, c
LIMIT 10
POSTHOOK: type: QUERY
STAGE DEPENDENCIES:
  Stage-1 is a root stage
  Stage-0 depends on stages: Stage-1

STAGE PLANS:
  Stage: Stage-1
    Tez
      Edges:
        Reducer 2 <- Map 1 (SIMPLE_EDGE)
#### A masked pattern was here ####
      Vertices:
        Map 1 
            Map Operator Tree:
                TableScan
                  alias: alltypesorc
                  Statistics: Num rows: 12288 Data size: 2641964 Basic stats: COMPLETE Column stats: NONE
                  Filter Operator
                    predicate: ctinyint is null (type: boolean)
                    Statistics: Num rows: 6144 Data size: 1320982 Basic stats: COMPLETE Column stats: NONE
                    Select Operator
                      expressions: cdouble (type: double), cint (type: int), COALESCE(null,(cdouble + log2(cint)),0) (type: double)
                      outputColumnNames: _col1, _col2, _col3
                      Statistics: Num rows: 6144 Data size: 1320982 Basic stats: COMPLETE Column stats: NONE
                      Reduce Output Operator
                        key expressions: null (type: tinyint), _col1 (type: double), _col2 (type: int), _col3 (type: double)
                        sort order: ++++
                        Statistics: Num rows: 6144 Data size: 1320982 Basic stats: COMPLETE Column stats: NONE
            Execution mode: vectorized, llap
        Reducer 2 
            Execution mode: vectorized, uber
            Reduce Operator Tree:
              Select Operator
                expressions: null (type: tinyint), KEY.reducesinkkey1 (type: double), KEY.reducesinkkey2 (type: int), KEY.reducesinkkey3 (type: double)
                outputColumnNames: _col0, _col1, _col2, _col3
                Statistics: Num rows: 6144 Data size: 1320982 Basic stats: COMPLETE Column stats: NONE
                Limit
                  Number of rows: 10
                  Statistics: Num rows: 10 Data size: 2150 Basic stats: COMPLETE Column stats: NONE
                  File Output Operator
                    compressed: false
                    Statistics: Num rows: 10 Data size: 2150 Basic stats: COMPLETE Column stats: NONE
                    table:
                        input format: org.apache.hadoop.mapred.TextInputFormat
                        output format: org.apache.hadoop.hive.ql.io.HiveIgnoreKeyTextOutputFormat
                        serde: org.apache.hadoop.hive.serde2.lazy.LazySimpleSerDe

  Stage: Stage-0
    Fetch Operator
      limit: 10
      Processor Tree:
        ListSink

PREHOOK: query: SELECT ctinyint, cdouble, cint, coalesce(ctinyint+10, (cdouble+log2(cint)), 0) as c
FROM alltypesorc
WHERE (ctinyint IS NULL)
ORDER BY ctinyint, cdouble, cint, c
LIMIT 10
PREHOOK: type: QUERY
PREHOOK: Input: default@alltypesorc
#### A masked pattern was here ####
POSTHOOK: query: SELECT ctinyint, cdouble, cint, coalesce(ctinyint+10, (cdouble+log2(cint)), 0) as c
FROM alltypesorc
WHERE (ctinyint IS NULL)
ORDER BY ctinyint, cdouble, cint, c
LIMIT 10
POSTHOOK: type: QUERY
POSTHOOK: Input: default@alltypesorc
#### A masked pattern was here ####
NULL	NULL	-1015272448	0.0
NULL	NULL	-609074876	0.0
NULL	NULL	-700300206	0.0
NULL	NULL	-726473298	0.0
NULL	NULL	-738747840	0.0
NULL	NULL	-838810013	0.0
NULL	NULL	-850295959	0.0
NULL	NULL	-886426182	0.0
NULL	NULL	-899422227	0.0
NULL	NULL	-971543377	0.0
PREHOOK: query: EXPLAIN SELECT cfloat, cbigint, coalesce(cfloat, cbigint, 0) as c
FROM alltypesorc
WHERE (cfloat IS NULL AND cbigint IS NULL)
ORDER BY cfloat, cbigint, c
LIMIT 10
PREHOOK: type: QUERY
POSTHOOK: query: EXPLAIN SELECT cfloat, cbigint, coalesce(cfloat, cbigint, 0) as c
FROM alltypesorc
WHERE (cfloat IS NULL AND cbigint IS NULL)
ORDER BY cfloat, cbigint, c
LIMIT 10
POSTHOOK: type: QUERY
STAGE DEPENDENCIES:
  Stage-1 is a root stage
  Stage-0 depends on stages: Stage-1

STAGE PLANS:
  Stage: Stage-1
    Tez
      Edges:
        Reducer 2 <- Map 1 (SIMPLE_EDGE)
#### A masked pattern was here ####
      Vertices:
        Map 1 
            Map Operator Tree:
                TableScan
                  alias: alltypesorc
                  Statistics: Num rows: 12288 Data size: 2641964 Basic stats: COMPLETE Column stats: NONE
                  Filter Operator
                    predicate: (cfloat is null and cbigint is null) (type: boolean)
                    Statistics: Num rows: 3072 Data size: 660491 Basic stats: COMPLETE Column stats: NONE
                    Select Operator
                      Statistics: Num rows: 3072 Data size: 660491 Basic stats: COMPLETE Column stats: NONE
                      Reduce Output Operator
                        key expressions: null (type: float), null (type: bigint), 0.0 (type: float)
                        sort order: +++
                        Statistics: Num rows: 3072 Data size: 660491 Basic stats: COMPLETE Column stats: NONE
            Execution mode: vectorized, llap
        Reducer 2 
            Execution mode: vectorized, uber
            Reduce Operator Tree:
              Select Operator
                expressions: null (type: float), null (type: bigint), 0.0 (type: float)
                outputColumnNames: _col0, _col1, _col2
                Statistics: Num rows: 3072 Data size: 660491 Basic stats: COMPLETE Column stats: NONE
                Limit
                  Number of rows: 10
                  Statistics: Num rows: 10 Data size: 2150 Basic stats: COMPLETE Column stats: NONE
                  File Output Operator
                    compressed: false
                    Statistics: Num rows: 10 Data size: 2150 Basic stats: COMPLETE Column stats: NONE
                    table:
                        input format: org.apache.hadoop.mapred.TextInputFormat
                        output format: org.apache.hadoop.hive.ql.io.HiveIgnoreKeyTextOutputFormat
                        serde: org.apache.hadoop.hive.serde2.lazy.LazySimpleSerDe

  Stage: Stage-0
    Fetch Operator
      limit: 10
      Processor Tree:
        ListSink

PREHOOK: query: SELECT cfloat, cbigint, coalesce(cfloat, cbigint, 0) as c
FROM alltypesorc
WHERE (cfloat IS NULL AND cbigint IS NULL)
ORDER BY cfloat, cbigint, c
LIMIT 10
PREHOOK: type: QUERY
PREHOOK: Input: default@alltypesorc
#### A masked pattern was here ####
POSTHOOK: query: SELECT cfloat, cbigint, coalesce(cfloat, cbigint, 0) as c
FROM alltypesorc
WHERE (cfloat IS NULL AND cbigint IS NULL)
ORDER BY cfloat, cbigint, c
LIMIT 10
POSTHOOK: type: QUERY
POSTHOOK: Input: default@alltypesorc
#### A masked pattern was here ####
NULL	NULL	0.0
NULL	NULL	0.0
NULL	NULL	0.0
NULL	NULL	0.0
NULL	NULL	0.0
NULL	NULL	0.0
NULL	NULL	0.0
NULL	NULL	0.0
NULL	NULL	0.0
NULL	NULL	0.0
PREHOOK: query: EXPLAIN SELECT ctimestamp1, ctimestamp2, coalesce(ctimestamp1, ctimestamp2) as c
FROM alltypesorc 
WHERE ctimestamp1 IS NOT NULL OR ctimestamp2 IS NOT NULL
ORDER BY ctimestamp1, ctimestamp2, c
LIMIT 10
PREHOOK: type: QUERY
POSTHOOK: query: EXPLAIN SELECT ctimestamp1, ctimestamp2, coalesce(ctimestamp1, ctimestamp2) as c
FROM alltypesorc 
WHERE ctimestamp1 IS NOT NULL OR ctimestamp2 IS NOT NULL
ORDER BY ctimestamp1, ctimestamp2, c
LIMIT 10
POSTHOOK: type: QUERY
STAGE DEPENDENCIES:
  Stage-1 is a root stage
  Stage-0 depends on stages: Stage-1

STAGE PLANS:
  Stage: Stage-1
    Tez
      Edges:
        Reducer 2 <- Map 1 (SIMPLE_EDGE)
#### A masked pattern was here ####
      Vertices:
        Map 1 
            Map Operator Tree:
                TableScan
                  alias: alltypesorc
                  Statistics: Num rows: 12288 Data size: 2641964 Basic stats: COMPLETE Column stats: NONE
                  Filter Operator
                    predicate: (ctimestamp1 is not null or ctimestamp2 is not null) (type: boolean)
                    Statistics: Num rows: 12288 Data size: 2641964 Basic stats: COMPLETE Column stats: NONE
                    Select Operator
                      expressions: ctimestamp1 (type: timestamp), ctimestamp2 (type: timestamp), COALESCE(ctimestamp1,ctimestamp2) (type: timestamp)
                      outputColumnNames: _col0, _col1, _col2
                      Statistics: Num rows: 12288 Data size: 2641964 Basic stats: COMPLETE Column stats: NONE
                      Reduce Output Operator
                        key expressions: _col0 (type: timestamp), _col1 (type: timestamp), _col2 (type: timestamp)
                        sort order: +++
                        Statistics: Num rows: 12288 Data size: 2641964 Basic stats: COMPLETE Column stats: NONE
            Execution mode: vectorized, llap
        Reducer 2 
            Execution mode: vectorized, uber
            Reduce Operator Tree:
              Select Operator
                expressions: KEY.reducesinkkey0 (type: timestamp), KEY.reducesinkkey1 (type: timestamp), KEY.reducesinkkey2 (type: timestamp)
                outputColumnNames: _col0, _col1, _col2
                Statistics: Num rows: 12288 Data size: 2641964 Basic stats: COMPLETE Column stats: NONE
                Limit
                  Number of rows: 10
                  Statistics: Num rows: 10 Data size: 2150 Basic stats: COMPLETE Column stats: NONE
                  File Output Operator
                    compressed: false
                    Statistics: Num rows: 10 Data size: 2150 Basic stats: COMPLETE Column stats: NONE
                    table:
                        input format: org.apache.hadoop.mapred.TextInputFormat
                        output format: org.apache.hadoop.hive.ql.io.HiveIgnoreKeyTextOutputFormat
                        serde: org.apache.hadoop.hive.serde2.lazy.LazySimpleSerDe

  Stage: Stage-0
    Fetch Operator
      limit: 10
      Processor Tree:
        ListSink

PREHOOK: query: SELECT ctimestamp1, ctimestamp2, coalesce(ctimestamp1, ctimestamp2) as c
FROM alltypesorc 
WHERE ctimestamp1 IS NOT NULL OR ctimestamp2 IS NOT NULL
ORDER BY ctimestamp1, ctimestamp2, c
LIMIT 10
PREHOOK: type: QUERY
PREHOOK: Input: default@alltypesorc
#### A masked pattern was here ####
POSTHOOK: query: SELECT ctimestamp1, ctimestamp2, coalesce(ctimestamp1, ctimestamp2) as c
FROM alltypesorc 
WHERE ctimestamp1 IS NOT NULL OR ctimestamp2 IS NOT NULL
ORDER BY ctimestamp1, ctimestamp2, c
LIMIT 10
POSTHOOK: type: QUERY
POSTHOOK: Input: default@alltypesorc
#### A masked pattern was here ####
NULL	1969-12-31 15:59:30.929	1969-12-31 15:59:30.929
NULL	1969-12-31 15:59:30.929	1969-12-31 15:59:30.929
NULL	1969-12-31 15:59:30.929	1969-12-31 15:59:30.929
NULL	1969-12-31 15:59:43.63	1969-12-31 15:59:43.63
NULL	1969-12-31 15:59:43.658	1969-12-31 15:59:43.658
NULL	1969-12-31 15:59:43.672	1969-12-31 15:59:43.672
NULL	1969-12-31 15:59:43.684	1969-12-31 15:59:43.684
NULL	1969-12-31 15:59:43.703	1969-12-31 15:59:43.703
NULL	1969-12-31 15:59:43.704	1969-12-31 15:59:43.704
NULL	1969-12-31 15:59:43.709	1969-12-31 15:59:43.709
