PREHOOK: query: create external table parquet_decimal64(salary string) stored as parquet
PREHOOK: type: CREATETABLE
PREHOOK: Output: database:default
PREHOOK: Output: default@parquet_decimal64
POSTHOOK: query: create external table parquet_decimal64(salary string) stored as parquet
POSTHOOK: type: CREATETABLE
POSTHOOK: Output: database:default
POSTHOOK: Output: default@parquet_decimal64
PREHOOK: query: insert into parquet_decimal64 values ('0'), ('43.5'), ('144.2'), ('45.7'), ('100')
PREHOOK: type: QUERY
PREHOOK: Input: _dummy_database@_dummy_table
PREHOOK: Output: default@parquet_decimal64
POSTHOOK: query: insert into parquet_decimal64 values ('0'), ('43.5'), ('144.2'), ('45.7'), ('100')
POSTHOOK: type: QUERY
POSTHOOK: Input: _dummy_database@_dummy_table
POSTHOOK: Output: default@parquet_decimal64
POSTHOOK: Lineage: parquet_decimal64.salary SCRIPT []
PREHOOK: query: explain select * from parquet_decimal64 
    where cast(salary as decimal(12, 2)) <= 100 and cast(salary as decimal(12, 2)) >= 0.0
PREHOOK: type: QUERY
PREHOOK: Input: default@parquet_decimal64
#### A masked pattern was here ####
POSTHOOK: query: explain select * from parquet_decimal64 
    where cast(salary as decimal(12, 2)) <= 100 and cast(salary as decimal(12, 2)) >= 0.0
POSTHOOK: type: QUERY
POSTHOOK: Input: default@parquet_decimal64
#### A masked pattern was here ####
STAGE DEPENDENCIES:
  Stage-1 is a root stage
  Stage-0 depends on stages: Stage-1

STAGE PLANS:
  Stage: Stage-1
    Tez
#### A masked pattern was here ####
      Vertices:
        Map 1 
            Map Operator Tree:
                TableScan
                  alias: parquet_decimal64
                  filterExpr: CAST( salary AS decimal(12,2)) BETWEEN 0 AND 100 (type: boolean)
                  Statistics: Num rows: 5 Data size: 435 Basic stats: COMPLETE Column stats: COMPLETE
                  Filter Operator
                    predicate: CAST( salary AS decimal(12,2)) BETWEEN 0 AND 100 (type: boolean)
                    Statistics: Num rows: 1 Data size: 87 Basic stats: COMPLETE Column stats: COMPLETE
                    Select Operator
                      expressions: salary (type: string)
                      outputColumnNames: _col0
                      Statistics: Num rows: 1 Data size: 87 Basic stats: COMPLETE Column stats: COMPLETE
                      File Output Operator
                        compressed: false
                        Statistics: Num rows: 1 Data size: 87 Basic stats: COMPLETE Column stats: COMPLETE
                        table:
                            input format: org.apache.hadoop.mapred.SequenceFileInputFormat
                            output format: org.apache.hadoop.hive.ql.io.HiveSequenceFileOutputFormat
                            serde: org.apache.hadoop.hive.serde2.lazy.LazySimpleSerDe
            Execution mode: vectorized, llap
            LLAP IO: all inputs (cache only)

  Stage: Stage-0
    Fetch Operator
      limit: -1
      Processor Tree:
        ListSink

PREHOOK: query: select * from parquet_decimal64 
    where cast(salary as decimal(12, 2)) <= 100 and cast(salary as decimal(12, 2)) >= 0.0
PREHOOK: type: QUERY
PREHOOK: Input: default@parquet_decimal64
#### A masked pattern was here ####
POSTHOOK: query: select * from parquet_decimal64 
    where cast(salary as decimal(12, 2)) <= 100 and cast(salary as decimal(12, 2)) >= 0.0
POSTHOOK: type: QUERY
POSTHOOK: Input: default@parquet_decimal64
#### A masked pattern was here ####
0
100
43.5
45.7
PREHOOK: query: drop table parquet_decimal64
PREHOOK: type: DROPTABLE
PREHOOK: Input: default@parquet_decimal64
PREHOOK: Output: database:default
PREHOOK: Output: default@parquet_decimal64
POSTHOOK: query: drop table parquet_decimal64
POSTHOOK: type: DROPTABLE
POSTHOOK: Input: default@parquet_decimal64
POSTHOOK: Output: database:default
POSTHOOK: Output: default@parquet_decimal64
