PREHOOK: query: create temporary table foo(x int , y decimal(7,2))
PREHOOK: type: CREATETABLE
PREHOOK: Output: database:default
PREHOOK: Output: default@foo
POSTHOOK: query: create temporary table foo(x int , y decimal(7,2))
POSTHOOK: type: CREATETABLE
POSTHOOK: Output: database:default
POSTHOOK: Output: default@foo
PREHOOK: query: create temporary table bar(x int , y decimal(7,2))
PREHOOK: type: CREATETABLE
PREHOOK: Output: database:default
PREHOOK: Output: default@bar
POSTHOOK: query: create temporary table bar(x int , y decimal(7,2))
POSTHOOK: type: CREATETABLE
POSTHOOK: Output: database:default
POSTHOOK: Output: default@bar
PREHOOK: query: explain vectorization detail select sum(foo.y) from foo, bar where foo.x = bar.x
PREHOOK: type: QUERY
PREHOOK: Input: default@bar
PREHOOK: Input: default@foo
#### A masked pattern was here ####
POSTHOOK: query: explain vectorization detail select sum(foo.y) from foo, bar where foo.x = bar.x
POSTHOOK: type: QUERY
POSTHOOK: Input: default@bar
POSTHOOK: Input: default@foo
#### A masked pattern was here ####
PLAN VECTORIZATION:
  enabled: true
  enabledConditionsMet: [hive.vectorized.execution.enabled IS true]

STAGE DEPENDENCIES:
  Stage-1 is a root stage
  Stage-0 depends on stages: Stage-1

STAGE PLANS:
  Stage: Stage-1
    Tez
#### A masked pattern was here ####
      Edges:
        Map 1 <- Map 3 (BROADCAST_EDGE)
        Reducer 2 <- Map 1 (CUSTOM_SIMPLE_EDGE)
#### A masked pattern was here ####
      Vertices:
        Map 1 
            Map Operator Tree:
                TableScan
                  alias: foo
                  filterExpr: x is not null (type: boolean)
                  Statistics: Num rows: 1 Data size: 116 Basic stats: COMPLETE Column stats: NONE
                  TableScan Vectorization:
                      native: true
                      vectorizationSchemaColumns: [0:x:int, 1:y:decimal(7,2)/DECIMAL_64, 2:ROW__ID:struct<writeid:bigint,bucketid:int,rowid:bigint>]
                  Filter Operator
                    Filter Vectorization:
                        className: VectorFilterOperator
                        native: true
                        predicateExpression: SelectColumnIsNotNull(col 0:int)
                    predicate: x is not null (type: boolean)
                    Statistics: Num rows: 1 Data size: 116 Basic stats: COMPLETE Column stats: NONE
                    Select Operator
                      expressions: x (type: int), y (type: decimal(7,2))
                      outputColumnNames: _col0, _col1
                      Select Vectorization:
                          className: VectorSelectOperator
                          native: true
                          projectedOutputColumnNums: [0, 1]
                      Statistics: Num rows: 1 Data size: 116 Basic stats: COMPLETE Column stats: NONE
                      Map Join Operator
                        condition map:
                             Inner Join 0 to 1
                        keys:
                          0 _col0 (type: int)
                          1 _col0 (type: int)
                        Map Join Vectorization:
                            bigTableKeyColumns: 0:int
                            bigTableRetainColumnNums: [1]
                            bigTableValueColumns: 1:decimal(7,2)
                            className: VectorMapJoinInnerBigOnlyLongOperator
                            native: true
                            nativeConditionsMet: hive.mapjoin.optimized.hashtable IS true, hive.vectorized.execution.mapjoin.native.enabled IS true, hive.execution.engine tez IN [tez, spark] IS true, One MapJoin Condition IS true, No nullsafe IS true, Small table vectorizes IS true, Optimized Table and Supports Key Types IS true
                            nonOuterSmallTableKeyMapping: []
                            projectedOutput: 1:decimal(7,2)
                            hashTableImplementationType: OPTIMIZED
                        outputColumnNames: _col1
                        input vertices:
                          1 Map 3
                        Statistics: Num rows: 1 Data size: 127 Basic stats: COMPLETE Column stats: NONE
                        Group By Operator
                          aggregations: sum(_col1)
                          Group By Vectorization:
                              aggregators: VectorUDAFSumDecimal64(col 1:decimal(7,2)/DECIMAL_64) -> decimal(17,2)/DECIMAL_64
                              className: VectorGroupByOperator
                              groupByMode: HASH
                              native: false
                              vectorProcessingMode: HASH
                              projectedOutputColumnNums: [0]
                          minReductionHashAggr: 0.99
                          mode: hash
                          outputColumnNames: _col0
                          Statistics: Num rows: 1 Data size: 112 Basic stats: COMPLETE Column stats: NONE
                          Reduce Output Operator
                            null sort order: 
                            sort order: 
                            Reduce Sink Vectorization:
                                className: VectorReduceSinkEmptyKeyOperator
                                native: true
                                nativeConditionsMet: hive.vectorized.execution.reducesink.new.enabled IS true, hive.execution.engine tez IN [tez, spark] IS true, No PTF TopN IS true, No DISTINCT columns IS true, BinarySortableSerDe for keys IS true, LazyBinarySerDe for values IS true
                                valueColumns: 0:decimal(17,2)
                            Statistics: Num rows: 1 Data size: 112 Basic stats: COMPLETE Column stats: NONE
                            value expressions: _col0 (type: decimal(17,2))
            Execution mode: vectorized, llap
            LLAP IO: no inputs
            Map Vectorization:
                enabled: true
                enabledConditionsMet: hive.vectorized.use.vector.serde.deserialize IS true
                inputFormatFeatureSupport: [DECIMAL_64]
                featureSupportInUse: [DECIMAL_64]
                inputFileFormats: org.apache.hadoop.mapred.TextInputFormat
                allNative: false
                usesVectorUDFAdaptor: false
                vectorized: true
                rowBatchContext:
                    dataColumnCount: 2
                    includeColumns: [0, 1]
                    dataColumns: x:int, y:decimal(7,2)/DECIMAL_64
                    partitionColumnCount: 0
                    scratchColumnTypeNames: []
        Map 3 
            Map Operator Tree:
                TableScan
                  alias: bar
                  filterExpr: x is not null (type: boolean)
                  Statistics: Num rows: 1 Data size: 4 Basic stats: COMPLETE Column stats: NONE
                  TableScan Vectorization:
                      native: true
                      vectorizationSchemaColumns: [0:x:int, 1:y:decimal(7,2)/DECIMAL_64, 2:ROW__ID:struct<writeid:bigint,bucketid:int,rowid:bigint>]
                  Filter Operator
                    Filter Vectorization:
                        className: VectorFilterOperator
                        native: true
                        predicateExpression: SelectColumnIsNotNull(col 0:int)
                    predicate: x is not null (type: boolean)
                    Statistics: Num rows: 1 Data size: 4 Basic stats: COMPLETE Column stats: NONE
                    Select Operator
                      expressions: x (type: int)
                      outputColumnNames: _col0
                      Select Vectorization:
                          className: VectorSelectOperator
                          native: true
                          projectedOutputColumnNums: [0]
                      Statistics: Num rows: 1 Data size: 4 Basic stats: COMPLETE Column stats: NONE
                      Reduce Output Operator
                        key expressions: _col0 (type: int)
                        null sort order: a
                        sort order: +
                        Map-reduce partition columns: _col0 (type: int)
                        Reduce Sink Vectorization:
                            className: VectorReduceSinkLongOperator
                            keyColumns: 0:int
                            native: true
                            nativeConditionsMet: hive.vectorized.execution.reducesink.new.enabled IS true, hive.execution.engine tez IN [tez, spark] IS true, No PTF TopN IS true, No DISTINCT columns IS true, BinarySortableSerDe for keys IS true, LazyBinarySerDe for values IS true
                        Statistics: Num rows: 1 Data size: 4 Basic stats: COMPLETE Column stats: NONE
            Execution mode: vectorized, llap
            LLAP IO: no inputs
            Map Vectorization:
                enabled: true
                enabledConditionsMet: hive.vectorized.use.vector.serde.deserialize IS true
                inputFormatFeatureSupport: [DECIMAL_64]
                featureSupportInUse: [DECIMAL_64]
                inputFileFormats: org.apache.hadoop.mapred.TextInputFormat
                allNative: true
                usesVectorUDFAdaptor: false
                vectorized: true
                rowBatchContext:
                    dataColumnCount: 2
                    includeColumns: [0]
                    dataColumns: x:int, y:decimal(7,2)/DECIMAL_64
                    partitionColumnCount: 0
                    scratchColumnTypeNames: []
        Reducer 2 
            Execution mode: vectorized, llap
            Reduce Vectorization:
                enabled: true
                enableConditionsMet: hive.vectorized.execution.reduce.enabled IS true, hive.execution.engine tez IN [tez, spark] IS true
                reduceColumnNullOrder: 
                reduceColumnSortOrder: 
                allNative: false
                usesVectorUDFAdaptor: false
                vectorized: true
                rowBatchContext:
                    dataColumnCount: 1
                    dataColumns: VALUE._col0:decimal(17,2)
                    partitionColumnCount: 0
                    scratchColumnTypeNames: []
            Reduce Operator Tree:
              Group By Operator
                aggregations: sum(VALUE._col0)
                Group By Vectorization:
                    aggregators: VectorUDAFSumDecimal(col 0:decimal(17,2)) -> decimal(17,2)
                    className: VectorGroupByOperator
                    groupByMode: MERGEPARTIAL
                    native: false
                    vectorProcessingMode: GLOBAL
                    projectedOutputColumnNums: [0]
                mode: mergepartial
                outputColumnNames: _col0
                Statistics: Num rows: 1 Data size: 112 Basic stats: COMPLETE Column stats: NONE
                File Output Operator
                  compressed: false
                  File Sink Vectorization:
                      className: VectorFileSinkOperator
                      native: false
                  Statistics: Num rows: 1 Data size: 112 Basic stats: COMPLETE Column stats: NONE
                  table:
                      input format: org.apache.hadoop.mapred.SequenceFileInputFormat
                      output format: org.apache.hadoop.hive.ql.io.HiveSequenceFileOutputFormat
                      serde: org.apache.hadoop.hive.serde2.lazy.LazySimpleSerDe

  Stage: Stage-0
    Fetch Operator
      limit: -1
      Processor Tree:
        ListSink

