PREHOOK: query: CREATE TABLE non_string_part(cint INT, cstring1 STRING, cdouble DOUBLE, ctimestamp1 TIMESTAMP) PARTITIONED BY (ctinyint tinyint) STORED AS ORC
PREHOOK: type: CREATETABLE
PREHOOK: Output: database:default
PREHOOK: Output: default@non_string_part
POSTHOOK: query: CREATE TABLE non_string_part(cint INT, cstring1 STRING, cdouble DOUBLE, ctimestamp1 TIMESTAMP) PARTITIONED BY (ctinyint tinyint) STORED AS ORC
POSTHOOK: type: CREATETABLE
POSTHOOK: Output: database:default
POSTHOOK: Output: default@non_string_part
PREHOOK: query: INSERT OVERWRITE TABLE non_string_part PARTITION(ctinyint) SELECT cint, cstring1, cdouble, ctimestamp1, ctinyint fROM alltypesorc 
WHERE ctinyint IS NULL AND cdouble IS NOT NULL ORDER BY cdouble
PREHOOK: type: QUERY
PREHOOK: Input: default@alltypesorc
PREHOOK: Output: default@non_string_part
POSTHOOK: query: INSERT OVERWRITE TABLE non_string_part PARTITION(ctinyint) SELECT cint, cstring1, cdouble, ctimestamp1, ctinyint fROM alltypesorc 
WHERE ctinyint IS NULL AND cdouble IS NOT NULL ORDER BY cdouble
POSTHOOK: type: QUERY
POSTHOOK: Input: default@alltypesorc
POSTHOOK: Output: default@non_string_part@ctinyint=__HIVE_DEFAULT_PARTITION__
POSTHOOK: Lineage: non_string_part PARTITION(ctinyint=__HIVE_DEFAULT_PARTITION__).cdouble SIMPLE [(alltypesorc)alltypesorc.FieldSchema(name:cdouble, type:double, comment:null), ]
POSTHOOK: Lineage: non_string_part PARTITION(ctinyint=__HIVE_DEFAULT_PARTITION__).cint SIMPLE [(alltypesorc)alltypesorc.FieldSchema(name:cint, type:int, comment:null), ]
POSTHOOK: Lineage: non_string_part PARTITION(ctinyint=__HIVE_DEFAULT_PARTITION__).cstring1 SIMPLE [(alltypesorc)alltypesorc.FieldSchema(name:cstring1, type:string, comment:null), ]
POSTHOOK: Lineage: non_string_part PARTITION(ctinyint=__HIVE_DEFAULT_PARTITION__).ctimestamp1 SIMPLE [(alltypesorc)alltypesorc.FieldSchema(name:ctimestamp1, type:timestamp, comment:null), ]
PREHOOK: query: SHOW PARTITIONS non_string_part
PREHOOK: type: SHOWPARTITIONS
PREHOOK: Input: default@non_string_part
POSTHOOK: query: SHOW PARTITIONS non_string_part
POSTHOOK: type: SHOWPARTITIONS
POSTHOOK: Input: default@non_string_part
ctinyint=__HIVE_DEFAULT_PARTITION__
PREHOOK: query: EXPLAIN VECTORIZATION EXPRESSION  SELECT cint, ctinyint FROM non_string_part WHERE cint > 0 ORDER BY cint LIMIT 10
PREHOOK: type: QUERY
POSTHOOK: query: EXPLAIN VECTORIZATION EXPRESSION  SELECT cint, ctinyint FROM non_string_part WHERE cint > 0 ORDER BY cint LIMIT 10
POSTHOOK: type: QUERY
PLAN VECTORIZATION:
  enabled: true
  enabledConditionsMet: [hive.vectorized.execution.enabled IS true]

STAGE DEPENDENCIES:
  Stage-1 is a root stage
  Stage-0 depends on stages: Stage-1

STAGE PLANS:
  Stage: Stage-1
    Tez
#### A masked pattern was here ####
      Edges:
        Reducer 2 <- Map 1 (SIMPLE_EDGE)
#### A masked pattern was here ####
      Vertices:
        Map 1 
            Map Operator Tree:
                TableScan
                  alias: non_string_part
                  Statistics: Num rows: 3073 Data size: 351442 Basic stats: COMPLETE Column stats: PARTIAL
                  TableScan Vectorization:
                      native: true
                      projectedOutputColumns: [0, 1, 2, 3, 4]
                  Filter Operator
                    Filter Vectorization:
                        className: VectorFilterOperator
                        native: true
                        predicateExpression: FilterLongColGreaterLongScalar(col 0, val 0) -> boolean
                    predicate: (cint > 0) (type: boolean)
                    Statistics: Num rows: 1024 Data size: 4096 Basic stats: COMPLETE Column stats: PARTIAL
                    Select Operator
                      expressions: cint (type: int), ctinyint (type: tinyint)
                      outputColumnNames: _col0, _col1
                      Select Vectorization:
                          className: VectorSelectOperator
                          native: true
                          projectedOutputColumns: [0, 4]
                      Statistics: Num rows: 1024 Data size: 4096 Basic stats: COMPLETE Column stats: PARTIAL
                      Reduce Output Operator
                        key expressions: _col0 (type: int)
                        sort order: +
                        Reduce Sink Vectorization:
                            className: VectorReduceSinkOperator
                            native: false
                            nativeConditionsMet: hive.vectorized.execution.reducesink.new.enabled IS true, hive.execution.engine tez IN [tez, spark] IS true, No DISTINCT columns IS true, BinarySortableSerDe for keys IS true, LazyBinarySerDe for values IS true
                            nativeConditionsNotMet: No TopN IS false
                        Statistics: Num rows: 1024 Data size: 4096 Basic stats: COMPLETE Column stats: PARTIAL
                        TopN Hash Memory Usage: 0.1
                        value expressions: _col1 (type: tinyint)
            Execution mode: vectorized, llap
            LLAP IO: all inputs
            Map Vectorization:
                enabled: true
                enabledConditionsMet: hive.vectorized.use.vectorized.input.format IS true
                groupByVectorOutput: true
                inputFileFormats: org.apache.hadoop.hive.ql.io.orc.OrcInputFormat
                allNative: false
                usesVectorUDFAdaptor: false
                vectorized: true
        Reducer 2 
            Execution mode: vectorized, llap
            Reduce Vectorization:
                enabled: true
                enableConditionsMet: hive.vectorized.execution.reduce.enabled IS true, hive.execution.engine tez IN [tez, spark] IS true
                groupByVectorOutput: true
                allNative: false
                usesVectorUDFAdaptor: false
                vectorized: true
            Reduce Operator Tree:
              Select Operator
                expressions: KEY.reducesinkkey0 (type: int), VALUE._col0 (type: tinyint)
                outputColumnNames: _col0, _col1
                Select Vectorization:
                    className: VectorSelectOperator
                    native: true
                    projectedOutputColumns: [0, 1]
                Statistics: Num rows: 1024 Data size: 4096 Basic stats: COMPLETE Column stats: PARTIAL
                Limit
                  Number of rows: 10
                  Limit Vectorization:
                      className: VectorLimitOperator
                      native: true
                  Statistics: Num rows: 10 Data size: 40 Basic stats: COMPLETE Column stats: PARTIAL
                  File Output Operator
                    compressed: false
                    File Sink Vectorization:
                        className: VectorFileSinkOperator
                        native: false
                    Statistics: Num rows: 10 Data size: 40 Basic stats: COMPLETE Column stats: PARTIAL
                    table:
                        input format: org.apache.hadoop.mapred.SequenceFileInputFormat
                        output format: org.apache.hadoop.hive.ql.io.HiveSequenceFileOutputFormat
                        serde: org.apache.hadoop.hive.serde2.lazy.LazySimpleSerDe

  Stage: Stage-0
    Fetch Operator
      limit: 10
      Processor Tree:
        ListSink

PREHOOK: query: SELECT cint, ctinyint FROM non_string_part WHERE cint > 0 ORDER BY cint LIMIT 10
PREHOOK: type: QUERY
PREHOOK: Input: default@non_string_part
PREHOOK: Input: default@non_string_part@ctinyint=__HIVE_DEFAULT_PARTITION__
#### A masked pattern was here ####
POSTHOOK: query: SELECT cint, ctinyint FROM non_string_part WHERE cint > 0 ORDER BY cint LIMIT 10
POSTHOOK: type: QUERY
POSTHOOK: Input: default@non_string_part
POSTHOOK: Input: default@non_string_part@ctinyint=__HIVE_DEFAULT_PARTITION__
#### A masked pattern was here ####
762	NULL
762	NULL
6981	NULL
6981	NULL
6981	NULL
86028	NULL
504142	NULL
799471	NULL
1248059	NULL
1286921	NULL
PREHOOK: query: EXPLAIN VECTORIZATION EXPRESSION  SELECT cint, cstring1 FROM non_string_part WHERE cint > 0 ORDER BY cint, cstring1 LIMIT 10
PREHOOK: type: QUERY
POSTHOOK: query: EXPLAIN VECTORIZATION EXPRESSION  SELECT cint, cstring1 FROM non_string_part WHERE cint > 0 ORDER BY cint, cstring1 LIMIT 10
POSTHOOK: type: QUERY
PLAN VECTORIZATION:
  enabled: true
  enabledConditionsMet: [hive.vectorized.execution.enabled IS true]

STAGE DEPENDENCIES:
  Stage-1 is a root stage
  Stage-0 depends on stages: Stage-1

STAGE PLANS:
  Stage: Stage-1
    Tez
#### A masked pattern was here ####
      Edges:
        Reducer 2 <- Map 1 (SIMPLE_EDGE)
#### A masked pattern was here ####
      Vertices:
        Map 1 
            Map Operator Tree:
                TableScan
                  alias: non_string_part
                  Statistics: Num rows: 3073 Data size: 363734 Basic stats: COMPLETE Column stats: NONE
                  TableScan Vectorization:
                      native: true
                      projectedOutputColumns: [0, 1, 2, 3, 4]
                  Filter Operator
                    Filter Vectorization:
                        className: VectorFilterOperator
                        native: true
                        predicateExpression: FilterLongColGreaterLongScalar(col 0, val 0) -> boolean
                    predicate: (cint > 0) (type: boolean)
                    Statistics: Num rows: 1024 Data size: 121205 Basic stats: COMPLETE Column stats: NONE
                    Select Operator
                      expressions: cint (type: int), cstring1 (type: string)
                      outputColumnNames: _col0, _col1
                      Select Vectorization:
                          className: VectorSelectOperator
                          native: true
                          projectedOutputColumns: [0, 1]
                      Statistics: Num rows: 1024 Data size: 121205 Basic stats: COMPLETE Column stats: NONE
                      Reduce Output Operator
                        key expressions: _col0 (type: int), _col1 (type: string)
                        sort order: ++
                        Reduce Sink Vectorization:
                            className: VectorReduceSinkOperator
                            native: false
                            nativeConditionsMet: hive.vectorized.execution.reducesink.new.enabled IS true, hive.execution.engine tez IN [tez, spark] IS true, No DISTINCT columns IS true, BinarySortableSerDe for keys IS true, LazyBinarySerDe for values IS true
                            nativeConditionsNotMet: No TopN IS false
                        Statistics: Num rows: 1024 Data size: 121205 Basic stats: COMPLETE Column stats: NONE
                        TopN Hash Memory Usage: 0.1
            Execution mode: vectorized, llap
            LLAP IO: all inputs
            Map Vectorization:
                enabled: true
                enabledConditionsMet: hive.vectorized.use.vectorized.input.format IS true
                groupByVectorOutput: true
                inputFileFormats: org.apache.hadoop.hive.ql.io.orc.OrcInputFormat
                allNative: false
                usesVectorUDFAdaptor: false
                vectorized: true
        Reducer 2 
            Execution mode: vectorized, llap
            Reduce Vectorization:
                enabled: true
                enableConditionsMet: hive.vectorized.execution.reduce.enabled IS true, hive.execution.engine tez IN [tez, spark] IS true
                groupByVectorOutput: true
                allNative: false
                usesVectorUDFAdaptor: false
                vectorized: true
            Reduce Operator Tree:
              Select Operator
                expressions: KEY.reducesinkkey0 (type: int), KEY.reducesinkkey1 (type: string)
                outputColumnNames: _col0, _col1
                Select Vectorization:
                    className: VectorSelectOperator
                    native: true
                    projectedOutputColumns: [0, 1]
                Statistics: Num rows: 1024 Data size: 121205 Basic stats: COMPLETE Column stats: NONE
                Limit
                  Number of rows: 10
                  Limit Vectorization:
                      className: VectorLimitOperator
                      native: true
                  Statistics: Num rows: 10 Data size: 1180 Basic stats: COMPLETE Column stats: NONE
                  File Output Operator
                    compressed: false
                    File Sink Vectorization:
                        className: VectorFileSinkOperator
                        native: false
                    Statistics: Num rows: 10 Data size: 1180 Basic stats: COMPLETE Column stats: NONE
                    table:
                        input format: org.apache.hadoop.mapred.SequenceFileInputFormat
                        output format: org.apache.hadoop.hive.ql.io.HiveSequenceFileOutputFormat
                        serde: org.apache.hadoop.hive.serde2.lazy.LazySimpleSerDe

  Stage: Stage-0
    Fetch Operator
      limit: 10
      Processor Tree:
        ListSink

PREHOOK: query: SELECT cint, cstring1 FROM non_string_part WHERE cint > 0 ORDER BY cint, cstring1 LIMIT 10
PREHOOK: type: QUERY
PREHOOK: Input: default@non_string_part
PREHOOK: Input: default@non_string_part@ctinyint=__HIVE_DEFAULT_PARTITION__
#### A masked pattern was here ####
POSTHOOK: query: SELECT cint, cstring1 FROM non_string_part WHERE cint > 0 ORDER BY cint, cstring1 LIMIT 10
POSTHOOK: type: QUERY
POSTHOOK: Input: default@non_string_part
POSTHOOK: Input: default@non_string_part@ctinyint=__HIVE_DEFAULT_PARTITION__
#### A masked pattern was here ####
762	3WsVeqb28VWEEOLI8ail
762	40ks5556SV
6981	1FNNhmiFLGw425NA13g
6981	o5mb0QP5Y48Qd4vdB0
6981	sF2CRfgt2K
86028	T2o8XRFAL0HC4ikDQnfoCymw
504142	PlOxor04p5cvVl
799471	2fu24
1248059	Uhps6mMh3IfHB3j7yH62K
1286921	ODLrXI8882q8LS8
