PREHOOK: query: drop table varchar_udf_1
PREHOOK: type: DROPTABLE
POSTHOOK: query: drop table varchar_udf_1
POSTHOOK: type: DROPTABLE
PREHOOK: query: create table varchar_udf_1 (c1 string, c2 string, c3 varchar(10), c4 varchar(20),
     d1 string, d2 string, d3 varchar(10), d4 varchar(10)) STORED AS ORC
PREHOOK: type: CREATETABLE
PREHOOK: Output: database:default
PREHOOK: Output: default@varchar_udf_1
POSTHOOK: query: create table varchar_udf_1 (c1 string, c2 string, c3 varchar(10), c4 varchar(20),
     d1 string, d2 string, d3 varchar(10), d4 varchar(10)) STORED AS ORC
POSTHOOK: type: CREATETABLE
POSTHOOK: Output: database:default
POSTHOOK: Output: default@varchar_udf_1
PREHOOK: query: insert overwrite table varchar_udf_1
  select key, value, key, value, '2015-01-14', '2015-01-14', '2017-01-11', '2017-01-11' from src where key = '238' limit 1
PREHOOK: type: QUERY
PREHOOK: Input: default@src
PREHOOK: Output: default@varchar_udf_1
POSTHOOK: query: insert overwrite table varchar_udf_1
  select key, value, key, value, '2015-01-14', '2015-01-14', '2017-01-11', '2017-01-11' from src where key = '238' limit 1
POSTHOOK: type: QUERY
POSTHOOK: Input: default@src
POSTHOOK: Output: default@varchar_udf_1
POSTHOOK: Lineage: varchar_udf_1.c1 SIMPLE [(src)src.FieldSchema(name:key, type:string, comment:default), ]
POSTHOOK: Lineage: varchar_udf_1.c2 SIMPLE [(src)src.FieldSchema(name:value, type:string, comment:default), ]
POSTHOOK: Lineage: varchar_udf_1.c3 EXPRESSION [(src)src.FieldSchema(name:key, type:string, comment:default), ]
POSTHOOK: Lineage: varchar_udf_1.c4 EXPRESSION [(src)src.FieldSchema(name:value, type:string, comment:default), ]
POSTHOOK: Lineage: varchar_udf_1.d1 SIMPLE []
POSTHOOK: Lineage: varchar_udf_1.d2 SIMPLE []
POSTHOOK: Lineage: varchar_udf_1.d3 EXPRESSION []
POSTHOOK: Lineage: varchar_udf_1.d4 EXPRESSION []
PREHOOK: query: explain
select 
  concat(c1, c2),
  concat(c3, c4),
  concat(c1, c2) = concat(c3, c4)
from varchar_udf_1 limit 1
PREHOOK: type: QUERY
POSTHOOK: query: explain
select 
  concat(c1, c2),
  concat(c3, c4),
  concat(c1, c2) = concat(c3, c4)
from varchar_udf_1 limit 1
POSTHOOK: type: QUERY
STAGE DEPENDENCIES:
  Stage-1 is a root stage
  Stage-0 depends on stages: Stage-1

STAGE PLANS:
  Stage: Stage-1
    Tez
#### A masked pattern was here ####
      Vertices:
        Map 1 
            Map Operator Tree:
                TableScan
                  alias: varchar_udf_1
                  Statistics: Num rows: 1 Data size: 732 Basic stats: COMPLETE Column stats: NONE
                  Select Operator
                    expressions: concat(c1, c2) (type: string), concat(c3, c4) (type: varchar(30)), (concat(c1, c2) = UDFToString(concat(c3, c4))) (type: boolean)
                    outputColumnNames: _col0, _col1, _col2
                    Statistics: Num rows: 1 Data size: 732 Basic stats: COMPLETE Column stats: NONE
                    Limit
                      Number of rows: 1
                      Statistics: Num rows: 1 Data size: 732 Basic stats: COMPLETE Column stats: NONE
                      File Output Operator
                        compressed: false
                        Statistics: Num rows: 1 Data size: 732 Basic stats: COMPLETE Column stats: NONE
                        table:
                            input format: org.apache.hadoop.mapred.SequenceFileInputFormat
                            output format: org.apache.hadoop.hive.ql.io.HiveSequenceFileOutputFormat
                            serde: org.apache.hadoop.hive.serde2.lazy.LazySimpleSerDe
            Execution mode: vectorized, llap
            LLAP IO: all inputs

  Stage: Stage-0
    Fetch Operator
      limit: 1
      Processor Tree:
        ListSink

PREHOOK: query: select 
  concat(c1, c2),
  concat(c3, c4),
  concat(c1, c2) = concat(c3, c4)
from varchar_udf_1 limit 1
PREHOOK: type: QUERY
PREHOOK: Input: default@varchar_udf_1
#### A masked pattern was here ####
POSTHOOK: query: select 
  concat(c1, c2),
  concat(c3, c4),
  concat(c1, c2) = concat(c3, c4)
from varchar_udf_1 limit 1
POSTHOOK: type: QUERY
POSTHOOK: Input: default@varchar_udf_1
#### A masked pattern was here ####
238val_238	238val_238	true
PREHOOK: query: explain
select
  upper(c2),
  upper(c4),
  upper(c2) = upper(c4)
from varchar_udf_1 limit 1
PREHOOK: type: QUERY
POSTHOOK: query: explain
select
  upper(c2),
  upper(c4),
  upper(c2) = upper(c4)
from varchar_udf_1 limit 1
POSTHOOK: type: QUERY
STAGE DEPENDENCIES:
  Stage-1 is a root stage
  Stage-0 depends on stages: Stage-1

STAGE PLANS:
  Stage: Stage-1
    Tez
#### A masked pattern was here ####
      Vertices:
        Map 1 
            Map Operator Tree:
                TableScan
                  alias: varchar_udf_1
                  Statistics: Num rows: 1 Data size: 732 Basic stats: COMPLETE Column stats: NONE
                  Select Operator
                    expressions: upper(c2) (type: string), upper(c4) (type: varchar(20)), (upper(c2) = UDFToString(upper(c4))) (type: boolean)
                    outputColumnNames: _col0, _col1, _col2
                    Statistics: Num rows: 1 Data size: 732 Basic stats: COMPLETE Column stats: NONE
                    Limit
                      Number of rows: 1
                      Statistics: Num rows: 1 Data size: 732 Basic stats: COMPLETE Column stats: NONE
                      File Output Operator
                        compressed: false
                        Statistics: Num rows: 1 Data size: 732 Basic stats: COMPLETE Column stats: NONE
                        table:
                            input format: org.apache.hadoop.mapred.SequenceFileInputFormat
                            output format: org.apache.hadoop.hive.ql.io.HiveSequenceFileOutputFormat
                            serde: org.apache.hadoop.hive.serde2.lazy.LazySimpleSerDe
            Execution mode: vectorized, llap
            LLAP IO: all inputs

  Stage: Stage-0
    Fetch Operator
      limit: 1
      Processor Tree:
        ListSink

PREHOOK: query: select
  upper(c2),
  upper(c4),
  upper(c2) = upper(c4)
from varchar_udf_1 limit 1
PREHOOK: type: QUERY
PREHOOK: Input: default@varchar_udf_1
#### A masked pattern was here ####
POSTHOOK: query: select
  upper(c2),
  upper(c4),
  upper(c2) = upper(c4)
from varchar_udf_1 limit 1
POSTHOOK: type: QUERY
POSTHOOK: Input: default@varchar_udf_1
#### A masked pattern was here ####
VAL_238	VAL_238	true
PREHOOK: query: explain
select
  lower(c2),
  lower(c4),
  lower(c2) = lower(c4)
from varchar_udf_1 limit 1
PREHOOK: type: QUERY
POSTHOOK: query: explain
select
  lower(c2),
  lower(c4),
  lower(c2) = lower(c4)
from varchar_udf_1 limit 1
POSTHOOK: type: QUERY
STAGE DEPENDENCIES:
  Stage-1 is a root stage
  Stage-0 depends on stages: Stage-1

STAGE PLANS:
  Stage: Stage-1
    Tez
#### A masked pattern was here ####
      Vertices:
        Map 1 
            Map Operator Tree:
                TableScan
                  alias: varchar_udf_1
                  Statistics: Num rows: 1 Data size: 732 Basic stats: COMPLETE Column stats: NONE
                  Select Operator
                    expressions: lower(c2) (type: string), lower(c4) (type: varchar(20)), (lower(c2) = UDFToString(lower(c4))) (type: boolean)
                    outputColumnNames: _col0, _col1, _col2
                    Statistics: Num rows: 1 Data size: 732 Basic stats: COMPLETE Column stats: NONE
                    Limit
                      Number of rows: 1
                      Statistics: Num rows: 1 Data size: 732 Basic stats: COMPLETE Column stats: NONE
                      File Output Operator
                        compressed: false
                        Statistics: Num rows: 1 Data size: 732 Basic stats: COMPLETE Column stats: NONE
                        table:
                            input format: org.apache.hadoop.mapred.SequenceFileInputFormat
                            output format: org.apache.hadoop.hive.ql.io.HiveSequenceFileOutputFormat
                            serde: org.apache.hadoop.hive.serde2.lazy.LazySimpleSerDe
            Execution mode: vectorized, llap
            LLAP IO: all inputs

  Stage: Stage-0
    Fetch Operator
      limit: 1
      Processor Tree:
        ListSink

PREHOOK: query: select
  lower(c2),
  lower(c4),
  lower(c2) = lower(c4)
from varchar_udf_1 limit 1
PREHOOK: type: QUERY
PREHOOK: Input: default@varchar_udf_1
#### A masked pattern was here ####
POSTHOOK: query: select
  lower(c2),
  lower(c4),
  lower(c2) = lower(c4)
from varchar_udf_1 limit 1
POSTHOOK: type: QUERY
POSTHOOK: Input: default@varchar_udf_1
#### A masked pattern was here ####
val_238	val_238	true
PREHOOK: query: explain
select
  ascii(c2),
  ascii(c4),
  ascii(c2) = ascii(c4)
from varchar_udf_1 limit 1
PREHOOK: type: QUERY
POSTHOOK: query: explain
select
  ascii(c2),
  ascii(c4),
  ascii(c2) = ascii(c4)
from varchar_udf_1 limit 1
POSTHOOK: type: QUERY
STAGE DEPENDENCIES:
  Stage-1 is a root stage
  Stage-0 depends on stages: Stage-1

STAGE PLANS:
  Stage: Stage-1
    Tez
#### A masked pattern was here ####
      Vertices:
        Map 1 
            Map Operator Tree:
                TableScan
                  alias: varchar_udf_1
                  Statistics: Num rows: 1 Data size: 732 Basic stats: COMPLETE Column stats: NONE
                  Select Operator
                    expressions: ascii(c2) (type: int), ascii(c4) (type: int), (ascii(c2) = ascii(c4)) (type: boolean)
                    outputColumnNames: _col0, _col1, _col2
                    Statistics: Num rows: 1 Data size: 732 Basic stats: COMPLETE Column stats: NONE
                    Limit
                      Number of rows: 1
                      Statistics: Num rows: 1 Data size: 732 Basic stats: COMPLETE Column stats: NONE
                      File Output Operator
                        compressed: false
                        Statistics: Num rows: 1 Data size: 732 Basic stats: COMPLETE Column stats: NONE
                        table:
                            input format: org.apache.hadoop.mapred.SequenceFileInputFormat
                            output format: org.apache.hadoop.hive.ql.io.HiveSequenceFileOutputFormat
                            serde: org.apache.hadoop.hive.serde2.lazy.LazySimpleSerDe
            Execution mode: vectorized, llap
            LLAP IO: all inputs

  Stage: Stage-0
    Fetch Operator
      limit: 1
      Processor Tree:
        ListSink

PREHOOK: query: select
  ascii(c2),
  ascii(c4),
  ascii(c2) = ascii(c4)
from varchar_udf_1 limit 1
PREHOOK: type: QUERY
PREHOOK: Input: default@varchar_udf_1
#### A masked pattern was here ####
POSTHOOK: query: select
  ascii(c2),
  ascii(c4),
  ascii(c2) = ascii(c4)
from varchar_udf_1 limit 1
POSTHOOK: type: QUERY
POSTHOOK: Input: default@varchar_udf_1
#### A masked pattern was here ####
118	118	true
PREHOOK: query: explain
select 
  concat_ws('|', c1, c2),
  concat_ws('|', c3, c4),
  concat_ws('|', c1, c2) = concat_ws('|', c3, c4)
from varchar_udf_1 limit 1
PREHOOK: type: QUERY
POSTHOOK: query: explain
select 
  concat_ws('|', c1, c2),
  concat_ws('|', c3, c4),
  concat_ws('|', c1, c2) = concat_ws('|', c3, c4)
from varchar_udf_1 limit 1
POSTHOOK: type: QUERY
STAGE DEPENDENCIES:
  Stage-1 is a root stage
  Stage-0 depends on stages: Stage-1

STAGE PLANS:
  Stage: Stage-1
    Tez
#### A masked pattern was here ####
      Vertices:
        Map 1 
            Map Operator Tree:
                TableScan
                  alias: varchar_udf_1
                  Statistics: Num rows: 1 Data size: 732 Basic stats: COMPLETE Column stats: NONE
                  Select Operator
                    expressions: concat_ws('|', c1, c2) (type: string), concat_ws('|', c3, c4) (type: string), (concat_ws('|', c1, c2) = concat_ws('|', c3, c4)) (type: boolean)
                    outputColumnNames: _col0, _col1, _col2
                    Statistics: Num rows: 1 Data size: 732 Basic stats: COMPLETE Column stats: NONE
                    Limit
                      Number of rows: 1
                      Statistics: Num rows: 1 Data size: 732 Basic stats: COMPLETE Column stats: NONE
                      File Output Operator
                        compressed: false
                        Statistics: Num rows: 1 Data size: 732 Basic stats: COMPLETE Column stats: NONE
                        table:
                            input format: org.apache.hadoop.mapred.SequenceFileInputFormat
                            output format: org.apache.hadoop.hive.ql.io.HiveSequenceFileOutputFormat
                            serde: org.apache.hadoop.hive.serde2.lazy.LazySimpleSerDe
            Execution mode: vectorized, llap
            LLAP IO: all inputs

  Stage: Stage-0
    Fetch Operator
      limit: 1
      Processor Tree:
        ListSink

PREHOOK: query: select 
  concat_ws('|', c1, c2),
  concat_ws('|', c3, c4),
  concat_ws('|', c1, c2) = concat_ws('|', c3, c4)
from varchar_udf_1 limit 1
PREHOOK: type: QUERY
PREHOOK: Input: default@varchar_udf_1
#### A masked pattern was here ####
POSTHOOK: query: select 
  concat_ws('|', c1, c2),
  concat_ws('|', c3, c4),
  concat_ws('|', c1, c2) = concat_ws('|', c3, c4)
from varchar_udf_1 limit 1
POSTHOOK: type: QUERY
POSTHOOK: Input: default@varchar_udf_1
#### A masked pattern was here ####
238|val_238	238|val_238	true
PREHOOK: query: explain
select
  decode(encode(c2, 'US-ASCII'), 'US-ASCII'),
  decode(encode(c4, 'US-ASCII'), 'US-ASCII'),
  decode(encode(c2, 'US-ASCII'), 'US-ASCII') = decode(encode(c4, 'US-ASCII'), 'US-ASCII')
from varchar_udf_1 limit 1
PREHOOK: type: QUERY
POSTHOOK: query: explain
select
  decode(encode(c2, 'US-ASCII'), 'US-ASCII'),
  decode(encode(c4, 'US-ASCII'), 'US-ASCII'),
  decode(encode(c2, 'US-ASCII'), 'US-ASCII') = decode(encode(c4, 'US-ASCII'), 'US-ASCII')
from varchar_udf_1 limit 1
POSTHOOK: type: QUERY
STAGE DEPENDENCIES:
  Stage-1 is a root stage
  Stage-0 depends on stages: Stage-1

STAGE PLANS:
  Stage: Stage-1
    Tez
#### A masked pattern was here ####
      Vertices:
        Map 1 
            Map Operator Tree:
                TableScan
                  alias: varchar_udf_1
                  Statistics: Num rows: 1 Data size: 732 Basic stats: COMPLETE Column stats: NONE
                  Select Operator
                    expressions: decode(encode(c2,'US-ASCII'),'US-ASCII') (type: string), decode(encode(c4,'US-ASCII'),'US-ASCII') (type: string), (decode(encode(c2,'US-ASCII'),'US-ASCII') = decode(encode(c4,'US-ASCII'),'US-ASCII')) (type: boolean)
                    outputColumnNames: _col0, _col1, _col2
                    Statistics: Num rows: 1 Data size: 732 Basic stats: COMPLETE Column stats: NONE
                    Limit
                      Number of rows: 1
                      Statistics: Num rows: 1 Data size: 732 Basic stats: COMPLETE Column stats: NONE
                      File Output Operator
                        compressed: false
                        Statistics: Num rows: 1 Data size: 732 Basic stats: COMPLETE Column stats: NONE
                        table:
                            input format: org.apache.hadoop.mapred.SequenceFileInputFormat
                            output format: org.apache.hadoop.hive.ql.io.HiveSequenceFileOutputFormat
                            serde: org.apache.hadoop.hive.serde2.lazy.LazySimpleSerDe
            Execution mode: vectorized, llap
            LLAP IO: all inputs

  Stage: Stage-0
    Fetch Operator
      limit: 1
      Processor Tree:
        ListSink

PREHOOK: query: select
  decode(encode(c2, 'US-ASCII'), 'US-ASCII'),
  decode(encode(c4, 'US-ASCII'), 'US-ASCII'),
  decode(encode(c2, 'US-ASCII'), 'US-ASCII') = decode(encode(c4, 'US-ASCII'), 'US-ASCII')
from varchar_udf_1 limit 1
PREHOOK: type: QUERY
PREHOOK: Input: default@varchar_udf_1
#### A masked pattern was here ####
POSTHOOK: query: select
  decode(encode(c2, 'US-ASCII'), 'US-ASCII'),
  decode(encode(c4, 'US-ASCII'), 'US-ASCII'),
  decode(encode(c2, 'US-ASCII'), 'US-ASCII') = decode(encode(c4, 'US-ASCII'), 'US-ASCII')
from varchar_udf_1 limit 1
POSTHOOK: type: QUERY
POSTHOOK: Input: default@varchar_udf_1
#### A masked pattern was here ####
val_238	val_238	true
PREHOOK: query: explain
select
  instr(c2, '_'),
  instr(c4, '_'),
  instr(c2, '_') = instr(c4, '_')
from varchar_udf_1 limit 1
PREHOOK: type: QUERY
POSTHOOK: query: explain
select
  instr(c2, '_'),
  instr(c4, '_'),
  instr(c2, '_') = instr(c4, '_')
from varchar_udf_1 limit 1
POSTHOOK: type: QUERY
STAGE DEPENDENCIES:
  Stage-1 is a root stage
  Stage-0 depends on stages: Stage-1

STAGE PLANS:
  Stage: Stage-1
    Tez
#### A masked pattern was here ####
      Vertices:
        Map 1 
            Map Operator Tree:
                TableScan
                  alias: varchar_udf_1
                  Statistics: Num rows: 1 Data size: 732 Basic stats: COMPLETE Column stats: NONE
                  Select Operator
                    expressions: instr(c2, '_') (type: int), instr(c4, '_') (type: int), (instr(c2, '_') = instr(c4, '_')) (type: boolean)
                    outputColumnNames: _col0, _col1, _col2
                    Statistics: Num rows: 1 Data size: 732 Basic stats: COMPLETE Column stats: NONE
                    Limit
                      Number of rows: 1
                      Statistics: Num rows: 1 Data size: 732 Basic stats: COMPLETE Column stats: NONE
                      File Output Operator
                        compressed: false
                        Statistics: Num rows: 1 Data size: 732 Basic stats: COMPLETE Column stats: NONE
                        table:
                            input format: org.apache.hadoop.mapred.SequenceFileInputFormat
                            output format: org.apache.hadoop.hive.ql.io.HiveSequenceFileOutputFormat
                            serde: org.apache.hadoop.hive.serde2.lazy.LazySimpleSerDe
            Execution mode: vectorized, llap
            LLAP IO: all inputs

  Stage: Stage-0
    Fetch Operator
      limit: 1
      Processor Tree:
        ListSink

PREHOOK: query: select
  instr(c2, '_'),
  instr(c4, '_'),
  instr(c2, '_') = instr(c4, '_')
from varchar_udf_1 limit 1
PREHOOK: type: QUERY
PREHOOK: Input: default@varchar_udf_1
#### A masked pattern was here ####
POSTHOOK: query: select
  instr(c2, '_'),
  instr(c4, '_'),
  instr(c2, '_') = instr(c4, '_')
from varchar_udf_1 limit 1
POSTHOOK: type: QUERY
POSTHOOK: Input: default@varchar_udf_1
#### A masked pattern was here ####
4	4	true
PREHOOK: query: explain
select
  replace(c1, '_', c2),
  replace(c3, '_', c4),
  replace(c1, '_', c2) = replace(c3, '_', c4)
from varchar_udf_1 limit 1
PREHOOK: type: QUERY
POSTHOOK: query: explain
select
  replace(c1, '_', c2),
  replace(c3, '_', c4),
  replace(c1, '_', c2) = replace(c3, '_', c4)
from varchar_udf_1 limit 1
POSTHOOK: type: QUERY
STAGE DEPENDENCIES:
  Stage-1 is a root stage
  Stage-0 depends on stages: Stage-1

STAGE PLANS:
  Stage: Stage-1
    Tez
#### A masked pattern was here ####
      Vertices:
        Map 1 
            Map Operator Tree:
                TableScan
                  alias: varchar_udf_1
                  Statistics: Num rows: 1 Data size: 732 Basic stats: COMPLETE Column stats: NONE
                  Select Operator
                    expressions: replace(c1, '_', c2) (type: string), replace(c3, '_', c4) (type: string), (replace(c1, '_', c2) = replace(c3, '_', c4)) (type: boolean)
                    outputColumnNames: _col0, _col1, _col2
                    Statistics: Num rows: 1 Data size: 732 Basic stats: COMPLETE Column stats: NONE
                    Limit
                      Number of rows: 1
                      Statistics: Num rows: 1 Data size: 732 Basic stats: COMPLETE Column stats: NONE
                      File Output Operator
                        compressed: false
                        Statistics: Num rows: 1 Data size: 732 Basic stats: COMPLETE Column stats: NONE
                        table:
                            input format: org.apache.hadoop.mapred.SequenceFileInputFormat
                            output format: org.apache.hadoop.hive.ql.io.HiveSequenceFileOutputFormat
                            serde: org.apache.hadoop.hive.serde2.lazy.LazySimpleSerDe
            Execution mode: vectorized, llap
            LLAP IO: all inputs

  Stage: Stage-0
    Fetch Operator
      limit: 1
      Processor Tree:
        ListSink

PREHOOK: query: select
  replace(c1, '_', c2),
  replace(c3, '_', c4),
  replace(c1, '_', c2) = replace(c3, '_', c4)
from varchar_udf_1 limit 1
PREHOOK: type: QUERY
PREHOOK: Input: default@varchar_udf_1
#### A masked pattern was here ####
POSTHOOK: query: select
  replace(c1, '_', c2),
  replace(c3, '_', c4),
  replace(c1, '_', c2) = replace(c3, '_', c4)
from varchar_udf_1 limit 1
POSTHOOK: type: QUERY
POSTHOOK: Input: default@varchar_udf_1
#### A masked pattern was here ####
238	238	true
PREHOOK: query: explain
select
  reverse(c2),
  reverse(c4),
  reverse(c2) = reverse(c4)
from varchar_udf_1 limit 1
PREHOOK: type: QUERY
POSTHOOK: query: explain
select
  reverse(c2),
  reverse(c4),
  reverse(c2) = reverse(c4)
from varchar_udf_1 limit 1
POSTHOOK: type: QUERY
STAGE DEPENDENCIES:
  Stage-1 is a root stage
  Stage-0 depends on stages: Stage-1

STAGE PLANS:
  Stage: Stage-1
    Tez
#### A masked pattern was here ####
      Vertices:
        Map 1 
            Map Operator Tree:
                TableScan
                  alias: varchar_udf_1
                  Statistics: Num rows: 1 Data size: 732 Basic stats: COMPLETE Column stats: NONE
                  Select Operator
                    expressions: reverse(c2) (type: string), reverse(c4) (type: string), (reverse(c2) = reverse(c4)) (type: boolean)
                    outputColumnNames: _col0, _col1, _col2
                    Statistics: Num rows: 1 Data size: 732 Basic stats: COMPLETE Column stats: NONE
                    Limit
                      Number of rows: 1
                      Statistics: Num rows: 1 Data size: 732 Basic stats: COMPLETE Column stats: NONE
                      File Output Operator
                        compressed: false
                        Statistics: Num rows: 1 Data size: 732 Basic stats: COMPLETE Column stats: NONE
                        table:
                            input format: org.apache.hadoop.mapred.SequenceFileInputFormat
                            output format: org.apache.hadoop.hive.ql.io.HiveSequenceFileOutputFormat
                            serde: org.apache.hadoop.hive.serde2.lazy.LazySimpleSerDe
            Execution mode: vectorized, llap
            LLAP IO: all inputs

  Stage: Stage-0
    Fetch Operator
      limit: 1
      Processor Tree:
        ListSink

PREHOOK: query: select
  reverse(c2),
  reverse(c4),
  reverse(c2) = reverse(c4)
from varchar_udf_1 limit 1
PREHOOK: type: QUERY
PREHOOK: Input: default@varchar_udf_1
#### A masked pattern was here ####
POSTHOOK: query: select
  reverse(c2),
  reverse(c4),
  reverse(c2) = reverse(c4)
from varchar_udf_1 limit 1
POSTHOOK: type: QUERY
POSTHOOK: Input: default@varchar_udf_1
#### A masked pattern was here ####
832_lav	832_lav	true
PREHOOK: query: explain
select
  next_day(d1, 'TU'),
  next_day(d4, 'WE'),
  next_day(d1, 'TU') = next_day(d4, 'WE')
from varchar_udf_1 limit 1
PREHOOK: type: QUERY
POSTHOOK: query: explain
select
  next_day(d1, 'TU'),
  next_day(d4, 'WE'),
  next_day(d1, 'TU') = next_day(d4, 'WE')
from varchar_udf_1 limit 1
POSTHOOK: type: QUERY
STAGE DEPENDENCIES:
  Stage-1 is a root stage
  Stage-0 depends on stages: Stage-1

STAGE PLANS:
  Stage: Stage-1
    Tez
#### A masked pattern was here ####
      Vertices:
        Map 1 
            Map Operator Tree:
                TableScan
                  alias: varchar_udf_1
                  Statistics: Num rows: 1 Data size: 732 Basic stats: COMPLETE Column stats: NONE
                  Select Operator
                    expressions: next_day(d1, 'TU') (type: string), next_day(d4, 'WE') (type: string), (next_day(d1, 'TU') = next_day(d4, 'WE')) (type: boolean)
                    outputColumnNames: _col0, _col1, _col2
                    Statistics: Num rows: 1 Data size: 732 Basic stats: COMPLETE Column stats: NONE
                    Limit
                      Number of rows: 1
                      Statistics: Num rows: 1 Data size: 732 Basic stats: COMPLETE Column stats: NONE
                      File Output Operator
                        compressed: false
                        Statistics: Num rows: 1 Data size: 732 Basic stats: COMPLETE Column stats: NONE
                        table:
                            input format: org.apache.hadoop.mapred.SequenceFileInputFormat
                            output format: org.apache.hadoop.hive.ql.io.HiveSequenceFileOutputFormat
                            serde: org.apache.hadoop.hive.serde2.lazy.LazySimpleSerDe
            Execution mode: vectorized, llap
            LLAP IO: all inputs

  Stage: Stage-0
    Fetch Operator
      limit: 1
      Processor Tree:
        ListSink

PREHOOK: query: select
  next_day(d1, 'TU'),
  next_day(d4, 'WE'),
  next_day(d1, 'TU') = next_day(d4, 'WE')
from varchar_udf_1 limit 1
PREHOOK: type: QUERY
PREHOOK: Input: default@varchar_udf_1
#### A masked pattern was here ####
POSTHOOK: query: select
  next_day(d1, 'TU'),
  next_day(d4, 'WE'),
  next_day(d1, 'TU') = next_day(d4, 'WE')
from varchar_udf_1 limit 1
POSTHOOK: type: QUERY
POSTHOOK: Input: default@varchar_udf_1
#### A masked pattern was here ####
2015-01-20	2017-01-18	false
PREHOOK: query: explain
select
  months_between(d1, d3),
  months_between(d2, d4),
  months_between(d1, d3) = months_between(d2, d4)
from varchar_udf_1 limit 1
PREHOOK: type: QUERY
POSTHOOK: query: explain
select
  months_between(d1, d3),
  months_between(d2, d4),
  months_between(d1, d3) = months_between(d2, d4)
from varchar_udf_1 limit 1
POSTHOOK: type: QUERY
STAGE DEPENDENCIES:
  Stage-1 is a root stage
  Stage-0 depends on stages: Stage-1

STAGE PLANS:
  Stage: Stage-1
    Tez
#### A masked pattern was here ####
      Vertices:
        Map 1 
            Map Operator Tree:
                TableScan
                  alias: varchar_udf_1
                  Statistics: Num rows: 1 Data size: 732 Basic stats: COMPLETE Column stats: NONE
                  Select Operator
                    expressions: months_between(d1, d3) (type: double), months_between(d2, d4) (type: double), (months_between(d1, d3) = months_between(d2, d4)) (type: boolean)
                    outputColumnNames: _col0, _col1, _col2
                    Statistics: Num rows: 1 Data size: 732 Basic stats: COMPLETE Column stats: NONE
                    Limit
                      Number of rows: 1
                      Statistics: Num rows: 1 Data size: 732 Basic stats: COMPLETE Column stats: NONE
                      File Output Operator
                        compressed: false
                        Statistics: Num rows: 1 Data size: 732 Basic stats: COMPLETE Column stats: NONE
                        table:
                            input format: org.apache.hadoop.mapred.SequenceFileInputFormat
                            output format: org.apache.hadoop.hive.ql.io.HiveSequenceFileOutputFormat
                            serde: org.apache.hadoop.hive.serde2.lazy.LazySimpleSerDe
            Execution mode: vectorized, llap
            LLAP IO: all inputs

  Stage: Stage-0
    Fetch Operator
      limit: 1
      Processor Tree:
        ListSink

PREHOOK: query: select
  months_between(d1, d3),
  months_between(d2, d4),
  months_between(d1, d3) = months_between(d2, d4)
from varchar_udf_1 limit 1
PREHOOK: type: QUERY
PREHOOK: Input: default@varchar_udf_1
#### A masked pattern was here ####
POSTHOOK: query: select
  months_between(d1, d3),
  months_between(d2, d4),
  months_between(d1, d3) = months_between(d2, d4)
from varchar_udf_1 limit 1
POSTHOOK: type: QUERY
POSTHOOK: Input: default@varchar_udf_1
#### A masked pattern was here ####
-23.90322581	-23.90322581	true
PREHOOK: query: explain
select
  length(c2),
  length(c4),
  length(c2) = length(c4)
from varchar_udf_1 limit 1
PREHOOK: type: QUERY
POSTHOOK: query: explain
select
  length(c2),
  length(c4),
  length(c2) = length(c4)
from varchar_udf_1 limit 1
POSTHOOK: type: QUERY
STAGE DEPENDENCIES:
  Stage-1 is a root stage
  Stage-0 depends on stages: Stage-1

STAGE PLANS:
  Stage: Stage-1
    Tez
#### A masked pattern was here ####
      Vertices:
        Map 1 
            Map Operator Tree:
                TableScan
                  alias: varchar_udf_1
                  Statistics: Num rows: 1 Data size: 732 Basic stats: COMPLETE Column stats: NONE
                  Select Operator
                    expressions: length(c2) (type: int), length(c4) (type: int), (length(c2) = length(c4)) (type: boolean)
                    outputColumnNames: _col0, _col1, _col2
                    Statistics: Num rows: 1 Data size: 732 Basic stats: COMPLETE Column stats: NONE
                    Limit
                      Number of rows: 1
                      Statistics: Num rows: 1 Data size: 732 Basic stats: COMPLETE Column stats: NONE
                      File Output Operator
                        compressed: false
                        Statistics: Num rows: 1 Data size: 732 Basic stats: COMPLETE Column stats: NONE
                        table:
                            input format: org.apache.hadoop.mapred.SequenceFileInputFormat
                            output format: org.apache.hadoop.hive.ql.io.HiveSequenceFileOutputFormat
                            serde: org.apache.hadoop.hive.serde2.lazy.LazySimpleSerDe
            Execution mode: vectorized, llap
            LLAP IO: all inputs

  Stage: Stage-0
    Fetch Operator
      limit: 1
      Processor Tree:
        ListSink

PREHOOK: query: select
  length(c2),
  length(c4),
  length(c2) = length(c4)
from varchar_udf_1 limit 1
PREHOOK: type: QUERY
PREHOOK: Input: default@varchar_udf_1
#### A masked pattern was here ####
POSTHOOK: query: select
  length(c2),
  length(c4),
  length(c2) = length(c4)
from varchar_udf_1 limit 1
POSTHOOK: type: QUERY
POSTHOOK: Input: default@varchar_udf_1
#### A masked pattern was here ####
7	7	true
PREHOOK: query: explain
select
  locate('a', 'abcdabcd', 3),
  locate(cast('a' as varchar(1)), cast('abcdabcd' as varchar(10)), 3),
  locate('a', 'abcdabcd', 3) = locate(cast('a' as varchar(1)), cast('abcdabcd' as varchar(10)), 3)
from varchar_udf_1 limit 1
PREHOOK: type: QUERY
POSTHOOK: query: explain
select
  locate('a', 'abcdabcd', 3),
  locate(cast('a' as varchar(1)), cast('abcdabcd' as varchar(10)), 3),
  locate('a', 'abcdabcd', 3) = locate(cast('a' as varchar(1)), cast('abcdabcd' as varchar(10)), 3)
from varchar_udf_1 limit 1
POSTHOOK: type: QUERY
STAGE DEPENDENCIES:
  Stage-1 is a root stage
  Stage-0 depends on stages: Stage-1

STAGE PLANS:
  Stage: Stage-1
    Tez
#### A masked pattern was here ####
      Vertices:
        Map 1 
            Map Operator Tree:
                TableScan
                  alias: varchar_udf_1
                  Statistics: Num rows: 1 Data size: 732 Basic stats: COMPLETE Column stats: COMPLETE
                  Select Operator
                    expressions: 5 (type: int), 5 (type: int), true (type: boolean)
                    outputColumnNames: _col0, _col1, _col2
                    Statistics: Num rows: 1 Data size: 12 Basic stats: COMPLETE Column stats: COMPLETE
                    Limit
                      Number of rows: 1
                      Statistics: Num rows: 1 Data size: 12 Basic stats: COMPLETE Column stats: COMPLETE
                      File Output Operator
                        compressed: false
                        Statistics: Num rows: 1 Data size: 12 Basic stats: COMPLETE Column stats: COMPLETE
                        table:
                            input format: org.apache.hadoop.mapred.SequenceFileInputFormat
                            output format: org.apache.hadoop.hive.ql.io.HiveSequenceFileOutputFormat
                            serde: org.apache.hadoop.hive.serde2.lazy.LazySimpleSerDe
            Execution mode: vectorized, llap
            LLAP IO: all inputs

  Stage: Stage-0
    Fetch Operator
      limit: 1
      Processor Tree:
        ListSink

PREHOOK: query: select
  locate('a', 'abcdabcd', 3),
  locate(cast('a' as varchar(1)), cast('abcdabcd' as varchar(10)), 3),
  locate('a', 'abcdabcd', 3) = locate(cast('a' as varchar(1)), cast('abcdabcd' as varchar(10)), 3)
from varchar_udf_1 limit 1
PREHOOK: type: QUERY
PREHOOK: Input: default@varchar_udf_1
#### A masked pattern was here ####
POSTHOOK: query: select
  locate('a', 'abcdabcd', 3),
  locate(cast('a' as varchar(1)), cast('abcdabcd' as varchar(10)), 3),
  locate('a', 'abcdabcd', 3) = locate(cast('a' as varchar(1)), cast('abcdabcd' as varchar(10)), 3)
from varchar_udf_1 limit 1
POSTHOOK: type: QUERY
POSTHOOK: Input: default@varchar_udf_1
#### A masked pattern was here ####
5	5	true
PREHOOK: query: explain
select
  lpad(c2, 15, ' '),
  lpad(c4, 15, ' '),
  lpad(c2, 15, ' ') = lpad(c4, 15, ' ')
from varchar_udf_1 limit 1
PREHOOK: type: QUERY
POSTHOOK: query: explain
select
  lpad(c2, 15, ' '),
  lpad(c4, 15, ' '),
  lpad(c2, 15, ' ') = lpad(c4, 15, ' ')
from varchar_udf_1 limit 1
POSTHOOK: type: QUERY
STAGE DEPENDENCIES:
  Stage-1 is a root stage
  Stage-0 depends on stages: Stage-1

STAGE PLANS:
  Stage: Stage-1
    Tez
#### A masked pattern was here ####
      Vertices:
        Map 1 
            Map Operator Tree:
                TableScan
                  alias: varchar_udf_1
                  Statistics: Num rows: 1 Data size: 732 Basic stats: COMPLETE Column stats: NONE
                  Select Operator
                    expressions: lpad(c2, 15, ' ') (type: string), lpad(c4, 15, ' ') (type: string), (lpad(c2, 15, ' ') = lpad(c4, 15, ' ')) (type: boolean)
                    outputColumnNames: _col0, _col1, _col2
                    Statistics: Num rows: 1 Data size: 732 Basic stats: COMPLETE Column stats: NONE
                    Limit
                      Number of rows: 1
                      Statistics: Num rows: 1 Data size: 732 Basic stats: COMPLETE Column stats: NONE
                      File Output Operator
                        compressed: false
                        Statistics: Num rows: 1 Data size: 732 Basic stats: COMPLETE Column stats: NONE
                        table:
                            input format: org.apache.hadoop.mapred.SequenceFileInputFormat
                            output format: org.apache.hadoop.hive.ql.io.HiveSequenceFileOutputFormat
                            serde: org.apache.hadoop.hive.serde2.lazy.LazySimpleSerDe
            Execution mode: vectorized, llap
            LLAP IO: all inputs

  Stage: Stage-0
    Fetch Operator
      limit: 1
      Processor Tree:
        ListSink

PREHOOK: query: select
  lpad(c2, 15, ' '),
  lpad(c4, 15, ' '),
  lpad(c2, 15, ' ') = lpad(c4, 15, ' ')
from varchar_udf_1 limit 1
PREHOOK: type: QUERY
PREHOOK: Input: default@varchar_udf_1
#### A masked pattern was here ####
POSTHOOK: query: select
  lpad(c2, 15, ' '),
  lpad(c4, 15, ' '),
  lpad(c2, 15, ' ') = lpad(c4, 15, ' ')
from varchar_udf_1 limit 1
POSTHOOK: type: QUERY
POSTHOOK: Input: default@varchar_udf_1
#### A masked pattern was here ####
        val_238	        val_238	true
PREHOOK: query: explain
select
  ltrim(c2),
  ltrim(c4),
  ltrim(c2) = ltrim(c4)
from varchar_udf_1 limit 1
PREHOOK: type: QUERY
POSTHOOK: query: explain
select
  ltrim(c2),
  ltrim(c4),
  ltrim(c2) = ltrim(c4)
from varchar_udf_1 limit 1
POSTHOOK: type: QUERY
STAGE DEPENDENCIES:
  Stage-1 is a root stage
  Stage-0 depends on stages: Stage-1

STAGE PLANS:
  Stage: Stage-1
    Tez
#### A masked pattern was here ####
      Vertices:
        Map 1 
            Map Operator Tree:
                TableScan
                  alias: varchar_udf_1
                  Statistics: Num rows: 1 Data size: 732 Basic stats: COMPLETE Column stats: NONE
                  Select Operator
                    expressions: ltrim(c2) (type: string), ltrim(c4) (type: string), (ltrim(c2) = ltrim(c4)) (type: boolean)
                    outputColumnNames: _col0, _col1, _col2
                    Statistics: Num rows: 1 Data size: 732 Basic stats: COMPLETE Column stats: NONE
                    Limit
                      Number of rows: 1
                      Statistics: Num rows: 1 Data size: 732 Basic stats: COMPLETE Column stats: NONE
                      File Output Operator
                        compressed: false
                        Statistics: Num rows: 1 Data size: 732 Basic stats: COMPLETE Column stats: NONE
                        table:
                            input format: org.apache.hadoop.mapred.SequenceFileInputFormat
                            output format: org.apache.hadoop.hive.ql.io.HiveSequenceFileOutputFormat
                            serde: org.apache.hadoop.hive.serde2.lazy.LazySimpleSerDe
            Execution mode: vectorized, llap
            LLAP IO: all inputs

  Stage: Stage-0
    Fetch Operator
      limit: 1
      Processor Tree:
        ListSink

PREHOOK: query: select
  ltrim(c2),
  ltrim(c4),
  ltrim(c2) = ltrim(c4)
from varchar_udf_1 limit 1
PREHOOK: type: QUERY
PREHOOK: Input: default@varchar_udf_1
#### A masked pattern was here ####
POSTHOOK: query: select
  ltrim(c2),
  ltrim(c4),
  ltrim(c2) = ltrim(c4)
from varchar_udf_1 limit 1
POSTHOOK: type: QUERY
POSTHOOK: Input: default@varchar_udf_1
#### A masked pattern was here ####
val_238	val_238	true
PREHOOK: query: explain
select
  c2 regexp 'val',
  c4 regexp 'val',
  (c2 regexp 'val') = (c4 regexp 'val')
from varchar_udf_1 limit 1
PREHOOK: type: QUERY
POSTHOOK: query: explain
select
  c2 regexp 'val',
  c4 regexp 'val',
  (c2 regexp 'val') = (c4 regexp 'val')
from varchar_udf_1 limit 1
POSTHOOK: type: QUERY
STAGE DEPENDENCIES:
  Stage-1 is a root stage
  Stage-0 depends on stages: Stage-1

STAGE PLANS:
  Stage: Stage-1
    Tez
#### A masked pattern was here ####
      Vertices:
        Map 1 
            Map Operator Tree:
                TableScan
                  alias: varchar_udf_1
                  Statistics: Num rows: 1 Data size: 732 Basic stats: COMPLETE Column stats: NONE
                  Select Operator
                    expressions: c2 regexp 'val' (type: boolean), c4 regexp 'val' (type: boolean), (c2 regexp 'val' = c4 regexp 'val') (type: boolean)
                    outputColumnNames: _col0, _col1, _col2
                    Statistics: Num rows: 1 Data size: 732 Basic stats: COMPLETE Column stats: NONE
                    Limit
                      Number of rows: 1
                      Statistics: Num rows: 1 Data size: 732 Basic stats: COMPLETE Column stats: NONE
                      File Output Operator
                        compressed: false
                        Statistics: Num rows: 1 Data size: 732 Basic stats: COMPLETE Column stats: NONE
                        table:
                            input format: org.apache.hadoop.mapred.SequenceFileInputFormat
                            output format: org.apache.hadoop.hive.ql.io.HiveSequenceFileOutputFormat
                            serde: org.apache.hadoop.hive.serde2.lazy.LazySimpleSerDe
            Execution mode: vectorized, llap
            LLAP IO: all inputs

  Stage: Stage-0
    Fetch Operator
      limit: 1
      Processor Tree:
        ListSink

PREHOOK: query: select
  c2 regexp 'val',
  c4 regexp 'val',
  (c2 regexp 'val') = (c4 regexp 'val')
from varchar_udf_1 limit 1
PREHOOK: type: QUERY
PREHOOK: Input: default@varchar_udf_1
#### A masked pattern was here ####
POSTHOOK: query: select
  c2 regexp 'val',
  c4 regexp 'val',
  (c2 regexp 'val') = (c4 regexp 'val')
from varchar_udf_1 limit 1
POSTHOOK: type: QUERY
POSTHOOK: Input: default@varchar_udf_1
#### A masked pattern was here ####
true	true	true
PREHOOK: query: explain
select
  regexp_extract(c2, 'val_([0-9]+)', 1),
  regexp_extract(c4, 'val_([0-9]+)', 1),
  regexp_extract(c2, 'val_([0-9]+)', 1) = regexp_extract(c4, 'val_([0-9]+)', 1)
from varchar_udf_1 limit 1
PREHOOK: type: QUERY
POSTHOOK: query: explain
select
  regexp_extract(c2, 'val_([0-9]+)', 1),
  regexp_extract(c4, 'val_([0-9]+)', 1),
  regexp_extract(c2, 'val_([0-9]+)', 1) = regexp_extract(c4, 'val_([0-9]+)', 1)
from varchar_udf_1 limit 1
POSTHOOK: type: QUERY
STAGE DEPENDENCIES:
  Stage-1 is a root stage
  Stage-0 depends on stages: Stage-1

STAGE PLANS:
  Stage: Stage-1
    Tez
#### A masked pattern was here ####
      Vertices:
        Map 1 
            Map Operator Tree:
                TableScan
                  alias: varchar_udf_1
                  Statistics: Num rows: 1 Data size: 732 Basic stats: COMPLETE Column stats: NONE
                  Select Operator
                    expressions: regexp_extract(c2, 'val_([0-9]+)', 1) (type: string), regexp_extract(c4, 'val_([0-9]+)', 1) (type: string), (regexp_extract(c2, 'val_([0-9]+)', 1) = regexp_extract(c4, 'val_([0-9]+)', 1)) (type: boolean)
                    outputColumnNames: _col0, _col1, _col2
                    Statistics: Num rows: 1 Data size: 732 Basic stats: COMPLETE Column stats: NONE
                    Limit
                      Number of rows: 1
                      Statistics: Num rows: 1 Data size: 732 Basic stats: COMPLETE Column stats: NONE
                      File Output Operator
                        compressed: false
                        Statistics: Num rows: 1 Data size: 732 Basic stats: COMPLETE Column stats: NONE
                        table:
                            input format: org.apache.hadoop.mapred.SequenceFileInputFormat
                            output format: org.apache.hadoop.hive.ql.io.HiveSequenceFileOutputFormat
                            serde: org.apache.hadoop.hive.serde2.lazy.LazySimpleSerDe
            Execution mode: vectorized, llap
            LLAP IO: all inputs

  Stage: Stage-0
    Fetch Operator
      limit: 1
      Processor Tree:
        ListSink

PREHOOK: query: select
  regexp_extract(c2, 'val_([0-9]+)', 1),
  regexp_extract(c4, 'val_([0-9]+)', 1),
  regexp_extract(c2, 'val_([0-9]+)', 1) = regexp_extract(c4, 'val_([0-9]+)', 1)
from varchar_udf_1 limit 1
PREHOOK: type: QUERY
PREHOOK: Input: default@varchar_udf_1
#### A masked pattern was here ####
POSTHOOK: query: select
  regexp_extract(c2, 'val_([0-9]+)', 1),
  regexp_extract(c4, 'val_([0-9]+)', 1),
  regexp_extract(c2, 'val_([0-9]+)', 1) = regexp_extract(c4, 'val_([0-9]+)', 1)
from varchar_udf_1 limit 1
POSTHOOK: type: QUERY
POSTHOOK: Input: default@varchar_udf_1
#### A masked pattern was here ####
238	238	true
PREHOOK: query: explain
select
  regexp_replace(c2, 'val', 'replaced'),
  regexp_replace(c4, 'val', 'replaced'),
  regexp_replace(c2, 'val', 'replaced') = regexp_replace(c4, 'val', 'replaced')
from varchar_udf_1 limit 1
PREHOOK: type: QUERY
POSTHOOK: query: explain
select
  regexp_replace(c2, 'val', 'replaced'),
  regexp_replace(c4, 'val', 'replaced'),
  regexp_replace(c2, 'val', 'replaced') = regexp_replace(c4, 'val', 'replaced')
from varchar_udf_1 limit 1
POSTHOOK: type: QUERY
STAGE DEPENDENCIES:
  Stage-1 is a root stage
  Stage-0 depends on stages: Stage-1

STAGE PLANS:
  Stage: Stage-1
    Tez
#### A masked pattern was here ####
      Vertices:
        Map 1 
            Map Operator Tree:
                TableScan
                  alias: varchar_udf_1
                  Statistics: Num rows: 1 Data size: 732 Basic stats: COMPLETE Column stats: NONE
                  Select Operator
                    expressions: regexp_replace(c2, 'val', 'replaced') (type: string), regexp_replace(c4, 'val', 'replaced') (type: string), (regexp_replace(c2, 'val', 'replaced') = regexp_replace(c4, 'val', 'replaced')) (type: boolean)
                    outputColumnNames: _col0, _col1, _col2
                    Statistics: Num rows: 1 Data size: 732 Basic stats: COMPLETE Column stats: NONE
                    Limit
                      Number of rows: 1
                      Statistics: Num rows: 1 Data size: 732 Basic stats: COMPLETE Column stats: NONE
                      File Output Operator
                        compressed: false
                        Statistics: Num rows: 1 Data size: 732 Basic stats: COMPLETE Column stats: NONE
                        table:
                            input format: org.apache.hadoop.mapred.SequenceFileInputFormat
                            output format: org.apache.hadoop.hive.ql.io.HiveSequenceFileOutputFormat
                            serde: org.apache.hadoop.hive.serde2.lazy.LazySimpleSerDe
            Execution mode: vectorized, llap
            LLAP IO: all inputs

  Stage: Stage-0
    Fetch Operator
      limit: 1
      Processor Tree:
        ListSink

PREHOOK: query: select
  regexp_replace(c2, 'val', 'replaced'),
  regexp_replace(c4, 'val', 'replaced'),
  regexp_replace(c2, 'val', 'replaced') = regexp_replace(c4, 'val', 'replaced')
from varchar_udf_1 limit 1
PREHOOK: type: QUERY
PREHOOK: Input: default@varchar_udf_1
#### A masked pattern was here ####
POSTHOOK: query: select
  regexp_replace(c2, 'val', 'replaced'),
  regexp_replace(c4, 'val', 'replaced'),
  regexp_replace(c2, 'val', 'replaced') = regexp_replace(c4, 'val', 'replaced')
from varchar_udf_1 limit 1
POSTHOOK: type: QUERY
POSTHOOK: Input: default@varchar_udf_1
#### A masked pattern was here ####
replaced_238	replaced_238	true
PREHOOK: query: explain
select
  reverse(c2),
  reverse(c4),
  reverse(c2) = reverse(c4)
from varchar_udf_1 limit 1
PREHOOK: type: QUERY
POSTHOOK: query: explain
select
  reverse(c2),
  reverse(c4),
  reverse(c2) = reverse(c4)
from varchar_udf_1 limit 1
POSTHOOK: type: QUERY
STAGE DEPENDENCIES:
  Stage-1 is a root stage
  Stage-0 depends on stages: Stage-1

STAGE PLANS:
  Stage: Stage-1
    Tez
#### A masked pattern was here ####
      Vertices:
        Map 1 
            Map Operator Tree:
                TableScan
                  alias: varchar_udf_1
                  Statistics: Num rows: 1 Data size: 732 Basic stats: COMPLETE Column stats: NONE
                  Select Operator
                    expressions: reverse(c2) (type: string), reverse(c4) (type: string), (reverse(c2) = reverse(c4)) (type: boolean)
                    outputColumnNames: _col0, _col1, _col2
                    Statistics: Num rows: 1 Data size: 732 Basic stats: COMPLETE Column stats: NONE
                    Limit
                      Number of rows: 1
                      Statistics: Num rows: 1 Data size: 732 Basic stats: COMPLETE Column stats: NONE
                      File Output Operator
                        compressed: false
                        Statistics: Num rows: 1 Data size: 732 Basic stats: COMPLETE Column stats: NONE
                        table:
                            input format: org.apache.hadoop.mapred.SequenceFileInputFormat
                            output format: org.apache.hadoop.hive.ql.io.HiveSequenceFileOutputFormat
                            serde: org.apache.hadoop.hive.serde2.lazy.LazySimpleSerDe
            Execution mode: vectorized, llap
            LLAP IO: all inputs

  Stage: Stage-0
    Fetch Operator
      limit: 1
      Processor Tree:
        ListSink

PREHOOK: query: select
  reverse(c2),
  reverse(c4),
  reverse(c2) = reverse(c4)
from varchar_udf_1 limit 1
PREHOOK: type: QUERY
PREHOOK: Input: default@varchar_udf_1
#### A masked pattern was here ####
POSTHOOK: query: select
  reverse(c2),
  reverse(c4),
  reverse(c2) = reverse(c4)
from varchar_udf_1 limit 1
POSTHOOK: type: QUERY
POSTHOOK: Input: default@varchar_udf_1
#### A masked pattern was here ####
832_lav	832_lav	true
PREHOOK: query: explain
select
  rpad(c2, 15, ' '),
  rpad(c4, 15, ' '),
  rpad(c2, 15, ' ') = rpad(c4, 15, ' ')
from varchar_udf_1 limit 1
PREHOOK: type: QUERY
POSTHOOK: query: explain
select
  rpad(c2, 15, ' '),
  rpad(c4, 15, ' '),
  rpad(c2, 15, ' ') = rpad(c4, 15, ' ')
from varchar_udf_1 limit 1
POSTHOOK: type: QUERY
STAGE DEPENDENCIES:
  Stage-1 is a root stage
  Stage-0 depends on stages: Stage-1

STAGE PLANS:
  Stage: Stage-1
    Tez
#### A masked pattern was here ####
      Vertices:
        Map 1 
            Map Operator Tree:
                TableScan
                  alias: varchar_udf_1
                  Statistics: Num rows: 1 Data size: 732 Basic stats: COMPLETE Column stats: NONE
                  Select Operator
                    expressions: rpad(c2, 15, ' ') (type: string), rpad(c4, 15, ' ') (type: string), (rpad(c2, 15, ' ') = rpad(c4, 15, ' ')) (type: boolean)
                    outputColumnNames: _col0, _col1, _col2
                    Statistics: Num rows: 1 Data size: 732 Basic stats: COMPLETE Column stats: NONE
                    Limit
                      Number of rows: 1
                      Statistics: Num rows: 1 Data size: 732 Basic stats: COMPLETE Column stats: NONE
                      File Output Operator
                        compressed: false
                        Statistics: Num rows: 1 Data size: 732 Basic stats: COMPLETE Column stats: NONE
                        table:
                            input format: org.apache.hadoop.mapred.SequenceFileInputFormat
                            output format: org.apache.hadoop.hive.ql.io.HiveSequenceFileOutputFormat
                            serde: org.apache.hadoop.hive.serde2.lazy.LazySimpleSerDe
            Execution mode: vectorized, llap
            LLAP IO: all inputs

  Stage: Stage-0
    Fetch Operator
      limit: 1
      Processor Tree:
        ListSink

PREHOOK: query: select
  rpad(c2, 15, ' '),
  rpad(c4, 15, ' '),
  rpad(c2, 15, ' ') = rpad(c4, 15, ' ')
from varchar_udf_1 limit 1
PREHOOK: type: QUERY
PREHOOK: Input: default@varchar_udf_1
#### A masked pattern was here ####
POSTHOOK: query: select
  rpad(c2, 15, ' '),
  rpad(c4, 15, ' '),
  rpad(c2, 15, ' ') = rpad(c4, 15, ' ')
from varchar_udf_1 limit 1
POSTHOOK: type: QUERY
POSTHOOK: Input: default@varchar_udf_1
#### A masked pattern was here ####
val_238        	val_238        	true
PREHOOK: query: explain
select
  rtrim(c2),
  rtrim(c4),
  rtrim(c2) = rtrim(c4)
from varchar_udf_1 limit 1
PREHOOK: type: QUERY
POSTHOOK: query: explain
select
  rtrim(c2),
  rtrim(c4),
  rtrim(c2) = rtrim(c4)
from varchar_udf_1 limit 1
POSTHOOK: type: QUERY
STAGE DEPENDENCIES:
  Stage-1 is a root stage
  Stage-0 depends on stages: Stage-1

STAGE PLANS:
  Stage: Stage-1
    Tez
#### A masked pattern was here ####
      Vertices:
        Map 1 
            Map Operator Tree:
                TableScan
                  alias: varchar_udf_1
                  Statistics: Num rows: 1 Data size: 732 Basic stats: COMPLETE Column stats: NONE
                  Select Operator
                    expressions: rtrim(c2) (type: string), rtrim(c4) (type: string), (rtrim(c2) = rtrim(c4)) (type: boolean)
                    outputColumnNames: _col0, _col1, _col2
                    Statistics: Num rows: 1 Data size: 732 Basic stats: COMPLETE Column stats: NONE
                    Limit
                      Number of rows: 1
                      Statistics: Num rows: 1 Data size: 732 Basic stats: COMPLETE Column stats: NONE
                      File Output Operator
                        compressed: false
                        Statistics: Num rows: 1 Data size: 732 Basic stats: COMPLETE Column stats: NONE
                        table:
                            input format: org.apache.hadoop.mapred.SequenceFileInputFormat
                            output format: org.apache.hadoop.hive.ql.io.HiveSequenceFileOutputFormat
                            serde: org.apache.hadoop.hive.serde2.lazy.LazySimpleSerDe
            Execution mode: vectorized, llap
            LLAP IO: all inputs

  Stage: Stage-0
    Fetch Operator
      limit: 1
      Processor Tree:
        ListSink

PREHOOK: query: select
  rtrim(c2),
  rtrim(c4),
  rtrim(c2) = rtrim(c4)
from varchar_udf_1 limit 1
PREHOOK: type: QUERY
PREHOOK: Input: default@varchar_udf_1
#### A masked pattern was here ####
POSTHOOK: query: select
  rtrim(c2),
  rtrim(c4),
  rtrim(c2) = rtrim(c4)
from varchar_udf_1 limit 1
POSTHOOK: type: QUERY
POSTHOOK: Input: default@varchar_udf_1
#### A masked pattern was here ####
val_238	val_238	true
PREHOOK: query: explain
select
  sentences('See spot run.  See jane run.'),
  sentences(cast('See spot run.  See jane run.' as varchar(50)))
from varchar_udf_1 limit 1
PREHOOK: type: QUERY
POSTHOOK: query: explain
select
  sentences('See spot run.  See jane run.'),
  sentences(cast('See spot run.  See jane run.' as varchar(50)))
from varchar_udf_1 limit 1
POSTHOOK: type: QUERY
STAGE DEPENDENCIES:
  Stage-1 is a root stage
  Stage-0 depends on stages: Stage-1

STAGE PLANS:
  Stage: Stage-1
    Tez
#### A masked pattern was here ####
      Vertices:
        Map 1 
            Map Operator Tree:
                TableScan
                  alias: varchar_udf_1
                  Statistics: Num rows: 1 Data size: 732 Basic stats: COMPLETE Column stats: COMPLETE
                  Select Operator
                    expressions: sentences('See spot run.  See jane run.') (type: array<array<string>>), sentences('See spot run.  See jane run.') (type: array<array<string>>)
                    outputColumnNames: _col0, _col1
                    Statistics: Num rows: 1 Data size: 112 Basic stats: COMPLETE Column stats: COMPLETE
                    Limit
                      Number of rows: 1
                      Statistics: Num rows: 1 Data size: 112 Basic stats: COMPLETE Column stats: COMPLETE
                      File Output Operator
                        compressed: false
                        Statistics: Num rows: 1 Data size: 112 Basic stats: COMPLETE Column stats: COMPLETE
                        table:
                            input format: org.apache.hadoop.mapred.SequenceFileInputFormat
                            output format: org.apache.hadoop.hive.ql.io.HiveSequenceFileOutputFormat
                            serde: org.apache.hadoop.hive.serde2.lazy.LazySimpleSerDe
            Execution mode: llap
            LLAP IO: all inputs

  Stage: Stage-0
    Fetch Operator
      limit: 1
      Processor Tree:
        ListSink

PREHOOK: query: select
  sentences('See spot run.  See jane run.'),
  sentences(cast('See spot run.  See jane run.' as varchar(50)))
from varchar_udf_1 limit 1
PREHOOK: type: QUERY
PREHOOK: Input: default@varchar_udf_1
#### A masked pattern was here ####
POSTHOOK: query: select
  sentences('See spot run.  See jane run.'),
  sentences(cast('See spot run.  See jane run.' as varchar(50)))
from varchar_udf_1 limit 1
POSTHOOK: type: QUERY
POSTHOOK: Input: default@varchar_udf_1
#### A masked pattern was here ####
[["See","spot","run"],["See","jane","run"]]	[["See","spot","run"],["See","jane","run"]]
PREHOOK: query: explain
select
  split(c2, '_'),
  split(c4, '_')
from varchar_udf_1 limit 1
PREHOOK: type: QUERY
POSTHOOK: query: explain
select
  split(c2, '_'),
  split(c4, '_')
from varchar_udf_1 limit 1
POSTHOOK: type: QUERY
STAGE DEPENDENCIES:
  Stage-1 is a root stage
  Stage-0 depends on stages: Stage-1

STAGE PLANS:
  Stage: Stage-1
    Tez
#### A masked pattern was here ####
      Vertices:
        Map 1 
            Map Operator Tree:
                TableScan
                  alias: varchar_udf_1
                  Statistics: Num rows: 1 Data size: 732 Basic stats: COMPLETE Column stats: NONE
                  Select Operator
                    expressions: split(c2, '_') (type: array<string>), split(c4, '_') (type: array<string>)
                    outputColumnNames: _col0, _col1
                    Statistics: Num rows: 1 Data size: 732 Basic stats: COMPLETE Column stats: NONE
                    Limit
                      Number of rows: 1
                      Statistics: Num rows: 1 Data size: 732 Basic stats: COMPLETE Column stats: NONE
                      File Output Operator
                        compressed: false
                        Statistics: Num rows: 1 Data size: 732 Basic stats: COMPLETE Column stats: NONE
                        table:
                            input format: org.apache.hadoop.mapred.SequenceFileInputFormat
                            output format: org.apache.hadoop.hive.ql.io.HiveSequenceFileOutputFormat
                            serde: org.apache.hadoop.hive.serde2.lazy.LazySimpleSerDe
            Execution mode: llap
            LLAP IO: all inputs

  Stage: Stage-0
    Fetch Operator
      limit: 1
      Processor Tree:
        ListSink

PREHOOK: query: select
  split(c2, '_'),
  split(c4, '_')
from varchar_udf_1 limit 1
PREHOOK: type: QUERY
PREHOOK: Input: default@varchar_udf_1
#### A masked pattern was here ####
POSTHOOK: query: select
  split(c2, '_'),
  split(c4, '_')
from varchar_udf_1 limit 1
POSTHOOK: type: QUERY
POSTHOOK: Input: default@varchar_udf_1
#### A masked pattern was here ####
["val","238"]	["val","238"]
PREHOOK: query: explain
select 
  str_to_map('a:1,b:2,c:3',',',':'),
  str_to_map(cast('a:1,b:2,c:3' as varchar(20)),',',':')
from varchar_udf_1 limit 1
PREHOOK: type: QUERY
POSTHOOK: query: explain
select 
  str_to_map('a:1,b:2,c:3',',',':'),
  str_to_map(cast('a:1,b:2,c:3' as varchar(20)),',',':')
from varchar_udf_1 limit 1
POSTHOOK: type: QUERY
STAGE DEPENDENCIES:
  Stage-1 is a root stage
  Stage-0 depends on stages: Stage-1

STAGE PLANS:
  Stage: Stage-1
    Tez
#### A masked pattern was here ####
      Vertices:
        Map 1 
            Map Operator Tree:
                TableScan
                  alias: varchar_udf_1
                  Statistics: Num rows: 1 Data size: 732 Basic stats: COMPLETE Column stats: COMPLETE
                  Select Operator
                    expressions: str_to_map('a:1,b:2,c:3',',',':') (type: map<string,string>), str_to_map('a:1,b:2,c:3',',',':') (type: map<string,string>)
                    outputColumnNames: _col0, _col1
                    Statistics: Num rows: 1 Data size: 1508 Basic stats: COMPLETE Column stats: COMPLETE
                    Limit
                      Number of rows: 1
                      Statistics: Num rows: 1 Data size: 1508 Basic stats: COMPLETE Column stats: COMPLETE
                      File Output Operator
                        compressed: false
                        Statistics: Num rows: 1 Data size: 1508 Basic stats: COMPLETE Column stats: COMPLETE
                        table:
                            input format: org.apache.hadoop.mapred.SequenceFileInputFormat
                            output format: org.apache.hadoop.hive.ql.io.HiveSequenceFileOutputFormat
                            serde: org.apache.hadoop.hive.serde2.lazy.LazySimpleSerDe
            Execution mode: llap
            LLAP IO: all inputs

  Stage: Stage-0
    Fetch Operator
      limit: 1
      Processor Tree:
        ListSink

PREHOOK: query: select 
  str_to_map('a:1,b:2,c:3',',',':'),
  str_to_map(cast('a:1,b:2,c:3' as varchar(20)),',',':')
from varchar_udf_1 limit 1
PREHOOK: type: QUERY
PREHOOK: Input: default@varchar_udf_1
#### A masked pattern was here ####
POSTHOOK: query: select 
  str_to_map('a:1,b:2,c:3',',',':'),
  str_to_map(cast('a:1,b:2,c:3' as varchar(20)),',',':')
from varchar_udf_1 limit 1
POSTHOOK: type: QUERY
POSTHOOK: Input: default@varchar_udf_1
#### A masked pattern was here ####
{"a":"1","b":"2","c":"3"}	{"a":"1","b":"2","c":"3"}
PREHOOK: query: explain
select
  substr(c2, 1, 3),
  substr(c4, 1, 3),
  substr(c2, 1, 3) = substr(c4, 1, 3)
from varchar_udf_1 limit 1
PREHOOK: type: QUERY
POSTHOOK: query: explain
select
  substr(c2, 1, 3),
  substr(c4, 1, 3),
  substr(c2, 1, 3) = substr(c4, 1, 3)
from varchar_udf_1 limit 1
POSTHOOK: type: QUERY
STAGE DEPENDENCIES:
  Stage-1 is a root stage
  Stage-0 depends on stages: Stage-1

STAGE PLANS:
  Stage: Stage-1
    Tez
#### A masked pattern was here ####
      Vertices:
        Map 1 
            Map Operator Tree:
                TableScan
                  alias: varchar_udf_1
                  Statistics: Num rows: 1 Data size: 732 Basic stats: COMPLETE Column stats: NONE
                  Select Operator
                    expressions: substr(c2, 1, 3) (type: string), substr(c4, 1, 3) (type: string), (substr(c2, 1, 3) = substr(c4, 1, 3)) (type: boolean)
                    outputColumnNames: _col0, _col1, _col2
                    Statistics: Num rows: 1 Data size: 732 Basic stats: COMPLETE Column stats: NONE
                    Limit
                      Number of rows: 1
                      Statistics: Num rows: 1 Data size: 732 Basic stats: COMPLETE Column stats: NONE
                      File Output Operator
                        compressed: false
                        Statistics: Num rows: 1 Data size: 732 Basic stats: COMPLETE Column stats: NONE
                        table:
                            input format: org.apache.hadoop.mapred.SequenceFileInputFormat
                            output format: org.apache.hadoop.hive.ql.io.HiveSequenceFileOutputFormat
                            serde: org.apache.hadoop.hive.serde2.lazy.LazySimpleSerDe
            Execution mode: vectorized, llap
            LLAP IO: all inputs

  Stage: Stage-0
    Fetch Operator
      limit: 1
      Processor Tree:
        ListSink

PREHOOK: query: select
  substr(c2, 1, 3),
  substr(c4, 1, 3),
  substr(c2, 1, 3) = substr(c4, 1, 3)
from varchar_udf_1 limit 1
PREHOOK: type: QUERY
PREHOOK: Input: default@varchar_udf_1
#### A masked pattern was here ####
POSTHOOK: query: select
  substr(c2, 1, 3),
  substr(c4, 1, 3),
  substr(c2, 1, 3) = substr(c4, 1, 3)
from varchar_udf_1 limit 1
POSTHOOK: type: QUERY
POSTHOOK: Input: default@varchar_udf_1
#### A masked pattern was here ####
val	val	true
PREHOOK: query: explain
select
  trim(c2),
  trim(c4),
  trim(c2) = trim(c4)
from varchar_udf_1 limit 1
PREHOOK: type: QUERY
POSTHOOK: query: explain
select
  trim(c2),
  trim(c4),
  trim(c2) = trim(c4)
from varchar_udf_1 limit 1
POSTHOOK: type: QUERY
STAGE DEPENDENCIES:
  Stage-1 is a root stage
  Stage-0 depends on stages: Stage-1

STAGE PLANS:
  Stage: Stage-1
    Tez
#### A masked pattern was here ####
      Vertices:
        Map 1 
            Map Operator Tree:
                TableScan
                  alias: varchar_udf_1
                  Statistics: Num rows: 1 Data size: 732 Basic stats: COMPLETE Column stats: NONE
                  Select Operator
                    expressions: trim(c2) (type: string), trim(c4) (type: string), (trim(c2) = trim(c4)) (type: boolean)
                    outputColumnNames: _col0, _col1, _col2
                    Statistics: Num rows: 1 Data size: 732 Basic stats: COMPLETE Column stats: NONE
                    Limit
                      Number of rows: 1
                      Statistics: Num rows: 1 Data size: 732 Basic stats: COMPLETE Column stats: NONE
                      File Output Operator
                        compressed: false
                        Statistics: Num rows: 1 Data size: 732 Basic stats: COMPLETE Column stats: NONE
                        table:
                            input format: org.apache.hadoop.mapred.SequenceFileInputFormat
                            output format: org.apache.hadoop.hive.ql.io.HiveSequenceFileOutputFormat
                            serde: org.apache.hadoop.hive.serde2.lazy.LazySimpleSerDe
            Execution mode: vectorized, llap
            LLAP IO: all inputs

  Stage: Stage-0
    Fetch Operator
      limit: 1
      Processor Tree:
        ListSink

PREHOOK: query: select
  trim(c2),
  trim(c4),
  trim(c2) = trim(c4)
from varchar_udf_1 limit 1
PREHOOK: type: QUERY
PREHOOK: Input: default@varchar_udf_1
#### A masked pattern was here ####
POSTHOOK: query: select
  trim(c2),
  trim(c4),
  trim(c2) = trim(c4)
from varchar_udf_1 limit 1
POSTHOOK: type: QUERY
POSTHOOK: Input: default@varchar_udf_1
#### A masked pattern was here ####
val_238	val_238	true
PREHOOK: query: explain
select
  compute_stats(c2, 16),
  compute_stats(c4, 16)
from varchar_udf_1
PREHOOK: type: QUERY
POSTHOOK: query: explain
select
  compute_stats(c2, 16),
  compute_stats(c4, 16)
from varchar_udf_1
POSTHOOK: type: QUERY
STAGE DEPENDENCIES:
  Stage-1 is a root stage
  Stage-0 depends on stages: Stage-1

STAGE PLANS:
  Stage: Stage-1
    Tez
#### A masked pattern was here ####
      Edges:
        Reducer 2 <- Map 1 (CUSTOM_SIMPLE_EDGE)
#### A masked pattern was here ####
      Vertices:
        Map 1 
            Map Operator Tree:
                TableScan
                  alias: varchar_udf_1
                  Statistics: Num rows: 1 Data size: 732 Basic stats: COMPLETE Column stats: NONE
                  Select Operator
                    expressions: c2 (type: string), c4 (type: varchar(20))
                    outputColumnNames: _col0, _col2
                    Statistics: Num rows: 1 Data size: 732 Basic stats: COMPLETE Column stats: NONE
                    Group By Operator
                      aggregations: compute_stats(_col0, 16), compute_stats(_col2, 16)
                      mode: hash
                      outputColumnNames: _col0, _col1
                      Statistics: Num rows: 1 Data size: 984 Basic stats: COMPLETE Column stats: NONE
                      Reduce Output Operator
                        sort order: 
                        Statistics: Num rows: 1 Data size: 984 Basic stats: COMPLETE Column stats: NONE
                        value expressions: _col0 (type: struct<columntype:string,maxlength:bigint,sumlength:bigint,count:bigint,countnulls:bigint,bitvector:string,numbitvectors:int>), _col1 (type: struct<columntype:string,maxlength:bigint,sumlength:bigint,count:bigint,countnulls:bigint,bitvector:string,numbitvectors:int>)
            Execution mode: llap
            LLAP IO: all inputs
        Reducer 2 
            Execution mode: llap
            Reduce Operator Tree:
              Group By Operator
                aggregations: compute_stats(VALUE._col0), compute_stats(VALUE._col1)
                mode: mergepartial
                outputColumnNames: _col0, _col1
                Statistics: Num rows: 1 Data size: 984 Basic stats: COMPLETE Column stats: NONE
                File Output Operator
                  compressed: false
                  Statistics: Num rows: 1 Data size: 984 Basic stats: COMPLETE Column stats: NONE
                  table:
                      input format: org.apache.hadoop.mapred.SequenceFileInputFormat
                      output format: org.apache.hadoop.hive.ql.io.HiveSequenceFileOutputFormat
                      serde: org.apache.hadoop.hive.serde2.lazy.LazySimpleSerDe

  Stage: Stage-0
    Fetch Operator
      limit: -1
      Processor Tree:
        ListSink

PREHOOK: query: select
  compute_stats(c2, 16),
  compute_stats(c4, 16)
from varchar_udf_1
PREHOOK: type: QUERY
PREHOOK: Input: default@varchar_udf_1
#### A masked pattern was here ####
POSTHOOK: query: select
  compute_stats(c2, 16),
  compute_stats(c4, 16)
from varchar_udf_1
POSTHOOK: type: QUERY
POSTHOOK: Input: default@varchar_udf_1
#### A masked pattern was here ####
{"columntype":"String","maxlength":7,"avglength":7.0,"countnulls":0,"numdistinctvalues":1,"ndvbitvector":"{0}{3}{2}{3}{1}{0}{2}{0}{1}{0}{0}{1}{3}{2}{0}{3}"}	{"columntype":"String","maxlength":7,"avglength":7.0,"countnulls":0,"numdistinctvalues":1,"ndvbitvector":"{0}{3}{2}{3}{1}{0}{2}{0}{1}{0}{0}{1}{3}{2}{0}{3}"}
PREHOOK: query: explain
select
  min(c2),
  min(c4)
from varchar_udf_1
PREHOOK: type: QUERY
POSTHOOK: query: explain
select
  min(c2),
  min(c4)
from varchar_udf_1
POSTHOOK: type: QUERY
STAGE DEPENDENCIES:
  Stage-1 is a root stage
  Stage-0 depends on stages: Stage-1

STAGE PLANS:
  Stage: Stage-1
    Tez
#### A masked pattern was here ####
      Edges:
        Reducer 2 <- Map 1 (CUSTOM_SIMPLE_EDGE)
#### A masked pattern was here ####
      Vertices:
        Map 1 
            Map Operator Tree:
                TableScan
                  alias: varchar_udf_1
                  Statistics: Num rows: 1 Data size: 732 Basic stats: COMPLETE Column stats: NONE
                  Select Operator
                    expressions: c2 (type: string), c4 (type: varchar(20))
                    outputColumnNames: c2, c4
                    Statistics: Num rows: 1 Data size: 732 Basic stats: COMPLETE Column stats: NONE
                    Group By Operator
                      aggregations: min(c2), min(c4)
                      mode: hash
                      outputColumnNames: _col0, _col1
                      Statistics: Num rows: 1 Data size: 288 Basic stats: COMPLETE Column stats: NONE
                      Reduce Output Operator
                        sort order: 
                        Statistics: Num rows: 1 Data size: 288 Basic stats: COMPLETE Column stats: NONE
                        value expressions: _col0 (type: string), _col1 (type: varchar(20))
            Execution mode: vectorized, llap
            LLAP IO: all inputs
        Reducer 2 
            Execution mode: vectorized, llap
            Reduce Operator Tree:
              Group By Operator
                aggregations: min(VALUE._col0), min(VALUE._col1)
                mode: mergepartial
                outputColumnNames: _col0, _col1
                Statistics: Num rows: 1 Data size: 288 Basic stats: COMPLETE Column stats: NONE
                File Output Operator
                  compressed: false
                  Statistics: Num rows: 1 Data size: 288 Basic stats: COMPLETE Column stats: NONE
                  table:
                      input format: org.apache.hadoop.mapred.SequenceFileInputFormat
                      output format: org.apache.hadoop.hive.ql.io.HiveSequenceFileOutputFormat
                      serde: org.apache.hadoop.hive.serde2.lazy.LazySimpleSerDe

  Stage: Stage-0
    Fetch Operator
      limit: -1
      Processor Tree:
        ListSink

PREHOOK: query: select
  min(c2),
  min(c4)
from varchar_udf_1
PREHOOK: type: QUERY
PREHOOK: Input: default@varchar_udf_1
#### A masked pattern was here ####
POSTHOOK: query: select
  min(c2),
  min(c4)
from varchar_udf_1
POSTHOOK: type: QUERY
POSTHOOK: Input: default@varchar_udf_1
#### A masked pattern was here ####
val_238	val_238
PREHOOK: query: explain
select
  max(c2),
  max(c4)
from varchar_udf_1
PREHOOK: type: QUERY
POSTHOOK: query: explain
select
  max(c2),
  max(c4)
from varchar_udf_1
POSTHOOK: type: QUERY
STAGE DEPENDENCIES:
  Stage-1 is a root stage
  Stage-0 depends on stages: Stage-1

STAGE PLANS:
  Stage: Stage-1
    Tez
#### A masked pattern was here ####
      Edges:
        Reducer 2 <- Map 1 (CUSTOM_SIMPLE_EDGE)
#### A masked pattern was here ####
      Vertices:
        Map 1 
            Map Operator Tree:
                TableScan
                  alias: varchar_udf_1
                  Statistics: Num rows: 1 Data size: 732 Basic stats: COMPLETE Column stats: NONE
                  Select Operator
                    expressions: c2 (type: string), c4 (type: varchar(20))
                    outputColumnNames: c2, c4
                    Statistics: Num rows: 1 Data size: 732 Basic stats: COMPLETE Column stats: NONE
                    Group By Operator
                      aggregations: max(c2), max(c4)
                      mode: hash
                      outputColumnNames: _col0, _col1
                      Statistics: Num rows: 1 Data size: 288 Basic stats: COMPLETE Column stats: NONE
                      Reduce Output Operator
                        sort order: 
                        Statistics: Num rows: 1 Data size: 288 Basic stats: COMPLETE Column stats: NONE
                        value expressions: _col0 (type: string), _col1 (type: varchar(20))
            Execution mode: vectorized, llap
            LLAP IO: all inputs
        Reducer 2 
            Execution mode: vectorized, llap
            Reduce Operator Tree:
              Group By Operator
                aggregations: max(VALUE._col0), max(VALUE._col1)
                mode: mergepartial
                outputColumnNames: _col0, _col1
                Statistics: Num rows: 1 Data size: 288 Basic stats: COMPLETE Column stats: NONE
                File Output Operator
                  compressed: false
                  Statistics: Num rows: 1 Data size: 288 Basic stats: COMPLETE Column stats: NONE
                  table:
                      input format: org.apache.hadoop.mapred.SequenceFileInputFormat
                      output format: org.apache.hadoop.hive.ql.io.HiveSequenceFileOutputFormat
                      serde: org.apache.hadoop.hive.serde2.lazy.LazySimpleSerDe

  Stage: Stage-0
    Fetch Operator
      limit: -1
      Processor Tree:
        ListSink

PREHOOK: query: select
  max(c2),
  max(c4)
from varchar_udf_1
PREHOOK: type: QUERY
PREHOOK: Input: default@varchar_udf_1
#### A masked pattern was here ####
POSTHOOK: query: select
  max(c2),
  max(c4)
from varchar_udf_1
POSTHOOK: type: QUERY
POSTHOOK: Input: default@varchar_udf_1
#### A masked pattern was here ####
val_238	val_238
PREHOOK: query: drop table varchar_udf_1
PREHOOK: type: DROPTABLE
PREHOOK: Input: default@varchar_udf_1
PREHOOK: Output: default@varchar_udf_1
POSTHOOK: query: drop table varchar_udf_1
POSTHOOK: type: DROPTABLE
POSTHOOK: Input: default@varchar_udf_1
POSTHOOK: Output: default@varchar_udf_1
