PREHOOK: query: create table if not exists alltypes_n4 (
 bo1 boolean,
 ti1 tinyint,
 si1 smallint,
 i1 int,
 bi1 bigint,
 f1 float,
 d1 double,
 de1 decimal,
 ts1 timestamp,
 da1 timestamp,
 s1 string,
 vc1 varchar(5),
 m1 map<string, string>,
 l1 array<int>,
 st1 struct<c1:int, c2:string>
) row format delimited fields terminated by '|'
collection items terminated by ','
map keys terminated by ':' stored as textfile
PREHOOK: type: CREATETABLE
PREHOOK: Output: database:default
PREHOOK: Output: default@alltypes_n4
POSTHOOK: query: create table if not exists alltypes_n4 (
 bo1 boolean,
 ti1 tinyint,
 si1 smallint,
 i1 int,
 bi1 bigint,
 f1 float,
 d1 double,
 de1 decimal,
 ts1 timestamp,
 da1 timestamp,
 s1 string,
 vc1 varchar(5),
 m1 map<string, string>,
 l1 array<int>,
 st1 struct<c1:int, c2:string>
) row format delimited fields terminated by '|'
collection items terminated by ','
map keys terminated by ':' stored as textfile
POSTHOOK: type: CREATETABLE
POSTHOOK: Output: database:default
POSTHOOK: Output: default@alltypes_n4
PREHOOK: query: create table alltypes_orc_n4 like alltypes_n4
PREHOOK: type: CREATETABLE
PREHOOK: Output: database:default
PREHOOK: Output: default@alltypes_orc_n4
POSTHOOK: query: create table alltypes_orc_n4 like alltypes_n4
POSTHOOK: type: CREATETABLE
POSTHOOK: Output: database:default
POSTHOOK: Output: default@alltypes_orc_n4
PREHOOK: query: alter table alltypes_orc_n4 set fileformat orc
PREHOOK: type: ALTERTABLE_FILEFORMAT
PREHOOK: Input: default@alltypes_orc_n4
PREHOOK: Output: default@alltypes_orc_n4
POSTHOOK: query: alter table alltypes_orc_n4 set fileformat orc
POSTHOOK: type: ALTERTABLE_FILEFORMAT
POSTHOOK: Input: default@alltypes_orc_n4
POSTHOOK: Output: default@alltypes_orc_n4
PREHOOK: query: load data local inpath '../../data/files/alltypes.txt' overwrite into table alltypes_n4
PREHOOK: type: LOAD
#### A masked pattern was here ####
PREHOOK: Output: default@alltypes_n4
POSTHOOK: query: load data local inpath '../../data/files/alltypes.txt' overwrite into table alltypes_n4
POSTHOOK: type: LOAD
#### A masked pattern was here ####
POSTHOOK: Output: default@alltypes_n4
PREHOOK: query: insert overwrite table alltypes_orc_n4 select * from alltypes_n4
PREHOOK: type: QUERY
PREHOOK: Input: default@alltypes_n4
PREHOOK: Output: default@alltypes_orc_n4
POSTHOOK: query: insert overwrite table alltypes_orc_n4 select * from alltypes_n4
POSTHOOK: type: QUERY
POSTHOOK: Input: default@alltypes_n4
POSTHOOK: Output: default@alltypes_orc_n4
POSTHOOK: Lineage: alltypes_orc_n4.bi1 SIMPLE [(alltypes_n4)alltypes_n4.FieldSchema(name:bi1, type:bigint, comment:null), ]
POSTHOOK: Lineage: alltypes_orc_n4.bo1 SIMPLE [(alltypes_n4)alltypes_n4.FieldSchema(name:bo1, type:boolean, comment:null), ]
POSTHOOK: Lineage: alltypes_orc_n4.d1 SIMPLE [(alltypes_n4)alltypes_n4.FieldSchema(name:d1, type:double, comment:null), ]
POSTHOOK: Lineage: alltypes_orc_n4.da1 SIMPLE [(alltypes_n4)alltypes_n4.FieldSchema(name:da1, type:timestamp, comment:null), ]
POSTHOOK: Lineage: alltypes_orc_n4.de1 SIMPLE [(alltypes_n4)alltypes_n4.FieldSchema(name:de1, type:decimal(10,0), comment:null), ]
POSTHOOK: Lineage: alltypes_orc_n4.f1 SIMPLE [(alltypes_n4)alltypes_n4.FieldSchema(name:f1, type:float, comment:null), ]
POSTHOOK: Lineage: alltypes_orc_n4.i1 SIMPLE [(alltypes_n4)alltypes_n4.FieldSchema(name:i1, type:int, comment:null), ]
POSTHOOK: Lineage: alltypes_orc_n4.l1 SIMPLE [(alltypes_n4)alltypes_n4.FieldSchema(name:l1, type:array<int>, comment:null), ]
POSTHOOK: Lineage: alltypes_orc_n4.m1 SIMPLE [(alltypes_n4)alltypes_n4.FieldSchema(name:m1, type:map<string,string>, comment:null), ]
POSTHOOK: Lineage: alltypes_orc_n4.s1 SIMPLE [(alltypes_n4)alltypes_n4.FieldSchema(name:s1, type:string, comment:null), ]
POSTHOOK: Lineage: alltypes_orc_n4.si1 SIMPLE [(alltypes_n4)alltypes_n4.FieldSchema(name:si1, type:smallint, comment:null), ]
POSTHOOK: Lineage: alltypes_orc_n4.st1 SIMPLE [(alltypes_n4)alltypes_n4.FieldSchema(name:st1, type:struct<c1:int,c2:string>, comment:null), ]
POSTHOOK: Lineage: alltypes_orc_n4.ti1 SIMPLE [(alltypes_n4)alltypes_n4.FieldSchema(name:ti1, type:tinyint, comment:null), ]
POSTHOOK: Lineage: alltypes_orc_n4.ts1 SIMPLE [(alltypes_n4)alltypes_n4.FieldSchema(name:ts1, type:timestamp, comment:null), ]
POSTHOOK: Lineage: alltypes_orc_n4.vc1 SIMPLE [(alltypes_n4)alltypes_n4.FieldSchema(name:vc1, type:varchar(5), comment:null), ]
PREHOOK: query: explain select * from alltypes_orc_n4
PREHOOK: type: QUERY
PREHOOK: Input: default@alltypes_orc_n4
#### A masked pattern was here ####
POSTHOOK: query: explain select * from alltypes_orc_n4
POSTHOOK: type: QUERY
POSTHOOK: Input: default@alltypes_orc_n4
#### A masked pattern was here ####
STAGE DEPENDENCIES:
  Stage-1 is a root stage
  Stage-0 depends on stages: Stage-1

STAGE PLANS:
  Stage: Stage-1
    Tez
#### A masked pattern was here ####
      Vertices:
        Map 1 
            Map Operator Tree:
                TableScan
                  alias: alltypes_orc_n4
                  Statistics: Num rows: 2 Data size: 3554 Basic stats: COMPLETE Column stats: NONE
                  Select Operator
                    expressions: bo1 (type: boolean), ti1 (type: tinyint), si1 (type: smallint), i1 (type: int), bi1 (type: bigint), f1 (type: float), d1 (type: double), de1 (type: decimal(10,0)), ts1 (type: timestamp), da1 (type: timestamp), s1 (type: string), vc1 (type: varchar(5)), m1 (type: map<string,string>), l1 (type: array<int>), st1 (type: struct<c1:int,c2:string>)
                    outputColumnNames: _col0, _col1, _col2, _col3, _col4, _col5, _col6, _col7, _col8, _col9, _col10, _col11, _col12, _col13, _col14
                    Statistics: Num rows: 2 Data size: 3554 Basic stats: COMPLETE Column stats: NONE
                    File Output Operator
                      compressed: false
                      Statistics: Num rows: 2 Data size: 3554 Basic stats: COMPLETE Column stats: NONE
                      table:
                          input format: org.apache.hadoop.mapred.SequenceFileInputFormat
                          output format: org.apache.hadoop.hive.ql.io.HiveSequenceFileOutputFormat
                          serde: org.apache.hadoop.hive.serde2.lazy.LazySimpleSerDe
            Execution mode: vectorized, llap
            LLAP IO: all inputs

  Stage: Stage-0
    Fetch Operator
      limit: -1
      Processor Tree:
        ListSink

PREHOOK: query: analyze table alltypes_orc_n4 compute statistics for columns bo1, ti1, si1, i1, bi1, f1, d1, s1, vc1
PREHOOK: type: ANALYZE_TABLE
PREHOOK: Input: default@alltypes_orc_n4
PREHOOK: Output: default@alltypes_orc_n4
#### A masked pattern was here ####
POSTHOOK: query: analyze table alltypes_orc_n4 compute statistics for columns bo1, ti1, si1, i1, bi1, f1, d1, s1, vc1
POSTHOOK: type: ANALYZE_TABLE
POSTHOOK: Input: default@alltypes_orc_n4
POSTHOOK: Output: default@alltypes_orc_n4
#### A masked pattern was here ####
PREHOOK: query: explain select * from alltypes_orc_n4
PREHOOK: type: QUERY
PREHOOK: Input: default@alltypes_orc_n4
#### A masked pattern was here ####
POSTHOOK: query: explain select * from alltypes_orc_n4
POSTHOOK: type: QUERY
POSTHOOK: Input: default@alltypes_orc_n4
#### A masked pattern was here ####
STAGE DEPENDENCIES:
  Stage-1 is a root stage
  Stage-0 depends on stages: Stage-1

STAGE PLANS:
  Stage: Stage-1
    Tez
#### A masked pattern was here ####
      Vertices:
        Map 1 
            Map Operator Tree:
                TableScan
                  alias: alltypes_orc_n4
                  Statistics: Num rows: 2 Data size: 3356 Basic stats: COMPLETE Column stats: PARTIAL
                  Select Operator
                    expressions: bo1 (type: boolean), ti1 (type: tinyint), si1 (type: smallint), i1 (type: int), bi1 (type: bigint), f1 (type: float), d1 (type: double), de1 (type: decimal(10,0)), ts1 (type: timestamp), da1 (type: timestamp), s1 (type: string), vc1 (type: varchar(5)), m1 (type: map<string,string>), l1 (type: array<int>), st1 (type: struct<c1:int,c2:string>)
                    outputColumnNames: _col0, _col1, _col2, _col3, _col4, _col5, _col6, _col7, _col8, _col9, _col10, _col11, _col12, _col13, _col14
                    Statistics: Num rows: 2 Data size: 3356 Basic stats: COMPLETE Column stats: PARTIAL
                    File Output Operator
                      compressed: false
                      Statistics: Num rows: 2 Data size: 3356 Basic stats: COMPLETE Column stats: PARTIAL
                      table:
                          input format: org.apache.hadoop.mapred.SequenceFileInputFormat
                          output format: org.apache.hadoop.hive.ql.io.HiveSequenceFileOutputFormat
                          serde: org.apache.hadoop.hive.serde2.lazy.LazySimpleSerDe
            Execution mode: vectorized, llap
            LLAP IO: all inputs

  Stage: Stage-0
    Fetch Operator
      limit: -1
      Processor Tree:
        ListSink

PREHOOK: query: explain select bo1 from alltypes_orc_n4
PREHOOK: type: QUERY
PREHOOK: Input: default@alltypes_orc_n4
#### A masked pattern was here ####
POSTHOOK: query: explain select bo1 from alltypes_orc_n4
POSTHOOK: type: QUERY
POSTHOOK: Input: default@alltypes_orc_n4
#### A masked pattern was here ####
STAGE DEPENDENCIES:
  Stage-1 is a root stage
  Stage-0 depends on stages: Stage-1

STAGE PLANS:
  Stage: Stage-1
    Tez
#### A masked pattern was here ####
      Vertices:
        Map 1 
            Map Operator Tree:
                TableScan
                  alias: alltypes_orc_n4
                  Statistics: Num rows: 2 Data size: 8 Basic stats: COMPLETE Column stats: COMPLETE
                  Select Operator
                    expressions: bo1 (type: boolean)
                    outputColumnNames: _col0
                    Statistics: Num rows: 2 Data size: 8 Basic stats: COMPLETE Column stats: COMPLETE
                    File Output Operator
                      compressed: false
                      Statistics: Num rows: 2 Data size: 8 Basic stats: COMPLETE Column stats: COMPLETE
                      table:
                          input format: org.apache.hadoop.mapred.SequenceFileInputFormat
                          output format: org.apache.hadoop.hive.ql.io.HiveSequenceFileOutputFormat
                          serde: org.apache.hadoop.hive.serde2.lazy.LazySimpleSerDe
            Execution mode: vectorized, llap
            LLAP IO: all inputs

  Stage: Stage-0
    Fetch Operator
      limit: -1
      Processor Tree:
        ListSink

PREHOOK: query: explain select i1 as int1 from alltypes_orc_n4
PREHOOK: type: QUERY
PREHOOK: Input: default@alltypes_orc_n4
#### A masked pattern was here ####
POSTHOOK: query: explain select i1 as int1 from alltypes_orc_n4
POSTHOOK: type: QUERY
POSTHOOK: Input: default@alltypes_orc_n4
#### A masked pattern was here ####
STAGE DEPENDENCIES:
  Stage-1 is a root stage
  Stage-0 depends on stages: Stage-1

STAGE PLANS:
  Stage: Stage-1
    Tez
#### A masked pattern was here ####
      Vertices:
        Map 1 
            Map Operator Tree:
                TableScan
                  alias: alltypes_orc_n4
                  Statistics: Num rows: 2 Data size: 8 Basic stats: COMPLETE Column stats: COMPLETE
                  Select Operator
                    expressions: i1 (type: int)
                    outputColumnNames: _col0
                    Statistics: Num rows: 2 Data size: 8 Basic stats: COMPLETE Column stats: COMPLETE
                    File Output Operator
                      compressed: false
                      Statistics: Num rows: 2 Data size: 8 Basic stats: COMPLETE Column stats: COMPLETE
                      table:
                          input format: org.apache.hadoop.mapred.SequenceFileInputFormat
                          output format: org.apache.hadoop.hive.ql.io.HiveSequenceFileOutputFormat
                          serde: org.apache.hadoop.hive.serde2.lazy.LazySimpleSerDe
            Execution mode: vectorized, llap
            LLAP IO: all inputs

  Stage: Stage-0
    Fetch Operator
      limit: -1
      Processor Tree:
        ListSink

PREHOOK: query: explain select s1 from alltypes_orc_n4
PREHOOK: type: QUERY
PREHOOK: Input: default@alltypes_orc_n4
#### A masked pattern was here ####
POSTHOOK: query: explain select s1 from alltypes_orc_n4
POSTHOOK: type: QUERY
POSTHOOK: Input: default@alltypes_orc_n4
#### A masked pattern was here ####
STAGE DEPENDENCIES:
  Stage-1 is a root stage
  Stage-0 depends on stages: Stage-1

STAGE PLANS:
  Stage: Stage-1
    Tez
#### A masked pattern was here ####
      Vertices:
        Map 1 
            Map Operator Tree:
                TableScan
                  alias: alltypes_orc_n4
                  Statistics: Num rows: 2 Data size: 174 Basic stats: COMPLETE Column stats: COMPLETE
                  Select Operator
                    expressions: s1 (type: string)
                    outputColumnNames: _col0
                    Statistics: Num rows: 2 Data size: 174 Basic stats: COMPLETE Column stats: COMPLETE
                    File Output Operator
                      compressed: false
                      Statistics: Num rows: 2 Data size: 174 Basic stats: COMPLETE Column stats: COMPLETE
                      table:
                          input format: org.apache.hadoop.mapred.SequenceFileInputFormat
                          output format: org.apache.hadoop.hive.ql.io.HiveSequenceFileOutputFormat
                          serde: org.apache.hadoop.hive.serde2.lazy.LazySimpleSerDe
            Execution mode: vectorized, llap
            LLAP IO: all inputs

  Stage: Stage-0
    Fetch Operator
      limit: -1
      Processor Tree:
        ListSink

PREHOOK: query: explain select m1 from alltypes_orc_n4
PREHOOK: type: QUERY
PREHOOK: Input: default@alltypes_orc_n4
#### A masked pattern was here ####
POSTHOOK: query: explain select m1 from alltypes_orc_n4
POSTHOOK: type: QUERY
POSTHOOK: Input: default@alltypes_orc_n4
#### A masked pattern was here ####
STAGE DEPENDENCIES:
  Stage-1 is a root stage
  Stage-0 depends on stages: Stage-1

STAGE PLANS:
  Stage: Stage-1
    Tez
#### A masked pattern was here ####
      Vertices:
        Map 1 
            Map Operator Tree:
                TableScan
                  alias: alltypes_orc_n4
                  Statistics: Num rows: 2 Data size: 1840 Basic stats: COMPLETE Column stats: NONE
                  Select Operator
                    expressions: m1 (type: map<string,string>)
                    outputColumnNames: _col0
                    Statistics: Num rows: 2 Data size: 1840 Basic stats: COMPLETE Column stats: NONE
                    File Output Operator
                      compressed: false
                      Statistics: Num rows: 2 Data size: 1840 Basic stats: COMPLETE Column stats: NONE
                      table:
                          input format: org.apache.hadoop.mapred.SequenceFileInputFormat
                          output format: org.apache.hadoop.hive.ql.io.HiveSequenceFileOutputFormat
                          serde: org.apache.hadoop.hive.serde2.lazy.LazySimpleSerDe
            Execution mode: vectorized, llap
            LLAP IO: all inputs

  Stage: Stage-0
    Fetch Operator
      limit: -1
      Processor Tree:
        ListSink

PREHOOK: query: explain select bo1, ti1, si1, i1, bi1, f1, d1,s1 from alltypes_orc_n4
PREHOOK: type: QUERY
PREHOOK: Input: default@alltypes_orc_n4
#### A masked pattern was here ####
POSTHOOK: query: explain select bo1, ti1, si1, i1, bi1, f1, d1,s1 from alltypes_orc_n4
POSTHOOK: type: QUERY
POSTHOOK: Input: default@alltypes_orc_n4
#### A masked pattern was here ####
STAGE DEPENDENCIES:
  Stage-1 is a root stage
  Stage-0 depends on stages: Stage-1

STAGE PLANS:
  Stage: Stage-1
    Tez
#### A masked pattern was here ####
      Vertices:
        Map 1 
            Map Operator Tree:
                TableScan
                  alias: alltypes_orc_n4
                  Statistics: Num rows: 2 Data size: 246 Basic stats: COMPLETE Column stats: COMPLETE
                  Select Operator
                    expressions: bo1 (type: boolean), ti1 (type: tinyint), si1 (type: smallint), i1 (type: int), bi1 (type: bigint), f1 (type: float), d1 (type: double), s1 (type: string)
                    outputColumnNames: _col0, _col1, _col2, _col3, _col4, _col5, _col6, _col7
                    Statistics: Num rows: 2 Data size: 246 Basic stats: COMPLETE Column stats: COMPLETE
                    File Output Operator
                      compressed: false
                      Statistics: Num rows: 2 Data size: 246 Basic stats: COMPLETE Column stats: COMPLETE
                      table:
                          input format: org.apache.hadoop.mapred.SequenceFileInputFormat
                          output format: org.apache.hadoop.hive.ql.io.HiveSequenceFileOutputFormat
                          serde: org.apache.hadoop.hive.serde2.lazy.LazySimpleSerDe
            Execution mode: vectorized, llap
            LLAP IO: all inputs

  Stage: Stage-0
    Fetch Operator
      limit: -1
      Processor Tree:
        ListSink

PREHOOK: query: explain vectorization expression select null from alltypes_orc_n4
PREHOOK: type: QUERY
PREHOOK: Input: default@alltypes_orc_n4
#### A masked pattern was here ####
POSTHOOK: query: explain vectorization expression select null from alltypes_orc_n4
POSTHOOK: type: QUERY
POSTHOOK: Input: default@alltypes_orc_n4
#### A masked pattern was here ####
PLAN VECTORIZATION:
  enabled: true
  enabledConditionsMet: [hive.vectorized.execution.enabled IS true]

STAGE DEPENDENCIES:
  Stage-1 is a root stage
  Stage-0 depends on stages: Stage-1

STAGE PLANS:
  Stage: Stage-1
    Tez
#### A masked pattern was here ####
      Vertices:
        Map 1 
            Map Operator Tree:
                TableScan
                  alias: alltypes_orc_n4
                  Statistics: Num rows: 2 Data size: 1718 Basic stats: COMPLETE Column stats: COMPLETE
                  TableScan Vectorization:
                      native: true
                  Select Operator
                    expressions: null (type: void)
                    outputColumnNames: _col0
                    Select Vectorization:
                        className: VectorSelectOperator
                        native: true
                        projectedOutputColumnNums: [16]
                        selectExpressions: ConstantVectorExpression(val null) -> 16:void
                    Statistics: Num rows: 2 Data size: 4 Basic stats: COMPLETE Column stats: COMPLETE
                    File Output Operator
                      compressed: false
                      File Sink Vectorization:
                          className: VectorFileSinkOperator
                          native: false
                      Statistics: Num rows: 2 Data size: 4 Basic stats: COMPLETE Column stats: COMPLETE
                      table:
                          input format: org.apache.hadoop.mapred.SequenceFileInputFormat
                          output format: org.apache.hadoop.hive.ql.io.HiveSequenceFileOutputFormat
                          serde: org.apache.hadoop.hive.serde2.lazy.LazySimpleSerDe
            Execution mode: vectorized, llap
            LLAP IO: all inputs
            Map Vectorization:
                enabled: true
                enabledConditionsMet: hive.vectorized.use.vectorized.input.format IS true
                inputFormatFeatureSupport: [DECIMAL_64]
                featureSupportInUse: [DECIMAL_64]
                inputFileFormats: org.apache.hadoop.hive.ql.io.orc.OrcInputFormat
                allNative: false
                usesVectorUDFAdaptor: false
                vectorized: true

  Stage: Stage-0
    Fetch Operator
      limit: -1
      Processor Tree:
        ListSink

PREHOOK: query: explain vectorization expression select 11 from alltypes_orc_n4
PREHOOK: type: QUERY
PREHOOK: Input: default@alltypes_orc_n4
#### A masked pattern was here ####
POSTHOOK: query: explain vectorization expression select 11 from alltypes_orc_n4
POSTHOOK: type: QUERY
POSTHOOK: Input: default@alltypes_orc_n4
#### A masked pattern was here ####
PLAN VECTORIZATION:
  enabled: true
  enabledConditionsMet: [hive.vectorized.execution.enabled IS true]

STAGE DEPENDENCIES:
  Stage-1 is a root stage
  Stage-0 depends on stages: Stage-1

STAGE PLANS:
  Stage: Stage-1
    Tez
#### A masked pattern was here ####
      Vertices:
        Map 1 
            Map Operator Tree:
                TableScan
                  alias: alltypes_orc_n4
                  Statistics: Num rows: 2 Data size: 1718 Basic stats: COMPLETE Column stats: COMPLETE
                  TableScan Vectorization:
                      native: true
                  Select Operator
                    expressions: 11 (type: int)
                    outputColumnNames: _col0
                    Select Vectorization:
                        className: VectorSelectOperator
                        native: true
                        projectedOutputColumnNums: [16]
                        selectExpressions: ConstantVectorExpression(val 11) -> 16:int
                    Statistics: Num rows: 2 Data size: 8 Basic stats: COMPLETE Column stats: COMPLETE
                    File Output Operator
                      compressed: false
                      File Sink Vectorization:
                          className: VectorFileSinkOperator
                          native: false
                      Statistics: Num rows: 2 Data size: 8 Basic stats: COMPLETE Column stats: COMPLETE
                      table:
                          input format: org.apache.hadoop.mapred.SequenceFileInputFormat
                          output format: org.apache.hadoop.hive.ql.io.HiveSequenceFileOutputFormat
                          serde: org.apache.hadoop.hive.serde2.lazy.LazySimpleSerDe
            Execution mode: vectorized, llap
            LLAP IO: all inputs
            Map Vectorization:
                enabled: true
                enabledConditionsMet: hive.vectorized.use.vectorized.input.format IS true
                inputFormatFeatureSupport: [DECIMAL_64]
                featureSupportInUse: [DECIMAL_64]
                inputFileFormats: org.apache.hadoop.hive.ql.io.orc.OrcInputFormat
                allNative: false
                usesVectorUDFAdaptor: false
                vectorized: true

  Stage: Stage-0
    Fetch Operator
      limit: -1
      Processor Tree:
        ListSink

PREHOOK: query: explain vectorization expression select 11L from alltypes_orc_n4
PREHOOK: type: QUERY
PREHOOK: Input: default@alltypes_orc_n4
#### A masked pattern was here ####
POSTHOOK: query: explain vectorization expression select 11L from alltypes_orc_n4
POSTHOOK: type: QUERY
POSTHOOK: Input: default@alltypes_orc_n4
#### A masked pattern was here ####
PLAN VECTORIZATION:
  enabled: true
  enabledConditionsMet: [hive.vectorized.execution.enabled IS true]

STAGE DEPENDENCIES:
  Stage-1 is a root stage
  Stage-0 depends on stages: Stage-1

STAGE PLANS:
  Stage: Stage-1
    Tez
#### A masked pattern was here ####
      Vertices:
        Map 1 
            Map Operator Tree:
                TableScan
                  alias: alltypes_orc_n4
                  Statistics: Num rows: 2 Data size: 1718 Basic stats: COMPLETE Column stats: COMPLETE
                  TableScan Vectorization:
                      native: true
                  Select Operator
                    expressions: 11L (type: bigint)
                    outputColumnNames: _col0
                    Select Vectorization:
                        className: VectorSelectOperator
                        native: true
                        projectedOutputColumnNums: [16]
                        selectExpressions: ConstantVectorExpression(val 11) -> 16:bigint
                    Statistics: Num rows: 2 Data size: 16 Basic stats: COMPLETE Column stats: COMPLETE
                    File Output Operator
                      compressed: false
                      File Sink Vectorization:
                          className: VectorFileSinkOperator
                          native: false
                      Statistics: Num rows: 2 Data size: 16 Basic stats: COMPLETE Column stats: COMPLETE
                      table:
                          input format: org.apache.hadoop.mapred.SequenceFileInputFormat
                          output format: org.apache.hadoop.hive.ql.io.HiveSequenceFileOutputFormat
                          serde: org.apache.hadoop.hive.serde2.lazy.LazySimpleSerDe
            Execution mode: vectorized, llap
            LLAP IO: all inputs
            Map Vectorization:
                enabled: true
                enabledConditionsMet: hive.vectorized.use.vectorized.input.format IS true
                inputFormatFeatureSupport: [DECIMAL_64]
                featureSupportInUse: [DECIMAL_64]
                inputFileFormats: org.apache.hadoop.hive.ql.io.orc.OrcInputFormat
                allNative: false
                usesVectorUDFAdaptor: false
                vectorized: true

  Stage: Stage-0
    Fetch Operator
      limit: -1
      Processor Tree:
        ListSink

PREHOOK: query: explain vectorization expression select 11.0 from alltypes_orc_n4
PREHOOK: type: QUERY
PREHOOK: Input: default@alltypes_orc_n4
#### A masked pattern was here ####
POSTHOOK: query: explain vectorization expression select 11.0 from alltypes_orc_n4
POSTHOOK: type: QUERY
POSTHOOK: Input: default@alltypes_orc_n4
#### A masked pattern was here ####
PLAN VECTORIZATION:
  enabled: true
  enabledConditionsMet: [hive.vectorized.execution.enabled IS true]

STAGE DEPENDENCIES:
  Stage-1 is a root stage
  Stage-0 depends on stages: Stage-1

STAGE PLANS:
  Stage: Stage-1
    Tez
#### A masked pattern was here ####
      Vertices:
        Map 1 
            Map Operator Tree:
                TableScan
                  alias: alltypes_orc_n4
                  Statistics: Num rows: 2 Data size: 1718 Basic stats: COMPLETE Column stats: COMPLETE
                  TableScan Vectorization:
                      native: true
                  Select Operator
                    expressions: 11 (type: decimal(2,0))
                    outputColumnNames: _col0
                    Select Vectorization:
                        className: VectorSelectOperator
                        native: true
                        projectedOutputColumnNums: [16]
                        selectExpressions: ConstantVectorExpression(val 11) -> 16:decimal(2,0)
                    Statistics: Num rows: 2 Data size: 224 Basic stats: COMPLETE Column stats: COMPLETE
                    File Output Operator
                      compressed: false
                      File Sink Vectorization:
                          className: VectorFileSinkOperator
                          native: false
                      Statistics: Num rows: 2 Data size: 224 Basic stats: COMPLETE Column stats: COMPLETE
                      table:
                          input format: org.apache.hadoop.mapred.SequenceFileInputFormat
                          output format: org.apache.hadoop.hive.ql.io.HiveSequenceFileOutputFormat
                          serde: org.apache.hadoop.hive.serde2.lazy.LazySimpleSerDe
            Execution mode: vectorized, llap
            LLAP IO: all inputs
            Map Vectorization:
                enabled: true
                enabledConditionsMet: hive.vectorized.use.vectorized.input.format IS true
                inputFormatFeatureSupport: [DECIMAL_64]
                featureSupportInUse: [DECIMAL_64]
                inputFileFormats: org.apache.hadoop.hive.ql.io.orc.OrcInputFormat
                allNative: false
                usesVectorUDFAdaptor: false
                vectorized: true

  Stage: Stage-0
    Fetch Operator
      limit: -1
      Processor Tree:
        ListSink

PREHOOK: query: explain vectorization expression select "hello" from alltypes_orc_n4
PREHOOK: type: QUERY
PREHOOK: Input: default@alltypes_orc_n4
#### A masked pattern was here ####
POSTHOOK: query: explain vectorization expression select "hello" from alltypes_orc_n4
POSTHOOK: type: QUERY
POSTHOOK: Input: default@alltypes_orc_n4
#### A masked pattern was here ####
PLAN VECTORIZATION:
  enabled: true
  enabledConditionsMet: [hive.vectorized.execution.enabled IS true]

STAGE DEPENDENCIES:
  Stage-1 is a root stage
  Stage-0 depends on stages: Stage-1

STAGE PLANS:
  Stage: Stage-1
    Tez
#### A masked pattern was here ####
      Vertices:
        Map 1 
            Map Operator Tree:
                TableScan
                  alias: alltypes_orc_n4
                  Statistics: Num rows: 2 Data size: 1718 Basic stats: COMPLETE Column stats: COMPLETE
                  TableScan Vectorization:
                      native: true
                  Select Operator
                    expressions: 'hello' (type: string)
                    outputColumnNames: _col0
                    Select Vectorization:
                        className: VectorSelectOperator
                        native: true
                        projectedOutputColumnNums: [16]
                        selectExpressions: ConstantVectorExpression(val hello) -> 16:string
                    Statistics: Num rows: 2 Data size: 178 Basic stats: COMPLETE Column stats: COMPLETE
                    File Output Operator
                      compressed: false
                      File Sink Vectorization:
                          className: VectorFileSinkOperator
                          native: false
                      Statistics: Num rows: 2 Data size: 178 Basic stats: COMPLETE Column stats: COMPLETE
                      table:
                          input format: org.apache.hadoop.mapred.SequenceFileInputFormat
                          output format: org.apache.hadoop.hive.ql.io.HiveSequenceFileOutputFormat
                          serde: org.apache.hadoop.hive.serde2.lazy.LazySimpleSerDe
            Execution mode: vectorized, llap
            LLAP IO: all inputs
            Map Vectorization:
                enabled: true
                enabledConditionsMet: hive.vectorized.use.vectorized.input.format IS true
                inputFormatFeatureSupport: [DECIMAL_64]
                featureSupportInUse: [DECIMAL_64]
                inputFileFormats: org.apache.hadoop.hive.ql.io.orc.OrcInputFormat
                allNative: false
                usesVectorUDFAdaptor: false
                vectorized: true

  Stage: Stage-0
    Fetch Operator
      limit: -1
      Processor Tree:
        ListSink

PREHOOK: query: explain vectorization expression select cast("hello" as char(5)) from alltypes_orc_n4
PREHOOK: type: QUERY
PREHOOK: Input: default@alltypes_orc_n4
#### A masked pattern was here ####
POSTHOOK: query: explain vectorization expression select cast("hello" as char(5)) from alltypes_orc_n4
POSTHOOK: type: QUERY
POSTHOOK: Input: default@alltypes_orc_n4
#### A masked pattern was here ####
PLAN VECTORIZATION:
  enabled: true
  enabledConditionsMet: [hive.vectorized.execution.enabled IS true]

STAGE DEPENDENCIES:
  Stage-1 is a root stage
  Stage-0 depends on stages: Stage-1

STAGE PLANS:
  Stage: Stage-1
    Tez
#### A masked pattern was here ####
      Vertices:
        Map 1 
            Map Operator Tree:
                TableScan
                  alias: alltypes_orc_n4
                  Statistics: Num rows: 2 Data size: 1718 Basic stats: COMPLETE Column stats: COMPLETE
                  TableScan Vectorization:
                      native: true
                  Select Operator
                    expressions: 'hello' (type: char(5))
                    outputColumnNames: _col0
                    Select Vectorization:
                        className: VectorSelectOperator
                        native: true
                        projectedOutputColumnNums: [16]
                        selectExpressions: ConstantVectorExpression(val hello) -> 16:char(5)
                    Statistics: Num rows: 2 Data size: 178 Basic stats: COMPLETE Column stats: COMPLETE
                    File Output Operator
                      compressed: false
                      File Sink Vectorization:
                          className: VectorFileSinkOperator
                          native: false
                      Statistics: Num rows: 2 Data size: 178 Basic stats: COMPLETE Column stats: COMPLETE
                      table:
                          input format: org.apache.hadoop.mapred.SequenceFileInputFormat
                          output format: org.apache.hadoop.hive.ql.io.HiveSequenceFileOutputFormat
                          serde: org.apache.hadoop.hive.serde2.lazy.LazySimpleSerDe
            Execution mode: vectorized, llap
            LLAP IO: all inputs
            Map Vectorization:
                enabled: true
                enabledConditionsMet: hive.vectorized.use.vectorized.input.format IS true
                inputFormatFeatureSupport: [DECIMAL_64]
                featureSupportInUse: [DECIMAL_64]
                inputFileFormats: org.apache.hadoop.hive.ql.io.orc.OrcInputFormat
                allNative: false
                usesVectorUDFAdaptor: false
                vectorized: true

  Stage: Stage-0
    Fetch Operator
      limit: -1
      Processor Tree:
        ListSink

PREHOOK: query: explain vectorization expression select cast("hello" as varchar(5)) from alltypes_orc_n4
PREHOOK: type: QUERY
PREHOOK: Input: default@alltypes_orc_n4
#### A masked pattern was here ####
POSTHOOK: query: explain vectorization expression select cast("hello" as varchar(5)) from alltypes_orc_n4
POSTHOOK: type: QUERY
POSTHOOK: Input: default@alltypes_orc_n4
#### A masked pattern was here ####
PLAN VECTORIZATION:
  enabled: true
  enabledConditionsMet: [hive.vectorized.execution.enabled IS true]

STAGE DEPENDENCIES:
  Stage-1 is a root stage
  Stage-0 depends on stages: Stage-1

STAGE PLANS:
  Stage: Stage-1
    Tez
#### A masked pattern was here ####
      Vertices:
        Map 1 
            Map Operator Tree:
                TableScan
                  alias: alltypes_orc_n4
                  Statistics: Num rows: 2 Data size: 1718 Basic stats: COMPLETE Column stats: COMPLETE
                  TableScan Vectorization:
                      native: true
                  Select Operator
                    expressions: 'hello' (type: varchar(5))
                    outputColumnNames: _col0
                    Select Vectorization:
                        className: VectorSelectOperator
                        native: true
                        projectedOutputColumnNums: [16]
                        selectExpressions: ConstantVectorExpression(val hello) -> 16:varchar(5)
                    Statistics: Num rows: 2 Data size: 178 Basic stats: COMPLETE Column stats: COMPLETE
                    File Output Operator
                      compressed: false
                      File Sink Vectorization:
                          className: VectorFileSinkOperator
                          native: false
                      Statistics: Num rows: 2 Data size: 178 Basic stats: COMPLETE Column stats: COMPLETE
                      table:
                          input format: org.apache.hadoop.mapred.SequenceFileInputFormat
                          output format: org.apache.hadoop.hive.ql.io.HiveSequenceFileOutputFormat
                          serde: org.apache.hadoop.hive.serde2.lazy.LazySimpleSerDe
            Execution mode: vectorized, llap
            LLAP IO: all inputs
            Map Vectorization:
                enabled: true
                enabledConditionsMet: hive.vectorized.use.vectorized.input.format IS true
                inputFormatFeatureSupport: [DECIMAL_64]
                featureSupportInUse: [DECIMAL_64]
                inputFileFormats: org.apache.hadoop.hive.ql.io.orc.OrcInputFormat
                allNative: false
                usesVectorUDFAdaptor: false
                vectorized: true

  Stage: Stage-0
    Fetch Operator
      limit: -1
      Processor Tree:
        ListSink

PREHOOK: query: explain vectorization expression select unbase64("0xe23") from alltypes_orc_n4
PREHOOK: type: QUERY
PREHOOK: Input: default@alltypes_orc_n4
#### A masked pattern was here ####
POSTHOOK: query: explain vectorization expression select unbase64("0xe23") from alltypes_orc_n4
POSTHOOK: type: QUERY
POSTHOOK: Input: default@alltypes_orc_n4
#### A masked pattern was here ####
PLAN VECTORIZATION:
  enabled: true
  enabledConditionsMet: [hive.vectorized.execution.enabled IS true]

STAGE DEPENDENCIES:
  Stage-1 is a root stage
  Stage-0 depends on stages: Stage-1

STAGE PLANS:
  Stage: Stage-1
    Tez
#### A masked pattern was here ####
      Vertices:
        Map 1 
            Map Operator Tree:
                TableScan
                  alias: alltypes_orc_n4
                  Statistics: Num rows: 2 Data size: 1718 Basic stats: COMPLETE Column stats: COMPLETE
                  TableScan Vectorization:
                      native: true
                  Select Operator
                    expressions: D317B6 (type: binary)
                    outputColumnNames: _col0
                    Select Vectorization:
                        className: VectorSelectOperator
                        native: true
                        projectedOutputColumnNums: [16]
                        selectExpressions: ConstantVectorExpression(val ��) -> 16:binary
                    Statistics: Num rows: 2 Data size: 96 Basic stats: COMPLETE Column stats: COMPLETE
                    File Output Operator
                      compressed: false
                      File Sink Vectorization:
                          className: VectorFileSinkOperator
                          native: false
                      Statistics: Num rows: 2 Data size: 96 Basic stats: COMPLETE Column stats: COMPLETE
                      table:
                          input format: org.apache.hadoop.mapred.SequenceFileInputFormat
                          output format: org.apache.hadoop.hive.ql.io.HiveSequenceFileOutputFormat
                          serde: org.apache.hadoop.hive.serde2.lazy.LazySimpleSerDe
            Execution mode: vectorized, llap
            LLAP IO: all inputs
            Map Vectorization:
                enabled: true
                enabledConditionsMet: hive.vectorized.use.vectorized.input.format IS true
                inputFormatFeatureSupport: [DECIMAL_64]
                featureSupportInUse: [DECIMAL_64]
                inputFileFormats: org.apache.hadoop.hive.ql.io.orc.OrcInputFormat
                allNative: false
                usesVectorUDFAdaptor: false
                vectorized: true

  Stage: Stage-0
    Fetch Operator
      limit: -1
      Processor Tree:
        ListSink

PREHOOK: query: explain vectorization expression select cast("1" as TINYINT), cast("20" as SMALLINT) from alltypes_orc_n4
PREHOOK: type: QUERY
PREHOOK: Input: default@alltypes_orc_n4
#### A masked pattern was here ####
POSTHOOK: query: explain vectorization expression select cast("1" as TINYINT), cast("20" as SMALLINT) from alltypes_orc_n4
POSTHOOK: type: QUERY
POSTHOOK: Input: default@alltypes_orc_n4
#### A masked pattern was here ####
PLAN VECTORIZATION:
  enabled: true
  enabledConditionsMet: [hive.vectorized.execution.enabled IS true]

STAGE DEPENDENCIES:
  Stage-1 is a root stage
  Stage-0 depends on stages: Stage-1

STAGE PLANS:
  Stage: Stage-1
    Tez
#### A masked pattern was here ####
      Vertices:
        Map 1 
            Map Operator Tree:
                TableScan
                  alias: alltypes_orc_n4
                  Statistics: Num rows: 2 Data size: 1718 Basic stats: COMPLETE Column stats: COMPLETE
                  TableScan Vectorization:
                      native: true
                  Select Operator
                    expressions: 1Y (type: tinyint), 20S (type: smallint)
                    outputColumnNames: _col0, _col1
                    Select Vectorization:
                        className: VectorSelectOperator
                        native: true
                        projectedOutputColumnNums: [16, 17]
                        selectExpressions: ConstantVectorExpression(val 1) -> 16:tinyint, ConstantVectorExpression(val 20) -> 17:smallint
                    Statistics: Num rows: 2 Data size: 16 Basic stats: COMPLETE Column stats: COMPLETE
                    File Output Operator
                      compressed: false
                      File Sink Vectorization:
                          className: VectorFileSinkOperator
                          native: false
                      Statistics: Num rows: 2 Data size: 16 Basic stats: COMPLETE Column stats: COMPLETE
                      table:
                          input format: org.apache.hadoop.mapred.SequenceFileInputFormat
                          output format: org.apache.hadoop.hive.ql.io.HiveSequenceFileOutputFormat
                          serde: org.apache.hadoop.hive.serde2.lazy.LazySimpleSerDe
            Execution mode: vectorized, llap
            LLAP IO: all inputs
            Map Vectorization:
                enabled: true
                enabledConditionsMet: hive.vectorized.use.vectorized.input.format IS true
                inputFormatFeatureSupport: [DECIMAL_64]
                featureSupportInUse: [DECIMAL_64]
                inputFileFormats: org.apache.hadoop.hive.ql.io.orc.OrcInputFormat
                allNative: false
                usesVectorUDFAdaptor: false
                vectorized: true

  Stage: Stage-0
    Fetch Operator
      limit: -1
      Processor Tree:
        ListSink

PREHOOK: query: explain vectorization expression select cast("1970-12-31 15:59:58.174" as TIMESTAMP) from alltypes_orc_n4
PREHOOK: type: QUERY
PREHOOK: Input: default@alltypes_orc_n4
#### A masked pattern was here ####
POSTHOOK: query: explain vectorization expression select cast("1970-12-31 15:59:58.174" as TIMESTAMP) from alltypes_orc_n4
POSTHOOK: type: QUERY
POSTHOOK: Input: default@alltypes_orc_n4
#### A masked pattern was here ####
PLAN VECTORIZATION:
  enabled: true
  enabledConditionsMet: [hive.vectorized.execution.enabled IS true]

STAGE DEPENDENCIES:
  Stage-1 is a root stage
  Stage-0 depends on stages: Stage-1

STAGE PLANS:
  Stage: Stage-1
    Tez
#### A masked pattern was here ####
      Vertices:
        Map 1 
            Map Operator Tree:
                TableScan
                  alias: alltypes_orc_n4
                  Statistics: Num rows: 2 Data size: 1718 Basic stats: COMPLETE Column stats: COMPLETE
                  TableScan Vectorization:
                      native: true
                  Select Operator
                    expressions: TIMESTAMP'1970-12-31 15:59:58.174' (type: timestamp)
                    outputColumnNames: _col0
                    Select Vectorization:
                        className: VectorSelectOperator
                        native: true
                        projectedOutputColumnNums: [16]
                        selectExpressions: ConstantVectorExpression(val 1970-12-31 15:59:58.174) -> 16:timestamp
                    Statistics: Num rows: 2 Data size: 80 Basic stats: COMPLETE Column stats: COMPLETE
                    File Output Operator
                      compressed: false
                      File Sink Vectorization:
                          className: VectorFileSinkOperator
                          native: false
                      Statistics: Num rows: 2 Data size: 80 Basic stats: COMPLETE Column stats: COMPLETE
                      table:
                          input format: org.apache.hadoop.mapred.SequenceFileInputFormat
                          output format: org.apache.hadoop.hive.ql.io.HiveSequenceFileOutputFormat
                          serde: org.apache.hadoop.hive.serde2.lazy.LazySimpleSerDe
            Execution mode: vectorized, llap
            LLAP IO: all inputs
            Map Vectorization:
                enabled: true
                enabledConditionsMet: hive.vectorized.use.vectorized.input.format IS true
                inputFormatFeatureSupport: [DECIMAL_64]
                featureSupportInUse: [DECIMAL_64]
                inputFileFormats: org.apache.hadoop.hive.ql.io.orc.OrcInputFormat
                allNative: false
                usesVectorUDFAdaptor: false
                vectorized: true

  Stage: Stage-0
    Fetch Operator
      limit: -1
      Processor Tree:
        ListSink

PREHOOK: query: explain vectorization expression select cast("1970-12-31 15:59:58.174" as DATE) from alltypes_orc_n4
PREHOOK: type: QUERY
PREHOOK: Input: default@alltypes_orc_n4
#### A masked pattern was here ####
POSTHOOK: query: explain vectorization expression select cast("1970-12-31 15:59:58.174" as DATE) from alltypes_orc_n4
POSTHOOK: type: QUERY
POSTHOOK: Input: default@alltypes_orc_n4
#### A masked pattern was here ####
PLAN VECTORIZATION:
  enabled: true
  enabledConditionsMet: [hive.vectorized.execution.enabled IS true]

STAGE DEPENDENCIES:
  Stage-1 is a root stage
  Stage-0 depends on stages: Stage-1

STAGE PLANS:
  Stage: Stage-1
    Tez
#### A masked pattern was here ####
      Vertices:
        Map 1 
            Map Operator Tree:
                TableScan
                  alias: alltypes_orc_n4
                  Statistics: Num rows: 2 Data size: 1718 Basic stats: COMPLETE Column stats: COMPLETE
                  TableScan Vectorization:
                      native: true
                  Select Operator
                    expressions: DATE'1970-12-31' (type: date)
                    outputColumnNames: _col0
                    Select Vectorization:
                        className: VectorSelectOperator
                        native: true
                        projectedOutputColumnNums: [16]
                        selectExpressions: ConstantVectorExpression(val 364) -> 16:date
                    Statistics: Num rows: 2 Data size: 112 Basic stats: COMPLETE Column stats: COMPLETE
                    File Output Operator
                      compressed: false
                      File Sink Vectorization:
                          className: VectorFileSinkOperator
                          native: false
                      Statistics: Num rows: 2 Data size: 112 Basic stats: COMPLETE Column stats: COMPLETE
                      table:
                          input format: org.apache.hadoop.mapred.SequenceFileInputFormat
                          output format: org.apache.hadoop.hive.ql.io.HiveSequenceFileOutputFormat
                          serde: org.apache.hadoop.hive.serde2.lazy.LazySimpleSerDe
            Execution mode: vectorized, llap
            LLAP IO: all inputs
            Map Vectorization:
                enabled: true
                enabledConditionsMet: hive.vectorized.use.vectorized.input.format IS true
                inputFormatFeatureSupport: [DECIMAL_64]
                featureSupportInUse: [DECIMAL_64]
                inputFileFormats: org.apache.hadoop.hive.ql.io.orc.OrcInputFormat
                allNative: false
                usesVectorUDFAdaptor: false
                vectorized: true

  Stage: Stage-0
    Fetch Operator
      limit: -1
      Processor Tree:
        ListSink

PREHOOK: query: explain vectorization expression select cast("58.174" as DECIMAL) from alltypes_orc_n4
PREHOOK: type: QUERY
PREHOOK: Input: default@alltypes_orc_n4
#### A masked pattern was here ####
POSTHOOK: query: explain vectorization expression select cast("58.174" as DECIMAL) from alltypes_orc_n4
POSTHOOK: type: QUERY
POSTHOOK: Input: default@alltypes_orc_n4
#### A masked pattern was here ####
PLAN VECTORIZATION:
  enabled: true
  enabledConditionsMet: [hive.vectorized.execution.enabled IS true]

STAGE DEPENDENCIES:
  Stage-1 is a root stage
  Stage-0 depends on stages: Stage-1

STAGE PLANS:
  Stage: Stage-1
    Tez
#### A masked pattern was here ####
      Vertices:
        Map 1 
            Map Operator Tree:
                TableScan
                  alias: alltypes_orc_n4
                  Statistics: Num rows: 2 Data size: 1718 Basic stats: COMPLETE Column stats: COMPLETE
                  TableScan Vectorization:
                      native: true
                  Select Operator
                    expressions: 58 (type: decimal(10,0))
                    outputColumnNames: _col0
                    Select Vectorization:
                        className: VectorSelectOperator
                        native: true
                        projectedOutputColumnNums: [16]
                        selectExpressions: ConstantVectorExpression(val 58) -> 16:decimal(10,0)
                    Statistics: Num rows: 2 Data size: 224 Basic stats: COMPLETE Column stats: COMPLETE
                    File Output Operator
                      compressed: false
                      File Sink Vectorization:
                          className: VectorFileSinkOperator
                          native: false
                      Statistics: Num rows: 2 Data size: 224 Basic stats: COMPLETE Column stats: COMPLETE
                      table:
                          input format: org.apache.hadoop.mapred.SequenceFileInputFormat
                          output format: org.apache.hadoop.hive.ql.io.HiveSequenceFileOutputFormat
                          serde: org.apache.hadoop.hive.serde2.lazy.LazySimpleSerDe
            Execution mode: vectorized, llap
            LLAP IO: all inputs
            Map Vectorization:
                enabled: true
                enabledConditionsMet: hive.vectorized.use.vectorized.input.format IS true
                inputFormatFeatureSupport: [DECIMAL_64]
                featureSupportInUse: [DECIMAL_64]
                inputFileFormats: org.apache.hadoop.hive.ql.io.orc.OrcInputFormat
                allNative: false
                usesVectorUDFAdaptor: false
                vectorized: true

  Stage: Stage-0
    Fetch Operator
      limit: -1
      Processor Tree:
        ListSink

PREHOOK: query: explain vectorization expression select array(1,2,3) from alltypes_orc_n4
PREHOOK: type: QUERY
PREHOOK: Input: default@alltypes_orc_n4
#### A masked pattern was here ####
POSTHOOK: query: explain vectorization expression select array(1,2,3) from alltypes_orc_n4
POSTHOOK: type: QUERY
POSTHOOK: Input: default@alltypes_orc_n4
#### A masked pattern was here ####
PLAN VECTORIZATION:
  enabled: true
  enabledConditionsMet: [hive.vectorized.execution.enabled IS true]

STAGE DEPENDENCIES:
  Stage-1 is a root stage
  Stage-0 depends on stages: Stage-1

STAGE PLANS:
  Stage: Stage-1
    Tez
#### A masked pattern was here ####
      Vertices:
        Map 1 
            Map Operator Tree:
                TableScan
                  alias: alltypes_orc_n4
                  Statistics: Num rows: 2 Data size: 1718 Basic stats: COMPLETE Column stats: COMPLETE
                  TableScan Vectorization:
                      native: true
                  Select Operator
                    expressions: array(1,2,3) (type: array<int>)
                    outputColumnNames: _col0
                    Select Vectorization:
                        className: VectorSelectOperator
                        native: true
                        projectedOutputColumnNums: [16]
                        selectExpressions: VectorUDFAdaptor(array(1,2,3)) -> 16:array<int>
                    Statistics: Num rows: 2 Data size: 112 Basic stats: COMPLETE Column stats: COMPLETE
                    File Output Operator
                      compressed: false
                      File Sink Vectorization:
                          className: VectorFileSinkOperator
                          native: false
                      Statistics: Num rows: 2 Data size: 112 Basic stats: COMPLETE Column stats: COMPLETE
                      table:
                          input format: org.apache.hadoop.mapred.SequenceFileInputFormat
                          output format: org.apache.hadoop.hive.ql.io.HiveSequenceFileOutputFormat
                          serde: org.apache.hadoop.hive.serde2.lazy.LazySimpleSerDe
            Execution mode: vectorized, llap
            LLAP IO: all inputs
            Map Vectorization:
                enabled: true
                enabledConditionsMet: hive.vectorized.use.vectorized.input.format IS true
                inputFormatFeatureSupport: [DECIMAL_64]
                featureSupportInUse: [DECIMAL_64]
                inputFileFormats: org.apache.hadoop.hive.ql.io.orc.OrcInputFormat
                allNative: false
                usesVectorUDFAdaptor: true
                vectorized: true

  Stage: Stage-0
    Fetch Operator
      limit: -1
      Processor Tree:
        ListSink

PREHOOK: query: explain vectorization expression select str_to_map("a=1 b=2 c=3", " ", "=") from alltypes_orc_n4
PREHOOK: type: QUERY
PREHOOK: Input: default@alltypes_orc_n4
#### A masked pattern was here ####
POSTHOOK: query: explain vectorization expression select str_to_map("a=1 b=2 c=3", " ", "=") from alltypes_orc_n4
POSTHOOK: type: QUERY
POSTHOOK: Input: default@alltypes_orc_n4
#### A masked pattern was here ####
PLAN VECTORIZATION:
  enabled: true
  enabledConditionsMet: [hive.vectorized.execution.enabled IS true]

STAGE DEPENDENCIES:
  Stage-1 is a root stage
  Stage-0 depends on stages: Stage-1

STAGE PLANS:
  Stage: Stage-1
    Tez
#### A masked pattern was here ####
      Vertices:
        Map 1 
            Map Operator Tree:
                TableScan
                  alias: alltypes_orc_n4
                  Statistics: Num rows: 2 Data size: 1718 Basic stats: COMPLETE Column stats: COMPLETE
                  TableScan Vectorization:
                      native: true
                  Select Operator
                    expressions: str_to_map('a=1 b=2 c=3',' ','=') (type: map<string,string>)
                    outputColumnNames: _col0
                    Select Vectorization:
                        className: VectorSelectOperator
                        native: true
                        projectedOutputColumnNums: [16]
                        selectExpressions: VectorUDFAdaptor(str_to_map('a=1 b=2 c=3',' ','=')) -> 16:map<string,string>
                    Statistics: Num rows: 2 Data size: 1508 Basic stats: COMPLETE Column stats: COMPLETE
                    File Output Operator
                      compressed: false
                      File Sink Vectorization:
                          className: VectorFileSinkOperator
                          native: false
                      Statistics: Num rows: 2 Data size: 1508 Basic stats: COMPLETE Column stats: COMPLETE
                      table:
                          input format: org.apache.hadoop.mapred.SequenceFileInputFormat
                          output format: org.apache.hadoop.hive.ql.io.HiveSequenceFileOutputFormat
                          serde: org.apache.hadoop.hive.serde2.lazy.LazySimpleSerDe
            Execution mode: vectorized, llap
            LLAP IO: all inputs
            Map Vectorization:
                enabled: true
                enabledConditionsMet: hive.vectorized.use.vectorized.input.format IS true
                inputFormatFeatureSupport: [DECIMAL_64]
                featureSupportInUse: [DECIMAL_64]
                inputFileFormats: org.apache.hadoop.hive.ql.io.orc.OrcInputFormat
                allNative: false
                usesVectorUDFAdaptor: true
                vectorized: true

  Stage: Stage-0
    Fetch Operator
      limit: -1
      Processor Tree:
        ListSink

PREHOOK: query: explain vectorization expression select NAMED_STRUCT("a", 11, "b", 11) from alltypes_orc_n4
PREHOOK: type: QUERY
PREHOOK: Input: default@alltypes_orc_n4
#### A masked pattern was here ####
POSTHOOK: query: explain vectorization expression select NAMED_STRUCT("a", 11, "b", 11) from alltypes_orc_n4
POSTHOOK: type: QUERY
POSTHOOK: Input: default@alltypes_orc_n4
#### A masked pattern was here ####
PLAN VECTORIZATION:
  enabled: true
  enabledConditionsMet: [hive.vectorized.execution.enabled IS true]

STAGE DEPENDENCIES:
  Stage-1 is a root stage
  Stage-0 depends on stages: Stage-1

STAGE PLANS:
  Stage: Stage-1
    Tez
#### A masked pattern was here ####
      Vertices:
        Map 1 
            Map Operator Tree:
                TableScan
                  alias: alltypes_orc_n4
                  Statistics: Num rows: 2 Data size: 1718 Basic stats: COMPLETE Column stats: COMPLETE
                  TableScan Vectorization:
                      native: true
                  Select Operator
                    expressions: named_struct('a',11,'b',11) (type: struct<a:int,b:int>)
                    outputColumnNames: _col0
                    Select Vectorization:
                        className: VectorSelectOperator
                        native: true
                        projectedOutputColumnNums: [16]
                        selectExpressions: VectorUDFAdaptor(named_struct('a',11,'b',11)) -> 16:struct<a:int,b:int>
                    Statistics: Num rows: 2 Data size: 112 Basic stats: COMPLETE Column stats: COMPLETE
                    File Output Operator
                      compressed: false
                      File Sink Vectorization:
                          className: VectorFileSinkOperator
                          native: false
                      Statistics: Num rows: 2 Data size: 112 Basic stats: COMPLETE Column stats: COMPLETE
                      table:
                          input format: org.apache.hadoop.mapred.SequenceFileInputFormat
                          output format: org.apache.hadoop.hive.ql.io.HiveSequenceFileOutputFormat
                          serde: org.apache.hadoop.hive.serde2.lazy.LazySimpleSerDe
            Execution mode: vectorized, llap
            LLAP IO: all inputs
            Map Vectorization:
                enabled: true
                enabledConditionsMet: hive.vectorized.use.vectorized.input.format IS true
                inputFormatFeatureSupport: [DECIMAL_64]
                featureSupportInUse: [DECIMAL_64]
                inputFileFormats: org.apache.hadoop.hive.ql.io.orc.OrcInputFormat
                allNative: false
                usesVectorUDFAdaptor: true
                vectorized: true

  Stage: Stage-0
    Fetch Operator
      limit: -1
      Processor Tree:
        ListSink

PREHOOK: query: explain vectorization expression select CREATE_UNION(0, "hello") from alltypes_orc_n4
PREHOOK: type: QUERY
PREHOOK: Input: default@alltypes_orc_n4
#### A masked pattern was here ####
POSTHOOK: query: explain vectorization expression select CREATE_UNION(0, "hello") from alltypes_orc_n4
POSTHOOK: type: QUERY
POSTHOOK: Input: default@alltypes_orc_n4
#### A masked pattern was here ####
PLAN VECTORIZATION:
  enabled: true
  enabledConditionsMet: [hive.vectorized.execution.enabled IS true]

STAGE DEPENDENCIES:
  Stage-1 is a root stage
  Stage-0 depends on stages: Stage-1

STAGE PLANS:
  Stage: Stage-1
    Tez
#### A masked pattern was here ####
      Vertices:
        Map 1 
            Map Operator Tree:
                TableScan
                  alias: alltypes_orc_n4
                  Statistics: Num rows: 2 Data size: 1718 Basic stats: COMPLETE Column stats: COMPLETE
                  TableScan Vectorization:
                      native: true
                  Select Operator
                    expressions: create_union(0,'hello') (type: uniontype<string>)
                    outputColumnNames: _col0
                    Select Vectorization:
                        className: VectorSelectOperator
                        native: true
                        projectedOutputColumnNums: [16]
                        selectExpressions: VectorUDFAdaptor(create_union(0,'hello')) -> 16:uniontype<string>
                    Statistics: Num rows: 2 Data size: 250 Basic stats: COMPLETE Column stats: COMPLETE
                    File Output Operator
                      compressed: false
                      File Sink Vectorization:
                          className: VectorFileSinkOperator
                          native: false
                      Statistics: Num rows: 2 Data size: 250 Basic stats: COMPLETE Column stats: COMPLETE
                      table:
                          input format: org.apache.hadoop.mapred.SequenceFileInputFormat
                          output format: org.apache.hadoop.hive.ql.io.HiveSequenceFileOutputFormat
                          serde: org.apache.hadoop.hive.serde2.lazy.LazySimpleSerDe
            Execution mode: vectorized, llap
            LLAP IO: all inputs
            Map Vectorization:
                enabled: true
                enabledConditionsMet: hive.vectorized.use.vectorized.input.format IS true
                inputFormatFeatureSupport: [DECIMAL_64]
                featureSupportInUse: [DECIMAL_64]
                inputFileFormats: org.apache.hadoop.hive.ql.io.orc.OrcInputFormat
                allNative: false
                usesVectorUDFAdaptor: true
                vectorized: true

  Stage: Stage-0
    Fetch Operator
      limit: -1
      Processor Tree:
        ListSink

PREHOOK: query: explain vectorization expression select count(*) from alltypes_orc_n4
PREHOOK: type: QUERY
PREHOOK: Input: default@alltypes_orc_n4
#### A masked pattern was here ####
POSTHOOK: query: explain vectorization expression select count(*) from alltypes_orc_n4
POSTHOOK: type: QUERY
POSTHOOK: Input: default@alltypes_orc_n4
#### A masked pattern was here ####
PLAN VECTORIZATION:
  enabled: true
  enabledConditionsMet: [hive.vectorized.execution.enabled IS true]

STAGE DEPENDENCIES:
  Stage-0 is a root stage

STAGE PLANS:
  Stage: Stage-0
    Fetch Operator
      limit: 1
      Processor Tree:
        ListSink

PREHOOK: query: explain vectorization expression select count(1) from alltypes_orc_n4
PREHOOK: type: QUERY
PREHOOK: Input: default@alltypes_orc_n4
#### A masked pattern was here ####
POSTHOOK: query: explain vectorization expression select count(1) from alltypes_orc_n4
POSTHOOK: type: QUERY
POSTHOOK: Input: default@alltypes_orc_n4
#### A masked pattern was here ####
PLAN VECTORIZATION:
  enabled: true
  enabledConditionsMet: [hive.vectorized.execution.enabled IS true]

STAGE DEPENDENCIES:
  Stage-0 is a root stage

STAGE PLANS:
  Stage: Stage-0
    Fetch Operator
      limit: 1
      Processor Tree:
        ListSink

PREHOOK: query: explain vectorization expression select *,11 from alltypes_orc_n4
PREHOOK: type: QUERY
PREHOOK: Input: default@alltypes_orc_n4
#### A masked pattern was here ####
POSTHOOK: query: explain vectorization expression select *,11 from alltypes_orc_n4
POSTHOOK: type: QUERY
POSTHOOK: Input: default@alltypes_orc_n4
#### A masked pattern was here ####
PLAN VECTORIZATION:
  enabled: true
  enabledConditionsMet: [hive.vectorized.execution.enabled IS true]

STAGE DEPENDENCIES:
  Stage-1 is a root stage
  Stage-0 depends on stages: Stage-1

STAGE PLANS:
  Stage: Stage-1
    Tez
#### A masked pattern was here ####
      Vertices:
        Map 1 
            Map Operator Tree:
                TableScan
                  alias: alltypes_orc_n4
                  Statistics: Num rows: 2 Data size: 3356 Basic stats: COMPLETE Column stats: PARTIAL
                  TableScan Vectorization:
                      native: true
                  Select Operator
                    expressions: bo1 (type: boolean), ti1 (type: tinyint), si1 (type: smallint), i1 (type: int), bi1 (type: bigint), f1 (type: float), d1 (type: double), de1 (type: decimal(10,0)), ts1 (type: timestamp), da1 (type: timestamp), s1 (type: string), vc1 (type: varchar(5)), m1 (type: map<string,string>), l1 (type: array<int>), st1 (type: struct<c1:int,c2:string>), 11 (type: int)
                    outputColumnNames: _col0, _col1, _col2, _col3, _col4, _col5, _col6, _col7, _col8, _col9, _col10, _col11, _col12, _col13, _col14, _col15
                    Select Vectorization:
                        className: VectorSelectOperator
                        native: true
                        projectedOutputColumnNums: [0, 1, 2, 3, 4, 5, 6, 7, 8, 9, 10, 11, 12, 13, 14, 16]
                        selectExpressions: ConstantVectorExpression(val 11) -> 16:int
                    Statistics: Num rows: 2 Data size: 3364 Basic stats: COMPLETE Column stats: PARTIAL
                    File Output Operator
                      compressed: false
                      File Sink Vectorization:
                          className: VectorFileSinkOperator
                          native: false
                      Statistics: Num rows: 2 Data size: 3364 Basic stats: COMPLETE Column stats: PARTIAL
                      table:
                          input format: org.apache.hadoop.mapred.SequenceFileInputFormat
                          output format: org.apache.hadoop.hive.ql.io.HiveSequenceFileOutputFormat
                          serde: org.apache.hadoop.hive.serde2.lazy.LazySimpleSerDe
            Execution mode: vectorized, llap
            LLAP IO: all inputs
            Map Vectorization:
                enabled: true
                enabledConditionsMet: hive.vectorized.use.vectorized.input.format IS true
                inputFormatFeatureSupport: [DECIMAL_64]
                featureSupportInUse: [DECIMAL_64]
                inputFileFormats: org.apache.hadoop.hive.ql.io.orc.OrcInputFormat
                allNative: false
                usesVectorUDFAdaptor: false
                vectorized: true

  Stage: Stage-0
    Fetch Operator
      limit: -1
      Processor Tree:
        ListSink

PREHOOK: query: explain vectorization expression select i1 from (select i1 from alltypes_orc_n4 limit 10) temp
PREHOOK: type: QUERY
PREHOOK: Input: default@alltypes_orc_n4
#### A masked pattern was here ####
POSTHOOK: query: explain vectorization expression select i1 from (select i1 from alltypes_orc_n4 limit 10) temp
POSTHOOK: type: QUERY
POSTHOOK: Input: default@alltypes_orc_n4
#### A masked pattern was here ####
PLAN VECTORIZATION:
  enabled: true
  enabledConditionsMet: [hive.vectorized.execution.enabled IS true]

STAGE DEPENDENCIES:
  Stage-1 is a root stage
  Stage-0 depends on stages: Stage-1

STAGE PLANS:
  Stage: Stage-1
    Tez
#### A masked pattern was here ####
      Vertices:
        Map 1 
            Map Operator Tree:
                TableScan
                  alias: alltypes_orc_n4
                  Statistics: Num rows: 2 Data size: 8 Basic stats: COMPLETE Column stats: COMPLETE
                  TableScan Vectorization:
                      native: true
                  Limit
                    Number of rows: 10
                    Limit Vectorization:
                        className: VectorLimitOperator
                        native: true
                    Statistics: Num rows: 2 Data size: 8 Basic stats: COMPLETE Column stats: COMPLETE
                    Select Operator
                      expressions: i1 (type: int)
                      outputColumnNames: _col0
                      Select Vectorization:
                          className: VectorSelectOperator
                          native: true
                          projectedOutputColumnNums: [3]
                      Statistics: Num rows: 2 Data size: 8 Basic stats: COMPLETE Column stats: COMPLETE
                      File Output Operator
                        compressed: false
                        File Sink Vectorization:
                            className: VectorFileSinkOperator
                            native: false
                        Statistics: Num rows: 2 Data size: 8 Basic stats: COMPLETE Column stats: COMPLETE
                        table:
                            input format: org.apache.hadoop.mapred.SequenceFileInputFormat
                            output format: org.apache.hadoop.hive.ql.io.HiveSequenceFileOutputFormat
                            serde: org.apache.hadoop.hive.serde2.lazy.LazySimpleSerDe
            Execution mode: vectorized, llap
            LLAP IO: all inputs
            Map Vectorization:
                enabled: true
                enabledConditionsMet: hive.vectorized.use.vectorized.input.format IS true
                inputFormatFeatureSupport: [DECIMAL_64]
                featureSupportInUse: [DECIMAL_64]
                inputFileFormats: org.apache.hadoop.hive.ql.io.orc.OrcInputFormat
                allNative: false
                usesVectorUDFAdaptor: false
                vectorized: true

  Stage: Stage-0
    Fetch Operator
      limit: 10
      Processor Tree:
        ListSink

PREHOOK: query: explain vectorization expression select i1 from (select i1,11 from alltypes_orc_n4 limit 10) temp
PREHOOK: type: QUERY
PREHOOK: Input: default@alltypes_orc_n4
#### A masked pattern was here ####
POSTHOOK: query: explain vectorization expression select i1 from (select i1,11 from alltypes_orc_n4 limit 10) temp
POSTHOOK: type: QUERY
POSTHOOK: Input: default@alltypes_orc_n4
#### A masked pattern was here ####
PLAN VECTORIZATION:
  enabled: true
  enabledConditionsMet: [hive.vectorized.execution.enabled IS true]

STAGE DEPENDENCIES:
  Stage-1 is a root stage
  Stage-0 depends on stages: Stage-1

STAGE PLANS:
  Stage: Stage-1
    Tez
#### A masked pattern was here ####
      Vertices:
        Map 1 
            Map Operator Tree:
                TableScan
                  alias: alltypes_orc_n4
                  Statistics: Num rows: 2 Data size: 8 Basic stats: COMPLETE Column stats: COMPLETE
                  TableScan Vectorization:
                      native: true
                  Limit
                    Number of rows: 10
                    Limit Vectorization:
                        className: VectorLimitOperator
                        native: true
                    Statistics: Num rows: 2 Data size: 8 Basic stats: COMPLETE Column stats: COMPLETE
                    Select Operator
                      expressions: i1 (type: int)
                      outputColumnNames: _col0
                      Select Vectorization:
                          className: VectorSelectOperator
                          native: true
                          projectedOutputColumnNums: [3]
                      Statistics: Num rows: 2 Data size: 8 Basic stats: COMPLETE Column stats: COMPLETE
                      File Output Operator
                        compressed: false
                        File Sink Vectorization:
                            className: VectorFileSinkOperator
                            native: false
                        Statistics: Num rows: 2 Data size: 8 Basic stats: COMPLETE Column stats: COMPLETE
                        table:
                            input format: org.apache.hadoop.mapred.SequenceFileInputFormat
                            output format: org.apache.hadoop.hive.ql.io.HiveSequenceFileOutputFormat
                            serde: org.apache.hadoop.hive.serde2.lazy.LazySimpleSerDe
            Execution mode: vectorized, llap
            LLAP IO: all inputs
            Map Vectorization:
                enabled: true
                enabledConditionsMet: hive.vectorized.use.vectorized.input.format IS true
                inputFormatFeatureSupport: [DECIMAL_64]
                featureSupportInUse: [DECIMAL_64]
                inputFileFormats: org.apache.hadoop.hive.ql.io.orc.OrcInputFormat
                allNative: false
                usesVectorUDFAdaptor: false
                vectorized: true

  Stage: Stage-0
    Fetch Operator
      limit: 10
      Processor Tree:
        ListSink

PREHOOK: query: explain vectorization expression select i1,"hello" from (select i1,11 from alltypes_orc_n4 limit 10) temp
PREHOOK: type: QUERY
PREHOOK: Input: default@alltypes_orc_n4
#### A masked pattern was here ####
POSTHOOK: query: explain vectorization expression select i1,"hello" from (select i1,11 from alltypes_orc_n4 limit 10) temp
POSTHOOK: type: QUERY
POSTHOOK: Input: default@alltypes_orc_n4
#### A masked pattern was here ####
PLAN VECTORIZATION:
  enabled: true
  enabledConditionsMet: [hive.vectorized.execution.enabled IS true]

STAGE DEPENDENCIES:
  Stage-1 is a root stage
  Stage-0 depends on stages: Stage-1

STAGE PLANS:
  Stage: Stage-1
    Tez
#### A masked pattern was here ####
      Edges:
        Reducer 2 <- Map 1 (CUSTOM_SIMPLE_EDGE)
#### A masked pattern was here ####
      Vertices:
        Map 1 
            Map Operator Tree:
                TableScan
                  alias: alltypes_orc_n4
                  Statistics: Num rows: 2 Data size: 8 Basic stats: COMPLETE Column stats: COMPLETE
                  TableScan Vectorization:
                      native: true
                  Limit
                    Number of rows: 10
                    Limit Vectorization:
                        className: VectorLimitOperator
                        native: true
                    Statistics: Num rows: 2 Data size: 8 Basic stats: COMPLETE Column stats: COMPLETE
                    Select Operator
                      expressions: i1 (type: int)
                      outputColumnNames: _col0
                      Select Vectorization:
                          className: VectorSelectOperator
                          native: true
                          projectedOutputColumnNums: [3]
                      Statistics: Num rows: 2 Data size: 8 Basic stats: COMPLETE Column stats: COMPLETE
                      Reduce Output Operator
                        null sort order: 
                        sort order: 
                        Reduce Sink Vectorization:
                            className: VectorReduceSinkEmptyKeyOperator
                            native: true
                            nativeConditionsMet: hive.vectorized.execution.reducesink.new.enabled IS true, hive.execution.engine tez IN [tez, spark] IS true, No PTF TopN IS true, No DISTINCT columns IS true, BinarySortableSerDe for keys IS true, LazyBinarySerDe for values IS true
                        Statistics: Num rows: 2 Data size: 8 Basic stats: COMPLETE Column stats: COMPLETE
                        TopN Hash Memory Usage: 0.1
                        value expressions: _col0 (type: int)
            Execution mode: vectorized, llap
            LLAP IO: all inputs
            Map Vectorization:
                enabled: true
                enabledConditionsMet: hive.vectorized.use.vectorized.input.format IS true
                inputFormatFeatureSupport: [DECIMAL_64]
                featureSupportInUse: [DECIMAL_64]
                inputFileFormats: org.apache.hadoop.hive.ql.io.orc.OrcInputFormat
                allNative: true
                usesVectorUDFAdaptor: false
                vectorized: true
        Reducer 2 
            Execution mode: vectorized, llap
            Reduce Vectorization:
                enabled: true
                enableConditionsMet: hive.vectorized.execution.reduce.enabled IS true, hive.execution.engine tez IN [tez, spark] IS true
                allNative: false
                usesVectorUDFAdaptor: false
                vectorized: true
            Reduce Operator Tree:
              Limit
                Number of rows: 10
                Limit Vectorization:
                    className: VectorLimitOperator
                    native: true
                Statistics: Num rows: 2 Data size: 8 Basic stats: COMPLETE Column stats: COMPLETE
                Select Operator
                  expressions: VALUE._col0 (type: int), 'hello' (type: string)
                  outputColumnNames: _col0, _col1
                  Select Vectorization:
                      className: VectorSelectOperator
                      native: true
                      projectedOutputColumnNums: [0, 1]
                      selectExpressions: ConstantVectorExpression(val hello) -> 1:string
                  Statistics: Num rows: 2 Data size: 8 Basic stats: COMPLETE Column stats: COMPLETE
                  File Output Operator
                    compressed: false
                    File Sink Vectorization:
                        className: VectorFileSinkOperator
                        native: false
                    Statistics: Num rows: 2 Data size: 186 Basic stats: COMPLETE Column stats: COMPLETE
                    table:
                        input format: org.apache.hadoop.mapred.SequenceFileInputFormat
                        output format: org.apache.hadoop.hive.ql.io.HiveSequenceFileOutputFormat
                        serde: org.apache.hadoop.hive.serde2.lazy.LazySimpleSerDe

  Stage: Stage-0
    Fetch Operator
      limit: -1
      Processor Tree:
        ListSink

PREHOOK: query: explain vectorization expression select x from (select i1,11.0 as x from alltypes_orc_n4 limit 10) temp
PREHOOK: type: QUERY
PREHOOK: Input: default@alltypes_orc_n4
#### A masked pattern was here ####
POSTHOOK: query: explain vectorization expression select x from (select i1,11.0 as x from alltypes_orc_n4 limit 10) temp
POSTHOOK: type: QUERY
POSTHOOK: Input: default@alltypes_orc_n4
#### A masked pattern was here ####
PLAN VECTORIZATION:
  enabled: true
  enabledConditionsMet: [hive.vectorized.execution.enabled IS true]

STAGE DEPENDENCIES:
  Stage-1 is a root stage
  Stage-0 depends on stages: Stage-1

STAGE PLANS:
  Stage: Stage-1
    Tez
#### A masked pattern was here ####
      Edges:
        Reducer 2 <- Map 1 (CUSTOM_SIMPLE_EDGE)
#### A masked pattern was here ####
      Vertices:
        Map 1 
            Map Operator Tree:
                TableScan
                  alias: alltypes_orc_n4
                  Statistics: Num rows: 2 Data size: 1718 Basic stats: COMPLETE Column stats: COMPLETE
                  TableScan Vectorization:
                      native: true
                  Limit
                    Number of rows: 10
                    Limit Vectorization:
                        className: VectorLimitOperator
                        native: true
                    Statistics: Num rows: 2 Data size: 1718 Basic stats: COMPLETE Column stats: COMPLETE
                    Select Operator
                      Select Vectorization:
                          className: VectorSelectOperator
                          native: true
                          projectedOutputColumnNums: []
                      Statistics: Num rows: 2 Data size: 8 Basic stats: COMPLETE Column stats: COMPLETE
                      Reduce Output Operator
                        null sort order: 
                        sort order: 
                        Reduce Sink Vectorization:
                            className: VectorReduceSinkEmptyKeyOperator
                            native: true
                            nativeConditionsMet: hive.vectorized.execution.reducesink.new.enabled IS true, hive.execution.engine tez IN [tez, spark] IS true, No PTF TopN IS true, No DISTINCT columns IS true, BinarySortableSerDe for keys IS true, LazyBinarySerDe for values IS true
                        Statistics: Num rows: 2 Data size: 8 Basic stats: COMPLETE Column stats: COMPLETE
                        TopN Hash Memory Usage: 0.1
            Execution mode: vectorized, llap
            LLAP IO: all inputs
            Map Vectorization:
                enabled: true
                enabledConditionsMet: hive.vectorized.use.vectorized.input.format IS true
                inputFormatFeatureSupport: [DECIMAL_64]
                featureSupportInUse: [DECIMAL_64]
                inputFileFormats: org.apache.hadoop.hive.ql.io.orc.OrcInputFormat
                allNative: true
                usesVectorUDFAdaptor: false
                vectorized: true
        Reducer 2 
            Execution mode: vectorized, llap
            Reduce Vectorization:
                enabled: true
                enableConditionsMet: hive.vectorized.execution.reduce.enabled IS true, hive.execution.engine tez IN [tez, spark] IS true
                allNative: false
                usesVectorUDFAdaptor: false
                vectorized: true
            Reduce Operator Tree:
              Limit
                Number of rows: 10
                Limit Vectorization:
                    className: VectorLimitOperator
                    native: true
                Statistics: Num rows: 2 Data size: 8 Basic stats: COMPLETE Column stats: COMPLETE
                Select Operator
                  expressions: 11 (type: decimal(2,0))
                  outputColumnNames: _col0
                  Select Vectorization:
                      className: VectorSelectOperator
                      native: true
                      projectedOutputColumnNums: [0]
                      selectExpressions: ConstantVectorExpression(val 11) -> 0:decimal(2,0)
                  Statistics: Num rows: 2 Data size: 224 Basic stats: COMPLETE Column stats: COMPLETE
                  File Output Operator
                    compressed: false
                    File Sink Vectorization:
                        className: VectorFileSinkOperator
                        native: false
                    Statistics: Num rows: 2 Data size: 224 Basic stats: COMPLETE Column stats: COMPLETE
                    table:
                        input format: org.apache.hadoop.mapred.SequenceFileInputFormat
                        output format: org.apache.hadoop.hive.ql.io.HiveSequenceFileOutputFormat
                        serde: org.apache.hadoop.hive.serde2.lazy.LazySimpleSerDe

  Stage: Stage-0
    Fetch Operator
      limit: -1
      Processor Tree:
        ListSink

PREHOOK: query: explain vectorization expression select x,"hello" from (select i1 as x, unbase64("0xe23") as ub from alltypes_orc_n4 limit 10) temp
PREHOOK: type: QUERY
PREHOOK: Input: default@alltypes_orc_n4
#### A masked pattern was here ####
POSTHOOK: query: explain vectorization expression select x,"hello" from (select i1 as x, unbase64("0xe23") as ub from alltypes_orc_n4 limit 10) temp
POSTHOOK: type: QUERY
POSTHOOK: Input: default@alltypes_orc_n4
#### A masked pattern was here ####
PLAN VECTORIZATION:
  enabled: true
  enabledConditionsMet: [hive.vectorized.execution.enabled IS true]

STAGE DEPENDENCIES:
  Stage-1 is a root stage
  Stage-0 depends on stages: Stage-1

STAGE PLANS:
  Stage: Stage-1
    Tez
#### A masked pattern was here ####
      Edges:
        Reducer 2 <- Map 1 (CUSTOM_SIMPLE_EDGE)
#### A masked pattern was here ####
      Vertices:
        Map 1 
            Map Operator Tree:
                TableScan
                  alias: alltypes_orc_n4
                  Statistics: Num rows: 2 Data size: 8 Basic stats: COMPLETE Column stats: COMPLETE
                  TableScan Vectorization:
                      native: true
                  Limit
                    Number of rows: 10
                    Limit Vectorization:
                        className: VectorLimitOperator
                        native: true
                    Statistics: Num rows: 2 Data size: 8 Basic stats: COMPLETE Column stats: COMPLETE
                    Select Operator
                      expressions: i1 (type: int)
                      outputColumnNames: _col0
                      Select Vectorization:
                          className: VectorSelectOperator
                          native: true
                          projectedOutputColumnNums: [3]
                      Statistics: Num rows: 2 Data size: 8 Basic stats: COMPLETE Column stats: COMPLETE
                      Reduce Output Operator
                        null sort order: 
                        sort order: 
                        Reduce Sink Vectorization:
                            className: VectorReduceSinkEmptyKeyOperator
                            native: true
                            nativeConditionsMet: hive.vectorized.execution.reducesink.new.enabled IS true, hive.execution.engine tez IN [tez, spark] IS true, No PTF TopN IS true, No DISTINCT columns IS true, BinarySortableSerDe for keys IS true, LazyBinarySerDe for values IS true
                        Statistics: Num rows: 2 Data size: 8 Basic stats: COMPLETE Column stats: COMPLETE
                        TopN Hash Memory Usage: 0.1
                        value expressions: _col0 (type: int)
            Execution mode: vectorized, llap
            LLAP IO: all inputs
            Map Vectorization:
                enabled: true
                enabledConditionsMet: hive.vectorized.use.vectorized.input.format IS true
                inputFormatFeatureSupport: [DECIMAL_64]
                featureSupportInUse: [DECIMAL_64]
                inputFileFormats: org.apache.hadoop.hive.ql.io.orc.OrcInputFormat
                allNative: true
                usesVectorUDFAdaptor: false
                vectorized: true
        Reducer 2 
            Execution mode: vectorized, llap
            Reduce Vectorization:
                enabled: true
                enableConditionsMet: hive.vectorized.execution.reduce.enabled IS true, hive.execution.engine tez IN [tez, spark] IS true
                allNative: false
                usesVectorUDFAdaptor: false
                vectorized: true
            Reduce Operator Tree:
              Limit
                Number of rows: 10
                Limit Vectorization:
                    className: VectorLimitOperator
                    native: true
                Statistics: Num rows: 2 Data size: 8 Basic stats: COMPLETE Column stats: COMPLETE
                Select Operator
                  expressions: VALUE._col0 (type: int), 'hello' (type: string)
                  outputColumnNames: _col0, _col1
                  Select Vectorization:
                      className: VectorSelectOperator
                      native: true
                      projectedOutputColumnNums: [0, 1]
                      selectExpressions: ConstantVectorExpression(val hello) -> 1:string
                  Statistics: Num rows: 2 Data size: 8 Basic stats: COMPLETE Column stats: COMPLETE
                  File Output Operator
                    compressed: false
                    File Sink Vectorization:
                        className: VectorFileSinkOperator
                        native: false
                    Statistics: Num rows: 2 Data size: 186 Basic stats: COMPLETE Column stats: COMPLETE
                    table:
                        input format: org.apache.hadoop.mapred.SequenceFileInputFormat
                        output format: org.apache.hadoop.hive.ql.io.HiveSequenceFileOutputFormat
                        serde: org.apache.hadoop.hive.serde2.lazy.LazySimpleSerDe

  Stage: Stage-0
    Fetch Operator
      limit: -1
      Processor Tree:
        ListSink

PREHOOK: query: explain vectorization expression select h, 11.0 from (select hell as h from (select i1, "hello" as hell from alltypes_orc_n4 limit 10) in1 limit 10) in2
PREHOOK: type: QUERY
PREHOOK: Input: default@alltypes_orc_n4
#### A masked pattern was here ####
POSTHOOK: query: explain vectorization expression select h, 11.0 from (select hell as h from (select i1, "hello" as hell from alltypes_orc_n4 limit 10) in1 limit 10) in2
POSTHOOK: type: QUERY
POSTHOOK: Input: default@alltypes_orc_n4
#### A masked pattern was here ####
PLAN VECTORIZATION:
  enabled: true
  enabledConditionsMet: [hive.vectorized.execution.enabled IS true]

STAGE DEPENDENCIES:
  Stage-1 is a root stage
  Stage-0 depends on stages: Stage-1

STAGE PLANS:
  Stage: Stage-1
    Tez
#### A masked pattern was here ####
      Edges:
        Reducer 2 <- Map 1 (CUSTOM_SIMPLE_EDGE)
#### A masked pattern was here ####
      Vertices:
        Map 1 
            Map Operator Tree:
                TableScan
                  alias: alltypes_orc_n4
                  Statistics: Num rows: 2 Data size: 1718 Basic stats: COMPLETE Column stats: COMPLETE
                  TableScan Vectorization:
                      native: true
                  Limit
                    Number of rows: 10
                    Limit Vectorization:
                        className: VectorLimitOperator
                        native: true
                    Statistics: Num rows: 2 Data size: 1718 Basic stats: COMPLETE Column stats: COMPLETE
                    Select Operator
                      Select Vectorization:
                          className: VectorSelectOperator
                          native: true
                          projectedOutputColumnNums: []
                      Statistics: Num rows: 2 Data size: 8 Basic stats: COMPLETE Column stats: COMPLETE
                      Reduce Output Operator
                        null sort order: 
                        sort order: 
                        Reduce Sink Vectorization:
                            className: VectorReduceSinkEmptyKeyOperator
                            native: true
                            nativeConditionsMet: hive.vectorized.execution.reducesink.new.enabled IS true, hive.execution.engine tez IN [tez, spark] IS true, No PTF TopN IS true, No DISTINCT columns IS true, BinarySortableSerDe for keys IS true, LazyBinarySerDe for values IS true
                        Statistics: Num rows: 2 Data size: 8 Basic stats: COMPLETE Column stats: COMPLETE
                        TopN Hash Memory Usage: 0.1
            Execution mode: vectorized, llap
            LLAP IO: all inputs
            Map Vectorization:
                enabled: true
                enabledConditionsMet: hive.vectorized.use.vectorized.input.format IS true
                inputFormatFeatureSupport: [DECIMAL_64]
                featureSupportInUse: [DECIMAL_64]
                inputFileFormats: org.apache.hadoop.hive.ql.io.orc.OrcInputFormat
                allNative: true
                usesVectorUDFAdaptor: false
                vectorized: true
        Reducer 2 
            Execution mode: vectorized, llap
            Reduce Vectorization:
                enabled: true
                enableConditionsMet: hive.vectorized.execution.reduce.enabled IS true, hive.execution.engine tez IN [tez, spark] IS true
                allNative: false
                usesVectorUDFAdaptor: false
                vectorized: true
            Reduce Operator Tree:
              Limit
                Number of rows: 10
                Limit Vectorization:
                    className: VectorLimitOperator
                    native: true
                Statistics: Num rows: 2 Data size: 8 Basic stats: COMPLETE Column stats: COMPLETE
                Select Operator
                  expressions: 'hello' (type: string), 11 (type: decimal(2,0))
                  outputColumnNames: _col0, _col1
                  Select Vectorization:
                      className: VectorSelectOperator
                      native: true
                      projectedOutputColumnNums: [0, 1]
                      selectExpressions: ConstantVectorExpression(val hello) -> 0:string, ConstantVectorExpression(val 11) -> 1:decimal(2,0)
                  Statistics: Num rows: 2 Data size: 402 Basic stats: COMPLETE Column stats: COMPLETE
                  File Output Operator
                    compressed: false
                    File Sink Vectorization:
                        className: VectorFileSinkOperator
                        native: false
                    Statistics: Num rows: 2 Data size: 402 Basic stats: COMPLETE Column stats: COMPLETE
                    table:
                        input format: org.apache.hadoop.mapred.SequenceFileInputFormat
                        output format: org.apache.hadoop.hive.ql.io.HiveSequenceFileOutputFormat
                        serde: org.apache.hadoop.hive.serde2.lazy.LazySimpleSerDe

  Stage: Stage-0
    Fetch Operator
      limit: -1
      Processor Tree:
        ListSink

PREHOOK: query: explain vectorization expression select bo1 from alltypes_orc_n4 where bo1
PREHOOK: type: QUERY
PREHOOK: Input: default@alltypes_orc_n4
#### A masked pattern was here ####
POSTHOOK: query: explain vectorization expression select bo1 from alltypes_orc_n4 where bo1
POSTHOOK: type: QUERY
POSTHOOK: Input: default@alltypes_orc_n4
#### A masked pattern was here ####
PLAN VECTORIZATION:
  enabled: true
  enabledConditionsMet: [hive.vectorized.execution.enabled IS true]

STAGE DEPENDENCIES:
  Stage-1 is a root stage
  Stage-0 depends on stages: Stage-1

STAGE PLANS:
  Stage: Stage-1
    Tez
#### A masked pattern was here ####
      Vertices:
        Map 1 
            Map Operator Tree:
                TableScan
                  alias: alltypes_orc_n4
                  Statistics: Num rows: 2 Data size: 8 Basic stats: COMPLETE Column stats: COMPLETE
                  TableScan Vectorization:
                      native: true
                  Filter Operator
                    Filter Vectorization:
                        className: VectorFilterOperator
                        native: true
                        predicateExpression: SelectColumnIsTrue(col 0:boolean)
                    predicate: bo1 (type: boolean)
                    Statistics: Num rows: 2 Data size: 8 Basic stats: COMPLETE Column stats: COMPLETE
                    Select Operator
                      expressions: bo1 (type: boolean)
                      outputColumnNames: _col0
                      Select Vectorization:
                          className: VectorSelectOperator
                          native: true
                          projectedOutputColumnNums: [0]
                      Statistics: Num rows: 2 Data size: 8 Basic stats: COMPLETE Column stats: COMPLETE
                      File Output Operator
                        compressed: false
                        File Sink Vectorization:
                            className: VectorFileSinkOperator
                            native: false
                        Statistics: Num rows: 2 Data size: 8 Basic stats: COMPLETE Column stats: COMPLETE
                        table:
                            input format: org.apache.hadoop.mapred.SequenceFileInputFormat
                            output format: org.apache.hadoop.hive.ql.io.HiveSequenceFileOutputFormat
                            serde: org.apache.hadoop.hive.serde2.lazy.LazySimpleSerDe
            Execution mode: vectorized, llap
            LLAP IO: all inputs
            Map Vectorization:
                enabled: true
                enabledConditionsMet: hive.vectorized.use.vectorized.input.format IS true
                inputFormatFeatureSupport: [DECIMAL_64]
                featureSupportInUse: [DECIMAL_64]
                inputFileFormats: org.apache.hadoop.hive.ql.io.orc.OrcInputFormat
                allNative: false
                usesVectorUDFAdaptor: false
                vectorized: true

  Stage: Stage-0
    Fetch Operator
      limit: -1
      Processor Tree:
        ListSink

PREHOOK: query: explain vectorization expression select bo1 from alltypes_orc_n4 where !bo1
PREHOOK: type: QUERY
PREHOOK: Input: default@alltypes_orc_n4
#### A masked pattern was here ####
POSTHOOK: query: explain vectorization expression select bo1 from alltypes_orc_n4 where !bo1
POSTHOOK: type: QUERY
POSTHOOK: Input: default@alltypes_orc_n4
#### A masked pattern was here ####
PLAN VECTORIZATION:
  enabled: true
  enabledConditionsMet: [hive.vectorized.execution.enabled IS true]

STAGE DEPENDENCIES:
  Stage-1 is a root stage
  Stage-0 depends on stages: Stage-1

STAGE PLANS:
  Stage: Stage-1
    Tez
#### A masked pattern was here ####
      Vertices:
        Map 1 
            Map Operator Tree:
                TableScan
                  alias: alltypes_orc_n4
                  filterExpr: (not bo1) (type: boolean)
                  Statistics: Num rows: 2 Data size: 8 Basic stats: COMPLETE Column stats: COMPLETE
                  TableScan Vectorization:
                      native: true
                  Filter Operator
                    Filter Vectorization:
                        className: VectorFilterOperator
                        native: true
                        predicateExpression: SelectColumnIsFalse(col 0:boolean)
                    predicate: (not bo1) (type: boolean)
                    Statistics: Num rows: 1 Data size: 4 Basic stats: COMPLETE Column stats: COMPLETE
                    Select Operator
                      expressions: bo1 (type: boolean)
                      outputColumnNames: _col0
                      Select Vectorization:
                          className: VectorSelectOperator
                          native: true
                          projectedOutputColumnNums: [0]
                      Statistics: Num rows: 1 Data size: 4 Basic stats: COMPLETE Column stats: COMPLETE
                      File Output Operator
                        compressed: false
                        File Sink Vectorization:
                            className: VectorFileSinkOperator
                            native: false
                        Statistics: Num rows: 1 Data size: 4 Basic stats: COMPLETE Column stats: COMPLETE
                        table:
                            input format: org.apache.hadoop.mapred.SequenceFileInputFormat
                            output format: org.apache.hadoop.hive.ql.io.HiveSequenceFileOutputFormat
                            serde: org.apache.hadoop.hive.serde2.lazy.LazySimpleSerDe
            Execution mode: vectorized, llap
            LLAP IO: all inputs
            Map Vectorization:
                enabled: true
                enabledConditionsMet: hive.vectorized.use.vectorized.input.format IS true
                inputFormatFeatureSupport: [DECIMAL_64]
                featureSupportInUse: [DECIMAL_64]
                inputFileFormats: org.apache.hadoop.hive.ql.io.orc.OrcInputFormat
                allNative: false
                usesVectorUDFAdaptor: false
                vectorized: true

  Stage: Stage-0
    Fetch Operator
      limit: -1
      Processor Tree:
        ListSink

