PREHOOK: query: CREATE TABLE T1_text(a STRING, b STRING, c STRING) ROW FORMAT DELIMITED FIELDS TERMINATED BY ' ' STORED AS TEXTFILE
PREHOOK: type: CREATETABLE
PREHOOK: Output: database:default
PREHOOK: Output: default@T1_text
POSTHOOK: query: CREATE TABLE T1_text(a STRING, b STRING, c STRING) ROW FORMAT DELIMITED FIELDS TERMINATED BY ' ' STORED AS TEXTFILE
POSTHOOK: type: CREATETABLE
POSTHOOK: Output: database:default
POSTHOOK: Output: default@T1_text
PREHOOK: query: LOAD DATA LOCAL INPATH '../../data/files/grouping_sets1.txt' INTO TABLE T1_text
PREHOOK: type: LOAD
#### A masked pattern was here ####
PREHOOK: Output: default@t1_text
POSTHOOK: query: LOAD DATA LOCAL INPATH '../../data/files/grouping_sets1.txt' INTO TABLE T1_text
POSTHOOK: type: LOAD
#### A masked pattern was here ####
POSTHOOK: Output: default@t1_text
PREHOOK: query: LOAD DATA LOCAL INPATH '../../data/files/grouping_sets2.txt' INTO TABLE T1_text
PREHOOK: type: LOAD
#### A masked pattern was here ####
PREHOOK: Output: default@t1_text
POSTHOOK: query: LOAD DATA LOCAL INPATH '../../data/files/grouping_sets2.txt' INTO TABLE T1_text
POSTHOOK: type: LOAD
#### A masked pattern was here ####
POSTHOOK: Output: default@t1_text
PREHOOK: query: CREATE TABLE T1 STORED AS ORC AS SELECT * FROM T1_text
PREHOOK: type: CREATETABLE_AS_SELECT
PREHOOK: Input: default@t1_text
PREHOOK: Output: database:default
PREHOOK: Output: default@T1
POSTHOOK: query: CREATE TABLE T1 STORED AS ORC AS SELECT * FROM T1_text
POSTHOOK: type: CREATETABLE_AS_SELECT
POSTHOOK: Input: default@t1_text
POSTHOOK: Output: database:default
POSTHOOK: Output: default@T1
POSTHOOK: Lineage: t1.a SIMPLE [(t1_text)t1_text.FieldSchema(name:a, type:string, comment:null), ]
POSTHOOK: Lineage: t1.b SIMPLE [(t1_text)t1_text.FieldSchema(name:b, type:string, comment:null), ]
POSTHOOK: Lineage: t1.c SIMPLE [(t1_text)t1_text.FieldSchema(name:c, type:string, comment:null), ]
t1_text.a	t1_text.b	t1_text.c
PREHOOK: query: EXPLAIN VECTORIZATION DETAIL
SELECT a, b, avg(c), count(*) from T1 group by a, b with cube
PREHOOK: type: QUERY
POSTHOOK: query: EXPLAIN VECTORIZATION DETAIL
SELECT a, b, avg(c), count(*) from T1 group by a, b with cube
POSTHOOK: type: QUERY
Explain
PLAN VECTORIZATION:
  enabled: true
  enabledConditionsMet: [hive.vectorized.execution.enabled IS true]

STAGE DEPENDENCIES:
  Stage-1 is a root stage
  Stage-0 depends on stages: Stage-1

STAGE PLANS:
  Stage: Stage-1
    Tez
#### A masked pattern was here ####
      Edges:
        Reducer 2 <- Map 1 (SIMPLE_EDGE)
#### A masked pattern was here ####
      Vertices:
        Map 1 
            Map Operator Tree:
                TableScan
                  alias: t1
                  Statistics: Num rows: 12 Data size: 6624 Basic stats: COMPLETE Column stats: NONE
                  Select Operator
                    expressions: a (type: string), b (type: string), c (type: string)
                    outputColumnNames: a, b, c
                    Statistics: Num rows: 12 Data size: 6624 Basic stats: COMPLETE Column stats: NONE
                    Group By Operator
                      aggregations: avg(c), count()
                      keys: a (type: string), b (type: string), 0 (type: bigint)
                      mode: hash
                      outputColumnNames: _col0, _col1, _col2, _col3, _col4
                      Statistics: Num rows: 48 Data size: 26496 Basic stats: COMPLETE Column stats: NONE
                      Reduce Output Operator
                        key expressions: _col0 (type: string), _col1 (type: string), _col2 (type: bigint)
                        sort order: +++
                        Map-reduce partition columns: _col0 (type: string), _col1 (type: string), _col2 (type: bigint)
                        Statistics: Num rows: 48 Data size: 26496 Basic stats: COMPLETE Column stats: NONE
                        value expressions: _col3 (type: struct<count:bigint,sum:double,input:string>), _col4 (type: bigint)
            Execution mode: llap
            LLAP IO: all inputs
            Map Vectorization:
                enabled: true
                enabledConditionsMet: hive.vectorized.use.vectorized.input.format IS true
                inputFileFormats: org.apache.hadoop.hive.ql.io.orc.OrcInputFormat
                notVectorizedReason: GROUPBY operator: Vector aggregation : "avg" for input type: "BYTES" and output type: "STRUCT" and mode: PARTIAL1 not supported for evaluator GenericUDAFAverageEvaluatorDouble
                vectorized: false
        Reducer 2 
            Execution mode: vectorized, llap
            Reduce Vectorization:
                enabled: true
                enableConditionsMet: hive.vectorized.execution.reduce.enabled IS true, hive.execution.engine tez IN [tez, spark] IS true
                reduceColumnNullOrder: aaa
                reduceColumnSortOrder: +++
                allNative: false
                usesVectorUDFAdaptor: false
                vectorized: true
                rowBatchContext:
                    dataColumnCount: 5
                    dataColumns: KEY._col0:string, KEY._col1:string, KEY._col2:bigint, VALUE._col0:struct<count:bigint,sum:double,input:string>, VALUE._col1:bigint
                    partitionColumnCount: 0
                    scratchColumnTypeNames: []
            Reduce Operator Tree:
              Group By Operator
                aggregations: avg(VALUE._col0), count(VALUE._col1)
                Group By Vectorization:
                    aggregators: VectorUDAFAvgFinal(col 3:struct<count:bigint,sum:double,input:string>) -> double, VectorUDAFCountMerge(col 4:bigint) -> bigint
                    className: VectorGroupByOperator
                    groupByMode: MERGEPARTIAL
                    keyExpressions: col 0:string, col 1:string, col 2:bigint
                    native: false
                    vectorProcessingMode: MERGE_PARTIAL
                    projectedOutputColumnNums: [0, 1]
                keys: KEY._col0 (type: string), KEY._col1 (type: string), KEY._col2 (type: bigint)
                mode: mergepartial
                outputColumnNames: _col0, _col1, _col3, _col4
                Statistics: Num rows: 24 Data size: 13248 Basic stats: COMPLETE Column stats: NONE
                pruneGroupingSetId: true
                Select Operator
                  expressions: _col0 (type: string), _col1 (type: string), _col3 (type: double), _col4 (type: bigint)
                  outputColumnNames: _col0, _col1, _col2, _col3
                  Select Vectorization:
                      className: VectorSelectOperator
                      native: true
                      projectedOutputColumnNums: [0, 1, 2, 3]
                  Statistics: Num rows: 24 Data size: 13248 Basic stats: COMPLETE Column stats: NONE
                  File Output Operator
                    compressed: false
                    File Sink Vectorization:
                        className: VectorFileSinkOperator
                        native: false
                    Statistics: Num rows: 24 Data size: 13248 Basic stats: COMPLETE Column stats: NONE
                    table:
                        input format: org.apache.hadoop.mapred.SequenceFileInputFormat
                        output format: org.apache.hadoop.hive.ql.io.HiveSequenceFileOutputFormat
                        serde: org.apache.hadoop.hive.serde2.lazy.LazySimpleSerDe

  Stage: Stage-0
    Fetch Operator
      limit: -1
      Processor Tree:
        ListSink

PREHOOK: query: EXPLAIN VECTORIZATION DETAIL
SELECT a, b, avg(c), count(*) from T1 group by cube(a, b)
PREHOOK: type: QUERY
POSTHOOK: query: EXPLAIN VECTORIZATION DETAIL
SELECT a, b, avg(c), count(*) from T1 group by cube(a, b)
POSTHOOK: type: QUERY
Explain
PLAN VECTORIZATION:
  enabled: true
  enabledConditionsMet: [hive.vectorized.execution.enabled IS true]

STAGE DEPENDENCIES:
  Stage-1 is a root stage
  Stage-0 depends on stages: Stage-1

STAGE PLANS:
  Stage: Stage-1
    Tez
#### A masked pattern was here ####
      Edges:
        Reducer 2 <- Map 1 (SIMPLE_EDGE)
#### A masked pattern was here ####
      Vertices:
        Map 1 
            Map Operator Tree:
                TableScan
                  alias: t1
                  Statistics: Num rows: 12 Data size: 6624 Basic stats: COMPLETE Column stats: NONE
                  Select Operator
                    expressions: a (type: string), b (type: string), c (type: string)
                    outputColumnNames: a, b, c
                    Statistics: Num rows: 12 Data size: 6624 Basic stats: COMPLETE Column stats: NONE
                    Group By Operator
                      aggregations: avg(c), count()
                      keys: a (type: string), b (type: string), 0 (type: bigint)
                      mode: hash
                      outputColumnNames: _col0, _col1, _col2, _col3, _col4
                      Statistics: Num rows: 48 Data size: 26496 Basic stats: COMPLETE Column stats: NONE
                      Reduce Output Operator
                        key expressions: _col0 (type: string), _col1 (type: string), _col2 (type: bigint)
                        sort order: +++
                        Map-reduce partition columns: _col0 (type: string), _col1 (type: string), _col2 (type: bigint)
                        Statistics: Num rows: 48 Data size: 26496 Basic stats: COMPLETE Column stats: NONE
                        value expressions: _col3 (type: struct<count:bigint,sum:double,input:string>), _col4 (type: bigint)
            Execution mode: llap
            LLAP IO: all inputs
            Map Vectorization:
                enabled: true
                enabledConditionsMet: hive.vectorized.use.vectorized.input.format IS true
                inputFileFormats: org.apache.hadoop.hive.ql.io.orc.OrcInputFormat
                notVectorizedReason: GROUPBY operator: Vector aggregation : "avg" for input type: "BYTES" and output type: "STRUCT" and mode: PARTIAL1 not supported for evaluator GenericUDAFAverageEvaluatorDouble
                vectorized: false
        Reducer 2 
            Execution mode: vectorized, llap
            Reduce Vectorization:
                enabled: true
                enableConditionsMet: hive.vectorized.execution.reduce.enabled IS true, hive.execution.engine tez IN [tez, spark] IS true
                reduceColumnNullOrder: aaa
                reduceColumnSortOrder: +++
                allNative: false
                usesVectorUDFAdaptor: false
                vectorized: true
                rowBatchContext:
                    dataColumnCount: 5
                    dataColumns: KEY._col0:string, KEY._col1:string, KEY._col2:bigint, VALUE._col0:struct<count:bigint,sum:double,input:string>, VALUE._col1:bigint
                    partitionColumnCount: 0
                    scratchColumnTypeNames: []
            Reduce Operator Tree:
              Group By Operator
                aggregations: avg(VALUE._col0), count(VALUE._col1)
                Group By Vectorization:
                    aggregators: VectorUDAFAvgFinal(col 3:struct<count:bigint,sum:double,input:string>) -> double, VectorUDAFCountMerge(col 4:bigint) -> bigint
                    className: VectorGroupByOperator
                    groupByMode: MERGEPARTIAL
                    keyExpressions: col 0:string, col 1:string, col 2:bigint
                    native: false
                    vectorProcessingMode: MERGE_PARTIAL
                    projectedOutputColumnNums: [0, 1]
                keys: KEY._col0 (type: string), KEY._col1 (type: string), KEY._col2 (type: bigint)
                mode: mergepartial
                outputColumnNames: _col0, _col1, _col3, _col4
                Statistics: Num rows: 24 Data size: 13248 Basic stats: COMPLETE Column stats: NONE
                pruneGroupingSetId: true
                Select Operator
                  expressions: _col0 (type: string), _col1 (type: string), _col3 (type: double), _col4 (type: bigint)
                  outputColumnNames: _col0, _col1, _col2, _col3
                  Select Vectorization:
                      className: VectorSelectOperator
                      native: true
                      projectedOutputColumnNums: [0, 1, 2, 3]
                  Statistics: Num rows: 24 Data size: 13248 Basic stats: COMPLETE Column stats: NONE
                  File Output Operator
                    compressed: false
                    File Sink Vectorization:
                        className: VectorFileSinkOperator
                        native: false
                    Statistics: Num rows: 24 Data size: 13248 Basic stats: COMPLETE Column stats: NONE
                    table:
                        input format: org.apache.hadoop.mapred.SequenceFileInputFormat
                        output format: org.apache.hadoop.hive.ql.io.HiveSequenceFileOutputFormat
                        serde: org.apache.hadoop.hive.serde2.lazy.LazySimpleSerDe

  Stage: Stage-0
    Fetch Operator
      limit: -1
      Processor Tree:
        ListSink

PREHOOK: query: SELECT a, b, avg(c), count(*) from T1 group by a, b with cube
PREHOOK: type: QUERY
PREHOOK: Input: default@t1
#### A masked pattern was here ####
POSTHOOK: query: SELECT a, b, avg(c), count(*) from T1 group by a, b with cube
POSTHOOK: type: QUERY
POSTHOOK: Input: default@t1
#### A masked pattern was here ####
a	b	_c2	_c3
1	1	3.0	2
1	2	2.0	1
1	NULL	2.6666666666666665	3
2	2	5.333333333333333	3
2	3	5.0	2
2	NULL	5.2	5
3	2	8.0	1
3	NULL	8.0	1
5	1	2.0	1
5	NULL	2.0	1
8	1	1.0	2
8	NULL	1.0	2
NULL	1	2.0	5
NULL	2	5.2	5
NULL	3	5.0	2
NULL	NULL	3.8333333333333335	12
PREHOOK: query: EXPLAIN VECTORIZATION DETAIL
SELECT a, b, avg(c), count(*) from T1 group by a, b with cube
PREHOOK: type: QUERY
POSTHOOK: query: EXPLAIN VECTORIZATION DETAIL
SELECT a, b, avg(c), count(*) from T1 group by a, b with cube
POSTHOOK: type: QUERY
Explain
PLAN VECTORIZATION:
  enabled: true
  enabledConditionsMet: [hive.vectorized.execution.enabled IS true]

STAGE DEPENDENCIES:
  Stage-1 is a root stage
  Stage-0 depends on stages: Stage-1

STAGE PLANS:
  Stage: Stage-1
    Tez
#### A masked pattern was here ####
      Edges:
        Reducer 2 <- Map 1 (SIMPLE_EDGE)
        Reducer 3 <- Reducer 2 (SIMPLE_EDGE)
#### A masked pattern was here ####
      Vertices:
        Map 1 
            Map Operator Tree:
                TableScan
                  alias: t1
                  Statistics: Num rows: 12 Data size: 6624 Basic stats: COMPLETE Column stats: NONE
                  Select Operator
                    expressions: a (type: string), b (type: string), c (type: string)
                    outputColumnNames: a, b, c
                    Statistics: Num rows: 12 Data size: 6624 Basic stats: COMPLETE Column stats: NONE
                    Group By Operator
                      aggregations: avg(c), count()
                      keys: a (type: string), b (type: string)
                      mode: hash
                      outputColumnNames: _col0, _col1, _col2, _col3
                      Statistics: Num rows: 12 Data size: 6624 Basic stats: COMPLETE Column stats: NONE
                      Reduce Output Operator
                        key expressions: _col0 (type: string), _col1 (type: string)
                        sort order: ++
                        Map-reduce partition columns: _col0 (type: string), _col1 (type: string)
                        Statistics: Num rows: 12 Data size: 6624 Basic stats: COMPLETE Column stats: NONE
                        value expressions: _col2 (type: struct<count:bigint,sum:double,input:string>), _col3 (type: bigint)
            Execution mode: llap
            LLAP IO: all inputs
            Map Vectorization:
                enabled: true
                enabledConditionsMet: hive.vectorized.use.vectorized.input.format IS true
                inputFileFormats: org.apache.hadoop.hive.ql.io.orc.OrcInputFormat
                notVectorizedReason: GROUPBY operator: Vector aggregation : "avg" for input type: "BYTES" and output type: "STRUCT" and mode: PARTIAL1 not supported for evaluator GenericUDAFAverageEvaluatorDouble
                vectorized: false
        Reducer 2 
            Execution mode: vectorized, llap
            Reduce Vectorization:
                enabled: true
                enableConditionsMet: hive.vectorized.execution.reduce.enabled IS true, hive.execution.engine tez IN [tez, spark] IS true
                reduceColumnNullOrder: aa
                reduceColumnSortOrder: ++
                allNative: false
                usesVectorUDFAdaptor: false
                vectorized: true
                rowBatchContext:
                    dataColumnCount: 4
                    dataColumns: KEY._col0:string, KEY._col1:string, VALUE._col0:struct<count:bigint,sum:double,input:string>, VALUE._col1:bigint
                    partitionColumnCount: 0
                    scratchColumnTypeNames: [bigint]
            Reduce Operator Tree:
              Group By Operator
                aggregations: avg(VALUE._col0), count(VALUE._col1)
                Group By Vectorization:
                    aggregators: VectorUDAFAvgPartial2(col 2:struct<count:bigint,sum:double,input:string>) -> struct<count:bigint,sum:double,input:string>, VectorUDAFCountMerge(col 3:bigint) -> bigint
                    className: VectorGroupByOperator
                    groupByMode: PARTIALS
                    keyExpressions: col 0:string, col 1:string, ConstantVectorExpression(val 0) -> 4:bigint
                    native: false
                    vectorProcessingMode: STREAMING
                    projectedOutputColumnNums: [0, 1]
                keys: KEY._col0 (type: string), KEY._col1 (type: string), 0 (type: bigint)
                mode: partials
                outputColumnNames: _col0, _col1, _col2, _col3, _col4
                Statistics: Num rows: 48 Data size: 26496 Basic stats: COMPLETE Column stats: NONE
                Reduce Output Operator
                  key expressions: _col0 (type: string), _col1 (type: string), _col2 (type: bigint)
                  sort order: +++
                  Map-reduce partition columns: _col0 (type: string), _col1 (type: string), _col2 (type: bigint)
                  Reduce Sink Vectorization:
                      className: VectorReduceSinkMultiKeyOperator
                      keyColumnNums: [0, 1, 2]
                      native: true
                      nativeConditionsMet: hive.vectorized.execution.reducesink.new.enabled IS true, hive.execution.engine tez IN [tez, spark] IS true, No PTF TopN IS true, No DISTINCT columns IS true, BinarySortableSerDe for keys IS true, LazyBinarySerDe for values IS true
                      valueColumnNums: [3, 4]
                  Statistics: Num rows: 48 Data size: 26496 Basic stats: COMPLETE Column stats: NONE
                  value expressions: _col3 (type: struct<count:bigint,sum:double,input:string>), _col4 (type: bigint)
        Reducer 3 
            Execution mode: vectorized, llap
            Reduce Vectorization:
                enabled: true
                enableConditionsMet: hive.vectorized.execution.reduce.enabled IS true, hive.execution.engine tez IN [tez, spark] IS true
                reduceColumnNullOrder: aaa
                reduceColumnSortOrder: +++
                allNative: false
                usesVectorUDFAdaptor: false
                vectorized: true
                rowBatchContext:
                    dataColumnCount: 5
                    dataColumns: KEY._col0:string, KEY._col1:string, KEY._col2:bigint, VALUE._col0:struct<count:bigint,sum:double,input:string>, VALUE._col1:bigint
                    partitionColumnCount: 0
                    scratchColumnTypeNames: []
            Reduce Operator Tree:
              Group By Operator
                aggregations: avg(VALUE._col0), count(VALUE._col1)
                Group By Vectorization:
                    aggregators: VectorUDAFAvgFinal(col 3:struct<count:bigint,sum:double,input:string>) -> double, VectorUDAFCountMerge(col 4:bigint) -> bigint
                    className: VectorGroupByOperator
                    groupByMode: FINAL
                    keyExpressions: col 0:string, col 1:string, col 2:bigint
                    native: false
                    vectorProcessingMode: STREAMING
                    projectedOutputColumnNums: [0, 1]
                keys: KEY._col0 (type: string), KEY._col1 (type: string), KEY._col2 (type: bigint)
                mode: final
                outputColumnNames: _col0, _col1, _col3, _col4
                Statistics: Num rows: 24 Data size: 13248 Basic stats: COMPLETE Column stats: NONE
                pruneGroupingSetId: true
                Select Operator
                  expressions: _col0 (type: string), _col1 (type: string), _col3 (type: double), _col4 (type: bigint)
                  outputColumnNames: _col0, _col1, _col2, _col3
                  Select Vectorization:
                      className: VectorSelectOperator
                      native: true
                      projectedOutputColumnNums: [0, 1, 2, 3]
                  Statistics: Num rows: 24 Data size: 13248 Basic stats: COMPLETE Column stats: NONE
                  File Output Operator
                    compressed: false
                    File Sink Vectorization:
                        className: VectorFileSinkOperator
                        native: false
                    Statistics: Num rows: 24 Data size: 13248 Basic stats: COMPLETE Column stats: NONE
                    table:
                        input format: org.apache.hadoop.mapred.SequenceFileInputFormat
                        output format: org.apache.hadoop.hive.ql.io.HiveSequenceFileOutputFormat
                        serde: org.apache.hadoop.hive.serde2.lazy.LazySimpleSerDe

  Stage: Stage-0
    Fetch Operator
      limit: -1
      Processor Tree:
        ListSink

PREHOOK: query: SELECT a, b, avg(c), count(*) from T1 group by a, b with cube
PREHOOK: type: QUERY
PREHOOK: Input: default@t1
#### A masked pattern was here ####
POSTHOOK: query: SELECT a, b, avg(c), count(*) from T1 group by a, b with cube
POSTHOOK: type: QUERY
POSTHOOK: Input: default@t1
#### A masked pattern was here ####
a	b	_c2	_c3
1	1	3.0	2
1	2	2.0	1
1	NULL	2.6666666666666665	3
2	2	5.333333333333333	3
2	3	5.0	2
2	NULL	5.2	5
3	2	8.0	1
3	NULL	8.0	1
5	1	2.0	1
5	NULL	2.0	1
8	1	1.0	2
8	NULL	1.0	2
NULL	1	2.0	5
NULL	2	5.2	5
NULL	3	5.0	2
NULL	NULL	3.8333333333333335	12
