PREHOOK: query: CREATE TABLE T1_text(a STRING, b STRING, c STRING) ROW FORMAT DELIMITED FIELDS TERMINATED BY ' ' STORED AS TEXTFILE
PREHOOK: type: CREATETABLE
PREHOOK: Output: database:default
PREHOOK: Output: default@T1_text
POSTHOOK: query: CREATE TABLE T1_text(a STRING, b STRING, c STRING) ROW FORMAT DELIMITED FIELDS TERMINATED BY ' ' STORED AS TEXTFILE
POSTHOOK: type: CREATETABLE
POSTHOOK: Output: database:default
POSTHOOK: Output: default@T1_text
PREHOOK: query: LOAD DATA LOCAL INPATH '../../data/files/grouping_sets.txt' INTO TABLE T1_text
PREHOOK: type: LOAD
#### A masked pattern was here ####
PREHOOK: Output: default@t1_text
POSTHOOK: query: LOAD DATA LOCAL INPATH '../../data/files/grouping_sets.txt' INTO TABLE T1_text
POSTHOOK: type: LOAD
#### A masked pattern was here ####
POSTHOOK: Output: default@t1_text
PREHOOK: query: CREATE TABLE T1 STORED AS ORC AS SELECT * FROM T1_text
PREHOOK: type: CREATETABLE_AS_SELECT
PREHOOK: Input: default@t1_text
PREHOOK: Output: database:default
PREHOOK: Output: default@T1
POSTHOOK: query: CREATE TABLE T1 STORED AS ORC AS SELECT * FROM T1_text
POSTHOOK: type: CREATETABLE_AS_SELECT
POSTHOOK: Input: default@t1_text
POSTHOOK: Output: database:default
POSTHOOK: Output: default@T1
POSTHOOK: Lineage: t1.a SIMPLE [(t1_text)t1_text.FieldSchema(name:a, type:string, comment:null), ]
POSTHOOK: Lineage: t1.b SIMPLE [(t1_text)t1_text.FieldSchema(name:b, type:string, comment:null), ]
POSTHOOK: Lineage: t1.c SIMPLE [(t1_text)t1_text.FieldSchema(name:c, type:string, comment:null), ]
t1_text.a	t1_text.b	t1_text.c
PREHOOK: query: EXPLAIN
SELECT a, b, count(*) FROM
(SELECT a, b, count(1) from T1 group by a, b) subq1 group by a, b with cube
PREHOOK: type: QUERY
POSTHOOK: query: EXPLAIN
SELECT a, b, count(*) FROM
(SELECT a, b, count(1) from T1 group by a, b) subq1 group by a, b with cube
POSTHOOK: type: QUERY
Explain
STAGE DEPENDENCIES:
  Stage-1 is a root stage
  Stage-0 depends on stages: Stage-1

STAGE PLANS:
  Stage: Stage-1
    Tez
#### A masked pattern was here ####
      Edges:
        Reducer 2 <- Map 1 (SIMPLE_EDGE)
        Reducer 3 <- Reducer 2 (SIMPLE_EDGE)
#### A masked pattern was here ####
      Vertices:
        Map 1 
            Map Operator Tree:
                TableScan
                  alias: t1
                  Statistics: Num rows: 6 Data size: 1530 Basic stats: COMPLETE Column stats: NONE
                  Select Operator
                    expressions: a (type: string), b (type: string)
                    outputColumnNames: a, b
                    Statistics: Num rows: 6 Data size: 1530 Basic stats: COMPLETE Column stats: NONE
                    Group By Operator
                      keys: a (type: string), b (type: string)
                      mode: hash
                      outputColumnNames: _col0, _col1
                      Statistics: Num rows: 6 Data size: 1530 Basic stats: COMPLETE Column stats: NONE
                      Reduce Output Operator
                        key expressions: _col0 (type: string), _col1 (type: string)
                        sort order: ++
                        Map-reduce partition columns: _col0 (type: string), _col1 (type: string)
                        Statistics: Num rows: 6 Data size: 1530 Basic stats: COMPLETE Column stats: NONE
            Execution mode: vectorized, llap
            LLAP IO: all inputs
        Reducer 2 
            Execution mode: vectorized, llap
            Reduce Operator Tree:
              Group By Operator
                keys: KEY._col0 (type: string), KEY._col1 (type: string)
                mode: mergepartial
                outputColumnNames: _col0, _col1
                Statistics: Num rows: 3 Data size: 765 Basic stats: COMPLETE Column stats: NONE
                Group By Operator
                  aggregations: count()
                  keys: _col0 (type: string), _col1 (type: string), 0 (type: int)
                  mode: hash
                  outputColumnNames: _col0, _col1, _col2, _col3
                  Statistics: Num rows: 12 Data size: 3060 Basic stats: COMPLETE Column stats: NONE
                  Reduce Output Operator
                    key expressions: _col0 (type: string), _col1 (type: string), _col2 (type: int)
                    sort order: +++
                    Map-reduce partition columns: _col0 (type: string), _col1 (type: string), _col2 (type: int)
                    Statistics: Num rows: 12 Data size: 3060 Basic stats: COMPLETE Column stats: NONE
                    value expressions: _col3 (type: bigint)
        Reducer 3 
            Execution mode: vectorized, llap
            Reduce Operator Tree:
              Group By Operator
                aggregations: count(VALUE._col0)
                keys: KEY._col0 (type: string), KEY._col1 (type: string), KEY._col2 (type: int)
                mode: mergepartial
                outputColumnNames: _col0, _col1, _col3
                Statistics: Num rows: 6 Data size: 1530 Basic stats: COMPLETE Column stats: NONE
                pruneGroupingSetId: true
                Select Operator
                  expressions: _col0 (type: string), _col1 (type: string), _col3 (type: bigint)
                  outputColumnNames: _col0, _col1, _col2
                  Statistics: Num rows: 6 Data size: 1530 Basic stats: COMPLETE Column stats: NONE
                  File Output Operator
                    compressed: false
                    Statistics: Num rows: 6 Data size: 1530 Basic stats: COMPLETE Column stats: NONE
                    table:
                        input format: org.apache.hadoop.mapred.SequenceFileInputFormat
                        output format: org.apache.hadoop.hive.ql.io.HiveSequenceFileOutputFormat
                        serde: org.apache.hadoop.hive.serde2.lazy.LazySimpleSerDe

  Stage: Stage-0
    Fetch Operator
      limit: -1
      Processor Tree:
        ListSink

PREHOOK: query: EXPLAIN
SELECT a, b, count(*) FROM
(SELECT a, b, count(1) from T1 group by a, b) subq1 group by cube(a, b)
PREHOOK: type: QUERY
POSTHOOK: query: EXPLAIN
SELECT a, b, count(*) FROM
(SELECT a, b, count(1) from T1 group by a, b) subq1 group by cube(a, b)
POSTHOOK: type: QUERY
Explain
STAGE DEPENDENCIES:
  Stage-1 is a root stage
  Stage-0 depends on stages: Stage-1

STAGE PLANS:
  Stage: Stage-1
    Tez
#### A masked pattern was here ####
      Edges:
        Reducer 2 <- Map 1 (SIMPLE_EDGE)
        Reducer 3 <- Reducer 2 (SIMPLE_EDGE)
#### A masked pattern was here ####
      Vertices:
        Map 1 
            Map Operator Tree:
                TableScan
                  alias: t1
                  Statistics: Num rows: 6 Data size: 1530 Basic stats: COMPLETE Column stats: NONE
                  Select Operator
                    expressions: a (type: string), b (type: string)
                    outputColumnNames: a, b
                    Statistics: Num rows: 6 Data size: 1530 Basic stats: COMPLETE Column stats: NONE
                    Group By Operator
                      keys: a (type: string), b (type: string)
                      mode: hash
                      outputColumnNames: _col0, _col1
                      Statistics: Num rows: 6 Data size: 1530 Basic stats: COMPLETE Column stats: NONE
                      Reduce Output Operator
                        key expressions: _col0 (type: string), _col1 (type: string)
                        sort order: ++
                        Map-reduce partition columns: _col0 (type: string), _col1 (type: string)
                        Statistics: Num rows: 6 Data size: 1530 Basic stats: COMPLETE Column stats: NONE
            Execution mode: vectorized, llap
            LLAP IO: all inputs
        Reducer 2 
            Execution mode: vectorized, llap
            Reduce Operator Tree:
              Group By Operator
                keys: KEY._col0 (type: string), KEY._col1 (type: string)
                mode: mergepartial
                outputColumnNames: _col0, _col1
                Statistics: Num rows: 3 Data size: 765 Basic stats: COMPLETE Column stats: NONE
                Group By Operator
                  aggregations: count()
                  keys: _col0 (type: string), _col1 (type: string), 0 (type: int)
                  mode: hash
                  outputColumnNames: _col0, _col1, _col2, _col3
                  Statistics: Num rows: 12 Data size: 3060 Basic stats: COMPLETE Column stats: NONE
                  Reduce Output Operator
                    key expressions: _col0 (type: string), _col1 (type: string), _col2 (type: int)
                    sort order: +++
                    Map-reduce partition columns: _col0 (type: string), _col1 (type: string), _col2 (type: int)
                    Statistics: Num rows: 12 Data size: 3060 Basic stats: COMPLETE Column stats: NONE
                    value expressions: _col3 (type: bigint)
        Reducer 3 
            Execution mode: vectorized, llap
            Reduce Operator Tree:
              Group By Operator
                aggregations: count(VALUE._col0)
                keys: KEY._col0 (type: string), KEY._col1 (type: string), KEY._col2 (type: int)
                mode: mergepartial
                outputColumnNames: _col0, _col1, _col3
                Statistics: Num rows: 6 Data size: 1530 Basic stats: COMPLETE Column stats: NONE
                pruneGroupingSetId: true
                Select Operator
                  expressions: _col0 (type: string), _col1 (type: string), _col3 (type: bigint)
                  outputColumnNames: _col0, _col1, _col2
                  Statistics: Num rows: 6 Data size: 1530 Basic stats: COMPLETE Column stats: NONE
                  File Output Operator
                    compressed: false
                    Statistics: Num rows: 6 Data size: 1530 Basic stats: COMPLETE Column stats: NONE
                    table:
                        input format: org.apache.hadoop.mapred.SequenceFileInputFormat
                        output format: org.apache.hadoop.hive.ql.io.HiveSequenceFileOutputFormat
                        serde: org.apache.hadoop.hive.serde2.lazy.LazySimpleSerDe

  Stage: Stage-0
    Fetch Operator
      limit: -1
      Processor Tree:
        ListSink

PREHOOK: query: SELECT a, b, count(*) FROM
(SELECT a, b, count(1) from T1 group by a, b) subq1 group by a, b with cube
PREHOOK: type: QUERY
PREHOOK: Input: default@t1
#### A masked pattern was here ####
POSTHOOK: query: SELECT a, b, count(*) FROM
(SELECT a, b, count(1) from T1 group by a, b) subq1 group by a, b with cube
POSTHOOK: type: QUERY
POSTHOOK: Input: default@t1
#### A masked pattern was here ####
a	b	_c2
1	1	1
1	NULL	1
2	2	1
2	3	1
2	NULL	2
3	2	1
3	NULL	1
5	2	1
5	NULL	1
8	1	1
8	NULL	1
NULL	1	2
NULL	2	3
NULL	3	1
NULL	NULL	6
PREHOOK: query: EXPLAIN
SELECT a, b, count(*) FROM
(SELECT a, b, count(1) from T1 group by a, b) subq1 group by a, b with cube
PREHOOK: type: QUERY
POSTHOOK: query: EXPLAIN
SELECT a, b, count(*) FROM
(SELECT a, b, count(1) from T1 group by a, b) subq1 group by a, b with cube
POSTHOOK: type: QUERY
Explain
STAGE DEPENDENCIES:
  Stage-1 is a root stage
  Stage-0 depends on stages: Stage-1

STAGE PLANS:
  Stage: Stage-1
    Tez
#### A masked pattern was here ####
      Edges:
        Reducer 2 <- Map 1 (SIMPLE_EDGE)
        Reducer 3 <- Reducer 2 (SIMPLE_EDGE)
        Reducer 4 <- Reducer 3 (SIMPLE_EDGE)
#### A masked pattern was here ####
      Vertices:
        Map 1 
            Map Operator Tree:
                TableScan
                  alias: t1
                  Statistics: Num rows: 6 Data size: 1530 Basic stats: COMPLETE Column stats: NONE
                  Select Operator
                    expressions: a (type: string), b (type: string)
                    outputColumnNames: a, b
                    Statistics: Num rows: 6 Data size: 1530 Basic stats: COMPLETE Column stats: NONE
                    Group By Operator
                      keys: a (type: string), b (type: string)
                      mode: hash
                      outputColumnNames: _col0, _col1
                      Statistics: Num rows: 6 Data size: 1530 Basic stats: COMPLETE Column stats: NONE
                      Reduce Output Operator
                        key expressions: _col0 (type: string), _col1 (type: string)
                        sort order: ++
                        Map-reduce partition columns: _col0 (type: string), _col1 (type: string)
                        Statistics: Num rows: 6 Data size: 1530 Basic stats: COMPLETE Column stats: NONE
            Execution mode: vectorized, llap
            LLAP IO: all inputs
        Reducer 2 
            Execution mode: vectorized, llap
            Reduce Operator Tree:
              Group By Operator
                keys: KEY._col0 (type: string), KEY._col1 (type: string)
                mode: mergepartial
                outputColumnNames: _col0, _col1
                Statistics: Num rows: 3 Data size: 765 Basic stats: COMPLETE Column stats: NONE
                Group By Operator
                  aggregations: count()
                  keys: _col0 (type: string), _col1 (type: string)
                  mode: hash
                  outputColumnNames: _col0, _col1, _col2
                  Statistics: Num rows: 3 Data size: 765 Basic stats: COMPLETE Column stats: NONE
                  Reduce Output Operator
                    key expressions: _col0 (type: string), _col1 (type: string)
                    sort order: ++
                    Map-reduce partition columns: _col0 (type: string), _col1 (type: string)
                    Statistics: Num rows: 3 Data size: 765 Basic stats: COMPLETE Column stats: NONE
                    value expressions: _col2 (type: bigint)
        Reducer 3 
            Execution mode: vectorized, llap
            Reduce Operator Tree:
              Group By Operator
                aggregations: count(VALUE._col0)
                keys: KEY._col0 (type: string), KEY._col1 (type: string), 0 (type: int)
                mode: partials
                outputColumnNames: _col0, _col1, _col2, _col3
                Statistics: Num rows: 12 Data size: 3060 Basic stats: COMPLETE Column stats: NONE
                Reduce Output Operator
                  key expressions: _col0 (type: string), _col1 (type: string), _col2 (type: int)
                  sort order: +++
                  Map-reduce partition columns: _col0 (type: string), _col1 (type: string), _col2 (type: int)
                  Statistics: Num rows: 12 Data size: 3060 Basic stats: COMPLETE Column stats: NONE
                  value expressions: _col3 (type: bigint)
        Reducer 4 
            Execution mode: vectorized, llap
            Reduce Operator Tree:
              Group By Operator
                aggregations: count(VALUE._col0)
                keys: KEY._col0 (type: string), KEY._col1 (type: string), KEY._col2 (type: int)
                mode: final
                outputColumnNames: _col0, _col1, _col3
                Statistics: Num rows: 6 Data size: 1530 Basic stats: COMPLETE Column stats: NONE
                pruneGroupingSetId: true
                Select Operator
                  expressions: _col0 (type: string), _col1 (type: string), _col3 (type: bigint)
                  outputColumnNames: _col0, _col1, _col2
                  Statistics: Num rows: 6 Data size: 1530 Basic stats: COMPLETE Column stats: NONE
                  File Output Operator
                    compressed: false
                    Statistics: Num rows: 6 Data size: 1530 Basic stats: COMPLETE Column stats: NONE
                    table:
                        input format: org.apache.hadoop.mapred.SequenceFileInputFormat
                        output format: org.apache.hadoop.hive.ql.io.HiveSequenceFileOutputFormat
                        serde: org.apache.hadoop.hive.serde2.lazy.LazySimpleSerDe

  Stage: Stage-0
    Fetch Operator
      limit: -1
      Processor Tree:
        ListSink

PREHOOK: query: SELECT a, b, count(*) FROM
(SELECT a, b, count(1) from T1 group by a, b) subq1 group by a, b with cube
PREHOOK: type: QUERY
PREHOOK: Input: default@t1
#### A masked pattern was here ####
POSTHOOK: query: SELECT a, b, count(*) FROM
(SELECT a, b, count(1) from T1 group by a, b) subq1 group by a, b with cube
POSTHOOK: type: QUERY
POSTHOOK: Input: default@t1
#### A masked pattern was here ####
a	b	_c2
1	1	1
1	NULL	1
2	2	1
2	3	1
2	NULL	2
3	2	1
3	NULL	1
5	2	1
5	NULL	1
8	1	1
8	NULL	1
NULL	1	2
NULL	2	3
NULL	3	1
NULL	NULL	6
