WARNING: Comparing a bigint and a double may result in a loss of precision.
PREHOOK: query: explain vectorization SELECT cbigint, cdouble FROM alltypesorc WHERE cbigint < cdouble and cint > 0 limit 3,2
PREHOOK: type: QUERY
POSTHOOK: query: explain vectorization SELECT cbigint, cdouble FROM alltypesorc WHERE cbigint < cdouble and cint > 0 limit 3,2
POSTHOOK: type: QUERY
PLAN VECTORIZATION:
  enabled: true
  enabledConditionsMet: [hive.vectorized.execution.enabled IS true]

STAGE DEPENDENCIES:
  Stage-1 is a root stage
  Stage-0 depends on stages: Stage-1

STAGE PLANS:
  Stage: Stage-1
    Tez
#### A masked pattern was here ####
      Vertices:
        Map 1 
            Map Operator Tree:
                TableScan
                  alias: alltypesorc
                  Statistics: Num rows: 12288 Data size: 183488 Basic stats: COMPLETE Column stats: COMPLETE
                  Filter Operator
                    predicate: ((UDFToDouble(cbigint) < cdouble) and (cint > 0)) (type: boolean)
                    Statistics: Num rows: 1365 Data size: 20400 Basic stats: COMPLETE Column stats: COMPLETE
                    Select Operator
                      expressions: cbigint (type: bigint), cdouble (type: double)
                      outputColumnNames: _col0, _col1
                      Statistics: Num rows: 1365 Data size: 16320 Basic stats: COMPLETE Column stats: COMPLETE
                      Limit
                        Number of rows: 2
                        Offset of rows: 3
                        Statistics: Num rows: 2 Data size: 32 Basic stats: COMPLETE Column stats: COMPLETE
                        File Output Operator
                          compressed: false
                          Statistics: Num rows: 2 Data size: 32 Basic stats: COMPLETE Column stats: COMPLETE
                          table:
                              input format: org.apache.hadoop.mapred.SequenceFileInputFormat
                              output format: org.apache.hadoop.hive.ql.io.HiveSequenceFileOutputFormat
                              serde: org.apache.hadoop.hive.serde2.lazy.LazySimpleSerDe
            Execution mode: vectorized, llap
            LLAP IO: all inputs
            Map Vectorization:
                enabled: true
                enabledConditionsMet: hive.vectorized.use.vectorized.input.format IS true
                groupByVectorOutput: true
                inputFileFormats: org.apache.hadoop.hive.ql.io.orc.OrcInputFormat
                allNative: false
                usesVectorUDFAdaptor: false
                vectorized: true

  Stage: Stage-0
    Fetch Operator
      limit: 2
      Processor Tree:
        ListSink

WARNING: Comparing a bigint and a double may result in a loss of precision.
PREHOOK: query: SELECT cbigint, cdouble FROM alltypesorc WHERE cbigint < cdouble and cint > 0 limit 3,2
PREHOOK: type: QUERY
PREHOOK: Input: default@alltypesorc
#### A masked pattern was here ####
POSTHOOK: query: SELECT cbigint, cdouble FROM alltypesorc WHERE cbigint < cdouble and cint > 0 limit 3,2
POSTHOOK: type: QUERY
POSTHOOK: Input: default@alltypesorc
#### A masked pattern was here ####
-1887561756	10361.0
-1887561756	-8881.0
PREHOOK: query: explain vectorization expression
select ctinyint,cdouble,csmallint from alltypesorc where ctinyint is not null order by ctinyint,cdouble limit 10,3
PREHOOK: type: QUERY
POSTHOOK: query: explain vectorization expression
select ctinyint,cdouble,csmallint from alltypesorc where ctinyint is not null order by ctinyint,cdouble limit 10,3
POSTHOOK: type: QUERY
PLAN VECTORIZATION:
  enabled: true
  enabledConditionsMet: [hive.vectorized.execution.enabled IS true]

STAGE DEPENDENCIES:
  Stage-1 is a root stage
  Stage-0 depends on stages: Stage-1

STAGE PLANS:
  Stage: Stage-1
    Tez
#### A masked pattern was here ####
      Edges:
        Reducer 2 <- Map 1 (SIMPLE_EDGE)
#### A masked pattern was here ####
      Vertices:
        Map 1 
            Map Operator Tree:
                TableScan
                  alias: alltypesorc
                  Statistics: Num rows: 12288 Data size: 146796 Basic stats: COMPLETE Column stats: COMPLETE
                  TableScan Vectorization:
                      native: true
                      projectedOutputColumns: [0, 1, 2, 3, 4, 5, 6, 7, 8, 9, 10, 11]
                  Filter Operator
                    Filter Vectorization:
                        className: VectorFilterOperator
                        native: true
                        predicateExpression: SelectColumnIsNotNull(col 0) -> boolean
                    predicate: ctinyint is not null (type: boolean)
                    Statistics: Num rows: 9173 Data size: 109584 Basic stats: COMPLETE Column stats: COMPLETE
                    Select Operator
                      expressions: ctinyint (type: tinyint), cdouble (type: double), csmallint (type: smallint)
                      outputColumnNames: _col0, _col1, _col2
                      Select Vectorization:
                          className: VectorSelectOperator
                          native: true
                          projectedOutputColumns: [0, 5, 1]
                      Statistics: Num rows: 9173 Data size: 109584 Basic stats: COMPLETE Column stats: COMPLETE
                      Reduce Output Operator
                        key expressions: _col0 (type: tinyint), _col1 (type: double)
                        sort order: ++
                        Reduce Sink Vectorization:
                            className: VectorReduceSinkObjectHashOperator
                            native: true
                            nativeConditionsMet: hive.vectorized.execution.reducesink.new.enabled IS true, hive.execution.engine tez IN [tez, spark] IS true, No PTF TopN IS true, No DISTINCT columns IS true, BinarySortableSerDe for keys IS true, LazyBinarySerDe for values IS true
                        Statistics: Num rows: 9173 Data size: 109584 Basic stats: COMPLETE Column stats: COMPLETE
                        TopN Hash Memory Usage: 0.1
                        value expressions: _col2 (type: smallint)
            Execution mode: vectorized, llap
            LLAP IO: all inputs
            Map Vectorization:
                enabled: true
                enabledConditionsMet: hive.vectorized.use.vectorized.input.format IS true
                groupByVectorOutput: true
                inputFileFormats: org.apache.hadoop.hive.ql.io.orc.OrcInputFormat
                allNative: true
                usesVectorUDFAdaptor: false
                vectorized: true
        Reducer 2 
            Execution mode: vectorized, llap
            Reduce Vectorization:
                enabled: true
                enableConditionsMet: hive.vectorized.execution.reduce.enabled IS true, hive.execution.engine tez IN [tez, spark] IS true
                groupByVectorOutput: true
                allNative: false
                usesVectorUDFAdaptor: false
                vectorized: true
            Reduce Operator Tree:
              Select Operator
                expressions: KEY.reducesinkkey0 (type: tinyint), KEY.reducesinkkey1 (type: double), VALUE._col0 (type: smallint)
                outputColumnNames: _col0, _col1, _col2
                Select Vectorization:
                    className: VectorSelectOperator
                    native: true
                    projectedOutputColumns: [0, 1, 2]
                Statistics: Num rows: 9173 Data size: 109584 Basic stats: COMPLETE Column stats: COMPLETE
                Limit
                  Number of rows: 3
                  Limit Vectorization:
                      className: VectorLimitOperator
                      native: true
                  Offset of rows: 10
                  Statistics: Num rows: 3 Data size: 48 Basic stats: COMPLETE Column stats: COMPLETE
                  File Output Operator
                    compressed: false
                    File Sink Vectorization:
                        className: VectorFileSinkOperator
                        native: false
                    Statistics: Num rows: 3 Data size: 48 Basic stats: COMPLETE Column stats: COMPLETE
                    table:
                        input format: org.apache.hadoop.mapred.SequenceFileInputFormat
                        output format: org.apache.hadoop.hive.ql.io.HiveSequenceFileOutputFormat
                        serde: org.apache.hadoop.hive.serde2.lazy.LazySimpleSerDe

  Stage: Stage-0
    Fetch Operator
      limit: 3
      Processor Tree:
        ListSink

PREHOOK: query: select ctinyint,cdouble,csmallint from alltypesorc where ctinyint is not null order by ctinyint,cdouble limit 10,3
PREHOOK: type: QUERY
PREHOOK: Input: default@alltypesorc
#### A masked pattern was here ####
POSTHOOK: query: select ctinyint,cdouble,csmallint from alltypesorc where ctinyint is not null order by ctinyint,cdouble limit 10,3
POSTHOOK: type: QUERY
POSTHOOK: Input: default@alltypesorc
#### A masked pattern was here ####
-64	-7196.0	-7196
-64	-7196.0	-7196
-64	-7196.0	-7196
