STAGE DEPENDENCIES:
  Stage-1 is a root stage
  Stage-0 depends on stages: Stage-1

STAGE PLANS:
  Stage: Stage-1
    Tez
#### A masked pattern was here ####
      Edges:
        Map 1 <- Map 2 (BROADCAST_EDGE)
#### A masked pattern was here ####
      Vertices:
        Map 1 
            Map Operator Tree:
                TableScan
                  alias: ts1
                  filterExpr: id is not null (type: boolean)
                  Statistics: Num rows: 4076 Data size: 782592 Basic stats: COMPLETE Column stats: COMPLETE
                  Filter Operator
                    predicate: id is not null (type: boolean)
                    Statistics: Num rows: 4076 Data size: 782592 Basic stats: COMPLETE Column stats: COMPLETE
                    Select Operator
                      expressions: id (type: int), val (type: int), p (type: string)
                      outputColumnNames: _col0, _col1, _col2
                      Statistics: Num rows: 4076 Data size: 782592 Basic stats: COMPLETE Column stats: COMPLETE
                      Map Join Operator
                        condition map:
                             Inner Join 0 to 1
                        keys:
                          0 _col0 (type: int)
                          1 _col0 (type: int)
                        outputColumnNames: _col0, _col1, _col2, _col3, _col4, _col5
                        input vertices:
                          1 Map 2
                        Statistics: Num rows: 32259 Data size: 12387456 Basic stats: COMPLETE Column stats: COMPLETE
                        File Output Operator
                          compressed: false
                          Statistics: Num rows: 32259 Data size: 12387456 Basic stats: COMPLETE Column stats: COMPLETE
                          table:
                              input format: org.apache.hadoop.mapred.SequenceFileInputFormat
                              output format: org.apache.hadoop.hive.ql.io.HiveSequenceFileOutputFormat
                              serde: org.apache.hadoop.hive.serde2.lazy.LazySimpleSerDe
            Execution mode: vectorized, llap
            LLAP IO: all inputs
        Map 2 
            Map Operator Tree:
                TableScan
                  alias: ts2
                  filterExpr: id is not null (type: boolean)
                  Statistics: Num rows: 4076 Data size: 782592 Basic stats: COMPLETE Column stats: COMPLETE
                  Filter Operator
                    predicate: id is not null (type: boolean)
                    Statistics: Num rows: 4076 Data size: 782592 Basic stats: COMPLETE Column stats: COMPLETE
                    Select Operator
                      expressions: id (type: int), val (type: int), p (type: string)
                      outputColumnNames: _col0, _col1, _col2
                      Statistics: Num rows: 4076 Data size: 782592 Basic stats: COMPLETE Column stats: COMPLETE
                      Reduce Output Operator
                        key expressions: _col0 (type: int)
                        null sort order: z
                        sort order: +
                        Map-reduce partition columns: _col0 (type: int)
                        Statistics: Num rows: 4076 Data size: 782592 Basic stats: COMPLETE Column stats: COMPLETE
                        value expressions: _col1 (type: int), _col2 (type: string)
            Execution mode: vectorized, llap
            LLAP IO: all inputs

  Stage: Stage-0
    Fetch Operator
      limit: -1
      Processor Tree:
        ListSink

