PREHOOK: query: explain vectorization expression
with wss as 
 (select d_week_seq,
        ss_store_sk,
        sum(case when (d_day_name='Sunday') then ss_sales_price else null end) sun_sales,
        sum(case when (d_day_name='Monday') then ss_sales_price else null end) mon_sales,
        sum(case when (d_day_name='Tuesday') then ss_sales_price else  null end) tue_sales,
        sum(case when (d_day_name='Wednesday') then ss_sales_price else null end) wed_sales,
        sum(case when (d_day_name='Thursday') then ss_sales_price else null end) thu_sales,
        sum(case when (d_day_name='Friday') then ss_sales_price else null end) fri_sales,
        sum(case when (d_day_name='Saturday') then ss_sales_price else null end) sat_sales
 from store_sales,date_dim
 where d_date_sk = ss_sold_date_sk
 group by d_week_seq,ss_store_sk
 )
  select  s_store_name1,s_store_id1,d_week_seq1
       ,sun_sales1/sun_sales2,mon_sales1/mon_sales2
       ,tue_sales1/tue_sales1,wed_sales1/wed_sales2,thu_sales1/thu_sales2
       ,fri_sales1/fri_sales2,sat_sales1/sat_sales2
 from
 (select s_store_name s_store_name1,wss.d_week_seq d_week_seq1
        ,s_store_id s_store_id1,sun_sales sun_sales1
        ,mon_sales mon_sales1,tue_sales tue_sales1
        ,wed_sales wed_sales1,thu_sales thu_sales1
        ,fri_sales fri_sales1,sat_sales sat_sales1
  from wss,store,date_dim d
  where d.d_week_seq = wss.d_week_seq and
        ss_store_sk = s_store_sk and 
        d_month_seq between 1185 and 1185 + 11) y,
 (select s_store_name s_store_name2,wss.d_week_seq d_week_seq2
        ,s_store_id s_store_id2,sun_sales sun_sales2
        ,mon_sales mon_sales2,tue_sales tue_sales2
        ,wed_sales wed_sales2,thu_sales thu_sales2
        ,fri_sales fri_sales2,sat_sales sat_sales2
  from wss,store,date_dim d
  where d.d_week_seq = wss.d_week_seq and
        ss_store_sk = s_store_sk and 
        d_month_seq between 1185+ 12 and 1185 + 23) x
 where s_store_id1=s_store_id2
   and d_week_seq1=d_week_seq2-52
 order by s_store_name1,s_store_id1,d_week_seq1
limit 100
PREHOOK: type: QUERY
POSTHOOK: query: explain vectorization expression
with wss as 
 (select d_week_seq,
        ss_store_sk,
        sum(case when (d_day_name='Sunday') then ss_sales_price else null end) sun_sales,
        sum(case when (d_day_name='Monday') then ss_sales_price else null end) mon_sales,
        sum(case when (d_day_name='Tuesday') then ss_sales_price else  null end) tue_sales,
        sum(case when (d_day_name='Wednesday') then ss_sales_price else null end) wed_sales,
        sum(case when (d_day_name='Thursday') then ss_sales_price else null end) thu_sales,
        sum(case when (d_day_name='Friday') then ss_sales_price else null end) fri_sales,
        sum(case when (d_day_name='Saturday') then ss_sales_price else null end) sat_sales
 from store_sales,date_dim
 where d_date_sk = ss_sold_date_sk
 group by d_week_seq,ss_store_sk
 )
  select  s_store_name1,s_store_id1,d_week_seq1
       ,sun_sales1/sun_sales2,mon_sales1/mon_sales2
       ,tue_sales1/tue_sales1,wed_sales1/wed_sales2,thu_sales1/thu_sales2
       ,fri_sales1/fri_sales2,sat_sales1/sat_sales2
 from
 (select s_store_name s_store_name1,wss.d_week_seq d_week_seq1
        ,s_store_id s_store_id1,sun_sales sun_sales1
        ,mon_sales mon_sales1,tue_sales tue_sales1
        ,wed_sales wed_sales1,thu_sales thu_sales1
        ,fri_sales fri_sales1,sat_sales sat_sales1
  from wss,store,date_dim d
  where d.d_week_seq = wss.d_week_seq and
        ss_store_sk = s_store_sk and 
        d_month_seq between 1185 and 1185 + 11) y,
 (select s_store_name s_store_name2,wss.d_week_seq d_week_seq2
        ,s_store_id s_store_id2,sun_sales sun_sales2
        ,mon_sales mon_sales2,tue_sales tue_sales2
        ,wed_sales wed_sales2,thu_sales thu_sales2
        ,fri_sales fri_sales2,sat_sales sat_sales2
  from wss,store,date_dim d
  where d.d_week_seq = wss.d_week_seq and
        ss_store_sk = s_store_sk and 
        d_month_seq between 1185+ 12 and 1185 + 23) x
 where s_store_id1=s_store_id2
   and d_week_seq1=d_week_seq2-52
 order by s_store_name1,s_store_id1,d_week_seq1
limit 100
POSTHOOK: type: QUERY
PLAN VECTORIZATION:
  enabled: true
  enabledConditionsMet: [hive.vectorized.execution.enabled IS true]

STAGE DEPENDENCIES:
  Stage-1 is a root stage
  Stage-0 depends on stages: Stage-1

STAGE PLANS:
  Stage: Stage-1
    Tez
#### A masked pattern was here ####
      Edges:
        Map 1 <- Reducer 13 (BROADCAST_EDGE), Reducer 7 (BROADCAST_EDGE)
        Map 14 <- Reducer 10 (BROADCAST_EDGE), Reducer 16 (BROADCAST_EDGE)
        Reducer 10 <- Map 6 (CUSTOM_SIMPLE_EDGE)
        Reducer 13 <- Map 12 (CUSTOM_SIMPLE_EDGE)
        Reducer 16 <- Map 15 (CUSTOM_SIMPLE_EDGE)
        Reducer 2 <- Map 1 (SIMPLE_EDGE), Map 6 (SIMPLE_EDGE)
        Reducer 3 <- Map 11 (CUSTOM_SIMPLE_EDGE), Map 12 (CUSTOM_SIMPLE_EDGE), Reducer 2 (SIMPLE_EDGE)
        Reducer 4 <- Reducer 3 (SIMPLE_EDGE), Reducer 9 (SIMPLE_EDGE)
        Reducer 5 <- Reducer 4 (SIMPLE_EDGE)
        Reducer 7 <- Map 6 (CUSTOM_SIMPLE_EDGE)
        Reducer 8 <- Map 14 (SIMPLE_EDGE), Map 6 (SIMPLE_EDGE)
        Reducer 9 <- Map 11 (CUSTOM_SIMPLE_EDGE), Map 15 (CUSTOM_SIMPLE_EDGE), Reducer 8 (SIMPLE_EDGE)
#### A masked pattern was here ####
      Vertices:
        Map 1 
            Map Operator Tree:
                TableScan
                  alias: store_sales
                  filterExpr: (ss_sold_date_sk is not null and ss_store_sk is not null and (ss_sold_date_sk BETWEEN DynamicValue(RS_7_date_dim_d_date_sk_min) AND DynamicValue(RS_7_date_dim_d_date_sk_max) and in_bloom_filter(ss_sold_date_sk, DynamicValue(RS_7_date_dim_d_date_sk_bloom_filter))) and (ss_store_sk BETWEEN DynamicValue(RS_53_store_s_store_sk_min) AND DynamicValue(RS_53_store_s_store_sk_max) and in_bloom_filter(ss_store_sk, DynamicValue(RS_53_store_s_store_sk_bloom_filter)))) (type: boolean)
                  Statistics: Num rows: 575995635 Data size: 50814502088 Basic stats: COMPLETE Column stats: NONE
                  TableScan Vectorization:
                      native: true
                  Filter Operator
                    Filter Vectorization:
                        className: VectorFilterOperator
                        native: true
                        predicateExpression: FilterExprAndExpr(children: SelectColumnIsNotNull(col 0:int), SelectColumnIsNotNull(col 7:int), FilterExprAndExpr(children: FilterLongColumnBetweenDynamicValue(col 0:int, left 0, right 0), VectorInBloomFilterColDynamicValue), FilterExprAndExpr(children: FilterLongColumnBetweenDynamicValue(col 7:int, left 0, right 0), VectorInBloomFilterColDynamicValue))
                    predicate: ((ss_sold_date_sk BETWEEN DynamicValue(RS_7_date_dim_d_date_sk_min) AND DynamicValue(RS_7_date_dim_d_date_sk_max) and in_bloom_filter(ss_sold_date_sk, DynamicValue(RS_7_date_dim_d_date_sk_bloom_filter))) and (ss_store_sk BETWEEN DynamicValue(RS_53_store_s_store_sk_min) AND DynamicValue(RS_53_store_s_store_sk_max) and in_bloom_filter(ss_store_sk, DynamicValue(RS_53_store_s_store_sk_bloom_filter))) and ss_sold_date_sk is not null and ss_store_sk is not null) (type: boolean)
                    Statistics: Num rows: 575995635 Data size: 50814502088 Basic stats: COMPLETE Column stats: NONE
                    Select Operator
                      expressions: ss_sold_date_sk (type: int), ss_store_sk (type: int), ss_sales_price (type: decimal(7,2))
                      outputColumnNames: _col0, _col1, _col2
                      Select Vectorization:
                          className: VectorSelectOperator
                          native: true
                          projectedOutputColumnNums: [0, 7, 13]
                      Statistics: Num rows: 575995635 Data size: 50814502088 Basic stats: COMPLETE Column stats: NONE
                      Reduce Output Operator
                        key expressions: _col0 (type: int)
                        sort order: +
                        Map-reduce partition columns: _col0 (type: int)
                        Reduce Sink Vectorization:
                            className: VectorReduceSinkLongOperator
                            native: true
                            nativeConditionsMet: hive.vectorized.execution.reducesink.new.enabled IS true, hive.execution.engine tez IN [tez, spark] IS true, No PTF TopN IS true, No DISTINCT columns IS true, BinarySortableSerDe for keys IS true, LazyBinarySerDe for values IS true
                        Statistics: Num rows: 575995635 Data size: 50814502088 Basic stats: COMPLETE Column stats: NONE
                        value expressions: _col1 (type: int), _col2 (type: decimal(7,2))
            Execution mode: vectorized
            Map Vectorization:
                enabled: true
                enabledConditionsMet: hive.vectorized.use.vectorized.input.format IS true
                inputFormatFeatureSupport: [DECIMAL_64]
                featureSupportInUse: [DECIMAL_64]
                inputFileFormats: org.apache.hadoop.hive.ql.io.orc.OrcInputFormat
                allNative: true
                usesVectorUDFAdaptor: false
                vectorized: true
        Map 11 
            Map Operator Tree:
                TableScan
                  alias: d
                  filterExpr: ((d_month_seq BETWEEN 1185 AND 1196 and d_week_seq is not null) or (d_month_seq BETWEEN 1197 AND 1208 and d_week_seq is not null)) (type: boolean)
                  Statistics: Num rows: 73049 Data size: 81741831 Basic stats: COMPLETE Column stats: NONE
                  TableScan Vectorization:
                      native: true
                  Filter Operator
                    Filter Vectorization:
                        className: VectorFilterOperator
                        native: true
                        predicateExpression: FilterExprAndExpr(children: FilterLongColumnBetween(col 3:int, left 1185, right 1196), SelectColumnIsNotNull(col 4:int))
                    predicate: (d_month_seq BETWEEN 1185 AND 1196 and d_week_seq is not null) (type: boolean)
                    Statistics: Num rows: 8116 Data size: 9081804 Basic stats: COMPLETE Column stats: NONE
                    Select Operator
                      expressions: d_week_seq (type: int)
                      outputColumnNames: _col1
                      Select Vectorization:
                          className: VectorSelectOperator
                          native: true
                          projectedOutputColumnNums: [4]
                      Statistics: Num rows: 8116 Data size: 9081804 Basic stats: COMPLETE Column stats: NONE
                      Reduce Output Operator
                        key expressions: _col1 (type: int)
                        sort order: +
                        Map-reduce partition columns: _col1 (type: int)
                        Reduce Sink Vectorization:
                            className: VectorReduceSinkLongOperator
                            native: true
                            nativeConditionsMet: hive.vectorized.execution.reducesink.new.enabled IS true, hive.execution.engine tez IN [tez, spark] IS true, No PTF TopN IS true, No DISTINCT columns IS true, BinarySortableSerDe for keys IS true, LazyBinarySerDe for values IS true
                        Statistics: Num rows: 8116 Data size: 9081804 Basic stats: COMPLETE Column stats: NONE
                  Filter Operator
                    Filter Vectorization:
                        className: VectorFilterOperator
                        native: true
                        predicateExpression: FilterExprAndExpr(children: FilterLongColumnBetween(col 3:int, left 1197, right 1208), SelectColumnIsNotNull(col 4:int))
                    predicate: (d_month_seq BETWEEN 1197 AND 1208 and d_week_seq is not null) (type: boolean)
                    Statistics: Num rows: 8116 Data size: 9081804 Basic stats: COMPLETE Column stats: NONE
                    Select Operator
                      expressions: d_week_seq (type: int)
                      outputColumnNames: _col1
                      Select Vectorization:
                          className: VectorSelectOperator
                          native: true
                          projectedOutputColumnNums: [4]
                      Statistics: Num rows: 8116 Data size: 9081804 Basic stats: COMPLETE Column stats: NONE
                      Reduce Output Operator
                        key expressions: _col1 (type: int)
                        sort order: +
                        Map-reduce partition columns: _col1 (type: int)
                        Reduce Sink Vectorization:
                            className: VectorReduceSinkLongOperator
                            native: true
                            nativeConditionsMet: hive.vectorized.execution.reducesink.new.enabled IS true, hive.execution.engine tez IN [tez, spark] IS true, No PTF TopN IS true, No DISTINCT columns IS true, BinarySortableSerDe for keys IS true, LazyBinarySerDe for values IS true
                        Statistics: Num rows: 8116 Data size: 9081804 Basic stats: COMPLETE Column stats: NONE
            Execution mode: vectorized
            Map Vectorization:
                enabled: true
                enabledConditionsMet: hive.vectorized.use.vectorized.input.format IS true
                inputFormatFeatureSupport: [DECIMAL_64]
                featureSupportInUse: [DECIMAL_64]
                inputFileFormats: org.apache.hadoop.hive.ql.io.orc.OrcInputFormat
                allNative: true
                usesVectorUDFAdaptor: false
                vectorized: true
        Map 12 
            Map Operator Tree:
                TableScan
                  alias: store
                  filterExpr: (s_store_sk is not null and s_store_id is not null) (type: boolean)
                  Statistics: Num rows: 1704 Data size: 3256276 Basic stats: COMPLETE Column stats: NONE
                  TableScan Vectorization:
                      native: true
                  Filter Operator
                    Filter Vectorization:
                        className: VectorFilterOperator
                        native: true
                        predicateExpression: FilterExprAndExpr(children: SelectColumnIsNotNull(col 0:int), SelectColumnIsNotNull(col 1:string))
                    predicate: (s_store_id is not null and s_store_sk is not null) (type: boolean)
                    Statistics: Num rows: 1704 Data size: 3256276 Basic stats: COMPLETE Column stats: NONE
                    Select Operator
                      expressions: s_store_sk (type: int), s_store_id (type: string), s_store_name (type: string)
                      outputColumnNames: _col0, _col1, _col2
                      Select Vectorization:
                          className: VectorSelectOperator
                          native: true
                          projectedOutputColumnNums: [0, 1, 5]
                      Statistics: Num rows: 1704 Data size: 3256276 Basic stats: COMPLETE Column stats: NONE
                      Reduce Output Operator
                        key expressions: _col0 (type: int)
                        sort order: +
                        Map-reduce partition columns: _col0 (type: int)
                        Reduce Sink Vectorization:
                            className: VectorReduceSinkLongOperator
                            native: true
                            nativeConditionsMet: hive.vectorized.execution.reducesink.new.enabled IS true, hive.execution.engine tez IN [tez, spark] IS true, No PTF TopN IS true, No DISTINCT columns IS true, BinarySortableSerDe for keys IS true, LazyBinarySerDe for values IS true
                        Statistics: Num rows: 1704 Data size: 3256276 Basic stats: COMPLETE Column stats: NONE
                        value expressions: _col1 (type: string), _col2 (type: string)
                      Select Operator
                        expressions: _col0 (type: int)
                        outputColumnNames: _col0
                        Select Vectorization:
                            className: VectorSelectOperator
                            native: true
                            projectedOutputColumnNums: [0]
                        Statistics: Num rows: 1704 Data size: 3256276 Basic stats: COMPLETE Column stats: NONE
                        Group By Operator
                          aggregations: min(_col0), max(_col0), bloom_filter(_col0, expectedEntries=1000000)
                          Group By Vectorization:
                              aggregators: VectorUDAFMinLong(col 0:int) -> int, VectorUDAFMaxLong(col 0:int) -> int, VectorUDAFBloomFilter(col 0:int) -> binary
                              className: VectorGroupByOperator
                              groupByMode: HASH
                              native: false
                              vectorProcessingMode: HASH
                              projectedOutputColumnNums: [0, 1, 2]
                          mode: hash
                          outputColumnNames: _col0, _col1, _col2
                          Statistics: Num rows: 1 Data size: 12 Basic stats: COMPLETE Column stats: NONE
                          Reduce Output Operator
                            sort order: 
                            Reduce Sink Vectorization:
                                className: VectorReduceSinkEmptyKeyOperator
                                native: true
                                nativeConditionsMet: hive.vectorized.execution.reducesink.new.enabled IS true, hive.execution.engine tez IN [tez, spark] IS true, No PTF TopN IS true, No DISTINCT columns IS true, BinarySortableSerDe for keys IS true, LazyBinarySerDe for values IS true
                            Statistics: Num rows: 1 Data size: 12 Basic stats: COMPLETE Column stats: NONE
                            value expressions: _col0 (type: int), _col1 (type: int), _col2 (type: binary)
            Execution mode: vectorized
            Map Vectorization:
                enabled: true
                enabledConditionsMet: hive.vectorized.use.vectorized.input.format IS true
                inputFormatFeatureSupport: [DECIMAL_64]
                featureSupportInUse: [DECIMAL_64]
                inputFileFormats: org.apache.hadoop.hive.ql.io.orc.OrcInputFormat
                allNative: false
                usesVectorUDFAdaptor: false
                vectorized: true
        Map 14 
            Map Operator Tree:
                TableScan
                  alias: store_sales
                  filterExpr: (ss_sold_date_sk is not null and ss_store_sk is not null and (ss_sold_date_sk BETWEEN DynamicValue(RS_28_date_dim_d_date_sk_min) AND DynamicValue(RS_28_date_dim_d_date_sk_max) and in_bloom_filter(ss_sold_date_sk, DynamicValue(RS_28_date_dim_d_date_sk_bloom_filter))) and (ss_store_sk BETWEEN DynamicValue(RS_46_store_s_store_sk_min) AND DynamicValue(RS_46_store_s_store_sk_max) and in_bloom_filter(ss_store_sk, DynamicValue(RS_46_store_s_store_sk_bloom_filter)))) (type: boolean)
                  Statistics: Num rows: 575995635 Data size: 50814502088 Basic stats: COMPLETE Column stats: NONE
                  TableScan Vectorization:
                      native: true
                  Filter Operator
                    Filter Vectorization:
                        className: VectorFilterOperator
                        native: true
                        predicateExpression: FilterExprAndExpr(children: SelectColumnIsNotNull(col 0:int), SelectColumnIsNotNull(col 7:int), FilterExprAndExpr(children: FilterLongColumnBetweenDynamicValue(col 0:int, left 0, right 0), VectorInBloomFilterColDynamicValue), FilterExprAndExpr(children: FilterLongColumnBetweenDynamicValue(col 7:int, left 0, right 0), VectorInBloomFilterColDynamicValue))
                    predicate: ((ss_sold_date_sk BETWEEN DynamicValue(RS_28_date_dim_d_date_sk_min) AND DynamicValue(RS_28_date_dim_d_date_sk_max) and in_bloom_filter(ss_sold_date_sk, DynamicValue(RS_28_date_dim_d_date_sk_bloom_filter))) and (ss_store_sk BETWEEN DynamicValue(RS_46_store_s_store_sk_min) AND DynamicValue(RS_46_store_s_store_sk_max) and in_bloom_filter(ss_store_sk, DynamicValue(RS_46_store_s_store_sk_bloom_filter))) and ss_sold_date_sk is not null and ss_store_sk is not null) (type: boolean)
                    Statistics: Num rows: 575995635 Data size: 50814502088 Basic stats: COMPLETE Column stats: NONE
                    Select Operator
                      expressions: ss_sold_date_sk (type: int), ss_store_sk (type: int), ss_sales_price (type: decimal(7,2))
                      outputColumnNames: _col0, _col1, _col2
                      Select Vectorization:
                          className: VectorSelectOperator
                          native: true
                          projectedOutputColumnNums: [0, 7, 13]
                      Statistics: Num rows: 575995635 Data size: 50814502088 Basic stats: COMPLETE Column stats: NONE
                      Reduce Output Operator
                        key expressions: _col0 (type: int)
                        sort order: +
                        Map-reduce partition columns: _col0 (type: int)
                        Reduce Sink Vectorization:
                            className: VectorReduceSinkLongOperator
                            native: true
                            nativeConditionsMet: hive.vectorized.execution.reducesink.new.enabled IS true, hive.execution.engine tez IN [tez, spark] IS true, No PTF TopN IS true, No DISTINCT columns IS true, BinarySortableSerDe for keys IS true, LazyBinarySerDe for values IS true
                        Statistics: Num rows: 575995635 Data size: 50814502088 Basic stats: COMPLETE Column stats: NONE
                        value expressions: _col1 (type: int), _col2 (type: decimal(7,2))
            Execution mode: vectorized
            Map Vectorization:
                enabled: true
                enabledConditionsMet: hive.vectorized.use.vectorized.input.format IS true
                inputFormatFeatureSupport: [DECIMAL_64]
                featureSupportInUse: [DECIMAL_64]
                inputFileFormats: org.apache.hadoop.hive.ql.io.orc.OrcInputFormat
                allNative: true
                usesVectorUDFAdaptor: false
                vectorized: true
        Map 15 
            Map Operator Tree:
                TableScan
                  alias: store
                  filterExpr: (s_store_sk is not null and s_store_id is not null) (type: boolean)
                  Statistics: Num rows: 1704 Data size: 3256276 Basic stats: COMPLETE Column stats: NONE
                  TableScan Vectorization:
                      native: true
                  Filter Operator
                    Filter Vectorization:
                        className: VectorFilterOperator
                        native: true
                        predicateExpression: FilterExprAndExpr(children: SelectColumnIsNotNull(col 0:int), SelectColumnIsNotNull(col 1:string))
                    predicate: (s_store_id is not null and s_store_sk is not null) (type: boolean)
                    Statistics: Num rows: 1704 Data size: 3256276 Basic stats: COMPLETE Column stats: NONE
                    Select Operator
                      expressions: s_store_sk (type: int), s_store_id (type: string)
                      outputColumnNames: _col0, _col1
                      Select Vectorization:
                          className: VectorSelectOperator
                          native: true
                          projectedOutputColumnNums: [0, 1]
                      Statistics: Num rows: 1704 Data size: 3256276 Basic stats: COMPLETE Column stats: NONE
                      Reduce Output Operator
                        key expressions: _col0 (type: int)
                        sort order: +
                        Map-reduce partition columns: _col0 (type: int)
                        Reduce Sink Vectorization:
                            className: VectorReduceSinkLongOperator
                            native: true
                            nativeConditionsMet: hive.vectorized.execution.reducesink.new.enabled IS true, hive.execution.engine tez IN [tez, spark] IS true, No PTF TopN IS true, No DISTINCT columns IS true, BinarySortableSerDe for keys IS true, LazyBinarySerDe for values IS true
                        Statistics: Num rows: 1704 Data size: 3256276 Basic stats: COMPLETE Column stats: NONE
                        value expressions: _col1 (type: string)
                      Select Operator
                        expressions: _col0 (type: int)
                        outputColumnNames: _col0
                        Select Vectorization:
                            className: VectorSelectOperator
                            native: true
                            projectedOutputColumnNums: [0]
                        Statistics: Num rows: 1704 Data size: 3256276 Basic stats: COMPLETE Column stats: NONE
                        Group By Operator
                          aggregations: min(_col0), max(_col0), bloom_filter(_col0, expectedEntries=1000000)
                          Group By Vectorization:
                              aggregators: VectorUDAFMinLong(col 0:int) -> int, VectorUDAFMaxLong(col 0:int) -> int, VectorUDAFBloomFilter(col 0:int) -> binary
                              className: VectorGroupByOperator
                              groupByMode: HASH
                              native: false
                              vectorProcessingMode: HASH
                              projectedOutputColumnNums: [0, 1, 2]
                          mode: hash
                          outputColumnNames: _col0, _col1, _col2
                          Statistics: Num rows: 1 Data size: 12 Basic stats: COMPLETE Column stats: NONE
                          Reduce Output Operator
                            sort order: 
                            Reduce Sink Vectorization:
                                className: VectorReduceSinkEmptyKeyOperator
                                native: true
                                nativeConditionsMet: hive.vectorized.execution.reducesink.new.enabled IS true, hive.execution.engine tez IN [tez, spark] IS true, No PTF TopN IS true, No DISTINCT columns IS true, BinarySortableSerDe for keys IS true, LazyBinarySerDe for values IS true
                            Statistics: Num rows: 1 Data size: 12 Basic stats: COMPLETE Column stats: NONE
                            value expressions: _col0 (type: int), _col1 (type: int), _col2 (type: binary)
            Execution mode: vectorized
            Map Vectorization:
                enabled: true
                enabledConditionsMet: hive.vectorized.use.vectorized.input.format IS true
                inputFormatFeatureSupport: [DECIMAL_64]
                featureSupportInUse: [DECIMAL_64]
                inputFileFormats: org.apache.hadoop.hive.ql.io.orc.OrcInputFormat
                allNative: false
                usesVectorUDFAdaptor: false
                vectorized: true
        Map 6 
            Map Operator Tree:
                TableScan
                  alias: date_dim
                  filterExpr: (d_date_sk is not null and d_week_seq is not null) (type: boolean)
                  Statistics: Num rows: 73049 Data size: 81741831 Basic stats: COMPLETE Column stats: NONE
                  TableScan Vectorization:
                      native: true
                  Filter Operator
                    Filter Vectorization:
                        className: VectorFilterOperator
                        native: true
                        predicateExpression: FilterExprAndExpr(children: SelectColumnIsNotNull(col 0:int), SelectColumnIsNotNull(col 4:int))
                    predicate: (d_date_sk is not null and d_week_seq is not null) (type: boolean)
                    Statistics: Num rows: 73049 Data size: 81741831 Basic stats: COMPLETE Column stats: NONE
                    Select Operator
                      expressions: d_date_sk (type: int), d_week_seq (type: int), d_day_name (type: string)
                      outputColumnNames: _col0, _col1, _col2
                      Select Vectorization:
                          className: VectorSelectOperator
                          native: true
                          projectedOutputColumnNums: [0, 4, 14]
                      Statistics: Num rows: 73049 Data size: 81741831 Basic stats: COMPLETE Column stats: NONE
                      Reduce Output Operator
                        key expressions: _col0 (type: int)
                        sort order: +
                        Map-reduce partition columns: _col0 (type: int)
                        Reduce Sink Vectorization:
                            className: VectorReduceSinkLongOperator
                            native: true
                            nativeConditionsMet: hive.vectorized.execution.reducesink.new.enabled IS true, hive.execution.engine tez IN [tez, spark] IS true, No PTF TopN IS true, No DISTINCT columns IS true, BinarySortableSerDe for keys IS true, LazyBinarySerDe for values IS true
                        Statistics: Num rows: 73049 Data size: 81741831 Basic stats: COMPLETE Column stats: NONE
                        value expressions: _col1 (type: int), _col2 (type: string)
                      Select Operator
                        expressions: _col0 (type: int)
                        outputColumnNames: _col0
                        Select Vectorization:
                            className: VectorSelectOperator
                            native: true
                            projectedOutputColumnNums: [0]
                        Statistics: Num rows: 73049 Data size: 81741831 Basic stats: COMPLETE Column stats: NONE
                        Group By Operator
                          aggregations: min(_col0), max(_col0), bloom_filter(_col0, expectedEntries=1000000)
                          Group By Vectorization:
                              aggregators: VectorUDAFMinLong(col 0:int) -> int, VectorUDAFMaxLong(col 0:int) -> int, VectorUDAFBloomFilter(col 0:int) -> binary
                              className: VectorGroupByOperator
                              groupByMode: HASH
                              native: false
                              vectorProcessingMode: HASH
                              projectedOutputColumnNums: [0, 1, 2]
                          mode: hash
                          outputColumnNames: _col0, _col1, _col2
                          Statistics: Num rows: 1 Data size: 12 Basic stats: COMPLETE Column stats: NONE
                          Reduce Output Operator
                            sort order: 
                            Reduce Sink Vectorization:
                                className: VectorReduceSinkEmptyKeyOperator
                                native: true
                                nativeConditionsMet: hive.vectorized.execution.reducesink.new.enabled IS true, hive.execution.engine tez IN [tez, spark] IS true, No PTF TopN IS true, No DISTINCT columns IS true, BinarySortableSerDe for keys IS true, LazyBinarySerDe for values IS true
                            Statistics: Num rows: 1 Data size: 12 Basic stats: COMPLETE Column stats: NONE
                            value expressions: _col0 (type: int), _col1 (type: int), _col2 (type: binary)
                      Reduce Output Operator
                        key expressions: _col0 (type: int)
                        sort order: +
                        Map-reduce partition columns: _col0 (type: int)
                        Reduce Sink Vectorization:
                            className: VectorReduceSinkLongOperator
                            native: true
                            nativeConditionsMet: hive.vectorized.execution.reducesink.new.enabled IS true, hive.execution.engine tez IN [tez, spark] IS true, No PTF TopN IS true, No DISTINCT columns IS true, BinarySortableSerDe for keys IS true, LazyBinarySerDe for values IS true
                        Statistics: Num rows: 73049 Data size: 81741831 Basic stats: COMPLETE Column stats: NONE
                        value expressions: _col1 (type: int), _col2 (type: string)
                      Select Operator
                        expressions: _col0 (type: int)
                        outputColumnNames: _col0
                        Select Vectorization:
                            className: VectorSelectOperator
                            native: true
                            projectedOutputColumnNums: [0]
                        Statistics: Num rows: 73049 Data size: 81741831 Basic stats: COMPLETE Column stats: NONE
                        Group By Operator
                          aggregations: min(_col0), max(_col0), bloom_filter(_col0, expectedEntries=1000000)
                          Group By Vectorization:
                              aggregators: VectorUDAFMinLong(col 0:int) -> int, VectorUDAFMaxLong(col 0:int) -> int, VectorUDAFBloomFilter(col 0:int) -> binary
                              className: VectorGroupByOperator
                              groupByMode: HASH
                              native: false
                              vectorProcessingMode: HASH
                              projectedOutputColumnNums: [0, 1, 2]
                          mode: hash
                          outputColumnNames: _col0, _col1, _col2
                          Statistics: Num rows: 1 Data size: 12 Basic stats: COMPLETE Column stats: NONE
                          Reduce Output Operator
                            sort order: 
                            Reduce Sink Vectorization:
                                className: VectorReduceSinkEmptyKeyOperator
                                native: true
                                nativeConditionsMet: hive.vectorized.execution.reducesink.new.enabled IS true, hive.execution.engine tez IN [tez, spark] IS true, No PTF TopN IS true, No DISTINCT columns IS true, BinarySortableSerDe for keys IS true, LazyBinarySerDe for values IS true
                            Statistics: Num rows: 1 Data size: 12 Basic stats: COMPLETE Column stats: NONE
                            value expressions: _col0 (type: int), _col1 (type: int), _col2 (type: binary)
            Execution mode: vectorized
            Map Vectorization:
                enabled: true
                enabledConditionsMet: hive.vectorized.use.vectorized.input.format IS true
                inputFormatFeatureSupport: [DECIMAL_64]
                featureSupportInUse: [DECIMAL_64]
                inputFileFormats: org.apache.hadoop.hive.ql.io.orc.OrcInputFormat
                allNative: false
                usesVectorUDFAdaptor: false
                vectorized: true
        Reducer 10 
            Execution mode: vectorized
            Reduce Vectorization:
                enabled: true
                enableConditionsMet: hive.vectorized.execution.reduce.enabled IS true, hive.execution.engine tez IN [tez, spark] IS true
                allNative: false
                usesVectorUDFAdaptor: false
                vectorized: true
            Reduce Operator Tree:
              Group By Operator
                aggregations: min(VALUE._col0), max(VALUE._col1), bloom_filter(VALUE._col2, expectedEntries=1000000)
                Group By Vectorization:
                    aggregators: VectorUDAFMinLong(col 0:int) -> int, VectorUDAFMaxLong(col 1:int) -> int, VectorUDAFBloomFilterMerge(col 2:binary) -> binary
                    className: VectorGroupByOperator
                    groupByMode: FINAL
                    native: false
                    vectorProcessingMode: STREAMING
                    projectedOutputColumnNums: [0, 1, 2]
                mode: final
                outputColumnNames: _col0, _col1, _col2
                Statistics: Num rows: 1 Data size: 12 Basic stats: COMPLETE Column stats: NONE
                Reduce Output Operator
                  sort order: 
                  Reduce Sink Vectorization:
                      className: VectorReduceSinkEmptyKeyOperator
                      native: true
                      nativeConditionsMet: hive.vectorized.execution.reducesink.new.enabled IS true, hive.execution.engine tez IN [tez, spark] IS true, No PTF TopN IS true, No DISTINCT columns IS true, BinarySortableSerDe for keys IS true, LazyBinarySerDe for values IS true
                  Statistics: Num rows: 1 Data size: 12 Basic stats: COMPLETE Column stats: NONE
                  value expressions: _col0 (type: int), _col1 (type: int), _col2 (type: binary)
        Reducer 13 
            Execution mode: vectorized
            Reduce Vectorization:
                enabled: true
                enableConditionsMet: hive.vectorized.execution.reduce.enabled IS true, hive.execution.engine tez IN [tez, spark] IS true
                allNative: false
                usesVectorUDFAdaptor: false
                vectorized: true
            Reduce Operator Tree:
              Group By Operator
                aggregations: min(VALUE._col0), max(VALUE._col1), bloom_filter(VALUE._col2, expectedEntries=1000000)
                Group By Vectorization:
                    aggregators: VectorUDAFMinLong(col 0:int) -> int, VectorUDAFMaxLong(col 1:int) -> int, VectorUDAFBloomFilterMerge(col 2:binary) -> binary
                    className: VectorGroupByOperator
                    groupByMode: FINAL
                    native: false
                    vectorProcessingMode: STREAMING
                    projectedOutputColumnNums: [0, 1, 2]
                mode: final
                outputColumnNames: _col0, _col1, _col2
                Statistics: Num rows: 1 Data size: 12 Basic stats: COMPLETE Column stats: NONE
                Reduce Output Operator
                  sort order: 
                  Reduce Sink Vectorization:
                      className: VectorReduceSinkEmptyKeyOperator
                      native: true
                      nativeConditionsMet: hive.vectorized.execution.reducesink.new.enabled IS true, hive.execution.engine tez IN [tez, spark] IS true, No PTF TopN IS true, No DISTINCT columns IS true, BinarySortableSerDe for keys IS true, LazyBinarySerDe for values IS true
                  Statistics: Num rows: 1 Data size: 12 Basic stats: COMPLETE Column stats: NONE
                  value expressions: _col0 (type: int), _col1 (type: int), _col2 (type: binary)
        Reducer 16 
            Execution mode: vectorized
            Reduce Vectorization:
                enabled: true
                enableConditionsMet: hive.vectorized.execution.reduce.enabled IS true, hive.execution.engine tez IN [tez, spark] IS true
                allNative: false
                usesVectorUDFAdaptor: false
                vectorized: true
            Reduce Operator Tree:
              Group By Operator
                aggregations: min(VALUE._col0), max(VALUE._col1), bloom_filter(VALUE._col2, expectedEntries=1000000)
                Group By Vectorization:
                    aggregators: VectorUDAFMinLong(col 0:int) -> int, VectorUDAFMaxLong(col 1:int) -> int, VectorUDAFBloomFilterMerge(col 2:binary) -> binary
                    className: VectorGroupByOperator
                    groupByMode: FINAL
                    native: false
                    vectorProcessingMode: STREAMING
                    projectedOutputColumnNums: [0, 1, 2]
                mode: final
                outputColumnNames: _col0, _col1, _col2
                Statistics: Num rows: 1 Data size: 12 Basic stats: COMPLETE Column stats: NONE
                Reduce Output Operator
                  sort order: 
                  Reduce Sink Vectorization:
                      className: VectorReduceSinkEmptyKeyOperator
                      native: true
                      nativeConditionsMet: hive.vectorized.execution.reducesink.new.enabled IS true, hive.execution.engine tez IN [tez, spark] IS true, No PTF TopN IS true, No DISTINCT columns IS true, BinarySortableSerDe for keys IS true, LazyBinarySerDe for values IS true
                  Statistics: Num rows: 1 Data size: 12 Basic stats: COMPLETE Column stats: NONE
                  value expressions: _col0 (type: int), _col1 (type: int), _col2 (type: binary)
        Reducer 2 
            Reduce Operator Tree:
              Merge Join Operator
                condition map:
                     Inner Join 0 to 1
                keys:
                  0 _col0 (type: int)
                  1 _col0 (type: int)
                outputColumnNames: _col1, _col2, _col4, _col5
                Statistics: Num rows: 633595212 Data size: 55895953508 Basic stats: COMPLETE Column stats: NONE
                Select Operator
                  expressions: _col4 (type: int), _col1 (type: int), CASE WHEN ((_col5 = 'Sunday')) THEN (_col2) ELSE (null) END (type: decimal(7,2)), CASE WHEN ((_col5 = 'Monday')) THEN (_col2) ELSE (null) END (type: decimal(7,2)), CASE WHEN ((_col5 = 'Tuesday')) THEN (_col2) ELSE (null) END (type: decimal(7,2)), CASE WHEN ((_col5 = 'Wednesday')) THEN (_col2) ELSE (null) END (type: decimal(7,2)), CASE WHEN ((_col5 = 'Thursday')) THEN (_col2) ELSE (null) END (type: decimal(7,2)), CASE WHEN ((_col5 = 'Friday')) THEN (_col2) ELSE (null) END (type: decimal(7,2)), CASE WHEN ((_col5 = 'Saturday')) THEN (_col2) ELSE (null) END (type: decimal(7,2))
                  outputColumnNames: _col0, _col1, _col2, _col3, _col4, _col5, _col6, _col7, _col8
                  Statistics: Num rows: 633595212 Data size: 55895953508 Basic stats: COMPLETE Column stats: NONE
                  Group By Operator
                    aggregations: sum(_col2), sum(_col3), sum(_col4), sum(_col5), sum(_col6), sum(_col7), sum(_col8)
                    keys: _col0 (type: int), _col1 (type: int)
                    mode: hash
                    outputColumnNames: _col0, _col1, _col2, _col3, _col4, _col5, _col6, _col7, _col8
                    Statistics: Num rows: 633595212 Data size: 55895953508 Basic stats: COMPLETE Column stats: NONE
                    Reduce Output Operator
                      key expressions: _col0 (type: int), _col1 (type: int)
                      sort order: ++
                      Map-reduce partition columns: _col0 (type: int), _col1 (type: int)
                      Statistics: Num rows: 633595212 Data size: 55895953508 Basic stats: COMPLETE Column stats: NONE
                      value expressions: _col2 (type: decimal(17,2)), _col3 (type: decimal(17,2)), _col4 (type: decimal(17,2)), _col5 (type: decimal(17,2)), _col6 (type: decimal(17,2)), _col7 (type: decimal(17,2)), _col8 (type: decimal(17,2))
        Reducer 3 
            Execution mode: vectorized
            Reduce Vectorization:
                enabled: true
                enableConditionsMet: hive.vectorized.execution.reduce.enabled IS true, hive.execution.engine tez IN [tez, spark] IS true
                allNative: false
                usesVectorUDFAdaptor: false
                vectorized: true
            Reduce Operator Tree:
              Group By Operator
                aggregations: sum(VALUE._col0), sum(VALUE._col1), sum(VALUE._col2), sum(VALUE._col3), sum(VALUE._col4), sum(VALUE._col5), sum(VALUE._col6)
                Group By Vectorization:
                    aggregators: VectorUDAFSumDecimal(col 2:decimal(17,2)) -> decimal(17,2), VectorUDAFSumDecimal(col 3:decimal(17,2)) -> decimal(17,2), VectorUDAFSumDecimal(col 4:decimal(17,2)) -> decimal(17,2), VectorUDAFSumDecimal(col 5:decimal(17,2)) -> decimal(17,2), VectorUDAFSumDecimal(col 6:decimal(17,2)) -> decimal(17,2), VectorUDAFSumDecimal(col 7:decimal(17,2)) -> decimal(17,2), VectorUDAFSumDecimal(col 8:decimal(17,2)) -> decimal(17,2)
                    className: VectorGroupByOperator
                    groupByMode: MERGEPARTIAL
                    keyExpressions: col 0:int, col 1:int
                    native: false
                    vectorProcessingMode: MERGE_PARTIAL
                    projectedOutputColumnNums: [0, 1, 2, 3, 4, 5, 6]
                keys: KEY._col0 (type: int), KEY._col1 (type: int)
                mode: mergepartial
                outputColumnNames: _col0, _col1, _col2, _col3, _col4, _col5, _col6, _col7, _col8
                Statistics: Num rows: 316797606 Data size: 27947976754 Basic stats: COMPLETE Column stats: NONE
                Map Join Operator
                  condition map:
                       Inner Join 0 to 1
                  keys:
                    0 _col0 (type: int)
                    1 _col1 (type: int)
                  Map Join Vectorization:
                      className: VectorMapJoinInnerBigOnlyLongOperator
                      native: true
                      nativeConditionsMet: hive.mapjoin.optimized.hashtable IS true, hive.vectorized.execution.mapjoin.native.enabled IS true, hive.execution.engine tez IN [tez, spark] IS true, One MapJoin Condition IS true, No nullsafe IS true, Small table vectorizes IS true, Optimized Table and Supports Key Types IS true
                  outputColumnNames: _col0, _col1, _col2, _col3, _col4, _col5, _col6, _col7, _col8
                  input vertices:
                    1 Map 11
                  Statistics: Num rows: 348477374 Data size: 30742775095 Basic stats: COMPLETE Column stats: NONE
                  HybridGraceHashJoin: true
                  Map Join Operator
                    condition map:
                         Inner Join 0 to 1
                    keys:
                      0 _col1 (type: int)
                      1 _col0 (type: int)
                    Map Join Vectorization:
                        className: VectorMapJoinInnerLongOperator
                        native: true
                        nativeConditionsMet: hive.mapjoin.optimized.hashtable IS true, hive.vectorized.execution.mapjoin.native.enabled IS true, hive.execution.engine tez IN [tez, spark] IS true, One MapJoin Condition IS true, No nullsafe IS true, Small table vectorizes IS true, Optimized Table and Supports Key Types IS true
                    outputColumnNames: _col0, _col2, _col3, _col4, _col5, _col6, _col7, _col8, _col12, _col13
                    input vertices:
                      1 Map 12
                    Statistics: Num rows: 383325119 Data size: 33817053337 Basic stats: COMPLETE Column stats: NONE
                    HybridGraceHashJoin: true
                    Reduce Output Operator
                      key expressions: _col12 (type: string), _col0 (type: int)
                      sort order: ++
                      Map-reduce partition columns: _col12 (type: string), _col0 (type: int)
                      Reduce Sink Vectorization:
                          className: VectorReduceSinkMultiKeyOperator
                          native: true
                          nativeConditionsMet: hive.vectorized.execution.reducesink.new.enabled IS true, hive.execution.engine tez IN [tez, spark] IS true, No PTF TopN IS true, No DISTINCT columns IS true, BinarySortableSerDe for keys IS true, LazyBinarySerDe for values IS true
                      Statistics: Num rows: 383325119 Data size: 33817053337 Basic stats: COMPLETE Column stats: NONE
                      value expressions: _col2 (type: decimal(17,2)), _col3 (type: decimal(17,2)), _col4 (type: decimal(17,2)), _col5 (type: decimal(17,2)), _col6 (type: decimal(17,2)), _col7 (type: decimal(17,2)), _col8 (type: decimal(17,2)), _col13 (type: string)
        Reducer 4 
            Reduce Operator Tree:
              Merge Join Operator
                condition map:
                     Inner Join 0 to 1
                keys:
                  0 _col12 (type: string), _col0 (type: int)
                  1 _col1 (type: string), (_col0 - 52) (type: int)
                outputColumnNames: _col0, _col2, _col3, _col4, _col5, _col6, _col7, _col8, _col12, _col13, _col16, _col17, _col18, _col19, _col20, _col21
                Statistics: Num rows: 421657640 Data size: 37198759476 Basic stats: COMPLETE Column stats: NONE
                Select Operator
                  expressions: _col13 (type: string), _col12 (type: string), _col0 (type: int), (_col2 / _col16) (type: decimal(37,20)), (_col3 / _col17) (type: decimal(37,20)), (_col4 / _col4) (type: decimal(37,20)), (_col5 / _col18) (type: decimal(37,20)), (_col6 / _col19) (type: decimal(37,20)), (_col7 / _col20) (type: decimal(37,20)), (_col8 / _col21) (type: decimal(37,20))
                  outputColumnNames: _col0, _col1, _col2, _col3, _col4, _col5, _col6, _col7, _col8, _col9
                  Statistics: Num rows: 421657640 Data size: 37198759476 Basic stats: COMPLETE Column stats: NONE
                  Reduce Output Operator
                    key expressions: _col0 (type: string), _col1 (type: string), _col2 (type: int)
                    sort order: +++
                    Statistics: Num rows: 421657640 Data size: 37198759476 Basic stats: COMPLETE Column stats: NONE
                    TopN Hash Memory Usage: 0.1
                    value expressions: _col3 (type: decimal(37,20)), _col4 (type: decimal(37,20)), _col5 (type: decimal(37,20)), _col6 (type: decimal(37,20)), _col7 (type: decimal(37,20)), _col8 (type: decimal(37,20)), _col9 (type: decimal(37,20))
        Reducer 5 
            Execution mode: vectorized
            Reduce Vectorization:
                enabled: true
                enableConditionsMet: hive.vectorized.execution.reduce.enabled IS true, hive.execution.engine tez IN [tez, spark] IS true
                allNative: false
                usesVectorUDFAdaptor: false
                vectorized: true
            Reduce Operator Tree:
              Select Operator
                expressions: KEY.reducesinkkey0 (type: string), KEY.reducesinkkey1 (type: string), KEY.reducesinkkey2 (type: int), VALUE._col0 (type: decimal(37,20)), VALUE._col1 (type: decimal(37,20)), VALUE._col2 (type: decimal(37,20)), VALUE._col3 (type: decimal(37,20)), VALUE._col4 (type: decimal(37,20)), VALUE._col5 (type: decimal(37,20)), VALUE._col6 (type: decimal(37,20))
                outputColumnNames: _col0, _col1, _col2, _col3, _col4, _col5, _col6, _col7, _col8, _col9
                Select Vectorization:
                    className: VectorSelectOperator
                    native: true
                    projectedOutputColumnNums: [0, 1, 2, 3, 4, 5, 6, 7, 8, 9]
                Statistics: Num rows: 421657640 Data size: 37198759476 Basic stats: COMPLETE Column stats: NONE
                Limit
                  Number of rows: 100
                  Limit Vectorization:
                      className: VectorLimitOperator
                      native: true
                  Statistics: Num rows: 100 Data size: 8800 Basic stats: COMPLETE Column stats: NONE
                  File Output Operator
                    compressed: false
                    File Sink Vectorization:
                        className: VectorFileSinkOperator
                        native: false
                    Statistics: Num rows: 100 Data size: 8800 Basic stats: COMPLETE Column stats: NONE
                    table:
                        input format: org.apache.hadoop.mapred.SequenceFileInputFormat
                        output format: org.apache.hadoop.hive.ql.io.HiveSequenceFileOutputFormat
                        serde: org.apache.hadoop.hive.serde2.lazy.LazySimpleSerDe
        Reducer 7 
            Execution mode: vectorized
            Reduce Vectorization:
                enabled: true
                enableConditionsMet: hive.vectorized.execution.reduce.enabled IS true, hive.execution.engine tez IN [tez, spark] IS true
                allNative: false
                usesVectorUDFAdaptor: false
                vectorized: true
            Reduce Operator Tree:
              Group By Operator
                aggregations: min(VALUE._col0), max(VALUE._col1), bloom_filter(VALUE._col2, expectedEntries=1000000)
                Group By Vectorization:
                    aggregators: VectorUDAFMinLong(col 0:int) -> int, VectorUDAFMaxLong(col 1:int) -> int, VectorUDAFBloomFilterMerge(col 2:binary) -> binary
                    className: VectorGroupByOperator
                    groupByMode: FINAL
                    native: false
                    vectorProcessingMode: STREAMING
                    projectedOutputColumnNums: [0, 1, 2]
                mode: final
                outputColumnNames: _col0, _col1, _col2
                Statistics: Num rows: 1 Data size: 12 Basic stats: COMPLETE Column stats: NONE
                Reduce Output Operator
                  sort order: 
                  Reduce Sink Vectorization:
                      className: VectorReduceSinkEmptyKeyOperator
                      native: true
                      nativeConditionsMet: hive.vectorized.execution.reducesink.new.enabled IS true, hive.execution.engine tez IN [tez, spark] IS true, No PTF TopN IS true, No DISTINCT columns IS true, BinarySortableSerDe for keys IS true, LazyBinarySerDe for values IS true
                  Statistics: Num rows: 1 Data size: 12 Basic stats: COMPLETE Column stats: NONE
                  value expressions: _col0 (type: int), _col1 (type: int), _col2 (type: binary)
        Reducer 8 
            Reduce Operator Tree:
              Merge Join Operator
                condition map:
                     Inner Join 0 to 1
                keys:
                  0 _col0 (type: int)
                  1 _col0 (type: int)
                outputColumnNames: _col1, _col2, _col4, _col5
                Statistics: Num rows: 633595212 Data size: 55895953508 Basic stats: COMPLETE Column stats: NONE
                Select Operator
                  expressions: _col4 (type: int), _col1 (type: int), CASE WHEN ((_col5 = 'Sunday')) THEN (_col2) ELSE (null) END (type: decimal(7,2)), CASE WHEN ((_col5 = 'Monday')) THEN (_col2) ELSE (null) END (type: decimal(7,2)), CASE WHEN ((_col5 = 'Wednesday')) THEN (_col2) ELSE (null) END (type: decimal(7,2)), CASE WHEN ((_col5 = 'Thursday')) THEN (_col2) ELSE (null) END (type: decimal(7,2)), CASE WHEN ((_col5 = 'Friday')) THEN (_col2) ELSE (null) END (type: decimal(7,2)), CASE WHEN ((_col5 = 'Saturday')) THEN (_col2) ELSE (null) END (type: decimal(7,2))
                  outputColumnNames: _col0, _col1, _col2, _col3, _col5, _col6, _col7, _col8
                  Statistics: Num rows: 633595212 Data size: 55895953508 Basic stats: COMPLETE Column stats: NONE
                  Group By Operator
                    aggregations: sum(_col2), sum(_col3), sum(_col5), sum(_col6), sum(_col7), sum(_col8)
                    keys: _col0 (type: int), _col1 (type: int)
                    mode: hash
                    outputColumnNames: _col0, _col1, _col2, _col3, _col4, _col5, _col6, _col7
                    Statistics: Num rows: 633595212 Data size: 55895953508 Basic stats: COMPLETE Column stats: NONE
                    Reduce Output Operator
                      key expressions: _col0 (type: int), _col1 (type: int)
                      sort order: ++
                      Map-reduce partition columns: _col0 (type: int), _col1 (type: int)
                      Statistics: Num rows: 633595212 Data size: 55895953508 Basic stats: COMPLETE Column stats: NONE
                      value expressions: _col2 (type: decimal(17,2)), _col3 (type: decimal(17,2)), _col4 (type: decimal(17,2)), _col5 (type: decimal(17,2)), _col6 (type: decimal(17,2)), _col7 (type: decimal(17,2))
        Reducer 9 
            Execution mode: vectorized
            Reduce Vectorization:
                enabled: true
                enableConditionsMet: hive.vectorized.execution.reduce.enabled IS true, hive.execution.engine tez IN [tez, spark] IS true
                allNative: false
                usesVectorUDFAdaptor: false
                vectorized: true
            Reduce Operator Tree:
              Group By Operator
                aggregations: sum(VALUE._col0), sum(VALUE._col1), sum(VALUE._col2), sum(VALUE._col3), sum(VALUE._col4), sum(VALUE._col5)
                Group By Vectorization:
                    aggregators: VectorUDAFSumDecimal(col 2:decimal(17,2)) -> decimal(17,2), VectorUDAFSumDecimal(col 3:decimal(17,2)) -> decimal(17,2), VectorUDAFSumDecimal(col 4:decimal(17,2)) -> decimal(17,2), VectorUDAFSumDecimal(col 5:decimal(17,2)) -> decimal(17,2), VectorUDAFSumDecimal(col 6:decimal(17,2)) -> decimal(17,2), VectorUDAFSumDecimal(col 7:decimal(17,2)) -> decimal(17,2)
                    className: VectorGroupByOperator
                    groupByMode: MERGEPARTIAL
                    keyExpressions: col 0:int, col 1:int
                    native: false
                    vectorProcessingMode: MERGE_PARTIAL
                    projectedOutputColumnNums: [0, 1, 2, 3, 4, 5]
                keys: KEY._col0 (type: int), KEY._col1 (type: int)
                mode: mergepartial
                outputColumnNames: _col0, _col1, _col2, _col3, _col4, _col5, _col6, _col7
                Statistics: Num rows: 316797606 Data size: 27947976754 Basic stats: COMPLETE Column stats: NONE
                Map Join Operator
                  condition map:
                       Inner Join 0 to 1
                  keys:
                    0 _col0 (type: int)
                    1 _col1 (type: int)
                  Map Join Vectorization:
                      className: VectorMapJoinInnerBigOnlyLongOperator
                      native: true
                      nativeConditionsMet: hive.mapjoin.optimized.hashtable IS true, hive.vectorized.execution.mapjoin.native.enabled IS true, hive.execution.engine tez IN [tez, spark] IS true, One MapJoin Condition IS true, No nullsafe IS true, Small table vectorizes IS true, Optimized Table and Supports Key Types IS true
                  outputColumnNames: _col0, _col1, _col2, _col3, _col4, _col5, _col6, _col7
                  input vertices:
                    1 Map 11
                  Statistics: Num rows: 348477374 Data size: 30742775095 Basic stats: COMPLETE Column stats: NONE
                  HybridGraceHashJoin: true
                  Map Join Operator
                    condition map:
                         Inner Join 0 to 1
                    keys:
                      0 _col1 (type: int)
                      1 _col0 (type: int)
                    Map Join Vectorization:
                        className: VectorMapJoinInnerLongOperator
                        native: true
                        nativeConditionsMet: hive.mapjoin.optimized.hashtable IS true, hive.vectorized.execution.mapjoin.native.enabled IS true, hive.execution.engine tez IN [tez, spark] IS true, One MapJoin Condition IS true, No nullsafe IS true, Small table vectorizes IS true, Optimized Table and Supports Key Types IS true
                    outputColumnNames: _col0, _col2, _col3, _col4, _col5, _col6, _col7, _col11
                    input vertices:
                      1 Map 15
                    Statistics: Num rows: 383325119 Data size: 33817053337 Basic stats: COMPLETE Column stats: NONE
                    HybridGraceHashJoin: true
                    Select Operator
                      expressions: _col0 (type: int), _col11 (type: string), _col2 (type: decimal(17,2)), _col3 (type: decimal(17,2)), _col4 (type: decimal(17,2)), _col5 (type: decimal(17,2)), _col6 (type: decimal(17,2)), _col7 (type: decimal(17,2))
                      outputColumnNames: _col0, _col1, _col2, _col3, _col4, _col5, _col6, _col7
                      Select Vectorization:
                          className: VectorSelectOperator
                          native: true
                          projectedOutputColumnNums: [0, 8, 2, 3, 4, 5, 6, 7]
                      Statistics: Num rows: 383325119 Data size: 33817053337 Basic stats: COMPLETE Column stats: NONE
                      Reduce Output Operator
                        key expressions: _col1 (type: string), (_col0 - 52) (type: int)
                        sort order: ++
                        Map-reduce partition columns: _col1 (type: string), (_col0 - 52) (type: int)
                        Reduce Sink Vectorization:
                            className: VectorReduceSinkMultiKeyOperator
                            keyExpressions: LongColSubtractLongScalar(col 0:int, val 52) -> 9:int
                            native: true
                            nativeConditionsMet: hive.vectorized.execution.reducesink.new.enabled IS true, hive.execution.engine tez IN [tez, spark] IS true, No PTF TopN IS true, No DISTINCT columns IS true, BinarySortableSerDe for keys IS true, LazyBinarySerDe for values IS true
                        Statistics: Num rows: 383325119 Data size: 33817053337 Basic stats: COMPLETE Column stats: NONE
                        value expressions: _col2 (type: decimal(17,2)), _col3 (type: decimal(17,2)), _col4 (type: decimal(17,2)), _col5 (type: decimal(17,2)), _col6 (type: decimal(17,2)), _col7 (type: decimal(17,2))

  Stage: Stage-0
    Fetch Operator
      limit: 100
      Processor Tree:
        ListSink

