Warning: Map Join MAPJOIN[330][bigTable=?] in task 'Reducer 12' is a cross product
PREHOOK: query: explain vectorization expression
with ss as
 (select s_store_sk,
         sum(ss_ext_sales_price) as sales,
         sum(ss_net_profit) as profit
 from store_sales,
      date_dim,
      store
 where ss_sold_date_sk = d_date_sk
       and d_date between cast('1998-08-04' as date) 
                  and (cast('1998-08-04' as date) +  30 days) 
       and ss_store_sk = s_store_sk
 group by s_store_sk)
 ,
 sr as
 (select s_store_sk,
         sum(sr_return_amt) as returns,
         sum(sr_net_loss) as profit_loss
 from store_returns,
      date_dim,
      store
 where sr_returned_date_sk = d_date_sk
       and d_date between cast('1998-08-04' as date)
                  and (cast('1998-08-04' as date) +  30 days)
       and sr_store_sk = s_store_sk
 group by s_store_sk), 
 cs as
 (select cs_call_center_sk,
        sum(cs_ext_sales_price) as sales,
        sum(cs_net_profit) as profit
 from catalog_sales,
      date_dim
 where cs_sold_date_sk = d_date_sk
       and d_date between cast('1998-08-04' as date)
                  and (cast('1998-08-04' as date) +  30 days)
 group by cs_call_center_sk 
 ), 
 cr as
 (select
        sum(cr_return_amount) as returns,
        sum(cr_net_loss) as profit_loss
 from catalog_returns,
      date_dim
 where cr_returned_date_sk = d_date_sk
       and d_date between cast('1998-08-04' as date)
                  and (cast('1998-08-04' as date) +  30 days)
 ), 
 ws as
 ( select wp_web_page_sk,
        sum(ws_ext_sales_price) as sales,
        sum(ws_net_profit) as profit
 from web_sales,
      date_dim,
      web_page
 where ws_sold_date_sk = d_date_sk
       and d_date between cast('1998-08-04' as date)
                  and (cast('1998-08-04' as date) +  30 days)
       and ws_web_page_sk = wp_web_page_sk
 group by wp_web_page_sk), 
 wr as
 (select wp_web_page_sk,
        sum(wr_return_amt) as returns,
        sum(wr_net_loss) as profit_loss
 from web_returns,
      date_dim,
      web_page
 where wr_returned_date_sk = d_date_sk
       and d_date between cast('1998-08-04' as date)
                  and (cast('1998-08-04' as date) +  30 days)
       and wr_web_page_sk = wp_web_page_sk
 group by wp_web_page_sk)
  select  channel
        , id
        , sum(sales) as sales
        , sum(returns) as returns
        , sum(profit) as profit
 from 
 (select 'store channel' as channel
        , ss.s_store_sk as id
        , sales
        , coalesce(returns, 0) as returns
        , (profit - coalesce(profit_loss,0)) as profit
 from   ss left join sr
        on  ss.s_store_sk = sr.s_store_sk
 union all
 select 'catalog channel' as channel
        , cs_call_center_sk as id
        , sales
        , returns
        , (profit - profit_loss) as profit
 from  cs
       , cr
 union all
 select 'web channel' as channel
        , ws.wp_web_page_sk as id
        , sales
        , coalesce(returns, 0) returns
        , (profit - coalesce(profit_loss,0)) as profit
 from   ws left join wr
        on  ws.wp_web_page_sk = wr.wp_web_page_sk
 ) x
 group by rollup (channel, id)
 order by channel
         ,id
 limit 100
PREHOOK: type: QUERY
POSTHOOK: query: explain vectorization expression
with ss as
 (select s_store_sk,
         sum(ss_ext_sales_price) as sales,
         sum(ss_net_profit) as profit
 from store_sales,
      date_dim,
      store
 where ss_sold_date_sk = d_date_sk
       and d_date between cast('1998-08-04' as date) 
                  and (cast('1998-08-04' as date) +  30 days) 
       and ss_store_sk = s_store_sk
 group by s_store_sk)
 ,
 sr as
 (select s_store_sk,
         sum(sr_return_amt) as returns,
         sum(sr_net_loss) as profit_loss
 from store_returns,
      date_dim,
      store
 where sr_returned_date_sk = d_date_sk
       and d_date between cast('1998-08-04' as date)
                  and (cast('1998-08-04' as date) +  30 days)
       and sr_store_sk = s_store_sk
 group by s_store_sk), 
 cs as
 (select cs_call_center_sk,
        sum(cs_ext_sales_price) as sales,
        sum(cs_net_profit) as profit
 from catalog_sales,
      date_dim
 where cs_sold_date_sk = d_date_sk
       and d_date between cast('1998-08-04' as date)
                  and (cast('1998-08-04' as date) +  30 days)
 group by cs_call_center_sk 
 ), 
 cr as
 (select
        sum(cr_return_amount) as returns,
        sum(cr_net_loss) as profit_loss
 from catalog_returns,
      date_dim
 where cr_returned_date_sk = d_date_sk
       and d_date between cast('1998-08-04' as date)
                  and (cast('1998-08-04' as date) +  30 days)
 ), 
 ws as
 ( select wp_web_page_sk,
        sum(ws_ext_sales_price) as sales,
        sum(ws_net_profit) as profit
 from web_sales,
      date_dim,
      web_page
 where ws_sold_date_sk = d_date_sk
       and d_date between cast('1998-08-04' as date)
                  and (cast('1998-08-04' as date) +  30 days)
       and ws_web_page_sk = wp_web_page_sk
 group by wp_web_page_sk), 
 wr as
 (select wp_web_page_sk,
        sum(wr_return_amt) as returns,
        sum(wr_net_loss) as profit_loss
 from web_returns,
      date_dim,
      web_page
 where wr_returned_date_sk = d_date_sk
       and d_date between cast('1998-08-04' as date)
                  and (cast('1998-08-04' as date) +  30 days)
       and wr_web_page_sk = wp_web_page_sk
 group by wp_web_page_sk)
  select  channel
        , id
        , sum(sales) as sales
        , sum(returns) as returns
        , sum(profit) as profit
 from 
 (select 'store channel' as channel
        , ss.s_store_sk as id
        , sales
        , coalesce(returns, 0) as returns
        , (profit - coalesce(profit_loss,0)) as profit
 from   ss left join sr
        on  ss.s_store_sk = sr.s_store_sk
 union all
 select 'catalog channel' as channel
        , cs_call_center_sk as id
        , sales
        , returns
        , (profit - profit_loss) as profit
 from  cs
       , cr
 union all
 select 'web channel' as channel
        , ws.wp_web_page_sk as id
        , sales
        , coalesce(returns, 0) returns
        , (profit - coalesce(profit_loss,0)) as profit
 from   ws left join wr
        on  ws.wp_web_page_sk = wr.wp_web_page_sk
 ) x
 group by rollup (channel, id)
 order by channel
         ,id
 limit 100
POSTHOOK: type: QUERY
PLAN VECTORIZATION:
  enabled: true
  enabledConditionsMet: [hive.vectorized.execution.enabled IS true]

STAGE DEPENDENCIES:
  Stage-1 is a root stage
  Stage-0 depends on stages: Stage-1

STAGE PLANS:
  Stage: Stage-1
    Tez
#### A masked pattern was here ####
      Edges:
        Map 1 <- Map 7 (BROADCAST_EDGE), Map 8 (BROADCAST_EDGE)
        Map 11 <- Map 7 (BROADCAST_EDGE)
        Map 13 <- Map 7 (BROADCAST_EDGE)
        Map 15 <- Map 18 (BROADCAST_EDGE), Map 7 (BROADCAST_EDGE)
        Map 19 <- Map 18 (BROADCAST_EDGE), Map 7 (BROADCAST_EDGE)
        Map 9 <- Map 7 (BROADCAST_EDGE), Map 8 (BROADCAST_EDGE)
        Reducer 10 <- Map 9 (SIMPLE_EDGE)
        Reducer 12 <- Map 11 (SIMPLE_EDGE), Reducer 14 (BROADCAST_EDGE), Union 4 (CONTAINS)
        Reducer 14 <- Map 13 (CUSTOM_SIMPLE_EDGE)
        Reducer 16 <- Map 15 (SIMPLE_EDGE)
        Reducer 17 <- Reducer 16 (ONE_TO_ONE_EDGE), Reducer 20 (ONE_TO_ONE_EDGE), Union 4 (CONTAINS)
        Reducer 2 <- Map 1 (SIMPLE_EDGE)
        Reducer 20 <- Map 19 (SIMPLE_EDGE)
        Reducer 3 <- Reducer 10 (ONE_TO_ONE_EDGE), Reducer 2 (ONE_TO_ONE_EDGE), Union 4 (CONTAINS)
        Reducer 5 <- Union 4 (SIMPLE_EDGE)
        Reducer 6 <- Reducer 5 (SIMPLE_EDGE)
#### A masked pattern was here ####
      Vertices:
        Map 1 
            Map Operator Tree:
                TableScan
                  alias: store_sales
                  filterExpr: (ss_sold_date_sk is not null and ss_store_sk is not null) (type: boolean)
                  Statistics: Num rows: 575995635 Data size: 50814502088 Basic stats: COMPLETE Column stats: NONE
                  TableScan Vectorization:
                      native: true
                  Filter Operator
                    Filter Vectorization:
                        className: VectorFilterOperator
                        native: true
                        predicateExpression: FilterExprAndExpr(children: SelectColumnIsNotNull(col 0:int), SelectColumnIsNotNull(col 7:int))
                    predicate: (ss_sold_date_sk is not null and ss_store_sk is not null) (type: boolean)
                    Statistics: Num rows: 575995635 Data size: 50814502088 Basic stats: COMPLETE Column stats: NONE
                    Select Operator
                      expressions: ss_sold_date_sk (type: int), ss_store_sk (type: int), ss_ext_sales_price (type: decimal(7,2)), ss_net_profit (type: decimal(7,2))
                      outputColumnNames: _col0, _col1, _col2, _col3
                      Select Vectorization:
                          className: VectorSelectOperator
                          native: true
                          projectedOutputColumnNums: [0, 7, 15, 22]
                      Statistics: Num rows: 575995635 Data size: 50814502088 Basic stats: COMPLETE Column stats: NONE
                      Map Join Operator
                        condition map:
                             Inner Join 0 to 1
                        keys:
                          0 _col0 (type: int)
                          1 _col0 (type: int)
                        Map Join Vectorization:
                            className: VectorMapJoinInnerBigOnlyLongOperator
                            native: true
                            nativeConditionsMet: hive.mapjoin.optimized.hashtable IS true, hive.vectorized.execution.mapjoin.native.enabled IS true, hive.execution.engine tez IN [tez, spark] IS true, One MapJoin Condition IS true, No nullsafe IS true, Small table vectorizes IS true, Optimized Table and Supports Key Types IS true
                        outputColumnNames: _col1, _col2, _col3
                        input vertices:
                          1 Map 7
                        Statistics: Num rows: 633595212 Data size: 55895953508 Basic stats: COMPLETE Column stats: NONE
                        HybridGraceHashJoin: true
                        Map Join Operator
                          condition map:
                               Inner Join 0 to 1
                          keys:
                            0 _col1 (type: int)
                            1 _col0 (type: int)
                          Map Join Vectorization:
                              className: VectorMapJoinInnerBigOnlyLongOperator
                              native: true
                              nativeConditionsMet: hive.mapjoin.optimized.hashtable IS true, hive.vectorized.execution.mapjoin.native.enabled IS true, hive.execution.engine tez IN [tez, spark] IS true, One MapJoin Condition IS true, No nullsafe IS true, Small table vectorizes IS true, Optimized Table and Supports Key Types IS true
                          outputColumnNames: _col2, _col3, _col6
                          input vertices:
                            1 Map 8
                          Statistics: Num rows: 696954748 Data size: 61485550191 Basic stats: COMPLETE Column stats: NONE
                          HybridGraceHashJoin: true
                          Group By Operator
                            aggregations: sum(_col2), sum(_col3)
                            Group By Vectorization:
                                aggregators: VectorUDAFSumDecimal64(col 15:decimal(7,2)/DECIMAL_64) -> decimal(17,2)/DECIMAL_64, VectorUDAFSumDecimal64(col 22:decimal(7,2)/DECIMAL_64) -> decimal(17,2)/DECIMAL_64
                                className: VectorGroupByOperator
                                groupByMode: HASH
                                keyExpressions: col 7:int
                                native: false
                                vectorProcessingMode: HASH
                                projectedOutputColumnNums: [0, 1]
                            keys: _col6 (type: int)
                            mode: hash
                            outputColumnNames: _col0, _col1, _col2
                            Statistics: Num rows: 696954748 Data size: 61485550191 Basic stats: COMPLETE Column stats: NONE
                            Reduce Output Operator
                              key expressions: _col0 (type: int)
                              sort order: +
                              Map-reduce partition columns: _col0 (type: int)
                              Reduce Sink Vectorization:
                                  className: VectorReduceSinkObjectHashOperator
                                  native: true
                                  nativeConditionsMet: hive.vectorized.execution.reducesink.new.enabled IS true, hive.execution.engine tez IN [tez, spark] IS true, No PTF TopN IS true, No DISTINCT columns IS true, BinarySortableSerDe for keys IS true, LazyBinarySerDe for values IS true
                              Statistics: Num rows: 696954748 Data size: 61485550191 Basic stats: COMPLETE Column stats: NONE
                              value expressions: _col1 (type: decimal(17,2)), _col2 (type: decimal(17,2))
            Execution mode: vectorized
            Map Vectorization:
                enabled: true
                enabledConditionsMet: hive.vectorized.use.vectorized.input.format IS true
                inputFormatFeatureSupport: [DECIMAL_64]
                featureSupportInUse: [DECIMAL_64]
                inputFileFormats: org.apache.hadoop.hive.ql.io.orc.OrcInputFormat
                allNative: false
                usesVectorUDFAdaptor: false
                vectorized: true
        Map 11 
            Map Operator Tree:
                TableScan
                  alias: catalog_sales
                  filterExpr: cs_sold_date_sk is not null (type: boolean)
                  Statistics: Num rows: 287989836 Data size: 38999608952 Basic stats: COMPLETE Column stats: NONE
                  TableScan Vectorization:
                      native: true
                  Filter Operator
                    Filter Vectorization:
                        className: VectorFilterOperator
                        native: true
                        predicateExpression: SelectColumnIsNotNull(col 0:int)
                    predicate: cs_sold_date_sk is not null (type: boolean)
                    Statistics: Num rows: 287989836 Data size: 38999608952 Basic stats: COMPLETE Column stats: NONE
                    Select Operator
                      expressions: cs_sold_date_sk (type: int), cs_call_center_sk (type: int), cs_ext_sales_price (type: decimal(7,2)), cs_net_profit (type: decimal(7,2))
                      outputColumnNames: _col0, _col1, _col2, _col3
                      Select Vectorization:
                          className: VectorSelectOperator
                          native: true
                          projectedOutputColumnNums: [0, 11, 23, 33]
                      Statistics: Num rows: 287989836 Data size: 38999608952 Basic stats: COMPLETE Column stats: NONE
                      Map Join Operator
                        condition map:
                             Inner Join 0 to 1
                        keys:
                          0 _col0 (type: int)
                          1 _col0 (type: int)
                        Map Join Vectorization:
                            className: VectorMapJoinInnerBigOnlyLongOperator
                            native: true
                            nativeConditionsMet: hive.mapjoin.optimized.hashtable IS true, hive.vectorized.execution.mapjoin.native.enabled IS true, hive.execution.engine tez IN [tez, spark] IS true, One MapJoin Condition IS true, No nullsafe IS true, Small table vectorizes IS true, Optimized Table and Supports Key Types IS true
                        outputColumnNames: _col1, _col2, _col3
                        input vertices:
                          1 Map 7
                        Statistics: Num rows: 316788826 Data size: 42899570777 Basic stats: COMPLETE Column stats: NONE
                        HybridGraceHashJoin: true
                        Group By Operator
                          aggregations: sum(_col2), sum(_col3)
                          Group By Vectorization:
                              aggregators: VectorUDAFSumDecimal64(col 23:decimal(7,2)/DECIMAL_64) -> decimal(17,2)/DECIMAL_64, VectorUDAFSumDecimal64(col 33:decimal(7,2)/DECIMAL_64) -> decimal(17,2)/DECIMAL_64
                              className: VectorGroupByOperator
                              groupByMode: HASH
                              keyExpressions: col 11:int
                              native: false
                              vectorProcessingMode: HASH
                              projectedOutputColumnNums: [0, 1]
                          keys: _col1 (type: int)
                          mode: hash
                          outputColumnNames: _col0, _col1, _col2
                          Statistics: Num rows: 316788826 Data size: 42899570777 Basic stats: COMPLETE Column stats: NONE
                          Reduce Output Operator
                            key expressions: _col0 (type: int)
                            sort order: +
                            Map-reduce partition columns: _col0 (type: int)
                            Reduce Sink Vectorization:
                                className: VectorReduceSinkLongOperator
                                native: true
                                nativeConditionsMet: hive.vectorized.execution.reducesink.new.enabled IS true, hive.execution.engine tez IN [tez, spark] IS true, No PTF TopN IS true, No DISTINCT columns IS true, BinarySortableSerDe for keys IS true, LazyBinarySerDe for values IS true
                            Statistics: Num rows: 316788826 Data size: 42899570777 Basic stats: COMPLETE Column stats: NONE
                            value expressions: _col1 (type: decimal(17,2)), _col2 (type: decimal(17,2))
            Execution mode: vectorized
            Map Vectorization:
                enabled: true
                enabledConditionsMet: hive.vectorized.use.vectorized.input.format IS true
                inputFormatFeatureSupport: [DECIMAL_64]
                featureSupportInUse: [DECIMAL_64]
                inputFileFormats: org.apache.hadoop.hive.ql.io.orc.OrcInputFormat
                allNative: false
                usesVectorUDFAdaptor: false
                vectorized: true
        Map 13 
            Map Operator Tree:
                TableScan
                  alias: catalog_returns
                  filterExpr: cr_returned_date_sk is not null (type: boolean)
                  Statistics: Num rows: 28798881 Data size: 3057234680 Basic stats: COMPLETE Column stats: NONE
                  TableScan Vectorization:
                      native: true
                  Filter Operator
                    Filter Vectorization:
                        className: VectorFilterOperator
                        native: true
                        predicateExpression: SelectColumnIsNotNull(col 0:int)
                    predicate: cr_returned_date_sk is not null (type: boolean)
                    Statistics: Num rows: 28798881 Data size: 3057234680 Basic stats: COMPLETE Column stats: NONE
                    Select Operator
                      expressions: cr_returned_date_sk (type: int), cr_return_amount (type: decimal(7,2)), cr_net_loss (type: decimal(7,2))
                      outputColumnNames: _col0, _col1, _col2
                      Select Vectorization:
                          className: VectorSelectOperator
                          native: true
                          projectedOutputColumnNums: [0, 18, 26]
                      Statistics: Num rows: 28798881 Data size: 3057234680 Basic stats: COMPLETE Column stats: NONE
                      Map Join Operator
                        condition map:
                             Inner Join 0 to 1
                        keys:
                          0 _col0 (type: int)
                          1 _col0 (type: int)
                        Map Join Vectorization:
                            className: VectorMapJoinInnerBigOnlyLongOperator
                            native: true
                            nativeConditionsMet: hive.mapjoin.optimized.hashtable IS true, hive.vectorized.execution.mapjoin.native.enabled IS true, hive.execution.engine tez IN [tez, spark] IS true, One MapJoin Condition IS true, No nullsafe IS true, Small table vectorizes IS true, Optimized Table and Supports Key Types IS true
                        outputColumnNames: _col1, _col2
                        input vertices:
                          1 Map 7
                        Statistics: Num rows: 31678769 Data size: 3362958220 Basic stats: COMPLETE Column stats: NONE
                        HybridGraceHashJoin: true
                        Group By Operator
                          aggregations: sum(_col1), sum(_col2)
                          Group By Vectorization:
                              aggregators: VectorUDAFSumDecimal64(col 18:decimal(7,2)/DECIMAL_64) -> decimal(17,2)/DECIMAL_64, VectorUDAFSumDecimal64(col 26:decimal(7,2)/DECIMAL_64) -> decimal(17,2)/DECIMAL_64
                              className: VectorGroupByOperator
                              groupByMode: HASH
                              native: false
                              vectorProcessingMode: HASH
                              projectedOutputColumnNums: [0, 1]
                          mode: hash
                          outputColumnNames: _col0, _col1
                          Statistics: Num rows: 1 Data size: 224 Basic stats: COMPLETE Column stats: NONE
                          Reduce Output Operator
                            sort order: 
                            Reduce Sink Vectorization:
                                className: VectorReduceSinkEmptyKeyOperator
                                native: true
                                nativeConditionsMet: hive.vectorized.execution.reducesink.new.enabled IS true, hive.execution.engine tez IN [tez, spark] IS true, No PTF TopN IS true, No DISTINCT columns IS true, BinarySortableSerDe for keys IS true, LazyBinarySerDe for values IS true
                            Statistics: Num rows: 1 Data size: 224 Basic stats: COMPLETE Column stats: NONE
                            value expressions: _col0 (type: decimal(17,2)), _col1 (type: decimal(17,2))
            Execution mode: vectorized
            Map Vectorization:
                enabled: true
                enabledConditionsMet: hive.vectorized.use.vectorized.input.format IS true
                inputFormatFeatureSupport: [DECIMAL_64]
                featureSupportInUse: [DECIMAL_64]
                inputFileFormats: org.apache.hadoop.hive.ql.io.orc.OrcInputFormat
                allNative: false
                usesVectorUDFAdaptor: false
                vectorized: true
        Map 15 
            Map Operator Tree:
                TableScan
                  alias: web_sales
                  filterExpr: (ws_sold_date_sk is not null and ws_web_page_sk is not null) (type: boolean)
                  Statistics: Num rows: 144002668 Data size: 19580198212 Basic stats: COMPLETE Column stats: NONE
                  TableScan Vectorization:
                      native: true
                  Filter Operator
                    Filter Vectorization:
                        className: VectorFilterOperator
                        native: true
                        predicateExpression: FilterExprAndExpr(children: SelectColumnIsNotNull(col 0:int), SelectColumnIsNotNull(col 12:int))
                    predicate: (ws_sold_date_sk is not null and ws_web_page_sk is not null) (type: boolean)
                    Statistics: Num rows: 144002668 Data size: 19580198212 Basic stats: COMPLETE Column stats: NONE
                    Select Operator
                      expressions: ws_sold_date_sk (type: int), ws_web_page_sk (type: int), ws_ext_sales_price (type: decimal(7,2)), ws_net_profit (type: decimal(7,2))
                      outputColumnNames: _col0, _col1, _col2, _col3
                      Select Vectorization:
                          className: VectorSelectOperator
                          native: true
                          projectedOutputColumnNums: [0, 12, 23, 33]
                      Statistics: Num rows: 144002668 Data size: 19580198212 Basic stats: COMPLETE Column stats: NONE
                      Map Join Operator
                        condition map:
                             Inner Join 0 to 1
                        keys:
                          0 _col0 (type: int)
                          1 _col0 (type: int)
                        Map Join Vectorization:
                            className: VectorMapJoinInnerBigOnlyLongOperator
                            native: true
                            nativeConditionsMet: hive.mapjoin.optimized.hashtable IS true, hive.vectorized.execution.mapjoin.native.enabled IS true, hive.execution.engine tez IN [tez, spark] IS true, One MapJoin Condition IS true, No nullsafe IS true, Small table vectorizes IS true, Optimized Table and Supports Key Types IS true
                        outputColumnNames: _col1, _col2, _col3
                        input vertices:
                          1 Map 7
                        Statistics: Num rows: 158402938 Data size: 21538218500 Basic stats: COMPLETE Column stats: NONE
                        HybridGraceHashJoin: true
                        Map Join Operator
                          condition map:
                               Inner Join 0 to 1
                          keys:
                            0 _col1 (type: int)
                            1 _col0 (type: int)
                          Map Join Vectorization:
                              className: VectorMapJoinInnerBigOnlyLongOperator
                              native: true
                              nativeConditionsMet: hive.mapjoin.optimized.hashtable IS true, hive.vectorized.execution.mapjoin.native.enabled IS true, hive.execution.engine tez IN [tez, spark] IS true, One MapJoin Condition IS true, No nullsafe IS true, Small table vectorizes IS true, Optimized Table and Supports Key Types IS true
                          outputColumnNames: _col2, _col3, _col6
                          input vertices:
                            1 Map 18
                          Statistics: Num rows: 174243235 Data size: 23692040863 Basic stats: COMPLETE Column stats: NONE
                          HybridGraceHashJoin: true
                          Group By Operator
                            aggregations: sum(_col2), sum(_col3)
                            Group By Vectorization:
                                aggregators: VectorUDAFSumDecimal64(col 23:decimal(7,2)/DECIMAL_64) -> decimal(17,2)/DECIMAL_64, VectorUDAFSumDecimal64(col 33:decimal(7,2)/DECIMAL_64) -> decimal(17,2)/DECIMAL_64
                                className: VectorGroupByOperator
                                groupByMode: HASH
                                keyExpressions: col 12:int
                                native: false
                                vectorProcessingMode: HASH
                                projectedOutputColumnNums: [0, 1]
                            keys: _col6 (type: int)
                            mode: hash
                            outputColumnNames: _col0, _col1, _col2
                            Statistics: Num rows: 174243235 Data size: 23692040863 Basic stats: COMPLETE Column stats: NONE
                            Reduce Output Operator
                              key expressions: _col0 (type: int)
                              sort order: +
                              Map-reduce partition columns: _col0 (type: int)
                              Reduce Sink Vectorization:
                                  className: VectorReduceSinkObjectHashOperator
                                  native: true
                                  nativeConditionsMet: hive.vectorized.execution.reducesink.new.enabled IS true, hive.execution.engine tez IN [tez, spark] IS true, No PTF TopN IS true, No DISTINCT columns IS true, BinarySortableSerDe for keys IS true, LazyBinarySerDe for values IS true
                              Statistics: Num rows: 174243235 Data size: 23692040863 Basic stats: COMPLETE Column stats: NONE
                              value expressions: _col1 (type: decimal(17,2)), _col2 (type: decimal(17,2))
            Execution mode: vectorized
            Map Vectorization:
                enabled: true
                enabledConditionsMet: hive.vectorized.use.vectorized.input.format IS true
                inputFormatFeatureSupport: [DECIMAL_64]
                featureSupportInUse: [DECIMAL_64]
                inputFileFormats: org.apache.hadoop.hive.ql.io.orc.OrcInputFormat
                allNative: false
                usesVectorUDFAdaptor: false
                vectorized: true
        Map 18 
            Map Operator Tree:
                TableScan
                  alias: web_page
                  filterExpr: wp_web_page_sk is not null (type: boolean)
                  Statistics: Num rows: 4602 Data size: 2696178 Basic stats: COMPLETE Column stats: NONE
                  TableScan Vectorization:
                      native: true
                  Filter Operator
                    Filter Vectorization:
                        className: VectorFilterOperator
                        native: true
                        predicateExpression: SelectColumnIsNotNull(col 0:int)
                    predicate: wp_web_page_sk is not null (type: boolean)
                    Statistics: Num rows: 4602 Data size: 2696178 Basic stats: COMPLETE Column stats: NONE
                    Select Operator
                      expressions: wp_web_page_sk (type: int)
                      outputColumnNames: _col0
                      Select Vectorization:
                          className: VectorSelectOperator
                          native: true
                          projectedOutputColumnNums: [0]
                      Statistics: Num rows: 4602 Data size: 2696178 Basic stats: COMPLETE Column stats: NONE
                      Reduce Output Operator
                        key expressions: _col0 (type: int)
                        sort order: +
                        Map-reduce partition columns: _col0 (type: int)
                        Reduce Sink Vectorization:
                            className: VectorReduceSinkLongOperator
                            native: true
                            nativeConditionsMet: hive.vectorized.execution.reducesink.new.enabled IS true, hive.execution.engine tez IN [tez, spark] IS true, No PTF TopN IS true, No DISTINCT columns IS true, BinarySortableSerDe for keys IS true, LazyBinarySerDe for values IS true
                        Statistics: Num rows: 4602 Data size: 2696178 Basic stats: COMPLETE Column stats: NONE
                      Reduce Output Operator
                        key expressions: _col0 (type: int)
                        sort order: +
                        Map-reduce partition columns: _col0 (type: int)
                        Reduce Sink Vectorization:
                            className: VectorReduceSinkLongOperator
                            native: true
                            nativeConditionsMet: hive.vectorized.execution.reducesink.new.enabled IS true, hive.execution.engine tez IN [tez, spark] IS true, No PTF TopN IS true, No DISTINCT columns IS true, BinarySortableSerDe for keys IS true, LazyBinarySerDe for values IS true
                        Statistics: Num rows: 4602 Data size: 2696178 Basic stats: COMPLETE Column stats: NONE
            Execution mode: vectorized
            Map Vectorization:
                enabled: true
                enabledConditionsMet: hive.vectorized.use.vectorized.input.format IS true
                inputFormatFeatureSupport: [DECIMAL_64]
                featureSupportInUse: [DECIMAL_64]
                inputFileFormats: org.apache.hadoop.hive.ql.io.orc.OrcInputFormat
                allNative: true
                usesVectorUDFAdaptor: false
                vectorized: true
        Map 19 
            Map Operator Tree:
                TableScan
                  alias: web_returns
                  filterExpr: (wr_returned_date_sk is not null and wr_web_page_sk is not null) (type: boolean)
                  Statistics: Num rows: 14398467 Data size: 1325194184 Basic stats: COMPLETE Column stats: NONE
                  TableScan Vectorization:
                      native: true
                  Filter Operator
                    Filter Vectorization:
                        className: VectorFilterOperator
                        native: true
                        predicateExpression: FilterExprAndExpr(children: SelectColumnIsNotNull(col 0:int), SelectColumnIsNotNull(col 11:int))
                    predicate: (wr_returned_date_sk is not null and wr_web_page_sk is not null) (type: boolean)
                    Statistics: Num rows: 14398467 Data size: 1325194184 Basic stats: COMPLETE Column stats: NONE
                    Select Operator
                      expressions: wr_returned_date_sk (type: int), wr_web_page_sk (type: int), wr_return_amt (type: decimal(7,2)), wr_net_loss (type: decimal(7,2))
                      outputColumnNames: _col0, _col1, _col2, _col3
                      Select Vectorization:
                          className: VectorSelectOperator
                          native: true
                          projectedOutputColumnNums: [0, 11, 15, 23]
                      Statistics: Num rows: 14398467 Data size: 1325194184 Basic stats: COMPLETE Column stats: NONE
                      Map Join Operator
                        condition map:
                             Inner Join 0 to 1
                        keys:
                          0 _col0 (type: int)
                          1 _col0 (type: int)
                        Map Join Vectorization:
                            className: VectorMapJoinInnerBigOnlyLongOperator
                            native: true
                            nativeConditionsMet: hive.mapjoin.optimized.hashtable IS true, hive.vectorized.execution.mapjoin.native.enabled IS true, hive.execution.engine tez IN [tez, spark] IS true, One MapJoin Condition IS true, No nullsafe IS true, Small table vectorizes IS true, Optimized Table and Supports Key Types IS true
                        outputColumnNames: _col1, _col2, _col3
                        input vertices:
                          1 Map 7
                        Statistics: Num rows: 15838314 Data size: 1457713633 Basic stats: COMPLETE Column stats: NONE
                        HybridGraceHashJoin: true
                        Map Join Operator
                          condition map:
                               Inner Join 0 to 1
                          keys:
                            0 _col1 (type: int)
                            1 _col0 (type: int)
                          Map Join Vectorization:
                              className: VectorMapJoinInnerBigOnlyLongOperator
                              native: true
                              nativeConditionsMet: hive.mapjoin.optimized.hashtable IS true, hive.vectorized.execution.mapjoin.native.enabled IS true, hive.execution.engine tez IN [tez, spark] IS true, One MapJoin Condition IS true, No nullsafe IS true, Small table vectorizes IS true, Optimized Table and Supports Key Types IS true
                          outputColumnNames: _col2, _col3, _col6
                          input vertices:
                            1 Map 18
                          Statistics: Num rows: 17422145 Data size: 1603485031 Basic stats: COMPLETE Column stats: NONE
                          HybridGraceHashJoin: true
                          Group By Operator
                            aggregations: sum(_col2), sum(_col3)
                            Group By Vectorization:
                                aggregators: VectorUDAFSumDecimal64(col 15:decimal(7,2)/DECIMAL_64) -> decimal(17,2)/DECIMAL_64, VectorUDAFSumDecimal64(col 23:decimal(7,2)/DECIMAL_64) -> decimal(17,2)/DECIMAL_64
                                className: VectorGroupByOperator
                                groupByMode: HASH
                                keyExpressions: col 11:int
                                native: false
                                vectorProcessingMode: HASH
                                projectedOutputColumnNums: [0, 1]
                            keys: _col6 (type: int)
                            mode: hash
                            outputColumnNames: _col0, _col1, _col2
                            Statistics: Num rows: 17422145 Data size: 1603485031 Basic stats: COMPLETE Column stats: NONE
                            Reduce Output Operator
                              key expressions: _col0 (type: int)
                              sort order: +
                              Map-reduce partition columns: _col0 (type: int)
                              Reduce Sink Vectorization:
                                  className: VectorReduceSinkObjectHashOperator
                                  native: true
                                  nativeConditionsMet: hive.vectorized.execution.reducesink.new.enabled IS true, hive.execution.engine tez IN [tez, spark] IS true, No PTF TopN IS true, No DISTINCT columns IS true, BinarySortableSerDe for keys IS true, LazyBinarySerDe for values IS true
                              Statistics: Num rows: 17422145 Data size: 1603485031 Basic stats: COMPLETE Column stats: NONE
                              value expressions: _col1 (type: decimal(17,2)), _col2 (type: decimal(17,2))
            Execution mode: vectorized
            Map Vectorization:
                enabled: true
                enabledConditionsMet: hive.vectorized.use.vectorized.input.format IS true
                inputFormatFeatureSupport: [DECIMAL_64]
                featureSupportInUse: [DECIMAL_64]
                inputFileFormats: org.apache.hadoop.hive.ql.io.orc.OrcInputFormat
                allNative: false
                usesVectorUDFAdaptor: false
                vectorized: true
        Map 7 
            Map Operator Tree:
                TableScan
                  alias: date_dim
                  filterExpr: (CAST( d_date AS TIMESTAMP) BETWEEN TIMESTAMP'1998-08-04 00:00:00' AND TIMESTAMP'1998-09-03 00:00:00' and d_date_sk is not null) (type: boolean)
                  Statistics: Num rows: 73049 Data size: 81741831 Basic stats: COMPLETE Column stats: NONE
                  TableScan Vectorization:
                      native: true
                  Filter Operator
                    Filter Vectorization:
                        className: VectorFilterOperator
                        native: true
                        predicateExpression: FilterExprAndExpr(children: FilterTimestampColumnBetween(col 29:timestamp, left 1998-08-03 17:00:00.0, right 1998-09-02 17:00:00.0)(children: CastStringToTimestamp(col 2:string) -> 29:timestamp), SelectColumnIsNotNull(col 0:int))
                    predicate: (CAST( d_date AS TIMESTAMP) BETWEEN TIMESTAMP'1998-08-04 00:00:00' AND TIMESTAMP'1998-09-03 00:00:00' and d_date_sk is not null) (type: boolean)
                    Statistics: Num rows: 8116 Data size: 9081804 Basic stats: COMPLETE Column stats: NONE
                    Select Operator
                      expressions: d_date_sk (type: int)
                      outputColumnNames: _col0
                      Select Vectorization:
                          className: VectorSelectOperator
                          native: true
                          projectedOutputColumnNums: [0]
                      Statistics: Num rows: 8116 Data size: 9081804 Basic stats: COMPLETE Column stats: NONE
                      Reduce Output Operator
                        key expressions: _col0 (type: int)
                        sort order: +
                        Map-reduce partition columns: _col0 (type: int)
                        Reduce Sink Vectorization:
                            className: VectorReduceSinkLongOperator
                            native: true
                            nativeConditionsMet: hive.vectorized.execution.reducesink.new.enabled IS true, hive.execution.engine tez IN [tez, spark] IS true, No PTF TopN IS true, No DISTINCT columns IS true, BinarySortableSerDe for keys IS true, LazyBinarySerDe for values IS true
                        Statistics: Num rows: 8116 Data size: 9081804 Basic stats: COMPLETE Column stats: NONE
                      Reduce Output Operator
                        key expressions: _col0 (type: int)
                        sort order: +
                        Map-reduce partition columns: _col0 (type: int)
                        Reduce Sink Vectorization:
                            className: VectorReduceSinkLongOperator
                            native: true
                            nativeConditionsMet: hive.vectorized.execution.reducesink.new.enabled IS true, hive.execution.engine tez IN [tez, spark] IS true, No PTF TopN IS true, No DISTINCT columns IS true, BinarySortableSerDe for keys IS true, LazyBinarySerDe for values IS true
                        Statistics: Num rows: 8116 Data size: 9081804 Basic stats: COMPLETE Column stats: NONE
                      Reduce Output Operator
                        key expressions: _col0 (type: int)
                        sort order: +
                        Map-reduce partition columns: _col0 (type: int)
                        Reduce Sink Vectorization:
                            className: VectorReduceSinkLongOperator
                            native: true
                            nativeConditionsMet: hive.vectorized.execution.reducesink.new.enabled IS true, hive.execution.engine tez IN [tez, spark] IS true, No PTF TopN IS true, No DISTINCT columns IS true, BinarySortableSerDe for keys IS true, LazyBinarySerDe for values IS true
                        Statistics: Num rows: 8116 Data size: 9081804 Basic stats: COMPLETE Column stats: NONE
                      Reduce Output Operator
                        key expressions: _col0 (type: int)
                        sort order: +
                        Map-reduce partition columns: _col0 (type: int)
                        Reduce Sink Vectorization:
                            className: VectorReduceSinkLongOperator
                            native: true
                            nativeConditionsMet: hive.vectorized.execution.reducesink.new.enabled IS true, hive.execution.engine tez IN [tez, spark] IS true, No PTF TopN IS true, No DISTINCT columns IS true, BinarySortableSerDe for keys IS true, LazyBinarySerDe for values IS true
                        Statistics: Num rows: 8116 Data size: 9081804 Basic stats: COMPLETE Column stats: NONE
                      Reduce Output Operator
                        key expressions: _col0 (type: int)
                        sort order: +
                        Map-reduce partition columns: _col0 (type: int)
                        Reduce Sink Vectorization:
                            className: VectorReduceSinkLongOperator
                            native: true
                            nativeConditionsMet: hive.vectorized.execution.reducesink.new.enabled IS true, hive.execution.engine tez IN [tez, spark] IS true, No PTF TopN IS true, No DISTINCT columns IS true, BinarySortableSerDe for keys IS true, LazyBinarySerDe for values IS true
                        Statistics: Num rows: 8116 Data size: 9081804 Basic stats: COMPLETE Column stats: NONE
                      Reduce Output Operator
                        key expressions: _col0 (type: int)
                        sort order: +
                        Map-reduce partition columns: _col0 (type: int)
                        Reduce Sink Vectorization:
                            className: VectorReduceSinkLongOperator
                            native: true
                            nativeConditionsMet: hive.vectorized.execution.reducesink.new.enabled IS true, hive.execution.engine tez IN [tez, spark] IS true, No PTF TopN IS true, No DISTINCT columns IS true, BinarySortableSerDe for keys IS true, LazyBinarySerDe for values IS true
                        Statistics: Num rows: 8116 Data size: 9081804 Basic stats: COMPLETE Column stats: NONE
            Execution mode: vectorized
            Map Vectorization:
                enabled: true
                enabledConditionsMet: hive.vectorized.use.vectorized.input.format IS true
                inputFormatFeatureSupport: [DECIMAL_64]
                featureSupportInUse: [DECIMAL_64]
                inputFileFormats: org.apache.hadoop.hive.ql.io.orc.OrcInputFormat
                allNative: true
                usesVectorUDFAdaptor: false
                vectorized: true
        Map 8 
            Map Operator Tree:
                TableScan
                  alias: store
                  filterExpr: s_store_sk is not null (type: boolean)
                  Statistics: Num rows: 1704 Data size: 3256276 Basic stats: COMPLETE Column stats: NONE
                  TableScan Vectorization:
                      native: true
                  Filter Operator
                    Filter Vectorization:
                        className: VectorFilterOperator
                        native: true
                        predicateExpression: SelectColumnIsNotNull(col 0:int)
                    predicate: s_store_sk is not null (type: boolean)
                    Statistics: Num rows: 1704 Data size: 3256276 Basic stats: COMPLETE Column stats: NONE
                    Select Operator
                      expressions: s_store_sk (type: int)
                      outputColumnNames: _col0
                      Select Vectorization:
                          className: VectorSelectOperator
                          native: true
                          projectedOutputColumnNums: [0]
                      Statistics: Num rows: 1704 Data size: 3256276 Basic stats: COMPLETE Column stats: NONE
                      Reduce Output Operator
                        key expressions: _col0 (type: int)
                        sort order: +
                        Map-reduce partition columns: _col0 (type: int)
                        Reduce Sink Vectorization:
                            className: VectorReduceSinkLongOperator
                            native: true
                            nativeConditionsMet: hive.vectorized.execution.reducesink.new.enabled IS true, hive.execution.engine tez IN [tez, spark] IS true, No PTF TopN IS true, No DISTINCT columns IS true, BinarySortableSerDe for keys IS true, LazyBinarySerDe for values IS true
                        Statistics: Num rows: 1704 Data size: 3256276 Basic stats: COMPLETE Column stats: NONE
                      Reduce Output Operator
                        key expressions: _col0 (type: int)
                        sort order: +
                        Map-reduce partition columns: _col0 (type: int)
                        Reduce Sink Vectorization:
                            className: VectorReduceSinkLongOperator
                            native: true
                            nativeConditionsMet: hive.vectorized.execution.reducesink.new.enabled IS true, hive.execution.engine tez IN [tez, spark] IS true, No PTF TopN IS true, No DISTINCT columns IS true, BinarySortableSerDe for keys IS true, LazyBinarySerDe for values IS true
                        Statistics: Num rows: 1704 Data size: 3256276 Basic stats: COMPLETE Column stats: NONE
            Execution mode: vectorized
            Map Vectorization:
                enabled: true
                enabledConditionsMet: hive.vectorized.use.vectorized.input.format IS true
                inputFormatFeatureSupport: [DECIMAL_64]
                featureSupportInUse: [DECIMAL_64]
                inputFileFormats: org.apache.hadoop.hive.ql.io.orc.OrcInputFormat
                allNative: true
                usesVectorUDFAdaptor: false
                vectorized: true
        Map 9 
            Map Operator Tree:
                TableScan
                  alias: store_returns
                  filterExpr: (sr_returned_date_sk is not null and sr_store_sk is not null) (type: boolean)
                  Statistics: Num rows: 57591150 Data size: 4462194832 Basic stats: COMPLETE Column stats: NONE
                  TableScan Vectorization:
                      native: true
                  Filter Operator
                    Filter Vectorization:
                        className: VectorFilterOperator
                        native: true
                        predicateExpression: FilterExprAndExpr(children: SelectColumnIsNotNull(col 0:int), SelectColumnIsNotNull(col 7:int))
                    predicate: (sr_returned_date_sk is not null and sr_store_sk is not null) (type: boolean)
                    Statistics: Num rows: 57591150 Data size: 4462194832 Basic stats: COMPLETE Column stats: NONE
                    Select Operator
                      expressions: sr_returned_date_sk (type: int), sr_store_sk (type: int), sr_return_amt (type: decimal(7,2)), sr_net_loss (type: decimal(7,2))
                      outputColumnNames: _col0, _col1, _col2, _col3
                      Select Vectorization:
                          className: VectorSelectOperator
                          native: true
                          projectedOutputColumnNums: [0, 7, 11, 19]
                      Statistics: Num rows: 57591150 Data size: 4462194832 Basic stats: COMPLETE Column stats: NONE
                      Map Join Operator
                        condition map:
                             Inner Join 0 to 1
                        keys:
                          0 _col0 (type: int)
                          1 _col0 (type: int)
                        Map Join Vectorization:
                            className: VectorMapJoinInnerBigOnlyLongOperator
                            native: true
                            nativeConditionsMet: hive.mapjoin.optimized.hashtable IS true, hive.vectorized.execution.mapjoin.native.enabled IS true, hive.execution.engine tez IN [tez, spark] IS true, One MapJoin Condition IS true, No nullsafe IS true, Small table vectorizes IS true, Optimized Table and Supports Key Types IS true
                        outputColumnNames: _col1, _col2, _col3
                        input vertices:
                          1 Map 7
                        Statistics: Num rows: 63350266 Data size: 4908414421 Basic stats: COMPLETE Column stats: NONE
                        HybridGraceHashJoin: true
                        Map Join Operator
                          condition map:
                               Inner Join 0 to 1
                          keys:
                            0 _col1 (type: int)
                            1 _col0 (type: int)
                          Map Join Vectorization:
                              className: VectorMapJoinInnerBigOnlyLongOperator
                              native: true
                              nativeConditionsMet: hive.mapjoin.optimized.hashtable IS true, hive.vectorized.execution.mapjoin.native.enabled IS true, hive.execution.engine tez IN [tez, spark] IS true, One MapJoin Condition IS true, No nullsafe IS true, Small table vectorizes IS true, Optimized Table and Supports Key Types IS true
                          outputColumnNames: _col2, _col3, _col6
                          input vertices:
                            1 Map 8
                          Statistics: Num rows: 69685294 Data size: 5399255980 Basic stats: COMPLETE Column stats: NONE
                          HybridGraceHashJoin: true
                          Group By Operator
                            aggregations: sum(_col2), sum(_col3)
                            Group By Vectorization:
                                aggregators: VectorUDAFSumDecimal64(col 11:decimal(7,2)/DECIMAL_64) -> decimal(17,2)/DECIMAL_64, VectorUDAFSumDecimal64(col 19:decimal(7,2)/DECIMAL_64) -> decimal(17,2)/DECIMAL_64
                                className: VectorGroupByOperator
                                groupByMode: HASH
                                keyExpressions: col 7:int
                                native: false
                                vectorProcessingMode: HASH
                                projectedOutputColumnNums: [0, 1]
                            keys: _col6 (type: int)
                            mode: hash
                            outputColumnNames: _col0, _col1, _col2
                            Statistics: Num rows: 69685294 Data size: 5399255980 Basic stats: COMPLETE Column stats: NONE
                            Reduce Output Operator
                              key expressions: _col0 (type: int)
                              sort order: +
                              Map-reduce partition columns: _col0 (type: int)
                              Reduce Sink Vectorization:
                                  className: VectorReduceSinkObjectHashOperator
                                  native: true
                                  nativeConditionsMet: hive.vectorized.execution.reducesink.new.enabled IS true, hive.execution.engine tez IN [tez, spark] IS true, No PTF TopN IS true, No DISTINCT columns IS true, BinarySortableSerDe for keys IS true, LazyBinarySerDe for values IS true
                              Statistics: Num rows: 69685294 Data size: 5399255980 Basic stats: COMPLETE Column stats: NONE
                              value expressions: _col1 (type: decimal(17,2)), _col2 (type: decimal(17,2))
            Execution mode: vectorized
            Map Vectorization:
                enabled: true
                enabledConditionsMet: hive.vectorized.use.vectorized.input.format IS true
                inputFormatFeatureSupport: [DECIMAL_64]
                featureSupportInUse: [DECIMAL_64]
                inputFileFormats: org.apache.hadoop.hive.ql.io.orc.OrcInputFormat
                allNative: false
                usesVectorUDFAdaptor: false
                vectorized: true
        Reducer 10 
            Execution mode: vectorized
            Reduce Vectorization:
                enabled: true
                enableConditionsMet: hive.vectorized.execution.reduce.enabled IS true, hive.execution.engine tez IN [tez, spark] IS true
                allNative: false
                usesVectorUDFAdaptor: false
                vectorized: true
            Reduce Operator Tree:
              Group By Operator
                aggregations: sum(VALUE._col0), sum(VALUE._col1)
                Group By Vectorization:
                    aggregators: VectorUDAFSumDecimal(col 1:decimal(17,2)) -> decimal(17,2), VectorUDAFSumDecimal(col 2:decimal(17,2)) -> decimal(17,2)
                    className: VectorGroupByOperator
                    groupByMode: MERGEPARTIAL
                    keyExpressions: col 0:int
                    native: false
                    vectorProcessingMode: MERGE_PARTIAL
                    projectedOutputColumnNums: [0, 1]
                keys: KEY._col0 (type: int)
                mode: mergepartial
                outputColumnNames: _col0, _col1, _col2
                Statistics: Num rows: 34842647 Data size: 2699627990 Basic stats: COMPLETE Column stats: NONE
                Reduce Output Operator
                  key expressions: _col0 (type: int)
                  sort order: +
                  Map-reduce partition columns: _col0 (type: int)
                  Reduce Sink Vectorization:
                      className: VectorReduceSinkObjectHashOperator
                      native: true
                      nativeConditionsMet: hive.vectorized.execution.reducesink.new.enabled IS true, hive.execution.engine tez IN [tez, spark] IS true, No PTF TopN IS true, No DISTINCT columns IS true, BinarySortableSerDe for keys IS true, LazyBinarySerDe for values IS true
                  Statistics: Num rows: 34842647 Data size: 2699627990 Basic stats: COMPLETE Column stats: NONE
                  value expressions: _col1 (type: decimal(17,2)), _col2 (type: decimal(17,2))
        Reducer 12 
            Execution mode: vectorized
            Reduce Vectorization:
                enabled: true
                enableConditionsMet: hive.vectorized.execution.reduce.enabled IS true, hive.execution.engine tez IN [tez, spark] IS true
                allNative: false
                usesVectorUDFAdaptor: false
                vectorized: true
            Reduce Operator Tree:
              Group By Operator
                aggregations: sum(VALUE._col0), sum(VALUE._col1)
                Group By Vectorization:
                    aggregators: VectorUDAFSumDecimal(col 1:decimal(17,2)) -> decimal(17,2), VectorUDAFSumDecimal(col 2:decimal(17,2)) -> decimal(17,2)
                    className: VectorGroupByOperator
                    groupByMode: MERGEPARTIAL
                    keyExpressions: col 0:int
                    native: false
                    vectorProcessingMode: MERGE_PARTIAL
                    projectedOutputColumnNums: [0, 1]
                keys: KEY._col0 (type: int)
                mode: mergepartial
                outputColumnNames: _col0, _col1, _col2
                Statistics: Num rows: 158394413 Data size: 21449785388 Basic stats: COMPLETE Column stats: NONE
                Map Join Operator
                  condition map:
                       Inner Join 0 to 1
                  keys:
                    0 
                    1 
                  Map Join Vectorization:
                      className: VectorMapJoinInnerMultiKeyOperator
                      native: true
                      nativeConditionsMet: hive.mapjoin.optimized.hashtable IS true, hive.vectorized.execution.mapjoin.native.enabled IS true, hive.execution.engine tez IN [tez, spark] IS true, One MapJoin Condition IS true, No nullsafe IS true, Small table vectorizes IS true, Optimized Table and Supports Key Types IS true
                  outputColumnNames: _col0, _col1, _col2, _col3, _col4
                  input vertices:
                    1 Reducer 14
                  Statistics: Num rows: 158394413 Data size: 57088528313 Basic stats: COMPLETE Column stats: NONE
                  Select Operator
                    expressions: 'catalog channel' (type: string), _col0 (type: int), _col1 (type: decimal(17,2)), _col3 (type: decimal(17,2)), (_col2 - _col4) (type: decimal(18,2))
                    outputColumnNames: _col0, _col1, _col2, _col3, _col4
                    Select Vectorization:
                        className: VectorSelectOperator
                        native: true
                        projectedOutputColumnNums: [5, 0, 1, 3, 6]
                        selectExpressions: ConstantVectorExpression(val catalog channel) -> 5:string, DecimalColSubtractDecimalColumn(col 2:decimal(17,2), col 4:decimal(17,2)) -> 6:decimal(18,2)
                    Statistics: Num rows: 158394413 Data size: 57088528313 Basic stats: COMPLETE Column stats: NONE
                    Top N Key Operator
                      sort order: +++
                      keys: _col0 (type: string), _col1 (type: int), 0L (type: bigint)
                      Statistics: Num rows: 637553312 Data size: 103936204331 Basic stats: COMPLETE Column stats: NONE
                      top n: 100
                      Top N Key Vectorization:
                          className: VectorTopNKeyOperator
                          keyExpressions: col 5:string, col 0:int, ConstantVectorExpression(val 0) -> 7:bigint
                          native: true
                      Group By Operator
                        aggregations: sum(_col2), sum(_col3), sum(_col4)
                        Group By Vectorization:
                            aggregators: VectorUDAFSumDecimal(col 1:decimal(17,2)) -> decimal(27,2), VectorUDAFSumDecimal(col 3:decimal(17,2)) -> decimal(27,2), VectorUDAFSumDecimal(col 6:decimal(18,2)) -> decimal(28,2)
                            className: VectorGroupByOperator
                            groupByMode: HASH
                            keyExpressions: col 5:string, col 0:int, ConstantVectorExpression(val 0) -> 8:bigint
                            native: false
                            vectorProcessingMode: HASH
                            projectedOutputColumnNums: [0, 1, 2]
                        keys: _col0 (type: string), _col1 (type: int), 0L (type: bigint)
                        mode: hash
                        outputColumnNames: _col0, _col1, _col2, _col3, _col4, _col5
                        Statistics: Num rows: 1912659936 Data size: 311808612993 Basic stats: COMPLETE Column stats: NONE
                        Reduce Output Operator
                          key expressions: _col0 (type: string), _col1 (type: int), _col2 (type: bigint)
                          sort order: +++
                          Map-reduce partition columns: _col0 (type: string), _col1 (type: int), _col2 (type: bigint)
                          Reduce Sink Vectorization:
                              className: VectorReduceSinkMultiKeyOperator
                              native: true
                              nativeConditionsMet: hive.vectorized.execution.reducesink.new.enabled IS true, hive.execution.engine tez IN [tez, spark] IS true, No PTF TopN IS true, No DISTINCT columns IS true, BinarySortableSerDe for keys IS true, LazyBinarySerDe for values IS true
                          Statistics: Num rows: 1912659936 Data size: 311808612993 Basic stats: COMPLETE Column stats: NONE
                          TopN Hash Memory Usage: 0.1
                          value expressions: _col3 (type: decimal(27,2)), _col4 (type: decimal(27,2)), _col5 (type: decimal(28,2))
        Reducer 14 
            Execution mode: vectorized
            Reduce Vectorization:
                enabled: true
                enableConditionsMet: hive.vectorized.execution.reduce.enabled IS true, hive.execution.engine tez IN [tez, spark] IS true
                allNative: false
                usesVectorUDFAdaptor: false
                vectorized: true
            Reduce Operator Tree:
              Group By Operator
                aggregations: sum(VALUE._col0), sum(VALUE._col1)
                Group By Vectorization:
                    aggregators: VectorUDAFSumDecimal(col 0:decimal(17,2)) -> decimal(17,2), VectorUDAFSumDecimal(col 1:decimal(17,2)) -> decimal(17,2)
                    className: VectorGroupByOperator
                    groupByMode: MERGEPARTIAL
                    native: false
                    vectorProcessingMode: GLOBAL
                    projectedOutputColumnNums: [0, 1]
                mode: mergepartial
                outputColumnNames: _col0, _col1
                Statistics: Num rows: 1 Data size: 224 Basic stats: COMPLETE Column stats: NONE
                Reduce Output Operator
                  sort order: 
                  Reduce Sink Vectorization:
                      className: VectorReduceSinkEmptyKeyOperator
                      native: true
                      nativeConditionsMet: hive.vectorized.execution.reducesink.new.enabled IS true, hive.execution.engine tez IN [tez, spark] IS true, No PTF TopN IS true, No DISTINCT columns IS true, BinarySortableSerDe for keys IS true, LazyBinarySerDe for values IS true
                  Statistics: Num rows: 1 Data size: 224 Basic stats: COMPLETE Column stats: NONE
                  value expressions: _col0 (type: decimal(17,2)), _col1 (type: decimal(17,2))
        Reducer 16 
            Execution mode: vectorized
            Reduce Vectorization:
                enabled: true
                enableConditionsMet: hive.vectorized.execution.reduce.enabled IS true, hive.execution.engine tez IN [tez, spark] IS true
                allNative: false
                usesVectorUDFAdaptor: false
                vectorized: true
            Reduce Operator Tree:
              Group By Operator
                aggregations: sum(VALUE._col0), sum(VALUE._col1)
                Group By Vectorization:
                    aggregators: VectorUDAFSumDecimal(col 1:decimal(17,2)) -> decimal(17,2), VectorUDAFSumDecimal(col 2:decimal(17,2)) -> decimal(17,2)
                    className: VectorGroupByOperator
                    groupByMode: MERGEPARTIAL
                    keyExpressions: col 0:int
                    native: false
                    vectorProcessingMode: MERGE_PARTIAL
                    projectedOutputColumnNums: [0, 1]
                keys: KEY._col0 (type: int)
                mode: mergepartial
                outputColumnNames: _col0, _col1, _col2
                Statistics: Num rows: 87121617 Data size: 11846020363 Basic stats: COMPLETE Column stats: NONE
                Reduce Output Operator
                  key expressions: _col0 (type: int)
                  sort order: +
                  Map-reduce partition columns: _col0 (type: int)
                  Reduce Sink Vectorization:
                      className: VectorReduceSinkObjectHashOperator
                      native: true
                      nativeConditionsMet: hive.vectorized.execution.reducesink.new.enabled IS true, hive.execution.engine tez IN [tez, spark] IS true, No PTF TopN IS true, No DISTINCT columns IS true, BinarySortableSerDe for keys IS true, LazyBinarySerDe for values IS true
                  Statistics: Num rows: 87121617 Data size: 11846020363 Basic stats: COMPLETE Column stats: NONE
                  value expressions: _col1 (type: decimal(17,2)), _col2 (type: decimal(17,2))
        Reducer 17 
            Reduce Operator Tree:
              Merge Join Operator
                condition map:
                     Left Outer Join 0 to 1
                keys:
                  0 _col0 (type: int)
                  1 _col0 (type: int)
                outputColumnNames: _col0, _col1, _col2, _col4, _col5
                Statistics: Num rows: 95833780 Data size: 13030622681 Basic stats: COMPLETE Column stats: NONE
                Select Operator
                  expressions: 'web channel' (type: string), _col0 (type: int), _col1 (type: decimal(17,2)), COALESCE(_col4,0) (type: decimal(17,2)), (_col2 - COALESCE(_col5,0)) (type: decimal(18,2))
                  outputColumnNames: _col0, _col1, _col2, _col3, _col4
                  Statistics: Num rows: 95833780 Data size: 13030622681 Basic stats: COMPLETE Column stats: NONE
                  Top N Key Operator
                    sort order: +++
                    keys: _col0 (type: string), _col1 (type: int), 0L (type: bigint)
                    Statistics: Num rows: 637553312 Data size: 103936204331 Basic stats: COMPLETE Column stats: NONE
                    top n: 100
                    Group By Operator
                      aggregations: sum(_col2), sum(_col3), sum(_col4)
                      keys: _col0 (type: string), _col1 (type: int), 0L (type: bigint)
                      mode: hash
                      outputColumnNames: _col0, _col1, _col2, _col3, _col4, _col5
                      Statistics: Num rows: 1912659936 Data size: 311808612993 Basic stats: COMPLETE Column stats: NONE
                      Reduce Output Operator
                        key expressions: _col0 (type: string), _col1 (type: int), _col2 (type: bigint)
                        sort order: +++
                        Map-reduce partition columns: _col0 (type: string), _col1 (type: int), _col2 (type: bigint)
                        Statistics: Num rows: 1912659936 Data size: 311808612993 Basic stats: COMPLETE Column stats: NONE
                        TopN Hash Memory Usage: 0.1
                        value expressions: _col3 (type: decimal(27,2)), _col4 (type: decimal(27,2)), _col5 (type: decimal(28,2))
        Reducer 2 
            Execution mode: vectorized
            Reduce Vectorization:
                enabled: true
                enableConditionsMet: hive.vectorized.execution.reduce.enabled IS true, hive.execution.engine tez IN [tez, spark] IS true
                allNative: false
                usesVectorUDFAdaptor: false
                vectorized: true
            Reduce Operator Tree:
              Group By Operator
                aggregations: sum(VALUE._col0), sum(VALUE._col1)
                Group By Vectorization:
                    aggregators: VectorUDAFSumDecimal(col 1:decimal(17,2)) -> decimal(17,2), VectorUDAFSumDecimal(col 2:decimal(17,2)) -> decimal(17,2)
                    className: VectorGroupByOperator
                    groupByMode: MERGEPARTIAL
                    keyExpressions: col 0:int
                    native: false
                    vectorProcessingMode: MERGE_PARTIAL
                    projectedOutputColumnNums: [0, 1]
                keys: KEY._col0 (type: int)
                mode: mergepartial
                outputColumnNames: _col0, _col1, _col2
                Statistics: Num rows: 348477374 Data size: 30742775095 Basic stats: COMPLETE Column stats: NONE
                Reduce Output Operator
                  key expressions: _col0 (type: int)
                  sort order: +
                  Map-reduce partition columns: _col0 (type: int)
                  Reduce Sink Vectorization:
                      className: VectorReduceSinkObjectHashOperator
                      native: true
                      nativeConditionsMet: hive.vectorized.execution.reducesink.new.enabled IS true, hive.execution.engine tez IN [tez, spark] IS true, No PTF TopN IS true, No DISTINCT columns IS true, BinarySortableSerDe for keys IS true, LazyBinarySerDe for values IS true
                  Statistics: Num rows: 348477374 Data size: 30742775095 Basic stats: COMPLETE Column stats: NONE
                  value expressions: _col1 (type: decimal(17,2)), _col2 (type: decimal(17,2))
        Reducer 20 
            Execution mode: vectorized
            Reduce Vectorization:
                enabled: true
                enableConditionsMet: hive.vectorized.execution.reduce.enabled IS true, hive.execution.engine tez IN [tez, spark] IS true
                allNative: false
                usesVectorUDFAdaptor: false
                vectorized: true
            Reduce Operator Tree:
              Group By Operator
                aggregations: sum(VALUE._col0), sum(VALUE._col1)
                Group By Vectorization:
                    aggregators: VectorUDAFSumDecimal(col 1:decimal(17,2)) -> decimal(17,2), VectorUDAFSumDecimal(col 2:decimal(17,2)) -> decimal(17,2)
                    className: VectorGroupByOperator
                    groupByMode: MERGEPARTIAL
                    keyExpressions: col 0:int
                    native: false
                    vectorProcessingMode: MERGE_PARTIAL
                    projectedOutputColumnNums: [0, 1]
                keys: KEY._col0 (type: int)
                mode: mergepartial
                outputColumnNames: _col0, _col1, _col2
                Statistics: Num rows: 8711072 Data size: 801742469 Basic stats: COMPLETE Column stats: NONE
                Reduce Output Operator
                  key expressions: _col0 (type: int)
                  sort order: +
                  Map-reduce partition columns: _col0 (type: int)
                  Reduce Sink Vectorization:
                      className: VectorReduceSinkObjectHashOperator
                      native: true
                      nativeConditionsMet: hive.vectorized.execution.reducesink.new.enabled IS true, hive.execution.engine tez IN [tez, spark] IS true, No PTF TopN IS true, No DISTINCT columns IS true, BinarySortableSerDe for keys IS true, LazyBinarySerDe for values IS true
                  Statistics: Num rows: 8711072 Data size: 801742469 Basic stats: COMPLETE Column stats: NONE
                  value expressions: _col1 (type: decimal(17,2)), _col2 (type: decimal(17,2))
        Reducer 3 
            Reduce Operator Tree:
              Merge Join Operator
                condition map:
                     Left Outer Join 0 to 1
                keys:
                  0 _col0 (type: int)
                  1 _col0 (type: int)
                outputColumnNames: _col0, _col1, _col2, _col4, _col5
                Statistics: Num rows: 383325119 Data size: 33817053337 Basic stats: COMPLETE Column stats: NONE
                Select Operator
                  expressions: 'store channel' (type: string), _col0 (type: int), _col1 (type: decimal(17,2)), COALESCE(_col4,0) (type: decimal(17,2)), (_col2 - COALESCE(_col5,0)) (type: decimal(18,2))
                  outputColumnNames: _col0, _col1, _col2, _col3, _col4
                  Statistics: Num rows: 383325119 Data size: 33817053337 Basic stats: COMPLETE Column stats: NONE
                  Top N Key Operator
                    sort order: +++
                    keys: _col0 (type: string), _col1 (type: int), 0L (type: bigint)
                    Statistics: Num rows: 637553312 Data size: 103936204331 Basic stats: COMPLETE Column stats: NONE
                    top n: 100
                    Group By Operator
                      aggregations: sum(_col2), sum(_col3), sum(_col4)
                      keys: _col0 (type: string), _col1 (type: int), 0L (type: bigint)
                      mode: hash
                      outputColumnNames: _col0, _col1, _col2, _col3, _col4, _col5
                      Statistics: Num rows: 1912659936 Data size: 311808612993 Basic stats: COMPLETE Column stats: NONE
                      Reduce Output Operator
                        key expressions: _col0 (type: string), _col1 (type: int), _col2 (type: bigint)
                        sort order: +++
                        Map-reduce partition columns: _col0 (type: string), _col1 (type: int), _col2 (type: bigint)
                        Statistics: Num rows: 1912659936 Data size: 311808612993 Basic stats: COMPLETE Column stats: NONE
                        TopN Hash Memory Usage: 0.1
                        value expressions: _col3 (type: decimal(27,2)), _col4 (type: decimal(27,2)), _col5 (type: decimal(28,2))
        Reducer 5 
            Execution mode: vectorized
            Reduce Vectorization:
                enabled: true
                enableConditionsMet: hive.vectorized.execution.reduce.enabled IS true, hive.execution.engine tez IN [tez, spark] IS true
                allNative: false
                usesVectorUDFAdaptor: false
                vectorized: true
            Reduce Operator Tree:
              Group By Operator
                aggregations: sum(VALUE._col0), sum(VALUE._col1), sum(VALUE._col2)
                Group By Vectorization:
                    aggregators: VectorUDAFSumDecimal(col 3:decimal(27,2)) -> decimal(27,2), VectorUDAFSumDecimal(col 4:decimal(27,2)) -> decimal(27,2), VectorUDAFSumDecimal(col 5:decimal(28,2)) -> decimal(28,2)
                    className: VectorGroupByOperator
                    groupByMode: MERGEPARTIAL
                    keyExpressions: col 0:string, col 1:int, col 2:bigint
                    native: false
                    vectorProcessingMode: MERGE_PARTIAL
                    projectedOutputColumnNums: [0, 1, 2]
                keys: KEY._col0 (type: string), KEY._col1 (type: int), KEY._col2 (type: bigint)
                mode: mergepartial
                outputColumnNames: _col0, _col1, _col3, _col4, _col5
                Statistics: Num rows: 956329968 Data size: 155904306496 Basic stats: COMPLETE Column stats: NONE
                pruneGroupingSetId: true
                Select Operator
                  expressions: _col0 (type: string), _col1 (type: int), _col3 (type: decimal(27,2)), _col4 (type: decimal(27,2)), _col5 (type: decimal(28,2))
                  outputColumnNames: _col0, _col1, _col2, _col3, _col4
                  Select Vectorization:
                      className: VectorSelectOperator
                      native: true
                      projectedOutputColumnNums: [0, 1, 2, 3, 4]
                  Statistics: Num rows: 956329968 Data size: 155904306496 Basic stats: COMPLETE Column stats: NONE
                  Reduce Output Operator
                    key expressions: _col0 (type: string), _col1 (type: int)
                    sort order: ++
                    Reduce Sink Vectorization:
                        className: VectorReduceSinkObjectHashOperator
                        native: true
                        nativeConditionsMet: hive.vectorized.execution.reducesink.new.enabled IS true, hive.execution.engine tez IN [tez, spark] IS true, No PTF TopN IS true, No DISTINCT columns IS true, BinarySortableSerDe for keys IS true, LazyBinarySerDe for values IS true
                    Statistics: Num rows: 956329968 Data size: 155904306496 Basic stats: COMPLETE Column stats: NONE
                    TopN Hash Memory Usage: 0.1
                    value expressions: _col2 (type: decimal(27,2)), _col3 (type: decimal(27,2)), _col4 (type: decimal(28,2))
        Reducer 6 
            Execution mode: vectorized
            Reduce Vectorization:
                enabled: true
                enableConditionsMet: hive.vectorized.execution.reduce.enabled IS true, hive.execution.engine tez IN [tez, spark] IS true
                allNative: false
                usesVectorUDFAdaptor: false
                vectorized: true
            Reduce Operator Tree:
              Select Operator
                expressions: KEY.reducesinkkey0 (type: string), KEY.reducesinkkey1 (type: int), VALUE._col0 (type: decimal(27,2)), VALUE._col1 (type: decimal(27,2)), VALUE._col2 (type: decimal(28,2))
                outputColumnNames: _col0, _col1, _col2, _col3, _col4
                Select Vectorization:
                    className: VectorSelectOperator
                    native: true
                    projectedOutputColumnNums: [0, 1, 2, 3, 4]
                Statistics: Num rows: 956329968 Data size: 155904306496 Basic stats: COMPLETE Column stats: NONE
                Limit
                  Number of rows: 100
                  Limit Vectorization:
                      className: VectorLimitOperator
                      native: true
                  Statistics: Num rows: 100 Data size: 16300 Basic stats: COMPLETE Column stats: NONE
                  File Output Operator
                    compressed: false
                    File Sink Vectorization:
                        className: VectorFileSinkOperator
                        native: false
                    Statistics: Num rows: 100 Data size: 16300 Basic stats: COMPLETE Column stats: NONE
                    table:
                        input format: org.apache.hadoop.mapred.SequenceFileInputFormat
                        output format: org.apache.hadoop.hive.ql.io.HiveSequenceFileOutputFormat
                        serde: org.apache.hadoop.hive.serde2.lazy.LazySimpleSerDe
        Union 4 
            Vertex: Union 4

  Stage: Stage-0
    Fetch Operator
      limit: 100
      Processor Tree:
        ListSink

