PREHOOK: query: explain
with customer_total_return as
(select sr_customer_sk as ctr_customer_sk
,sr_store_sk as ctr_store_sk
,sum(SR_FEE) as ctr_total_return
from store_returns
,date_dim
where sr_returned_date_sk = d_date_sk
and d_year =2000
group by sr_customer_sk
,sr_store_sk)
 select  c_customer_id
from customer_total_return ctr1
,store
,customer
where ctr1.ctr_total_return > (select avg(ctr_total_return)*1.2
from customer_total_return ctr2
where ctr1.ctr_store_sk = ctr2.ctr_store_sk)
and s_store_sk = ctr1.ctr_store_sk
and s_state = 'NM'
and ctr1.ctr_customer_sk = c_customer_sk
order by c_customer_id
limit 100
PREHOOK: type: QUERY
PREHOOK: Input: default@customer
PREHOOK: Input: default@date_dim
PREHOOK: Input: default@store
PREHOOK: Input: default@store_returns
PREHOOK: Output: hdfs://### HDFS PATH ###
POSTHOOK: query: explain
with customer_total_return as
(select sr_customer_sk as ctr_customer_sk
,sr_store_sk as ctr_store_sk
,sum(SR_FEE) as ctr_total_return
from store_returns
,date_dim
where sr_returned_date_sk = d_date_sk
and d_year =2000
group by sr_customer_sk
,sr_store_sk)
 select  c_customer_id
from customer_total_return ctr1
,store
,customer
where ctr1.ctr_total_return > (select avg(ctr_total_return)*1.2
from customer_total_return ctr2
where ctr1.ctr_store_sk = ctr2.ctr_store_sk)
and s_store_sk = ctr1.ctr_store_sk
and s_state = 'NM'
and ctr1.ctr_customer_sk = c_customer_sk
order by c_customer_id
limit 100
POSTHOOK: type: QUERY
POSTHOOK: Input: default@customer
POSTHOOK: Input: default@date_dim
POSTHOOK: Input: default@store
POSTHOOK: Input: default@store_returns
POSTHOOK: Output: hdfs://### HDFS PATH ###
STAGE DEPENDENCIES:
  Stage-1 is a root stage
  Stage-0 depends on stages: Stage-1

STAGE PLANS:
  Stage: Stage-1
    Tez
#### A masked pattern was here ####
      Edges:
        Map 10 <- Reducer 7 (BROADCAST_EDGE)
        Map 3 <- Map 11 (BROADCAST_EDGE), Map 9 (BROADCAST_EDGE), Reducer 2 (BROADCAST_EDGE)
        Reducer 2 <- Map 1 (CUSTOM_SIMPLE_EDGE)
        Reducer 4 <- Map 1 (BROADCAST_EDGE), Map 3 (SIMPLE_EDGE)
        Reducer 5 <- Map 10 (SIMPLE_EDGE), Reducer 4 (SIMPLE_EDGE), Reducer 8 (BROADCAST_EDGE)
        Reducer 6 <- Reducer 5 (SIMPLE_EDGE)
        Reducer 7 <- Reducer 4 (CUSTOM_SIMPLE_EDGE)
        Reducer 8 <- Map 3 (SIMPLE_EDGE)
#### A masked pattern was here ####
      Vertices:
        Map 1 
            Map Operator Tree:
                TableScan
                  alias: store
                  filterExpr: ((s_state = 'NM') and s_store_sk is not null) (type: boolean)
                  Statistics: Num rows: 1704 Data size: 153360 Basic stats: COMPLETE Column stats: COMPLETE
                  Filter Operator
                    predicate: ((s_state = 'NM') and s_store_sk is not null) (type: boolean)
                    Statistics: Num rows: 35 Data size: 3150 Basic stats: COMPLETE Column stats: COMPLETE
                    Select Operator
                      expressions: s_store_sk (type: int)
                      outputColumnNames: _col0
                      Statistics: Num rows: 35 Data size: 140 Basic stats: COMPLETE Column stats: COMPLETE
                      Reduce Output Operator
                        key expressions: _col0 (type: int)
                        sort order: +
                        Map-reduce partition columns: _col0 (type: int)
                        Statistics: Num rows: 35 Data size: 140 Basic stats: COMPLETE Column stats: COMPLETE
                      Select Operator
                        expressions: _col0 (type: int)
                        outputColumnNames: _col0
                        Statistics: Num rows: 35 Data size: 140 Basic stats: COMPLETE Column stats: COMPLETE
                        Group By Operator
                          aggregations: min(_col0), max(_col0), bloom_filter(_col0, expectedEntries=31)
                          minReductionHashAggr: 0.9714286
                          mode: hash
                          outputColumnNames: _col0, _col1, _col2
                          Statistics: Num rows: 1 Data size: 12 Basic stats: COMPLETE Column stats: COMPLETE
                          Reduce Output Operator
                            sort order: 
                            Statistics: Num rows: 1 Data size: 12 Basic stats: COMPLETE Column stats: COMPLETE
                            value expressions: _col0 (type: int), _col1 (type: int), _col2 (type: binary)
            Execution mode: vectorized
        Map 10 
            Map Operator Tree:
                TableScan
                  alias: customer
                  filterExpr: (c_customer_sk is not null and c_customer_sk BETWEEN DynamicValue(RS_44_store_returns_sr_customer_sk_min) AND DynamicValue(RS_44_store_returns_sr_customer_sk_max) and in_bloom_filter(c_customer_sk, DynamicValue(RS_44_store_returns_sr_customer_sk_bloom_filter))) (type: boolean)
                  Statistics: Num rows: 80000000 Data size: 8320000000 Basic stats: COMPLETE Column stats: COMPLETE
                  Filter Operator
                    predicate: (c_customer_sk is not null and c_customer_sk BETWEEN DynamicValue(RS_44_store_returns_sr_customer_sk_min) AND DynamicValue(RS_44_store_returns_sr_customer_sk_max) and in_bloom_filter(c_customer_sk, DynamicValue(RS_44_store_returns_sr_customer_sk_bloom_filter))) (type: boolean)
                    Statistics: Num rows: 80000000 Data size: 8320000000 Basic stats: COMPLETE Column stats: COMPLETE
                    Select Operator
                      expressions: c_customer_sk (type: int), c_customer_id (type: string)
                      outputColumnNames: _col0, _col1
                      Statistics: Num rows: 80000000 Data size: 8320000000 Basic stats: COMPLETE Column stats: COMPLETE
                      Reduce Output Operator
                        key expressions: _col0 (type: int)
                        sort order: +
                        Map-reduce partition columns: _col0 (type: int)
                        Statistics: Num rows: 80000000 Data size: 8320000000 Basic stats: COMPLETE Column stats: COMPLETE
                        value expressions: _col1 (type: string)
            Execution mode: vectorized
        Map 11 
            Map Operator Tree:
                TableScan
                  alias: date_dim
                  filterExpr: ((d_year = 2000) and d_date_sk is not null) (type: boolean)
                  Statistics: Num rows: 73049 Data size: 584392 Basic stats: COMPLETE Column stats: COMPLETE
                  Filter Operator
                    predicate: ((d_year = 2000) and d_date_sk is not null) (type: boolean)
                    Statistics: Num rows: 652 Data size: 5216 Basic stats: COMPLETE Column stats: COMPLETE
                    Select Operator
                      expressions: d_date_sk (type: int)
                      outputColumnNames: _col0
                      Statistics: Num rows: 652 Data size: 2608 Basic stats: COMPLETE Column stats: COMPLETE
                      Reduce Output Operator
                        key expressions: _col0 (type: int)
                        sort order: +
                        Map-reduce partition columns: _col0 (type: int)
                        Statistics: Num rows: 652 Data size: 2608 Basic stats: COMPLETE Column stats: COMPLETE
            Execution mode: vectorized
        Map 3 
            Map Operator Tree:
                TableScan
                  alias: store_returns
                  filterExpr: (((sr_customer_sk is not null and sr_store_sk is not null and sr_returned_date_sk is not null) or (sr_store_sk is not null and sr_returned_date_sk is not null)) and sr_store_sk BETWEEN DynamicValue(RS_41_store_s_store_sk_min) AND DynamicValue(RS_41_store_s_store_sk_max) and in_bloom_filter(sr_store_sk, DynamicValue(RS_41_store_s_store_sk_bloom_filter))) (type: boolean)
                  Statistics: Num rows: 57591150 Data size: 6891360020 Basic stats: COMPLETE Column stats: COMPLETE
                  Filter Operator
                    predicate: (sr_customer_sk is not null and sr_store_sk is not null and sr_returned_date_sk is not null and sr_store_sk BETWEEN DynamicValue(RS_41_store_s_store_sk_min) AND DynamicValue(RS_41_store_s_store_sk_max) and in_bloom_filter(sr_store_sk, DynamicValue(RS_41_store_s_store_sk_bloom_filter))) (type: boolean)
                    Statistics: Num rows: 51757026 Data size: 6193248408 Basic stats: COMPLETE Column stats: COMPLETE
                    Select Operator
                      expressions: sr_returned_date_sk (type: int), sr_customer_sk (type: int), sr_store_sk (type: int), sr_fee (type: decimal(7,2))
                      outputColumnNames: _col0, _col1, _col2, _col3
                      Statistics: Num rows: 51757026 Data size: 6193248408 Basic stats: COMPLETE Column stats: COMPLETE
                      Map Join Operator
                        condition map:
                             Inner Join 0 to 1
                        keys:
                          0 _col0 (type: int)
                          1 _col0 (type: int)
                        outputColumnNames: _col1, _col2, _col3
                        input vertices:
                          1 Map 9
                        Statistics: Num rows: 16855704 Data size: 1805298496 Basic stats: COMPLETE Column stats: COMPLETE
                        Group By Operator
                          aggregations: sum(_col3)
                          keys: _col2 (type: int), _col1 (type: int)
                          minReductionHashAggr: 0.8699312
                          mode: hash
                          outputColumnNames: _col0, _col1, _col2
                          Statistics: Num rows: 16855704 Data size: 2008197920 Basic stats: COMPLETE Column stats: COMPLETE
                          Reduce Output Operator
                            key expressions: _col0 (type: int), _col1 (type: int)
                            sort order: ++
                            Map-reduce partition columns: _col0 (type: int), _col1 (type: int)
                            Statistics: Num rows: 16855704 Data size: 2008197920 Basic stats: COMPLETE Column stats: COMPLETE
                            value expressions: _col2 (type: decimal(17,2))
                  Filter Operator
                    predicate: (sr_store_sk is not null and sr_returned_date_sk is not null and sr_store_sk BETWEEN DynamicValue(RS_41_store_s_store_sk_min) AND DynamicValue(RS_41_store_s_store_sk_max) and in_bloom_filter(sr_store_sk, DynamicValue(RS_41_store_s_store_sk_bloom_filter))) (type: boolean)
                    Statistics: Num rows: 53634860 Data size: 6417950124 Basic stats: COMPLETE Column stats: COMPLETE
                    Select Operator
                      expressions: sr_returned_date_sk (type: int), sr_customer_sk (type: int), sr_store_sk (type: int), sr_fee (type: decimal(7,2))
                      outputColumnNames: _col0, _col1, _col2, _col3
                      Statistics: Num rows: 53634860 Data size: 6417950124 Basic stats: COMPLETE Column stats: COMPLETE
                      Map Join Operator
                        condition map:
                             Inner Join 0 to 1
                        keys:
                          0 _col0 (type: int)
                          1 _col0 (type: int)
                        outputColumnNames: _col1, _col2, _col3
                        input vertices:
                          1 Map 11
                        Statistics: Num rows: 17467258 Data size: 1870797840 Basic stats: COMPLETE Column stats: COMPLETE
                        Group By Operator
                          aggregations: sum(_col3)
                          keys: _col2 (type: int), _col1 (type: int)
                          minReductionHashAggr: 0.85786486
                          mode: hash
                          outputColumnNames: _col0, _col1, _col2
                          Statistics: Num rows: 17467258 Data size: 2081058800 Basic stats: COMPLETE Column stats: COMPLETE
                          Reduce Output Operator
                            key expressions: _col0 (type: int), _col1 (type: int)
                            sort order: ++
                            Map-reduce partition columns: _col0 (type: int)
                            Statistics: Num rows: 17467258 Data size: 2081058800 Basic stats: COMPLETE Column stats: COMPLETE
                            value expressions: _col2 (type: decimal(17,2))
            Execution mode: vectorized
        Map 9 
            Map Operator Tree:
                TableScan
                  alias: date_dim
                  filterExpr: ((d_year = 2000) and d_date_sk is not null) (type: boolean)
                  Statistics: Num rows: 73049 Data size: 584392 Basic stats: COMPLETE Column stats: COMPLETE
                  Filter Operator
                    predicate: ((d_year = 2000) and d_date_sk is not null) (type: boolean)
                    Statistics: Num rows: 652 Data size: 5216 Basic stats: COMPLETE Column stats: COMPLETE
                    Select Operator
                      expressions: d_date_sk (type: int)
                      outputColumnNames: _col0
                      Statistics: Num rows: 652 Data size: 2608 Basic stats: COMPLETE Column stats: COMPLETE
                      Reduce Output Operator
                        key expressions: _col0 (type: int)
                        sort order: +
                        Map-reduce partition columns: _col0 (type: int)
                        Statistics: Num rows: 652 Data size: 2608 Basic stats: COMPLETE Column stats: COMPLETE
            Execution mode: vectorized
        Reducer 2 
            Execution mode: vectorized
            Reduce Operator Tree:
              Group By Operator
                aggregations: min(VALUE._col0), max(VALUE._col1), bloom_filter(VALUE._col2, expectedEntries=31)
                mode: final
                outputColumnNames: _col0, _col1, _col2
                Statistics: Num rows: 1 Data size: 12 Basic stats: COMPLETE Column stats: COMPLETE
                Reduce Output Operator
                  sort order: 
                  Statistics: Num rows: 1 Data size: 12 Basic stats: COMPLETE Column stats: COMPLETE
                  value expressions: _col0 (type: int), _col1 (type: int), _col2 (type: binary)
        Reducer 4 
            Execution mode: vectorized
            Reduce Operator Tree:
              Group By Operator
                aggregations: sum(VALUE._col0)
                keys: KEY._col0 (type: int), KEY._col1 (type: int)
                mode: mergepartial
                outputColumnNames: _col0, _col1, _col2
                Statistics: Num rows: 11601100 Data size: 1382161488 Basic stats: COMPLETE Column stats: COMPLETE
                Filter Operator
                  predicate: _col2 is not null (type: boolean)
                  Statistics: Num rows: 11601100 Data size: 1382161488 Basic stats: COMPLETE Column stats: COMPLETE
                  Select Operator
                    expressions: _col1 (type: int), _col0 (type: int), _col2 (type: decimal(17,2))
                    outputColumnNames: _col0, _col1, _col2
                    Statistics: Num rows: 11601100 Data size: 1382161488 Basic stats: COMPLETE Column stats: COMPLETE
                    Map Join Operator
                      condition map:
                           Inner Join 0 to 1
                      keys:
                        0 _col0 (type: int)
                        1 _col1 (type: int)
                      outputColumnNames: _col1, _col2, _col3
                      input vertices:
                        0 Map 1
                      Statistics: Num rows: 1923224 Data size: 220816368 Basic stats: COMPLETE Column stats: COMPLETE
                      Reduce Output Operator
                        key expressions: _col1 (type: int)
                        sort order: +
                        Map-reduce partition columns: _col1 (type: int)
                        Statistics: Num rows: 1923224 Data size: 220816368 Basic stats: COMPLETE Column stats: COMPLETE
                        value expressions: _col2 (type: int), _col3 (type: decimal(17,2))
                      Select Operator
                        expressions: _col1 (type: int)
                        outputColumnNames: _col0
                        Statistics: Num rows: 1923224 Data size: 5408304 Basic stats: COMPLETE Column stats: COMPLETE
                        Group By Operator
                          aggregations: min(_col0), max(_col0), bloom_filter(_col0, expectedEntries=68687)
                          minReductionHashAggr: 0.99
                          mode: hash
                          outputColumnNames: _col0, _col1, _col2
                          Statistics: Num rows: 1 Data size: 12 Basic stats: COMPLETE Column stats: COMPLETE
                          Reduce Output Operator
                            sort order: 
                            Statistics: Num rows: 1 Data size: 12 Basic stats: COMPLETE Column stats: COMPLETE
                            value expressions: _col0 (type: int), _col1 (type: int), _col2 (type: binary)
        Reducer 5 
            Reduce Operator Tree:
              Merge Join Operator
                condition map:
                     Inner Join 0 to 1
                keys:
                  0 _col1 (type: int)
                  1 _col0 (type: int)
                outputColumnNames: _col2, _col3, _col5
                Statistics: Num rows: 1923224 Data size: 410434616 Basic stats: COMPLETE Column stats: COMPLETE
                Map Join Operator
                  condition map:
                       Inner Join 0 to 1
                  keys:
                    0 _col2 (type: int)
                    1 _col1 (type: int)
                  outputColumnNames: _col3, _col5, _col6
                  input vertices:
                    1 Reducer 8
                  Statistics: Num rows: 1991910 Data size: 645378840 Basic stats: COMPLETE Column stats: COMPLETE
                  Filter Operator
                    predicate: (_col3 > _col6) (type: boolean)
                    Statistics: Num rows: 663970 Data size: 215126280 Basic stats: COMPLETE Column stats: COMPLETE
                    Select Operator
                      expressions: _col5 (type: string)
                      outputColumnNames: _col0
                      Statistics: Num rows: 663970 Data size: 66397000 Basic stats: COMPLETE Column stats: COMPLETE
                      Reduce Output Operator
                        key expressions: _col0 (type: string)
                        sort order: +
                        Statistics: Num rows: 663970 Data size: 66397000 Basic stats: COMPLETE Column stats: COMPLETE
                        TopN Hash Memory Usage: 0.1
        Reducer 6 
            Execution mode: vectorized
            Reduce Operator Tree:
              Select Operator
                expressions: KEY.reducesinkkey0 (type: string)
                outputColumnNames: _col0
                Statistics: Num rows: 663970 Data size: 66397000 Basic stats: COMPLETE Column stats: COMPLETE
                Limit
                  Number of rows: 100
                  Statistics: Num rows: 100 Data size: 10000 Basic stats: COMPLETE Column stats: COMPLETE
                  File Output Operator
                    compressed: false
                    Statistics: Num rows: 100 Data size: 10000 Basic stats: COMPLETE Column stats: COMPLETE
                    table:
                        input format: org.apache.hadoop.mapred.SequenceFileInputFormat
                        output format: org.apache.hadoop.hive.ql.io.HiveSequenceFileOutputFormat
                        serde: org.apache.hadoop.hive.serde2.lazy.LazySimpleSerDe
        Reducer 7 
            Execution mode: vectorized
            Reduce Operator Tree:
              Group By Operator
                aggregations: min(VALUE._col0), max(VALUE._col1), bloom_filter(VALUE._col2, expectedEntries=68687)
                mode: final
                outputColumnNames: _col0, _col1, _col2
                Statistics: Num rows: 1 Data size: 12 Basic stats: COMPLETE Column stats: COMPLETE
                Reduce Output Operator
                  sort order: 
                  Statistics: Num rows: 1 Data size: 12 Basic stats: COMPLETE Column stats: COMPLETE
                  value expressions: _col0 (type: int), _col1 (type: int), _col2 (type: binary)
        Reducer 8 
            Execution mode: vectorized
            Reduce Operator Tree:
              Group By Operator
                aggregations: sum(VALUE._col0)
                keys: KEY._col0 (type: int), KEY._col1 (type: int)
                mode: mergepartial
                outputColumnNames: _col0, _col1, _col2
                Statistics: Num rows: 13369812 Data size: 1592886816 Basic stats: COMPLETE Column stats: COMPLETE
                Select Operator
                  expressions: _col0 (type: int), _col2 (type: decimal(17,2))
                  outputColumnNames: _col1, _col2
                  Statistics: Num rows: 13369812 Data size: 1592886816 Basic stats: COMPLETE Column stats: COMPLETE
                  Group By Operator
                    aggregations: sum(_col2), count(_col2)
                    keys: _col1 (type: int)
                    mode: complete
                    outputColumnNames: _col0, _col1, _col2
                    Statistics: Num rows: 29 Data size: 3588 Basic stats: COMPLETE Column stats: COMPLETE
                    Filter Operator
                      predicate: (_col1 is not null and _col2 is not null) (type: boolean)
                      Statistics: Num rows: 29 Data size: 3588 Basic stats: COMPLETE Column stats: COMPLETE
                      Select Operator
                        expressions: ((_col1 / _col2) * 1.2) (type: decimal(38,11)), _col0 (type: int)
                        outputColumnNames: _col0, _col1
                        Statistics: Num rows: 29 Data size: 3356 Basic stats: COMPLETE Column stats: COMPLETE
                        Reduce Output Operator
                          key expressions: _col1 (type: int)
                          sort order: +
                          Map-reduce partition columns: _col1 (type: int)
                          Statistics: Num rows: 29 Data size: 3356 Basic stats: COMPLETE Column stats: COMPLETE
                          value expressions: _col0 (type: decimal(38,11))

  Stage: Stage-0
    Fetch Operator
      limit: 100
      Processor Tree:
        ListSink

