PREHOOK: query: explain vectorization expression
select  *
from(
select i_category, i_class, i_brand,
       s_store_name, s_company_name,
       d_moy,
       sum(ss_sales_price) sum_sales,
       avg(sum(ss_sales_price)) over
         (partition by i_category, i_brand, s_store_name, s_company_name)
         avg_monthly_sales
from item, store_sales, date_dim, store
where ss_item_sk = i_item_sk and
      ss_sold_date_sk = d_date_sk and
      ss_store_sk = s_store_sk and
      d_year in (2000) and
        ((i_category in ('Home','Books','Electronics') and
          i_class in ('wallpaper','parenting','musical')
         )
      or (i_category in ('Shoes','Jewelry','Men') and
          i_class in ('womens','birdal','pants') 
        ))
group by i_category, i_class, i_brand,
         s_store_name, s_company_name, d_moy) tmp1
where case when (avg_monthly_sales <> 0) then (abs(sum_sales - avg_monthly_sales) / avg_monthly_sales) else null end > 0.1
order by sum_sales - avg_monthly_sales, s_store_name
limit 100
PREHOOK: type: QUERY
POSTHOOK: query: explain vectorization expression
select  *
from(
select i_category, i_class, i_brand,
       s_store_name, s_company_name,
       d_moy,
       sum(ss_sales_price) sum_sales,
       avg(sum(ss_sales_price)) over
         (partition by i_category, i_brand, s_store_name, s_company_name)
         avg_monthly_sales
from item, store_sales, date_dim, store
where ss_item_sk = i_item_sk and
      ss_sold_date_sk = d_date_sk and
      ss_store_sk = s_store_sk and
      d_year in (2000) and
        ((i_category in ('Home','Books','Electronics') and
          i_class in ('wallpaper','parenting','musical')
         )
      or (i_category in ('Shoes','Jewelry','Men') and
          i_class in ('womens','birdal','pants') 
        ))
group by i_category, i_class, i_brand,
         s_store_name, s_company_name, d_moy) tmp1
where case when (avg_monthly_sales <> 0) then (abs(sum_sales - avg_monthly_sales) / avg_monthly_sales) else null end > 0.1
order by sum_sales - avg_monthly_sales, s_store_name
limit 100
POSTHOOK: type: QUERY
PLAN VECTORIZATION:
  enabled: true
  enabledConditionsMet: [hive.vectorized.execution.enabled IS true]

STAGE DEPENDENCIES:
  Stage-1 is a root stage
  Stage-0 depends on stages: Stage-1

STAGE PLANS:
  Stage: Stage-1
    Tez
#### A masked pattern was here ####
      Edges:
        Map 1 <- Reducer 10 (BROADCAST_EDGE), Reducer 12 (BROADCAST_EDGE), Reducer 8 (BROADCAST_EDGE)
        Reducer 10 <- Map 9 (CUSTOM_SIMPLE_EDGE)
        Reducer 12 <- Map 11 (CUSTOM_SIMPLE_EDGE)
        Reducer 2 <- Map 1 (SIMPLE_EDGE), Map 7 (SIMPLE_EDGE)
        Reducer 3 <- Map 11 (BROADCAST_EDGE), Map 9 (SIMPLE_EDGE), Reducer 2 (SIMPLE_EDGE)
        Reducer 4 <- Reducer 3 (SIMPLE_EDGE)
        Reducer 5 <- Reducer 4 (SIMPLE_EDGE)
        Reducer 6 <- Reducer 5 (SIMPLE_EDGE)
        Reducer 8 <- Map 7 (CUSTOM_SIMPLE_EDGE)
#### A masked pattern was here ####
      Vertices:
        Map 1 
            Map Operator Tree:
                TableScan
                  alias: store_sales
                  filterExpr: (ss_item_sk is not null and ss_sold_date_sk is not null and ss_store_sk is not null and (ss_sold_date_sk BETWEEN DynamicValue(RS_13_date_dim_d_date_sk_min) AND DynamicValue(RS_13_date_dim_d_date_sk_max) and in_bloom_filter(ss_sold_date_sk, DynamicValue(RS_13_date_dim_d_date_sk_bloom_filter))) and (ss_item_sk BETWEEN DynamicValue(RS_16_item_i_item_sk_min) AND DynamicValue(RS_16_item_i_item_sk_max) and in_bloom_filter(ss_item_sk, DynamicValue(RS_16_item_i_item_sk_bloom_filter))) and (ss_store_sk BETWEEN DynamicValue(RS_19_store_s_store_sk_min) AND DynamicValue(RS_19_store_s_store_sk_max) and in_bloom_filter(ss_store_sk, DynamicValue(RS_19_store_s_store_sk_bloom_filter)))) (type: boolean)
                  Statistics: Num rows: 575995635 Data size: 50814502088 Basic stats: COMPLETE Column stats: NONE
                  TableScan Vectorization:
                      native: true
                  Filter Operator
                    Filter Vectorization:
                        className: VectorFilterOperator
                        native: true
                        predicateExpression: FilterExprAndExpr(children: SelectColumnIsNotNull(col 2:int), SelectColumnIsNotNull(col 0:int), SelectColumnIsNotNull(col 7:int), FilterExprAndExpr(children: FilterLongColumnBetweenDynamicValue(col 0:int, left 0, right 0), VectorInBloomFilterColDynamicValue), FilterExprAndExpr(children: FilterLongColumnBetweenDynamicValue(col 2:int, left 0, right 0), VectorInBloomFilterColDynamicValue), FilterExprAndExpr(children: FilterLongColumnBetweenDynamicValue(col 7:int, left 0, right 0), VectorInBloomFilterColDynamicValue))
                    predicate: ((ss_item_sk BETWEEN DynamicValue(RS_16_item_i_item_sk_min) AND DynamicValue(RS_16_item_i_item_sk_max) and in_bloom_filter(ss_item_sk, DynamicValue(RS_16_item_i_item_sk_bloom_filter))) and (ss_sold_date_sk BETWEEN DynamicValue(RS_13_date_dim_d_date_sk_min) AND DynamicValue(RS_13_date_dim_d_date_sk_max) and in_bloom_filter(ss_sold_date_sk, DynamicValue(RS_13_date_dim_d_date_sk_bloom_filter))) and (ss_store_sk BETWEEN DynamicValue(RS_19_store_s_store_sk_min) AND DynamicValue(RS_19_store_s_store_sk_max) and in_bloom_filter(ss_store_sk, DynamicValue(RS_19_store_s_store_sk_bloom_filter))) and ss_item_sk is not null and ss_sold_date_sk is not null and ss_store_sk is not null) (type: boolean)
                    Statistics: Num rows: 575995635 Data size: 50814502088 Basic stats: COMPLETE Column stats: NONE
                    Select Operator
                      expressions: ss_sold_date_sk (type: int), ss_item_sk (type: int), ss_store_sk (type: int), ss_sales_price (type: decimal(7,2))
                      outputColumnNames: _col0, _col1, _col2, _col3
                      Select Vectorization:
                          className: VectorSelectOperator
                          native: true
                          projectedOutputColumnNums: [0, 2, 7, 13]
                      Statistics: Num rows: 575995635 Data size: 50814502088 Basic stats: COMPLETE Column stats: NONE
                      Reduce Output Operator
                        key expressions: _col0 (type: int)
                        sort order: +
                        Map-reduce partition columns: _col0 (type: int)
                        Reduce Sink Vectorization:
                            className: VectorReduceSinkLongOperator
                            native: true
                            nativeConditionsMet: hive.vectorized.execution.reducesink.new.enabled IS true, hive.execution.engine tez IN [tez, spark] IS true, No PTF TopN IS true, No DISTINCT columns IS true, BinarySortableSerDe for keys IS true, LazyBinarySerDe for values IS true
                        Statistics: Num rows: 575995635 Data size: 50814502088 Basic stats: COMPLETE Column stats: NONE
                        value expressions: _col1 (type: int), _col2 (type: int), _col3 (type: decimal(7,2))
            Execution mode: vectorized
            Map Vectorization:
                enabled: true
                enabledConditionsMet: hive.vectorized.use.vectorized.input.format IS true
                inputFormatFeatureSupport: [DECIMAL_64]
                featureSupportInUse: [DECIMAL_64]
                inputFileFormats: org.apache.hadoop.hive.ql.io.orc.OrcInputFormat
                allNative: true
                usesVectorUDFAdaptor: false
                vectorized: true
        Map 11 
            Map Operator Tree:
                TableScan
                  alias: store
                  filterExpr: s_store_sk is not null (type: boolean)
                  Statistics: Num rows: 1704 Data size: 3256276 Basic stats: COMPLETE Column stats: NONE
                  TableScan Vectorization:
                      native: true
                  Filter Operator
                    Filter Vectorization:
                        className: VectorFilterOperator
                        native: true
                        predicateExpression: SelectColumnIsNotNull(col 0:int)
                    predicate: s_store_sk is not null (type: boolean)
                    Statistics: Num rows: 1704 Data size: 3256276 Basic stats: COMPLETE Column stats: NONE
                    Select Operator
                      expressions: s_store_sk (type: int), s_store_name (type: string), s_company_name (type: string)
                      outputColumnNames: _col0, _col1, _col2
                      Select Vectorization:
                          className: VectorSelectOperator
                          native: true
                          projectedOutputColumnNums: [0, 5, 17]
                      Statistics: Num rows: 1704 Data size: 3256276 Basic stats: COMPLETE Column stats: NONE
                      Reduce Output Operator
                        key expressions: _col0 (type: int)
                        sort order: +
                        Map-reduce partition columns: _col0 (type: int)
                        Reduce Sink Vectorization:
                            className: VectorReduceSinkLongOperator
                            native: true
                            nativeConditionsMet: hive.vectorized.execution.reducesink.new.enabled IS true, hive.execution.engine tez IN [tez, spark] IS true, No PTF TopN IS true, No DISTINCT columns IS true, BinarySortableSerDe for keys IS true, LazyBinarySerDe for values IS true
                        Statistics: Num rows: 1704 Data size: 3256276 Basic stats: COMPLETE Column stats: NONE
                        value expressions: _col1 (type: string), _col2 (type: string)
                      Select Operator
                        expressions: _col0 (type: int)
                        outputColumnNames: _col0
                        Select Vectorization:
                            className: VectorSelectOperator
                            native: true
                            projectedOutputColumnNums: [0]
                        Statistics: Num rows: 1704 Data size: 3256276 Basic stats: COMPLETE Column stats: NONE
                        Group By Operator
                          aggregations: min(_col0), max(_col0), bloom_filter(_col0, expectedEntries=1000000)
                          Group By Vectorization:
                              aggregators: VectorUDAFMinLong(col 0:int) -> int, VectorUDAFMaxLong(col 0:int) -> int, VectorUDAFBloomFilter(col 0:int) -> binary
                              className: VectorGroupByOperator
                              groupByMode: HASH
                              native: false
                              vectorProcessingMode: HASH
                              projectedOutputColumnNums: [0, 1, 2]
                          mode: hash
                          outputColumnNames: _col0, _col1, _col2
                          Statistics: Num rows: 1 Data size: 12 Basic stats: COMPLETE Column stats: NONE
                          Reduce Output Operator
                            sort order: 
                            Reduce Sink Vectorization:
                                className: VectorReduceSinkEmptyKeyOperator
                                native: true
                                nativeConditionsMet: hive.vectorized.execution.reducesink.new.enabled IS true, hive.execution.engine tez IN [tez, spark] IS true, No PTF TopN IS true, No DISTINCT columns IS true, BinarySortableSerDe for keys IS true, LazyBinarySerDe for values IS true
                            Statistics: Num rows: 1 Data size: 12 Basic stats: COMPLETE Column stats: NONE
                            value expressions: _col0 (type: int), _col1 (type: int), _col2 (type: binary)
            Execution mode: vectorized
            Map Vectorization:
                enabled: true
                enabledConditionsMet: hive.vectorized.use.vectorized.input.format IS true
                inputFormatFeatureSupport: [DECIMAL_64]
                featureSupportInUse: [DECIMAL_64]
                inputFileFormats: org.apache.hadoop.hive.ql.io.orc.OrcInputFormat
                allNative: false
                usesVectorUDFAdaptor: false
                vectorized: true
        Map 7 
            Map Operator Tree:
                TableScan
                  alias: date_dim
                  filterExpr: ((d_year = 2000) and d_date_sk is not null) (type: boolean)
                  Statistics: Num rows: 73049 Data size: 81741831 Basic stats: COMPLETE Column stats: NONE
                  TableScan Vectorization:
                      native: true
                  Filter Operator
                    Filter Vectorization:
                        className: VectorFilterOperator
                        native: true
                        predicateExpression: FilterExprAndExpr(children: FilterLongColEqualLongScalar(col 6:int, val 2000), SelectColumnIsNotNull(col 0:int))
                    predicate: ((d_year = 2000) and d_date_sk is not null) (type: boolean)
                    Statistics: Num rows: 36524 Data size: 40870356 Basic stats: COMPLETE Column stats: NONE
                    Select Operator
                      expressions: d_date_sk (type: int), d_moy (type: int)
                      outputColumnNames: _col0, _col2
                      Select Vectorization:
                          className: VectorSelectOperator
                          native: true
                          projectedOutputColumnNums: [0, 8]
                      Statistics: Num rows: 36524 Data size: 40870356 Basic stats: COMPLETE Column stats: NONE
                      Reduce Output Operator
                        key expressions: _col0 (type: int)
                        sort order: +
                        Map-reduce partition columns: _col0 (type: int)
                        Reduce Sink Vectorization:
                            className: VectorReduceSinkLongOperator
                            native: true
                            nativeConditionsMet: hive.vectorized.execution.reducesink.new.enabled IS true, hive.execution.engine tez IN [tez, spark] IS true, No PTF TopN IS true, No DISTINCT columns IS true, BinarySortableSerDe for keys IS true, LazyBinarySerDe for values IS true
                        Statistics: Num rows: 36524 Data size: 40870356 Basic stats: COMPLETE Column stats: NONE
                        value expressions: _col2 (type: int)
                      Select Operator
                        expressions: _col0 (type: int)
                        outputColumnNames: _col0
                        Select Vectorization:
                            className: VectorSelectOperator
                            native: true
                            projectedOutputColumnNums: [0]
                        Statistics: Num rows: 36524 Data size: 40870356 Basic stats: COMPLETE Column stats: NONE
                        Group By Operator
                          aggregations: min(_col0), max(_col0), bloom_filter(_col0, expectedEntries=1000000)
                          Group By Vectorization:
                              aggregators: VectorUDAFMinLong(col 0:int) -> int, VectorUDAFMaxLong(col 0:int) -> int, VectorUDAFBloomFilter(col 0:int) -> binary
                              className: VectorGroupByOperator
                              groupByMode: HASH
                              native: false
                              vectorProcessingMode: HASH
                              projectedOutputColumnNums: [0, 1, 2]
                          mode: hash
                          outputColumnNames: _col0, _col1, _col2
                          Statistics: Num rows: 1 Data size: 12 Basic stats: COMPLETE Column stats: NONE
                          Reduce Output Operator
                            sort order: 
                            Reduce Sink Vectorization:
                                className: VectorReduceSinkEmptyKeyOperator
                                native: true
                                nativeConditionsMet: hive.vectorized.execution.reducesink.new.enabled IS true, hive.execution.engine tez IN [tez, spark] IS true, No PTF TopN IS true, No DISTINCT columns IS true, BinarySortableSerDe for keys IS true, LazyBinarySerDe for values IS true
                            Statistics: Num rows: 1 Data size: 12 Basic stats: COMPLETE Column stats: NONE
                            value expressions: _col0 (type: int), _col1 (type: int), _col2 (type: binary)
            Execution mode: vectorized
            Map Vectorization:
                enabled: true
                enabledConditionsMet: hive.vectorized.use.vectorized.input.format IS true
                inputFormatFeatureSupport: [DECIMAL_64]
                featureSupportInUse: [DECIMAL_64]
                inputFileFormats: org.apache.hadoop.hive.ql.io.orc.OrcInputFormat
                allNative: false
                usesVectorUDFAdaptor: false
                vectorized: true
        Map 9 
            Map Operator Tree:
                TableScan
                  alias: item
                  filterExpr: ((((i_category) IN ('Home', 'Books', 'Electronics') and (i_class) IN ('wallpaper', 'parenting', 'musical')) or ((i_category) IN ('Shoes', 'Jewelry', 'Men') and (i_class) IN ('womens', 'birdal', 'pants'))) and i_item_sk is not null) (type: boolean)
                  Statistics: Num rows: 462000 Data size: 663560457 Basic stats: COMPLETE Column stats: NONE
                  TableScan Vectorization:
                      native: true
                  Filter Operator
                    Filter Vectorization:
                        className: VectorFilterOperator
                        native: true
                        predicateExpression: FilterExprAndExpr(children: FilterExprOrExpr(children: FilterExprAndExpr(children: FilterStringColumnInList(col 12, values Home, Books, Electronics), FilterStringColumnInList(col 10, values wallpaper, parenting, musical)), FilterExprAndExpr(children: FilterStringColumnInList(col 12, values Shoes, Jewelry, Men), FilterStringColumnInList(col 10, values womens, birdal, pants))), SelectColumnIsNotNull(col 0:int))
                    predicate: ((((i_category) IN ('Home', 'Books', 'Electronics') and (i_class) IN ('wallpaper', 'parenting', 'musical')) or ((i_category) IN ('Shoes', 'Jewelry', 'Men') and (i_class) IN ('womens', 'birdal', 'pants'))) and i_item_sk is not null) (type: boolean)
                    Statistics: Num rows: 462000 Data size: 663560457 Basic stats: COMPLETE Column stats: NONE
                    Select Operator
                      expressions: i_item_sk (type: int), i_brand (type: string), i_class (type: string), i_category (type: string)
                      outputColumnNames: _col0, _col1, _col2, _col3
                      Select Vectorization:
                          className: VectorSelectOperator
                          native: true
                          projectedOutputColumnNums: [0, 8, 10, 12]
                      Statistics: Num rows: 462000 Data size: 663560457 Basic stats: COMPLETE Column stats: NONE
                      Reduce Output Operator
                        key expressions: _col0 (type: int)
                        sort order: +
                        Map-reduce partition columns: _col0 (type: int)
                        Reduce Sink Vectorization:
                            className: VectorReduceSinkLongOperator
                            native: true
                            nativeConditionsMet: hive.vectorized.execution.reducesink.new.enabled IS true, hive.execution.engine tez IN [tez, spark] IS true, No PTF TopN IS true, No DISTINCT columns IS true, BinarySortableSerDe for keys IS true, LazyBinarySerDe for values IS true
                        Statistics: Num rows: 462000 Data size: 663560457 Basic stats: COMPLETE Column stats: NONE
                        value expressions: _col1 (type: string), _col2 (type: string), _col3 (type: string)
                      Select Operator
                        expressions: _col0 (type: int)
                        outputColumnNames: _col0
                        Select Vectorization:
                            className: VectorSelectOperator
                            native: true
                            projectedOutputColumnNums: [0]
                        Statistics: Num rows: 462000 Data size: 663560457 Basic stats: COMPLETE Column stats: NONE
                        Group By Operator
                          aggregations: min(_col0), max(_col0), bloom_filter(_col0, expectedEntries=1000000)
                          Group By Vectorization:
                              aggregators: VectorUDAFMinLong(col 0:int) -> int, VectorUDAFMaxLong(col 0:int) -> int, VectorUDAFBloomFilter(col 0:int) -> binary
                              className: VectorGroupByOperator
                              groupByMode: HASH
                              native: false
                              vectorProcessingMode: HASH
                              projectedOutputColumnNums: [0, 1, 2]
                          mode: hash
                          outputColumnNames: _col0, _col1, _col2
                          Statistics: Num rows: 1 Data size: 12 Basic stats: COMPLETE Column stats: NONE
                          Reduce Output Operator
                            sort order: 
                            Reduce Sink Vectorization:
                                className: VectorReduceSinkEmptyKeyOperator
                                native: true
                                nativeConditionsMet: hive.vectorized.execution.reducesink.new.enabled IS true, hive.execution.engine tez IN [tez, spark] IS true, No PTF TopN IS true, No DISTINCT columns IS true, BinarySortableSerDe for keys IS true, LazyBinarySerDe for values IS true
                            Statistics: Num rows: 1 Data size: 12 Basic stats: COMPLETE Column stats: NONE
                            value expressions: _col0 (type: int), _col1 (type: int), _col2 (type: binary)
            Execution mode: vectorized
            Map Vectorization:
                enabled: true
                enabledConditionsMet: hive.vectorized.use.vectorized.input.format IS true
                inputFormatFeatureSupport: [DECIMAL_64]
                featureSupportInUse: [DECIMAL_64]
                inputFileFormats: org.apache.hadoop.hive.ql.io.orc.OrcInputFormat
                allNative: false
                usesVectorUDFAdaptor: false
                vectorized: true
        Reducer 10 
            Execution mode: vectorized
            Reduce Vectorization:
                enabled: true
                enableConditionsMet: hive.vectorized.execution.reduce.enabled IS true, hive.execution.engine tez IN [tez, spark] IS true
                allNative: false
                usesVectorUDFAdaptor: false
                vectorized: true
            Reduce Operator Tree:
              Group By Operator
                aggregations: min(VALUE._col0), max(VALUE._col1), bloom_filter(VALUE._col2, expectedEntries=1000000)
                Group By Vectorization:
                    aggregators: VectorUDAFMinLong(col 0:int) -> int, VectorUDAFMaxLong(col 1:int) -> int, VectorUDAFBloomFilterMerge(col 2:binary) -> binary
                    className: VectorGroupByOperator
                    groupByMode: FINAL
                    native: false
                    vectorProcessingMode: STREAMING
                    projectedOutputColumnNums: [0, 1, 2]
                mode: final
                outputColumnNames: _col0, _col1, _col2
                Statistics: Num rows: 1 Data size: 12 Basic stats: COMPLETE Column stats: NONE
                Reduce Output Operator
                  sort order: 
                  Reduce Sink Vectorization:
                      className: VectorReduceSinkEmptyKeyOperator
                      native: true
                      nativeConditionsMet: hive.vectorized.execution.reducesink.new.enabled IS true, hive.execution.engine tez IN [tez, spark] IS true, No PTF TopN IS true, No DISTINCT columns IS true, BinarySortableSerDe for keys IS true, LazyBinarySerDe for values IS true
                  Statistics: Num rows: 1 Data size: 12 Basic stats: COMPLETE Column stats: NONE
                  value expressions: _col0 (type: int), _col1 (type: int), _col2 (type: binary)
        Reducer 12 
            Execution mode: vectorized
            Reduce Vectorization:
                enabled: true
                enableConditionsMet: hive.vectorized.execution.reduce.enabled IS true, hive.execution.engine tez IN [tez, spark] IS true
                allNative: false
                usesVectorUDFAdaptor: false
                vectorized: true
            Reduce Operator Tree:
              Group By Operator
                aggregations: min(VALUE._col0), max(VALUE._col1), bloom_filter(VALUE._col2, expectedEntries=1000000)
                Group By Vectorization:
                    aggregators: VectorUDAFMinLong(col 0:int) -> int, VectorUDAFMaxLong(col 1:int) -> int, VectorUDAFBloomFilterMerge(col 2:binary) -> binary
                    className: VectorGroupByOperator
                    groupByMode: FINAL
                    native: false
                    vectorProcessingMode: STREAMING
                    projectedOutputColumnNums: [0, 1, 2]
                mode: final
                outputColumnNames: _col0, _col1, _col2
                Statistics: Num rows: 1 Data size: 12 Basic stats: COMPLETE Column stats: NONE
                Reduce Output Operator
                  sort order: 
                  Reduce Sink Vectorization:
                      className: VectorReduceSinkEmptyKeyOperator
                      native: true
                      nativeConditionsMet: hive.vectorized.execution.reducesink.new.enabled IS true, hive.execution.engine tez IN [tez, spark] IS true, No PTF TopN IS true, No DISTINCT columns IS true, BinarySortableSerDe for keys IS true, LazyBinarySerDe for values IS true
                  Statistics: Num rows: 1 Data size: 12 Basic stats: COMPLETE Column stats: NONE
                  value expressions: _col0 (type: int), _col1 (type: int), _col2 (type: binary)
        Reducer 2 
            Reduce Operator Tree:
              Merge Join Operator
                condition map:
                     Inner Join 0 to 1
                keys:
                  0 _col0 (type: int)
                  1 _col0 (type: int)
                outputColumnNames: _col1, _col2, _col3, _col6
                Statistics: Num rows: 633595212 Data size: 55895953508 Basic stats: COMPLETE Column stats: NONE
                Reduce Output Operator
                  key expressions: _col1 (type: int)
                  sort order: +
                  Map-reduce partition columns: _col1 (type: int)
                  Statistics: Num rows: 633595212 Data size: 55895953508 Basic stats: COMPLETE Column stats: NONE
                  value expressions: _col2 (type: int), _col3 (type: decimal(7,2)), _col6 (type: int)
        Reducer 3 
            Reduce Operator Tree:
              Merge Join Operator
                condition map:
                     Inner Join 0 to 1
                keys:
                  0 _col1 (type: int)
                  1 _col0 (type: int)
                outputColumnNames: _col2, _col3, _col6, _col8, _col9, _col10
                Statistics: Num rows: 696954748 Data size: 61485550191 Basic stats: COMPLETE Column stats: NONE
                Map Join Operator
                  condition map:
                       Inner Join 0 to 1
                  keys:
                    0 _col2 (type: int)
                    1 _col0 (type: int)
                  outputColumnNames: _col3, _col6, _col8, _col9, _col10, _col12, _col13
                  input vertices:
                    1 Map 11
                  Statistics: Num rows: 766650239 Data size: 67634106676 Basic stats: COMPLETE Column stats: NONE
                  HybridGraceHashJoin: true
                  Group By Operator
                    aggregations: sum(_col3)
                    keys: _col6 (type: int), _col8 (type: string), _col9 (type: string), _col10 (type: string), _col12 (type: string), _col13 (type: string)
                    mode: hash
                    outputColumnNames: _col0, _col1, _col2, _col3, _col4, _col5, _col6
                    Statistics: Num rows: 766650239 Data size: 67634106676 Basic stats: COMPLETE Column stats: NONE
                    Reduce Output Operator
                      key expressions: _col0 (type: int), _col1 (type: string), _col2 (type: string), _col3 (type: string), _col4 (type: string), _col5 (type: string)
                      sort order: ++++++
                      Map-reduce partition columns: _col0 (type: int), _col1 (type: string), _col2 (type: string), _col3 (type: string), _col4 (type: string), _col5 (type: string)
                      Statistics: Num rows: 766650239 Data size: 67634106676 Basic stats: COMPLETE Column stats: NONE
                      value expressions: _col6 (type: decimal(17,2))
        Reducer 4 
            Execution mode: vectorized
            Reduce Vectorization:
                enabled: true
                enableConditionsMet: hive.vectorized.execution.reduce.enabled IS true, hive.execution.engine tez IN [tez, spark] IS true
                allNative: false
                usesVectorUDFAdaptor: false
                vectorized: true
            Reduce Operator Tree:
              Group By Operator
                aggregations: sum(VALUE._col0)
                Group By Vectorization:
                    aggregators: VectorUDAFSumDecimal(col 6:decimal(17,2)) -> decimal(17,2)
                    className: VectorGroupByOperator
                    groupByMode: MERGEPARTIAL
                    keyExpressions: col 0:int, col 1:string, col 2:string, col 3:string, col 4:string, col 5:string
                    native: false
                    vectorProcessingMode: MERGE_PARTIAL
                    projectedOutputColumnNums: [0]
                keys: KEY._col0 (type: int), KEY._col1 (type: string), KEY._col2 (type: string), KEY._col3 (type: string), KEY._col4 (type: string), KEY._col5 (type: string)
                mode: mergepartial
                outputColumnNames: _col0, _col1, _col2, _col3, _col4, _col5, _col6
                Statistics: Num rows: 383325119 Data size: 33817053293 Basic stats: COMPLETE Column stats: NONE
                Reduce Output Operator
                  key expressions: _col3 (type: string), _col1 (type: string), _col4 (type: string), _col5 (type: string)
                  sort order: ++++
                  Map-reduce partition columns: _col3 (type: string), _col1 (type: string), _col4 (type: string), _col5 (type: string)
                  Reduce Sink Vectorization:
                      className: VectorReduceSinkMultiKeyOperator
                      native: true
                      nativeConditionsMet: hive.vectorized.execution.reducesink.new.enabled IS true, hive.execution.engine tez IN [tez, spark] IS true, No PTF TopN IS true, No DISTINCT columns IS true, BinarySortableSerDe for keys IS true, LazyBinarySerDe for values IS true
                  Statistics: Num rows: 383325119 Data size: 33817053293 Basic stats: COMPLETE Column stats: NONE
                  value expressions: _col0 (type: int), _col2 (type: string), _col6 (type: decimal(17,2))
        Reducer 5 
            Execution mode: vectorized
            Reduce Vectorization:
                enabled: true
                enableConditionsMet: hive.vectorized.execution.reduce.enabled IS true, hive.execution.engine tez IN [tez, spark] IS true
                allNative: true
                usesVectorUDFAdaptor: false
                vectorized: true
            Reduce Operator Tree:
              Select Operator
                expressions: VALUE._col0 (type: int), KEY.reducesinkkey1 (type: string), VALUE._col1 (type: string), KEY.reducesinkkey0 (type: string), KEY.reducesinkkey2 (type: string), KEY.reducesinkkey3 (type: string), VALUE._col2 (type: decimal(17,2))
                outputColumnNames: _col0, _col1, _col2, _col3, _col4, _col5, _col6
                Select Vectorization:
                    className: VectorSelectOperator
                    native: true
                    projectedOutputColumnNums: [4, 1, 5, 0, 2, 3, 6]
                Statistics: Num rows: 383325119 Data size: 33817053293 Basic stats: COMPLETE Column stats: NONE
                PTF Operator
                  Function definitions:
                      Input definition
                        input alias: ptf_0
                        output shape: _col0: int, _col1: string, _col2: string, _col3: string, _col4: string, _col5: string, _col6: decimal(17,2)
                        type: WINDOWING
                      Windowing table definition
                        input alias: ptf_1
                        name: windowingtablefunction
                        order by: _col3 ASC NULLS FIRST, _col1 ASC NULLS FIRST, _col4 ASC NULLS FIRST, _col5 ASC NULLS FIRST
                        partition by: _col3, _col1, _col4, _col5
                        raw input shape:
                        window functions:
                            window function definition
                              alias: avg_window_0
                              arguments: _col6
                              name: avg
                              window function: GenericUDAFAverageEvaluatorDecimal
                              window frame: ROWS PRECEDING(MAX)~FOLLOWING(MAX)
                  PTF Vectorization:
                      className: VectorPTFOperator
                      evaluatorClasses: [VectorPTFEvaluatorDecimalAvg]
                      functionInputExpressions: [col 6:decimal(17,2)]
                      functionNames: [avg]
                      native: true
                      orderExpressions: [col 0:string, col 1:string, col 2:string, col 3:string]
                  Statistics: Num rows: 383325119 Data size: 33817053293 Basic stats: COMPLETE Column stats: NONE
                  Select Operator
                    expressions: avg_window_0 (type: decimal(21,6)), _col0 (type: int), _col1 (type: string), _col2 (type: string), _col3 (type: string), _col4 (type: string), _col5 (type: string), _col6 (type: decimal(17,2))
                    outputColumnNames: avg_window_0, _col0, _col1, _col2, _col3, _col4, _col5, _col6
                    Select Vectorization:
                        className: VectorSelectOperator
                        native: true
                        projectedOutputColumnNums: [7, 4, 1, 5, 0, 2, 3, 6]
                    Statistics: Num rows: 383325119 Data size: 33817053293 Basic stats: COMPLETE Column stats: NONE
                    Filter Operator
                      Filter Vectorization:
                          className: VectorFilterOperator
                          native: true
                          predicateExpression: SelectColumnIsTrue(col 13:boolean)(children: IfExprCondExprNull(col 8:boolean, col 12:boolean, null)(children: DecimalColNotEqualDecimalScalar(col 7:decimal(21,6), val 0) -> 8:boolean, DecimalColGreaterDecimalScalar(col 11:decimal(38,16), val 0.1)(children: DecimalColDivideDecimalColumn(col 10:decimal(22,6), col 7:decimal(21,6))(children: FuncAbsDecimalToDecimal(col 9:decimal(22,6))(children: DecimalColSubtractDecimalColumn(col 6:decimal(17,2), col 7:decimal(21,6)) -> 9:decimal(22,6)) -> 10:decimal(22,6)) -> 11:decimal(38,16)) -> 12:boolean) -> 13:boolean)
                      predicate: CASE WHEN ((avg_window_0 <> 0)) THEN (((abs((_col6 - avg_window_0)) / avg_window_0) > 0.1)) ELSE (null) END (type: boolean)
                      Statistics: Num rows: 191662559 Data size: 16908526602 Basic stats: COMPLETE Column stats: NONE
                      Select Operator
                        expressions: _col3 (type: string), _col2 (type: string), _col1 (type: string), _col4 (type: string), _col5 (type: string), _col0 (type: int), _col6 (type: decimal(17,2)), avg_window_0 (type: decimal(21,6)), (_col6 - avg_window_0) (type: decimal(22,6))
                        outputColumnNames: _col0, _col1, _col2, _col3, _col4, _col5, _col6, _col7, _col8
                        Select Vectorization:
                            className: VectorSelectOperator
                            native: true
                            projectedOutputColumnNums: [0, 5, 1, 2, 3, 4, 6, 7, 9]
                            selectExpressions: DecimalColSubtractDecimalColumn(col 6:decimal(17,2), col 7:decimal(21,6)) -> 9:decimal(22,6)
                        Statistics: Num rows: 191662559 Data size: 16908526602 Basic stats: COMPLETE Column stats: NONE
                        Reduce Output Operator
                          key expressions: _col8 (type: decimal(22,6)), _col3 (type: string)
                          sort order: ++
                          Reduce Sink Vectorization:
                              className: VectorReduceSinkObjectHashOperator
                              native: true
                              nativeConditionsMet: hive.vectorized.execution.reducesink.new.enabled IS true, hive.execution.engine tez IN [tez, spark] IS true, No PTF TopN IS true, No DISTINCT columns IS true, BinarySortableSerDe for keys IS true, LazyBinarySerDe for values IS true
                          Statistics: Num rows: 191662559 Data size: 16908526602 Basic stats: COMPLETE Column stats: NONE
                          TopN Hash Memory Usage: 0.1
                          value expressions: _col0 (type: string), _col1 (type: string), _col2 (type: string), _col4 (type: string), _col5 (type: int), _col6 (type: decimal(17,2)), _col7 (type: decimal(21,6))
        Reducer 6 
            Execution mode: vectorized
            Reduce Vectorization:
                enabled: true
                enableConditionsMet: hive.vectorized.execution.reduce.enabled IS true, hive.execution.engine tez IN [tez, spark] IS true
                allNative: false
                usesVectorUDFAdaptor: false
                vectorized: true
            Reduce Operator Tree:
              Select Operator
                expressions: VALUE._col0 (type: string), VALUE._col1 (type: string), VALUE._col2 (type: string), KEY.reducesinkkey1 (type: string), VALUE._col3 (type: string), VALUE._col4 (type: int), VALUE._col5 (type: decimal(17,2)), VALUE._col6 (type: decimal(21,6))
                outputColumnNames: _col0, _col1, _col2, _col3, _col4, _col5, _col6, _col7
                Select Vectorization:
                    className: VectorSelectOperator
                    native: true
                    projectedOutputColumnNums: [2, 3, 4, 1, 5, 6, 7, 8]
                Statistics: Num rows: 191662559 Data size: 16908526602 Basic stats: COMPLETE Column stats: NONE
                Limit
                  Number of rows: 100
                  Limit Vectorization:
                      className: VectorLimitOperator
                      native: true
                  Statistics: Num rows: 100 Data size: 8800 Basic stats: COMPLETE Column stats: NONE
                  File Output Operator
                    compressed: false
                    File Sink Vectorization:
                        className: VectorFileSinkOperator
                        native: false
                    Statistics: Num rows: 100 Data size: 8800 Basic stats: COMPLETE Column stats: NONE
                    table:
                        input format: org.apache.hadoop.mapred.SequenceFileInputFormat
                        output format: org.apache.hadoop.hive.ql.io.HiveSequenceFileOutputFormat
                        serde: org.apache.hadoop.hive.serde2.lazy.LazySimpleSerDe
        Reducer 8 
            Execution mode: vectorized
            Reduce Vectorization:
                enabled: true
                enableConditionsMet: hive.vectorized.execution.reduce.enabled IS true, hive.execution.engine tez IN [tez, spark] IS true
                allNative: false
                usesVectorUDFAdaptor: false
                vectorized: true
            Reduce Operator Tree:
              Group By Operator
                aggregations: min(VALUE._col0), max(VALUE._col1), bloom_filter(VALUE._col2, expectedEntries=1000000)
                Group By Vectorization:
                    aggregators: VectorUDAFMinLong(col 0:int) -> int, VectorUDAFMaxLong(col 1:int) -> int, VectorUDAFBloomFilterMerge(col 2:binary) -> binary
                    className: VectorGroupByOperator
                    groupByMode: FINAL
                    native: false
                    vectorProcessingMode: STREAMING
                    projectedOutputColumnNums: [0, 1, 2]
                mode: final
                outputColumnNames: _col0, _col1, _col2
                Statistics: Num rows: 1 Data size: 12 Basic stats: COMPLETE Column stats: NONE
                Reduce Output Operator
                  sort order: 
                  Reduce Sink Vectorization:
                      className: VectorReduceSinkEmptyKeyOperator
                      native: true
                      nativeConditionsMet: hive.vectorized.execution.reducesink.new.enabled IS true, hive.execution.engine tez IN [tez, spark] IS true, No PTF TopN IS true, No DISTINCT columns IS true, BinarySortableSerDe for keys IS true, LazyBinarySerDe for values IS true
                  Statistics: Num rows: 1 Data size: 12 Basic stats: COMPLETE Column stats: NONE
                  value expressions: _col0 (type: int), _col1 (type: int), _col2 (type: binary)

  Stage: Stage-0
    Fetch Operator
      limit: -1
      Processor Tree:
        ListSink

