PREHOOK: query: explain vectorization expression
select  
   count(distinct ws_order_number) as `order count`
  ,sum(ws_ext_ship_cost) as `total shipping cost`
  ,sum(ws_net_profit) as `total net profit`
from
   web_sales ws1
  ,date_dim
  ,customer_address
  ,web_site
where
    d_date between '1999-5-01' and 
           (cast('1999-5-01' as date) + 60 days)
and ws1.ws_ship_date_sk = d_date_sk
and ws1.ws_ship_addr_sk = ca_address_sk
and ca_state = 'TX'
and ws1.ws_web_site_sk = web_site_sk
and web_company_name = 'pri'
and exists (select *
            from web_sales ws2
            where ws1.ws_order_number = ws2.ws_order_number
              and ws1.ws_warehouse_sk <> ws2.ws_warehouse_sk)
and not exists(select *
               from web_returns wr1
               where ws1.ws_order_number = wr1.wr_order_number)
order by count(distinct ws_order_number)
limit 100
PREHOOK: type: QUERY
POSTHOOK: query: explain vectorization expression
select  
   count(distinct ws_order_number) as `order count`
  ,sum(ws_ext_ship_cost) as `total shipping cost`
  ,sum(ws_net_profit) as `total net profit`
from
   web_sales ws1
  ,date_dim
  ,customer_address
  ,web_site
where
    d_date between '1999-5-01' and 
           (cast('1999-5-01' as date) + 60 days)
and ws1.ws_ship_date_sk = d_date_sk
and ws1.ws_ship_addr_sk = ca_address_sk
and ca_state = 'TX'
and ws1.ws_web_site_sk = web_site_sk
and web_company_name = 'pri'
and exists (select *
            from web_sales ws2
            where ws1.ws_order_number = ws2.ws_order_number
              and ws1.ws_warehouse_sk <> ws2.ws_warehouse_sk)
and not exists(select *
               from web_returns wr1
               where ws1.ws_order_number = wr1.wr_order_number)
order by count(distinct ws_order_number)
limit 100
POSTHOOK: type: QUERY
PLAN VECTORIZATION:
  enabled: true
  enabledConditionsMet: [hive.vectorized.execution.enabled IS true]

STAGE DEPENDENCIES:
  Stage-1 is a root stage
  Stage-0 depends on stages: Stage-1

STAGE PLANS:
  Stage: Stage-1
    Tez
#### A masked pattern was here ####
      Edges:
        Map 1 <- Map 8 (BROADCAST_EDGE), Reducer 10 (BROADCAST_EDGE), Reducer 12 (BROADCAST_EDGE)
        Reducer 10 <- Map 9 (CUSTOM_SIMPLE_EDGE)
        Reducer 12 <- Map 11 (CUSTOM_SIMPLE_EDGE)
        Reducer 15 <- Map 14 (SIMPLE_EDGE)
        Reducer 2 <- Map 1 (SIMPLE_EDGE), Map 11 (BROADCAST_EDGE), Map 9 (SIMPLE_EDGE)
        Reducer 3 <- Map 13 (SIMPLE_EDGE), Reducer 2 (SIMPLE_EDGE)
        Reducer 4 <- Reducer 15 (ONE_TO_ONE_EDGE), Reducer 3 (ONE_TO_ONE_EDGE)
        Reducer 5 <- Reducer 4 (SIMPLE_EDGE)
        Reducer 6 <- Reducer 5 (CUSTOM_SIMPLE_EDGE)
        Reducer 7 <- Reducer 6 (SIMPLE_EDGE)
#### A masked pattern was here ####
      Vertices:
        Map 1 
            Map Operator Tree:
                TableScan
                  alias: ws1
                  filterExpr: (ws_ship_date_sk is not null and ws_ship_addr_sk is not null and ws_web_site_sk is not null and ws_order_number is not null and (ws_ship_addr_sk BETWEEN DynamicValue(RS_16_customer_address_ca_address_sk_min) AND DynamicValue(RS_16_customer_address_ca_address_sk_max) and in_bloom_filter(ws_ship_addr_sk, DynamicValue(RS_16_customer_address_ca_address_sk_bloom_filter))) and (ws_web_site_sk BETWEEN DynamicValue(RS_19_web_site_web_site_sk_min) AND DynamicValue(RS_19_web_site_web_site_sk_max) and in_bloom_filter(ws_web_site_sk, DynamicValue(RS_19_web_site_web_site_sk_bloom_filter)))) (type: boolean)
                  Statistics: Num rows: 144002668 Data size: 19580198212 Basic stats: COMPLETE Column stats: NONE
                  TableScan Vectorization:
                      native: true
                  Filter Operator
                    Filter Vectorization:
                        className: VectorFilterOperator
                        native: true
                        predicateExpression: FilterExprAndExpr(children: SelectColumnIsNotNull(col 2:int), SelectColumnIsNotNull(col 11:int), SelectColumnIsNotNull(col 13:int), SelectColumnIsNotNull(col 17:int), FilterExprAndExpr(children: FilterLongColumnBetweenDynamicValue(col 11:int, left 0, right 0), VectorInBloomFilterColDynamicValue), FilterExprAndExpr(children: FilterLongColumnBetweenDynamicValue(col 13:int, left 0, right 0), VectorInBloomFilterColDynamicValue))
                    predicate: ((ws_ship_addr_sk BETWEEN DynamicValue(RS_16_customer_address_ca_address_sk_min) AND DynamicValue(RS_16_customer_address_ca_address_sk_max) and in_bloom_filter(ws_ship_addr_sk, DynamicValue(RS_16_customer_address_ca_address_sk_bloom_filter))) and (ws_web_site_sk BETWEEN DynamicValue(RS_19_web_site_web_site_sk_min) AND DynamicValue(RS_19_web_site_web_site_sk_max) and in_bloom_filter(ws_web_site_sk, DynamicValue(RS_19_web_site_web_site_sk_bloom_filter))) and ws_order_number is not null and ws_ship_addr_sk is not null and ws_ship_date_sk is not null and ws_web_site_sk is not null) (type: boolean)
                    Statistics: Num rows: 144002668 Data size: 19580198212 Basic stats: COMPLETE Column stats: NONE
                    Select Operator
                      expressions: ws_ship_date_sk (type: int), ws_ship_addr_sk (type: int), ws_web_site_sk (type: int), ws_warehouse_sk (type: int), ws_order_number (type: int), ws_ext_ship_cost (type: decimal(7,2)), ws_net_profit (type: decimal(7,2))
                      outputColumnNames: _col0, _col1, _col2, _col3, _col4, _col5, _col6
                      Select Vectorization:
                          className: VectorSelectOperator
                          native: true
                          projectedOutputColumnNums: [2, 11, 13, 15, 17, 28, 33]
                      Statistics: Num rows: 144002668 Data size: 19580198212 Basic stats: COMPLETE Column stats: NONE
                      Map Join Operator
                        condition map:
                             Inner Join 0 to 1
                        keys:
                          0 _col0 (type: int)
                          1 _col0 (type: int)
                        Map Join Vectorization:
                            className: VectorMapJoinInnerBigOnlyLongOperator
                            native: true
                            nativeConditionsMet: hive.mapjoin.optimized.hashtable IS true, hive.vectorized.execution.mapjoin.native.enabled IS true, hive.execution.engine tez IN [tez, spark] IS true, One MapJoin Condition IS true, No nullsafe IS true, Small table vectorizes IS true, Optimized Table and Supports Key Types IS true
                        outputColumnNames: _col1, _col2, _col3, _col4, _col5, _col6
                        input vertices:
                          1 Map 8
                        Statistics: Num rows: 158402938 Data size: 21538218500 Basic stats: COMPLETE Column stats: NONE
                        HybridGraceHashJoin: true
                        Reduce Output Operator
                          key expressions: _col1 (type: int)
                          sort order: +
                          Map-reduce partition columns: _col1 (type: int)
                          Reduce Sink Vectorization:
                              className: VectorReduceSinkLongOperator
                              native: true
                              nativeConditionsMet: hive.vectorized.execution.reducesink.new.enabled IS true, hive.execution.engine tez IN [tez, spark] IS true, No PTF TopN IS true, No DISTINCT columns IS true, BinarySortableSerDe for keys IS true, LazyBinarySerDe for values IS true
                          Statistics: Num rows: 158402938 Data size: 21538218500 Basic stats: COMPLETE Column stats: NONE
                          value expressions: _col2 (type: int), _col3 (type: int), _col4 (type: int), _col5 (type: decimal(7,2)), _col6 (type: decimal(7,2))
            Execution mode: vectorized
            Map Vectorization:
                enabled: true
                enabledConditionsMet: hive.vectorized.use.vectorized.input.format IS true
                inputFormatFeatureSupport: [DECIMAL_64]
                featureSupportInUse: [DECIMAL_64]
                inputFileFormats: org.apache.hadoop.hive.ql.io.orc.OrcInputFormat
                allNative: true
                usesVectorUDFAdaptor: false
                vectorized: true
        Map 11 
            Map Operator Tree:
                TableScan
                  alias: web_site
                  filterExpr: ((web_company_name = 'pri') and web_site_sk is not null) (type: boolean)
                  Statistics: Num rows: 84 Data size: 155408 Basic stats: COMPLETE Column stats: NONE
                  TableScan Vectorization:
                      native: true
                  Filter Operator
                    Filter Vectorization:
                        className: VectorFilterOperator
                        native: true
                        predicateExpression: FilterExprAndExpr(children: FilterStringGroupColEqualStringScalar(col 14:string, val pri), SelectColumnIsNotNull(col 0:int))
                    predicate: ((web_company_name = 'pri') and web_site_sk is not null) (type: boolean)
                    Statistics: Num rows: 42 Data size: 77704 Basic stats: COMPLETE Column stats: NONE
                    Select Operator
                      expressions: web_site_sk (type: int)
                      outputColumnNames: _col0
                      Select Vectorization:
                          className: VectorSelectOperator
                          native: true
                          projectedOutputColumnNums: [0]
                      Statistics: Num rows: 42 Data size: 77704 Basic stats: COMPLETE Column stats: NONE
                      Reduce Output Operator
                        key expressions: _col0 (type: int)
                        sort order: +
                        Map-reduce partition columns: _col0 (type: int)
                        Reduce Sink Vectorization:
                            className: VectorReduceSinkLongOperator
                            native: true
                            nativeConditionsMet: hive.vectorized.execution.reducesink.new.enabled IS true, hive.execution.engine tez IN [tez, spark] IS true, No PTF TopN IS true, No DISTINCT columns IS true, BinarySortableSerDe for keys IS true, LazyBinarySerDe for values IS true
                        Statistics: Num rows: 42 Data size: 77704 Basic stats: COMPLETE Column stats: NONE
                      Select Operator
                        expressions: _col0 (type: int)
                        outputColumnNames: _col0
                        Select Vectorization:
                            className: VectorSelectOperator
                            native: true
                            projectedOutputColumnNums: [0]
                        Statistics: Num rows: 42 Data size: 77704 Basic stats: COMPLETE Column stats: NONE
                        Group By Operator
                          aggregations: min(_col0), max(_col0), bloom_filter(_col0, expectedEntries=1000000)
                          Group By Vectorization:
                              aggregators: VectorUDAFMinLong(col 0:int) -> int, VectorUDAFMaxLong(col 0:int) -> int, VectorUDAFBloomFilter(col 0:int) -> binary
                              className: VectorGroupByOperator
                              groupByMode: HASH
                              native: false
                              vectorProcessingMode: HASH
                              projectedOutputColumnNums: [0, 1, 2]
                          mode: hash
                          outputColumnNames: _col0, _col1, _col2
                          Statistics: Num rows: 1 Data size: 12 Basic stats: COMPLETE Column stats: NONE
                          Reduce Output Operator
                            sort order: 
                            Reduce Sink Vectorization:
                                className: VectorReduceSinkEmptyKeyOperator
                                native: true
                                nativeConditionsMet: hive.vectorized.execution.reducesink.new.enabled IS true, hive.execution.engine tez IN [tez, spark] IS true, No PTF TopN IS true, No DISTINCT columns IS true, BinarySortableSerDe for keys IS true, LazyBinarySerDe for values IS true
                            Statistics: Num rows: 1 Data size: 12 Basic stats: COMPLETE Column stats: NONE
                            value expressions: _col0 (type: int), _col1 (type: int), _col2 (type: binary)
            Execution mode: vectorized
            Map Vectorization:
                enabled: true
                enabledConditionsMet: hive.vectorized.use.vectorized.input.format IS true
                inputFormatFeatureSupport: [DECIMAL_64]
                featureSupportInUse: [DECIMAL_64]
                inputFileFormats: org.apache.hadoop.hive.ql.io.orc.OrcInputFormat
                allNative: false
                usesVectorUDFAdaptor: false
                vectorized: true
        Map 13 
            Map Operator Tree:
                TableScan
                  alias: ws2
                  filterExpr: (ws_order_number is not null and ws_warehouse_sk is not null) (type: boolean)
                  Statistics: Num rows: 144002668 Data size: 19580198212 Basic stats: COMPLETE Column stats: NONE
                  TableScan Vectorization:
                      native: true
                  Filter Operator
                    Filter Vectorization:
                        className: VectorFilterOperator
                        native: true
                        predicateExpression: FilterExprAndExpr(children: SelectColumnIsNotNull(col 17:int), SelectColumnIsNotNull(col 15:int))
                    predicate: (ws_order_number is not null and ws_warehouse_sk is not null) (type: boolean)
                    Statistics: Num rows: 144002668 Data size: 19580198212 Basic stats: COMPLETE Column stats: NONE
                    Select Operator
                      expressions: ws_order_number (type: int), ws_warehouse_sk (type: int)
                      outputColumnNames: _col0, _col1
                      Select Vectorization:
                          className: VectorSelectOperator
                          native: true
                          projectedOutputColumnNums: [17, 15]
                      Statistics: Num rows: 144002668 Data size: 19580198212 Basic stats: COMPLETE Column stats: NONE
                      Group By Operator
                        Group By Vectorization:
                            className: VectorGroupByOperator
                            groupByMode: HASH
                            keyExpressions: col 17:int, col 15:int
                            native: false
                            vectorProcessingMode: HASH
                            projectedOutputColumnNums: []
                        keys: _col0 (type: int), _col1 (type: int)
                        mode: hash
                        outputColumnNames: _col0, _col1
                        Statistics: Num rows: 144002668 Data size: 19580198212 Basic stats: COMPLETE Column stats: NONE
                        Reduce Output Operator
                          key expressions: _col0 (type: int)
                          sort order: +
                          Map-reduce partition columns: _col0 (type: int)
                          Reduce Sink Vectorization:
                              className: VectorReduceSinkObjectHashOperator
                              native: true
                              nativeConditionsMet: hive.vectorized.execution.reducesink.new.enabled IS true, hive.execution.engine tez IN [tez, spark] IS true, No PTF TopN IS true, No DISTINCT columns IS true, BinarySortableSerDe for keys IS true, LazyBinarySerDe for values IS true
                          Statistics: Num rows: 144002668 Data size: 19580198212 Basic stats: COMPLETE Column stats: NONE
                          value expressions: _col1 (type: int)
            Execution mode: vectorized
            Map Vectorization:
                enabled: true
                enabledConditionsMet: hive.vectorized.use.vectorized.input.format IS true
                inputFormatFeatureSupport: [DECIMAL_64]
                featureSupportInUse: [DECIMAL_64]
                inputFileFormats: org.apache.hadoop.hive.ql.io.orc.OrcInputFormat
                allNative: false
                usesVectorUDFAdaptor: false
                vectorized: true
        Map 14 
            Map Operator Tree:
                TableScan
                  alias: wr1
                  filterExpr: wr_order_number is not null (type: boolean)
                  Statistics: Num rows: 14398467 Data size: 1325194184 Basic stats: COMPLETE Column stats: NONE
                  TableScan Vectorization:
                      native: true
                  Filter Operator
                    Filter Vectorization:
                        className: VectorFilterOperator
                        native: true
                        predicateExpression: SelectColumnIsNotNull(col 13:int)
                    predicate: wr_order_number is not null (type: boolean)
                    Statistics: Num rows: 14398467 Data size: 1325194184 Basic stats: COMPLETE Column stats: NONE
                    Group By Operator
                      Group By Vectorization:
                          className: VectorGroupByOperator
                          groupByMode: HASH
                          keyExpressions: col 13:int
                          native: false
                          vectorProcessingMode: HASH
                          projectedOutputColumnNums: []
                      keys: wr_order_number (type: int)
                      mode: hash
                      outputColumnNames: _col0
                      Statistics: Num rows: 14398467 Data size: 1325194184 Basic stats: COMPLETE Column stats: NONE
                      Reduce Output Operator
                        key expressions: _col0 (type: int)
                        sort order: +
                        Map-reduce partition columns: _col0 (type: int)
                        Reduce Sink Vectorization:
                            className: VectorReduceSinkObjectHashOperator
                            native: true
                            nativeConditionsMet: hive.vectorized.execution.reducesink.new.enabled IS true, hive.execution.engine tez IN [tez, spark] IS true, No PTF TopN IS true, No DISTINCT columns IS true, BinarySortableSerDe for keys IS true, LazyBinarySerDe for values IS true
                        Statistics: Num rows: 14398467 Data size: 1325194184 Basic stats: COMPLETE Column stats: NONE
            Execution mode: vectorized
            Map Vectorization:
                enabled: true
                enabledConditionsMet: hive.vectorized.use.vectorized.input.format IS true
                inputFormatFeatureSupport: [DECIMAL_64]
                featureSupportInUse: [DECIMAL_64]
                inputFileFormats: org.apache.hadoop.hive.ql.io.orc.OrcInputFormat
                allNative: false
                usesVectorUDFAdaptor: false
                vectorized: true
        Map 8 
            Map Operator Tree:
                TableScan
                  alias: date_dim
                  filterExpr: (CAST( d_date AS TIMESTAMP) BETWEEN TIMESTAMP'1999-05-01 00:00:00' AND TIMESTAMP'1999-06-30 00:00:00' and d_date_sk is not null) (type: boolean)
                  Statistics: Num rows: 73049 Data size: 81741831 Basic stats: COMPLETE Column stats: NONE
                  TableScan Vectorization:
                      native: true
                  Filter Operator
                    Filter Vectorization:
                        className: VectorFilterOperator
                        native: true
                        predicateExpression: FilterExprAndExpr(children: FilterTimestampColumnBetween(col 29:timestamp, left 1999-04-30 17:00:00.0, right 1999-06-29 17:00:00.0)(children: CastStringToTimestamp(col 2:string) -> 29:timestamp), SelectColumnIsNotNull(col 0:int))
                    predicate: (CAST( d_date AS TIMESTAMP) BETWEEN TIMESTAMP'1999-05-01 00:00:00' AND TIMESTAMP'1999-06-30 00:00:00' and d_date_sk is not null) (type: boolean)
                    Statistics: Num rows: 8116 Data size: 9081804 Basic stats: COMPLETE Column stats: NONE
                    Select Operator
                      expressions: d_date_sk (type: int)
                      outputColumnNames: _col0
                      Select Vectorization:
                          className: VectorSelectOperator
                          native: true
                          projectedOutputColumnNums: [0]
                      Statistics: Num rows: 8116 Data size: 9081804 Basic stats: COMPLETE Column stats: NONE
                      Reduce Output Operator
                        key expressions: _col0 (type: int)
                        sort order: +
                        Map-reduce partition columns: _col0 (type: int)
                        Reduce Sink Vectorization:
                            className: VectorReduceSinkLongOperator
                            native: true
                            nativeConditionsMet: hive.vectorized.execution.reducesink.new.enabled IS true, hive.execution.engine tez IN [tez, spark] IS true, No PTF TopN IS true, No DISTINCT columns IS true, BinarySortableSerDe for keys IS true, LazyBinarySerDe for values IS true
                        Statistics: Num rows: 8116 Data size: 9081804 Basic stats: COMPLETE Column stats: NONE
            Execution mode: vectorized
            Map Vectorization:
                enabled: true
                enabledConditionsMet: hive.vectorized.use.vectorized.input.format IS true
                inputFormatFeatureSupport: [DECIMAL_64]
                featureSupportInUse: [DECIMAL_64]
                inputFileFormats: org.apache.hadoop.hive.ql.io.orc.OrcInputFormat
                allNative: true
                usesVectorUDFAdaptor: false
                vectorized: true
        Map 9 
            Map Operator Tree:
                TableScan
                  alias: customer_address
                  filterExpr: ((ca_state = 'TX') and ca_address_sk is not null) (type: boolean)
                  Statistics: Num rows: 40000000 Data size: 40595195284 Basic stats: COMPLETE Column stats: NONE
                  TableScan Vectorization:
                      native: true
                  Filter Operator
                    Filter Vectorization:
                        className: VectorFilterOperator
                        native: true
                        predicateExpression: FilterExprAndExpr(children: FilterStringGroupColEqualStringScalar(col 8:string, val TX), SelectColumnIsNotNull(col 0:int))
                    predicate: ((ca_state = 'TX') and ca_address_sk is not null) (type: boolean)
                    Statistics: Num rows: 20000000 Data size: 20297597642 Basic stats: COMPLETE Column stats: NONE
                    Select Operator
                      expressions: ca_address_sk (type: int)
                      outputColumnNames: _col0
                      Select Vectorization:
                          className: VectorSelectOperator
                          native: true
                          projectedOutputColumnNums: [0]
                      Statistics: Num rows: 20000000 Data size: 20297597642 Basic stats: COMPLETE Column stats: NONE
                      Reduce Output Operator
                        key expressions: _col0 (type: int)
                        sort order: +
                        Map-reduce partition columns: _col0 (type: int)
                        Reduce Sink Vectorization:
                            className: VectorReduceSinkLongOperator
                            native: true
                            nativeConditionsMet: hive.vectorized.execution.reducesink.new.enabled IS true, hive.execution.engine tez IN [tez, spark] IS true, No PTF TopN IS true, No DISTINCT columns IS true, BinarySortableSerDe for keys IS true, LazyBinarySerDe for values IS true
                        Statistics: Num rows: 20000000 Data size: 20297597642 Basic stats: COMPLETE Column stats: NONE
                      Select Operator
                        expressions: _col0 (type: int)
                        outputColumnNames: _col0
                        Select Vectorization:
                            className: VectorSelectOperator
                            native: true
                            projectedOutputColumnNums: [0]
                        Statistics: Num rows: 20000000 Data size: 20297597642 Basic stats: COMPLETE Column stats: NONE
                        Group By Operator
                          aggregations: min(_col0), max(_col0), bloom_filter(_col0, expectedEntries=20000000)
                          Group By Vectorization:
                              aggregators: VectorUDAFMinLong(col 0:int) -> int, VectorUDAFMaxLong(col 0:int) -> int, VectorUDAFBloomFilter(col 0:int) -> binary
                              className: VectorGroupByOperator
                              groupByMode: HASH
                              native: false
                              vectorProcessingMode: HASH
                              projectedOutputColumnNums: [0, 1, 2]
                          mode: hash
                          outputColumnNames: _col0, _col1, _col2
                          Statistics: Num rows: 1 Data size: 12 Basic stats: COMPLETE Column stats: NONE
                          Reduce Output Operator
                            sort order: 
                            Reduce Sink Vectorization:
                                className: VectorReduceSinkEmptyKeyOperator
                                native: true
                                nativeConditionsMet: hive.vectorized.execution.reducesink.new.enabled IS true, hive.execution.engine tez IN [tez, spark] IS true, No PTF TopN IS true, No DISTINCT columns IS true, BinarySortableSerDe for keys IS true, LazyBinarySerDe for values IS true
                            Statistics: Num rows: 1 Data size: 12 Basic stats: COMPLETE Column stats: NONE
                            value expressions: _col0 (type: int), _col1 (type: int), _col2 (type: binary)
            Execution mode: vectorized
            Map Vectorization:
                enabled: true
                enabledConditionsMet: hive.vectorized.use.vectorized.input.format IS true
                inputFormatFeatureSupport: [DECIMAL_64]
                featureSupportInUse: [DECIMAL_64]
                inputFileFormats: org.apache.hadoop.hive.ql.io.orc.OrcInputFormat
                allNative: false
                usesVectorUDFAdaptor: false
                vectorized: true
        Reducer 10 
            Execution mode: vectorized
            Reduce Vectorization:
                enabled: true
                enableConditionsMet: hive.vectorized.execution.reduce.enabled IS true, hive.execution.engine tez IN [tez, spark] IS true
                allNative: false
                usesVectorUDFAdaptor: false
                vectorized: true
            Reduce Operator Tree:
              Group By Operator
                aggregations: min(VALUE._col0), max(VALUE._col1), bloom_filter(VALUE._col2, expectedEntries=20000000)
                Group By Vectorization:
                    aggregators: VectorUDAFMinLong(col 0:int) -> int, VectorUDAFMaxLong(col 1:int) -> int, VectorUDAFBloomFilterMerge(col 2:binary) -> binary
                    className: VectorGroupByOperator
                    groupByMode: FINAL
                    native: false
                    vectorProcessingMode: STREAMING
                    projectedOutputColumnNums: [0, 1, 2]
                mode: final
                outputColumnNames: _col0, _col1, _col2
                Statistics: Num rows: 1 Data size: 12 Basic stats: COMPLETE Column stats: NONE
                Reduce Output Operator
                  sort order: 
                  Reduce Sink Vectorization:
                      className: VectorReduceSinkEmptyKeyOperator
                      native: true
                      nativeConditionsMet: hive.vectorized.execution.reducesink.new.enabled IS true, hive.execution.engine tez IN [tez, spark] IS true, No PTF TopN IS true, No DISTINCT columns IS true, BinarySortableSerDe for keys IS true, LazyBinarySerDe for values IS true
                  Statistics: Num rows: 1 Data size: 12 Basic stats: COMPLETE Column stats: NONE
                  value expressions: _col0 (type: int), _col1 (type: int), _col2 (type: binary)
        Reducer 12 
            Execution mode: vectorized
            Reduce Vectorization:
                enabled: true
                enableConditionsMet: hive.vectorized.execution.reduce.enabled IS true, hive.execution.engine tez IN [tez, spark] IS true
                allNative: false
                usesVectorUDFAdaptor: false
                vectorized: true
            Reduce Operator Tree:
              Group By Operator
                aggregations: min(VALUE._col0), max(VALUE._col1), bloom_filter(VALUE._col2, expectedEntries=1000000)
                Group By Vectorization:
                    aggregators: VectorUDAFMinLong(col 0:int) -> int, VectorUDAFMaxLong(col 1:int) -> int, VectorUDAFBloomFilterMerge(col 2:binary) -> binary
                    className: VectorGroupByOperator
                    groupByMode: FINAL
                    native: false
                    vectorProcessingMode: STREAMING
                    projectedOutputColumnNums: [0, 1, 2]
                mode: final
                outputColumnNames: _col0, _col1, _col2
                Statistics: Num rows: 1 Data size: 12 Basic stats: COMPLETE Column stats: NONE
                Reduce Output Operator
                  sort order: 
                  Reduce Sink Vectorization:
                      className: VectorReduceSinkEmptyKeyOperator
                      native: true
                      nativeConditionsMet: hive.vectorized.execution.reducesink.new.enabled IS true, hive.execution.engine tez IN [tez, spark] IS true, No PTF TopN IS true, No DISTINCT columns IS true, BinarySortableSerDe for keys IS true, LazyBinarySerDe for values IS true
                  Statistics: Num rows: 1 Data size: 12 Basic stats: COMPLETE Column stats: NONE
                  value expressions: _col0 (type: int), _col1 (type: int), _col2 (type: binary)
        Reducer 15 
            Execution mode: vectorized
            Reduce Vectorization:
                enabled: true
                enableConditionsMet: hive.vectorized.execution.reduce.enabled IS true, hive.execution.engine tez IN [tez, spark] IS true
                allNative: false
                usesVectorUDFAdaptor: false
                vectorized: true
            Reduce Operator Tree:
              Group By Operator
                Group By Vectorization:
                    className: VectorGroupByOperator
                    groupByMode: MERGEPARTIAL
                    keyExpressions: col 0:int
                    native: false
                    vectorProcessingMode: MERGE_PARTIAL
                    projectedOutputColumnNums: []
                keys: KEY._col0 (type: int)
                mode: mergepartial
                outputColumnNames: _col0
                Statistics: Num rows: 7199233 Data size: 662597045 Basic stats: COMPLETE Column stats: NONE
                Select Operator
                  expressions: _col0 (type: int), true (type: boolean)
                  outputColumnNames: _col0, _col1
                  Select Vectorization:
                      className: VectorSelectOperator
                      native: true
                      projectedOutputColumnNums: [0, 1]
                      selectExpressions: ConstantVectorExpression(val 1) -> 1:boolean
                  Statistics: Num rows: 7199233 Data size: 662597045 Basic stats: COMPLETE Column stats: NONE
                  Reduce Output Operator
                    key expressions: _col0 (type: int)
                    sort order: +
                    Map-reduce partition columns: _col0 (type: int)
                    Reduce Sink Vectorization:
                        className: VectorReduceSinkObjectHashOperator
                        native: true
                        nativeConditionsMet: hive.vectorized.execution.reducesink.new.enabled IS true, hive.execution.engine tez IN [tez, spark] IS true, No PTF TopN IS true, No DISTINCT columns IS true, BinarySortableSerDe for keys IS true, LazyBinarySerDe for values IS true
                    Statistics: Num rows: 7199233 Data size: 662597045 Basic stats: COMPLETE Column stats: NONE
                    value expressions: _col1 (type: boolean)
        Reducer 2 
            Reduce Operator Tree:
              Merge Join Operator
                condition map:
                     Inner Join 0 to 1
                keys:
                  0 _col1 (type: int)
                  1 _col0 (type: int)
                outputColumnNames: _col2, _col3, _col4, _col5, _col6
                Statistics: Num rows: 174243235 Data size: 23692040863 Basic stats: COMPLETE Column stats: NONE
                Map Join Operator
                  condition map:
                       Inner Join 0 to 1
                  keys:
                    0 _col2 (type: int)
                    1 _col0 (type: int)
                  outputColumnNames: _col3, _col4, _col5, _col6
                  input vertices:
                    1 Map 11
                  Statistics: Num rows: 191667562 Data size: 26061245514 Basic stats: COMPLETE Column stats: NONE
                  HybridGraceHashJoin: true
                  Reduce Output Operator
                    key expressions: _col4 (type: int)
                    sort order: +
                    Map-reduce partition columns: _col4 (type: int)
                    Statistics: Num rows: 191667562 Data size: 26061245514 Basic stats: COMPLETE Column stats: NONE
                    value expressions: _col3 (type: int), _col5 (type: decimal(7,2)), _col6 (type: decimal(7,2))
        Reducer 3 
            Reduce Operator Tree:
              Merge Join Operator
                condition map:
                     Left Semi Join 0 to 1
                keys:
                  0 _col4 (type: int)
                  1 _col0 (type: int)
                outputColumnNames: _col3, _col4, _col5, _col6, _col14
                residual filter predicates: {(_col3 <> _col14)}
                Statistics: Num rows: 210834322 Data size: 28667370686 Basic stats: COMPLETE Column stats: NONE
                Select Operator
                  expressions: _col4 (type: int), _col5 (type: decimal(7,2)), _col6 (type: decimal(7,2))
                  outputColumnNames: _col4, _col5, _col6
                  Statistics: Num rows: 210834322 Data size: 28667370686 Basic stats: COMPLETE Column stats: NONE
                  Reduce Output Operator
                    key expressions: _col4 (type: int)
                    sort order: +
                    Map-reduce partition columns: _col4 (type: int)
                    Statistics: Num rows: 210834322 Data size: 28667370686 Basic stats: COMPLETE Column stats: NONE
                    value expressions: _col5 (type: decimal(7,2)), _col6 (type: decimal(7,2))
        Reducer 4 
            Reduce Operator Tree:
              Merge Join Operator
                condition map:
                     Left Outer Join 0 to 1
                keys:
                  0 _col4 (type: int)
                  1 _col0 (type: int)
                outputColumnNames: _col4, _col5, _col6, _col14
                Statistics: Num rows: 231917759 Data size: 31534108438 Basic stats: COMPLETE Column stats: NONE
                Filter Operator
                  predicate: _col14 is null (type: boolean)
                  Statistics: Num rows: 115958879 Data size: 15767054151 Basic stats: COMPLETE Column stats: NONE
                  Select Operator
                    expressions: _col4 (type: int), _col5 (type: decimal(7,2)), _col6 (type: decimal(7,2))
                    outputColumnNames: _col4, _col5, _col6
                    Statistics: Num rows: 115958879 Data size: 15767054151 Basic stats: COMPLETE Column stats: NONE
                    Group By Operator
                      aggregations: sum(_col5), sum(_col6)
                      keys: _col4 (type: int)
                      mode: hash
                      outputColumnNames: _col0, _col2, _col3
                      Statistics: Num rows: 115958879 Data size: 15767054151 Basic stats: COMPLETE Column stats: NONE
                      Reduce Output Operator
                        key expressions: _col0 (type: int)
                        sort order: +
                        Map-reduce partition columns: _col0 (type: int)
                        Statistics: Num rows: 115958879 Data size: 15767054151 Basic stats: COMPLETE Column stats: NONE
                        value expressions: _col2 (type: decimal(17,2)), _col3 (type: decimal(17,2))
        Reducer 5 
            Execution mode: vectorized
            Reduce Vectorization:
                enabled: true
                enableConditionsMet: hive.vectorized.execution.reduce.enabled IS true, hive.execution.engine tez IN [tez, spark] IS true
                allNative: false
                usesVectorUDFAdaptor: false
                vectorized: true
            Reduce Operator Tree:
              Group By Operator
                aggregations: sum(VALUE._col0), sum(VALUE._col1)
                Group By Vectorization:
                    aggregators: VectorUDAFSumDecimal(col 1:decimal(17,2)) -> decimal(17,2), VectorUDAFSumDecimal(col 2:decimal(17,2)) -> decimal(17,2)
                    className: VectorGroupByOperator
                    groupByMode: PARTIAL2
                    keyExpressions: col 0:int
                    native: false
                    vectorProcessingMode: STREAMING
                    projectedOutputColumnNums: [0, 1]
                keys: KEY._col0 (type: int)
                mode: partial2
                outputColumnNames: _col0, _col1, _col2
                Statistics: Num rows: 115958879 Data size: 15767054151 Basic stats: COMPLETE Column stats: NONE
                Group By Operator
                  aggregations: count(_col0), sum(_col1), sum(_col2)
                  Group By Vectorization:
                      aggregators: VectorUDAFCount(col 0:int) -> bigint, VectorUDAFSumDecimal(col 1:decimal(17,2)) -> decimal(17,2), VectorUDAFSumDecimal(col 2:decimal(17,2)) -> decimal(17,2)
                      className: VectorGroupByOperator
                      groupByMode: PARTIAL2
                      native: false
                      vectorProcessingMode: STREAMING
                      projectedOutputColumnNums: [0, 1, 2]
                  mode: partial2
                  outputColumnNames: _col0, _col1, _col2
                  Statistics: Num rows: 1 Data size: 344 Basic stats: COMPLETE Column stats: NONE
                  Reduce Output Operator
                    sort order: 
                    Reduce Sink Vectorization:
                        className: VectorReduceSinkEmptyKeyOperator
                        native: true
                        nativeConditionsMet: hive.vectorized.execution.reducesink.new.enabled IS true, hive.execution.engine tez IN [tez, spark] IS true, No PTF TopN IS true, No DISTINCT columns IS true, BinarySortableSerDe for keys IS true, LazyBinarySerDe for values IS true
                    Statistics: Num rows: 1 Data size: 344 Basic stats: COMPLETE Column stats: NONE
                    value expressions: _col0 (type: bigint), _col1 (type: decimal(17,2)), _col2 (type: decimal(17,2))
        Reducer 6 
            Execution mode: vectorized
            Reduce Vectorization:
                enabled: true
                enableConditionsMet: hive.vectorized.execution.reduce.enabled IS true, hive.execution.engine tez IN [tez, spark] IS true
                allNative: false
                usesVectorUDFAdaptor: false
                vectorized: true
            Reduce Operator Tree:
              Group By Operator
                aggregations: count(VALUE._col0), sum(VALUE._col1), sum(VALUE._col2)
                Group By Vectorization:
                    aggregators: VectorUDAFCountMerge(col 0:bigint) -> bigint, VectorUDAFSumDecimal(col 1:decimal(17,2)) -> decimal(17,2), VectorUDAFSumDecimal(col 2:decimal(17,2)) -> decimal(17,2)
                    className: VectorGroupByOperator
                    groupByMode: MERGEPARTIAL
                    native: false
                    vectorProcessingMode: GLOBAL
                    projectedOutputColumnNums: [0, 1, 2]
                mode: mergepartial
                outputColumnNames: _col0, _col1, _col2
                Statistics: Num rows: 1 Data size: 344 Basic stats: COMPLETE Column stats: NONE
                Select Operator
                  expressions: _col1 (type: decimal(17,2)), _col2 (type: decimal(17,2)), _col0 (type: bigint)
                  outputColumnNames: _col1, _col2, _col3
                  Select Vectorization:
                      className: VectorSelectOperator
                      native: true
                      projectedOutputColumnNums: [1, 2, 0]
                  Statistics: Num rows: 1 Data size: 344 Basic stats: COMPLETE Column stats: NONE
                  Reduce Output Operator
                    key expressions: _col3 (type: bigint)
                    sort order: +
                    Reduce Sink Vectorization:
                        className: VectorReduceSinkObjectHashOperator
                        native: true
                        nativeConditionsMet: hive.vectorized.execution.reducesink.new.enabled IS true, hive.execution.engine tez IN [tez, spark] IS true, No PTF TopN IS true, No DISTINCT columns IS true, BinarySortableSerDe for keys IS true, LazyBinarySerDe for values IS true
                    Statistics: Num rows: 1 Data size: 344 Basic stats: COMPLETE Column stats: NONE
                    TopN Hash Memory Usage: 0.1
                    value expressions: _col1 (type: decimal(17,2)), _col2 (type: decimal(17,2))
        Reducer 7 
            Execution mode: vectorized
            Reduce Vectorization:
                enabled: true
                enableConditionsMet: hive.vectorized.execution.reduce.enabled IS true, hive.execution.engine tez IN [tez, spark] IS true
                allNative: false
                usesVectorUDFAdaptor: false
                vectorized: true
            Reduce Operator Tree:
              Select Operator
                expressions: KEY.reducesinkkey0 (type: bigint), VALUE._col0 (type: decimal(17,2)), VALUE._col1 (type: decimal(17,2))
                outputColumnNames: _col0, _col1, _col2
                Select Vectorization:
                    className: VectorSelectOperator
                    native: true
                    projectedOutputColumnNums: [0, 1, 2]
                Statistics: Num rows: 1 Data size: 344 Basic stats: COMPLETE Column stats: NONE
                Limit
                  Number of rows: 100
                  Limit Vectorization:
                      className: VectorLimitOperator
                      native: true
                  Statistics: Num rows: 1 Data size: 344 Basic stats: COMPLETE Column stats: NONE
                  File Output Operator
                    compressed: false
                    File Sink Vectorization:
                        className: VectorFileSinkOperator
                        native: false
                    Statistics: Num rows: 1 Data size: 344 Basic stats: COMPLETE Column stats: NONE
                    table:
                        input format: org.apache.hadoop.mapred.SequenceFileInputFormat
                        output format: org.apache.hadoop.hive.ql.io.HiveSequenceFileOutputFormat
                        serde: org.apache.hadoop.hive.serde2.lazy.LazySimpleSerDe

  Stage: Stage-0
    Fetch Operator
      limit: -1
      Processor Tree:
        ListSink

