PREHOOK: query: drop table if exists tbl_ice
PREHOOK: type: DROPTABLE
PREHOOK: Output: database:default
POSTHOOK: query: drop table if exists tbl_ice
POSTHOOK: type: DROPTABLE
POSTHOOK: Output: database:default
PREHOOK: query: create external table tbl_ice(a int, b string, c int) partitioned by spec (bucket(16, a), truncate(3, b)) stored by iceberg tblproperties ('format-version'='2', 'write.delete.mode'='copy-on-write')
PREHOOK: type: CREATETABLE
PREHOOK: Output: database:default
PREHOOK: Output: default@tbl_ice
POSTHOOK: query: create external table tbl_ice(a int, b string, c int) partitioned by spec (bucket(16, a), truncate(3, b)) stored by iceberg tblproperties ('format-version'='2', 'write.delete.mode'='copy-on-write')
POSTHOOK: type: CREATETABLE
POSTHOOK: Output: database:default
POSTHOOK: Output: default@tbl_ice
PREHOOK: query: insert into tbl_ice values (1, 'one', 50), (2, 'two', 51), (3, 'three', 52), (4, 'four', 53), (5, 'five', 54), (111, 'one', 55), (333, 'two', 56)
PREHOOK: type: QUERY
PREHOOK: Input: _dummy_database@_dummy_table
PREHOOK: Output: default@tbl_ice
POSTHOOK: query: insert into tbl_ice values (1, 'one', 50), (2, 'two', 51), (3, 'three', 52), (4, 'four', 53), (5, 'five', 54), (111, 'one', 55), (333, 'two', 56)
POSTHOOK: type: QUERY
POSTHOOK: Input: _dummy_database@_dummy_table
POSTHOOK: Output: default@tbl_ice
PREHOOK: query: explain delete from tbl_ice where b in ('one', 'four') or a = 22
PREHOOK: type: QUERY
PREHOOK: Input: default@tbl_ice
PREHOOK: Output: hdfs://### HDFS PATH ###
POSTHOOK: query: explain delete from tbl_ice where b in ('one', 'four') or a = 22
POSTHOOK: type: QUERY
POSTHOOK: Input: default@tbl_ice
POSTHOOK: Output: hdfs://### HDFS PATH ###
STAGE DEPENDENCIES:
  Stage-1 is a root stage

STAGE PLANS:
  Stage: Stage-1
    Execute operation
      table name: default.tbl_ice
      spec: AlterTableExecuteSpec{operationType=DELETE_METADATA, operationParams=org.apache.hadoop.hive.ql.parse.AlterTableExecuteSpec$#Masked#

PREHOOK: query: delete from tbl_ice where b in ('one', 'four') or a = 22
PREHOOK: type: QUERY
PREHOOK: Input: default@tbl_ice
PREHOOK: Output: hdfs://### HDFS PATH ###
POSTHOOK: query: delete from tbl_ice where b in ('one', 'four') or a = 22
POSTHOOK: type: QUERY
POSTHOOK: Input: default@tbl_ice
POSTHOOK: Output: hdfs://### HDFS PATH ###
PREHOOK: query: select * from tbl_ice order by a
PREHOOK: type: QUERY
PREHOOK: Input: default@tbl_ice
PREHOOK: Output: hdfs://### HDFS PATH ###
POSTHOOK: query: select * from tbl_ice order by a
POSTHOOK: type: QUERY
POSTHOOK: Input: default@tbl_ice
POSTHOOK: Output: hdfs://### HDFS PATH ###
2	two	51
3	three	52
5	five	54
333	two	56
PREHOOK: query: insert into tbl_ice values (444, 'hola', 800), (555, 'schola', 801)
PREHOOK: type: QUERY
PREHOOK: Input: _dummy_database@_dummy_table
PREHOOK: Output: default@tbl_ice
POSTHOOK: query: insert into tbl_ice values (444, 'hola', 800), (555, 'schola', 801)
POSTHOOK: type: QUERY
POSTHOOK: Input: _dummy_database@_dummy_table
POSTHOOK: Output: default@tbl_ice
Warning: Shuffle Join MERGEJOIN[61][tables = [$hdt$_0, $hdt$_1]] in Stage 'Reducer 2' is a cross product
Warning: Shuffle Join MERGEJOIN[63][tables = [$hdt$_0, $hdt$_1, $hdt$_2, $hdt$_3]] in Stage 'Reducer 4' is a cross product
Warning: Shuffle Join MERGEJOIN[225][tables = [$hdt$_0, $hdt$_1, $hdt$_2]] in Stage 'Reducer 3' is a cross product
Warning: Shuffle Join MERGEJOIN[227][tables = [$hdt$_0, $hdt$_1, $hdt$_2]] in Stage 'Reducer 5' is a cross product
Warning: Shuffle Join MERGEJOIN[223][tables = [$hdt$_1, $hdt$_2]] in Stage 'Reducer 9' is a cross product
Warning: Shuffle Join MERGEJOIN[229][tables = [$hdt$_1, $hdt$_2, $hdt$_3, $hdt$_4]] in Stage 'Reducer 11' is a cross product
Warning: Shuffle Join MERGEJOIN[221][tables = [$hdt$_0, $hdt$_1]] in Stage 'Reducer 14' is a cross product
Warning: Shuffle Join MERGEJOIN[231][tables = [$hdt$_0, $hdt$_1, $hdt$_2, $hdt$_3]] in Stage 'Reducer 16' is a cross product
PREHOOK: query: explain delete from tbl_ice where a in (select a from tbl_ice where a <= 5) or c in (select c from tbl_ice where c > 800)
PREHOOK: type: QUERY
PREHOOK: Input: default@tbl_ice
PREHOOK: Output: default@tbl_ice
POSTHOOK: query: explain delete from tbl_ice where a in (select a from tbl_ice where a <= 5) or c in (select c from tbl_ice where c > 800)
POSTHOOK: type: QUERY
POSTHOOK: Input: default@tbl_ice
POSTHOOK: Output: default@tbl_ice
STAGE DEPENDENCIES:
  Stage-4 is a root stage
  Stage-5 depends on stages: Stage-4
  Stage-3 depends on stages: Stage-5
  Stage-6 depends on stages: Stage-3

STAGE PLANS:
  Stage: Stage-4
    Tez
#### A masked pattern was here ####
      Edges:
        Reducer 10 <- Reducer 19 (SIMPLE_EDGE), Reducer 9 (SIMPLE_EDGE)
        Reducer 11 <- Reducer 10 (XPROD_EDGE), Reducer 24 (XPROD_EDGE)
        Reducer 12 <- Reducer 11 (SIMPLE_EDGE), Reducer 23 (SIMPLE_EDGE)
        Reducer 13 <- Reducer 12 (SIMPLE_EDGE)
        Reducer 14 <- Map 1 (XPROD_EDGE), Reducer 20 (XPROD_EDGE)
        Reducer 15 <- Reducer 14 (SIMPLE_EDGE), Reducer 19 (SIMPLE_EDGE)
        Reducer 16 <- Reducer 15 (XPROD_EDGE), Reducer 24 (XPROD_EDGE)
        Reducer 17 <- Reducer 16 (SIMPLE_EDGE), Reducer 23 (SIMPLE_EDGE)
        Reducer 18 <- Reducer 17 (SIMPLE_EDGE), Union 7 (CONTAINS)
        Reducer 19 <- Map 1 (SIMPLE_EDGE)
        Reducer 2 <- Map 1 (SIMPLE_EDGE), Reducer 19 (SIMPLE_EDGE)
        Reducer 20 <- Map 1 (CUSTOM_SIMPLE_EDGE)
        Reducer 21 <- Map 1 (CUSTOM_SIMPLE_EDGE)
        Reducer 22 <- Map 1 (CUSTOM_SIMPLE_EDGE)
        Reducer 23 <- Map 1 (SIMPLE_EDGE)
        Reducer 24 <- Map 1 (CUSTOM_SIMPLE_EDGE)
        Reducer 25 <- Map 1 (CUSTOM_SIMPLE_EDGE)
        Reducer 3 <- Reducer 2 (XPROD_EDGE), Reducer 21 (XPROD_EDGE)
        Reducer 4 <- Reducer 23 (SIMPLE_EDGE), Reducer 3 (SIMPLE_EDGE)
        Reducer 5 <- Reducer 25 (XPROD_EDGE), Reducer 4 (XPROD_EDGE)
        Reducer 6 <- Reducer 13 (SIMPLE_EDGE), Reducer 5 (SIMPLE_EDGE), Union 7 (CONTAINS)
        Reducer 8 <- Union 7 (SIMPLE_EDGE)
        Reducer 9 <- Map 1 (XPROD_EDGE), Reducer 22 (XPROD_EDGE)
#### A masked pattern was here ####
      Vertices:
        Map 1 
            Map Operator Tree:
                TableScan
                  alias: tbl_ice
                  Statistics: Num rows: 6 Data size: 582 Basic stats: COMPLETE Column stats: COMPLETE
                  Filter Operator
                    predicate: FILE__PATH is not null (type: boolean)
                    Statistics: Num rows: 6 Data size: 582 Basic stats: COMPLETE Column stats: COMPLETE
                    Select Operator
                      expressions: a (type: int), b (type: string), c (type: int), PARTITION__SPEC__ID (type: int), PARTITION__HASH (type: bigint), FILE__PATH (type: string), ROW__POSITION (type: bigint)
                      outputColumnNames: _col0, _col1, _col2, _col3, _col4, _col5, _col6
                      Statistics: Num rows: 6 Data size: 1806 Basic stats: COMPLETE Column stats: COMPLETE
                      Reduce Output Operator
                        key expressions: _col0 (type: int)
                        null sort order: z
                        sort order: +
                        Map-reduce partition columns: _col0 (type: int)
                        Statistics: Num rows: 6 Data size: 1806 Basic stats: COMPLETE Column stats: COMPLETE
                        value expressions: _col1 (type: string), _col2 (type: int), _col3 (type: int), _col4 (type: bigint), _col5 (type: string), _col6 (type: bigint)
                    Select Operator
                      expressions: a (type: int), c (type: int), FILE__PATH (type: string)
                      outputColumnNames: _col0, _col1, _col2
                      Statistics: Num rows: 6 Data size: 1152 Basic stats: COMPLETE Column stats: COMPLETE
                      Reduce Output Operator
                        null sort order: 
                        sort order: 
                        Statistics: Num rows: 6 Data size: 1152 Basic stats: COMPLETE Column stats: COMPLETE
                        value expressions: _col0 (type: int), _col1 (type: int), _col2 (type: string)
                  Select Operator
                    expressions: a (type: int), b (type: string), c (type: int), PARTITION__SPEC__ID (type: int), PARTITION__HASH (type: bigint), FILE__PATH (type: string)
                    outputColumnNames: _col0, _col1, _col2, _col3, _col4, _col5
                    Statistics: Num rows: 6 Data size: 1758 Basic stats: COMPLETE Column stats: COMPLETE
                    Reduce Output Operator
                      null sort order: 
                      sort order: 
                      Statistics: Num rows: 6 Data size: 1758 Basic stats: COMPLETE Column stats: COMPLETE
                      value expressions: _col0 (type: int), _col1 (type: string), _col2 (type: int), _col3 (type: int), _col4 (type: bigint), _col5 (type: string)
                  Filter Operator
                    predicate: (a <= 5) (type: boolean)
                    Statistics: Num rows: 1 Data size: 4 Basic stats: COMPLETE Column stats: COMPLETE
                    Group By Operator
                      keys: a (type: int)
                      minReductionHashAggr: 0.4
                      mode: hash
                      outputColumnNames: _col0
                      Statistics: Num rows: 1 Data size: 4 Basic stats: COMPLETE Column stats: COMPLETE
                      Reduce Output Operator
                        key expressions: _col0 (type: int)
                        null sort order: z
                        sort order: +
                        Map-reduce partition columns: _col0 (type: int)
                        Statistics: Num rows: 1 Data size: 4 Basic stats: COMPLETE Column stats: COMPLETE
                    Select Operator
                      Statistics: Num rows: 1 Data size: 4 Basic stats: COMPLETE Column stats: COMPLETE
                      Group By Operator
                        aggregations: count()
                        minReductionHashAggr: 0.4
                        mode: hash
                        outputColumnNames: _col0
                        Statistics: Num rows: 1 Data size: 8 Basic stats: COMPLETE Column stats: COMPLETE
                        Reduce Output Operator
                          null sort order: 
                          sort order: 
                          Statistics: Num rows: 1 Data size: 8 Basic stats: COMPLETE Column stats: COMPLETE
                          value expressions: _col0 (type: bigint)
                    Group By Operator
                      aggregations: count(), count(a)
                      minReductionHashAggr: 0.4
                      mode: hash
                      outputColumnNames: _col0, _col1
                      Statistics: Num rows: 1 Data size: 16 Basic stats: COMPLETE Column stats: COMPLETE
                      Reduce Output Operator
                        null sort order: 
                        sort order: 
                        Statistics: Num rows: 1 Data size: 16 Basic stats: COMPLETE Column stats: COMPLETE
                        value expressions: _col0 (type: bigint), _col1 (type: bigint)
                    Select Operator
                      Statistics: Num rows: 1 Data size: 4 Basic stats: COMPLETE Column stats: COMPLETE
                      Group By Operator
                        aggregations: count()
                        minReductionHashAggr: 0.4
                        mode: hash
                        outputColumnNames: _col0
                        Statistics: Num rows: 1 Data size: 8 Basic stats: COMPLETE Column stats: COMPLETE
                        Reduce Output Operator
                          null sort order: 
                          sort order: 
                          Statistics: Num rows: 1 Data size: 8 Basic stats: COMPLETE Column stats: COMPLETE
                          value expressions: _col0 (type: bigint)
                  Filter Operator
                    predicate: (c > 800) (type: boolean)
                    Statistics: Num rows: 6 Data size: 24 Basic stats: COMPLETE Column stats: COMPLETE
                    Group By Operator
                      keys: c (type: int)
                      minReductionHashAggr: 0.6666666
                      mode: hash
                      outputColumnNames: _col0
                      Statistics: Num rows: 2 Data size: 8 Basic stats: COMPLETE Column stats: COMPLETE
                      Reduce Output Operator
                        key expressions: _col0 (type: int)
                        null sort order: z
                        sort order: +
                        Map-reduce partition columns: _col0 (type: int)
                        Statistics: Num rows: 2 Data size: 8 Basic stats: COMPLETE Column stats: COMPLETE
                    Select Operator
                      Statistics: Num rows: 6 Data size: 24 Basic stats: COMPLETE Column stats: COMPLETE
                      Group By Operator
                        aggregations: count()
                        minReductionHashAggr: 0.8333333
                        mode: hash
                        outputColumnNames: _col0
                        Statistics: Num rows: 1 Data size: 8 Basic stats: COMPLETE Column stats: COMPLETE
                        Reduce Output Operator
                          null sort order: 
                          sort order: 
                          Statistics: Num rows: 1 Data size: 8 Basic stats: COMPLETE Column stats: COMPLETE
                          value expressions: _col0 (type: bigint)
                    Group By Operator
                      aggregations: count(), count(c)
                      minReductionHashAggr: 0.8333333
                      mode: hash
                      outputColumnNames: _col0, _col1
                      Statistics: Num rows: 1 Data size: 16 Basic stats: COMPLETE Column stats: COMPLETE
                      Reduce Output Operator
                        null sort order: 
                        sort order: 
                        Statistics: Num rows: 1 Data size: 16 Basic stats: COMPLETE Column stats: COMPLETE
                        value expressions: _col0 (type: bigint), _col1 (type: bigint)
            Execution mode: vectorized
        Reducer 10 
            Reduce Operator Tree:
              Merge Join Operator
                condition map:
                     Left Outer Join 0 to 1
                keys:
                  0 _col0 (type: int)
                  1 _col0 (type: int)
                outputColumnNames: _col1, _col2, _col3, _col5
                Statistics: Num rows: 9 Data size: 1780 Basic stats: COMPLETE Column stats: COMPLETE
                Reduce Output Operator
                  null sort order: 
                  sort order: 
                  Statistics: Num rows: 9 Data size: 1780 Basic stats: COMPLETE Column stats: COMPLETE
                  value expressions: _col1 (type: int), _col2 (type: string), _col3 (type: bigint), _col5 (type: boolean)
        Reducer 11 
            Reduce Operator Tree:
              Merge Join Operator
                condition map:
                     Inner Join 0 to 1
                keys:
                  0 
                  1 
                outputColumnNames: _col1, _col2, _col3, _col5, _col6
                Statistics: Num rows: 9 Data size: 1852 Basic stats: COMPLETE Column stats: COMPLETE
                Reduce Output Operator
                  key expressions: _col1 (type: int)
                  null sort order: z
                  sort order: +
                  Map-reduce partition columns: _col1 (type: int)
                  Statistics: Num rows: 9 Data size: 1852 Basic stats: COMPLETE Column stats: COMPLETE
                  value expressions: _col2 (type: string), _col3 (type: bigint), _col5 (type: boolean), _col6 (type: bigint)
        Reducer 12 
            Reduce Operator Tree:
              Merge Join Operator
                condition map:
                     Left Outer Join 0 to 1
                keys:
                  0 _col1 (type: int)
                  1 _col0 (type: int)
                outputColumnNames: _col2, _col3, _col5, _col6, _col8
                Statistics: Num rows: 9 Data size: 1852 Basic stats: COMPLETE Column stats: COMPLETE
                Filter Operator
                  predicate: (((_col3 <> 0L) and _col5 is not null) or ((_col6 <> 0L) and _col8 is not null)) (type: boolean)
                  Statistics: Num rows: 9 Data size: 1852 Basic stats: COMPLETE Column stats: COMPLETE
                  Reduce Output Operator
                    key expressions: _col2 (type: string)
                    null sort order: a
                    sort order: +
                    Map-reduce partition columns: _col2 (type: string)
                    Statistics: Num rows: 9 Data size: 1852 Basic stats: COMPLETE Column stats: COMPLETE
        Reducer 13 
            Execution mode: vectorized
            Reduce Operator Tree:
              Select Operator
                expressions: KEY.reducesinkkey0 (type: string)
                outputColumnNames: _col2
                Statistics: Num rows: 9 Data size: 1656 Basic stats: COMPLETE Column stats: COMPLETE
                PTF Operator
                  Function definitions:
                      Input definition
                        input alias: ptf_0
                        output shape: _col2: string
                        type: WINDOWING
                      Windowing table definition
                        input alias: ptf_1
                        name: windowingtablefunction
                        order by: _col2 ASC NULLS FIRST
                        partition by: _col2
                        raw input shape:
                        window functions:
                            window function definition
                              alias: row_number_window_0
                              name: row_number
                              window function: GenericUDAFRowNumberEvaluator
                              window frame: ROWS PRECEDING(MAX)~FOLLOWING(MAX)
                              isPivotResult: true
                  Statistics: Num rows: 9 Data size: 1656 Basic stats: COMPLETE Column stats: COMPLETE
                  Filter Operator
                    predicate: (row_number_window_0 = 1) (type: boolean)
                    Statistics: Num rows: 4 Data size: 736 Basic stats: COMPLETE Column stats: COMPLETE
                    Select Operator
                      expressions: _col2 (type: string)
                      outputColumnNames: _col0
                      Statistics: Num rows: 4 Data size: 736 Basic stats: COMPLETE Column stats: COMPLETE
                      Group By Operator
                        keys: _col0 (type: string)
                        minReductionHashAggr: 0.4
                        mode: hash
                        outputColumnNames: _col0
                        Statistics: Num rows: 4 Data size: 736 Basic stats: COMPLETE Column stats: COMPLETE
                        Reduce Output Operator
                          key expressions: _col0 (type: string)
                          null sort order: z
                          sort order: +
                          Map-reduce partition columns: _col0 (type: string)
                          Statistics: Num rows: 4 Data size: 736 Basic stats: COMPLETE Column stats: COMPLETE
        Reducer 14 
            Reduce Operator Tree:
              Merge Join Operator
                condition map:
                     Inner Join 0 to 1
                keys:
                  0 
                  1 
                outputColumnNames: _col0, _col1, _col2, _col3, _col4, _col5, _col6
                Statistics: Num rows: 6 Data size: 1806 Basic stats: COMPLETE Column stats: COMPLETE
                Reduce Output Operator
                  key expressions: _col0 (type: int)
                  null sort order: z
                  sort order: +
                  Map-reduce partition columns: _col0 (type: int)
                  Statistics: Num rows: 6 Data size: 1806 Basic stats: COMPLETE Column stats: COMPLETE
                  value expressions: _col1 (type: string), _col2 (type: int), _col3 (type: int), _col4 (type: bigint), _col5 (type: string), _col6 (type: bigint)
        Reducer 15 
            Reduce Operator Tree:
              Merge Join Operator
                condition map:
                     Left Outer Join 0 to 1
                keys:
                  0 _col0 (type: int)
                  1 _col0 (type: int)
                outputColumnNames: _col0, _col1, _col2, _col3, _col4, _col5, _col6, _col8
                Statistics: Num rows: 6 Data size: 1822 Basic stats: COMPLETE Column stats: COMPLETE
                Reduce Output Operator
                  null sort order: 
                  sort order: 
                  Statistics: Num rows: 6 Data size: 1822 Basic stats: COMPLETE Column stats: COMPLETE
                  value expressions: _col0 (type: int), _col1 (type: string), _col2 (type: int), _col3 (type: int), _col4 (type: bigint), _col5 (type: string), _col6 (type: bigint), _col8 (type: boolean)
        Reducer 16 
            Reduce Operator Tree:
              Merge Join Operator
                condition map:
                     Inner Join 0 to 1
                keys:
                  0 
                  1 
                outputColumnNames: _col0, _col1, _col2, _col3, _col4, _col5, _col6, _col8, _col9
                Statistics: Num rows: 6 Data size: 1870 Basic stats: COMPLETE Column stats: COMPLETE
                Reduce Output Operator
                  key expressions: _col2 (type: int)
                  null sort order: z
                  sort order: +
                  Map-reduce partition columns: _col2 (type: int)
                  Statistics: Num rows: 6 Data size: 1870 Basic stats: COMPLETE Column stats: COMPLETE
                  value expressions: _col0 (type: int), _col1 (type: string), _col3 (type: int), _col4 (type: bigint), _col5 (type: string), _col6 (type: bigint), _col8 (type: boolean), _col9 (type: bigint)
        Reducer 17 
            Reduce Operator Tree:
              Merge Join Operator
                condition map:
                     Left Outer Join 0 to 1
                keys:
                  0 _col2 (type: int)
                  1 _col0 (type: int)
                outputColumnNames: _col0, _col1, _col2, _col3, _col4, _col5, _col6, _col8, _col9, _col11
                Statistics: Num rows: 6 Data size: 1894 Basic stats: COMPLETE Column stats: COMPLETE
                Filter Operator
                  predicate: (((_col6 <> 0L) and _col8 is not null) or ((_col9 <> 0L) and _col11 is not null)) (type: boolean)
                  Statistics: Num rows: 6 Data size: 1894 Basic stats: COMPLETE Column stats: COMPLETE
                  Reduce Output Operator
                    key expressions: _col5 (type: string)
                    null sort order: a
                    sort order: +
                    Map-reduce partition columns: _col5 (type: string)
                    Statistics: Num rows: 6 Data size: 1894 Basic stats: COMPLETE Column stats: COMPLETE
                    value expressions: _col0 (type: int), _col1 (type: string), _col2 (type: int), _col3 (type: int), _col4 (type: bigint)
        Reducer 18 
            Execution mode: vectorized
            Reduce Operator Tree:
              Select Operator
                expressions: VALUE._col0 (type: int), VALUE._col1 (type: string), VALUE._col2 (type: int), VALUE._col3 (type: int), VALUE._col4 (type: bigint), KEY.reducesinkkey0 (type: string)
                outputColumnNames: _col0, _col1, _col2, _col3, _col4, _col5
                Statistics: Num rows: 6 Data size: 1758 Basic stats: COMPLETE Column stats: COMPLETE
                PTF Operator
                  Function definitions:
                      Input definition
                        input alias: ptf_0
                        type: WINDOWING
                      Windowing table definition
                        input alias: ptf_1
                        name: windowingtablefunction
                        order by: _col5 ASC NULLS FIRST
                        partition by: _col5
                        raw input shape:
                        window functions:
                            window function definition
                              alias: row_number_window_0
                              name: row_number
                              window function: GenericUDAFRowNumberEvaluator
                              window frame: ROWS PRECEDING(MAX)~FOLLOWING(MAX)
                              isPivotResult: true
                  Statistics: Num rows: 6 Data size: 1758 Basic stats: COMPLETE Column stats: COMPLETE
                  Filter Operator
                    predicate: (row_number_window_0 = 1) (type: boolean)
                    Statistics: Num rows: 3 Data size: 879 Basic stats: COMPLETE Column stats: COMPLETE
                    Select Operator
                      expressions: _col3 (type: int), _col4 (type: bigint), _col5 (type: string), -1L (type: bigint), _col0 (type: int), _col1 (type: string), _col2 (type: int)
                      outputColumnNames: _col0, _col1, _col2, _col3, _col4, _col5, _col6
                      Statistics: Num rows: 3 Data size: 903 Basic stats: COMPLETE Column stats: COMPLETE
                      Reduce Output Operator
                        key expressions: iceberg_bucket(_col4, 16) (type: int), iceberg_truncate(_col5, 3) (type: string)
                        null sort order: aa
                        sort order: ++
                        Map-reduce partition columns: iceberg_bucket(_col4, 16) (type: int), iceberg_truncate(_col5, 3) (type: string)
                        Statistics: Num rows: 7 Data size: 2107 Basic stats: COMPLETE Column stats: COMPLETE
                        value expressions: _col0 (type: int), _col1 (type: bigint), _col2 (type: string), _col3 (type: bigint), _col4 (type: int), _col5 (type: string), _col6 (type: int)
        Reducer 19 
            Execution mode: vectorized
            Reduce Operator Tree:
              Group By Operator
                keys: KEY._col0 (type: int)
                mode: mergepartial
                outputColumnNames: _col0
                Statistics: Num rows: 1 Data size: 4 Basic stats: COMPLETE Column stats: COMPLETE
                Select Operator
                  expressions: _col0 (type: int), true (type: boolean)
                  outputColumnNames: _col0, _col1
                  Statistics: Num rows: 1 Data size: 8 Basic stats: COMPLETE Column stats: COMPLETE
                  Reduce Output Operator
                    key expressions: _col0 (type: int)
                    null sort order: z
                    sort order: +
                    Map-reduce partition columns: _col0 (type: int)
                    Statistics: Num rows: 1 Data size: 8 Basic stats: COMPLETE Column stats: COMPLETE
                    value expressions: _col1 (type: boolean)
                  Reduce Output Operator
                    key expressions: _col0 (type: int)
                    null sort order: z
                    sort order: +
                    Map-reduce partition columns: _col0 (type: int)
                    Statistics: Num rows: 1 Data size: 8 Basic stats: COMPLETE Column stats: COMPLETE
                    value expressions: _col1 (type: boolean)
                  Reduce Output Operator
                    key expressions: _col0 (type: int)
                    null sort order: z
                    sort order: +
                    Map-reduce partition columns: _col0 (type: int)
                    Statistics: Num rows: 1 Data size: 8 Basic stats: COMPLETE Column stats: COMPLETE
                    value expressions: _col1 (type: boolean)
        Reducer 2 
            Reduce Operator Tree:
              Merge Join Operator
                condition map:
                     Left Outer Join 0 to 1
                keys:
                  0 _col0 (type: int)
                  1 _col0 (type: int)
                outputColumnNames: _col0, _col1, _col2, _col3, _col4, _col5, _col6, _col8
                Statistics: Num rows: 6 Data size: 1822 Basic stats: COMPLETE Column stats: COMPLETE
                Reduce Output Operator
                  null sort order: 
                  sort order: 
                  Statistics: Num rows: 6 Data size: 1822 Basic stats: COMPLETE Column stats: COMPLETE
                  value expressions: _col0 (type: int), _col1 (type: string), _col2 (type: int), _col3 (type: int), _col4 (type: bigint), _col5 (type: string), _col6 (type: bigint), _col8 (type: boolean)
        Reducer 20 
            Execution mode: vectorized
            Reduce Operator Tree:
              Group By Operator
                aggregations: count(VALUE._col0)
                mode: mergepartial
                outputColumnNames: _col0
                Statistics: Num rows: 1 Data size: 8 Basic stats: COMPLETE Column stats: COMPLETE
                Reduce Output Operator
                  null sort order: 
                  sort order: 
                  Statistics: Num rows: 1 Data size: 8 Basic stats: COMPLETE Column stats: COMPLETE
                  value expressions: _col0 (type: bigint)
        Reducer 21 
            Execution mode: vectorized
            Reduce Operator Tree:
              Group By Operator
                aggregations: count(VALUE._col0), count(VALUE._col1)
                mode: mergepartial
                outputColumnNames: _col0, _col1
                Statistics: Num rows: 1 Data size: 16 Basic stats: COMPLETE Column stats: COMPLETE
                Reduce Output Operator
                  null sort order: 
                  sort order: 
                  Statistics: Num rows: 1 Data size: 16 Basic stats: COMPLETE Column stats: COMPLETE
                  value expressions: _col0 (type: bigint), _col1 (type: bigint)
        Reducer 22 
            Execution mode: vectorized
            Reduce Operator Tree:
              Group By Operator
                aggregations: count(VALUE._col0)
                mode: mergepartial
                outputColumnNames: _col0
                Statistics: Num rows: 1 Data size: 8 Basic stats: COMPLETE Column stats: COMPLETE
                Reduce Output Operator
                  null sort order: 
                  sort order: 
                  Statistics: Num rows: 1 Data size: 8 Basic stats: COMPLETE Column stats: COMPLETE
                  value expressions: _col0 (type: bigint)
        Reducer 23 
            Execution mode: vectorized
            Reduce Operator Tree:
              Group By Operator
                keys: KEY._col0 (type: int)
                mode: mergepartial
                outputColumnNames: _col0
                Statistics: Num rows: 2 Data size: 8 Basic stats: COMPLETE Column stats: COMPLETE
                Select Operator
                  expressions: _col0 (type: int), true (type: boolean)
                  outputColumnNames: _col0, _col1
                  Statistics: Num rows: 2 Data size: 16 Basic stats: COMPLETE Column stats: COMPLETE
                  Reduce Output Operator
                    key expressions: _col0 (type: int)
                    null sort order: z
                    sort order: +
                    Map-reduce partition columns: _col0 (type: int)
                    Statistics: Num rows: 2 Data size: 16 Basic stats: COMPLETE Column stats: COMPLETE
                    value expressions: _col1 (type: boolean)
                  Reduce Output Operator
                    key expressions: _col0 (type: int)
                    null sort order: z
                    sort order: +
                    Map-reduce partition columns: _col0 (type: int)
                    Statistics: Num rows: 2 Data size: 16 Basic stats: COMPLETE Column stats: COMPLETE
                    value expressions: _col1 (type: boolean)
                  Reduce Output Operator
                    key expressions: _col0 (type: int)
                    null sort order: z
                    sort order: +
                    Map-reduce partition columns: _col0 (type: int)
                    Statistics: Num rows: 2 Data size: 16 Basic stats: COMPLETE Column stats: COMPLETE
                    value expressions: _col1 (type: boolean)
        Reducer 24 
            Execution mode: vectorized
            Reduce Operator Tree:
              Group By Operator
                aggregations: count(VALUE._col0)
                mode: mergepartial
                outputColumnNames: _col0
                Statistics: Num rows: 1 Data size: 8 Basic stats: COMPLETE Column stats: COMPLETE
                Reduce Output Operator
                  null sort order: 
                  sort order: 
                  Statistics: Num rows: 1 Data size: 8 Basic stats: COMPLETE Column stats: COMPLETE
                  value expressions: _col0 (type: bigint)
                Reduce Output Operator
                  null sort order: 
                  sort order: 
                  Statistics: Num rows: 1 Data size: 8 Basic stats: COMPLETE Column stats: COMPLETE
                  value expressions: _col0 (type: bigint)
        Reducer 25 
            Execution mode: vectorized
            Reduce Operator Tree:
              Group By Operator
                aggregations: count(VALUE._col0), count(VALUE._col1)
                mode: mergepartial
                outputColumnNames: _col0, _col1
                Statistics: Num rows: 1 Data size: 16 Basic stats: COMPLETE Column stats: COMPLETE
                Reduce Output Operator
                  null sort order: 
                  sort order: 
                  Statistics: Num rows: 1 Data size: 16 Basic stats: COMPLETE Column stats: COMPLETE
                  value expressions: _col0 (type: bigint), _col1 (type: bigint)
        Reducer 3 
            Reduce Operator Tree:
              Merge Join Operator
                condition map:
                     Inner Join 0 to 1
                keys:
                  0 
                  1 
                outputColumnNames: _col0, _col1, _col2, _col3, _col4, _col5, _col6, _col8, _col9, _col10
                Statistics: Num rows: 6 Data size: 1918 Basic stats: COMPLETE Column stats: COMPLETE
                Select Operator
                  expressions: _col0 (type: int), _col1 (type: string), _col2 (type: int), _col3 (type: int), _col4 (type: bigint), _col5 (type: string), _col6 (type: bigint), _col9 (type: bigint), _col10 (type: bigint), _col8 (type: boolean)
                  outputColumnNames: _col0, _col1, _col2, _col3, _col4, _col5, _col6, _col7, _col8, _col10
                  Statistics: Num rows: 6 Data size: 1918 Basic stats: COMPLETE Column stats: COMPLETE
                  Reduce Output Operator
                    key expressions: _col2 (type: int)
                    null sort order: z
                    sort order: +
                    Map-reduce partition columns: _col2 (type: int)
                    Statistics: Num rows: 6 Data size: 1918 Basic stats: COMPLETE Column stats: COMPLETE
                    value expressions: _col0 (type: int), _col1 (type: string), _col3 (type: int), _col4 (type: bigint), _col5 (type: string), _col6 (type: bigint), _col7 (type: bigint), _col8 (type: bigint), _col10 (type: boolean)
        Reducer 4 
            Reduce Operator Tree:
              Merge Join Operator
                condition map:
                     Left Outer Join 0 to 1
                keys:
                  0 _col2 (type: int)
                  1 _col0 (type: int)
                outputColumnNames: _col0, _col1, _col2, _col3, _col4, _col5, _col6, _col7, _col8, _col10, _col12
                Statistics: Num rows: 6 Data size: 1942 Basic stats: COMPLETE Column stats: COMPLETE
                Reduce Output Operator
                  null sort order: 
                  sort order: 
                  Statistics: Num rows: 6 Data size: 1942 Basic stats: COMPLETE Column stats: COMPLETE
                  value expressions: _col0 (type: int), _col1 (type: string), _col2 (type: int), _col3 (type: int), _col4 (type: bigint), _col5 (type: string), _col6 (type: bigint), _col7 (type: bigint), _col8 (type: bigint), _col10 (type: boolean), _col12 (type: boolean)
        Reducer 5 
            Reduce Operator Tree:
              Merge Join Operator
                condition map:
                     Inner Join 0 to 1
                keys:
                  0 
                  1 
                outputColumnNames: _col0, _col1, _col2, _col3, _col4, _col5, _col6, _col7, _col8, _col10, _col12, _col13, _col14
                Statistics: Num rows: 6 Data size: 2038 Basic stats: COMPLETE Column stats: COMPLETE
                Select Operator
                  expressions: _col0 (type: int), _col1 (type: string), _col2 (type: int), _col3 (type: int), _col4 (type: bigint), _col5 (type: string), _col6 (type: bigint), _col7 (type: bigint), _col8 (type: bigint), _col10 (type: boolean), _col13 (type: bigint), _col14 (type: bigint), _col12 (type: boolean)
                  outputColumnNames: _col0, _col1, _col2, _col3, _col4, _col5, _col6, _col7, _col8, _col10, _col11, _col12, _col14
                  Statistics: Num rows: 6 Data size: 2038 Basic stats: COMPLETE Column stats: COMPLETE
                  Filter Operator
                    predicate: (((_col10 is not null and (_col7 <> 0L)) or ((_col0 is null or (_col8 < _col7)) and null and (_col7 <> 0L) and _col10 is null) or (_col14 is not null and (_col11 <> 0L)) or ((_col2 is null or (_col12 < _col11)) and null and (_col11 <> 0L) and _col14 is null)) is null or (((_col7 = 0L) or (_col10 is null and (_col8 >= _col7) and _col0 is not null)) and ((_col11 = 0L) or (_col14 is null and (_col12 >= _col11) and _col2 is not null)))) (type: boolean)
                    Statistics: Num rows: 6 Data size: 2038 Basic stats: COMPLETE Column stats: COMPLETE
                    Select Operator
                      expressions: _col0 (type: int), _col1 (type: string), _col2 (type: int), _col3 (type: int), _col4 (type: bigint), _col5 (type: string), _col6 (type: bigint)
                      outputColumnNames: _col0, _col1, _col2, _col3, _col4, _col5, _col6
                      Statistics: Num rows: 6 Data size: 1806 Basic stats: COMPLETE Column stats: COMPLETE
                      Reduce Output Operator
                        key expressions: _col5 (type: string)
                        null sort order: z
                        sort order: +
                        Map-reduce partition columns: _col5 (type: string)
                        Statistics: Num rows: 6 Data size: 1806 Basic stats: COMPLETE Column stats: COMPLETE
                        value expressions: _col0 (type: int), _col1 (type: string), _col2 (type: int), _col3 (type: int), _col4 (type: bigint), _col6 (type: bigint)
        Reducer 6 
            Reduce Operator Tree:
              Merge Join Operator
                condition map:
                     Left Semi Join 0 to 1
                keys:
                  0 _col5 (type: string)
                  1 _col0 (type: string)
                outputColumnNames: _col0, _col1, _col2, _col3, _col4, _col5, _col6
                Statistics: Num rows: 4 Data size: 1204 Basic stats: COMPLETE Column stats: COMPLETE
                Select Operator
                  expressions: _col3 (type: int), _col4 (type: bigint), _col5 (type: string), _col6 (type: bigint), _col0 (type: int), _col1 (type: string), _col2 (type: int)
                  outputColumnNames: _col0, _col1, _col2, _col3, _col4, _col5, _col6
                  Statistics: Num rows: 4 Data size: 1204 Basic stats: COMPLETE Column stats: COMPLETE
                  Reduce Output Operator
                    key expressions: iceberg_bucket(_col4, 16) (type: int), iceberg_truncate(_col5, 3) (type: string)
                    null sort order: aa
                    sort order: ++
                    Map-reduce partition columns: iceberg_bucket(_col4, 16) (type: int), iceberg_truncate(_col5, 3) (type: string)
                    Statistics: Num rows: 7 Data size: 2107 Basic stats: COMPLETE Column stats: COMPLETE
                    value expressions: _col0 (type: int), _col1 (type: bigint), _col2 (type: string), _col3 (type: bigint), _col4 (type: int), _col5 (type: string), _col6 (type: int)
        Reducer 8 
            Execution mode: vectorized
            Reduce Operator Tree:
              Select Operator
                expressions: VALUE._col0 (type: int), VALUE._col1 (type: bigint), VALUE._col2 (type: string), VALUE._col3 (type: bigint), VALUE._col4 (type: int), VALUE._col5 (type: string), VALUE._col6 (type: int), KEY.iceberg_bucket(_col4, 16) (type: int), KEY.iceberg_truncate(_col5, 3) (type: string)
                outputColumnNames: _col0, _col1, _col2, _col3, _col4, _col5, _col6, iceberg_bucket(_col4, 16), iceberg_truncate(_col5, 3)
                File Output Operator
                  compressed: false
                  Dp Sort State: PARTITION_SORTED
                  Statistics: Num rows: 7 Data size: 2107 Basic stats: COMPLETE Column stats: COMPLETE
                  table:
                      input format: org.apache.iceberg.mr.hive.HiveIcebergInputFormat
                      output format: org.apache.iceberg.mr.hive.HiveIcebergOutputFormat
                      serde: org.apache.iceberg.mr.hive.HiveIcebergSerDe
                      name: default.tbl_ice
        Reducer 9 
            Reduce Operator Tree:
              Merge Join Operator
                condition map:
                     Inner Join 0 to 1
                keys:
                  0 
                  1 
                outputColumnNames: _col0, _col1, _col2, _col3
                Statistics: Num rows: 6 Data size: 1200 Basic stats: COMPLETE Column stats: COMPLETE
                Reduce Output Operator
                  key expressions: _col0 (type: int)
                  null sort order: z
                  sort order: +
                  Map-reduce partition columns: _col0 (type: int)
                  Statistics: Num rows: 6 Data size: 1200 Basic stats: COMPLETE Column stats: COMPLETE
                  value expressions: _col1 (type: int), _col2 (type: string), _col3 (type: bigint)
        Union 7 
            Vertex: Union 7

  Stage: Stage-5
    Dependency Collection

  Stage: Stage-3
    Move Operator
      tables:
          replace: false
          table:
              input format: org.apache.iceberg.mr.hive.HiveIcebergInputFormat
              output format: org.apache.iceberg.mr.hive.HiveIcebergOutputFormat
              serde: org.apache.iceberg.mr.hive.HiveIcebergSerDe
              name: default.tbl_ice

  Stage: Stage-6
    Stats Work
      Basic Stats Work:

Warning: Shuffle Join MERGEJOIN[61][tables = [$hdt$_0, $hdt$_1]] in Stage 'Reducer 2' is a cross product
Warning: Shuffle Join MERGEJOIN[63][tables = [$hdt$_0, $hdt$_1, $hdt$_2, $hdt$_3]] in Stage 'Reducer 4' is a cross product
Warning: Shuffle Join MERGEJOIN[225][tables = [$hdt$_0, $hdt$_1, $hdt$_2]] in Stage 'Reducer 3' is a cross product
Warning: Shuffle Join MERGEJOIN[227][tables = [$hdt$_0, $hdt$_1, $hdt$_2]] in Stage 'Reducer 5' is a cross product
Warning: Shuffle Join MERGEJOIN[223][tables = [$hdt$_1, $hdt$_2]] in Stage 'Reducer 9' is a cross product
Warning: Shuffle Join MERGEJOIN[229][tables = [$hdt$_1, $hdt$_2, $hdt$_3, $hdt$_4]] in Stage 'Reducer 11' is a cross product
Warning: Shuffle Join MERGEJOIN[221][tables = [$hdt$_0, $hdt$_1]] in Stage 'Reducer 14' is a cross product
Warning: Shuffle Join MERGEJOIN[231][tables = [$hdt$_0, $hdt$_1, $hdt$_2, $hdt$_3]] in Stage 'Reducer 16' is a cross product
PREHOOK: query: delete from tbl_ice where a in (select a from tbl_ice where a <= 5) or c in (select c from tbl_ice where c > 800)
PREHOOK: type: QUERY
PREHOOK: Input: default@tbl_ice
PREHOOK: Output: default@tbl_ice
POSTHOOK: query: delete from tbl_ice where a in (select a from tbl_ice where a <= 5) or c in (select c from tbl_ice where c > 800)
POSTHOOK: type: QUERY
POSTHOOK: Input: default@tbl_ice
POSTHOOK: Output: default@tbl_ice
PREHOOK: query: select * from tbl_ice order by a
PREHOOK: type: QUERY
PREHOOK: Input: default@tbl_ice
PREHOOK: Output: hdfs://### HDFS PATH ###
POSTHOOK: query: select * from tbl_ice order by a
POSTHOOK: type: QUERY
POSTHOOK: Input: default@tbl_ice
POSTHOOK: Output: hdfs://### HDFS PATH ###
333	two	56
444	hola	800
PREHOOK: query: drop table if exists tbl_ice_other
PREHOOK: type: DROPTABLE
PREHOOK: Output: database:default
POSTHOOK: query: drop table if exists tbl_ice_other
POSTHOOK: type: DROPTABLE
POSTHOOK: Output: database:default
PREHOOK: query: create external table tbl_ice_other(a int, b string) stored by iceberg
PREHOOK: type: CREATETABLE
PREHOOK: Output: database:default
PREHOOK: Output: default@tbl_ice_other
POSTHOOK: query: create external table tbl_ice_other(a int, b string) stored by iceberg
POSTHOOK: type: CREATETABLE
POSTHOOK: Output: database:default
POSTHOOK: Output: default@tbl_ice_other
PREHOOK: query: insert into tbl_ice_other values (10, 'ten'), (333, 'hundred')
PREHOOK: type: QUERY
PREHOOK: Input: _dummy_database@_dummy_table
PREHOOK: Output: default@tbl_ice_other
POSTHOOK: query: insert into tbl_ice_other values (10, 'ten'), (333, 'hundred')
POSTHOOK: type: QUERY
POSTHOOK: Input: _dummy_database@_dummy_table
POSTHOOK: Output: default@tbl_ice_other
Warning: Shuffle Join MERGEJOIN[217][tables = [$hdt$_0, $hdt$_1, $hdt$_2]] in Stage 'Reducer 3' is a cross product
PREHOOK: query: explain delete from tbl_ice where a in (select t1.a from tbl_ice t1 join tbl_ice_other t2 on t1.a = t2.a)
PREHOOK: type: QUERY
PREHOOK: Input: default@tbl_ice
PREHOOK: Input: default@tbl_ice_other
PREHOOK: Output: default@tbl_ice
POSTHOOK: query: explain delete from tbl_ice where a in (select t1.a from tbl_ice t1 join tbl_ice_other t2 on t1.a = t2.a)
POSTHOOK: type: QUERY
POSTHOOK: Input: default@tbl_ice
POSTHOOK: Input: default@tbl_ice_other
POSTHOOK: Output: default@tbl_ice
STAGE DEPENDENCIES:
  Stage-4 is a root stage
  Stage-5 depends on stages: Stage-4
  Stage-3 depends on stages: Stage-5
  Stage-6 depends on stages: Stage-3

STAGE PLANS:
  Stage: Stage-4
    Tez
#### A masked pattern was here ####
      Edges:
        Reducer 10 <- Reducer 9 (CUSTOM_SIMPLE_EDGE)
        Reducer 11 <- Map 1 (SIMPLE_EDGE), Reducer 9 (SIMPLE_EDGE)
        Reducer 12 <- Reducer 11 (SIMPLE_EDGE)
        Reducer 13 <- Reducer 9 (SIMPLE_EDGE)
        Reducer 2 <- Map 1 (SIMPLE_EDGE), Reducer 13 (SIMPLE_EDGE)
        Reducer 3 <- Reducer 10 (XPROD_EDGE), Reducer 2 (XPROD_EDGE)
        Reducer 4 <- Reducer 12 (SIMPLE_EDGE), Reducer 3 (SIMPLE_EDGE), Union 5 (CONTAINS)
        Reducer 6 <- Union 5 (SIMPLE_EDGE)
        Reducer 7 <- Map 1 (SIMPLE_EDGE), Reducer 9 (SIMPLE_EDGE)
        Reducer 8 <- Reducer 7 (SIMPLE_EDGE), Union 5 (CONTAINS)
        Reducer 9 <- Map 1 (SIMPLE_EDGE), Map 14 (SIMPLE_EDGE)
#### A masked pattern was here ####
      Vertices:
        Map 1 
            Map Operator Tree:
                TableScan
                  alias: tbl_ice
                  Statistics: Num rows: 2 Data size: 194 Basic stats: COMPLETE Column stats: COMPLETE
                  Filter Operator
                    predicate: FILE__PATH is not null (type: boolean)
                    Statistics: Num rows: 2 Data size: 194 Basic stats: COMPLETE Column stats: COMPLETE
                    Select Operator
                      expressions: a (type: int), b (type: string), c (type: int), PARTITION__SPEC__ID (type: int), PARTITION__HASH (type: bigint), FILE__PATH (type: string), ROW__POSITION (type: bigint)
                      outputColumnNames: _col0, _col1, _col2, _col3, _col4, _col5, _col6
                      Statistics: Num rows: 2 Data size: 602 Basic stats: COMPLETE Column stats: COMPLETE
                      Reduce Output Operator
                        key expressions: _col0 (type: int)
                        null sort order: z
                        sort order: +
                        Map-reduce partition columns: _col0 (type: int)
                        Statistics: Num rows: 2 Data size: 602 Basic stats: COMPLETE Column stats: COMPLETE
                        value expressions: _col1 (type: string), _col2 (type: int), _col3 (type: int), _col4 (type: bigint), _col5 (type: string), _col6 (type: bigint)
                  Filter Operator
                    predicate: a is not null (type: boolean)
                    Statistics: Num rows: 2 Data size: 194 Basic stats: COMPLETE Column stats: COMPLETE
                    Select Operator
                      expressions: a (type: int), b (type: string), c (type: int), PARTITION__SPEC__ID (type: int), PARTITION__HASH (type: bigint), FILE__PATH (type: string)
                      outputColumnNames: _col0, _col1, _col2, _col3, _col4, _col5
                      Statistics: Num rows: 2 Data size: 586 Basic stats: COMPLETE Column stats: COMPLETE
                      Reduce Output Operator
                        key expressions: _col0 (type: int)
                        null sort order: z
                        sort order: +
                        Map-reduce partition columns: _col0 (type: int)
                        Statistics: Num rows: 2 Data size: 586 Basic stats: COMPLETE Column stats: COMPLETE
                        value expressions: _col1 (type: string), _col2 (type: int), _col3 (type: int), _col4 (type: bigint), _col5 (type: string)
                    Select Operator
                      expressions: a (type: int)
                      outputColumnNames: _col0
                      Statistics: Num rows: 2 Data size: 8 Basic stats: COMPLETE Column stats: COMPLETE
                      Reduce Output Operator
                        key expressions: _col0 (type: int)
                        null sort order: z
                        sort order: +
                        Map-reduce partition columns: _col0 (type: int)
                        Statistics: Num rows: 2 Data size: 8 Basic stats: COMPLETE Column stats: COMPLETE
                  Filter Operator
                    predicate: (a is not null and FILE__PATH is not null) (type: boolean)
                    Statistics: Num rows: 2 Data size: 8 Basic stats: COMPLETE Column stats: COMPLETE
                    Select Operator
                      expressions: a (type: int), FILE__PATH (type: string)
                      outputColumnNames: _col0, _col1
                      Statistics: Num rows: 2 Data size: 376 Basic stats: COMPLETE Column stats: COMPLETE
                      Reduce Output Operator
                        key expressions: _col0 (type: int)
                        null sort order: z
                        sort order: +
                        Map-reduce partition columns: _col0 (type: int)
                        Statistics: Num rows: 2 Data size: 376 Basic stats: COMPLETE Column stats: COMPLETE
                        value expressions: _col1 (type: string)
            Execution mode: vectorized
        Map 14 
            Map Operator Tree:
                TableScan
                  alias: t2
                  filterExpr: a is not null (type: boolean)
                  Statistics: Num rows: 2 Data size: 8 Basic stats: COMPLETE Column stats: COMPLETE
                  Filter Operator
                    predicate: a is not null (type: boolean)
                    Statistics: Num rows: 2 Data size: 8 Basic stats: COMPLETE Column stats: COMPLETE
                    Select Operator
                      expressions: a (type: int)
                      outputColumnNames: _col0
                      Statistics: Num rows: 2 Data size: 8 Basic stats: COMPLETE Column stats: COMPLETE
                      Reduce Output Operator
                        key expressions: _col0 (type: int)
                        null sort order: z
                        sort order: +
                        Map-reduce partition columns: _col0 (type: int)
                        Statistics: Num rows: 2 Data size: 8 Basic stats: COMPLETE Column stats: COMPLETE
            Execution mode: vectorized
        Reducer 10 
            Execution mode: vectorized
            Reduce Operator Tree:
              Group By Operator
                aggregations: count(VALUE._col0), count(VALUE._col1)
                mode: mergepartial
                outputColumnNames: _col0, _col1
                Statistics: Num rows: 1 Data size: 16 Basic stats: COMPLETE Column stats: COMPLETE
                Reduce Output Operator
                  null sort order: 
                  sort order: 
                  Statistics: Num rows: 1 Data size: 16 Basic stats: COMPLETE Column stats: COMPLETE
                  value expressions: _col0 (type: bigint), _col1 (type: bigint)
        Reducer 11 
            Reduce Operator Tree:
              Merge Join Operator
                condition map:
                     Left Semi Join 0 to 1
                keys:
                  0 _col0 (type: int)
                  1 _col0 (type: int)
                outputColumnNames: _col1
                Statistics: Num rows: 2 Data size: 368 Basic stats: COMPLETE Column stats: COMPLETE
                Reduce Output Operator
                  key expressions: _col1 (type: string)
                  null sort order: a
                  sort order: +
                  Map-reduce partition columns: _col1 (type: string)
                  Statistics: Num rows: 2 Data size: 368 Basic stats: COMPLETE Column stats: COMPLETE
        Reducer 12 
            Execution mode: vectorized
            Reduce Operator Tree:
              Select Operator
                expressions: KEY.reducesinkkey0 (type: string)
                outputColumnNames: _col1
                Statistics: Num rows: 2 Data size: 368 Basic stats: COMPLETE Column stats: COMPLETE
                PTF Operator
                  Function definitions:
                      Input definition
                        input alias: ptf_0
                        output shape: _col1: string
                        type: WINDOWING
                      Windowing table definition
                        input alias: ptf_1
                        name: windowingtablefunction
                        order by: _col1 ASC NULLS FIRST
                        partition by: _col1
                        raw input shape:
                        window functions:
                            window function definition
                              alias: row_number_window_0
                              name: row_number
                              window function: GenericUDAFRowNumberEvaluator
                              window frame: ROWS PRECEDING(MAX)~FOLLOWING(MAX)
                              isPivotResult: true
                  Statistics: Num rows: 2 Data size: 368 Basic stats: COMPLETE Column stats: COMPLETE
                  Filter Operator
                    predicate: (row_number_window_0 = 1) (type: boolean)
                    Statistics: Num rows: 1 Data size: 184 Basic stats: COMPLETE Column stats: COMPLETE
                    Select Operator
                      expressions: _col1 (type: string)
                      outputColumnNames: _col0
                      Statistics: Num rows: 1 Data size: 184 Basic stats: COMPLETE Column stats: COMPLETE
                      Group By Operator
                        keys: _col0 (type: string)
                        minReductionHashAggr: 0.4
                        mode: hash
                        outputColumnNames: _col0
                        Statistics: Num rows: 1 Data size: 184 Basic stats: COMPLETE Column stats: COMPLETE
                        Reduce Output Operator
                          key expressions: _col0 (type: string)
                          null sort order: z
                          sort order: +
                          Map-reduce partition columns: _col0 (type: string)
                          Statistics: Num rows: 1 Data size: 184 Basic stats: COMPLETE Column stats: COMPLETE
        Reducer 13 
            Execution mode: vectorized
            Reduce Operator Tree:
              Group By Operator
                keys: KEY._col0 (type: int)
                mode: mergepartial
                outputColumnNames: _col0
                Statistics: Num rows: 2 Data size: 8 Basic stats: COMPLETE Column stats: COMPLETE
                Select Operator
                  expressions: _col0 (type: int), true (type: boolean)
                  outputColumnNames: _col0, _col1
                  Statistics: Num rows: 2 Data size: 16 Basic stats: COMPLETE Column stats: COMPLETE
                  Reduce Output Operator
                    key expressions: _col0 (type: int)
                    null sort order: z
                    sort order: +
                    Map-reduce partition columns: _col0 (type: int)
                    Statistics: Num rows: 2 Data size: 16 Basic stats: COMPLETE Column stats: COMPLETE
                    value expressions: _col1 (type: boolean)
        Reducer 2 
            Reduce Operator Tree:
              Merge Join Operator
                condition map:
                     Left Outer Join 0 to 1
                keys:
                  0 _col0 (type: int)
                  1 _col0 (type: int)
                outputColumnNames: _col0, _col1, _col2, _col3, _col4, _col5, _col6, _col8
                Statistics: Num rows: 2 Data size: 610 Basic stats: COMPLETE Column stats: COMPLETE
                Reduce Output Operator
                  null sort order: 
                  sort order: 
                  Statistics: Num rows: 2 Data size: 610 Basic stats: COMPLETE Column stats: COMPLETE
                  value expressions: _col0 (type: int), _col1 (type: string), _col2 (type: int), _col3 (type: int), _col4 (type: bigint), _col5 (type: string), _col6 (type: bigint), _col8 (type: boolean)
        Reducer 3 
            Reduce Operator Tree:
              Merge Join Operator
                condition map:
                     Inner Join 0 to 1
                keys:
                  0 
                  1 
                outputColumnNames: _col0, _col1, _col2, _col3, _col4, _col5, _col6, _col8, _col9, _col10
                Statistics: Num rows: 2 Data size: 642 Basic stats: COMPLETE Column stats: COMPLETE
                Select Operator
                  expressions: _col0 (type: int), _col1 (type: string), _col2 (type: int), _col3 (type: int), _col4 (type: bigint), _col5 (type: string), _col6 (type: bigint), _col9 (type: bigint), _col10 (type: bigint), _col8 (type: boolean)
                  outputColumnNames: _col0, _col1, _col2, _col3, _col4, _col5, _col6, _col7, _col8, _col10
                  Statistics: Num rows: 2 Data size: 642 Basic stats: COMPLETE Column stats: COMPLETE
                  Filter Operator
                    predicate: ((_col7 = 0L) or ((_col10 is not null and (_col7 <> 0L)) or ((_col0 is null or (_col8 < _col7)) and null and (_col7 <> 0L) and _col10 is null)) is null or (_col10 is null and (_col8 >= _col7) and _col0 is not null)) (type: boolean)
                    Statistics: Num rows: 2 Data size: 642 Basic stats: COMPLETE Column stats: COMPLETE
                    Select Operator
                      expressions: _col0 (type: int), _col1 (type: string), _col2 (type: int), _col3 (type: int), _col4 (type: bigint), _col5 (type: string), _col6 (type: bigint)
                      outputColumnNames: _col0, _col1, _col2, _col3, _col4, _col5, _col6
                      Statistics: Num rows: 2 Data size: 602 Basic stats: COMPLETE Column stats: COMPLETE
                      Reduce Output Operator
                        key expressions: _col5 (type: string)
                        null sort order: z
                        sort order: +
                        Map-reduce partition columns: _col5 (type: string)
                        Statistics: Num rows: 2 Data size: 602 Basic stats: COMPLETE Column stats: COMPLETE
                        value expressions: _col0 (type: int), _col1 (type: string), _col2 (type: int), _col3 (type: int), _col4 (type: bigint), _col6 (type: bigint)
        Reducer 4 
            Reduce Operator Tree:
              Merge Join Operator
                condition map:
                     Left Semi Join 0 to 1
                keys:
                  0 _col5 (type: string)
                  1 _col0 (type: string)
                outputColumnNames: _col0, _col1, _col2, _col3, _col4, _col5, _col6
                Statistics: Num rows: 1 Data size: 301 Basic stats: COMPLETE Column stats: COMPLETE
                Select Operator
                  expressions: _col3 (type: int), _col4 (type: bigint), _col5 (type: string), _col6 (type: bigint), _col0 (type: int), _col1 (type: string), _col2 (type: int)
                  outputColumnNames: _col0, _col1, _col2, _col3, _col4, _col5, _col6
                  Statistics: Num rows: 1 Data size: 301 Basic stats: COMPLETE Column stats: COMPLETE
                  Reduce Output Operator
                    key expressions: iceberg_bucket(_col4, 16) (type: int), iceberg_truncate(_col5, 3) (type: string)
                    null sort order: aa
                    sort order: ++
                    Map-reduce partition columns: iceberg_bucket(_col4, 16) (type: int), iceberg_truncate(_col5, 3) (type: string)
                    Statistics: Num rows: 2 Data size: 602 Basic stats: COMPLETE Column stats: COMPLETE
                    value expressions: _col0 (type: int), _col1 (type: bigint), _col2 (type: string), _col3 (type: bigint), _col4 (type: int), _col5 (type: string), _col6 (type: int)
        Reducer 6 
            Execution mode: vectorized
            Reduce Operator Tree:
              Select Operator
                expressions: VALUE._col0 (type: int), VALUE._col1 (type: bigint), VALUE._col2 (type: string), VALUE._col3 (type: bigint), VALUE._col4 (type: int), VALUE._col5 (type: string), VALUE._col6 (type: int), KEY.iceberg_bucket(_col4, 16) (type: int), KEY.iceberg_truncate(_col5, 3) (type: string)
                outputColumnNames: _col0, _col1, _col2, _col3, _col4, _col5, _col6, iceberg_bucket(_col4, 16), iceberg_truncate(_col5, 3)
                File Output Operator
                  compressed: false
                  Dp Sort State: PARTITION_SORTED
                  Statistics: Num rows: 2 Data size: 602 Basic stats: COMPLETE Column stats: COMPLETE
                  table:
                      input format: org.apache.iceberg.mr.hive.HiveIcebergInputFormat
                      output format: org.apache.iceberg.mr.hive.HiveIcebergOutputFormat
                      serde: org.apache.iceberg.mr.hive.HiveIcebergSerDe
                      name: default.tbl_ice
        Reducer 7 
            Reduce Operator Tree:
              Merge Join Operator
                condition map:
                     Left Semi Join 0 to 1
                keys:
                  0 _col0 (type: int)
                  1 _col0 (type: int)
                outputColumnNames: _col0, _col1, _col2, _col3, _col4, _col5
                Statistics: Num rows: 2 Data size: 586 Basic stats: COMPLETE Column stats: COMPLETE
                Reduce Output Operator
                  key expressions: _col5 (type: string)
                  null sort order: a
                  sort order: +
                  Map-reduce partition columns: _col5 (type: string)
                  Statistics: Num rows: 2 Data size: 586 Basic stats: COMPLETE Column stats: COMPLETE
                  value expressions: _col0 (type: int), _col1 (type: string), _col2 (type: int), _col3 (type: int), _col4 (type: bigint)
        Reducer 8 
            Execution mode: vectorized
            Reduce Operator Tree:
              Select Operator
                expressions: VALUE._col0 (type: int), VALUE._col1 (type: string), VALUE._col2 (type: int), VALUE._col3 (type: int), VALUE._col4 (type: bigint), KEY.reducesinkkey0 (type: string)
                outputColumnNames: _col0, _col1, _col2, _col3, _col4, _col5
                Statistics: Num rows: 2 Data size: 586 Basic stats: COMPLETE Column stats: COMPLETE
                PTF Operator
                  Function definitions:
                      Input definition
                        input alias: ptf_0
                        type: WINDOWING
                      Windowing table definition
                        input alias: ptf_1
                        name: windowingtablefunction
                        order by: _col5 ASC NULLS FIRST
                        partition by: _col5
                        raw input shape:
                        window functions:
                            window function definition
                              alias: row_number_window_0
                              name: row_number
                              window function: GenericUDAFRowNumberEvaluator
                              window frame: ROWS PRECEDING(MAX)~FOLLOWING(MAX)
                              isPivotResult: true
                  Statistics: Num rows: 2 Data size: 586 Basic stats: COMPLETE Column stats: COMPLETE
                  Filter Operator
                    predicate: (row_number_window_0 = 1) (type: boolean)
                    Statistics: Num rows: 1 Data size: 293 Basic stats: COMPLETE Column stats: COMPLETE
                    Select Operator
                      expressions: _col3 (type: int), _col4 (type: bigint), _col5 (type: string), -1L (type: bigint), _col0 (type: int), _col1 (type: string), _col2 (type: int)
                      outputColumnNames: _col0, _col1, _col2, _col3, _col4, _col5, _col6
                      Statistics: Num rows: 1 Data size: 301 Basic stats: COMPLETE Column stats: COMPLETE
                      Reduce Output Operator
                        key expressions: iceberg_bucket(_col4, 16) (type: int), iceberg_truncate(_col5, 3) (type: string)
                        null sort order: aa
                        sort order: ++
                        Map-reduce partition columns: iceberg_bucket(_col4, 16) (type: int), iceberg_truncate(_col5, 3) (type: string)
                        Statistics: Num rows: 2 Data size: 602 Basic stats: COMPLETE Column stats: COMPLETE
                        value expressions: _col0 (type: int), _col1 (type: bigint), _col2 (type: string), _col3 (type: bigint), _col4 (type: int), _col5 (type: string), _col6 (type: int)
        Reducer 9 
            Reduce Operator Tree:
              Merge Join Operator
                condition map:
                     Inner Join 0 to 1
                keys:
                  0 _col0 (type: int)
                  1 _col0 (type: int)
                outputColumnNames: _col0
                Statistics: Num rows: 2 Data size: 8 Basic stats: COMPLETE Column stats: COMPLETE
                Group By Operator
                  aggregations: count(), count(_col0)
                  minReductionHashAggr: 0.5
                  mode: hash
                  outputColumnNames: _col0, _col1
                  Statistics: Num rows: 1 Data size: 16 Basic stats: COMPLETE Column stats: COMPLETE
                  Reduce Output Operator
                    null sort order: 
                    sort order: 
                    Statistics: Num rows: 1 Data size: 16 Basic stats: COMPLETE Column stats: COMPLETE
                    value expressions: _col0 (type: bigint), _col1 (type: bigint)
                Group By Operator
                  keys: _col0 (type: int)
                  minReductionHashAggr: 0.4
                  mode: hash
                  outputColumnNames: _col0
                  Statistics: Num rows: 2 Data size: 8 Basic stats: COMPLETE Column stats: COMPLETE
                  Reduce Output Operator
                    key expressions: _col0 (type: int)
                    null sort order: z
                    sort order: +
                    Map-reduce partition columns: _col0 (type: int)
                    Statistics: Num rows: 2 Data size: 8 Basic stats: COMPLETE Column stats: COMPLETE
                  Reduce Output Operator
                    key expressions: _col0 (type: int)
                    null sort order: z
                    sort order: +
                    Map-reduce partition columns: _col0 (type: int)
                    Statistics: Num rows: 2 Data size: 8 Basic stats: COMPLETE Column stats: COMPLETE
                  Reduce Output Operator
                    key expressions: _col0 (type: int)
                    null sort order: z
                    sort order: +
                    Map-reduce partition columns: _col0 (type: int)
                    Statistics: Num rows: 2 Data size: 8 Basic stats: COMPLETE Column stats: COMPLETE
        Union 5 
            Vertex: Union 5

  Stage: Stage-5
    Dependency Collection

  Stage: Stage-3
    Move Operator
      tables:
          replace: false
          table:
              input format: org.apache.iceberg.mr.hive.HiveIcebergInputFormat
              output format: org.apache.iceberg.mr.hive.HiveIcebergOutputFormat
              serde: org.apache.iceberg.mr.hive.HiveIcebergSerDe
              name: default.tbl_ice

  Stage: Stage-6
    Stats Work
      Basic Stats Work:

Warning: Shuffle Join MERGEJOIN[217][tables = [$hdt$_0, $hdt$_1, $hdt$_2]] in Stage 'Reducer 3' is a cross product
PREHOOK: query: delete from tbl_ice where a in (select t1.a from tbl_ice t1 join tbl_ice_other t2 on t1.a = t2.a)
PREHOOK: type: QUERY
PREHOOK: Input: default@tbl_ice
PREHOOK: Input: default@tbl_ice_other
PREHOOK: Output: default@tbl_ice
POSTHOOK: query: delete from tbl_ice where a in (select t1.a from tbl_ice t1 join tbl_ice_other t2 on t1.a = t2.a)
POSTHOOK: type: QUERY
POSTHOOK: Input: default@tbl_ice
POSTHOOK: Input: default@tbl_ice_other
POSTHOOK: Output: default@tbl_ice
PREHOOK: query: select * from tbl_ice order by a
PREHOOK: type: QUERY
PREHOOK: Input: default@tbl_ice
PREHOOK: Output: hdfs://### HDFS PATH ###
POSTHOOK: query: select * from tbl_ice order by a
POSTHOOK: type: QUERY
POSTHOOK: Input: default@tbl_ice
POSTHOOK: Output: hdfs://### HDFS PATH ###
444	hola	800
PREHOOK: query: drop table if exists tbl_standard_other
PREHOOK: type: DROPTABLE
PREHOOK: Output: database:default
POSTHOOK: query: drop table if exists tbl_standard_other
POSTHOOK: type: DROPTABLE
POSTHOOK: Output: database:default
PREHOOK: query: create external table tbl_standard_other(a int, b string) stored as orc
PREHOOK: type: CREATETABLE
PREHOOK: Output: database:default
PREHOOK: Output: default@tbl_standard_other
POSTHOOK: query: create external table tbl_standard_other(a int, b string) stored as orc
POSTHOOK: type: CREATETABLE
POSTHOOK: Output: database:default
POSTHOOK: Output: default@tbl_standard_other
PREHOOK: query: insert into tbl_standard_other values (10, 'ten'), (444, 'tutu')
PREHOOK: type: QUERY
PREHOOK: Input: _dummy_database@_dummy_table
PREHOOK: Output: default@tbl_standard_other
POSTHOOK: query: insert into tbl_standard_other values (10, 'ten'), (444, 'tutu')
POSTHOOK: type: QUERY
POSTHOOK: Input: _dummy_database@_dummy_table
POSTHOOK: Output: default@tbl_standard_other
POSTHOOK: Lineage: tbl_standard_other.a SCRIPT []
POSTHOOK: Lineage: tbl_standard_other.b SCRIPT []
Warning: Shuffle Join MERGEJOIN[217][tables = [$hdt$_0, $hdt$_1, $hdt$_2]] in Stage 'Reducer 3' is a cross product
PREHOOK: query: explain delete from tbl_ice where a in (select t1.a from tbl_ice t1 join tbl_ice_other t2 on t1.a = t2.a)
PREHOOK: type: QUERY
PREHOOK: Input: default@tbl_ice
PREHOOK: Input: default@tbl_ice_other
PREHOOK: Output: default@tbl_ice
POSTHOOK: query: explain delete from tbl_ice where a in (select t1.a from tbl_ice t1 join tbl_ice_other t2 on t1.a = t2.a)
POSTHOOK: type: QUERY
POSTHOOK: Input: default@tbl_ice
POSTHOOK: Input: default@tbl_ice_other
POSTHOOK: Output: default@tbl_ice
STAGE DEPENDENCIES:
  Stage-4 is a root stage
  Stage-5 depends on stages: Stage-4
  Stage-3 depends on stages: Stage-5
  Stage-6 depends on stages: Stage-3

STAGE PLANS:
  Stage: Stage-4
    Tez
#### A masked pattern was here ####
      Edges:
        Reducer 10 <- Reducer 9 (CUSTOM_SIMPLE_EDGE)
        Reducer 11 <- Reducer 9 (SIMPLE_EDGE)
        Reducer 12 <- Map 1 (SIMPLE_EDGE), Reducer 9 (SIMPLE_EDGE)
        Reducer 13 <- Reducer 12 (SIMPLE_EDGE)
        Reducer 2 <- Map 1 (SIMPLE_EDGE), Reducer 11 (SIMPLE_EDGE)
        Reducer 3 <- Reducer 10 (XPROD_EDGE), Reducer 2 (XPROD_EDGE)
        Reducer 4 <- Reducer 13 (SIMPLE_EDGE), Reducer 3 (SIMPLE_EDGE), Union 5 (CONTAINS)
        Reducer 6 <- Union 5 (SIMPLE_EDGE)
        Reducer 7 <- Map 1 (SIMPLE_EDGE), Reducer 9 (SIMPLE_EDGE)
        Reducer 8 <- Reducer 7 (SIMPLE_EDGE), Union 5 (CONTAINS)
        Reducer 9 <- Map 1 (SIMPLE_EDGE), Map 14 (SIMPLE_EDGE)
#### A masked pattern was here ####
      Vertices:
        Map 1 
            Map Operator Tree:
                TableScan
                  alias: tbl_ice
                  Statistics: Num rows: 1 Data size: 97 Basic stats: COMPLETE Column stats: COMPLETE
                  Filter Operator
                    predicate: FILE__PATH is not null (type: boolean)
                    Statistics: Num rows: 1 Data size: 97 Basic stats: COMPLETE Column stats: COMPLETE
                    Select Operator
                      expressions: a (type: int), b (type: string), c (type: int), PARTITION__SPEC__ID (type: int), PARTITION__HASH (type: bigint), FILE__PATH (type: string), ROW__POSITION (type: bigint)
                      outputColumnNames: _col0, _col1, _col2, _col3, _col4, _col5, _col6
                      Statistics: Num rows: 1 Data size: 301 Basic stats: COMPLETE Column stats: COMPLETE
                      Reduce Output Operator
                        key expressions: _col0 (type: int)
                        null sort order: z
                        sort order: +
                        Map-reduce partition columns: _col0 (type: int)
                        Statistics: Num rows: 1 Data size: 301 Basic stats: COMPLETE Column stats: COMPLETE
                        value expressions: _col1 (type: string), _col2 (type: int), _col3 (type: int), _col4 (type: bigint), _col5 (type: string), _col6 (type: bigint)
                  Filter Operator
                    predicate: a is not null (type: boolean)
                    Statistics: Num rows: 1 Data size: 97 Basic stats: COMPLETE Column stats: COMPLETE
                    Select Operator
                      expressions: a (type: int), b (type: string), c (type: int), PARTITION__SPEC__ID (type: int), PARTITION__HASH (type: bigint), FILE__PATH (type: string)
                      outputColumnNames: _col0, _col1, _col2, _col3, _col4, _col5
                      Statistics: Num rows: 1 Data size: 293 Basic stats: COMPLETE Column stats: COMPLETE
                      Reduce Output Operator
                        key expressions: _col0 (type: int)
                        null sort order: z
                        sort order: +
                        Map-reduce partition columns: _col0 (type: int)
                        Statistics: Num rows: 1 Data size: 293 Basic stats: COMPLETE Column stats: COMPLETE
                        value expressions: _col1 (type: string), _col2 (type: int), _col3 (type: int), _col4 (type: bigint), _col5 (type: string)
                    Select Operator
                      expressions: a (type: int)
                      outputColumnNames: _col0
                      Statistics: Num rows: 1 Data size: 4 Basic stats: COMPLETE Column stats: COMPLETE
                      Reduce Output Operator
                        key expressions: _col0 (type: int)
                        null sort order: z
                        sort order: +
                        Map-reduce partition columns: _col0 (type: int)
                        Statistics: Num rows: 1 Data size: 4 Basic stats: COMPLETE Column stats: COMPLETE
                  Filter Operator
                    predicate: (a is not null and FILE__PATH is not null) (type: boolean)
                    Statistics: Num rows: 1 Data size: 4 Basic stats: COMPLETE Column stats: COMPLETE
                    Select Operator
                      expressions: a (type: int), FILE__PATH (type: string)
                      outputColumnNames: _col0, _col1
                      Statistics: Num rows: 1 Data size: 188 Basic stats: COMPLETE Column stats: COMPLETE
                      Reduce Output Operator
                        key expressions: _col0 (type: int)
                        null sort order: z
                        sort order: +
                        Map-reduce partition columns: _col0 (type: int)
                        Statistics: Num rows: 1 Data size: 188 Basic stats: COMPLETE Column stats: COMPLETE
                        value expressions: _col1 (type: string)
            Execution mode: vectorized
        Map 14 
            Map Operator Tree:
                TableScan
                  alias: t2
                  filterExpr: a is not null (type: boolean)
                  Statistics: Num rows: 2 Data size: 8 Basic stats: COMPLETE Column stats: COMPLETE
                  Filter Operator
                    predicate: a is not null (type: boolean)
                    Statistics: Num rows: 2 Data size: 8 Basic stats: COMPLETE Column stats: COMPLETE
                    Select Operator
                      expressions: a (type: int)
                      outputColumnNames: _col0
                      Statistics: Num rows: 2 Data size: 8 Basic stats: COMPLETE Column stats: COMPLETE
                      Reduce Output Operator
                        key expressions: _col0 (type: int)
                        null sort order: z
                        sort order: +
                        Map-reduce partition columns: _col0 (type: int)
                        Statistics: Num rows: 2 Data size: 8 Basic stats: COMPLETE Column stats: COMPLETE
            Execution mode: vectorized
        Reducer 10 
            Execution mode: vectorized
            Reduce Operator Tree:
              Group By Operator
                aggregations: count(VALUE._col0), count(VALUE._col1)
                mode: mergepartial
                outputColumnNames: _col0, _col1
                Statistics: Num rows: 1 Data size: 16 Basic stats: COMPLETE Column stats: COMPLETE
                Reduce Output Operator
                  null sort order: 
                  sort order: 
                  Statistics: Num rows: 1 Data size: 16 Basic stats: COMPLETE Column stats: COMPLETE
                  value expressions: _col0 (type: bigint), _col1 (type: bigint)
        Reducer 11 
            Execution mode: vectorized
            Reduce Operator Tree:
              Group By Operator
                keys: KEY._col0 (type: int)
                mode: mergepartial
                outputColumnNames: _col0
                Statistics: Num rows: 1 Data size: 4 Basic stats: COMPLETE Column stats: COMPLETE
                Select Operator
                  expressions: _col0 (type: int), true (type: boolean)
                  outputColumnNames: _col0, _col1
                  Statistics: Num rows: 1 Data size: 8 Basic stats: COMPLETE Column stats: COMPLETE
                  Reduce Output Operator
                    key expressions: _col0 (type: int)
                    null sort order: z
                    sort order: +
                    Map-reduce partition columns: _col0 (type: int)
                    Statistics: Num rows: 1 Data size: 8 Basic stats: COMPLETE Column stats: COMPLETE
                    value expressions: _col1 (type: boolean)
        Reducer 12 
            Reduce Operator Tree:
              Merge Join Operator
                condition map:
                     Left Semi Join 0 to 1
                keys:
                  0 _col0 (type: int)
                  1 _col0 (type: int)
                outputColumnNames: _col1
                Statistics: Num rows: 1 Data size: 184 Basic stats: COMPLETE Column stats: COMPLETE
                Reduce Output Operator
                  key expressions: _col1 (type: string)
                  null sort order: a
                  sort order: +
                  Map-reduce partition columns: _col1 (type: string)
                  Statistics: Num rows: 1 Data size: 184 Basic stats: COMPLETE Column stats: COMPLETE
        Reducer 13 
            Execution mode: vectorized
            Reduce Operator Tree:
              Select Operator
                expressions: KEY.reducesinkkey0 (type: string)
                outputColumnNames: _col1
                Statistics: Num rows: 1 Data size: 184 Basic stats: COMPLETE Column stats: COMPLETE
                PTF Operator
                  Function definitions:
                      Input definition
                        input alias: ptf_0
                        output shape: _col1: string
                        type: WINDOWING
                      Windowing table definition
                        input alias: ptf_1
                        name: windowingtablefunction
                        order by: _col1 ASC NULLS FIRST
                        partition by: _col1
                        raw input shape:
                        window functions:
                            window function definition
                              alias: row_number_window_0
                              name: row_number
                              window function: GenericUDAFRowNumberEvaluator
                              window frame: ROWS PRECEDING(MAX)~FOLLOWING(MAX)
                              isPivotResult: true
                  Statistics: Num rows: 1 Data size: 184 Basic stats: COMPLETE Column stats: COMPLETE
                  Filter Operator
                    predicate: (row_number_window_0 = 1) (type: boolean)
                    Statistics: Num rows: 1 Data size: 184 Basic stats: COMPLETE Column stats: COMPLETE
                    Select Operator
                      expressions: _col1 (type: string)
                      outputColumnNames: _col0
                      Statistics: Num rows: 1 Data size: 184 Basic stats: COMPLETE Column stats: COMPLETE
                      Group By Operator
                        keys: _col0 (type: string)
                        minReductionHashAggr: 0.4
                        mode: hash
                        outputColumnNames: _col0
                        Statistics: Num rows: 1 Data size: 184 Basic stats: COMPLETE Column stats: COMPLETE
                        Reduce Output Operator
                          key expressions: _col0 (type: string)
                          null sort order: z
                          sort order: +
                          Map-reduce partition columns: _col0 (type: string)
                          Statistics: Num rows: 1 Data size: 184 Basic stats: COMPLETE Column stats: COMPLETE
        Reducer 2 
            Reduce Operator Tree:
              Merge Join Operator
                condition map:
                     Left Outer Join 0 to 1
                keys:
                  0 _col0 (type: int)
                  1 _col0 (type: int)
                outputColumnNames: _col0, _col1, _col2, _col3, _col4, _col5, _col6, _col8
                Statistics: Num rows: 1 Data size: 305 Basic stats: COMPLETE Column stats: COMPLETE
                Reduce Output Operator
                  null sort order: 
                  sort order: 
                  Statistics: Num rows: 1 Data size: 305 Basic stats: COMPLETE Column stats: COMPLETE
                  value expressions: _col0 (type: int), _col1 (type: string), _col2 (type: int), _col3 (type: int), _col4 (type: bigint), _col5 (type: string), _col6 (type: bigint), _col8 (type: boolean)
        Reducer 3 
            Reduce Operator Tree:
              Merge Join Operator
                condition map:
                     Inner Join 0 to 1
                keys:
                  0 
                  1 
                outputColumnNames: _col0, _col1, _col2, _col3, _col4, _col5, _col6, _col8, _col9, _col10
                Statistics: Num rows: 1 Data size: 321 Basic stats: COMPLETE Column stats: COMPLETE
                Select Operator
                  expressions: _col0 (type: int), _col1 (type: string), _col2 (type: int), _col3 (type: int), _col4 (type: bigint), _col5 (type: string), _col6 (type: bigint), _col9 (type: bigint), _col10 (type: bigint), _col8 (type: boolean)
                  outputColumnNames: _col0, _col1, _col2, _col3, _col4, _col5, _col6, _col7, _col8, _col10
                  Statistics: Num rows: 1 Data size: 321 Basic stats: COMPLETE Column stats: COMPLETE
                  Filter Operator
                    predicate: ((_col7 = 0L) or ((_col10 is not null and (_col7 <> 0L)) or ((_col0 is null or (_col8 < _col7)) and null and (_col7 <> 0L) and _col10 is null)) is null or (_col10 is null and (_col8 >= _col7) and _col0 is not null)) (type: boolean)
                    Statistics: Num rows: 1 Data size: 321 Basic stats: COMPLETE Column stats: COMPLETE
                    Select Operator
                      expressions: _col0 (type: int), _col1 (type: string), _col2 (type: int), _col3 (type: int), _col4 (type: bigint), _col5 (type: string), _col6 (type: bigint)
                      outputColumnNames: _col0, _col1, _col2, _col3, _col4, _col5, _col6
                      Statistics: Num rows: 1 Data size: 301 Basic stats: COMPLETE Column stats: COMPLETE
                      Reduce Output Operator
                        key expressions: _col5 (type: string)
                        null sort order: z
                        sort order: +
                        Map-reduce partition columns: _col5 (type: string)
                        Statistics: Num rows: 1 Data size: 301 Basic stats: COMPLETE Column stats: COMPLETE
                        value expressions: _col0 (type: int), _col1 (type: string), _col2 (type: int), _col3 (type: int), _col4 (type: bigint), _col6 (type: bigint)
        Reducer 4 
            Reduce Operator Tree:
              Merge Join Operator
                condition map:
                     Left Semi Join 0 to 1
                keys:
                  0 _col5 (type: string)
                  1 _col0 (type: string)
                outputColumnNames: _col0, _col1, _col2, _col3, _col4, _col5, _col6
                Statistics: Num rows: 1 Data size: 301 Basic stats: COMPLETE Column stats: COMPLETE
                Select Operator
                  expressions: _col3 (type: int), _col4 (type: bigint), _col5 (type: string), _col6 (type: bigint), _col0 (type: int), _col1 (type: string), _col2 (type: int)
                  outputColumnNames: _col0, _col1, _col2, _col3, _col4, _col5, _col6
                  Statistics: Num rows: 1 Data size: 301 Basic stats: COMPLETE Column stats: COMPLETE
                  Reduce Output Operator
                    key expressions: iceberg_bucket(_col4, 16) (type: int), iceberg_truncate(_col5, 3) (type: string)
                    null sort order: aa
                    sort order: ++
                    Map-reduce partition columns: iceberg_bucket(_col4, 16) (type: int), iceberg_truncate(_col5, 3) (type: string)
                    Statistics: Num rows: 2 Data size: 602 Basic stats: COMPLETE Column stats: COMPLETE
                    value expressions: _col0 (type: int), _col1 (type: bigint), _col2 (type: string), _col3 (type: bigint), _col4 (type: int), _col5 (type: string), _col6 (type: int)
        Reducer 6 
            Execution mode: vectorized
            Reduce Operator Tree:
              Select Operator
                expressions: VALUE._col0 (type: int), VALUE._col1 (type: bigint), VALUE._col2 (type: string), VALUE._col3 (type: bigint), VALUE._col4 (type: int), VALUE._col5 (type: string), VALUE._col6 (type: int), KEY.iceberg_bucket(_col4, 16) (type: int), KEY.iceberg_truncate(_col5, 3) (type: string)
                outputColumnNames: _col0, _col1, _col2, _col3, _col4, _col5, _col6, iceberg_bucket(_col4, 16), iceberg_truncate(_col5, 3)
                File Output Operator
                  compressed: false
                  Dp Sort State: PARTITION_SORTED
                  Statistics: Num rows: 2 Data size: 602 Basic stats: COMPLETE Column stats: COMPLETE
                  table:
                      input format: org.apache.iceberg.mr.hive.HiveIcebergInputFormat
                      output format: org.apache.iceberg.mr.hive.HiveIcebergOutputFormat
                      serde: org.apache.iceberg.mr.hive.HiveIcebergSerDe
                      name: default.tbl_ice
        Reducer 7 
            Reduce Operator Tree:
              Merge Join Operator
                condition map:
                     Left Semi Join 0 to 1
                keys:
                  0 _col0 (type: int)
                  1 _col0 (type: int)
                outputColumnNames: _col0, _col1, _col2, _col3, _col4, _col5
                Statistics: Num rows: 1 Data size: 293 Basic stats: COMPLETE Column stats: COMPLETE
                Reduce Output Operator
                  key expressions: _col5 (type: string)
                  null sort order: a
                  sort order: +
                  Map-reduce partition columns: _col5 (type: string)
                  Statistics: Num rows: 1 Data size: 293 Basic stats: COMPLETE Column stats: COMPLETE
                  value expressions: _col0 (type: int), _col1 (type: string), _col2 (type: int), _col3 (type: int), _col4 (type: bigint)
        Reducer 8 
            Execution mode: vectorized
            Reduce Operator Tree:
              Select Operator
                expressions: VALUE._col0 (type: int), VALUE._col1 (type: string), VALUE._col2 (type: int), VALUE._col3 (type: int), VALUE._col4 (type: bigint), KEY.reducesinkkey0 (type: string)
                outputColumnNames: _col0, _col1, _col2, _col3, _col4, _col5
                Statistics: Num rows: 1 Data size: 293 Basic stats: COMPLETE Column stats: COMPLETE
                PTF Operator
                  Function definitions:
                      Input definition
                        input alias: ptf_0
                        type: WINDOWING
                      Windowing table definition
                        input alias: ptf_1
                        name: windowingtablefunction
                        order by: _col5 ASC NULLS FIRST
                        partition by: _col5
                        raw input shape:
                        window functions:
                            window function definition
                              alias: row_number_window_0
                              name: row_number
                              window function: GenericUDAFRowNumberEvaluator
                              window frame: ROWS PRECEDING(MAX)~FOLLOWING(MAX)
                              isPivotResult: true
                  Statistics: Num rows: 1 Data size: 293 Basic stats: COMPLETE Column stats: COMPLETE
                  Filter Operator
                    predicate: (row_number_window_0 = 1) (type: boolean)
                    Statistics: Num rows: 1 Data size: 293 Basic stats: COMPLETE Column stats: COMPLETE
                    Select Operator
                      expressions: _col3 (type: int), _col4 (type: bigint), _col5 (type: string), -1L (type: bigint), _col0 (type: int), _col1 (type: string), _col2 (type: int)
                      outputColumnNames: _col0, _col1, _col2, _col3, _col4, _col5, _col6
                      Statistics: Num rows: 1 Data size: 301 Basic stats: COMPLETE Column stats: COMPLETE
                      Reduce Output Operator
                        key expressions: iceberg_bucket(_col4, 16) (type: int), iceberg_truncate(_col5, 3) (type: string)
                        null sort order: aa
                        sort order: ++
                        Map-reduce partition columns: iceberg_bucket(_col4, 16) (type: int), iceberg_truncate(_col5, 3) (type: string)
                        Statistics: Num rows: 2 Data size: 602 Basic stats: COMPLETE Column stats: COMPLETE
                        value expressions: _col0 (type: int), _col1 (type: bigint), _col2 (type: string), _col3 (type: bigint), _col4 (type: int), _col5 (type: string), _col6 (type: int)
        Reducer 9 
            Reduce Operator Tree:
              Merge Join Operator
                condition map:
                     Inner Join 0 to 1
                keys:
                  0 _col0 (type: int)
                  1 _col0 (type: int)
                outputColumnNames: _col1
                Statistics: Num rows: 1 Data size: 4 Basic stats: COMPLETE Column stats: COMPLETE
                Group By Operator
                  aggregations: count(), count(_col1)
                  minReductionHashAggr: 0.4
                  mode: hash
                  outputColumnNames: _col0, _col1
                  Statistics: Num rows: 1 Data size: 16 Basic stats: COMPLETE Column stats: COMPLETE
                  Reduce Output Operator
                    null sort order: 
                    sort order: 
                    Statistics: Num rows: 1 Data size: 16 Basic stats: COMPLETE Column stats: COMPLETE
                    value expressions: _col0 (type: bigint), _col1 (type: bigint)
                Group By Operator
                  keys: _col1 (type: int)
                  minReductionHashAggr: 0.4
                  mode: hash
                  outputColumnNames: _col0
                  Statistics: Num rows: 1 Data size: 4 Basic stats: COMPLETE Column stats: COMPLETE
                  Reduce Output Operator
                    key expressions: _col0 (type: int)
                    null sort order: z
                    sort order: +
                    Map-reduce partition columns: _col0 (type: int)
                    Statistics: Num rows: 1 Data size: 4 Basic stats: COMPLETE Column stats: COMPLETE
                Select Operator
                  expressions: _col1 (type: int)
                  outputColumnNames: _col0
                  Statistics: Num rows: 1 Data size: 4 Basic stats: COMPLETE Column stats: COMPLETE
                  Group By Operator
                    keys: _col0 (type: int)
                    minReductionHashAggr: 0.4
                    mode: hash
                    outputColumnNames: _col0
                    Statistics: Num rows: 1 Data size: 4 Basic stats: COMPLETE Column stats: COMPLETE
                    Reduce Output Operator
                      key expressions: _col0 (type: int)
                      null sort order: z
                      sort order: +
                      Map-reduce partition columns: _col0 (type: int)
                      Statistics: Num rows: 1 Data size: 4 Basic stats: COMPLETE Column stats: COMPLETE
                Select Operator
                  expressions: _col1 (type: int)
                  outputColumnNames: _col0
                  Statistics: Num rows: 1 Data size: 4 Basic stats: COMPLETE Column stats: COMPLETE
                  Group By Operator
                    keys: _col0 (type: int)
                    minReductionHashAggr: 0.4
                    mode: hash
                    outputColumnNames: _col0
                    Statistics: Num rows: 1 Data size: 4 Basic stats: COMPLETE Column stats: COMPLETE
                    Reduce Output Operator
                      key expressions: _col0 (type: int)
                      null sort order: z
                      sort order: +
                      Map-reduce partition columns: _col0 (type: int)
                      Statistics: Num rows: 1 Data size: 4 Basic stats: COMPLETE Column stats: COMPLETE
        Union 5 
            Vertex: Union 5

  Stage: Stage-5
    Dependency Collection

  Stage: Stage-3
    Move Operator
      tables:
          replace: false
          table:
              input format: org.apache.iceberg.mr.hive.HiveIcebergInputFormat
              output format: org.apache.iceberg.mr.hive.HiveIcebergOutputFormat
              serde: org.apache.iceberg.mr.hive.HiveIcebergSerDe
              name: default.tbl_ice

  Stage: Stage-6
    Stats Work
      Basic Stats Work:

Warning: Shuffle Join MERGEJOIN[180][tables = [$hdt$_0, $hdt$_1, $hdt$_2]] in Stage 'Reducer 3' is a cross product
PREHOOK: query: delete from tbl_ice where a in (select t1.a from tbl_ice t1 join tbl_standard_other t2 on t1.a = t2.a)
PREHOOK: type: QUERY
PREHOOK: Input: default@tbl_ice
PREHOOK: Input: default@tbl_standard_other
PREHOOK: Output: default@tbl_ice
POSTHOOK: query: delete from tbl_ice where a in (select t1.a from tbl_ice t1 join tbl_standard_other t2 on t1.a = t2.a)
POSTHOOK: type: QUERY
POSTHOOK: Input: default@tbl_ice
POSTHOOK: Input: default@tbl_standard_other
POSTHOOK: Output: default@tbl_ice
PREHOOK: query: select count(*) from tbl_ice
PREHOOK: type: QUERY
PREHOOK: Input: default@tbl_ice
PREHOOK: Output: hdfs://### HDFS PATH ###
POSTHOOK: query: select count(*) from tbl_ice
POSTHOOK: type: QUERY
POSTHOOK: Input: default@tbl_ice
POSTHOOK: Output: hdfs://### HDFS PATH ###
0
