PREHOOK: query: select distinct ds from srcpart
PREHOOK: type: QUERY
PREHOOK: Input: default@srcpart
PREHOOK: Input: default@srcpart@ds=2008-04-08/hr=11
PREHOOK: Input: default@srcpart@ds=2008-04-08/hr=12
PREHOOK: Input: default@srcpart@ds=2008-04-09/hr=11
PREHOOK: Input: default@srcpart@ds=2008-04-09/hr=12
PREHOOK: Output: hdfs://### HDFS PATH ###
POSTHOOK: query: select distinct ds from srcpart
POSTHOOK: type: QUERY
POSTHOOK: Input: default@srcpart
POSTHOOK: Input: default@srcpart@ds=2008-04-08/hr=11
POSTHOOK: Input: default@srcpart@ds=2008-04-08/hr=12
POSTHOOK: Input: default@srcpart@ds=2008-04-09/hr=11
POSTHOOK: Input: default@srcpart@ds=2008-04-09/hr=12
POSTHOOK: Output: hdfs://### HDFS PATH ###
2008-04-08
2008-04-09
PREHOOK: query: select distinct hr from srcpart
PREHOOK: type: QUERY
PREHOOK: Input: default@srcpart
PREHOOK: Input: default@srcpart@ds=2008-04-08/hr=11
PREHOOK: Input: default@srcpart@ds=2008-04-08/hr=12
PREHOOK: Input: default@srcpart@ds=2008-04-09/hr=11
PREHOOK: Input: default@srcpart@ds=2008-04-09/hr=12
PREHOOK: Output: hdfs://### HDFS PATH ###
POSTHOOK: query: select distinct hr from srcpart
POSTHOOK: type: QUERY
POSTHOOK: Input: default@srcpart
POSTHOOK: Input: default@srcpart@ds=2008-04-08/hr=11
POSTHOOK: Input: default@srcpart@ds=2008-04-08/hr=12
POSTHOOK: Input: default@srcpart@ds=2008-04-09/hr=11
POSTHOOK: Input: default@srcpart@ds=2008-04-09/hr=12
POSTHOOK: Output: hdfs://### HDFS PATH ###
11
12
PREHOOK: query: CREATE TABLE srcpart_iceberg (key STRING, value STRING)
PARTITIONED BY (ds STRING, hr STRING) STORED BY ICEBERG STORED AS ORC
PREHOOK: type: CREATETABLE
PREHOOK: Output: database:default
PREHOOK: Output: default@srcpart_iceberg
POSTHOOK: query: CREATE TABLE srcpart_iceberg (key STRING, value STRING)
PARTITIONED BY (ds STRING, hr STRING) STORED BY ICEBERG STORED AS ORC
POSTHOOK: type: CREATETABLE
POSTHOOK: Output: database:default
POSTHOOK: Output: default@srcpart_iceberg
PREHOOK: query: INSERT INTO srcpart_iceberg select * from srcpart
PREHOOK: type: QUERY
PREHOOK: Input: default@srcpart
PREHOOK: Input: default@srcpart@ds=2008-04-08/hr=11
PREHOOK: Input: default@srcpart@ds=2008-04-08/hr=12
PREHOOK: Input: default@srcpart@ds=2008-04-09/hr=11
PREHOOK: Input: default@srcpart@ds=2008-04-09/hr=12
PREHOOK: Output: default@srcpart_iceberg
POSTHOOK: query: INSERT INTO srcpart_iceberg select * from srcpart
POSTHOOK: type: QUERY
POSTHOOK: Input: default@srcpart
POSTHOOK: Input: default@srcpart@ds=2008-04-08/hr=11
POSTHOOK: Input: default@srcpart@ds=2008-04-08/hr=12
POSTHOOK: Input: default@srcpart@ds=2008-04-09/hr=11
POSTHOOK: Input: default@srcpart@ds=2008-04-09/hr=12
POSTHOOK: Output: default@srcpart_iceberg
PREHOOK: query: EXPLAIN create table srcpart_date_n2 as select ds as ds, ds as `date`  from srcpart group by ds
PREHOOK: type: CREATETABLE_AS_SELECT
PREHOOK: Input: default@srcpart
PREHOOK: Input: default@srcpart@ds=2008-04-08/hr=11
PREHOOK: Input: default@srcpart@ds=2008-04-08/hr=12
PREHOOK: Input: default@srcpart@ds=2008-04-09/hr=11
PREHOOK: Input: default@srcpart@ds=2008-04-09/hr=12
PREHOOK: Output: database:default
PREHOOK: Output: default@srcpart_date_n2
POSTHOOK: query: EXPLAIN create table srcpart_date_n2 as select ds as ds, ds as `date`  from srcpart group by ds
POSTHOOK: type: CREATETABLE_AS_SELECT
POSTHOOK: Input: default@srcpart
POSTHOOK: Input: default@srcpart@ds=2008-04-08/hr=11
POSTHOOK: Input: default@srcpart@ds=2008-04-08/hr=12
POSTHOOK: Input: default@srcpart@ds=2008-04-09/hr=11
POSTHOOK: Input: default@srcpart@ds=2008-04-09/hr=12
POSTHOOK: Output: database:default
POSTHOOK: Output: default@srcpart_date_n2
STAGE DEPENDENCIES:
  Stage-1 is a root stage
  Stage-2 depends on stages: Stage-1
  Stage-4 depends on stages: Stage-0, Stage-2
  Stage-3 depends on stages: Stage-4
  Stage-0 depends on stages: Stage-1

STAGE PLANS:
  Stage: Stage-1
    Tez
#### A masked pattern was here ####
      Edges:
        Reducer 2 <- Map 1 (SIMPLE_EDGE)
        Reducer 3 <- Reducer 2 (CUSTOM_SIMPLE_EDGE)
#### A masked pattern was here ####
      Vertices:
        Map 1 
            Map Operator Tree:
                TableScan
                  alias: srcpart
                  Statistics: Num rows: 2000 Data size: 389248 Basic stats: COMPLETE Column stats: COMPLETE
                  Select Operator
                    expressions: ds (type: string)
                    outputColumnNames: ds
                    Statistics: Num rows: 2000 Data size: 389248 Basic stats: COMPLETE Column stats: COMPLETE
                    Group By Operator
                      keys: ds (type: string)
                      minReductionHashAggr: 0.99
                      mode: hash
                      outputColumnNames: _col0
                      Statistics: Num rows: 2 Data size: 368 Basic stats: COMPLETE Column stats: COMPLETE
                      Reduce Output Operator
                        key expressions: _col0 (type: string)
                        null sort order: z
                        sort order: +
                        Map-reduce partition columns: _col0 (type: string)
                        Statistics: Num rows: 2 Data size: 368 Basic stats: COMPLETE Column stats: COMPLETE
            Execution mode: vectorized
        Reducer 2 
            Execution mode: vectorized
            Reduce Operator Tree:
              Group By Operator
                keys: KEY._col0 (type: string)
                mode: mergepartial
                outputColumnNames: _col0
                Statistics: Num rows: 2 Data size: 368 Basic stats: COMPLETE Column stats: COMPLETE
                Select Operator
                  expressions: _col0 (type: string), _col0 (type: string)
                  outputColumnNames: _col0, _col1
                  Statistics: Num rows: 2 Data size: 736 Basic stats: COMPLETE Column stats: COMPLETE
                  File Output Operator
                    compressed: false
                    Statistics: Num rows: 2 Data size: 736 Basic stats: COMPLETE Column stats: COMPLETE
                    table:
                        input format: org.apache.hadoop.mapred.TextInputFormat
                        output format: org.apache.hadoop.hive.ql.io.HiveIgnoreKeyTextOutputFormat
                        serde: org.apache.hadoop.hive.serde2.lazy.LazySimpleSerDe
                        name: default.srcpart_date_n2
                  Select Operator
                    expressions: _col0 (type: string), _col1 (type: string)
                    outputColumnNames: col1, col2
                    Statistics: Num rows: 2 Data size: 736 Basic stats: COMPLETE Column stats: COMPLETE
                    Group By Operator
                      aggregations: max(length(col1)), avg(COALESCE(length(col1),0)), count(1), count(col1), compute_bit_vector_hll(col1), max(length(col2)), avg(COALESCE(length(col2),0)), count(col2), compute_bit_vector_hll(col2)
                      minReductionHashAggr: 0.5
                      mode: hash
                      outputColumnNames: _col0, _col1, _col2, _col3, _col4, _col5, _col6, _col7, _col8
                      Statistics: Num rows: 1 Data size: 472 Basic stats: COMPLETE Column stats: COMPLETE
                      Reduce Output Operator
                        null sort order: 
                        sort order: 
                        Statistics: Num rows: 1 Data size: 472 Basic stats: COMPLETE Column stats: COMPLETE
                        value expressions: _col0 (type: int), _col1 (type: struct<count:bigint,sum:double,input:int>), _col2 (type: bigint), _col3 (type: bigint), _col4 (type: binary), _col5 (type: int), _col6 (type: struct<count:bigint,sum:double,input:int>), _col7 (type: bigint), _col8 (type: binary)
        Reducer 3 
            Execution mode: vectorized
            Reduce Operator Tree:
              Group By Operator
                aggregations: max(VALUE._col0), avg(VALUE._col1), count(VALUE._col2), count(VALUE._col3), compute_bit_vector_hll(VALUE._col4), max(VALUE._col5), avg(VALUE._col6), count(VALUE._col7), compute_bit_vector_hll(VALUE._col8)
                mode: mergepartial
                outputColumnNames: _col0, _col1, _col2, _col3, _col4, _col5, _col6, _col7, _col8
                Statistics: Num rows: 1 Data size: 336 Basic stats: COMPLETE Column stats: COMPLETE
                Select Operator
                  expressions: 'STRING' (type: string), UDFToLong(COALESCE(_col0,0)) (type: bigint), COALESCE(_col1,0) (type: double), (_col2 - _col3) (type: bigint), COALESCE(ndv_compute_bit_vector(_col4),0) (type: bigint), _col4 (type: binary), 'STRING' (type: string), UDFToLong(COALESCE(_col5,0)) (type: bigint), COALESCE(_col6,0) (type: double), (_col2 - _col7) (type: bigint), COALESCE(ndv_compute_bit_vector(_col8),0) (type: bigint), _col8 (type: binary)
                  outputColumnNames: _col0, _col1, _col2, _col3, _col4, _col5, _col6, _col7, _col8, _col9, _col10, _col11
                  Statistics: Num rows: 1 Data size: 532 Basic stats: COMPLETE Column stats: COMPLETE
                  File Output Operator
                    compressed: false
                    Statistics: Num rows: 1 Data size: 532 Basic stats: COMPLETE Column stats: COMPLETE
                    table:
                        input format: org.apache.hadoop.mapred.SequenceFileInputFormat
                        output format: org.apache.hadoop.hive.ql.io.HiveSequenceFileOutputFormat
                        serde: org.apache.hadoop.hive.serde2.lazy.LazySimpleSerDe

  Stage: Stage-2
    Dependency Collection

  Stage: Stage-4
    Create Table
      columns: ds string, date string
      name: default.srcpart_date_n2
      input format: org.apache.hadoop.mapred.TextInputFormat
      output format: org.apache.hadoop.hive.ql.io.IgnoreKeyTextOutputFormat
      serde name: org.apache.hadoop.hive.serde2.lazy.LazySimpleSerDe

  Stage: Stage-3
    Stats Work
      Basic Stats Work:
      Column Stats Desc:
          Columns: ds, date
          Column Types: string, string
          Table: default.srcpart_date_n2

  Stage: Stage-0
    Move Operator
      files:
          hdfs directory: true
          destination: hdfs://### HDFS PATH ###

PREHOOK: query: create table srcpart_date_n2 as select ds as ds, ds as `date` from srcpart group by ds
PREHOOK: type: CREATETABLE_AS_SELECT
PREHOOK: Input: default@srcpart
PREHOOK: Input: default@srcpart@ds=2008-04-08/hr=11
PREHOOK: Input: default@srcpart@ds=2008-04-08/hr=12
PREHOOK: Input: default@srcpart@ds=2008-04-09/hr=11
PREHOOK: Input: default@srcpart@ds=2008-04-09/hr=12
PREHOOK: Output: database:default
PREHOOK: Output: default@srcpart_date_n2
POSTHOOK: query: create table srcpart_date_n2 as select ds as ds, ds as `date` from srcpart group by ds
POSTHOOK: type: CREATETABLE_AS_SELECT
POSTHOOK: Input: default@srcpart
POSTHOOK: Input: default@srcpart@ds=2008-04-08/hr=11
POSTHOOK: Input: default@srcpart@ds=2008-04-08/hr=12
POSTHOOK: Input: default@srcpart@ds=2008-04-09/hr=11
POSTHOOK: Input: default@srcpart@ds=2008-04-09/hr=12
POSTHOOK: Output: database:default
POSTHOOK: Output: default@srcpart_date_n2
POSTHOOK: Lineage: srcpart_date_n2.date SIMPLE [(srcpart)srcpart.FieldSchema(name:ds, type:string, comment:null), ]
POSTHOOK: Lineage: srcpart_date_n2.ds SIMPLE [(srcpart)srcpart.FieldSchema(name:ds, type:string, comment:null), ]
PREHOOK: query: create table srcpart_hour_n0 as select hr as hr, hr as hour from srcpart group by hr
PREHOOK: type: CREATETABLE_AS_SELECT
PREHOOK: Input: default@srcpart
PREHOOK: Input: default@srcpart@ds=2008-04-08/hr=11
PREHOOK: Input: default@srcpart@ds=2008-04-08/hr=12
PREHOOK: Input: default@srcpart@ds=2008-04-09/hr=11
PREHOOK: Input: default@srcpart@ds=2008-04-09/hr=12
PREHOOK: Output: database:default
PREHOOK: Output: default@srcpart_hour_n0
POSTHOOK: query: create table srcpart_hour_n0 as select hr as hr, hr as hour from srcpart group by hr
POSTHOOK: type: CREATETABLE_AS_SELECT
POSTHOOK: Input: default@srcpart
POSTHOOK: Input: default@srcpart@ds=2008-04-08/hr=11
POSTHOOK: Input: default@srcpart@ds=2008-04-08/hr=12
POSTHOOK: Input: default@srcpart@ds=2008-04-09/hr=11
POSTHOOK: Input: default@srcpart@ds=2008-04-09/hr=12
POSTHOOK: Output: database:default
POSTHOOK: Output: default@srcpart_hour_n0
POSTHOOK: Lineage: srcpart_hour_n0.hour SIMPLE [(srcpart)srcpart.FieldSchema(name:hr, type:string, comment:null), ]
POSTHOOK: Lineage: srcpart_hour_n0.hr SIMPLE [(srcpart)srcpart.FieldSchema(name:hr, type:string, comment:null), ]
PREHOOK: query: create table srcpart_date_hour_n0 as select ds as ds, ds as `date`, hr as hr, hr as hour from srcpart group by ds, hr
PREHOOK: type: CREATETABLE_AS_SELECT
PREHOOK: Input: default@srcpart
PREHOOK: Input: default@srcpart@ds=2008-04-08/hr=11
PREHOOK: Input: default@srcpart@ds=2008-04-08/hr=12
PREHOOK: Input: default@srcpart@ds=2008-04-09/hr=11
PREHOOK: Input: default@srcpart@ds=2008-04-09/hr=12
PREHOOK: Output: database:default
PREHOOK: Output: default@srcpart_date_hour_n0
POSTHOOK: query: create table srcpart_date_hour_n0 as select ds as ds, ds as `date`, hr as hr, hr as hour from srcpart group by ds, hr
POSTHOOK: type: CREATETABLE_AS_SELECT
POSTHOOK: Input: default@srcpart
POSTHOOK: Input: default@srcpart@ds=2008-04-08/hr=11
POSTHOOK: Input: default@srcpart@ds=2008-04-08/hr=12
POSTHOOK: Input: default@srcpart@ds=2008-04-09/hr=11
POSTHOOK: Input: default@srcpart@ds=2008-04-09/hr=12
POSTHOOK: Output: database:default
POSTHOOK: Output: default@srcpart_date_hour_n0
POSTHOOK: Lineage: srcpart_date_hour_n0.date SIMPLE [(srcpart)srcpart.FieldSchema(name:ds, type:string, comment:null), ]
POSTHOOK: Lineage: srcpart_date_hour_n0.ds SIMPLE [(srcpart)srcpart.FieldSchema(name:ds, type:string, comment:null), ]
POSTHOOK: Lineage: srcpart_date_hour_n0.hour SIMPLE [(srcpart)srcpart.FieldSchema(name:hr, type:string, comment:null), ]
POSTHOOK: Lineage: srcpart_date_hour_n0.hr SIMPLE [(srcpart)srcpart.FieldSchema(name:hr, type:string, comment:null), ]
PREHOOK: query: create table srcpart_double_hour_n0 as select (hr*2) as hr, hr as hour from srcpart group by hr
PREHOOK: type: CREATETABLE_AS_SELECT
PREHOOK: Input: default@srcpart
PREHOOK: Input: default@srcpart@ds=2008-04-08/hr=11
PREHOOK: Input: default@srcpart@ds=2008-04-08/hr=12
PREHOOK: Input: default@srcpart@ds=2008-04-09/hr=11
PREHOOK: Input: default@srcpart@ds=2008-04-09/hr=12
PREHOOK: Output: database:default
PREHOOK: Output: default@srcpart_double_hour_n0
POSTHOOK: query: create table srcpart_double_hour_n0 as select (hr*2) as hr, hr as hour from srcpart group by hr
POSTHOOK: type: CREATETABLE_AS_SELECT
POSTHOOK: Input: default@srcpart
POSTHOOK: Input: default@srcpart@ds=2008-04-08/hr=11
POSTHOOK: Input: default@srcpart@ds=2008-04-08/hr=12
POSTHOOK: Input: default@srcpart@ds=2008-04-09/hr=11
POSTHOOK: Input: default@srcpart@ds=2008-04-09/hr=12
POSTHOOK: Output: database:default
POSTHOOK: Output: default@srcpart_double_hour_n0
POSTHOOK: Lineage: srcpart_double_hour_n0.hour SIMPLE [(srcpart)srcpart.FieldSchema(name:hr, type:string, comment:null), ]
POSTHOOK: Lineage: srcpart_double_hour_n0.hr EXPRESSION [(srcpart)srcpart.FieldSchema(name:hr, type:string, comment:null), ]
PREHOOK: query: EXPLAIN select count(*) from srcpart_iceberg join srcpart_date_n2 on (srcpart_iceberg.ds = srcpart_date_n2.ds) where srcpart_date_n2.`date` = '2008-04-08'
PREHOOK: type: QUERY
PREHOOK: Input: default@srcpart_date_n2
PREHOOK: Input: default@srcpart_iceberg
PREHOOK: Output: hdfs://### HDFS PATH ###
POSTHOOK: query: EXPLAIN select count(*) from srcpart_iceberg join srcpart_date_n2 on (srcpart_iceberg.ds = srcpart_date_n2.ds) where srcpart_date_n2.`date` = '2008-04-08'
POSTHOOK: type: QUERY
POSTHOOK: Input: default@srcpart_date_n2
POSTHOOK: Input: default@srcpart_iceberg
POSTHOOK: Output: hdfs://### HDFS PATH ###
STAGE DEPENDENCIES:
  Stage-1 is a root stage
  Stage-0 depends on stages: Stage-1

STAGE PLANS:
  Stage: Stage-1
    Tez
#### A masked pattern was here ####
      Edges:
        Reducer 2 <- Map 1 (SIMPLE_EDGE), Map 4 (SIMPLE_EDGE)
        Reducer 3 <- Reducer 2 (CUSTOM_SIMPLE_EDGE)
#### A masked pattern was here ####
      Vertices:
        Map 1 
            Map Operator Tree:
                TableScan
                  alias: srcpart_iceberg
                  filterExpr: ds is not null (type: boolean)
                  Statistics: Num rows: 2000 Data size: 188000 Basic stats: COMPLETE Column stats: COMPLETE
                  Filter Operator
                    predicate: ds is not null (type: boolean)
                    Statistics: Num rows: 2000 Data size: 188000 Basic stats: COMPLETE Column stats: COMPLETE
                    Select Operator
                      expressions: ds (type: string)
                      outputColumnNames: _col0
                      Statistics: Num rows: 2000 Data size: 188000 Basic stats: COMPLETE Column stats: COMPLETE
                      Reduce Output Operator
                        key expressions: _col0 (type: string)
                        null sort order: z
                        sort order: +
                        Map-reduce partition columns: _col0 (type: string)
                        Statistics: Num rows: 2000 Data size: 188000 Basic stats: COMPLETE Column stats: COMPLETE
            Execution mode: vectorized
        Map 4 
            Map Operator Tree:
                TableScan
                  alias: srcpart_date_n2
                  filterExpr: ((date = '2008-04-08') and ds is not null) (type: boolean)
                  Statistics: Num rows: 2 Data size: 376 Basic stats: COMPLETE Column stats: COMPLETE
                  Filter Operator
                    predicate: ((date = '2008-04-08') and ds is not null) (type: boolean)
                    Statistics: Num rows: 1 Data size: 188 Basic stats: COMPLETE Column stats: COMPLETE
                    Select Operator
                      expressions: ds (type: string)
                      outputColumnNames: _col0
                      Statistics: Num rows: 1 Data size: 94 Basic stats: COMPLETE Column stats: COMPLETE
                      Reduce Output Operator
                        key expressions: _col0 (type: string)
                        null sort order: z
                        sort order: +
                        Map-reduce partition columns: _col0 (type: string)
                        Statistics: Num rows: 1 Data size: 94 Basic stats: COMPLETE Column stats: COMPLETE
                      Select Operator
                        expressions: _col0 (type: string)
                        outputColumnNames: _col0
                        Statistics: Num rows: 1 Data size: 94 Basic stats: COMPLETE Column stats: COMPLETE
                        Group By Operator
                          keys: _col0 (type: string)
                          minReductionHashAggr: 0.4
                          mode: hash
                          outputColumnNames: _col0
                          Statistics: Num rows: 1 Data size: 94 Basic stats: COMPLETE Column stats: COMPLETE
                          Dynamic Partitioning Event Operator
                            Target column: ds (string)
                            Target Input: srcpart_iceberg
                            Partition key expr: ds
                            Statistics: Num rows: 1 Data size: 94 Basic stats: COMPLETE Column stats: COMPLETE
                            Target Vertex: Map 1
            Execution mode: vectorized
        Reducer 2 
            Reduce Operator Tree:
              Merge Join Operator
                condition map:
                     Inner Join 0 to 1
                keys:
                  0 _col0 (type: string)
                  1 _col0 (type: string)
                Statistics: Num rows: 1000 Data size: 8000 Basic stats: COMPLETE Column stats: COMPLETE
                Group By Operator
                  aggregations: count()
                  minReductionHashAggr: 0.99
                  mode: hash
                  outputColumnNames: _col0
                  Statistics: Num rows: 1 Data size: 8 Basic stats: COMPLETE Column stats: COMPLETE
                  Reduce Output Operator
                    null sort order: 
                    sort order: 
                    Statistics: Num rows: 1 Data size: 8 Basic stats: COMPLETE Column stats: COMPLETE
                    value expressions: _col0 (type: bigint)
        Reducer 3 
            Execution mode: vectorized
            Reduce Operator Tree:
              Group By Operator
                aggregations: count(VALUE._col0)
                mode: mergepartial
                outputColumnNames: _col0
                Statistics: Num rows: 1 Data size: 8 Basic stats: COMPLETE Column stats: COMPLETE
                File Output Operator
                  compressed: false
                  Statistics: Num rows: 1 Data size: 8 Basic stats: COMPLETE Column stats: COMPLETE
                  table:
                      input format: org.apache.hadoop.mapred.SequenceFileInputFormat
                      output format: org.apache.hadoop.hive.ql.io.HiveSequenceFileOutputFormat
                      serde: org.apache.hadoop.hive.serde2.lazy.LazySimpleSerDe

  Stage: Stage-0
    Fetch Operator
      limit: -1
      Processor Tree:
        ListSink

PREHOOK: query: select count(*) from srcpart_iceberg join srcpart_date_n2 on (srcpart_iceberg.ds = srcpart_date_n2.ds) where srcpart_date_n2.`date` = '2008-04-08'
PREHOOK: type: QUERY
PREHOOK: Input: default@srcpart_date_n2
PREHOOK: Input: default@srcpart_iceberg
PREHOOK: Output: hdfs://### HDFS PATH ###
POSTHOOK: query: select count(*) from srcpart_iceberg join srcpart_date_n2 on (srcpart_iceberg.ds = srcpart_date_n2.ds) where srcpart_date_n2.`date` = '2008-04-08'
POSTHOOK: type: QUERY
POSTHOOK: Input: default@srcpart_date_n2
POSTHOOK: Input: default@srcpart_iceberg
POSTHOOK: Output: hdfs://### HDFS PATH ###
1000
PREHOOK: query: EXPLAIN select count(*) from srcpart_iceberg join srcpart_date_n2 on (srcpart_iceberg.ds = srcpart_date_n2.ds) where srcpart_date_n2.`date` = '2008-04-08'
PREHOOK: type: QUERY
PREHOOK: Input: default@srcpart_date_n2
PREHOOK: Input: default@srcpart_iceberg
PREHOOK: Output: hdfs://### HDFS PATH ###
POSTHOOK: query: EXPLAIN select count(*) from srcpart_iceberg join srcpart_date_n2 on (srcpart_iceberg.ds = srcpart_date_n2.ds) where srcpart_date_n2.`date` = '2008-04-08'
POSTHOOK: type: QUERY
POSTHOOK: Input: default@srcpart_date_n2
POSTHOOK: Input: default@srcpart_iceberg
POSTHOOK: Output: hdfs://### HDFS PATH ###
STAGE DEPENDENCIES:
  Stage-1 is a root stage
  Stage-0 depends on stages: Stage-1

STAGE PLANS:
  Stage: Stage-1
    Tez
#### A masked pattern was here ####
      Edges:
        Reducer 2 <- Map 1 (SIMPLE_EDGE), Map 4 (SIMPLE_EDGE)
        Reducer 3 <- Reducer 2 (CUSTOM_SIMPLE_EDGE)
#### A masked pattern was here ####
      Vertices:
        Map 1 
            Map Operator Tree:
                TableScan
                  alias: srcpart_iceberg
                  filterExpr: ds is not null (type: boolean)
                  Statistics: Num rows: 2000 Data size: 188000 Basic stats: COMPLETE Column stats: COMPLETE
                  Filter Operator
                    predicate: ds is not null (type: boolean)
                    Statistics: Num rows: 2000 Data size: 188000 Basic stats: COMPLETE Column stats: COMPLETE
                    Select Operator
                      expressions: ds (type: string)
                      outputColumnNames: _col0
                      Statistics: Num rows: 2000 Data size: 188000 Basic stats: COMPLETE Column stats: COMPLETE
                      Reduce Output Operator
                        key expressions: _col0 (type: string)
                        null sort order: z
                        sort order: +
                        Map-reduce partition columns: _col0 (type: string)
                        Statistics: Num rows: 2000 Data size: 188000 Basic stats: COMPLETE Column stats: COMPLETE
            Execution mode: vectorized
        Map 4 
            Map Operator Tree:
                TableScan
                  alias: srcpart_date_n2
                  filterExpr: ((date = '2008-04-08') and ds is not null) (type: boolean)
                  Statistics: Num rows: 2 Data size: 376 Basic stats: COMPLETE Column stats: COMPLETE
                  Filter Operator
                    predicate: ((date = '2008-04-08') and ds is not null) (type: boolean)
                    Statistics: Num rows: 1 Data size: 188 Basic stats: COMPLETE Column stats: COMPLETE
                    Select Operator
                      expressions: ds (type: string)
                      outputColumnNames: _col0
                      Statistics: Num rows: 1 Data size: 94 Basic stats: COMPLETE Column stats: COMPLETE
                      Reduce Output Operator
                        key expressions: _col0 (type: string)
                        null sort order: z
                        sort order: +
                        Map-reduce partition columns: _col0 (type: string)
                        Statistics: Num rows: 1 Data size: 94 Basic stats: COMPLETE Column stats: COMPLETE
            Execution mode: vectorized
        Reducer 2 
            Reduce Operator Tree:
              Merge Join Operator
                condition map:
                     Inner Join 0 to 1
                keys:
                  0 _col0 (type: string)
                  1 _col0 (type: string)
                Statistics: Num rows: 1000 Data size: 8000 Basic stats: COMPLETE Column stats: COMPLETE
                Group By Operator
                  aggregations: count()
                  minReductionHashAggr: 0.99
                  mode: hash
                  outputColumnNames: _col0
                  Statistics: Num rows: 1 Data size: 8 Basic stats: COMPLETE Column stats: COMPLETE
                  Reduce Output Operator
                    null sort order: 
                    sort order: 
                    Statistics: Num rows: 1 Data size: 8 Basic stats: COMPLETE Column stats: COMPLETE
                    value expressions: _col0 (type: bigint)
        Reducer 3 
            Execution mode: vectorized
            Reduce Operator Tree:
              Group By Operator
                aggregations: count(VALUE._col0)
                mode: mergepartial
                outputColumnNames: _col0
                Statistics: Num rows: 1 Data size: 8 Basic stats: COMPLETE Column stats: COMPLETE
                File Output Operator
                  compressed: false
                  Statistics: Num rows: 1 Data size: 8 Basic stats: COMPLETE Column stats: COMPLETE
                  table:
                      input format: org.apache.hadoop.mapred.SequenceFileInputFormat
                      output format: org.apache.hadoop.hive.ql.io.HiveSequenceFileOutputFormat
                      serde: org.apache.hadoop.hive.serde2.lazy.LazySimpleSerDe

  Stage: Stage-0
    Fetch Operator
      limit: -1
      Processor Tree:
        ListSink

PREHOOK: query: select count(*) from srcpart_iceberg join srcpart_date_n2 on (srcpart_iceberg.ds = srcpart_date_n2.ds) where srcpart_date_n2.`date` = '2008-04-08'
PREHOOK: type: QUERY
PREHOOK: Input: default@srcpart_date_n2
PREHOOK: Input: default@srcpart_iceberg
PREHOOK: Output: hdfs://### HDFS PATH ###
POSTHOOK: query: select count(*) from srcpart_iceberg join srcpart_date_n2 on (srcpart_iceberg.ds = srcpart_date_n2.ds) where srcpart_date_n2.`date` = '2008-04-08'
POSTHOOK: type: QUERY
POSTHOOK: Input: default@srcpart_date_n2
POSTHOOK: Input: default@srcpart_iceberg
POSTHOOK: Output: hdfs://### HDFS PATH ###
1000
PREHOOK: query: select count(*) from srcpart where ds = '2008-04-08'
PREHOOK: type: QUERY
PREHOOK: Input: default@srcpart
PREHOOK: Input: default@srcpart@ds=2008-04-08/hr=11
PREHOOK: Input: default@srcpart@ds=2008-04-08/hr=12
PREHOOK: Output: hdfs://### HDFS PATH ###
POSTHOOK: query: select count(*) from srcpart where ds = '2008-04-08'
POSTHOOK: type: QUERY
POSTHOOK: Input: default@srcpart
POSTHOOK: Input: default@srcpart@ds=2008-04-08/hr=11
POSTHOOK: Input: default@srcpart@ds=2008-04-08/hr=12
POSTHOOK: Output: hdfs://### HDFS PATH ###
1000
PREHOOK: query: EXPLAIN select count(*) from srcpart_iceberg join srcpart_date_n2 on (srcpart_iceberg.ds = srcpart_date_n2.ds) join srcpart_hour_n0 on (srcpart_iceberg.hr = srcpart_hour_n0.hr)
where srcpart_date_n2.`date` = '2008-04-08' and srcpart_hour_n0.hour = 11
PREHOOK: type: QUERY
PREHOOK: Input: default@srcpart_date_n2
PREHOOK: Input: default@srcpart_hour_n0
PREHOOK: Input: default@srcpart_iceberg
PREHOOK: Output: hdfs://### HDFS PATH ###
POSTHOOK: query: EXPLAIN select count(*) from srcpart_iceberg join srcpart_date_n2 on (srcpart_iceberg.ds = srcpart_date_n2.ds) join srcpart_hour_n0 on (srcpart_iceberg.hr = srcpart_hour_n0.hr)
where srcpart_date_n2.`date` = '2008-04-08' and srcpart_hour_n0.hour = 11
POSTHOOK: type: QUERY
POSTHOOK: Input: default@srcpart_date_n2
POSTHOOK: Input: default@srcpart_hour_n0
POSTHOOK: Input: default@srcpart_iceberg
POSTHOOK: Output: hdfs://### HDFS PATH ###
STAGE DEPENDENCIES:
  Stage-1 is a root stage
  Stage-0 depends on stages: Stage-1

STAGE PLANS:
  Stage: Stage-1
    Tez
#### A masked pattern was here ####
      Edges:
        Reducer 2 <- Map 1 (SIMPLE_EDGE), Map 5 (SIMPLE_EDGE)
        Reducer 3 <- Map 6 (SIMPLE_EDGE), Reducer 2 (SIMPLE_EDGE)
        Reducer 4 <- Reducer 3 (CUSTOM_SIMPLE_EDGE)
#### A masked pattern was here ####
      Vertices:
        Map 1 
            Map Operator Tree:
                TableScan
                  alias: srcpart_iceberg
                  filterExpr: (ds is not null and hr is not null) (type: boolean)
                  Statistics: Num rows: 2000 Data size: 360000 Basic stats: COMPLETE Column stats: COMPLETE
                  Filter Operator
                    predicate: (ds is not null and hr is not null) (type: boolean)
                    Statistics: Num rows: 2000 Data size: 360000 Basic stats: COMPLETE Column stats: COMPLETE
                    Select Operator
                      expressions: ds (type: string), hr (type: string)
                      outputColumnNames: _col0, _col1
                      Statistics: Num rows: 2000 Data size: 360000 Basic stats: COMPLETE Column stats: COMPLETE
                      Reduce Output Operator
                        key expressions: _col0 (type: string)
                        null sort order: z
                        sort order: +
                        Map-reduce partition columns: _col0 (type: string)
                        Statistics: Num rows: 2000 Data size: 360000 Basic stats: COMPLETE Column stats: COMPLETE
                        value expressions: _col1 (type: string)
            Execution mode: vectorized
        Map 5 
            Map Operator Tree:
                TableScan
                  alias: srcpart_date_n2
                  filterExpr: ((date = '2008-04-08') and ds is not null) (type: boolean)
                  Statistics: Num rows: 2 Data size: 376 Basic stats: COMPLETE Column stats: COMPLETE
                  Filter Operator
                    predicate: ((date = '2008-04-08') and ds is not null) (type: boolean)
                    Statistics: Num rows: 1 Data size: 188 Basic stats: COMPLETE Column stats: COMPLETE
                    Select Operator
                      expressions: ds (type: string)
                      outputColumnNames: _col0
                      Statistics: Num rows: 1 Data size: 94 Basic stats: COMPLETE Column stats: COMPLETE
                      Reduce Output Operator
                        key expressions: _col0 (type: string)
                        null sort order: z
                        sort order: +
                        Map-reduce partition columns: _col0 (type: string)
                        Statistics: Num rows: 1 Data size: 94 Basic stats: COMPLETE Column stats: COMPLETE
                      Select Operator
                        expressions: _col0 (type: string)
                        outputColumnNames: _col0
                        Statistics: Num rows: 1 Data size: 94 Basic stats: COMPLETE Column stats: COMPLETE
                        Group By Operator
                          keys: _col0 (type: string)
                          minReductionHashAggr: 0.4
                          mode: hash
                          outputColumnNames: _col0
                          Statistics: Num rows: 1 Data size: 94 Basic stats: COMPLETE Column stats: COMPLETE
                          Dynamic Partitioning Event Operator
                            Target column: ds (string)
                            Target Input: srcpart_iceberg
                            Partition key expr: ds
                            Statistics: Num rows: 1 Data size: 94 Basic stats: COMPLETE Column stats: COMPLETE
                            Target Vertex: Map 1
            Execution mode: vectorized
        Map 6 
            Map Operator Tree:
                TableScan
                  alias: srcpart_hour_n0
                  filterExpr: ((UDFToDouble(hour) = 11.0D) and hr is not null) (type: boolean)
                  Statistics: Num rows: 2 Data size: 344 Basic stats: COMPLETE Column stats: COMPLETE
                  Filter Operator
                    predicate: ((UDFToDouble(hour) = 11.0D) and hr is not null) (type: boolean)
                    Statistics: Num rows: 1 Data size: 172 Basic stats: COMPLETE Column stats: COMPLETE
                    Select Operator
                      expressions: hr (type: string)
                      outputColumnNames: _col0
                      Statistics: Num rows: 1 Data size: 86 Basic stats: COMPLETE Column stats: COMPLETE
                      Reduce Output Operator
                        key expressions: _col0 (type: string)
                        null sort order: z
                        sort order: +
                        Map-reduce partition columns: _col0 (type: string)
                        Statistics: Num rows: 1 Data size: 86 Basic stats: COMPLETE Column stats: COMPLETE
                      Select Operator
                        expressions: _col0 (type: string)
                        outputColumnNames: _col0
                        Statistics: Num rows: 1 Data size: 86 Basic stats: COMPLETE Column stats: COMPLETE
                        Group By Operator
                          keys: _col0 (type: string)
                          minReductionHashAggr: 0.4
                          mode: hash
                          outputColumnNames: _col0
                          Statistics: Num rows: 1 Data size: 86 Basic stats: COMPLETE Column stats: COMPLETE
                          Dynamic Partitioning Event Operator
                            Target column: hr (string)
                            Target Input: srcpart_iceberg
                            Partition key expr: hr
                            Statistics: Num rows: 1 Data size: 86 Basic stats: COMPLETE Column stats: COMPLETE
                            Target Vertex: Map 1
            Execution mode: vectorized
        Reducer 2 
            Reduce Operator Tree:
              Merge Join Operator
                condition map:
                     Inner Join 0 to 1
                keys:
                  0 _col0 (type: string)
                  1 _col0 (type: string)
                outputColumnNames: _col1
                Statistics: Num rows: 1000 Data size: 86000 Basic stats: COMPLETE Column stats: COMPLETE
                Reduce Output Operator
                  key expressions: _col1 (type: string)
                  null sort order: z
                  sort order: +
                  Map-reduce partition columns: _col1 (type: string)
                  Statistics: Num rows: 1000 Data size: 86000 Basic stats: COMPLETE Column stats: COMPLETE
        Reducer 3 
            Reduce Operator Tree:
              Merge Join Operator
                condition map:
                     Inner Join 0 to 1
                keys:
                  0 _col1 (type: string)
                  1 _col0 (type: string)
                Statistics: Num rows: 1000 Data size: 8000 Basic stats: COMPLETE Column stats: COMPLETE
                Group By Operator
                  aggregations: count()
                  minReductionHashAggr: 0.99
                  mode: hash
                  outputColumnNames: _col0
                  Statistics: Num rows: 1 Data size: 8 Basic stats: COMPLETE Column stats: COMPLETE
                  Reduce Output Operator
                    null sort order: 
                    sort order: 
                    Statistics: Num rows: 1 Data size: 8 Basic stats: COMPLETE Column stats: COMPLETE
                    value expressions: _col0 (type: bigint)
        Reducer 4 
            Execution mode: vectorized
            Reduce Operator Tree:
              Group By Operator
                aggregations: count(VALUE._col0)
                mode: mergepartial
                outputColumnNames: _col0
                Statistics: Num rows: 1 Data size: 8 Basic stats: COMPLETE Column stats: COMPLETE
                File Output Operator
                  compressed: false
                  Statistics: Num rows: 1 Data size: 8 Basic stats: COMPLETE Column stats: COMPLETE
                  table:
                      input format: org.apache.hadoop.mapred.SequenceFileInputFormat
                      output format: org.apache.hadoop.hive.ql.io.HiveSequenceFileOutputFormat
                      serde: org.apache.hadoop.hive.serde2.lazy.LazySimpleSerDe

  Stage: Stage-0
    Fetch Operator
      limit: -1
      Processor Tree:
        ListSink

PREHOOK: query: select count(*) from srcpart_iceberg join srcpart_date_n2 on (srcpart_iceberg.ds = srcpart_date_n2.ds) join srcpart_hour_n0 on (srcpart_iceberg.hr = srcpart_hour_n0.hr)
where srcpart_date_n2.`date` = '2008-04-08' and srcpart_hour_n0.hour = 11
PREHOOK: type: QUERY
PREHOOK: Input: default@srcpart_date_n2
PREHOOK: Input: default@srcpart_hour_n0
PREHOOK: Input: default@srcpart_iceberg
PREHOOK: Output: hdfs://### HDFS PATH ###
POSTHOOK: query: select count(*) from srcpart_iceberg join srcpart_date_n2 on (srcpart_iceberg.ds = srcpart_date_n2.ds) join srcpart_hour_n0 on (srcpart_iceberg.hr = srcpart_hour_n0.hr)
where srcpart_date_n2.`date` = '2008-04-08' and srcpart_hour_n0.hour = 11
POSTHOOK: type: QUERY
POSTHOOK: Input: default@srcpart_date_n2
POSTHOOK: Input: default@srcpart_hour_n0
POSTHOOK: Input: default@srcpart_iceberg
POSTHOOK: Output: hdfs://### HDFS PATH ###
500
PREHOOK: query: EXPLAIN select count(*) from srcpart_iceberg join srcpart_date_n2 on (srcpart_iceberg.ds = srcpart_date_n2.ds) join srcpart_hour_n0 on (srcpart_iceberg.hr = srcpart_hour_n0.hr)
where srcpart_date_n2.`date` = '2008-04-08' and srcpart_hour_n0.hour = 11
PREHOOK: type: QUERY
PREHOOK: Input: default@srcpart_date_n2
PREHOOK: Input: default@srcpart_hour_n0
PREHOOK: Input: default@srcpart_iceberg
PREHOOK: Output: hdfs://### HDFS PATH ###
POSTHOOK: query: EXPLAIN select count(*) from srcpart_iceberg join srcpart_date_n2 on (srcpart_iceberg.ds = srcpart_date_n2.ds) join srcpart_hour_n0 on (srcpart_iceberg.hr = srcpart_hour_n0.hr)
where srcpart_date_n2.`date` = '2008-04-08' and srcpart_hour_n0.hour = 11
POSTHOOK: type: QUERY
POSTHOOK: Input: default@srcpart_date_n2
POSTHOOK: Input: default@srcpart_hour_n0
POSTHOOK: Input: default@srcpart_iceberg
POSTHOOK: Output: hdfs://### HDFS PATH ###
STAGE DEPENDENCIES:
  Stage-1 is a root stage
  Stage-0 depends on stages: Stage-1

STAGE PLANS:
  Stage: Stage-1
    Tez
#### A masked pattern was here ####
      Edges:
        Reducer 2 <- Map 1 (SIMPLE_EDGE), Map 5 (SIMPLE_EDGE)
        Reducer 3 <- Map 6 (SIMPLE_EDGE), Reducer 2 (SIMPLE_EDGE)
        Reducer 4 <- Reducer 3 (CUSTOM_SIMPLE_EDGE)
#### A masked pattern was here ####
      Vertices:
        Map 1 
            Map Operator Tree:
                TableScan
                  alias: srcpart_iceberg
                  filterExpr: (ds is not null and hr is not null) (type: boolean)
                  Statistics: Num rows: 2000 Data size: 360000 Basic stats: COMPLETE Column stats: COMPLETE
                  Filter Operator
                    predicate: (ds is not null and hr is not null) (type: boolean)
                    Statistics: Num rows: 2000 Data size: 360000 Basic stats: COMPLETE Column stats: COMPLETE
                    Select Operator
                      expressions: ds (type: string), hr (type: string)
                      outputColumnNames: _col0, _col1
                      Statistics: Num rows: 2000 Data size: 360000 Basic stats: COMPLETE Column stats: COMPLETE
                      Reduce Output Operator
                        key expressions: _col0 (type: string)
                        null sort order: z
                        sort order: +
                        Map-reduce partition columns: _col0 (type: string)
                        Statistics: Num rows: 2000 Data size: 360000 Basic stats: COMPLETE Column stats: COMPLETE
                        value expressions: _col1 (type: string)
            Execution mode: vectorized
        Map 5 
            Map Operator Tree:
                TableScan
                  alias: srcpart_date_n2
                  filterExpr: ((date = '2008-04-08') and ds is not null) (type: boolean)
                  Statistics: Num rows: 2 Data size: 376 Basic stats: COMPLETE Column stats: COMPLETE
                  Filter Operator
                    predicate: ((date = '2008-04-08') and ds is not null) (type: boolean)
                    Statistics: Num rows: 1 Data size: 188 Basic stats: COMPLETE Column stats: COMPLETE
                    Select Operator
                      expressions: ds (type: string)
                      outputColumnNames: _col0
                      Statistics: Num rows: 1 Data size: 94 Basic stats: COMPLETE Column stats: COMPLETE
                      Reduce Output Operator
                        key expressions: _col0 (type: string)
                        null sort order: z
                        sort order: +
                        Map-reduce partition columns: _col0 (type: string)
                        Statistics: Num rows: 1 Data size: 94 Basic stats: COMPLETE Column stats: COMPLETE
            Execution mode: vectorized
        Map 6 
            Map Operator Tree:
                TableScan
                  alias: srcpart_hour_n0
                  filterExpr: ((UDFToDouble(hour) = 11.0D) and hr is not null) (type: boolean)
                  Statistics: Num rows: 2 Data size: 344 Basic stats: COMPLETE Column stats: COMPLETE
                  Filter Operator
                    predicate: ((UDFToDouble(hour) = 11.0D) and hr is not null) (type: boolean)
                    Statistics: Num rows: 1 Data size: 172 Basic stats: COMPLETE Column stats: COMPLETE
                    Select Operator
                      expressions: hr (type: string)
                      outputColumnNames: _col0
                      Statistics: Num rows: 1 Data size: 86 Basic stats: COMPLETE Column stats: COMPLETE
                      Reduce Output Operator
                        key expressions: _col0 (type: string)
                        null sort order: z
                        sort order: +
                        Map-reduce partition columns: _col0 (type: string)
                        Statistics: Num rows: 1 Data size: 86 Basic stats: COMPLETE Column stats: COMPLETE
            Execution mode: vectorized
        Reducer 2 
            Reduce Operator Tree:
              Merge Join Operator
                condition map:
                     Inner Join 0 to 1
                keys:
                  0 _col0 (type: string)
                  1 _col0 (type: string)
                outputColumnNames: _col1
                Statistics: Num rows: 1000 Data size: 86000 Basic stats: COMPLETE Column stats: COMPLETE
                Reduce Output Operator
                  key expressions: _col1 (type: string)
                  null sort order: z
                  sort order: +
                  Map-reduce partition columns: _col1 (type: string)
                  Statistics: Num rows: 1000 Data size: 86000 Basic stats: COMPLETE Column stats: COMPLETE
        Reducer 3 
            Reduce Operator Tree:
              Merge Join Operator
                condition map:
                     Inner Join 0 to 1
                keys:
                  0 _col1 (type: string)
                  1 _col0 (type: string)
                Statistics: Num rows: 1000 Data size: 8000 Basic stats: COMPLETE Column stats: COMPLETE
                Group By Operator
                  aggregations: count()
                  minReductionHashAggr: 0.99
                  mode: hash
                  outputColumnNames: _col0
                  Statistics: Num rows: 1 Data size: 8 Basic stats: COMPLETE Column stats: COMPLETE
                  Reduce Output Operator
                    null sort order: 
                    sort order: 
                    Statistics: Num rows: 1 Data size: 8 Basic stats: COMPLETE Column stats: COMPLETE
                    value expressions: _col0 (type: bigint)
        Reducer 4 
            Execution mode: vectorized
            Reduce Operator Tree:
              Group By Operator
                aggregations: count(VALUE._col0)
                mode: mergepartial
                outputColumnNames: _col0
                Statistics: Num rows: 1 Data size: 8 Basic stats: COMPLETE Column stats: COMPLETE
                File Output Operator
                  compressed: false
                  Statistics: Num rows: 1 Data size: 8 Basic stats: COMPLETE Column stats: COMPLETE
                  table:
                      input format: org.apache.hadoop.mapred.SequenceFileInputFormat
                      output format: org.apache.hadoop.hive.ql.io.HiveSequenceFileOutputFormat
                      serde: org.apache.hadoop.hive.serde2.lazy.LazySimpleSerDe

  Stage: Stage-0
    Fetch Operator
      limit: -1
      Processor Tree:
        ListSink

PREHOOK: query: select count(*) from srcpart_iceberg join srcpart_date_n2 on (srcpart_iceberg.ds = srcpart_date_n2.ds) join srcpart_hour_n0 on (srcpart_iceberg.hr = srcpart_hour_n0.hr)
where srcpart_date_n2.`date` = '2008-04-08' and srcpart_hour_n0.hour = 11
PREHOOK: type: QUERY
PREHOOK: Input: default@srcpart_date_n2
PREHOOK: Input: default@srcpart_hour_n0
PREHOOK: Input: default@srcpart_iceberg
PREHOOK: Output: hdfs://### HDFS PATH ###
POSTHOOK: query: select count(*) from srcpart_iceberg join srcpart_date_n2 on (srcpart_iceberg.ds = srcpart_date_n2.ds) join srcpart_hour_n0 on (srcpart_iceberg.hr = srcpart_hour_n0.hr)
where srcpart_date_n2.`date` = '2008-04-08' and srcpart_hour_n0.hour = 11
POSTHOOK: type: QUERY
POSTHOOK: Input: default@srcpart_date_n2
POSTHOOK: Input: default@srcpart_hour_n0
POSTHOOK: Input: default@srcpart_iceberg
POSTHOOK: Output: hdfs://### HDFS PATH ###
500
PREHOOK: query: select count(*) from srcpart where hr = 11 and ds = '2008-04-08'
PREHOOK: type: QUERY
PREHOOK: Input: default@srcpart
PREHOOK: Input: default@srcpart@ds=2008-04-08/hr=11
PREHOOK: Output: hdfs://### HDFS PATH ###
POSTHOOK: query: select count(*) from srcpart where hr = 11 and ds = '2008-04-08'
POSTHOOK: type: QUERY
POSTHOOK: Input: default@srcpart
POSTHOOK: Input: default@srcpart@ds=2008-04-08/hr=11
POSTHOOK: Output: hdfs://### HDFS PATH ###
500
PREHOOK: query: EXPLAIN select count(*) from srcpart_iceberg join srcpart_date_hour_n0 on (srcpart_iceberg.ds = srcpart_date_hour_n0.ds and srcpart_iceberg.hr = srcpart_date_hour_n0.hr) where srcpart_date_hour_n0.`date` = '2008-04-08' and srcpart_date_hour_n0.hour = 11
PREHOOK: type: QUERY
PREHOOK: Input: default@srcpart_date_hour_n0
PREHOOK: Input: default@srcpart_iceberg
PREHOOK: Output: hdfs://### HDFS PATH ###
POSTHOOK: query: EXPLAIN select count(*) from srcpart_iceberg join srcpart_date_hour_n0 on (srcpart_iceberg.ds = srcpart_date_hour_n0.ds and srcpart_iceberg.hr = srcpart_date_hour_n0.hr) where srcpart_date_hour_n0.`date` = '2008-04-08' and srcpart_date_hour_n0.hour = 11
POSTHOOK: type: QUERY
POSTHOOK: Input: default@srcpart_date_hour_n0
POSTHOOK: Input: default@srcpart_iceberg
POSTHOOK: Output: hdfs://### HDFS PATH ###
STAGE DEPENDENCIES:
  Stage-1 is a root stage
  Stage-0 depends on stages: Stage-1

STAGE PLANS:
  Stage: Stage-1
    Tez
#### A masked pattern was here ####
      Edges:
        Reducer 2 <- Map 1 (SIMPLE_EDGE), Map 4 (SIMPLE_EDGE)
        Reducer 3 <- Reducer 2 (CUSTOM_SIMPLE_EDGE)
#### A masked pattern was here ####
      Vertices:
        Map 1 
            Map Operator Tree:
                TableScan
                  alias: srcpart_iceberg
                  filterExpr: (ds is not null and hr is not null) (type: boolean)
                  Statistics: Num rows: 2000 Data size: 360000 Basic stats: COMPLETE Column stats: COMPLETE
                  Filter Operator
                    predicate: (ds is not null and hr is not null) (type: boolean)
                    Statistics: Num rows: 2000 Data size: 360000 Basic stats: COMPLETE Column stats: COMPLETE
                    Select Operator
                      expressions: ds (type: string), hr (type: string)
                      outputColumnNames: _col0, _col1
                      Statistics: Num rows: 2000 Data size: 360000 Basic stats: COMPLETE Column stats: COMPLETE
                      Reduce Output Operator
                        key expressions: _col0 (type: string), _col1 (type: string)
                        null sort order: zz
                        sort order: ++
                        Map-reduce partition columns: _col0 (type: string), _col1 (type: string)
                        Statistics: Num rows: 2000 Data size: 360000 Basic stats: COMPLETE Column stats: COMPLETE
            Execution mode: vectorized
        Map 4 
            Map Operator Tree:
                TableScan
                  alias: srcpart_date_hour_n0
                  filterExpr: ((date = '2008-04-08') and (UDFToDouble(hour) = 11.0D) and ds is not null and hr is not null) (type: boolean)
                  Statistics: Num rows: 4 Data size: 1440 Basic stats: COMPLETE Column stats: COMPLETE
                  Filter Operator
                    predicate: ((date = '2008-04-08') and (UDFToDouble(hour) = 11.0D) and ds is not null and hr is not null) (type: boolean)
                    Statistics: Num rows: 1 Data size: 360 Basic stats: COMPLETE Column stats: COMPLETE
                    Select Operator
                      expressions: ds (type: string), hr (type: string)
                      outputColumnNames: _col0, _col1
                      Statistics: Num rows: 1 Data size: 180 Basic stats: COMPLETE Column stats: COMPLETE
                      Reduce Output Operator
                        key expressions: _col0 (type: string), _col1 (type: string)
                        null sort order: zz
                        sort order: ++
                        Map-reduce partition columns: _col0 (type: string), _col1 (type: string)
                        Statistics: Num rows: 1 Data size: 180 Basic stats: COMPLETE Column stats: COMPLETE
                      Select Operator
                        expressions: _col0 (type: string)
                        outputColumnNames: _col0
                        Statistics: Num rows: 1 Data size: 94 Basic stats: COMPLETE Column stats: COMPLETE
                        Group By Operator
                          keys: _col0 (type: string)
                          minReductionHashAggr: 0.4
                          mode: hash
                          outputColumnNames: _col0
                          Statistics: Num rows: 1 Data size: 94 Basic stats: COMPLETE Column stats: COMPLETE
                          Dynamic Partitioning Event Operator
                            Target column: ds (string)
                            Target Input: srcpart_iceberg
                            Partition key expr: ds
                            Statistics: Num rows: 1 Data size: 94 Basic stats: COMPLETE Column stats: COMPLETE
                            Target Vertex: Map 1
                      Select Operator
                        expressions: _col1 (type: string)
                        outputColumnNames: _col0
                        Statistics: Num rows: 1 Data size: 86 Basic stats: COMPLETE Column stats: COMPLETE
                        Group By Operator
                          keys: _col0 (type: string)
                          minReductionHashAggr: 0.4
                          mode: hash
                          outputColumnNames: _col0
                          Statistics: Num rows: 1 Data size: 86 Basic stats: COMPLETE Column stats: COMPLETE
                          Dynamic Partitioning Event Operator
                            Target column: hr (string)
                            Target Input: srcpart_iceberg
                            Partition key expr: hr
                            Statistics: Num rows: 1 Data size: 86 Basic stats: COMPLETE Column stats: COMPLETE
                            Target Vertex: Map 1
            Execution mode: vectorized
        Reducer 2 
            Reduce Operator Tree:
              Merge Join Operator
                condition map:
                     Inner Join 0 to 1
                keys:
                  0 _col0 (type: string), _col1 (type: string)
                  1 _col0 (type: string), _col1 (type: string)
                Statistics: Num rows: 1000 Data size: 8000 Basic stats: COMPLETE Column stats: COMPLETE
                Group By Operator
                  aggregations: count()
                  minReductionHashAggr: 0.99
                  mode: hash
                  outputColumnNames: _col0
                  Statistics: Num rows: 1 Data size: 8 Basic stats: COMPLETE Column stats: COMPLETE
                  Reduce Output Operator
                    null sort order: 
                    sort order: 
                    Statistics: Num rows: 1 Data size: 8 Basic stats: COMPLETE Column stats: COMPLETE
                    value expressions: _col0 (type: bigint)
        Reducer 3 
            Execution mode: vectorized
            Reduce Operator Tree:
              Group By Operator
                aggregations: count(VALUE._col0)
                mode: mergepartial
                outputColumnNames: _col0
                Statistics: Num rows: 1 Data size: 8 Basic stats: COMPLETE Column stats: COMPLETE
                File Output Operator
                  compressed: false
                  Statistics: Num rows: 1 Data size: 8 Basic stats: COMPLETE Column stats: COMPLETE
                  table:
                      input format: org.apache.hadoop.mapred.SequenceFileInputFormat
                      output format: org.apache.hadoop.hive.ql.io.HiveSequenceFileOutputFormat
                      serde: org.apache.hadoop.hive.serde2.lazy.LazySimpleSerDe

  Stage: Stage-0
    Fetch Operator
      limit: -1
      Processor Tree:
        ListSink

PREHOOK: query: select count(*) from srcpart_iceberg join srcpart_date_hour_n0 on (srcpart_iceberg.ds = srcpart_date_hour_n0.ds and srcpart_iceberg.hr = srcpart_date_hour_n0.hr) where srcpart_date_hour_n0.`date` = '2008-04-08' and srcpart_date_hour_n0.hour = 11
PREHOOK: type: QUERY
PREHOOK: Input: default@srcpart_date_hour_n0
PREHOOK: Input: default@srcpart_iceberg
PREHOOK: Output: hdfs://### HDFS PATH ###
POSTHOOK: query: select count(*) from srcpart_iceberg join srcpart_date_hour_n0 on (srcpart_iceberg.ds = srcpart_date_hour_n0.ds and srcpart_iceberg.hr = srcpart_date_hour_n0.hr) where srcpart_date_hour_n0.`date` = '2008-04-08' and srcpart_date_hour_n0.hour = 11
POSTHOOK: type: QUERY
POSTHOOK: Input: default@srcpart_date_hour_n0
POSTHOOK: Input: default@srcpart_iceberg
POSTHOOK: Output: hdfs://### HDFS PATH ###
500
PREHOOK: query: EXPLAIN select count(*) from srcpart_iceberg join srcpart_date_hour_n0 on (srcpart_iceberg.ds = srcpart_date_hour_n0.ds and srcpart_iceberg.hr = srcpart_date_hour_n0.hr) where srcpart_date_hour_n0.`date` = '2008-04-08' and srcpart_date_hour_n0.hour = 11
PREHOOK: type: QUERY
PREHOOK: Input: default@srcpart_date_hour_n0
PREHOOK: Input: default@srcpart_iceberg
PREHOOK: Output: hdfs://### HDFS PATH ###
POSTHOOK: query: EXPLAIN select count(*) from srcpart_iceberg join srcpart_date_hour_n0 on (srcpart_iceberg.ds = srcpart_date_hour_n0.ds and srcpart_iceberg.hr = srcpart_date_hour_n0.hr) where srcpart_date_hour_n0.`date` = '2008-04-08' and srcpart_date_hour_n0.hour = 11
POSTHOOK: type: QUERY
POSTHOOK: Input: default@srcpart_date_hour_n0
POSTHOOK: Input: default@srcpart_iceberg
POSTHOOK: Output: hdfs://### HDFS PATH ###
STAGE DEPENDENCIES:
  Stage-1 is a root stage
  Stage-0 depends on stages: Stage-1

STAGE PLANS:
  Stage: Stage-1
    Tez
#### A masked pattern was here ####
      Edges:
        Reducer 2 <- Map 1 (SIMPLE_EDGE), Map 4 (SIMPLE_EDGE)
        Reducer 3 <- Reducer 2 (CUSTOM_SIMPLE_EDGE)
#### A masked pattern was here ####
      Vertices:
        Map 1 
            Map Operator Tree:
                TableScan
                  alias: srcpart_iceberg
                  filterExpr: (ds is not null and hr is not null) (type: boolean)
                  Statistics: Num rows: 2000 Data size: 360000 Basic stats: COMPLETE Column stats: COMPLETE
                  Filter Operator
                    predicate: (ds is not null and hr is not null) (type: boolean)
                    Statistics: Num rows: 2000 Data size: 360000 Basic stats: COMPLETE Column stats: COMPLETE
                    Select Operator
                      expressions: ds (type: string), hr (type: string)
                      outputColumnNames: _col0, _col1
                      Statistics: Num rows: 2000 Data size: 360000 Basic stats: COMPLETE Column stats: COMPLETE
                      Reduce Output Operator
                        key expressions: _col0 (type: string), _col1 (type: string)
                        null sort order: zz
                        sort order: ++
                        Map-reduce partition columns: _col0 (type: string), _col1 (type: string)
                        Statistics: Num rows: 2000 Data size: 360000 Basic stats: COMPLETE Column stats: COMPLETE
            Execution mode: vectorized
        Map 4 
            Map Operator Tree:
                TableScan
                  alias: srcpart_date_hour_n0
                  filterExpr: ((date = '2008-04-08') and (UDFToDouble(hour) = 11.0D) and ds is not null and hr is not null) (type: boolean)
                  Statistics: Num rows: 4 Data size: 1440 Basic stats: COMPLETE Column stats: COMPLETE
                  Filter Operator
                    predicate: ((date = '2008-04-08') and (UDFToDouble(hour) = 11.0D) and ds is not null and hr is not null) (type: boolean)
                    Statistics: Num rows: 1 Data size: 360 Basic stats: COMPLETE Column stats: COMPLETE
                    Select Operator
                      expressions: ds (type: string), hr (type: string)
                      outputColumnNames: _col0, _col1
                      Statistics: Num rows: 1 Data size: 180 Basic stats: COMPLETE Column stats: COMPLETE
                      Reduce Output Operator
                        key expressions: _col0 (type: string), _col1 (type: string)
                        null sort order: zz
                        sort order: ++
                        Map-reduce partition columns: _col0 (type: string), _col1 (type: string)
                        Statistics: Num rows: 1 Data size: 180 Basic stats: COMPLETE Column stats: COMPLETE
            Execution mode: vectorized
        Reducer 2 
            Reduce Operator Tree:
              Merge Join Operator
                condition map:
                     Inner Join 0 to 1
                keys:
                  0 _col0 (type: string), _col1 (type: string)
                  1 _col0 (type: string), _col1 (type: string)
                Statistics: Num rows: 1000 Data size: 8000 Basic stats: COMPLETE Column stats: COMPLETE
                Group By Operator
                  aggregations: count()
                  minReductionHashAggr: 0.99
                  mode: hash
                  outputColumnNames: _col0
                  Statistics: Num rows: 1 Data size: 8 Basic stats: COMPLETE Column stats: COMPLETE
                  Reduce Output Operator
                    null sort order: 
                    sort order: 
                    Statistics: Num rows: 1 Data size: 8 Basic stats: COMPLETE Column stats: COMPLETE
                    value expressions: _col0 (type: bigint)
        Reducer 3 
            Execution mode: vectorized
            Reduce Operator Tree:
              Group By Operator
                aggregations: count(VALUE._col0)
                mode: mergepartial
                outputColumnNames: _col0
                Statistics: Num rows: 1 Data size: 8 Basic stats: COMPLETE Column stats: COMPLETE
                File Output Operator
                  compressed: false
                  Statistics: Num rows: 1 Data size: 8 Basic stats: COMPLETE Column stats: COMPLETE
                  table:
                      input format: org.apache.hadoop.mapred.SequenceFileInputFormat
                      output format: org.apache.hadoop.hive.ql.io.HiveSequenceFileOutputFormat
                      serde: org.apache.hadoop.hive.serde2.lazy.LazySimpleSerDe

  Stage: Stage-0
    Fetch Operator
      limit: -1
      Processor Tree:
        ListSink

PREHOOK: query: select count(*) from srcpart_iceberg join srcpart_date_hour_n0 on (srcpart_iceberg.ds = srcpart_date_hour_n0.ds and srcpart_iceberg.hr = srcpart_date_hour_n0.hr) where srcpart_date_hour_n0.`date` = '2008-04-08' and srcpart_date_hour_n0.hour = 11
PREHOOK: type: QUERY
PREHOOK: Input: default@srcpart_date_hour_n0
PREHOOK: Input: default@srcpart_iceberg
PREHOOK: Output: hdfs://### HDFS PATH ###
POSTHOOK: query: select count(*) from srcpart_iceberg join srcpart_date_hour_n0 on (srcpart_iceberg.ds = srcpart_date_hour_n0.ds and srcpart_iceberg.hr = srcpart_date_hour_n0.hr) where srcpart_date_hour_n0.`date` = '2008-04-08' and srcpart_date_hour_n0.hour = 11
POSTHOOK: type: QUERY
POSTHOOK: Input: default@srcpart_date_hour_n0
POSTHOOK: Input: default@srcpart_iceberg
POSTHOOK: Output: hdfs://### HDFS PATH ###
500
PREHOOK: query: select count(*) from srcpart where ds = '2008-04-08' and hr = 11
PREHOOK: type: QUERY
PREHOOK: Input: default@srcpart
PREHOOK: Input: default@srcpart@ds=2008-04-08/hr=11
PREHOOK: Output: hdfs://### HDFS PATH ###
POSTHOOK: query: select count(*) from srcpart where ds = '2008-04-08' and hr = 11
POSTHOOK: type: QUERY
POSTHOOK: Input: default@srcpart
POSTHOOK: Input: default@srcpart@ds=2008-04-08/hr=11
POSTHOOK: Output: hdfs://### HDFS PATH ###
500
PREHOOK: query: EXPLAIN select count(*) from srcpart_iceberg join srcpart_date_n2 on (srcpart_iceberg.ds = srcpart_date_n2.ds) where srcpart_date_n2.`date` = 'I DONT EXIST'
PREHOOK: type: QUERY
PREHOOK: Input: default@srcpart_date_n2
PREHOOK: Input: default@srcpart_iceberg
PREHOOK: Output: hdfs://### HDFS PATH ###
POSTHOOK: query: EXPLAIN select count(*) from srcpart_iceberg join srcpart_date_n2 on (srcpart_iceberg.ds = srcpart_date_n2.ds) where srcpart_date_n2.`date` = 'I DONT EXIST'
POSTHOOK: type: QUERY
POSTHOOK: Input: default@srcpart_date_n2
POSTHOOK: Input: default@srcpart_iceberg
POSTHOOK: Output: hdfs://### HDFS PATH ###
STAGE DEPENDENCIES:
  Stage-1 is a root stage
  Stage-0 depends on stages: Stage-1

STAGE PLANS:
  Stage: Stage-1
    Tez
#### A masked pattern was here ####
      Edges:
        Reducer 2 <- Map 1 (SIMPLE_EDGE), Map 4 (SIMPLE_EDGE)
        Reducer 3 <- Reducer 2 (CUSTOM_SIMPLE_EDGE)
#### A masked pattern was here ####
      Vertices:
        Map 1 
            Map Operator Tree:
                TableScan
                  alias: srcpart_iceberg
                  filterExpr: ds is not null (type: boolean)
                  Statistics: Num rows: 2000 Data size: 188000 Basic stats: COMPLETE Column stats: COMPLETE
                  Filter Operator
                    predicate: ds is not null (type: boolean)
                    Statistics: Num rows: 2000 Data size: 188000 Basic stats: COMPLETE Column stats: COMPLETE
                    Select Operator
                      expressions: ds (type: string)
                      outputColumnNames: _col0
                      Statistics: Num rows: 2000 Data size: 188000 Basic stats: COMPLETE Column stats: COMPLETE
                      Reduce Output Operator
                        key expressions: _col0 (type: string)
                        null sort order: z
                        sort order: +
                        Map-reduce partition columns: _col0 (type: string)
                        Statistics: Num rows: 2000 Data size: 188000 Basic stats: COMPLETE Column stats: COMPLETE
            Execution mode: vectorized
        Map 4 
            Map Operator Tree:
                TableScan
                  alias: srcpart_date_n2
                  filterExpr: ((date = 'I DONT EXIST') and ds is not null) (type: boolean)
                  Statistics: Num rows: 2 Data size: 376 Basic stats: COMPLETE Column stats: COMPLETE
                  Filter Operator
                    predicate: ((date = 'I DONT EXIST') and ds is not null) (type: boolean)
                    Statistics: Num rows: 1 Data size: 188 Basic stats: COMPLETE Column stats: COMPLETE
                    Select Operator
                      expressions: ds (type: string)
                      outputColumnNames: _col0
                      Statistics: Num rows: 1 Data size: 94 Basic stats: COMPLETE Column stats: COMPLETE
                      Reduce Output Operator
                        key expressions: _col0 (type: string)
                        null sort order: z
                        sort order: +
                        Map-reduce partition columns: _col0 (type: string)
                        Statistics: Num rows: 1 Data size: 94 Basic stats: COMPLETE Column stats: COMPLETE
                      Select Operator
                        expressions: _col0 (type: string)
                        outputColumnNames: _col0
                        Statistics: Num rows: 1 Data size: 94 Basic stats: COMPLETE Column stats: COMPLETE
                        Group By Operator
                          keys: _col0 (type: string)
                          minReductionHashAggr: 0.4
                          mode: hash
                          outputColumnNames: _col0
                          Statistics: Num rows: 1 Data size: 94 Basic stats: COMPLETE Column stats: COMPLETE
                          Dynamic Partitioning Event Operator
                            Target column: ds (string)
                            Target Input: srcpart_iceberg
                            Partition key expr: ds
                            Statistics: Num rows: 1 Data size: 94 Basic stats: COMPLETE Column stats: COMPLETE
                            Target Vertex: Map 1
            Execution mode: vectorized
        Reducer 2 
            Reduce Operator Tree:
              Merge Join Operator
                condition map:
                     Inner Join 0 to 1
                keys:
                  0 _col0 (type: string)
                  1 _col0 (type: string)
                Statistics: Num rows: 1000 Data size: 8000 Basic stats: COMPLETE Column stats: COMPLETE
                Group By Operator
                  aggregations: count()
                  minReductionHashAggr: 0.99
                  mode: hash
                  outputColumnNames: _col0
                  Statistics: Num rows: 1 Data size: 8 Basic stats: COMPLETE Column stats: COMPLETE
                  Reduce Output Operator
                    null sort order: 
                    sort order: 
                    Statistics: Num rows: 1 Data size: 8 Basic stats: COMPLETE Column stats: COMPLETE
                    value expressions: _col0 (type: bigint)
        Reducer 3 
            Execution mode: vectorized
            Reduce Operator Tree:
              Group By Operator
                aggregations: count(VALUE._col0)
                mode: mergepartial
                outputColumnNames: _col0
                Statistics: Num rows: 1 Data size: 8 Basic stats: COMPLETE Column stats: COMPLETE
                File Output Operator
                  compressed: false
                  Statistics: Num rows: 1 Data size: 8 Basic stats: COMPLETE Column stats: COMPLETE
                  table:
                      input format: org.apache.hadoop.mapred.SequenceFileInputFormat
                      output format: org.apache.hadoop.hive.ql.io.HiveSequenceFileOutputFormat
                      serde: org.apache.hadoop.hive.serde2.lazy.LazySimpleSerDe

  Stage: Stage-0
    Fetch Operator
      limit: -1
      Processor Tree:
        ListSink

PREHOOK: query: select count(*) from srcpart_iceberg join srcpart_date_n2 on (srcpart_iceberg.ds = srcpart_date_n2.ds) where srcpart_date_n2.`date` = 'I DONT EXIST'
PREHOOK: type: QUERY
PREHOOK: Input: default@srcpart_date_n2
PREHOOK: Input: default@srcpart_iceberg
PREHOOK: Output: hdfs://### HDFS PATH ###
POSTHOOK: query: select count(*) from srcpart_iceberg join srcpart_date_n2 on (srcpart_iceberg.ds = srcpart_date_n2.ds) where srcpart_date_n2.`date` = 'I DONT EXIST'
POSTHOOK: type: QUERY
POSTHOOK: Input: default@srcpart_date_n2
POSTHOOK: Input: default@srcpart_iceberg
POSTHOOK: Output: hdfs://### HDFS PATH ###
0
PREHOOK: query: EXPLAIN select count(*) from srcpart_iceberg join srcpart_date_n2 on (srcpart_iceberg.ds = srcpart_date_n2.ds) where srcpart_date_n2.`date` = 'I DONT EXIST'
PREHOOK: type: QUERY
PREHOOK: Input: default@srcpart_date_n2
PREHOOK: Input: default@srcpart_iceberg
PREHOOK: Output: hdfs://### HDFS PATH ###
POSTHOOK: query: EXPLAIN select count(*) from srcpart_iceberg join srcpart_date_n2 on (srcpart_iceberg.ds = srcpart_date_n2.ds) where srcpart_date_n2.`date` = 'I DONT EXIST'
POSTHOOK: type: QUERY
POSTHOOK: Input: default@srcpart_date_n2
POSTHOOK: Input: default@srcpart_iceberg
POSTHOOK: Output: hdfs://### HDFS PATH ###
STAGE DEPENDENCIES:
  Stage-1 is a root stage
  Stage-0 depends on stages: Stage-1

STAGE PLANS:
  Stage: Stage-1
    Tez
#### A masked pattern was here ####
      Edges:
        Reducer 2 <- Map 1 (SIMPLE_EDGE), Map 4 (SIMPLE_EDGE)
        Reducer 3 <- Reducer 2 (CUSTOM_SIMPLE_EDGE)
#### A masked pattern was here ####
      Vertices:
        Map 1 
            Map Operator Tree:
                TableScan
                  alias: srcpart_iceberg
                  filterExpr: ds is not null (type: boolean)
                  Statistics: Num rows: 2000 Data size: 188000 Basic stats: COMPLETE Column stats: COMPLETE
                  Filter Operator
                    predicate: ds is not null (type: boolean)
                    Statistics: Num rows: 2000 Data size: 188000 Basic stats: COMPLETE Column stats: COMPLETE
                    Select Operator
                      expressions: ds (type: string)
                      outputColumnNames: _col0
                      Statistics: Num rows: 2000 Data size: 188000 Basic stats: COMPLETE Column stats: COMPLETE
                      Reduce Output Operator
                        key expressions: _col0 (type: string)
                        null sort order: z
                        sort order: +
                        Map-reduce partition columns: _col0 (type: string)
                        Statistics: Num rows: 2000 Data size: 188000 Basic stats: COMPLETE Column stats: COMPLETE
            Execution mode: vectorized
        Map 4 
            Map Operator Tree:
                TableScan
                  alias: srcpart_date_n2
                  filterExpr: ((date = 'I DONT EXIST') and ds is not null) (type: boolean)
                  Statistics: Num rows: 2 Data size: 376 Basic stats: COMPLETE Column stats: COMPLETE
                  Filter Operator
                    predicate: ((date = 'I DONT EXIST') and ds is not null) (type: boolean)
                    Statistics: Num rows: 1 Data size: 188 Basic stats: COMPLETE Column stats: COMPLETE
                    Select Operator
                      expressions: ds (type: string)
                      outputColumnNames: _col0
                      Statistics: Num rows: 1 Data size: 94 Basic stats: COMPLETE Column stats: COMPLETE
                      Reduce Output Operator
                        key expressions: _col0 (type: string)
                        null sort order: z
                        sort order: +
                        Map-reduce partition columns: _col0 (type: string)
                        Statistics: Num rows: 1 Data size: 94 Basic stats: COMPLETE Column stats: COMPLETE
            Execution mode: vectorized
        Reducer 2 
            Reduce Operator Tree:
              Merge Join Operator
                condition map:
                     Inner Join 0 to 1
                keys:
                  0 _col0 (type: string)
                  1 _col0 (type: string)
                Statistics: Num rows: 1000 Data size: 8000 Basic stats: COMPLETE Column stats: COMPLETE
                Group By Operator
                  aggregations: count()
                  minReductionHashAggr: 0.99
                  mode: hash
                  outputColumnNames: _col0
                  Statistics: Num rows: 1 Data size: 8 Basic stats: COMPLETE Column stats: COMPLETE
                  Reduce Output Operator
                    null sort order: 
                    sort order: 
                    Statistics: Num rows: 1 Data size: 8 Basic stats: COMPLETE Column stats: COMPLETE
                    value expressions: _col0 (type: bigint)
        Reducer 3 
            Execution mode: vectorized
            Reduce Operator Tree:
              Group By Operator
                aggregations: count(VALUE._col0)
                mode: mergepartial
                outputColumnNames: _col0
                Statistics: Num rows: 1 Data size: 8 Basic stats: COMPLETE Column stats: COMPLETE
                File Output Operator
                  compressed: false
                  Statistics: Num rows: 1 Data size: 8 Basic stats: COMPLETE Column stats: COMPLETE
                  table:
                      input format: org.apache.hadoop.mapred.SequenceFileInputFormat
                      output format: org.apache.hadoop.hive.ql.io.HiveSequenceFileOutputFormat
                      serde: org.apache.hadoop.hive.serde2.lazy.LazySimpleSerDe

  Stage: Stage-0
    Fetch Operator
      limit: -1
      Processor Tree:
        ListSink

PREHOOK: query: select count(*) from srcpart_iceberg join srcpart_date_n2 on (srcpart_iceberg.ds = srcpart_date_n2.ds) where srcpart_date_n2.`date` = 'I DONT EXIST'
PREHOOK: type: QUERY
PREHOOK: Input: default@srcpart_date_n2
PREHOOK: Input: default@srcpart_iceberg
PREHOOK: Output: hdfs://### HDFS PATH ###
POSTHOOK: query: select count(*) from srcpart_iceberg join srcpart_date_n2 on (srcpart_iceberg.ds = srcpart_date_n2.ds) where srcpart_date_n2.`date` = 'I DONT EXIST'
POSTHOOK: type: QUERY
POSTHOOK: Input: default@srcpart_date_n2
POSTHOOK: Input: default@srcpart_iceberg
POSTHOOK: Output: hdfs://### HDFS PATH ###
0
PREHOOK: query: select count(*) from srcpart where ds = 'I DONT EXIST'
PREHOOK: type: QUERY
PREHOOK: Input: default@srcpart
PREHOOK: Output: hdfs://### HDFS PATH ###
POSTHOOK: query: select count(*) from srcpart where ds = 'I DONT EXIST'
POSTHOOK: type: QUERY
POSTHOOK: Input: default@srcpart
POSTHOOK: Output: hdfs://### HDFS PATH ###
0
PREHOOK: query: EXPLAIN select count(*) from srcpart_iceberg join srcpart_double_hour_n0 on (srcpart_iceberg.hr = cast(cast(srcpart_double_hour_n0.hr/2 as int) as string)) where srcpart_double_hour_n0.hour = 11
PREHOOK: type: QUERY
PREHOOK: Input: default@srcpart_double_hour_n0
PREHOOK: Input: default@srcpart_iceberg
PREHOOK: Output: hdfs://### HDFS PATH ###
POSTHOOK: query: EXPLAIN select count(*) from srcpart_iceberg join srcpart_double_hour_n0 on (srcpart_iceberg.hr = cast(cast(srcpart_double_hour_n0.hr/2 as int) as string)) where srcpart_double_hour_n0.hour = 11
POSTHOOK: type: QUERY
POSTHOOK: Input: default@srcpart_double_hour_n0
POSTHOOK: Input: default@srcpart_iceberg
POSTHOOK: Output: hdfs://### HDFS PATH ###
STAGE DEPENDENCIES:
  Stage-1 is a root stage
  Stage-0 depends on stages: Stage-1

STAGE PLANS:
  Stage: Stage-1
    Tez
#### A masked pattern was here ####
      Edges:
        Reducer 2 <- Map 1 (SIMPLE_EDGE), Map 4 (SIMPLE_EDGE)
        Reducer 3 <- Reducer 2 (CUSTOM_SIMPLE_EDGE)
#### A masked pattern was here ####
      Vertices:
        Map 1 
            Map Operator Tree:
                TableScan
                  alias: srcpart_iceberg
                  filterExpr: hr is not null (type: boolean)
                  Statistics: Num rows: 2000 Data size: 172000 Basic stats: COMPLETE Column stats: COMPLETE
                  Filter Operator
                    predicate: hr is not null (type: boolean)
                    Statistics: Num rows: 2000 Data size: 172000 Basic stats: COMPLETE Column stats: COMPLETE
                    Select Operator
                      expressions: hr (type: string)
                      outputColumnNames: _col0
                      Statistics: Num rows: 2000 Data size: 172000 Basic stats: COMPLETE Column stats: COMPLETE
                      Reduce Output Operator
                        key expressions: _col0 (type: string)
                        null sort order: z
                        sort order: +
                        Map-reduce partition columns: _col0 (type: string)
                        Statistics: Num rows: 2000 Data size: 172000 Basic stats: COMPLETE Column stats: COMPLETE
            Execution mode: vectorized
        Map 4 
            Map Operator Tree:
                TableScan
                  alias: srcpart_double_hour_n0
                  filterExpr: ((UDFToDouble(hour) = 11.0D) and CAST( UDFToInteger((hr / 2.0D)) AS STRING) is not null) (type: boolean)
                  Statistics: Num rows: 2 Data size: 188 Basic stats: COMPLETE Column stats: COMPLETE
                  Filter Operator
                    predicate: ((UDFToDouble(hour) = 11.0D) and CAST( UDFToInteger((hr / 2.0D)) AS STRING) is not null) (type: boolean)
                    Statistics: Num rows: 1 Data size: 94 Basic stats: COMPLETE Column stats: COMPLETE
                    Select Operator
                      expressions: CAST( UDFToInteger((hr / 2.0D)) AS STRING) (type: string)
                      outputColumnNames: _col0
                      Statistics: Num rows: 1 Data size: 184 Basic stats: COMPLETE Column stats: COMPLETE
                      Reduce Output Operator
                        key expressions: _col0 (type: string)
                        null sort order: z
                        sort order: +
                        Map-reduce partition columns: _col0 (type: string)
                        Statistics: Num rows: 1 Data size: 184 Basic stats: COMPLETE Column stats: COMPLETE
                      Select Operator
                        expressions: _col0 (type: string)
                        outputColumnNames: _col0
                        Statistics: Num rows: 1 Data size: 184 Basic stats: COMPLETE Column stats: COMPLETE
                        Group By Operator
                          keys: _col0 (type: string)
                          minReductionHashAggr: 0.4
                          mode: hash
                          outputColumnNames: _col0
                          Statistics: Num rows: 1 Data size: 184 Basic stats: COMPLETE Column stats: COMPLETE
                          Dynamic Partitioning Event Operator
                            Target column: hr (string)
                            Target Input: srcpart_iceberg
                            Partition key expr: hr
                            Statistics: Num rows: 1 Data size: 184 Basic stats: COMPLETE Column stats: COMPLETE
                            Target Vertex: Map 1
            Execution mode: vectorized
        Reducer 2 
            Reduce Operator Tree:
              Merge Join Operator
                condition map:
                     Inner Join 0 to 1
                keys:
                  0 _col0 (type: string)
                  1 _col0 (type: string)
                Statistics: Num rows: 1000 Data size: 8000 Basic stats: COMPLETE Column stats: COMPLETE
                Group By Operator
                  aggregations: count()
                  minReductionHashAggr: 0.99
                  mode: hash
                  outputColumnNames: _col0
                  Statistics: Num rows: 1 Data size: 8 Basic stats: COMPLETE Column stats: COMPLETE
                  Reduce Output Operator
                    null sort order: 
                    sort order: 
                    Statistics: Num rows: 1 Data size: 8 Basic stats: COMPLETE Column stats: COMPLETE
                    value expressions: _col0 (type: bigint)
        Reducer 3 
            Execution mode: vectorized
            Reduce Operator Tree:
              Group By Operator
                aggregations: count(VALUE._col0)
                mode: mergepartial
                outputColumnNames: _col0
                Statistics: Num rows: 1 Data size: 8 Basic stats: COMPLETE Column stats: COMPLETE
                File Output Operator
                  compressed: false
                  Statistics: Num rows: 1 Data size: 8 Basic stats: COMPLETE Column stats: COMPLETE
                  table:
                      input format: org.apache.hadoop.mapred.SequenceFileInputFormat
                      output format: org.apache.hadoop.hive.ql.io.HiveSequenceFileOutputFormat
                      serde: org.apache.hadoop.hive.serde2.lazy.LazySimpleSerDe

  Stage: Stage-0
    Fetch Operator
      limit: -1
      Processor Tree:
        ListSink

PREHOOK: query: select count(*) from srcpart_iceberg join srcpart_double_hour_n0 on (srcpart_iceberg.hr = cast(cast(srcpart_double_hour_n0.hr/2 as int) as string)) where srcpart_double_hour_n0.hour = 11
PREHOOK: type: QUERY
PREHOOK: Input: default@srcpart_double_hour_n0
PREHOOK: Input: default@srcpart_iceberg
PREHOOK: Output: hdfs://### HDFS PATH ###
POSTHOOK: query: select count(*) from srcpart_iceberg join srcpart_double_hour_n0 on (srcpart_iceberg.hr = cast(cast(srcpart_double_hour_n0.hr/2 as int) as string)) where srcpart_double_hour_n0.hour = 11
POSTHOOK: type: QUERY
POSTHOOK: Input: default@srcpart_double_hour_n0
POSTHOOK: Input: default@srcpart_iceberg
POSTHOOK: Output: hdfs://### HDFS PATH ###
1000
PREHOOK: query: EXPLAIN select count(*) from srcpart_iceberg join srcpart_double_hour_n0 on (srcpart_iceberg.hr = cast(cast(srcpart_double_hour_n0.hr/2 as int) as string)) where srcpart_double_hour_n0.hour = 11
PREHOOK: type: QUERY
PREHOOK: Input: default@srcpart_double_hour_n0
PREHOOK: Input: default@srcpart_iceberg
PREHOOK: Output: hdfs://### HDFS PATH ###
POSTHOOK: query: EXPLAIN select count(*) from srcpart_iceberg join srcpart_double_hour_n0 on (srcpart_iceberg.hr = cast(cast(srcpart_double_hour_n0.hr/2 as int) as string)) where srcpart_double_hour_n0.hour = 11
POSTHOOK: type: QUERY
POSTHOOK: Input: default@srcpart_double_hour_n0
POSTHOOK: Input: default@srcpart_iceberg
POSTHOOK: Output: hdfs://### HDFS PATH ###
STAGE DEPENDENCIES:
  Stage-1 is a root stage
  Stage-0 depends on stages: Stage-1

STAGE PLANS:
  Stage: Stage-1
    Tez
#### A masked pattern was here ####
      Edges:
        Reducer 2 <- Map 1 (SIMPLE_EDGE), Map 4 (SIMPLE_EDGE)
        Reducer 3 <- Reducer 2 (CUSTOM_SIMPLE_EDGE)
#### A masked pattern was here ####
      Vertices:
        Map 1 
            Map Operator Tree:
                TableScan
                  alias: srcpart_iceberg
                  filterExpr: hr is not null (type: boolean)
                  Statistics: Num rows: 2000 Data size: 172000 Basic stats: COMPLETE Column stats: COMPLETE
                  Filter Operator
                    predicate: hr is not null (type: boolean)
                    Statistics: Num rows: 2000 Data size: 172000 Basic stats: COMPLETE Column stats: COMPLETE
                    Select Operator
                      expressions: hr (type: string)
                      outputColumnNames: _col0
                      Statistics: Num rows: 2000 Data size: 172000 Basic stats: COMPLETE Column stats: COMPLETE
                      Reduce Output Operator
                        key expressions: _col0 (type: string)
                        null sort order: z
                        sort order: +
                        Map-reduce partition columns: _col0 (type: string)
                        Statistics: Num rows: 2000 Data size: 172000 Basic stats: COMPLETE Column stats: COMPLETE
            Execution mode: vectorized
        Map 4 
            Map Operator Tree:
                TableScan
                  alias: srcpart_double_hour_n0
                  filterExpr: ((UDFToDouble(hour) = 11.0D) and CAST( UDFToInteger((hr / 2.0D)) AS STRING) is not null) (type: boolean)
                  Statistics: Num rows: 2 Data size: 188 Basic stats: COMPLETE Column stats: COMPLETE
                  Filter Operator
                    predicate: ((UDFToDouble(hour) = 11.0D) and CAST( UDFToInteger((hr / 2.0D)) AS STRING) is not null) (type: boolean)
                    Statistics: Num rows: 1 Data size: 94 Basic stats: COMPLETE Column stats: COMPLETE
                    Select Operator
                      expressions: CAST( UDFToInteger((hr / 2.0D)) AS STRING) (type: string)
                      outputColumnNames: _col0
                      Statistics: Num rows: 1 Data size: 184 Basic stats: COMPLETE Column stats: COMPLETE
                      Reduce Output Operator
                        key expressions: _col0 (type: string)
                        null sort order: z
                        sort order: +
                        Map-reduce partition columns: _col0 (type: string)
                        Statistics: Num rows: 1 Data size: 184 Basic stats: COMPLETE Column stats: COMPLETE
            Execution mode: vectorized
        Reducer 2 
            Reduce Operator Tree:
              Merge Join Operator
                condition map:
                     Inner Join 0 to 1
                keys:
                  0 _col0 (type: string)
                  1 _col0 (type: string)
                Statistics: Num rows: 1000 Data size: 8000 Basic stats: COMPLETE Column stats: COMPLETE
                Group By Operator
                  aggregations: count()
                  minReductionHashAggr: 0.99
                  mode: hash
                  outputColumnNames: _col0
                  Statistics: Num rows: 1 Data size: 8 Basic stats: COMPLETE Column stats: COMPLETE
                  Reduce Output Operator
                    null sort order: 
                    sort order: 
                    Statistics: Num rows: 1 Data size: 8 Basic stats: COMPLETE Column stats: COMPLETE
                    value expressions: _col0 (type: bigint)
        Reducer 3 
            Execution mode: vectorized
            Reduce Operator Tree:
              Group By Operator
                aggregations: count(VALUE._col0)
                mode: mergepartial
                outputColumnNames: _col0
                Statistics: Num rows: 1 Data size: 8 Basic stats: COMPLETE Column stats: COMPLETE
                File Output Operator
                  compressed: false
                  Statistics: Num rows: 1 Data size: 8 Basic stats: COMPLETE Column stats: COMPLETE
                  table:
                      input format: org.apache.hadoop.mapred.SequenceFileInputFormat
                      output format: org.apache.hadoop.hive.ql.io.HiveSequenceFileOutputFormat
                      serde: org.apache.hadoop.hive.serde2.lazy.LazySimpleSerDe

  Stage: Stage-0
    Fetch Operator
      limit: -1
      Processor Tree:
        ListSink

PREHOOK: query: select count(*) from srcpart_iceberg join srcpart_double_hour_n0 on (srcpart_iceberg.hr = cast(cast(srcpart_double_hour_n0.hr/2 as int) as string)) where srcpart_double_hour_n0.hour = 11
PREHOOK: type: QUERY
PREHOOK: Input: default@srcpart_double_hour_n0
PREHOOK: Input: default@srcpart_iceberg
PREHOOK: Output: hdfs://### HDFS PATH ###
POSTHOOK: query: select count(*) from srcpart_iceberg join srcpart_double_hour_n0 on (srcpart_iceberg.hr = cast(cast(srcpart_double_hour_n0.hr/2 as int) as string)) where srcpart_double_hour_n0.hour = 11
POSTHOOK: type: QUERY
POSTHOOK: Input: default@srcpart_double_hour_n0
POSTHOOK: Input: default@srcpart_iceberg
POSTHOOK: Output: hdfs://### HDFS PATH ###
1000
PREHOOK: query: EXPLAIN select count(*) from srcpart_iceberg, srcpart_date_hour_n0 where srcpart_date_hour_n0.`date` = '2008-04-08' and srcpart_date_hour_n0.hour = 11 and srcpart_iceberg.ds = srcpart_date_hour_n0.ds and srcpart_iceberg.hr = srcpart_date_hour_n0.hr
PREHOOK: type: QUERY
PREHOOK: Input: default@srcpart_date_hour_n0
PREHOOK: Input: default@srcpart_iceberg
PREHOOK: Output: hdfs://### HDFS PATH ###
POSTHOOK: query: EXPLAIN select count(*) from srcpart_iceberg, srcpart_date_hour_n0 where srcpart_date_hour_n0.`date` = '2008-04-08' and srcpart_date_hour_n0.hour = 11 and srcpart_iceberg.ds = srcpart_date_hour_n0.ds and srcpart_iceberg.hr = srcpart_date_hour_n0.hr
POSTHOOK: type: QUERY
POSTHOOK: Input: default@srcpart_date_hour_n0
POSTHOOK: Input: default@srcpart_iceberg
POSTHOOK: Output: hdfs://### HDFS PATH ###
STAGE DEPENDENCIES:
  Stage-1 is a root stage
  Stage-0 depends on stages: Stage-1

STAGE PLANS:
  Stage: Stage-1
    Tez
#### A masked pattern was here ####
      Edges:
        Reducer 2 <- Map 1 (SIMPLE_EDGE), Map 4 (SIMPLE_EDGE)
        Reducer 3 <- Reducer 2 (CUSTOM_SIMPLE_EDGE)
#### A masked pattern was here ####
      Vertices:
        Map 1 
            Map Operator Tree:
                TableScan
                  alias: srcpart_iceberg
                  filterExpr: (ds is not null and hr is not null) (type: boolean)
                  Statistics: Num rows: 2000 Data size: 360000 Basic stats: COMPLETE Column stats: COMPLETE
                  Filter Operator
                    predicate: (ds is not null and hr is not null) (type: boolean)
                    Statistics: Num rows: 2000 Data size: 360000 Basic stats: COMPLETE Column stats: COMPLETE
                    Select Operator
                      expressions: ds (type: string), hr (type: string)
                      outputColumnNames: _col0, _col1
                      Statistics: Num rows: 2000 Data size: 360000 Basic stats: COMPLETE Column stats: COMPLETE
                      Reduce Output Operator
                        key expressions: _col0 (type: string), _col1 (type: string)
                        null sort order: zz
                        sort order: ++
                        Map-reduce partition columns: _col0 (type: string), _col1 (type: string)
                        Statistics: Num rows: 2000 Data size: 360000 Basic stats: COMPLETE Column stats: COMPLETE
            Execution mode: vectorized
        Map 4 
            Map Operator Tree:
                TableScan
                  alias: srcpart_date_hour_n0
                  filterExpr: ((date = '2008-04-08') and (UDFToDouble(hour) = 11.0D) and ds is not null and hr is not null) (type: boolean)
                  Statistics: Num rows: 4 Data size: 1440 Basic stats: COMPLETE Column stats: COMPLETE
                  Filter Operator
                    predicate: ((date = '2008-04-08') and (UDFToDouble(hour) = 11.0D) and ds is not null and hr is not null) (type: boolean)
                    Statistics: Num rows: 1 Data size: 360 Basic stats: COMPLETE Column stats: COMPLETE
                    Select Operator
                      expressions: ds (type: string), hr (type: string)
                      outputColumnNames: _col0, _col1
                      Statistics: Num rows: 1 Data size: 180 Basic stats: COMPLETE Column stats: COMPLETE
                      Reduce Output Operator
                        key expressions: _col0 (type: string), _col1 (type: string)
                        null sort order: zz
                        sort order: ++
                        Map-reduce partition columns: _col0 (type: string), _col1 (type: string)
                        Statistics: Num rows: 1 Data size: 180 Basic stats: COMPLETE Column stats: COMPLETE
                      Select Operator
                        expressions: _col0 (type: string)
                        outputColumnNames: _col0
                        Statistics: Num rows: 1 Data size: 94 Basic stats: COMPLETE Column stats: COMPLETE
                        Group By Operator
                          keys: _col0 (type: string)
                          minReductionHashAggr: 0.4
                          mode: hash
                          outputColumnNames: _col0
                          Statistics: Num rows: 1 Data size: 94 Basic stats: COMPLETE Column stats: COMPLETE
                          Dynamic Partitioning Event Operator
                            Target column: ds (string)
                            Target Input: srcpart_iceberg
                            Partition key expr: ds
                            Statistics: Num rows: 1 Data size: 94 Basic stats: COMPLETE Column stats: COMPLETE
                            Target Vertex: Map 1
                      Select Operator
                        expressions: _col1 (type: string)
                        outputColumnNames: _col0
                        Statistics: Num rows: 1 Data size: 86 Basic stats: COMPLETE Column stats: COMPLETE
                        Group By Operator
                          keys: _col0 (type: string)
                          minReductionHashAggr: 0.4
                          mode: hash
                          outputColumnNames: _col0
                          Statistics: Num rows: 1 Data size: 86 Basic stats: COMPLETE Column stats: COMPLETE
                          Dynamic Partitioning Event Operator
                            Target column: hr (string)
                            Target Input: srcpart_iceberg
                            Partition key expr: hr
                            Statistics: Num rows: 1 Data size: 86 Basic stats: COMPLETE Column stats: COMPLETE
                            Target Vertex: Map 1
            Execution mode: vectorized
        Reducer 2 
            Reduce Operator Tree:
              Merge Join Operator
                condition map:
                     Inner Join 0 to 1
                keys:
                  0 _col0 (type: string), _col1 (type: string)
                  1 _col0 (type: string), _col1 (type: string)
                Statistics: Num rows: 1000 Data size: 8000 Basic stats: COMPLETE Column stats: COMPLETE
                Group By Operator
                  aggregations: count()
                  minReductionHashAggr: 0.99
                  mode: hash
                  outputColumnNames: _col0
                  Statistics: Num rows: 1 Data size: 8 Basic stats: COMPLETE Column stats: COMPLETE
                  Reduce Output Operator
                    null sort order: 
                    sort order: 
                    Statistics: Num rows: 1 Data size: 8 Basic stats: COMPLETE Column stats: COMPLETE
                    value expressions: _col0 (type: bigint)
        Reducer 3 
            Execution mode: vectorized
            Reduce Operator Tree:
              Group By Operator
                aggregations: count(VALUE._col0)
                mode: mergepartial
                outputColumnNames: _col0
                Statistics: Num rows: 1 Data size: 8 Basic stats: COMPLETE Column stats: COMPLETE
                File Output Operator
                  compressed: false
                  Statistics: Num rows: 1 Data size: 8 Basic stats: COMPLETE Column stats: COMPLETE
                  table:
                      input format: org.apache.hadoop.mapred.SequenceFileInputFormat
                      output format: org.apache.hadoop.hive.ql.io.HiveSequenceFileOutputFormat
                      serde: org.apache.hadoop.hive.serde2.lazy.LazySimpleSerDe

  Stage: Stage-0
    Fetch Operator
      limit: -1
      Processor Tree:
        ListSink

PREHOOK: query: select count(*) from srcpart_iceberg, srcpart_date_hour_n0 where srcpart_date_hour_n0.`date` = '2008-04-08' and srcpart_date_hour_n0.hour = 11 and srcpart_iceberg.ds = srcpart_date_hour_n0.ds and srcpart_iceberg.hr = srcpart_date_hour_n0.hr
PREHOOK: type: QUERY
PREHOOK: Input: default@srcpart_date_hour_n0
PREHOOK: Input: default@srcpart_iceberg
PREHOOK: Output: hdfs://### HDFS PATH ###
POSTHOOK: query: select count(*) from srcpart_iceberg, srcpart_date_hour_n0 where srcpart_date_hour_n0.`date` = '2008-04-08' and srcpart_date_hour_n0.hour = 11 and srcpart_iceberg.ds = srcpart_date_hour_n0.ds and srcpart_iceberg.hr = srcpart_date_hour_n0.hr
POSTHOOK: type: QUERY
POSTHOOK: Input: default@srcpart_date_hour_n0
POSTHOOK: Input: default@srcpart_iceberg
POSTHOOK: Output: hdfs://### HDFS PATH ###
500
PREHOOK: query: EXPLAIN select count(*) from srcpart_iceberg join srcpart_date_n2 on (srcpart_iceberg.ds = srcpart_date_n2.ds) join srcpart_hour_n0 on (srcpart_iceberg.hr = srcpart_hour_n0.hr)
where srcpart_date_n2.`date` = '2008-04-08' and srcpart_hour_n0.hour = 11 and srcpart_iceberg.hr = 11
PREHOOK: type: QUERY
PREHOOK: Input: default@srcpart_date_n2
PREHOOK: Input: default@srcpart_hour_n0
PREHOOK: Input: default@srcpart_iceberg
PREHOOK: Output: hdfs://### HDFS PATH ###
POSTHOOK: query: EXPLAIN select count(*) from srcpart_iceberg join srcpart_date_n2 on (srcpart_iceberg.ds = srcpart_date_n2.ds) join srcpart_hour_n0 on (srcpart_iceberg.hr = srcpart_hour_n0.hr)
where srcpart_date_n2.`date` = '2008-04-08' and srcpart_hour_n0.hour = 11 and srcpart_iceberg.hr = 11
POSTHOOK: type: QUERY
POSTHOOK: Input: default@srcpart_date_n2
POSTHOOK: Input: default@srcpart_hour_n0
POSTHOOK: Input: default@srcpart_iceberg
POSTHOOK: Output: hdfs://### HDFS PATH ###
STAGE DEPENDENCIES:
  Stage-1 is a root stage
  Stage-0 depends on stages: Stage-1

STAGE PLANS:
  Stage: Stage-1
    Tez
#### A masked pattern was here ####
      Edges:
        Reducer 2 <- Map 1 (SIMPLE_EDGE), Map 5 (SIMPLE_EDGE)
        Reducer 3 <- Map 6 (SIMPLE_EDGE), Reducer 2 (SIMPLE_EDGE)
        Reducer 4 <- Reducer 3 (CUSTOM_SIMPLE_EDGE)
#### A masked pattern was here ####
      Vertices:
        Map 1 
            Map Operator Tree:
                TableScan
                  alias: srcpart_iceberg
                  filterExpr: ((UDFToDouble(hr) = 11.0D) and ds is not null) (type: boolean)
                  Statistics: Num rows: 2000 Data size: 360000 Basic stats: COMPLETE Column stats: COMPLETE
                  Filter Operator
                    predicate: ((UDFToDouble(hr) = 11.0D) and ds is not null) (type: boolean)
                    Statistics: Num rows: 1000 Data size: 180000 Basic stats: COMPLETE Column stats: COMPLETE
                    Select Operator
                      expressions: ds (type: string), hr (type: string)
                      outputColumnNames: _col0, _col1
                      Statistics: Num rows: 1000 Data size: 180000 Basic stats: COMPLETE Column stats: COMPLETE
                      Reduce Output Operator
                        key expressions: _col0 (type: string)
                        null sort order: z
                        sort order: +
                        Map-reduce partition columns: _col0 (type: string)
                        Statistics: Num rows: 1000 Data size: 180000 Basic stats: COMPLETE Column stats: COMPLETE
                        value expressions: _col1 (type: string)
            Execution mode: vectorized
        Map 5 
            Map Operator Tree:
                TableScan
                  alias: srcpart_date_n2
                  filterExpr: ((date = '2008-04-08') and ds is not null) (type: boolean)
                  Statistics: Num rows: 2 Data size: 376 Basic stats: COMPLETE Column stats: COMPLETE
                  Filter Operator
                    predicate: ((date = '2008-04-08') and ds is not null) (type: boolean)
                    Statistics: Num rows: 1 Data size: 188 Basic stats: COMPLETE Column stats: COMPLETE
                    Select Operator
                      expressions: ds (type: string)
                      outputColumnNames: _col0
                      Statistics: Num rows: 1 Data size: 94 Basic stats: COMPLETE Column stats: COMPLETE
                      Reduce Output Operator
                        key expressions: _col0 (type: string)
                        null sort order: z
                        sort order: +
                        Map-reduce partition columns: _col0 (type: string)
                        Statistics: Num rows: 1 Data size: 94 Basic stats: COMPLETE Column stats: COMPLETE
                      Select Operator
                        expressions: _col0 (type: string)
                        outputColumnNames: _col0
                        Statistics: Num rows: 1 Data size: 94 Basic stats: COMPLETE Column stats: COMPLETE
                        Group By Operator
                          keys: _col0 (type: string)
                          minReductionHashAggr: 0.4
                          mode: hash
                          outputColumnNames: _col0
                          Statistics: Num rows: 1 Data size: 94 Basic stats: COMPLETE Column stats: COMPLETE
                          Dynamic Partitioning Event Operator
                            Target column: ds (string)
                            Target Input: srcpart_iceberg
                            Partition key expr: ds
                            Statistics: Num rows: 1 Data size: 94 Basic stats: COMPLETE Column stats: COMPLETE
                            Target Vertex: Map 1
            Execution mode: vectorized
        Map 6 
            Map Operator Tree:
                TableScan
                  alias: srcpart_hour_n0
                  filterExpr: ((UDFToDouble(hour) = 11.0D) and (UDFToDouble(hr) = 11.0D)) (type: boolean)
                  Statistics: Num rows: 2 Data size: 344 Basic stats: COMPLETE Column stats: COMPLETE
                  Filter Operator
                    predicate: ((UDFToDouble(hour) = 11.0D) and (UDFToDouble(hr) = 11.0D)) (type: boolean)
                    Statistics: Num rows: 1 Data size: 172 Basic stats: COMPLETE Column stats: COMPLETE
                    Select Operator
                      expressions: hr (type: string)
                      outputColumnNames: _col0
                      Statistics: Num rows: 1 Data size: 86 Basic stats: COMPLETE Column stats: COMPLETE
                      Reduce Output Operator
                        key expressions: _col0 (type: string)
                        null sort order: z
                        sort order: +
                        Map-reduce partition columns: _col0 (type: string)
                        Statistics: Num rows: 1 Data size: 86 Basic stats: COMPLETE Column stats: COMPLETE
                      Select Operator
                        expressions: _col0 (type: string)
                        outputColumnNames: _col0
                        Statistics: Num rows: 1 Data size: 86 Basic stats: COMPLETE Column stats: COMPLETE
                        Group By Operator
                          keys: _col0 (type: string)
                          minReductionHashAggr: 0.4
                          mode: hash
                          outputColumnNames: _col0
                          Statistics: Num rows: 1 Data size: 86 Basic stats: COMPLETE Column stats: COMPLETE
                          Dynamic Partitioning Event Operator
                            Target column: hr (string)
                            Target Input: srcpart_iceberg
                            Partition key expr: hr
                            Statistics: Num rows: 1 Data size: 86 Basic stats: COMPLETE Column stats: COMPLETE
                            Target Vertex: Map 1
            Execution mode: vectorized
        Reducer 2 
            Reduce Operator Tree:
              Merge Join Operator
                condition map:
                     Inner Join 0 to 1
                keys:
                  0 _col0 (type: string)
                  1 _col0 (type: string)
                outputColumnNames: _col1
                Statistics: Num rows: 500 Data size: 43000 Basic stats: COMPLETE Column stats: COMPLETE
                Reduce Output Operator
                  key expressions: _col1 (type: string)
                  null sort order: z
                  sort order: +
                  Map-reduce partition columns: _col1 (type: string)
                  Statistics: Num rows: 500 Data size: 43000 Basic stats: COMPLETE Column stats: COMPLETE
        Reducer 3 
            Reduce Operator Tree:
              Merge Join Operator
                condition map:
                     Inner Join 0 to 1
                keys:
                  0 _col1 (type: string)
                  1 _col0 (type: string)
                Statistics: Num rows: 500 Data size: 4000 Basic stats: COMPLETE Column stats: COMPLETE
                Group By Operator
                  aggregations: count()
                  minReductionHashAggr: 0.99
                  mode: hash
                  outputColumnNames: _col0
                  Statistics: Num rows: 1 Data size: 8 Basic stats: COMPLETE Column stats: COMPLETE
                  Reduce Output Operator
                    null sort order: 
                    sort order: 
                    Statistics: Num rows: 1 Data size: 8 Basic stats: COMPLETE Column stats: COMPLETE
                    value expressions: _col0 (type: bigint)
        Reducer 4 
            Execution mode: vectorized
            Reduce Operator Tree:
              Group By Operator
                aggregations: count(VALUE._col0)
                mode: mergepartial
                outputColumnNames: _col0
                Statistics: Num rows: 1 Data size: 8 Basic stats: COMPLETE Column stats: COMPLETE
                File Output Operator
                  compressed: false
                  Statistics: Num rows: 1 Data size: 8 Basic stats: COMPLETE Column stats: COMPLETE
                  table:
                      input format: org.apache.hadoop.mapred.SequenceFileInputFormat
                      output format: org.apache.hadoop.hive.ql.io.HiveSequenceFileOutputFormat
                      serde: org.apache.hadoop.hive.serde2.lazy.LazySimpleSerDe

  Stage: Stage-0
    Fetch Operator
      limit: -1
      Processor Tree:
        ListSink

PREHOOK: query: select count(*) from srcpart_iceberg join srcpart_date_n2 on (srcpart_iceberg.ds = srcpart_date_n2.ds) join srcpart_hour_n0 on (srcpart_iceberg.hr = srcpart_hour_n0.hr)
where srcpart_date_n2.`date` = '2008-04-08' and srcpart_hour_n0.hour = 11 and srcpart_iceberg.hr = 11
PREHOOK: type: QUERY
PREHOOK: Input: default@srcpart_date_n2
PREHOOK: Input: default@srcpart_hour_n0
PREHOOK: Input: default@srcpart_iceberg
PREHOOK: Output: hdfs://### HDFS PATH ###
POSTHOOK: query: select count(*) from srcpart_iceberg join srcpart_date_n2 on (srcpart_iceberg.ds = srcpart_date_n2.ds) join srcpart_hour_n0 on (srcpart_iceberg.hr = srcpart_hour_n0.hr)
where srcpart_date_n2.`date` = '2008-04-08' and srcpart_hour_n0.hour = 11 and srcpart_iceberg.hr = 11
POSTHOOK: type: QUERY
POSTHOOK: Input: default@srcpart_date_n2
POSTHOOK: Input: default@srcpart_hour_n0
POSTHOOK: Input: default@srcpart_iceberg
POSTHOOK: Output: hdfs://### HDFS PATH ###
500
PREHOOK: query: EXPLAIN select count(*) from srcpart_iceberg join srcpart_date_n2 on (srcpart_iceberg.ds = srcpart_date_n2.ds) join srcpart_hour_n0 on (srcpart_iceberg.hr = srcpart_hour_n0.hr)
where srcpart_date_n2.`date` = '2008-04-08' and srcpart_iceberg.hr = 13
PREHOOK: type: QUERY
PREHOOK: Input: default@srcpart_date_n2
PREHOOK: Input: default@srcpart_hour_n0
PREHOOK: Input: default@srcpart_iceberg
PREHOOK: Output: hdfs://### HDFS PATH ###
POSTHOOK: query: EXPLAIN select count(*) from srcpart_iceberg join srcpart_date_n2 on (srcpart_iceberg.ds = srcpart_date_n2.ds) join srcpart_hour_n0 on (srcpart_iceberg.hr = srcpart_hour_n0.hr)
where srcpart_date_n2.`date` = '2008-04-08' and srcpart_iceberg.hr = 13
POSTHOOK: type: QUERY
POSTHOOK: Input: default@srcpart_date_n2
POSTHOOK: Input: default@srcpart_hour_n0
POSTHOOK: Input: default@srcpart_iceberg
POSTHOOK: Output: hdfs://### HDFS PATH ###
STAGE DEPENDENCIES:
  Stage-1 is a root stage
  Stage-0 depends on stages: Stage-1

STAGE PLANS:
  Stage: Stage-1
    Tez
#### A masked pattern was here ####
      Edges:
        Reducer 2 <- Map 1 (SIMPLE_EDGE), Map 5 (SIMPLE_EDGE)
        Reducer 3 <- Map 6 (SIMPLE_EDGE), Reducer 2 (SIMPLE_EDGE)
        Reducer 4 <- Reducer 3 (CUSTOM_SIMPLE_EDGE)
#### A masked pattern was here ####
      Vertices:
        Map 1 
            Map Operator Tree:
                TableScan
                  alias: srcpart_iceberg
                  filterExpr: ((UDFToDouble(hr) = 13.0D) and ds is not null) (type: boolean)
                  Statistics: Num rows: 2000 Data size: 360000 Basic stats: COMPLETE Column stats: COMPLETE
                  Filter Operator
                    predicate: ((UDFToDouble(hr) = 13.0D) and ds is not null) (type: boolean)
                    Statistics: Num rows: 1000 Data size: 180000 Basic stats: COMPLETE Column stats: COMPLETE
                    Select Operator
                      expressions: ds (type: string), hr (type: string)
                      outputColumnNames: _col0, _col1
                      Statistics: Num rows: 1000 Data size: 180000 Basic stats: COMPLETE Column stats: COMPLETE
                      Reduce Output Operator
                        key expressions: _col0 (type: string)
                        null sort order: z
                        sort order: +
                        Map-reduce partition columns: _col0 (type: string)
                        Statistics: Num rows: 1000 Data size: 180000 Basic stats: COMPLETE Column stats: COMPLETE
                        value expressions: _col1 (type: string)
            Execution mode: vectorized
        Map 5 
            Map Operator Tree:
                TableScan
                  alias: srcpart_date_n2
                  filterExpr: ((date = '2008-04-08') and ds is not null) (type: boolean)
                  Statistics: Num rows: 2 Data size: 376 Basic stats: COMPLETE Column stats: COMPLETE
                  Filter Operator
                    predicate: ((date = '2008-04-08') and ds is not null) (type: boolean)
                    Statistics: Num rows: 1 Data size: 188 Basic stats: COMPLETE Column stats: COMPLETE
                    Select Operator
                      expressions: ds (type: string)
                      outputColumnNames: _col0
                      Statistics: Num rows: 1 Data size: 94 Basic stats: COMPLETE Column stats: COMPLETE
                      Reduce Output Operator
                        key expressions: _col0 (type: string)
                        null sort order: z
                        sort order: +
                        Map-reduce partition columns: _col0 (type: string)
                        Statistics: Num rows: 1 Data size: 94 Basic stats: COMPLETE Column stats: COMPLETE
                      Select Operator
                        expressions: _col0 (type: string)
                        outputColumnNames: _col0
                        Statistics: Num rows: 1 Data size: 94 Basic stats: COMPLETE Column stats: COMPLETE
                        Group By Operator
                          keys: _col0 (type: string)
                          minReductionHashAggr: 0.4
                          mode: hash
                          outputColumnNames: _col0
                          Statistics: Num rows: 1 Data size: 94 Basic stats: COMPLETE Column stats: COMPLETE
                          Dynamic Partitioning Event Operator
                            Target column: ds (string)
                            Target Input: srcpart_iceberg
                            Partition key expr: ds
                            Statistics: Num rows: 1 Data size: 94 Basic stats: COMPLETE Column stats: COMPLETE
                            Target Vertex: Map 1
            Execution mode: vectorized
        Map 6 
            Map Operator Tree:
                TableScan
                  alias: srcpart_hour_n0
                  filterExpr: (UDFToDouble(hr) = 13.0D) (type: boolean)
                  Statistics: Num rows: 2 Data size: 172 Basic stats: COMPLETE Column stats: COMPLETE
                  Filter Operator
                    predicate: (UDFToDouble(hr) = 13.0D) (type: boolean)
                    Statistics: Num rows: 1 Data size: 86 Basic stats: COMPLETE Column stats: COMPLETE
                    Select Operator
                      expressions: hr (type: string)
                      outputColumnNames: _col0
                      Statistics: Num rows: 1 Data size: 86 Basic stats: COMPLETE Column stats: COMPLETE
                      Reduce Output Operator
                        key expressions: _col0 (type: string)
                        null sort order: z
                        sort order: +
                        Map-reduce partition columns: _col0 (type: string)
                        Statistics: Num rows: 1 Data size: 86 Basic stats: COMPLETE Column stats: COMPLETE
                      Select Operator
                        expressions: _col0 (type: string)
                        outputColumnNames: _col0
                        Statistics: Num rows: 1 Data size: 86 Basic stats: COMPLETE Column stats: COMPLETE
                        Group By Operator
                          keys: _col0 (type: string)
                          minReductionHashAggr: 0.4
                          mode: hash
                          outputColumnNames: _col0
                          Statistics: Num rows: 1 Data size: 86 Basic stats: COMPLETE Column stats: COMPLETE
                          Dynamic Partitioning Event Operator
                            Target column: hr (string)
                            Target Input: srcpart_iceberg
                            Partition key expr: hr
                            Statistics: Num rows: 1 Data size: 86 Basic stats: COMPLETE Column stats: COMPLETE
                            Target Vertex: Map 1
            Execution mode: vectorized
        Reducer 2 
            Reduce Operator Tree:
              Merge Join Operator
                condition map:
                     Inner Join 0 to 1
                keys:
                  0 _col0 (type: string)
                  1 _col0 (type: string)
                outputColumnNames: _col1
                Statistics: Num rows: 500 Data size: 43000 Basic stats: COMPLETE Column stats: COMPLETE
                Reduce Output Operator
                  key expressions: _col1 (type: string)
                  null sort order: z
                  sort order: +
                  Map-reduce partition columns: _col1 (type: string)
                  Statistics: Num rows: 500 Data size: 43000 Basic stats: COMPLETE Column stats: COMPLETE
        Reducer 3 
            Reduce Operator Tree:
              Merge Join Operator
                condition map:
                     Inner Join 0 to 1
                keys:
                  0 _col1 (type: string)
                  1 _col0 (type: string)
                Statistics: Num rows: 500 Data size: 4000 Basic stats: COMPLETE Column stats: COMPLETE
                Group By Operator
                  aggregations: count()
                  minReductionHashAggr: 0.99
                  mode: hash
                  outputColumnNames: _col0
                  Statistics: Num rows: 1 Data size: 8 Basic stats: COMPLETE Column stats: COMPLETE
                  Reduce Output Operator
                    null sort order: 
                    sort order: 
                    Statistics: Num rows: 1 Data size: 8 Basic stats: COMPLETE Column stats: COMPLETE
                    value expressions: _col0 (type: bigint)
        Reducer 4 
            Execution mode: vectorized
            Reduce Operator Tree:
              Group By Operator
                aggregations: count(VALUE._col0)
                mode: mergepartial
                outputColumnNames: _col0
                Statistics: Num rows: 1 Data size: 8 Basic stats: COMPLETE Column stats: COMPLETE
                File Output Operator
                  compressed: false
                  Statistics: Num rows: 1 Data size: 8 Basic stats: COMPLETE Column stats: COMPLETE
                  table:
                      input format: org.apache.hadoop.mapred.SequenceFileInputFormat
                      output format: org.apache.hadoop.hive.ql.io.HiveSequenceFileOutputFormat
                      serde: org.apache.hadoop.hive.serde2.lazy.LazySimpleSerDe

  Stage: Stage-0
    Fetch Operator
      limit: -1
      Processor Tree:
        ListSink

PREHOOK: query: select count(*) from srcpart_iceberg join srcpart_date_n2 on (srcpart_iceberg.ds = srcpart_date_n2.ds) join srcpart_hour_n0 on (srcpart_iceberg.hr = srcpart_hour_n0.hr)
where srcpart_date_n2.`date` = '2008-04-08' and srcpart_iceberg.hr = 13
PREHOOK: type: QUERY
PREHOOK: Input: default@srcpart_date_n2
PREHOOK: Input: default@srcpart_hour_n0
PREHOOK: Input: default@srcpart_iceberg
PREHOOK: Output: hdfs://### HDFS PATH ###
POSTHOOK: query: select count(*) from srcpart_iceberg join srcpart_date_n2 on (srcpart_iceberg.ds = srcpart_date_n2.ds) join srcpart_hour_n0 on (srcpart_iceberg.hr = srcpart_hour_n0.hr)
where srcpart_date_n2.`date` = '2008-04-08' and srcpart_iceberg.hr = 13
POSTHOOK: type: QUERY
POSTHOOK: Input: default@srcpart_date_n2
POSTHOOK: Input: default@srcpart_hour_n0
POSTHOOK: Input: default@srcpart_iceberg
POSTHOOK: Output: hdfs://### HDFS PATH ###
0
PREHOOK: query: EXPLAIN select count(*) from srcpart_iceberg where srcpart_iceberg.ds in (select max(srcpart_iceberg.ds) from srcpart_iceberg union all select min(srcpart_iceberg.ds) from srcpart_iceberg)
PREHOOK: type: QUERY
PREHOOK: Input: default@srcpart_iceberg
PREHOOK: Output: hdfs://### HDFS PATH ###
POSTHOOK: query: EXPLAIN select count(*) from srcpart_iceberg where srcpart_iceberg.ds in (select max(srcpart_iceberg.ds) from srcpart_iceberg union all select min(srcpart_iceberg.ds) from srcpart_iceberg)
POSTHOOK: type: QUERY
POSTHOOK: Input: default@srcpart_iceberg
POSTHOOK: Output: hdfs://### HDFS PATH ###
STAGE DEPENDENCIES:
  Stage-1 is a root stage
  Stage-0 depends on stages: Stage-1

STAGE PLANS:
  Stage: Stage-1
    Tez
#### A masked pattern was here ####
      Edges:
        Reducer 2 <- Map 1 (SIMPLE_EDGE), Union 6 (SIMPLE_EDGE)
        Reducer 3 <- Reducer 2 (CUSTOM_SIMPLE_EDGE)
        Reducer 5 <- Map 4 (CUSTOM_SIMPLE_EDGE), Union 6 (CONTAINS)
        Reducer 8 <- Map 7 (CUSTOM_SIMPLE_EDGE), Union 6 (CONTAINS)
#### A masked pattern was here ####
      Vertices:
        Map 1 
            Map Operator Tree:
                TableScan
                  alias: srcpart_iceberg
                  filterExpr: ds is not null (type: boolean)
                  Statistics: Num rows: 2000 Data size: 188000 Basic stats: COMPLETE Column stats: COMPLETE
                  Filter Operator
                    predicate: ds is not null (type: boolean)
                    Statistics: Num rows: 2000 Data size: 188000 Basic stats: COMPLETE Column stats: COMPLETE
                    Select Operator
                      expressions: ds (type: string)
                      outputColumnNames: _col0
                      Statistics: Num rows: 2000 Data size: 188000 Basic stats: COMPLETE Column stats: COMPLETE
                      Reduce Output Operator
                        key expressions: _col0 (type: string)
                        null sort order: z
                        sort order: +
                        Map-reduce partition columns: _col0 (type: string)
                        Statistics: Num rows: 2000 Data size: 188000 Basic stats: COMPLETE Column stats: COMPLETE
            Execution mode: vectorized
        Map 4 
            Map Operator Tree:
                TableScan
                  alias: srcpart_iceberg
                  Statistics: Num rows: 2000 Data size: 188000 Basic stats: COMPLETE Column stats: COMPLETE
                  Select Operator
                    expressions: ds (type: string)
                    outputColumnNames: ds
                    Statistics: Num rows: 2000 Data size: 188000 Basic stats: COMPLETE Column stats: COMPLETE
                    Group By Operator
                      aggregations: max(ds)
                      minReductionHashAggr: 0.99
                      mode: hash
                      outputColumnNames: _col0
                      Statistics: Num rows: 1 Data size: 184 Basic stats: COMPLETE Column stats: COMPLETE
                      Reduce Output Operator
                        null sort order: 
                        sort order: 
                        Statistics: Num rows: 1 Data size: 184 Basic stats: COMPLETE Column stats: COMPLETE
                        value expressions: _col0 (type: string)
            Execution mode: vectorized
        Map 7 
            Map Operator Tree:
                TableScan
                  alias: srcpart_iceberg
                  Statistics: Num rows: 2000 Data size: 188000 Basic stats: COMPLETE Column stats: COMPLETE
                  Select Operator
                    expressions: ds (type: string)
                    outputColumnNames: ds
                    Statistics: Num rows: 2000 Data size: 188000 Basic stats: COMPLETE Column stats: COMPLETE
                    Group By Operator
                      aggregations: min(ds)
                      minReductionHashAggr: 0.99
                      mode: hash
                      outputColumnNames: _col0
                      Statistics: Num rows: 1 Data size: 184 Basic stats: COMPLETE Column stats: COMPLETE
                      Reduce Output Operator
                        null sort order: 
                        sort order: 
                        Statistics: Num rows: 1 Data size: 184 Basic stats: COMPLETE Column stats: COMPLETE
                        value expressions: _col0 (type: string)
            Execution mode: vectorized
        Reducer 2 
            Reduce Operator Tree:
              Merge Join Operator
                condition map:
                     Left Semi Join 0 to 1
                keys:
                  0 _col0 (type: string)
                  1 _col0 (type: string)
                Statistics: Num rows: 1000 Data size: 8000 Basic stats: COMPLETE Column stats: COMPLETE
                Group By Operator
                  aggregations: count()
                  minReductionHashAggr: 0.99
                  mode: hash
                  outputColumnNames: _col0
                  Statistics: Num rows: 1 Data size: 8 Basic stats: COMPLETE Column stats: COMPLETE
                  Reduce Output Operator
                    null sort order: 
                    sort order: 
                    Statistics: Num rows: 1 Data size: 8 Basic stats: COMPLETE Column stats: COMPLETE
                    value expressions: _col0 (type: bigint)
        Reducer 3 
            Execution mode: vectorized
            Reduce Operator Tree:
              Group By Operator
                aggregations: count(VALUE._col0)
                mode: mergepartial
                outputColumnNames: _col0
                Statistics: Num rows: 1 Data size: 8 Basic stats: COMPLETE Column stats: COMPLETE
                File Output Operator
                  compressed: false
                  Statistics: Num rows: 1 Data size: 8 Basic stats: COMPLETE Column stats: COMPLETE
                  table:
                      input format: org.apache.hadoop.mapred.SequenceFileInputFormat
                      output format: org.apache.hadoop.hive.ql.io.HiveSequenceFileOutputFormat
                      serde: org.apache.hadoop.hive.serde2.lazy.LazySimpleSerDe
        Reducer 5 
            Execution mode: vectorized
            Reduce Operator Tree:
              Group By Operator
                aggregations: max(VALUE._col0)
                mode: mergepartial
                outputColumnNames: _col0
                Statistics: Num rows: 1 Data size: 184 Basic stats: COMPLETE Column stats: COMPLETE
                Filter Operator
                  predicate: _col0 is not null (type: boolean)
                  Statistics: Num rows: 1 Data size: 184 Basic stats: COMPLETE Column stats: COMPLETE
                  Group By Operator
                    keys: _col0 (type: string)
                    minReductionHashAggr: 0.5
                    mode: hash
                    outputColumnNames: _col0
                    Statistics: Num rows: 1 Data size: 184 Basic stats: COMPLETE Column stats: COMPLETE
                    Reduce Output Operator
                      key expressions: _col0 (type: string)
                      null sort order: z
                      sort order: +
                      Map-reduce partition columns: _col0 (type: string)
                      Statistics: Num rows: 1 Data size: 184 Basic stats: COMPLETE Column stats: COMPLETE
                    Select Operator
                      expressions: _col0 (type: string)
                      outputColumnNames: _col0
                      Statistics: Num rows: 1 Data size: 184 Basic stats: COMPLETE Column stats: COMPLETE
                      Group By Operator
                        keys: _col0 (type: string)
                        minReductionHashAggr: 0.4
                        mode: hash
                        outputColumnNames: _col0
                        Statistics: Num rows: 1 Data size: 184 Basic stats: COMPLETE Column stats: COMPLETE
                        Dynamic Partitioning Event Operator
                          Target column: ds (string)
                          Target Input: srcpart_iceberg
                          Partition key expr: ds
                          Statistics: Num rows: 1 Data size: 184 Basic stats: COMPLETE Column stats: COMPLETE
                          Target Vertex: Map 1
        Reducer 8 
            Execution mode: vectorized
            Reduce Operator Tree:
              Group By Operator
                aggregations: min(VALUE._col0)
                mode: mergepartial
                outputColumnNames: _col0
                Statistics: Num rows: 1 Data size: 184 Basic stats: COMPLETE Column stats: COMPLETE
                Filter Operator
                  predicate: _col0 is not null (type: boolean)
                  Statistics: Num rows: 1 Data size: 184 Basic stats: COMPLETE Column stats: COMPLETE
                  Group By Operator
                    keys: _col0 (type: string)
                    minReductionHashAggr: 0.5
                    mode: hash
                    outputColumnNames: _col0
                    Statistics: Num rows: 1 Data size: 184 Basic stats: COMPLETE Column stats: COMPLETE
                    Reduce Output Operator
                      key expressions: _col0 (type: string)
                      null sort order: z
                      sort order: +
                      Map-reduce partition columns: _col0 (type: string)
                      Statistics: Num rows: 1 Data size: 184 Basic stats: COMPLETE Column stats: COMPLETE
                    Select Operator
                      expressions: _col0 (type: string)
                      outputColumnNames: _col0
                      Statistics: Num rows: 1 Data size: 184 Basic stats: COMPLETE Column stats: COMPLETE
                      Group By Operator
                        keys: _col0 (type: string)
                        minReductionHashAggr: 0.4
                        mode: hash
                        outputColumnNames: _col0
                        Statistics: Num rows: 1 Data size: 184 Basic stats: COMPLETE Column stats: COMPLETE
                        Dynamic Partitioning Event Operator
                          Target column: ds (string)
                          Target Input: srcpart_iceberg
                          Partition key expr: ds
                          Statistics: Num rows: 1 Data size: 184 Basic stats: COMPLETE Column stats: COMPLETE
                          Target Vertex: Map 1
        Union 6 
            Vertex: Union 6

  Stage: Stage-0
    Fetch Operator
      limit: -1
      Processor Tree:
        ListSink

PREHOOK: query: select count(*) from srcpart_iceberg where srcpart_iceberg.ds in (select max(srcpart_iceberg.ds) from srcpart_iceberg union all select min(srcpart_iceberg.ds) from srcpart_iceberg)
PREHOOK: type: QUERY
PREHOOK: Input: default@srcpart_iceberg
PREHOOK: Output: hdfs://### HDFS PATH ###
POSTHOOK: query: select count(*) from srcpart_iceberg where srcpart_iceberg.ds in (select max(srcpart_iceberg.ds) from srcpart_iceberg union all select min(srcpart_iceberg.ds) from srcpart_iceberg)
POSTHOOK: type: QUERY
POSTHOOK: Input: default@srcpart_iceberg
POSTHOOK: Output: hdfs://### HDFS PATH ###
2000
PREHOOK: query: EXPLAIN select distinct(ds) from srcpart_iceberg where srcpart_iceberg.ds in (select max(srcpart_iceberg.ds) from srcpart_iceberg union all select min(srcpart_iceberg.ds) from srcpart_iceberg)
PREHOOK: type: QUERY
PREHOOK: Input: default@srcpart_iceberg
PREHOOK: Output: hdfs://### HDFS PATH ###
POSTHOOK: query: EXPLAIN select distinct(ds) from srcpart_iceberg where srcpart_iceberg.ds in (select max(srcpart_iceberg.ds) from srcpart_iceberg union all select min(srcpart_iceberg.ds) from srcpart_iceberg)
POSTHOOK: type: QUERY
POSTHOOK: Input: default@srcpart_iceberg
POSTHOOK: Output: hdfs://### HDFS PATH ###
STAGE DEPENDENCIES:
  Stage-1 is a root stage
  Stage-0 depends on stages: Stage-1

STAGE PLANS:
  Stage: Stage-1
    Tez
#### A masked pattern was here ####
      Edges:
        Reducer 2 <- Map 1 (SIMPLE_EDGE), Union 6 (SIMPLE_EDGE)
        Reducer 3 <- Reducer 2 (SIMPLE_EDGE)
        Reducer 5 <- Map 4 (CUSTOM_SIMPLE_EDGE), Union 6 (CONTAINS)
        Reducer 8 <- Map 7 (CUSTOM_SIMPLE_EDGE), Union 6 (CONTAINS)
#### A masked pattern was here ####
      Vertices:
        Map 1 
            Map Operator Tree:
                TableScan
                  alias: srcpart_iceberg
                  filterExpr: ds is not null (type: boolean)
                  Statistics: Num rows: 2000 Data size: 188000 Basic stats: COMPLETE Column stats: COMPLETE
                  Filter Operator
                    predicate: ds is not null (type: boolean)
                    Statistics: Num rows: 2000 Data size: 188000 Basic stats: COMPLETE Column stats: COMPLETE
                    Select Operator
                      expressions: ds (type: string)
                      outputColumnNames: _col0
                      Statistics: Num rows: 2000 Data size: 188000 Basic stats: COMPLETE Column stats: COMPLETE
                      Reduce Output Operator
                        key expressions: _col0 (type: string)
                        null sort order: z
                        sort order: +
                        Map-reduce partition columns: _col0 (type: string)
                        Statistics: Num rows: 2000 Data size: 188000 Basic stats: COMPLETE Column stats: COMPLETE
            Execution mode: vectorized
        Map 4 
            Map Operator Tree:
                TableScan
                  alias: srcpart_iceberg
                  Statistics: Num rows: 2000 Data size: 188000 Basic stats: COMPLETE Column stats: COMPLETE
                  Select Operator
                    expressions: ds (type: string)
                    outputColumnNames: ds
                    Statistics: Num rows: 2000 Data size: 188000 Basic stats: COMPLETE Column stats: COMPLETE
                    Group By Operator
                      aggregations: max(ds)
                      minReductionHashAggr: 0.99
                      mode: hash
                      outputColumnNames: _col0
                      Statistics: Num rows: 1 Data size: 184 Basic stats: COMPLETE Column stats: COMPLETE
                      Reduce Output Operator
                        null sort order: 
                        sort order: 
                        Statistics: Num rows: 1 Data size: 184 Basic stats: COMPLETE Column stats: COMPLETE
                        value expressions: _col0 (type: string)
            Execution mode: vectorized
        Map 7 
            Map Operator Tree:
                TableScan
                  alias: srcpart_iceberg
                  Statistics: Num rows: 2000 Data size: 188000 Basic stats: COMPLETE Column stats: COMPLETE
                  Select Operator
                    expressions: ds (type: string)
                    outputColumnNames: ds
                    Statistics: Num rows: 2000 Data size: 188000 Basic stats: COMPLETE Column stats: COMPLETE
                    Group By Operator
                      aggregations: min(ds)
                      minReductionHashAggr: 0.99
                      mode: hash
                      outputColumnNames: _col0
                      Statistics: Num rows: 1 Data size: 184 Basic stats: COMPLETE Column stats: COMPLETE
                      Reduce Output Operator
                        null sort order: 
                        sort order: 
                        Statistics: Num rows: 1 Data size: 184 Basic stats: COMPLETE Column stats: COMPLETE
                        value expressions: _col0 (type: string)
            Execution mode: vectorized
        Reducer 2 
            Reduce Operator Tree:
              Merge Join Operator
                condition map:
                     Left Semi Join 0 to 1
                keys:
                  0 _col0 (type: string)
                  1 _col0 (type: string)
                outputColumnNames: _col0
                Statistics: Num rows: 1000 Data size: 94000 Basic stats: COMPLETE Column stats: COMPLETE
                Group By Operator
                  keys: _col0 (type: string)
                  minReductionHashAggr: 0.99
                  mode: hash
                  outputColumnNames: _col0
                  Statistics: Num rows: 1 Data size: 94 Basic stats: COMPLETE Column stats: COMPLETE
                  Reduce Output Operator
                    key expressions: _col0 (type: string)
                    null sort order: z
                    sort order: +
                    Map-reduce partition columns: _col0 (type: string)
                    Statistics: Num rows: 1 Data size: 94 Basic stats: COMPLETE Column stats: COMPLETE
        Reducer 3 
            Execution mode: vectorized
            Reduce Operator Tree:
              Group By Operator
                keys: KEY._col0 (type: string)
                mode: mergepartial
                outputColumnNames: _col0
                Statistics: Num rows: 1 Data size: 94 Basic stats: COMPLETE Column stats: COMPLETE
                File Output Operator
                  compressed: false
                  Statistics: Num rows: 1 Data size: 94 Basic stats: COMPLETE Column stats: COMPLETE
                  table:
                      input format: org.apache.hadoop.mapred.SequenceFileInputFormat
                      output format: org.apache.hadoop.hive.ql.io.HiveSequenceFileOutputFormat
                      serde: org.apache.hadoop.hive.serde2.lazy.LazySimpleSerDe
        Reducer 5 
            Execution mode: vectorized
            Reduce Operator Tree:
              Group By Operator
                aggregations: max(VALUE._col0)
                mode: mergepartial
                outputColumnNames: _col0
                Statistics: Num rows: 1 Data size: 184 Basic stats: COMPLETE Column stats: COMPLETE
                Filter Operator
                  predicate: _col0 is not null (type: boolean)
                  Statistics: Num rows: 1 Data size: 184 Basic stats: COMPLETE Column stats: COMPLETE
                  Group By Operator
                    keys: _col0 (type: string)
                    minReductionHashAggr: 0.5
                    mode: hash
                    outputColumnNames: _col0
                    Statistics: Num rows: 1 Data size: 184 Basic stats: COMPLETE Column stats: COMPLETE
                    Reduce Output Operator
                      key expressions: _col0 (type: string)
                      null sort order: z
                      sort order: +
                      Map-reduce partition columns: _col0 (type: string)
                      Statistics: Num rows: 1 Data size: 184 Basic stats: COMPLETE Column stats: COMPLETE
                    Select Operator
                      expressions: _col0 (type: string)
                      outputColumnNames: _col0
                      Statistics: Num rows: 1 Data size: 184 Basic stats: COMPLETE Column stats: COMPLETE
                      Group By Operator
                        keys: _col0 (type: string)
                        minReductionHashAggr: 0.4
                        mode: hash
                        outputColumnNames: _col0
                        Statistics: Num rows: 1 Data size: 184 Basic stats: COMPLETE Column stats: COMPLETE
                        Dynamic Partitioning Event Operator
                          Target column: ds (string)
                          Target Input: srcpart_iceberg
                          Partition key expr: ds
                          Statistics: Num rows: 1 Data size: 184 Basic stats: COMPLETE Column stats: COMPLETE
                          Target Vertex: Map 1
        Reducer 8 
            Execution mode: vectorized
            Reduce Operator Tree:
              Group By Operator
                aggregations: min(VALUE._col0)
                mode: mergepartial
                outputColumnNames: _col0
                Statistics: Num rows: 1 Data size: 184 Basic stats: COMPLETE Column stats: COMPLETE
                Filter Operator
                  predicate: _col0 is not null (type: boolean)
                  Statistics: Num rows: 1 Data size: 184 Basic stats: COMPLETE Column stats: COMPLETE
                  Group By Operator
                    keys: _col0 (type: string)
                    minReductionHashAggr: 0.5
                    mode: hash
                    outputColumnNames: _col0
                    Statistics: Num rows: 1 Data size: 184 Basic stats: COMPLETE Column stats: COMPLETE
                    Reduce Output Operator
                      key expressions: _col0 (type: string)
                      null sort order: z
                      sort order: +
                      Map-reduce partition columns: _col0 (type: string)
                      Statistics: Num rows: 1 Data size: 184 Basic stats: COMPLETE Column stats: COMPLETE
                    Select Operator
                      expressions: _col0 (type: string)
                      outputColumnNames: _col0
                      Statistics: Num rows: 1 Data size: 184 Basic stats: COMPLETE Column stats: COMPLETE
                      Group By Operator
                        keys: _col0 (type: string)
                        minReductionHashAggr: 0.4
                        mode: hash
                        outputColumnNames: _col0
                        Statistics: Num rows: 1 Data size: 184 Basic stats: COMPLETE Column stats: COMPLETE
                        Dynamic Partitioning Event Operator
                          Target column: ds (string)
                          Target Input: srcpart_iceberg
                          Partition key expr: ds
                          Statistics: Num rows: 1 Data size: 184 Basic stats: COMPLETE Column stats: COMPLETE
                          Target Vertex: Map 1
        Union 6 
            Vertex: Union 6

  Stage: Stage-0
    Fetch Operator
      limit: -1
      Processor Tree:
        ListSink

PREHOOK: query: select distinct(ds) from srcpart_iceberg where srcpart_iceberg.ds in (select max(srcpart_iceberg.ds) from srcpart_iceberg union all select min(srcpart_iceberg.ds) from srcpart_iceberg)
PREHOOK: type: QUERY
PREHOOK: Input: default@srcpart_iceberg
PREHOOK: Output: hdfs://### HDFS PATH ###
POSTHOOK: query: select distinct(ds) from srcpart_iceberg where srcpart_iceberg.ds in (select max(srcpart_iceberg.ds) from srcpart_iceberg union all select min(srcpart_iceberg.ds) from srcpart_iceberg)
POSTHOOK: type: QUERY
POSTHOOK: Input: default@srcpart_iceberg
POSTHOOK: Output: hdfs://### HDFS PATH ###
2008-04-08
2008-04-09
PREHOOK: query: EXPLAIN select ds from (select distinct(ds) as ds from srcpart_iceberg union all select distinct(ds) as ds from srcpart_iceberg) s where s.ds in (select max(srcpart_iceberg.ds) from srcpart_iceberg union all select min(srcpart_iceberg.ds) from srcpart_iceberg)
PREHOOK: type: QUERY
PREHOOK: Input: default@srcpart_iceberg
PREHOOK: Output: hdfs://### HDFS PATH ###
POSTHOOK: query: EXPLAIN select ds from (select distinct(ds) as ds from srcpart_iceberg union all select distinct(ds) as ds from srcpart_iceberg) s where s.ds in (select max(srcpart_iceberg.ds) from srcpart_iceberg union all select min(srcpart_iceberg.ds) from srcpart_iceberg)
POSTHOOK: type: QUERY
POSTHOOK: Input: default@srcpart_iceberg
POSTHOOK: Output: hdfs://### HDFS PATH ###
STAGE DEPENDENCIES:
  Stage-1 is a root stage
  Stage-0 depends on stages: Stage-1

STAGE PLANS:
  Stage: Stage-1
    Tez
#### A masked pattern was here ####
      Edges:
        Reducer 11 <- Map 10 (CUSTOM_SIMPLE_EDGE), Union 9 (CONTAINS)
        Reducer 2 <- Map 1 (SIMPLE_EDGE), Union 3 (CONTAINS)
        Reducer 4 <- Union 3 (SIMPLE_EDGE), Union 9 (SIMPLE_EDGE)
        Reducer 6 <- Map 5 (SIMPLE_EDGE), Union 3 (CONTAINS)
        Reducer 8 <- Map 7 (CUSTOM_SIMPLE_EDGE), Union 9 (CONTAINS)
#### A masked pattern was here ####
      Vertices:
        Map 1 
            Map Operator Tree:
                TableScan
                  alias: srcpart_iceberg
                  filterExpr: ds is not null (type: boolean)
                  Statistics: Num rows: 2000 Data size: 188000 Basic stats: COMPLETE Column stats: COMPLETE
                  Filter Operator
                    predicate: ds is not null (type: boolean)
                    Statistics: Num rows: 2000 Data size: 188000 Basic stats: COMPLETE Column stats: COMPLETE
                    Group By Operator
                      keys: ds (type: string)
                      minReductionHashAggr: 0.99
                      mode: hash
                      outputColumnNames: _col0
                      Statistics: Num rows: 2 Data size: 188 Basic stats: COMPLETE Column stats: COMPLETE
                      Reduce Output Operator
                        key expressions: _col0 (type: string)
                        null sort order: z
                        sort order: +
                        Map-reduce partition columns: _col0 (type: string)
                        Statistics: Num rows: 2 Data size: 188 Basic stats: COMPLETE Column stats: COMPLETE
            Execution mode: vectorized
        Map 10 
            Map Operator Tree:
                TableScan
                  alias: srcpart_iceberg
                  Statistics: Num rows: 2000 Data size: 188000 Basic stats: COMPLETE Column stats: COMPLETE
                  Select Operator
                    expressions: ds (type: string)
                    outputColumnNames: ds
                    Statistics: Num rows: 2000 Data size: 188000 Basic stats: COMPLETE Column stats: COMPLETE
                    Group By Operator
                      aggregations: min(ds)
                      minReductionHashAggr: 0.99
                      mode: hash
                      outputColumnNames: _col0
                      Statistics: Num rows: 1 Data size: 184 Basic stats: COMPLETE Column stats: COMPLETE
                      Reduce Output Operator
                        null sort order: 
                        sort order: 
                        Statistics: Num rows: 1 Data size: 184 Basic stats: COMPLETE Column stats: COMPLETE
                        value expressions: _col0 (type: string)
            Execution mode: vectorized
        Map 5 
            Map Operator Tree:
                TableScan
                  alias: srcpart_iceberg
                  filterExpr: ds is not null (type: boolean)
                  Statistics: Num rows: 2000 Data size: 188000 Basic stats: COMPLETE Column stats: COMPLETE
                  Filter Operator
                    predicate: ds is not null (type: boolean)
                    Statistics: Num rows: 2000 Data size: 188000 Basic stats: COMPLETE Column stats: COMPLETE
                    Group By Operator
                      keys: ds (type: string)
                      minReductionHashAggr: 0.99
                      mode: hash
                      outputColumnNames: _col0
                      Statistics: Num rows: 2 Data size: 188 Basic stats: COMPLETE Column stats: COMPLETE
                      Reduce Output Operator
                        key expressions: _col0 (type: string)
                        null sort order: z
                        sort order: +
                        Map-reduce partition columns: _col0 (type: string)
                        Statistics: Num rows: 2 Data size: 188 Basic stats: COMPLETE Column stats: COMPLETE
            Execution mode: vectorized
        Map 7 
            Map Operator Tree:
                TableScan
                  alias: srcpart_iceberg
                  Statistics: Num rows: 2000 Data size: 188000 Basic stats: COMPLETE Column stats: COMPLETE
                  Select Operator
                    expressions: ds (type: string)
                    outputColumnNames: ds
                    Statistics: Num rows: 2000 Data size: 188000 Basic stats: COMPLETE Column stats: COMPLETE
                    Group By Operator
                      aggregations: max(ds)
                      minReductionHashAggr: 0.99
                      mode: hash
                      outputColumnNames: _col0
                      Statistics: Num rows: 1 Data size: 184 Basic stats: COMPLETE Column stats: COMPLETE
                      Reduce Output Operator
                        null sort order: 
                        sort order: 
                        Statistics: Num rows: 1 Data size: 184 Basic stats: COMPLETE Column stats: COMPLETE
                        value expressions: _col0 (type: string)
            Execution mode: vectorized
        Reducer 11 
            Execution mode: vectorized
            Reduce Operator Tree:
              Group By Operator
                aggregations: min(VALUE._col0)
                mode: mergepartial
                outputColumnNames: _col0
                Statistics: Num rows: 1 Data size: 184 Basic stats: COMPLETE Column stats: COMPLETE
                Filter Operator
                  predicate: _col0 is not null (type: boolean)
                  Statistics: Num rows: 1 Data size: 184 Basic stats: COMPLETE Column stats: COMPLETE
                  Group By Operator
                    keys: _col0 (type: string)
                    minReductionHashAggr: 0.5
                    mode: hash
                    outputColumnNames: _col0
                    Statistics: Num rows: 1 Data size: 184 Basic stats: COMPLETE Column stats: COMPLETE
                    Reduce Output Operator
                      key expressions: _col0 (type: string)
                      null sort order: z
                      sort order: +
                      Map-reduce partition columns: _col0 (type: string)
                      Statistics: Num rows: 1 Data size: 184 Basic stats: COMPLETE Column stats: COMPLETE
                    Select Operator
                      expressions: _col0 (type: string)
                      outputColumnNames: _col0
                      Statistics: Num rows: 1 Data size: 184 Basic stats: COMPLETE Column stats: COMPLETE
                      Group By Operator
                        keys: _col0 (type: string)
                        minReductionHashAggr: 0.4
                        mode: hash
                        outputColumnNames: _col0
                        Statistics: Num rows: 1 Data size: 184 Basic stats: COMPLETE Column stats: COMPLETE
                        Dynamic Partitioning Event Operator
                          Target column: ds (string)
                          Target Input: srcpart_iceberg
                          Partition key expr: ds
                          Statistics: Num rows: 1 Data size: 184 Basic stats: COMPLETE Column stats: COMPLETE
                          Target Vertex: Map 1
                    Select Operator
                      expressions: _col0 (type: string)
                      outputColumnNames: _col0
                      Statistics: Num rows: 1 Data size: 184 Basic stats: COMPLETE Column stats: COMPLETE
                      Group By Operator
                        keys: _col0 (type: string)
                        minReductionHashAggr: 0.4
                        mode: hash
                        outputColumnNames: _col0
                        Statistics: Num rows: 1 Data size: 184 Basic stats: COMPLETE Column stats: COMPLETE
                        Dynamic Partitioning Event Operator
                          Target column: ds (string)
                          Target Input: srcpart_iceberg
                          Partition key expr: ds
                          Statistics: Num rows: 1 Data size: 184 Basic stats: COMPLETE Column stats: COMPLETE
                          Target Vertex: Map 5
        Reducer 2 
            Execution mode: vectorized
            Reduce Operator Tree:
              Group By Operator
                keys: KEY._col0 (type: string)
                mode: mergepartial
                outputColumnNames: _col0
                Statistics: Num rows: 2 Data size: 188 Basic stats: COMPLETE Column stats: COMPLETE
                Reduce Output Operator
                  key expressions: _col0 (type: string)
                  null sort order: z
                  sort order: +
                  Map-reduce partition columns: _col0 (type: string)
                  Statistics: Num rows: 4 Data size: 376 Basic stats: COMPLETE Column stats: COMPLETE
        Reducer 4 
            Reduce Operator Tree:
              Merge Join Operator
                condition map:
                     Left Semi Join 0 to 1
                keys:
                  0 _col0 (type: string)
                  1 _col0 (type: string)
                outputColumnNames: _col0
                Statistics: Num rows: 2 Data size: 188 Basic stats: COMPLETE Column stats: COMPLETE
                File Output Operator
                  compressed: false
                  Statistics: Num rows: 2 Data size: 188 Basic stats: COMPLETE Column stats: COMPLETE
                  table:
                      input format: org.apache.hadoop.mapred.SequenceFileInputFormat
                      output format: org.apache.hadoop.hive.ql.io.HiveSequenceFileOutputFormat
                      serde: org.apache.hadoop.hive.serde2.lazy.LazySimpleSerDe
        Reducer 6 
            Execution mode: vectorized
            Reduce Operator Tree:
              Group By Operator
                keys: KEY._col0 (type: string)
                mode: mergepartial
                outputColumnNames: _col0
                Statistics: Num rows: 2 Data size: 188 Basic stats: COMPLETE Column stats: COMPLETE
                Reduce Output Operator
                  key expressions: _col0 (type: string)
                  null sort order: z
                  sort order: +
                  Map-reduce partition columns: _col0 (type: string)
                  Statistics: Num rows: 4 Data size: 376 Basic stats: COMPLETE Column stats: COMPLETE
        Reducer 8 
            Execution mode: vectorized
            Reduce Operator Tree:
              Group By Operator
                aggregations: max(VALUE._col0)
                mode: mergepartial
                outputColumnNames: _col0
                Statistics: Num rows: 1 Data size: 184 Basic stats: COMPLETE Column stats: COMPLETE
                Filter Operator
                  predicate: _col0 is not null (type: boolean)
                  Statistics: Num rows: 1 Data size: 184 Basic stats: COMPLETE Column stats: COMPLETE
                  Group By Operator
                    keys: _col0 (type: string)
                    minReductionHashAggr: 0.5
                    mode: hash
                    outputColumnNames: _col0
                    Statistics: Num rows: 1 Data size: 184 Basic stats: COMPLETE Column stats: COMPLETE
                    Reduce Output Operator
                      key expressions: _col0 (type: string)
                      null sort order: z
                      sort order: +
                      Map-reduce partition columns: _col0 (type: string)
                      Statistics: Num rows: 1 Data size: 184 Basic stats: COMPLETE Column stats: COMPLETE
                    Select Operator
                      expressions: _col0 (type: string)
                      outputColumnNames: _col0
                      Statistics: Num rows: 1 Data size: 184 Basic stats: COMPLETE Column stats: COMPLETE
                      Group By Operator
                        keys: _col0 (type: string)
                        minReductionHashAggr: 0.4
                        mode: hash
                        outputColumnNames: _col0
                        Statistics: Num rows: 1 Data size: 184 Basic stats: COMPLETE Column stats: COMPLETE
                        Dynamic Partitioning Event Operator
                          Target column: ds (string)
                          Target Input: srcpart_iceberg
                          Partition key expr: ds
                          Statistics: Num rows: 1 Data size: 184 Basic stats: COMPLETE Column stats: COMPLETE
                          Target Vertex: Map 1
                    Select Operator
                      expressions: _col0 (type: string)
                      outputColumnNames: _col0
                      Statistics: Num rows: 1 Data size: 184 Basic stats: COMPLETE Column stats: COMPLETE
                      Group By Operator
                        keys: _col0 (type: string)
                        minReductionHashAggr: 0.4
                        mode: hash
                        outputColumnNames: _col0
                        Statistics: Num rows: 1 Data size: 184 Basic stats: COMPLETE Column stats: COMPLETE
                        Dynamic Partitioning Event Operator
                          Target column: ds (string)
                          Target Input: srcpart_iceberg
                          Partition key expr: ds
                          Statistics: Num rows: 1 Data size: 184 Basic stats: COMPLETE Column stats: COMPLETE
                          Target Vertex: Map 5
        Union 3 
            Vertex: Union 3
        Union 9 
            Vertex: Union 9

  Stage: Stage-0
    Fetch Operator
      limit: -1
      Processor Tree:
        ListSink

PREHOOK: query: select ds from (select distinct(ds) as ds from srcpart_iceberg union all select distinct(ds) as ds from srcpart_iceberg) s where s.ds in (select max(srcpart_iceberg.ds) from srcpart_iceberg union all select min(srcpart_iceberg.ds) from srcpart_iceberg)
PREHOOK: type: QUERY
PREHOOK: Input: default@srcpart_iceberg
PREHOOK: Output: hdfs://### HDFS PATH ###
POSTHOOK: query: select ds from (select distinct(ds) as ds from srcpart_iceberg union all select distinct(ds) as ds from srcpart_iceberg) s where s.ds in (select max(srcpart_iceberg.ds) from srcpart_iceberg union all select min(srcpart_iceberg.ds) from srcpart_iceberg)
POSTHOOK: type: QUERY
POSTHOOK: Input: default@srcpart_iceberg
POSTHOOK: Output: hdfs://### HDFS PATH ###
2008-04-08
2008-04-08
2008-04-09
2008-04-09
PREHOOK: query: EXPLAIN select count(*) from srcpart_iceberg join srcpart_date_n2 on (srcpart_iceberg.ds = srcpart_date_n2.ds) where srcpart_date_n2.`date` = '2008-04-08'
PREHOOK: type: QUERY
PREHOOK: Input: default@srcpart_date_n2
PREHOOK: Input: default@srcpart_iceberg
PREHOOK: Output: hdfs://### HDFS PATH ###
POSTHOOK: query: EXPLAIN select count(*) from srcpart_iceberg join srcpart_date_n2 on (srcpart_iceberg.ds = srcpart_date_n2.ds) where srcpart_date_n2.`date` = '2008-04-08'
POSTHOOK: type: QUERY
POSTHOOK: Input: default@srcpart_date_n2
POSTHOOK: Input: default@srcpart_iceberg
POSTHOOK: Output: hdfs://### HDFS PATH ###
STAGE DEPENDENCIES:
  Stage-1 is a root stage
  Stage-0 depends on stages: Stage-1

STAGE PLANS:
  Stage: Stage-1
    Tez
#### A masked pattern was here ####
      Edges:
        Map 1 <- Map 3 (BROADCAST_EDGE)
        Reducer 2 <- Map 1 (CUSTOM_SIMPLE_EDGE)
#### A masked pattern was here ####
      Vertices:
        Map 1 
            Map Operator Tree:
                TableScan
                  alias: srcpart_iceberg
                  filterExpr: ds is not null (type: boolean)
                  Statistics: Num rows: 2000 Data size: 188000 Basic stats: COMPLETE Column stats: COMPLETE
                  Filter Operator
                    predicate: ds is not null (type: boolean)
                    Statistics: Num rows: 2000 Data size: 188000 Basic stats: COMPLETE Column stats: COMPLETE
                    Select Operator
                      expressions: ds (type: string)
                      outputColumnNames: _col0
                      Statistics: Num rows: 2000 Data size: 188000 Basic stats: COMPLETE Column stats: COMPLETE
                      Map Join Operator
                        condition map:
                             Inner Join 0 to 1
                        keys:
                          0 _col0 (type: string)
                          1 _col0 (type: string)
                        input vertices:
                          1 Map 3
                        Statistics: Num rows: 1000 Data size: 8000 Basic stats: COMPLETE Column stats: COMPLETE
                        Group By Operator
                          aggregations: count()
                          minReductionHashAggr: 0.99
                          mode: hash
                          outputColumnNames: _col0
                          Statistics: Num rows: 1 Data size: 8 Basic stats: COMPLETE Column stats: COMPLETE
                          Reduce Output Operator
                            null sort order: 
                            sort order: 
                            Statistics: Num rows: 1 Data size: 8 Basic stats: COMPLETE Column stats: COMPLETE
                            value expressions: _col0 (type: bigint)
            Execution mode: vectorized
        Map 3 
            Map Operator Tree:
                TableScan
                  alias: srcpart_date_n2
                  filterExpr: ((date = '2008-04-08') and ds is not null) (type: boolean)
                  Statistics: Num rows: 2 Data size: 376 Basic stats: COMPLETE Column stats: COMPLETE
                  Filter Operator
                    predicate: ((date = '2008-04-08') and ds is not null) (type: boolean)
                    Statistics: Num rows: 1 Data size: 188 Basic stats: COMPLETE Column stats: COMPLETE
                    Select Operator
                      expressions: ds (type: string)
                      outputColumnNames: _col0
                      Statistics: Num rows: 1 Data size: 94 Basic stats: COMPLETE Column stats: COMPLETE
                      Reduce Output Operator
                        key expressions: _col0 (type: string)
                        null sort order: z
                        sort order: +
                        Map-reduce partition columns: _col0 (type: string)
                        Statistics: Num rows: 1 Data size: 94 Basic stats: COMPLETE Column stats: COMPLETE
                      Select Operator
                        expressions: _col0 (type: string)
                        outputColumnNames: _col0
                        Statistics: Num rows: 1 Data size: 94 Basic stats: COMPLETE Column stats: COMPLETE
                        Group By Operator
                          keys: _col0 (type: string)
                          minReductionHashAggr: 0.4
                          mode: hash
                          outputColumnNames: _col0
                          Statistics: Num rows: 1 Data size: 94 Basic stats: COMPLETE Column stats: COMPLETE
                          Dynamic Partitioning Event Operator
                            Target column: ds (string)
                            Target Input: srcpart_iceberg
                            Partition key expr: ds
                            Statistics: Num rows: 1 Data size: 94 Basic stats: COMPLETE Column stats: COMPLETE
                            Target Vertex: Map 1
            Execution mode: vectorized
        Reducer 2 
            Execution mode: vectorized
            Reduce Operator Tree:
              Group By Operator
                aggregations: count(VALUE._col0)
                mode: mergepartial
                outputColumnNames: _col0
                Statistics: Num rows: 1 Data size: 8 Basic stats: COMPLETE Column stats: COMPLETE
                File Output Operator
                  compressed: false
                  Statistics: Num rows: 1 Data size: 8 Basic stats: COMPLETE Column stats: COMPLETE
                  table:
                      input format: org.apache.hadoop.mapred.SequenceFileInputFormat
                      output format: org.apache.hadoop.hive.ql.io.HiveSequenceFileOutputFormat
                      serde: org.apache.hadoop.hive.serde2.lazy.LazySimpleSerDe

  Stage: Stage-0
    Fetch Operator
      limit: -1
      Processor Tree:
        ListSink

PREHOOK: query: select count(*) from srcpart_iceberg join srcpart_date_n2 on (srcpart_iceberg.ds = srcpart_date_n2.ds) where srcpart_date_n2.`date` = '2008-04-08'
PREHOOK: type: QUERY
PREHOOK: Input: default@srcpart_date_n2
PREHOOK: Input: default@srcpart_iceberg
PREHOOK: Output: hdfs://### HDFS PATH ###
POSTHOOK: query: select count(*) from srcpart_iceberg join srcpart_date_n2 on (srcpart_iceberg.ds = srcpart_date_n2.ds) where srcpart_date_n2.`date` = '2008-04-08'
POSTHOOK: type: QUERY
POSTHOOK: Input: default@srcpart_date_n2
POSTHOOK: Input: default@srcpart_iceberg
POSTHOOK: Output: hdfs://### HDFS PATH ###
1000
PREHOOK: query: select count(*) from srcpart where ds = '2008-04-08'
PREHOOK: type: QUERY
PREHOOK: Input: default@srcpart
PREHOOK: Input: default@srcpart@ds=2008-04-08/hr=11
PREHOOK: Input: default@srcpart@ds=2008-04-08/hr=12
PREHOOK: Output: hdfs://### HDFS PATH ###
POSTHOOK: query: select count(*) from srcpart where ds = '2008-04-08'
POSTHOOK: type: QUERY
POSTHOOK: Input: default@srcpart
POSTHOOK: Input: default@srcpart@ds=2008-04-08/hr=11
POSTHOOK: Input: default@srcpart@ds=2008-04-08/hr=12
POSTHOOK: Output: hdfs://### HDFS PATH ###
1000
PREHOOK: query: EXPLAIN select count(*) from srcpart_iceberg join srcpart_date_n2 on (srcpart_iceberg.ds = srcpart_date_n2.ds) join srcpart_hour_n0 on (srcpart_iceberg.hr = srcpart_hour_n0.hr)
where srcpart_date_n2.`date` = '2008-04-08' and srcpart_hour_n0.hour = 11
PREHOOK: type: QUERY
PREHOOK: Input: default@srcpart_date_n2
PREHOOK: Input: default@srcpart_hour_n0
PREHOOK: Input: default@srcpart_iceberg
PREHOOK: Output: hdfs://### HDFS PATH ###
POSTHOOK: query: EXPLAIN select count(*) from srcpart_iceberg join srcpart_date_n2 on (srcpart_iceberg.ds = srcpart_date_n2.ds) join srcpart_hour_n0 on (srcpart_iceberg.hr = srcpart_hour_n0.hr)
where srcpart_date_n2.`date` = '2008-04-08' and srcpart_hour_n0.hour = 11
POSTHOOK: type: QUERY
POSTHOOK: Input: default@srcpart_date_n2
POSTHOOK: Input: default@srcpart_hour_n0
POSTHOOK: Input: default@srcpart_iceberg
POSTHOOK: Output: hdfs://### HDFS PATH ###
STAGE DEPENDENCIES:
  Stage-1 is a root stage
  Stage-0 depends on stages: Stage-1

STAGE PLANS:
  Stage: Stage-1
    Tez
#### A masked pattern was here ####
      Edges:
        Map 1 <- Map 3 (BROADCAST_EDGE), Map 4 (BROADCAST_EDGE)
        Reducer 2 <- Map 1 (CUSTOM_SIMPLE_EDGE)
#### A masked pattern was here ####
      Vertices:
        Map 1 
            Map Operator Tree:
                TableScan
                  alias: srcpart_iceberg
                  filterExpr: (ds is not null and hr is not null) (type: boolean)
                  Statistics: Num rows: 2000 Data size: 360000 Basic stats: COMPLETE Column stats: COMPLETE
                  Filter Operator
                    predicate: (ds is not null and hr is not null) (type: boolean)
                    Statistics: Num rows: 2000 Data size: 360000 Basic stats: COMPLETE Column stats: COMPLETE
                    Select Operator
                      expressions: ds (type: string), hr (type: string)
                      outputColumnNames: _col0, _col1
                      Statistics: Num rows: 2000 Data size: 360000 Basic stats: COMPLETE Column stats: COMPLETE
                      Map Join Operator
                        condition map:
                             Inner Join 0 to 1
                        keys:
                          0 _col0 (type: string)
                          1 _col0 (type: string)
                        outputColumnNames: _col1
                        input vertices:
                          1 Map 3
                        Statistics: Num rows: 1000 Data size: 86000 Basic stats: COMPLETE Column stats: COMPLETE
                        Map Join Operator
                          condition map:
                               Inner Join 0 to 1
                          keys:
                            0 _col1 (type: string)
                            1 _col0 (type: string)
                          input vertices:
                            1 Map 4
                          Statistics: Num rows: 1000 Data size: 8000 Basic stats: COMPLETE Column stats: COMPLETE
                          Group By Operator
                            aggregations: count()
                            minReductionHashAggr: 0.99
                            mode: hash
                            outputColumnNames: _col0
                            Statistics: Num rows: 1 Data size: 8 Basic stats: COMPLETE Column stats: COMPLETE
                            Reduce Output Operator
                              null sort order: 
                              sort order: 
                              Statistics: Num rows: 1 Data size: 8 Basic stats: COMPLETE Column stats: COMPLETE
                              value expressions: _col0 (type: bigint)
            Execution mode: vectorized
        Map 3 
            Map Operator Tree:
                TableScan
                  alias: srcpart_date_n2
                  filterExpr: ((date = '2008-04-08') and ds is not null) (type: boolean)
                  Statistics: Num rows: 2 Data size: 376 Basic stats: COMPLETE Column stats: COMPLETE
                  Filter Operator
                    predicate: ((date = '2008-04-08') and ds is not null) (type: boolean)
                    Statistics: Num rows: 1 Data size: 188 Basic stats: COMPLETE Column stats: COMPLETE
                    Select Operator
                      expressions: ds (type: string)
                      outputColumnNames: _col0
                      Statistics: Num rows: 1 Data size: 94 Basic stats: COMPLETE Column stats: COMPLETE
                      Reduce Output Operator
                        key expressions: _col0 (type: string)
                        null sort order: z
                        sort order: +
                        Map-reduce partition columns: _col0 (type: string)
                        Statistics: Num rows: 1 Data size: 94 Basic stats: COMPLETE Column stats: COMPLETE
                      Select Operator
                        expressions: _col0 (type: string)
                        outputColumnNames: _col0
                        Statistics: Num rows: 1 Data size: 94 Basic stats: COMPLETE Column stats: COMPLETE
                        Group By Operator
                          keys: _col0 (type: string)
                          minReductionHashAggr: 0.4
                          mode: hash
                          outputColumnNames: _col0
                          Statistics: Num rows: 1 Data size: 94 Basic stats: COMPLETE Column stats: COMPLETE
                          Dynamic Partitioning Event Operator
                            Target column: ds (string)
                            Target Input: srcpart_iceberg
                            Partition key expr: ds
                            Statistics: Num rows: 1 Data size: 94 Basic stats: COMPLETE Column stats: COMPLETE
                            Target Vertex: Map 1
            Execution mode: vectorized
        Map 4 
            Map Operator Tree:
                TableScan
                  alias: srcpart_hour_n0
                  filterExpr: ((UDFToDouble(hour) = 11.0D) and hr is not null) (type: boolean)
                  Statistics: Num rows: 2 Data size: 344 Basic stats: COMPLETE Column stats: COMPLETE
                  Filter Operator
                    predicate: ((UDFToDouble(hour) = 11.0D) and hr is not null) (type: boolean)
                    Statistics: Num rows: 1 Data size: 172 Basic stats: COMPLETE Column stats: COMPLETE
                    Select Operator
                      expressions: hr (type: string)
                      outputColumnNames: _col0
                      Statistics: Num rows: 1 Data size: 86 Basic stats: COMPLETE Column stats: COMPLETE
                      Reduce Output Operator
                        key expressions: _col0 (type: string)
                        null sort order: z
                        sort order: +
                        Map-reduce partition columns: _col0 (type: string)
                        Statistics: Num rows: 1 Data size: 86 Basic stats: COMPLETE Column stats: COMPLETE
                      Select Operator
                        expressions: _col0 (type: string)
                        outputColumnNames: _col0
                        Statistics: Num rows: 1 Data size: 86 Basic stats: COMPLETE Column stats: COMPLETE
                        Group By Operator
                          keys: _col0 (type: string)
                          minReductionHashAggr: 0.4
                          mode: hash
                          outputColumnNames: _col0
                          Statistics: Num rows: 1 Data size: 86 Basic stats: COMPLETE Column stats: COMPLETE
                          Dynamic Partitioning Event Operator
                            Target column: hr (string)
                            Target Input: srcpart_iceberg
                            Partition key expr: hr
                            Statistics: Num rows: 1 Data size: 86 Basic stats: COMPLETE Column stats: COMPLETE
                            Target Vertex: Map 1
            Execution mode: vectorized
        Reducer 2 
            Execution mode: vectorized
            Reduce Operator Tree:
              Group By Operator
                aggregations: count(VALUE._col0)
                mode: mergepartial
                outputColumnNames: _col0
                Statistics: Num rows: 1 Data size: 8 Basic stats: COMPLETE Column stats: COMPLETE
                File Output Operator
                  compressed: false
                  Statistics: Num rows: 1 Data size: 8 Basic stats: COMPLETE Column stats: COMPLETE
                  table:
                      input format: org.apache.hadoop.mapred.SequenceFileInputFormat
                      output format: org.apache.hadoop.hive.ql.io.HiveSequenceFileOutputFormat
                      serde: org.apache.hadoop.hive.serde2.lazy.LazySimpleSerDe

  Stage: Stage-0
    Fetch Operator
      limit: -1
      Processor Tree:
        ListSink

PREHOOK: query: select count(*) from srcpart_iceberg join srcpart_date_n2 on (srcpart_iceberg.ds = srcpart_date_n2.ds) join srcpart_hour_n0 on (srcpart_iceberg.hr = srcpart_hour_n0.hr)
where srcpart_date_n2.`date` = '2008-04-08' and srcpart_hour_n0.hour = 11
PREHOOK: type: QUERY
PREHOOK: Input: default@srcpart_date_n2
PREHOOK: Input: default@srcpart_hour_n0
PREHOOK: Input: default@srcpart_iceberg
PREHOOK: Output: hdfs://### HDFS PATH ###
POSTHOOK: query: select count(*) from srcpart_iceberg join srcpart_date_n2 on (srcpart_iceberg.ds = srcpart_date_n2.ds) join srcpart_hour_n0 on (srcpart_iceberg.hr = srcpart_hour_n0.hr)
where srcpart_date_n2.`date` = '2008-04-08' and srcpart_hour_n0.hour = 11
POSTHOOK: type: QUERY
POSTHOOK: Input: default@srcpart_date_n2
POSTHOOK: Input: default@srcpart_hour_n0
POSTHOOK: Input: default@srcpart_iceberg
POSTHOOK: Output: hdfs://### HDFS PATH ###
500
PREHOOK: query: select count(*) from srcpart where hr = 11 and ds = '2008-04-08'
PREHOOK: type: QUERY
PREHOOK: Input: default@srcpart
PREHOOK: Input: default@srcpart@ds=2008-04-08/hr=11
PREHOOK: Output: hdfs://### HDFS PATH ###
POSTHOOK: query: select count(*) from srcpart where hr = 11 and ds = '2008-04-08'
POSTHOOK: type: QUERY
POSTHOOK: Input: default@srcpart
POSTHOOK: Input: default@srcpart@ds=2008-04-08/hr=11
POSTHOOK: Output: hdfs://### HDFS PATH ###
500
PREHOOK: query: EXPLAIN select count(*) from srcpart_iceberg join srcpart_date_hour_n0 on (srcpart_iceberg.ds = srcpart_date_hour_n0.ds and srcpart_iceberg.hr = srcpart_date_hour_n0.hr) where srcpart_date_hour_n0.`date` = '2008-04-08' and srcpart_date_hour_n0.hour = 11
PREHOOK: type: QUERY
PREHOOK: Input: default@srcpart_date_hour_n0
PREHOOK: Input: default@srcpart_iceberg
PREHOOK: Output: hdfs://### HDFS PATH ###
POSTHOOK: query: EXPLAIN select count(*) from srcpart_iceberg join srcpart_date_hour_n0 on (srcpart_iceberg.ds = srcpart_date_hour_n0.ds and srcpart_iceberg.hr = srcpart_date_hour_n0.hr) where srcpart_date_hour_n0.`date` = '2008-04-08' and srcpart_date_hour_n0.hour = 11
POSTHOOK: type: QUERY
POSTHOOK: Input: default@srcpart_date_hour_n0
POSTHOOK: Input: default@srcpart_iceberg
POSTHOOK: Output: hdfs://### HDFS PATH ###
STAGE DEPENDENCIES:
  Stage-1 is a root stage
  Stage-0 depends on stages: Stage-1

STAGE PLANS:
  Stage: Stage-1
    Tez
#### A masked pattern was here ####
      Edges:
        Map 1 <- Map 3 (BROADCAST_EDGE)
        Reducer 2 <- Map 1 (CUSTOM_SIMPLE_EDGE)
#### A masked pattern was here ####
      Vertices:
        Map 1 
            Map Operator Tree:
                TableScan
                  alias: srcpart_iceberg
                  filterExpr: (ds is not null and hr is not null) (type: boolean)
                  Statistics: Num rows: 2000 Data size: 360000 Basic stats: COMPLETE Column stats: COMPLETE
                  Filter Operator
                    predicate: (ds is not null and hr is not null) (type: boolean)
                    Statistics: Num rows: 2000 Data size: 360000 Basic stats: COMPLETE Column stats: COMPLETE
                    Select Operator
                      expressions: ds (type: string), hr (type: string)
                      outputColumnNames: _col0, _col1
                      Statistics: Num rows: 2000 Data size: 360000 Basic stats: COMPLETE Column stats: COMPLETE
                      Map Join Operator
                        condition map:
                             Inner Join 0 to 1
                        keys:
                          0 _col0 (type: string), _col1 (type: string)
                          1 _col0 (type: string), _col1 (type: string)
                        input vertices:
                          1 Map 3
                        Statistics: Num rows: 1000 Data size: 8000 Basic stats: COMPLETE Column stats: COMPLETE
                        Group By Operator
                          aggregations: count()
                          minReductionHashAggr: 0.99
                          mode: hash
                          outputColumnNames: _col0
                          Statistics: Num rows: 1 Data size: 8 Basic stats: COMPLETE Column stats: COMPLETE
                          Reduce Output Operator
                            null sort order: 
                            sort order: 
                            Statistics: Num rows: 1 Data size: 8 Basic stats: COMPLETE Column stats: COMPLETE
                            value expressions: _col0 (type: bigint)
            Execution mode: vectorized
        Map 3 
            Map Operator Tree:
                TableScan
                  alias: srcpart_date_hour_n0
                  filterExpr: ((date = '2008-04-08') and (UDFToDouble(hour) = 11.0D) and ds is not null and hr is not null) (type: boolean)
                  Statistics: Num rows: 4 Data size: 1440 Basic stats: COMPLETE Column stats: COMPLETE
                  Filter Operator
                    predicate: ((date = '2008-04-08') and (UDFToDouble(hour) = 11.0D) and ds is not null and hr is not null) (type: boolean)
                    Statistics: Num rows: 1 Data size: 360 Basic stats: COMPLETE Column stats: COMPLETE
                    Select Operator
                      expressions: ds (type: string), hr (type: string)
                      outputColumnNames: _col0, _col1
                      Statistics: Num rows: 1 Data size: 180 Basic stats: COMPLETE Column stats: COMPLETE
                      Reduce Output Operator
                        key expressions: _col0 (type: string), _col1 (type: string)
                        null sort order: zz
                        sort order: ++
                        Map-reduce partition columns: _col0 (type: string), _col1 (type: string)
                        Statistics: Num rows: 1 Data size: 180 Basic stats: COMPLETE Column stats: COMPLETE
                      Select Operator
                        expressions: _col0 (type: string)
                        outputColumnNames: _col0
                        Statistics: Num rows: 1 Data size: 94 Basic stats: COMPLETE Column stats: COMPLETE
                        Group By Operator
                          keys: _col0 (type: string)
                          minReductionHashAggr: 0.4
                          mode: hash
                          outputColumnNames: _col0
                          Statistics: Num rows: 1 Data size: 94 Basic stats: COMPLETE Column stats: COMPLETE
                          Dynamic Partitioning Event Operator
                            Target column: ds (string)
                            Target Input: srcpart_iceberg
                            Partition key expr: ds
                            Statistics: Num rows: 1 Data size: 94 Basic stats: COMPLETE Column stats: COMPLETE
                            Target Vertex: Map 1
                      Select Operator
                        expressions: _col1 (type: string)
                        outputColumnNames: _col0
                        Statistics: Num rows: 1 Data size: 86 Basic stats: COMPLETE Column stats: COMPLETE
                        Group By Operator
                          keys: _col0 (type: string)
                          minReductionHashAggr: 0.4
                          mode: hash
                          outputColumnNames: _col0
                          Statistics: Num rows: 1 Data size: 86 Basic stats: COMPLETE Column stats: COMPLETE
                          Dynamic Partitioning Event Operator
                            Target column: hr (string)
                            Target Input: srcpart_iceberg
                            Partition key expr: hr
                            Statistics: Num rows: 1 Data size: 86 Basic stats: COMPLETE Column stats: COMPLETE
                            Target Vertex: Map 1
            Execution mode: vectorized
        Reducer 2 
            Execution mode: vectorized
            Reduce Operator Tree:
              Group By Operator
                aggregations: count(VALUE._col0)
                mode: mergepartial
                outputColumnNames: _col0
                Statistics: Num rows: 1 Data size: 8 Basic stats: COMPLETE Column stats: COMPLETE
                File Output Operator
                  compressed: false
                  Statistics: Num rows: 1 Data size: 8 Basic stats: COMPLETE Column stats: COMPLETE
                  table:
                      input format: org.apache.hadoop.mapred.SequenceFileInputFormat
                      output format: org.apache.hadoop.hive.ql.io.HiveSequenceFileOutputFormat
                      serde: org.apache.hadoop.hive.serde2.lazy.LazySimpleSerDe

  Stage: Stage-0
    Fetch Operator
      limit: -1
      Processor Tree:
        ListSink

PREHOOK: query: select count(*) from srcpart_iceberg join srcpart_date_hour_n0 on (srcpart_iceberg.ds = srcpart_date_hour_n0.ds and srcpart_iceberg.hr = srcpart_date_hour_n0.hr) where srcpart_date_hour_n0.`date` = '2008-04-08' and srcpart_date_hour_n0.hour = 11
PREHOOK: type: QUERY
PREHOOK: Input: default@srcpart_date_hour_n0
PREHOOK: Input: default@srcpart_iceberg
PREHOOK: Output: hdfs://### HDFS PATH ###
POSTHOOK: query: select count(*) from srcpart_iceberg join srcpart_date_hour_n0 on (srcpart_iceberg.ds = srcpart_date_hour_n0.ds and srcpart_iceberg.hr = srcpart_date_hour_n0.hr) where srcpart_date_hour_n0.`date` = '2008-04-08' and srcpart_date_hour_n0.hour = 11
POSTHOOK: type: QUERY
POSTHOOK: Input: default@srcpart_date_hour_n0
POSTHOOK: Input: default@srcpart_iceberg
POSTHOOK: Output: hdfs://### HDFS PATH ###
500
PREHOOK: query: select count(*) from srcpart where ds = '2008-04-08' and hr = 11
PREHOOK: type: QUERY
PREHOOK: Input: default@srcpart
PREHOOK: Input: default@srcpart@ds=2008-04-08/hr=11
PREHOOK: Output: hdfs://### HDFS PATH ###
POSTHOOK: query: select count(*) from srcpart where ds = '2008-04-08' and hr = 11
POSTHOOK: type: QUERY
POSTHOOK: Input: default@srcpart
POSTHOOK: Input: default@srcpart@ds=2008-04-08/hr=11
POSTHOOK: Output: hdfs://### HDFS PATH ###
500
PREHOOK: query: EXPLAIN select count(*) from srcpart_iceberg join srcpart_date_n2 on (srcpart_iceberg.ds = srcpart_date_n2.ds) where srcpart_date_n2.`date` = 'I DONT EXIST'
PREHOOK: type: QUERY
PREHOOK: Input: default@srcpart_date_n2
PREHOOK: Input: default@srcpart_iceberg
PREHOOK: Output: hdfs://### HDFS PATH ###
POSTHOOK: query: EXPLAIN select count(*) from srcpart_iceberg join srcpart_date_n2 on (srcpart_iceberg.ds = srcpart_date_n2.ds) where srcpart_date_n2.`date` = 'I DONT EXIST'
POSTHOOK: type: QUERY
POSTHOOK: Input: default@srcpart_date_n2
POSTHOOK: Input: default@srcpart_iceberg
POSTHOOK: Output: hdfs://### HDFS PATH ###
STAGE DEPENDENCIES:
  Stage-1 is a root stage
  Stage-0 depends on stages: Stage-1

STAGE PLANS:
  Stage: Stage-1
    Tez
#### A masked pattern was here ####
      Edges:
        Map 1 <- Map 3 (BROADCAST_EDGE)
        Reducer 2 <- Map 1 (CUSTOM_SIMPLE_EDGE)
#### A masked pattern was here ####
      Vertices:
        Map 1 
            Map Operator Tree:
                TableScan
                  alias: srcpart_iceberg
                  filterExpr: ds is not null (type: boolean)
                  Statistics: Num rows: 2000 Data size: 188000 Basic stats: COMPLETE Column stats: COMPLETE
                  Filter Operator
                    predicate: ds is not null (type: boolean)
                    Statistics: Num rows: 2000 Data size: 188000 Basic stats: COMPLETE Column stats: COMPLETE
                    Select Operator
                      expressions: ds (type: string)
                      outputColumnNames: _col0
                      Statistics: Num rows: 2000 Data size: 188000 Basic stats: COMPLETE Column stats: COMPLETE
                      Map Join Operator
                        condition map:
                             Inner Join 0 to 1
                        keys:
                          0 _col0 (type: string)
                          1 _col0 (type: string)
                        input vertices:
                          1 Map 3
                        Statistics: Num rows: 1000 Data size: 8000 Basic stats: COMPLETE Column stats: COMPLETE
                        Group By Operator
                          aggregations: count()
                          minReductionHashAggr: 0.99
                          mode: hash
                          outputColumnNames: _col0
                          Statistics: Num rows: 1 Data size: 8 Basic stats: COMPLETE Column stats: COMPLETE
                          Reduce Output Operator
                            null sort order: 
                            sort order: 
                            Statistics: Num rows: 1 Data size: 8 Basic stats: COMPLETE Column stats: COMPLETE
                            value expressions: _col0 (type: bigint)
            Execution mode: vectorized
        Map 3 
            Map Operator Tree:
                TableScan
                  alias: srcpart_date_n2
                  filterExpr: ((date = 'I DONT EXIST') and ds is not null) (type: boolean)
                  Statistics: Num rows: 2 Data size: 376 Basic stats: COMPLETE Column stats: COMPLETE
                  Filter Operator
                    predicate: ((date = 'I DONT EXIST') and ds is not null) (type: boolean)
                    Statistics: Num rows: 1 Data size: 188 Basic stats: COMPLETE Column stats: COMPLETE
                    Select Operator
                      expressions: ds (type: string)
                      outputColumnNames: _col0
                      Statistics: Num rows: 1 Data size: 94 Basic stats: COMPLETE Column stats: COMPLETE
                      Reduce Output Operator
                        key expressions: _col0 (type: string)
                        null sort order: z
                        sort order: +
                        Map-reduce partition columns: _col0 (type: string)
                        Statistics: Num rows: 1 Data size: 94 Basic stats: COMPLETE Column stats: COMPLETE
                      Select Operator
                        expressions: _col0 (type: string)
                        outputColumnNames: _col0
                        Statistics: Num rows: 1 Data size: 94 Basic stats: COMPLETE Column stats: COMPLETE
                        Group By Operator
                          keys: _col0 (type: string)
                          minReductionHashAggr: 0.4
                          mode: hash
                          outputColumnNames: _col0
                          Statistics: Num rows: 1 Data size: 94 Basic stats: COMPLETE Column stats: COMPLETE
                          Dynamic Partitioning Event Operator
                            Target column: ds (string)
                            Target Input: srcpart_iceberg
                            Partition key expr: ds
                            Statistics: Num rows: 1 Data size: 94 Basic stats: COMPLETE Column stats: COMPLETE
                            Target Vertex: Map 1
            Execution mode: vectorized
        Reducer 2 
            Execution mode: vectorized
            Reduce Operator Tree:
              Group By Operator
                aggregations: count(VALUE._col0)
                mode: mergepartial
                outputColumnNames: _col0
                Statistics: Num rows: 1 Data size: 8 Basic stats: COMPLETE Column stats: COMPLETE
                File Output Operator
                  compressed: false
                  Statistics: Num rows: 1 Data size: 8 Basic stats: COMPLETE Column stats: COMPLETE
                  table:
                      input format: org.apache.hadoop.mapred.SequenceFileInputFormat
                      output format: org.apache.hadoop.hive.ql.io.HiveSequenceFileOutputFormat
                      serde: org.apache.hadoop.hive.serde2.lazy.LazySimpleSerDe

  Stage: Stage-0
    Fetch Operator
      limit: -1
      Processor Tree:
        ListSink

PREHOOK: query: select count(*) from srcpart_iceberg join srcpart_date_n2 on (srcpart_iceberg.ds = srcpart_date_n2.ds) where srcpart_date_n2.`date` = 'I DONT EXIST'
PREHOOK: type: QUERY
PREHOOK: Input: default@srcpart_date_n2
PREHOOK: Input: default@srcpart_iceberg
PREHOOK: Output: hdfs://### HDFS PATH ###
POSTHOOK: query: select count(*) from srcpart_iceberg join srcpart_date_n2 on (srcpart_iceberg.ds = srcpart_date_n2.ds) where srcpart_date_n2.`date` = 'I DONT EXIST'
POSTHOOK: type: QUERY
POSTHOOK: Input: default@srcpart_date_n2
POSTHOOK: Input: default@srcpart_iceberg
POSTHOOK: Output: hdfs://### HDFS PATH ###
0
PREHOOK: query: EXPLAIN select count(*) from srcpart_iceberg join srcpart_double_hour_n0 on (srcpart_iceberg.hr = cast(cast(srcpart_double_hour_n0.hr/2 as int) as string)) where srcpart_double_hour_n0.hour = 11
PREHOOK: type: QUERY
PREHOOK: Input: default@srcpart_double_hour_n0
PREHOOK: Input: default@srcpart_iceberg
PREHOOK: Output: hdfs://### HDFS PATH ###
POSTHOOK: query: EXPLAIN select count(*) from srcpart_iceberg join srcpart_double_hour_n0 on (srcpart_iceberg.hr = cast(cast(srcpart_double_hour_n0.hr/2 as int) as string)) where srcpart_double_hour_n0.hour = 11
POSTHOOK: type: QUERY
POSTHOOK: Input: default@srcpart_double_hour_n0
POSTHOOK: Input: default@srcpart_iceberg
POSTHOOK: Output: hdfs://### HDFS PATH ###
STAGE DEPENDENCIES:
  Stage-1 is a root stage
  Stage-0 depends on stages: Stage-1

STAGE PLANS:
  Stage: Stage-1
    Tez
#### A masked pattern was here ####
      Edges:
        Map 1 <- Map 3 (BROADCAST_EDGE)
        Reducer 2 <- Map 1 (CUSTOM_SIMPLE_EDGE)
#### A masked pattern was here ####
      Vertices:
        Map 1 
            Map Operator Tree:
                TableScan
                  alias: srcpart_iceberg
                  filterExpr: hr is not null (type: boolean)
                  Statistics: Num rows: 2000 Data size: 172000 Basic stats: COMPLETE Column stats: COMPLETE
                  Filter Operator
                    predicate: hr is not null (type: boolean)
                    Statistics: Num rows: 2000 Data size: 172000 Basic stats: COMPLETE Column stats: COMPLETE
                    Select Operator
                      expressions: hr (type: string)
                      outputColumnNames: _col0
                      Statistics: Num rows: 2000 Data size: 172000 Basic stats: COMPLETE Column stats: COMPLETE
                      Map Join Operator
                        condition map:
                             Inner Join 0 to 1
                        keys:
                          0 _col0 (type: string)
                          1 _col0 (type: string)
                        input vertices:
                          1 Map 3
                        Statistics: Num rows: 1000 Data size: 8000 Basic stats: COMPLETE Column stats: COMPLETE
                        Group By Operator
                          aggregations: count()
                          minReductionHashAggr: 0.99
                          mode: hash
                          outputColumnNames: _col0
                          Statistics: Num rows: 1 Data size: 8 Basic stats: COMPLETE Column stats: COMPLETE
                          Reduce Output Operator
                            null sort order: 
                            sort order: 
                            Statistics: Num rows: 1 Data size: 8 Basic stats: COMPLETE Column stats: COMPLETE
                            value expressions: _col0 (type: bigint)
            Execution mode: vectorized
        Map 3 
            Map Operator Tree:
                TableScan
                  alias: srcpart_double_hour_n0
                  filterExpr: ((UDFToDouble(hour) = 11.0D) and CAST( UDFToInteger((hr / 2.0D)) AS STRING) is not null) (type: boolean)
                  Statistics: Num rows: 2 Data size: 188 Basic stats: COMPLETE Column stats: COMPLETE
                  Filter Operator
                    predicate: ((UDFToDouble(hour) = 11.0D) and CAST( UDFToInteger((hr / 2.0D)) AS STRING) is not null) (type: boolean)
                    Statistics: Num rows: 1 Data size: 94 Basic stats: COMPLETE Column stats: COMPLETE
                    Select Operator
                      expressions: CAST( UDFToInteger((hr / 2.0D)) AS STRING) (type: string)
                      outputColumnNames: _col0
                      Statistics: Num rows: 1 Data size: 184 Basic stats: COMPLETE Column stats: COMPLETE
                      Reduce Output Operator
                        key expressions: _col0 (type: string)
                        null sort order: z
                        sort order: +
                        Map-reduce partition columns: _col0 (type: string)
                        Statistics: Num rows: 1 Data size: 184 Basic stats: COMPLETE Column stats: COMPLETE
                      Select Operator
                        expressions: _col0 (type: string)
                        outputColumnNames: _col0
                        Statistics: Num rows: 1 Data size: 184 Basic stats: COMPLETE Column stats: COMPLETE
                        Group By Operator
                          keys: _col0 (type: string)
                          minReductionHashAggr: 0.4
                          mode: hash
                          outputColumnNames: _col0
                          Statistics: Num rows: 1 Data size: 184 Basic stats: COMPLETE Column stats: COMPLETE
                          Dynamic Partitioning Event Operator
                            Target column: hr (string)
                            Target Input: srcpart_iceberg
                            Partition key expr: hr
                            Statistics: Num rows: 1 Data size: 184 Basic stats: COMPLETE Column stats: COMPLETE
                            Target Vertex: Map 1
            Execution mode: vectorized
        Reducer 2 
            Execution mode: vectorized
            Reduce Operator Tree:
              Group By Operator
                aggregations: count(VALUE._col0)
                mode: mergepartial
                outputColumnNames: _col0
                Statistics: Num rows: 1 Data size: 8 Basic stats: COMPLETE Column stats: COMPLETE
                File Output Operator
                  compressed: false
                  Statistics: Num rows: 1 Data size: 8 Basic stats: COMPLETE Column stats: COMPLETE
                  table:
                      input format: org.apache.hadoop.mapred.SequenceFileInputFormat
                      output format: org.apache.hadoop.hive.ql.io.HiveSequenceFileOutputFormat
                      serde: org.apache.hadoop.hive.serde2.lazy.LazySimpleSerDe

  Stage: Stage-0
    Fetch Operator
      limit: -1
      Processor Tree:
        ListSink

PREHOOK: query: select count(*) from srcpart_iceberg join srcpart_double_hour_n0 on (srcpart_iceberg.hr = cast(cast(srcpart_double_hour_n0.hr/2 as int) as string)) where srcpart_double_hour_n0.hour = 11
PREHOOK: type: QUERY
PREHOOK: Input: default@srcpart_double_hour_n0
PREHOOK: Input: default@srcpart_iceberg
PREHOOK: Output: hdfs://### HDFS PATH ###
POSTHOOK: query: select count(*) from srcpart_iceberg join srcpart_double_hour_n0 on (srcpart_iceberg.hr = cast(cast(srcpart_double_hour_n0.hr/2 as int) as string)) where srcpart_double_hour_n0.hour = 11
POSTHOOK: type: QUERY
POSTHOOK: Input: default@srcpart_double_hour_n0
POSTHOOK: Input: default@srcpart_iceberg
POSTHOOK: Output: hdfs://### HDFS PATH ###
1000
PREHOOK: query: select count(*) from srcpart where hr = 11
PREHOOK: type: QUERY
PREHOOK: Input: default@srcpart
PREHOOK: Input: default@srcpart@ds=2008-04-08/hr=11
PREHOOK: Input: default@srcpart@ds=2008-04-09/hr=11
PREHOOK: Output: hdfs://### HDFS PATH ###
POSTHOOK: query: select count(*) from srcpart where hr = 11
POSTHOOK: type: QUERY
POSTHOOK: Input: default@srcpart
POSTHOOK: Input: default@srcpart@ds=2008-04-08/hr=11
POSTHOOK: Input: default@srcpart@ds=2008-04-09/hr=11
POSTHOOK: Output: hdfs://### HDFS PATH ###
1000
PREHOOK: query: EXPLAIN select count(*) from srcpart_iceberg join srcpart_date_n2 on (srcpart_iceberg.ds = srcpart_date_n2.ds) join srcpart_hour_n0 on (srcpart_iceberg.hr = srcpart_hour_n0.hr)
where srcpart_date_n2.`date` = '2008-04-08' and srcpart_hour_n0.hour = 11 and srcpart_iceberg.hr = 11
PREHOOK: type: QUERY
PREHOOK: Input: default@srcpart_date_n2
PREHOOK: Input: default@srcpart_hour_n0
PREHOOK: Input: default@srcpart_iceberg
PREHOOK: Output: hdfs://### HDFS PATH ###
POSTHOOK: query: EXPLAIN select count(*) from srcpart_iceberg join srcpart_date_n2 on (srcpart_iceberg.ds = srcpart_date_n2.ds) join srcpart_hour_n0 on (srcpart_iceberg.hr = srcpart_hour_n0.hr)
where srcpart_date_n2.`date` = '2008-04-08' and srcpart_hour_n0.hour = 11 and srcpart_iceberg.hr = 11
POSTHOOK: type: QUERY
POSTHOOK: Input: default@srcpart_date_n2
POSTHOOK: Input: default@srcpart_hour_n0
POSTHOOK: Input: default@srcpart_iceberg
POSTHOOK: Output: hdfs://### HDFS PATH ###
STAGE DEPENDENCIES:
  Stage-1 is a root stage
  Stage-0 depends on stages: Stage-1

STAGE PLANS:
  Stage: Stage-1
    Tez
#### A masked pattern was here ####
      Edges:
        Map 1 <- Map 3 (BROADCAST_EDGE), Map 4 (BROADCAST_EDGE)
        Reducer 2 <- Map 1 (CUSTOM_SIMPLE_EDGE)
#### A masked pattern was here ####
      Vertices:
        Map 1 
            Map Operator Tree:
                TableScan
                  alias: srcpart_iceberg
                  filterExpr: ((UDFToDouble(hr) = 11.0D) and ds is not null) (type: boolean)
                  Statistics: Num rows: 2000 Data size: 360000 Basic stats: COMPLETE Column stats: COMPLETE
                  Filter Operator
                    predicate: ((UDFToDouble(hr) = 11.0D) and ds is not null) (type: boolean)
                    Statistics: Num rows: 1000 Data size: 180000 Basic stats: COMPLETE Column stats: COMPLETE
                    Select Operator
                      expressions: ds (type: string), hr (type: string)
                      outputColumnNames: _col0, _col1
                      Statistics: Num rows: 1000 Data size: 180000 Basic stats: COMPLETE Column stats: COMPLETE
                      Map Join Operator
                        condition map:
                             Inner Join 0 to 1
                        keys:
                          0 _col0 (type: string)
                          1 _col0 (type: string)
                        outputColumnNames: _col1
                        input vertices:
                          1 Map 3
                        Statistics: Num rows: 500 Data size: 43000 Basic stats: COMPLETE Column stats: COMPLETE
                        Map Join Operator
                          condition map:
                               Inner Join 0 to 1
                          keys:
                            0 _col1 (type: string)
                            1 _col0 (type: string)
                          input vertices:
                            1 Map 4
                          Statistics: Num rows: 500 Data size: 4000 Basic stats: COMPLETE Column stats: COMPLETE
                          Group By Operator
                            aggregations: count()
                            minReductionHashAggr: 0.99
                            mode: hash
                            outputColumnNames: _col0
                            Statistics: Num rows: 1 Data size: 8 Basic stats: COMPLETE Column stats: COMPLETE
                            Reduce Output Operator
                              null sort order: 
                              sort order: 
                              Statistics: Num rows: 1 Data size: 8 Basic stats: COMPLETE Column stats: COMPLETE
                              value expressions: _col0 (type: bigint)
            Execution mode: vectorized
        Map 3 
            Map Operator Tree:
                TableScan
                  alias: srcpart_date_n2
                  filterExpr: ((date = '2008-04-08') and ds is not null) (type: boolean)
                  Statistics: Num rows: 2 Data size: 376 Basic stats: COMPLETE Column stats: COMPLETE
                  Filter Operator
                    predicate: ((date = '2008-04-08') and ds is not null) (type: boolean)
                    Statistics: Num rows: 1 Data size: 188 Basic stats: COMPLETE Column stats: COMPLETE
                    Select Operator
                      expressions: ds (type: string)
                      outputColumnNames: _col0
                      Statistics: Num rows: 1 Data size: 94 Basic stats: COMPLETE Column stats: COMPLETE
                      Reduce Output Operator
                        key expressions: _col0 (type: string)
                        null sort order: z
                        sort order: +
                        Map-reduce partition columns: _col0 (type: string)
                        Statistics: Num rows: 1 Data size: 94 Basic stats: COMPLETE Column stats: COMPLETE
                      Select Operator
                        expressions: _col0 (type: string)
                        outputColumnNames: _col0
                        Statistics: Num rows: 1 Data size: 94 Basic stats: COMPLETE Column stats: COMPLETE
                        Group By Operator
                          keys: _col0 (type: string)
                          minReductionHashAggr: 0.4
                          mode: hash
                          outputColumnNames: _col0
                          Statistics: Num rows: 1 Data size: 94 Basic stats: COMPLETE Column stats: COMPLETE
                          Dynamic Partitioning Event Operator
                            Target column: ds (string)
                            Target Input: srcpart_iceberg
                            Partition key expr: ds
                            Statistics: Num rows: 1 Data size: 94 Basic stats: COMPLETE Column stats: COMPLETE
                            Target Vertex: Map 1
            Execution mode: vectorized
        Map 4 
            Map Operator Tree:
                TableScan
                  alias: srcpart_hour_n0
                  filterExpr: ((UDFToDouble(hour) = 11.0D) and (UDFToDouble(hr) = 11.0D)) (type: boolean)
                  Statistics: Num rows: 2 Data size: 344 Basic stats: COMPLETE Column stats: COMPLETE
                  Filter Operator
                    predicate: ((UDFToDouble(hour) = 11.0D) and (UDFToDouble(hr) = 11.0D)) (type: boolean)
                    Statistics: Num rows: 1 Data size: 172 Basic stats: COMPLETE Column stats: COMPLETE
                    Select Operator
                      expressions: hr (type: string)
                      outputColumnNames: _col0
                      Statistics: Num rows: 1 Data size: 86 Basic stats: COMPLETE Column stats: COMPLETE
                      Reduce Output Operator
                        key expressions: _col0 (type: string)
                        null sort order: z
                        sort order: +
                        Map-reduce partition columns: _col0 (type: string)
                        Statistics: Num rows: 1 Data size: 86 Basic stats: COMPLETE Column stats: COMPLETE
                      Select Operator
                        expressions: _col0 (type: string)
                        outputColumnNames: _col0
                        Statistics: Num rows: 1 Data size: 86 Basic stats: COMPLETE Column stats: COMPLETE
                        Group By Operator
                          keys: _col0 (type: string)
                          minReductionHashAggr: 0.4
                          mode: hash
                          outputColumnNames: _col0
                          Statistics: Num rows: 1 Data size: 86 Basic stats: COMPLETE Column stats: COMPLETE
                          Dynamic Partitioning Event Operator
                            Target column: hr (string)
                            Target Input: srcpart_iceberg
                            Partition key expr: hr
                            Statistics: Num rows: 1 Data size: 86 Basic stats: COMPLETE Column stats: COMPLETE
                            Target Vertex: Map 1
            Execution mode: vectorized
        Reducer 2 
            Execution mode: vectorized
            Reduce Operator Tree:
              Group By Operator
                aggregations: count(VALUE._col0)
                mode: mergepartial
                outputColumnNames: _col0
                Statistics: Num rows: 1 Data size: 8 Basic stats: COMPLETE Column stats: COMPLETE
                File Output Operator
                  compressed: false
                  Statistics: Num rows: 1 Data size: 8 Basic stats: COMPLETE Column stats: COMPLETE
                  table:
                      input format: org.apache.hadoop.mapred.SequenceFileInputFormat
                      output format: org.apache.hadoop.hive.ql.io.HiveSequenceFileOutputFormat
                      serde: org.apache.hadoop.hive.serde2.lazy.LazySimpleSerDe

  Stage: Stage-0
    Fetch Operator
      limit: -1
      Processor Tree:
        ListSink

PREHOOK: query: select count(*) from srcpart_iceberg join srcpart_date_n2 on (srcpart_iceberg.ds = srcpart_date_n2.ds) join srcpart_hour_n0 on (srcpart_iceberg.hr = srcpart_hour_n0.hr)
where srcpart_date_n2.`date` = '2008-04-08' and srcpart_hour_n0.hour = 11 and srcpart_iceberg.hr = 11
PREHOOK: type: QUERY
PREHOOK: Input: default@srcpart_date_n2
PREHOOK: Input: default@srcpart_hour_n0
PREHOOK: Input: default@srcpart_iceberg
PREHOOK: Output: hdfs://### HDFS PATH ###
POSTHOOK: query: select count(*) from srcpart_iceberg join srcpart_date_n2 on (srcpart_iceberg.ds = srcpart_date_n2.ds) join srcpart_hour_n0 on (srcpart_iceberg.hr = srcpart_hour_n0.hr)
where srcpart_date_n2.`date` = '2008-04-08' and srcpart_hour_n0.hour = 11 and srcpart_iceberg.hr = 11
POSTHOOK: type: QUERY
POSTHOOK: Input: default@srcpart_date_n2
POSTHOOK: Input: default@srcpart_hour_n0
POSTHOOK: Input: default@srcpart_iceberg
POSTHOOK: Output: hdfs://### HDFS PATH ###
500
PREHOOK: query: EXPLAIN select count(*) from srcpart_iceberg join srcpart_date_n2 on (srcpart_iceberg.ds = srcpart_date_n2.ds) join srcpart_hour_n0 on (srcpart_iceberg.hr = srcpart_hour_n0.hr)
where srcpart_date_n2.`date` = '2008-04-08' and srcpart_iceberg.hr = 13
PREHOOK: type: QUERY
PREHOOK: Input: default@srcpart_date_n2
PREHOOK: Input: default@srcpart_hour_n0
PREHOOK: Input: default@srcpart_iceberg
PREHOOK: Output: hdfs://### HDFS PATH ###
POSTHOOK: query: EXPLAIN select count(*) from srcpart_iceberg join srcpart_date_n2 on (srcpart_iceberg.ds = srcpart_date_n2.ds) join srcpart_hour_n0 on (srcpart_iceberg.hr = srcpart_hour_n0.hr)
where srcpart_date_n2.`date` = '2008-04-08' and srcpart_iceberg.hr = 13
POSTHOOK: type: QUERY
POSTHOOK: Input: default@srcpart_date_n2
POSTHOOK: Input: default@srcpart_hour_n0
POSTHOOK: Input: default@srcpart_iceberg
POSTHOOK: Output: hdfs://### HDFS PATH ###
STAGE DEPENDENCIES:
  Stage-1 is a root stage
  Stage-0 depends on stages: Stage-1

STAGE PLANS:
  Stage: Stage-1
    Tez
#### A masked pattern was here ####
      Edges:
        Map 1 <- Map 3 (BROADCAST_EDGE), Map 4 (BROADCAST_EDGE)
        Reducer 2 <- Map 1 (CUSTOM_SIMPLE_EDGE)
#### A masked pattern was here ####
      Vertices:
        Map 1 
            Map Operator Tree:
                TableScan
                  alias: srcpart_iceberg
                  filterExpr: ((UDFToDouble(hr) = 13.0D) and ds is not null) (type: boolean)
                  Statistics: Num rows: 2000 Data size: 360000 Basic stats: COMPLETE Column stats: COMPLETE
                  Filter Operator
                    predicate: ((UDFToDouble(hr) = 13.0D) and ds is not null) (type: boolean)
                    Statistics: Num rows: 1000 Data size: 180000 Basic stats: COMPLETE Column stats: COMPLETE
                    Select Operator
                      expressions: ds (type: string), hr (type: string)
                      outputColumnNames: _col0, _col1
                      Statistics: Num rows: 1000 Data size: 180000 Basic stats: COMPLETE Column stats: COMPLETE
                      Map Join Operator
                        condition map:
                             Inner Join 0 to 1
                        keys:
                          0 _col0 (type: string)
                          1 _col0 (type: string)
                        outputColumnNames: _col1
                        input vertices:
                          1 Map 3
                        Statistics: Num rows: 500 Data size: 43000 Basic stats: COMPLETE Column stats: COMPLETE
                        Map Join Operator
                          condition map:
                               Inner Join 0 to 1
                          keys:
                            0 _col1 (type: string)
                            1 _col0 (type: string)
                          input vertices:
                            1 Map 4
                          Statistics: Num rows: 500 Data size: 4000 Basic stats: COMPLETE Column stats: COMPLETE
                          Group By Operator
                            aggregations: count()
                            minReductionHashAggr: 0.99
                            mode: hash
                            outputColumnNames: _col0
                            Statistics: Num rows: 1 Data size: 8 Basic stats: COMPLETE Column stats: COMPLETE
                            Reduce Output Operator
                              null sort order: 
                              sort order: 
                              Statistics: Num rows: 1 Data size: 8 Basic stats: COMPLETE Column stats: COMPLETE
                              value expressions: _col0 (type: bigint)
            Execution mode: vectorized
        Map 3 
            Map Operator Tree:
                TableScan
                  alias: srcpart_date_n2
                  filterExpr: ((date = '2008-04-08') and ds is not null) (type: boolean)
                  Statistics: Num rows: 2 Data size: 376 Basic stats: COMPLETE Column stats: COMPLETE
                  Filter Operator
                    predicate: ((date = '2008-04-08') and ds is not null) (type: boolean)
                    Statistics: Num rows: 1 Data size: 188 Basic stats: COMPLETE Column stats: COMPLETE
                    Select Operator
                      expressions: ds (type: string)
                      outputColumnNames: _col0
                      Statistics: Num rows: 1 Data size: 94 Basic stats: COMPLETE Column stats: COMPLETE
                      Reduce Output Operator
                        key expressions: _col0 (type: string)
                        null sort order: z
                        sort order: +
                        Map-reduce partition columns: _col0 (type: string)
                        Statistics: Num rows: 1 Data size: 94 Basic stats: COMPLETE Column stats: COMPLETE
                      Select Operator
                        expressions: _col0 (type: string)
                        outputColumnNames: _col0
                        Statistics: Num rows: 1 Data size: 94 Basic stats: COMPLETE Column stats: COMPLETE
                        Group By Operator
                          keys: _col0 (type: string)
                          minReductionHashAggr: 0.4
                          mode: hash
                          outputColumnNames: _col0
                          Statistics: Num rows: 1 Data size: 94 Basic stats: COMPLETE Column stats: COMPLETE
                          Dynamic Partitioning Event Operator
                            Target column: ds (string)
                            Target Input: srcpart_iceberg
                            Partition key expr: ds
                            Statistics: Num rows: 1 Data size: 94 Basic stats: COMPLETE Column stats: COMPLETE
                            Target Vertex: Map 1
            Execution mode: vectorized
        Map 4 
            Map Operator Tree:
                TableScan
                  alias: srcpart_hour_n0
                  filterExpr: (UDFToDouble(hr) = 13.0D) (type: boolean)
                  Statistics: Num rows: 2 Data size: 172 Basic stats: COMPLETE Column stats: COMPLETE
                  Filter Operator
                    predicate: (UDFToDouble(hr) = 13.0D) (type: boolean)
                    Statistics: Num rows: 1 Data size: 86 Basic stats: COMPLETE Column stats: COMPLETE
                    Select Operator
                      expressions: hr (type: string)
                      outputColumnNames: _col0
                      Statistics: Num rows: 1 Data size: 86 Basic stats: COMPLETE Column stats: COMPLETE
                      Reduce Output Operator
                        key expressions: _col0 (type: string)
                        null sort order: z
                        sort order: +
                        Map-reduce partition columns: _col0 (type: string)
                        Statistics: Num rows: 1 Data size: 86 Basic stats: COMPLETE Column stats: COMPLETE
                      Select Operator
                        expressions: _col0 (type: string)
                        outputColumnNames: _col0
                        Statistics: Num rows: 1 Data size: 86 Basic stats: COMPLETE Column stats: COMPLETE
                        Group By Operator
                          keys: _col0 (type: string)
                          minReductionHashAggr: 0.4
                          mode: hash
                          outputColumnNames: _col0
                          Statistics: Num rows: 1 Data size: 86 Basic stats: COMPLETE Column stats: COMPLETE
                          Dynamic Partitioning Event Operator
                            Target column: hr (string)
                            Target Input: srcpart_iceberg
                            Partition key expr: hr
                            Statistics: Num rows: 1 Data size: 86 Basic stats: COMPLETE Column stats: COMPLETE
                            Target Vertex: Map 1
            Execution mode: vectorized
        Reducer 2 
            Execution mode: vectorized
            Reduce Operator Tree:
              Group By Operator
                aggregations: count(VALUE._col0)
                mode: mergepartial
                outputColumnNames: _col0
                Statistics: Num rows: 1 Data size: 8 Basic stats: COMPLETE Column stats: COMPLETE
                File Output Operator
                  compressed: false
                  Statistics: Num rows: 1 Data size: 8 Basic stats: COMPLETE Column stats: COMPLETE
                  table:
                      input format: org.apache.hadoop.mapred.SequenceFileInputFormat
                      output format: org.apache.hadoop.hive.ql.io.HiveSequenceFileOutputFormat
                      serde: org.apache.hadoop.hive.serde2.lazy.LazySimpleSerDe

  Stage: Stage-0
    Fetch Operator
      limit: -1
      Processor Tree:
        ListSink

PREHOOK: query: select count(*) from srcpart_iceberg join srcpart_date_n2 on (srcpart_iceberg.ds = srcpart_date_n2.ds) join srcpart_hour_n0 on (srcpart_iceberg.hr = srcpart_hour_n0.hr)
where srcpart_date_n2.`date` = '2008-04-08' and srcpart_iceberg.hr = 13
PREHOOK: type: QUERY
PREHOOK: Input: default@srcpart_date_n2
PREHOOK: Input: default@srcpart_hour_n0
PREHOOK: Input: default@srcpart_iceberg
PREHOOK: Output: hdfs://### HDFS PATH ###
POSTHOOK: query: select count(*) from srcpart_iceberg join srcpart_date_n2 on (srcpart_iceberg.ds = srcpart_date_n2.ds) join srcpart_hour_n0 on (srcpart_iceberg.hr = srcpart_hour_n0.hr)
where srcpart_date_n2.`date` = '2008-04-08' and srcpart_iceberg.hr = 13
POSTHOOK: type: QUERY
POSTHOOK: Input: default@srcpart_date_n2
POSTHOOK: Input: default@srcpart_hour_n0
POSTHOOK: Input: default@srcpart_iceberg
POSTHOOK: Output: hdfs://### HDFS PATH ###
0
PREHOOK: query: EXPLAIN select distinct(ds) from srcpart_iceberg where srcpart_iceberg.ds in (select max(srcpart_iceberg.ds) from srcpart_iceberg union all select min(srcpart_iceberg.ds) from srcpart_iceberg)
PREHOOK: type: QUERY
PREHOOK: Input: default@srcpart_iceberg
PREHOOK: Output: hdfs://### HDFS PATH ###
POSTHOOK: query: EXPLAIN select distinct(ds) from srcpart_iceberg where srcpart_iceberg.ds in (select max(srcpart_iceberg.ds) from srcpart_iceberg union all select min(srcpart_iceberg.ds) from srcpart_iceberg)
POSTHOOK: type: QUERY
POSTHOOK: Input: default@srcpart_iceberg
POSTHOOK: Output: hdfs://### HDFS PATH ###
STAGE DEPENDENCIES:
  Stage-1 is a root stage
  Stage-0 depends on stages: Stage-1

STAGE PLANS:
  Stage: Stage-1
    Tez
#### A masked pattern was here ####
      Edges:
        Map 1 <- Union 5 (BROADCAST_EDGE)
        Reducer 2 <- Map 1 (SIMPLE_EDGE)
        Reducer 4 <- Map 3 (CUSTOM_SIMPLE_EDGE), Union 5 (CONTAINS)
        Reducer 7 <- Map 6 (CUSTOM_SIMPLE_EDGE), Union 5 (CONTAINS)
#### A masked pattern was here ####
      Vertices:
        Map 1 
            Map Operator Tree:
                TableScan
                  alias: srcpart_iceberg
                  filterExpr: ds is not null (type: boolean)
                  Statistics: Num rows: 2000 Data size: 188000 Basic stats: COMPLETE Column stats: COMPLETE
                  Filter Operator
                    predicate: ds is not null (type: boolean)
                    Statistics: Num rows: 2000 Data size: 188000 Basic stats: COMPLETE Column stats: COMPLETE
                    Select Operator
                      expressions: ds (type: string)
                      outputColumnNames: _col0
                      Statistics: Num rows: 2000 Data size: 188000 Basic stats: COMPLETE Column stats: COMPLETE
                      Map Join Operator
                        condition map:
                             Left Semi Join 0 to 1
                        keys:
                          0 _col0 (type: string)
                          1 _col0 (type: string)
                        outputColumnNames: _col0
                        input vertices:
                          1 Union 5
                        Statistics: Num rows: 1000 Data size: 94000 Basic stats: COMPLETE Column stats: COMPLETE
                        Group By Operator
                          keys: _col0 (type: string)
                          minReductionHashAggr: 0.99
                          mode: hash
                          outputColumnNames: _col0
                          Statistics: Num rows: 1 Data size: 94 Basic stats: COMPLETE Column stats: COMPLETE
                          Reduce Output Operator
                            key expressions: _col0 (type: string)
                            null sort order: z
                            sort order: +
                            Map-reduce partition columns: _col0 (type: string)
                            Statistics: Num rows: 1 Data size: 94 Basic stats: COMPLETE Column stats: COMPLETE
            Execution mode: vectorized
        Map 3 
            Map Operator Tree:
                TableScan
                  alias: srcpart_iceberg
                  Statistics: Num rows: 2000 Data size: 188000 Basic stats: COMPLETE Column stats: COMPLETE
                  Select Operator
                    expressions: ds (type: string)
                    outputColumnNames: ds
                    Statistics: Num rows: 2000 Data size: 188000 Basic stats: COMPLETE Column stats: COMPLETE
                    Group By Operator
                      aggregations: max(ds)
                      minReductionHashAggr: 0.99
                      mode: hash
                      outputColumnNames: _col0
                      Statistics: Num rows: 1 Data size: 184 Basic stats: COMPLETE Column stats: COMPLETE
                      Reduce Output Operator
                        null sort order: 
                        sort order: 
                        Statistics: Num rows: 1 Data size: 184 Basic stats: COMPLETE Column stats: COMPLETE
                        value expressions: _col0 (type: string)
            Execution mode: vectorized
        Map 6 
            Map Operator Tree:
                TableScan
                  alias: srcpart_iceberg
                  Statistics: Num rows: 2000 Data size: 188000 Basic stats: COMPLETE Column stats: COMPLETE
                  Select Operator
                    expressions: ds (type: string)
                    outputColumnNames: ds
                    Statistics: Num rows: 2000 Data size: 188000 Basic stats: COMPLETE Column stats: COMPLETE
                    Group By Operator
                      aggregations: min(ds)
                      minReductionHashAggr: 0.99
                      mode: hash
                      outputColumnNames: _col0
                      Statistics: Num rows: 1 Data size: 184 Basic stats: COMPLETE Column stats: COMPLETE
                      Reduce Output Operator
                        null sort order: 
                        sort order: 
                        Statistics: Num rows: 1 Data size: 184 Basic stats: COMPLETE Column stats: COMPLETE
                        value expressions: _col0 (type: string)
            Execution mode: vectorized
        Reducer 2 
            Execution mode: vectorized
            Reduce Operator Tree:
              Group By Operator
                keys: KEY._col0 (type: string)
                mode: mergepartial
                outputColumnNames: _col0
                Statistics: Num rows: 1 Data size: 94 Basic stats: COMPLETE Column stats: COMPLETE
                File Output Operator
                  compressed: false
                  Statistics: Num rows: 1 Data size: 94 Basic stats: COMPLETE Column stats: COMPLETE
                  table:
                      input format: org.apache.hadoop.mapred.SequenceFileInputFormat
                      output format: org.apache.hadoop.hive.ql.io.HiveSequenceFileOutputFormat
                      serde: org.apache.hadoop.hive.serde2.lazy.LazySimpleSerDe
        Reducer 4 
            Execution mode: vectorized
            Reduce Operator Tree:
              Group By Operator
                aggregations: max(VALUE._col0)
                mode: mergepartial
                outputColumnNames: _col0
                Statistics: Num rows: 1 Data size: 184 Basic stats: COMPLETE Column stats: COMPLETE
                Filter Operator
                  predicate: _col0 is not null (type: boolean)
                  Statistics: Num rows: 1 Data size: 184 Basic stats: COMPLETE Column stats: COMPLETE
                  Group By Operator
                    keys: _col0 (type: string)
                    minReductionHashAggr: 0.5
                    mode: hash
                    outputColumnNames: _col0
                    Statistics: Num rows: 1 Data size: 184 Basic stats: COMPLETE Column stats: COMPLETE
                    Reduce Output Operator
                      key expressions: _col0 (type: string)
                      null sort order: z
                      sort order: +
                      Map-reduce partition columns: _col0 (type: string)
                      Statistics: Num rows: 1 Data size: 184 Basic stats: COMPLETE Column stats: COMPLETE
                    Select Operator
                      expressions: _col0 (type: string)
                      outputColumnNames: _col0
                      Statistics: Num rows: 1 Data size: 184 Basic stats: COMPLETE Column stats: COMPLETE
                      Group By Operator
                        keys: _col0 (type: string)
                        minReductionHashAggr: 0.4
                        mode: hash
                        outputColumnNames: _col0
                        Statistics: Num rows: 1 Data size: 184 Basic stats: COMPLETE Column stats: COMPLETE
                        Dynamic Partitioning Event Operator
                          Target column: ds (string)
                          Target Input: srcpart_iceberg
                          Partition key expr: ds
                          Statistics: Num rows: 1 Data size: 184 Basic stats: COMPLETE Column stats: COMPLETE
                          Target Vertex: Map 1
        Reducer 7 
            Execution mode: vectorized
            Reduce Operator Tree:
              Group By Operator
                aggregations: min(VALUE._col0)
                mode: mergepartial
                outputColumnNames: _col0
                Statistics: Num rows: 1 Data size: 184 Basic stats: COMPLETE Column stats: COMPLETE
                Filter Operator
                  predicate: _col0 is not null (type: boolean)
                  Statistics: Num rows: 1 Data size: 184 Basic stats: COMPLETE Column stats: COMPLETE
                  Group By Operator
                    keys: _col0 (type: string)
                    minReductionHashAggr: 0.5
                    mode: hash
                    outputColumnNames: _col0
                    Statistics: Num rows: 1 Data size: 184 Basic stats: COMPLETE Column stats: COMPLETE
                    Reduce Output Operator
                      key expressions: _col0 (type: string)
                      null sort order: z
                      sort order: +
                      Map-reduce partition columns: _col0 (type: string)
                      Statistics: Num rows: 1 Data size: 184 Basic stats: COMPLETE Column stats: COMPLETE
                    Select Operator
                      expressions: _col0 (type: string)
                      outputColumnNames: _col0
                      Statistics: Num rows: 1 Data size: 184 Basic stats: COMPLETE Column stats: COMPLETE
                      Group By Operator
                        keys: _col0 (type: string)
                        minReductionHashAggr: 0.4
                        mode: hash
                        outputColumnNames: _col0
                        Statistics: Num rows: 1 Data size: 184 Basic stats: COMPLETE Column stats: COMPLETE
                        Dynamic Partitioning Event Operator
                          Target column: ds (string)
                          Target Input: srcpart_iceberg
                          Partition key expr: ds
                          Statistics: Num rows: 1 Data size: 184 Basic stats: COMPLETE Column stats: COMPLETE
                          Target Vertex: Map 1
        Union 5 
            Vertex: Union 5

  Stage: Stage-0
    Fetch Operator
      limit: -1
      Processor Tree:
        ListSink

PREHOOK: query: select distinct(ds) from srcpart_iceberg where srcpart_iceberg.ds in (select max(srcpart_iceberg.ds) from srcpart_iceberg union all select min(srcpart_iceberg.ds) from srcpart_iceberg)
PREHOOK: type: QUERY
PREHOOK: Input: default@srcpart_iceberg
PREHOOK: Output: hdfs://### HDFS PATH ###
POSTHOOK: query: select distinct(ds) from srcpart_iceberg where srcpart_iceberg.ds in (select max(srcpart_iceberg.ds) from srcpart_iceberg union all select min(srcpart_iceberg.ds) from srcpart_iceberg)
POSTHOOK: type: QUERY
POSTHOOK: Input: default@srcpart_iceberg
POSTHOOK: Output: hdfs://### HDFS PATH ###
2008-04-08
2008-04-09
PREHOOK: query: create table srcpart_date_hour_n0_iceberg (ds string, `date` string, hr string, hour string)
STORED BY ICEBERG STORED AS ORC
PREHOOK: type: CREATETABLE
PREHOOK: Output: database:default
PREHOOK: Output: default@srcpart_date_hour_n0_iceberg
POSTHOOK: query: create table srcpart_date_hour_n0_iceberg (ds string, `date` string, hr string, hour string)
STORED BY ICEBERG STORED AS ORC
POSTHOOK: type: CREATETABLE
POSTHOOK: Output: database:default
POSTHOOK: Output: default@srcpart_date_hour_n0_iceberg
PREHOOK: query: INSERT INTO srcpart_date_hour_n0_iceberg select ds as ds, ds as `date`, hr as hr, hr as hour from srcpart group by ds, hr
PREHOOK: type: QUERY
PREHOOK: Input: default@srcpart
PREHOOK: Input: default@srcpart@ds=2008-04-08/hr=11
PREHOOK: Input: default@srcpart@ds=2008-04-08/hr=12
PREHOOK: Input: default@srcpart@ds=2008-04-09/hr=11
PREHOOK: Input: default@srcpart@ds=2008-04-09/hr=12
PREHOOK: Output: default@srcpart_date_hour_n0_iceberg
POSTHOOK: query: INSERT INTO srcpart_date_hour_n0_iceberg select ds as ds, ds as `date`, hr as hr, hr as hour from srcpart group by ds, hr
POSTHOOK: type: QUERY
POSTHOOK: Input: default@srcpart
POSTHOOK: Input: default@srcpart@ds=2008-04-08/hr=11
POSTHOOK: Input: default@srcpart@ds=2008-04-08/hr=12
POSTHOOK: Input: default@srcpart@ds=2008-04-09/hr=11
POSTHOOK: Input: default@srcpart@ds=2008-04-09/hr=12
POSTHOOK: Output: default@srcpart_date_hour_n0_iceberg
PREHOOK: query: EXPLAIN select count(*) from srcpart_iceberg join srcpart_date_hour_n0_iceberg on (srcpart_iceberg.ds = srcpart_date_hour_n0_iceberg.ds and srcpart_iceberg.hr = srcpart_date_hour_n0_iceberg.hr) where srcpart_date_hour_n0_iceberg.hour = 11 and (srcpart_date_hour_n0_iceberg.`date` = '2008-04-08' or srcpart_date_hour_n0_iceberg.`date` = '2008-04-09')
PREHOOK: type: QUERY
PREHOOK: Input: default@srcpart_date_hour_n0_iceberg
PREHOOK: Input: default@srcpart_iceberg
PREHOOK: Output: hdfs://### HDFS PATH ###
POSTHOOK: query: EXPLAIN select count(*) from srcpart_iceberg join srcpart_date_hour_n0_iceberg on (srcpart_iceberg.ds = srcpart_date_hour_n0_iceberg.ds and srcpart_iceberg.hr = srcpart_date_hour_n0_iceberg.hr) where srcpart_date_hour_n0_iceberg.hour = 11 and (srcpart_date_hour_n0_iceberg.`date` = '2008-04-08' or srcpart_date_hour_n0_iceberg.`date` = '2008-04-09')
POSTHOOK: type: QUERY
POSTHOOK: Input: default@srcpart_date_hour_n0_iceberg
POSTHOOK: Input: default@srcpart_iceberg
POSTHOOK: Output: hdfs://### HDFS PATH ###
STAGE DEPENDENCIES:
  Stage-1 is a root stage
  Stage-0 depends on stages: Stage-1

STAGE PLANS:
  Stage: Stage-1
    Tez
#### A masked pattern was here ####
      Edges:
        Map 1 <- Map 3 (BROADCAST_EDGE)
        Reducer 2 <- Map 1 (CUSTOM_SIMPLE_EDGE)
#### A masked pattern was here ####
      Vertices:
        Map 1 
            Map Operator Tree:
                TableScan
                  alias: srcpart_iceberg
                  filterExpr: (ds is not null and hr is not null) (type: boolean)
                  Statistics: Num rows: 2000 Data size: 360000 Basic stats: COMPLETE Column stats: COMPLETE
                  Filter Operator
                    predicate: (ds is not null and hr is not null) (type: boolean)
                    Statistics: Num rows: 2000 Data size: 360000 Basic stats: COMPLETE Column stats: COMPLETE
                    Select Operator
                      expressions: ds (type: string), hr (type: string)
                      outputColumnNames: _col0, _col1
                      Statistics: Num rows: 2000 Data size: 360000 Basic stats: COMPLETE Column stats: COMPLETE
                      Map Join Operator
                        condition map:
                             Inner Join 0 to 1
                        keys:
                          0 _col0 (type: string), _col1 (type: string)
                          1 _col0 (type: string), _col1 (type: string)
                        input vertices:
                          1 Map 3
                        Statistics: Num rows: 2000 Data size: 16000 Basic stats: COMPLETE Column stats: COMPLETE
                        Group By Operator
                          aggregations: count()
                          minReductionHashAggr: 0.99
                          mode: hash
                          outputColumnNames: _col0
                          Statistics: Num rows: 1 Data size: 8 Basic stats: COMPLETE Column stats: COMPLETE
                          Reduce Output Operator
                            null sort order: 
                            sort order: 
                            Statistics: Num rows: 1 Data size: 8 Basic stats: COMPLETE Column stats: COMPLETE
                            value expressions: _col0 (type: bigint)
        Map 3 
            Map Operator Tree:
                TableScan
                  alias: srcpart_date_hour_n0_iceberg
                  filterExpr: ((UDFToDouble(hour) = 11.0D) and (date) IN ('2008-04-08', '2008-04-09') and ds is not null and hr is not null) (type: boolean)
                  Statistics: Num rows: 4 Data size: 1440 Basic stats: COMPLETE Column stats: COMPLETE
                  Filter Operator
                    predicate: ((UDFToDouble(hour) = 11.0D) and (date) IN ('2008-04-08', '2008-04-09') and ds is not null and hr is not null) (type: boolean)
                    Statistics: Num rows: 2 Data size: 720 Basic stats: COMPLETE Column stats: COMPLETE
                    Select Operator
                      expressions: ds (type: string), hr (type: string)
                      outputColumnNames: _col0, _col1
                      Statistics: Num rows: 2 Data size: 360 Basic stats: COMPLETE Column stats: COMPLETE
                      Reduce Output Operator
                        key expressions: _col0 (type: string), _col1 (type: string)
                        null sort order: zz
                        sort order: ++
                        Map-reduce partition columns: _col0 (type: string), _col1 (type: string)
                        Statistics: Num rows: 2 Data size: 360 Basic stats: COMPLETE Column stats: COMPLETE
                      Select Operator
                        expressions: _col0 (type: string)
                        outputColumnNames: _col0
                        Statistics: Num rows: 2 Data size: 188 Basic stats: COMPLETE Column stats: COMPLETE
                        Group By Operator
                          keys: _col0 (type: string)
                          minReductionHashAggr: 0.4
                          mode: hash
                          outputColumnNames: _col0
                          Statistics: Num rows: 2 Data size: 188 Basic stats: COMPLETE Column stats: COMPLETE
                          Dynamic Partitioning Event Operator
                            Target column: ds (string)
                            Target Input: srcpart_iceberg
                            Partition key expr: ds
                            Statistics: Num rows: 2 Data size: 188 Basic stats: COMPLETE Column stats: COMPLETE
                            Target Vertex: Map 1
                      Select Operator
                        expressions: _col1 (type: string)
                        outputColumnNames: _col0
                        Statistics: Num rows: 2 Data size: 172 Basic stats: COMPLETE Column stats: COMPLETE
                        Group By Operator
                          keys: _col0 (type: string)
                          minReductionHashAggr: 0.4
                          mode: hash
                          outputColumnNames: _col0
                          Statistics: Num rows: 2 Data size: 172 Basic stats: COMPLETE Column stats: COMPLETE
                          Dynamic Partitioning Event Operator
                            Target column: hr (string)
                            Target Input: srcpart_iceberg
                            Partition key expr: hr
                            Statistics: Num rows: 2 Data size: 172 Basic stats: COMPLETE Column stats: COMPLETE
                            Target Vertex: Map 1
        Reducer 2 
            Reduce Operator Tree:
              Group By Operator
                aggregations: count(VALUE._col0)
                mode: mergepartial
                outputColumnNames: _col0
                Statistics: Num rows: 1 Data size: 8 Basic stats: COMPLETE Column stats: COMPLETE
                File Output Operator
                  compressed: false
                  Statistics: Num rows: 1 Data size: 8 Basic stats: COMPLETE Column stats: COMPLETE
                  table:
                      input format: org.apache.hadoop.mapred.SequenceFileInputFormat
                      output format: org.apache.hadoop.hive.ql.io.HiveSequenceFileOutputFormat
                      serde: org.apache.hadoop.hive.serde2.lazy.LazySimpleSerDe

  Stage: Stage-0
    Fetch Operator
      limit: -1
      Processor Tree:
        ListSink

PREHOOK: query: select count(*) from srcpart_iceberg join srcpart_date_hour_n0_iceberg on (srcpart_iceberg.ds = srcpart_date_hour_n0_iceberg.ds and srcpart_iceberg.hr = srcpart_date_hour_n0_iceberg.hr) where srcpart_date_hour_n0_iceberg.hour = 11 and (srcpart_date_hour_n0_iceberg.`date` = '2008-04-08' or srcpart_date_hour_n0_iceberg.`date` = '2008-04-09')
PREHOOK: type: QUERY
PREHOOK: Input: default@srcpart_date_hour_n0_iceberg
PREHOOK: Input: default@srcpart_iceberg
PREHOOK: Output: hdfs://### HDFS PATH ###
POSTHOOK: query: select count(*) from srcpart_iceberg join srcpart_date_hour_n0_iceberg on (srcpart_iceberg.ds = srcpart_date_hour_n0_iceberg.ds and srcpart_iceberg.hr = srcpart_date_hour_n0_iceberg.hr) where srcpart_date_hour_n0_iceberg.hour = 11 and (srcpart_date_hour_n0_iceberg.`date` = '2008-04-08' or srcpart_date_hour_n0_iceberg.`date` = '2008-04-09')
POSTHOOK: type: QUERY
POSTHOOK: Input: default@srcpart_date_hour_n0_iceberg
POSTHOOK: Input: default@srcpart_iceberg
POSTHOOK: Output: hdfs://### HDFS PATH ###
1000
PREHOOK: query: select count(*) from srcpart where (ds = '2008-04-08' or ds = '2008-04-09') and hr = 11
PREHOOK: type: QUERY
PREHOOK: Input: default@srcpart
PREHOOK: Input: default@srcpart@ds=2008-04-08/hr=11
PREHOOK: Input: default@srcpart@ds=2008-04-09/hr=11
PREHOOK: Output: hdfs://### HDFS PATH ###
POSTHOOK: query: select count(*) from srcpart where (ds = '2008-04-08' or ds = '2008-04-09') and hr = 11
POSTHOOK: type: QUERY
POSTHOOK: Input: default@srcpart
POSTHOOK: Input: default@srcpart@ds=2008-04-08/hr=11
POSTHOOK: Input: default@srcpart@ds=2008-04-09/hr=11
POSTHOOK: Output: hdfs://### HDFS PATH ###
1000
PREHOOK: query: drop table srcpart_iceberg
PREHOOK: type: DROPTABLE
PREHOOK: Input: default@srcpart_iceberg
PREHOOK: Output: database:default
PREHOOK: Output: default@srcpart_iceberg
POSTHOOK: query: drop table srcpart_iceberg
POSTHOOK: type: DROPTABLE
POSTHOOK: Input: default@srcpart_iceberg
POSTHOOK: Output: database:default
POSTHOOK: Output: default@srcpart_iceberg
PREHOOK: query: drop table srcpart_date_hour_n0_iceberg
PREHOOK: type: DROPTABLE
PREHOOK: Input: default@srcpart_date_hour_n0_iceberg
PREHOOK: Output: database:default
PREHOOK: Output: default@srcpart_date_hour_n0_iceberg
POSTHOOK: query: drop table srcpart_date_hour_n0_iceberg
POSTHOOK: type: DROPTABLE
POSTHOOK: Input: default@srcpart_date_hour_n0_iceberg
POSTHOOK: Output: database:default
POSTHOOK: Output: default@srcpart_date_hour_n0_iceberg
PREHOOK: query: drop table srcpart_date_n2
PREHOOK: type: DROPTABLE
PREHOOK: Input: default@srcpart_date_n2
PREHOOK: Output: database:default
PREHOOK: Output: default@srcpart_date_n2
POSTHOOK: query: drop table srcpart_date_n2
POSTHOOK: type: DROPTABLE
POSTHOOK: Input: default@srcpart_date_n2
POSTHOOK: Output: database:default
POSTHOOK: Output: default@srcpart_date_n2
PREHOOK: query: drop table srcpart_hour_n0
PREHOOK: type: DROPTABLE
PREHOOK: Input: default@srcpart_hour_n0
PREHOOK: Output: database:default
PREHOOK: Output: default@srcpart_hour_n0
POSTHOOK: query: drop table srcpart_hour_n0
POSTHOOK: type: DROPTABLE
POSTHOOK: Input: default@srcpart_hour_n0
POSTHOOK: Output: database:default
POSTHOOK: Output: default@srcpart_hour_n0
PREHOOK: query: drop table srcpart_date_hour_n0
PREHOOK: type: DROPTABLE
PREHOOK: Input: default@srcpart_date_hour_n0
PREHOOK: Output: database:default
PREHOOK: Output: default@srcpart_date_hour_n0
POSTHOOK: query: drop table srcpart_date_hour_n0
POSTHOOK: type: DROPTABLE
POSTHOOK: Input: default@srcpart_date_hour_n0
POSTHOOK: Output: database:default
POSTHOOK: Output: default@srcpart_date_hour_n0
PREHOOK: query: drop table srcpart_double_hour_n0
PREHOOK: type: DROPTABLE
PREHOOK: Input: default@srcpart_double_hour_n0
PREHOOK: Output: database:default
PREHOOK: Output: default@srcpart_double_hour_n0
POSTHOOK: query: drop table srcpart_double_hour_n0
POSTHOOK: type: DROPTABLE
POSTHOOK: Input: default@srcpart_double_hour_n0
POSTHOOK: Output: database:default
POSTHOOK: Output: default@srcpart_double_hour_n0
