PREHOOK: query: create external table target_ice(a int, b string, c int) partitioned by spec (bucket(16, a), truncate(3, b)) stored by iceberg stored as orc tblproperties ('format-version'='2')
PREHOOK: type: CREATETABLE
PREHOOK: Output: database:default
PREHOOK: Output: default@target_ice
POSTHOOK: query: create external table target_ice(a int, b string, c int) partitioned by spec (bucket(16, a), truncate(3, b)) stored by iceberg stored as orc tblproperties ('format-version'='2')
POSTHOOK: type: CREATETABLE
POSTHOOK: Output: database:default
POSTHOOK: Output: default@target_ice
PREHOOK: query: create table source(a int, b string, c int)
PREHOOK: type: CREATETABLE
PREHOOK: Output: database:default
PREHOOK: Output: default@source
POSTHOOK: query: create table source(a int, b string, c int)
POSTHOOK: type: CREATETABLE
POSTHOOK: Output: database:default
POSTHOOK: Output: default@source
PREHOOK: query: insert into target_ice values (1, 'one', 50), (2, 'two', 51), (111, 'one', 55), (333, 'two', 56)
PREHOOK: type: QUERY
PREHOOK: Input: _dummy_database@_dummy_table
PREHOOK: Output: default@target_ice
POSTHOOK: query: insert into target_ice values (1, 'one', 50), (2, 'two', 51), (111, 'one', 55), (333, 'two', 56)
POSTHOOK: type: QUERY
POSTHOOK: Input: _dummy_database@_dummy_table
POSTHOOK: Output: default@target_ice
PREHOOK: query: insert into source values (1, 'one', 50), (2, 'two', 51), (3, 'three', 52), (4, 'four', 53), (5, 'five', 54), (111, 'one', 55)
PREHOOK: type: QUERY
PREHOOK: Input: _dummy_database@_dummy_table
PREHOOK: Output: default@source
POSTHOOK: query: insert into source values (1, 'one', 50), (2, 'two', 51), (3, 'three', 52), (4, 'four', 53), (5, 'five', 54), (111, 'one', 55)
POSTHOOK: type: QUERY
POSTHOOK: Input: _dummy_database@_dummy_table
POSTHOOK: Output: default@source
POSTHOOK: Lineage: source.a SCRIPT []
POSTHOOK: Lineage: source.b SCRIPT []
POSTHOOK: Lineage: source.c SCRIPT []
PREHOOK: query: explain
merge into target_ice as t using source src ON t.a = src.a
when matched and t.a > 100 THEN DELETE
when matched then update set b = 'Merged', c = t.c + 10
when not matched then insert values (src.a, src.b, src.c)
PREHOOK: type: QUERY
PREHOOK: Input: default@source
PREHOOK: Input: default@target_ice
PREHOOK: Output: default@merge_tmp_table
PREHOOK: Output: default@target_ice
PREHOOK: Output: default@target_ice
POSTHOOK: query: explain
merge into target_ice as t using source src ON t.a = src.a
when matched and t.a > 100 THEN DELETE
when matched then update set b = 'Merged', c = t.c + 10
when not matched then insert values (src.a, src.b, src.c)
POSTHOOK: type: QUERY
POSTHOOK: Input: default@source
POSTHOOK: Input: default@target_ice
POSTHOOK: Output: default@merge_tmp_table
POSTHOOK: Output: default@target_ice
POSTHOOK: Output: default@target_ice
STAGE DEPENDENCIES:
  Stage-5 is a root stage
  Stage-6 depends on stages: Stage-5
  Stage-0 depends on stages: Stage-6
  Stage-7 depends on stages: Stage-0
  Stage-4 depends on stages: Stage-6
  Stage-8 depends on stages: Stage-4

STAGE PLANS:
  Stage: Stage-5
    Tez
#### A masked pattern was here ####
      Edges:
        Reducer 2 <- Map 1 (SIMPLE_EDGE), Map 8 (SIMPLE_EDGE)
        Reducer 3 <- Reducer 2 (SIMPLE_EDGE)
        Reducer 4 <- Reducer 2 (SIMPLE_EDGE)
        Reducer 5 <- Reducer 2 (SIMPLE_EDGE)
        Reducer 6 <- Reducer 2 (SIMPLE_EDGE)
        Reducer 7 <- Reducer 2 (SIMPLE_EDGE)
#### A masked pattern was here ####
      Vertices:
        Map 1 
            Map Operator Tree:
                TableScan
                  alias: src
                  Statistics: Num rows: 6 Data size: 576 Basic stats: COMPLETE Column stats: COMPLETE
                  Select Operator
                    expressions: a (type: int), b (type: string), c (type: int)
                    outputColumnNames: _col0, _col1, _col2
                    Statistics: Num rows: 6 Data size: 576 Basic stats: COMPLETE Column stats: COMPLETE
                    Reduce Output Operator
                      key expressions: _col0 (type: int)
                      null sort order: z
                      sort order: +
                      Map-reduce partition columns: _col0 (type: int)
                      Statistics: Num rows: 6 Data size: 576 Basic stats: COMPLETE Column stats: COMPLETE
                      value expressions: _col1 (type: string), _col2 (type: int)
            Execution mode: vectorized
        Map 8 
            Map Operator Tree:
                TableScan
                  alias: target_ice
                  filterExpr: a is not null (type: boolean)
                  Statistics: Num rows: 4 Data size: 380 Basic stats: COMPLETE Column stats: COMPLETE
                  Filter Operator
                    predicate: a is not null (type: boolean)
                    Statistics: Num rows: 4 Data size: 380 Basic stats: COMPLETE Column stats: COMPLETE
                    Select Operator
                      expressions: PARTITION__SPEC__ID (type: int), PARTITION__HASH (type: bigint), FILE__PATH (type: string), ROW__POSITION (type: bigint), a (type: int), b (type: string), c (type: int)
                      outputColumnNames: _col0, _col1, _col2, _col3, _col4, _col5, _col6
                      Statistics: Num rows: 4 Data size: 1196 Basic stats: COMPLETE Column stats: COMPLETE
                      Reduce Output Operator
                        key expressions: _col4 (type: int)
                        null sort order: z
                        sort order: +
                        Map-reduce partition columns: _col4 (type: int)
                        Statistics: Num rows: 4 Data size: 1196 Basic stats: COMPLETE Column stats: COMPLETE
                        value expressions: _col0 (type: int), _col1 (type: bigint), _col2 (type: string), _col3 (type: bigint), _col5 (type: string), _col6 (type: int)
            Execution mode: vectorized
        Reducer 2 
            Reduce Operator Tree:
              Merge Join Operator
                condition map:
                     Left Outer Join 0 to 1
                keys:
                  0 _col0 (type: int)
                  1 _col4 (type: int)
                outputColumnNames: _col0, _col1, _col2, _col3, _col4, _col5, _col6, _col7, _col8, _col9
                Statistics: Num rows: 10 Data size: 2455 Basic stats: COMPLETE Column stats: COMPLETE
                Select Operator
                  expressions: _col1 (type: string), _col0 (type: int), _col5 (type: string), _col2 (type: int), _col6 (type: bigint), _col4 (type: bigint), _col3 (type: int), _col9 (type: int), _col8 (type: string), _col7 (type: int)
                  outputColumnNames: _col0, _col1, _col2, _col3, _col4, _col5, _col6, _col7, _col8, _col9
                  Statistics: Num rows: 10 Data size: 2455 Basic stats: COMPLETE Column stats: COMPLETE
                  Filter Operator
                    predicate: ((_col9 = _col1) and (_col9 > 100)) (type: boolean)
                    Statistics: Num rows: 4 Data size: 1281 Basic stats: COMPLETE Column stats: COMPLETE
                    Select Operator
                      expressions: _col6 (type: int), _col5 (type: bigint), _col2 (type: string), _col4 (type: bigint), _col9 (type: int), _col8 (type: string), _col7 (type: int)
                      outputColumnNames: _col0, _col1, _col2, _col3, _col4, _col5, _col6
                      Statistics: Num rows: 4 Data size: 897 Basic stats: COMPLETE Column stats: COMPLETE
                      Reduce Output Operator
                        key expressions: _col0 (type: int), _col1 (type: bigint), _col2 (type: string), _col3 (type: bigint)
                        null sort order: zzzz
                        sort order: ++++
                        Statistics: Num rows: 4 Data size: 897 Basic stats: COMPLETE Column stats: COMPLETE
                        value expressions: _col4 (type: int), _col5 (type: string), _col6 (type: int)
                  Filter Operator
                    predicate: ((_col9 = _col1) and (_col9 <= 100)) (type: boolean)
                    Statistics: Num rows: 1 Data size: 395 Basic stats: COMPLETE Column stats: COMPLETE
                    Select Operator
                      expressions: _col6 (type: int), _col5 (type: bigint), _col2 (type: string), _col4 (type: bigint), _col9 (type: int), _col8 (type: string), _col7 (type: int)
                      outputColumnNames: _col0, _col1, _col2, _col3, _col4, _col5, _col6
                      Statistics: Num rows: 1 Data size: 299 Basic stats: COMPLETE Column stats: COMPLETE
                      Reduce Output Operator
                        key expressions: _col0 (type: int), _col1 (type: bigint), _col2 (type: string), _col3 (type: bigint)
                        null sort order: zzzz
                        sort order: ++++
                        Statistics: Num rows: 1 Data size: 299 Basic stats: COMPLETE Column stats: COMPLETE
                        value expressions: _col4 (type: int), _col5 (type: string), _col6 (type: int)
                  Filter Operator
                    predicate: ((_col9 = _col1) and (_col9 <= 100)) (type: boolean)
                    Statistics: Num rows: 1 Data size: 395 Basic stats: COMPLETE Column stats: COMPLETE
                    Select Operator
                      expressions: _col9 (type: int), 'Merged' (type: string), (_col7 + 10) (type: int)
                      outputColumnNames: _col0, _col1, _col2
                      Statistics: Num rows: 1 Data size: 98 Basic stats: COMPLETE Column stats: COMPLETE
                      Reduce Output Operator
                        key expressions: iceberg_bucket(_col0, 16) (type: int), _col1 (type: string)
                        null sort order: aa
                        sort order: ++
                        Map-reduce partition columns: iceberg_bucket(_col0, 16) (type: int), _col1 (type: string)
                        Statistics: Num rows: 1 Data size: 98 Basic stats: COMPLETE Column stats: COMPLETE
                        value expressions: _col0 (type: int), _col1 (type: string), _col2 (type: int)
                  Filter Operator
                    predicate: _col9 is null (type: boolean)
                    Statistics: Num rows: 6 Data size: 1473 Basic stats: COMPLETE Column stats: COMPLETE
                    Select Operator
                      expressions: _col1 (type: int), _col0 (type: string), _col3 (type: int)
                      outputColumnNames: _col0, _col1, _col2
                      Statistics: Num rows: 6 Data size: 576 Basic stats: COMPLETE Column stats: COMPLETE
                      Reduce Output Operator
                        key expressions: iceberg_bucket(_col0, 16) (type: int), _col1 (type: string)
                        null sort order: aa
                        sort order: ++
                        Map-reduce partition columns: iceberg_bucket(_col0, 16) (type: int), _col1 (type: string)
                        Statistics: Num rows: 6 Data size: 576 Basic stats: COMPLETE Column stats: COMPLETE
                        value expressions: _col0 (type: int), _col1 (type: string), _col2 (type: int)
                  Filter Operator
                    predicate: (_col9 = _col1) (type: boolean)
                    Statistics: Num rows: 5 Data size: 1377 Basic stats: COMPLETE Column stats: COMPLETE
                    Select Operator
                      expressions: _col2 (type: string), _col4 (type: bigint), _col5 (type: bigint), _col6 (type: int)
                      outputColumnNames: _col2, _col4, _col5, _col6
                      Statistics: Num rows: 5 Data size: 1377 Basic stats: COMPLETE Column stats: COMPLETE
                      Group By Operator
                        aggregations: count()
                        keys: _col6 (type: int), _col5 (type: bigint), _col2 (type: string), _col4 (type: bigint)
                        minReductionHashAggr: 0.4
                        mode: hash
                        outputColumnNames: _col0, _col1, _col2, _col3, _col4
                        Statistics: Num rows: 4 Data size: 644 Basic stats: COMPLETE Column stats: COMPLETE
                        Reduce Output Operator
                          key expressions: _col0 (type: int), _col1 (type: bigint), _col2 (type: string), _col3 (type: bigint)
                          null sort order: zzzz
                          sort order: ++++
                          Map-reduce partition columns: _col0 (type: int), _col1 (type: bigint), _col2 (type: string), _col3 (type: bigint)
                          Statistics: Num rows: 4 Data size: 644 Basic stats: COMPLETE Column stats: COMPLETE
                          value expressions: _col4 (type: bigint)
        Reducer 3 
            Execution mode: vectorized
            Reduce Operator Tree:
              Select Operator
                expressions: KEY.reducesinkkey0 (type: int), KEY.reducesinkkey1 (type: bigint), KEY.reducesinkkey2 (type: string), KEY.reducesinkkey3 (type: bigint), VALUE._col0 (type: int), VALUE._col1 (type: string), VALUE._col2 (type: int)
                outputColumnNames: _col0, _col1, _col2, _col3, _col4, _col5, _col6
                Statistics: Num rows: 4 Data size: 897 Basic stats: COMPLETE Column stats: COMPLETE
                File Output Operator
                  compressed: false
                  Statistics: Num rows: 4 Data size: 897 Basic stats: COMPLETE Column stats: COMPLETE
                  table:
                      input format: org.apache.iceberg.mr.hive.HiveIcebergInputFormat
                      output format: org.apache.iceberg.mr.hive.HiveIcebergOutputFormat
                      serde: org.apache.iceberg.mr.hive.HiveIcebergSerDe
                      name: default.target_ice
        Reducer 4 
            Execution mode: vectorized
            Reduce Operator Tree:
              Select Operator
                expressions: KEY.reducesinkkey0 (type: int), KEY.reducesinkkey1 (type: bigint), KEY.reducesinkkey2 (type: string), KEY.reducesinkkey3 (type: bigint), VALUE._col0 (type: int), VALUE._col1 (type: string), VALUE._col2 (type: int)
                outputColumnNames: _col0, _col1, _col2, _col3, _col4, _col5, _col6
                Statistics: Num rows: 1 Data size: 299 Basic stats: COMPLETE Column stats: COMPLETE
                File Output Operator
                  compressed: false
                  Statistics: Num rows: 1 Data size: 299 Basic stats: COMPLETE Column stats: COMPLETE
                  table:
                      input format: org.apache.iceberg.mr.hive.HiveIcebergInputFormat
                      output format: org.apache.iceberg.mr.hive.HiveIcebergOutputFormat
                      serde: org.apache.iceberg.mr.hive.HiveIcebergSerDe
                      name: default.target_ice
        Reducer 5 
            Execution mode: vectorized
            Reduce Operator Tree:
              Select Operator
                expressions: VALUE._col0 (type: int), VALUE._col1 (type: string), VALUE._col2 (type: int), KEY.iceberg_bucket(_col0, 16) (type: int), KEY._col1 (type: string)
                outputColumnNames: _col0, _col1, _col2, iceberg_bucket(_col0, 16), _col1
                File Output Operator
                  compressed: false
                  Dp Sort State: PARTITION_SORTED
                  Statistics: Num rows: 1 Data size: 98 Basic stats: COMPLETE Column stats: COMPLETE
                  table:
                      input format: org.apache.iceberg.mr.hive.HiveIcebergInputFormat
                      output format: org.apache.iceberg.mr.hive.HiveIcebergOutputFormat
                      serde: org.apache.iceberg.mr.hive.HiveIcebergSerDe
                      name: default.target_ice
        Reducer 6 
            Execution mode: vectorized
            Reduce Operator Tree:
              Select Operator
                expressions: VALUE._col0 (type: int), VALUE._col1 (type: string), VALUE._col2 (type: int), KEY.iceberg_bucket(_col0, 16) (type: int), KEY._col1 (type: string)
                outputColumnNames: _col0, _col1, _col2, iceberg_bucket(_col0, 16), _col1
                File Output Operator
                  compressed: false
                  Dp Sort State: PARTITION_SORTED
                  Statistics: Num rows: 6 Data size: 576 Basic stats: COMPLETE Column stats: COMPLETE
                  table:
                      input format: org.apache.iceberg.mr.hive.HiveIcebergInputFormat
                      output format: org.apache.iceberg.mr.hive.HiveIcebergOutputFormat
                      serde: org.apache.iceberg.mr.hive.HiveIcebergSerDe
                      name: default.target_ice
        Reducer 7 
            Execution mode: vectorized
            Reduce Operator Tree:
              Group By Operator
                aggregations: count(VALUE._col0)
                keys: KEY._col0 (type: int), KEY._col1 (type: bigint), KEY._col2 (type: string), KEY._col3 (type: bigint)
                mode: mergepartial
                outputColumnNames: _col0, _col1, _col2, _col3, _col4
                Statistics: Num rows: 4 Data size: 644 Basic stats: COMPLETE Column stats: COMPLETE
                Filter Operator
                  predicate: (_col4 > 1L) (type: boolean)
                  Statistics: Num rows: 1 Data size: 212 Basic stats: COMPLETE Column stats: COMPLETE
                  Select Operator
                    expressions: cardinality_violation(_col0,_col1,_col2,_col3) (type: int)
                    outputColumnNames: _col0
                    Statistics: Num rows: 1 Data size: 4 Basic stats: COMPLETE Column stats: COMPLETE
                    File Output Operator
                      compressed: false
                      Statistics: Num rows: 1 Data size: 4 Basic stats: COMPLETE Column stats: COMPLETE
                      table:
                          input format: org.apache.hadoop.mapred.TextInputFormat
                          output format: org.apache.hadoop.hive.ql.io.HiveIgnoreKeyTextOutputFormat
                          serde: org.apache.hadoop.hive.serde2.lazy.LazySimpleSerDe
                          name: default.merge_tmp_table

  Stage: Stage-6
    Dependency Collection

  Stage: Stage-0
    Move Operator
      tables:
          replace: false
          table:
              input format: org.apache.iceberg.mr.hive.HiveIcebergInputFormat
              output format: org.apache.iceberg.mr.hive.HiveIcebergOutputFormat
              serde: org.apache.iceberg.mr.hive.HiveIcebergSerDe
              name: default.target_ice

  Stage: Stage-7
    Stats Work
      Basic Stats Work:

  Stage: Stage-4
    Move Operator
      tables:
          replace: false
          table:
              input format: org.apache.hadoop.mapred.TextInputFormat
              output format: org.apache.hadoop.hive.ql.io.HiveIgnoreKeyTextOutputFormat
              serde: org.apache.hadoop.hive.serde2.lazy.LazySimpleSerDe
              name: default.merge_tmp_table

  Stage: Stage-8
    Stats Work
      Basic Stats Work:

PREHOOK: query: merge into target_ice as t using source src ON t.a = src.a
when matched and t.a > 100 THEN DELETE
when matched then update set b = 'Merged', c = t.c + 10
when not matched then insert values (src.a, src.b, src.c)
PREHOOK: type: QUERY
PREHOOK: Input: default@source
PREHOOK: Input: default@target_ice
PREHOOK: Output: default@merge_tmp_table
PREHOOK: Output: default@target_ice
PREHOOK: Output: default@target_ice
POSTHOOK: query: merge into target_ice as t using source src ON t.a = src.a
when matched and t.a > 100 THEN DELETE
when matched then update set b = 'Merged', c = t.c + 10
when not matched then insert values (src.a, src.b, src.c)
POSTHOOK: type: QUERY
POSTHOOK: Input: default@source
POSTHOOK: Input: default@target_ice
POSTHOOK: Output: default@merge_tmp_table
POSTHOOK: Output: default@target_ice
POSTHOOK: Output: default@target_ice
POSTHOOK: Lineage: merge_tmp_table.val EXPRESSION [(target_ice)target_ice.null, ]
PREHOOK: query: select * from target_ice
PREHOOK: type: QUERY
PREHOOK: Input: default@target_ice
PREHOOK: Output: hdfs://### HDFS PATH ###
POSTHOOK: query: select * from target_ice
POSTHOOK: type: QUERY
POSTHOOK: Input: default@target_ice
POSTHOOK: Output: hdfs://### HDFS PATH ###
1	Merged	60
2	Merged	61
3	three	52
333	two	56
4	four	53
5	five	54
