PREHOOK: query: drop table if exists target_ice
PREHOOK: type: DROPTABLE
PREHOOK: Output: database:default
POSTHOOK: query: drop table if exists target_ice
POSTHOOK: type: DROPTABLE
POSTHOOK: Output: database:default
PREHOOK: query: drop table if exists source
PREHOOK: type: DROPTABLE
PREHOOK: Output: database:default
POSTHOOK: query: drop table if exists source
POSTHOOK: type: DROPTABLE
POSTHOOK: Output: database:default
PREHOOK: query: create external table target_ice(a int, b string, c int) partitioned by spec (bucket(16, a), truncate(3, b)) stored by iceberg tblproperties ('format-version'='2', 'write.merge.mode'='copy-on-write')
PREHOOK: type: CREATETABLE
PREHOOK: Output: database:default
PREHOOK: Output: default@target_ice
POSTHOOK: query: create external table target_ice(a int, b string, c int) partitioned by spec (bucket(16, a), truncate(3, b)) stored by iceberg tblproperties ('format-version'='2', 'write.merge.mode'='copy-on-write')
POSTHOOK: type: CREATETABLE
POSTHOOK: Output: database:default
POSTHOOK: Output: default@target_ice
PREHOOK: query: create table source(a int, b string, c int)
PREHOOK: type: CREATETABLE
PREHOOK: Output: database:default
PREHOOK: Output: default@source
POSTHOOK: query: create table source(a int, b string, c int)
POSTHOOK: type: CREATETABLE
POSTHOOK: Output: database:default
POSTHOOK: Output: default@source
PREHOOK: query: insert into target_ice values (1, 'one', 50), (2, 'two', 51), (111, 'one', 55), (333, 'two', 56)
PREHOOK: type: QUERY
PREHOOK: Input: _dummy_database@_dummy_table
PREHOOK: Output: default@target_ice
POSTHOOK: query: insert into target_ice values (1, 'one', 50), (2, 'two', 51), (111, 'one', 55), (333, 'two', 56)
POSTHOOK: type: QUERY
POSTHOOK: Input: _dummy_database@_dummy_table
POSTHOOK: Output: default@target_ice
PREHOOK: query: insert into source values (1, 'one', 50), (2, 'two', 51), (3, 'three', 52), (4, 'four', 53), (5, 'five', 54), (111, 'one', 55)
PREHOOK: type: QUERY
PREHOOK: Input: _dummy_database@_dummy_table
PREHOOK: Output: default@source
POSTHOOK: query: insert into source values (1, 'one', 50), (2, 'two', 51), (3, 'three', 52), (4, 'four', 53), (5, 'five', 54), (111, 'one', 55)
POSTHOOK: type: QUERY
POSTHOOK: Input: _dummy_database@_dummy_table
POSTHOOK: Output: default@source
POSTHOOK: Lineage: source.a SCRIPT []
POSTHOOK: Lineage: source.b SCRIPT []
POSTHOOK: Lineage: source.c SCRIPT []
PREHOOK: query: explain
merge into target_ice as t using source src ON t.a = src.a
when matched and t.a > 100 THEN DELETE
when matched then update set b = 'Merged', c = t.c + 10
PREHOOK: type: QUERY
PREHOOK: Input: default@source
PREHOOK: Input: default@target_ice
PREHOOK: Output: default@target_ice
POSTHOOK: query: explain
merge into target_ice as t using source src ON t.a = src.a
when matched and t.a > 100 THEN DELETE
when matched then update set b = 'Merged', c = t.c + 10
POSTHOOK: type: QUERY
POSTHOOK: Input: default@source
POSTHOOK: Input: default@target_ice
POSTHOOK: Output: default@target_ice
STAGE DEPENDENCIES:
  Stage-1 is a root stage
  Stage-2 depends on stages: Stage-1
  Stage-0 depends on stages: Stage-2
  Stage-3 depends on stages: Stage-0

STAGE PLANS:
  Stage: Stage-1
    Tez
#### A masked pattern was here ####
      Edges:
        Reducer 10 <- Map 1 (SIMPLE_EDGE), Map 11 (SIMPLE_EDGE)
        Reducer 2 <- Map 1 (SIMPLE_EDGE), Map 11 (SIMPLE_EDGE), Union 3 (CONTAINS)
        Reducer 4 <- Union 3 (SIMPLE_EDGE)
        Reducer 5 <- Map 1 (SIMPLE_EDGE), Map 11 (SIMPLE_EDGE)
        Reducer 6 <- Reducer 5 (SIMPLE_EDGE)
        Reducer 7 <- Reducer 10 (SIMPLE_EDGE), Reducer 6 (SIMPLE_EDGE), Union 3 (CONTAINS)
        Reducer 8 <- Map 1 (SIMPLE_EDGE), Map 11 (SIMPLE_EDGE)
        Reducer 9 <- Reducer 8 (SIMPLE_EDGE), Union 3 (CONTAINS)
#### A masked pattern was here ####
      Vertices:
        Map 1 
            Map Operator Tree:
                TableScan
                  alias: src
                  filterExpr: ((a <= 100) or a is not null) (type: boolean)
                  Statistics: Num rows: 6 Data size: 24 Basic stats: COMPLETE Column stats: COMPLETE
                  Filter Operator
                    predicate: (a <= 100) (type: boolean)
                    Statistics: Num rows: 5 Data size: 20 Basic stats: COMPLETE Column stats: COMPLETE
                    Select Operator
                      expressions: a (type: int)
                      outputColumnNames: _col0
                      Statistics: Num rows: 5 Data size: 20 Basic stats: COMPLETE Column stats: COMPLETE
                      Reduce Output Operator
                        key expressions: _col0 (type: int)
                        null sort order: z
                        sort order: +
                        Map-reduce partition columns: _col0 (type: int)
                        Statistics: Num rows: 5 Data size: 20 Basic stats: COMPLETE Column stats: COMPLETE
                  Filter Operator
                    predicate: a is not null (type: boolean)
                    Statistics: Num rows: 6 Data size: 24 Basic stats: COMPLETE Column stats: COMPLETE
                    Select Operator
                      expressions: a (type: int)
                      outputColumnNames: _col0
                      Statistics: Num rows: 6 Data size: 24 Basic stats: COMPLETE Column stats: COMPLETE
                      Reduce Output Operator
                        key expressions: _col0 (type: int)
                        null sort order: z
                        sort order: +
                        Map-reduce partition columns: _col0 (type: int)
                        Statistics: Num rows: 6 Data size: 24 Basic stats: COMPLETE Column stats: COMPLETE
                      Reduce Output Operator
                        key expressions: _col0 (type: int)
                        null sort order: z
                        sort order: +
                        Map-reduce partition columns: _col0 (type: int)
                        Statistics: Num rows: 6 Data size: 24 Basic stats: COMPLETE Column stats: COMPLETE
                      Reduce Output Operator
                        key expressions: _col0 (type: int)
                        null sort order: z
                        sort order: +
                        Map-reduce partition columns: _col0 (type: int)
                        Statistics: Num rows: 6 Data size: 24 Basic stats: COMPLETE Column stats: COMPLETE
            Execution mode: vectorized
        Map 11 
            Map Operator Tree:
                TableScan
                  alias: target_ice
                  Statistics: Num rows: 4 Data size: 380 Basic stats: COMPLETE Column stats: COMPLETE
                  Filter Operator
                    predicate: FILE__PATH is not null (type: boolean)
                    Statistics: Num rows: 4 Data size: 380 Basic stats: COMPLETE Column stats: COMPLETE
                    Select Operator
                      expressions: PARTITION__SPEC__ID (type: int), PARTITION__HASH (type: bigint), FILE__PATH (type: string), ROW__POSITION (type: bigint), PARTITION__PROJECTION (type: string), a (type: int), b (type: string), c (type: int)
                      outputColumnNames: _col0, _col1, _col2, _col3, _col4, _col5, _col6, _col7
                      Statistics: Num rows: 4 Data size: 1932 Basic stats: COMPLETE Column stats: COMPLETE
                      Reduce Output Operator
                        key expressions: _col5 (type: int)
                        null sort order: z
                        sort order: +
                        Map-reduce partition columns: _col5 (type: int)
                        Statistics: Num rows: 4 Data size: 1932 Basic stats: COMPLETE Column stats: COMPLETE
                        value expressions: _col0 (type: int), _col1 (type: bigint), _col2 (type: string), _col3 (type: bigint), _col4 (type: string), _col6 (type: string), _col7 (type: int)
                  Filter Operator
                    predicate: a is not null (type: boolean)
                    Statistics: Num rows: 4 Data size: 380 Basic stats: COMPLETE Column stats: COMPLETE
                    Select Operator
                      expressions: PARTITION__SPEC__ID (type: int), PARTITION__HASH (type: bigint), FILE__PATH (type: string), PARTITION__PROJECTION (type: string), a (type: int), b (type: string), c (type: int)
                      outputColumnNames: _col0, _col1, _col2, _col3, _col4, _col5, _col6
                      Statistics: Num rows: 4 Data size: 1900 Basic stats: COMPLETE Column stats: COMPLETE
                      Reduce Output Operator
                        key expressions: _col4 (type: int)
                        null sort order: z
                        sort order: +
                        Map-reduce partition columns: _col4 (type: int)
                        Statistics: Num rows: 4 Data size: 1900 Basic stats: COMPLETE Column stats: COMPLETE
                        value expressions: _col0 (type: int), _col1 (type: bigint), _col2 (type: string), _col3 (type: string), _col5 (type: string), _col6 (type: int)
                  Filter Operator
                    predicate: (a <= 100) (type: boolean)
                    Statistics: Num rows: 1 Data size: 8 Basic stats: COMPLETE Column stats: COMPLETE
                    Select Operator
                      expressions: PARTITION__SPEC__ID (type: int), PARTITION__HASH (type: bigint), FILE__PATH (type: string), ROW__POSITION (type: bigint), PARTITION__PROJECTION (type: string), a (type: int), c (type: int)
                      outputColumnNames: _col0, _col1, _col2, _col3, _col4, _col5, _col6
                      Statistics: Num rows: 1 Data size: 396 Basic stats: COMPLETE Column stats: COMPLETE
                      Reduce Output Operator
                        key expressions: _col5 (type: int)
                        null sort order: z
                        sort order: +
                        Map-reduce partition columns: _col5 (type: int)
                        Statistics: Num rows: 1 Data size: 396 Basic stats: COMPLETE Column stats: COMPLETE
                        value expressions: _col0 (type: int), _col1 (type: bigint), _col2 (type: string), _col3 (type: bigint), _col4 (type: string), _col6 (type: int)
                  Filter Operator
                    predicate: (a is not null and FILE__PATH is not null) (type: boolean)
                    Statistics: Num rows: 4 Data size: 16 Basic stats: COMPLETE Column stats: COMPLETE
                    Select Operator
                      expressions: FILE__PATH (type: string), a (type: int)
                      outputColumnNames: _col0, _col1
                      Statistics: Num rows: 4 Data size: 752 Basic stats: COMPLETE Column stats: COMPLETE
                      Reduce Output Operator
                        key expressions: _col1 (type: int)
                        null sort order: z
                        sort order: +
                        Map-reduce partition columns: _col1 (type: int)
                        Statistics: Num rows: 4 Data size: 752 Basic stats: COMPLETE Column stats: COMPLETE
                        value expressions: _col0 (type: string)
            Execution mode: vectorized
        Reducer 10 
            Reduce Operator Tree:
              Merge Join Operator
                condition map:
                     Left Outer Join 0 to 1
                keys:
                  0 _col5 (type: int)
                  1 _col0 (type: int)
                outputColumnNames: _col0, _col1, _col2, _col3, _col4, _col5, _col6, _col7, _col8
                Statistics: Num rows: 8 Data size: 3884 Basic stats: COMPLETE Column stats: COMPLETE
                Filter Operator
                  predicate: ((_col5 <> _col8) or _col5 is null or _col8 is null) (type: boolean)
                  Statistics: Num rows: 8 Data size: 3884 Basic stats: COMPLETE Column stats: COMPLETE
                  Select Operator
                    expressions: _col0 (type: int), _col1 (type: bigint), _col2 (type: string), _col3 (type: bigint), _col4 (type: string), _col5 (type: int), _col6 (type: string), _col7 (type: int)
                    outputColumnNames: _col0, _col1, _col2, _col3, _col4, _col5, _col6, _col7
                    Statistics: Num rows: 8 Data size: 3864 Basic stats: COMPLETE Column stats: COMPLETE
                    Reduce Output Operator
                      key expressions: _col2 (type: string)
                      null sort order: z
                      sort order: +
                      Map-reduce partition columns: _col2 (type: string)
                      Statistics: Num rows: 8 Data size: 3864 Basic stats: COMPLETE Column stats: COMPLETE
                      value expressions: _col0 (type: int), _col1 (type: bigint), _col3 (type: bigint), _col4 (type: string), _col5 (type: int), _col6 (type: string), _col7 (type: int)
        Reducer 2 
            Reduce Operator Tree:
              Merge Join Operator
                condition map:
                     Inner Join 0 to 1
                keys:
                  0 _col0 (type: int)
                  1 _col5 (type: int)
                outputColumnNames: _col1, _col2, _col3, _col4, _col5, _col6, _col7
                Statistics: Num rows: 1 Data size: 396 Basic stats: COMPLETE Column stats: COMPLETE
                Select Operator
                  expressions: _col1 (type: int), _col2 (type: bigint), _col3 (type: string), _col4 (type: bigint), _col5 (type: string), _col6 (type: int), 'Merged' (type: string), (_col7 + 10) (type: int)
                  outputColumnNames: _col0, _col1, _col2, _col3, _col4, _col5, _col6, _col7
                  Statistics: Num rows: 1 Data size: 486 Basic stats: COMPLETE Column stats: COMPLETE
                  Reduce Output Operator
                    key expressions: iceberg_bucket(_col5, 16) (type: int), iceberg_truncate(_col6, 3) (type: string)
                    null sort order: aa
                    sort order: ++
                    Map-reduce partition columns: iceberg_bucket(_col5, 16) (type: int), iceberg_truncate(_col6, 3) (type: string)
                    Statistics: Num rows: 7 Data size: 3384 Basic stats: COMPLETE Column stats: COMPLETE
                    value expressions: _col0 (type: int), _col1 (type: bigint), _col2 (type: string), _col3 (type: bigint), _col4 (type: string), _col5 (type: int), _col6 (type: string), _col7 (type: int)
        Reducer 4 
            Execution mode: vectorized
            Reduce Operator Tree:
              Select Operator
                expressions: VALUE._col0 (type: int), VALUE._col1 (type: bigint), VALUE._col2 (type: string), VALUE._col3 (type: bigint), VALUE._col4 (type: string), VALUE._col5 (type: int), VALUE._col6 (type: string), VALUE._col7 (type: int), KEY.iceberg_bucket(_col5, 16) (type: int), KEY.iceberg_truncate(_col6, 3) (type: string)
                outputColumnNames: _col0, _col1, _col2, _col3, _col4, _col5, _col6, _col7, iceberg_bucket(_col5, 16), iceberg_truncate(_col6, 3)
                File Output Operator
                  compressed: false
                  Dp Sort State: PARTITION_SORTED
                  Statistics: Num rows: 7 Data size: 3384 Basic stats: COMPLETE Column stats: COMPLETE
                  table:
                      input format: org.apache.iceberg.mr.hive.HiveIcebergInputFormat
                      output format: org.apache.iceberg.mr.hive.HiveIcebergOutputFormat
                      serde: org.apache.iceberg.mr.hive.HiveIcebergSerDe
                      name: default.target_ice
        Reducer 5 
            Reduce Operator Tree:
              Merge Join Operator
                condition map:
                     Inner Join 0 to 1
                keys:
                  0 _col0 (type: int)
                  1 _col1 (type: int)
                outputColumnNames: _col1
                Statistics: Num rows: 4 Data size: 736 Basic stats: COMPLETE Column stats: COMPLETE
                Reduce Output Operator
                  key expressions: _col1 (type: string)
                  null sort order: a
                  sort order: +
                  Map-reduce partition columns: _col1 (type: string)
                  Statistics: Num rows: 4 Data size: 736 Basic stats: COMPLETE Column stats: COMPLETE
        Reducer 6 
            Execution mode: vectorized
            Reduce Operator Tree:
              Select Operator
                expressions: KEY.reducesinkkey0 (type: string)
                outputColumnNames: _col1
                Statistics: Num rows: 4 Data size: 736 Basic stats: COMPLETE Column stats: COMPLETE
                PTF Operator
                  Function definitions:
                      Input definition
                        input alias: ptf_0
                        output shape: _col1: string
                        type: WINDOWING
                      Windowing table definition
                        input alias: ptf_1
                        name: windowingtablefunction
                        order by: _col1 ASC NULLS FIRST
                        partition by: _col1
                        raw input shape:
                        window functions:
                            window function definition
                              alias: row_number_window_0
                              name: row_number
                              window function: GenericUDAFRowNumberEvaluator
                              window frame: ROWS PRECEDING(MAX)~FOLLOWING(MAX)
                              isPivotResult: true
                  Statistics: Num rows: 4 Data size: 736 Basic stats: COMPLETE Column stats: COMPLETE
                  Filter Operator
                    predicate: (row_number_window_0 = 1) (type: boolean)
                    Statistics: Num rows: 2 Data size: 368 Basic stats: COMPLETE Column stats: COMPLETE
                    Select Operator
                      expressions: _col1 (type: string)
                      outputColumnNames: _col0
                      Statistics: Num rows: 2 Data size: 368 Basic stats: COMPLETE Column stats: COMPLETE
                      Group By Operator
                        keys: _col0 (type: string)
                        minReductionHashAggr: 0.4
                        mode: hash
                        outputColumnNames: _col0
                        Statistics: Num rows: 2 Data size: 368 Basic stats: COMPLETE Column stats: COMPLETE
                        Reduce Output Operator
                          key expressions: _col0 (type: string)
                          null sort order: z
                          sort order: +
                          Map-reduce partition columns: _col0 (type: string)
                          Statistics: Num rows: 2 Data size: 368 Basic stats: COMPLETE Column stats: COMPLETE
        Reducer 7 
            Reduce Operator Tree:
              Merge Join Operator
                condition map:
                     Left Semi Join 0 to 1
                keys:
                  0 _col2 (type: string)
                  1 _col0 (type: string)
                outputColumnNames: _col0, _col1, _col2, _col3, _col4, _col5, _col6, _col7
                Statistics: Num rows: 4 Data size: 1932 Basic stats: COMPLETE Column stats: COMPLETE
                Reduce Output Operator
                  key expressions: iceberg_bucket(_col5, 16) (type: int), iceberg_truncate(_col6, 3) (type: string)
                  null sort order: aa
                  sort order: ++
                  Map-reduce partition columns: iceberg_bucket(_col5, 16) (type: int), iceberg_truncate(_col6, 3) (type: string)
                  Statistics: Num rows: 7 Data size: 3384 Basic stats: COMPLETE Column stats: COMPLETE
                  value expressions: _col0 (type: int), _col1 (type: bigint), _col2 (type: string), _col3 (type: bigint), _col4 (type: string), _col5 (type: int), _col6 (type: string), _col7 (type: int)
        Reducer 8 
            Reduce Operator Tree:
              Merge Join Operator
                condition map:
                     Inner Join 0 to 1
                keys:
                  0 _col0 (type: int)
                  1 _col4 (type: int)
                outputColumnNames: _col1, _col2, _col3, _col4, _col5, _col6, _col7
                Statistics: Num rows: 4 Data size: 1900 Basic stats: COMPLETE Column stats: COMPLETE
                Reduce Output Operator
                  key expressions: _col3 (type: string)
                  null sort order: a
                  sort order: +
                  Map-reduce partition columns: _col3 (type: string)
                  Statistics: Num rows: 4 Data size: 1900 Basic stats: COMPLETE Column stats: COMPLETE
                  value expressions: _col1 (type: int), _col2 (type: bigint), _col4 (type: string), _col5 (type: int), _col6 (type: string), _col7 (type: int)
        Reducer 9 
            Execution mode: vectorized
            Reduce Operator Tree:
              Select Operator
                expressions: VALUE._col1 (type: int), VALUE._col2 (type: bigint), KEY.reducesinkkey0 (type: string), VALUE._col3 (type: string), VALUE._col4 (type: int), VALUE._col5 (type: string), VALUE._col6 (type: int)
                outputColumnNames: _col1, _col2, _col3, _col4, _col5, _col6, _col7
                Statistics: Num rows: 4 Data size: 1900 Basic stats: COMPLETE Column stats: COMPLETE
                PTF Operator
                  Function definitions:
                      Input definition
                        input alias: ptf_0
                        type: WINDOWING
                      Windowing table definition
                        input alias: ptf_1
                        name: windowingtablefunction
                        order by: _col3 ASC NULLS FIRST
                        partition by: _col3
                        raw input shape:
                        window functions:
                            window function definition
                              alias: row_number_window_0
                              name: row_number
                              window function: GenericUDAFRowNumberEvaluator
                              window frame: ROWS PRECEDING(MAX)~FOLLOWING(MAX)
                              isPivotResult: true
                  Statistics: Num rows: 4 Data size: 1900 Basic stats: COMPLETE Column stats: COMPLETE
                  Filter Operator
                    predicate: (row_number_window_0 = 1) (type: boolean)
                    Statistics: Num rows: 2 Data size: 950 Basic stats: COMPLETE Column stats: COMPLETE
                    Select Operator
                      expressions: _col1 (type: int), _col2 (type: bigint), _col3 (type: string), -1L (type: bigint), _col4 (type: string), _col5 (type: int), _col6 (type: string), _col7 (type: int)
                      outputColumnNames: _col0, _col1, _col2, _col3, _col4, _col5, _col6, _col7
                      Statistics: Num rows: 2 Data size: 966 Basic stats: COMPLETE Column stats: COMPLETE
                      Reduce Output Operator
                        key expressions: iceberg_bucket(_col5, 16) (type: int), iceberg_truncate(_col6, 3) (type: string)
                        null sort order: aa
                        sort order: ++
                        Map-reduce partition columns: iceberg_bucket(_col5, 16) (type: int), iceberg_truncate(_col6, 3) (type: string)
                        Statistics: Num rows: 7 Data size: 3384 Basic stats: COMPLETE Column stats: COMPLETE
                        value expressions: _col0 (type: int), _col1 (type: bigint), _col2 (type: string), _col3 (type: bigint), _col4 (type: string), _col5 (type: int), _col6 (type: string), _col7 (type: int)
        Union 3 
            Vertex: Union 3

  Stage: Stage-2
    Dependency Collection

  Stage: Stage-0
    Move Operator
      tables:
          replace: false
          table:
              input format: org.apache.iceberg.mr.hive.HiveIcebergInputFormat
              output format: org.apache.iceberg.mr.hive.HiveIcebergOutputFormat
              serde: org.apache.iceberg.mr.hive.HiveIcebergSerDe
              name: default.target_ice

  Stage: Stage-3
    Stats Work
      Basic Stats Work:

PREHOOK: query: merge into target_ice as t using source src ON t.a = src.a
when matched and t.a > 100 THEN DELETE
when matched then update set b = 'Merged', c = t.c + 10
PREHOOK: type: QUERY
PREHOOK: Input: default@source
PREHOOK: Input: default@target_ice
PREHOOK: Output: default@target_ice
POSTHOOK: query: merge into target_ice as t using source src ON t.a = src.a
when matched and t.a > 100 THEN DELETE
when matched then update set b = 'Merged', c = t.c + 10
POSTHOOK: type: QUERY
POSTHOOK: Input: default@source
POSTHOOK: Input: default@target_ice
POSTHOOK: Output: default@target_ice
PREHOOK: query: select * from target_ice
PREHOOK: type: QUERY
PREHOOK: Input: default@target_ice
PREHOOK: Output: hdfs://### HDFS PATH ###
POSTHOOK: query: select * from target_ice
POSTHOOK: type: QUERY
POSTHOOK: Input: default@target_ice
POSTHOOK: Output: hdfs://### HDFS PATH ###
1	Merged	60
2	Merged	61
333	two	56
PREHOOK: query: explain
merge into target_ice as t using source src ON t.a = src.a
when not matched then insert values (src.a, src.b, src.c)
PREHOOK: type: QUERY
PREHOOK: Input: default@source
PREHOOK: Input: default@target_ice
PREHOOK: Output: default@target_ice
POSTHOOK: query: explain
merge into target_ice as t using source src ON t.a = src.a
when not matched then insert values (src.a, src.b, src.c)
POSTHOOK: type: QUERY
POSTHOOK: Input: default@source
POSTHOOK: Input: default@target_ice
POSTHOOK: Output: default@target_ice
STAGE DEPENDENCIES:
  Stage-1 is a root stage
  Stage-2 depends on stages: Stage-1
  Stage-0 depends on stages: Stage-2
  Stage-3 depends on stages: Stage-0

STAGE PLANS:
  Stage: Stage-1
    Tez
#### A masked pattern was here ####
      Edges:
        Reducer 2 <- Map 1 (SIMPLE_EDGE), Map 4 (SIMPLE_EDGE)
        Reducer 3 <- Reducer 2 (SIMPLE_EDGE)
#### A masked pattern was here ####
      Vertices:
        Map 1 
            Map Operator Tree:
                TableScan
                  alias: target_ice
                  Statistics: Num rows: 3 Data size: 12 Basic stats: COMPLETE Column stats: COMPLETE
                  Select Operator
                    expressions: PARTITION__SPEC__ID (type: int), PARTITION__HASH (type: bigint), FILE__PATH (type: string), ROW__POSITION (type: bigint), PARTITION__PROJECTION (type: string), a (type: int)
                    outputColumnNames: _col0, _col1, _col2, _col3, _col4, _col5
                    Statistics: Num rows: 3 Data size: 1176 Basic stats: COMPLETE Column stats: COMPLETE
                    Reduce Output Operator
                      key expressions: _col5 (type: int)
                      null sort order: z
                      sort order: +
                      Map-reduce partition columns: _col5 (type: int)
                      Statistics: Num rows: 3 Data size: 1176 Basic stats: COMPLETE Column stats: COMPLETE
                      value expressions: _col0 (type: int), _col1 (type: bigint), _col2 (type: string), _col3 (type: bigint), _col4 (type: string)
            Execution mode: vectorized
        Map 4 
            Map Operator Tree:
                TableScan
                  alias: src
                  Statistics: Num rows: 6 Data size: 576 Basic stats: COMPLETE Column stats: COMPLETE
                  Select Operator
                    expressions: a (type: int), b (type: string), c (type: int)
                    outputColumnNames: _col0, _col1, _col2
                    Statistics: Num rows: 6 Data size: 576 Basic stats: COMPLETE Column stats: COMPLETE
                    Reduce Output Operator
                      key expressions: _col0 (type: int)
                      null sort order: z
                      sort order: +
                      Map-reduce partition columns: _col0 (type: int)
                      Statistics: Num rows: 6 Data size: 576 Basic stats: COMPLETE Column stats: COMPLETE
                      value expressions: _col1 (type: string), _col2 (type: int)
            Execution mode: vectorized
        Reducer 2 
            Reduce Operator Tree:
              Merge Join Operator
                condition map:
                     Full Outer Join 0 to 1
                keys:
                  0 _col5 (type: int)
                  1 _col0 (type: int)
                outputColumnNames: _col0, _col1, _col2, _col3, _col4, _col5, _col6, _col7, _col8
                Statistics: Num rows: 12 Data size: 1952 Basic stats: COMPLETE Column stats: COMPLETE
                Filter Operator
                  predicate: _col5 is null (type: boolean)
                  Statistics: Num rows: 9 Data size: 1464 Basic stats: COMPLETE Column stats: COMPLETE
                  Select Operator
                    expressions: _col0 (type: int), _col1 (type: bigint), _col2 (type: string), _col3 (type: bigint), _col4 (type: string), _col6 (type: int), _col7 (type: string), _col8 (type: int)
                    outputColumnNames: _col0, _col1, _col2, _col3, _col4, _col5, _col6, _col7
                    Statistics: Num rows: 9 Data size: 1452 Basic stats: COMPLETE Column stats: COMPLETE
                    Reduce Output Operator
                      key expressions: iceberg_bucket(_col5, 16) (type: int), iceberg_truncate(_col6, 3) (type: string)
                      null sort order: aa
                      sort order: ++
                      Map-reduce partition columns: iceberg_bucket(_col5, 16) (type: int), iceberg_truncate(_col6, 3) (type: string)
                      Statistics: Num rows: 9 Data size: 1452 Basic stats: COMPLETE Column stats: COMPLETE
                      value expressions: _col0 (type: int), _col1 (type: bigint), _col2 (type: string), _col3 (type: bigint), _col4 (type: string), _col5 (type: int), _col6 (type: string), _col7 (type: int)
        Reducer 3 
            Execution mode: vectorized
            Reduce Operator Tree:
              Select Operator
                expressions: VALUE._col0 (type: int), VALUE._col1 (type: bigint), VALUE._col2 (type: string), VALUE._col3 (type: bigint), VALUE._col4 (type: string), VALUE._col5 (type: int), VALUE._col6 (type: string), VALUE._col7 (type: int), KEY.iceberg_bucket(_col5, 16) (type: int), KEY.iceberg_truncate(_col6, 3) (type: string)
                outputColumnNames: _col0, _col1, _col2, _col3, _col4, _col5, _col6, _col7, iceberg_bucket(_col5, 16), iceberg_truncate(_col6, 3)
                File Output Operator
                  compressed: false
                  Dp Sort State: PARTITION_SORTED
                  Statistics: Num rows: 9 Data size: 1452 Basic stats: COMPLETE Column stats: COMPLETE
                  table:
                      input format: org.apache.iceberg.mr.hive.HiveIcebergInputFormat
                      output format: org.apache.iceberg.mr.hive.HiveIcebergOutputFormat
                      serde: org.apache.iceberg.mr.hive.HiveIcebergSerDe
                      name: default.target_ice

  Stage: Stage-2
    Dependency Collection

  Stage: Stage-0
    Move Operator
      tables:
          replace: false
          table:
              input format: org.apache.iceberg.mr.hive.HiveIcebergInputFormat
              output format: org.apache.iceberg.mr.hive.HiveIcebergOutputFormat
              serde: org.apache.iceberg.mr.hive.HiveIcebergSerDe
              name: default.target_ice

  Stage: Stage-3
    Stats Work
      Basic Stats Work:

PREHOOK: query: merge into target_ice as t using source src ON t.a = src.a
when not matched and src.a <= 5 then insert values (src.a, src.b, src.c)
PREHOOK: type: QUERY
PREHOOK: Input: default@source
PREHOOK: Input: default@target_ice
PREHOOK: Output: default@target_ice
POSTHOOK: query: merge into target_ice as t using source src ON t.a = src.a
when not matched and src.a <= 5 then insert values (src.a, src.b, src.c)
POSTHOOK: type: QUERY
POSTHOOK: Input: default@source
POSTHOOK: Input: default@target_ice
POSTHOOK: Output: default@target_ice
PREHOOK: query: select * from target_ice
PREHOOK: type: QUERY
PREHOOK: Input: default@target_ice
PREHOOK: Output: hdfs://### HDFS PATH ###
POSTHOOK: query: select * from target_ice
POSTHOOK: type: QUERY
POSTHOOK: Input: default@target_ice
POSTHOOK: Output: hdfs://### HDFS PATH ###
1	Merged	60
2	Merged	61
3	three	52
333	two	56
4	four	53
5	five	54
PREHOOK: query: merge into target_ice as t using source src ON t.a = src.a
when not matched then insert (a, c) values (src.a, src.c)
PREHOOK: type: QUERY
PREHOOK: Input: default@source
PREHOOK: Input: default@target_ice
PREHOOK: Output: default@target_ice
POSTHOOK: query: merge into target_ice as t using source src ON t.a = src.a
when not matched then insert (a, c) values (src.a, src.c)
POSTHOOK: type: QUERY
POSTHOOK: Input: default@source
POSTHOOK: Input: default@target_ice
POSTHOOK: Output: default@target_ice
PREHOOK: query: select * from target_ice
PREHOOK: type: QUERY
PREHOOK: Input: default@target_ice
PREHOOK: Output: hdfs://### HDFS PATH ###
POSTHOOK: query: select * from target_ice
POSTHOOK: type: QUERY
POSTHOOK: Input: default@target_ice
POSTHOOK: Output: hdfs://### HDFS PATH ###
1	Merged	60
111	NULL	55
2	Merged	61
3	three	52
333	two	56
4	four	53
5	five	54
