PREHOOK: query: drop table if exists tbl_ice
PREHOOK: type: DROPTABLE
PREHOOK: Output: database:default
POSTHOOK: query: drop table if exists tbl_ice
POSTHOOK: type: DROPTABLE
POSTHOOK: Output: database:default
PREHOOK: query: create external table tbl_ice(a int, b string, c int) partitioned by spec (bucket(16, a), truncate(3, b)) stored by iceberg tblproperties ('format-version'='2', 'write.update.mode'='copy-on-write')
PREHOOK: type: CREATETABLE
PREHOOK: Output: database:default
PREHOOK: Output: default@tbl_ice
POSTHOOK: query: create external table tbl_ice(a int, b string, c int) partitioned by spec (bucket(16, a), truncate(3, b)) stored by iceberg tblproperties ('format-version'='2', 'write.update.mode'='copy-on-write')
POSTHOOK: type: CREATETABLE
POSTHOOK: Output: database:default
POSTHOOK: Output: default@tbl_ice
PREHOOK: query: insert into tbl_ice values (1, 'one', 50), (2, 'two', 51), (3, 'three', 52), (4, 'four', 53), (5, 'five', 54), (111, 'one', 55), (333, 'two', 56)
PREHOOK: type: QUERY
PREHOOK: Input: _dummy_database@_dummy_table
PREHOOK: Output: default@tbl_ice
POSTHOOK: query: insert into tbl_ice values (1, 'one', 50), (2, 'two', 51), (3, 'three', 52), (4, 'four', 53), (5, 'five', 54), (111, 'one', 55), (333, 'two', 56)
POSTHOOK: type: QUERY
POSTHOOK: Input: _dummy_database@_dummy_table
POSTHOOK: Output: default@tbl_ice
PREHOOK: query: explain update tbl_ice set b='Changed' where b in ('one', 'four') or a = 22
PREHOOK: type: QUERY
PREHOOK: Input: default@tbl_ice
PREHOOK: Output: default@tbl_ice
POSTHOOK: query: explain update tbl_ice set b='Changed' where b in ('one', 'four') or a = 22
POSTHOOK: type: QUERY
POSTHOOK: Input: default@tbl_ice
POSTHOOK: Output: default@tbl_ice
STAGE DEPENDENCIES:
  Stage-1 is a root stage
  Stage-2 depends on stages: Stage-1
  Stage-0 depends on stages: Stage-2
  Stage-3 depends on stages: Stage-0

STAGE PLANS:
  Stage: Stage-1
    Tez
#### A masked pattern was here ####
      Edges:
        Map 1 <- Union 2 (CONTAINS)
        Reducer 3 <- Union 2 (SIMPLE_EDGE)
        Reducer 5 <- Map 4 (SIMPLE_EDGE), Reducer 8 (SIMPLE_EDGE), Union 2 (CONTAINS)
        Reducer 7 <- Map 6 (SIMPLE_EDGE), Union 2 (CONTAINS)
        Reducer 8 <- Map 6 (SIMPLE_EDGE)
#### A masked pattern was here ####
      Vertices:
        Map 1 
            Map Operator Tree:
                TableScan
                  alias: tbl_ice
                  filterExpr: ((a = 22) or (b) IN ('one', 'four')) (type: boolean)
                  Statistics: Num rows: 7 Data size: 672 Basic stats: COMPLETE Column stats: COMPLETE
                  Filter Operator
                    predicate: ((a = 22) or (b) IN ('one', 'four')) (type: boolean)
                    Statistics: Num rows: 4 Data size: 384 Basic stats: COMPLETE Column stats: COMPLETE
                    Select Operator
                      expressions: PARTITION__SPEC__ID (type: int), PARTITION__HASH (type: bigint), FILE__PATH (type: string), ROW__POSITION (type: bigint), a (type: int), 'Changed' (type: string), c (type: int)
                      outputColumnNames: _col0, _col1, _col2, _col3, _col4, _col5, _col6
                      Statistics: Num rows: 4 Data size: 1212 Basic stats: COMPLETE Column stats: COMPLETE
                      Reduce Output Operator
                        key expressions: iceberg_bucket(_col4, 16) (type: int), iceberg_truncate(_col5, 3) (type: string)
                        null sort order: aa
                        sort order: ++
                        Map-reduce partition columns: iceberg_bucket(_col4, 16) (type: int), iceberg_truncate(_col5, 3) (type: string)
                        Statistics: Num rows: 8 Data size: 2412 Basic stats: COMPLETE Column stats: COMPLETE
                        value expressions: _col0 (type: int), _col1 (type: bigint), _col2 (type: string), _col3 (type: bigint), _col4 (type: int), _col5 (type: string), _col6 (type: int)
            Execution mode: vectorized
        Map 4 
            Map Operator Tree:
                TableScan
                  alias: tbl_ice
                  filterExpr: (((b <> 'one') and (b <> 'four') and (a <> 22)) or ((a = 22) or (b) IN ('one', 'four')) is null) (type: boolean)
                  Statistics: Num rows: 7 Data size: 672 Basic stats: COMPLETE Column stats: COMPLETE
                  Filter Operator
                    predicate: ((((b <> 'one') and (b <> 'four') and (a <> 22)) or ((a = 22) or (b) IN ('one', 'four')) is null) and FILE__PATH is not null) (type: boolean)
                    Statistics: Num rows: 7 Data size: 672 Basic stats: COMPLETE Column stats: COMPLETE
                    Select Operator
                      expressions: a (type: int), b (type: string), c (type: int), PARTITION__SPEC__ID (type: int), PARTITION__HASH (type: bigint), FILE__PATH (type: string), ROW__POSITION (type: bigint)
                      outputColumnNames: _col0, _col1, _col2, _col3, _col4, _col5, _col6
                      Statistics: Num rows: 7 Data size: 2100 Basic stats: COMPLETE Column stats: COMPLETE
                      Reduce Output Operator
                        key expressions: _col5 (type: string)
                        null sort order: z
                        sort order: +
                        Map-reduce partition columns: _col5 (type: string)
                        Statistics: Num rows: 7 Data size: 2100 Basic stats: COMPLETE Column stats: COMPLETE
                        value expressions: _col0 (type: int), _col1 (type: string), _col2 (type: int), _col3 (type: int), _col4 (type: bigint), _col6 (type: bigint)
            Execution mode: vectorized
        Map 6 
            Map Operator Tree:
                TableScan
                  alias: tbl_ice
                  filterExpr: ((a = 22) or (b) IN ('one', 'four')) (type: boolean)
                  Statistics: Num rows: 7 Data size: 672 Basic stats: COMPLETE Column stats: COMPLETE
                  Filter Operator
                    predicate: ((a = 22) or (b) IN ('one', 'four')) (type: boolean)
                    Statistics: Num rows: 4 Data size: 384 Basic stats: COMPLETE Column stats: COMPLETE
                    Reduce Output Operator
                      key expressions: FILE__PATH (type: string)
                      null sort order: a
                      sort order: +
                      Map-reduce partition columns: FILE__PATH (type: string)
                      Statistics: Num rows: 4 Data size: 384 Basic stats: COMPLETE Column stats: COMPLETE
                      value expressions: a (type: int), b (type: string), c (type: int), PARTITION__SPEC__ID (type: int), PARTITION__HASH (type: bigint)
                  Filter Operator
                    predicate: (((b) IN ('one', 'four') or (a = 22)) and FILE__PATH is not null) (type: boolean)
                    Statistics: Num rows: 4 Data size: 368 Basic stats: COMPLETE Column stats: COMPLETE
                    Reduce Output Operator
                      key expressions: FILE__PATH (type: string)
                      null sort order: a
                      sort order: +
                      Map-reduce partition columns: FILE__PATH (type: string)
                      Statistics: Num rows: 4 Data size: 368 Basic stats: COMPLETE Column stats: COMPLETE
            Execution mode: vectorized
        Reducer 3 
            Execution mode: vectorized
            Reduce Operator Tree:
              Select Operator
                expressions: VALUE._col0 (type: int), VALUE._col1 (type: bigint), VALUE._col2 (type: string), VALUE._col3 (type: bigint), VALUE._col4 (type: int), VALUE._col5 (type: string), VALUE._col6 (type: int), KEY.iceberg_bucket(_col4, 16) (type: int), KEY.iceberg_truncate(_col5, 3) (type: string)
                outputColumnNames: _col0, _col1, _col2, _col3, _col4, _col5, _col6, iceberg_bucket(_col4, 16), iceberg_truncate(_col5, 3)
                File Output Operator
                  compressed: false
                  Dp Sort State: PARTITION_SORTED
                  Statistics: Num rows: 8 Data size: 2412 Basic stats: COMPLETE Column stats: COMPLETE
                  table:
                      input format: org.apache.iceberg.mr.hive.HiveIcebergInputFormat
                      output format: org.apache.iceberg.mr.hive.HiveIcebergOutputFormat
                      serde: org.apache.iceberg.mr.hive.HiveIcebergSerDe
                      name: default.tbl_ice
        Reducer 5 
            Reduce Operator Tree:
              Merge Join Operator
                condition map:
                     Left Semi Join 0 to 1
                keys:
                  0 _col5 (type: string)
                  1 _col0 (type: string)
                outputColumnNames: _col0, _col1, _col2, _col3, _col4, _col5, _col6
                Statistics: Num rows: 2 Data size: 600 Basic stats: COMPLETE Column stats: COMPLETE
                Select Operator
                  expressions: _col3 (type: int), _col4 (type: bigint), _col5 (type: string), _col6 (type: bigint), _col0 (type: int), _col1 (type: string), _col2 (type: int)
                  outputColumnNames: _col0, _col1, _col2, _col3, _col4, _col5, _col6
                  Statistics: Num rows: 2 Data size: 600 Basic stats: COMPLETE Column stats: COMPLETE
                  Reduce Output Operator
                    key expressions: iceberg_bucket(_col4, 16) (type: int), iceberg_truncate(_col5, 3) (type: string)
                    null sort order: aa
                    sort order: ++
                    Map-reduce partition columns: iceberg_bucket(_col4, 16) (type: int), iceberg_truncate(_col5, 3) (type: string)
                    Statistics: Num rows: 8 Data size: 2412 Basic stats: COMPLETE Column stats: COMPLETE
                    value expressions: _col0 (type: int), _col1 (type: bigint), _col2 (type: string), _col3 (type: bigint), _col4 (type: int), _col5 (type: string), _col6 (type: int)
        Reducer 7 
            Execution mode: vectorized
            Reduce Operator Tree:
              Select Operator
                expressions: VALUE._col0 (type: int), VALUE._col1 (type: string), VALUE._col2 (type: int), VALUE._col3 (type: int), VALUE._col4 (type: bigint), KEY.reducesinkkey0 (type: string)
                outputColumnNames: _col0, _col1, _col2, _col3, _col4, _col5
                Statistics: Num rows: 4 Data size: 1168 Basic stats: COMPLETE Column stats: COMPLETE
                PTF Operator
                  Function definitions:
                      Input definition
                        input alias: ptf_0
                        type: WINDOWING
                      Windowing table definition
                        input alias: ptf_1
                        name: windowingtablefunction
                        order by: _col5 ASC NULLS FIRST
                        partition by: _col5
                        raw input shape:
                        window functions:
                            window function definition
                              alias: row_number_window_0
                              name: row_number
                              window function: GenericUDAFRowNumberEvaluator
                              window frame: ROWS PRECEDING(MAX)~FOLLOWING(MAX)
                              isPivotResult: true
                  Statistics: Num rows: 4 Data size: 1168 Basic stats: COMPLETE Column stats: COMPLETE
                  Filter Operator
                    predicate: (row_number_window_0 = 1) (type: boolean)
                    Statistics: Num rows: 2 Data size: 584 Basic stats: COMPLETE Column stats: COMPLETE
                    Select Operator
                      expressions: _col3 (type: int), _col4 (type: bigint), _col5 (type: string), -1L (type: bigint), _col0 (type: int), _col1 (type: string), _col2 (type: int)
                      outputColumnNames: _col0, _col1, _col2, _col3, _col4, _col5, _col6
                      Statistics: Num rows: 2 Data size: 600 Basic stats: COMPLETE Column stats: COMPLETE
                      Reduce Output Operator
                        key expressions: iceberg_bucket(_col4, 16) (type: int), iceberg_truncate(_col5, 3) (type: string)
                        null sort order: aa
                        sort order: ++
                        Map-reduce partition columns: iceberg_bucket(_col4, 16) (type: int), iceberg_truncate(_col5, 3) (type: string)
                        Statistics: Num rows: 8 Data size: 2412 Basic stats: COMPLETE Column stats: COMPLETE
                        value expressions: _col0 (type: int), _col1 (type: bigint), _col2 (type: string), _col3 (type: bigint), _col4 (type: int), _col5 (type: string), _col6 (type: int)
        Reducer 8 
            Execution mode: vectorized
            Reduce Operator Tree:
              Select Operator
                expressions: KEY.reducesinkkey0 (type: string)
                outputColumnNames: _col5
                Statistics: Num rows: 4 Data size: 736 Basic stats: COMPLETE Column stats: COMPLETE
                PTF Operator
                  Function definitions:
                      Input definition
                        input alias: ptf_0
                        output shape: _col5: string
                        type: WINDOWING
                      Windowing table definition
                        input alias: ptf_1
                        name: windowingtablefunction
                        order by: _col5 ASC NULLS FIRST
                        partition by: _col5
                        raw input shape:
                        window functions:
                            window function definition
                              alias: row_number_window_0
                              name: row_number
                              window function: GenericUDAFRowNumberEvaluator
                              window frame: ROWS PRECEDING(MAX)~FOLLOWING(MAX)
                              isPivotResult: true
                  Statistics: Num rows: 4 Data size: 736 Basic stats: COMPLETE Column stats: COMPLETE
                  Filter Operator
                    predicate: (row_number_window_0 = 1) (type: boolean)
                    Statistics: Num rows: 2 Data size: 368 Basic stats: COMPLETE Column stats: COMPLETE
                    Select Operator
                      expressions: _col5 (type: string)
                      outputColumnNames: _col0
                      Statistics: Num rows: 2 Data size: 368 Basic stats: COMPLETE Column stats: COMPLETE
                      Group By Operator
                        keys: _col0 (type: string)
                        minReductionHashAggr: 0.4
                        mode: hash
                        outputColumnNames: _col0
                        Statistics: Num rows: 2 Data size: 368 Basic stats: COMPLETE Column stats: COMPLETE
                        Reduce Output Operator
                          key expressions: _col0 (type: string)
                          null sort order: z
                          sort order: +
                          Map-reduce partition columns: _col0 (type: string)
                          Statistics: Num rows: 2 Data size: 368 Basic stats: COMPLETE Column stats: COMPLETE
        Union 2 
            Vertex: Union 2

  Stage: Stage-2
    Dependency Collection

  Stage: Stage-0
    Move Operator
      tables:
          replace: false
          table:
              input format: org.apache.iceberg.mr.hive.HiveIcebergInputFormat
              output format: org.apache.iceberg.mr.hive.HiveIcebergOutputFormat
              serde: org.apache.iceberg.mr.hive.HiveIcebergSerDe
              name: default.tbl_ice

  Stage: Stage-3
    Stats Work
      Basic Stats Work:

PREHOOK: query: update tbl_ice set b='Changed' where b in ('one', 'four') or a = 22
PREHOOK: type: QUERY
PREHOOK: Input: default@tbl_ice
PREHOOK: Output: default@tbl_ice
POSTHOOK: query: update tbl_ice set b='Changed' where b in ('one', 'four') or a = 22
POSTHOOK: type: QUERY
POSTHOOK: Input: default@tbl_ice
POSTHOOK: Output: default@tbl_ice
PREHOOK: query: select * from tbl_ice order by a, b, c
PREHOOK: type: QUERY
PREHOOK: Input: default@tbl_ice
PREHOOK: Output: hdfs://### HDFS PATH ###
POSTHOOK: query: select * from tbl_ice order by a, b, c
POSTHOOK: type: QUERY
POSTHOOK: Input: default@tbl_ice
POSTHOOK: Output: hdfs://### HDFS PATH ###
1	Changed	50
2	two	51
3	three	52
4	Changed	53
5	five	54
111	Changed	55
333	two	56
PREHOOK: query: insert into tbl_ice values (444, 'hola', 800), (555, 'schola', 801)
PREHOOK: type: QUERY
PREHOOK: Input: _dummy_database@_dummy_table
PREHOOK: Output: default@tbl_ice
POSTHOOK: query: insert into tbl_ice values (444, 'hola', 800), (555, 'schola', 801)
POSTHOOK: type: QUERY
POSTHOOK: Input: _dummy_database@_dummy_table
POSTHOOK: Output: default@tbl_ice
Warning: Shuffle Join MERGEJOIN[282][tables = [$hdt$_1, $hdt$_2]] in Stage 'Reducer 2' is a cross product
Warning: Shuffle Join MERGEJOIN[295][tables = [$hdt$_1, $hdt$_2, $hdt$_3, $hdt$_4]] in Stage 'Reducer 4' is a cross product
Warning: Shuffle Join MERGEJOIN[287][tables = [$hdt$_0, $hdt$_1, $hdt$_2]] in Stage 'Reducer 10' is a cross product
Warning: Shuffle Join MERGEJOIN[289][tables = [$hdt$_0, $hdt$_1, $hdt$_2]] in Stage 'Reducer 12' is a cross product
Warning: Shuffle Join MERGEJOIN[284][tables = [$hdt$_1, $hdt$_2]] in Stage 'Reducer 14' is a cross product
Warning: Shuffle Join MERGEJOIN[293][tables = [$hdt$_1, $hdt$_2, $hdt$_3, $hdt$_4]] in Stage 'Reducer 16' is a cross product
Warning: Shuffle Join MERGEJOIN[281][tables = [$hdt$_0, $hdt$_1]] in Stage 'Reducer 19' is a cross product
Warning: Shuffle Join MERGEJOIN[291][tables = [$hdt$_0, $hdt$_1, $hdt$_2, $hdt$_3]] in Stage 'Reducer 21' is a cross product
PREHOOK: query: explain update tbl_ice set b='Changed again' where a in (select a from tbl_ice where a <= 5) or c in (select c from tbl_ice where c > 800)
PREHOOK: type: QUERY
PREHOOK: Input: default@tbl_ice
PREHOOK: Output: default@tbl_ice
POSTHOOK: query: explain update tbl_ice set b='Changed again' where a in (select a from tbl_ice where a <= 5) or c in (select c from tbl_ice where c > 800)
POSTHOOK: type: QUERY
POSTHOOK: Input: default@tbl_ice
POSTHOOK: Output: default@tbl_ice
STAGE DEPENDENCIES:
  Stage-1 is a root stage
  Stage-2 depends on stages: Stage-1
  Stage-0 depends on stages: Stage-2
  Stage-3 depends on stages: Stage-0

STAGE PLANS:
  Stage: Stage-1
    Tez
#### A masked pattern was here ####
      Edges:
        Reducer 10 <- Reducer 29 (XPROD_EDGE), Reducer 9 (XPROD_EDGE)
        Reducer 11 <- Reducer 10 (SIMPLE_EDGE), Reducer 24 (SIMPLE_EDGE)
        Reducer 12 <- Reducer 11 (XPROD_EDGE), Reducer 26 (XPROD_EDGE)
        Reducer 13 <- Reducer 12 (SIMPLE_EDGE), Reducer 18 (SIMPLE_EDGE), Union 7 (CONTAINS)
        Reducer 14 <- Map 1 (XPROD_EDGE), Reducer 28 (XPROD_EDGE)
        Reducer 15 <- Reducer 14 (SIMPLE_EDGE), Reducer 27 (SIMPLE_EDGE)
        Reducer 16 <- Reducer 15 (XPROD_EDGE), Reducer 23 (XPROD_EDGE)
        Reducer 17 <- Reducer 16 (SIMPLE_EDGE), Reducer 24 (SIMPLE_EDGE)
        Reducer 18 <- Reducer 17 (SIMPLE_EDGE)
        Reducer 19 <- Map 1 (XPROD_EDGE), Reducer 30 (XPROD_EDGE)
        Reducer 2 <- Map 1 (XPROD_EDGE), Reducer 28 (XPROD_EDGE)
        Reducer 20 <- Reducer 19 (SIMPLE_EDGE), Reducer 27 (SIMPLE_EDGE)
        Reducer 21 <- Reducer 20 (XPROD_EDGE), Reducer 23 (XPROD_EDGE)
        Reducer 22 <- Reducer 21 (SIMPLE_EDGE), Reducer 24 (SIMPLE_EDGE), Union 7 (CONTAINS)
        Reducer 23 <- Map 1 (CUSTOM_SIMPLE_EDGE)
        Reducer 24 <- Map 1 (SIMPLE_EDGE)
        Reducer 25 <- Map 1 (CUSTOM_SIMPLE_EDGE)
        Reducer 26 <- Map 1 (CUSTOM_SIMPLE_EDGE)
        Reducer 27 <- Map 1 (SIMPLE_EDGE)
        Reducer 28 <- Map 1 (CUSTOM_SIMPLE_EDGE)
        Reducer 29 <- Map 1 (CUSTOM_SIMPLE_EDGE)
        Reducer 3 <- Reducer 2 (SIMPLE_EDGE), Reducer 27 (SIMPLE_EDGE)
        Reducer 30 <- Map 1 (CUSTOM_SIMPLE_EDGE)
        Reducer 4 <- Reducer 25 (XPROD_EDGE), Reducer 3 (XPROD_EDGE)
        Reducer 5 <- Reducer 24 (SIMPLE_EDGE), Reducer 4 (SIMPLE_EDGE)
        Reducer 6 <- Reducer 5 (SIMPLE_EDGE), Union 7 (CONTAINS)
        Reducer 8 <- Union 7 (SIMPLE_EDGE)
        Reducer 9 <- Map 1 (SIMPLE_EDGE), Reducer 27 (SIMPLE_EDGE)
#### A masked pattern was here ####
      Vertices:
        Map 1 
            Map Operator Tree:
                TableScan
                  alias: tbl_ice
                  Statistics: Num rows: 9 Data size: 873 Basic stats: COMPLETE Column stats: COMPLETE
                  Select Operator
                    expressions: a (type: int), b (type: string), c (type: int), PARTITION__SPEC__ID (type: int), PARTITION__HASH (type: bigint), FILE__PATH (type: string)
                    outputColumnNames: _col0, _col1, _col2, _col3, _col4, _col5
                    Statistics: Num rows: 9 Data size: 2637 Basic stats: COMPLETE Column stats: COMPLETE
                    Reduce Output Operator
                      null sort order: 
                      sort order: 
                      Statistics: Num rows: 9 Data size: 2637 Basic stats: COMPLETE Column stats: COMPLETE
                      value expressions: _col0 (type: int), _col1 (type: string), _col2 (type: int), _col3 (type: int), _col4 (type: bigint), _col5 (type: string)
                  Filter Operator
                    predicate: FILE__PATH is not null (type: boolean)
                    Statistics: Num rows: 9 Data size: 873 Basic stats: COMPLETE Column stats: COMPLETE
                    Select Operator
                      expressions: a (type: int), b (type: string), c (type: int), PARTITION__SPEC__ID (type: int), PARTITION__HASH (type: bigint), FILE__PATH (type: string), ROW__POSITION (type: bigint)
                      outputColumnNames: _col0, _col1, _col2, _col3, _col4, _col5, _col6
                      Statistics: Num rows: 9 Data size: 2709 Basic stats: COMPLETE Column stats: COMPLETE
                      Reduce Output Operator
                        key expressions: _col0 (type: int)
                        null sort order: z
                        sort order: +
                        Map-reduce partition columns: _col0 (type: int)
                        Statistics: Num rows: 9 Data size: 2709 Basic stats: COMPLETE Column stats: COMPLETE
                        value expressions: _col1 (type: string), _col2 (type: int), _col3 (type: int), _col4 (type: bigint), _col5 (type: string), _col6 (type: bigint)
                    Select Operator
                      expressions: a (type: int), c (type: int), FILE__PATH (type: string)
                      outputColumnNames: _col0, _col1, _col2
                      Statistics: Num rows: 9 Data size: 1728 Basic stats: COMPLETE Column stats: COMPLETE
                      Reduce Output Operator
                        null sort order: 
                        sort order: 
                        Statistics: Num rows: 9 Data size: 1728 Basic stats: COMPLETE Column stats: COMPLETE
                        value expressions: _col0 (type: int), _col1 (type: int), _col2 (type: string)
                  Select Operator
                    expressions: a (type: int), c (type: int), PARTITION__SPEC__ID (type: int), PARTITION__HASH (type: bigint), FILE__PATH (type: string), ROW__POSITION (type: bigint)
                    outputColumnNames: _col0, _col1, _col2, _col3, _col4, _col5
                    Statistics: Num rows: 9 Data size: 1908 Basic stats: COMPLETE Column stats: COMPLETE
                    Reduce Output Operator
                      null sort order: 
                      sort order: 
                      Statistics: Num rows: 9 Data size: 1908 Basic stats: COMPLETE Column stats: COMPLETE
                      value expressions: _col0 (type: int), _col1 (type: int), _col2 (type: int), _col3 (type: bigint), _col4 (type: string), _col5 (type: bigint)
                  Filter Operator
                    predicate: (c > 800) (type: boolean)
                    Statistics: Num rows: 9 Data size: 36 Basic stats: COMPLETE Column stats: COMPLETE
                    Select Operator
                      Statistics: Num rows: 9 Data size: 36 Basic stats: COMPLETE Column stats: COMPLETE
                      Group By Operator
                        aggregations: count()
                        minReductionHashAggr: 0.8888889
                        mode: hash
                        outputColumnNames: _col0
                        Statistics: Num rows: 1 Data size: 8 Basic stats: COMPLETE Column stats: COMPLETE
                        Reduce Output Operator
                          null sort order: 
                          sort order: 
                          Statistics: Num rows: 1 Data size: 8 Basic stats: COMPLETE Column stats: COMPLETE
                          value expressions: _col0 (type: bigint)
                    Group By Operator
                      keys: c (type: int)
                      minReductionHashAggr: 0.7777778
                      mode: hash
                      outputColumnNames: _col0
                      Statistics: Num rows: 2 Data size: 8 Basic stats: COMPLETE Column stats: COMPLETE
                      Reduce Output Operator
                        key expressions: _col0 (type: int)
                        null sort order: z
                        sort order: +
                        Map-reduce partition columns: _col0 (type: int)
                        Statistics: Num rows: 2 Data size: 8 Basic stats: COMPLETE Column stats: COMPLETE
                    Select Operator
                      Statistics: Num rows: 9 Data size: 36 Basic stats: COMPLETE Column stats: COMPLETE
                      Group By Operator
                        aggregations: count()
                        minReductionHashAggr: 0.8888889
                        mode: hash
                        outputColumnNames: _col0
                        Statistics: Num rows: 1 Data size: 8 Basic stats: COMPLETE Column stats: COMPLETE
                        Reduce Output Operator
                          null sort order: 
                          sort order: 
                          Statistics: Num rows: 1 Data size: 8 Basic stats: COMPLETE Column stats: COMPLETE
                          value expressions: _col0 (type: bigint)
                    Group By Operator
                      aggregations: count(), count(c)
                      minReductionHashAggr: 0.8888889
                      mode: hash
                      outputColumnNames: _col0, _col1
                      Statistics: Num rows: 1 Data size: 16 Basic stats: COMPLETE Column stats: COMPLETE
                      Reduce Output Operator
                        null sort order: 
                        sort order: 
                        Statistics: Num rows: 1 Data size: 16 Basic stats: COMPLETE Column stats: COMPLETE
                        value expressions: _col0 (type: bigint), _col1 (type: bigint)
                  Filter Operator
                    predicate: (a <= 5) (type: boolean)
                    Statistics: Num rows: 1 Data size: 4 Basic stats: COMPLETE Column stats: COMPLETE
                    Group By Operator
                      keys: a (type: int)
                      minReductionHashAggr: 0.4
                      mode: hash
                      outputColumnNames: _col0
                      Statistics: Num rows: 1 Data size: 4 Basic stats: COMPLETE Column stats: COMPLETE
                      Reduce Output Operator
                        key expressions: _col0 (type: int)
                        null sort order: z
                        sort order: +
                        Map-reduce partition columns: _col0 (type: int)
                        Statistics: Num rows: 1 Data size: 4 Basic stats: COMPLETE Column stats: COMPLETE
                    Select Operator
                      Statistics: Num rows: 1 Data size: 4 Basic stats: COMPLETE Column stats: COMPLETE
                      Group By Operator
                        aggregations: count()
                        minReductionHashAggr: 0.4
                        mode: hash
                        outputColumnNames: _col0
                        Statistics: Num rows: 1 Data size: 8 Basic stats: COMPLETE Column stats: COMPLETE
                        Reduce Output Operator
                          null sort order: 
                          sort order: 
                          Statistics: Num rows: 1 Data size: 8 Basic stats: COMPLETE Column stats: COMPLETE
                          value expressions: _col0 (type: bigint)
                    Group By Operator
                      aggregations: count(), count(a)
                      minReductionHashAggr: 0.4
                      mode: hash
                      outputColumnNames: _col0, _col1
                      Statistics: Num rows: 1 Data size: 16 Basic stats: COMPLETE Column stats: COMPLETE
                      Reduce Output Operator
                        null sort order: 
                        sort order: 
                        Statistics: Num rows: 1 Data size: 16 Basic stats: COMPLETE Column stats: COMPLETE
                        value expressions: _col0 (type: bigint), _col1 (type: bigint)
                    Select Operator
                      Statistics: Num rows: 1 Data size: 4 Basic stats: COMPLETE Column stats: COMPLETE
                      Group By Operator
                        aggregations: count()
                        minReductionHashAggr: 0.4
                        mode: hash
                        outputColumnNames: _col0
                        Statistics: Num rows: 1 Data size: 8 Basic stats: COMPLETE Column stats: COMPLETE
                        Reduce Output Operator
                          null sort order: 
                          sort order: 
                          Statistics: Num rows: 1 Data size: 8 Basic stats: COMPLETE Column stats: COMPLETE
                          value expressions: _col0 (type: bigint)
            Execution mode: vectorized
        Reducer 10 
            Reduce Operator Tree:
              Merge Join Operator
                condition map:
                     Inner Join 0 to 1
                keys:
                  0 
                  1 
                outputColumnNames: _col0, _col1, _col2, _col3, _col4, _col5, _col6, _col8, _col9, _col10
                Statistics: Num rows: 9 Data size: 2877 Basic stats: COMPLETE Column stats: COMPLETE
                Select Operator
                  expressions: _col0 (type: int), _col1 (type: string), _col2 (type: int), _col3 (type: int), _col4 (type: bigint), _col5 (type: string), _col6 (type: bigint), _col9 (type: bigint), _col10 (type: bigint), _col8 (type: boolean)
                  outputColumnNames: _col0, _col1, _col2, _col3, _col4, _col5, _col6, _col7, _col8, _col10
                  Statistics: Num rows: 9 Data size: 2877 Basic stats: COMPLETE Column stats: COMPLETE
                  Reduce Output Operator
                    key expressions: _col2 (type: int)
                    null sort order: z
                    sort order: +
                    Map-reduce partition columns: _col2 (type: int)
                    Statistics: Num rows: 9 Data size: 2877 Basic stats: COMPLETE Column stats: COMPLETE
                    value expressions: _col0 (type: int), _col1 (type: string), _col3 (type: int), _col4 (type: bigint), _col5 (type: string), _col6 (type: bigint), _col7 (type: bigint), _col8 (type: bigint), _col10 (type: boolean)
        Reducer 11 
            Reduce Operator Tree:
              Merge Join Operator
                condition map:
                     Left Outer Join 0 to 1
                keys:
                  0 _col2 (type: int)
                  1 _col0 (type: int)
                outputColumnNames: _col0, _col1, _col2, _col3, _col4, _col5, _col6, _col7, _col8, _col10, _col12
                Statistics: Num rows: 9 Data size: 2913 Basic stats: COMPLETE Column stats: COMPLETE
                Reduce Output Operator
                  null sort order: 
                  sort order: 
                  Statistics: Num rows: 9 Data size: 2913 Basic stats: COMPLETE Column stats: COMPLETE
                  value expressions: _col0 (type: int), _col1 (type: string), _col2 (type: int), _col3 (type: int), _col4 (type: bigint), _col5 (type: string), _col6 (type: bigint), _col7 (type: bigint), _col8 (type: bigint), _col10 (type: boolean), _col12 (type: boolean)
        Reducer 12 
            Reduce Operator Tree:
              Merge Join Operator
                condition map:
                     Inner Join 0 to 1
                keys:
                  0 
                  1 
                outputColumnNames: _col0, _col1, _col2, _col3, _col4, _col5, _col6, _col7, _col8, _col10, _col12, _col13, _col14
                Statistics: Num rows: 9 Data size: 3057 Basic stats: COMPLETE Column stats: COMPLETE
                Select Operator
                  expressions: _col0 (type: int), _col1 (type: string), _col2 (type: int), _col3 (type: int), _col4 (type: bigint), _col5 (type: string), _col6 (type: bigint), _col7 (type: bigint), _col8 (type: bigint), _col10 (type: boolean), _col13 (type: bigint), _col14 (type: bigint), _col12 (type: boolean)
                  outputColumnNames: _col0, _col1, _col2, _col3, _col4, _col5, _col6, _col7, _col8, _col10, _col11, _col12, _col14
                  Statistics: Num rows: 9 Data size: 3057 Basic stats: COMPLETE Column stats: COMPLETE
                  Filter Operator
                    predicate: (((_col10 is not null and (_col7 <> 0L)) or ((_col0 is null or (_col8 < _col7)) and null and (_col7 <> 0L) and _col10 is null) or (_col14 is not null and (_col11 <> 0L)) or ((_col2 is null or (_col12 < _col11)) and null and (_col11 <> 0L) and _col14 is null)) is null or (((_col7 = 0L) or (_col10 is null and (_col8 >= _col7) and _col0 is not null)) and ((_col11 = 0L) or (_col14 is null and (_col12 >= _col11) and _col2 is not null)))) (type: boolean)
                    Statistics: Num rows: 9 Data size: 3057 Basic stats: COMPLETE Column stats: COMPLETE
                    Select Operator
                      expressions: _col0 (type: int), _col1 (type: string), _col2 (type: int), _col3 (type: int), _col4 (type: bigint), _col5 (type: string), _col6 (type: bigint)
                      outputColumnNames: _col0, _col1, _col2, _col3, _col4, _col5, _col6
                      Statistics: Num rows: 9 Data size: 2709 Basic stats: COMPLETE Column stats: COMPLETE
                      Reduce Output Operator
                        key expressions: _col5 (type: string)
                        null sort order: z
                        sort order: +
                        Map-reduce partition columns: _col5 (type: string)
                        Statistics: Num rows: 9 Data size: 2709 Basic stats: COMPLETE Column stats: COMPLETE
                        value expressions: _col0 (type: int), _col1 (type: string), _col2 (type: int), _col3 (type: int), _col4 (type: bigint), _col6 (type: bigint)
        Reducer 13 
            Reduce Operator Tree:
              Merge Join Operator
                condition map:
                     Left Semi Join 0 to 1
                keys:
                  0 _col5 (type: string)
                  1 _col0 (type: string)
                outputColumnNames: _col0, _col1, _col2, _col3, _col4, _col5, _col6
                Statistics: Num rows: 6 Data size: 1806 Basic stats: COMPLETE Column stats: COMPLETE
                Select Operator
                  expressions: _col3 (type: int), _col4 (type: bigint), _col5 (type: string), _col6 (type: bigint), _col0 (type: int), _col1 (type: string), _col2 (type: int)
                  outputColumnNames: _col0, _col1, _col2, _col3, _col4, _col5, _col6
                  Statistics: Num rows: 6 Data size: 1806 Basic stats: COMPLETE Column stats: COMPLETE
                  Reduce Output Operator
                    key expressions: iceberg_bucket(_col4, 16) (type: int), iceberg_truncate(_col5, 3) (type: string)
                    null sort order: aa
                    sort order: ++
                    Map-reduce partition columns: iceberg_bucket(_col4, 16) (type: int), iceberg_truncate(_col5, 3) (type: string)
                    Statistics: Num rows: 19 Data size: 5791 Basic stats: COMPLETE Column stats: COMPLETE
                    value expressions: _col0 (type: int), _col1 (type: bigint), _col2 (type: string), _col3 (type: bigint), _col4 (type: int), _col5 (type: string), _col6 (type: int)
        Reducer 14 
            Reduce Operator Tree:
              Merge Join Operator
                condition map:
                     Inner Join 0 to 1
                keys:
                  0 
                  1 
                outputColumnNames: _col0, _col1, _col2, _col3
                Statistics: Num rows: 9 Data size: 1800 Basic stats: COMPLETE Column stats: COMPLETE
                Reduce Output Operator
                  key expressions: _col0 (type: int)
                  null sort order: z
                  sort order: +
                  Map-reduce partition columns: _col0 (type: int)
                  Statistics: Num rows: 9 Data size: 1800 Basic stats: COMPLETE Column stats: COMPLETE
                  value expressions: _col1 (type: int), _col2 (type: string), _col3 (type: bigint)
        Reducer 15 
            Reduce Operator Tree:
              Merge Join Operator
                condition map:
                     Left Outer Join 0 to 1
                keys:
                  0 _col0 (type: int)
                  1 _col0 (type: int)
                outputColumnNames: _col1, _col2, _col3, _col5
                Statistics: Num rows: 13 Data size: 2568 Basic stats: COMPLETE Column stats: COMPLETE
                Reduce Output Operator
                  null sort order: 
                  sort order: 
                  Statistics: Num rows: 13 Data size: 2568 Basic stats: COMPLETE Column stats: COMPLETE
                  value expressions: _col1 (type: int), _col2 (type: string), _col3 (type: bigint), _col5 (type: boolean)
        Reducer 16 
            Reduce Operator Tree:
              Merge Join Operator
                condition map:
                     Inner Join 0 to 1
                keys:
                  0 
                  1 
                outputColumnNames: _col1, _col2, _col3, _col5, _col6
                Statistics: Num rows: 13 Data size: 2672 Basic stats: COMPLETE Column stats: COMPLETE
                Reduce Output Operator
                  key expressions: _col1 (type: int)
                  null sort order: z
                  sort order: +
                  Map-reduce partition columns: _col1 (type: int)
                  Statistics: Num rows: 13 Data size: 2672 Basic stats: COMPLETE Column stats: COMPLETE
                  value expressions: _col2 (type: string), _col3 (type: bigint), _col5 (type: boolean), _col6 (type: bigint)
        Reducer 17 
            Reduce Operator Tree:
              Merge Join Operator
                condition map:
                     Left Outer Join 0 to 1
                keys:
                  0 _col1 (type: int)
                  1 _col0 (type: int)
                outputColumnNames: _col2, _col3, _col5, _col6, _col8
                Statistics: Num rows: 13 Data size: 2672 Basic stats: COMPLETE Column stats: COMPLETE
                Filter Operator
                  predicate: (((_col3 <> 0L) and _col5 is not null) or ((_col6 <> 0L) and _col8 is not null)) (type: boolean)
                  Statistics: Num rows: 13 Data size: 2672 Basic stats: COMPLETE Column stats: COMPLETE
                  Reduce Output Operator
                    key expressions: _col2 (type: string)
                    null sort order: a
                    sort order: +
                    Map-reduce partition columns: _col2 (type: string)
                    Statistics: Num rows: 13 Data size: 2672 Basic stats: COMPLETE Column stats: COMPLETE
        Reducer 18 
            Execution mode: vectorized
            Reduce Operator Tree:
              Select Operator
                expressions: KEY.reducesinkkey0 (type: string)
                outputColumnNames: _col2
                Statistics: Num rows: 13 Data size: 2392 Basic stats: COMPLETE Column stats: COMPLETE
                PTF Operator
                  Function definitions:
                      Input definition
                        input alias: ptf_0
                        output shape: _col2: string
                        type: WINDOWING
                      Windowing table definition
                        input alias: ptf_1
                        name: windowingtablefunction
                        order by: _col2 ASC NULLS FIRST
                        partition by: _col2
                        raw input shape:
                        window functions:
                            window function definition
                              alias: row_number_window_0
                              name: row_number
                              window function: GenericUDAFRowNumberEvaluator
                              window frame: ROWS PRECEDING(MAX)~FOLLOWING(MAX)
                              isPivotResult: true
                  Statistics: Num rows: 13 Data size: 2392 Basic stats: COMPLETE Column stats: COMPLETE
                  Filter Operator
                    predicate: (row_number_window_0 = 1) (type: boolean)
                    Statistics: Num rows: 6 Data size: 1104 Basic stats: COMPLETE Column stats: COMPLETE
                    Select Operator
                      expressions: _col2 (type: string)
                      outputColumnNames: _col0
                      Statistics: Num rows: 6 Data size: 1104 Basic stats: COMPLETE Column stats: COMPLETE
                      Group By Operator
                        keys: _col0 (type: string)
                        minReductionHashAggr: 0.4
                        mode: hash
                        outputColumnNames: _col0
                        Statistics: Num rows: 6 Data size: 1104 Basic stats: COMPLETE Column stats: COMPLETE
                        Reduce Output Operator
                          key expressions: _col0 (type: string)
                          null sort order: z
                          sort order: +
                          Map-reduce partition columns: _col0 (type: string)
                          Statistics: Num rows: 6 Data size: 1104 Basic stats: COMPLETE Column stats: COMPLETE
        Reducer 19 
            Reduce Operator Tree:
              Merge Join Operator
                condition map:
                     Inner Join 0 to 1
                keys:
                  0 
                  1 
                outputColumnNames: _col0, _col1, _col2, _col3, _col4, _col5, _col6
                Statistics: Num rows: 9 Data size: 1980 Basic stats: COMPLETE Column stats: COMPLETE
                Reduce Output Operator
                  key expressions: _col0 (type: int)
                  null sort order: z
                  sort order: +
                  Map-reduce partition columns: _col0 (type: int)
                  Statistics: Num rows: 9 Data size: 1980 Basic stats: COMPLETE Column stats: COMPLETE
                  value expressions: _col1 (type: int), _col2 (type: int), _col3 (type: bigint), _col4 (type: string), _col5 (type: bigint), _col6 (type: bigint)
        Reducer 2 
            Reduce Operator Tree:
              Merge Join Operator
                condition map:
                     Inner Join 0 to 1
                keys:
                  0 
                  1 
                outputColumnNames: _col0, _col1, _col2, _col3, _col4, _col5, _col6
                Statistics: Num rows: 9 Data size: 2709 Basic stats: COMPLETE Column stats: COMPLETE
                Reduce Output Operator
                  key expressions: _col0 (type: int)
                  null sort order: z
                  sort order: +
                  Map-reduce partition columns: _col0 (type: int)
                  Statistics: Num rows: 9 Data size: 2709 Basic stats: COMPLETE Column stats: COMPLETE
                  value expressions: _col1 (type: string), _col2 (type: int), _col3 (type: int), _col4 (type: bigint), _col5 (type: string), _col6 (type: bigint)
        Reducer 20 
            Reduce Operator Tree:
              Merge Join Operator
                condition map:
                     Left Outer Join 0 to 1
                keys:
                  0 _col0 (type: int)
                  1 _col0 (type: int)
                outputColumnNames: _col0, _col1, _col2, _col3, _col4, _col5, _col6, _col8
                Statistics: Num rows: 9 Data size: 2004 Basic stats: COMPLETE Column stats: COMPLETE
                Reduce Output Operator
                  null sort order: 
                  sort order: 
                  Statistics: Num rows: 9 Data size: 2004 Basic stats: COMPLETE Column stats: COMPLETE
                  value expressions: _col0 (type: int), _col1 (type: int), _col2 (type: int), _col3 (type: bigint), _col4 (type: string), _col5 (type: bigint), _col6 (type: bigint), _col8 (type: boolean)
        Reducer 21 
            Reduce Operator Tree:
              Merge Join Operator
                condition map:
                     Inner Join 0 to 1
                keys:
                  0 
                  1 
                outputColumnNames: _col0, _col1, _col2, _col3, _col4, _col5, _col6, _col8, _col9
                Statistics: Num rows: 9 Data size: 2076 Basic stats: COMPLETE Column stats: COMPLETE
                Reduce Output Operator
                  key expressions: _col1 (type: int)
                  null sort order: z
                  sort order: +
                  Map-reduce partition columns: _col1 (type: int)
                  Statistics: Num rows: 9 Data size: 2076 Basic stats: COMPLETE Column stats: COMPLETE
                  value expressions: _col0 (type: int), _col2 (type: int), _col3 (type: bigint), _col4 (type: string), _col5 (type: bigint), _col6 (type: bigint), _col8 (type: boolean), _col9 (type: bigint)
        Reducer 22 
            Reduce Operator Tree:
              Merge Join Operator
                condition map:
                     Left Outer Join 0 to 1
                keys:
                  0 _col1 (type: int)
                  1 _col0 (type: int)
                outputColumnNames: _col0, _col1, _col2, _col3, _col4, _col5, _col6, _col8, _col9, _col11
                Statistics: Num rows: 9 Data size: 2112 Basic stats: COMPLETE Column stats: COMPLETE
                Filter Operator
                  predicate: (((_col6 <> 0L) and _col8 is not null) or ((_col9 <> 0L) and _col11 is not null)) (type: boolean)
                  Statistics: Num rows: 9 Data size: 2112 Basic stats: COMPLETE Column stats: COMPLETE
                  Select Operator
                    expressions: _col2 (type: int), _col3 (type: bigint), _col4 (type: string), _col5 (type: bigint), _col0 (type: int), 'Changed again' (type: string), _col1 (type: int)
                    outputColumnNames: _col0, _col1, _col2, _col3, _col4, _col5, _col6
                    Statistics: Num rows: 9 Data size: 2781 Basic stats: COMPLETE Column stats: COMPLETE
                    Reduce Output Operator
                      key expressions: iceberg_bucket(_col4, 16) (type: int), iceberg_truncate(_col5, 3) (type: string)
                      null sort order: aa
                      sort order: ++
                      Map-reduce partition columns: iceberg_bucket(_col4, 16) (type: int), iceberg_truncate(_col5, 3) (type: string)
                      Statistics: Num rows: 19 Data size: 5791 Basic stats: COMPLETE Column stats: COMPLETE
                      value expressions: _col0 (type: int), _col1 (type: bigint), _col2 (type: string), _col3 (type: bigint), _col4 (type: int), _col5 (type: string), _col6 (type: int)
        Reducer 23 
            Execution mode: vectorized
            Reduce Operator Tree:
              Group By Operator
                aggregations: count(VALUE._col0)
                mode: mergepartial
                outputColumnNames: _col0
                Statistics: Num rows: 1 Data size: 8 Basic stats: COMPLETE Column stats: COMPLETE
                Reduce Output Operator
                  null sort order: 
                  sort order: 
                  Statistics: Num rows: 1 Data size: 8 Basic stats: COMPLETE Column stats: COMPLETE
                  value expressions: _col0 (type: bigint)
                Reduce Output Operator
                  null sort order: 
                  sort order: 
                  Statistics: Num rows: 1 Data size: 8 Basic stats: COMPLETE Column stats: COMPLETE
                  value expressions: _col0 (type: bigint)
        Reducer 24 
            Execution mode: vectorized
            Reduce Operator Tree:
              Group By Operator
                keys: KEY._col0 (type: int)
                mode: mergepartial
                outputColumnNames: _col0
                Statistics: Num rows: 2 Data size: 8 Basic stats: COMPLETE Column stats: COMPLETE
                Select Operator
                  expressions: _col0 (type: int), true (type: boolean)
                  outputColumnNames: _col0, _col1
                  Statistics: Num rows: 2 Data size: 16 Basic stats: COMPLETE Column stats: COMPLETE
                  Reduce Output Operator
                    key expressions: _col0 (type: int)
                    null sort order: z
                    sort order: +
                    Map-reduce partition columns: _col0 (type: int)
                    Statistics: Num rows: 2 Data size: 16 Basic stats: COMPLETE Column stats: COMPLETE
                    value expressions: _col1 (type: boolean)
                  Reduce Output Operator
                    key expressions: _col0 (type: int)
                    null sort order: z
                    sort order: +
                    Map-reduce partition columns: _col0 (type: int)
                    Statistics: Num rows: 2 Data size: 16 Basic stats: COMPLETE Column stats: COMPLETE
                    value expressions: _col1 (type: boolean)
                  Reduce Output Operator
                    key expressions: _col0 (type: int)
                    null sort order: z
                    sort order: +
                    Map-reduce partition columns: _col0 (type: int)
                    Statistics: Num rows: 2 Data size: 16 Basic stats: COMPLETE Column stats: COMPLETE
                    value expressions: _col1 (type: boolean)
                  Reduce Output Operator
                    key expressions: _col0 (type: int)
                    null sort order: z
                    sort order: +
                    Map-reduce partition columns: _col0 (type: int)
                    Statistics: Num rows: 2 Data size: 16 Basic stats: COMPLETE Column stats: COMPLETE
                    value expressions: _col1 (type: boolean)
        Reducer 25 
            Execution mode: vectorized
            Reduce Operator Tree:
              Group By Operator
                aggregations: count(VALUE._col0)
                mode: mergepartial
                outputColumnNames: _col0
                Statistics: Num rows: 1 Data size: 8 Basic stats: COMPLETE Column stats: COMPLETE
                Reduce Output Operator
                  null sort order: 
                  sort order: 
                  Statistics: Num rows: 1 Data size: 8 Basic stats: COMPLETE Column stats: COMPLETE
                  value expressions: _col0 (type: bigint)
        Reducer 26 
            Execution mode: vectorized
            Reduce Operator Tree:
              Group By Operator
                aggregations: count(VALUE._col0), count(VALUE._col1)
                mode: mergepartial
                outputColumnNames: _col0, _col1
                Statistics: Num rows: 1 Data size: 16 Basic stats: COMPLETE Column stats: COMPLETE
                Reduce Output Operator
                  null sort order: 
                  sort order: 
                  Statistics: Num rows: 1 Data size: 16 Basic stats: COMPLETE Column stats: COMPLETE
                  value expressions: _col0 (type: bigint), _col1 (type: bigint)
        Reducer 27 
            Execution mode: vectorized
            Reduce Operator Tree:
              Group By Operator
                keys: KEY._col0 (type: int)
                mode: mergepartial
                outputColumnNames: _col0
                Statistics: Num rows: 1 Data size: 4 Basic stats: COMPLETE Column stats: COMPLETE
                Select Operator
                  expressions: _col0 (type: int), true (type: boolean)
                  outputColumnNames: _col0, _col1
                  Statistics: Num rows: 1 Data size: 8 Basic stats: COMPLETE Column stats: COMPLETE
                  Reduce Output Operator
                    key expressions: _col0 (type: int)
                    null sort order: z
                    sort order: +
                    Map-reduce partition columns: _col0 (type: int)
                    Statistics: Num rows: 1 Data size: 8 Basic stats: COMPLETE Column stats: COMPLETE
                    value expressions: _col1 (type: boolean)
                  Reduce Output Operator
                    key expressions: _col0 (type: int)
                    null sort order: z
                    sort order: +
                    Map-reduce partition columns: _col0 (type: int)
                    Statistics: Num rows: 1 Data size: 8 Basic stats: COMPLETE Column stats: COMPLETE
                    value expressions: _col1 (type: boolean)
                  Reduce Output Operator
                    key expressions: _col0 (type: int)
                    null sort order: z
                    sort order: +
                    Map-reduce partition columns: _col0 (type: int)
                    Statistics: Num rows: 1 Data size: 8 Basic stats: COMPLETE Column stats: COMPLETE
                    value expressions: _col1 (type: boolean)
                  Reduce Output Operator
                    key expressions: _col0 (type: int)
                    null sort order: z
                    sort order: +
                    Map-reduce partition columns: _col0 (type: int)
                    Statistics: Num rows: 1 Data size: 8 Basic stats: COMPLETE Column stats: COMPLETE
                    value expressions: _col1 (type: boolean)
        Reducer 28 
            Execution mode: vectorized
            Reduce Operator Tree:
              Group By Operator
                aggregations: count(VALUE._col0)
                mode: mergepartial
                outputColumnNames: _col0
                Statistics: Num rows: 1 Data size: 8 Basic stats: COMPLETE Column stats: COMPLETE
                Reduce Output Operator
                  null sort order: 
                  sort order: 
                  Statistics: Num rows: 1 Data size: 8 Basic stats: COMPLETE Column stats: COMPLETE
                  value expressions: _col0 (type: bigint)
                Reduce Output Operator
                  null sort order: 
                  sort order: 
                  Statistics: Num rows: 1 Data size: 8 Basic stats: COMPLETE Column stats: COMPLETE
                  value expressions: _col0 (type: bigint)
        Reducer 29 
            Execution mode: vectorized
            Reduce Operator Tree:
              Group By Operator
                aggregations: count(VALUE._col0), count(VALUE._col1)
                mode: mergepartial
                outputColumnNames: _col0, _col1
                Statistics: Num rows: 1 Data size: 16 Basic stats: COMPLETE Column stats: COMPLETE
                Reduce Output Operator
                  null sort order: 
                  sort order: 
                  Statistics: Num rows: 1 Data size: 16 Basic stats: COMPLETE Column stats: COMPLETE
                  value expressions: _col0 (type: bigint), _col1 (type: bigint)
        Reducer 3 
            Reduce Operator Tree:
              Merge Join Operator
                condition map:
                     Left Outer Join 0 to 1
                keys:
                  0 _col0 (type: int)
                  1 _col0 (type: int)
                outputColumnNames: _col0, _col1, _col2, _col3, _col4, _col5, _col6, _col8
                Statistics: Num rows: 9 Data size: 2733 Basic stats: COMPLETE Column stats: COMPLETE
                Reduce Output Operator
                  null sort order: 
                  sort order: 
                  Statistics: Num rows: 9 Data size: 2733 Basic stats: COMPLETE Column stats: COMPLETE
                  value expressions: _col0 (type: int), _col1 (type: string), _col2 (type: int), _col3 (type: int), _col4 (type: bigint), _col5 (type: string), _col6 (type: bigint), _col8 (type: boolean)
        Reducer 30 
            Execution mode: vectorized
            Reduce Operator Tree:
              Group By Operator
                aggregations: count(VALUE._col0)
                mode: mergepartial
                outputColumnNames: _col0
                Statistics: Num rows: 1 Data size: 8 Basic stats: COMPLETE Column stats: COMPLETE
                Reduce Output Operator
                  null sort order: 
                  sort order: 
                  Statistics: Num rows: 1 Data size: 8 Basic stats: COMPLETE Column stats: COMPLETE
                  value expressions: _col0 (type: bigint)
        Reducer 4 
            Reduce Operator Tree:
              Merge Join Operator
                condition map:
                     Inner Join 0 to 1
                keys:
                  0 
                  1 
                outputColumnNames: _col0, _col1, _col2, _col3, _col4, _col5, _col6, _col8, _col9
                Statistics: Num rows: 9 Data size: 2805 Basic stats: COMPLETE Column stats: COMPLETE
                Reduce Output Operator
                  key expressions: _col2 (type: int)
                  null sort order: z
                  sort order: +
                  Map-reduce partition columns: _col2 (type: int)
                  Statistics: Num rows: 9 Data size: 2805 Basic stats: COMPLETE Column stats: COMPLETE
                  value expressions: _col0 (type: int), _col1 (type: string), _col3 (type: int), _col4 (type: bigint), _col5 (type: string), _col6 (type: bigint), _col8 (type: boolean), _col9 (type: bigint)
        Reducer 5 
            Reduce Operator Tree:
              Merge Join Operator
                condition map:
                     Left Outer Join 0 to 1
                keys:
                  0 _col2 (type: int)
                  1 _col0 (type: int)
                outputColumnNames: _col0, _col1, _col2, _col3, _col4, _col5, _col6, _col8, _col9, _col11
                Statistics: Num rows: 9 Data size: 2841 Basic stats: COMPLETE Column stats: COMPLETE
                Filter Operator
                  predicate: (((_col6 <> 0L) and _col8 is not null) or ((_col9 <> 0L) and _col11 is not null)) (type: boolean)
                  Statistics: Num rows: 9 Data size: 2841 Basic stats: COMPLETE Column stats: COMPLETE
                  Reduce Output Operator
                    key expressions: _col5 (type: string)
                    null sort order: a
                    sort order: +
                    Map-reduce partition columns: _col5 (type: string)
                    Statistics: Num rows: 9 Data size: 2841 Basic stats: COMPLETE Column stats: COMPLETE
                    value expressions: _col0 (type: int), _col1 (type: string), _col2 (type: int), _col3 (type: int), _col4 (type: bigint)
        Reducer 6 
            Execution mode: vectorized
            Reduce Operator Tree:
              Select Operator
                expressions: VALUE._col0 (type: int), VALUE._col1 (type: string), VALUE._col2 (type: int), VALUE._col3 (type: int), VALUE._col4 (type: bigint), KEY.reducesinkkey0 (type: string)
                outputColumnNames: _col0, _col1, _col2, _col3, _col4, _col5
                Statistics: Num rows: 9 Data size: 2637 Basic stats: COMPLETE Column stats: COMPLETE
                PTF Operator
                  Function definitions:
                      Input definition
                        input alias: ptf_0
                        type: WINDOWING
                      Windowing table definition
                        input alias: ptf_1
                        name: windowingtablefunction
                        order by: _col5 ASC NULLS FIRST
                        partition by: _col5
                        raw input shape:
                        window functions:
                            window function definition
                              alias: row_number_window_0
                              name: row_number
                              window function: GenericUDAFRowNumberEvaluator
                              window frame: ROWS PRECEDING(MAX)~FOLLOWING(MAX)
                              isPivotResult: true
                  Statistics: Num rows: 9 Data size: 2637 Basic stats: COMPLETE Column stats: COMPLETE
                  Filter Operator
                    predicate: (row_number_window_0 = 1) (type: boolean)
                    Statistics: Num rows: 4 Data size: 1172 Basic stats: COMPLETE Column stats: COMPLETE
                    Select Operator
                      expressions: _col3 (type: int), _col4 (type: bigint), _col5 (type: string), -1L (type: bigint), _col0 (type: int), _col1 (type: string), _col2 (type: int)
                      outputColumnNames: _col0, _col1, _col2, _col3, _col4, _col5, _col6
                      Statistics: Num rows: 4 Data size: 1204 Basic stats: COMPLETE Column stats: COMPLETE
                      Reduce Output Operator
                        key expressions: iceberg_bucket(_col4, 16) (type: int), iceberg_truncate(_col5, 3) (type: string)
                        null sort order: aa
                        sort order: ++
                        Map-reduce partition columns: iceberg_bucket(_col4, 16) (type: int), iceberg_truncate(_col5, 3) (type: string)
                        Statistics: Num rows: 19 Data size: 5791 Basic stats: COMPLETE Column stats: COMPLETE
                        value expressions: _col0 (type: int), _col1 (type: bigint), _col2 (type: string), _col3 (type: bigint), _col4 (type: int), _col5 (type: string), _col6 (type: int)
        Reducer 8 
            Execution mode: vectorized
            Reduce Operator Tree:
              Select Operator
                expressions: VALUE._col0 (type: int), VALUE._col1 (type: bigint), VALUE._col2 (type: string), VALUE._col3 (type: bigint), VALUE._col4 (type: int), VALUE._col5 (type: string), VALUE._col6 (type: int), KEY.iceberg_bucket(_col4, 16) (type: int), KEY.iceberg_truncate(_col5, 3) (type: string)
                outputColumnNames: _col0, _col1, _col2, _col3, _col4, _col5, _col6, iceberg_bucket(_col4, 16), iceberg_truncate(_col5, 3)
                File Output Operator
                  compressed: false
                  Dp Sort State: PARTITION_SORTED
                  Statistics: Num rows: 19 Data size: 5791 Basic stats: COMPLETE Column stats: COMPLETE
                  table:
                      input format: org.apache.iceberg.mr.hive.HiveIcebergInputFormat
                      output format: org.apache.iceberg.mr.hive.HiveIcebergOutputFormat
                      serde: org.apache.iceberg.mr.hive.HiveIcebergSerDe
                      name: default.tbl_ice
        Reducer 9 
            Reduce Operator Tree:
              Merge Join Operator
                condition map:
                     Left Outer Join 0 to 1
                keys:
                  0 _col0 (type: int)
                  1 _col0 (type: int)
                outputColumnNames: _col0, _col1, _col2, _col3, _col4, _col5, _col6, _col8
                Statistics: Num rows: 9 Data size: 2733 Basic stats: COMPLETE Column stats: COMPLETE
                Reduce Output Operator
                  null sort order: 
                  sort order: 
                  Statistics: Num rows: 9 Data size: 2733 Basic stats: COMPLETE Column stats: COMPLETE
                  value expressions: _col0 (type: int), _col1 (type: string), _col2 (type: int), _col3 (type: int), _col4 (type: bigint), _col5 (type: string), _col6 (type: bigint), _col8 (type: boolean)
        Union 7 
            Vertex: Union 7

  Stage: Stage-2
    Dependency Collection

  Stage: Stage-0
    Move Operator
      tables:
          replace: false
          table:
              input format: org.apache.iceberg.mr.hive.HiveIcebergInputFormat
              output format: org.apache.iceberg.mr.hive.HiveIcebergOutputFormat
              serde: org.apache.iceberg.mr.hive.HiveIcebergSerDe
              name: default.tbl_ice

  Stage: Stage-3
    Stats Work
      Basic Stats Work:

Warning: Shuffle Join MERGEJOIN[282][tables = [$hdt$_1, $hdt$_2]] in Stage 'Reducer 2' is a cross product
Warning: Shuffle Join MERGEJOIN[295][tables = [$hdt$_1, $hdt$_2, $hdt$_3, $hdt$_4]] in Stage 'Reducer 4' is a cross product
Warning: Shuffle Join MERGEJOIN[287][tables = [$hdt$_0, $hdt$_1, $hdt$_2]] in Stage 'Reducer 10' is a cross product
Warning: Shuffle Join MERGEJOIN[289][tables = [$hdt$_0, $hdt$_1, $hdt$_2]] in Stage 'Reducer 12' is a cross product
Warning: Shuffle Join MERGEJOIN[284][tables = [$hdt$_1, $hdt$_2]] in Stage 'Reducer 14' is a cross product
Warning: Shuffle Join MERGEJOIN[293][tables = [$hdt$_1, $hdt$_2, $hdt$_3, $hdt$_4]] in Stage 'Reducer 16' is a cross product
Warning: Shuffle Join MERGEJOIN[281][tables = [$hdt$_0, $hdt$_1]] in Stage 'Reducer 19' is a cross product
Warning: Shuffle Join MERGEJOIN[291][tables = [$hdt$_0, $hdt$_1, $hdt$_2, $hdt$_3]] in Stage 'Reducer 21' is a cross product
PREHOOK: query: update tbl_ice set b='Changed again' where a in (select a from tbl_ice where a <= 5) or c in (select c from tbl_ice where c > 800)
PREHOOK: type: QUERY
PREHOOK: Input: default@tbl_ice
PREHOOK: Output: default@tbl_ice
POSTHOOK: query: update tbl_ice set b='Changed again' where a in (select a from tbl_ice where a <= 5) or c in (select c from tbl_ice where c > 800)
POSTHOOK: type: QUERY
POSTHOOK: Input: default@tbl_ice
POSTHOOK: Output: default@tbl_ice
PREHOOK: query: select * from tbl_ice order by a, b, c
PREHOOK: type: QUERY
PREHOOK: Input: default@tbl_ice
PREHOOK: Output: hdfs://### HDFS PATH ###
POSTHOOK: query: select * from tbl_ice order by a, b, c
POSTHOOK: type: QUERY
POSTHOOK: Input: default@tbl_ice
POSTHOOK: Output: hdfs://### HDFS PATH ###
1	Changed again	50
2	Changed again	51
3	Changed again	52
4	Changed again	53
5	Changed again	54
111	Changed	55
333	two	56
444	hola	800
555	Changed again	801
PREHOOK: query: drop table if exists tbl_ice_other
PREHOOK: type: DROPTABLE
PREHOOK: Output: database:default
POSTHOOK: query: drop table if exists tbl_ice_other
POSTHOOK: type: DROPTABLE
POSTHOOK: Output: database:default
PREHOOK: query: create external table tbl_ice_other(a int, b string) stored by iceberg
PREHOOK: type: CREATETABLE
PREHOOK: Output: database:default
PREHOOK: Output: default@tbl_ice_other
POSTHOOK: query: create external table tbl_ice_other(a int, b string) stored by iceberg
POSTHOOK: type: CREATETABLE
POSTHOOK: Output: database:default
POSTHOOK: Output: default@tbl_ice_other
PREHOOK: query: insert into tbl_ice_other values (10, 'ten'), (333, 'hundred')
PREHOOK: type: QUERY
PREHOOK: Input: _dummy_database@_dummy_table
PREHOOK: Output: default@tbl_ice_other
POSTHOOK: query: insert into tbl_ice_other values (10, 'ten'), (333, 'hundred')
POSTHOOK: type: QUERY
POSTHOOK: Input: _dummy_database@_dummy_table
POSTHOOK: Output: default@tbl_ice_other
Warning: Shuffle Join MERGEJOIN[269][tables = [$hdt$_0, $hdt$_1, $hdt$_2]] in Stage 'Reducer 3' is a cross product
PREHOOK: query: explain update tbl_ice set b='Changed forever' where a in (select t1.a from tbl_ice t1 join tbl_ice_other t2 on t1.a = t2.a)
PREHOOK: type: QUERY
PREHOOK: Input: default@tbl_ice
PREHOOK: Input: default@tbl_ice_other
PREHOOK: Output: default@tbl_ice
POSTHOOK: query: explain update tbl_ice set b='Changed forever' where a in (select t1.a from tbl_ice t1 join tbl_ice_other t2 on t1.a = t2.a)
POSTHOOK: type: QUERY
POSTHOOK: Input: default@tbl_ice
POSTHOOK: Input: default@tbl_ice_other
POSTHOOK: Output: default@tbl_ice
STAGE DEPENDENCIES:
  Stage-1 is a root stage
  Stage-2 depends on stages: Stage-1
  Stage-0 depends on stages: Stage-2
  Stage-3 depends on stages: Stage-0

STAGE PLANS:
  Stage: Stage-1
    Tez
#### A masked pattern was here ####
      Edges:
        Reducer 10 <- Map 1 (SIMPLE_EDGE), Map 15 (SIMPLE_EDGE)
        Reducer 11 <- Reducer 10 (SIMPLE_EDGE)
        Reducer 12 <- Map 1 (SIMPLE_EDGE), Reducer 10 (SIMPLE_EDGE)
        Reducer 13 <- Reducer 12 (SIMPLE_EDGE)
        Reducer 14 <- Reducer 10 (CUSTOM_SIMPLE_EDGE)
        Reducer 2 <- Map 1 (SIMPLE_EDGE), Reducer 11 (SIMPLE_EDGE)
        Reducer 3 <- Reducer 14 (XPROD_EDGE), Reducer 2 (XPROD_EDGE)
        Reducer 4 <- Reducer 13 (SIMPLE_EDGE), Reducer 3 (SIMPLE_EDGE), Union 5 (CONTAINS)
        Reducer 6 <- Union 5 (SIMPLE_EDGE)
        Reducer 7 <- Map 1 (SIMPLE_EDGE), Reducer 10 (SIMPLE_EDGE), Union 5 (CONTAINS)
        Reducer 8 <- Map 1 (SIMPLE_EDGE), Reducer 10 (SIMPLE_EDGE)
        Reducer 9 <- Reducer 8 (SIMPLE_EDGE), Union 5 (CONTAINS)
#### A masked pattern was here ####
      Vertices:
        Map 1 
            Map Operator Tree:
                TableScan
                  alias: tbl_ice
                  Statistics: Num rows: 9 Data size: 873 Basic stats: COMPLETE Column stats: COMPLETE
                  Filter Operator
                    predicate: FILE__PATH is not null (type: boolean)
                    Statistics: Num rows: 9 Data size: 873 Basic stats: COMPLETE Column stats: COMPLETE
                    Select Operator
                      expressions: a (type: int), b (type: string), c (type: int), PARTITION__SPEC__ID (type: int), PARTITION__HASH (type: bigint), FILE__PATH (type: string), ROW__POSITION (type: bigint)
                      outputColumnNames: _col0, _col1, _col2, _col3, _col4, _col5, _col6
                      Statistics: Num rows: 9 Data size: 2709 Basic stats: COMPLETE Column stats: COMPLETE
                      Reduce Output Operator
                        key expressions: _col0 (type: int)
                        null sort order: z
                        sort order: +
                        Map-reduce partition columns: _col0 (type: int)
                        Statistics: Num rows: 9 Data size: 2709 Basic stats: COMPLETE Column stats: COMPLETE
                        value expressions: _col1 (type: string), _col2 (type: int), _col3 (type: int), _col4 (type: bigint), _col5 (type: string), _col6 (type: bigint)
                  Filter Operator
                    predicate: a is not null (type: boolean)
                    Statistics: Num rows: 9 Data size: 72 Basic stats: COMPLETE Column stats: COMPLETE
                    Select Operator
                      expressions: a (type: int), c (type: int), PARTITION__SPEC__ID (type: int), PARTITION__HASH (type: bigint), FILE__PATH (type: string), ROW__POSITION (type: bigint)
                      outputColumnNames: _col0, _col1, _col2, _col3, _col4, _col5
                      Statistics: Num rows: 9 Data size: 1908 Basic stats: COMPLETE Column stats: COMPLETE
                      Reduce Output Operator
                        key expressions: _col0 (type: int)
                        null sort order: z
                        sort order: +
                        Map-reduce partition columns: _col0 (type: int)
                        Statistics: Num rows: 9 Data size: 1908 Basic stats: COMPLETE Column stats: COMPLETE
                        value expressions: _col1 (type: int), _col2 (type: int), _col3 (type: bigint), _col4 (type: string), _col5 (type: bigint)
                    Select Operator
                      expressions: a (type: int), b (type: string), c (type: int), PARTITION__SPEC__ID (type: int), PARTITION__HASH (type: bigint), FILE__PATH (type: string)
                      outputColumnNames: _col0, _col1, _col2, _col3, _col4, _col5
                      Statistics: Num rows: 9 Data size: 2637 Basic stats: COMPLETE Column stats: COMPLETE
                      Reduce Output Operator
                        key expressions: _col0 (type: int)
                        null sort order: z
                        sort order: +
                        Map-reduce partition columns: _col0 (type: int)
                        Statistics: Num rows: 9 Data size: 2637 Basic stats: COMPLETE Column stats: COMPLETE
                        value expressions: _col1 (type: string), _col2 (type: int), _col3 (type: int), _col4 (type: bigint), _col5 (type: string)
                    Select Operator
                      expressions: a (type: int)
                      outputColumnNames: _col0
                      Statistics: Num rows: 9 Data size: 36 Basic stats: COMPLETE Column stats: COMPLETE
                      Reduce Output Operator
                        key expressions: _col0 (type: int)
                        null sort order: z
                        sort order: +
                        Map-reduce partition columns: _col0 (type: int)
                        Statistics: Num rows: 9 Data size: 36 Basic stats: COMPLETE Column stats: COMPLETE
                  Filter Operator
                    predicate: (a is not null and FILE__PATH is not null) (type: boolean)
                    Statistics: Num rows: 9 Data size: 36 Basic stats: COMPLETE Column stats: COMPLETE
                    Select Operator
                      expressions: a (type: int), FILE__PATH (type: string)
                      outputColumnNames: _col0, _col1
                      Statistics: Num rows: 9 Data size: 1692 Basic stats: COMPLETE Column stats: COMPLETE
                      Reduce Output Operator
                        key expressions: _col0 (type: int)
                        null sort order: z
                        sort order: +
                        Map-reduce partition columns: _col0 (type: int)
                        Statistics: Num rows: 9 Data size: 1692 Basic stats: COMPLETE Column stats: COMPLETE
                        value expressions: _col1 (type: string)
            Execution mode: vectorized
        Map 15 
            Map Operator Tree:
                TableScan
                  alias: t2
                  filterExpr: a is not null (type: boolean)
                  Statistics: Num rows: 2 Data size: 8 Basic stats: COMPLETE Column stats: COMPLETE
                  Filter Operator
                    predicate: a is not null (type: boolean)
                    Statistics: Num rows: 2 Data size: 8 Basic stats: COMPLETE Column stats: COMPLETE
                    Select Operator
                      expressions: a (type: int)
                      outputColumnNames: _col0
                      Statistics: Num rows: 2 Data size: 8 Basic stats: COMPLETE Column stats: COMPLETE
                      Reduce Output Operator
                        key expressions: _col0 (type: int)
                        null sort order: z
                        sort order: +
                        Map-reduce partition columns: _col0 (type: int)
                        Statistics: Num rows: 2 Data size: 8 Basic stats: COMPLETE Column stats: COMPLETE
            Execution mode: vectorized
        Reducer 10 
            Reduce Operator Tree:
              Merge Join Operator
                condition map:
                     Inner Join 0 to 1
                keys:
                  0 _col0 (type: int)
                  1 _col0 (type: int)
                outputColumnNames: _col0
                Statistics: Num rows: 2 Data size: 8 Basic stats: COMPLETE Column stats: COMPLETE
                Group By Operator
                  keys: _col0 (type: int)
                  minReductionHashAggr: 0.5
                  mode: hash
                  outputColumnNames: _col0
                  Statistics: Num rows: 1 Data size: 4 Basic stats: COMPLETE Column stats: COMPLETE
                  Reduce Output Operator
                    key expressions: _col0 (type: int)
                    null sort order: z
                    sort order: +
                    Map-reduce partition columns: _col0 (type: int)
                    Statistics: Num rows: 1 Data size: 4 Basic stats: COMPLETE Column stats: COMPLETE
                  Reduce Output Operator
                    key expressions: _col0 (type: int)
                    null sort order: z
                    sort order: +
                    Map-reduce partition columns: _col0 (type: int)
                    Statistics: Num rows: 1 Data size: 4 Basic stats: COMPLETE Column stats: COMPLETE
                  Reduce Output Operator
                    key expressions: _col0 (type: int)
                    null sort order: z
                    sort order: +
                    Map-reduce partition columns: _col0 (type: int)
                    Statistics: Num rows: 1 Data size: 4 Basic stats: COMPLETE Column stats: COMPLETE
                  Reduce Output Operator
                    key expressions: _col0 (type: int)
                    null sort order: z
                    sort order: +
                    Map-reduce partition columns: _col0 (type: int)
                    Statistics: Num rows: 1 Data size: 4 Basic stats: COMPLETE Column stats: COMPLETE
                Group By Operator
                  aggregations: count(), count(_col0)
                  minReductionHashAggr: 0.5
                  mode: hash
                  outputColumnNames: _col0, _col1
                  Statistics: Num rows: 1 Data size: 16 Basic stats: COMPLETE Column stats: COMPLETE
                  Reduce Output Operator
                    null sort order: 
                    sort order: 
                    Statistics: Num rows: 1 Data size: 16 Basic stats: COMPLETE Column stats: COMPLETE
                    value expressions: _col0 (type: bigint), _col1 (type: bigint)
        Reducer 11 
            Execution mode: vectorized
            Reduce Operator Tree:
              Group By Operator
                keys: KEY._col0 (type: int)
                mode: mergepartial
                outputColumnNames: _col0
                Statistics: Num rows: 1 Data size: 4 Basic stats: COMPLETE Column stats: COMPLETE
                Select Operator
                  expressions: _col0 (type: int), true (type: boolean)
                  outputColumnNames: _col0, _col1
                  Statistics: Num rows: 1 Data size: 8 Basic stats: COMPLETE Column stats: COMPLETE
                  Reduce Output Operator
                    key expressions: _col0 (type: int)
                    null sort order: z
                    sort order: +
                    Map-reduce partition columns: _col0 (type: int)
                    Statistics: Num rows: 1 Data size: 8 Basic stats: COMPLETE Column stats: COMPLETE
                    value expressions: _col1 (type: boolean)
        Reducer 12 
            Reduce Operator Tree:
              Merge Join Operator
                condition map:
                     Left Semi Join 0 to 1
                keys:
                  0 _col0 (type: int)
                  1 _col0 (type: int)
                outputColumnNames: _col1
                Statistics: Num rows: 1 Data size: 184 Basic stats: COMPLETE Column stats: COMPLETE
                Reduce Output Operator
                  key expressions: _col1 (type: string)
                  null sort order: a
                  sort order: +
                  Map-reduce partition columns: _col1 (type: string)
                  Statistics: Num rows: 1 Data size: 184 Basic stats: COMPLETE Column stats: COMPLETE
        Reducer 13 
            Execution mode: vectorized
            Reduce Operator Tree:
              Select Operator
                expressions: KEY.reducesinkkey0 (type: string)
                outputColumnNames: _col1
                Statistics: Num rows: 1 Data size: 184 Basic stats: COMPLETE Column stats: COMPLETE
                PTF Operator
                  Function definitions:
                      Input definition
                        input alias: ptf_0
                        output shape: _col1: string
                        type: WINDOWING
                      Windowing table definition
                        input alias: ptf_1
                        name: windowingtablefunction
                        order by: _col1 ASC NULLS FIRST
                        partition by: _col1
                        raw input shape:
                        window functions:
                            window function definition
                              alias: row_number_window_0
                              name: row_number
                              window function: GenericUDAFRowNumberEvaluator
                              window frame: ROWS PRECEDING(MAX)~FOLLOWING(MAX)
                              isPivotResult: true
                  Statistics: Num rows: 1 Data size: 184 Basic stats: COMPLETE Column stats: COMPLETE
                  Filter Operator
                    predicate: (row_number_window_0 = 1) (type: boolean)
                    Statistics: Num rows: 1 Data size: 184 Basic stats: COMPLETE Column stats: COMPLETE
                    Select Operator
                      expressions: _col1 (type: string)
                      outputColumnNames: _col0
                      Statistics: Num rows: 1 Data size: 184 Basic stats: COMPLETE Column stats: COMPLETE
                      Group By Operator
                        keys: _col0 (type: string)
                        minReductionHashAggr: 0.4
                        mode: hash
                        outputColumnNames: _col0
                        Statistics: Num rows: 1 Data size: 184 Basic stats: COMPLETE Column stats: COMPLETE
                        Reduce Output Operator
                          key expressions: _col0 (type: string)
                          null sort order: z
                          sort order: +
                          Map-reduce partition columns: _col0 (type: string)
                          Statistics: Num rows: 1 Data size: 184 Basic stats: COMPLETE Column stats: COMPLETE
        Reducer 14 
            Execution mode: vectorized
            Reduce Operator Tree:
              Group By Operator
                aggregations: count(VALUE._col0), count(VALUE._col1)
                mode: mergepartial
                outputColumnNames: _col0, _col1
                Statistics: Num rows: 1 Data size: 16 Basic stats: COMPLETE Column stats: COMPLETE
                Reduce Output Operator
                  null sort order: 
                  sort order: 
                  Statistics: Num rows: 1 Data size: 16 Basic stats: COMPLETE Column stats: COMPLETE
                  value expressions: _col0 (type: bigint), _col1 (type: bigint)
        Reducer 2 
            Reduce Operator Tree:
              Merge Join Operator
                condition map:
                     Left Outer Join 0 to 1
                keys:
                  0 _col0 (type: int)
                  1 _col0 (type: int)
                outputColumnNames: _col0, _col1, _col2, _col3, _col4, _col5, _col6, _col8
                Statistics: Num rows: 10 Data size: 3018 Basic stats: COMPLETE Column stats: COMPLETE
                Reduce Output Operator
                  null sort order: 
                  sort order: 
                  Statistics: Num rows: 10 Data size: 3018 Basic stats: COMPLETE Column stats: COMPLETE
                  value expressions: _col0 (type: int), _col1 (type: string), _col2 (type: int), _col3 (type: int), _col4 (type: bigint), _col5 (type: string), _col6 (type: bigint), _col8 (type: boolean)
        Reducer 3 
            Reduce Operator Tree:
              Merge Join Operator
                condition map:
                     Inner Join 0 to 1
                keys:
                  0 
                  1 
                outputColumnNames: _col0, _col1, _col2, _col3, _col4, _col5, _col6, _col8, _col9, _col10
                Statistics: Num rows: 10 Data size: 3178 Basic stats: COMPLETE Column stats: COMPLETE
                Select Operator
                  expressions: _col0 (type: int), _col1 (type: string), _col2 (type: int), _col3 (type: int), _col4 (type: bigint), _col5 (type: string), _col6 (type: bigint), _col9 (type: bigint), _col10 (type: bigint), _col8 (type: boolean)
                  outputColumnNames: _col0, _col1, _col2, _col3, _col4, _col5, _col6, _col7, _col8, _col10
                  Statistics: Num rows: 10 Data size: 3178 Basic stats: COMPLETE Column stats: COMPLETE
                  Filter Operator
                    predicate: ((_col7 = 0L) or (_col10 is null and (_col8 >= _col7) and _col0 is not null) or ((_col10 is not null and (_col7 <> 0L)) or ((_col0 is null or (_col8 < _col7)) and null and (_col7 <> 0L) and _col10 is null)) is null) (type: boolean)
                    Statistics: Num rows: 10 Data size: 3178 Basic stats: COMPLETE Column stats: COMPLETE
                    Select Operator
                      expressions: _col0 (type: int), _col1 (type: string), _col2 (type: int), _col3 (type: int), _col4 (type: bigint), _col5 (type: string), _col6 (type: bigint)
                      outputColumnNames: _col0, _col1, _col2, _col3, _col4, _col5, _col6
                      Statistics: Num rows: 10 Data size: 3010 Basic stats: COMPLETE Column stats: COMPLETE
                      Reduce Output Operator
                        key expressions: _col5 (type: string)
                        null sort order: z
                        sort order: +
                        Map-reduce partition columns: _col5 (type: string)
                        Statistics: Num rows: 10 Data size: 3010 Basic stats: COMPLETE Column stats: COMPLETE
                        value expressions: _col0 (type: int), _col1 (type: string), _col2 (type: int), _col3 (type: int), _col4 (type: bigint), _col6 (type: bigint)
        Reducer 4 
            Reduce Operator Tree:
              Merge Join Operator
                condition map:
                     Left Semi Join 0 to 1
                keys:
                  0 _col5 (type: string)
                  1 _col0 (type: string)
                outputColumnNames: _col0, _col1, _col2, _col3, _col4, _col5, _col6
                Statistics: Num rows: 1 Data size: 301 Basic stats: COMPLETE Column stats: COMPLETE
                Select Operator
                  expressions: _col3 (type: int), _col4 (type: bigint), _col5 (type: string), _col6 (type: bigint), _col0 (type: int), _col1 (type: string), _col2 (type: int)
                  outputColumnNames: _col0, _col1, _col2, _col3, _col4, _col5, _col6
                  Statistics: Num rows: 1 Data size: 301 Basic stats: COMPLETE Column stats: COMPLETE
                  Reduce Output Operator
                    key expressions: iceberg_bucket(_col4, 16) (type: int), iceberg_truncate(_col5, 3) (type: string)
                    null sort order: aa
                    sort order: ++
                    Map-reduce partition columns: iceberg_bucket(_col4, 16) (type: int), iceberg_truncate(_col5, 3) (type: string)
                    Statistics: Num rows: 3 Data size: 913 Basic stats: COMPLETE Column stats: COMPLETE
                    value expressions: _col0 (type: int), _col1 (type: bigint), _col2 (type: string), _col3 (type: bigint), _col4 (type: int), _col5 (type: string), _col6 (type: int)
        Reducer 6 
            Execution mode: vectorized
            Reduce Operator Tree:
              Select Operator
                expressions: VALUE._col0 (type: int), VALUE._col1 (type: bigint), VALUE._col2 (type: string), VALUE._col3 (type: bigint), VALUE._col4 (type: int), VALUE._col5 (type: string), VALUE._col6 (type: int), KEY.iceberg_bucket(_col4, 16) (type: int), KEY.iceberg_truncate(_col5, 3) (type: string)
                outputColumnNames: _col0, _col1, _col2, _col3, _col4, _col5, _col6, iceberg_bucket(_col4, 16), iceberg_truncate(_col5, 3)
                File Output Operator
                  compressed: false
                  Dp Sort State: PARTITION_SORTED
                  Statistics: Num rows: 3 Data size: 913 Basic stats: COMPLETE Column stats: COMPLETE
                  table:
                      input format: org.apache.iceberg.mr.hive.HiveIcebergInputFormat
                      output format: org.apache.iceberg.mr.hive.HiveIcebergOutputFormat
                      serde: org.apache.iceberg.mr.hive.HiveIcebergSerDe
                      name: default.tbl_ice
        Reducer 7 
            Reduce Operator Tree:
              Merge Join Operator
                condition map:
                     Left Semi Join 0 to 1
                keys:
                  0 _col0 (type: int)
                  1 _col0 (type: int)
                outputColumnNames: _col0, _col1, _col2, _col3, _col4, _col5
                Statistics: Num rows: 1 Data size: 212 Basic stats: COMPLETE Column stats: COMPLETE
                Select Operator
                  expressions: _col2 (type: int), _col3 (type: bigint), _col4 (type: string), _col5 (type: bigint), _col0 (type: int), 'Changed forever' (type: string), _col1 (type: int)
                  outputColumnNames: _col0, _col1, _col2, _col3, _col4, _col5, _col6
                  Statistics: Num rows: 1 Data size: 311 Basic stats: COMPLETE Column stats: COMPLETE
                  Reduce Output Operator
                    key expressions: iceberg_bucket(_col4, 16) (type: int), iceberg_truncate(_col5, 3) (type: string)
                    null sort order: aa
                    sort order: ++
                    Map-reduce partition columns: iceberg_bucket(_col4, 16) (type: int), iceberg_truncate(_col5, 3) (type: string)
                    Statistics: Num rows: 3 Data size: 913 Basic stats: COMPLETE Column stats: COMPLETE
                    value expressions: _col0 (type: int), _col1 (type: bigint), _col2 (type: string), _col3 (type: bigint), _col4 (type: int), _col5 (type: string), _col6 (type: int)
        Reducer 8 
            Reduce Operator Tree:
              Merge Join Operator
                condition map:
                     Left Semi Join 0 to 1
                keys:
                  0 _col0 (type: int)
                  1 _col0 (type: int)
                outputColumnNames: _col0, _col1, _col2, _col3, _col4, _col5
                Statistics: Num rows: 1 Data size: 293 Basic stats: COMPLETE Column stats: COMPLETE
                Reduce Output Operator
                  key expressions: _col5 (type: string)
                  null sort order: a
                  sort order: +
                  Map-reduce partition columns: _col5 (type: string)
                  Statistics: Num rows: 1 Data size: 293 Basic stats: COMPLETE Column stats: COMPLETE
                  value expressions: _col0 (type: int), _col1 (type: string), _col2 (type: int), _col3 (type: int), _col4 (type: bigint)
        Reducer 9 
            Execution mode: vectorized
            Reduce Operator Tree:
              Select Operator
                expressions: VALUE._col0 (type: int), VALUE._col1 (type: string), VALUE._col2 (type: int), VALUE._col3 (type: int), VALUE._col4 (type: bigint), KEY.reducesinkkey0 (type: string)
                outputColumnNames: _col0, _col1, _col2, _col3, _col4, _col5
                Statistics: Num rows: 1 Data size: 293 Basic stats: COMPLETE Column stats: COMPLETE
                PTF Operator
                  Function definitions:
                      Input definition
                        input alias: ptf_0
                        type: WINDOWING
                      Windowing table definition
                        input alias: ptf_1
                        name: windowingtablefunction
                        order by: _col5 ASC NULLS FIRST
                        partition by: _col5
                        raw input shape:
                        window functions:
                            window function definition
                              alias: row_number_window_0
                              name: row_number
                              window function: GenericUDAFRowNumberEvaluator
                              window frame: ROWS PRECEDING(MAX)~FOLLOWING(MAX)
                              isPivotResult: true
                  Statistics: Num rows: 1 Data size: 293 Basic stats: COMPLETE Column stats: COMPLETE
                  Filter Operator
                    predicate: (row_number_window_0 = 1) (type: boolean)
                    Statistics: Num rows: 1 Data size: 293 Basic stats: COMPLETE Column stats: COMPLETE
                    Select Operator
                      expressions: _col3 (type: int), _col4 (type: bigint), _col5 (type: string), -1L (type: bigint), _col0 (type: int), _col1 (type: string), _col2 (type: int)
                      outputColumnNames: _col0, _col1, _col2, _col3, _col4, _col5, _col6
                      Statistics: Num rows: 1 Data size: 301 Basic stats: COMPLETE Column stats: COMPLETE
                      Reduce Output Operator
                        key expressions: iceberg_bucket(_col4, 16) (type: int), iceberg_truncate(_col5, 3) (type: string)
                        null sort order: aa
                        sort order: ++
                        Map-reduce partition columns: iceberg_bucket(_col4, 16) (type: int), iceberg_truncate(_col5, 3) (type: string)
                        Statistics: Num rows: 3 Data size: 913 Basic stats: COMPLETE Column stats: COMPLETE
                        value expressions: _col0 (type: int), _col1 (type: bigint), _col2 (type: string), _col3 (type: bigint), _col4 (type: int), _col5 (type: string), _col6 (type: int)
        Union 5 
            Vertex: Union 5

  Stage: Stage-2
    Dependency Collection

  Stage: Stage-0
    Move Operator
      tables:
          replace: false
          table:
              input format: org.apache.iceberg.mr.hive.HiveIcebergInputFormat
              output format: org.apache.iceberg.mr.hive.HiveIcebergOutputFormat
              serde: org.apache.iceberg.mr.hive.HiveIcebergSerDe
              name: default.tbl_ice

  Stage: Stage-3
    Stats Work
      Basic Stats Work:

Warning: Shuffle Join MERGEJOIN[269][tables = [$hdt$_0, $hdt$_1, $hdt$_2]] in Stage 'Reducer 3' is a cross product
PREHOOK: query: update tbl_ice set b='Changed forever' where a in (select t1.a from tbl_ice t1 join tbl_ice_other t2 on t1.a = t2.a)
PREHOOK: type: QUERY
PREHOOK: Input: default@tbl_ice
PREHOOK: Input: default@tbl_ice_other
PREHOOK: Output: default@tbl_ice
POSTHOOK: query: update tbl_ice set b='Changed forever' where a in (select t1.a from tbl_ice t1 join tbl_ice_other t2 on t1.a = t2.a)
POSTHOOK: type: QUERY
POSTHOOK: Input: default@tbl_ice
POSTHOOK: Input: default@tbl_ice_other
POSTHOOK: Output: default@tbl_ice
PREHOOK: query: select * from tbl_ice order by a, b, c
PREHOOK: type: QUERY
PREHOOK: Input: default@tbl_ice
PREHOOK: Output: hdfs://### HDFS PATH ###
POSTHOOK: query: select * from tbl_ice order by a, b, c
POSTHOOK: type: QUERY
POSTHOOK: Input: default@tbl_ice
POSTHOOK: Output: hdfs://### HDFS PATH ###
1	Changed again	50
2	Changed again	51
3	Changed again	52
4	Changed again	53
5	Changed again	54
111	Changed	55
333	Changed forever	56
444	hola	800
555	Changed again	801
PREHOOK: query: drop table if exists tbl_standard_other
PREHOOK: type: DROPTABLE
PREHOOK: Output: database:default
POSTHOOK: query: drop table if exists tbl_standard_other
POSTHOOK: type: DROPTABLE
POSTHOOK: Output: database:default
PREHOOK: query: create external table tbl_standard_other(a int, b string) stored as orc
PREHOOK: type: CREATETABLE
PREHOOK: Output: database:default
PREHOOK: Output: default@tbl_standard_other
POSTHOOK: query: create external table tbl_standard_other(a int, b string) stored as orc
POSTHOOK: type: CREATETABLE
POSTHOOK: Output: database:default
POSTHOOK: Output: default@tbl_standard_other
PREHOOK: query: insert into tbl_standard_other values (10, 'ten'), (444, 'tutu')
PREHOOK: type: QUERY
PREHOOK: Input: _dummy_database@_dummy_table
PREHOOK: Output: default@tbl_standard_other
POSTHOOK: query: insert into tbl_standard_other values (10, 'ten'), (444, 'tutu')
POSTHOOK: type: QUERY
POSTHOOK: Input: _dummy_database@_dummy_table
POSTHOOK: Output: default@tbl_standard_other
POSTHOOK: Lineage: tbl_standard_other.a SCRIPT []
POSTHOOK: Lineage: tbl_standard_other.b SCRIPT []
Warning: Shuffle Join MERGEJOIN[224][tables = [$hdt$_0, $hdt$_1, $hdt$_2]] in Stage 'Reducer 8' is a cross product
PREHOOK: query: explain update tbl_ice set b='The last one' where a in (select t1.a from tbl_ice t1 join tbl_standard_other t2 on t1.a = t2.a)
PREHOOK: type: QUERY
PREHOOK: Input: default@tbl_ice
PREHOOK: Input: default@tbl_standard_other
PREHOOK: Output: default@tbl_ice
POSTHOOK: query: explain update tbl_ice set b='The last one' where a in (select t1.a from tbl_ice t1 join tbl_standard_other t2 on t1.a = t2.a)
POSTHOOK: type: QUERY
POSTHOOK: Input: default@tbl_ice
POSTHOOK: Input: default@tbl_standard_other
POSTHOOK: Output: default@tbl_ice
STAGE DEPENDENCIES:
  Stage-1 is a root stage
  Stage-2 depends on stages: Stage-1
  Stage-0 depends on stages: Stage-2
  Stage-3 depends on stages: Stage-0

STAGE PLANS:
  Stage: Stage-1
    Tez
#### A masked pattern was here ####
      Edges:
        Reducer 10 <- Reducer 2 (CUSTOM_SIMPLE_EDGE)
        Reducer 11 <- Map 15 (SIMPLE_EDGE), Reducer 2 (SIMPLE_EDGE)
        Reducer 12 <- Reducer 11 (SIMPLE_EDGE)
        Reducer 13 <- Map 15 (SIMPLE_EDGE), Reducer 2 (SIMPLE_EDGE)
        Reducer 14 <- Reducer 13 (SIMPLE_EDGE), Union 4 (CONTAINS)
        Reducer 2 <- Map 1 (SIMPLE_EDGE), Map 15 (SIMPLE_EDGE)
        Reducer 3 <- Map 15 (SIMPLE_EDGE), Reducer 2 (SIMPLE_EDGE), Union 4 (CONTAINS)
        Reducer 5 <- Union 4 (SIMPLE_EDGE)
        Reducer 6 <- Reducer 2 (SIMPLE_EDGE)
        Reducer 7 <- Map 15 (SIMPLE_EDGE), Reducer 6 (SIMPLE_EDGE)
        Reducer 8 <- Reducer 10 (XPROD_EDGE), Reducer 7 (XPROD_EDGE)
        Reducer 9 <- Reducer 12 (SIMPLE_EDGE), Reducer 8 (SIMPLE_EDGE), Union 4 (CONTAINS)
#### A masked pattern was here ####
      Vertices:
        Map 1 
            Map Operator Tree:
                TableScan
                  alias: t2
                  filterExpr: a is not null (type: boolean)
                  Statistics: Num rows: 2 Data size: 8 Basic stats: COMPLETE Column stats: COMPLETE
                  Filter Operator
                    predicate: a is not null (type: boolean)
                    Statistics: Num rows: 2 Data size: 8 Basic stats: COMPLETE Column stats: COMPLETE
                    Select Operator
                      expressions: a (type: int)
                      outputColumnNames: _col0
                      Statistics: Num rows: 2 Data size: 8 Basic stats: COMPLETE Column stats: COMPLETE
                      Reduce Output Operator
                        key expressions: _col0 (type: int)
                        null sort order: z
                        sort order: +
                        Map-reduce partition columns: _col0 (type: int)
                        Statistics: Num rows: 2 Data size: 8 Basic stats: COMPLETE Column stats: COMPLETE
            Execution mode: vectorized
        Map 15 
            Map Operator Tree:
                TableScan
                  alias: tbl_ice
                  Statistics: Num rows: 9 Data size: 873 Basic stats: COMPLETE Column stats: COMPLETE
                  Filter Operator
                    predicate: FILE__PATH is not null (type: boolean)
                    Statistics: Num rows: 9 Data size: 873 Basic stats: COMPLETE Column stats: COMPLETE
                    Select Operator
                      expressions: a (type: int), b (type: string), c (type: int), PARTITION__SPEC__ID (type: int), PARTITION__HASH (type: bigint), FILE__PATH (type: string), ROW__POSITION (type: bigint)
                      outputColumnNames: _col0, _col1, _col2, _col3, _col4, _col5, _col6
                      Statistics: Num rows: 9 Data size: 2709 Basic stats: COMPLETE Column stats: COMPLETE
                      Reduce Output Operator
                        key expressions: _col0 (type: int)
                        null sort order: z
                        sort order: +
                        Map-reduce partition columns: _col0 (type: int)
                        Statistics: Num rows: 9 Data size: 2709 Basic stats: COMPLETE Column stats: COMPLETE
                        value expressions: _col1 (type: string), _col2 (type: int), _col3 (type: int), _col4 (type: bigint), _col5 (type: string), _col6 (type: bigint)
                  Filter Operator
                    predicate: a is not null (type: boolean)
                    Statistics: Num rows: 9 Data size: 72 Basic stats: COMPLETE Column stats: COMPLETE
                    Select Operator
                      expressions: a (type: int), c (type: int), PARTITION__SPEC__ID (type: int), PARTITION__HASH (type: bigint), FILE__PATH (type: string), ROW__POSITION (type: bigint)
                      outputColumnNames: _col0, _col1, _col2, _col3, _col4, _col5
                      Statistics: Num rows: 9 Data size: 1908 Basic stats: COMPLETE Column stats: COMPLETE
                      Reduce Output Operator
                        key expressions: _col0 (type: int)
                        null sort order: z
                        sort order: +
                        Map-reduce partition columns: _col0 (type: int)
                        Statistics: Num rows: 9 Data size: 1908 Basic stats: COMPLETE Column stats: COMPLETE
                        value expressions: _col1 (type: int), _col2 (type: int), _col3 (type: bigint), _col4 (type: string), _col5 (type: bigint)
                    Select Operator
                      expressions: a (type: int), b (type: string), c (type: int), PARTITION__SPEC__ID (type: int), PARTITION__HASH (type: bigint), FILE__PATH (type: string)
                      outputColumnNames: _col0, _col1, _col2, _col3, _col4, _col5
                      Statistics: Num rows: 9 Data size: 2637 Basic stats: COMPLETE Column stats: COMPLETE
                      Reduce Output Operator
                        key expressions: _col0 (type: int)
                        null sort order: z
                        sort order: +
                        Map-reduce partition columns: _col0 (type: int)
                        Statistics: Num rows: 9 Data size: 2637 Basic stats: COMPLETE Column stats: COMPLETE
                        value expressions: _col1 (type: string), _col2 (type: int), _col3 (type: int), _col4 (type: bigint), _col5 (type: string)
                    Select Operator
                      expressions: a (type: int)
                      outputColumnNames: _col0
                      Statistics: Num rows: 9 Data size: 36 Basic stats: COMPLETE Column stats: COMPLETE
                      Reduce Output Operator
                        key expressions: _col0 (type: int)
                        null sort order: z
                        sort order: +
                        Map-reduce partition columns: _col0 (type: int)
                        Statistics: Num rows: 9 Data size: 36 Basic stats: COMPLETE Column stats: COMPLETE
                  Filter Operator
                    predicate: (a is not null and FILE__PATH is not null) (type: boolean)
                    Statistics: Num rows: 9 Data size: 36 Basic stats: COMPLETE Column stats: COMPLETE
                    Select Operator
                      expressions: a (type: int), FILE__PATH (type: string)
                      outputColumnNames: _col0, _col1
                      Statistics: Num rows: 9 Data size: 1692 Basic stats: COMPLETE Column stats: COMPLETE
                      Reduce Output Operator
                        key expressions: _col0 (type: int)
                        null sort order: z
                        sort order: +
                        Map-reduce partition columns: _col0 (type: int)
                        Statistics: Num rows: 9 Data size: 1692 Basic stats: COMPLETE Column stats: COMPLETE
                        value expressions: _col1 (type: string)
            Execution mode: vectorized
        Reducer 10 
            Execution mode: vectorized
            Reduce Operator Tree:
              Group By Operator
                aggregations: count(VALUE._col0), count(VALUE._col1)
                mode: mergepartial
                outputColumnNames: _col0, _col1
                Statistics: Num rows: 1 Data size: 16 Basic stats: COMPLETE Column stats: COMPLETE
                Reduce Output Operator
                  null sort order: 
                  sort order: 
                  Statistics: Num rows: 1 Data size: 16 Basic stats: COMPLETE Column stats: COMPLETE
                  value expressions: _col0 (type: bigint), _col1 (type: bigint)
        Reducer 11 
            Reduce Operator Tree:
              Merge Join Operator
                condition map:
                     Left Semi Join 0 to 1
                keys:
                  0 _col0 (type: int)
                  1 _col0 (type: int)
                outputColumnNames: _col1
                Statistics: Num rows: 1 Data size: 184 Basic stats: COMPLETE Column stats: COMPLETE
                Reduce Output Operator
                  key expressions: _col1 (type: string)
                  null sort order: a
                  sort order: +
                  Map-reduce partition columns: _col1 (type: string)
                  Statistics: Num rows: 1 Data size: 184 Basic stats: COMPLETE Column stats: COMPLETE
        Reducer 12 
            Execution mode: vectorized
            Reduce Operator Tree:
              Select Operator
                expressions: KEY.reducesinkkey0 (type: string)
                outputColumnNames: _col1
                Statistics: Num rows: 1 Data size: 184 Basic stats: COMPLETE Column stats: COMPLETE
                PTF Operator
                  Function definitions:
                      Input definition
                        input alias: ptf_0
                        output shape: _col1: string
                        type: WINDOWING
                      Windowing table definition
                        input alias: ptf_1
                        name: windowingtablefunction
                        order by: _col1 ASC NULLS FIRST
                        partition by: _col1
                        raw input shape:
                        window functions:
                            window function definition
                              alias: row_number_window_0
                              name: row_number
                              window function: GenericUDAFRowNumberEvaluator
                              window frame: ROWS PRECEDING(MAX)~FOLLOWING(MAX)
                              isPivotResult: true
                  Statistics: Num rows: 1 Data size: 184 Basic stats: COMPLETE Column stats: COMPLETE
                  Filter Operator
                    predicate: (row_number_window_0 = 1) (type: boolean)
                    Statistics: Num rows: 1 Data size: 184 Basic stats: COMPLETE Column stats: COMPLETE
                    Select Operator
                      expressions: _col1 (type: string)
                      outputColumnNames: _col0
                      Statistics: Num rows: 1 Data size: 184 Basic stats: COMPLETE Column stats: COMPLETE
                      Group By Operator
                        keys: _col0 (type: string)
                        minReductionHashAggr: 0.4
                        mode: hash
                        outputColumnNames: _col0
                        Statistics: Num rows: 1 Data size: 184 Basic stats: COMPLETE Column stats: COMPLETE
                        Reduce Output Operator
                          key expressions: _col0 (type: string)
                          null sort order: z
                          sort order: +
                          Map-reduce partition columns: _col0 (type: string)
                          Statistics: Num rows: 1 Data size: 184 Basic stats: COMPLETE Column stats: COMPLETE
        Reducer 13 
            Reduce Operator Tree:
              Merge Join Operator
                condition map:
                     Left Semi Join 0 to 1
                keys:
                  0 _col0 (type: int)
                  1 _col0 (type: int)
                outputColumnNames: _col0, _col1, _col2, _col3, _col4, _col5
                Statistics: Num rows: 1 Data size: 293 Basic stats: COMPLETE Column stats: COMPLETE
                Reduce Output Operator
                  key expressions: _col5 (type: string)
                  null sort order: a
                  sort order: +
                  Map-reduce partition columns: _col5 (type: string)
                  Statistics: Num rows: 1 Data size: 293 Basic stats: COMPLETE Column stats: COMPLETE
                  value expressions: _col0 (type: int), _col1 (type: string), _col2 (type: int), _col3 (type: int), _col4 (type: bigint)
        Reducer 14 
            Execution mode: vectorized
            Reduce Operator Tree:
              Select Operator
                expressions: VALUE._col0 (type: int), VALUE._col1 (type: string), VALUE._col2 (type: int), VALUE._col3 (type: int), VALUE._col4 (type: bigint), KEY.reducesinkkey0 (type: string)
                outputColumnNames: _col0, _col1, _col2, _col3, _col4, _col5
                Statistics: Num rows: 1 Data size: 293 Basic stats: COMPLETE Column stats: COMPLETE
                PTF Operator
                  Function definitions:
                      Input definition
                        input alias: ptf_0
                        type: WINDOWING
                      Windowing table definition
                        input alias: ptf_1
                        name: windowingtablefunction
                        order by: _col5 ASC NULLS FIRST
                        partition by: _col5
                        raw input shape:
                        window functions:
                            window function definition
                              alias: row_number_window_0
                              name: row_number
                              window function: GenericUDAFRowNumberEvaluator
                              window frame: ROWS PRECEDING(MAX)~FOLLOWING(MAX)
                              isPivotResult: true
                  Statistics: Num rows: 1 Data size: 293 Basic stats: COMPLETE Column stats: COMPLETE
                  Filter Operator
                    predicate: (row_number_window_0 = 1) (type: boolean)
                    Statistics: Num rows: 1 Data size: 293 Basic stats: COMPLETE Column stats: COMPLETE
                    Select Operator
                      expressions: _col3 (type: int), _col4 (type: bigint), _col5 (type: string), -1L (type: bigint), _col0 (type: int), _col1 (type: string), _col2 (type: int)
                      outputColumnNames: _col0, _col1, _col2, _col3, _col4, _col5, _col6
                      Statistics: Num rows: 1 Data size: 301 Basic stats: COMPLETE Column stats: COMPLETE
                      Reduce Output Operator
                        key expressions: iceberg_bucket(_col4, 16) (type: int), iceberg_truncate(_col5, 3) (type: string)
                        null sort order: aa
                        sort order: ++
                        Map-reduce partition columns: iceberg_bucket(_col4, 16) (type: int), iceberg_truncate(_col5, 3) (type: string)
                        Statistics: Num rows: 3 Data size: 910 Basic stats: COMPLETE Column stats: COMPLETE
                        value expressions: _col0 (type: int), _col1 (type: bigint), _col2 (type: string), _col3 (type: bigint), _col4 (type: int), _col5 (type: string), _col6 (type: int)
        Reducer 2 
            Reduce Operator Tree:
              Merge Join Operator
                condition map:
                     Inner Join 0 to 1
                keys:
                  0 _col0 (type: int)
                  1 _col0 (type: int)
                outputColumnNames: _col0
                Statistics: Num rows: 2 Data size: 8 Basic stats: COMPLETE Column stats: COMPLETE
                Group By Operator
                  keys: _col0 (type: int)
                  minReductionHashAggr: 0.5
                  mode: hash
                  outputColumnNames: _col0
                  Statistics: Num rows: 1 Data size: 4 Basic stats: COMPLETE Column stats: COMPLETE
                  Reduce Output Operator
                    key expressions: _col0 (type: int)
                    null sort order: z
                    sort order: +
                    Map-reduce partition columns: _col0 (type: int)
                    Statistics: Num rows: 1 Data size: 4 Basic stats: COMPLETE Column stats: COMPLETE
                  Reduce Output Operator
                    key expressions: _col0 (type: int)
                    null sort order: z
                    sort order: +
                    Map-reduce partition columns: _col0 (type: int)
                    Statistics: Num rows: 1 Data size: 4 Basic stats: COMPLETE Column stats: COMPLETE
                Group By Operator
                  aggregations: count(), count(_col0)
                  minReductionHashAggr: 0.5
                  mode: hash
                  outputColumnNames: _col0, _col1
                  Statistics: Num rows: 1 Data size: 16 Basic stats: COMPLETE Column stats: COMPLETE
                  Reduce Output Operator
                    null sort order: 
                    sort order: 
                    Statistics: Num rows: 1 Data size: 16 Basic stats: COMPLETE Column stats: COMPLETE
                    value expressions: _col0 (type: bigint), _col1 (type: bigint)
                Group By Operator
                  keys: _col0 (type: int)
                  minReductionHashAggr: 0.5
                  mode: hash
                  outputColumnNames: _col0
                  Statistics: Num rows: 1 Data size: 4 Basic stats: COMPLETE Column stats: COMPLETE
                  Reduce Output Operator
                    key expressions: _col0 (type: int)
                    null sort order: z
                    sort order: +
                    Map-reduce partition columns: _col0 (type: int)
                    Statistics: Num rows: 1 Data size: 4 Basic stats: COMPLETE Column stats: COMPLETE
                Group By Operator
                  keys: _col0 (type: int)
                  minReductionHashAggr: 0.5
                  mode: hash
                  outputColumnNames: _col0
                  Statistics: Num rows: 1 Data size: 4 Basic stats: COMPLETE Column stats: COMPLETE
                  Reduce Output Operator
                    key expressions: _col0 (type: int)
                    null sort order: z
                    sort order: +
                    Map-reduce partition columns: _col0 (type: int)
                    Statistics: Num rows: 1 Data size: 4 Basic stats: COMPLETE Column stats: COMPLETE
        Reducer 3 
            Reduce Operator Tree:
              Merge Join Operator
                condition map:
                     Left Semi Join 0 to 1
                keys:
                  0 _col0 (type: int)
                  1 _col0 (type: int)
                outputColumnNames: _col0, _col1, _col2, _col3, _col4, _col5
                Statistics: Num rows: 1 Data size: 212 Basic stats: COMPLETE Column stats: COMPLETE
                Select Operator
                  expressions: _col2 (type: int), _col3 (type: bigint), _col4 (type: string), _col5 (type: bigint), _col0 (type: int), 'The last one' (type: string), _col1 (type: int)
                  outputColumnNames: _col0, _col1, _col2, _col3, _col4, _col5, _col6
                  Statistics: Num rows: 1 Data size: 308 Basic stats: COMPLETE Column stats: COMPLETE
                  Reduce Output Operator
                    key expressions: iceberg_bucket(_col4, 16) (type: int), iceberg_truncate(_col5, 3) (type: string)
                    null sort order: aa
                    sort order: ++
                    Map-reduce partition columns: iceberg_bucket(_col4, 16) (type: int), iceberg_truncate(_col5, 3) (type: string)
                    Statistics: Num rows: 3 Data size: 910 Basic stats: COMPLETE Column stats: COMPLETE
                    value expressions: _col0 (type: int), _col1 (type: bigint), _col2 (type: string), _col3 (type: bigint), _col4 (type: int), _col5 (type: string), _col6 (type: int)
        Reducer 5 
            Execution mode: vectorized
            Reduce Operator Tree:
              Select Operator
                expressions: VALUE._col0 (type: int), VALUE._col1 (type: bigint), VALUE._col2 (type: string), VALUE._col3 (type: bigint), VALUE._col4 (type: int), VALUE._col5 (type: string), VALUE._col6 (type: int), KEY.iceberg_bucket(_col4, 16) (type: int), KEY.iceberg_truncate(_col5, 3) (type: string)
                outputColumnNames: _col0, _col1, _col2, _col3, _col4, _col5, _col6, iceberg_bucket(_col4, 16), iceberg_truncate(_col5, 3)
                File Output Operator
                  compressed: false
                  Dp Sort State: PARTITION_SORTED
                  Statistics: Num rows: 3 Data size: 910 Basic stats: COMPLETE Column stats: COMPLETE
                  table:
                      input format: org.apache.iceberg.mr.hive.HiveIcebergInputFormat
                      output format: org.apache.iceberg.mr.hive.HiveIcebergOutputFormat
                      serde: org.apache.iceberg.mr.hive.HiveIcebergSerDe
                      name: default.tbl_ice
        Reducer 6 
            Execution mode: vectorized
            Reduce Operator Tree:
              Group By Operator
                keys: KEY._col0 (type: int)
                mode: mergepartial
                outputColumnNames: _col0
                Statistics: Num rows: 1 Data size: 4 Basic stats: COMPLETE Column stats: COMPLETE
                Select Operator
                  expressions: _col0 (type: int), true (type: boolean)
                  outputColumnNames: _col0, _col1
                  Statistics: Num rows: 1 Data size: 8 Basic stats: COMPLETE Column stats: COMPLETE
                  Reduce Output Operator
                    key expressions: _col0 (type: int)
                    null sort order: z
                    sort order: +
                    Map-reduce partition columns: _col0 (type: int)
                    Statistics: Num rows: 1 Data size: 8 Basic stats: COMPLETE Column stats: COMPLETE
                    value expressions: _col1 (type: boolean)
        Reducer 7 
            Reduce Operator Tree:
              Merge Join Operator
                condition map:
                     Left Outer Join 0 to 1
                keys:
                  0 _col0 (type: int)
                  1 _col0 (type: int)
                outputColumnNames: _col0, _col1, _col2, _col3, _col4, _col5, _col6, _col8
                Statistics: Num rows: 10 Data size: 3018 Basic stats: COMPLETE Column stats: COMPLETE
                Reduce Output Operator
                  null sort order: 
                  sort order: 
                  Statistics: Num rows: 10 Data size: 3018 Basic stats: COMPLETE Column stats: COMPLETE
                  value expressions: _col0 (type: int), _col1 (type: string), _col2 (type: int), _col3 (type: int), _col4 (type: bigint), _col5 (type: string), _col6 (type: bigint), _col8 (type: boolean)
        Reducer 8 
            Reduce Operator Tree:
              Merge Join Operator
                condition map:
                     Inner Join 0 to 1
                keys:
                  0 
                  1 
                outputColumnNames: _col0, _col1, _col2, _col3, _col4, _col5, _col6, _col8, _col9, _col10
                Statistics: Num rows: 10 Data size: 3178 Basic stats: COMPLETE Column stats: COMPLETE
                Select Operator
                  expressions: _col0 (type: int), _col1 (type: string), _col2 (type: int), _col3 (type: int), _col4 (type: bigint), _col5 (type: string), _col6 (type: bigint), _col9 (type: bigint), _col10 (type: bigint), _col8 (type: boolean)
                  outputColumnNames: _col0, _col1, _col2, _col3, _col4, _col5, _col6, _col7, _col8, _col10
                  Statistics: Num rows: 10 Data size: 3178 Basic stats: COMPLETE Column stats: COMPLETE
                  Filter Operator
                    predicate: ((_col7 = 0L) or (_col10 is null and (_col8 >= _col7) and _col0 is not null) or ((_col10 is not null and (_col7 <> 0L)) or ((_col0 is null or (_col8 < _col7)) and null and (_col7 <> 0L) and _col10 is null)) is null) (type: boolean)
                    Statistics: Num rows: 10 Data size: 3178 Basic stats: COMPLETE Column stats: COMPLETE
                    Select Operator
                      expressions: _col0 (type: int), _col1 (type: string), _col2 (type: int), _col3 (type: int), _col4 (type: bigint), _col5 (type: string), _col6 (type: bigint)
                      outputColumnNames: _col0, _col1, _col2, _col3, _col4, _col5, _col6
                      Statistics: Num rows: 10 Data size: 3010 Basic stats: COMPLETE Column stats: COMPLETE
                      Reduce Output Operator
                        key expressions: _col5 (type: string)
                        null sort order: z
                        sort order: +
                        Map-reduce partition columns: _col5 (type: string)
                        Statistics: Num rows: 10 Data size: 3010 Basic stats: COMPLETE Column stats: COMPLETE
                        value expressions: _col0 (type: int), _col1 (type: string), _col2 (type: int), _col3 (type: int), _col4 (type: bigint), _col6 (type: bigint)
        Reducer 9 
            Reduce Operator Tree:
              Merge Join Operator
                condition map:
                     Left Semi Join 0 to 1
                keys:
                  0 _col5 (type: string)
                  1 _col0 (type: string)
                outputColumnNames: _col0, _col1, _col2, _col3, _col4, _col5, _col6
                Statistics: Num rows: 1 Data size: 301 Basic stats: COMPLETE Column stats: COMPLETE
                Select Operator
                  expressions: _col3 (type: int), _col4 (type: bigint), _col5 (type: string), _col6 (type: bigint), _col0 (type: int), _col1 (type: string), _col2 (type: int)
                  outputColumnNames: _col0, _col1, _col2, _col3, _col4, _col5, _col6
                  Statistics: Num rows: 1 Data size: 301 Basic stats: COMPLETE Column stats: COMPLETE
                  Reduce Output Operator
                    key expressions: iceberg_bucket(_col4, 16) (type: int), iceberg_truncate(_col5, 3) (type: string)
                    null sort order: aa
                    sort order: ++
                    Map-reduce partition columns: iceberg_bucket(_col4, 16) (type: int), iceberg_truncate(_col5, 3) (type: string)
                    Statistics: Num rows: 3 Data size: 910 Basic stats: COMPLETE Column stats: COMPLETE
                    value expressions: _col0 (type: int), _col1 (type: bigint), _col2 (type: string), _col3 (type: bigint), _col4 (type: int), _col5 (type: string), _col6 (type: int)
        Union 4 
            Vertex: Union 4

  Stage: Stage-2
    Dependency Collection

  Stage: Stage-0
    Move Operator
      tables:
          replace: false
          table:
              input format: org.apache.iceberg.mr.hive.HiveIcebergInputFormat
              output format: org.apache.iceberg.mr.hive.HiveIcebergOutputFormat
              serde: org.apache.iceberg.mr.hive.HiveIcebergSerDe
              name: default.tbl_ice

  Stage: Stage-3
    Stats Work
      Basic Stats Work:

Warning: Shuffle Join MERGEJOIN[224][tables = [$hdt$_0, $hdt$_1, $hdt$_2]] in Stage 'Reducer 8' is a cross product
PREHOOK: query: update tbl_ice set b='The last one' where a in (select t1.a from tbl_ice t1 join tbl_standard_other t2 on t1.a = t2.a)
PREHOOK: type: QUERY
PREHOOK: Input: default@tbl_ice
PREHOOK: Input: default@tbl_standard_other
PREHOOK: Output: default@tbl_ice
POSTHOOK: query: update tbl_ice set b='The last one' where a in (select t1.a from tbl_ice t1 join tbl_standard_other t2 on t1.a = t2.a)
POSTHOOK: type: QUERY
POSTHOOK: Input: default@tbl_ice
POSTHOOK: Input: default@tbl_standard_other
POSTHOOK: Output: default@tbl_ice
PREHOOK: query: select * from tbl_ice order by a, b, c
PREHOOK: type: QUERY
PREHOOK: Input: default@tbl_ice
PREHOOK: Output: hdfs://### HDFS PATH ###
POSTHOOK: query: select * from tbl_ice order by a, b, c
POSTHOOK: type: QUERY
POSTHOOK: Input: default@tbl_ice
POSTHOOK: Output: hdfs://### HDFS PATH ###
1	Changed again	50
2	Changed again	51
3	Changed again	52
4	Changed again	53
5	Changed again	54
111	Changed	55
333	Changed forever	56
444	The last one	800
555	Changed again	801
