PREHOOK: query: CREATE TABLE dest1(c1 INT, c2 STRING) STORED AS TEXTFILE
PREHOOK: type: CREATETABLE
PREHOOK: Output: database:default
PREHOOK: Output: default@dest1
POSTHOOK: query: CREATE TABLE dest1(c1 INT, c2 STRING) STORED AS TEXTFILE
POSTHOOK: type: CREATETABLE
POSTHOOK: Output: database:default
POSTHOOK: Output: default@dest1
PREHOOK: query: explain
FROM src JOIN srcpart ON src.key = srcpart.key AND srcpart.ds = '2008-04-08' and src.key > 100
INSERT OVERWRITE TABLE dest1 SELECT src.key, srcpart.value
PREHOOK: type: QUERY
POSTHOOK: query: explain
FROM src JOIN srcpart ON src.key = srcpart.key AND srcpart.ds = '2008-04-08' and src.key > 100
INSERT OVERWRITE TABLE dest1 SELECT src.key, srcpart.value
POSTHOOK: type: QUERY
STAGE DEPENDENCIES:
  Stage-3 is a root stage
  Stage-1 depends on stages: Stage-3
  Stage-0 depends on stages: Stage-1
  Stage-2 depends on stages: Stage-0

STAGE PLANS:
  Stage: Stage-3
    Spark
#### A masked pattern was here ####
      Vertices:
        Map 1 
            Map Operator Tree:
                TableScan
                  alias: src
                  Statistics: Num rows: 500 Data size: 5312 Basic stats: COMPLETE Column stats: NONE
                  Filter Operator
                    predicate: (UDFToDouble(key) > 100.0D) (type: boolean)
                    Statistics: Num rows: 166 Data size: 1763 Basic stats: COMPLETE Column stats: NONE
                    Select Operator
                      expressions: key (type: string)
                      outputColumnNames: _col0
                      Statistics: Num rows: 166 Data size: 1763 Basic stats: COMPLETE Column stats: NONE
                      Spark HashTable Sink Operator
                        keys:
                          0 _col0 (type: string)
                          1 _col0 (type: string)
            Local Work:
              Map Reduce Local Work

  Stage: Stage-1
    Spark
#### A masked pattern was here ####
      Vertices:
        Map 2 
            Map Operator Tree:
                TableScan
                  alias: srcpart
                  Statistics: Num rows: 1000 Data size: 10624 Basic stats: COMPLETE Column stats: NONE
                  Filter Operator
                    predicate: (UDFToDouble(key) > 100.0D) (type: boolean)
                    Statistics: Num rows: 333 Data size: 3537 Basic stats: COMPLETE Column stats: NONE
                    Select Operator
                      expressions: key (type: string), value (type: string)
                      outputColumnNames: _col0, _col1
                      Statistics: Num rows: 333 Data size: 3537 Basic stats: COMPLETE Column stats: NONE
                      Map Join Operator
                        condition map:
                             Inner Join 0 to 1
                        keys:
                          0 _col0 (type: string)
                          1 _col0 (type: string)
                        outputColumnNames: _col0, _col2
                        input vertices:
                          0 Map 1
                        Statistics: Num rows: 366 Data size: 3890 Basic stats: COMPLETE Column stats: NONE
                        Select Operator
                          expressions: UDFToInteger(_col0) (type: int), _col2 (type: string)
                          outputColumnNames: _col0, _col1
                          Statistics: Num rows: 366 Data size: 3890 Basic stats: COMPLETE Column stats: NONE
                          File Output Operator
                            compressed: false
                            Statistics: Num rows: 366 Data size: 3890 Basic stats: COMPLETE Column stats: NONE
                            table:
                                input format: org.apache.hadoop.mapred.TextInputFormat
                                output format: org.apache.hadoop.hive.ql.io.HiveIgnoreKeyTextOutputFormat
                                serde: org.apache.hadoop.hive.serde2.lazy.LazySimpleSerDe
                                name: default.dest1
            Local Work:
              Map Reduce Local Work

  Stage: Stage-0
    Move Operator
      tables:
          replace: true
          table:
              input format: org.apache.hadoop.mapred.TextInputFormat
              output format: org.apache.hadoop.hive.ql.io.HiveIgnoreKeyTextOutputFormat
              serde: org.apache.hadoop.hive.serde2.lazy.LazySimpleSerDe
              name: default.dest1

  Stage: Stage-2
    Stats Work
      Basic Stats Work:

PREHOOK: query: FROM src JOIN srcpart ON src.key = srcpart.key AND srcpart.ds = '2008-04-08' and src.key > 100
INSERT OVERWRITE TABLE dest1 SELECT src.key, srcpart.value
PREHOOK: type: QUERY
PREHOOK: Input: default@src
PREHOOK: Input: default@srcpart
PREHOOK: Input: default@srcpart@ds=2008-04-08/hr=11
PREHOOK: Input: default@srcpart@ds=2008-04-08/hr=12
PREHOOK: Output: default@dest1
POSTHOOK: query: FROM src JOIN srcpart ON src.key = srcpart.key AND srcpart.ds = '2008-04-08' and src.key > 100
INSERT OVERWRITE TABLE dest1 SELECT src.key, srcpart.value
POSTHOOK: type: QUERY
POSTHOOK: Input: default@src
POSTHOOK: Input: default@srcpart
POSTHOOK: Input: default@srcpart@ds=2008-04-08/hr=11
POSTHOOK: Input: default@srcpart@ds=2008-04-08/hr=12
POSTHOOK: Output: default@dest1
POSTHOOK: Lineage: dest1.c1 EXPRESSION [(src)src.FieldSchema(name:key, type:string, comment:default), ]
POSTHOOK: Lineage: dest1.c2 SIMPLE [(srcpart)srcpart.FieldSchema(name:value, type:string, comment:default), ]
PREHOOK: query: SELECT sum(hash(dest1.c1,dest1.c2)) FROM dest1
PREHOOK: type: QUERY
PREHOOK: Input: default@dest1
#### A masked pattern was here ####
POSTHOOK: query: SELECT sum(hash(dest1.c1,dest1.c2)) FROM dest1
POSTHOOK: type: QUERY
POSTHOOK: Input: default@dest1
#### A masked pattern was here ####
404554174174
