PREHOOK: query: CREATE TABLE tbl1(key int, value string) CLUSTERED BY (key) SORTED BY (key) INTO 2 BUCKETS
PREHOOK: type: CREATETABLE
PREHOOK: Output: database:default
PREHOOK: Output: default@tbl1
POSTHOOK: query: CREATE TABLE tbl1(key int, value string) CLUSTERED BY (key) SORTED BY (key) INTO 2 BUCKETS
POSTHOOK: type: CREATETABLE
POSTHOOK: Output: database:default
POSTHOOK: Output: default@tbl1
PREHOOK: query: CREATE TABLE tbl2(key int, value string) CLUSTERED BY (key) SORTED BY (key) INTO 2 BUCKETS
PREHOOK: type: CREATETABLE
PREHOOK: Output: database:default
PREHOOK: Output: default@tbl2
POSTHOOK: query: CREATE TABLE tbl2(key int, value string) CLUSTERED BY (key) SORTED BY (key) INTO 2 BUCKETS
POSTHOOK: type: CREATETABLE
POSTHOOK: Output: database:default
POSTHOOK: Output: default@tbl2
PREHOOK: query: insert overwrite table tbl1 select * from src where key < 20
PREHOOK: type: QUERY
PREHOOK: Input: default@src
PREHOOK: Output: default@tbl1
POSTHOOK: query: insert overwrite table tbl1 select * from src where key < 20
POSTHOOK: type: QUERY
POSTHOOK: Input: default@src
POSTHOOK: Output: default@tbl1
POSTHOOK: Lineage: tbl1.key EXPRESSION [(src)src.FieldSchema(name:key, type:string, comment:default), ]
POSTHOOK: Lineage: tbl1.value SIMPLE [(src)src.FieldSchema(name:value, type:string, comment:default), ]
PREHOOK: query: insert overwrite table tbl2 select * from src where key < 10
PREHOOK: type: QUERY
PREHOOK: Input: default@src
PREHOOK: Output: default@tbl2
POSTHOOK: query: insert overwrite table tbl2 select * from src where key < 10
POSTHOOK: type: QUERY
POSTHOOK: Input: default@src
POSTHOOK: Output: default@tbl2
POSTHOOK: Lineage: tbl2.key EXPRESSION [(src)src.FieldSchema(name:key, type:string, comment:default), ]
POSTHOOK: Lineage: tbl2.value SIMPLE [(src)src.FieldSchema(name:value, type:string, comment:default), ]
PREHOOK: query: explain
select count(*) FROM tbl1 a LEFT OUTER JOIN tbl2 b ON a.key = b.key
PREHOOK: type: QUERY
POSTHOOK: query: explain
select count(*) FROM tbl1 a LEFT OUTER JOIN tbl2 b ON a.key = b.key
POSTHOOK: type: QUERY
STAGE DEPENDENCIES:
  Stage-2 is a root stage
  Stage-1 depends on stages: Stage-2
  Stage-0 depends on stages: Stage-1

STAGE PLANS:
  Stage: Stage-2
    Spark
#### A masked pattern was here ####
      Vertices:
        Map 3 
            Map Operator Tree:
                TableScan
                  alias: b
                  Statistics: Num rows: 10 Data size: 70 Basic stats: COMPLETE Column stats: NONE
                  Select Operator
                    expressions: key (type: int)
                    outputColumnNames: _col0
                    Statistics: Num rows: 10 Data size: 70 Basic stats: COMPLETE Column stats: NONE
                    Spark HashTable Sink Operator
                      keys:
                        0 _col0 (type: int)
                        1 _col0 (type: int)
            Local Work:
              Map Reduce Local Work

  Stage: Stage-1
    Spark
      Edges:
        Reducer 2 <- Map 1 (GROUP, 1)
#### A masked pattern was here ####
      Vertices:
        Map 1 
            Map Operator Tree:
                TableScan
                  alias: a
                  Statistics: Num rows: 20 Data size: 160 Basic stats: COMPLETE Column stats: NONE
                  Select Operator
                    expressions: key (type: int)
                    outputColumnNames: _col0
                    Statistics: Num rows: 20 Data size: 160 Basic stats: COMPLETE Column stats: NONE
                    Map Join Operator
                      condition map:
                           Left Outer Join 0 to 1
                      keys:
                        0 _col0 (type: int)
                        1 _col0 (type: int)
                      input vertices:
                        1 Map 3
                      Statistics: Num rows: 22 Data size: 176 Basic stats: COMPLETE Column stats: NONE
                      Group By Operator
                        aggregations: count()
                        mode: hash
                        outputColumnNames: _col0
                        Statistics: Num rows: 1 Data size: 8 Basic stats: COMPLETE Column stats: NONE
                        Reduce Output Operator
                          sort order: 
                          Statistics: Num rows: 1 Data size: 8 Basic stats: COMPLETE Column stats: NONE
                          value expressions: _col0 (type: bigint)
            Local Work:
              Map Reduce Local Work
        Reducer 2 
            Reduce Operator Tree:
              Group By Operator
                aggregations: count(VALUE._col0)
                mode: mergepartial
                outputColumnNames: _col0
                Statistics: Num rows: 1 Data size: 8 Basic stats: COMPLETE Column stats: NONE
                File Output Operator
                  compressed: false
                  Statistics: Num rows: 1 Data size: 8 Basic stats: COMPLETE Column stats: NONE
                  table:
                      input format: org.apache.hadoop.mapred.SequenceFileInputFormat
                      output format: org.apache.hadoop.hive.ql.io.HiveSequenceFileOutputFormat
                      serde: org.apache.hadoop.hive.serde2.lazy.LazySimpleSerDe

  Stage: Stage-0
    Fetch Operator
      limit: -1
      Processor Tree:
        ListSink

PREHOOK: query: explain
select count(*) FROM tbl1 a RIGHT OUTER JOIN tbl2 b ON a.key = b.key
PREHOOK: type: QUERY
POSTHOOK: query: explain
select count(*) FROM tbl1 a RIGHT OUTER JOIN tbl2 b ON a.key = b.key
POSTHOOK: type: QUERY
STAGE DEPENDENCIES:
  Stage-2 is a root stage
  Stage-1 depends on stages: Stage-2
  Stage-0 depends on stages: Stage-1

STAGE PLANS:
  Stage: Stage-2
    Spark
#### A masked pattern was here ####
      Vertices:
        Map 1 
            Map Operator Tree:
                TableScan
                  alias: a
                  Statistics: Num rows: 20 Data size: 160 Basic stats: COMPLETE Column stats: NONE
                  Select Operator
                    expressions: key (type: int)
                    outputColumnNames: _col0
                    Statistics: Num rows: 20 Data size: 160 Basic stats: COMPLETE Column stats: NONE
                    Spark HashTable Sink Operator
                      keys:
                        0 _col0 (type: int)
                        1 _col0 (type: int)
            Local Work:
              Map Reduce Local Work

  Stage: Stage-1
    Spark
      Edges:
        Reducer 3 <- Map 2 (GROUP, 1)
#### A masked pattern was here ####
      Vertices:
        Map 2 
            Map Operator Tree:
                TableScan
                  alias: b
                  Statistics: Num rows: 10 Data size: 70 Basic stats: COMPLETE Column stats: NONE
                  Select Operator
                    expressions: key (type: int)
                    outputColumnNames: _col0
                    Statistics: Num rows: 10 Data size: 70 Basic stats: COMPLETE Column stats: NONE
                    Map Join Operator
                      condition map:
                           Right Outer Join 0 to 1
                      keys:
                        0 _col0 (type: int)
                        1 _col0 (type: int)
                      input vertices:
                        0 Map 1
                      Statistics: Num rows: 22 Data size: 176 Basic stats: COMPLETE Column stats: NONE
                      Group By Operator
                        aggregations: count()
                        mode: hash
                        outputColumnNames: _col0
                        Statistics: Num rows: 1 Data size: 8 Basic stats: COMPLETE Column stats: NONE
                        Reduce Output Operator
                          sort order: 
                          Statistics: Num rows: 1 Data size: 8 Basic stats: COMPLETE Column stats: NONE
                          value expressions: _col0 (type: bigint)
            Local Work:
              Map Reduce Local Work
        Reducer 3 
            Reduce Operator Tree:
              Group By Operator
                aggregations: count(VALUE._col0)
                mode: mergepartial
                outputColumnNames: _col0
                Statistics: Num rows: 1 Data size: 8 Basic stats: COMPLETE Column stats: NONE
                File Output Operator
                  compressed: false
                  Statistics: Num rows: 1 Data size: 8 Basic stats: COMPLETE Column stats: NONE
                  table:
                      input format: org.apache.hadoop.mapred.SequenceFileInputFormat
                      output format: org.apache.hadoop.hive.ql.io.HiveSequenceFileOutputFormat
                      serde: org.apache.hadoop.hive.serde2.lazy.LazySimpleSerDe

  Stage: Stage-0
    Fetch Operator
      limit: -1
      Processor Tree:
        ListSink

