PREHOOK: query: create table smalltable(key string, value string) stored as textfile
PREHOOK: type: CREATETABLE
PREHOOK: Output: database:default
PREHOOK: Output: default@smalltable
POSTHOOK: query: create table smalltable(key string, value string) stored as textfile
POSTHOOK: type: CREATETABLE
POSTHOOK: Output: database:default
POSTHOOK: Output: default@smalltable
PREHOOK: query: load data local inpath '../../data/files/T1.txt' into table smalltable
PREHOOK: type: LOAD
#### A masked pattern was here ####
PREHOOK: Output: default@smalltable
POSTHOOK: query: load data local inpath '../../data/files/T1.txt' into table smalltable
POSTHOOK: type: LOAD
#### A masked pattern was here ####
POSTHOOK: Output: default@smalltable
Warning: Map Join MAPJOIN[22][bigTable=?] in task 'Stage-1:MAPRED' is a cross product
PREHOOK: query: explain select src1.key, src2.key, smalltable.key from src src1 JOIN src src2 ON (src1.key = src2.key) JOIN smalltable ON (src1.key + src2.key = smalltable.key)
PREHOOK: type: QUERY
POSTHOOK: query: explain select src1.key, src2.key, smalltable.key from src src1 JOIN src src2 ON (src1.key = src2.key) JOIN smalltable ON (src1.key + src2.key = smalltable.key)
POSTHOOK: type: QUERY
STAGE DEPENDENCIES:
  Stage-2 is a root stage
  Stage-1 depends on stages: Stage-2
  Stage-0 depends on stages: Stage-1

STAGE PLANS:
  Stage: Stage-2
    Spark
#### A masked pattern was here ####
      Vertices:
        Map 2 
            Map Operator Tree:
                TableScan
                  alias: smalltable
                  Statistics: Num rows: 1 Data size: 300 Basic stats: COMPLETE Column stats: NONE
                  Filter Operator
                    predicate: key is not null (type: boolean)
                    Statistics: Num rows: 1 Data size: 300 Basic stats: COMPLETE Column stats: NONE
                    Select Operator
                      expressions: key (type: string)
                      outputColumnNames: _col0
                      Statistics: Num rows: 1 Data size: 300 Basic stats: COMPLETE Column stats: NONE
                      Spark HashTable Sink Operator
                        keys:
                          0 
                          1 
            Local Work:
              Map Reduce Local Work
        Map 3 
            Map Operator Tree:
                TableScan
                  alias: src1
                  Statistics: Num rows: 500 Data size: 5312 Basic stats: COMPLETE Column stats: NONE
                  Filter Operator
                    predicate: key is not null (type: boolean)
                    Statistics: Num rows: 500 Data size: 5312 Basic stats: COMPLETE Column stats: NONE
                    Select Operator
                      expressions: key (type: string)
                      outputColumnNames: _col0
                      Statistics: Num rows: 500 Data size: 5312 Basic stats: COMPLETE Column stats: NONE
                      Spark HashTable Sink Operator
                        keys:
                          0 _col0 (type: string)
                          1 _col0 (type: string)
            Local Work:
              Map Reduce Local Work

  Stage: Stage-1
    Spark
#### A masked pattern was here ####
      Vertices:
        Map 1 
            Map Operator Tree:
                TableScan
                  alias: src2
                  Statistics: Num rows: 500 Data size: 5312 Basic stats: COMPLETE Column stats: NONE
                  Filter Operator
                    predicate: key is not null (type: boolean)
                    Statistics: Num rows: 500 Data size: 5312 Basic stats: COMPLETE Column stats: NONE
                    Select Operator
                      expressions: key (type: string)
                      outputColumnNames: _col0
                      Statistics: Num rows: 500 Data size: 5312 Basic stats: COMPLETE Column stats: NONE
                      Map Join Operator
                        condition map:
                             Inner Join 0 to 1
                        keys:
                          0 
                          1 
                        outputColumnNames: _col0, _col1
                        input vertices:
                          1 Map 2
                        Statistics: Num rows: 500 Data size: 155812 Basic stats: COMPLETE Column stats: NONE
                        Map Join Operator
                          condition map:
                               Inner Join 0 to 1
                          keys:
                            0 _col0 (type: string)
                            1 _col0 (type: string)
                          outputColumnNames: _col0, _col1, _col2
                          input vertices:
                            1 Map 3
                          Statistics: Num rows: 550 Data size: 171393 Basic stats: COMPLETE Column stats: NONE
                          Filter Operator
                            predicate: ((UDFToDouble(_col2) + UDFToDouble(_col0)) = UDFToDouble(_col1)) (type: boolean)
                            Statistics: Num rows: 275 Data size: 85696 Basic stats: COMPLETE Column stats: NONE
                            Select Operator
                              expressions: _col2 (type: string), _col0 (type: string), _col1 (type: string)
                              outputColumnNames: _col0, _col1, _col2
                              Statistics: Num rows: 275 Data size: 85696 Basic stats: COMPLETE Column stats: NONE
                              File Output Operator
                                compressed: false
                                Statistics: Num rows: 275 Data size: 85696 Basic stats: COMPLETE Column stats: NONE
                                table:
                                    input format: org.apache.hadoop.mapred.SequenceFileInputFormat
                                    output format: org.apache.hadoop.hive.ql.io.HiveSequenceFileOutputFormat
                                    serde: org.apache.hadoop.hive.serde2.lazy.LazySimpleSerDe
            Local Work:
              Map Reduce Local Work

  Stage: Stage-0
    Fetch Operator
      limit: -1
      Processor Tree:
        ListSink

Warning: Map Join MAPJOIN[22][bigTable=?] in task 'Stage-1:MAPRED' is a cross product
PREHOOK: query: select src1.key, src2.key, smalltable.key from src src1 JOIN src src2 ON (src1.key = src2.key) JOIN smalltable ON (src1.key + src2.key = smalltable.key)
PREHOOK: type: QUERY
PREHOOK: Input: default@smalltable
PREHOOK: Input: default@src
#### A masked pattern was here ####
POSTHOOK: query: select src1.key, src2.key, smalltable.key from src src1 JOIN src src2 ON (src1.key = src2.key) JOIN smalltable ON (src1.key + src2.key = smalltable.key)
POSTHOOK: type: QUERY
POSTHOOK: Input: default@smalltable
POSTHOOK: Input: default@src
#### A masked pattern was here ####
4	4	8
4	4	8
PREHOOK: query: create table smalltable2(key string, value string) stored as textfile
PREHOOK: type: CREATETABLE
PREHOOK: Output: database:default
PREHOOK: Output: default@smalltable2
POSTHOOK: query: create table smalltable2(key string, value string) stored as textfile
POSTHOOK: type: CREATETABLE
POSTHOOK: Output: database:default
POSTHOOK: Output: default@smalltable2
PREHOOK: query: load data local inpath '../../data/files/T1.txt' into table smalltable2
PREHOOK: type: LOAD
#### A masked pattern was here ####
PREHOOK: Output: default@smalltable2
POSTHOOK: query: load data local inpath '../../data/files/T1.txt' into table smalltable2
POSTHOOK: type: LOAD
#### A masked pattern was here ####
POSTHOOK: Output: default@smalltable2
PREHOOK: query: analyze table smalltable compute statistics
PREHOOK: type: QUERY
PREHOOK: Input: default@smalltable
PREHOOK: Output: default@smalltable
POSTHOOK: query: analyze table smalltable compute statistics
POSTHOOK: type: QUERY
POSTHOOK: Input: default@smalltable
POSTHOOK: Output: default@smalltable
PREHOOK: query: explain select src1.key, src2.key, smalltable.key from src src1 JOIN src src2 ON (src1.key = src2.key) JOIN smalltable ON (src1.key + src2.key = smalltable.key) JOIN smalltable2 ON (src1.key + src2.key = smalltable2.key)
PREHOOK: type: QUERY
POSTHOOK: query: explain select src1.key, src2.key, smalltable.key from src src1 JOIN src src2 ON (src1.key = src2.key) JOIN smalltable ON (src1.key + src2.key = smalltable.key) JOIN smalltable2 ON (src1.key + src2.key = smalltable2.key)
POSTHOOK: type: QUERY
STAGE DEPENDENCIES:
  Stage-2 is a root stage
  Stage-1 depends on stages: Stage-2
  Stage-0 depends on stages: Stage-1

STAGE PLANS:
  Stage: Stage-2
    Spark
#### A masked pattern was here ####
      Vertices:
        Map 2 
            Map Operator Tree:
                TableScan
                  alias: src2
                  Statistics: Num rows: 500 Data size: 5312 Basic stats: COMPLETE Column stats: NONE
                  Filter Operator
                    predicate: key is not null (type: boolean)
                    Statistics: Num rows: 500 Data size: 5312 Basic stats: COMPLETE Column stats: NONE
                    Select Operator
                      expressions: key (type: string)
                      outputColumnNames: _col0
                      Statistics: Num rows: 500 Data size: 5312 Basic stats: COMPLETE Column stats: NONE
                      Spark HashTable Sink Operator
                        keys:
                          0 _col0 (type: string)
                          1 _col0 (type: string)
            Local Work:
              Map Reduce Local Work
        Map 3 
            Map Operator Tree:
                TableScan
                  alias: smalltable2
                  Statistics: Num rows: 1 Data size: 300 Basic stats: COMPLETE Column stats: NONE
                  Filter Operator
                    predicate: key is not null (type: boolean)
                    Statistics: Num rows: 1 Data size: 300 Basic stats: COMPLETE Column stats: NONE
                    Select Operator
                      expressions: key (type: string)
                      outputColumnNames: _col0
                      Statistics: Num rows: 1 Data size: 300 Basic stats: COMPLETE Column stats: NONE
                      Spark HashTable Sink Operator
                        keys:
                          0 (UDFToDouble(_col0) + UDFToDouble(_col1)) (type: double)
                          1 UDFToDouble(_col0) (type: double)
                          2 UDFToDouble(_col0) (type: double)
            Local Work:
              Map Reduce Local Work
        Map 4 
            Map Operator Tree:
                TableScan
                  alias: smalltable
                  Statistics: Num rows: 6 Data size: 24 Basic stats: COMPLETE Column stats: NONE
                  Filter Operator
                    predicate: key is not null (type: boolean)
                    Statistics: Num rows: 6 Data size: 24 Basic stats: COMPLETE Column stats: NONE
                    Select Operator
                      expressions: key (type: string)
                      outputColumnNames: _col0
                      Statistics: Num rows: 6 Data size: 24 Basic stats: COMPLETE Column stats: NONE
                      Spark HashTable Sink Operator
                        keys:
                          0 (UDFToDouble(_col0) + UDFToDouble(_col1)) (type: double)
                          1 UDFToDouble(_col0) (type: double)
                          2 UDFToDouble(_col0) (type: double)
            Local Work:
              Map Reduce Local Work

  Stage: Stage-1
    Spark
#### A masked pattern was here ####
      Vertices:
        Map 1 
            Map Operator Tree:
                TableScan
                  alias: src1
                  Statistics: Num rows: 500 Data size: 5312 Basic stats: COMPLETE Column stats: NONE
                  Filter Operator
                    predicate: key is not null (type: boolean)
                    Statistics: Num rows: 500 Data size: 5312 Basic stats: COMPLETE Column stats: NONE
                    Select Operator
                      expressions: key (type: string)
                      outputColumnNames: _col0
                      Statistics: Num rows: 500 Data size: 5312 Basic stats: COMPLETE Column stats: NONE
                      Map Join Operator
                        condition map:
                             Inner Join 0 to 1
                        keys:
                          0 _col0 (type: string)
                          1 _col0 (type: string)
                        outputColumnNames: _col0, _col1
                        input vertices:
                          1 Map 2
                        Statistics: Num rows: 550 Data size: 5843 Basic stats: COMPLETE Column stats: NONE
                        Map Join Operator
                          condition map:
                               Inner Join 0 to 1
                               Inner Join 0 to 2
                          keys:
                            0 (UDFToDouble(_col0) + UDFToDouble(_col1)) (type: double)
                            1 UDFToDouble(_col0) (type: double)
                            2 UDFToDouble(_col0) (type: double)
                          outputColumnNames: _col0, _col1, _col3
                          input vertices:
                            1 Map 3
                            2 Map 4
                          Statistics: Num rows: 1210 Data size: 12854 Basic stats: COMPLETE Column stats: NONE
                          Select Operator
                            expressions: _col0 (type: string), _col1 (type: string), _col3 (type: string)
                            outputColumnNames: _col0, _col1, _col2
                            Statistics: Num rows: 1210 Data size: 12854 Basic stats: COMPLETE Column stats: NONE
                            File Output Operator
                              compressed: false
                              Statistics: Num rows: 1210 Data size: 12854 Basic stats: COMPLETE Column stats: NONE
                              table:
                                  input format: org.apache.hadoop.mapred.SequenceFileInputFormat
                                  output format: org.apache.hadoop.hive.ql.io.HiveSequenceFileOutputFormat
                                  serde: org.apache.hadoop.hive.serde2.lazy.LazySimpleSerDe
            Local Work:
              Map Reduce Local Work

  Stage: Stage-0
    Fetch Operator
      limit: -1
      Processor Tree:
        ListSink

PREHOOK: query: select src1.key, src2.key, smalltable.key from src src1 JOIN src src2 ON (src1.key = src2.key) JOIN smalltable ON (src1.key + src2.key = smalltable.key) JOIN smalltable2 ON (src1.key + src2.key = smalltable2.key)
PREHOOK: type: QUERY
PREHOOK: Input: default@smalltable
PREHOOK: Input: default@smalltable2
PREHOOK: Input: default@src
#### A masked pattern was here ####
POSTHOOK: query: select src1.key, src2.key, smalltable.key from src src1 JOIN src src2 ON (src1.key = src2.key) JOIN smalltable ON (src1.key + src2.key = smalltable.key) JOIN smalltable2 ON (src1.key + src2.key = smalltable2.key)
POSTHOOK: type: QUERY
POSTHOOK: Input: default@smalltable
POSTHOOK: Input: default@smalltable2
POSTHOOK: Input: default@src
#### A masked pattern was here ####
4	4	8
4	4	8
4	4	8
4	4	8
