PREHOOK: query: CREATE TABLE dest1_n147(c1 INT, c2 STRING, c3 INT, c4 STRING, c5 INT, c6 STRING) STORED AS TEXTFILE
PREHOOK: type: CREATETABLE
PREHOOK: Output: database:default
PREHOOK: Output: default@dest1_n147
POSTHOOK: query: CREATE TABLE dest1_n147(c1 INT, c2 STRING, c3 INT, c4 STRING, c5 INT, c6 STRING) STORED AS TEXTFILE
POSTHOOK: type: CREATETABLE
POSTHOOK: Output: database:default
POSTHOOK: Output: default@dest1_n147
PREHOOK: query: explain
FROM (
 FROM 
  (
  FROM src src1 SELECT src1.key AS c1, src1.value AS c2 WHERE src1.key > 10 and src1.key < 20
  ) a
 FULL OUTER JOIN 
 (
  FROM src src2 SELECT src2.key AS c3, src2.value AS c4 WHERE src2.key > 15 and src2.key < 25
 ) b 
 ON (a.c1 = b.c3)
 LEFT OUTER JOIN 
 (
  FROM src src3 SELECT src3.key AS c5, src3.value AS c6 WHERE src3.key > 20 and src3.key < 25
 ) c
 ON (a.c1 = c.c5)
 SELECT a.c1 AS c1, a.c2 AS c2, b.c3 AS c3, b.c4 AS c4, c.c5 AS c5, c.c6 AS c6
) c
INSERT OVERWRITE TABLE dest1_n147 SELECT c.c1, c.c2, c.c3, c.c4, c.c5, c.c6
PREHOOK: type: QUERY
POSTHOOK: query: explain
FROM (
 FROM 
  (
  FROM src src1 SELECT src1.key AS c1, src1.value AS c2 WHERE src1.key > 10 and src1.key < 20
  ) a
 FULL OUTER JOIN 
 (
  FROM src src2 SELECT src2.key AS c3, src2.value AS c4 WHERE src2.key > 15 and src2.key < 25
 ) b 
 ON (a.c1 = b.c3)
 LEFT OUTER JOIN 
 (
  FROM src src3 SELECT src3.key AS c5, src3.value AS c6 WHERE src3.key > 20 and src3.key < 25
 ) c
 ON (a.c1 = c.c5)
 SELECT a.c1 AS c1, a.c2 AS c2, b.c3 AS c3, b.c4 AS c4, c.c5 AS c5, c.c6 AS c6
) c
INSERT OVERWRITE TABLE dest1_n147 SELECT c.c1, c.c2, c.c3, c.c4, c.c5, c.c6
POSTHOOK: type: QUERY
STAGE DEPENDENCIES:
  Stage-1 is a root stage
  Stage-0 depends on stages: Stage-1
  Stage-2 depends on stages: Stage-0

STAGE PLANS:
  Stage: Stage-1
    Spark
      Edges:
        Reducer 2 <- Map 1 (PARTITION-LEVEL SORT, 2), Map 3 (PARTITION-LEVEL SORT, 2), Map 4 (PARTITION-LEVEL SORT, 2)
#### A masked pattern was here ####
      Vertices:
        Map 1 
            Map Operator Tree:
                TableScan
                  alias: src1
                  Statistics: Num rows: 500 Data size: 5312 Basic stats: COMPLETE Column stats: NONE
                  Filter Operator
                    predicate: ((UDFToDouble(key) < 20.0D) and (UDFToDouble(key) > 10.0D)) (type: boolean)
                    Statistics: Num rows: 55 Data size: 584 Basic stats: COMPLETE Column stats: NONE
                    Select Operator
                      expressions: key (type: string), value (type: string)
                      outputColumnNames: _col0, _col1
                      Statistics: Num rows: 55 Data size: 584 Basic stats: COMPLETE Column stats: NONE
                      Reduce Output Operator
                        key expressions: _col0 (type: string)
                        sort order: +
                        Map-reduce partition columns: _col0 (type: string)
                        Statistics: Num rows: 55 Data size: 584 Basic stats: COMPLETE Column stats: NONE
                        value expressions: _col1 (type: string)
            Execution mode: vectorized
        Map 3 
            Map Operator Tree:
                TableScan
                  alias: src2
                  Statistics: Num rows: 500 Data size: 5312 Basic stats: COMPLETE Column stats: NONE
                  Filter Operator
                    predicate: ((UDFToDouble(key) < 25.0D) and (UDFToDouble(key) > 15.0D)) (type: boolean)
                    Statistics: Num rows: 55 Data size: 584 Basic stats: COMPLETE Column stats: NONE
                    Select Operator
                      expressions: key (type: string), value (type: string)
                      outputColumnNames: _col0, _col1
                      Statistics: Num rows: 55 Data size: 584 Basic stats: COMPLETE Column stats: NONE
                      Reduce Output Operator
                        key expressions: _col0 (type: string)
                        sort order: +
                        Map-reduce partition columns: _col0 (type: string)
                        Statistics: Num rows: 55 Data size: 584 Basic stats: COMPLETE Column stats: NONE
                        value expressions: _col1 (type: string)
            Execution mode: vectorized
        Map 4 
            Map Operator Tree:
                TableScan
                  alias: src3
                  Statistics: Num rows: 500 Data size: 5312 Basic stats: COMPLETE Column stats: NONE
                  Filter Operator
                    predicate: ((UDFToDouble(key) < 25.0D) and (UDFToDouble(key) > 20.0D)) (type: boolean)
                    Statistics: Num rows: 55 Data size: 584 Basic stats: COMPLETE Column stats: NONE
                    Select Operator
                      expressions: key (type: string), value (type: string)
                      outputColumnNames: _col0, _col1
                      Statistics: Num rows: 55 Data size: 584 Basic stats: COMPLETE Column stats: NONE
                      Reduce Output Operator
                        key expressions: _col0 (type: string)
                        sort order: +
                        Map-reduce partition columns: _col0 (type: string)
                        Statistics: Num rows: 55 Data size: 584 Basic stats: COMPLETE Column stats: NONE
                        value expressions: _col1 (type: string)
            Execution mode: vectorized
        Reducer 2 
            Reduce Operator Tree:
              Join Operator
                condition map:
                     Outer Join 0 to 1
                     Left Outer Join 0 to 2
                keys:
                  0 _col0 (type: string)
                  1 _col0 (type: string)
                  2 _col0 (type: string)
                outputColumnNames: _col0, _col1, _col2, _col3, _col4, _col5
                Statistics: Num rows: 121 Data size: 1284 Basic stats: COMPLETE Column stats: NONE
                Select Operator
                  expressions: UDFToInteger(_col0) (type: int), _col1 (type: string), UDFToInteger(_col2) (type: int), _col3 (type: string), UDFToInteger(_col4) (type: int), _col5 (type: string)
                  outputColumnNames: _col0, _col1, _col2, _col3, _col4, _col5
                  Statistics: Num rows: 121 Data size: 1284 Basic stats: COMPLETE Column stats: NONE
                  File Output Operator
                    compressed: false
                    Statistics: Num rows: 121 Data size: 1284 Basic stats: COMPLETE Column stats: NONE
                    table:
                        input format: org.apache.hadoop.mapred.TextInputFormat
                        output format: org.apache.hadoop.hive.ql.io.HiveIgnoreKeyTextOutputFormat
                        serde: org.apache.hadoop.hive.serde2.lazy.LazySimpleSerDe
                        name: default.dest1_n147

  Stage: Stage-0
    Move Operator
      tables:
          replace: true
          table:
              input format: org.apache.hadoop.mapred.TextInputFormat
              output format: org.apache.hadoop.hive.ql.io.HiveIgnoreKeyTextOutputFormat
              serde: org.apache.hadoop.hive.serde2.lazy.LazySimpleSerDe
              name: default.dest1_n147

  Stage: Stage-2
    Stats Work
      Basic Stats Work:

PREHOOK: query: FROM (
 FROM 
  (
  FROM src src1 SELECT src1.key AS c1, src1.value AS c2 WHERE src1.key > 10 and src1.key < 20
  ) a
 FULL OUTER JOIN 
 (
  FROM src src2 SELECT src2.key AS c3, src2.value AS c4 WHERE src2.key > 15 and src2.key < 25
 ) b 
 ON (a.c1 = b.c3)
 LEFT OUTER JOIN 
 (
  FROM src src3 SELECT src3.key AS c5, src3.value AS c6 WHERE src3.key > 20 and src3.key < 25
 ) c
 ON (a.c1 = c.c5)
 SELECT a.c1 AS c1, a.c2 AS c2, b.c3 AS c3, b.c4 AS c4, c.c5 AS c5, c.c6 AS c6
) c
INSERT OVERWRITE TABLE dest1_n147 SELECT c.c1, c.c2, c.c3, c.c4, c.c5, c.c6
PREHOOK: type: QUERY
PREHOOK: Input: default@src
PREHOOK: Output: default@dest1_n147
POSTHOOK: query: FROM (
 FROM 
  (
  FROM src src1 SELECT src1.key AS c1, src1.value AS c2 WHERE src1.key > 10 and src1.key < 20
  ) a
 FULL OUTER JOIN 
 (
  FROM src src2 SELECT src2.key AS c3, src2.value AS c4 WHERE src2.key > 15 and src2.key < 25
 ) b 
 ON (a.c1 = b.c3)
 LEFT OUTER JOIN 
 (
  FROM src src3 SELECT src3.key AS c5, src3.value AS c6 WHERE src3.key > 20 and src3.key < 25
 ) c
 ON (a.c1 = c.c5)
 SELECT a.c1 AS c1, a.c2 AS c2, b.c3 AS c3, b.c4 AS c4, c.c5 AS c5, c.c6 AS c6
) c
INSERT OVERWRITE TABLE dest1_n147 SELECT c.c1, c.c2, c.c3, c.c4, c.c5, c.c6
POSTHOOK: type: QUERY
POSTHOOK: Input: default@src
POSTHOOK: Output: default@dest1_n147
POSTHOOK: Lineage: dest1_n147.c1 EXPRESSION [(src)src1.FieldSchema(name:key, type:string, comment:default), ]
POSTHOOK: Lineage: dest1_n147.c2 SIMPLE [(src)src1.FieldSchema(name:value, type:string, comment:default), ]
POSTHOOK: Lineage: dest1_n147.c3 EXPRESSION [(src)src2.FieldSchema(name:key, type:string, comment:default), ]
POSTHOOK: Lineage: dest1_n147.c4 SIMPLE [(src)src2.FieldSchema(name:value, type:string, comment:default), ]
POSTHOOK: Lineage: dest1_n147.c5 EXPRESSION [(src)src3.FieldSchema(name:key, type:string, comment:default), ]
POSTHOOK: Lineage: dest1_n147.c6 SIMPLE [(src)src3.FieldSchema(name:value, type:string, comment:default), ]
PREHOOK: query: SELECT sum(hash(dest1_n147.c1,dest1_n147.c2,dest1_n147.c3,dest1_n147.c4,dest1_n147.c5,dest1_n147.c6)) FROM dest1_n147
PREHOOK: type: QUERY
PREHOOK: Input: default@dest1_n147
#### A masked pattern was here ####
POSTHOOK: query: SELECT sum(hash(dest1_n147.c1,dest1_n147.c2,dest1_n147.c3,dest1_n147.c4,dest1_n147.c5,dest1_n147.c6)) FROM dest1_n147
POSTHOOK: type: QUERY
POSTHOOK: Input: default@dest1_n147
#### A masked pattern was here ####
-2315698213
