PREHOOK: query: CREATE TABLE dest_j1(key INT, cnt INT)
PREHOOK: type: CREATETABLE
PREHOOK: Output: database:default
PREHOOK: Output: default@dest_j1
POSTHOOK: query: CREATE TABLE dest_j1(key INT, cnt INT)
POSTHOOK: type: CREATETABLE
POSTHOOK: Output: database:default
POSTHOOK: Output: default@dest_j1
PREHOOK: query: EXPLAIN
INSERT OVERWRITE TABLE dest_j1 
SELECT x.key, count(1) FROM src1 x JOIN src y ON (x.key = y.key) group by x.key
PREHOOK: type: QUERY
POSTHOOK: query: EXPLAIN
INSERT OVERWRITE TABLE dest_j1 
SELECT x.key, count(1) FROM src1 x JOIN src y ON (x.key = y.key) group by x.key
POSTHOOK: type: QUERY
STAGE DEPENDENCIES:
  Stage-3 is a root stage
  Stage-1 depends on stages: Stage-3
  Stage-0 depends on stages: Stage-1
  Stage-2 depends on stages: Stage-0

STAGE PLANS:
  Stage: Stage-3
    Spark
#### A masked pattern was here ####
      Vertices:
        Map 1 
            Map Operator Tree:
                TableScan
                  alias: x
                  Statistics: Num rows: 25 Data size: 191 Basic stats: COMPLETE Column stats: NONE
                  Filter Operator
                    predicate: key is not null (type: boolean)
                    Statistics: Num rows: 25 Data size: 191 Basic stats: COMPLETE Column stats: NONE
                    Select Operator
                      expressions: key (type: string)
                      outputColumnNames: _col0
                      Statistics: Num rows: 25 Data size: 191 Basic stats: COMPLETE Column stats: NONE
                      Spark HashTable Sink Operator
                        keys:
                          0 _col0 (type: string)
                          1 _col0 (type: string)
            Local Work:
              Map Reduce Local Work

  Stage: Stage-1
    Spark
      Edges:
        Reducer 3 <- Map 2 (GROUP, 2)
#### A masked pattern was here ####
      Vertices:
        Map 2 
            Map Operator Tree:
                TableScan
                  alias: y
                  Statistics: Num rows: 500 Data size: 5312 Basic stats: COMPLETE Column stats: NONE
                  Filter Operator
                    predicate: key is not null (type: boolean)
                    Statistics: Num rows: 500 Data size: 5312 Basic stats: COMPLETE Column stats: NONE
                    Select Operator
                      expressions: key (type: string)
                      outputColumnNames: _col0
                      Statistics: Num rows: 500 Data size: 5312 Basic stats: COMPLETE Column stats: NONE
                      Map Join Operator
                        condition map:
                             Inner Join 0 to 1
                        keys:
                          0 _col0 (type: string)
                          1 _col0 (type: string)
                        outputColumnNames: _col0
                        input vertices:
                          0 Map 1
                        Statistics: Num rows: 550 Data size: 5843 Basic stats: COMPLETE Column stats: NONE
                        Group By Operator
                          aggregations: count()
                          keys: _col0 (type: string)
                          mode: hash
                          outputColumnNames: _col0, _col1
                          Statistics: Num rows: 550 Data size: 5843 Basic stats: COMPLETE Column stats: NONE
                          Reduce Output Operator
                            key expressions: _col0 (type: string)
                            sort order: +
                            Map-reduce partition columns: _col0 (type: string)
                            Statistics: Num rows: 550 Data size: 5843 Basic stats: COMPLETE Column stats: NONE
                            value expressions: _col1 (type: bigint)
            Local Work:
              Map Reduce Local Work
        Reducer 3 
            Reduce Operator Tree:
              Group By Operator
                aggregations: count(VALUE._col0)
                keys: KEY._col0 (type: string)
                mode: mergepartial
                outputColumnNames: _col0, _col1
                Statistics: Num rows: 275 Data size: 2921 Basic stats: COMPLETE Column stats: NONE
                Select Operator
                  expressions: UDFToInteger(_col0) (type: int), UDFToInteger(_col1) (type: int)
                  outputColumnNames: _col0, _col1
                  Statistics: Num rows: 275 Data size: 2921 Basic stats: COMPLETE Column stats: NONE
                  File Output Operator
                    compressed: false
                    Statistics: Num rows: 275 Data size: 2921 Basic stats: COMPLETE Column stats: NONE
                    table:
                        input format: org.apache.hadoop.mapred.TextInputFormat
                        output format: org.apache.hadoop.hive.ql.io.HiveIgnoreKeyTextOutputFormat
                        serde: org.apache.hadoop.hive.serde2.lazy.LazySimpleSerDe
                        name: default.dest_j1

  Stage: Stage-0
    Move Operator
      tables:
          replace: true
          table:
              input format: org.apache.hadoop.mapred.TextInputFormat
              output format: org.apache.hadoop.hive.ql.io.HiveIgnoreKeyTextOutputFormat
              serde: org.apache.hadoop.hive.serde2.lazy.LazySimpleSerDe
              name: default.dest_j1

  Stage: Stage-2
    Stats Work
      Basic Stats Work:

PREHOOK: query: INSERT OVERWRITE TABLE dest_j1 
SELECT  x.key, count(1) FROM src1 x JOIN src y ON (x.key = y.key) group by x.key
PREHOOK: type: QUERY
PREHOOK: Input: default@src
PREHOOK: Input: default@src1
PREHOOK: Output: default@dest_j1
POSTHOOK: query: INSERT OVERWRITE TABLE dest_j1 
SELECT  x.key, count(1) FROM src1 x JOIN src y ON (x.key = y.key) group by x.key
POSTHOOK: type: QUERY
POSTHOOK: Input: default@src
POSTHOOK: Input: default@src1
POSTHOOK: Output: default@dest_j1
POSTHOOK: Lineage: dest_j1.cnt EXPRESSION [(src1)x.null, (src)y.null, ]
POSTHOOK: Lineage: dest_j1.key EXPRESSION [(src1)x.FieldSchema(name:key, type:string, comment:default), ]
PREHOOK: query: select * from dest_j1
PREHOOK: type: QUERY
PREHOOK: Input: default@dest_j1
#### A masked pattern was here ####
POSTHOOK: query: select * from dest_j1
POSTHOOK: type: QUERY
POSTHOOK: Input: default@dest_j1
#### A masked pattern was here ####
128	3
146	2
150	1
213	2
224	2
238	2
255	2
273	3
278	2
311	3
369	3
401	5
406	4
66	1
98	2
