PREHOOK: query: create temporary function example_add10 as 'org.apache.hadoop.hive.contrib.genericudf.example.GenericUDFAdd10'
PREHOOK: type: CREATEFUNCTION
PREHOOK: Output: example_add10
POSTHOOK: query: create temporary function example_add10 as 'org.apache.hadoop.hive.contrib.genericudf.example.GenericUDFAdd10'
POSTHOOK: type: CREATEFUNCTION
POSTHOOK: Output: example_add10
PREHOOK: query: create table t1_n102(x int,y double)
PREHOOK: type: CREATETABLE
PREHOOK: Output: database:default
PREHOOK: Output: default@t1_n102
POSTHOOK: query: create table t1_n102(x int,y double)
POSTHOOK: type: CREATETABLE
POSTHOOK: Output: database:default
POSTHOOK: Output: default@t1_n102
PREHOOK: query: load data local inpath '../../data/files/T1.txt' into table t1_n102
PREHOOK: type: LOAD
#### A masked pattern was here ####
PREHOOK: Output: default@t1_n102
POSTHOOK: query: load data local inpath '../../data/files/T1.txt' into table t1_n102
POSTHOOK: type: LOAD
#### A masked pattern was here ####
POSTHOOK: Output: default@t1_n102
PREHOOK: query: explain select example_add10(x) as a,example_add10(y) as b from t1_n102 order by a desc,b limit 10
PREHOOK: type: QUERY
POSTHOOK: query: explain select example_add10(x) as a,example_add10(y) as b from t1_n102 order by a desc,b limit 10
POSTHOOK: type: QUERY
STAGE DEPENDENCIES:
  Stage-1 is a root stage
  Stage-0 depends on stages: Stage-1

STAGE PLANS:
  Stage: Stage-1
    Spark
      Edges:
        Reducer 2 <- Map 1 (SORT, 1)
#### A masked pattern was here ####
      Vertices:
        Map 1 
            Map Operator Tree:
                TableScan
                  alias: t1_n102
                  Statistics: Num rows: 1 Data size: 300 Basic stats: COMPLETE Column stats: NONE
                  Select Operator
                    expressions: add10(x) (type: int), add10(y) (type: double)
                    outputColumnNames: _col0, _col1
                    Statistics: Num rows: 1 Data size: 300 Basic stats: COMPLETE Column stats: NONE
                    Reduce Output Operator
                      key expressions: _col0 (type: int), _col1 (type: double)
                      sort order: -+
                      Statistics: Num rows: 1 Data size: 300 Basic stats: COMPLETE Column stats: NONE
                      TopN Hash Memory Usage: 0.1
            Execution mode: vectorized
        Reducer 2 
            Execution mode: vectorized
            Reduce Operator Tree:
              Select Operator
                expressions: KEY.reducesinkkey0 (type: int), KEY.reducesinkkey1 (type: double)
                outputColumnNames: _col0, _col1
                Statistics: Num rows: 1 Data size: 300 Basic stats: COMPLETE Column stats: NONE
                Limit
                  Number of rows: 10
                  Statistics: Num rows: 1 Data size: 300 Basic stats: COMPLETE Column stats: NONE
                  File Output Operator
                    compressed: false
                    Statistics: Num rows: 1 Data size: 300 Basic stats: COMPLETE Column stats: NONE
                    table:
                        input format: org.apache.hadoop.mapred.SequenceFileInputFormat
                        output format: org.apache.hadoop.hive.ql.io.HiveSequenceFileOutputFormat
                        serde: org.apache.hadoop.hive.serde2.lazy.LazySimpleSerDe

  Stage: Stage-0
    Fetch Operator
      limit: 10
      Processor Tree:
        ListSink

PREHOOK: query: select example_add10(x) as a,example_add10(y) as b from t1_n102 order by a desc,b limit 10
PREHOOK: type: QUERY
PREHOOK: Input: default@t1_n102
PREHOOK: Output: hdfs://### HDFS PATH ###
POSTHOOK: query: select example_add10(x) as a,example_add10(y) as b from t1_n102 order by a desc,b limit 10
POSTHOOK: type: QUERY
POSTHOOK: Input: default@t1_n102
POSTHOOK: Output: hdfs://### HDFS PATH ###
18	28.0
18	38.0
17	27.0
13	23.0
12	22.0
11	21.0
PREHOOK: query: drop table t1_n102
PREHOOK: type: DROPTABLE
PREHOOK: Input: default@t1_n102
PREHOOK: Output: default@t1_n102
POSTHOOK: query: drop table t1_n102
POSTHOOK: type: DROPTABLE
POSTHOOK: Input: default@t1_n102
POSTHOOK: Output: default@t1_n102
PREHOOK: query: drop temporary function example_add10
PREHOOK: type: DROPFUNCTION
PREHOOK: Output: example_add10
POSTHOOK: query: drop temporary function example_add10
POSTHOOK: type: DROPFUNCTION
POSTHOOK: Output: example_add10
