PREHOOK: query: CREATE TABLE DEST1_n47(key ARRAY<STRING>, value BIGINT) STORED AS TEXTFILE
PREHOOK: type: CREATETABLE
PREHOOK: Output: database:default
PREHOOK: Output: default@DEST1_n47
POSTHOOK: query: CREATE TABLE DEST1_n47(key ARRAY<STRING>, value BIGINT) STORED AS TEXTFILE
POSTHOOK: type: CREATETABLE
POSTHOOK: Output: database:default
POSTHOOK: Output: default@DEST1_n47
PREHOOK: query: CREATE TABLE DEST2_n8(key MAP<STRING, STRING>, value BIGINT) STORED AS TEXTFILE
PREHOOK: type: CREATETABLE
PREHOOK: Output: database:default
PREHOOK: Output: default@DEST2_n8
POSTHOOK: query: CREATE TABLE DEST2_n8(key MAP<STRING, STRING>, value BIGINT) STORED AS TEXTFILE
POSTHOOK: type: CREATETABLE
POSTHOOK: Output: database:default
POSTHOOK: Output: default@DEST2_n8
PREHOOK: query: EXPLAIN
FROM SRC
INSERT OVERWRITE TABLE DEST1_n47 SELECT ARRAY(SRC.key) as keyarray, COUNT(1) GROUP BY ARRAY(SRC.key) ORDER BY keyarray limit 10
INSERT OVERWRITE TABLE DEST2_n8 SELECT MAP(SRC.key, SRC.value) as kvmap, COUNT(1) GROUP BY MAP(SRC.key, SRC.value) ORDER BY kvmap limit 10
PREHOOK: type: QUERY
POSTHOOK: query: EXPLAIN
FROM SRC
INSERT OVERWRITE TABLE DEST1_n47 SELECT ARRAY(SRC.key) as keyarray, COUNT(1) GROUP BY ARRAY(SRC.key) ORDER BY keyarray limit 10
INSERT OVERWRITE TABLE DEST2_n8 SELECT MAP(SRC.key, SRC.value) as kvmap, COUNT(1) GROUP BY MAP(SRC.key, SRC.value) ORDER BY kvmap limit 10
POSTHOOK: type: QUERY
STAGE DEPENDENCIES:
  Stage-2 is a root stage
  Stage-0 depends on stages: Stage-2
  Stage-3 depends on stages: Stage-0
  Stage-1 depends on stages: Stage-2
  Stage-4 depends on stages: Stage-1

STAGE PLANS:
  Stage: Stage-2
    Spark
      Edges:
        Reducer 2 <- Map 6 (GROUP, 2)
        Reducer 3 <- Reducer 2 (SORT, 1)
        Reducer 4 <- Map 7 (GROUP, 2)
        Reducer 5 <- Reducer 4 (SORT, 1)
#### A masked pattern was here ####
      Vertices:
        Map 6 
            Map Operator Tree:
                TableScan
                  alias: src
                  Statistics: Num rows: 500 Data size: 5312 Basic stats: COMPLETE Column stats: NONE
                  Select Operator
                    expressions: key (type: string)
                    outputColumnNames: key
                    Statistics: Num rows: 500 Data size: 5312 Basic stats: COMPLETE Column stats: NONE
                    Group By Operator
                      aggregations: count(1)
                      keys: array(key) (type: array<string>)
                      mode: hash
                      outputColumnNames: _col0, _col1
                      Statistics: Num rows: 500 Data size: 5312 Basic stats: COMPLETE Column stats: NONE
                      Reduce Output Operator
                        key expressions: _col0 (type: array<string>)
                        sort order: +
                        Map-reduce partition columns: _col0 (type: array<string>)
                        Statistics: Num rows: 500 Data size: 5312 Basic stats: COMPLETE Column stats: NONE
                        TopN Hash Memory Usage: 0.1
                        value expressions: _col1 (type: bigint)
        Map 7 
            Map Operator Tree:
                TableScan
                  alias: src
                  Statistics: Num rows: 500 Data size: 5312 Basic stats: COMPLETE Column stats: NONE
                  Select Operator
                    expressions: key (type: string), value (type: string)
                    outputColumnNames: key, value
                    Statistics: Num rows: 500 Data size: 5312 Basic stats: COMPLETE Column stats: NONE
                    Group By Operator
                      aggregations: count(1)
                      keys: map(key:value) (type: map<string,string>)
                      mode: hash
                      outputColumnNames: _col0, _col1
                      Statistics: Num rows: 500 Data size: 5312 Basic stats: COMPLETE Column stats: NONE
                      Reduce Output Operator
                        key expressions: _col0 (type: map<string,string>)
                        sort order: +
                        Map-reduce partition columns: _col0 (type: map<string,string>)
                        Statistics: Num rows: 500 Data size: 5312 Basic stats: COMPLETE Column stats: NONE
                        TopN Hash Memory Usage: 0.1
                        value expressions: _col1 (type: bigint)
        Reducer 2 
            Reduce Operator Tree:
              Group By Operator
                aggregations: count(VALUE._col0)
                keys: KEY._col0 (type: array<string>)
                mode: mergepartial
                outputColumnNames: _col0, _col1
                Statistics: Num rows: 250 Data size: 2656 Basic stats: COMPLETE Column stats: NONE
                Reduce Output Operator
                  key expressions: _col0 (type: array<string>)
                  sort order: +
                  Statistics: Num rows: 250 Data size: 2656 Basic stats: COMPLETE Column stats: NONE
                  TopN Hash Memory Usage: 0.1
                  value expressions: _col1 (type: bigint)
        Reducer 3 
            Execution mode: vectorized
            Reduce Operator Tree:
              Select Operator
                expressions: KEY.reducesinkkey0 (type: array<string>), VALUE._col0 (type: bigint)
                outputColumnNames: _col0, _col1
                Statistics: Num rows: 250 Data size: 2656 Basic stats: COMPLETE Column stats: NONE
                Limit
                  Number of rows: 10
                  Statistics: Num rows: 10 Data size: 100 Basic stats: COMPLETE Column stats: NONE
                  File Output Operator
                    compressed: false
                    Statistics: Num rows: 10 Data size: 100 Basic stats: COMPLETE Column stats: NONE
                    table:
                        input format: org.apache.hadoop.mapred.TextInputFormat
                        output format: org.apache.hadoop.hive.ql.io.HiveIgnoreKeyTextOutputFormat
                        serde: org.apache.hadoop.hive.serde2.lazy.LazySimpleSerDe
                        name: default.dest1_n47
        Reducer 4 
            Reduce Operator Tree:
              Group By Operator
                aggregations: count(VALUE._col0)
                keys: KEY._col0 (type: map<string,string>)
                mode: mergepartial
                outputColumnNames: _col0, _col1
                Statistics: Num rows: 250 Data size: 2656 Basic stats: COMPLETE Column stats: NONE
                Reduce Output Operator
                  key expressions: _col0 (type: map<string,string>)
                  sort order: +
                  Statistics: Num rows: 250 Data size: 2656 Basic stats: COMPLETE Column stats: NONE
                  TopN Hash Memory Usage: 0.1
                  value expressions: _col1 (type: bigint)
        Reducer 5 
            Execution mode: vectorized
            Reduce Operator Tree:
              Select Operator
                expressions: KEY.reducesinkkey0 (type: map<string,string>), VALUE._col0 (type: bigint)
                outputColumnNames: _col0, _col1
                Statistics: Num rows: 250 Data size: 2656 Basic stats: COMPLETE Column stats: NONE
                Limit
                  Number of rows: 10
                  Statistics: Num rows: 10 Data size: 100 Basic stats: COMPLETE Column stats: NONE
                  File Output Operator
                    compressed: false
                    Statistics: Num rows: 10 Data size: 100 Basic stats: COMPLETE Column stats: NONE
                    table:
                        input format: org.apache.hadoop.mapred.TextInputFormat
                        output format: org.apache.hadoop.hive.ql.io.HiveIgnoreKeyTextOutputFormat
                        serde: org.apache.hadoop.hive.serde2.lazy.LazySimpleSerDe
                        name: default.dest2_n8

  Stage: Stage-0
    Move Operator
      tables:
          replace: true
          table:
              input format: org.apache.hadoop.mapred.TextInputFormat
              output format: org.apache.hadoop.hive.ql.io.HiveIgnoreKeyTextOutputFormat
              serde: org.apache.hadoop.hive.serde2.lazy.LazySimpleSerDe
              name: default.dest1_n47

  Stage: Stage-3
    Stats Work
      Basic Stats Work:

  Stage: Stage-1
    Move Operator
      tables:
          replace: true
          table:
              input format: org.apache.hadoop.mapred.TextInputFormat
              output format: org.apache.hadoop.hive.ql.io.HiveIgnoreKeyTextOutputFormat
              serde: org.apache.hadoop.hive.serde2.lazy.LazySimpleSerDe
              name: default.dest2_n8

  Stage: Stage-4
    Stats Work
      Basic Stats Work:

PREHOOK: query: FROM SRC
INSERT OVERWRITE TABLE DEST1_n47 SELECT ARRAY(SRC.key) as keyarray, COUNT(1) GROUP BY ARRAY(SRC.key) ORDER BY keyarray limit 10
INSERT OVERWRITE TABLE DEST2_n8 SELECT MAP(SRC.key, SRC.value) as kvmap, COUNT(1) GROUP BY MAP(SRC.key, SRC.value) ORDER BY kvmap limit 10
PREHOOK: type: QUERY
PREHOOK: Input: default@src
PREHOOK: Output: default@dest1_n47
PREHOOK: Output: default@dest2_n8
POSTHOOK: query: FROM SRC
INSERT OVERWRITE TABLE DEST1_n47 SELECT ARRAY(SRC.key) as keyarray, COUNT(1) GROUP BY ARRAY(SRC.key) ORDER BY keyarray limit 10
INSERT OVERWRITE TABLE DEST2_n8 SELECT MAP(SRC.key, SRC.value) as kvmap, COUNT(1) GROUP BY MAP(SRC.key, SRC.value) ORDER BY kvmap limit 10
POSTHOOK: type: QUERY
POSTHOOK: Input: default@src
POSTHOOK: Output: default@dest1_n47
POSTHOOK: Output: default@dest2_n8
POSTHOOK: Lineage: dest1_n47.key EXPRESSION [(src)src.FieldSchema(name:key, type:string, comment:default), ]
POSTHOOK: Lineage: dest1_n47.value EXPRESSION [(src)src.null, ]
POSTHOOK: Lineage: dest2_n8.key EXPRESSION [(src)src.FieldSchema(name:key, type:string, comment:default), (src)src.FieldSchema(name:value, type:string, comment:default), ]
POSTHOOK: Lineage: dest2_n8.value EXPRESSION [(src)src.null, ]
PREHOOK: query: SELECT DEST1_n47.* FROM DEST1_n47
PREHOOK: type: QUERY
PREHOOK: Input: default@dest1_n47
#### A masked pattern was here ####
POSTHOOK: query: SELECT DEST1_n47.* FROM DEST1_n47
POSTHOOK: type: QUERY
POSTHOOK: Input: default@dest1_n47
#### A masked pattern was here ####
["0"]	3
["10"]	1
["100"]	2
["103"]	2
["104"]	2
["105"]	1
["11"]	1
["111"]	1
["113"]	2
["114"]	1
PREHOOK: query: SELECT DEST2_n8.* FROM DEST2_n8
PREHOOK: type: QUERY
PREHOOK: Input: default@dest2_n8
#### A masked pattern was here ####
POSTHOOK: query: SELECT DEST2_n8.* FROM DEST2_n8
POSTHOOK: type: QUERY
POSTHOOK: Input: default@dest2_n8
#### A masked pattern was here ####
{"0":"val_0"}	3
{"10":"val_10"}	1
{"100":"val_100"}	2
{"103":"val_103"}	2
{"104":"val_104"}	2
{"105":"val_105"}	1
{"11":"val_11"}	1
{"111":"val_111"}	1
{"113":"val_113"}	2
{"114":"val_114"}	1
