PREHOOK: query: CREATE TABLE dest1(c1 STRING) STORED AS TEXTFILE
PREHOOK: type: CREATETABLE
PREHOOK: Output: database:default
PREHOOK: Output: default@dest1
POSTHOOK: query: CREATE TABLE dest1(c1 STRING) STORED AS TEXTFILE
POSTHOOK: type: CREATETABLE
POSTHOOK: Output: database:default
POSTHOOK: Output: default@dest1
PREHOOK: query: EXPLAIN
FROM src
INSERT OVERWRITE TABLE dest1 SELECT DISTINCT substr(src.value,5,1)
PREHOOK: type: QUERY
POSTHOOK: query: EXPLAIN
FROM src
INSERT OVERWRITE TABLE dest1 SELECT DISTINCT substr(src.value,5,1)
POSTHOOK: type: QUERY
STAGE DEPENDENCIES:
  Stage-1 is a root stage
  Stage-0 depends on stages: Stage-1
  Stage-2 depends on stages: Stage-0

STAGE PLANS:
  Stage: Stage-1
    Spark
      Edges:
        Reducer 2 <- Map 1 (GROUP, 31)
#### A masked pattern was here ####
      Vertices:
        Map 1 
            Map Operator Tree:
                TableScan
                  alias: src
                  Statistics: Num rows: 500 Data size: 5312 Basic stats: COMPLETE Column stats: NONE
                  Select Operator
                    expressions: substr(value, 5, 1) (type: string)
                    outputColumnNames: _col0
                    Statistics: Num rows: 500 Data size: 5312 Basic stats: COMPLETE Column stats: NONE
                    Group By Operator
                      keys: _col0 (type: string)
                      mode: hash
                      outputColumnNames: _col0
                      Statistics: Num rows: 500 Data size: 5312 Basic stats: COMPLETE Column stats: NONE
                      Reduce Output Operator
                        key expressions: _col0 (type: string)
                        sort order: +
                        Map-reduce partition columns: _col0 (type: string)
                        Statistics: Num rows: 500 Data size: 5312 Basic stats: COMPLETE Column stats: NONE
            Execution mode: vectorized
        Reducer 2 
            Execution mode: vectorized
            Reduce Operator Tree:
              Group By Operator
                keys: KEY._col0 (type: string)
                mode: mergepartial
                outputColumnNames: _col0
                Statistics: Num rows: 250 Data size: 2656 Basic stats: COMPLETE Column stats: NONE
                File Output Operator
                  compressed: false
                  Statistics: Num rows: 250 Data size: 2656 Basic stats: COMPLETE Column stats: NONE
                  table:
                      input format: org.apache.hadoop.mapred.TextInputFormat
                      output format: org.apache.hadoop.hive.ql.io.HiveIgnoreKeyTextOutputFormat
                      serde: org.apache.hadoop.hive.serde2.lazy.LazySimpleSerDe
                      name: default.dest1

  Stage: Stage-0
    Move Operator
      tables:
          replace: true
          table:
              input format: org.apache.hadoop.mapred.TextInputFormat
              output format: org.apache.hadoop.hive.ql.io.HiveIgnoreKeyTextOutputFormat
              serde: org.apache.hadoop.hive.serde2.lazy.LazySimpleSerDe
              name: default.dest1

  Stage: Stage-2
    Stats Work
      Basic Stats Work:

PREHOOK: query: FROM src
INSERT OVERWRITE TABLE dest1 SELECT DISTINCT substr(src.value,5,1)
PREHOOK: type: QUERY
PREHOOK: Input: default@src
PREHOOK: Output: default@dest1
POSTHOOK: query: FROM src
INSERT OVERWRITE TABLE dest1 SELECT DISTINCT substr(src.value,5,1)
POSTHOOK: type: QUERY
POSTHOOK: Input: default@src
POSTHOOK: Output: default@dest1
POSTHOOK: Lineage: dest1.c1 EXPRESSION [(src)src.FieldSchema(name:value, type:string, comment:default), ]
PREHOOK: query: SELECT dest1.* FROM dest1
PREHOOK: type: QUERY
PREHOOK: Input: default@dest1
#### A masked pattern was here ####
POSTHOOK: query: SELECT dest1.* FROM dest1
POSTHOOK: type: QUERY
POSTHOOK: Input: default@dest1
#### A masked pattern was here ####
0
1
2
3
4
5
6
7
8
9
