PREHOOK: query: CREATE TABLE DEST1_n170(key INT, value STRING) STORED AS TEXTFILE
PREHOOK: type: CREATETABLE
PREHOOK: Output: database:default
PREHOOK: Output: default@DEST1_n170
POSTHOOK: query: CREATE TABLE DEST1_n170(key INT, value STRING) STORED AS TEXTFILE
POSTHOOK: type: CREATETABLE
POSTHOOK: Output: database:default
POSTHOOK: Output: default@DEST1_n170
PREHOOK: query: CREATE TABLE DEST2_n42(key INT, value STRING) STORED AS TEXTFILE
PREHOOK: type: CREATETABLE
PREHOOK: Output: database:default
PREHOOK: Output: default@DEST2_n42
POSTHOOK: query: CREATE TABLE DEST2_n42(key INT, value STRING) STORED AS TEXTFILE
POSTHOOK: type: CREATETABLE
POSTHOOK: Output: database:default
POSTHOOK: Output: default@DEST2_n42
PREHOOK: query: EXPLAIN
FROM SRC
INSERT OVERWRITE TABLE DEST1_n170 SELECT SRC.key, sum(SUBSTR(SRC.value,5)) GROUP BY SRC.key ORDER BY SRC.key limit 10
INSERT OVERWRITE TABLE DEST2_n42 SELECT SRC.key, sum(SUBSTR(SRC.value,5)) GROUP BY SRC.key ORDER BY SRC.key limit 10
PREHOOK: type: QUERY
PREHOOK: Input: default@src
PREHOOK: Output: default@dest1_n170
PREHOOK: Output: default@dest2_n42
POSTHOOK: query: EXPLAIN
FROM SRC
INSERT OVERWRITE TABLE DEST1_n170 SELECT SRC.key, sum(SUBSTR(SRC.value,5)) GROUP BY SRC.key ORDER BY SRC.key limit 10
INSERT OVERWRITE TABLE DEST2_n42 SELECT SRC.key, sum(SUBSTR(SRC.value,5)) GROUP BY SRC.key ORDER BY SRC.key limit 10
POSTHOOK: type: QUERY
POSTHOOK: Input: default@src
POSTHOOK: Output: default@dest1_n170
POSTHOOK: Output: default@dest2_n42
STAGE DEPENDENCIES:
  Stage-2 is a root stage
  Stage-0 depends on stages: Stage-2
  Stage-3 depends on stages: Stage-0
  Stage-1 depends on stages: Stage-2
  Stage-4 depends on stages: Stage-1

STAGE PLANS:
  Stage: Stage-2
    Spark
      Edges:
        Reducer 3 <- Reducer 5 (SORT, 1)
        Reducer 4 <- Reducer 5 (SORT, 1)
        Reducer 5 <- Map 1 (GROUP PARTITION-LEVEL SORT, 31)
#### A masked pattern was here ####
      Vertices:
        Map 1 
            Map Operator Tree:
                TableScan
                  alias: src
                  Statistics: Num rows: 500 Data size: 5312 Basic stats: COMPLETE Column stats: NONE
                  Select Operator
                    expressions: key (type: string), value (type: string)
                    outputColumnNames: key, value
                    Statistics: Num rows: 500 Data size: 5312 Basic stats: COMPLETE Column stats: NONE
                    Reduce Output Operator
                      key expressions: key (type: string)
                      sort order: +
                      Map-reduce partition columns: key (type: string)
                      Statistics: Num rows: 500 Data size: 5312 Basic stats: COMPLETE Column stats: NONE
                      value expressions: substr(value, 5) (type: string)
            Execution mode: vectorized
        Reducer 3 
            Execution mode: vectorized
            Reduce Operator Tree:
              Select Operator
                expressions: KEY.reducesinkkey0 (type: string), VALUE._col0 (type: double)
                outputColumnNames: _col0, _col1
                Statistics: Num rows: 250 Data size: 2656 Basic stats: COMPLETE Column stats: NONE
                Limit
                  Number of rows: 10
                  Statistics: Num rows: 10 Data size: 100 Basic stats: COMPLETE Column stats: NONE
                  Select Operator
                    expressions: UDFToInteger(_col0) (type: int), CAST( _col1 AS STRING) (type: string)
                    outputColumnNames: _col0, _col1
                    Statistics: Num rows: 10 Data size: 100 Basic stats: COMPLETE Column stats: NONE
                    File Output Operator
                      compressed: true
                      Statistics: Num rows: 10 Data size: 100 Basic stats: COMPLETE Column stats: NONE
                      table:
                          input format: org.apache.hadoop.mapred.TextInputFormat
                          output format: org.apache.hadoop.hive.ql.io.HiveIgnoreKeyTextOutputFormat
                          serde: org.apache.hadoop.hive.serde2.lazy.LazySimpleSerDe
                          name: default.dest1_n170
        Reducer 4 
            Execution mode: vectorized
            Reduce Operator Tree:
              Select Operator
                expressions: KEY.reducesinkkey0 (type: string), VALUE._col0 (type: double)
                outputColumnNames: _col0, _col1
                Statistics: Num rows: 250 Data size: 2656 Basic stats: COMPLETE Column stats: NONE
                Limit
                  Number of rows: 10
                  Statistics: Num rows: 10 Data size: 100 Basic stats: COMPLETE Column stats: NONE
                  Select Operator
                    expressions: UDFToInteger(_col0) (type: int), CAST( _col1 AS STRING) (type: string)
                    outputColumnNames: _col0, _col1
                    Statistics: Num rows: 10 Data size: 100 Basic stats: COMPLETE Column stats: NONE
                    File Output Operator
                      compressed: true
                      Statistics: Num rows: 10 Data size: 100 Basic stats: COMPLETE Column stats: NONE
                      table:
                          input format: org.apache.hadoop.mapred.TextInputFormat
                          output format: org.apache.hadoop.hive.ql.io.HiveIgnoreKeyTextOutputFormat
                          serde: org.apache.hadoop.hive.serde2.lazy.LazySimpleSerDe
                          name: default.dest2_n42
        Reducer 5 
            Reduce Operator Tree:
              Forward
                Statistics: Num rows: 500 Data size: 5312 Basic stats: COMPLETE Column stats: NONE
                Group By Operator
                  aggregations: sum(VALUE._col0)
                  keys: KEY._col0 (type: string)
                  mode: complete
                  outputColumnNames: _col0, _col1
                  Statistics: Num rows: 250 Data size: 2656 Basic stats: COMPLETE Column stats: NONE
                  Reduce Output Operator
                    key expressions: _col0 (type: string)
                    sort order: +
                    Statistics: Num rows: 250 Data size: 2656 Basic stats: COMPLETE Column stats: NONE
                    TopN Hash Memory Usage: 0.1
                    value expressions: _col1 (type: double)

  Stage: Stage-0
    Move Operator
      tables:
          replace: true
          table:
              input format: org.apache.hadoop.mapred.TextInputFormat
              output format: org.apache.hadoop.hive.ql.io.HiveIgnoreKeyTextOutputFormat
              serde: org.apache.hadoop.hive.serde2.lazy.LazySimpleSerDe
              name: default.dest1_n170

  Stage: Stage-3
    Stats Work
      Basic Stats Work:

  Stage: Stage-1
    Move Operator
      tables:
          replace: true
          table:
              input format: org.apache.hadoop.mapred.TextInputFormat
              output format: org.apache.hadoop.hive.ql.io.HiveIgnoreKeyTextOutputFormat
              serde: org.apache.hadoop.hive.serde2.lazy.LazySimpleSerDe
              name: default.dest2_n42

  Stage: Stage-4
    Stats Work
      Basic Stats Work:

PREHOOK: query: FROM SRC
INSERT OVERWRITE TABLE DEST1_n170 SELECT SRC.key, sum(SUBSTR(SRC.value,5)) GROUP BY SRC.key ORDER BY SRC.key limit 10
INSERT OVERWRITE TABLE DEST2_n42 SELECT SRC.key, sum(SUBSTR(SRC.value,5)) GROUP BY SRC.key ORDER BY SRC.key limit 10
PREHOOK: type: QUERY
PREHOOK: Input: default@src
PREHOOK: Output: default@dest1_n170
PREHOOK: Output: default@dest2_n42
POSTHOOK: query: FROM SRC
INSERT OVERWRITE TABLE DEST1_n170 SELECT SRC.key, sum(SUBSTR(SRC.value,5)) GROUP BY SRC.key ORDER BY SRC.key limit 10
INSERT OVERWRITE TABLE DEST2_n42 SELECT SRC.key, sum(SUBSTR(SRC.value,5)) GROUP BY SRC.key ORDER BY SRC.key limit 10
POSTHOOK: type: QUERY
POSTHOOK: Input: default@src
POSTHOOK: Output: default@dest1_n170
POSTHOOK: Output: default@dest2_n42
POSTHOOK: Lineage: dest1_n170.key EXPRESSION [(src)src.FieldSchema(name:key, type:string, comment:default), ]
POSTHOOK: Lineage: dest1_n170.value EXPRESSION [(src)src.FieldSchema(name:value, type:string, comment:default), ]
POSTHOOK: Lineage: dest2_n42.key EXPRESSION [(src)src.FieldSchema(name:key, type:string, comment:default), ]
POSTHOOK: Lineage: dest2_n42.value EXPRESSION [(src)src.FieldSchema(name:value, type:string, comment:default), ]
PREHOOK: query: SELECT DEST1_n170.* FROM DEST1_n170
PREHOOK: type: QUERY
PREHOOK: Input: default@dest1_n170
#### A masked pattern was here ####
POSTHOOK: query: SELECT DEST1_n170.* FROM DEST1_n170
POSTHOOK: type: QUERY
POSTHOOK: Input: default@dest1_n170
#### A masked pattern was here ####
0	0.0
10	10.0
100	200.0
103	206.0
104	208.0
105	105.0
11	11.0
111	111.0
113	226.0
114	114.0
PREHOOK: query: SELECT DEST2_n42.* FROM DEST2_n42
PREHOOK: type: QUERY
PREHOOK: Input: default@dest2_n42
#### A masked pattern was here ####
POSTHOOK: query: SELECT DEST2_n42.* FROM DEST2_n42
POSTHOOK: type: QUERY
POSTHOOK: Input: default@dest2_n42
#### A masked pattern was here ####
0	0.0
10	10.0
100	200.0
103	206.0
104	208.0
105	105.0
11	11.0
111	111.0
113	226.0
114	114.0
