PREHOOK: query: -- SORT_QUERY_RESULTS
-- try the query without indexing, with manual indexing, and with automatic indexing

EXPLAIN SELECT a.key, b.key FROM src a JOIN src b ON (a.value = b.value) WHERE a.key > 80 AND a.key < 100 AND b.key > 70 AND b.key < 90
PREHOOK: type: QUERY
POSTHOOK: query: -- SORT_QUERY_RESULTS
-- try the query without indexing, with manual indexing, and with automatic indexing

EXPLAIN SELECT a.key, b.key FROM src a JOIN src b ON (a.value = b.value) WHERE a.key > 80 AND a.key < 100 AND b.key > 70 AND b.key < 90
POSTHOOK: type: QUERY
STAGE DEPENDENCIES:
  Stage-1 is a root stage
  Stage-0 depends on stages: Stage-1

STAGE PLANS:
  Stage: Stage-1
    Spark
      Edges:
        Reducer 2 <- Map 1 (PARTITION-LEVEL SORT, 2), Map 3 (PARTITION-LEVEL SORT, 2)
#### A masked pattern was here ####
      Vertices:
        Map 1 
            Map Operator Tree:
                TableScan
                  alias: a
                  Statistics: Num rows: 500 Data size: 5312 Basic stats: COMPLETE Column stats: NONE
                  Filter Operator
                    predicate: ((value is not null and (key > 80)) and (key < 100)) (type: boolean)
                    Statistics: Num rows: 27 Data size: 286 Basic stats: COMPLETE Column stats: NONE
                    Reduce Output Operator
                      key expressions: value (type: string)
                      sort order: +
                      Map-reduce partition columns: value (type: string)
                      Statistics: Num rows: 27 Data size: 286 Basic stats: COMPLETE Column stats: NONE
                      value expressions: key (type: string)
        Map 3 
            Map Operator Tree:
                TableScan
                  alias: b
                  Statistics: Num rows: 500 Data size: 5312 Basic stats: COMPLETE Column stats: NONE
                  Filter Operator
                    predicate: ((value is not null and (key > 70)) and (key < 90)) (type: boolean)
                    Statistics: Num rows: 27 Data size: 286 Basic stats: COMPLETE Column stats: NONE
                    Reduce Output Operator
                      key expressions: value (type: string)
                      sort order: +
                      Map-reduce partition columns: value (type: string)
                      Statistics: Num rows: 27 Data size: 286 Basic stats: COMPLETE Column stats: NONE
                      value expressions: key (type: string)
        Reducer 2 
            Reduce Operator Tree:
              Join Operator
                condition map:
                     Inner Join 0 to 1
                keys:
                  0 value (type: string)
                  1 value (type: string)
                outputColumnNames: _col0, _col5
                Statistics: Num rows: 29 Data size: 314 Basic stats: COMPLETE Column stats: NONE
                Select Operator
                  expressions: _col0 (type: string), _col5 (type: string)
                  outputColumnNames: _col0, _col1
                  Statistics: Num rows: 29 Data size: 314 Basic stats: COMPLETE Column stats: NONE
                  File Output Operator
                    compressed: false
                    Statistics: Num rows: 29 Data size: 314 Basic stats: COMPLETE Column stats: NONE
                    table:
                        input format: org.apache.hadoop.mapred.TextInputFormat
                        output format: org.apache.hadoop.hive.ql.io.HiveIgnoreKeyTextOutputFormat
                        serde: org.apache.hadoop.hive.serde2.lazy.LazySimpleSerDe

  Stage: Stage-0
    Fetch Operator
      limit: -1
      Processor Tree:
        ListSink

PREHOOK: query: SELECT a.key, b.key FROM src a JOIN src b ON (a.value = b.value) WHERE a.key > 80 AND a.key < 100 AND b.key > 70 AND b.key < 90
PREHOOK: type: QUERY
PREHOOK: Input: default@src
#### A masked pattern was here ####
POSTHOOK: query: SELECT a.key, b.key FROM src a JOIN src b ON (a.value = b.value) WHERE a.key > 80 AND a.key < 100 AND b.key > 70 AND b.key < 90
POSTHOOK: type: QUERY
POSTHOOK: Input: default@src
#### A masked pattern was here ####
82	82
83	83
83	83
83	83
83	83
84	84
84	84
84	84
84	84
85	85
86	86
87	87
PREHOOK: query: CREATE INDEX src_index ON TABLE src(key) as 'BITMAP' WITH DEFERRED REBUILD
PREHOOK: type: CREATEINDEX
PREHOOK: Input: default@src
POSTHOOK: query: CREATE INDEX src_index ON TABLE src(key) as 'BITMAP' WITH DEFERRED REBUILD
POSTHOOK: type: CREATEINDEX
POSTHOOK: Input: default@src
POSTHOOK: Output: default@default__src_src_index__
PREHOOK: query: ALTER INDEX src_index ON src REBUILD
PREHOOK: type: ALTERINDEX_REBUILD
PREHOOK: Input: default@src
PREHOOK: Output: default@default__src_src_index__
POSTHOOK: query: ALTER INDEX src_index ON src REBUILD
POSTHOOK: type: ALTERINDEX_REBUILD
POSTHOOK: Input: default@src
POSTHOOK: Output: default@default__src_src_index__
POSTHOOK: Lineage: default__src_src_index__._bitmaps EXPRESSION [(src)src.FieldSchema(name:ROW__OFFSET__INSIDE__BLOCK, type:bigint, comment:), ]
POSTHOOK: Lineage: default__src_src_index__._bucketname SIMPLE [(src)src.FieldSchema(name:INPUT__FILE__NAME, type:string, comment:), ]
POSTHOOK: Lineage: default__src_src_index__._offset SIMPLE [(src)src.FieldSchema(name:BLOCK__OFFSET__INSIDE__FILE, type:bigint, comment:), ]
POSTHOOK: Lineage: default__src_src_index__.key SIMPLE [(src)src.FieldSchema(name:key, type:string, comment:default), ]
PREHOOK: query: EXPLAIN SELECT a.key, b.key FROM src a JOIN src b ON (a.value = b.value) WHERE a.key > 80 AND a.key < 100 AND b.key > 70 AND b.key < 90
PREHOOK: type: QUERY
POSTHOOK: query: EXPLAIN SELECT a.key, b.key FROM src a JOIN src b ON (a.value = b.value) WHERE a.key > 80 AND a.key < 100 AND b.key > 70 AND b.key < 90
POSTHOOK: type: QUERY
STAGE DEPENDENCIES:
  Stage-1 is a root stage
  Stage-0 depends on stages: Stage-1

STAGE PLANS:
  Stage: Stage-1
    Spark
      Edges:
        Reducer 2 <- Map 1 (PARTITION-LEVEL SORT, 2), Map 3 (PARTITION-LEVEL SORT, 2)
#### A masked pattern was here ####
      Vertices:
        Map 1 
            Map Operator Tree:
                TableScan
                  alias: a
                  filterExpr: ((value is not null and (key > 80)) and (key < 100)) (type: boolean)
                  Statistics: Num rows: 500 Data size: 5312 Basic stats: COMPLETE Column stats: NONE
                  Filter Operator
                    predicate: ((value is not null and (key > 80)) and (key < 100)) (type: boolean)
                    Statistics: Num rows: 27 Data size: 286 Basic stats: COMPLETE Column stats: NONE
                    Reduce Output Operator
                      key expressions: value (type: string)
                      sort order: +
                      Map-reduce partition columns: value (type: string)
                      Statistics: Num rows: 27 Data size: 286 Basic stats: COMPLETE Column stats: NONE
                      value expressions: key (type: string)
        Map 3 
            Map Operator Tree:
                TableScan
                  alias: b
                  filterExpr: ((value is not null and (key > 70)) and (key < 90)) (type: boolean)
                  Statistics: Num rows: 500 Data size: 5312 Basic stats: COMPLETE Column stats: NONE
                  Filter Operator
                    predicate: ((value is not null and (key > 70)) and (key < 90)) (type: boolean)
                    Statistics: Num rows: 27 Data size: 286 Basic stats: COMPLETE Column stats: NONE
                    Reduce Output Operator
                      key expressions: value (type: string)
                      sort order: +
                      Map-reduce partition columns: value (type: string)
                      Statistics: Num rows: 27 Data size: 286 Basic stats: COMPLETE Column stats: NONE
                      value expressions: key (type: string)
        Reducer 2 
            Reduce Operator Tree:
              Join Operator
                condition map:
                     Inner Join 0 to 1
                keys:
                  0 value (type: string)
                  1 value (type: string)
                outputColumnNames: _col0, _col5
                Statistics: Num rows: 29 Data size: 314 Basic stats: COMPLETE Column stats: NONE
                Select Operator
                  expressions: _col0 (type: string), _col5 (type: string)
                  outputColumnNames: _col0, _col1
                  Statistics: Num rows: 29 Data size: 314 Basic stats: COMPLETE Column stats: NONE
                  File Output Operator
                    compressed: false
                    Statistics: Num rows: 29 Data size: 314 Basic stats: COMPLETE Column stats: NONE
                    table:
                        input format: org.apache.hadoop.mapred.TextInputFormat
                        output format: org.apache.hadoop.hive.ql.io.HiveIgnoreKeyTextOutputFormat
                        serde: org.apache.hadoop.hive.serde2.lazy.LazySimpleSerDe

  Stage: Stage-0
    Fetch Operator
      limit: -1
      Processor Tree:
        ListSink

PREHOOK: query: SELECT a.key, b.key FROM src a JOIN src b ON (a.value = b.value) WHERE a.key > 80 AND a.key < 100 AND b.key > 70 AND b.key < 90
PREHOOK: type: QUERY
PREHOOK: Input: default@src
#### A masked pattern was here ####
POSTHOOK: query: SELECT a.key, b.key FROM src a JOIN src b ON (a.value = b.value) WHERE a.key > 80 AND a.key < 100 AND b.key > 70 AND b.key < 90
POSTHOOK: type: QUERY
POSTHOOK: Input: default@src
#### A masked pattern was here ####
82	82
83	83
83	83
83	83
83	83
84	84
84	84
84	84
84	84
85	85
86	86
87	87
PREHOOK: query: DROP INDEX src_index on src
PREHOOK: type: DROPINDEX
PREHOOK: Input: default@src
POSTHOOK: query: DROP INDEX src_index on src
POSTHOOK: type: DROPINDEX
POSTHOOK: Input: default@src
