PREHOOK: query: CREATE TABLE dest1(key INT, value STRING) STORED AS TEXTFILE
PREHOOK: type: CREATETABLE
PREHOOK: Output: database:default
PREHOOK: Output: default@dest1
POSTHOOK: query: CREATE TABLE dest1(key INT, value STRING) STORED AS TEXTFILE
POSTHOOK: type: CREATETABLE
POSTHOOK: Output: database:default
POSTHOOK: Output: default@dest1
PREHOOK: query: EXPLAIN
FROM (
  FROM src
  SELECT TRANSFORM(src.key, src.value, 1+2, 3+4)
         USING 'cat'
  CLUSTER BY key
) tmap
INSERT OVERWRITE TABLE dest1 SELECT tmap.key, regexp_replace(tmap.value,'\t','+') WHERE tmap.key < 100
PREHOOK: type: QUERY
POSTHOOK: query: EXPLAIN
FROM (
  FROM src
  SELECT TRANSFORM(src.key, src.value, 1+2, 3+4)
         USING 'cat'
  CLUSTER BY key
) tmap
INSERT OVERWRITE TABLE dest1 SELECT tmap.key, regexp_replace(tmap.value,'\t','+') WHERE tmap.key < 100
POSTHOOK: type: QUERY
STAGE DEPENDENCIES:
  Stage-1 is a root stage
  Stage-0 depends on stages: Stage-1
  Stage-2 depends on stages: Stage-0

STAGE PLANS:
  Stage: Stage-1
    Spark
      Edges:
        Reducer 2 <- Map 1 (PARTITION-LEVEL SORT, 2)
#### A masked pattern was here ####
      Vertices:
        Map 1 
            Map Operator Tree:
                TableScan
                  alias: src
                  Statistics: Num rows: 500 Data size: 5312 Basic stats: COMPLETE Column stats: NONE
                  Select Operator
                    expressions: key (type: string), value (type: string), 3 (type: int), 7 (type: int)
                    outputColumnNames: _col0, _col1, _col2, _col3
                    Statistics: Num rows: 500 Data size: 5312 Basic stats: COMPLETE Column stats: NONE
                    Transform Operator
                      command: cat
                      output info:
                          input format: org.apache.hadoop.mapred.TextInputFormat
                          output format: org.apache.hadoop.hive.ql.io.HiveIgnoreKeyTextOutputFormat
                          serde: org.apache.hadoop.hive.serde2.lazy.LazySimpleSerDe
                      Statistics: Num rows: 500 Data size: 5312 Basic stats: COMPLETE Column stats: NONE
                      Filter Operator
                        predicate: (_col0 < 100) (type: boolean)
                        Statistics: Num rows: 166 Data size: 1763 Basic stats: COMPLETE Column stats: NONE
                        Reduce Output Operator
                          key expressions: _col0 (type: string)
                          sort order: +
                          Map-reduce partition columns: _col0 (type: string)
                          Statistics: Num rows: 166 Data size: 1763 Basic stats: COMPLETE Column stats: NONE
                          value expressions: _col0 (type: string), _col1 (type: string)
        Reducer 2 
            Reduce Operator Tree:
              Select Operator
                expressions: UDFToInteger(VALUE._col0) (type: int), regexp_replace(VALUE._col1, '	', '+') (type: string)
                outputColumnNames: _col0, _col1
                Statistics: Num rows: 166 Data size: 1763 Basic stats: COMPLETE Column stats: NONE
                File Output Operator
                  compressed: false
                  Statistics: Num rows: 166 Data size: 1763 Basic stats: COMPLETE Column stats: NONE
                  table:
                      input format: org.apache.hadoop.mapred.TextInputFormat
                      output format: org.apache.hadoop.hive.ql.io.HiveIgnoreKeyTextOutputFormat
                      serde: org.apache.hadoop.hive.serde2.lazy.LazySimpleSerDe
                      name: default.dest1

  Stage: Stage-0
    Move Operator
      tables:
          replace: true
          table:
              input format: org.apache.hadoop.mapred.TextInputFormat
              output format: org.apache.hadoop.hive.ql.io.HiveIgnoreKeyTextOutputFormat
              serde: org.apache.hadoop.hive.serde2.lazy.LazySimpleSerDe
              name: default.dest1

  Stage: Stage-2
    Stats Work
      Basic Stats Work:

PREHOOK: query: FROM (
  FROM src
  SELECT TRANSFORM(src.key, src.value, 1+2, 3+4)
         USING 'cat'
  CLUSTER BY key
) tmap
INSERT OVERWRITE TABLE dest1 SELECT tmap.key, regexp_replace(tmap.value,'\t','+') WHERE tmap.key < 100
PREHOOK: type: QUERY
PREHOOK: Input: default@src
PREHOOK: Output: default@dest1
POSTHOOK: query: FROM (
  FROM src
  SELECT TRANSFORM(src.key, src.value, 1+2, 3+4)
         USING 'cat'
  CLUSTER BY key
) tmap
INSERT OVERWRITE TABLE dest1 SELECT tmap.key, regexp_replace(tmap.value,'\t','+') WHERE tmap.key < 100
POSTHOOK: type: QUERY
POSTHOOK: Input: default@src
POSTHOOK: Output: default@dest1
POSTHOOK: Lineage: dest1.key SCRIPT [(src)src.FieldSchema(name:key, type:string, comment:default), (src)src.FieldSchema(name:value, type:string, comment:default), ]
POSTHOOK: Lineage: dest1.value SCRIPT [(src)src.FieldSchema(name:key, type:string, comment:default), (src)src.FieldSchema(name:value, type:string, comment:default), ]
PREHOOK: query: SELECT dest1.* FROM dest1
PREHOOK: type: QUERY
PREHOOK: Input: default@dest1
#### A masked pattern was here ####
POSTHOOK: query: SELECT dest1.* FROM dest1
POSTHOOK: type: QUERY
POSTHOOK: Input: default@dest1
#### A masked pattern was here ####
0	val_0+3+7
0	val_0+3+7
0	val_0+3+7
10	val_10+3+7
11	val_11+3+7
12	val_12+3+7
12	val_12+3+7
15	val_15+3+7
15	val_15+3+7
17	val_17+3+7
18	val_18+3+7
18	val_18+3+7
19	val_19+3+7
2	val_2+3+7
20	val_20+3+7
24	val_24+3+7
24	val_24+3+7
26	val_26+3+7
26	val_26+3+7
27	val_27+3+7
28	val_28+3+7
30	val_30+3+7
33	val_33+3+7
34	val_34+3+7
35	val_35+3+7
35	val_35+3+7
35	val_35+3+7
37	val_37+3+7
37	val_37+3+7
4	val_4+3+7
41	val_41+3+7
42	val_42+3+7
42	val_42+3+7
43	val_43+3+7
44	val_44+3+7
47	val_47+3+7
5	val_5+3+7
5	val_5+3+7
5	val_5+3+7
51	val_51+3+7
51	val_51+3+7
53	val_53+3+7
54	val_54+3+7
57	val_57+3+7
58	val_58+3+7
58	val_58+3+7
64	val_64+3+7
65	val_65+3+7
66	val_66+3+7
67	val_67+3+7
67	val_67+3+7
69	val_69+3+7
70	val_70+3+7
70	val_70+3+7
70	val_70+3+7
72	val_72+3+7
72	val_72+3+7
74	val_74+3+7
76	val_76+3+7
76	val_76+3+7
77	val_77+3+7
78	val_78+3+7
8	val_8+3+7
80	val_80+3+7
82	val_82+3+7
83	val_83+3+7
83	val_83+3+7
84	val_84+3+7
84	val_84+3+7
85	val_85+3+7
86	val_86+3+7
87	val_87+3+7
9	val_9+3+7
90	val_90+3+7
90	val_90+3+7
90	val_90+3+7
92	val_92+3+7
95	val_95+3+7
95	val_95+3+7
96	val_96+3+7
97	val_97+3+7
97	val_97+3+7
98	val_98+3+7
98	val_98+3+7
