PREHOOK: query: explain select p1.p_size, p2.p_size 
from part p1 left outer join part p2 on p1.p_partkey = p2.p_partkey 
  right outer join part p3 on p2.p_partkey = p3.p_partkey and 
              p1.p_size > 10
PREHOOK: type: QUERY
PREHOOK: Input: default@part
#### A masked pattern was here ####
POSTHOOK: query: explain select p1.p_size, p2.p_size 
from part p1 left outer join part p2 on p1.p_partkey = p2.p_partkey 
  right outer join part p3 on p2.p_partkey = p3.p_partkey and 
              p1.p_size > 10
POSTHOOK: type: QUERY
POSTHOOK: Input: default@part
#### A masked pattern was here ####
STAGE DEPENDENCIES:
  Stage-1 is a root stage
  Stage-0 depends on stages: Stage-1

STAGE PLANS:
  Stage: Stage-1
    Spark
      Edges:
<<<<<<< HEAD
<<<<<<< HEAD
        Reducer 2 <- Map 1 (PARTITION-LEVEL SORT, 2), Map 3 (PARTITION-LEVEL SORT, 2), Map 4 (PARTITION-LEVEL SORT, 2)
=======
        Reducer 2 <- Map 1 (PARTITION-LEVEL SORT, 2), Map 4 (PARTITION-LEVEL SORT, 2)
        Reducer 3 <- Map 5 (PARTITION-LEVEL SORT, 2), Reducer 2 (PARTITION-LEVEL SORT, 2)
>>>>>>> 6664c44c79... HIVE-21793: CBO retrieves column stats even if hive.stats.fetch.column.stats is set to false (Jesus Camacho Rodriguez, reviewed by Vineet Garg)
=======
        Reducer 2 <- Map 1 (PARTITION-LEVEL SORT, 2), Reducer 4 (PARTITION-LEVEL SORT, 2)
        Reducer 4 <- Map 3 (PARTITION-LEVEL SORT, 2), Map 5 (PARTITION-LEVEL SORT, 2)
>>>>>>> 558876462d2... HIVE-20850: Push case conditional from projections to dimension tables if possible (Zoltan Haindrich via Jesus Camacho Rodriguez)
#### A masked pattern was here ####
      Vertices:
        Map 1 
            Map Operator Tree:
                TableScan
<<<<<<< HEAD
<<<<<<< HEAD
                  alias: p1
                  filterExpr: (p_size > 10) (type: boolean)
                  Statistics: Num rows: 26 Data size: 3147 Basic stats: COMPLETE Column stats: NONE
                  Filter Operator
                    predicate: ((p_size > 10) and p_partkey is not null) (type: boolean)
                    Statistics: Num rows: 8 Data size: 968 Basic stats: COMPLETE Column stats: NONE
                    Select Operator
                      expressions: p_partkey (type: int), p_size (type: int)
                      outputColumnNames: _col0, _col1
                      Statistics: Num rows: 8 Data size: 968 Basic stats: COMPLETE Column stats: NONE
                      Reduce Output Operator
                        key expressions: _col0 (type: int)
                        null sort order: a
                        sort order: +
                        Map-reduce partition columns: _col0 (type: int)
                        Statistics: Num rows: 8 Data size: 968 Basic stats: COMPLETE Column stats: NONE
                        value expressions: _col1 (type: int)
=======
                  alias: p3
                  Statistics: Num rows: 26 Data size: 3147 Basic stats: COMPLETE Column stats: NONE
                  Select Operator
                    expressions: p_partkey (type: int)
                    outputColumnNames: _col0
                    Statistics: Num rows: 26 Data size: 3147 Basic stats: COMPLETE Column stats: NONE
                    Reduce Output Operator
                      key expressions: _col0 (type: int)
                      null sort order: a
                      sort order: +
                      Map-reduce partition columns: _col0 (type: int)
                      Statistics: Num rows: 26 Data size: 3147 Basic stats: COMPLETE Column stats: NONE
>>>>>>> 558876462d2... HIVE-20850: Push case conditional from projections to dimension tables if possible (Zoltan Haindrich via Jesus Camacho Rodriguez)
            Execution mode: vectorized
        Map 3 
            Map Operator Tree:
                TableScan
=======
>>>>>>> 6664c44c79... HIVE-21793: CBO retrieves column stats even if hive.stats.fetch.column.stats is set to false (Jesus Camacho Rodriguez, reviewed by Vineet Garg)
                  alias: p2
                  Statistics: Num rows: 26 Data size: 3147 Basic stats: COMPLETE Column stats: NONE
                  Filter Operator
                    predicate: p_partkey is not null (type: boolean)
                    Statistics: Num rows: 26 Data size: 3147 Basic stats: COMPLETE Column stats: NONE
                    Select Operator
                      expressions: p_partkey (type: int), p_size (type: int)
                      outputColumnNames: _col0, _col1
                      Statistics: Num rows: 26 Data size: 3147 Basic stats: COMPLETE Column stats: NONE
                      Reduce Output Operator
                        key expressions: _col0 (type: int)
                        null sort order: a
                        sort order: +
                        Map-reduce partition columns: _col0 (type: int)
                        Statistics: Num rows: 26 Data size: 3147 Basic stats: COMPLETE Column stats: NONE
                        value expressions: _col1 (type: int)
            Execution mode: vectorized
        Map 4 
            Map Operator Tree:
                TableScan
                  alias: p3
                  Statistics: Num rows: 26 Data size: 3147 Basic stats: COMPLETE Column stats: NONE
                  Select Operator
                    expressions: p_partkey (type: int)
                    outputColumnNames: _col0
                    Statistics: Num rows: 26 Data size: 3147 Basic stats: COMPLETE Column stats: NONE
                    Reduce Output Operator
                      key expressions: _col0 (type: int)
                      sort order: +
                      Map-reduce partition columns: _col0 (type: int)
                      Statistics: Num rows: 26 Data size: 3147 Basic stats: COMPLETE Column stats: NONE
            Execution mode: vectorized
        Map 5 
            Map Operator Tree:
                TableScan
                  alias: p1
                  filterExpr: (p_size > 10) (type: boolean)
                  Statistics: Num rows: 26 Data size: 3147 Basic stats: COMPLETE Column stats: NONE
                  Filter Operator
                    predicate: (p_size > 10) (type: boolean)
                    Statistics: Num rows: 8 Data size: 968 Basic stats: COMPLETE Column stats: NONE
                    Select Operator
                      expressions: p_partkey (type: int), p_size (type: int)
                      outputColumnNames: _col0, _col1
                      Statistics: Num rows: 8 Data size: 968 Basic stats: COMPLETE Column stats: NONE
                      Reduce Output Operator
                        key expressions: _col0 (type: int)
                        null sort order: a
                        sort order: +
                        Map-reduce partition columns: _col0 (type: int)
                        Statistics: Num rows: 8 Data size: 968 Basic stats: COMPLETE Column stats: NONE
                        value expressions: _col1 (type: int)
            Execution mode: vectorized
        Reducer 2 
            Reduce Operator Tree:
              Join Operator
                condition map:
<<<<<<< HEAD
                     Inner Join 0 to 1
<<<<<<< HEAD
                     Right Outer Join 1 to 2
=======
                     Left Outer Join 0 to 1
>>>>>>> 558876462d2... HIVE-20850: Push case conditional from projections to dimension tables if possible (Zoltan Haindrich via Jesus Camacho Rodriguez)
                keys:
                  0 _col0 (type: int)
                  1 _col1 (type: int)
                outputColumnNames: _col1, _col3
                Statistics: Num rows: 30 Data size: 3807 Basic stats: COMPLETE Column stats: NONE
                Select Operator
                  expressions: _col1 (type: int), _col3 (type: int)
                  outputColumnNames: _col0, _col1
                  Statistics: Num rows: 30 Data size: 3807 Basic stats: COMPLETE Column stats: NONE
                  File Output Operator
                    compressed: false
<<<<<<< HEAD
                    Statistics: Num rows: 57 Data size: 6923 Basic stats: COMPLETE Column stats: NONE
=======
                keys:
                  0 _col0 (type: int)
                  1 _col0 (type: int)
                outputColumnNames: _col0, _col1, _col3
                Statistics: Num rows: 28 Data size: 3461 Basic stats: COMPLETE Column stats: NONE
                Select Operator
                  expressions: _col3 (type: int), _col0 (type: int), _col1 (type: int)
                  outputColumnNames: _col0, _col1, _col2
                  Statistics: Num rows: 28 Data size: 3461 Basic stats: COMPLETE Column stats: NONE
                  Reduce Output Operator
                    key expressions: _col1 (type: int)
                    null sort order: a
                    sort order: +
                    Map-reduce partition columns: _col1 (type: int)
                    Statistics: Num rows: 28 Data size: 3461 Basic stats: COMPLETE Column stats: NONE
                    value expressions: _col0 (type: int), _col2 (type: int)
        Reducer 3 
            Reduce Operator Tree:
              Join Operator
                condition map:
                     Right Outer Join 0 to 1
                keys:
                  0 _col1 (type: int)
                  1 _col0 (type: int)
                outputColumnNames: _col0, _col2
                Statistics: Num rows: 30 Data size: 3807 Basic stats: COMPLETE Column stats: NONE
                Select Operator
                  expressions: _col0 (type: int), _col2 (type: int)
                  outputColumnNames: _col0, _col1
                  Statistics: Num rows: 30 Data size: 3807 Basic stats: COMPLETE Column stats: NONE
                  File Output Operator
                    compressed: false
                    Statistics: Num rows: 30 Data size: 3807 Basic stats: COMPLETE Column stats: NONE
>>>>>>> 6664c44c79... HIVE-21793: CBO retrieves column stats even if hive.stats.fetch.column.stats is set to false (Jesus Camacho Rodriguez, reviewed by Vineet Garg)
=======
                    Statistics: Num rows: 30 Data size: 3807 Basic stats: COMPLETE Column stats: NONE
>>>>>>> 558876462d2... HIVE-20850: Push case conditional from projections to dimension tables if possible (Zoltan Haindrich via Jesus Camacho Rodriguez)
                    table:
                        input format: org.apache.hadoop.mapred.SequenceFileInputFormat
                        output format: org.apache.hadoop.hive.ql.io.HiveSequenceFileOutputFormat
                        serde: org.apache.hadoop.hive.serde2.lazy.LazySimpleSerDe
        Reducer 4 
            Reduce Operator Tree:
              Join Operator
                condition map:
                     Right Outer Join 0 to 1
                keys:
                  0 _col0 (type: int)
                  1 _col0 (type: int)
                outputColumnNames: _col0, _col1, _col3
                Statistics: Num rows: 28 Data size: 3461 Basic stats: COMPLETE Column stats: NONE
                Select Operator
                  expressions: _col3 (type: int), _col0 (type: int), _col1 (type: int)
                  outputColumnNames: _col0, _col1, _col2
                  Statistics: Num rows: 28 Data size: 3461 Basic stats: COMPLETE Column stats: NONE
                  Reduce Output Operator
                    key expressions: _col1 (type: int)
                    sort order: +
                    Map-reduce partition columns: _col1 (type: int)
                    Statistics: Num rows: 28 Data size: 3461 Basic stats: COMPLETE Column stats: NONE
                    value expressions: _col0 (type: int), _col2 (type: int)

  Stage: Stage-0
    Fetch Operator
      limit: -1
      Processor Tree:
        ListSink

PREHOOK: query: explain select p1.p_size, p2.p_size 
from part p1 left outer join part p2 on p1.p_partkey = p2.p_partkey 
  right outer join part p3 on p2.p_partkey = p3.p_partkey and 
              p1.p_size > 10 and p1.p_size > p2.p_size + 10
PREHOOK: type: QUERY
PREHOOK: Input: default@part
#### A masked pattern was here ####
POSTHOOK: query: explain select p1.p_size, p2.p_size 
from part p1 left outer join part p2 on p1.p_partkey = p2.p_partkey 
  right outer join part p3 on p2.p_partkey = p3.p_partkey and 
              p1.p_size > 10 and p1.p_size > p2.p_size + 10
POSTHOOK: type: QUERY
POSTHOOK: Input: default@part
#### A masked pattern was here ####
STAGE DEPENDENCIES:
  Stage-1 is a root stage
  Stage-0 depends on stages: Stage-1

STAGE PLANS:
  Stage: Stage-1
    Spark
      Edges:
<<<<<<< HEAD
<<<<<<< HEAD
        Reducer 2 <- Map 1 (PARTITION-LEVEL SORT, 2), Map 3 (PARTITION-LEVEL SORT, 2), Map 4 (PARTITION-LEVEL SORT, 2)
=======
        Reducer 2 <- Map 1 (PARTITION-LEVEL SORT, 2), Map 4 (PARTITION-LEVEL SORT, 2)
        Reducer 3 <- Map 5 (PARTITION-LEVEL SORT, 2), Reducer 2 (PARTITION-LEVEL SORT, 2)
>>>>>>> 6664c44c79... HIVE-21793: CBO retrieves column stats even if hive.stats.fetch.column.stats is set to false (Jesus Camacho Rodriguez, reviewed by Vineet Garg)
=======
        Reducer 2 <- Map 1 (PARTITION-LEVEL SORT, 2), Reducer 4 (PARTITION-LEVEL SORT, 2)
        Reducer 4 <- Map 3 (PARTITION-LEVEL SORT, 2), Map 5 (PARTITION-LEVEL SORT, 2)
>>>>>>> 558876462d2... HIVE-20850: Push case conditional from projections to dimension tables if possible (Zoltan Haindrich via Jesus Camacho Rodriguez)
#### A masked pattern was here ####
      Vertices:
        Map 1 
            Map Operator Tree:
                TableScan
<<<<<<< HEAD
<<<<<<< HEAD
                  alias: p1
                  filterExpr: ((p_size > 10) and p_partkey is not null) (type: boolean)
=======
                  alias: p3
>>>>>>> 558876462d2... HIVE-20850: Push case conditional from projections to dimension tables if possible (Zoltan Haindrich via Jesus Camacho Rodriguez)
                  Statistics: Num rows: 26 Data size: 3147 Basic stats: COMPLETE Column stats: NONE
                  Select Operator
                    expressions: p_partkey (type: int)
                    outputColumnNames: _col0
                    Statistics: Num rows: 26 Data size: 3147 Basic stats: COMPLETE Column stats: NONE
                    Reduce Output Operator
                      key expressions: _col0 (type: int)
                      null sort order: a
                      sort order: +
                      Map-reduce partition columns: _col0 (type: int)
                      Statistics: Num rows: 26 Data size: 3147 Basic stats: COMPLETE Column stats: NONE
            Execution mode: vectorized
        Map 3 
            Map Operator Tree:
                TableScan
=======
>>>>>>> 6664c44c79... HIVE-21793: CBO retrieves column stats even if hive.stats.fetch.column.stats is set to false (Jesus Camacho Rodriguez, reviewed by Vineet Garg)
                  alias: p2
                  filterExpr: p_partkey is not null (type: boolean)
                  Statistics: Num rows: 26 Data size: 3147 Basic stats: COMPLETE Column stats: NONE
                  Filter Operator
                    predicate: (p_partkey is not null and p_size is not null) (type: boolean)
                    Statistics: Num rows: 26 Data size: 3147 Basic stats: COMPLETE Column stats: NONE
                    Select Operator
                      expressions: p_partkey (type: int), p_size (type: int), (p_size + 10) (type: int)
                      outputColumnNames: _col0, _col1, _col2
                      Statistics: Num rows: 26 Data size: 3147 Basic stats: COMPLETE Column stats: NONE
                      Reduce Output Operator
                        key expressions: _col0 (type: int)
                        null sort order: a
                        sort order: +
                        Map-reduce partition columns: _col0 (type: int)
                        Statistics: Num rows: 26 Data size: 3147 Basic stats: COMPLETE Column stats: NONE
                        value expressions: _col1 (type: int), _col2 (type: int)
            Execution mode: vectorized
        Map 5 
            Map Operator Tree:
                TableScan
                  alias: p1
                  filterExpr: ((p_size > 10) and p_partkey is not null) (type: boolean)
                  Statistics: Num rows: 26 Data size: 3147 Basic stats: COMPLETE Column stats: NONE
                  Filter Operator
                    predicate: ((p_size > 10) and p_partkey is not null) (type: boolean)
                    Statistics: Num rows: 8 Data size: 968 Basic stats: COMPLETE Column stats: NONE
                    Select Operator
                      expressions: p_partkey (type: int), p_size (type: int)
                      outputColumnNames: _col0, _col1
                      Statistics: Num rows: 8 Data size: 968 Basic stats: COMPLETE Column stats: NONE
                      Reduce Output Operator
                        key expressions: _col0 (type: int)
                        sort order: +
                        Map-reduce partition columns: _col0 (type: int)
                        Statistics: Num rows: 8 Data size: 968 Basic stats: COMPLETE Column stats: NONE
                        value expressions: _col1 (type: int)
            Execution mode: vectorized
        Map 5 
            Map Operator Tree:
                TableScan
                  alias: p3
                  Statistics: Num rows: 26 Data size: 3147 Basic stats: COMPLETE Column stats: NONE
                  Select Operator
                    expressions: p_partkey (type: int)
                    outputColumnNames: _col0
                    Statistics: Num rows: 26 Data size: 3147 Basic stats: COMPLETE Column stats: NONE
                    Reduce Output Operator
                      key expressions: _col0 (type: int)
                      sort order: +
                      Map-reduce partition columns: _col0 (type: int)
                      Statistics: Num rows: 26 Data size: 3147 Basic stats: COMPLETE Column stats: NONE
            Execution mode: vectorized
        Reducer 2 
            Reduce Operator Tree:
              Join Operator
                condition map:
<<<<<<< HEAD
                     Inner Join 0 to 1
<<<<<<< HEAD
                     Right Outer Join 1 to 2
=======
                     Left Outer Join 0 to 1
>>>>>>> 558876462d2... HIVE-20850: Push case conditional from projections to dimension tables if possible (Zoltan Haindrich via Jesus Camacho Rodriguez)
                keys:
                  0 _col0 (type: int)
                  1 _col1 (type: int)
                outputColumnNames: _col1, _col3
                Statistics: Num rows: 28 Data size: 3461 Basic stats: COMPLETE Column stats: NONE
                Select Operator
                  expressions: _col1 (type: int), _col3 (type: int)
                  outputColumnNames: _col0, _col1
                  Statistics: Num rows: 28 Data size: 3461 Basic stats: COMPLETE Column stats: NONE
                  File Output Operator
                    compressed: false
<<<<<<< HEAD
                    Statistics: Num rows: 57 Data size: 6923 Basic stats: COMPLETE Column stats: NONE
=======
                keys:
                  0 _col0 (type: int)
                  1 _col0 (type: int)
                outputColumnNames: _col0, _col1, _col2, _col4
                Statistics: Num rows: 28 Data size: 3461 Basic stats: COMPLETE Column stats: NONE
                Filter Operator
                  predicate: (_col4 > _col2) (type: boolean)
                  Statistics: Num rows: 9 Data size: 1112 Basic stats: COMPLETE Column stats: NONE
                  Select Operator
                    expressions: _col4 (type: int), _col0 (type: int), _col1 (type: int)
                    outputColumnNames: _col0, _col1, _col2
                    Statistics: Num rows: 9 Data size: 1112 Basic stats: COMPLETE Column stats: NONE
                    Reduce Output Operator
                      key expressions: _col1 (type: int)
                      null sort order: a
                      sort order: +
                      Map-reduce partition columns: _col1 (type: int)
                      Statistics: Num rows: 9 Data size: 1112 Basic stats: COMPLETE Column stats: NONE
                      value expressions: _col0 (type: int), _col2 (type: int)
        Reducer 3 
            Reduce Operator Tree:
              Join Operator
                condition map:
                     Right Outer Join 0 to 1
                keys:
                  0 _col1 (type: int)
                  1 _col0 (type: int)
                outputColumnNames: _col0, _col2
                Statistics: Num rows: 28 Data size: 3461 Basic stats: COMPLETE Column stats: NONE
                Select Operator
                  expressions: _col0 (type: int), _col2 (type: int)
                  outputColumnNames: _col0, _col1
                  Statistics: Num rows: 28 Data size: 3461 Basic stats: COMPLETE Column stats: NONE
                  File Output Operator
                    compressed: false
                    Statistics: Num rows: 28 Data size: 3461 Basic stats: COMPLETE Column stats: NONE
>>>>>>> 6664c44c79... HIVE-21793: CBO retrieves column stats even if hive.stats.fetch.column.stats is set to false (Jesus Camacho Rodriguez, reviewed by Vineet Garg)
=======
                    Statistics: Num rows: 28 Data size: 3461 Basic stats: COMPLETE Column stats: NONE
>>>>>>> 558876462d2... HIVE-20850: Push case conditional from projections to dimension tables if possible (Zoltan Haindrich via Jesus Camacho Rodriguez)
                    table:
                        input format: org.apache.hadoop.mapred.SequenceFileInputFormat
                        output format: org.apache.hadoop.hive.ql.io.HiveSequenceFileOutputFormat
                        serde: org.apache.hadoop.hive.serde2.lazy.LazySimpleSerDe
        Reducer 4 
            Reduce Operator Tree:
              Join Operator
                condition map:
                     Inner Join 0 to 1
                keys:
                  0 _col0 (type: int)
                  1 _col0 (type: int)
                outputColumnNames: _col0, _col1, _col2, _col4
                Statistics: Num rows: 28 Data size: 3461 Basic stats: COMPLETE Column stats: NONE
                Filter Operator
                  predicate: (_col4 > _col2) (type: boolean)
                  Statistics: Num rows: 9 Data size: 1112 Basic stats: COMPLETE Column stats: NONE
                  Select Operator
                    expressions: _col4 (type: int), _col0 (type: int), _col1 (type: int)
                    outputColumnNames: _col0, _col1, _col2
                    Statistics: Num rows: 9 Data size: 1112 Basic stats: COMPLETE Column stats: NONE
                    Reduce Output Operator
                      key expressions: _col1 (type: int)
                      sort order: +
                      Map-reduce partition columns: _col1 (type: int)
                      Statistics: Num rows: 9 Data size: 1112 Basic stats: COMPLETE Column stats: NONE
                      value expressions: _col0 (type: int), _col2 (type: int)

  Stage: Stage-0
    Fetch Operator
      limit: -1
      Processor Tree:
        ListSink

