PREHOOK: query: create table s1 as select * from src where key = 0
PREHOOK: type: CREATETABLE_AS_SELECT
PREHOOK: Input: default@src
PREHOOK: Output: database:default
PREHOOK: Output: default@s1
POSTHOOK: query: create table s1 as select * from src where key = 0
POSTHOOK: type: CREATETABLE_AS_SELECT
POSTHOOK: Input: default@src
POSTHOOK: Output: database:default
POSTHOOK: Output: default@s1
POSTHOOK: Lineage: s1.key SIMPLE [(src)src.FieldSchema(name:key, type:string, comment:default), ]
POSTHOOK: Lineage: s1.value SIMPLE [(src)src.FieldSchema(name:value, type:string, comment:default), ]
PREHOOK: query: EXPLAIN
SELECT * FROM s1 src1 LEFT OUTER JOIN s1 src2 ON (src1.key = src2.key AND src2.key > 10)
PREHOOK: type: QUERY
POSTHOOK: query: EXPLAIN
SELECT * FROM s1 src1 LEFT OUTER JOIN s1 src2 ON (src1.key = src2.key AND src2.key > 10)
POSTHOOK: type: QUERY
STAGE DEPENDENCIES:
  Stage-1 is a root stage
  Stage-0 depends on stages: Stage-1

STAGE PLANS:
  Stage: Stage-1
    Spark
      Edges:
        Reducer 2 <- Map 1 (PARTITION-LEVEL SORT, 2), Map 3 (PARTITION-LEVEL SORT, 2)
#### A masked pattern was here ####
      Vertices:
        Map 1 
            Map Operator Tree:
                TableScan
                  alias: src1
                  Statistics: Num rows: 3 Data size: 21 Basic stats: COMPLETE Column stats: NONE
                  Select Operator
                    expressions: key (type: string), value (type: string)
                    outputColumnNames: _col0, _col1
                    Statistics: Num rows: 3 Data size: 21 Basic stats: COMPLETE Column stats: NONE
                    Reduce Output Operator
                      key expressions: _col0 (type: string)
                      sort order: +
                      Map-reduce partition columns: _col0 (type: string)
                      Statistics: Num rows: 3 Data size: 21 Basic stats: COMPLETE Column stats: NONE
                      value expressions: _col1 (type: string)
        Map 3 
            Map Operator Tree:
                TableScan
                  alias: src2
                  Statistics: Num rows: 3 Data size: 21 Basic stats: COMPLETE Column stats: NONE
                  Filter Operator
                    predicate: (UDFToDouble(key) > 10.0) (type: boolean)
                    Statistics: Num rows: 1 Data size: 7 Basic stats: COMPLETE Column stats: NONE
                    Select Operator
                      expressions: key (type: string), value (type: string)
                      outputColumnNames: _col0, _col1
                      Statistics: Num rows: 1 Data size: 7 Basic stats: COMPLETE Column stats: NONE
                      Reduce Output Operator
                        key expressions: _col0 (type: string)
                        sort order: +
                        Map-reduce partition columns: _col0 (type: string)
                        Statistics: Num rows: 1 Data size: 7 Basic stats: COMPLETE Column stats: NONE
                        value expressions: _col1 (type: string)
        Reducer 2 
            Reduce Operator Tree:
              Join Operator
                condition map:
                     Left Outer Join 0 to 1
                keys:
                  0 _col0 (type: string)
                  1 _col0 (type: string)
                outputColumnNames: _col0, _col1, _col2, _col3
                Statistics: Num rows: 3 Data size: 23 Basic stats: COMPLETE Column stats: NONE
                File Output Operator
                  compressed: false
                  Statistics: Num rows: 3 Data size: 23 Basic stats: COMPLETE Column stats: NONE
                  table:
                      input format: org.apache.hadoop.mapred.SequenceFileInputFormat
                      output format: org.apache.hadoop.hive.ql.io.HiveSequenceFileOutputFormat
                      serde: org.apache.hadoop.hive.serde2.lazy.LazySimpleSerDe

  Stage: Stage-0
    Fetch Operator
      limit: -1
      Processor Tree:
        ListSink

PREHOOK: query: SELECT * FROM s1 src1 LEFT OUTER JOIN s1 src2 ON (src1.key = src2.key AND src2.key > 10)
PREHOOK: type: QUERY
PREHOOK: Input: default@s1
#### A masked pattern was here ####
POSTHOOK: query: SELECT * FROM s1 src1 LEFT OUTER JOIN s1 src2 ON (src1.key = src2.key AND src2.key > 10)
POSTHOOK: type: QUERY
POSTHOOK: Input: default@s1
#### A masked pattern was here ####
0	val_0	NULL	NULL
0	val_0	NULL	NULL
0	val_0	NULL	NULL
PREHOOK: query: EXPLAIN
SELECT * FROM s1 src1 LEFT OUTER JOIN s1 src2 ON (src1.key = src2.key AND src2.key > 10)
PREHOOK: type: QUERY
POSTHOOK: query: EXPLAIN
SELECT * FROM s1 src1 LEFT OUTER JOIN s1 src2 ON (src1.key = src2.key AND src2.key > 10)
POSTHOOK: type: QUERY
STAGE DEPENDENCIES:
  Stage-1 is a root stage
  Stage-0 depends on stages: Stage-1

STAGE PLANS:
  Stage: Stage-1
    Spark
      Edges:
        Reducer 2 <- Map 1 (PARTITION-LEVEL SORT, 2), Map 3 (PARTITION-LEVEL SORT, 2)
#### A masked pattern was here ####
      Vertices:
        Map 1 
            Map Operator Tree:
                TableScan
                  alias: src1
                  Statistics: Num rows: 3 Data size: 21 Basic stats: COMPLETE Column stats: NONE
                  Select Operator
                    expressions: key (type: string), value (type: string)
                    outputColumnNames: _col0, _col1
                    Statistics: Num rows: 3 Data size: 21 Basic stats: COMPLETE Column stats: NONE
                    Reduce Output Operator
                      key expressions: _col0 (type: string)
                      sort order: +
                      Map-reduce partition columns: _col0 (type: string)
                      Statistics: Num rows: 3 Data size: 21 Basic stats: COMPLETE Column stats: NONE
                      value expressions: _col1 (type: string)
        Map 3 
            Map Operator Tree:
                TableScan
                  alias: src2
                  Statistics: Num rows: 3 Data size: 21 Basic stats: COMPLETE Column stats: NONE
                  Filter Operator
                    predicate: (UDFToDouble(key) > 10.0) (type: boolean)
                    Statistics: Num rows: 1 Data size: 7 Basic stats: COMPLETE Column stats: NONE
                    Select Operator
                      expressions: key (type: string), value (type: string)
                      outputColumnNames: _col0, _col1
                      Statistics: Num rows: 1 Data size: 7 Basic stats: COMPLETE Column stats: NONE
                      Reduce Output Operator
                        key expressions: _col0 (type: string)
                        sort order: +
                        Map-reduce partition columns: _col0 (type: string)
                        Statistics: Num rows: 1 Data size: 7 Basic stats: COMPLETE Column stats: NONE
                        value expressions: _col1 (type: string)
        Reducer 2 
            Reduce Operator Tree:
              Join Operator
                condition map:
                     Left Outer Join 0 to 1
                keys:
                  0 _col0 (type: string)
                  1 _col0 (type: string)
                outputColumnNames: _col0, _col1, _col2, _col3
                Statistics: Num rows: 3 Data size: 23 Basic stats: COMPLETE Column stats: NONE
                File Output Operator
                  compressed: false
                  Statistics: Num rows: 3 Data size: 23 Basic stats: COMPLETE Column stats: NONE
                  table:
                      input format: org.apache.hadoop.mapred.SequenceFileInputFormat
                      output format: org.apache.hadoop.hive.ql.io.HiveSequenceFileOutputFormat
                      serde: org.apache.hadoop.hive.serde2.lazy.LazySimpleSerDe

  Stage: Stage-0
    Fetch Operator
      limit: -1
      Processor Tree:
        ListSink

PREHOOK: query: SELECT * FROM s1 src1 LEFT OUTER JOIN s1 src2 ON (src1.key = src2.key AND src2.key > 10)
PREHOOK: type: QUERY
PREHOOK: Input: default@s1
#### A masked pattern was here ####
POSTHOOK: query: SELECT * FROM s1 src1 LEFT OUTER JOIN s1 src2 ON (src1.key = src2.key AND src2.key > 10)
POSTHOOK: type: QUERY
POSTHOOK: Input: default@s1
#### A masked pattern was here ####
0	val_0	NULL	NULL
0	val_0	NULL	NULL
0	val_0	NULL	NULL
