PREHOOK: query: create table src_multi1_n5 like src
PREHOOK: type: CREATETABLE
PREHOOK: Output: database:default
PREHOOK: Output: default@src_multi1_n5
POSTHOOK: query: create table src_multi1_n5 like src
POSTHOOK: type: CREATETABLE
POSTHOOK: Output: database:default
POSTHOOK: Output: default@src_multi1_n5
PREHOOK: query: create table src_multi2_n6 like src
PREHOOK: type: CREATETABLE
PREHOOK: Output: database:default
PREHOOK: Output: default@src_multi2_n6
POSTHOOK: query: create table src_multi2_n6 like src
POSTHOOK: type: CREATETABLE
POSTHOOK: Output: database:default
POSTHOOK: Output: default@src_multi2_n6
PREHOOK: query: explain
from src
insert overwrite table src_multi1_n5 select * where key < 10
insert overwrite table src_multi2_n6 select * where key > 10 and key < 20
PREHOOK: type: QUERY
POSTHOOK: query: explain
from src
insert overwrite table src_multi1_n5 select * where key < 10
insert overwrite table src_multi2_n6 select * where key > 10 and key < 20
POSTHOOK: type: QUERY
STAGE DEPENDENCIES:
  Stage-2 is a root stage
  Stage-0 depends on stages: Stage-2
  Stage-3 depends on stages: Stage-0
  Stage-1 depends on stages: Stage-2
  Stage-4 depends on stages: Stage-1

STAGE PLANS:
  Stage: Stage-2
    Spark
#### A masked pattern was here ####
      Vertices:
        Map 1 
            Map Operator Tree:
                TableScan
                  alias: src
                  Statistics: Num rows: 500 Data size: 5312 Basic stats: COMPLETE Column stats: NONE
                  Filter Operator
                    predicate: (key < 10) (type: boolean)
                    Statistics: Num rows: 166 Data size: 1763 Basic stats: COMPLETE Column stats: NONE
                    Select Operator
                      expressions: key (type: string), value (type: string)
                      outputColumnNames: _col0, _col1
                      Statistics: Num rows: 166 Data size: 1763 Basic stats: COMPLETE Column stats: NONE
                      File Output Operator
                        compressed: false
                        Statistics: Num rows: 166 Data size: 1763 Basic stats: COMPLETE Column stats: NONE
                        table:
                            input format: org.apache.hadoop.mapred.TextInputFormat
                            output format: org.apache.hadoop.hive.ql.io.HiveIgnoreKeyTextOutputFormat
                            serde: org.apache.hadoop.hive.serde2.lazy.LazySimpleSerDe
                            name: default.src_multi1_n5
                  Filter Operator
                    predicate: ((key < 20) and (key > 10)) (type: boolean)
                    Statistics: Num rows: 55 Data size: 584 Basic stats: COMPLETE Column stats: NONE
                    Select Operator
                      expressions: key (type: string), value (type: string)
                      outputColumnNames: _col0, _col1
                      Statistics: Num rows: 55 Data size: 584 Basic stats: COMPLETE Column stats: NONE
                      File Output Operator
                        compressed: false
                        Statistics: Num rows: 55 Data size: 584 Basic stats: COMPLETE Column stats: NONE
                        table:
                            input format: org.apache.hadoop.mapred.TextInputFormat
                            output format: org.apache.hadoop.hive.ql.io.HiveIgnoreKeyTextOutputFormat
                            serde: org.apache.hadoop.hive.serde2.lazy.LazySimpleSerDe
                            name: default.src_multi2_n6
            Execution mode: vectorized

  Stage: Stage-0
    Move Operator
      tables:
          replace: true
          table:
              input format: org.apache.hadoop.mapred.TextInputFormat
              output format: org.apache.hadoop.hive.ql.io.HiveIgnoreKeyTextOutputFormat
              serde: org.apache.hadoop.hive.serde2.lazy.LazySimpleSerDe
              name: default.src_multi1_n5

  Stage: Stage-3
    Stats Work
      Basic Stats Work:

  Stage: Stage-1
    Move Operator
      tables:
          replace: true
          table:
              input format: org.apache.hadoop.mapred.TextInputFormat
              output format: org.apache.hadoop.hive.ql.io.HiveIgnoreKeyTextOutputFormat
              serde: org.apache.hadoop.hive.serde2.lazy.LazySimpleSerDe
              name: default.src_multi2_n6

  Stage: Stage-4
    Stats Work
      Basic Stats Work:

PREHOOK: query: from src
insert overwrite table src_multi1_n5 select * where key < 10
insert overwrite table src_multi2_n6 select * where key > 10 and key < 20
PREHOOK: type: QUERY
PREHOOK: Input: default@src
PREHOOK: Output: default@src_multi1_n5
PREHOOK: Output: default@src_multi2_n6
POSTHOOK: query: from src
insert overwrite table src_multi1_n5 select * where key < 10
insert overwrite table src_multi2_n6 select * where key > 10 and key < 20
POSTHOOK: type: QUERY
POSTHOOK: Input: default@src
POSTHOOK: Output: default@src_multi1_n5
POSTHOOK: Output: default@src_multi2_n6
POSTHOOK: Lineage: src_multi1_n5.key SIMPLE [(src)src.FieldSchema(name:key, type:string, comment:default), ]
POSTHOOK: Lineage: src_multi1_n5.value SIMPLE [(src)src.FieldSchema(name:value, type:string, comment:default), ]
POSTHOOK: Lineage: src_multi2_n6.key SIMPLE [(src)src.FieldSchema(name:key, type:string, comment:default), ]
POSTHOOK: Lineage: src_multi2_n6.value SIMPLE [(src)src.FieldSchema(name:value, type:string, comment:default), ]
PREHOOK: query: select * from src_multi1_n5
PREHOOK: type: QUERY
PREHOOK: Input: default@src_multi1_n5
#### A masked pattern was here ####
POSTHOOK: query: select * from src_multi1_n5
POSTHOOK: type: QUERY
POSTHOOK: Input: default@src_multi1_n5
#### A masked pattern was here ####
0	val_0
0	val_0
0	val_0
2	val_2
4	val_4
5	val_5
5	val_5
5	val_5
8	val_8
9	val_9
PREHOOK: query: select * from src_multi2_n6
PREHOOK: type: QUERY
PREHOOK: Input: default@src_multi2_n6
#### A masked pattern was here ####
POSTHOOK: query: select * from src_multi2_n6
POSTHOOK: type: QUERY
POSTHOOK: Input: default@src_multi2_n6
#### A masked pattern was here ####
11	val_11
12	val_12
12	val_12
15	val_15
15	val_15
17	val_17
18	val_18
18	val_18
19	val_19
PREHOOK: query: explain
from src
insert overwrite table src_multi1_n5 select * where key < 10
insert overwrite table src_multi2_n6 select * where key > 10 and key < 20
PREHOOK: type: QUERY
POSTHOOK: query: explain
from src
insert overwrite table src_multi1_n5 select * where key < 10
insert overwrite table src_multi2_n6 select * where key > 10 and key < 20
POSTHOOK: type: QUERY
STAGE DEPENDENCIES:
  Stage-2 is a root stage
  Stage-0 depends on stages: Stage-2
  Stage-3 depends on stages: Stage-0
  Stage-1 depends on stages: Stage-2
  Stage-4 depends on stages: Stage-1

STAGE PLANS:
  Stage: Stage-2
    Spark
#### A masked pattern was here ####
      Vertices:
        Map 1 
            Map Operator Tree:
                TableScan
                  alias: src
                  Statistics: Num rows: 500 Data size: 5312 Basic stats: COMPLETE Column stats: NONE
                  Filter Operator
                    predicate: (key < 10) (type: boolean)
                    Statistics: Num rows: 166 Data size: 1763 Basic stats: COMPLETE Column stats: NONE
                    Select Operator
                      expressions: key (type: string), value (type: string)
                      outputColumnNames: _col0, _col1
                      Statistics: Num rows: 166 Data size: 1763 Basic stats: COMPLETE Column stats: NONE
                      File Output Operator
                        compressed: false
                        Statistics: Num rows: 166 Data size: 1763 Basic stats: COMPLETE Column stats: NONE
                        table:
                            input format: org.apache.hadoop.mapred.TextInputFormat
                            output format: org.apache.hadoop.hive.ql.io.HiveIgnoreKeyTextOutputFormat
                            serde: org.apache.hadoop.hive.serde2.lazy.LazySimpleSerDe
                            name: default.src_multi1_n5
                  Filter Operator
                    predicate: ((key < 20) and (key > 10)) (type: boolean)
                    Statistics: Num rows: 55 Data size: 584 Basic stats: COMPLETE Column stats: NONE
                    Select Operator
                      expressions: key (type: string), value (type: string)
                      outputColumnNames: _col0, _col1
                      Statistics: Num rows: 55 Data size: 584 Basic stats: COMPLETE Column stats: NONE
                      File Output Operator
                        compressed: false
                        Statistics: Num rows: 55 Data size: 584 Basic stats: COMPLETE Column stats: NONE
                        table:
                            input format: org.apache.hadoop.mapred.TextInputFormat
                            output format: org.apache.hadoop.hive.ql.io.HiveIgnoreKeyTextOutputFormat
                            serde: org.apache.hadoop.hive.serde2.lazy.LazySimpleSerDe
                            name: default.src_multi2_n6
            Execution mode: vectorized

  Stage: Stage-0
    Move Operator
      tables:
          replace: true
          table:
              input format: org.apache.hadoop.mapred.TextInputFormat
              output format: org.apache.hadoop.hive.ql.io.HiveIgnoreKeyTextOutputFormat
              serde: org.apache.hadoop.hive.serde2.lazy.LazySimpleSerDe
              name: default.src_multi1_n5

  Stage: Stage-3
    Stats Work
      Basic Stats Work:

  Stage: Stage-1
    Move Operator
      tables:
          replace: true
          table:
              input format: org.apache.hadoop.mapred.TextInputFormat
              output format: org.apache.hadoop.hive.ql.io.HiveIgnoreKeyTextOutputFormat
              serde: org.apache.hadoop.hive.serde2.lazy.LazySimpleSerDe
              name: default.src_multi2_n6

  Stage: Stage-4
    Stats Work
      Basic Stats Work:

PREHOOK: query: from src
insert overwrite table src_multi1_n5 select * where key < 10
insert overwrite table src_multi2_n6 select * where key > 10 and key < 20
PREHOOK: type: QUERY
PREHOOK: Input: default@src
PREHOOK: Output: default@src_multi1_n5
PREHOOK: Output: default@src_multi2_n6
POSTHOOK: query: from src
insert overwrite table src_multi1_n5 select * where key < 10
insert overwrite table src_multi2_n6 select * where key > 10 and key < 20
POSTHOOK: type: QUERY
POSTHOOK: Input: default@src
POSTHOOK: Output: default@src_multi1_n5
POSTHOOK: Output: default@src_multi2_n6
POSTHOOK: Lineage: src_multi1_n5.key SIMPLE [(src)src.FieldSchema(name:key, type:string, comment:default), ]
POSTHOOK: Lineage: src_multi1_n5.value SIMPLE [(src)src.FieldSchema(name:value, type:string, comment:default), ]
POSTHOOK: Lineage: src_multi2_n6.key SIMPLE [(src)src.FieldSchema(name:key, type:string, comment:default), ]
POSTHOOK: Lineage: src_multi2_n6.value SIMPLE [(src)src.FieldSchema(name:value, type:string, comment:default), ]
PREHOOK: query: select * from src_multi1_n5
PREHOOK: type: QUERY
PREHOOK: Input: default@src_multi1_n5
#### A masked pattern was here ####
POSTHOOK: query: select * from src_multi1_n5
POSTHOOK: type: QUERY
POSTHOOK: Input: default@src_multi1_n5
#### A masked pattern was here ####
0	val_0
0	val_0
0	val_0
2	val_2
4	val_4
5	val_5
5	val_5
5	val_5
8	val_8
9	val_9
PREHOOK: query: select * from src_multi2_n6
PREHOOK: type: QUERY
PREHOOK: Input: default@src_multi2_n6
#### A masked pattern was here ####
POSTHOOK: query: select * from src_multi2_n6
POSTHOOK: type: QUERY
POSTHOOK: Input: default@src_multi2_n6
#### A masked pattern was here ####
11	val_11
12	val_12
12	val_12
15	val_15
15	val_15
17	val_17
18	val_18
18	val_18
19	val_19
PREHOOK: query: explain
from src
insert overwrite table src_multi1_n5 select * where key < 10
insert overwrite table src_multi2_n6 select * where key > 10 and key < 20
PREHOOK: type: QUERY
POSTHOOK: query: explain
from src
insert overwrite table src_multi1_n5 select * where key < 10
insert overwrite table src_multi2_n6 select * where key > 10 and key < 20
POSTHOOK: type: QUERY
STAGE DEPENDENCIES:
  Stage-2 is a root stage
  Stage-0 depends on stages: Stage-2
  Stage-3 depends on stages: Stage-0
  Stage-1 depends on stages: Stage-2
  Stage-4 depends on stages: Stage-1

STAGE PLANS:
  Stage: Stage-2
    Spark
#### A masked pattern was here ####
      Vertices:
        Map 1 
            Map Operator Tree:
                TableScan
                  alias: src
                  Statistics: Num rows: 500 Data size: 5312 Basic stats: COMPLETE Column stats: NONE
                  Filter Operator
                    predicate: (key < 10) (type: boolean)
                    Statistics: Num rows: 166 Data size: 1763 Basic stats: COMPLETE Column stats: NONE
                    Select Operator
                      expressions: key (type: string), value (type: string)
                      outputColumnNames: _col0, _col1
                      Statistics: Num rows: 166 Data size: 1763 Basic stats: COMPLETE Column stats: NONE
                      File Output Operator
                        compressed: false
                        Statistics: Num rows: 166 Data size: 1763 Basic stats: COMPLETE Column stats: NONE
                        table:
                            input format: org.apache.hadoop.mapred.TextInputFormat
                            output format: org.apache.hadoop.hive.ql.io.HiveIgnoreKeyTextOutputFormat
                            serde: org.apache.hadoop.hive.serde2.lazy.LazySimpleSerDe
                            name: default.src_multi1_n5
                  Filter Operator
                    predicate: ((key < 20) and (key > 10)) (type: boolean)
                    Statistics: Num rows: 55 Data size: 584 Basic stats: COMPLETE Column stats: NONE
                    Select Operator
                      expressions: key (type: string), value (type: string)
                      outputColumnNames: _col0, _col1
                      Statistics: Num rows: 55 Data size: 584 Basic stats: COMPLETE Column stats: NONE
                      File Output Operator
                        compressed: false
                        Statistics: Num rows: 55 Data size: 584 Basic stats: COMPLETE Column stats: NONE
                        table:
                            input format: org.apache.hadoop.mapred.TextInputFormat
                            output format: org.apache.hadoop.hive.ql.io.HiveIgnoreKeyTextOutputFormat
                            serde: org.apache.hadoop.hive.serde2.lazy.LazySimpleSerDe
                            name: default.src_multi2_n6
            Execution mode: vectorized

  Stage: Stage-0
    Move Operator
      tables:
          replace: true
          table:
              input format: org.apache.hadoop.mapred.TextInputFormat
              output format: org.apache.hadoop.hive.ql.io.HiveIgnoreKeyTextOutputFormat
              serde: org.apache.hadoop.hive.serde2.lazy.LazySimpleSerDe
              name: default.src_multi1_n5

  Stage: Stage-3
    Stats Work
      Basic Stats Work:

  Stage: Stage-1
    Move Operator
      tables:
          replace: true
          table:
              input format: org.apache.hadoop.mapred.TextInputFormat
              output format: org.apache.hadoop.hive.ql.io.HiveIgnoreKeyTextOutputFormat
              serde: org.apache.hadoop.hive.serde2.lazy.LazySimpleSerDe
              name: default.src_multi2_n6

  Stage: Stage-4
    Stats Work
      Basic Stats Work:

PREHOOK: query: from src
insert overwrite table src_multi1_n5 select * where key < 10
insert overwrite table src_multi2_n6 select * where key > 10 and key < 20
PREHOOK: type: QUERY
PREHOOK: Input: default@src
PREHOOK: Output: default@src_multi1_n5
PREHOOK: Output: default@src_multi2_n6
POSTHOOK: query: from src
insert overwrite table src_multi1_n5 select * where key < 10
insert overwrite table src_multi2_n6 select * where key > 10 and key < 20
POSTHOOK: type: QUERY
POSTHOOK: Input: default@src
POSTHOOK: Output: default@src_multi1_n5
POSTHOOK: Output: default@src_multi2_n6
POSTHOOK: Lineage: src_multi1_n5.key SIMPLE [(src)src.FieldSchema(name:key, type:string, comment:default), ]
POSTHOOK: Lineage: src_multi1_n5.value SIMPLE [(src)src.FieldSchema(name:value, type:string, comment:default), ]
POSTHOOK: Lineage: src_multi2_n6.key SIMPLE [(src)src.FieldSchema(name:key, type:string, comment:default), ]
POSTHOOK: Lineage: src_multi2_n6.value SIMPLE [(src)src.FieldSchema(name:value, type:string, comment:default), ]
PREHOOK: query: select * from src_multi1_n5
PREHOOK: type: QUERY
PREHOOK: Input: default@src_multi1_n5
#### A masked pattern was here ####
POSTHOOK: query: select * from src_multi1_n5
POSTHOOK: type: QUERY
POSTHOOK: Input: default@src_multi1_n5
#### A masked pattern was here ####
0	val_0
0	val_0
0	val_0
2	val_2
4	val_4
5	val_5
5	val_5
5	val_5
8	val_8
9	val_9
PREHOOK: query: select * from src_multi2_n6
PREHOOK: type: QUERY
PREHOOK: Input: default@src_multi2_n6
#### A masked pattern was here ####
POSTHOOK: query: select * from src_multi2_n6
POSTHOOK: type: QUERY
POSTHOOK: Input: default@src_multi2_n6
#### A masked pattern was here ####
11	val_11
12	val_12
12	val_12
15	val_15
15	val_15
17	val_17
18	val_18
18	val_18
19	val_19
PREHOOK: query: explain
from src
insert overwrite table src_multi1_n5 select * where key < 10
insert overwrite table src_multi2_n6 select * where key > 10 and key < 20
PREHOOK: type: QUERY
POSTHOOK: query: explain
from src
insert overwrite table src_multi1_n5 select * where key < 10
insert overwrite table src_multi2_n6 select * where key > 10 and key < 20
POSTHOOK: type: QUERY
STAGE DEPENDENCIES:
  Stage-2 is a root stage
  Stage-0 depends on stages: Stage-2
  Stage-3 depends on stages: Stage-0
  Stage-1 depends on stages: Stage-2
  Stage-4 depends on stages: Stage-1

STAGE PLANS:
  Stage: Stage-2
    Spark
#### A masked pattern was here ####
      Vertices:
        Map 1 
            Map Operator Tree:
                TableScan
                  alias: src
                  Statistics: Num rows: 500 Data size: 5312 Basic stats: COMPLETE Column stats: NONE
                  Filter Operator
                    predicate: (key < 10) (type: boolean)
                    Statistics: Num rows: 166 Data size: 1763 Basic stats: COMPLETE Column stats: NONE
                    Select Operator
                      expressions: key (type: string), value (type: string)
                      outputColumnNames: _col0, _col1
                      Statistics: Num rows: 166 Data size: 1763 Basic stats: COMPLETE Column stats: NONE
                      File Output Operator
                        compressed: false
                        Statistics: Num rows: 166 Data size: 1763 Basic stats: COMPLETE Column stats: NONE
                        table:
                            input format: org.apache.hadoop.mapred.TextInputFormat
                            output format: org.apache.hadoop.hive.ql.io.HiveIgnoreKeyTextOutputFormat
                            serde: org.apache.hadoop.hive.serde2.lazy.LazySimpleSerDe
                            name: default.src_multi1_n5
                  Filter Operator
                    predicate: ((key < 20) and (key > 10)) (type: boolean)
                    Statistics: Num rows: 55 Data size: 584 Basic stats: COMPLETE Column stats: NONE
                    Select Operator
                      expressions: key (type: string), value (type: string)
                      outputColumnNames: _col0, _col1
                      Statistics: Num rows: 55 Data size: 584 Basic stats: COMPLETE Column stats: NONE
                      File Output Operator
                        compressed: false
                        Statistics: Num rows: 55 Data size: 584 Basic stats: COMPLETE Column stats: NONE
                        table:
                            input format: org.apache.hadoop.mapred.TextInputFormat
                            output format: org.apache.hadoop.hive.ql.io.HiveIgnoreKeyTextOutputFormat
                            serde: org.apache.hadoop.hive.serde2.lazy.LazySimpleSerDe
                            name: default.src_multi2_n6
            Execution mode: vectorized

  Stage: Stage-0
    Move Operator
      tables:
          replace: true
          table:
              input format: org.apache.hadoop.mapred.TextInputFormat
              output format: org.apache.hadoop.hive.ql.io.HiveIgnoreKeyTextOutputFormat
              serde: org.apache.hadoop.hive.serde2.lazy.LazySimpleSerDe
              name: default.src_multi1_n5

  Stage: Stage-3
    Stats Work
      Basic Stats Work:

  Stage: Stage-1
    Move Operator
      tables:
          replace: true
          table:
              input format: org.apache.hadoop.mapred.TextInputFormat
              output format: org.apache.hadoop.hive.ql.io.HiveIgnoreKeyTextOutputFormat
              serde: org.apache.hadoop.hive.serde2.lazy.LazySimpleSerDe
              name: default.src_multi2_n6

  Stage: Stage-4
    Stats Work
      Basic Stats Work:

PREHOOK: query: from src
insert overwrite table src_multi1_n5 select * where key < 10
insert overwrite table src_multi2_n6 select * where key > 10 and key < 20
PREHOOK: type: QUERY
PREHOOK: Input: default@src
PREHOOK: Output: default@src_multi1_n5
PREHOOK: Output: default@src_multi2_n6
POSTHOOK: query: from src
insert overwrite table src_multi1_n5 select * where key < 10
insert overwrite table src_multi2_n6 select * where key > 10 and key < 20
POSTHOOK: type: QUERY
POSTHOOK: Input: default@src
POSTHOOK: Output: default@src_multi1_n5
POSTHOOK: Output: default@src_multi2_n6
POSTHOOK: Lineage: src_multi1_n5.key SIMPLE [(src)src.FieldSchema(name:key, type:string, comment:default), ]
POSTHOOK: Lineage: src_multi1_n5.value SIMPLE [(src)src.FieldSchema(name:value, type:string, comment:default), ]
POSTHOOK: Lineage: src_multi2_n6.key SIMPLE [(src)src.FieldSchema(name:key, type:string, comment:default), ]
POSTHOOK: Lineage: src_multi2_n6.value SIMPLE [(src)src.FieldSchema(name:value, type:string, comment:default), ]
PREHOOK: query: select * from src_multi1_n5
PREHOOK: type: QUERY
PREHOOK: Input: default@src_multi1_n5
#### A masked pattern was here ####
POSTHOOK: query: select * from src_multi1_n5
POSTHOOK: type: QUERY
POSTHOOK: Input: default@src_multi1_n5
#### A masked pattern was here ####
0	val_0
0	val_0
0	val_0
2	val_2
4	val_4
5	val_5
5	val_5
5	val_5
8	val_8
9	val_9
PREHOOK: query: select * from src_multi2_n6
PREHOOK: type: QUERY
PREHOOK: Input: default@src_multi2_n6
#### A masked pattern was here ####
POSTHOOK: query: select * from src_multi2_n6
POSTHOOK: type: QUERY
POSTHOOK: Input: default@src_multi2_n6
#### A masked pattern was here ####
11	val_11
12	val_12
12	val_12
15	val_15
15	val_15
17	val_17
18	val_18
18	val_18
19	val_19
PREHOOK: query: explain
from src
insert overwrite table src_multi1_n5 select * where key < 10 group by key, value
insert overwrite table src_multi2_n6 select * where key > 10 and key < 20 group by key, value
PREHOOK: type: QUERY
POSTHOOK: query: explain
from src
insert overwrite table src_multi1_n5 select * where key < 10 group by key, value
insert overwrite table src_multi2_n6 select * where key > 10 and key < 20 group by key, value
POSTHOOK: type: QUERY
STAGE DEPENDENCIES:
  Stage-2 is a root stage
  Stage-0 depends on stages: Stage-2
  Stage-3 depends on stages: Stage-0
  Stage-1 depends on stages: Stage-2
  Stage-4 depends on stages: Stage-1

STAGE PLANS:
  Stage: Stage-2
    Spark
      Edges:
        Reducer 2 <- Map 1 (PARTITION-LEVEL SORT, 2)
#### A masked pattern was here ####
      Vertices:
        Map 1 
            Map Operator Tree:
                TableScan
                  alias: src
                  Statistics: Num rows: 500 Data size: 5312 Basic stats: COMPLETE Column stats: NONE
                  Filter Operator
                    predicate: (((key > 10) and (key < 20)) or (key < 10)) (type: boolean)
                    Statistics: Num rows: 221 Data size: 2347 Basic stats: COMPLETE Column stats: NONE
                    Reduce Output Operator
                      key expressions: key (type: string), value (type: string)
                      sort order: ++
                      Map-reduce partition columns: key (type: string), value (type: string)
                      Statistics: Num rows: 221 Data size: 2347 Basic stats: COMPLETE Column stats: NONE
            Execution mode: vectorized
        Reducer 2 
            Reduce Operator Tree:
              Forward
                Statistics: Num rows: 221 Data size: 2347 Basic stats: COMPLETE Column stats: NONE
                Filter Operator
                  predicate: (KEY._col0 < 10) (type: boolean)
                  Statistics: Num rows: 73 Data size: 775 Basic stats: COMPLETE Column stats: NONE
                  Group By Operator
                    keys: KEY._col0 (type: string), KEY._col1 (type: string)
                    mode: complete
                    outputColumnNames: _col0, _col1
                    Statistics: Num rows: 36 Data size: 382 Basic stats: COMPLETE Column stats: NONE
                    File Output Operator
                      compressed: false
                      Statistics: Num rows: 36 Data size: 382 Basic stats: COMPLETE Column stats: NONE
                      table:
                          input format: org.apache.hadoop.mapred.TextInputFormat
                          output format: org.apache.hadoop.hive.ql.io.HiveIgnoreKeyTextOutputFormat
                          serde: org.apache.hadoop.hive.serde2.lazy.LazySimpleSerDe
                          name: default.src_multi1_n5
                Filter Operator
                  predicate: ((KEY._col0 < 20) and (KEY._col0 > 10)) (type: boolean)
                  Statistics: Num rows: 24 Data size: 254 Basic stats: COMPLETE Column stats: NONE
                  Group By Operator
                    keys: KEY._col0 (type: string), KEY._col1 (type: string)
                    mode: complete
                    outputColumnNames: _col0, _col1
                    Statistics: Num rows: 12 Data size: 127 Basic stats: COMPLETE Column stats: NONE
                    File Output Operator
                      compressed: false
                      Statistics: Num rows: 12 Data size: 127 Basic stats: COMPLETE Column stats: NONE
                      table:
                          input format: org.apache.hadoop.mapred.TextInputFormat
                          output format: org.apache.hadoop.hive.ql.io.HiveIgnoreKeyTextOutputFormat
                          serde: org.apache.hadoop.hive.serde2.lazy.LazySimpleSerDe
                          name: default.src_multi2_n6

  Stage: Stage-0
    Move Operator
      tables:
          replace: true
          table:
              input format: org.apache.hadoop.mapred.TextInputFormat
              output format: org.apache.hadoop.hive.ql.io.HiveIgnoreKeyTextOutputFormat
              serde: org.apache.hadoop.hive.serde2.lazy.LazySimpleSerDe
              name: default.src_multi1_n5

  Stage: Stage-3
    Stats Work
      Basic Stats Work:

  Stage: Stage-1
    Move Operator
      tables:
          replace: true
          table:
              input format: org.apache.hadoop.mapred.TextInputFormat
              output format: org.apache.hadoop.hive.ql.io.HiveIgnoreKeyTextOutputFormat
              serde: org.apache.hadoop.hive.serde2.lazy.LazySimpleSerDe
              name: default.src_multi2_n6

  Stage: Stage-4
    Stats Work
      Basic Stats Work:

PREHOOK: query: from src
insert overwrite table src_multi1_n5 select * where key < 10 group by key, value
insert overwrite table src_multi2_n6 select * where key > 10 and key < 20 group by key, value
PREHOOK: type: QUERY
PREHOOK: Input: default@src
PREHOOK: Output: default@src_multi1_n5
PREHOOK: Output: default@src_multi2_n6
POSTHOOK: query: from src
insert overwrite table src_multi1_n5 select * where key < 10 group by key, value
insert overwrite table src_multi2_n6 select * where key > 10 and key < 20 group by key, value
POSTHOOK: type: QUERY
POSTHOOK: Input: default@src
POSTHOOK: Output: default@src_multi1_n5
POSTHOOK: Output: default@src_multi2_n6
POSTHOOK: Lineage: src_multi1_n5.key SIMPLE [(src)src.FieldSchema(name:key, type:string, comment:default), ]
POSTHOOK: Lineage: src_multi1_n5.value SIMPLE [(src)src.FieldSchema(name:value, type:string, comment:default), ]
POSTHOOK: Lineage: src_multi2_n6.key SIMPLE [(src)src.FieldSchema(name:key, type:string, comment:default), ]
POSTHOOK: Lineage: src_multi2_n6.value SIMPLE [(src)src.FieldSchema(name:value, type:string, comment:default), ]
PREHOOK: query: select * from src_multi1_n5
PREHOOK: type: QUERY
PREHOOK: Input: default@src_multi1_n5
#### A masked pattern was here ####
POSTHOOK: query: select * from src_multi1_n5
POSTHOOK: type: QUERY
POSTHOOK: Input: default@src_multi1_n5
#### A masked pattern was here ####
0	val_0
2	val_2
4	val_4
5	val_5
8	val_8
9	val_9
PREHOOK: query: select * from src_multi2_n6
PREHOOK: type: QUERY
PREHOOK: Input: default@src_multi2_n6
#### A masked pattern was here ####
POSTHOOK: query: select * from src_multi2_n6
POSTHOOK: type: QUERY
POSTHOOK: Input: default@src_multi2_n6
#### A masked pattern was here ####
11	val_11
12	val_12
15	val_15
17	val_17
18	val_18
19	val_19
PREHOOK: query: explain
from src
insert overwrite table src_multi1_n5 select * where key < 10 group by key, value
insert overwrite table src_multi2_n6 select * where key > 10 and key < 20 group by key, value
PREHOOK: type: QUERY
POSTHOOK: query: explain
from src
insert overwrite table src_multi1_n5 select * where key < 10 group by key, value
insert overwrite table src_multi2_n6 select * where key > 10 and key < 20 group by key, value
POSTHOOK: type: QUERY
STAGE DEPENDENCIES:
  Stage-2 is a root stage
  Stage-0 depends on stages: Stage-2
  Stage-3 depends on stages: Stage-0
  Stage-1 depends on stages: Stage-2
  Stage-4 depends on stages: Stage-1

STAGE PLANS:
  Stage: Stage-2
    Spark
      Edges:
        Reducer 2 <- Map 1 (PARTITION-LEVEL SORT, 2)
#### A masked pattern was here ####
      Vertices:
        Map 1 
            Map Operator Tree:
                TableScan
                  alias: src
                  Statistics: Num rows: 500 Data size: 5312 Basic stats: COMPLETE Column stats: NONE
                  Filter Operator
                    predicate: (((key > 10) and (key < 20)) or (key < 10)) (type: boolean)
                    Statistics: Num rows: 221 Data size: 2347 Basic stats: COMPLETE Column stats: NONE
                    Reduce Output Operator
                      key expressions: key (type: string), value (type: string)
                      sort order: ++
                      Map-reduce partition columns: key (type: string), value (type: string)
                      Statistics: Num rows: 221 Data size: 2347 Basic stats: COMPLETE Column stats: NONE
            Execution mode: vectorized
        Reducer 2 
            Reduce Operator Tree:
              Forward
                Statistics: Num rows: 221 Data size: 2347 Basic stats: COMPLETE Column stats: NONE
                Filter Operator
                  predicate: (KEY._col0 < 10) (type: boolean)
                  Statistics: Num rows: 73 Data size: 775 Basic stats: COMPLETE Column stats: NONE
                  Group By Operator
                    keys: KEY._col0 (type: string), KEY._col1 (type: string)
                    mode: complete
                    outputColumnNames: _col0, _col1
                    Statistics: Num rows: 36 Data size: 382 Basic stats: COMPLETE Column stats: NONE
                    File Output Operator
                      compressed: false
                      Statistics: Num rows: 36 Data size: 382 Basic stats: COMPLETE Column stats: NONE
                      table:
                          input format: org.apache.hadoop.mapred.TextInputFormat
                          output format: org.apache.hadoop.hive.ql.io.HiveIgnoreKeyTextOutputFormat
                          serde: org.apache.hadoop.hive.serde2.lazy.LazySimpleSerDe
                          name: default.src_multi1_n5
                Filter Operator
                  predicate: ((KEY._col0 < 20) and (KEY._col0 > 10)) (type: boolean)
                  Statistics: Num rows: 24 Data size: 254 Basic stats: COMPLETE Column stats: NONE
                  Group By Operator
                    keys: KEY._col0 (type: string), KEY._col1 (type: string)
                    mode: complete
                    outputColumnNames: _col0, _col1
                    Statistics: Num rows: 12 Data size: 127 Basic stats: COMPLETE Column stats: NONE
                    File Output Operator
                      compressed: false
                      Statistics: Num rows: 12 Data size: 127 Basic stats: COMPLETE Column stats: NONE
                      table:
                          input format: org.apache.hadoop.mapred.TextInputFormat
                          output format: org.apache.hadoop.hive.ql.io.HiveIgnoreKeyTextOutputFormat
                          serde: org.apache.hadoop.hive.serde2.lazy.LazySimpleSerDe
                          name: default.src_multi2_n6

  Stage: Stage-0
    Move Operator
      tables:
          replace: true
          table:
              input format: org.apache.hadoop.mapred.TextInputFormat
              output format: org.apache.hadoop.hive.ql.io.HiveIgnoreKeyTextOutputFormat
              serde: org.apache.hadoop.hive.serde2.lazy.LazySimpleSerDe
              name: default.src_multi1_n5

  Stage: Stage-3
    Stats Work
      Basic Stats Work:

  Stage: Stage-1
    Move Operator
      tables:
          replace: true
          table:
              input format: org.apache.hadoop.mapred.TextInputFormat
              output format: org.apache.hadoop.hive.ql.io.HiveIgnoreKeyTextOutputFormat
              serde: org.apache.hadoop.hive.serde2.lazy.LazySimpleSerDe
              name: default.src_multi2_n6

  Stage: Stage-4
    Stats Work
      Basic Stats Work:

PREHOOK: query: from src
insert overwrite table src_multi1_n5 select * where key < 10 group by key, value
insert overwrite table src_multi2_n6 select * where key > 10 and key < 20 group by key, value
PREHOOK: type: QUERY
PREHOOK: Input: default@src
PREHOOK: Output: default@src_multi1_n5
PREHOOK: Output: default@src_multi2_n6
POSTHOOK: query: from src
insert overwrite table src_multi1_n5 select * where key < 10 group by key, value
insert overwrite table src_multi2_n6 select * where key > 10 and key < 20 group by key, value
POSTHOOK: type: QUERY
POSTHOOK: Input: default@src
POSTHOOK: Output: default@src_multi1_n5
POSTHOOK: Output: default@src_multi2_n6
POSTHOOK: Lineage: src_multi1_n5.key SIMPLE [(src)src.FieldSchema(name:key, type:string, comment:default), ]
POSTHOOK: Lineage: src_multi1_n5.value SIMPLE [(src)src.FieldSchema(name:value, type:string, comment:default), ]
POSTHOOK: Lineage: src_multi2_n6.key SIMPLE [(src)src.FieldSchema(name:key, type:string, comment:default), ]
POSTHOOK: Lineage: src_multi2_n6.value SIMPLE [(src)src.FieldSchema(name:value, type:string, comment:default), ]
PREHOOK: query: select * from src_multi1_n5
PREHOOK: type: QUERY
PREHOOK: Input: default@src_multi1_n5
#### A masked pattern was here ####
POSTHOOK: query: select * from src_multi1_n5
POSTHOOK: type: QUERY
POSTHOOK: Input: default@src_multi1_n5
#### A masked pattern was here ####
0	val_0
2	val_2
4	val_4
5	val_5
8	val_8
9	val_9
PREHOOK: query: select * from src_multi2_n6
PREHOOK: type: QUERY
PREHOOK: Input: default@src_multi2_n6
#### A masked pattern was here ####
POSTHOOK: query: select * from src_multi2_n6
POSTHOOK: type: QUERY
POSTHOOK: Input: default@src_multi2_n6
#### A masked pattern was here ####
11	val_11
12	val_12
15	val_15
17	val_17
18	val_18
19	val_19
PREHOOK: query: explain
from src
insert overwrite table src_multi1_n5 select * where key < 10 group by key, value
insert overwrite table src_multi2_n6 select * where key > 10 and key < 20 group by key, value
PREHOOK: type: QUERY
POSTHOOK: query: explain
from src
insert overwrite table src_multi1_n5 select * where key < 10 group by key, value
insert overwrite table src_multi2_n6 select * where key > 10 and key < 20 group by key, value
POSTHOOK: type: QUERY
STAGE DEPENDENCIES:
  Stage-2 is a root stage
  Stage-0 depends on stages: Stage-2
  Stage-3 depends on stages: Stage-0
  Stage-1 depends on stages: Stage-2
  Stage-4 depends on stages: Stage-1

STAGE PLANS:
  Stage: Stage-2
    Spark
      Edges:
        Reducer 2 <- Map 1 (PARTITION-LEVEL SORT, 2)
#### A masked pattern was here ####
      Vertices:
        Map 1 
            Map Operator Tree:
                TableScan
                  alias: src
                  Statistics: Num rows: 500 Data size: 5312 Basic stats: COMPLETE Column stats: NONE
                  Filter Operator
                    predicate: (((key > 10) and (key < 20)) or (key < 10)) (type: boolean)
                    Statistics: Num rows: 221 Data size: 2347 Basic stats: COMPLETE Column stats: NONE
                    Reduce Output Operator
                      key expressions: key (type: string), value (type: string)
                      sort order: ++
                      Map-reduce partition columns: key (type: string), value (type: string)
                      Statistics: Num rows: 221 Data size: 2347 Basic stats: COMPLETE Column stats: NONE
            Execution mode: vectorized
        Reducer 2 
            Reduce Operator Tree:
              Forward
                Statistics: Num rows: 221 Data size: 2347 Basic stats: COMPLETE Column stats: NONE
                Filter Operator
                  predicate: (KEY._col0 < 10) (type: boolean)
                  Statistics: Num rows: 73 Data size: 775 Basic stats: COMPLETE Column stats: NONE
                  Group By Operator
                    keys: KEY._col0 (type: string), KEY._col1 (type: string)
                    mode: complete
                    outputColumnNames: _col0, _col1
                    Statistics: Num rows: 36 Data size: 382 Basic stats: COMPLETE Column stats: NONE
                    File Output Operator
                      compressed: false
                      Statistics: Num rows: 36 Data size: 382 Basic stats: COMPLETE Column stats: NONE
                      table:
                          input format: org.apache.hadoop.mapred.TextInputFormat
                          output format: org.apache.hadoop.hive.ql.io.HiveIgnoreKeyTextOutputFormat
                          serde: org.apache.hadoop.hive.serde2.lazy.LazySimpleSerDe
                          name: default.src_multi1_n5
                Filter Operator
                  predicate: ((KEY._col0 < 20) and (KEY._col0 > 10)) (type: boolean)
                  Statistics: Num rows: 24 Data size: 254 Basic stats: COMPLETE Column stats: NONE
                  Group By Operator
                    keys: KEY._col0 (type: string), KEY._col1 (type: string)
                    mode: complete
                    outputColumnNames: _col0, _col1
                    Statistics: Num rows: 12 Data size: 127 Basic stats: COMPLETE Column stats: NONE
                    File Output Operator
                      compressed: false
                      Statistics: Num rows: 12 Data size: 127 Basic stats: COMPLETE Column stats: NONE
                      table:
                          input format: org.apache.hadoop.mapred.TextInputFormat
                          output format: org.apache.hadoop.hive.ql.io.HiveIgnoreKeyTextOutputFormat
                          serde: org.apache.hadoop.hive.serde2.lazy.LazySimpleSerDe
                          name: default.src_multi2_n6

  Stage: Stage-0
    Move Operator
      tables:
          replace: true
          table:
              input format: org.apache.hadoop.mapred.TextInputFormat
              output format: org.apache.hadoop.hive.ql.io.HiveIgnoreKeyTextOutputFormat
              serde: org.apache.hadoop.hive.serde2.lazy.LazySimpleSerDe
              name: default.src_multi1_n5

  Stage: Stage-3
    Stats Work
      Basic Stats Work:

  Stage: Stage-1
    Move Operator
      tables:
          replace: true
          table:
              input format: org.apache.hadoop.mapred.TextInputFormat
              output format: org.apache.hadoop.hive.ql.io.HiveIgnoreKeyTextOutputFormat
              serde: org.apache.hadoop.hive.serde2.lazy.LazySimpleSerDe
              name: default.src_multi2_n6

  Stage: Stage-4
    Stats Work
      Basic Stats Work:

PREHOOK: query: from src
insert overwrite table src_multi1_n5 select * where key < 10 group by key, value
insert overwrite table src_multi2_n6 select * where key > 10 and key < 20 group by key, value
PREHOOK: type: QUERY
PREHOOK: Input: default@src
PREHOOK: Output: default@src_multi1_n5
PREHOOK: Output: default@src_multi2_n6
POSTHOOK: query: from src
insert overwrite table src_multi1_n5 select * where key < 10 group by key, value
insert overwrite table src_multi2_n6 select * where key > 10 and key < 20 group by key, value
POSTHOOK: type: QUERY
POSTHOOK: Input: default@src
POSTHOOK: Output: default@src_multi1_n5
POSTHOOK: Output: default@src_multi2_n6
POSTHOOK: Lineage: src_multi1_n5.key SIMPLE [(src)src.FieldSchema(name:key, type:string, comment:default), ]
POSTHOOK: Lineage: src_multi1_n5.value SIMPLE [(src)src.FieldSchema(name:value, type:string, comment:default), ]
POSTHOOK: Lineage: src_multi2_n6.key SIMPLE [(src)src.FieldSchema(name:key, type:string, comment:default), ]
POSTHOOK: Lineage: src_multi2_n6.value SIMPLE [(src)src.FieldSchema(name:value, type:string, comment:default), ]
PREHOOK: query: select * from src_multi1_n5
PREHOOK: type: QUERY
PREHOOK: Input: default@src_multi1_n5
#### A masked pattern was here ####
POSTHOOK: query: select * from src_multi1_n5
POSTHOOK: type: QUERY
POSTHOOK: Input: default@src_multi1_n5
#### A masked pattern was here ####
0	val_0
2	val_2
4	val_4
5	val_5
8	val_8
9	val_9
PREHOOK: query: select * from src_multi2_n6
PREHOOK: type: QUERY
PREHOOK: Input: default@src_multi2_n6
#### A masked pattern was here ####
POSTHOOK: query: select * from src_multi2_n6
POSTHOOK: type: QUERY
POSTHOOK: Input: default@src_multi2_n6
#### A masked pattern was here ####
11	val_11
12	val_12
15	val_15
17	val_17
18	val_18
19	val_19
PREHOOK: query: explain
from src
insert overwrite table src_multi1_n5 select * where key < 10 group by key, value
insert overwrite table src_multi2_n6 select * where key > 10 and key < 20 group by key, value
PREHOOK: type: QUERY
POSTHOOK: query: explain
from src
insert overwrite table src_multi1_n5 select * where key < 10 group by key, value
insert overwrite table src_multi2_n6 select * where key > 10 and key < 20 group by key, value
POSTHOOK: type: QUERY
STAGE DEPENDENCIES:
  Stage-2 is a root stage
  Stage-0 depends on stages: Stage-2
  Stage-3 depends on stages: Stage-0
  Stage-1 depends on stages: Stage-2
  Stage-4 depends on stages: Stage-1

STAGE PLANS:
  Stage: Stage-2
    Spark
      Edges:
        Reducer 2 <- Map 1 (PARTITION-LEVEL SORT, 2)
#### A masked pattern was here ####
      Vertices:
        Map 1 
            Map Operator Tree:
                TableScan
                  alias: src
                  Statistics: Num rows: 500 Data size: 5312 Basic stats: COMPLETE Column stats: NONE
                  Filter Operator
                    predicate: (((key > 10) and (key < 20)) or (key < 10)) (type: boolean)
                    Statistics: Num rows: 221 Data size: 2347 Basic stats: COMPLETE Column stats: NONE
                    Reduce Output Operator
                      key expressions: key (type: string), value (type: string)
                      sort order: ++
                      Map-reduce partition columns: key (type: string), value (type: string)
                      Statistics: Num rows: 221 Data size: 2347 Basic stats: COMPLETE Column stats: NONE
            Execution mode: vectorized
        Reducer 2 
            Reduce Operator Tree:
              Forward
                Statistics: Num rows: 221 Data size: 2347 Basic stats: COMPLETE Column stats: NONE
                Filter Operator
                  predicate: (KEY._col0 < 10) (type: boolean)
                  Statistics: Num rows: 73 Data size: 775 Basic stats: COMPLETE Column stats: NONE
                  Group By Operator
                    keys: KEY._col0 (type: string), KEY._col1 (type: string)
                    mode: complete
                    outputColumnNames: _col0, _col1
                    Statistics: Num rows: 36 Data size: 382 Basic stats: COMPLETE Column stats: NONE
                    File Output Operator
                      compressed: false
                      Statistics: Num rows: 36 Data size: 382 Basic stats: COMPLETE Column stats: NONE
                      table:
                          input format: org.apache.hadoop.mapred.TextInputFormat
                          output format: org.apache.hadoop.hive.ql.io.HiveIgnoreKeyTextOutputFormat
                          serde: org.apache.hadoop.hive.serde2.lazy.LazySimpleSerDe
                          name: default.src_multi1_n5
                Filter Operator
                  predicate: ((KEY._col0 < 20) and (KEY._col0 > 10)) (type: boolean)
                  Statistics: Num rows: 24 Data size: 254 Basic stats: COMPLETE Column stats: NONE
                  Group By Operator
                    keys: KEY._col0 (type: string), KEY._col1 (type: string)
                    mode: complete
                    outputColumnNames: _col0, _col1
                    Statistics: Num rows: 12 Data size: 127 Basic stats: COMPLETE Column stats: NONE
                    File Output Operator
                      compressed: false
                      Statistics: Num rows: 12 Data size: 127 Basic stats: COMPLETE Column stats: NONE
                      table:
                          input format: org.apache.hadoop.mapred.TextInputFormat
                          output format: org.apache.hadoop.hive.ql.io.HiveIgnoreKeyTextOutputFormat
                          serde: org.apache.hadoop.hive.serde2.lazy.LazySimpleSerDe
                          name: default.src_multi2_n6

  Stage: Stage-0
    Move Operator
      tables:
          replace: true
          table:
              input format: org.apache.hadoop.mapred.TextInputFormat
              output format: org.apache.hadoop.hive.ql.io.HiveIgnoreKeyTextOutputFormat
              serde: org.apache.hadoop.hive.serde2.lazy.LazySimpleSerDe
              name: default.src_multi1_n5

  Stage: Stage-3
    Stats Work
      Basic Stats Work:

  Stage: Stage-1
    Move Operator
      tables:
          replace: true
          table:
              input format: org.apache.hadoop.mapred.TextInputFormat
              output format: org.apache.hadoop.hive.ql.io.HiveIgnoreKeyTextOutputFormat
              serde: org.apache.hadoop.hive.serde2.lazy.LazySimpleSerDe
              name: default.src_multi2_n6

  Stage: Stage-4
    Stats Work
      Basic Stats Work:

PREHOOK: query: from src
insert overwrite table src_multi1_n5 select * where key < 10 group by key, value
insert overwrite table src_multi2_n6 select * where key > 10 and key < 20 group by key, value
PREHOOK: type: QUERY
PREHOOK: Input: default@src
PREHOOK: Output: default@src_multi1_n5
PREHOOK: Output: default@src_multi2_n6
POSTHOOK: query: from src
insert overwrite table src_multi1_n5 select * where key < 10 group by key, value
insert overwrite table src_multi2_n6 select * where key > 10 and key < 20 group by key, value
POSTHOOK: type: QUERY
POSTHOOK: Input: default@src
POSTHOOK: Output: default@src_multi1_n5
POSTHOOK: Output: default@src_multi2_n6
POSTHOOK: Lineage: src_multi1_n5.key SIMPLE [(src)src.FieldSchema(name:key, type:string, comment:default), ]
POSTHOOK: Lineage: src_multi1_n5.value SIMPLE [(src)src.FieldSchema(name:value, type:string, comment:default), ]
POSTHOOK: Lineage: src_multi2_n6.key SIMPLE [(src)src.FieldSchema(name:key, type:string, comment:default), ]
POSTHOOK: Lineage: src_multi2_n6.value SIMPLE [(src)src.FieldSchema(name:value, type:string, comment:default), ]
PREHOOK: query: select * from src_multi1_n5
PREHOOK: type: QUERY
PREHOOK: Input: default@src_multi1_n5
#### A masked pattern was here ####
POSTHOOK: query: select * from src_multi1_n5
POSTHOOK: type: QUERY
POSTHOOK: Input: default@src_multi1_n5
#### A masked pattern was here ####
0	val_0
2	val_2
4	val_4
5	val_5
8	val_8
9	val_9
PREHOOK: query: select * from src_multi2_n6
PREHOOK: type: QUERY
PREHOOK: Input: default@src_multi2_n6
#### A masked pattern was here ####
POSTHOOK: query: select * from src_multi2_n6
POSTHOOK: type: QUERY
POSTHOOK: Input: default@src_multi2_n6
#### A masked pattern was here ####
11	val_11
12	val_12
15	val_15
17	val_17
18	val_18
19	val_19
PREHOOK: query: explain
from (select * from src  union all select * from src) s
insert overwrite table src_multi1_n5 select * where key < 10
insert overwrite table src_multi2_n6 select * where key > 10 and key < 20
PREHOOK: type: QUERY
POSTHOOK: query: explain
from (select * from src  union all select * from src) s
insert overwrite table src_multi1_n5 select * where key < 10
insert overwrite table src_multi2_n6 select * where key > 10 and key < 20
POSTHOOK: type: QUERY
STAGE DEPENDENCIES:
  Stage-2 is a root stage
  Stage-0 depends on stages: Stage-2
  Stage-3 depends on stages: Stage-0
  Stage-1 depends on stages: Stage-2
  Stage-4 depends on stages: Stage-1

STAGE PLANS:
  Stage: Stage-2
    Spark
#### A masked pattern was here ####
      Vertices:
        Map 1 
            Map Operator Tree:
                TableScan
                  alias: src
                  Statistics: Num rows: 500 Data size: 5312 Basic stats: COMPLETE Column stats: NONE
                  Select Operator
                    expressions: key (type: string), value (type: string)
                    outputColumnNames: _col0, _col1
                    Statistics: Num rows: 500 Data size: 5312 Basic stats: COMPLETE Column stats: NONE
                    Filter Operator
                      predicate: (_col0 < 10) (type: boolean)
                      Statistics: Num rows: 333 Data size: 3537 Basic stats: COMPLETE Column stats: NONE
                      File Output Operator
                        compressed: false
                        Statistics: Num rows: 333 Data size: 3537 Basic stats: COMPLETE Column stats: NONE
                        table:
                            input format: org.apache.hadoop.mapred.TextInputFormat
                            output format: org.apache.hadoop.hive.ql.io.HiveIgnoreKeyTextOutputFormat
                            serde: org.apache.hadoop.hive.serde2.lazy.LazySimpleSerDe
                            name: default.src_multi1_n5
                    Filter Operator
                      predicate: ((_col0 < 20) and (_col0 > 10)) (type: boolean)
                      Statistics: Num rows: 111 Data size: 1179 Basic stats: COMPLETE Column stats: NONE
                      File Output Operator
                        compressed: false
                        Statistics: Num rows: 111 Data size: 1179 Basic stats: COMPLETE Column stats: NONE
                        table:
                            input format: org.apache.hadoop.mapred.TextInputFormat
                            output format: org.apache.hadoop.hive.ql.io.HiveIgnoreKeyTextOutputFormat
                            serde: org.apache.hadoop.hive.serde2.lazy.LazySimpleSerDe
                            name: default.src_multi2_n6
            Execution mode: vectorized
        Map 2 
            Map Operator Tree:
                TableScan
                  alias: src
                  Statistics: Num rows: 500 Data size: 5312 Basic stats: COMPLETE Column stats: NONE
                  Select Operator
                    expressions: key (type: string), value (type: string)
                    outputColumnNames: _col0, _col1
                    Statistics: Num rows: 500 Data size: 5312 Basic stats: COMPLETE Column stats: NONE
                    Filter Operator
                      predicate: (_col0 < 10) (type: boolean)
                      Statistics: Num rows: 333 Data size: 3537 Basic stats: COMPLETE Column stats: NONE
                      File Output Operator
                        compressed: false
                        Statistics: Num rows: 333 Data size: 3537 Basic stats: COMPLETE Column stats: NONE
                        table:
                            input format: org.apache.hadoop.mapred.TextInputFormat
                            output format: org.apache.hadoop.hive.ql.io.HiveIgnoreKeyTextOutputFormat
                            serde: org.apache.hadoop.hive.serde2.lazy.LazySimpleSerDe
                            name: default.src_multi1_n5
                    Filter Operator
                      predicate: ((_col0 < 20) and (_col0 > 10)) (type: boolean)
                      Statistics: Num rows: 111 Data size: 1179 Basic stats: COMPLETE Column stats: NONE
                      File Output Operator
                        compressed: false
                        Statistics: Num rows: 111 Data size: 1179 Basic stats: COMPLETE Column stats: NONE
                        table:
                            input format: org.apache.hadoop.mapred.TextInputFormat
                            output format: org.apache.hadoop.hive.ql.io.HiveIgnoreKeyTextOutputFormat
                            serde: org.apache.hadoop.hive.serde2.lazy.LazySimpleSerDe
                            name: default.src_multi2_n6
            Execution mode: vectorized

  Stage: Stage-0
    Move Operator
      tables:
          replace: true
          table:
              input format: org.apache.hadoop.mapred.TextInputFormat
              output format: org.apache.hadoop.hive.ql.io.HiveIgnoreKeyTextOutputFormat
              serde: org.apache.hadoop.hive.serde2.lazy.LazySimpleSerDe
              name: default.src_multi1_n5

  Stage: Stage-3
    Stats Work
      Basic Stats Work:

  Stage: Stage-1
    Move Operator
      tables:
          replace: true
          table:
              input format: org.apache.hadoop.mapred.TextInputFormat
              output format: org.apache.hadoop.hive.ql.io.HiveIgnoreKeyTextOutputFormat
              serde: org.apache.hadoop.hive.serde2.lazy.LazySimpleSerDe
              name: default.src_multi2_n6

  Stage: Stage-4
    Stats Work
      Basic Stats Work:

PREHOOK: query: from (select * from src  union all select * from src) s
insert overwrite table src_multi1_n5 select * where key < 10
insert overwrite table src_multi2_n6 select * where key > 10 and key < 20
PREHOOK: type: QUERY
PREHOOK: Input: default@src
PREHOOK: Output: default@src_multi1_n5
PREHOOK: Output: default@src_multi2_n6
POSTHOOK: query: from (select * from src  union all select * from src) s
insert overwrite table src_multi1_n5 select * where key < 10
insert overwrite table src_multi2_n6 select * where key > 10 and key < 20
POSTHOOK: type: QUERY
POSTHOOK: Input: default@src
POSTHOOK: Output: default@src_multi1_n5
POSTHOOK: Output: default@src_multi2_n6
POSTHOOK: Lineage: src_multi1_n5.key EXPRESSION [(src)src.FieldSchema(name:key, type:string, comment:default), ]
POSTHOOK: Lineage: src_multi1_n5.value EXPRESSION [(src)src.FieldSchema(name:value, type:string, comment:default), ]
POSTHOOK: Lineage: src_multi2_n6.key EXPRESSION [(src)src.FieldSchema(name:key, type:string, comment:default), ]
POSTHOOK: Lineage: src_multi2_n6.value EXPRESSION [(src)src.FieldSchema(name:value, type:string, comment:default), ]
PREHOOK: query: select * from src_multi1_n5
PREHOOK: type: QUERY
PREHOOK: Input: default@src_multi1_n5
#### A masked pattern was here ####
POSTHOOK: query: select * from src_multi1_n5
POSTHOOK: type: QUERY
POSTHOOK: Input: default@src_multi1_n5
#### A masked pattern was here ####
0	val_0
0	val_0
0	val_0
0	val_0
0	val_0
0	val_0
2	val_2
2	val_2
4	val_4
4	val_4
5	val_5
5	val_5
5	val_5
5	val_5
5	val_5
5	val_5
8	val_8
8	val_8
9	val_9
9	val_9
PREHOOK: query: select * from src_multi2_n6
PREHOOK: type: QUERY
PREHOOK: Input: default@src_multi2_n6
#### A masked pattern was here ####
POSTHOOK: query: select * from src_multi2_n6
POSTHOOK: type: QUERY
POSTHOOK: Input: default@src_multi2_n6
#### A masked pattern was here ####
11	val_11
11	val_11
12	val_12
12	val_12
12	val_12
12	val_12
15	val_15
15	val_15
15	val_15
15	val_15
17	val_17
17	val_17
18	val_18
18	val_18
18	val_18
18	val_18
19	val_19
19	val_19
PREHOOK: query: explain
from (select * from src  union all select * from src) s
insert overwrite table src_multi1_n5 select * where key < 10
insert overwrite table src_multi2_n6 select * where key > 10 and key < 20
PREHOOK: type: QUERY
POSTHOOK: query: explain
from (select * from src  union all select * from src) s
insert overwrite table src_multi1_n5 select * where key < 10
insert overwrite table src_multi2_n6 select * where key > 10 and key < 20
POSTHOOK: type: QUERY
STAGE DEPENDENCIES:
  Stage-2 is a root stage
  Stage-0 depends on stages: Stage-2
  Stage-3 depends on stages: Stage-0
  Stage-1 depends on stages: Stage-2
  Stage-4 depends on stages: Stage-1

STAGE PLANS:
  Stage: Stage-2
    Spark
#### A masked pattern was here ####
      Vertices:
        Map 1 
            Map Operator Tree:
                TableScan
                  alias: src
                  Statistics: Num rows: 500 Data size: 5312 Basic stats: COMPLETE Column stats: NONE
                  Select Operator
                    expressions: key (type: string), value (type: string)
                    outputColumnNames: _col0, _col1
                    Statistics: Num rows: 500 Data size: 5312 Basic stats: COMPLETE Column stats: NONE
                    Filter Operator
                      predicate: (_col0 < 10) (type: boolean)
                      Statistics: Num rows: 333 Data size: 3537 Basic stats: COMPLETE Column stats: NONE
                      File Output Operator
                        compressed: false
                        Statistics: Num rows: 333 Data size: 3537 Basic stats: COMPLETE Column stats: NONE
                        table:
                            input format: org.apache.hadoop.mapred.TextInputFormat
                            output format: org.apache.hadoop.hive.ql.io.HiveIgnoreKeyTextOutputFormat
                            serde: org.apache.hadoop.hive.serde2.lazy.LazySimpleSerDe
                            name: default.src_multi1_n5
                    Filter Operator
                      predicate: ((_col0 < 20) and (_col0 > 10)) (type: boolean)
                      Statistics: Num rows: 111 Data size: 1179 Basic stats: COMPLETE Column stats: NONE
                      File Output Operator
                        compressed: false
                        Statistics: Num rows: 111 Data size: 1179 Basic stats: COMPLETE Column stats: NONE
                        table:
                            input format: org.apache.hadoop.mapred.TextInputFormat
                            output format: org.apache.hadoop.hive.ql.io.HiveIgnoreKeyTextOutputFormat
                            serde: org.apache.hadoop.hive.serde2.lazy.LazySimpleSerDe
                            name: default.src_multi2_n6
            Execution mode: vectorized
        Map 2 
            Map Operator Tree:
                TableScan
                  alias: src
                  Statistics: Num rows: 500 Data size: 5312 Basic stats: COMPLETE Column stats: NONE
                  Select Operator
                    expressions: key (type: string), value (type: string)
                    outputColumnNames: _col0, _col1
                    Statistics: Num rows: 500 Data size: 5312 Basic stats: COMPLETE Column stats: NONE
                    Filter Operator
                      predicate: (_col0 < 10) (type: boolean)
                      Statistics: Num rows: 333 Data size: 3537 Basic stats: COMPLETE Column stats: NONE
                      File Output Operator
                        compressed: false
                        Statistics: Num rows: 333 Data size: 3537 Basic stats: COMPLETE Column stats: NONE
                        table:
                            input format: org.apache.hadoop.mapred.TextInputFormat
                            output format: org.apache.hadoop.hive.ql.io.HiveIgnoreKeyTextOutputFormat
                            serde: org.apache.hadoop.hive.serde2.lazy.LazySimpleSerDe
                            name: default.src_multi1_n5
                    Filter Operator
                      predicate: ((_col0 < 20) and (_col0 > 10)) (type: boolean)
                      Statistics: Num rows: 111 Data size: 1179 Basic stats: COMPLETE Column stats: NONE
                      File Output Operator
                        compressed: false
                        Statistics: Num rows: 111 Data size: 1179 Basic stats: COMPLETE Column stats: NONE
                        table:
                            input format: org.apache.hadoop.mapred.TextInputFormat
                            output format: org.apache.hadoop.hive.ql.io.HiveIgnoreKeyTextOutputFormat
                            serde: org.apache.hadoop.hive.serde2.lazy.LazySimpleSerDe
                            name: default.src_multi2_n6
            Execution mode: vectorized

  Stage: Stage-0
    Move Operator
      tables:
          replace: true
          table:
              input format: org.apache.hadoop.mapred.TextInputFormat
              output format: org.apache.hadoop.hive.ql.io.HiveIgnoreKeyTextOutputFormat
              serde: org.apache.hadoop.hive.serde2.lazy.LazySimpleSerDe
              name: default.src_multi1_n5

  Stage: Stage-3
    Stats Work
      Basic Stats Work:

  Stage: Stage-1
    Move Operator
      tables:
          replace: true
          table:
              input format: org.apache.hadoop.mapred.TextInputFormat
              output format: org.apache.hadoop.hive.ql.io.HiveIgnoreKeyTextOutputFormat
              serde: org.apache.hadoop.hive.serde2.lazy.LazySimpleSerDe
              name: default.src_multi2_n6

  Stage: Stage-4
    Stats Work
      Basic Stats Work:

PREHOOK: query: from (select * from src  union all select * from src) s
insert overwrite table src_multi1_n5 select * where key < 10
insert overwrite table src_multi2_n6 select * where key > 10 and key < 20
PREHOOK: type: QUERY
PREHOOK: Input: default@src
PREHOOK: Output: default@src_multi1_n5
PREHOOK: Output: default@src_multi2_n6
POSTHOOK: query: from (select * from src  union all select * from src) s
insert overwrite table src_multi1_n5 select * where key < 10
insert overwrite table src_multi2_n6 select * where key > 10 and key < 20
POSTHOOK: type: QUERY
POSTHOOK: Input: default@src
POSTHOOK: Output: default@src_multi1_n5
POSTHOOK: Output: default@src_multi2_n6
POSTHOOK: Lineage: src_multi1_n5.key EXPRESSION [(src)src.FieldSchema(name:key, type:string, comment:default), ]
POSTHOOK: Lineage: src_multi1_n5.value EXPRESSION [(src)src.FieldSchema(name:value, type:string, comment:default), ]
POSTHOOK: Lineage: src_multi2_n6.key EXPRESSION [(src)src.FieldSchema(name:key, type:string, comment:default), ]
POSTHOOK: Lineage: src_multi2_n6.value EXPRESSION [(src)src.FieldSchema(name:value, type:string, comment:default), ]
PREHOOK: query: select * from src_multi1_n5
PREHOOK: type: QUERY
PREHOOK: Input: default@src_multi1_n5
#### A masked pattern was here ####
POSTHOOK: query: select * from src_multi1_n5
POSTHOOK: type: QUERY
POSTHOOK: Input: default@src_multi1_n5
#### A masked pattern was here ####
0	val_0
0	val_0
0	val_0
0	val_0
0	val_0
0	val_0
2	val_2
2	val_2
4	val_4
4	val_4
5	val_5
5	val_5
5	val_5
5	val_5
5	val_5
5	val_5
8	val_8
8	val_8
9	val_9
9	val_9
PREHOOK: query: select * from src_multi2_n6
PREHOOK: type: QUERY
PREHOOK: Input: default@src_multi2_n6
#### A masked pattern was here ####
POSTHOOK: query: select * from src_multi2_n6
POSTHOOK: type: QUERY
POSTHOOK: Input: default@src_multi2_n6
#### A masked pattern was here ####
11	val_11
11	val_11
12	val_12
12	val_12
12	val_12
12	val_12
15	val_15
15	val_15
15	val_15
15	val_15
17	val_17
17	val_17
18	val_18
18	val_18
18	val_18
18	val_18
19	val_19
19	val_19
PREHOOK: query: explain
from (select * from src  union all select * from src) s
insert overwrite table src_multi1_n5 select * where key < 10
insert overwrite table src_multi2_n6 select * where key > 10 and key < 20
PREHOOK: type: QUERY
POSTHOOK: query: explain
from (select * from src  union all select * from src) s
insert overwrite table src_multi1_n5 select * where key < 10
insert overwrite table src_multi2_n6 select * where key > 10 and key < 20
POSTHOOK: type: QUERY
STAGE DEPENDENCIES:
  Stage-2 is a root stage
  Stage-0 depends on stages: Stage-2
  Stage-3 depends on stages: Stage-0
  Stage-1 depends on stages: Stage-2
  Stage-4 depends on stages: Stage-1

STAGE PLANS:
  Stage: Stage-2
    Spark
#### A masked pattern was here ####
      Vertices:
        Map 1 
            Map Operator Tree:
                TableScan
                  alias: src
                  Statistics: Num rows: 500 Data size: 5312 Basic stats: COMPLETE Column stats: NONE
                  Select Operator
                    expressions: key (type: string), value (type: string)
                    outputColumnNames: _col0, _col1
                    Statistics: Num rows: 500 Data size: 5312 Basic stats: COMPLETE Column stats: NONE
                    Filter Operator
                      predicate: (_col0 < 10) (type: boolean)
                      Statistics: Num rows: 333 Data size: 3537 Basic stats: COMPLETE Column stats: NONE
                      File Output Operator
                        compressed: false
                        Statistics: Num rows: 333 Data size: 3537 Basic stats: COMPLETE Column stats: NONE
                        table:
                            input format: org.apache.hadoop.mapred.TextInputFormat
                            output format: org.apache.hadoop.hive.ql.io.HiveIgnoreKeyTextOutputFormat
                            serde: org.apache.hadoop.hive.serde2.lazy.LazySimpleSerDe
                            name: default.src_multi1_n5
                    Filter Operator
                      predicate: ((_col0 < 20) and (_col0 > 10)) (type: boolean)
                      Statistics: Num rows: 111 Data size: 1179 Basic stats: COMPLETE Column stats: NONE
                      File Output Operator
                        compressed: false
                        Statistics: Num rows: 111 Data size: 1179 Basic stats: COMPLETE Column stats: NONE
                        table:
                            input format: org.apache.hadoop.mapred.TextInputFormat
                            output format: org.apache.hadoop.hive.ql.io.HiveIgnoreKeyTextOutputFormat
                            serde: org.apache.hadoop.hive.serde2.lazy.LazySimpleSerDe
                            name: default.src_multi2_n6
            Execution mode: vectorized
        Map 2 
            Map Operator Tree:
                TableScan
                  alias: src
                  Statistics: Num rows: 500 Data size: 5312 Basic stats: COMPLETE Column stats: NONE
                  Select Operator
                    expressions: key (type: string), value (type: string)
                    outputColumnNames: _col0, _col1
                    Statistics: Num rows: 500 Data size: 5312 Basic stats: COMPLETE Column stats: NONE
                    Filter Operator
                      predicate: (_col0 < 10) (type: boolean)
                      Statistics: Num rows: 333 Data size: 3537 Basic stats: COMPLETE Column stats: NONE
                      File Output Operator
                        compressed: false
                        Statistics: Num rows: 333 Data size: 3537 Basic stats: COMPLETE Column stats: NONE
                        table:
                            input format: org.apache.hadoop.mapred.TextInputFormat
                            output format: org.apache.hadoop.hive.ql.io.HiveIgnoreKeyTextOutputFormat
                            serde: org.apache.hadoop.hive.serde2.lazy.LazySimpleSerDe
                            name: default.src_multi1_n5
                    Filter Operator
                      predicate: ((_col0 < 20) and (_col0 > 10)) (type: boolean)
                      Statistics: Num rows: 111 Data size: 1179 Basic stats: COMPLETE Column stats: NONE
                      File Output Operator
                        compressed: false
                        Statistics: Num rows: 111 Data size: 1179 Basic stats: COMPLETE Column stats: NONE
                        table:
                            input format: org.apache.hadoop.mapred.TextInputFormat
                            output format: org.apache.hadoop.hive.ql.io.HiveIgnoreKeyTextOutputFormat
                            serde: org.apache.hadoop.hive.serde2.lazy.LazySimpleSerDe
                            name: default.src_multi2_n6
            Execution mode: vectorized

  Stage: Stage-0
    Move Operator
      tables:
          replace: true
          table:
              input format: org.apache.hadoop.mapred.TextInputFormat
              output format: org.apache.hadoop.hive.ql.io.HiveIgnoreKeyTextOutputFormat
              serde: org.apache.hadoop.hive.serde2.lazy.LazySimpleSerDe
              name: default.src_multi1_n5

  Stage: Stage-3
    Stats Work
      Basic Stats Work:

  Stage: Stage-1
    Move Operator
      tables:
          replace: true
          table:
              input format: org.apache.hadoop.mapred.TextInputFormat
              output format: org.apache.hadoop.hive.ql.io.HiveIgnoreKeyTextOutputFormat
              serde: org.apache.hadoop.hive.serde2.lazy.LazySimpleSerDe
              name: default.src_multi2_n6

  Stage: Stage-4
    Stats Work
      Basic Stats Work:

PREHOOK: query: from (select * from src  union all select * from src) s
insert overwrite table src_multi1_n5 select * where key < 10
insert overwrite table src_multi2_n6 select * where key > 10 and key < 20
PREHOOK: type: QUERY
PREHOOK: Input: default@src
PREHOOK: Output: default@src_multi1_n5
PREHOOK: Output: default@src_multi2_n6
POSTHOOK: query: from (select * from src  union all select * from src) s
insert overwrite table src_multi1_n5 select * where key < 10
insert overwrite table src_multi2_n6 select * where key > 10 and key < 20
POSTHOOK: type: QUERY
POSTHOOK: Input: default@src
POSTHOOK: Output: default@src_multi1_n5
POSTHOOK: Output: default@src_multi2_n6
POSTHOOK: Lineage: src_multi1_n5.key EXPRESSION [(src)src.FieldSchema(name:key, type:string, comment:default), ]
POSTHOOK: Lineage: src_multi1_n5.value EXPRESSION [(src)src.FieldSchema(name:value, type:string, comment:default), ]
POSTHOOK: Lineage: src_multi2_n6.key EXPRESSION [(src)src.FieldSchema(name:key, type:string, comment:default), ]
POSTHOOK: Lineage: src_multi2_n6.value EXPRESSION [(src)src.FieldSchema(name:value, type:string, comment:default), ]
PREHOOK: query: select * from src_multi1_n5
PREHOOK: type: QUERY
PREHOOK: Input: default@src_multi1_n5
#### A masked pattern was here ####
POSTHOOK: query: select * from src_multi1_n5
POSTHOOK: type: QUERY
POSTHOOK: Input: default@src_multi1_n5
#### A masked pattern was here ####
0	val_0
0	val_0
0	val_0
0	val_0
0	val_0
0	val_0
2	val_2
2	val_2
4	val_4
4	val_4
5	val_5
5	val_5
5	val_5
5	val_5
5	val_5
5	val_5
8	val_8
8	val_8
9	val_9
9	val_9
PREHOOK: query: select * from src_multi2_n6
PREHOOK: type: QUERY
PREHOOK: Input: default@src_multi2_n6
#### A masked pattern was here ####
POSTHOOK: query: select * from src_multi2_n6
POSTHOOK: type: QUERY
POSTHOOK: Input: default@src_multi2_n6
#### A masked pattern was here ####
11	val_11
11	val_11
12	val_12
12	val_12
12	val_12
12	val_12
15	val_15
15	val_15
15	val_15
15	val_15
17	val_17
17	val_17
18	val_18
18	val_18
18	val_18
18	val_18
19	val_19
19	val_19
PREHOOK: query: explain
from (select * from src  union all select * from src) s
insert overwrite table src_multi1_n5 select * where key < 10
insert overwrite table src_multi2_n6 select * where key > 10 and key < 20
PREHOOK: type: QUERY
POSTHOOK: query: explain
from (select * from src  union all select * from src) s
insert overwrite table src_multi1_n5 select * where key < 10
insert overwrite table src_multi2_n6 select * where key > 10 and key < 20
POSTHOOK: type: QUERY
STAGE DEPENDENCIES:
  Stage-2 is a root stage
  Stage-0 depends on stages: Stage-2
  Stage-3 depends on stages: Stage-0
  Stage-1 depends on stages: Stage-2
  Stage-4 depends on stages: Stage-1

STAGE PLANS:
  Stage: Stage-2
    Spark
#### A masked pattern was here ####
      Vertices:
        Map 1 
            Map Operator Tree:
                TableScan
                  alias: src
                  Statistics: Num rows: 500 Data size: 5312 Basic stats: COMPLETE Column stats: NONE
                  Select Operator
                    expressions: key (type: string), value (type: string)
                    outputColumnNames: _col0, _col1
                    Statistics: Num rows: 500 Data size: 5312 Basic stats: COMPLETE Column stats: NONE
                    Filter Operator
                      predicate: (_col0 < 10) (type: boolean)
                      Statistics: Num rows: 333 Data size: 3537 Basic stats: COMPLETE Column stats: NONE
                      File Output Operator
                        compressed: false
                        Statistics: Num rows: 333 Data size: 3537 Basic stats: COMPLETE Column stats: NONE
                        table:
                            input format: org.apache.hadoop.mapred.TextInputFormat
                            output format: org.apache.hadoop.hive.ql.io.HiveIgnoreKeyTextOutputFormat
                            serde: org.apache.hadoop.hive.serde2.lazy.LazySimpleSerDe
                            name: default.src_multi1_n5
                    Filter Operator
                      predicate: ((_col0 < 20) and (_col0 > 10)) (type: boolean)
                      Statistics: Num rows: 111 Data size: 1179 Basic stats: COMPLETE Column stats: NONE
                      File Output Operator
                        compressed: false
                        Statistics: Num rows: 111 Data size: 1179 Basic stats: COMPLETE Column stats: NONE
                        table:
                            input format: org.apache.hadoop.mapred.TextInputFormat
                            output format: org.apache.hadoop.hive.ql.io.HiveIgnoreKeyTextOutputFormat
                            serde: org.apache.hadoop.hive.serde2.lazy.LazySimpleSerDe
                            name: default.src_multi2_n6
            Execution mode: vectorized
        Map 2 
            Map Operator Tree:
                TableScan
                  alias: src
                  Statistics: Num rows: 500 Data size: 5312 Basic stats: COMPLETE Column stats: NONE
                  Select Operator
                    expressions: key (type: string), value (type: string)
                    outputColumnNames: _col0, _col1
                    Statistics: Num rows: 500 Data size: 5312 Basic stats: COMPLETE Column stats: NONE
                    Filter Operator
                      predicate: (_col0 < 10) (type: boolean)
                      Statistics: Num rows: 333 Data size: 3537 Basic stats: COMPLETE Column stats: NONE
                      File Output Operator
                        compressed: false
                        Statistics: Num rows: 333 Data size: 3537 Basic stats: COMPLETE Column stats: NONE
                        table:
                            input format: org.apache.hadoop.mapred.TextInputFormat
                            output format: org.apache.hadoop.hive.ql.io.HiveIgnoreKeyTextOutputFormat
                            serde: org.apache.hadoop.hive.serde2.lazy.LazySimpleSerDe
                            name: default.src_multi1_n5
                    Filter Operator
                      predicate: ((_col0 < 20) and (_col0 > 10)) (type: boolean)
                      Statistics: Num rows: 111 Data size: 1179 Basic stats: COMPLETE Column stats: NONE
                      File Output Operator
                        compressed: false
                        Statistics: Num rows: 111 Data size: 1179 Basic stats: COMPLETE Column stats: NONE
                        table:
                            input format: org.apache.hadoop.mapred.TextInputFormat
                            output format: org.apache.hadoop.hive.ql.io.HiveIgnoreKeyTextOutputFormat
                            serde: org.apache.hadoop.hive.serde2.lazy.LazySimpleSerDe
                            name: default.src_multi2_n6
            Execution mode: vectorized

  Stage: Stage-0
    Move Operator
      tables:
          replace: true
          table:
              input format: org.apache.hadoop.mapred.TextInputFormat
              output format: org.apache.hadoop.hive.ql.io.HiveIgnoreKeyTextOutputFormat
              serde: org.apache.hadoop.hive.serde2.lazy.LazySimpleSerDe
              name: default.src_multi1_n5

  Stage: Stage-3
    Stats Work
      Basic Stats Work:

  Stage: Stage-1
    Move Operator
      tables:
          replace: true
          table:
              input format: org.apache.hadoop.mapred.TextInputFormat
              output format: org.apache.hadoop.hive.ql.io.HiveIgnoreKeyTextOutputFormat
              serde: org.apache.hadoop.hive.serde2.lazy.LazySimpleSerDe
              name: default.src_multi2_n6

  Stage: Stage-4
    Stats Work
      Basic Stats Work:

PREHOOK: query: from (select * from src  union all select * from src) s
insert overwrite table src_multi1_n5 select * where key < 10
insert overwrite table src_multi2_n6 select * where key > 10 and key < 20
PREHOOK: type: QUERY
PREHOOK: Input: default@src
PREHOOK: Output: default@src_multi1_n5
PREHOOK: Output: default@src_multi2_n6
POSTHOOK: query: from (select * from src  union all select * from src) s
insert overwrite table src_multi1_n5 select * where key < 10
insert overwrite table src_multi2_n6 select * where key > 10 and key < 20
POSTHOOK: type: QUERY
POSTHOOK: Input: default@src
POSTHOOK: Output: default@src_multi1_n5
POSTHOOK: Output: default@src_multi2_n6
POSTHOOK: Lineage: src_multi1_n5.key EXPRESSION [(src)src.FieldSchema(name:key, type:string, comment:default), ]
POSTHOOK: Lineage: src_multi1_n5.value EXPRESSION [(src)src.FieldSchema(name:value, type:string, comment:default), ]
POSTHOOK: Lineage: src_multi2_n6.key EXPRESSION [(src)src.FieldSchema(name:key, type:string, comment:default), ]
POSTHOOK: Lineage: src_multi2_n6.value EXPRESSION [(src)src.FieldSchema(name:value, type:string, comment:default), ]
PREHOOK: query: select * from src_multi1_n5
PREHOOK: type: QUERY
PREHOOK: Input: default@src_multi1_n5
#### A masked pattern was here ####
POSTHOOK: query: select * from src_multi1_n5
POSTHOOK: type: QUERY
POSTHOOK: Input: default@src_multi1_n5
#### A masked pattern was here ####
0	val_0
0	val_0
0	val_0
0	val_0
0	val_0
0	val_0
2	val_2
2	val_2
4	val_4
4	val_4
5	val_5
5	val_5
5	val_5
5	val_5
5	val_5
5	val_5
8	val_8
8	val_8
9	val_9
9	val_9
PREHOOK: query: select * from src_multi2_n6
PREHOOK: type: QUERY
PREHOOK: Input: default@src_multi2_n6
#### A masked pattern was here ####
POSTHOOK: query: select * from src_multi2_n6
POSTHOOK: type: QUERY
POSTHOOK: Input: default@src_multi2_n6
#### A masked pattern was here ####
11	val_11
11	val_11
12	val_12
12	val_12
12	val_12
12	val_12
15	val_15
15	val_15
15	val_15
15	val_15
17	val_17
17	val_17
18	val_18
18	val_18
18	val_18
18	val_18
19	val_19
19	val_19
#### A masked pattern was here ####
PREHOOK: query: explain
from src 
#### A masked pattern was here ####
PREHOOK: type: QUERY
POSTHOOK: query: explain
from src 
#### A masked pattern was here ####
POSTHOOK: type: QUERY
STAGE DEPENDENCIES:
  Stage-3 is a root stage
  Stage-0 depends on stages: Stage-3
  Stage-1 depends on stages: Stage-3
  Stage-2 depends on stages: Stage-3

STAGE PLANS:
  Stage: Stage-3
    Spark
#### A masked pattern was here ####
      Vertices:
        Map 1 
            Map Operator Tree:
                TableScan
                  alias: src
                  Statistics: Num rows: 500 Data size: 5312 Basic stats: COMPLETE Column stats: NONE
                  Filter Operator
                    predicate: (key = 0) (type: boolean)
                    Statistics: Num rows: 250 Data size: 2656 Basic stats: COMPLETE Column stats: NONE
                    Select Operator
                      expressions: key (type: string), value (type: string)
                      outputColumnNames: _col0, _col1
                      Statistics: Num rows: 250 Data size: 2656 Basic stats: COMPLETE Column stats: NONE
                      File Output Operator
                        compressed: false
                        Statistics: Num rows: 250 Data size: 2656 Basic stats: COMPLETE Column stats: NONE
                        table:
                            input format: org.apache.hadoop.mapred.TextInputFormat
                            output format: org.apache.hadoop.hive.ql.io.HiveIgnoreKeyTextOutputFormat
                            serde: org.apache.hadoop.hive.serde2.lazy.LazySimpleSerDe
                  Filter Operator
                    predicate: (key = 2) (type: boolean)
                    Statistics: Num rows: 250 Data size: 2656 Basic stats: COMPLETE Column stats: NONE
                    Select Operator
                      expressions: key (type: string), value (type: string)
                      outputColumnNames: _col0, _col1
                      Statistics: Num rows: 250 Data size: 2656 Basic stats: COMPLETE Column stats: NONE
                      File Output Operator
                        compressed: false
                        Statistics: Num rows: 250 Data size: 2656 Basic stats: COMPLETE Column stats: NONE
                        table:
                            input format: org.apache.hadoop.mapred.TextInputFormat
                            output format: org.apache.hadoop.hive.ql.io.HiveIgnoreKeyTextOutputFormat
                            serde: org.apache.hadoop.hive.serde2.lazy.LazySimpleSerDe
                  Filter Operator
                    predicate: (key = 4) (type: boolean)
                    Statistics: Num rows: 250 Data size: 2656 Basic stats: COMPLETE Column stats: NONE
                    Select Operator
                      expressions: key (type: string), value (type: string)
                      outputColumnNames: _col0, _col1
                      Statistics: Num rows: 250 Data size: 2656 Basic stats: COMPLETE Column stats: NONE
                      File Output Operator
                        compressed: false
                        Statistics: Num rows: 250 Data size: 2656 Basic stats: COMPLETE Column stats: NONE
                        table:
                            input format: org.apache.hadoop.mapred.TextInputFormat
                            output format: org.apache.hadoop.hive.ql.io.HiveIgnoreKeyTextOutputFormat
                            serde: org.apache.hadoop.hive.serde2.lazy.LazySimpleSerDe
            Execution mode: vectorized

  Stage: Stage-0
    Move Operator
      files:
          hdfs directory: false
#### A masked pattern was here ####

  Stage: Stage-1
    Move Operator
      files:
          hdfs directory: false
#### A masked pattern was here ####

  Stage: Stage-2
    Move Operator
      files:
          hdfs directory: false
#### A masked pattern was here ####

PREHOOK: query: from src 
#### A masked pattern was here ####
PREHOOK: type: QUERY
PREHOOK: Input: default@src
#### A masked pattern was here ####
POSTHOOK: query: from src 
#### A masked pattern was here ####
POSTHOOK: type: QUERY
POSTHOOK: Input: default@src
#### A masked pattern was here ####
Found 3 items
#### A masked pattern was here ####
PREHOOK: query: explain
from src 
#### A masked pattern was here ####
PREHOOK: type: QUERY
POSTHOOK: query: explain
from src 
#### A masked pattern was here ####
POSTHOOK: type: QUERY
STAGE DEPENDENCIES:
  Stage-3 is a root stage
  Stage-0 depends on stages: Stage-3
  Stage-1 depends on stages: Stage-3
  Stage-2 depends on stages: Stage-3

STAGE PLANS:
  Stage: Stage-3
    Spark
#### A masked pattern was here ####
      Vertices:
        Map 1 
            Map Operator Tree:
                TableScan
                  alias: src
                  Statistics: Num rows: 500 Data size: 5312 Basic stats: COMPLETE Column stats: NONE
                  Filter Operator
                    predicate: (key = 0) (type: boolean)
                    Statistics: Num rows: 250 Data size: 2656 Basic stats: COMPLETE Column stats: NONE
                    Select Operator
                      expressions: key (type: string), value (type: string)
                      outputColumnNames: _col0, _col1
                      Statistics: Num rows: 250 Data size: 2656 Basic stats: COMPLETE Column stats: NONE
                      File Output Operator
                        compressed: false
                        Statistics: Num rows: 250 Data size: 2656 Basic stats: COMPLETE Column stats: NONE
                        table:
                            input format: org.apache.hadoop.mapred.TextInputFormat
                            output format: org.apache.hadoop.hive.ql.io.HiveIgnoreKeyTextOutputFormat
                            serde: org.apache.hadoop.hive.serde2.lazy.LazySimpleSerDe
                  Filter Operator
                    predicate: (key = 2) (type: boolean)
                    Statistics: Num rows: 250 Data size: 2656 Basic stats: COMPLETE Column stats: NONE
                    Select Operator
                      expressions: key (type: string), value (type: string)
                      outputColumnNames: _col0, _col1
                      Statistics: Num rows: 250 Data size: 2656 Basic stats: COMPLETE Column stats: NONE
                      File Output Operator
                        compressed: false
                        Statistics: Num rows: 250 Data size: 2656 Basic stats: COMPLETE Column stats: NONE
                        table:
                            input format: org.apache.hadoop.mapred.TextInputFormat
                            output format: org.apache.hadoop.hive.ql.io.HiveIgnoreKeyTextOutputFormat
                            serde: org.apache.hadoop.hive.serde2.lazy.LazySimpleSerDe
                  Filter Operator
                    predicate: (key = 4) (type: boolean)
                    Statistics: Num rows: 250 Data size: 2656 Basic stats: COMPLETE Column stats: NONE
                    Select Operator
                      expressions: key (type: string), value (type: string)
                      outputColumnNames: _col0, _col1
                      Statistics: Num rows: 250 Data size: 2656 Basic stats: COMPLETE Column stats: NONE
                      File Output Operator
                        compressed: false
                        Statistics: Num rows: 250 Data size: 2656 Basic stats: COMPLETE Column stats: NONE
                        table:
                            input format: org.apache.hadoop.mapred.TextInputFormat
                            output format: org.apache.hadoop.hive.ql.io.HiveIgnoreKeyTextOutputFormat
                            serde: org.apache.hadoop.hive.serde2.lazy.LazySimpleSerDe
            Execution mode: vectorized

  Stage: Stage-0
    Move Operator
      files:
          hdfs directory: false
#### A masked pattern was here ####

  Stage: Stage-1
    Move Operator
      files:
          hdfs directory: false
#### A masked pattern was here ####

  Stage: Stage-2
    Move Operator
      files:
          hdfs directory: false
#### A masked pattern was here ####

PREHOOK: query: from src 
#### A masked pattern was here ####
PREHOOK: type: QUERY
PREHOOK: Input: default@src
#### A masked pattern was here ####
POSTHOOK: query: from src 
#### A masked pattern was here ####
POSTHOOK: type: QUERY
POSTHOOK: Input: default@src
#### A masked pattern was here ####
Found 3 items
#### A masked pattern was here ####
PREHOOK: query: explain
from src 
#### A masked pattern was here ####
PREHOOK: type: QUERY
POSTHOOK: query: explain
from src 
#### A masked pattern was here ####
POSTHOOK: type: QUERY
STAGE DEPENDENCIES:
  Stage-3 is a root stage
  Stage-0 depends on stages: Stage-3
  Stage-1 depends on stages: Stage-3
  Stage-2 depends on stages: Stage-3

STAGE PLANS:
  Stage: Stage-3
    Spark
#### A masked pattern was here ####
      Vertices:
        Map 1 
            Map Operator Tree:
                TableScan
                  alias: src
                  Statistics: Num rows: 500 Data size: 5312 Basic stats: COMPLETE Column stats: NONE
                  Filter Operator
                    predicate: (key = 0) (type: boolean)
                    Statistics: Num rows: 250 Data size: 2656 Basic stats: COMPLETE Column stats: NONE
                    Select Operator
                      expressions: key (type: string), value (type: string)
                      outputColumnNames: _col0, _col1
                      Statistics: Num rows: 250 Data size: 2656 Basic stats: COMPLETE Column stats: NONE
                      File Output Operator
                        compressed: false
                        Statistics: Num rows: 250 Data size: 2656 Basic stats: COMPLETE Column stats: NONE
                        table:
                            input format: org.apache.hadoop.mapred.TextInputFormat
                            output format: org.apache.hadoop.hive.ql.io.HiveIgnoreKeyTextOutputFormat
                            serde: org.apache.hadoop.hive.serde2.lazy.LazySimpleSerDe
                  Filter Operator
                    predicate: (key = 2) (type: boolean)
                    Statistics: Num rows: 250 Data size: 2656 Basic stats: COMPLETE Column stats: NONE
                    Select Operator
                      expressions: key (type: string), value (type: string)
                      outputColumnNames: _col0, _col1
                      Statistics: Num rows: 250 Data size: 2656 Basic stats: COMPLETE Column stats: NONE
                      File Output Operator
                        compressed: false
                        Statistics: Num rows: 250 Data size: 2656 Basic stats: COMPLETE Column stats: NONE
                        table:
                            input format: org.apache.hadoop.mapred.TextInputFormat
                            output format: org.apache.hadoop.hive.ql.io.HiveIgnoreKeyTextOutputFormat
                            serde: org.apache.hadoop.hive.serde2.lazy.LazySimpleSerDe
                  Filter Operator
                    predicate: (key = 4) (type: boolean)
                    Statistics: Num rows: 250 Data size: 2656 Basic stats: COMPLETE Column stats: NONE
                    Select Operator
                      expressions: key (type: string), value (type: string)
                      outputColumnNames: _col0, _col1
                      Statistics: Num rows: 250 Data size: 2656 Basic stats: COMPLETE Column stats: NONE
                      File Output Operator
                        compressed: false
                        Statistics: Num rows: 250 Data size: 2656 Basic stats: COMPLETE Column stats: NONE
                        table:
                            input format: org.apache.hadoop.mapred.TextInputFormat
                            output format: org.apache.hadoop.hive.ql.io.HiveIgnoreKeyTextOutputFormat
                            serde: org.apache.hadoop.hive.serde2.lazy.LazySimpleSerDe
            Execution mode: vectorized

  Stage: Stage-0
    Move Operator
      files:
          hdfs directory: false
#### A masked pattern was here ####

  Stage: Stage-1
    Move Operator
      files:
          hdfs directory: false
#### A masked pattern was here ####

  Stage: Stage-2
    Move Operator
      files:
          hdfs directory: false
#### A masked pattern was here ####

PREHOOK: query: from src 
#### A masked pattern was here ####
PREHOOK: type: QUERY
PREHOOK: Input: default@src
#### A masked pattern was here ####
POSTHOOK: query: from src 
#### A masked pattern was here ####
POSTHOOK: type: QUERY
POSTHOOK: Input: default@src
#### A masked pattern was here ####
Found 3 items
#### A masked pattern was here ####
PREHOOK: query: explain
from src 
#### A masked pattern was here ####
PREHOOK: type: QUERY
POSTHOOK: query: explain
from src 
#### A masked pattern was here ####
POSTHOOK: type: QUERY
STAGE DEPENDENCIES:
  Stage-3 is a root stage
  Stage-0 depends on stages: Stage-3
  Stage-1 depends on stages: Stage-3
  Stage-2 depends on stages: Stage-3

STAGE PLANS:
  Stage: Stage-3
    Spark
#### A masked pattern was here ####
      Vertices:
        Map 1 
            Map Operator Tree:
                TableScan
                  alias: src
                  Statistics: Num rows: 500 Data size: 5312 Basic stats: COMPLETE Column stats: NONE
                  Filter Operator
                    predicate: (key = 0) (type: boolean)
                    Statistics: Num rows: 250 Data size: 2656 Basic stats: COMPLETE Column stats: NONE
                    Select Operator
                      expressions: key (type: string), value (type: string)
                      outputColumnNames: _col0, _col1
                      Statistics: Num rows: 250 Data size: 2656 Basic stats: COMPLETE Column stats: NONE
                      File Output Operator
                        compressed: false
                        Statistics: Num rows: 250 Data size: 2656 Basic stats: COMPLETE Column stats: NONE
                        table:
                            input format: org.apache.hadoop.mapred.TextInputFormat
                            output format: org.apache.hadoop.hive.ql.io.HiveIgnoreKeyTextOutputFormat
                            serde: org.apache.hadoop.hive.serde2.lazy.LazySimpleSerDe
                  Filter Operator
                    predicate: (key = 2) (type: boolean)
                    Statistics: Num rows: 250 Data size: 2656 Basic stats: COMPLETE Column stats: NONE
                    Select Operator
                      expressions: key (type: string), value (type: string)
                      outputColumnNames: _col0, _col1
                      Statistics: Num rows: 250 Data size: 2656 Basic stats: COMPLETE Column stats: NONE
                      File Output Operator
                        compressed: false
                        Statistics: Num rows: 250 Data size: 2656 Basic stats: COMPLETE Column stats: NONE
                        table:
                            input format: org.apache.hadoop.mapred.TextInputFormat
                            output format: org.apache.hadoop.hive.ql.io.HiveIgnoreKeyTextOutputFormat
                            serde: org.apache.hadoop.hive.serde2.lazy.LazySimpleSerDe
                  Filter Operator
                    predicate: (key = 4) (type: boolean)
                    Statistics: Num rows: 250 Data size: 2656 Basic stats: COMPLETE Column stats: NONE
                    Select Operator
                      expressions: key (type: string), value (type: string)
                      outputColumnNames: _col0, _col1
                      Statistics: Num rows: 250 Data size: 2656 Basic stats: COMPLETE Column stats: NONE
                      File Output Operator
                        compressed: false
                        Statistics: Num rows: 250 Data size: 2656 Basic stats: COMPLETE Column stats: NONE
                        table:
                            input format: org.apache.hadoop.mapred.TextInputFormat
                            output format: org.apache.hadoop.hive.ql.io.HiveIgnoreKeyTextOutputFormat
                            serde: org.apache.hadoop.hive.serde2.lazy.LazySimpleSerDe
            Execution mode: vectorized

  Stage: Stage-0
    Move Operator
      files:
          hdfs directory: false
#### A masked pattern was here ####

  Stage: Stage-1
    Move Operator
      files:
          hdfs directory: false
#### A masked pattern was here ####

  Stage: Stage-2
    Move Operator
      files:
          hdfs directory: false
#### A masked pattern was here ####

PREHOOK: query: from src 
#### A masked pattern was here ####
PREHOOK: type: QUERY
PREHOOK: Input: default@src
#### A masked pattern was here ####
POSTHOOK: query: from src 
#### A masked pattern was here ####
POSTHOOK: type: QUERY
POSTHOOK: Input: default@src
#### A masked pattern was here ####
Found 3 items
#### A masked pattern was here ####
