PREHOOK: query: explain
select x.key, count(1) from src x where x.key > 9999 group by x.key
PREHOOK: type: QUERY
POSTHOOK: query: explain
select x.key, count(1) from src x where x.key > 9999 group by x.key
POSTHOOK: type: QUERY
STAGE DEPENDENCIES:
  Stage-1 is a root stage
  Stage-0 depends on stages: Stage-1

STAGE PLANS:
  Stage: Stage-1
    Spark
      Edges:
        Reducer 2 <- Map 1 (GROUP PARTITION-LEVEL SORT, 2)
        Reducer 3 <- Reducer 2 (GROUP, 2)
#### A masked pattern was here ####
      Vertices:
        Map 1 
            Map Operator Tree:
                TableScan
                  alias: x
                  Statistics: Num rows: 500 Data size: 5312 Basic stats: COMPLETE Column stats: NONE
                  Filter Operator
                    predicate: (UDFToDouble(key) > 9999.0) (type: boolean)
                    Statistics: Num rows: 166 Data size: 1763 Basic stats: COMPLETE Column stats: NONE
                    Select Operator
                      expressions: key (type: string)
                      outputColumnNames: _col0
                      Statistics: Num rows: 166 Data size: 1763 Basic stats: COMPLETE Column stats: NONE
                      Group By Operator
                        aggregations: count(1)
                        keys: _col0 (type: string)
                        mode: hash
                        outputColumnNames: _col0, _col1
                        Statistics: Num rows: 166 Data size: 1763 Basic stats: COMPLETE Column stats: NONE
                        Reduce Output Operator
                          key expressions: _col0 (type: string)
                          sort order: +
                          Map-reduce partition columns: rand() (type: double)
                          Statistics: Num rows: 166 Data size: 1763 Basic stats: COMPLETE Column stats: NONE
                          value expressions: _col1 (type: bigint)
        Reducer 2 
            Reduce Operator Tree:
              Group By Operator
                aggregations: count(VALUE._col0)
                keys: KEY._col0 (type: string)
                mode: partials
                outputColumnNames: _col0, _col1
                Statistics: Num rows: 166 Data size: 1763 Basic stats: COMPLETE Column stats: NONE
                Reduce Output Operator
                  key expressions: _col0 (type: string)
                  sort order: +
                  Map-reduce partition columns: _col0 (type: string)
                  Statistics: Num rows: 166 Data size: 1763 Basic stats: COMPLETE Column stats: NONE
                  value expressions: _col1 (type: bigint)
        Reducer 3 
            Reduce Operator Tree:
              Group By Operator
                aggregations: count(VALUE._col0)
                keys: KEY._col0 (type: string)
                mode: final
                outputColumnNames: _col0, _col1
                Statistics: Num rows: 83 Data size: 881 Basic stats: COMPLETE Column stats: NONE
                File Output Operator
                  compressed: false
                  Statistics: Num rows: 83 Data size: 881 Basic stats: COMPLETE Column stats: NONE
                  table:
                      input format: org.apache.hadoop.mapred.SequenceFileInputFormat
                      output format: org.apache.hadoop.hive.ql.io.HiveSequenceFileOutputFormat
                      serde: org.apache.hadoop.hive.serde2.lazy.LazySimpleSerDe

  Stage: Stage-0
    Fetch Operator
      limit: -1
      Processor Tree:
        ListSink

PREHOOK: query: select x.key, count(1) from src x where x.key > 9999 group by x.key
PREHOOK: type: QUERY
PREHOOK: Input: default@src
#### A masked pattern was here ####
POSTHOOK: query: select x.key, count(1) from src x where x.key > 9999 group by x.key
POSTHOOK: type: QUERY
POSTHOOK: Input: default@src
#### A masked pattern was here ####
PREHOOK: query: explain
select x.key, count(1) from src x where x.key > 9999 group by x.key
PREHOOK: type: QUERY
POSTHOOK: query: explain
select x.key, count(1) from src x where x.key > 9999 group by x.key
POSTHOOK: type: QUERY
STAGE DEPENDENCIES:
  Stage-1 is a root stage
  Stage-0 depends on stages: Stage-1

STAGE PLANS:
  Stage: Stage-1
    Spark
      Edges:
        Reducer 2 <- Map 1 (GROUP, 2)
#### A masked pattern was here ####
      Vertices:
        Map 1 
            Map Operator Tree:
                TableScan
                  alias: x
                  Statistics: Num rows: 500 Data size: 5312 Basic stats: COMPLETE Column stats: NONE
                  Filter Operator
                    predicate: (UDFToDouble(key) > 9999.0) (type: boolean)
                    Statistics: Num rows: 166 Data size: 1763 Basic stats: COMPLETE Column stats: NONE
                    Select Operator
                      expressions: key (type: string)
                      outputColumnNames: _col0
                      Statistics: Num rows: 166 Data size: 1763 Basic stats: COMPLETE Column stats: NONE
                      Group By Operator
                        aggregations: count(1)
                        keys: _col0 (type: string)
                        mode: hash
                        outputColumnNames: _col0, _col1
                        Statistics: Num rows: 166 Data size: 1763 Basic stats: COMPLETE Column stats: NONE
                        Reduce Output Operator
                          key expressions: _col0 (type: string)
                          sort order: +
                          Map-reduce partition columns: _col0 (type: string)
                          Statistics: Num rows: 166 Data size: 1763 Basic stats: COMPLETE Column stats: NONE
                          value expressions: _col1 (type: bigint)
        Reducer 2 
            Reduce Operator Tree:
              Group By Operator
                aggregations: count(VALUE._col0)
                keys: KEY._col0 (type: string)
                mode: mergepartial
                outputColumnNames: _col0, _col1
                Statistics: Num rows: 83 Data size: 881 Basic stats: COMPLETE Column stats: NONE
                File Output Operator
                  compressed: false
                  Statistics: Num rows: 83 Data size: 881 Basic stats: COMPLETE Column stats: NONE
                  table:
                      input format: org.apache.hadoop.mapred.SequenceFileInputFormat
                      output format: org.apache.hadoop.hive.ql.io.HiveSequenceFileOutputFormat
                      serde: org.apache.hadoop.hive.serde2.lazy.LazySimpleSerDe

  Stage: Stage-0
    Fetch Operator
      limit: -1
      Processor Tree:
        ListSink

PREHOOK: query: select x.key, count(1) from src x where x.key > 9999 group by x.key
PREHOOK: type: QUERY
PREHOOK: Input: default@src
#### A masked pattern was here ####
POSTHOOK: query: select x.key, count(1) from src x where x.key > 9999 group by x.key
POSTHOOK: type: QUERY
POSTHOOK: Input: default@src
#### A masked pattern was here ####
PREHOOK: query: explain
select x.key, count(1) from src x where x.key > 9999 group by x.key
PREHOOK: type: QUERY
POSTHOOK: query: explain
select x.key, count(1) from src x where x.key > 9999 group by x.key
POSTHOOK: type: QUERY
STAGE DEPENDENCIES:
  Stage-1 is a root stage
  Stage-0 depends on stages: Stage-1

STAGE PLANS:
  Stage: Stage-1
    Spark
      Edges:
        Reducer 2 <- Map 1 (GROUP PARTITION-LEVEL SORT, 2)
        Reducer 3 <- Reducer 2 (GROUP, 2)
#### A masked pattern was here ####
      Vertices:
        Map 1 
            Map Operator Tree:
                TableScan
                  alias: x
                  Statistics: Num rows: 500 Data size: 5312 Basic stats: COMPLETE Column stats: NONE
                  Filter Operator
                    predicate: (UDFToDouble(key) > 9999.0) (type: boolean)
                    Statistics: Num rows: 166 Data size: 1763 Basic stats: COMPLETE Column stats: NONE
                    Select Operator
                      expressions: key (type: string)
                      outputColumnNames: _col0
                      Statistics: Num rows: 166 Data size: 1763 Basic stats: COMPLETE Column stats: NONE
                      Reduce Output Operator
                        key expressions: _col0 (type: string)
                        sort order: +
                        Map-reduce partition columns: rand() (type: double)
                        Statistics: Num rows: 166 Data size: 1763 Basic stats: COMPLETE Column stats: NONE
        Reducer 2 
            Reduce Operator Tree:
              Group By Operator
                aggregations: count(1)
                keys: KEY._col0 (type: string)
                mode: partial1
                outputColumnNames: _col0, _col1
                Statistics: Num rows: 166 Data size: 1763 Basic stats: COMPLETE Column stats: NONE
                Reduce Output Operator
                  key expressions: _col0 (type: string)
                  sort order: +
                  Map-reduce partition columns: _col0 (type: string)
                  Statistics: Num rows: 166 Data size: 1763 Basic stats: COMPLETE Column stats: NONE
                  value expressions: _col1 (type: bigint)
        Reducer 3 
            Reduce Operator Tree:
              Group By Operator
                aggregations: count(VALUE._col0)
                keys: KEY._col0 (type: string)
                mode: final
                outputColumnNames: _col0, _col1
                Statistics: Num rows: 83 Data size: 881 Basic stats: COMPLETE Column stats: NONE
                File Output Operator
                  compressed: false
                  Statistics: Num rows: 83 Data size: 881 Basic stats: COMPLETE Column stats: NONE
                  table:
                      input format: org.apache.hadoop.mapred.SequenceFileInputFormat
                      output format: org.apache.hadoop.hive.ql.io.HiveSequenceFileOutputFormat
                      serde: org.apache.hadoop.hive.serde2.lazy.LazySimpleSerDe

  Stage: Stage-0
    Fetch Operator
      limit: -1
      Processor Tree:
        ListSink

PREHOOK: query: select x.key, count(1) from src x where x.key > 9999 group by x.key
PREHOOK: type: QUERY
PREHOOK: Input: default@src
#### A masked pattern was here ####
POSTHOOK: query: select x.key, count(1) from src x where x.key > 9999 group by x.key
POSTHOOK: type: QUERY
POSTHOOK: Input: default@src
#### A masked pattern was here ####
PREHOOK: query: explain
select x.key, count(1) from src x where x.key > 9999 group by x.key
PREHOOK: type: QUERY
POSTHOOK: query: explain
select x.key, count(1) from src x where x.key > 9999 group by x.key
POSTHOOK: type: QUERY
STAGE DEPENDENCIES:
  Stage-1 is a root stage
  Stage-0 depends on stages: Stage-1

STAGE PLANS:
  Stage: Stage-1
    Spark
      Edges:
        Reducer 2 <- Map 1 (GROUP, 2)
#### A masked pattern was here ####
      Vertices:
        Map 1 
            Map Operator Tree:
                TableScan
                  alias: x
                  Statistics: Num rows: 500 Data size: 5312 Basic stats: COMPLETE Column stats: NONE
                  Filter Operator
                    predicate: (UDFToDouble(key) > 9999.0) (type: boolean)
                    Statistics: Num rows: 166 Data size: 1763 Basic stats: COMPLETE Column stats: NONE
                    Select Operator
                      expressions: key (type: string)
                      outputColumnNames: _col0
                      Statistics: Num rows: 166 Data size: 1763 Basic stats: COMPLETE Column stats: NONE
                      Reduce Output Operator
                        key expressions: _col0 (type: string)
                        sort order: +
                        Map-reduce partition columns: _col0 (type: string)
                        Statistics: Num rows: 166 Data size: 1763 Basic stats: COMPLETE Column stats: NONE
        Reducer 2 
            Reduce Operator Tree:
              Group By Operator
                aggregations: count(1)
                keys: KEY._col0 (type: string)
                mode: complete
                outputColumnNames: _col0, _col1
                Statistics: Num rows: 83 Data size: 881 Basic stats: COMPLETE Column stats: NONE
                File Output Operator
                  compressed: false
                  Statistics: Num rows: 83 Data size: 881 Basic stats: COMPLETE Column stats: NONE
                  table:
                      input format: org.apache.hadoop.mapred.SequenceFileInputFormat
                      output format: org.apache.hadoop.hive.ql.io.HiveSequenceFileOutputFormat
                      serde: org.apache.hadoop.hive.serde2.lazy.LazySimpleSerDe

  Stage: Stage-0
    Fetch Operator
      limit: -1
      Processor Tree:
        ListSink

PREHOOK: query: select x.key, count(1) from src x where x.key > 9999 group by x.key
PREHOOK: type: QUERY
PREHOOK: Input: default@src
#### A masked pattern was here ####
POSTHOOK: query: select x.key, count(1) from src x where x.key > 9999 group by x.key
POSTHOOK: type: QUERY
POSTHOOK: Input: default@src
#### A masked pattern was here ####
