PREHOOK: query: create table t1 (id int, key string, value string)
PREHOOK: type: CREATETABLE
PREHOOK: Output: database:default
PREHOOK: Output: default@t1
POSTHOOK: query: create table t1 (id int, key string, value string)
POSTHOOK: type: CREATETABLE
POSTHOOK: Output: database:default
POSTHOOK: Output: default@t1
PREHOOK: query: create table t2 (id int, key string, value string)
PREHOOK: type: CREATETABLE
PREHOOK: Output: database:default
PREHOOK: Output: default@t2
POSTHOOK: query: create table t2 (id int, key string, value string)
POSTHOOK: type: CREATETABLE
POSTHOOK: Output: database:default
POSTHOOK: Output: default@t2
PREHOOK: query: create table t3 (id int, key string, value string)
PREHOOK: type: CREATETABLE
PREHOOK: Output: database:default
PREHOOK: Output: default@t3
POSTHOOK: query: create table t3 (id int, key string, value string)
POSTHOOK: type: CREATETABLE
POSTHOOK: Output: database:default
POSTHOOK: Output: default@t3
PREHOOK: query: create table t4 (id int, key string, value string)
PREHOOK: type: CREATETABLE
PREHOOK: Output: database:default
PREHOOK: Output: default@t4
POSTHOOK: query: create table t4 (id int, key string, value string)
POSTHOOK: type: CREATETABLE
POSTHOOK: Output: database:default
POSTHOOK: Output: default@t4
Warning: Shuffle Join JOIN[11][tables = [$hdt$_0, $hdt$_1]] in Work 'Reducer 2' is a cross product
Warning: Shuffle Join JOIN[14][tables = [$hdt$_0, $hdt$_1, $hdt$_2]] in Work 'Reducer 3' is a cross product
PREHOOK: query: explain select * from t1 full outer join t2 on t1.id=t2.id join t3 on t2.id=t3.id where t3.id=20
PREHOOK: type: QUERY
POSTHOOK: query: explain select * from t1 full outer join t2 on t1.id=t2.id join t3 on t2.id=t3.id where t3.id=20
POSTHOOK: type: QUERY
STAGE DEPENDENCIES:
  Stage-1 is a root stage
  Stage-0 depends on stages: Stage-1

STAGE PLANS:
  Stage: Stage-1
    Spark
      Edges:
        Reducer 2 <- Map 1 (PARTITION-LEVEL SORT, 1), Map 4 (PARTITION-LEVEL SORT, 1)
        Reducer 3 <- Map 5 (PARTITION-LEVEL SORT, 1), Reducer 2 (PARTITION-LEVEL SORT, 1)
#### A masked pattern was here ####
      Vertices:
        Map 1 
            Map Operator Tree:
                TableScan
                  alias: t1
                  Statistics: Num rows: 1 Data size: 0 Basic stats: PARTIAL Column stats: NONE
                  Filter Operator
                    predicate: (id = 20) (type: boolean)
                    Statistics: Num rows: 1 Data size: 0 Basic stats: PARTIAL Column stats: NONE
                    Select Operator
                      expressions: 20 (type: int), key (type: string), value (type: string)
                      outputColumnNames: _col0, _col1, _col2
                      Statistics: Num rows: 1 Data size: 0 Basic stats: PARTIAL Column stats: NONE
                      Reduce Output Operator
                        sort order: 
                        Statistics: Num rows: 1 Data size: 0 Basic stats: PARTIAL Column stats: NONE
                        value expressions: _col0 (type: int), _col1 (type: string), _col2 (type: string)
        Map 4 
            Map Operator Tree:
                TableScan
                  alias: t2
                  Statistics: Num rows: 1 Data size: 0 Basic stats: PARTIAL Column stats: NONE
                  Filter Operator
                    predicate: (id = 20) (type: boolean)
                    Statistics: Num rows: 1 Data size: 0 Basic stats: PARTIAL Column stats: NONE
                    Select Operator
                      expressions: key (type: string), value (type: string)
                      outputColumnNames: _col1, _col2
                      Statistics: Num rows: 1 Data size: 0 Basic stats: PARTIAL Column stats: NONE
                      Reduce Output Operator
                        sort order: 
                        Statistics: Num rows: 1 Data size: 0 Basic stats: PARTIAL Column stats: NONE
                        value expressions: _col1 (type: string), _col2 (type: string)
        Map 5 
            Map Operator Tree:
                TableScan
                  alias: t3
                  Statistics: Num rows: 1 Data size: 0 Basic stats: PARTIAL Column stats: NONE
                  Filter Operator
                    predicate: (id = 20) (type: boolean)
                    Statistics: Num rows: 1 Data size: 0 Basic stats: PARTIAL Column stats: NONE
                    Select Operator
                      expressions: key (type: string), value (type: string)
                      outputColumnNames: _col1, _col2
                      Statistics: Num rows: 1 Data size: 0 Basic stats: PARTIAL Column stats: NONE
                      Reduce Output Operator
                        sort order: 
                        Statistics: Num rows: 1 Data size: 0 Basic stats: PARTIAL Column stats: NONE
                        value expressions: _col1 (type: string), _col2 (type: string)
        Reducer 2 
            Reduce Operator Tree:
              Join Operator
                condition map:
                     Right Outer Join 0 to 1
                filter predicates:
                  0 
                  1 {true}
                keys:
                  0 
                  1 
                outputColumnNames: _col0, _col1, _col2, _col4, _col5
                Statistics: Num rows: 1 Data size: 1 Basic stats: COMPLETE Column stats: NONE
                Reduce Output Operator
                  sort order: 
                  Statistics: Num rows: 1 Data size: 1 Basic stats: COMPLETE Column stats: NONE
                  value expressions: _col0 (type: int), _col1 (type: string), _col2 (type: string), _col4 (type: string), _col5 (type: string)
        Reducer 3 
            Reduce Operator Tree:
              Join Operator
                condition map:
                     Inner Join 0 to 1
                keys:
                  0 
                  1 
                outputColumnNames: _col0, _col1, _col2, _col4, _col5, _col7, _col8
                Statistics: Num rows: 1 Data size: 2 Basic stats: COMPLETE Column stats: NONE
                Select Operator
                  expressions: _col0 (type: int), _col1 (type: string), _col2 (type: string), 20 (type: int), _col4 (type: string), _col5 (type: string), 20 (type: int), _col7 (type: string), _col8 (type: string)
                  outputColumnNames: _col0, _col1, _col2, _col3, _col4, _col5, _col6, _col7, _col8
                  Statistics: Num rows: 1 Data size: 2 Basic stats: COMPLETE Column stats: NONE
                  File Output Operator
                    compressed: false
                    Statistics: Num rows: 1 Data size: 2 Basic stats: COMPLETE Column stats: NONE
                    table:
                        input format: org.apache.hadoop.mapred.SequenceFileInputFormat
                        output format: org.apache.hadoop.hive.ql.io.HiveSequenceFileOutputFormat
                        serde: org.apache.hadoop.hive.serde2.lazy.LazySimpleSerDe

  Stage: Stage-0
    Fetch Operator
      limit: -1
      Processor Tree:
        ListSink

Warning: Shuffle Join JOIN[11][tables = [$hdt$_0, $hdt$_1]] in Work 'Reducer 2' is a cross product
Warning: Shuffle Join JOIN[14][tables = [$hdt$_0, $hdt$_1, $hdt$_2]] in Work 'Reducer 3' is a cross product
PREHOOK: query: explain select * from t1 join t2 on (t1.id=t2.id) left outer join t3 on (t2.id=t3.id) where t2.id=20
PREHOOK: type: QUERY
POSTHOOK: query: explain select * from t1 join t2 on (t1.id=t2.id) left outer join t3 on (t2.id=t3.id) where t2.id=20
POSTHOOK: type: QUERY
STAGE DEPENDENCIES:
  Stage-1 is a root stage
  Stage-0 depends on stages: Stage-1

STAGE PLANS:
  Stage: Stage-1
    Spark
      Edges:
        Reducer 2 <- Map 1 (PARTITION-LEVEL SORT, 1), Map 4 (PARTITION-LEVEL SORT, 1)
        Reducer 3 <- Map 5 (PARTITION-LEVEL SORT, 1), Reducer 2 (PARTITION-LEVEL SORT, 1)
#### A masked pattern was here ####
      Vertices:
        Map 1 
            Map Operator Tree:
                TableScan
                  alias: t1
                  Statistics: Num rows: 1 Data size: 0 Basic stats: PARTIAL Column stats: NONE
                  Filter Operator
                    predicate: (id = 20) (type: boolean)
                    Statistics: Num rows: 1 Data size: 0 Basic stats: PARTIAL Column stats: NONE
                    Select Operator
                      expressions: key (type: string), value (type: string)
                      outputColumnNames: _col1, _col2
                      Statistics: Num rows: 1 Data size: 0 Basic stats: PARTIAL Column stats: NONE
                      Reduce Output Operator
                        sort order: 
                        Statistics: Num rows: 1 Data size: 0 Basic stats: PARTIAL Column stats: NONE
                        value expressions: _col1 (type: string), _col2 (type: string)
        Map 4 
            Map Operator Tree:
                TableScan
                  alias: t2
                  Statistics: Num rows: 1 Data size: 0 Basic stats: PARTIAL Column stats: NONE
                  Filter Operator
                    predicate: (id = 20) (type: boolean)
                    Statistics: Num rows: 1 Data size: 0 Basic stats: PARTIAL Column stats: NONE
                    Select Operator
                      expressions: key (type: string), value (type: string)
                      outputColumnNames: _col1, _col2
                      Statistics: Num rows: 1 Data size: 0 Basic stats: PARTIAL Column stats: NONE
                      Reduce Output Operator
                        sort order: 
                        Statistics: Num rows: 1 Data size: 0 Basic stats: PARTIAL Column stats: NONE
                        value expressions: _col1 (type: string), _col2 (type: string)
        Map 5 
            Map Operator Tree:
                TableScan
                  alias: t3
                  Statistics: Num rows: 1 Data size: 0 Basic stats: PARTIAL Column stats: NONE
                  Filter Operator
                    predicate: (20 = id) (type: boolean)
                    Statistics: Num rows: 1 Data size: 0 Basic stats: PARTIAL Column stats: NONE
                    Select Operator
                      expressions: 20 (type: int), key (type: string), value (type: string)
                      outputColumnNames: _col0, _col1, _col2
                      Statistics: Num rows: 1 Data size: 0 Basic stats: PARTIAL Column stats: NONE
                      Reduce Output Operator
                        sort order: 
                        Statistics: Num rows: 1 Data size: 0 Basic stats: PARTIAL Column stats: NONE
                        value expressions: _col0 (type: int), _col1 (type: string), _col2 (type: string)
        Reducer 2 
            Reduce Operator Tree:
              Join Operator
                condition map:
                     Inner Join 0 to 1
                keys:
                  0 
                  1 
                outputColumnNames: _col1, _col2, _col4, _col5
                Statistics: Num rows: 1 Data size: 1 Basic stats: COMPLETE Column stats: NONE
                Reduce Output Operator
                  sort order: 
                  Statistics: Num rows: 1 Data size: 1 Basic stats: COMPLETE Column stats: NONE
                  value expressions: _col1 (type: string), _col2 (type: string), _col4 (type: string), _col5 (type: string)
        Reducer 3 
            Reduce Operator Tree:
              Join Operator
                condition map:
                     Left Outer Join 0 to 1
                keys:
                  0 
                  1 
                outputColumnNames: _col1, _col2, _col4, _col5, _col6, _col7, _col8
                Statistics: Num rows: 1 Data size: 2 Basic stats: COMPLETE Column stats: NONE
                Select Operator
                  expressions: 20 (type: int), _col1 (type: string), _col2 (type: string), 20 (type: int), _col4 (type: string), _col5 (type: string), _col6 (type: int), _col7 (type: string), _col8 (type: string)
                  outputColumnNames: _col0, _col1, _col2, _col3, _col4, _col5, _col6, _col7, _col8
                  Statistics: Num rows: 1 Data size: 2 Basic stats: COMPLETE Column stats: NONE
                  File Output Operator
                    compressed: false
                    Statistics: Num rows: 1 Data size: 2 Basic stats: COMPLETE Column stats: NONE
                    table:
                        input format: org.apache.hadoop.mapred.SequenceFileInputFormat
                        output format: org.apache.hadoop.hive.ql.io.HiveSequenceFileOutputFormat
                        serde: org.apache.hadoop.hive.serde2.lazy.LazySimpleSerDe

  Stage: Stage-0
    Fetch Operator
      limit: -1
      Processor Tree:
        ListSink

Warning: Shuffle Join JOIN[11][tables = [$hdt$_0, $hdt$_1]] in Work 'Reducer 2' is a cross product
Warning: Shuffle Join JOIN[14][tables = [$hdt$_0, $hdt$_1, $hdt$_2]] in Work 'Reducer 3' is a cross product
PREHOOK: query: explain select * from t1 join t2 on (t1.id=t2.id) left outer join t3 on (t1.id=t3.id) where t2.id=20
PREHOOK: type: QUERY
POSTHOOK: query: explain select * from t1 join t2 on (t1.id=t2.id) left outer join t3 on (t1.id=t3.id) where t2.id=20
POSTHOOK: type: QUERY
STAGE DEPENDENCIES:
  Stage-1 is a root stage
  Stage-0 depends on stages: Stage-1

STAGE PLANS:
  Stage: Stage-1
    Spark
      Edges:
        Reducer 2 <- Map 1 (PARTITION-LEVEL SORT, 1), Map 4 (PARTITION-LEVEL SORT, 1)
        Reducer 3 <- Map 5 (PARTITION-LEVEL SORT, 1), Reducer 2 (PARTITION-LEVEL SORT, 1)
#### A masked pattern was here ####
      Vertices:
        Map 1 
            Map Operator Tree:
                TableScan
                  alias: t1
                  Statistics: Num rows: 1 Data size: 0 Basic stats: PARTIAL Column stats: NONE
                  Filter Operator
                    predicate: (id = 20) (type: boolean)
                    Statistics: Num rows: 1 Data size: 0 Basic stats: PARTIAL Column stats: NONE
                    Select Operator
                      expressions: key (type: string), value (type: string)
                      outputColumnNames: _col1, _col2
                      Statistics: Num rows: 1 Data size: 0 Basic stats: PARTIAL Column stats: NONE
                      Reduce Output Operator
                        sort order: 
                        Statistics: Num rows: 1 Data size: 0 Basic stats: PARTIAL Column stats: NONE
                        value expressions: _col1 (type: string), _col2 (type: string)
        Map 4 
            Map Operator Tree:
                TableScan
                  alias: t2
                  Statistics: Num rows: 1 Data size: 0 Basic stats: PARTIAL Column stats: NONE
                  Filter Operator
                    predicate: (id = 20) (type: boolean)
                    Statistics: Num rows: 1 Data size: 0 Basic stats: PARTIAL Column stats: NONE
                    Select Operator
                      expressions: key (type: string), value (type: string)
                      outputColumnNames: _col1, _col2
                      Statistics: Num rows: 1 Data size: 0 Basic stats: PARTIAL Column stats: NONE
                      Reduce Output Operator
                        sort order: 
                        Statistics: Num rows: 1 Data size: 0 Basic stats: PARTIAL Column stats: NONE
                        value expressions: _col1 (type: string), _col2 (type: string)
        Map 5 
            Map Operator Tree:
                TableScan
                  alias: t3
                  Statistics: Num rows: 1 Data size: 0 Basic stats: PARTIAL Column stats: NONE
                  Filter Operator
                    predicate: (20 = id) (type: boolean)
                    Statistics: Num rows: 1 Data size: 0 Basic stats: PARTIAL Column stats: NONE
                    Select Operator
                      expressions: 20 (type: int), key (type: string), value (type: string)
                      outputColumnNames: _col0, _col1, _col2
                      Statistics: Num rows: 1 Data size: 0 Basic stats: PARTIAL Column stats: NONE
                      Reduce Output Operator
                        sort order: 
                        Statistics: Num rows: 1 Data size: 0 Basic stats: PARTIAL Column stats: NONE
                        value expressions: _col0 (type: int), _col1 (type: string), _col2 (type: string)
        Reducer 2 
            Reduce Operator Tree:
              Join Operator
                condition map:
                     Inner Join 0 to 1
                keys:
                  0 
                  1 
                outputColumnNames: _col1, _col2, _col4, _col5
                Statistics: Num rows: 1 Data size: 1 Basic stats: COMPLETE Column stats: NONE
                Reduce Output Operator
                  sort order: 
                  Statistics: Num rows: 1 Data size: 1 Basic stats: COMPLETE Column stats: NONE
                  value expressions: _col1 (type: string), _col2 (type: string), _col4 (type: string), _col5 (type: string)
        Reducer 3 
            Reduce Operator Tree:
              Join Operator
                condition map:
                     Left Outer Join 0 to 1
                keys:
                  0 
                  1 
                outputColumnNames: _col1, _col2, _col4, _col5, _col6, _col7, _col8
                Statistics: Num rows: 1 Data size: 2 Basic stats: COMPLETE Column stats: NONE
                Select Operator
                  expressions: 20 (type: int), _col1 (type: string), _col2 (type: string), 20 (type: int), _col4 (type: string), _col5 (type: string), _col6 (type: int), _col7 (type: string), _col8 (type: string)
                  outputColumnNames: _col0, _col1, _col2, _col3, _col4, _col5, _col6, _col7, _col8
                  Statistics: Num rows: 1 Data size: 2 Basic stats: COMPLETE Column stats: NONE
                  File Output Operator
                    compressed: false
                    Statistics: Num rows: 1 Data size: 2 Basic stats: COMPLETE Column stats: NONE
                    table:
                        input format: org.apache.hadoop.mapred.SequenceFileInputFormat
                        output format: org.apache.hadoop.hive.ql.io.HiveSequenceFileOutputFormat
                        serde: org.apache.hadoop.hive.serde2.lazy.LazySimpleSerDe

  Stage: Stage-0
    Fetch Operator
      limit: -1
      Processor Tree:
        ListSink

PREHOOK: query: drop table t1
PREHOOK: type: DROPTABLE
PREHOOK: Input: default@t1
PREHOOK: Output: default@t1
POSTHOOK: query: drop table t1
POSTHOOK: type: DROPTABLE
POSTHOOK: Input: default@t1
POSTHOOK: Output: default@t1
PREHOOK: query: drop table t2
PREHOOK: type: DROPTABLE
PREHOOK: Input: default@t2
PREHOOK: Output: default@t2
POSTHOOK: query: drop table t2
POSTHOOK: type: DROPTABLE
POSTHOOK: Input: default@t2
POSTHOOK: Output: default@t2
PREHOOK: query: drop table t3
PREHOOK: type: DROPTABLE
PREHOOK: Input: default@t3
PREHOOK: Output: default@t3
POSTHOOK: query: drop table t3
POSTHOOK: type: DROPTABLE
POSTHOOK: Input: default@t3
POSTHOOK: Output: default@t3
PREHOOK: query: drop table t4
PREHOOK: type: DROPTABLE
PREHOOK: Input: default@t4
PREHOOK: Output: default@t4
POSTHOOK: query: drop table t4
POSTHOOK: type: DROPTABLE
POSTHOOK: Input: default@t4
POSTHOOK: Output: default@t4
