PREHOOK: query: CREATE TABLE T1(key STRING, val STRING) STORED AS TEXTFILE
PREHOOK: type: CREATETABLE
PREHOOK: Output: database:default
PREHOOK: Output: default@T1
POSTHOOK: query: CREATE TABLE T1(key STRING, val STRING) STORED AS TEXTFILE
POSTHOOK: type: CREATETABLE
POSTHOOK: Output: database:default
POSTHOOK: Output: default@T1
PREHOOK: query: LOAD DATA LOCAL INPATH '../../data/files/T1.txt' INTO TABLE T1
PREHOOK: type: LOAD
#### A masked pattern was here ####
PREHOOK: Output: default@t1
POSTHOOK: query: LOAD DATA LOCAL INPATH '../../data/files/T1.txt' INTO TABLE T1
POSTHOOK: type: LOAD
#### A masked pattern was here ####
POSTHOOK: Output: default@t1
PREHOOK: query: EXPLAIN
SELECT COUNT(*) FROM
  (SELECT src1.key,src1.value FROM src src1 JOIN src src2 ON src1.key=src2.key) a
JOIN
  (SELECT src.key,src.value FROM src JOIN T1 ON src.key=T1.key) b
ON a.key=b.key
PREHOOK: type: QUERY
POSTHOOK: query: EXPLAIN
SELECT COUNT(*) FROM
  (SELECT src1.key,src1.value FROM src src1 JOIN src src2 ON src1.key=src2.key) a
JOIN
  (SELECT src.key,src.value FROM src JOIN T1 ON src.key=T1.key) b
ON a.key=b.key
POSTHOOK: type: QUERY
STAGE DEPENDENCIES:
  Stage-1 is a root stage
  Stage-7 depends on stages: Stage-1 , consists of Stage-10, Stage-9
  Stage-10
  Stage-6 depends on stages: Stage-10
  Stage-9 depends on stages: Stage-6
  Stage-5 depends on stages: Stage-9
  Stage-4 depends on stages: Stage-5 , consists of Stage-8, Stage-2
  Stage-8
  Stage-3 depends on stages: Stage-8
  Stage-2 depends on stages: Stage-3
  Stage-0 depends on stages: Stage-2

STAGE PLANS:
  Stage: Stage-1
    Spark
      Edges:
        Reducer 2 <- Map 1 (PARTITION-LEVEL SORT, 2), Map 5 (PARTITION-LEVEL SORT, 2)
#### A masked pattern was here ####
      Vertices:
        Map 1 
            Map Operator Tree:
                TableScan
                  alias: src1
                  Statistics: Num rows: 500 Data size: 5312 Basic stats: COMPLETE Column stats: NONE
                  Filter Operator
                    predicate: key is not null (type: boolean)
                    Statistics: Num rows: 500 Data size: 5312 Basic stats: COMPLETE Column stats: NONE
                    Select Operator
                      expressions: key (type: string)
                      outputColumnNames: _col0
                      Statistics: Num rows: 500 Data size: 5312 Basic stats: COMPLETE Column stats: NONE
                      Reduce Output Operator
                        key expressions: _col0 (type: string)
                        sort order: +
                        Map-reduce partition columns: _col0 (type: string)
                        Statistics: Num rows: 500 Data size: 5312 Basic stats: COMPLETE Column stats: NONE
        Map 5 
            Map Operator Tree:
                TableScan
                  alias: src2
                  Statistics: Num rows: 500 Data size: 5312 Basic stats: COMPLETE Column stats: NONE
                  Filter Operator
                    predicate: key is not null (type: boolean)
                    Statistics: Num rows: 500 Data size: 5312 Basic stats: COMPLETE Column stats: NONE
                    Select Operator
                      expressions: key (type: string)
                      outputColumnNames: _col0
                      Statistics: Num rows: 500 Data size: 5312 Basic stats: COMPLETE Column stats: NONE
                      Reduce Output Operator
                        key expressions: _col0 (type: string)
                        sort order: +
                        Map-reduce partition columns: _col0 (type: string)
                        Statistics: Num rows: 500 Data size: 5312 Basic stats: COMPLETE Column stats: NONE
        Reducer 2 
            Reduce Operator Tree:
              Join Operator
                condition map:
                     Inner Join 0 to 1
                handleSkewJoin: true
                keys:
                  0 _col0 (type: string)
                  1 _col0 (type: string)
                outputColumnNames: _col0
                Statistics: Num rows: 550 Data size: 5843 Basic stats: COMPLETE Column stats: NONE
                File Output Operator
                  compressed: false
                  table:
                      input format: org.apache.hadoop.mapred.SequenceFileInputFormat
                      output format: org.apache.hadoop.hive.ql.io.HiveSequenceFileOutputFormat
                      serde: org.apache.hadoop.hive.serde2.lazybinary.LazyBinarySerDe

  Stage: Stage-7
    Conditional Operator

  Stage: Stage-10
    Spark
#### A masked pattern was here ####
      Vertices:
        Map 13 
            Map Operator Tree:
                TableScan
                  Spark HashTable Sink Operator
                    keys:
                      0 reducesinkkey0 (type: string)
                      1 reducesinkkey0 (type: string)
            Local Work:
              Map Reduce Local Work

  Stage: Stage-6
    Spark
#### A masked pattern was here ####
      Vertices:
        Map 12 
            Map Operator Tree:
                TableScan
                  Map Join Operator
                    condition map:
                         Inner Join 0 to 1
                    keys:
                      0 reducesinkkey0 (type: string)
                      1 reducesinkkey0 (type: string)
                    outputColumnNames: _col0
                    File Output Operator
                      compressed: false
                      table:
                          input format: org.apache.hadoop.mapred.SequenceFileInputFormat
                          output format: org.apache.hadoop.hive.ql.io.HiveSequenceFileOutputFormat
                          serde: org.apache.hadoop.hive.serde2.lazybinary.LazyBinarySerDe
            Local Work:
              Map Reduce Local Work

  Stage: Stage-9
    Spark
#### A masked pattern was here ####
      Vertices:
        Map 7 
            Map Operator Tree:
                TableScan
                  alias: t1
                  Statistics: Num rows: 1 Data size: 30 Basic stats: COMPLETE Column stats: NONE
                  Filter Operator
                    predicate: key is not null (type: boolean)
                    Statistics: Num rows: 1 Data size: 30 Basic stats: COMPLETE Column stats: NONE
                    Select Operator
                      expressions: key (type: string)
                      outputColumnNames: _col0
                      Statistics: Num rows: 1 Data size: 30 Basic stats: COMPLETE Column stats: NONE
                      Spark HashTable Sink Operator
                        keys:
                          0 _col0 (type: string)
                          1 _col0 (type: string)
            Local Work:
              Map Reduce Local Work

  Stage: Stage-5
    Spark
      Edges:
        Reducer 3 <- Map 11 (PARTITION-LEVEL SORT, 2), Map 6 (PARTITION-LEVEL SORT, 2)
#### A masked pattern was here ####
      Vertices:
        Map 11 
            Map Operator Tree:
                TableScan
                  Reduce Output Operator
                    key expressions: _col0 (type: string)
                    sort order: +
                    Map-reduce partition columns: _col0 (type: string)
                    Statistics: Num rows: 550 Data size: 5843 Basic stats: COMPLETE Column stats: NONE
        Map 6 
            Map Operator Tree:
                TableScan
                  alias: src
                  Statistics: Num rows: 500 Data size: 5312 Basic stats: COMPLETE Column stats: NONE
                  Filter Operator
                    predicate: key is not null (type: boolean)
                    Statistics: Num rows: 500 Data size: 5312 Basic stats: COMPLETE Column stats: NONE
                    Select Operator
                      expressions: key (type: string)
                      outputColumnNames: _col0
                      Statistics: Num rows: 500 Data size: 5312 Basic stats: COMPLETE Column stats: NONE
                      Map Join Operator
                        condition map:
                             Inner Join 0 to 1
                        keys:
                          0 _col0 (type: string)
                          1 _col0 (type: string)
                        outputColumnNames: _col0
                        input vertices:
                          1 Map 7
                        Statistics: Num rows: 550 Data size: 5843 Basic stats: COMPLETE Column stats: NONE
                        Reduce Output Operator
                          key expressions: _col0 (type: string)
                          sort order: +
                          Map-reduce partition columns: _col0 (type: string)
                          Statistics: Num rows: 550 Data size: 5843 Basic stats: COMPLETE Column stats: NONE
            Local Work:
              Map Reduce Local Work
        Reducer 3 
            Reduce Operator Tree:
              Join Operator
                condition map:
                     Inner Join 0 to 1
                handleSkewJoin: true
                keys:
                  0 _col0 (type: string)
                  1 _col0 (type: string)
                Statistics: Num rows: 605 Data size: 6427 Basic stats: COMPLETE Column stats: NONE
                Group By Operator
                  aggregations: count()
                  mode: hash
                  outputColumnNames: _col0
                  Statistics: Num rows: 1 Data size: 8 Basic stats: COMPLETE Column stats: NONE
                  File Output Operator
                    compressed: false
                    table:
                        input format: org.apache.hadoop.mapred.SequenceFileInputFormat
                        output format: org.apache.hadoop.hive.ql.io.HiveSequenceFileOutputFormat
                        serde: org.apache.hadoop.hive.serde2.lazybinary.LazyBinarySerDe

  Stage: Stage-4
    Conditional Operator

  Stage: Stage-8
    Spark
#### A masked pattern was here ####
      Vertices:
        Map 10 
            Map Operator Tree:
                TableScan
                  Spark HashTable Sink Operator
                    keys:
                      0 reducesinkkey0 (type: string)
                      1 reducesinkkey0 (type: string)
            Local Work:
              Map Reduce Local Work

  Stage: Stage-3
    Spark
#### A masked pattern was here ####
      Vertices:
        Map 9 
            Map Operator Tree:
                TableScan
                  Map Join Operator
                    condition map:
                         Inner Join 0 to 1
                    keys:
                      0 reducesinkkey0 (type: string)
                      1 reducesinkkey0 (type: string)
                    Group By Operator
                      aggregations: count()
                      mode: hash
                      outputColumnNames: _col0
                      Statistics: Num rows: 1 Data size: 8 Basic stats: COMPLETE Column stats: NONE
                      File Output Operator
                        compressed: false
                        table:
                            input format: org.apache.hadoop.mapred.SequenceFileInputFormat
                            output format: org.apache.hadoop.hive.ql.io.HiveSequenceFileOutputFormat
                            serde: org.apache.hadoop.hive.serde2.lazybinary.LazyBinarySerDe
            Local Work:
              Map Reduce Local Work

  Stage: Stage-2
    Spark
      Edges:
        Reducer 4 <- Map 8 (GROUP, 1)
#### A masked pattern was here ####
      Vertices:
        Map 8 
            Map Operator Tree:
                TableScan
                  Reduce Output Operator
                    sort order: 
                    Statistics: Num rows: 1 Data size: 8 Basic stats: COMPLETE Column stats: NONE
                    value expressions: _col0 (type: bigint)
        Reducer 4 
            Reduce Operator Tree:
              Group By Operator
                aggregations: count(VALUE._col0)
                mode: mergepartial
                outputColumnNames: _col0
                Statistics: Num rows: 1 Data size: 8 Basic stats: COMPLETE Column stats: NONE
                File Output Operator
                  compressed: false
                  Statistics: Num rows: 1 Data size: 8 Basic stats: COMPLETE Column stats: NONE
                  table:
                      input format: org.apache.hadoop.mapred.SequenceFileInputFormat
                      output format: org.apache.hadoop.hive.ql.io.HiveSequenceFileOutputFormat
                      serde: org.apache.hadoop.hive.serde2.lazy.LazySimpleSerDe

  Stage: Stage-0
    Fetch Operator
      limit: -1
      Processor Tree:
        ListSink

PREHOOK: query: SELECT COUNT(*) FROM
  (SELECT src1.key,src1.value FROM src src1 JOIN src src2 ON src1.key=src2.key) a
JOIN
  (SELECT src.key,src.value FROM src JOIN T1 ON src.key=T1.key) b
ON a.key=b.key
PREHOOK: type: QUERY
PREHOOK: Input: default@src
PREHOOK: Input: default@t1
#### A masked pattern was here ####
POSTHOOK: query: SELECT COUNT(*) FROM
  (SELECT src1.key,src1.value FROM src src1 JOIN src src2 ON src1.key=src2.key) a
JOIN
  (SELECT src.key,src.value FROM src JOIN T1 ON src.key=T1.key) b
ON a.key=b.key
POSTHOOK: type: QUERY
POSTHOOK: Input: default@src
POSTHOOK: Input: default@t1
#### A masked pattern was here ####
3
