PREHOOK: query: CREATE TABLE T1(key STRING, val STRING) STORED AS TEXTFILE
PREHOOK: type: CREATETABLE
PREHOOK: Output: database:default
PREHOOK: Output: default@T1
POSTHOOK: query: CREATE TABLE T1(key STRING, val STRING) STORED AS TEXTFILE
POSTHOOK: type: CREATETABLE
POSTHOOK: Output: database:default
POSTHOOK: Output: default@T1
PREHOOK: query: LOAD DATA LOCAL INPATH '../../data/files/T1.txt' INTO TABLE T1
PREHOOK: type: LOAD
#### A masked pattern was here ####
PREHOOK: Output: default@t1
POSTHOOK: query: LOAD DATA LOCAL INPATH '../../data/files/T1.txt' INTO TABLE T1
POSTHOOK: type: LOAD
#### A masked pattern was here ####
POSTHOOK: Output: default@t1
PREHOOK: query: CREATE TABLE T2(key STRING, val STRING)
SKEWED BY (key) ON ((3), (8)) STORED AS TEXTFILE
PREHOOK: type: CREATETABLE
PREHOOK: Output: database:default
PREHOOK: Output: default@T2
POSTHOOK: query: CREATE TABLE T2(key STRING, val STRING)
SKEWED BY (key) ON ((3), (8)) STORED AS TEXTFILE
POSTHOOK: type: CREATETABLE
POSTHOOK: Output: database:default
POSTHOOK: Output: default@T2
PREHOOK: query: LOAD DATA LOCAL INPATH '../../data/files/T2.txt' INTO TABLE T2
PREHOOK: type: LOAD
#### A masked pattern was here ####
PREHOOK: Output: default@t2
POSTHOOK: query: LOAD DATA LOCAL INPATH '../../data/files/T2.txt' INTO TABLE T2
POSTHOOK: type: LOAD
#### A masked pattern was here ####
POSTHOOK: Output: default@t2
PREHOOK: query: CREATE TABLE T3(key STRING, val STRING) STORED AS TEXTFILE
PREHOOK: type: CREATETABLE
PREHOOK: Output: database:default
PREHOOK: Output: default@T3
POSTHOOK: query: CREATE TABLE T3(key STRING, val STRING) STORED AS TEXTFILE
POSTHOOK: type: CREATETABLE
POSTHOOK: Output: database:default
POSTHOOK: Output: default@T3
PREHOOK: query: LOAD DATA LOCAL INPATH '../../data/files/T3.txt' INTO TABLE T3
PREHOOK: type: LOAD
#### A masked pattern was here ####
PREHOOK: Output: default@t3
POSTHOOK: query: LOAD DATA LOCAL INPATH '../../data/files/T3.txt' INTO TABLE T3
POSTHOOK: type: LOAD
#### A masked pattern was here ####
POSTHOOK: Output: default@t3
PREHOOK: query: -- This test is for validating skewed join compile time optimization for more than
-- 2 tables. The join key is the same, and so a 3-way join would be performed.
-- 1 of the 3 tables are skewed on the join key
-- adding a order by at the end to make the results deterministic

EXPLAIN
SELECT a.*, b.*, c.* FROM T1 a JOIN T2 b ON a.key = b.key JOIN T3 c on a.key = c.key
PREHOOK: type: QUERY
POSTHOOK: query: -- This test is for validating skewed join compile time optimization for more than
-- 2 tables. The join key is the same, and so a 3-way join would be performed.
-- 1 of the 3 tables are skewed on the join key
-- adding a order by at the end to make the results deterministic

EXPLAIN
SELECT a.*, b.*, c.* FROM T1 a JOIN T2 b ON a.key = b.key JOIN T3 c on a.key = c.key
POSTHOOK: type: QUERY
STAGE DEPENDENCIES:
  Stage-1 is a root stage
  Stage-0 depends on stages: Stage-1

STAGE PLANS:
  Stage: Stage-1
    Spark
      Edges:
        Reducer 2 <- Map 1 (PARTITION-LEVEL SORT, 2), Map 3 (PARTITION-LEVEL SORT, 2), Map 4 (PARTITION-LEVEL SORT, 2)
        Reducer 6 <- Map 5 (PARTITION-LEVEL SORT, 2), Map 7 (PARTITION-LEVEL SORT, 2), Map 8 (PARTITION-LEVEL SORT, 2)
#### A masked pattern was here ####
      Vertices:
        Map 1 
            Map Operator Tree:
                TableScan
                  alias: a
                  Statistics: Num rows: 1 Data size: 30 Basic stats: COMPLETE Column stats: NONE
                  Filter Operator
                    predicate: (key is not null and ((key = '3') or (key = '8'))) (type: boolean)
                    Statistics: Num rows: 1 Data size: 30 Basic stats: COMPLETE Column stats: NONE
                    Reduce Output Operator
                      key expressions: key (type: string)
                      sort order: +
                      Map-reduce partition columns: key (type: string)
                      Statistics: Num rows: 1 Data size: 30 Basic stats: COMPLETE Column stats: NONE
                      value expressions: val (type: string)
        Map 3 
            Map Operator Tree:
                TableScan
                  alias: b
                  Statistics: Num rows: 1 Data size: 30 Basic stats: COMPLETE Column stats: NONE
                  Filter Operator
                    predicate: (key is not null and ((key = '3') or (key = '8'))) (type: boolean)
                    Statistics: Num rows: 1 Data size: 30 Basic stats: COMPLETE Column stats: NONE
                    Reduce Output Operator
                      key expressions: key (type: string)
                      sort order: +
                      Map-reduce partition columns: key (type: string)
                      Statistics: Num rows: 1 Data size: 30 Basic stats: COMPLETE Column stats: NONE
                      value expressions: val (type: string)
        Map 4 
            Map Operator Tree:
                TableScan
                  alias: c
                  Statistics: Num rows: 1 Data size: 20 Basic stats: COMPLETE Column stats: NONE
                  Filter Operator
                    predicate: (key is not null and ((key = '3') or (key = '8'))) (type: boolean)
                    Statistics: Num rows: 1 Data size: 20 Basic stats: COMPLETE Column stats: NONE
                    Reduce Output Operator
                      key expressions: key (type: string)
                      sort order: +
                      Map-reduce partition columns: key (type: string)
                      Statistics: Num rows: 1 Data size: 20 Basic stats: COMPLETE Column stats: NONE
                      value expressions: val (type: string)
        Map 5 
            Map Operator Tree:
                TableScan
                  alias: a
                  Statistics: Num rows: 1 Data size: 30 Basic stats: COMPLETE Column stats: NONE
                  Filter Operator
                    predicate: (key is not null and (not ((key = '3') or (key = '8')))) (type: boolean)
                    Statistics: Num rows: 1 Data size: 30 Basic stats: COMPLETE Column stats: NONE
                    Reduce Output Operator
                      key expressions: key (type: string)
                      sort order: +
                      Map-reduce partition columns: key (type: string)
                      Statistics: Num rows: 1 Data size: 30 Basic stats: COMPLETE Column stats: NONE
                      value expressions: val (type: string)
        Map 7 
            Map Operator Tree:
                TableScan
                  alias: b
                  Statistics: Num rows: 1 Data size: 30 Basic stats: COMPLETE Column stats: NONE
                  Filter Operator
                    predicate: (key is not null and (not ((key = '3') or (key = '8')))) (type: boolean)
                    Statistics: Num rows: 1 Data size: 30 Basic stats: COMPLETE Column stats: NONE
                    Reduce Output Operator
                      key expressions: key (type: string)
                      sort order: +
                      Map-reduce partition columns: key (type: string)
                      Statistics: Num rows: 1 Data size: 30 Basic stats: COMPLETE Column stats: NONE
                      value expressions: val (type: string)
        Map 8 
            Map Operator Tree:
                TableScan
                  alias: c
                  Statistics: Num rows: 1 Data size: 20 Basic stats: COMPLETE Column stats: NONE
                  Filter Operator
                    predicate: (key is not null and (not ((key = '3') or (key = '8')))) (type: boolean)
                    Statistics: Num rows: 1 Data size: 20 Basic stats: COMPLETE Column stats: NONE
                    Reduce Output Operator
                      key expressions: key (type: string)
                      sort order: +
                      Map-reduce partition columns: key (type: string)
                      Statistics: Num rows: 1 Data size: 20 Basic stats: COMPLETE Column stats: NONE
                      value expressions: val (type: string)
        Reducer 2 
            Reduce Operator Tree:
              Join Operator
                condition map:
                     Inner Join 0 to 1
                     Inner Join 0 to 2
                outputColumnNames: _col0, _col1, _col5, _col6, _col10, _col11
                Statistics: Num rows: 2 Data size: 66 Basic stats: COMPLETE Column stats: NONE
                Select Operator
                  expressions: _col0 (type: string), _col1 (type: string), _col5 (type: string), _col6 (type: string), _col10 (type: string), _col11 (type: string)
                  outputColumnNames: _col0, _col1, _col2, _col3, _col4, _col5
                  Statistics: Num rows: 2 Data size: 66 Basic stats: COMPLETE Column stats: NONE
                  File Output Operator
                    compressed: false
                    Statistics: Num rows: 4 Data size: 132 Basic stats: COMPLETE Column stats: NONE
                    table:
                        input format: org.apache.hadoop.mapred.TextInputFormat
                        output format: org.apache.hadoop.hive.ql.io.HiveIgnoreKeyTextOutputFormat
                        serde: org.apache.hadoop.hive.serde2.lazy.LazySimpleSerDe
        Reducer 6 
            Reduce Operator Tree:
              Join Operator
                condition map:
                     Inner Join 0 to 1
                     Inner Join 0 to 2
                outputColumnNames: _col0, _col1, _col5, _col6, _col10, _col11
                Statistics: Num rows: 2 Data size: 66 Basic stats: COMPLETE Column stats: NONE
                Select Operator
                  expressions: _col0 (type: string), _col1 (type: string), _col5 (type: string), _col6 (type: string), _col10 (type: string), _col11 (type: string)
                  outputColumnNames: _col0, _col1, _col2, _col3, _col4, _col5
                  Statistics: Num rows: 2 Data size: 66 Basic stats: COMPLETE Column stats: NONE
                  File Output Operator
                    compressed: false
                    Statistics: Num rows: 4 Data size: 132 Basic stats: COMPLETE Column stats: NONE
                    table:
                        input format: org.apache.hadoop.mapred.TextInputFormat
                        output format: org.apache.hadoop.hive.ql.io.HiveIgnoreKeyTextOutputFormat
                        serde: org.apache.hadoop.hive.serde2.lazy.LazySimpleSerDe

  Stage: Stage-0
    Fetch Operator
      limit: -1
      Processor Tree:
        ListSink

PREHOOK: query: SELECT a.*, b.*, c.* FROM T1 a JOIN T2 b ON a.key = b.key JOIN T3 c on a.key = c.key
ORDER BY a.key, b.key, c.key, a.val, b.val, c.val
PREHOOK: type: QUERY
PREHOOK: Input: default@t1
PREHOOK: Input: default@t2
PREHOOK: Input: default@t3
#### A masked pattern was here ####
POSTHOOK: query: SELECT a.*, b.*, c.* FROM T1 a JOIN T2 b ON a.key = b.key JOIN T3 c on a.key = c.key
ORDER BY a.key, b.key, c.key, a.val, b.val, c.val
POSTHOOK: type: QUERY
POSTHOOK: Input: default@t1
POSTHOOK: Input: default@t2
POSTHOOK: Input: default@t3
#### A masked pattern was here ####
2	12	2	22	2	12
