PREHOOK: query: create table smb_bucket_1(key int, value string) CLUSTERED BY (key) SORTED BY (key) INTO 1 BUCKETS STORED AS RCFILE
PREHOOK: type: CREATETABLE
PREHOOK: Output: database:default
PREHOOK: Output: default@smb_bucket_1
POSTHOOK: query: create table smb_bucket_1(key int, value string) CLUSTERED BY (key) SORTED BY (key) INTO 1 BUCKETS STORED AS RCFILE
POSTHOOK: type: CREATETABLE
POSTHOOK: Output: database:default
POSTHOOK: Output: default@smb_bucket_1
PREHOOK: query: create table smb_bucket_2(key int, value string) CLUSTERED BY (key) SORTED BY (key) INTO 1 BUCKETS STORED AS RCFILE
PREHOOK: type: CREATETABLE
PREHOOK: Output: database:default
PREHOOK: Output: default@smb_bucket_2
POSTHOOK: query: create table smb_bucket_2(key int, value string) CLUSTERED BY (key) SORTED BY (key) INTO 1 BUCKETS STORED AS RCFILE
POSTHOOK: type: CREATETABLE
POSTHOOK: Output: database:default
POSTHOOK: Output: default@smb_bucket_2
PREHOOK: query: create table smb_bucket_3(key int, value string) CLUSTERED BY (key) SORTED BY (key) INTO 1 BUCKETS STORED AS RCFILE
PREHOOK: type: CREATETABLE
PREHOOK: Output: database:default
PREHOOK: Output: default@smb_bucket_3
POSTHOOK: query: create table smb_bucket_3(key int, value string) CLUSTERED BY (key) SORTED BY (key) INTO 1 BUCKETS STORED AS RCFILE
POSTHOOK: type: CREATETABLE
POSTHOOK: Output: database:default
POSTHOOK: Output: default@smb_bucket_3
PREHOOK: query: load data local inpath '../../data/files/smb_rc1/000000_0' overwrite into table smb_bucket_1
PREHOOK: type: LOAD
#### A masked pattern was here ####
PREHOOK: Output: default@smb_bucket_1
POSTHOOK: query: load data local inpath '../../data/files/smb_rc1/000000_0' overwrite into table smb_bucket_1
POSTHOOK: type: LOAD
#### A masked pattern was here ####
POSTHOOK: Output: default@smb_bucket_1
PREHOOK: query: load data local inpath '../../data/files/smb_rc2/000000_0' overwrite into table smb_bucket_2
PREHOOK: type: LOAD
#### A masked pattern was here ####
PREHOOK: Output: default@smb_bucket_2
POSTHOOK: query: load data local inpath '../../data/files/smb_rc2/000000_0' overwrite into table smb_bucket_2
POSTHOOK: type: LOAD
#### A masked pattern was here ####
POSTHOOK: Output: default@smb_bucket_2
PREHOOK: query: load data local inpath '../../data/files/smb_rc3/000000_0' overwrite into table smb_bucket_3
PREHOOK: type: LOAD
#### A masked pattern was here ####
PREHOOK: Output: default@smb_bucket_3
POSTHOOK: query: load data local inpath '../../data/files/smb_rc3/000000_0' overwrite into table smb_bucket_3
POSTHOOK: type: LOAD
#### A masked pattern was here ####
POSTHOOK: Output: default@smb_bucket_3
Warning: Shuffle Join JOIN[8][tables = [$hdt$_0, $hdt$_1]] in Work 'Reducer 2' is a cross product
Warning: Shuffle Join JOIN[18][tables = [$hdt$_1, $hdt$_2]] in Work 'Reducer 6' is a cross product
Warning: Shuffle Join JOIN[22][tables = [$hdt$_0, $hdt$_1]] in Work 'Reducer 3' is a cross product
PREHOOK: query: explain 
select * from (select a.key from smb_bucket_1 a join smb_bucket_2 b on (a.key = b.key) where a.key = 5) t1 left outer join (select c.key from smb_bucket_2 c join smb_bucket_3 d on (c.key = d.key) where c.key=5) t2 on (t1.key=t2.key) where t2.key=5
PREHOOK: type: QUERY
POSTHOOK: query: explain 
select * from (select a.key from smb_bucket_1 a join smb_bucket_2 b on (a.key = b.key) where a.key = 5) t1 left outer join (select c.key from smb_bucket_2 c join smb_bucket_3 d on (c.key = d.key) where c.key=5) t2 on (t1.key=t2.key) where t2.key=5
POSTHOOK: type: QUERY
STAGE DEPENDENCIES:
  Stage-1 is a root stage
  Stage-0 depends on stages: Stage-1

STAGE PLANS:
  Stage: Stage-1
    Spark
      Edges:
        Reducer 2 <- Map 1 (PARTITION-LEVEL SORT, 1), Map 4 (PARTITION-LEVEL SORT, 1)
        Reducer 3 <- Reducer 2 (PARTITION-LEVEL SORT, 1), Reducer 6 (PARTITION-LEVEL SORT, 1)
        Reducer 6 <- Map 5 (PARTITION-LEVEL SORT, 1), Map 7 (PARTITION-LEVEL SORT, 1)
#### A masked pattern was here ####
      Vertices:
        Map 1 
            Map Operator Tree:
                TableScan
                  alias: a
                  Statistics: Num rows: 1 Data size: 2080 Basic stats: COMPLETE Column stats: NONE
                  Filter Operator
                    predicate: (key = 5) (type: boolean)
                    Statistics: Num rows: 1 Data size: 2080 Basic stats: COMPLETE Column stats: NONE
                    Select Operator
                      Statistics: Num rows: 1 Data size: 2080 Basic stats: COMPLETE Column stats: NONE
                      Reduce Output Operator
                        sort order: 
                        Statistics: Num rows: 1 Data size: 2080 Basic stats: COMPLETE Column stats: NONE
            Execution mode: vectorized
        Map 4 
            Map Operator Tree:
                TableScan
                  alias: b
                  Statistics: Num rows: 1 Data size: 2060 Basic stats: COMPLETE Column stats: NONE
                  Filter Operator
                    predicate: (key = 5) (type: boolean)
                    Statistics: Num rows: 1 Data size: 2060 Basic stats: COMPLETE Column stats: NONE
                    Select Operator
                      Statistics: Num rows: 1 Data size: 2060 Basic stats: COMPLETE Column stats: NONE
                      Reduce Output Operator
                        sort order: 
                        Statistics: Num rows: 1 Data size: 2060 Basic stats: COMPLETE Column stats: NONE
            Execution mode: vectorized
        Map 5 
            Map Operator Tree:
                TableScan
                  alias: c
                  Statistics: Num rows: 1 Data size: 2060 Basic stats: COMPLETE Column stats: NONE
                  Filter Operator
                    predicate: (key = 5) (type: boolean)
                    Statistics: Num rows: 1 Data size: 2060 Basic stats: COMPLETE Column stats: NONE
                    Select Operator
                      Statistics: Num rows: 1 Data size: 2060 Basic stats: COMPLETE Column stats: NONE
                      Reduce Output Operator
                        sort order: 
                        Statistics: Num rows: 1 Data size: 2060 Basic stats: COMPLETE Column stats: NONE
            Execution mode: vectorized
        Map 7 
            Map Operator Tree:
                TableScan
                  alias: d
                  Statistics: Num rows: 1 Data size: 2220 Basic stats: COMPLETE Column stats: NONE
                  Filter Operator
                    predicate: (key = 5) (type: boolean)
                    Statistics: Num rows: 1 Data size: 2220 Basic stats: COMPLETE Column stats: NONE
                    Select Operator
                      Statistics: Num rows: 1 Data size: 2220 Basic stats: COMPLETE Column stats: NONE
                      Reduce Output Operator
                        sort order: 
                        Statistics: Num rows: 1 Data size: 2220 Basic stats: COMPLETE Column stats: NONE
            Execution mode: vectorized
        Reducer 2 
            Reduce Operator Tree:
              Join Operator
                condition map:
                     Inner Join 0 to 1
                keys:
                  0 
                  1 
                Statistics: Num rows: 1 Data size: 4141 Basic stats: COMPLETE Column stats: NONE
                Reduce Output Operator
                  sort order: 
                  Statistics: Num rows: 1 Data size: 4141 Basic stats: COMPLETE Column stats: NONE
        Reducer 3 
            Reduce Operator Tree:
              Join Operator
                condition map:
                     Inner Join 0 to 1
                keys:
                  0 
                  1 
                Statistics: Num rows: 1 Data size: 8423 Basic stats: COMPLETE Column stats: NONE
                Select Operator
                  expressions: 5 (type: int), 5 (type: int)
                  outputColumnNames: _col0, _col1
                  Statistics: Num rows: 1 Data size: 8423 Basic stats: COMPLETE Column stats: NONE
                  File Output Operator
                    compressed: false
                    Statistics: Num rows: 1 Data size: 8423 Basic stats: COMPLETE Column stats: NONE
                    table:
                        input format: org.apache.hadoop.mapred.SequenceFileInputFormat
                        output format: org.apache.hadoop.hive.ql.io.HiveSequenceFileOutputFormat
                        serde: org.apache.hadoop.hive.serde2.lazy.LazySimpleSerDe
        Reducer 6 
            Reduce Operator Tree:
              Join Operator
                condition map:
                     Inner Join 0 to 1
                keys:
                  0 
                  1 
                Statistics: Num rows: 1 Data size: 4281 Basic stats: COMPLETE Column stats: NONE
                Reduce Output Operator
                  sort order: 
                  Statistics: Num rows: 1 Data size: 4281 Basic stats: COMPLETE Column stats: NONE

  Stage: Stage-0
    Fetch Operator
      limit: -1
      Processor Tree:
        ListSink

Warning: Map Join MAPJOIN[29][bigTable=?] in task 'Stage-1:MAPRED' is a cross product
Warning: Map Join MAPJOIN[31][bigTable=?] in task 'Stage-1:MAPRED' is a cross product
Warning: Map Join MAPJOIN[30][bigTable=?] in task 'Stage-2:MAPRED' is a cross product
PREHOOK: query: explain 
select * from (select a.key from smb_bucket_1 a join smb_bucket_2 b on (a.key = b.key) where a.key = 5) t1 left outer join (select c.key from smb_bucket_2 c join smb_bucket_3 d on (c.key = d.key) where c.key=5) t2 on (t1.key=t2.key) where t2.key=5
PREHOOK: type: QUERY
POSTHOOK: query: explain 
select * from (select a.key from smb_bucket_1 a join smb_bucket_2 b on (a.key = b.key) where a.key = 5) t1 left outer join (select c.key from smb_bucket_2 c join smb_bucket_3 d on (c.key = d.key) where c.key=5) t2 on (t1.key=t2.key) where t2.key=5
POSTHOOK: type: QUERY
STAGE DEPENDENCIES:
  Stage-3 is a root stage
  Stage-2 depends on stages: Stage-3
  Stage-1 depends on stages: Stage-2
  Stage-0 depends on stages: Stage-1

STAGE PLANS:
  Stage: Stage-3
    Spark
#### A masked pattern was here ####
      Vertices:
        Map 2 
            Map Operator Tree:
                TableScan
                  alias: b
                  Statistics: Num rows: 1 Data size: 2060 Basic stats: COMPLETE Column stats: NONE
                  Filter Operator
                    predicate: (key = 5) (type: boolean)
                    Statistics: Num rows: 1 Data size: 2060 Basic stats: COMPLETE Column stats: NONE
                    Select Operator
                      Statistics: Num rows: 1 Data size: 2060 Basic stats: COMPLETE Column stats: NONE
                      Spark HashTable Sink Operator
                        keys:
                          0 
                          1 
            Execution mode: vectorized
            Local Work:
              Map Reduce Local Work

  Stage: Stage-2
    Spark
#### A masked pattern was here ####
      Vertices:
        Map 1 
            Map Operator Tree:
                TableScan
                  alias: a
                  Statistics: Num rows: 1 Data size: 2080 Basic stats: COMPLETE Column stats: NONE
                  Filter Operator
                    predicate: (key = 5) (type: boolean)
                    Statistics: Num rows: 1 Data size: 2080 Basic stats: COMPLETE Column stats: NONE
                    Select Operator
                      Statistics: Num rows: 1 Data size: 2080 Basic stats: COMPLETE Column stats: NONE
                      Map Join Operator
                        condition map:
                             Inner Join 0 to 1
                        keys:
                          0 
                          1 
                        input vertices:
                          1 Map 2
                        Statistics: Num rows: 1 Data size: 4141 Basic stats: COMPLETE Column stats: NONE
                        Spark HashTable Sink Operator
                          keys:
                            0 
                            1 
            Execution mode: vectorized
            Local Work:
              Map Reduce Local Work
        Map 3 
            Map Operator Tree:
                TableScan
                  alias: c
                  Statistics: Num rows: 1 Data size: 2060 Basic stats: COMPLETE Column stats: NONE
                  Filter Operator
                    predicate: (key = 5) (type: boolean)
                    Statistics: Num rows: 1 Data size: 2060 Basic stats: COMPLETE Column stats: NONE
                    Select Operator
                      Statistics: Num rows: 1 Data size: 2060 Basic stats: COMPLETE Column stats: NONE
                      Spark HashTable Sink Operator
                        keys:
                          0 
                          1 
            Execution mode: vectorized
            Local Work:
              Map Reduce Local Work

  Stage: Stage-1
    Spark
#### A masked pattern was here ####
      Vertices:
        Map 4 
            Map Operator Tree:
                TableScan
                  alias: d
                  Statistics: Num rows: 1 Data size: 2220 Basic stats: COMPLETE Column stats: NONE
                  Filter Operator
                    predicate: (key = 5) (type: boolean)
                    Statistics: Num rows: 1 Data size: 2220 Basic stats: COMPLETE Column stats: NONE
                    Select Operator
                      Statistics: Num rows: 1 Data size: 2220 Basic stats: COMPLETE Column stats: NONE
                      Map Join Operator
                        condition map:
                             Inner Join 0 to 1
                        keys:
                          0 
                          1 
                        input vertices:
                          0 Map 3
                        Statistics: Num rows: 1 Data size: 4281 Basic stats: COMPLETE Column stats: NONE
                        Map Join Operator
                          condition map:
                               Inner Join 0 to 1
                          keys:
                            0 
                            1 
                          input vertices:
                            0 Map 1
                          Statistics: Num rows: 1 Data size: 8423 Basic stats: COMPLETE Column stats: NONE
                          Select Operator
                            expressions: 5 (type: int), 5 (type: int)
                            outputColumnNames: _col0, _col1
                            Statistics: Num rows: 1 Data size: 8423 Basic stats: COMPLETE Column stats: NONE
                            File Output Operator
                              compressed: false
                              Statistics: Num rows: 1 Data size: 8423 Basic stats: COMPLETE Column stats: NONE
                              table:
                                  input format: org.apache.hadoop.mapred.SequenceFileInputFormat
                                  output format: org.apache.hadoop.hive.ql.io.HiveSequenceFileOutputFormat
                                  serde: org.apache.hadoop.hive.serde2.lazy.LazySimpleSerDe
            Execution mode: vectorized
            Local Work:
              Map Reduce Local Work

  Stage: Stage-0
    Fetch Operator
      limit: -1
      Processor Tree:
        ListSink

Warning: Map Join MAPJOIN[29][bigTable=?] in task 'Stage-1:MAPRED' is a cross product
Warning: Map Join MAPJOIN[31][bigTable=?] in task 'Stage-1:MAPRED' is a cross product
Warning: Map Join MAPJOIN[30][bigTable=?] in task 'Stage-2:MAPRED' is a cross product
PREHOOK: query: select * from (select a.key from smb_bucket_1 a join smb_bucket_2 b on (a.key = b.key) where a.key = 5) t1 left outer join (select c.key from smb_bucket_2 c join smb_bucket_3 d on (c.key = d.key) where c.key=5) t2 on (t1.key=t2.key) where t2.key=5
PREHOOK: type: QUERY
PREHOOK: Input: default@smb_bucket_1
PREHOOK: Input: default@smb_bucket_2
PREHOOK: Input: default@smb_bucket_3
#### A masked pattern was here ####
POSTHOOK: query: select * from (select a.key from smb_bucket_1 a join smb_bucket_2 b on (a.key = b.key) where a.key = 5) t1 left outer join (select c.key from smb_bucket_2 c join smb_bucket_3 d on (c.key = d.key) where c.key=5) t2 on (t1.key=t2.key) where t2.key=5
POSTHOOK: type: QUERY
POSTHOOK: Input: default@smb_bucket_1
POSTHOOK: Input: default@smb_bucket_2
POSTHOOK: Input: default@smb_bucket_3
#### A masked pattern was here ####
