PREHOOK: query: CREATE TABLE tbl1_n14(key int, value string) CLUSTERED BY (key) SORTED BY (key) INTO 2 BUCKETS
PREHOOK: type: CREATETABLE
PREHOOK: Output: database:default
PREHOOK: Output: default@tbl1_n14
POSTHOOK: query: CREATE TABLE tbl1_n14(key int, value string) CLUSTERED BY (key) SORTED BY (key) INTO 2 BUCKETS
POSTHOOK: type: CREATETABLE
POSTHOOK: Output: database:default
POSTHOOK: Output: default@tbl1_n14
PREHOOK: query: CREATE TABLE tbl2_n13(key int, value string) CLUSTERED BY (key) SORTED BY (key) INTO 2 BUCKETS
PREHOOK: type: CREATETABLE
PREHOOK: Output: database:default
PREHOOK: Output: default@tbl2_n13
POSTHOOK: query: CREATE TABLE tbl2_n13(key int, value string) CLUSTERED BY (key) SORTED BY (key) INTO 2 BUCKETS
POSTHOOK: type: CREATETABLE
POSTHOOK: Output: database:default
POSTHOOK: Output: default@tbl2_n13
PREHOOK: query: insert overwrite table tbl1_n14
select * from src where key < 10
PREHOOK: type: QUERY
PREHOOK: Input: default@src
PREHOOK: Output: default@tbl1_n14
POSTHOOK: query: insert overwrite table tbl1_n14
select * from src where key < 10
POSTHOOK: type: QUERY
POSTHOOK: Input: default@src
POSTHOOK: Output: default@tbl1_n14
POSTHOOK: Lineage: tbl1_n14.key EXPRESSION [(src)src.FieldSchema(name:key, type:string, comment:default), ]
POSTHOOK: Lineage: tbl1_n14.value SIMPLE [(src)src.FieldSchema(name:value, type:string, comment:default), ]
PREHOOK: query: insert overwrite table tbl2_n13
select * from src where key < 10
PREHOOK: type: QUERY
PREHOOK: Input: default@src
PREHOOK: Output: default@tbl2_n13
POSTHOOK: query: insert overwrite table tbl2_n13
select * from src where key < 10
POSTHOOK: type: QUERY
POSTHOOK: Input: default@src
POSTHOOK: Output: default@tbl2_n13
POSTHOOK: Lineage: tbl2_n13.key EXPRESSION [(src)src.FieldSchema(name:key, type:string, comment:default), ]
POSTHOOK: Lineage: tbl2_n13.value SIMPLE [(src)src.FieldSchema(name:value, type:string, comment:default), ]
PREHOOK: query: explain
select count(*) from (
  select /*+mapjoin(a)*/ a.key as key, a.value as val1, b.value as val2 from tbl1_n14 a join tbl2_n13 b on a.key = b.key
) subq1
PREHOOK: type: QUERY
POSTHOOK: query: explain
select count(*) from (
  select /*+mapjoin(a)*/ a.key as key, a.value as val1, b.value as val2 from tbl1_n14 a join tbl2_n13 b on a.key = b.key
) subq1
POSTHOOK: type: QUERY
STAGE DEPENDENCIES:
  Stage-1 is a root stage
  Stage-0 depends on stages: Stage-1

STAGE PLANS:
  Stage: Stage-1
    Spark
      Edges:
        Reducer 2 <- Map 1 (PARTITION-LEVEL SORT, 1), Map 4 (PARTITION-LEVEL SORT, 1)
        Reducer 3 <- Reducer 2 (GROUP, 1)
#### A masked pattern was here ####
      Vertices:
        Map 1 
            Map Operator Tree:
                TableScan
                  alias: a
                  Statistics: Num rows: 10 Data size: 70 Basic stats: COMPLETE Column stats: NONE
                  Filter Operator
                    predicate: key is not null (type: boolean)
                    Statistics: Num rows: 10 Data size: 70 Basic stats: COMPLETE Column stats: NONE
                    Select Operator
                      expressions: key (type: int)
                      outputColumnNames: _col0
                      Statistics: Num rows: 10 Data size: 70 Basic stats: COMPLETE Column stats: NONE
                      Reduce Output Operator
                        key expressions: _col0 (type: int)
                        sort order: +
                        Map-reduce partition columns: _col0 (type: int)
                        Statistics: Num rows: 10 Data size: 70 Basic stats: COMPLETE Column stats: NONE
            Execution mode: vectorized
        Map 4 
            Map Operator Tree:
                TableScan
                  alias: b
                  Statistics: Num rows: 10 Data size: 70 Basic stats: COMPLETE Column stats: NONE
                  Filter Operator
                    predicate: key is not null (type: boolean)
                    Statistics: Num rows: 10 Data size: 70 Basic stats: COMPLETE Column stats: NONE
                    Select Operator
                      expressions: key (type: int)
                      outputColumnNames: _col0
                      Statistics: Num rows: 10 Data size: 70 Basic stats: COMPLETE Column stats: NONE
                      Reduce Output Operator
                        key expressions: _col0 (type: int)
                        sort order: +
                        Map-reduce partition columns: _col0 (type: int)
                        Statistics: Num rows: 10 Data size: 70 Basic stats: COMPLETE Column stats: NONE
            Execution mode: vectorized
        Reducer 2 
            Reduce Operator Tree:
              Join Operator
                condition map:
                     Inner Join 0 to 1
                keys:
                  0 _col0 (type: int)
                  1 _col0 (type: int)
                Statistics: Num rows: 11 Data size: 77 Basic stats: COMPLETE Column stats: NONE
                Group By Operator
                  aggregations: count()
                  mode: hash
                  outputColumnNames: _col0
                  Statistics: Num rows: 1 Data size: 8 Basic stats: COMPLETE Column stats: NONE
                  Reduce Output Operator
                    sort order: 
                    Statistics: Num rows: 1 Data size: 8 Basic stats: COMPLETE Column stats: NONE
                    value expressions: _col0 (type: bigint)
        Reducer 3 
            Execution mode: vectorized
            Reduce Operator Tree:
              Group By Operator
                aggregations: count(VALUE._col0)
                mode: mergepartial
                outputColumnNames: _col0
                Statistics: Num rows: 1 Data size: 8 Basic stats: COMPLETE Column stats: NONE
                File Output Operator
                  compressed: false
                  Statistics: Num rows: 1 Data size: 8 Basic stats: COMPLETE Column stats: NONE
                  table:
                      input format: org.apache.hadoop.mapred.SequenceFileInputFormat
                      output format: org.apache.hadoop.hive.ql.io.HiveSequenceFileOutputFormat
                      serde: org.apache.hadoop.hive.serde2.lazy.LazySimpleSerDe

  Stage: Stage-0
    Fetch Operator
      limit: -1
      Processor Tree:
        ListSink

PREHOOK: query: select count(*) from (
  select /*+mapjoin(a)*/ a.key as key, a.value as val1, b.value as val2 from tbl1_n14 a join tbl2_n13 b on a.key = b.key
) subq1
PREHOOK: type: QUERY
PREHOOK: Input: default@tbl1_n14
PREHOOK: Input: default@tbl2_n13
#### A masked pattern was here ####
POSTHOOK: query: select count(*) from (
  select /*+mapjoin(a)*/ a.key as key, a.value as val1, b.value as val2 from tbl1_n14 a join tbl2_n13 b on a.key = b.key
) subq1
POSTHOOK: type: QUERY
POSTHOOK: Input: default@tbl1_n14
POSTHOOK: Input: default@tbl2_n13
#### A masked pattern was here ####
22
PREHOOK: query: explain
select key, count(*) from 
(
  select /*+mapjoin(a)*/ a.key as key, a.value as val1, b.value as val2 from tbl1_n14 a join tbl2_n13 b on a.key = b.key
) subq1
group by key
order by key
PREHOOK: type: QUERY
POSTHOOK: query: explain
select key, count(*) from 
(
  select /*+mapjoin(a)*/ a.key as key, a.value as val1, b.value as val2 from tbl1_n14 a join tbl2_n13 b on a.key = b.key
) subq1
group by key
order by key
POSTHOOK: type: QUERY
STAGE DEPENDENCIES:
  Stage-1 is a root stage
  Stage-0 depends on stages: Stage-1

STAGE PLANS:
  Stage: Stage-1
    Spark
      Edges:
        Reducer 2 <- Map 1 (PARTITION-LEVEL SORT, 1), Map 5 (PARTITION-LEVEL SORT, 1)
        Reducer 3 <- Reducer 2 (GROUP, 1)
        Reducer 4 <- Reducer 3 (SORT, 1)
#### A masked pattern was here ####
      Vertices:
        Map 1 
            Map Operator Tree:
                TableScan
                  alias: a
                  Statistics: Num rows: 10 Data size: 70 Basic stats: COMPLETE Column stats: NONE
                  Filter Operator
                    predicate: key is not null (type: boolean)
                    Statistics: Num rows: 10 Data size: 70 Basic stats: COMPLETE Column stats: NONE
                    Select Operator
                      expressions: key (type: int)
                      outputColumnNames: _col0
                      Statistics: Num rows: 10 Data size: 70 Basic stats: COMPLETE Column stats: NONE
                      Reduce Output Operator
                        key expressions: _col0 (type: int)
                        sort order: +
                        Map-reduce partition columns: _col0 (type: int)
                        Statistics: Num rows: 10 Data size: 70 Basic stats: COMPLETE Column stats: NONE
            Execution mode: vectorized
        Map 5 
            Map Operator Tree:
                TableScan
                  alias: b
                  Statistics: Num rows: 10 Data size: 70 Basic stats: COMPLETE Column stats: NONE
                  Filter Operator
                    predicate: key is not null (type: boolean)
                    Statistics: Num rows: 10 Data size: 70 Basic stats: COMPLETE Column stats: NONE
                    Select Operator
                      expressions: key (type: int)
                      outputColumnNames: _col0
                      Statistics: Num rows: 10 Data size: 70 Basic stats: COMPLETE Column stats: NONE
                      Reduce Output Operator
                        key expressions: _col0 (type: int)
                        sort order: +
                        Map-reduce partition columns: _col0 (type: int)
                        Statistics: Num rows: 10 Data size: 70 Basic stats: COMPLETE Column stats: NONE
            Execution mode: vectorized
        Reducer 2 
            Reduce Operator Tree:
              Join Operator
                condition map:
                     Inner Join 0 to 1
                keys:
                  0 _col0 (type: int)
                  1 _col0 (type: int)
                outputColumnNames: _col0
                Statistics: Num rows: 11 Data size: 77 Basic stats: COMPLETE Column stats: NONE
                Group By Operator
                  aggregations: count()
                  keys: _col0 (type: int)
                  mode: hash
                  outputColumnNames: _col0, _col1
                  Statistics: Num rows: 11 Data size: 77 Basic stats: COMPLETE Column stats: NONE
                  Reduce Output Operator
                    key expressions: _col0 (type: int)
                    sort order: +
                    Map-reduce partition columns: _col0 (type: int)
                    Statistics: Num rows: 11 Data size: 77 Basic stats: COMPLETE Column stats: NONE
                    value expressions: _col1 (type: bigint)
        Reducer 3 
            Execution mode: vectorized
            Reduce Operator Tree:
              Group By Operator
                aggregations: count(VALUE._col0)
                keys: KEY._col0 (type: int)
                mode: mergepartial
                outputColumnNames: _col0, _col1
                Statistics: Num rows: 5 Data size: 35 Basic stats: COMPLETE Column stats: NONE
                Reduce Output Operator
                  key expressions: _col0 (type: int)
                  sort order: +
                  Statistics: Num rows: 5 Data size: 35 Basic stats: COMPLETE Column stats: NONE
                  value expressions: _col1 (type: bigint)
        Reducer 4 
            Execution mode: vectorized
            Reduce Operator Tree:
              Select Operator
                expressions: KEY.reducesinkkey0 (type: int), VALUE._col0 (type: bigint)
                outputColumnNames: _col0, _col1
                Statistics: Num rows: 5 Data size: 35 Basic stats: COMPLETE Column stats: NONE
                File Output Operator
                  compressed: false
                  Statistics: Num rows: 5 Data size: 35 Basic stats: COMPLETE Column stats: NONE
                  table:
                      input format: org.apache.hadoop.mapred.SequenceFileInputFormat
                      output format: org.apache.hadoop.hive.ql.io.HiveSequenceFileOutputFormat
                      serde: org.apache.hadoop.hive.serde2.lazy.LazySimpleSerDe

  Stage: Stage-0
    Fetch Operator
      limit: -1
      Processor Tree:
        ListSink

PREHOOK: query: select key, count(*) from 
(
  select /*+mapjoin(a)*/ a.key as key, a.value as val1, b.value as val2 from tbl1_n14 a join tbl2_n13 b on a.key = b.key
) subq1
group by key
order by key
PREHOOK: type: QUERY
PREHOOK: Input: default@tbl1_n14
PREHOOK: Input: default@tbl2_n13
#### A masked pattern was here ####
POSTHOOK: query: select key, count(*) from 
(
  select /*+mapjoin(a)*/ a.key as key, a.value as val1, b.value as val2 from tbl1_n14 a join tbl2_n13 b on a.key = b.key
) subq1
group by key
order by key
POSTHOOK: type: QUERY
POSTHOOK: Input: default@tbl1_n14
POSTHOOK: Input: default@tbl2_n13
#### A masked pattern was here ####
0	9
2	1
4	1
5	9
8	1
9	1
PREHOOK: query: explain
select count(*) from
(
  select key, count(*) from 
  (
    select /*+mapjoin(a)*/ a.key as key, a.value as val1, b.value as val2 from tbl1_n14 a join tbl2_n13 b on a.key = b.key
  ) subq1
  group by key
) subq2
PREHOOK: type: QUERY
POSTHOOK: query: explain
select count(*) from
(
  select key, count(*) from 
  (
    select /*+mapjoin(a)*/ a.key as key, a.value as val1, b.value as val2 from tbl1_n14 a join tbl2_n13 b on a.key = b.key
  ) subq1
  group by key
) subq2
POSTHOOK: type: QUERY
STAGE DEPENDENCIES:
  Stage-1 is a root stage
  Stage-0 depends on stages: Stage-1

STAGE PLANS:
  Stage: Stage-1
    Spark
      Edges:
        Reducer 2 <- Map 1 (PARTITION-LEVEL SORT, 1), Map 5 (PARTITION-LEVEL SORT, 1)
        Reducer 3 <- Reducer 2 (GROUP, 1)
        Reducer 4 <- Reducer 3 (GROUP, 1)
#### A masked pattern was here ####
      Vertices:
        Map 1 
            Map Operator Tree:
                TableScan
                  alias: a
                  Statistics: Num rows: 10 Data size: 70 Basic stats: COMPLETE Column stats: NONE
                  Filter Operator
                    predicate: key is not null (type: boolean)
                    Statistics: Num rows: 10 Data size: 70 Basic stats: COMPLETE Column stats: NONE
                    Select Operator
                      expressions: key (type: int)
                      outputColumnNames: _col0
                      Statistics: Num rows: 10 Data size: 70 Basic stats: COMPLETE Column stats: NONE
                      Reduce Output Operator
                        key expressions: _col0 (type: int)
                        sort order: +
                        Map-reduce partition columns: _col0 (type: int)
                        Statistics: Num rows: 10 Data size: 70 Basic stats: COMPLETE Column stats: NONE
            Execution mode: vectorized
        Map 5 
            Map Operator Tree:
                TableScan
                  alias: b
                  Statistics: Num rows: 10 Data size: 70 Basic stats: COMPLETE Column stats: NONE
                  Filter Operator
                    predicate: key is not null (type: boolean)
                    Statistics: Num rows: 10 Data size: 70 Basic stats: COMPLETE Column stats: NONE
                    Select Operator
                      expressions: key (type: int)
                      outputColumnNames: _col0
                      Statistics: Num rows: 10 Data size: 70 Basic stats: COMPLETE Column stats: NONE
                      Reduce Output Operator
                        key expressions: _col0 (type: int)
                        sort order: +
                        Map-reduce partition columns: _col0 (type: int)
                        Statistics: Num rows: 10 Data size: 70 Basic stats: COMPLETE Column stats: NONE
            Execution mode: vectorized
        Reducer 2 
            Reduce Operator Tree:
              Join Operator
                condition map:
                     Inner Join 0 to 1
                keys:
                  0 _col0 (type: int)
                  1 _col0 (type: int)
                outputColumnNames: _col0
                Statistics: Num rows: 11 Data size: 77 Basic stats: COMPLETE Column stats: NONE
                Group By Operator
                  keys: _col0 (type: int)
                  mode: hash
                  outputColumnNames: _col0
                  Statistics: Num rows: 11 Data size: 77 Basic stats: COMPLETE Column stats: NONE
                  Reduce Output Operator
                    key expressions: _col0 (type: int)
                    sort order: +
                    Map-reduce partition columns: _col0 (type: int)
                    Statistics: Num rows: 11 Data size: 77 Basic stats: COMPLETE Column stats: NONE
        Reducer 3 
            Execution mode: vectorized
            Reduce Operator Tree:
              Group By Operator
                keys: KEY._col0 (type: int)
                mode: mergepartial
                outputColumnNames: _col0
                Statistics: Num rows: 5 Data size: 35 Basic stats: COMPLETE Column stats: NONE
                Select Operator
                  Statistics: Num rows: 5 Data size: 35 Basic stats: COMPLETE Column stats: NONE
                  Group By Operator
                    aggregations: count()
                    mode: hash
                    outputColumnNames: _col0
                    Statistics: Num rows: 1 Data size: 8 Basic stats: COMPLETE Column stats: NONE
                    Reduce Output Operator
                      sort order: 
                      Statistics: Num rows: 1 Data size: 8 Basic stats: COMPLETE Column stats: NONE
                      value expressions: _col0 (type: bigint)
        Reducer 4 
            Execution mode: vectorized
            Reduce Operator Tree:
              Group By Operator
                aggregations: count(VALUE._col0)
                mode: mergepartial
                outputColumnNames: _col0
                Statistics: Num rows: 1 Data size: 8 Basic stats: COMPLETE Column stats: NONE
                File Output Operator
                  compressed: false
                  Statistics: Num rows: 1 Data size: 8 Basic stats: COMPLETE Column stats: NONE
                  table:
                      input format: org.apache.hadoop.mapred.SequenceFileInputFormat
                      output format: org.apache.hadoop.hive.ql.io.HiveSequenceFileOutputFormat
                      serde: org.apache.hadoop.hive.serde2.lazy.LazySimpleSerDe

  Stage: Stage-0
    Fetch Operator
      limit: -1
      Processor Tree:
        ListSink

PREHOOK: query: select count(*) from
(
  select key, count(*) from 
  (
    select /*+mapjoin(a)*/ a.key as key, a.value as val1, b.value as val2 from tbl1_n14 a join tbl2_n13 b on a.key = b.key
  ) subq1
  group by key
) subq2
PREHOOK: type: QUERY
PREHOOK: Input: default@tbl1_n14
PREHOOK: Input: default@tbl2_n13
#### A masked pattern was here ####
POSTHOOK: query: select count(*) from
(
  select key, count(*) from 
  (
    select /*+mapjoin(a)*/ a.key as key, a.value as val1, b.value as val2 from tbl1_n14 a join tbl2_n13 b on a.key = b.key
  ) subq1
  group by key
) subq2
POSTHOOK: type: QUERY
POSTHOOK: Input: default@tbl1_n14
POSTHOOK: Input: default@tbl2_n13
#### A masked pattern was here ####
6
PREHOOK: query: explain
select /*+mapjoin(subq1)*/ count(*) from 
  (select a.key as key, a.value as value from tbl1_n14 a where key < 6) subq1 
    join
  (select a.key as key, a.value as value from tbl2_n13 a where key < 6) subq2
  on subq1.key = subq2.key
PREHOOK: type: QUERY
POSTHOOK: query: explain
select /*+mapjoin(subq1)*/ count(*) from 
  (select a.key as key, a.value as value from tbl1_n14 a where key < 6) subq1 
    join
  (select a.key as key, a.value as value from tbl2_n13 a where key < 6) subq2
  on subq1.key = subq2.key
POSTHOOK: type: QUERY
STAGE DEPENDENCIES:
  Stage-1 is a root stage
  Stage-0 depends on stages: Stage-1

STAGE PLANS:
  Stage: Stage-1
    Spark
      Edges:
        Reducer 2 <- Map 1 (PARTITION-LEVEL SORT, 1), Map 4 (PARTITION-LEVEL SORT, 1)
        Reducer 3 <- Reducer 2 (GROUP, 1)
#### A masked pattern was here ####
      Vertices:
        Map 1 
            Map Operator Tree:
                TableScan
                  alias: a
                  Statistics: Num rows: 10 Data size: 70 Basic stats: COMPLETE Column stats: NONE
                  Filter Operator
                    predicate: (key < 6) (type: boolean)
                    Statistics: Num rows: 3 Data size: 21 Basic stats: COMPLETE Column stats: NONE
                    Select Operator
                      expressions: key (type: int)
                      outputColumnNames: _col0
                      Statistics: Num rows: 3 Data size: 21 Basic stats: COMPLETE Column stats: NONE
                      Reduce Output Operator
                        key expressions: _col0 (type: int)
                        sort order: +
                        Map-reduce partition columns: _col0 (type: int)
                        Statistics: Num rows: 3 Data size: 21 Basic stats: COMPLETE Column stats: NONE
            Execution mode: vectorized
        Map 4 
            Map Operator Tree:
                TableScan
                  alias: a
                  Statistics: Num rows: 10 Data size: 70 Basic stats: COMPLETE Column stats: NONE
                  Filter Operator
                    predicate: (key < 6) (type: boolean)
                    Statistics: Num rows: 3 Data size: 21 Basic stats: COMPLETE Column stats: NONE
                    Select Operator
                      expressions: key (type: int)
                      outputColumnNames: _col0
                      Statistics: Num rows: 3 Data size: 21 Basic stats: COMPLETE Column stats: NONE
                      Reduce Output Operator
                        key expressions: _col0 (type: int)
                        sort order: +
                        Map-reduce partition columns: _col0 (type: int)
                        Statistics: Num rows: 3 Data size: 21 Basic stats: COMPLETE Column stats: NONE
            Execution mode: vectorized
        Reducer 2 
            Reduce Operator Tree:
              Join Operator
                condition map:
                     Inner Join 0 to 1
                keys:
                  0 _col0 (type: int)
                  1 _col0 (type: int)
                Statistics: Num rows: 3 Data size: 23 Basic stats: COMPLETE Column stats: NONE
                Group By Operator
                  aggregations: count()
                  mode: hash
                  outputColumnNames: _col0
                  Statistics: Num rows: 1 Data size: 8 Basic stats: COMPLETE Column stats: NONE
                  Reduce Output Operator
                    sort order: 
                    Statistics: Num rows: 1 Data size: 8 Basic stats: COMPLETE Column stats: NONE
                    value expressions: _col0 (type: bigint)
        Reducer 3 
            Execution mode: vectorized
            Reduce Operator Tree:
              Group By Operator
                aggregations: count(VALUE._col0)
                mode: mergepartial
                outputColumnNames: _col0
                Statistics: Num rows: 1 Data size: 8 Basic stats: COMPLETE Column stats: NONE
                File Output Operator
                  compressed: false
                  Statistics: Num rows: 1 Data size: 8 Basic stats: COMPLETE Column stats: NONE
                  table:
                      input format: org.apache.hadoop.mapred.SequenceFileInputFormat
                      output format: org.apache.hadoop.hive.ql.io.HiveSequenceFileOutputFormat
                      serde: org.apache.hadoop.hive.serde2.lazy.LazySimpleSerDe

  Stage: Stage-0
    Fetch Operator
      limit: -1
      Processor Tree:
        ListSink

PREHOOK: query: select /*+mapjoin(subq1)*/ count(*) from 
  (select a.key as key, a.value as value from tbl1_n14 a where key < 6) subq1 
    join
  (select a.key as key, a.value as value from tbl2_n13 a where key < 6) subq2
  on subq1.key = subq2.key
PREHOOK: type: QUERY
PREHOOK: Input: default@tbl1_n14
PREHOOK: Input: default@tbl2_n13
#### A masked pattern was here ####
POSTHOOK: query: select /*+mapjoin(subq1)*/ count(*) from 
  (select a.key as key, a.value as value from tbl1_n14 a where key < 6) subq1 
    join
  (select a.key as key, a.value as value from tbl2_n13 a where key < 6) subq2
  on subq1.key = subq2.key
POSTHOOK: type: QUERY
POSTHOOK: Input: default@tbl1_n14
POSTHOOK: Input: default@tbl2_n13
#### A masked pattern was here ####
20
PREHOOK: query: explain
select /*+mapjoin(subq2)*/ count(*) from 
  (
  select * from
    (
      select a.key as key, a.value as value from tbl1_n14 a where key < 8
    ) subq1 
  where key < 6
  ) subq2
  join tbl2_n13 b
  on subq2.key = b.key
PREHOOK: type: QUERY
POSTHOOK: query: explain
select /*+mapjoin(subq2)*/ count(*) from 
  (
  select * from
    (
      select a.key as key, a.value as value from tbl1_n14 a where key < 8
    ) subq1 
  where key < 6
  ) subq2
  join tbl2_n13 b
  on subq2.key = b.key
POSTHOOK: type: QUERY
STAGE DEPENDENCIES:
  Stage-1 is a root stage
  Stage-0 depends on stages: Stage-1

STAGE PLANS:
  Stage: Stage-1
    Spark
      Edges:
        Reducer 2 <- Map 1 (PARTITION-LEVEL SORT, 1), Map 4 (PARTITION-LEVEL SORT, 1)
        Reducer 3 <- Reducer 2 (GROUP, 1)
#### A masked pattern was here ####
      Vertices:
        Map 1 
            Map Operator Tree:
                TableScan
                  alias: a
                  Statistics: Num rows: 10 Data size: 70 Basic stats: COMPLETE Column stats: NONE
                  Filter Operator
                    predicate: (key < 6) (type: boolean)
                    Statistics: Num rows: 3 Data size: 21 Basic stats: COMPLETE Column stats: NONE
                    Select Operator
                      expressions: key (type: int)
                      outputColumnNames: _col0
                      Statistics: Num rows: 3 Data size: 21 Basic stats: COMPLETE Column stats: NONE
                      Reduce Output Operator
                        key expressions: _col0 (type: int)
                        sort order: +
                        Map-reduce partition columns: _col0 (type: int)
                        Statistics: Num rows: 3 Data size: 21 Basic stats: COMPLETE Column stats: NONE
            Execution mode: vectorized
        Map 4 
            Map Operator Tree:
                TableScan
                  alias: b
                  Statistics: Num rows: 10 Data size: 70 Basic stats: COMPLETE Column stats: NONE
                  Filter Operator
                    predicate: (key < 6) (type: boolean)
                    Statistics: Num rows: 3 Data size: 21 Basic stats: COMPLETE Column stats: NONE
                    Select Operator
                      expressions: key (type: int)
                      outputColumnNames: _col0
                      Statistics: Num rows: 3 Data size: 21 Basic stats: COMPLETE Column stats: NONE
                      Reduce Output Operator
                        key expressions: _col0 (type: int)
                        sort order: +
                        Map-reduce partition columns: _col0 (type: int)
                        Statistics: Num rows: 3 Data size: 21 Basic stats: COMPLETE Column stats: NONE
            Execution mode: vectorized
        Reducer 2 
            Reduce Operator Tree:
              Join Operator
                condition map:
                     Inner Join 0 to 1
                keys:
                  0 _col0 (type: int)
                  1 _col0 (type: int)
                Statistics: Num rows: 3 Data size: 23 Basic stats: COMPLETE Column stats: NONE
                Group By Operator
                  aggregations: count()
                  mode: hash
                  outputColumnNames: _col0
                  Statistics: Num rows: 1 Data size: 8 Basic stats: COMPLETE Column stats: NONE
                  Reduce Output Operator
                    sort order: 
                    Statistics: Num rows: 1 Data size: 8 Basic stats: COMPLETE Column stats: NONE
                    value expressions: _col0 (type: bigint)
        Reducer 3 
            Execution mode: vectorized
            Reduce Operator Tree:
              Group By Operator
                aggregations: count(VALUE._col0)
                mode: mergepartial
                outputColumnNames: _col0
                Statistics: Num rows: 1 Data size: 8 Basic stats: COMPLETE Column stats: NONE
                File Output Operator
                  compressed: false
                  Statistics: Num rows: 1 Data size: 8 Basic stats: COMPLETE Column stats: NONE
                  table:
                      input format: org.apache.hadoop.mapred.SequenceFileInputFormat
                      output format: org.apache.hadoop.hive.ql.io.HiveSequenceFileOutputFormat
                      serde: org.apache.hadoop.hive.serde2.lazy.LazySimpleSerDe

  Stage: Stage-0
    Fetch Operator
      limit: -1
      Processor Tree:
        ListSink

PREHOOK: query: select /*+mapjoin(subq2)*/ count(*) from 
  (
  select * from
    (
      select a.key as key, a.value as value from tbl1_n14 a where key < 8
    ) subq1 
  where key < 6
  ) subq2
  join tbl2_n13 b
  on subq2.key = b.key
PREHOOK: type: QUERY
PREHOOK: Input: default@tbl1_n14
PREHOOK: Input: default@tbl2_n13
#### A masked pattern was here ####
POSTHOOK: query: select /*+mapjoin(subq2)*/ count(*) from 
  (
  select * from
    (
      select a.key as key, a.value as value from tbl1_n14 a where key < 8
    ) subq1 
  where key < 6
  ) subq2
  join tbl2_n13 b
  on subq2.key = b.key
POSTHOOK: type: QUERY
POSTHOOK: Input: default@tbl1_n14
POSTHOOK: Input: default@tbl2_n13
#### A masked pattern was here ####
20
PREHOOK: query: explain
select /*+mapjoin(subq2)*/ count(*) from 
  (
  select * from
    (
      select a.key as key, a.value as value from tbl1_n14 a where key < 8
    ) subq1 
  where key < 6
  ) subq2
  join
  (
  select * from
    (
      select a.key as key, a.value as value from tbl1_n14 a where key < 8
    ) subq3 
  where key < 6
  ) subq4
  on subq2.key = subq4.key
PREHOOK: type: QUERY
POSTHOOK: query: explain
select /*+mapjoin(subq2)*/ count(*) from 
  (
  select * from
    (
      select a.key as key, a.value as value from tbl1_n14 a where key < 8
    ) subq1 
  where key < 6
  ) subq2
  join
  (
  select * from
    (
      select a.key as key, a.value as value from tbl1_n14 a where key < 8
    ) subq3 
  where key < 6
  ) subq4
  on subq2.key = subq4.key
POSTHOOK: type: QUERY
STAGE DEPENDENCIES:
  Stage-1 is a root stage
  Stage-0 depends on stages: Stage-1

STAGE PLANS:
  Stage: Stage-1
    Spark
      Edges:
        Reducer 2 <- Map 1 (PARTITION-LEVEL SORT, 1), Map 4 (PARTITION-LEVEL SORT, 1)
        Reducer 3 <- Reducer 2 (GROUP, 1)
#### A masked pattern was here ####
      Vertices:
        Map 1 
            Map Operator Tree:
                TableScan
                  alias: a
                  Statistics: Num rows: 10 Data size: 70 Basic stats: COMPLETE Column stats: NONE
                  Filter Operator
                    predicate: (key < 6) (type: boolean)
                    Statistics: Num rows: 3 Data size: 21 Basic stats: COMPLETE Column stats: NONE
                    Select Operator
                      expressions: key (type: int)
                      outputColumnNames: _col0
                      Statistics: Num rows: 3 Data size: 21 Basic stats: COMPLETE Column stats: NONE
                      Reduce Output Operator
                        key expressions: _col0 (type: int)
                        sort order: +
                        Map-reduce partition columns: _col0 (type: int)
                        Statistics: Num rows: 3 Data size: 21 Basic stats: COMPLETE Column stats: NONE
            Execution mode: vectorized
        Map 4 
            Map Operator Tree:
                TableScan
                  alias: a
                  Statistics: Num rows: 10 Data size: 70 Basic stats: COMPLETE Column stats: NONE
                  Filter Operator
                    predicate: (key < 6) (type: boolean)
                    Statistics: Num rows: 3 Data size: 21 Basic stats: COMPLETE Column stats: NONE
                    Select Operator
                      expressions: key (type: int)
                      outputColumnNames: _col0
                      Statistics: Num rows: 3 Data size: 21 Basic stats: COMPLETE Column stats: NONE
                      Reduce Output Operator
                        key expressions: _col0 (type: int)
                        sort order: +
                        Map-reduce partition columns: _col0 (type: int)
                        Statistics: Num rows: 3 Data size: 21 Basic stats: COMPLETE Column stats: NONE
            Execution mode: vectorized
        Reducer 2 
            Reduce Operator Tree:
              Join Operator
                condition map:
                     Inner Join 0 to 1
                keys:
                  0 _col0 (type: int)
                  1 _col0 (type: int)
                Statistics: Num rows: 3 Data size: 23 Basic stats: COMPLETE Column stats: NONE
                Group By Operator
                  aggregations: count()
                  mode: hash
                  outputColumnNames: _col0
                  Statistics: Num rows: 1 Data size: 8 Basic stats: COMPLETE Column stats: NONE
                  Reduce Output Operator
                    sort order: 
                    Statistics: Num rows: 1 Data size: 8 Basic stats: COMPLETE Column stats: NONE
                    value expressions: _col0 (type: bigint)
        Reducer 3 
            Execution mode: vectorized
            Reduce Operator Tree:
              Group By Operator
                aggregations: count(VALUE._col0)
                mode: mergepartial
                outputColumnNames: _col0
                Statistics: Num rows: 1 Data size: 8 Basic stats: COMPLETE Column stats: NONE
                File Output Operator
                  compressed: false
                  Statistics: Num rows: 1 Data size: 8 Basic stats: COMPLETE Column stats: NONE
                  table:
                      input format: org.apache.hadoop.mapred.SequenceFileInputFormat
                      output format: org.apache.hadoop.hive.ql.io.HiveSequenceFileOutputFormat
                      serde: org.apache.hadoop.hive.serde2.lazy.LazySimpleSerDe

  Stage: Stage-0
    Fetch Operator
      limit: -1
      Processor Tree:
        ListSink

PREHOOK: query: select /*+mapjoin(subq2)*/ count(*) from 
  (
  select * from
    (
      select a.key as key, a.value as value from tbl1_n14 a where key < 8
    ) subq1 
  where key < 6
  ) subq2
  join
  (
  select * from
    (
      select a.key as key, a.value as value from tbl1_n14 a where key < 8
    ) subq3 
  where key < 6
  ) subq4
  on subq2.key = subq4.key
PREHOOK: type: QUERY
PREHOOK: Input: default@tbl1_n14
#### A masked pattern was here ####
POSTHOOK: query: select /*+mapjoin(subq2)*/ count(*) from 
  (
  select * from
    (
      select a.key as key, a.value as value from tbl1_n14 a where key < 8
    ) subq1 
  where key < 6
  ) subq2
  join
  (
  select * from
    (
      select a.key as key, a.value as value from tbl1_n14 a where key < 8
    ) subq3 
  where key < 6
  ) subq4
  on subq2.key = subq4.key
POSTHOOK: type: QUERY
POSTHOOK: Input: default@tbl1_n14
#### A masked pattern was here ####
20
PREHOOK: query: explain
select /*+mapjoin(subq1)*/ count(*) from 
  (select a.key as key, concat(a.value, a.value) as value from tbl1_n14 a where key < 8) subq1 
    join
  (select a.key as key, concat(a.value, a.value) as value from tbl2_n13 a where key < 8) subq2
  on subq1.key = subq2.key
PREHOOK: type: QUERY
POSTHOOK: query: explain
select /*+mapjoin(subq1)*/ count(*) from 
  (select a.key as key, concat(a.value, a.value) as value from tbl1_n14 a where key < 8) subq1 
    join
  (select a.key as key, concat(a.value, a.value) as value from tbl2_n13 a where key < 8) subq2
  on subq1.key = subq2.key
POSTHOOK: type: QUERY
STAGE DEPENDENCIES:
  Stage-1 is a root stage
  Stage-0 depends on stages: Stage-1

STAGE PLANS:
  Stage: Stage-1
    Spark
      Edges:
        Reducer 2 <- Map 1 (PARTITION-LEVEL SORT, 1), Map 4 (PARTITION-LEVEL SORT, 1)
        Reducer 3 <- Reducer 2 (GROUP, 1)
#### A masked pattern was here ####
      Vertices:
        Map 1 
            Map Operator Tree:
                TableScan
                  alias: a
                  Statistics: Num rows: 10 Data size: 70 Basic stats: COMPLETE Column stats: NONE
                  Filter Operator
                    predicate: (key < 8) (type: boolean)
                    Statistics: Num rows: 3 Data size: 21 Basic stats: COMPLETE Column stats: NONE
                    Select Operator
                      expressions: key (type: int)
                      outputColumnNames: _col0
                      Statistics: Num rows: 3 Data size: 21 Basic stats: COMPLETE Column stats: NONE
                      Reduce Output Operator
                        key expressions: _col0 (type: int)
                        sort order: +
                        Map-reduce partition columns: _col0 (type: int)
                        Statistics: Num rows: 3 Data size: 21 Basic stats: COMPLETE Column stats: NONE
            Execution mode: vectorized
        Map 4 
            Map Operator Tree:
                TableScan
                  alias: a
                  Statistics: Num rows: 10 Data size: 70 Basic stats: COMPLETE Column stats: NONE
                  Filter Operator
                    predicate: (key < 8) (type: boolean)
                    Statistics: Num rows: 3 Data size: 21 Basic stats: COMPLETE Column stats: NONE
                    Select Operator
                      expressions: key (type: int)
                      outputColumnNames: _col0
                      Statistics: Num rows: 3 Data size: 21 Basic stats: COMPLETE Column stats: NONE
                      Reduce Output Operator
                        key expressions: _col0 (type: int)
                        sort order: +
                        Map-reduce partition columns: _col0 (type: int)
                        Statistics: Num rows: 3 Data size: 21 Basic stats: COMPLETE Column stats: NONE
            Execution mode: vectorized
        Reducer 2 
            Reduce Operator Tree:
              Join Operator
                condition map:
                     Inner Join 0 to 1
                keys:
                  0 _col0 (type: int)
                  1 _col0 (type: int)
                Statistics: Num rows: 3 Data size: 23 Basic stats: COMPLETE Column stats: NONE
                Group By Operator
                  aggregations: count()
                  mode: hash
                  outputColumnNames: _col0
                  Statistics: Num rows: 1 Data size: 8 Basic stats: COMPLETE Column stats: NONE
                  Reduce Output Operator
                    sort order: 
                    Statistics: Num rows: 1 Data size: 8 Basic stats: COMPLETE Column stats: NONE
                    value expressions: _col0 (type: bigint)
        Reducer 3 
            Execution mode: vectorized
            Reduce Operator Tree:
              Group By Operator
                aggregations: count(VALUE._col0)
                mode: mergepartial
                outputColumnNames: _col0
                Statistics: Num rows: 1 Data size: 8 Basic stats: COMPLETE Column stats: NONE
                File Output Operator
                  compressed: false
                  Statistics: Num rows: 1 Data size: 8 Basic stats: COMPLETE Column stats: NONE
                  table:
                      input format: org.apache.hadoop.mapred.SequenceFileInputFormat
                      output format: org.apache.hadoop.hive.ql.io.HiveSequenceFileOutputFormat
                      serde: org.apache.hadoop.hive.serde2.lazy.LazySimpleSerDe

  Stage: Stage-0
    Fetch Operator
      limit: -1
      Processor Tree:
        ListSink

PREHOOK: query: select /*+mapjoin(subq1)*/ count(*) from 
  (select a.key as key, concat(a.value, a.value) as value from tbl1_n14 a where key < 8) subq1 
    join
  (select a.key as key, concat(a.value, a.value) as value from tbl2_n13 a where key < 8) subq2
  on subq1.key = subq2.key
PREHOOK: type: QUERY
PREHOOK: Input: default@tbl1_n14
PREHOOK: Input: default@tbl2_n13
#### A masked pattern was here ####
POSTHOOK: query: select /*+mapjoin(subq1)*/ count(*) from 
  (select a.key as key, concat(a.value, a.value) as value from tbl1_n14 a where key < 8) subq1 
    join
  (select a.key as key, concat(a.value, a.value) as value from tbl2_n13 a where key < 8) subq2
  on subq1.key = subq2.key
POSTHOOK: type: QUERY
POSTHOOK: Input: default@tbl1_n14
POSTHOOK: Input: default@tbl2_n13
#### A masked pattern was here ####
20
PREHOOK: query: explain
select /*+mapjoin(subq1)*/ count(*) from 
  (select a.key +1 as key, concat(a.value, a.value) as value from tbl1_n14 a) subq1 
    join
  (select a.key +1 as key, concat(a.value, a.value) as value from tbl2_n13 a) subq2
  on subq1.key = subq2.key
PREHOOK: type: QUERY
POSTHOOK: query: explain
select /*+mapjoin(subq1)*/ count(*) from 
  (select a.key +1 as key, concat(a.value, a.value) as value from tbl1_n14 a) subq1 
    join
  (select a.key +1 as key, concat(a.value, a.value) as value from tbl2_n13 a) subq2
  on subq1.key = subq2.key
POSTHOOK: type: QUERY
STAGE DEPENDENCIES:
  Stage-1 is a root stage
  Stage-0 depends on stages: Stage-1

STAGE PLANS:
  Stage: Stage-1
    Spark
      Edges:
        Reducer 2 <- Map 1 (PARTITION-LEVEL SORT, 1), Map 4 (PARTITION-LEVEL SORT, 1)
        Reducer 3 <- Reducer 2 (GROUP, 1)
#### A masked pattern was here ####
      Vertices:
        Map 1 
            Map Operator Tree:
                TableScan
                  alias: a
                  Statistics: Num rows: 10 Data size: 70 Basic stats: COMPLETE Column stats: NONE
                  Filter Operator
                    predicate: key is not null (type: boolean)
                    Statistics: Num rows: 10 Data size: 70 Basic stats: COMPLETE Column stats: NONE
                    Select Operator
                      expressions: (key + 1) (type: int)
                      outputColumnNames: _col0
                      Statistics: Num rows: 10 Data size: 70 Basic stats: COMPLETE Column stats: NONE
                      Reduce Output Operator
                        key expressions: _col0 (type: int)
                        sort order: +
                        Map-reduce partition columns: _col0 (type: int)
                        Statistics: Num rows: 10 Data size: 70 Basic stats: COMPLETE Column stats: NONE
            Execution mode: vectorized
        Map 4 
            Map Operator Tree:
                TableScan
                  alias: a
                  Statistics: Num rows: 10 Data size: 70 Basic stats: COMPLETE Column stats: NONE
                  Filter Operator
                    predicate: key is not null (type: boolean)
                    Statistics: Num rows: 10 Data size: 70 Basic stats: COMPLETE Column stats: NONE
                    Select Operator
                      expressions: (key + 1) (type: int)
                      outputColumnNames: _col0
                      Statistics: Num rows: 10 Data size: 70 Basic stats: COMPLETE Column stats: NONE
                      Reduce Output Operator
                        key expressions: _col0 (type: int)
                        sort order: +
                        Map-reduce partition columns: _col0 (type: int)
                        Statistics: Num rows: 10 Data size: 70 Basic stats: COMPLETE Column stats: NONE
            Execution mode: vectorized
        Reducer 2 
            Reduce Operator Tree:
              Join Operator
                condition map:
                     Inner Join 0 to 1
                keys:
                  0 _col0 (type: int)
                  1 _col0 (type: int)
                Statistics: Num rows: 11 Data size: 77 Basic stats: COMPLETE Column stats: NONE
                Group By Operator
                  aggregations: count()
                  mode: hash
                  outputColumnNames: _col0
                  Statistics: Num rows: 1 Data size: 8 Basic stats: COMPLETE Column stats: NONE
                  Reduce Output Operator
                    sort order: 
                    Statistics: Num rows: 1 Data size: 8 Basic stats: COMPLETE Column stats: NONE
                    value expressions: _col0 (type: bigint)
        Reducer 3 
            Execution mode: vectorized
            Reduce Operator Tree:
              Group By Operator
                aggregations: count(VALUE._col0)
                mode: mergepartial
                outputColumnNames: _col0
                Statistics: Num rows: 1 Data size: 8 Basic stats: COMPLETE Column stats: NONE
                File Output Operator
                  compressed: false
                  Statistics: Num rows: 1 Data size: 8 Basic stats: COMPLETE Column stats: NONE
                  table:
                      input format: org.apache.hadoop.mapred.SequenceFileInputFormat
                      output format: org.apache.hadoop.hive.ql.io.HiveSequenceFileOutputFormat
                      serde: org.apache.hadoop.hive.serde2.lazy.LazySimpleSerDe

  Stage: Stage-0
    Fetch Operator
      limit: -1
      Processor Tree:
        ListSink

PREHOOK: query: select /*+mapjoin(subq1)*/ count(*) from 
  (select a.key +1 as key, concat(a.value, a.value) as value from tbl1_n14 a) subq1 
    join
  (select a.key +1 as key, concat(a.value, a.value) as value from tbl2_n13 a) subq2
  on subq1.key = subq2.key
PREHOOK: type: QUERY
PREHOOK: Input: default@tbl1_n14
PREHOOK: Input: default@tbl2_n13
#### A masked pattern was here ####
POSTHOOK: query: select /*+mapjoin(subq1)*/ count(*) from 
  (select a.key +1 as key, concat(a.value, a.value) as value from tbl1_n14 a) subq1 
    join
  (select a.key +1 as key, concat(a.value, a.value) as value from tbl2_n13 a) subq2
  on subq1.key = subq2.key
POSTHOOK: type: QUERY
POSTHOOK: Input: default@tbl1_n14
POSTHOOK: Input: default@tbl2_n13
#### A masked pattern was here ####
22
PREHOOK: query: explain
select /*+mapjoin(subq1)*/ count(*) from 
  (select a.key as key, a.value as value from tbl1_n14 a where key < 6) subq1 
    join tbl2_n13 a on subq1.key = a.key
PREHOOK: type: QUERY
POSTHOOK: query: explain
select /*+mapjoin(subq1)*/ count(*) from 
  (select a.key as key, a.value as value from tbl1_n14 a where key < 6) subq1 
    join tbl2_n13 a on subq1.key = a.key
POSTHOOK: type: QUERY
STAGE DEPENDENCIES:
  Stage-1 is a root stage
  Stage-0 depends on stages: Stage-1

STAGE PLANS:
  Stage: Stage-1
    Spark
      Edges:
        Reducer 2 <- Map 1 (PARTITION-LEVEL SORT, 1), Map 4 (PARTITION-LEVEL SORT, 1)
        Reducer 3 <- Reducer 2 (GROUP, 1)
#### A masked pattern was here ####
      Vertices:
        Map 1 
            Map Operator Tree:
                TableScan
                  alias: a
                  Statistics: Num rows: 10 Data size: 70 Basic stats: COMPLETE Column stats: NONE
                  Filter Operator
                    predicate: (key < 6) (type: boolean)
                    Statistics: Num rows: 3 Data size: 21 Basic stats: COMPLETE Column stats: NONE
                    Select Operator
                      expressions: key (type: int)
                      outputColumnNames: _col0
                      Statistics: Num rows: 3 Data size: 21 Basic stats: COMPLETE Column stats: NONE
                      Reduce Output Operator
                        key expressions: _col0 (type: int)
                        sort order: +
                        Map-reduce partition columns: _col0 (type: int)
                        Statistics: Num rows: 3 Data size: 21 Basic stats: COMPLETE Column stats: NONE
            Execution mode: vectorized
        Map 4 
            Map Operator Tree:
                TableScan
                  alias: a
                  Statistics: Num rows: 10 Data size: 70 Basic stats: COMPLETE Column stats: NONE
                  Filter Operator
                    predicate: (key < 6) (type: boolean)
                    Statistics: Num rows: 3 Data size: 21 Basic stats: COMPLETE Column stats: NONE
                    Select Operator
                      expressions: key (type: int)
                      outputColumnNames: _col0
                      Statistics: Num rows: 3 Data size: 21 Basic stats: COMPLETE Column stats: NONE
                      Reduce Output Operator
                        key expressions: _col0 (type: int)
                        sort order: +
                        Map-reduce partition columns: _col0 (type: int)
                        Statistics: Num rows: 3 Data size: 21 Basic stats: COMPLETE Column stats: NONE
            Execution mode: vectorized
        Reducer 2 
            Reduce Operator Tree:
              Join Operator
                condition map:
                     Inner Join 0 to 1
                keys:
                  0 _col0 (type: int)
                  1 _col0 (type: int)
                Statistics: Num rows: 3 Data size: 23 Basic stats: COMPLETE Column stats: NONE
                Group By Operator
                  aggregations: count()
                  mode: hash
                  outputColumnNames: _col0
                  Statistics: Num rows: 1 Data size: 8 Basic stats: COMPLETE Column stats: NONE
                  Reduce Output Operator
                    sort order: 
                    Statistics: Num rows: 1 Data size: 8 Basic stats: COMPLETE Column stats: NONE
                    value expressions: _col0 (type: bigint)
        Reducer 3 
            Execution mode: vectorized
            Reduce Operator Tree:
              Group By Operator
                aggregations: count(VALUE._col0)
                mode: mergepartial
                outputColumnNames: _col0
                Statistics: Num rows: 1 Data size: 8 Basic stats: COMPLETE Column stats: NONE
                File Output Operator
                  compressed: false
                  Statistics: Num rows: 1 Data size: 8 Basic stats: COMPLETE Column stats: NONE
                  table:
                      input format: org.apache.hadoop.mapred.SequenceFileInputFormat
                      output format: org.apache.hadoop.hive.ql.io.HiveSequenceFileOutputFormat
                      serde: org.apache.hadoop.hive.serde2.lazy.LazySimpleSerDe

  Stage: Stage-0
    Fetch Operator
      limit: -1
      Processor Tree:
        ListSink

PREHOOK: query: select /*+mapjoin(subq1)*/ count(*) from 
  (select a.key as key, a.value as value from tbl1_n14 a where key < 6) subq1 
    join tbl2_n13 a on subq1.key = a.key
PREHOOK: type: QUERY
PREHOOK: Input: default@tbl1_n14
PREHOOK: Input: default@tbl2_n13
#### A masked pattern was here ####
POSTHOOK: query: select /*+mapjoin(subq1)*/ count(*) from 
  (select a.key as key, a.value as value from tbl1_n14 a where key < 6) subq1 
    join tbl2_n13 a on subq1.key = a.key
POSTHOOK: type: QUERY
POSTHOOK: Input: default@tbl1_n14
POSTHOOK: Input: default@tbl2_n13
#### A masked pattern was here ####
20
PREHOOK: query: explain
select /*+mapjoin(a)*/ count(*) from 
  (select a.key as key, a.value as value from tbl1_n14 a where key < 6) subq1 
    join tbl2_n13 a on subq1.key = a.key
PREHOOK: type: QUERY
POSTHOOK: query: explain
select /*+mapjoin(a)*/ count(*) from 
  (select a.key as key, a.value as value from tbl1_n14 a where key < 6) subq1 
    join tbl2_n13 a on subq1.key = a.key
POSTHOOK: type: QUERY
STAGE DEPENDENCIES:
  Stage-1 is a root stage
  Stage-0 depends on stages: Stage-1

STAGE PLANS:
  Stage: Stage-1
    Spark
      Edges:
        Reducer 2 <- Map 1 (PARTITION-LEVEL SORT, 1), Map 4 (PARTITION-LEVEL SORT, 1)
        Reducer 3 <- Reducer 2 (GROUP, 1)
#### A masked pattern was here ####
      Vertices:
        Map 1 
            Map Operator Tree:
                TableScan
                  alias: a
                  Statistics: Num rows: 10 Data size: 70 Basic stats: COMPLETE Column stats: NONE
                  Filter Operator
                    predicate: (key < 6) (type: boolean)
                    Statistics: Num rows: 3 Data size: 21 Basic stats: COMPLETE Column stats: NONE
                    Select Operator
                      expressions: key (type: int)
                      outputColumnNames: _col0
                      Statistics: Num rows: 3 Data size: 21 Basic stats: COMPLETE Column stats: NONE
                      Reduce Output Operator
                        key expressions: _col0 (type: int)
                        sort order: +
                        Map-reduce partition columns: _col0 (type: int)
                        Statistics: Num rows: 3 Data size: 21 Basic stats: COMPLETE Column stats: NONE
            Execution mode: vectorized
        Map 4 
            Map Operator Tree:
                TableScan
                  alias: a
                  Statistics: Num rows: 10 Data size: 70 Basic stats: COMPLETE Column stats: NONE
                  Filter Operator
                    predicate: (key < 6) (type: boolean)
                    Statistics: Num rows: 3 Data size: 21 Basic stats: COMPLETE Column stats: NONE
                    Select Operator
                      expressions: key (type: int)
                      outputColumnNames: _col0
                      Statistics: Num rows: 3 Data size: 21 Basic stats: COMPLETE Column stats: NONE
                      Reduce Output Operator
                        key expressions: _col0 (type: int)
                        sort order: +
                        Map-reduce partition columns: _col0 (type: int)
                        Statistics: Num rows: 3 Data size: 21 Basic stats: COMPLETE Column stats: NONE
            Execution mode: vectorized
        Reducer 2 
            Reduce Operator Tree:
              Join Operator
                condition map:
                     Inner Join 0 to 1
                keys:
                  0 _col0 (type: int)
                  1 _col0 (type: int)
                Statistics: Num rows: 3 Data size: 23 Basic stats: COMPLETE Column stats: NONE
                Group By Operator
                  aggregations: count()
                  mode: hash
                  outputColumnNames: _col0
                  Statistics: Num rows: 1 Data size: 8 Basic stats: COMPLETE Column stats: NONE
                  Reduce Output Operator
                    sort order: 
                    Statistics: Num rows: 1 Data size: 8 Basic stats: COMPLETE Column stats: NONE
                    value expressions: _col0 (type: bigint)
        Reducer 3 
            Execution mode: vectorized
            Reduce Operator Tree:
              Group By Operator
                aggregations: count(VALUE._col0)
                mode: mergepartial
                outputColumnNames: _col0
                Statistics: Num rows: 1 Data size: 8 Basic stats: COMPLETE Column stats: NONE
                File Output Operator
                  compressed: false
                  Statistics: Num rows: 1 Data size: 8 Basic stats: COMPLETE Column stats: NONE
                  table:
                      input format: org.apache.hadoop.mapred.SequenceFileInputFormat
                      output format: org.apache.hadoop.hive.ql.io.HiveSequenceFileOutputFormat
                      serde: org.apache.hadoop.hive.serde2.lazy.LazySimpleSerDe

  Stage: Stage-0
    Fetch Operator
      limit: -1
      Processor Tree:
        ListSink

PREHOOK: query: select /*+mapjoin(a)*/ count(*) from 
  (select a.key as key, a.value as value from tbl1_n14 a where key < 6) subq1 
    join tbl2_n13 a on subq1.key = a.key
PREHOOK: type: QUERY
PREHOOK: Input: default@tbl1_n14
PREHOOK: Input: default@tbl2_n13
#### A masked pattern was here ####
POSTHOOK: query: select /*+mapjoin(a)*/ count(*) from 
  (select a.key as key, a.value as value from tbl1_n14 a where key < 6) subq1 
    join tbl2_n13 a on subq1.key = a.key
POSTHOOK: type: QUERY
POSTHOOK: Input: default@tbl1_n14
POSTHOOK: Input: default@tbl2_n13
#### A masked pattern was here ####
20
PREHOOK: query: explain
select /*+mapjoin(subq1, subq2)*/ count(*) from 
  (select a.key as key, a.value as value from tbl1_n14 a where key < 6) subq1 
    join
  (select a.key as key, a.value as value from tbl2_n13 a where key < 6) subq2
  on (subq1.key = subq2.key)
    join
  (select a.key as key, a.value as value from tbl2_n13 a where key < 6) subq3
  on (subq1.key = subq3.key)
PREHOOK: type: QUERY
POSTHOOK: query: explain
select /*+mapjoin(subq1, subq2)*/ count(*) from 
  (select a.key as key, a.value as value from tbl1_n14 a where key < 6) subq1 
    join
  (select a.key as key, a.value as value from tbl2_n13 a where key < 6) subq2
  on (subq1.key = subq2.key)
    join
  (select a.key as key, a.value as value from tbl2_n13 a where key < 6) subq3
  on (subq1.key = subq3.key)
POSTHOOK: type: QUERY
STAGE DEPENDENCIES:
  Stage-1 is a root stage
  Stage-0 depends on stages: Stage-1

STAGE PLANS:
  Stage: Stage-1
    Spark
      Edges:
        Reducer 2 <- Map 1 (PARTITION-LEVEL SORT, 1), Map 4 (PARTITION-LEVEL SORT, 1), Map 5 (PARTITION-LEVEL SORT, 1)
        Reducer 3 <- Reducer 2 (GROUP, 1)
#### A masked pattern was here ####
      Vertices:
        Map 1 
            Map Operator Tree:
                TableScan
                  alias: a
                  Statistics: Num rows: 10 Data size: 70 Basic stats: COMPLETE Column stats: NONE
                  Filter Operator
                    predicate: (key < 6) (type: boolean)
                    Statistics: Num rows: 3 Data size: 21 Basic stats: COMPLETE Column stats: NONE
                    Select Operator
                      expressions: key (type: int)
                      outputColumnNames: _col0
                      Statistics: Num rows: 3 Data size: 21 Basic stats: COMPLETE Column stats: NONE
                      Reduce Output Operator
                        key expressions: _col0 (type: int)
                        sort order: +
                        Map-reduce partition columns: _col0 (type: int)
                        Statistics: Num rows: 3 Data size: 21 Basic stats: COMPLETE Column stats: NONE
            Execution mode: vectorized
        Map 4 
            Map Operator Tree:
                TableScan
                  alias: a
                  Statistics: Num rows: 10 Data size: 70 Basic stats: COMPLETE Column stats: NONE
                  Filter Operator
                    predicate: (key < 6) (type: boolean)
                    Statistics: Num rows: 3 Data size: 21 Basic stats: COMPLETE Column stats: NONE
                    Select Operator
                      expressions: key (type: int)
                      outputColumnNames: _col0
                      Statistics: Num rows: 3 Data size: 21 Basic stats: COMPLETE Column stats: NONE
                      Reduce Output Operator
                        key expressions: _col0 (type: int)
                        sort order: +
                        Map-reduce partition columns: _col0 (type: int)
                        Statistics: Num rows: 3 Data size: 21 Basic stats: COMPLETE Column stats: NONE
            Execution mode: vectorized
        Map 5 
            Map Operator Tree:
                TableScan
                  alias: a
                  Statistics: Num rows: 10 Data size: 70 Basic stats: COMPLETE Column stats: NONE
                  Filter Operator
                    predicate: (key < 6) (type: boolean)
                    Statistics: Num rows: 3 Data size: 21 Basic stats: COMPLETE Column stats: NONE
                    Select Operator
                      expressions: key (type: int)
                      outputColumnNames: _col0
                      Statistics: Num rows: 3 Data size: 21 Basic stats: COMPLETE Column stats: NONE
                      Reduce Output Operator
                        key expressions: _col0 (type: int)
                        sort order: +
                        Map-reduce partition columns: _col0 (type: int)
                        Statistics: Num rows: 3 Data size: 21 Basic stats: COMPLETE Column stats: NONE
            Execution mode: vectorized
        Reducer 2 
            Reduce Operator Tree:
              Join Operator
                condition map:
                     Inner Join 0 to 1
                     Inner Join 0 to 2
                keys:
                  0 _col0 (type: int)
                  1 _col0 (type: int)
                  2 _col0 (type: int)
                Statistics: Num rows: 6 Data size: 46 Basic stats: COMPLETE Column stats: NONE
                Group By Operator
                  aggregations: count()
                  mode: hash
                  outputColumnNames: _col0
                  Statistics: Num rows: 1 Data size: 8 Basic stats: COMPLETE Column stats: NONE
                  Reduce Output Operator
                    sort order: 
                    Statistics: Num rows: 1 Data size: 8 Basic stats: COMPLETE Column stats: NONE
                    value expressions: _col0 (type: bigint)
        Reducer 3 
            Execution mode: vectorized
            Reduce Operator Tree:
              Group By Operator
                aggregations: count(VALUE._col0)
                mode: mergepartial
                outputColumnNames: _col0
                Statistics: Num rows: 1 Data size: 8 Basic stats: COMPLETE Column stats: NONE
                File Output Operator
                  compressed: false
                  Statistics: Num rows: 1 Data size: 8 Basic stats: COMPLETE Column stats: NONE
                  table:
                      input format: org.apache.hadoop.mapred.SequenceFileInputFormat
                      output format: org.apache.hadoop.hive.ql.io.HiveSequenceFileOutputFormat
                      serde: org.apache.hadoop.hive.serde2.lazy.LazySimpleSerDe

  Stage: Stage-0
    Fetch Operator
      limit: -1
      Processor Tree:
        ListSink

PREHOOK: query: select /*+mapjoin(subq1, subq2)*/ count(*) from 
  (select a.key as key, a.value as value from tbl1_n14 a where key < 6) subq1 
    join
  (select a.key as key, a.value as value from tbl2_n13 a where key < 6) subq2
  on subq1.key = subq2.key
    join
  (select a.key as key, a.value as value from tbl2_n13 a where key < 6) subq3
  on (subq1.key = subq3.key)
PREHOOK: type: QUERY
PREHOOK: Input: default@tbl1_n14
PREHOOK: Input: default@tbl2_n13
#### A masked pattern was here ####
POSTHOOK: query: select /*+mapjoin(subq1, subq2)*/ count(*) from 
  (select a.key as key, a.value as value from tbl1_n14 a where key < 6) subq1 
    join
  (select a.key as key, a.value as value from tbl2_n13 a where key < 6) subq2
  on subq1.key = subq2.key
    join
  (select a.key as key, a.value as value from tbl2_n13 a where key < 6) subq3
  on (subq1.key = subq3.key)
POSTHOOK: type: QUERY
POSTHOOK: Input: default@tbl1_n14
POSTHOOK: Input: default@tbl2_n13
#### A masked pattern was here ####
56
PREHOOK: query: explain
select count(*) from (
  select /*+mapjoin(subq2)*/ subq2.key as key, subq2.value as value1, b.value as value2 from
  (
    select * from
    (
      select a.key as key, a.value as value from tbl1_n14 a where key < 8
    ) subq1
    where key < 6
  ) subq2
join tbl2_n13 b
on subq2.key = b.key) a
PREHOOK: type: QUERY
POSTHOOK: query: explain
select count(*) from (
  select /*+mapjoin(subq2)*/ subq2.key as key, subq2.value as value1, b.value as value2 from
  (
    select * from
    (
      select a.key as key, a.value as value from tbl1_n14 a where key < 8
    ) subq1
    where key < 6
  ) subq2
join tbl2_n13 b
on subq2.key = b.key) a
POSTHOOK: type: QUERY
STAGE DEPENDENCIES:
  Stage-1 is a root stage
  Stage-0 depends on stages: Stage-1

STAGE PLANS:
  Stage: Stage-1
    Spark
      Edges:
        Reducer 2 <- Map 1 (PARTITION-LEVEL SORT, 1), Map 4 (PARTITION-LEVEL SORT, 1)
        Reducer 3 <- Reducer 2 (GROUP, 1)
#### A masked pattern was here ####
      Vertices:
        Map 1 
            Map Operator Tree:
                TableScan
                  alias: a
                  Statistics: Num rows: 10 Data size: 70 Basic stats: COMPLETE Column stats: NONE
                  Filter Operator
                    predicate: (key < 6) (type: boolean)
                    Statistics: Num rows: 3 Data size: 21 Basic stats: COMPLETE Column stats: NONE
                    Select Operator
                      expressions: key (type: int)
                      outputColumnNames: _col0
                      Statistics: Num rows: 3 Data size: 21 Basic stats: COMPLETE Column stats: NONE
                      Reduce Output Operator
                        key expressions: _col0 (type: int)
                        sort order: +
                        Map-reduce partition columns: _col0 (type: int)
                        Statistics: Num rows: 3 Data size: 21 Basic stats: COMPLETE Column stats: NONE
            Execution mode: vectorized
        Map 4 
            Map Operator Tree:
                TableScan
                  alias: b
                  Statistics: Num rows: 10 Data size: 70 Basic stats: COMPLETE Column stats: NONE
                  Filter Operator
                    predicate: (key < 6) (type: boolean)
                    Statistics: Num rows: 3 Data size: 21 Basic stats: COMPLETE Column stats: NONE
                    Select Operator
                      expressions: key (type: int)
                      outputColumnNames: _col0
                      Statistics: Num rows: 3 Data size: 21 Basic stats: COMPLETE Column stats: NONE
                      Reduce Output Operator
                        key expressions: _col0 (type: int)
                        sort order: +
                        Map-reduce partition columns: _col0 (type: int)
                        Statistics: Num rows: 3 Data size: 21 Basic stats: COMPLETE Column stats: NONE
            Execution mode: vectorized
        Reducer 2 
            Reduce Operator Tree:
              Join Operator
                condition map:
                     Inner Join 0 to 1
                keys:
                  0 _col0 (type: int)
                  1 _col0 (type: int)
                Statistics: Num rows: 3 Data size: 23 Basic stats: COMPLETE Column stats: NONE
                Group By Operator
                  aggregations: count()
                  mode: hash
                  outputColumnNames: _col0
                  Statistics: Num rows: 1 Data size: 8 Basic stats: COMPLETE Column stats: NONE
                  Reduce Output Operator
                    sort order: 
                    Statistics: Num rows: 1 Data size: 8 Basic stats: COMPLETE Column stats: NONE
                    value expressions: _col0 (type: bigint)
        Reducer 3 
            Execution mode: vectorized
            Reduce Operator Tree:
              Group By Operator
                aggregations: count(VALUE._col0)
                mode: mergepartial
                outputColumnNames: _col0
                Statistics: Num rows: 1 Data size: 8 Basic stats: COMPLETE Column stats: NONE
                File Output Operator
                  compressed: false
                  Statistics: Num rows: 1 Data size: 8 Basic stats: COMPLETE Column stats: NONE
                  table:
                      input format: org.apache.hadoop.mapred.SequenceFileInputFormat
                      output format: org.apache.hadoop.hive.ql.io.HiveSequenceFileOutputFormat
                      serde: org.apache.hadoop.hive.serde2.lazy.LazySimpleSerDe

  Stage: Stage-0
    Fetch Operator
      limit: -1
      Processor Tree:
        ListSink

PREHOOK: query: select count(*) from (
  select /*+mapjoin(subq2)*/ subq2.key as key, subq2.value as value1, b.value as value2 from
  (
    select * from
    (
      select a.key as key, a.value as value from tbl1_n14 a where key < 8
    ) subq1
    where key < 6
  ) subq2
join tbl2_n13 b
on subq2.key = b.key) a
PREHOOK: type: QUERY
PREHOOK: Input: default@tbl1_n14
PREHOOK: Input: default@tbl2_n13
#### A masked pattern was here ####
POSTHOOK: query: select count(*) from (
  select /*+mapjoin(subq2)*/ subq2.key as key, subq2.value as value1, b.value as value2 from
  (
    select * from
    (
      select a.key as key, a.value as value from tbl1_n14 a where key < 8
    ) subq1
    where key < 6
  ) subq2
join tbl2_n13 b
on subq2.key = b.key) a
POSTHOOK: type: QUERY
POSTHOOK: Input: default@tbl1_n14
POSTHOOK: Input: default@tbl2_n13
#### A masked pattern was here ####
20
