PREHOOK: query: select distinct ds from srcpart
PREHOOK: type: QUERY
PREHOOK: Input: default@srcpart
PREHOOK: Input: default@srcpart@ds=2008-04-08/hr=11
PREHOOK: Input: default@srcpart@ds=2008-04-08/hr=12
PREHOOK: Input: default@srcpart@ds=2008-04-09/hr=11
PREHOOK: Input: default@srcpart@ds=2008-04-09/hr=12
PREHOOK: Output: hdfs://### HDFS PATH ###
POSTHOOK: query: select distinct ds from srcpart
POSTHOOK: type: QUERY
POSTHOOK: Input: default@srcpart
POSTHOOK: Input: default@srcpart@ds=2008-04-08/hr=11
POSTHOOK: Input: default@srcpart@ds=2008-04-08/hr=12
POSTHOOK: Input: default@srcpart@ds=2008-04-09/hr=11
POSTHOOK: Input: default@srcpart@ds=2008-04-09/hr=12
POSTHOOK: Output: hdfs://### HDFS PATH ###
2008-04-08
2008-04-09
PREHOOK: query: select distinct hr from srcpart
PREHOOK: type: QUERY
PREHOOK: Input: default@srcpart
PREHOOK: Input: default@srcpart@ds=2008-04-08/hr=11
PREHOOK: Input: default@srcpart@ds=2008-04-08/hr=12
PREHOOK: Input: default@srcpart@ds=2008-04-09/hr=11
PREHOOK: Input: default@srcpart@ds=2008-04-09/hr=12
PREHOOK: Output: hdfs://### HDFS PATH ###
POSTHOOK: query: select distinct hr from srcpart
POSTHOOK: type: QUERY
POSTHOOK: Input: default@srcpart
POSTHOOK: Input: default@srcpart@ds=2008-04-08/hr=11
POSTHOOK: Input: default@srcpart@ds=2008-04-08/hr=12
POSTHOOK: Input: default@srcpart@ds=2008-04-09/hr=11
POSTHOOK: Input: default@srcpart@ds=2008-04-09/hr=12
POSTHOOK: Output: hdfs://### HDFS PATH ###
11
12
PREHOOK: query: EXPLAIN create table srcpart_date_n4 as select ds as ds, ds as `date` from srcpart group by ds
PREHOOK: type: CREATETABLE_AS_SELECT
POSTHOOK: query: EXPLAIN create table srcpart_date_n4 as select ds as ds, ds as `date` from srcpart group by ds
POSTHOOK: type: CREATETABLE_AS_SELECT
STAGE DEPENDENCIES:
  Stage-1 is a root stage
  Stage-0 depends on stages: Stage-1
  Stage-3 depends on stages: Stage-0
  Stage-2 depends on stages: Stage-3

STAGE PLANS:
  Stage: Stage-1
    Spark
      Edges:
        Reducer 2 <- Map 1 (GROUP, 4)
#### A masked pattern was here ####
      Vertices:
        Map 1 
            Map Operator Tree:
                TableScan
                  alias: srcpart
                  Statistics: Num rows: 2000 Data size: 21248 Basic stats: COMPLETE Column stats: NONE
                  Select Operator
                    expressions: ds (type: string)
                    outputColumnNames: ds
                    Statistics: Num rows: 2000 Data size: 21248 Basic stats: COMPLETE Column stats: NONE
                    Group By Operator
                      keys: ds (type: string)
                      mode: hash
                      outputColumnNames: _col0
                      Statistics: Num rows: 2000 Data size: 21248 Basic stats: COMPLETE Column stats: NONE
                      Reduce Output Operator
                        key expressions: _col0 (type: string)
                        sort order: +
                        Map-reduce partition columns: _col0 (type: string)
                        Statistics: Num rows: 2000 Data size: 21248 Basic stats: COMPLETE Column stats: NONE
        Reducer 2 
            Reduce Operator Tree:
              Group By Operator
                keys: KEY._col0 (type: string)
                mode: mergepartial
                outputColumnNames: _col0
                Statistics: Num rows: 1000 Data size: 10624 Basic stats: COMPLETE Column stats: NONE
                Select Operator
                  expressions: _col0 (type: string), _col0 (type: string)
                  outputColumnNames: _col0, _col1
                  Statistics: Num rows: 1000 Data size: 10624 Basic stats: COMPLETE Column stats: NONE
                  File Output Operator
                    compressed: false
                    Statistics: Num rows: 1000 Data size: 10624 Basic stats: COMPLETE Column stats: NONE
                    table:
                        input format: org.apache.hadoop.mapred.TextInputFormat
                        output format: org.apache.hadoop.hive.ql.io.HiveIgnoreKeyTextOutputFormat
                        serde: org.apache.hadoop.hive.serde2.lazy.LazySimpleSerDe
                        name: default.srcpart_date_n4

  Stage: Stage-0
    Move Operator
      files:
          hdfs directory: true
          destination: hdfs://### HDFS PATH ###

  Stage: Stage-3
      Create Table Operator:
        Create Table
          columns: ds string, date string
          input format: org.apache.hadoop.mapred.TextInputFormat
          output format: org.apache.hadoop.hive.ql.io.IgnoreKeyTextOutputFormat
          serde name: org.apache.hadoop.hive.serde2.lazy.LazySimpleSerDe
          name: default.srcpart_date_n4

  Stage: Stage-2
    Stats Work
      Basic Stats Work:

PREHOOK: query: create table srcpart_date_n4 as select ds as ds, ds as `date` from srcpart group by ds
PREHOOK: type: CREATETABLE_AS_SELECT
PREHOOK: Input: default@srcpart
PREHOOK: Input: default@srcpart@ds=2008-04-08/hr=11
PREHOOK: Input: default@srcpart@ds=2008-04-08/hr=12
PREHOOK: Input: default@srcpart@ds=2008-04-09/hr=11
PREHOOK: Input: default@srcpart@ds=2008-04-09/hr=12
PREHOOK: Output: database:default
PREHOOK: Output: default@srcpart_date_n4
POSTHOOK: query: create table srcpart_date_n4 as select ds as ds, ds as `date` from srcpart group by ds
POSTHOOK: type: CREATETABLE_AS_SELECT
POSTHOOK: Input: default@srcpart
POSTHOOK: Input: default@srcpart@ds=2008-04-08/hr=11
POSTHOOK: Input: default@srcpart@ds=2008-04-08/hr=12
POSTHOOK: Input: default@srcpart@ds=2008-04-09/hr=11
POSTHOOK: Input: default@srcpart@ds=2008-04-09/hr=12
POSTHOOK: Output: database:default
POSTHOOK: Output: default@srcpart_date_n4
POSTHOOK: Lineage: srcpart_date_n4.date SIMPLE [(srcpart)srcpart.FieldSchema(name:ds, type:string, comment:null), ]
POSTHOOK: Lineage: srcpart_date_n4.ds SIMPLE [(srcpart)srcpart.FieldSchema(name:ds, type:string, comment:null), ]
PREHOOK: query: create table srcpart_hour_n1 as select hr as hr, hr as hour from srcpart group by hr
PREHOOK: type: CREATETABLE_AS_SELECT
PREHOOK: Input: default@srcpart
PREHOOK: Input: default@srcpart@ds=2008-04-08/hr=11
PREHOOK: Input: default@srcpart@ds=2008-04-08/hr=12
PREHOOK: Input: default@srcpart@ds=2008-04-09/hr=11
PREHOOK: Input: default@srcpart@ds=2008-04-09/hr=12
PREHOOK: Output: database:default
PREHOOK: Output: default@srcpart_hour_n1
POSTHOOK: query: create table srcpart_hour_n1 as select hr as hr, hr as hour from srcpart group by hr
POSTHOOK: type: CREATETABLE_AS_SELECT
POSTHOOK: Input: default@srcpart
POSTHOOK: Input: default@srcpart@ds=2008-04-08/hr=11
POSTHOOK: Input: default@srcpart@ds=2008-04-08/hr=12
POSTHOOK: Input: default@srcpart@ds=2008-04-09/hr=11
POSTHOOK: Input: default@srcpart@ds=2008-04-09/hr=12
POSTHOOK: Output: database:default
POSTHOOK: Output: default@srcpart_hour_n1
POSTHOOK: Lineage: srcpart_hour_n1.hour SIMPLE [(srcpart)srcpart.FieldSchema(name:hr, type:string, comment:null), ]
POSTHOOK: Lineage: srcpart_hour_n1.hr SIMPLE [(srcpart)srcpart.FieldSchema(name:hr, type:string, comment:null), ]
PREHOOK: query: create table srcpart_date_hour_n1 as select ds as ds, ds as `date`, hr as hr, hr as hour from srcpart group by ds, hr
PREHOOK: type: CREATETABLE_AS_SELECT
PREHOOK: Input: default@srcpart
PREHOOK: Input: default@srcpart@ds=2008-04-08/hr=11
PREHOOK: Input: default@srcpart@ds=2008-04-08/hr=12
PREHOOK: Input: default@srcpart@ds=2008-04-09/hr=11
PREHOOK: Input: default@srcpart@ds=2008-04-09/hr=12
PREHOOK: Output: database:default
PREHOOK: Output: default@srcpart_date_hour_n1
POSTHOOK: query: create table srcpart_date_hour_n1 as select ds as ds, ds as `date`, hr as hr, hr as hour from srcpart group by ds, hr
POSTHOOK: type: CREATETABLE_AS_SELECT
POSTHOOK: Input: default@srcpart
POSTHOOK: Input: default@srcpart@ds=2008-04-08/hr=11
POSTHOOK: Input: default@srcpart@ds=2008-04-08/hr=12
POSTHOOK: Input: default@srcpart@ds=2008-04-09/hr=11
POSTHOOK: Input: default@srcpart@ds=2008-04-09/hr=12
POSTHOOK: Output: database:default
POSTHOOK: Output: default@srcpart_date_hour_n1
POSTHOOK: Lineage: srcpart_date_hour_n1.date SIMPLE [(srcpart)srcpart.FieldSchema(name:ds, type:string, comment:null), ]
POSTHOOK: Lineage: srcpart_date_hour_n1.ds SIMPLE [(srcpart)srcpart.FieldSchema(name:ds, type:string, comment:null), ]
POSTHOOK: Lineage: srcpart_date_hour_n1.hour SIMPLE [(srcpart)srcpart.FieldSchema(name:hr, type:string, comment:null), ]
POSTHOOK: Lineage: srcpart_date_hour_n1.hr SIMPLE [(srcpart)srcpart.FieldSchema(name:hr, type:string, comment:null), ]
PREHOOK: query: create table srcpart_double_hour_n1 as select (hr*2) as hr, hr as hour from srcpart group by hr
PREHOOK: type: CREATETABLE_AS_SELECT
PREHOOK: Input: default@srcpart
PREHOOK: Input: default@srcpart@ds=2008-04-08/hr=11
PREHOOK: Input: default@srcpart@ds=2008-04-08/hr=12
PREHOOK: Input: default@srcpart@ds=2008-04-09/hr=11
PREHOOK: Input: default@srcpart@ds=2008-04-09/hr=12
PREHOOK: Output: database:default
PREHOOK: Output: default@srcpart_double_hour_n1
POSTHOOK: query: create table srcpart_double_hour_n1 as select (hr*2) as hr, hr as hour from srcpart group by hr
POSTHOOK: type: CREATETABLE_AS_SELECT
POSTHOOK: Input: default@srcpart
POSTHOOK: Input: default@srcpart@ds=2008-04-08/hr=11
POSTHOOK: Input: default@srcpart@ds=2008-04-08/hr=12
POSTHOOK: Input: default@srcpart@ds=2008-04-09/hr=11
POSTHOOK: Input: default@srcpart@ds=2008-04-09/hr=12
POSTHOOK: Output: database:default
POSTHOOK: Output: default@srcpart_double_hour_n1
POSTHOOK: Lineage: srcpart_double_hour_n1.hour SIMPLE [(srcpart)srcpart.FieldSchema(name:hr, type:string, comment:null), ]
POSTHOOK: Lineage: srcpart_double_hour_n1.hr EXPRESSION [(srcpart)srcpart.FieldSchema(name:hr, type:string, comment:null), ]
PREHOOK: query: EXPLAIN select count(*) from srcpart join srcpart_date_n4 on (srcpart.ds = srcpart_date_n4.ds) where srcpart_date_n4.`date` = '2008-04-08'
PREHOOK: type: QUERY
POSTHOOK: query: EXPLAIN select count(*) from srcpart join srcpart_date_n4 on (srcpart.ds = srcpart_date_n4.ds) where srcpart_date_n4.`date` = '2008-04-08'
POSTHOOK: type: QUERY
STAGE DEPENDENCIES:
  Stage-2 is a root stage
  Stage-1 depends on stages: Stage-2
  Stage-0 depends on stages: Stage-1

STAGE PLANS:
  Stage: Stage-2
    Spark
#### A masked pattern was here ####
      Vertices:
        Map 5 
            Map Operator Tree:
                TableScan
                  alias: srcpart_date_n4
                  filterExpr: ((date = '2008-04-08') and ds is not null) (type: boolean)
                  Statistics: Num rows: 2 Data size: 42 Basic stats: COMPLETE Column stats: NONE
                  Filter Operator
                    predicate: ((date = '2008-04-08') and ds is not null) (type: boolean)
                    Statistics: Num rows: 1 Data size: 21 Basic stats: COMPLETE Column stats: NONE
                    Select Operator
                      expressions: ds (type: string)
                      outputColumnNames: _col0
                      Statistics: Num rows: 1 Data size: 21 Basic stats: COMPLETE Column stats: NONE
                      Select Operator
                        expressions: _col0 (type: string)
                        outputColumnNames: _col0
                        Statistics: Num rows: 1 Data size: 21 Basic stats: COMPLETE Column stats: NONE
                        Group By Operator
                          keys: _col0 (type: string)
                          mode: hash
                          outputColumnNames: _col0
                          Statistics: Num rows: 1 Data size: 21 Basic stats: COMPLETE Column stats: NONE
                          Spark Partition Pruning Sink Operator
                            Target Columns: [Map 1 -> [ds:string (ds)]]
                            Statistics: Num rows: 1 Data size: 21 Basic stats: COMPLETE Column stats: NONE

  Stage: Stage-1
    Spark
      Edges:
        Reducer 2 <- Map 1 (PARTITION-LEVEL SORT, 4), Map 4 (PARTITION-LEVEL SORT, 4)
        Reducer 3 <- Reducer 2 (GROUP, 1)
#### A masked pattern was here ####
      Vertices:
        Map 1 
            Map Operator Tree:
                TableScan
                  alias: srcpart
                  filterExpr: ds is not null (type: boolean)
                  Statistics: Num rows: 2000 Data size: 21248 Basic stats: COMPLETE Column stats: NONE
                  Select Operator
                    expressions: ds (type: string)
                    outputColumnNames: _col0
                    Statistics: Num rows: 2000 Data size: 21248 Basic stats: COMPLETE Column stats: NONE
                    Reduce Output Operator
                      key expressions: _col0 (type: string)
                      sort order: +
                      Map-reduce partition columns: _col0 (type: string)
                      Statistics: Num rows: 2000 Data size: 21248 Basic stats: COMPLETE Column stats: NONE
        Map 4 
            Map Operator Tree:
                TableScan
                  alias: srcpart_date_n4
                  filterExpr: ((date = '2008-04-08') and ds is not null) (type: boolean)
                  Statistics: Num rows: 2 Data size: 42 Basic stats: COMPLETE Column stats: NONE
                  Filter Operator
                    predicate: ((date = '2008-04-08') and ds is not null) (type: boolean)
                    Statistics: Num rows: 1 Data size: 21 Basic stats: COMPLETE Column stats: NONE
                    Select Operator
                      expressions: ds (type: string)
                      outputColumnNames: _col0
                      Statistics: Num rows: 1 Data size: 21 Basic stats: COMPLETE Column stats: NONE
                      Reduce Output Operator
                        key expressions: _col0 (type: string)
                        sort order: +
                        Map-reduce partition columns: _col0 (type: string)
                        Statistics: Num rows: 1 Data size: 21 Basic stats: COMPLETE Column stats: NONE
        Reducer 2 
            Reduce Operator Tree:
              Join Operator
                condition map:
                     Inner Join 0 to 1
                keys:
                  0 _col0 (type: string)
                  1 _col0 (type: string)
                Statistics: Num rows: 2200 Data size: 23372 Basic stats: COMPLETE Column stats: NONE
                Group By Operator
                  aggregations: count()
                  mode: hash
                  outputColumnNames: _col0
                  Statistics: Num rows: 1 Data size: 8 Basic stats: COMPLETE Column stats: NONE
                  Reduce Output Operator
                    sort order: 
                    Statistics: Num rows: 1 Data size: 8 Basic stats: COMPLETE Column stats: NONE
                    value expressions: _col0 (type: bigint)
        Reducer 3 
            Reduce Operator Tree:
              Group By Operator
                aggregations: count(VALUE._col0)
                mode: mergepartial
                outputColumnNames: _col0
                Statistics: Num rows: 1 Data size: 8 Basic stats: COMPLETE Column stats: NONE
                File Output Operator
                  compressed: false
                  Statistics: Num rows: 1 Data size: 8 Basic stats: COMPLETE Column stats: NONE
                  table:
                      input format: org.apache.hadoop.mapred.SequenceFileInputFormat
                      output format: org.apache.hadoop.hive.ql.io.HiveSequenceFileOutputFormat
                      serde: org.apache.hadoop.hive.serde2.lazy.LazySimpleSerDe

  Stage: Stage-0
    Fetch Operator
      limit: -1
      Processor Tree:
        ListSink

PREHOOK: query: select count(*) from srcpart join srcpart_date_n4 on (srcpart.ds = srcpart_date_n4.ds) where srcpart_date_n4.`date` = '2008-04-08'
PREHOOK: type: QUERY
PREHOOK: Input: default@srcpart
PREHOOK: Input: default@srcpart@ds=2008-04-08/hr=11
PREHOOK: Input: default@srcpart@ds=2008-04-08/hr=12
PREHOOK: Input: default@srcpart@ds=2008-04-09/hr=11
PREHOOK: Input: default@srcpart@ds=2008-04-09/hr=12
PREHOOK: Input: default@srcpart_date_n4
PREHOOK: Output: hdfs://### HDFS PATH ###
POSTHOOK: query: select count(*) from srcpart join srcpart_date_n4 on (srcpart.ds = srcpart_date_n4.ds) where srcpart_date_n4.`date` = '2008-04-08'
POSTHOOK: type: QUERY
POSTHOOK: Input: default@srcpart
POSTHOOK: Input: default@srcpart@ds=2008-04-08/hr=11
POSTHOOK: Input: default@srcpart@ds=2008-04-08/hr=12
POSTHOOK: Input: default@srcpart@ds=2008-04-09/hr=11
POSTHOOK: Input: default@srcpart@ds=2008-04-09/hr=12
POSTHOOK: Input: default@srcpart_date_n4
POSTHOOK: Output: hdfs://### HDFS PATH ###
1000
PREHOOK: query: EXPLAIN select count(*) from srcpart join srcpart_date_n4 on (srcpart.ds = srcpart_date_n4.ds) where srcpart_date_n4.`date` = '2008-04-08'
PREHOOK: type: QUERY
POSTHOOK: query: EXPLAIN select count(*) from srcpart join srcpart_date_n4 on (srcpart.ds = srcpart_date_n4.ds) where srcpart_date_n4.`date` = '2008-04-08'
POSTHOOK: type: QUERY
STAGE DEPENDENCIES:
  Stage-1 is a root stage
  Stage-0 depends on stages: Stage-1

STAGE PLANS:
  Stage: Stage-1
    Spark
      Edges:
        Reducer 2 <- Map 1 (PARTITION-LEVEL SORT, 4), Map 4 (PARTITION-LEVEL SORT, 4)
        Reducer 3 <- Reducer 2 (GROUP, 1)
#### A masked pattern was here ####
      Vertices:
        Map 1 
            Map Operator Tree:
                TableScan
                  alias: srcpart
                  filterExpr: ds is not null (type: boolean)
                  Statistics: Num rows: 2000 Data size: 21248 Basic stats: COMPLETE Column stats: NONE
                  Select Operator
                    expressions: ds (type: string)
                    outputColumnNames: _col0
                    Statistics: Num rows: 2000 Data size: 21248 Basic stats: COMPLETE Column stats: NONE
                    Reduce Output Operator
                      key expressions: _col0 (type: string)
                      sort order: +
                      Map-reduce partition columns: _col0 (type: string)
                      Statistics: Num rows: 2000 Data size: 21248 Basic stats: COMPLETE Column stats: NONE
        Map 4 
            Map Operator Tree:
                TableScan
                  alias: srcpart_date_n4
                  filterExpr: ((date = '2008-04-08') and ds is not null) (type: boolean)
                  Statistics: Num rows: 2 Data size: 42 Basic stats: COMPLETE Column stats: NONE
                  Filter Operator
                    predicate: ((date = '2008-04-08') and ds is not null) (type: boolean)
                    Statistics: Num rows: 1 Data size: 21 Basic stats: COMPLETE Column stats: NONE
                    Select Operator
                      expressions: ds (type: string)
                      outputColumnNames: _col0
                      Statistics: Num rows: 1 Data size: 21 Basic stats: COMPLETE Column stats: NONE
                      Reduce Output Operator
                        key expressions: _col0 (type: string)
                        sort order: +
                        Map-reduce partition columns: _col0 (type: string)
                        Statistics: Num rows: 1 Data size: 21 Basic stats: COMPLETE Column stats: NONE
        Reducer 2 
            Reduce Operator Tree:
              Join Operator
                condition map:
                     Inner Join 0 to 1
                keys:
                  0 _col0 (type: string)
                  1 _col0 (type: string)
                Statistics: Num rows: 2200 Data size: 23372 Basic stats: COMPLETE Column stats: NONE
                Group By Operator
                  aggregations: count()
                  mode: hash
                  outputColumnNames: _col0
                  Statistics: Num rows: 1 Data size: 8 Basic stats: COMPLETE Column stats: NONE
                  Reduce Output Operator
                    sort order: 
                    Statistics: Num rows: 1 Data size: 8 Basic stats: COMPLETE Column stats: NONE
                    value expressions: _col0 (type: bigint)
        Reducer 3 
            Reduce Operator Tree:
              Group By Operator
                aggregations: count(VALUE._col0)
                mode: mergepartial
                outputColumnNames: _col0
                Statistics: Num rows: 1 Data size: 8 Basic stats: COMPLETE Column stats: NONE
                File Output Operator
                  compressed: false
                  Statistics: Num rows: 1 Data size: 8 Basic stats: COMPLETE Column stats: NONE
                  table:
                      input format: org.apache.hadoop.mapred.SequenceFileInputFormat
                      output format: org.apache.hadoop.hive.ql.io.HiveSequenceFileOutputFormat
                      serde: org.apache.hadoop.hive.serde2.lazy.LazySimpleSerDe

  Stage: Stage-0
    Fetch Operator
      limit: -1
      Processor Tree:
        ListSink

PREHOOK: query: select count(*) from srcpart join srcpart_date_n4 on (srcpart.ds = srcpart_date_n4.ds) where srcpart_date_n4.`date` = '2008-04-08'
PREHOOK: type: QUERY
PREHOOK: Input: default@srcpart
PREHOOK: Input: default@srcpart@ds=2008-04-08/hr=11
PREHOOK: Input: default@srcpart@ds=2008-04-08/hr=12
PREHOOK: Input: default@srcpart@ds=2008-04-09/hr=11
PREHOOK: Input: default@srcpart@ds=2008-04-09/hr=12
PREHOOK: Input: default@srcpart_date_n4
PREHOOK: Output: hdfs://### HDFS PATH ###
POSTHOOK: query: select count(*) from srcpart join srcpart_date_n4 on (srcpart.ds = srcpart_date_n4.ds) where srcpart_date_n4.`date` = '2008-04-08'
POSTHOOK: type: QUERY
POSTHOOK: Input: default@srcpart
POSTHOOK: Input: default@srcpart@ds=2008-04-08/hr=11
POSTHOOK: Input: default@srcpart@ds=2008-04-08/hr=12
POSTHOOK: Input: default@srcpart@ds=2008-04-09/hr=11
POSTHOOK: Input: default@srcpart@ds=2008-04-09/hr=12
POSTHOOK: Input: default@srcpart_date_n4
POSTHOOK: Output: hdfs://### HDFS PATH ###
1000
PREHOOK: query: select count(*) from srcpart where ds = '2008-04-08'
PREHOOK: type: QUERY
PREHOOK: Input: default@srcpart
PREHOOK: Output: hdfs://### HDFS PATH ###
POSTHOOK: query: select count(*) from srcpart where ds = '2008-04-08'
POSTHOOK: type: QUERY
POSTHOOK: Input: default@srcpart
POSTHOOK: Output: hdfs://### HDFS PATH ###
1000
PREHOOK: query: EXPLAIN select count(*) from srcpart join srcpart_date_n4 on (day(srcpart.ds) = day(srcpart_date_n4.ds)) where srcpart_date_n4.`date` = '2008-04-08'
PREHOOK: type: QUERY
POSTHOOK: query: EXPLAIN select count(*) from srcpart join srcpart_date_n4 on (day(srcpart.ds) = day(srcpart_date_n4.ds)) where srcpart_date_n4.`date` = '2008-04-08'
POSTHOOK: type: QUERY
STAGE DEPENDENCIES:
  Stage-2 is a root stage
  Stage-1 depends on stages: Stage-2
  Stage-0 depends on stages: Stage-1

STAGE PLANS:
  Stage: Stage-2
    Spark
#### A masked pattern was here ####
      Vertices:
        Map 5 
            Map Operator Tree:
                TableScan
                  alias: srcpart_date_n4
                  filterExpr: (date = '2008-04-08') (type: boolean)
                  Statistics: Num rows: 2 Data size: 42 Basic stats: COMPLETE Column stats: NONE
                  Filter Operator
                    predicate: (date = '2008-04-08') (type: boolean)
                    Statistics: Num rows: 1 Data size: 21 Basic stats: COMPLETE Column stats: NONE
                    Select Operator
                      expressions: ds (type: string)
                      outputColumnNames: _col0
                      Statistics: Num rows: 1 Data size: 21 Basic stats: COMPLETE Column stats: NONE
                      Select Operator
                        expressions: day(CAST( _col0 AS DATE)) (type: int)
                        outputColumnNames: _col0
                        Statistics: Num rows: 1 Data size: 21 Basic stats: COMPLETE Column stats: NONE
                        Group By Operator
                          keys: _col0 (type: int)
                          mode: hash
                          outputColumnNames: _col0
                          Statistics: Num rows: 1 Data size: 21 Basic stats: COMPLETE Column stats: NONE
                          Spark Partition Pruning Sink Operator
                            Target Columns: [Map 1 -> [ds:string (day(CAST( ds AS DATE)))]]
                            Statistics: Num rows: 1 Data size: 21 Basic stats: COMPLETE Column stats: NONE

  Stage: Stage-1
    Spark
      Edges:
        Reducer 2 <- Map 1 (PARTITION-LEVEL SORT, 4), Map 4 (PARTITION-LEVEL SORT, 4)
        Reducer 3 <- Reducer 2 (GROUP, 1)
#### A masked pattern was here ####
      Vertices:
        Map 1 
            Map Operator Tree:
                TableScan
                  alias: srcpart
                  Statistics: Num rows: 2000 Data size: 21248 Basic stats: COMPLETE Column stats: NONE
                  Select Operator
                    expressions: ds (type: string)
                    outputColumnNames: _col0
                    Statistics: Num rows: 2000 Data size: 21248 Basic stats: COMPLETE Column stats: NONE
                    Reduce Output Operator
                      key expressions: day(CAST( _col0 AS DATE)) (type: int)
                      sort order: +
                      Map-reduce partition columns: day(CAST( _col0 AS DATE)) (type: int)
                      Statistics: Num rows: 2000 Data size: 21248 Basic stats: COMPLETE Column stats: NONE
        Map 4 
            Map Operator Tree:
                TableScan
                  alias: srcpart_date_n4
                  filterExpr: (date = '2008-04-08') (type: boolean)
                  Statistics: Num rows: 2 Data size: 42 Basic stats: COMPLETE Column stats: NONE
                  Filter Operator
                    predicate: (date = '2008-04-08') (type: boolean)
                    Statistics: Num rows: 1 Data size: 21 Basic stats: COMPLETE Column stats: NONE
                    Select Operator
                      expressions: ds (type: string)
                      outputColumnNames: _col0
                      Statistics: Num rows: 1 Data size: 21 Basic stats: COMPLETE Column stats: NONE
                      Reduce Output Operator
                        key expressions: day(CAST( _col0 AS DATE)) (type: int)
                        sort order: +
                        Map-reduce partition columns: day(CAST( _col0 AS DATE)) (type: int)
                        Statistics: Num rows: 1 Data size: 21 Basic stats: COMPLETE Column stats: NONE
        Reducer 2 
            Reduce Operator Tree:
              Join Operator
                condition map:
                     Inner Join 0 to 1
                keys:
                  0 day(CAST( _col0 AS DATE)) (type: int)
                  1 day(CAST( _col0 AS DATE)) (type: int)
                Statistics: Num rows: 2200 Data size: 23372 Basic stats: COMPLETE Column stats: NONE
                Group By Operator
                  aggregations: count()
                  mode: hash
                  outputColumnNames: _col0
                  Statistics: Num rows: 1 Data size: 8 Basic stats: COMPLETE Column stats: NONE
                  Reduce Output Operator
                    sort order: 
                    Statistics: Num rows: 1 Data size: 8 Basic stats: COMPLETE Column stats: NONE
                    value expressions: _col0 (type: bigint)
        Reducer 3 
            Reduce Operator Tree:
              Group By Operator
                aggregations: count(VALUE._col0)
                mode: mergepartial
                outputColumnNames: _col0
                Statistics: Num rows: 1 Data size: 8 Basic stats: COMPLETE Column stats: NONE
                File Output Operator
                  compressed: false
                  Statistics: Num rows: 1 Data size: 8 Basic stats: COMPLETE Column stats: NONE
                  table:
                      input format: org.apache.hadoop.mapred.SequenceFileInputFormat
                      output format: org.apache.hadoop.hive.ql.io.HiveSequenceFileOutputFormat
                      serde: org.apache.hadoop.hive.serde2.lazy.LazySimpleSerDe

  Stage: Stage-0
    Fetch Operator
      limit: -1
      Processor Tree:
        ListSink

PREHOOK: query: select count(*) from srcpart join srcpart_date_n4 on (day(srcpart.ds) = day(srcpart_date_n4.ds)) where srcpart_date_n4.`date` = '2008-04-08'
PREHOOK: type: QUERY
PREHOOK: Input: default@srcpart
PREHOOK: Input: default@srcpart@ds=2008-04-08/hr=11
PREHOOK: Input: default@srcpart@ds=2008-04-08/hr=12
PREHOOK: Input: default@srcpart@ds=2008-04-09/hr=11
PREHOOK: Input: default@srcpart@ds=2008-04-09/hr=12
PREHOOK: Input: default@srcpart_date_n4
PREHOOK: Output: hdfs://### HDFS PATH ###
POSTHOOK: query: select count(*) from srcpart join srcpart_date_n4 on (day(srcpart.ds) = day(srcpart_date_n4.ds)) where srcpart_date_n4.`date` = '2008-04-08'
POSTHOOK: type: QUERY
POSTHOOK: Input: default@srcpart
POSTHOOK: Input: default@srcpart@ds=2008-04-08/hr=11
POSTHOOK: Input: default@srcpart@ds=2008-04-08/hr=12
POSTHOOK: Input: default@srcpart@ds=2008-04-09/hr=11
POSTHOOK: Input: default@srcpart@ds=2008-04-09/hr=12
POSTHOOK: Input: default@srcpart_date_n4
POSTHOOK: Output: hdfs://### HDFS PATH ###
1000
PREHOOK: query: EXPLAIN select count(*) from srcpart join srcpart_date_n4 on (day(srcpart.ds) = day(srcpart_date_n4.ds)) where srcpart_date_n4.`date` = '2008-04-08'
PREHOOK: type: QUERY
POSTHOOK: query: EXPLAIN select count(*) from srcpart join srcpart_date_n4 on (day(srcpart.ds) = day(srcpart_date_n4.ds)) where srcpart_date_n4.`date` = '2008-04-08'
POSTHOOK: type: QUERY
STAGE DEPENDENCIES:
  Stage-1 is a root stage
  Stage-0 depends on stages: Stage-1

STAGE PLANS:
  Stage: Stage-1
    Spark
      Edges:
        Reducer 2 <- Map 1 (PARTITION-LEVEL SORT, 4), Map 4 (PARTITION-LEVEL SORT, 4)
        Reducer 3 <- Reducer 2 (GROUP, 1)
#### A masked pattern was here ####
      Vertices:
        Map 1 
            Map Operator Tree:
                TableScan
                  alias: srcpart
                  Statistics: Num rows: 2000 Data size: 21248 Basic stats: COMPLETE Column stats: NONE
                  Select Operator
                    expressions: ds (type: string)
                    outputColumnNames: _col0
                    Statistics: Num rows: 2000 Data size: 21248 Basic stats: COMPLETE Column stats: NONE
                    Reduce Output Operator
                      key expressions: day(CAST( _col0 AS DATE)) (type: int)
                      sort order: +
                      Map-reduce partition columns: day(CAST( _col0 AS DATE)) (type: int)
                      Statistics: Num rows: 2000 Data size: 21248 Basic stats: COMPLETE Column stats: NONE
        Map 4 
            Map Operator Tree:
                TableScan
                  alias: srcpart_date_n4
                  filterExpr: (date = '2008-04-08') (type: boolean)
                  Statistics: Num rows: 2 Data size: 42 Basic stats: COMPLETE Column stats: NONE
                  Filter Operator
                    predicate: (date = '2008-04-08') (type: boolean)
                    Statistics: Num rows: 1 Data size: 21 Basic stats: COMPLETE Column stats: NONE
                    Select Operator
                      expressions: ds (type: string)
                      outputColumnNames: _col0
                      Statistics: Num rows: 1 Data size: 21 Basic stats: COMPLETE Column stats: NONE
                      Reduce Output Operator
                        key expressions: day(CAST( _col0 AS DATE)) (type: int)
                        sort order: +
                        Map-reduce partition columns: day(CAST( _col0 AS DATE)) (type: int)
                        Statistics: Num rows: 1 Data size: 21 Basic stats: COMPLETE Column stats: NONE
        Reducer 2 
            Reduce Operator Tree:
              Join Operator
                condition map:
                     Inner Join 0 to 1
                keys:
                  0 day(CAST( _col0 AS DATE)) (type: int)
                  1 day(CAST( _col0 AS DATE)) (type: int)
                Statistics: Num rows: 2200 Data size: 23372 Basic stats: COMPLETE Column stats: NONE
                Group By Operator
                  aggregations: count()
                  mode: hash
                  outputColumnNames: _col0
                  Statistics: Num rows: 1 Data size: 8 Basic stats: COMPLETE Column stats: NONE
                  Reduce Output Operator
                    sort order: 
                    Statistics: Num rows: 1 Data size: 8 Basic stats: COMPLETE Column stats: NONE
                    value expressions: _col0 (type: bigint)
        Reducer 3 
            Reduce Operator Tree:
              Group By Operator
                aggregations: count(VALUE._col0)
                mode: mergepartial
                outputColumnNames: _col0
                Statistics: Num rows: 1 Data size: 8 Basic stats: COMPLETE Column stats: NONE
                File Output Operator
                  compressed: false
                  Statistics: Num rows: 1 Data size: 8 Basic stats: COMPLETE Column stats: NONE
                  table:
                      input format: org.apache.hadoop.mapred.SequenceFileInputFormat
                      output format: org.apache.hadoop.hive.ql.io.HiveSequenceFileOutputFormat
                      serde: org.apache.hadoop.hive.serde2.lazy.LazySimpleSerDe

  Stage: Stage-0
    Fetch Operator
      limit: -1
      Processor Tree:
        ListSink

PREHOOK: query: select count(*) from srcpart join srcpart_date_n4 on (day(srcpart.ds) = day(srcpart_date_n4.ds)) where srcpart_date_n4.`date` = '2008-04-08'
PREHOOK: type: QUERY
PREHOOK: Input: default@srcpart
PREHOOK: Input: default@srcpart@ds=2008-04-08/hr=11
PREHOOK: Input: default@srcpart@ds=2008-04-08/hr=12
PREHOOK: Input: default@srcpart@ds=2008-04-09/hr=11
PREHOOK: Input: default@srcpart@ds=2008-04-09/hr=12
PREHOOK: Input: default@srcpart_date_n4
PREHOOK: Output: hdfs://### HDFS PATH ###
POSTHOOK: query: select count(*) from srcpart join srcpart_date_n4 on (day(srcpart.ds) = day(srcpart_date_n4.ds)) where srcpart_date_n4.`date` = '2008-04-08'
POSTHOOK: type: QUERY
POSTHOOK: Input: default@srcpart
POSTHOOK: Input: default@srcpart@ds=2008-04-08/hr=11
POSTHOOK: Input: default@srcpart@ds=2008-04-08/hr=12
POSTHOOK: Input: default@srcpart@ds=2008-04-09/hr=11
POSTHOOK: Input: default@srcpart@ds=2008-04-09/hr=12
POSTHOOK: Input: default@srcpart_date_n4
POSTHOOK: Output: hdfs://### HDFS PATH ###
1000
PREHOOK: query: EXPLAIN select count(*) from srcpart join srcpart_date_n4 on abs(negative(cast(concat(cast(day(srcpart.ds) as string), "0") as bigint)) + 10) = abs(negative(cast(concat(cast(day(srcpart_date_n4.ds) as string), "0") as bigint)) + 10) where srcpart_date_n4.`date` = '2008-04-08'
PREHOOK: type: QUERY
POSTHOOK: query: EXPLAIN select count(*) from srcpart join srcpart_date_n4 on abs(negative(cast(concat(cast(day(srcpart.ds) as string), "0") as bigint)) + 10) = abs(negative(cast(concat(cast(day(srcpart_date_n4.ds) as string), "0") as bigint)) + 10) where srcpart_date_n4.`date` = '2008-04-08'
POSTHOOK: type: QUERY
STAGE DEPENDENCIES:
  Stage-2 is a root stage
  Stage-1 depends on stages: Stage-2
  Stage-0 depends on stages: Stage-1

STAGE PLANS:
  Stage: Stage-2
    Spark
#### A masked pattern was here ####
      Vertices:
        Map 5 
            Map Operator Tree:
                TableScan
                  alias: srcpart_date_n4
                  filterExpr: ((date = '2008-04-08') and abs(((- UDFToLong(concat(CAST( day(CAST( ds AS DATE)) AS STRING), '0'))) + 10)) is not null) (type: boolean)
                  Statistics: Num rows: 2 Data size: 42 Basic stats: COMPLETE Column stats: NONE
                  Filter Operator
                    predicate: ((date = '2008-04-08') and abs(((- UDFToLong(concat(CAST( day(CAST( ds AS DATE)) AS STRING), '0'))) + 10)) is not null) (type: boolean)
                    Statistics: Num rows: 1 Data size: 21 Basic stats: COMPLETE Column stats: NONE
                    Select Operator
                      expressions: ds (type: string)
                      outputColumnNames: _col0
                      Statistics: Num rows: 1 Data size: 21 Basic stats: COMPLETE Column stats: NONE
                      Select Operator
                        expressions: abs(((- UDFToLong(concat(CAST( day(CAST( _col0 AS DATE)) AS STRING), '0'))) + 10)) (type: bigint)
                        outputColumnNames: _col0
                        Statistics: Num rows: 1 Data size: 21 Basic stats: COMPLETE Column stats: NONE
                        Group By Operator
                          keys: _col0 (type: bigint)
                          mode: hash
                          outputColumnNames: _col0
                          Statistics: Num rows: 1 Data size: 21 Basic stats: COMPLETE Column stats: NONE
                          Spark Partition Pruning Sink Operator
                            Target Columns: [Map 1 -> [ds:string (abs(((- UDFToLong(concat(CAST( day(CAST( ds AS DATE)) AS STRING), '0'))) + 10)))]]
                            Statistics: Num rows: 1 Data size: 21 Basic stats: COMPLETE Column stats: NONE

  Stage: Stage-1
    Spark
      Edges:
        Reducer 2 <- Map 1 (PARTITION-LEVEL SORT, 4), Map 4 (PARTITION-LEVEL SORT, 4)
        Reducer 3 <- Reducer 2 (GROUP, 1)
#### A masked pattern was here ####
      Vertices:
        Map 1 
            Map Operator Tree:
                TableScan
                  alias: srcpart
                  filterExpr: abs(((- UDFToLong(concat(CAST( day(CAST( ds AS DATE)) AS STRING), '0'))) + 10)) is not null (type: boolean)
                  Statistics: Num rows: 2000 Data size: 21248 Basic stats: COMPLETE Column stats: NONE
                  Filter Operator
                    predicate: abs(((- UDFToLong(concat(CAST( day(CAST( ds AS DATE)) AS STRING), '0'))) + 10)) is not null (type: boolean)
                    Statistics: Num rows: 2000 Data size: 21248 Basic stats: COMPLETE Column stats: NONE
                    Select Operator
                      expressions: ds (type: string)
                      outputColumnNames: _col0
                      Statistics: Num rows: 2000 Data size: 21248 Basic stats: COMPLETE Column stats: NONE
                      Reduce Output Operator
                        key expressions: abs(((- UDFToLong(concat(CAST( day(CAST( _col0 AS DATE)) AS STRING), '0'))) + 10)) (type: bigint)
                        sort order: +
                        Map-reduce partition columns: abs(((- UDFToLong(concat(CAST( day(CAST( _col0 AS DATE)) AS STRING), '0'))) + 10)) (type: bigint)
                        Statistics: Num rows: 2000 Data size: 21248 Basic stats: COMPLETE Column stats: NONE
        Map 4 
            Map Operator Tree:
                TableScan
                  alias: srcpart_date_n4
                  filterExpr: ((date = '2008-04-08') and abs(((- UDFToLong(concat(CAST( day(CAST( ds AS DATE)) AS STRING), '0'))) + 10)) is not null) (type: boolean)
                  Statistics: Num rows: 2 Data size: 42 Basic stats: COMPLETE Column stats: NONE
                  Filter Operator
                    predicate: ((date = '2008-04-08') and abs(((- UDFToLong(concat(CAST( day(CAST( ds AS DATE)) AS STRING), '0'))) + 10)) is not null) (type: boolean)
                    Statistics: Num rows: 1 Data size: 21 Basic stats: COMPLETE Column stats: NONE
                    Select Operator
                      expressions: ds (type: string)
                      outputColumnNames: _col0
                      Statistics: Num rows: 1 Data size: 21 Basic stats: COMPLETE Column stats: NONE
                      Reduce Output Operator
                        key expressions: abs(((- UDFToLong(concat(CAST( day(CAST( _col0 AS DATE)) AS STRING), '0'))) + 10)) (type: bigint)
                        sort order: +
                        Map-reduce partition columns: abs(((- UDFToLong(concat(CAST( day(CAST( _col0 AS DATE)) AS STRING), '0'))) + 10)) (type: bigint)
                        Statistics: Num rows: 1 Data size: 21 Basic stats: COMPLETE Column stats: NONE
        Reducer 2 
            Reduce Operator Tree:
              Join Operator
                condition map:
                     Inner Join 0 to 1
                keys:
                  0 abs(((- UDFToLong(concat(CAST( day(CAST( _col0 AS DATE)) AS STRING), '0'))) + 10)) (type: bigint)
                  1 abs(((- UDFToLong(concat(CAST( day(CAST( _col0 AS DATE)) AS STRING), '0'))) + 10)) (type: bigint)
                Statistics: Num rows: 2200 Data size: 23372 Basic stats: COMPLETE Column stats: NONE
                Group By Operator
                  aggregations: count()
                  mode: hash
                  outputColumnNames: _col0
                  Statistics: Num rows: 1 Data size: 8 Basic stats: COMPLETE Column stats: NONE
                  Reduce Output Operator
                    sort order: 
                    Statistics: Num rows: 1 Data size: 8 Basic stats: COMPLETE Column stats: NONE
                    value expressions: _col0 (type: bigint)
        Reducer 3 
            Reduce Operator Tree:
              Group By Operator
                aggregations: count(VALUE._col0)
                mode: mergepartial
                outputColumnNames: _col0
                Statistics: Num rows: 1 Data size: 8 Basic stats: COMPLETE Column stats: NONE
                File Output Operator
                  compressed: false
                  Statistics: Num rows: 1 Data size: 8 Basic stats: COMPLETE Column stats: NONE
                  table:
                      input format: org.apache.hadoop.mapred.SequenceFileInputFormat
                      output format: org.apache.hadoop.hive.ql.io.HiveSequenceFileOutputFormat
                      serde: org.apache.hadoop.hive.serde2.lazy.LazySimpleSerDe

  Stage: Stage-0
    Fetch Operator
      limit: -1
      Processor Tree:
        ListSink

PREHOOK: query: select count(*) from srcpart join srcpart_date_n4 on abs(negative(cast(concat(cast(day(srcpart.ds) as string), "0") as bigint)) + 10) = abs(negative(cast(concat(cast(day(srcpart_date_n4.ds) as string), "0") as bigint)) + 10) where srcpart_date_n4.`date` = '2008-04-08'
PREHOOK: type: QUERY
PREHOOK: Input: default@srcpart
PREHOOK: Input: default@srcpart@ds=2008-04-08/hr=11
PREHOOK: Input: default@srcpart@ds=2008-04-08/hr=12
PREHOOK: Input: default@srcpart@ds=2008-04-09/hr=11
PREHOOK: Input: default@srcpart@ds=2008-04-09/hr=12
PREHOOK: Input: default@srcpart_date_n4
PREHOOK: Output: hdfs://### HDFS PATH ###
POSTHOOK: query: select count(*) from srcpart join srcpart_date_n4 on abs(negative(cast(concat(cast(day(srcpart.ds) as string), "0") as bigint)) + 10) = abs(negative(cast(concat(cast(day(srcpart_date_n4.ds) as string), "0") as bigint)) + 10) where srcpart_date_n4.`date` = '2008-04-08'
POSTHOOK: type: QUERY
POSTHOOK: Input: default@srcpart
POSTHOOK: Input: default@srcpart@ds=2008-04-08/hr=11
POSTHOOK: Input: default@srcpart@ds=2008-04-08/hr=12
POSTHOOK: Input: default@srcpart@ds=2008-04-09/hr=11
POSTHOOK: Input: default@srcpart@ds=2008-04-09/hr=12
POSTHOOK: Input: default@srcpart_date_n4
POSTHOOK: Output: hdfs://### HDFS PATH ###
1000
PREHOOK: query: EXPLAIN select count(*) from srcpart join srcpart_date_n4 on cast(day(srcpart.ds) as smallint) = cast(day(srcpart_date_n4.ds) as decimal) where srcpart_date_n4.`date` = '2008-04-08'
PREHOOK: type: QUERY
POSTHOOK: query: EXPLAIN select count(*) from srcpart join srcpart_date_n4 on cast(day(srcpart.ds) as smallint) = cast(day(srcpart_date_n4.ds) as decimal) where srcpart_date_n4.`date` = '2008-04-08'
POSTHOOK: type: QUERY
STAGE DEPENDENCIES:
  Stage-2 is a root stage
  Stage-1 depends on stages: Stage-2
  Stage-0 depends on stages: Stage-1

STAGE PLANS:
  Stage: Stage-2
    Spark
#### A masked pattern was here ####
      Vertices:
        Map 5 
            Map Operator Tree:
                TableScan
                  alias: srcpart_date_n4
                  filterExpr: (date = '2008-04-08') (type: boolean)
                  Statistics: Num rows: 2 Data size: 42 Basic stats: COMPLETE Column stats: NONE
                  Filter Operator
                    predicate: (date = '2008-04-08') (type: boolean)
                    Statistics: Num rows: 1 Data size: 21 Basic stats: COMPLETE Column stats: NONE
                    Select Operator
                      expressions: ds (type: string)
                      outputColumnNames: _col0
                      Statistics: Num rows: 1 Data size: 21 Basic stats: COMPLETE Column stats: NONE
                      Select Operator
                        expressions: CAST( day(CAST( _col0 AS DATE)) AS decimal(10,0)) (type: decimal(10,0))
                        outputColumnNames: _col0
                        Statistics: Num rows: 1 Data size: 21 Basic stats: COMPLETE Column stats: NONE
                        Group By Operator
                          keys: _col0 (type: decimal(10,0))
                          mode: hash
                          outputColumnNames: _col0
                          Statistics: Num rows: 1 Data size: 21 Basic stats: COMPLETE Column stats: NONE
                          Spark Partition Pruning Sink Operator
                            Target Columns: [Map 1 -> [ds:string (CAST( UDFToShort(day(CAST( ds AS DATE))) AS decimal(10,0)))]]
                            Statistics: Num rows: 1 Data size: 21 Basic stats: COMPLETE Column stats: NONE

  Stage: Stage-1
    Spark
      Edges:
        Reducer 2 <- Map 1 (PARTITION-LEVEL SORT, 4), Map 4 (PARTITION-LEVEL SORT, 4)
        Reducer 3 <- Reducer 2 (GROUP, 1)
#### A masked pattern was here ####
      Vertices:
        Map 1 
            Map Operator Tree:
                TableScan
                  alias: srcpart
                  Statistics: Num rows: 2000 Data size: 21248 Basic stats: COMPLETE Column stats: NONE
                  Select Operator
                    expressions: ds (type: string)
                    outputColumnNames: _col0
                    Statistics: Num rows: 2000 Data size: 21248 Basic stats: COMPLETE Column stats: NONE
                    Reduce Output Operator
                      key expressions: CAST( UDFToShort(day(CAST( _col0 AS DATE))) AS decimal(10,0)) (type: decimal(10,0))
                      sort order: +
                      Map-reduce partition columns: CAST( UDFToShort(day(CAST( _col0 AS DATE))) AS decimal(10,0)) (type: decimal(10,0))
                      Statistics: Num rows: 2000 Data size: 21248 Basic stats: COMPLETE Column stats: NONE
        Map 4 
            Map Operator Tree:
                TableScan
                  alias: srcpart_date_n4
                  filterExpr: (date = '2008-04-08') (type: boolean)
                  Statistics: Num rows: 2 Data size: 42 Basic stats: COMPLETE Column stats: NONE
                  Filter Operator
                    predicate: (date = '2008-04-08') (type: boolean)
                    Statistics: Num rows: 1 Data size: 21 Basic stats: COMPLETE Column stats: NONE
                    Select Operator
                      expressions: ds (type: string)
                      outputColumnNames: _col0
                      Statistics: Num rows: 1 Data size: 21 Basic stats: COMPLETE Column stats: NONE
                      Reduce Output Operator
                        key expressions: CAST( day(CAST( _col0 AS DATE)) AS decimal(10,0)) (type: decimal(10,0))
                        sort order: +
                        Map-reduce partition columns: CAST( day(CAST( _col0 AS DATE)) AS decimal(10,0)) (type: decimal(10,0))
                        Statistics: Num rows: 1 Data size: 21 Basic stats: COMPLETE Column stats: NONE
        Reducer 2 
            Reduce Operator Tree:
              Join Operator
                condition map:
                     Inner Join 0 to 1
                keys:
                  0 CAST( UDFToShort(day(CAST( _col0 AS DATE))) AS decimal(10,0)) (type: decimal(10,0))
                  1 CAST( day(CAST( _col0 AS DATE)) AS decimal(10,0)) (type: decimal(10,0))
                Statistics: Num rows: 2200 Data size: 23372 Basic stats: COMPLETE Column stats: NONE
                Group By Operator
                  aggregations: count()
                  mode: hash
                  outputColumnNames: _col0
                  Statistics: Num rows: 1 Data size: 8 Basic stats: COMPLETE Column stats: NONE
                  Reduce Output Operator
                    sort order: 
                    Statistics: Num rows: 1 Data size: 8 Basic stats: COMPLETE Column stats: NONE
                    value expressions: _col0 (type: bigint)
        Reducer 3 
            Reduce Operator Tree:
              Group By Operator
                aggregations: count(VALUE._col0)
                mode: mergepartial
                outputColumnNames: _col0
                Statistics: Num rows: 1 Data size: 8 Basic stats: COMPLETE Column stats: NONE
                File Output Operator
                  compressed: false
                  Statistics: Num rows: 1 Data size: 8 Basic stats: COMPLETE Column stats: NONE
                  table:
                      input format: org.apache.hadoop.mapred.SequenceFileInputFormat
                      output format: org.apache.hadoop.hive.ql.io.HiveSequenceFileOutputFormat
                      serde: org.apache.hadoop.hive.serde2.lazy.LazySimpleSerDe

  Stage: Stage-0
    Fetch Operator
      limit: -1
      Processor Tree:
        ListSink

PREHOOK: query: select count(*) from srcpart join srcpart_date_n4 on cast(day(srcpart.ds) as smallint) = cast(day(srcpart_date_n4.ds) as decimal) where srcpart_date_n4.`date` = '2008-04-08'
PREHOOK: type: QUERY
PREHOOK: Input: default@srcpart
PREHOOK: Input: default@srcpart@ds=2008-04-08/hr=11
PREHOOK: Input: default@srcpart@ds=2008-04-08/hr=12
PREHOOK: Input: default@srcpart@ds=2008-04-09/hr=11
PREHOOK: Input: default@srcpart@ds=2008-04-09/hr=12
PREHOOK: Input: default@srcpart_date_n4
PREHOOK: Output: hdfs://### HDFS PATH ###
POSTHOOK: query: select count(*) from srcpart join srcpart_date_n4 on cast(day(srcpart.ds) as smallint) = cast(day(srcpart_date_n4.ds) as decimal) where srcpart_date_n4.`date` = '2008-04-08'
POSTHOOK: type: QUERY
POSTHOOK: Input: default@srcpart
POSTHOOK: Input: default@srcpart@ds=2008-04-08/hr=11
POSTHOOK: Input: default@srcpart@ds=2008-04-08/hr=12
POSTHOOK: Input: default@srcpart@ds=2008-04-09/hr=11
POSTHOOK: Input: default@srcpart@ds=2008-04-09/hr=12
POSTHOOK: Input: default@srcpart_date_n4
POSTHOOK: Output: hdfs://### HDFS PATH ###
1000
PREHOOK: query: EXPLAIN select count(*) from srcpart join srcpart_date_n4 on (srcpart.ds = srcpart_date_n4.ds) join srcpart_hour_n1 on (srcpart.hr = srcpart_hour_n1.hr)
where srcpart_date_n4.`date` = '2008-04-08' and srcpart_hour_n1.hour = 11
PREHOOK: type: QUERY
POSTHOOK: query: EXPLAIN select count(*) from srcpart join srcpart_date_n4 on (srcpart.ds = srcpart_date_n4.ds) join srcpart_hour_n1 on (srcpart.hr = srcpart_hour_n1.hr)
where srcpart_date_n4.`date` = '2008-04-08' and srcpart_hour_n1.hour = 11
POSTHOOK: type: QUERY
STAGE DEPENDENCIES:
  Stage-2 is a root stage
  Stage-1 depends on stages: Stage-2
  Stage-0 depends on stages: Stage-1

STAGE PLANS:
  Stage: Stage-2
    Spark
#### A masked pattern was here ####
      Vertices:
        Map 7 
            Map Operator Tree:
                TableScan
                  alias: srcpart_date_n4
                  filterExpr: ((date = '2008-04-08') and ds is not null) (type: boolean)
                  Statistics: Num rows: 2 Data size: 42 Basic stats: COMPLETE Column stats: NONE
                  Filter Operator
                    predicate: ((date = '2008-04-08') and ds is not null) (type: boolean)
                    Statistics: Num rows: 1 Data size: 21 Basic stats: COMPLETE Column stats: NONE
                    Select Operator
                      expressions: ds (type: string)
                      outputColumnNames: _col0
                      Statistics: Num rows: 1 Data size: 21 Basic stats: COMPLETE Column stats: NONE
                      Select Operator
                        expressions: _col0 (type: string)
                        outputColumnNames: _col0
                        Statistics: Num rows: 1 Data size: 21 Basic stats: COMPLETE Column stats: NONE
                        Group By Operator
                          keys: _col0 (type: string)
                          mode: hash
                          outputColumnNames: _col0
                          Statistics: Num rows: 1 Data size: 21 Basic stats: COMPLETE Column stats: NONE
                          Spark Partition Pruning Sink Operator
                            Target Columns: [Map 1 -> [ds:string (ds)]]
                            Statistics: Num rows: 1 Data size: 21 Basic stats: COMPLETE Column stats: NONE
        Map 8 
            Map Operator Tree:
                TableScan
                  alias: srcpart_hour_n1
                  filterExpr: ((UDFToDouble(hour) = 11.0D) and hr is not null) (type: boolean)
                  Statistics: Num rows: 2 Data size: 10 Basic stats: COMPLETE Column stats: NONE
                  Filter Operator
                    predicate: ((UDFToDouble(hour) = 11.0D) and hr is not null) (type: boolean)
                    Statistics: Num rows: 1 Data size: 5 Basic stats: COMPLETE Column stats: NONE
                    Select Operator
                      expressions: hr (type: string)
                      outputColumnNames: _col0
                      Statistics: Num rows: 1 Data size: 5 Basic stats: COMPLETE Column stats: NONE
                      Select Operator
                        expressions: _col0 (type: string)
                        outputColumnNames: _col0
                        Statistics: Num rows: 1 Data size: 5 Basic stats: COMPLETE Column stats: NONE
                        Group By Operator
                          keys: _col0 (type: string)
                          mode: hash
                          outputColumnNames: _col0
                          Statistics: Num rows: 1 Data size: 5 Basic stats: COMPLETE Column stats: NONE
                          Spark Partition Pruning Sink Operator
                            Target Columns: [Map 1 -> [hr:string (hr)]]
                            Statistics: Num rows: 1 Data size: 5 Basic stats: COMPLETE Column stats: NONE

  Stage: Stage-1
    Spark
      Edges:
        Reducer 2 <- Map 1 (PARTITION-LEVEL SORT, 4), Map 5 (PARTITION-LEVEL SORT, 4)
        Reducer 3 <- Map 6 (PARTITION-LEVEL SORT, 4), Reducer 2 (PARTITION-LEVEL SORT, 4)
        Reducer 4 <- Reducer 3 (GROUP, 1)
#### A masked pattern was here ####
      Vertices:
        Map 1 
            Map Operator Tree:
                TableScan
                  alias: srcpart
                  Statistics: Num rows: 2000 Data size: 21248 Basic stats: COMPLETE Column stats: NONE
                  Select Operator
                    expressions: ds (type: string), hr (type: string)
                    outputColumnNames: _col0, _col1
                    Statistics: Num rows: 2000 Data size: 21248 Basic stats: COMPLETE Column stats: NONE
                    Reduce Output Operator
                      key expressions: _col0 (type: string)
                      sort order: +
                      Map-reduce partition columns: _col0 (type: string)
                      Statistics: Num rows: 2000 Data size: 21248 Basic stats: COMPLETE Column stats: NONE
                      value expressions: _col1 (type: string)
        Map 5 
            Map Operator Tree:
                TableScan
                  alias: srcpart_date_n4
                  filterExpr: ((date = '2008-04-08') and ds is not null) (type: boolean)
                  Statistics: Num rows: 2 Data size: 42 Basic stats: COMPLETE Column stats: NONE
                  Filter Operator
                    predicate: ((date = '2008-04-08') and ds is not null) (type: boolean)
                    Statistics: Num rows: 1 Data size: 21 Basic stats: COMPLETE Column stats: NONE
                    Select Operator
                      expressions: ds (type: string)
                      outputColumnNames: _col0
                      Statistics: Num rows: 1 Data size: 21 Basic stats: COMPLETE Column stats: NONE
                      Reduce Output Operator
                        key expressions: _col0 (type: string)
                        sort order: +
                        Map-reduce partition columns: _col0 (type: string)
                        Statistics: Num rows: 1 Data size: 21 Basic stats: COMPLETE Column stats: NONE
        Map 6 
            Map Operator Tree:
                TableScan
                  alias: srcpart_hour_n1
                  filterExpr: ((UDFToDouble(hour) = 11.0D) and hr is not null) (type: boolean)
                  Statistics: Num rows: 2 Data size: 10 Basic stats: COMPLETE Column stats: NONE
                  Filter Operator
                    predicate: ((UDFToDouble(hour) = 11.0D) and hr is not null) (type: boolean)
                    Statistics: Num rows: 1 Data size: 5 Basic stats: COMPLETE Column stats: NONE
                    Select Operator
                      expressions: hr (type: string)
                      outputColumnNames: _col0
                      Statistics: Num rows: 1 Data size: 5 Basic stats: COMPLETE Column stats: NONE
                      Reduce Output Operator
                        key expressions: _col0 (type: string)
                        sort order: +
                        Map-reduce partition columns: _col0 (type: string)
                        Statistics: Num rows: 1 Data size: 5 Basic stats: COMPLETE Column stats: NONE
        Reducer 2 
            Reduce Operator Tree:
              Join Operator
                condition map:
                     Inner Join 0 to 1
                keys:
                  0 _col0 (type: string)
                  1 _col0 (type: string)
                outputColumnNames: _col1
                Statistics: Num rows: 2200 Data size: 23372 Basic stats: COMPLETE Column stats: NONE
                Reduce Output Operator
                  key expressions: _col1 (type: string)
                  sort order: +
                  Map-reduce partition columns: _col1 (type: string)
                  Statistics: Num rows: 2200 Data size: 23372 Basic stats: COMPLETE Column stats: NONE
        Reducer 3 
            Reduce Operator Tree:
              Join Operator
                condition map:
                     Inner Join 0 to 1
                keys:
                  0 _col1 (type: string)
                  1 _col0 (type: string)
                Statistics: Num rows: 2420 Data size: 25709 Basic stats: COMPLETE Column stats: NONE
                Group By Operator
                  aggregations: count()
                  mode: hash
                  outputColumnNames: _col0
                  Statistics: Num rows: 1 Data size: 8 Basic stats: COMPLETE Column stats: NONE
                  Reduce Output Operator
                    sort order: 
                    Statistics: Num rows: 1 Data size: 8 Basic stats: COMPLETE Column stats: NONE
                    value expressions: _col0 (type: bigint)
        Reducer 4 
            Reduce Operator Tree:
              Group By Operator
                aggregations: count(VALUE._col0)
                mode: mergepartial
                outputColumnNames: _col0
                Statistics: Num rows: 1 Data size: 8 Basic stats: COMPLETE Column stats: NONE
                File Output Operator
                  compressed: false
                  Statistics: Num rows: 1 Data size: 8 Basic stats: COMPLETE Column stats: NONE
                  table:
                      input format: org.apache.hadoop.mapred.SequenceFileInputFormat
                      output format: org.apache.hadoop.hive.ql.io.HiveSequenceFileOutputFormat
                      serde: org.apache.hadoop.hive.serde2.lazy.LazySimpleSerDe

  Stage: Stage-0
    Fetch Operator
      limit: -1
      Processor Tree:
        ListSink

PREHOOK: query: select count(*) from srcpart join srcpart_date_n4 on (srcpart.ds = srcpart_date_n4.ds) join srcpart_hour_n1 on (srcpart.hr = srcpart_hour_n1.hr) 
where srcpart_date_n4.`date` = '2008-04-08' and srcpart_hour_n1.hour = 11
PREHOOK: type: QUERY
PREHOOK: Input: default@srcpart
PREHOOK: Input: default@srcpart@ds=2008-04-08/hr=11
PREHOOK: Input: default@srcpart@ds=2008-04-08/hr=12
PREHOOK: Input: default@srcpart@ds=2008-04-09/hr=11
PREHOOK: Input: default@srcpart@ds=2008-04-09/hr=12
PREHOOK: Input: default@srcpart_date_n4
PREHOOK: Input: default@srcpart_hour_n1
PREHOOK: Output: hdfs://### HDFS PATH ###
POSTHOOK: query: select count(*) from srcpart join srcpart_date_n4 on (srcpart.ds = srcpart_date_n4.ds) join srcpart_hour_n1 on (srcpart.hr = srcpart_hour_n1.hr) 
where srcpart_date_n4.`date` = '2008-04-08' and srcpart_hour_n1.hour = 11
POSTHOOK: type: QUERY
POSTHOOK: Input: default@srcpart
POSTHOOK: Input: default@srcpart@ds=2008-04-08/hr=11
POSTHOOK: Input: default@srcpart@ds=2008-04-08/hr=12
POSTHOOK: Input: default@srcpart@ds=2008-04-09/hr=11
POSTHOOK: Input: default@srcpart@ds=2008-04-09/hr=12
POSTHOOK: Input: default@srcpart_date_n4
POSTHOOK: Input: default@srcpart_hour_n1
POSTHOOK: Output: hdfs://### HDFS PATH ###
500
PREHOOK: query: EXPLAIN select count(*) from srcpart join srcpart_date_n4 on (srcpart.ds = srcpart_date_n4.ds) join srcpart_hour_n1 on (srcpart.hr = srcpart_hour_n1.hr) 
where srcpart_date_n4.`date` = '2008-04-08' and srcpart_hour_n1.hour = 11
PREHOOK: type: QUERY
POSTHOOK: query: EXPLAIN select count(*) from srcpart join srcpart_date_n4 on (srcpart.ds = srcpart_date_n4.ds) join srcpart_hour_n1 on (srcpart.hr = srcpart_hour_n1.hr) 
where srcpart_date_n4.`date` = '2008-04-08' and srcpart_hour_n1.hour = 11
POSTHOOK: type: QUERY
STAGE DEPENDENCIES:
  Stage-1 is a root stage
  Stage-0 depends on stages: Stage-1

STAGE PLANS:
  Stage: Stage-1
    Spark
      Edges:
        Reducer 2 <- Map 1 (PARTITION-LEVEL SORT, 4), Map 5 (PARTITION-LEVEL SORT, 4)
        Reducer 3 <- Map 6 (PARTITION-LEVEL SORT, 4), Reducer 2 (PARTITION-LEVEL SORT, 4)
        Reducer 4 <- Reducer 3 (GROUP, 1)
#### A masked pattern was here ####
      Vertices:
        Map 1 
            Map Operator Tree:
                TableScan
                  alias: srcpart
                  filterExpr: (ds is not null and hr is not null) (type: boolean)
                  Statistics: Num rows: 2000 Data size: 21248 Basic stats: COMPLETE Column stats: NONE
                  Select Operator
                    expressions: ds (type: string), hr (type: string)
                    outputColumnNames: _col0, _col1
                    Statistics: Num rows: 2000 Data size: 21248 Basic stats: COMPLETE Column stats: NONE
                    Reduce Output Operator
                      key expressions: _col0 (type: string)
                      sort order: +
                      Map-reduce partition columns: _col0 (type: string)
                      Statistics: Num rows: 2000 Data size: 21248 Basic stats: COMPLETE Column stats: NONE
                      value expressions: _col1 (type: string)
        Map 5 
            Map Operator Tree:
                TableScan
                  alias: srcpart_date_n4
                  filterExpr: ((date = '2008-04-08') and ds is not null) (type: boolean)
                  Statistics: Num rows: 2 Data size: 42 Basic stats: COMPLETE Column stats: NONE
                  Filter Operator
                    predicate: ((date = '2008-04-08') and ds is not null) (type: boolean)
                    Statistics: Num rows: 1 Data size: 21 Basic stats: COMPLETE Column stats: NONE
                    Select Operator
                      expressions: ds (type: string)
                      outputColumnNames: _col0
                      Statistics: Num rows: 1 Data size: 21 Basic stats: COMPLETE Column stats: NONE
                      Reduce Output Operator
                        key expressions: _col0 (type: string)
                        sort order: +
                        Map-reduce partition columns: _col0 (type: string)
                        Statistics: Num rows: 1 Data size: 21 Basic stats: COMPLETE Column stats: NONE
        Map 6 
            Map Operator Tree:
                TableScan
                  alias: srcpart_hour_n1
                  filterExpr: ((UDFToDouble(hour) = 11.0D) and hr is not null) (type: boolean)
                  Statistics: Num rows: 2 Data size: 10 Basic stats: COMPLETE Column stats: NONE
                  Filter Operator
                    predicate: ((UDFToDouble(hour) = 11.0D) and hr is not null) (type: boolean)
                    Statistics: Num rows: 1 Data size: 5 Basic stats: COMPLETE Column stats: NONE
                    Select Operator
                      expressions: hr (type: string)
                      outputColumnNames: _col0
                      Statistics: Num rows: 1 Data size: 5 Basic stats: COMPLETE Column stats: NONE
                      Reduce Output Operator
                        key expressions: _col0 (type: string)
                        sort order: +
                        Map-reduce partition columns: _col0 (type: string)
                        Statistics: Num rows: 1 Data size: 5 Basic stats: COMPLETE Column stats: NONE
        Reducer 2 
            Reduce Operator Tree:
              Join Operator
                condition map:
                     Inner Join 0 to 1
                keys:
                  0 _col0 (type: string)
                  1 _col0 (type: string)
                outputColumnNames: _col1
                Statistics: Num rows: 2200 Data size: 23372 Basic stats: COMPLETE Column stats: NONE
                Reduce Output Operator
                  key expressions: _col1 (type: string)
                  sort order: +
                  Map-reduce partition columns: _col1 (type: string)
                  Statistics: Num rows: 2200 Data size: 23372 Basic stats: COMPLETE Column stats: NONE
        Reducer 3 
            Reduce Operator Tree:
              Join Operator
                condition map:
                     Inner Join 0 to 1
                keys:
                  0 _col1 (type: string)
                  1 _col0 (type: string)
                Statistics: Num rows: 2420 Data size: 25709 Basic stats: COMPLETE Column stats: NONE
                Group By Operator
                  aggregations: count()
                  mode: hash
                  outputColumnNames: _col0
                  Statistics: Num rows: 1 Data size: 8 Basic stats: COMPLETE Column stats: NONE
                  Reduce Output Operator
                    sort order: 
                    Statistics: Num rows: 1 Data size: 8 Basic stats: COMPLETE Column stats: NONE
                    value expressions: _col0 (type: bigint)
        Reducer 4 
            Reduce Operator Tree:
              Group By Operator
                aggregations: count(VALUE._col0)
                mode: mergepartial
                outputColumnNames: _col0
                Statistics: Num rows: 1 Data size: 8 Basic stats: COMPLETE Column stats: NONE
                File Output Operator
                  compressed: false
                  Statistics: Num rows: 1 Data size: 8 Basic stats: COMPLETE Column stats: NONE
                  table:
                      input format: org.apache.hadoop.mapred.SequenceFileInputFormat
                      output format: org.apache.hadoop.hive.ql.io.HiveSequenceFileOutputFormat
                      serde: org.apache.hadoop.hive.serde2.lazy.LazySimpleSerDe

  Stage: Stage-0
    Fetch Operator
      limit: -1
      Processor Tree:
        ListSink

PREHOOK: query: select count(*) from srcpart join srcpart_date_n4 on (srcpart.ds = srcpart_date_n4.ds) join srcpart_hour_n1 on (srcpart.hr = srcpart_hour_n1.hr) 
where srcpart_date_n4.`date` = '2008-04-08' and srcpart_hour_n1.hour = 11
PREHOOK: type: QUERY
PREHOOK: Input: default@srcpart
PREHOOK: Input: default@srcpart@ds=2008-04-08/hr=11
PREHOOK: Input: default@srcpart@ds=2008-04-08/hr=12
PREHOOK: Input: default@srcpart@ds=2008-04-09/hr=11
PREHOOK: Input: default@srcpart@ds=2008-04-09/hr=12
PREHOOK: Input: default@srcpart_date_n4
PREHOOK: Input: default@srcpart_hour_n1
PREHOOK: Output: hdfs://### HDFS PATH ###
POSTHOOK: query: select count(*) from srcpart join srcpart_date_n4 on (srcpart.ds = srcpart_date_n4.ds) join srcpart_hour_n1 on (srcpart.hr = srcpart_hour_n1.hr) 
where srcpart_date_n4.`date` = '2008-04-08' and srcpart_hour_n1.hour = 11
POSTHOOK: type: QUERY
POSTHOOK: Input: default@srcpart
POSTHOOK: Input: default@srcpart@ds=2008-04-08/hr=11
POSTHOOK: Input: default@srcpart@ds=2008-04-08/hr=12
POSTHOOK: Input: default@srcpart@ds=2008-04-09/hr=11
POSTHOOK: Input: default@srcpart@ds=2008-04-09/hr=12
POSTHOOK: Input: default@srcpart_date_n4
POSTHOOK: Input: default@srcpart_hour_n1
POSTHOOK: Output: hdfs://### HDFS PATH ###
500
PREHOOK: query: select count(*) from srcpart where hr = 11 and ds = '2008-04-08'
PREHOOK: type: QUERY
PREHOOK: Input: default@srcpart
PREHOOK: Output: hdfs://### HDFS PATH ###
POSTHOOK: query: select count(*) from srcpart where hr = 11 and ds = '2008-04-08'
POSTHOOK: type: QUERY
POSTHOOK: Input: default@srcpart
POSTHOOK: Output: hdfs://### HDFS PATH ###
500
PREHOOK: query: EXPLAIN select count(*) from srcpart join srcpart_date_hour_n1 on (srcpart.ds = srcpart_date_hour_n1.ds and srcpart.hr = srcpart_date_hour_n1.hr) where srcpart_date_hour_n1.`date` = '2008-04-08' and srcpart_date_hour_n1.hour = 11
PREHOOK: type: QUERY
POSTHOOK: query: EXPLAIN select count(*) from srcpart join srcpart_date_hour_n1 on (srcpart.ds = srcpart_date_hour_n1.ds and srcpart.hr = srcpart_date_hour_n1.hr) where srcpart_date_hour_n1.`date` = '2008-04-08' and srcpart_date_hour_n1.hour = 11
POSTHOOK: type: QUERY
STAGE DEPENDENCIES:
  Stage-2 is a root stage
  Stage-1 depends on stages: Stage-2
  Stage-0 depends on stages: Stage-1

STAGE PLANS:
  Stage: Stage-2
    Spark
#### A masked pattern was here ####
      Vertices:
        Map 5 
            Map Operator Tree:
                TableScan
                  alias: srcpart_date_hour_n1
                  filterExpr: ((date = '2008-04-08') and (UDFToDouble(hour) = 11.0D) and ds is not null and hr is not null) (type: boolean)
                  Statistics: Num rows: 4 Data size: 108 Basic stats: COMPLETE Column stats: NONE
                  Filter Operator
                    predicate: ((UDFToDouble(hour) = 11.0D) and (date = '2008-04-08') and ds is not null and hr is not null) (type: boolean)
                    Statistics: Num rows: 1 Data size: 27 Basic stats: COMPLETE Column stats: NONE
                    Select Operator
                      expressions: ds (type: string), hr (type: string)
                      outputColumnNames: _col0, _col2
                      Statistics: Num rows: 1 Data size: 27 Basic stats: COMPLETE Column stats: NONE
                      Select Operator
                        expressions: _col0 (type: string)
                        outputColumnNames: _col0
                        Statistics: Num rows: 1 Data size: 27 Basic stats: COMPLETE Column stats: NONE
                        Group By Operator
                          keys: _col0 (type: string)
                          mode: hash
                          outputColumnNames: _col0
                          Statistics: Num rows: 1 Data size: 27 Basic stats: COMPLETE Column stats: NONE
                          Spark Partition Pruning Sink Operator
                            Target Columns: [Map 1 -> [ds:string (ds)]]
                            Statistics: Num rows: 1 Data size: 27 Basic stats: COMPLETE Column stats: NONE
                      Select Operator
                        expressions: _col2 (type: string)
                        outputColumnNames: _col0
                        Statistics: Num rows: 1 Data size: 27 Basic stats: COMPLETE Column stats: NONE
                        Group By Operator
                          keys: _col0 (type: string)
                          mode: hash
                          outputColumnNames: _col0
                          Statistics: Num rows: 1 Data size: 27 Basic stats: COMPLETE Column stats: NONE
                          Spark Partition Pruning Sink Operator
                            Target Columns: [Map 1 -> [hr:string (hr)]]
                            Statistics: Num rows: 1 Data size: 27 Basic stats: COMPLETE Column stats: NONE

  Stage: Stage-1
    Spark
      Edges:
        Reducer 2 <- Map 1 (PARTITION-LEVEL SORT, 4), Map 4 (PARTITION-LEVEL SORT, 4)
        Reducer 3 <- Reducer 2 (GROUP, 1)
#### A masked pattern was here ####
      Vertices:
        Map 1 
            Map Operator Tree:
                TableScan
                  alias: srcpart
                  Statistics: Num rows: 2000 Data size: 21248 Basic stats: COMPLETE Column stats: NONE
                  Select Operator
                    expressions: ds (type: string), hr (type: string)
                    outputColumnNames: _col0, _col1
                    Statistics: Num rows: 2000 Data size: 21248 Basic stats: COMPLETE Column stats: NONE
                    Reduce Output Operator
                      key expressions: _col0 (type: string), _col1 (type: string)
                      sort order: ++
                      Map-reduce partition columns: _col0 (type: string), _col1 (type: string)
                      Statistics: Num rows: 2000 Data size: 21248 Basic stats: COMPLETE Column stats: NONE
        Map 4 
            Map Operator Tree:
                TableScan
                  alias: srcpart_date_hour_n1
                  filterExpr: ((date = '2008-04-08') and (UDFToDouble(hour) = 11.0D) and ds is not null and hr is not null) (type: boolean)
                  Statistics: Num rows: 4 Data size: 108 Basic stats: COMPLETE Column stats: NONE
                  Filter Operator
                    predicate: ((UDFToDouble(hour) = 11.0D) and (date = '2008-04-08') and ds is not null and hr is not null) (type: boolean)
                    Statistics: Num rows: 1 Data size: 27 Basic stats: COMPLETE Column stats: NONE
                    Select Operator
                      expressions: ds (type: string), hr (type: string)
                      outputColumnNames: _col0, _col2
                      Statistics: Num rows: 1 Data size: 27 Basic stats: COMPLETE Column stats: NONE
                      Reduce Output Operator
                        key expressions: _col0 (type: string), _col2 (type: string)
                        sort order: ++
                        Map-reduce partition columns: _col0 (type: string), _col2 (type: string)
                        Statistics: Num rows: 1 Data size: 27 Basic stats: COMPLETE Column stats: NONE
        Reducer 2 
            Reduce Operator Tree:
              Join Operator
                condition map:
                     Inner Join 0 to 1
                keys:
                  0 _col0 (type: string), _col1 (type: string)
                  1 _col0 (type: string), _col2 (type: string)
                Statistics: Num rows: 2200 Data size: 23372 Basic stats: COMPLETE Column stats: NONE
                Group By Operator
                  aggregations: count()
                  mode: hash
                  outputColumnNames: _col0
                  Statistics: Num rows: 1 Data size: 8 Basic stats: COMPLETE Column stats: NONE
                  Reduce Output Operator
                    sort order: 
                    Statistics: Num rows: 1 Data size: 8 Basic stats: COMPLETE Column stats: NONE
                    value expressions: _col0 (type: bigint)
        Reducer 3 
            Reduce Operator Tree:
              Group By Operator
                aggregations: count(VALUE._col0)
                mode: mergepartial
                outputColumnNames: _col0
                Statistics: Num rows: 1 Data size: 8 Basic stats: COMPLETE Column stats: NONE
                File Output Operator
                  compressed: false
                  Statistics: Num rows: 1 Data size: 8 Basic stats: COMPLETE Column stats: NONE
                  table:
                      input format: org.apache.hadoop.mapred.SequenceFileInputFormat
                      output format: org.apache.hadoop.hive.ql.io.HiveSequenceFileOutputFormat
                      serde: org.apache.hadoop.hive.serde2.lazy.LazySimpleSerDe

  Stage: Stage-0
    Fetch Operator
      limit: -1
      Processor Tree:
        ListSink

PREHOOK: query: select count(*) from srcpart join srcpart_date_hour_n1 on (srcpart.ds = srcpart_date_hour_n1.ds and srcpart.hr = srcpart_date_hour_n1.hr) where srcpart_date_hour_n1.`date` = '2008-04-08' and srcpart_date_hour_n1.hour = 11
PREHOOK: type: QUERY
PREHOOK: Input: default@srcpart
PREHOOK: Input: default@srcpart@ds=2008-04-08/hr=11
PREHOOK: Input: default@srcpart@ds=2008-04-08/hr=12
PREHOOK: Input: default@srcpart@ds=2008-04-09/hr=11
PREHOOK: Input: default@srcpart@ds=2008-04-09/hr=12
PREHOOK: Input: default@srcpart_date_hour_n1
PREHOOK: Output: hdfs://### HDFS PATH ###
POSTHOOK: query: select count(*) from srcpart join srcpart_date_hour_n1 on (srcpart.ds = srcpart_date_hour_n1.ds and srcpart.hr = srcpart_date_hour_n1.hr) where srcpart_date_hour_n1.`date` = '2008-04-08' and srcpart_date_hour_n1.hour = 11
POSTHOOK: type: QUERY
POSTHOOK: Input: default@srcpart
POSTHOOK: Input: default@srcpart@ds=2008-04-08/hr=11
POSTHOOK: Input: default@srcpart@ds=2008-04-08/hr=12
POSTHOOK: Input: default@srcpart@ds=2008-04-09/hr=11
POSTHOOK: Input: default@srcpart@ds=2008-04-09/hr=12
POSTHOOK: Input: default@srcpart_date_hour_n1
POSTHOOK: Output: hdfs://### HDFS PATH ###
500
PREHOOK: query: EXPLAIN select count(*) from srcpart join srcpart_date_hour_n1 on (srcpart.ds = srcpart_date_hour_n1.ds and srcpart.hr = srcpart_date_hour_n1.hr) where srcpart_date_hour_n1.`date` = '2008-04-08' and srcpart_date_hour_n1.hour = 11
PREHOOK: type: QUERY
POSTHOOK: query: EXPLAIN select count(*) from srcpart join srcpart_date_hour_n1 on (srcpart.ds = srcpart_date_hour_n1.ds and srcpart.hr = srcpart_date_hour_n1.hr) where srcpart_date_hour_n1.`date` = '2008-04-08' and srcpart_date_hour_n1.hour = 11
POSTHOOK: type: QUERY
STAGE DEPENDENCIES:
  Stage-1 is a root stage
  Stage-0 depends on stages: Stage-1

STAGE PLANS:
  Stage: Stage-1
    Spark
      Edges:
        Reducer 2 <- Map 1 (PARTITION-LEVEL SORT, 4), Map 4 (PARTITION-LEVEL SORT, 4)
        Reducer 3 <- Reducer 2 (GROUP, 1)
#### A masked pattern was here ####
      Vertices:
        Map 1 
            Map Operator Tree:
                TableScan
                  alias: srcpart
                  filterExpr: (ds is not null and hr is not null) (type: boolean)
                  Statistics: Num rows: 2000 Data size: 21248 Basic stats: COMPLETE Column stats: NONE
                  Select Operator
                    expressions: ds (type: string), hr (type: string)
                    outputColumnNames: _col0, _col1
                    Statistics: Num rows: 2000 Data size: 21248 Basic stats: COMPLETE Column stats: NONE
                    Reduce Output Operator
                      key expressions: _col0 (type: string), _col1 (type: string)
                      sort order: ++
                      Map-reduce partition columns: _col0 (type: string), _col1 (type: string)
                      Statistics: Num rows: 2000 Data size: 21248 Basic stats: COMPLETE Column stats: NONE
        Map 4 
            Map Operator Tree:
                TableScan
                  alias: srcpart_date_hour_n1
                  filterExpr: ((date = '2008-04-08') and (UDFToDouble(hour) = 11.0D) and ds is not null and hr is not null) (type: boolean)
                  Statistics: Num rows: 4 Data size: 108 Basic stats: COMPLETE Column stats: NONE
                  Filter Operator
                    predicate: ((UDFToDouble(hour) = 11.0D) and (date = '2008-04-08') and ds is not null and hr is not null) (type: boolean)
                    Statistics: Num rows: 1 Data size: 27 Basic stats: COMPLETE Column stats: NONE
                    Select Operator
                      expressions: ds (type: string), hr (type: string)
                      outputColumnNames: _col0, _col2
                      Statistics: Num rows: 1 Data size: 27 Basic stats: COMPLETE Column stats: NONE
                      Reduce Output Operator
                        key expressions: _col0 (type: string), _col2 (type: string)
                        sort order: ++
                        Map-reduce partition columns: _col0 (type: string), _col2 (type: string)
                        Statistics: Num rows: 1 Data size: 27 Basic stats: COMPLETE Column stats: NONE
        Reducer 2 
            Reduce Operator Tree:
              Join Operator
                condition map:
                     Inner Join 0 to 1
                keys:
                  0 _col0 (type: string), _col1 (type: string)
                  1 _col0 (type: string), _col2 (type: string)
                Statistics: Num rows: 2200 Data size: 23372 Basic stats: COMPLETE Column stats: NONE
                Group By Operator
                  aggregations: count()
                  mode: hash
                  outputColumnNames: _col0
                  Statistics: Num rows: 1 Data size: 8 Basic stats: COMPLETE Column stats: NONE
                  Reduce Output Operator
                    sort order: 
                    Statistics: Num rows: 1 Data size: 8 Basic stats: COMPLETE Column stats: NONE
                    value expressions: _col0 (type: bigint)
        Reducer 3 
            Reduce Operator Tree:
              Group By Operator
                aggregations: count(VALUE._col0)
                mode: mergepartial
                outputColumnNames: _col0
                Statistics: Num rows: 1 Data size: 8 Basic stats: COMPLETE Column stats: NONE
                File Output Operator
                  compressed: false
                  Statistics: Num rows: 1 Data size: 8 Basic stats: COMPLETE Column stats: NONE
                  table:
                      input format: org.apache.hadoop.mapred.SequenceFileInputFormat
                      output format: org.apache.hadoop.hive.ql.io.HiveSequenceFileOutputFormat
                      serde: org.apache.hadoop.hive.serde2.lazy.LazySimpleSerDe

  Stage: Stage-0
    Fetch Operator
      limit: -1
      Processor Tree:
        ListSink

PREHOOK: query: select count(*) from srcpart join srcpart_date_hour_n1 on (srcpart.ds = srcpart_date_hour_n1.ds and srcpart.hr = srcpart_date_hour_n1.hr) where srcpart_date_hour_n1.`date` = '2008-04-08' and srcpart_date_hour_n1.hour = 11
PREHOOK: type: QUERY
PREHOOK: Input: default@srcpart
PREHOOK: Input: default@srcpart@ds=2008-04-08/hr=11
PREHOOK: Input: default@srcpart@ds=2008-04-08/hr=12
PREHOOK: Input: default@srcpart@ds=2008-04-09/hr=11
PREHOOK: Input: default@srcpart@ds=2008-04-09/hr=12
PREHOOK: Input: default@srcpart_date_hour_n1
PREHOOK: Output: hdfs://### HDFS PATH ###
POSTHOOK: query: select count(*) from srcpart join srcpart_date_hour_n1 on (srcpart.ds = srcpart_date_hour_n1.ds and srcpart.hr = srcpart_date_hour_n1.hr) where srcpart_date_hour_n1.`date` = '2008-04-08' and srcpart_date_hour_n1.hour = 11
POSTHOOK: type: QUERY
POSTHOOK: Input: default@srcpart
POSTHOOK: Input: default@srcpart@ds=2008-04-08/hr=11
POSTHOOK: Input: default@srcpart@ds=2008-04-08/hr=12
POSTHOOK: Input: default@srcpart@ds=2008-04-09/hr=11
POSTHOOK: Input: default@srcpart@ds=2008-04-09/hr=12
POSTHOOK: Input: default@srcpart_date_hour_n1
POSTHOOK: Output: hdfs://### HDFS PATH ###
500
PREHOOK: query: select count(*) from srcpart where ds = '2008-04-08' and hr = 11
PREHOOK: type: QUERY
PREHOOK: Input: default@srcpart
PREHOOK: Output: hdfs://### HDFS PATH ###
POSTHOOK: query: select count(*) from srcpart where ds = '2008-04-08' and hr = 11
POSTHOOK: type: QUERY
POSTHOOK: Input: default@srcpart
POSTHOOK: Output: hdfs://### HDFS PATH ###
500
PREHOOK: query: EXPLAIN select count(*) from srcpart join srcpart_date_n4 on (srcpart.ds = srcpart_date_n4.ds) where srcpart_date_n4.`date` = 'I DONT EXIST'
PREHOOK: type: QUERY
POSTHOOK: query: EXPLAIN select count(*) from srcpart join srcpart_date_n4 on (srcpart.ds = srcpart_date_n4.ds) where srcpart_date_n4.`date` = 'I DONT EXIST'
POSTHOOK: type: QUERY
STAGE DEPENDENCIES:
  Stage-2 is a root stage
  Stage-1 depends on stages: Stage-2
  Stage-0 depends on stages: Stage-1

STAGE PLANS:
  Stage: Stage-2
    Spark
#### A masked pattern was here ####
      Vertices:
        Map 5 
            Map Operator Tree:
                TableScan
                  alias: srcpart_date_n4
                  filterExpr: ((date = 'I DONT EXIST') and ds is not null) (type: boolean)
                  Statistics: Num rows: 2 Data size: 42 Basic stats: COMPLETE Column stats: NONE
                  Filter Operator
                    predicate: ((date = 'I DONT EXIST') and ds is not null) (type: boolean)
                    Statistics: Num rows: 1 Data size: 21 Basic stats: COMPLETE Column stats: NONE
                    Select Operator
                      expressions: ds (type: string)
                      outputColumnNames: _col0
                      Statistics: Num rows: 1 Data size: 21 Basic stats: COMPLETE Column stats: NONE
                      Select Operator
                        expressions: _col0 (type: string)
                        outputColumnNames: _col0
                        Statistics: Num rows: 1 Data size: 21 Basic stats: COMPLETE Column stats: NONE
                        Group By Operator
                          keys: _col0 (type: string)
                          mode: hash
                          outputColumnNames: _col0
                          Statistics: Num rows: 1 Data size: 21 Basic stats: COMPLETE Column stats: NONE
                          Spark Partition Pruning Sink Operator
                            Target Columns: [Map 1 -> [ds:string (ds)]]
                            Statistics: Num rows: 1 Data size: 21 Basic stats: COMPLETE Column stats: NONE

  Stage: Stage-1
    Spark
      Edges:
        Reducer 2 <- Map 1 (PARTITION-LEVEL SORT, 4), Map 4 (PARTITION-LEVEL SORT, 4)
        Reducer 3 <- Reducer 2 (GROUP, 1)
#### A masked pattern was here ####
      Vertices:
        Map 1 
            Map Operator Tree:
                TableScan
                  alias: srcpart
                  filterExpr: ds is not null (type: boolean)
                  Statistics: Num rows: 2000 Data size: 21248 Basic stats: COMPLETE Column stats: NONE
                  Select Operator
                    expressions: ds (type: string)
                    outputColumnNames: _col0
                    Statistics: Num rows: 2000 Data size: 21248 Basic stats: COMPLETE Column stats: NONE
                    Reduce Output Operator
                      key expressions: _col0 (type: string)
                      sort order: +
                      Map-reduce partition columns: _col0 (type: string)
                      Statistics: Num rows: 2000 Data size: 21248 Basic stats: COMPLETE Column stats: NONE
        Map 4 
            Map Operator Tree:
                TableScan
                  alias: srcpart_date_n4
                  filterExpr: ((date = 'I DONT EXIST') and ds is not null) (type: boolean)
                  Statistics: Num rows: 2 Data size: 42 Basic stats: COMPLETE Column stats: NONE
                  Filter Operator
                    predicate: ((date = 'I DONT EXIST') and ds is not null) (type: boolean)
                    Statistics: Num rows: 1 Data size: 21 Basic stats: COMPLETE Column stats: NONE
                    Select Operator
                      expressions: ds (type: string)
                      outputColumnNames: _col0
                      Statistics: Num rows: 1 Data size: 21 Basic stats: COMPLETE Column stats: NONE
                      Reduce Output Operator
                        key expressions: _col0 (type: string)
                        sort order: +
                        Map-reduce partition columns: _col0 (type: string)
                        Statistics: Num rows: 1 Data size: 21 Basic stats: COMPLETE Column stats: NONE
        Reducer 2 
            Reduce Operator Tree:
              Join Operator
                condition map:
                     Inner Join 0 to 1
                keys:
                  0 _col0 (type: string)
                  1 _col0 (type: string)
                Statistics: Num rows: 2200 Data size: 23372 Basic stats: COMPLETE Column stats: NONE
                Group By Operator
                  aggregations: count()
                  mode: hash
                  outputColumnNames: _col0
                  Statistics: Num rows: 1 Data size: 8 Basic stats: COMPLETE Column stats: NONE
                  Reduce Output Operator
                    sort order: 
                    Statistics: Num rows: 1 Data size: 8 Basic stats: COMPLETE Column stats: NONE
                    value expressions: _col0 (type: bigint)
        Reducer 3 
            Reduce Operator Tree:
              Group By Operator
                aggregations: count(VALUE._col0)
                mode: mergepartial
                outputColumnNames: _col0
                Statistics: Num rows: 1 Data size: 8 Basic stats: COMPLETE Column stats: NONE
                File Output Operator
                  compressed: false
                  Statistics: Num rows: 1 Data size: 8 Basic stats: COMPLETE Column stats: NONE
                  table:
                      input format: org.apache.hadoop.mapred.SequenceFileInputFormat
                      output format: org.apache.hadoop.hive.ql.io.HiveSequenceFileOutputFormat
                      serde: org.apache.hadoop.hive.serde2.lazy.LazySimpleSerDe

  Stage: Stage-0
    Fetch Operator
      limit: -1
      Processor Tree:
        ListSink

PREHOOK: query: select count(*) from srcpart join srcpart_date_n4 on (srcpart.ds = srcpart_date_n4.ds) where srcpart_date_n4.`date` = 'I DONT EXIST'
PREHOOK: type: QUERY
PREHOOK: Input: default@srcpart
PREHOOK: Input: default@srcpart@ds=2008-04-08/hr=11
PREHOOK: Input: default@srcpart@ds=2008-04-08/hr=12
PREHOOK: Input: default@srcpart@ds=2008-04-09/hr=11
PREHOOK: Input: default@srcpart@ds=2008-04-09/hr=12
PREHOOK: Input: default@srcpart_date_n4
PREHOOK: Output: hdfs://### HDFS PATH ###
POSTHOOK: query: select count(*) from srcpart join srcpart_date_n4 on (srcpart.ds = srcpart_date_n4.ds) where srcpart_date_n4.`date` = 'I DONT EXIST'
POSTHOOK: type: QUERY
POSTHOOK: Input: default@srcpart
POSTHOOK: Input: default@srcpart@ds=2008-04-08/hr=11
POSTHOOK: Input: default@srcpart@ds=2008-04-08/hr=12
POSTHOOK: Input: default@srcpart@ds=2008-04-09/hr=11
POSTHOOK: Input: default@srcpart@ds=2008-04-09/hr=12
POSTHOOK: Input: default@srcpart_date_n4
POSTHOOK: Output: hdfs://### HDFS PATH ###
0
PREHOOK: query: EXPLAIN select count(*) from srcpart join srcpart_date_n4 on (srcpart.ds = srcpart_date_n4.ds) where srcpart_date_n4.`date` = 'I DONT EXIST'
PREHOOK: type: QUERY
POSTHOOK: query: EXPLAIN select count(*) from srcpart join srcpart_date_n4 on (srcpart.ds = srcpart_date_n4.ds) where srcpart_date_n4.`date` = 'I DONT EXIST'
POSTHOOK: type: QUERY
STAGE DEPENDENCIES:
  Stage-1 is a root stage
  Stage-0 depends on stages: Stage-1

STAGE PLANS:
  Stage: Stage-1
    Spark
      Edges:
        Reducer 2 <- Map 1 (PARTITION-LEVEL SORT, 4), Map 4 (PARTITION-LEVEL SORT, 4)
        Reducer 3 <- Reducer 2 (GROUP, 1)
#### A masked pattern was here ####
      Vertices:
        Map 1 
            Map Operator Tree:
                TableScan
                  alias: srcpart
                  filterExpr: ds is not null (type: boolean)
                  Statistics: Num rows: 2000 Data size: 21248 Basic stats: COMPLETE Column stats: NONE
                  Select Operator
                    expressions: ds (type: string)
                    outputColumnNames: _col0
                    Statistics: Num rows: 2000 Data size: 21248 Basic stats: COMPLETE Column stats: NONE
                    Reduce Output Operator
                      key expressions: _col0 (type: string)
                      sort order: +
                      Map-reduce partition columns: _col0 (type: string)
                      Statistics: Num rows: 2000 Data size: 21248 Basic stats: COMPLETE Column stats: NONE
        Map 4 
            Map Operator Tree:
                TableScan
                  alias: srcpart_date_n4
                  filterExpr: ((date = 'I DONT EXIST') and ds is not null) (type: boolean)
                  Statistics: Num rows: 2 Data size: 42 Basic stats: COMPLETE Column stats: NONE
                  Filter Operator
                    predicate: ((date = 'I DONT EXIST') and ds is not null) (type: boolean)
                    Statistics: Num rows: 1 Data size: 21 Basic stats: COMPLETE Column stats: NONE
                    Select Operator
                      expressions: ds (type: string)
                      outputColumnNames: _col0
                      Statistics: Num rows: 1 Data size: 21 Basic stats: COMPLETE Column stats: NONE
                      Reduce Output Operator
                        key expressions: _col0 (type: string)
                        sort order: +
                        Map-reduce partition columns: _col0 (type: string)
                        Statistics: Num rows: 1 Data size: 21 Basic stats: COMPLETE Column stats: NONE
        Reducer 2 
            Reduce Operator Tree:
              Join Operator
                condition map:
                     Inner Join 0 to 1
                keys:
                  0 _col0 (type: string)
                  1 _col0 (type: string)
                Statistics: Num rows: 2200 Data size: 23372 Basic stats: COMPLETE Column stats: NONE
                Group By Operator
                  aggregations: count()
                  mode: hash
                  outputColumnNames: _col0
                  Statistics: Num rows: 1 Data size: 8 Basic stats: COMPLETE Column stats: NONE
                  Reduce Output Operator
                    sort order: 
                    Statistics: Num rows: 1 Data size: 8 Basic stats: COMPLETE Column stats: NONE
                    value expressions: _col0 (type: bigint)
        Reducer 3 
            Reduce Operator Tree:
              Group By Operator
                aggregations: count(VALUE._col0)
                mode: mergepartial
                outputColumnNames: _col0
                Statistics: Num rows: 1 Data size: 8 Basic stats: COMPLETE Column stats: NONE
                File Output Operator
                  compressed: false
                  Statistics: Num rows: 1 Data size: 8 Basic stats: COMPLETE Column stats: NONE
                  table:
                      input format: org.apache.hadoop.mapred.SequenceFileInputFormat
                      output format: org.apache.hadoop.hive.ql.io.HiveSequenceFileOutputFormat
                      serde: org.apache.hadoop.hive.serde2.lazy.LazySimpleSerDe

  Stage: Stage-0
    Fetch Operator
      limit: -1
      Processor Tree:
        ListSink

PREHOOK: query: select count(*) from srcpart join srcpart_date_n4 on (srcpart.ds = srcpart_date_n4.ds) where srcpart_date_n4.`date` = 'I DONT EXIST'
PREHOOK: type: QUERY
PREHOOK: Input: default@srcpart
PREHOOK: Input: default@srcpart@ds=2008-04-08/hr=11
PREHOOK: Input: default@srcpart@ds=2008-04-08/hr=12
PREHOOK: Input: default@srcpart@ds=2008-04-09/hr=11
PREHOOK: Input: default@srcpart@ds=2008-04-09/hr=12
PREHOOK: Input: default@srcpart_date_n4
PREHOOK: Output: hdfs://### HDFS PATH ###
POSTHOOK: query: select count(*) from srcpart join srcpart_date_n4 on (srcpart.ds = srcpart_date_n4.ds) where srcpart_date_n4.`date` = 'I DONT EXIST'
POSTHOOK: type: QUERY
POSTHOOK: Input: default@srcpart
POSTHOOK: Input: default@srcpart@ds=2008-04-08/hr=11
POSTHOOK: Input: default@srcpart@ds=2008-04-08/hr=12
POSTHOOK: Input: default@srcpart@ds=2008-04-09/hr=11
POSTHOOK: Input: default@srcpart@ds=2008-04-09/hr=12
POSTHOOK: Input: default@srcpart_date_n4
POSTHOOK: Output: hdfs://### HDFS PATH ###
0
PREHOOK: query: select count(*) from srcpart where ds = 'I DONT EXIST'
PREHOOK: type: QUERY
PREHOOK: Input: default@srcpart
PREHOOK: Output: hdfs://### HDFS PATH ###
POSTHOOK: query: select count(*) from srcpart where ds = 'I DONT EXIST'
POSTHOOK: type: QUERY
POSTHOOK: Input: default@srcpart
POSTHOOK: Output: hdfs://### HDFS PATH ###
0
PREHOOK: query: EXPLAIN select count(*) from srcpart join srcpart_double_hour_n1 on (srcpart.hr = cast(srcpart_double_hour_n1.hr/2 as int)) where srcpart_double_hour_n1.hour = 11
PREHOOK: type: QUERY
POSTHOOK: query: EXPLAIN select count(*) from srcpart join srcpart_double_hour_n1 on (srcpart.hr = cast(srcpart_double_hour_n1.hr/2 as int)) where srcpart_double_hour_n1.hour = 11
POSTHOOK: type: QUERY
STAGE DEPENDENCIES:
  Stage-2 is a root stage
  Stage-1 depends on stages: Stage-2
  Stage-0 depends on stages: Stage-1

STAGE PLANS:
  Stage: Stage-2
    Spark
#### A masked pattern was here ####
      Vertices:
        Map 5 
            Map Operator Tree:
                TableScan
                  alias: srcpart_double_hour_n1
                  filterExpr: ((UDFToDouble(hour) = 11.0D) and hr is not null) (type: boolean)
                  Statistics: Num rows: 2 Data size: 14 Basic stats: COMPLETE Column stats: NONE
                  Filter Operator
                    predicate: ((UDFToDouble(hour) = 11.0D) and hr is not null) (type: boolean)
                    Statistics: Num rows: 1 Data size: 7 Basic stats: COMPLETE Column stats: NONE
                    Select Operator
                      expressions: hr (type: double)
                      outputColumnNames: _col0
                      Statistics: Num rows: 1 Data size: 7 Basic stats: COMPLETE Column stats: NONE
                      Select Operator
                        expressions: UDFToDouble(UDFToInteger((_col0 / 2.0D))) (type: double)
                        outputColumnNames: _col0
                        Statistics: Num rows: 1 Data size: 7 Basic stats: COMPLETE Column stats: NONE
                        Group By Operator
                          keys: _col0 (type: double)
                          mode: hash
                          outputColumnNames: _col0
                          Statistics: Num rows: 1 Data size: 7 Basic stats: COMPLETE Column stats: NONE
                          Spark Partition Pruning Sink Operator
                            Target Columns: [Map 1 -> [hr:string (UDFToDouble(hr))]]
                            Statistics: Num rows: 1 Data size: 7 Basic stats: COMPLETE Column stats: NONE

  Stage: Stage-1
    Spark
      Edges:
        Reducer 2 <- Map 1 (PARTITION-LEVEL SORT, 4), Map 4 (PARTITION-LEVEL SORT, 4)
        Reducer 3 <- Reducer 2 (GROUP, 1)
#### A masked pattern was here ####
      Vertices:
        Map 1 
            Map Operator Tree:
                TableScan
                  alias: srcpart
                  filterExpr: hr is not null (type: boolean)
                  Statistics: Num rows: 2000 Data size: 21248 Basic stats: COMPLETE Column stats: NONE
                  Select Operator
                    expressions: hr (type: string)
                    outputColumnNames: _col0
                    Statistics: Num rows: 2000 Data size: 21248 Basic stats: COMPLETE Column stats: NONE
                    Reduce Output Operator
                      key expressions: UDFToDouble(_col0) (type: double)
                      sort order: +
                      Map-reduce partition columns: UDFToDouble(_col0) (type: double)
                      Statistics: Num rows: 2000 Data size: 21248 Basic stats: COMPLETE Column stats: NONE
        Map 4 
            Map Operator Tree:
                TableScan
                  alias: srcpart_double_hour_n1
                  filterExpr: ((UDFToDouble(hour) = 11.0D) and hr is not null) (type: boolean)
                  Statistics: Num rows: 2 Data size: 14 Basic stats: COMPLETE Column stats: NONE
                  Filter Operator
                    predicate: ((UDFToDouble(hour) = 11.0D) and hr is not null) (type: boolean)
                    Statistics: Num rows: 1 Data size: 7 Basic stats: COMPLETE Column stats: NONE
                    Select Operator
                      expressions: hr (type: double)
                      outputColumnNames: _col0
                      Statistics: Num rows: 1 Data size: 7 Basic stats: COMPLETE Column stats: NONE
                      Reduce Output Operator
                        key expressions: UDFToDouble(UDFToInteger((_col0 / 2.0D))) (type: double)
                        sort order: +
                        Map-reduce partition columns: UDFToDouble(UDFToInteger((_col0 / 2.0D))) (type: double)
                        Statistics: Num rows: 1 Data size: 7 Basic stats: COMPLETE Column stats: NONE
        Reducer 2 
            Reduce Operator Tree:
              Join Operator
                condition map:
                     Inner Join 0 to 1
                keys:
                  0 UDFToDouble(_col0) (type: double)
                  1 UDFToDouble(UDFToInteger((_col0 / 2.0D))) (type: double)
                Statistics: Num rows: 2200 Data size: 23372 Basic stats: COMPLETE Column stats: NONE
                Group By Operator
                  aggregations: count()
                  mode: hash
                  outputColumnNames: _col0
                  Statistics: Num rows: 1 Data size: 8 Basic stats: COMPLETE Column stats: NONE
                  Reduce Output Operator
                    sort order: 
                    Statistics: Num rows: 1 Data size: 8 Basic stats: COMPLETE Column stats: NONE
                    value expressions: _col0 (type: bigint)
        Reducer 3 
            Reduce Operator Tree:
              Group By Operator
                aggregations: count(VALUE._col0)
                mode: mergepartial
                outputColumnNames: _col0
                Statistics: Num rows: 1 Data size: 8 Basic stats: COMPLETE Column stats: NONE
                File Output Operator
                  compressed: false
                  Statistics: Num rows: 1 Data size: 8 Basic stats: COMPLETE Column stats: NONE
                  table:
                      input format: org.apache.hadoop.mapred.SequenceFileInputFormat
                      output format: org.apache.hadoop.hive.ql.io.HiveSequenceFileOutputFormat
                      serde: org.apache.hadoop.hive.serde2.lazy.LazySimpleSerDe

  Stage: Stage-0
    Fetch Operator
      limit: -1
      Processor Tree:
        ListSink

PREHOOK: query: select count(*) from srcpart join srcpart_double_hour_n1 on (srcpart.hr = cast(srcpart_double_hour_n1.hr/2 as int)) where srcpart_double_hour_n1.hour = 11
PREHOOK: type: QUERY
PREHOOK: Input: default@srcpart
PREHOOK: Input: default@srcpart@ds=2008-04-08/hr=11
PREHOOK: Input: default@srcpart@ds=2008-04-08/hr=12
PREHOOK: Input: default@srcpart@ds=2008-04-09/hr=11
PREHOOK: Input: default@srcpart@ds=2008-04-09/hr=12
PREHOOK: Input: default@srcpart_double_hour_n1
PREHOOK: Output: hdfs://### HDFS PATH ###
POSTHOOK: query: select count(*) from srcpart join srcpart_double_hour_n1 on (srcpart.hr = cast(srcpart_double_hour_n1.hr/2 as int)) where srcpart_double_hour_n1.hour = 11
POSTHOOK: type: QUERY
POSTHOOK: Input: default@srcpart
POSTHOOK: Input: default@srcpart@ds=2008-04-08/hr=11
POSTHOOK: Input: default@srcpart@ds=2008-04-08/hr=12
POSTHOOK: Input: default@srcpart@ds=2008-04-09/hr=11
POSTHOOK: Input: default@srcpart@ds=2008-04-09/hr=12
POSTHOOK: Input: default@srcpart_double_hour_n1
POSTHOOK: Output: hdfs://### HDFS PATH ###
1000
PREHOOK: query: EXPLAIN select count(*) from srcpart join srcpart_double_hour_n1 on (srcpart.hr*2 = srcpart_double_hour_n1.hr) where srcpart_double_hour_n1.hour = 11
PREHOOK: type: QUERY
POSTHOOK: query: EXPLAIN select count(*) from srcpart join srcpart_double_hour_n1 on (srcpart.hr*2 = srcpart_double_hour_n1.hr) where srcpart_double_hour_n1.hour = 11
POSTHOOK: type: QUERY
STAGE DEPENDENCIES:
  Stage-2 is a root stage
  Stage-1 depends on stages: Stage-2
  Stage-0 depends on stages: Stage-1

STAGE PLANS:
  Stage: Stage-2
    Spark
#### A masked pattern was here ####
      Vertices:
        Map 5 
            Map Operator Tree:
                TableScan
                  alias: srcpart_double_hour_n1
                  filterExpr: ((UDFToDouble(hour) = 11.0D) and hr is not null) (type: boolean)
                  Statistics: Num rows: 2 Data size: 14 Basic stats: COMPLETE Column stats: NONE
                  Filter Operator
                    predicate: ((UDFToDouble(hour) = 11.0D) and hr is not null) (type: boolean)
                    Statistics: Num rows: 1 Data size: 7 Basic stats: COMPLETE Column stats: NONE
                    Select Operator
                      expressions: hr (type: double)
                      outputColumnNames: _col0
                      Statistics: Num rows: 1 Data size: 7 Basic stats: COMPLETE Column stats: NONE
                      Select Operator
                        expressions: _col0 (type: double)
                        outputColumnNames: _col0
                        Statistics: Num rows: 1 Data size: 7 Basic stats: COMPLETE Column stats: NONE
                        Group By Operator
                          keys: _col0 (type: double)
                          mode: hash
                          outputColumnNames: _col0
                          Statistics: Num rows: 1 Data size: 7 Basic stats: COMPLETE Column stats: NONE
                          Spark Partition Pruning Sink Operator
                            Target Columns: [Map 1 -> [hr:string ((UDFToDouble(hr) * 2.0D))]]
                            Statistics: Num rows: 1 Data size: 7 Basic stats: COMPLETE Column stats: NONE

  Stage: Stage-1
    Spark
      Edges:
        Reducer 2 <- Map 1 (PARTITION-LEVEL SORT, 4), Map 4 (PARTITION-LEVEL SORT, 4)
        Reducer 3 <- Reducer 2 (GROUP, 1)
#### A masked pattern was here ####
      Vertices:
        Map 1 
            Map Operator Tree:
                TableScan
                  alias: srcpart
                  filterExpr: hr is not null (type: boolean)
                  Statistics: Num rows: 2000 Data size: 21248 Basic stats: COMPLETE Column stats: NONE
                  Select Operator
                    expressions: hr (type: string)
                    outputColumnNames: _col0
                    Statistics: Num rows: 2000 Data size: 21248 Basic stats: COMPLETE Column stats: NONE
                    Reduce Output Operator
                      key expressions: (UDFToDouble(_col0) * 2.0D) (type: double)
                      sort order: +
                      Map-reduce partition columns: (UDFToDouble(_col0) * 2.0D) (type: double)
                      Statistics: Num rows: 2000 Data size: 21248 Basic stats: COMPLETE Column stats: NONE
        Map 4 
            Map Operator Tree:
                TableScan
                  alias: srcpart_double_hour_n1
                  filterExpr: ((UDFToDouble(hour) = 11.0D) and hr is not null) (type: boolean)
                  Statistics: Num rows: 2 Data size: 14 Basic stats: COMPLETE Column stats: NONE
                  Filter Operator
                    predicate: ((UDFToDouble(hour) = 11.0D) and hr is not null) (type: boolean)
                    Statistics: Num rows: 1 Data size: 7 Basic stats: COMPLETE Column stats: NONE
                    Select Operator
                      expressions: hr (type: double)
                      outputColumnNames: _col0
                      Statistics: Num rows: 1 Data size: 7 Basic stats: COMPLETE Column stats: NONE
                      Reduce Output Operator
                        key expressions: _col0 (type: double)
                        sort order: +
                        Map-reduce partition columns: _col0 (type: double)
                        Statistics: Num rows: 1 Data size: 7 Basic stats: COMPLETE Column stats: NONE
        Reducer 2 
            Reduce Operator Tree:
              Join Operator
                condition map:
                     Inner Join 0 to 1
                keys:
                  0 (UDFToDouble(_col0) * 2.0D) (type: double)
                  1 _col0 (type: double)
                Statistics: Num rows: 2200 Data size: 23372 Basic stats: COMPLETE Column stats: NONE
                Group By Operator
                  aggregations: count()
                  mode: hash
                  outputColumnNames: _col0
                  Statistics: Num rows: 1 Data size: 8 Basic stats: COMPLETE Column stats: NONE
                  Reduce Output Operator
                    sort order: 
                    Statistics: Num rows: 1 Data size: 8 Basic stats: COMPLETE Column stats: NONE
                    value expressions: _col0 (type: bigint)
        Reducer 3 
            Reduce Operator Tree:
              Group By Operator
                aggregations: count(VALUE._col0)
                mode: mergepartial
                outputColumnNames: _col0
                Statistics: Num rows: 1 Data size: 8 Basic stats: COMPLETE Column stats: NONE
                File Output Operator
                  compressed: false
                  Statistics: Num rows: 1 Data size: 8 Basic stats: COMPLETE Column stats: NONE
                  table:
                      input format: org.apache.hadoop.mapred.SequenceFileInputFormat
                      output format: org.apache.hadoop.hive.ql.io.HiveSequenceFileOutputFormat
                      serde: org.apache.hadoop.hive.serde2.lazy.LazySimpleSerDe

  Stage: Stage-0
    Fetch Operator
      limit: -1
      Processor Tree:
        ListSink

PREHOOK: query: select count(*) from srcpart join srcpart_double_hour_n1 on (srcpart.hr*2 = srcpart_double_hour_n1.hr) where srcpart_double_hour_n1.hour = 11
PREHOOK: type: QUERY
PREHOOK: Input: default@srcpart
PREHOOK: Input: default@srcpart@ds=2008-04-08/hr=11
PREHOOK: Input: default@srcpart@ds=2008-04-08/hr=12
PREHOOK: Input: default@srcpart@ds=2008-04-09/hr=11
PREHOOK: Input: default@srcpart@ds=2008-04-09/hr=12
PREHOOK: Input: default@srcpart_double_hour_n1
PREHOOK: Output: hdfs://### HDFS PATH ###
POSTHOOK: query: select count(*) from srcpart join srcpart_double_hour_n1 on (srcpart.hr*2 = srcpart_double_hour_n1.hr) where srcpart_double_hour_n1.hour = 11
POSTHOOK: type: QUERY
POSTHOOK: Input: default@srcpart
POSTHOOK: Input: default@srcpart@ds=2008-04-08/hr=11
POSTHOOK: Input: default@srcpart@ds=2008-04-08/hr=12
POSTHOOK: Input: default@srcpart@ds=2008-04-09/hr=11
POSTHOOK: Input: default@srcpart@ds=2008-04-09/hr=12
POSTHOOK: Input: default@srcpart_double_hour_n1
POSTHOOK: Output: hdfs://### HDFS PATH ###
1000
PREHOOK: query: EXPLAIN select count(*) from srcpart join srcpart_double_hour_n1 on (srcpart.hr = cast(srcpart_double_hour_n1.hr/2 as int)) where srcpart_double_hour_n1.hour = 11
PREHOOK: type: QUERY
POSTHOOK: query: EXPLAIN select count(*) from srcpart join srcpart_double_hour_n1 on (srcpart.hr = cast(srcpart_double_hour_n1.hr/2 as int)) where srcpart_double_hour_n1.hour = 11
POSTHOOK: type: QUERY
STAGE DEPENDENCIES:
  Stage-1 is a root stage
  Stage-0 depends on stages: Stage-1

STAGE PLANS:
  Stage: Stage-1
    Spark
      Edges:
        Reducer 2 <- Map 1 (PARTITION-LEVEL SORT, 4), Map 4 (PARTITION-LEVEL SORT, 4)
        Reducer 3 <- Reducer 2 (GROUP, 1)
#### A masked pattern was here ####
      Vertices:
        Map 1 
            Map Operator Tree:
                TableScan
                  alias: srcpart
                  filterExpr: hr is not null (type: boolean)
                  Statistics: Num rows: 2000 Data size: 21248 Basic stats: COMPLETE Column stats: NONE
                  Select Operator
                    expressions: hr (type: string)
                    outputColumnNames: _col0
                    Statistics: Num rows: 2000 Data size: 21248 Basic stats: COMPLETE Column stats: NONE
                    Reduce Output Operator
                      key expressions: UDFToDouble(_col0) (type: double)
                      sort order: +
                      Map-reduce partition columns: UDFToDouble(_col0) (type: double)
                      Statistics: Num rows: 2000 Data size: 21248 Basic stats: COMPLETE Column stats: NONE
        Map 4 
            Map Operator Tree:
                TableScan
                  alias: srcpart_double_hour_n1
                  filterExpr: ((UDFToDouble(hour) = 11.0D) and hr is not null) (type: boolean)
                  Statistics: Num rows: 2 Data size: 14 Basic stats: COMPLETE Column stats: NONE
                  Filter Operator
                    predicate: ((UDFToDouble(hour) = 11.0D) and hr is not null) (type: boolean)
                    Statistics: Num rows: 1 Data size: 7 Basic stats: COMPLETE Column stats: NONE
                    Select Operator
                      expressions: hr (type: double)
                      outputColumnNames: _col0
                      Statistics: Num rows: 1 Data size: 7 Basic stats: COMPLETE Column stats: NONE
                      Reduce Output Operator
                        key expressions: UDFToDouble(UDFToInteger((_col0 / 2.0D))) (type: double)
                        sort order: +
                        Map-reduce partition columns: UDFToDouble(UDFToInteger((_col0 / 2.0D))) (type: double)
                        Statistics: Num rows: 1 Data size: 7 Basic stats: COMPLETE Column stats: NONE
        Reducer 2 
            Reduce Operator Tree:
              Join Operator
                condition map:
                     Inner Join 0 to 1
                keys:
                  0 UDFToDouble(_col0) (type: double)
                  1 UDFToDouble(UDFToInteger((_col0 / 2.0D))) (type: double)
                Statistics: Num rows: 2200 Data size: 23372 Basic stats: COMPLETE Column stats: NONE
                Group By Operator
                  aggregations: count()
                  mode: hash
                  outputColumnNames: _col0
                  Statistics: Num rows: 1 Data size: 8 Basic stats: COMPLETE Column stats: NONE
                  Reduce Output Operator
                    sort order: 
                    Statistics: Num rows: 1 Data size: 8 Basic stats: COMPLETE Column stats: NONE
                    value expressions: _col0 (type: bigint)
        Reducer 3 
            Reduce Operator Tree:
              Group By Operator
                aggregations: count(VALUE._col0)
                mode: mergepartial
                outputColumnNames: _col0
                Statistics: Num rows: 1 Data size: 8 Basic stats: COMPLETE Column stats: NONE
                File Output Operator
                  compressed: false
                  Statistics: Num rows: 1 Data size: 8 Basic stats: COMPLETE Column stats: NONE
                  table:
                      input format: org.apache.hadoop.mapred.SequenceFileInputFormat
                      output format: org.apache.hadoop.hive.ql.io.HiveSequenceFileOutputFormat
                      serde: org.apache.hadoop.hive.serde2.lazy.LazySimpleSerDe

  Stage: Stage-0
    Fetch Operator
      limit: -1
      Processor Tree:
        ListSink

PREHOOK: query: select count(*) from srcpart join srcpart_double_hour_n1 on (srcpart.hr = cast(srcpart_double_hour_n1.hr/2 as int)) where srcpart_double_hour_n1.hour = 11
PREHOOK: type: QUERY
PREHOOK: Input: default@srcpart
PREHOOK: Input: default@srcpart@ds=2008-04-08/hr=11
PREHOOK: Input: default@srcpart@ds=2008-04-08/hr=12
PREHOOK: Input: default@srcpart@ds=2008-04-09/hr=11
PREHOOK: Input: default@srcpart@ds=2008-04-09/hr=12
PREHOOK: Input: default@srcpart_double_hour_n1
PREHOOK: Output: hdfs://### HDFS PATH ###
POSTHOOK: query: select count(*) from srcpart join srcpart_double_hour_n1 on (srcpart.hr = cast(srcpart_double_hour_n1.hr/2 as int)) where srcpart_double_hour_n1.hour = 11
POSTHOOK: type: QUERY
POSTHOOK: Input: default@srcpart
POSTHOOK: Input: default@srcpart@ds=2008-04-08/hr=11
POSTHOOK: Input: default@srcpart@ds=2008-04-08/hr=12
POSTHOOK: Input: default@srcpart@ds=2008-04-09/hr=11
POSTHOOK: Input: default@srcpart@ds=2008-04-09/hr=12
POSTHOOK: Input: default@srcpart_double_hour_n1
POSTHOOK: Output: hdfs://### HDFS PATH ###
1000
PREHOOK: query: EXPLAIN select count(*) from srcpart join srcpart_double_hour_n1 on (srcpart.hr*2 = srcpart_double_hour_n1.hr) where srcpart_double_hour_n1.hour = 11
PREHOOK: type: QUERY
POSTHOOK: query: EXPLAIN select count(*) from srcpart join srcpart_double_hour_n1 on (srcpart.hr*2 = srcpart_double_hour_n1.hr) where srcpart_double_hour_n1.hour = 11
POSTHOOK: type: QUERY
STAGE DEPENDENCIES:
  Stage-1 is a root stage
  Stage-0 depends on stages: Stage-1

STAGE PLANS:
  Stage: Stage-1
    Spark
      Edges:
        Reducer 2 <- Map 1 (PARTITION-LEVEL SORT, 4), Map 4 (PARTITION-LEVEL SORT, 4)
        Reducer 3 <- Reducer 2 (GROUP, 1)
#### A masked pattern was here ####
      Vertices:
        Map 1 
            Map Operator Tree:
                TableScan
                  alias: srcpart
                  filterExpr: hr is not null (type: boolean)
                  Statistics: Num rows: 2000 Data size: 21248 Basic stats: COMPLETE Column stats: NONE
                  Select Operator
                    expressions: hr (type: string)
                    outputColumnNames: _col0
                    Statistics: Num rows: 2000 Data size: 21248 Basic stats: COMPLETE Column stats: NONE
                    Reduce Output Operator
                      key expressions: (UDFToDouble(_col0) * 2.0D) (type: double)
                      sort order: +
                      Map-reduce partition columns: (UDFToDouble(_col0) * 2.0D) (type: double)
                      Statistics: Num rows: 2000 Data size: 21248 Basic stats: COMPLETE Column stats: NONE
        Map 4 
            Map Operator Tree:
                TableScan
                  alias: srcpart_double_hour_n1
                  filterExpr: ((UDFToDouble(hour) = 11.0D) and hr is not null) (type: boolean)
                  Statistics: Num rows: 2 Data size: 14 Basic stats: COMPLETE Column stats: NONE
                  Filter Operator
                    predicate: ((UDFToDouble(hour) = 11.0D) and hr is not null) (type: boolean)
                    Statistics: Num rows: 1 Data size: 7 Basic stats: COMPLETE Column stats: NONE
                    Select Operator
                      expressions: hr (type: double)
                      outputColumnNames: _col0
                      Statistics: Num rows: 1 Data size: 7 Basic stats: COMPLETE Column stats: NONE
                      Reduce Output Operator
                        key expressions: _col0 (type: double)
                        sort order: +
                        Map-reduce partition columns: _col0 (type: double)
                        Statistics: Num rows: 1 Data size: 7 Basic stats: COMPLETE Column stats: NONE
        Reducer 2 
            Reduce Operator Tree:
              Join Operator
                condition map:
                     Inner Join 0 to 1
                keys:
                  0 (UDFToDouble(_col0) * 2.0D) (type: double)
                  1 _col0 (type: double)
                Statistics: Num rows: 2200 Data size: 23372 Basic stats: COMPLETE Column stats: NONE
                Group By Operator
                  aggregations: count()
                  mode: hash
                  outputColumnNames: _col0
                  Statistics: Num rows: 1 Data size: 8 Basic stats: COMPLETE Column stats: NONE
                  Reduce Output Operator
                    sort order: 
                    Statistics: Num rows: 1 Data size: 8 Basic stats: COMPLETE Column stats: NONE
                    value expressions: _col0 (type: bigint)
        Reducer 3 
            Reduce Operator Tree:
              Group By Operator
                aggregations: count(VALUE._col0)
                mode: mergepartial
                outputColumnNames: _col0
                Statistics: Num rows: 1 Data size: 8 Basic stats: COMPLETE Column stats: NONE
                File Output Operator
                  compressed: false
                  Statistics: Num rows: 1 Data size: 8 Basic stats: COMPLETE Column stats: NONE
                  table:
                      input format: org.apache.hadoop.mapred.SequenceFileInputFormat
                      output format: org.apache.hadoop.hive.ql.io.HiveSequenceFileOutputFormat
                      serde: org.apache.hadoop.hive.serde2.lazy.LazySimpleSerDe

  Stage: Stage-0
    Fetch Operator
      limit: -1
      Processor Tree:
        ListSink

PREHOOK: query: select count(*) from srcpart join srcpart_double_hour_n1 on (srcpart.hr*2 = srcpart_double_hour_n1.hr) where srcpart_double_hour_n1.hour = 11
PREHOOK: type: QUERY
PREHOOK: Input: default@srcpart
PREHOOK: Input: default@srcpart@ds=2008-04-08/hr=11
PREHOOK: Input: default@srcpart@ds=2008-04-08/hr=12
PREHOOK: Input: default@srcpart@ds=2008-04-09/hr=11
PREHOOK: Input: default@srcpart@ds=2008-04-09/hr=12
PREHOOK: Input: default@srcpart_double_hour_n1
PREHOOK: Output: hdfs://### HDFS PATH ###
POSTHOOK: query: select count(*) from srcpart join srcpart_double_hour_n1 on (srcpart.hr*2 = srcpart_double_hour_n1.hr) where srcpart_double_hour_n1.hour = 11
POSTHOOK: type: QUERY
POSTHOOK: Input: default@srcpart
POSTHOOK: Input: default@srcpart@ds=2008-04-08/hr=11
POSTHOOK: Input: default@srcpart@ds=2008-04-08/hr=12
POSTHOOK: Input: default@srcpart@ds=2008-04-09/hr=11
POSTHOOK: Input: default@srcpart@ds=2008-04-09/hr=12
POSTHOOK: Input: default@srcpart_double_hour_n1
POSTHOOK: Output: hdfs://### HDFS PATH ###
1000
PREHOOK: query: select count(*) from srcpart where hr = 11
PREHOOK: type: QUERY
PREHOOK: Input: default@srcpart
PREHOOK: Output: hdfs://### HDFS PATH ###
POSTHOOK: query: select count(*) from srcpart where hr = 11
POSTHOOK: type: QUERY
POSTHOOK: Input: default@srcpart
POSTHOOK: Output: hdfs://### HDFS PATH ###
1000
PREHOOK: query: EXPLAIN select count(*) from srcpart join srcpart_double_hour_n1 on (cast(srcpart.hr*2 as string) = cast(srcpart_double_hour_n1.hr as string)) where srcpart_double_hour_n1.hour = 11
PREHOOK: type: QUERY
POSTHOOK: query: EXPLAIN select count(*) from srcpart join srcpart_double_hour_n1 on (cast(srcpart.hr*2 as string) = cast(srcpart_double_hour_n1.hr as string)) where srcpart_double_hour_n1.hour = 11
POSTHOOK: type: QUERY
STAGE DEPENDENCIES:
  Stage-2 is a root stage
  Stage-1 depends on stages: Stage-2
  Stage-0 depends on stages: Stage-1

STAGE PLANS:
  Stage: Stage-2
    Spark
#### A masked pattern was here ####
      Vertices:
        Map 5 
            Map Operator Tree:
                TableScan
                  alias: srcpart_double_hour_n1
                  filterExpr: ((UDFToDouble(hour) = 11.0D) and hr is not null) (type: boolean)
                  Statistics: Num rows: 2 Data size: 14 Basic stats: COMPLETE Column stats: NONE
                  Filter Operator
                    predicate: ((UDFToDouble(hour) = 11.0D) and hr is not null) (type: boolean)
                    Statistics: Num rows: 1 Data size: 7 Basic stats: COMPLETE Column stats: NONE
                    Select Operator
                      expressions: hr (type: double)
                      outputColumnNames: _col0
                      Statistics: Num rows: 1 Data size: 7 Basic stats: COMPLETE Column stats: NONE
                      Select Operator
                        expressions: CAST( _col0 AS STRING) (type: string)
                        outputColumnNames: _col0
                        Statistics: Num rows: 1 Data size: 7 Basic stats: COMPLETE Column stats: NONE
                        Group By Operator
                          keys: _col0 (type: string)
                          mode: hash
                          outputColumnNames: _col0
                          Statistics: Num rows: 1 Data size: 7 Basic stats: COMPLETE Column stats: NONE
                          Spark Partition Pruning Sink Operator
                            Target Columns: [Map 1 -> [hr:string (CAST( (UDFToDouble(hr) * 2.0D) AS STRING))]]
                            Statistics: Num rows: 1 Data size: 7 Basic stats: COMPLETE Column stats: NONE

  Stage: Stage-1
    Spark
      Edges:
        Reducer 2 <- Map 1 (PARTITION-LEVEL SORT, 4), Map 4 (PARTITION-LEVEL SORT, 4)
        Reducer 3 <- Reducer 2 (GROUP, 1)
#### A masked pattern was here ####
      Vertices:
        Map 1 
            Map Operator Tree:
                TableScan
                  alias: srcpart
                  filterExpr: hr is not null (type: boolean)
                  Statistics: Num rows: 2000 Data size: 21248 Basic stats: COMPLETE Column stats: NONE
                  Select Operator
                    expressions: hr (type: string)
                    outputColumnNames: _col0
                    Statistics: Num rows: 2000 Data size: 21248 Basic stats: COMPLETE Column stats: NONE
                    Reduce Output Operator
                      key expressions: CAST( (UDFToDouble(_col0) * 2.0D) AS STRING) (type: string)
                      sort order: +
                      Map-reduce partition columns: CAST( (UDFToDouble(_col0) * 2.0D) AS STRING) (type: string)
                      Statistics: Num rows: 2000 Data size: 21248 Basic stats: COMPLETE Column stats: NONE
        Map 4 
            Map Operator Tree:
                TableScan
                  alias: srcpart_double_hour_n1
                  filterExpr: ((UDFToDouble(hour) = 11.0D) and hr is not null) (type: boolean)
                  Statistics: Num rows: 2 Data size: 14 Basic stats: COMPLETE Column stats: NONE
                  Filter Operator
                    predicate: ((UDFToDouble(hour) = 11.0D) and hr is not null) (type: boolean)
                    Statistics: Num rows: 1 Data size: 7 Basic stats: COMPLETE Column stats: NONE
                    Select Operator
                      expressions: hr (type: double)
                      outputColumnNames: _col0
                      Statistics: Num rows: 1 Data size: 7 Basic stats: COMPLETE Column stats: NONE
                      Reduce Output Operator
                        key expressions: CAST( _col0 AS STRING) (type: string)
                        sort order: +
                        Map-reduce partition columns: CAST( _col0 AS STRING) (type: string)
                        Statistics: Num rows: 1 Data size: 7 Basic stats: COMPLETE Column stats: NONE
        Reducer 2 
            Reduce Operator Tree:
              Join Operator
                condition map:
                     Inner Join 0 to 1
                keys:
                  0 CAST( (UDFToDouble(_col0) * 2.0D) AS STRING) (type: string)
                  1 CAST( _col0 AS STRING) (type: string)
                Statistics: Num rows: 2200 Data size: 23372 Basic stats: COMPLETE Column stats: NONE
                Group By Operator
                  aggregations: count()
                  mode: hash
                  outputColumnNames: _col0
                  Statistics: Num rows: 1 Data size: 8 Basic stats: COMPLETE Column stats: NONE
                  Reduce Output Operator
                    sort order: 
                    Statistics: Num rows: 1 Data size: 8 Basic stats: COMPLETE Column stats: NONE
                    value expressions: _col0 (type: bigint)
        Reducer 3 
            Reduce Operator Tree:
              Group By Operator
                aggregations: count(VALUE._col0)
                mode: mergepartial
                outputColumnNames: _col0
                Statistics: Num rows: 1 Data size: 8 Basic stats: COMPLETE Column stats: NONE
                File Output Operator
                  compressed: false
                  Statistics: Num rows: 1 Data size: 8 Basic stats: COMPLETE Column stats: NONE
                  table:
                      input format: org.apache.hadoop.mapred.SequenceFileInputFormat
                      output format: org.apache.hadoop.hive.ql.io.HiveSequenceFileOutputFormat
                      serde: org.apache.hadoop.hive.serde2.lazy.LazySimpleSerDe

  Stage: Stage-0
    Fetch Operator
      limit: -1
      Processor Tree:
        ListSink

PREHOOK: query: select count(*) from srcpart join srcpart_double_hour_n1 on (cast(srcpart.hr*2 as string) = cast(srcpart_double_hour_n1.hr as string)) where srcpart_double_hour_n1.hour = 11
PREHOOK: type: QUERY
PREHOOK: Input: default@srcpart
PREHOOK: Input: default@srcpart@ds=2008-04-08/hr=11
PREHOOK: Input: default@srcpart@ds=2008-04-08/hr=12
PREHOOK: Input: default@srcpart@ds=2008-04-09/hr=11
PREHOOK: Input: default@srcpart@ds=2008-04-09/hr=12
PREHOOK: Input: default@srcpart_double_hour_n1
PREHOOK: Output: hdfs://### HDFS PATH ###
POSTHOOK: query: select count(*) from srcpart join srcpart_double_hour_n1 on (cast(srcpart.hr*2 as string) = cast(srcpart_double_hour_n1.hr as string)) where srcpart_double_hour_n1.hour = 11
POSTHOOK: type: QUERY
POSTHOOK: Input: default@srcpart
POSTHOOK: Input: default@srcpart@ds=2008-04-08/hr=11
POSTHOOK: Input: default@srcpart@ds=2008-04-08/hr=12
POSTHOOK: Input: default@srcpart@ds=2008-04-09/hr=11
POSTHOOK: Input: default@srcpart@ds=2008-04-09/hr=12
POSTHOOK: Input: default@srcpart_double_hour_n1
POSTHOOK: Output: hdfs://### HDFS PATH ###
1000
PREHOOK: query: select count(*) from srcpart where cast(hr as string) = 11
PREHOOK: type: QUERY
PREHOOK: Input: default@srcpart
PREHOOK: Output: hdfs://### HDFS PATH ###
POSTHOOK: query: select count(*) from srcpart where cast(hr as string) = 11
POSTHOOK: type: QUERY
POSTHOOK: Input: default@srcpart
POSTHOOK: Output: hdfs://### HDFS PATH ###
1000
Warning: Shuffle Join JOIN[13][tables = [$hdt$_0, $hdt$_1]] in Work 'Reducer 2' is a cross product
PREHOOK: query: EXPLAIN select count(*) from srcpart join (select ds as ds, ds as `date` from srcpart group by ds) s on (srcpart.ds = s.ds) where s.`date` = '2008-04-08'
PREHOOK: type: QUERY
POSTHOOK: query: EXPLAIN select count(*) from srcpart join (select ds as ds, ds as `date` from srcpart group by ds) s on (srcpart.ds = s.ds) where s.`date` = '2008-04-08'
POSTHOOK: type: QUERY
STAGE DEPENDENCIES:
  Stage-1 is a root stage
  Stage-0 depends on stages: Stage-1

STAGE PLANS:
  Stage: Stage-1
    Spark
      Edges:
        Reducer 2 <- Map 1 (PARTITION-LEVEL SORT, 1), Reducer 5 (PARTITION-LEVEL SORT, 1)
        Reducer 3 <- Reducer 2 (GROUP, 1)
        Reducer 5 <- Map 4 (GROUP, 4)
#### A masked pattern was here ####
      Vertices:
        Map 1 
            Map Operator Tree:
                TableScan
                  alias: srcpart
                  filterExpr: (ds = '2008-04-08') (type: boolean)
                  Statistics: Num rows: 1000 Data size: 10624 Basic stats: COMPLETE Column stats: NONE
                  Select Operator
                    Statistics: Num rows: 1000 Data size: 10624 Basic stats: COMPLETE Column stats: NONE
                    Reduce Output Operator
                      sort order: 
                      Statistics: Num rows: 1000 Data size: 10624 Basic stats: COMPLETE Column stats: NONE
        Map 4 
            Map Operator Tree:
                TableScan
                  alias: srcpart
                  filterExpr: (ds = '2008-04-08') (type: boolean)
                  Statistics: Num rows: 1000 Data size: 10624 Basic stats: COMPLETE Column stats: NONE
                  Select Operator
                    Statistics: Num rows: 1000 Data size: 10624 Basic stats: COMPLETE Column stats: NONE
                    Group By Operator
                      keys: '2008-04-08' (type: string)
                      mode: hash
                      outputColumnNames: _col0
                      Statistics: Num rows: 1000 Data size: 10624 Basic stats: COMPLETE Column stats: NONE
                      Reduce Output Operator
                        key expressions: _col0 (type: string)
                        sort order: +
                        Map-reduce partition columns: _col0 (type: string)
                        Statistics: Num rows: 1000 Data size: 10624 Basic stats: COMPLETE Column stats: NONE
        Reducer 2 
            Reduce Operator Tree:
              Join Operator
                condition map:
                     Inner Join 0 to 1
                keys:
                  0 
                  1 
                Statistics: Num rows: 500000 Data size: 11124000 Basic stats: COMPLETE Column stats: NONE
                Group By Operator
                  aggregations: count()
                  mode: hash
                  outputColumnNames: _col0
                  Statistics: Num rows: 1 Data size: 8 Basic stats: COMPLETE Column stats: NONE
                  Reduce Output Operator
                    sort order: 
                    Statistics: Num rows: 1 Data size: 8 Basic stats: COMPLETE Column stats: NONE
                    value expressions: _col0 (type: bigint)
        Reducer 3 
            Reduce Operator Tree:
              Group By Operator
                aggregations: count(VALUE._col0)
                mode: mergepartial
                outputColumnNames: _col0
                Statistics: Num rows: 1 Data size: 8 Basic stats: COMPLETE Column stats: NONE
                File Output Operator
                  compressed: false
                  Statistics: Num rows: 1 Data size: 8 Basic stats: COMPLETE Column stats: NONE
                  table:
                      input format: org.apache.hadoop.mapred.SequenceFileInputFormat
                      output format: org.apache.hadoop.hive.ql.io.HiveSequenceFileOutputFormat
                      serde: org.apache.hadoop.hive.serde2.lazy.LazySimpleSerDe
        Reducer 5 
            Reduce Operator Tree:
              Group By Operator
                keys: KEY._col0 (type: string)
                mode: mergepartial
                outputColumnNames: _col0
                Statistics: Num rows: 500 Data size: 5312 Basic stats: COMPLETE Column stats: NONE
                Select Operator
                  Statistics: Num rows: 500 Data size: 5312 Basic stats: COMPLETE Column stats: NONE
                  Reduce Output Operator
                    sort order: 
                    Statistics: Num rows: 500 Data size: 5312 Basic stats: COMPLETE Column stats: NONE

  Stage: Stage-0
    Fetch Operator
      limit: -1
      Processor Tree:
        ListSink

Warning: Shuffle Join JOIN[13][tables = [$hdt$_0, $hdt$_1]] in Work 'Reducer 2' is a cross product
PREHOOK: query: select count(*) from srcpart join (select ds as ds, ds as `date` from srcpart group by ds) s on (srcpart.ds = s.ds) where s.`date` = '2008-04-08'
PREHOOK: type: QUERY
PREHOOK: Input: default@srcpart
PREHOOK: Input: default@srcpart@ds=2008-04-08/hr=11
PREHOOK: Input: default@srcpart@ds=2008-04-08/hr=12
PREHOOK: Output: hdfs://### HDFS PATH ###
POSTHOOK: query: select count(*) from srcpart join (select ds as ds, ds as `date` from srcpart group by ds) s on (srcpart.ds = s.ds) where s.`date` = '2008-04-08'
POSTHOOK: type: QUERY
POSTHOOK: Input: default@srcpart
POSTHOOK: Input: default@srcpart@ds=2008-04-08/hr=11
POSTHOOK: Input: default@srcpart@ds=2008-04-08/hr=12
POSTHOOK: Output: hdfs://### HDFS PATH ###
1000
PREHOOK: query: select count(*) from srcpart where ds = '2008-04-08'
PREHOOK: type: QUERY
PREHOOK: Input: default@srcpart
PREHOOK: Output: hdfs://### HDFS PATH ###
POSTHOOK: query: select count(*) from srcpart where ds = '2008-04-08'
POSTHOOK: type: QUERY
POSTHOOK: Input: default@srcpart
POSTHOOK: Output: hdfs://### HDFS PATH ###
1000
Warning: Shuffle Join JOIN[7][tables = [$hdt$_0, $hdt$_1]] in Work 'Reducer 2' is a cross product
PREHOOK: query: EXPLAIN select count(*) from srcpart, srcpart_date_hour_n1 where (srcpart_date_hour_n1.`date` = '2008-04-08' and srcpart_date_hour_n1.hour = 11) and (srcpart.ds = srcpart_date_hour_n1.ds or srcpart.hr = srcpart_date_hour_n1.hr)
PREHOOK: type: QUERY
POSTHOOK: query: EXPLAIN select count(*) from srcpart, srcpart_date_hour_n1 where (srcpart_date_hour_n1.`date` = '2008-04-08' and srcpart_date_hour_n1.hour = 11) and (srcpart.ds = srcpart_date_hour_n1.ds or srcpart.hr = srcpart_date_hour_n1.hr)
POSTHOOK: type: QUERY
STAGE DEPENDENCIES:
  Stage-1 is a root stage
  Stage-0 depends on stages: Stage-1

STAGE PLANS:
  Stage: Stage-1
    Spark
      Edges:
        Reducer 2 <- Map 1 (PARTITION-LEVEL SORT, 1), Map 4 (PARTITION-LEVEL SORT, 1)
        Reducer 3 <- Reducer 2 (GROUP, 1)
#### A masked pattern was here ####
      Vertices:
        Map 1 
            Map Operator Tree:
                TableScan
                  alias: srcpart
                  Statistics: Num rows: 2000 Data size: 21248 Basic stats: COMPLETE Column stats: NONE
                  Select Operator
                    expressions: ds (type: string), hr (type: string)
                    outputColumnNames: _col0, _col1
                    Statistics: Num rows: 2000 Data size: 21248 Basic stats: COMPLETE Column stats: NONE
                    Reduce Output Operator
                      sort order: 
                      Statistics: Num rows: 2000 Data size: 21248 Basic stats: COMPLETE Column stats: NONE
                      value expressions: _col0 (type: string), _col1 (type: string)
        Map 4 
            Map Operator Tree:
                TableScan
                  alias: srcpart_date_hour_n1
                  filterExpr: ((date = '2008-04-08') and (UDFToDouble(hour) = 11.0D)) (type: boolean)
                  Statistics: Num rows: 4 Data size: 108 Basic stats: COMPLETE Column stats: NONE
                  Filter Operator
                    predicate: ((UDFToDouble(hour) = 11.0D) and (date = '2008-04-08')) (type: boolean)
                    Statistics: Num rows: 1 Data size: 27 Basic stats: COMPLETE Column stats: NONE
                    Select Operator
                      expressions: ds (type: string), hr (type: string)
                      outputColumnNames: _col0, _col2
                      Statistics: Num rows: 1 Data size: 27 Basic stats: COMPLETE Column stats: NONE
                      Reduce Output Operator
                        sort order: 
                        Statistics: Num rows: 1 Data size: 27 Basic stats: COMPLETE Column stats: NONE
                        value expressions: _col0 (type: string), _col2 (type: string)
        Reducer 2 
            Reduce Operator Tree:
              Join Operator
                condition map:
                     Inner Join 0 to 1
                keys:
                  0 
                  1 
                outputColumnNames: _col0, _col1, _col2, _col4
                Statistics: Num rows: 2000 Data size: 77248 Basic stats: COMPLETE Column stats: NONE
                Filter Operator
                  predicate: ((_col0 = _col2) or (_col1 = _col4)) (type: boolean)
                  Statistics: Num rows: 2000 Data size: 77248 Basic stats: COMPLETE Column stats: NONE
                  Select Operator
                    Statistics: Num rows: 2000 Data size: 77248 Basic stats: COMPLETE Column stats: NONE
                    Group By Operator
                      aggregations: count()
                      mode: hash
                      outputColumnNames: _col0
                      Statistics: Num rows: 1 Data size: 8 Basic stats: COMPLETE Column stats: NONE
                      Reduce Output Operator
                        sort order: 
                        Statistics: Num rows: 1 Data size: 8 Basic stats: COMPLETE Column stats: NONE
                        value expressions: _col0 (type: bigint)
        Reducer 3 
            Reduce Operator Tree:
              Group By Operator
                aggregations: count(VALUE._col0)
                mode: mergepartial
                outputColumnNames: _col0
                Statistics: Num rows: 1 Data size: 8 Basic stats: COMPLETE Column stats: NONE
                File Output Operator
                  compressed: false
                  Statistics: Num rows: 1 Data size: 8 Basic stats: COMPLETE Column stats: NONE
                  table:
                      input format: org.apache.hadoop.mapred.SequenceFileInputFormat
                      output format: org.apache.hadoop.hive.ql.io.HiveSequenceFileOutputFormat
                      serde: org.apache.hadoop.hive.serde2.lazy.LazySimpleSerDe

  Stage: Stage-0
    Fetch Operator
      limit: -1
      Processor Tree:
        ListSink

Warning: Shuffle Join JOIN[7][tables = [$hdt$_0, $hdt$_1]] in Work 'Reducer 2' is a cross product
PREHOOK: query: select count(*) from srcpart, srcpart_date_hour_n1 where (srcpart_date_hour_n1.`date` = '2008-04-08' and srcpart_date_hour_n1.hour = 11) and (srcpart.ds = srcpart_date_hour_n1.ds or srcpart.hr = srcpart_date_hour_n1.hr)
PREHOOK: type: QUERY
PREHOOK: Input: default@srcpart
PREHOOK: Input: default@srcpart@ds=2008-04-08/hr=11
PREHOOK: Input: default@srcpart@ds=2008-04-08/hr=12
PREHOOK: Input: default@srcpart@ds=2008-04-09/hr=11
PREHOOK: Input: default@srcpart@ds=2008-04-09/hr=12
PREHOOK: Input: default@srcpart_date_hour_n1
PREHOOK: Output: hdfs://### HDFS PATH ###
POSTHOOK: query: select count(*) from srcpart, srcpart_date_hour_n1 where (srcpart_date_hour_n1.`date` = '2008-04-08' and srcpart_date_hour_n1.hour = 11) and (srcpart.ds = srcpart_date_hour_n1.ds or srcpart.hr = srcpart_date_hour_n1.hr)
POSTHOOK: type: QUERY
POSTHOOK: Input: default@srcpart
POSTHOOK: Input: default@srcpart@ds=2008-04-08/hr=11
POSTHOOK: Input: default@srcpart@ds=2008-04-08/hr=12
POSTHOOK: Input: default@srcpart@ds=2008-04-09/hr=11
POSTHOOK: Input: default@srcpart@ds=2008-04-09/hr=12
POSTHOOK: Input: default@srcpart_date_hour_n1
POSTHOOK: Output: hdfs://### HDFS PATH ###
1500
PREHOOK: query: EXPLAIN select count(*) from srcpart, srcpart_date_hour_n1 where srcpart_date_hour_n1.`date` = '2008-04-08' and srcpart_date_hour_n1.hour = 11 and srcpart.ds = srcpart_date_hour_n1.ds and srcpart.hr = srcpart_date_hour_n1.hr
PREHOOK: type: QUERY
POSTHOOK: query: EXPLAIN select count(*) from srcpart, srcpart_date_hour_n1 where srcpart_date_hour_n1.`date` = '2008-04-08' and srcpart_date_hour_n1.hour = 11 and srcpart.ds = srcpart_date_hour_n1.ds and srcpart.hr = srcpart_date_hour_n1.hr
POSTHOOK: type: QUERY
STAGE DEPENDENCIES:
  Stage-2 is a root stage
  Stage-1 depends on stages: Stage-2
  Stage-0 depends on stages: Stage-1

STAGE PLANS:
  Stage: Stage-2
    Spark
#### A masked pattern was here ####
      Vertices:
        Map 5 
            Map Operator Tree:
                TableScan
                  alias: srcpart_date_hour_n1
                  filterExpr: ((date = '2008-04-08') and (UDFToDouble(hour) = 11.0D) and ds is not null and hr is not null) (type: boolean)
                  Statistics: Num rows: 4 Data size: 108 Basic stats: COMPLETE Column stats: NONE
                  Filter Operator
                    predicate: ((UDFToDouble(hour) = 11.0D) and (date = '2008-04-08') and ds is not null and hr is not null) (type: boolean)
                    Statistics: Num rows: 1 Data size: 27 Basic stats: COMPLETE Column stats: NONE
                    Select Operator
                      expressions: ds (type: string), hr (type: string)
                      outputColumnNames: _col0, _col2
                      Statistics: Num rows: 1 Data size: 27 Basic stats: COMPLETE Column stats: NONE
                      Select Operator
                        expressions: _col0 (type: string)
                        outputColumnNames: _col0
                        Statistics: Num rows: 1 Data size: 27 Basic stats: COMPLETE Column stats: NONE
                        Group By Operator
                          keys: _col0 (type: string)
                          mode: hash
                          outputColumnNames: _col0
                          Statistics: Num rows: 1 Data size: 27 Basic stats: COMPLETE Column stats: NONE
                          Spark Partition Pruning Sink Operator
                            Target Columns: [Map 1 -> [ds:string (ds)]]
                            Statistics: Num rows: 1 Data size: 27 Basic stats: COMPLETE Column stats: NONE
                      Select Operator
                        expressions: _col2 (type: string)
                        outputColumnNames: _col0
                        Statistics: Num rows: 1 Data size: 27 Basic stats: COMPLETE Column stats: NONE
                        Group By Operator
                          keys: _col0 (type: string)
                          mode: hash
                          outputColumnNames: _col0
                          Statistics: Num rows: 1 Data size: 27 Basic stats: COMPLETE Column stats: NONE
                          Spark Partition Pruning Sink Operator
                            Target Columns: [Map 1 -> [hr:string (hr)]]
                            Statistics: Num rows: 1 Data size: 27 Basic stats: COMPLETE Column stats: NONE

  Stage: Stage-1
    Spark
      Edges:
        Reducer 2 <- Map 1 (PARTITION-LEVEL SORT, 4), Map 4 (PARTITION-LEVEL SORT, 4)
        Reducer 3 <- Reducer 2 (GROUP, 1)
#### A masked pattern was here ####
      Vertices:
        Map 1 
            Map Operator Tree:
                TableScan
                  alias: srcpart
                  Statistics: Num rows: 2000 Data size: 21248 Basic stats: COMPLETE Column stats: NONE
                  Select Operator
                    expressions: ds (type: string), hr (type: string)
                    outputColumnNames: _col0, _col1
                    Statistics: Num rows: 2000 Data size: 21248 Basic stats: COMPLETE Column stats: NONE
                    Reduce Output Operator
                      key expressions: _col0 (type: string), _col1 (type: string)
                      sort order: ++
                      Map-reduce partition columns: _col0 (type: string), _col1 (type: string)
                      Statistics: Num rows: 2000 Data size: 21248 Basic stats: COMPLETE Column stats: NONE
        Map 4 
            Map Operator Tree:
                TableScan
                  alias: srcpart_date_hour_n1
                  filterExpr: ((date = '2008-04-08') and (UDFToDouble(hour) = 11.0D) and ds is not null and hr is not null) (type: boolean)
                  Statistics: Num rows: 4 Data size: 108 Basic stats: COMPLETE Column stats: NONE
                  Filter Operator
                    predicate: ((UDFToDouble(hour) = 11.0D) and (date = '2008-04-08') and ds is not null and hr is not null) (type: boolean)
                    Statistics: Num rows: 1 Data size: 27 Basic stats: COMPLETE Column stats: NONE
                    Select Operator
                      expressions: ds (type: string), hr (type: string)
                      outputColumnNames: _col0, _col2
                      Statistics: Num rows: 1 Data size: 27 Basic stats: COMPLETE Column stats: NONE
                      Reduce Output Operator
                        key expressions: _col0 (type: string), _col2 (type: string)
                        sort order: ++
                        Map-reduce partition columns: _col0 (type: string), _col2 (type: string)
                        Statistics: Num rows: 1 Data size: 27 Basic stats: COMPLETE Column stats: NONE
        Reducer 2 
            Reduce Operator Tree:
              Join Operator
                condition map:
                     Inner Join 0 to 1
                keys:
                  0 _col0 (type: string), _col1 (type: string)
                  1 _col0 (type: string), _col2 (type: string)
                Statistics: Num rows: 2200 Data size: 23372 Basic stats: COMPLETE Column stats: NONE
                Group By Operator
                  aggregations: count()
                  mode: hash
                  outputColumnNames: _col0
                  Statistics: Num rows: 1 Data size: 8 Basic stats: COMPLETE Column stats: NONE
                  Reduce Output Operator
                    sort order: 
                    Statistics: Num rows: 1 Data size: 8 Basic stats: COMPLETE Column stats: NONE
                    value expressions: _col0 (type: bigint)
        Reducer 3 
            Reduce Operator Tree:
              Group By Operator
                aggregations: count(VALUE._col0)
                mode: mergepartial
                outputColumnNames: _col0
                Statistics: Num rows: 1 Data size: 8 Basic stats: COMPLETE Column stats: NONE
                File Output Operator
                  compressed: false
                  Statistics: Num rows: 1 Data size: 8 Basic stats: COMPLETE Column stats: NONE
                  table:
                      input format: org.apache.hadoop.mapred.SequenceFileInputFormat
                      output format: org.apache.hadoop.hive.ql.io.HiveSequenceFileOutputFormat
                      serde: org.apache.hadoop.hive.serde2.lazy.LazySimpleSerDe

  Stage: Stage-0
    Fetch Operator
      limit: -1
      Processor Tree:
        ListSink

PREHOOK: query: select count(*) from srcpart, srcpart_date_hour_n1 where srcpart_date_hour_n1.`date` = '2008-04-08' and srcpart_date_hour_n1.hour = 11 and srcpart.ds = srcpart_date_hour_n1.ds and srcpart.hr = srcpart_date_hour_n1.hr
PREHOOK: type: QUERY
PREHOOK: Input: default@srcpart
PREHOOK: Input: default@srcpart@ds=2008-04-08/hr=11
PREHOOK: Input: default@srcpart@ds=2008-04-08/hr=12
PREHOOK: Input: default@srcpart@ds=2008-04-09/hr=11
PREHOOK: Input: default@srcpart@ds=2008-04-09/hr=12
PREHOOK: Input: default@srcpart_date_hour_n1
PREHOOK: Output: hdfs://### HDFS PATH ###
POSTHOOK: query: select count(*) from srcpart, srcpart_date_hour_n1 where srcpart_date_hour_n1.`date` = '2008-04-08' and srcpart_date_hour_n1.hour = 11 and srcpart.ds = srcpart_date_hour_n1.ds and srcpart.hr = srcpart_date_hour_n1.hr
POSTHOOK: type: QUERY
POSTHOOK: Input: default@srcpart
POSTHOOK: Input: default@srcpart@ds=2008-04-08/hr=11
POSTHOOK: Input: default@srcpart@ds=2008-04-08/hr=12
POSTHOOK: Input: default@srcpart@ds=2008-04-09/hr=11
POSTHOOK: Input: default@srcpart@ds=2008-04-09/hr=12
POSTHOOK: Input: default@srcpart_date_hour_n1
POSTHOOK: Output: hdfs://### HDFS PATH ###
500
PREHOOK: query: EXPLAIN select count(*) from srcpart left join srcpart_date_n4 on (srcpart.ds = srcpart_date_n4.ds) where srcpart_date_n4.`date` = '2008-04-08'
PREHOOK: type: QUERY
POSTHOOK: query: EXPLAIN select count(*) from srcpart left join srcpart_date_n4 on (srcpart.ds = srcpart_date_n4.ds) where srcpart_date_n4.`date` = '2008-04-08'
POSTHOOK: type: QUERY
STAGE DEPENDENCIES:
  Stage-2 is a root stage
  Stage-1 depends on stages: Stage-2
  Stage-0 depends on stages: Stage-1

STAGE PLANS:
  Stage: Stage-2
    Spark
#### A masked pattern was here ####
      Vertices:
        Map 5 
            Map Operator Tree:
                TableScan
                  alias: srcpart_date_n4
                  filterExpr: ((date = '2008-04-08') and ds is not null) (type: boolean)
                  Statistics: Num rows: 2 Data size: 42 Basic stats: COMPLETE Column stats: NONE
                  Filter Operator
                    predicate: ((date = '2008-04-08') and ds is not null) (type: boolean)
                    Statistics: Num rows: 1 Data size: 21 Basic stats: COMPLETE Column stats: NONE
                    Select Operator
                      expressions: ds (type: string)
                      outputColumnNames: _col0
                      Statistics: Num rows: 1 Data size: 21 Basic stats: COMPLETE Column stats: NONE
                      Select Operator
                        expressions: _col0 (type: string)
                        outputColumnNames: _col0
                        Statistics: Num rows: 1 Data size: 21 Basic stats: COMPLETE Column stats: NONE
                        Group By Operator
                          keys: _col0 (type: string)
                          mode: hash
                          outputColumnNames: _col0
                          Statistics: Num rows: 1 Data size: 21 Basic stats: COMPLETE Column stats: NONE
                          Spark Partition Pruning Sink Operator
                            Target Columns: [Map 1 -> [ds:string (ds)]]
                            Statistics: Num rows: 1 Data size: 21 Basic stats: COMPLETE Column stats: NONE

  Stage: Stage-1
    Spark
      Edges:
        Reducer 2 <- Map 1 (PARTITION-LEVEL SORT, 4), Map 4 (PARTITION-LEVEL SORT, 4)
        Reducer 3 <- Reducer 2 (GROUP, 1)
#### A masked pattern was here ####
      Vertices:
        Map 1 
            Map Operator Tree:
                TableScan
                  alias: srcpart
                  filterExpr: ds is not null (type: boolean)
                  Statistics: Num rows: 2000 Data size: 21248 Basic stats: COMPLETE Column stats: NONE
                  Select Operator
                    expressions: ds (type: string)
                    outputColumnNames: _col0
                    Statistics: Num rows: 2000 Data size: 21248 Basic stats: COMPLETE Column stats: NONE
                    Reduce Output Operator
                      key expressions: _col0 (type: string)
                      sort order: +
                      Map-reduce partition columns: _col0 (type: string)
                      Statistics: Num rows: 2000 Data size: 21248 Basic stats: COMPLETE Column stats: NONE
        Map 4 
            Map Operator Tree:
                TableScan
                  alias: srcpart_date_n4
                  filterExpr: ((date = '2008-04-08') and ds is not null) (type: boolean)
                  Statistics: Num rows: 2 Data size: 42 Basic stats: COMPLETE Column stats: NONE
                  Filter Operator
                    predicate: ((date = '2008-04-08') and ds is not null) (type: boolean)
                    Statistics: Num rows: 1 Data size: 21 Basic stats: COMPLETE Column stats: NONE
                    Select Operator
                      expressions: ds (type: string)
                      outputColumnNames: _col0
                      Statistics: Num rows: 1 Data size: 21 Basic stats: COMPLETE Column stats: NONE
                      Reduce Output Operator
                        key expressions: _col0 (type: string)
                        sort order: +
                        Map-reduce partition columns: _col0 (type: string)
                        Statistics: Num rows: 1 Data size: 21 Basic stats: COMPLETE Column stats: NONE
        Reducer 2 
            Reduce Operator Tree:
              Join Operator
                condition map:
                     Inner Join 0 to 1
                keys:
                  0 _col0 (type: string)
                  1 _col0 (type: string)
                Statistics: Num rows: 2200 Data size: 23372 Basic stats: COMPLETE Column stats: NONE
                Group By Operator
                  aggregations: count()
                  mode: hash
                  outputColumnNames: _col0
                  Statistics: Num rows: 1 Data size: 8 Basic stats: COMPLETE Column stats: NONE
                  Reduce Output Operator
                    sort order: 
                    Statistics: Num rows: 1 Data size: 8 Basic stats: COMPLETE Column stats: NONE
                    value expressions: _col0 (type: bigint)
        Reducer 3 
            Reduce Operator Tree:
              Group By Operator
                aggregations: count(VALUE._col0)
                mode: mergepartial
                outputColumnNames: _col0
                Statistics: Num rows: 1 Data size: 8 Basic stats: COMPLETE Column stats: NONE
                File Output Operator
                  compressed: false
                  Statistics: Num rows: 1 Data size: 8 Basic stats: COMPLETE Column stats: NONE
                  table:
                      input format: org.apache.hadoop.mapred.SequenceFileInputFormat
                      output format: org.apache.hadoop.hive.ql.io.HiveSequenceFileOutputFormat
                      serde: org.apache.hadoop.hive.serde2.lazy.LazySimpleSerDe

  Stage: Stage-0
    Fetch Operator
      limit: -1
      Processor Tree:
        ListSink

PREHOOK: query: EXPLAIN select count(*) from srcpart_date_n4 left join srcpart on (srcpart.ds = srcpart_date_n4.ds) where srcpart_date_n4.`date` = '2008-04-08'
PREHOOK: type: QUERY
POSTHOOK: query: EXPLAIN select count(*) from srcpart_date_n4 left join srcpart on (srcpart.ds = srcpart_date_n4.ds) where srcpart_date_n4.`date` = '2008-04-08'
POSTHOOK: type: QUERY
STAGE DEPENDENCIES:
  Stage-2 is a root stage
  Stage-1 depends on stages: Stage-2
  Stage-0 depends on stages: Stage-1

STAGE PLANS:
  Stage: Stage-2
    Spark
#### A masked pattern was here ####
      Vertices:
        Map 5 
            Map Operator Tree:
                TableScan
                  alias: srcpart_date_n4
                  filterExpr: (date = '2008-04-08') (type: boolean)
                  Statistics: Num rows: 2 Data size: 42 Basic stats: COMPLETE Column stats: NONE
                  Filter Operator
                    predicate: (date = '2008-04-08') (type: boolean)
                    Statistics: Num rows: 1 Data size: 21 Basic stats: COMPLETE Column stats: NONE
                    Select Operator
                      expressions: ds (type: string)
                      outputColumnNames: _col0
                      Statistics: Num rows: 1 Data size: 21 Basic stats: COMPLETE Column stats: NONE
                      Select Operator
                        expressions: _col0 (type: string)
                        outputColumnNames: _col0
                        Statistics: Num rows: 1 Data size: 21 Basic stats: COMPLETE Column stats: NONE
                        Group By Operator
                          keys: _col0 (type: string)
                          mode: hash
                          outputColumnNames: _col0
                          Statistics: Num rows: 1 Data size: 21 Basic stats: COMPLETE Column stats: NONE
                          Spark Partition Pruning Sink Operator
                            Target Columns: [Map 4 -> [ds:string (ds)]]
                            Statistics: Num rows: 1 Data size: 21 Basic stats: COMPLETE Column stats: NONE

  Stage: Stage-1
    Spark
      Edges:
        Reducer 2 <- Map 1 (PARTITION-LEVEL SORT, 4), Map 4 (PARTITION-LEVEL SORT, 4)
        Reducer 3 <- Reducer 2 (GROUP, 1)
#### A masked pattern was here ####
      Vertices:
        Map 1 
            Map Operator Tree:
                TableScan
                  alias: srcpart_date_n4
                  filterExpr: (date = '2008-04-08') (type: boolean)
                  Statistics: Num rows: 2 Data size: 42 Basic stats: COMPLETE Column stats: NONE
                  Filter Operator
                    predicate: (date = '2008-04-08') (type: boolean)
                    Statistics: Num rows: 1 Data size: 21 Basic stats: COMPLETE Column stats: NONE
                    Select Operator
                      expressions: ds (type: string)
                      outputColumnNames: _col0
                      Statistics: Num rows: 1 Data size: 21 Basic stats: COMPLETE Column stats: NONE
                      Reduce Output Operator
                        key expressions: _col0 (type: string)
                        sort order: +
                        Map-reduce partition columns: _col0 (type: string)
                        Statistics: Num rows: 1 Data size: 21 Basic stats: COMPLETE Column stats: NONE
        Map 4 
            Map Operator Tree:
                TableScan
                  alias: srcpart
                  Statistics: Num rows: 2000 Data size: 21248 Basic stats: COMPLETE Column stats: NONE
                  Select Operator
                    expressions: ds (type: string)
                    outputColumnNames: _col0
                    Statistics: Num rows: 2000 Data size: 21248 Basic stats: COMPLETE Column stats: NONE
                    Reduce Output Operator
                      key expressions: _col0 (type: string)
                      sort order: +
                      Map-reduce partition columns: _col0 (type: string)
                      Statistics: Num rows: 2000 Data size: 21248 Basic stats: COMPLETE Column stats: NONE
        Reducer 2 
            Reduce Operator Tree:
              Join Operator
                condition map:
                     Left Outer Join 0 to 1
                keys:
                  0 _col0 (type: string)
                  1 _col0 (type: string)
                Statistics: Num rows: 2200 Data size: 23372 Basic stats: COMPLETE Column stats: NONE
                Group By Operator
                  aggregations: count()
                  mode: hash
                  outputColumnNames: _col0
                  Statistics: Num rows: 1 Data size: 8 Basic stats: COMPLETE Column stats: NONE
                  Reduce Output Operator
                    sort order: 
                    Statistics: Num rows: 1 Data size: 8 Basic stats: COMPLETE Column stats: NONE
                    value expressions: _col0 (type: bigint)
        Reducer 3 
            Reduce Operator Tree:
              Group By Operator
                aggregations: count(VALUE._col0)
                mode: mergepartial
                outputColumnNames: _col0
                Statistics: Num rows: 1 Data size: 8 Basic stats: COMPLETE Column stats: NONE
                File Output Operator
                  compressed: false
                  Statistics: Num rows: 1 Data size: 8 Basic stats: COMPLETE Column stats: NONE
                  table:
                      input format: org.apache.hadoop.mapred.SequenceFileInputFormat
                      output format: org.apache.hadoop.hive.ql.io.HiveSequenceFileOutputFormat
                      serde: org.apache.hadoop.hive.serde2.lazy.LazySimpleSerDe

  Stage: Stage-0
    Fetch Operator
      limit: -1
      Processor Tree:
        ListSink

PREHOOK: query: EXPLAIN select count(*) from srcpart full outer join srcpart_date_n4 on (srcpart.ds = srcpart_date_n4.ds) where srcpart_date_n4.`date` = '2008-04-08'
PREHOOK: type: QUERY
POSTHOOK: query: EXPLAIN select count(*) from srcpart full outer join srcpart_date_n4 on (srcpart.ds = srcpart_date_n4.ds) where srcpart_date_n4.`date` = '2008-04-08'
POSTHOOK: type: QUERY
STAGE DEPENDENCIES:
  Stage-2 is a root stage
  Stage-1 depends on stages: Stage-2
  Stage-0 depends on stages: Stage-1

STAGE PLANS:
  Stage: Stage-2
    Spark
#### A masked pattern was here ####
      Vertices:
        Map 5 
            Map Operator Tree:
                TableScan
                  alias: srcpart_date_n4
                  filterExpr: (date = '2008-04-08') (type: boolean)
                  Statistics: Num rows: 2 Data size: 42 Basic stats: COMPLETE Column stats: NONE
                  Filter Operator
                    predicate: (date = '2008-04-08') (type: boolean)
                    Statistics: Num rows: 1 Data size: 21 Basic stats: COMPLETE Column stats: NONE
                    Select Operator
                      expressions: ds (type: string)
                      outputColumnNames: _col0
                      Statistics: Num rows: 1 Data size: 21 Basic stats: COMPLETE Column stats: NONE
                      Select Operator
                        expressions: _col0 (type: string)
                        outputColumnNames: _col0
                        Statistics: Num rows: 1 Data size: 21 Basic stats: COMPLETE Column stats: NONE
                        Group By Operator
                          keys: _col0 (type: string)
                          mode: hash
                          outputColumnNames: _col0
                          Statistics: Num rows: 1 Data size: 21 Basic stats: COMPLETE Column stats: NONE
                          Spark Partition Pruning Sink Operator
                            Target Columns: [Map 1 -> [ds:string (ds)]]
                            Statistics: Num rows: 1 Data size: 21 Basic stats: COMPLETE Column stats: NONE

  Stage: Stage-1
    Spark
      Edges:
        Reducer 2 <- Map 1 (PARTITION-LEVEL SORT, 4), Map 4 (PARTITION-LEVEL SORT, 4)
        Reducer 3 <- Reducer 2 (GROUP, 1)
#### A masked pattern was here ####
      Vertices:
        Map 1 
            Map Operator Tree:
                TableScan
                  alias: srcpart
                  Statistics: Num rows: 2000 Data size: 21248 Basic stats: COMPLETE Column stats: NONE
                  Select Operator
                    expressions: ds (type: string)
                    outputColumnNames: _col0
                    Statistics: Num rows: 2000 Data size: 21248 Basic stats: COMPLETE Column stats: NONE
                    Reduce Output Operator
                      key expressions: _col0 (type: string)
                      sort order: +
                      Map-reduce partition columns: _col0 (type: string)
                      Statistics: Num rows: 2000 Data size: 21248 Basic stats: COMPLETE Column stats: NONE
        Map 4 
            Map Operator Tree:
                TableScan
                  alias: srcpart_date_n4
                  filterExpr: (date = '2008-04-08') (type: boolean)
                  Statistics: Num rows: 2 Data size: 42 Basic stats: COMPLETE Column stats: NONE
                  Filter Operator
                    predicate: (date = '2008-04-08') (type: boolean)
                    Statistics: Num rows: 1 Data size: 21 Basic stats: COMPLETE Column stats: NONE
                    Select Operator
                      expressions: ds (type: string)
                      outputColumnNames: _col0
                      Statistics: Num rows: 1 Data size: 21 Basic stats: COMPLETE Column stats: NONE
                      Reduce Output Operator
                        key expressions: _col0 (type: string)
                        sort order: +
                        Map-reduce partition columns: _col0 (type: string)
                        Statistics: Num rows: 1 Data size: 21 Basic stats: COMPLETE Column stats: NONE
        Reducer 2 
            Reduce Operator Tree:
              Join Operator
                condition map:
                     Right Outer Join 0 to 1
                keys:
                  0 _col0 (type: string)
                  1 _col0 (type: string)
                Statistics: Num rows: 2200 Data size: 23372 Basic stats: COMPLETE Column stats: NONE
                Group By Operator
                  aggregations: count()
                  mode: hash
                  outputColumnNames: _col0
                  Statistics: Num rows: 1 Data size: 8 Basic stats: COMPLETE Column stats: NONE
                  Reduce Output Operator
                    sort order: 
                    Statistics: Num rows: 1 Data size: 8 Basic stats: COMPLETE Column stats: NONE
                    value expressions: _col0 (type: bigint)
        Reducer 3 
            Reduce Operator Tree:
              Group By Operator
                aggregations: count(VALUE._col0)
                mode: mergepartial
                outputColumnNames: _col0
                Statistics: Num rows: 1 Data size: 8 Basic stats: COMPLETE Column stats: NONE
                File Output Operator
                  compressed: false
                  Statistics: Num rows: 1 Data size: 8 Basic stats: COMPLETE Column stats: NONE
                  table:
                      input format: org.apache.hadoop.mapred.SequenceFileInputFormat
                      output format: org.apache.hadoop.hive.ql.io.HiveSequenceFileOutputFormat
                      serde: org.apache.hadoop.hive.serde2.lazy.LazySimpleSerDe

  Stage: Stage-0
    Fetch Operator
      limit: -1
      Processor Tree:
        ListSink

PREHOOK: query: EXPLAIN select count(*) from srcpart join srcpart_date_n4 on (srcpart.ds = srcpart_date_n4.ds) join srcpart_hour_n1 on (srcpart.hr = srcpart_hour_n1.hr) 
where srcpart_date_n4.`date` = '2008-04-08' and srcpart_hour_n1.hour = 11 and srcpart.hr = 11
PREHOOK: type: QUERY
POSTHOOK: query: EXPLAIN select count(*) from srcpart join srcpart_date_n4 on (srcpart.ds = srcpart_date_n4.ds) join srcpart_hour_n1 on (srcpart.hr = srcpart_hour_n1.hr) 
where srcpart_date_n4.`date` = '2008-04-08' and srcpart_hour_n1.hour = 11 and srcpart.hr = 11
POSTHOOK: type: QUERY
STAGE DEPENDENCIES:
  Stage-2 is a root stage
  Stage-1 depends on stages: Stage-2
  Stage-0 depends on stages: Stage-1

STAGE PLANS:
  Stage: Stage-2
    Spark
#### A masked pattern was here ####
      Vertices:
        Map 7 
            Map Operator Tree:
                TableScan
                  alias: srcpart_date_n4
                  filterExpr: ((date = '2008-04-08') and ds is not null) (type: boolean)
                  Statistics: Num rows: 2 Data size: 42 Basic stats: COMPLETE Column stats: NONE
                  Filter Operator
                    predicate: ((date = '2008-04-08') and ds is not null) (type: boolean)
                    Statistics: Num rows: 1 Data size: 21 Basic stats: COMPLETE Column stats: NONE
                    Select Operator
                      expressions: ds (type: string)
                      outputColumnNames: _col0
                      Statistics: Num rows: 1 Data size: 21 Basic stats: COMPLETE Column stats: NONE
                      Select Operator
                        expressions: _col0 (type: string)
                        outputColumnNames: _col0
                        Statistics: Num rows: 1 Data size: 21 Basic stats: COMPLETE Column stats: NONE
                        Group By Operator
                          keys: _col0 (type: string)
                          mode: hash
                          outputColumnNames: _col0
                          Statistics: Num rows: 1 Data size: 21 Basic stats: COMPLETE Column stats: NONE
                          Spark Partition Pruning Sink Operator
                            Target Columns: [Map 1 -> [ds:string (ds)]]
                            Statistics: Num rows: 1 Data size: 21 Basic stats: COMPLETE Column stats: NONE
        Map 8 
            Map Operator Tree:
                TableScan
                  alias: srcpart_hour_n1
                  filterExpr: ((UDFToDouble(hour) = 11.0D) and (UDFToDouble(hr) = 11.0D)) (type: boolean)
                  Statistics: Num rows: 2 Data size: 10 Basic stats: COMPLETE Column stats: NONE
                  Filter Operator
                    predicate: ((UDFToDouble(hour) = 11.0D) and (UDFToDouble(hr) = 11.0D)) (type: boolean)
                    Statistics: Num rows: 1 Data size: 5 Basic stats: COMPLETE Column stats: NONE
                    Select Operator
                      expressions: hr (type: string)
                      outputColumnNames: _col0
                      Statistics: Num rows: 1 Data size: 5 Basic stats: COMPLETE Column stats: NONE
                      Select Operator
                        expressions: _col0 (type: string)
                        outputColumnNames: _col0
                        Statistics: Num rows: 1 Data size: 5 Basic stats: COMPLETE Column stats: NONE
                        Group By Operator
                          keys: _col0 (type: string)
                          mode: hash
                          outputColumnNames: _col0
                          Statistics: Num rows: 1 Data size: 5 Basic stats: COMPLETE Column stats: NONE
                          Spark Partition Pruning Sink Operator
                            Target Columns: [Map 1 -> [hr:string (hr)]]
                            Statistics: Num rows: 1 Data size: 5 Basic stats: COMPLETE Column stats: NONE

  Stage: Stage-1
    Spark
      Edges:
        Reducer 2 <- Map 1 (PARTITION-LEVEL SORT, 4), Map 5 (PARTITION-LEVEL SORT, 4)
        Reducer 3 <- Map 6 (PARTITION-LEVEL SORT, 4), Reducer 2 (PARTITION-LEVEL SORT, 4)
        Reducer 4 <- Reducer 3 (GROUP, 1)
#### A masked pattern was here ####
      Vertices:
        Map 1 
            Map Operator Tree:
                TableScan
                  alias: srcpart
                  Statistics: Num rows: 1000 Data size: 10624 Basic stats: COMPLETE Column stats: NONE
                  Select Operator
                    expressions: ds (type: string), hr (type: string)
                    outputColumnNames: _col0, _col1
                    Statistics: Num rows: 1000 Data size: 10624 Basic stats: COMPLETE Column stats: NONE
                    Reduce Output Operator
                      key expressions: _col0 (type: string)
                      sort order: +
                      Map-reduce partition columns: _col0 (type: string)
                      Statistics: Num rows: 1000 Data size: 10624 Basic stats: COMPLETE Column stats: NONE
                      value expressions: _col1 (type: string)
        Map 5 
            Map Operator Tree:
                TableScan
                  alias: srcpart_date_n4
                  filterExpr: ((date = '2008-04-08') and ds is not null) (type: boolean)
                  Statistics: Num rows: 2 Data size: 42 Basic stats: COMPLETE Column stats: NONE
                  Filter Operator
                    predicate: ((date = '2008-04-08') and ds is not null) (type: boolean)
                    Statistics: Num rows: 1 Data size: 21 Basic stats: COMPLETE Column stats: NONE
                    Select Operator
                      expressions: ds (type: string)
                      outputColumnNames: _col0
                      Statistics: Num rows: 1 Data size: 21 Basic stats: COMPLETE Column stats: NONE
                      Reduce Output Operator
                        key expressions: _col0 (type: string)
                        sort order: +
                        Map-reduce partition columns: _col0 (type: string)
                        Statistics: Num rows: 1 Data size: 21 Basic stats: COMPLETE Column stats: NONE
        Map 6 
            Map Operator Tree:
                TableScan
                  alias: srcpart_hour_n1
                  filterExpr: ((UDFToDouble(hour) = 11.0D) and (UDFToDouble(hr) = 11.0D)) (type: boolean)
                  Statistics: Num rows: 2 Data size: 10 Basic stats: COMPLETE Column stats: NONE
                  Filter Operator
                    predicate: ((UDFToDouble(hour) = 11.0D) and (UDFToDouble(hr) = 11.0D)) (type: boolean)
                    Statistics: Num rows: 1 Data size: 5 Basic stats: COMPLETE Column stats: NONE
                    Select Operator
                      expressions: hr (type: string)
                      outputColumnNames: _col0
                      Statistics: Num rows: 1 Data size: 5 Basic stats: COMPLETE Column stats: NONE
                      Reduce Output Operator
                        key expressions: _col0 (type: string)
                        sort order: +
                        Map-reduce partition columns: _col0 (type: string)
                        Statistics: Num rows: 1 Data size: 5 Basic stats: COMPLETE Column stats: NONE
        Reducer 2 
            Reduce Operator Tree:
              Join Operator
                condition map:
                     Inner Join 0 to 1
                keys:
                  0 _col0 (type: string)
                  1 _col0 (type: string)
                outputColumnNames: _col1
                Statistics: Num rows: 1100 Data size: 11686 Basic stats: COMPLETE Column stats: NONE
                Reduce Output Operator
                  key expressions: _col1 (type: string)
                  sort order: +
                  Map-reduce partition columns: _col1 (type: string)
                  Statistics: Num rows: 1100 Data size: 11686 Basic stats: COMPLETE Column stats: NONE
        Reducer 3 
            Reduce Operator Tree:
              Join Operator
                condition map:
                     Inner Join 0 to 1
                keys:
                  0 _col1 (type: string)
                  1 _col0 (type: string)
                Statistics: Num rows: 1210 Data size: 12854 Basic stats: COMPLETE Column stats: NONE
                Group By Operator
                  aggregations: count()
                  mode: hash
                  outputColumnNames: _col0
                  Statistics: Num rows: 1 Data size: 8 Basic stats: COMPLETE Column stats: NONE
                  Reduce Output Operator
                    sort order: 
                    Statistics: Num rows: 1 Data size: 8 Basic stats: COMPLETE Column stats: NONE
                    value expressions: _col0 (type: bigint)
        Reducer 4 
            Reduce Operator Tree:
              Group By Operator
                aggregations: count(VALUE._col0)
                mode: mergepartial
                outputColumnNames: _col0
                Statistics: Num rows: 1 Data size: 8 Basic stats: COMPLETE Column stats: NONE
                File Output Operator
                  compressed: false
                  Statistics: Num rows: 1 Data size: 8 Basic stats: COMPLETE Column stats: NONE
                  table:
                      input format: org.apache.hadoop.mapred.SequenceFileInputFormat
                      output format: org.apache.hadoop.hive.ql.io.HiveSequenceFileOutputFormat
                      serde: org.apache.hadoop.hive.serde2.lazy.LazySimpleSerDe

  Stage: Stage-0
    Fetch Operator
      limit: -1
      Processor Tree:
        ListSink

PREHOOK: query: select count(*) from srcpart join srcpart_date_n4 on (srcpart.ds = srcpart_date_n4.ds) join srcpart_hour_n1 on (srcpart.hr = srcpart_hour_n1.hr) 
where srcpart_date_n4.`date` = '2008-04-08' and srcpart_hour_n1.hour = 11 and srcpart.hr = 11
PREHOOK: type: QUERY
PREHOOK: Input: default@srcpart
PREHOOK: Input: default@srcpart@ds=2008-04-08/hr=11
PREHOOK: Input: default@srcpart@ds=2008-04-09/hr=11
PREHOOK: Input: default@srcpart_date_n4
PREHOOK: Input: default@srcpart_hour_n1
PREHOOK: Output: hdfs://### HDFS PATH ###
POSTHOOK: query: select count(*) from srcpart join srcpart_date_n4 on (srcpart.ds = srcpart_date_n4.ds) join srcpart_hour_n1 on (srcpart.hr = srcpart_hour_n1.hr) 
where srcpart_date_n4.`date` = '2008-04-08' and srcpart_hour_n1.hour = 11 and srcpart.hr = 11
POSTHOOK: type: QUERY
POSTHOOK: Input: default@srcpart
POSTHOOK: Input: default@srcpart@ds=2008-04-08/hr=11
POSTHOOK: Input: default@srcpart@ds=2008-04-09/hr=11
POSTHOOK: Input: default@srcpart_date_n4
POSTHOOK: Input: default@srcpart_hour_n1
POSTHOOK: Output: hdfs://### HDFS PATH ###
500
PREHOOK: query: EXPLAIN select count(*) from srcpart join srcpart_date_n4 on (srcpart.ds = srcpart_date_n4.ds) join srcpart_hour_n1 on (srcpart.hr = srcpart_hour_n1.hr) 
where srcpart_date_n4.`date` = '2008-04-08' and srcpart.hr = 13
PREHOOK: type: QUERY
POSTHOOK: query: EXPLAIN select count(*) from srcpart join srcpart_date_n4 on (srcpart.ds = srcpart_date_n4.ds) join srcpart_hour_n1 on (srcpart.hr = srcpart_hour_n1.hr) 
where srcpart_date_n4.`date` = '2008-04-08' and srcpart.hr = 13
POSTHOOK: type: QUERY
STAGE DEPENDENCIES:
  Stage-1 is a root stage
  Stage-0 depends on stages: Stage-1

STAGE PLANS:
  Stage: Stage-1
    Spark
      Edges:
        Reducer 2 <- Map 1 (PARTITION-LEVEL SORT, 4), Map 5 (PARTITION-LEVEL SORT, 4)
        Reducer 3 <- Map 6 (PARTITION-LEVEL SORT, 4), Reducer 2 (PARTITION-LEVEL SORT, 4)
        Reducer 4 <- Reducer 3 (GROUP, 1)
#### A masked pattern was here ####
      Vertices:
        Map 1 
            Map Operator Tree:
                TableScan
                  alias: srcpart_hour_n1
                  filterExpr: (UDFToDouble(hr) = 13.0D) (type: boolean)
                  Statistics: Num rows: 2 Data size: 10 Basic stats: COMPLETE Column stats: NONE
                  Filter Operator
                    predicate: (UDFToDouble(hr) = 13.0D) (type: boolean)
                    Statistics: Num rows: 1 Data size: 5 Basic stats: COMPLETE Column stats: NONE
                    Select Operator
                      expressions: hr (type: string)
                      outputColumnNames: _col0
                      Statistics: Num rows: 1 Data size: 5 Basic stats: COMPLETE Column stats: NONE
                      Reduce Output Operator
                        key expressions: _col0 (type: string)
                        sort order: +
                        Map-reduce partition columns: _col0 (type: string)
                        Statistics: Num rows: 1 Data size: 5 Basic stats: COMPLETE Column stats: NONE
        Map 5 
            Map Operator Tree:
                TableScan
                  alias: srcpart
                  filterExpr: ((UDFToDouble(hr) = 13.0D) and ds is not null) (type: boolean)
                  Statistics: Num rows: 1 Data size: 0 Basic stats: PARTIAL Column stats: NONE
                  Filter Operator
                    predicate: ((UDFToDouble(hr) = 13.0D) and ds is not null) (type: boolean)
                    Statistics: Num rows: 1 Data size: 0 Basic stats: PARTIAL Column stats: NONE
                    Select Operator
                      expressions: ds (type: string), hr (type: string)
                      outputColumnNames: _col0, _col1
                      Statistics: Num rows: 1 Data size: 0 Basic stats: PARTIAL Column stats: NONE
                      Reduce Output Operator
                        key expressions: _col1 (type: string)
                        sort order: +
                        Map-reduce partition columns: _col1 (type: string)
                        Statistics: Num rows: 1 Data size: 0 Basic stats: PARTIAL Column stats: NONE
                        value expressions: _col0 (type: string)
        Map 6 
            Map Operator Tree:
                TableScan
                  alias: srcpart_date_n4
                  filterExpr: ((date = '2008-04-08') and ds is not null) (type: boolean)
                  Statistics: Num rows: 2 Data size: 42 Basic stats: COMPLETE Column stats: NONE
                  Filter Operator
                    predicate: ((date = '2008-04-08') and ds is not null) (type: boolean)
                    Statistics: Num rows: 1 Data size: 21 Basic stats: COMPLETE Column stats: NONE
                    Select Operator
                      expressions: ds (type: string)
                      outputColumnNames: _col0
                      Statistics: Num rows: 1 Data size: 21 Basic stats: COMPLETE Column stats: NONE
                      Reduce Output Operator
                        key expressions: _col0 (type: string)
                        sort order: +
                        Map-reduce partition columns: _col0 (type: string)
                        Statistics: Num rows: 1 Data size: 21 Basic stats: COMPLETE Column stats: NONE
        Reducer 2 
            Reduce Operator Tree:
              Join Operator
                condition map:
                     Inner Join 0 to 1
                keys:
                  0 _col0 (type: string)
                  1 _col1 (type: string)
                outputColumnNames: _col1
                Statistics: Num rows: 1 Data size: 5 Basic stats: PARTIAL Column stats: NONE
                Reduce Output Operator
                  key expressions: _col1 (type: string)
                  sort order: +
                  Map-reduce partition columns: _col1 (type: string)
                  Statistics: Num rows: 1 Data size: 5 Basic stats: PARTIAL Column stats: NONE
        Reducer 3 
            Reduce Operator Tree:
              Join Operator
                condition map:
                     Inner Join 0 to 1
                keys:
                  0 _col1 (type: string)
                  1 _col0 (type: string)
                Statistics: Num rows: 1 Data size: 5 Basic stats: PARTIAL Column stats: NONE
                Group By Operator
                  aggregations: count()
                  mode: hash
                  outputColumnNames: _col0
                  Statistics: Num rows: 1 Data size: 8 Basic stats: PARTIAL Column stats: NONE
                  Reduce Output Operator
                    sort order: 
                    Statistics: Num rows: 1 Data size: 8 Basic stats: PARTIAL Column stats: NONE
                    value expressions: _col0 (type: bigint)
        Reducer 4 
            Reduce Operator Tree:
              Group By Operator
                aggregations: count(VALUE._col0)
                mode: mergepartial
                outputColumnNames: _col0
                Statistics: Num rows: 1 Data size: 8 Basic stats: PARTIAL Column stats: NONE
                File Output Operator
                  compressed: false
                  Statistics: Num rows: 1 Data size: 8 Basic stats: PARTIAL Column stats: NONE
                  table:
                      input format: org.apache.hadoop.mapred.SequenceFileInputFormat
                      output format: org.apache.hadoop.hive.ql.io.HiveSequenceFileOutputFormat
                      serde: org.apache.hadoop.hive.serde2.lazy.LazySimpleSerDe

  Stage: Stage-0
    Fetch Operator
      limit: -1
      Processor Tree:
        ListSink

PREHOOK: query: select count(*) from srcpart join srcpart_date_n4 on (srcpart.ds = srcpart_date_n4.ds) join srcpart_hour_n1 on (srcpart.hr = srcpart_hour_n1.hr) 
where srcpart_date_n4.`date` = '2008-04-08' and srcpart.hr = 13
PREHOOK: type: QUERY
PREHOOK: Input: default@srcpart
PREHOOK: Input: default@srcpart_date_n4
PREHOOK: Input: default@srcpart_hour_n1
PREHOOK: Output: hdfs://### HDFS PATH ###
POSTHOOK: query: select count(*) from srcpart join srcpart_date_n4 on (srcpart.ds = srcpart_date_n4.ds) join srcpart_hour_n1 on (srcpart.hr = srcpart_hour_n1.hr) 
where srcpart_date_n4.`date` = '2008-04-08' and srcpart.hr = 13
POSTHOOK: type: QUERY
POSTHOOK: Input: default@srcpart
POSTHOOK: Input: default@srcpart_date_n4
POSTHOOK: Input: default@srcpart_hour_n1
POSTHOOK: Output: hdfs://### HDFS PATH ###
0
PREHOOK: query: EXPLAIN select count(*) from srcpart where srcpart.ds in (select max(srcpart.ds) from srcpart union all select min(srcpart.ds) from srcpart)
PREHOOK: type: QUERY
POSTHOOK: query: EXPLAIN select count(*) from srcpart where srcpart.ds in (select max(srcpart.ds) from srcpart union all select min(srcpart.ds) from srcpart)
POSTHOOK: type: QUERY
STAGE DEPENDENCIES:
  Stage-2 is a root stage
  Stage-1 depends on stages: Stage-2
  Stage-0 depends on stages: Stage-1

STAGE PLANS:
  Stage: Stage-2
    Spark
      Edges:
        Reducer 11 <- Map 10 (GROUP, 1)
        Reducer 9 <- Map 8 (GROUP, 1)
#### A masked pattern was here ####
      Vertices:
        Map 10 
            Map Operator Tree:
                TableScan
                  alias: srcpart
                  Statistics: Num rows: 2000 Data size: 21248 Basic stats: COMPLETE Column stats: NONE
                  Select Operator
                    expressions: ds (type: string)
                    outputColumnNames: ds
                    Statistics: Num rows: 2000 Data size: 21248 Basic stats: COMPLETE Column stats: NONE
                    Group By Operator
                      aggregations: min(ds)
                      mode: hash
                      outputColumnNames: _col0
                      Statistics: Num rows: 1 Data size: 184 Basic stats: COMPLETE Column stats: NONE
                      Reduce Output Operator
                        sort order: 
                        Statistics: Num rows: 1 Data size: 184 Basic stats: COMPLETE Column stats: NONE
                        value expressions: _col0 (type: string)
        Map 8 
            Map Operator Tree:
                TableScan
                  alias: srcpart
                  Statistics: Num rows: 2000 Data size: 21248 Basic stats: COMPLETE Column stats: NONE
                  Select Operator
                    expressions: ds (type: string)
                    outputColumnNames: ds
                    Statistics: Num rows: 2000 Data size: 21248 Basic stats: COMPLETE Column stats: NONE
                    Group By Operator
                      aggregations: max(ds)
                      mode: hash
                      outputColumnNames: _col0
                      Statistics: Num rows: 1 Data size: 184 Basic stats: COMPLETE Column stats: NONE
                      Reduce Output Operator
                        sort order: 
                        Statistics: Num rows: 1 Data size: 184 Basic stats: COMPLETE Column stats: NONE
                        value expressions: _col0 (type: string)
        Reducer 11 
            Reduce Operator Tree:
              Group By Operator
                aggregations: min(VALUE._col0)
                mode: mergepartial
                outputColumnNames: _col0
                Statistics: Num rows: 1 Data size: 184 Basic stats: COMPLETE Column stats: NONE
                Filter Operator
                  predicate: _col0 is not null (type: boolean)
                  Statistics: Num rows: 1 Data size: 184 Basic stats: COMPLETE Column stats: NONE
                  Group By Operator
                    keys: _col0 (type: string)
                    mode: hash
                    outputColumnNames: _col0
                    Statistics: Num rows: 2 Data size: 368 Basic stats: COMPLETE Column stats: NONE
                    Select Operator
                      expressions: _col0 (type: string)
                      outputColumnNames: _col0
                      Statistics: Num rows: 2 Data size: 368 Basic stats: COMPLETE Column stats: NONE
                      Group By Operator
                        keys: _col0 (type: string)
                        mode: hash
                        outputColumnNames: _col0
                        Statistics: Num rows: 2 Data size: 368 Basic stats: COMPLETE Column stats: NONE
                        Spark Partition Pruning Sink Operator
                          Target Columns: [Map 1 -> [ds:string (ds)]]
                          Statistics: Num rows: 2 Data size: 368 Basic stats: COMPLETE Column stats: NONE
        Reducer 9 
            Reduce Operator Tree:
              Group By Operator
                aggregations: max(VALUE._col0)
                mode: mergepartial
                outputColumnNames: _col0
                Statistics: Num rows: 1 Data size: 184 Basic stats: COMPLETE Column stats: NONE
                Filter Operator
                  predicate: _col0 is not null (type: boolean)
                  Statistics: Num rows: 1 Data size: 184 Basic stats: COMPLETE Column stats: NONE
                  Group By Operator
                    keys: _col0 (type: string)
                    mode: hash
                    outputColumnNames: _col0
                    Statistics: Num rows: 2 Data size: 368 Basic stats: COMPLETE Column stats: NONE
                    Select Operator
                      expressions: _col0 (type: string)
                      outputColumnNames: _col0
                      Statistics: Num rows: 2 Data size: 368 Basic stats: COMPLETE Column stats: NONE
                      Group By Operator
                        keys: _col0 (type: string)
                        mode: hash
                        outputColumnNames: _col0
                        Statistics: Num rows: 2 Data size: 368 Basic stats: COMPLETE Column stats: NONE
                        Spark Partition Pruning Sink Operator
                          Target Columns: [Map 1 -> [ds:string (ds)]]
                          Statistics: Num rows: 2 Data size: 368 Basic stats: COMPLETE Column stats: NONE

  Stage: Stage-1
    Spark
      Edges:
        Reducer 2 <- Map 1 (PARTITION-LEVEL SORT, 4), Reducer 5 (PARTITION-LEVEL SORT, 4), Reducer 7 (PARTITION-LEVEL SORT, 4)
        Reducer 3 <- Reducer 2 (GROUP, 1)
        Reducer 5 <- Map 4 (GROUP, 1)
        Reducer 7 <- Map 6 (GROUP, 1)
#### A masked pattern was here ####
      Vertices:
        Map 1 
            Map Operator Tree:
                TableScan
                  alias: srcpart
                  filterExpr: ds is not null (type: boolean)
                  Statistics: Num rows: 2000 Data size: 21248 Basic stats: COMPLETE Column stats: NONE
                  Select Operator
                    expressions: ds (type: string)
                    outputColumnNames: _col0
                    Statistics: Num rows: 2000 Data size: 21248 Basic stats: COMPLETE Column stats: NONE
                    Reduce Output Operator
                      key expressions: _col0 (type: string)
                      sort order: +
                      Map-reduce partition columns: _col0 (type: string)
                      Statistics: Num rows: 2000 Data size: 21248 Basic stats: COMPLETE Column stats: NONE
        Map 4 
            Map Operator Tree:
                TableScan
                  alias: srcpart
                  Statistics: Num rows: 2000 Data size: 21248 Basic stats: COMPLETE Column stats: NONE
                  Select Operator
                    expressions: ds (type: string)
                    outputColumnNames: ds
                    Statistics: Num rows: 2000 Data size: 21248 Basic stats: COMPLETE Column stats: NONE
                    Group By Operator
                      aggregations: max(ds)
                      mode: hash
                      outputColumnNames: _col0
                      Statistics: Num rows: 1 Data size: 184 Basic stats: COMPLETE Column stats: NONE
                      Reduce Output Operator
                        sort order: 
                        Statistics: Num rows: 1 Data size: 184 Basic stats: COMPLETE Column stats: NONE
                        value expressions: _col0 (type: string)
        Map 6 
            Map Operator Tree:
                TableScan
                  alias: srcpart
                  Statistics: Num rows: 2000 Data size: 21248 Basic stats: COMPLETE Column stats: NONE
                  Select Operator
                    expressions: ds (type: string)
                    outputColumnNames: ds
                    Statistics: Num rows: 2000 Data size: 21248 Basic stats: COMPLETE Column stats: NONE
                    Group By Operator
                      aggregations: min(ds)
                      mode: hash
                      outputColumnNames: _col0
                      Statistics: Num rows: 1 Data size: 184 Basic stats: COMPLETE Column stats: NONE
                      Reduce Output Operator
                        sort order: 
                        Statistics: Num rows: 1 Data size: 184 Basic stats: COMPLETE Column stats: NONE
                        value expressions: _col0 (type: string)
        Reducer 2 
            Reduce Operator Tree:
              Join Operator
                condition map:
                     Left Semi Join 0 to 1
                keys:
                  0 _col0 (type: string)
                  1 _col0 (type: string)
                Statistics: Num rows: 2200 Data size: 23372 Basic stats: COMPLETE Column stats: NONE
                Group By Operator
                  aggregations: count()
                  mode: hash
                  outputColumnNames: _col0
                  Statistics: Num rows: 1 Data size: 8 Basic stats: COMPLETE Column stats: NONE
                  Reduce Output Operator
                    sort order: 
                    Statistics: Num rows: 1 Data size: 8 Basic stats: COMPLETE Column stats: NONE
                    value expressions: _col0 (type: bigint)
        Reducer 3 
            Reduce Operator Tree:
              Group By Operator
                aggregations: count(VALUE._col0)
                mode: mergepartial
                outputColumnNames: _col0
                Statistics: Num rows: 1 Data size: 8 Basic stats: COMPLETE Column stats: NONE
                File Output Operator
                  compressed: false
                  Statistics: Num rows: 1 Data size: 8 Basic stats: COMPLETE Column stats: NONE
                  table:
                      input format: org.apache.hadoop.mapred.SequenceFileInputFormat
                      output format: org.apache.hadoop.hive.ql.io.HiveSequenceFileOutputFormat
                      serde: org.apache.hadoop.hive.serde2.lazy.LazySimpleSerDe
        Reducer 5 
            Reduce Operator Tree:
              Group By Operator
                aggregations: max(VALUE._col0)
                mode: mergepartial
                outputColumnNames: _col0
                Statistics: Num rows: 1 Data size: 184 Basic stats: COMPLETE Column stats: NONE
                Filter Operator
                  predicate: _col0 is not null (type: boolean)
                  Statistics: Num rows: 1 Data size: 184 Basic stats: COMPLETE Column stats: NONE
                  Group By Operator
                    keys: _col0 (type: string)
                    mode: hash
                    outputColumnNames: _col0
                    Statistics: Num rows: 2 Data size: 368 Basic stats: COMPLETE Column stats: NONE
                    Reduce Output Operator
                      key expressions: _col0 (type: string)
                      sort order: +
                      Map-reduce partition columns: _col0 (type: string)
                      Statistics: Num rows: 2 Data size: 368 Basic stats: COMPLETE Column stats: NONE
        Reducer 7 
            Reduce Operator Tree:
              Group By Operator
                aggregations: min(VALUE._col0)
                mode: mergepartial
                outputColumnNames: _col0
                Statistics: Num rows: 1 Data size: 184 Basic stats: COMPLETE Column stats: NONE
                Filter Operator
                  predicate: _col0 is not null (type: boolean)
                  Statistics: Num rows: 1 Data size: 184 Basic stats: COMPLETE Column stats: NONE
                  Group By Operator
                    keys: _col0 (type: string)
                    mode: hash
                    outputColumnNames: _col0
                    Statistics: Num rows: 2 Data size: 368 Basic stats: COMPLETE Column stats: NONE
                    Reduce Output Operator
                      key expressions: _col0 (type: string)
                      sort order: +
                      Map-reduce partition columns: _col0 (type: string)
                      Statistics: Num rows: 2 Data size: 368 Basic stats: COMPLETE Column stats: NONE

  Stage: Stage-0
    Fetch Operator
      limit: -1
      Processor Tree:
        ListSink

PREHOOK: query: select count(*) from srcpart where srcpart.ds in (select max(srcpart.ds) from srcpart union all select min(srcpart.ds) from srcpart)
PREHOOK: type: QUERY
PREHOOK: Input: default@srcpart
PREHOOK: Input: default@srcpart@ds=2008-04-08/hr=11
PREHOOK: Input: default@srcpart@ds=2008-04-08/hr=12
PREHOOK: Input: default@srcpart@ds=2008-04-09/hr=11
PREHOOK: Input: default@srcpart@ds=2008-04-09/hr=12
PREHOOK: Output: hdfs://### HDFS PATH ###
POSTHOOK: query: select count(*) from srcpart where srcpart.ds in (select max(srcpart.ds) from srcpart union all select min(srcpart.ds) from srcpart)
POSTHOOK: type: QUERY
POSTHOOK: Input: default@srcpart
POSTHOOK: Input: default@srcpart@ds=2008-04-08/hr=11
POSTHOOK: Input: default@srcpart@ds=2008-04-08/hr=12
POSTHOOK: Input: default@srcpart@ds=2008-04-09/hr=11
POSTHOOK: Input: default@srcpart@ds=2008-04-09/hr=12
POSTHOOK: Output: hdfs://### HDFS PATH ###
2000
PREHOOK: query: EXPLAIN select distinct(ds) from srcpart where srcpart.ds in (select max(srcpart.ds) from srcpart union all select min(srcpart.ds) from srcpart)
PREHOOK: type: QUERY
POSTHOOK: query: EXPLAIN select distinct(ds) from srcpart where srcpart.ds in (select max(srcpart.ds) from srcpart union all select min(srcpart.ds) from srcpart)
POSTHOOK: type: QUERY
STAGE DEPENDENCIES:
  Stage-2 is a root stage
  Stage-1 depends on stages: Stage-2
  Stage-0 depends on stages: Stage-1

STAGE PLANS:
  Stage: Stage-2
    Spark
      Edges:
        Reducer 11 <- Map 10 (GROUP, 1)
        Reducer 9 <- Map 8 (GROUP, 1)
#### A masked pattern was here ####
      Vertices:
        Map 10 
            Map Operator Tree:
                TableScan
                  alias: srcpart
                  Statistics: Num rows: 2000 Data size: 21248 Basic stats: COMPLETE Column stats: NONE
                  Select Operator
                    expressions: ds (type: string)
                    outputColumnNames: ds
                    Statistics: Num rows: 2000 Data size: 21248 Basic stats: COMPLETE Column stats: NONE
                    Group By Operator
                      aggregations: min(ds)
                      mode: hash
                      outputColumnNames: _col0
                      Statistics: Num rows: 1 Data size: 184 Basic stats: COMPLETE Column stats: NONE
                      Reduce Output Operator
                        sort order: 
                        Statistics: Num rows: 1 Data size: 184 Basic stats: COMPLETE Column stats: NONE
                        value expressions: _col0 (type: string)
        Map 8 
            Map Operator Tree:
                TableScan
                  alias: srcpart
                  Statistics: Num rows: 2000 Data size: 21248 Basic stats: COMPLETE Column stats: NONE
                  Select Operator
                    expressions: ds (type: string)
                    outputColumnNames: ds
                    Statistics: Num rows: 2000 Data size: 21248 Basic stats: COMPLETE Column stats: NONE
                    Group By Operator
                      aggregations: max(ds)
                      mode: hash
                      outputColumnNames: _col0
                      Statistics: Num rows: 1 Data size: 184 Basic stats: COMPLETE Column stats: NONE
                      Reduce Output Operator
                        sort order: 
                        Statistics: Num rows: 1 Data size: 184 Basic stats: COMPLETE Column stats: NONE
                        value expressions: _col0 (type: string)
        Reducer 11 
            Reduce Operator Tree:
              Group By Operator
                aggregations: min(VALUE._col0)
                mode: mergepartial
                outputColumnNames: _col0
                Statistics: Num rows: 1 Data size: 184 Basic stats: COMPLETE Column stats: NONE
                Filter Operator
                  predicate: _col0 is not null (type: boolean)
                  Statistics: Num rows: 1 Data size: 184 Basic stats: COMPLETE Column stats: NONE
                  Group By Operator
                    keys: _col0 (type: string)
                    mode: hash
                    outputColumnNames: _col0
                    Statistics: Num rows: 2 Data size: 368 Basic stats: COMPLETE Column stats: NONE
                    Select Operator
                      expressions: _col0 (type: string)
                      outputColumnNames: _col0
                      Statistics: Num rows: 2 Data size: 368 Basic stats: COMPLETE Column stats: NONE
                      Group By Operator
                        keys: _col0 (type: string)
                        mode: hash
                        outputColumnNames: _col0
                        Statistics: Num rows: 2 Data size: 368 Basic stats: COMPLETE Column stats: NONE
                        Spark Partition Pruning Sink Operator
                          Target Columns: [Map 1 -> [ds:string (ds)]]
                          Statistics: Num rows: 2 Data size: 368 Basic stats: COMPLETE Column stats: NONE
        Reducer 9 
            Reduce Operator Tree:
              Group By Operator
                aggregations: max(VALUE._col0)
                mode: mergepartial
                outputColumnNames: _col0
                Statistics: Num rows: 1 Data size: 184 Basic stats: COMPLETE Column stats: NONE
                Filter Operator
                  predicate: _col0 is not null (type: boolean)
                  Statistics: Num rows: 1 Data size: 184 Basic stats: COMPLETE Column stats: NONE
                  Group By Operator
                    keys: _col0 (type: string)
                    mode: hash
                    outputColumnNames: _col0
                    Statistics: Num rows: 2 Data size: 368 Basic stats: COMPLETE Column stats: NONE
                    Select Operator
                      expressions: _col0 (type: string)
                      outputColumnNames: _col0
                      Statistics: Num rows: 2 Data size: 368 Basic stats: COMPLETE Column stats: NONE
                      Group By Operator
                        keys: _col0 (type: string)
                        mode: hash
                        outputColumnNames: _col0
                        Statistics: Num rows: 2 Data size: 368 Basic stats: COMPLETE Column stats: NONE
                        Spark Partition Pruning Sink Operator
                          Target Columns: [Map 1 -> [ds:string (ds)]]
                          Statistics: Num rows: 2 Data size: 368 Basic stats: COMPLETE Column stats: NONE

  Stage: Stage-1
    Spark
      Edges:
        Reducer 2 <- Map 1 (PARTITION-LEVEL SORT, 4), Reducer 5 (PARTITION-LEVEL SORT, 4), Reducer 7 (PARTITION-LEVEL SORT, 4)
        Reducer 3 <- Reducer 2 (GROUP, 4)
        Reducer 5 <- Map 4 (GROUP, 1)
        Reducer 7 <- Map 6 (GROUP, 1)
#### A masked pattern was here ####
      Vertices:
        Map 1 
            Map Operator Tree:
                TableScan
                  alias: srcpart
                  filterExpr: ds is not null (type: boolean)
                  Statistics: Num rows: 2000 Data size: 21248 Basic stats: COMPLETE Column stats: NONE
                  Select Operator
                    expressions: ds (type: string)
                    outputColumnNames: _col0
                    Statistics: Num rows: 2000 Data size: 21248 Basic stats: COMPLETE Column stats: NONE
                    Reduce Output Operator
                      key expressions: _col0 (type: string)
                      sort order: +
                      Map-reduce partition columns: _col0 (type: string)
                      Statistics: Num rows: 2000 Data size: 21248 Basic stats: COMPLETE Column stats: NONE
        Map 4 
            Map Operator Tree:
                TableScan
                  alias: srcpart
                  Statistics: Num rows: 2000 Data size: 21248 Basic stats: COMPLETE Column stats: NONE
                  Select Operator
                    expressions: ds (type: string)
                    outputColumnNames: ds
                    Statistics: Num rows: 2000 Data size: 21248 Basic stats: COMPLETE Column stats: NONE
                    Group By Operator
                      aggregations: max(ds)
                      mode: hash
                      outputColumnNames: _col0
                      Statistics: Num rows: 1 Data size: 184 Basic stats: COMPLETE Column stats: NONE
                      Reduce Output Operator
                        sort order: 
                        Statistics: Num rows: 1 Data size: 184 Basic stats: COMPLETE Column stats: NONE
                        value expressions: _col0 (type: string)
        Map 6 
            Map Operator Tree:
                TableScan
                  alias: srcpart
                  Statistics: Num rows: 2000 Data size: 21248 Basic stats: COMPLETE Column stats: NONE
                  Select Operator
                    expressions: ds (type: string)
                    outputColumnNames: ds
                    Statistics: Num rows: 2000 Data size: 21248 Basic stats: COMPLETE Column stats: NONE
                    Group By Operator
                      aggregations: min(ds)
                      mode: hash
                      outputColumnNames: _col0
                      Statistics: Num rows: 1 Data size: 184 Basic stats: COMPLETE Column stats: NONE
                      Reduce Output Operator
                        sort order: 
                        Statistics: Num rows: 1 Data size: 184 Basic stats: COMPLETE Column stats: NONE
                        value expressions: _col0 (type: string)
        Reducer 2 
            Reduce Operator Tree:
              Join Operator
                condition map:
                     Left Semi Join 0 to 1
                keys:
                  0 _col0 (type: string)
                  1 _col0 (type: string)
                outputColumnNames: _col0
                Statistics: Num rows: 2200 Data size: 23372 Basic stats: COMPLETE Column stats: NONE
                Group By Operator
                  keys: _col0 (type: string)
                  mode: hash
                  outputColumnNames: _col0
                  Statistics: Num rows: 2200 Data size: 23372 Basic stats: COMPLETE Column stats: NONE
                  Reduce Output Operator
                    key expressions: _col0 (type: string)
                    sort order: +
                    Map-reduce partition columns: _col0 (type: string)
                    Statistics: Num rows: 2200 Data size: 23372 Basic stats: COMPLETE Column stats: NONE
        Reducer 3 
            Reduce Operator Tree:
              Group By Operator
                keys: KEY._col0 (type: string)
                mode: mergepartial
                outputColumnNames: _col0
                Statistics: Num rows: 1100 Data size: 11686 Basic stats: COMPLETE Column stats: NONE
                File Output Operator
                  compressed: false
                  Statistics: Num rows: 1100 Data size: 11686 Basic stats: COMPLETE Column stats: NONE
                  table:
                      input format: org.apache.hadoop.mapred.SequenceFileInputFormat
                      output format: org.apache.hadoop.hive.ql.io.HiveSequenceFileOutputFormat
                      serde: org.apache.hadoop.hive.serde2.lazy.LazySimpleSerDe
        Reducer 5 
            Reduce Operator Tree:
              Group By Operator
                aggregations: max(VALUE._col0)
                mode: mergepartial
                outputColumnNames: _col0
                Statistics: Num rows: 1 Data size: 184 Basic stats: COMPLETE Column stats: NONE
                Filter Operator
                  predicate: _col0 is not null (type: boolean)
                  Statistics: Num rows: 1 Data size: 184 Basic stats: COMPLETE Column stats: NONE
                  Group By Operator
                    keys: _col0 (type: string)
                    mode: hash
                    outputColumnNames: _col0
                    Statistics: Num rows: 2 Data size: 368 Basic stats: COMPLETE Column stats: NONE
                    Reduce Output Operator
                      key expressions: _col0 (type: string)
                      sort order: +
                      Map-reduce partition columns: _col0 (type: string)
                      Statistics: Num rows: 2 Data size: 368 Basic stats: COMPLETE Column stats: NONE
        Reducer 7 
            Reduce Operator Tree:
              Group By Operator
                aggregations: min(VALUE._col0)
                mode: mergepartial
                outputColumnNames: _col0
                Statistics: Num rows: 1 Data size: 184 Basic stats: COMPLETE Column stats: NONE
                Filter Operator
                  predicate: _col0 is not null (type: boolean)
                  Statistics: Num rows: 1 Data size: 184 Basic stats: COMPLETE Column stats: NONE
                  Group By Operator
                    keys: _col0 (type: string)
                    mode: hash
                    outputColumnNames: _col0
                    Statistics: Num rows: 2 Data size: 368 Basic stats: COMPLETE Column stats: NONE
                    Reduce Output Operator
                      key expressions: _col0 (type: string)
                      sort order: +
                      Map-reduce partition columns: _col0 (type: string)
                      Statistics: Num rows: 2 Data size: 368 Basic stats: COMPLETE Column stats: NONE

  Stage: Stage-0
    Fetch Operator
      limit: -1
      Processor Tree:
        ListSink

PREHOOK: query: select distinct(ds) from srcpart where srcpart.ds in (select max(srcpart.ds) from srcpart union all select min(srcpart.ds) from srcpart)
PREHOOK: type: QUERY
PREHOOK: Input: default@srcpart
PREHOOK: Input: default@srcpart@ds=2008-04-08/hr=11
PREHOOK: Input: default@srcpart@ds=2008-04-08/hr=12
PREHOOK: Input: default@srcpart@ds=2008-04-09/hr=11
PREHOOK: Input: default@srcpart@ds=2008-04-09/hr=12
PREHOOK: Output: hdfs://### HDFS PATH ###
POSTHOOK: query: select distinct(ds) from srcpart where srcpart.ds in (select max(srcpart.ds) from srcpart union all select min(srcpart.ds) from srcpart)
POSTHOOK: type: QUERY
POSTHOOK: Input: default@srcpart
POSTHOOK: Input: default@srcpart@ds=2008-04-08/hr=11
POSTHOOK: Input: default@srcpart@ds=2008-04-08/hr=12
POSTHOOK: Input: default@srcpart@ds=2008-04-09/hr=11
POSTHOOK: Input: default@srcpart@ds=2008-04-09/hr=12
POSTHOOK: Output: hdfs://### HDFS PATH ###
2008-04-08
2008-04-09
PREHOOK: query: EXPLAIN select ds from (select distinct(ds) as ds from srcpart union all select distinct(ds) as ds from srcpart) s where s.ds in (select max(srcpart.ds) from srcpart union all select min(srcpart.ds) from srcpart)
PREHOOK: type: QUERY
POSTHOOK: query: EXPLAIN select ds from (select distinct(ds) as ds from srcpart union all select distinct(ds) as ds from srcpart) s where s.ds in (select max(srcpart.ds) from srcpart union all select min(srcpart.ds) from srcpart)
POSTHOOK: type: QUERY
STAGE DEPENDENCIES:
  Stage-2 is a root stage
  Stage-1 depends on stages: Stage-2
  Stage-0 depends on stages: Stage-1

STAGE PLANS:
  Stage: Stage-2
    Spark
      Edges:
        Reducer 11 <- Map 10 (GROUP, 1)
        Reducer 13 <- Map 12 (GROUP, 1)
#### A masked pattern was here ####
      Vertices:
        Map 10 
            Map Operator Tree:
                TableScan
                  alias: srcpart
                  Statistics: Num rows: 2000 Data size: 21248 Basic stats: COMPLETE Column stats: NONE
                  Select Operator
                    expressions: ds (type: string)
                    outputColumnNames: ds
                    Statistics: Num rows: 2000 Data size: 21248 Basic stats: COMPLETE Column stats: NONE
                    Group By Operator
                      aggregations: max(ds)
                      mode: hash
                      outputColumnNames: _col0
                      Statistics: Num rows: 1 Data size: 184 Basic stats: COMPLETE Column stats: NONE
                      Reduce Output Operator
                        sort order: 
                        Statistics: Num rows: 1 Data size: 184 Basic stats: COMPLETE Column stats: NONE
                        value expressions: _col0 (type: string)
        Map 12 
            Map Operator Tree:
                TableScan
                  alias: srcpart
                  Statistics: Num rows: 2000 Data size: 21248 Basic stats: COMPLETE Column stats: NONE
                  Select Operator
                    expressions: ds (type: string)
                    outputColumnNames: ds
                    Statistics: Num rows: 2000 Data size: 21248 Basic stats: COMPLETE Column stats: NONE
                    Group By Operator
                      aggregations: min(ds)
                      mode: hash
                      outputColumnNames: _col0
                      Statistics: Num rows: 1 Data size: 184 Basic stats: COMPLETE Column stats: NONE
                      Reduce Output Operator
                        sort order: 
                        Statistics: Num rows: 1 Data size: 184 Basic stats: COMPLETE Column stats: NONE
                        value expressions: _col0 (type: string)
        Reducer 11 
            Reduce Operator Tree:
              Group By Operator
                aggregations: max(VALUE._col0)
                mode: mergepartial
                outputColumnNames: _col0
                Statistics: Num rows: 1 Data size: 184 Basic stats: COMPLETE Column stats: NONE
                Filter Operator
                  predicate: _col0 is not null (type: boolean)
                  Statistics: Num rows: 1 Data size: 184 Basic stats: COMPLETE Column stats: NONE
                  Group By Operator
                    keys: _col0 (type: string)
                    mode: hash
                    outputColumnNames: _col0
                    Statistics: Num rows: 2 Data size: 368 Basic stats: COMPLETE Column stats: NONE
                    Select Operator
                      expressions: _col0 (type: string)
                      outputColumnNames: _col0
                      Statistics: Num rows: 2 Data size: 368 Basic stats: COMPLETE Column stats: NONE
                      Group By Operator
                        keys: _col0 (type: string)
                        mode: hash
                        outputColumnNames: _col0
                        Statistics: Num rows: 2 Data size: 368 Basic stats: COMPLETE Column stats: NONE
                        Spark Partition Pruning Sink Operator
                          Target Columns: [Map 1 -> [ds:string (ds)]]
                          Statistics: Num rows: 2 Data size: 368 Basic stats: COMPLETE Column stats: NONE
        Reducer 13 
            Reduce Operator Tree:
              Group By Operator
                aggregations: min(VALUE._col0)
                mode: mergepartial
                outputColumnNames: _col0
                Statistics: Num rows: 1 Data size: 184 Basic stats: COMPLETE Column stats: NONE
                Filter Operator
                  predicate: _col0 is not null (type: boolean)
                  Statistics: Num rows: 1 Data size: 184 Basic stats: COMPLETE Column stats: NONE
                  Group By Operator
                    keys: _col0 (type: string)
                    mode: hash
                    outputColumnNames: _col0
                    Statistics: Num rows: 2 Data size: 368 Basic stats: COMPLETE Column stats: NONE
                    Select Operator
                      expressions: _col0 (type: string)
                      outputColumnNames: _col0
                      Statistics: Num rows: 2 Data size: 368 Basic stats: COMPLETE Column stats: NONE
                      Group By Operator
                        keys: _col0 (type: string)
                        mode: hash
                        outputColumnNames: _col0
                        Statistics: Num rows: 2 Data size: 368 Basic stats: COMPLETE Column stats: NONE
                        Spark Partition Pruning Sink Operator
                          Target Columns: [Map 1 -> [ds:string (ds)]]
                          Statistics: Num rows: 2 Data size: 368 Basic stats: COMPLETE Column stats: NONE

  Stage: Stage-1
    Spark
      Edges:
        Reducer 2 <- Map 1 (GROUP, 4)
        Reducer 3 <- Reducer 2 (PARTITION-LEVEL SORT, 4), Reducer 2 (PARTITION-LEVEL SORT, 4), Reducer 7 (PARTITION-LEVEL SORT, 4), Reducer 9 (PARTITION-LEVEL SORT, 4)
        Reducer 7 <- Map 6 (GROUP, 1)
        Reducer 9 <- Map 8 (GROUP, 1)
#### A masked pattern was here ####
      Vertices:
        Map 1 
            Map Operator Tree:
                TableScan
                  alias: srcpart
                  filterExpr: ds is not null (type: boolean)
                  Statistics: Num rows: 2000 Data size: 21248 Basic stats: COMPLETE Column stats: NONE
                  Group By Operator
                    keys: ds (type: string)
                    mode: hash
                    outputColumnNames: _col0
                    Statistics: Num rows: 2000 Data size: 21248 Basic stats: COMPLETE Column stats: NONE
                    Reduce Output Operator
                      key expressions: _col0 (type: string)
                      sort order: +
                      Map-reduce partition columns: _col0 (type: string)
                      Statistics: Num rows: 2000 Data size: 21248 Basic stats: COMPLETE Column stats: NONE
        Map 6 
            Map Operator Tree:
                TableScan
                  alias: srcpart
                  Statistics: Num rows: 2000 Data size: 21248 Basic stats: COMPLETE Column stats: NONE
                  Select Operator
                    expressions: ds (type: string)
                    outputColumnNames: ds
                    Statistics: Num rows: 2000 Data size: 21248 Basic stats: COMPLETE Column stats: NONE
                    Group By Operator
                      aggregations: max(ds)
                      mode: hash
                      outputColumnNames: _col0
                      Statistics: Num rows: 1 Data size: 184 Basic stats: COMPLETE Column stats: NONE
                      Reduce Output Operator
                        sort order: 
                        Statistics: Num rows: 1 Data size: 184 Basic stats: COMPLETE Column stats: NONE
                        value expressions: _col0 (type: string)
        Map 8 
            Map Operator Tree:
                TableScan
                  alias: srcpart
                  Statistics: Num rows: 2000 Data size: 21248 Basic stats: COMPLETE Column stats: NONE
                  Select Operator
                    expressions: ds (type: string)
                    outputColumnNames: ds
                    Statistics: Num rows: 2000 Data size: 21248 Basic stats: COMPLETE Column stats: NONE
                    Group By Operator
                      aggregations: min(ds)
                      mode: hash
                      outputColumnNames: _col0
                      Statistics: Num rows: 1 Data size: 184 Basic stats: COMPLETE Column stats: NONE
                      Reduce Output Operator
                        sort order: 
                        Statistics: Num rows: 1 Data size: 184 Basic stats: COMPLETE Column stats: NONE
                        value expressions: _col0 (type: string)
        Reducer 2 
            Reduce Operator Tree:
              Group By Operator
                keys: KEY._col0 (type: string)
                mode: mergepartial
                outputColumnNames: _col0
                Statistics: Num rows: 1000 Data size: 10624 Basic stats: COMPLETE Column stats: NONE
                Reduce Output Operator
                  key expressions: _col0 (type: string)
                  sort order: +
                  Map-reduce partition columns: _col0 (type: string)
                  Statistics: Num rows: 2000 Data size: 21248 Basic stats: COMPLETE Column stats: NONE
        Reducer 3 
            Reduce Operator Tree:
              Join Operator
                condition map:
                     Left Semi Join 0 to 1
                keys:
                  0 _col0 (type: string)
                  1 _col0 (type: string)
                outputColumnNames: _col0
                Statistics: Num rows: 2200 Data size: 23372 Basic stats: COMPLETE Column stats: NONE
                File Output Operator
                  compressed: false
                  Statistics: Num rows: 2200 Data size: 23372 Basic stats: COMPLETE Column stats: NONE
                  table:
                      input format: org.apache.hadoop.mapred.SequenceFileInputFormat
                      output format: org.apache.hadoop.hive.ql.io.HiveSequenceFileOutputFormat
                      serde: org.apache.hadoop.hive.serde2.lazy.LazySimpleSerDe
        Reducer 7 
            Reduce Operator Tree:
              Group By Operator
                aggregations: max(VALUE._col0)
                mode: mergepartial
                outputColumnNames: _col0
                Statistics: Num rows: 1 Data size: 184 Basic stats: COMPLETE Column stats: NONE
                Filter Operator
                  predicate: _col0 is not null (type: boolean)
                  Statistics: Num rows: 1 Data size: 184 Basic stats: COMPLETE Column stats: NONE
                  Group By Operator
                    keys: _col0 (type: string)
                    mode: hash
                    outputColumnNames: _col0
                    Statistics: Num rows: 2 Data size: 368 Basic stats: COMPLETE Column stats: NONE
                    Reduce Output Operator
                      key expressions: _col0 (type: string)
                      sort order: +
                      Map-reduce partition columns: _col0 (type: string)
                      Statistics: Num rows: 2 Data size: 368 Basic stats: COMPLETE Column stats: NONE
        Reducer 9 
            Reduce Operator Tree:
              Group By Operator
                aggregations: min(VALUE._col0)
                mode: mergepartial
                outputColumnNames: _col0
                Statistics: Num rows: 1 Data size: 184 Basic stats: COMPLETE Column stats: NONE
                Filter Operator
                  predicate: _col0 is not null (type: boolean)
                  Statistics: Num rows: 1 Data size: 184 Basic stats: COMPLETE Column stats: NONE
                  Group By Operator
                    keys: _col0 (type: string)
                    mode: hash
                    outputColumnNames: _col0
                    Statistics: Num rows: 2 Data size: 368 Basic stats: COMPLETE Column stats: NONE
                    Reduce Output Operator
                      key expressions: _col0 (type: string)
                      sort order: +
                      Map-reduce partition columns: _col0 (type: string)
                      Statistics: Num rows: 2 Data size: 368 Basic stats: COMPLETE Column stats: NONE

  Stage: Stage-0
    Fetch Operator
      limit: -1
      Processor Tree:
        ListSink

PREHOOK: query: select ds from (select distinct(ds) as ds from srcpart union all select distinct(ds) as ds from srcpart) s where s.ds in (select max(srcpart.ds) from srcpart union all select min(srcpart.ds) from srcpart)
PREHOOK: type: QUERY
PREHOOK: Input: default@srcpart
PREHOOK: Input: default@srcpart@ds=2008-04-08/hr=11
PREHOOK: Input: default@srcpart@ds=2008-04-08/hr=12
PREHOOK: Input: default@srcpart@ds=2008-04-09/hr=11
PREHOOK: Input: default@srcpart@ds=2008-04-09/hr=12
PREHOOK: Output: hdfs://### HDFS PATH ###
POSTHOOK: query: select ds from (select distinct(ds) as ds from srcpart union all select distinct(ds) as ds from srcpart) s where s.ds in (select max(srcpart.ds) from srcpart union all select min(srcpart.ds) from srcpart)
POSTHOOK: type: QUERY
POSTHOOK: Input: default@srcpart
POSTHOOK: Input: default@srcpart@ds=2008-04-08/hr=11
POSTHOOK: Input: default@srcpart@ds=2008-04-08/hr=12
POSTHOOK: Input: default@srcpart@ds=2008-04-09/hr=11
POSTHOOK: Input: default@srcpart@ds=2008-04-09/hr=12
POSTHOOK: Output: hdfs://### HDFS PATH ###
2008-04-08
2008-04-08
2008-04-09
2008-04-09
PREHOOK: query: EXPLAIN select count(*) from srcpart join srcpart_date_n4 on (srcpart.ds = srcpart_date_n4.ds) where srcpart_date_n4.`date` = '2008-04-08'
PREHOOK: type: QUERY
POSTHOOK: query: EXPLAIN select count(*) from srcpart join srcpart_date_n4 on (srcpart.ds = srcpart_date_n4.ds) where srcpart_date_n4.`date` = '2008-04-08'
POSTHOOK: type: QUERY
STAGE DEPENDENCIES:
  Stage-2 is a root stage
  Stage-1 depends on stages: Stage-2
  Stage-0 depends on stages: Stage-1

STAGE PLANS:
  Stage: Stage-2
    Spark
#### A masked pattern was here ####
      Vertices:
        Map 3 
            Map Operator Tree:
                TableScan
                  alias: srcpart_date_n4
                  filterExpr: ((date = '2008-04-08') and ds is not null) (type: boolean)
                  Statistics: Num rows: 2 Data size: 42 Basic stats: COMPLETE Column stats: NONE
                  Filter Operator
                    predicate: ((date = '2008-04-08') and ds is not null) (type: boolean)
                    Statistics: Num rows: 1 Data size: 21 Basic stats: COMPLETE Column stats: NONE
                    Select Operator
                      expressions: ds (type: string)
                      outputColumnNames: _col0
                      Statistics: Num rows: 1 Data size: 21 Basic stats: COMPLETE Column stats: NONE
                      Spark HashTable Sink Operator
                        keys:
                          0 _col0 (type: string)
                          1 _col0 (type: string)
                      Select Operator
                        expressions: _col0 (type: string)
                        outputColumnNames: _col0
                        Statistics: Num rows: 1 Data size: 21 Basic stats: COMPLETE Column stats: NONE
                        Group By Operator
                          keys: _col0 (type: string)
                          mode: hash
                          outputColumnNames: _col0
                          Statistics: Num rows: 1 Data size: 21 Basic stats: COMPLETE Column stats: NONE
                          Spark Partition Pruning Sink Operator
                            Target Columns: [Map 1 -> [ds:string (ds)]]
                            Statistics: Num rows: 1 Data size: 21 Basic stats: COMPLETE Column stats: NONE
            Local Work:
              Map Reduce Local Work

  Stage: Stage-1
    Spark
      Edges:
        Reducer 2 <- Map 1 (GROUP, 1)
#### A masked pattern was here ####
      Vertices:
        Map 1 
            Map Operator Tree:
                TableScan
                  alias: srcpart
                  filterExpr: ds is not null (type: boolean)
                  Statistics: Num rows: 2000 Data size: 21248 Basic stats: COMPLETE Column stats: NONE
                  Select Operator
                    expressions: ds (type: string)
                    outputColumnNames: _col0
                    Statistics: Num rows: 2000 Data size: 21248 Basic stats: COMPLETE Column stats: NONE
                    Map Join Operator
                      condition map:
                           Inner Join 0 to 1
                      keys:
                        0 _col0 (type: string)
                        1 _col0 (type: string)
                      input vertices:
                        1 Map 3
                      Statistics: Num rows: 2200 Data size: 23372 Basic stats: COMPLETE Column stats: NONE
                      Group By Operator
                        aggregations: count()
                        mode: hash
                        outputColumnNames: _col0
                        Statistics: Num rows: 1 Data size: 8 Basic stats: COMPLETE Column stats: NONE
                        Reduce Output Operator
                          sort order: 
                          Statistics: Num rows: 1 Data size: 8 Basic stats: COMPLETE Column stats: NONE
                          value expressions: _col0 (type: bigint)
            Local Work:
              Map Reduce Local Work
        Reducer 2 
            Reduce Operator Tree:
              Group By Operator
                aggregations: count(VALUE._col0)
                mode: mergepartial
                outputColumnNames: _col0
                Statistics: Num rows: 1 Data size: 8 Basic stats: COMPLETE Column stats: NONE
                File Output Operator
                  compressed: false
                  Statistics: Num rows: 1 Data size: 8 Basic stats: COMPLETE Column stats: NONE
                  table:
                      input format: org.apache.hadoop.mapred.SequenceFileInputFormat
                      output format: org.apache.hadoop.hive.ql.io.HiveSequenceFileOutputFormat
                      serde: org.apache.hadoop.hive.serde2.lazy.LazySimpleSerDe

  Stage: Stage-0
    Fetch Operator
      limit: -1
      Processor Tree:
        ListSink

PREHOOK: query: select count(*) from srcpart join srcpart_date_n4 on (srcpart.ds = srcpart_date_n4.ds) where srcpart_date_n4.`date` = '2008-04-08'
PREHOOK: type: QUERY
PREHOOK: Input: default@srcpart
PREHOOK: Input: default@srcpart@ds=2008-04-08/hr=11
PREHOOK: Input: default@srcpart@ds=2008-04-08/hr=12
PREHOOK: Input: default@srcpart@ds=2008-04-09/hr=11
PREHOOK: Input: default@srcpart@ds=2008-04-09/hr=12
PREHOOK: Input: default@srcpart_date_n4
PREHOOK: Output: hdfs://### HDFS PATH ###
POSTHOOK: query: select count(*) from srcpart join srcpart_date_n4 on (srcpart.ds = srcpart_date_n4.ds) where srcpart_date_n4.`date` = '2008-04-08'
POSTHOOK: type: QUERY
POSTHOOK: Input: default@srcpart
POSTHOOK: Input: default@srcpart@ds=2008-04-08/hr=11
POSTHOOK: Input: default@srcpart@ds=2008-04-08/hr=12
POSTHOOK: Input: default@srcpart@ds=2008-04-09/hr=11
POSTHOOK: Input: default@srcpart@ds=2008-04-09/hr=12
POSTHOOK: Input: default@srcpart_date_n4
POSTHOOK: Output: hdfs://### HDFS PATH ###
1000
PREHOOK: query: select count(*) from srcpart where ds = '2008-04-08'
PREHOOK: type: QUERY
PREHOOK: Input: default@srcpart
PREHOOK: Output: hdfs://### HDFS PATH ###
POSTHOOK: query: select count(*) from srcpart where ds = '2008-04-08'
POSTHOOK: type: QUERY
POSTHOOK: Input: default@srcpart
POSTHOOK: Output: hdfs://### HDFS PATH ###
1000
PREHOOK: query: EXPLAIN select count(*) from srcpart join srcpart_date_n4 on (day(srcpart.ds) = day(srcpart_date_n4.ds)) where srcpart_date_n4.`date` = '2008-04-08'
PREHOOK: type: QUERY
POSTHOOK: query: EXPLAIN select count(*) from srcpart join srcpart_date_n4 on (day(srcpart.ds) = day(srcpart_date_n4.ds)) where srcpart_date_n4.`date` = '2008-04-08'
POSTHOOK: type: QUERY
STAGE DEPENDENCIES:
  Stage-2 is a root stage
  Stage-1 depends on stages: Stage-2
  Stage-0 depends on stages: Stage-1

STAGE PLANS:
  Stage: Stage-2
    Spark
#### A masked pattern was here ####
      Vertices:
        Map 3 
            Map Operator Tree:
                TableScan
                  alias: srcpart_date_n4
                  filterExpr: (date = '2008-04-08') (type: boolean)
                  Statistics: Num rows: 2 Data size: 42 Basic stats: COMPLETE Column stats: NONE
                  Filter Operator
                    predicate: (date = '2008-04-08') (type: boolean)
                    Statistics: Num rows: 1 Data size: 21 Basic stats: COMPLETE Column stats: NONE
                    Select Operator
                      expressions: ds (type: string)
                      outputColumnNames: _col0
                      Statistics: Num rows: 1 Data size: 21 Basic stats: COMPLETE Column stats: NONE
                      Spark HashTable Sink Operator
                        keys:
                          0 day(CAST( _col0 AS DATE)) (type: int)
                          1 day(CAST( _col0 AS DATE)) (type: int)
                      Select Operator
                        expressions: day(CAST( _col0 AS DATE)) (type: int)
                        outputColumnNames: _col0
                        Statistics: Num rows: 1 Data size: 21 Basic stats: COMPLETE Column stats: NONE
                        Group By Operator
                          keys: _col0 (type: int)
                          mode: hash
                          outputColumnNames: _col0
                          Statistics: Num rows: 1 Data size: 21 Basic stats: COMPLETE Column stats: NONE
                          Spark Partition Pruning Sink Operator
                            Target Columns: [Map 1 -> [ds:string (day(CAST( ds AS DATE)))]]
                            Statistics: Num rows: 1 Data size: 21 Basic stats: COMPLETE Column stats: NONE
            Local Work:
              Map Reduce Local Work

  Stage: Stage-1
    Spark
      Edges:
        Reducer 2 <- Map 1 (GROUP, 1)
#### A masked pattern was here ####
      Vertices:
        Map 1 
            Map Operator Tree:
                TableScan
                  alias: srcpart
                  Statistics: Num rows: 2000 Data size: 21248 Basic stats: COMPLETE Column stats: NONE
                  Select Operator
                    expressions: ds (type: string)
                    outputColumnNames: _col0
                    Statistics: Num rows: 2000 Data size: 21248 Basic stats: COMPLETE Column stats: NONE
                    Map Join Operator
                      condition map:
                           Inner Join 0 to 1
                      keys:
                        0 day(CAST( _col0 AS DATE)) (type: int)
                        1 day(CAST( _col0 AS DATE)) (type: int)
                      input vertices:
                        1 Map 3
                      Statistics: Num rows: 2200 Data size: 23372 Basic stats: COMPLETE Column stats: NONE
                      Group By Operator
                        aggregations: count()
                        mode: hash
                        outputColumnNames: _col0
                        Statistics: Num rows: 1 Data size: 8 Basic stats: COMPLETE Column stats: NONE
                        Reduce Output Operator
                          sort order: 
                          Statistics: Num rows: 1 Data size: 8 Basic stats: COMPLETE Column stats: NONE
                          value expressions: _col0 (type: bigint)
            Local Work:
              Map Reduce Local Work
        Reducer 2 
            Reduce Operator Tree:
              Group By Operator
                aggregations: count(VALUE._col0)
                mode: mergepartial
                outputColumnNames: _col0
                Statistics: Num rows: 1 Data size: 8 Basic stats: COMPLETE Column stats: NONE
                File Output Operator
                  compressed: false
                  Statistics: Num rows: 1 Data size: 8 Basic stats: COMPLETE Column stats: NONE
                  table:
                      input format: org.apache.hadoop.mapred.SequenceFileInputFormat
                      output format: org.apache.hadoop.hive.ql.io.HiveSequenceFileOutputFormat
                      serde: org.apache.hadoop.hive.serde2.lazy.LazySimpleSerDe

  Stage: Stage-0
    Fetch Operator
      limit: -1
      Processor Tree:
        ListSink

PREHOOK: query: select count(*) from srcpart join srcpart_date_n4 on (day(srcpart.ds) = day(srcpart_date_n4.ds)) where srcpart_date_n4.`date` = '2008-04-08'
PREHOOK: type: QUERY
PREHOOK: Input: default@srcpart
PREHOOK: Input: default@srcpart@ds=2008-04-08/hr=11
PREHOOK: Input: default@srcpart@ds=2008-04-08/hr=12
PREHOOK: Input: default@srcpart@ds=2008-04-09/hr=11
PREHOOK: Input: default@srcpart@ds=2008-04-09/hr=12
PREHOOK: Input: default@srcpart_date_n4
PREHOOK: Output: hdfs://### HDFS PATH ###
POSTHOOK: query: select count(*) from srcpart join srcpart_date_n4 on (day(srcpart.ds) = day(srcpart_date_n4.ds)) where srcpart_date_n4.`date` = '2008-04-08'
POSTHOOK: type: QUERY
POSTHOOK: Input: default@srcpart
POSTHOOK: Input: default@srcpart@ds=2008-04-08/hr=11
POSTHOOK: Input: default@srcpart@ds=2008-04-08/hr=12
POSTHOOK: Input: default@srcpart@ds=2008-04-09/hr=11
POSTHOOK: Input: default@srcpart@ds=2008-04-09/hr=12
POSTHOOK: Input: default@srcpart_date_n4
POSTHOOK: Output: hdfs://### HDFS PATH ###
1000
PREHOOK: query: EXPLAIN select count(*) from srcpart join srcpart_date_n4 on (srcpart.ds = srcpart_date_n4.ds) join srcpart_hour_n1 on (srcpart.hr = srcpart_hour_n1.hr) 
where srcpart_date_n4.`date` = '2008-04-08' and srcpart_hour_n1.hour = 11
PREHOOK: type: QUERY
POSTHOOK: query: EXPLAIN select count(*) from srcpart join srcpart_date_n4 on (srcpart.ds = srcpart_date_n4.ds) join srcpart_hour_n1 on (srcpart.hr = srcpart_hour_n1.hr) 
where srcpart_date_n4.`date` = '2008-04-08' and srcpart_hour_n1.hour = 11
POSTHOOK: type: QUERY
STAGE DEPENDENCIES:
  Stage-2 is a root stage
  Stage-1 depends on stages: Stage-2
  Stage-0 depends on stages: Stage-1

STAGE PLANS:
  Stage: Stage-2
    Spark
#### A masked pattern was here ####
      Vertices:
        Map 3 
            Map Operator Tree:
                TableScan
                  alias: srcpart_date_n4
                  filterExpr: ((date = '2008-04-08') and ds is not null) (type: boolean)
                  Statistics: Num rows: 2 Data size: 42 Basic stats: COMPLETE Column stats: NONE
                  Filter Operator
                    predicate: ((date = '2008-04-08') and ds is not null) (type: boolean)
                    Statistics: Num rows: 1 Data size: 21 Basic stats: COMPLETE Column stats: NONE
                    Select Operator
                      expressions: ds (type: string)
                      outputColumnNames: _col0
                      Statistics: Num rows: 1 Data size: 21 Basic stats: COMPLETE Column stats: NONE
                      Spark HashTable Sink Operator
                        keys:
                          0 _col0 (type: string)
                          1 _col0 (type: string)
                      Select Operator
                        expressions: _col0 (type: string)
                        outputColumnNames: _col0
                        Statistics: Num rows: 1 Data size: 21 Basic stats: COMPLETE Column stats: NONE
                        Group By Operator
                          keys: _col0 (type: string)
                          mode: hash
                          outputColumnNames: _col0
                          Statistics: Num rows: 1 Data size: 21 Basic stats: COMPLETE Column stats: NONE
                          Spark Partition Pruning Sink Operator
                            Target Columns: [Map 1 -> [ds:string (ds)]]
                            Statistics: Num rows: 1 Data size: 21 Basic stats: COMPLETE Column stats: NONE
            Local Work:
              Map Reduce Local Work
        Map 4 
            Map Operator Tree:
                TableScan
                  alias: srcpart_hour_n1
                  filterExpr: ((UDFToDouble(hour) = 11.0D) and hr is not null) (type: boolean)
                  Statistics: Num rows: 2 Data size: 10 Basic stats: COMPLETE Column stats: NONE
                  Filter Operator
                    predicate: ((UDFToDouble(hour) = 11.0D) and hr is not null) (type: boolean)
                    Statistics: Num rows: 1 Data size: 5 Basic stats: COMPLETE Column stats: NONE
                    Select Operator
                      expressions: hr (type: string)
                      outputColumnNames: _col0
                      Statistics: Num rows: 1 Data size: 5 Basic stats: COMPLETE Column stats: NONE
                      Spark HashTable Sink Operator
                        keys:
                          0 _col1 (type: string)
                          1 _col0 (type: string)
                      Select Operator
                        expressions: _col0 (type: string)
                        outputColumnNames: _col0
                        Statistics: Num rows: 1 Data size: 5 Basic stats: COMPLETE Column stats: NONE
                        Group By Operator
                          keys: _col0 (type: string)
                          mode: hash
                          outputColumnNames: _col0
                          Statistics: Num rows: 1 Data size: 5 Basic stats: COMPLETE Column stats: NONE
                          Spark Partition Pruning Sink Operator
                            Target Columns: [Map 1 -> [hr:string (hr)]]
                            Statistics: Num rows: 1 Data size: 5 Basic stats: COMPLETE Column stats: NONE
            Local Work:
              Map Reduce Local Work

  Stage: Stage-1
    Spark
      Edges:
        Reducer 2 <- Map 1 (GROUP, 1)
#### A masked pattern was here ####
      Vertices:
        Map 1 
            Map Operator Tree:
                TableScan
                  alias: srcpart
                  Statistics: Num rows: 2000 Data size: 21248 Basic stats: COMPLETE Column stats: NONE
                  Select Operator
                    expressions: ds (type: string), hr (type: string)
                    outputColumnNames: _col0, _col1
                    Statistics: Num rows: 2000 Data size: 21248 Basic stats: COMPLETE Column stats: NONE
                    Map Join Operator
                      condition map:
                           Inner Join 0 to 1
                      keys:
                        0 _col0 (type: string)
                        1 _col0 (type: string)
                      outputColumnNames: _col1
                      input vertices:
                        1 Map 3
                      Statistics: Num rows: 2200 Data size: 23372 Basic stats: COMPLETE Column stats: NONE
                      Map Join Operator
                        condition map:
                             Inner Join 0 to 1
                        keys:
                          0 _col1 (type: string)
                          1 _col0 (type: string)
                        input vertices:
                          1 Map 4
                        Statistics: Num rows: 2420 Data size: 25709 Basic stats: COMPLETE Column stats: NONE
                        Group By Operator
                          aggregations: count()
                          mode: hash
                          outputColumnNames: _col0
                          Statistics: Num rows: 1 Data size: 8 Basic stats: COMPLETE Column stats: NONE
                          Reduce Output Operator
                            sort order: 
                            Statistics: Num rows: 1 Data size: 8 Basic stats: COMPLETE Column stats: NONE
                            value expressions: _col0 (type: bigint)
            Local Work:
              Map Reduce Local Work
        Reducer 2 
            Reduce Operator Tree:
              Group By Operator
                aggregations: count(VALUE._col0)
                mode: mergepartial
                outputColumnNames: _col0
                Statistics: Num rows: 1 Data size: 8 Basic stats: COMPLETE Column stats: NONE
                File Output Operator
                  compressed: false
                  Statistics: Num rows: 1 Data size: 8 Basic stats: COMPLETE Column stats: NONE
                  table:
                      input format: org.apache.hadoop.mapred.SequenceFileInputFormat
                      output format: org.apache.hadoop.hive.ql.io.HiveSequenceFileOutputFormat
                      serde: org.apache.hadoop.hive.serde2.lazy.LazySimpleSerDe

  Stage: Stage-0
    Fetch Operator
      limit: -1
      Processor Tree:
        ListSink

PREHOOK: query: select count(*) from srcpart join srcpart_date_n4 on (srcpart.ds = srcpart_date_n4.ds) join srcpart_hour_n1 on (srcpart.hr = srcpart_hour_n1.hr) 
where srcpart_date_n4.`date` = '2008-04-08' and srcpart_hour_n1.hour = 11
PREHOOK: type: QUERY
PREHOOK: Input: default@srcpart
PREHOOK: Input: default@srcpart@ds=2008-04-08/hr=11
PREHOOK: Input: default@srcpart@ds=2008-04-08/hr=12
PREHOOK: Input: default@srcpart@ds=2008-04-09/hr=11
PREHOOK: Input: default@srcpart@ds=2008-04-09/hr=12
PREHOOK: Input: default@srcpart_date_n4
PREHOOK: Input: default@srcpart_hour_n1
PREHOOK: Output: hdfs://### HDFS PATH ###
POSTHOOK: query: select count(*) from srcpart join srcpart_date_n4 on (srcpart.ds = srcpart_date_n4.ds) join srcpart_hour_n1 on (srcpart.hr = srcpart_hour_n1.hr) 
where srcpart_date_n4.`date` = '2008-04-08' and srcpart_hour_n1.hour = 11
POSTHOOK: type: QUERY
POSTHOOK: Input: default@srcpart
POSTHOOK: Input: default@srcpart@ds=2008-04-08/hr=11
POSTHOOK: Input: default@srcpart@ds=2008-04-08/hr=12
POSTHOOK: Input: default@srcpart@ds=2008-04-09/hr=11
POSTHOOK: Input: default@srcpart@ds=2008-04-09/hr=12
POSTHOOK: Input: default@srcpart_date_n4
POSTHOOK: Input: default@srcpart_hour_n1
POSTHOOK: Output: hdfs://### HDFS PATH ###
500
PREHOOK: query: select count(*) from srcpart where hr = 11 and ds = '2008-04-08'
PREHOOK: type: QUERY
PREHOOK: Input: default@srcpart
PREHOOK: Output: hdfs://### HDFS PATH ###
POSTHOOK: query: select count(*) from srcpart where hr = 11 and ds = '2008-04-08'
POSTHOOK: type: QUERY
POSTHOOK: Input: default@srcpart
POSTHOOK: Output: hdfs://### HDFS PATH ###
500
PREHOOK: query: EXPLAIN select count(*) from srcpart join srcpart_date_hour_n1 on (srcpart.ds = srcpart_date_hour_n1.ds and srcpart.hr = srcpart_date_hour_n1.hr) where srcpart_date_hour_n1.`date` = '2008-04-08' and srcpart_date_hour_n1.hour = 11
PREHOOK: type: QUERY
POSTHOOK: query: EXPLAIN select count(*) from srcpart join srcpart_date_hour_n1 on (srcpart.ds = srcpart_date_hour_n1.ds and srcpart.hr = srcpart_date_hour_n1.hr) where srcpart_date_hour_n1.`date` = '2008-04-08' and srcpart_date_hour_n1.hour = 11
POSTHOOK: type: QUERY
STAGE DEPENDENCIES:
  Stage-2 is a root stage
  Stage-1 depends on stages: Stage-2
  Stage-0 depends on stages: Stage-1

STAGE PLANS:
  Stage: Stage-2
    Spark
#### A masked pattern was here ####
      Vertices:
        Map 3 
            Map Operator Tree:
                TableScan
                  alias: srcpart_date_hour_n1
                  filterExpr: ((date = '2008-04-08') and (UDFToDouble(hour) = 11.0D) and ds is not null and hr is not null) (type: boolean)
                  Statistics: Num rows: 4 Data size: 108 Basic stats: COMPLETE Column stats: NONE
                  Filter Operator
                    predicate: ((UDFToDouble(hour) = 11.0D) and (date = '2008-04-08') and ds is not null and hr is not null) (type: boolean)
                    Statistics: Num rows: 1 Data size: 27 Basic stats: COMPLETE Column stats: NONE
                    Select Operator
                      expressions: ds (type: string), hr (type: string)
                      outputColumnNames: _col0, _col2
                      Statistics: Num rows: 1 Data size: 27 Basic stats: COMPLETE Column stats: NONE
                      Spark HashTable Sink Operator
                        keys:
                          0 _col0 (type: string), _col1 (type: string)
                          1 _col0 (type: string), _col2 (type: string)
                      Select Operator
                        expressions: _col0 (type: string)
                        outputColumnNames: _col0
                        Statistics: Num rows: 1 Data size: 27 Basic stats: COMPLETE Column stats: NONE
                        Group By Operator
                          keys: _col0 (type: string)
                          mode: hash
                          outputColumnNames: _col0
                          Statistics: Num rows: 1 Data size: 27 Basic stats: COMPLETE Column stats: NONE
                          Spark Partition Pruning Sink Operator
                            Target Columns: [Map 1 -> [ds:string (ds)]]
                            Statistics: Num rows: 1 Data size: 27 Basic stats: COMPLETE Column stats: NONE
                      Select Operator
                        expressions: _col2 (type: string)
                        outputColumnNames: _col0
                        Statistics: Num rows: 1 Data size: 27 Basic stats: COMPLETE Column stats: NONE
                        Group By Operator
                          keys: _col0 (type: string)
                          mode: hash
                          outputColumnNames: _col0
                          Statistics: Num rows: 1 Data size: 27 Basic stats: COMPLETE Column stats: NONE
                          Spark Partition Pruning Sink Operator
                            Target Columns: [Map 1 -> [hr:string (hr)]]
                            Statistics: Num rows: 1 Data size: 27 Basic stats: COMPLETE Column stats: NONE
            Local Work:
              Map Reduce Local Work

  Stage: Stage-1
    Spark
      Edges:
        Reducer 2 <- Map 1 (GROUP, 1)
#### A masked pattern was here ####
      Vertices:
        Map 1 
            Map Operator Tree:
                TableScan
                  alias: srcpart
                  Statistics: Num rows: 2000 Data size: 21248 Basic stats: COMPLETE Column stats: NONE
                  Select Operator
                    expressions: ds (type: string), hr (type: string)
                    outputColumnNames: _col0, _col1
                    Statistics: Num rows: 2000 Data size: 21248 Basic stats: COMPLETE Column stats: NONE
                    Map Join Operator
                      condition map:
                           Inner Join 0 to 1
                      keys:
                        0 _col0 (type: string), _col1 (type: string)
                        1 _col0 (type: string), _col2 (type: string)
                      input vertices:
                        1 Map 3
                      Statistics: Num rows: 2200 Data size: 23372 Basic stats: COMPLETE Column stats: NONE
                      Group By Operator
                        aggregations: count()
                        mode: hash
                        outputColumnNames: _col0
                        Statistics: Num rows: 1 Data size: 8 Basic stats: COMPLETE Column stats: NONE
                        Reduce Output Operator
                          sort order: 
                          Statistics: Num rows: 1 Data size: 8 Basic stats: COMPLETE Column stats: NONE
                          value expressions: _col0 (type: bigint)
            Local Work:
              Map Reduce Local Work
        Reducer 2 
            Reduce Operator Tree:
              Group By Operator
                aggregations: count(VALUE._col0)
                mode: mergepartial
                outputColumnNames: _col0
                Statistics: Num rows: 1 Data size: 8 Basic stats: COMPLETE Column stats: NONE
                File Output Operator
                  compressed: false
                  Statistics: Num rows: 1 Data size: 8 Basic stats: COMPLETE Column stats: NONE
                  table:
                      input format: org.apache.hadoop.mapred.SequenceFileInputFormat
                      output format: org.apache.hadoop.hive.ql.io.HiveSequenceFileOutputFormat
                      serde: org.apache.hadoop.hive.serde2.lazy.LazySimpleSerDe

  Stage: Stage-0
    Fetch Operator
      limit: -1
      Processor Tree:
        ListSink

PREHOOK: query: select count(*) from srcpart join srcpart_date_hour_n1 on (srcpart.ds = srcpart_date_hour_n1.ds and srcpart.hr = srcpart_date_hour_n1.hr) where srcpart_date_hour_n1.`date` = '2008-04-08' and srcpart_date_hour_n1.hour = 11
PREHOOK: type: QUERY
PREHOOK: Input: default@srcpart
PREHOOK: Input: default@srcpart@ds=2008-04-08/hr=11
PREHOOK: Input: default@srcpart@ds=2008-04-08/hr=12
PREHOOK: Input: default@srcpart@ds=2008-04-09/hr=11
PREHOOK: Input: default@srcpart@ds=2008-04-09/hr=12
PREHOOK: Input: default@srcpart_date_hour_n1
PREHOOK: Output: hdfs://### HDFS PATH ###
POSTHOOK: query: select count(*) from srcpart join srcpart_date_hour_n1 on (srcpart.ds = srcpart_date_hour_n1.ds and srcpart.hr = srcpart_date_hour_n1.hr) where srcpart_date_hour_n1.`date` = '2008-04-08' and srcpart_date_hour_n1.hour = 11
POSTHOOK: type: QUERY
POSTHOOK: Input: default@srcpart
POSTHOOK: Input: default@srcpart@ds=2008-04-08/hr=11
POSTHOOK: Input: default@srcpart@ds=2008-04-08/hr=12
POSTHOOK: Input: default@srcpart@ds=2008-04-09/hr=11
POSTHOOK: Input: default@srcpart@ds=2008-04-09/hr=12
POSTHOOK: Input: default@srcpart_date_hour_n1
POSTHOOK: Output: hdfs://### HDFS PATH ###
500
PREHOOK: query: select count(*) from srcpart where ds = '2008-04-08' and hr = 11
PREHOOK: type: QUERY
PREHOOK: Input: default@srcpart
PREHOOK: Output: hdfs://### HDFS PATH ###
POSTHOOK: query: select count(*) from srcpart where ds = '2008-04-08' and hr = 11
POSTHOOK: type: QUERY
POSTHOOK: Input: default@srcpart
POSTHOOK: Output: hdfs://### HDFS PATH ###
500
PREHOOK: query: EXPLAIN select count(*) from srcpart join srcpart_date_n4 on (srcpart.ds = srcpart_date_n4.ds) where srcpart_date_n4.`date` = 'I DONT EXIST'
PREHOOK: type: QUERY
POSTHOOK: query: EXPLAIN select count(*) from srcpart join srcpart_date_n4 on (srcpart.ds = srcpart_date_n4.ds) where srcpart_date_n4.`date` = 'I DONT EXIST'
POSTHOOK: type: QUERY
STAGE DEPENDENCIES:
  Stage-2 is a root stage
  Stage-1 depends on stages: Stage-2
  Stage-0 depends on stages: Stage-1

STAGE PLANS:
  Stage: Stage-2
    Spark
#### A masked pattern was here ####
      Vertices:
        Map 3 
            Map Operator Tree:
                TableScan
                  alias: srcpart_date_n4
                  filterExpr: ((date = 'I DONT EXIST') and ds is not null) (type: boolean)
                  Statistics: Num rows: 2 Data size: 42 Basic stats: COMPLETE Column stats: NONE
                  Filter Operator
                    predicate: ((date = 'I DONT EXIST') and ds is not null) (type: boolean)
                    Statistics: Num rows: 1 Data size: 21 Basic stats: COMPLETE Column stats: NONE
                    Select Operator
                      expressions: ds (type: string)
                      outputColumnNames: _col0
                      Statistics: Num rows: 1 Data size: 21 Basic stats: COMPLETE Column stats: NONE
                      Spark HashTable Sink Operator
                        keys:
                          0 _col0 (type: string)
                          1 _col0 (type: string)
                      Select Operator
                        expressions: _col0 (type: string)
                        outputColumnNames: _col0
                        Statistics: Num rows: 1 Data size: 21 Basic stats: COMPLETE Column stats: NONE
                        Group By Operator
                          keys: _col0 (type: string)
                          mode: hash
                          outputColumnNames: _col0
                          Statistics: Num rows: 1 Data size: 21 Basic stats: COMPLETE Column stats: NONE
                          Spark Partition Pruning Sink Operator
                            Target Columns: [Map 1 -> [ds:string (ds)]]
                            Statistics: Num rows: 1 Data size: 21 Basic stats: COMPLETE Column stats: NONE
            Local Work:
              Map Reduce Local Work

  Stage: Stage-1
    Spark
      Edges:
        Reducer 2 <- Map 1 (GROUP, 1)
#### A masked pattern was here ####
      Vertices:
        Map 1 
            Map Operator Tree:
                TableScan
                  alias: srcpart
                  filterExpr: ds is not null (type: boolean)
                  Statistics: Num rows: 2000 Data size: 21248 Basic stats: COMPLETE Column stats: NONE
                  Select Operator
                    expressions: ds (type: string)
                    outputColumnNames: _col0
                    Statistics: Num rows: 2000 Data size: 21248 Basic stats: COMPLETE Column stats: NONE
                    Map Join Operator
                      condition map:
                           Inner Join 0 to 1
                      keys:
                        0 _col0 (type: string)
                        1 _col0 (type: string)
                      input vertices:
                        1 Map 3
                      Statistics: Num rows: 2200 Data size: 23372 Basic stats: COMPLETE Column stats: NONE
                      Group By Operator
                        aggregations: count()
                        mode: hash
                        outputColumnNames: _col0
                        Statistics: Num rows: 1 Data size: 8 Basic stats: COMPLETE Column stats: NONE
                        Reduce Output Operator
                          sort order: 
                          Statistics: Num rows: 1 Data size: 8 Basic stats: COMPLETE Column stats: NONE
                          value expressions: _col0 (type: bigint)
            Local Work:
              Map Reduce Local Work
        Reducer 2 
            Reduce Operator Tree:
              Group By Operator
                aggregations: count(VALUE._col0)
                mode: mergepartial
                outputColumnNames: _col0
                Statistics: Num rows: 1 Data size: 8 Basic stats: COMPLETE Column stats: NONE
                File Output Operator
                  compressed: false
                  Statistics: Num rows: 1 Data size: 8 Basic stats: COMPLETE Column stats: NONE
                  table:
                      input format: org.apache.hadoop.mapred.SequenceFileInputFormat
                      output format: org.apache.hadoop.hive.ql.io.HiveSequenceFileOutputFormat
                      serde: org.apache.hadoop.hive.serde2.lazy.LazySimpleSerDe

  Stage: Stage-0
    Fetch Operator
      limit: -1
      Processor Tree:
        ListSink

PREHOOK: query: select count(*) from srcpart join srcpart_date_n4 on (srcpart.ds = srcpart_date_n4.ds) where srcpart_date_n4.`date` = 'I DONT EXIST'
PREHOOK: type: QUERY
PREHOOK: Input: default@srcpart
PREHOOK: Input: default@srcpart@ds=2008-04-08/hr=11
PREHOOK: Input: default@srcpart@ds=2008-04-08/hr=12
PREHOOK: Input: default@srcpart@ds=2008-04-09/hr=11
PREHOOK: Input: default@srcpart@ds=2008-04-09/hr=12
PREHOOK: Input: default@srcpart_date_n4
PREHOOK: Output: hdfs://### HDFS PATH ###
POSTHOOK: query: select count(*) from srcpart join srcpart_date_n4 on (srcpart.ds = srcpart_date_n4.ds) where srcpart_date_n4.`date` = 'I DONT EXIST'
POSTHOOK: type: QUERY
POSTHOOK: Input: default@srcpart
POSTHOOK: Input: default@srcpart@ds=2008-04-08/hr=11
POSTHOOK: Input: default@srcpart@ds=2008-04-08/hr=12
POSTHOOK: Input: default@srcpart@ds=2008-04-09/hr=11
POSTHOOK: Input: default@srcpart@ds=2008-04-09/hr=12
POSTHOOK: Input: default@srcpart_date_n4
POSTHOOK: Output: hdfs://### HDFS PATH ###
0
PREHOOK: query: EXPLAIN select count(*) from srcpart join srcpart_double_hour_n1 on (srcpart.hr = cast(srcpart_double_hour_n1.hr/2 as int)) where srcpart_double_hour_n1.hour = 11
PREHOOK: type: QUERY
POSTHOOK: query: EXPLAIN select count(*) from srcpart join srcpart_double_hour_n1 on (srcpart.hr = cast(srcpart_double_hour_n1.hr/2 as int)) where srcpart_double_hour_n1.hour = 11
POSTHOOK: type: QUERY
STAGE DEPENDENCIES:
  Stage-2 is a root stage
  Stage-1 depends on stages: Stage-2
  Stage-0 depends on stages: Stage-1

STAGE PLANS:
  Stage: Stage-2
    Spark
#### A masked pattern was here ####
      Vertices:
        Map 3 
            Map Operator Tree:
                TableScan
                  alias: srcpart_double_hour_n1
                  filterExpr: ((UDFToDouble(hour) = 11.0D) and hr is not null) (type: boolean)
                  Statistics: Num rows: 2 Data size: 14 Basic stats: COMPLETE Column stats: NONE
                  Filter Operator
                    predicate: ((UDFToDouble(hour) = 11.0D) and hr is not null) (type: boolean)
                    Statistics: Num rows: 1 Data size: 7 Basic stats: COMPLETE Column stats: NONE
                    Select Operator
                      expressions: hr (type: double)
                      outputColumnNames: _col0
                      Statistics: Num rows: 1 Data size: 7 Basic stats: COMPLETE Column stats: NONE
                      Spark HashTable Sink Operator
                        keys:
                          0 UDFToDouble(_col0) (type: double)
                          1 UDFToDouble(UDFToInteger((_col0 / 2.0D))) (type: double)
                      Select Operator
                        expressions: UDFToDouble(UDFToInteger((_col0 / 2.0D))) (type: double)
                        outputColumnNames: _col0
                        Statistics: Num rows: 1 Data size: 7 Basic stats: COMPLETE Column stats: NONE
                        Group By Operator
                          keys: _col0 (type: double)
                          mode: hash
                          outputColumnNames: _col0
                          Statistics: Num rows: 1 Data size: 7 Basic stats: COMPLETE Column stats: NONE
                          Spark Partition Pruning Sink Operator
                            Target Columns: [Map 1 -> [hr:string (UDFToDouble(hr))]]
                            Statistics: Num rows: 1 Data size: 7 Basic stats: COMPLETE Column stats: NONE
            Local Work:
              Map Reduce Local Work

  Stage: Stage-1
    Spark
      Edges:
        Reducer 2 <- Map 1 (GROUP, 1)
#### A masked pattern was here ####
      Vertices:
        Map 1 
            Map Operator Tree:
                TableScan
                  alias: srcpart
                  filterExpr: hr is not null (type: boolean)
                  Statistics: Num rows: 2000 Data size: 21248 Basic stats: COMPLETE Column stats: NONE
                  Select Operator
                    expressions: hr (type: string)
                    outputColumnNames: _col0
                    Statistics: Num rows: 2000 Data size: 21248 Basic stats: COMPLETE Column stats: NONE
                    Map Join Operator
                      condition map:
                           Inner Join 0 to 1
                      keys:
                        0 UDFToDouble(_col0) (type: double)
                        1 UDFToDouble(UDFToInteger((_col0 / 2.0D))) (type: double)
                      input vertices:
                        1 Map 3
                      Statistics: Num rows: 2200 Data size: 23372 Basic stats: COMPLETE Column stats: NONE
                      Group By Operator
                        aggregations: count()
                        mode: hash
                        outputColumnNames: _col0
                        Statistics: Num rows: 1 Data size: 8 Basic stats: COMPLETE Column stats: NONE
                        Reduce Output Operator
                          sort order: 
                          Statistics: Num rows: 1 Data size: 8 Basic stats: COMPLETE Column stats: NONE
                          value expressions: _col0 (type: bigint)
            Local Work:
              Map Reduce Local Work
        Reducer 2 
            Reduce Operator Tree:
              Group By Operator
                aggregations: count(VALUE._col0)
                mode: mergepartial
                outputColumnNames: _col0
                Statistics: Num rows: 1 Data size: 8 Basic stats: COMPLETE Column stats: NONE
                File Output Operator
                  compressed: false
                  Statistics: Num rows: 1 Data size: 8 Basic stats: COMPLETE Column stats: NONE
                  table:
                      input format: org.apache.hadoop.mapred.SequenceFileInputFormat
                      output format: org.apache.hadoop.hive.ql.io.HiveSequenceFileOutputFormat
                      serde: org.apache.hadoop.hive.serde2.lazy.LazySimpleSerDe

  Stage: Stage-0
    Fetch Operator
      limit: -1
      Processor Tree:
        ListSink

PREHOOK: query: select count(*) from srcpart join srcpart_double_hour_n1 on (srcpart.hr = cast(srcpart_double_hour_n1.hr/2 as int)) where srcpart_double_hour_n1.hour = 11
PREHOOK: type: QUERY
PREHOOK: Input: default@srcpart
PREHOOK: Input: default@srcpart@ds=2008-04-08/hr=11
PREHOOK: Input: default@srcpart@ds=2008-04-08/hr=12
PREHOOK: Input: default@srcpart@ds=2008-04-09/hr=11
PREHOOK: Input: default@srcpart@ds=2008-04-09/hr=12
PREHOOK: Input: default@srcpart_double_hour_n1
PREHOOK: Output: hdfs://### HDFS PATH ###
POSTHOOK: query: select count(*) from srcpart join srcpart_double_hour_n1 on (srcpart.hr = cast(srcpart_double_hour_n1.hr/2 as int)) where srcpart_double_hour_n1.hour = 11
POSTHOOK: type: QUERY
POSTHOOK: Input: default@srcpart
POSTHOOK: Input: default@srcpart@ds=2008-04-08/hr=11
POSTHOOK: Input: default@srcpart@ds=2008-04-08/hr=12
POSTHOOK: Input: default@srcpart@ds=2008-04-09/hr=11
POSTHOOK: Input: default@srcpart@ds=2008-04-09/hr=12
POSTHOOK: Input: default@srcpart_double_hour_n1
POSTHOOK: Output: hdfs://### HDFS PATH ###
1000
PREHOOK: query: EXPLAIN select count(*) from srcpart join srcpart_double_hour_n1 on (srcpart.hr*2 = srcpart_double_hour_n1.hr) where srcpart_double_hour_n1.hour = 11
PREHOOK: type: QUERY
POSTHOOK: query: EXPLAIN select count(*) from srcpart join srcpart_double_hour_n1 on (srcpart.hr*2 = srcpart_double_hour_n1.hr) where srcpart_double_hour_n1.hour = 11
POSTHOOK: type: QUERY
STAGE DEPENDENCIES:
  Stage-2 is a root stage
  Stage-1 depends on stages: Stage-2
  Stage-0 depends on stages: Stage-1

STAGE PLANS:
  Stage: Stage-2
    Spark
#### A masked pattern was here ####
      Vertices:
        Map 3 
            Map Operator Tree:
                TableScan
                  alias: srcpart_double_hour_n1
                  filterExpr: ((UDFToDouble(hour) = 11.0D) and hr is not null) (type: boolean)
                  Statistics: Num rows: 2 Data size: 14 Basic stats: COMPLETE Column stats: NONE
                  Filter Operator
                    predicate: ((UDFToDouble(hour) = 11.0D) and hr is not null) (type: boolean)
                    Statistics: Num rows: 1 Data size: 7 Basic stats: COMPLETE Column stats: NONE
                    Select Operator
                      expressions: hr (type: double)
                      outputColumnNames: _col0
                      Statistics: Num rows: 1 Data size: 7 Basic stats: COMPLETE Column stats: NONE
                      Spark HashTable Sink Operator
                        keys:
                          0 (UDFToDouble(_col0) * 2.0D) (type: double)
                          1 _col0 (type: double)
                      Select Operator
                        expressions: _col0 (type: double)
                        outputColumnNames: _col0
                        Statistics: Num rows: 1 Data size: 7 Basic stats: COMPLETE Column stats: NONE
                        Group By Operator
                          keys: _col0 (type: double)
                          mode: hash
                          outputColumnNames: _col0
                          Statistics: Num rows: 1 Data size: 7 Basic stats: COMPLETE Column stats: NONE
                          Spark Partition Pruning Sink Operator
                            Target Columns: [Map 1 -> [hr:string ((UDFToDouble(hr) * 2.0D))]]
                            Statistics: Num rows: 1 Data size: 7 Basic stats: COMPLETE Column stats: NONE
            Local Work:
              Map Reduce Local Work

  Stage: Stage-1
    Spark
      Edges:
        Reducer 2 <- Map 1 (GROUP, 1)
#### A masked pattern was here ####
      Vertices:
        Map 1 
            Map Operator Tree:
                TableScan
                  alias: srcpart
                  filterExpr: hr is not null (type: boolean)
                  Statistics: Num rows: 2000 Data size: 21248 Basic stats: COMPLETE Column stats: NONE
                  Select Operator
                    expressions: hr (type: string)
                    outputColumnNames: _col0
                    Statistics: Num rows: 2000 Data size: 21248 Basic stats: COMPLETE Column stats: NONE
                    Map Join Operator
                      condition map:
                           Inner Join 0 to 1
                      keys:
                        0 (UDFToDouble(_col0) * 2.0D) (type: double)
                        1 _col0 (type: double)
                      input vertices:
                        1 Map 3
                      Statistics: Num rows: 2200 Data size: 23372 Basic stats: COMPLETE Column stats: NONE
                      Group By Operator
                        aggregations: count()
                        mode: hash
                        outputColumnNames: _col0
                        Statistics: Num rows: 1 Data size: 8 Basic stats: COMPLETE Column stats: NONE
                        Reduce Output Operator
                          sort order: 
                          Statistics: Num rows: 1 Data size: 8 Basic stats: COMPLETE Column stats: NONE
                          value expressions: _col0 (type: bigint)
            Local Work:
              Map Reduce Local Work
        Reducer 2 
            Reduce Operator Tree:
              Group By Operator
                aggregations: count(VALUE._col0)
                mode: mergepartial
                outputColumnNames: _col0
                Statistics: Num rows: 1 Data size: 8 Basic stats: COMPLETE Column stats: NONE
                File Output Operator
                  compressed: false
                  Statistics: Num rows: 1 Data size: 8 Basic stats: COMPLETE Column stats: NONE
                  table:
                      input format: org.apache.hadoop.mapred.SequenceFileInputFormat
                      output format: org.apache.hadoop.hive.ql.io.HiveSequenceFileOutputFormat
                      serde: org.apache.hadoop.hive.serde2.lazy.LazySimpleSerDe

  Stage: Stage-0
    Fetch Operator
      limit: -1
      Processor Tree:
        ListSink

PREHOOK: query: select count(*) from srcpart join srcpart_double_hour_n1 on (srcpart.hr*2 = srcpart_double_hour_n1.hr) where srcpart_double_hour_n1.hour = 11
PREHOOK: type: QUERY
PREHOOK: Input: default@srcpart
PREHOOK: Input: default@srcpart@ds=2008-04-08/hr=11
PREHOOK: Input: default@srcpart@ds=2008-04-08/hr=12
PREHOOK: Input: default@srcpart@ds=2008-04-09/hr=11
PREHOOK: Input: default@srcpart@ds=2008-04-09/hr=12
PREHOOK: Input: default@srcpart_double_hour_n1
PREHOOK: Output: hdfs://### HDFS PATH ###
POSTHOOK: query: select count(*) from srcpart join srcpart_double_hour_n1 on (srcpart.hr*2 = srcpart_double_hour_n1.hr) where srcpart_double_hour_n1.hour = 11
POSTHOOK: type: QUERY
POSTHOOK: Input: default@srcpart
POSTHOOK: Input: default@srcpart@ds=2008-04-08/hr=11
POSTHOOK: Input: default@srcpart@ds=2008-04-08/hr=12
POSTHOOK: Input: default@srcpart@ds=2008-04-09/hr=11
POSTHOOK: Input: default@srcpart@ds=2008-04-09/hr=12
POSTHOOK: Input: default@srcpart_double_hour_n1
POSTHOOK: Output: hdfs://### HDFS PATH ###
1000
PREHOOK: query: select count(*) from srcpart where hr = 11
PREHOOK: type: QUERY
PREHOOK: Input: default@srcpart
PREHOOK: Output: hdfs://### HDFS PATH ###
POSTHOOK: query: select count(*) from srcpart where hr = 11
POSTHOOK: type: QUERY
POSTHOOK: Input: default@srcpart
POSTHOOK: Output: hdfs://### HDFS PATH ###
1000
Warning: Map Join MAPJOIN[22][bigTable=?] in task 'Stage-1:MAPRED' is a cross product
PREHOOK: query: EXPLAIN select count(*) from srcpart join (select ds as ds, ds as `date` from srcpart group by ds) s on (srcpart.ds = s.ds) where s.`date` = '2008-04-08'
PREHOOK: type: QUERY
POSTHOOK: query: EXPLAIN select count(*) from srcpart join (select ds as ds, ds as `date` from srcpart group by ds) s on (srcpart.ds = s.ds) where s.`date` = '2008-04-08'
POSTHOOK: type: QUERY
STAGE DEPENDENCIES:
  Stage-2 is a root stage
  Stage-1 depends on stages: Stage-2
  Stage-0 depends on stages: Stage-1

STAGE PLANS:
  Stage: Stage-2
    Spark
      Edges:
        Reducer 4 <- Map 3 (GROUP, 4)
#### A masked pattern was here ####
      Vertices:
        Map 3 
            Map Operator Tree:
                TableScan
                  alias: srcpart
                  filterExpr: (ds = '2008-04-08') (type: boolean)
                  Statistics: Num rows: 1000 Data size: 10624 Basic stats: COMPLETE Column stats: NONE
                  Select Operator
                    Statistics: Num rows: 1000 Data size: 10624 Basic stats: COMPLETE Column stats: NONE
                    Group By Operator
                      keys: '2008-04-08' (type: string)
                      mode: hash
                      outputColumnNames: _col0
                      Statistics: Num rows: 1000 Data size: 10624 Basic stats: COMPLETE Column stats: NONE
                      Reduce Output Operator
                        key expressions: _col0 (type: string)
                        sort order: +
                        Map-reduce partition columns: _col0 (type: string)
                        Statistics: Num rows: 1000 Data size: 10624 Basic stats: COMPLETE Column stats: NONE
        Reducer 4 
            Local Work:
              Map Reduce Local Work
            Reduce Operator Tree:
              Group By Operator
                keys: KEY._col0 (type: string)
                mode: mergepartial
                outputColumnNames: _col0
                Statistics: Num rows: 500 Data size: 5312 Basic stats: COMPLETE Column stats: NONE
                Select Operator
                  Statistics: Num rows: 500 Data size: 5312 Basic stats: COMPLETE Column stats: NONE
                  Spark HashTable Sink Operator
                    keys:
                      0 
                      1 

  Stage: Stage-1
    Spark
      Edges:
        Reducer 2 <- Map 1 (GROUP, 1)
#### A masked pattern was here ####
      Vertices:
        Map 1 
            Map Operator Tree:
                TableScan
                  alias: srcpart
                  filterExpr: (ds = '2008-04-08') (type: boolean)
                  Statistics: Num rows: 1000 Data size: 10624 Basic stats: COMPLETE Column stats: NONE
                  Select Operator
                    Statistics: Num rows: 1000 Data size: 10624 Basic stats: COMPLETE Column stats: NONE
                    Map Join Operator
                      condition map:
                           Inner Join 0 to 1
                      keys:
                        0 
                        1 
                      input vertices:
                        1 Reducer 4
                      Statistics: Num rows: 500000 Data size: 11124000 Basic stats: COMPLETE Column stats: NONE
                      Group By Operator
                        aggregations: count()
                        mode: hash
                        outputColumnNames: _col0
                        Statistics: Num rows: 1 Data size: 8 Basic stats: COMPLETE Column stats: NONE
                        Reduce Output Operator
                          sort order: 
                          Statistics: Num rows: 1 Data size: 8 Basic stats: COMPLETE Column stats: NONE
                          value expressions: _col0 (type: bigint)
            Local Work:
              Map Reduce Local Work
        Reducer 2 
            Reduce Operator Tree:
              Group By Operator
                aggregations: count(VALUE._col0)
                mode: mergepartial
                outputColumnNames: _col0
                Statistics: Num rows: 1 Data size: 8 Basic stats: COMPLETE Column stats: NONE
                File Output Operator
                  compressed: false
                  Statistics: Num rows: 1 Data size: 8 Basic stats: COMPLETE Column stats: NONE
                  table:
                      input format: org.apache.hadoop.mapred.SequenceFileInputFormat
                      output format: org.apache.hadoop.hive.ql.io.HiveSequenceFileOutputFormat
                      serde: org.apache.hadoop.hive.serde2.lazy.LazySimpleSerDe

  Stage: Stage-0
    Fetch Operator
      limit: -1
      Processor Tree:
        ListSink

Warning: Map Join MAPJOIN[22][bigTable=?] in task 'Stage-1:MAPRED' is a cross product
PREHOOK: query: select count(*) from srcpart join (select ds as ds, ds as `date` from srcpart group by ds) s on (srcpart.ds = s.ds) where s.`date` = '2008-04-08'
PREHOOK: type: QUERY
PREHOOK: Input: default@srcpart
PREHOOK: Input: default@srcpart@ds=2008-04-08/hr=11
PREHOOK: Input: default@srcpart@ds=2008-04-08/hr=12
PREHOOK: Output: hdfs://### HDFS PATH ###
POSTHOOK: query: select count(*) from srcpart join (select ds as ds, ds as `date` from srcpart group by ds) s on (srcpart.ds = s.ds) where s.`date` = '2008-04-08'
POSTHOOK: type: QUERY
POSTHOOK: Input: default@srcpart
POSTHOOK: Input: default@srcpart@ds=2008-04-08/hr=11
POSTHOOK: Input: default@srcpart@ds=2008-04-08/hr=12
POSTHOOK: Output: hdfs://### HDFS PATH ###
1000
PREHOOK: query: select count(*) from srcpart where ds = '2008-04-08'
PREHOOK: type: QUERY
PREHOOK: Input: default@srcpart
PREHOOK: Output: hdfs://### HDFS PATH ###
POSTHOOK: query: select count(*) from srcpart where ds = '2008-04-08'
POSTHOOK: type: QUERY
POSTHOOK: Input: default@srcpart
POSTHOOK: Output: hdfs://### HDFS PATH ###
1000
PREHOOK: query: EXPLAIN select count(*) from srcpart left join srcpart_date_n4 on (srcpart.ds = srcpart_date_n4.ds) where srcpart_date_n4.`date` = '2008-04-08'
PREHOOK: type: QUERY
POSTHOOK: query: EXPLAIN select count(*) from srcpart left join srcpart_date_n4 on (srcpart.ds = srcpart_date_n4.ds) where srcpart_date_n4.`date` = '2008-04-08'
POSTHOOK: type: QUERY
STAGE DEPENDENCIES:
  Stage-2 is a root stage
  Stage-1 depends on stages: Stage-2
  Stage-0 depends on stages: Stage-1

STAGE PLANS:
  Stage: Stage-2
    Spark
#### A masked pattern was here ####
      Vertices:
        Map 3 
            Map Operator Tree:
                TableScan
                  alias: srcpart_date_n4
                  filterExpr: ((date = '2008-04-08') and ds is not null) (type: boolean)
                  Statistics: Num rows: 2 Data size: 42 Basic stats: COMPLETE Column stats: NONE
                  Filter Operator
                    predicate: ((date = '2008-04-08') and ds is not null) (type: boolean)
                    Statistics: Num rows: 1 Data size: 21 Basic stats: COMPLETE Column stats: NONE
                    Select Operator
                      expressions: ds (type: string)
                      outputColumnNames: _col0
                      Statistics: Num rows: 1 Data size: 21 Basic stats: COMPLETE Column stats: NONE
                      Spark HashTable Sink Operator
                        keys:
                          0 _col0 (type: string)
                          1 _col0 (type: string)
                      Select Operator
                        expressions: _col0 (type: string)
                        outputColumnNames: _col0
                        Statistics: Num rows: 1 Data size: 21 Basic stats: COMPLETE Column stats: NONE
                        Group By Operator
                          keys: _col0 (type: string)
                          mode: hash
                          outputColumnNames: _col0
                          Statistics: Num rows: 1 Data size: 21 Basic stats: COMPLETE Column stats: NONE
                          Spark Partition Pruning Sink Operator
                            Target Columns: [Map 1 -> [ds:string (ds)]]
                            Statistics: Num rows: 1 Data size: 21 Basic stats: COMPLETE Column stats: NONE
            Local Work:
              Map Reduce Local Work

  Stage: Stage-1
    Spark
      Edges:
        Reducer 2 <- Map 1 (GROUP, 1)
#### A masked pattern was here ####
      Vertices:
        Map 1 
            Map Operator Tree:
                TableScan
                  alias: srcpart
                  filterExpr: ds is not null (type: boolean)
                  Statistics: Num rows: 2000 Data size: 21248 Basic stats: COMPLETE Column stats: NONE
                  Select Operator
                    expressions: ds (type: string)
                    outputColumnNames: _col0
                    Statistics: Num rows: 2000 Data size: 21248 Basic stats: COMPLETE Column stats: NONE
                    Map Join Operator
                      condition map:
                           Inner Join 0 to 1
                      keys:
                        0 _col0 (type: string)
                        1 _col0 (type: string)
                      input vertices:
                        1 Map 3
                      Statistics: Num rows: 2200 Data size: 23372 Basic stats: COMPLETE Column stats: NONE
                      Group By Operator
                        aggregations: count()
                        mode: hash
                        outputColumnNames: _col0
                        Statistics: Num rows: 1 Data size: 8 Basic stats: COMPLETE Column stats: NONE
                        Reduce Output Operator
                          sort order: 
                          Statistics: Num rows: 1 Data size: 8 Basic stats: COMPLETE Column stats: NONE
                          value expressions: _col0 (type: bigint)
            Local Work:
              Map Reduce Local Work
        Reducer 2 
            Reduce Operator Tree:
              Group By Operator
                aggregations: count(VALUE._col0)
                mode: mergepartial
                outputColumnNames: _col0
                Statistics: Num rows: 1 Data size: 8 Basic stats: COMPLETE Column stats: NONE
                File Output Operator
                  compressed: false
                  Statistics: Num rows: 1 Data size: 8 Basic stats: COMPLETE Column stats: NONE
                  table:
                      input format: org.apache.hadoop.mapred.SequenceFileInputFormat
                      output format: org.apache.hadoop.hive.ql.io.HiveSequenceFileOutputFormat
                      serde: org.apache.hadoop.hive.serde2.lazy.LazySimpleSerDe

  Stage: Stage-0
    Fetch Operator
      limit: -1
      Processor Tree:
        ListSink

PREHOOK: query: EXPLAIN select count(*) from srcpart_date_n4 left join srcpart on (srcpart.ds = srcpart_date_n4.ds) where srcpart_date_n4.`date` = '2008-04-08'
PREHOOK: type: QUERY
POSTHOOK: query: EXPLAIN select count(*) from srcpart_date_n4 left join srcpart on (srcpart.ds = srcpart_date_n4.ds) where srcpart_date_n4.`date` = '2008-04-08'
POSTHOOK: type: QUERY
STAGE DEPENDENCIES:
  Stage-2 is a root stage
  Stage-1 depends on stages: Stage-2
  Stage-0 depends on stages: Stage-1

STAGE PLANS:
  Stage: Stage-2
    Spark
#### A masked pattern was here ####
      Vertices:
        Map 3 
            Map Operator Tree:
                TableScan
                  alias: srcpart
                  Statistics: Num rows: 2000 Data size: 21248 Basic stats: COMPLETE Column stats: NONE
                  Select Operator
                    expressions: ds (type: string)
                    outputColumnNames: _col0
                    Statistics: Num rows: 2000 Data size: 21248 Basic stats: COMPLETE Column stats: NONE
                    Spark HashTable Sink Operator
                      keys:
                        0 _col0 (type: string)
                        1 _col0 (type: string)
            Local Work:
              Map Reduce Local Work

  Stage: Stage-1
    Spark
      Edges:
        Reducer 2 <- Map 1 (GROUP, 1)
#### A masked pattern was here ####
      Vertices:
        Map 1 
            Map Operator Tree:
                TableScan
                  alias: srcpart_date_n4
                  filterExpr: (date = '2008-04-08') (type: boolean)
                  Statistics: Num rows: 2 Data size: 42 Basic stats: COMPLETE Column stats: NONE
                  Filter Operator
                    predicate: (date = '2008-04-08') (type: boolean)
                    Statistics: Num rows: 1 Data size: 21 Basic stats: COMPLETE Column stats: NONE
                    Select Operator
                      expressions: ds (type: string)
                      outputColumnNames: _col0
                      Statistics: Num rows: 1 Data size: 21 Basic stats: COMPLETE Column stats: NONE
                      Map Join Operator
                        condition map:
                             Left Outer Join 0 to 1
                        keys:
                          0 _col0 (type: string)
                          1 _col0 (type: string)
                        input vertices:
                          1 Map 3
                        Statistics: Num rows: 2200 Data size: 23372 Basic stats: COMPLETE Column stats: NONE
                        Group By Operator
                          aggregations: count()
                          mode: hash
                          outputColumnNames: _col0
                          Statistics: Num rows: 1 Data size: 8 Basic stats: COMPLETE Column stats: NONE
                          Reduce Output Operator
                            sort order: 
                            Statistics: Num rows: 1 Data size: 8 Basic stats: COMPLETE Column stats: NONE
                            value expressions: _col0 (type: bigint)
            Local Work:
              Map Reduce Local Work
        Reducer 2 
            Reduce Operator Tree:
              Group By Operator
                aggregations: count(VALUE._col0)
                mode: mergepartial
                outputColumnNames: _col0
                Statistics: Num rows: 1 Data size: 8 Basic stats: COMPLETE Column stats: NONE
                File Output Operator
                  compressed: false
                  Statistics: Num rows: 1 Data size: 8 Basic stats: COMPLETE Column stats: NONE
                  table:
                      input format: org.apache.hadoop.mapred.SequenceFileInputFormat
                      output format: org.apache.hadoop.hive.ql.io.HiveSequenceFileOutputFormat
                      serde: org.apache.hadoop.hive.serde2.lazy.LazySimpleSerDe

  Stage: Stage-0
    Fetch Operator
      limit: -1
      Processor Tree:
        ListSink

PREHOOK: query: EXPLAIN select count(*) from srcpart full outer join srcpart_date_n4 on (srcpart.ds = srcpart_date_n4.ds) where srcpart_date_n4.`date` = '2008-04-08'
PREHOOK: type: QUERY
POSTHOOK: query: EXPLAIN select count(*) from srcpart full outer join srcpart_date_n4 on (srcpart.ds = srcpart_date_n4.ds) where srcpart_date_n4.`date` = '2008-04-08'
POSTHOOK: type: QUERY
STAGE DEPENDENCIES:
  Stage-2 is a root stage
  Stage-1 depends on stages: Stage-2
  Stage-0 depends on stages: Stage-1

STAGE PLANS:
  Stage: Stage-2
    Spark
#### A masked pattern was here ####
      Vertices:
        Map 1 
            Map Operator Tree:
                TableScan
                  alias: srcpart
                  Statistics: Num rows: 2000 Data size: 21248 Basic stats: COMPLETE Column stats: NONE
                  Select Operator
                    expressions: ds (type: string)
                    outputColumnNames: _col0
                    Statistics: Num rows: 2000 Data size: 21248 Basic stats: COMPLETE Column stats: NONE
                    Spark HashTable Sink Operator
                      keys:
                        0 _col0 (type: string)
                        1 _col0 (type: string)
            Local Work:
              Map Reduce Local Work

  Stage: Stage-1
    Spark
      Edges:
        Reducer 3 <- Map 2 (GROUP, 1)
#### A masked pattern was here ####
      Vertices:
        Map 2 
            Map Operator Tree:
                TableScan
                  alias: srcpart_date_n4
                  filterExpr: (date = '2008-04-08') (type: boolean)
                  Statistics: Num rows: 2 Data size: 42 Basic stats: COMPLETE Column stats: NONE
                  Filter Operator
                    predicate: (date = '2008-04-08') (type: boolean)
                    Statistics: Num rows: 1 Data size: 21 Basic stats: COMPLETE Column stats: NONE
                    Select Operator
                      expressions: ds (type: string)
                      outputColumnNames: _col0
                      Statistics: Num rows: 1 Data size: 21 Basic stats: COMPLETE Column stats: NONE
                      Map Join Operator
                        condition map:
                             Right Outer Join 0 to 1
                        keys:
                          0 _col0 (type: string)
                          1 _col0 (type: string)
                        input vertices:
                          0 Map 1
                        Statistics: Num rows: 2200 Data size: 23372 Basic stats: COMPLETE Column stats: NONE
                        Group By Operator
                          aggregations: count()
                          mode: hash
                          outputColumnNames: _col0
                          Statistics: Num rows: 1 Data size: 8 Basic stats: COMPLETE Column stats: NONE
                          Reduce Output Operator
                            sort order: 
                            Statistics: Num rows: 1 Data size: 8 Basic stats: COMPLETE Column stats: NONE
                            value expressions: _col0 (type: bigint)
            Local Work:
              Map Reduce Local Work
        Reducer 3 
            Reduce Operator Tree:
              Group By Operator
                aggregations: count(VALUE._col0)
                mode: mergepartial
                outputColumnNames: _col0
                Statistics: Num rows: 1 Data size: 8 Basic stats: COMPLETE Column stats: NONE
                File Output Operator
                  compressed: false
                  Statistics: Num rows: 1 Data size: 8 Basic stats: COMPLETE Column stats: NONE
                  table:
                      input format: org.apache.hadoop.mapred.SequenceFileInputFormat
                      output format: org.apache.hadoop.hive.ql.io.HiveSequenceFileOutputFormat
                      serde: org.apache.hadoop.hive.serde2.lazy.LazySimpleSerDe

  Stage: Stage-0
    Fetch Operator
      limit: -1
      Processor Tree:
        ListSink

PREHOOK: query: EXPLAIN select count(*) from srcpart join srcpart_date_n4 on (srcpart.ds = srcpart_date_n4.ds) join srcpart_hour_n1 on (srcpart.hr = srcpart_hour_n1.hr) 
where srcpart_date_n4.`date` = '2008-04-08' and srcpart_hour_n1.hour = 11 and srcpart.hr = 11
PREHOOK: type: QUERY
POSTHOOK: query: EXPLAIN select count(*) from srcpart join srcpart_date_n4 on (srcpart.ds = srcpart_date_n4.ds) join srcpart_hour_n1 on (srcpart.hr = srcpart_hour_n1.hr) 
where srcpart_date_n4.`date` = '2008-04-08' and srcpart_hour_n1.hour = 11 and srcpart.hr = 11
POSTHOOK: type: QUERY
STAGE DEPENDENCIES:
  Stage-2 is a root stage
  Stage-1 depends on stages: Stage-2
  Stage-0 depends on stages: Stage-1

STAGE PLANS:
  Stage: Stage-2
    Spark
#### A masked pattern was here ####
      Vertices:
        Map 3 
            Map Operator Tree:
                TableScan
                  alias: srcpart_date_n4
                  filterExpr: ((date = '2008-04-08') and ds is not null) (type: boolean)
                  Statistics: Num rows: 2 Data size: 42 Basic stats: COMPLETE Column stats: NONE
                  Filter Operator
                    predicate: ((date = '2008-04-08') and ds is not null) (type: boolean)
                    Statistics: Num rows: 1 Data size: 21 Basic stats: COMPLETE Column stats: NONE
                    Select Operator
                      expressions: ds (type: string)
                      outputColumnNames: _col0
                      Statistics: Num rows: 1 Data size: 21 Basic stats: COMPLETE Column stats: NONE
                      Spark HashTable Sink Operator
                        keys:
                          0 _col0 (type: string)
                          1 _col0 (type: string)
                      Select Operator
                        expressions: _col0 (type: string)
                        outputColumnNames: _col0
                        Statistics: Num rows: 1 Data size: 21 Basic stats: COMPLETE Column stats: NONE
                        Group By Operator
                          keys: _col0 (type: string)
                          mode: hash
                          outputColumnNames: _col0
                          Statistics: Num rows: 1 Data size: 21 Basic stats: COMPLETE Column stats: NONE
                          Spark Partition Pruning Sink Operator
                            Target Columns: [Map 1 -> [ds:string (ds)]]
                            Statistics: Num rows: 1 Data size: 21 Basic stats: COMPLETE Column stats: NONE
            Local Work:
              Map Reduce Local Work
        Map 4 
            Map Operator Tree:
                TableScan
                  alias: srcpart_hour_n1
                  filterExpr: ((UDFToDouble(hour) = 11.0D) and (UDFToDouble(hr) = 11.0D)) (type: boolean)
                  Statistics: Num rows: 2 Data size: 10 Basic stats: COMPLETE Column stats: NONE
                  Filter Operator
                    predicate: ((UDFToDouble(hour) = 11.0D) and (UDFToDouble(hr) = 11.0D)) (type: boolean)
                    Statistics: Num rows: 1 Data size: 5 Basic stats: COMPLETE Column stats: NONE
                    Select Operator
                      expressions: hr (type: string)
                      outputColumnNames: _col0
                      Statistics: Num rows: 1 Data size: 5 Basic stats: COMPLETE Column stats: NONE
                      Spark HashTable Sink Operator
                        keys:
                          0 _col1 (type: string)
                          1 _col0 (type: string)
                      Select Operator
                        expressions: _col0 (type: string)
                        outputColumnNames: _col0
                        Statistics: Num rows: 1 Data size: 5 Basic stats: COMPLETE Column stats: NONE
                        Group By Operator
                          keys: _col0 (type: string)
                          mode: hash
                          outputColumnNames: _col0
                          Statistics: Num rows: 1 Data size: 5 Basic stats: COMPLETE Column stats: NONE
                          Spark Partition Pruning Sink Operator
                            Target Columns: [Map 1 -> [hr:string (hr)]]
                            Statistics: Num rows: 1 Data size: 5 Basic stats: COMPLETE Column stats: NONE
            Local Work:
              Map Reduce Local Work

  Stage: Stage-1
    Spark
      Edges:
        Reducer 2 <- Map 1 (GROUP, 1)
#### A masked pattern was here ####
      Vertices:
        Map 1 
            Map Operator Tree:
                TableScan
                  alias: srcpart
                  Statistics: Num rows: 1000 Data size: 10624 Basic stats: COMPLETE Column stats: NONE
                  Select Operator
                    expressions: ds (type: string), hr (type: string)
                    outputColumnNames: _col0, _col1
                    Statistics: Num rows: 1000 Data size: 10624 Basic stats: COMPLETE Column stats: NONE
                    Map Join Operator
                      condition map:
                           Inner Join 0 to 1
                      keys:
                        0 _col0 (type: string)
                        1 _col0 (type: string)
                      outputColumnNames: _col1
                      input vertices:
                        1 Map 3
                      Statistics: Num rows: 1100 Data size: 11686 Basic stats: COMPLETE Column stats: NONE
                      Map Join Operator
                        condition map:
                             Inner Join 0 to 1
                        keys:
                          0 _col1 (type: string)
                          1 _col0 (type: string)
                        input vertices:
                          1 Map 4
                        Statistics: Num rows: 1210 Data size: 12854 Basic stats: COMPLETE Column stats: NONE
                        Group By Operator
                          aggregations: count()
                          mode: hash
                          outputColumnNames: _col0
                          Statistics: Num rows: 1 Data size: 8 Basic stats: COMPLETE Column stats: NONE
                          Reduce Output Operator
                            sort order: 
                            Statistics: Num rows: 1 Data size: 8 Basic stats: COMPLETE Column stats: NONE
                            value expressions: _col0 (type: bigint)
            Local Work:
              Map Reduce Local Work
        Reducer 2 
            Reduce Operator Tree:
              Group By Operator
                aggregations: count(VALUE._col0)
                mode: mergepartial
                outputColumnNames: _col0
                Statistics: Num rows: 1 Data size: 8 Basic stats: COMPLETE Column stats: NONE
                File Output Operator
                  compressed: false
                  Statistics: Num rows: 1 Data size: 8 Basic stats: COMPLETE Column stats: NONE
                  table:
                      input format: org.apache.hadoop.mapred.SequenceFileInputFormat
                      output format: org.apache.hadoop.hive.ql.io.HiveSequenceFileOutputFormat
                      serde: org.apache.hadoop.hive.serde2.lazy.LazySimpleSerDe

  Stage: Stage-0
    Fetch Operator
      limit: -1
      Processor Tree:
        ListSink

PREHOOK: query: select count(*) from srcpart join srcpart_date_n4 on (srcpart.ds = srcpart_date_n4.ds) join srcpart_hour_n1 on (srcpart.hr = srcpart_hour_n1.hr) 
where srcpart_date_n4.`date` = '2008-04-08' and srcpart_hour_n1.hour = 11 and srcpart.hr = 11
PREHOOK: type: QUERY
PREHOOK: Input: default@srcpart
PREHOOK: Input: default@srcpart@ds=2008-04-08/hr=11
PREHOOK: Input: default@srcpart@ds=2008-04-09/hr=11
PREHOOK: Input: default@srcpart_date_n4
PREHOOK: Input: default@srcpart_hour_n1
PREHOOK: Output: hdfs://### HDFS PATH ###
POSTHOOK: query: select count(*) from srcpart join srcpart_date_n4 on (srcpart.ds = srcpart_date_n4.ds) join srcpart_hour_n1 on (srcpart.hr = srcpart_hour_n1.hr) 
where srcpart_date_n4.`date` = '2008-04-08' and srcpart_hour_n1.hour = 11 and srcpart.hr = 11
POSTHOOK: type: QUERY
POSTHOOK: Input: default@srcpart
POSTHOOK: Input: default@srcpart@ds=2008-04-08/hr=11
POSTHOOK: Input: default@srcpart@ds=2008-04-09/hr=11
POSTHOOK: Input: default@srcpart_date_n4
POSTHOOK: Input: default@srcpart_hour_n1
POSTHOOK: Output: hdfs://### HDFS PATH ###
500
PREHOOK: query: EXPLAIN select count(*) from srcpart join srcpart_date_n4 on (srcpart.ds = srcpart_date_n4.ds) join srcpart_hour_n1 on (srcpart.hr = srcpart_hour_n1.hr) 
where srcpart_date_n4.`date` = '2008-04-08' and srcpart.hr = 13
PREHOOK: type: QUERY
POSTHOOK: query: EXPLAIN select count(*) from srcpart join srcpart_date_n4 on (srcpart.ds = srcpart_date_n4.ds) join srcpart_hour_n1 on (srcpart.hr = srcpart_hour_n1.hr) 
where srcpart_date_n4.`date` = '2008-04-08' and srcpart.hr = 13
POSTHOOK: type: QUERY
STAGE DEPENDENCIES:
  Stage-3 is a root stage
  Stage-2 depends on stages: Stage-3
  Stage-1 depends on stages: Stage-2
  Stage-0 depends on stages: Stage-1

STAGE PLANS:
  Stage: Stage-3
    Spark
#### A masked pattern was here ####
      Vertices:
        Map 2 
            Map Operator Tree:
                TableScan
                  alias: srcpart
                  filterExpr: ((UDFToDouble(hr) = 13.0D) and ds is not null) (type: boolean)
                  Statistics: Num rows: 1 Data size: 0 Basic stats: PARTIAL Column stats: NONE
                  Filter Operator
                    predicate: ((UDFToDouble(hr) = 13.0D) and ds is not null) (type: boolean)
                    Statistics: Num rows: 1 Data size: 0 Basic stats: PARTIAL Column stats: NONE
                    Select Operator
                      expressions: ds (type: string), hr (type: string)
                      outputColumnNames: _col0, _col1
                      Statistics: Num rows: 1 Data size: 0 Basic stats: PARTIAL Column stats: NONE
                      Spark HashTable Sink Operator
                        keys:
                          0 _col0 (type: string)
                          1 _col1 (type: string)
            Local Work:
              Map Reduce Local Work

  Stage: Stage-2
    Spark
#### A masked pattern was here ####
      Vertices:
        Map 1 
            Map Operator Tree:
                TableScan
                  alias: srcpart_hour_n1
                  filterExpr: (UDFToDouble(hr) = 13.0D) (type: boolean)
                  Statistics: Num rows: 2 Data size: 10 Basic stats: COMPLETE Column stats: NONE
                  Filter Operator
                    predicate: (UDFToDouble(hr) = 13.0D) (type: boolean)
                    Statistics: Num rows: 1 Data size: 5 Basic stats: COMPLETE Column stats: NONE
                    Select Operator
                      expressions: hr (type: string)
                      outputColumnNames: _col0
                      Statistics: Num rows: 1 Data size: 5 Basic stats: COMPLETE Column stats: NONE
                      Map Join Operator
                        condition map:
                             Inner Join 0 to 1
                        keys:
                          0 _col0 (type: string)
                          1 _col1 (type: string)
                        outputColumnNames: _col1
                        input vertices:
                          1 Map 2
                        Statistics: Num rows: 1 Data size: 5 Basic stats: PARTIAL Column stats: NONE
                        Spark HashTable Sink Operator
                          keys:
                            0 _col1 (type: string)
                            1 _col0 (type: string)
            Local Work:
              Map Reduce Local Work

  Stage: Stage-1
    Spark
      Edges:
        Reducer 4 <- Map 3 (GROUP, 1)
#### A masked pattern was here ####
      Vertices:
        Map 3 
            Map Operator Tree:
                TableScan
                  alias: srcpart_date_n4
                  filterExpr: ((date = '2008-04-08') and ds is not null) (type: boolean)
                  Statistics: Num rows: 2 Data size: 42 Basic stats: COMPLETE Column stats: NONE
                  Filter Operator
                    predicate: ((date = '2008-04-08') and ds is not null) (type: boolean)
                    Statistics: Num rows: 1 Data size: 21 Basic stats: COMPLETE Column stats: NONE
                    Select Operator
                      expressions: ds (type: string)
                      outputColumnNames: _col0
                      Statistics: Num rows: 1 Data size: 21 Basic stats: COMPLETE Column stats: NONE
                      Map Join Operator
                        condition map:
                             Inner Join 0 to 1
                        keys:
                          0 _col1 (type: string)
                          1 _col0 (type: string)
                        input vertices:
                          0 Map 1
                        Statistics: Num rows: 1 Data size: 5 Basic stats: PARTIAL Column stats: NONE
                        Group By Operator
                          aggregations: count()
                          mode: hash
                          outputColumnNames: _col0
                          Statistics: Num rows: 1 Data size: 8 Basic stats: PARTIAL Column stats: NONE
                          Reduce Output Operator
                            sort order: 
                            Statistics: Num rows: 1 Data size: 8 Basic stats: PARTIAL Column stats: NONE
                            value expressions: _col0 (type: bigint)
            Local Work:
              Map Reduce Local Work
        Reducer 4 
            Reduce Operator Tree:
              Group By Operator
                aggregations: count(VALUE._col0)
                mode: mergepartial
                outputColumnNames: _col0
                Statistics: Num rows: 1 Data size: 8 Basic stats: PARTIAL Column stats: NONE
                File Output Operator
                  compressed: false
                  Statistics: Num rows: 1 Data size: 8 Basic stats: PARTIAL Column stats: NONE
                  table:
                      input format: org.apache.hadoop.mapred.SequenceFileInputFormat
                      output format: org.apache.hadoop.hive.ql.io.HiveSequenceFileOutputFormat
                      serde: org.apache.hadoop.hive.serde2.lazy.LazySimpleSerDe

  Stage: Stage-0
    Fetch Operator
      limit: -1
      Processor Tree:
        ListSink

PREHOOK: query: select count(*) from srcpart join srcpart_date_n4 on (srcpart.ds = srcpart_date_n4.ds) join srcpart_hour_n1 on (srcpart.hr = srcpart_hour_n1.hr)
where srcpart_date_n4.`date` = '2008-04-08' and srcpart.hr = 13
PREHOOK: type: QUERY
PREHOOK: Input: default@srcpart
PREHOOK: Input: default@srcpart_date_n4
PREHOOK: Input: default@srcpart_hour_n1
PREHOOK: Output: hdfs://### HDFS PATH ###
POSTHOOK: query: select count(*) from srcpart join srcpart_date_n4 on (srcpart.ds = srcpart_date_n4.ds) join srcpart_hour_n1 on (srcpart.hr = srcpart_hour_n1.hr)
where srcpart_date_n4.`date` = '2008-04-08' and srcpart.hr = 13
POSTHOOK: type: QUERY
POSTHOOK: Input: default@srcpart
POSTHOOK: Input: default@srcpart_date_n4
POSTHOOK: Input: default@srcpart_hour_n1
POSTHOOK: Output: hdfs://### HDFS PATH ###
0
PREHOOK: query: EXPLAIN select distinct(ds) from srcpart where srcpart.ds in (select max(srcpart.ds) from srcpart union all select min(srcpart.ds) from srcpart)
PREHOOK: type: QUERY
POSTHOOK: query: EXPLAIN select distinct(ds) from srcpart where srcpart.ds in (select max(srcpart.ds) from srcpart union all select min(srcpart.ds) from srcpart)
POSTHOOK: type: QUERY
STAGE DEPENDENCIES:
  Stage-2 is a root stage
  Stage-1 depends on stages: Stage-2
  Stage-0 depends on stages: Stage-1

STAGE PLANS:
  Stage: Stage-2
    Spark
      Edges:
        Reducer 11 <- Map 10 (GROUP, 1)
        Reducer 9 <- Map 8 (GROUP, 1)
#### A masked pattern was here ####
      Vertices:
        Map 10 
            Map Operator Tree:
                TableScan
                  alias: srcpart
                  Statistics: Num rows: 2000 Data size: 21248 Basic stats: COMPLETE Column stats: NONE
                  Select Operator
                    expressions: ds (type: string)
                    outputColumnNames: ds
                    Statistics: Num rows: 2000 Data size: 21248 Basic stats: COMPLETE Column stats: NONE
                    Group By Operator
                      aggregations: min(ds)
                      mode: hash
                      outputColumnNames: _col0
                      Statistics: Num rows: 1 Data size: 184 Basic stats: COMPLETE Column stats: NONE
                      Reduce Output Operator
                        sort order: 
                        Statistics: Num rows: 1 Data size: 184 Basic stats: COMPLETE Column stats: NONE
                        value expressions: _col0 (type: string)
        Map 8 
            Map Operator Tree:
                TableScan
                  alias: srcpart
                  Statistics: Num rows: 2000 Data size: 21248 Basic stats: COMPLETE Column stats: NONE
                  Select Operator
                    expressions: ds (type: string)
                    outputColumnNames: ds
                    Statistics: Num rows: 2000 Data size: 21248 Basic stats: COMPLETE Column stats: NONE
                    Group By Operator
                      aggregations: max(ds)
                      mode: hash
                      outputColumnNames: _col0
                      Statistics: Num rows: 1 Data size: 184 Basic stats: COMPLETE Column stats: NONE
                      Reduce Output Operator
                        sort order: 
                        Statistics: Num rows: 1 Data size: 184 Basic stats: COMPLETE Column stats: NONE
                        value expressions: _col0 (type: string)
        Reducer 11 
            Reduce Operator Tree:
              Group By Operator
                aggregations: min(VALUE._col0)
                mode: mergepartial
                outputColumnNames: _col0
                Statistics: Num rows: 1 Data size: 184 Basic stats: COMPLETE Column stats: NONE
                Filter Operator
                  predicate: _col0 is not null (type: boolean)
                  Statistics: Num rows: 1 Data size: 184 Basic stats: COMPLETE Column stats: NONE
                  Group By Operator
                    keys: _col0 (type: string)
                    mode: hash
                    outputColumnNames: _col0
                    Statistics: Num rows: 2 Data size: 368 Basic stats: COMPLETE Column stats: NONE
                    Select Operator
                      expressions: _col0 (type: string)
                      outputColumnNames: _col0
                      Statistics: Num rows: 2 Data size: 368 Basic stats: COMPLETE Column stats: NONE
                      Group By Operator
                        keys: _col0 (type: string)
                        mode: hash
                        outputColumnNames: _col0
                        Statistics: Num rows: 2 Data size: 368 Basic stats: COMPLETE Column stats: NONE
                        Spark Partition Pruning Sink Operator
                          Target Columns: [Map 1 -> [ds:string (ds)]]
                          Statistics: Num rows: 2 Data size: 368 Basic stats: COMPLETE Column stats: NONE
        Reducer 9 
            Reduce Operator Tree:
              Group By Operator
                aggregations: max(VALUE._col0)
                mode: mergepartial
                outputColumnNames: _col0
                Statistics: Num rows: 1 Data size: 184 Basic stats: COMPLETE Column stats: NONE
                Filter Operator
                  predicate: _col0 is not null (type: boolean)
                  Statistics: Num rows: 1 Data size: 184 Basic stats: COMPLETE Column stats: NONE
                  Group By Operator
                    keys: _col0 (type: string)
                    mode: hash
                    outputColumnNames: _col0
                    Statistics: Num rows: 2 Data size: 368 Basic stats: COMPLETE Column stats: NONE
                    Select Operator
                      expressions: _col0 (type: string)
                      outputColumnNames: _col0
                      Statistics: Num rows: 2 Data size: 368 Basic stats: COMPLETE Column stats: NONE
                      Group By Operator
                        keys: _col0 (type: string)
                        mode: hash
                        outputColumnNames: _col0
                        Statistics: Num rows: 2 Data size: 368 Basic stats: COMPLETE Column stats: NONE
                        Spark Partition Pruning Sink Operator
                          Target Columns: [Map 1 -> [ds:string (ds)]]
                          Statistics: Num rows: 2 Data size: 368 Basic stats: COMPLETE Column stats: NONE

  Stage: Stage-1
    Spark
      Edges:
        Reducer 2 <- Map 1 (PARTITION-LEVEL SORT, 4), Reducer 5 (PARTITION-LEVEL SORT, 4), Reducer 7 (PARTITION-LEVEL SORT, 4)
        Reducer 3 <- Reducer 2 (GROUP, 4)
        Reducer 5 <- Map 4 (GROUP, 1)
        Reducer 7 <- Map 6 (GROUP, 1)
#### A masked pattern was here ####
      Vertices:
        Map 1 
            Map Operator Tree:
                TableScan
                  alias: srcpart
                  filterExpr: ds is not null (type: boolean)
                  Statistics: Num rows: 2000 Data size: 21248 Basic stats: COMPLETE Column stats: NONE
                  Select Operator
                    expressions: ds (type: string)
                    outputColumnNames: _col0
                    Statistics: Num rows: 2000 Data size: 21248 Basic stats: COMPLETE Column stats: NONE
                    Reduce Output Operator
                      key expressions: _col0 (type: string)
                      sort order: +
                      Map-reduce partition columns: _col0 (type: string)
                      Statistics: Num rows: 2000 Data size: 21248 Basic stats: COMPLETE Column stats: NONE
        Map 4 
            Map Operator Tree:
                TableScan
                  alias: srcpart
                  Statistics: Num rows: 2000 Data size: 21248 Basic stats: COMPLETE Column stats: NONE
                  Select Operator
                    expressions: ds (type: string)
                    outputColumnNames: ds
                    Statistics: Num rows: 2000 Data size: 21248 Basic stats: COMPLETE Column stats: NONE
                    Group By Operator
                      aggregations: max(ds)
                      mode: hash
                      outputColumnNames: _col0
                      Statistics: Num rows: 1 Data size: 184 Basic stats: COMPLETE Column stats: NONE
                      Reduce Output Operator
                        sort order: 
                        Statistics: Num rows: 1 Data size: 184 Basic stats: COMPLETE Column stats: NONE
                        value expressions: _col0 (type: string)
        Map 6 
            Map Operator Tree:
                TableScan
                  alias: srcpart
                  Statistics: Num rows: 2000 Data size: 21248 Basic stats: COMPLETE Column stats: NONE
                  Select Operator
                    expressions: ds (type: string)
                    outputColumnNames: ds
                    Statistics: Num rows: 2000 Data size: 21248 Basic stats: COMPLETE Column stats: NONE
                    Group By Operator
                      aggregations: min(ds)
                      mode: hash
                      outputColumnNames: _col0
                      Statistics: Num rows: 1 Data size: 184 Basic stats: COMPLETE Column stats: NONE
                      Reduce Output Operator
                        sort order: 
                        Statistics: Num rows: 1 Data size: 184 Basic stats: COMPLETE Column stats: NONE
                        value expressions: _col0 (type: string)
        Reducer 2 
            Reduce Operator Tree:
              Join Operator
                condition map:
                     Left Semi Join 0 to 1
                keys:
                  0 _col0 (type: string)
                  1 _col0 (type: string)
                outputColumnNames: _col0
                Statistics: Num rows: 2200 Data size: 23372 Basic stats: COMPLETE Column stats: NONE
                Group By Operator
                  keys: _col0 (type: string)
                  mode: hash
                  outputColumnNames: _col0
                  Statistics: Num rows: 2200 Data size: 23372 Basic stats: COMPLETE Column stats: NONE
                  Reduce Output Operator
                    key expressions: _col0 (type: string)
                    sort order: +
                    Map-reduce partition columns: _col0 (type: string)
                    Statistics: Num rows: 2200 Data size: 23372 Basic stats: COMPLETE Column stats: NONE
        Reducer 3 
            Reduce Operator Tree:
              Group By Operator
                keys: KEY._col0 (type: string)
                mode: mergepartial
                outputColumnNames: _col0
                Statistics: Num rows: 1100 Data size: 11686 Basic stats: COMPLETE Column stats: NONE
                File Output Operator
                  compressed: false
                  Statistics: Num rows: 1100 Data size: 11686 Basic stats: COMPLETE Column stats: NONE
                  table:
                      input format: org.apache.hadoop.mapred.SequenceFileInputFormat
                      output format: org.apache.hadoop.hive.ql.io.HiveSequenceFileOutputFormat
                      serde: org.apache.hadoop.hive.serde2.lazy.LazySimpleSerDe
        Reducer 5 
            Reduce Operator Tree:
              Group By Operator
                aggregations: max(VALUE._col0)
                mode: mergepartial
                outputColumnNames: _col0
                Statistics: Num rows: 1 Data size: 184 Basic stats: COMPLETE Column stats: NONE
                Filter Operator
                  predicate: _col0 is not null (type: boolean)
                  Statistics: Num rows: 1 Data size: 184 Basic stats: COMPLETE Column stats: NONE
                  Group By Operator
                    keys: _col0 (type: string)
                    mode: hash
                    outputColumnNames: _col0
                    Statistics: Num rows: 2 Data size: 368 Basic stats: COMPLETE Column stats: NONE
                    Reduce Output Operator
                      key expressions: _col0 (type: string)
                      sort order: +
                      Map-reduce partition columns: _col0 (type: string)
                      Statistics: Num rows: 2 Data size: 368 Basic stats: COMPLETE Column stats: NONE
        Reducer 7 
            Reduce Operator Tree:
              Group By Operator
                aggregations: min(VALUE._col0)
                mode: mergepartial
                outputColumnNames: _col0
                Statistics: Num rows: 1 Data size: 184 Basic stats: COMPLETE Column stats: NONE
                Filter Operator
                  predicate: _col0 is not null (type: boolean)
                  Statistics: Num rows: 1 Data size: 184 Basic stats: COMPLETE Column stats: NONE
                  Group By Operator
                    keys: _col0 (type: string)
                    mode: hash
                    outputColumnNames: _col0
                    Statistics: Num rows: 2 Data size: 368 Basic stats: COMPLETE Column stats: NONE
                    Reduce Output Operator
                      key expressions: _col0 (type: string)
                      sort order: +
                      Map-reduce partition columns: _col0 (type: string)
                      Statistics: Num rows: 2 Data size: 368 Basic stats: COMPLETE Column stats: NONE

  Stage: Stage-0
    Fetch Operator
      limit: -1
      Processor Tree:
        ListSink

PREHOOK: query: select distinct(ds) from srcpart where srcpart.ds in (select max(srcpart.ds) from srcpart union all select min(srcpart.ds) from srcpart)
PREHOOK: type: QUERY
PREHOOK: Input: default@srcpart
PREHOOK: Input: default@srcpart@ds=2008-04-08/hr=11
PREHOOK: Input: default@srcpart@ds=2008-04-08/hr=12
PREHOOK: Input: default@srcpart@ds=2008-04-09/hr=11
PREHOOK: Input: default@srcpart@ds=2008-04-09/hr=12
PREHOOK: Output: hdfs://### HDFS PATH ###
POSTHOOK: query: select distinct(ds) from srcpart where srcpart.ds in (select max(srcpart.ds) from srcpart union all select min(srcpart.ds) from srcpart)
POSTHOOK: type: QUERY
POSTHOOK: Input: default@srcpart
POSTHOOK: Input: default@srcpart@ds=2008-04-08/hr=11
POSTHOOK: Input: default@srcpart@ds=2008-04-08/hr=12
POSTHOOK: Input: default@srcpart@ds=2008-04-09/hr=11
POSTHOOK: Input: default@srcpart@ds=2008-04-09/hr=12
POSTHOOK: Output: hdfs://### HDFS PATH ###
2008-04-08
2008-04-09
PREHOOK: query: create table srcpart_parquet (key int, value string) partitioned by (ds string, hr int) stored as parquet
PREHOOK: type: CREATETABLE
PREHOOK: Output: database:default
PREHOOK: Output: default@srcpart_parquet
POSTHOOK: query: create table srcpart_parquet (key int, value string) partitioned by (ds string, hr int) stored as parquet
POSTHOOK: type: CREATETABLE
POSTHOOK: Output: database:default
POSTHOOK: Output: default@srcpart_parquet
PREHOOK: query: insert into table srcpart_parquet partition (ds, hr) select key, value, ds, hr from srcpart
PREHOOK: type: QUERY
PREHOOK: Input: default@srcpart
PREHOOK: Input: default@srcpart@ds=2008-04-08/hr=11
PREHOOK: Input: default@srcpart@ds=2008-04-08/hr=12
PREHOOK: Input: default@srcpart@ds=2008-04-09/hr=11
PREHOOK: Input: default@srcpart@ds=2008-04-09/hr=12
PREHOOK: Output: default@srcpart_parquet
POSTHOOK: query: insert into table srcpart_parquet partition (ds, hr) select key, value, ds, hr from srcpart
POSTHOOK: type: QUERY
POSTHOOK: Input: default@srcpart
POSTHOOK: Input: default@srcpart@ds=2008-04-08/hr=11
POSTHOOK: Input: default@srcpart@ds=2008-04-08/hr=12
POSTHOOK: Input: default@srcpart@ds=2008-04-09/hr=11
POSTHOOK: Input: default@srcpart@ds=2008-04-09/hr=12
POSTHOOK: Output: default@srcpart_parquet@ds=2008-04-08/hr=11
POSTHOOK: Output: default@srcpart_parquet@ds=2008-04-08/hr=12
POSTHOOK: Output: default@srcpart_parquet@ds=2008-04-09/hr=11
POSTHOOK: Output: default@srcpart_parquet@ds=2008-04-09/hr=12
POSTHOOK: Lineage: srcpart_parquet PARTITION(ds=2008-04-08,hr=11).key EXPRESSION [(srcpart)srcpart.FieldSchema(name:key, type:string, comment:default), ]
POSTHOOK: Lineage: srcpart_parquet PARTITION(ds=2008-04-08,hr=11).value SIMPLE [(srcpart)srcpart.FieldSchema(name:value, type:string, comment:default), ]
POSTHOOK: Lineage: srcpart_parquet PARTITION(ds=2008-04-08,hr=12).key EXPRESSION [(srcpart)srcpart.FieldSchema(name:key, type:string, comment:default), ]
POSTHOOK: Lineage: srcpart_parquet PARTITION(ds=2008-04-08,hr=12).value SIMPLE [(srcpart)srcpart.FieldSchema(name:value, type:string, comment:default), ]
POSTHOOK: Lineage: srcpart_parquet PARTITION(ds=2008-04-09,hr=11).key EXPRESSION [(srcpart)srcpart.FieldSchema(name:key, type:string, comment:default), ]
POSTHOOK: Lineage: srcpart_parquet PARTITION(ds=2008-04-09,hr=11).value SIMPLE [(srcpart)srcpart.FieldSchema(name:value, type:string, comment:default), ]
POSTHOOK: Lineage: srcpart_parquet PARTITION(ds=2008-04-09,hr=12).key EXPRESSION [(srcpart)srcpart.FieldSchema(name:key, type:string, comment:default), ]
POSTHOOK: Lineage: srcpart_parquet PARTITION(ds=2008-04-09,hr=12).value SIMPLE [(srcpart)srcpart.FieldSchema(name:value, type:string, comment:default), ]
PREHOOK: query: EXPLAIN select count(*) from srcpart_parquet join srcpart_date_hour_n1 on (srcpart_parquet.ds = srcpart_date_hour_n1.ds and srcpart_parquet.hr = srcpart_date_hour_n1.hr) where srcpart_date_hour_n1.hour = 11 and (srcpart_date_hour_n1.`date` = '2008-04-08' or srcpart_date_hour_n1.`date` = '2008-04-09')
PREHOOK: type: QUERY
POSTHOOK: query: EXPLAIN select count(*) from srcpart_parquet join srcpart_date_hour_n1 on (srcpart_parquet.ds = srcpart_date_hour_n1.ds and srcpart_parquet.hr = srcpart_date_hour_n1.hr) where srcpart_date_hour_n1.hour = 11 and (srcpart_date_hour_n1.`date` = '2008-04-08' or srcpart_date_hour_n1.`date` = '2008-04-09')
POSTHOOK: type: QUERY
STAGE DEPENDENCIES:
  Stage-2 is a root stage
  Stage-1 depends on stages: Stage-2
  Stage-0 depends on stages: Stage-1

STAGE PLANS:
  Stage: Stage-2
    Spark
#### A masked pattern was here ####
      Vertices:
        Map 3 
            Map Operator Tree:
                TableScan
                  alias: srcpart_date_hour_n1
                  filterExpr: ((date) IN ('2008-04-08', '2008-04-09') and (UDFToDouble(hour) = 11.0D) and ds is not null and hr is not null) (type: boolean)
                  Statistics: Num rows: 4 Data size: 108 Basic stats: COMPLETE Column stats: NONE
                  Filter Operator
                    predicate: ((UDFToDouble(hour) = 11.0D) and (date) IN ('2008-04-08', '2008-04-09') and ds is not null and hr is not null) (type: boolean)
                    Statistics: Num rows: 2 Data size: 54 Basic stats: COMPLETE Column stats: NONE
                    Select Operator
                      expressions: ds (type: string), hr (type: string)
                      outputColumnNames: _col0, _col2
                      Statistics: Num rows: 2 Data size: 54 Basic stats: COMPLETE Column stats: NONE
                      Spark HashTable Sink Operator
                        keys:
                          0 _col0 (type: string), UDFToDouble(_col1) (type: double)
                          1 _col0 (type: string), UDFToDouble(_col2) (type: double)
                      Select Operator
                        expressions: _col0 (type: string)
                        outputColumnNames: _col0
                        Statistics: Num rows: 2 Data size: 54 Basic stats: COMPLETE Column stats: NONE
                        Group By Operator
                          keys: _col0 (type: string)
                          mode: hash
                          outputColumnNames: _col0
                          Statistics: Num rows: 2 Data size: 54 Basic stats: COMPLETE Column stats: NONE
                          Spark Partition Pruning Sink Operator
                            Target Columns: [Map 1 -> [ds:string (ds)]]
                            Statistics: Num rows: 2 Data size: 54 Basic stats: COMPLETE Column stats: NONE
                      Select Operator
                        expressions: UDFToDouble(_col2) (type: double)
                        outputColumnNames: _col0
                        Statistics: Num rows: 2 Data size: 54 Basic stats: COMPLETE Column stats: NONE
                        Group By Operator
                          keys: _col0 (type: double)
                          mode: hash
                          outputColumnNames: _col0
                          Statistics: Num rows: 2 Data size: 54 Basic stats: COMPLETE Column stats: NONE
                          Spark Partition Pruning Sink Operator
                            Target Columns: [Map 1 -> [hr:int (UDFToDouble(hr))]]
                            Statistics: Num rows: 2 Data size: 54 Basic stats: COMPLETE Column stats: NONE
            Local Work:
              Map Reduce Local Work

  Stage: Stage-1
    Spark
      Edges:
        Reducer 2 <- Map 1 (GROUP, 1)
#### A masked pattern was here ####
      Vertices:
        Map 1 
            Map Operator Tree:
                TableScan
                  alias: srcpart_parquet
                  Statistics: Num rows: 2000 Data size: 4000 Basic stats: COMPLETE Column stats: NONE
                  Select Operator
                    expressions: ds (type: string), hr (type: int)
                    outputColumnNames: _col0, _col1
                    Statistics: Num rows: 2000 Data size: 4000 Basic stats: COMPLETE Column stats: NONE
                    Map Join Operator
                      condition map:
                           Inner Join 0 to 1
                      keys:
                        0 _col0 (type: string), UDFToDouble(_col1) (type: double)
                        1 _col0 (type: string), UDFToDouble(_col2) (type: double)
                      input vertices:
                        1 Map 3
                      Statistics: Num rows: 2200 Data size: 4400 Basic stats: COMPLETE Column stats: NONE
                      Group By Operator
                        aggregations: count()
                        mode: hash
                        outputColumnNames: _col0
                        Statistics: Num rows: 1 Data size: 8 Basic stats: COMPLETE Column stats: NONE
                        Reduce Output Operator
                          sort order: 
                          Statistics: Num rows: 1 Data size: 8 Basic stats: COMPLETE Column stats: NONE
                          value expressions: _col0 (type: bigint)
            Local Work:
              Map Reduce Local Work
        Reducer 2 
            Reduce Operator Tree:
              Group By Operator
                aggregations: count(VALUE._col0)
                mode: mergepartial
                outputColumnNames: _col0
                Statistics: Num rows: 1 Data size: 8 Basic stats: COMPLETE Column stats: NONE
                File Output Operator
                  compressed: false
                  Statistics: Num rows: 1 Data size: 8 Basic stats: COMPLETE Column stats: NONE
                  table:
                      input format: org.apache.hadoop.mapred.SequenceFileInputFormat
                      output format: org.apache.hadoop.hive.ql.io.HiveSequenceFileOutputFormat
                      serde: org.apache.hadoop.hive.serde2.lazy.LazySimpleSerDe

  Stage: Stage-0
    Fetch Operator
      limit: -1
      Processor Tree:
        ListSink

PREHOOK: query: select count(*) from srcpart_parquet join srcpart_date_hour_n1 on (srcpart_parquet.ds = srcpart_date_hour_n1.ds and srcpart_parquet.hr = srcpart_date_hour_n1.hr) where srcpart_date_hour_n1.hour = 11 and (srcpart_date_hour_n1.`date` = '2008-04-08' or srcpart_date_hour_n1.`date` = '2008-04-09')
PREHOOK: type: QUERY
PREHOOK: Input: default@srcpart_date_hour_n1
PREHOOK: Input: default@srcpart_parquet
PREHOOK: Input: default@srcpart_parquet@ds=2008-04-08/hr=11
PREHOOK: Input: default@srcpart_parquet@ds=2008-04-08/hr=12
PREHOOK: Input: default@srcpart_parquet@ds=2008-04-09/hr=11
PREHOOK: Input: default@srcpart_parquet@ds=2008-04-09/hr=12
PREHOOK: Output: hdfs://### HDFS PATH ###
POSTHOOK: query: select count(*) from srcpart_parquet join srcpart_date_hour_n1 on (srcpart_parquet.ds = srcpart_date_hour_n1.ds and srcpart_parquet.hr = srcpart_date_hour_n1.hr) where srcpart_date_hour_n1.hour = 11 and (srcpart_date_hour_n1.`date` = '2008-04-08' or srcpart_date_hour_n1.`date` = '2008-04-09')
POSTHOOK: type: QUERY
POSTHOOK: Input: default@srcpart_date_hour_n1
POSTHOOK: Input: default@srcpart_parquet
POSTHOOK: Input: default@srcpart_parquet@ds=2008-04-08/hr=11
POSTHOOK: Input: default@srcpart_parquet@ds=2008-04-08/hr=12
POSTHOOK: Input: default@srcpart_parquet@ds=2008-04-09/hr=11
POSTHOOK: Input: default@srcpart_parquet@ds=2008-04-09/hr=12
POSTHOOK: Output: hdfs://### HDFS PATH ###
1000
PREHOOK: query: select count(*) from srcpart where (ds = '2008-04-08' or ds = '2008-04-09') and hr = 11
PREHOOK: type: QUERY
PREHOOK: Input: default@srcpart
PREHOOK: Output: hdfs://### HDFS PATH ###
POSTHOOK: query: select count(*) from srcpart where (ds = '2008-04-08' or ds = '2008-04-09') and hr = 11
POSTHOOK: type: QUERY
POSTHOOK: Input: default@srcpart
POSTHOOK: Output: hdfs://### HDFS PATH ###
1000
PREHOOK: query: drop table srcpart_parquet
PREHOOK: type: DROPTABLE
PREHOOK: Input: default@srcpart_parquet
PREHOOK: Output: default@srcpart_parquet
POSTHOOK: query: drop table srcpart_parquet
POSTHOOK: type: DROPTABLE
POSTHOOK: Input: default@srcpart_parquet
POSTHOOK: Output: default@srcpart_parquet
PREHOOK: query: drop table srcpart_date_n4
PREHOOK: type: DROPTABLE
PREHOOK: Input: default@srcpart_date_n4
PREHOOK: Output: default@srcpart_date_n4
POSTHOOK: query: drop table srcpart_date_n4
POSTHOOK: type: DROPTABLE
POSTHOOK: Input: default@srcpart_date_n4
POSTHOOK: Output: default@srcpart_date_n4
PREHOOK: query: drop table srcpart_hour_n1
PREHOOK: type: DROPTABLE
PREHOOK: Input: default@srcpart_hour_n1
PREHOOK: Output: default@srcpart_hour_n1
POSTHOOK: query: drop table srcpart_hour_n1
POSTHOOK: type: DROPTABLE
POSTHOOK: Input: default@srcpart_hour_n1
POSTHOOK: Output: default@srcpart_hour_n1
PREHOOK: query: drop table srcpart_date_hour_n1
PREHOOK: type: DROPTABLE
PREHOOK: Input: default@srcpart_date_hour_n1
PREHOOK: Output: default@srcpart_date_hour_n1
POSTHOOK: query: drop table srcpart_date_hour_n1
POSTHOOK: type: DROPTABLE
POSTHOOK: Input: default@srcpart_date_hour_n1
POSTHOOK: Output: default@srcpart_date_hour_n1
PREHOOK: query: drop table srcpart_double_hour_n1
PREHOOK: type: DROPTABLE
PREHOOK: Input: default@srcpart_double_hour_n1
PREHOOK: Output: default@srcpart_double_hour_n1
POSTHOOK: query: drop table srcpart_double_hour_n1
POSTHOOK: type: DROPTABLE
POSTHOOK: Input: default@srcpart_double_hour_n1
POSTHOOK: Output: default@srcpart_double_hour_n1
