PREHOOK: query: create table tmptable_n4(key string, value string)
PREHOOK: type: CREATETABLE
PREHOOK: Output: database:default
PREHOOK: Output: default@tmptable_n4
POSTHOOK: query: create table tmptable_n4(key string, value string)
POSTHOOK: type: CREATETABLE
POSTHOOK: Output: database:default
POSTHOOK: Output: default@tmptable_n4
PREHOOK: query: EXPLAIN
INSERT OVERWRITE TABLE tmptable_n4
SELECT unionsrc.key, unionsrc.value 
FROM (SELECT 'tst1' AS key, cast(count(1) AS string) AS value FROM src s1
      UNION  ALL  
      SELECT s2.key AS key, s2.value AS value FROM src1 s2) unionsrc
PREHOOK: type: QUERY
POSTHOOK: query: EXPLAIN
INSERT OVERWRITE TABLE tmptable_n4
SELECT unionsrc.key, unionsrc.value 
FROM (SELECT 'tst1' AS key, cast(count(1) AS string) AS value FROM src s1
      UNION  ALL  
      SELECT s2.key AS key, s2.value AS value FROM src1 s2) unionsrc
POSTHOOK: type: QUERY
STAGE DEPENDENCIES:
  Stage-1 is a root stage
  Stage-0 depends on stages: Stage-1
  Stage-2 depends on stages: Stage-0

STAGE PLANS:
  Stage: Stage-1
    Spark
      Edges:
        Reducer 2 <- Map 1 (GROUP, 1)
#### A masked pattern was here ####
      Vertices:
        Map 1 
            Map Operator Tree:
                TableScan
                  alias: s1
                  Statistics: Num rows: 500 Data size: 5312 Basic stats: COMPLETE Column stats: COMPLETE
                  Select Operator
                    Statistics: Num rows: 500 Data size: 5312 Basic stats: COMPLETE Column stats: COMPLETE
                    Group By Operator
                      aggregations: count()
                      mode: hash
                      outputColumnNames: _col0
                      Statistics: Num rows: 1 Data size: 8 Basic stats: COMPLETE Column stats: COMPLETE
                      Reduce Output Operator
                        sort order: 
                        Statistics: Num rows: 1 Data size: 8 Basic stats: COMPLETE Column stats: COMPLETE
                        value expressions: _col0 (type: bigint)
            Execution mode: vectorized
        Map 3 
            Map Operator Tree:
                TableScan
                  alias: s2
                  Statistics: Num rows: 25 Data size: 191 Basic stats: COMPLETE Column stats: NONE
                  Select Operator
                    expressions: key (type: string), value (type: string)
                    outputColumnNames: _col0, _col1
                    Statistics: Num rows: 25 Data size: 191 Basic stats: COMPLETE Column stats: NONE
                    File Output Operator
                      compressed: false
                      Statistics: Num rows: 26 Data size: 463 Basic stats: COMPLETE Column stats: PARTIAL
                      table:
                          input format: org.apache.hadoop.mapred.TextInputFormat
                          output format: org.apache.hadoop.hive.ql.io.HiveIgnoreKeyTextOutputFormat
                          serde: org.apache.hadoop.hive.serde2.lazy.LazySimpleSerDe
                          name: default.tmptable_n4
            Execution mode: vectorized
        Reducer 2 
            Execution mode: vectorized
            Reduce Operator Tree:
              Group By Operator
                aggregations: count(VALUE._col0)
                mode: mergepartial
                outputColumnNames: _col0
                Statistics: Num rows: 1 Data size: 8 Basic stats: COMPLETE Column stats: COMPLETE
                Select Operator
                  expressions: 'tst1' (type: string), UDFToString(_col0) (type: string)
                  outputColumnNames: _col0, _col1
                  Statistics: Num rows: 1 Data size: 272 Basic stats: COMPLETE Column stats: COMPLETE
                  File Output Operator
                    compressed: false
                    Statistics: Num rows: 26 Data size: 463 Basic stats: COMPLETE Column stats: PARTIAL
                    table:
                        input format: org.apache.hadoop.mapred.TextInputFormat
                        output format: org.apache.hadoop.hive.ql.io.HiveIgnoreKeyTextOutputFormat
                        serde: org.apache.hadoop.hive.serde2.lazy.LazySimpleSerDe
                        name: default.tmptable_n4

  Stage: Stage-0
    Move Operator
      tables:
          replace: true
          table:
              input format: org.apache.hadoop.mapred.TextInputFormat
              output format: org.apache.hadoop.hive.ql.io.HiveIgnoreKeyTextOutputFormat
              serde: org.apache.hadoop.hive.serde2.lazy.LazySimpleSerDe
              name: default.tmptable_n4

  Stage: Stage-2
    Stats Work
      Basic Stats Work:

PREHOOK: query: INSERT OVERWRITE TABLE tmptable_n4
SELECT unionsrc.key, unionsrc.value 
FROM (SELECT 'tst1' AS key, cast(count(1) AS string) AS value FROM src s1
      UNION  ALL  
      SELECT s2.key AS key, s2.value AS value FROM src1 s2) unionsrc
PREHOOK: type: QUERY
PREHOOK: Input: default@src
PREHOOK: Input: default@src1
PREHOOK: Output: default@tmptable_n4
POSTHOOK: query: INSERT OVERWRITE TABLE tmptable_n4
SELECT unionsrc.key, unionsrc.value 
FROM (SELECT 'tst1' AS key, cast(count(1) AS string) AS value FROM src s1
      UNION  ALL  
      SELECT s2.key AS key, s2.value AS value FROM src1 s2) unionsrc
POSTHOOK: type: QUERY
POSTHOOK: Input: default@src
POSTHOOK: Input: default@src1
POSTHOOK: Output: default@tmptable_n4
POSTHOOK: Lineage: tmptable_n4.key EXPRESSION [(src1)s2.FieldSchema(name:key, type:string, comment:default), ]
POSTHOOK: Lineage: tmptable_n4.value EXPRESSION [(src)s1.null, (src1)s2.FieldSchema(name:value, type:string, comment:default), ]
PREHOOK: query: SELECT * FROM tmptable_n4 x SORT BY x.key, x.value
PREHOOK: type: QUERY
PREHOOK: Input: default@tmptable_n4
#### A masked pattern was here ####
POSTHOOK: query: SELECT * FROM tmptable_n4 x SORT BY x.key, x.value
POSTHOOK: type: QUERY
POSTHOOK: Input: default@tmptable_n4
#### A masked pattern was here ####
	
	
	
	
	val_165
	val_193
	val_265
	val_27
	val_409
	val_484
128	
146	val_146
150	val_150
213	val_213
224	
238	val_238
255	val_255
273	val_273
278	val_278
311	val_311
369	
401	val_401
406	val_406
66	val_66
98	val_98
tst1	500
PREHOOK: query: DESCRIBE FORMATTED tmptable_n4
PREHOOK: type: DESCTABLE
PREHOOK: Input: default@tmptable_n4
POSTHOOK: query: DESCRIBE FORMATTED tmptable_n4
POSTHOOK: type: DESCTABLE
POSTHOOK: Input: default@tmptable_n4
# col_name            	data_type           	comment             
key                 	string              	                    
value               	string              	                    
	 	 
# Detailed Table Information	 	 
Database:           	default             	 
#### A masked pattern was here ####
Retention:          	0                   	 
#### A masked pattern was here ####
Table Type:         	MANAGED_TABLE       	 
Table Parameters:	 	 
	COLUMN_STATS_ACCURATE	{\"BASIC_STATS\":\"true\"}
	bucketing_version   	2                   
	numFiles            	2                   
	numRows             	26                  
	rawDataSize         	199                 
	totalSize           	225                 
#### A masked pattern was here ####
	 	 
# Storage Information	 	 
SerDe Library:      	org.apache.hadoop.hive.serde2.lazy.LazySimpleSerDe	 
InputFormat:        	org.apache.hadoop.mapred.TextInputFormat	 
OutputFormat:       	org.apache.hadoop.hive.ql.io.HiveIgnoreKeyTextOutputFormat	 
Compressed:         	No                  	 
Num Buckets:        	-1                  	 
Bucket Columns:     	[]                  	 
Sort Columns:       	[]                  	 
Storage Desc Params:	 	 
	serialization.format	1                   
PREHOOK: query: load data local inpath '../../data/files/srcbucket20.txt' INTO TABLE tmptable_n4
PREHOOK: type: LOAD
#### A masked pattern was here ####
PREHOOK: Output: default@tmptable_n4
POSTHOOK: query: load data local inpath '../../data/files/srcbucket20.txt' INTO TABLE tmptable_n4
POSTHOOK: type: LOAD
#### A masked pattern was here ####
POSTHOOK: Output: default@tmptable_n4
PREHOOK: query: DESCRIBE FORMATTED tmptable_n4
PREHOOK: type: DESCTABLE
PREHOOK: Input: default@tmptable_n4
POSTHOOK: query: DESCRIBE FORMATTED tmptable_n4
POSTHOOK: type: DESCTABLE
POSTHOOK: Input: default@tmptable_n4
# col_name            	data_type           	comment             
key                 	string              	                    
value               	string              	                    
	 	 
# Detailed Table Information	 	 
Database:           	default             	 
#### A masked pattern was here ####
Retention:          	0                   	 
#### A masked pattern was here ####
Table Type:         	MANAGED_TABLE       	 
Table Parameters:	 	 
	bucketing_version   	2                   
	numFiles            	3                   
	numRows             	26                  
	rawDataSize         	199                 
	totalSize           	1583                
#### A masked pattern was here ####
	 	 
# Storage Information	 	 
SerDe Library:      	org.apache.hadoop.hive.serde2.lazy.LazySimpleSerDe	 
InputFormat:        	org.apache.hadoop.mapred.TextInputFormat	 
OutputFormat:       	org.apache.hadoop.hive.ql.io.HiveIgnoreKeyTextOutputFormat	 
Compressed:         	No                  	 
Num Buckets:        	-1                  	 
Bucket Columns:     	[]                  	 
Sort Columns:       	[]                  	 
Storage Desc Params:	 	 
	serialization.format	1                   
