PREHOOK: query: create table inputTbl1(key string, val string) stored as textfile
PREHOOK: type: CREATETABLE
PREHOOK: Output: database:default
PREHOOK: Output: default@inputTbl1
POSTHOOK: query: create table inputTbl1(key string, val string) stored as textfile
POSTHOOK: type: CREATETABLE
POSTHOOK: Output: database:default
POSTHOOK: Output: default@inputTbl1
PREHOOK: query: create table outputTbl1(key string, `values` bigint) stored as rcfile
PREHOOK: type: CREATETABLE
PREHOOK: Output: database:default
PREHOOK: Output: default@outputTbl1
POSTHOOK: query: create table outputTbl1(key string, `values` bigint) stored as rcfile
POSTHOOK: type: CREATETABLE
POSTHOOK: Output: database:default
POSTHOOK: Output: default@outputTbl1
PREHOOK: query: load data local inpath '../../data/files/T1.txt' into table inputTbl1
PREHOOK: type: LOAD
#### A masked pattern was here ####
PREHOOK: Output: default@inputtbl1
POSTHOOK: query: load data local inpath '../../data/files/T1.txt' into table inputTbl1
POSTHOOK: type: LOAD
#### A masked pattern was here ####
POSTHOOK: Output: default@inputtbl1
PREHOOK: query: explain
insert overwrite table outputTbl1
SELECT * FROM
(
select key, count(1) as `values` from inputTbl1 group by key
union all
select a.key as key, cast(b.val as bigint) as `values`
FROM inputTbl1 a join inputTbl1 b on a.key=b.key
)c
PREHOOK: type: QUERY
POSTHOOK: query: explain
insert overwrite table outputTbl1
SELECT * FROM
(
select key, count(1) as `values` from inputTbl1 group by key
union all
select a.key as key, cast(b.val as bigint) as `values`
FROM inputTbl1 a join inputTbl1 b on a.key=b.key
)c
POSTHOOK: type: QUERY
STAGE DEPENDENCIES:
  Stage-7 is a root stage
  Stage-1 depends on stages: Stage-7
  Stage-6 depends on stages: Stage-1 , consists of Stage-3, Stage-2, Stage-4
  Stage-3
  Stage-0 depends on stages: Stage-3, Stage-2, Stage-5
  Stage-2
  Stage-4
  Stage-5 depends on stages: Stage-4

STAGE PLANS:
  Stage: Stage-7
    Spark
#### A masked pattern was here ####
      Vertices:
        Map 4 
            Map Operator Tree:
                TableScan
                  alias: b
                  Statistics: Num rows: 1 Data size: 30 Basic stats: COMPLETE Column stats: NONE
                  Filter Operator
                    predicate: key is not null (type: boolean)
                    Statistics: Num rows: 1 Data size: 30 Basic stats: COMPLETE Column stats: NONE
                    Select Operator
                      expressions: key (type: string), val (type: string)
                      outputColumnNames: _col0, _col1
                      Statistics: Num rows: 1 Data size: 30 Basic stats: COMPLETE Column stats: NONE
                      Spark HashTable Sink Operator
                        keys:
                          0 _col0 (type: string)
                          1 _col0 (type: string)
            Local Work:
              Map Reduce Local Work

  Stage: Stage-1
    Spark
      Edges:
        Reducer 2 <- Map 1 (GROUP, 2)
#### A masked pattern was here ####
      Vertices:
        Map 1 
            Map Operator Tree:
                TableScan
                  alias: inputtbl1
                  Statistics: Num rows: 1 Data size: 30 Basic stats: COMPLETE Column stats: NONE
                  Select Operator
                    expressions: key (type: string)
                    outputColumnNames: key
                    Statistics: Num rows: 1 Data size: 30 Basic stats: COMPLETE Column stats: NONE
                    Group By Operator
                      aggregations: count()
                      keys: key (type: string)
                      mode: hash
                      outputColumnNames: _col0, _col1
                      Statistics: Num rows: 1 Data size: 30 Basic stats: COMPLETE Column stats: NONE
                      Reduce Output Operator
                        key expressions: _col0 (type: string)
                        sort order: +
                        Map-reduce partition columns: _col0 (type: string)
                        Statistics: Num rows: 1 Data size: 30 Basic stats: COMPLETE Column stats: NONE
                        value expressions: _col1 (type: bigint)
        Map 3 
            Map Operator Tree:
                TableScan
                  alias: a
                  Statistics: Num rows: 1 Data size: 30 Basic stats: COMPLETE Column stats: NONE
                  Filter Operator
                    predicate: key is not null (type: boolean)
                    Statistics: Num rows: 1 Data size: 30 Basic stats: COMPLETE Column stats: NONE
                    Select Operator
                      expressions: key (type: string)
                      outputColumnNames: _col0
                      Statistics: Num rows: 1 Data size: 30 Basic stats: COMPLETE Column stats: NONE
                      Map Join Operator
                        condition map:
                             Inner Join 0 to 1
                        keys:
                          0 _col0 (type: string)
                          1 _col0 (type: string)
                        outputColumnNames: _col0, _col2
                        input vertices:
                          1 Map 4
                        Statistics: Num rows: 1 Data size: 33 Basic stats: COMPLETE Column stats: NONE
                        Select Operator
                          expressions: _col0 (type: string), UDFToLong(_col2) (type: bigint)
                          outputColumnNames: _col0, _col1
                          Statistics: Num rows: 1 Data size: 33 Basic stats: COMPLETE Column stats: NONE
                          File Output Operator
                            compressed: false
                            Statistics: Num rows: 2 Data size: 63 Basic stats: COMPLETE Column stats: NONE
                            table:
                                input format: org.apache.hadoop.hive.ql.io.RCFileInputFormat
                                output format: org.apache.hadoop.hive.ql.io.RCFileOutputFormat
                                serde: org.apache.hadoop.hive.serde2.columnar.ColumnarSerDe
                                name: default.outputtbl1
            Local Work:
              Map Reduce Local Work
        Reducer 2 
            Reduce Operator Tree:
              Group By Operator
                aggregations: count(VALUE._col0)
                keys: KEY._col0 (type: string)
                mode: mergepartial
                outputColumnNames: _col0, _col1
                Statistics: Num rows: 1 Data size: 30 Basic stats: COMPLETE Column stats: NONE
                File Output Operator
                  compressed: false
                  Statistics: Num rows: 2 Data size: 63 Basic stats: COMPLETE Column stats: NONE
                  table:
                      input format: org.apache.hadoop.hive.ql.io.RCFileInputFormat
                      output format: org.apache.hadoop.hive.ql.io.RCFileOutputFormat
                      serde: org.apache.hadoop.hive.serde2.columnar.ColumnarSerDe
                      name: default.outputtbl1

  Stage: Stage-6
    Conditional Operator

  Stage: Stage-3
    Move Operator
      files:
          hdfs directory: true
#### A masked pattern was here ####

  Stage: Stage-0
    Move Operator
      tables:
          replace: true
          table:
              input format: org.apache.hadoop.hive.ql.io.RCFileInputFormat
              output format: org.apache.hadoop.hive.ql.io.RCFileOutputFormat
              serde: org.apache.hadoop.hive.serde2.columnar.ColumnarSerDe
              name: default.outputtbl1

  Stage: Stage-2
    Spark
#### A masked pattern was here ####
      Vertices:
        Spark Merge File Work 
          Merge File Operator
            Map Operator Tree:
                RCFile Merge Operator
            merge level: block
            input format: org.apache.hadoop.hive.ql.io.RCFileInputFormat

  Stage: Stage-4
    Spark
#### A masked pattern was here ####
      Vertices:
        Spark Merge File Work 
          Merge File Operator
            Map Operator Tree:
                RCFile Merge Operator
            merge level: block
            input format: org.apache.hadoop.hive.ql.io.RCFileInputFormat

  Stage: Stage-5
    Move Operator
      files:
          hdfs directory: true
#### A masked pattern was here ####

PREHOOK: query: insert overwrite table outputTbl1
SELECT * FROM
(
select key, count(1) as `values` from inputTbl1 group by key
union all
select a.key as key, cast(b.val as bigint) as `values`
FROM inputTbl1 a join inputTbl1 b on a.key=b.key
)c
PREHOOK: type: QUERY
PREHOOK: Input: default@inputtbl1
PREHOOK: Output: default@outputtbl1
POSTHOOK: query: insert overwrite table outputTbl1
SELECT * FROM
(
select key, count(1) as `values` from inputTbl1 group by key
union all
select a.key as key, cast(b.val as bigint) as `values`
FROM inputTbl1 a join inputTbl1 b on a.key=b.key
)c
POSTHOOK: type: QUERY
POSTHOOK: Input: default@inputtbl1
POSTHOOK: Output: default@outputtbl1
POSTHOOK: Lineage: outputtbl1.key EXPRESSION [(inputtbl1)inputtbl1.FieldSchema(name:key, type:string, comment:null), (inputtbl1)a.FieldSchema(name:key, type:string, comment:null), ]
POSTHOOK: Lineage: outputtbl1.values EXPRESSION [(inputtbl1)inputtbl1.null, (inputtbl1)b.FieldSchema(name:val, type:string, comment:null), ]
PREHOOK: query: desc formatted outputTbl1
PREHOOK: type: DESCTABLE
PREHOOK: Input: default@outputtbl1
POSTHOOK: query: desc formatted outputTbl1
POSTHOOK: type: DESCTABLE
POSTHOOK: Input: default@outputtbl1
# col_name            	data_type           	comment             
	 	 
key                 	string              	                    
values              	bigint              	                    
	 	 
# Detailed Table Information	 	 
Database:           	default             	 
#### A masked pattern was here ####
Retention:          	0                   	 
#### A masked pattern was here ####
Table Type:         	MANAGED_TABLE       	 
Table Parameters:	 	 
	numFiles            	3                   
	totalSize           	269                 
#### A masked pattern was here ####
	 	 
# Storage Information	 	 
SerDe Library:      	org.apache.hadoop.hive.serde2.columnar.ColumnarSerDe	 
InputFormat:        	org.apache.hadoop.hive.ql.io.RCFileInputFormat	 
OutputFormat:       	org.apache.hadoop.hive.ql.io.RCFileOutputFormat	 
Compressed:         	No                  	 
Num Buckets:        	-1                  	 
Bucket Columns:     	[]                  	 
Sort Columns:       	[]                  	 
Storage Desc Params:	 	 
	serialization.format	1                   
PREHOOK: query: select * from outputTbl1
PREHOOK: type: QUERY
PREHOOK: Input: default@outputtbl1
#### A masked pattern was here ####
POSTHOOK: query: select * from outputTbl1
POSTHOOK: type: QUERY
POSTHOOK: Input: default@outputtbl1
#### A masked pattern was here ####
1	1
1	11
2	1
2	12
3	1
3	13
7	1
7	17
8	18
8	18
8	2
8	28
8	28
