PREHOOK: query: CREATE TABLE t1_n70 AS SELECT * FROM src WHERE key < 10
PREHOOK: type: CREATETABLE_AS_SELECT
PREHOOK: Input: default@src
PREHOOK: Output: database:default
PREHOOK: Output: default@t1_n70
POSTHOOK: query: CREATE TABLE t1_n70 AS SELECT * FROM src WHERE key < 10
POSTHOOK: type: CREATETABLE_AS_SELECT
POSTHOOK: Input: default@src
POSTHOOK: Output: database:default
POSTHOOK: Output: default@t1_n70
POSTHOOK: Lineage: t1_n70.key SIMPLE [(src)src.FieldSchema(name:key, type:string, comment:default), ]
POSTHOOK: Lineage: t1_n70.value SIMPLE [(src)src.FieldSchema(name:value, type:string, comment:default), ]
PREHOOK: query: CREATE TABLE t2_n43 AS SELECT * FROM src WHERE key < 10
PREHOOK: type: CREATETABLE_AS_SELECT
PREHOOK: Input: default@src
PREHOOK: Output: database:default
PREHOOK: Output: default@t2_n43
POSTHOOK: query: CREATE TABLE t2_n43 AS SELECT * FROM src WHERE key < 10
POSTHOOK: type: CREATETABLE_AS_SELECT
POSTHOOK: Input: default@src
POSTHOOK: Output: database:default
POSTHOOK: Output: default@t2_n43
POSTHOOK: Lineage: t2_n43.key SIMPLE [(src)src.FieldSchema(name:key, type:string, comment:default), ]
POSTHOOK: Lineage: t2_n43.value SIMPLE [(src)src.FieldSchema(name:value, type:string, comment:default), ]
PREHOOK: query: EXPLAIN
SELECT * FROM 
(SELECT CAST(key AS DOUBLE) AS key FROM t1_n70
UNION ALL
SELECT CAST(key AS BIGINT) AS key FROM t2_n43) a
PREHOOK: type: QUERY
PREHOOK: Input: default@t1_n70
PREHOOK: Input: default@t2_n43
#### A masked pattern was here ####
POSTHOOK: query: EXPLAIN
SELECT * FROM 
(SELECT CAST(key AS DOUBLE) AS key FROM t1_n70
UNION ALL
SELECT CAST(key AS BIGINT) AS key FROM t2_n43) a
POSTHOOK: type: QUERY
POSTHOOK: Input: default@t1_n70
POSTHOOK: Input: default@t2_n43
#### A masked pattern was here ####
STAGE DEPENDENCIES:
  Stage-1 is a root stage
  Stage-0 depends on stages: Stage-1

STAGE PLANS:
  Stage: Stage-1
    Spark
#### A masked pattern was here ####
      Vertices:
        Map 1 
            Map Operator Tree:
                TableScan
                  alias: t1_n70
                  Statistics: Num rows: 10 Data size: 70 Basic stats: COMPLETE Column stats: NONE
                  Select Operator
                    expressions: UDFToDouble(key) (type: double)
                    outputColumnNames: _col0
                    Statistics: Num rows: 10 Data size: 70 Basic stats: COMPLETE Column stats: NONE
                    File Output Operator
                      compressed: false
                      Statistics: Num rows: 20 Data size: 140 Basic stats: COMPLETE Column stats: NONE
                      table:
                          input format: org.apache.hadoop.mapred.SequenceFileInputFormat
                          output format: org.apache.hadoop.hive.ql.io.HiveSequenceFileOutputFormat
                          serde: org.apache.hadoop.hive.serde2.lazy.LazySimpleSerDe
            Execution mode: vectorized
        Map 2 
            Map Operator Tree:
                TableScan
                  alias: t2_n43
                  Statistics: Num rows: 10 Data size: 70 Basic stats: COMPLETE Column stats: NONE
                  Select Operator
                    expressions: UDFToDouble(UDFToLong(key)) (type: double)
                    outputColumnNames: _col0
                    Statistics: Num rows: 10 Data size: 70 Basic stats: COMPLETE Column stats: NONE
                    File Output Operator
                      compressed: false
                      Statistics: Num rows: 20 Data size: 140 Basic stats: COMPLETE Column stats: NONE
                      table:
                          input format: org.apache.hadoop.mapred.SequenceFileInputFormat
                          output format: org.apache.hadoop.hive.ql.io.HiveSequenceFileOutputFormat
                          serde: org.apache.hadoop.hive.serde2.lazy.LazySimpleSerDe
            Execution mode: vectorized

  Stage: Stage-0
    Fetch Operator
      limit: -1
      Processor Tree:
        ListSink

PREHOOK: query: SELECT * FROM 
(SELECT CAST(key AS DOUBLE) AS key FROM t1_n70
UNION ALL
SELECT CAST(key AS BIGINT) AS key FROM t2_n43) a
PREHOOK: type: QUERY
PREHOOK: Input: default@t1_n70
PREHOOK: Input: default@t2_n43
#### A masked pattern was here ####
POSTHOOK: query: SELECT * FROM 
(SELECT CAST(key AS DOUBLE) AS key FROM t1_n70
UNION ALL
SELECT CAST(key AS BIGINT) AS key FROM t2_n43) a
POSTHOOK: type: QUERY
POSTHOOK: Input: default@t1_n70
POSTHOOK: Input: default@t2_n43
#### A masked pattern was here ####
0.0
0.0
0.0
0.0
0.0
0.0
2.0
2.0
4.0
4.0
5.0
5.0
5.0
5.0
5.0
5.0
8.0
8.0
9.0
9.0
PREHOOK: query: EXPLAIN
SELECT * FROM 
(SELECT CAST(a.key AS BIGINT) AS key FROM t1_n70 a JOIN t2_n43 b ON a.key = b.key
UNION ALL
SELECT CAST(key AS DOUBLE) AS key FROM t2_n43) a
PREHOOK: type: QUERY
PREHOOK: Input: default@t1_n70
PREHOOK: Input: default@t2_n43
#### A masked pattern was here ####
POSTHOOK: query: EXPLAIN
SELECT * FROM 
(SELECT CAST(a.key AS BIGINT) AS key FROM t1_n70 a JOIN t2_n43 b ON a.key = b.key
UNION ALL
SELECT CAST(key AS DOUBLE) AS key FROM t2_n43) a
POSTHOOK: type: QUERY
POSTHOOK: Input: default@t1_n70
POSTHOOK: Input: default@t2_n43
#### A masked pattern was here ####
STAGE DEPENDENCIES:
  Stage-1 is a root stage
  Stage-0 depends on stages: Stage-1

STAGE PLANS:
  Stage: Stage-1
    Spark
      Edges:
        Reducer 2 <- Map 1 (PARTITION-LEVEL SORT, 2), Map 3 (PARTITION-LEVEL SORT, 2)
#### A masked pattern was here ####
      Vertices:
        Map 1 
            Map Operator Tree:
                TableScan
                  alias: a
                  Statistics: Num rows: 10 Data size: 70 Basic stats: COMPLETE Column stats: NONE
                  Filter Operator
                    predicate: key is not null (type: boolean)
                    Statistics: Num rows: 10 Data size: 70 Basic stats: COMPLETE Column stats: NONE
                    Select Operator
                      expressions: key (type: string)
                      outputColumnNames: _col0
                      Statistics: Num rows: 10 Data size: 70 Basic stats: COMPLETE Column stats: NONE
                      Reduce Output Operator
                        key expressions: _col0 (type: string)
                        sort order: +
                        Map-reduce partition columns: _col0 (type: string)
                        Statistics: Num rows: 10 Data size: 70 Basic stats: COMPLETE Column stats: NONE
            Execution mode: vectorized
        Map 3 
            Map Operator Tree:
                TableScan
                  alias: b
                  Statistics: Num rows: 10 Data size: 70 Basic stats: COMPLETE Column stats: NONE
                  Filter Operator
                    predicate: key is not null (type: boolean)
                    Statistics: Num rows: 10 Data size: 70 Basic stats: COMPLETE Column stats: NONE
                    Select Operator
                      expressions: key (type: string)
                      outputColumnNames: _col0
                      Statistics: Num rows: 10 Data size: 70 Basic stats: COMPLETE Column stats: NONE
                      Reduce Output Operator
                        key expressions: _col0 (type: string)
                        sort order: +
                        Map-reduce partition columns: _col0 (type: string)
                        Statistics: Num rows: 10 Data size: 70 Basic stats: COMPLETE Column stats: NONE
            Execution mode: vectorized
        Map 4 
            Map Operator Tree:
                TableScan
                  alias: t2_n43
                  Statistics: Num rows: 10 Data size: 70 Basic stats: COMPLETE Column stats: NONE
                  Select Operator
                    expressions: UDFToDouble(key) (type: double)
                    outputColumnNames: _col0
                    Statistics: Num rows: 10 Data size: 70 Basic stats: COMPLETE Column stats: NONE
                    File Output Operator
                      compressed: false
                      Statistics: Num rows: 21 Data size: 147 Basic stats: COMPLETE Column stats: NONE
                      table:
                          input format: org.apache.hadoop.mapred.SequenceFileInputFormat
                          output format: org.apache.hadoop.hive.ql.io.HiveSequenceFileOutputFormat
                          serde: org.apache.hadoop.hive.serde2.lazy.LazySimpleSerDe
            Execution mode: vectorized
        Reducer 2 
            Reduce Operator Tree:
              Join Operator
                condition map:
                     Inner Join 0 to 1
                outputColumnNames: _col0
                Statistics: Num rows: 11 Data size: 77 Basic stats: COMPLETE Column stats: NONE
                Select Operator
                  expressions: UDFToDouble(UDFToLong(_col0)) (type: double)
                  outputColumnNames: _col0
                  Statistics: Num rows: 11 Data size: 77 Basic stats: COMPLETE Column stats: NONE
                  File Output Operator
                    compressed: false
                    Statistics: Num rows: 21 Data size: 147 Basic stats: COMPLETE Column stats: NONE
                    table:
                        input format: org.apache.hadoop.mapred.SequenceFileInputFormat
                        output format: org.apache.hadoop.hive.ql.io.HiveSequenceFileOutputFormat
                        serde: org.apache.hadoop.hive.serde2.lazy.LazySimpleSerDe

  Stage: Stage-0
    Fetch Operator
      limit: -1
      Processor Tree:
        ListSink

PREHOOK: query: SELECT * FROM 
(SELECT CAST(a.key AS BIGINT) AS key FROM t1_n70 a JOIN t2_n43 b ON a.key = b.key
UNION ALL
SELECT CAST(key AS DOUBLE) AS key FROM t2_n43) a
PREHOOK: type: QUERY
PREHOOK: Input: default@t1_n70
PREHOOK: Input: default@t2_n43
#### A masked pattern was here ####
POSTHOOK: query: SELECT * FROM 
(SELECT CAST(a.key AS BIGINT) AS key FROM t1_n70 a JOIN t2_n43 b ON a.key = b.key
UNION ALL
SELECT CAST(key AS DOUBLE) AS key FROM t2_n43) a
POSTHOOK: type: QUERY
POSTHOOK: Input: default@t1_n70
POSTHOOK: Input: default@t2_n43
#### A masked pattern was here ####
0.0
0.0
0.0
0.0
0.0
0.0
0.0
0.0
0.0
0.0
0.0
0.0
2.0
2.0
4.0
4.0
5.0
5.0
5.0
5.0
5.0
5.0
5.0
5.0
5.0
5.0
5.0
5.0
8.0
8.0
9.0
9.0
PREHOOK: query: EXPLAIN
SELECT * FROM 
(SELECT CAST(key AS DOUBLE) AS key FROM t2_n43
UNION ALL
SELECT CAST(a.key AS BIGINT) AS key FROM t1_n70 a JOIN t2_n43 b ON a.key = b.key) a
PREHOOK: type: QUERY
PREHOOK: Input: default@t1_n70
PREHOOK: Input: default@t2_n43
#### A masked pattern was here ####
POSTHOOK: query: EXPLAIN
SELECT * FROM 
(SELECT CAST(key AS DOUBLE) AS key FROM t2_n43
UNION ALL
SELECT CAST(a.key AS BIGINT) AS key FROM t1_n70 a JOIN t2_n43 b ON a.key = b.key) a
POSTHOOK: type: QUERY
POSTHOOK: Input: default@t1_n70
POSTHOOK: Input: default@t2_n43
#### A masked pattern was here ####
STAGE DEPENDENCIES:
  Stage-1 is a root stage
  Stage-0 depends on stages: Stage-1

STAGE PLANS:
  Stage: Stage-1
    Spark
      Edges:
        Reducer 3 <- Map 2 (PARTITION-LEVEL SORT, 2), Map 4 (PARTITION-LEVEL SORT, 2)
#### A masked pattern was here ####
      Vertices:
        Map 1 
            Map Operator Tree:
                TableScan
                  alias: t2_n43
                  Statistics: Num rows: 10 Data size: 70 Basic stats: COMPLETE Column stats: NONE
                  Select Operator
                    expressions: UDFToDouble(key) (type: double)
                    outputColumnNames: _col0
                    Statistics: Num rows: 10 Data size: 70 Basic stats: COMPLETE Column stats: NONE
                    File Output Operator
                      compressed: false
                      Statistics: Num rows: 21 Data size: 147 Basic stats: COMPLETE Column stats: NONE
                      table:
                          input format: org.apache.hadoop.mapred.SequenceFileInputFormat
                          output format: org.apache.hadoop.hive.ql.io.HiveSequenceFileOutputFormat
                          serde: org.apache.hadoop.hive.serde2.lazy.LazySimpleSerDe
            Execution mode: vectorized
        Map 2 
            Map Operator Tree:
                TableScan
                  alias: a
                  Statistics: Num rows: 10 Data size: 70 Basic stats: COMPLETE Column stats: NONE
                  Filter Operator
                    predicate: key is not null (type: boolean)
                    Statistics: Num rows: 10 Data size: 70 Basic stats: COMPLETE Column stats: NONE
                    Select Operator
                      expressions: key (type: string)
                      outputColumnNames: _col0
                      Statistics: Num rows: 10 Data size: 70 Basic stats: COMPLETE Column stats: NONE
                      Reduce Output Operator
                        key expressions: _col0 (type: string)
                        sort order: +
                        Map-reduce partition columns: _col0 (type: string)
                        Statistics: Num rows: 10 Data size: 70 Basic stats: COMPLETE Column stats: NONE
            Execution mode: vectorized
        Map 4 
            Map Operator Tree:
                TableScan
                  alias: b
                  Statistics: Num rows: 10 Data size: 70 Basic stats: COMPLETE Column stats: NONE
                  Filter Operator
                    predicate: key is not null (type: boolean)
                    Statistics: Num rows: 10 Data size: 70 Basic stats: COMPLETE Column stats: NONE
                    Select Operator
                      expressions: key (type: string)
                      outputColumnNames: _col0
                      Statistics: Num rows: 10 Data size: 70 Basic stats: COMPLETE Column stats: NONE
                      Reduce Output Operator
                        key expressions: _col0 (type: string)
                        sort order: +
                        Map-reduce partition columns: _col0 (type: string)
                        Statistics: Num rows: 10 Data size: 70 Basic stats: COMPLETE Column stats: NONE
            Execution mode: vectorized
        Reducer 3 
            Reduce Operator Tree:
              Join Operator
                condition map:
                     Inner Join 0 to 1
                outputColumnNames: _col0
                Statistics: Num rows: 11 Data size: 77 Basic stats: COMPLETE Column stats: NONE
                Select Operator
                  expressions: UDFToDouble(UDFToLong(_col0)) (type: double)
                  outputColumnNames: _col0
                  Statistics: Num rows: 11 Data size: 77 Basic stats: COMPLETE Column stats: NONE
                  File Output Operator
                    compressed: false
                    Statistics: Num rows: 21 Data size: 147 Basic stats: COMPLETE Column stats: NONE
                    table:
                        input format: org.apache.hadoop.mapred.SequenceFileInputFormat
                        output format: org.apache.hadoop.hive.ql.io.HiveSequenceFileOutputFormat
                        serde: org.apache.hadoop.hive.serde2.lazy.LazySimpleSerDe

  Stage: Stage-0
    Fetch Operator
      limit: -1
      Processor Tree:
        ListSink

PREHOOK: query: SELECT * FROM 
(SELECT CAST(key AS DOUBLE) AS key FROM t2_n43
UNION ALL
SELECT CAST(a.key AS BIGINT) AS key FROM t1_n70 a JOIN t2_n43 b ON a.key = b.key) a
PREHOOK: type: QUERY
PREHOOK: Input: default@t1_n70
PREHOOK: Input: default@t2_n43
#### A masked pattern was here ####
POSTHOOK: query: SELECT * FROM 
(SELECT CAST(key AS DOUBLE) AS key FROM t2_n43
UNION ALL
SELECT CAST(a.key AS BIGINT) AS key FROM t1_n70 a JOIN t2_n43 b ON a.key = b.key) a
POSTHOOK: type: QUERY
POSTHOOK: Input: default@t1_n70
POSTHOOK: Input: default@t2_n43
#### A masked pattern was here ####
0.0
0.0
0.0
0.0
0.0
0.0
0.0
0.0
0.0
0.0
0.0
0.0
2.0
2.0
4.0
4.0
5.0
5.0
5.0
5.0
5.0
5.0
5.0
5.0
5.0
5.0
5.0
5.0
8.0
8.0
9.0
9.0
PREHOOK: query: EXPLAIN
SELECT * FROM 
(SELECT CAST(a.key AS BIGINT) AS key, CAST(b.key AS CHAR(20)) AS value FROM t1_n70 a JOIN t2_n43 b ON a.key = b.key
UNION ALL
SELECT CAST(key AS DOUBLE) AS key, CAST(key AS STRING) AS value FROM t2_n43) a
PREHOOK: type: QUERY
PREHOOK: Input: default@t1_n70
PREHOOK: Input: default@t2_n43
#### A masked pattern was here ####
POSTHOOK: query: EXPLAIN
SELECT * FROM 
(SELECT CAST(a.key AS BIGINT) AS key, CAST(b.key AS CHAR(20)) AS value FROM t1_n70 a JOIN t2_n43 b ON a.key = b.key
UNION ALL
SELECT CAST(key AS DOUBLE) AS key, CAST(key AS STRING) AS value FROM t2_n43) a
POSTHOOK: type: QUERY
POSTHOOK: Input: default@t1_n70
POSTHOOK: Input: default@t2_n43
#### A masked pattern was here ####
STAGE DEPENDENCIES:
  Stage-1 is a root stage
  Stage-0 depends on stages: Stage-1

STAGE PLANS:
  Stage: Stage-1
    Spark
      Edges:
        Reducer 2 <- Map 1 (PARTITION-LEVEL SORT, 2), Map 3 (PARTITION-LEVEL SORT, 2)
#### A masked pattern was here ####
      Vertices:
        Map 1 
            Map Operator Tree:
                TableScan
                  alias: a
                  Statistics: Num rows: 10 Data size: 70 Basic stats: COMPLETE Column stats: NONE
                  Filter Operator
                    predicate: key is not null (type: boolean)
                    Statistics: Num rows: 10 Data size: 70 Basic stats: COMPLETE Column stats: NONE
                    Select Operator
                      expressions: key (type: string)
                      outputColumnNames: _col0
                      Statistics: Num rows: 10 Data size: 70 Basic stats: COMPLETE Column stats: NONE
                      Reduce Output Operator
                        key expressions: _col0 (type: string)
                        sort order: +
                        Map-reduce partition columns: _col0 (type: string)
                        Statistics: Num rows: 10 Data size: 70 Basic stats: COMPLETE Column stats: NONE
            Execution mode: vectorized
        Map 3 
            Map Operator Tree:
                TableScan
                  alias: b
                  Statistics: Num rows: 10 Data size: 70 Basic stats: COMPLETE Column stats: NONE
                  Filter Operator
                    predicate: key is not null (type: boolean)
                    Statistics: Num rows: 10 Data size: 70 Basic stats: COMPLETE Column stats: NONE
                    Select Operator
                      expressions: key (type: string)
                      outputColumnNames: _col0
                      Statistics: Num rows: 10 Data size: 70 Basic stats: COMPLETE Column stats: NONE
                      Reduce Output Operator
                        key expressions: _col0 (type: string)
                        sort order: +
                        Map-reduce partition columns: _col0 (type: string)
                        Statistics: Num rows: 10 Data size: 70 Basic stats: COMPLETE Column stats: NONE
            Execution mode: vectorized
        Map 4 
            Map Operator Tree:
                TableScan
                  alias: t2_n43
                  Statistics: Num rows: 10 Data size: 70 Basic stats: COMPLETE Column stats: NONE
                  Select Operator
                    expressions: UDFToDouble(key) (type: double), key (type: string)
                    outputColumnNames: _col0, _col1
                    Statistics: Num rows: 10 Data size: 70 Basic stats: COMPLETE Column stats: NONE
                    File Output Operator
                      compressed: false
                      Statistics: Num rows: 21 Data size: 147 Basic stats: COMPLETE Column stats: NONE
                      table:
                          input format: org.apache.hadoop.mapred.SequenceFileInputFormat
                          output format: org.apache.hadoop.hive.ql.io.HiveSequenceFileOutputFormat
                          serde: org.apache.hadoop.hive.serde2.lazy.LazySimpleSerDe
            Execution mode: vectorized
        Reducer 2 
            Reduce Operator Tree:
              Join Operator
                condition map:
                     Inner Join 0 to 1
                outputColumnNames: _col0, _col1
                Statistics: Num rows: 11 Data size: 77 Basic stats: COMPLETE Column stats: NONE
                Select Operator
                  expressions: UDFToDouble(UDFToLong(_col0)) (type: double), CAST( CAST( _col1 AS CHAR(20)) AS STRING) (type: string)
                  outputColumnNames: _col0, _col1
                  Statistics: Num rows: 11 Data size: 77 Basic stats: COMPLETE Column stats: NONE
                  File Output Operator
                    compressed: false
                    Statistics: Num rows: 21 Data size: 147 Basic stats: COMPLETE Column stats: NONE
                    table:
                        input format: org.apache.hadoop.mapred.SequenceFileInputFormat
                        output format: org.apache.hadoop.hive.ql.io.HiveSequenceFileOutputFormat
                        serde: org.apache.hadoop.hive.serde2.lazy.LazySimpleSerDe

  Stage: Stage-0
    Fetch Operator
      limit: -1
      Processor Tree:
        ListSink

PREHOOK: query: SELECT * FROM 
(SELECT CAST(a.key AS BIGINT) AS key, CAST(b.key AS VARCHAR(20)) AS value FROM t1_n70 a JOIN t2_n43 b ON a.key = b.key
UNION ALL
SELECT CAST(key AS DOUBLE) AS key, CAST(key AS STRING) AS value FROM t2_n43) a
PREHOOK: type: QUERY
PREHOOK: Input: default@t1_n70
PREHOOK: Input: default@t2_n43
#### A masked pattern was here ####
POSTHOOK: query: SELECT * FROM 
(SELECT CAST(a.key AS BIGINT) AS key, CAST(b.key AS VARCHAR(20)) AS value FROM t1_n70 a JOIN t2_n43 b ON a.key = b.key
UNION ALL
SELECT CAST(key AS DOUBLE) AS key, CAST(key AS STRING) AS value FROM t2_n43) a
POSTHOOK: type: QUERY
POSTHOOK: Input: default@t1_n70
POSTHOOK: Input: default@t2_n43
#### A masked pattern was here ####
0.0	0
0.0	0
0.0	0
0.0	0
0.0	0
0.0	0
0.0	0
0.0	0
0.0	0
0.0	0
0.0	0
0.0	0
2.0	2
2.0	2
4.0	4
4.0	4
5.0	5
5.0	5
5.0	5
5.0	5
5.0	5
5.0	5
5.0	5
5.0	5
5.0	5
5.0	5
5.0	5
5.0	5
8.0	8
8.0	8
9.0	9
9.0	9
PREHOOK: query: EXPLAIN
SELECT * FROM 
(SELECT CAST(key AS DOUBLE) AS key, CAST(key AS STRING) AS value FROM t2_n43
UNION ALL
SELECT CAST(a.key AS BIGINT) AS key, CAST(b.key AS CHAR(20)) AS value FROM t1_n70 a JOIN t2_n43 b ON a.key = b.key) a
PREHOOK: type: QUERY
PREHOOK: Input: default@t1_n70
PREHOOK: Input: default@t2_n43
#### A masked pattern was here ####
POSTHOOK: query: EXPLAIN
SELECT * FROM 
(SELECT CAST(key AS DOUBLE) AS key, CAST(key AS STRING) AS value FROM t2_n43
UNION ALL
SELECT CAST(a.key AS BIGINT) AS key, CAST(b.key AS CHAR(20)) AS value FROM t1_n70 a JOIN t2_n43 b ON a.key = b.key) a
POSTHOOK: type: QUERY
POSTHOOK: Input: default@t1_n70
POSTHOOK: Input: default@t2_n43
#### A masked pattern was here ####
STAGE DEPENDENCIES:
  Stage-1 is a root stage
  Stage-0 depends on stages: Stage-1

STAGE PLANS:
  Stage: Stage-1
    Spark
      Edges:
        Reducer 3 <- Map 2 (PARTITION-LEVEL SORT, 2), Map 4 (PARTITION-LEVEL SORT, 2)
#### A masked pattern was here ####
      Vertices:
        Map 1 
            Map Operator Tree:
                TableScan
                  alias: t2_n43
                  Statistics: Num rows: 10 Data size: 70 Basic stats: COMPLETE Column stats: NONE
                  Select Operator
                    expressions: UDFToDouble(key) (type: double), key (type: string)
                    outputColumnNames: _col0, _col1
                    Statistics: Num rows: 10 Data size: 70 Basic stats: COMPLETE Column stats: NONE
                    File Output Operator
                      compressed: false
                      Statistics: Num rows: 21 Data size: 147 Basic stats: COMPLETE Column stats: NONE
                      table:
                          input format: org.apache.hadoop.mapred.SequenceFileInputFormat
                          output format: org.apache.hadoop.hive.ql.io.HiveSequenceFileOutputFormat
                          serde: org.apache.hadoop.hive.serde2.lazy.LazySimpleSerDe
            Execution mode: vectorized
        Map 2 
            Map Operator Tree:
                TableScan
                  alias: a
                  Statistics: Num rows: 10 Data size: 70 Basic stats: COMPLETE Column stats: NONE
                  Filter Operator
                    predicate: key is not null (type: boolean)
                    Statistics: Num rows: 10 Data size: 70 Basic stats: COMPLETE Column stats: NONE
                    Select Operator
                      expressions: key (type: string)
                      outputColumnNames: _col0
                      Statistics: Num rows: 10 Data size: 70 Basic stats: COMPLETE Column stats: NONE
                      Reduce Output Operator
                        key expressions: _col0 (type: string)
                        sort order: +
                        Map-reduce partition columns: _col0 (type: string)
                        Statistics: Num rows: 10 Data size: 70 Basic stats: COMPLETE Column stats: NONE
            Execution mode: vectorized
        Map 4 
            Map Operator Tree:
                TableScan
                  alias: b
                  Statistics: Num rows: 10 Data size: 70 Basic stats: COMPLETE Column stats: NONE
                  Filter Operator
                    predicate: key is not null (type: boolean)
                    Statistics: Num rows: 10 Data size: 70 Basic stats: COMPLETE Column stats: NONE
                    Select Operator
                      expressions: key (type: string)
                      outputColumnNames: _col0
                      Statistics: Num rows: 10 Data size: 70 Basic stats: COMPLETE Column stats: NONE
                      Reduce Output Operator
                        key expressions: _col0 (type: string)
                        sort order: +
                        Map-reduce partition columns: _col0 (type: string)
                        Statistics: Num rows: 10 Data size: 70 Basic stats: COMPLETE Column stats: NONE
            Execution mode: vectorized
        Reducer 3 
            Reduce Operator Tree:
              Join Operator
                condition map:
                     Inner Join 0 to 1
                outputColumnNames: _col0, _col1
                Statistics: Num rows: 11 Data size: 77 Basic stats: COMPLETE Column stats: NONE
                Select Operator
                  expressions: UDFToDouble(UDFToLong(_col0)) (type: double), CAST( CAST( _col1 AS CHAR(20)) AS STRING) (type: string)
                  outputColumnNames: _col0, _col1
                  Statistics: Num rows: 11 Data size: 77 Basic stats: COMPLETE Column stats: NONE
                  File Output Operator
                    compressed: false
                    Statistics: Num rows: 21 Data size: 147 Basic stats: COMPLETE Column stats: NONE
                    table:
                        input format: org.apache.hadoop.mapred.SequenceFileInputFormat
                        output format: org.apache.hadoop.hive.ql.io.HiveSequenceFileOutputFormat
                        serde: org.apache.hadoop.hive.serde2.lazy.LazySimpleSerDe

  Stage: Stage-0
    Fetch Operator
      limit: -1
      Processor Tree:
        ListSink

PREHOOK: query: SELECT * FROM 
(SELECT CAST(key AS DOUBLE) AS key, CAST(key AS STRING) AS value FROM t2_n43
UNION ALL
SELECT CAST(a.key AS BIGINT) AS key, CAST(b.key AS VARCHAR(20)) AS value FROM t1_n70 a JOIN t2_n43 b ON a.key = b.key) a
PREHOOK: type: QUERY
PREHOOK: Input: default@t1_n70
PREHOOK: Input: default@t2_n43
#### A masked pattern was here ####
POSTHOOK: query: SELECT * FROM 
(SELECT CAST(key AS DOUBLE) AS key, CAST(key AS STRING) AS value FROM t2_n43
UNION ALL
SELECT CAST(a.key AS BIGINT) AS key, CAST(b.key AS VARCHAR(20)) AS value FROM t1_n70 a JOIN t2_n43 b ON a.key = b.key) a
POSTHOOK: type: QUERY
POSTHOOK: Input: default@t1_n70
POSTHOOK: Input: default@t2_n43
#### A masked pattern was here ####
0.0	0
0.0	0
0.0	0
0.0	0
0.0	0
0.0	0
0.0	0
0.0	0
0.0	0
0.0	0
0.0	0
0.0	0
2.0	2
2.0	2
4.0	4
4.0	4
5.0	5
5.0	5
5.0	5
5.0	5
5.0	5
5.0	5
5.0	5
5.0	5
5.0	5
5.0	5
5.0	5
5.0	5
8.0	8
8.0	8
9.0	9
9.0	9
