PREHOOK: query: create table tmptable_n12(key string, value int)
PREHOOK: type: CREATETABLE
PREHOOK: Output: database:default
PREHOOK: Output: default@tmptable_n12
POSTHOOK: query: create table tmptable_n12(key string, value int)
POSTHOOK: type: CREATETABLE
POSTHOOK: Output: database:default
POSTHOOK: Output: default@tmptable_n12
PREHOOK: query: explain 
insert overwrite table tmptable_n12
  select unionsrc.key, unionsrc.value FROM (select 'tst1' as key, count(1) as value from src s1
                                        UNION  ALL  
                                            select 'tst2' as key, count(1) as value from src s2) unionsrc
PREHOOK: type: QUERY
POSTHOOK: query: explain 
insert overwrite table tmptable_n12
  select unionsrc.key, unionsrc.value FROM (select 'tst1' as key, count(1) as value from src s1
                                        UNION  ALL  
                                            select 'tst2' as key, count(1) as value from src s2) unionsrc
POSTHOOK: type: QUERY
STAGE DEPENDENCIES:
  Stage-1 is a root stage
  Stage-0 depends on stages: Stage-1
  Stage-2 depends on stages: Stage-0

STAGE PLANS:
  Stage: Stage-1
    Spark
      Edges:
        Reducer 2 <- Map 1 (GROUP, 1)
        Reducer 4 <- Map 3 (GROUP, 1)
#### A masked pattern was here ####
      Vertices:
        Map 1 
            Map Operator Tree:
                TableScan
                  alias: s1
                  Statistics: Num rows: 500 Data size: 5312 Basic stats: COMPLETE Column stats: COMPLETE
                  Select Operator
                    Statistics: Num rows: 500 Data size: 5312 Basic stats: COMPLETE Column stats: COMPLETE
                    Group By Operator
                      aggregations: count()
                      mode: hash
                      outputColumnNames: _col0
                      Statistics: Num rows: 1 Data size: 8 Basic stats: COMPLETE Column stats: COMPLETE
                      Reduce Output Operator
                        sort order: 
                        Statistics: Num rows: 1 Data size: 8 Basic stats: COMPLETE Column stats: COMPLETE
                        value expressions: _col0 (type: bigint)
            Execution mode: vectorized
        Map 3 
            Map Operator Tree:
                TableScan
                  alias: s2
                  Statistics: Num rows: 500 Data size: 5312 Basic stats: COMPLETE Column stats: COMPLETE
                  Select Operator
                    Statistics: Num rows: 500 Data size: 5312 Basic stats: COMPLETE Column stats: COMPLETE
                    Group By Operator
                      aggregations: count()
                      mode: hash
                      outputColumnNames: _col0
                      Statistics: Num rows: 1 Data size: 8 Basic stats: COMPLETE Column stats: COMPLETE
                      Reduce Output Operator
                        sort order: 
                        Statistics: Num rows: 1 Data size: 8 Basic stats: COMPLETE Column stats: COMPLETE
                        value expressions: _col0 (type: bigint)
            Execution mode: vectorized
        Reducer 2 
            Execution mode: vectorized
            Reduce Operator Tree:
              Group By Operator
                aggregations: count(VALUE._col0)
                mode: mergepartial
                outputColumnNames: _col0
                Statistics: Num rows: 1 Data size: 8 Basic stats: COMPLETE Column stats: COMPLETE
                Select Operator
                  expressions: 'tst1' (type: string), _col0 (type: bigint)
                  outputColumnNames: _col0, _col1
                  Statistics: Num rows: 1 Data size: 96 Basic stats: COMPLETE Column stats: COMPLETE
                  Select Operator
                    expressions: _col0 (type: string), UDFToInteger(_col1) (type: int)
                    outputColumnNames: _col0, _col1
                    Statistics: Num rows: 2 Data size: 184 Basic stats: COMPLETE Column stats: COMPLETE
                    File Output Operator
                      compressed: false
                      Statistics: Num rows: 2 Data size: 184 Basic stats: COMPLETE Column stats: COMPLETE
                      table:
                          input format: org.apache.hadoop.mapred.TextInputFormat
                          output format: org.apache.hadoop.hive.ql.io.HiveIgnoreKeyTextOutputFormat
                          serde: org.apache.hadoop.hive.serde2.lazy.LazySimpleSerDe
                          name: default.tmptable_n12
        Reducer 4 
            Execution mode: vectorized
            Reduce Operator Tree:
              Group By Operator
                aggregations: count(VALUE._col0)
                mode: mergepartial
                outputColumnNames: _col0
                Statistics: Num rows: 1 Data size: 8 Basic stats: COMPLETE Column stats: COMPLETE
                Select Operator
                  expressions: 'tst2' (type: string), _col0 (type: bigint)
                  outputColumnNames: _col0, _col1
                  Statistics: Num rows: 1 Data size: 96 Basic stats: COMPLETE Column stats: COMPLETE
                  Select Operator
                    expressions: _col0 (type: string), UDFToInteger(_col1) (type: int)
                    outputColumnNames: _col0, _col1
                    Statistics: Num rows: 2 Data size: 184 Basic stats: COMPLETE Column stats: COMPLETE
                    File Output Operator
                      compressed: false
                      Statistics: Num rows: 2 Data size: 184 Basic stats: COMPLETE Column stats: COMPLETE
                      table:
                          input format: org.apache.hadoop.mapred.TextInputFormat
                          output format: org.apache.hadoop.hive.ql.io.HiveIgnoreKeyTextOutputFormat
                          serde: org.apache.hadoop.hive.serde2.lazy.LazySimpleSerDe
                          name: default.tmptable_n12

  Stage: Stage-0
    Move Operator
      tables:
          replace: true
          table:
              input format: org.apache.hadoop.mapred.TextInputFormat
              output format: org.apache.hadoop.hive.ql.io.HiveIgnoreKeyTextOutputFormat
              serde: org.apache.hadoop.hive.serde2.lazy.LazySimpleSerDe
              name: default.tmptable_n12

  Stage: Stage-2
    Stats Work
      Basic Stats Work:

PREHOOK: query: insert overwrite table tmptable_n12
select unionsrc.key, unionsrc.value FROM (select 'tst1' as key, count(1) as value from src s1
                                        UNION  ALL  
                                          select 'tst2' as key, count(1) as value from src s2) unionsrc
PREHOOK: type: QUERY
PREHOOK: Input: default@src
PREHOOK: Output: default@tmptable_n12
POSTHOOK: query: insert overwrite table tmptable_n12
select unionsrc.key, unionsrc.value FROM (select 'tst1' as key, count(1) as value from src s1
                                        UNION  ALL  
                                          select 'tst2' as key, count(1) as value from src s2) unionsrc
POSTHOOK: type: QUERY
POSTHOOK: Input: default@src
POSTHOOK: Output: default@tmptable_n12
POSTHOOK: Lineage: tmptable_n12.key EXPRESSION []
POSTHOOK: Lineage: tmptable_n12.value EXPRESSION [(src)s1.null, (src)s2.null, ]
PREHOOK: query: select * from tmptable_n12 x sort by x.key
PREHOOK: type: QUERY
PREHOOK: Input: default@tmptable_n12
#### A masked pattern was here ####
POSTHOOK: query: select * from tmptable_n12 x sort by x.key
POSTHOOK: type: QUERY
POSTHOOK: Input: default@tmptable_n12
#### A masked pattern was here ####
tst1	500
tst2	500
