PREHOOK: query: create table inputTbl1_n17(key string, val string) stored as textfile
PREHOOK: type: CREATETABLE
PREHOOK: Output: database:default
PREHOOK: Output: default@inputTbl1_n17
POSTHOOK: query: create table inputTbl1_n17(key string, val string) stored as textfile
POSTHOOK: type: CREATETABLE
POSTHOOK: Output: database:default
POSTHOOK: Output: default@inputTbl1_n17
PREHOOK: query: create table outputTbl1_n24(key string, `values` bigint) stored as rcfile
PREHOOK: type: CREATETABLE
PREHOOK: Output: database:default
PREHOOK: Output: default@outputTbl1_n24
POSTHOOK: query: create table outputTbl1_n24(key string, `values` bigint) stored as rcfile
POSTHOOK: type: CREATETABLE
POSTHOOK: Output: database:default
POSTHOOK: Output: default@outputTbl1_n24
PREHOOK: query: load data local inpath '../../data/files/T1.txt' into table inputTbl1_n17
PREHOOK: type: LOAD
#### A masked pattern was here ####
PREHOOK: Output: default@inputtbl1_n17
POSTHOOK: query: load data local inpath '../../data/files/T1.txt' into table inputTbl1_n17
POSTHOOK: type: LOAD
#### A masked pattern was here ####
POSTHOOK: Output: default@inputtbl1_n17
PREHOOK: query: explain
insert overwrite table outputTbl1_n24
SELECT *
FROM (
  SELECT key, count(1) as `values` from inputTbl1_n17 group by key
  UNION ALL
  SELECT key, count(1) as `values` from inputTbl1_n17 group by key
) a
PREHOOK: type: QUERY
PREHOOK: Input: default@inputtbl1_n17
PREHOOK: Output: default@outputtbl1_n24
POSTHOOK: query: explain
insert overwrite table outputTbl1_n24
SELECT *
FROM (
  SELECT key, count(1) as `values` from inputTbl1_n17 group by key
  UNION ALL
  SELECT key, count(1) as `values` from inputTbl1_n17 group by key
) a
POSTHOOK: type: QUERY
POSTHOOK: Input: default@inputtbl1_n17
POSTHOOK: Output: default@outputtbl1_n24
STAGE DEPENDENCIES:
  Stage-1 is a root stage
  Stage-0 depends on stages: Stage-1

STAGE PLANS:
  Stage: Stage-1
    Spark
      Edges:
        Reducer 2 <- Map 1 (GROUP, 2)
        Reducer 4 <- Map 1 (GROUP, 2)
#### A masked pattern was here ####
      Vertices:
        Map 1 
            Map Operator Tree:
                TableScan
                  alias: inputtbl1_n17
                  Statistics: Num rows: 1 Data size: 300 Basic stats: COMPLETE Column stats: NONE
                  Select Operator
                    expressions: key (type: string)
                    outputColumnNames: key
                    Statistics: Num rows: 1 Data size: 300 Basic stats: COMPLETE Column stats: NONE
                    Group By Operator
                      aggregations: count()
                      keys: key (type: string)
                      mode: hash
                      outputColumnNames: _col0, _col1
                      Statistics: Num rows: 1 Data size: 300 Basic stats: COMPLETE Column stats: NONE
                      Reduce Output Operator
                        key expressions: _col0 (type: string)
                        sort order: +
                        Map-reduce partition columns: _col0 (type: string)
                        Statistics: Num rows: 1 Data size: 300 Basic stats: COMPLETE Column stats: NONE
                        value expressions: _col1 (type: bigint)
            Execution mode: vectorized
        Reducer 2 
            Execution mode: vectorized
            Reduce Operator Tree:
              Group By Operator
                aggregations: count(VALUE._col0)
                keys: KEY._col0 (type: string)
                mode: mergepartial
                outputColumnNames: _col0, _col1
                Statistics: Num rows: 1 Data size: 300 Basic stats: COMPLETE Column stats: NONE
                File Output Operator
                  compressed: false
                  Statistics: Num rows: 2 Data size: 600 Basic stats: COMPLETE Column stats: NONE
                  table:
                      input format: org.apache.hadoop.hive.ql.io.RCFileInputFormat
                      output format: org.apache.hadoop.hive.ql.io.RCFileOutputFormat
                      serde: org.apache.hadoop.hive.serde2.columnar.ColumnarSerDe
                      name: default.outputtbl1_n24
        Reducer 4 
            Execution mode: vectorized
            Reduce Operator Tree:
              Group By Operator
                aggregations: count(VALUE._col0)
                keys: KEY._col0 (type: string)
                mode: mergepartial
                outputColumnNames: _col0, _col1
                Statistics: Num rows: 1 Data size: 300 Basic stats: COMPLETE Column stats: NONE
                File Output Operator
                  compressed: false
                  Statistics: Num rows: 2 Data size: 600 Basic stats: COMPLETE Column stats: NONE
                  table:
                      input format: org.apache.hadoop.hive.ql.io.RCFileInputFormat
                      output format: org.apache.hadoop.hive.ql.io.RCFileOutputFormat
                      serde: org.apache.hadoop.hive.serde2.columnar.ColumnarSerDe
                      name: default.outputtbl1_n24

  Stage: Stage-0
    Move Operator
      tables:
          replace: true
          table:
              input format: org.apache.hadoop.hive.ql.io.RCFileInputFormat
              output format: org.apache.hadoop.hive.ql.io.RCFileOutputFormat
              serde: org.apache.hadoop.hive.serde2.columnar.ColumnarSerDe
              name: default.outputtbl1_n24

PREHOOK: query: insert overwrite table outputTbl1_n24
SELECT *
FROM (
  SELECT key, count(1) as `values` from inputTbl1_n17 group by key
  UNION ALL
  SELECT key, count(1) as `values` from inputTbl1_n17 group by key
) a
PREHOOK: type: QUERY
PREHOOK: Input: default@inputtbl1_n17
PREHOOK: Output: default@outputtbl1_n24
POSTHOOK: query: insert overwrite table outputTbl1_n24
SELECT *
FROM (
  SELECT key, count(1) as `values` from inputTbl1_n17 group by key
  UNION ALL
  SELECT key, count(1) as `values` from inputTbl1_n17 group by key
) a
POSTHOOK: type: QUERY
POSTHOOK: Input: default@inputtbl1_n17
POSTHOOK: Output: default@outputtbl1_n24
POSTHOOK: Lineage: outputtbl1_n24.key EXPRESSION [(inputtbl1_n17)inputtbl1_n17.FieldSchema(name:key, type:string, comment:null), ]
POSTHOOK: Lineage: outputtbl1_n24.values EXPRESSION [(inputtbl1_n17)inputtbl1_n17.null, ]
PREHOOK: query: desc formatted outputTbl1_n24
PREHOOK: type: DESCTABLE
PREHOOK: Input: default@outputtbl1_n24
POSTHOOK: query: desc formatted outputTbl1_n24
POSTHOOK: type: DESCTABLE
POSTHOOK: Input: default@outputtbl1_n24
# col_name            	data_type           	comment             
key                 	string              	                    
values              	bigint              	                    
	 	 
# Detailed Table Information	 	 
Database:           	default             	 
#### A masked pattern was here ####
Retention:          	0                   	 
#### A masked pattern was here ####
Table Type:         	MANAGED_TABLE       	 
Table Parameters:	 	 
	bucketing_version   	2                   
	numFiles            	4                   
	totalSize           	336                 
#### A masked pattern was here ####
	 	 
# Storage Information	 	 
SerDe Library:      	org.apache.hadoop.hive.serde2.columnar.ColumnarSerDe	 
InputFormat:        	org.apache.hadoop.hive.ql.io.RCFileInputFormat	 
OutputFormat:       	org.apache.hadoop.hive.ql.io.RCFileOutputFormat	 
Compressed:         	No                  	 
Num Buckets:        	-1                  	 
Bucket Columns:     	[]                  	 
Sort Columns:       	[]                  	 
Storage Desc Params:	 	 
	serialization.format	1                   
PREHOOK: query: select * from outputTbl1_n24
PREHOOK: type: QUERY
PREHOOK: Input: default@outputtbl1_n24
#### A masked pattern was here ####
POSTHOOK: query: select * from outputTbl1_n24
POSTHOOK: type: QUERY
POSTHOOK: Input: default@outputtbl1_n24
#### A masked pattern was here ####
1	1
1	1
2	1
2	1
3	1
3	1
7	1
7	1
8	2
8	2
