PREHOOK: query: explain 
SELECT unionsrc1.key, unionsrc1.value, unionsrc2.key, unionsrc2.value
FROM (select 'tst1' as key, cast(count(1) as string) as value from src s1
                         UNION  ALL  
      select s2.key as key, s2.value as value from src s2 where s2.key < 10) unionsrc1 
JOIN 
     (select 'tst1' as key, cast(count(1) as string) as value from src s3
                         UNION  ALL  
      select s4.key as key, s4.value as value from src s4 where s4.key < 10) unionsrc2
ON (unionsrc1.key = unionsrc2.key)
PREHOOK: type: QUERY
POSTHOOK: query: explain 
SELECT unionsrc1.key, unionsrc1.value, unionsrc2.key, unionsrc2.value
FROM (select 'tst1' as key, cast(count(1) as string) as value from src s1
                         UNION  ALL  
      select s2.key as key, s2.value as value from src s2 where s2.key < 10) unionsrc1 
JOIN 
     (select 'tst1' as key, cast(count(1) as string) as value from src s3
                         UNION  ALL  
      select s4.key as key, s4.value as value from src s4 where s4.key < 10) unionsrc2
ON (unionsrc1.key = unionsrc2.key)
POSTHOOK: type: QUERY
STAGE DEPENDENCIES:
  Stage-1 is a root stage
  Stage-0 depends on stages: Stage-1

STAGE PLANS:
  Stage: Stage-1
    Spark
      Edges:
        Reducer 2 <- Map 1 (GROUP, 1)
        Reducer 3 <- Map 4 (PARTITION-LEVEL SORT, 2), Map 7 (PARTITION-LEVEL SORT, 2), Reducer 2 (PARTITION-LEVEL SORT, 2), Reducer 6 (PARTITION-LEVEL SORT, 2)
        Reducer 6 <- Map 5 (GROUP, 1)
#### A masked pattern was here ####
      Vertices:
        Map 1 
            Map Operator Tree:
                TableScan
                  alias: s1
                  Statistics: Num rows: 500 Data size: 5312 Basic stats: COMPLETE Column stats: COMPLETE
                  Select Operator
                    Statistics: Num rows: 500 Data size: 5312 Basic stats: COMPLETE Column stats: COMPLETE
                    Group By Operator
                      aggregations: count()
                      mode: hash
                      outputColumnNames: _col0
                      Statistics: Num rows: 1 Data size: 8 Basic stats: COMPLETE Column stats: COMPLETE
                      Reduce Output Operator
                        sort order: 
                        Statistics: Num rows: 1 Data size: 8 Basic stats: COMPLETE Column stats: COMPLETE
                        value expressions: _col0 (type: bigint)
            Execution mode: vectorized
        Map 4 
            Map Operator Tree:
                TableScan
                  alias: s2
                  Statistics: Num rows: 500 Data size: 5312 Basic stats: COMPLETE Column stats: NONE
                  Filter Operator
                    predicate: (UDFToDouble(key) < 10.0D) (type: boolean)
                    Statistics: Num rows: 166 Data size: 1763 Basic stats: COMPLETE Column stats: NONE
                    Select Operator
                      expressions: key (type: string), value (type: string)
                      outputColumnNames: _col0, _col1
                      Statistics: Num rows: 166 Data size: 1763 Basic stats: COMPLETE Column stats: NONE
                      Reduce Output Operator
                        key expressions: _col0 (type: string)
                        sort order: +
                        Map-reduce partition columns: _col0 (type: string)
                        Statistics: Num rows: 167 Data size: 2035 Basic stats: COMPLETE Column stats: PARTIAL
                        value expressions: _col1 (type: string)
            Execution mode: vectorized
        Map 5 
            Map Operator Tree:
                TableScan
                  alias: s3
                  Statistics: Num rows: 500 Data size: 5312 Basic stats: COMPLETE Column stats: COMPLETE
                  Select Operator
                    Statistics: Num rows: 500 Data size: 5312 Basic stats: COMPLETE Column stats: COMPLETE
                    Group By Operator
                      aggregations: count()
                      mode: hash
                      outputColumnNames: _col0
                      Statistics: Num rows: 1 Data size: 8 Basic stats: COMPLETE Column stats: COMPLETE
                      Reduce Output Operator
                        sort order: 
                        Statistics: Num rows: 1 Data size: 8 Basic stats: COMPLETE Column stats: COMPLETE
                        value expressions: _col0 (type: bigint)
            Execution mode: vectorized
        Map 7 
            Map Operator Tree:
                TableScan
                  alias: s4
                  Statistics: Num rows: 500 Data size: 5312 Basic stats: COMPLETE Column stats: NONE
                  Filter Operator
                    predicate: (UDFToDouble(key) < 10.0D) (type: boolean)
                    Statistics: Num rows: 166 Data size: 1763 Basic stats: COMPLETE Column stats: NONE
                    Select Operator
                      expressions: key (type: string), value (type: string)
                      outputColumnNames: _col0, _col1
                      Statistics: Num rows: 166 Data size: 1763 Basic stats: COMPLETE Column stats: NONE
                      Reduce Output Operator
                        key expressions: _col0 (type: string)
                        sort order: +
                        Map-reduce partition columns: _col0 (type: string)
                        Statistics: Num rows: 167 Data size: 2035 Basic stats: COMPLETE Column stats: PARTIAL
                        value expressions: _col1 (type: string)
            Execution mode: vectorized
        Reducer 2 
            Execution mode: vectorized
            Reduce Operator Tree:
              Group By Operator
                aggregations: count(VALUE._col0)
                mode: mergepartial
                outputColumnNames: _col0
                Statistics: Num rows: 1 Data size: 8 Basic stats: COMPLETE Column stats: COMPLETE
                Select Operator
                  expressions: 'tst1' (type: string), UDFToString(_col0) (type: string)
                  outputColumnNames: _col0, _col1
                  Statistics: Num rows: 1 Data size: 272 Basic stats: COMPLETE Column stats: COMPLETE
                  Reduce Output Operator
                    key expressions: _col0 (type: string)
                    sort order: +
                    Map-reduce partition columns: _col0 (type: string)
                    Statistics: Num rows: 167 Data size: 2035 Basic stats: COMPLETE Column stats: PARTIAL
                    value expressions: _col1 (type: string)
        Reducer 3 
            Reduce Operator Tree:
              Join Operator
                condition map:
                     Inner Join 0 to 1
                keys:
                  0 _col0 (type: string)
                  1 _col0 (type: string)
                outputColumnNames: _col0, _col1, _col2, _col3
                Statistics: Num rows: 27889 Data size: 15171616 Basic stats: COMPLETE Column stats: PARTIAL
                File Output Operator
                  compressed: false
                  Statistics: Num rows: 27889 Data size: 15171616 Basic stats: COMPLETE Column stats: PARTIAL
                  table:
                      input format: org.apache.hadoop.mapred.SequenceFileInputFormat
                      output format: org.apache.hadoop.hive.ql.io.HiveSequenceFileOutputFormat
                      serde: org.apache.hadoop.hive.serde2.lazy.LazySimpleSerDe
        Reducer 6 
            Execution mode: vectorized
            Reduce Operator Tree:
              Group By Operator
                aggregations: count(VALUE._col0)
                mode: mergepartial
                outputColumnNames: _col0
                Statistics: Num rows: 1 Data size: 8 Basic stats: COMPLETE Column stats: COMPLETE
                Select Operator
                  expressions: 'tst1' (type: string), UDFToString(_col0) (type: string)
                  outputColumnNames: _col0, _col1
                  Statistics: Num rows: 1 Data size: 272 Basic stats: COMPLETE Column stats: COMPLETE
                  Reduce Output Operator
                    key expressions: _col0 (type: string)
                    sort order: +
                    Map-reduce partition columns: _col0 (type: string)
                    Statistics: Num rows: 167 Data size: 2035 Basic stats: COMPLETE Column stats: PARTIAL
                    value expressions: _col1 (type: string)

  Stage: Stage-0
    Fetch Operator
      limit: -1
      Processor Tree:
        ListSink

PREHOOK: query: SELECT unionsrc1.key, unionsrc1.value, unionsrc2.key, unionsrc2.value
FROM (select 'tst1' as key, cast(count(1) as string) as value from src s1
                         UNION  ALL  
      select s2.key as key, s2.value as value from src s2 where s2.key < 10) unionsrc1 
JOIN 
     (select 'tst1' as key, cast(count(1) as string) as value from src s3
                         UNION  ALL  
      select s4.key as key, s4.value as value from src s4 where s4.key < 10) unionsrc2
ON (unionsrc1.key = unionsrc2.key)
PREHOOK: type: QUERY
PREHOOK: Input: default@src
#### A masked pattern was here ####
POSTHOOK: query: SELECT unionsrc1.key, unionsrc1.value, unionsrc2.key, unionsrc2.value
FROM (select 'tst1' as key, cast(count(1) as string) as value from src s1
                         UNION  ALL  
      select s2.key as key, s2.value as value from src s2 where s2.key < 10) unionsrc1 
JOIN 
     (select 'tst1' as key, cast(count(1) as string) as value from src s3
                         UNION  ALL  
      select s4.key as key, s4.value as value from src s4 where s4.key < 10) unionsrc2
ON (unionsrc1.key = unionsrc2.key)
POSTHOOK: type: QUERY
POSTHOOK: Input: default@src
#### A masked pattern was here ####
0	val_0	0	val_0
0	val_0	0	val_0
0	val_0	0	val_0
0	val_0	0	val_0
0	val_0	0	val_0
0	val_0	0	val_0
0	val_0	0	val_0
0	val_0	0	val_0
0	val_0	0	val_0
2	val_2	2	val_2
4	val_4	4	val_4
5	val_5	5	val_5
5	val_5	5	val_5
5	val_5	5	val_5
5	val_5	5	val_5
5	val_5	5	val_5
5	val_5	5	val_5
5	val_5	5	val_5
5	val_5	5	val_5
5	val_5	5	val_5
8	val_8	8	val_8
9	val_9	9	val_9
tst1	500	tst1	500
