PREHOOK: query: create table union_subq_union(key int, value string)
PREHOOK: type: CREATETABLE
PREHOOK: Output: database:default
PREHOOK: Output: default@union_subq_union
POSTHOOK: query: create table union_subq_union(key int, value string)
POSTHOOK: type: CREATETABLE
POSTHOOK: Output: database:default
POSTHOOK: Output: default@union_subq_union
PREHOOK: query: explain
insert overwrite table union_subq_union 
select * from (
  select key, value from src 
  union all 
  select key, value from 
  (
    select key, value, count(1) from src group by key, value
    union all
    select key, value, count(1) from src group by key, value
  ) subq
) a
PREHOOK: type: QUERY
POSTHOOK: query: explain
insert overwrite table union_subq_union 
select * from (
  select key, value from src 
  union all 
  select key, value from 
  (
    select key, value, count(1) from src group by key, value
    union all
    select key, value, count(1) from src group by key, value
  ) subq
) a
POSTHOOK: type: QUERY
STAGE DEPENDENCIES:
  Stage-1 is a root stage
  Stage-0 depends on stages: Stage-1
  Stage-2 depends on stages: Stage-0

STAGE PLANS:
  Stage: Stage-1
    Spark
      Edges:
        Reducer 3 <- Map 2 (GROUP, 2)
        Reducer 5 <- Map 2 (GROUP, 2)
#### A masked pattern was here ####
      Vertices:
        Map 1 
            Map Operator Tree:
                TableScan
                  alias: src
                  Statistics: Num rows: 500 Data size: 5312 Basic stats: COMPLETE Column stats: NONE
                  Select Operator
                    expressions: key (type: string), value (type: string)
                    outputColumnNames: _col0, _col1
                    Statistics: Num rows: 500 Data size: 5312 Basic stats: COMPLETE Column stats: NONE
                    Select Operator
                      expressions: UDFToInteger(_col0) (type: int), _col1 (type: string)
                      outputColumnNames: _col0, _col1
                      Statistics: Num rows: 1000 Data size: 10624 Basic stats: COMPLETE Column stats: NONE
                      File Output Operator
                        compressed: false
                        Statistics: Num rows: 1000 Data size: 10624 Basic stats: COMPLETE Column stats: NONE
                        table:
                            input format: org.apache.hadoop.mapred.TextInputFormat
                            output format: org.apache.hadoop.hive.ql.io.HiveIgnoreKeyTextOutputFormat
                            serde: org.apache.hadoop.hive.serde2.lazy.LazySimpleSerDe
                            name: default.union_subq_union
            Execution mode: vectorized
        Map 2 
            Map Operator Tree:
                TableScan
                  alias: src
                  Statistics: Num rows: 500 Data size: 5312 Basic stats: COMPLETE Column stats: NONE
                  Select Operator
                    expressions: key (type: string), value (type: string)
                    outputColumnNames: key, value
                    Statistics: Num rows: 500 Data size: 5312 Basic stats: COMPLETE Column stats: NONE
                    Group By Operator
                      keys: key (type: string), value (type: string)
                      mode: hash
                      outputColumnNames: _col0, _col1
                      Statistics: Num rows: 500 Data size: 5312 Basic stats: COMPLETE Column stats: NONE
                      Reduce Output Operator
                        key expressions: _col0 (type: string), _col1 (type: string)
                        sort order: ++
                        Map-reduce partition columns: _col0 (type: string), _col1 (type: string)
                        Statistics: Num rows: 500 Data size: 5312 Basic stats: COMPLETE Column stats: NONE
            Execution mode: vectorized
        Reducer 3 
            Execution mode: vectorized
            Reduce Operator Tree:
              Group By Operator
                keys: KEY._col0 (type: string), KEY._col1 (type: string)
                mode: mergepartial
                outputColumnNames: _col0, _col1
                Statistics: Num rows: 250 Data size: 2656 Basic stats: COMPLETE Column stats: NONE
                Select Operator
                  expressions: UDFToInteger(_col0) (type: int), _col1 (type: string)
                  outputColumnNames: _col0, _col1
                  Statistics: Num rows: 1000 Data size: 10624 Basic stats: COMPLETE Column stats: NONE
                  File Output Operator
                    compressed: false
                    Statistics: Num rows: 1000 Data size: 10624 Basic stats: COMPLETE Column stats: NONE
                    table:
                        input format: org.apache.hadoop.mapred.TextInputFormat
                        output format: org.apache.hadoop.hive.ql.io.HiveIgnoreKeyTextOutputFormat
                        serde: org.apache.hadoop.hive.serde2.lazy.LazySimpleSerDe
                        name: default.union_subq_union
        Reducer 5 
            Execution mode: vectorized
            Reduce Operator Tree:
              Group By Operator
                keys: KEY._col0 (type: string), KEY._col1 (type: string)
                mode: mergepartial
                outputColumnNames: _col0, _col1
                Statistics: Num rows: 250 Data size: 2656 Basic stats: COMPLETE Column stats: NONE
                Select Operator
                  expressions: UDFToInteger(_col0) (type: int), _col1 (type: string)
                  outputColumnNames: _col0, _col1
                  Statistics: Num rows: 1000 Data size: 10624 Basic stats: COMPLETE Column stats: NONE
                  File Output Operator
                    compressed: false
                    Statistics: Num rows: 1000 Data size: 10624 Basic stats: COMPLETE Column stats: NONE
                    table:
                        input format: org.apache.hadoop.mapred.TextInputFormat
                        output format: org.apache.hadoop.hive.ql.io.HiveIgnoreKeyTextOutputFormat
                        serde: org.apache.hadoop.hive.serde2.lazy.LazySimpleSerDe
                        name: default.union_subq_union

  Stage: Stage-0
    Move Operator
      tables:
          replace: true
          table:
              input format: org.apache.hadoop.mapred.TextInputFormat
              output format: org.apache.hadoop.hive.ql.io.HiveIgnoreKeyTextOutputFormat
              serde: org.apache.hadoop.hive.serde2.lazy.LazySimpleSerDe
              name: default.union_subq_union

  Stage: Stage-2
    Stats Work
      Basic Stats Work:

PREHOOK: query: insert overwrite table union_subq_union 
select * from (
  select key, value from src 
  union all 
  select key, value from 
  (
    select key, value, count(1) from src group by key, value
    union all
    select key, value, count(1) from src group by key, value
  ) subq
) a
PREHOOK: type: QUERY
PREHOOK: Input: default@src
PREHOOK: Output: default@union_subq_union
POSTHOOK: query: insert overwrite table union_subq_union 
select * from (
  select key, value from src 
  union all 
  select key, value from 
  (
    select key, value, count(1) from src group by key, value
    union all
    select key, value, count(1) from src group by key, value
  ) subq
) a
POSTHOOK: type: QUERY
POSTHOOK: Input: default@src
POSTHOOK: Output: default@union_subq_union
POSTHOOK: Lineage: union_subq_union.key EXPRESSION [(src)src.FieldSchema(name:key, type:string, comment:default), ]
POSTHOOK: Lineage: union_subq_union.value EXPRESSION [(src)src.FieldSchema(name:value, type:string, comment:default), ]
PREHOOK: query: select * from union_subq_union order by key, value limit 20
PREHOOK: type: QUERY
PREHOOK: Input: default@union_subq_union
#### A masked pattern was here ####
POSTHOOK: query: select * from union_subq_union order by key, value limit 20
POSTHOOK: type: QUERY
POSTHOOK: Input: default@union_subq_union
#### A masked pattern was here ####
0	val_0
0	val_0
0	val_0
0	val_0
0	val_0
2	val_2
2	val_2
2	val_2
4	val_4
4	val_4
4	val_4
5	val_5
5	val_5
5	val_5
5	val_5
5	val_5
8	val_8
8	val_8
8	val_8
9	val_9
