PREHOOK: query: create table tmptable(key string, value int)
PREHOOK: type: CREATETABLE
PREHOOK: Output: database:default
PREHOOK: Output: default@tmptable
POSTHOOK: query: create table tmptable(key string, value int)
POSTHOOK: type: CREATETABLE
POSTHOOK: Output: database:default
POSTHOOK: Output: default@tmptable
PREHOOK: query: explain 
insert overwrite table tmptable
  select unionsrc.key, unionsrc.value FROM (select 'tst1' as key, count(1) as value from src s1
                                        UNION  ALL  
                                            select 'tst2' as key, count(1) as value from src s2
                                        UNION ALL
                                            select 'tst3' as key, count(1) as value from src s3) unionsrc
PREHOOK: type: QUERY
POSTHOOK: query: explain 
insert overwrite table tmptable
  select unionsrc.key, unionsrc.value FROM (select 'tst1' as key, count(1) as value from src s1
                                        UNION  ALL  
                                            select 'tst2' as key, count(1) as value from src s2
                                        UNION ALL
                                            select 'tst3' as key, count(1) as value from src s3) unionsrc
POSTHOOK: type: QUERY
STAGE DEPENDENCIES:
  Stage-1 is a root stage
  Stage-0 depends on stages: Stage-1
  Stage-2 depends on stages: Stage-0

STAGE PLANS:
  Stage: Stage-1
    Spark
      Edges:
        Reducer 2 <- Map 1 (GROUP, 1)
        Reducer 4 <- Map 3 (GROUP, 1)
        Reducer 6 <- Map 5 (GROUP, 1)
#### A masked pattern was here ####
      Vertices:
        Map 1 
            Map Operator Tree:
                TableScan
                  alias: s1
                  Statistics: Num rows: 500 Data size: 5312 Basic stats: COMPLETE Column stats: COMPLETE
                  Select Operator
                    Statistics: Num rows: 500 Data size: 5312 Basic stats: COMPLETE Column stats: COMPLETE
                    Group By Operator
                      aggregations: count()
                      mode: hash
                      outputColumnNames: _col0
                      Statistics: Num rows: 1 Data size: 8 Basic stats: COMPLETE Column stats: COMPLETE
                      Reduce Output Operator
                        sort order: 
                        Statistics: Num rows: 1 Data size: 8 Basic stats: COMPLETE Column stats: COMPLETE
                        value expressions: _col0 (type: bigint)
        Map 3 
            Map Operator Tree:
                TableScan
                  alias: s2
                  Statistics: Num rows: 500 Data size: 5312 Basic stats: COMPLETE Column stats: COMPLETE
                  Select Operator
                    Statistics: Num rows: 500 Data size: 5312 Basic stats: COMPLETE Column stats: COMPLETE
                    Group By Operator
                      aggregations: count()
                      mode: hash
                      outputColumnNames: _col0
                      Statistics: Num rows: 1 Data size: 8 Basic stats: COMPLETE Column stats: COMPLETE
                      Reduce Output Operator
                        sort order: 
                        Statistics: Num rows: 1 Data size: 8 Basic stats: COMPLETE Column stats: COMPLETE
                        value expressions: _col0 (type: bigint)
        Map 5 
            Map Operator Tree:
                TableScan
                  alias: s3
                  Statistics: Num rows: 500 Data size: 5312 Basic stats: COMPLETE Column stats: COMPLETE
                  Select Operator
                    Statistics: Num rows: 500 Data size: 5312 Basic stats: COMPLETE Column stats: COMPLETE
                    Group By Operator
                      aggregations: count()
                      mode: hash
                      outputColumnNames: _col0
                      Statistics: Num rows: 1 Data size: 8 Basic stats: COMPLETE Column stats: COMPLETE
                      Reduce Output Operator
                        sort order: 
                        Statistics: Num rows: 1 Data size: 8 Basic stats: COMPLETE Column stats: COMPLETE
                        value expressions: _col0 (type: bigint)
        Reducer 2 
            Reduce Operator Tree:
              Group By Operator
                aggregations: count(VALUE._col0)
                mode: mergepartial
                outputColumnNames: _col0
                Statistics: Num rows: 1 Data size: 8 Basic stats: COMPLETE Column stats: COMPLETE
                Select Operator
                  expressions: 'tst1' (type: string), _col0 (type: bigint)
                  outputColumnNames: _col0, _col1
                  Statistics: Num rows: 1 Data size: 96 Basic stats: COMPLETE Column stats: COMPLETE
                  Select Operator
                    expressions: _col0 (type: string), UDFToInteger(_col1) (type: int)
                    outputColumnNames: _col0, _col1
                    Statistics: Num rows: 3 Data size: 276 Basic stats: COMPLETE Column stats: COMPLETE
                    File Output Operator
                      compressed: false
                      Statistics: Num rows: 3 Data size: 276 Basic stats: COMPLETE Column stats: COMPLETE
                      table:
                          input format: org.apache.hadoop.mapred.TextInputFormat
                          output format: org.apache.hadoop.hive.ql.io.HiveIgnoreKeyTextOutputFormat
                          serde: org.apache.hadoop.hive.serde2.lazy.LazySimpleSerDe
                          name: default.tmptable
        Reducer 4 
            Reduce Operator Tree:
              Group By Operator
                aggregations: count(VALUE._col0)
                mode: mergepartial
                outputColumnNames: _col0
                Statistics: Num rows: 1 Data size: 8 Basic stats: COMPLETE Column stats: COMPLETE
                Select Operator
                  expressions: 'tst2' (type: string), _col0 (type: bigint)
                  outputColumnNames: _col0, _col1
                  Statistics: Num rows: 1 Data size: 96 Basic stats: COMPLETE Column stats: COMPLETE
                  Select Operator
                    expressions: _col0 (type: string), UDFToInteger(_col1) (type: int)
                    outputColumnNames: _col0, _col1
                    Statistics: Num rows: 3 Data size: 276 Basic stats: COMPLETE Column stats: COMPLETE
                    File Output Operator
                      compressed: false
                      Statistics: Num rows: 3 Data size: 276 Basic stats: COMPLETE Column stats: COMPLETE
                      table:
                          input format: org.apache.hadoop.mapred.TextInputFormat
                          output format: org.apache.hadoop.hive.ql.io.HiveIgnoreKeyTextOutputFormat
                          serde: org.apache.hadoop.hive.serde2.lazy.LazySimpleSerDe
                          name: default.tmptable
        Reducer 6 
            Reduce Operator Tree:
              Group By Operator
                aggregations: count(VALUE._col0)
                mode: mergepartial
                outputColumnNames: _col0
                Statistics: Num rows: 1 Data size: 8 Basic stats: COMPLETE Column stats: COMPLETE
                Select Operator
                  expressions: 'tst3' (type: string), _col0 (type: bigint)
                  outputColumnNames: _col0, _col1
                  Statistics: Num rows: 1 Data size: 96 Basic stats: COMPLETE Column stats: COMPLETE
                  Select Operator
                    expressions: _col0 (type: string), UDFToInteger(_col1) (type: int)
                    outputColumnNames: _col0, _col1
                    Statistics: Num rows: 3 Data size: 276 Basic stats: COMPLETE Column stats: COMPLETE
                    File Output Operator
                      compressed: false
                      Statistics: Num rows: 3 Data size: 276 Basic stats: COMPLETE Column stats: COMPLETE
                      table:
                          input format: org.apache.hadoop.mapred.TextInputFormat
                          output format: org.apache.hadoop.hive.ql.io.HiveIgnoreKeyTextOutputFormat
                          serde: org.apache.hadoop.hive.serde2.lazy.LazySimpleSerDe
                          name: default.tmptable

  Stage: Stage-0
    Move Operator
      tables:
          replace: true
          table:
              input format: org.apache.hadoop.mapred.TextInputFormat
              output format: org.apache.hadoop.hive.ql.io.HiveIgnoreKeyTextOutputFormat
              serde: org.apache.hadoop.hive.serde2.lazy.LazySimpleSerDe
              name: default.tmptable

  Stage: Stage-2
    Stats-Aggr Operator

PREHOOK: query: insert overwrite table tmptable
  select unionsrc.key, unionsrc.value FROM (select 'tst1' as key, count(1) as value from src s1
                                        UNION  ALL  
                                            select 'tst2' as key, count(1) as value from src s2
                                        UNION ALL
                                            select 'tst3' as key, count(1) as value from src s3) unionsrc
PREHOOK: type: QUERY
PREHOOK: Input: default@src
PREHOOK: Output: default@tmptable
POSTHOOK: query: insert overwrite table tmptable
  select unionsrc.key, unionsrc.value FROM (select 'tst1' as key, count(1) as value from src s1
                                        UNION  ALL  
                                            select 'tst2' as key, count(1) as value from src s2
                                        UNION ALL
                                            select 'tst3' as key, count(1) as value from src s3) unionsrc
POSTHOOK: type: QUERY
POSTHOOK: Input: default@src
POSTHOOK: Output: default@tmptable
POSTHOOK: Lineage: tmptable.key EXPRESSION []
POSTHOOK: Lineage: tmptable.value EXPRESSION [(src)s1.null, (src)s2.null, (src)s3.null, ]
PREHOOK: query: select * from tmptable x sort by x.key
PREHOOK: type: QUERY
PREHOOK: Input: default@tmptable
#### A masked pattern was here ####
POSTHOOK: query: select * from tmptable x sort by x.key
POSTHOOK: type: QUERY
POSTHOOK: Input: default@tmptable
#### A masked pattern was here ####
tst1	500
tst2	500
tst3	500
