PREHOOK: query: create table tmptable(key string, value string)
PREHOOK: type: CREATETABLE
PREHOOK: Output: database:default
PREHOOK: Output: default@tmptable
POSTHOOK: query: create table tmptable(key string, value string)
POSTHOOK: type: CREATETABLE
POSTHOOK: Output: database:default
POSTHOOK: Output: default@tmptable
PREHOOK: query: explain 
insert overwrite table tmptable
  select unionsrc.key, unionsrc.value FROM (select 'tst1' as key, cast(count(1) as string) as value from src s1
                                        UNION  ALL  
                                            select s2.key as key, s2.value as value from src1 s2) unionsrc
PREHOOK: type: QUERY
POSTHOOK: query: explain 
insert overwrite table tmptable
  select unionsrc.key, unionsrc.value FROM (select 'tst1' as key, cast(count(1) as string) as value from src s1
                                        UNION  ALL  
                                            select s2.key as key, s2.value as value from src1 s2) unionsrc
POSTHOOK: type: QUERY
STAGE DEPENDENCIES:
  Stage-1 is a root stage
  Stage-0 depends on stages: Stage-1
  Stage-2 depends on stages: Stage-0

STAGE PLANS:
  Stage: Stage-1
    Spark
      Edges:
        Reducer 2 <- Map 1 (GROUP, 1)
#### A masked pattern was here ####
      Vertices:
        Map 1 
            Map Operator Tree:
                TableScan
                  alias: s1
                  Statistics: Num rows: 500 Data size: 5312 Basic stats: COMPLETE Column stats: COMPLETE
                  Select Operator
                    Statistics: Num rows: 500 Data size: 5312 Basic stats: COMPLETE Column stats: COMPLETE
                    Group By Operator
                      aggregations: count(1)
                      mode: hash
                      outputColumnNames: _col0
                      Statistics: Num rows: 1 Data size: 8 Basic stats: COMPLETE Column stats: COMPLETE
                      Reduce Output Operator
                        sort order: 
                        Statistics: Num rows: 1 Data size: 8 Basic stats: COMPLETE Column stats: COMPLETE
                        value expressions: _col0 (type: bigint)
        Map 3 
            Map Operator Tree:
                TableScan
                  alias: s2
                  Statistics: Num rows: 25 Data size: 191 Basic stats: COMPLETE Column stats: NONE
                  Select Operator
                    expressions: key (type: string), value (type: string)
                    outputColumnNames: _col0, _col1
                    Statistics: Num rows: 25 Data size: 191 Basic stats: COMPLETE Column stats: NONE
                    File Output Operator
                      compressed: false
                      Statistics: Num rows: 26 Data size: 463 Basic stats: COMPLETE Column stats: PARTIAL
                      table:
                          input format: org.apache.hadoop.mapred.TextInputFormat
                          output format: org.apache.hadoop.hive.ql.io.HiveIgnoreKeyTextOutputFormat
                          serde: org.apache.hadoop.hive.serde2.lazy.LazySimpleSerDe
                          name: default.tmptable
        Reducer 2 
            Reduce Operator Tree:
              Group By Operator
                aggregations: count(VALUE._col0)
                mode: mergepartial
                outputColumnNames: _col0
                Statistics: Num rows: 1 Data size: 8 Basic stats: COMPLETE Column stats: COMPLETE
                Select Operator
                  expressions: 'tst1' (type: string), UDFToString(_col0) (type: string)
                  outputColumnNames: _col0, _col1
                  Statistics: Num rows: 1 Data size: 272 Basic stats: COMPLETE Column stats: COMPLETE
                  File Output Operator
                    compressed: false
                    Statistics: Num rows: 26 Data size: 463 Basic stats: COMPLETE Column stats: PARTIAL
                    table:
                        input format: org.apache.hadoop.mapred.TextInputFormat
                        output format: org.apache.hadoop.hive.ql.io.HiveIgnoreKeyTextOutputFormat
                        serde: org.apache.hadoop.hive.serde2.lazy.LazySimpleSerDe
                        name: default.tmptable

  Stage: Stage-0
    Move Operator
      tables:
          replace: true
          table:
              input format: org.apache.hadoop.mapred.TextInputFormat
              output format: org.apache.hadoop.hive.ql.io.HiveIgnoreKeyTextOutputFormat
              serde: org.apache.hadoop.hive.serde2.lazy.LazySimpleSerDe
              name: default.tmptable

  Stage: Stage-2
    Stats-Aggr Operator

PREHOOK: query: insert overwrite table tmptable
select unionsrc.key, unionsrc.value FROM (select 'tst1' as key, cast(count(1) as string) as value from src s1
                                      UNION  ALL  
                                          select s2.key as key, s2.value as value from src1 s2) unionsrc
PREHOOK: type: QUERY
PREHOOK: Input: default@src
PREHOOK: Input: default@src1
PREHOOK: Output: default@tmptable
POSTHOOK: query: insert overwrite table tmptable
select unionsrc.key, unionsrc.value FROM (select 'tst1' as key, cast(count(1) as string) as value from src s1
                                      UNION  ALL  
                                          select s2.key as key, s2.value as value from src1 s2) unionsrc
POSTHOOK: type: QUERY
POSTHOOK: Input: default@src
POSTHOOK: Input: default@src1
POSTHOOK: Output: default@tmptable
POSTHOOK: Lineage: tmptable.key EXPRESSION [(src1)s2.FieldSchema(name:key, type:string, comment:default), ]
POSTHOOK: Lineage: tmptable.value EXPRESSION [(src1)s2.FieldSchema(name:value, type:string, comment:default), ]
PREHOOK: query: select * from tmptable x sort by x.key, x.value
PREHOOK: type: QUERY
PREHOOK: Input: default@tmptable
#### A masked pattern was here ####
POSTHOOK: query: select * from tmptable x sort by x.key, x.value
POSTHOOK: type: QUERY
POSTHOOK: Input: default@tmptable
#### A masked pattern was here ####
	
	
	
	
	val_165
	val_193
	val_265
	val_27
	val_409
	val_484
128	
146	val_146
150	val_150
213	val_213
224	
238	val_238
255	val_255
273	val_273
278	val_278
311	val_311
369	
401	val_401
406	val_406
66	val_66
98	val_98
tst1	500
