WARNING: Comparing a bigint and a double may result in a loss of precision.
PREHOOK: query: explain vectorization SELECT AVG(cbigint) FROM alltypesorc WHERE cbigint < cdouble
PREHOOK: type: QUERY
POSTHOOK: query: explain vectorization SELECT AVG(cbigint) FROM alltypesorc WHERE cbigint < cdouble
POSTHOOK: type: QUERY
PLAN VECTORIZATION:
  enabled: true
  enabledConditionsMet: [hive.vectorized.execution.enabled IS true]

STAGE DEPENDENCIES:
  Stage-1 is a root stage
  Stage-0 depends on stages: Stage-1

STAGE PLANS:
  Stage: Stage-1
    Spark
      Edges:
        Reducer 2 <- Map 1 (GROUP, 1)
#### A masked pattern was here ####
      Vertices:
        Map 1 
            Map Operator Tree:
                TableScan
                  alias: alltypesorc
                  filterExpr: (UDFToDouble(cbigint) < cdouble) (type: boolean)
                  Statistics: Num rows: 12288 Data size: 377237 Basic stats: COMPLETE Column stats: NONE
                  Filter Operator
                    predicate: (UDFToDouble(cbigint) < cdouble) (type: boolean)
                    Statistics: Num rows: 4096 Data size: 125745 Basic stats: COMPLETE Column stats: NONE
                    Select Operator
                      expressions: cbigint (type: bigint)
                      outputColumnNames: cbigint
                      Statistics: Num rows: 4096 Data size: 125745 Basic stats: COMPLETE Column stats: NONE
                      Group By Operator
                        aggregations: avg(cbigint)
                        mode: hash
                        outputColumnNames: _col0
                        Statistics: Num rows: 1 Data size: 80 Basic stats: COMPLETE Column stats: NONE
                        Reduce Output Operator
                          sort order: 
                          Statistics: Num rows: 1 Data size: 80 Basic stats: COMPLETE Column stats: NONE
                          value expressions: _col0 (type: struct<count:bigint,sum:double,input:bigint>)
            Execution mode: vectorized
            Map Vectorization:
                enabled: true
                enabledConditionsMet: hive.vectorized.use.vectorized.input.format IS true
                groupByVectorOutput: false
                inputFileFormats: org.apache.hadoop.hive.ql.io.orc.OrcInputFormat
                allNative: false
                usesVectorUDFAdaptor: false
                vectorized: true
        Reducer 2 
            Reduce Vectorization:
                enabled: true
                enableConditionsMet: hive.vectorized.execution.reduce.enabled IS true, hive.execution.engine spark IN [tez, spark] IS true
                notVectorizedReason: Aggregation Function UDF avg parameter expression for GROUPBY operator: Data type struct<count:bigint,sum:double,input:bigint> of Column[VALUE._col0] not supported
                vectorized: false
            Reduce Operator Tree:
              Group By Operator
                aggregations: avg(VALUE._col0)
                mode: mergepartial
                outputColumnNames: _col0
                Statistics: Num rows: 1 Data size: 80 Basic stats: COMPLETE Column stats: NONE
                File Output Operator
                  compressed: false
                  Statistics: Num rows: 1 Data size: 80 Basic stats: COMPLETE Column stats: NONE
                  table:
                      input format: org.apache.hadoop.mapred.SequenceFileInputFormat
                      output format: org.apache.hadoop.hive.ql.io.HiveSequenceFileOutputFormat
                      serde: org.apache.hadoop.hive.serde2.lazy.LazySimpleSerDe

  Stage: Stage-0
    Fetch Operator
      limit: -1
      Processor Tree:
        ListSink

WARNING: Comparing a bigint and a double may result in a loss of precision.
PREHOOK: query: SELECT AVG(cbigint) FROM alltypesorc WHERE cbigint < cdouble
PREHOOK: type: QUERY
PREHOOK: Input: default@alltypesorc
#### A masked pattern was here ####
POSTHOOK: query: SELECT AVG(cbigint) FROM alltypesorc WHERE cbigint < cdouble
POSTHOOK: type: QUERY
POSTHOOK: Input: default@alltypesorc
#### A masked pattern was here ####
-1.4670720493864927E9
