PREHOOK: query: CREATE TABLE date_decimal_test STORED AS ORC AS SELECT cint, cdouble, CAST (CAST (cint AS TIMESTAMP) AS DATE) AS cdate, CAST (((cdouble*22.1)/37) AS DECIMAL(20,10)) AS cdecimal FROM alltypesorc
PREHOOK: type: CREATETABLE_AS_SELECT
PREHOOK: Input: default@alltypesorc
PREHOOK: Output: database:default
PREHOOK: Output: default@date_decimal_test
POSTHOOK: query: CREATE TABLE date_decimal_test STORED AS ORC AS SELECT cint, cdouble, CAST (CAST (cint AS TIMESTAMP) AS DATE) AS cdate, CAST (((cdouble*22.1)/37) AS DECIMAL(20,10)) AS cdecimal FROM alltypesorc
POSTHOOK: type: CREATETABLE_AS_SELECT
POSTHOOK: Input: default@alltypesorc
POSTHOOK: Output: database:default
POSTHOOK: Output: default@date_decimal_test
PREHOOK: query: EXPLAIN SELECT cdate, cdecimal from date_decimal_test where cint IS NOT NULL AND cdouble IS NOT NULL LIMIT 10
PREHOOK: type: QUERY
POSTHOOK: query: EXPLAIN SELECT cdate, cdecimal from date_decimal_test where cint IS NOT NULL AND cdouble IS NOT NULL LIMIT 10
POSTHOOK: type: QUERY
STAGE DEPENDENCIES:
  Stage-0 is a root stage

STAGE PLANS:
  Stage: Stage-0
    Fetch Operator
      limit: 10
      Processor Tree:
        TableScan
          alias: date_decimal_test
          Statistics: Num rows: 12288 Data size: 1651260 Basic stats: COMPLETE Column stats: NONE
          Filter Operator
            predicate: (cint is not null and cdouble is not null) (type: boolean)
            Statistics: Num rows: 3072 Data size: 412815 Basic stats: COMPLETE Column stats: NONE
            Select Operator
              expressions: cdate (type: date), cdecimal (type: decimal(20,10))
              outputColumnNames: _col0, _col1
              Statistics: Num rows: 3072 Data size: 412815 Basic stats: COMPLETE Column stats: NONE
              Limit
                Number of rows: 10
                Statistics: Num rows: 10 Data size: 1340 Basic stats: COMPLETE Column stats: NONE
                ListSink

PREHOOK: query: SELECT cdate, cdecimal from date_decimal_test where cint IS NOT NULL AND cdouble IS NOT NULL LIMIT 10
PREHOOK: type: QUERY
PREHOOK: Input: default@date_decimal_test
#### A masked pattern was here ####
POSTHOOK: query: SELECT cdate, cdecimal from date_decimal_test where cint IS NOT NULL AND cdouble IS NOT NULL LIMIT 10
POSTHOOK: type: QUERY
POSTHOOK: Input: default@date_decimal_test
#### A masked pattern was here ####
1970-01-06	-7959.5837837838
1970-01-06	-2516.4135135135
1970-01-06	-9445.0621621622
1970-01-06	-5713.7459459459
1970-01-06	8963.6405405405
1970-01-06	4193.6243243243
1970-01-06	2964.3864864865
1970-01-06	-4673.2540540541
1970-01-06	-9216.8945945946
1970-01-06	-9287.3756756757
