PREHOOK: query: EXPLAIN VECTORIZATION EXPRESSION  SELECT COUNT(t1.cint) AS CNT, MAX(t2.cint) , MIN(t1.cint), AVG(t1.cint+t2.cint)
  FROM alltypesorc t1
  JOIN alltypesorc t2 ON t1.cint = t2.cint order by CNT
PREHOOK: type: QUERY
POSTHOOK: query: EXPLAIN VECTORIZATION EXPRESSION  SELECT COUNT(t1.cint) AS CNT, MAX(t2.cint) , MIN(t1.cint), AVG(t1.cint+t2.cint)
  FROM alltypesorc t1
  JOIN alltypesorc t2 ON t1.cint = t2.cint order by CNT
POSTHOOK: type: QUERY
PLAN VECTORIZATION:
  enabled: true
  enabledConditionsMet: [hive.vectorized.execution.enabled IS true]

STAGE DEPENDENCIES:
  Stage-1 is a root stage
  Stage-0 depends on stages: Stage-1

STAGE PLANS:
  Stage: Stage-1
    Spark
      Edges:
        Reducer 2 <- Map 1 (PARTITION-LEVEL SORT, 2), Map 5 (PARTITION-LEVEL SORT, 2)
        Reducer 3 <- Reducer 2 (GROUP, 1)
        Reducer 4 <- Reducer 3 (SORT, 1)
#### A masked pattern was here ####
      Vertices:
        Map 1 
            Map Operator Tree:
                TableScan
                  alias: t1
                  Statistics: Num rows: 12288 Data size: 377237 Basic stats: COMPLETE Column stats: NONE
                  TableScan Vectorization:
                      native: true
                      projectedOutputColumns: [0, 1, 2, 3, 4, 5, 6, 7, 8, 9, 10, 11]
                  Filter Operator
                    Filter Vectorization:
                        className: VectorFilterOperator
                        native: true
                        predicateExpression: SelectColumnIsNotNull(col 2) -> boolean
                    predicate: cint is not null (type: boolean)
                    Statistics: Num rows: 12288 Data size: 377237 Basic stats: COMPLETE Column stats: NONE
                    Select Operator
                      expressions: cint (type: int)
                      outputColumnNames: _col0
                      Select Vectorization:
                          className: VectorSelectOperator
                          native: true
                          projectedOutputColumns: [2]
                      Statistics: Num rows: 12288 Data size: 377237 Basic stats: COMPLETE Column stats: NONE
                      Reduce Output Operator
                        key expressions: _col0 (type: int)
                        sort order: +
                        Map-reduce partition columns: _col0 (type: int)
                        Reduce Sink Vectorization:
                            className: VectorReduceSinkObjectHashOperator
                            native: true
                            nativeConditionsMet: hive.vectorized.execution.reducesink.new.enabled IS true, hive.execution.engine spark IN [tez, spark] IS true, No TopN IS true, No DISTINCT columns IS true, BinarySortableSerDe for keys IS true, LazyBinarySerDe for values IS true
                        Statistics: Num rows: 12288 Data size: 377237 Basic stats: COMPLETE Column stats: NONE
            Execution mode: vectorized
            Map Vectorization:
                enabled: true
                enabledConditionsMet: hive.vectorized.use.vectorized.input.format IS true
                groupByVectorOutput: true
                inputFileFormats: org.apache.hadoop.hive.ql.io.orc.OrcInputFormat
                allNative: true
                usesVectorUDFAdaptor: false
                vectorized: true
        Map 5 
            Map Operator Tree:
                TableScan
                  alias: t2
                  Statistics: Num rows: 12288 Data size: 377237 Basic stats: COMPLETE Column stats: NONE
                  TableScan Vectorization:
                      native: true
                      projectedOutputColumns: [0, 1, 2, 3, 4, 5, 6, 7, 8, 9, 10, 11]
                  Filter Operator
                    Filter Vectorization:
                        className: VectorFilterOperator
                        native: true
                        predicateExpression: SelectColumnIsNotNull(col 2) -> boolean
                    predicate: cint is not null (type: boolean)
                    Statistics: Num rows: 12288 Data size: 377237 Basic stats: COMPLETE Column stats: NONE
                    Select Operator
                      expressions: cint (type: int)
                      outputColumnNames: _col0
                      Select Vectorization:
                          className: VectorSelectOperator
                          native: true
                          projectedOutputColumns: [2]
                      Statistics: Num rows: 12288 Data size: 377237 Basic stats: COMPLETE Column stats: NONE
                      Reduce Output Operator
                        key expressions: _col0 (type: int)
                        sort order: +
                        Map-reduce partition columns: _col0 (type: int)
                        Reduce Sink Vectorization:
                            className: VectorReduceSinkObjectHashOperator
                            native: true
                            nativeConditionsMet: hive.vectorized.execution.reducesink.new.enabled IS true, hive.execution.engine spark IN [tez, spark] IS true, No TopN IS true, No DISTINCT columns IS true, BinarySortableSerDe for keys IS true, LazyBinarySerDe for values IS true
                        Statistics: Num rows: 12288 Data size: 377237 Basic stats: COMPLETE Column stats: NONE
            Execution mode: vectorized
            Map Vectorization:
                enabled: true
                enabledConditionsMet: hive.vectorized.use.vectorized.input.format IS true
                groupByVectorOutput: true
                inputFileFormats: org.apache.hadoop.hive.ql.io.orc.OrcInputFormat
                allNative: true
                usesVectorUDFAdaptor: false
                vectorized: true
        Reducer 2 
            Reduce Vectorization:
                enabled: true
                enableConditionsMet: hive.vectorized.execution.reduce.enabled IS true, hive.execution.engine spark IN [tez, spark] IS true
                notVectorizedReason: Tagging not supported
                vectorized: false
            Reduce Operator Tree:
              Join Operator
                condition map:
                     Inner Join 0 to 1
                keys:
                  0 _col0 (type: int)
                  1 _col0 (type: int)
                outputColumnNames: _col0, _col1
                Statistics: Num rows: 13516 Data size: 414960 Basic stats: COMPLETE Column stats: NONE
                Select Operator
                  expressions: _col0 (type: int), _col1 (type: int), (_col0 + _col1) (type: int)
                  outputColumnNames: _col0, _col1, _col2
                  Statistics: Num rows: 13516 Data size: 414960 Basic stats: COMPLETE Column stats: NONE
                  Group By Operator
                    aggregations: count(_col0), max(_col1), min(_col0), avg(_col2)
                    mode: hash
                    outputColumnNames: _col0, _col1, _col2, _col3
                    Statistics: Num rows: 1 Data size: 92 Basic stats: COMPLETE Column stats: NONE
                    Reduce Output Operator
                      sort order: 
                      Statistics: Num rows: 1 Data size: 92 Basic stats: COMPLETE Column stats: NONE
                      value expressions: _col0 (type: bigint), _col1 (type: int), _col2 (type: int), _col3 (type: struct<count:bigint,sum:double,input:int>)
        Reducer 3 
            Reduce Vectorization:
                enabled: true
                enableConditionsMet: hive.vectorized.execution.reduce.enabled IS true, hive.execution.engine spark IN [tez, spark] IS true
                notVectorizedReason: Aggregation Function UDF avg parameter expression for GROUPBY operator: Data type struct<count:bigint,sum:double,input:int> of Column[VALUE._col3] not supported
                vectorized: false
            Reduce Operator Tree:
              Group By Operator
                aggregations: count(VALUE._col0), max(VALUE._col1), min(VALUE._col2), avg(VALUE._col3)
                mode: mergepartial
                outputColumnNames: _col0, _col1, _col2, _col3
                Statistics: Num rows: 1 Data size: 92 Basic stats: COMPLETE Column stats: NONE
                Reduce Output Operator
                  key expressions: _col0 (type: bigint)
                  sort order: +
                  Statistics: Num rows: 1 Data size: 92 Basic stats: COMPLETE Column stats: NONE
                  value expressions: _col1 (type: int), _col2 (type: int), _col3 (type: double)
        Reducer 4 
            Execution mode: vectorized
            Reduce Vectorization:
                enabled: true
                enableConditionsMet: hive.vectorized.execution.reduce.enabled IS true, hive.execution.engine spark IN [tez, spark] IS true
                groupByVectorOutput: true
                allNative: false
                usesVectorUDFAdaptor: false
                vectorized: true
            Reduce Operator Tree:
              Select Operator
                expressions: KEY.reducesinkkey0 (type: bigint), VALUE._col0 (type: int), VALUE._col1 (type: int), VALUE._col2 (type: double)
                outputColumnNames: _col0, _col1, _col2, _col3
                Select Vectorization:
                    className: VectorSelectOperator
                    native: true
                    projectedOutputColumns: [0, 1, 2, 3]
                Statistics: Num rows: 1 Data size: 92 Basic stats: COMPLETE Column stats: NONE
                File Output Operator
                  compressed: false
                  File Sink Vectorization:
                      className: VectorFileSinkOperator
                      native: false
                  Statistics: Num rows: 1 Data size: 92 Basic stats: COMPLETE Column stats: NONE
                  table:
                      input format: org.apache.hadoop.mapred.SequenceFileInputFormat
                      output format: org.apache.hadoop.hive.ql.io.HiveSequenceFileOutputFormat
                      serde: org.apache.hadoop.hive.serde2.lazy.LazySimpleSerDe

  Stage: Stage-0
    Fetch Operator
      limit: -1
      Processor Tree:
        ListSink

PREHOOK: query: SELECT COUNT(t1.cint), MAX(t2.cint) AS CNT, MIN(t1.cint), AVG(t1.cint+t2.cint)
  FROM alltypesorc t1
  JOIN alltypesorc t2 ON t1.cint = t2.cint order by CNT
PREHOOK: type: QUERY
PREHOOK: Input: default@alltypesorc
#### A masked pattern was here ####
POSTHOOK: query: SELECT COUNT(t1.cint), MAX(t2.cint) AS CNT, MIN(t1.cint), AVG(t1.cint+t2.cint)
  FROM alltypesorc t1
  JOIN alltypesorc t2 ON t1.cint = t2.cint order by CNT
POSTHOOK: type: QUERY
POSTHOOK: Input: default@alltypesorc
#### A masked pattern was here ####
3152013	1073680599	-1073279343	9.375396162525452E8
