PREHOOK: query: drop table p
PREHOOK: type: DROPTABLE
POSTHOOK: query: drop table p
POSTHOOK: type: DROPTABLE
PREHOOK: query: CREATE TABLE p(a int, b int) partitioned by (c int)
PREHOOK: type: CREATETABLE
PREHOOK: Output: database:default
PREHOOK: Output: default@p
POSTHOOK: query: CREATE TABLE p(a int, b int) partitioned by (c int)
POSTHOOK: type: CREATETABLE
POSTHOOK: Output: database:default
POSTHOOK: Output: default@p
PREHOOK: query: desc formatted p
PREHOOK: type: DESCTABLE
PREHOOK: Input: default@p
POSTHOOK: query: desc formatted p
POSTHOOK: type: DESCTABLE
POSTHOOK: Input: default@p
# col_name            	data_type           	comment             
a                   	int                 	                    
b                   	int                 	                    
	 	 
# Partition Information	 	 
# col_name            	data_type           	comment             
c                   	int                 	                    
	 	 
# Detailed Table Information	 	 
Database:           	default             	 
#### A masked pattern was here ####
Retention:          	0                   	 
#### A masked pattern was here ####
Table Type:         	MANAGED_TABLE       	 
Table Parameters:	 	 
	COLUMN_STATS_ACCURATE	{\"BASIC_STATS\":\"true\"}
	bucketing_version   	2                   
	numFiles            	0                   
	numPartitions       	0                   
	numRows             	0                   
	rawDataSize         	0                   
	totalSize           	0                   
#### A masked pattern was here ####
	 	 
# Storage Information	 	 
SerDe Library:      	org.apache.hadoop.hive.serde2.lazy.LazySimpleSerDe	 
InputFormat:        	org.apache.hadoop.mapred.TextInputFormat	 
OutputFormat:       	org.apache.hadoop.hive.ql.io.HiveIgnoreKeyTextOutputFormat	 
Compressed:         	No                  	 
Num Buckets:        	-1                  	 
Bucket Columns:     	[]                  	 
Sort Columns:       	[]                  	 
Storage Desc Params:	 	 
	serialization.format	1                   
PREHOOK: query: insert into p partition (c=1) values (1,2)
PREHOOK: type: QUERY
PREHOOK: Input: _dummy_database@_dummy_table
PREHOOK: Output: default@p@c=1
POSTHOOK: query: insert into p partition (c=1) values (1,2)
POSTHOOK: type: QUERY
POSTHOOK: Input: _dummy_database@_dummy_table
POSTHOOK: Output: default@p@c=1
POSTHOOK: Lineage: p PARTITION(c=1).a SCRIPT []
POSTHOOK: Lineage: p PARTITION(c=1).b SCRIPT []
PREHOOK: query: desc formatted p partition (c=1) a
PREHOOK: type: DESCTABLE
PREHOOK: Input: default@p
POSTHOOK: query: desc formatted p partition (c=1) a
POSTHOOK: type: DESCTABLE
POSTHOOK: Input: default@p
# col_name            	data_type           	comment             	 	 	 	 	 	 	 	 	 
a                   	int                 	from deserializer   	 	 	 	 	 	 	 	 	 
PREHOOK: query: desc formatted p partition (c=1)
PREHOOK: type: DESCTABLE
PREHOOK: Input: default@p
POSTHOOK: query: desc formatted p partition (c=1)
POSTHOOK: type: DESCTABLE
POSTHOOK: Input: default@p
# col_name            	data_type           	comment             
a                   	int                 	                    
b                   	int                 	                    
	 	 
# Partition Information	 	 
# col_name            	data_type           	comment             
c                   	int                 	                    
	 	 
# Detailed Partition Information	 	 
Partition Value:    	[1]                 	 
Database:           	default             	 
Table:              	p                   	 
#### A masked pattern was here ####
Partition Parameters:	 	 
	COLUMN_STATS_ACCURATE	{\"BASIC_STATS\":\"true\"}
	numFiles            	1                   
	numRows             	1                   
	rawDataSize         	3                   
	totalSize           	4                   
#### A masked pattern was here ####
	 	 
# Storage Information	 	 
SerDe Library:      	org.apache.hadoop.hive.serde2.lazy.LazySimpleSerDe	 
InputFormat:        	org.apache.hadoop.mapred.TextInputFormat	 
OutputFormat:       	org.apache.hadoop.hive.ql.io.HiveIgnoreKeyTextOutputFormat	 
Compressed:         	No                  	 
Num Buckets:        	-1                  	 
Bucket Columns:     	[]                  	 
Sort Columns:       	[]                  	 
Storage Desc Params:	 	 
	serialization.format	1                   
PREHOOK: query: explain select max(a) from p where c=1
PREHOOK: type: QUERY
POSTHOOK: query: explain select max(a) from p where c=1
POSTHOOK: type: QUERY
STAGE DEPENDENCIES:
  Stage-1 is a root stage
  Stage-0 depends on stages: Stage-1

STAGE PLANS:
  Stage: Stage-1
    Map Reduce
      Map Operator Tree:
          TableScan
            alias: p
            Statistics: Num rows: 1 Data size: 3 Basic stats: COMPLETE Column stats: NONE
            Select Operator
              expressions: a (type: int)
              outputColumnNames: a
              Statistics: Num rows: 1 Data size: 3 Basic stats: COMPLETE Column stats: NONE
              Group By Operator
                aggregations: max(a)
                mode: hash
                outputColumnNames: _col0
                Statistics: Num rows: 1 Data size: 4 Basic stats: COMPLETE Column stats: NONE
                Reduce Output Operator
                  sort order: 
                  Statistics: Num rows: 1 Data size: 4 Basic stats: COMPLETE Column stats: NONE
                  value expressions: _col0 (type: int)
      Execution mode: vectorized
      Reduce Operator Tree:
        Group By Operator
          aggregations: max(VALUE._col0)
          mode: mergepartial
          outputColumnNames: _col0
          Statistics: Num rows: 1 Data size: 4 Basic stats: COMPLETE Column stats: NONE
          File Output Operator
            compressed: false
            Statistics: Num rows: 1 Data size: 4 Basic stats: COMPLETE Column stats: NONE
            table:
                input format: org.apache.hadoop.mapred.SequenceFileInputFormat
                output format: org.apache.hadoop.hive.ql.io.HiveSequenceFileOutputFormat
                serde: org.apache.hadoop.hive.serde2.lazy.LazySimpleSerDe

  Stage: Stage-0
    Fetch Operator
      limit: -1
      Processor Tree:
        ListSink

PREHOOK: query: analyze table p partition(c=1) compute statistics for columns a
PREHOOK: type: QUERY
PREHOOK: Input: default@p
PREHOOK: Input: default@p@c=1
PREHOOK: Output: default@p
PREHOOK: Output: default@p@c=1
#### A masked pattern was here ####
POSTHOOK: query: analyze table p partition(c=1) compute statistics for columns a
POSTHOOK: type: QUERY
POSTHOOK: Input: default@p
POSTHOOK: Input: default@p@c=1
POSTHOOK: Output: default@p
POSTHOOK: Output: default@p@c=1
#### A masked pattern was here ####
PREHOOK: query: explain select max(a) from p where c=1
PREHOOK: type: QUERY
POSTHOOK: query: explain select max(a) from p where c=1
POSTHOOK: type: QUERY
STAGE DEPENDENCIES:
  Stage-0 is a root stage

STAGE PLANS:
  Stage: Stage-0
    Fetch Operator
      limit: 1
      Processor Tree:
        ListSink

PREHOOK: query: insert into p partition (c) values (2,3,4)
PREHOOK: type: QUERY
PREHOOK: Input: _dummy_database@_dummy_table
PREHOOK: Output: default@p
POSTHOOK: query: insert into p partition (c) values (2,3,4)
POSTHOOK: type: QUERY
POSTHOOK: Input: _dummy_database@_dummy_table
POSTHOOK: Output: default@p@c=4
POSTHOOK: Lineage: p PARTITION(c=4).a SCRIPT []
POSTHOOK: Lineage: p PARTITION(c=4).b SCRIPT []
PREHOOK: query: insert into p partition (c) values (4,5,6)
PREHOOK: type: QUERY
PREHOOK: Input: _dummy_database@_dummy_table
PREHOOK: Output: default@p
POSTHOOK: query: insert into p partition (c) values (4,5,6)
POSTHOOK: type: QUERY
POSTHOOK: Input: _dummy_database@_dummy_table
POSTHOOK: Output: default@p@c=6
POSTHOOK: Lineage: p PARTITION(c=6).a SCRIPT []
POSTHOOK: Lineage: p PARTITION(c=6).b SCRIPT []
PREHOOK: query: desc formatted p partition(c=4)
PREHOOK: type: DESCTABLE
PREHOOK: Input: default@p
POSTHOOK: query: desc formatted p partition(c=4)
POSTHOOK: type: DESCTABLE
POSTHOOK: Input: default@p
# col_name            	data_type           	comment             
a                   	int                 	                    
b                   	int                 	                    
	 	 
# Partition Information	 	 
# col_name            	data_type           	comment             
c                   	int                 	                    
	 	 
# Detailed Partition Information	 	 
Partition Value:    	[4]                 	 
Database:           	default             	 
Table:              	p                   	 
#### A masked pattern was here ####
Partition Parameters:	 	 
	COLUMN_STATS_ACCURATE	{\"BASIC_STATS\":\"true\"}
	numFiles            	1                   
	numRows             	1                   
	rawDataSize         	3                   
	totalSize           	4                   
#### A masked pattern was here ####
	 	 
# Storage Information	 	 
SerDe Library:      	org.apache.hadoop.hive.serde2.lazy.LazySimpleSerDe	 
InputFormat:        	org.apache.hadoop.mapred.TextInputFormat	 
OutputFormat:       	org.apache.hadoop.hive.ql.io.HiveIgnoreKeyTextOutputFormat	 
Compressed:         	No                  	 
Num Buckets:        	-1                  	 
Bucket Columns:     	[]                  	 
Sort Columns:       	[]                  	 
Storage Desc Params:	 	 
	serialization.format	1                   
PREHOOK: query: explain select max(a) from p where c=4
PREHOOK: type: QUERY
POSTHOOK: query: explain select max(a) from p where c=4
POSTHOOK: type: QUERY
STAGE DEPENDENCIES:
  Stage-1 is a root stage
  Stage-0 depends on stages: Stage-1

STAGE PLANS:
  Stage: Stage-1
    Map Reduce
      Map Operator Tree:
          TableScan
            alias: p
            Statistics: Num rows: 1 Data size: 3 Basic stats: COMPLETE Column stats: NONE
            Select Operator
              expressions: a (type: int)
              outputColumnNames: a
              Statistics: Num rows: 1 Data size: 3 Basic stats: COMPLETE Column stats: NONE
              Group By Operator
                aggregations: max(a)
                mode: hash
                outputColumnNames: _col0
                Statistics: Num rows: 1 Data size: 4 Basic stats: COMPLETE Column stats: NONE
                Reduce Output Operator
                  sort order: 
                  Statistics: Num rows: 1 Data size: 4 Basic stats: COMPLETE Column stats: NONE
                  value expressions: _col0 (type: int)
      Execution mode: vectorized
      Reduce Operator Tree:
        Group By Operator
          aggregations: max(VALUE._col0)
          mode: mergepartial
          outputColumnNames: _col0
          Statistics: Num rows: 1 Data size: 4 Basic stats: COMPLETE Column stats: NONE
          File Output Operator
            compressed: false
            Statistics: Num rows: 1 Data size: 4 Basic stats: COMPLETE Column stats: NONE
            table:
                input format: org.apache.hadoop.mapred.SequenceFileInputFormat
                output format: org.apache.hadoop.hive.ql.io.HiveSequenceFileOutputFormat
                serde: org.apache.hadoop.hive.serde2.lazy.LazySimpleSerDe

  Stage: Stage-0
    Fetch Operator
      limit: -1
      Processor Tree:
        ListSink

PREHOOK: query: alter table p add partition (c=100)
PREHOOK: type: ALTERTABLE_ADDPARTS
PREHOOK: Output: default@p
POSTHOOK: query: alter table p add partition (c=100)
POSTHOOK: type: ALTERTABLE_ADDPARTS
POSTHOOK: Output: default@p
POSTHOOK: Output: default@p@c=100
PREHOOK: query: desc formatted p partition (c=100)
PREHOOK: type: DESCTABLE
PREHOOK: Input: default@p
POSTHOOK: query: desc formatted p partition (c=100)
POSTHOOK: type: DESCTABLE
POSTHOOK: Input: default@p
# col_name            	data_type           	comment             
a                   	int                 	                    
b                   	int                 	                    
	 	 
# Partition Information	 	 
# col_name            	data_type           	comment             
c                   	int                 	                    
	 	 
# Detailed Partition Information	 	 
Partition Value:    	[100]               	 
Database:           	default             	 
Table:              	p                   	 
#### A masked pattern was here ####
Partition Parameters:	 	 
	COLUMN_STATS_ACCURATE	{\"BASIC_STATS\":\"true\",\"COLUMN_STATS\":{\"a\":\"true\",\"b\":\"true\"}}
	numFiles            	0                   
	numRows             	0                   
	rawDataSize         	0                   
	totalSize           	0                   
#### A masked pattern was here ####
	 	 
# Storage Information	 	 
SerDe Library:      	org.apache.hadoop.hive.serde2.lazy.LazySimpleSerDe	 
InputFormat:        	org.apache.hadoop.mapred.TextInputFormat	 
OutputFormat:       	org.apache.hadoop.hive.ql.io.HiveIgnoreKeyTextOutputFormat	 
Compressed:         	No                  	 
Num Buckets:        	-1                  	 
Bucket Columns:     	[]                  	 
Sort Columns:       	[]                  	 
Storage Desc Params:	 	 
	serialization.format	1                   
PREHOOK: query: explain select max(a) from p where c=100
PREHOOK: type: QUERY
POSTHOOK: query: explain select max(a) from p where c=100
POSTHOOK: type: QUERY
STAGE DEPENDENCIES:
  Stage-1 is a root stage
  Stage-0 depends on stages: Stage-1

STAGE PLANS:
  Stage: Stage-1
    Map Reduce
      Map Operator Tree:
          TableScan
            alias: p
            Statistics: Num rows: 1 Data size: 0 Basic stats: PARTIAL Column stats: NONE
            Select Operator
              expressions: a (type: int)
              outputColumnNames: a
              Statistics: Num rows: 1 Data size: 0 Basic stats: PARTIAL Column stats: NONE
              Group By Operator
                aggregations: max(a)
                mode: hash
                outputColumnNames: _col0
                Statistics: Num rows: 1 Data size: 4 Basic stats: PARTIAL Column stats: NONE
                Reduce Output Operator
                  sort order: 
                  Statistics: Num rows: 1 Data size: 4 Basic stats: PARTIAL Column stats: NONE
                  value expressions: _col0 (type: int)
      Execution mode: vectorized
      Reduce Operator Tree:
        Group By Operator
          aggregations: max(VALUE._col0)
          mode: mergepartial
          outputColumnNames: _col0
          Statistics: Num rows: 1 Data size: 4 Basic stats: PARTIAL Column stats: NONE
          File Output Operator
            compressed: false
            Statistics: Num rows: 1 Data size: 4 Basic stats: PARTIAL Column stats: NONE
            table:
                input format: org.apache.hadoop.mapred.SequenceFileInputFormat
                output format: org.apache.hadoop.hive.ql.io.HiveSequenceFileOutputFormat
                serde: org.apache.hadoop.hive.serde2.lazy.LazySimpleSerDe

  Stage: Stage-0
    Fetch Operator
      limit: -1
      Processor Tree:
        ListSink

PREHOOK: query: analyze table p partition(c=100) compute statistics for columns a
PREHOOK: type: QUERY
PREHOOK: Input: default@p
PREHOOK: Input: default@p@c=100
PREHOOK: Output: default@p
PREHOOK: Output: default@p@c=100
#### A masked pattern was here ####
POSTHOOK: query: analyze table p partition(c=100) compute statistics for columns a
POSTHOOK: type: QUERY
POSTHOOK: Input: default@p
POSTHOOK: Input: default@p@c=100
POSTHOOK: Output: default@p
POSTHOOK: Output: default@p@c=100
#### A masked pattern was here ####
PREHOOK: query: explain select max(a) from p where c=100
PREHOOK: type: QUERY
POSTHOOK: query: explain select max(a) from p where c=100
POSTHOOK: type: QUERY
STAGE DEPENDENCIES:
  Stage-1 is a root stage
  Stage-0 depends on stages: Stage-1

STAGE PLANS:
  Stage: Stage-1
    Map Reduce
      Map Operator Tree:
          TableScan
            alias: p
            Statistics: Num rows: 1 Data size: 0 Basic stats: PARTIAL Column stats: NONE
            Select Operator
              expressions: a (type: int)
              outputColumnNames: a
              Statistics: Num rows: 1 Data size: 0 Basic stats: PARTIAL Column stats: NONE
              Group By Operator
                aggregations: max(a)
                mode: hash
                outputColumnNames: _col0
                Statistics: Num rows: 1 Data size: 4 Basic stats: PARTIAL Column stats: NONE
                Reduce Output Operator
                  sort order: 
                  Statistics: Num rows: 1 Data size: 4 Basic stats: PARTIAL Column stats: NONE
                  value expressions: _col0 (type: int)
      Execution mode: vectorized
      Reduce Operator Tree:
        Group By Operator
          aggregations: max(VALUE._col0)
          mode: mergepartial
          outputColumnNames: _col0
          Statistics: Num rows: 1 Data size: 4 Basic stats: PARTIAL Column stats: NONE
          File Output Operator
            compressed: false
            Statistics: Num rows: 1 Data size: 4 Basic stats: PARTIAL Column stats: NONE
            table:
                input format: org.apache.hadoop.mapred.SequenceFileInputFormat
                output format: org.apache.hadoop.hive.ql.io.HiveSequenceFileOutputFormat
                serde: org.apache.hadoop.hive.serde2.lazy.LazySimpleSerDe

  Stage: Stage-0
    Fetch Operator
      limit: -1
      Processor Tree:
        ListSink

PREHOOK: query: desc formatted p partition(c=100)
PREHOOK: type: DESCTABLE
PREHOOK: Input: default@p
POSTHOOK: query: desc formatted p partition(c=100)
POSTHOOK: type: DESCTABLE
POSTHOOK: Input: default@p
# col_name            	data_type           	comment             
a                   	int                 	                    
b                   	int                 	                    
	 	 
# Partition Information	 	 
# col_name            	data_type           	comment             
c                   	int                 	                    
	 	 
# Detailed Partition Information	 	 
Partition Value:    	[100]               	 
Database:           	default             	 
Table:              	p                   	 
#### A masked pattern was here ####
Partition Parameters:	 	 
	COLUMN_STATS_ACCURATE	{\"BASIC_STATS\":\"true\",\"COLUMN_STATS\":{\"a\":\"true\",\"b\":\"true\"}}
	numFiles            	0                   
	numRows             	0                   
	rawDataSize         	0                   
	totalSize           	0                   
#### A masked pattern was here ####
	 	 
# Storage Information	 	 
SerDe Library:      	org.apache.hadoop.hive.serde2.lazy.LazySimpleSerDe	 
InputFormat:        	org.apache.hadoop.mapred.TextInputFormat	 
OutputFormat:       	org.apache.hadoop.hive.ql.io.HiveIgnoreKeyTextOutputFormat	 
Compressed:         	No                  	 
Num Buckets:        	-1                  	 
Bucket Columns:     	[]                  	 
Sort Columns:       	[]                  	 
Storage Desc Params:	 	 
	serialization.format	1                   
PREHOOK: query: insert into p partition (c=100) values (1,2)
PREHOOK: type: QUERY
PREHOOK: Input: _dummy_database@_dummy_table
PREHOOK: Output: default@p@c=100
POSTHOOK: query: insert into p partition (c=100) values (1,2)
POSTHOOK: type: QUERY
POSTHOOK: Input: _dummy_database@_dummy_table
POSTHOOK: Output: default@p@c=100
POSTHOOK: Lineage: p PARTITION(c=100).a SCRIPT []
POSTHOOK: Lineage: p PARTITION(c=100).b SCRIPT []
PREHOOK: query: analyze table p partition(c=100) compute statistics for columns a
PREHOOK: type: QUERY
PREHOOK: Input: default@p
PREHOOK: Input: default@p@c=100
PREHOOK: Output: default@p
PREHOOK: Output: default@p@c=100
#### A masked pattern was here ####
POSTHOOK: query: analyze table p partition(c=100) compute statistics for columns a
POSTHOOK: type: QUERY
POSTHOOK: Input: default@p
POSTHOOK: Input: default@p@c=100
POSTHOOK: Output: default@p
POSTHOOK: Output: default@p@c=100
#### A masked pattern was here ####
PREHOOK: query: explain select max(a) from p where c=100
PREHOOK: type: QUERY
POSTHOOK: query: explain select max(a) from p where c=100
POSTHOOK: type: QUERY
STAGE DEPENDENCIES:
  Stage-0 is a root stage

STAGE PLANS:
  Stage: Stage-0
    Fetch Operator
      limit: 1
      Processor Tree:
        ListSink

