PREHOOK: query: explain select * from (select a.key, a.* from (select * from src) a join (select * from src1) b on (a.key = b.key)) t
PREHOOK: type: QUERY
POSTHOOK: query: explain select * from (select a.key, a.* from (select * from src) a join (select * from src1) b on (a.key = b.key)) t
POSTHOOK: type: QUERY
STAGE DEPENDENCIES:
  Stage-1 is a root stage
  Stage-0 depends on stages: Stage-1

STAGE PLANS:
  Stage: Stage-1
    Map Reduce
      Map Operator Tree:
          TableScan
            alias: src
            Statistics: Num rows: 500 Data size: 5312 Basic stats: COMPLETE Column stats: NONE
            Filter Operator
              predicate: key is not null (type: boolean)
              Statistics: Num rows: 500 Data size: 5312 Basic stats: COMPLETE Column stats: NONE
              Select Operator
                expressions: key (type: string), value (type: string)
                outputColumnNames: _col0, _col1
                Statistics: Num rows: 500 Data size: 5312 Basic stats: COMPLETE Column stats: NONE
                Reduce Output Operator
                  key expressions: _col0 (type: string)
                  sort order: +
                  Map-reduce partition columns: _col0 (type: string)
                  Statistics: Num rows: 500 Data size: 5312 Basic stats: COMPLETE Column stats: NONE
                  value expressions: _col1 (type: string)
          TableScan
            alias: src1
            Statistics: Num rows: 25 Data size: 191 Basic stats: COMPLETE Column stats: NONE
            Filter Operator
              predicate: key is not null (type: boolean)
              Statistics: Num rows: 25 Data size: 191 Basic stats: COMPLETE Column stats: NONE
              Select Operator
                expressions: key (type: string)
                outputColumnNames: _col0
                Statistics: Num rows: 25 Data size: 191 Basic stats: COMPLETE Column stats: NONE
                Reduce Output Operator
                  key expressions: _col0 (type: string)
                  sort order: +
                  Map-reduce partition columns: _col0 (type: string)
                  Statistics: Num rows: 25 Data size: 191 Basic stats: COMPLETE Column stats: NONE
      Reduce Operator Tree:
        Join Operator
          condition map:
               Inner Join 0 to 1
          keys:
            0 _col0 (type: string)
            1 _col0 (type: string)
          outputColumnNames: _col0, _col1
          Statistics: Num rows: 550 Data size: 5843 Basic stats: COMPLETE Column stats: NONE
          Select Operator
            expressions: _col0 (type: string), _col0 (type: string), _col1 (type: string)
            outputColumnNames: _col0, _col1, _col2
            Statistics: Num rows: 550 Data size: 5843 Basic stats: COMPLETE Column stats: NONE
            File Output Operator
              compressed: false
              Statistics: Num rows: 550 Data size: 5843 Basic stats: COMPLETE Column stats: NONE
              table:
                  input format: org.apache.hadoop.mapred.SequenceFileInputFormat
                  output format: org.apache.hadoop.hive.ql.io.HiveSequenceFileOutputFormat
                  serde: org.apache.hadoop.hive.serde2.lazy.LazySimpleSerDe

  Stage: Stage-0
    Fetch Operator
      limit: -1
      Processor Tree:
        ListSink

PREHOOK: query: select * from (select a.key, a.* from (select * from src) a join (select * from src1) b on (a.key = b.key)) t
PREHOOK: type: QUERY
PREHOOK: Input: default@src
PREHOOK: Input: default@src1
#### A masked pattern was here ####
POSTHOOK: query: select * from (select a.key, a.* from (select * from src) a join (select * from src1) b on (a.key = b.key)) t
POSTHOOK: type: QUERY
POSTHOOK: Input: default@src
POSTHOOK: Input: default@src1
#### A masked pattern was here ####
128	128	val_128
128	128	val_128
128	128	val_128
146	146	val_146
146	146	val_146
150	150	val_150
213	213	val_213
213	213	val_213
224	224	val_224
224	224	val_224
238	238	val_238
238	238	val_238
255	255	val_255
255	255	val_255
273	273	val_273
273	273	val_273
273	273	val_273
278	278	val_278
278	278	val_278
311	311	val_311
311	311	val_311
311	311	val_311
369	369	val_369
369	369	val_369
369	369	val_369
401	401	val_401
401	401	val_401
401	401	val_401
401	401	val_401
401	401	val_401
406	406	val_406
406	406	val_406
406	406	val_406
406	406	val_406
66	66	val_66
98	98	val_98
98	98	val_98
PREHOOK: query: explain select * from (select a.key, a.`[k].*` from (select * from src) a join (select * from src1) b on (a.key = b.key)) t
PREHOOK: type: QUERY
POSTHOOK: query: explain select * from (select a.key, a.`[k].*` from (select * from src) a join (select * from src1) b on (a.key = b.key)) t
POSTHOOK: type: QUERY
STAGE DEPENDENCIES:
  Stage-1 is a root stage
  Stage-0 depends on stages: Stage-1

STAGE PLANS:
  Stage: Stage-1
    Map Reduce
      Map Operator Tree:
          TableScan
            alias: src
            Statistics: Num rows: 500 Data size: 5312 Basic stats: COMPLETE Column stats: NONE
            Filter Operator
              predicate: key is not null (type: boolean)
              Statistics: Num rows: 500 Data size: 5312 Basic stats: COMPLETE Column stats: NONE
              Select Operator
                expressions: key (type: string)
                outputColumnNames: _col0
                Statistics: Num rows: 500 Data size: 5312 Basic stats: COMPLETE Column stats: NONE
                Reduce Output Operator
                  key expressions: _col0 (type: string)
                  sort order: +
                  Map-reduce partition columns: _col0 (type: string)
                  Statistics: Num rows: 500 Data size: 5312 Basic stats: COMPLETE Column stats: NONE
          TableScan
            alias: src1
            Statistics: Num rows: 25 Data size: 191 Basic stats: COMPLETE Column stats: NONE
            Filter Operator
              predicate: key is not null (type: boolean)
              Statistics: Num rows: 25 Data size: 191 Basic stats: COMPLETE Column stats: NONE
              Select Operator
                expressions: key (type: string)
                outputColumnNames: _col0
                Statistics: Num rows: 25 Data size: 191 Basic stats: COMPLETE Column stats: NONE
                Reduce Output Operator
                  key expressions: _col0 (type: string)
                  sort order: +
                  Map-reduce partition columns: _col0 (type: string)
                  Statistics: Num rows: 25 Data size: 191 Basic stats: COMPLETE Column stats: NONE
      Reduce Operator Tree:
        Join Operator
          condition map:
               Inner Join 0 to 1
          keys:
            0 _col0 (type: string)
            1 _col0 (type: string)
          outputColumnNames: _col0
          Statistics: Num rows: 550 Data size: 5843 Basic stats: COMPLETE Column stats: NONE
          Select Operator
            expressions: _col0 (type: string), _col0 (type: string)
            outputColumnNames: _col0, _col1
            Statistics: Num rows: 550 Data size: 5843 Basic stats: COMPLETE Column stats: NONE
            File Output Operator
              compressed: false
              Statistics: Num rows: 550 Data size: 5843 Basic stats: COMPLETE Column stats: NONE
              table:
                  input format: org.apache.hadoop.mapred.SequenceFileInputFormat
                  output format: org.apache.hadoop.hive.ql.io.HiveSequenceFileOutputFormat
                  serde: org.apache.hadoop.hive.serde2.lazy.LazySimpleSerDe

  Stage: Stage-0
    Fetch Operator
      limit: -1
      Processor Tree:
        ListSink

PREHOOK: query: select * from (select a.key, a.`[k].*` from (select * from src) a join (select * from src1) b on (a.key = b.key)) t
PREHOOK: type: QUERY
PREHOOK: Input: default@src
PREHOOK: Input: default@src1
#### A masked pattern was here ####
POSTHOOK: query: select * from (select a.key, a.`[k].*` from (select * from src) a join (select * from src1) b on (a.key = b.key)) t
POSTHOOK: type: QUERY
POSTHOOK: Input: default@src
POSTHOOK: Input: default@src1
#### A masked pattern was here ####
128	128
128	128
128	128
146	146
146	146
150	150
213	213
213	213
224	224
224	224
238	238
238	238
255	255
255	255
273	273
273	273
273	273
278	278
278	278
311	311
311	311
311	311
369	369
369	369
369	369
401	401
401	401
401	401
401	401
401	401
406	406
406	406
406	406
406	406
66	66
98	98
98	98
PREHOOK: query: explain select * from (select a.key, a.key from (select * from src) a join (select * from src1) b on (a.key = b.key)) t
PREHOOK: type: QUERY
POSTHOOK: query: explain select * from (select a.key, a.key from (select * from src) a join (select * from src1) b on (a.key = b.key)) t
POSTHOOK: type: QUERY
STAGE DEPENDENCIES:
  Stage-1 is a root stage
  Stage-0 depends on stages: Stage-1

STAGE PLANS:
  Stage: Stage-1
    Map Reduce
      Map Operator Tree:
          TableScan
            alias: src
            Statistics: Num rows: 500 Data size: 5312 Basic stats: COMPLETE Column stats: NONE
            Filter Operator
              predicate: key is not null (type: boolean)
              Statistics: Num rows: 500 Data size: 5312 Basic stats: COMPLETE Column stats: NONE
              Select Operator
                expressions: key (type: string)
                outputColumnNames: _col0
                Statistics: Num rows: 500 Data size: 5312 Basic stats: COMPLETE Column stats: NONE
                Reduce Output Operator
                  key expressions: _col0 (type: string)
                  sort order: +
                  Map-reduce partition columns: _col0 (type: string)
                  Statistics: Num rows: 500 Data size: 5312 Basic stats: COMPLETE Column stats: NONE
          TableScan
            alias: src1
            Statistics: Num rows: 25 Data size: 191 Basic stats: COMPLETE Column stats: NONE
            Filter Operator
              predicate: key is not null (type: boolean)
              Statistics: Num rows: 25 Data size: 191 Basic stats: COMPLETE Column stats: NONE
              Select Operator
                expressions: key (type: string)
                outputColumnNames: _col0
                Statistics: Num rows: 25 Data size: 191 Basic stats: COMPLETE Column stats: NONE
                Reduce Output Operator
                  key expressions: _col0 (type: string)
                  sort order: +
                  Map-reduce partition columns: _col0 (type: string)
                  Statistics: Num rows: 25 Data size: 191 Basic stats: COMPLETE Column stats: NONE
      Reduce Operator Tree:
        Join Operator
          condition map:
               Inner Join 0 to 1
          keys:
            0 _col0 (type: string)
            1 _col0 (type: string)
          outputColumnNames: _col0
          Statistics: Num rows: 550 Data size: 5843 Basic stats: COMPLETE Column stats: NONE
          Select Operator
            expressions: _col0 (type: string), _col0 (type: string)
            outputColumnNames: _col0, _col1
            Statistics: Num rows: 550 Data size: 5843 Basic stats: COMPLETE Column stats: NONE
            File Output Operator
              compressed: false
              Statistics: Num rows: 550 Data size: 5843 Basic stats: COMPLETE Column stats: NONE
              table:
                  input format: org.apache.hadoop.mapred.SequenceFileInputFormat
                  output format: org.apache.hadoop.hive.ql.io.HiveSequenceFileOutputFormat
                  serde: org.apache.hadoop.hive.serde2.lazy.LazySimpleSerDe

  Stage: Stage-0
    Fetch Operator
      limit: -1
      Processor Tree:
        ListSink

PREHOOK: query: select * from (select a.key, a.key from (select * from src) a join (select * from src1) b on (a.key = b.key)) t
PREHOOK: type: QUERY
PREHOOK: Input: default@src
PREHOOK: Input: default@src1
#### A masked pattern was here ####
POSTHOOK: query: select * from (select a.key, a.key from (select * from src) a join (select * from src1) b on (a.key = b.key)) t
POSTHOOK: type: QUERY
POSTHOOK: Input: default@src
POSTHOOK: Input: default@src1
#### A masked pattern was here ####
128	128
128	128
128	128
146	146
146	146
150	150
213	213
213	213
224	224
224	224
238	238
238	238
255	255
255	255
273	273
273	273
273	273
278	278
278	278
311	311
311	311
311	311
369	369
369	369
369	369
401	401
401	401
401	401
401	401
401	401
406	406
406	406
406	406
406	406
66	66
98	98
98	98
