PREHOOK: query: drop table if exists explain_npe
PREHOOK: type: DROPTABLE
POSTHOOK: query: drop table if exists explain_npe
POSTHOOK: type: DROPTABLE
PREHOOK: query: create table explain_npe ( c1 map<string, string> )
PREHOOK: type: CREATETABLE
PREHOOK: Output: database:default
PREHOOK: Output: default@explain_npe
POSTHOOK: query: create table explain_npe ( c1 map<string, string> )
POSTHOOK: type: CREATETABLE
POSTHOOK: Output: database:default
POSTHOOK: Output: default@explain_npe
PREHOOK: query: explain select c1 from explain_npe where c1 is not null
PREHOOK: type: QUERY
PREHOOK: Input: default@explain_npe
#### A masked pattern was here ####
POSTHOOK: query: explain select c1 from explain_npe where c1 is not null
POSTHOOK: type: QUERY
POSTHOOK: Input: default@explain_npe
#### A masked pattern was here ####
STAGE DEPENDENCIES:
  Stage-0 is a root stage

STAGE PLANS:
  Stage: Stage-0
    Fetch Operator
      limit: -1
      Processor Tree:
        TableScan
          alias: explain_npe
          Statistics: Num rows: 1 Data size: 920 Basic stats: COMPLETE Column stats: NONE
          Select Operator
            expressions: c1 (type: map<string,string>)
            outputColumnNames: _col0
            Statistics: Num rows: 1 Data size: 920 Basic stats: COMPLETE Column stats: NONE
            ListSink

PREHOOK: query: drop table explain_npe
PREHOOK: type: DROPTABLE
PREHOOK: Input: default@explain_npe
PREHOOK: Output: default@explain_npe
POSTHOOK: query: drop table explain_npe
POSTHOOK: type: DROPTABLE
POSTHOOK: Input: default@explain_npe
POSTHOOK: Output: default@explain_npe
