PREHOOK: query: create table if not exists loc_staging (
  state string,
  locid int,
  zip bigint,
  year int
) row format delimited fields terminated by '|' stored as textfile
PREHOOK: type: CREATETABLE
PREHOOK: Output: database:default
PREHOOK: Output: default@loc_staging
POSTHOOK: query: create table if not exists loc_staging (
  state string,
  locid int,
  zip bigint,
  year int
) row format delimited fields terminated by '|' stored as textfile
POSTHOOK: type: CREATETABLE
POSTHOOK: Output: database:default
POSTHOOK: Output: default@loc_staging
PREHOOK: query: create table loc_orc like loc_staging
PREHOOK: type: CREATETABLE
PREHOOK: Output: database:default
PREHOOK: Output: default@loc_orc
POSTHOOK: query: create table loc_orc like loc_staging
POSTHOOK: type: CREATETABLE
POSTHOOK: Output: database:default
POSTHOOK: Output: default@loc_orc
PREHOOK: query: alter table loc_orc set fileformat orc
PREHOOK: type: ALTERTABLE_FILEFORMAT
PREHOOK: Input: default@loc_orc
PREHOOK: Output: default@loc_orc
POSTHOOK: query: alter table loc_orc set fileformat orc
POSTHOOK: type: ALTERTABLE_FILEFORMAT
POSTHOOK: Input: default@loc_orc
POSTHOOK: Output: default@loc_orc
PREHOOK: query: load data local inpath '../../data/files/loc.txt' overwrite into table loc_staging
PREHOOK: type: LOAD
#### A masked pattern was here ####
PREHOOK: Output: default@loc_staging
POSTHOOK: query: load data local inpath '../../data/files/loc.txt' overwrite into table loc_staging
POSTHOOK: type: LOAD
#### A masked pattern was here ####
POSTHOOK: Output: default@loc_staging
PREHOOK: query: insert overwrite table loc_orc select * from loc_staging
PREHOOK: type: QUERY
PREHOOK: Input: default@loc_staging
PREHOOK: Output: default@loc_orc
POSTHOOK: query: insert overwrite table loc_orc select * from loc_staging
POSTHOOK: type: QUERY
POSTHOOK: Input: default@loc_staging
POSTHOOK: Output: default@loc_orc
POSTHOOK: Lineage: loc_orc.locid SIMPLE [(loc_staging)loc_staging.FieldSchema(name:locid, type:int, comment:null), ]
POSTHOOK: Lineage: loc_orc.state SIMPLE [(loc_staging)loc_staging.FieldSchema(name:state, type:string, comment:null), ]
POSTHOOK: Lineage: loc_orc.year SIMPLE [(loc_staging)loc_staging.FieldSchema(name:year, type:int, comment:null), ]
POSTHOOK: Lineage: loc_orc.zip SIMPLE [(loc_staging)loc_staging.FieldSchema(name:zip, type:bigint, comment:null), ]
PREHOOK: query: analyze table loc_orc compute statistics for columns state,locid,zip,year
PREHOOK: type: QUERY
PREHOOK: Input: default@loc_orc
#### A masked pattern was here ####
POSTHOOK: query: analyze table loc_orc compute statistics for columns state,locid,zip,year
POSTHOOK: type: QUERY
POSTHOOK: Input: default@loc_orc
#### A masked pattern was here ####
PREHOOK: query: explain select state from loc_orc
PREHOOK: type: QUERY
POSTHOOK: query: explain select state from loc_orc
POSTHOOK: type: QUERY
STAGE DEPENDENCIES:
  Stage-0 is a root stage

STAGE PLANS:
  Stage: Stage-0
    Fetch Operator
      limit: -1
      Processor Tree:
        TableScan
          alias: loc_orc
          Statistics: Num rows: 8 Data size: 688 Basic stats: COMPLETE Column stats: COMPLETE
          Select Operator
            expressions: state (type: string)
            outputColumnNames: _col0
            Statistics: Num rows: 8 Data size: 688 Basic stats: COMPLETE Column stats: COMPLETE
            ListSink

PREHOOK: query: explain select * from (select state from loc_orc union all select state from loc_orc) tmp
PREHOOK: type: QUERY
POSTHOOK: query: explain select * from (select state from loc_orc union all select state from loc_orc) tmp
POSTHOOK: type: QUERY
STAGE DEPENDENCIES:
  Stage-1 is a root stage
  Stage-0 depends on stages: Stage-1

STAGE PLANS:
  Stage: Stage-1
    Map Reduce
      Map Operator Tree:
          TableScan
            alias: loc_orc
            Statistics: Num rows: 8 Data size: 688 Basic stats: COMPLETE Column stats: COMPLETE
            Select Operator
              expressions: state (type: string)
              outputColumnNames: _col0
              Statistics: Num rows: 8 Data size: 688 Basic stats: COMPLETE Column stats: COMPLETE
              Union
                Statistics: Num rows: 16 Data size: 1376 Basic stats: COMPLETE Column stats: COMPLETE
                File Output Operator
                  compressed: false
                  Statistics: Num rows: 16 Data size: 1376 Basic stats: COMPLETE Column stats: COMPLETE
                  table:
                      input format: org.apache.hadoop.mapred.SequenceFileInputFormat
                      output format: org.apache.hadoop.hive.ql.io.HiveSequenceFileOutputFormat
                      serde: org.apache.hadoop.hive.serde2.lazy.LazySimpleSerDe
          TableScan
            alias: loc_orc
            Statistics: Num rows: 8 Data size: 688 Basic stats: COMPLETE Column stats: COMPLETE
            Select Operator
              expressions: state (type: string)
              outputColumnNames: _col0
              Statistics: Num rows: 8 Data size: 688 Basic stats: COMPLETE Column stats: COMPLETE
              Union
                Statistics: Num rows: 16 Data size: 1376 Basic stats: COMPLETE Column stats: COMPLETE
                File Output Operator
                  compressed: false
                  Statistics: Num rows: 16 Data size: 1376 Basic stats: COMPLETE Column stats: COMPLETE
                  table:
                      input format: org.apache.hadoop.mapred.SequenceFileInputFormat
                      output format: org.apache.hadoop.hive.ql.io.HiveSequenceFileOutputFormat
                      serde: org.apache.hadoop.hive.serde2.lazy.LazySimpleSerDe

  Stage: Stage-0
    Fetch Operator
      limit: -1
      Processor Tree:
        ListSink

PREHOOK: query: explain select * from loc_orc
PREHOOK: type: QUERY
POSTHOOK: query: explain select * from loc_orc
POSTHOOK: type: QUERY
STAGE DEPENDENCIES:
  Stage-0 is a root stage

STAGE PLANS:
  Stage: Stage-0
    Fetch Operator
      limit: -1
      Processor Tree:
        TableScan
          alias: loc_orc
          Statistics: Num rows: 8 Data size: 816 Basic stats: COMPLETE Column stats: COMPLETE
          Select Operator
            expressions: state (type: string), locid (type: int), zip (type: bigint), year (type: int)
            outputColumnNames: _col0, _col1, _col2, _col3
            Statistics: Num rows: 8 Data size: 816 Basic stats: COMPLETE Column stats: COMPLETE
            ListSink

PREHOOK: query: explain select * from (select * from loc_orc union all select * from loc_orc) tmp
PREHOOK: type: QUERY
POSTHOOK: query: explain select * from (select * from loc_orc union all select * from loc_orc) tmp
POSTHOOK: type: QUERY
STAGE DEPENDENCIES:
  Stage-1 is a root stage
  Stage-0 depends on stages: Stage-1

STAGE PLANS:
  Stage: Stage-1
    Map Reduce
      Map Operator Tree:
          TableScan
            alias: loc_orc
            Statistics: Num rows: 8 Data size: 816 Basic stats: COMPLETE Column stats: COMPLETE
            Select Operator
              expressions: state (type: string), locid (type: int), zip (type: bigint), year (type: int)
              outputColumnNames: _col0, _col1, _col2, _col3
              Statistics: Num rows: 8 Data size: 816 Basic stats: COMPLETE Column stats: COMPLETE
              Union
                Statistics: Num rows: 16 Data size: 1632 Basic stats: COMPLETE Column stats: COMPLETE
                File Output Operator
                  compressed: false
                  Statistics: Num rows: 16 Data size: 1632 Basic stats: COMPLETE Column stats: COMPLETE
                  table:
                      input format: org.apache.hadoop.mapred.SequenceFileInputFormat
                      output format: org.apache.hadoop.hive.ql.io.HiveSequenceFileOutputFormat
                      serde: org.apache.hadoop.hive.serde2.lazy.LazySimpleSerDe
          TableScan
            alias: loc_orc
            Statistics: Num rows: 8 Data size: 816 Basic stats: COMPLETE Column stats: COMPLETE
            Select Operator
              expressions: state (type: string), locid (type: int), zip (type: bigint), year (type: int)
              outputColumnNames: _col0, _col1, _col2, _col3
              Statistics: Num rows: 8 Data size: 816 Basic stats: COMPLETE Column stats: COMPLETE
              Union
                Statistics: Num rows: 16 Data size: 1632 Basic stats: COMPLETE Column stats: COMPLETE
                File Output Operator
                  compressed: false
                  Statistics: Num rows: 16 Data size: 1632 Basic stats: COMPLETE Column stats: COMPLETE
                  table:
                      input format: org.apache.hadoop.mapred.SequenceFileInputFormat
                      output format: org.apache.hadoop.hive.ql.io.HiveSequenceFileOutputFormat
                      serde: org.apache.hadoop.hive.serde2.lazy.LazySimpleSerDe

  Stage: Stage-0
    Fetch Operator
      limit: -1
      Processor Tree:
        ListSink

PREHOOK: query: create database test
PREHOOK: type: CREATEDATABASE
PREHOOK: Output: database:test
POSTHOOK: query: create database test
POSTHOOK: type: CREATEDATABASE
POSTHOOK: Output: database:test
PREHOOK: query: use test
PREHOOK: type: SWITCHDATABASE
PREHOOK: Input: database:test
POSTHOOK: query: use test
POSTHOOK: type: SWITCHDATABASE
POSTHOOK: Input: database:test
PREHOOK: query: create table if not exists loc_staging (
  state string,
  locid int,
  zip bigint,
  year int
) row format delimited fields terminated by '|' stored as textfile
PREHOOK: type: CREATETABLE
PREHOOK: Output: database:test
PREHOOK: Output: test@loc_staging
POSTHOOK: query: create table if not exists loc_staging (
  state string,
  locid int,
  zip bigint,
  year int
) row format delimited fields terminated by '|' stored as textfile
POSTHOOK: type: CREATETABLE
POSTHOOK: Output: database:test
POSTHOOK: Output: test@loc_staging
PREHOOK: query: create table loc_orc like loc_staging
PREHOOK: type: CREATETABLE
PREHOOK: Output: database:test
PREHOOK: Output: test@loc_orc
POSTHOOK: query: create table loc_orc like loc_staging
POSTHOOK: type: CREATETABLE
POSTHOOK: Output: database:test
POSTHOOK: Output: test@loc_orc
PREHOOK: query: alter table loc_orc set fileformat orc
PREHOOK: type: ALTERTABLE_FILEFORMAT
PREHOOK: Input: test@loc_orc
PREHOOK: Output: test@loc_orc
POSTHOOK: query: alter table loc_orc set fileformat orc
POSTHOOK: type: ALTERTABLE_FILEFORMAT
POSTHOOK: Input: test@loc_orc
POSTHOOK: Output: test@loc_orc
PREHOOK: query: load data local inpath '../../data/files/loc.txt' overwrite into table loc_staging
PREHOOK: type: LOAD
#### A masked pattern was here ####
PREHOOK: Output: test@loc_staging
POSTHOOK: query: load data local inpath '../../data/files/loc.txt' overwrite into table loc_staging
POSTHOOK: type: LOAD
#### A masked pattern was here ####
POSTHOOK: Output: test@loc_staging
PREHOOK: query: insert overwrite table loc_orc select * from loc_staging
PREHOOK: type: QUERY
PREHOOK: Input: test@loc_staging
PREHOOK: Output: test@loc_orc
POSTHOOK: query: insert overwrite table loc_orc select * from loc_staging
POSTHOOK: type: QUERY
POSTHOOK: Input: test@loc_staging
POSTHOOK: Output: test@loc_orc
POSTHOOK: Lineage: loc_orc.locid SIMPLE [(loc_staging)loc_staging.FieldSchema(name:locid, type:int, comment:null), ]
POSTHOOK: Lineage: loc_orc.state SIMPLE [(loc_staging)loc_staging.FieldSchema(name:state, type:string, comment:null), ]
POSTHOOK: Lineage: loc_orc.year SIMPLE [(loc_staging)loc_staging.FieldSchema(name:year, type:int, comment:null), ]
POSTHOOK: Lineage: loc_orc.zip SIMPLE [(loc_staging)loc_staging.FieldSchema(name:zip, type:bigint, comment:null), ]
PREHOOK: query: analyze table loc_staging compute statistics
PREHOOK: type: QUERY
PREHOOK: Input: test@loc_staging
PREHOOK: Output: test@loc_staging
POSTHOOK: query: analyze table loc_staging compute statistics
POSTHOOK: type: QUERY
POSTHOOK: Input: test@loc_staging
POSTHOOK: Output: test@loc_staging
PREHOOK: query: analyze table loc_staging compute statistics for columns state,locid,zip,year
PREHOOK: type: QUERY
PREHOOK: Input: test@loc_staging
#### A masked pattern was here ####
POSTHOOK: query: analyze table loc_staging compute statistics for columns state,locid,zip,year
POSTHOOK: type: QUERY
POSTHOOK: Input: test@loc_staging
#### A masked pattern was here ####
PREHOOK: query: analyze table loc_orc compute statistics for columns state,locid,zip,year
PREHOOK: type: QUERY
PREHOOK: Input: test@loc_orc
#### A masked pattern was here ####
POSTHOOK: query: analyze table loc_orc compute statistics for columns state,locid,zip,year
POSTHOOK: type: QUERY
POSTHOOK: Input: test@loc_orc
#### A masked pattern was here ####
PREHOOK: query: explain select * from (select state from default.loc_orc union all select state from test.loc_orc) temp
PREHOOK: type: QUERY
POSTHOOK: query: explain select * from (select state from default.loc_orc union all select state from test.loc_orc) temp
POSTHOOK: type: QUERY
STAGE DEPENDENCIES:
  Stage-1 is a root stage
  Stage-0 depends on stages: Stage-1

STAGE PLANS:
  Stage: Stage-1
    Map Reduce
      Map Operator Tree:
          TableScan
            alias: loc_orc
            Statistics: Num rows: 8 Data size: 688 Basic stats: COMPLETE Column stats: COMPLETE
            Select Operator
              expressions: state (type: string)
              outputColumnNames: _col0
              Statistics: Num rows: 8 Data size: 688 Basic stats: COMPLETE Column stats: COMPLETE
              Union
                Statistics: Num rows: 16 Data size: 1376 Basic stats: COMPLETE Column stats: COMPLETE
                File Output Operator
                  compressed: false
                  Statistics: Num rows: 16 Data size: 1376 Basic stats: COMPLETE Column stats: COMPLETE
                  table:
                      input format: org.apache.hadoop.mapred.SequenceFileInputFormat
                      output format: org.apache.hadoop.hive.ql.io.HiveSequenceFileOutputFormat
                      serde: org.apache.hadoop.hive.serde2.lazy.LazySimpleSerDe
          TableScan
            alias: loc_orc
            Statistics: Num rows: 8 Data size: 688 Basic stats: COMPLETE Column stats: COMPLETE
            Select Operator
              expressions: state (type: string)
              outputColumnNames: _col0
              Statistics: Num rows: 8 Data size: 688 Basic stats: COMPLETE Column stats: COMPLETE
              Union
                Statistics: Num rows: 16 Data size: 1376 Basic stats: COMPLETE Column stats: COMPLETE
                File Output Operator
                  compressed: false
                  Statistics: Num rows: 16 Data size: 1376 Basic stats: COMPLETE Column stats: COMPLETE
                  table:
                      input format: org.apache.hadoop.mapred.SequenceFileInputFormat
                      output format: org.apache.hadoop.hive.ql.io.HiveSequenceFileOutputFormat
                      serde: org.apache.hadoop.hive.serde2.lazy.LazySimpleSerDe

  Stage: Stage-0
    Fetch Operator
      limit: -1
      Processor Tree:
        ListSink

PREHOOK: query: explain select * from (select state from test.loc_staging union all select state from test.loc_orc) temp
PREHOOK: type: QUERY
POSTHOOK: query: explain select * from (select state from test.loc_staging union all select state from test.loc_orc) temp
POSTHOOK: type: QUERY
STAGE DEPENDENCIES:
  Stage-1 is a root stage
  Stage-0 depends on stages: Stage-1

STAGE PLANS:
  Stage: Stage-1
    Map Reduce
      Map Operator Tree:
          TableScan
            alias: loc_staging
            Statistics: Num rows: 8 Data size: 688 Basic stats: COMPLETE Column stats: COMPLETE
            Select Operator
              expressions: state (type: string)
              outputColumnNames: _col0
              Statistics: Num rows: 8 Data size: 688 Basic stats: COMPLETE Column stats: COMPLETE
              Union
                Statistics: Num rows: 16 Data size: 1376 Basic stats: COMPLETE Column stats: COMPLETE
                File Output Operator
                  compressed: false
                  Statistics: Num rows: 16 Data size: 1376 Basic stats: COMPLETE Column stats: COMPLETE
                  table:
                      input format: org.apache.hadoop.mapred.SequenceFileInputFormat
                      output format: org.apache.hadoop.hive.ql.io.HiveSequenceFileOutputFormat
                      serde: org.apache.hadoop.hive.serde2.lazy.LazySimpleSerDe
          TableScan
            alias: loc_orc
            Statistics: Num rows: 8 Data size: 688 Basic stats: COMPLETE Column stats: COMPLETE
            Select Operator
              expressions: state (type: string)
              outputColumnNames: _col0
              Statistics: Num rows: 8 Data size: 688 Basic stats: COMPLETE Column stats: COMPLETE
              Union
                Statistics: Num rows: 16 Data size: 1376 Basic stats: COMPLETE Column stats: COMPLETE
                File Output Operator
                  compressed: false
                  Statistics: Num rows: 16 Data size: 1376 Basic stats: COMPLETE Column stats: COMPLETE
                  table:
                      input format: org.apache.hadoop.mapred.SequenceFileInputFormat
                      output format: org.apache.hadoop.hive.ql.io.HiveSequenceFileOutputFormat
                      serde: org.apache.hadoop.hive.serde2.lazy.LazySimpleSerDe

  Stage: Stage-0
    Fetch Operator
      limit: -1
      Processor Tree:
        ListSink

