PREHOOK: query: create table if not exists loc_staging_n4 (
  state string,
  locid int,
  zip bigint,
  year string
) row format delimited fields terminated by '|' stored as textfile
PREHOOK: type: CREATETABLE
PREHOOK: Output: database:default
PREHOOK: Output: default@loc_staging_n4
POSTHOOK: query: create table if not exists loc_staging_n4 (
  state string,
  locid int,
  zip bigint,
  year string
) row format delimited fields terminated by '|' stored as textfile
POSTHOOK: type: CREATETABLE
POSTHOOK: Output: database:default
POSTHOOK: Output: default@loc_staging_n4
PREHOOK: query: LOAD DATA LOCAL INPATH '../../data/files/loc.txt' OVERWRITE INTO TABLE loc_staging_n4
PREHOOK: type: LOAD
#### A masked pattern was here ####
PREHOOK: Output: default@loc_staging_n4
POSTHOOK: query: LOAD DATA LOCAL INPATH '../../data/files/loc.txt' OVERWRITE INTO TABLE loc_staging_n4
POSTHOOK: type: LOAD
#### A masked pattern was here ####
POSTHOOK: Output: default@loc_staging_n4
PREHOOK: query: create table if not exists loc_orc_n4 (
  state string,
  locid int,
  zip bigint
) partitioned by(year string) stored as orc
PREHOOK: type: CREATETABLE
PREHOOK: Output: database:default
PREHOOK: Output: default@loc_orc_n4
POSTHOOK: query: create table if not exists loc_orc_n4 (
  state string,
  locid int,
  zip bigint
) partitioned by(year string) stored as orc
POSTHOOK: type: CREATETABLE
POSTHOOK: Output: database:default
POSTHOOK: Output: default@loc_orc_n4
PREHOOK: query: explain select * from loc_orc_n4
PREHOOK: type: QUERY
POSTHOOK: query: explain select * from loc_orc_n4
POSTHOOK: type: QUERY
STAGE DEPENDENCIES:
  Stage-0 is a root stage

STAGE PLANS:
  Stage: Stage-0
    Fetch Operator
      limit: -1
      Processor Tree:
        TableScan
          alias: loc_orc_n4
          Statistics: Num rows: 1 Data size: 380 Basic stats: COMPLETE Column stats: PARTIAL
          Select Operator
            expressions: state (type: string), locid (type: int), zip (type: bigint), year (type: string)
            outputColumnNames: _col0, _col1, _col2, _col3
            Statistics: Num rows: 1 Data size: 380 Basic stats: COMPLETE Column stats: PARTIAL
            ListSink

PREHOOK: query: insert overwrite table loc_orc_n4 partition(year) select * from loc_staging_n4
PREHOOK: type: QUERY
PREHOOK: Input: default@loc_staging_n4
PREHOOK: Output: default@loc_orc_n4
POSTHOOK: query: insert overwrite table loc_orc_n4 partition(year) select * from loc_staging_n4
POSTHOOK: type: QUERY
POSTHOOK: Input: default@loc_staging_n4
POSTHOOK: Output: default@loc_orc_n4@year=2001
POSTHOOK: Output: default@loc_orc_n4@year=__HIVE_DEFAULT_PARTITION__
POSTHOOK: Lineage: loc_orc_n4 PARTITION(year=2001).locid SIMPLE [(loc_staging_n4)loc_staging_n4.FieldSchema(name:locid, type:int, comment:null), ]
POSTHOOK: Lineage: loc_orc_n4 PARTITION(year=2001).state SIMPLE [(loc_staging_n4)loc_staging_n4.FieldSchema(name:state, type:string, comment:null), ]
POSTHOOK: Lineage: loc_orc_n4 PARTITION(year=2001).zip SIMPLE [(loc_staging_n4)loc_staging_n4.FieldSchema(name:zip, type:bigint, comment:null), ]
POSTHOOK: Lineage: loc_orc_n4 PARTITION(year=__HIVE_DEFAULT_PARTITION__).locid SIMPLE [(loc_staging_n4)loc_staging_n4.FieldSchema(name:locid, type:int, comment:null), ]
POSTHOOK: Lineage: loc_orc_n4 PARTITION(year=__HIVE_DEFAULT_PARTITION__).state SIMPLE [(loc_staging_n4)loc_staging_n4.FieldSchema(name:state, type:string, comment:null), ]
POSTHOOK: Lineage: loc_orc_n4 PARTITION(year=__HIVE_DEFAULT_PARTITION__).zip SIMPLE [(loc_staging_n4)loc_staging_n4.FieldSchema(name:zip, type:bigint, comment:null), ]
PREHOOK: query: explain select * from loc_orc_n4
PREHOOK: type: QUERY
POSTHOOK: query: explain select * from loc_orc_n4
POSTHOOK: type: QUERY
STAGE DEPENDENCIES:
  Stage-0 is a root stage

STAGE PLANS:
  Stage: Stage-0
    Fetch Operator
      limit: -1
      Processor Tree:
        TableScan
          alias: loc_orc_n4
          Statistics: Num rows: 18 Data size: 14640 Basic stats: COMPLETE Column stats: PARTIAL
          Select Operator
            expressions: state (type: string), locid (type: int), zip (type: bigint), year (type: string)
            outputColumnNames: _col0, _col1, _col2, _col3
            Statistics: Num rows: 18 Data size: 6840 Basic stats: COMPLETE Column stats: PARTIAL
            ListSink

PREHOOK: query: analyze table loc_orc_n4 partition(year='2001') compute statistics
PREHOOK: type: QUERY
PREHOOK: Input: default@loc_orc_n4
PREHOOK: Output: default@loc_orc_n4
PREHOOK: Output: default@loc_orc_n4@year=2001
POSTHOOK: query: analyze table loc_orc_n4 partition(year='2001') compute statistics
POSTHOOK: type: QUERY
POSTHOOK: Input: default@loc_orc_n4
POSTHOOK: Output: default@loc_orc_n4
POSTHOOK: Output: default@loc_orc_n4@year=2001
PREHOOK: query: explain select * from loc_orc_n4 where year='__HIVE_DEFAULT_PARTITION__'
PREHOOK: type: QUERY
POSTHOOK: query: explain select * from loc_orc_n4 where year='__HIVE_DEFAULT_PARTITION__'
POSTHOOK: type: QUERY
STAGE DEPENDENCIES:
  Stage-0 is a root stage

STAGE PLANS:
  Stage: Stage-0
    Fetch Operator
      limit: -1
      Processor Tree:
        TableScan
          alias: loc_orc_n4
          Statistics: Num rows: 8 Data size: 5048 Basic stats: COMPLETE Column stats: NONE
          Select Operator
            expressions: state (type: string), locid (type: int), zip (type: bigint), '__HIVE_DEFAULT_PARTITION__' (type: string)
            outputColumnNames: _col0, _col1, _col2, _col3
            Statistics: Num rows: 8 Data size: 5048 Basic stats: COMPLETE Column stats: NONE
            ListSink

PREHOOK: query: explain select * from loc_orc_n4
PREHOOK: type: QUERY
POSTHOOK: query: explain select * from loc_orc_n4
POSTHOOK: type: QUERY
STAGE DEPENDENCIES:
  Stage-0 is a root stage

STAGE PLANS:
  Stage: Stage-0
    Fetch Operator
      limit: -1
      Processor Tree:
        TableScan
          alias: loc_orc_n4
          Statistics: Num rows: 7 Data size: 3338 Basic stats: PARTIAL Column stats: PARTIAL
          Select Operator
            expressions: state (type: string), locid (type: int), zip (type: bigint), year (type: string)
            outputColumnNames: _col0, _col1, _col2, _col3
            Statistics: Num rows: 7 Data size: 3338 Basic stats: PARTIAL Column stats: PARTIAL
            ListSink

PREHOOK: query: explain select * from loc_orc_n4 where year='2001'
PREHOOK: type: QUERY
POSTHOOK: query: explain select * from loc_orc_n4 where year='2001'
POSTHOOK: type: QUERY
STAGE DEPENDENCIES:
  Stage-0 is a root stage

STAGE PLANS:
  Stage: Stage-0
    Fetch Operator
      limit: -1
      Processor Tree:
        TableScan
          alias: loc_orc_n4
          Statistics: Num rows: 7 Data size: 2050 Basic stats: COMPLETE Column stats: NONE
          Select Operator
            expressions: state (type: string), locid (type: int), zip (type: bigint), '2001' (type: string)
            outputColumnNames: _col0, _col1, _col2, _col3
            Statistics: Num rows: 7 Data size: 2050 Basic stats: COMPLETE Column stats: NONE
            ListSink

PREHOOK: query: analyze table loc_orc_n4 partition(year) compute statistics
PREHOOK: type: QUERY
PREHOOK: Input: default@loc_orc_n4
PREHOOK: Output: default@loc_orc_n4
PREHOOK: Output: default@loc_orc_n4@year=2001
PREHOOK: Output: default@loc_orc_n4@year=__HIVE_DEFAULT_PARTITION__
POSTHOOK: query: analyze table loc_orc_n4 partition(year) compute statistics
POSTHOOK: type: QUERY
POSTHOOK: Input: default@loc_orc_n4
POSTHOOK: Output: default@loc_orc_n4
POSTHOOK: Output: default@loc_orc_n4@year=2001
POSTHOOK: Output: default@loc_orc_n4@year=__HIVE_DEFAULT_PARTITION__
PREHOOK: query: explain select * from loc_orc_n4 where year='__HIVE_DEFAULT_PARTITION__'
PREHOOK: type: QUERY
POSTHOOK: query: explain select * from loc_orc_n4 where year='__HIVE_DEFAULT_PARTITION__'
POSTHOOK: type: QUERY
STAGE DEPENDENCIES:
  Stage-0 is a root stage

STAGE PLANS:
  Stage: Stage-0
    Fetch Operator
      limit: -1
      Processor Tree:
        TableScan
          alias: loc_orc_n4
          Statistics: Num rows: 1 Data size: 292 Basic stats: COMPLETE Column stats: NONE
          Select Operator
            expressions: state (type: string), locid (type: int), zip (type: bigint), '__HIVE_DEFAULT_PARTITION__' (type: string)
            outputColumnNames: _col0, _col1, _col2, _col3
            Statistics: Num rows: 1 Data size: 292 Basic stats: COMPLETE Column stats: NONE
            ListSink

PREHOOK: query: explain select * from loc_orc_n4
PREHOOK: type: QUERY
POSTHOOK: query: explain select * from loc_orc_n4
POSTHOOK: type: QUERY
STAGE DEPENDENCIES:
  Stage-0 is a root stage

STAGE PLANS:
  Stage: Stage-0
    Fetch Operator
      limit: -1
      Processor Tree:
        TableScan
          alias: loc_orc_n4
          Statistics: Num rows: 8 Data size: 3814 Basic stats: COMPLETE Column stats: PARTIAL
          Select Operator
            expressions: state (type: string), locid (type: int), zip (type: bigint), year (type: string)
            outputColumnNames: _col0, _col1, _col2, _col3
            Statistics: Num rows: 8 Data size: 3040 Basic stats: COMPLETE Column stats: PARTIAL
            ListSink

PREHOOK: query: explain select * from loc_orc_n4 where year='2001' or year='__HIVE_DEFAULT_PARTITION__'
PREHOOK: type: QUERY
POSTHOOK: query: explain select * from loc_orc_n4 where year='2001' or year='__HIVE_DEFAULT_PARTITION__'
POSTHOOK: type: QUERY
STAGE DEPENDENCIES:
  Stage-0 is a root stage

STAGE PLANS:
  Stage: Stage-0
    Fetch Operator
      limit: -1
      Processor Tree:
        TableScan
          alias: loc_orc_n4
          Statistics: Num rows: 8 Data size: 3814 Basic stats: COMPLETE Column stats: PARTIAL
          Select Operator
            expressions: state (type: string), locid (type: int), zip (type: bigint), year (type: string)
            outputColumnNames: _col0, _col1, _col2, _col3
            Statistics: Num rows: 8 Data size: 3040 Basic stats: COMPLETE Column stats: PARTIAL
            ListSink

PREHOOK: query: explain select * from loc_orc_n4 where year='2001' and year='__HIVE_DEFAULT_PARTITION__'
PREHOOK: type: QUERY
POSTHOOK: query: explain select * from loc_orc_n4 where year='2001' and year='__HIVE_DEFAULT_PARTITION__'
POSTHOOK: type: QUERY
STAGE DEPENDENCIES:
  Stage-0 is a root stage

STAGE PLANS:
  Stage: Stage-0
    Fetch Operator
      limit: -1
      Processor Tree:
        TableScan
          alias: loc_orc_n4
          Statistics: Num rows: 1 Data size: 380 Basic stats: COMPLETE Column stats: PARTIAL
          Filter Operator
            predicate: false (type: boolean)
            Statistics: Num rows: 1 Data size: 380 Basic stats: COMPLETE Column stats: PARTIAL
            Select Operator
              expressions: state (type: string), locid (type: int), zip (type: bigint), year (type: string)
              outputColumnNames: _col0, _col1, _col2, _col3
              Statistics: Num rows: 1 Data size: 380 Basic stats: COMPLETE Column stats: PARTIAL
              ListSink

PREHOOK: query: analyze table loc_orc_n4 partition(year='2001') compute statistics for columns state,locid
PREHOOK: type: ANALYZE_TABLE
PREHOOK: Input: default@loc_orc_n4
PREHOOK: Input: default@loc_orc_n4@year=2001
PREHOOK: Output: default@loc_orc_n4
PREHOOK: Output: default@loc_orc_n4@year=2001
#### A masked pattern was here ####
POSTHOOK: query: analyze table loc_orc_n4 partition(year='2001') compute statistics for columns state,locid
POSTHOOK: type: ANALYZE_TABLE
POSTHOOK: Input: default@loc_orc_n4
POSTHOOK: Input: default@loc_orc_n4@year=2001
POSTHOOK: Output: default@loc_orc_n4
POSTHOOK: Output: default@loc_orc_n4@year=2001
#### A masked pattern was here ####
PREHOOK: query: explain select zip from loc_orc_n4
PREHOOK: type: QUERY
POSTHOOK: query: explain select zip from loc_orc_n4
POSTHOOK: type: QUERY
STAGE DEPENDENCIES:
  Stage-0 is a root stage

STAGE PLANS:
  Stage: Stage-0
    Fetch Operator
      limit: -1
      Processor Tree:
        TableScan
          alias: loc_orc_n4
          Statistics: Num rows: 8 Data size: 838 Basic stats: COMPLETE Column stats: NONE
          Select Operator
            expressions: zip (type: bigint)
            outputColumnNames: _col0
            Statistics: Num rows: 8 Data size: 838 Basic stats: COMPLETE Column stats: NONE
            ListSink

PREHOOK: query: explain select state from loc_orc_n4
PREHOOK: type: QUERY
POSTHOOK: query: explain select state from loc_orc_n4
POSTHOOK: type: QUERY
STAGE DEPENDENCIES:
  Stage-0 is a root stage

STAGE PLANS:
  Stage: Stage-0
    Fetch Operator
      limit: -1
      Processor Tree:
        TableScan
          alias: loc_orc_n4
          Statistics: Num rows: 8 Data size: 688 Basic stats: COMPLETE Column stats: PARTIAL
          Select Operator
            expressions: state (type: string)
            outputColumnNames: _col0
            Statistics: Num rows: 8 Data size: 688 Basic stats: COMPLETE Column stats: PARTIAL
            ListSink

PREHOOK: query: explain select year from loc_orc_n4
PREHOOK: type: QUERY
POSTHOOK: query: explain select year from loc_orc_n4
POSTHOOK: type: QUERY
STAGE DEPENDENCIES:
  Stage-0 is a root stage

STAGE PLANS:
  Stage: Stage-0
    Fetch Operator
      limit: -1
      Processor Tree:
        TableScan
          alias: loc_orc_n4
          Statistics: Num rows: 8 Data size: 2246 Basic stats: COMPLETE Column stats: COMPLETE
          Select Operator
            expressions: year (type: string)
            outputColumnNames: _col0
            Statistics: Num rows: 8 Data size: 1472 Basic stats: COMPLETE Column stats: COMPLETE
            ListSink

PREHOOK: query: explain select state,locid from loc_orc_n4
PREHOOK: type: QUERY
POSTHOOK: query: explain select state,locid from loc_orc_n4
POSTHOOK: type: QUERY
STAGE DEPENDENCIES:
  Stage-0 is a root stage

STAGE PLANS:
  Stage: Stage-0
    Fetch Operator
      limit: -1
      Processor Tree:
        TableScan
          alias: loc_orc_n4
          Statistics: Num rows: 8 Data size: 720 Basic stats: COMPLETE Column stats: PARTIAL
          Select Operator
            expressions: state (type: string), locid (type: int)
            outputColumnNames: _col0, _col1
            Statistics: Num rows: 8 Data size: 720 Basic stats: COMPLETE Column stats: PARTIAL
            ListSink

PREHOOK: query: explain select state,locid from loc_orc_n4 where year='2001'
PREHOOK: type: QUERY
POSTHOOK: query: explain select state,locid from loc_orc_n4 where year='2001'
POSTHOOK: type: QUERY
STAGE DEPENDENCIES:
  Stage-0 is a root stage

STAGE PLANS:
  Stage: Stage-0
    Fetch Operator
      limit: -1
      Processor Tree:
        TableScan
          alias: loc_orc_n4
          Statistics: Num rows: 7 Data size: 630 Basic stats: COMPLETE Column stats: COMPLETE
          Select Operator
            expressions: state (type: string), locid (type: int)
            outputColumnNames: _col0, _col1
            Statistics: Num rows: 7 Data size: 630 Basic stats: COMPLETE Column stats: COMPLETE
            ListSink

PREHOOK: query: explain select state,locid from loc_orc_n4 where year!='2001'
PREHOOK: type: QUERY
POSTHOOK: query: explain select state,locid from loc_orc_n4 where year!='2001'
POSTHOOK: type: QUERY
STAGE DEPENDENCIES:
  Stage-0 is a root stage

STAGE PLANS:
  Stage: Stage-0
    Fetch Operator
      limit: -1
      Processor Tree:
        TableScan
          alias: loc_orc_n4
          Statistics: Num rows: 1 Data size: 284 Basic stats: COMPLETE Column stats: NONE
          Select Operator
            expressions: state (type: string), locid (type: int)
            outputColumnNames: _col0, _col1
            Statistics: Num rows: 1 Data size: 284 Basic stats: COMPLETE Column stats: NONE
            ListSink

PREHOOK: query: explain select * from loc_orc_n4
PREHOOK: type: QUERY
POSTHOOK: query: explain select * from loc_orc_n4
POSTHOOK: type: QUERY
STAGE DEPENDENCIES:
  Stage-0 is a root stage

STAGE PLANS:
  Stage: Stage-0
    Fetch Operator
      limit: -1
      Processor Tree:
        TableScan
          alias: loc_orc_n4
          Statistics: Num rows: 8 Data size: 2192 Basic stats: COMPLETE Column stats: PARTIAL
          Select Operator
            expressions: state (type: string), locid (type: int), zip (type: bigint), year (type: string)
            outputColumnNames: _col0, _col1, _col2, _col3
            Statistics: Num rows: 8 Data size: 2192 Basic stats: COMPLETE Column stats: PARTIAL
            ListSink

PREHOOK: query: explain select locid from loc_orc_n4 where locid>0 and year='2001'
PREHOOK: type: QUERY
POSTHOOK: query: explain select locid from loc_orc_n4 where locid>0 and year='2001'
POSTHOOK: type: QUERY
STAGE DEPENDENCIES:
  Stage-0 is a root stage

STAGE PLANS:
  Stage: Stage-0
    Fetch Operator
      limit: -1
      Processor Tree:
        TableScan
          alias: loc_orc_n4
          Statistics: Num rows: 7 Data size: 28 Basic stats: COMPLETE Column stats: COMPLETE
          Filter Operator
            predicate: (locid > 0) (type: boolean)
            Statistics: Num rows: 7 Data size: 28 Basic stats: COMPLETE Column stats: COMPLETE
            Select Operator
              expressions: locid (type: int)
              outputColumnNames: _col0
              Statistics: Num rows: 7 Data size: 28 Basic stats: COMPLETE Column stats: COMPLETE
              ListSink

PREHOOK: query: explain select locid,year from loc_orc_n4 where locid>0 and year='2001'
PREHOOK: type: QUERY
POSTHOOK: query: explain select locid,year from loc_orc_n4 where locid>0 and year='2001'
POSTHOOK: type: QUERY
STAGE DEPENDENCIES:
  Stage-0 is a root stage

STAGE PLANS:
  Stage: Stage-0
    Fetch Operator
      limit: -1
      Processor Tree:
        TableScan
          alias: loc_orc_n4
          Statistics: Num rows: 7 Data size: 28 Basic stats: COMPLETE Column stats: COMPLETE
          Filter Operator
            predicate: (locid > 0) (type: boolean)
            Statistics: Num rows: 7 Data size: 28 Basic stats: COMPLETE Column stats: COMPLETE
            Select Operator
              expressions: locid (type: int), '2001' (type: string)
              outputColumnNames: _col0, _col1
              Statistics: Num rows: 7 Data size: 644 Basic stats: COMPLETE Column stats: COMPLETE
              ListSink

PREHOOK: query: explain select * from (select locid,year from loc_orc_n4) test where locid>0 and year='2001'
PREHOOK: type: QUERY
POSTHOOK: query: explain select * from (select locid,year from loc_orc_n4) test where locid>0 and year='2001'
POSTHOOK: type: QUERY
STAGE DEPENDENCIES:
  Stage-0 is a root stage

STAGE PLANS:
  Stage: Stage-0
    Fetch Operator
      limit: -1
      Processor Tree:
        TableScan
          alias: loc_orc_n4
          Statistics: Num rows: 7 Data size: 28 Basic stats: COMPLETE Column stats: COMPLETE
          Filter Operator
            predicate: (locid > 0) (type: boolean)
            Statistics: Num rows: 7 Data size: 28 Basic stats: COMPLETE Column stats: COMPLETE
            Select Operator
              expressions: locid (type: int), '2001' (type: string)
              outputColumnNames: _col0, _col1
              Statistics: Num rows: 7 Data size: 644 Basic stats: COMPLETE Column stats: COMPLETE
              ListSink

