PREHOOK: query: drop table if exists HIVE_20262
PREHOOK: type: DROPTABLE
POSTHOOK: query: drop table if exists HIVE_20262
POSTHOOK: type: DROPTABLE
PREHOOK: query: create table HIVE_20262 (a array<int>)
PREHOOK: type: CREATETABLE
PREHOOK: Output: database:default
PREHOOK: Output: default@HIVE_20262
POSTHOOK: query: create table HIVE_20262 (a array<int>)
POSTHOOK: type: CREATETABLE
POSTHOOK: Output: database:default
POSTHOOK: Output: default@HIVE_20262
PREHOOK: query: insert into HIVE_20262 select array(1)
PREHOOK: type: QUERY
PREHOOK: Input: _dummy_database@_dummy_table
PREHOOK: Output: default@hive_20262
POSTHOOK: query: insert into HIVE_20262 select array(1)
POSTHOOK: type: QUERY
POSTHOOK: Input: _dummy_database@_dummy_table
POSTHOOK: Output: default@hive_20262
POSTHOOK: Lineage: hive_20262.a EXPRESSION []
PREHOOK: query: insert into HIVE_20262 select array(2)
PREHOOK: type: QUERY
PREHOOK: Input: _dummy_database@_dummy_table
PREHOOK: Output: default@hive_20262
POSTHOOK: query: insert into HIVE_20262 select array(2)
POSTHOOK: type: QUERY
POSTHOOK: Input: _dummy_database@_dummy_table
POSTHOOK: Output: default@hive_20262
POSTHOOK: Lineage: hive_20262.a EXPRESSION []
PREHOOK: query: explain select explode(array(1,2,3,4,5)) as col
PREHOOK: type: QUERY
PREHOOK: Input: _dummy_database@_dummy_table
#### A masked pattern was here ####
POSTHOOK: query: explain select explode(array(1,2,3,4,5)) as col
POSTHOOK: type: QUERY
POSTHOOK: Input: _dummy_database@_dummy_table
#### A masked pattern was here ####
STAGE DEPENDENCIES:
  Stage-1 is a root stage
  Stage-0 depends on stages: Stage-1

STAGE PLANS:
  Stage: Stage-1
    Map Reduce
      Map Operator Tree:
          TableScan
            alias: _dummy_table
            Row Limit Per Split: 1
            Statistics: Num rows: 1 Data size: 10 Basic stats: COMPLETE Column stats: COMPLETE
            Select Operator
              expressions: array(1,2,3,4,5) (type: array<int>)
              outputColumnNames: _col0
              Statistics: Num rows: 1 Data size: 64 Basic stats: COMPLETE Column stats: COMPLETE
              UDTF Operator
                Statistics: Num rows: 5 Data size: 320 Basic stats: COMPLETE Column stats: COMPLETE
                function name: explode
                Select Operator
                  expressions: col (type: int)
                  outputColumnNames: _col0
                  Statistics: Num rows: 5 Data size: 40 Basic stats: COMPLETE Column stats: COMPLETE
                  File Output Operator
                    compressed: false
                    Statistics: Num rows: 5 Data size: 40 Basic stats: COMPLETE Column stats: COMPLETE
                    table:
                        input format: org.apache.hadoop.mapred.SequenceFileInputFormat
                        output format: org.apache.hadoop.hive.ql.io.HiveSequenceFileOutputFormat
                        serde: org.apache.hadoop.hive.serde2.lazy.LazySimpleSerDe

  Stage: Stage-0
    Fetch Operator
      limit: -1
      Processor Tree:
        ListSink

PREHOOK: query: explain select explode(a) from HIVE_20262
PREHOOK: type: QUERY
PREHOOK: Input: default@hive_20262
#### A masked pattern was here ####
POSTHOOK: query: explain select explode(a) from HIVE_20262
POSTHOOK: type: QUERY
POSTHOOK: Input: default@hive_20262
#### A masked pattern was here ####
STAGE DEPENDENCIES:
  Stage-1 is a root stage
  Stage-0 depends on stages: Stage-1

STAGE PLANS:
  Stage: Stage-1
    Map Reduce
      Map Operator Tree:
          TableScan
            alias: hive_20262
            Statistics: Num rows: 2 Data size: 240 Basic stats: COMPLETE Column stats: NONE
            Select Operator
              expressions: a (type: array<int>)
              outputColumnNames: _col0
              Statistics: Num rows: 2 Data size: 240 Basic stats: COMPLETE Column stats: NONE
              UDTF Operator
                Statistics: Num rows: 10 Data size: 1200 Basic stats: COMPLETE Column stats: NONE
                function name: explode
                Select Operator
                  expressions: col (type: int)
                  outputColumnNames: _col0
                  Statistics: Num rows: 10 Data size: 1200 Basic stats: COMPLETE Column stats: NONE
                  File Output Operator
                    compressed: false
                    Statistics: Num rows: 10 Data size: 1200 Basic stats: COMPLETE Column stats: NONE
                    table:
                        input format: org.apache.hadoop.mapred.SequenceFileInputFormat
                        output format: org.apache.hadoop.hive.ql.io.HiveSequenceFileOutputFormat
                        serde: org.apache.hadoop.hive.serde2.lazy.LazySimpleSerDe

  Stage: Stage-0
    Fetch Operator
      limit: -1
      Processor Tree:
        ListSink

PREHOOK: query: explain select 1, r from HIVE_20262
      lateral view explode(a) t as r
PREHOOK: type: QUERY
PREHOOK: Input: default@hive_20262
#### A masked pattern was here ####
POSTHOOK: query: explain select 1, r from HIVE_20262
      lateral view explode(a) t as r
POSTHOOK: type: QUERY
POSTHOOK: Input: default@hive_20262
#### A masked pattern was here ####
STAGE DEPENDENCIES:
  Stage-1 is a root stage
  Stage-0 depends on stages: Stage-1

STAGE PLANS:
  Stage: Stage-1
    Map Reduce
      Map Operator Tree:
          TableScan
            alias: hive_20262
            Statistics: Num rows: 2 Data size: 240 Basic stats: COMPLETE Column stats: NONE
            Lateral View Forward
              Statistics: Num rows: 2 Data size: 240 Basic stats: COMPLETE Column stats: NONE
              Select Operator
                Statistics: Num rows: 2 Data size: 240 Basic stats: COMPLETE Column stats: NONE
                Lateral View Join Operator
                  outputColumnNames: _col4
                  Statistics: Num rows: 12 Data size: 1440 Basic stats: COMPLETE Column stats: NONE
                  Select Operator
                    expressions: 1 (type: int), _col4 (type: int)
                    outputColumnNames: _col0, _col1
                    Statistics: Num rows: 12 Data size: 1440 Basic stats: COMPLETE Column stats: NONE
                    File Output Operator
                      compressed: false
                      Statistics: Num rows: 12 Data size: 1440 Basic stats: COMPLETE Column stats: NONE
                      table:
                          input format: org.apache.hadoop.mapred.SequenceFileInputFormat
                          output format: org.apache.hadoop.hive.ql.io.HiveSequenceFileOutputFormat
                          serde: org.apache.hadoop.hive.serde2.lazy.LazySimpleSerDe
              Select Operator
                expressions: a (type: array<int>)
                outputColumnNames: _col0
                Statistics: Num rows: 2 Data size: 240 Basic stats: COMPLETE Column stats: NONE
                UDTF Operator
                  Statistics: Num rows: 10 Data size: 1200 Basic stats: COMPLETE Column stats: NONE
                  function name: explode
                  Lateral View Join Operator
                    outputColumnNames: _col4
                    Statistics: Num rows: 12 Data size: 1440 Basic stats: COMPLETE Column stats: NONE
                    Select Operator
                      expressions: 1 (type: int), _col4 (type: int)
                      outputColumnNames: _col0, _col1
                      Statistics: Num rows: 12 Data size: 1440 Basic stats: COMPLETE Column stats: NONE
                      File Output Operator
                        compressed: false
                        Statistics: Num rows: 12 Data size: 1440 Basic stats: COMPLETE Column stats: NONE
                        table:
                            input format: org.apache.hadoop.mapred.SequenceFileInputFormat
                            output format: org.apache.hadoop.hive.ql.io.HiveSequenceFileOutputFormat
                            serde: org.apache.hadoop.hive.serde2.lazy.LazySimpleSerDe

  Stage: Stage-0
    Fetch Operator
      limit: -1
      Processor Tree:
        ListSink

PREHOOK: query: explain select explode(array(1,2,3,4,5)) as col
PREHOOK: type: QUERY
PREHOOK: Input: _dummy_database@_dummy_table
#### A masked pattern was here ####
POSTHOOK: query: explain select explode(array(1,2,3,4,5)) as col
POSTHOOK: type: QUERY
POSTHOOK: Input: _dummy_database@_dummy_table
#### A masked pattern was here ####
STAGE DEPENDENCIES:
  Stage-1 is a root stage
  Stage-0 depends on stages: Stage-1

STAGE PLANS:
  Stage: Stage-1
    Map Reduce
      Map Operator Tree:
          TableScan
            alias: _dummy_table
            Row Limit Per Split: 1
            Statistics: Num rows: 1 Data size: 10 Basic stats: COMPLETE Column stats: COMPLETE
            Select Operator
              expressions: array(1,2,3,4,5) (type: array<int>)
              outputColumnNames: _col0
              Statistics: Num rows: 1 Data size: 64 Basic stats: COMPLETE Column stats: COMPLETE
              UDTF Operator
                Statistics: Num rows: 1 Data size: 64 Basic stats: COMPLETE Column stats: COMPLETE
                function name: explode
                Select Operator
                  expressions: col (type: int)
                  outputColumnNames: _col0
                  Statistics: Num rows: 1 Data size: 8 Basic stats: COMPLETE Column stats: COMPLETE
                  File Output Operator
                    compressed: false
                    Statistics: Num rows: 1 Data size: 8 Basic stats: COMPLETE Column stats: COMPLETE
                    table:
                        input format: org.apache.hadoop.mapred.SequenceFileInputFormat
                        output format: org.apache.hadoop.hive.ql.io.HiveSequenceFileOutputFormat
                        serde: org.apache.hadoop.hive.serde2.lazy.LazySimpleSerDe

  Stage: Stage-0
    Fetch Operator
      limit: -1
      Processor Tree:
        ListSink

PREHOOK: query: explain select explode(a) from HIVE_20262
PREHOOK: type: QUERY
PREHOOK: Input: default@hive_20262
#### A masked pattern was here ####
POSTHOOK: query: explain select explode(a) from HIVE_20262
POSTHOOK: type: QUERY
POSTHOOK: Input: default@hive_20262
#### A masked pattern was here ####
STAGE DEPENDENCIES:
  Stage-1 is a root stage
  Stage-0 depends on stages: Stage-1

STAGE PLANS:
  Stage: Stage-1
    Map Reduce
      Map Operator Tree:
          TableScan
            alias: hive_20262
            Statistics: Num rows: 2 Data size: 240 Basic stats: COMPLETE Column stats: NONE
            Select Operator
              expressions: a (type: array<int>)
              outputColumnNames: _col0
              Statistics: Num rows: 2 Data size: 240 Basic stats: COMPLETE Column stats: NONE
              UDTF Operator
                Statistics: Num rows: 2 Data size: 240 Basic stats: COMPLETE Column stats: NONE
                function name: explode
                Select Operator
                  expressions: col (type: int)
                  outputColumnNames: _col0
                  Statistics: Num rows: 2 Data size: 240 Basic stats: COMPLETE Column stats: NONE
                  File Output Operator
                    compressed: false
                    Statistics: Num rows: 2 Data size: 240 Basic stats: COMPLETE Column stats: NONE
                    table:
                        input format: org.apache.hadoop.mapred.SequenceFileInputFormat
                        output format: org.apache.hadoop.hive.ql.io.HiveSequenceFileOutputFormat
                        serde: org.apache.hadoop.hive.serde2.lazy.LazySimpleSerDe

  Stage: Stage-0
    Fetch Operator
      limit: -1
      Processor Tree:
        ListSink

