PREHOOK: query: create table if not exists alltypes (
 bo1 boolean,
 ti1 tinyint,
 si1 smallint,
 i1 int,
 bi1 bigint,
 f1 float,
 d1 double,
 de1 decimal,
 ts1 timestamp,
 da1 timestamp,
 s1 string,
 vc1 varchar(5),
 m1 map<string, string>,
 l1 array<int>,
 st1 struct<c1:int, c2:string>
) row format delimited fields terminated by '|'
collection items terminated by ','
map keys terminated by ':' stored as textfile
PREHOOK: type: CREATETABLE
PREHOOK: Output: database:default
PREHOOK: Output: default@alltypes
POSTHOOK: query: create table if not exists alltypes (
 bo1 boolean,
 ti1 tinyint,
 si1 smallint,
 i1 int,
 bi1 bigint,
 f1 float,
 d1 double,
 de1 decimal,
 ts1 timestamp,
 da1 timestamp,
 s1 string,
 vc1 varchar(5),
 m1 map<string, string>,
 l1 array<int>,
 st1 struct<c1:int, c2:string>
) row format delimited fields terminated by '|'
collection items terminated by ','
map keys terminated by ':' stored as textfile
POSTHOOK: type: CREATETABLE
POSTHOOK: Output: database:default
POSTHOOK: Output: default@alltypes
PREHOOK: query: create table alltypes_orc like alltypes
PREHOOK: type: CREATETABLE
PREHOOK: Output: database:default
PREHOOK: Output: default@alltypes_orc
POSTHOOK: query: create table alltypes_orc like alltypes
POSTHOOK: type: CREATETABLE
POSTHOOK: Output: database:default
POSTHOOK: Output: default@alltypes_orc
PREHOOK: query: alter table alltypes_orc set fileformat orc
PREHOOK: type: ALTERTABLE_FILEFORMAT
PREHOOK: Input: default@alltypes_orc
PREHOOK: Output: default@alltypes_orc
POSTHOOK: query: alter table alltypes_orc set fileformat orc
POSTHOOK: type: ALTERTABLE_FILEFORMAT
POSTHOOK: Input: default@alltypes_orc
POSTHOOK: Output: default@alltypes_orc
PREHOOK: query: load data local inpath '../../data/files/alltypes.txt' overwrite into table alltypes
PREHOOK: type: LOAD
#### A masked pattern was here ####
PREHOOK: Output: default@alltypes
POSTHOOK: query: load data local inpath '../../data/files/alltypes.txt' overwrite into table alltypes
POSTHOOK: type: LOAD
#### A masked pattern was here ####
POSTHOOK: Output: default@alltypes
PREHOOK: query: insert overwrite table alltypes_orc select * from alltypes
PREHOOK: type: QUERY
PREHOOK: Input: default@alltypes
PREHOOK: Output: default@alltypes_orc
POSTHOOK: query: insert overwrite table alltypes_orc select * from alltypes
POSTHOOK: type: QUERY
POSTHOOK: Input: default@alltypes
POSTHOOK: Output: default@alltypes_orc
POSTHOOK: Lineage: alltypes_orc.bi1 SIMPLE [(alltypes)alltypes.FieldSchema(name:bi1, type:bigint, comment:null), ]
POSTHOOK: Lineage: alltypes_orc.bo1 SIMPLE [(alltypes)alltypes.FieldSchema(name:bo1, type:boolean, comment:null), ]
POSTHOOK: Lineage: alltypes_orc.d1 SIMPLE [(alltypes)alltypes.FieldSchema(name:d1, type:double, comment:null), ]
POSTHOOK: Lineage: alltypes_orc.da1 SIMPLE [(alltypes)alltypes.FieldSchema(name:da1, type:timestamp, comment:null), ]
POSTHOOK: Lineage: alltypes_orc.de1 SIMPLE [(alltypes)alltypes.FieldSchema(name:de1, type:decimal(10,0), comment:null), ]
POSTHOOK: Lineage: alltypes_orc.f1 SIMPLE [(alltypes)alltypes.FieldSchema(name:f1, type:float, comment:null), ]
POSTHOOK: Lineage: alltypes_orc.i1 SIMPLE [(alltypes)alltypes.FieldSchema(name:i1, type:int, comment:null), ]
POSTHOOK: Lineage: alltypes_orc.l1 SIMPLE [(alltypes)alltypes.FieldSchema(name:l1, type:array<int>, comment:null), ]
POSTHOOK: Lineage: alltypes_orc.m1 SIMPLE [(alltypes)alltypes.FieldSchema(name:m1, type:map<string,string>, comment:null), ]
POSTHOOK: Lineage: alltypes_orc.s1 SIMPLE [(alltypes)alltypes.FieldSchema(name:s1, type:string, comment:null), ]
POSTHOOK: Lineage: alltypes_orc.si1 SIMPLE [(alltypes)alltypes.FieldSchema(name:si1, type:smallint, comment:null), ]
POSTHOOK: Lineage: alltypes_orc.st1 SIMPLE [(alltypes)alltypes.FieldSchema(name:st1, type:struct<c1:int,c2:string>, comment:null), ]
POSTHOOK: Lineage: alltypes_orc.ti1 SIMPLE [(alltypes)alltypes.FieldSchema(name:ti1, type:tinyint, comment:null), ]
POSTHOOK: Lineage: alltypes_orc.ts1 SIMPLE [(alltypes)alltypes.FieldSchema(name:ts1, type:timestamp, comment:null), ]
POSTHOOK: Lineage: alltypes_orc.vc1 SIMPLE [(alltypes)alltypes.FieldSchema(name:vc1, type:varchar(5), comment:null), ]
PREHOOK: query: -- basicStatState: COMPLETE colStatState: NONE numRows: 2 rawDataSize: 1514
explain select * from alltypes_orc
PREHOOK: type: QUERY
POSTHOOK: query: -- basicStatState: COMPLETE colStatState: NONE numRows: 2 rawDataSize: 1514
explain select * from alltypes_orc
POSTHOOK: type: QUERY
STAGE DEPENDENCIES:
  Stage-0 is a root stage

STAGE PLANS:
  Stage: Stage-0
    Fetch Operator
      limit: -1
      Processor Tree:
        TableScan
          alias: alltypes_orc
          Statistics: Num rows: 2 Data size: 1686 Basic stats: COMPLETE Column stats: NONE
          Select Operator
            expressions: bo1 (type: boolean), ti1 (type: tinyint), si1 (type: smallint), i1 (type: int), bi1 (type: bigint), f1 (type: float), d1 (type: double), de1 (type: decimal(10,0)), ts1 (type: timestamp), da1 (type: timestamp), s1 (type: string), vc1 (type: varchar(5)), m1 (type: map<string,string>), l1 (type: array<int>), st1 (type: struct<c1:int,c2:string>)
            outputColumnNames: _col0, _col1, _col2, _col3, _col4, _col5, _col6, _col7, _col8, _col9, _col10, _col11, _col12, _col13, _col14
            Statistics: Num rows: 2 Data size: 1686 Basic stats: COMPLETE Column stats: NONE
            ListSink

PREHOOK: query: -- statistics for complex types are not supported yet
analyze table alltypes_orc compute statistics for columns bo1, ti1, si1, i1, bi1, f1, d1, s1, vc1
PREHOOK: type: QUERY
PREHOOK: Input: default@alltypes_orc
#### A masked pattern was here ####
POSTHOOK: query: -- statistics for complex types are not supported yet
analyze table alltypes_orc compute statistics for columns bo1, ti1, si1, i1, bi1, f1, d1, s1, vc1
POSTHOOK: type: QUERY
POSTHOOK: Input: default@alltypes_orc
#### A masked pattern was here ####
PREHOOK: query: -- numRows: 2 rawDataSize: 1514
explain select * from alltypes_orc
PREHOOK: type: QUERY
POSTHOOK: query: -- numRows: 2 rawDataSize: 1514
explain select * from alltypes_orc
POSTHOOK: type: QUERY
STAGE DEPENDENCIES:
  Stage-0 is a root stage

STAGE PLANS:
  Stage: Stage-0
    Fetch Operator
      limit: -1
      Processor Tree:
        TableScan
          alias: alltypes_orc
          Statistics: Num rows: 2 Data size: 1686 Basic stats: COMPLETE Column stats: PARTIAL
          Select Operator
            expressions: bo1 (type: boolean), ti1 (type: tinyint), si1 (type: smallint), i1 (type: int), bi1 (type: bigint), f1 (type: float), d1 (type: double), de1 (type: decimal(10,0)), ts1 (type: timestamp), da1 (type: timestamp), s1 (type: string), vc1 (type: varchar(5)), m1 (type: map<string,string>), l1 (type: array<int>), st1 (type: struct<c1:int,c2:string>)
            outputColumnNames: _col0, _col1, _col2, _col3, _col4, _col5, _col6, _col7, _col8, _col9, _col10, _col11, _col12, _col13, _col14
            Statistics: Num rows: 2 Data size: 420 Basic stats: COMPLETE Column stats: PARTIAL
            ListSink

PREHOOK: query: -- numRows: 2 rawDataSize: 8
explain select bo1 from alltypes_orc
PREHOOK: type: QUERY
POSTHOOK: query: -- numRows: 2 rawDataSize: 8
explain select bo1 from alltypes_orc
POSTHOOK: type: QUERY
STAGE DEPENDENCIES:
  Stage-0 is a root stage

STAGE PLANS:
  Stage: Stage-0
    Fetch Operator
      limit: -1
      Processor Tree:
        TableScan
          alias: alltypes_orc
          Statistics: Num rows: 2 Data size: 1686 Basic stats: COMPLETE Column stats: COMPLETE
          Select Operator
            expressions: bo1 (type: boolean)
            outputColumnNames: _col0
            Statistics: Num rows: 2 Data size: 8 Basic stats: COMPLETE Column stats: COMPLETE
            ListSink

PREHOOK: query: -- col alias renaming
-- numRows: 2 rawDataSize: 8
explain select i1 as int1 from alltypes_orc
PREHOOK: type: QUERY
POSTHOOK: query: -- col alias renaming
-- numRows: 2 rawDataSize: 8
explain select i1 as int1 from alltypes_orc
POSTHOOK: type: QUERY
STAGE DEPENDENCIES:
  Stage-0 is a root stage

STAGE PLANS:
  Stage: Stage-0
    Fetch Operator
      limit: -1
      Processor Tree:
        TableScan
          alias: alltypes_orc
          Statistics: Num rows: 2 Data size: 1686 Basic stats: COMPLETE Column stats: COMPLETE
          Select Operator
            expressions: i1 (type: int)
            outputColumnNames: _col0
            Statistics: Num rows: 2 Data size: 8 Basic stats: COMPLETE Column stats: COMPLETE
            ListSink

PREHOOK: query: -- numRows: 2 rawDataSize: 174
explain select s1 from alltypes_orc
PREHOOK: type: QUERY
POSTHOOK: query: -- numRows: 2 rawDataSize: 174
explain select s1 from alltypes_orc
POSTHOOK: type: QUERY
STAGE DEPENDENCIES:
  Stage-0 is a root stage

STAGE PLANS:
  Stage: Stage-0
    Fetch Operator
      limit: -1
      Processor Tree:
        TableScan
          alias: alltypes_orc
          Statistics: Num rows: 2 Data size: 1686 Basic stats: COMPLETE Column stats: COMPLETE
          Select Operator
            expressions: s1 (type: string)
            outputColumnNames: _col0
            Statistics: Num rows: 2 Data size: 174 Basic stats: COMPLETE Column stats: COMPLETE
            ListSink

PREHOOK: query: -- column statistics for complex types unsupported and so statistics will not be updated
-- numRows: 2 rawDataSize: 1514
explain select m1 from alltypes_orc
PREHOOK: type: QUERY
POSTHOOK: query: -- column statistics for complex types unsupported and so statistics will not be updated
-- numRows: 2 rawDataSize: 1514
explain select m1 from alltypes_orc
POSTHOOK: type: QUERY
STAGE DEPENDENCIES:
  Stage-0 is a root stage

STAGE PLANS:
  Stage: Stage-0
    Fetch Operator
      limit: -1
      Processor Tree:
        TableScan
          alias: alltypes_orc
          Statistics: Num rows: 2 Data size: 1686 Basic stats: COMPLETE Column stats: NONE
          Select Operator
            expressions: m1 (type: map<string,string>)
            outputColumnNames: _col0
            Statistics: Num rows: 2 Data size: 1686 Basic stats: COMPLETE Column stats: NONE
            ListSink

PREHOOK: query: -- numRows: 2 rawDataSize: 246
explain select bo1, ti1, si1, i1, bi1, f1, d1,s1 from alltypes_orc
PREHOOK: type: QUERY
POSTHOOK: query: -- numRows: 2 rawDataSize: 246
explain select bo1, ti1, si1, i1, bi1, f1, d1,s1 from alltypes_orc
POSTHOOK: type: QUERY
STAGE DEPENDENCIES:
  Stage-0 is a root stage

STAGE PLANS:
  Stage: Stage-0
    Fetch Operator
      limit: -1
      Processor Tree:
        TableScan
          alias: alltypes_orc
          Statistics: Num rows: 2 Data size: 1686 Basic stats: COMPLETE Column stats: COMPLETE
          Select Operator
            expressions: bo1 (type: boolean), ti1 (type: tinyint), si1 (type: smallint), i1 (type: int), bi1 (type: bigint), f1 (type: float), d1 (type: double), s1 (type: string)
            outputColumnNames: _col0, _col1, _col2, _col3, _col4, _col5, _col6, _col7
            Statistics: Num rows: 2 Data size: 246 Basic stats: COMPLETE Column stats: COMPLETE
            ListSink

PREHOOK: query: -- numRows: 2 rawDataSize: 0
explain select null from alltypes_orc
PREHOOK: type: QUERY
POSTHOOK: query: -- numRows: 2 rawDataSize: 0
explain select null from alltypes_orc
POSTHOOK: type: QUERY
STAGE DEPENDENCIES:
  Stage-0 is a root stage

STAGE PLANS:
  Stage: Stage-0
    Fetch Operator
      limit: -1
      Processor Tree:
        TableScan
          alias: alltypes_orc
          Statistics: Num rows: 2 Data size: 1686 Basic stats: COMPLETE Column stats: COMPLETE
          Select Operator
            expressions: null (type: void)
            outputColumnNames: _col0
            Statistics: Num rows: 2 Data size: 0 Basic stats: PARTIAL Column stats: COMPLETE
            ListSink

PREHOOK: query: -- numRows: 2 rawDataSize: 8
explain select 11 from alltypes_orc
PREHOOK: type: QUERY
POSTHOOK: query: -- numRows: 2 rawDataSize: 8
explain select 11 from alltypes_orc
POSTHOOK: type: QUERY
STAGE DEPENDENCIES:
  Stage-0 is a root stage

STAGE PLANS:
  Stage: Stage-0
    Fetch Operator
      limit: -1
      Processor Tree:
        TableScan
          alias: alltypes_orc
          Statistics: Num rows: 2 Data size: 1686 Basic stats: COMPLETE Column stats: COMPLETE
          Select Operator
            expressions: 11 (type: int)
            outputColumnNames: _col0
            Statistics: Num rows: 2 Data size: 8 Basic stats: COMPLETE Column stats: COMPLETE
            ListSink

PREHOOK: query: -- numRows: 2 rawDataSize: 16
explain select 11L from alltypes_orc
PREHOOK: type: QUERY
POSTHOOK: query: -- numRows: 2 rawDataSize: 16
explain select 11L from alltypes_orc
POSTHOOK: type: QUERY
STAGE DEPENDENCIES:
  Stage-0 is a root stage

STAGE PLANS:
  Stage: Stage-0
    Fetch Operator
      limit: -1
      Processor Tree:
        TableScan
          alias: alltypes_orc
          Statistics: Num rows: 2 Data size: 1686 Basic stats: COMPLETE Column stats: COMPLETE
          Select Operator
            expressions: 11 (type: bigint)
            outputColumnNames: _col0
            Statistics: Num rows: 2 Data size: 16 Basic stats: COMPLETE Column stats: COMPLETE
            ListSink

PREHOOK: query: -- numRows: 2 rawDataSize: 16
explain select 11.0 from alltypes_orc
PREHOOK: type: QUERY
POSTHOOK: query: -- numRows: 2 rawDataSize: 16
explain select 11.0 from alltypes_orc
POSTHOOK: type: QUERY
STAGE DEPENDENCIES:
  Stage-0 is a root stage

STAGE PLANS:
  Stage: Stage-0
    Fetch Operator
      limit: -1
      Processor Tree:
        TableScan
          alias: alltypes_orc
          Statistics: Num rows: 2 Data size: 1686 Basic stats: COMPLETE Column stats: COMPLETE
          Select Operator
            expressions: 11.0 (type: double)
            outputColumnNames: _col0
            Statistics: Num rows: 2 Data size: 16 Basic stats: COMPLETE Column stats: COMPLETE
            ListSink

PREHOOK: query: -- numRows: 2 rawDataSize: 178
explain select "hello" from alltypes_orc
PREHOOK: type: QUERY
POSTHOOK: query: -- numRows: 2 rawDataSize: 178
explain select "hello" from alltypes_orc
POSTHOOK: type: QUERY
STAGE DEPENDENCIES:
  Stage-0 is a root stage

STAGE PLANS:
  Stage: Stage-0
    Fetch Operator
      limit: -1
      Processor Tree:
        TableScan
          alias: alltypes_orc
          Statistics: Num rows: 2 Data size: 1686 Basic stats: COMPLETE Column stats: COMPLETE
          Select Operator
            expressions: 'hello' (type: string)
            outputColumnNames: _col0
            Statistics: Num rows: 2 Data size: 178 Basic stats: COMPLETE Column stats: COMPLETE
            ListSink

PREHOOK: query: explain select cast("hello" as char(5)) from alltypes_orc
PREHOOK: type: QUERY
POSTHOOK: query: explain select cast("hello" as char(5)) from alltypes_orc
POSTHOOK: type: QUERY
STAGE DEPENDENCIES:
  Stage-0 is a root stage

STAGE PLANS:
  Stage: Stage-0
    Fetch Operator
      limit: -1
      Processor Tree:
        TableScan
          alias: alltypes_orc
          Statistics: Num rows: 2 Data size: 1686 Basic stats: COMPLETE Column stats: COMPLETE
          Select Operator
            expressions: 'hello' (type: char(5))
            outputColumnNames: _col0
            Statistics: Num rows: 2 Data size: 178 Basic stats: COMPLETE Column stats: COMPLETE
            ListSink

PREHOOK: query: explain select cast("hello" as varchar(5)) from alltypes_orc
PREHOOK: type: QUERY
POSTHOOK: query: explain select cast("hello" as varchar(5)) from alltypes_orc
POSTHOOK: type: QUERY
STAGE DEPENDENCIES:
  Stage-0 is a root stage

STAGE PLANS:
  Stage: Stage-0
    Fetch Operator
      limit: -1
      Processor Tree:
        TableScan
          alias: alltypes_orc
          Statistics: Num rows: 2 Data size: 1686 Basic stats: COMPLETE Column stats: COMPLETE
          Select Operator
            expressions: 'hello' (type: varchar(5))
            outputColumnNames: _col0
            Statistics: Num rows: 2 Data size: 178 Basic stats: COMPLETE Column stats: COMPLETE
            ListSink

PREHOOK: query: -- numRows: 2 rawDataSize: 96
explain select unbase64("0xe23") from alltypes_orc
PREHOOK: type: QUERY
POSTHOOK: query: -- numRows: 2 rawDataSize: 96
explain select unbase64("0xe23") from alltypes_orc
POSTHOOK: type: QUERY
STAGE DEPENDENCIES:
  Stage-0 is a root stage

STAGE PLANS:
  Stage: Stage-0
    Fetch Operator
      limit: -1
      Processor Tree:
        TableScan
          alias: alltypes_orc
          Statistics: Num rows: 2 Data size: 1686 Basic stats: COMPLETE Column stats: COMPLETE
          Select Operator
            expressions: D317B6 (type: binary)
            outputColumnNames: _col0
            Statistics: Num rows: 2 Data size: 96 Basic stats: COMPLETE Column stats: COMPLETE
            ListSink

PREHOOK: query: -- numRows: 2 rawDataSize: 16
explain select cast("1" as TINYINT), cast("20" as SMALLINT) from alltypes_orc
PREHOOK: type: QUERY
POSTHOOK: query: -- numRows: 2 rawDataSize: 16
explain select cast("1" as TINYINT), cast("20" as SMALLINT) from alltypes_orc
POSTHOOK: type: QUERY
STAGE DEPENDENCIES:
  Stage-0 is a root stage

STAGE PLANS:
  Stage: Stage-0
    Fetch Operator
      limit: -1
      Processor Tree:
        TableScan
          alias: alltypes_orc
          Statistics: Num rows: 2 Data size: 1686 Basic stats: COMPLETE Column stats: COMPLETE
          Select Operator
            expressions: 1 (type: tinyint), 20 (type: smallint)
            outputColumnNames: _col0, _col1
            Statistics: Num rows: 2 Data size: 16 Basic stats: COMPLETE Column stats: COMPLETE
            ListSink

PREHOOK: query: -- numRows: 2 rawDataSize: 80
explain select cast("1970-12-31 15:59:58.174" as TIMESTAMP) from alltypes_orc
PREHOOK: type: QUERY
POSTHOOK: query: -- numRows: 2 rawDataSize: 80
explain select cast("1970-12-31 15:59:58.174" as TIMESTAMP) from alltypes_orc
POSTHOOK: type: QUERY
STAGE DEPENDENCIES:
  Stage-0 is a root stage

STAGE PLANS:
  Stage: Stage-0
    Fetch Operator
      limit: -1
      Processor Tree:
        TableScan
          alias: alltypes_orc
          Statistics: Num rows: 2 Data size: 1686 Basic stats: COMPLETE Column stats: COMPLETE
          Select Operator
            expressions: 1970-12-31 15:59:58.174 (type: timestamp)
            outputColumnNames: _col0
            Statistics: Num rows: 2 Data size: 80 Basic stats: COMPLETE Column stats: COMPLETE
            ListSink

PREHOOK: query: -- numRows: 2 rawDataSize: 112
explain select cast("1970-12-31 15:59:58.174" as DATE) from alltypes_orc
PREHOOK: type: QUERY
POSTHOOK: query: -- numRows: 2 rawDataSize: 112
explain select cast("1970-12-31 15:59:58.174" as DATE) from alltypes_orc
POSTHOOK: type: QUERY
STAGE DEPENDENCIES:
  Stage-0 is a root stage

STAGE PLANS:
  Stage: Stage-0
    Fetch Operator
      limit: -1
      Processor Tree:
        TableScan
          alias: alltypes_orc
          Statistics: Num rows: 2 Data size: 1686 Basic stats: COMPLETE Column stats: COMPLETE
          Select Operator
            expressions: null (type: date)
            outputColumnNames: _col0
            Statistics: Num rows: 2 Data size: 0 Basic stats: PARTIAL Column stats: COMPLETE
            ListSink

PREHOOK: query: -- numRows: 2 rawDataSize: 224
explain select cast("58.174" as DECIMAL) from alltypes_orc
PREHOOK: type: QUERY
POSTHOOK: query: -- numRows: 2 rawDataSize: 224
explain select cast("58.174" as DECIMAL) from alltypes_orc
POSTHOOK: type: QUERY
STAGE DEPENDENCIES:
  Stage-0 is a root stage

STAGE PLANS:
  Stage: Stage-0
    Fetch Operator
      limit: -1
      Processor Tree:
        TableScan
          alias: alltypes_orc
          Statistics: Num rows: 2 Data size: 1686 Basic stats: COMPLETE Column stats: COMPLETE
          Select Operator
            expressions: 58 (type: decimal(10,0))
            outputColumnNames: _col0
            Statistics: Num rows: 2 Data size: 224 Basic stats: COMPLETE Column stats: COMPLETE
            ListSink

PREHOOK: query: -- numRows: 2 rawDataSize: 112
explain select array(1,2,3) from alltypes_orc
PREHOOK: type: QUERY
POSTHOOK: query: -- numRows: 2 rawDataSize: 112
explain select array(1,2,3) from alltypes_orc
POSTHOOK: type: QUERY
STAGE DEPENDENCIES:
  Stage-1 is a root stage
  Stage-0 depends on stages: Stage-1

STAGE PLANS:
  Stage: Stage-1
    Map Reduce
      Map Operator Tree:
          TableScan
            alias: alltypes_orc
            Statistics: Num rows: 2 Data size: 1686 Basic stats: COMPLETE Column stats: COMPLETE
            Select Operator
              expressions: array(1,2,3) (type: array<int>)
              outputColumnNames: _col0
              Statistics: Num rows: 2 Data size: 112 Basic stats: COMPLETE Column stats: COMPLETE
              File Output Operator
                compressed: false
                Statistics: Num rows: 2 Data size: 112 Basic stats: COMPLETE Column stats: COMPLETE
                table:
                    input format: org.apache.hadoop.mapred.TextInputFormat
                    output format: org.apache.hadoop.hive.ql.io.HiveIgnoreKeyTextOutputFormat
                    serde: org.apache.hadoop.hive.serde2.lazy.LazySimpleSerDe

  Stage: Stage-0
    Fetch Operator
      limit: -1
      Processor Tree:
        ListSink

PREHOOK: query: -- numRows: 2 rawDataSize: 1508
explain select str_to_map("a=1 b=2 c=3", " ", "=") from alltypes_orc
PREHOOK: type: QUERY
POSTHOOK: query: -- numRows: 2 rawDataSize: 1508
explain select str_to_map("a=1 b=2 c=3", " ", "=") from alltypes_orc
POSTHOOK: type: QUERY
STAGE DEPENDENCIES:
  Stage-1 is a root stage
  Stage-0 depends on stages: Stage-1

STAGE PLANS:
  Stage: Stage-1
    Map Reduce
      Map Operator Tree:
          TableScan
            alias: alltypes_orc
            Statistics: Num rows: 2 Data size: 1686 Basic stats: COMPLETE Column stats: COMPLETE
            Select Operator
              expressions: str_to_map('a=1 b=2 c=3',' ','=') (type: map<string,string>)
              outputColumnNames: _col0
              Statistics: Num rows: 2 Data size: 1508 Basic stats: COMPLETE Column stats: COMPLETE
              File Output Operator
                compressed: false
                Statistics: Num rows: 2 Data size: 1508 Basic stats: COMPLETE Column stats: COMPLETE
                table:
                    input format: org.apache.hadoop.mapred.TextInputFormat
                    output format: org.apache.hadoop.hive.ql.io.HiveIgnoreKeyTextOutputFormat
                    serde: org.apache.hadoop.hive.serde2.lazy.LazySimpleSerDe

  Stage: Stage-0
    Fetch Operator
      limit: -1
      Processor Tree:
        ListSink

PREHOOK: query: -- numRows: 2 rawDataSize: 112
explain select NAMED_STRUCT("a", 11, "b", 11) from alltypes_orc
PREHOOK: type: QUERY
POSTHOOK: query: -- numRows: 2 rawDataSize: 112
explain select NAMED_STRUCT("a", 11, "b", 11) from alltypes_orc
POSTHOOK: type: QUERY
STAGE DEPENDENCIES:
  Stage-1 is a root stage
  Stage-0 depends on stages: Stage-1

STAGE PLANS:
  Stage: Stage-1
    Map Reduce
      Map Operator Tree:
          TableScan
            alias: alltypes_orc
            Statistics: Num rows: 2 Data size: 1686 Basic stats: COMPLETE Column stats: COMPLETE
            Select Operator
              expressions: named_struct('a',11,'b',11) (type: struct<a:int,b:int>)
              outputColumnNames: _col0
              Statistics: Num rows: 2 Data size: 112 Basic stats: COMPLETE Column stats: COMPLETE
              File Output Operator
                compressed: false
                Statistics: Num rows: 2 Data size: 112 Basic stats: COMPLETE Column stats: COMPLETE
                table:
                    input format: org.apache.hadoop.mapred.TextInputFormat
                    output format: org.apache.hadoop.hive.ql.io.HiveIgnoreKeyTextOutputFormat
                    serde: org.apache.hadoop.hive.serde2.lazy.LazySimpleSerDe

  Stage: Stage-0
    Fetch Operator
      limit: -1
      Processor Tree:
        ListSink

PREHOOK: query: -- numRows: 2 rawDataSize: 250
explain select CREATE_UNION(0, "hello") from alltypes_orc
PREHOOK: type: QUERY
POSTHOOK: query: -- numRows: 2 rawDataSize: 250
explain select CREATE_UNION(0, "hello") from alltypes_orc
POSTHOOK: type: QUERY
STAGE DEPENDENCIES:
  Stage-1 is a root stage
  Stage-0 depends on stages: Stage-1

STAGE PLANS:
  Stage: Stage-1
    Map Reduce
      Map Operator Tree:
          TableScan
            alias: alltypes_orc
            Statistics: Num rows: 2 Data size: 1686 Basic stats: COMPLETE Column stats: COMPLETE
            Select Operator
              expressions: create_union(0,'hello') (type: uniontype<string>)
              outputColumnNames: _col0
              Statistics: Num rows: 2 Data size: 250 Basic stats: COMPLETE Column stats: COMPLETE
              File Output Operator
                compressed: false
                Statistics: Num rows: 2 Data size: 250 Basic stats: COMPLETE Column stats: COMPLETE
                table:
                    input format: org.apache.hadoop.mapred.TextInputFormat
                    output format: org.apache.hadoop.hive.ql.io.HiveIgnoreKeyTextOutputFormat
                    serde: org.apache.hadoop.hive.serde2.lazy.LazySimpleSerDe

  Stage: Stage-0
    Fetch Operator
      limit: -1
      Processor Tree:
        ListSink

PREHOOK: query: -- COUNT(*) is projected as new column. It is not projected as GenericUDF and so datasize estimate will be based on number of rows
-- numRows: 1 rawDataSize: 8
explain select count(*) from alltypes_orc
PREHOOK: type: QUERY
POSTHOOK: query: -- COUNT(*) is projected as new column. It is not projected as GenericUDF and so datasize estimate will be based on number of rows
-- numRows: 1 rawDataSize: 8
explain select count(*) from alltypes_orc
POSTHOOK: type: QUERY
STAGE DEPENDENCIES:
  Stage-1 is a root stage
  Stage-0 depends on stages: Stage-1

STAGE PLANS:
  Stage: Stage-1
    Map Reduce
      Map Operator Tree:
          TableScan
            alias: alltypes_orc
            Statistics: Num rows: 2 Data size: 1686 Basic stats: COMPLETE Column stats: COMPLETE
            Select Operator
              Statistics: Num rows: 2 Data size: 1686 Basic stats: COMPLETE Column stats: COMPLETE
              Group By Operator
                aggregations: count()
                mode: hash
                outputColumnNames: _col0
                Statistics: Num rows: 1 Data size: 8 Basic stats: COMPLETE Column stats: COMPLETE
                Reduce Output Operator
                  sort order: 
                  Statistics: Num rows: 1 Data size: 8 Basic stats: COMPLETE Column stats: COMPLETE
                  value expressions: _col0 (type: bigint)
      Reduce Operator Tree:
        Group By Operator
          aggregations: count(VALUE._col0)
          mode: mergepartial
          outputColumnNames: _col0
          Statistics: Num rows: 1 Data size: 8 Basic stats: COMPLETE Column stats: COMPLETE
          File Output Operator
            compressed: false
            Statistics: Num rows: 1 Data size: 8 Basic stats: COMPLETE Column stats: COMPLETE
            table:
                input format: org.apache.hadoop.mapred.TextInputFormat
                output format: org.apache.hadoop.hive.ql.io.HiveIgnoreKeyTextOutputFormat
                serde: org.apache.hadoop.hive.serde2.lazy.LazySimpleSerDe

  Stage: Stage-0
    Fetch Operator
      limit: -1
      Processor Tree:
        ListSink

PREHOOK: query: -- COUNT(1) is projected as new column. It is not projected as GenericUDF and so datasize estimate will be based on number of rows
-- numRows: 1 rawDataSize: 8
explain select count(1) from alltypes_orc
PREHOOK: type: QUERY
POSTHOOK: query: -- COUNT(1) is projected as new column. It is not projected as GenericUDF and so datasize estimate will be based on number of rows
-- numRows: 1 rawDataSize: 8
explain select count(1) from alltypes_orc
POSTHOOK: type: QUERY
STAGE DEPENDENCIES:
  Stage-1 is a root stage
  Stage-0 depends on stages: Stage-1

STAGE PLANS:
  Stage: Stage-1
    Map Reduce
      Map Operator Tree:
          TableScan
            alias: alltypes_orc
            Statistics: Num rows: 2 Data size: 1686 Basic stats: COMPLETE Column stats: COMPLETE
            Select Operator
              Statistics: Num rows: 2 Data size: 1686 Basic stats: COMPLETE Column stats: COMPLETE
              Group By Operator
                aggregations: count(1)
                mode: hash
                outputColumnNames: _col0
                Statistics: Num rows: 1 Data size: 8 Basic stats: COMPLETE Column stats: COMPLETE
                Reduce Output Operator
                  sort order: 
                  Statistics: Num rows: 1 Data size: 8 Basic stats: COMPLETE Column stats: COMPLETE
                  value expressions: _col0 (type: bigint)
      Reduce Operator Tree:
        Group By Operator
          aggregations: count(VALUE._col0)
          mode: mergepartial
          outputColumnNames: _col0
          Statistics: Num rows: 1 Data size: 8 Basic stats: COMPLETE Column stats: COMPLETE
          File Output Operator
            compressed: false
            Statistics: Num rows: 1 Data size: 8 Basic stats: COMPLETE Column stats: COMPLETE
            table:
                input format: org.apache.hadoop.mapred.TextInputFormat
                output format: org.apache.hadoop.hive.ql.io.HiveIgnoreKeyTextOutputFormat
                serde: org.apache.hadoop.hive.serde2.lazy.LazySimpleSerDe

  Stage: Stage-0
    Fetch Operator
      limit: -1
      Processor Tree:
        ListSink

PREHOOK: query: -- column statistics for complex column types will be missing. data size will be calculated from available column statistics
-- numRows: 2 rawDataSize: 254
explain select *,11 from alltypes_orc
PREHOOK: type: QUERY
POSTHOOK: query: -- column statistics for complex column types will be missing. data size will be calculated from available column statistics
-- numRows: 2 rawDataSize: 254
explain select *,11 from alltypes_orc
POSTHOOK: type: QUERY
STAGE DEPENDENCIES:
  Stage-0 is a root stage

STAGE PLANS:
  Stage: Stage-0
    Fetch Operator
      limit: -1
      Processor Tree:
        TableScan
          alias: alltypes_orc
          Statistics: Num rows: 2 Data size: 1686 Basic stats: COMPLETE Column stats: PARTIAL
          Select Operator
            expressions: bo1 (type: boolean), ti1 (type: tinyint), si1 (type: smallint), i1 (type: int), bi1 (type: bigint), f1 (type: float), d1 (type: double), de1 (type: decimal(10,0)), ts1 (type: timestamp), da1 (type: timestamp), s1 (type: string), vc1 (type: varchar(5)), m1 (type: map<string,string>), l1 (type: array<int>), st1 (type: struct<c1:int,c2:string>), 11 (type: int)
            outputColumnNames: _col0, _col1, _col2, _col3, _col4, _col5, _col6, _col7, _col8, _col9, _col10, _col11, _col12, _col13, _col14, _col15
            Statistics: Num rows: 2 Data size: 428 Basic stats: COMPLETE Column stats: PARTIAL
            ListSink

PREHOOK: query: -- subquery selects
-- inner select - numRows: 2 rawDataSize: 8
-- outer select - numRows: 2 rawDataSize: 8
explain select i1 from (select i1 from alltypes_orc limit 10) temp
PREHOOK: type: QUERY
POSTHOOK: query: -- subquery selects
-- inner select - numRows: 2 rawDataSize: 8
-- outer select - numRows: 2 rawDataSize: 8
explain select i1 from (select i1 from alltypes_orc limit 10) temp
POSTHOOK: type: QUERY
STAGE DEPENDENCIES:
  Stage-0 is a root stage

STAGE PLANS:
  Stage: Stage-0
    Fetch Operator
      limit: 10
      Processor Tree:
        TableScan
          alias: alltypes_orc
          Statistics: Num rows: 2 Data size: 1686 Basic stats: COMPLETE Column stats: COMPLETE
          Select Operator
            expressions: i1 (type: int)
            outputColumnNames: _col0
            Statistics: Num rows: 2 Data size: 8 Basic stats: COMPLETE Column stats: COMPLETE
            Limit
              Number of rows: 10
              Statistics: Num rows: 2 Data size: 8 Basic stats: COMPLETE Column stats: COMPLETE
              ListSink

PREHOOK: query: -- inner select - numRows: 2 rawDataSize: 16
-- outer select - numRows: 2 rawDataSize: 8
explain select i1 from (select i1,11 from alltypes_orc limit 10) temp
PREHOOK: type: QUERY
POSTHOOK: query: -- inner select - numRows: 2 rawDataSize: 16
-- outer select - numRows: 2 rawDataSize: 8
explain select i1 from (select i1,11 from alltypes_orc limit 10) temp
POSTHOOK: type: QUERY
STAGE DEPENDENCIES:
  Stage-0 is a root stage

STAGE PLANS:
  Stage: Stage-0
    Fetch Operator
      limit: 10
      Processor Tree:
        TableScan
          alias: alltypes_orc
          Statistics: Num rows: 2 Data size: 1686 Basic stats: COMPLETE Column stats: COMPLETE
          Select Operator
            expressions: i1 (type: int)
            outputColumnNames: _col0
            Statistics: Num rows: 2 Data size: 8 Basic stats: COMPLETE Column stats: COMPLETE
            Limit
              Number of rows: 10
              Statistics: Num rows: 2 Data size: 8 Basic stats: COMPLETE Column stats: COMPLETE
              ListSink

PREHOOK: query: -- inner select - numRows: 2 rawDataSize: 16
-- outer select - numRows: 2 rawDataSize: 186
explain select i1,"hello" from (select i1,11 from alltypes_orc limit 10) temp
PREHOOK: type: QUERY
POSTHOOK: query: -- inner select - numRows: 2 rawDataSize: 16
-- outer select - numRows: 2 rawDataSize: 186
explain select i1,"hello" from (select i1,11 from alltypes_orc limit 10) temp
POSTHOOK: type: QUERY
STAGE DEPENDENCIES:
  Stage-1 is a root stage
  Stage-0 depends on stages: Stage-1

STAGE PLANS:
  Stage: Stage-1
    Map Reduce
      Map Operator Tree:
          TableScan
            alias: alltypes_orc
            Statistics: Num rows: 2 Data size: 1686 Basic stats: COMPLETE Column stats: COMPLETE
            Select Operator
              expressions: i1 (type: int)
              outputColumnNames: _col0
              Statistics: Num rows: 2 Data size: 8 Basic stats: COMPLETE Column stats: COMPLETE
              Limit
                Number of rows: 10
                Statistics: Num rows: 2 Data size: 8 Basic stats: COMPLETE Column stats: COMPLETE
                Reduce Output Operator
                  sort order: 
                  Statistics: Num rows: 2 Data size: 8 Basic stats: COMPLETE Column stats: COMPLETE
                  value expressions: _col0 (type: int)
      Reduce Operator Tree:
        Select Operator
          expressions: VALUE._col0 (type: int)
          outputColumnNames: _col0
          Statistics: Num rows: 2 Data size: 8 Basic stats: COMPLETE Column stats: COMPLETE
          Limit
            Number of rows: 10
            Statistics: Num rows: 2 Data size: 8 Basic stats: COMPLETE Column stats: COMPLETE
            Select Operator
              expressions: _col0 (type: int), 'hello' (type: string)
              outputColumnNames: _col0, _col1
              Statistics: Num rows: 2 Data size: 186 Basic stats: COMPLETE Column stats: COMPLETE
              File Output Operator
                compressed: false
                Statistics: Num rows: 2 Data size: 186 Basic stats: COMPLETE Column stats: COMPLETE
                table:
                    input format: org.apache.hadoop.mapred.TextInputFormat
                    output format: org.apache.hadoop.hive.ql.io.HiveIgnoreKeyTextOutputFormat
                    serde: org.apache.hadoop.hive.serde2.lazy.LazySimpleSerDe

  Stage: Stage-0
    Fetch Operator
      limit: -1
      Processor Tree:
        ListSink

PREHOOK: query: -- inner select - numRows: 2 rawDataSize: 24
-- outer select - numRows: 2 rawDataSize: 16
explain select x from (select i1,11.0 as x from alltypes_orc limit 10) temp
PREHOOK: type: QUERY
POSTHOOK: query: -- inner select - numRows: 2 rawDataSize: 24
-- outer select - numRows: 2 rawDataSize: 16
explain select x from (select i1,11.0 as x from alltypes_orc limit 10) temp
POSTHOOK: type: QUERY
STAGE DEPENDENCIES:
  Stage-0 is a root stage

STAGE PLANS:
  Stage: Stage-0
    Fetch Operator
      limit: 10
      Processor Tree:
        TableScan
          alias: alltypes_orc
          Statistics: Num rows: 2 Data size: 1686 Basic stats: COMPLETE Column stats: COMPLETE
          Select Operator
            expressions: 11.0 (type: double)
            outputColumnNames: _col0
            Statistics: Num rows: 2 Data size: 16 Basic stats: COMPLETE Column stats: COMPLETE
            Limit
              Number of rows: 10
              Statistics: Num rows: 2 Data size: 16 Basic stats: COMPLETE Column stats: COMPLETE
              ListSink

PREHOOK: query: -- inner select - numRows: 2 rawDataSize: 104
-- outer select - numRows: 2 rawDataSize: 186
explain select x,"hello" from (select i1 as x, unbase64("0xe23") as ub from alltypes_orc limit 10) temp
PREHOOK: type: QUERY
POSTHOOK: query: -- inner select - numRows: 2 rawDataSize: 104
-- outer select - numRows: 2 rawDataSize: 186
explain select x,"hello" from (select i1 as x, unbase64("0xe23") as ub from alltypes_orc limit 10) temp
POSTHOOK: type: QUERY
STAGE DEPENDENCIES:
  Stage-1 is a root stage
  Stage-0 depends on stages: Stage-1

STAGE PLANS:
  Stage: Stage-1
    Map Reduce
      Map Operator Tree:
          TableScan
            alias: alltypes_orc
            Statistics: Num rows: 2 Data size: 1686 Basic stats: COMPLETE Column stats: COMPLETE
            Select Operator
              expressions: i1 (type: int)
              outputColumnNames: _col0
              Statistics: Num rows: 2 Data size: 8 Basic stats: COMPLETE Column stats: COMPLETE
              Limit
                Number of rows: 10
                Statistics: Num rows: 2 Data size: 8 Basic stats: COMPLETE Column stats: COMPLETE
                Reduce Output Operator
                  sort order: 
                  Statistics: Num rows: 2 Data size: 8 Basic stats: COMPLETE Column stats: COMPLETE
                  value expressions: _col0 (type: int)
      Reduce Operator Tree:
        Select Operator
          expressions: VALUE._col0 (type: int)
          outputColumnNames: _col0
          Statistics: Num rows: 2 Data size: 8 Basic stats: COMPLETE Column stats: COMPLETE
          Limit
            Number of rows: 10
            Statistics: Num rows: 2 Data size: 8 Basic stats: COMPLETE Column stats: COMPLETE
            Select Operator
              expressions: _col0 (type: int), 'hello' (type: string)
              outputColumnNames: _col0, _col1
              Statistics: Num rows: 2 Data size: 186 Basic stats: COMPLETE Column stats: COMPLETE
              File Output Operator
                compressed: false
                Statistics: Num rows: 2 Data size: 186 Basic stats: COMPLETE Column stats: COMPLETE
                table:
                    input format: org.apache.hadoop.mapred.TextInputFormat
                    output format: org.apache.hadoop.hive.ql.io.HiveIgnoreKeyTextOutputFormat
                    serde: org.apache.hadoop.hive.serde2.lazy.LazySimpleSerDe

  Stage: Stage-0
    Fetch Operator
      limit: -1
      Processor Tree:
        ListSink

PREHOOK: query: -- inner select -  numRows: 2 rawDataSize: 186
-- middle select - numRows: 2 rawDataSize: 178
-- outer select -  numRows: 2 rawDataSize: 194
explain select h, 11.0 from (select hell as h from (select i1, "hello" as hell from alltypes_orc limit 10) in1 limit 10) in2
PREHOOK: type: QUERY
POSTHOOK: query: -- inner select -  numRows: 2 rawDataSize: 186
-- middle select - numRows: 2 rawDataSize: 178
-- outer select -  numRows: 2 rawDataSize: 194
explain select h, 11.0 from (select hell as h from (select i1, "hello" as hell from alltypes_orc limit 10) in1 limit 10) in2
POSTHOOK: type: QUERY
STAGE DEPENDENCIES:
  Stage-1 is a root stage
  Stage-2 depends on stages: Stage-1
  Stage-0 depends on stages: Stage-2

STAGE PLANS:
  Stage: Stage-1
    Map Reduce
      Map Operator Tree:
          TableScan
            alias: alltypes_orc
            Statistics: Num rows: 2 Data size: 1686 Basic stats: COMPLETE Column stats: COMPLETE
            Select Operator
              Statistics: Num rows: 2 Data size: 0 Basic stats: PARTIAL Column stats: COMPLETE
              Limit
                Number of rows: 10
                Statistics: Num rows: 2 Data size: 0 Basic stats: PARTIAL Column stats: COMPLETE
                Reduce Output Operator
                  sort order: 
                  Statistics: Num rows: 2 Data size: 0 Basic stats: PARTIAL Column stats: COMPLETE
      Reduce Operator Tree:
        Limit
          Number of rows: 10
          Statistics: Num rows: 2 Data size: 0 Basic stats: PARTIAL Column stats: COMPLETE
          Limit
            Number of rows: 10
            Statistics: Num rows: 2 Data size: 0 Basic stats: PARTIAL Column stats: COMPLETE
            File Output Operator
              compressed: false
              table:
                  input format: org.apache.hadoop.mapred.SequenceFileInputFormat
                  output format: org.apache.hadoop.hive.ql.io.HiveSequenceFileOutputFormat
                  serde: org.apache.hadoop.hive.serde2.lazybinary.LazyBinarySerDe

  Stage: Stage-2
    Map Reduce
      Map Operator Tree:
          TableScan
            Reduce Output Operator
              sort order: 
              Statistics: Num rows: 2 Data size: 0 Basic stats: PARTIAL Column stats: COMPLETE
      Reduce Operator Tree:
        Limit
          Number of rows: 10
          Statistics: Num rows: 2 Data size: 0 Basic stats: PARTIAL Column stats: COMPLETE
          Select Operator
            expressions: 'hello' (type: string), 11.0 (type: double)
            outputColumnNames: _col0, _col1
            Statistics: Num rows: 2 Data size: 0 Basic stats: PARTIAL Column stats: COMPLETE
            File Output Operator
              compressed: false
              Statistics: Num rows: 2 Data size: 0 Basic stats: PARTIAL Column stats: COMPLETE
              table:
                  input format: org.apache.hadoop.mapred.TextInputFormat
                  output format: org.apache.hadoop.hive.ql.io.HiveIgnoreKeyTextOutputFormat
                  serde: org.apache.hadoop.hive.serde2.lazy.LazySimpleSerDe

  Stage: Stage-0
    Fetch Operator
      limit: -1
      Processor Tree:
        ListSink

PREHOOK: query: -- This test is for FILTER operator where filter expression is a boolean column
-- numRows: 2 rawDataSize: 8
explain select bo1 from alltypes_orc where bo1
PREHOOK: type: QUERY
POSTHOOK: query: -- This test is for FILTER operator where filter expression is a boolean column
-- numRows: 2 rawDataSize: 8
explain select bo1 from alltypes_orc where bo1
POSTHOOK: type: QUERY
STAGE DEPENDENCIES:
  Stage-1 is a root stage
  Stage-0 depends on stages: Stage-1

STAGE PLANS:
  Stage: Stage-1
    Map Reduce
      Map Operator Tree:
          TableScan
            alias: alltypes_orc
            Statistics: Num rows: 2 Data size: 1686 Basic stats: COMPLETE Column stats: COMPLETE
            Filter Operator
              predicate: bo1 (type: boolean)
              Statistics: Num rows: 2 Data size: 8 Basic stats: COMPLETE Column stats: COMPLETE
              Select Operator
                expressions: bo1 (type: boolean)
                outputColumnNames: _col0
                Statistics: Num rows: 2 Data size: 8 Basic stats: COMPLETE Column stats: COMPLETE
                File Output Operator
                  compressed: false
                  Statistics: Num rows: 2 Data size: 8 Basic stats: COMPLETE Column stats: COMPLETE
                  table:
                      input format: org.apache.hadoop.mapred.TextInputFormat
                      output format: org.apache.hadoop.hive.ql.io.HiveIgnoreKeyTextOutputFormat
                      serde: org.apache.hadoop.hive.serde2.lazy.LazySimpleSerDe

  Stage: Stage-0
    Fetch Operator
      limit: -1
      Processor Tree:
        ListSink

PREHOOK: query: -- numRows: 0 rawDataSize: 0
explain select bo1 from alltypes_orc where !bo1
PREHOOK: type: QUERY
POSTHOOK: query: -- numRows: 0 rawDataSize: 0
explain select bo1 from alltypes_orc where !bo1
POSTHOOK: type: QUERY
STAGE DEPENDENCIES:
  Stage-1 is a root stage
  Stage-0 depends on stages: Stage-1

STAGE PLANS:
  Stage: Stage-1
    Map Reduce
      Map Operator Tree:
          TableScan
            alias: alltypes_orc
            Statistics: Num rows: 2 Data size: 1686 Basic stats: COMPLETE Column stats: COMPLETE
            Filter Operator
              predicate: (not bo1) (type: boolean)
              Statistics: Num rows: 1 Data size: 4 Basic stats: COMPLETE Column stats: COMPLETE
              Select Operator
                expressions: bo1 (type: boolean)
                outputColumnNames: _col0
                Statistics: Num rows: 1 Data size: 4 Basic stats: COMPLETE Column stats: COMPLETE
                File Output Operator
                  compressed: false
                  Statistics: Num rows: 1 Data size: 4 Basic stats: COMPLETE Column stats: COMPLETE
                  table:
                      input format: org.apache.hadoop.mapred.TextInputFormat
                      output format: org.apache.hadoop.hive.ql.io.HiveIgnoreKeyTextOutputFormat
                      serde: org.apache.hadoop.hive.serde2.lazy.LazySimpleSerDe

  Stage: Stage-0
    Fetch Operator
      limit: -1
      Processor Tree:
        ListSink

