PREHOOK: query: create table if not exists loc_staging (
  state string,
  locid int,
  zip bigint,
  year int
) row format delimited fields terminated by '|' stored as textfile
PREHOOK: type: CREATETABLE
PREHOOK: Output: database:default
PREHOOK: Output: default@loc_staging
POSTHOOK: query: create table if not exists loc_staging (
  state string,
  locid int,
  zip bigint,
  year int
) row format delimited fields terminated by '|' stored as textfile
POSTHOOK: type: CREATETABLE
POSTHOOK: Output: database:default
POSTHOOK: Output: default@loc_staging
PREHOOK: query: create table loc_orc like loc_staging
PREHOOK: type: CREATETABLE
PREHOOK: Output: database:default
PREHOOK: Output: default@loc_orc
POSTHOOK: query: create table loc_orc like loc_staging
POSTHOOK: type: CREATETABLE
POSTHOOK: Output: database:default
POSTHOOK: Output: default@loc_orc
PREHOOK: query: alter table loc_orc set fileformat orc
PREHOOK: type: ALTERTABLE_FILEFORMAT
PREHOOK: Input: default@loc_orc
PREHOOK: Output: default@loc_orc
POSTHOOK: query: alter table loc_orc set fileformat orc
POSTHOOK: type: ALTERTABLE_FILEFORMAT
POSTHOOK: Input: default@loc_orc
POSTHOOK: Output: default@loc_orc
PREHOOK: query: load data local inpath '../../data/files/loc.txt' overwrite into table loc_staging
PREHOOK: type: LOAD
#### A masked pattern was here ####
PREHOOK: Output: default@loc_staging
POSTHOOK: query: load data local inpath '../../data/files/loc.txt' overwrite into table loc_staging
POSTHOOK: type: LOAD
#### A masked pattern was here ####
POSTHOOK: Output: default@loc_staging
PREHOOK: query: insert overwrite table loc_orc select * from loc_staging
PREHOOK: type: QUERY
PREHOOK: Input: default@loc_staging
PREHOOK: Output: default@loc_orc
POSTHOOK: query: insert overwrite table loc_orc select * from loc_staging
POSTHOOK: type: QUERY
POSTHOOK: Input: default@loc_staging
POSTHOOK: Output: default@loc_orc
POSTHOOK: Lineage: loc_orc.locid SIMPLE [(loc_staging)loc_staging.FieldSchema(name:locid, type:int, comment:null), ]
POSTHOOK: Lineage: loc_orc.state SIMPLE [(loc_staging)loc_staging.FieldSchema(name:state, type:string, comment:null), ]
POSTHOOK: Lineage: loc_orc.year SIMPLE [(loc_staging)loc_staging.FieldSchema(name:year, type:int, comment:null), ]
POSTHOOK: Lineage: loc_orc.zip SIMPLE [(loc_staging)loc_staging.FieldSchema(name:zip, type:bigint, comment:null), ]
PREHOOK: query: explain select * from loc_orc
PREHOOK: type: QUERY
POSTHOOK: query: explain select * from loc_orc
POSTHOOK: type: QUERY
STAGE DEPENDENCIES:
  Stage-0 is a root stage

STAGE PLANS:
  Stage: Stage-0
    Fetch Operator
      limit: -1
      Processor Tree:
        TableScan
          alias: loc_orc
          Statistics: Num rows: 8 Data size: 816 Basic stats: COMPLETE Column stats: COMPLETE
          Select Operator
            expressions: state (type: string), locid (type: int), zip (type: bigint), year (type: int)
            outputColumnNames: _col0, _col1, _col2, _col3
            Statistics: Num rows: 8 Data size: 816 Basic stats: COMPLETE Column stats: COMPLETE
            ListSink

PREHOOK: query: explain select * from loc_orc where state='OH'
PREHOOK: type: QUERY
POSTHOOK: query: explain select * from loc_orc where state='OH'
POSTHOOK: type: QUERY
STAGE DEPENDENCIES:
  Stage-1 is a root stage
  Stage-0 depends on stages: Stage-1

STAGE PLANS:
  Stage: Stage-1
    Map Reduce
      Map Operator Tree:
          TableScan
            alias: loc_orc
            Statistics: Num rows: 8 Data size: 816 Basic stats: COMPLETE Column stats: COMPLETE
            Filter Operator
              predicate: (state = 'OH') (type: boolean)
              Statistics: Num rows: 1 Data size: 102 Basic stats: COMPLETE Column stats: COMPLETE
              Select Operator
                expressions: 'OH' (type: string), locid (type: int), zip (type: bigint), year (type: int)
                outputColumnNames: _col0, _col1, _col2, _col3
                Statistics: Num rows: 1 Data size: 102 Basic stats: COMPLETE Column stats: COMPLETE
                File Output Operator
                  compressed: false
                  Statistics: Num rows: 1 Data size: 102 Basic stats: COMPLETE Column stats: COMPLETE
                  table:
                      input format: org.apache.hadoop.mapred.SequenceFileInputFormat
                      output format: org.apache.hadoop.hive.ql.io.HiveSequenceFileOutputFormat
                      serde: org.apache.hadoop.hive.serde2.lazy.LazySimpleSerDe
      Execution mode: vectorized

  Stage: Stage-0
    Fetch Operator
      limit: -1
      Processor Tree:
        ListSink

PREHOOK: query: analyze table loc_orc compute statistics for columns state,locid,zip,year
PREHOOK: type: ANALYZE_TABLE
PREHOOK: Input: default@loc_orc
PREHOOK: Output: default@loc_orc
#### A masked pattern was here ####
POSTHOOK: query: analyze table loc_orc compute statistics for columns state,locid,zip,year
POSTHOOK: type: ANALYZE_TABLE
POSTHOOK: Input: default@loc_orc
POSTHOOK: Output: default@loc_orc
#### A masked pattern was here ####
PREHOOK: query: explain select * from loc_orc where state='OH'
PREHOOK: type: QUERY
POSTHOOK: query: explain select * from loc_orc where state='OH'
POSTHOOK: type: QUERY
STAGE DEPENDENCIES:
  Stage-1 is a root stage
  Stage-0 depends on stages: Stage-1

STAGE PLANS:
  Stage: Stage-1
    Map Reduce
      Map Operator Tree:
          TableScan
            alias: loc_orc
            Statistics: Num rows: 8 Data size: 816 Basic stats: COMPLETE Column stats: COMPLETE
            Filter Operator
              predicate: (state = 'OH') (type: boolean)
              Statistics: Num rows: 1 Data size: 102 Basic stats: COMPLETE Column stats: COMPLETE
              Select Operator
                expressions: 'OH' (type: string), locid (type: int), zip (type: bigint), year (type: int)
                outputColumnNames: _col0, _col1, _col2, _col3
                Statistics: Num rows: 1 Data size: 102 Basic stats: COMPLETE Column stats: COMPLETE
                File Output Operator
                  compressed: false
                  Statistics: Num rows: 1 Data size: 102 Basic stats: COMPLETE Column stats: COMPLETE
                  table:
                      input format: org.apache.hadoop.mapred.SequenceFileInputFormat
                      output format: org.apache.hadoop.hive.ql.io.HiveSequenceFileOutputFormat
                      serde: org.apache.hadoop.hive.serde2.lazy.LazySimpleSerDe
      Execution mode: vectorized

  Stage: Stage-0
    Fetch Operator
      limit: -1
      Processor Tree:
        ListSink

PREHOOK: query: explain select * from loc_orc where state!='OH'
PREHOOK: type: QUERY
POSTHOOK: query: explain select * from loc_orc where state!='OH'
POSTHOOK: type: QUERY
STAGE DEPENDENCIES:
  Stage-1 is a root stage
  Stage-0 depends on stages: Stage-1

STAGE PLANS:
  Stage: Stage-1
    Map Reduce
      Map Operator Tree:
          TableScan
            alias: loc_orc
            Statistics: Num rows: 8 Data size: 816 Basic stats: COMPLETE Column stats: COMPLETE
            Filter Operator
              predicate: (state <> 'OH') (type: boolean)
              Statistics: Num rows: 8 Data size: 816 Basic stats: COMPLETE Column stats: COMPLETE
              Select Operator
                expressions: state (type: string), locid (type: int), zip (type: bigint), year (type: int)
                outputColumnNames: _col0, _col1, _col2, _col3
                Statistics: Num rows: 8 Data size: 816 Basic stats: COMPLETE Column stats: COMPLETE
                File Output Operator
                  compressed: false
                  Statistics: Num rows: 8 Data size: 816 Basic stats: COMPLETE Column stats: COMPLETE
                  table:
                      input format: org.apache.hadoop.mapred.SequenceFileInputFormat
                      output format: org.apache.hadoop.hive.ql.io.HiveSequenceFileOutputFormat
                      serde: org.apache.hadoop.hive.serde2.lazy.LazySimpleSerDe
      Execution mode: vectorized

  Stage: Stage-0
    Fetch Operator
      limit: -1
      Processor Tree:
        ListSink

PREHOOK: query: explain select * from loc_orc where state<>'OH'
PREHOOK: type: QUERY
POSTHOOK: query: explain select * from loc_orc where state<>'OH'
POSTHOOK: type: QUERY
STAGE DEPENDENCIES:
  Stage-1 is a root stage
  Stage-0 depends on stages: Stage-1

STAGE PLANS:
  Stage: Stage-1
    Map Reduce
      Map Operator Tree:
          TableScan
            alias: loc_orc
            Statistics: Num rows: 8 Data size: 816 Basic stats: COMPLETE Column stats: COMPLETE
            Filter Operator
              predicate: (state <> 'OH') (type: boolean)
              Statistics: Num rows: 8 Data size: 816 Basic stats: COMPLETE Column stats: COMPLETE
              Select Operator
                expressions: state (type: string), locid (type: int), zip (type: bigint), year (type: int)
                outputColumnNames: _col0, _col1, _col2, _col3
                Statistics: Num rows: 8 Data size: 816 Basic stats: COMPLETE Column stats: COMPLETE
                File Output Operator
                  compressed: false
                  Statistics: Num rows: 8 Data size: 816 Basic stats: COMPLETE Column stats: COMPLETE
                  table:
                      input format: org.apache.hadoop.mapred.SequenceFileInputFormat
                      output format: org.apache.hadoop.hive.ql.io.HiveSequenceFileOutputFormat
                      serde: org.apache.hadoop.hive.serde2.lazy.LazySimpleSerDe
      Execution mode: vectorized

  Stage: Stage-0
    Fetch Operator
      limit: -1
      Processor Tree:
        ListSink

PREHOOK: query: explain select * from loc_orc where zip is null
PREHOOK: type: QUERY
POSTHOOK: query: explain select * from loc_orc where zip is null
POSTHOOK: type: QUERY
STAGE DEPENDENCIES:
  Stage-1 is a root stage
  Stage-0 depends on stages: Stage-1

STAGE PLANS:
  Stage: Stage-1
    Map Reduce
      Map Operator Tree:
          TableScan
            alias: loc_orc
            Statistics: Num rows: 8 Data size: 816 Basic stats: COMPLETE Column stats: COMPLETE
            Filter Operator
              predicate: zip is null (type: boolean)
              Statistics: Num rows: 1 Data size: 102 Basic stats: COMPLETE Column stats: COMPLETE
              Select Operator
                expressions: state (type: string), locid (type: int), null (type: bigint), year (type: int)
                outputColumnNames: _col0, _col1, _col2, _col3
                Statistics: Num rows: 1 Data size: 102 Basic stats: COMPLETE Column stats: COMPLETE
                File Output Operator
                  compressed: false
                  Statistics: Num rows: 1 Data size: 102 Basic stats: COMPLETE Column stats: COMPLETE
                  table:
                      input format: org.apache.hadoop.mapred.SequenceFileInputFormat
                      output format: org.apache.hadoop.hive.ql.io.HiveSequenceFileOutputFormat
                      serde: org.apache.hadoop.hive.serde2.lazy.LazySimpleSerDe
      Execution mode: vectorized

  Stage: Stage-0
    Fetch Operator
      limit: -1
      Processor Tree:
        ListSink

PREHOOK: query: explain select * from loc_orc where !(zip is not null)
PREHOOK: type: QUERY
POSTHOOK: query: explain select * from loc_orc where !(zip is not null)
POSTHOOK: type: QUERY
STAGE DEPENDENCIES:
  Stage-1 is a root stage
  Stage-0 depends on stages: Stage-1

STAGE PLANS:
  Stage: Stage-1
    Map Reduce
      Map Operator Tree:
          TableScan
            alias: loc_orc
            Statistics: Num rows: 8 Data size: 816 Basic stats: COMPLETE Column stats: COMPLETE
            Filter Operator
              predicate: zip is null (type: boolean)
              Statistics: Num rows: 1 Data size: 102 Basic stats: COMPLETE Column stats: COMPLETE
              Select Operator
                expressions: state (type: string), locid (type: int), null (type: bigint), year (type: int)
                outputColumnNames: _col0, _col1, _col2, _col3
                Statistics: Num rows: 1 Data size: 102 Basic stats: COMPLETE Column stats: COMPLETE
                File Output Operator
                  compressed: false
                  Statistics: Num rows: 1 Data size: 102 Basic stats: COMPLETE Column stats: COMPLETE
                  table:
                      input format: org.apache.hadoop.mapred.SequenceFileInputFormat
                      output format: org.apache.hadoop.hive.ql.io.HiveSequenceFileOutputFormat
                      serde: org.apache.hadoop.hive.serde2.lazy.LazySimpleSerDe
      Execution mode: vectorized

  Stage: Stage-0
    Fetch Operator
      limit: -1
      Processor Tree:
        ListSink

PREHOOK: query: explain select * from loc_orc where zip is not null
PREHOOK: type: QUERY
POSTHOOK: query: explain select * from loc_orc where zip is not null
POSTHOOK: type: QUERY
STAGE DEPENDENCIES:
  Stage-1 is a root stage
  Stage-0 depends on stages: Stage-1

STAGE PLANS:
  Stage: Stage-1
    Map Reduce
      Map Operator Tree:
          TableScan
            alias: loc_orc
            Statistics: Num rows: 8 Data size: 816 Basic stats: COMPLETE Column stats: COMPLETE
            Filter Operator
              predicate: zip is not null (type: boolean)
              Statistics: Num rows: 7 Data size: 714 Basic stats: COMPLETE Column stats: COMPLETE
              Select Operator
                expressions: state (type: string), locid (type: int), zip (type: bigint), year (type: int)
                outputColumnNames: _col0, _col1, _col2, _col3
                Statistics: Num rows: 7 Data size: 714 Basic stats: COMPLETE Column stats: COMPLETE
                File Output Operator
                  compressed: false
                  Statistics: Num rows: 7 Data size: 714 Basic stats: COMPLETE Column stats: COMPLETE
                  table:
                      input format: org.apache.hadoop.mapred.SequenceFileInputFormat
                      output format: org.apache.hadoop.hive.ql.io.HiveSequenceFileOutputFormat
                      serde: org.apache.hadoop.hive.serde2.lazy.LazySimpleSerDe
      Execution mode: vectorized

  Stage: Stage-0
    Fetch Operator
      limit: -1
      Processor Tree:
        ListSink

PREHOOK: query: explain select * from loc_orc where !(zip is null)
PREHOOK: type: QUERY
POSTHOOK: query: explain select * from loc_orc where !(zip is null)
POSTHOOK: type: QUERY
STAGE DEPENDENCIES:
  Stage-1 is a root stage
  Stage-0 depends on stages: Stage-1

STAGE PLANS:
  Stage: Stage-1
    Map Reduce
      Map Operator Tree:
          TableScan
            alias: loc_orc
            Statistics: Num rows: 8 Data size: 816 Basic stats: COMPLETE Column stats: COMPLETE
            Filter Operator
              predicate: zip is not null (type: boolean)
              Statistics: Num rows: 7 Data size: 714 Basic stats: COMPLETE Column stats: COMPLETE
              Select Operator
                expressions: state (type: string), locid (type: int), zip (type: bigint), year (type: int)
                outputColumnNames: _col0, _col1, _col2, _col3
                Statistics: Num rows: 7 Data size: 714 Basic stats: COMPLETE Column stats: COMPLETE
                File Output Operator
                  compressed: false
                  Statistics: Num rows: 7 Data size: 714 Basic stats: COMPLETE Column stats: COMPLETE
                  table:
                      input format: org.apache.hadoop.mapred.SequenceFileInputFormat
                      output format: org.apache.hadoop.hive.ql.io.HiveSequenceFileOutputFormat
                      serde: org.apache.hadoop.hive.serde2.lazy.LazySimpleSerDe
      Execution mode: vectorized

  Stage: Stage-0
    Fetch Operator
      limit: -1
      Processor Tree:
        ListSink

PREHOOK: query: explain select * from loc_orc where !false
PREHOOK: type: QUERY
POSTHOOK: query: explain select * from loc_orc where !false
POSTHOOK: type: QUERY
STAGE DEPENDENCIES:
  Stage-0 is a root stage

STAGE PLANS:
  Stage: Stage-0
    Fetch Operator
      limit: -1
      Processor Tree:
        TableScan
          alias: loc_orc
          Statistics: Num rows: 8 Data size: 816 Basic stats: COMPLETE Column stats: COMPLETE
          Select Operator
            expressions: state (type: string), locid (type: int), zip (type: bigint), year (type: int)
            outputColumnNames: _col0, _col1, _col2, _col3
            Statistics: Num rows: 8 Data size: 816 Basic stats: COMPLETE Column stats: COMPLETE
            ListSink

PREHOOK: query: explain select * from loc_orc where !true
PREHOOK: type: QUERY
POSTHOOK: query: explain select * from loc_orc where !true
POSTHOOK: type: QUERY
STAGE DEPENDENCIES:
  Stage-1 is a root stage
  Stage-0 depends on stages: Stage-1

STAGE PLANS:
  Stage: Stage-1
    Map Reduce
      Map Operator Tree:
          TableScan
            alias: loc_orc
            Statistics: Num rows: 8 Data size: 816 Basic stats: COMPLETE Column stats: COMPLETE
            Filter Operator
              predicate: false (type: boolean)
              Statistics: Num rows: 1 Data size: 102 Basic stats: COMPLETE Column stats: COMPLETE
              Select Operator
                expressions: state (type: string), locid (type: int), zip (type: bigint), year (type: int)
                outputColumnNames: _col0, _col1, _col2, _col3
                Statistics: Num rows: 1 Data size: 102 Basic stats: COMPLETE Column stats: COMPLETE
                File Output Operator
                  compressed: false
                  Statistics: Num rows: 1 Data size: 102 Basic stats: COMPLETE Column stats: COMPLETE
                  table:
                      input format: org.apache.hadoop.mapred.SequenceFileInputFormat
                      output format: org.apache.hadoop.hive.ql.io.HiveSequenceFileOutputFormat
                      serde: org.apache.hadoop.hive.serde2.lazy.LazySimpleSerDe
      Execution mode: vectorized

  Stage: Stage-0
    Fetch Operator
      limit: -1
      Processor Tree:
        ListSink

PREHOOK: query: explain select * from loc_orc where true
PREHOOK: type: QUERY
POSTHOOK: query: explain select * from loc_orc where true
POSTHOOK: type: QUERY
STAGE DEPENDENCIES:
  Stage-0 is a root stage

STAGE PLANS:
  Stage: Stage-0
    Fetch Operator
      limit: -1
      Processor Tree:
        TableScan
          alias: loc_orc
          Statistics: Num rows: 8 Data size: 816 Basic stats: COMPLETE Column stats: COMPLETE
          Select Operator
            expressions: state (type: string), locid (type: int), zip (type: bigint), year (type: int)
            outputColumnNames: _col0, _col1, _col2, _col3
            Statistics: Num rows: 8 Data size: 816 Basic stats: COMPLETE Column stats: COMPLETE
            ListSink

PREHOOK: query: explain select * from loc_orc where 'foo'
PREHOOK: type: QUERY
POSTHOOK: query: explain select * from loc_orc where 'foo'
POSTHOOK: type: QUERY
STAGE DEPENDENCIES:
  Stage-1 is a root stage
  Stage-0 depends on stages: Stage-1

STAGE PLANS:
  Stage: Stage-1
    Map Reduce
      Map Operator Tree:
          TableScan
            alias: loc_orc
            Statistics: Num rows: 8 Data size: 816 Basic stats: COMPLETE Column stats: COMPLETE
            Filter Operator
              predicate: 'foo' (type: string)
              Statistics: Num rows: 8 Data size: 816 Basic stats: COMPLETE Column stats: COMPLETE
              Select Operator
                expressions: state (type: string), locid (type: int), zip (type: bigint), year (type: int)
                outputColumnNames: _col0, _col1, _col2, _col3
                Statistics: Num rows: 8 Data size: 816 Basic stats: COMPLETE Column stats: COMPLETE
                File Output Operator
                  compressed: false
                  Statistics: Num rows: 8 Data size: 816 Basic stats: COMPLETE Column stats: COMPLETE
                  table:
                      input format: org.apache.hadoop.mapred.SequenceFileInputFormat
                      output format: org.apache.hadoop.hive.ql.io.HiveSequenceFileOutputFormat
                      serde: org.apache.hadoop.hive.serde2.lazy.LazySimpleSerDe
      Execution mode: vectorized

  Stage: Stage-0
    Fetch Operator
      limit: -1
      Processor Tree:
        ListSink

PREHOOK: query: explain select * from loc_orc where true = true
PREHOOK: type: QUERY
POSTHOOK: query: explain select * from loc_orc where true = true
POSTHOOK: type: QUERY
STAGE DEPENDENCIES:
  Stage-0 is a root stage

STAGE PLANS:
  Stage: Stage-0
    Fetch Operator
      limit: -1
      Processor Tree:
        TableScan
          alias: loc_orc
          Statistics: Num rows: 8 Data size: 816 Basic stats: COMPLETE Column stats: COMPLETE
          Select Operator
            expressions: state (type: string), locid (type: int), zip (type: bigint), year (type: int)
            outputColumnNames: _col0, _col1, _col2, _col3
            Statistics: Num rows: 8 Data size: 816 Basic stats: COMPLETE Column stats: COMPLETE
            ListSink

PREHOOK: query: explain select * from loc_orc where false = true
PREHOOK: type: QUERY
POSTHOOK: query: explain select * from loc_orc where false = true
POSTHOOK: type: QUERY
STAGE DEPENDENCIES:
  Stage-1 is a root stage
  Stage-0 depends on stages: Stage-1

STAGE PLANS:
  Stage: Stage-1
    Map Reduce
      Map Operator Tree:
          TableScan
            alias: loc_orc
            Statistics: Num rows: 8 Data size: 816 Basic stats: COMPLETE Column stats: COMPLETE
            Filter Operator
              predicate: false (type: boolean)
              Statistics: Num rows: 1 Data size: 102 Basic stats: COMPLETE Column stats: COMPLETE
              Select Operator
                expressions: state (type: string), locid (type: int), zip (type: bigint), year (type: int)
                outputColumnNames: _col0, _col1, _col2, _col3
                Statistics: Num rows: 1 Data size: 102 Basic stats: COMPLETE Column stats: COMPLETE
                File Output Operator
                  compressed: false
                  Statistics: Num rows: 1 Data size: 102 Basic stats: COMPLETE Column stats: COMPLETE
                  table:
                      input format: org.apache.hadoop.mapred.SequenceFileInputFormat
                      output format: org.apache.hadoop.hive.ql.io.HiveSequenceFileOutputFormat
                      serde: org.apache.hadoop.hive.serde2.lazy.LazySimpleSerDe
      Execution mode: vectorized

  Stage: Stage-0
    Fetch Operator
      limit: -1
      Processor Tree:
        ListSink

PREHOOK: query: explain select * from loc_orc where 'foo' = 'bar'
PREHOOK: type: QUERY
POSTHOOK: query: explain select * from loc_orc where 'foo' = 'bar'
POSTHOOK: type: QUERY
STAGE DEPENDENCIES:
  Stage-1 is a root stage
  Stage-0 depends on stages: Stage-1

STAGE PLANS:
  Stage: Stage-1
    Map Reduce
      Map Operator Tree:
          TableScan
            alias: loc_orc
            Statistics: Num rows: 8 Data size: 816 Basic stats: COMPLETE Column stats: COMPLETE
            Filter Operator
              predicate: false (type: boolean)
              Statistics: Num rows: 1 Data size: 102 Basic stats: COMPLETE Column stats: COMPLETE
              Select Operator
                expressions: state (type: string), locid (type: int), zip (type: bigint), year (type: int)
                outputColumnNames: _col0, _col1, _col2, _col3
                Statistics: Num rows: 1 Data size: 102 Basic stats: COMPLETE Column stats: COMPLETE
                File Output Operator
                  compressed: false
                  Statistics: Num rows: 1 Data size: 102 Basic stats: COMPLETE Column stats: COMPLETE
                  table:
                      input format: org.apache.hadoop.mapred.SequenceFileInputFormat
                      output format: org.apache.hadoop.hive.ql.io.HiveSequenceFileOutputFormat
                      serde: org.apache.hadoop.hive.serde2.lazy.LazySimpleSerDe
      Execution mode: vectorized

  Stage: Stage-0
    Fetch Operator
      limit: -1
      Processor Tree:
        ListSink

PREHOOK: query: explain select * from loc_orc where false
PREHOOK: type: QUERY
POSTHOOK: query: explain select * from loc_orc where false
POSTHOOK: type: QUERY
STAGE DEPENDENCIES:
  Stage-1 is a root stage
  Stage-0 depends on stages: Stage-1

STAGE PLANS:
  Stage: Stage-1
    Map Reduce
      Map Operator Tree:
          TableScan
            alias: loc_orc
            Statistics: Num rows: 8 Data size: 816 Basic stats: COMPLETE Column stats: COMPLETE
            Filter Operator
              predicate: false (type: boolean)
              Statistics: Num rows: 1 Data size: 102 Basic stats: COMPLETE Column stats: COMPLETE
              Select Operator
                expressions: state (type: string), locid (type: int), zip (type: bigint), year (type: int)
                outputColumnNames: _col0, _col1, _col2, _col3
                Statistics: Num rows: 1 Data size: 102 Basic stats: COMPLETE Column stats: COMPLETE
                File Output Operator
                  compressed: false
                  Statistics: Num rows: 1 Data size: 102 Basic stats: COMPLETE Column stats: COMPLETE
                  table:
                      input format: org.apache.hadoop.mapred.SequenceFileInputFormat
                      output format: org.apache.hadoop.hive.ql.io.HiveSequenceFileOutputFormat
                      serde: org.apache.hadoop.hive.serde2.lazy.LazySimpleSerDe
      Execution mode: vectorized

  Stage: Stage-0
    Fetch Operator
      limit: -1
      Processor Tree:
        ListSink

PREHOOK: query: explain select * from loc_orc where state='OH' or state='CA'
PREHOOK: type: QUERY
POSTHOOK: query: explain select * from loc_orc where state='OH' or state='CA'
POSTHOOK: type: QUERY
STAGE DEPENDENCIES:
  Stage-1 is a root stage
  Stage-0 depends on stages: Stage-1

STAGE PLANS:
  Stage: Stage-1
    Map Reduce
      Map Operator Tree:
          TableScan
            alias: loc_orc
            Statistics: Num rows: 8 Data size: 816 Basic stats: COMPLETE Column stats: COMPLETE
            Filter Operator
              predicate: ((state = 'CA') or (state = 'OH')) (type: boolean)
              Statistics: Num rows: 2 Data size: 204 Basic stats: COMPLETE Column stats: COMPLETE
              Select Operator
                expressions: state (type: string), locid (type: int), zip (type: bigint), year (type: int)
                outputColumnNames: _col0, _col1, _col2, _col3
                Statistics: Num rows: 2 Data size: 204 Basic stats: COMPLETE Column stats: COMPLETE
                File Output Operator
                  compressed: false
                  Statistics: Num rows: 2 Data size: 204 Basic stats: COMPLETE Column stats: COMPLETE
                  table:
                      input format: org.apache.hadoop.mapred.SequenceFileInputFormat
                      output format: org.apache.hadoop.hive.ql.io.HiveSequenceFileOutputFormat
                      serde: org.apache.hadoop.hive.serde2.lazy.LazySimpleSerDe
      Execution mode: vectorized

  Stage: Stage-0
    Fetch Operator
      limit: -1
      Processor Tree:
        ListSink

PREHOOK: query: explain select * from loc_orc where year=2001 and year is null
PREHOOK: type: QUERY
POSTHOOK: query: explain select * from loc_orc where year=2001 and year is null
POSTHOOK: type: QUERY
STAGE DEPENDENCIES:
  Stage-1 is a root stage
  Stage-0 depends on stages: Stage-1

STAGE PLANS:
  Stage: Stage-1
    Map Reduce
      Map Operator Tree:
          TableScan
            alias: loc_orc
            Statistics: Num rows: 8 Data size: 816 Basic stats: COMPLETE Column stats: COMPLETE
            Filter Operator
              predicate: false (type: boolean)
              Statistics: Num rows: 1 Data size: 102 Basic stats: COMPLETE Column stats: COMPLETE
              Select Operator
                expressions: state (type: string), locid (type: int), zip (type: bigint), year (type: int)
                outputColumnNames: _col0, _col1, _col2, _col3
                Statistics: Num rows: 1 Data size: 102 Basic stats: COMPLETE Column stats: COMPLETE
                File Output Operator
                  compressed: false
                  Statistics: Num rows: 1 Data size: 102 Basic stats: COMPLETE Column stats: COMPLETE
                  table:
                      input format: org.apache.hadoop.mapred.SequenceFileInputFormat
                      output format: org.apache.hadoop.hive.ql.io.HiveSequenceFileOutputFormat
                      serde: org.apache.hadoop.hive.serde2.lazy.LazySimpleSerDe
      Execution mode: vectorized

  Stage: Stage-0
    Fetch Operator
      limit: -1
      Processor Tree:
        ListSink

PREHOOK: query: explain select * from loc_orc where year=2001 and state='OH' and state='FL'
PREHOOK: type: QUERY
POSTHOOK: query: explain select * from loc_orc where year=2001 and state='OH' and state='FL'
POSTHOOK: type: QUERY
STAGE DEPENDENCIES:
  Stage-1 is a root stage
  Stage-0 depends on stages: Stage-1

STAGE PLANS:
  Stage: Stage-1
    Map Reduce
      Map Operator Tree:
          TableScan
            alias: loc_orc
            Statistics: Num rows: 8 Data size: 816 Basic stats: COMPLETE Column stats: COMPLETE
            Filter Operator
              predicate: false (type: boolean)
              Statistics: Num rows: 1 Data size: 102 Basic stats: COMPLETE Column stats: COMPLETE
              Select Operator
                expressions: state (type: string), locid (type: int), zip (type: bigint), year (type: int)
                outputColumnNames: _col0, _col1, _col2, _col3
                Statistics: Num rows: 1 Data size: 102 Basic stats: COMPLETE Column stats: COMPLETE
                File Output Operator
                  compressed: false
                  Statistics: Num rows: 1 Data size: 102 Basic stats: COMPLETE Column stats: COMPLETE
                  table:
                      input format: org.apache.hadoop.mapred.SequenceFileInputFormat
                      output format: org.apache.hadoop.hive.ql.io.HiveSequenceFileOutputFormat
                      serde: org.apache.hadoop.hive.serde2.lazy.LazySimpleSerDe
      Execution mode: vectorized

  Stage: Stage-0
    Fetch Operator
      limit: -1
      Processor Tree:
        ListSink

PREHOOK: query: explain select * from loc_orc where (year=2001 and year is null) or (state='CA')
PREHOOK: type: QUERY
POSTHOOK: query: explain select * from loc_orc where (year=2001 and year is null) or (state='CA')
POSTHOOK: type: QUERY
STAGE DEPENDENCIES:
  Stage-1 is a root stage
  Stage-0 depends on stages: Stage-1

STAGE PLANS:
  Stage: Stage-1
    Map Reduce
      Map Operator Tree:
          TableScan
            alias: loc_orc
            Statistics: Num rows: 8 Data size: 816 Basic stats: COMPLETE Column stats: COMPLETE
            Filter Operator
              predicate: (((year = 2001) and year is null) or (state = 'CA')) (type: boolean)
              Statistics: Num rows: 2 Data size: 204 Basic stats: COMPLETE Column stats: COMPLETE
              Select Operator
                expressions: state (type: string), locid (type: int), zip (type: bigint), year (type: int)
                outputColumnNames: _col0, _col1, _col2, _col3
                Statistics: Num rows: 2 Data size: 204 Basic stats: COMPLETE Column stats: COMPLETE
                File Output Operator
                  compressed: false
                  Statistics: Num rows: 2 Data size: 204 Basic stats: COMPLETE Column stats: COMPLETE
                  table:
                      input format: org.apache.hadoop.mapred.SequenceFileInputFormat
                      output format: org.apache.hadoop.hive.ql.io.HiveSequenceFileOutputFormat
                      serde: org.apache.hadoop.hive.serde2.lazy.LazySimpleSerDe
      Execution mode: vectorized

  Stage: Stage-0
    Fetch Operator
      limit: -1
      Processor Tree:
        ListSink

PREHOOK: query: explain select * from loc_orc where (year=2001 or year is null) and (state='CA')
PREHOOK: type: QUERY
POSTHOOK: query: explain select * from loc_orc where (year=2001 or year is null) and (state='CA')
POSTHOOK: type: QUERY
STAGE DEPENDENCIES:
  Stage-1 is a root stage
  Stage-0 depends on stages: Stage-1

STAGE PLANS:
  Stage: Stage-1
    Map Reduce
      Map Operator Tree:
          TableScan
            alias: loc_orc
            Statistics: Num rows: 8 Data size: 816 Basic stats: COMPLETE Column stats: COMPLETE
            Filter Operator
              predicate: (((year = 2001) or year is null) and (state = 'CA')) (type: boolean)
              Statistics: Num rows: 1 Data size: 102 Basic stats: COMPLETE Column stats: COMPLETE
              Select Operator
                expressions: 'CA' (type: string), locid (type: int), zip (type: bigint), year (type: int)
                outputColumnNames: _col0, _col1, _col2, _col3
                Statistics: Num rows: 1 Data size: 102 Basic stats: COMPLETE Column stats: COMPLETE
                File Output Operator
                  compressed: false
                  Statistics: Num rows: 1 Data size: 102 Basic stats: COMPLETE Column stats: COMPLETE
                  table:
                      input format: org.apache.hadoop.mapred.SequenceFileInputFormat
                      output format: org.apache.hadoop.hive.ql.io.HiveSequenceFileOutputFormat
                      serde: org.apache.hadoop.hive.serde2.lazy.LazySimpleSerDe
      Execution mode: vectorized

  Stage: Stage-0
    Fetch Operator
      limit: -1
      Processor Tree:
        ListSink

PREHOOK: query: explain select * from loc_orc where locid < 30
PREHOOK: type: QUERY
POSTHOOK: query: explain select * from loc_orc where locid < 30
POSTHOOK: type: QUERY
STAGE DEPENDENCIES:
  Stage-1 is a root stage
  Stage-0 depends on stages: Stage-1

STAGE PLANS:
  Stage: Stage-1
    Map Reduce
      Map Operator Tree:
          TableScan
            alias: loc_orc
            Statistics: Num rows: 8 Data size: 816 Basic stats: COMPLETE Column stats: COMPLETE
            Filter Operator
              predicate: (locid < 30) (type: boolean)
              Statistics: Num rows: 8 Data size: 816 Basic stats: COMPLETE Column stats: COMPLETE
              Select Operator
                expressions: state (type: string), locid (type: int), zip (type: bigint), year (type: int)
                outputColumnNames: _col0, _col1, _col2, _col3
                Statistics: Num rows: 8 Data size: 816 Basic stats: COMPLETE Column stats: COMPLETE
                File Output Operator
                  compressed: false
                  Statistics: Num rows: 8 Data size: 816 Basic stats: COMPLETE Column stats: COMPLETE
                  table:
                      input format: org.apache.hadoop.mapred.SequenceFileInputFormat
                      output format: org.apache.hadoop.hive.ql.io.HiveSequenceFileOutputFormat
                      serde: org.apache.hadoop.hive.serde2.lazy.LazySimpleSerDe
      Execution mode: vectorized

  Stage: Stage-0
    Fetch Operator
      limit: -1
      Processor Tree:
        ListSink

PREHOOK: query: explain select * from loc_orc where locid > 30
PREHOOK: type: QUERY
POSTHOOK: query: explain select * from loc_orc where locid > 30
POSTHOOK: type: QUERY
STAGE DEPENDENCIES:
  Stage-1 is a root stage
  Stage-0 depends on stages: Stage-1

STAGE PLANS:
  Stage: Stage-1
    Map Reduce
      Map Operator Tree:
          TableScan
            alias: loc_orc
            Statistics: Num rows: 8 Data size: 816 Basic stats: COMPLETE Column stats: COMPLETE
            Filter Operator
              predicate: (locid > 30) (type: boolean)
              Statistics: Num rows: 1 Data size: 102 Basic stats: COMPLETE Column stats: COMPLETE
              Select Operator
                expressions: state (type: string), locid (type: int), zip (type: bigint), year (type: int)
                outputColumnNames: _col0, _col1, _col2, _col3
                Statistics: Num rows: 1 Data size: 102 Basic stats: COMPLETE Column stats: COMPLETE
                File Output Operator
                  compressed: false
                  Statistics: Num rows: 1 Data size: 102 Basic stats: COMPLETE Column stats: COMPLETE
                  table:
                      input format: org.apache.hadoop.mapred.SequenceFileInputFormat
                      output format: org.apache.hadoop.hive.ql.io.HiveSequenceFileOutputFormat
                      serde: org.apache.hadoop.hive.serde2.lazy.LazySimpleSerDe
      Execution mode: vectorized

  Stage: Stage-0
    Fetch Operator
      limit: -1
      Processor Tree:
        ListSink

PREHOOK: query: explain select * from loc_orc where locid <= 30
PREHOOK: type: QUERY
POSTHOOK: query: explain select * from loc_orc where locid <= 30
POSTHOOK: type: QUERY
STAGE DEPENDENCIES:
  Stage-1 is a root stage
  Stage-0 depends on stages: Stage-1

STAGE PLANS:
  Stage: Stage-1
    Map Reduce
      Map Operator Tree:
          TableScan
            alias: loc_orc
            Statistics: Num rows: 8 Data size: 816 Basic stats: COMPLETE Column stats: COMPLETE
            Filter Operator
              predicate: (locid <= 30) (type: boolean)
              Statistics: Num rows: 8 Data size: 816 Basic stats: COMPLETE Column stats: COMPLETE
              Select Operator
                expressions: state (type: string), locid (type: int), zip (type: bigint), year (type: int)
                outputColumnNames: _col0, _col1, _col2, _col3
                Statistics: Num rows: 8 Data size: 816 Basic stats: COMPLETE Column stats: COMPLETE
                File Output Operator
                  compressed: false
                  Statistics: Num rows: 8 Data size: 816 Basic stats: COMPLETE Column stats: COMPLETE
                  table:
                      input format: org.apache.hadoop.mapred.SequenceFileInputFormat
                      output format: org.apache.hadoop.hive.ql.io.HiveSequenceFileOutputFormat
                      serde: org.apache.hadoop.hive.serde2.lazy.LazySimpleSerDe
      Execution mode: vectorized

  Stage: Stage-0
    Fetch Operator
      limit: -1
      Processor Tree:
        ListSink

PREHOOK: query: explain select * from loc_orc where locid >= 30
PREHOOK: type: QUERY
POSTHOOK: query: explain select * from loc_orc where locid >= 30
POSTHOOK: type: QUERY
STAGE DEPENDENCIES:
  Stage-1 is a root stage
  Stage-0 depends on stages: Stage-1

STAGE PLANS:
  Stage: Stage-1
    Map Reduce
      Map Operator Tree:
          TableScan
            alias: loc_orc
            Statistics: Num rows: 8 Data size: 816 Basic stats: COMPLETE Column stats: COMPLETE
            Filter Operator
              predicate: (locid >= 30) (type: boolean)
              Statistics: Num rows: 1 Data size: 102 Basic stats: COMPLETE Column stats: COMPLETE
              Select Operator
                expressions: state (type: string), locid (type: int), zip (type: bigint), year (type: int)
                outputColumnNames: _col0, _col1, _col2, _col3
                Statistics: Num rows: 1 Data size: 102 Basic stats: COMPLETE Column stats: COMPLETE
                File Output Operator
                  compressed: false
                  Statistics: Num rows: 1 Data size: 102 Basic stats: COMPLETE Column stats: COMPLETE
                  table:
                      input format: org.apache.hadoop.mapred.SequenceFileInputFormat
                      output format: org.apache.hadoop.hive.ql.io.HiveSequenceFileOutputFormat
                      serde: org.apache.hadoop.hive.serde2.lazy.LazySimpleSerDe
      Execution mode: vectorized

  Stage: Stage-0
    Fetch Operator
      limit: -1
      Processor Tree:
        ListSink

PREHOOK: query: explain select * from loc_orc where locid < 3
PREHOOK: type: QUERY
POSTHOOK: query: explain select * from loc_orc where locid < 3
POSTHOOK: type: QUERY
STAGE DEPENDENCIES:
  Stage-1 is a root stage
  Stage-0 depends on stages: Stage-1

STAGE PLANS:
  Stage: Stage-1
    Map Reduce
      Map Operator Tree:
          TableScan
            alias: loc_orc
            Statistics: Num rows: 8 Data size: 816 Basic stats: COMPLETE Column stats: COMPLETE
            Filter Operator
              predicate: (locid < 3) (type: boolean)
              Statistics: Num rows: 2 Data size: 204 Basic stats: COMPLETE Column stats: COMPLETE
              Select Operator
                expressions: state (type: string), locid (type: int), zip (type: bigint), year (type: int)
                outputColumnNames: _col0, _col1, _col2, _col3
                Statistics: Num rows: 2 Data size: 204 Basic stats: COMPLETE Column stats: COMPLETE
                File Output Operator
                  compressed: false
                  Statistics: Num rows: 2 Data size: 204 Basic stats: COMPLETE Column stats: COMPLETE
                  table:
                      input format: org.apache.hadoop.mapred.SequenceFileInputFormat
                      output format: org.apache.hadoop.hive.ql.io.HiveSequenceFileOutputFormat
                      serde: org.apache.hadoop.hive.serde2.lazy.LazySimpleSerDe
      Execution mode: vectorized

  Stage: Stage-0
    Fetch Operator
      limit: -1
      Processor Tree:
        ListSink

PREHOOK: query: explain select * from loc_orc where locid > 3
PREHOOK: type: QUERY
POSTHOOK: query: explain select * from loc_orc where locid > 3
POSTHOOK: type: QUERY
STAGE DEPENDENCIES:
  Stage-1 is a root stage
  Stage-0 depends on stages: Stage-1

STAGE PLANS:
  Stage: Stage-1
    Map Reduce
      Map Operator Tree:
          TableScan
            alias: loc_orc
            Statistics: Num rows: 8 Data size: 816 Basic stats: COMPLETE Column stats: COMPLETE
            Filter Operator
              predicate: (locid > 3) (type: boolean)
              Statistics: Num rows: 2 Data size: 204 Basic stats: COMPLETE Column stats: COMPLETE
              Select Operator
                expressions: state (type: string), locid (type: int), zip (type: bigint), year (type: int)
                outputColumnNames: _col0, _col1, _col2, _col3
                Statistics: Num rows: 2 Data size: 204 Basic stats: COMPLETE Column stats: COMPLETE
                File Output Operator
                  compressed: false
                  Statistics: Num rows: 2 Data size: 204 Basic stats: COMPLETE Column stats: COMPLETE
                  table:
                      input format: org.apache.hadoop.mapred.SequenceFileInputFormat
                      output format: org.apache.hadoop.hive.ql.io.HiveSequenceFileOutputFormat
                      serde: org.apache.hadoop.hive.serde2.lazy.LazySimpleSerDe
      Execution mode: vectorized

  Stage: Stage-0
    Fetch Operator
      limit: -1
      Processor Tree:
        ListSink

PREHOOK: query: explain select * from loc_orc where locid <= 3
PREHOOK: type: QUERY
POSTHOOK: query: explain select * from loc_orc where locid <= 3
POSTHOOK: type: QUERY
STAGE DEPENDENCIES:
  Stage-1 is a root stage
  Stage-0 depends on stages: Stage-1

STAGE PLANS:
  Stage: Stage-1
    Map Reduce
      Map Operator Tree:
          TableScan
            alias: loc_orc
            Statistics: Num rows: 8 Data size: 816 Basic stats: COMPLETE Column stats: COMPLETE
            Filter Operator
              predicate: (locid <= 3) (type: boolean)
              Statistics: Num rows: 2 Data size: 204 Basic stats: COMPLETE Column stats: COMPLETE
              Select Operator
                expressions: state (type: string), locid (type: int), zip (type: bigint), year (type: int)
                outputColumnNames: _col0, _col1, _col2, _col3
                Statistics: Num rows: 2 Data size: 204 Basic stats: COMPLETE Column stats: COMPLETE
                File Output Operator
                  compressed: false
                  Statistics: Num rows: 2 Data size: 204 Basic stats: COMPLETE Column stats: COMPLETE
                  table:
                      input format: org.apache.hadoop.mapred.SequenceFileInputFormat
                      output format: org.apache.hadoop.hive.ql.io.HiveSequenceFileOutputFormat
                      serde: org.apache.hadoop.hive.serde2.lazy.LazySimpleSerDe
      Execution mode: vectorized

  Stage: Stage-0
    Fetch Operator
      limit: -1
      Processor Tree:
        ListSink

PREHOOK: query: explain select * from loc_orc where locid >= 3
PREHOOK: type: QUERY
POSTHOOK: query: explain select * from loc_orc where locid >= 3
POSTHOOK: type: QUERY
STAGE DEPENDENCIES:
  Stage-1 is a root stage
  Stage-0 depends on stages: Stage-1

STAGE PLANS:
  Stage: Stage-1
    Map Reduce
      Map Operator Tree:
          TableScan
            alias: loc_orc
            Statistics: Num rows: 8 Data size: 816 Basic stats: COMPLETE Column stats: COMPLETE
            Filter Operator
              predicate: (locid >= 3) (type: boolean)
              Statistics: Num rows: 2 Data size: 204 Basic stats: COMPLETE Column stats: COMPLETE
              Select Operator
                expressions: state (type: string), locid (type: int), zip (type: bigint), year (type: int)
                outputColumnNames: _col0, _col1, _col2, _col3
                Statistics: Num rows: 2 Data size: 204 Basic stats: COMPLETE Column stats: COMPLETE
                File Output Operator
                  compressed: false
                  Statistics: Num rows: 2 Data size: 204 Basic stats: COMPLETE Column stats: COMPLETE
                  table:
                      input format: org.apache.hadoop.mapred.SequenceFileInputFormat
                      output format: org.apache.hadoop.hive.ql.io.HiveSequenceFileOutputFormat
                      serde: org.apache.hadoop.hive.serde2.lazy.LazySimpleSerDe
      Execution mode: vectorized

  Stage: Stage-0
    Fetch Operator
      limit: -1
      Processor Tree:
        ListSink

