PREHOOK: query: create table if not exists loc_staging_n2 (
  state string,
  locid int,
  zip bigint,
  year int
) row format delimited fields terminated by '|' stored as textfile
PREHOOK: type: CREATETABLE
PREHOOK: Output: database:default
PREHOOK: Output: default@loc_staging_n2
POSTHOOK: query: create table if not exists loc_staging_n2 (
  state string,
  locid int,
  zip bigint,
  year int
) row format delimited fields terminated by '|' stored as textfile
POSTHOOK: type: CREATETABLE
POSTHOOK: Output: database:default
POSTHOOK: Output: default@loc_staging_n2
PREHOOK: query: create table loc_orc_n2 like loc_staging_n2
PREHOOK: type: CREATETABLE
PREHOOK: Output: database:default
PREHOOK: Output: default@loc_orc_n2
POSTHOOK: query: create table loc_orc_n2 like loc_staging_n2
POSTHOOK: type: CREATETABLE
POSTHOOK: Output: database:default
POSTHOOK: Output: default@loc_orc_n2
PREHOOK: query: alter table loc_orc_n2 set fileformat orc
PREHOOK: type: ALTERTABLE_FILEFORMAT
PREHOOK: Input: default@loc_orc_n2
PREHOOK: Output: default@loc_orc_n2
POSTHOOK: query: alter table loc_orc_n2 set fileformat orc
POSTHOOK: type: ALTERTABLE_FILEFORMAT
POSTHOOK: Input: default@loc_orc_n2
POSTHOOK: Output: default@loc_orc_n2
PREHOOK: query: load data local inpath '../../data/files/loc.txt' overwrite into table loc_staging_n2
PREHOOK: type: LOAD
#### A masked pattern was here ####
PREHOOK: Output: default@loc_staging_n2
POSTHOOK: query: load data local inpath '../../data/files/loc.txt' overwrite into table loc_staging_n2
POSTHOOK: type: LOAD
#### A masked pattern was here ####
POSTHOOK: Output: default@loc_staging_n2
PREHOOK: query: insert overwrite table loc_orc_n2 select * from loc_staging_n2
PREHOOK: type: QUERY
PREHOOK: Input: default@loc_staging_n2
PREHOOK: Output: default@loc_orc_n2
POSTHOOK: query: insert overwrite table loc_orc_n2 select * from loc_staging_n2
POSTHOOK: type: QUERY
POSTHOOK: Input: default@loc_staging_n2
POSTHOOK: Output: default@loc_orc_n2
POSTHOOK: Lineage: loc_orc_n2.locid SIMPLE [(loc_staging_n2)loc_staging_n2.FieldSchema(name:locid, type:int, comment:null), ]
POSTHOOK: Lineage: loc_orc_n2.state SIMPLE [(loc_staging_n2)loc_staging_n2.FieldSchema(name:state, type:string, comment:null), ]
POSTHOOK: Lineage: loc_orc_n2.year SIMPLE [(loc_staging_n2)loc_staging_n2.FieldSchema(name:year, type:int, comment:null), ]
POSTHOOK: Lineage: loc_orc_n2.zip SIMPLE [(loc_staging_n2)loc_staging_n2.FieldSchema(name:zip, type:bigint, comment:null), ]
PREHOOK: query: explain select * from loc_orc_n2
PREHOOK: type: QUERY
PREHOOK: Input: default@loc_orc_n2
#### A masked pattern was here ####
POSTHOOK: query: explain select * from loc_orc_n2
POSTHOOK: type: QUERY
POSTHOOK: Input: default@loc_orc_n2
#### A masked pattern was here ####
STAGE DEPENDENCIES:
  Stage-0 is a root stage

STAGE PLANS:
  Stage: Stage-0
    Fetch Operator
      limit: -1
      Processor Tree:
        TableScan
          alias: loc_orc_n2
          Statistics: Num rows: 8 Data size: 816 Basic stats: COMPLETE Column stats: COMPLETE
          Select Operator
            expressions: state (type: string), locid (type: int), zip (type: bigint), year (type: int)
            outputColumnNames: _col0, _col1, _col2, _col3
            Statistics: Num rows: 8 Data size: 816 Basic stats: COMPLETE Column stats: COMPLETE
            ListSink

PREHOOK: query: analyze table loc_orc_n2 compute statistics for columns state
PREHOOK: type: ANALYZE_TABLE
PREHOOK: Input: default@loc_orc_n2
PREHOOK: Output: default@loc_orc_n2
#### A masked pattern was here ####
POSTHOOK: query: analyze table loc_orc_n2 compute statistics for columns state
POSTHOOK: type: ANALYZE_TABLE
POSTHOOK: Input: default@loc_orc_n2
POSTHOOK: Output: default@loc_orc_n2
#### A masked pattern was here ####
PREHOOK: query: explain select a, c, min(b)
from ( select state as a, locid as b, count(*) as c
       from loc_orc_n2
       group by state,locid
     ) sq1
group by a,c
PREHOOK: type: QUERY
PREHOOK: Input: default@loc_orc_n2
#### A masked pattern was here ####
POSTHOOK: query: explain select a, c, min(b)
from ( select state as a, locid as b, count(*) as c
       from loc_orc_n2
       group by state,locid
     ) sq1
group by a,c
POSTHOOK: type: QUERY
POSTHOOK: Input: default@loc_orc_n2
#### A masked pattern was here ####
STAGE DEPENDENCIES:
  Stage-1 is a root stage
  Stage-2 depends on stages: Stage-1
  Stage-0 depends on stages: Stage-2

STAGE PLANS:
  Stage: Stage-1
    Map Reduce
      Map Operator Tree:
          TableScan
            alias: loc_orc_n2
            Statistics: Num rows: 8 Data size: 720 Basic stats: COMPLETE Column stats: COMPLETE
            Select Operator
              expressions: state (type: string), locid (type: int)
              outputColumnNames: state, locid
              Statistics: Num rows: 8 Data size: 720 Basic stats: COMPLETE Column stats: COMPLETE
              Group By Operator
                aggregations: count()
                keys: state (type: string), locid (type: int)
                mode: hash
                outputColumnNames: _col0, _col1, _col2
                Statistics: Num rows: 8 Data size: 784 Basic stats: COMPLETE Column stats: COMPLETE
                Reduce Output Operator
                  key expressions: _col0 (type: string), _col1 (type: int)
                  sort order: ++
                  Map-reduce partition columns: _col0 (type: string), _col1 (type: int)
                  Statistics: Num rows: 8 Data size: 784 Basic stats: COMPLETE Column stats: COMPLETE
                  value expressions: _col2 (type: bigint)
      Execution mode: vectorized
      Reduce Operator Tree:
        Group By Operator
          aggregations: count(VALUE._col0)
          keys: KEY._col0 (type: string), KEY._col1 (type: int)
          mode: mergepartial
          outputColumnNames: _col0, _col1, _col2
          Statistics: Num rows: 8 Data size: 784 Basic stats: COMPLETE Column stats: COMPLETE
          Group By Operator
            aggregations: min(_col1)
            keys: _col0 (type: string), _col2 (type: bigint)
            mode: hash
            outputColumnNames: _col0, _col1, _col2
            Statistics: Num rows: 8 Data size: 784 Basic stats: COMPLETE Column stats: COMPLETE
            File Output Operator
              compressed: false
              table:
                  input format: org.apache.hadoop.mapred.SequenceFileInputFormat
                  output format: org.apache.hadoop.hive.ql.io.HiveSequenceFileOutputFormat
                  serde: org.apache.hadoop.hive.serde2.lazybinary.LazyBinarySerDe

  Stage: Stage-2
    Map Reduce
      Map Operator Tree:
          TableScan
            Reduce Output Operator
              key expressions: _col0 (type: string), _col1 (type: bigint)
              sort order: ++
              Map-reduce partition columns: _col0 (type: string), _col1 (type: bigint)
              Statistics: Num rows: 8 Data size: 784 Basic stats: COMPLETE Column stats: COMPLETE
              value expressions: _col2 (type: int)
      Execution mode: vectorized
      Reduce Operator Tree:
        Group By Operator
          aggregations: min(VALUE._col0)
          keys: KEY._col0 (type: string), KEY._col1 (type: bigint)
          mode: mergepartial
          outputColumnNames: _col0, _col1, _col2
          Statistics: Num rows: 8 Data size: 784 Basic stats: COMPLETE Column stats: COMPLETE
          File Output Operator
            compressed: false
            Statistics: Num rows: 8 Data size: 784 Basic stats: COMPLETE Column stats: COMPLETE
            table:
                input format: org.apache.hadoop.mapred.SequenceFileInputFormat
                output format: org.apache.hadoop.hive.ql.io.HiveSequenceFileOutputFormat
                serde: org.apache.hadoop.hive.serde2.lazy.LazySimpleSerDe

  Stage: Stage-0
    Fetch Operator
      limit: -1
      Processor Tree:
        ListSink

PREHOOK: query: analyze table loc_orc_n2 compute statistics for columns state,locid,year
PREHOOK: type: ANALYZE_TABLE
PREHOOK: Input: default@loc_orc_n2
PREHOOK: Output: default@loc_orc_n2
#### A masked pattern was here ####
POSTHOOK: query: analyze table loc_orc_n2 compute statistics for columns state,locid,year
POSTHOOK: type: ANALYZE_TABLE
POSTHOOK: Input: default@loc_orc_n2
POSTHOOK: Output: default@loc_orc_n2
#### A masked pattern was here ####
PREHOOK: query: explain select year from loc_orc_n2 group by year
PREHOOK: type: QUERY
PREHOOK: Input: default@loc_orc_n2
#### A masked pattern was here ####
POSTHOOK: query: explain select year from loc_orc_n2 group by year
POSTHOOK: type: QUERY
POSTHOOK: Input: default@loc_orc_n2
#### A masked pattern was here ####
STAGE DEPENDENCIES:
  Stage-1 is a root stage
  Stage-0 depends on stages: Stage-1

STAGE PLANS:
  Stage: Stage-1
    Map Reduce
      Map Operator Tree:
          TableScan
            alias: loc_orc_n2
            Statistics: Num rows: 8 Data size: 32 Basic stats: COMPLETE Column stats: COMPLETE
            Select Operator
              expressions: year (type: int)
              outputColumnNames: year
              Statistics: Num rows: 8 Data size: 32 Basic stats: COMPLETE Column stats: COMPLETE
              Group By Operator
                keys: year (type: int)
                mode: hash
                outputColumnNames: _col0
                Statistics: Num rows: 8 Data size: 32 Basic stats: COMPLETE Column stats: COMPLETE
                Reduce Output Operator
                  key expressions: _col0 (type: int)
                  sort order: +
                  Map-reduce partition columns: _col0 (type: int)
                  Statistics: Num rows: 8 Data size: 32 Basic stats: COMPLETE Column stats: COMPLETE
      Execution mode: vectorized
      Reduce Operator Tree:
        Group By Operator
          keys: KEY._col0 (type: int)
          mode: mergepartial
          outputColumnNames: _col0
          Statistics: Num rows: 2 Data size: 8 Basic stats: COMPLETE Column stats: COMPLETE
          File Output Operator
            compressed: false
            Statistics: Num rows: 2 Data size: 8 Basic stats: COMPLETE Column stats: COMPLETE
            table:
                input format: org.apache.hadoop.mapred.SequenceFileInputFormat
                output format: org.apache.hadoop.hive.ql.io.HiveSequenceFileOutputFormat
                serde: org.apache.hadoop.hive.serde2.lazy.LazySimpleSerDe

  Stage: Stage-0
    Fetch Operator
      limit: -1
      Processor Tree:
        ListSink

PREHOOK: query: explain select state,locid from loc_orc_n2 group by state,locid
PREHOOK: type: QUERY
PREHOOK: Input: default@loc_orc_n2
#### A masked pattern was here ####
POSTHOOK: query: explain select state,locid from loc_orc_n2 group by state,locid
POSTHOOK: type: QUERY
POSTHOOK: Input: default@loc_orc_n2
#### A masked pattern was here ####
STAGE DEPENDENCIES:
  Stage-1 is a root stage
  Stage-0 depends on stages: Stage-1

STAGE PLANS:
  Stage: Stage-1
    Map Reduce
      Map Operator Tree:
          TableScan
            alias: loc_orc_n2
            Statistics: Num rows: 8 Data size: 720 Basic stats: COMPLETE Column stats: COMPLETE
            Select Operator
              expressions: state (type: string), locid (type: int)
              outputColumnNames: state, locid
              Statistics: Num rows: 8 Data size: 720 Basic stats: COMPLETE Column stats: COMPLETE
              Group By Operator
                keys: state (type: string), locid (type: int)
                mode: hash
                outputColumnNames: _col0, _col1
                Statistics: Num rows: 8 Data size: 720 Basic stats: COMPLETE Column stats: COMPLETE
                Reduce Output Operator
                  key expressions: _col0 (type: string), _col1 (type: int)
                  sort order: ++
                  Map-reduce partition columns: _col0 (type: string), _col1 (type: int)
                  Statistics: Num rows: 8 Data size: 720 Basic stats: COMPLETE Column stats: COMPLETE
      Execution mode: vectorized
      Reduce Operator Tree:
        Group By Operator
          keys: KEY._col0 (type: string), KEY._col1 (type: int)
          mode: mergepartial
          outputColumnNames: _col0, _col1
          Statistics: Num rows: 8 Data size: 720 Basic stats: COMPLETE Column stats: COMPLETE
          File Output Operator
            compressed: false
            Statistics: Num rows: 8 Data size: 720 Basic stats: COMPLETE Column stats: COMPLETE
            table:
                input format: org.apache.hadoop.mapred.SequenceFileInputFormat
                output format: org.apache.hadoop.hive.ql.io.HiveSequenceFileOutputFormat
                serde: org.apache.hadoop.hive.serde2.lazy.LazySimpleSerDe

  Stage: Stage-0
    Fetch Operator
      limit: -1
      Processor Tree:
        ListSink

PREHOOK: query: explain select state,locid from loc_orc_n2 group by state,locid with cube
PREHOOK: type: QUERY
PREHOOK: Input: default@loc_orc_n2
#### A masked pattern was here ####
POSTHOOK: query: explain select state,locid from loc_orc_n2 group by state,locid with cube
POSTHOOK: type: QUERY
POSTHOOK: Input: default@loc_orc_n2
#### A masked pattern was here ####
STAGE DEPENDENCIES:
  Stage-1 is a root stage
  Stage-0 depends on stages: Stage-1

STAGE PLANS:
  Stage: Stage-1
    Map Reduce
      Map Operator Tree:
          TableScan
            alias: loc_orc_n2
            Statistics: Num rows: 8 Data size: 720 Basic stats: COMPLETE Column stats: COMPLETE
            Select Operator
              expressions: state (type: string), locid (type: int)
              outputColumnNames: state, locid
              Statistics: Num rows: 8 Data size: 720 Basic stats: COMPLETE Column stats: COMPLETE
              Group By Operator
                keys: state (type: string), locid (type: int), 0L (type: bigint)
                mode: hash
                outputColumnNames: _col0, _col1, _col2
                Statistics: Num rows: 32 Data size: 3136 Basic stats: COMPLETE Column stats: COMPLETE
                Reduce Output Operator
                  key expressions: _col0 (type: string), _col1 (type: int), _col2 (type: bigint)
                  sort order: +++
                  Map-reduce partition columns: _col0 (type: string), _col1 (type: int), _col2 (type: bigint)
                  Statistics: Num rows: 32 Data size: 3136 Basic stats: COMPLETE Column stats: COMPLETE
      Execution mode: vectorized
      Reduce Operator Tree:
        Group By Operator
          keys: KEY._col0 (type: string), KEY._col1 (type: int), KEY._col2 (type: bigint)
          mode: mergepartial
          outputColumnNames: _col0, _col1
          Statistics: Num rows: 32 Data size: 3136 Basic stats: COMPLETE Column stats: COMPLETE
          pruneGroupingSetId: true
          File Output Operator
            compressed: false
            Statistics: Num rows: 32 Data size: 3136 Basic stats: COMPLETE Column stats: COMPLETE
            table:
                input format: org.apache.hadoop.mapred.SequenceFileInputFormat
                output format: org.apache.hadoop.hive.ql.io.HiveSequenceFileOutputFormat
                serde: org.apache.hadoop.hive.serde2.lazy.LazySimpleSerDe

  Stage: Stage-0
    Fetch Operator
      limit: -1
      Processor Tree:
        ListSink

PREHOOK: query: explain select state,locid from loc_orc_n2 group by state,locid with rollup
PREHOOK: type: QUERY
PREHOOK: Input: default@loc_orc_n2
#### A masked pattern was here ####
POSTHOOK: query: explain select state,locid from loc_orc_n2 group by state,locid with rollup
POSTHOOK: type: QUERY
POSTHOOK: Input: default@loc_orc_n2
#### A masked pattern was here ####
STAGE DEPENDENCIES:
  Stage-1 is a root stage
  Stage-0 depends on stages: Stage-1

STAGE PLANS:
  Stage: Stage-1
    Map Reduce
      Map Operator Tree:
          TableScan
            alias: loc_orc_n2
            Statistics: Num rows: 8 Data size: 720 Basic stats: COMPLETE Column stats: COMPLETE
            Select Operator
              expressions: state (type: string), locid (type: int)
              outputColumnNames: state, locid
              Statistics: Num rows: 8 Data size: 720 Basic stats: COMPLETE Column stats: COMPLETE
              Group By Operator
                keys: state (type: string), locid (type: int), 0L (type: bigint)
                mode: hash
                outputColumnNames: _col0, _col1, _col2
                Statistics: Num rows: 24 Data size: 2352 Basic stats: COMPLETE Column stats: COMPLETE
                Reduce Output Operator
                  key expressions: _col0 (type: string), _col1 (type: int), _col2 (type: bigint)
                  sort order: +++
                  Map-reduce partition columns: _col0 (type: string), _col1 (type: int), _col2 (type: bigint)
                  Statistics: Num rows: 24 Data size: 2352 Basic stats: COMPLETE Column stats: COMPLETE
      Execution mode: vectorized
      Reduce Operator Tree:
        Group By Operator
          keys: KEY._col0 (type: string), KEY._col1 (type: int), KEY._col2 (type: bigint)
          mode: mergepartial
          outputColumnNames: _col0, _col1
          Statistics: Num rows: 24 Data size: 2352 Basic stats: COMPLETE Column stats: COMPLETE
          pruneGroupingSetId: true
          File Output Operator
            compressed: false
            Statistics: Num rows: 24 Data size: 2352 Basic stats: COMPLETE Column stats: COMPLETE
            table:
                input format: org.apache.hadoop.mapred.SequenceFileInputFormat
                output format: org.apache.hadoop.hive.ql.io.HiveSequenceFileOutputFormat
                serde: org.apache.hadoop.hive.serde2.lazy.LazySimpleSerDe

  Stage: Stage-0
    Fetch Operator
      limit: -1
      Processor Tree:
        ListSink

PREHOOK: query: explain select state,locid from loc_orc_n2 group by rollup( state,locid )
PREHOOK: type: QUERY
PREHOOK: Input: default@loc_orc_n2
#### A masked pattern was here ####
POSTHOOK: query: explain select state,locid from loc_orc_n2 group by rollup( state,locid )
POSTHOOK: type: QUERY
POSTHOOK: Input: default@loc_orc_n2
#### A masked pattern was here ####
STAGE DEPENDENCIES:
  Stage-1 is a root stage
  Stage-0 depends on stages: Stage-1

STAGE PLANS:
  Stage: Stage-1
    Map Reduce
      Map Operator Tree:
          TableScan
            alias: loc_orc_n2
            Statistics: Num rows: 8 Data size: 720 Basic stats: COMPLETE Column stats: COMPLETE
            Select Operator
              expressions: state (type: string), locid (type: int)
              outputColumnNames: state, locid
              Statistics: Num rows: 8 Data size: 720 Basic stats: COMPLETE Column stats: COMPLETE
              Group By Operator
                keys: state (type: string), locid (type: int), 0L (type: bigint)
                mode: hash
                outputColumnNames: _col0, _col1, _col2
                Statistics: Num rows: 24 Data size: 2352 Basic stats: COMPLETE Column stats: COMPLETE
                Reduce Output Operator
                  key expressions: _col0 (type: string), _col1 (type: int), _col2 (type: bigint)
                  sort order: +++
                  Map-reduce partition columns: _col0 (type: string), _col1 (type: int), _col2 (type: bigint)
                  Statistics: Num rows: 24 Data size: 2352 Basic stats: COMPLETE Column stats: COMPLETE
      Execution mode: vectorized
      Reduce Operator Tree:
        Group By Operator
          keys: KEY._col0 (type: string), KEY._col1 (type: int), KEY._col2 (type: bigint)
          mode: mergepartial
          outputColumnNames: _col0, _col1
          Statistics: Num rows: 24 Data size: 2352 Basic stats: COMPLETE Column stats: COMPLETE
          pruneGroupingSetId: true
          File Output Operator
            compressed: false
            Statistics: Num rows: 24 Data size: 2352 Basic stats: COMPLETE Column stats: COMPLETE
            table:
                input format: org.apache.hadoop.mapred.SequenceFileInputFormat
                output format: org.apache.hadoop.hive.ql.io.HiveSequenceFileOutputFormat
                serde: org.apache.hadoop.hive.serde2.lazy.LazySimpleSerDe

  Stage: Stage-0
    Fetch Operator
      limit: -1
      Processor Tree:
        ListSink

PREHOOK: query: explain select state,locid from loc_orc_n2 group by state,locid grouping sets((state))
PREHOOK: type: QUERY
PREHOOK: Input: default@loc_orc_n2
#### A masked pattern was here ####
POSTHOOK: query: explain select state,locid from loc_orc_n2 group by state,locid grouping sets((state))
POSTHOOK: type: QUERY
POSTHOOK: Input: default@loc_orc_n2
#### A masked pattern was here ####
STAGE DEPENDENCIES:
  Stage-1 is a root stage
  Stage-0 depends on stages: Stage-1

STAGE PLANS:
  Stage: Stage-1
    Map Reduce
      Map Operator Tree:
          TableScan
            alias: loc_orc_n2
            Statistics: Num rows: 8 Data size: 720 Basic stats: COMPLETE Column stats: COMPLETE
            Select Operator
              expressions: state (type: string), locid (type: int)
              outputColumnNames: state, locid
              Statistics: Num rows: 8 Data size: 720 Basic stats: COMPLETE Column stats: COMPLETE
              Group By Operator
                keys: state (type: string), locid (type: int), 0L (type: bigint)
                mode: hash
                outputColumnNames: _col0, _col1, _col2
                Statistics: Num rows: 8 Data size: 784 Basic stats: COMPLETE Column stats: COMPLETE
                Reduce Output Operator
                  key expressions: _col0 (type: string), _col1 (type: int), _col2 (type: bigint)
                  sort order: +++
                  Map-reduce partition columns: _col0 (type: string), _col1 (type: int), _col2 (type: bigint)
                  Statistics: Num rows: 8 Data size: 784 Basic stats: COMPLETE Column stats: COMPLETE
      Execution mode: vectorized
      Reduce Operator Tree:
        Group By Operator
          keys: KEY._col0 (type: string), KEY._col1 (type: int), KEY._col2 (type: bigint)
          mode: mergepartial
          outputColumnNames: _col0, _col1
          Statistics: Num rows: 8 Data size: 784 Basic stats: COMPLETE Column stats: COMPLETE
          pruneGroupingSetId: true
          File Output Operator
            compressed: false
            Statistics: Num rows: 8 Data size: 784 Basic stats: COMPLETE Column stats: COMPLETE
            table:
                input format: org.apache.hadoop.mapred.SequenceFileInputFormat
                output format: org.apache.hadoop.hive.ql.io.HiveSequenceFileOutputFormat
                serde: org.apache.hadoop.hive.serde2.lazy.LazySimpleSerDe

  Stage: Stage-0
    Fetch Operator
      limit: -1
      Processor Tree:
        ListSink

PREHOOK: query: explain select state,locid from loc_orc_n2 group by state,locid grouping sets((state),(locid))
PREHOOK: type: QUERY
PREHOOK: Input: default@loc_orc_n2
#### A masked pattern was here ####
POSTHOOK: query: explain select state,locid from loc_orc_n2 group by state,locid grouping sets((state),(locid))
POSTHOOK: type: QUERY
POSTHOOK: Input: default@loc_orc_n2
#### A masked pattern was here ####
STAGE DEPENDENCIES:
  Stage-1 is a root stage
  Stage-0 depends on stages: Stage-1

STAGE PLANS:
  Stage: Stage-1
    Map Reduce
      Map Operator Tree:
          TableScan
            alias: loc_orc_n2
            Statistics: Num rows: 8 Data size: 720 Basic stats: COMPLETE Column stats: COMPLETE
            Select Operator
              expressions: state (type: string), locid (type: int)
              outputColumnNames: state, locid
              Statistics: Num rows: 8 Data size: 720 Basic stats: COMPLETE Column stats: COMPLETE
              Group By Operator
                keys: state (type: string), locid (type: int), 0L (type: bigint)
                mode: hash
                outputColumnNames: _col0, _col1, _col2
                Statistics: Num rows: 16 Data size: 1568 Basic stats: COMPLETE Column stats: COMPLETE
                Reduce Output Operator
                  key expressions: _col0 (type: string), _col1 (type: int), _col2 (type: bigint)
                  sort order: +++
                  Map-reduce partition columns: _col0 (type: string), _col1 (type: int), _col2 (type: bigint)
                  Statistics: Num rows: 16 Data size: 1568 Basic stats: COMPLETE Column stats: COMPLETE
      Execution mode: vectorized
      Reduce Operator Tree:
        Group By Operator
          keys: KEY._col0 (type: string), KEY._col1 (type: int), KEY._col2 (type: bigint)
          mode: mergepartial
          outputColumnNames: _col0, _col1
          Statistics: Num rows: 16 Data size: 1568 Basic stats: COMPLETE Column stats: COMPLETE
          pruneGroupingSetId: true
          File Output Operator
            compressed: false
            Statistics: Num rows: 16 Data size: 1568 Basic stats: COMPLETE Column stats: COMPLETE
            table:
                input format: org.apache.hadoop.mapred.SequenceFileInputFormat
                output format: org.apache.hadoop.hive.ql.io.HiveSequenceFileOutputFormat
                serde: org.apache.hadoop.hive.serde2.lazy.LazySimpleSerDe

  Stage: Stage-0
    Fetch Operator
      limit: -1
      Processor Tree:
        ListSink

PREHOOK: query: explain select state,locid from loc_orc_n2 group by state,locid grouping sets((state),(locid),())
PREHOOK: type: QUERY
PREHOOK: Input: default@loc_orc_n2
#### A masked pattern was here ####
POSTHOOK: query: explain select state,locid from loc_orc_n2 group by state,locid grouping sets((state),(locid),())
POSTHOOK: type: QUERY
POSTHOOK: Input: default@loc_orc_n2
#### A masked pattern was here ####
STAGE DEPENDENCIES:
  Stage-1 is a root stage
  Stage-0 depends on stages: Stage-1

STAGE PLANS:
  Stage: Stage-1
    Map Reduce
      Map Operator Tree:
          TableScan
            alias: loc_orc_n2
            Statistics: Num rows: 8 Data size: 720 Basic stats: COMPLETE Column stats: COMPLETE
            Select Operator
              expressions: state (type: string), locid (type: int)
              outputColumnNames: state, locid
              Statistics: Num rows: 8 Data size: 720 Basic stats: COMPLETE Column stats: COMPLETE
              Group By Operator
                keys: state (type: string), locid (type: int), 0L (type: bigint)
                mode: hash
                outputColumnNames: _col0, _col1, _col2
                Statistics: Num rows: 24 Data size: 2352 Basic stats: COMPLETE Column stats: COMPLETE
                Reduce Output Operator
                  key expressions: _col0 (type: string), _col1 (type: int), _col2 (type: bigint)
                  sort order: +++
                  Map-reduce partition columns: _col0 (type: string), _col1 (type: int), _col2 (type: bigint)
                  Statistics: Num rows: 24 Data size: 2352 Basic stats: COMPLETE Column stats: COMPLETE
      Execution mode: vectorized
      Reduce Operator Tree:
        Group By Operator
          keys: KEY._col0 (type: string), KEY._col1 (type: int), KEY._col2 (type: bigint)
          mode: mergepartial
          outputColumnNames: _col0, _col1
          Statistics: Num rows: 24 Data size: 2352 Basic stats: COMPLETE Column stats: COMPLETE
          pruneGroupingSetId: true
          File Output Operator
            compressed: false
            Statistics: Num rows: 24 Data size: 2352 Basic stats: COMPLETE Column stats: COMPLETE
            table:
                input format: org.apache.hadoop.mapred.SequenceFileInputFormat
                output format: org.apache.hadoop.hive.ql.io.HiveSequenceFileOutputFormat
                serde: org.apache.hadoop.hive.serde2.lazy.LazySimpleSerDe

  Stage: Stage-0
    Fetch Operator
      limit: -1
      Processor Tree:
        ListSink

PREHOOK: query: explain select state,locid from loc_orc_n2 group by state,locid grouping sets((state,locid),(state),(locid),())
PREHOOK: type: QUERY
PREHOOK: Input: default@loc_orc_n2
#### A masked pattern was here ####
POSTHOOK: query: explain select state,locid from loc_orc_n2 group by state,locid grouping sets((state,locid),(state),(locid),())
POSTHOOK: type: QUERY
POSTHOOK: Input: default@loc_orc_n2
#### A masked pattern was here ####
STAGE DEPENDENCIES:
  Stage-1 is a root stage
  Stage-0 depends on stages: Stage-1

STAGE PLANS:
  Stage: Stage-1
    Map Reduce
      Map Operator Tree:
          TableScan
            alias: loc_orc_n2
            Statistics: Num rows: 8 Data size: 720 Basic stats: COMPLETE Column stats: COMPLETE
            Select Operator
              expressions: state (type: string), locid (type: int)
              outputColumnNames: state, locid
              Statistics: Num rows: 8 Data size: 720 Basic stats: COMPLETE Column stats: COMPLETE
              Group By Operator
                keys: state (type: string), locid (type: int), 0L (type: bigint)
                mode: hash
                outputColumnNames: _col0, _col1, _col2
                Statistics: Num rows: 32 Data size: 3136 Basic stats: COMPLETE Column stats: COMPLETE
                Reduce Output Operator
                  key expressions: _col0 (type: string), _col1 (type: int), _col2 (type: bigint)
                  sort order: +++
                  Map-reduce partition columns: _col0 (type: string), _col1 (type: int), _col2 (type: bigint)
                  Statistics: Num rows: 32 Data size: 3136 Basic stats: COMPLETE Column stats: COMPLETE
      Execution mode: vectorized
      Reduce Operator Tree:
        Group By Operator
          keys: KEY._col0 (type: string), KEY._col1 (type: int), KEY._col2 (type: bigint)
          mode: mergepartial
          outputColumnNames: _col0, _col1
          Statistics: Num rows: 32 Data size: 3136 Basic stats: COMPLETE Column stats: COMPLETE
          pruneGroupingSetId: true
          File Output Operator
            compressed: false
            Statistics: Num rows: 32 Data size: 3136 Basic stats: COMPLETE Column stats: COMPLETE
            table:
                input format: org.apache.hadoop.mapred.SequenceFileInputFormat
                output format: org.apache.hadoop.hive.ql.io.HiveSequenceFileOutputFormat
                serde: org.apache.hadoop.hive.serde2.lazy.LazySimpleSerDe

  Stage: Stage-0
    Fetch Operator
      limit: -1
      Processor Tree:
        ListSink

PREHOOK: query: explain select year from loc_orc_n2 group by year
PREHOOK: type: QUERY
PREHOOK: Input: default@loc_orc_n2
#### A masked pattern was here ####
POSTHOOK: query: explain select year from loc_orc_n2 group by year
POSTHOOK: type: QUERY
POSTHOOK: Input: default@loc_orc_n2
#### A masked pattern was here ####
STAGE DEPENDENCIES:
  Stage-1 is a root stage
  Stage-0 depends on stages: Stage-1

STAGE PLANS:
  Stage: Stage-1
    Map Reduce
      Map Operator Tree:
          TableScan
            alias: loc_orc_n2
            Statistics: Num rows: 8 Data size: 32 Basic stats: COMPLETE Column stats: COMPLETE
            Select Operator
              expressions: year (type: int)
              outputColumnNames: year
              Statistics: Num rows: 8 Data size: 32 Basic stats: COMPLETE Column stats: COMPLETE
              Group By Operator
                keys: year (type: int)
                mode: hash
                outputColumnNames: _col0
                Statistics: Num rows: 2 Data size: 8 Basic stats: COMPLETE Column stats: COMPLETE
                Reduce Output Operator
                  key expressions: _col0 (type: int)
                  sort order: +
                  Map-reduce partition columns: _col0 (type: int)
                  Statistics: Num rows: 2 Data size: 8 Basic stats: COMPLETE Column stats: COMPLETE
      Execution mode: vectorized
      Reduce Operator Tree:
        Group By Operator
          keys: KEY._col0 (type: int)
          mode: mergepartial
          outputColumnNames: _col0
          Statistics: Num rows: 1 Data size: 4 Basic stats: COMPLETE Column stats: COMPLETE
          File Output Operator
            compressed: false
            Statistics: Num rows: 1 Data size: 4 Basic stats: COMPLETE Column stats: COMPLETE
            table:
                input format: org.apache.hadoop.mapred.SequenceFileInputFormat
                output format: org.apache.hadoop.hive.ql.io.HiveSequenceFileOutputFormat
                serde: org.apache.hadoop.hive.serde2.lazy.LazySimpleSerDe

  Stage: Stage-0
    Fetch Operator
      limit: -1
      Processor Tree:
        ListSink

PREHOOK: query: explain select state,locid from loc_orc_n2 group by state,locid with cube
PREHOOK: type: QUERY
PREHOOK: Input: default@loc_orc_n2
#### A masked pattern was here ####
POSTHOOK: query: explain select state,locid from loc_orc_n2 group by state,locid with cube
POSTHOOK: type: QUERY
POSTHOOK: Input: default@loc_orc_n2
#### A masked pattern was here ####
STAGE DEPENDENCIES:
  Stage-1 is a root stage
  Stage-0 depends on stages: Stage-1

STAGE PLANS:
  Stage: Stage-1
    Map Reduce
      Map Operator Tree:
          TableScan
            alias: loc_orc_n2
            Statistics: Num rows: 8 Data size: 720 Basic stats: COMPLETE Column stats: COMPLETE
            Select Operator
              expressions: state (type: string), locid (type: int)
              outputColumnNames: state, locid
              Statistics: Num rows: 8 Data size: 720 Basic stats: COMPLETE Column stats: COMPLETE
              Group By Operator
                keys: state (type: string), locid (type: int), 0L (type: bigint)
                mode: hash
                outputColumnNames: _col0, _col1, _col2
                Statistics: Num rows: 16 Data size: 1568 Basic stats: COMPLETE Column stats: COMPLETE
                Reduce Output Operator
                  key expressions: _col0 (type: string), _col1 (type: int), _col2 (type: bigint)
                  sort order: +++
                  Map-reduce partition columns: _col0 (type: string), _col1 (type: int), _col2 (type: bigint)
                  Statistics: Num rows: 16 Data size: 1568 Basic stats: COMPLETE Column stats: COMPLETE
      Execution mode: vectorized
      Reduce Operator Tree:
        Group By Operator
          keys: KEY._col0 (type: string), KEY._col1 (type: int), KEY._col2 (type: bigint)
          mode: mergepartial
          outputColumnNames: _col0, _col1
          Statistics: Num rows: 16 Data size: 1568 Basic stats: COMPLETE Column stats: COMPLETE
          pruneGroupingSetId: true
          File Output Operator
            compressed: false
            Statistics: Num rows: 16 Data size: 1568 Basic stats: COMPLETE Column stats: COMPLETE
            table:
                input format: org.apache.hadoop.mapred.SequenceFileInputFormat
                output format: org.apache.hadoop.hive.ql.io.HiveSequenceFileOutputFormat
                serde: org.apache.hadoop.hive.serde2.lazy.LazySimpleSerDe

  Stage: Stage-0
    Fetch Operator
      limit: -1
      Processor Tree:
        ListSink

PREHOOK: query: explain select state,zip from loc_orc_n2 group by state,zip
PREHOOK: type: QUERY
PREHOOK: Input: default@loc_orc_n2
#### A masked pattern was here ####
POSTHOOK: query: explain select state,zip from loc_orc_n2 group by state,zip
POSTHOOK: type: QUERY
POSTHOOK: Input: default@loc_orc_n2
#### A masked pattern was here ####
STAGE DEPENDENCIES:
  Stage-1 is a root stage
  Stage-0 depends on stages: Stage-1

STAGE PLANS:
  Stage: Stage-1
    Map Reduce
      Map Operator Tree:
          TableScan
            alias: loc_orc_n2
            Statistics: Num rows: 8 Data size: 752 Basic stats: COMPLETE Column stats: COMPLETE
            Select Operator
              expressions: state (type: string), zip (type: bigint)
              outputColumnNames: state, zip
              Statistics: Num rows: 8 Data size: 752 Basic stats: COMPLETE Column stats: COMPLETE
              Group By Operator
                keys: state (type: string), zip (type: bigint)
                mode: hash
                outputColumnNames: _col0, _col1
                Statistics: Num rows: 4 Data size: 376 Basic stats: COMPLETE Column stats: COMPLETE
                Reduce Output Operator
                  key expressions: _col0 (type: string), _col1 (type: bigint)
                  sort order: ++
                  Map-reduce partition columns: _col0 (type: string), _col1 (type: bigint)
                  Statistics: Num rows: 4 Data size: 376 Basic stats: COMPLETE Column stats: COMPLETE
      Execution mode: vectorized
      Reduce Operator Tree:
        Group By Operator
          keys: KEY._col0 (type: string), KEY._col1 (type: bigint)
          mode: mergepartial
          outputColumnNames: _col0, _col1
          Statistics: Num rows: 4 Data size: 376 Basic stats: COMPLETE Column stats: COMPLETE
          File Output Operator
            compressed: false
            Statistics: Num rows: 4 Data size: 376 Basic stats: COMPLETE Column stats: COMPLETE
            table:
                input format: org.apache.hadoop.mapred.SequenceFileInputFormat
                output format: org.apache.hadoop.hive.ql.io.HiveSequenceFileOutputFormat
                serde: org.apache.hadoop.hive.serde2.lazy.LazySimpleSerDe

  Stage: Stage-0
    Fetch Operator
      limit: -1
      Processor Tree:
        ListSink

PREHOOK: query: explain select state,locid from loc_orc_n2 group by state,locid with cube
PREHOOK: type: QUERY
PREHOOK: Input: default@loc_orc_n2
#### A masked pattern was here ####
POSTHOOK: query: explain select state,locid from loc_orc_n2 group by state,locid with cube
POSTHOOK: type: QUERY
POSTHOOK: Input: default@loc_orc_n2
#### A masked pattern was here ####
STAGE DEPENDENCIES:
  Stage-1 is a root stage
  Stage-0 depends on stages: Stage-1

STAGE PLANS:
  Stage: Stage-1
    Map Reduce
      Map Operator Tree:
          TableScan
            alias: loc_orc_n2
            Statistics: Num rows: 8 Data size: 796 Basic stats: COMPLETE Column stats: NONE
            Select Operator
              expressions: state (type: string), locid (type: int)
              outputColumnNames: state, locid
              Statistics: Num rows: 8 Data size: 796 Basic stats: COMPLETE Column stats: NONE
              Group By Operator
                keys: state (type: string), locid (type: int), 0L (type: bigint)
                mode: hash
                outputColumnNames: _col0, _col1, _col2
                Statistics: Num rows: 32 Data size: 3184 Basic stats: COMPLETE Column stats: NONE
                Reduce Output Operator
                  key expressions: _col0 (type: string), _col1 (type: int), _col2 (type: bigint)
                  sort order: +++
                  Map-reduce partition columns: _col0 (type: string), _col1 (type: int), _col2 (type: bigint)
                  Statistics: Num rows: 32 Data size: 3184 Basic stats: COMPLETE Column stats: NONE
      Execution mode: vectorized
      Reduce Operator Tree:
        Group By Operator
          keys: KEY._col0 (type: string), KEY._col1 (type: int), KEY._col2 (type: bigint)
          mode: mergepartial
          outputColumnNames: _col0, _col1
          Statistics: Num rows: 16 Data size: 1592 Basic stats: COMPLETE Column stats: NONE
          pruneGroupingSetId: true
          File Output Operator
            compressed: false
            Statistics: Num rows: 16 Data size: 1592 Basic stats: COMPLETE Column stats: NONE
            table:
                input format: org.apache.hadoop.mapred.SequenceFileInputFormat
                output format: org.apache.hadoop.hive.ql.io.HiveSequenceFileOutputFormat
                serde: org.apache.hadoop.hive.serde2.lazy.LazySimpleSerDe

  Stage: Stage-0
    Fetch Operator
      limit: -1
      Processor Tree:
        ListSink

PREHOOK: query: explain select state,locid from loc_orc_n2 group by state,locid with rollup
PREHOOK: type: QUERY
PREHOOK: Input: default@loc_orc_n2
#### A masked pattern was here ####
POSTHOOK: query: explain select state,locid from loc_orc_n2 group by state,locid with rollup
POSTHOOK: type: QUERY
POSTHOOK: Input: default@loc_orc_n2
#### A masked pattern was here ####
STAGE DEPENDENCIES:
  Stage-1 is a root stage
  Stage-0 depends on stages: Stage-1

STAGE PLANS:
  Stage: Stage-1
    Map Reduce
      Map Operator Tree:
          TableScan
            alias: loc_orc_n2
            Statistics: Num rows: 8 Data size: 796 Basic stats: COMPLETE Column stats: NONE
            Select Operator
              expressions: state (type: string), locid (type: int)
              outputColumnNames: state, locid
              Statistics: Num rows: 8 Data size: 796 Basic stats: COMPLETE Column stats: NONE
              Group By Operator
                keys: state (type: string), locid (type: int), 0L (type: bigint)
                mode: hash
                outputColumnNames: _col0, _col1, _col2
                Statistics: Num rows: 24 Data size: 2388 Basic stats: COMPLETE Column stats: NONE
                Reduce Output Operator
                  key expressions: _col0 (type: string), _col1 (type: int), _col2 (type: bigint)
                  sort order: +++
                  Map-reduce partition columns: _col0 (type: string), _col1 (type: int), _col2 (type: bigint)
                  Statistics: Num rows: 24 Data size: 2388 Basic stats: COMPLETE Column stats: NONE
      Execution mode: vectorized
      Reduce Operator Tree:
        Group By Operator
          keys: KEY._col0 (type: string), KEY._col1 (type: int), KEY._col2 (type: bigint)
          mode: mergepartial
          outputColumnNames: _col0, _col1
          Statistics: Num rows: 12 Data size: 1194 Basic stats: COMPLETE Column stats: NONE
          pruneGroupingSetId: true
          File Output Operator
            compressed: false
            Statistics: Num rows: 12 Data size: 1194 Basic stats: COMPLETE Column stats: NONE
            table:
                input format: org.apache.hadoop.mapred.SequenceFileInputFormat
                output format: org.apache.hadoop.hive.ql.io.HiveSequenceFileOutputFormat
                serde: org.apache.hadoop.hive.serde2.lazy.LazySimpleSerDe

  Stage: Stage-0
    Fetch Operator
      limit: -1
      Processor Tree:
        ListSink

PREHOOK: query: explain select state,locid from loc_orc_n2 group by rollup (state,locid)
PREHOOK: type: QUERY
PREHOOK: Input: default@loc_orc_n2
#### A masked pattern was here ####
POSTHOOK: query: explain select state,locid from loc_orc_n2 group by rollup (state,locid)
POSTHOOK: type: QUERY
POSTHOOK: Input: default@loc_orc_n2
#### A masked pattern was here ####
STAGE DEPENDENCIES:
  Stage-1 is a root stage
  Stage-0 depends on stages: Stage-1

STAGE PLANS:
  Stage: Stage-1
    Map Reduce
      Map Operator Tree:
          TableScan
            alias: loc_orc_n2
            Statistics: Num rows: 8 Data size: 796 Basic stats: COMPLETE Column stats: NONE
            Select Operator
              expressions: state (type: string), locid (type: int)
              outputColumnNames: state, locid
              Statistics: Num rows: 8 Data size: 796 Basic stats: COMPLETE Column stats: NONE
              Group By Operator
                keys: state (type: string), locid (type: int), 0L (type: bigint)
                mode: hash
                outputColumnNames: _col0, _col1, _col2
                Statistics: Num rows: 24 Data size: 2388 Basic stats: COMPLETE Column stats: NONE
                Reduce Output Operator
                  key expressions: _col0 (type: string), _col1 (type: int), _col2 (type: bigint)
                  sort order: +++
                  Map-reduce partition columns: _col0 (type: string), _col1 (type: int), _col2 (type: bigint)
                  Statistics: Num rows: 24 Data size: 2388 Basic stats: COMPLETE Column stats: NONE
      Execution mode: vectorized
      Reduce Operator Tree:
        Group By Operator
          keys: KEY._col0 (type: string), KEY._col1 (type: int), KEY._col2 (type: bigint)
          mode: mergepartial
          outputColumnNames: _col0, _col1
          Statistics: Num rows: 12 Data size: 1194 Basic stats: COMPLETE Column stats: NONE
          pruneGroupingSetId: true
          File Output Operator
            compressed: false
            Statistics: Num rows: 12 Data size: 1194 Basic stats: COMPLETE Column stats: NONE
            table:
                input format: org.apache.hadoop.mapred.SequenceFileInputFormat
                output format: org.apache.hadoop.hive.ql.io.HiveSequenceFileOutputFormat
                serde: org.apache.hadoop.hive.serde2.lazy.LazySimpleSerDe

  Stage: Stage-0
    Fetch Operator
      limit: -1
      Processor Tree:
        ListSink

PREHOOK: query: explain select state,locid from loc_orc_n2 group by state,locid grouping sets((state))
PREHOOK: type: QUERY
PREHOOK: Input: default@loc_orc_n2
#### A masked pattern was here ####
POSTHOOK: query: explain select state,locid from loc_orc_n2 group by state,locid grouping sets((state))
POSTHOOK: type: QUERY
POSTHOOK: Input: default@loc_orc_n2
#### A masked pattern was here ####
STAGE DEPENDENCIES:
  Stage-1 is a root stage
  Stage-0 depends on stages: Stage-1

STAGE PLANS:
  Stage: Stage-1
    Map Reduce
      Map Operator Tree:
          TableScan
            alias: loc_orc_n2
            Statistics: Num rows: 8 Data size: 796 Basic stats: COMPLETE Column stats: NONE
            Select Operator
              expressions: state (type: string), locid (type: int)
              outputColumnNames: state, locid
              Statistics: Num rows: 8 Data size: 796 Basic stats: COMPLETE Column stats: NONE
              Group By Operator
                keys: state (type: string), locid (type: int), 0L (type: bigint)
                mode: hash
                outputColumnNames: _col0, _col1, _col2
                Statistics: Num rows: 8 Data size: 796 Basic stats: COMPLETE Column stats: NONE
                Reduce Output Operator
                  key expressions: _col0 (type: string), _col1 (type: int), _col2 (type: bigint)
                  sort order: +++
                  Map-reduce partition columns: _col0 (type: string), _col1 (type: int), _col2 (type: bigint)
                  Statistics: Num rows: 8 Data size: 796 Basic stats: COMPLETE Column stats: NONE
      Execution mode: vectorized
      Reduce Operator Tree:
        Group By Operator
          keys: KEY._col0 (type: string), KEY._col1 (type: int), KEY._col2 (type: bigint)
          mode: mergepartial
          outputColumnNames: _col0, _col1
          Statistics: Num rows: 4 Data size: 398 Basic stats: COMPLETE Column stats: NONE
          pruneGroupingSetId: true
          File Output Operator
            compressed: false
            Statistics: Num rows: 4 Data size: 398 Basic stats: COMPLETE Column stats: NONE
            table:
                input format: org.apache.hadoop.mapred.SequenceFileInputFormat
                output format: org.apache.hadoop.hive.ql.io.HiveSequenceFileOutputFormat
                serde: org.apache.hadoop.hive.serde2.lazy.LazySimpleSerDe

  Stage: Stage-0
    Fetch Operator
      limit: -1
      Processor Tree:
        ListSink

PREHOOK: query: explain select state,locid from loc_orc_n2 group by state,locid grouping sets((state),(locid))
PREHOOK: type: QUERY
PREHOOK: Input: default@loc_orc_n2
#### A masked pattern was here ####
POSTHOOK: query: explain select state,locid from loc_orc_n2 group by state,locid grouping sets((state),(locid))
POSTHOOK: type: QUERY
POSTHOOK: Input: default@loc_orc_n2
#### A masked pattern was here ####
STAGE DEPENDENCIES:
  Stage-1 is a root stage
  Stage-0 depends on stages: Stage-1

STAGE PLANS:
  Stage: Stage-1
    Map Reduce
      Map Operator Tree:
          TableScan
            alias: loc_orc_n2
            Statistics: Num rows: 8 Data size: 796 Basic stats: COMPLETE Column stats: NONE
            Select Operator
              expressions: state (type: string), locid (type: int)
              outputColumnNames: state, locid
              Statistics: Num rows: 8 Data size: 796 Basic stats: COMPLETE Column stats: NONE
              Group By Operator
                keys: state (type: string), locid (type: int), 0L (type: bigint)
                mode: hash
                outputColumnNames: _col0, _col1, _col2
                Statistics: Num rows: 16 Data size: 1592 Basic stats: COMPLETE Column stats: NONE
                Reduce Output Operator
                  key expressions: _col0 (type: string), _col1 (type: int), _col2 (type: bigint)
                  sort order: +++
                  Map-reduce partition columns: _col0 (type: string), _col1 (type: int), _col2 (type: bigint)
                  Statistics: Num rows: 16 Data size: 1592 Basic stats: COMPLETE Column stats: NONE
      Execution mode: vectorized
      Reduce Operator Tree:
        Group By Operator
          keys: KEY._col0 (type: string), KEY._col1 (type: int), KEY._col2 (type: bigint)
          mode: mergepartial
          outputColumnNames: _col0, _col1
          Statistics: Num rows: 8 Data size: 796 Basic stats: COMPLETE Column stats: NONE
          pruneGroupingSetId: true
          File Output Operator
            compressed: false
            Statistics: Num rows: 8 Data size: 796 Basic stats: COMPLETE Column stats: NONE
            table:
                input format: org.apache.hadoop.mapred.SequenceFileInputFormat
                output format: org.apache.hadoop.hive.ql.io.HiveSequenceFileOutputFormat
                serde: org.apache.hadoop.hive.serde2.lazy.LazySimpleSerDe

  Stage: Stage-0
    Fetch Operator
      limit: -1
      Processor Tree:
        ListSink

PREHOOK: query: explain select state,locid from loc_orc_n2 group by state,locid grouping sets((state),(locid),())
PREHOOK: type: QUERY
PREHOOK: Input: default@loc_orc_n2
#### A masked pattern was here ####
POSTHOOK: query: explain select state,locid from loc_orc_n2 group by state,locid grouping sets((state),(locid),())
POSTHOOK: type: QUERY
POSTHOOK: Input: default@loc_orc_n2
#### A masked pattern was here ####
STAGE DEPENDENCIES:
  Stage-1 is a root stage
  Stage-0 depends on stages: Stage-1

STAGE PLANS:
  Stage: Stage-1
    Map Reduce
      Map Operator Tree:
          TableScan
            alias: loc_orc_n2
            Statistics: Num rows: 8 Data size: 796 Basic stats: COMPLETE Column stats: NONE
            Select Operator
              expressions: state (type: string), locid (type: int)
              outputColumnNames: state, locid
              Statistics: Num rows: 8 Data size: 796 Basic stats: COMPLETE Column stats: NONE
              Group By Operator
                keys: state (type: string), locid (type: int), 0L (type: bigint)
                mode: hash
                outputColumnNames: _col0, _col1, _col2
                Statistics: Num rows: 24 Data size: 2388 Basic stats: COMPLETE Column stats: NONE
                Reduce Output Operator
                  key expressions: _col0 (type: string), _col1 (type: int), _col2 (type: bigint)
                  sort order: +++
                  Map-reduce partition columns: _col0 (type: string), _col1 (type: int), _col2 (type: bigint)
                  Statistics: Num rows: 24 Data size: 2388 Basic stats: COMPLETE Column stats: NONE
      Execution mode: vectorized
      Reduce Operator Tree:
        Group By Operator
          keys: KEY._col0 (type: string), KEY._col1 (type: int), KEY._col2 (type: bigint)
          mode: mergepartial
          outputColumnNames: _col0, _col1
          Statistics: Num rows: 12 Data size: 1194 Basic stats: COMPLETE Column stats: NONE
          pruneGroupingSetId: true
          File Output Operator
            compressed: false
            Statistics: Num rows: 12 Data size: 1194 Basic stats: COMPLETE Column stats: NONE
            table:
                input format: org.apache.hadoop.mapred.SequenceFileInputFormat
                output format: org.apache.hadoop.hive.ql.io.HiveSequenceFileOutputFormat
                serde: org.apache.hadoop.hive.serde2.lazy.LazySimpleSerDe

  Stage: Stage-0
    Fetch Operator
      limit: -1
      Processor Tree:
        ListSink

PREHOOK: query: explain select state,locid from loc_orc_n2 group by state,locid grouping sets((state,locid),(state),(locid),())
PREHOOK: type: QUERY
PREHOOK: Input: default@loc_orc_n2
#### A masked pattern was here ####
POSTHOOK: query: explain select state,locid from loc_orc_n2 group by state,locid grouping sets((state,locid),(state),(locid),())
POSTHOOK: type: QUERY
POSTHOOK: Input: default@loc_orc_n2
#### A masked pattern was here ####
STAGE DEPENDENCIES:
  Stage-1 is a root stage
  Stage-0 depends on stages: Stage-1

STAGE PLANS:
  Stage: Stage-1
    Map Reduce
      Map Operator Tree:
          TableScan
            alias: loc_orc_n2
            Statistics: Num rows: 8 Data size: 796 Basic stats: COMPLETE Column stats: NONE
            Select Operator
              expressions: state (type: string), locid (type: int)
              outputColumnNames: state, locid
              Statistics: Num rows: 8 Data size: 796 Basic stats: COMPLETE Column stats: NONE
              Group By Operator
                keys: state (type: string), locid (type: int), 0L (type: bigint)
                mode: hash
                outputColumnNames: _col0, _col1, _col2
                Statistics: Num rows: 32 Data size: 3184 Basic stats: COMPLETE Column stats: NONE
                Reduce Output Operator
                  key expressions: _col0 (type: string), _col1 (type: int), _col2 (type: bigint)
                  sort order: +++
                  Map-reduce partition columns: _col0 (type: string), _col1 (type: int), _col2 (type: bigint)
                  Statistics: Num rows: 32 Data size: 3184 Basic stats: COMPLETE Column stats: NONE
      Execution mode: vectorized
      Reduce Operator Tree:
        Group By Operator
          keys: KEY._col0 (type: string), KEY._col1 (type: int), KEY._col2 (type: bigint)
          mode: mergepartial
          outputColumnNames: _col0, _col1
          Statistics: Num rows: 16 Data size: 1592 Basic stats: COMPLETE Column stats: NONE
          pruneGroupingSetId: true
          File Output Operator
            compressed: false
            Statistics: Num rows: 16 Data size: 1592 Basic stats: COMPLETE Column stats: NONE
            table:
                input format: org.apache.hadoop.mapred.SequenceFileInputFormat
                output format: org.apache.hadoop.hive.ql.io.HiveSequenceFileOutputFormat
                serde: org.apache.hadoop.hive.serde2.lazy.LazySimpleSerDe

  Stage: Stage-0
    Fetch Operator
      limit: -1
      Processor Tree:
        ListSink

PREHOOK: query: explain select year from loc_orc_n2 group by year
PREHOOK: type: QUERY
PREHOOK: Input: default@loc_orc_n2
#### A masked pattern was here ####
POSTHOOK: query: explain select year from loc_orc_n2 group by year
POSTHOOK: type: QUERY
POSTHOOK: Input: default@loc_orc_n2
#### A masked pattern was here ####
STAGE DEPENDENCIES:
  Stage-1 is a root stage
  Stage-0 depends on stages: Stage-1

STAGE PLANS:
  Stage: Stage-1
    Map Reduce
      Map Operator Tree:
          TableScan
            alias: loc_orc_n2
            Statistics: Num rows: 8 Data size: 796 Basic stats: COMPLETE Column stats: NONE
            Select Operator
              expressions: year (type: int)
              outputColumnNames: year
              Statistics: Num rows: 8 Data size: 796 Basic stats: COMPLETE Column stats: NONE
              Group By Operator
                keys: year (type: int)
                mode: hash
                outputColumnNames: _col0
                Statistics: Num rows: 8 Data size: 796 Basic stats: COMPLETE Column stats: NONE
                Reduce Output Operator
                  key expressions: _col0 (type: int)
                  sort order: +
                  Map-reduce partition columns: _col0 (type: int)
                  Statistics: Num rows: 8 Data size: 796 Basic stats: COMPLETE Column stats: NONE
      Execution mode: vectorized
      Reduce Operator Tree:
        Group By Operator
          keys: KEY._col0 (type: int)
          mode: mergepartial
          outputColumnNames: _col0
          Statistics: Num rows: 4 Data size: 398 Basic stats: COMPLETE Column stats: NONE
          File Output Operator
            compressed: false
            Statistics: Num rows: 4 Data size: 398 Basic stats: COMPLETE Column stats: NONE
            table:
                input format: org.apache.hadoop.mapred.SequenceFileInputFormat
                output format: org.apache.hadoop.hive.ql.io.HiveSequenceFileOutputFormat
                serde: org.apache.hadoop.hive.serde2.lazy.LazySimpleSerDe

  Stage: Stage-0
    Fetch Operator
      limit: -1
      Processor Tree:
        ListSink

PREHOOK: query: explain select state,locid from loc_orc_n2 group by state,locid with cube
PREHOOK: type: QUERY
PREHOOK: Input: default@loc_orc_n2
#### A masked pattern was here ####
POSTHOOK: query: explain select state,locid from loc_orc_n2 group by state,locid with cube
POSTHOOK: type: QUERY
POSTHOOK: Input: default@loc_orc_n2
#### A masked pattern was here ####
STAGE DEPENDENCIES:
  Stage-1 is a root stage
  Stage-0 depends on stages: Stage-1

STAGE PLANS:
  Stage: Stage-1
    Map Reduce
      Map Operator Tree:
          TableScan
            alias: loc_orc_n2
            Statistics: Num rows: 8 Data size: 796 Basic stats: COMPLETE Column stats: NONE
            Select Operator
              expressions: state (type: string), locid (type: int)
              outputColumnNames: state, locid
              Statistics: Num rows: 8 Data size: 796 Basic stats: COMPLETE Column stats: NONE
              Group By Operator
                keys: state (type: string), locid (type: int), 0L (type: bigint)
                mode: hash
                outputColumnNames: _col0, _col1, _col2
                Statistics: Num rows: 32 Data size: 3184 Basic stats: COMPLETE Column stats: NONE
                Reduce Output Operator
                  key expressions: _col0 (type: string), _col1 (type: int), _col2 (type: bigint)
                  sort order: +++
                  Map-reduce partition columns: _col0 (type: string), _col1 (type: int), _col2 (type: bigint)
                  Statistics: Num rows: 32 Data size: 3184 Basic stats: COMPLETE Column stats: NONE
      Execution mode: vectorized
      Reduce Operator Tree:
        Group By Operator
          keys: KEY._col0 (type: string), KEY._col1 (type: int), KEY._col2 (type: bigint)
          mode: mergepartial
          outputColumnNames: _col0, _col1
          Statistics: Num rows: 16 Data size: 1592 Basic stats: COMPLETE Column stats: NONE
          pruneGroupingSetId: true
          File Output Operator
            compressed: false
            Statistics: Num rows: 16 Data size: 1592 Basic stats: COMPLETE Column stats: NONE
            table:
                input format: org.apache.hadoop.mapred.SequenceFileInputFormat
                output format: org.apache.hadoop.hive.ql.io.HiveSequenceFileOutputFormat
                serde: org.apache.hadoop.hive.serde2.lazy.LazySimpleSerDe

  Stage: Stage-0
    Fetch Operator
      limit: -1
      Processor Tree:
        ListSink

