PREHOOK: query: create table smalltable_n0(key string, value string) stored as textfile
PREHOOK: type: CREATETABLE
PREHOOK: Output: database:default
PREHOOK: Output: default@smalltable_n0
POSTHOOK: query: create table smalltable_n0(key string, value string) stored as textfile
POSTHOOK: type: CREATETABLE
POSTHOOK: Output: database:default
POSTHOOK: Output: default@smalltable_n0
PREHOOK: query: load data local inpath '../../data/files/T1.txt' into table smalltable_n0
PREHOOK: type: LOAD
#### A masked pattern was here ####
PREHOOK: Output: default@smalltable_n0
POSTHOOK: query: load data local inpath '../../data/files/T1.txt' into table smalltable_n0
POSTHOOK: type: LOAD
#### A masked pattern was here ####
POSTHOOK: Output: default@smalltable_n0
PREHOOK: query: analyze table smalltable_n0 compute statistics
PREHOOK: type: QUERY
PREHOOK: Input: default@smalltable_n0
PREHOOK: Output: default@smalltable_n0
POSTHOOK: query: analyze table smalltable_n0 compute statistics
POSTHOOK: type: QUERY
POSTHOOK: Input: default@smalltable_n0
POSTHOOK: Output: default@smalltable_n0
PREHOOK: query: explain select src1.key, src2.key, smalltable_n0.key from src src1 JOIN src src2 ON (src1.key = src2.key) JOIN smalltable_n0 ON (src1.key + src2.key = smalltable_n0.key)
PREHOOK: type: QUERY
POSTHOOK: query: explain select src1.key, src2.key, smalltable_n0.key from src src1 JOIN src src2 ON (src1.key = src2.key) JOIN smalltable_n0 ON (src1.key + src2.key = smalltable_n0.key)
POSTHOOK: type: QUERY
STAGE DEPENDENCIES:
  Stage-8 is a root stage , consists of Stage-10, Stage-11, Stage-1
  Stage-10 has a backup stage: Stage-1
  Stage-6 depends on stages: Stage-10
  Stage-9 depends on stages: Stage-1, Stage-6, Stage-7
  Stage-5 depends on stages: Stage-9
  Stage-11 has a backup stage: Stage-1
  Stage-7 depends on stages: Stage-11
  Stage-1
  Stage-0 depends on stages: Stage-5

STAGE PLANS:
  Stage: Stage-8
    Conditional Operator

  Stage: Stage-10
    Map Reduce Local Work
      Alias -> Map Local Tables:
        $hdt$_1:src2 
          Fetch Operator
            limit: -1
      Alias -> Map Local Operator Tree:
        $hdt$_1:src2 
          TableScan
            alias: src2
            Statistics: Num rows: 500 Data size: 5312 Basic stats: COMPLETE Column stats: NONE
            Filter Operator
              predicate: key is not null (type: boolean)
              Statistics: Num rows: 500 Data size: 5312 Basic stats: COMPLETE Column stats: NONE
              Select Operator
                expressions: key (type: string)
                outputColumnNames: _col0
                Statistics: Num rows: 500 Data size: 5312 Basic stats: COMPLETE Column stats: NONE
                HashTable Sink Operator
                  keys:
                    0 _col0 (type: string)
                    1 _col0 (type: string)

  Stage: Stage-6
    Map Reduce
      Map Operator Tree:
          TableScan
            alias: src1
            Statistics: Num rows: 500 Data size: 5312 Basic stats: COMPLETE Column stats: NONE
            Filter Operator
              predicate: key is not null (type: boolean)
              Statistics: Num rows: 500 Data size: 5312 Basic stats: COMPLETE Column stats: NONE
              Select Operator
                expressions: key (type: string)
                outputColumnNames: _col0
                Statistics: Num rows: 500 Data size: 5312 Basic stats: COMPLETE Column stats: NONE
                Map Join Operator
                  condition map:
                       Inner Join 0 to 1
                  keys:
                    0 _col0 (type: string)
                    1 _col0 (type: string)
                  outputColumnNames: _col0, _col1
                  Statistics: Num rows: 550 Data size: 5843 Basic stats: COMPLETE Column stats: NONE
                  File Output Operator
                    compressed: false
                    table:
                        input format: org.apache.hadoop.mapred.SequenceFileInputFormat
                        output format: org.apache.hadoop.hive.ql.io.HiveSequenceFileOutputFormat
                        serde: org.apache.hadoop.hive.serde2.lazybinary.LazyBinarySerDe
      Execution mode: vectorized
      Local Work:
        Map Reduce Local Work

  Stage: Stage-9
    Map Reduce Local Work
      Alias -> Map Local Tables:
        $hdt$_2:smalltable_n0 
          Fetch Operator
            limit: -1
      Alias -> Map Local Operator Tree:
        $hdt$_2:smalltable_n0 
          TableScan
            alias: smalltable_n0
            Statistics: Num rows: 6 Data size: 24 Basic stats: COMPLETE Column stats: NONE
            Filter Operator
              predicate: key is not null (type: boolean)
              Statistics: Num rows: 6 Data size: 24 Basic stats: COMPLETE Column stats: NONE
              Select Operator
                expressions: key (type: string)
                outputColumnNames: _col0
                Statistics: Num rows: 6 Data size: 24 Basic stats: COMPLETE Column stats: NONE
                HashTable Sink Operator
                  keys:
                    0 (UDFToDouble(_col0) + UDFToDouble(_col1)) (type: double)
                    1 UDFToDouble(_col0) (type: double)

  Stage: Stage-5
    Map Reduce
      Map Operator Tree:
          TableScan
            Map Join Operator
              condition map:
                   Inner Join 0 to 1
              keys:
                0 (UDFToDouble(_col0) + UDFToDouble(_col1)) (type: double)
                1 UDFToDouble(_col0) (type: double)
              outputColumnNames: _col0, _col1, _col2
              Statistics: Num rows: 605 Data size: 6427 Basic stats: COMPLETE Column stats: NONE
              File Output Operator
                compressed: false
                Statistics: Num rows: 605 Data size: 6427 Basic stats: COMPLETE Column stats: NONE
                table:
                    input format: org.apache.hadoop.mapred.SequenceFileInputFormat
                    output format: org.apache.hadoop.hive.ql.io.HiveSequenceFileOutputFormat
                    serde: org.apache.hadoop.hive.serde2.lazy.LazySimpleSerDe
      Execution mode: vectorized
      Local Work:
        Map Reduce Local Work

  Stage: Stage-11
    Map Reduce Local Work
      Alias -> Map Local Tables:
        $hdt$_0:src1 
          Fetch Operator
            limit: -1
      Alias -> Map Local Operator Tree:
        $hdt$_0:src1 
          TableScan
            alias: src1
            Statistics: Num rows: 500 Data size: 5312 Basic stats: COMPLETE Column stats: NONE
            Filter Operator
              predicate: key is not null (type: boolean)
              Statistics: Num rows: 500 Data size: 5312 Basic stats: COMPLETE Column stats: NONE
              Select Operator
                expressions: key (type: string)
                outputColumnNames: _col0
                Statistics: Num rows: 500 Data size: 5312 Basic stats: COMPLETE Column stats: NONE
                HashTable Sink Operator
                  keys:
                    0 _col0 (type: string)
                    1 _col0 (type: string)

  Stage: Stage-7
    Map Reduce
      Map Operator Tree:
          TableScan
            alias: src2
            Statistics: Num rows: 500 Data size: 5312 Basic stats: COMPLETE Column stats: NONE
            Filter Operator
              predicate: key is not null (type: boolean)
              Statistics: Num rows: 500 Data size: 5312 Basic stats: COMPLETE Column stats: NONE
              Select Operator
                expressions: key (type: string)
                outputColumnNames: _col0
                Statistics: Num rows: 500 Data size: 5312 Basic stats: COMPLETE Column stats: NONE
                Map Join Operator
                  condition map:
                       Inner Join 0 to 1
                  keys:
                    0 _col0 (type: string)
                    1 _col0 (type: string)
                  outputColumnNames: _col0, _col1
                  Statistics: Num rows: 550 Data size: 5843 Basic stats: COMPLETE Column stats: NONE
                  File Output Operator
                    compressed: false
                    table:
                        input format: org.apache.hadoop.mapred.SequenceFileInputFormat
                        output format: org.apache.hadoop.hive.ql.io.HiveSequenceFileOutputFormat
                        serde: org.apache.hadoop.hive.serde2.lazybinary.LazyBinarySerDe
      Execution mode: vectorized
      Local Work:
        Map Reduce Local Work

  Stage: Stage-1
    Map Reduce
      Map Operator Tree:
          TableScan
            alias: src1
            Statistics: Num rows: 500 Data size: 5312 Basic stats: COMPLETE Column stats: NONE
            Filter Operator
              predicate: key is not null (type: boolean)
              Statistics: Num rows: 500 Data size: 5312 Basic stats: COMPLETE Column stats: NONE
              Select Operator
                expressions: key (type: string)
                outputColumnNames: _col0
                Statistics: Num rows: 500 Data size: 5312 Basic stats: COMPLETE Column stats: NONE
                Reduce Output Operator
                  key expressions: _col0 (type: string)
                  sort order: +
                  Map-reduce partition columns: _col0 (type: string)
                  Statistics: Num rows: 500 Data size: 5312 Basic stats: COMPLETE Column stats: NONE
          TableScan
            alias: src2
            Statistics: Num rows: 500 Data size: 5312 Basic stats: COMPLETE Column stats: NONE
            Filter Operator
              predicate: key is not null (type: boolean)
              Statistics: Num rows: 500 Data size: 5312 Basic stats: COMPLETE Column stats: NONE
              Select Operator
                expressions: key (type: string)
                outputColumnNames: _col0
                Statistics: Num rows: 500 Data size: 5312 Basic stats: COMPLETE Column stats: NONE
                Reduce Output Operator
                  key expressions: _col0 (type: string)
                  sort order: +
                  Map-reduce partition columns: _col0 (type: string)
                  Statistics: Num rows: 500 Data size: 5312 Basic stats: COMPLETE Column stats: NONE
      Reduce Operator Tree:
        Join Operator
          condition map:
               Inner Join 0 to 1
          keys:
            0 _col0 (type: string)
            1 _col0 (type: string)
          outputColumnNames: _col0, _col1
          Statistics: Num rows: 550 Data size: 5843 Basic stats: COMPLETE Column stats: NONE
          File Output Operator
            compressed: false
            table:
                input format: org.apache.hadoop.mapred.SequenceFileInputFormat
                output format: org.apache.hadoop.hive.ql.io.HiveSequenceFileOutputFormat
                serde: org.apache.hadoop.hive.serde2.lazybinary.LazyBinarySerDe

  Stage: Stage-0
    Fetch Operator
      limit: -1
      Processor Tree:
        ListSink

PREHOOK: query: select src1.key, src2.key, smalltable_n0.key from src src1 JOIN src src2 ON (src1.key = src2.key) JOIN smalltable_n0 ON (src1.key + src2.key = smalltable_n0.key)
PREHOOK: type: QUERY
PREHOOK: Input: default@smalltable_n0
PREHOOK: Input: default@src
#### A masked pattern was here ####
POSTHOOK: query: select src1.key, src2.key, smalltable_n0.key from src src1 JOIN src src2 ON (src1.key = src2.key) JOIN smalltable_n0 ON (src1.key + src2.key = smalltable_n0.key)
POSTHOOK: type: QUERY
POSTHOOK: Input: default@smalltable_n0
POSTHOOK: Input: default@src
#### A masked pattern was here ####
4	4	8
4	4	8
PREHOOK: query: create table smalltable2_n0(key string, value string) stored as textfile
PREHOOK: type: CREATETABLE
PREHOOK: Output: database:default
PREHOOK: Output: default@smalltable2_n0
POSTHOOK: query: create table smalltable2_n0(key string, value string) stored as textfile
POSTHOOK: type: CREATETABLE
POSTHOOK: Output: database:default
POSTHOOK: Output: default@smalltable2_n0
PREHOOK: query: load data local inpath '../../data/files/T1.txt' into table smalltable2_n0
PREHOOK: type: LOAD
#### A masked pattern was here ####
PREHOOK: Output: default@smalltable2_n0
POSTHOOK: query: load data local inpath '../../data/files/T1.txt' into table smalltable2_n0
POSTHOOK: type: LOAD
#### A masked pattern was here ####
POSTHOOK: Output: default@smalltable2_n0
PREHOOK: query: analyze table smalltable_n0 compute statistics
PREHOOK: type: QUERY
PREHOOK: Input: default@smalltable_n0
PREHOOK: Output: default@smalltable_n0
POSTHOOK: query: analyze table smalltable_n0 compute statistics
POSTHOOK: type: QUERY
POSTHOOK: Input: default@smalltable_n0
POSTHOOK: Output: default@smalltable_n0
PREHOOK: query: explain select src1.key, src2.key, smalltable_n0.key from src src1 JOIN src src2 ON (src1.key = src2.key) JOIN smalltable_n0 ON (src1.key + src2.key = smalltable_n0.key) JOIN smalltable2_n0 ON (src1.key + src2.key = smalltable2_n0.key)
PREHOOK: type: QUERY
POSTHOOK: query: explain select src1.key, src2.key, smalltable_n0.key from src src1 JOIN src src2 ON (src1.key = src2.key) JOIN smalltable_n0 ON (src1.key + src2.key = smalltable_n0.key) JOIN smalltable2_n0 ON (src1.key + src2.key = smalltable2_n0.key)
POSTHOOK: type: QUERY
STAGE DEPENDENCIES:
  Stage-9 is a root stage , consists of Stage-11, Stage-12, Stage-1
  Stage-11 has a backup stage: Stage-1
  Stage-7 depends on stages: Stage-11
  Stage-10 depends on stages: Stage-1, Stage-7, Stage-8
  Stage-6 depends on stages: Stage-10
  Stage-12 has a backup stage: Stage-1
  Stage-8 depends on stages: Stage-12
  Stage-1
  Stage-0 depends on stages: Stage-6

STAGE PLANS:
  Stage: Stage-9
    Conditional Operator

  Stage: Stage-11
    Map Reduce Local Work
      Alias -> Map Local Tables:
        $hdt$_2:src2 
          Fetch Operator
            limit: -1
      Alias -> Map Local Operator Tree:
        $hdt$_2:src2 
          TableScan
            alias: src2
            Statistics: Num rows: 500 Data size: 5312 Basic stats: COMPLETE Column stats: NONE
            Filter Operator
              predicate: key is not null (type: boolean)
              Statistics: Num rows: 500 Data size: 5312 Basic stats: COMPLETE Column stats: NONE
              Select Operator
                expressions: key (type: string)
                outputColumnNames: _col0
                Statistics: Num rows: 500 Data size: 5312 Basic stats: COMPLETE Column stats: NONE
                HashTable Sink Operator
                  keys:
                    0 _col0 (type: string)
                    1 _col0 (type: string)

  Stage: Stage-7
    Map Reduce
      Map Operator Tree:
          TableScan
            alias: src1
            Statistics: Num rows: 500 Data size: 5312 Basic stats: COMPLETE Column stats: NONE
            Filter Operator
              predicate: key is not null (type: boolean)
              Statistics: Num rows: 500 Data size: 5312 Basic stats: COMPLETE Column stats: NONE
              Select Operator
                expressions: key (type: string)
                outputColumnNames: _col0
                Statistics: Num rows: 500 Data size: 5312 Basic stats: COMPLETE Column stats: NONE
                Map Join Operator
                  condition map:
                       Inner Join 0 to 1
                  keys:
                    0 _col0 (type: string)
                    1 _col0 (type: string)
                  outputColumnNames: _col0, _col1
                  Statistics: Num rows: 550 Data size: 5843 Basic stats: COMPLETE Column stats: NONE
                  File Output Operator
                    compressed: false
                    table:
                        input format: org.apache.hadoop.mapred.SequenceFileInputFormat
                        output format: org.apache.hadoop.hive.ql.io.HiveSequenceFileOutputFormat
                        serde: org.apache.hadoop.hive.serde2.lazybinary.LazyBinarySerDe
      Execution mode: vectorized
      Local Work:
        Map Reduce Local Work

  Stage: Stage-10
    Map Reduce Local Work
      Alias -> Map Local Tables:
        $hdt$_0:smalltable_n0 
          Fetch Operator
            limit: -1
        $hdt$_3:smalltable2_n0 
          Fetch Operator
            limit: -1
      Alias -> Map Local Operator Tree:
        $hdt$_0:smalltable_n0 
          TableScan
            alias: smalltable_n0
            Statistics: Num rows: 6 Data size: 24 Basic stats: COMPLETE Column stats: NONE
            Filter Operator
              predicate: key is not null (type: boolean)
              Statistics: Num rows: 6 Data size: 24 Basic stats: COMPLETE Column stats: NONE
              Select Operator
                expressions: key (type: string)
                outputColumnNames: _col0
                Statistics: Num rows: 6 Data size: 24 Basic stats: COMPLETE Column stats: NONE
                HashTable Sink Operator
                  keys:
                    0 (UDFToDouble(_col0) + UDFToDouble(_col1)) (type: double)
                    1 UDFToDouble(_col0) (type: double)
                    2 UDFToDouble(_col0) (type: double)
        $hdt$_3:smalltable2_n0 
          TableScan
            alias: smalltable2_n0
            Statistics: Num rows: 1 Data size: 300 Basic stats: COMPLETE Column stats: NONE
            Filter Operator
              predicate: key is not null (type: boolean)
              Statistics: Num rows: 1 Data size: 300 Basic stats: COMPLETE Column stats: NONE
              Select Operator
                expressions: key (type: string)
                outputColumnNames: _col0
                Statistics: Num rows: 1 Data size: 300 Basic stats: COMPLETE Column stats: NONE
                HashTable Sink Operator
                  keys:
                    0 (UDFToDouble(_col0) + UDFToDouble(_col1)) (type: double)
                    1 UDFToDouble(_col0) (type: double)
                    2 UDFToDouble(_col0) (type: double)

  Stage: Stage-6
    Map Reduce
      Map Operator Tree:
          TableScan
            Map Join Operator
              condition map:
                   Inner Join 0 to 1
                   Inner Join 0 to 2
              keys:
                0 (UDFToDouble(_col0) + UDFToDouble(_col1)) (type: double)
                1 UDFToDouble(_col0) (type: double)
                2 UDFToDouble(_col0) (type: double)
              outputColumnNames: _col0, _col1, _col3
              Statistics: Num rows: 1210 Data size: 12854 Basic stats: COMPLETE Column stats: NONE
              Select Operator
                expressions: _col0 (type: string), _col1 (type: string), _col3 (type: string)
                outputColumnNames: _col0, _col1, _col2
                Statistics: Num rows: 1210 Data size: 12854 Basic stats: COMPLETE Column stats: NONE
                File Output Operator
                  compressed: false
                  Statistics: Num rows: 1210 Data size: 12854 Basic stats: COMPLETE Column stats: NONE
                  table:
                      input format: org.apache.hadoop.mapred.SequenceFileInputFormat
                      output format: org.apache.hadoop.hive.ql.io.HiveSequenceFileOutputFormat
                      serde: org.apache.hadoop.hive.serde2.lazy.LazySimpleSerDe
      Execution mode: vectorized
      Local Work:
        Map Reduce Local Work

  Stage: Stage-12
    Map Reduce Local Work
      Alias -> Map Local Tables:
        $hdt$_1:src1 
          Fetch Operator
            limit: -1
      Alias -> Map Local Operator Tree:
        $hdt$_1:src1 
          TableScan
            alias: src1
            Statistics: Num rows: 500 Data size: 5312 Basic stats: COMPLETE Column stats: NONE
            Filter Operator
              predicate: key is not null (type: boolean)
              Statistics: Num rows: 500 Data size: 5312 Basic stats: COMPLETE Column stats: NONE
              Select Operator
                expressions: key (type: string)
                outputColumnNames: _col0
                Statistics: Num rows: 500 Data size: 5312 Basic stats: COMPLETE Column stats: NONE
                HashTable Sink Operator
                  keys:
                    0 _col0 (type: string)
                    1 _col0 (type: string)

  Stage: Stage-8
    Map Reduce
      Map Operator Tree:
          TableScan
            alias: src2
            Statistics: Num rows: 500 Data size: 5312 Basic stats: COMPLETE Column stats: NONE
            Filter Operator
              predicate: key is not null (type: boolean)
              Statistics: Num rows: 500 Data size: 5312 Basic stats: COMPLETE Column stats: NONE
              Select Operator
                expressions: key (type: string)
                outputColumnNames: _col0
                Statistics: Num rows: 500 Data size: 5312 Basic stats: COMPLETE Column stats: NONE
                Map Join Operator
                  condition map:
                       Inner Join 0 to 1
                  keys:
                    0 _col0 (type: string)
                    1 _col0 (type: string)
                  outputColumnNames: _col0, _col1
                  Statistics: Num rows: 550 Data size: 5843 Basic stats: COMPLETE Column stats: NONE
                  File Output Operator
                    compressed: false
                    table:
                        input format: org.apache.hadoop.mapred.SequenceFileInputFormat
                        output format: org.apache.hadoop.hive.ql.io.HiveSequenceFileOutputFormat
                        serde: org.apache.hadoop.hive.serde2.lazybinary.LazyBinarySerDe
      Execution mode: vectorized
      Local Work:
        Map Reduce Local Work

  Stage: Stage-1
    Map Reduce
      Map Operator Tree:
          TableScan
            alias: src1
            Statistics: Num rows: 500 Data size: 5312 Basic stats: COMPLETE Column stats: NONE
            Filter Operator
              predicate: key is not null (type: boolean)
              Statistics: Num rows: 500 Data size: 5312 Basic stats: COMPLETE Column stats: NONE
              Select Operator
                expressions: key (type: string)
                outputColumnNames: _col0
                Statistics: Num rows: 500 Data size: 5312 Basic stats: COMPLETE Column stats: NONE
                Reduce Output Operator
                  key expressions: _col0 (type: string)
                  sort order: +
                  Map-reduce partition columns: _col0 (type: string)
                  Statistics: Num rows: 500 Data size: 5312 Basic stats: COMPLETE Column stats: NONE
          TableScan
            alias: src2
            Statistics: Num rows: 500 Data size: 5312 Basic stats: COMPLETE Column stats: NONE
            Filter Operator
              predicate: key is not null (type: boolean)
              Statistics: Num rows: 500 Data size: 5312 Basic stats: COMPLETE Column stats: NONE
              Select Operator
                expressions: key (type: string)
                outputColumnNames: _col0
                Statistics: Num rows: 500 Data size: 5312 Basic stats: COMPLETE Column stats: NONE
                Reduce Output Operator
                  key expressions: _col0 (type: string)
                  sort order: +
                  Map-reduce partition columns: _col0 (type: string)
                  Statistics: Num rows: 500 Data size: 5312 Basic stats: COMPLETE Column stats: NONE
      Reduce Operator Tree:
        Join Operator
          condition map:
               Inner Join 0 to 1
          keys:
            0 _col0 (type: string)
            1 _col0 (type: string)
          outputColumnNames: _col0, _col1
          Statistics: Num rows: 550 Data size: 5843 Basic stats: COMPLETE Column stats: NONE
          File Output Operator
            compressed: false
            table:
                input format: org.apache.hadoop.mapred.SequenceFileInputFormat
                output format: org.apache.hadoop.hive.ql.io.HiveSequenceFileOutputFormat
                serde: org.apache.hadoop.hive.serde2.lazybinary.LazyBinarySerDe

  Stage: Stage-0
    Fetch Operator
      limit: -1
      Processor Tree:
        ListSink

PREHOOK: query: select src1.key, src2.key, smalltable_n0.key from src src1 JOIN src src2 ON (src1.key = src2.key) JOIN smalltable_n0 ON (src1.key + src2.key = smalltable_n0.key) JOIN smalltable2_n0 ON (src1.key + src2.key = smalltable2_n0.key)
PREHOOK: type: QUERY
PREHOOK: Input: default@smalltable2_n0
PREHOOK: Input: default@smalltable_n0
PREHOOK: Input: default@src
#### A masked pattern was here ####
POSTHOOK: query: select src1.key, src2.key, smalltable_n0.key from src src1 JOIN src src2 ON (src1.key = src2.key) JOIN smalltable_n0 ON (src1.key + src2.key = smalltable_n0.key) JOIN smalltable2_n0 ON (src1.key + src2.key = smalltable2_n0.key)
POSTHOOK: type: QUERY
POSTHOOK: Input: default@smalltable2_n0
POSTHOOK: Input: default@smalltable_n0
POSTHOOK: Input: default@src
#### A masked pattern was here ####
4	4	8
4	4	8
4	4	8
4	4	8
