PREHOOK: query: create table acid_dtt(a int, b varchar(128)) clustered by (a) into 2 buckets stored as orc TBLPROPERTIES ('transactional'='true')
PREHOOK: type: CREATETABLE
PREHOOK: Output: database:default
PREHOOK: Output: default@acid_dtt
POSTHOOK: query: create table acid_dtt(a int, b varchar(128)) clustered by (a) into 2 buckets stored as orc TBLPROPERTIES ('transactional'='true')
POSTHOOK: type: CREATETABLE
POSTHOOK: Output: database:default
POSTHOOK: Output: default@acid_dtt
PREHOOK: query: desc formatted acid_dtt
PREHOOK: type: DESCTABLE
PREHOOK: Input: default@acid_dtt
POSTHOOK: query: desc formatted acid_dtt
POSTHOOK: type: DESCTABLE
POSTHOOK: Input: default@acid_dtt
# col_name            	data_type           	comment             
a                   	int                 	                    
b                   	varchar(128)        	                    
	 	 
# Detailed Table Information	 	 
Database:           	default             	 
#### A masked pattern was here ####
Retention:          	0                   	 
#### A masked pattern was here ####
Table Type:         	MANAGED_TABLE       	 
Table Parameters:	 	 
	COLUMN_STATS_ACCURATE	{\"BASIC_STATS\":\"true\",\"COLUMN_STATS\":{\"a\":\"true\",\"b\":\"true\"}}
	bucketing_version   	2                   
	numFiles            	0                   
	numRows             	0                   
	rawDataSize         	0                   
	totalSize           	0                   
	transactional       	true                
	transactional_properties	default             
#### A masked pattern was here ####
	 	 
# Storage Information	 	 
SerDe Library:      	org.apache.hadoop.hive.ql.io.orc.OrcSerde	 
InputFormat:        	org.apache.hadoop.hive.ql.io.orc.OrcInputFormat	 
OutputFormat:       	org.apache.hadoop.hive.ql.io.orc.OrcOutputFormat	 
Compressed:         	No                  	 
Num Buckets:        	2                   	 
Bucket Columns:     	[a]                 	 
Sort Columns:       	[]                  	 
Storage Desc Params:	 	 
	serialization.format	1                   
PREHOOK: query: explain insert into table acid_dtt select cint, cast(cstring1 as varchar(128)) from alltypesorc where cint is not null order by cint limit 10
PREHOOK: type: QUERY
POSTHOOK: query: explain insert into table acid_dtt select cint, cast(cstring1 as varchar(128)) from alltypesorc where cint is not null order by cint limit 10
POSTHOOK: type: QUERY
STAGE DEPENDENCIES:
  Stage-1 is a root stage
  Stage-2 depends on stages: Stage-1
  Stage-0 depends on stages: Stage-2
  Stage-3 depends on stages: Stage-0, Stage-4
  Stage-4 depends on stages: Stage-2

STAGE PLANS:
  Stage: Stage-1
    Map Reduce
      Map Operator Tree:
          TableScan
            alias: alltypesorc
            Statistics: Num rows: 12288 Data size: 2907994 Basic stats: COMPLETE Column stats: NONE
            Filter Operator
              predicate: cint is not null (type: boolean)
              Statistics: Num rows: 12288 Data size: 2907994 Basic stats: COMPLETE Column stats: NONE
              Select Operator
                expressions: cint (type: int), CAST( cstring1 AS varchar(128)) (type: varchar(128))
                outputColumnNames: _col0, _col1
                Statistics: Num rows: 12288 Data size: 2907994 Basic stats: COMPLETE Column stats: NONE
                Reduce Output Operator
                  key expressions: _col0 (type: int)
                  sort order: +
                  Statistics: Num rows: 12288 Data size: 2907994 Basic stats: COMPLETE Column stats: NONE
                  value expressions: _col1 (type: varchar(128))
      Execution mode: vectorized
      Reduce Operator Tree:
        Select Operator
          expressions: KEY.reducesinkkey0 (type: int), VALUE._col0 (type: varchar(128))
          outputColumnNames: _col0, _col1
          Statistics: Num rows: 12288 Data size: 2907994 Basic stats: COMPLETE Column stats: NONE
          Limit
            Number of rows: 10
            Statistics: Num rows: 10 Data size: 2360 Basic stats: COMPLETE Column stats: NONE
            File Output Operator
              compressed: false
              table:
                  input format: org.apache.hadoop.mapred.SequenceFileInputFormat
                  output format: org.apache.hadoop.hive.ql.io.HiveSequenceFileOutputFormat
                  serde: org.apache.hadoop.hive.serde2.lazybinary.LazyBinarySerDe

  Stage: Stage-2
    Map Reduce
      Map Operator Tree:
          TableScan
            Reduce Output Operator
              sort order: 
              Map-reduce partition columns: _col0 (type: int)
              Statistics: Num rows: 10 Data size: 2360 Basic stats: COMPLETE Column stats: NONE
              value expressions: _col0 (type: int), _col1 (type: varchar(128))
      Execution mode: vectorized
      Reduce Operator Tree:
        Select Operator
          expressions: VALUE._col0 (type: int), VALUE._col1 (type: varchar(128))
          outputColumnNames: _col0, _col1
          Statistics: Num rows: 10 Data size: 2360 Basic stats: COMPLETE Column stats: NONE
          File Output Operator
            compressed: false
            Statistics: Num rows: 10 Data size: 2360 Basic stats: COMPLETE Column stats: NONE
            table:
                input format: org.apache.hadoop.hive.ql.io.orc.OrcInputFormat
                output format: org.apache.hadoop.hive.ql.io.orc.OrcOutputFormat
                serde: org.apache.hadoop.hive.ql.io.orc.OrcSerde
                name: default.acid_dtt
            Write Type: INSERT
          Select Operator
            expressions: _col0 (type: int), _col1 (type: varchar(128))
            outputColumnNames: a, b
            Statistics: Num rows: 10 Data size: 2360 Basic stats: COMPLETE Column stats: NONE
            Group By Operator
              aggregations: compute_stats(a, 'hll'), compute_stats(b, 'hll')
              mode: hash
              outputColumnNames: _col0, _col1
              Statistics: Num rows: 1 Data size: 864 Basic stats: COMPLETE Column stats: NONE
              File Output Operator
                compressed: false
                table:
                    input format: org.apache.hadoop.mapred.SequenceFileInputFormat
                    output format: org.apache.hadoop.hive.ql.io.HiveSequenceFileOutputFormat
                    serde: org.apache.hadoop.hive.serde2.lazybinary.LazyBinarySerDe

  Stage: Stage-0
    Move Operator
      tables:
          replace: false
          table:
              input format: org.apache.hadoop.hive.ql.io.orc.OrcInputFormat
              output format: org.apache.hadoop.hive.ql.io.orc.OrcOutputFormat
              serde: org.apache.hadoop.hive.ql.io.orc.OrcSerde
              name: default.acid_dtt
          Write Type: INSERT

  Stage: Stage-3
    Stats Work
      Basic Stats Work:
      Column Stats Desc:
          Columns: a, b
          Column Types: int, varchar(128)
          Table: default.acid_dtt

  Stage: Stage-4
    Map Reduce
      Map Operator Tree:
          TableScan
            Reduce Output Operator
              sort order: 
              Statistics: Num rows: 1 Data size: 864 Basic stats: COMPLETE Column stats: NONE
              value expressions: _col0 (type: struct<columntype:string,min:bigint,max:bigint,countnulls:bigint,bitvector:binary>), _col1 (type: struct<columntype:string,maxlength:bigint,sumlength:bigint,count:bigint,countnulls:bigint,bitvector:binary>)
      Execution mode: vectorized
      Reduce Operator Tree:
        Group By Operator
          aggregations: compute_stats(VALUE._col0), compute_stats(VALUE._col1)
          mode: mergepartial
          outputColumnNames: _col0, _col1
          Statistics: Num rows: 1 Data size: 880 Basic stats: COMPLETE Column stats: NONE
          File Output Operator
            compressed: false
            Statistics: Num rows: 1 Data size: 880 Basic stats: COMPLETE Column stats: NONE
            table:
                input format: org.apache.hadoop.mapred.SequenceFileInputFormat
                output format: org.apache.hadoop.hive.ql.io.HiveSequenceFileOutputFormat
                serde: org.apache.hadoop.hive.serde2.lazy.LazySimpleSerDe

PREHOOK: query: insert into table acid_dtt select cint, cast(cstring1 as varchar(128)) from alltypesorc where cint is not null order by cint limit 10
PREHOOK: type: QUERY
PREHOOK: Input: default@alltypesorc
PREHOOK: Output: default@acid_dtt
POSTHOOK: query: insert into table acid_dtt select cint, cast(cstring1 as varchar(128)) from alltypesorc where cint is not null order by cint limit 10
POSTHOOK: type: QUERY
POSTHOOK: Input: default@alltypesorc
POSTHOOK: Output: default@acid_dtt
POSTHOOK: Lineage: acid_dtt.a SIMPLE [(alltypesorc)alltypesorc.FieldSchema(name:cint, type:int, comment:null), ]
POSTHOOK: Lineage: acid_dtt.b EXPRESSION [(alltypesorc)alltypesorc.FieldSchema(name:cstring1, type:string, comment:null), ]
PREHOOK: query: desc formatted acid_dtt
PREHOOK: type: DESCTABLE
PREHOOK: Input: default@acid_dtt
POSTHOOK: query: desc formatted acid_dtt
POSTHOOK: type: DESCTABLE
POSTHOOK: Input: default@acid_dtt
# col_name            	data_type           	comment             
a                   	int                 	                    
b                   	varchar(128)        	                    
	 	 
# Detailed Table Information	 	 
Database:           	default             	 
#### A masked pattern was here ####
Retention:          	0                   	 
#### A masked pattern was here ####
Table Type:         	MANAGED_TABLE       	 
Table Parameters:	 	 
	bucketing_version   	2                   
	numFiles            	2                   
	totalSize           	1856                
	transactional       	true                
	transactional_properties	default             
#### A masked pattern was here ####
	 	 
# Storage Information	 	 
SerDe Library:      	org.apache.hadoop.hive.ql.io.orc.OrcSerde	 
InputFormat:        	org.apache.hadoop.hive.ql.io.orc.OrcInputFormat	 
OutputFormat:       	org.apache.hadoop.hive.ql.io.orc.OrcOutputFormat	 
Compressed:         	No                  	 
Num Buckets:        	2                   	 
Bucket Columns:     	[a]                 	 
Sort Columns:       	[]                  	 
Storage Desc Params:	 	 
	serialization.format	1                   
PREHOOK: query: delete from acid_dtt where b = '0ruyd6Y50JpdGRf6HqD' or b = '2uLyD28144vklju213J1mr'
PREHOOK: type: QUERY
PREHOOK: Input: default@acid_dtt
PREHOOK: Output: default@acid_dtt
POSTHOOK: query: delete from acid_dtt where b = '0ruyd6Y50JpdGRf6HqD' or b = '2uLyD28144vklju213J1mr'
POSTHOOK: type: QUERY
POSTHOOK: Input: default@acid_dtt
POSTHOOK: Output: default@acid_dtt
PREHOOK: query: desc formatted acid_dtt
PREHOOK: type: DESCTABLE
PREHOOK: Input: default@acid_dtt
POSTHOOK: query: desc formatted acid_dtt
POSTHOOK: type: DESCTABLE
POSTHOOK: Input: default@acid_dtt
# col_name            	data_type           	comment             
a                   	int                 	                    
b                   	varchar(128)        	                    
	 	 
# Detailed Table Information	 	 
Database:           	default             	 
#### A masked pattern was here ####
Retention:          	0                   	 
#### A masked pattern was here ####
Table Type:         	MANAGED_TABLE       	 
Table Parameters:	 	 
	COLUMN_STATS_ACCURATE	{}                  
	bucketing_version   	2                   
	numFiles            	4                   
	totalSize           	3000                
	transactional       	true                
	transactional_properties	default             
#### A masked pattern was here ####
	 	 
# Storage Information	 	 
SerDe Library:      	org.apache.hadoop.hive.ql.io.orc.OrcSerde	 
InputFormat:        	org.apache.hadoop.hive.ql.io.orc.OrcInputFormat	 
OutputFormat:       	org.apache.hadoop.hive.ql.io.orc.OrcOutputFormat	 
Compressed:         	No                  	 
Num Buckets:        	2                   	 
Bucket Columns:     	[a]                 	 
Sort Columns:       	[]                  	 
Storage Desc Params:	 	 
	serialization.format	1                   
