PREHOOK: query: CREATE TABLE dest_j1_n23(key INT, value STRING) STORED AS TEXTFILE
PREHOOK: type: CREATETABLE
PREHOOK: Output: database:default
PREHOOK: Output: default@dest_j1_n23
POSTHOOK: query: CREATE TABLE dest_j1_n23(key INT, value STRING) STORED AS TEXTFILE
POSTHOOK: type: CREATETABLE
POSTHOOK: Output: database:default
POSTHOOK: Output: default@dest_j1_n23
PREHOOK: query: EXPLAIN
FROM src src1 JOIN src src2 ON (src1.key = src2.key)
INSERT OVERWRITE TABLE dest_j1_n23 SELECT src1.key, src2.value
PREHOOK: type: QUERY
POSTHOOK: query: EXPLAIN
FROM src src1 JOIN src src2 ON (src1.key = src2.key)
INSERT OVERWRITE TABLE dest_j1_n23 SELECT src1.key, src2.value
POSTHOOK: type: QUERY
STAGE DEPENDENCIES:
  Stage-1 is a root stage
  Stage-6 depends on stages: Stage-1 , consists of Stage-7, Stage-0, Stage-3
  Stage-7
  Stage-5 depends on stages: Stage-7
  Stage-0 depends on stages: Stage-5
  Stage-2 depends on stages: Stage-0, Stage-3
  Stage-3 depends on stages: Stage-5

STAGE PLANS:
  Stage: Stage-1
    Map Reduce
      Map Operator Tree:
          TableScan
            alias: src1
            Statistics: Num rows: 500 Data size: 5312 Basic stats: COMPLETE Column stats: NONE
            Filter Operator
              predicate: key is not null (type: boolean)
              Statistics: Num rows: 500 Data size: 5312 Basic stats: COMPLETE Column stats: NONE
              Select Operator
                expressions: key (type: string)
                outputColumnNames: _col0
                Statistics: Num rows: 500 Data size: 5312 Basic stats: COMPLETE Column stats: NONE
                Reduce Output Operator
                  key expressions: _col0 (type: string)
                  sort order: +
                  Map-reduce partition columns: _col0 (type: string)
                  Statistics: Num rows: 500 Data size: 5312 Basic stats: COMPLETE Column stats: NONE
          TableScan
            alias: src2
            Statistics: Num rows: 500 Data size: 5312 Basic stats: COMPLETE Column stats: NONE
            Filter Operator
              predicate: key is not null (type: boolean)
              Statistics: Num rows: 500 Data size: 5312 Basic stats: COMPLETE Column stats: NONE
              Select Operator
                expressions: key (type: string), value (type: string)
                outputColumnNames: _col0, _col1
                Statistics: Num rows: 500 Data size: 5312 Basic stats: COMPLETE Column stats: NONE
                Reduce Output Operator
                  key expressions: _col0 (type: string)
                  sort order: +
                  Map-reduce partition columns: _col0 (type: string)
                  Statistics: Num rows: 500 Data size: 5312 Basic stats: COMPLETE Column stats: NONE
                  value expressions: _col1 (type: string)
      Reduce Operator Tree:
        Join Operator
          condition map:
               Inner Join 0 to 1
          handleSkewJoin: true
          keys:
            0 _col0 (type: string)
            1 _col0 (type: string)
          outputColumnNames: _col0, _col2
          Statistics: Num rows: 550 Data size: 5843 Basic stats: COMPLETE Column stats: NONE
          Select Operator
            expressions: UDFToInteger(_col0) (type: int), _col2 (type: string)
            outputColumnNames: _col0, _col1
            Statistics: Num rows: 550 Data size: 5843 Basic stats: COMPLETE Column stats: NONE
            File Output Operator
              compressed: false
              Statistics: Num rows: 550 Data size: 5843 Basic stats: COMPLETE Column stats: NONE
              table:
                  input format: org.apache.hadoop.mapred.TextInputFormat
                  output format: org.apache.hadoop.hive.ql.io.HiveIgnoreKeyTextOutputFormat
                  serde: org.apache.hadoop.hive.serde2.lazy.LazySimpleSerDe
                  name: default.dest_j1_n23
            Select Operator
              expressions: _col0 (type: int), _col1 (type: string)
              outputColumnNames: key, value
              Statistics: Num rows: 550 Data size: 5843 Basic stats: COMPLETE Column stats: NONE
              Group By Operator
                aggregations: compute_stats(key, 'hll'), compute_stats(value, 'hll')
                mode: hash
                outputColumnNames: _col0, _col1
                Statistics: Num rows: 1 Data size: 864 Basic stats: COMPLETE Column stats: NONE
                File Output Operator
                  compressed: false
                  table:
                      input format: org.apache.hadoop.mapred.SequenceFileInputFormat
                      output format: org.apache.hadoop.hive.ql.io.HiveSequenceFileOutputFormat
                      serde: org.apache.hadoop.hive.serde2.lazybinary.LazyBinarySerDe

  Stage: Stage-6
    Conditional Operator

  Stage: Stage-7
    Map Reduce Local Work
      Alias -> Map Local Tables:
        1 
          Fetch Operator
            limit: -1
      Alias -> Map Local Operator Tree:
        1 
          TableScan
            HashTable Sink Operator
              keys:
                0 reducesinkkey0 (type: string)
                1 reducesinkkey0 (type: string)

  Stage: Stage-5
    Map Reduce
      Map Operator Tree:
          TableScan
            Map Join Operator
              condition map:
                   Inner Join 0 to 1
              keys:
                0 reducesinkkey0 (type: string)
                1 reducesinkkey0 (type: string)
              outputColumnNames: _col0, _col2
              Select Operator
                expressions: UDFToInteger(_col0) (type: int), _col2 (type: string)
                outputColumnNames: _col0, _col1
                Statistics: Num rows: 550 Data size: 5843 Basic stats: COMPLETE Column stats: NONE
                File Output Operator
                  compressed: false
                  Statistics: Num rows: 550 Data size: 5843 Basic stats: COMPLETE Column stats: NONE
                  table:
                      input format: org.apache.hadoop.mapred.TextInputFormat
                      output format: org.apache.hadoop.hive.ql.io.HiveIgnoreKeyTextOutputFormat
                      serde: org.apache.hadoop.hive.serde2.lazy.LazySimpleSerDe
                      name: default.dest_j1_n23
                Select Operator
                  expressions: _col0 (type: int), _col1 (type: string)
                  outputColumnNames: key, value
                  Statistics: Num rows: 550 Data size: 5843 Basic stats: COMPLETE Column stats: NONE
                  Group By Operator
                    aggregations: compute_stats(key, 'hll'), compute_stats(value, 'hll')
                    mode: hash
                    outputColumnNames: _col0, _col1
                    Statistics: Num rows: 1 Data size: 864 Basic stats: COMPLETE Column stats: NONE
                    File Output Operator
                      compressed: false
                      table:
                          input format: org.apache.hadoop.mapred.SequenceFileInputFormat
                          output format: org.apache.hadoop.hive.ql.io.HiveSequenceFileOutputFormat
                          serde: org.apache.hadoop.hive.serde2.lazybinary.LazyBinarySerDe
      Local Work:
        Map Reduce Local Work

  Stage: Stage-0
    Move Operator
      tables:
          replace: true
          table:
              input format: org.apache.hadoop.mapred.TextInputFormat
              output format: org.apache.hadoop.hive.ql.io.HiveIgnoreKeyTextOutputFormat
              serde: org.apache.hadoop.hive.serde2.lazy.LazySimpleSerDe
              name: default.dest_j1_n23

  Stage: Stage-2
    Stats Work
      Basic Stats Work:
      Column Stats Desc:
          Columns: key, value
          Column Types: int, string
          Table: default.dest_j1_n23

  Stage: Stage-3
    Map Reduce
      Map Operator Tree:
          TableScan
            Reduce Output Operator
              sort order: 
              Statistics: Num rows: 1 Data size: 864 Basic stats: COMPLETE Column stats: NONE
              value expressions: _col0 (type: struct<columntype:string,min:bigint,max:bigint,countnulls:bigint,bitvector:binary>), _col1 (type: struct<columntype:string,maxlength:bigint,sumlength:bigint,count:bigint,countnulls:bigint,bitvector:binary>)
      Execution mode: vectorized
      Reduce Operator Tree:
        Group By Operator
          aggregations: compute_stats(VALUE._col0), compute_stats(VALUE._col1)
          mode: mergepartial
          outputColumnNames: _col0, _col1
          Statistics: Num rows: 1 Data size: 880 Basic stats: COMPLETE Column stats: NONE
          File Output Operator
            compressed: false
            Statistics: Num rows: 1 Data size: 880 Basic stats: COMPLETE Column stats: NONE
            table:
                input format: org.apache.hadoop.mapred.SequenceFileInputFormat
                output format: org.apache.hadoop.hive.ql.io.HiveSequenceFileOutputFormat
                serde: org.apache.hadoop.hive.serde2.lazy.LazySimpleSerDe

PREHOOK: query: FROM src src1 JOIN src src2 ON (src1.key = src2.key)
INSERT OVERWRITE TABLE dest_j1_n23 SELECT src1.key, src2.value
PREHOOK: type: QUERY
PREHOOK: Input: default@src
PREHOOK: Output: default@dest_j1_n23
POSTHOOK: query: FROM src src1 JOIN src src2 ON (src1.key = src2.key)
INSERT OVERWRITE TABLE dest_j1_n23 SELECT src1.key, src2.value
POSTHOOK: type: QUERY
POSTHOOK: Input: default@src
POSTHOOK: Output: default@dest_j1_n23
POSTHOOK: Lineage: dest_j1_n23.key EXPRESSION [(src)src1.FieldSchema(name:key, type:string, comment:default), ]
POSTHOOK: Lineage: dest_j1_n23.value SIMPLE [(src)src2.FieldSchema(name:value, type:string, comment:default), ]
PREHOOK: query: desc formatted dest_j1_n23
PREHOOK: type: DESCTABLE
PREHOOK: Input: default@dest_j1_n23
POSTHOOK: query: desc formatted dest_j1_n23
POSTHOOK: type: DESCTABLE
POSTHOOK: Input: default@dest_j1_n23
# col_name            	data_type           	comment             
key                 	int                 	                    
value               	string              	                    
	 	 
# Detailed Table Information	 	 
Database:           	default             	 
#### A masked pattern was here ####
Retention:          	0                   	 
#### A masked pattern was here ####
Table Type:         	MANAGED_TABLE       	 
Table Parameters:	 	 
	COLUMN_STATS_ACCURATE	{\"BASIC_STATS\":\"true\",\"COLUMN_STATS\":{\"key\":\"true\",\"value\":\"true\"}}
	bucketing_version   	2                   
	numFiles            	137                 
	numRows             	855                 
	rawDataSize         	9143                
	totalSize           	11996               
#### A masked pattern was here ####
	 	 
# Storage Information	 	 
SerDe Library:      	org.apache.hadoop.hive.serde2.lazy.LazySimpleSerDe	 
InputFormat:        	org.apache.hadoop.mapred.TextInputFormat	 
OutputFormat:       	org.apache.hadoop.hive.ql.io.HiveIgnoreKeyTextOutputFormat	 
Compressed:         	No                  	 
Num Buckets:        	-1                  	 
Bucket Columns:     	[]                  	 
Sort Columns:       	[]                  	 
Storage Desc Params:	 	 
	serialization.format	1                   
PREHOOK: query: desc formatted dest_j1_n23 key
PREHOOK: type: DESCTABLE
PREHOOK: Input: default@dest_j1_n23
POSTHOOK: query: desc formatted dest_j1_n23 key
POSTHOOK: type: DESCTABLE
POSTHOOK: Input: default@dest_j1_n23
col_name            	key                 	 	 	 	 	 	 	 	 	 	 
data_type           	int                 	 	 	 	 	 	 	 	 	 	 
min                 	0                   	 	 	 	 	 	 	 	 	 	 
max                 	498                 	 	 	 	 	 	 	 	 	 	 
num_nulls           	0                   	 	 	 	 	 	 	 	 	 	 
distinct_count      	303                 	 	 	 	 	 	 	 	 	 	 
avg_col_len         	                    	 	 	 	 	 	 	 	 	 	 
max_col_len         	                    	 	 	 	 	 	 	 	 	 	 
num_trues           	                    	 	 	 	 	 	 	 	 	 	 
num_falses          	                    	 	 	 	 	 	 	 	 	 	 
bitVector           	HL                  	 	 	 	 	 	 	 	 	 	 
comment             	from deserializer   	 	 	 	 	 	 	 	 	 	 
COLUMN_STATS_ACCURATE	{\"BASIC_STATS\":\"true\",\"COLUMN_STATS\":{\"key\":\"true\",\"value\":\"true\"}}	 	 	 	 	 	 	 	 	 	 
PREHOOK: query: desc formatted dest_j1_n23 value
PREHOOK: type: DESCTABLE
PREHOOK: Input: default@dest_j1_n23
POSTHOOK: query: desc formatted dest_j1_n23 value
POSTHOOK: type: DESCTABLE
POSTHOOK: Input: default@dest_j1_n23
col_name            	value               	 	 	 	 	 	 	 	 	 	 
data_type           	string              	 	 	 	 	 	 	 	 	 	 
min                 	                    	 	 	 	 	 	 	 	 	 	 
max                 	                    	 	 	 	 	 	 	 	 	 	 
num_nulls           	0                   	 	 	 	 	 	 	 	 	 	 
distinct_count      	307                 	 	 	 	 	 	 	 	 	 	 
avg_col_len         	6.834630350194552   	 	 	 	 	 	 	 	 	 	 
max_col_len         	7                   	 	 	 	 	 	 	 	 	 	 
num_trues           	                    	 	 	 	 	 	 	 	 	 	 
num_falses          	                    	 	 	 	 	 	 	 	 	 	 
bitVector           	HL                  	 	 	 	 	 	 	 	 	 	 
comment             	from deserializer   	 	 	 	 	 	 	 	 	 	 
COLUMN_STATS_ACCURATE	{\"BASIC_STATS\":\"true\",\"COLUMN_STATS\":{\"key\":\"true\",\"value\":\"true\"}}	 	 	 	 	 	 	 	 	 	 
