PREHOOK: query: CREATE TABLE dest1_n83(c1 INT, c2 STRING) STORED AS TEXTFILE
PREHOOK: type: CREATETABLE
PREHOOK: Output: database:default
PREHOOK: Output: default@dest1_n83
POSTHOOK: query: CREATE TABLE dest1_n83(c1 INT, c2 STRING) STORED AS TEXTFILE
POSTHOOK: type: CREATETABLE
POSTHOOK: Output: database:default
POSTHOOK: Output: default@dest1_n83
PREHOOK: query: explain
FROM src JOIN srcpart ON src.key = srcpart.key AND srcpart.ds = '2008-04-08' and src.key > 100
INSERT OVERWRITE TABLE dest1_n83 SELECT src.key, srcpart.value
PREHOOK: type: QUERY
POSTHOOK: query: explain
FROM src JOIN srcpart ON src.key = srcpart.key AND srcpart.ds = '2008-04-08' and src.key > 100
INSERT OVERWRITE TABLE dest1_n83 SELECT src.key, srcpart.value
POSTHOOK: type: QUERY
STAGE DEPENDENCIES:
  Stage-6 is a root stage
  Stage-5 depends on stages: Stage-6
  Stage-0 depends on stages: Stage-5
  Stage-2 depends on stages: Stage-0, Stage-3
  Stage-3 depends on stages: Stage-5

STAGE PLANS:
  Stage: Stage-6
    Map Reduce Local Work
      Alias -> Map Local Tables:
        $hdt$_0:src 
          Fetch Operator
            limit: -1
      Alias -> Map Local Operator Tree:
        $hdt$_0:src 
          TableScan
            alias: src
            Statistics: Num rows: 500 Data size: 5312 Basic stats: COMPLETE Column stats: NONE
            Filter Operator
              predicate: (UDFToDouble(key) > 100.0D) (type: boolean)
              Statistics: Num rows: 166 Data size: 1763 Basic stats: COMPLETE Column stats: NONE
              Select Operator
                expressions: key (type: string)
                outputColumnNames: _col0
                Statistics: Num rows: 166 Data size: 1763 Basic stats: COMPLETE Column stats: NONE
                HashTable Sink Operator
                  keys:
                    0 _col0 (type: string)
                    1 _col0 (type: string)

  Stage: Stage-5
    Map Reduce
      Map Operator Tree:
          TableScan
            alias: srcpart
            Statistics: Num rows: 1000 Data size: 10624 Basic stats: COMPLETE Column stats: NONE
            Filter Operator
              predicate: (UDFToDouble(key) > 100.0D) (type: boolean)
              Statistics: Num rows: 333 Data size: 3537 Basic stats: COMPLETE Column stats: NONE
              Select Operator
                expressions: key (type: string), value (type: string)
                outputColumnNames: _col0, _col1
                Statistics: Num rows: 333 Data size: 3537 Basic stats: COMPLETE Column stats: NONE
                Map Join Operator
                  condition map:
                       Inner Join 0 to 1
                  keys:
                    0 _col0 (type: string)
                    1 _col0 (type: string)
                  outputColumnNames: _col0, _col2
                  Statistics: Num rows: 366 Data size: 3890 Basic stats: COMPLETE Column stats: NONE
                  Select Operator
                    expressions: UDFToInteger(_col0) (type: int), _col2 (type: string)
                    outputColumnNames: _col0, _col1
                    Statistics: Num rows: 366 Data size: 3890 Basic stats: COMPLETE Column stats: NONE
                    File Output Operator
                      compressed: false
                      Statistics: Num rows: 366 Data size: 3890 Basic stats: COMPLETE Column stats: NONE
                      table:
                          input format: org.apache.hadoop.mapred.TextInputFormat
                          output format: org.apache.hadoop.hive.ql.io.HiveIgnoreKeyTextOutputFormat
                          serde: org.apache.hadoop.hive.serde2.lazy.LazySimpleSerDe
                          name: default.dest1_n83
                    Select Operator
                      expressions: _col0 (type: int), _col1 (type: string)
                      outputColumnNames: c1, c2
                      Statistics: Num rows: 366 Data size: 3890 Basic stats: COMPLETE Column stats: NONE
                      Group By Operator
                        aggregations: compute_stats(c1, 'hll'), compute_stats(c2, 'hll')
                        mode: hash
                        outputColumnNames: _col0, _col1
                        Statistics: Num rows: 1 Data size: 864 Basic stats: COMPLETE Column stats: NONE
                        File Output Operator
                          compressed: false
                          table:
                              input format: org.apache.hadoop.mapred.SequenceFileInputFormat
                              output format: org.apache.hadoop.hive.ql.io.HiveSequenceFileOutputFormat
                              serde: org.apache.hadoop.hive.serde2.lazybinary.LazyBinarySerDe
      Local Work:
        Map Reduce Local Work

  Stage: Stage-0
    Move Operator
      tables:
          replace: true
          table:
              input format: org.apache.hadoop.mapred.TextInputFormat
              output format: org.apache.hadoop.hive.ql.io.HiveIgnoreKeyTextOutputFormat
              serde: org.apache.hadoop.hive.serde2.lazy.LazySimpleSerDe
              name: default.dest1_n83

  Stage: Stage-2
    Stats Work
      Basic Stats Work:
      Column Stats Desc:
          Columns: c1, c2
          Column Types: int, string
          Table: default.dest1_n83

  Stage: Stage-3
    Map Reduce
      Map Operator Tree:
          TableScan
            Reduce Output Operator
              sort order: 
              Statistics: Num rows: 1 Data size: 864 Basic stats: COMPLETE Column stats: NONE
              value expressions: _col0 (type: struct<columntype:string,min:bigint,max:bigint,countnulls:bigint,bitvector:binary>), _col1 (type: struct<columntype:string,maxlength:bigint,sumlength:bigint,count:bigint,countnulls:bigint,bitvector:binary>)
      Execution mode: vectorized
      Reduce Operator Tree:
        Group By Operator
          aggregations: compute_stats(VALUE._col0), compute_stats(VALUE._col1)
          mode: mergepartial
          outputColumnNames: _col0, _col1
          Statistics: Num rows: 1 Data size: 880 Basic stats: COMPLETE Column stats: NONE
          File Output Operator
            compressed: false
            Statistics: Num rows: 1 Data size: 880 Basic stats: COMPLETE Column stats: NONE
            table:
                input format: org.apache.hadoop.mapred.SequenceFileInputFormat
                output format: org.apache.hadoop.hive.ql.io.HiveSequenceFileOutputFormat
                serde: org.apache.hadoop.hive.serde2.lazy.LazySimpleSerDe

PREHOOK: query: FROM src JOIN srcpart ON src.key = srcpart.key AND srcpart.ds = '2008-04-08' and src.key > 100
INSERT OVERWRITE TABLE dest1_n83 SELECT src.key, srcpart.value
PREHOOK: type: QUERY
PREHOOK: Input: default@src
PREHOOK: Input: default@srcpart
PREHOOK: Input: default@srcpart@ds=2008-04-08/hr=11
PREHOOK: Input: default@srcpart@ds=2008-04-08/hr=12
PREHOOK: Output: default@dest1_n83
POSTHOOK: query: FROM src JOIN srcpart ON src.key = srcpart.key AND srcpart.ds = '2008-04-08' and src.key > 100
INSERT OVERWRITE TABLE dest1_n83 SELECT src.key, srcpart.value
POSTHOOK: type: QUERY
POSTHOOK: Input: default@src
POSTHOOK: Input: default@srcpart
POSTHOOK: Input: default@srcpart@ds=2008-04-08/hr=11
POSTHOOK: Input: default@srcpart@ds=2008-04-08/hr=12
POSTHOOK: Output: default@dest1_n83
POSTHOOK: Lineage: dest1_n83.c1 EXPRESSION [(src)src.FieldSchema(name:key, type:string, comment:default), ]
POSTHOOK: Lineage: dest1_n83.c2 SIMPLE [(srcpart)srcpart.FieldSchema(name:value, type:string, comment:default), ]
PREHOOK: query: SELECT sum(hash(dest1_n83.c1,dest1_n83.c2)) FROM dest1_n83
PREHOOK: type: QUERY
PREHOOK: Input: default@dest1_n83
#### A masked pattern was here ####
POSTHOOK: query: SELECT sum(hash(dest1_n83.c1,dest1_n83.c2)) FROM dest1_n83
POSTHOOK: type: QUERY
POSTHOOK: Input: default@dest1_n83
#### A masked pattern was here ####
404554174174
