PREHOOK: query: CREATE TABLE dest_j2(key INT, value STRING) STORED AS TEXTFILE
PREHOOK: type: CREATETABLE
PREHOOK: Output: database:default
PREHOOK: Output: default@dest_j2
POSTHOOK: query: CREATE TABLE dest_j2(key INT, value STRING) STORED AS TEXTFILE
POSTHOOK: type: CREATETABLE
POSTHOOK: Output: database:default
POSTHOOK: Output: default@dest_j2
PREHOOK: query: explain
FROM src src1 JOIN src src2 ON (src1.key = src2.key) JOIN src src3 ON (src1.key + src2.key = src3.key)
INSERT OVERWRITE TABLE dest_j2 SELECT src1.key, src3.value
PREHOOK: type: QUERY
POSTHOOK: query: explain
FROM src src1 JOIN src src2 ON (src1.key = src2.key) JOIN src src3 ON (src1.key + src2.key = src3.key)
INSERT OVERWRITE TABLE dest_j2 SELECT src1.key, src3.value
POSTHOOK: type: QUERY
STAGE DEPENDENCIES:
  Stage-9 is a root stage
  Stage-7 depends on stages: Stage-9
  Stage-0 depends on stages: Stage-7
  Stage-3 depends on stages: Stage-0, Stage-4
  Stage-4 depends on stages: Stage-7

STAGE PLANS:
  Stage: Stage-9
    Map Reduce Local Work
      Alias -> Map Local Tables:
        $hdt$_0:src1 
          Fetch Operator
            limit: -1
        $hdt$_2:src3 
          Fetch Operator
            limit: -1
      Alias -> Map Local Operator Tree:
        $hdt$_0:src1 
          TableScan
            alias: src1
            Statistics: Num rows: 500 Data size: 5312 Basic stats: COMPLETE Column stats: NONE
            Filter Operator
              predicate: key is not null (type: boolean)
              Statistics: Num rows: 500 Data size: 5312 Basic stats: COMPLETE Column stats: NONE
              Select Operator
                expressions: key (type: string)
                outputColumnNames: _col0
                Statistics: Num rows: 500 Data size: 5312 Basic stats: COMPLETE Column stats: NONE
                HashTable Sink Operator
                  keys:
                    0 _col0 (type: string)
                    1 _col0 (type: string)
        $hdt$_2:src3 
          TableScan
            alias: src3
            Statistics: Num rows: 500 Data size: 5312 Basic stats: COMPLETE Column stats: NONE
            Filter Operator
              predicate: key is not null (type: boolean)
              Statistics: Num rows: 500 Data size: 5312 Basic stats: COMPLETE Column stats: NONE
              Select Operator
                expressions: key (type: string), value (type: string)
                outputColumnNames: _col0, _col1
                Statistics: Num rows: 500 Data size: 5312 Basic stats: COMPLETE Column stats: NONE
                HashTable Sink Operator
                  keys:
                    0 (UDFToDouble(_col0) + UDFToDouble(_col1)) (type: double)
                    1 UDFToDouble(_col0) (type: double)

  Stage: Stage-7
    Map Reduce
      Map Operator Tree:
          TableScan
            alias: src2
            Statistics: Num rows: 500 Data size: 5312 Basic stats: COMPLETE Column stats: NONE
            Filter Operator
              predicate: key is not null (type: boolean)
              Statistics: Num rows: 500 Data size: 5312 Basic stats: COMPLETE Column stats: NONE
              Select Operator
                expressions: key (type: string)
                outputColumnNames: _col0
                Statistics: Num rows: 500 Data size: 5312 Basic stats: COMPLETE Column stats: NONE
                Map Join Operator
                  condition map:
                       Inner Join 0 to 1
                  keys:
                    0 _col0 (type: string)
                    1 _col0 (type: string)
                  outputColumnNames: _col0, _col1
                  Statistics: Num rows: 550 Data size: 5843 Basic stats: COMPLETE Column stats: NONE
                  Map Join Operator
                    condition map:
                         Inner Join 0 to 1
                    keys:
                      0 (UDFToDouble(_col0) + UDFToDouble(_col1)) (type: double)
                      1 UDFToDouble(_col0) (type: double)
                    outputColumnNames: _col0, _col3
                    Statistics: Num rows: 605 Data size: 6427 Basic stats: COMPLETE Column stats: NONE
                    Select Operator
                      expressions: UDFToInteger(_col0) (type: int), _col3 (type: string)
                      outputColumnNames: _col0, _col1
                      Statistics: Num rows: 605 Data size: 6427 Basic stats: COMPLETE Column stats: NONE
                      File Output Operator
                        compressed: false
                        Statistics: Num rows: 605 Data size: 6427 Basic stats: COMPLETE Column stats: NONE
                        table:
                            input format: org.apache.hadoop.mapred.TextInputFormat
                            output format: org.apache.hadoop.hive.ql.io.HiveIgnoreKeyTextOutputFormat
                            serde: org.apache.hadoop.hive.serde2.lazy.LazySimpleSerDe
                            name: default.dest_j2
                      Select Operator
                        expressions: _col0 (type: int), _col1 (type: string)
                        outputColumnNames: key, value
                        Statistics: Num rows: 605 Data size: 6427 Basic stats: COMPLETE Column stats: NONE
                        Group By Operator
                          aggregations: compute_stats(key, 'hll'), compute_stats(value, 'hll')
                          mode: hash
                          outputColumnNames: _col0, _col1
                          Statistics: Num rows: 1 Data size: 864 Basic stats: COMPLETE Column stats: NONE
                          File Output Operator
                            compressed: false
                            table:
                                input format: org.apache.hadoop.mapred.SequenceFileInputFormat
                                output format: org.apache.hadoop.hive.ql.io.HiveSequenceFileOutputFormat
                                serde: org.apache.hadoop.hive.serde2.lazybinary.LazyBinarySerDe
      Local Work:
        Map Reduce Local Work

  Stage: Stage-0
    Move Operator
      tables:
          replace: true
          table:
              input format: org.apache.hadoop.mapred.TextInputFormat
              output format: org.apache.hadoop.hive.ql.io.HiveIgnoreKeyTextOutputFormat
              serde: org.apache.hadoop.hive.serde2.lazy.LazySimpleSerDe
              name: default.dest_j2

  Stage: Stage-3
    Stats Work
      Basic Stats Work:
      Column Stats Desc:
          Columns: key, value
          Column Types: int, string
          Table: default.dest_j2

  Stage: Stage-4
    Map Reduce
      Map Operator Tree:
          TableScan
            Reduce Output Operator
              sort order: 
              Statistics: Num rows: 1 Data size: 864 Basic stats: COMPLETE Column stats: NONE
              value expressions: _col0 (type: struct<columntype:string,min:bigint,max:bigint,countnulls:bigint,bitvector:binary>), _col1 (type: struct<columntype:string,maxlength:bigint,sumlength:bigint,count:bigint,countnulls:bigint,bitvector:binary>)
      Execution mode: vectorized
      Reduce Operator Tree:
        Group By Operator
          aggregations: compute_stats(VALUE._col0), compute_stats(VALUE._col1)
          mode: mergepartial
          outputColumnNames: _col0, _col1
          Statistics: Num rows: 1 Data size: 880 Basic stats: COMPLETE Column stats: NONE
          File Output Operator
            compressed: false
            Statistics: Num rows: 1 Data size: 880 Basic stats: COMPLETE Column stats: NONE
            table:
                input format: org.apache.hadoop.mapred.SequenceFileInputFormat
                output format: org.apache.hadoop.hive.ql.io.HiveSequenceFileOutputFormat
                serde: org.apache.hadoop.hive.serde2.lazy.LazySimpleSerDe

PREHOOK: query: FROM src src1 JOIN src src2 ON (src1.key = src2.key) JOIN src src3 ON (src1.key + src2.key = src3.key)
INSERT OVERWRITE TABLE dest_j2 SELECT src1.key, src3.value
PREHOOK: type: QUERY
PREHOOK: Input: default@src
PREHOOK: Output: default@dest_j2
POSTHOOK: query: FROM src src1 JOIN src src2 ON (src1.key = src2.key) JOIN src src3 ON (src1.key + src2.key = src3.key)
INSERT OVERWRITE TABLE dest_j2 SELECT src1.key, src3.value
POSTHOOK: type: QUERY
POSTHOOK: Input: default@src
POSTHOOK: Output: default@dest_j2
POSTHOOK: Lineage: dest_j2.key EXPRESSION [(src)src1.FieldSchema(name:key, type:string, comment:default), ]
POSTHOOK: Lineage: dest_j2.value SIMPLE [(src)src3.FieldSchema(name:value, type:string, comment:default), ]
PREHOOK: query: SELECT sum(hash(dest_j2.key,dest_j2.value)) FROM dest_j2
PREHOOK: type: QUERY
PREHOOK: Input: default@dest_j2
#### A masked pattern was here ####
POSTHOOK: query: SELECT sum(hash(dest_j2.key,dest_j2.value)) FROM dest_j2
POSTHOOK: type: QUERY
POSTHOOK: Input: default@dest_j2
#### A masked pattern was here ####
33815990627
