PREHOOK: query: CREATE TABLE dest1(key INT, value STRING) STORED AS TEXTFILE
PREHOOK: type: CREATETABLE
PREHOOK: Output: database:default
POSTHOOK: query: CREATE TABLE dest1(key INT, value STRING) STORED AS TEXTFILE
POSTHOOK: type: CREATETABLE
POSTHOOK: Output: database:default
POSTHOOK: Output: default@dest1
PREHOOK: query: explain
FROM srcpart src1 JOIN src src2 ON (src1.key = src2.key)
INSERT OVERWRITE TABLE dest1 SELECT src1.key, src2.value where src1.ds = '2008-04-08' and src1.hr = '12'
PREHOOK: type: QUERY
POSTHOOK: query: explain
FROM srcpart src1 JOIN src src2 ON (src1.key = src2.key)
INSERT OVERWRITE TABLE dest1 SELECT src1.key, src2.value where src1.ds = '2008-04-08' and src1.hr = '12'
POSTHOOK: type: QUERY
STAGE DEPENDENCIES:
  Stage-5 is a root stage
  Stage-4 depends on stages: Stage-5
  Stage-0 depends on stages: Stage-4
  Stage-2 depends on stages: Stage-0

STAGE PLANS:
  Stage: Stage-5
    Map Reduce Local Work
      Alias -> Map Local Tables:
        src1 
          Fetch Operator
            limit: -1
      Alias -> Map Local Operator Tree:
        src1 
          TableScan
            alias: src1
            Statistics: Num rows: 58 Data size: 5812 Basic stats: COMPLETE Column stats: NONE
            HashTable Sink Operator
              condition expressions:
                0 {key}
                1 {value}
              keys:
                0 key (type: string)
                1 key (type: string)

  Stage: Stage-4
    Map Reduce
      Map Operator Tree:
          TableScan
            alias: src2
            Statistics: Num rows: 29 Data size: 5812 Basic stats: COMPLETE Column stats: NONE
            Map Join Operator
              condition map:
                   Inner Join 0 to 1
              condition expressions:
                0 {key}
                1 {value}
              keys:
                0 key (type: string)
                1 key (type: string)
              outputColumnNames: _col0, _col7
              Statistics: Num rows: 63 Data size: 6393 Basic stats: COMPLETE Column stats: NONE
              Select Operator
                expressions: UDFToInteger(_col0) (type: int), _col7 (type: string)
                outputColumnNames: _col0, _col1
                Statistics: Num rows: 63 Data size: 6393 Basic stats: COMPLETE Column stats: NONE
                File Output Operator
                  compressed: false
                  Statistics: Num rows: 63 Data size: 6393 Basic stats: COMPLETE Column stats: NONE
                  table:
                      input format: org.apache.hadoop.mapred.TextInputFormat
                      output format: org.apache.hadoop.hive.ql.io.HiveIgnoreKeyTextOutputFormat
                      serde: org.apache.hadoop.hive.serde2.lazy.LazySimpleSerDe
                      name: default.dest1
      Local Work:
        Map Reduce Local Work

  Stage: Stage-0
    Move Operator
      tables:
          replace: true
          table:
              input format: org.apache.hadoop.mapred.TextInputFormat
              output format: org.apache.hadoop.hive.ql.io.HiveIgnoreKeyTextOutputFormat
              serde: org.apache.hadoop.hive.serde2.lazy.LazySimpleSerDe
              name: default.dest1

  Stage: Stage-2
    Stats-Aggr Operator

PREHOOK: query: FROM srcpart src1 JOIN src src2 ON (src1.key = src2.key)
INSERT OVERWRITE TABLE dest1 SELECT src1.key, src2.value where src1.ds = '2008-04-08' and src1.hr = '12'
PREHOOK: type: QUERY
PREHOOK: Input: default@src
PREHOOK: Input: default@srcpart
PREHOOK: Input: default@srcpart@ds=2008-04-08/hr=12
PREHOOK: Output: default@dest1
POSTHOOK: query: FROM srcpart src1 JOIN src src2 ON (src1.key = src2.key)
INSERT OVERWRITE TABLE dest1 SELECT src1.key, src2.value where src1.ds = '2008-04-08' and src1.hr = '12'
POSTHOOK: type: QUERY
POSTHOOK: Input: default@src
POSTHOOK: Input: default@srcpart
POSTHOOK: Input: default@srcpart@ds=2008-04-08/hr=12
POSTHOOK: Output: default@dest1
POSTHOOK: Lineage: dest1.key EXPRESSION [(srcpart)src1.FieldSchema(name:key, type:string, comment:default), ]
POSTHOOK: Lineage: dest1.value SIMPLE [(src)src2.FieldSchema(name:value, type:string, comment:default), ]
PREHOOK: query: SELECT sum(hash(dest1.key,dest1.value)) FROM dest1
PREHOOK: type: QUERY
PREHOOK: Input: default@dest1
#### A masked pattern was here ####
POSTHOOK: query: SELECT sum(hash(dest1.key,dest1.value)) FROM dest1
POSTHOOK: type: QUERY
POSTHOOK: Input: default@dest1
#### A masked pattern was here ####
POSTHOOK: Lineage: dest1.key EXPRESSION [(srcpart)src1.FieldSchema(name:key, type:string, comment:default), ]
POSTHOOK: Lineage: dest1.value SIMPLE [(src)src2.FieldSchema(name:value, type:string, comment:default), ]
101861029915
