PREHOOK: query: explain
SELECT * FROM src src1 LEFT OUTER JOIN src src2 ON (src1.key = src2.key AND src1.key < 10 AND src2.key > 10) RIGHT OUTER JOIN src src3 ON (src2.key = src3.key AND src3.key < 10) SORT BY src1.key, src1.value, src2.key, src2.value, src3.key, src3.value
PREHOOK: type: QUERY
POSTHOOK: query: explain
SELECT * FROM src src1 LEFT OUTER JOIN src src2 ON (src1.key = src2.key AND src1.key < 10 AND src2.key > 10) RIGHT OUTER JOIN src src3 ON (src2.key = src3.key AND src3.key < 10) SORT BY src1.key, src1.value, src2.key, src2.value, src3.key, src3.value
POSTHOOK: type: QUERY
STAGE DEPENDENCIES:
  Stage-6 is a root stage
  Stage-2 depends on stages: Stage-6
  Stage-0 depends on stages: Stage-2

STAGE PLANS:
  Stage: Stage-6
    Map Reduce Local Work
      Alias -> Map Local Tables:
        src1 
          Fetch Operator
            limit: -1
        src2 
          Fetch Operator
            limit: -1
      Alias -> Map Local Operator Tree:
        src1 
          TableScan
            alias: src1
            Statistics: Num rows: 500 Data size: 5312 Basic stats: COMPLETE Column stats: NONE
            HashTable Sink Operator
              filter predicates:
                0 {(key < 10)}
                1 
                2 {(key < 10)}
              keys:
                0 key (type: string)
                1 key (type: string)
                2 key (type: string)
        src2 
          TableScan
            alias: src2
            Statistics: Num rows: 500 Data size: 5312 Basic stats: COMPLETE Column stats: NONE
            Filter Operator
              predicate: (key > 10) (type: boolean)
              Statistics: Num rows: 166 Data size: 1763 Basic stats: COMPLETE Column stats: NONE
              HashTable Sink Operator
                filter predicates:
                  0 {(key < 10)}
                  1 
                  2 {(key < 10)}
                keys:
                  0 key (type: string)
                  1 key (type: string)
                  2 key (type: string)

  Stage: Stage-2
    Map Reduce
      Map Operator Tree:
          TableScan
            alias: src3
            Statistics: Num rows: 500 Data size: 5312 Basic stats: COMPLETE Column stats: NONE
            Map Join Operator
              condition map:
                   Left Outer Join 0 to 1
                   Right Outer Join 1 to 2
              filter predicates:
                0 {(key < 10)}
                1 
                2 {(key < 10)}
              keys:
                0 key (type: string)
                1 key (type: string)
                2 key (type: string)
              outputColumnNames: _col0, _col1, _col5, _col6, _col10, _col11
              Statistics: Num rows: 1100 Data size: 11686 Basic stats: COMPLETE Column stats: NONE
              Select Operator
                expressions: _col0 (type: string), _col1 (type: string), _col5 (type: string), _col6 (type: string), _col10 (type: string), _col11 (type: string)
                outputColumnNames: _col0, _col1, _col2, _col3, _col4, _col5
                Statistics: Num rows: 1100 Data size: 11686 Basic stats: COMPLETE Column stats: NONE
                Reduce Output Operator
                  key expressions: _col0 (type: string), _col1 (type: string), _col2 (type: string), _col3 (type: string), _col4 (type: string), _col5 (type: string)
                  sort order: ++++++
                  Statistics: Num rows: 1100 Data size: 11686 Basic stats: COMPLETE Column stats: NONE
      Local Work:
        Map Reduce Local Work
      Reduce Operator Tree:
        Select Operator
          expressions: KEY.reducesinkkey0 (type: string), KEY.reducesinkkey1 (type: string), KEY.reducesinkkey2 (type: string), KEY.reducesinkkey3 (type: string), KEY.reducesinkkey4 (type: string), KEY.reducesinkkey5 (type: string)
          outputColumnNames: _col0, _col1, _col2, _col3, _col4, _col5
          Statistics: Num rows: 1100 Data size: 11686 Basic stats: COMPLETE Column stats: NONE
          File Output Operator
            compressed: false
            Statistics: Num rows: 1100 Data size: 11686 Basic stats: COMPLETE Column stats: NONE
            table:
                input format: org.apache.hadoop.mapred.SequenceFileInputFormat
                output format: org.apache.hadoop.hive.ql.io.HiveSequenceFileOutputFormat
                serde: org.apache.hadoop.hive.serde2.lazy.LazySimpleSerDe

  Stage: Stage-0
    Fetch Operator
      limit: -1
      Processor Tree:
        ListSink

PREHOOK: query: explain
SELECT * FROM src src1 LEFT OUTER JOIN src src2 ON (src1.key = src2.key AND src1.key < 10 AND src2.key > 10) LEFT OUTER JOIN src src3 ON (src2.key = src3.key AND src3.key < 10) SORT BY src1.key, src1.value, src2.key, src2.value, src3.key, src3.value
PREHOOK: type: QUERY
POSTHOOK: query: explain
SELECT * FROM src src1 LEFT OUTER JOIN src src2 ON (src1.key = src2.key AND src1.key < 10 AND src2.key > 10) LEFT OUTER JOIN src src3 ON (src2.key = src3.key AND src3.key < 10) SORT BY src1.key, src1.value, src2.key, src2.value, src3.key, src3.value
POSTHOOK: type: QUERY
STAGE DEPENDENCIES:
  Stage-6 is a root stage
  Stage-2 depends on stages: Stage-6
  Stage-0 depends on stages: Stage-2

STAGE PLANS:
  Stage: Stage-6
    Map Reduce Local Work
      Alias -> Map Local Tables:
        src2 
          Fetch Operator
            limit: -1
        src3 
          Fetch Operator
            limit: -1
      Alias -> Map Local Operator Tree:
        src2 
          TableScan
            alias: src2
            Statistics: Num rows: 500 Data size: 5312 Basic stats: COMPLETE Column stats: NONE
            Filter Operator
              predicate: (key > 10) (type: boolean)
              Statistics: Num rows: 166 Data size: 1763 Basic stats: COMPLETE Column stats: NONE
              HashTable Sink Operator
                filter predicates:
                  0 {(key < 10)}
                  1 
                  2 
                keys:
                  0 key (type: string)
                  1 key (type: string)
                  2 key (type: string)
        src3 
          TableScan
            alias: src3
            Statistics: Num rows: 500 Data size: 5312 Basic stats: COMPLETE Column stats: NONE
            Filter Operator
              predicate: ((key > 10) and (key < 10)) (type: boolean)
              Statistics: Num rows: 55 Data size: 584 Basic stats: COMPLETE Column stats: NONE
              HashTable Sink Operator
                filter predicates:
                  0 {(key < 10)}
                  1 
                  2 
                keys:
                  0 key (type: string)
                  1 key (type: string)
                  2 key (type: string)

  Stage: Stage-2
    Map Reduce
      Map Operator Tree:
          TableScan
            alias: src1
            Statistics: Num rows: 500 Data size: 5312 Basic stats: COMPLETE Column stats: NONE
            Map Join Operator
              condition map:
                   Left Outer Join 0 to 1
                   Left Outer Join 1 to 2
              filter predicates:
                0 {(key < 10)}
                1 
                2 
              keys:
                0 key (type: string)
                1 key (type: string)
                2 key (type: string)
              outputColumnNames: _col0, _col1, _col5, _col6, _col10, _col11
              Statistics: Num rows: 1100 Data size: 11686 Basic stats: COMPLETE Column stats: NONE
              Select Operator
                expressions: _col0 (type: string), _col1 (type: string), _col5 (type: string), _col6 (type: string), _col10 (type: string), _col11 (type: string)
                outputColumnNames: _col0, _col1, _col2, _col3, _col4, _col5
                Statistics: Num rows: 1100 Data size: 11686 Basic stats: COMPLETE Column stats: NONE
                Reduce Output Operator
                  key expressions: _col0 (type: string), _col1 (type: string), _col2 (type: string), _col3 (type: string), _col4 (type: string), _col5 (type: string)
                  sort order: ++++++
                  Statistics: Num rows: 1100 Data size: 11686 Basic stats: COMPLETE Column stats: NONE
      Local Work:
        Map Reduce Local Work
      Reduce Operator Tree:
        Select Operator
          expressions: KEY.reducesinkkey0 (type: string), KEY.reducesinkkey1 (type: string), KEY.reducesinkkey2 (type: string), KEY.reducesinkkey3 (type: string), KEY.reducesinkkey4 (type: string), KEY.reducesinkkey5 (type: string)
          outputColumnNames: _col0, _col1, _col2, _col3, _col4, _col5
          Statistics: Num rows: 1100 Data size: 11686 Basic stats: COMPLETE Column stats: NONE
          File Output Operator
            compressed: false
            Statistics: Num rows: 1100 Data size: 11686 Basic stats: COMPLETE Column stats: NONE
            table:
                input format: org.apache.hadoop.mapred.SequenceFileInputFormat
                output format: org.apache.hadoop.hive.ql.io.HiveSequenceFileOutputFormat
                serde: org.apache.hadoop.hive.serde2.lazy.LazySimpleSerDe

  Stage: Stage-0
    Fetch Operator
      limit: -1
      Processor Tree:
        ListSink

PREHOOK: query: explain
SELECT * FROM src src1 RIGHT OUTER JOIN src src2 ON (src1.key = src2.key AND src1.key < 10 AND src2.key > 10) LEFT OUTER JOIN src src3 ON (src2.key = src3.key AND src3.key < 10) SORT BY src1.key, src1.value, src2.key, src2.value, src3.key, src3.value
PREHOOK: type: QUERY
POSTHOOK: query: explain
SELECT * FROM src src1 RIGHT OUTER JOIN src src2 ON (src1.key = src2.key AND src1.key < 10 AND src2.key > 10) LEFT OUTER JOIN src src3 ON (src2.key = src3.key AND src3.key < 10) SORT BY src1.key, src1.value, src2.key, src2.value, src3.key, src3.value
POSTHOOK: type: QUERY
STAGE DEPENDENCIES:
  Stage-6 is a root stage
  Stage-2 depends on stages: Stage-6
  Stage-0 depends on stages: Stage-2

STAGE PLANS:
  Stage: Stage-6
    Map Reduce Local Work
      Alias -> Map Local Tables:
        src1 
          Fetch Operator
            limit: -1
        src3 
          Fetch Operator
            limit: -1
      Alias -> Map Local Operator Tree:
        src1 
          TableScan
            alias: src1
            Statistics: Num rows: 500 Data size: 5312 Basic stats: COMPLETE Column stats: NONE
            Filter Operator
              predicate: (key < 10) (type: boolean)
              Statistics: Num rows: 166 Data size: 1763 Basic stats: COMPLETE Column stats: NONE
              HashTable Sink Operator
                filter predicates:
                  0 
                  1 {(key > 10)}
                  2 
                keys:
                  0 key (type: string)
                  1 key (type: string)
                  2 key (type: string)
        src3 
          TableScan
            alias: src3
            Statistics: Num rows: 500 Data size: 5312 Basic stats: COMPLETE Column stats: NONE
            Filter Operator
              predicate: (key < 10) (type: boolean)
              Statistics: Num rows: 166 Data size: 1763 Basic stats: COMPLETE Column stats: NONE
              HashTable Sink Operator
                filter predicates:
                  0 
                  1 {(key > 10)}
                  2 
                keys:
                  0 key (type: string)
                  1 key (type: string)
                  2 key (type: string)

  Stage: Stage-2
    Map Reduce
      Map Operator Tree:
          TableScan
            alias: src2
            Statistics: Num rows: 500 Data size: 5312 Basic stats: COMPLETE Column stats: NONE
            Map Join Operator
              condition map:
                   Right Outer Join 0 to 1
                   Left Outer Join 1 to 2
              filter predicates:
                0 
                1 {(key > 10)}
                2 
              keys:
                0 key (type: string)
                1 key (type: string)
                2 key (type: string)
              outputColumnNames: _col0, _col1, _col5, _col6, _col10, _col11
              Statistics: Num rows: 1100 Data size: 11686 Basic stats: COMPLETE Column stats: NONE
              Select Operator
                expressions: _col0 (type: string), _col1 (type: string), _col5 (type: string), _col6 (type: string), _col10 (type: string), _col11 (type: string)
                outputColumnNames: _col0, _col1, _col2, _col3, _col4, _col5
                Statistics: Num rows: 1100 Data size: 11686 Basic stats: COMPLETE Column stats: NONE
                Reduce Output Operator
                  key expressions: _col0 (type: string), _col1 (type: string), _col2 (type: string), _col3 (type: string), _col4 (type: string), _col5 (type: string)
                  sort order: ++++++
                  Statistics: Num rows: 1100 Data size: 11686 Basic stats: COMPLETE Column stats: NONE
      Local Work:
        Map Reduce Local Work
      Reduce Operator Tree:
        Select Operator
          expressions: KEY.reducesinkkey0 (type: string), KEY.reducesinkkey1 (type: string), KEY.reducesinkkey2 (type: string), KEY.reducesinkkey3 (type: string), KEY.reducesinkkey4 (type: string), KEY.reducesinkkey5 (type: string)
          outputColumnNames: _col0, _col1, _col2, _col3, _col4, _col5
          Statistics: Num rows: 1100 Data size: 11686 Basic stats: COMPLETE Column stats: NONE
          File Output Operator
            compressed: false
            Statistics: Num rows: 1100 Data size: 11686 Basic stats: COMPLETE Column stats: NONE
            table:
                input format: org.apache.hadoop.mapred.SequenceFileInputFormat
                output format: org.apache.hadoop.hive.ql.io.HiveSequenceFileOutputFormat
                serde: org.apache.hadoop.hive.serde2.lazy.LazySimpleSerDe

  Stage: Stage-0
    Fetch Operator
      limit: -1
      Processor Tree:
        ListSink

PREHOOK: query: explain
SELECT * FROM src src1 RIGHT OUTER JOIN src src2 ON (src1.key = src2.key AND src1.key < 10 AND src2.key > 10) RIGHT OUTER JOIN src src3 ON (src2.key = src3.key AND src3.key < 10) SORT BY src1.key, src1.value, src2.key, src2.value, src3.key, src3.value
PREHOOK: type: QUERY
POSTHOOK: query: explain
SELECT * FROM src src1 RIGHT OUTER JOIN src src2 ON (src1.key = src2.key AND src1.key < 10 AND src2.key > 10) RIGHT OUTER JOIN src src3 ON (src2.key = src3.key AND src3.key < 10) SORT BY src1.key, src1.value, src2.key, src2.value, src3.key, src3.value
POSTHOOK: type: QUERY
STAGE DEPENDENCIES:
  Stage-6 is a root stage
  Stage-2 depends on stages: Stage-6
  Stage-0 depends on stages: Stage-2

STAGE PLANS:
  Stage: Stage-6
    Map Reduce Local Work
      Alias -> Map Local Tables:
        src1 
          Fetch Operator
            limit: -1
        src2 
          Fetch Operator
            limit: -1
      Alias -> Map Local Operator Tree:
        src1 
          TableScan
            alias: src1
            Statistics: Num rows: 500 Data size: 5312 Basic stats: COMPLETE Column stats: NONE
            Filter Operator
              predicate: (key < 10) (type: boolean)
              Statistics: Num rows: 166 Data size: 1763 Basic stats: COMPLETE Column stats: NONE
              HashTable Sink Operator
                filter predicates:
                  0 
                  1 {(key > 10)}
                  2 {(key < 10)}
                keys:
                  0 key (type: string)
                  1 key (type: string)
                  2 key (type: string)
        src2 
          TableScan
            alias: src2
            Statistics: Num rows: 500 Data size: 5312 Basic stats: COMPLETE Column stats: NONE
            HashTable Sink Operator
              filter predicates:
                0 
                1 {(key > 10)}
                2 {(key < 10)}
              keys:
                0 key (type: string)
                1 key (type: string)
                2 key (type: string)

  Stage: Stage-2
    Map Reduce
      Map Operator Tree:
          TableScan
            alias: src3
            Statistics: Num rows: 500 Data size: 5312 Basic stats: COMPLETE Column stats: NONE
            Map Join Operator
              condition map:
                   Right Outer Join 0 to 1
                   Right Outer Join 1 to 2
              filter predicates:
                0 
                1 {(key > 10)}
                2 {(key < 10)}
              keys:
                0 key (type: string)
                1 key (type: string)
                2 key (type: string)
              outputColumnNames: _col0, _col1, _col5, _col6, _col10, _col11
              Statistics: Num rows: 1100 Data size: 11686 Basic stats: COMPLETE Column stats: NONE
              Select Operator
                expressions: _col0 (type: string), _col1 (type: string), _col5 (type: string), _col6 (type: string), _col10 (type: string), _col11 (type: string)
                outputColumnNames: _col0, _col1, _col2, _col3, _col4, _col5
                Statistics: Num rows: 1100 Data size: 11686 Basic stats: COMPLETE Column stats: NONE
                Reduce Output Operator
                  key expressions: _col0 (type: string), _col1 (type: string), _col2 (type: string), _col3 (type: string), _col4 (type: string), _col5 (type: string)
                  sort order: ++++++
                  Statistics: Num rows: 1100 Data size: 11686 Basic stats: COMPLETE Column stats: NONE
      Local Work:
        Map Reduce Local Work
      Reduce Operator Tree:
        Select Operator
          expressions: KEY.reducesinkkey0 (type: string), KEY.reducesinkkey1 (type: string), KEY.reducesinkkey2 (type: string), KEY.reducesinkkey3 (type: string), KEY.reducesinkkey4 (type: string), KEY.reducesinkkey5 (type: string)
          outputColumnNames: _col0, _col1, _col2, _col3, _col4, _col5
          Statistics: Num rows: 1100 Data size: 11686 Basic stats: COMPLETE Column stats: NONE
          File Output Operator
            compressed: false
            Statistics: Num rows: 1100 Data size: 11686 Basic stats: COMPLETE Column stats: NONE
            table:
                input format: org.apache.hadoop.mapred.SequenceFileInputFormat
                output format: org.apache.hadoop.hive.ql.io.HiveSequenceFileOutputFormat
                serde: org.apache.hadoop.hive.serde2.lazy.LazySimpleSerDe

  Stage: Stage-0
    Fetch Operator
      limit: -1
      Processor Tree:
        ListSink

