PREHOOK: query: explain
SELECT sum(hash(src5.src1_value)) FROM (SELECT src3.*, src4.value as src4_value, src4.key as src4_key FROM src src4 JOIN (SELECT src2.*, src1.key as src1_key, src1.value as src1_value FROM src src1 JOIN src src2 ON src1.key = src2.key) src3 ON src3.src1_key = src4.key) src5
PREHOOK: type: QUERY
POSTHOOK: query: explain
SELECT sum(hash(src5.src1_value)) FROM (SELECT src3.*, src4.value as src4_value, src4.key as src4_key FROM src src4 JOIN (SELECT src2.*, src1.key as src1_key, src1.value as src1_value FROM src src1 JOIN src src2 ON src1.key = src2.key) src3 ON src3.src1_key = src4.key) src5
POSTHOOK: type: QUERY
STAGE DEPENDENCIES:
  Stage-8 is a root stage
  Stage-3 depends on stages: Stage-8
  Stage-0 depends on stages: Stage-3

STAGE PLANS:
  Stage: Stage-8
    Map Reduce Local Work
      Alias -> Map Local Tables:
        $hdt$_0:$hdt$_0:$hdt$_0:src1 
          Fetch Operator
            limit: -1
        $hdt$_0:$hdt$_1:src4 
          Fetch Operator
            limit: -1
      Alias -> Map Local Operator Tree:
        $hdt$_0:$hdt$_0:$hdt$_0:src1 
          TableScan
            alias: src1
            Statistics: Num rows: 500 Data size: 5312 Basic stats: COMPLETE Column stats: NONE
            Filter Operator
              predicate: key is not null (type: boolean)
              Statistics: Num rows: 500 Data size: 5312 Basic stats: COMPLETE Column stats: NONE
              Select Operator
                expressions: key (type: string), value (type: string)
                outputColumnNames: _col0, _col1
                Statistics: Num rows: 500 Data size: 5312 Basic stats: COMPLETE Column stats: NONE
                HashTable Sink Operator
                  keys:
                    0 _col0 (type: string)
                    1 _col0 (type: string)
        $hdt$_0:$hdt$_1:src4 
          TableScan
            alias: src4
            Statistics: Num rows: 500 Data size: 5312 Basic stats: COMPLETE Column stats: NONE
            Filter Operator
              predicate: key is not null (type: boolean)
              Statistics: Num rows: 500 Data size: 5312 Basic stats: COMPLETE Column stats: NONE
              Select Operator
                expressions: key (type: string)
                outputColumnNames: _col0
                Statistics: Num rows: 500 Data size: 5312 Basic stats: COMPLETE Column stats: NONE
                HashTable Sink Operator
                  keys:
                    0 _col0 (type: string)
                    1 _col0 (type: string)

  Stage: Stage-3
    Map Reduce
      Map Operator Tree:
          TableScan
            alias: src2
            Statistics: Num rows: 500 Data size: 5312 Basic stats: COMPLETE Column stats: NONE
            Filter Operator
              predicate: key is not null (type: boolean)
              Statistics: Num rows: 500 Data size: 5312 Basic stats: COMPLETE Column stats: NONE
              Select Operator
                expressions: key (type: string)
                outputColumnNames: _col0
                Statistics: Num rows: 500 Data size: 5312 Basic stats: COMPLETE Column stats: NONE
                Map Join Operator
                  condition map:
                       Inner Join 0 to 1
                  keys:
                    0 _col0 (type: string)
                    1 _col0 (type: string)
                  outputColumnNames: _col0, _col1
                  Statistics: Num rows: 550 Data size: 5843 Basic stats: COMPLETE Column stats: NONE
                  Map Join Operator
                    condition map:
                         Inner Join 0 to 1
                    keys:
                      0 _col0 (type: string)
                      1 _col0 (type: string)
                    outputColumnNames: _col1
                    Statistics: Num rows: 605 Data size: 6427 Basic stats: COMPLETE Column stats: NONE
                    Select Operator
                      expressions: hash(_col1) (type: int)
                      outputColumnNames: _col0
                      Statistics: Num rows: 605 Data size: 6427 Basic stats: COMPLETE Column stats: NONE
                      Group By Operator
                        aggregations: sum(_col0)
                        mode: hash
                        outputColumnNames: _col0
                        Statistics: Num rows: 1 Data size: 8 Basic stats: COMPLETE Column stats: NONE
                        Reduce Output Operator
                          sort order: 
                          Statistics: Num rows: 1 Data size: 8 Basic stats: COMPLETE Column stats: NONE
                          value expressions: _col0 (type: bigint)
      Execution mode: vectorized
      Local Work:
        Map Reduce Local Work
      Reduce Operator Tree:
        Group By Operator
          aggregations: sum(VALUE._col0)
          mode: mergepartial
          outputColumnNames: _col0
          Statistics: Num rows: 1 Data size: 8 Basic stats: COMPLETE Column stats: NONE
          File Output Operator
            compressed: false
            Statistics: Num rows: 1 Data size: 8 Basic stats: COMPLETE Column stats: NONE
            table:
                input format: org.apache.hadoop.mapred.SequenceFileInputFormat
                output format: org.apache.hadoop.hive.ql.io.HiveSequenceFileOutputFormat
                serde: org.apache.hadoop.hive.serde2.lazy.LazySimpleSerDe

  Stage: Stage-0
    Fetch Operator
      limit: -1
      Processor Tree:
        ListSink

PREHOOK: query: SELECT sum(hash(src5.src1_value)) FROM (SELECT src3.*, src4.value as src4_value, src4.key as src4_key FROM src src4 JOIN (SELECT src2.*, src1.key as src1_key, src1.value as src1_value FROM src src1 JOIN src src2 ON src1.key = src2.key) src3 ON src3.src1_key = src4.key) src5
PREHOOK: type: QUERY
PREHOOK: Input: default@src
#### A masked pattern was here ####
POSTHOOK: query: SELECT sum(hash(src5.src1_value)) FROM (SELECT src3.*, src4.value as src4_value, src4.key as src4_key FROM src src4 JOIN (SELECT src2.*, src1.key as src1_key, src1.value as src1_value FROM src src1 JOIN src src2 ON src1.key = src2.key) src3 ON src3.src1_key = src4.key) src5
POSTHOOK: type: QUERY
POSTHOOK: Input: default@src
#### A masked pattern was here ####
344337359100
