PREHOOK: query: explain
select sum(hash(a.k1,a.v1,a.k2,a.v2,a.k3,a.v3))
from (
SELECT src1.key as k1, src1.value as v1, src2.key as k2, src2.value as v2 , src3.key as k3, src3.value as v3 
FROM src src1 JOIN src src2 ON (src1.key = src2.key AND src1.key < 10) RIGHT OUTER JOIN src src3 ON (src1.key = src3.key AND src3.key < 20)
SORT BY k1,v1,k2,v2,k3,v3
)a
PREHOOK: type: QUERY
POSTHOOK: query: explain
select sum(hash(a.k1,a.v1,a.k2,a.v2,a.k3,a.v3))
from (
SELECT src1.key as k1, src1.value as v1, src2.key as k2, src2.value as v2 , src3.key as k3, src3.value as v3 
FROM src src1 JOIN src src2 ON (src1.key = src2.key AND src1.key < 10) RIGHT OUTER JOIN src src3 ON (src1.key = src3.key AND src3.key < 20)
SORT BY k1,v1,k2,v2,k3,v3
)a
POSTHOOK: type: QUERY
STAGE DEPENDENCIES:
  Stage-6 is a root stage
  Stage-2 depends on stages: Stage-6
  Stage-0 depends on stages: Stage-2

STAGE PLANS:
  Stage: Stage-6
    Map Reduce Local Work
      Alias -> Map Local Tables:
        a:src1 
          Fetch Operator
            limit: -1
        a:src2 
          Fetch Operator
            limit: -1
      Alias -> Map Local Operator Tree:
        a:src1 
          TableScan
            alias: src1
            Statistics: Num rows: 500 Data size: 5312 Basic stats: COMPLETE Column stats: NONE
            Filter Operator
              predicate: (key < 10) (type: boolean)
              Statistics: Num rows: 166 Data size: 1763 Basic stats: COMPLETE Column stats: NONE
              HashTable Sink Operator
                filter predicates:
                  0 
                  1 
                  2 {(key < 20)}
                keys:
                  0 key (type: string)
                  1 key (type: string)
                  2 key (type: string)
        a:src2 
          TableScan
            alias: src2
            Statistics: Num rows: 500 Data size: 5312 Basic stats: COMPLETE Column stats: NONE
            Filter Operator
              predicate: (key < 10) (type: boolean)
              Statistics: Num rows: 166 Data size: 1763 Basic stats: COMPLETE Column stats: NONE
              HashTable Sink Operator
                filter predicates:
                  0 
                  1 
                  2 {(key < 20)}
                keys:
                  0 key (type: string)
                  1 key (type: string)
                  2 key (type: string)

  Stage: Stage-2
    Map Reduce
      Map Operator Tree:
          TableScan
            alias: src3
            Statistics: Num rows: 500 Data size: 5312 Basic stats: COMPLETE Column stats: NONE
            Map Join Operator
              condition map:
                   Inner Join 0 to 1
                   Right Outer Join 0 to 2
              filter predicates:
                0 
                1 
                2 {(key < 20)}
              keys:
                0 key (type: string)
                1 key (type: string)
                2 key (type: string)
              outputColumnNames: _col0, _col1, _col5, _col6, _col10, _col11
              Statistics: Num rows: 1100 Data size: 11686 Basic stats: COMPLETE Column stats: NONE
              Select Operator
                expressions: _col0 (type: string), _col1 (type: string), _col5 (type: string), _col6 (type: string), _col10 (type: string), _col11 (type: string)
                outputColumnNames: _col0, _col1, _col2, _col3, _col4, _col5
                Statistics: Num rows: 1100 Data size: 11686 Basic stats: COMPLETE Column stats: NONE
                Group By Operator
                  aggregations: sum(hash(_col0,_col1,_col2,_col3,_col4,_col5))
                  mode: hash
                  outputColumnNames: _col0
                  Statistics: Num rows: 1 Data size: 8 Basic stats: COMPLETE Column stats: NONE
                  Reduce Output Operator
                    sort order: 
                    Statistics: Num rows: 1 Data size: 8 Basic stats: COMPLETE Column stats: NONE
                    value expressions: _col0 (type: bigint)
      Local Work:
        Map Reduce Local Work
      Reduce Operator Tree:
        Group By Operator
          aggregations: sum(VALUE._col0)
          mode: mergepartial
          outputColumnNames: _col0
          Statistics: Num rows: 1 Data size: 8 Basic stats: COMPLETE Column stats: NONE
          File Output Operator
            compressed: false
            Statistics: Num rows: 1 Data size: 8 Basic stats: COMPLETE Column stats: NONE
            table:
                input format: org.apache.hadoop.mapred.SequenceFileInputFormat
                output format: org.apache.hadoop.hive.ql.io.HiveSequenceFileOutputFormat
                serde: org.apache.hadoop.hive.serde2.lazy.LazySimpleSerDe

  Stage: Stage-0
    Fetch Operator
      limit: -1
      Processor Tree:
        ListSink

PREHOOK: query: select sum(hash(a.k1,a.v1,a.k2,a.v2,a.k3,a.v3))
from (
SELECT src1.key as k1, src1.value as v1, src2.key as k2, src2.value as v2 , src3.key as k3, src3.value as v3 
FROM src src1 JOIN src src2 ON (src1.key = src2.key AND src1.key < 10) RIGHT OUTER JOIN src src3 ON (src1.key = src3.key AND src3.key < 20)
SORT BY k1,v1,k2,v2,k3,v3
)a
PREHOOK: type: QUERY
PREHOOK: Input: default@src
#### A masked pattern was here ####
POSTHOOK: query: select sum(hash(a.k1,a.v1,a.k2,a.v2,a.k3,a.v3))
from (
SELECT src1.key as k1, src1.value as v1, src2.key as k2, src2.value as v2 , src3.key as k3, src3.value as v3 
FROM src src1 JOIN src src2 ON (src1.key = src2.key AND src1.key < 10) RIGHT OUTER JOIN src src3 ON (src1.key = src3.key AND src3.key < 20)
SORT BY k1,v1,k2,v2,k3,v3
)a
POSTHOOK: type: QUERY
POSTHOOK: Input: default@src
#### A masked pattern was here ####
56157587016
PREHOOK: query: explain
select sum(hash(a.k1,a.v1,a.k2,a.v2,a.k3,a.v3))
from (
SELECT src1.key as k1, src1.value as v1, src2.key as k2, src2.value as v2 , src3.key as k3, src3.value as v3  
FROM src src1 JOIN src src2 ON (src1.key = src2.key AND src1.key < 10 AND src2.key < 15) RIGHT OUTER JOIN src src3 ON (src1.key = src3.key AND src3.key < 20)
SORT BY k1,v1,k2,v2,k3,v3
)a
PREHOOK: type: QUERY
POSTHOOK: query: explain
select sum(hash(a.k1,a.v1,a.k2,a.v2,a.k3,a.v3))
from (
SELECT src1.key as k1, src1.value as v1, src2.key as k2, src2.value as v2 , src3.key as k3, src3.value as v3  
FROM src src1 JOIN src src2 ON (src1.key = src2.key AND src1.key < 10 AND src2.key < 15) RIGHT OUTER JOIN src src3 ON (src1.key = src3.key AND src3.key < 20)
SORT BY k1,v1,k2,v2,k3,v3
)a
POSTHOOK: type: QUERY
STAGE DEPENDENCIES:
  Stage-6 is a root stage
  Stage-2 depends on stages: Stage-6
  Stage-0 depends on stages: Stage-2

STAGE PLANS:
  Stage: Stage-6
    Map Reduce Local Work
      Alias -> Map Local Tables:
        a:src1 
          Fetch Operator
            limit: -1
        a:src2 
          Fetch Operator
            limit: -1
      Alias -> Map Local Operator Tree:
        a:src1 
          TableScan
            alias: src1
            Statistics: Num rows: 500 Data size: 5312 Basic stats: COMPLETE Column stats: NONE
            Filter Operator
              predicate: ((key < 15) and (key < 10)) (type: boolean)
              Statistics: Num rows: 55 Data size: 584 Basic stats: COMPLETE Column stats: NONE
              HashTable Sink Operator
                filter predicates:
                  0 
                  1 
                  2 {(key < 20)}
                keys:
                  0 key (type: string)
                  1 key (type: string)
                  2 key (type: string)
        a:src2 
          TableScan
            alias: src2
            Statistics: Num rows: 500 Data size: 5312 Basic stats: COMPLETE Column stats: NONE
            Filter Operator
              predicate: ((key < 10) and (key < 15)) (type: boolean)
              Statistics: Num rows: 55 Data size: 584 Basic stats: COMPLETE Column stats: NONE
              HashTable Sink Operator
                filter predicates:
                  0 
                  1 
                  2 {(key < 20)}
                keys:
                  0 key (type: string)
                  1 key (type: string)
                  2 key (type: string)

  Stage: Stage-2
    Map Reduce
      Map Operator Tree:
          TableScan
            alias: src3
            Statistics: Num rows: 500 Data size: 5312 Basic stats: COMPLETE Column stats: NONE
            Map Join Operator
              condition map:
                   Inner Join 0 to 1
                   Right Outer Join 0 to 2
              filter predicates:
                0 
                1 
                2 {(key < 20)}
              keys:
                0 key (type: string)
                1 key (type: string)
                2 key (type: string)
              outputColumnNames: _col0, _col1, _col5, _col6, _col10, _col11
              Statistics: Num rows: 1100 Data size: 11686 Basic stats: COMPLETE Column stats: NONE
              Select Operator
                expressions: _col0 (type: string), _col1 (type: string), _col5 (type: string), _col6 (type: string), _col10 (type: string), _col11 (type: string)
                outputColumnNames: _col0, _col1, _col2, _col3, _col4, _col5
                Statistics: Num rows: 1100 Data size: 11686 Basic stats: COMPLETE Column stats: NONE
                Group By Operator
                  aggregations: sum(hash(_col0,_col1,_col2,_col3,_col4,_col5))
                  mode: hash
                  outputColumnNames: _col0
                  Statistics: Num rows: 1 Data size: 8 Basic stats: COMPLETE Column stats: NONE
                  Reduce Output Operator
                    sort order: 
                    Statistics: Num rows: 1 Data size: 8 Basic stats: COMPLETE Column stats: NONE
                    value expressions: _col0 (type: bigint)
      Local Work:
        Map Reduce Local Work
      Reduce Operator Tree:
        Group By Operator
          aggregations: sum(VALUE._col0)
          mode: mergepartial
          outputColumnNames: _col0
          Statistics: Num rows: 1 Data size: 8 Basic stats: COMPLETE Column stats: NONE
          File Output Operator
            compressed: false
            Statistics: Num rows: 1 Data size: 8 Basic stats: COMPLETE Column stats: NONE
            table:
                input format: org.apache.hadoop.mapred.SequenceFileInputFormat
                output format: org.apache.hadoop.hive.ql.io.HiveSequenceFileOutputFormat
                serde: org.apache.hadoop.hive.serde2.lazy.LazySimpleSerDe

  Stage: Stage-0
    Fetch Operator
      limit: -1
      Processor Tree:
        ListSink

PREHOOK: query: select sum(hash(a.k1,a.v1,a.k2,a.v2,a.k3,a.v3))
from (
SELECT src1.key as k1, src1.value as v1, src2.key as k2, src2.value as v2 , src3.key as k3, src3.value as v3  
FROM src src1 JOIN src src2 ON (src1.key = src2.key AND src1.key < 10 AND src2.key < 15) RIGHT OUTER JOIN src src3 ON (src1.key = src3.key AND src3.key < 20)
SORT BY k1,v1,k2,v2,k3,v3
)a
PREHOOK: type: QUERY
PREHOOK: Input: default@src
#### A masked pattern was here ####
POSTHOOK: query: select sum(hash(a.k1,a.v1,a.k2,a.v2,a.k3,a.v3))
from (
SELECT src1.key as k1, src1.value as v1, src2.key as k2, src2.value as v2 , src3.key as k3, src3.value as v3  
FROM src src1 JOIN src src2 ON (src1.key = src2.key AND src1.key < 10 AND src2.key < 15) RIGHT OUTER JOIN src src3 ON (src1.key = src3.key AND src3.key < 20)
SORT BY k1,v1,k2,v2,k3,v3
)a
POSTHOOK: type: QUERY
POSTHOOK: Input: default@src
#### A masked pattern was here ####
56157587016
