PREHOOK: query: CREATE TABLE dest1(c1 INT, c2 DOUBLE, c3 DOUBLE, c4 DOUBLE, c5 INT, c6 STRING, c7 INT) STORED AS TEXTFILE
PREHOOK: type: CREATETABLE
PREHOOK: Output: database:default
PREHOOK: Output: default@dest1
POSTHOOK: query: CREATE TABLE dest1(c1 INT, c2 DOUBLE, c3 DOUBLE, c4 DOUBLE, c5 INT, c6 STRING, c7 INT) STORED AS TEXTFILE
POSTHOOK: type: CREATETABLE
POSTHOOK: Output: database:default
POSTHOOK: Output: default@dest1
PREHOOK: query: EXPLAIN
FROM src INSERT OVERWRITE TABLE dest1 SELECT 3 + 2, 3.0 + 2, 3 + 2.0, 3.0 + 2.0, 3 + CAST(2.0 AS INT) + CAST(CAST(0 AS SMALLINT) AS INT), CAST(1 AS BOOLEAN), CAST(TRUE AS INT) WHERE src.key = 86
PREHOOK: type: QUERY
POSTHOOK: query: EXPLAIN
FROM src INSERT OVERWRITE TABLE dest1 SELECT 3 + 2, 3.0 + 2, 3 + 2.0, 3.0 + 2.0, 3 + CAST(2.0 AS INT) + CAST(CAST(0 AS SMALLINT) AS INT), CAST(1 AS BOOLEAN), CAST(TRUE AS INT) WHERE src.key = 86
POSTHOOK: type: QUERY
STAGE DEPENDENCIES:
  Stage-1 is a root stage
  Stage-7 depends on stages: Stage-1 , consists of Stage-4, Stage-3, Stage-5
  Stage-4
  Stage-0 depends on stages: Stage-4, Stage-3, Stage-6
  Stage-2 depends on stages: Stage-0
  Stage-3
  Stage-5
  Stage-6 depends on stages: Stage-5

STAGE PLANS:
  Stage: Stage-1
    Map Reduce
      Map Operator Tree:
          TableScan
            alias: src
            Statistics: Num rows: 500 Data size: 5312 Basic stats: COMPLETE Column stats: NONE
            Filter Operator
              predicate: (UDFToDouble(key) = 86.0D) (type: boolean)
              Statistics: Num rows: 250 Data size: 2656 Basic stats: COMPLETE Column stats: NONE
              Select Operator
                expressions: 5 (type: int), 5.0D (type: double), 5.0D (type: double), 5.0D (type: double), 5 (type: int), 'TRUE' (type: string), 1 (type: int)
                outputColumnNames: _col0, _col1, _col2, _col3, _col4, _col5, _col6
                Statistics: Num rows: 250 Data size: 2656 Basic stats: COMPLETE Column stats: NONE
                File Output Operator
                  compressed: false
                  Statistics: Num rows: 250 Data size: 2656 Basic stats: COMPLETE Column stats: NONE
                  table:
                      input format: org.apache.hadoop.mapred.TextInputFormat
                      output format: org.apache.hadoop.hive.ql.io.HiveIgnoreKeyTextOutputFormat
                      serde: org.apache.hadoop.hive.serde2.lazy.LazySimpleSerDe
                      name: default.dest1
                Select Operator
                  expressions: _col0 (type: int), _col1 (type: double), _col2 (type: double), _col3 (type: double), _col4 (type: int), _col5 (type: string), _col6 (type: int)
                  outputColumnNames: c1, c2, c3, c4, c5, c6, c7
                  Statistics: Num rows: 250 Data size: 2656 Basic stats: COMPLETE Column stats: NONE
                  Group By Operator
                    aggregations: compute_stats(c1, 'hll'), compute_stats(c2, 'hll'), compute_stats(c3, 'hll'), compute_stats(c4, 'hll'), compute_stats(c5, 'hll'), compute_stats(c6, 'hll'), compute_stats(c7, 'hll')
                    mode: hash
                    outputColumnNames: _col0, _col1, _col2, _col3, _col4, _col5, _col6
                    Statistics: Num rows: 1 Data size: 2984 Basic stats: COMPLETE Column stats: NONE
                    Reduce Output Operator
                      sort order: 
                      Statistics: Num rows: 1 Data size: 2984 Basic stats: COMPLETE Column stats: NONE
                      value expressions: _col0 (type: struct<columntype:string,min:bigint,max:bigint,countnulls:bigint,bitvector:binary>), _col1 (type: struct<columntype:string,min:double,max:double,countnulls:bigint,bitvector:binary>), _col2 (type: struct<columntype:string,min:double,max:double,countnulls:bigint,bitvector:binary>), _col3 (type: struct<columntype:string,min:double,max:double,countnulls:bigint,bitvector:binary>), _col4 (type: struct<columntype:string,min:bigint,max:bigint,countnulls:bigint,bitvector:binary>), _col5 (type: struct<columntype:string,maxlength:bigint,sumlength:bigint,count:bigint,countnulls:bigint,bitvector:binary>), _col6 (type: struct<columntype:string,min:bigint,max:bigint,countnulls:bigint,bitvector:binary>)
      Reduce Operator Tree:
        Group By Operator
          aggregations: compute_stats(VALUE._col0), compute_stats(VALUE._col1), compute_stats(VALUE._col2), compute_stats(VALUE._col3), compute_stats(VALUE._col4), compute_stats(VALUE._col5), compute_stats(VALUE._col6)
          mode: mergepartial
          outputColumnNames: _col0, _col1, _col2, _col3, _col4, _col5, _col6
          Statistics: Num rows: 1 Data size: 3080 Basic stats: COMPLETE Column stats: NONE
          File Output Operator
            compressed: false
            Statistics: Num rows: 1 Data size: 3080 Basic stats: COMPLETE Column stats: NONE
            table:
                input format: org.apache.hadoop.mapred.SequenceFileInputFormat
                output format: org.apache.hadoop.hive.ql.io.HiveSequenceFileOutputFormat
                serde: org.apache.hadoop.hive.serde2.lazy.LazySimpleSerDe

  Stage: Stage-7
    Conditional Operator

  Stage: Stage-4
    Move Operator
      files:
          hdfs directory: true
#### A masked pattern was here ####

  Stage: Stage-0
    Move Operator
      tables:
          replace: true
          table:
              input format: org.apache.hadoop.mapred.TextInputFormat
              output format: org.apache.hadoop.hive.ql.io.HiveIgnoreKeyTextOutputFormat
              serde: org.apache.hadoop.hive.serde2.lazy.LazySimpleSerDe
              name: default.dest1

  Stage: Stage-2
    Stats Work
      Basic Stats Work:
      Column Stats Desc:
          Columns: c1, c2, c3, c4, c5, c6, c7
          Column Types: int, double, double, double, int, string, int
          Table: default.dest1

  Stage: Stage-3
    Map Reduce
      Map Operator Tree:
          TableScan
            File Output Operator
              compressed: false
              table:
                  input format: org.apache.hadoop.mapred.TextInputFormat
                  output format: org.apache.hadoop.hive.ql.io.HiveIgnoreKeyTextOutputFormat
                  serde: org.apache.hadoop.hive.serde2.lazy.LazySimpleSerDe
                  name: default.dest1

  Stage: Stage-5
    Map Reduce
      Map Operator Tree:
          TableScan
            File Output Operator
              compressed: false
              table:
                  input format: org.apache.hadoop.mapred.TextInputFormat
                  output format: org.apache.hadoop.hive.ql.io.HiveIgnoreKeyTextOutputFormat
                  serde: org.apache.hadoop.hive.serde2.lazy.LazySimpleSerDe
                  name: default.dest1

  Stage: Stage-6
    Move Operator
      files:
          hdfs directory: true
#### A masked pattern was here ####

PREHOOK: query: FROM src INSERT OVERWRITE TABLE dest1 SELECT 3 + 2, 3.0 + 2, 3 + 2.0, 3.0 + 2.0, 3 + CAST(2.0 AS INT) + CAST(CAST(0 AS SMALLINT) AS INT), CAST(1 AS BOOLEAN), CAST(TRUE AS INT) WHERE src.key = 86
PREHOOK: type: QUERY
PREHOOK: Input: default@src
PREHOOK: Output: default@dest1
POSTHOOK: query: FROM src INSERT OVERWRITE TABLE dest1 SELECT 3 + 2, 3.0 + 2, 3 + 2.0, 3.0 + 2.0, 3 + CAST(2.0 AS INT) + CAST(CAST(0 AS SMALLINT) AS INT), CAST(1 AS BOOLEAN), CAST(TRUE AS INT) WHERE src.key = 86
POSTHOOK: type: QUERY
POSTHOOK: Input: default@src
POSTHOOK: Output: default@dest1
POSTHOOK: Lineage: dest1.c1 SIMPLE []
POSTHOOK: Lineage: dest1.c2 EXPRESSION []
POSTHOOK: Lineage: dest1.c3 EXPRESSION []
POSTHOOK: Lineage: dest1.c4 EXPRESSION []
POSTHOOK: Lineage: dest1.c5 SIMPLE []
POSTHOOK: Lineage: dest1.c6 EXPRESSION []
POSTHOOK: Lineage: dest1.c7 SIMPLE []
PREHOOK: query: select dest1.* FROM dest1
PREHOOK: type: QUERY
PREHOOK: Input: default@dest1
#### A masked pattern was here ####
POSTHOOK: query: select dest1.* FROM dest1
POSTHOOK: type: QUERY
POSTHOOK: Input: default@dest1
#### A masked pattern was here ####
5	5.0	5.0	5.0	5	TRUE	1
