PREHOOK: query: CREATE TABLE src_union_1 (key int, value string) PARTITIONED BY (ds string)
PREHOOK: type: CREATETABLE
PREHOOK: Output: database:default
PREHOOK: Output: default@src_union_1
POSTHOOK: query: CREATE TABLE src_union_1 (key int, value string) PARTITIONED BY (ds string)
POSTHOOK: type: CREATETABLE
POSTHOOK: Output: database:default
POSTHOOK: Output: default@src_union_1
PREHOOK: query: CREATE TABLE src_union_2 (key int, value string) PARTITIONED BY (ds string, part_1 string)
PREHOOK: type: CREATETABLE
PREHOOK: Output: database:default
PREHOOK: Output: default@src_union_2
POSTHOOK: query: CREATE TABLE src_union_2 (key int, value string) PARTITIONED BY (ds string, part_1 string)
POSTHOOK: type: CREATETABLE
POSTHOOK: Output: database:default
POSTHOOK: Output: default@src_union_2
PREHOOK: query: CREATE TABLE src_union_3 (key int, value string) PARTITIONED BY (ds string, part_1 string, part_2 string)
PREHOOK: type: CREATETABLE
PREHOOK: Output: database:default
PREHOOK: Output: default@src_union_3
POSTHOOK: query: CREATE TABLE src_union_3 (key int, value string) PARTITIONED BY (ds string, part_1 string, part_2 string)
POSTHOOK: type: CREATETABLE
POSTHOOK: Output: database:default
POSTHOOK: Output: default@src_union_3
PREHOOK: query: CREATE VIEW src_union_view PARTITIONED ON (ds) as
SELECT key, value, ds FROM (
SELECT key, value, ds FROM src_union_1
UNION ALL
SELECT key, value, ds FROM src_union_2
UNION ALL
SELECT key, value, ds FROM src_union_3
) subq
PREHOOK: type: CREATEVIEW
PREHOOK: Input: default@src_union_1
PREHOOK: Input: default@src_union_2
PREHOOK: Input: default@src_union_3
PREHOOK: Output: database:default
PREHOOK: Output: default@src_union_view
POSTHOOK: query: CREATE VIEW src_union_view PARTITIONED ON (ds) as
SELECT key, value, ds FROM (
SELECT key, value, ds FROM src_union_1
UNION ALL
SELECT key, value, ds FROM src_union_2
UNION ALL
SELECT key, value, ds FROM src_union_3
) subq
POSTHOOK: type: CREATEVIEW
POSTHOOK: Input: default@src_union_1
POSTHOOK: Input: default@src_union_2
POSTHOOK: Input: default@src_union_3
POSTHOOK: Output: database:default
POSTHOOK: Output: default@src_union_view
POSTHOOK: Lineage: src_union_view.key EXPRESSION [(src_union_1)src_union_1.FieldSchema(name:key, type:int, comment:null), (src_union_2)src_union_2.FieldSchema(name:key, type:int, comment:null), (src_union_3)src_union_3.FieldSchema(name:key, type:int, comment:null), ]
POSTHOOK: Lineage: src_union_view.value EXPRESSION [(src_union_1)src_union_1.FieldSchema(name:value, type:string, comment:null), (src_union_2)src_union_2.FieldSchema(name:value, type:string, comment:null), (src_union_3)src_union_3.FieldSchema(name:value, type:string, comment:null), ]
PREHOOK: query: EXPLAIN SELECT key, value, ds FROM src_union_view WHERE key=86
PREHOOK: type: QUERY
POSTHOOK: query: EXPLAIN SELECT key, value, ds FROM src_union_view WHERE key=86
POSTHOOK: type: QUERY
STAGE DEPENDENCIES:
  Stage-1 is a root stage
  Stage-0 depends on stages: Stage-1

STAGE PLANS:
  Stage: Stage-1
    Map Reduce
      Map Operator Tree:
          TableScan
            alias: src_union_1
            properties:
              insideView TRUE
            Statistics: Num rows: 1 Data size: 0 Basic stats: PARTIAL Column stats: NONE
            Filter Operator
              predicate: (key = 86) (type: boolean)
              Statistics: Num rows: 1 Data size: 0 Basic stats: PARTIAL Column stats: NONE
              Select Operator
                expressions: value (type: string), ds (type: string)
                outputColumnNames: _col0, _col1
                Statistics: Num rows: 1 Data size: 0 Basic stats: PARTIAL Column stats: NONE
                Union
                  Statistics: Num rows: 3 Data size: 0 Basic stats: PARTIAL Column stats: NONE
                  Select Operator
                    expressions: 86 (type: int), _col0 (type: string), _col1 (type: string)
                    outputColumnNames: _col0, _col1, _col2
                    Statistics: Num rows: 3 Data size: 0 Basic stats: PARTIAL Column stats: NONE
                    File Output Operator
                      compressed: false
                      Statistics: Num rows: 3 Data size: 0 Basic stats: PARTIAL Column stats: NONE
                      table:
                          input format: org.apache.hadoop.mapred.SequenceFileInputFormat
                          output format: org.apache.hadoop.hive.ql.io.HiveSequenceFileOutputFormat
                          serde: org.apache.hadoop.hive.serde2.lazy.LazySimpleSerDe
          TableScan
            alias: src_union_2
            properties:
              insideView TRUE
            Statistics: Num rows: 1 Data size: 0 Basic stats: PARTIAL Column stats: NONE
            Filter Operator
              predicate: (key = 86) (type: boolean)
              Statistics: Num rows: 1 Data size: 0 Basic stats: PARTIAL Column stats: NONE
              Select Operator
                expressions: value (type: string), ds (type: string)
                outputColumnNames: _col0, _col1
                Statistics: Num rows: 1 Data size: 0 Basic stats: PARTIAL Column stats: NONE
                Union
                  Statistics: Num rows: 3 Data size: 0 Basic stats: PARTIAL Column stats: NONE
                  Select Operator
                    expressions: 86 (type: int), _col0 (type: string), _col1 (type: string)
                    outputColumnNames: _col0, _col1, _col2
                    Statistics: Num rows: 3 Data size: 0 Basic stats: PARTIAL Column stats: NONE
                    File Output Operator
                      compressed: false
                      Statistics: Num rows: 3 Data size: 0 Basic stats: PARTIAL Column stats: NONE
                      table:
                          input format: org.apache.hadoop.mapred.SequenceFileInputFormat
                          output format: org.apache.hadoop.hive.ql.io.HiveSequenceFileOutputFormat
                          serde: org.apache.hadoop.hive.serde2.lazy.LazySimpleSerDe
          TableScan
            alias: src_union_3
            properties:
              insideView TRUE
            Statistics: Num rows: 1 Data size: 0 Basic stats: PARTIAL Column stats: NONE
            Filter Operator
              predicate: (key = 86) (type: boolean)
              Statistics: Num rows: 1 Data size: 0 Basic stats: PARTIAL Column stats: NONE
              Select Operator
                expressions: value (type: string), ds (type: string)
                outputColumnNames: _col0, _col1
                Statistics: Num rows: 1 Data size: 0 Basic stats: PARTIAL Column stats: NONE
                Union
                  Statistics: Num rows: 3 Data size: 0 Basic stats: PARTIAL Column stats: NONE
                  Select Operator
                    expressions: 86 (type: int), _col0 (type: string), _col1 (type: string)
                    outputColumnNames: _col0, _col1, _col2
                    Statistics: Num rows: 3 Data size: 0 Basic stats: PARTIAL Column stats: NONE
                    File Output Operator
                      compressed: false
                      Statistics: Num rows: 3 Data size: 0 Basic stats: PARTIAL Column stats: NONE
                      table:
                          input format: org.apache.hadoop.mapred.SequenceFileInputFormat
                          output format: org.apache.hadoop.hive.ql.io.HiveSequenceFileOutputFormat
                          serde: org.apache.hadoop.hive.serde2.lazy.LazySimpleSerDe

  Stage: Stage-0
    Fetch Operator
      limit: -1
      Processor Tree:
        ListSink

PREHOOK: query: EXPLAIN SELECT key, value, ds FROM src_union_view WHERE key=86 AND ds ='1'
PREHOOK: type: QUERY
POSTHOOK: query: EXPLAIN SELECT key, value, ds FROM src_union_view WHERE key=86 AND ds ='1'
POSTHOOK: type: QUERY
STAGE DEPENDENCIES:
  Stage-1 is a root stage
  Stage-0 depends on stages: Stage-1

STAGE PLANS:
  Stage: Stage-1
    Map Reduce
      Map Operator Tree:
          TableScan
            alias: src_union_1
            properties:
              insideView TRUE
            Statistics: Num rows: 1 Data size: 0 Basic stats: PARTIAL Column stats: NONE
            Filter Operator
              predicate: ((key = 86) and (ds = '1')) (type: boolean)
              Statistics: Num rows: 1 Data size: 0 Basic stats: PARTIAL Column stats: NONE
              Select Operator
                expressions: value (type: string)
                outputColumnNames: _col0
                Statistics: Num rows: 1 Data size: 0 Basic stats: PARTIAL Column stats: NONE
                Union
                  Statistics: Num rows: 3 Data size: 0 Basic stats: PARTIAL Column stats: NONE
                  Select Operator
                    expressions: 86 (type: int), _col0 (type: string), '1' (type: string)
                    outputColumnNames: _col0, _col1, _col2
                    Statistics: Num rows: 3 Data size: 0 Basic stats: PARTIAL Column stats: NONE
                    File Output Operator
                      compressed: false
                      Statistics: Num rows: 3 Data size: 0 Basic stats: PARTIAL Column stats: NONE
                      table:
                          input format: org.apache.hadoop.mapred.SequenceFileInputFormat
                          output format: org.apache.hadoop.hive.ql.io.HiveSequenceFileOutputFormat
                          serde: org.apache.hadoop.hive.serde2.lazy.LazySimpleSerDe
          TableScan
            alias: src_union_2
            properties:
              insideView TRUE
            Statistics: Num rows: 1 Data size: 0 Basic stats: PARTIAL Column stats: NONE
            Filter Operator
              predicate: ((key = 86) and (ds = '1')) (type: boolean)
              Statistics: Num rows: 1 Data size: 0 Basic stats: PARTIAL Column stats: NONE
              Select Operator
                expressions: value (type: string)
                outputColumnNames: _col0
                Statistics: Num rows: 1 Data size: 0 Basic stats: PARTIAL Column stats: NONE
                Union
                  Statistics: Num rows: 3 Data size: 0 Basic stats: PARTIAL Column stats: NONE
                  Select Operator
                    expressions: 86 (type: int), _col0 (type: string), '1' (type: string)
                    outputColumnNames: _col0, _col1, _col2
                    Statistics: Num rows: 3 Data size: 0 Basic stats: PARTIAL Column stats: NONE
                    File Output Operator
                      compressed: false
                      Statistics: Num rows: 3 Data size: 0 Basic stats: PARTIAL Column stats: NONE
                      table:
                          input format: org.apache.hadoop.mapred.SequenceFileInputFormat
                          output format: org.apache.hadoop.hive.ql.io.HiveSequenceFileOutputFormat
                          serde: org.apache.hadoop.hive.serde2.lazy.LazySimpleSerDe
          TableScan
            alias: src_union_3
            properties:
              insideView TRUE
            Statistics: Num rows: 1 Data size: 0 Basic stats: PARTIAL Column stats: NONE
            Filter Operator
              predicate: ((key = 86) and (ds = '1')) (type: boolean)
              Statistics: Num rows: 1 Data size: 0 Basic stats: PARTIAL Column stats: NONE
              Select Operator
                expressions: value (type: string)
                outputColumnNames: _col0
                Statistics: Num rows: 1 Data size: 0 Basic stats: PARTIAL Column stats: NONE
                Union
                  Statistics: Num rows: 3 Data size: 0 Basic stats: PARTIAL Column stats: NONE
                  Select Operator
                    expressions: 86 (type: int), _col0 (type: string), '1' (type: string)
                    outputColumnNames: _col0, _col1, _col2
                    Statistics: Num rows: 3 Data size: 0 Basic stats: PARTIAL Column stats: NONE
                    File Output Operator
                      compressed: false
                      Statistics: Num rows: 3 Data size: 0 Basic stats: PARTIAL Column stats: NONE
                      table:
                          input format: org.apache.hadoop.mapred.SequenceFileInputFormat
                          output format: org.apache.hadoop.hive.ql.io.HiveSequenceFileOutputFormat
                          serde: org.apache.hadoop.hive.serde2.lazy.LazySimpleSerDe

  Stage: Stage-0
    Fetch Operator
      limit: -1
      Processor Tree:
        ListSink

