PREHOOK: query: create table A_n18 as
select * from src
PREHOOK: type: CREATETABLE_AS_SELECT
PREHOOK: Input: default@src
PREHOOK: Output: database:default
PREHOOK: Output: default@A_n18
POSTHOOK: query: create table A_n18 as
select * from src
POSTHOOK: type: CREATETABLE_AS_SELECT
POSTHOOK: Input: default@src
POSTHOOK: Output: database:default
POSTHOOK: Output: default@A_n18
POSTHOOK: Lineage: a_n18.key SIMPLE [(src)src.FieldSchema(name:key, type:string, comment:default), ]
POSTHOOK: Lineage: a_n18.value SIMPLE [(src)src.FieldSchema(name:value, type:string, comment:default), ]
PREHOOK: query: create table B_n14 as
select * from src order by key
limit 10
PREHOOK: type: CREATETABLE_AS_SELECT
PREHOOK: Input: default@src
PREHOOK: Output: database:default
PREHOOK: Output: default@B_n14
POSTHOOK: query: create table B_n14 as
select * from src order by key
limit 10
POSTHOOK: type: CREATETABLE_AS_SELECT
POSTHOOK: Input: default@src
POSTHOOK: Output: database:default
POSTHOOK: Output: default@B_n14
POSTHOOK: Lineage: b_n14.key SIMPLE [(src)src.FieldSchema(name:key, type:string, comment:default), ]
POSTHOOK: Lineage: b_n14.value SIMPLE [(src)src.FieldSchema(name:value, type:string, comment:default), ]
Warning: Map Join MAPJOIN[8][bigTable=?] in task 'Stage-3:MAPRED' is a cross product
PREHOOK: query: explain select * from A_n18 join B_n14
PREHOOK: type: QUERY
POSTHOOK: query: explain select * from A_n18 join B_n14
POSTHOOK: type: QUERY
STAGE DEPENDENCIES:
  Stage-4 is a root stage
  Stage-3 depends on stages: Stage-4
  Stage-0 depends on stages: Stage-3

STAGE PLANS:
  Stage: Stage-4
    Map Reduce Local Work
      Alias -> Map Local Tables:
        b_n14 
          Fetch Operator
            limit: -1
      Alias -> Map Local Operator Tree:
        b_n14 
          TableScan
            alias: b_n14
            Statistics: Num rows: 10 Data size: 96 Basic stats: COMPLETE Column stats: NONE
            Select Operator
              expressions: key (type: string), value (type: string)
              outputColumnNames: key, value
              Statistics: Num rows: 10 Data size: 96 Basic stats: COMPLETE Column stats: NONE
              HashTable Sink Operator
                keys:
                  0 
                  1 

  Stage: Stage-3
    Map Reduce
      Map Operator Tree:
          TableScan
            alias: a_n18
            Statistics: Num rows: 500 Data size: 5312 Basic stats: COMPLETE Column stats: NONE
            Select Operator
              expressions: key (type: string), value (type: string)
              outputColumnNames: key, value
              Statistics: Num rows: 500 Data size: 5312 Basic stats: COMPLETE Column stats: NONE
              Map Join Operator
                condition map:
                     Inner Join 0 to 1
                keys:
                  0 
                  1 
                outputColumnNames: key, value, key0, value0
                Statistics: Num rows: 5000 Data size: 106120 Basic stats: COMPLETE Column stats: NONE
                File Output Operator
                  compressed: false
                  Statistics: Num rows: 5000 Data size: 106120 Basic stats: COMPLETE Column stats: NONE
                  table:
                      input format: org.apache.hadoop.mapred.SequenceFileInputFormat
                      output format: org.apache.hadoop.hive.ql.io.HiveSequenceFileOutputFormat
                      serde: org.apache.hadoop.hive.serde2.lazy.LazySimpleSerDe
      Execution mode: vectorized
      Local Work:
        Map Reduce Local Work

  Stage: Stage-0
    Fetch Operator
      limit: -1
      Processor Tree:
        ListSink

Warning: Map Join MAPJOIN[19][bigTable=?] in task 'Stage-5:MAPRED' is a cross product
PREHOOK: query: explain select * from B_n14 d1 join B_n14 d2 on d1.key = d2.key join A_n18
PREHOOK: type: QUERY
POSTHOOK: query: explain select * from B_n14 d1 join B_n14 d2 on d1.key = d2.key join A_n18
POSTHOOK: type: QUERY
STAGE DEPENDENCIES:
  Stage-7 is a root stage
  Stage-5 depends on stages: Stage-7
  Stage-0 depends on stages: Stage-5

STAGE PLANS:
  Stage: Stage-7
    Map Reduce Local Work
      Alias -> Map Local Tables:
        a_n18 
          Fetch Operator
            limit: -1
        d1 
          Fetch Operator
            limit: -1
      Alias -> Map Local Operator Tree:
        a_n18 
          TableScan
            alias: a_n18
            Statistics: Num rows: 500 Data size: 5312 Basic stats: COMPLETE Column stats: NONE
            Select Operator
              expressions: key (type: string), value (type: string)
              outputColumnNames: key, value
              Statistics: Num rows: 500 Data size: 5312 Basic stats: COMPLETE Column stats: NONE
              HashTable Sink Operator
                keys:
                  0 
                  1 
        d1 
          TableScan
            alias: d1
            Statistics: Num rows: 10 Data size: 96 Basic stats: COMPLETE Column stats: NONE
            Filter Operator
              predicate: key is not null (type: boolean)
              Statistics: Num rows: 10 Data size: 96 Basic stats: COMPLETE Column stats: NONE
              Select Operator
                expressions: key (type: string), value (type: string)
                outputColumnNames: key, value
                Statistics: Num rows: 10 Data size: 96 Basic stats: COMPLETE Column stats: NONE
                HashTable Sink Operator
                  keys:
                    0 key (type: string)
                    1 key (type: string)

  Stage: Stage-5
    Map Reduce
      Map Operator Tree:
          TableScan
            alias: d2
            Statistics: Num rows: 10 Data size: 96 Basic stats: COMPLETE Column stats: NONE
            Filter Operator
              predicate: key is not null (type: boolean)
              Statistics: Num rows: 10 Data size: 96 Basic stats: COMPLETE Column stats: NONE
              Select Operator
                expressions: key (type: string), value (type: string)
                outputColumnNames: key, value
                Statistics: Num rows: 10 Data size: 96 Basic stats: COMPLETE Column stats: NONE
                Map Join Operator
                  condition map:
                       Inner Join 0 to 1
                  keys:
                    0 key (type: string)
                    1 key (type: string)
                  outputColumnNames: key, value, key0, value0
                  Statistics: Num rows: 11 Data size: 105 Basic stats: COMPLETE Column stats: NONE
                  Map Join Operator
                    condition map:
                         Inner Join 0 to 1
                    keys:
                      0 
                      1 
                    outputColumnNames: key, value, key0, value0, key1, value1
                    Statistics: Num rows: 5500 Data size: 116432 Basic stats: COMPLETE Column stats: NONE
                    File Output Operator
                      compressed: false
                      Statistics: Num rows: 5500 Data size: 116432 Basic stats: COMPLETE Column stats: NONE
                      table:
                          input format: org.apache.hadoop.mapred.SequenceFileInputFormat
                          output format: org.apache.hadoop.hive.ql.io.HiveSequenceFileOutputFormat
                          serde: org.apache.hadoop.hive.serde2.lazy.LazySimpleSerDe
      Execution mode: vectorized
      Local Work:
        Map Reduce Local Work

  Stage: Stage-0
    Fetch Operator
      limit: -1
      Processor Tree:
        ListSink

Warning: Map Join MAPJOIN[25][bigTable=?] in task 'Stage-5:MAPRED' is a cross product
PREHOOK: query: explain select * from A_n18 join 
         (select d1.key 
          from B_n14 d1 join B_n14 d2 on d1.key = d2.key 
          where 1 = 1 group by d1.key) od1
PREHOOK: type: QUERY
POSTHOOK: query: explain select * from A_n18 join 
         (select d1.key 
          from B_n14 d1 join B_n14 d2 on d1.key = d2.key 
          where 1 = 1 group by d1.key) od1
POSTHOOK: type: QUERY
STAGE DEPENDENCIES:
  Stage-8 is a root stage
  Stage-3 depends on stages: Stage-8
  Stage-7 depends on stages: Stage-3
  Stage-5 depends on stages: Stage-7
  Stage-0 depends on stages: Stage-5

STAGE PLANS:
  Stage: Stage-8
    Map Reduce Local Work
      Alias -> Map Local Tables:
        od1:d1 
          Fetch Operator
            limit: -1
      Alias -> Map Local Operator Tree:
        od1:d1 
          TableScan
            alias: od1:d1
            Statistics: Num rows: 10 Data size: 96 Basic stats: COMPLETE Column stats: NONE
            Filter Operator
              predicate: key is not null (type: boolean)
              Statistics: Num rows: 10 Data size: 96 Basic stats: COMPLETE Column stats: NONE
              Select Operator
                expressions: key (type: string)
                outputColumnNames: key
                Statistics: Num rows: 10 Data size: 96 Basic stats: COMPLETE Column stats: NONE
                HashTable Sink Operator
                  keys:
                    0 key (type: string)
                    1 key (type: string)

  Stage: Stage-3
    Map Reduce
      Map Operator Tree:
          TableScan
            alias: od1:d2
            Statistics: Num rows: 10 Data size: 96 Basic stats: COMPLETE Column stats: NONE
            Filter Operator
              predicate: key is not null (type: boolean)
              Statistics: Num rows: 10 Data size: 96 Basic stats: COMPLETE Column stats: NONE
              Select Operator
                expressions: key (type: string)
                outputColumnNames: key
                Statistics: Num rows: 10 Data size: 96 Basic stats: COMPLETE Column stats: NONE
                Map Join Operator
                  condition map:
                       Inner Join 0 to 1
                  keys:
                    0 key (type: string)
                    1 key (type: string)
                  outputColumnNames: key
                  Statistics: Num rows: 11 Data size: 105 Basic stats: COMPLETE Column stats: NONE
                  Select Operator
                    expressions: key (type: string)
                    outputColumnNames: key
                    Statistics: Num rows: 11 Data size: 105 Basic stats: COMPLETE Column stats: NONE
                    Group By Operator
                      keys: key (type: string)
                      mode: hash
                      outputColumnNames: _col0
                      Statistics: Num rows: 11 Data size: 105 Basic stats: COMPLETE Column stats: NONE
                      Reduce Output Operator
                        key expressions: _col0 (type: string)
                        sort order: +
                        Map-reduce partition columns: _col0 (type: string)
                        Statistics: Num rows: 11 Data size: 105 Basic stats: COMPLETE Column stats: NONE
      Execution mode: vectorized
      Local Work:
        Map Reduce Local Work
      Reduce Operator Tree:
        Group By Operator
          keys: KEY._col0 (type: string)
          mode: mergepartial
          outputColumnNames: key
          Statistics: Num rows: 5 Data size: 47 Basic stats: COMPLETE Column stats: NONE
          File Output Operator
            compressed: false
            table:
                input format: org.apache.hadoop.mapred.SequenceFileInputFormat
                output format: org.apache.hadoop.hive.ql.io.HiveSequenceFileOutputFormat
                serde: org.apache.hadoop.hive.serde2.lazybinary.LazyBinarySerDe

  Stage: Stage-7
    Map Reduce Local Work
      Alias -> Map Local Tables:
        a_n18 
          Fetch Operator
            limit: -1
      Alias -> Map Local Operator Tree:
        a_n18 
          TableScan
            alias: a_n18
            Statistics: Num rows: 500 Data size: 5312 Basic stats: COMPLETE Column stats: NONE
            Select Operator
              expressions: key (type: string), value (type: string)
              outputColumnNames: key, value
              Statistics: Num rows: 500 Data size: 5312 Basic stats: COMPLETE Column stats: NONE
              HashTable Sink Operator
                keys:
                  0 
                  1 

  Stage: Stage-5
    Map Reduce
      Map Operator Tree:
          TableScan
            Map Join Operator
              condition map:
                   Inner Join 0 to 1
              keys:
                0 
                1 
              outputColumnNames: key, value, key0
              Statistics: Num rows: 2500 Data size: 52560 Basic stats: COMPLETE Column stats: NONE
              File Output Operator
                compressed: false
                Statistics: Num rows: 2500 Data size: 52560 Basic stats: COMPLETE Column stats: NONE
                table:
                    input format: org.apache.hadoop.mapred.SequenceFileInputFormat
                    output format: org.apache.hadoop.hive.ql.io.HiveSequenceFileOutputFormat
                    serde: org.apache.hadoop.hive.serde2.lazy.LazySimpleSerDe
      Execution mode: vectorized
      Local Work:
        Map Reduce Local Work

  Stage: Stage-0
    Fetch Operator
      limit: -1
      Processor Tree:
        ListSink

Warning: Map Join MAPJOIN[21][bigTable=?] in task 'Stage-5:MAPRED' is a cross product
Warning: Map Join MAPJOIN[22][bigTable=?] in task 'Stage-3:MAPRED' is a cross product
PREHOOK: query: explain select * from A_n18 join (select d1.key from B_n14 d1 join B_n14 d2 where 1 = 1 group by d1.key) od1
PREHOOK: type: QUERY
POSTHOOK: query: explain select * from A_n18 join (select d1.key from B_n14 d1 join B_n14 d2 where 1 = 1 group by d1.key) od1
POSTHOOK: type: QUERY
STAGE DEPENDENCIES:
  Stage-8 is a root stage
  Stage-3 depends on stages: Stage-8
  Stage-7 depends on stages: Stage-3
  Stage-5 depends on stages: Stage-7
  Stage-0 depends on stages: Stage-5

STAGE PLANS:
  Stage: Stage-8
    Map Reduce Local Work
      Alias -> Map Local Tables:
        od1:d1 
          Fetch Operator
            limit: -1
      Alias -> Map Local Operator Tree:
        od1:d1 
          TableScan
            alias: od1:d1
            Statistics: Num rows: 10 Data size: 96 Basic stats: COMPLETE Column stats: NONE
            Select Operator
              expressions: key (type: string)
              outputColumnNames: key
              Statistics: Num rows: 10 Data size: 96 Basic stats: COMPLETE Column stats: NONE
              HashTable Sink Operator
                keys:
                  0 
                  1 

  Stage: Stage-3
    Map Reduce
      Map Operator Tree:
          TableScan
            alias: od1:d2
            Statistics: Num rows: 10 Data size: 96 Basic stats: COMPLETE Column stats: COMPLETE
            Select Operator
              Statistics: Num rows: 10 Data size: 40 Basic stats: COMPLETE Column stats: COMPLETE
              Map Join Operator
                condition map:
                     Inner Join 0 to 1
                keys:
                  0 
                  1 
                outputColumnNames: key
                Statistics: Num rows: 100 Data size: 1460 Basic stats: COMPLETE Column stats: NONE
                Select Operator
                  expressions: key (type: string)
                  outputColumnNames: key
                  Statistics: Num rows: 100 Data size: 1460 Basic stats: COMPLETE Column stats: NONE
                  Group By Operator
                    keys: key (type: string)
                    mode: hash
                    outputColumnNames: _col0
                    Statistics: Num rows: 100 Data size: 1460 Basic stats: COMPLETE Column stats: NONE
                    Reduce Output Operator
                      key expressions: _col0 (type: string)
                      sort order: +
                      Map-reduce partition columns: _col0 (type: string)
                      Statistics: Num rows: 100 Data size: 1460 Basic stats: COMPLETE Column stats: NONE
      Execution mode: vectorized
      Local Work:
        Map Reduce Local Work
      Reduce Operator Tree:
        Group By Operator
          keys: KEY._col0 (type: string)
          mode: mergepartial
          outputColumnNames: key
          Statistics: Num rows: 50 Data size: 730 Basic stats: COMPLETE Column stats: NONE
          File Output Operator
            compressed: false
            table:
                input format: org.apache.hadoop.mapred.SequenceFileInputFormat
                output format: org.apache.hadoop.hive.ql.io.HiveSequenceFileOutputFormat
                serde: org.apache.hadoop.hive.serde2.lazybinary.LazyBinarySerDe

  Stage: Stage-7
    Map Reduce Local Work
      Alias -> Map Local Tables:
        a_n18 
          Fetch Operator
            limit: -1
      Alias -> Map Local Operator Tree:
        a_n18 
          TableScan
            alias: a_n18
            Statistics: Num rows: 500 Data size: 5312 Basic stats: COMPLETE Column stats: NONE
            Select Operator
              expressions: key (type: string), value (type: string)
              outputColumnNames: key, value
              Statistics: Num rows: 500 Data size: 5312 Basic stats: COMPLETE Column stats: NONE
              HashTable Sink Operator
                keys:
                  0 
                  1 

  Stage: Stage-5
    Map Reduce
      Map Operator Tree:
          TableScan
            Map Join Operator
              condition map:
                   Inner Join 0 to 1
              keys:
                0 
                1 
              outputColumnNames: key, value, key0
              Statistics: Num rows: 25000 Data size: 655600 Basic stats: COMPLETE Column stats: NONE
              File Output Operator
                compressed: false
                Statistics: Num rows: 25000 Data size: 655600 Basic stats: COMPLETE Column stats: NONE
                table:
                    input format: org.apache.hadoop.mapred.SequenceFileInputFormat
                    output format: org.apache.hadoop.hive.ql.io.HiveSequenceFileOutputFormat
                    serde: org.apache.hadoop.hive.serde2.lazy.LazySimpleSerDe
      Execution mode: vectorized
      Local Work:
        Map Reduce Local Work

  Stage: Stage-0
    Fetch Operator
      limit: -1
      Processor Tree:
        ListSink

Warning: Map Join MAPJOIN[31][bigTable=?] in task 'Stage-7:MAPRED' is a cross product
Warning: Map Join MAPJOIN[30][bigTable=?] in task 'Stage-6:MAPRED' is a cross product
Warning: Shuffle Join JOIN[20][tables = [, ]] in Stage 'Stage-2:MAPRED' is a cross product
PREHOOK: query: explain select * from 
(select A_n18.key from A_n18 group by key) ss join 
(select d1.key from B_n14 d1 join B_n14 d2 on d1.key = d2.key where 1 = 1 group by d1.key) od1
PREHOOK: type: QUERY
POSTHOOK: query: explain select * from 
(select A_n18.key from A_n18 group by key) ss join 
(select d1.key from B_n14 d1 join B_n14 d2 on d1.key = d2.key where 1 = 1 group by d1.key) od1
POSTHOOK: type: QUERY
STAGE DEPENDENCIES:
  Stage-1 is a root stage
  Stage-8 depends on stages: Stage-1, Stage-4 , consists of Stage-10, Stage-11, Stage-2
  Stage-10 has a backup stage: Stage-2
  Stage-6 depends on stages: Stage-10
  Stage-11 has a backup stage: Stage-2
  Stage-7 depends on stages: Stage-11
  Stage-2
  Stage-12 is a root stage
  Stage-4 depends on stages: Stage-12
  Stage-0 depends on stages: Stage-6, Stage-7, Stage-2

STAGE PLANS:
  Stage: Stage-1
    Map Reduce
      Map Operator Tree:
          TableScan
            alias: ss:a_n18
            Statistics: Num rows: 500 Data size: 5312 Basic stats: COMPLETE Column stats: NONE
            Select Operator
              expressions: key (type: string)
              outputColumnNames: key
              Statistics: Num rows: 500 Data size: 5312 Basic stats: COMPLETE Column stats: NONE
              Group By Operator
                keys: key (type: string)
                mode: hash
                outputColumnNames: _col0
                Statistics: Num rows: 500 Data size: 5312 Basic stats: COMPLETE Column stats: NONE
                Reduce Output Operator
                  key expressions: _col0 (type: string)
                  sort order: +
                  Map-reduce partition columns: _col0 (type: string)
                  Statistics: Num rows: 500 Data size: 5312 Basic stats: COMPLETE Column stats: NONE
      Execution mode: vectorized
      Reduce Operator Tree:
        Group By Operator
          keys: KEY._col0 (type: string)
          mode: mergepartial
          outputColumnNames: key
          Statistics: Num rows: 250 Data size: 2656 Basic stats: COMPLETE Column stats: NONE
          File Output Operator
            compressed: false
            table:
                input format: org.apache.hadoop.mapred.SequenceFileInputFormat
                output format: org.apache.hadoop.hive.ql.io.HiveSequenceFileOutputFormat
                serde: org.apache.hadoop.hive.serde2.lazybinary.LazyBinarySerDe

  Stage: Stage-8
    Conditional Operator

  Stage: Stage-10
    Map Reduce Local Work
      Alias -> Map Local Tables:
        $INTNAME1 
          Fetch Operator
            limit: -1
      Alias -> Map Local Operator Tree:
        $INTNAME1 
          TableScan
            HashTable Sink Operator
              keys:
                0 
                1 

  Stage: Stage-6
    Map Reduce
      Map Operator Tree:
          TableScan
            Map Join Operator
              condition map:
                   Inner Join 0 to 1
              keys:
                0 
                1 
              outputColumnNames: key, key0
              Statistics: Num rows: 1250 Data size: 26280 Basic stats: COMPLETE Column stats: NONE
              File Output Operator
                compressed: false
                Statistics: Num rows: 1250 Data size: 26280 Basic stats: COMPLETE Column stats: NONE
                table:
                    input format: org.apache.hadoop.mapred.SequenceFileInputFormat
                    output format: org.apache.hadoop.hive.ql.io.HiveSequenceFileOutputFormat
                    serde: org.apache.hadoop.hive.serde2.lazy.LazySimpleSerDe
      Execution mode: vectorized
      Local Work:
        Map Reduce Local Work

  Stage: Stage-11
    Map Reduce Local Work
      Alias -> Map Local Tables:
        $INTNAME 
          Fetch Operator
            limit: -1
      Alias -> Map Local Operator Tree:
        $INTNAME 
          TableScan
            HashTable Sink Operator
              keys:
                0 
                1 

  Stage: Stage-7
    Map Reduce
      Map Operator Tree:
          TableScan
            Map Join Operator
              condition map:
                   Inner Join 0 to 1
              keys:
                0 
                1 
              outputColumnNames: key, key0
              Statistics: Num rows: 1250 Data size: 26280 Basic stats: COMPLETE Column stats: NONE
              File Output Operator
                compressed: false
                Statistics: Num rows: 1250 Data size: 26280 Basic stats: COMPLETE Column stats: NONE
                table:
                    input format: org.apache.hadoop.mapred.SequenceFileInputFormat
                    output format: org.apache.hadoop.hive.ql.io.HiveSequenceFileOutputFormat
                    serde: org.apache.hadoop.hive.serde2.lazy.LazySimpleSerDe
      Execution mode: vectorized
      Local Work:
        Map Reduce Local Work

  Stage: Stage-2
    Map Reduce
      Map Operator Tree:
          TableScan
            Reduce Output Operator
              sort order: 
              Statistics: Num rows: 250 Data size: 2656 Basic stats: COMPLETE Column stats: NONE
              value expressions: key (type: string)
          TableScan
            Reduce Output Operator
              sort order: 
              Statistics: Num rows: 5 Data size: 47 Basic stats: COMPLETE Column stats: NONE
              value expressions: key (type: string)
      Reduce Operator Tree:
        Join Operator
          condition map:
               Inner Join 0 to 1
          keys:
            0 
            1 
          outputColumnNames: key, key0
          Statistics: Num rows: 1250 Data size: 26280 Basic stats: COMPLETE Column stats: NONE
          File Output Operator
            compressed: false
            Statistics: Num rows: 1250 Data size: 26280 Basic stats: COMPLETE Column stats: NONE
            table:
                input format: org.apache.hadoop.mapred.SequenceFileInputFormat
                output format: org.apache.hadoop.hive.ql.io.HiveSequenceFileOutputFormat
                serde: org.apache.hadoop.hive.serde2.lazy.LazySimpleSerDe

  Stage: Stage-12
    Map Reduce Local Work
      Alias -> Map Local Tables:
        od1:d1 
          Fetch Operator
            limit: -1
      Alias -> Map Local Operator Tree:
        od1:d1 
          TableScan
            alias: od1:d1
            Statistics: Num rows: 10 Data size: 96 Basic stats: COMPLETE Column stats: NONE
            Filter Operator
              predicate: key is not null (type: boolean)
              Statistics: Num rows: 10 Data size: 96 Basic stats: COMPLETE Column stats: NONE
              Select Operator
                expressions: key (type: string)
                outputColumnNames: key
                Statistics: Num rows: 10 Data size: 96 Basic stats: COMPLETE Column stats: NONE
                HashTable Sink Operator
                  keys:
                    0 key (type: string)
                    1 key (type: string)

  Stage: Stage-4
    Map Reduce
      Map Operator Tree:
          TableScan
            alias: od1:d2
            Statistics: Num rows: 10 Data size: 96 Basic stats: COMPLETE Column stats: NONE
            Filter Operator
              predicate: key is not null (type: boolean)
              Statistics: Num rows: 10 Data size: 96 Basic stats: COMPLETE Column stats: NONE
              Select Operator
                expressions: key (type: string)
                outputColumnNames: key
                Statistics: Num rows: 10 Data size: 96 Basic stats: COMPLETE Column stats: NONE
                Map Join Operator
                  condition map:
                       Inner Join 0 to 1
                  keys:
                    0 key (type: string)
                    1 key (type: string)
                  outputColumnNames: key
                  Statistics: Num rows: 11 Data size: 105 Basic stats: COMPLETE Column stats: NONE
                  Select Operator
                    expressions: key (type: string)
                    outputColumnNames: key
                    Statistics: Num rows: 11 Data size: 105 Basic stats: COMPLETE Column stats: NONE
                    Group By Operator
                      keys: key (type: string)
                      mode: hash
                      outputColumnNames: _col0
                      Statistics: Num rows: 11 Data size: 105 Basic stats: COMPLETE Column stats: NONE
                      Reduce Output Operator
                        key expressions: _col0 (type: string)
                        sort order: +
                        Map-reduce partition columns: _col0 (type: string)
                        Statistics: Num rows: 11 Data size: 105 Basic stats: COMPLETE Column stats: NONE
      Execution mode: vectorized
      Local Work:
        Map Reduce Local Work
      Reduce Operator Tree:
        Group By Operator
          keys: KEY._col0 (type: string)
          mode: mergepartial
          outputColumnNames: key
          Statistics: Num rows: 5 Data size: 47 Basic stats: COMPLETE Column stats: NONE
          File Output Operator
            compressed: false
            table:
                input format: org.apache.hadoop.mapred.SequenceFileInputFormat
                output format: org.apache.hadoop.hive.ql.io.HiveSequenceFileOutputFormat
                serde: org.apache.hadoop.hive.serde2.lazybinary.LazyBinarySerDe

  Stage: Stage-0
    Fetch Operator
      limit: -1
      Processor Tree:
        ListSink

