Warning: Map Join MAPJOIN[20][bigTable=?] in task 'Stage-2:MAPRED' is a cross product
PREHOOK: query: explain 
select sum(hash(a.k1,a.v1,a.k2, a.v2))
from (
SELECT cbo_t1.key as k1, cbo_t1.value as v1, 
       cbo_t2.key as k2, cbo_t2.value as v2 FROM 
  (SELECT * FROM cbo_t3 WHERE cbo_t3.key < 10) cbo_t1 
    JOIN 
  (SELECT * FROM cbo_t3 WHERE cbo_t3.key < 10) cbo_t2
  SORT BY k1, v1, k2, v2
) a
PREHOOK: type: QUERY
POSTHOOK: query: explain 
select sum(hash(a.k1,a.v1,a.k2, a.v2))
from (
SELECT cbo_t1.key as k1, cbo_t1.value as v1, 
       cbo_t2.key as k2, cbo_t2.value as v2 FROM 
  (SELECT * FROM cbo_t3 WHERE cbo_t3.key < 10) cbo_t1 
    JOIN 
  (SELECT * FROM cbo_t3 WHERE cbo_t3.key < 10) cbo_t2
  SORT BY k1, v1, k2, v2
) a
POSTHOOK: type: QUERY
STAGE DEPENDENCIES:
  Stage-5 is a root stage
  Stage-2 depends on stages: Stage-5
  Stage-0 depends on stages: Stage-2

STAGE PLANS:
  Stage: Stage-5
    Map Reduce Local Work
      Alias -> Map Local Tables:
        a:cbo_t1:cbo_t3 
          Fetch Operator
            limit: -1
      Alias -> Map Local Operator Tree:
        a:cbo_t1:cbo_t3 
          TableScan
            alias: cbo_t3
            Statistics: Num rows: 20 Data size: 3230 Basic stats: COMPLETE Column stats: COMPLETE
            Filter Operator
              predicate: (key < 10) (type: boolean)
              Statistics: Num rows: 6 Data size: 1020 Basic stats: COMPLETE Column stats: COMPLETE
              Select Operator
                expressions: key (type: string), value (type: string)
                outputColumnNames: _col0, _col1
                Statistics: Num rows: 6 Data size: 1020 Basic stats: COMPLETE Column stats: COMPLETE
                HashTable Sink Operator
                  keys:
                    0 
                    1 

  Stage: Stage-2
    Map Reduce
      Map Operator Tree:
          TableScan
            alias: cbo_t3
            Statistics: Num rows: 20 Data size: 3230 Basic stats: COMPLETE Column stats: COMPLETE
            Filter Operator
              predicate: (key < 10) (type: boolean)
              Statistics: Num rows: 6 Data size: 1020 Basic stats: COMPLETE Column stats: COMPLETE
              Select Operator
                expressions: key (type: string), value (type: string)
                outputColumnNames: _col0, _col1
                Statistics: Num rows: 6 Data size: 1020 Basic stats: COMPLETE Column stats: COMPLETE
                Map Join Operator
                  condition map:
                       Inner Join 0 to 1
                  keys:
                    0 
                    1 
                  outputColumnNames: _col0, _col1, _col5, _col6
                  Statistics: Num rows: 36 Data size: 12240 Basic stats: COMPLETE Column stats: COMPLETE
                  Select Operator
                    expressions: _col0 (type: string), _col1 (type: string), _col5 (type: string), _col6 (type: string)
                    outputColumnNames: _col0, _col1, _col2, _col3
                    Statistics: Num rows: 36 Data size: 12240 Basic stats: COMPLETE Column stats: COMPLETE
                    Group By Operator
                      aggregations: sum(hash(_col0,_col1,_col2,_col3))
                      mode: hash
                      outputColumnNames: _col0
                      Statistics: Num rows: 1 Data size: 8 Basic stats: COMPLETE Column stats: COMPLETE
                      Reduce Output Operator
                        sort order: 
                        Statistics: Num rows: 1 Data size: 8 Basic stats: COMPLETE Column stats: COMPLETE
                        value expressions: _col0 (type: bigint)
      Local Work:
        Map Reduce Local Work
      Reduce Operator Tree:
        Group By Operator
          aggregations: sum(VALUE._col0)
          mode: mergepartial
          outputColumnNames: _col0
          Statistics: Num rows: 1 Data size: 8 Basic stats: COMPLETE Column stats: COMPLETE
          Select Operator
            expressions: _col0 (type: bigint)
            outputColumnNames: _col0
            Statistics: Num rows: 1 Data size: 8 Basic stats: COMPLETE Column stats: COMPLETE
            File Output Operator
              compressed: false
              Statistics: Num rows: 1 Data size: 8 Basic stats: COMPLETE Column stats: COMPLETE
              table:
                  input format: org.apache.hadoop.mapred.SequenceFileInputFormat
                  output format: org.apache.hadoop.hive.ql.io.HiveSequenceFileOutputFormat
                  serde: org.apache.hadoop.hive.serde2.lazy.LazySimpleSerDe

  Stage: Stage-0
    Fetch Operator
      limit: -1
      Processor Tree:
        ListSink

Warning: Map Join MAPJOIN[20][bigTable=?] in task 'Stage-2:MAPRED' is a cross product
PREHOOK: query: explain 
select sum(hash(a.k1,a.v1,a.k2, a.v2))
from (
SELECT cbo_t1.key as k1, cbo_t1.value as v1, 
       cbo_t2.key as k2, cbo_t2.value as v2 FROM 
  (SELECT * FROM cbo_t3 WHERE cbo_t3.key < 10) cbo_t1 
    JOIN 
  (SELECT * FROM cbo_t3 WHERE cbo_t3.key < 10) cbo_t2
  SORT BY k1, v1, k2, v2
) a
PREHOOK: type: QUERY
POSTHOOK: query: explain 
select sum(hash(a.k1,a.v1,a.k2, a.v2))
from (
SELECT cbo_t1.key as k1, cbo_t1.value as v1, 
       cbo_t2.key as k2, cbo_t2.value as v2 FROM 
  (SELECT * FROM cbo_t3 WHERE cbo_t3.key < 10) cbo_t1 
    JOIN 
  (SELECT * FROM cbo_t3 WHERE cbo_t3.key < 10) cbo_t2
  SORT BY k1, v1, k2, v2
) a
POSTHOOK: type: QUERY
STAGE DEPENDENCIES:
  Stage-5 is a root stage
  Stage-2 depends on stages: Stage-5
  Stage-0 depends on stages: Stage-2

STAGE PLANS:
  Stage: Stage-5
    Map Reduce Local Work
      Alias -> Map Local Tables:
        a:cbo_t1:cbo_t3 
          Fetch Operator
            limit: -1
      Alias -> Map Local Operator Tree:
        a:cbo_t1:cbo_t3 
          TableScan
            alias: cbo_t3
            Statistics: Num rows: 20 Data size: 3230 Basic stats: COMPLETE Column stats: COMPLETE
            Filter Operator
              predicate: (key < 10) (type: boolean)
              Statistics: Num rows: 6 Data size: 1020 Basic stats: COMPLETE Column stats: COMPLETE
              Select Operator
                expressions: key (type: string), value (type: string)
                outputColumnNames: _col0, _col1
                Statistics: Num rows: 6 Data size: 1020 Basic stats: COMPLETE Column stats: COMPLETE
                HashTable Sink Operator
                  keys:
                    0 
                    1 

  Stage: Stage-2
    Map Reduce
      Map Operator Tree:
          TableScan
            alias: cbo_t3
            Statistics: Num rows: 20 Data size: 3230 Basic stats: COMPLETE Column stats: COMPLETE
            Filter Operator
              predicate: (key < 10) (type: boolean)
              Statistics: Num rows: 6 Data size: 1020 Basic stats: COMPLETE Column stats: COMPLETE
              Select Operator
                expressions: key (type: string), value (type: string)
                outputColumnNames: _col0, _col1
                Statistics: Num rows: 6 Data size: 1020 Basic stats: COMPLETE Column stats: COMPLETE
                Map Join Operator
                  condition map:
                       Inner Join 0 to 1
                  keys:
                    0 
                    1 
                  outputColumnNames: _col0, _col1, _col5, _col6
                  Statistics: Num rows: 36 Data size: 12240 Basic stats: COMPLETE Column stats: COMPLETE
                  Select Operator
                    expressions: _col0 (type: string), _col1 (type: string), _col5 (type: string), _col6 (type: string)
                    outputColumnNames: _col0, _col1, _col2, _col3
                    Statistics: Num rows: 36 Data size: 12240 Basic stats: COMPLETE Column stats: COMPLETE
                    Group By Operator
                      aggregations: sum(hash(_col0,_col1,_col2,_col3))
                      mode: hash
                      outputColumnNames: _col0
                      Statistics: Num rows: 1 Data size: 8 Basic stats: COMPLETE Column stats: COMPLETE
                      Reduce Output Operator
                        sort order: 
                        Statistics: Num rows: 1 Data size: 8 Basic stats: COMPLETE Column stats: COMPLETE
                        value expressions: _col0 (type: bigint)
      Local Work:
        Map Reduce Local Work
      Reduce Operator Tree:
        Group By Operator
          aggregations: sum(VALUE._col0)
          mode: mergepartial
          outputColumnNames: _col0
          Statistics: Num rows: 1 Data size: 8 Basic stats: COMPLETE Column stats: COMPLETE
          Select Operator
            expressions: _col0 (type: bigint)
            outputColumnNames: _col0
            Statistics: Num rows: 1 Data size: 8 Basic stats: COMPLETE Column stats: COMPLETE
            File Output Operator
              compressed: false
              Statistics: Num rows: 1 Data size: 8 Basic stats: COMPLETE Column stats: COMPLETE
              table:
                  input format: org.apache.hadoop.mapred.SequenceFileInputFormat
                  output format: org.apache.hadoop.hive.ql.io.HiveSequenceFileOutputFormat
                  serde: org.apache.hadoop.hive.serde2.lazy.LazySimpleSerDe

  Stage: Stage-0
    Fetch Operator
      limit: -1
      Processor Tree:
        ListSink

