PREHOOK: query: create table s_n3 as select * from src limit 10
PREHOOK: type: CREATETABLE_AS_SELECT
PREHOOK: Input: default@src
PREHOOK: Output: database:default
PREHOOK: Output: default@s_n3
POSTHOOK: query: create table s_n3 as select * from src limit 10
POSTHOOK: type: CREATETABLE_AS_SELECT
POSTHOOK: Input: default@src
POSTHOOK: Output: database:default
POSTHOOK: Output: default@s_n3
POSTHOOK: Lineage: s_n3.key SIMPLE [(src)src.FieldSchema(name:key, type:string, comment:default), ]
POSTHOOK: Lineage: s_n3.value SIMPLE [(src)src.FieldSchema(name:value, type:string, comment:default), ]
PREHOOK: query: explain
select key from s_n3 a
union all
select key from s_n3 b
order by key
PREHOOK: type: QUERY
PREHOOK: Input: default@s_n3
#### A masked pattern was here ####
POSTHOOK: query: explain
select key from s_n3 a
union all
select key from s_n3 b
order by key
POSTHOOK: type: QUERY
POSTHOOK: Input: default@s_n3
#### A masked pattern was here ####
STAGE DEPENDENCIES:
  Stage-1 is a root stage
  Stage-0 depends on stages: Stage-1

STAGE PLANS:
  Stage: Stage-1
    Map Reduce
      Map Operator Tree:
          TableScan
            alias: a
            Statistics: Num rows: 10 Data size: 104 Basic stats: COMPLETE Column stats: NONE
            Select Operator
              expressions: key (type: string)
              outputColumnNames: _col0
              Statistics: Num rows: 10 Data size: 104 Basic stats: COMPLETE Column stats: NONE
              Union
                Statistics: Num rows: 20 Data size: 208 Basic stats: COMPLETE Column stats: NONE
                Reduce Output Operator
                  key expressions: _col0 (type: string)
                  sort order: +
                  Statistics: Num rows: 20 Data size: 208 Basic stats: COMPLETE Column stats: NONE
          TableScan
            alias: b
            Statistics: Num rows: 10 Data size: 104 Basic stats: COMPLETE Column stats: NONE
            Select Operator
              expressions: key (type: string)
              outputColumnNames: _col0
              Statistics: Num rows: 10 Data size: 104 Basic stats: COMPLETE Column stats: NONE
              Union
                Statistics: Num rows: 20 Data size: 208 Basic stats: COMPLETE Column stats: NONE
                Reduce Output Operator
                  key expressions: _col0 (type: string)
                  sort order: +
                  Statistics: Num rows: 20 Data size: 208 Basic stats: COMPLETE Column stats: NONE
      Reduce Operator Tree:
        Select Operator
          expressions: KEY.reducesinkkey0 (type: string)
          outputColumnNames: _col0
          Statistics: Num rows: 20 Data size: 208 Basic stats: COMPLETE Column stats: NONE
          File Output Operator
            compressed: false
            Statistics: Num rows: 20 Data size: 208 Basic stats: COMPLETE Column stats: NONE
            table:
                input format: org.apache.hadoop.mapred.SequenceFileInputFormat
                output format: org.apache.hadoop.hive.ql.io.HiveSequenceFileOutputFormat
                serde: org.apache.hadoop.hive.serde2.lazy.LazySimpleSerDe

  Stage: Stage-0
    Fetch Operator
      limit: -1
      Processor Tree:
        ListSink

PREHOOK: query: explain
select key from s_n3 a
union all
select key from s_n3 b
limit 0
PREHOOK: type: QUERY
PREHOOK: Input: default@s_n3
#### A masked pattern was here ####
POSTHOOK: query: explain
select key from s_n3 a
union all
select key from s_n3 b
limit 0
POSTHOOK: type: QUERY
POSTHOOK: Input: default@s_n3
#### A masked pattern was here ####
STAGE DEPENDENCIES:
  Stage-0 is a root stage

STAGE PLANS:
  Stage: Stage-0
    Fetch Operator
      limit: 0
      Processor Tree:
        ListSink

PREHOOK: query: explain
select key from s_n3 a
union all
select key from s_n3 b
limit 5
PREHOOK: type: QUERY
PREHOOK: Input: default@s_n3
#### A masked pattern was here ####
POSTHOOK: query: explain
select key from s_n3 a
union all
select key from s_n3 b
limit 5
POSTHOOK: type: QUERY
POSTHOOK: Input: default@s_n3
#### A masked pattern was here ####
STAGE DEPENDENCIES:
  Stage-1 is a root stage
  Stage-0 depends on stages: Stage-1

STAGE PLANS:
  Stage: Stage-1
    Map Reduce
      Map Operator Tree:
          TableScan
            alias: a
            Statistics: Num rows: 10 Data size: 104 Basic stats: COMPLETE Column stats: NONE
            Select Operator
              expressions: key (type: string)
              outputColumnNames: _col0
              Statistics: Num rows: 10 Data size: 104 Basic stats: COMPLETE Column stats: NONE
              Union
                Statistics: Num rows: 20 Data size: 208 Basic stats: COMPLETE Column stats: NONE
                Limit
                  Number of rows: 5
                  Statistics: Num rows: 5 Data size: 50 Basic stats: COMPLETE Column stats: NONE
                  File Output Operator
                    compressed: false
                    Statistics: Num rows: 5 Data size: 50 Basic stats: COMPLETE Column stats: NONE
                    table:
                        input format: org.apache.hadoop.mapred.SequenceFileInputFormat
                        output format: org.apache.hadoop.hive.ql.io.HiveSequenceFileOutputFormat
                        serde: org.apache.hadoop.hive.serde2.lazy.LazySimpleSerDe
          TableScan
            alias: b
            Statistics: Num rows: 10 Data size: 104 Basic stats: COMPLETE Column stats: NONE
            Select Operator
              expressions: key (type: string)
              outputColumnNames: _col0
              Statistics: Num rows: 10 Data size: 104 Basic stats: COMPLETE Column stats: NONE
              Union
                Statistics: Num rows: 20 Data size: 208 Basic stats: COMPLETE Column stats: NONE
                Limit
                  Number of rows: 5
                  Statistics: Num rows: 5 Data size: 50 Basic stats: COMPLETE Column stats: NONE
                  File Output Operator
                    compressed: false
                    Statistics: Num rows: 5 Data size: 50 Basic stats: COMPLETE Column stats: NONE
                    table:
                        input format: org.apache.hadoop.mapred.SequenceFileInputFormat
                        output format: org.apache.hadoop.hive.ql.io.HiveSequenceFileOutputFormat
                        serde: org.apache.hadoop.hive.serde2.lazy.LazySimpleSerDe

  Stage: Stage-0
    Fetch Operator
      limit: 5
      Processor Tree:
        ListSink

PREHOOK: query: explain
select key from s_n3 a
union all
select key from s_n3 b
order by key
limit 5
PREHOOK: type: QUERY
PREHOOK: Input: default@s_n3
#### A masked pattern was here ####
POSTHOOK: query: explain
select key from s_n3 a
union all
select key from s_n3 b
order by key
limit 5
POSTHOOK: type: QUERY
POSTHOOK: Input: default@s_n3
#### A masked pattern was here ####
STAGE DEPENDENCIES:
  Stage-1 is a root stage
  Stage-0 depends on stages: Stage-1

STAGE PLANS:
  Stage: Stage-1
    Map Reduce
      Map Operator Tree:
          TableScan
            alias: a
            Statistics: Num rows: 10 Data size: 104 Basic stats: COMPLETE Column stats: NONE
            Select Operator
              expressions: key (type: string)
              outputColumnNames: _col0
              Statistics: Num rows: 10 Data size: 104 Basic stats: COMPLETE Column stats: NONE
              Union
                Statistics: Num rows: 20 Data size: 208 Basic stats: COMPLETE Column stats: NONE
                Reduce Output Operator
                  key expressions: _col0 (type: string)
                  sort order: +
                  Statistics: Num rows: 20 Data size: 208 Basic stats: COMPLETE Column stats: NONE
                  TopN Hash Memory Usage: 0.1
          TableScan
            alias: b
            Statistics: Num rows: 10 Data size: 104 Basic stats: COMPLETE Column stats: NONE
            Select Operator
              expressions: key (type: string)
              outputColumnNames: _col0
              Statistics: Num rows: 10 Data size: 104 Basic stats: COMPLETE Column stats: NONE
              Union
                Statistics: Num rows: 20 Data size: 208 Basic stats: COMPLETE Column stats: NONE
                Reduce Output Operator
                  key expressions: _col0 (type: string)
                  sort order: +
                  Statistics: Num rows: 20 Data size: 208 Basic stats: COMPLETE Column stats: NONE
                  TopN Hash Memory Usage: 0.1
      Reduce Operator Tree:
        Select Operator
          expressions: KEY.reducesinkkey0 (type: string)
          outputColumnNames: _col0
          Statistics: Num rows: 20 Data size: 208 Basic stats: COMPLETE Column stats: NONE
          Limit
            Number of rows: 5
            Statistics: Num rows: 5 Data size: 50 Basic stats: COMPLETE Column stats: NONE
            File Output Operator
              compressed: false
              Statistics: Num rows: 5 Data size: 50 Basic stats: COMPLETE Column stats: NONE
              table:
                  input format: org.apache.hadoop.mapred.SequenceFileInputFormat
                  output format: org.apache.hadoop.hive.ql.io.HiveSequenceFileOutputFormat
                  serde: org.apache.hadoop.hive.serde2.lazy.LazySimpleSerDe

  Stage: Stage-0
    Fetch Operator
      limit: 5
      Processor Tree:
        ListSink

PREHOOK: query: explain
select * from(
select src1.key, src2.value
from src src1 left outer join src src2
on src1.key = src2.key
limit 10)subq1
union all 
select * from(
select src1.key, src2.value
from src src1 left outer join src src2
on src1.key = src2.key
limit 10)subq2
limit 5
PREHOOK: type: QUERY
PREHOOK: Input: default@src
#### A masked pattern was here ####
POSTHOOK: query: explain
select * from(
select src1.key, src2.value
from src src1 left outer join src src2
on src1.key = src2.key
limit 10)subq1
union all 
select * from(
select src1.key, src2.value
from src src1 left outer join src src2
on src1.key = src2.key
limit 10)subq2
limit 5
POSTHOOK: type: QUERY
POSTHOOK: Input: default@src
#### A masked pattern was here ####
STAGE DEPENDENCIES:
  Stage-1 is a root stage
  Stage-2 depends on stages: Stage-1
  Stage-3 depends on stages: Stage-2, Stage-6
  Stage-5 is a root stage
  Stage-6 depends on stages: Stage-5
  Stage-0 depends on stages: Stage-3

STAGE PLANS:
  Stage: Stage-1
    Map Reduce
      Map Operator Tree:
          TableScan
            alias: src2
            Statistics: Num rows: 500 Data size: 5312 Basic stats: COMPLETE Column stats: NONE
            Select Operator
              expressions: key (type: string), value (type: string)
              outputColumnNames: _col0, _col1
              Statistics: Num rows: 500 Data size: 5312 Basic stats: COMPLETE Column stats: NONE
              Reduce Output Operator
                key expressions: _col0 (type: string)
                sort order: +
                Map-reduce partition columns: _col0 (type: string)
                Statistics: Num rows: 500 Data size: 5312 Basic stats: COMPLETE Column stats: NONE
                value expressions: _col1 (type: string)
          TableScan
            alias: src1
            Statistics: Num rows: 500 Data size: 5312 Basic stats: COMPLETE Column stats: NONE
            Select Operator
              expressions: key (type: string)
              outputColumnNames: _col0
              Statistics: Num rows: 500 Data size: 5312 Basic stats: COMPLETE Column stats: NONE
              Reduce Output Operator
                key expressions: _col0 (type: string)
                sort order: +
                Map-reduce partition columns: _col0 (type: string)
                Statistics: Num rows: 500 Data size: 5312 Basic stats: COMPLETE Column stats: NONE
      Reduce Operator Tree:
        Join Operator
          condition map:
               Right Outer Join 0 to 1
          keys:
            0 _col0 (type: string)
            1 _col0 (type: string)
          outputColumnNames: _col1, _col2
          Statistics: Num rows: 550 Data size: 5843 Basic stats: COMPLETE Column stats: NONE
          Select Operator
            expressions: _col2 (type: string), _col1 (type: string)
            outputColumnNames: _col0, _col1
            Statistics: Num rows: 550 Data size: 5843 Basic stats: COMPLETE Column stats: NONE
            Limit
              Number of rows: 10
              Statistics: Num rows: 10 Data size: 100 Basic stats: COMPLETE Column stats: NONE
              File Output Operator
                compressed: false
                table:
                    input format: org.apache.hadoop.mapred.SequenceFileInputFormat
                    output format: org.apache.hadoop.hive.ql.io.HiveSequenceFileOutputFormat
                    serde: org.apache.hadoop.hive.serde2.lazybinary.LazyBinarySerDe

  Stage: Stage-2
    Map Reduce
      Map Operator Tree:
          TableScan
            Reduce Output Operator
              sort order: 
              Statistics: Num rows: 10 Data size: 100 Basic stats: COMPLETE Column stats: NONE
              TopN Hash Memory Usage: 0.1
              value expressions: _col0 (type: string), _col1 (type: string)
      Execution mode: vectorized
      Reduce Operator Tree:
        Select Operator
          expressions: VALUE._col0 (type: string), VALUE._col1 (type: string)
          outputColumnNames: _col0, _col1
          Statistics: Num rows: 10 Data size: 100 Basic stats: COMPLETE Column stats: NONE
          Limit
            Number of rows: 10
            Statistics: Num rows: 10 Data size: 100 Basic stats: COMPLETE Column stats: NONE
            File Output Operator
              compressed: false
              table:
                  input format: org.apache.hadoop.mapred.SequenceFileInputFormat
                  output format: org.apache.hadoop.hive.ql.io.HiveSequenceFileOutputFormat
                  serde: org.apache.hadoop.hive.serde2.lazybinary.LazyBinarySerDe

  Stage: Stage-3
    Map Reduce
      Map Operator Tree:
          TableScan
            Union
              Statistics: Num rows: 20 Data size: 200 Basic stats: COMPLETE Column stats: NONE
              Limit
                Number of rows: 5
                Statistics: Num rows: 5 Data size: 50 Basic stats: COMPLETE Column stats: NONE
                File Output Operator
                  compressed: false
                  Statistics: Num rows: 5 Data size: 50 Basic stats: COMPLETE Column stats: NONE
                  table:
                      input format: org.apache.hadoop.mapred.SequenceFileInputFormat
                      output format: org.apache.hadoop.hive.ql.io.HiveSequenceFileOutputFormat
                      serde: org.apache.hadoop.hive.serde2.lazy.LazySimpleSerDe
          TableScan
            Union
              Statistics: Num rows: 20 Data size: 200 Basic stats: COMPLETE Column stats: NONE
              Limit
                Number of rows: 5
                Statistics: Num rows: 5 Data size: 50 Basic stats: COMPLETE Column stats: NONE
                File Output Operator
                  compressed: false
                  Statistics: Num rows: 5 Data size: 50 Basic stats: COMPLETE Column stats: NONE
                  table:
                      input format: org.apache.hadoop.mapred.SequenceFileInputFormat
                      output format: org.apache.hadoop.hive.ql.io.HiveSequenceFileOutputFormat
                      serde: org.apache.hadoop.hive.serde2.lazy.LazySimpleSerDe

  Stage: Stage-5
    Map Reduce
      Map Operator Tree:
          TableScan
            alias: src2
            Statistics: Num rows: 500 Data size: 5312 Basic stats: COMPLETE Column stats: NONE
            Select Operator
              expressions: key (type: string), value (type: string)
              outputColumnNames: _col0, _col1
              Statistics: Num rows: 500 Data size: 5312 Basic stats: COMPLETE Column stats: NONE
              Reduce Output Operator
                key expressions: _col0 (type: string)
                sort order: +
                Map-reduce partition columns: _col0 (type: string)
                Statistics: Num rows: 500 Data size: 5312 Basic stats: COMPLETE Column stats: NONE
                value expressions: _col1 (type: string)
          TableScan
            alias: src1
            Statistics: Num rows: 500 Data size: 5312 Basic stats: COMPLETE Column stats: NONE
            Select Operator
              expressions: key (type: string)
              outputColumnNames: _col0
              Statistics: Num rows: 500 Data size: 5312 Basic stats: COMPLETE Column stats: NONE
              Reduce Output Operator
                key expressions: _col0 (type: string)
                sort order: +
                Map-reduce partition columns: _col0 (type: string)
                Statistics: Num rows: 500 Data size: 5312 Basic stats: COMPLETE Column stats: NONE
      Reduce Operator Tree:
        Join Operator
          condition map:
               Right Outer Join 0 to 1
          keys:
            0 _col0 (type: string)
            1 _col0 (type: string)
          outputColumnNames: _col1, _col2
          Statistics: Num rows: 550 Data size: 5843 Basic stats: COMPLETE Column stats: NONE
          Select Operator
            expressions: _col2 (type: string), _col1 (type: string)
            outputColumnNames: _col0, _col1
            Statistics: Num rows: 550 Data size: 5843 Basic stats: COMPLETE Column stats: NONE
            Limit
              Number of rows: 10
              Statistics: Num rows: 10 Data size: 100 Basic stats: COMPLETE Column stats: NONE
              File Output Operator
                compressed: false
                table:
                    input format: org.apache.hadoop.mapred.SequenceFileInputFormat
                    output format: org.apache.hadoop.hive.ql.io.HiveSequenceFileOutputFormat
                    serde: org.apache.hadoop.hive.serde2.lazybinary.LazyBinarySerDe

  Stage: Stage-6
    Map Reduce
      Map Operator Tree:
          TableScan
            Reduce Output Operator
              sort order: 
              Statistics: Num rows: 10 Data size: 100 Basic stats: COMPLETE Column stats: NONE
              TopN Hash Memory Usage: 0.1
              value expressions: _col0 (type: string), _col1 (type: string)
      Execution mode: vectorized
      Reduce Operator Tree:
        Select Operator
          expressions: VALUE._col0 (type: string), VALUE._col1 (type: string)
          outputColumnNames: _col0, _col1
          Statistics: Num rows: 10 Data size: 100 Basic stats: COMPLETE Column stats: NONE
          Limit
            Number of rows: 10
            Statistics: Num rows: 10 Data size: 100 Basic stats: COMPLETE Column stats: NONE
            File Output Operator
              compressed: false
              table:
                  input format: org.apache.hadoop.mapred.SequenceFileInputFormat
                  output format: org.apache.hadoop.hive.ql.io.HiveSequenceFileOutputFormat
                  serde: org.apache.hadoop.hive.serde2.lazybinary.LazyBinarySerDe

  Stage: Stage-0
    Fetch Operator
      limit: 5
      Processor Tree:
        ListSink

PREHOOK: query: explain
select key from s_n3 a
union all
select key from s_n3 b
order by key
PREHOOK: type: QUERY
PREHOOK: Input: default@s_n3
#### A masked pattern was here ####
POSTHOOK: query: explain
select key from s_n3 a
union all
select key from s_n3 b
order by key
POSTHOOK: type: QUERY
POSTHOOK: Input: default@s_n3
#### A masked pattern was here ####
STAGE DEPENDENCIES:
  Stage-1 is a root stage
  Stage-0 depends on stages: Stage-1

STAGE PLANS:
  Stage: Stage-1
    Map Reduce
      Map Operator Tree:
          TableScan
            alias: a
            Statistics: Num rows: 10 Data size: 104 Basic stats: COMPLETE Column stats: NONE
            Select Operator
              expressions: key (type: string)
              outputColumnNames: _col0
              Statistics: Num rows: 10 Data size: 104 Basic stats: COMPLETE Column stats: NONE
              Union
                Statistics: Num rows: 20 Data size: 208 Basic stats: COMPLETE Column stats: NONE
                Reduce Output Operator
                  key expressions: _col0 (type: string)
                  sort order: +
                  Statistics: Num rows: 20 Data size: 208 Basic stats: COMPLETE Column stats: NONE
          TableScan
            alias: b
            Statistics: Num rows: 10 Data size: 104 Basic stats: COMPLETE Column stats: NONE
            Select Operator
              expressions: key (type: string)
              outputColumnNames: _col0
              Statistics: Num rows: 10 Data size: 104 Basic stats: COMPLETE Column stats: NONE
              Union
                Statistics: Num rows: 20 Data size: 208 Basic stats: COMPLETE Column stats: NONE
                Reduce Output Operator
                  key expressions: _col0 (type: string)
                  sort order: +
                  Statistics: Num rows: 20 Data size: 208 Basic stats: COMPLETE Column stats: NONE
      Reduce Operator Tree:
        Select Operator
          expressions: KEY.reducesinkkey0 (type: string)
          outputColumnNames: _col0
          Statistics: Num rows: 20 Data size: 208 Basic stats: COMPLETE Column stats: NONE
          File Output Operator
            compressed: false
            Statistics: Num rows: 20 Data size: 208 Basic stats: COMPLETE Column stats: NONE
            table:
                input format: org.apache.hadoop.mapred.SequenceFileInputFormat
                output format: org.apache.hadoop.hive.ql.io.HiveSequenceFileOutputFormat
                serde: org.apache.hadoop.hive.serde2.lazy.LazySimpleSerDe

  Stage: Stage-0
    Fetch Operator
      limit: -1
      Processor Tree:
        ListSink

PREHOOK: query: explain
select key from s_n3 a
union all
select key from s_n3 b
limit 0
PREHOOK: type: QUERY
PREHOOK: Input: default@s_n3
#### A masked pattern was here ####
POSTHOOK: query: explain
select key from s_n3 a
union all
select key from s_n3 b
limit 0
POSTHOOK: type: QUERY
POSTHOOK: Input: default@s_n3
#### A masked pattern was here ####
STAGE DEPENDENCIES:
  Stage-0 is a root stage

STAGE PLANS:
  Stage: Stage-0
    Fetch Operator
      limit: 0
      Processor Tree:
        ListSink

PREHOOK: query: explain
select key from s_n3 a
union all
select key from s_n3 b
limit 5
PREHOOK: type: QUERY
PREHOOK: Input: default@s_n3
#### A masked pattern was here ####
POSTHOOK: query: explain
select key from s_n3 a
union all
select key from s_n3 b
limit 5
POSTHOOK: type: QUERY
POSTHOOK: Input: default@s_n3
#### A masked pattern was here ####
STAGE DEPENDENCIES:
  Stage-1 is a root stage
  Stage-2 depends on stages: Stage-1, Stage-3
  Stage-3 is a root stage
  Stage-0 depends on stages: Stage-2

STAGE PLANS:
  Stage: Stage-1
    Map Reduce
      Map Operator Tree:
          TableScan
            alias: a
            Statistics: Num rows: 10 Data size: 104 Basic stats: COMPLETE Column stats: NONE
            Select Operator
              expressions: key (type: string)
              outputColumnNames: _col0
              Statistics: Num rows: 10 Data size: 104 Basic stats: COMPLETE Column stats: NONE
              Limit
                Number of rows: 5
                Statistics: Num rows: 5 Data size: 50 Basic stats: COMPLETE Column stats: NONE
                Reduce Output Operator
                  sort order: 
                  Statistics: Num rows: 5 Data size: 50 Basic stats: COMPLETE Column stats: NONE
                  TopN Hash Memory Usage: 0.1
                  value expressions: _col0 (type: string)
      Execution mode: vectorized
      Reduce Operator Tree:
        Select Operator
          expressions: VALUE._col0 (type: string)
          outputColumnNames: _col0
          Statistics: Num rows: 5 Data size: 50 Basic stats: COMPLETE Column stats: NONE
          Limit
            Number of rows: 5
            Statistics: Num rows: 5 Data size: 50 Basic stats: COMPLETE Column stats: NONE
            File Output Operator
              compressed: false
              table:
                  input format: org.apache.hadoop.mapred.SequenceFileInputFormat
                  output format: org.apache.hadoop.hive.ql.io.HiveSequenceFileOutputFormat
                  serde: org.apache.hadoop.hive.serde2.lazybinary.LazyBinarySerDe

  Stage: Stage-2
    Map Reduce
      Map Operator Tree:
          TableScan
            Union
              Statistics: Num rows: 10 Data size: 100 Basic stats: COMPLETE Column stats: NONE
              Limit
                Number of rows: 5
                Statistics: Num rows: 5 Data size: 50 Basic stats: COMPLETE Column stats: NONE
                File Output Operator
                  compressed: false
                  Statistics: Num rows: 5 Data size: 50 Basic stats: COMPLETE Column stats: NONE
                  table:
                      input format: org.apache.hadoop.mapred.SequenceFileInputFormat
                      output format: org.apache.hadoop.hive.ql.io.HiveSequenceFileOutputFormat
                      serde: org.apache.hadoop.hive.serde2.lazy.LazySimpleSerDe
          TableScan
            Union
              Statistics: Num rows: 10 Data size: 100 Basic stats: COMPLETE Column stats: NONE
              Limit
                Number of rows: 5
                Statistics: Num rows: 5 Data size: 50 Basic stats: COMPLETE Column stats: NONE
                File Output Operator
                  compressed: false
                  Statistics: Num rows: 5 Data size: 50 Basic stats: COMPLETE Column stats: NONE
                  table:
                      input format: org.apache.hadoop.mapred.SequenceFileInputFormat
                      output format: org.apache.hadoop.hive.ql.io.HiveSequenceFileOutputFormat
                      serde: org.apache.hadoop.hive.serde2.lazy.LazySimpleSerDe

  Stage: Stage-3
    Map Reduce
      Map Operator Tree:
          TableScan
            alias: b
            Statistics: Num rows: 10 Data size: 104 Basic stats: COMPLETE Column stats: NONE
            Select Operator
              expressions: key (type: string)
              outputColumnNames: _col0
              Statistics: Num rows: 10 Data size: 104 Basic stats: COMPLETE Column stats: NONE
              Limit
                Number of rows: 5
                Statistics: Num rows: 5 Data size: 50 Basic stats: COMPLETE Column stats: NONE
                Reduce Output Operator
                  sort order: 
                  Statistics: Num rows: 5 Data size: 50 Basic stats: COMPLETE Column stats: NONE
                  TopN Hash Memory Usage: 0.1
                  value expressions: _col0 (type: string)
      Execution mode: vectorized
      Reduce Operator Tree:
        Select Operator
          expressions: VALUE._col0 (type: string)
          outputColumnNames: _col0
          Statistics: Num rows: 5 Data size: 50 Basic stats: COMPLETE Column stats: NONE
          Limit
            Number of rows: 5
            Statistics: Num rows: 5 Data size: 50 Basic stats: COMPLETE Column stats: NONE
            File Output Operator
              compressed: false
              table:
                  input format: org.apache.hadoop.mapred.SequenceFileInputFormat
                  output format: org.apache.hadoop.hive.ql.io.HiveSequenceFileOutputFormat
                  serde: org.apache.hadoop.hive.serde2.lazybinary.LazyBinarySerDe

  Stage: Stage-0
    Fetch Operator
      limit: 5
      Processor Tree:
        ListSink

PREHOOK: query: explain
select key from s_n3 a
union all
select key from s_n3 b
order by key
limit 5
PREHOOK: type: QUERY
PREHOOK: Input: default@s_n3
#### A masked pattern was here ####
POSTHOOK: query: explain
select key from s_n3 a
union all
select key from s_n3 b
order by key
limit 5
POSTHOOK: type: QUERY
POSTHOOK: Input: default@s_n3
#### A masked pattern was here ####
STAGE DEPENDENCIES:
  Stage-1 is a root stage
  Stage-2 depends on stages: Stage-1, Stage-3
  Stage-3 is a root stage
  Stage-0 depends on stages: Stage-2

STAGE PLANS:
  Stage: Stage-1
    Map Reduce
      Map Operator Tree:
          TableScan
            alias: a
            Statistics: Num rows: 10 Data size: 104 Basic stats: COMPLETE Column stats: NONE
            Select Operator
              expressions: key (type: string)
              outputColumnNames: _col0
              Statistics: Num rows: 10 Data size: 104 Basic stats: COMPLETE Column stats: NONE
              Reduce Output Operator
                key expressions: _col0 (type: string)
                sort order: +
                Statistics: Num rows: 10 Data size: 104 Basic stats: COMPLETE Column stats: NONE
                TopN Hash Memory Usage: 0.1
      Execution mode: vectorized
      Reduce Operator Tree:
        Select Operator
          expressions: KEY.reducesinkkey0 (type: string)
          outputColumnNames: _col0
          Statistics: Num rows: 10 Data size: 104 Basic stats: COMPLETE Column stats: NONE
          Limit
            Number of rows: 5
            Statistics: Num rows: 5 Data size: 50 Basic stats: COMPLETE Column stats: NONE
            File Output Operator
              compressed: false
              table:
                  input format: org.apache.hadoop.mapred.SequenceFileInputFormat
                  output format: org.apache.hadoop.hive.ql.io.HiveSequenceFileOutputFormat
                  serde: org.apache.hadoop.hive.serde2.lazybinary.LazyBinarySerDe

  Stage: Stage-2
    Map Reduce
      Map Operator Tree:
          TableScan
            Union
              Statistics: Num rows: 10 Data size: 100 Basic stats: COMPLETE Column stats: NONE
              Reduce Output Operator
                key expressions: _col0 (type: string)
                sort order: +
                Statistics: Num rows: 10 Data size: 100 Basic stats: COMPLETE Column stats: NONE
                TopN Hash Memory Usage: 0.1
          TableScan
            Union
              Statistics: Num rows: 10 Data size: 100 Basic stats: COMPLETE Column stats: NONE
              Reduce Output Operator
                key expressions: _col0 (type: string)
                sort order: +
                Statistics: Num rows: 10 Data size: 100 Basic stats: COMPLETE Column stats: NONE
                TopN Hash Memory Usage: 0.1
      Reduce Operator Tree:
        Select Operator
          expressions: KEY.reducesinkkey0 (type: string)
          outputColumnNames: _col0
          Statistics: Num rows: 10 Data size: 100 Basic stats: COMPLETE Column stats: NONE
          Limit
            Number of rows: 5
            Statistics: Num rows: 5 Data size: 50 Basic stats: COMPLETE Column stats: NONE
            File Output Operator
              compressed: false
              Statistics: Num rows: 5 Data size: 50 Basic stats: COMPLETE Column stats: NONE
              table:
                  input format: org.apache.hadoop.mapred.SequenceFileInputFormat
                  output format: org.apache.hadoop.hive.ql.io.HiveSequenceFileOutputFormat
                  serde: org.apache.hadoop.hive.serde2.lazy.LazySimpleSerDe

  Stage: Stage-3
    Map Reduce
      Map Operator Tree:
          TableScan
            alias: b
            Statistics: Num rows: 10 Data size: 104 Basic stats: COMPLETE Column stats: NONE
            Select Operator
              expressions: key (type: string)
              outputColumnNames: _col0
              Statistics: Num rows: 10 Data size: 104 Basic stats: COMPLETE Column stats: NONE
              Reduce Output Operator
                key expressions: _col0 (type: string)
                sort order: +
                Statistics: Num rows: 10 Data size: 104 Basic stats: COMPLETE Column stats: NONE
                TopN Hash Memory Usage: 0.1
      Execution mode: vectorized
      Reduce Operator Tree:
        Select Operator
          expressions: KEY.reducesinkkey0 (type: string)
          outputColumnNames: _col0
          Statistics: Num rows: 10 Data size: 104 Basic stats: COMPLETE Column stats: NONE
          Limit
            Number of rows: 5
            Statistics: Num rows: 5 Data size: 50 Basic stats: COMPLETE Column stats: NONE
            File Output Operator
              compressed: false
              table:
                  input format: org.apache.hadoop.mapred.SequenceFileInputFormat
                  output format: org.apache.hadoop.hive.ql.io.HiveSequenceFileOutputFormat
                  serde: org.apache.hadoop.hive.serde2.lazybinary.LazyBinarySerDe

  Stage: Stage-0
    Fetch Operator
      limit: 5
      Processor Tree:
        ListSink

PREHOOK: query: explain
select * from(
select src1.key, src2.value
from src src1 left outer join src src2
on src1.key = src2.key
limit 10)subq1
union all 
select * from(
select src1.key, src2.value
from src src1 left outer join src src2
on src1.key = src2.key
limit 10)subq2
limit 5
PREHOOK: type: QUERY
PREHOOK: Input: default@src
#### A masked pattern was here ####
POSTHOOK: query: explain
select * from(
select src1.key, src2.value
from src src1 left outer join src src2
on src1.key = src2.key
limit 10)subq1
union all 
select * from(
select src1.key, src2.value
from src src1 left outer join src src2
on src1.key = src2.key
limit 10)subq2
limit 5
POSTHOOK: type: QUERY
POSTHOOK: Input: default@src
#### A masked pattern was here ####
STAGE DEPENDENCIES:
  Stage-4 is a root stage
  Stage-1 depends on stages: Stage-4
  Stage-2 depends on stages: Stage-1
  Stage-3 depends on stages: Stage-2, Stage-6
  Stage-7 is a root stage
  Stage-5 depends on stages: Stage-7
  Stage-6 depends on stages: Stage-5
  Stage-0 depends on stages: Stage-3

STAGE PLANS:
  Stage: Stage-4
    Map Reduce
      Map Operator Tree:
          TableScan
            alias: src1
            Statistics: Num rows: 500 Data size: 5312 Basic stats: COMPLETE Column stats: NONE
            Select Operator
              expressions: key (type: string)
              outputColumnNames: _col0
              Statistics: Num rows: 500 Data size: 5312 Basic stats: COMPLETE Column stats: NONE
              Limit
                Number of rows: 5
                Statistics: Num rows: 5 Data size: 50 Basic stats: COMPLETE Column stats: NONE
                Reduce Output Operator
                  sort order: 
                  Statistics: Num rows: 5 Data size: 50 Basic stats: COMPLETE Column stats: NONE
                  TopN Hash Memory Usage: 0.1
                  value expressions: _col0 (type: string)
      Execution mode: vectorized
      Reduce Operator Tree:
        Select Operator
          expressions: VALUE._col0 (type: string)
          outputColumnNames: _col0
          Statistics: Num rows: 5 Data size: 50 Basic stats: COMPLETE Column stats: NONE
          Limit
            Number of rows: 5
            Statistics: Num rows: 5 Data size: 50 Basic stats: COMPLETE Column stats: NONE
            File Output Operator
              compressed: false
              table:
                  input format: org.apache.hadoop.mapred.SequenceFileInputFormat
                  output format: org.apache.hadoop.hive.ql.io.HiveSequenceFileOutputFormat
                  serde: org.apache.hadoop.hive.serde2.lazybinary.LazyBinarySerDe

  Stage: Stage-1
    Map Reduce
      Map Operator Tree:
          TableScan
            alias: src2
            Statistics: Num rows: 500 Data size: 5312 Basic stats: COMPLETE Column stats: NONE
            Select Operator
              expressions: key (type: string), value (type: string)
              outputColumnNames: _col0, _col1
              Statistics: Num rows: 500 Data size: 5312 Basic stats: COMPLETE Column stats: NONE
              Reduce Output Operator
                key expressions: _col0 (type: string)
                sort order: +
                Map-reduce partition columns: _col0 (type: string)
                Statistics: Num rows: 500 Data size: 5312 Basic stats: COMPLETE Column stats: NONE
                value expressions: _col1 (type: string)
          TableScan
            Reduce Output Operator
              key expressions: _col0 (type: string)
              sort order: +
              Map-reduce partition columns: _col0 (type: string)
              Statistics: Num rows: 5 Data size: 50 Basic stats: COMPLETE Column stats: NONE
      Reduce Operator Tree:
        Join Operator
          condition map:
               Right Outer Join 0 to 1
          keys:
            0 _col0 (type: string)
            1 _col0 (type: string)
          outputColumnNames: _col1, _col2
          Statistics: Num rows: 550 Data size: 5843 Basic stats: COMPLETE Column stats: NONE
          Select Operator
            expressions: _col2 (type: string), _col1 (type: string)
            outputColumnNames: _col0, _col1
            Statistics: Num rows: 550 Data size: 5843 Basic stats: COMPLETE Column stats: NONE
            Limit
              Number of rows: 5
              Statistics: Num rows: 5 Data size: 50 Basic stats: COMPLETE Column stats: NONE
              File Output Operator
                compressed: false
                table:
                    input format: org.apache.hadoop.mapred.SequenceFileInputFormat
                    output format: org.apache.hadoop.hive.ql.io.HiveSequenceFileOutputFormat
                    serde: org.apache.hadoop.hive.serde2.lazybinary.LazyBinarySerDe

  Stage: Stage-2
    Map Reduce
      Map Operator Tree:
          TableScan
            Reduce Output Operator
              sort order: 
              Statistics: Num rows: 5 Data size: 50 Basic stats: COMPLETE Column stats: NONE
              TopN Hash Memory Usage: 0.1
              value expressions: _col0 (type: string), _col1 (type: string)
      Execution mode: vectorized
      Reduce Operator Tree:
        Select Operator
          expressions: VALUE._col0 (type: string), VALUE._col1 (type: string)
          outputColumnNames: _col0, _col1
          Statistics: Num rows: 5 Data size: 50 Basic stats: COMPLETE Column stats: NONE
          Limit
            Number of rows: 5
            Statistics: Num rows: 5 Data size: 50 Basic stats: COMPLETE Column stats: NONE
            File Output Operator
              compressed: false
              table:
                  input format: org.apache.hadoop.mapred.SequenceFileInputFormat
                  output format: org.apache.hadoop.hive.ql.io.HiveSequenceFileOutputFormat
                  serde: org.apache.hadoop.hive.serde2.lazybinary.LazyBinarySerDe

  Stage: Stage-3
    Map Reduce
      Map Operator Tree:
          TableScan
            Union
              Statistics: Num rows: 10 Data size: 100 Basic stats: COMPLETE Column stats: NONE
              Limit
                Number of rows: 5
                Statistics: Num rows: 5 Data size: 50 Basic stats: COMPLETE Column stats: NONE
                File Output Operator
                  compressed: false
                  Statistics: Num rows: 5 Data size: 50 Basic stats: COMPLETE Column stats: NONE
                  table:
                      input format: org.apache.hadoop.mapred.SequenceFileInputFormat
                      output format: org.apache.hadoop.hive.ql.io.HiveSequenceFileOutputFormat
                      serde: org.apache.hadoop.hive.serde2.lazy.LazySimpleSerDe
          TableScan
            Union
              Statistics: Num rows: 10 Data size: 100 Basic stats: COMPLETE Column stats: NONE
              Limit
                Number of rows: 5
                Statistics: Num rows: 5 Data size: 50 Basic stats: COMPLETE Column stats: NONE
                File Output Operator
                  compressed: false
                  Statistics: Num rows: 5 Data size: 50 Basic stats: COMPLETE Column stats: NONE
                  table:
                      input format: org.apache.hadoop.mapred.SequenceFileInputFormat
                      output format: org.apache.hadoop.hive.ql.io.HiveSequenceFileOutputFormat
                      serde: org.apache.hadoop.hive.serde2.lazy.LazySimpleSerDe

  Stage: Stage-7
    Map Reduce
      Map Operator Tree:
          TableScan
            alias: src1
            Statistics: Num rows: 500 Data size: 5312 Basic stats: COMPLETE Column stats: NONE
            Select Operator
              expressions: key (type: string)
              outputColumnNames: _col0
              Statistics: Num rows: 500 Data size: 5312 Basic stats: COMPLETE Column stats: NONE
              Limit
                Number of rows: 5
                Statistics: Num rows: 5 Data size: 50 Basic stats: COMPLETE Column stats: NONE
                Reduce Output Operator
                  sort order: 
                  Statistics: Num rows: 5 Data size: 50 Basic stats: COMPLETE Column stats: NONE
                  TopN Hash Memory Usage: 0.1
                  value expressions: _col0 (type: string)
      Execution mode: vectorized
      Reduce Operator Tree:
        Select Operator
          expressions: VALUE._col0 (type: string)
          outputColumnNames: _col0
          Statistics: Num rows: 5 Data size: 50 Basic stats: COMPLETE Column stats: NONE
          Limit
            Number of rows: 5
            Statistics: Num rows: 5 Data size: 50 Basic stats: COMPLETE Column stats: NONE
            File Output Operator
              compressed: false
              table:
                  input format: org.apache.hadoop.mapred.SequenceFileInputFormat
                  output format: org.apache.hadoop.hive.ql.io.HiveSequenceFileOutputFormat
                  serde: org.apache.hadoop.hive.serde2.lazybinary.LazyBinarySerDe

  Stage: Stage-5
    Map Reduce
      Map Operator Tree:
          TableScan
            alias: src2
            Statistics: Num rows: 500 Data size: 5312 Basic stats: COMPLETE Column stats: NONE
            Select Operator
              expressions: key (type: string), value (type: string)
              outputColumnNames: _col0, _col1
              Statistics: Num rows: 500 Data size: 5312 Basic stats: COMPLETE Column stats: NONE
              Reduce Output Operator
                key expressions: _col0 (type: string)
                sort order: +
                Map-reduce partition columns: _col0 (type: string)
                Statistics: Num rows: 500 Data size: 5312 Basic stats: COMPLETE Column stats: NONE
                value expressions: _col1 (type: string)
          TableScan
            Reduce Output Operator
              key expressions: _col0 (type: string)
              sort order: +
              Map-reduce partition columns: _col0 (type: string)
              Statistics: Num rows: 5 Data size: 50 Basic stats: COMPLETE Column stats: NONE
      Reduce Operator Tree:
        Join Operator
          condition map:
               Right Outer Join 0 to 1
          keys:
            0 _col0 (type: string)
            1 _col0 (type: string)
          outputColumnNames: _col1, _col2
          Statistics: Num rows: 550 Data size: 5843 Basic stats: COMPLETE Column stats: NONE
          Select Operator
            expressions: _col2 (type: string), _col1 (type: string)
            outputColumnNames: _col0, _col1
            Statistics: Num rows: 550 Data size: 5843 Basic stats: COMPLETE Column stats: NONE
            Limit
              Number of rows: 5
              Statistics: Num rows: 5 Data size: 50 Basic stats: COMPLETE Column stats: NONE
              File Output Operator
                compressed: false
                table:
                    input format: org.apache.hadoop.mapred.SequenceFileInputFormat
                    output format: org.apache.hadoop.hive.ql.io.HiveSequenceFileOutputFormat
                    serde: org.apache.hadoop.hive.serde2.lazybinary.LazyBinarySerDe

  Stage: Stage-6
    Map Reduce
      Map Operator Tree:
          TableScan
            Reduce Output Operator
              sort order: 
              Statistics: Num rows: 5 Data size: 50 Basic stats: COMPLETE Column stats: NONE
              TopN Hash Memory Usage: 0.1
              value expressions: _col0 (type: string), _col1 (type: string)
      Execution mode: vectorized
      Reduce Operator Tree:
        Select Operator
          expressions: VALUE._col0 (type: string), VALUE._col1 (type: string)
          outputColumnNames: _col0, _col1
          Statistics: Num rows: 5 Data size: 50 Basic stats: COMPLETE Column stats: NONE
          Limit
            Number of rows: 5
            Statistics: Num rows: 5 Data size: 50 Basic stats: COMPLETE Column stats: NONE
            File Output Operator
              compressed: false
              table:
                  input format: org.apache.hadoop.mapred.SequenceFileInputFormat
                  output format: org.apache.hadoop.hive.ql.io.HiveSequenceFileOutputFormat
                  serde: org.apache.hadoop.hive.serde2.lazybinary.LazyBinarySerDe

  Stage: Stage-0
    Fetch Operator
      limit: 5
      Processor Tree:
        ListSink

PREHOOK: query: explain
select key from s_n3 a
union all
select key from s_n3 b
limit 5
PREHOOK: type: QUERY
PREHOOK: Input: default@s_n3
#### A masked pattern was here ####
POSTHOOK: query: explain
select key from s_n3 a
union all
select key from s_n3 b
limit 5
POSTHOOK: type: QUERY
POSTHOOK: Input: default@s_n3
#### A masked pattern was here ####
STAGE DEPENDENCIES:
  Stage-1 is a root stage
  Stage-0 depends on stages: Stage-1

STAGE PLANS:
  Stage: Stage-1
    Map Reduce
      Map Operator Tree:
          TableScan
            alias: a
            Statistics: Num rows: 10 Data size: 104 Basic stats: COMPLETE Column stats: NONE
            Select Operator
              expressions: key (type: string)
              outputColumnNames: _col0
              Statistics: Num rows: 10 Data size: 104 Basic stats: COMPLETE Column stats: NONE
              Union
                Statistics: Num rows: 20 Data size: 208 Basic stats: COMPLETE Column stats: NONE
                Limit
                  Number of rows: 5
                  Statistics: Num rows: 5 Data size: 50 Basic stats: COMPLETE Column stats: NONE
                  File Output Operator
                    compressed: false
                    Statistics: Num rows: 5 Data size: 50 Basic stats: COMPLETE Column stats: NONE
                    table:
                        input format: org.apache.hadoop.mapred.SequenceFileInputFormat
                        output format: org.apache.hadoop.hive.ql.io.HiveSequenceFileOutputFormat
                        serde: org.apache.hadoop.hive.serde2.lazy.LazySimpleSerDe
          TableScan
            alias: b
            Statistics: Num rows: 10 Data size: 104 Basic stats: COMPLETE Column stats: NONE
            Select Operator
              expressions: key (type: string)
              outputColumnNames: _col0
              Statistics: Num rows: 10 Data size: 104 Basic stats: COMPLETE Column stats: NONE
              Union
                Statistics: Num rows: 20 Data size: 208 Basic stats: COMPLETE Column stats: NONE
                Limit
                  Number of rows: 5
                  Statistics: Num rows: 5 Data size: 50 Basic stats: COMPLETE Column stats: NONE
                  File Output Operator
                    compressed: false
                    Statistics: Num rows: 5 Data size: 50 Basic stats: COMPLETE Column stats: NONE
                    table:
                        input format: org.apache.hadoop.mapred.SequenceFileInputFormat
                        output format: org.apache.hadoop.hive.ql.io.HiveSequenceFileOutputFormat
                        serde: org.apache.hadoop.hive.serde2.lazy.LazySimpleSerDe

  Stage: Stage-0
    Fetch Operator
      limit: 5
      Processor Tree:
        ListSink

PREHOOK: query: explain
select key from s_n3 a
union all
select key from s_n3 b
limit 5
PREHOOK: type: QUERY
PREHOOK: Input: default@s_n3
#### A masked pattern was here ####
POSTHOOK: query: explain
select key from s_n3 a
union all
select key from s_n3 b
limit 5
POSTHOOK: type: QUERY
POSTHOOK: Input: default@s_n3
#### A masked pattern was here ####
STAGE DEPENDENCIES:
  Stage-1 is a root stage
  Stage-0 depends on stages: Stage-1

STAGE PLANS:
  Stage: Stage-1
    Map Reduce
      Map Operator Tree:
          TableScan
            alias: a
            Statistics: Num rows: 10 Data size: 104 Basic stats: COMPLETE Column stats: NONE
            Select Operator
              expressions: key (type: string)
              outputColumnNames: _col0
              Statistics: Num rows: 10 Data size: 104 Basic stats: COMPLETE Column stats: NONE
              Union
                Statistics: Num rows: 20 Data size: 208 Basic stats: COMPLETE Column stats: NONE
                Limit
                  Number of rows: 5
                  Statistics: Num rows: 5 Data size: 50 Basic stats: COMPLETE Column stats: NONE
                  File Output Operator
                    compressed: false
                    Statistics: Num rows: 5 Data size: 50 Basic stats: COMPLETE Column stats: NONE
                    table:
                        input format: org.apache.hadoop.mapred.SequenceFileInputFormat
                        output format: org.apache.hadoop.hive.ql.io.HiveSequenceFileOutputFormat
                        serde: org.apache.hadoop.hive.serde2.lazy.LazySimpleSerDe
          TableScan
            alias: b
            Statistics: Num rows: 10 Data size: 104 Basic stats: COMPLETE Column stats: NONE
            Select Operator
              expressions: key (type: string)
              outputColumnNames: _col0
              Statistics: Num rows: 10 Data size: 104 Basic stats: COMPLETE Column stats: NONE
              Union
                Statistics: Num rows: 20 Data size: 208 Basic stats: COMPLETE Column stats: NONE
                Limit
                  Number of rows: 5
                  Statistics: Num rows: 5 Data size: 50 Basic stats: COMPLETE Column stats: NONE
                  File Output Operator
                    compressed: false
                    Statistics: Num rows: 5 Data size: 50 Basic stats: COMPLETE Column stats: NONE
                    table:
                        input format: org.apache.hadoop.mapred.SequenceFileInputFormat
                        output format: org.apache.hadoop.hive.ql.io.HiveSequenceFileOutputFormat
                        serde: org.apache.hadoop.hive.serde2.lazy.LazySimpleSerDe

  Stage: Stage-0
    Fetch Operator
      limit: 5
      Processor Tree:
        ListSink

