PREHOOK: query: explain
select * from (
  select * from (select * from srcpart a where a.ds = '2008-04-08' and a.hr = '11' order by a.key limit 5)pa
    union all
  select * from (select * from srcpart b where b.ds = '2008-04-08' and b.hr = '14' limit 5)pb
)subq
PREHOOK: type: QUERY
POSTHOOK: query: explain
select * from (
  select * from (select * from srcpart a where a.ds = '2008-04-08' and a.hr = '11' order by a.key limit 5)pa
    union all
  select * from (select * from srcpart b where b.ds = '2008-04-08' and b.hr = '14' limit 5)pb
)subq
POSTHOOK: type: QUERY
STAGE DEPENDENCIES:
  Stage-1 is a root stage
  Stage-2 depends on stages: Stage-1, Stage-3
  Stage-3 is a root stage
  Stage-0 depends on stages: Stage-2

STAGE PLANS:
  Stage: Stage-1
    Map Reduce
      Map Operator Tree:
          TableScan
            alias: a
            Statistics: Num rows: 500 Data size: 5312 Basic stats: COMPLETE Column stats: NONE
            Select Operator
              expressions: key (type: string), value (type: string)
              outputColumnNames: _col0, _col1
              Statistics: Num rows: 500 Data size: 5312 Basic stats: COMPLETE Column stats: NONE
              Reduce Output Operator
                key expressions: _col0 (type: string)
                sort order: +
                Statistics: Num rows: 500 Data size: 5312 Basic stats: COMPLETE Column stats: NONE
                TopN Hash Memory Usage: 0.1
                value expressions: _col1 (type: string)
      Execution mode: vectorized
      Reduce Operator Tree:
        Select Operator
          expressions: KEY.reducesinkkey0 (type: string), VALUE._col0 (type: string)
          outputColumnNames: _col0, _col1
          Statistics: Num rows: 500 Data size: 5312 Basic stats: COMPLETE Column stats: NONE
          Limit
            Number of rows: 5
            Statistics: Num rows: 5 Data size: 50 Basic stats: COMPLETE Column stats: NONE
            Select Operator
              expressions: _col0 (type: string), _col1 (type: string), '11' (type: string)
              outputColumnNames: _col0, _col1, _col2
              Statistics: Num rows: 5 Data size: 50 Basic stats: COMPLETE Column stats: NONE
              File Output Operator
                compressed: false
                table:
                    input format: org.apache.hadoop.mapred.SequenceFileInputFormat
                    output format: org.apache.hadoop.hive.ql.io.HiveSequenceFileOutputFormat
                    serde: org.apache.hadoop.hive.serde2.lazybinary.LazyBinarySerDe

  Stage: Stage-2
    Map Reduce
      Map Operator Tree:
          TableScan
            Union
              Statistics: Num rows: 6 Data size: 50 Basic stats: PARTIAL Column stats: NONE
              Select Operator
                expressions: _col0 (type: string), _col1 (type: string), '2008-04-08' (type: string), _col2 (type: string)
                outputColumnNames: _col0, _col1, _col2, _col3
                Statistics: Num rows: 6 Data size: 50 Basic stats: PARTIAL Column stats: NONE
                File Output Operator
                  compressed: false
                  Statistics: Num rows: 6 Data size: 50 Basic stats: PARTIAL Column stats: NONE
                  table:
                      input format: org.apache.hadoop.mapred.SequenceFileInputFormat
                      output format: org.apache.hadoop.hive.ql.io.HiveSequenceFileOutputFormat
                      serde: org.apache.hadoop.hive.serde2.lazy.LazySimpleSerDe
          TableScan
            Union
              Statistics: Num rows: 6 Data size: 50 Basic stats: PARTIAL Column stats: NONE
              Select Operator
                expressions: _col0 (type: string), _col1 (type: string), '2008-04-08' (type: string), _col2 (type: string)
                outputColumnNames: _col0, _col1, _col2, _col3
                Statistics: Num rows: 6 Data size: 50 Basic stats: PARTIAL Column stats: NONE
                File Output Operator
                  compressed: false
                  Statistics: Num rows: 6 Data size: 50 Basic stats: PARTIAL Column stats: NONE
                  table:
                      input format: org.apache.hadoop.mapred.SequenceFileInputFormat
                      output format: org.apache.hadoop.hive.ql.io.HiveSequenceFileOutputFormat
                      serde: org.apache.hadoop.hive.serde2.lazy.LazySimpleSerDe

  Stage: Stage-3
    Map Reduce
      Map Operator Tree:
          TableScan
            alias: b
            Statistics: Num rows: 1 Data size: 0 Basic stats: PARTIAL Column stats: NONE
            Filter Operator
              predicate: ((ds = '2008-04-08') and (hr = '14')) (type: boolean)
              Statistics: Num rows: 1 Data size: 0 Basic stats: PARTIAL Column stats: NONE
              Select Operator
                expressions: key (type: string), value (type: string)
                outputColumnNames: _col0, _col1
                Statistics: Num rows: 1 Data size: 0 Basic stats: PARTIAL Column stats: NONE
                Limit
                  Number of rows: 5
                  Statistics: Num rows: 1 Data size: 0 Basic stats: PARTIAL Column stats: NONE
                  Reduce Output Operator
                    sort order: 
                    Statistics: Num rows: 1 Data size: 0 Basic stats: PARTIAL Column stats: NONE
                    TopN Hash Memory Usage: 0.1
                    value expressions: _col0 (type: string), _col1 (type: string)
      Execution mode: vectorized
      Reduce Operator Tree:
        Select Operator
          expressions: VALUE._col0 (type: string), VALUE._col1 (type: string)
          outputColumnNames: _col0, _col1
          Statistics: Num rows: 1 Data size: 0 Basic stats: PARTIAL Column stats: NONE
          Limit
            Number of rows: 5
            Statistics: Num rows: 1 Data size: 0 Basic stats: PARTIAL Column stats: NONE
            Select Operator
              expressions: _col0 (type: string), _col1 (type: string), '14' (type: string)
              outputColumnNames: _col0, _col1, _col2
              Statistics: Num rows: 1 Data size: 0 Basic stats: PARTIAL Column stats: NONE
              File Output Operator
                compressed: false
                table:
                    input format: org.apache.hadoop.mapred.SequenceFileInputFormat
                    output format: org.apache.hadoop.hive.ql.io.HiveSequenceFileOutputFormat
                    serde: org.apache.hadoop.hive.serde2.lazybinary.LazyBinarySerDe

  Stage: Stage-0
    Fetch Operator
      limit: -1
      Processor Tree:
        ListSink

PREHOOK: query: select * from (
  select * from (select * from srcpart a where a.ds = '2008-04-08' and a.hr = '11' order by a.key limit 5)pa
    union all
  select * from (select * from srcpart b where b.ds = '2008-04-08' and b.hr = '14' limit 5)pb
)subq
PREHOOK: type: QUERY
PREHOOK: Input: default@srcpart
PREHOOK: Input: default@srcpart@ds=2008-04-08/hr=11
#### A masked pattern was here ####
POSTHOOK: query: select * from (
  select * from (select * from srcpart a where a.ds = '2008-04-08' and a.hr = '11' order by a.key limit 5)pa
    union all
  select * from (select * from srcpart b where b.ds = '2008-04-08' and b.hr = '14' limit 5)pb
)subq
POSTHOOK: type: QUERY
POSTHOOK: Input: default@srcpart
POSTHOOK: Input: default@srcpart@ds=2008-04-08/hr=11
#### A masked pattern was here ####
0	val_0	2008-04-08	11
0	val_0	2008-04-08	11
0	val_0	2008-04-08	11
10	val_10	2008-04-08	11
100	val_100	2008-04-08	11
PREHOOK: query: explain
select * from (
  select * from (select a.ds, a.key, a.hr from srcpart a where a.ds = '2008-04-08' and a.hr = '11' order by a.key limit 5)pa
    union all
  select * from (select b.ds, b.key, b.hr from srcpart b where b.ds = '2008-04-08' and b.hr = '14' limit 5)pb
)subq
PREHOOK: type: QUERY
POSTHOOK: query: explain
select * from (
  select * from (select a.ds, a.key, a.hr from srcpart a where a.ds = '2008-04-08' and a.hr = '11' order by a.key limit 5)pa
    union all
  select * from (select b.ds, b.key, b.hr from srcpart b where b.ds = '2008-04-08' and b.hr = '14' limit 5)pb
)subq
POSTHOOK: type: QUERY
STAGE DEPENDENCIES:
  Stage-1 is a root stage
  Stage-2 depends on stages: Stage-1, Stage-3
  Stage-3 is a root stage
  Stage-0 depends on stages: Stage-2

STAGE PLANS:
  Stage: Stage-1
    Map Reduce
      Map Operator Tree:
          TableScan
            alias: a
            Statistics: Num rows: 500 Data size: 5312 Basic stats: COMPLETE Column stats: NONE
            Select Operator
              expressions: key (type: string)
              outputColumnNames: _col0
              Statistics: Num rows: 500 Data size: 5312 Basic stats: COMPLETE Column stats: NONE
              Reduce Output Operator
                key expressions: _col0 (type: string)
                sort order: +
                Statistics: Num rows: 500 Data size: 5312 Basic stats: COMPLETE Column stats: NONE
                TopN Hash Memory Usage: 0.1
      Execution mode: vectorized
      Reduce Operator Tree:
        Select Operator
          expressions: KEY.reducesinkkey0 (type: string)
          outputColumnNames: _col0
          Statistics: Num rows: 500 Data size: 5312 Basic stats: COMPLETE Column stats: NONE
          Limit
            Number of rows: 5
            Statistics: Num rows: 5 Data size: 50 Basic stats: COMPLETE Column stats: NONE
            Select Operator
              expressions: _col0 (type: string), '11' (type: string)
              outputColumnNames: _col0, _col1
              Statistics: Num rows: 5 Data size: 50 Basic stats: COMPLETE Column stats: NONE
              File Output Operator
                compressed: false
                table:
                    input format: org.apache.hadoop.mapred.SequenceFileInputFormat
                    output format: org.apache.hadoop.hive.ql.io.HiveSequenceFileOutputFormat
                    serde: org.apache.hadoop.hive.serde2.lazybinary.LazyBinarySerDe

  Stage: Stage-2
    Map Reduce
      Map Operator Tree:
          TableScan
            Union
              Statistics: Num rows: 6 Data size: 50 Basic stats: PARTIAL Column stats: NONE
              Select Operator
                expressions: '2008-04-08' (type: string), _col0 (type: string), _col1 (type: string)
                outputColumnNames: _col0, _col1, _col2
                Statistics: Num rows: 6 Data size: 50 Basic stats: PARTIAL Column stats: NONE
                File Output Operator
                  compressed: false
                  Statistics: Num rows: 6 Data size: 50 Basic stats: PARTIAL Column stats: NONE
                  table:
                      input format: org.apache.hadoop.mapred.SequenceFileInputFormat
                      output format: org.apache.hadoop.hive.ql.io.HiveSequenceFileOutputFormat
                      serde: org.apache.hadoop.hive.serde2.lazy.LazySimpleSerDe
          TableScan
            Union
              Statistics: Num rows: 6 Data size: 50 Basic stats: PARTIAL Column stats: NONE
              Select Operator
                expressions: '2008-04-08' (type: string), _col0 (type: string), _col1 (type: string)
                outputColumnNames: _col0, _col1, _col2
                Statistics: Num rows: 6 Data size: 50 Basic stats: PARTIAL Column stats: NONE
                File Output Operator
                  compressed: false
                  Statistics: Num rows: 6 Data size: 50 Basic stats: PARTIAL Column stats: NONE
                  table:
                      input format: org.apache.hadoop.mapred.SequenceFileInputFormat
                      output format: org.apache.hadoop.hive.ql.io.HiveSequenceFileOutputFormat
                      serde: org.apache.hadoop.hive.serde2.lazy.LazySimpleSerDe

  Stage: Stage-3
    Map Reduce
      Map Operator Tree:
          TableScan
            alias: b
            Statistics: Num rows: 1 Data size: 0 Basic stats: PARTIAL Column stats: NONE
            Filter Operator
              predicate: ((ds = '2008-04-08') and (hr = '14')) (type: boolean)
              Statistics: Num rows: 1 Data size: 0 Basic stats: PARTIAL Column stats: NONE
              Select Operator
                expressions: key (type: string)
                outputColumnNames: _col0
                Statistics: Num rows: 1 Data size: 0 Basic stats: PARTIAL Column stats: NONE
                Limit
                  Number of rows: 5
                  Statistics: Num rows: 1 Data size: 0 Basic stats: PARTIAL Column stats: NONE
                  Reduce Output Operator
                    sort order: 
                    Statistics: Num rows: 1 Data size: 0 Basic stats: PARTIAL Column stats: NONE
                    TopN Hash Memory Usage: 0.1
                    value expressions: _col0 (type: string)
      Execution mode: vectorized
      Reduce Operator Tree:
        Select Operator
          expressions: VALUE._col0 (type: string)
          outputColumnNames: _col0
          Statistics: Num rows: 1 Data size: 0 Basic stats: PARTIAL Column stats: NONE
          Limit
            Number of rows: 5
            Statistics: Num rows: 1 Data size: 0 Basic stats: PARTIAL Column stats: NONE
            Select Operator
              expressions: _col0 (type: string), '14' (type: string)
              outputColumnNames: _col0, _col1
              Statistics: Num rows: 1 Data size: 0 Basic stats: PARTIAL Column stats: NONE
              File Output Operator
                compressed: false
                table:
                    input format: org.apache.hadoop.mapred.SequenceFileInputFormat
                    output format: org.apache.hadoop.hive.ql.io.HiveSequenceFileOutputFormat
                    serde: org.apache.hadoop.hive.serde2.lazybinary.LazyBinarySerDe

  Stage: Stage-0
    Fetch Operator
      limit: -1
      Processor Tree:
        ListSink

PREHOOK: query: select * from (
  select * from (select a.ds, a.key, a.hr from srcpart a where a.ds = '2008-04-08' and a.hr = '11' order by a.key limit 5)pa
    union all
  select * from (select b.ds, b.key, b.hr from srcpart b where b.ds = '2008-04-08' and b.hr = '14' limit 5)pb
)subq
PREHOOK: type: QUERY
PREHOOK: Input: default@srcpart
PREHOOK: Input: default@srcpart@ds=2008-04-08/hr=11
#### A masked pattern was here ####
POSTHOOK: query: select * from (
  select * from (select a.ds, a.key, a.hr from srcpart a where a.ds = '2008-04-08' and a.hr = '11' order by a.key limit 5)pa
    union all
  select * from (select b.ds, b.key, b.hr from srcpart b where b.ds = '2008-04-08' and b.hr = '14' limit 5)pb
)subq
POSTHOOK: type: QUERY
POSTHOOK: Input: default@srcpart
POSTHOOK: Input: default@srcpart@ds=2008-04-08/hr=11
#### A masked pattern was here ####
2008-04-08	0	11
2008-04-08	0	11
2008-04-08	0	11
2008-04-08	10	11
2008-04-08	100	11
PREHOOK: query: explain
select * from (
  select * from (select a.ds, a.key, a.hr from srcpart a where a.ds = '2008-04-08' and a.hr = '11' order by a.hr,a.key limit 5)pa
    union all
  select * from (select b.ds, b.key, b.hr from srcpart b where b.ds = '2008-04-08' and b.hr = '14' limit 5)pb
)subq
PREHOOK: type: QUERY
POSTHOOK: query: explain
select * from (
  select * from (select a.ds, a.key, a.hr from srcpart a where a.ds = '2008-04-08' and a.hr = '11' order by a.hr,a.key limit 5)pa
    union all
  select * from (select b.ds, b.key, b.hr from srcpart b where b.ds = '2008-04-08' and b.hr = '14' limit 5)pb
)subq
POSTHOOK: type: QUERY
STAGE DEPENDENCIES:
  Stage-1 is a root stage
  Stage-2 depends on stages: Stage-1, Stage-3
  Stage-3 is a root stage
  Stage-0 depends on stages: Stage-2

STAGE PLANS:
  Stage: Stage-1
    Map Reduce
      Map Operator Tree:
          TableScan
            alias: a
            Statistics: Num rows: 500 Data size: 5312 Basic stats: COMPLETE Column stats: NONE
            Select Operator
              expressions: key (type: string)
              outputColumnNames: _col0
              Statistics: Num rows: 500 Data size: 5312 Basic stats: COMPLETE Column stats: NONE
              Reduce Output Operator
                key expressions: _col0 (type: string)
                sort order: +
                Statistics: Num rows: 500 Data size: 5312 Basic stats: COMPLETE Column stats: NONE
                TopN Hash Memory Usage: 0.1
      Execution mode: vectorized
      Reduce Operator Tree:
        Select Operator
          expressions: KEY.reducesinkkey0 (type: string)
          outputColumnNames: _col0
          Statistics: Num rows: 500 Data size: 5312 Basic stats: COMPLETE Column stats: NONE
          Limit
            Number of rows: 5
            Statistics: Num rows: 5 Data size: 50 Basic stats: COMPLETE Column stats: NONE
            Select Operator
              expressions: _col0 (type: string), '11' (type: string)
              outputColumnNames: _col0, _col1
              Statistics: Num rows: 5 Data size: 50 Basic stats: COMPLETE Column stats: NONE
              File Output Operator
                compressed: false
                table:
                    input format: org.apache.hadoop.mapred.SequenceFileInputFormat
                    output format: org.apache.hadoop.hive.ql.io.HiveSequenceFileOutputFormat
                    serde: org.apache.hadoop.hive.serde2.lazybinary.LazyBinarySerDe

  Stage: Stage-2
    Map Reduce
      Map Operator Tree:
          TableScan
            Union
              Statistics: Num rows: 6 Data size: 50 Basic stats: PARTIAL Column stats: NONE
              Select Operator
                expressions: '2008-04-08' (type: string), _col0 (type: string), _col1 (type: string)
                outputColumnNames: _col0, _col1, _col2
                Statistics: Num rows: 6 Data size: 50 Basic stats: PARTIAL Column stats: NONE
                File Output Operator
                  compressed: false
                  Statistics: Num rows: 6 Data size: 50 Basic stats: PARTIAL Column stats: NONE
                  table:
                      input format: org.apache.hadoop.mapred.SequenceFileInputFormat
                      output format: org.apache.hadoop.hive.ql.io.HiveSequenceFileOutputFormat
                      serde: org.apache.hadoop.hive.serde2.lazy.LazySimpleSerDe
          TableScan
            Union
              Statistics: Num rows: 6 Data size: 50 Basic stats: PARTIAL Column stats: NONE
              Select Operator
                expressions: '2008-04-08' (type: string), _col0 (type: string), _col1 (type: string)
                outputColumnNames: _col0, _col1, _col2
                Statistics: Num rows: 6 Data size: 50 Basic stats: PARTIAL Column stats: NONE
                File Output Operator
                  compressed: false
                  Statistics: Num rows: 6 Data size: 50 Basic stats: PARTIAL Column stats: NONE
                  table:
                      input format: org.apache.hadoop.mapred.SequenceFileInputFormat
                      output format: org.apache.hadoop.hive.ql.io.HiveSequenceFileOutputFormat
                      serde: org.apache.hadoop.hive.serde2.lazy.LazySimpleSerDe

  Stage: Stage-3
    Map Reduce
      Map Operator Tree:
          TableScan
            alias: b
            Statistics: Num rows: 1 Data size: 0 Basic stats: PARTIAL Column stats: NONE
            Filter Operator
              predicate: ((ds = '2008-04-08') and (hr = '14')) (type: boolean)
              Statistics: Num rows: 1 Data size: 0 Basic stats: PARTIAL Column stats: NONE
              Select Operator
                expressions: key (type: string)
                outputColumnNames: _col0
                Statistics: Num rows: 1 Data size: 0 Basic stats: PARTIAL Column stats: NONE
                Limit
                  Number of rows: 5
                  Statistics: Num rows: 1 Data size: 0 Basic stats: PARTIAL Column stats: NONE
                  Reduce Output Operator
                    sort order: 
                    Statistics: Num rows: 1 Data size: 0 Basic stats: PARTIAL Column stats: NONE
                    TopN Hash Memory Usage: 0.1
                    value expressions: _col0 (type: string)
      Execution mode: vectorized
      Reduce Operator Tree:
        Select Operator
          expressions: VALUE._col0 (type: string)
          outputColumnNames: _col0
          Statistics: Num rows: 1 Data size: 0 Basic stats: PARTIAL Column stats: NONE
          Limit
            Number of rows: 5
            Statistics: Num rows: 1 Data size: 0 Basic stats: PARTIAL Column stats: NONE
            Select Operator
              expressions: _col0 (type: string), '14' (type: string)
              outputColumnNames: _col0, _col1
              Statistics: Num rows: 1 Data size: 0 Basic stats: PARTIAL Column stats: NONE
              File Output Operator
                compressed: false
                table:
                    input format: org.apache.hadoop.mapred.SequenceFileInputFormat
                    output format: org.apache.hadoop.hive.ql.io.HiveSequenceFileOutputFormat
                    serde: org.apache.hadoop.hive.serde2.lazybinary.LazyBinarySerDe

  Stage: Stage-0
    Fetch Operator
      limit: -1
      Processor Tree:
        ListSink

PREHOOK: query: select * from (
  select * from (select a.ds, a.key, a.hr from srcpart a where a.ds = '2008-04-08' and a.hr = '11' order by a.hr,a.key limit 5)pa
    union all
  select * from (select b.ds, b.key, b.hr from srcpart b where b.ds = '2008-04-08' and b.hr = '14' limit 5)pb
)subq
PREHOOK: type: QUERY
PREHOOK: Input: default@srcpart
PREHOOK: Input: default@srcpart@ds=2008-04-08/hr=11
#### A masked pattern was here ####
POSTHOOK: query: select * from (
  select * from (select a.ds, a.key, a.hr from srcpart a where a.ds = '2008-04-08' and a.hr = '11' order by a.hr,a.key limit 5)pa
    union all
  select * from (select b.ds, b.key, b.hr from srcpart b where b.ds = '2008-04-08' and b.hr = '14' limit 5)pb
)subq
POSTHOOK: type: QUERY
POSTHOOK: Input: default@srcpart
POSTHOOK: Input: default@srcpart@ds=2008-04-08/hr=11
#### A masked pattern was here ####
2008-04-08	0	11
2008-04-08	0	11
2008-04-08	0	11
2008-04-08	10	11
2008-04-08	100	11
PREHOOK: query: explain
select * from (
  select * from (select a.key, a.ds, a.value from srcpart a where a.ds = '2008-04-08' and a.hr = '11' order by a.ds limit 5)pa
    union all
  select * from (select b.key, b.ds, b.value from srcpart b where b.ds = '2008-04-08' and b.hr = '14' limit 5)pb
)subq
PREHOOK: type: QUERY
POSTHOOK: query: explain
select * from (
  select * from (select a.key, a.ds, a.value from srcpart a where a.ds = '2008-04-08' and a.hr = '11' order by a.ds limit 5)pa
    union all
  select * from (select b.key, b.ds, b.value from srcpart b where b.ds = '2008-04-08' and b.hr = '14' limit 5)pb
)subq
POSTHOOK: type: QUERY
STAGE DEPENDENCIES:
  Stage-1 is a root stage
  Stage-2 depends on stages: Stage-1, Stage-3
  Stage-3 is a root stage
  Stage-0 depends on stages: Stage-2

STAGE PLANS:
  Stage: Stage-1
    Map Reduce
      Map Operator Tree:
          TableScan
            alias: a
            Statistics: Num rows: 500 Data size: 5312 Basic stats: COMPLETE Column stats: NONE
            Select Operator
              expressions: key (type: string), value (type: string)
              outputColumnNames: _col0, _col1
              Statistics: Num rows: 500 Data size: 5312 Basic stats: COMPLETE Column stats: NONE
              Limit
                Number of rows: 5
                Statistics: Num rows: 5 Data size: 50 Basic stats: COMPLETE Column stats: NONE
                Reduce Output Operator
                  sort order: 
                  Statistics: Num rows: 5 Data size: 50 Basic stats: COMPLETE Column stats: NONE
                  TopN Hash Memory Usage: 0.1
                  value expressions: _col0 (type: string), _col1 (type: string)
      Execution mode: vectorized
      Reduce Operator Tree:
        Select Operator
          expressions: VALUE._col0 (type: string), VALUE._col1 (type: string)
          outputColumnNames: _col0, _col1
          Statistics: Num rows: 5 Data size: 50 Basic stats: COMPLETE Column stats: NONE
          Limit
            Number of rows: 5
            Statistics: Num rows: 5 Data size: 50 Basic stats: COMPLETE Column stats: NONE
            File Output Operator
              compressed: false
              table:
                  input format: org.apache.hadoop.mapred.SequenceFileInputFormat
                  output format: org.apache.hadoop.hive.ql.io.HiveSequenceFileOutputFormat
                  serde: org.apache.hadoop.hive.serde2.lazybinary.LazyBinarySerDe

  Stage: Stage-2
    Map Reduce
      Map Operator Tree:
          TableScan
            Union
              Statistics: Num rows: 6 Data size: 50 Basic stats: PARTIAL Column stats: NONE
              Select Operator
                expressions: _col0 (type: string), '2008-04-08' (type: string), _col1 (type: string)
                outputColumnNames: _col0, _col1, _col2
                Statistics: Num rows: 6 Data size: 50 Basic stats: PARTIAL Column stats: NONE
                File Output Operator
                  compressed: false
                  Statistics: Num rows: 6 Data size: 50 Basic stats: PARTIAL Column stats: NONE
                  table:
                      input format: org.apache.hadoop.mapred.SequenceFileInputFormat
                      output format: org.apache.hadoop.hive.ql.io.HiveSequenceFileOutputFormat
                      serde: org.apache.hadoop.hive.serde2.lazy.LazySimpleSerDe
          TableScan
            Union
              Statistics: Num rows: 6 Data size: 50 Basic stats: PARTIAL Column stats: NONE
              Select Operator
                expressions: _col0 (type: string), '2008-04-08' (type: string), _col1 (type: string)
                outputColumnNames: _col0, _col1, _col2
                Statistics: Num rows: 6 Data size: 50 Basic stats: PARTIAL Column stats: NONE
                File Output Operator
                  compressed: false
                  Statistics: Num rows: 6 Data size: 50 Basic stats: PARTIAL Column stats: NONE
                  table:
                      input format: org.apache.hadoop.mapred.SequenceFileInputFormat
                      output format: org.apache.hadoop.hive.ql.io.HiveSequenceFileOutputFormat
                      serde: org.apache.hadoop.hive.serde2.lazy.LazySimpleSerDe

  Stage: Stage-3
    Map Reduce
      Map Operator Tree:
          TableScan
            alias: b
            Statistics: Num rows: 1 Data size: 0 Basic stats: PARTIAL Column stats: NONE
            Filter Operator
              predicate: ((ds = '2008-04-08') and (hr = '14')) (type: boolean)
              Statistics: Num rows: 1 Data size: 0 Basic stats: PARTIAL Column stats: NONE
              Select Operator
                expressions: key (type: string), value (type: string)
                outputColumnNames: _col0, _col1
                Statistics: Num rows: 1 Data size: 0 Basic stats: PARTIAL Column stats: NONE
                Limit
                  Number of rows: 5
                  Statistics: Num rows: 1 Data size: 0 Basic stats: PARTIAL Column stats: NONE
                  Reduce Output Operator
                    sort order: 
                    Statistics: Num rows: 1 Data size: 0 Basic stats: PARTIAL Column stats: NONE
                    TopN Hash Memory Usage: 0.1
                    value expressions: _col0 (type: string), _col1 (type: string)
      Execution mode: vectorized
      Reduce Operator Tree:
        Select Operator
          expressions: VALUE._col0 (type: string), VALUE._col1 (type: string)
          outputColumnNames: _col0, _col1
          Statistics: Num rows: 1 Data size: 0 Basic stats: PARTIAL Column stats: NONE
          Limit
            Number of rows: 5
            Statistics: Num rows: 1 Data size: 0 Basic stats: PARTIAL Column stats: NONE
            File Output Operator
              compressed: false
              table:
                  input format: org.apache.hadoop.mapred.SequenceFileInputFormat
                  output format: org.apache.hadoop.hive.ql.io.HiveSequenceFileOutputFormat
                  serde: org.apache.hadoop.hive.serde2.lazybinary.LazyBinarySerDe

  Stage: Stage-0
    Fetch Operator
      limit: -1
      Processor Tree:
        ListSink

PREHOOK: query: select * from (
  select * from (select a.key, a.ds, a.value from srcpart a where a.ds = '2008-04-08' and a.hr = '11' order by a.ds limit 5)pa
    union all
  select * from (select b.key, b.ds, b.value from srcpart b where b.ds = '2008-04-08' and b.hr = '14' limit 5)pb
)subq
PREHOOK: type: QUERY
PREHOOK: Input: default@srcpart
PREHOOK: Input: default@srcpart@ds=2008-04-08/hr=11
#### A masked pattern was here ####
POSTHOOK: query: select * from (
  select * from (select a.key, a.ds, a.value from srcpart a where a.ds = '2008-04-08' and a.hr = '11' order by a.ds limit 5)pa
    union all
  select * from (select b.key, b.ds, b.value from srcpart b where b.ds = '2008-04-08' and b.hr = '14' limit 5)pb
)subq
POSTHOOK: type: QUERY
POSTHOOK: Input: default@srcpart
POSTHOOK: Input: default@srcpart@ds=2008-04-08/hr=11
#### A masked pattern was here ####
165	2008-04-08	val_165
27	2008-04-08	val_27
311	2008-04-08	val_311
86	2008-04-08	val_86
238	2008-04-08	val_238
