PREHOOK: query: EXPLAIN
CREATE TABLE x STORED AS ORC TBLPROPERTIES('transactional'='true') AS
SELECT * FROM SRC x CLUSTER BY x.key
PREHOOK: type: CREATETABLE_AS_SELECT
PREHOOK: Input: default@src
PREHOOK: Output: database:default
PREHOOK: Output: default@x
POSTHOOK: query: EXPLAIN
CREATE TABLE x STORED AS ORC TBLPROPERTIES('transactional'='true') AS
SELECT * FROM SRC x CLUSTER BY x.key
POSTHOOK: type: CREATETABLE_AS_SELECT
POSTHOOK: Input: default@src
POSTHOOK: Output: database:default
POSTHOOK: Output: default@x
STAGE DEPENDENCIES:
  Stage-1 is a root stage
  Stage-0 depends on stages: Stage-1
  Stage-4 depends on stages: Stage-0, Stage-3
  Stage-2 depends on stages: Stage-4
  Stage-3 depends on stages: Stage-1

STAGE PLANS:
  Stage: Stage-1
    Map Reduce
      Map Operator Tree:
          TableScan
            alias: x
            Statistics: Num rows: 500 Data size: 89000 Basic stats: COMPLETE Column stats: COMPLETE
            Select Operator
              expressions: key (type: string), value (type: string)
              outputColumnNames: _col0, _col1
              Statistics: Num rows: 500 Data size: 89000 Basic stats: COMPLETE Column stats: COMPLETE
              Reduce Output Operator
                key expressions: _col0 (type: string)
                null sort order: a
                sort order: +
                Map-reduce partition columns: _col0 (type: string)
                Statistics: Num rows: 500 Data size: 89000 Basic stats: COMPLETE Column stats: COMPLETE
                value expressions: _col1 (type: string)
      Execution mode: vectorized
      Reduce Operator Tree:
        Select Operator
          expressions: KEY.reducesinkkey0 (type: string), VALUE._col0 (type: string)
          outputColumnNames: _col0, _col1
          Statistics: Num rows: 500 Data size: 89000 Basic stats: COMPLETE Column stats: COMPLETE
          File Output Operator
            compressed: false
            Statistics: Num rows: 500 Data size: 89000 Basic stats: COMPLETE Column stats: COMPLETE
            table:
                input format: org.apache.hadoop.hive.ql.io.orc.OrcInputFormat
                output format: org.apache.hadoop.hive.ql.io.orc.OrcOutputFormat
                serde: org.apache.hadoop.hive.ql.io.orc.OrcSerde
                name: default.x
            Write Type: INSERT
          Select Operator
            expressions: _col0 (type: string), _col1 (type: string)
            outputColumnNames: col1, col2
            Statistics: Num rows: 500 Data size: 89000 Basic stats: COMPLETE Column stats: COMPLETE
            Group By Operator
              aggregations: compute_stats(col1, 'hll'), compute_stats(col2, 'hll')
              minReductionHashAggr: 0.99
              mode: hash
              outputColumnNames: _col0, _col1
              Statistics: Num rows: 1 Data size: 880 Basic stats: COMPLETE Column stats: COMPLETE
              File Output Operator
                compressed: false
                table:
                    input format: org.apache.hadoop.mapred.SequenceFileInputFormat
                    output format: org.apache.hadoop.hive.ql.io.HiveSequenceFileOutputFormat
                    serde: org.apache.hadoop.hive.serde2.lazybinary.LazyBinarySerDe

  Stage: Stage-0
    Move Operator
      files:
          hdfs directory: true
#### A masked pattern was here ####
          Write Type: INSERT

  Stage: Stage-4
    Create Table
      columns: key string, value string
      name: default.x
      input format: org.apache.hadoop.hive.ql.io.orc.OrcInputFormat
      output format: org.apache.hadoop.hive.ql.io.orc.OrcOutputFormat
      serde name: org.apache.hadoop.hive.ql.io.orc.OrcSerde
      table properties:
        transactional true

  Stage: Stage-2
    Stats Work
      Basic Stats Work:
      Column Stats Desc:
          Columns: key, value
          Column Types: string, string
          Table: default.x

  Stage: Stage-3
    Map Reduce
      Map Operator Tree:
          TableScan
            Reduce Output Operator
              null sort order: 
              sort order: 
              Statistics: Num rows: 1 Data size: 880 Basic stats: COMPLETE Column stats: COMPLETE
              value expressions: _col0 (type: struct<columntype:string,maxlength:bigint,sumlength:bigint,count:bigint,countnulls:bigint,bitvector:binary>), _col1 (type: struct<columntype:string,maxlength:bigint,sumlength:bigint,count:bigint,countnulls:bigint,bitvector:binary>)
      Execution mode: vectorized
      Reduce Operator Tree:
        Group By Operator
          aggregations: compute_stats(VALUE._col0), compute_stats(VALUE._col1)
          mode: mergepartial
          outputColumnNames: _col0, _col1
          Statistics: Num rows: 1 Data size: 880 Basic stats: COMPLETE Column stats: COMPLETE
          File Output Operator
            compressed: false
            Statistics: Num rows: 1 Data size: 880 Basic stats: COMPLETE Column stats: COMPLETE
            table:
                input format: org.apache.hadoop.mapred.SequenceFileInputFormat
                output format: org.apache.hadoop.hive.ql.io.HiveSequenceFileOutputFormat
                serde: org.apache.hadoop.hive.serde2.lazy.LazySimpleSerDe

PREHOOK: query: CREATE TABLE x STORED AS ORC TBLPROPERTIES('transactional'='true') AS
SELECT * FROM SRC x CLUSTER BY x.key
PREHOOK: type: CREATETABLE_AS_SELECT
PREHOOK: Input: default@src
PREHOOK: Output: database:default
PREHOOK: Output: default@x
POSTHOOK: query: CREATE TABLE x STORED AS ORC TBLPROPERTIES('transactional'='true') AS
SELECT * FROM SRC x CLUSTER BY x.key
POSTHOOK: type: CREATETABLE_AS_SELECT
POSTHOOK: Input: default@src
POSTHOOK: Output: database:default
POSTHOOK: Output: default@x
POSTHOOK: Lineage: x.key SIMPLE [(src)x.FieldSchema(name:key, type:string, comment:default), ]
POSTHOOK: Lineage: x.value SIMPLE [(src)x.FieldSchema(name:value, type:string, comment:default), ]
PREHOOK: query: DROP TABLE x
PREHOOK: type: DROPTABLE
PREHOOK: Input: default@x
PREHOOK: Output: default@x
POSTHOOK: query: DROP TABLE x
POSTHOOK: type: DROPTABLE
POSTHOOK: Input: default@x
POSTHOOK: Output: default@x
