PREHOOK: query: create table t1 (a int)
PREHOOK: type: CREATETABLE
PREHOOK: Output: database:default
PREHOOK: Output: default@t1
POSTHOOK: query: create table t1 (a int)
POSTHOOK: type: CREATETABLE
POSTHOOK: Output: database:default
POSTHOOK: Output: default@t1
PREHOOK: query: analyze table t1 compute statistics
PREHOOK: type: QUERY
PREHOOK: Input: default@t1
PREHOOK: Output: default@t1
POSTHOOK: query: analyze table t1 compute statistics
POSTHOOK: type: QUERY
POSTHOOK: Input: default@t1
POSTHOOK: Output: default@t1
PREHOOK: query: analyze table t1 compute statistics for columns
PREHOOK: type: ANALYZE_TABLE
PREHOOK: Input: default@t1
PREHOOK: Output: default@t1
#### A masked pattern was here ####
POSTHOOK: query: analyze table t1 compute statistics for columns
POSTHOOK: type: ANALYZE_TABLE
POSTHOOK: Input: default@t1
POSTHOOK: Output: default@t1
#### A masked pattern was here ####
PREHOOK: query: explain select count(1) from t1 group by 1
PREHOOK: type: QUERY
POSTHOOK: query: explain select count(1) from t1 group by 1
POSTHOOK: type: QUERY
STAGE DEPENDENCIES:
  Stage-1 is a root stage
  Stage-0 depends on stages: Stage-1

STAGE PLANS:
  Stage: Stage-1
    Map Reduce
      Map Operator Tree:
          TableScan
            alias: t1
            Statistics: Num rows: 1 Data size: 0 Basic stats: PARTIAL Column stats: COMPLETE
            Select Operator
              Statistics: Num rows: 1 Data size: 0 Basic stats: PARTIAL Column stats: COMPLETE
              Group By Operator
                aggregations: count()
                keys: 1 (type: int)
                mode: hash
                outputColumnNames: _col0, _col1
                Statistics: Num rows: 1 Data size: 8 Basic stats: PARTIAL Column stats: COMPLETE
                Reduce Output Operator
                  key expressions: _col0 (type: int)
                  sort order: +
                  Map-reduce partition columns: _col0 (type: int)
                  Statistics: Num rows: 1 Data size: 8 Basic stats: PARTIAL Column stats: COMPLETE
                  value expressions: _col1 (type: bigint)
      Execution mode: vectorized
      Reduce Operator Tree:
        Group By Operator
          aggregations: count(VALUE._col0)
          keys: KEY._col0 (type: int)
          mode: mergepartial
          outputColumnNames: _col0, _col1
          Statistics: Num rows: 1 Data size: 8 Basic stats: PARTIAL Column stats: COMPLETE
          Select Operator
            expressions: _col1 (type: bigint)
            outputColumnNames: _col0
            Statistics: Num rows: 1 Data size: 8 Basic stats: PARTIAL Column stats: COMPLETE
            File Output Operator
              compressed: false
              Statistics: Num rows: 1 Data size: 8 Basic stats: PARTIAL Column stats: COMPLETE
              table:
                  input format: org.apache.hadoop.mapred.SequenceFileInputFormat
                  output format: org.apache.hadoop.hive.ql.io.HiveSequenceFileOutputFormat
                  serde: org.apache.hadoop.hive.serde2.lazy.LazySimpleSerDe

  Stage: Stage-0
    Fetch Operator
      limit: -1
      Processor Tree:
        ListSink

PREHOOK: query: select count(1) from t1 group by 1
PREHOOK: type: QUERY
PREHOOK: Input: default@t1
#### A masked pattern was here ####
POSTHOOK: query: select count(1) from t1 group by 1
POSTHOOK: type: QUERY
POSTHOOK: Input: default@t1
#### A masked pattern was here ####
PREHOOK: query: select count(1) from t1
PREHOOK: type: QUERY
PREHOOK: Input: default@t1
#### A masked pattern was here ####
POSTHOOK: query: select count(1) from t1
POSTHOOK: type: QUERY
POSTHOOK: Input: default@t1
#### A masked pattern was here ####
0
PREHOOK: query: explain select count(*) from t1
PREHOOK: type: QUERY
POSTHOOK: query: explain select count(*) from t1
POSTHOOK: type: QUERY
STAGE DEPENDENCIES:
  Stage-0 is a root stage

STAGE PLANS:
  Stage: Stage-0
    Fetch Operator
      limit: 1
      Processor Tree:
        ListSink

PREHOOK: query: select count(*) from t1
PREHOOK: type: QUERY
PREHOOK: Input: default@t1
#### A masked pattern was here ####
POSTHOOK: query: select count(*) from t1
POSTHOOK: type: QUERY
POSTHOOK: Input: default@t1
#### A masked pattern was here ####
0
PREHOOK: query: select count(1) from t1 group by 1=1
PREHOOK: type: QUERY
PREHOOK: Input: default@t1
#### A masked pattern was here ####
POSTHOOK: query: select count(1) from t1 group by 1=1
POSTHOOK: type: QUERY
POSTHOOK: Input: default@t1
#### A masked pattern was here ####
PREHOOK: query: select count(1), max(a) from t1 group by 1=1
PREHOOK: type: QUERY
PREHOOK: Input: default@t1
#### A masked pattern was here ####
POSTHOOK: query: select count(1), max(a) from t1 group by 1=1
POSTHOOK: type: QUERY
POSTHOOK: Input: default@t1
#### A masked pattern was here ####
PREHOOK: query: select count(1) from t1 group by 1
PREHOOK: type: QUERY
PREHOOK: Input: default@t1
#### A masked pattern was here ####
POSTHOOK: query: select count(1) from t1 group by 1
POSTHOOK: type: QUERY
POSTHOOK: Input: default@t1
#### A masked pattern was here ####
PREHOOK: query: select count(1) from t1
PREHOOK: type: QUERY
PREHOOK: Input: default@t1
#### A masked pattern was here ####
POSTHOOK: query: select count(1) from t1
POSTHOOK: type: QUERY
POSTHOOK: Input: default@t1
#### A masked pattern was here ####
0
PREHOOK: query: select count(*) from t1
PREHOOK: type: QUERY
PREHOOK: Input: default@t1
#### A masked pattern was here ####
POSTHOOK: query: select count(*) from t1
POSTHOOK: type: QUERY
POSTHOOK: Input: default@t1
#### A masked pattern was here ####
0
PREHOOK: query: select count(1) from t1 group by 1=1
PREHOOK: type: QUERY
PREHOOK: Input: default@t1
#### A masked pattern was here ####
POSTHOOK: query: select count(1) from t1 group by 1=1
POSTHOOK: type: QUERY
POSTHOOK: Input: default@t1
#### A masked pattern was here ####
PREHOOK: query: select count(1), max(a) from t1 group by 1=1
PREHOOK: type: QUERY
PREHOOK: Input: default@t1
#### A masked pattern was here ####
POSTHOOK: query: select count(1), max(a) from t1 group by 1=1
POSTHOOK: type: QUERY
POSTHOOK: Input: default@t1
#### A masked pattern was here ####
