PREHOOK: query: CREATE TABLE constcasttest (id string)
PREHOOK: type: CREATETABLE
PREHOOK: Output: database:default
PREHOOK: Output: default@constcasttest
POSTHOOK: query: CREATE TABLE constcasttest (id string)
POSTHOOK: type: CREATETABLE
POSTHOOK: Output: database:default
POSTHOOK: Output: default@constcasttest
PREHOOK: query: INSERT INTO constcasttest values('2019-11-05 01:01:11')
PREHOOK: type: QUERY
PREHOOK: Input: _dummy_database@_dummy_table
PREHOOK: Output: default@constcasttest
POSTHOOK: query: INSERT INTO constcasttest values('2019-11-05 01:01:11')
POSTHOOK: type: QUERY
POSTHOOK: Input: _dummy_database@_dummy_table
POSTHOOK: Output: default@constcasttest
POSTHOOK: Lineage: constcasttest.id SCRIPT []
PREHOOK: query: EXPLAIN SELECT id, CAST(id AS VARCHAR(10)) FROM constcasttest WHERE CAST(id AS VARCHAR(9)) = '2019-11-0'
PREHOOK: type: QUERY
PREHOOK: Input: default@constcasttest
#### A masked pattern was here ####
POSTHOOK: query: EXPLAIN SELECT id, CAST(id AS VARCHAR(10)) FROM constcasttest WHERE CAST(id AS VARCHAR(9)) = '2019-11-0'
POSTHOOK: type: QUERY
POSTHOOK: Input: default@constcasttest
#### A masked pattern was here ####
STAGE DEPENDENCIES:
  Stage-1 is a root stage
  Stage-0 depends on stages: Stage-1

STAGE PLANS:
  Stage: Stage-1
    Map Reduce
      Map Operator Tree:
          TableScan
            alias: constcasttest
            filterExpr: (CAST( CAST( id AS varchar(9)) AS STRING) = '2019-11-0') (type: boolean)
            Statistics: Num rows: 1 Data size: 103 Basic stats: COMPLETE Column stats: COMPLETE
            Filter Operator
              predicate: (CAST( CAST( id AS varchar(9)) AS STRING) = '2019-11-0') (type: boolean)
              Statistics: Num rows: 1 Data size: 103 Basic stats: COMPLETE Column stats: COMPLETE
              Select Operator
                expressions: id (type: string), CAST( id AS varchar(10)) (type: varchar(10))
                outputColumnNames: _col0, _col1
                Statistics: Num rows: 1 Data size: 197 Basic stats: COMPLETE Column stats: COMPLETE
                File Output Operator
                  compressed: false
                  Statistics: Num rows: 1 Data size: 197 Basic stats: COMPLETE Column stats: COMPLETE
                  table:
                      input format: org.apache.hadoop.mapred.SequenceFileInputFormat
                      output format: org.apache.hadoop.hive.ql.io.HiveSequenceFileOutputFormat
                      serde: org.apache.hadoop.hive.serde2.lazy.LazySimpleSerDe
      Execution mode: vectorized

  Stage: Stage-0
    Fetch Operator
      limit: -1
      Processor Tree:
        ListSink

PREHOOK: query: SELECT id, CAST(id AS VARCHAR(10)) FROM constcasttest WHERE CAST(id AS VARCHAR(9)) = '2019-11-0'
PREHOOK: type: QUERY
PREHOOK: Input: default@constcasttest
#### A masked pattern was here ####
POSTHOOK: query: SELECT id, CAST(id AS VARCHAR(10)) FROM constcasttest WHERE CAST(id AS VARCHAR(9)) = '2019-11-0'
POSTHOOK: type: QUERY
POSTHOOK: Input: default@constcasttest
#### A masked pattern was here ####
2019-11-05 01:01:11	2019-11-05
PREHOOK: query: EXPLAIN SELECT id, CAST(id AS VARCHAR(10)) FROM constcasttest WHERE SUBSTR(id, 0, 9) = '2019-11-0'
PREHOOK: type: QUERY
PREHOOK: Input: default@constcasttest
#### A masked pattern was here ####
POSTHOOK: query: EXPLAIN SELECT id, CAST(id AS VARCHAR(10)) FROM constcasttest WHERE SUBSTR(id, 0, 9) = '2019-11-0'
POSTHOOK: type: QUERY
POSTHOOK: Input: default@constcasttest
#### A masked pattern was here ####
STAGE DEPENDENCIES:
  Stage-1 is a root stage
  Stage-0 depends on stages: Stage-1

STAGE PLANS:
  Stage: Stage-1
    Map Reduce
      Map Operator Tree:
          TableScan
            alias: constcasttest
            filterExpr: (substr(id, 0, 9) = '2019-11-0') (type: boolean)
            Statistics: Num rows: 1 Data size: 103 Basic stats: COMPLETE Column stats: COMPLETE
            Filter Operator
              predicate: (substr(id, 0, 9) = '2019-11-0') (type: boolean)
              Statistics: Num rows: 1 Data size: 103 Basic stats: COMPLETE Column stats: COMPLETE
              Select Operator
                expressions: id (type: string), CAST( id AS varchar(10)) (type: varchar(10))
                outputColumnNames: _col0, _col1
                Statistics: Num rows: 1 Data size: 197 Basic stats: COMPLETE Column stats: COMPLETE
                File Output Operator
                  compressed: false
                  Statistics: Num rows: 1 Data size: 197 Basic stats: COMPLETE Column stats: COMPLETE
                  table:
                      input format: org.apache.hadoop.mapred.SequenceFileInputFormat
                      output format: org.apache.hadoop.hive.ql.io.HiveSequenceFileOutputFormat
                      serde: org.apache.hadoop.hive.serde2.lazy.LazySimpleSerDe
      Execution mode: vectorized

  Stage: Stage-0
    Fetch Operator
      limit: -1
      Processor Tree:
        ListSink

PREHOOK: query: SELECT id, CAST(id AS VARCHAR(10)) FROM constcasttest WHERE SUBSTR(id, 0, 9) = '2019-11-0'
PREHOOK: type: QUERY
PREHOOK: Input: default@constcasttest
#### A masked pattern was here ####
POSTHOOK: query: SELECT id, CAST(id AS VARCHAR(10)) FROM constcasttest WHERE SUBSTR(id, 0, 9) = '2019-11-0'
POSTHOOK: type: QUERY
POSTHOOK: Input: default@constcasttest
#### A masked pattern was here ####
2019-11-05 01:01:11	2019-11-05
PREHOOK: query: EXPLAIN SELECT id, CAST(id AS VARCHAR(10)) FROM constcasttest WHERE CAST(id AS VARCHAR(9)) = '2019-11-0'
PREHOOK: type: QUERY
PREHOOK: Input: default@constcasttest
#### A masked pattern was here ####
POSTHOOK: query: EXPLAIN SELECT id, CAST(id AS VARCHAR(10)) FROM constcasttest WHERE CAST(id AS VARCHAR(9)) = '2019-11-0'
POSTHOOK: type: QUERY
POSTHOOK: Input: default@constcasttest
#### A masked pattern was here ####
STAGE DEPENDENCIES:
  Stage-1 is a root stage
  Stage-0 depends on stages: Stage-1

STAGE PLANS:
  Stage: Stage-1
    Map Reduce
      Map Operator Tree:
          TableScan
            alias: constcasttest
            filterExpr: (CAST( id AS varchar(9)) = '2019-11-0') (type: boolean)
            Statistics: Num rows: 1 Data size: 103 Basic stats: COMPLETE Column stats: COMPLETE
            Filter Operator
              predicate: (CAST( id AS varchar(9)) = '2019-11-0') (type: boolean)
              Statistics: Num rows: 1 Data size: 103 Basic stats: COMPLETE Column stats: COMPLETE
              Select Operator
                expressions: id (type: string), CAST( id AS varchar(10)) (type: varchar(10))
                outputColumnNames: _col0, _col1
                Statistics: Num rows: 1 Data size: 197 Basic stats: COMPLETE Column stats: COMPLETE
                File Output Operator
                  compressed: false
                  Statistics: Num rows: 1 Data size: 197 Basic stats: COMPLETE Column stats: COMPLETE
                  table:
                      input format: org.apache.hadoop.mapred.SequenceFileInputFormat
                      output format: org.apache.hadoop.hive.ql.io.HiveSequenceFileOutputFormat
                      serde: org.apache.hadoop.hive.serde2.lazy.LazySimpleSerDe
      Execution mode: vectorized

  Stage: Stage-0
    Fetch Operator
      limit: -1
      Processor Tree:
        ListSink

PREHOOK: query: SELECT id, CAST(id AS VARCHAR(10)) FROM constcasttest WHERE CAST(id AS VARCHAR(9)) = '2019-11-0'
PREHOOK: type: QUERY
PREHOOK: Input: default@constcasttest
#### A masked pattern was here ####
POSTHOOK: query: SELECT id, CAST(id AS VARCHAR(10)) FROM constcasttest WHERE CAST(id AS VARCHAR(9)) = '2019-11-0'
POSTHOOK: type: QUERY
POSTHOOK: Input: default@constcasttest
#### A masked pattern was here ####
2019-11-05 01:01:11	2019-11-05
PREHOOK: query: EXPLAIN SELECT id, CAST(id AS VARCHAR(10)) FROM constcasttest WHERE SUBSTR(id, 0, 9) = '2019-11-0'
PREHOOK: type: QUERY
PREHOOK: Input: default@constcasttest
#### A masked pattern was here ####
POSTHOOK: query: EXPLAIN SELECT id, CAST(id AS VARCHAR(10)) FROM constcasttest WHERE SUBSTR(id, 0, 9) = '2019-11-0'
POSTHOOK: type: QUERY
POSTHOOK: Input: default@constcasttest
#### A masked pattern was here ####
STAGE DEPENDENCIES:
  Stage-1 is a root stage
  Stage-0 depends on stages: Stage-1

STAGE PLANS:
  Stage: Stage-1
    Map Reduce
      Map Operator Tree:
          TableScan
            alias: constcasttest
            filterExpr: (substr(id, 0, 9) = '2019-11-0') (type: boolean)
            Statistics: Num rows: 1 Data size: 103 Basic stats: COMPLETE Column stats: COMPLETE
            Filter Operator
              predicate: (substr(id, 0, 9) = '2019-11-0') (type: boolean)
              Statistics: Num rows: 1 Data size: 103 Basic stats: COMPLETE Column stats: COMPLETE
              Select Operator
                expressions: id (type: string), CAST( id AS varchar(10)) (type: varchar(10))
                outputColumnNames: _col0, _col1
                Statistics: Num rows: 1 Data size: 197 Basic stats: COMPLETE Column stats: COMPLETE
                File Output Operator
                  compressed: false
                  Statistics: Num rows: 1 Data size: 197 Basic stats: COMPLETE Column stats: COMPLETE
                  table:
                      input format: org.apache.hadoop.mapred.SequenceFileInputFormat
                      output format: org.apache.hadoop.hive.ql.io.HiveSequenceFileOutputFormat
                      serde: org.apache.hadoop.hive.serde2.lazy.LazySimpleSerDe
      Execution mode: vectorized

  Stage: Stage-0
    Fetch Operator
      limit: -1
      Processor Tree:
        ListSink

PREHOOK: query: SELECT id, CAST(id AS VARCHAR(10)) FROM constcasttest WHERE SUBSTR(id, 0, 9) = '2019-11-0'
PREHOOK: type: QUERY
PREHOOK: Input: default@constcasttest
#### A masked pattern was here ####
POSTHOOK: query: SELECT id, CAST(id AS VARCHAR(10)) FROM constcasttest WHERE SUBSTR(id, 0, 9) = '2019-11-0'
POSTHOOK: type: QUERY
POSTHOOK: Input: default@constcasttest
#### A masked pattern was here ####
2019-11-05 01:01:11	2019-11-05
