PREHOOK: query: drop table test_1
PREHOOK: type: DROPTABLE
POSTHOOK: query: drop table test_1
POSTHOOK: type: DROPTABLE
PREHOOK: query: create table test_1 (id int, id2 int)
PREHOOK: type: CREATETABLE
PREHOOK: Output: database:default
PREHOOK: Output: default@test_1
POSTHOOK: query: create table test_1 (id int, id2 int)
POSTHOOK: type: CREATETABLE
POSTHOOK: Output: database:default
POSTHOOK: Output: default@test_1
PREHOOK: query: insert into table test_1 values (123, NULL), (NULL, NULL), (NULL, 123), (123, 123)
PREHOOK: type: QUERY
PREHOOK: Input: _dummy_database@_dummy_table
PREHOOK: Output: default@test_1
POSTHOOK: query: insert into table test_1 values (123, NULL), (NULL, NULL), (NULL, 123), (123, 123)
POSTHOOK: type: QUERY
POSTHOOK: Input: _dummy_database@_dummy_table
POSTHOOK: Output: default@test_1
POSTHOOK: Lineage: test_1.id SCRIPT []
POSTHOOK: Lineage: test_1.id2 SCRIPT []
PREHOOK: query: explain SELECT cast(CASE WHEN id = id2 THEN FALSE ELSE TRUE END AS BOOLEAN) AS b FROM test_1
PREHOOK: type: QUERY
POSTHOOK: query: explain SELECT cast(CASE WHEN id = id2 THEN FALSE ELSE TRUE END AS BOOLEAN) AS b FROM test_1
POSTHOOK: type: QUERY
STAGE DEPENDENCIES:
  Stage-1 is a root stage
  Stage-0 depends on stages: Stage-1

STAGE PLANS:
  Stage: Stage-1
    Map Reduce
      Map Operator Tree:
          TableScan
            alias: test_1
            Statistics: Num rows: 4 Data size: 24 Basic stats: COMPLETE Column stats: NONE
            Select Operator
              expressions: (not NVL((id = id2),false)) (type: boolean)
              outputColumnNames: _col0
              Statistics: Num rows: 4 Data size: 24 Basic stats: COMPLETE Column stats: NONE
              File Output Operator
                compressed: false
                Statistics: Num rows: 4 Data size: 24 Basic stats: COMPLETE Column stats: NONE
                table:
                    input format: org.apache.hadoop.mapred.SequenceFileInputFormat
                    output format: org.apache.hadoop.hive.ql.io.HiveSequenceFileOutputFormat
                    serde: org.apache.hadoop.hive.serde2.lazy.LazySimpleSerDe
      Execution mode: vectorized

  Stage: Stage-0
    Fetch Operator
      limit: -1
      Processor Tree:
        ListSink

PREHOOK: query: SELECT cast(CASE WHEN id = id2 THEN FALSE ELSE TRUE END AS BOOLEAN) AS b FROM test_1
PREHOOK: type: QUERY
PREHOOK: Input: default@test_1
#### A masked pattern was here ####
POSTHOOK: query: SELECT cast(CASE WHEN id = id2 THEN FALSE ELSE TRUE END AS BOOLEAN) AS b FROM test_1
POSTHOOK: type: QUERY
POSTHOOK: Input: default@test_1
#### A masked pattern was here ####
true
true
true
false
PREHOOK: query: explain SELECT cast(CASE id when id2 THEN FALSE ELSE TRUE END AS BOOLEAN) AS b FROM test_1
PREHOOK: type: QUERY
POSTHOOK: query: explain SELECT cast(CASE id when id2 THEN FALSE ELSE TRUE END AS BOOLEAN) AS b FROM test_1
POSTHOOK: type: QUERY
STAGE DEPENDENCIES:
  Stage-1 is a root stage
  Stage-0 depends on stages: Stage-1

STAGE PLANS:
  Stage: Stage-1
    Map Reduce
      Map Operator Tree:
          TableScan
            alias: test_1
            Statistics: Num rows: 4 Data size: 24 Basic stats: COMPLETE Column stats: NONE
            Select Operator
              expressions: (not NVL((id = id2),false)) (type: boolean)
              outputColumnNames: _col0
              Statistics: Num rows: 4 Data size: 24 Basic stats: COMPLETE Column stats: NONE
              File Output Operator
                compressed: false
                Statistics: Num rows: 4 Data size: 24 Basic stats: COMPLETE Column stats: NONE
                table:
                    input format: org.apache.hadoop.mapred.SequenceFileInputFormat
                    output format: org.apache.hadoop.hive.ql.io.HiveSequenceFileOutputFormat
                    serde: org.apache.hadoop.hive.serde2.lazy.LazySimpleSerDe
      Execution mode: vectorized

  Stage: Stage-0
    Fetch Operator
      limit: -1
      Processor Tree:
        ListSink

PREHOOK: query: SELECT cast(CASE id when id2 THEN FALSE ELSE TRUE END AS BOOLEAN) AS b FROM test_1
PREHOOK: type: QUERY
PREHOOK: Input: default@test_1
#### A masked pattern was here ####
POSTHOOK: query: SELECT cast(CASE id when id2 THEN FALSE ELSE TRUE END AS BOOLEAN) AS b FROM test_1
POSTHOOK: type: QUERY
POSTHOOK: Input: default@test_1
#### A masked pattern was here ####
true
true
true
false
PREHOOK: query: explain SELECT cast(CASE WHEN id = id2 THEN TRUE ELSE FALSE END AS BOOLEAN) AS b FROM test_1
PREHOOK: type: QUERY
POSTHOOK: query: explain SELECT cast(CASE WHEN id = id2 THEN TRUE ELSE FALSE END AS BOOLEAN) AS b FROM test_1
POSTHOOK: type: QUERY
STAGE DEPENDENCIES:
  Stage-1 is a root stage
  Stage-0 depends on stages: Stage-1

STAGE PLANS:
  Stage: Stage-1
    Map Reduce
      Map Operator Tree:
          TableScan
            alias: test_1
            Statistics: Num rows: 4 Data size: 24 Basic stats: COMPLETE Column stats: NONE
            Select Operator
              expressions: NVL((id = id2),false) (type: boolean)
              outputColumnNames: _col0
              Statistics: Num rows: 4 Data size: 24 Basic stats: COMPLETE Column stats: NONE
              File Output Operator
                compressed: false
                Statistics: Num rows: 4 Data size: 24 Basic stats: COMPLETE Column stats: NONE
                table:
                    input format: org.apache.hadoop.mapred.SequenceFileInputFormat
                    output format: org.apache.hadoop.hive.ql.io.HiveSequenceFileOutputFormat
                    serde: org.apache.hadoop.hive.serde2.lazy.LazySimpleSerDe
      Execution mode: vectorized

  Stage: Stage-0
    Fetch Operator
      limit: -1
      Processor Tree:
        ListSink

PREHOOK: query: SELECT cast(CASE WHEN id = id2 THEN TRUE ELSE FALSE END AS BOOLEAN) AS b FROM test_1
PREHOOK: type: QUERY
PREHOOK: Input: default@test_1
#### A masked pattern was here ####
POSTHOOK: query: SELECT cast(CASE WHEN id = id2 THEN TRUE ELSE FALSE END AS BOOLEAN) AS b FROM test_1
POSTHOOK: type: QUERY
POSTHOOK: Input: default@test_1
#### A masked pattern was here ####
false
false
false
true
PREHOOK: query: explain SELECT cast(CASE id when id2 THEN TRUE ELSE FALSE END AS BOOLEAN) AS b FROM test_1
PREHOOK: type: QUERY
POSTHOOK: query: explain SELECT cast(CASE id when id2 THEN TRUE ELSE FALSE END AS BOOLEAN) AS b FROM test_1
POSTHOOK: type: QUERY
STAGE DEPENDENCIES:
  Stage-1 is a root stage
  Stage-0 depends on stages: Stage-1

STAGE PLANS:
  Stage: Stage-1
    Map Reduce
      Map Operator Tree:
          TableScan
            alias: test_1
            Statistics: Num rows: 4 Data size: 24 Basic stats: COMPLETE Column stats: NONE
            Select Operator
              expressions: NVL((id = id2),false) (type: boolean)
              outputColumnNames: _col0
              Statistics: Num rows: 4 Data size: 24 Basic stats: COMPLETE Column stats: NONE
              File Output Operator
                compressed: false
                Statistics: Num rows: 4 Data size: 24 Basic stats: COMPLETE Column stats: NONE
                table:
                    input format: org.apache.hadoop.mapred.SequenceFileInputFormat
                    output format: org.apache.hadoop.hive.ql.io.HiveSequenceFileOutputFormat
                    serde: org.apache.hadoop.hive.serde2.lazy.LazySimpleSerDe
      Execution mode: vectorized

  Stage: Stage-0
    Fetch Operator
      limit: -1
      Processor Tree:
        ListSink

PREHOOK: query: SELECT cast(CASE id when id2 THEN TRUE ELSE FALSE END AS BOOLEAN) AS b FROM test_1
PREHOOK: type: QUERY
PREHOOK: Input: default@test_1
#### A masked pattern was here ####
POSTHOOK: query: SELECT cast(CASE id when id2 THEN TRUE ELSE FALSE END AS BOOLEAN) AS b FROM test_1
POSTHOOK: type: QUERY
POSTHOOK: Input: default@test_1
#### A masked pattern was here ####
false
false
false
true
PREHOOK: query: explain SELECT cast(CASE WHEN id = id2 THEN FALSE ELSE TRUE END AS BOOLEAN) AS b FROM test_1
PREHOOK: type: QUERY
POSTHOOK: query: explain SELECT cast(CASE WHEN id = id2 THEN FALSE ELSE TRUE END AS BOOLEAN) AS b FROM test_1
POSTHOOK: type: QUERY
STAGE DEPENDENCIES:
  Stage-1 is a root stage
  Stage-0 depends on stages: Stage-1

STAGE PLANS:
  Stage: Stage-1
    Map Reduce
      Map Operator Tree:
          TableScan
            alias: test_1
            Statistics: Num rows: 4 Data size: 24 Basic stats: COMPLETE Column stats: NONE
            Select Operator
              expressions: (not NVL((id = id2),false)) (type: boolean)
              outputColumnNames: _col0
              Statistics: Num rows: 4 Data size: 24 Basic stats: COMPLETE Column stats: NONE
              File Output Operator
                compressed: false
                Statistics: Num rows: 4 Data size: 24 Basic stats: COMPLETE Column stats: NONE
                table:
                    input format: org.apache.hadoop.mapred.SequenceFileInputFormat
                    output format: org.apache.hadoop.hive.ql.io.HiveSequenceFileOutputFormat
                    serde: org.apache.hadoop.hive.serde2.lazy.LazySimpleSerDe
      Execution mode: vectorized

  Stage: Stage-0
    Fetch Operator
      limit: -1
      Processor Tree:
        ListSink

PREHOOK: query: SELECT cast(CASE WHEN id = id2 THEN FALSE ELSE TRUE END AS BOOLEAN) AS b FROM test_1
PREHOOK: type: QUERY
PREHOOK: Input: default@test_1
#### A masked pattern was here ####
POSTHOOK: query: SELECT cast(CASE WHEN id = id2 THEN FALSE ELSE TRUE END AS BOOLEAN) AS b FROM test_1
POSTHOOK: type: QUERY
POSTHOOK: Input: default@test_1
#### A masked pattern was here ####
true
true
true
false
PREHOOK: query: explain SELECT cast(CASE id when id2 THEN FALSE ELSE TRUE END AS BOOLEAN) AS b FROM test_1
PREHOOK: type: QUERY
POSTHOOK: query: explain SELECT cast(CASE id when id2 THEN FALSE ELSE TRUE END AS BOOLEAN) AS b FROM test_1
POSTHOOK: type: QUERY
STAGE DEPENDENCIES:
  Stage-1 is a root stage
  Stage-0 depends on stages: Stage-1

STAGE PLANS:
  Stage: Stage-1
    Map Reduce
      Map Operator Tree:
          TableScan
            alias: test_1
            Statistics: Num rows: 4 Data size: 24 Basic stats: COMPLETE Column stats: NONE
            Select Operator
              expressions: (not NVL((id = id2),false)) (type: boolean)
              outputColumnNames: _col0
              Statistics: Num rows: 4 Data size: 24 Basic stats: COMPLETE Column stats: NONE
              File Output Operator
                compressed: false
                Statistics: Num rows: 4 Data size: 24 Basic stats: COMPLETE Column stats: NONE
                table:
                    input format: org.apache.hadoop.mapred.SequenceFileInputFormat
                    output format: org.apache.hadoop.hive.ql.io.HiveSequenceFileOutputFormat
                    serde: org.apache.hadoop.hive.serde2.lazy.LazySimpleSerDe
      Execution mode: vectorized

  Stage: Stage-0
    Fetch Operator
      limit: -1
      Processor Tree:
        ListSink

PREHOOK: query: SELECT cast(CASE id when id2 THEN FALSE ELSE TRUE END AS BOOLEAN) AS b FROM test_1
PREHOOK: type: QUERY
PREHOOK: Input: default@test_1
#### A masked pattern was here ####
POSTHOOK: query: SELECT cast(CASE id when id2 THEN FALSE ELSE TRUE END AS BOOLEAN) AS b FROM test_1
POSTHOOK: type: QUERY
POSTHOOK: Input: default@test_1
#### A masked pattern was here ####
true
true
true
false
PREHOOK: query: explain SELECT cast(CASE WHEN id = id2 THEN TRUE ELSE FALSE END AS BOOLEAN) AS b FROM test_1
PREHOOK: type: QUERY
POSTHOOK: query: explain SELECT cast(CASE WHEN id = id2 THEN TRUE ELSE FALSE END AS BOOLEAN) AS b FROM test_1
POSTHOOK: type: QUERY
STAGE DEPENDENCIES:
  Stage-1 is a root stage
  Stage-0 depends on stages: Stage-1

STAGE PLANS:
  Stage: Stage-1
    Map Reduce
      Map Operator Tree:
          TableScan
            alias: test_1
            Statistics: Num rows: 4 Data size: 24 Basic stats: COMPLETE Column stats: NONE
            Select Operator
              expressions: NVL((id = id2),false) (type: boolean)
              outputColumnNames: _col0
              Statistics: Num rows: 4 Data size: 24 Basic stats: COMPLETE Column stats: NONE
              File Output Operator
                compressed: false
                Statistics: Num rows: 4 Data size: 24 Basic stats: COMPLETE Column stats: NONE
                table:
                    input format: org.apache.hadoop.mapred.SequenceFileInputFormat
                    output format: org.apache.hadoop.hive.ql.io.HiveSequenceFileOutputFormat
                    serde: org.apache.hadoop.hive.serde2.lazy.LazySimpleSerDe
      Execution mode: vectorized

  Stage: Stage-0
    Fetch Operator
      limit: -1
      Processor Tree:
        ListSink

PREHOOK: query: SELECT cast(CASE WHEN id = id2 THEN TRUE ELSE FALSE END AS BOOLEAN) AS b FROM test_1
PREHOOK: type: QUERY
PREHOOK: Input: default@test_1
#### A masked pattern was here ####
POSTHOOK: query: SELECT cast(CASE WHEN id = id2 THEN TRUE ELSE FALSE END AS BOOLEAN) AS b FROM test_1
POSTHOOK: type: QUERY
POSTHOOK: Input: default@test_1
#### A masked pattern was here ####
false
false
false
true
PREHOOK: query: explain SELECT cast(CASE id when id2 THEN TRUE ELSE FALSE END AS BOOLEAN) AS b FROM test_1
PREHOOK: type: QUERY
POSTHOOK: query: explain SELECT cast(CASE id when id2 THEN TRUE ELSE FALSE END AS BOOLEAN) AS b FROM test_1
POSTHOOK: type: QUERY
STAGE DEPENDENCIES:
  Stage-1 is a root stage
  Stage-0 depends on stages: Stage-1

STAGE PLANS:
  Stage: Stage-1
    Map Reduce
      Map Operator Tree:
          TableScan
            alias: test_1
            Statistics: Num rows: 4 Data size: 24 Basic stats: COMPLETE Column stats: NONE
            Select Operator
              expressions: NVL((id = id2),false) (type: boolean)
              outputColumnNames: _col0
              Statistics: Num rows: 4 Data size: 24 Basic stats: COMPLETE Column stats: NONE
              File Output Operator
                compressed: false
                Statistics: Num rows: 4 Data size: 24 Basic stats: COMPLETE Column stats: NONE
                table:
                    input format: org.apache.hadoop.mapred.SequenceFileInputFormat
                    output format: org.apache.hadoop.hive.ql.io.HiveSequenceFileOutputFormat
                    serde: org.apache.hadoop.hive.serde2.lazy.LazySimpleSerDe
      Execution mode: vectorized

  Stage: Stage-0
    Fetch Operator
      limit: -1
      Processor Tree:
        ListSink

PREHOOK: query: SELECT cast(CASE id when id2 THEN TRUE ELSE FALSE END AS BOOLEAN) AS b FROM test_1
PREHOOK: type: QUERY
PREHOOK: Input: default@test_1
#### A masked pattern was here ####
POSTHOOK: query: SELECT cast(CASE id when id2 THEN TRUE ELSE FALSE END AS BOOLEAN) AS b FROM test_1
POSTHOOK: type: QUERY
POSTHOOK: Input: default@test_1
#### A masked pattern was here ####
false
false
false
true
