Warning: Shuffle Join JOIN[8][tables = [$hdt$_0, $hdt$_1]] in Stage 'Stage-1:MAPRED' is a cross product
PREHOOK: query: EXPLAIN
SELECT src1.key, src1.key + 1, src2.value
       FROM srcbucket src1 join srcbucket src2 ON src1.key = src2.key AND src1.key = 86
PREHOOK: type: QUERY
POSTHOOK: query: EXPLAIN
SELECT src1.key, src1.key + 1, src2.value
       FROM srcbucket src1 join srcbucket src2 ON src1.key = src2.key AND src1.key = 86
POSTHOOK: type: QUERY
STAGE DEPENDENCIES:
  Stage-1 is a root stage
  Stage-0 depends on stages: Stage-1

STAGE PLANS:
  Stage: Stage-1
    Map Reduce
      Map Operator Tree:
          TableScan
            alias: src1
            Statistics: Num rows: 1000 Data size: 10603 Basic stats: COMPLETE Column stats: NONE
            Filter Operator
              predicate: (key = 86) (type: boolean)
              Statistics: Num rows: 500 Data size: 5301 Basic stats: COMPLETE Column stats: NONE
              Select Operator
                Statistics: Num rows: 500 Data size: 5301 Basic stats: COMPLETE Column stats: NONE
                Reduce Output Operator
                  sort order: 
                  Statistics: Num rows: 500 Data size: 5301 Basic stats: COMPLETE Column stats: NONE
          TableScan
            alias: src2
            Statistics: Num rows: 1000 Data size: 10603 Basic stats: COMPLETE Column stats: NONE
            Filter Operator
              predicate: (key = 86) (type: boolean)
              Statistics: Num rows: 500 Data size: 5301 Basic stats: COMPLETE Column stats: NONE
              Select Operator
                expressions: value (type: string)
                outputColumnNames: _col1
                Statistics: Num rows: 500 Data size: 5301 Basic stats: COMPLETE Column stats: NONE
                Reduce Output Operator
                  sort order: 
                  Statistics: Num rows: 500 Data size: 5301 Basic stats: COMPLETE Column stats: NONE
                  value expressions: _col1 (type: string)
      Reduce Operator Tree:
        Join Operator
          condition map:
               Inner Join 0 to 1
          keys:
            0 
            1 
          outputColumnNames: _col2
          Statistics: Num rows: 250000 Data size: 5551000 Basic stats: COMPLETE Column stats: NONE
          Select Operator
            expressions: 86 (type: int), 87 (type: int), _col2 (type: string)
            outputColumnNames: _col0, _col1, _col2
            Statistics: Num rows: 250000 Data size: 5551000 Basic stats: COMPLETE Column stats: NONE
            File Output Operator
              compressed: false
              Statistics: Num rows: 250000 Data size: 5551000 Basic stats: COMPLETE Column stats: NONE
              table:
                  input format: org.apache.hadoop.mapred.SequenceFileInputFormat
                  output format: org.apache.hadoop.hive.ql.io.HiveSequenceFileOutputFormat
                  serde: org.apache.hadoop.hive.serde2.lazy.LazySimpleSerDe

  Stage: Stage-0
    Fetch Operator
      limit: -1
      Processor Tree:
        ListSink

Warning: Shuffle Join JOIN[8][tables = [$hdt$_0, $hdt$_1]] in Stage 'Stage-1:MAPRED' is a cross product
PREHOOK: query: EXPLAIN
SELECT src1.key, src1.key + 1, src2.value
       FROM srcbucket src1 join srcbucket src2 ON src1.key = src2.key AND cast(src1.key as double) = 86
PREHOOK: type: QUERY
POSTHOOK: query: EXPLAIN
SELECT src1.key, src1.key + 1, src2.value
       FROM srcbucket src1 join srcbucket src2 ON src1.key = src2.key AND cast(src1.key as double) = 86
POSTHOOK: type: QUERY
STAGE DEPENDENCIES:
  Stage-1 is a root stage
  Stage-0 depends on stages: Stage-1

STAGE PLANS:
  Stage: Stage-1
    Map Reduce
      Map Operator Tree:
          TableScan
            alias: src1
            Statistics: Num rows: 1000 Data size: 10603 Basic stats: COMPLETE Column stats: NONE
            Filter Operator
              predicate: (UDFToDouble(key) = 86.0D) (type: boolean)
              Statistics: Num rows: 500 Data size: 5301 Basic stats: COMPLETE Column stats: NONE
              Select Operator
                Statistics: Num rows: 500 Data size: 5301 Basic stats: COMPLETE Column stats: NONE
                Reduce Output Operator
                  sort order: 
                  Statistics: Num rows: 500 Data size: 5301 Basic stats: COMPLETE Column stats: NONE
          TableScan
            alias: src2
            Statistics: Num rows: 1000 Data size: 10603 Basic stats: COMPLETE Column stats: NONE
            Filter Operator
              predicate: (key = 86) (type: boolean)
              Statistics: Num rows: 500 Data size: 5301 Basic stats: COMPLETE Column stats: NONE
              Select Operator
                expressions: value (type: string)
                outputColumnNames: _col1
                Statistics: Num rows: 500 Data size: 5301 Basic stats: COMPLETE Column stats: NONE
                Reduce Output Operator
                  sort order: 
                  Statistics: Num rows: 500 Data size: 5301 Basic stats: COMPLETE Column stats: NONE
                  value expressions: _col1 (type: string)
      Reduce Operator Tree:
        Join Operator
          condition map:
               Inner Join 0 to 1
          keys:
            0 
            1 
          outputColumnNames: _col2
          Statistics: Num rows: 250000 Data size: 5551000 Basic stats: COMPLETE Column stats: NONE
          Select Operator
            expressions: 86 (type: int), 87 (type: int), _col2 (type: string)
            outputColumnNames: _col0, _col1, _col2
            Statistics: Num rows: 250000 Data size: 5551000 Basic stats: COMPLETE Column stats: NONE
            File Output Operator
              compressed: false
              Statistics: Num rows: 250000 Data size: 5551000 Basic stats: COMPLETE Column stats: NONE
              table:
                  input format: org.apache.hadoop.mapred.SequenceFileInputFormat
                  output format: org.apache.hadoop.hive.ql.io.HiveSequenceFileOutputFormat
                  serde: org.apache.hadoop.hive.serde2.lazy.LazySimpleSerDe

  Stage: Stage-0
    Fetch Operator
      limit: -1
      Processor Tree:
        ListSink

