PREHOOK: query: drop table part_hive
PREHOOK: type: DROPTABLE
POSTHOOK: query: drop table part_hive
POSTHOOK: type: DROPTABLE
PREHOOK: query: drop table partsupp_hive
PREHOOK: type: DROPTABLE
POSTHOOK: query: drop table partsupp_hive
POSTHOOK: type: DROPTABLE
PREHOOK: query: drop table supplier_hive
PREHOOK: type: DROPTABLE
POSTHOOK: query: drop table supplier_hive
POSTHOOK: type: DROPTABLE
PREHOOK: query: create table part_hive (P_PARTKEY INT, P_NAME STRING, P_MFGR STRING, P_BRAND STRING, P_TYPE STRING, 
P_SIZE INT, P_CONTAINER STRING, P_RETAILPRICE DOUBLE, P_COMMENT STRING)
PREHOOK: type: CREATETABLE
PREHOOK: Output: database:default
PREHOOK: Output: default@part_hive
POSTHOOK: query: create table part_hive (P_PARTKEY INT, P_NAME STRING, P_MFGR STRING, P_BRAND STRING, P_TYPE STRING, 
P_SIZE INT, P_CONTAINER STRING, P_RETAILPRICE DOUBLE, P_COMMENT STRING)
POSTHOOK: type: CREATETABLE
POSTHOOK: Output: database:default
POSTHOOK: Output: default@part_hive
PREHOOK: query: create table partsupp_hive (PS_PARTKEY INT, PS_SUPPKEY INT, PS_AVAILQTY INT, PS_SUPPLYCOST DOUBLE, 
PS_COMMENT STRING)
PREHOOK: type: CREATETABLE
PREHOOK: Output: database:default
PREHOOK: Output: default@partsupp_hive
POSTHOOK: query: create table partsupp_hive (PS_PARTKEY INT, PS_SUPPKEY INT, PS_AVAILQTY INT, PS_SUPPLYCOST DOUBLE, 
PS_COMMENT STRING)
POSTHOOK: type: CREATETABLE
POSTHOOK: Output: database:default
POSTHOOK: Output: default@partsupp_hive
PREHOOK: query: create table supplier_hive (S_SUPPKEY INT, S_NAME STRING, S_ADDRESS STRING, S_NATIONKEY INT, 
S_PHONE STRING, S_ACCTBAL DOUBLE, S_COMMENT STRING)
PREHOOK: type: CREATETABLE
PREHOOK: Output: database:default
PREHOOK: Output: default@supplier_hive
POSTHOOK: query: create table supplier_hive (S_SUPPKEY INT, S_NAME STRING, S_ADDRESS STRING, S_NATIONKEY INT, 
S_PHONE STRING, S_ACCTBAL DOUBLE, S_COMMENT STRING)
POSTHOOK: type: CREATETABLE
POSTHOOK: Output: database:default
POSTHOOK: Output: default@supplier_hive
PREHOOK: query: analyze table part_hive compute statistics
PREHOOK: type: QUERY
PREHOOK: Input: default@part_hive
PREHOOK: Output: default@part_hive
POSTHOOK: query: analyze table part_hive compute statistics
POSTHOOK: type: QUERY
POSTHOOK: Input: default@part_hive
POSTHOOK: Output: default@part_hive
PREHOOK: query: analyze table part_hive compute statistics for columns
PREHOOK: type: QUERY
PREHOOK: Input: default@part_hive
#### A masked pattern was here ####
POSTHOOK: query: analyze table part_hive compute statistics for columns
POSTHOOK: type: QUERY
POSTHOOK: Input: default@part_hive
#### A masked pattern was here ####
PREHOOK: query: analyze table partsupp_hive compute statistics
PREHOOK: type: QUERY
PREHOOK: Input: default@partsupp_hive
PREHOOK: Output: default@partsupp_hive
POSTHOOK: query: analyze table partsupp_hive compute statistics
POSTHOOK: type: QUERY
POSTHOOK: Input: default@partsupp_hive
POSTHOOK: Output: default@partsupp_hive
PREHOOK: query: analyze table partsupp_hive compute statistics for columns
PREHOOK: type: QUERY
PREHOOK: Input: default@partsupp_hive
#### A masked pattern was here ####
POSTHOOK: query: analyze table partsupp_hive compute statistics for columns
POSTHOOK: type: QUERY
POSTHOOK: Input: default@partsupp_hive
#### A masked pattern was here ####
PREHOOK: query: analyze table supplier_hive compute statistics
PREHOOK: type: QUERY
PREHOOK: Input: default@supplier_hive
PREHOOK: Output: default@supplier_hive
POSTHOOK: query: analyze table supplier_hive compute statistics
POSTHOOK: type: QUERY
POSTHOOK: Input: default@supplier_hive
POSTHOOK: Output: default@supplier_hive
PREHOOK: query: analyze table supplier_hive compute statistics for columns
PREHOOK: type: QUERY
PREHOOK: Input: default@supplier_hive
#### A masked pattern was here ####
POSTHOOK: query: analyze table supplier_hive compute statistics for columns
POSTHOOK: type: QUERY
POSTHOOK: Input: default@supplier_hive
#### A masked pattern was here ####
Warning: Shuffle Join JOIN[25][tables = [$hdt$_0, $hdt$_1, $hdt$_2]] in Stage 'Stage-2:MAPRED' is a cross product
PREHOOK: query: explain select
	p_brand,
	p_type,
	p_size,
	count(distinct ps_suppkey) as supplier_cnt
from
	partsupp_hive,
	part_hive
where
	p_partkey = ps_partkey
	and p_brand <> 'Brand#34'
	and p_type not like 'ECONOMY BRUSHED%'
	and p_size in (22, 14, 27, 49, 21, 33, 35, 28)
	and partsupp_hive.ps_suppkey not in (
		select
			s_suppkey
		from
			supplier_hive
		where
			s_comment like '%Customer%Complaints%'
	)
group by
	p_brand,
	p_type,
	p_size
order by
	supplier_cnt desc,
	p_brand,
	p_type,
	p_size
PREHOOK: type: QUERY
POSTHOOK: query: explain select
	p_brand,
	p_type,
	p_size,
	count(distinct ps_suppkey) as supplier_cnt
from
	partsupp_hive,
	part_hive
where
	p_partkey = ps_partkey
	and p_brand <> 'Brand#34'
	and p_type not like 'ECONOMY BRUSHED%'
	and p_size in (22, 14, 27, 49, 21, 33, 35, 28)
	and partsupp_hive.ps_suppkey not in (
		select
			s_suppkey
		from
			supplier_hive
		where
			s_comment like '%Customer%Complaints%'
	)
group by
	p_brand,
	p_type,
	p_size
order by
	supplier_cnt desc,
	p_brand,
	p_type,
	p_size
POSTHOOK: type: QUERY
STAGE DEPENDENCIES:
  Stage-1 is a root stage
  Stage-2 depends on stages: Stage-1, Stage-7
  Stage-3 depends on stages: Stage-2, Stage-8
  Stage-4 depends on stages: Stage-3
  Stage-5 depends on stages: Stage-4
  Stage-7 is a root stage
  Stage-8 is a root stage
  Stage-0 depends on stages: Stage-5

STAGE PLANS:
  Stage: Stage-1
    Map Reduce
      Map Operator Tree:
          TableScan
            alias: partsupp_hive
            Statistics: Num rows: 1 Data size: 0 Basic stats: PARTIAL Column stats: NONE
            Filter Operator
              predicate: ps_partkey is not null (type: boolean)
              Statistics: Num rows: 1 Data size: 0 Basic stats: PARTIAL Column stats: NONE
              Select Operator
                expressions: ps_partkey (type: int), ps_suppkey (type: int)
                outputColumnNames: _col0, _col1
                Statistics: Num rows: 1 Data size: 0 Basic stats: PARTIAL Column stats: NONE
                Reduce Output Operator
                  key expressions: _col0 (type: int)
                  sort order: +
                  Map-reduce partition columns: _col0 (type: int)
                  Statistics: Num rows: 1 Data size: 0 Basic stats: PARTIAL Column stats: NONE
                  value expressions: _col1 (type: int)
          TableScan
            alias: part_hive
            Statistics: Num rows: 1 Data size: 0 Basic stats: PARTIAL Column stats: NONE
            Filter Operator
              predicate: ((p_size) IN (22, 14, 27, 49, 21, 33, 35, 28) and (p_brand <> 'Brand#34') and p_partkey is not null and (not (p_type like 'ECONOMY BRUSHED%'))) (type: boolean)
              Statistics: Num rows: 1 Data size: 0 Basic stats: PARTIAL Column stats: NONE
              Select Operator
                expressions: p_partkey (type: int), p_brand (type: string), p_type (type: string), p_size (type: int)
                outputColumnNames: _col0, _col1, _col2, _col3
                Statistics: Num rows: 1 Data size: 0 Basic stats: PARTIAL Column stats: NONE
                Reduce Output Operator
                  key expressions: _col0 (type: int)
                  sort order: +
                  Map-reduce partition columns: _col0 (type: int)
                  Statistics: Num rows: 1 Data size: 0 Basic stats: PARTIAL Column stats: NONE
                  value expressions: _col1 (type: string), _col2 (type: string), _col3 (type: int)
      Reduce Operator Tree:
        Join Operator
          condition map:
               Inner Join 0 to 1
          keys:
            0 _col0 (type: int)
            1 _col0 (type: int)
          outputColumnNames: _col1, _col3, _col4, _col5
          Statistics: Num rows: 1 Data size: 0 Basic stats: PARTIAL Column stats: NONE
          File Output Operator
            compressed: false
            table:
                input format: org.apache.hadoop.mapred.SequenceFileInputFormat
                output format: org.apache.hadoop.hive.ql.io.HiveSequenceFileOutputFormat
                serde: org.apache.hadoop.hive.serde2.lazybinary.LazyBinarySerDe

  Stage: Stage-2
    Map Reduce
      Map Operator Tree:
          TableScan
            Reduce Output Operator
              sort order: 
              Statistics: Num rows: 1 Data size: 0 Basic stats: PARTIAL Column stats: NONE
              value expressions: _col1 (type: int), _col3 (type: string), _col4 (type: string), _col5 (type: int)
          TableScan
            Reduce Output Operator
              sort order: 
              Statistics: Num rows: 1 Data size: 16 Basic stats: COMPLETE Column stats: NONE
              value expressions: _col0 (type: bigint), _col1 (type: bigint)
      Reduce Operator Tree:
        Join Operator
          condition map:
               Inner Join 0 to 1
          keys:
            0 
            1 
          outputColumnNames: _col1, _col3, _col4, _col5, _col6, _col7
          Statistics: Num rows: 1 Data size: 17 Basic stats: COMPLETE Column stats: NONE
          File Output Operator
            compressed: false
            table:
                input format: org.apache.hadoop.mapred.SequenceFileInputFormat
                output format: org.apache.hadoop.hive.ql.io.HiveSequenceFileOutputFormat
                serde: org.apache.hadoop.hive.serde2.lazybinary.LazyBinarySerDe

  Stage: Stage-3
    Map Reduce
      Map Operator Tree:
          TableScan
            Reduce Output Operator
              key expressions: _col1 (type: int)
              sort order: +
              Map-reduce partition columns: _col1 (type: int)
              Statistics: Num rows: 1 Data size: 17 Basic stats: COMPLETE Column stats: NONE
              value expressions: _col3 (type: string), _col4 (type: string), _col5 (type: int), _col6 (type: bigint), _col7 (type: bigint)
          TableScan
            Reduce Output Operator
              key expressions: _col0 (type: int)
              sort order: +
              Map-reduce partition columns: _col0 (type: int)
              Statistics: Num rows: 1 Data size: 0 Basic stats: PARTIAL Column stats: NONE
              value expressions: _col1 (type: boolean)
      Reduce Operator Tree:
        Join Operator
          condition map:
               Left Outer Join 0 to 1
          keys:
            0 _col1 (type: int)
            1 _col0 (type: int)
          outputColumnNames: _col1, _col3, _col4, _col5, _col6, _col7, _col9
          Statistics: Num rows: 1 Data size: 18 Basic stats: COMPLETE Column stats: NONE
          Filter Operator
            predicate: ((_col6 = 0) or (_col9 is null and _col1 is not null and (_col7 >= _col6))) (type: boolean)
            Statistics: Num rows: 1 Data size: 18 Basic stats: COMPLETE Column stats: NONE
            Select Operator
              expressions: _col1 (type: int), _col3 (type: string), _col4 (type: string), _col5 (type: int)
              outputColumnNames: _col1, _col3, _col4, _col5
              Statistics: Num rows: 1 Data size: 18 Basic stats: COMPLETE Column stats: NONE
              Group By Operator
                aggregations: count(DISTINCT _col1)
                keys: _col3 (type: string), _col4 (type: string), _col5 (type: int), _col1 (type: int)
                mode: hash
                outputColumnNames: _col0, _col1, _col2, _col3, _col4
                Statistics: Num rows: 1 Data size: 18 Basic stats: COMPLETE Column stats: NONE
                File Output Operator
                  compressed: false
                  table:
                      input format: org.apache.hadoop.mapred.SequenceFileInputFormat
                      output format: org.apache.hadoop.hive.ql.io.HiveSequenceFileOutputFormat
                      serde: org.apache.hadoop.hive.serde2.lazybinary.LazyBinarySerDe

  Stage: Stage-4
    Map Reduce
      Map Operator Tree:
          TableScan
            Reduce Output Operator
              key expressions: _col0 (type: string), _col1 (type: string), _col2 (type: int), _col3 (type: int)
              sort order: ++++
              Map-reduce partition columns: _col0 (type: string), _col1 (type: string), _col2 (type: int)
              Statistics: Num rows: 1 Data size: 18 Basic stats: COMPLETE Column stats: NONE
      Reduce Operator Tree:
        Group By Operator
          aggregations: count(DISTINCT KEY._col3:0._col0)
          keys: KEY._col0 (type: string), KEY._col1 (type: string), KEY._col2 (type: int)
          mode: mergepartial
          outputColumnNames: _col0, _col1, _col2, _col3
          Statistics: Num rows: 1 Data size: 18 Basic stats: COMPLETE Column stats: NONE
          File Output Operator
            compressed: false
            table:
                input format: org.apache.hadoop.mapred.SequenceFileInputFormat
                output format: org.apache.hadoop.hive.ql.io.HiveSequenceFileOutputFormat
                serde: org.apache.hadoop.hive.serde2.lazybinary.LazyBinarySerDe

  Stage: Stage-5
    Map Reduce
      Map Operator Tree:
          TableScan
            Reduce Output Operator
              key expressions: _col3 (type: bigint), _col0 (type: string), _col1 (type: string), _col2 (type: int)
              sort order: -+++
              Statistics: Num rows: 1 Data size: 18 Basic stats: COMPLETE Column stats: NONE
      Reduce Operator Tree:
        Select Operator
          expressions: KEY.reducesinkkey1 (type: string), KEY.reducesinkkey2 (type: string), KEY.reducesinkkey3 (type: int), KEY.reducesinkkey0 (type: bigint)
          outputColumnNames: _col0, _col1, _col2, _col3
          Statistics: Num rows: 1 Data size: 18 Basic stats: COMPLETE Column stats: NONE
          File Output Operator
            compressed: false
            Statistics: Num rows: 1 Data size: 18 Basic stats: COMPLETE Column stats: NONE
            table:
                input format: org.apache.hadoop.mapred.SequenceFileInputFormat
                output format: org.apache.hadoop.hive.ql.io.HiveSequenceFileOutputFormat
                serde: org.apache.hadoop.hive.serde2.lazy.LazySimpleSerDe

  Stage: Stage-7
    Map Reduce
      Map Operator Tree:
          TableScan
            alias: supplier_hive
            Statistics: Num rows: 1 Data size: 0 Basic stats: PARTIAL Column stats: NONE
            Filter Operator
              predicate: (s_comment like '%Customer%Complaints%') (type: boolean)
              Statistics: Num rows: 1 Data size: 0 Basic stats: PARTIAL Column stats: NONE
              Select Operator
                expressions: s_suppkey (type: int)
                outputColumnNames: s_suppkey
                Statistics: Num rows: 1 Data size: 0 Basic stats: PARTIAL Column stats: NONE
                Group By Operator
                  aggregations: count(), count(s_suppkey)
                  mode: hash
                  outputColumnNames: _col0, _col1
                  Statistics: Num rows: 1 Data size: 16 Basic stats: COMPLETE Column stats: NONE
                  Reduce Output Operator
                    sort order: 
                    Statistics: Num rows: 1 Data size: 16 Basic stats: COMPLETE Column stats: NONE
                    value expressions: _col0 (type: bigint), _col1 (type: bigint)
      Reduce Operator Tree:
        Group By Operator
          aggregations: count(VALUE._col0), count(VALUE._col1)
          mode: mergepartial
          outputColumnNames: _col0, _col1
          Statistics: Num rows: 1 Data size: 16 Basic stats: COMPLETE Column stats: NONE
          File Output Operator
            compressed: false
            table:
                input format: org.apache.hadoop.mapred.SequenceFileInputFormat
                output format: org.apache.hadoop.hive.ql.io.HiveSequenceFileOutputFormat
                serde: org.apache.hadoop.hive.serde2.lazybinary.LazyBinarySerDe

  Stage: Stage-8
    Map Reduce
      Map Operator Tree:
          TableScan
            alias: supplier_hive
            Statistics: Num rows: 1 Data size: 0 Basic stats: PARTIAL Column stats: NONE
            Filter Operator
              predicate: (s_comment like '%Customer%Complaints%') (type: boolean)
              Statistics: Num rows: 1 Data size: 0 Basic stats: PARTIAL Column stats: NONE
              Select Operator
                expressions: s_suppkey (type: int)
                outputColumnNames: s_suppkey
                Statistics: Num rows: 1 Data size: 0 Basic stats: PARTIAL Column stats: NONE
                Group By Operator
                  keys: s_suppkey (type: int)
                  mode: hash
                  outputColumnNames: _col0
                  Statistics: Num rows: 1 Data size: 0 Basic stats: PARTIAL Column stats: NONE
                  Reduce Output Operator
                    key expressions: _col0 (type: int)
                    sort order: +
                    Map-reduce partition columns: _col0 (type: int)
                    Statistics: Num rows: 1 Data size: 0 Basic stats: PARTIAL Column stats: NONE
      Reduce Operator Tree:
        Group By Operator
          keys: KEY._col0 (type: int)
          mode: mergepartial
          outputColumnNames: _col0
          Statistics: Num rows: 1 Data size: 0 Basic stats: PARTIAL Column stats: NONE
          Select Operator
            expressions: _col0 (type: int), true (type: boolean)
            outputColumnNames: _col0, _col1
            Statistics: Num rows: 1 Data size: 0 Basic stats: PARTIAL Column stats: NONE
            File Output Operator
              compressed: false
              table:
                  input format: org.apache.hadoop.mapred.SequenceFileInputFormat
                  output format: org.apache.hadoop.hive.ql.io.HiveSequenceFileOutputFormat
                  serde: org.apache.hadoop.hive.serde2.lazybinary.LazyBinarySerDe

  Stage: Stage-0
    Fetch Operator
      limit: -1
      Processor Tree:
        ListSink

