PREHOOK: query: CREATE TABLE tmp(c1 INT, c2 INT, c3 STRING, c4 STRING)
PREHOOK: type: CREATETABLE
PREHOOK: Output: database:default
PREHOOK: Output: default@tmp
POSTHOOK: query: CREATE TABLE tmp(c1 INT, c2 INT, c3 STRING, c4 STRING)
POSTHOOK: type: CREATETABLE
POSTHOOK: Output: database:default
POSTHOOK: Output: default@tmp
PREHOOK: query: INSERT OVERWRITE TABLE tmp
SELECT x.key, y.key, x.value, y.value FROM src x JOIN src y ON (x.key = y.key)
PREHOOK: type: QUERY
PREHOOK: Input: default@src
PREHOOK: Output: default@tmp
POSTHOOK: query: INSERT OVERWRITE TABLE tmp
SELECT x.key, y.key, x.value, y.value FROM src x JOIN src y ON (x.key = y.key)
POSTHOOK: type: QUERY
POSTHOOK: Input: default@src
POSTHOOK: Output: default@tmp
POSTHOOK: Lineage: tmp.c1 EXPRESSION [(src)x.FieldSchema(name:key, type:string, comment:default), ]
POSTHOOK: Lineage: tmp.c2 EXPRESSION [(src)y.FieldSchema(name:key, type:string, comment:default), ]
POSTHOOK: Lineage: tmp.c3 SIMPLE [(src)x.FieldSchema(name:value, type:string, comment:default), ]
POSTHOOK: Lineage: tmp.c4 SIMPLE [(src)y.FieldSchema(name:value, type:string, comment:default), ]
PREHOOK: query: EXPLAIN
SELECT xx.key1, xx.key2, yy.key1, yy.key2, xx.cnt, yy.cnt
FROM 
(SELECT x.c1 AS key1, x.c3 AS key2, count(1) AS cnt FROM tmp x WHERE x.c1 < 120 GROUP BY x.c3, x.c1) xx
JOIN
(SELECT x1.c1 AS key1, x1.c3 AS key2, count(1) AS cnt FROM tmp x1 WHERE x1.c2 > 100 GROUP BY x1.c3, x1.c1) yy
ON (xx.key1 = yy.key1 AND xx.key2 == yy.key2) ORDER BY xx.key1, xx.key2, yy.key1, yy.key2, xx.cnt, yy.cnt
PREHOOK: type: QUERY
POSTHOOK: query: EXPLAIN
SELECT xx.key1, xx.key2, yy.key1, yy.key2, xx.cnt, yy.cnt
FROM 
(SELECT x.c1 AS key1, x.c3 AS key2, count(1) AS cnt FROM tmp x WHERE x.c1 < 120 GROUP BY x.c3, x.c1) xx
JOIN
(SELECT x1.c1 AS key1, x1.c3 AS key2, count(1) AS cnt FROM tmp x1 WHERE x1.c2 > 100 GROUP BY x1.c3, x1.c1) yy
ON (xx.key1 = yy.key1 AND xx.key2 == yy.key2) ORDER BY xx.key1, xx.key2, yy.key1, yy.key2, xx.cnt, yy.cnt
POSTHOOK: type: QUERY
STAGE DEPENDENCIES:
  Stage-1 is a root stage
  Stage-2 depends on stages: Stage-1
  Stage-0 depends on stages: Stage-2

STAGE PLANS:
  Stage: Stage-1
    Map Reduce
      Map Operator Tree:
          TableScan
            alias: x
            Statistics: Num rows: 1028 Data size: 22964 Basic stats: COMPLETE Column stats: NONE
            Filter Operator
              predicate: ((c1 < 120) and c3 is not null) (type: boolean)
              Statistics: Num rows: 342 Data size: 7639 Basic stats: COMPLETE Column stats: NONE
              Group By Operator
                aggregations: count()
                keys: c1 (type: int), c3 (type: string)
                mode: hash
                outputColumnNames: _col0, _col1, _col2
                Statistics: Num rows: 342 Data size: 7639 Basic stats: COMPLETE Column stats: NONE
                Reduce Output Operator
                  key expressions: _col0 (type: int), _col1 (type: string)
                  sort order: ++
                  Map-reduce partition columns: _col0 (type: int), _col1 (type: string)
                  Statistics: Num rows: 342 Data size: 7639 Basic stats: COMPLETE Column stats: NONE
                  value expressions: _col2 (type: bigint)
          TableScan
            alias: x1
            Statistics: Num rows: 1028 Data size: 22964 Basic stats: COMPLETE Column stats: NONE
            Filter Operator
              predicate: ((c2 > 100) and (c1 < 120) and c3 is not null) (type: boolean)
              Statistics: Num rows: 114 Data size: 2546 Basic stats: COMPLETE Column stats: NONE
              Select Operator
                expressions: c1 (type: int), c3 (type: string)
                outputColumnNames: c1, c3
                Statistics: Num rows: 114 Data size: 2546 Basic stats: COMPLETE Column stats: NONE
                Group By Operator
                  aggregations: count()
                  keys: c1 (type: int), c3 (type: string)
                  mode: hash
                  outputColumnNames: _col0, _col1, _col2
                  Statistics: Num rows: 114 Data size: 2546 Basic stats: COMPLETE Column stats: NONE
                  Reduce Output Operator
                    key expressions: _col0 (type: int), _col1 (type: string)
                    sort order: ++
                    Map-reduce partition columns: _col0 (type: int), _col1 (type: string)
                    Statistics: Num rows: 114 Data size: 2546 Basic stats: COMPLETE Column stats: NONE
                    value expressions: _col2 (type: bigint)
      Reduce Operator Tree:
        Demux Operator
          Statistics: Num rows: 456 Data size: 10185 Basic stats: COMPLETE Column stats: NONE
          Group By Operator
            aggregations: count(VALUE._col0)
            keys: KEY._col0 (type: int), KEY._col1 (type: string)
            mode: mergepartial
            outputColumnNames: _col0, _col1, _col2
            Statistics: Num rows: 228 Data size: 5092 Basic stats: COMPLETE Column stats: NONE
            Mux Operator
              Statistics: Num rows: 456 Data size: 10184 Basic stats: COMPLETE Column stats: NONE
              Join Operator
                condition map:
                     Inner Join 0 to 1
                keys:
                  0 _col0 (type: int), _col1 (type: string)
                  1 _col0 (type: int), _col1 (type: string)
                outputColumnNames: _col0, _col1, _col2, _col3, _col4, _col5
                Statistics: Num rows: 0 Data size: 0 Basic stats: NONE Column stats: NONE
                Select Operator
                  expressions: _col0 (type: int), _col1 (type: string), _col3 (type: int), _col4 (type: string), _col2 (type: bigint), _col5 (type: bigint)
                  outputColumnNames: _col0, _col1, _col2, _col3, _col4, _col5
                  Statistics: Num rows: 0 Data size: 0 Basic stats: NONE Column stats: NONE
                  File Output Operator
                    compressed: false
                    table:
                        input format: org.apache.hadoop.mapred.SequenceFileInputFormat
                        output format: org.apache.hadoop.hive.ql.io.HiveSequenceFileOutputFormat
                        serde: org.apache.hadoop.hive.serde2.lazybinary.LazyBinarySerDe
          Group By Operator
            aggregations: count(VALUE._col0)
            keys: KEY._col0 (type: int), KEY._col1 (type: string)
            mode: mergepartial
            outputColumnNames: _col0, _col1, _col2
            Statistics: Num rows: 228 Data size: 5092 Basic stats: COMPLETE Column stats: NONE
            Mux Operator
              Statistics: Num rows: 456 Data size: 10184 Basic stats: COMPLETE Column stats: NONE
              Join Operator
                condition map:
                     Inner Join 0 to 1
                keys:
                  0 _col0 (type: int), _col1 (type: string)
                  1 _col0 (type: int), _col1 (type: string)
                outputColumnNames: _col0, _col1, _col2, _col3, _col4, _col5
                Statistics: Num rows: 0 Data size: 0 Basic stats: NONE Column stats: NONE
                Select Operator
                  expressions: _col0 (type: int), _col1 (type: string), _col3 (type: int), _col4 (type: string), _col2 (type: bigint), _col5 (type: bigint)
                  outputColumnNames: _col0, _col1, _col2, _col3, _col4, _col5
                  Statistics: Num rows: 0 Data size: 0 Basic stats: NONE Column stats: NONE
                  File Output Operator
                    compressed: false
                    table:
                        input format: org.apache.hadoop.mapred.SequenceFileInputFormat
                        output format: org.apache.hadoop.hive.ql.io.HiveSequenceFileOutputFormat
                        serde: org.apache.hadoop.hive.serde2.lazybinary.LazyBinarySerDe

  Stage: Stage-2
    Map Reduce
      Map Operator Tree:
          TableScan
            Reduce Output Operator
              key expressions: _col0 (type: int), _col1 (type: string), _col2 (type: int), _col3 (type: string), _col4 (type: bigint), _col5 (type: bigint)
              sort order: ++++++
              Statistics: Num rows: 0 Data size: 0 Basic stats: NONE Column stats: NONE
      Reduce Operator Tree:
        Select Operator
          expressions: KEY.reducesinkkey0 (type: int), KEY.reducesinkkey1 (type: string), KEY.reducesinkkey2 (type: int), KEY.reducesinkkey3 (type: string), KEY.reducesinkkey4 (type: bigint), KEY.reducesinkkey5 (type: bigint)
          outputColumnNames: _col0, _col1, _col2, _col3, _col4, _col5
          Statistics: Num rows: 0 Data size: 0 Basic stats: NONE Column stats: NONE
          File Output Operator
            compressed: false
            Statistics: Num rows: 0 Data size: 0 Basic stats: NONE Column stats: NONE
            table:
                input format: org.apache.hadoop.mapred.SequenceFileInputFormat
                output format: org.apache.hadoop.hive.ql.io.HiveSequenceFileOutputFormat
                serde: org.apache.hadoop.hive.serde2.lazy.LazySimpleSerDe

  Stage: Stage-0
    Fetch Operator
      limit: -1
      Processor Tree:
        ListSink

