PREHOOK: query: CREATE TABLE T1(key INT, val STRING)
PREHOOK: type: CREATETABLE
PREHOOK: Output: database:default
PREHOOK: Output: default@T1
POSTHOOK: query: CREATE TABLE T1(key INT, val STRING)
POSTHOOK: type: CREATETABLE
POSTHOOK: Output: database:default
POSTHOOK: Output: default@T1
PREHOOK: query: LOAD DATA LOCAL INPATH '../../data/files/kv1.txt' INTO TABLE T1
PREHOOK: type: LOAD
#### A masked pattern was here ####
PREHOOK: Output: default@t1
POSTHOOK: query: LOAD DATA LOCAL INPATH '../../data/files/kv1.txt' INTO TABLE T1
POSTHOOK: type: LOAD
#### A masked pattern was here ####
POSTHOOK: Output: default@t1
PREHOOK: query: CREATE TABLE T2(key INT, val STRING)
PREHOOK: type: CREATETABLE
PREHOOK: Output: database:default
PREHOOK: Output: default@T2
POSTHOOK: query: CREATE TABLE T2(key INT, val STRING)
POSTHOOK: type: CREATETABLE
POSTHOOK: Output: database:default
POSTHOOK: Output: default@T2
PREHOOK: query: LOAD DATA LOCAL INPATH '../../data/files/kv2.txt' INTO TABLE T2
PREHOOK: type: LOAD
#### A masked pattern was here ####
PREHOOK: Output: default@t2
POSTHOOK: query: LOAD DATA LOCAL INPATH '../../data/files/kv2.txt' INTO TABLE T2
POSTHOOK: type: LOAD
#### A masked pattern was here ####
POSTHOOK: Output: default@t2
PREHOOK: query: CREATE TABLE T3(key INT, val STRING)
PREHOOK: type: CREATETABLE
PREHOOK: Output: database:default
PREHOOK: Output: default@T3
POSTHOOK: query: CREATE TABLE T3(key INT, val STRING)
POSTHOOK: type: CREATETABLE
POSTHOOK: Output: database:default
POSTHOOK: Output: default@T3
PREHOOK: query: LOAD DATA LOCAL INPATH '../../data/files/kv3.txt' INTO TABLE T3
PREHOOK: type: LOAD
#### A masked pattern was here ####
PREHOOK: Output: default@t3
POSTHOOK: query: LOAD DATA LOCAL INPATH '../../data/files/kv3.txt' INTO TABLE T3
POSTHOOK: type: LOAD
#### A masked pattern was here ####
POSTHOOK: Output: default@t3
PREHOOK: query: CREATE TABLE T4(key INT, val STRING)
PREHOOK: type: CREATETABLE
PREHOOK: Output: database:default
PREHOOK: Output: default@T4
POSTHOOK: query: CREATE TABLE T4(key INT, val STRING)
POSTHOOK: type: CREATETABLE
POSTHOOK: Output: database:default
POSTHOOK: Output: default@T4
PREHOOK: query: LOAD DATA LOCAL INPATH '../../data/files/kv5.txt' INTO TABLE T4
PREHOOK: type: LOAD
#### A masked pattern was here ####
PREHOOK: Output: default@t4
POSTHOOK: query: LOAD DATA LOCAL INPATH '../../data/files/kv5.txt' INTO TABLE T4
POSTHOOK: type: LOAD
#### A masked pattern was here ####
POSTHOOK: Output: default@t4
PREHOOK: query: CREATE TABLE dest_co1(key INT, val STRING)
PREHOOK: type: CREATETABLE
PREHOOK: Output: database:default
PREHOOK: Output: default@dest_co1
POSTHOOK: query: CREATE TABLE dest_co1(key INT, val STRING)
POSTHOOK: type: CREATETABLE
POSTHOOK: Output: database:default
POSTHOOK: Output: default@dest_co1
PREHOOK: query: CREATE TABLE dest_co2(key INT, val STRING)
PREHOOK: type: CREATETABLE
PREHOOK: Output: database:default
PREHOOK: Output: default@dest_co2
POSTHOOK: query: CREATE TABLE dest_co2(key INT, val STRING)
POSTHOOK: type: CREATETABLE
POSTHOOK: Output: database:default
POSTHOOK: Output: default@dest_co2
PREHOOK: query: CREATE TABLE dest_co3(key INT, val STRING)
PREHOOK: type: CREATETABLE
PREHOOK: Output: database:default
PREHOOK: Output: default@dest_co3
POSTHOOK: query: CREATE TABLE dest_co3(key INT, val STRING)
POSTHOOK: type: CREATETABLE
POSTHOOK: Output: database:default
POSTHOOK: Output: default@dest_co3
PREHOOK: query: EXPLAIN
INSERT OVERWRITE TABLE dest_co1
SELECT b.key, d.val
FROM
(SELECT x.key, x.val FROM T1 x JOIN T2 y ON (x.key = y.key)) b
JOIN
(SELECT m.key, n.val FROM T3 m JOIN T4 n ON (m.key = n.key)) d
ON b.key = d.key
PREHOOK: type: QUERY
POSTHOOK: query: EXPLAIN
INSERT OVERWRITE TABLE dest_co1
SELECT b.key, d.val
FROM
(SELECT x.key, x.val FROM T1 x JOIN T2 y ON (x.key = y.key)) b
JOIN
(SELECT m.key, n.val FROM T3 m JOIN T4 n ON (m.key = n.key)) d
ON b.key = d.key
POSTHOOK: type: QUERY
STAGE DEPENDENCIES:
  Stage-1 is a root stage
  Stage-2 depends on stages: Stage-1, Stage-5
  Stage-0 depends on stages: Stage-2
  Stage-3 depends on stages: Stage-0
  Stage-5 is a root stage

STAGE PLANS:
  Stage: Stage-1
    Map Reduce
      Map Operator Tree:
          TableScan
            alias: n
            Statistics: Num rows: 1 Data size: 2800 Basic stats: COMPLETE Column stats: NONE
            Filter Operator
              predicate: key is not null (type: boolean)
              Statistics: Num rows: 1 Data size: 2800 Basic stats: COMPLETE Column stats: NONE
              Select Operator
                expressions: key (type: int), val (type: string)
                outputColumnNames: _col0, _col1
                Statistics: Num rows: 1 Data size: 2800 Basic stats: COMPLETE Column stats: NONE
                Reduce Output Operator
                  key expressions: _col0 (type: int)
                  sort order: +
                  Map-reduce partition columns: _col0 (type: int)
                  Statistics: Num rows: 1 Data size: 2800 Basic stats: COMPLETE Column stats: NONE
                  value expressions: _col1 (type: string)
          TableScan
            alias: m
            Statistics: Num rows: 1 Data size: 2160 Basic stats: COMPLETE Column stats: NONE
            Filter Operator
              predicate: key is not null (type: boolean)
              Statistics: Num rows: 1 Data size: 2160 Basic stats: COMPLETE Column stats: NONE
              Select Operator
                expressions: key (type: int)
                outputColumnNames: _col0
                Statistics: Num rows: 1 Data size: 2160 Basic stats: COMPLETE Column stats: NONE
                Reduce Output Operator
                  key expressions: _col0 (type: int)
                  sort order: +
                  Map-reduce partition columns: _col0 (type: int)
                  Statistics: Num rows: 1 Data size: 2160 Basic stats: COMPLETE Column stats: NONE
      Reduce Operator Tree:
        Join Operator
          condition map:
               Inner Join 0 to 1
          keys:
            0 _col0 (type: int)
            1 _col0 (type: int)
          outputColumnNames: _col1, _col2
          Statistics: Num rows: 1 Data size: 3080 Basic stats: COMPLETE Column stats: NONE
          Select Operator
            expressions: _col2 (type: int), _col1 (type: string)
            outputColumnNames: _col0, _col1
            Statistics: Num rows: 1 Data size: 3080 Basic stats: COMPLETE Column stats: NONE
            File Output Operator
              compressed: false
              table:
                  input format: org.apache.hadoop.mapred.SequenceFileInputFormat
                  output format: org.apache.hadoop.hive.ql.io.HiveSequenceFileOutputFormat
                  serde: org.apache.hadoop.hive.serde2.lazybinary.LazyBinarySerDe

  Stage: Stage-2
    Map Reduce
      Map Operator Tree:
          TableScan
            Reduce Output Operator
              key expressions: _col0 (type: int)
              sort order: +
              Map-reduce partition columns: _col0 (type: int)
              Statistics: Num rows: 1 Data size: 3080 Basic stats: COMPLETE Column stats: NONE
              value expressions: _col1 (type: string)
          TableScan
            Reduce Output Operator
              key expressions: _col0 (type: int)
              sort order: +
              Map-reduce partition columns: _col0 (type: int)
              Statistics: Num rows: 1 Data size: 63932 Basic stats: COMPLETE Column stats: NONE
      Reduce Operator Tree:
        Join Operator
          condition map:
               Inner Join 0 to 1
          keys:
            0 _col0 (type: int)
            1 _col0 (type: int)
          outputColumnNames: _col1, _col2
          Statistics: Num rows: 1 Data size: 3388 Basic stats: COMPLETE Column stats: NONE
          Select Operator
            expressions: _col2 (type: int), _col1 (type: string)
            outputColumnNames: _col0, _col1
            Statistics: Num rows: 1 Data size: 3388 Basic stats: COMPLETE Column stats: NONE
            File Output Operator
              compressed: false
              Statistics: Num rows: 1 Data size: 3388 Basic stats: COMPLETE Column stats: NONE
              table:
                  input format: org.apache.hadoop.mapred.TextInputFormat
                  output format: org.apache.hadoop.hive.ql.io.HiveIgnoreKeyTextOutputFormat
                  serde: org.apache.hadoop.hive.serde2.lazy.LazySimpleSerDe
                  name: default.dest_co1

  Stage: Stage-0
    Move Operator
      tables:
          replace: true
          table:
              input format: org.apache.hadoop.mapred.TextInputFormat
              output format: org.apache.hadoop.hive.ql.io.HiveIgnoreKeyTextOutputFormat
              serde: org.apache.hadoop.hive.serde2.lazy.LazySimpleSerDe
              name: default.dest_co1

  Stage: Stage-3
    Stats Work
      Basic Stats Work:

  Stage: Stage-5
    Map Reduce
      Map Operator Tree:
          TableScan
            alias: x
            Statistics: Num rows: 1 Data size: 58120 Basic stats: COMPLETE Column stats: NONE
            Filter Operator
              predicate: key is not null (type: boolean)
              Statistics: Num rows: 1 Data size: 58120 Basic stats: COMPLETE Column stats: NONE
              Select Operator
                expressions: key (type: int)
                outputColumnNames: _col0
                Statistics: Num rows: 1 Data size: 58120 Basic stats: COMPLETE Column stats: NONE
                Reduce Output Operator
                  key expressions: _col0 (type: int)
                  sort order: +
                  Map-reduce partition columns: _col0 (type: int)
                  Statistics: Num rows: 1 Data size: 58120 Basic stats: COMPLETE Column stats: NONE
          TableScan
            alias: y
            Statistics: Num rows: 1 Data size: 57910 Basic stats: COMPLETE Column stats: NONE
            Filter Operator
              predicate: key is not null (type: boolean)
              Statistics: Num rows: 1 Data size: 57910 Basic stats: COMPLETE Column stats: NONE
              Select Operator
                expressions: key (type: int)
                outputColumnNames: _col0
                Statistics: Num rows: 1 Data size: 57910 Basic stats: COMPLETE Column stats: NONE
                Reduce Output Operator
                  key expressions: _col0 (type: int)
                  sort order: +
                  Map-reduce partition columns: _col0 (type: int)
                  Statistics: Num rows: 1 Data size: 57910 Basic stats: COMPLETE Column stats: NONE
      Reduce Operator Tree:
        Join Operator
          condition map:
               Inner Join 0 to 1
          keys:
            0 _col0 (type: int)
            1 _col0 (type: int)
          outputColumnNames: _col0
          Statistics: Num rows: 1 Data size: 63932 Basic stats: COMPLETE Column stats: NONE
          File Output Operator
            compressed: false
            table:
                input format: org.apache.hadoop.mapred.SequenceFileInputFormat
                output format: org.apache.hadoop.hive.ql.io.HiveSequenceFileOutputFormat
                serde: org.apache.hadoop.hive.serde2.lazybinary.LazyBinarySerDe

PREHOOK: query: INSERT OVERWRITE TABLE dest_co1
SELECT b.key, d.val
FROM
(SELECT x.key, x.val FROM T1 x JOIN T2 y ON (x.key = y.key)) b
JOIN
(SELECT m.key, n.val FROM T3 m JOIN T4 n ON (m.key = n.key)) d
ON b.key = d.key
PREHOOK: type: QUERY
PREHOOK: Input: default@t1
PREHOOK: Input: default@t2
PREHOOK: Input: default@t3
PREHOOK: Input: default@t4
PREHOOK: Output: default@dest_co1
POSTHOOK: query: INSERT OVERWRITE TABLE dest_co1
SELECT b.key, d.val
FROM
(SELECT x.key, x.val FROM T1 x JOIN T2 y ON (x.key = y.key)) b
JOIN
(SELECT m.key, n.val FROM T3 m JOIN T4 n ON (m.key = n.key)) d
ON b.key = d.key
POSTHOOK: type: QUERY
POSTHOOK: Input: default@t1
POSTHOOK: Input: default@t2
POSTHOOK: Input: default@t3
POSTHOOK: Input: default@t4
POSTHOOK: Output: default@dest_co1
POSTHOOK: Lineage: dest_co1.key SIMPLE [(t1)x.FieldSchema(name:key, type:int, comment:null), ]
POSTHOOK: Lineage: dest_co1.val SIMPLE [(t4)n.FieldSchema(name:val, type:string, comment:null), ]
PREHOOK: query: EXPLAIN
INSERT OVERWRITE TABLE dest_co2
SELECT b.key, d.val
FROM
(SELECT x.key, x.val FROM T1 x JOIN T2 y ON (x.key = y.key)) b
JOIN
(SELECT m.key, n.val FROM T3 m JOIN T4 n ON (m.key = n.key)) d
ON b.key = d.key
PREHOOK: type: QUERY
POSTHOOK: query: EXPLAIN
INSERT OVERWRITE TABLE dest_co2
SELECT b.key, d.val
FROM
(SELECT x.key, x.val FROM T1 x JOIN T2 y ON (x.key = y.key)) b
JOIN
(SELECT m.key, n.val FROM T3 m JOIN T4 n ON (m.key = n.key)) d
ON b.key = d.key
POSTHOOK: type: QUERY
STAGE DEPENDENCIES:
  Stage-1 is a root stage
  Stage-0 depends on stages: Stage-1
  Stage-2 depends on stages: Stage-0

STAGE PLANS:
  Stage: Stage-1
    Map Reduce
      Map Operator Tree:
          TableScan
            alias: n
            Statistics: Num rows: 1 Data size: 2800 Basic stats: COMPLETE Column stats: NONE
            Filter Operator
              predicate: key is not null (type: boolean)
              Statistics: Num rows: 1 Data size: 2800 Basic stats: COMPLETE Column stats: NONE
              Select Operator
                expressions: key (type: int), val (type: string)
                outputColumnNames: _col0, _col1
                Statistics: Num rows: 1 Data size: 2800 Basic stats: COMPLETE Column stats: NONE
                Reduce Output Operator
                  key expressions: _col0 (type: int)
                  sort order: +
                  Map-reduce partition columns: _col0 (type: int)
                  Statistics: Num rows: 1 Data size: 2800 Basic stats: COMPLETE Column stats: NONE
                  value expressions: _col1 (type: string)
          TableScan
            alias: m
            Statistics: Num rows: 1 Data size: 2160 Basic stats: COMPLETE Column stats: NONE
            Filter Operator
              predicate: key is not null (type: boolean)
              Statistics: Num rows: 1 Data size: 2160 Basic stats: COMPLETE Column stats: NONE
              Select Operator
                expressions: key (type: int)
                outputColumnNames: _col0
                Statistics: Num rows: 1 Data size: 2160 Basic stats: COMPLETE Column stats: NONE
                Reduce Output Operator
                  key expressions: _col0 (type: int)
                  sort order: +
                  Map-reduce partition columns: _col0 (type: int)
                  Statistics: Num rows: 1 Data size: 2160 Basic stats: COMPLETE Column stats: NONE
          TableScan
            alias: x
            Statistics: Num rows: 1 Data size: 58120 Basic stats: COMPLETE Column stats: NONE
            Filter Operator
              predicate: key is not null (type: boolean)
              Statistics: Num rows: 1 Data size: 58120 Basic stats: COMPLETE Column stats: NONE
              Select Operator
                expressions: key (type: int)
                outputColumnNames: _col0
                Statistics: Num rows: 1 Data size: 58120 Basic stats: COMPLETE Column stats: NONE
                Reduce Output Operator
                  key expressions: _col0 (type: int)
                  sort order: +
                  Map-reduce partition columns: _col0 (type: int)
                  Statistics: Num rows: 1 Data size: 58120 Basic stats: COMPLETE Column stats: NONE
          TableScan
            alias: y
            Statistics: Num rows: 1 Data size: 57910 Basic stats: COMPLETE Column stats: NONE
            Filter Operator
              predicate: key is not null (type: boolean)
              Statistics: Num rows: 1 Data size: 57910 Basic stats: COMPLETE Column stats: NONE
              Select Operator
                expressions: key (type: int)
                outputColumnNames: _col0
                Statistics: Num rows: 1 Data size: 57910 Basic stats: COMPLETE Column stats: NONE
                Reduce Output Operator
                  key expressions: _col0 (type: int)
                  sort order: +
                  Map-reduce partition columns: _col0 (type: int)
                  Statistics: Num rows: 1 Data size: 57910 Basic stats: COMPLETE Column stats: NONE
      Reduce Operator Tree:
        Demux Operator
          Statistics: Num rows: 4 Data size: 120990 Basic stats: COMPLETE Column stats: NONE
          Join Operator
            condition map:
                 Inner Join 0 to 1
            keys:
              0 _col0 (type: int)
              1 _col0 (type: int)
            outputColumnNames: _col1, _col2
            Statistics: Num rows: 4 Data size: 133089 Basic stats: COMPLETE Column stats: NONE
            Select Operator
              expressions: _col2 (type: int), _col1 (type: string)
              outputColumnNames: _col0, _col1
              Statistics: Num rows: 4 Data size: 133089 Basic stats: COMPLETE Column stats: NONE
              Mux Operator
                Statistics: Num rows: 8 Data size: 266178 Basic stats: COMPLETE Column stats: NONE
                Join Operator
                  condition map:
                       Inner Join 0 to 1
                  keys:
                    0 _col0 (type: int)
                    1 _col0 (type: int)
                  outputColumnNames: _col1, _col2
                  Statistics: Num rows: 8 Data size: 292795 Basic stats: COMPLETE Column stats: NONE
                  Select Operator
                    expressions: _col2 (type: int), _col1 (type: string)
                    outputColumnNames: _col0, _col1
                    Statistics: Num rows: 8 Data size: 292795 Basic stats: COMPLETE Column stats: NONE
                    File Output Operator
                      compressed: false
                      Statistics: Num rows: 8 Data size: 292795 Basic stats: COMPLETE Column stats: NONE
                      table:
                          input format: org.apache.hadoop.mapred.TextInputFormat
                          output format: org.apache.hadoop.hive.ql.io.HiveIgnoreKeyTextOutputFormat
                          serde: org.apache.hadoop.hive.serde2.lazy.LazySimpleSerDe
                          name: default.dest_co2
          Join Operator
            condition map:
                 Inner Join 0 to 1
            keys:
              0 _col0 (type: int)
              1 _col0 (type: int)
            outputColumnNames: _col0
            Statistics: Num rows: 4 Data size: 133089 Basic stats: COMPLETE Column stats: NONE
            Mux Operator
              Statistics: Num rows: 8 Data size: 266178 Basic stats: COMPLETE Column stats: NONE
              Join Operator
                condition map:
                     Inner Join 0 to 1
                keys:
                  0 _col0 (type: int)
                  1 _col0 (type: int)
                outputColumnNames: _col1, _col2
                Statistics: Num rows: 8 Data size: 292795 Basic stats: COMPLETE Column stats: NONE
                Select Operator
                  expressions: _col2 (type: int), _col1 (type: string)
                  outputColumnNames: _col0, _col1
                  Statistics: Num rows: 8 Data size: 292795 Basic stats: COMPLETE Column stats: NONE
                  File Output Operator
                    compressed: false
                    Statistics: Num rows: 8 Data size: 292795 Basic stats: COMPLETE Column stats: NONE
                    table:
                        input format: org.apache.hadoop.mapred.TextInputFormat
                        output format: org.apache.hadoop.hive.ql.io.HiveIgnoreKeyTextOutputFormat
                        serde: org.apache.hadoop.hive.serde2.lazy.LazySimpleSerDe
                        name: default.dest_co2

  Stage: Stage-0
    Move Operator
      tables:
          replace: true
          table:
              input format: org.apache.hadoop.mapred.TextInputFormat
              output format: org.apache.hadoop.hive.ql.io.HiveIgnoreKeyTextOutputFormat
              serde: org.apache.hadoop.hive.serde2.lazy.LazySimpleSerDe
              name: default.dest_co2

  Stage: Stage-2
    Stats Work
      Basic Stats Work:

PREHOOK: query: INSERT OVERWRITE TABLE dest_co2
SELECT b.key, d.val
FROM
(SELECT x.key, x.val FROM T1 x JOIN T2 y ON (x.key = y.key)) b
JOIN
(SELECT m.key, n.val FROM T3 m JOIN T4 n ON (m.key = n.key)) d
ON b.key = d.key
PREHOOK: type: QUERY
PREHOOK: Input: default@t1
PREHOOK: Input: default@t2
PREHOOK: Input: default@t3
PREHOOK: Input: default@t4
PREHOOK: Output: default@dest_co2
POSTHOOK: query: INSERT OVERWRITE TABLE dest_co2
SELECT b.key, d.val
FROM
(SELECT x.key, x.val FROM T1 x JOIN T2 y ON (x.key = y.key)) b
JOIN
(SELECT m.key, n.val FROM T3 m JOIN T4 n ON (m.key = n.key)) d
ON b.key = d.key
POSTHOOK: type: QUERY
POSTHOOK: Input: default@t1
POSTHOOK: Input: default@t2
POSTHOOK: Input: default@t3
POSTHOOK: Input: default@t4
POSTHOOK: Output: default@dest_co2
POSTHOOK: Lineage: dest_co2.key SIMPLE [(t1)x.FieldSchema(name:key, type:int, comment:null), ]
POSTHOOK: Lineage: dest_co2.val SIMPLE [(t4)n.FieldSchema(name:val, type:string, comment:null), ]
PREHOOK: query: EXPLAIN
INSERT OVERWRITE TABLE dest_co3
SELECT b.key, d.val
FROM
(SELECT x.key, x.val FROM T1 x JOIN T2 y ON (x.key = y.key)) b
JOIN
(SELECT m.key, n.val FROM T3 m JOIN T4 n ON (m.key = n.key)) d
ON b.key = d.key
PREHOOK: type: QUERY
POSTHOOK: query: EXPLAIN
INSERT OVERWRITE TABLE dest_co3
SELECT b.key, d.val
FROM
(SELECT x.key, x.val FROM T1 x JOIN T2 y ON (x.key = y.key)) b
JOIN
(SELECT m.key, n.val FROM T3 m JOIN T4 n ON (m.key = n.key)) d
ON b.key = d.key
POSTHOOK: type: QUERY
STAGE DEPENDENCIES:
  Stage-14 is a root stage
  Stage-10 depends on stages: Stage-14
  Stage-9 depends on stages: Stage-10, Stage-11 , consists of Stage-12, Stage-13, Stage-2
  Stage-12 has a backup stage: Stage-2
  Stage-7 depends on stages: Stage-12
  Stage-0 depends on stages: Stage-2, Stage-7, Stage-8
  Stage-3 depends on stages: Stage-0
  Stage-13 has a backup stage: Stage-2
  Stage-8 depends on stages: Stage-13
  Stage-2
  Stage-15 is a root stage
  Stage-11 depends on stages: Stage-15

STAGE PLANS:
  Stage: Stage-14
    Map Reduce Local Work
      Alias -> Map Local Tables:
        $hdt$_0:$hdt$_1:m 
          Fetch Operator
            limit: -1
      Alias -> Map Local Operator Tree:
        $hdt$_0:$hdt$_1:m 
          TableScan
            alias: m
            Statistics: Num rows: 1 Data size: 2160 Basic stats: COMPLETE Column stats: NONE
            Filter Operator
              predicate: key is not null (type: boolean)
              Statistics: Num rows: 1 Data size: 2160 Basic stats: COMPLETE Column stats: NONE
              Select Operator
                expressions: key (type: int)
                outputColumnNames: _col0
                Statistics: Num rows: 1 Data size: 2160 Basic stats: COMPLETE Column stats: NONE
                HashTable Sink Operator
                  keys:
                    0 _col0 (type: int)
                    1 _col0 (type: int)

  Stage: Stage-10
    Map Reduce
      Map Operator Tree:
          TableScan
            alias: n
            Statistics: Num rows: 1 Data size: 2800 Basic stats: COMPLETE Column stats: NONE
            Filter Operator
              predicate: key is not null (type: boolean)
              Statistics: Num rows: 1 Data size: 2800 Basic stats: COMPLETE Column stats: NONE
              Select Operator
                expressions: key (type: int), val (type: string)
                outputColumnNames: _col0, _col1
                Statistics: Num rows: 1 Data size: 2800 Basic stats: COMPLETE Column stats: NONE
                Map Join Operator
                  condition map:
                       Inner Join 0 to 1
                  keys:
                    0 _col0 (type: int)
                    1 _col0 (type: int)
                  outputColumnNames: _col1, _col2
                  Statistics: Num rows: 1 Data size: 3080 Basic stats: COMPLETE Column stats: NONE
                  Select Operator
                    expressions: _col2 (type: int), _col1 (type: string)
                    outputColumnNames: _col0, _col1
                    Statistics: Num rows: 1 Data size: 3080 Basic stats: COMPLETE Column stats: NONE
                    File Output Operator
                      compressed: false
                      table:
                          input format: org.apache.hadoop.mapred.SequenceFileInputFormat
                          output format: org.apache.hadoop.hive.ql.io.HiveSequenceFileOutputFormat
                          serde: org.apache.hadoop.hive.serde2.lazybinary.LazyBinarySerDe
      Execution mode: vectorized
      Local Work:
        Map Reduce Local Work

  Stage: Stage-9
    Conditional Operator

  Stage: Stage-12
    Map Reduce Local Work
      Alias -> Map Local Tables:
        $INTNAME1 
          Fetch Operator
            limit: -1
      Alias -> Map Local Operator Tree:
        $INTNAME1 
          TableScan
            HashTable Sink Operator
              keys:
                0 _col0 (type: int)
                1 _col0 (type: int)

  Stage: Stage-7
    Map Reduce
      Map Operator Tree:
          TableScan
            Map Join Operator
              condition map:
                   Inner Join 0 to 1
              keys:
                0 _col0 (type: int)
                1 _col0 (type: int)
              outputColumnNames: _col1, _col2
              Statistics: Num rows: 1 Data size: 3388 Basic stats: COMPLETE Column stats: NONE
              Select Operator
                expressions: _col2 (type: int), _col1 (type: string)
                outputColumnNames: _col0, _col1
                Statistics: Num rows: 1 Data size: 3388 Basic stats: COMPLETE Column stats: NONE
                File Output Operator
                  compressed: false
                  Statistics: Num rows: 1 Data size: 3388 Basic stats: COMPLETE Column stats: NONE
                  table:
                      input format: org.apache.hadoop.mapred.TextInputFormat
                      output format: org.apache.hadoop.hive.ql.io.HiveIgnoreKeyTextOutputFormat
                      serde: org.apache.hadoop.hive.serde2.lazy.LazySimpleSerDe
                      name: default.dest_co3
      Execution mode: vectorized
      Local Work:
        Map Reduce Local Work

  Stage: Stage-0
    Move Operator
      tables:
          replace: true
          table:
              input format: org.apache.hadoop.mapred.TextInputFormat
              output format: org.apache.hadoop.hive.ql.io.HiveIgnoreKeyTextOutputFormat
              serde: org.apache.hadoop.hive.serde2.lazy.LazySimpleSerDe
              name: default.dest_co3

  Stage: Stage-3
    Stats Work
      Basic Stats Work:

  Stage: Stage-13
    Map Reduce Local Work
      Alias -> Map Local Tables:
        $INTNAME 
          Fetch Operator
            limit: -1
      Alias -> Map Local Operator Tree:
        $INTNAME 
          TableScan
            HashTable Sink Operator
              keys:
                0 _col0 (type: int)
                1 _col0 (type: int)

  Stage: Stage-8
    Map Reduce
      Map Operator Tree:
          TableScan
            Map Join Operator
              condition map:
                   Inner Join 0 to 1
              keys:
                0 _col0 (type: int)
                1 _col0 (type: int)
              outputColumnNames: _col1, _col2
              Statistics: Num rows: 1 Data size: 3388 Basic stats: COMPLETE Column stats: NONE
              Select Operator
                expressions: _col2 (type: int), _col1 (type: string)
                outputColumnNames: _col0, _col1
                Statistics: Num rows: 1 Data size: 3388 Basic stats: COMPLETE Column stats: NONE
                File Output Operator
                  compressed: false
                  Statistics: Num rows: 1 Data size: 3388 Basic stats: COMPLETE Column stats: NONE
                  table:
                      input format: org.apache.hadoop.mapred.TextInputFormat
                      output format: org.apache.hadoop.hive.ql.io.HiveIgnoreKeyTextOutputFormat
                      serde: org.apache.hadoop.hive.serde2.lazy.LazySimpleSerDe
                      name: default.dest_co3
      Execution mode: vectorized
      Local Work:
        Map Reduce Local Work

  Stage: Stage-2
    Map Reduce
      Map Operator Tree:
          TableScan
            Reduce Output Operator
              key expressions: _col0 (type: int)
              sort order: +
              Map-reduce partition columns: _col0 (type: int)
              Statistics: Num rows: 1 Data size: 3080 Basic stats: COMPLETE Column stats: NONE
              value expressions: _col1 (type: string)
          TableScan
            Reduce Output Operator
              key expressions: _col0 (type: int)
              sort order: +
              Map-reduce partition columns: _col0 (type: int)
              Statistics: Num rows: 1 Data size: 63932 Basic stats: COMPLETE Column stats: NONE
      Reduce Operator Tree:
        Join Operator
          condition map:
               Inner Join 0 to 1
          keys:
            0 _col0 (type: int)
            1 _col0 (type: int)
          outputColumnNames: _col1, _col2
          Statistics: Num rows: 1 Data size: 3388 Basic stats: COMPLETE Column stats: NONE
          Select Operator
            expressions: _col2 (type: int), _col1 (type: string)
            outputColumnNames: _col0, _col1
            Statistics: Num rows: 1 Data size: 3388 Basic stats: COMPLETE Column stats: NONE
            File Output Operator
              compressed: false
              Statistics: Num rows: 1 Data size: 3388 Basic stats: COMPLETE Column stats: NONE
              table:
                  input format: org.apache.hadoop.mapred.TextInputFormat
                  output format: org.apache.hadoop.hive.ql.io.HiveIgnoreKeyTextOutputFormat
                  serde: org.apache.hadoop.hive.serde2.lazy.LazySimpleSerDe
                  name: default.dest_co3

  Stage: Stage-15
    Map Reduce Local Work
      Alias -> Map Local Tables:
        $hdt$_1:$hdt$_2:y 
          Fetch Operator
            limit: -1
      Alias -> Map Local Operator Tree:
        $hdt$_1:$hdt$_2:y 
          TableScan
            alias: y
            Statistics: Num rows: 1 Data size: 57910 Basic stats: COMPLETE Column stats: NONE
            Filter Operator
              predicate: key is not null (type: boolean)
              Statistics: Num rows: 1 Data size: 57910 Basic stats: COMPLETE Column stats: NONE
              Select Operator
                expressions: key (type: int)
                outputColumnNames: _col0
                Statistics: Num rows: 1 Data size: 57910 Basic stats: COMPLETE Column stats: NONE
                HashTable Sink Operator
                  keys:
                    0 _col0 (type: int)
                    1 _col0 (type: int)

  Stage: Stage-11
    Map Reduce
      Map Operator Tree:
          TableScan
            alias: x
            Statistics: Num rows: 1 Data size: 58120 Basic stats: COMPLETE Column stats: NONE
            Filter Operator
              predicate: key is not null (type: boolean)
              Statistics: Num rows: 1 Data size: 58120 Basic stats: COMPLETE Column stats: NONE
              Select Operator
                expressions: key (type: int)
                outputColumnNames: _col0
                Statistics: Num rows: 1 Data size: 58120 Basic stats: COMPLETE Column stats: NONE
                Map Join Operator
                  condition map:
                       Inner Join 0 to 1
                  keys:
                    0 _col0 (type: int)
                    1 _col0 (type: int)
                  outputColumnNames: _col0
                  Statistics: Num rows: 1 Data size: 63932 Basic stats: COMPLETE Column stats: NONE
                  File Output Operator
                    compressed: false
                    table:
                        input format: org.apache.hadoop.mapred.SequenceFileInputFormat
                        output format: org.apache.hadoop.hive.ql.io.HiveSequenceFileOutputFormat
                        serde: org.apache.hadoop.hive.serde2.lazybinary.LazyBinarySerDe
      Execution mode: vectorized
      Local Work:
        Map Reduce Local Work

PREHOOK: query: INSERT OVERWRITE TABLE dest_co3
SELECT b.key, d.val
FROM
(SELECT x.key, x.val FROM T1 x JOIN T2 y ON (x.key = y.key)) b
JOIN
(SELECT m.key, n.val FROM T3 m JOIN T4 n ON (m.key = n.key)) d
ON b.key = d.key
PREHOOK: type: QUERY
PREHOOK: Input: default@t1
PREHOOK: Input: default@t2
PREHOOK: Input: default@t3
PREHOOK: Input: default@t4
PREHOOK: Output: default@dest_co3
POSTHOOK: query: INSERT OVERWRITE TABLE dest_co3
SELECT b.key, d.val
FROM
(SELECT x.key, x.val FROM T1 x JOIN T2 y ON (x.key = y.key)) b
JOIN
(SELECT m.key, n.val FROM T3 m JOIN T4 n ON (m.key = n.key)) d
ON b.key = d.key
POSTHOOK: type: QUERY
POSTHOOK: Input: default@t1
POSTHOOK: Input: default@t2
POSTHOOK: Input: default@t3
POSTHOOK: Input: default@t4
POSTHOOK: Output: default@dest_co3
POSTHOOK: Lineage: dest_co3.key SIMPLE [(t1)x.FieldSchema(name:key, type:int, comment:null), ]
POSTHOOK: Lineage: dest_co3.val SIMPLE [(t4)n.FieldSchema(name:val, type:string, comment:null), ]
PREHOOK: query: SELECT SUM(HASH(key)), SUM(HASH(val)) FROM dest_co1
PREHOOK: type: QUERY
PREHOOK: Input: default@dest_co1
#### A masked pattern was here ####
POSTHOOK: query: SELECT SUM(HASH(key)), SUM(HASH(val)) FROM dest_co1
POSTHOOK: type: QUERY
POSTHOOK: Input: default@dest_co1
#### A masked pattern was here ####
8409	7619696771
PREHOOK: query: SELECT SUM(HASH(key)), SUM(HASH(val)) FROM dest_co2
PREHOOK: type: QUERY
PREHOOK: Input: default@dest_co2
#### A masked pattern was here ####
POSTHOOK: query: SELECT SUM(HASH(key)), SUM(HASH(val)) FROM dest_co2
POSTHOOK: type: QUERY
POSTHOOK: Input: default@dest_co2
#### A masked pattern was here ####
8409	7619696771
PREHOOK: query: SELECT SUM(HASH(key)), SUM(HASH(val)) FROM dest_co3
PREHOOK: type: QUERY
PREHOOK: Input: default@dest_co3
#### A masked pattern was here ####
POSTHOOK: query: SELECT SUM(HASH(key)), SUM(HASH(val)) FROM dest_co3
POSTHOOK: type: QUERY
POSTHOOK: Input: default@dest_co3
#### A masked pattern was here ####
8409	7619696771
