PREHOOK: query: EXPLAIN
SELECT xx.key, xx.cnt
FROM
(SELECT x.key as key, count(1) as cnt FROM src1 x JOIN src1 y ON (x.key = y.key) group by x.key) xx
LEFT SEMI JOIN src yy
ON xx.key=yy.key
PREHOOK: type: QUERY
POSTHOOK: query: EXPLAIN
SELECT xx.key, xx.cnt
FROM
(SELECT x.key as key, count(1) as cnt FROM src1 x JOIN src1 y ON (x.key = y.key) group by x.key) xx
LEFT SEMI JOIN src yy
ON xx.key=yy.key
POSTHOOK: type: QUERY
STAGE DEPENDENCIES:
  Stage-1 is a root stage
  Stage-2 depends on stages: Stage-1
  Stage-3 depends on stages: Stage-2
  Stage-0 depends on stages: Stage-3

STAGE PLANS:
  Stage: Stage-1
    Map Reduce
      Map Operator Tree:
          TableScan
            alias: x
            Statistics: Num rows: 25 Data size: 191 Basic stats: COMPLETE Column stats: NONE
            Filter Operator
              predicate: key is not null (type: boolean)
              Statistics: Num rows: 25 Data size: 191 Basic stats: COMPLETE Column stats: NONE
              Select Operator
                expressions: key (type: string)
                outputColumnNames: _col0
                Statistics: Num rows: 25 Data size: 191 Basic stats: COMPLETE Column stats: NONE
                Reduce Output Operator
                  key expressions: _col0 (type: string)
                  sort order: +
                  Map-reduce partition columns: _col0 (type: string)
                  Statistics: Num rows: 25 Data size: 191 Basic stats: COMPLETE Column stats: NONE
          TableScan
            alias: y
            Statistics: Num rows: 25 Data size: 191 Basic stats: COMPLETE Column stats: NONE
            Filter Operator
              predicate: key is not null (type: boolean)
              Statistics: Num rows: 25 Data size: 191 Basic stats: COMPLETE Column stats: NONE
              Select Operator
                expressions: key (type: string)
                outputColumnNames: _col0
                Statistics: Num rows: 25 Data size: 191 Basic stats: COMPLETE Column stats: NONE
                Reduce Output Operator
                  key expressions: _col0 (type: string)
                  sort order: +
                  Map-reduce partition columns: _col0 (type: string)
                  Statistics: Num rows: 25 Data size: 191 Basic stats: COMPLETE Column stats: NONE
      Reduce Operator Tree:
        Join Operator
          condition map:
               Inner Join 0 to 1
          keys:
            0 _col0 (type: string)
            1 _col0 (type: string)
          outputColumnNames: _col0
          Statistics: Num rows: 27 Data size: 210 Basic stats: COMPLETE Column stats: NONE
          Group By Operator
            aggregations: count()
            keys: _col0 (type: string)
            mode: hash
            outputColumnNames: _col0, _col1
            Statistics: Num rows: 27 Data size: 210 Basic stats: COMPLETE Column stats: NONE
            File Output Operator
              compressed: false
              table:
                  input format: org.apache.hadoop.mapred.SequenceFileInputFormat
                  output format: org.apache.hadoop.hive.ql.io.HiveSequenceFileOutputFormat
                  serde: org.apache.hadoop.hive.serde2.lazybinary.LazyBinarySerDe

  Stage: Stage-2
    Map Reduce
      Map Operator Tree:
          TableScan
            Reduce Output Operator
              key expressions: _col0 (type: string)
              sort order: +
              Map-reduce partition columns: _col0 (type: string)
              Statistics: Num rows: 27 Data size: 210 Basic stats: COMPLETE Column stats: NONE
              value expressions: _col1 (type: bigint)
      Reduce Operator Tree:
        Group By Operator
          aggregations: count(VALUE._col0)
          keys: KEY._col0 (type: string)
          mode: mergepartial
          outputColumnNames: _col0, _col1
          Statistics: Num rows: 13 Data size: 101 Basic stats: COMPLETE Column stats: NONE
          File Output Operator
            compressed: false
            table:
                input format: org.apache.hadoop.mapred.SequenceFileInputFormat
                output format: org.apache.hadoop.hive.ql.io.HiveSequenceFileOutputFormat
                serde: org.apache.hadoop.hive.serde2.lazybinary.LazyBinarySerDe

  Stage: Stage-3
    Map Reduce
      Map Operator Tree:
          TableScan
            Reduce Output Operator
              key expressions: _col0 (type: string)
              sort order: +
              Map-reduce partition columns: _col0 (type: string)
              Statistics: Num rows: 13 Data size: 101 Basic stats: COMPLETE Column stats: NONE
              value expressions: _col1 (type: bigint)
          TableScan
            alias: yy
            Statistics: Num rows: 500 Data size: 5312 Basic stats: COMPLETE Column stats: NONE
            Filter Operator
              predicate: key is not null (type: boolean)
              Statistics: Num rows: 500 Data size: 5312 Basic stats: COMPLETE Column stats: NONE
              Select Operator
                expressions: key (type: string)
                outputColumnNames: _col0
                Statistics: Num rows: 500 Data size: 5312 Basic stats: COMPLETE Column stats: NONE
                Group By Operator
                  keys: _col0 (type: string)
                  mode: hash
                  outputColumnNames: _col0
                  Statistics: Num rows: 500 Data size: 5312 Basic stats: COMPLETE Column stats: NONE
                  Reduce Output Operator
                    key expressions: _col0 (type: string)
                    sort order: +
                    Map-reduce partition columns: _col0 (type: string)
                    Statistics: Num rows: 500 Data size: 5312 Basic stats: COMPLETE Column stats: NONE
      Reduce Operator Tree:
        Join Operator
          condition map:
               Left Semi Join 0 to 1
          keys:
            0 _col0 (type: string)
            1 _col0 (type: string)
          outputColumnNames: _col0, _col1
          Statistics: Num rows: 550 Data size: 5843 Basic stats: COMPLETE Column stats: NONE
          File Output Operator
            compressed: false
            Statistics: Num rows: 550 Data size: 5843 Basic stats: COMPLETE Column stats: NONE
            table:
                input format: org.apache.hadoop.mapred.SequenceFileInputFormat
                output format: org.apache.hadoop.hive.ql.io.HiveSequenceFileOutputFormat
                serde: org.apache.hadoop.hive.serde2.lazy.LazySimpleSerDe

  Stage: Stage-0
    Fetch Operator
      limit: -1
      Processor Tree:
        ListSink

PREHOOK: query: SELECT xx.key, xx.cnt
FROM
(SELECT x.key as key, count(1) as cnt FROM src1 x JOIN src1 y ON (x.key = y.key) group by x.key) xx
LEFT SEMI JOIN src yy
ON xx.key=yy.key
PREHOOK: type: QUERY
PREHOOK: Input: default@src
PREHOOK: Input: default@src1
#### A masked pattern was here ####
POSTHOOK: query: SELECT xx.key, xx.cnt
FROM
(SELECT x.key as key, count(1) as cnt FROM src1 x JOIN src1 y ON (x.key = y.key) group by x.key) xx
LEFT SEMI JOIN src yy
ON xx.key=yy.key
POSTHOOK: type: QUERY
POSTHOOK: Input: default@src
POSTHOOK: Input: default@src1
#### A masked pattern was here ####
128	1
146	1
150	1
213	1
224	1
238	1
255	1
273	1
278	1
311	1
369	1
401	1
406	1
66	1
98	1
XifREjIWNTdZii76gCxhIQ==
PREHOOK: query: EXPLAIN
SELECT xx.key, xx.cnt
FROM
(SELECT x.key as key, count(1) as cnt FROM src1 x JOIN src1 y ON (x.key = y.key) group by x.key) xx
LEFT SEMI JOIN src yy
ON xx.key=yy.key
PREHOOK: type: QUERY
POSTHOOK: query: EXPLAIN
SELECT xx.key, xx.cnt
FROM
(SELECT x.key as key, count(1) as cnt FROM src1 x JOIN src1 y ON (x.key = y.key) group by x.key) xx
LEFT SEMI JOIN src yy
ON xx.key=yy.key
POSTHOOK: type: QUERY
STAGE DEPENDENCIES:
  Stage-1 is a root stage
  Stage-0 depends on stages: Stage-1

STAGE PLANS:
  Stage: Stage-1
    Map Reduce
      Map Operator Tree:
          TableScan
            alias: x
            Statistics: Num rows: 25 Data size: 191 Basic stats: COMPLETE Column stats: NONE
            Filter Operator
              predicate: key is not null (type: boolean)
              Statistics: Num rows: 25 Data size: 191 Basic stats: COMPLETE Column stats: NONE
              Select Operator
                expressions: key (type: string)
                outputColumnNames: _col0
                Statistics: Num rows: 25 Data size: 191 Basic stats: COMPLETE Column stats: NONE
                Reduce Output Operator
                  key expressions: _col0 (type: string)
                  sort order: +
                  Map-reduce partition columns: _col0 (type: string)
                  Statistics: Num rows: 25 Data size: 191 Basic stats: COMPLETE Column stats: NONE
          TableScan
            alias: y
            Statistics: Num rows: 25 Data size: 191 Basic stats: COMPLETE Column stats: NONE
            Filter Operator
              predicate: key is not null (type: boolean)
              Statistics: Num rows: 25 Data size: 191 Basic stats: COMPLETE Column stats: NONE
              Select Operator
                expressions: key (type: string)
                outputColumnNames: _col0
                Statistics: Num rows: 25 Data size: 191 Basic stats: COMPLETE Column stats: NONE
                Reduce Output Operator
                  key expressions: _col0 (type: string)
                  sort order: +
                  Map-reduce partition columns: _col0 (type: string)
                  Statistics: Num rows: 25 Data size: 191 Basic stats: COMPLETE Column stats: NONE
          TableScan
            alias: yy
            Statistics: Num rows: 500 Data size: 5312 Basic stats: COMPLETE Column stats: NONE
            Filter Operator
              predicate: key is not null (type: boolean)
              Statistics: Num rows: 500 Data size: 5312 Basic stats: COMPLETE Column stats: NONE
              Select Operator
                expressions: key (type: string)
                outputColumnNames: _col0
                Statistics: Num rows: 500 Data size: 5312 Basic stats: COMPLETE Column stats: NONE
                Group By Operator
                  keys: _col0 (type: string)
                  mode: hash
                  outputColumnNames: _col0
                  Statistics: Num rows: 500 Data size: 5312 Basic stats: COMPLETE Column stats: NONE
                  Reduce Output Operator
                    key expressions: _col0 (type: string)
                    sort order: +
                    Map-reduce partition columns: _col0 (type: string)
                    Statistics: Num rows: 500 Data size: 5312 Basic stats: COMPLETE Column stats: NONE
      Reduce Operator Tree:
        Demux Operator
          Statistics: Num rows: 550 Data size: 5694 Basic stats: COMPLETE Column stats: NONE
          Join Operator
            condition map:
                 Inner Join 0 to 1
            keys:
              0 _col0 (type: string)
              1 _col0 (type: string)
            outputColumnNames: _col0
            Statistics: Num rows: 605 Data size: 6263 Basic stats: COMPLETE Column stats: NONE
            Mux Operator
              Statistics: Num rows: 605 Data size: 6263 Basic stats: COMPLETE Column stats: NONE
              Group By Operator
                aggregations: count()
                keys: _col0 (type: string)
                mode: complete
                outputColumnNames: _col0, _col1
                Statistics: Num rows: 302 Data size: 3126 Basic stats: COMPLETE Column stats: NONE
                Mux Operator
                  Statistics: Num rows: 852 Data size: 8820 Basic stats: COMPLETE Column stats: NONE
                  Join Operator
                    condition map:
                         Left Semi Join 0 to 1
                    keys:
                      0 _col0 (type: string)
                      1 _col0 (type: string)
                    outputColumnNames: _col0, _col1
                    Statistics: Num rows: 937 Data size: 9702 Basic stats: COMPLETE Column stats: NONE
                    File Output Operator
                      compressed: false
                      Statistics: Num rows: 937 Data size: 9702 Basic stats: COMPLETE Column stats: NONE
                      table:
                          input format: org.apache.hadoop.mapred.SequenceFileInputFormat
                          output format: org.apache.hadoop.hive.ql.io.HiveSequenceFileOutputFormat
                          serde: org.apache.hadoop.hive.serde2.lazy.LazySimpleSerDe
          Mux Operator
            Statistics: Num rows: 852 Data size: 8820 Basic stats: COMPLETE Column stats: NONE
            Join Operator
              condition map:
                   Left Semi Join 0 to 1
              keys:
                0 _col0 (type: string)
                1 _col0 (type: string)
              outputColumnNames: _col0, _col1
              Statistics: Num rows: 937 Data size: 9702 Basic stats: COMPLETE Column stats: NONE
              File Output Operator
                compressed: false
                Statistics: Num rows: 937 Data size: 9702 Basic stats: COMPLETE Column stats: NONE
                table:
                    input format: org.apache.hadoop.mapred.SequenceFileInputFormat
                    output format: org.apache.hadoop.hive.ql.io.HiveSequenceFileOutputFormat
                    serde: org.apache.hadoop.hive.serde2.lazy.LazySimpleSerDe

  Stage: Stage-0
    Fetch Operator
      limit: -1
      Processor Tree:
        ListSink

PREHOOK: query: SELECT xx.key, xx.cnt
FROM
(SELECT x.key as key, count(1) as cnt FROM src1 x JOIN src1 y ON (x.key = y.key) group by x.key) xx
LEFT SEMI JOIN src yy
ON xx.key=yy.key
PREHOOK: type: QUERY
PREHOOK: Input: default@src
PREHOOK: Input: default@src1
#### A masked pattern was here ####
POSTHOOK: query: SELECT xx.key, xx.cnt
FROM
(SELECT x.key as key, count(1) as cnt FROM src1 x JOIN src1 y ON (x.key = y.key) group by x.key) xx
LEFT SEMI JOIN src yy
ON xx.key=yy.key
POSTHOOK: type: QUERY
POSTHOOK: Input: default@src
POSTHOOK: Input: default@src1
#### A masked pattern was here ####
128	1
146	1
150	1
213	1
224	1
238	1
255	1
273	1
278	1
311	1
369	1
401	1
406	1
66	1
98	1
XifREjIWNTdZii76gCxhIQ==
PREHOOK: query: EXPLAIN
SELECT xx.key, xx.value
FROM
src1 xx
LEFT SEMI JOIN
(SELECT x.key as key
 FROM src x JOIN src y ON (x.key = y.key)
 WHERE x.key < 200 AND
       y.key > 20) yy
ON xx.key=yy.key
PREHOOK: type: QUERY
POSTHOOK: query: EXPLAIN
SELECT xx.key, xx.value
FROM
src1 xx
LEFT SEMI JOIN
(SELECT x.key as key
 FROM src x JOIN src y ON (x.key = y.key)
 WHERE x.key < 200 AND
       y.key > 20) yy
ON xx.key=yy.key
POSTHOOK: type: QUERY
STAGE DEPENDENCIES:
  Stage-2 is a root stage
  Stage-1 depends on stages: Stage-2
  Stage-0 depends on stages: Stage-1

STAGE PLANS:
  Stage: Stage-2
    Map Reduce
      Map Operator Tree:
          TableScan
            alias: x
            Statistics: Num rows: 500 Data size: 5312 Basic stats: COMPLETE Column stats: NONE
            Filter Operator
              predicate: ((UDFToDouble(key) < 200.0D) and (UDFToDouble(key) > 20.0D)) (type: boolean)
              Statistics: Num rows: 55 Data size: 584 Basic stats: COMPLETE Column stats: NONE
              Select Operator
                expressions: key (type: string)
                outputColumnNames: _col0
                Statistics: Num rows: 55 Data size: 584 Basic stats: COMPLETE Column stats: NONE
                Reduce Output Operator
                  key expressions: _col0 (type: string)
                  sort order: +
                  Map-reduce partition columns: _col0 (type: string)
                  Statistics: Num rows: 55 Data size: 584 Basic stats: COMPLETE Column stats: NONE
          TableScan
            alias: y
            Statistics: Num rows: 500 Data size: 5312 Basic stats: COMPLETE Column stats: NONE
            Filter Operator
              predicate: ((UDFToDouble(key) < 200.0D) and (UDFToDouble(key) > 20.0D)) (type: boolean)
              Statistics: Num rows: 55 Data size: 584 Basic stats: COMPLETE Column stats: NONE
              Select Operator
                expressions: key (type: string)
                outputColumnNames: _col0
                Statistics: Num rows: 55 Data size: 584 Basic stats: COMPLETE Column stats: NONE
                Reduce Output Operator
                  key expressions: _col0 (type: string)
                  sort order: +
                  Map-reduce partition columns: _col0 (type: string)
                  Statistics: Num rows: 55 Data size: 584 Basic stats: COMPLETE Column stats: NONE
      Reduce Operator Tree:
        Join Operator
          condition map:
               Inner Join 0 to 1
          keys:
            0 _col0 (type: string)
            1 _col0 (type: string)
          outputColumnNames: _col0
          Statistics: Num rows: 60 Data size: 642 Basic stats: COMPLETE Column stats: NONE
          Group By Operator
            keys: _col0 (type: string)
            mode: hash
            outputColumnNames: _col0
            Statistics: Num rows: 60 Data size: 642 Basic stats: COMPLETE Column stats: NONE
            File Output Operator
              compressed: false
              table:
                  input format: org.apache.hadoop.mapred.SequenceFileInputFormat
                  output format: org.apache.hadoop.hive.ql.io.HiveSequenceFileOutputFormat
                  serde: org.apache.hadoop.hive.serde2.lazybinary.LazyBinarySerDe

  Stage: Stage-1
    Map Reduce
      Map Operator Tree:
          TableScan
            alias: xx
            Statistics: Num rows: 25 Data size: 191 Basic stats: COMPLETE Column stats: NONE
            Filter Operator
              predicate: ((UDFToDouble(key) < 200.0D) and (UDFToDouble(key) > 20.0D)) (type: boolean)
              Statistics: Num rows: 2 Data size: 15 Basic stats: COMPLETE Column stats: NONE
              Select Operator
                expressions: key (type: string), value (type: string)
                outputColumnNames: _col0, _col1
                Statistics: Num rows: 2 Data size: 15 Basic stats: COMPLETE Column stats: NONE
                Reduce Output Operator
                  key expressions: _col0 (type: string)
                  sort order: +
                  Map-reduce partition columns: _col0 (type: string)
                  Statistics: Num rows: 2 Data size: 15 Basic stats: COMPLETE Column stats: NONE
                  value expressions: _col1 (type: string)
          TableScan
            Reduce Output Operator
              key expressions: _col0 (type: string)
              sort order: +
              Map-reduce partition columns: _col0 (type: string)
              Statistics: Num rows: 60 Data size: 642 Basic stats: COMPLETE Column stats: NONE
      Reduce Operator Tree:
        Join Operator
          condition map:
               Left Semi Join 0 to 1
          keys:
            0 _col0 (type: string)
            1 _col0 (type: string)
          outputColumnNames: _col0, _col1
          Statistics: Num rows: 66 Data size: 706 Basic stats: COMPLETE Column stats: NONE
          File Output Operator
            compressed: false
            Statistics: Num rows: 66 Data size: 706 Basic stats: COMPLETE Column stats: NONE
            table:
                input format: org.apache.hadoop.mapred.SequenceFileInputFormat
                output format: org.apache.hadoop.hive.ql.io.HiveSequenceFileOutputFormat
                serde: org.apache.hadoop.hive.serde2.lazy.LazySimpleSerDe

  Stage: Stage-0
    Fetch Operator
      limit: -1
      Processor Tree:
        ListSink

PREHOOK: query: SELECT xx.key, xx.value
FROM
src1 xx
LEFT SEMI JOIN
(SELECT x.key as key
 FROM src x JOIN src y ON (x.key = y.key)
 WHERE x.key < 200 AND
       y.key > 20) yy
ON xx.key=yy.key
PREHOOK: type: QUERY
PREHOOK: Input: default@src
PREHOOK: Input: default@src1
#### A masked pattern was here ####
POSTHOOK: query: SELECT xx.key, xx.value
FROM
src1 xx
LEFT SEMI JOIN
(SELECT x.key as key
 FROM src x JOIN src y ON (x.key = y.key)
 WHERE x.key < 200 AND
       y.key > 20) yy
ON xx.key=yy.key
POSTHOOK: type: QUERY
POSTHOOK: Input: default@src
POSTHOOK: Input: default@src1
#### A masked pattern was here ####
128	
146	val_146
150	val_150
66	val_66
98	val_98
yXzkFzMwxxoH+6e+nKoA8A==
PREHOOK: query: EXPLAIN
SELECT xx.key, xx.value
FROM
src1 xx
LEFT SEMI JOIN
(SELECT x.key as key
 FROM src x JOIN src y ON (x.key = y.key)
 WHERE x.key < 200 AND
       y.key > 20) yy
ON xx.key=yy.key
PREHOOK: type: QUERY
POSTHOOK: query: EXPLAIN
SELECT xx.key, xx.value
FROM
src1 xx
LEFT SEMI JOIN
(SELECT x.key as key
 FROM src x JOIN src y ON (x.key = y.key)
 WHERE x.key < 200 AND
       y.key > 20) yy
ON xx.key=yy.key
POSTHOOK: type: QUERY
STAGE DEPENDENCIES:
  Stage-1 is a root stage
  Stage-0 depends on stages: Stage-1

STAGE PLANS:
  Stage: Stage-1
    Map Reduce
      Map Operator Tree:
          TableScan
            alias: xx
            Statistics: Num rows: 25 Data size: 191 Basic stats: COMPLETE Column stats: NONE
            Filter Operator
              predicate: ((UDFToDouble(key) < 200.0D) and (UDFToDouble(key) > 20.0D)) (type: boolean)
              Statistics: Num rows: 2 Data size: 15 Basic stats: COMPLETE Column stats: NONE
              Select Operator
                expressions: key (type: string), value (type: string)
                outputColumnNames: _col0, _col1
                Statistics: Num rows: 2 Data size: 15 Basic stats: COMPLETE Column stats: NONE
                Reduce Output Operator
                  key expressions: _col0 (type: string)
                  sort order: +
                  Map-reduce partition columns: _col0 (type: string)
                  Statistics: Num rows: 2 Data size: 15 Basic stats: COMPLETE Column stats: NONE
                  value expressions: _col1 (type: string)
          TableScan
            alias: x
            Statistics: Num rows: 500 Data size: 5312 Basic stats: COMPLETE Column stats: NONE
            Filter Operator
              predicate: ((UDFToDouble(key) < 200.0D) and (UDFToDouble(key) > 20.0D)) (type: boolean)
              Statistics: Num rows: 55 Data size: 584 Basic stats: COMPLETE Column stats: NONE
              Select Operator
                expressions: key (type: string)
                outputColumnNames: _col0
                Statistics: Num rows: 55 Data size: 584 Basic stats: COMPLETE Column stats: NONE
                Reduce Output Operator
                  key expressions: _col0 (type: string)
                  sort order: +
                  Map-reduce partition columns: _col0 (type: string)
                  Statistics: Num rows: 55 Data size: 584 Basic stats: COMPLETE Column stats: NONE
          TableScan
            alias: y
            Statistics: Num rows: 500 Data size: 5312 Basic stats: COMPLETE Column stats: NONE
            Filter Operator
              predicate: ((UDFToDouble(key) < 200.0D) and (UDFToDouble(key) > 20.0D)) (type: boolean)
              Statistics: Num rows: 55 Data size: 584 Basic stats: COMPLETE Column stats: NONE
              Select Operator
                expressions: key (type: string)
                outputColumnNames: _col0
                Statistics: Num rows: 55 Data size: 584 Basic stats: COMPLETE Column stats: NONE
                Reduce Output Operator
                  key expressions: _col0 (type: string)
                  sort order: +
                  Map-reduce partition columns: _col0 (type: string)
                  Statistics: Num rows: 55 Data size: 584 Basic stats: COMPLETE Column stats: NONE
      Reduce Operator Tree:
        Demux Operator
          Statistics: Num rows: 112 Data size: 1183 Basic stats: COMPLETE Column stats: NONE
          Mux Operator
            Statistics: Num rows: 235 Data size: 2484 Basic stats: COMPLETE Column stats: NONE
            Join Operator
              condition map:
                   Left Semi Join 0 to 1
              keys:
                0 _col0 (type: string)
                1 _col0 (type: string)
              outputColumnNames: _col0, _col1
              Statistics: Num rows: 258 Data size: 2732 Basic stats: COMPLETE Column stats: NONE
              File Output Operator
                compressed: false
                Statistics: Num rows: 258 Data size: 2732 Basic stats: COMPLETE Column stats: NONE
                table:
                    input format: org.apache.hadoop.mapred.SequenceFileInputFormat
                    output format: org.apache.hadoop.hive.ql.io.HiveSequenceFileOutputFormat
                    serde: org.apache.hadoop.hive.serde2.lazy.LazySimpleSerDe
          Join Operator
            condition map:
                 Inner Join 0 to 1
            keys:
              0 _col0 (type: string)
              1 _col0 (type: string)
            outputColumnNames: _col0
            Statistics: Num rows: 123 Data size: 1301 Basic stats: COMPLETE Column stats: NONE
            Mux Operator
              Statistics: Num rows: 235 Data size: 2484 Basic stats: COMPLETE Column stats: NONE
              Join Operator
                condition map:
                     Left Semi Join 0 to 1
                keys:
                  0 _col0 (type: string)
                  1 _col0 (type: string)
                outputColumnNames: _col0, _col1
                Statistics: Num rows: 258 Data size: 2732 Basic stats: COMPLETE Column stats: NONE
                File Output Operator
                  compressed: false
                  Statistics: Num rows: 258 Data size: 2732 Basic stats: COMPLETE Column stats: NONE
                  table:
                      input format: org.apache.hadoop.mapred.SequenceFileInputFormat
                      output format: org.apache.hadoop.hive.ql.io.HiveSequenceFileOutputFormat
                      serde: org.apache.hadoop.hive.serde2.lazy.LazySimpleSerDe

  Stage: Stage-0
    Fetch Operator
      limit: -1
      Processor Tree:
        ListSink

PREHOOK: query: SELECT xx.key, xx.value
FROM
src1 xx
LEFT SEMI JOIN
(SELECT x.key as key
 FROM src x JOIN src y ON (x.key = y.key)
 WHERE x.key < 200 AND
       y.key > 20) yy
ON xx.key=yy.key
PREHOOK: type: QUERY
PREHOOK: Input: default@src
PREHOOK: Input: default@src1
#### A masked pattern was here ####
POSTHOOK: query: SELECT xx.key, xx.value
FROM
src1 xx
LEFT SEMI JOIN
(SELECT x.key as key
 FROM src x JOIN src y ON (x.key = y.key)
 WHERE x.key < 200 AND
       y.key > 20) yy
ON xx.key=yy.key
POSTHOOK: type: QUERY
POSTHOOK: Input: default@src
POSTHOOK: Input: default@src1
#### A masked pattern was here ####
128	
146	val_146
150	val_150
66	val_66
98	val_98
yXzkFzMwxxoH+6e+nKoA8A==
PREHOOK: query: EXPLAIN
SELECT xx.key, xx.value
FROM
src xx
LEFT SEMI JOIN
(SELECT x.key as key
 FROM src x JOIN src y ON (x.key = y.key)
 WHERE x.key < 200 AND x.key > 180) yy
ON xx.key=yy.key
PREHOOK: type: QUERY
POSTHOOK: query: EXPLAIN
SELECT xx.key, xx.value
FROM
src xx
LEFT SEMI JOIN
(SELECT x.key as key
 FROM src x JOIN src y ON (x.key = y.key)
 WHERE x.key < 200 AND x.key > 180) yy
ON xx.key=yy.key
POSTHOOK: type: QUERY
STAGE DEPENDENCIES:
  Stage-2 is a root stage
  Stage-1 depends on stages: Stage-2
  Stage-0 depends on stages: Stage-1

STAGE PLANS:
  Stage: Stage-2
    Map Reduce
      Map Operator Tree:
          TableScan
            alias: x
            Statistics: Num rows: 500 Data size: 5312 Basic stats: COMPLETE Column stats: NONE
            Filter Operator
              predicate: ((UDFToDouble(key) < 200.0D) and (UDFToDouble(key) > 180.0D)) (type: boolean)
              Statistics: Num rows: 55 Data size: 584 Basic stats: COMPLETE Column stats: NONE
              Select Operator
                expressions: key (type: string)
                outputColumnNames: _col0
                Statistics: Num rows: 55 Data size: 584 Basic stats: COMPLETE Column stats: NONE
                Reduce Output Operator
                  key expressions: _col0 (type: string)
                  sort order: +
                  Map-reduce partition columns: _col0 (type: string)
                  Statistics: Num rows: 55 Data size: 584 Basic stats: COMPLETE Column stats: NONE
          TableScan
            alias: y
            Statistics: Num rows: 500 Data size: 5312 Basic stats: COMPLETE Column stats: NONE
            Filter Operator
              predicate: ((UDFToDouble(key) < 200.0D) and (UDFToDouble(key) > 180.0D)) (type: boolean)
              Statistics: Num rows: 55 Data size: 584 Basic stats: COMPLETE Column stats: NONE
              Select Operator
                expressions: key (type: string)
                outputColumnNames: _col0
                Statistics: Num rows: 55 Data size: 584 Basic stats: COMPLETE Column stats: NONE
                Reduce Output Operator
                  key expressions: _col0 (type: string)
                  sort order: +
                  Map-reduce partition columns: _col0 (type: string)
                  Statistics: Num rows: 55 Data size: 584 Basic stats: COMPLETE Column stats: NONE
      Reduce Operator Tree:
        Join Operator
          condition map:
               Inner Join 0 to 1
          keys:
            0 _col0 (type: string)
            1 _col0 (type: string)
          outputColumnNames: _col0
          Statistics: Num rows: 60 Data size: 642 Basic stats: COMPLETE Column stats: NONE
          Group By Operator
            keys: _col0 (type: string)
            mode: hash
            outputColumnNames: _col0
            Statistics: Num rows: 60 Data size: 642 Basic stats: COMPLETE Column stats: NONE
            File Output Operator
              compressed: false
              table:
                  input format: org.apache.hadoop.mapred.SequenceFileInputFormat
                  output format: org.apache.hadoop.hive.ql.io.HiveSequenceFileOutputFormat
                  serde: org.apache.hadoop.hive.serde2.lazybinary.LazyBinarySerDe

  Stage: Stage-1
    Map Reduce
      Map Operator Tree:
          TableScan
            alias: xx
            Statistics: Num rows: 500 Data size: 5312 Basic stats: COMPLETE Column stats: NONE
            Filter Operator
              predicate: ((UDFToDouble(key) < 200.0D) and (UDFToDouble(key) > 180.0D)) (type: boolean)
              Statistics: Num rows: 55 Data size: 584 Basic stats: COMPLETE Column stats: NONE
              Select Operator
                expressions: key (type: string), value (type: string)
                outputColumnNames: _col0, _col1
                Statistics: Num rows: 55 Data size: 584 Basic stats: COMPLETE Column stats: NONE
                Reduce Output Operator
                  key expressions: _col0 (type: string)
                  sort order: +
                  Map-reduce partition columns: _col0 (type: string)
                  Statistics: Num rows: 55 Data size: 584 Basic stats: COMPLETE Column stats: NONE
                  value expressions: _col1 (type: string)
          TableScan
            Reduce Output Operator
              key expressions: _col0 (type: string)
              sort order: +
              Map-reduce partition columns: _col0 (type: string)
              Statistics: Num rows: 60 Data size: 642 Basic stats: COMPLETE Column stats: NONE
      Reduce Operator Tree:
        Join Operator
          condition map:
               Left Semi Join 0 to 1
          keys:
            0 _col0 (type: string)
            1 _col0 (type: string)
          outputColumnNames: _col0, _col1
          Statistics: Num rows: 66 Data size: 706 Basic stats: COMPLETE Column stats: NONE
          File Output Operator
            compressed: false
            Statistics: Num rows: 66 Data size: 706 Basic stats: COMPLETE Column stats: NONE
            table:
                input format: org.apache.hadoop.mapred.SequenceFileInputFormat
                output format: org.apache.hadoop.hive.ql.io.HiveSequenceFileOutputFormat
                serde: org.apache.hadoop.hive.serde2.lazy.LazySimpleSerDe

  Stage: Stage-0
    Fetch Operator
      limit: -1
      Processor Tree:
        ListSink

PREHOOK: query: SELECT xx.key, xx.value
FROM
src xx
LEFT SEMI JOIN
(SELECT x.key as key
 FROM src x JOIN src y ON (x.key = y.key)
 WHERE x.key < 200 AND x.key > 180) yy
ON xx.key=yy.key
PREHOOK: type: QUERY
PREHOOK: Input: default@src
#### A masked pattern was here ####
POSTHOOK: query: SELECT xx.key, xx.value
FROM
src xx
LEFT SEMI JOIN
(SELECT x.key as key
 FROM src x JOIN src y ON (x.key = y.key)
 WHERE x.key < 200 AND x.key > 180) yy
ON xx.key=yy.key
POSTHOOK: type: QUERY
POSTHOOK: Input: default@src
#### A masked pattern was here ####
181	val_181
183	val_183
186	val_186
187	val_187
187	val_187
187	val_187
189	val_189
190	val_190
191	val_191
191	val_191
192	val_192
193	val_193
193	val_193
193	val_193
194	val_194
195	val_195
195	val_195
196	val_196
197	val_197
197	val_197
199	val_199
199	val_199
199	val_199
JoqlU/XtLjyBlZ8xMKANxg==
PREHOOK: query: EXPLAIN
SELECT xx.key, xx.value
FROM
src xx
LEFT SEMI JOIN
(SELECT x.key as key
 FROM src x JOIN src y ON (x.key = y.key)
 WHERE x.key < 200 AND x.key > 180) yy
ON xx.key=yy.key
PREHOOK: type: QUERY
POSTHOOK: query: EXPLAIN
SELECT xx.key, xx.value
FROM
src xx
LEFT SEMI JOIN
(SELECT x.key as key
 FROM src x JOIN src y ON (x.key = y.key)
 WHERE x.key < 200 AND x.key > 180) yy
ON xx.key=yy.key
POSTHOOK: type: QUERY
STAGE DEPENDENCIES:
  Stage-1 is a root stage
  Stage-0 depends on stages: Stage-1

STAGE PLANS:
  Stage: Stage-1
    Map Reduce
      Map Operator Tree:
          TableScan
            alias: xx
            Statistics: Num rows: 500 Data size: 5312 Basic stats: COMPLETE Column stats: NONE
            Filter Operator
              predicate: ((UDFToDouble(key) < 200.0D) and (UDFToDouble(key) > 180.0D)) (type: boolean)
              Statistics: Num rows: 55 Data size: 584 Basic stats: COMPLETE Column stats: NONE
              Select Operator
                expressions: key (type: string), value (type: string)
                outputColumnNames: _col0, _col1
                Statistics: Num rows: 55 Data size: 584 Basic stats: COMPLETE Column stats: NONE
                Reduce Output Operator
                  key expressions: _col0 (type: string)
                  sort order: +
                  Map-reduce partition columns: _col0 (type: string)
                  Statistics: Num rows: 55 Data size: 584 Basic stats: COMPLETE Column stats: NONE
                  value expressions: _col1 (type: string)
          TableScan
            alias: x
            Statistics: Num rows: 500 Data size: 5312 Basic stats: COMPLETE Column stats: NONE
            Filter Operator
              predicate: ((UDFToDouble(key) < 200.0D) and (UDFToDouble(key) > 180.0D)) (type: boolean)
              Statistics: Num rows: 55 Data size: 584 Basic stats: COMPLETE Column stats: NONE
              Select Operator
                expressions: key (type: string)
                outputColumnNames: _col0
                Statistics: Num rows: 55 Data size: 584 Basic stats: COMPLETE Column stats: NONE
                Reduce Output Operator
                  key expressions: _col0 (type: string)
                  sort order: +
                  Map-reduce partition columns: _col0 (type: string)
                  Statistics: Num rows: 55 Data size: 584 Basic stats: COMPLETE Column stats: NONE
          TableScan
            alias: y
            Statistics: Num rows: 500 Data size: 5312 Basic stats: COMPLETE Column stats: NONE
            Filter Operator
              predicate: ((UDFToDouble(key) < 200.0D) and (UDFToDouble(key) > 180.0D)) (type: boolean)
              Statistics: Num rows: 55 Data size: 584 Basic stats: COMPLETE Column stats: NONE
              Select Operator
                expressions: key (type: string)
                outputColumnNames: _col0
                Statistics: Num rows: 55 Data size: 584 Basic stats: COMPLETE Column stats: NONE
                Reduce Output Operator
                  key expressions: _col0 (type: string)
                  sort order: +
                  Map-reduce partition columns: _col0 (type: string)
                  Statistics: Num rows: 55 Data size: 584 Basic stats: COMPLETE Column stats: NONE
      Reduce Operator Tree:
        Demux Operator
          Statistics: Num rows: 165 Data size: 1752 Basic stats: COMPLETE Column stats: NONE
          Mux Operator
            Statistics: Num rows: 346 Data size: 3679 Basic stats: COMPLETE Column stats: NONE
            Join Operator
              condition map:
                   Left Semi Join 0 to 1
              keys:
                0 _col0 (type: string)
                1 _col0 (type: string)
              outputColumnNames: _col0, _col1
              Statistics: Num rows: 380 Data size: 4046 Basic stats: COMPLETE Column stats: NONE
              File Output Operator
                compressed: false
                Statistics: Num rows: 380 Data size: 4046 Basic stats: COMPLETE Column stats: NONE
                table:
                    input format: org.apache.hadoop.mapred.SequenceFileInputFormat
                    output format: org.apache.hadoop.hive.ql.io.HiveSequenceFileOutputFormat
                    serde: org.apache.hadoop.hive.serde2.lazy.LazySimpleSerDe
          Join Operator
            condition map:
                 Inner Join 0 to 1
            keys:
              0 _col0 (type: string)
              1 _col0 (type: string)
            outputColumnNames: _col0
            Statistics: Num rows: 181 Data size: 1927 Basic stats: COMPLETE Column stats: NONE
            Mux Operator
              Statistics: Num rows: 346 Data size: 3679 Basic stats: COMPLETE Column stats: NONE
              Join Operator
                condition map:
                     Left Semi Join 0 to 1
                keys:
                  0 _col0 (type: string)
                  1 _col0 (type: string)
                outputColumnNames: _col0, _col1
                Statistics: Num rows: 380 Data size: 4046 Basic stats: COMPLETE Column stats: NONE
                File Output Operator
                  compressed: false
                  Statistics: Num rows: 380 Data size: 4046 Basic stats: COMPLETE Column stats: NONE
                  table:
                      input format: org.apache.hadoop.mapred.SequenceFileInputFormat
                      output format: org.apache.hadoop.hive.ql.io.HiveSequenceFileOutputFormat
                      serde: org.apache.hadoop.hive.serde2.lazy.LazySimpleSerDe

  Stage: Stage-0
    Fetch Operator
      limit: -1
      Processor Tree:
        ListSink

PREHOOK: query: SELECT xx.key, xx.value
FROM
src xx
LEFT SEMI JOIN
(SELECT x.key as key
 FROM src x JOIN src y ON (x.key = y.key)
 WHERE x.key < 200 AND x.key > 180) yy
ON xx.key=yy.key
PREHOOK: type: QUERY
PREHOOK: Input: default@src
#### A masked pattern was here ####
POSTHOOK: query: SELECT xx.key, xx.value
FROM
src xx
LEFT SEMI JOIN
(SELECT x.key as key
 FROM src x JOIN src y ON (x.key = y.key)
 WHERE x.key < 200 AND x.key > 180) yy
ON xx.key=yy.key
POSTHOOK: type: QUERY
POSTHOOK: Input: default@src
#### A masked pattern was here ####
181	val_181
183	val_183
186	val_186
187	val_187
187	val_187
187	val_187
189	val_189
190	val_190
191	val_191
191	val_191
192	val_192
193	val_193
193	val_193
193	val_193
194	val_194
195	val_195
195	val_195
196	val_196
197	val_197
197	val_197
199	val_199
199	val_199
199	val_199
JoqlU/XtLjyBlZ8xMKANxg==
