PREHOOK: query: EXPLAIN
SELECT xx.key, xx.cnt, yy.key
FROM
(SELECT x.key as key, count(1) as cnt FROM src1 x JOIN src1 y ON (x.key = y.key) group by x.key) xx
JOIN src yy
ON xx.key=yy.key ORDER BY xx.key, xx.cnt, yy.key
PREHOOK: type: QUERY
POSTHOOK: query: EXPLAIN
SELECT xx.key, xx.cnt, yy.key
FROM
(SELECT x.key as key, count(1) as cnt FROM src1 x JOIN src1 y ON (x.key = y.key) group by x.key) xx
JOIN src yy
ON xx.key=yy.key ORDER BY xx.key, xx.cnt, yy.key
POSTHOOK: type: QUERY
STAGE DEPENDENCIES:
  Stage-1 is a root stage
  Stage-2 depends on stages: Stage-1
  Stage-3 depends on stages: Stage-2
  Stage-4 depends on stages: Stage-3
  Stage-0 depends on stages: Stage-4

STAGE PLANS:
  Stage: Stage-1
    Map Reduce
      Map Operator Tree:
          TableScan
            alias: x
            Statistics: Num rows: 25 Data size: 191 Basic stats: COMPLETE Column stats: NONE
            Filter Operator
              predicate: key is not null (type: boolean)
              Statistics: Num rows: 25 Data size: 191 Basic stats: COMPLETE Column stats: NONE
              Select Operator
                expressions: key (type: string)
                outputColumnNames: _col0
                Statistics: Num rows: 25 Data size: 191 Basic stats: COMPLETE Column stats: NONE
                Reduce Output Operator
                  key expressions: _col0 (type: string)
                  sort order: +
                  Map-reduce partition columns: _col0 (type: string)
                  Statistics: Num rows: 25 Data size: 191 Basic stats: COMPLETE Column stats: NONE
          TableScan
            alias: y
            Statistics: Num rows: 25 Data size: 191 Basic stats: COMPLETE Column stats: NONE
            Filter Operator
              predicate: key is not null (type: boolean)
              Statistics: Num rows: 25 Data size: 191 Basic stats: COMPLETE Column stats: NONE
              Select Operator
                expressions: key (type: string)
                outputColumnNames: _col0
                Statistics: Num rows: 25 Data size: 191 Basic stats: COMPLETE Column stats: NONE
                Reduce Output Operator
                  key expressions: _col0 (type: string)
                  sort order: +
                  Map-reduce partition columns: _col0 (type: string)
                  Statistics: Num rows: 25 Data size: 191 Basic stats: COMPLETE Column stats: NONE
      Reduce Operator Tree:
        Join Operator
          condition map:
               Inner Join 0 to 1
          keys:
            0 _col0 (type: string)
            1 _col0 (type: string)
          outputColumnNames: _col0
          Statistics: Num rows: 27 Data size: 210 Basic stats: COMPLETE Column stats: NONE
          Group By Operator
            aggregations: count()
            keys: _col0 (type: string)
            mode: hash
            outputColumnNames: _col0, _col1
            Statistics: Num rows: 27 Data size: 210 Basic stats: COMPLETE Column stats: NONE
            File Output Operator
              compressed: false
              table:
                  input format: org.apache.hadoop.mapred.SequenceFileInputFormat
                  output format: org.apache.hadoop.hive.ql.io.HiveSequenceFileOutputFormat
                  serde: org.apache.hadoop.hive.serde2.lazybinary.LazyBinarySerDe

  Stage: Stage-2
    Map Reduce
      Map Operator Tree:
          TableScan
            Reduce Output Operator
              key expressions: _col0 (type: string)
              sort order: +
              Map-reduce partition columns: _col0 (type: string)
              Statistics: Num rows: 27 Data size: 210 Basic stats: COMPLETE Column stats: NONE
              value expressions: _col1 (type: bigint)
      Reduce Operator Tree:
        Group By Operator
          aggregations: count(VALUE._col0)
          keys: KEY._col0 (type: string)
          mode: mergepartial
          outputColumnNames: _col0, _col1
          Statistics: Num rows: 13 Data size: 101 Basic stats: COMPLETE Column stats: NONE
          File Output Operator
            compressed: false
            table:
                input format: org.apache.hadoop.mapred.SequenceFileInputFormat
                output format: org.apache.hadoop.hive.ql.io.HiveSequenceFileOutputFormat
                serde: org.apache.hadoop.hive.serde2.lazybinary.LazyBinarySerDe

  Stage: Stage-3
    Map Reduce
      Map Operator Tree:
          TableScan
            Reduce Output Operator
              key expressions: _col0 (type: string)
              sort order: +
              Map-reduce partition columns: _col0 (type: string)
              Statistics: Num rows: 13 Data size: 101 Basic stats: COMPLETE Column stats: NONE
              value expressions: _col1 (type: bigint)
          TableScan
            alias: yy
            Statistics: Num rows: 500 Data size: 5312 Basic stats: COMPLETE Column stats: NONE
            Filter Operator
              predicate: key is not null (type: boolean)
              Statistics: Num rows: 500 Data size: 5312 Basic stats: COMPLETE Column stats: NONE
              Select Operator
                expressions: key (type: string)
                outputColumnNames: _col0
                Statistics: Num rows: 500 Data size: 5312 Basic stats: COMPLETE Column stats: NONE
                Reduce Output Operator
                  key expressions: _col0 (type: string)
                  sort order: +
                  Map-reduce partition columns: _col0 (type: string)
                  Statistics: Num rows: 500 Data size: 5312 Basic stats: COMPLETE Column stats: NONE
      Reduce Operator Tree:
        Join Operator
          condition map:
               Inner Join 0 to 1
          keys:
            0 _col0 (type: string)
            1 _col0 (type: string)
          outputColumnNames: _col0, _col1, _col2
          Statistics: Num rows: 550 Data size: 5843 Basic stats: COMPLETE Column stats: NONE
          File Output Operator
            compressed: false
            table:
                input format: org.apache.hadoop.mapred.SequenceFileInputFormat
                output format: org.apache.hadoop.hive.ql.io.HiveSequenceFileOutputFormat
                serde: org.apache.hadoop.hive.serde2.lazybinary.LazyBinarySerDe

  Stage: Stage-4
    Map Reduce
      Map Operator Tree:
          TableScan
            Reduce Output Operator
              key expressions: _col0 (type: string), _col1 (type: bigint), _col2 (type: string)
              sort order: +++
              Statistics: Num rows: 550 Data size: 5843 Basic stats: COMPLETE Column stats: NONE
      Reduce Operator Tree:
        Select Operator
          expressions: KEY.reducesinkkey0 (type: string), KEY.reducesinkkey1 (type: bigint), KEY.reducesinkkey2 (type: string)
          outputColumnNames: _col0, _col1, _col2
          Statistics: Num rows: 550 Data size: 5843 Basic stats: COMPLETE Column stats: NONE
          File Output Operator
            compressed: false
            Statistics: Num rows: 550 Data size: 5843 Basic stats: COMPLETE Column stats: NONE
            table:
                input format: org.apache.hadoop.mapred.SequenceFileInputFormat
                output format: org.apache.hadoop.hive.ql.io.HiveSequenceFileOutputFormat
                serde: org.apache.hadoop.hive.serde2.lazy.LazySimpleSerDe

  Stage: Stage-0
    Fetch Operator
      limit: -1
      Processor Tree:
        ListSink

PREHOOK: query: SELECT xx.key, xx.cnt, yy.key
FROM
(SELECT x.key as key, count(1) as cnt FROM src1 x JOIN src1 y ON (x.key = y.key) group by x.key) xx
JOIN src yy
ON xx.key=yy.key
PREHOOK: type: QUERY
PREHOOK: Input: default@src
PREHOOK: Input: default@src1
#### A masked pattern was here ####
POSTHOOK: query: SELECT xx.key, xx.cnt, yy.key
FROM
(SELECT x.key as key, count(1) as cnt FROM src1 x JOIN src1 y ON (x.key = y.key) group by x.key) xx
JOIN src yy
ON xx.key=yy.key
POSTHOOK: type: QUERY
POSTHOOK: Input: default@src
POSTHOOK: Input: default@src1
#### A masked pattern was here ####
128	1	128
128	1	128
128	1	128
146	1	146
146	1	146
150	1	150
213	1	213
213	1	213
224	1	224
224	1	224
238	1	238
238	1	238
255	1	255
255	1	255
273	1	273
273	1	273
273	1	273
278	1	278
278	1	278
311	1	311
311	1	311
311	1	311
369	1	369
369	1	369
369	1	369
401	1	401
401	1	401
401	1	401
401	1	401
401	1	401
406	1	406
406	1	406
406	1	406
406	1	406
66	1	66
98	1	98
98	1	98
PREHOOK: query: EXPLAIN
SELECT xx.key, xx.cnt, yy.key
FROM
(SELECT x.key as key, count(1) as cnt FROM src1 x JOIN src1 y ON (x.key = y.key) group by x.key) xx
JOIN src yy
ON xx.key=yy.key
PREHOOK: type: QUERY
POSTHOOK: query: EXPLAIN
SELECT xx.key, xx.cnt, yy.key
FROM
(SELECT x.key as key, count(1) as cnt FROM src1 x JOIN src1 y ON (x.key = y.key) group by x.key) xx
JOIN src yy
ON xx.key=yy.key
POSTHOOK: type: QUERY
STAGE DEPENDENCIES:
  Stage-1 is a root stage
  Stage-0 depends on stages: Stage-1

STAGE PLANS:
  Stage: Stage-1
    Map Reduce
      Map Operator Tree:
          TableScan
            alias: x
            Statistics: Num rows: 25 Data size: 191 Basic stats: COMPLETE Column stats: NONE
            Filter Operator
              predicate: key is not null (type: boolean)
              Statistics: Num rows: 25 Data size: 191 Basic stats: COMPLETE Column stats: NONE
              Select Operator
                expressions: key (type: string)
                outputColumnNames: _col0
                Statistics: Num rows: 25 Data size: 191 Basic stats: COMPLETE Column stats: NONE
                Reduce Output Operator
                  key expressions: _col0 (type: string)
                  sort order: +
                  Map-reduce partition columns: _col0 (type: string)
                  Statistics: Num rows: 25 Data size: 191 Basic stats: COMPLETE Column stats: NONE
          TableScan
            alias: y
            Statistics: Num rows: 25 Data size: 191 Basic stats: COMPLETE Column stats: NONE
            Filter Operator
              predicate: key is not null (type: boolean)
              Statistics: Num rows: 25 Data size: 191 Basic stats: COMPLETE Column stats: NONE
              Select Operator
                expressions: key (type: string)
                outputColumnNames: _col0
                Statistics: Num rows: 25 Data size: 191 Basic stats: COMPLETE Column stats: NONE
                Reduce Output Operator
                  key expressions: _col0 (type: string)
                  sort order: +
                  Map-reduce partition columns: _col0 (type: string)
                  Statistics: Num rows: 25 Data size: 191 Basic stats: COMPLETE Column stats: NONE
          TableScan
            alias: yy
            Statistics: Num rows: 500 Data size: 5312 Basic stats: COMPLETE Column stats: NONE
            Filter Operator
              predicate: key is not null (type: boolean)
              Statistics: Num rows: 500 Data size: 5312 Basic stats: COMPLETE Column stats: NONE
              Select Operator
                expressions: key (type: string)
                outputColumnNames: _col0
                Statistics: Num rows: 500 Data size: 5312 Basic stats: COMPLETE Column stats: NONE
                Reduce Output Operator
                  key expressions: _col0 (type: string)
                  sort order: +
                  Map-reduce partition columns: _col0 (type: string)
                  Statistics: Num rows: 500 Data size: 5312 Basic stats: COMPLETE Column stats: NONE
      Reduce Operator Tree:
        Demux Operator
          Statistics: Num rows: 550 Data size: 5694 Basic stats: COMPLETE Column stats: NONE
          Join Operator
            condition map:
                 Inner Join 0 to 1
            keys:
              0 _col0 (type: string)
              1 _col0 (type: string)
            outputColumnNames: _col0
            Statistics: Num rows: 0 Data size: 0 Basic stats: NONE Column stats: NONE
            Mux Operator
              Statistics: Num rows: 0 Data size: 0 Basic stats: NONE Column stats: NONE
              Group By Operator
                aggregations: count()
                keys: _col0 (type: string)
                mode: complete
                outputColumnNames: _col0, _col1
                Statistics: Num rows: 1 Data size: 0 Basic stats: PARTIAL Column stats: NONE
                Mux Operator
                  Statistics: Num rows: 551 Data size: 5694 Basic stats: COMPLETE Column stats: NONE
                  Join Operator
                    condition map:
                         Inner Join 0 to 1
                    keys:
                      0 _col0 (type: string)
                      1 _col0 (type: string)
                    outputColumnNames: _col0, _col1, _col2
                    Statistics: Num rows: 0 Data size: 0 Basic stats: NONE Column stats: NONE
                    File Output Operator
                      compressed: false
                      Statistics: Num rows: 0 Data size: 0 Basic stats: NONE Column stats: NONE
                      table:
                          input format: org.apache.hadoop.mapred.SequenceFileInputFormat
                          output format: org.apache.hadoop.hive.ql.io.HiveSequenceFileOutputFormat
                          serde: org.apache.hadoop.hive.serde2.lazy.LazySimpleSerDe
          Mux Operator
            Statistics: Num rows: 551 Data size: 5694 Basic stats: COMPLETE Column stats: NONE
            Join Operator
              condition map:
                   Inner Join 0 to 1
              keys:
                0 _col0 (type: string)
                1 _col0 (type: string)
              outputColumnNames: _col0, _col1, _col2
              Statistics: Num rows: 0 Data size: 0 Basic stats: NONE Column stats: NONE
              File Output Operator
                compressed: false
                Statistics: Num rows: 0 Data size: 0 Basic stats: NONE Column stats: NONE
                table:
                    input format: org.apache.hadoop.mapred.SequenceFileInputFormat
                    output format: org.apache.hadoop.hive.ql.io.HiveSequenceFileOutputFormat
                    serde: org.apache.hadoop.hive.serde2.lazy.LazySimpleSerDe

  Stage: Stage-0
    Fetch Operator
      limit: -1
      Processor Tree:
        ListSink

PREHOOK: query: SELECT xx.key, xx.cnt, yy.key
FROM
(SELECT x.key as key, count(1) as cnt FROM src1 x JOIN src1 y ON (x.key = y.key) group by x.key) xx
JOIN src yy
ON xx.key=yy.key
PREHOOK: type: QUERY
PREHOOK: Input: default@src
PREHOOK: Input: default@src1
#### A masked pattern was here ####
POSTHOOK: query: SELECT xx.key, xx.cnt, yy.key
FROM
(SELECT x.key as key, count(1) as cnt FROM src1 x JOIN src1 y ON (x.key = y.key) group by x.key) xx
JOIN src yy
ON xx.key=yy.key
POSTHOOK: type: QUERY
POSTHOOK: Input: default@src
POSTHOOK: Input: default@src1
#### A masked pattern was here ####
128	1	128
128	1	128
128	1	128
146	1	146
146	1	146
150	1	150
213	1	213
213	1	213
224	1	224
224	1	224
238	1	238
238	1	238
255	1	255
255	1	255
273	1	273
273	1	273
273	1	273
278	1	278
278	1	278
311	1	311
311	1	311
311	1	311
369	1	369
369	1	369
369	1	369
401	1	401
401	1	401
401	1	401
401	1	401
401	1	401
406	1	406
406	1	406
406	1	406
406	1	406
66	1	66
98	1	98
98	1	98
