PREHOOK: query: EXPLAIN
CREATE TEMPORARY FUNCTION test_avg AS 'org.apache.hadoop.hive.ql.udf.generic.GenericUDAFAverage'
PREHOOK: type: CREATEFUNCTION
PREHOOK: Output: test_avg
POSTHOOK: query: EXPLAIN
CREATE TEMPORARY FUNCTION test_avg AS 'org.apache.hadoop.hive.ql.udf.generic.GenericUDAFAverage'
POSTHOOK: type: CREATEFUNCTION
POSTHOOK: Output: test_avg
STAGE DEPENDENCIES:
  Stage-0 is a root stage

STAGE PLANS:
  Stage: Stage-0

PREHOOK: query: CREATE TEMPORARY FUNCTION test_avg AS 'org.apache.hadoop.hive.ql.udf.generic.GenericUDAFAverage'
PREHOOK: type: CREATEFUNCTION
PREHOOK: Output: test_avg
POSTHOOK: query: CREATE TEMPORARY FUNCTION test_avg AS 'org.apache.hadoop.hive.ql.udf.generic.GenericUDAFAverage'
POSTHOOK: type: CREATEFUNCTION
POSTHOOK: Output: test_avg
PREHOOK: query: EXPLAIN
SELECT
    test_avg(1),
    test_avg(substr(value,5))
FROM src
PREHOOK: type: QUERY
PREHOOK: Input: default@src
#### A masked pattern was here ####
POSTHOOK: query: EXPLAIN
SELECT
    test_avg(1),
    test_avg(substr(value,5))
FROM src
POSTHOOK: type: QUERY
POSTHOOK: Input: default@src
#### A masked pattern was here ####
STAGE DEPENDENCIES:
  Stage-1 is a root stage
  Stage-0 depends on stages: Stage-1

STAGE PLANS:
  Stage: Stage-1
    Map Reduce
      Map Operator Tree:
          TableScan
            alias: src
            Statistics: Num rows: 500 Data size: 5312 Basic stats: COMPLETE Column stats: NONE
            Select Operator
              expressions: substr(value, 5) (type: string)
              outputColumnNames: _col1
              Statistics: Num rows: 500 Data size: 5312 Basic stats: COMPLETE Column stats: NONE
              Group By Operator
                aggregations: test_avg(1), test_avg(_col1)
                mode: hash
                outputColumnNames: _col0, _col1
                Statistics: Num rows: 1 Data size: 332 Basic stats: COMPLETE Column stats: NONE
                Reduce Output Operator
                  sort order: 
                  Statistics: Num rows: 1 Data size: 332 Basic stats: COMPLETE Column stats: NONE
                  value expressions: _col0 (type: struct<count:bigint,sum:double,input:int>), _col1 (type: struct<count:bigint,sum:double,input:string>)
      Reduce Operator Tree:
        Group By Operator
          aggregations: test_avg(VALUE._col0), test_avg(VALUE._col1)
          mode: mergepartial
          outputColumnNames: _col0, _col1
          Statistics: Num rows: 1 Data size: 332 Basic stats: COMPLETE Column stats: NONE
          File Output Operator
            compressed: false
            Statistics: Num rows: 1 Data size: 332 Basic stats: COMPLETE Column stats: NONE
            table:
                input format: org.apache.hadoop.mapred.SequenceFileInputFormat
                output format: org.apache.hadoop.hive.ql.io.HiveSequenceFileOutputFormat
                serde: org.apache.hadoop.hive.serde2.lazy.LazySimpleSerDe

  Stage: Stage-0
    Fetch Operator
      limit: -1
      Processor Tree:
        ListSink

PREHOOK: query: SELECT
    test_avg(1),
    test_avg(substr(value,5))
FROM src
PREHOOK: type: QUERY
PREHOOK: Input: default@src
#### A masked pattern was here ####
POSTHOOK: query: SELECT
    test_avg(1),
    test_avg(substr(value,5))
FROM src
POSTHOOK: type: QUERY
POSTHOOK: Input: default@src
#### A masked pattern was here ####
1.0	260.182
PREHOOK: query: DROP TEMPORARY FUNCTIOn test_avg
PREHOOK: type: DROPFUNCTION
PREHOOK: Output: test_avg
POSTHOOK: query: DROP TEMPORARY FUNCTIOn test_avg
POSTHOOK: type: DROPFUNCTION
POSTHOOK: Output: test_avg
