Warning: Shuffle Join JOIN[8][tables = [$hdt$_0, $hdt$_1]] in Stage 'Stage-1:MAPRED' is a cross product
PREHOOK: query: explain
with q1 as (select * from src where key= '5')
select a.key
from q1 a join q1 b
on a.key=b.key
PREHOOK: type: QUERY
PREHOOK: Input: default@src
#### A masked pattern was here ####
POSTHOOK: query: explain
with q1 as (select * from src where key= '5')
select a.key
from q1 a join q1 b
on a.key=b.key
POSTHOOK: type: QUERY
POSTHOOK: Input: default@src
#### A masked pattern was here ####
STAGE DEPENDENCIES:
  Stage-1 is a root stage
  Stage-0 depends on stages: Stage-1

STAGE PLANS:
  Stage: Stage-1
    Map Reduce
      Map Operator Tree:
          TableScan
            alias: src
            filterExpr: (key = '5') (type: boolean)
            Statistics: Num rows: 500 Data size: 43500 Basic stats: COMPLETE Column stats: COMPLETE
            Filter Operator
              predicate: (key = '5') (type: boolean)
              Statistics: Num rows: 2 Data size: 174 Basic stats: COMPLETE Column stats: COMPLETE
              Select Operator
                Statistics: Num rows: 2 Data size: 170 Basic stats: COMPLETE Column stats: COMPLETE
                Reduce Output Operator
                  null sort order: 
                  sort order: 
                  Statistics: Num rows: 2 Data size: 170 Basic stats: COMPLETE Column stats: COMPLETE
          TableScan
            alias: src
            filterExpr: (key = '5') (type: boolean)
            Statistics: Num rows: 500 Data size: 43500 Basic stats: COMPLETE Column stats: COMPLETE
            Filter Operator
              predicate: (key = '5') (type: boolean)
              Statistics: Num rows: 2 Data size: 174 Basic stats: COMPLETE Column stats: COMPLETE
              Select Operator
                Statistics: Num rows: 2 Data size: 170 Basic stats: COMPLETE Column stats: COMPLETE
                Reduce Output Operator
                  null sort order: 
                  sort order: 
                  Statistics: Num rows: 2 Data size: 170 Basic stats: COMPLETE Column stats: COMPLETE
      Reduce Operator Tree:
        Join Operator
          condition map:
               Inner Join 0 to 1
          keys:
            0 
            1 
          Statistics: Num rows: 4 Data size: 32 Basic stats: COMPLETE Column stats: COMPLETE
          Select Operator
            expressions: '5' (type: string)
            outputColumnNames: _col0
            Statistics: Num rows: 4 Data size: 340 Basic stats: COMPLETE Column stats: COMPLETE
            File Output Operator
              compressed: false
              Statistics: Num rows: 4 Data size: 340 Basic stats: COMPLETE Column stats: COMPLETE
              table:
                  input format: org.apache.hadoop.mapred.SequenceFileInputFormat
                  output format: org.apache.hadoop.hive.ql.io.HiveSequenceFileOutputFormat
                  serde: org.apache.hadoop.hive.serde2.lazy.LazySimpleSerDe

  Stage: Stage-0
    Fetch Operator
      limit: -1
      Processor Tree:
        ListSink

