PREHOOK: query: explain select 100.001BD
PREHOOK: type: QUERY
PREHOOK: Input: _dummy_database@_dummy_table
#### A masked pattern was here ####
POSTHOOK: query: explain select 100.001BD
POSTHOOK: type: QUERY
POSTHOOK: Input: _dummy_database@_dummy_table
#### A masked pattern was here ####
STAGE DEPENDENCIES:
  Stage-0 is a root stage

STAGE PLANS:
  Stage: Stage-0
    Fetch Operator
      limit: -1
      Processor Tree:
        TableScan
          alias: _dummy_table
          Row Limit Per Split: 1
          Statistics: Num rows: 1 Data size: 10 Basic stats: COMPLETE Column stats: COMPLETE
          Select Operator
            expressions: 100.001 (type: decimal(6,3))
            outputColumnNames: _col0
            Statistics: Num rows: 1 Data size: 112 Basic stats: COMPLETE Column stats: COMPLETE
            ListSink

PREHOOK: query: explain select 100.000BD
PREHOOK: type: QUERY
PREHOOK: Input: _dummy_database@_dummy_table
#### A masked pattern was here ####
POSTHOOK: query: explain select 100.000BD
POSTHOOK: type: QUERY
POSTHOOK: Input: _dummy_database@_dummy_table
#### A masked pattern was here ####
STAGE DEPENDENCIES:
  Stage-0 is a root stage

STAGE PLANS:
  Stage: Stage-0
    Fetch Operator
      limit: -1
      Processor Tree:
        TableScan
          alias: _dummy_table
          Row Limit Per Split: 1
          Statistics: Num rows: 1 Data size: 10 Basic stats: COMPLETE Column stats: COMPLETE
          Select Operator
            expressions: 100 (type: decimal(3,0))
            outputColumnNames: _col0
            Statistics: Num rows: 1 Data size: 112 Basic stats: COMPLETE Column stats: COMPLETE
            ListSink

PREHOOK: query: explain select 0.000BD
PREHOOK: type: QUERY
PREHOOK: Input: _dummy_database@_dummy_table
#### A masked pattern was here ####
POSTHOOK: query: explain select 0.000BD
POSTHOOK: type: QUERY
POSTHOOK: Input: _dummy_database@_dummy_table
#### A masked pattern was here ####
STAGE DEPENDENCIES:
  Stage-0 is a root stage

STAGE PLANS:
  Stage: Stage-0
    Fetch Operator
      limit: -1
      Processor Tree:
        TableScan
          alias: _dummy_table
          Row Limit Per Split: 1
          Statistics: Num rows: 1 Data size: 10 Basic stats: COMPLETE Column stats: COMPLETE
          Select Operator
            expressions: 0 (type: decimal(1,0))
            outputColumnNames: _col0
            Statistics: Num rows: 1 Data size: 112 Basic stats: COMPLETE Column stats: COMPLETE
            ListSink

PREHOOK: query: explain select 0.100BD
PREHOOK: type: QUERY
PREHOOK: Input: _dummy_database@_dummy_table
#### A masked pattern was here ####
POSTHOOK: query: explain select 0.100BD
POSTHOOK: type: QUERY
POSTHOOK: Input: _dummy_database@_dummy_table
#### A masked pattern was here ####
STAGE DEPENDENCIES:
  Stage-0 is a root stage

STAGE PLANS:
  Stage: Stage-0
    Fetch Operator
      limit: -1
      Processor Tree:
        TableScan
          alias: _dummy_table
          Row Limit Per Split: 1
          Statistics: Num rows: 1 Data size: 10 Basic stats: COMPLETE Column stats: COMPLETE
          Select Operator
            expressions: 0.1 (type: decimal(1,1))
            outputColumnNames: _col0
            Statistics: Num rows: 1 Data size: 112 Basic stats: COMPLETE Column stats: COMPLETE
            ListSink

PREHOOK: query: explain select 0.010BD
PREHOOK: type: QUERY
PREHOOK: Input: _dummy_database@_dummy_table
#### A masked pattern was here ####
POSTHOOK: query: explain select 0.010BD
POSTHOOK: type: QUERY
POSTHOOK: Input: _dummy_database@_dummy_table
#### A masked pattern was here ####
STAGE DEPENDENCIES:
  Stage-0 is a root stage

STAGE PLANS:
  Stage: Stage-0
    Fetch Operator
      limit: -1
      Processor Tree:
        TableScan
          alias: _dummy_table
          Row Limit Per Split: 1
          Statistics: Num rows: 1 Data size: 10 Basic stats: COMPLETE Column stats: COMPLETE
          Select Operator
            expressions: 0.01 (type: decimal(2,2))
            outputColumnNames: _col0
            Statistics: Num rows: 1 Data size: 112 Basic stats: COMPLETE Column stats: COMPLETE
            ListSink

PREHOOK: query: explain select cast(0.010 as decimal(6,3))
PREHOOK: type: QUERY
PREHOOK: Input: _dummy_database@_dummy_table
#### A masked pattern was here ####
POSTHOOK: query: explain select cast(0.010 as decimal(6,3))
POSTHOOK: type: QUERY
POSTHOOK: Input: _dummy_database@_dummy_table
#### A masked pattern was here ####
STAGE DEPENDENCIES:
  Stage-0 is a root stage

STAGE PLANS:
  Stage: Stage-0
    Fetch Operator
      limit: -1
      Processor Tree:
        TableScan
          alias: _dummy_table
          Row Limit Per Split: 1
          Statistics: Num rows: 1 Data size: 10 Basic stats: COMPLETE Column stats: COMPLETE
          Select Operator
            expressions: 0.01 (type: decimal(6,3))
            outputColumnNames: _col0
            Statistics: Num rows: 1 Data size: 112 Basic stats: COMPLETE Column stats: COMPLETE
            ListSink

PREHOOK: query: explain select 0.09765625BD * 0.09765625BD * 0.0125BD * 578992BD
PREHOOK: type: QUERY
PREHOOK: Input: _dummy_database@_dummy_table
#### A masked pattern was here ####
POSTHOOK: query: explain select 0.09765625BD * 0.09765625BD * 0.0125BD * 578992BD
POSTHOOK: type: QUERY
POSTHOOK: Input: _dummy_database@_dummy_table
#### A masked pattern was here ####
STAGE DEPENDENCIES:
  Stage-0 is a root stage

STAGE PLANS:
  Stage: Stage-0
    Fetch Operator
      limit: -1
      Processor Tree:
        TableScan
          alias: _dummy_table
          Row Limit Per Split: 1
          Statistics: Num rows: 1 Data size: 10 Basic stats: COMPLETE Column stats: COMPLETE
          Select Operator
            expressions: 69.0212249755859375 (type: decimal(27,20))
            outputColumnNames: _col0
            Statistics: Num rows: 1 Data size: 112 Basic stats: COMPLETE Column stats: COMPLETE
            ListSink

PREHOOK: query: select 0.09765625BD * 0.09765625BD * 0.0125BD * 578992BD
PREHOOK: type: QUERY
PREHOOK: Input: _dummy_database@_dummy_table
#### A masked pattern was here ####
POSTHOOK: query: select 0.09765625BD * 0.09765625BD * 0.0125BD * 578992BD
POSTHOOK: type: QUERY
POSTHOOK: Input: _dummy_database@_dummy_table
#### A masked pattern was here ####
69.0212249755859375
