PREHOOK: query: drop table if exists decimal_1_n1
PREHOOK: type: DROPTABLE
POSTHOOK: query: drop table if exists decimal_1_n1
POSTHOOK: type: DROPTABLE
PREHOOK: query: create table decimal_1_n1 (t decimal(4,2), u decimal(5), v decimal)
PREHOOK: type: CREATETABLE
PREHOOK: Output: database:default
PREHOOK: Output: default@decimal_1_n1
POSTHOOK: query: create table decimal_1_n1 (t decimal(4,2), u decimal(5), v decimal)
POSTHOOK: type: CREATETABLE
POSTHOOK: Output: database:default
POSTHOOK: Output: default@decimal_1_n1
PREHOOK: query: desc decimal_1_n1
PREHOOK: type: DESCTABLE
PREHOOK: Input: default@decimal_1_n1
POSTHOOK: query: desc decimal_1_n1
POSTHOOK: type: DESCTABLE
POSTHOOK: Input: default@decimal_1_n1
t                   	decimal(4,2)        	                    
u                   	decimal(5,0)        	                    
v                   	decimal(10,0)       	                    
PREHOOK: query: insert overwrite table decimal_1_n1
  select cast('17.29' as decimal(4,2)), 3.1415926BD, null from src
PREHOOK: type: QUERY
PREHOOK: Input: default@src
PREHOOK: Output: default@decimal_1_n1
POSTHOOK: query: insert overwrite table decimal_1_n1
  select cast('17.29' as decimal(4,2)), 3.1415926BD, null from src
POSTHOOK: type: QUERY
POSTHOOK: Input: default@src
POSTHOOK: Output: default@decimal_1_n1
POSTHOOK: Lineage: decimal_1_n1.t SIMPLE []
POSTHOOK: Lineage: decimal_1_n1.u EXPRESSION []
POSTHOOK: Lineage: decimal_1_n1.v EXPRESSION []
PREHOOK: query: analyze table decimal_1_n1 compute statistics for columns
PREHOOK: type: ANALYZE_TABLE
PREHOOK: Input: default@decimal_1_n1
PREHOOK: Output: default@decimal_1_n1
#### A masked pattern was here ####
POSTHOOK: query: analyze table decimal_1_n1 compute statistics for columns
POSTHOOK: type: ANALYZE_TABLE
POSTHOOK: Input: default@decimal_1_n1
POSTHOOK: Output: default@decimal_1_n1
#### A masked pattern was here ####
PREHOOK: query: desc formatted decimal_1_n1 v
PREHOOK: type: DESCTABLE
PREHOOK: Input: default@decimal_1_n1
POSTHOOK: query: desc formatted decimal_1_n1 v
POSTHOOK: type: DESCTABLE
POSTHOOK: Input: default@decimal_1_n1
col_name            	v                   	 	 	 	 	 	 	 	 	 	 
data_type           	decimal(10,0)       	 	 	 	 	 	 	 	 	 	 
min                 	                    	 	 	 	 	 	 	 	 	 	 
max                 	                    	 	 	 	 	 	 	 	 	 	 
num_nulls           	500                 	 	 	 	 	 	 	 	 	 	 
distinct_count      	1                   	 	 	 	 	 	 	 	 	 	 
avg_col_len         	                    	 	 	 	 	 	 	 	 	 	 
max_col_len         	                    	 	 	 	 	 	 	 	 	 	 
num_trues           	                    	 	 	 	 	 	 	 	 	 	 
num_falses          	                    	 	 	 	 	 	 	 	 	 	 
bitVector           	HL                  	 	 	 	 	 	 	 	 	 	 
comment             	from deserializer   	 	 	 	 	 	 	 	 	 	 
COLUMN_STATS_ACCURATE	{\"BASIC_STATS\":\"true\",\"COLUMN_STATS\":{\"t\":\"true\",\"u\":\"true\",\"v\":\"true\"}}	 	 	 	 	 	 	 	 	 	 
PREHOOK: query: explain select * from decimal_1_n1 order by t limit 100
PREHOOK: type: QUERY
PREHOOK: Input: default@decimal_1_n1
#### A masked pattern was here ####
POSTHOOK: query: explain select * from decimal_1_n1 order by t limit 100
POSTHOOK: type: QUERY
POSTHOOK: Input: default@decimal_1_n1
#### A masked pattern was here ####
STAGE DEPENDENCIES:
  Stage-1 is a root stage
  Stage-0 depends on stages: Stage-1

STAGE PLANS:
  Stage: Stage-1
    Map Reduce
      Map Operator Tree:
          TableScan
            alias: decimal_1_n1
            Statistics: Num rows: 500 Data size: 112112 Basic stats: COMPLETE Column stats: COMPLETE
            Select Operator
              expressions: t (type: decimal(4,2)), u (type: decimal(5,0)), v (type: decimal(10,0))
              outputColumnNames: _col0, _col1, _col2
              Statistics: Num rows: 500 Data size: 112112 Basic stats: COMPLETE Column stats: COMPLETE
              Reduce Output Operator
                key expressions: _col0 (type: decimal(4,2))
                sort order: +
                Statistics: Num rows: 500 Data size: 112112 Basic stats: COMPLETE Column stats: COMPLETE
                TopN Hash Memory Usage: 0.1
                value expressions: _col1 (type: decimal(5,0)), _col2 (type: decimal(10,0))
      Execution mode: vectorized
      Reduce Operator Tree:
        Select Operator
          expressions: KEY.reducesinkkey0 (type: decimal(4,2)), VALUE._col0 (type: decimal(5,0)), VALUE._col1 (type: decimal(10,0))
          outputColumnNames: _col0, _col1, _col2
          Statistics: Num rows: 500 Data size: 112112 Basic stats: COMPLETE Column stats: COMPLETE
          Limit
            Number of rows: 100
            Statistics: Num rows: 100 Data size: 22512 Basic stats: COMPLETE Column stats: COMPLETE
            File Output Operator
              compressed: false
              Statistics: Num rows: 100 Data size: 22512 Basic stats: COMPLETE Column stats: COMPLETE
              table:
                  input format: org.apache.hadoop.mapred.SequenceFileInputFormat
                  output format: org.apache.hadoop.hive.ql.io.HiveSequenceFileOutputFormat
                  serde: org.apache.hadoop.hive.serde2.lazy.LazySimpleSerDe

  Stage: Stage-0
    Fetch Operator
      limit: 100
      Processor Tree:
        ListSink

PREHOOK: query: drop table decimal_1_n1
PREHOOK: type: DROPTABLE
PREHOOK: Input: default@decimal_1_n1
PREHOOK: Output: default@decimal_1_n1
POSTHOOK: query: drop table decimal_1_n1
POSTHOOK: type: DROPTABLE
POSTHOOK: Input: default@decimal_1_n1
POSTHOOK: Output: default@decimal_1_n1
