PREHOOK: query: explain select distinct count(*) from src1 where key in (128,146,150)
PREHOOK: type: QUERY
PREHOOK: Input: default@src1
#### A masked pattern was here ####
POSTHOOK: query: explain select distinct count(*) from src1 where key in (128,146,150)
POSTHOOK: type: QUERY
POSTHOOK: Input: default@src1
#### A masked pattern was here ####
STAGE DEPENDENCIES:
  Stage-1 is a root stage
  Stage-0 depends on stages: Stage-1

STAGE PLANS:
  Stage: Stage-1
    Map Reduce
      Map Operator Tree:
          TableScan
            alias: src1
            filterExpr: (key) IN (128, 146, 150) (type: boolean)
            Statistics: Num rows: 25 Data size: 2150 Basic stats: COMPLETE Column stats: COMPLETE
            Filter Operator
              predicate: (key) IN (128, 146, 150) (type: boolean)
              Statistics: Num rows: 5 Data size: 430 Basic stats: COMPLETE Column stats: COMPLETE
              Select Operator
                Statistics: Num rows: 5 Data size: 430 Basic stats: COMPLETE Column stats: COMPLETE
                Group By Operator
                  aggregations: count()
                  mode: hash
                  outputColumnNames: _col0
                  Statistics: Num rows: 1 Data size: 8 Basic stats: COMPLETE Column stats: COMPLETE
                  Reduce Output Operator
                    sort order: 
                    Statistics: Num rows: 1 Data size: 8 Basic stats: COMPLETE Column stats: COMPLETE
                    value expressions: _col0 (type: bigint)
      Reduce Operator Tree:
        Group By Operator
          aggregations: count(VALUE._col0)
          mode: mergepartial
          outputColumnNames: _col0
          Statistics: Num rows: 1 Data size: 8 Basic stats: COMPLETE Column stats: COMPLETE
          File Output Operator
            compressed: false
            Statistics: Num rows: 1 Data size: 8 Basic stats: COMPLETE Column stats: COMPLETE
            table:
                input format: org.apache.hadoop.mapred.SequenceFileInputFormat
                output format: org.apache.hadoop.hive.ql.io.HiveSequenceFileOutputFormat
                serde: org.apache.hadoop.hive.serde2.lazy.LazySimpleSerDe

  Stage: Stage-0
    Fetch Operator
      limit: -1
      Processor Tree:
        ListSink

PREHOOK: query: select distinct count(*) from src1 where key in (128,146,150)
PREHOOK: type: QUERY
PREHOOK: Input: default@src1
#### A masked pattern was here ####
POSTHOOK: query: select distinct count(*) from src1 where key in (128,146,150)
POSTHOOK: type: QUERY
POSTHOOK: Input: default@src1
#### A masked pattern was here ####
3
PREHOOK: query: explain select distinct * from (select distinct count(*) from src1 where key in (128,146,150)) as T
PREHOOK: type: QUERY
PREHOOK: Input: default@src1
#### A masked pattern was here ####
POSTHOOK: query: explain select distinct * from (select distinct count(*) from src1 where key in (128,146,150)) as T
POSTHOOK: type: QUERY
POSTHOOK: Input: default@src1
#### A masked pattern was here ####
STAGE DEPENDENCIES:
  Stage-1 is a root stage
  Stage-2 depends on stages: Stage-1
  Stage-0 depends on stages: Stage-2

STAGE PLANS:
  Stage: Stage-1
    Map Reduce
      Map Operator Tree:
          TableScan
            alias: src1
            filterExpr: (key) IN (128, 146, 150) (type: boolean)
            Statistics: Num rows: 25 Data size: 2150 Basic stats: COMPLETE Column stats: COMPLETE
            Filter Operator
              predicate: (key) IN (128, 146, 150) (type: boolean)
              Statistics: Num rows: 5 Data size: 430 Basic stats: COMPLETE Column stats: COMPLETE
              Select Operator
                Statistics: Num rows: 5 Data size: 430 Basic stats: COMPLETE Column stats: COMPLETE
                Group By Operator
                  aggregations: count()
                  mode: hash
                  outputColumnNames: _col0
                  Statistics: Num rows: 1 Data size: 8 Basic stats: COMPLETE Column stats: COMPLETE
                  Reduce Output Operator
                    sort order: 
                    Statistics: Num rows: 1 Data size: 8 Basic stats: COMPLETE Column stats: COMPLETE
                    value expressions: _col0 (type: bigint)
      Reduce Operator Tree:
        Group By Operator
          aggregations: count(VALUE._col0)
          mode: mergepartial
          outputColumnNames: _col0
          Statistics: Num rows: 1 Data size: 8 Basic stats: COMPLETE Column stats: COMPLETE
          Group By Operator
            keys: _col0 (type: bigint)
            mode: hash
            outputColumnNames: _col0
            Statistics: Num rows: 1 Data size: 8 Basic stats: COMPLETE Column stats: COMPLETE
            File Output Operator
              compressed: false
              table:
                  input format: org.apache.hadoop.mapred.SequenceFileInputFormat
                  output format: org.apache.hadoop.hive.ql.io.HiveSequenceFileOutputFormat
                  serde: org.apache.hadoop.hive.serde2.lazybinary.LazyBinarySerDe

  Stage: Stage-2
    Map Reduce
      Map Operator Tree:
          TableScan
            Reduce Output Operator
              key expressions: _col0 (type: bigint)
              sort order: +
              Map-reduce partition columns: _col0 (type: bigint)
              Statistics: Num rows: 1 Data size: 8 Basic stats: COMPLETE Column stats: COMPLETE
      Execution mode: vectorized
      Reduce Operator Tree:
        Group By Operator
          keys: KEY._col0 (type: bigint)
          mode: mergepartial
          outputColumnNames: _col0
          Statistics: Num rows: 1 Data size: 8 Basic stats: COMPLETE Column stats: COMPLETE
          File Output Operator
            compressed: false
            Statistics: Num rows: 1 Data size: 8 Basic stats: COMPLETE Column stats: COMPLETE
            table:
                input format: org.apache.hadoop.mapred.SequenceFileInputFormat
                output format: org.apache.hadoop.hive.ql.io.HiveSequenceFileOutputFormat
                serde: org.apache.hadoop.hive.serde2.lazy.LazySimpleSerDe

  Stage: Stage-0
    Fetch Operator
      limit: -1
      Processor Tree:
        ListSink

PREHOOK: query: select distinct * from (select distinct count(*) from src1 where key in (128,146,150)) as T
PREHOOK: type: QUERY
PREHOOK: Input: default@src1
#### A masked pattern was here ####
POSTHOOK: query: select distinct * from (select distinct count(*) from src1 where key in (128,146,150)) as T
POSTHOOK: type: QUERY
POSTHOOK: Input: default@src1
#### A masked pattern was here ####
3
PREHOOK: query: explain select distinct count(*)+1 from src1
PREHOOK: type: QUERY
PREHOOK: Input: default@src1
#### A masked pattern was here ####
POSTHOOK: query: explain select distinct count(*)+1 from src1
POSTHOOK: type: QUERY
POSTHOOK: Input: default@src1
#### A masked pattern was here ####
STAGE DEPENDENCIES:
  Stage-1 is a root stage
  Stage-0 depends on stages: Stage-1

STAGE PLANS:
  Stage: Stage-1
    Map Reduce
      Map Operator Tree:
          TableScan
            alias: src1
            Statistics: Num rows: 25 Data size: 191 Basic stats: COMPLETE Column stats: COMPLETE
            Select Operator
              Statistics: Num rows: 25 Data size: 191 Basic stats: COMPLETE Column stats: COMPLETE
              Group By Operator
                aggregations: count()
                mode: hash
                outputColumnNames: _col0
                Statistics: Num rows: 1 Data size: 8 Basic stats: COMPLETE Column stats: COMPLETE
                Reduce Output Operator
                  sort order: 
                  Statistics: Num rows: 1 Data size: 8 Basic stats: COMPLETE Column stats: COMPLETE
                  value expressions: _col0 (type: bigint)
      Execution mode: vectorized
      Reduce Operator Tree:
        Group By Operator
          aggregations: count(VALUE._col0)
          mode: mergepartial
          outputColumnNames: _col0
          Statistics: Num rows: 1 Data size: 8 Basic stats: COMPLETE Column stats: COMPLETE
          Select Operator
            expressions: (_col0 + 1) (type: bigint)
            outputColumnNames: _col0
            Statistics: Num rows: 1 Data size: 8 Basic stats: COMPLETE Column stats: COMPLETE
            File Output Operator
              compressed: false
              Statistics: Num rows: 1 Data size: 8 Basic stats: COMPLETE Column stats: COMPLETE
              table:
                  input format: org.apache.hadoop.mapred.SequenceFileInputFormat
                  output format: org.apache.hadoop.hive.ql.io.HiveSequenceFileOutputFormat
                  serde: org.apache.hadoop.hive.serde2.lazy.LazySimpleSerDe

  Stage: Stage-0
    Fetch Operator
      limit: -1
      Processor Tree:
        ListSink

PREHOOK: query: select distinct count(*)+1 from src1
PREHOOK: type: QUERY
PREHOOK: Input: default@src1
#### A masked pattern was here ####
POSTHOOK: query: select distinct count(*)+1 from src1
POSTHOOK: type: QUERY
POSTHOOK: Input: default@src1
#### A masked pattern was here ####
26
PREHOOK: query: explain select distinct count(a.value), count(b.value) from src a join src1 b on a.key=b.key
PREHOOK: type: QUERY
PREHOOK: Input: default@src
PREHOOK: Input: default@src1
#### A masked pattern was here ####
POSTHOOK: query: explain select distinct count(a.value), count(b.value) from src a join src1 b on a.key=b.key
POSTHOOK: type: QUERY
POSTHOOK: Input: default@src
POSTHOOK: Input: default@src1
#### A masked pattern was here ####
STAGE DEPENDENCIES:
  Stage-1 is a root stage
  Stage-2 depends on stages: Stage-1
  Stage-0 depends on stages: Stage-2

STAGE PLANS:
  Stage: Stage-1
    Map Reduce
      Map Operator Tree:
          TableScan
            alias: a
            filterExpr: key is not null (type: boolean)
            Statistics: Num rows: 500 Data size: 89000 Basic stats: COMPLETE Column stats: COMPLETE
            Filter Operator
              predicate: key is not null (type: boolean)
              Statistics: Num rows: 500 Data size: 89000 Basic stats: COMPLETE Column stats: COMPLETE
              Reduce Output Operator
                key expressions: key (type: string)
                sort order: +
                Map-reduce partition columns: key (type: string)
                Statistics: Num rows: 500 Data size: 89000 Basic stats: COMPLETE Column stats: COMPLETE
                value expressions: value (type: string)
          TableScan
            alias: b
            filterExpr: key is not null (type: boolean)
            Statistics: Num rows: 25 Data size: 4375 Basic stats: COMPLETE Column stats: COMPLETE
            Filter Operator
              predicate: key is not null (type: boolean)
              Statistics: Num rows: 25 Data size: 4375 Basic stats: COMPLETE Column stats: COMPLETE
              Reduce Output Operator
                key expressions: key (type: string)
                sort order: +
                Map-reduce partition columns: key (type: string)
                Statistics: Num rows: 25 Data size: 4375 Basic stats: COMPLETE Column stats: COMPLETE
                value expressions: value (type: string)
      Reduce Operator Tree:
        Join Operator
          condition map:
               Inner Join 0 to 1
          keys:
            0 key (type: string)
            1 key (type: string)
          outputColumnNames: _col1, _col6
          Statistics: Num rows: 39 Data size: 7020 Basic stats: COMPLETE Column stats: COMPLETE
          Group By Operator
            aggregations: count(_col1), count(_col6)
            mode: hash
            outputColumnNames: _col0, _col1
            Statistics: Num rows: 1 Data size: 16 Basic stats: COMPLETE Column stats: COMPLETE
            File Output Operator
              compressed: false
              table:
                  input format: org.apache.hadoop.mapred.SequenceFileInputFormat
                  output format: org.apache.hadoop.hive.ql.io.HiveSequenceFileOutputFormat
                  serde: org.apache.hadoop.hive.serde2.lazybinary.LazyBinarySerDe

  Stage: Stage-2
    Map Reduce
      Map Operator Tree:
          TableScan
            Reduce Output Operator
              sort order: 
              Statistics: Num rows: 1 Data size: 16 Basic stats: COMPLETE Column stats: COMPLETE
              value expressions: _col0 (type: bigint), _col1 (type: bigint)
      Execution mode: vectorized
      Reduce Operator Tree:
        Group By Operator
          aggregations: count(VALUE._col0), count(VALUE._col1)
          mode: mergepartial
          outputColumnNames: _col0, _col1
          Statistics: Num rows: 1 Data size: 16 Basic stats: COMPLETE Column stats: COMPLETE
          File Output Operator
            compressed: false
            Statistics: Num rows: 1 Data size: 16 Basic stats: COMPLETE Column stats: COMPLETE
            table:
                input format: org.apache.hadoop.mapred.SequenceFileInputFormat
                output format: org.apache.hadoop.hive.ql.io.HiveSequenceFileOutputFormat
                serde: org.apache.hadoop.hive.serde2.lazy.LazySimpleSerDe

  Stage: Stage-0
    Fetch Operator
      limit: -1
      Processor Tree:
        ListSink

PREHOOK: query: select distinct count(a.value), count(b.value) from src a join src1 b on a.key=b.key
PREHOOK: type: QUERY
PREHOOK: Input: default@src
PREHOOK: Input: default@src1
#### A masked pattern was here ####
POSTHOOK: query: select distinct count(a.value), count(b.value) from src a join src1 b on a.key=b.key
POSTHOOK: type: QUERY
POSTHOOK: Input: default@src
POSTHOOK: Input: default@src1
#### A masked pattern was here ####
37	37
PREHOOK: query: explain select distinct key from src1
PREHOOK: type: QUERY
PREHOOK: Input: default@src1
#### A masked pattern was here ####
POSTHOOK: query: explain select distinct key from src1
POSTHOOK: type: QUERY
POSTHOOK: Input: default@src1
#### A masked pattern was here ####
STAGE DEPENDENCIES:
  Stage-1 is a root stage
  Stage-0 depends on stages: Stage-1

STAGE PLANS:
  Stage: Stage-1
    Map Reduce
      Map Operator Tree:
          TableScan
            alias: src1
            Statistics: Num rows: 25 Data size: 2150 Basic stats: COMPLETE Column stats: COMPLETE
            Select Operator
              expressions: key (type: string)
              outputColumnNames: key
              Statistics: Num rows: 25 Data size: 2150 Basic stats: COMPLETE Column stats: COMPLETE
              Group By Operator
                keys: key (type: string)
                mode: hash
                outputColumnNames: _col0
                Statistics: Num rows: 12 Data size: 1032 Basic stats: COMPLETE Column stats: COMPLETE
                Reduce Output Operator
                  key expressions: _col0 (type: string)
                  sort order: +
                  Map-reduce partition columns: _col0 (type: string)
                  Statistics: Num rows: 12 Data size: 1032 Basic stats: COMPLETE Column stats: COMPLETE
      Execution mode: vectorized
      Reduce Operator Tree:
        Group By Operator
          keys: KEY._col0 (type: string)
          mode: mergepartial
          outputColumnNames: _col0
          Statistics: Num rows: 12 Data size: 1032 Basic stats: COMPLETE Column stats: COMPLETE
          File Output Operator
            compressed: false
            Statistics: Num rows: 12 Data size: 1032 Basic stats: COMPLETE Column stats: COMPLETE
            table:
                input format: org.apache.hadoop.mapred.SequenceFileInputFormat
                output format: org.apache.hadoop.hive.ql.io.HiveSequenceFileOutputFormat
                serde: org.apache.hadoop.hive.serde2.lazy.LazySimpleSerDe

  Stage: Stage-0
    Fetch Operator
      limit: -1
      Processor Tree:
        ListSink

PREHOOK: query: select distinct key from src1
PREHOOK: type: QUERY
PREHOOK: Input: default@src1
#### A masked pattern was here ####
POSTHOOK: query: select distinct key from src1
POSTHOOK: type: QUERY
POSTHOOK: Input: default@src1
#### A masked pattern was here ####

128
146
150
213
224
238
255
273
278
311
369
401
406
66
98
PREHOOK: query: explain select distinct * from src1
PREHOOK: type: QUERY
PREHOOK: Input: default@src1
#### A masked pattern was here ####
POSTHOOK: query: explain select distinct * from src1
POSTHOOK: type: QUERY
POSTHOOK: Input: default@src1
#### A masked pattern was here ####
STAGE DEPENDENCIES:
  Stage-1 is a root stage
  Stage-0 depends on stages: Stage-1

STAGE PLANS:
  Stage: Stage-1
    Map Reduce
      Map Operator Tree:
          TableScan
            alias: src1
            Statistics: Num rows: 25 Data size: 4375 Basic stats: COMPLETE Column stats: COMPLETE
            Select Operator
              expressions: key (type: string), value (type: string)
              outputColumnNames: _col0, _col1
              Statistics: Num rows: 25 Data size: 4375 Basic stats: COMPLETE Column stats: COMPLETE
              Group By Operator
                keys: _col0 (type: string), _col1 (type: string)
                mode: hash
                outputColumnNames: _col0, _col1
                Statistics: Num rows: 12 Data size: 2100 Basic stats: COMPLETE Column stats: COMPLETE
                Reduce Output Operator
                  key expressions: _col0 (type: string), _col1 (type: string)
                  sort order: ++
                  Map-reduce partition columns: _col0 (type: string), _col1 (type: string)
                  Statistics: Num rows: 12 Data size: 2100 Basic stats: COMPLETE Column stats: COMPLETE
      Execution mode: vectorized
      Reduce Operator Tree:
        Group By Operator
          keys: KEY._col0 (type: string), KEY._col1 (type: string)
          mode: mergepartial
          outputColumnNames: _col0, _col1
          Statistics: Num rows: 12 Data size: 2100 Basic stats: COMPLETE Column stats: COMPLETE
          File Output Operator
            compressed: false
            Statistics: Num rows: 12 Data size: 2100 Basic stats: COMPLETE Column stats: COMPLETE
            table:
                input format: org.apache.hadoop.mapred.SequenceFileInputFormat
                output format: org.apache.hadoop.hive.ql.io.HiveSequenceFileOutputFormat
                serde: org.apache.hadoop.hive.serde2.lazy.LazySimpleSerDe

  Stage: Stage-0
    Fetch Operator
      limit: -1
      Processor Tree:
        ListSink

PREHOOK: query: select distinct * from src1
PREHOOK: type: QUERY
PREHOOK: Input: default@src1
#### A masked pattern was here ####
POSTHOOK: query: select distinct * from src1
POSTHOOK: type: QUERY
POSTHOOK: Input: default@src1
#### A masked pattern was here ####
	
	val_165
	val_193
	val_265
	val_27
	val_409
	val_484
128	
146	val_146
150	val_150
213	val_213
224	
238	val_238
255	val_255
273	val_273
278	val_278
311	val_311
369	
401	val_401
406	val_406
66	val_66
98	val_98
PREHOOK: query: explain select distinct * from (select * from src1) as T
PREHOOK: type: QUERY
PREHOOK: Input: default@src1
#### A masked pattern was here ####
POSTHOOK: query: explain select distinct * from (select * from src1) as T
POSTHOOK: type: QUERY
POSTHOOK: Input: default@src1
#### A masked pattern was here ####
STAGE DEPENDENCIES:
  Stage-1 is a root stage
  Stage-0 depends on stages: Stage-1

STAGE PLANS:
  Stage: Stage-1
    Map Reduce
      Map Operator Tree:
          TableScan
            alias: src1
            Statistics: Num rows: 25 Data size: 4375 Basic stats: COMPLETE Column stats: COMPLETE
            Select Operator
              expressions: key (type: string), value (type: string)
              outputColumnNames: _col0, _col1
              Statistics: Num rows: 25 Data size: 4375 Basic stats: COMPLETE Column stats: COMPLETE
              Group By Operator
                keys: _col0 (type: string), _col1 (type: string)
                mode: hash
                outputColumnNames: _col0, _col1
                Statistics: Num rows: 12 Data size: 2100 Basic stats: COMPLETE Column stats: COMPLETE
                Reduce Output Operator
                  key expressions: _col0 (type: string), _col1 (type: string)
                  sort order: ++
                  Map-reduce partition columns: _col0 (type: string), _col1 (type: string)
                  Statistics: Num rows: 12 Data size: 2100 Basic stats: COMPLETE Column stats: COMPLETE
      Execution mode: vectorized
      Reduce Operator Tree:
        Group By Operator
          keys: KEY._col0 (type: string), KEY._col1 (type: string)
          mode: mergepartial
          outputColumnNames: _col0, _col1
          Statistics: Num rows: 12 Data size: 2100 Basic stats: COMPLETE Column stats: COMPLETE
          File Output Operator
            compressed: false
            Statistics: Num rows: 12 Data size: 2100 Basic stats: COMPLETE Column stats: COMPLETE
            table:
                input format: org.apache.hadoop.mapred.SequenceFileInputFormat
                output format: org.apache.hadoop.hive.ql.io.HiveSequenceFileOutputFormat
                serde: org.apache.hadoop.hive.serde2.lazy.LazySimpleSerDe

  Stage: Stage-0
    Fetch Operator
      limit: -1
      Processor Tree:
        ListSink

PREHOOK: query: select distinct * from (select * from src1) as T
PREHOOK: type: QUERY
PREHOOK: Input: default@src1
#### A masked pattern was here ####
POSTHOOK: query: select distinct * from (select * from src1) as T
POSTHOOK: type: QUERY
POSTHOOK: Input: default@src1
#### A masked pattern was here ####
	
	val_165
	val_193
	val_265
	val_27
	val_409
	val_484
128	
146	val_146
150	val_150
213	val_213
224	
238	val_238
255	val_255
273	val_273
278	val_278
311	val_311
369	
401	val_401
406	val_406
66	val_66
98	val_98
PREHOOK: query: explain select distinct * from (select count(*) from src1) as T
PREHOOK: type: QUERY
PREHOOK: Input: default@src1
#### A masked pattern was here ####
POSTHOOK: query: explain select distinct * from (select count(*) from src1) as T
POSTHOOK: type: QUERY
POSTHOOK: Input: default@src1
#### A masked pattern was here ####
STAGE DEPENDENCIES:
  Stage-1 is a root stage
  Stage-2 depends on stages: Stage-1
  Stage-0 depends on stages: Stage-2

STAGE PLANS:
  Stage: Stage-1
    Map Reduce
      Map Operator Tree:
          TableScan
            alias: src1
            Statistics: Num rows: 25 Data size: 191 Basic stats: COMPLETE Column stats: COMPLETE
            Select Operator
              Statistics: Num rows: 25 Data size: 191 Basic stats: COMPLETE Column stats: COMPLETE
              Group By Operator
                aggregations: count()
                mode: hash
                outputColumnNames: _col0
                Statistics: Num rows: 1 Data size: 8 Basic stats: COMPLETE Column stats: COMPLETE
                Reduce Output Operator
                  sort order: 
                  Statistics: Num rows: 1 Data size: 8 Basic stats: COMPLETE Column stats: COMPLETE
                  value expressions: _col0 (type: bigint)
      Execution mode: vectorized
      Reduce Operator Tree:
        Group By Operator
          aggregations: count(VALUE._col0)
          mode: mergepartial
          outputColumnNames: _col0
          Statistics: Num rows: 1 Data size: 8 Basic stats: COMPLETE Column stats: COMPLETE
          Group By Operator
            keys: _col0 (type: bigint)
            mode: hash
            outputColumnNames: _col0
            Statistics: Num rows: 1 Data size: 8 Basic stats: COMPLETE Column stats: COMPLETE
            File Output Operator
              compressed: false
              table:
                  input format: org.apache.hadoop.mapred.SequenceFileInputFormat
                  output format: org.apache.hadoop.hive.ql.io.HiveSequenceFileOutputFormat
                  serde: org.apache.hadoop.hive.serde2.lazybinary.LazyBinarySerDe

  Stage: Stage-2
    Map Reduce
      Map Operator Tree:
          TableScan
            Reduce Output Operator
              key expressions: _col0 (type: bigint)
              sort order: +
              Map-reduce partition columns: _col0 (type: bigint)
              Statistics: Num rows: 1 Data size: 8 Basic stats: COMPLETE Column stats: COMPLETE
      Execution mode: vectorized
      Reduce Operator Tree:
        Group By Operator
          keys: KEY._col0 (type: bigint)
          mode: mergepartial
          outputColumnNames: _col0
          Statistics: Num rows: 1 Data size: 8 Basic stats: COMPLETE Column stats: COMPLETE
          File Output Operator
            compressed: false
            Statistics: Num rows: 1 Data size: 8 Basic stats: COMPLETE Column stats: COMPLETE
            table:
                input format: org.apache.hadoop.mapred.SequenceFileInputFormat
                output format: org.apache.hadoop.hive.ql.io.HiveSequenceFileOutputFormat
                serde: org.apache.hadoop.hive.serde2.lazy.LazySimpleSerDe

  Stage: Stage-0
    Fetch Operator
      limit: -1
      Processor Tree:
        ListSink

PREHOOK: query: select distinct * from (select count(*) from src1) as T
PREHOOK: type: QUERY
PREHOOK: Input: default@src1
#### A masked pattern was here ####
POSTHOOK: query: select distinct * from (select count(*) from src1) as T
POSTHOOK: type: QUERY
POSTHOOK: Input: default@src1
#### A masked pattern was here ####
25
PREHOOK: query: explain select distinct * from (select * from src1 where key in (128,146,150)) as T
PREHOOK: type: QUERY
PREHOOK: Input: default@src1
#### A masked pattern was here ####
POSTHOOK: query: explain select distinct * from (select * from src1 where key in (128,146,150)) as T
POSTHOOK: type: QUERY
POSTHOOK: Input: default@src1
#### A masked pattern was here ####
STAGE DEPENDENCIES:
  Stage-1 is a root stage
  Stage-0 depends on stages: Stage-1

STAGE PLANS:
  Stage: Stage-1
    Map Reduce
      Map Operator Tree:
          TableScan
            alias: src1
            filterExpr: (key) IN (128, 146, 150) (type: boolean)
            Statistics: Num rows: 25 Data size: 4375 Basic stats: COMPLETE Column stats: COMPLETE
            Filter Operator
              predicate: (key) IN (128, 146, 150) (type: boolean)
              Statistics: Num rows: 5 Data size: 875 Basic stats: COMPLETE Column stats: COMPLETE
              Select Operator
                expressions: key (type: string), value (type: string)
                outputColumnNames: _col0, _col1
                Statistics: Num rows: 5 Data size: 875 Basic stats: COMPLETE Column stats: COMPLETE
                Group By Operator
                  keys: _col0 (type: string), _col1 (type: string)
                  mode: hash
                  outputColumnNames: _col0, _col1
                  Statistics: Num rows: 2 Data size: 350 Basic stats: COMPLETE Column stats: COMPLETE
                  Reduce Output Operator
                    key expressions: _col0 (type: string), _col1 (type: string)
                    sort order: ++
                    Map-reduce partition columns: _col0 (type: string), _col1 (type: string)
                    Statistics: Num rows: 2 Data size: 350 Basic stats: COMPLETE Column stats: COMPLETE
      Reduce Operator Tree:
        Group By Operator
          keys: KEY._col0 (type: string), KEY._col1 (type: string)
          mode: mergepartial
          outputColumnNames: _col0, _col1
          Statistics: Num rows: 2 Data size: 350 Basic stats: COMPLETE Column stats: COMPLETE
          File Output Operator
            compressed: false
            Statistics: Num rows: 2 Data size: 350 Basic stats: COMPLETE Column stats: COMPLETE
            table:
                input format: org.apache.hadoop.mapred.SequenceFileInputFormat
                output format: org.apache.hadoop.hive.ql.io.HiveSequenceFileOutputFormat
                serde: org.apache.hadoop.hive.serde2.lazy.LazySimpleSerDe

  Stage: Stage-0
    Fetch Operator
      limit: -1
      Processor Tree:
        ListSink

PREHOOK: query: select distinct * from (select * from src1 where key in (128,146,150)) as T
PREHOOK: type: QUERY
PREHOOK: Input: default@src1
#### A masked pattern was here ####
POSTHOOK: query: select distinct * from (select * from src1 where key in (128,146,150)) as T
POSTHOOK: type: QUERY
POSTHOOK: Input: default@src1
#### A masked pattern was here ####
128	
146	val_146
150	val_150
PREHOOK: query: explain select distinct key from (select * from src1 where key in (128,146,150)) as T
PREHOOK: type: QUERY
PREHOOK: Input: default@src1
#### A masked pattern was here ####
POSTHOOK: query: explain select distinct key from (select * from src1 where key in (128,146,150)) as T
POSTHOOK: type: QUERY
POSTHOOK: Input: default@src1
#### A masked pattern was here ####
STAGE DEPENDENCIES:
  Stage-1 is a root stage
  Stage-0 depends on stages: Stage-1

STAGE PLANS:
  Stage: Stage-1
    Map Reduce
      Map Operator Tree:
          TableScan
            alias: src1
            filterExpr: (key) IN (128, 146, 150) (type: boolean)
            Statistics: Num rows: 25 Data size: 2150 Basic stats: COMPLETE Column stats: COMPLETE
            Filter Operator
              predicate: (key) IN (128, 146, 150) (type: boolean)
              Statistics: Num rows: 5 Data size: 430 Basic stats: COMPLETE Column stats: COMPLETE
              Select Operator
                expressions: key (type: string)
                outputColumnNames: _col0
                Statistics: Num rows: 5 Data size: 430 Basic stats: COMPLETE Column stats: COMPLETE
                Group By Operator
                  keys: _col0 (type: string)
                  mode: hash
                  outputColumnNames: _col0
                  Statistics: Num rows: 2 Data size: 172 Basic stats: COMPLETE Column stats: COMPLETE
                  Reduce Output Operator
                    key expressions: _col0 (type: string)
                    sort order: +
                    Map-reduce partition columns: _col0 (type: string)
                    Statistics: Num rows: 2 Data size: 172 Basic stats: COMPLETE Column stats: COMPLETE
      Reduce Operator Tree:
        Group By Operator
          keys: KEY._col0 (type: string)
          mode: mergepartial
          outputColumnNames: _col0
          Statistics: Num rows: 2 Data size: 172 Basic stats: COMPLETE Column stats: COMPLETE
          File Output Operator
            compressed: false
            Statistics: Num rows: 2 Data size: 172 Basic stats: COMPLETE Column stats: COMPLETE
            table:
                input format: org.apache.hadoop.mapred.SequenceFileInputFormat
                output format: org.apache.hadoop.hive.ql.io.HiveSequenceFileOutputFormat
                serde: org.apache.hadoop.hive.serde2.lazy.LazySimpleSerDe

  Stage: Stage-0
    Fetch Operator
      limit: -1
      Processor Tree:
        ListSink

PREHOOK: query: select distinct key from (select * from src1 where key in (128,146,150)) as T
PREHOOK: type: QUERY
PREHOOK: Input: default@src1
#### A masked pattern was here ####
POSTHOOK: query: select distinct key from (select * from src1 where key in (128,146,150)) as T
POSTHOOK: type: QUERY
POSTHOOK: Input: default@src1
#### A masked pattern was here ####
128
146
150
PREHOOK: query: explain select distinct * from (select count(*) from src1 where key in (128,146,150)) as T
PREHOOK: type: QUERY
PREHOOK: Input: default@src1
#### A masked pattern was here ####
POSTHOOK: query: explain select distinct * from (select count(*) from src1 where key in (128,146,150)) as T
POSTHOOK: type: QUERY
POSTHOOK: Input: default@src1
#### A masked pattern was here ####
STAGE DEPENDENCIES:
  Stage-1 is a root stage
  Stage-2 depends on stages: Stage-1
  Stage-0 depends on stages: Stage-2

STAGE PLANS:
  Stage: Stage-1
    Map Reduce
      Map Operator Tree:
          TableScan
            alias: src1
            filterExpr: (key) IN (128, 146, 150) (type: boolean)
            Statistics: Num rows: 25 Data size: 2150 Basic stats: COMPLETE Column stats: COMPLETE
            Filter Operator
              predicate: (key) IN (128, 146, 150) (type: boolean)
              Statistics: Num rows: 5 Data size: 430 Basic stats: COMPLETE Column stats: COMPLETE
              Select Operator
                Statistics: Num rows: 5 Data size: 430 Basic stats: COMPLETE Column stats: COMPLETE
                Group By Operator
                  aggregations: count()
                  mode: hash
                  outputColumnNames: _col0
                  Statistics: Num rows: 1 Data size: 8 Basic stats: COMPLETE Column stats: COMPLETE
                  Reduce Output Operator
                    sort order: 
                    Statistics: Num rows: 1 Data size: 8 Basic stats: COMPLETE Column stats: COMPLETE
                    value expressions: _col0 (type: bigint)
      Reduce Operator Tree:
        Group By Operator
          aggregations: count(VALUE._col0)
          mode: mergepartial
          outputColumnNames: _col0
          Statistics: Num rows: 1 Data size: 8 Basic stats: COMPLETE Column stats: COMPLETE
          Group By Operator
            keys: _col0 (type: bigint)
            mode: hash
            outputColumnNames: _col0
            Statistics: Num rows: 1 Data size: 8 Basic stats: COMPLETE Column stats: COMPLETE
            File Output Operator
              compressed: false
              table:
                  input format: org.apache.hadoop.mapred.SequenceFileInputFormat
                  output format: org.apache.hadoop.hive.ql.io.HiveSequenceFileOutputFormat
                  serde: org.apache.hadoop.hive.serde2.lazybinary.LazyBinarySerDe

  Stage: Stage-2
    Map Reduce
      Map Operator Tree:
          TableScan
            Reduce Output Operator
              key expressions: _col0 (type: bigint)
              sort order: +
              Map-reduce partition columns: _col0 (type: bigint)
              Statistics: Num rows: 1 Data size: 8 Basic stats: COMPLETE Column stats: COMPLETE
      Execution mode: vectorized
      Reduce Operator Tree:
        Group By Operator
          keys: KEY._col0 (type: bigint)
          mode: mergepartial
          outputColumnNames: _col0
          Statistics: Num rows: 1 Data size: 8 Basic stats: COMPLETE Column stats: COMPLETE
          File Output Operator
            compressed: false
            Statistics: Num rows: 1 Data size: 8 Basic stats: COMPLETE Column stats: COMPLETE
            table:
                input format: org.apache.hadoop.mapred.SequenceFileInputFormat
                output format: org.apache.hadoop.hive.ql.io.HiveSequenceFileOutputFormat
                serde: org.apache.hadoop.hive.serde2.lazy.LazySimpleSerDe

  Stage: Stage-0
    Fetch Operator
      limit: -1
      Processor Tree:
        ListSink

PREHOOK: query: select distinct * from (select count(*) from src1 where key in (128,146,150)) as T
PREHOOK: type: QUERY
PREHOOK: Input: default@src1
#### A masked pattern was here ####
POSTHOOK: query: select distinct * from (select count(*) from src1 where key in (128,146,150)) as T
POSTHOOK: type: QUERY
POSTHOOK: Input: default@src1
#### A masked pattern was here ####
3
PREHOOK: query: explain select distinct sum(key) over () from src1
PREHOOK: type: QUERY
PREHOOK: Input: default@src1
#### A masked pattern was here ####
POSTHOOK: query: explain select distinct sum(key) over () from src1
POSTHOOK: type: QUERY
POSTHOOK: Input: default@src1
#### A masked pattern was here ####
STAGE DEPENDENCIES:
  Stage-1 is a root stage
  Stage-2 depends on stages: Stage-1
  Stage-0 depends on stages: Stage-2

STAGE PLANS:
  Stage: Stage-1
    Map Reduce
      Map Operator Tree:
          TableScan
            alias: src1
            Statistics: Num rows: 25 Data size: 2150 Basic stats: COMPLETE Column stats: COMPLETE
            Reduce Output Operator
              key expressions: 0 (type: int)
              sort order: +
              Map-reduce partition columns: 0 (type: int)
              Statistics: Num rows: 25 Data size: 2150 Basic stats: COMPLETE Column stats: COMPLETE
              value expressions: key (type: string)
      Execution mode: vectorized
      Reduce Operator Tree:
        Select Operator
          expressions: VALUE._col0 (type: string)
          outputColumnNames: _col0
          Statistics: Num rows: 25 Data size: 8850 Basic stats: COMPLETE Column stats: COMPLETE
          PTF Operator
            Function definitions:
                Input definition
                  input alias: ptf_0
                  output shape: _col0: string
                  type: WINDOWING
                Windowing table definition
                  input alias: ptf_1
                  name: windowingtablefunction
                  order by: 0 ASC NULLS FIRST
                  partition by: 0
                  raw input shape:
                  window functions:
                      window function definition
                        alias: sum_window_0
                        arguments: _col0
                        name: sum
                        window function: GenericUDAFSumDouble
                        window frame: ROWS PRECEDING(MAX)~FOLLOWING(MAX)
            Statistics: Num rows: 25 Data size: 8850 Basic stats: COMPLETE Column stats: COMPLETE
            Select Operator
              expressions: sum_window_0 (type: double)
              outputColumnNames: sum_window_0
              Statistics: Num rows: 25 Data size: 8850 Basic stats: COMPLETE Column stats: COMPLETE
              Group By Operator
                keys: sum_window_0 (type: double)
                mode: hash
                outputColumnNames: _col0
                Statistics: Num rows: 12 Data size: 96 Basic stats: COMPLETE Column stats: COMPLETE
                File Output Operator
                  compressed: false
                  table:
                      input format: org.apache.hadoop.mapred.SequenceFileInputFormat
                      output format: org.apache.hadoop.hive.ql.io.HiveSequenceFileOutputFormat
                      serde: org.apache.hadoop.hive.serde2.lazybinary.LazyBinarySerDe

  Stage: Stage-2
    Map Reduce
      Map Operator Tree:
          TableScan
            Reduce Output Operator
              key expressions: _col0 (type: double)
              sort order: +
              Map-reduce partition columns: _col0 (type: double)
              Statistics: Num rows: 12 Data size: 96 Basic stats: COMPLETE Column stats: COMPLETE
      Execution mode: vectorized
      Reduce Operator Tree:
        Group By Operator
          keys: KEY._col0 (type: double)
          mode: mergepartial
          outputColumnNames: _col0
          Statistics: Num rows: 12 Data size: 96 Basic stats: COMPLETE Column stats: COMPLETE
          File Output Operator
            compressed: false
            Statistics: Num rows: 12 Data size: 96 Basic stats: COMPLETE Column stats: COMPLETE
            table:
                input format: org.apache.hadoop.mapred.SequenceFileInputFormat
                output format: org.apache.hadoop.hive.ql.io.HiveSequenceFileOutputFormat
                serde: org.apache.hadoop.hive.serde2.lazy.LazySimpleSerDe

  Stage: Stage-0
    Fetch Operator
      limit: -1
      Processor Tree:
        ListSink

PREHOOK: query: select distinct sum(key) over () from src1
PREHOOK: type: QUERY
PREHOOK: Input: default@src1
#### A masked pattern was here ####
POSTHOOK: query: select distinct sum(key) over () from src1
POSTHOOK: type: QUERY
POSTHOOK: Input: default@src1
#### A masked pattern was here ####
3556.0
PREHOOK: query: explain select distinct * from (select sum(key) over () from src1) as T
PREHOOK: type: QUERY
PREHOOK: Input: default@src1
#### A masked pattern was here ####
POSTHOOK: query: explain select distinct * from (select sum(key) over () from src1) as T
POSTHOOK: type: QUERY
POSTHOOK: Input: default@src1
#### A masked pattern was here ####
STAGE DEPENDENCIES:
  Stage-1 is a root stage
  Stage-2 depends on stages: Stage-1
  Stage-0 depends on stages: Stage-2

STAGE PLANS:
  Stage: Stage-1
    Map Reduce
      Map Operator Tree:
          TableScan
            alias: src1
            Statistics: Num rows: 25 Data size: 2150 Basic stats: COMPLETE Column stats: COMPLETE
            Reduce Output Operator
              key expressions: 0 (type: int)
              sort order: +
              Map-reduce partition columns: 0 (type: int)
              Statistics: Num rows: 25 Data size: 2150 Basic stats: COMPLETE Column stats: COMPLETE
              value expressions: key (type: string)
      Execution mode: vectorized
      Reduce Operator Tree:
        Select Operator
          expressions: VALUE._col0 (type: string)
          outputColumnNames: _col0
          Statistics: Num rows: 25 Data size: 8850 Basic stats: COMPLETE Column stats: COMPLETE
          PTF Operator
            Function definitions:
                Input definition
                  input alias: ptf_0
                  output shape: _col0: string
                  type: WINDOWING
                Windowing table definition
                  input alias: ptf_1
                  name: windowingtablefunction
                  order by: 0 ASC NULLS FIRST
                  partition by: 0
                  raw input shape:
                  window functions:
                      window function definition
                        alias: sum_window_0
                        arguments: _col0
                        name: sum
                        window function: GenericUDAFSumDouble
                        window frame: ROWS PRECEDING(MAX)~FOLLOWING(MAX)
            Statistics: Num rows: 25 Data size: 8850 Basic stats: COMPLETE Column stats: COMPLETE
            Select Operator
              expressions: sum_window_0 (type: double)
              outputColumnNames: _col0
              Statistics: Num rows: 25 Data size: 8850 Basic stats: COMPLETE Column stats: COMPLETE
              Group By Operator
                keys: _col0 (type: double)
                mode: hash
                outputColumnNames: _col0
                Statistics: Num rows: 12 Data size: 96 Basic stats: COMPLETE Column stats: COMPLETE
                File Output Operator
                  compressed: false
                  table:
                      input format: org.apache.hadoop.mapred.SequenceFileInputFormat
                      output format: org.apache.hadoop.hive.ql.io.HiveSequenceFileOutputFormat
                      serde: org.apache.hadoop.hive.serde2.lazybinary.LazyBinarySerDe

  Stage: Stage-2
    Map Reduce
      Map Operator Tree:
          TableScan
            Reduce Output Operator
              key expressions: _col0 (type: double)
              sort order: +
              Map-reduce partition columns: _col0 (type: double)
              Statistics: Num rows: 12 Data size: 96 Basic stats: COMPLETE Column stats: COMPLETE
      Execution mode: vectorized
      Reduce Operator Tree:
        Group By Operator
          keys: KEY._col0 (type: double)
          mode: mergepartial
          outputColumnNames: _col0
          Statistics: Num rows: 12 Data size: 96 Basic stats: COMPLETE Column stats: COMPLETE
          File Output Operator
            compressed: false
            Statistics: Num rows: 12 Data size: 96 Basic stats: COMPLETE Column stats: COMPLETE
            table:
                input format: org.apache.hadoop.mapred.SequenceFileInputFormat
                output format: org.apache.hadoop.hive.ql.io.HiveSequenceFileOutputFormat
                serde: org.apache.hadoop.hive.serde2.lazy.LazySimpleSerDe

  Stage: Stage-0
    Fetch Operator
      limit: -1
      Processor Tree:
        ListSink

PREHOOK: query: select distinct * from (select sum(key) over () from src1) as T
PREHOOK: type: QUERY
PREHOOK: Input: default@src1
#### A masked pattern was here ####
POSTHOOK: query: select distinct * from (select sum(key) over () from src1) as T
POSTHOOK: type: QUERY
POSTHOOK: Input: default@src1
#### A masked pattern was here ####
3556.0
PREHOOK: query: explain select distinct * from (select distinct * from src1) as T
PREHOOK: type: QUERY
PREHOOK: Input: default@src1
#### A masked pattern was here ####
POSTHOOK: query: explain select distinct * from (select distinct * from src1) as T
POSTHOOK: type: QUERY
POSTHOOK: Input: default@src1
#### A masked pattern was here ####
STAGE DEPENDENCIES:
  Stage-1 is a root stage
  Stage-0 depends on stages: Stage-1

STAGE PLANS:
  Stage: Stage-1
    Map Reduce
      Map Operator Tree:
          TableScan
            alias: src1
            Statistics: Num rows: 25 Data size: 4375 Basic stats: COMPLETE Column stats: COMPLETE
            Select Operator
              expressions: key (type: string), value (type: string)
              outputColumnNames: _col0, _col1
              Statistics: Num rows: 25 Data size: 4375 Basic stats: COMPLETE Column stats: COMPLETE
              Group By Operator
                keys: _col0 (type: string), _col1 (type: string)
                mode: hash
                outputColumnNames: _col0, _col1
                Statistics: Num rows: 12 Data size: 2100 Basic stats: COMPLETE Column stats: COMPLETE
                Reduce Output Operator
                  key expressions: _col0 (type: string), _col1 (type: string)
                  sort order: ++
                  Map-reduce partition columns: _col0 (type: string), _col1 (type: string)
                  Statistics: Num rows: 12 Data size: 2100 Basic stats: COMPLETE Column stats: COMPLETE
      Execution mode: vectorized
      Reduce Operator Tree:
        Group By Operator
          keys: KEY._col0 (type: string), KEY._col1 (type: string)
          mode: mergepartial
          outputColumnNames: _col0, _col1
          Statistics: Num rows: 12 Data size: 2100 Basic stats: COMPLETE Column stats: COMPLETE
          Group By Operator
            keys: _col0 (type: string), _col1 (type: string)
            mode: complete
            outputColumnNames: _col0, _col1
            Statistics: Num rows: 12 Data size: 2100 Basic stats: COMPLETE Column stats: COMPLETE
            File Output Operator
              compressed: false
              Statistics: Num rows: 12 Data size: 2100 Basic stats: COMPLETE Column stats: COMPLETE
              table:
                  input format: org.apache.hadoop.mapred.SequenceFileInputFormat
                  output format: org.apache.hadoop.hive.ql.io.HiveSequenceFileOutputFormat
                  serde: org.apache.hadoop.hive.serde2.lazy.LazySimpleSerDe

  Stage: Stage-0
    Fetch Operator
      limit: -1
      Processor Tree:
        ListSink

PREHOOK: query: select distinct * from (select distinct * from src1) as T
PREHOOK: type: QUERY
PREHOOK: Input: default@src1
#### A masked pattern was here ####
POSTHOOK: query: select distinct * from (select distinct * from src1) as T
POSTHOOK: type: QUERY
POSTHOOK: Input: default@src1
#### A masked pattern was here ####
	
	val_165
	val_193
	val_265
	val_27
	val_409
	val_484
128	
146	val_146
150	val_150
213	val_213
224	
238	val_238
255	val_255
273	val_273
278	val_278
311	val_311
369	
401	val_401
406	val_406
66	val_66
98	val_98
