PREHOOK: query: CREATE EXTERNAL TABLE druid_table_1_n0
STORED BY 'org.apache.hadoop.hive.druid.QTestDruidStorageHandler'
TBLPROPERTIES ("druid.datasource" = "wikipedia")
PREHOOK: type: CREATETABLE
PREHOOK: Output: database:default
PREHOOK: Output: default@druid_table_1_n0
POSTHOOK: query: CREATE EXTERNAL TABLE druid_table_1_n0
STORED BY 'org.apache.hadoop.hive.druid.QTestDruidStorageHandler'
TBLPROPERTIES ("druid.datasource" = "wikipedia")
POSTHOOK: type: CREATETABLE
POSTHOOK: Output: database:default
POSTHOOK: Output: default@druid_table_1_n0
PREHOOK: query: DESCRIBE FORMATTED druid_table_1_n0
PREHOOK: type: DESCTABLE
PREHOOK: Input: default@druid_table_1_n0
POSTHOOK: query: DESCRIBE FORMATTED druid_table_1_n0
POSTHOOK: type: DESCTABLE
POSTHOOK: Input: default@druid_table_1_n0
# col_name            	data_type           	comment             
__time              	timestamp with local time zone	from deserializer   
robot               	string              	from deserializer   
namespace           	string              	from deserializer   
anonymous           	string              	from deserializer   
unpatrolled         	string              	from deserializer   
page                	string              	from deserializer   
language            	string              	from deserializer   
newpage             	string              	from deserializer   
user                	string              	from deserializer   
count               	float               	from deserializer   
added               	float               	from deserializer   
delta               	float               	from deserializer   
variation           	float               	from deserializer   
deleted             	float               	from deserializer   
	 	 
# Detailed Table Information	 	 
Database:           	default             	 
#### A masked pattern was here ####
Retention:          	0                   	 
#### A masked pattern was here ####
Table Type:         	EXTERNAL_TABLE      	 
Table Parameters:	 	 
	COLUMN_STATS_ACCURATE	{\"BASIC_STATS\":\"true\",\"COLUMN_STATS\":{\"__time\":\"true\",\"added\":\"true\",\"anonymous\":\"true\",\"count\":\"true\",\"deleted\":\"true\",\"delta\":\"true\",\"language\":\"true\",\"namespace\":\"true\",\"newpage\":\"true\",\"page\":\"true\",\"robot\":\"true\",\"unpatrolled\":\"true\",\"user\":\"true\",\"variation\":\"true\"}}
	EXTERNAL            	TRUE                
	bucketing_version   	2                   
	druid.datasource    	wikipedia           
	numFiles            	0                   
	numRows             	0                   
	rawDataSize         	0                   
	storage_handler     	org.apache.hadoop.hive.druid.QTestDruidStorageHandler
	totalSize           	0                   
#### A masked pattern was here ####
	 	 
# Storage Information	 	 
SerDe Library:      	org.apache.hadoop.hive.druid.QTestDruidSerDe	 
InputFormat:        	null                	 
OutputFormat:       	null                	 
Compressed:         	No                  	 
Num Buckets:        	-1                  	 
Bucket Columns:     	[]                  	 
Sort Columns:       	[]                  	 
Storage Desc Params:	 	 
	serialization.format	1                   
PREHOOK: query: EXPLAIN
SELECT `__time`
FROM druid_table_1_n0
PREHOOK: type: QUERY
POSTHOOK: query: EXPLAIN
SELECT `__time`
FROM druid_table_1_n0
POSTHOOK: type: QUERY
STAGE DEPENDENCIES:
  Stage-0 is a root stage

STAGE PLANS:
  Stage: Stage-0
    Fetch Operator
      limit: -1
      Processor Tree:
        TableScan
          alias: druid_table_1_n0
          properties:
            druid.fieldNames vc
            druid.fieldTypes timestamp with local time zone
            druid.query.json {"queryType":"scan","dataSource":"wikipedia","intervals":["1900-01-01T00:00:00.000Z/3000-01-01T00:00:00.000Z"],"virtualColumns":[{"type":"expression","name":"vc","expression":"\"__time\"","outputType":"LONG"}],"columns":["vc"],"resultFormat":"compactedList"}
            druid.query.type scan
          Statistics: Num rows: 1 Data size: 0 Basic stats: PARTIAL Column stats: NONE
          Select Operator
            expressions: vc (type: timestamp with local time zone)
            outputColumnNames: _col0
            Statistics: Num rows: 1 Data size: 0 Basic stats: PARTIAL Column stats: NONE
            ListSink

PREHOOK: query: EXPLAIN
SELECT `__time`
FROM druid_table_1_n0
WHERE `__time` < '2012-03-01 00:00:00'
PREHOOK: type: QUERY
POSTHOOK: query: EXPLAIN
SELECT `__time`
FROM druid_table_1_n0
WHERE `__time` < '2012-03-01 00:00:00'
POSTHOOK: type: QUERY
STAGE DEPENDENCIES:
  Stage-0 is a root stage

STAGE PLANS:
  Stage: Stage-0
    Fetch Operator
      limit: -1
      Processor Tree:
        TableScan
          alias: druid_table_1_n0
          properties:
            druid.fieldNames vc
            druid.fieldTypes timestamp with local time zone
            druid.query.json {"queryType":"scan","dataSource":"wikipedia","intervals":["1900-01-01T00:00:00.000Z/2012-03-01T08:00:00.000Z"],"virtualColumns":[{"type":"expression","name":"vc","expression":"\"__time\"","outputType":"LONG"}],"columns":["vc"],"resultFormat":"compactedList"}
            druid.query.type scan
          Statistics: Num rows: 1 Data size: 0 Basic stats: PARTIAL Column stats: NONE
          Select Operator
            expressions: vc (type: timestamp with local time zone)
            outputColumnNames: _col0
            Statistics: Num rows: 1 Data size: 0 Basic stats: PARTIAL Column stats: NONE
            ListSink

PREHOOK: query: EXPLAIN
SELECT `__time`
FROM druid_table_1_n0
WHERE `__time` >= '2010-01-01 00:00:00' AND `__time` <= '2012-03-01 00:00:00'
PREHOOK: type: QUERY
POSTHOOK: query: EXPLAIN
SELECT `__time`
FROM druid_table_1_n0
WHERE `__time` >= '2010-01-01 00:00:00' AND `__time` <= '2012-03-01 00:00:00'
POSTHOOK: type: QUERY
STAGE DEPENDENCIES:
  Stage-0 is a root stage

STAGE PLANS:
  Stage: Stage-0
    Fetch Operator
      limit: -1
      Processor Tree:
        TableScan
          alias: druid_table_1_n0
          properties:
            druid.fieldNames vc
            druid.fieldTypes timestamp with local time zone
            druid.query.json {"queryType":"scan","dataSource":"wikipedia","intervals":["2010-01-01T08:00:00.000Z/2012-03-01T08:00:00.001Z"],"virtualColumns":[{"type":"expression","name":"vc","expression":"\"__time\"","outputType":"LONG"}],"columns":["vc"],"resultFormat":"compactedList"}
            druid.query.type scan
          Statistics: Num rows: 1 Data size: 0 Basic stats: PARTIAL Column stats: NONE
          Select Operator
            expressions: vc (type: timestamp with local time zone)
            outputColumnNames: _col0
            Statistics: Num rows: 1 Data size: 0 Basic stats: PARTIAL Column stats: NONE
            ListSink

PREHOOK: query: EXPLAIN
SELECT `__time`
FROM druid_table_1_n0
WHERE `__time` >= '2010-01-01 00:00:00' AND `__time` <= '2012-03-01 00:00:00'
    AND `__time` < '2011-01-01 00:00:00'
PREHOOK: type: QUERY
POSTHOOK: query: EXPLAIN
SELECT `__time`
FROM druid_table_1_n0
WHERE `__time` >= '2010-01-01 00:00:00' AND `__time` <= '2012-03-01 00:00:00'
    AND `__time` < '2011-01-01 00:00:00'
POSTHOOK: type: QUERY
STAGE DEPENDENCIES:
  Stage-0 is a root stage

STAGE PLANS:
  Stage: Stage-0
    Fetch Operator
      limit: -1
      Processor Tree:
        TableScan
          alias: druid_table_1_n0
          properties:
            druid.fieldNames vc
            druid.fieldTypes timestamp with local time zone
            druid.query.json {"queryType":"scan","dataSource":"wikipedia","intervals":["2010-01-01T08:00:00.000Z/2011-01-01T08:00:00.000Z"],"virtualColumns":[{"type":"expression","name":"vc","expression":"\"__time\"","outputType":"LONG"}],"columns":["vc"],"resultFormat":"compactedList"}
            druid.query.type scan
          Statistics: Num rows: 1 Data size: 0 Basic stats: PARTIAL Column stats: NONE
          Select Operator
            expressions: vc (type: timestamp with local time zone)
            outputColumnNames: _col0
            Statistics: Num rows: 1 Data size: 0 Basic stats: PARTIAL Column stats: NONE
            ListSink

PREHOOK: query: EXPLAIN
SELECT `__time`
FROM druid_table_1_n0
WHERE `__time` BETWEEN '2010-01-01 00:00:00' AND '2011-01-01 00:00:00'
PREHOOK: type: QUERY
POSTHOOK: query: EXPLAIN
SELECT `__time`
FROM druid_table_1_n0
WHERE `__time` BETWEEN '2010-01-01 00:00:00' AND '2011-01-01 00:00:00'
POSTHOOK: type: QUERY
STAGE DEPENDENCIES:
  Stage-0 is a root stage

STAGE PLANS:
  Stage: Stage-0
    Fetch Operator
      limit: -1
      Processor Tree:
        TableScan
          alias: druid_table_1_n0
          properties:
            druid.fieldNames vc
            druid.fieldTypes timestamp with local time zone
            druid.query.json {"queryType":"scan","dataSource":"wikipedia","intervals":["2010-01-01T08:00:00.000Z/2011-01-01T08:00:00.001Z"],"virtualColumns":[{"type":"expression","name":"vc","expression":"\"__time\"","outputType":"LONG"}],"columns":["vc"],"resultFormat":"compactedList"}
            druid.query.type scan
          Statistics: Num rows: 1 Data size: 0 Basic stats: PARTIAL Column stats: NONE
          Select Operator
            expressions: vc (type: timestamp with local time zone)
            outputColumnNames: _col0
            Statistics: Num rows: 1 Data size: 0 Basic stats: PARTIAL Column stats: NONE
            ListSink

PREHOOK: query: EXPLAIN
SELECT `__time`
FROM druid_table_1_n0
WHERE (`__time` BETWEEN '2010-01-01 00:00:00' AND '2011-01-01 00:00:00')
    OR (`__time` BETWEEN '2012-01-01 00:00:00' AND '2013-01-01 00:00:00')
PREHOOK: type: QUERY
POSTHOOK: query: EXPLAIN
SELECT `__time`
FROM druid_table_1_n0
WHERE (`__time` BETWEEN '2010-01-01 00:00:00' AND '2011-01-01 00:00:00')
    OR (`__time` BETWEEN '2012-01-01 00:00:00' AND '2013-01-01 00:00:00')
POSTHOOK: type: QUERY
STAGE DEPENDENCIES:
  Stage-0 is a root stage

STAGE PLANS:
  Stage: Stage-0
    Fetch Operator
      limit: -1
      Processor Tree:
        TableScan
          alias: druid_table_1_n0
          properties:
            druid.fieldNames vc
            druid.fieldTypes timestamp with local time zone
            druid.query.json {"queryType":"scan","dataSource":"wikipedia","intervals":["2010-01-01T08:00:00.000Z/2011-01-01T08:00:00.001Z","2012-01-01T08:00:00.000Z/2013-01-01T08:00:00.001Z"],"virtualColumns":[{"type":"expression","name":"vc","expression":"\"__time\"","outputType":"LONG"}],"columns":["vc"],"resultFormat":"compactedList"}
            druid.query.type scan
          Statistics: Num rows: 1 Data size: 0 Basic stats: PARTIAL Column stats: NONE
          Select Operator
            expressions: vc (type: timestamp with local time zone)
            outputColumnNames: _col0
            Statistics: Num rows: 1 Data size: 0 Basic stats: PARTIAL Column stats: NONE
            ListSink

PREHOOK: query: EXPLAIN
SELECT `__time`
FROM druid_table_1_n0
WHERE (`__time` BETWEEN '2010-01-01 00:00:00' AND '2011-01-01 00:00:00')
    OR (`__time` BETWEEN '2010-06-01 00:00:00' AND '2012-01-01 00:00:00')
PREHOOK: type: QUERY
POSTHOOK: query: EXPLAIN
SELECT `__time`
FROM druid_table_1_n0
WHERE (`__time` BETWEEN '2010-01-01 00:00:00' AND '2011-01-01 00:00:00')
    OR (`__time` BETWEEN '2010-06-01 00:00:00' AND '2012-01-01 00:00:00')
POSTHOOK: type: QUERY
STAGE DEPENDENCIES:
  Stage-0 is a root stage

STAGE PLANS:
  Stage: Stage-0
    Fetch Operator
      limit: -1
      Processor Tree:
        TableScan
          alias: druid_table_1_n0
          properties:
            druid.fieldNames vc
            druid.fieldTypes timestamp with local time zone
            druid.query.json {"queryType":"scan","dataSource":"wikipedia","intervals":["2010-01-01T08:00:00.000Z/2012-01-01T08:00:00.001Z"],"virtualColumns":[{"type":"expression","name":"vc","expression":"\"__time\"","outputType":"LONG"}],"columns":["vc"],"resultFormat":"compactedList"}
            druid.query.type scan
          Statistics: Num rows: 1 Data size: 0 Basic stats: PARTIAL Column stats: NONE
          Select Operator
            expressions: vc (type: timestamp with local time zone)
            outputColumnNames: _col0
            Statistics: Num rows: 1 Data size: 0 Basic stats: PARTIAL Column stats: NONE
            ListSink

PREHOOK: query: EXPLAIN
SELECT `__time`
FROM druid_table_1_n0
WHERE `__time` IN ('2010-01-01 00:00:00','2011-01-01 00:00:00')
PREHOOK: type: QUERY
POSTHOOK: query: EXPLAIN
SELECT `__time`
FROM druid_table_1_n0
WHERE `__time` IN ('2010-01-01 00:00:00','2011-01-01 00:00:00')
POSTHOOK: type: QUERY
STAGE DEPENDENCIES:
  Stage-0 is a root stage

STAGE PLANS:
  Stage: Stage-0
    Fetch Operator
      limit: -1
      Processor Tree:
        TableScan
          alias: druid_table_1_n0
          properties:
            druid.fieldNames vc
            druid.fieldTypes timestamp with local time zone
            druid.query.json {"queryType":"scan","dataSource":"wikipedia","intervals":["2010-01-01T08:00:00.000Z/2010-01-01T08:00:00.001Z","2011-01-01T08:00:00.000Z/2011-01-01T08:00:00.001Z"],"virtualColumns":[{"type":"expression","name":"vc","expression":"\"__time\"","outputType":"LONG"}],"columns":["vc"],"resultFormat":"compactedList"}
            druid.query.type scan
          Statistics: Num rows: 1 Data size: 0 Basic stats: PARTIAL Column stats: NONE
          Select Operator
            expressions: vc (type: timestamp with local time zone)
            outputColumnNames: _col0
            Statistics: Num rows: 1 Data size: 0 Basic stats: PARTIAL Column stats: NONE
            ListSink

PREHOOK: query: EXPLAIN
SELECT `__time`, robot
FROM druid_table_1_n0
WHERE robot = 'user1' AND `__time` IN ('2010-01-01 00:00:00','2011-01-01 00:00:00')
PREHOOK: type: QUERY
POSTHOOK: query: EXPLAIN
SELECT `__time`, robot
FROM druid_table_1_n0
WHERE robot = 'user1' AND `__time` IN ('2010-01-01 00:00:00','2011-01-01 00:00:00')
POSTHOOK: type: QUERY
STAGE DEPENDENCIES:
  Stage-0 is a root stage

STAGE PLANS:
  Stage: Stage-0
    Fetch Operator
      limit: -1
      Processor Tree:
        TableScan
          alias: druid_table_1_n0
          properties:
            druid.fieldNames vc,vc0
            druid.fieldTypes timestamp with local time zone,string
            druid.query.json {"queryType":"scan","dataSource":"wikipedia","intervals":["2010-01-01T08:00:00.000Z/2010-01-01T08:00:00.001Z","2011-01-01T08:00:00.000Z/2011-01-01T08:00:00.001Z"],"filter":{"type":"selector","dimension":"robot","value":"user1"},"virtualColumns":[{"type":"expression","name":"vc","expression":"\"__time\"","outputType":"LONG"},{"type":"expression","name":"vc0","expression":"'user1'","outputType":"STRING"}],"columns":["vc","vc0"],"resultFormat":"compactedList"}
            druid.query.type scan
          Statistics: Num rows: 1 Data size: 0 Basic stats: PARTIAL Column stats: NONE
          Select Operator
            expressions: vc (type: timestamp with local time zone), vc0 (type: string)
            outputColumnNames: _col0, _col1
            Statistics: Num rows: 1 Data size: 0 Basic stats: PARTIAL Column stats: NONE
            ListSink

PREHOOK: query: EXPLAIN
SELECT `__time`, robot
FROM druid_table_1_n0
WHERE robot = 'user1' OR `__time` IN ('2010-01-01 00:00:00','2011-01-01 00:00:00')
PREHOOK: type: QUERY
POSTHOOK: query: EXPLAIN
SELECT `__time`, robot
FROM druid_table_1_n0
WHERE robot = 'user1' OR `__time` IN ('2010-01-01 00:00:00','2011-01-01 00:00:00')
POSTHOOK: type: QUERY
STAGE DEPENDENCIES:
  Stage-0 is a root stage

STAGE PLANS:
  Stage: Stage-0
    Fetch Operator
      limit: -1
      Processor Tree:
        TableScan
          alias: druid_table_1_n0
          properties:
            druid.fieldNames vc,robot
            druid.fieldTypes timestamp with local time zone,string
            druid.query.json {"queryType":"scan","dataSource":"wikipedia","intervals":["1900-01-01T00:00:00.000Z/3000-01-01T00:00:00.000Z"],"filter":{"type":"or","fields":[{"type":"selector","dimension":"robot","value":"user1"},{"type":"selector","dimension":"__time","value":"2010-01-01T08:00:00.000Z","extractionFn":{"type":"timeFormat","format":"yyyy-MM-dd'T'HH:mm:ss.SSS'Z'","timeZone":"UTC"}},{"type":"selector","dimension":"__time","value":"2011-01-01T08:00:00.000Z","extractionFn":{"type":"timeFormat","format":"yyyy-MM-dd'T'HH:mm:ss.SSS'Z'","timeZone":"UTC"}}]},"virtualColumns":[{"type":"expression","name":"vc","expression":"\"__time\"","outputType":"LONG"}],"columns":["vc","robot"],"resultFormat":"compactedList"}
            druid.query.type scan
          Statistics: Num rows: 1 Data size: 0 Basic stats: PARTIAL Column stats: NONE
          Select Operator
            expressions: vc (type: timestamp with local time zone), robot (type: string)
            outputColumnNames: _col0, _col1
            Statistics: Num rows: 1 Data size: 0 Basic stats: PARTIAL Column stats: NONE
            ListSink

