PREHOOK: query: CREATE TABLE non_acid(key string, value string)
PARTITIONED BY(ds string, hr int)
CLUSTERED BY(key) INTO 2 BUCKETS
STORED AS ORC
PREHOOK: type: CREATETABLE
PREHOOK: Output: database:default
PREHOOK: Output: default@non_acid
POSTHOOK: query: CREATE TABLE non_acid(key string, value string)
PARTITIONED BY(ds string, hr int)
CLUSTERED BY(key) INTO 2 BUCKETS
STORED AS ORC
POSTHOOK: type: CREATETABLE
POSTHOOK: Output: database:default
POSTHOOK: Output: default@non_acid
PREHOOK: query: explain
insert into table non_acid partition(ds,hr) select * from srcpart sort by value
PREHOOK: type: QUERY
POSTHOOK: query: explain
insert into table non_acid partition(ds,hr) select * from srcpart sort by value
POSTHOOK: type: QUERY
STAGE DEPENDENCIES:
  Stage-1 is a root stage
  Stage-0 depends on stages: Stage-1
  Stage-2 depends on stages: Stage-0

STAGE PLANS:
  Stage: Stage-1
    Map Reduce
      Map Operator Tree:
          TableScan
            alias: srcpart
            Statistics: Num rows: 2000 Data size: 21248 Basic stats: COMPLETE Column stats: NONE
            Select Operator
              expressions: key (type: string), value (type: string), ds (type: string), hr (type: string)
              outputColumnNames: _col0, _col1, _col2, _col3
              Statistics: Num rows: 2000 Data size: 21248 Basic stats: COMPLETE Column stats: NONE
              Reduce Output Operator
                key expressions: _col2 (type: string), _col3 (type: string), '_bucket_number' (type: string), _col1 (type: string)
                sort order: ++++
                Map-reduce partition columns: _col2 (type: string), _col3 (type: string)
                Statistics: Num rows: 2000 Data size: 21248 Basic stats: COMPLETE Column stats: NONE
                value expressions: _col0 (type: string)
      Reduce Operator Tree:
        Select Operator
          expressions: VALUE._col0 (type: string), KEY._col1 (type: string), KEY._col2 (type: string), KEY._col3 (type: string), KEY.'_bucket_number' (type: string)
          outputColumnNames: _col0, _col1, _col2, _col3, '_bucket_number'
          Statistics: Num rows: 2000 Data size: 21248 Basic stats: COMPLETE Column stats: NONE
          File Output Operator
            compressed: false
            Dp Sort State: PARTITION_BUCKET_SORTED
            Statistics: Num rows: 2000 Data size: 21248 Basic stats: COMPLETE Column stats: NONE
            table:
                input format: org.apache.hadoop.hive.ql.io.orc.OrcInputFormat
                output format: org.apache.hadoop.hive.ql.io.orc.OrcOutputFormat
                serde: org.apache.hadoop.hive.ql.io.orc.OrcSerde
                name: default.non_acid

  Stage: Stage-0
    Move Operator
      tables:
          partition:
            ds 
            hr 
          replace: false
          table:
              input format: org.apache.hadoop.hive.ql.io.orc.OrcInputFormat
              output format: org.apache.hadoop.hive.ql.io.orc.OrcOutputFormat
              serde: org.apache.hadoop.hive.ql.io.orc.OrcSerde
              name: default.non_acid

  Stage: Stage-2
    Stats-Aggr Operator

