PREHOOK: query: create table t1 (id int)
PREHOOK: type: CREATETABLE
PREHOOK: Output: database:default
PREHOOK: Output: default@t1
POSTHOOK: query: create table t1 (id int)
POSTHOOK: type: CREATETABLE
POSTHOOK: Output: database:default
POSTHOOK: Output: default@t1
PREHOOK: query: create table t2 (id int)
PREHOOK: type: CREATETABLE
PREHOOK: Output: database:default
PREHOOK: Output: default@t2
POSTHOOK: query: create table t2 (id int)
POSTHOOK: type: CREATETABLE
POSTHOOK: Output: database:default
POSTHOOK: Output: default@t2
PREHOOK: query: insert into t1 values (1),(10)
PREHOOK: type: QUERY
PREHOOK: Input: _dummy_database@_dummy_table
PREHOOK: Output: default@t1
POSTHOOK: query: insert into t1 values (1),(10)
POSTHOOK: type: QUERY
POSTHOOK: Input: _dummy_database@_dummy_table
POSTHOOK: Output: default@t1
POSTHOOK: Lineage: t1.id SCRIPT []
PREHOOK: query: insert into t2 values (1),(2),(3),(4),(5)
PREHOOK: type: QUERY
PREHOOK: Input: _dummy_database@_dummy_table
PREHOOK: Output: default@t2
POSTHOOK: query: insert into t2 values (1),(2),(3),(4),(5)
POSTHOOK: type: QUERY
POSTHOOK: Input: _dummy_database@_dummy_table
POSTHOOK: Output: default@t2
POSTHOOK: Lineage: t2.id SCRIPT []
PREHOOK: query: explain
select sum(t1.id) from t1 join t2 on (t1.id=t2.id)
PREHOOK: type: QUERY
POSTHOOK: query: explain
select sum(t1.id) from t1 join t2 on (t1.id=t2.id)
POSTHOOK: type: QUERY
STAGE DEPENDENCIES:
  Stage-1 is a root stage
  Stage-2 depends on stages: Stage-1
  Stage-0 depends on stages: Stage-2

STAGE PLANS:
  Stage: Stage-1
    Map Reduce
      Map Operator Tree:
          TableScan
            alias: t1
            Statistics: Num rows: 2 Data size: 3 Basic stats: COMPLETE Column stats: NONE
            Filter Operator
              predicate: id is not null (type: boolean)
              Statistics: Num rows: 2 Data size: 3 Basic stats: COMPLETE Column stats: NONE
              Select Operator
                expressions: id (type: int)
                outputColumnNames: _col0
                Statistics: Num rows: 2 Data size: 3 Basic stats: COMPLETE Column stats: NONE
                Reduce Output Operator
                  key expressions: _col0 (type: int)
                  sort order: +
                  Map-reduce partition columns: _col0 (type: int)
                  Statistics: Num rows: 2 Data size: 3 Basic stats: COMPLETE Column stats: NONE
          TableScan
            alias: t2
            Statistics: Num rows: 5 Data size: 5 Basic stats: COMPLETE Column stats: NONE
            Filter Operator
              predicate: id is not null (type: boolean)
              Statistics: Num rows: 5 Data size: 5 Basic stats: COMPLETE Column stats: NONE
              Select Operator
                expressions: id (type: int)
                outputColumnNames: _col0
                Statistics: Num rows: 5 Data size: 5 Basic stats: COMPLETE Column stats: NONE
                Reduce Output Operator
                  key expressions: _col0 (type: int)
                  sort order: +
                  Map-reduce partition columns: _col0 (type: int)
                  Statistics: Num rows: 5 Data size: 5 Basic stats: COMPLETE Column stats: NONE
      Reduce Operator Tree:
        Join Operator
          condition map:
               Inner Join 0 to 1
          keys:
            0 _col0 (type: int)
            1 _col0 (type: int)
          outputColumnNames: _col0
          Statistics: Num rows: 5 Data size: 5 Basic stats: COMPLETE Column stats: NONE
          Group By Operator
            aggregations: sum(_col0)
            mode: hash
            outputColumnNames: _col0
            Statistics: Num rows: 1 Data size: 8 Basic stats: COMPLETE Column stats: NONE
            File Output Operator
              compressed: false
              table:
                  input format: org.apache.hadoop.mapred.SequenceFileInputFormat
                  output format: org.apache.hadoop.hive.ql.io.HiveSequenceFileOutputFormat
                  serde: org.apache.hadoop.hive.serde2.lazybinary.LazyBinarySerDe

  Stage: Stage-2
    Map Reduce
      Map Operator Tree:
          TableScan
            Reduce Output Operator
              sort order: 
              Statistics: Num rows: 1 Data size: 8 Basic stats: COMPLETE Column stats: NONE
              value expressions: _col0 (type: bigint)
      Reduce Operator Tree:
        Group By Operator
          aggregations: sum(VALUE._col0)
          mode: mergepartial
          outputColumnNames: _col0
          Statistics: Num rows: 1 Data size: 8 Basic stats: COMPLETE Column stats: NONE
          File Output Operator
            compressed: false
            Statistics: Num rows: 1 Data size: 8 Basic stats: COMPLETE Column stats: NONE
            table:
                input format: org.apache.hadoop.mapred.SequenceFileInputFormat
                output format: org.apache.hadoop.hive.ql.io.HiveSequenceFileOutputFormat
                serde: org.apache.hadoop.hive.serde2.lazy.LazySimpleSerDe

  Stage: Stage-0
    Fetch Operator
      limit: -1
      Processor Tree:
        ListSink

PREHOOK: query: select sum(t1.id) from t1 join t2 on (t1.id=t2.id)
PREHOOK: type: QUERY
PREHOOK: Input: default@t1
PREHOOK: Input: default@t2
#### A masked pattern was here ####
POSTHOOK: query: select sum(t1.id) from t1 join t2 on (t1.id=t2.id)
POSTHOOK: type: QUERY
POSTHOOK: Input: default@t1
POSTHOOK: Input: default@t2
#### A masked pattern was here ####
PREHOOK: query: explain analyze
select sum(t1.id) from t1 join t2 on (t1.id=t2.id)
PREHOOK: type: QUERY
POSTHOOK: query: explain analyze
select sum(t1.id) from t1 join t2 on (t1.id=t2.id)
POSTHOOK: type: QUERY
STAGE DEPENDENCIES:
  Stage-1 is a root stage
  Stage-2 depends on stages: Stage-1
  Stage-0 depends on stages: Stage-2

STAGE PLANS:
  Stage: Stage-1
    Map Reduce
      Map Operator Tree:
          TableScan
            alias: t1
            Statistics: Num rows: 2/2 Data size: 3 Basic stats: COMPLETE Column stats: NONE
            Filter Operator
              predicate: id is not null (type: boolean)
              Statistics: Num rows: 2/2 Data size: 3 Basic stats: COMPLETE Column stats: NONE
              Select Operator
                expressions: id (type: int)
                outputColumnNames: _col0
                Statistics: Num rows: 2/2 Data size: 3 Basic stats: COMPLETE Column stats: NONE
                Reduce Output Operator
                  key expressions: _col0 (type: int)
                  sort order: +
                  Map-reduce partition columns: _col0 (type: int)
                  Statistics: Num rows: 2/2 Data size: 3 Basic stats: COMPLETE Column stats: NONE
          TableScan
            alias: t2
            Statistics: Num rows: 5/5 Data size: 5 Basic stats: COMPLETE Column stats: NONE
            Filter Operator
              predicate: id is not null (type: boolean)
              Statistics: Num rows: 5/5 Data size: 5 Basic stats: COMPLETE Column stats: NONE
              Select Operator
                expressions: id (type: int)
                outputColumnNames: _col0
                Statistics: Num rows: 5/5 Data size: 5 Basic stats: COMPLETE Column stats: NONE
                Reduce Output Operator
                  key expressions: _col0 (type: int)
                  sort order: +
                  Map-reduce partition columns: _col0 (type: int)
                  Statistics: Num rows: 5/5 Data size: 5 Basic stats: COMPLETE Column stats: NONE
      Reduce Operator Tree:
        Join Operator
          condition map:
               Inner Join 0 to 1
          keys:
            0 _col0 (type: int)
            1 _col0 (type: int)
          outputColumnNames: _col0
          Statistics: Num rows: 5/1 Data size: 5 Basic stats: COMPLETE Column stats: NONE
          Group By Operator
            aggregations: sum(_col0)
            mode: hash
            outputColumnNames: _col0
            Statistics: Num rows: 1/1 Data size: 8 Basic stats: COMPLETE Column stats: NONE
            File Output Operator
              compressed: false
              table:
                  input format: org.apache.hadoop.mapred.SequenceFileInputFormat
                  output format: org.apache.hadoop.hive.ql.io.HiveSequenceFileOutputFormat
                  serde: org.apache.hadoop.hive.serde2.lazybinary.LazyBinarySerDe

  Stage: Stage-2
    Map Reduce
      Map Operator Tree:
          TableScan
            Reduce Output Operator
              sort order: 
              Statistics: Num rows: 1/1 Data size: 8 Basic stats: COMPLETE Column stats: NONE
              value expressions: _col0 (type: bigint)
      Reduce Operator Tree:
        Group By Operator
          aggregations: sum(VALUE._col0)
          mode: mergepartial
          outputColumnNames: _col0
          Statistics: Num rows: 1/1 Data size: 8 Basic stats: COMPLETE Column stats: NONE
          File Output Operator
            compressed: false
            Statistics: Num rows: 1/1 Data size: 8 Basic stats: COMPLETE Column stats: NONE
            table:
                input format: org.apache.hadoop.mapred.SequenceFileInputFormat
                output format: org.apache.hadoop.hive.ql.io.HiveSequenceFileOutputFormat
                serde: org.apache.hadoop.hive.serde2.lazy.LazySimpleSerDe

  Stage: Stage-0
    Fetch Operator
      limit: -1
      Processor Tree:
        ListSink

PREHOOK: query: explain reoptimization
select sum(t1.id) from t1 join t2 on (t1.id=t2.id)
PREHOOK: type: QUERY
PREHOOK: Input: default@t1
PREHOOK: Input: default@t2
#### A masked pattern was here ####
POSTHOOK: query: explain reoptimization
select sum(t1.id) from t1 join t2 on (t1.id=t2.id)
POSTHOOK: type: QUERY
POSTHOOK: Input: default@t1
POSTHOOK: Input: default@t2
#### A masked pattern was here ####
PREHOOK: query: explain reoptimization
select sum(t1.id) from t1 join t2 on (t1.id=t2.id)
PREHOOK: type: QUERY
POSTHOOK: query: explain reoptimization
select sum(t1.id) from t1 join t2 on (t1.id=t2.id)
POSTHOOK: type: QUERY
STAGE DEPENDENCIES:
  Stage-1 is a root stage
  Stage-2 depends on stages: Stage-1
  Stage-0 depends on stages: Stage-2

STAGE PLANS:
  Stage: Stage-1
    Map Reduce
      Map Operator Tree:
          TableScan
            alias: t1
            Statistics: Num rows: 2 Data size: 3 Basic stats: COMPLETE Column stats: NONE
            Filter Operator
              predicate: id is not null (type: boolean)
              Statistics: Num rows: 2 Data size: 3 Basic stats: COMPLETE Column stats: NONE
              Select Operator
                expressions: id (type: int)
                outputColumnNames: _col0
                Statistics: Num rows: 2 Data size: 3 Basic stats: COMPLETE Column stats: NONE
                Reduce Output Operator
                  key expressions: _col0 (type: int)
                  sort order: +
                  Map-reduce partition columns: _col0 (type: int)
                  Statistics: Num rows: 2 Data size: 3 Basic stats: COMPLETE Column stats: NONE
          TableScan
            alias: t2
            Statistics: Num rows: 5 Data size: 5 Basic stats: COMPLETE Column stats: NONE
            Filter Operator
              predicate: id is not null (type: boolean)
              Statistics: Num rows: 5 Data size: 5 Basic stats: COMPLETE Column stats: NONE
              Select Operator
                expressions: id (type: int)
                outputColumnNames: _col0
                Statistics: Num rows: 5 Data size: 5 Basic stats: COMPLETE Column stats: NONE
                Reduce Output Operator
                  key expressions: _col0 (type: int)
                  sort order: +
                  Map-reduce partition columns: _col0 (type: int)
                  Statistics: Num rows: 5 Data size: 5 Basic stats: COMPLETE Column stats: NONE
      Reduce Operator Tree:
        Join Operator
          condition map:
               Inner Join 0 to 1
          keys:
            0 _col0 (type: int)
            1 _col0 (type: int)
          outputColumnNames: _col0
          Statistics: Num rows: 5 Data size: 5 Basic stats: COMPLETE Column stats: NONE
          Group By Operator
            aggregations: sum(_col0)
            mode: hash
            outputColumnNames: _col0
            Statistics: Num rows: 1 Data size: 8 Basic stats: COMPLETE Column stats: NONE
            File Output Operator
              compressed: false
              table:
                  input format: org.apache.hadoop.mapred.SequenceFileInputFormat
                  output format: org.apache.hadoop.hive.ql.io.HiveSequenceFileOutputFormat
                  serde: org.apache.hadoop.hive.serde2.lazybinary.LazyBinarySerDe

  Stage: Stage-2
    Map Reduce
      Map Operator Tree:
          TableScan
            Reduce Output Operator
              sort order: 
              Statistics: Num rows: 1 Data size: 8 Basic stats: COMPLETE Column stats: NONE
              value expressions: _col0 (type: bigint)
      Reduce Operator Tree:
        Group By Operator
          aggregations: sum(VALUE._col0)
          mode: mergepartial
          outputColumnNames: _col0
          Statistics: Num rows: 1 Data size: 8 Basic stats: COMPLETE Column stats: NONE
          File Output Operator
            compressed: false
            Statistics: Num rows: 1 Data size: 8 Basic stats: COMPLETE Column stats: NONE
            table:
                input format: org.apache.hadoop.mapred.SequenceFileInputFormat
                output format: org.apache.hadoop.hive.ql.io.HiveSequenceFileOutputFormat
                serde: org.apache.hadoop.hive.serde2.lazy.LazySimpleSerDe

  Stage: Stage-0
    Fetch Operator
      limit: -1
      Processor Tree:
        ListSink

