PREHOOK: query: explain
select count(key),sum(key),avg(key),min(key),max(key),std(key),variance(key) from src
PREHOOK: type: QUERY
POSTHOOK: query: explain
select count(key),sum(key),avg(key),min(key),max(key),std(key),variance(key) from src
POSTHOOK: type: QUERY
STAGE DEPENDENCIES:
  Stage-1 is a root stage
  Stage-0 depends on stages: Stage-1

STAGE PLANS:
  Stage: Stage-1
    Map Reduce
      Map Operator Tree:
          TableScan
            alias: src
            Statistics: Num rows: 500 Data size: 5312 Basic stats: COMPLETE Column stats: NONE
            Select Operator
              expressions: key (type: string), UDFToDouble(key) (type: double), (UDFToDouble(key) * UDFToDouble(key)) (type: double)
              outputColumnNames: _col0, _col1, _col2
              Statistics: Num rows: 500 Data size: 5312 Basic stats: COMPLETE Column stats: NONE
              Group By Operator
                aggregations: count(_col0), sum(_col0), min(_col0), max(_col0), sum(_col2), sum(_col1)
                mode: hash
                outputColumnNames: _col0, _col1, _col2, _col3, _col4, _col5
                Statistics: Num rows: 1 Data size: 400 Basic stats: COMPLETE Column stats: NONE
                File Output Operator
                  compressed: false
                  table:
                      input format: org.apache.hadoop.mapred.SequenceFileInputFormat
                      output format: org.apache.hadoop.hive.ql.io.HiveSequenceFileOutputFormat
                      serde: org.apache.hadoop.hive.serde2.lazybinary.LazyBinarySerDe

  Stage: Stage-0
    Fetch Operator
      limit: -1
      Processor Tree:
        Group By Operator
          aggregations: count(_col0), sum(_col1), min(_col2), max(_col3), sum(_col4), sum(_col5)
          mode: mergepartial
          outputColumnNames: _col0, _col1, _col2, _col3, _col4, _col5
          Statistics: Num rows: 1 Data size: 400 Basic stats: COMPLETE Column stats: NONE
          Select Operator
            expressions: _col0 (type: bigint), _col1 (type: double), (_col1 / _col0) (type: double), _col2 (type: string), _col3 (type: string), power(((_col4 - ((_col5 * _col5) / _col0)) / _col0), 0.5) (type: double), ((_col4 - ((_col5 * _col5) / _col0)) / _col0) (type: double)
            outputColumnNames: _col0, _col1, _col2, _col3, _col4, _col5, _col6
            Statistics: Num rows: 1 Data size: 400 Basic stats: COMPLETE Column stats: NONE
            ListSink

PREHOOK: query: select count(key),sum(key),avg(key),min(key),max(key),std(key),variance(key) from src
PREHOOK: type: QUERY
PREHOOK: Input: default@src
#### A masked pattern was here ####
POSTHOOK: query: select count(key),sum(key),avg(key),min(key),max(key),std(key),variance(key) from src
POSTHOOK: type: QUERY
POSTHOOK: Input: default@src
#### A masked pattern was here ####
500	130091.0	260.182	0	98	142.9268095075238	20428.072876000002
