PREHOOK: query: CREATE TABLE sales_HIVE_15647 (store_id INTEGER, store_number INTEGER, customer_id INTEGER)
PREHOOK: type: CREATETABLE
PREHOOK: Output: database:default
PREHOOK: Output: default@sales_HIVE_15647
POSTHOOK: query: CREATE TABLE sales_HIVE_15647 (store_id INTEGER, store_number INTEGER, customer_id INTEGER)
POSTHOOK: type: CREATETABLE
POSTHOOK: Output: database:default
POSTHOOK: Output: default@sales_HIVE_15647
PREHOOK: query: CREATE TABLE store_HIVE_15647 (store_id INTEGER, salad_bar BOOLEAN)
PREHOOK: type: CREATETABLE
PREHOOK: Output: database:default
PREHOOK: Output: default@store_HIVE_15647
POSTHOOK: query: CREATE TABLE store_HIVE_15647 (store_id INTEGER, salad_bar BOOLEAN)
POSTHOOK: type: CREATETABLE
POSTHOOK: Output: database:default
POSTHOOK: Output: default@store_HIVE_15647
PREHOOK: query: explain select count(*) from
sales_HIVE_15647 as sales 
join store_HIVE_15647 as store on sales.store_id = store.store_id
where ((store.salad_bar)) and ((sales.store_number) <=> (sales.customer_id))
PREHOOK: type: QUERY
POSTHOOK: query: explain select count(*) from
sales_HIVE_15647 as sales 
join store_HIVE_15647 as store on sales.store_id = store.store_id
where ((store.salad_bar)) and ((sales.store_number) <=> (sales.customer_id))
POSTHOOK: type: QUERY
STAGE DEPENDENCIES:
  Stage-1 is a root stage
  Stage-2 depends on stages: Stage-1
  Stage-0 depends on stages: Stage-2

STAGE PLANS:
  Stage: Stage-1
    Map Reduce
      Map Operator Tree:
          TableScan
            alias: sales
            Statistics: Num rows: 1 Data size: 0 Basic stats: PARTIAL Column stats: NONE
            Filter Operator
              predicate: ((store_number = customer_id) and store_id is not null) (type: boolean)
              Statistics: Num rows: 1 Data size: 0 Basic stats: PARTIAL Column stats: NONE
              Reduce Output Operator
                key expressions: store_id (type: int)
                sort order: +
                Map-reduce partition columns: store_id (type: int)
                Statistics: Num rows: 1 Data size: 0 Basic stats: PARTIAL Column stats: NONE
          TableScan
            alias: store
            Statistics: Num rows: 1 Data size: 0 Basic stats: PARTIAL Column stats: NONE
            Filter Operator
              predicate: (salad_bar and store_id is not null) (type: boolean)
              Statistics: Num rows: 1 Data size: 0 Basic stats: PARTIAL Column stats: NONE
              Reduce Output Operator
                key expressions: store_id (type: int)
                sort order: +
                Map-reduce partition columns: store_id (type: int)
                Statistics: Num rows: 1 Data size: 0 Basic stats: PARTIAL Column stats: NONE
      Reduce Operator Tree:
        Join Operator
          condition map:
               Inner Join 0 to 1
          keys:
            0 store_id (type: int)
            1 store_id (type: int)
          Statistics: Num rows: 1 Data size: 0 Basic stats: PARTIAL Column stats: NONE
          Group By Operator
            aggregations: count()
            mode: hash
            outputColumnNames: _col0
            Statistics: Num rows: 1 Data size: 8 Basic stats: PARTIAL Column stats: NONE
            File Output Operator
              compressed: false
              table:
                  input format: org.apache.hadoop.mapred.SequenceFileInputFormat
                  output format: org.apache.hadoop.hive.ql.io.HiveSequenceFileOutputFormat
                  serde: org.apache.hadoop.hive.serde2.lazybinary.LazyBinarySerDe

  Stage: Stage-2
    Map Reduce
      Map Operator Tree:
          TableScan
            Reduce Output Operator
              sort order: 
              Statistics: Num rows: 1 Data size: 8 Basic stats: PARTIAL Column stats: NONE
              value expressions: _col0 (type: bigint)
      Execution mode: vectorized
      Reduce Operator Tree:
        Group By Operator
          aggregations: count(VALUE._col0)
          mode: mergepartial
          outputColumnNames: _col0
          Statistics: Num rows: 1 Data size: 8 Basic stats: PARTIAL Column stats: NONE
          File Output Operator
            compressed: false
            Statistics: Num rows: 1 Data size: 8 Basic stats: PARTIAL Column stats: NONE
            table:
                input format: org.apache.hadoop.mapred.SequenceFileInputFormat
                output format: org.apache.hadoop.hive.ql.io.HiveSequenceFileOutputFormat
                serde: org.apache.hadoop.hive.serde2.lazy.LazySimpleSerDe

  Stage: Stage-0
    Fetch Operator
      limit: -1
      Processor Tree:
        ListSink

PREHOOK: query: explain select count(*) from
sales_HIVE_15647 as sales 
join store_HIVE_15647 as store on sales.store_id = store.store_id
where ((store.salad_bar)) and ((sales.store_number) = (sales.customer_id))
PREHOOK: type: QUERY
POSTHOOK: query: explain select count(*) from
sales_HIVE_15647 as sales 
join store_HIVE_15647 as store on sales.store_id = store.store_id
where ((store.salad_bar)) and ((sales.store_number) = (sales.customer_id))
POSTHOOK: type: QUERY
STAGE DEPENDENCIES:
  Stage-1 is a root stage
  Stage-2 depends on stages: Stage-1
  Stage-0 depends on stages: Stage-2

STAGE PLANS:
  Stage: Stage-1
    Map Reduce
      Map Operator Tree:
          TableScan
            alias: sales
            Statistics: Num rows: 1 Data size: 0 Basic stats: PARTIAL Column stats: NONE
            Filter Operator
              predicate: ((store_number = customer_id) and store_id is not null) (type: boolean)
              Statistics: Num rows: 1 Data size: 0 Basic stats: PARTIAL Column stats: NONE
              Reduce Output Operator
                key expressions: store_id (type: int)
                sort order: +
                Map-reduce partition columns: store_id (type: int)
                Statistics: Num rows: 1 Data size: 0 Basic stats: PARTIAL Column stats: NONE
          TableScan
            alias: store
            Statistics: Num rows: 1 Data size: 0 Basic stats: PARTIAL Column stats: NONE
            Filter Operator
              predicate: (salad_bar and store_id is not null) (type: boolean)
              Statistics: Num rows: 1 Data size: 0 Basic stats: PARTIAL Column stats: NONE
              Reduce Output Operator
                key expressions: store_id (type: int)
                sort order: +
                Map-reduce partition columns: store_id (type: int)
                Statistics: Num rows: 1 Data size: 0 Basic stats: PARTIAL Column stats: NONE
      Reduce Operator Tree:
        Join Operator
          condition map:
               Inner Join 0 to 1
          keys:
            0 store_id (type: int)
            1 store_id (type: int)
          Statistics: Num rows: 1 Data size: 0 Basic stats: PARTIAL Column stats: NONE
          Group By Operator
            aggregations: count()
            mode: hash
            outputColumnNames: _col0
            Statistics: Num rows: 1 Data size: 8 Basic stats: PARTIAL Column stats: NONE
            File Output Operator
              compressed: false
              table:
                  input format: org.apache.hadoop.mapred.SequenceFileInputFormat
                  output format: org.apache.hadoop.hive.ql.io.HiveSequenceFileOutputFormat
                  serde: org.apache.hadoop.hive.serde2.lazybinary.LazyBinarySerDe

  Stage: Stage-2
    Map Reduce
      Map Operator Tree:
          TableScan
            Reduce Output Operator
              sort order: 
              Statistics: Num rows: 1 Data size: 8 Basic stats: PARTIAL Column stats: NONE
              value expressions: _col0 (type: bigint)
      Execution mode: vectorized
      Reduce Operator Tree:
        Group By Operator
          aggregations: count(VALUE._col0)
          mode: mergepartial
          outputColumnNames: _col0
          Statistics: Num rows: 1 Data size: 8 Basic stats: PARTIAL Column stats: NONE
          File Output Operator
            compressed: false
            Statistics: Num rows: 1 Data size: 8 Basic stats: PARTIAL Column stats: NONE
            table:
                input format: org.apache.hadoop.mapred.SequenceFileInputFormat
                output format: org.apache.hadoop.hive.ql.io.HiveSequenceFileOutputFormat
                serde: org.apache.hadoop.hive.serde2.lazy.LazySimpleSerDe

  Stage: Stage-0
    Fetch Operator
      limit: -1
      Processor Tree:
        ListSink

PREHOOK: query: explain select count(*) from
sales_HIVE_15647 as sales 
join store_HIVE_15647 as store on sales.store_id = store.store_id
where ((store.salad_bar = true)) and ((sales.store_number) <=> (sales.customer_id))
PREHOOK: type: QUERY
POSTHOOK: query: explain select count(*) from
sales_HIVE_15647 as sales 
join store_HIVE_15647 as store on sales.store_id = store.store_id
where ((store.salad_bar = true)) and ((sales.store_number) <=> (sales.customer_id))
POSTHOOK: type: QUERY
STAGE DEPENDENCIES:
  Stage-1 is a root stage
  Stage-2 depends on stages: Stage-1
  Stage-0 depends on stages: Stage-2

STAGE PLANS:
  Stage: Stage-1
    Map Reduce
      Map Operator Tree:
          TableScan
            alias: sales
            Statistics: Num rows: 1 Data size: 0 Basic stats: PARTIAL Column stats: NONE
            Filter Operator
              predicate: ((store_number = customer_id) and store_id is not null) (type: boolean)
              Statistics: Num rows: 1 Data size: 0 Basic stats: PARTIAL Column stats: NONE
              Reduce Output Operator
                key expressions: store_id (type: int)
                sort order: +
                Map-reduce partition columns: store_id (type: int)
                Statistics: Num rows: 1 Data size: 0 Basic stats: PARTIAL Column stats: NONE
          TableScan
            alias: store
            Statistics: Num rows: 1 Data size: 0 Basic stats: PARTIAL Column stats: NONE
            Filter Operator
              predicate: ((salad_bar = true) and store_id is not null) (type: boolean)
              Statistics: Num rows: 1 Data size: 0 Basic stats: PARTIAL Column stats: NONE
              Reduce Output Operator
                key expressions: store_id (type: int)
                sort order: +
                Map-reduce partition columns: store_id (type: int)
                Statistics: Num rows: 1 Data size: 0 Basic stats: PARTIAL Column stats: NONE
      Reduce Operator Tree:
        Join Operator
          condition map:
               Inner Join 0 to 1
          keys:
            0 store_id (type: int)
            1 store_id (type: int)
          Statistics: Num rows: 1 Data size: 0 Basic stats: PARTIAL Column stats: NONE
          Group By Operator
            aggregations: count()
            mode: hash
            outputColumnNames: _col0
            Statistics: Num rows: 1 Data size: 8 Basic stats: PARTIAL Column stats: NONE
            File Output Operator
              compressed: false
              table:
                  input format: org.apache.hadoop.mapred.SequenceFileInputFormat
                  output format: org.apache.hadoop.hive.ql.io.HiveSequenceFileOutputFormat
                  serde: org.apache.hadoop.hive.serde2.lazybinary.LazyBinarySerDe

  Stage: Stage-2
    Map Reduce
      Map Operator Tree:
          TableScan
            Reduce Output Operator
              sort order: 
              Statistics: Num rows: 1 Data size: 8 Basic stats: PARTIAL Column stats: NONE
              value expressions: _col0 (type: bigint)
      Execution mode: vectorized
      Reduce Operator Tree:
        Group By Operator
          aggregations: count(VALUE._col0)
          mode: mergepartial
          outputColumnNames: _col0
          Statistics: Num rows: 1 Data size: 8 Basic stats: PARTIAL Column stats: NONE
          File Output Operator
            compressed: false
            Statistics: Num rows: 1 Data size: 8 Basic stats: PARTIAL Column stats: NONE
            table:
                input format: org.apache.hadoop.mapred.SequenceFileInputFormat
                output format: org.apache.hadoop.hive.ql.io.HiveSequenceFileOutputFormat
                serde: org.apache.hadoop.hive.serde2.lazy.LazySimpleSerDe

  Stage: Stage-0
    Fetch Operator
      limit: -1
      Processor Tree:
        ListSink

PREHOOK: query: explain select count(*) from
sales_HIVE_15647 as sales 
join store_HIVE_15647 as store on sales.store_id = store.store_id
where ((store.salad_bar = false)) and ((sales.store_number) > (sales.customer_id))
PREHOOK: type: QUERY
POSTHOOK: query: explain select count(*) from
sales_HIVE_15647 as sales 
join store_HIVE_15647 as store on sales.store_id = store.store_id
where ((store.salad_bar = false)) and ((sales.store_number) > (sales.customer_id))
POSTHOOK: type: QUERY
STAGE DEPENDENCIES:
  Stage-1 is a root stage
  Stage-2 depends on stages: Stage-1
  Stage-0 depends on stages: Stage-2

STAGE PLANS:
  Stage: Stage-1
    Map Reduce
      Map Operator Tree:
          TableScan
            alias: sales
            Statistics: Num rows: 1 Data size: 0 Basic stats: PARTIAL Column stats: NONE
            Filter Operator
              predicate: ((store_number > customer_id) and store_id is not null) (type: boolean)
              Statistics: Num rows: 1 Data size: 0 Basic stats: PARTIAL Column stats: NONE
              Reduce Output Operator
                key expressions: store_id (type: int)
                sort order: +
                Map-reduce partition columns: store_id (type: int)
                Statistics: Num rows: 1 Data size: 0 Basic stats: PARTIAL Column stats: NONE
          TableScan
            alias: store
            Statistics: Num rows: 1 Data size: 0 Basic stats: PARTIAL Column stats: NONE
            Filter Operator
              predicate: ((salad_bar = false) and store_id is not null) (type: boolean)
              Statistics: Num rows: 1 Data size: 0 Basic stats: PARTIAL Column stats: NONE
              Reduce Output Operator
                key expressions: store_id (type: int)
                sort order: +
                Map-reduce partition columns: store_id (type: int)
                Statistics: Num rows: 1 Data size: 0 Basic stats: PARTIAL Column stats: NONE
      Reduce Operator Tree:
        Join Operator
          condition map:
               Inner Join 0 to 1
          keys:
            0 store_id (type: int)
            1 store_id (type: int)
          Statistics: Num rows: 1 Data size: 0 Basic stats: PARTIAL Column stats: NONE
          Group By Operator
            aggregations: count()
            mode: hash
            outputColumnNames: _col0
            Statistics: Num rows: 1 Data size: 8 Basic stats: PARTIAL Column stats: NONE
            File Output Operator
              compressed: false
              table:
                  input format: org.apache.hadoop.mapred.SequenceFileInputFormat
                  output format: org.apache.hadoop.hive.ql.io.HiveSequenceFileOutputFormat
                  serde: org.apache.hadoop.hive.serde2.lazybinary.LazyBinarySerDe

  Stage: Stage-2
    Map Reduce
      Map Operator Tree:
          TableScan
            Reduce Output Operator
              sort order: 
              Statistics: Num rows: 1 Data size: 8 Basic stats: PARTIAL Column stats: NONE
              value expressions: _col0 (type: bigint)
      Execution mode: vectorized
      Reduce Operator Tree:
        Group By Operator
          aggregations: count(VALUE._col0)
          mode: mergepartial
          outputColumnNames: _col0
          Statistics: Num rows: 1 Data size: 8 Basic stats: PARTIAL Column stats: NONE
          File Output Operator
            compressed: false
            Statistics: Num rows: 1 Data size: 8 Basic stats: PARTIAL Column stats: NONE
            table:
                input format: org.apache.hadoop.mapred.SequenceFileInputFormat
                output format: org.apache.hadoop.hive.ql.io.HiveSequenceFileOutputFormat
                serde: org.apache.hadoop.hive.serde2.lazy.LazySimpleSerDe

  Stage: Stage-0
    Fetch Operator
      limit: -1
      Processor Tree:
        ListSink

