PREHOOK: query: EXPLAIN
SELECT f.key
FROM cbo_t1 f
WHERE (f.key = '1' OR f.key='2')
AND f.key IN ('1', '2')
PREHOOK: type: QUERY
PREHOOK: Input: default@cbo_t1
PREHOOK: Input: default@cbo_t1@dt=2014
#### A masked pattern was here ####
POSTHOOK: query: EXPLAIN
SELECT f.key
FROM cbo_t1 f
WHERE (f.key = '1' OR f.key='2')
AND f.key IN ('1', '2')
POSTHOOK: type: QUERY
POSTHOOK: Input: default@cbo_t1
POSTHOOK: Input: default@cbo_t1@dt=2014
#### A masked pattern was here ####
STAGE DEPENDENCIES:
  Stage-1 is a root stage
  Stage-0 depends on stages: Stage-1

STAGE PLANS:
  Stage: Stage-1
    Map Reduce
      Map Operator Tree:
          TableScan
            alias: f
            filterExpr: (key) IN ('1', '2') (type: boolean)
            Statistics: Num rows: 20 Data size: 1615 Basic stats: COMPLETE Column stats: COMPLETE
            Filter Operator
              predicate: (key) IN ('1', '2') (type: boolean)
              Statistics: Num rows: 10 Data size: 850 Basic stats: COMPLETE Column stats: COMPLETE
              Select Operator
                expressions: key (type: string)
                outputColumnNames: _col0
                Statistics: Num rows: 10 Data size: 850 Basic stats: COMPLETE Column stats: COMPLETE
                File Output Operator
                  compressed: false
                  Statistics: Num rows: 10 Data size: 850 Basic stats: COMPLETE Column stats: COMPLETE
                  table:
                      input format: org.apache.hadoop.mapred.SequenceFileInputFormat
                      output format: org.apache.hadoop.hive.ql.io.HiveSequenceFileOutputFormat
                      serde: org.apache.hadoop.hive.serde2.lazy.LazySimpleSerDe
      Execution mode: vectorized

  Stage: Stage-0
    Fetch Operator
      limit: -1
      Processor Tree:
        ListSink

PREHOOK: query: EXPLAIN
SELECT f.key
FROM cbo_t1 f
WHERE (f.key = '1' OR f.key = '2')
AND f.key IN ('1', '2', '3')
PREHOOK: type: QUERY
PREHOOK: Input: default@cbo_t1
PREHOOK: Input: default@cbo_t1@dt=2014
#### A masked pattern was here ####
POSTHOOK: query: EXPLAIN
SELECT f.key
FROM cbo_t1 f
WHERE (f.key = '1' OR f.key = '2')
AND f.key IN ('1', '2', '3')
POSTHOOK: type: QUERY
POSTHOOK: Input: default@cbo_t1
POSTHOOK: Input: default@cbo_t1@dt=2014
#### A masked pattern was here ####
STAGE DEPENDENCIES:
  Stage-1 is a root stage
  Stage-0 depends on stages: Stage-1

STAGE PLANS:
  Stage: Stage-1
    Map Reduce
      Map Operator Tree:
          TableScan
            alias: f
            filterExpr: (key) IN ('1', '2') (type: boolean)
            Statistics: Num rows: 20 Data size: 1615 Basic stats: COMPLETE Column stats: COMPLETE
            Filter Operator
              predicate: (key) IN ('1', '2') (type: boolean)
              Statistics: Num rows: 10 Data size: 850 Basic stats: COMPLETE Column stats: COMPLETE
              Select Operator
                expressions: key (type: string)
                outputColumnNames: _col0
                Statistics: Num rows: 10 Data size: 850 Basic stats: COMPLETE Column stats: COMPLETE
                File Output Operator
                  compressed: false
                  Statistics: Num rows: 10 Data size: 850 Basic stats: COMPLETE Column stats: COMPLETE
                  table:
                      input format: org.apache.hadoop.mapred.SequenceFileInputFormat
                      output format: org.apache.hadoop.hive.ql.io.HiveSequenceFileOutputFormat
                      serde: org.apache.hadoop.hive.serde2.lazy.LazySimpleSerDe
      Execution mode: vectorized

  Stage: Stage-0
    Fetch Operator
      limit: -1
      Processor Tree:
        ListSink

PREHOOK: query: EXPLAIN
SELECT f.key
FROM cbo_t1 f
WHERE (f.key = '1' OR f.key='2' OR f.key='3')
AND f.key IN ('1', '2')
PREHOOK: type: QUERY
PREHOOK: Input: default@cbo_t1
PREHOOK: Input: default@cbo_t1@dt=2014
#### A masked pattern was here ####
POSTHOOK: query: EXPLAIN
SELECT f.key
FROM cbo_t1 f
WHERE (f.key = '1' OR f.key='2' OR f.key='3')
AND f.key IN ('1', '2')
POSTHOOK: type: QUERY
POSTHOOK: Input: default@cbo_t1
POSTHOOK: Input: default@cbo_t1@dt=2014
#### A masked pattern was here ####
STAGE DEPENDENCIES:
  Stage-1 is a root stage
  Stage-0 depends on stages: Stage-1

STAGE PLANS:
  Stage: Stage-1
    Map Reduce
      Map Operator Tree:
          TableScan
            alias: f
            filterExpr: (key) IN ('1', '2') (type: boolean)
            Statistics: Num rows: 20 Data size: 1615 Basic stats: COMPLETE Column stats: COMPLETE
            Filter Operator
              predicate: (key) IN ('1', '2') (type: boolean)
              Statistics: Num rows: 10 Data size: 850 Basic stats: COMPLETE Column stats: COMPLETE
              Select Operator
                expressions: key (type: string)
                outputColumnNames: _col0
                Statistics: Num rows: 10 Data size: 850 Basic stats: COMPLETE Column stats: COMPLETE
                File Output Operator
                  compressed: false
                  Statistics: Num rows: 10 Data size: 850 Basic stats: COMPLETE Column stats: COMPLETE
                  table:
                      input format: org.apache.hadoop.mapred.SequenceFileInputFormat
                      output format: org.apache.hadoop.hive.ql.io.HiveSequenceFileOutputFormat
                      serde: org.apache.hadoop.hive.serde2.lazy.LazySimpleSerDe
      Execution mode: vectorized

  Stage: Stage-0
    Fetch Operator
      limit: -1
      Processor Tree:
        ListSink

