PREHOOK: query: explain extended 
select key, c, m from
(
select key, c, 1 as m from (select key, count(key) as c from src group by key)s1
union all
select key, c, 2 as m from (select key, count(key) as c from src group by key)s2
union all
select key, c, 3 as m from (select key, count(key) as c from src group by key)s3
union all
select key, c, 4 as m from (select key, count(key) as c from src group by key)s4
)sub
where m >2
PREHOOK: type: QUERY
POSTHOOK: query: explain extended 
select key, c, m from
(
select key, c, 1 as m from (select key, count(key) as c from src group by key)s1
union all
select key, c, 2 as m from (select key, count(key) as c from src group by key)s2
union all
select key, c, 3 as m from (select key, count(key) as c from src group by key)s3
union all
select key, c, 4 as m from (select key, count(key) as c from src group by key)s4
)sub
where m >2
POSTHOOK: type: QUERY
STAGE DEPENDENCIES:
  Stage-1 is a root stage
  Stage-2 depends on stages: Stage-1, Stage-3
  Stage-3 is a root stage
  Stage-0 depends on stages: Stage-2

STAGE PLANS:
  Stage: Stage-1
    Map Reduce
      Map Operator Tree:
          TableScan
            alias: src
            Statistics: Num rows: 500 Data size: 5312 Basic stats: COMPLETE Column stats: NONE
            GatherStats: false
            Select Operator
              expressions: key (type: string)
              outputColumnNames: key
              Statistics: Num rows: 500 Data size: 5312 Basic stats: COMPLETE Column stats: NONE
              Group By Operator
                aggregations: count(key)
                keys: key (type: string)
                mode: hash
                outputColumnNames: _col0, _col1
                Statistics: Num rows: 500 Data size: 5312 Basic stats: COMPLETE Column stats: NONE
                Reduce Output Operator
                  key expressions: _col0 (type: string)
                  null sort order: a
                  sort order: +
                  Map-reduce partition columns: _col0 (type: string)
                  Statistics: Num rows: 500 Data size: 5312 Basic stats: COMPLETE Column stats: NONE
                  tag: -1
                  value expressions: _col1 (type: bigint)
                  auto parallelism: false
      Path -> Alias:
#### A masked pattern was here ####
      Path -> Partition:
#### A masked pattern was here ####
          Partition
            base file name: src
            input format: org.apache.hadoop.mapred.TextInputFormat
            output format: org.apache.hadoop.hive.ql.io.HiveIgnoreKeyTextOutputFormat
            properties:
              COLUMN_STATS_ACCURATE {"BASIC_STATS":"true","COLUMN_STATS":{"key":"true","value":"true"}}
              bucket_count -1
              column.name.delimiter ,
              columns key,value
              columns.comments 'default','default'
              columns.types string:string
#### A masked pattern was here ####
              name default.src
              numFiles 1
              numRows 500
              rawDataSize 5312
              serialization.ddl struct src { string key, string value}
              serialization.format 1
              serialization.lib org.apache.hadoop.hive.serde2.lazy.LazySimpleSerDe
              totalSize 5812
#### A masked pattern was here ####
            serde: org.apache.hadoop.hive.serde2.lazy.LazySimpleSerDe
          
              input format: org.apache.hadoop.mapred.TextInputFormat
              output format: org.apache.hadoop.hive.ql.io.HiveIgnoreKeyTextOutputFormat
              properties:
                COLUMN_STATS_ACCURATE {"BASIC_STATS":"true","COLUMN_STATS":{"key":"true","value":"true"}}
                bucket_count -1
                column.name.delimiter ,
                columns key,value
                columns.comments 'default','default'
                columns.types string:string
#### A masked pattern was here ####
                name default.src
                numFiles 1
                numRows 500
                rawDataSize 5312
                serialization.ddl struct src { string key, string value}
                serialization.format 1
                serialization.lib org.apache.hadoop.hive.serde2.lazy.LazySimpleSerDe
                totalSize 5812
#### A masked pattern was here ####
              serde: org.apache.hadoop.hive.serde2.lazy.LazySimpleSerDe
              name: default.src
            name: default.src
      Truncated Path -> Alias:
        /src [null-subquery1:$hdt$_0-subquery1:src]
      Needs Tagging: false
      Reduce Operator Tree:
        Group By Operator
          aggregations: count(VALUE._col0)
          keys: KEY._col0 (type: string)
          mode: mergepartial
          outputColumnNames: _col0, _col1
          Statistics: Num rows: 250 Data size: 2656 Basic stats: COMPLETE Column stats: NONE
          Select Operator
            expressions: _col0 (type: string), _col1 (type: bigint), 3 (type: int)
            outputColumnNames: _col0, _col1, _col2
            Statistics: Num rows: 250 Data size: 2656 Basic stats: COMPLETE Column stats: NONE
            File Output Operator
              compressed: false
              GlobalTableId: 0
#### A masked pattern was here ####
              NumFilesPerFileSink: 1
              table:
                  input format: org.apache.hadoop.mapred.SequenceFileInputFormat
                  output format: org.apache.hadoop.hive.ql.io.HiveSequenceFileOutputFormat
                  properties:
                    column.name.delimiter ,
                    columns _col0,_col1,_col2
                    columns.types string,bigint,int
                    escape.delim \
                    serialization.lib org.apache.hadoop.hive.serde2.lazybinary.LazyBinarySerDe
                  serde: org.apache.hadoop.hive.serde2.lazybinary.LazyBinarySerDe
              TotalFiles: 1
              GatherStats: false
              MultiFileSpray: false

  Stage: Stage-2
    Map Reduce
      Map Operator Tree:
          TableScan
            GatherStats: false
            Union
              Statistics: Num rows: 500 Data size: 5312 Basic stats: COMPLETE Column stats: NONE
              File Output Operator
                compressed: false
                GlobalTableId: 0
#### A masked pattern was here ####
                NumFilesPerFileSink: 1
                Statistics: Num rows: 500 Data size: 5312 Basic stats: COMPLETE Column stats: NONE
#### A masked pattern was here ####
                table:
                    input format: org.apache.hadoop.mapred.SequenceFileInputFormat
                    output format: org.apache.hadoop.hive.ql.io.HiveSequenceFileOutputFormat
                    properties:
                      columns _col0,_col1,_col2
                      columns.types string:bigint:int
                      escape.delim \
                      hive.serialization.extend.additional.nesting.levels true
                      serialization.escape.crlf true
                      serialization.format 1
                      serialization.lib org.apache.hadoop.hive.serde2.lazy.LazySimpleSerDe
                    serde: org.apache.hadoop.hive.serde2.lazy.LazySimpleSerDe
                TotalFiles: 1
                GatherStats: false
                MultiFileSpray: false
          TableScan
            GatherStats: false
            Union
              Statistics: Num rows: 500 Data size: 5312 Basic stats: COMPLETE Column stats: NONE
              File Output Operator
                compressed: false
                GlobalTableId: 0
#### A masked pattern was here ####
                NumFilesPerFileSink: 1
                Statistics: Num rows: 500 Data size: 5312 Basic stats: COMPLETE Column stats: NONE
#### A masked pattern was here ####
                table:
                    input format: org.apache.hadoop.mapred.SequenceFileInputFormat
                    output format: org.apache.hadoop.hive.ql.io.HiveSequenceFileOutputFormat
                    properties:
                      columns _col0,_col1,_col2
                      columns.types string:bigint:int
                      escape.delim \
                      hive.serialization.extend.additional.nesting.levels true
                      serialization.escape.crlf true
                      serialization.format 1
                      serialization.lib org.apache.hadoop.hive.serde2.lazy.LazySimpleSerDe
                    serde: org.apache.hadoop.hive.serde2.lazy.LazySimpleSerDe
                TotalFiles: 1
                GatherStats: false
                MultiFileSpray: false
      Path -> Alias:
#### A masked pattern was here ####
      Path -> Partition:
#### A masked pattern was here ####
          Partition
            base file name: -mr-10004
            input format: org.apache.hadoop.mapred.SequenceFileInputFormat
            output format: org.apache.hadoop.hive.ql.io.HiveSequenceFileOutputFormat
            properties:
              column.name.delimiter ,
              columns _col0,_col1,_col2
              columns.types string,bigint,int
              escape.delim \
              serialization.lib org.apache.hadoop.hive.serde2.lazybinary.LazyBinarySerDe
            serde: org.apache.hadoop.hive.serde2.lazybinary.LazyBinarySerDe
          
              input format: org.apache.hadoop.mapred.SequenceFileInputFormat
              output format: org.apache.hadoop.hive.ql.io.HiveSequenceFileOutputFormat
              properties:
                column.name.delimiter ,
                columns _col0,_col1,_col2
                columns.types string,bigint,int
                escape.delim \
                serialization.lib org.apache.hadoop.hive.serde2.lazybinary.LazyBinarySerDe
              serde: org.apache.hadoop.hive.serde2.lazybinary.LazyBinarySerDe
#### A masked pattern was here ####
          Partition
            base file name: -mr-10005
            input format: org.apache.hadoop.mapred.SequenceFileInputFormat
            output format: org.apache.hadoop.hive.ql.io.HiveSequenceFileOutputFormat
            properties:
              column.name.delimiter ,
              columns _col0,_col1,_col2
              columns.types string,bigint,int
              escape.delim \
              serialization.lib org.apache.hadoop.hive.serde2.lazybinary.LazyBinarySerDe
            serde: org.apache.hadoop.hive.serde2.lazybinary.LazyBinarySerDe
          
              input format: org.apache.hadoop.mapred.SequenceFileInputFormat
              output format: org.apache.hadoop.hive.ql.io.HiveSequenceFileOutputFormat
              properties:
                column.name.delimiter ,
                columns _col0,_col1,_col2
                columns.types string,bigint,int
                escape.delim \
                serialization.lib org.apache.hadoop.hive.serde2.lazybinary.LazyBinarySerDe
              serde: org.apache.hadoop.hive.serde2.lazybinary.LazyBinarySerDe
      Truncated Path -> Alias:
#### A masked pattern was here ####

  Stage: Stage-3
    Map Reduce
      Map Operator Tree:
          TableScan
            alias: src
            Statistics: Num rows: 500 Data size: 5312 Basic stats: COMPLETE Column stats: NONE
            GatherStats: false
            Select Operator
              expressions: key (type: string)
              outputColumnNames: key
              Statistics: Num rows: 500 Data size: 5312 Basic stats: COMPLETE Column stats: NONE
              Group By Operator
                aggregations: count(key)
                keys: key (type: string)
                mode: hash
                outputColumnNames: _col0, _col1
                Statistics: Num rows: 500 Data size: 5312 Basic stats: COMPLETE Column stats: NONE
                Reduce Output Operator
                  key expressions: _col0 (type: string)
                  null sort order: a
                  sort order: +
                  Map-reduce partition columns: _col0 (type: string)
                  Statistics: Num rows: 500 Data size: 5312 Basic stats: COMPLETE Column stats: NONE
                  tag: -1
                  value expressions: _col1 (type: bigint)
                  auto parallelism: false
      Path -> Alias:
#### A masked pattern was here ####
      Path -> Partition:
#### A masked pattern was here ####
          Partition
            base file name: src
            input format: org.apache.hadoop.mapred.TextInputFormat
            output format: org.apache.hadoop.hive.ql.io.HiveIgnoreKeyTextOutputFormat
            properties:
              COLUMN_STATS_ACCURATE {"BASIC_STATS":"true","COLUMN_STATS":{"key":"true","value":"true"}}
              bucket_count -1
              column.name.delimiter ,
              columns key,value
              columns.comments 'default','default'
              columns.types string:string
#### A masked pattern was here ####
              name default.src
              numFiles 1
              numRows 500
              rawDataSize 5312
              serialization.ddl struct src { string key, string value}
              serialization.format 1
              serialization.lib org.apache.hadoop.hive.serde2.lazy.LazySimpleSerDe
              totalSize 5812
#### A masked pattern was here ####
            serde: org.apache.hadoop.hive.serde2.lazy.LazySimpleSerDe
          
              input format: org.apache.hadoop.mapred.TextInputFormat
              output format: org.apache.hadoop.hive.ql.io.HiveIgnoreKeyTextOutputFormat
              properties:
                COLUMN_STATS_ACCURATE {"BASIC_STATS":"true","COLUMN_STATS":{"key":"true","value":"true"}}
                bucket_count -1
                column.name.delimiter ,
                columns key,value
                columns.comments 'default','default'
                columns.types string:string
#### A masked pattern was here ####
                name default.src
                numFiles 1
                numRows 500
                rawDataSize 5312
                serialization.ddl struct src { string key, string value}
                serialization.format 1
                serialization.lib org.apache.hadoop.hive.serde2.lazy.LazySimpleSerDe
                totalSize 5812
#### A masked pattern was here ####
              serde: org.apache.hadoop.hive.serde2.lazy.LazySimpleSerDe
              name: default.src
            name: default.src
      Truncated Path -> Alias:
        /src [null-subquery2:$hdt$_0-subquery2:src]
      Needs Tagging: false
      Reduce Operator Tree:
        Group By Operator
          aggregations: count(VALUE._col0)
          keys: KEY._col0 (type: string)
          mode: mergepartial
          outputColumnNames: _col0, _col1
          Statistics: Num rows: 250 Data size: 2656 Basic stats: COMPLETE Column stats: NONE
          Select Operator
            expressions: _col0 (type: string), _col1 (type: bigint), 4 (type: int)
            outputColumnNames: _col0, _col1, _col2
            Statistics: Num rows: 250 Data size: 2656 Basic stats: COMPLETE Column stats: NONE
            File Output Operator
              compressed: false
              GlobalTableId: 0
#### A masked pattern was here ####
              NumFilesPerFileSink: 1
              table:
                  input format: org.apache.hadoop.mapred.SequenceFileInputFormat
                  output format: org.apache.hadoop.hive.ql.io.HiveSequenceFileOutputFormat
                  properties:
                    column.name.delimiter ,
                    columns _col0,_col1,_col2
                    columns.types string,bigint,int
                    escape.delim \
                    serialization.lib org.apache.hadoop.hive.serde2.lazybinary.LazyBinarySerDe
                  serde: org.apache.hadoop.hive.serde2.lazybinary.LazyBinarySerDe
              TotalFiles: 1
              GatherStats: false
              MultiFileSpray: false

  Stage: Stage-0
    Fetch Operator
      limit: -1
      Processor Tree:
        ListSink

PREHOOK: query: explain 
select key, c, m from
(
select key, c, 1 as m from (select key, count(key) as c from src group by key)s1
union all
select key, c, 2 as m from (select key, count(key) as c from src group by key)s2
union all
select key, c, 3 as m from (select key, count(key) as c from src group by key)s3
union all
select key, c, 4 as m from (select key, count(key) as c from src group by key)s4
)sub
where m = 1
PREHOOK: type: QUERY
POSTHOOK: query: explain 
select key, c, m from
(
select key, c, 1 as m from (select key, count(key) as c from src group by key)s1
union all
select key, c, 2 as m from (select key, count(key) as c from src group by key)s2
union all
select key, c, 3 as m from (select key, count(key) as c from src group by key)s3
union all
select key, c, 4 as m from (select key, count(key) as c from src group by key)s4
)sub
where m = 1
POSTHOOK: type: QUERY
STAGE DEPENDENCIES:
  Stage-1 is a root stage
  Stage-0 depends on stages: Stage-1

STAGE PLANS:
  Stage: Stage-1
    Map Reduce
      Map Operator Tree:
          TableScan
            alias: src
            Statistics: Num rows: 500 Data size: 5312 Basic stats: COMPLETE Column stats: NONE
            Select Operator
              expressions: key (type: string)
              outputColumnNames: key
              Statistics: Num rows: 500 Data size: 5312 Basic stats: COMPLETE Column stats: NONE
              Group By Operator
                aggregations: count(key)
                keys: key (type: string)
                mode: hash
                outputColumnNames: _col0, _col1
                Statistics: Num rows: 500 Data size: 5312 Basic stats: COMPLETE Column stats: NONE
                Reduce Output Operator
                  key expressions: _col0 (type: string)
                  sort order: +
                  Map-reduce partition columns: _col0 (type: string)
                  Statistics: Num rows: 500 Data size: 5312 Basic stats: COMPLETE Column stats: NONE
                  value expressions: _col1 (type: bigint)
      Reduce Operator Tree:
        Group By Operator
          aggregations: count(VALUE._col0)
          keys: KEY._col0 (type: string)
          mode: mergepartial
          outputColumnNames: _col0, _col1
          Statistics: Num rows: 250 Data size: 2656 Basic stats: COMPLETE Column stats: NONE
          Select Operator
            expressions: _col0 (type: string), _col1 (type: bigint), 1 (type: int)
            outputColumnNames: _col0, _col1, _col2
            Statistics: Num rows: 250 Data size: 2656 Basic stats: COMPLETE Column stats: NONE
            File Output Operator
              compressed: false
              Statistics: Num rows: 250 Data size: 2656 Basic stats: COMPLETE Column stats: NONE
              table:
                  input format: org.apache.hadoop.mapred.SequenceFileInputFormat
                  output format: org.apache.hadoop.hive.ql.io.HiveSequenceFileOutputFormat
                  serde: org.apache.hadoop.hive.serde2.lazy.LazySimpleSerDe

  Stage: Stage-0
    Fetch Operator
      limit: -1
      Processor Tree:
        ListSink

PREHOOK: query: explain 
select key, c, m from
(
select key, c, 1 as m from (select key, count(key) as c from src group by key)s1
union all
select key, c, 2 as m from (select key, count(key) as c from src group by key)s2
union all
select key, c, 3 as m from (select key, count(key) as c from src group by key)s3
union all
select key, c, 4 as m from (select key, count(key) as c from src group by key)s4
)sub
where m = 4
PREHOOK: type: QUERY
POSTHOOK: query: explain 
select key, c, m from
(
select key, c, 1 as m from (select key, count(key) as c from src group by key)s1
union all
select key, c, 2 as m from (select key, count(key) as c from src group by key)s2
union all
select key, c, 3 as m from (select key, count(key) as c from src group by key)s3
union all
select key, c, 4 as m from (select key, count(key) as c from src group by key)s4
)sub
where m = 4
POSTHOOK: type: QUERY
STAGE DEPENDENCIES:
  Stage-1 is a root stage
  Stage-0 depends on stages: Stage-1

STAGE PLANS:
  Stage: Stage-1
    Map Reduce
      Map Operator Tree:
          TableScan
            alias: src
            Statistics: Num rows: 500 Data size: 5312 Basic stats: COMPLETE Column stats: NONE
            Select Operator
              expressions: key (type: string)
              outputColumnNames: key
              Statistics: Num rows: 500 Data size: 5312 Basic stats: COMPLETE Column stats: NONE
              Group By Operator
                aggregations: count(key)
                keys: key (type: string)
                mode: hash
                outputColumnNames: _col0, _col1
                Statistics: Num rows: 500 Data size: 5312 Basic stats: COMPLETE Column stats: NONE
                Reduce Output Operator
                  key expressions: _col0 (type: string)
                  sort order: +
                  Map-reduce partition columns: _col0 (type: string)
                  Statistics: Num rows: 500 Data size: 5312 Basic stats: COMPLETE Column stats: NONE
                  value expressions: _col1 (type: bigint)
      Reduce Operator Tree:
        Group By Operator
          aggregations: count(VALUE._col0)
          keys: KEY._col0 (type: string)
          mode: mergepartial
          outputColumnNames: _col0, _col1
          Statistics: Num rows: 250 Data size: 2656 Basic stats: COMPLETE Column stats: NONE
          Select Operator
            expressions: _col0 (type: string), _col1 (type: bigint), 4 (type: int)
            outputColumnNames: _col0, _col1, _col2
            Statistics: Num rows: 250 Data size: 2656 Basic stats: COMPLETE Column stats: NONE
            File Output Operator
              compressed: false
              Statistics: Num rows: 250 Data size: 2656 Basic stats: COMPLETE Column stats: NONE
              table:
                  input format: org.apache.hadoop.mapred.SequenceFileInputFormat
                  output format: org.apache.hadoop.hive.ql.io.HiveSequenceFileOutputFormat
                  serde: org.apache.hadoop.hive.serde2.lazy.LazySimpleSerDe

  Stage: Stage-0
    Fetch Operator
      limit: -1
      Processor Tree:
        ListSink

PREHOOK: query: explain 
select key, c, m from
(
select key, c, 1 as m from (select key, count(key) as c from src group by key)s1
union all
select key, c, 2 as m from (select key, count(key) as c from src group by key)s2
union all
select key, c, 3 as m from (select key, count(key) as c from src group by key)s3
union all
select key, c, 4 as m from (select key, count(key) as c from src group by key)s4
)sub
where m = 5
PREHOOK: type: QUERY
POSTHOOK: query: explain 
select key, c, m from
(
select key, c, 1 as m from (select key, count(key) as c from src group by key)s1
union all
select key, c, 2 as m from (select key, count(key) as c from src group by key)s2
union all
select key, c, 3 as m from (select key, count(key) as c from src group by key)s3
union all
select key, c, 4 as m from (select key, count(key) as c from src group by key)s4
)sub
where m = 5
POSTHOOK: type: QUERY
STAGE DEPENDENCIES:
  Stage-1 is a root stage
  Stage-0 depends on stages: Stage-1

STAGE PLANS:
  Stage: Stage-1
    Map Reduce
      Map Operator Tree:
          TableScan
            alias: src
            Statistics: Num rows: 500 Data size: 5312 Basic stats: COMPLETE Column stats: NONE
            Filter Operator
              predicate: false (type: boolean)
              Statistics: Num rows: 1 Data size: 10 Basic stats: COMPLETE Column stats: NONE
              Group By Operator
                aggregations: count(key)
                keys: key (type: string)
                mode: hash
                outputColumnNames: _col0, _col1
                Statistics: Num rows: 1 Data size: 10 Basic stats: COMPLETE Column stats: NONE
                Reduce Output Operator
                  key expressions: _col0 (type: string)
                  sort order: +
                  Map-reduce partition columns: _col0 (type: string)
                  Statistics: Num rows: 1 Data size: 10 Basic stats: COMPLETE Column stats: NONE
                  value expressions: _col1 (type: bigint)
      Reduce Operator Tree:
        Group By Operator
          aggregations: count(VALUE._col0)
          keys: KEY._col0 (type: string)
          mode: mergepartial
          outputColumnNames: _col0, _col1
          Statistics: Num rows: 1 Data size: 10 Basic stats: COMPLETE Column stats: NONE
          Select Operator
            expressions: _col0 (type: string), _col1 (type: bigint), 4 (type: int)
            outputColumnNames: _col0, _col1, _col2
            Statistics: Num rows: 1 Data size: 10 Basic stats: COMPLETE Column stats: NONE
            File Output Operator
              compressed: false
              Statistics: Num rows: 1 Data size: 10 Basic stats: COMPLETE Column stats: NONE
              table:
                  input format: org.apache.hadoop.mapred.SequenceFileInputFormat
                  output format: org.apache.hadoop.hive.ql.io.HiveSequenceFileOutputFormat
                  serde: org.apache.hadoop.hive.serde2.lazy.LazySimpleSerDe

  Stage: Stage-0
    Fetch Operator
      limit: -1
      Processor Tree:
        ListSink

