PREHOOK: query: explain
select ctimestamp1, unix_timestamp(ctimestamp1), to_unix_timestamp(ctimestamp1) from alltypesorc limit 1
PREHOOK: type: QUERY
PREHOOK: Input: default@alltypesorc
#### A masked pattern was here ####
POSTHOOK: query: explain
select ctimestamp1, unix_timestamp(ctimestamp1), to_unix_timestamp(ctimestamp1) from alltypesorc limit 1
POSTHOOK: type: QUERY
POSTHOOK: Input: default@alltypesorc
#### A masked pattern was here ####
STAGE DEPENDENCIES:
  Stage-1 is a root stage
  Stage-0 depends on stages: Stage-1

STAGE PLANS:
  Stage: Stage-1
    Map Reduce
      Map Operator Tree:
          TableScan
            alias: alltypesorc
            Statistics: Num rows: 12288 Data size: 2907994 Basic stats: COMPLETE Column stats: NONE
            Select Operator
              expressions: ctimestamp1 (type: timestamp), to_unix_timestamp(ctimestamp1) (type: bigint), to_unix_timestamp(ctimestamp1) (type: bigint)
              outputColumnNames: _col0, _col1, _col2
              Statistics: Num rows: 12288 Data size: 2907994 Basic stats: COMPLETE Column stats: NONE
              Limit
                Number of rows: 1
                Statistics: Num rows: 1 Data size: 236 Basic stats: COMPLETE Column stats: NONE
                File Output Operator
                  compressed: false
                  Statistics: Num rows: 1 Data size: 236 Basic stats: COMPLETE Column stats: NONE
                  table:
                      input format: org.apache.hadoop.mapred.SequenceFileInputFormat
                      output format: org.apache.hadoop.hive.ql.io.HiveSequenceFileOutputFormat
                      serde: org.apache.hadoop.hive.serde2.lazy.LazySimpleSerDe
      Execution mode: vectorized

  Stage: Stage-0
    Fetch Operator
      limit: 1
      Processor Tree:
        ListSink

PREHOOK: query: select ctimestamp1, unix_timestamp(ctimestamp1), to_unix_timestamp(ctimestamp1) from alltypesorc limit 1
PREHOOK: type: QUERY
PREHOOK: Input: default@alltypesorc
#### A masked pattern was here ####
POSTHOOK: query: select ctimestamp1, unix_timestamp(ctimestamp1), to_unix_timestamp(ctimestamp1) from alltypesorc limit 1
POSTHOOK: type: QUERY
POSTHOOK: Input: default@alltypesorc
#### A masked pattern was here ####
1969-12-31 15:59:46.674	-28813	-28813
PREHOOK: query: create temporary table src1orc stored as orc as select * from src1
PREHOOK: type: CREATETABLE_AS_SELECT
PREHOOK: Input: default@src1
PREHOOK: Output: database:default
PREHOOK: Output: default@src1orc
POSTHOOK: query: create temporary table src1orc stored as orc as select * from src1
POSTHOOK: type: CREATETABLE_AS_SELECT
POSTHOOK: Input: default@src1
POSTHOOK: Output: database:default
POSTHOOK: Output: default@src1orc
PREHOOK: query: explain
select from_unixtime(to_unix_timestamp(ctimestamp1), 'EEEE') from alltypesorc limit 1
PREHOOK: type: QUERY
PREHOOK: Input: default@alltypesorc
#### A masked pattern was here ####
POSTHOOK: query: explain
select from_unixtime(to_unix_timestamp(ctimestamp1), 'EEEE') from alltypesorc limit 1
POSTHOOK: type: QUERY
POSTHOOK: Input: default@alltypesorc
#### A masked pattern was here ####
STAGE DEPENDENCIES:
  Stage-1 is a root stage
  Stage-0 depends on stages: Stage-1

STAGE PLANS:
  Stage: Stage-1
    Map Reduce
      Map Operator Tree:
          TableScan
            alias: alltypesorc
            Statistics: Num rows: 12288 Data size: 2907994 Basic stats: COMPLETE Column stats: NONE
            Select Operator
              expressions: from_unixtime(to_unix_timestamp(ctimestamp1), 'EEEE') (type: string)
              outputColumnNames: _col0
              Statistics: Num rows: 12288 Data size: 2907994 Basic stats: COMPLETE Column stats: NONE
              Limit
                Number of rows: 1
                Statistics: Num rows: 1 Data size: 236 Basic stats: COMPLETE Column stats: NONE
                File Output Operator
                  compressed: false
                  Statistics: Num rows: 1 Data size: 236 Basic stats: COMPLETE Column stats: NONE
                  table:
                      input format: org.apache.hadoop.mapred.SequenceFileInputFormat
                      output format: org.apache.hadoop.hive.ql.io.HiveSequenceFileOutputFormat
                      serde: org.apache.hadoop.hive.serde2.lazy.LazySimpleSerDe
      Execution mode: vectorized

  Stage: Stage-0
    Fetch Operator
      limit: 1
      Processor Tree:
        ListSink

PREHOOK: query: select from_unixtime(to_unix_timestamp(ctimestamp1), 'EEEE') from alltypesorc limit 1
PREHOOK: type: QUERY
PREHOOK: Input: default@alltypesorc
#### A masked pattern was here ####
POSTHOOK: query: select from_unixtime(to_unix_timestamp(ctimestamp1), 'EEEE') from alltypesorc limit 1
POSTHOOK: type: QUERY
POSTHOOK: Input: default@alltypesorc
#### A masked pattern was here ####
Wednesday
PREHOOK: query: explain
select from_unixtime(unix_timestamp(ctimestamp1), 'EEEE') from alltypesorc limit 1
PREHOOK: type: QUERY
PREHOOK: Input: default@alltypesorc
#### A masked pattern was here ####
POSTHOOK: query: explain
select from_unixtime(unix_timestamp(ctimestamp1), 'EEEE') from alltypesorc limit 1
POSTHOOK: type: QUERY
POSTHOOK: Input: default@alltypesorc
#### A masked pattern was here ####
STAGE DEPENDENCIES:
  Stage-1 is a root stage
  Stage-0 depends on stages: Stage-1

STAGE PLANS:
  Stage: Stage-1
    Map Reduce
      Map Operator Tree:
          TableScan
            alias: alltypesorc
            Statistics: Num rows: 12288 Data size: 2907994 Basic stats: COMPLETE Column stats: NONE
            Select Operator
              expressions: from_unixtime(to_unix_timestamp(ctimestamp1), 'EEEE') (type: string)
              outputColumnNames: _col0
              Statistics: Num rows: 12288 Data size: 2907994 Basic stats: COMPLETE Column stats: NONE
              Limit
                Number of rows: 1
                Statistics: Num rows: 1 Data size: 236 Basic stats: COMPLETE Column stats: NONE
                File Output Operator
                  compressed: false
                  Statistics: Num rows: 1 Data size: 236 Basic stats: COMPLETE Column stats: NONE
                  table:
                      input format: org.apache.hadoop.mapred.SequenceFileInputFormat
                      output format: org.apache.hadoop.hive.ql.io.HiveSequenceFileOutputFormat
                      serde: org.apache.hadoop.hive.serde2.lazy.LazySimpleSerDe
      Execution mode: vectorized

  Stage: Stage-0
    Fetch Operator
      limit: 1
      Processor Tree:
        ListSink

PREHOOK: query: select from_unixtime(unix_timestamp(ctimestamp1), 'EEEE') from alltypesorc limit 1
PREHOOK: type: QUERY
PREHOOK: Input: default@alltypesorc
#### A masked pattern was here ####
POSTHOOK: query: select from_unixtime(unix_timestamp(ctimestamp1), 'EEEE') from alltypesorc limit 1
POSTHOOK: type: QUERY
POSTHOOK: Input: default@alltypesorc
#### A masked pattern was here ####
Wednesday
