PREHOOK: query: explain
SELECT  
SUM((CASE WHEN 1000000 = 0 THEN NULL ELSE l_partkey / 1000000 END)),
SUM(1) AS `sum_number_of_records_ok` FROM lineitem  
WHERE 
(((CASE WHEN ('N' = l_returnflag) THEN 1 ELSE 1 END) = 1) AND 
((CASE WHEN ('MAIL' = l_shipmode) THEN 1 ELSE 1 END) = 1) AND 
((CASE WHEN ('O' = l_linestatus) THEN 1 ELSE 1 END) = 1) AND 
((CASE WHEN ('NONE' = l_shipinstruct) THEN 1 ELSE 1 END) = 1) AND  
((CASE WHEN ('All' = (CASE WHEN (l_shipmode = 'TRUCK') THEN 'East' WHEN (l_shipmode = 'MAIL') THEN 'West' WHEN (l_shipmode = 'REG AIR') THEN 'BizDev' ELSE 'Other' END)) THEN 1 ELSE 1 END) = 1) AND 
((CASE WHEN ('AIR' = l_shipmode) THEN 1 ELSE 1 END) = 1) AND 
((CASE WHEN ('1996-03-30' = TO_DATE(l_shipdate)) THEN 1 ELSE NULL END) = 1) AND  
((CASE WHEN ('RAIL' = l_shipmode) THEN 1 ELSE NULL END) = 1) AND (1 = 1) AND 
((CASE WHEN (1 = l_linenumber) THEN 1 ELSE 1 END) = 1) AND (1 = 1)) 
GROUP BY l_orderkey
PREHOOK: type: QUERY
POSTHOOK: query: explain
SELECT  
SUM((CASE WHEN 1000000 = 0 THEN NULL ELSE l_partkey / 1000000 END)),
SUM(1) AS `sum_number_of_records_ok` FROM lineitem  
WHERE 
(((CASE WHEN ('N' = l_returnflag) THEN 1 ELSE 1 END) = 1) AND 
((CASE WHEN ('MAIL' = l_shipmode) THEN 1 ELSE 1 END) = 1) AND 
((CASE WHEN ('O' = l_linestatus) THEN 1 ELSE 1 END) = 1) AND 
((CASE WHEN ('NONE' = l_shipinstruct) THEN 1 ELSE 1 END) = 1) AND  
((CASE WHEN ('All' = (CASE WHEN (l_shipmode = 'TRUCK') THEN 'East' WHEN (l_shipmode = 'MAIL') THEN 'West' WHEN (l_shipmode = 'REG AIR') THEN 'BizDev' ELSE 'Other' END)) THEN 1 ELSE 1 END) = 1) AND 
((CASE WHEN ('AIR' = l_shipmode) THEN 1 ELSE 1 END) = 1) AND 
((CASE WHEN ('1996-03-30' = TO_DATE(l_shipdate)) THEN 1 ELSE NULL END) = 1) AND  
((CASE WHEN ('RAIL' = l_shipmode) THEN 1 ELSE NULL END) = 1) AND (1 = 1) AND 
((CASE WHEN (1 = l_linenumber) THEN 1 ELSE 1 END) = 1) AND (1 = 1)) 
GROUP BY l_orderkey
POSTHOOK: type: QUERY
STAGE DEPENDENCIES:
  Stage-1 is a root stage
  Stage-0 depends on stages: Stage-1

STAGE PLANS:
  Stage: Stage-1
    Map Reduce
      Map Operator Tree:
          TableScan
            alias: lineitem
            Statistics: Num rows: 100 Data size: 11999 Basic stats: COMPLETE Column stats: NONE
            Filter Operator
              predicate: (('RAIL' = l_shipmode) and (DATE'1996-03-30' = to_date(l_shipdate))) (type: boolean)
              Statistics: Num rows: 25 Data size: 2999 Basic stats: COMPLETE Column stats: NONE
              Select Operator
                expressions: l_orderkey (type: int), (UDFToDouble(l_partkey) / 1000000.0D) (type: double)
                outputColumnNames: _col0, _col1
                Statistics: Num rows: 25 Data size: 2999 Basic stats: COMPLETE Column stats: NONE
                Group By Operator
                  aggregations: sum(_col1), sum(1)
                  keys: _col0 (type: int)
                  mode: hash
                  outputColumnNames: _col0, _col1, _col2
                  Statistics: Num rows: 25 Data size: 2999 Basic stats: COMPLETE Column stats: NONE
                  Reduce Output Operator
                    key expressions: _col0 (type: int)
                    sort order: +
                    Map-reduce partition columns: _col0 (type: int)
                    Statistics: Num rows: 25 Data size: 2999 Basic stats: COMPLETE Column stats: NONE
                    value expressions: _col1 (type: double), _col2 (type: bigint)
      Reduce Operator Tree:
        Group By Operator
          aggregations: sum(VALUE._col0), sum(VALUE._col1)
          keys: KEY._col0 (type: int)
          mode: mergepartial
          outputColumnNames: _col0, _col1, _col2
          Statistics: Num rows: 12 Data size: 1439 Basic stats: COMPLETE Column stats: NONE
          Select Operator
            expressions: _col1 (type: double), _col2 (type: bigint)
            outputColumnNames: _col0, _col1
            Statistics: Num rows: 12 Data size: 1439 Basic stats: COMPLETE Column stats: NONE
            File Output Operator
              compressed: false
              Statistics: Num rows: 12 Data size: 1439 Basic stats: COMPLETE Column stats: NONE
              table:
                  input format: org.apache.hadoop.mapred.SequenceFileInputFormat
                  output format: org.apache.hadoop.hive.ql.io.HiveSequenceFileOutputFormat
                  serde: org.apache.hadoop.hive.serde2.lazy.LazySimpleSerDe

  Stage: Stage-0
    Fetch Operator
      limit: -1
      Processor Tree:
        ListSink

PREHOOK: query: explain select key from src where (case key when '238' then 1 else 2 end) = 1
PREHOOK: type: QUERY
POSTHOOK: query: explain select key from src where (case key when '238' then 1 else 2 end) = 1
POSTHOOK: type: QUERY
STAGE DEPENDENCIES:
  Stage-1 is a root stage
  Stage-0 depends on stages: Stage-1

STAGE PLANS:
  Stage: Stage-1
    Map Reduce
      Map Operator Tree:
          TableScan
            alias: src
            Statistics: Num rows: 500 Data size: 5312 Basic stats: COMPLETE Column stats: NONE
            Filter Operator
              predicate: (key = '238') (type: boolean)
              Statistics: Num rows: 250 Data size: 2656 Basic stats: COMPLETE Column stats: NONE
              Select Operator
                expressions: '238' (type: string)
                outputColumnNames: _col0
                Statistics: Num rows: 250 Data size: 2656 Basic stats: COMPLETE Column stats: NONE
                File Output Operator
                  compressed: false
                  Statistics: Num rows: 250 Data size: 2656 Basic stats: COMPLETE Column stats: NONE
                  table:
                      input format: org.apache.hadoop.mapred.SequenceFileInputFormat
                      output format: org.apache.hadoop.hive.ql.io.HiveSequenceFileOutputFormat
                      serde: org.apache.hadoop.hive.serde2.lazy.LazySimpleSerDe

  Stage: Stage-0
    Fetch Operator
      limit: -1
      Processor Tree:
        ListSink

PREHOOK: query: explain select key from src where (case key when '238' then 1  when '94' then 1 else 3 end) = cast('1' as int)
PREHOOK: type: QUERY
POSTHOOK: query: explain select key from src where (case key when '238' then 1  when '94' then 1 else 3 end) = cast('1' as int)
POSTHOOK: type: QUERY
STAGE DEPENDENCIES:
  Stage-1 is a root stage
  Stage-0 depends on stages: Stage-1

STAGE PLANS:
  Stage: Stage-1
    Map Reduce
      Map Operator Tree:
          TableScan
            alias: src
            Statistics: Num rows: 500 Data size: 5312 Basic stats: COMPLETE Column stats: NONE
            Filter Operator
              predicate: ((key = '238') or (key = '94')) (type: boolean)
              Statistics: Num rows: 500 Data size: 5312 Basic stats: COMPLETE Column stats: NONE
              Select Operator
                expressions: key (type: string)
                outputColumnNames: _col0
                Statistics: Num rows: 500 Data size: 5312 Basic stats: COMPLETE Column stats: NONE
                File Output Operator
                  compressed: false
                  Statistics: Num rows: 500 Data size: 5312 Basic stats: COMPLETE Column stats: NONE
                  table:
                      input format: org.apache.hadoop.mapred.SequenceFileInputFormat
                      output format: org.apache.hadoop.hive.ql.io.HiveSequenceFileOutputFormat
                      serde: org.apache.hadoop.hive.serde2.lazy.LazySimpleSerDe

  Stage: Stage-0
    Fetch Operator
      limit: -1
      Processor Tree:
        ListSink

PREHOOK: query: explain select key from src where (case key when '238' then 1 else 2 end) = (case when key != '238' then 1 else 1 end)
PREHOOK: type: QUERY
POSTHOOK: query: explain select key from src where (case key when '238' then 1 else 2 end) = (case when key != '238' then 1 else 1 end)
POSTHOOK: type: QUERY
STAGE DEPENDENCIES:
  Stage-1 is a root stage
  Stage-0 depends on stages: Stage-1

STAGE PLANS:
  Stage: Stage-1
    Map Reduce
      Map Operator Tree:
          TableScan
            alias: src
            Statistics: Num rows: 500 Data size: 5312 Basic stats: COMPLETE Column stats: NONE
            Filter Operator
              predicate: (key = '238') (type: boolean)
              Statistics: Num rows: 250 Data size: 2656 Basic stats: COMPLETE Column stats: NONE
              Select Operator
                expressions: '238' (type: string)
                outputColumnNames: _col0
                Statistics: Num rows: 250 Data size: 2656 Basic stats: COMPLETE Column stats: NONE
                File Output Operator
                  compressed: false
                  Statistics: Num rows: 250 Data size: 2656 Basic stats: COMPLETE Column stats: NONE
                  table:
                      input format: org.apache.hadoop.mapred.SequenceFileInputFormat
                      output format: org.apache.hadoop.hive.ql.io.HiveSequenceFileOutputFormat
                      serde: org.apache.hadoop.hive.serde2.lazy.LazySimpleSerDe

  Stage: Stage-0
    Fetch Operator
      limit: -1
      Processor Tree:
        ListSink

PREHOOK: query: explain select key from src where (case key when '238' then 1 end) = (case when key != '238' then 1 when key = '23' then 1 end)
PREHOOK: type: QUERY
POSTHOOK: query: explain select key from src where (case key when '238' then 1 end) = (case when key != '238' then 1 when key = '23' then 1 end)
POSTHOOK: type: QUERY
STAGE DEPENDENCIES:
  Stage-1 is a root stage
  Stage-0 depends on stages: Stage-1

STAGE PLANS:
  Stage: Stage-1
    Map Reduce
      Map Operator Tree:
          TableScan
            alias: src
            Statistics: Num rows: 500 Data size: 5312 Basic stats: COMPLETE Column stats: NONE
            Filter Operator
              predicate: CASE WHEN ((key <> '238')) THEN ((key = '238')) WHEN ((key = '23')) THEN ((key = '238')) ELSE (null) END (type: boolean)
              Statistics: Num rows: 250 Data size: 2656 Basic stats: COMPLETE Column stats: NONE
              Select Operator
                expressions: key (type: string)
                outputColumnNames: _col0
                Statistics: Num rows: 250 Data size: 2656 Basic stats: COMPLETE Column stats: NONE
                File Output Operator
                  compressed: false
                  Statistics: Num rows: 250 Data size: 2656 Basic stats: COMPLETE Column stats: NONE
                  table:
                      input format: org.apache.hadoop.mapred.SequenceFileInputFormat
                      output format: org.apache.hadoop.hive.ql.io.HiveSequenceFileOutputFormat
                      serde: org.apache.hadoop.hive.serde2.lazy.LazySimpleSerDe

  Stage: Stage-0
    Fetch Operator
      limit: -1
      Processor Tree:
        ListSink

