PREHOOK: query: drop table if exists predicate_fold_tb
PREHOOK: type: DROPTABLE
POSTHOOK: query: drop table if exists predicate_fold_tb
POSTHOOK: type: DROPTABLE
PREHOOK: query: create table predicate_fold_tb(value int)
PREHOOK: type: CREATETABLE
PREHOOK: Output: database:default
PREHOOK: Output: default@predicate_fold_tb
POSTHOOK: query: create table predicate_fold_tb(value int)
POSTHOOK: type: CREATETABLE
POSTHOOK: Output: database:default
POSTHOOK: Output: default@predicate_fold_tb
PREHOOK: query: insert into predicate_fold_tb values(NULL), (1), (2), (3), (4), (5)
PREHOOK: type: QUERY
PREHOOK: Input: _dummy_database@_dummy_table
PREHOOK: Output: default@predicate_fold_tb
POSTHOOK: query: insert into predicate_fold_tb values(NULL), (1), (2), (3), (4), (5)
POSTHOOK: type: QUERY
POSTHOOK: Input: _dummy_database@_dummy_table
POSTHOOK: Output: default@predicate_fold_tb
POSTHOOK: Lineage: predicate_fold_tb.value SCRIPT []
PREHOOK: query: explain
SELECT * FROM predicate_fold_tb WHERE not(value IS NOT NULL AND value = 3)
PREHOOK: type: QUERY
POSTHOOK: query: explain
SELECT * FROM predicate_fold_tb WHERE not(value IS NOT NULL AND value = 3)
POSTHOOK: type: QUERY
STAGE DEPENDENCIES:
  Stage-1 is a root stage
  Stage-0 depends on stages: Stage-1

STAGE PLANS:
  Stage: Stage-1
    Map Reduce
      Map Operator Tree:
          TableScan
            alias: predicate_fold_tb
            Statistics: Num rows: 6 Data size: 7 Basic stats: COMPLETE Column stats: NONE
            Filter Operator
              predicate: ((value <> 3) or value is null) (type: boolean)
              Statistics: Num rows: 6 Data size: 7 Basic stats: COMPLETE Column stats: NONE
              Select Operator
                expressions: value (type: int)
                outputColumnNames: _col0
                Statistics: Num rows: 6 Data size: 7 Basic stats: COMPLETE Column stats: NONE
                File Output Operator
                  compressed: false
                  Statistics: Num rows: 6 Data size: 7 Basic stats: COMPLETE Column stats: NONE
                  table:
                      input format: org.apache.hadoop.mapred.SequenceFileInputFormat
                      output format: org.apache.hadoop.hive.ql.io.HiveSequenceFileOutputFormat
                      serde: org.apache.hadoop.hive.serde2.lazy.LazySimpleSerDe
      Execution mode: vectorized

  Stage: Stage-0
    Fetch Operator
      limit: -1
      Processor Tree:
        ListSink

PREHOOK: query: SELECT * FROM predicate_fold_tb WHERE not(value IS NOT NULL AND value = 3)
PREHOOK: type: QUERY
PREHOOK: Input: default@predicate_fold_tb
#### A masked pattern was here ####
POSTHOOK: query: SELECT * FROM predicate_fold_tb WHERE not(value IS NOT NULL AND value = 3)
POSTHOOK: type: QUERY
POSTHOOK: Input: default@predicate_fold_tb
#### A masked pattern was here ####
NULL
1
2
4
5
PREHOOK: query: explain
SELECT * FROM predicate_fold_tb WHERE not(value IS NOT NULL AND value >= 3)
PREHOOK: type: QUERY
POSTHOOK: query: explain
SELECT * FROM predicate_fold_tb WHERE not(value IS NOT NULL AND value >= 3)
POSTHOOK: type: QUERY
STAGE DEPENDENCIES:
  Stage-1 is a root stage
  Stage-0 depends on stages: Stage-1

STAGE PLANS:
  Stage: Stage-1
    Map Reduce
      Map Operator Tree:
          TableScan
            alias: predicate_fold_tb
            Statistics: Num rows: 6 Data size: 7 Basic stats: COMPLETE Column stats: NONE
            Filter Operator
              predicate: ((value < 3) or value is null) (type: boolean)
              Statistics: Num rows: 5 Data size: 5 Basic stats: COMPLETE Column stats: NONE
              Select Operator
                expressions: value (type: int)
                outputColumnNames: _col0
                Statistics: Num rows: 5 Data size: 5 Basic stats: COMPLETE Column stats: NONE
                File Output Operator
                  compressed: false
                  Statistics: Num rows: 5 Data size: 5 Basic stats: COMPLETE Column stats: NONE
                  table:
                      input format: org.apache.hadoop.mapred.SequenceFileInputFormat
                      output format: org.apache.hadoop.hive.ql.io.HiveSequenceFileOutputFormat
                      serde: org.apache.hadoop.hive.serde2.lazy.LazySimpleSerDe
      Execution mode: vectorized

  Stage: Stage-0
    Fetch Operator
      limit: -1
      Processor Tree:
        ListSink

PREHOOK: query: SELECT * FROM predicate_fold_tb WHERE not(value IS NOT NULL AND value >= 3)
PREHOOK: type: QUERY
PREHOOK: Input: default@predicate_fold_tb
#### A masked pattern was here ####
POSTHOOK: query: SELECT * FROM predicate_fold_tb WHERE not(value IS NOT NULL AND value >= 3)
POSTHOOK: type: QUERY
POSTHOOK: Input: default@predicate_fold_tb
#### A masked pattern was here ####
NULL
1
2
PREHOOK: query: explain
SELECT * FROM predicate_fold_tb WHERE not(value IS NOT NULL AND value <= 3)
PREHOOK: type: QUERY
POSTHOOK: query: explain
SELECT * FROM predicate_fold_tb WHERE not(value IS NOT NULL AND value <= 3)
POSTHOOK: type: QUERY
STAGE DEPENDENCIES:
  Stage-1 is a root stage
  Stage-0 depends on stages: Stage-1

STAGE PLANS:
  Stage: Stage-1
    Map Reduce
      Map Operator Tree:
          TableScan
            alias: predicate_fold_tb
            Statistics: Num rows: 6 Data size: 7 Basic stats: COMPLETE Column stats: NONE
            Filter Operator
              predicate: ((value > 3) or value is null) (type: boolean)
              Statistics: Num rows: 5 Data size: 5 Basic stats: COMPLETE Column stats: NONE
              Select Operator
                expressions: value (type: int)
                outputColumnNames: _col0
                Statistics: Num rows: 5 Data size: 5 Basic stats: COMPLETE Column stats: NONE
                File Output Operator
                  compressed: false
                  Statistics: Num rows: 5 Data size: 5 Basic stats: COMPLETE Column stats: NONE
                  table:
                      input format: org.apache.hadoop.mapred.SequenceFileInputFormat
                      output format: org.apache.hadoop.hive.ql.io.HiveSequenceFileOutputFormat
                      serde: org.apache.hadoop.hive.serde2.lazy.LazySimpleSerDe
      Execution mode: vectorized

  Stage: Stage-0
    Fetch Operator
      limit: -1
      Processor Tree:
        ListSink

PREHOOK: query: SELECT * FROM predicate_fold_tb WHERE not(value IS NOT NULL AND value <= 3)
PREHOOK: type: QUERY
PREHOOK: Input: default@predicate_fold_tb
#### A masked pattern was here ####
POSTHOOK: query: SELECT * FROM predicate_fold_tb WHERE not(value IS NOT NULL AND value <= 3)
POSTHOOK: type: QUERY
POSTHOOK: Input: default@predicate_fold_tb
#### A masked pattern was here ####
NULL
4
5
PREHOOK: query: explain
SELECT * FROM predicate_fold_tb WHERE not(value IS NOT NULL AND value > 3)
PREHOOK: type: QUERY
POSTHOOK: query: explain
SELECT * FROM predicate_fold_tb WHERE not(value IS NOT NULL AND value > 3)
POSTHOOK: type: QUERY
STAGE DEPENDENCIES:
  Stage-1 is a root stage
  Stage-0 depends on stages: Stage-1

STAGE PLANS:
  Stage: Stage-1
    Map Reduce
      Map Operator Tree:
          TableScan
            alias: predicate_fold_tb
            Statistics: Num rows: 6 Data size: 7 Basic stats: COMPLETE Column stats: NONE
            Filter Operator
              predicate: ((value <= 3) or value is null) (type: boolean)
              Statistics: Num rows: 5 Data size: 5 Basic stats: COMPLETE Column stats: NONE
              Select Operator
                expressions: value (type: int)
                outputColumnNames: _col0
                Statistics: Num rows: 5 Data size: 5 Basic stats: COMPLETE Column stats: NONE
                File Output Operator
                  compressed: false
                  Statistics: Num rows: 5 Data size: 5 Basic stats: COMPLETE Column stats: NONE
                  table:
                      input format: org.apache.hadoop.mapred.SequenceFileInputFormat
                      output format: org.apache.hadoop.hive.ql.io.HiveSequenceFileOutputFormat
                      serde: org.apache.hadoop.hive.serde2.lazy.LazySimpleSerDe
      Execution mode: vectorized

  Stage: Stage-0
    Fetch Operator
      limit: -1
      Processor Tree:
        ListSink

PREHOOK: query: SELECT * FROM predicate_fold_tb WHERE not(value IS NOT NULL AND value > 3)
PREHOOK: type: QUERY
PREHOOK: Input: default@predicate_fold_tb
#### A masked pattern was here ####
POSTHOOK: query: SELECT * FROM predicate_fold_tb WHERE not(value IS NOT NULL AND value > 3)
POSTHOOK: type: QUERY
POSTHOOK: Input: default@predicate_fold_tb
#### A masked pattern was here ####
NULL
1
2
3
PREHOOK: query: explain
SELECT * FROM predicate_fold_tb WHERE not(value IS NOT NULL AND value < 3)
PREHOOK: type: QUERY
POSTHOOK: query: explain
SELECT * FROM predicate_fold_tb WHERE not(value IS NOT NULL AND value < 3)
POSTHOOK: type: QUERY
STAGE DEPENDENCIES:
  Stage-1 is a root stage
  Stage-0 depends on stages: Stage-1

STAGE PLANS:
  Stage: Stage-1
    Map Reduce
      Map Operator Tree:
          TableScan
            alias: predicate_fold_tb
            Statistics: Num rows: 6 Data size: 7 Basic stats: COMPLETE Column stats: NONE
            Filter Operator
              predicate: ((value >= 3) or value is null) (type: boolean)
              Statistics: Num rows: 5 Data size: 5 Basic stats: COMPLETE Column stats: NONE
              Select Operator
                expressions: value (type: int)
                outputColumnNames: _col0
                Statistics: Num rows: 5 Data size: 5 Basic stats: COMPLETE Column stats: NONE
                File Output Operator
                  compressed: false
                  Statistics: Num rows: 5 Data size: 5 Basic stats: COMPLETE Column stats: NONE
                  table:
                      input format: org.apache.hadoop.mapred.SequenceFileInputFormat
                      output format: org.apache.hadoop.hive.ql.io.HiveSequenceFileOutputFormat
                      serde: org.apache.hadoop.hive.serde2.lazy.LazySimpleSerDe
      Execution mode: vectorized

  Stage: Stage-0
    Fetch Operator
      limit: -1
      Processor Tree:
        ListSink

PREHOOK: query: SELECT * FROM predicate_fold_tb WHERE not(value IS NOT NULL AND value < 3)
PREHOOK: type: QUERY
PREHOOK: Input: default@predicate_fold_tb
#### A masked pattern was here ####
POSTHOOK: query: SELECT * FROM predicate_fold_tb WHERE not(value IS NOT NULL AND value < 3)
POSTHOOK: type: QUERY
POSTHOOK: Input: default@predicate_fold_tb
#### A masked pattern was here ####
NULL
3
4
5
PREHOOK: query: explain
SELECT * FROM predicate_fold_tb WHERE not(value IS NOT NULL AND value <> 3)
PREHOOK: type: QUERY
POSTHOOK: query: explain
SELECT * FROM predicate_fold_tb WHERE not(value IS NOT NULL AND value <> 3)
POSTHOOK: type: QUERY
STAGE DEPENDENCIES:
  Stage-1 is a root stage
  Stage-0 depends on stages: Stage-1

STAGE PLANS:
  Stage: Stage-1
    Map Reduce
      Map Operator Tree:
          TableScan
            alias: predicate_fold_tb
            Statistics: Num rows: 6 Data size: 7 Basic stats: COMPLETE Column stats: NONE
            Filter Operator
              predicate: ((value = 3) or value is null) (type: boolean)
              Statistics: Num rows: 6 Data size: 7 Basic stats: COMPLETE Column stats: NONE
              Select Operator
                expressions: value (type: int)
                outputColumnNames: _col0
                Statistics: Num rows: 6 Data size: 7 Basic stats: COMPLETE Column stats: NONE
                File Output Operator
                  compressed: false
                  Statistics: Num rows: 6 Data size: 7 Basic stats: COMPLETE Column stats: NONE
                  table:
                      input format: org.apache.hadoop.mapred.SequenceFileInputFormat
                      output format: org.apache.hadoop.hive.ql.io.HiveSequenceFileOutputFormat
                      serde: org.apache.hadoop.hive.serde2.lazy.LazySimpleSerDe
      Execution mode: vectorized

  Stage: Stage-0
    Fetch Operator
      limit: -1
      Processor Tree:
        ListSink

PREHOOK: query: SELECT * FROM predicate_fold_tb WHERE not(value IS NOT NULL AND value <> 3)
PREHOOK: type: QUERY
PREHOOK: Input: default@predicate_fold_tb
#### A masked pattern was here ####
POSTHOOK: query: SELECT * FROM predicate_fold_tb WHERE not(value IS NOT NULL AND value <> 3)
POSTHOOK: type: QUERY
POSTHOOK: Input: default@predicate_fold_tb
#### A masked pattern was here ####
NULL
3
PREHOOK: query: explain
SELECT * FROM predicate_fold_tb WHERE not(value IS NOT NULL AND value > 1 AND value <=3)
PREHOOK: type: QUERY
POSTHOOK: query: explain
SELECT * FROM predicate_fold_tb WHERE not(value IS NOT NULL AND value > 1 AND value <=3)
POSTHOOK: type: QUERY
STAGE DEPENDENCIES:
  Stage-1 is a root stage
  Stage-0 depends on stages: Stage-1

STAGE PLANS:
  Stage: Stage-1
    Map Reduce
      Map Operator Tree:
          TableScan
            alias: predicate_fold_tb
            Statistics: Num rows: 6 Data size: 7 Basic stats: COMPLETE Column stats: NONE
            Filter Operator
              predicate: ((value <= 1) or (value > 3) or value is null) (type: boolean)
              Statistics: Num rows: 6 Data size: 7 Basic stats: COMPLETE Column stats: NONE
              Select Operator
                expressions: value (type: int)
                outputColumnNames: _col0
                Statistics: Num rows: 6 Data size: 7 Basic stats: COMPLETE Column stats: NONE
                File Output Operator
                  compressed: false
                  Statistics: Num rows: 6 Data size: 7 Basic stats: COMPLETE Column stats: NONE
                  table:
                      input format: org.apache.hadoop.mapred.SequenceFileInputFormat
                      output format: org.apache.hadoop.hive.ql.io.HiveSequenceFileOutputFormat
                      serde: org.apache.hadoop.hive.serde2.lazy.LazySimpleSerDe
      Execution mode: vectorized

  Stage: Stage-0
    Fetch Operator
      limit: -1
      Processor Tree:
        ListSink

PREHOOK: query: SELECT * FROM predicate_fold_tb WHERE not(value IS NOT NULL AND value > 1 AND value <=3)
PREHOOK: type: QUERY
PREHOOK: Input: default@predicate_fold_tb
#### A masked pattern was here ####
POSTHOOK: query: SELECT * FROM predicate_fold_tb WHERE not(value IS NOT NULL AND value > 1 AND value <=3)
POSTHOOK: type: QUERY
POSTHOOK: Input: default@predicate_fold_tb
#### A masked pattern was here ####
NULL
1
4
5
