PREHOOK: query: explain
select sum(l_extendedprice) from lineitem q0 where l_discount
between cast('0.05' as decimal(3,2)) and cast('0.07' as decimal(3,2))
PREHOOK: type: QUERY
POSTHOOK: query: explain
select sum(l_extendedprice) from lineitem q0 where l_discount
between cast('0.05' as decimal(3,2)) and cast('0.07' as decimal(3,2))
POSTHOOK: type: QUERY
STAGE DEPENDENCIES:
  Stage-1 is a root stage
  Stage-0 depends on stages: Stage-1

STAGE PLANS:
  Stage: Stage-1
    Map Reduce
      Map Operator Tree:
          TableScan
            alias: q0
            Statistics: Num rows: 100 Data size: 11999 Basic stats: COMPLETE Column stats: NONE
            Filter Operator
              predicate: l_discount BETWEEN 0.05 AND 0.07 (type: boolean)
              Statistics: Num rows: 11 Data size: 1319 Basic stats: COMPLETE Column stats: NONE
              Select Operator
                expressions: l_extendedprice (type: double)
                outputColumnNames: l_extendedprice
                Statistics: Num rows: 11 Data size: 1319 Basic stats: COMPLETE Column stats: NONE
                Group By Operator
                  aggregations: sum(l_extendedprice)
                  mode: hash
                  outputColumnNames: _col0
                  Statistics: Num rows: 1 Data size: 8 Basic stats: COMPLETE Column stats: NONE
                  Reduce Output Operator
                    sort order: 
                    Statistics: Num rows: 1 Data size: 8 Basic stats: COMPLETE Column stats: NONE
                    value expressions: _col0 (type: double)
      Reduce Operator Tree:
        Group By Operator
          aggregations: sum(VALUE._col0)
          mode: mergepartial
          outputColumnNames: _col0
          Statistics: Num rows: 1 Data size: 8 Basic stats: COMPLETE Column stats: NONE
          File Output Operator
            compressed: false
            Statistics: Num rows: 1 Data size: 8 Basic stats: COMPLETE Column stats: NONE
            table:
                input format: org.apache.hadoop.mapred.SequenceFileInputFormat
                output format: org.apache.hadoop.hive.ql.io.HiveSequenceFileOutputFormat
                serde: org.apache.hadoop.hive.serde2.lazy.LazySimpleSerDe

  Stage: Stage-0
    Fetch Operator
      limit: -1
      Processor Tree:
        ListSink

PREHOOK: query: select sum(l_extendedprice) from lineitem q0 where l_discount
between cast('0.05' as decimal(3,2)) and cast('0.07' as decimal(3,2))
PREHOOK: type: QUERY
PREHOOK: Input: default@lineitem
#### A masked pattern was here ####
POSTHOOK: query: select sum(l_extendedprice) from lineitem q0 where l_discount
between cast('0.05' as decimal(3,2)) and cast('0.07' as decimal(3,2))
POSTHOOK: type: QUERY
POSTHOOK: Input: default@lineitem
#### A masked pattern was here ####
1201714.81
PREHOOK: query: explain
select sum(l_extendedprice) from lineitem q1 where l_discount
between 0.06 - 0.01 and 0.06 + 0.01
PREHOOK: type: QUERY
POSTHOOK: query: explain
select sum(l_extendedprice) from lineitem q1 where l_discount
between 0.06 - 0.01 and 0.06 + 0.01
POSTHOOK: type: QUERY
STAGE DEPENDENCIES:
  Stage-1 is a root stage
  Stage-0 depends on stages: Stage-1

STAGE PLANS:
  Stage: Stage-1
    Map Reduce
      Map Operator Tree:
          TableScan
            alias: q1
            Statistics: Num rows: 100 Data size: 11999 Basic stats: COMPLETE Column stats: NONE
            Filter Operator
              predicate: l_discount BETWEEN 0.05 AND 0.07 (type: boolean)
              Statistics: Num rows: 11 Data size: 1319 Basic stats: COMPLETE Column stats: NONE
              Select Operator
                expressions: l_extendedprice (type: double)
                outputColumnNames: l_extendedprice
                Statistics: Num rows: 11 Data size: 1319 Basic stats: COMPLETE Column stats: NONE
                Group By Operator
                  aggregations: sum(l_extendedprice)
                  mode: hash
                  outputColumnNames: _col0
                  Statistics: Num rows: 1 Data size: 8 Basic stats: COMPLETE Column stats: NONE
                  Reduce Output Operator
                    sort order: 
                    Statistics: Num rows: 1 Data size: 8 Basic stats: COMPLETE Column stats: NONE
                    value expressions: _col0 (type: double)
      Reduce Operator Tree:
        Group By Operator
          aggregations: sum(VALUE._col0)
          mode: mergepartial
          outputColumnNames: _col0
          Statistics: Num rows: 1 Data size: 8 Basic stats: COMPLETE Column stats: NONE
          File Output Operator
            compressed: false
            Statistics: Num rows: 1 Data size: 8 Basic stats: COMPLETE Column stats: NONE
            table:
                input format: org.apache.hadoop.mapred.SequenceFileInputFormat
                output format: org.apache.hadoop.hive.ql.io.HiveSequenceFileOutputFormat
                serde: org.apache.hadoop.hive.serde2.lazy.LazySimpleSerDe

  Stage: Stage-0
    Fetch Operator
      limit: -1
      Processor Tree:
        ListSink

PREHOOK: query: select sum(l_extendedprice) from lineitem q1 where l_discount
between 0.06 - 0.01 and 0.06 + 0.01
PREHOOK: type: QUERY
PREHOOK: Input: default@lineitem
#### A masked pattern was here ####
POSTHOOK: query: select sum(l_extendedprice) from lineitem q1 where l_discount
between 0.06 - 0.01 and 0.06 + 0.01
POSTHOOK: type: QUERY
POSTHOOK: Input: default@lineitem
#### A masked pattern was here ####
1201714.81
PREHOOK: query: select sum(l_extendedprice) from lineitem q2 where l_discount
between 0.05 and 0.07
PREHOOK: type: QUERY
PREHOOK: Input: default@lineitem
#### A masked pattern was here ####
POSTHOOK: query: select sum(l_extendedprice) from lineitem q2 where l_discount
between 0.05 and 0.07
POSTHOOK: type: QUERY
POSTHOOK: Input: default@lineitem
#### A masked pattern was here ####
1201714.81
PREHOOK: query: select sum(l_extendedprice) from lineitem q3 where l_discount
between (cast('0.06' as decimal(3,2)) - cast('0.01' as decimal(3,2)))
  and (cast('0.06' as decimal(3,2)) + cast('0.01' as decimal(3,2)))
PREHOOK: type: QUERY
PREHOOK: Input: default@lineitem
#### A masked pattern was here ####
POSTHOOK: query: select sum(l_extendedprice) from lineitem q3 where l_discount
between (cast('0.06' as decimal(3,2)) - cast('0.01' as decimal(3,2)))
  and (cast('0.06' as decimal(3,2)) + cast('0.01' as decimal(3,2)))
POSTHOOK: type: QUERY
POSTHOOK: Input: default@lineitem
#### A masked pattern was here ####
1201714.81
PREHOOK: query: select sum(l_extendedprice) from lineitem q4 where l_discount
between (cast('0.06' as decimal(3,2)) - cast('0.01' as double))
  and (cast('0.06' as decimal(3,2)) + cast('0.01' as double))
PREHOOK: type: QUERY
PREHOOK: Input: default@lineitem
#### A masked pattern was here ####
POSTHOOK: query: select sum(l_extendedprice) from lineitem q4 where l_discount
between (cast('0.06' as decimal(3,2)) - cast('0.01' as double))
  and (cast('0.06' as decimal(3,2)) + cast('0.01' as double))
POSTHOOK: type: QUERY
POSTHOOK: Input: default@lineitem
#### A masked pattern was here ####
960361.91
PREHOOK: query: explain
select sum(l_extendedprice) from lineitem q10 where l_discount
between cast('0.05' as decimal(3,2)) and cast('0.07' as decimal(3,2))
PREHOOK: type: QUERY
POSTHOOK: query: explain
select sum(l_extendedprice) from lineitem q10 where l_discount
between cast('0.05' as decimal(3,2)) and cast('0.07' as decimal(3,2))
POSTHOOK: type: QUERY
STAGE DEPENDENCIES:
  Stage-1 is a root stage
  Stage-0 depends on stages: Stage-1

STAGE PLANS:
  Stage: Stage-1
    Map Reduce
      Map Operator Tree:
          TableScan
            alias: q10
            Statistics: Num rows: 100 Data size: 11999 Basic stats: COMPLETE Column stats: NONE
            Filter Operator
              predicate: l_discount BETWEEN CAST( '0.05' AS decimal(3,2)) AND CAST( '0.07' AS decimal(3,2)) (type: boolean)
              Statistics: Num rows: 11 Data size: 1319 Basic stats: COMPLETE Column stats: NONE
              Select Operator
                expressions: l_extendedprice (type: double)
                outputColumnNames: l_extendedprice
                Statistics: Num rows: 11 Data size: 1319 Basic stats: COMPLETE Column stats: NONE
                Group By Operator
                  aggregations: sum(l_extendedprice)
                  mode: hash
                  outputColumnNames: _col0
                  Statistics: Num rows: 1 Data size: 8 Basic stats: COMPLETE Column stats: NONE
                  Reduce Output Operator
                    sort order: 
                    Statistics: Num rows: 1 Data size: 8 Basic stats: COMPLETE Column stats: NONE
                    value expressions: _col0 (type: double)
      Reduce Operator Tree:
        Group By Operator
          aggregations: sum(VALUE._col0)
          mode: mergepartial
          outputColumnNames: _col0
          Statistics: Num rows: 1 Data size: 8 Basic stats: COMPLETE Column stats: NONE
          File Output Operator
            compressed: false
            Statistics: Num rows: 1 Data size: 8 Basic stats: COMPLETE Column stats: NONE
            table:
                input format: org.apache.hadoop.mapred.SequenceFileInputFormat
                output format: org.apache.hadoop.hive.ql.io.HiveSequenceFileOutputFormat
                serde: org.apache.hadoop.hive.serde2.lazy.LazySimpleSerDe

  Stage: Stage-0
    Fetch Operator
      limit: -1
      Processor Tree:
        ListSink

PREHOOK: query: select sum(l_extendedprice) from lineitem q10 where l_discount
between cast('0.05' as decimal(3,2)) and cast('0.07' as decimal(3,2))
PREHOOK: type: QUERY
PREHOOK: Input: default@lineitem
#### A masked pattern was here ####
POSTHOOK: query: select sum(l_extendedprice) from lineitem q10 where l_discount
between cast('0.05' as decimal(3,2)) and cast('0.07' as decimal(3,2))
POSTHOOK: type: QUERY
POSTHOOK: Input: default@lineitem
#### A masked pattern was here ####
1201714.81
PREHOOK: query: explain
select sum(l_extendedprice) from lineitem q11 where l_discount
between 0.06 - 0.01 and 0.06 + 0.01
PREHOOK: type: QUERY
POSTHOOK: query: explain
select sum(l_extendedprice) from lineitem q11 where l_discount
between 0.06 - 0.01 and 0.06 + 0.01
POSTHOOK: type: QUERY
STAGE DEPENDENCIES:
  Stage-1 is a root stage
  Stage-0 depends on stages: Stage-1

STAGE PLANS:
  Stage: Stage-1
    Map Reduce
      Map Operator Tree:
          TableScan
            alias: q11
            Statistics: Num rows: 100 Data size: 11999 Basic stats: COMPLETE Column stats: NONE
            Filter Operator
              predicate: l_discount BETWEEN (0.06 - 0.01) AND (0.06 + 0.01) (type: boolean)
              Statistics: Num rows: 11 Data size: 1319 Basic stats: COMPLETE Column stats: NONE
              Select Operator
                expressions: l_extendedprice (type: double)
                outputColumnNames: l_extendedprice
                Statistics: Num rows: 11 Data size: 1319 Basic stats: COMPLETE Column stats: NONE
                Group By Operator
                  aggregations: sum(l_extendedprice)
                  mode: hash
                  outputColumnNames: _col0
                  Statistics: Num rows: 1 Data size: 8 Basic stats: COMPLETE Column stats: NONE
                  Reduce Output Operator
                    sort order: 
                    Statistics: Num rows: 1 Data size: 8 Basic stats: COMPLETE Column stats: NONE
                    value expressions: _col0 (type: double)
      Reduce Operator Tree:
        Group By Operator
          aggregations: sum(VALUE._col0)
          mode: mergepartial
          outputColumnNames: _col0
          Statistics: Num rows: 1 Data size: 8 Basic stats: COMPLETE Column stats: NONE
          File Output Operator
            compressed: false
            Statistics: Num rows: 1 Data size: 8 Basic stats: COMPLETE Column stats: NONE
            table:
                input format: org.apache.hadoop.mapred.SequenceFileInputFormat
                output format: org.apache.hadoop.hive.ql.io.HiveSequenceFileOutputFormat
                serde: org.apache.hadoop.hive.serde2.lazy.LazySimpleSerDe

  Stage: Stage-0
    Fetch Operator
      limit: -1
      Processor Tree:
        ListSink

PREHOOK: query: select sum(l_extendedprice) from lineitem q11 where l_discount
between 0.06 - 0.01 and 0.06 + 0.01
PREHOOK: type: QUERY
PREHOOK: Input: default@lineitem
#### A masked pattern was here ####
POSTHOOK: query: select sum(l_extendedprice) from lineitem q11 where l_discount
between 0.06 - 0.01 and 0.06 + 0.01
POSTHOOK: type: QUERY
POSTHOOK: Input: default@lineitem
#### A masked pattern was here ####
1201714.81
PREHOOK: query: select sum(l_extendedprice) from lineitem q12 where l_discount
between 0.05 and 0.07
PREHOOK: type: QUERY
PREHOOK: Input: default@lineitem
#### A masked pattern was here ####
POSTHOOK: query: select sum(l_extendedprice) from lineitem q12 where l_discount
between 0.05 and 0.07
POSTHOOK: type: QUERY
POSTHOOK: Input: default@lineitem
#### A masked pattern was here ####
1201714.81
PREHOOK: query: select sum(l_extendedprice) from lineitem q13 where l_discount
between (cast('0.06' as decimal(3,2)) - cast('0.01' as decimal(3,2)))
  and (cast('0.06' as decimal(3,2)) + cast('0.01' as decimal(3,2)))
PREHOOK: type: QUERY
PREHOOK: Input: default@lineitem
#### A masked pattern was here ####
POSTHOOK: query: select sum(l_extendedprice) from lineitem q13 where l_discount
between (cast('0.06' as decimal(3,2)) - cast('0.01' as decimal(3,2)))
  and (cast('0.06' as decimal(3,2)) + cast('0.01' as decimal(3,2)))
POSTHOOK: type: QUERY
POSTHOOK: Input: default@lineitem
#### A masked pattern was here ####
1201714.81
PREHOOK: query: select sum(l_extendedprice) from lineitem q14 where l_discount
between (cast('0.06' as decimal(3,2)) - cast('0.01' as double))
  and (cast('0.06' as decimal(3,2)) + cast('0.01' as double))
PREHOOK: type: QUERY
PREHOOK: Input: default@lineitem
#### A masked pattern was here ####
POSTHOOK: query: select sum(l_extendedprice) from lineitem q14 where l_discount
between (cast('0.06' as decimal(3,2)) - cast('0.01' as double))
  and (cast('0.06' as decimal(3,2)) + cast('0.01' as double))
POSTHOOK: type: QUERY
POSTHOOK: Input: default@lineitem
#### A masked pattern was here ####
960361.91
