PREHOOK: query: CREATE TABLE fullouter_long_big_1a(key bigint)
row format delimited fields terminated by ','
PREHOOK: type: CREATETABLE
PREHOOK: Output: database:default
PREHOOK: Output: default@fullouter_long_big_1a
POSTHOOK: query: CREATE TABLE fullouter_long_big_1a(key bigint)
row format delimited fields terminated by ','
POSTHOOK: type: CREATETABLE
POSTHOOK: Output: database:default
POSTHOOK: Output: default@fullouter_long_big_1a
PREHOOK: query: LOAD DATA LOCAL INPATH '../../data/files/fullouter_long_big_1a.txt' OVERWRITE INTO TABLE fullouter_long_big_1a
PREHOOK: type: LOAD
#### A masked pattern was here ####
PREHOOK: Output: default@fullouter_long_big_1a
POSTHOOK: query: LOAD DATA LOCAL INPATH '../../data/files/fullouter_long_big_1a.txt' OVERWRITE INTO TABLE fullouter_long_big_1a
POSTHOOK: type: LOAD
#### A masked pattern was here ####
POSTHOOK: Output: default@fullouter_long_big_1a
PREHOOK: query: CREATE TABLE fullouter_long_small_1a(key bigint, s_date date)
row format delimited fields terminated by ','
PREHOOK: type: CREATETABLE
PREHOOK: Output: database:default
PREHOOK: Output: default@fullouter_long_small_1a
POSTHOOK: query: CREATE TABLE fullouter_long_small_1a(key bigint, s_date date)
row format delimited fields terminated by ','
POSTHOOK: type: CREATETABLE
POSTHOOK: Output: database:default
POSTHOOK: Output: default@fullouter_long_small_1a
PREHOOK: query: LOAD DATA LOCAL INPATH '../../data/files/fullouter_long_small_1a.txt' OVERWRITE INTO TABLE fullouter_long_small_1a
PREHOOK: type: LOAD
#### A masked pattern was here ####
PREHOOK: Output: default@fullouter_long_small_1a
POSTHOOK: query: LOAD DATA LOCAL INPATH '../../data/files/fullouter_long_small_1a.txt' OVERWRITE INTO TABLE fullouter_long_small_1a
POSTHOOK: type: LOAD
#### A masked pattern was here ####
POSTHOOK: Output: default@fullouter_long_small_1a
PREHOOK: query: EXPLAIN VECTORIZATION DETAIL
SELECT b.key, s.key, s.s_date FROM fullouter_long_big_1a b FULL OUTER JOIN fullouter_long_small_1a s ON b.key = s.key
PREHOOK: type: QUERY
POSTHOOK: query: EXPLAIN VECTORIZATION DETAIL
SELECT b.key, s.key, s.s_date FROM fullouter_long_big_1a b FULL OUTER JOIN fullouter_long_small_1a s ON b.key = s.key
POSTHOOK: type: QUERY
PLAN VECTORIZATION:
  enabled: false
  enabledConditionsNotMet: [hive.vectorized.execution.enabled IS false]

STAGE DEPENDENCIES:
  Stage-1 is a root stage
  Stage-0 depends on stages: Stage-1

STAGE PLANS:
  Stage: Stage-1
    Map Reduce
      Map Operator Tree:
          TableScan
            alias: b
            Statistics: Num rows: 1 Data size: 205 Basic stats: COMPLETE Column stats: NONE
            Select Operator
              expressions: key (type: bigint)
              outputColumnNames: _col0
              Statistics: Num rows: 1 Data size: 205 Basic stats: COMPLETE Column stats: NONE
              Reduce Output Operator
                key expressions: _col0 (type: bigint)
                sort order: +
                Map-reduce partition columns: _col0 (type: bigint)
                Statistics: Num rows: 1 Data size: 205 Basic stats: COMPLETE Column stats: NONE
          TableScan
            alias: s
            Statistics: Num rows: 1 Data size: 1640 Basic stats: COMPLETE Column stats: NONE
            Select Operator
              expressions: key (type: bigint), s_date (type: date)
              outputColumnNames: _col0, _col1
              Statistics: Num rows: 1 Data size: 1640 Basic stats: COMPLETE Column stats: NONE
              Reduce Output Operator
                key expressions: _col0 (type: bigint)
                sort order: +
                Map-reduce partition columns: _col0 (type: bigint)
                Statistics: Num rows: 1 Data size: 1640 Basic stats: COMPLETE Column stats: NONE
                value expressions: _col1 (type: date)
      Reduce Operator Tree:
        Join Operator
          condition map:
               Full Outer Join 0 to 1
          keys:
            0 _col0 (type: bigint)
            1 _col0 (type: bigint)
          outputColumnNames: _col0, _col1, _col2
          Statistics: Num rows: 1 Data size: 225 Basic stats: COMPLETE Column stats: NONE
          File Output Operator
            compressed: false
            Statistics: Num rows: 1 Data size: 225 Basic stats: COMPLETE Column stats: NONE
            table:
                input format: org.apache.hadoop.mapred.SequenceFileInputFormat
                output format: org.apache.hadoop.hive.ql.io.HiveSequenceFileOutputFormat
                serde: org.apache.hadoop.hive.serde2.lazy.LazySimpleSerDe

  Stage: Stage-0
    Fetch Operator
      limit: -1
      Processor Tree:
        ListSink

PREHOOK: query: SELECT b.key, s.key, s.s_date FROM fullouter_long_big_1a b FULL OUTER JOIN fullouter_long_small_1a s ON b.key = s.key
PREHOOK: type: QUERY
PREHOOK: Input: default@fullouter_long_big_1a
PREHOOK: Input: default@fullouter_long_small_1a
#### A masked pattern was here ####
POSTHOOK: query: SELECT b.key, s.key, s.s_date FROM fullouter_long_big_1a b FULL OUTER JOIN fullouter_long_small_1a s ON b.key = s.key
POSTHOOK: type: QUERY
POSTHOOK: Input: default@fullouter_long_big_1a
POSTHOOK: Input: default@fullouter_long_small_1a
#### A masked pattern was here ####
-5206670856103795573	NULL	NULL
-5310365297525168078	NULL	NULL
-6187919478609154811	NULL	NULL
-6187919478609154811	NULL	NULL
-6187919478609154811	NULL	NULL
-6187919478609154811	NULL	NULL
-8460550397108077433	NULL	NULL
1569543799237464101	NULL	NULL
3313583664488247651	NULL	NULL
968819023021777205	NULL	NULL
NULL	-1339636982994067311	2000-06-20
NULL	-1339636982994067311	2008-12-03
NULL	-2098090254092150988	1817-03-12
NULL	-2098090254092150988	2163-05-26
NULL	-2098090254092150988	2219-12-23
NULL	-2184423060953067642	1853-07-06
NULL	-2184423060953067642	1880-10-06
NULL	-2575185053386712613	1809-07-12
NULL	-2575185053386712613	2105-01-21
NULL	-2688622006344936758	1948-10-15
NULL	-2688622006344936758	2129-01-11
NULL	-327698348664467755	2222-10-15
NULL	-3655445881497026796	2108-08-16
NULL	-4224290881682877258	1813-05-17
NULL	-4224290881682877258	2120-01-16
NULL	-4224290881682877258	2185-07-08
NULL	-4961171400048338491	2196-08-10
NULL	-5706981533666803767	1800-09-20
NULL	-5706981533666803767	2151-06-09
NULL	-5754527700632192146	1958-07-15
NULL	-614848861623872247	2101-05-25
NULL	-614848861623872247	2112-11-09
NULL	-6784441713807772877	1845-02-16
NULL	-6784441713807772877	2054-06-17
NULL	-7707546703881534780	2134-08-20
NULL	214451696109242839	1855-05-12
NULL	214451696109242839	1977-01-04
NULL	214451696109242839	2179-04-18
NULL	2438535236662373438	1881-09-16
NULL	2438535236662373438	1916-01-10
NULL	2438535236662373438	2026-06-23
NULL	3845554233155411208	1805-11-10
NULL	3845554233155411208	2264-04-05
NULL	3873405809071478736	1918-11-20
NULL	3873405809071478736	2034-06-09
NULL	3873405809071478736	2164-04-23
NULL	3905351789241845882	1866-07-28
NULL	3905351789241845882	2045-12-05
NULL	434940853096155515	2275-02-08
NULL	4436884039838843341	2031-05-23
NULL	5246983111579595707	1817-07-01
NULL	5246983111579595707	2260-05-11
NULL	5252407779338300447	2039-03-10
NULL	5252407779338300447	2042-04-26
NULL	6049335087268933751	2086-12-17
NULL	6049335087268933751	2282-06-09
NULL	7297177530102477725	1921-05-11
NULL	7297177530102477725	1926-04-12
NULL	7297177530102477725	2125-08-26
NULL	7937120928560087303	2083-03-14
NULL	8755921538765428593	1827-05-01
NULL	NULL	2024-01-23
NULL	NULL	2098-02-10
NULL	NULL	2242-02-08
