PREHOOK: query: CREATE TABLE dest1_n131(c1 DOUBLE, c2 DOUBLE, c3 DOUBLE, c4 DOUBLE, c5 DOUBLE, c6 DOUBLE, c7 DOUBLE, c8 DOUBLE, c9 DOUBLE) STORED AS TEXTFILE
PREHOOK: type: CREATETABLE
PREHOOK: Output: database:default
PREHOOK: Output: default@dest1_n131
POSTHOOK: query: CREATE TABLE dest1_n131(c1 DOUBLE, c2 DOUBLE, c3 DOUBLE, c4 DOUBLE, c5 DOUBLE, c6 DOUBLE, c7 DOUBLE, c8 DOUBLE, c9 DOUBLE) STORED AS TEXTFILE
POSTHOOK: type: CREATETABLE
POSTHOOK: Output: database:default
POSTHOOK: Output: default@dest1_n131
PREHOOK: query: EXPLAIN
FROM src
INSERT OVERWRITE TABLE dest1_n131 SELECT
  sum(substr(src.value,5)),
  avg(substr(src.value,5)),
  avg(DISTINCT substr(src.value,5)),
  max(substr(src.value,5)),
  min(substr(src.value,5)),
  std(substr(src.value,5)),
  stddev_samp(substr(src.value,5)),
  variance(substr(src.value,5)),
  var_samp(substr(src.value,5))
PREHOOK: type: QUERY
PREHOOK: Input: default@src
PREHOOK: Output: default@dest1_n131
POSTHOOK: query: EXPLAIN
FROM src
INSERT OVERWRITE TABLE dest1_n131 SELECT
  sum(substr(src.value,5)),
  avg(substr(src.value,5)),
  avg(DISTINCT substr(src.value,5)),
  max(substr(src.value,5)),
  min(substr(src.value,5)),
  std(substr(src.value,5)),
  stddev_samp(substr(src.value,5)),
  variance(substr(src.value,5)),
  var_samp(substr(src.value,5))
POSTHOOK: type: QUERY
POSTHOOK: Input: default@src
POSTHOOK: Output: default@dest1_n131
STAGE DEPENDENCIES:
  Stage-1 is a root stage
  Stage-2 depends on stages: Stage-1
  Stage-0 depends on stages: Stage-2
  Stage-3 depends on stages: Stage-0

STAGE PLANS:
  Stage: Stage-1
    Map Reduce
      Map Operator Tree:
          TableScan
            alias: src
            Statistics: Num rows: 500 Data size: 5312 Basic stats: COMPLETE Column stats: NONE
            Select Operator
              expressions: value (type: string)
              outputColumnNames: value
              Statistics: Num rows: 500 Data size: 5312 Basic stats: COMPLETE Column stats: NONE
              Group By Operator
                aggregations: sum(substr(value, 5)), avg(substr(value, 5)), avg(DISTINCT substr(value, 5)), max(substr(value, 5)), min(substr(value, 5)), std(substr(value, 5)), stddev_samp(substr(value, 5)), variance(substr(value, 5)), var_samp(substr(value, 5))
                keys: substr(value, 5) (type: string)
                mode: hash
                outputColumnNames: _col0, _col1, _col2, _col3, _col4, _col5, _col6, _col7, _col8, _col9
                Statistics: Num rows: 500 Data size: 5312 Basic stats: COMPLETE Column stats: NONE
                Reduce Output Operator
                  key expressions: _col0 (type: string)
                  sort order: +
                  Map-reduce partition columns: _col0 (type: string)
                  Statistics: Num rows: 500 Data size: 5312 Basic stats: COMPLETE Column stats: NONE
                  value expressions: _col1 (type: double), _col2 (type: struct<count:bigint,sum:double,input:string>), _col4 (type: string), _col5 (type: string), _col6 (type: struct<count:bigint,sum:double,variance:double>), _col7 (type: struct<count:bigint,sum:double,variance:double>), _col8 (type: struct<count:bigint,sum:double,variance:double>), _col9 (type: struct<count:bigint,sum:double,variance:double>)
      Reduce Operator Tree:
        Group By Operator
          aggregations: sum(VALUE._col0), avg(VALUE._col1), avg(DISTINCT KEY._col0:0._col0), max(VALUE._col3), min(VALUE._col4), std(VALUE._col5), stddev_samp(VALUE._col6), variance(VALUE._col7), var_samp(VALUE._col8)
          mode: partials
          outputColumnNames: _col0, _col1, _col2, _col3, _col4, _col5, _col6, _col7, _col8
          Statistics: Num rows: 1 Data size: 1464 Basic stats: COMPLETE Column stats: NONE
          File Output Operator
            compressed: false
            table:
                input format: org.apache.hadoop.mapred.SequenceFileInputFormat
                output format: org.apache.hadoop.hive.ql.io.HiveSequenceFileOutputFormat
                serde: org.apache.hadoop.hive.serde2.lazybinary.LazyBinarySerDe

  Stage: Stage-2
    Map Reduce
      Map Operator Tree:
          TableScan
            Reduce Output Operator
              sort order: 
              Statistics: Num rows: 1 Data size: 1464 Basic stats: COMPLETE Column stats: NONE
              value expressions: _col0 (type: double), _col1 (type: struct<count:bigint,sum:double,input:string>), _col2 (type: struct<count:bigint,sum:double,input:string>), _col3 (type: string), _col4 (type: string), _col5 (type: struct<count:bigint,sum:double,variance:double>), _col6 (type: struct<count:bigint,sum:double,variance:double>), _col7 (type: struct<count:bigint,sum:double,variance:double>), _col8 (type: struct<count:bigint,sum:double,variance:double>)
      Execution mode: vectorized
      Reduce Operator Tree:
        Group By Operator
          aggregations: sum(VALUE._col0), avg(VALUE._col1), avg(VALUE._col2), max(VALUE._col3), min(VALUE._col4), std(VALUE._col5), stddev_samp(VALUE._col6), variance(VALUE._col7), var_samp(VALUE._col8)
          mode: final
          outputColumnNames: _col0, _col1, _col2, _col3, _col4, _col5, _col6, _col7, _col8
          Statistics: Num rows: 1 Data size: 1464 Basic stats: COMPLETE Column stats: NONE
          Select Operator
            expressions: _col0 (type: double), _col1 (type: double), _col2 (type: double), UDFToDouble(_col3) (type: double), UDFToDouble(_col4) (type: double), _col5 (type: double), _col6 (type: double), _col7 (type: double), _col8 (type: double)
            outputColumnNames: _col0, _col1, _col2, _col3, _col4, _col5, _col6, _col7, _col8
            Statistics: Num rows: 1 Data size: 1464 Basic stats: COMPLETE Column stats: NONE
            File Output Operator
              compressed: false
              Statistics: Num rows: 1 Data size: 1464 Basic stats: COMPLETE Column stats: NONE
              table:
                  input format: org.apache.hadoop.mapred.TextInputFormat
                  output format: org.apache.hadoop.hive.ql.io.HiveIgnoreKeyTextOutputFormat
                  serde: org.apache.hadoop.hive.serde2.lazy.LazySimpleSerDe
                  name: default.dest1_n131
            Select Operator
              expressions: _col0 (type: double), _col1 (type: double), _col2 (type: double), _col3 (type: double), _col4 (type: double), _col5 (type: double), _col6 (type: double), _col7 (type: double), _col8 (type: double)
              outputColumnNames: c1, c2, c3, c4, c5, c6, c7, c8, c9
              Statistics: Num rows: 1 Data size: 1464 Basic stats: COMPLETE Column stats: NONE
              Group By Operator
                aggregations: compute_stats(c1, 'hll'), compute_stats(c2, 'hll'), compute_stats(c3, 'hll'), compute_stats(c4, 'hll'), compute_stats(c5, 'hll'), compute_stats(c6, 'hll'), compute_stats(c7, 'hll'), compute_stats(c8, 'hll'), compute_stats(c9, 'hll')
                mode: complete
                outputColumnNames: _col0, _col1, _col2, _col3, _col4, _col5, _col6, _col7, _col8
                Statistics: Num rows: 1 Data size: 4064 Basic stats: COMPLETE Column stats: NONE
                Select Operator
                  expressions: _col0 (type: struct<columntype:string,min:double,max:double,countnulls:bigint,numdistinctvalues:bigint,ndvbitvector:binary>), _col1 (type: struct<columntype:string,min:double,max:double,countnulls:bigint,numdistinctvalues:bigint,ndvbitvector:binary>), _col2 (type: struct<columntype:string,min:double,max:double,countnulls:bigint,numdistinctvalues:bigint,ndvbitvector:binary>), _col3 (type: struct<columntype:string,min:double,max:double,countnulls:bigint,numdistinctvalues:bigint,ndvbitvector:binary>), _col4 (type: struct<columntype:string,min:double,max:double,countnulls:bigint,numdistinctvalues:bigint,ndvbitvector:binary>), _col5 (type: struct<columntype:string,min:double,max:double,countnulls:bigint,numdistinctvalues:bigint,ndvbitvector:binary>), _col6 (type: struct<columntype:string,min:double,max:double,countnulls:bigint,numdistinctvalues:bigint,ndvbitvector:binary>), _col7 (type: struct<columntype:string,min:double,max:double,countnulls:bigint,numdistinctvalues:bigint,ndvbitvector:binary>), _col8 (type: struct<columntype:string,min:double,max:double,countnulls:bigint,numdistinctvalues:bigint,ndvbitvector:binary>)
                  outputColumnNames: _col0, _col1, _col2, _col3, _col4, _col5, _col6, _col7, _col8
                  Statistics: Num rows: 1 Data size: 4064 Basic stats: COMPLETE Column stats: NONE
                  File Output Operator
                    compressed: false
                    Statistics: Num rows: 1 Data size: 4064 Basic stats: COMPLETE Column stats: NONE
                    table:
                        input format: org.apache.hadoop.mapred.SequenceFileInputFormat
                        output format: org.apache.hadoop.hive.ql.io.HiveSequenceFileOutputFormat
                        serde: org.apache.hadoop.hive.serde2.lazy.LazySimpleSerDe

  Stage: Stage-0
    Move Operator
      tables:
          replace: true
          table:
              input format: org.apache.hadoop.mapred.TextInputFormat
              output format: org.apache.hadoop.hive.ql.io.HiveIgnoreKeyTextOutputFormat
              serde: org.apache.hadoop.hive.serde2.lazy.LazySimpleSerDe
              name: default.dest1_n131

  Stage: Stage-3
    Stats Work
      Basic Stats Work:
      Column Stats Desc:
          Columns: c1, c2, c3, c4, c5, c6, c7, c8, c9
          Column Types: double, double, double, double, double, double, double, double, double
          Table: default.dest1_n131

PREHOOK: query: FROM src
INSERT OVERWRITE TABLE dest1_n131 SELECT
  sum(substr(src.value,5)),
  avg(substr(src.value,5)),
  avg(DISTINCT substr(src.value,5)),
  max(substr(src.value,5)),
  min(substr(src.value,5)),
  std(substr(src.value,5)),
  stddev_samp(substr(src.value,5)),
  variance(substr(src.value,5)),
  var_samp(substr(src.value,5))
PREHOOK: type: QUERY
PREHOOK: Input: default@src
PREHOOK: Output: default@dest1_n131
POSTHOOK: query: FROM src
INSERT OVERWRITE TABLE dest1_n131 SELECT
  sum(substr(src.value,5)),
  avg(substr(src.value,5)),
  avg(DISTINCT substr(src.value,5)),
  max(substr(src.value,5)),
  min(substr(src.value,5)),
  std(substr(src.value,5)),
  stddev_samp(substr(src.value,5)),
  variance(substr(src.value,5)),
  var_samp(substr(src.value,5))
POSTHOOK: type: QUERY
POSTHOOK: Input: default@src
POSTHOOK: Output: default@dest1_n131
POSTHOOK: Lineage: dest1_n131.c1 EXPRESSION [(src)src.FieldSchema(name:value, type:string, comment:default), ]
POSTHOOK: Lineage: dest1_n131.c2 EXPRESSION [(src)src.FieldSchema(name:value, type:string, comment:default), ]
POSTHOOK: Lineage: dest1_n131.c3 EXPRESSION [(src)src.FieldSchema(name:value, type:string, comment:default), ]
POSTHOOK: Lineage: dest1_n131.c4 EXPRESSION [(src)src.FieldSchema(name:value, type:string, comment:default), ]
POSTHOOK: Lineage: dest1_n131.c5 EXPRESSION [(src)src.FieldSchema(name:value, type:string, comment:default), ]
POSTHOOK: Lineage: dest1_n131.c6 EXPRESSION [(src)src.FieldSchema(name:value, type:string, comment:default), ]
POSTHOOK: Lineage: dest1_n131.c7 EXPRESSION [(src)src.FieldSchema(name:value, type:string, comment:default), ]
POSTHOOK: Lineage: dest1_n131.c8 EXPRESSION [(src)src.FieldSchema(name:value, type:string, comment:default), ]
POSTHOOK: Lineage: dest1_n131.c9 EXPRESSION [(src)src.FieldSchema(name:value, type:string, comment:default), ]
PREHOOK: query: SELECT ROUND(c1, 1), ROUND(c2, 3), ROUND(c3, 5), ROUND(c4, 1), ROUND(c5, 1), ROUND(c6, 5),
ROUND(c7,5), ROUND(c8, 5), ROUND(c9, 5) FROM dest1_n131
PREHOOK: type: QUERY
PREHOOK: Input: default@dest1_n131
#### A masked pattern was here ####
POSTHOOK: query: SELECT ROUND(c1, 1), ROUND(c2, 3), ROUND(c3, 5), ROUND(c4, 1), ROUND(c5, 1), ROUND(c6, 5),
ROUND(c7,5), ROUND(c8, 5), ROUND(c9, 5) FROM dest1_n131
POSTHOOK: type: QUERY
POSTHOOK: Input: default@dest1_n131
#### A masked pattern was here ####
130091.0	260.182	256.10356	98.0	0.0	142.92681	143.06995	20428.07288	20469.0109
