PREHOOK: query: create table t_n33(category int, live int, comments int)
PREHOOK: type: CREATETABLE
PREHOOK: Output: database:default
PREHOOK: Output: default@t_n33
POSTHOOK: query: create table t_n33(category int, live int, comments int)
POSTHOOK: type: CREATETABLE
POSTHOOK: Output: database:default
POSTHOOK: Output: default@t_n33
PREHOOK: query: insert into table t_n33 select key, 0, 2 from src tablesample(3 rows)
PREHOOK: type: QUERY
PREHOOK: Input: default@src
PREHOOK: Output: default@t_n33
POSTHOOK: query: insert into table t_n33 select key, 0, 2 from src tablesample(3 rows)
POSTHOOK: type: QUERY
POSTHOOK: Input: default@src
POSTHOOK: Output: default@t_n33
POSTHOOK: Lineage: t_n33.category EXPRESSION [(src)src.FieldSchema(name:key, type:string, comment:default), ]
POSTHOOK: Lineage: t_n33.comments SIMPLE []
POSTHOOK: Lineage: t_n33.live SIMPLE []
PREHOOK: query: explain
select category, max(live) live, max(comments) comments, rank() OVER (PARTITION BY category ORDER BY comments) rank1
FROM t_n33
GROUP BY category
GROUPING SETS ((), (category))
HAVING max(comments) > 0
PREHOOK: type: QUERY
POSTHOOK: query: explain
select category, max(live) live, max(comments) comments, rank() OVER (PARTITION BY category ORDER BY comments) rank1
FROM t_n33
GROUP BY category
GROUPING SETS ((), (category))
HAVING max(comments) > 0
POSTHOOK: type: QUERY
STAGE DEPENDENCIES:
  Stage-1 is a root stage
  Stage-2 depends on stages: Stage-1
  Stage-0 depends on stages: Stage-2

STAGE PLANS:
  Stage: Stage-1
    Map Reduce
      Map Operator Tree:
          TableScan
            alias: t_n33
            Statistics: Num rows: 3 Data size: 20 Basic stats: COMPLETE Column stats: NONE
            Select Operator
              expressions: category (type: int), live (type: int), comments (type: int)
              outputColumnNames: category, live, comments
              Statistics: Num rows: 3 Data size: 20 Basic stats: COMPLETE Column stats: NONE
              Group By Operator
                aggregations: max(live), max(comments)
                keys: category (type: int), 0L (type: bigint)
                mode: hash
                outputColumnNames: _col0, _col1, _col2, _col3
                Statistics: Num rows: 6 Data size: 40 Basic stats: COMPLETE Column stats: NONE
                Reduce Output Operator
                  key expressions: _col0 (type: int), _col1 (type: bigint)
                  sort order: ++
                  Map-reduce partition columns: _col0 (type: int), _col1 (type: bigint)
                  Statistics: Num rows: 6 Data size: 40 Basic stats: COMPLETE Column stats: NONE
                  value expressions: _col2 (type: int), _col3 (type: int)
      Execution mode: vectorized
      Reduce Operator Tree:
        Group By Operator
          aggregations: max(VALUE._col0), max(VALUE._col1)
          keys: KEY._col0 (type: int), KEY._col1 (type: bigint)
          mode: mergepartial
          outputColumnNames: _col0, _col2, _col3
          Statistics: Num rows: 3 Data size: 20 Basic stats: COMPLETE Column stats: NONE
          pruneGroupingSetId: true
          Filter Operator
            predicate: (_col3 > 0) (type: boolean)
            Statistics: Num rows: 1 Data size: 6 Basic stats: COMPLETE Column stats: NONE
            File Output Operator
              compressed: false
              table:
                  input format: org.apache.hadoop.mapred.SequenceFileInputFormat
                  output format: org.apache.hadoop.hive.ql.io.HiveSequenceFileOutputFormat
                  serde: org.apache.hadoop.hive.serde2.lazybinary.LazyBinarySerDe

  Stage: Stage-2
    Map Reduce
      Map Operator Tree:
          TableScan
            Reduce Output Operator
              key expressions: _col0 (type: int), _col3 (type: int)
              sort order: ++
              Map-reduce partition columns: _col0 (type: int)
              Statistics: Num rows: 1 Data size: 6 Basic stats: COMPLETE Column stats: NONE
              value expressions: _col2 (type: int)
      Execution mode: vectorized
      Reduce Operator Tree:
        Select Operator
          expressions: KEY.reducesinkkey0 (type: int), VALUE._col1 (type: int), KEY.reducesinkkey1 (type: int)
          outputColumnNames: _col0, _col2, _col3
          Statistics: Num rows: 1 Data size: 6 Basic stats: COMPLETE Column stats: NONE
          PTF Operator
            Function definitions:
                Input definition
                  input alias: ptf_0
                  output shape: _col0: int, _col2: int, _col3: int
                  type: WINDOWING
                Windowing table definition
                  input alias: ptf_1
                  name: windowingtablefunction
                  order by: _col3 ASC NULLS FIRST
                  partition by: _col0
                  raw input shape:
                  window functions:
                      window function definition
                        alias: rank_window_0
                        arguments: _col3
                        name: rank
                        window function: GenericUDAFRankEvaluator
                        window frame: ROWS PRECEDING(MAX)~FOLLOWING(MAX)
                        isPivotResult: true
            Statistics: Num rows: 1 Data size: 6 Basic stats: COMPLETE Column stats: NONE
            Select Operator
              expressions: _col0 (type: int), _col2 (type: int), _col3 (type: int), rank_window_0 (type: int)
              outputColumnNames: _col0, _col1, _col2, _col3
              Statistics: Num rows: 1 Data size: 6 Basic stats: COMPLETE Column stats: NONE
              File Output Operator
                compressed: false
                Statistics: Num rows: 1 Data size: 6 Basic stats: COMPLETE Column stats: NONE
                table:
                    input format: org.apache.hadoop.mapred.SequenceFileInputFormat
                    output format: org.apache.hadoop.hive.ql.io.HiveSequenceFileOutputFormat
                    serde: org.apache.hadoop.hive.serde2.lazy.LazySimpleSerDe

  Stage: Stage-0
    Fetch Operator
      limit: -1
      Processor Tree:
        ListSink

PREHOOK: query: select category, max(live) live, max(comments) comments, rank() OVER (PARTITION BY category ORDER BY comments) rank1
FROM t_n33
GROUP BY category
GROUPING SETS ((), (category))
HAVING max(comments) > 0
PREHOOK: type: QUERY
PREHOOK: Input: default@t_n33
#### A masked pattern was here ####
POSTHOOK: query: select category, max(live) live, max(comments) comments, rank() OVER (PARTITION BY category ORDER BY comments) rank1
FROM t_n33
GROUP BY category
GROUPING SETS ((), (category))
HAVING max(comments) > 0
POSTHOOK: type: QUERY
POSTHOOK: Input: default@t_n33
#### A masked pattern was here ####
NULL	0	2	1
86	0	2	1
238	0	2	1
311	0	2	1
PREHOOK: query: SELECT grouping(category), lead(live) over(partition by grouping(category))
FROM t_n33
GROUP BY category, live
GROUPING SETS ((), (category))
PREHOOK: type: QUERY
PREHOOK: Input: default@t_n33
#### A masked pattern was here ####
POSTHOOK: query: SELECT grouping(category), lead(live) over(partition by grouping(category))
FROM t_n33
GROUP BY category, live
GROUPING SETS ((), (category))
POSTHOOK: type: QUERY
POSTHOOK: Input: default@t_n33
#### A masked pattern was here ####
0	NULL
0	NULL
0	NULL
1	NULL
PREHOOK: query: SELECT grouping(category), lead(live) over(partition by grouping(category))
FROM t_n33
GROUP BY category, live
PREHOOK: type: QUERY
PREHOOK: Input: default@t_n33
#### A masked pattern was here ####
POSTHOOK: query: SELECT grouping(category), lead(live) over(partition by grouping(category))
FROM t_n33
GROUP BY category, live
POSTHOOK: type: QUERY
POSTHOOK: Input: default@t_n33
#### A masked pattern was here ####
0	0
0	0
0	NULL
PREHOOK: query: SELECT grouping(category), lag(live) over(partition by grouping(category))
FROM t_n33
GROUP BY category, live
PREHOOK: type: QUERY
PREHOOK: Input: default@t_n33
#### A masked pattern was here ####
POSTHOOK: query: SELECT grouping(category), lag(live) over(partition by grouping(category))
FROM t_n33
GROUP BY category, live
POSTHOOK: type: QUERY
POSTHOOK: Input: default@t_n33
#### A masked pattern was here ####
0	NULL
0	0
0	0
