PREHOOK: query: CREATE TABLE T1_n6(key STRING, val STRING)
CLUSTERED BY (val) SORTED BY (key, val) INTO 2 BUCKETS STORED AS TEXTFILE
PREHOOK: type: CREATETABLE
PREHOOK: Output: database:default
PREHOOK: Output: default@T1_n6
POSTHOOK: query: CREATE TABLE T1_n6(key STRING, val STRING)
CLUSTERED BY (val) SORTED BY (key, val) INTO 2 BUCKETS STORED AS TEXTFILE
POSTHOOK: type: CREATETABLE
POSTHOOK: Output: database:default
POSTHOOK: Output: default@T1_n6
PREHOOK: query: LOAD DATA LOCAL INPATH '../../data/files/bucket_files/000000_0' INTO TABLE T1_n6
PREHOOK: type: LOAD
#### A masked pattern was here ####
PREHOOK: Output: default@t1_n6
POSTHOOK: query: LOAD DATA LOCAL INPATH '../../data/files/bucket_files/000000_0' INTO TABLE T1_n6
POSTHOOK: type: LOAD
#### A masked pattern was here ####
POSTHOOK: Output: default@t1_n6
PREHOOK: query: INSERT OVERWRITE TABLE T1_n6 select key, val from T1_n6
PREHOOK: type: QUERY
PREHOOK: Input: default@t1_n6
PREHOOK: Output: default@t1_n6
POSTHOOK: query: INSERT OVERWRITE TABLE T1_n6 select key, val from T1_n6
POSTHOOK: type: QUERY
POSTHOOK: Input: default@t1_n6
POSTHOOK: Output: default@t1_n6
POSTHOOK: Lineage: t1_n6.key SIMPLE [(t1_n6)t1_n6.FieldSchema(name:key, type:string, comment:null), ]
POSTHOOK: Lineage: t1_n6.val SIMPLE [(t1_n6)t1_n6.FieldSchema(name:val, type:string, comment:null), ]
PREHOOK: query: CREATE TABLE outputTbl1_n5(key STRING, val STRING, cnt INT)
PREHOOK: type: CREATETABLE
PREHOOK: Output: database:default
PREHOOK: Output: default@outputTbl1_n5
POSTHOOK: query: CREATE TABLE outputTbl1_n5(key STRING, val STRING, cnt INT)
POSTHOOK: type: CREATETABLE
POSTHOOK: Output: database:default
POSTHOOK: Output: default@outputTbl1_n5
PREHOOK: query: EXPLAIN
INSERT OVERWRITE TABLE outputTbl1_n5
SELECT key, val, count(1) FROM T1_n6 GROUP BY key, val
PREHOOK: type: QUERY
POSTHOOK: query: EXPLAIN
INSERT OVERWRITE TABLE outputTbl1_n5
SELECT key, val, count(1) FROM T1_n6 GROUP BY key, val
POSTHOOK: type: QUERY
STAGE DEPENDENCIES:
  Stage-1 is a root stage
  Stage-7 depends on stages: Stage-1 , consists of Stage-4, Stage-3, Stage-5
  Stage-4
  Stage-0 depends on stages: Stage-4, Stage-3, Stage-6
  Stage-2 depends on stages: Stage-0
  Stage-3
  Stage-5
  Stage-6 depends on stages: Stage-5

STAGE PLANS:
  Stage: Stage-1
    Map Reduce
      Map Operator Tree:
          TableScan
            alias: t1_n6
            Statistics: Num rows: 6 Data size: 24 Basic stats: COMPLETE Column stats: NONE
            Select Operator
              expressions: key (type: string), val (type: string)
              outputColumnNames: key, val
              Statistics: Num rows: 6 Data size: 24 Basic stats: COMPLETE Column stats: NONE
              Group By Operator
                aggregations: count()
                keys: key (type: string), val (type: string)
                mode: final
                outputColumnNames: _col0, _col1, _col2
                Statistics: Num rows: 3 Data size: 12 Basic stats: COMPLETE Column stats: NONE
                Select Operator
                  expressions: _col0 (type: string), _col1 (type: string), UDFToInteger(_col2) (type: int)
                  outputColumnNames: _col0, _col1, _col2
                  Statistics: Num rows: 3 Data size: 12 Basic stats: COMPLETE Column stats: NONE
                  File Output Operator
                    compressed: false
                    Statistics: Num rows: 3 Data size: 12 Basic stats: COMPLETE Column stats: NONE
                    table:
                        input format: org.apache.hadoop.mapred.TextInputFormat
                        output format: org.apache.hadoop.hive.ql.io.HiveIgnoreKeyTextOutputFormat
                        serde: org.apache.hadoop.hive.serde2.lazy.LazySimpleSerDe
                        name: default.outputtbl1_n5
                  Select Operator
                    expressions: _col0 (type: string), _col1 (type: string), _col2 (type: int)
                    outputColumnNames: key, val, cnt
                    Statistics: Num rows: 3 Data size: 12 Basic stats: COMPLETE Column stats: NONE
                    Group By Operator
                      aggregations: compute_stats(key, 'hll'), compute_stats(val, 'hll'), compute_stats(cnt, 'hll')
                      mode: hash
                      outputColumnNames: _col0, _col1, _col2
                      Statistics: Num rows: 1 Data size: 1304 Basic stats: COMPLETE Column stats: NONE
                      Reduce Output Operator
                        sort order: 
                        Statistics: Num rows: 1 Data size: 1304 Basic stats: COMPLETE Column stats: NONE
                        value expressions: _col0 (type: struct<columntype:string,maxlength:bigint,sumlength:bigint,count:bigint,countnulls:bigint,bitvector:binary>), _col1 (type: struct<columntype:string,maxlength:bigint,sumlength:bigint,count:bigint,countnulls:bigint,bitvector:binary>), _col2 (type: struct<columntype:string,min:bigint,max:bigint,countnulls:bigint,bitvector:binary>)
      Reduce Operator Tree:
        Group By Operator
          aggregations: compute_stats(VALUE._col0), compute_stats(VALUE._col1), compute_stats(VALUE._col2)
          mode: mergepartial
          outputColumnNames: _col0, _col1, _col2
          Statistics: Num rows: 1 Data size: 1320 Basic stats: COMPLETE Column stats: NONE
          File Output Operator
            compressed: false
            Statistics: Num rows: 1 Data size: 1320 Basic stats: COMPLETE Column stats: NONE
            table:
                input format: org.apache.hadoop.mapred.SequenceFileInputFormat
                output format: org.apache.hadoop.hive.ql.io.HiveSequenceFileOutputFormat
                serde: org.apache.hadoop.hive.serde2.lazy.LazySimpleSerDe

  Stage: Stage-7
    Conditional Operator

  Stage: Stage-4
    Move Operator
      files:
          hdfs directory: true
#### A masked pattern was here ####

  Stage: Stage-0
    Move Operator
      tables:
          replace: true
          table:
              input format: org.apache.hadoop.mapred.TextInputFormat
              output format: org.apache.hadoop.hive.ql.io.HiveIgnoreKeyTextOutputFormat
              serde: org.apache.hadoop.hive.serde2.lazy.LazySimpleSerDe
              name: default.outputtbl1_n5

  Stage: Stage-2
    Stats Work
      Basic Stats Work:
      Column Stats Desc:
          Columns: key, val, cnt
          Column Types: string, string, int
          Table: default.outputtbl1_n5

  Stage: Stage-3
    Map Reduce
      Map Operator Tree:
          TableScan
            File Output Operator
              compressed: false
              table:
                  input format: org.apache.hadoop.mapred.TextInputFormat
                  output format: org.apache.hadoop.hive.ql.io.HiveIgnoreKeyTextOutputFormat
                  serde: org.apache.hadoop.hive.serde2.lazy.LazySimpleSerDe
                  name: default.outputtbl1_n5

  Stage: Stage-5
    Map Reduce
      Map Operator Tree:
          TableScan
            File Output Operator
              compressed: false
              table:
                  input format: org.apache.hadoop.mapred.TextInputFormat
                  output format: org.apache.hadoop.hive.ql.io.HiveIgnoreKeyTextOutputFormat
                  serde: org.apache.hadoop.hive.serde2.lazy.LazySimpleSerDe
                  name: default.outputtbl1_n5

  Stage: Stage-6
    Move Operator
      files:
          hdfs directory: true
#### A masked pattern was here ####

PREHOOK: query: INSERT OVERWRITE TABLE outputTbl1_n5
SELECT key, val, count(1) FROM T1_n6 GROUP BY key, val
PREHOOK: type: QUERY
PREHOOK: Input: default@t1_n6
PREHOOK: Output: default@outputtbl1_n5
POSTHOOK: query: INSERT OVERWRITE TABLE outputTbl1_n5
SELECT key, val, count(1) FROM T1_n6 GROUP BY key, val
POSTHOOK: type: QUERY
POSTHOOK: Input: default@t1_n6
POSTHOOK: Output: default@outputtbl1_n5
POSTHOOK: Lineage: outputtbl1_n5.cnt EXPRESSION [(t1_n6)t1_n6.null, ]
POSTHOOK: Lineage: outputtbl1_n5.key SIMPLE [(t1_n6)t1_n6.FieldSchema(name:key, type:string, comment:null), ]
POSTHOOK: Lineage: outputtbl1_n5.val SIMPLE [(t1_n6)t1_n6.FieldSchema(name:val, type:string, comment:null), ]
PREHOOK: query: SELECT * FROM outputTbl1_n5
PREHOOK: type: QUERY
PREHOOK: Input: default@outputtbl1_n5
#### A masked pattern was here ####
POSTHOOK: query: SELECT * FROM outputTbl1_n5
POSTHOOK: type: QUERY
POSTHOOK: Input: default@outputtbl1_n5
#### A masked pattern was here ####
1	11	1
2	12	1
3	13	1
7	17	1
8	18	1
8	28	1
PREHOOK: query: DROP TABLE T1_n6
PREHOOK: type: DROPTABLE
PREHOOK: Input: default@t1_n6
PREHOOK: Output: default@t1_n6
POSTHOOK: query: DROP TABLE T1_n6
POSTHOOK: type: DROPTABLE
POSTHOOK: Input: default@t1_n6
POSTHOOK: Output: default@t1_n6
PREHOOK: query: CREATE TABLE T1_n6(key STRING, val STRING)
CLUSTERED BY (val, key) SORTED BY (key, val) INTO 2 BUCKETS STORED AS TEXTFILE
PREHOOK: type: CREATETABLE
PREHOOK: Output: database:default
PREHOOK: Output: default@T1_n6
POSTHOOK: query: CREATE TABLE T1_n6(key STRING, val STRING)
CLUSTERED BY (val, key) SORTED BY (key, val) INTO 2 BUCKETS STORED AS TEXTFILE
POSTHOOK: type: CREATETABLE
POSTHOOK: Output: database:default
POSTHOOK: Output: default@T1_n6
PREHOOK: query: LOAD DATA LOCAL INPATH '../../data/files/bucket_files/000000_0' INTO TABLE T1_n6
PREHOOK: type: LOAD
#### A masked pattern was here ####
PREHOOK: Output: default@t1_n6
POSTHOOK: query: LOAD DATA LOCAL INPATH '../../data/files/bucket_files/000000_0' INTO TABLE T1_n6
POSTHOOK: type: LOAD
#### A masked pattern was here ####
POSTHOOK: Output: default@t1_n6
PREHOOK: query: INSERT OVERWRITE TABLE T1_n6 select key, val from T1_n6
PREHOOK: type: QUERY
PREHOOK: Input: default@t1_n6
PREHOOK: Output: default@t1_n6
POSTHOOK: query: INSERT OVERWRITE TABLE T1_n6 select key, val from T1_n6
POSTHOOK: type: QUERY
POSTHOOK: Input: default@t1_n6
POSTHOOK: Output: default@t1_n6
POSTHOOK: Lineage: t1_n6.key SIMPLE [(t1_n6)t1_n6.FieldSchema(name:key, type:string, comment:null), ]
POSTHOOK: Lineage: t1_n6.val SIMPLE [(t1_n6)t1_n6.FieldSchema(name:val, type:string, comment:null), ]
PREHOOK: query: EXPLAIN
INSERT OVERWRITE TABLE outputTbl1_n5
SELECT key, val, count(1) FROM T1_n6 GROUP BY key, val
PREHOOK: type: QUERY
POSTHOOK: query: EXPLAIN
INSERT OVERWRITE TABLE outputTbl1_n5
SELECT key, val, count(1) FROM T1_n6 GROUP BY key, val
POSTHOOK: type: QUERY
STAGE DEPENDENCIES:
  Stage-1 is a root stage
  Stage-7 depends on stages: Stage-1 , consists of Stage-4, Stage-3, Stage-5
  Stage-4
  Stage-0 depends on stages: Stage-4, Stage-3, Stage-6
  Stage-2 depends on stages: Stage-0
  Stage-3
  Stage-5
  Stage-6 depends on stages: Stage-5

STAGE PLANS:
  Stage: Stage-1
    Map Reduce
      Map Operator Tree:
          TableScan
            alias: t1_n6
            Statistics: Num rows: 6 Data size: 24 Basic stats: COMPLETE Column stats: NONE
            Select Operator
              expressions: key (type: string), val (type: string)
              outputColumnNames: key, val
              Statistics: Num rows: 6 Data size: 24 Basic stats: COMPLETE Column stats: NONE
              Group By Operator
                aggregations: count()
                keys: key (type: string), val (type: string)
                mode: final
                outputColumnNames: _col0, _col1, _col2
                Statistics: Num rows: 3 Data size: 12 Basic stats: COMPLETE Column stats: NONE
                Select Operator
                  expressions: _col0 (type: string), _col1 (type: string), UDFToInteger(_col2) (type: int)
                  outputColumnNames: _col0, _col1, _col2
                  Statistics: Num rows: 3 Data size: 12 Basic stats: COMPLETE Column stats: NONE
                  File Output Operator
                    compressed: false
                    Statistics: Num rows: 3 Data size: 12 Basic stats: COMPLETE Column stats: NONE
                    table:
                        input format: org.apache.hadoop.mapred.TextInputFormat
                        output format: org.apache.hadoop.hive.ql.io.HiveIgnoreKeyTextOutputFormat
                        serde: org.apache.hadoop.hive.serde2.lazy.LazySimpleSerDe
                        name: default.outputtbl1_n5
                  Select Operator
                    expressions: _col0 (type: string), _col1 (type: string), _col2 (type: int)
                    outputColumnNames: key, val, cnt
                    Statistics: Num rows: 3 Data size: 12 Basic stats: COMPLETE Column stats: NONE
                    Group By Operator
                      aggregations: compute_stats(key, 'hll'), compute_stats(val, 'hll'), compute_stats(cnt, 'hll')
                      mode: hash
                      outputColumnNames: _col0, _col1, _col2
                      Statistics: Num rows: 1 Data size: 1304 Basic stats: COMPLETE Column stats: NONE
                      Reduce Output Operator
                        sort order: 
                        Statistics: Num rows: 1 Data size: 1304 Basic stats: COMPLETE Column stats: NONE
                        value expressions: _col0 (type: struct<columntype:string,maxlength:bigint,sumlength:bigint,count:bigint,countnulls:bigint,bitvector:binary>), _col1 (type: struct<columntype:string,maxlength:bigint,sumlength:bigint,count:bigint,countnulls:bigint,bitvector:binary>), _col2 (type: struct<columntype:string,min:bigint,max:bigint,countnulls:bigint,bitvector:binary>)
      Reduce Operator Tree:
        Group By Operator
          aggregations: compute_stats(VALUE._col0), compute_stats(VALUE._col1), compute_stats(VALUE._col2)
          mode: mergepartial
          outputColumnNames: _col0, _col1, _col2
          Statistics: Num rows: 1 Data size: 1320 Basic stats: COMPLETE Column stats: NONE
          File Output Operator
            compressed: false
            Statistics: Num rows: 1 Data size: 1320 Basic stats: COMPLETE Column stats: NONE
            table:
                input format: org.apache.hadoop.mapred.SequenceFileInputFormat
                output format: org.apache.hadoop.hive.ql.io.HiveSequenceFileOutputFormat
                serde: org.apache.hadoop.hive.serde2.lazy.LazySimpleSerDe

  Stage: Stage-7
    Conditional Operator

  Stage: Stage-4
    Move Operator
      files:
          hdfs directory: true
#### A masked pattern was here ####

  Stage: Stage-0
    Move Operator
      tables:
          replace: true
          table:
              input format: org.apache.hadoop.mapred.TextInputFormat
              output format: org.apache.hadoop.hive.ql.io.HiveIgnoreKeyTextOutputFormat
              serde: org.apache.hadoop.hive.serde2.lazy.LazySimpleSerDe
              name: default.outputtbl1_n5

  Stage: Stage-2
    Stats Work
      Basic Stats Work:
      Column Stats Desc:
          Columns: key, val, cnt
          Column Types: string, string, int
          Table: default.outputtbl1_n5

  Stage: Stage-3
    Map Reduce
      Map Operator Tree:
          TableScan
            File Output Operator
              compressed: false
              table:
                  input format: org.apache.hadoop.mapred.TextInputFormat
                  output format: org.apache.hadoop.hive.ql.io.HiveIgnoreKeyTextOutputFormat
                  serde: org.apache.hadoop.hive.serde2.lazy.LazySimpleSerDe
                  name: default.outputtbl1_n5

  Stage: Stage-5
    Map Reduce
      Map Operator Tree:
          TableScan
            File Output Operator
              compressed: false
              table:
                  input format: org.apache.hadoop.mapred.TextInputFormat
                  output format: org.apache.hadoop.hive.ql.io.HiveIgnoreKeyTextOutputFormat
                  serde: org.apache.hadoop.hive.serde2.lazy.LazySimpleSerDe
                  name: default.outputtbl1_n5

  Stage: Stage-6
    Move Operator
      files:
          hdfs directory: true
#### A masked pattern was here ####

PREHOOK: query: INSERT OVERWRITE TABLE outputTbl1_n5
SELECT key, val, count(1) FROM T1_n6 GROUP BY key, val
PREHOOK: type: QUERY
PREHOOK: Input: default@t1_n6
PREHOOK: Output: default@outputtbl1_n5
POSTHOOK: query: INSERT OVERWRITE TABLE outputTbl1_n5
SELECT key, val, count(1) FROM T1_n6 GROUP BY key, val
POSTHOOK: type: QUERY
POSTHOOK: Input: default@t1_n6
POSTHOOK: Output: default@outputtbl1_n5
POSTHOOK: Lineage: outputtbl1_n5.cnt EXPRESSION [(t1_n6)t1_n6.null, ]
POSTHOOK: Lineage: outputtbl1_n5.key SIMPLE [(t1_n6)t1_n6.FieldSchema(name:key, type:string, comment:null), ]
POSTHOOK: Lineage: outputtbl1_n5.val SIMPLE [(t1_n6)t1_n6.FieldSchema(name:val, type:string, comment:null), ]
PREHOOK: query: SELECT * FROM outputTbl1_n5
PREHOOK: type: QUERY
PREHOOK: Input: default@outputtbl1_n5
#### A masked pattern was here ####
POSTHOOK: query: SELECT * FROM outputTbl1_n5
POSTHOOK: type: QUERY
POSTHOOK: Input: default@outputtbl1_n5
#### A masked pattern was here ####
1	11	1
2	12	1
3	13	1
7	17	1
8	18	1
8	28	1
PREHOOK: query: DROP TABLE T1_n6
PREHOOK: type: DROPTABLE
PREHOOK: Input: default@t1_n6
PREHOOK: Output: default@t1_n6
POSTHOOK: query: DROP TABLE T1_n6
POSTHOOK: type: DROPTABLE
POSTHOOK: Input: default@t1_n6
POSTHOOK: Output: default@t1_n6
PREHOOK: query: CREATE TABLE T1_n6(key STRING, val STRING)
CLUSTERED BY (val) SORTED BY (key) INTO 2 BUCKETS STORED AS TEXTFILE
PREHOOK: type: CREATETABLE
PREHOOK: Output: database:default
PREHOOK: Output: default@T1_n6
POSTHOOK: query: CREATE TABLE T1_n6(key STRING, val STRING)
CLUSTERED BY (val) SORTED BY (key) INTO 2 BUCKETS STORED AS TEXTFILE
POSTHOOK: type: CREATETABLE
POSTHOOK: Output: database:default
POSTHOOK: Output: default@T1_n6
PREHOOK: query: LOAD DATA LOCAL INPATH '../../data/files/bucket_files/000000_0' INTO TABLE T1_n6
PREHOOK: type: LOAD
#### A masked pattern was here ####
PREHOOK: Output: default@t1_n6
POSTHOOK: query: LOAD DATA LOCAL INPATH '../../data/files/bucket_files/000000_0' INTO TABLE T1_n6
POSTHOOK: type: LOAD
#### A masked pattern was here ####
POSTHOOK: Output: default@t1_n6
PREHOOK: query: INSERT OVERWRITE TABLE T1_n6 select key, val from T1_n6
PREHOOK: type: QUERY
PREHOOK: Input: default@t1_n6
PREHOOK: Output: default@t1_n6
POSTHOOK: query: INSERT OVERWRITE TABLE T1_n6 select key, val from T1_n6
POSTHOOK: type: QUERY
POSTHOOK: Input: default@t1_n6
POSTHOOK: Output: default@t1_n6
POSTHOOK: Lineage: t1_n6.key SIMPLE [(t1_n6)t1_n6.FieldSchema(name:key, type:string, comment:null), ]
POSTHOOK: Lineage: t1_n6.val SIMPLE [(t1_n6)t1_n6.FieldSchema(name:val, type:string, comment:null), ]
PREHOOK: query: CREATE TABLE outputTbl2_n1(key STRING, cnt INT)
PREHOOK: type: CREATETABLE
PREHOOK: Output: database:default
PREHOOK: Output: default@outputTbl2_n1
POSTHOOK: query: CREATE TABLE outputTbl2_n1(key STRING, cnt INT)
POSTHOOK: type: CREATETABLE
POSTHOOK: Output: database:default
POSTHOOK: Output: default@outputTbl2_n1
PREHOOK: query: EXPLAIN
INSERT OVERWRITE TABLE outputTbl2_n1
SELECT key, count(1) FROM T1_n6 GROUP BY key
PREHOOK: type: QUERY
POSTHOOK: query: EXPLAIN
INSERT OVERWRITE TABLE outputTbl2_n1
SELECT key, count(1) FROM T1_n6 GROUP BY key
POSTHOOK: type: QUERY
STAGE DEPENDENCIES:
  Stage-1 is a root stage
  Stage-0 depends on stages: Stage-1
  Stage-2 depends on stages: Stage-0, Stage-3
  Stage-3 depends on stages: Stage-1

STAGE PLANS:
  Stage: Stage-1
    Map Reduce
      Map Operator Tree:
          TableScan
            alias: t1_n6
            Statistics: Num rows: 6 Data size: 24 Basic stats: COMPLETE Column stats: NONE
            Select Operator
              expressions: key (type: string)
              outputColumnNames: key
              Statistics: Num rows: 6 Data size: 24 Basic stats: COMPLETE Column stats: NONE
              Group By Operator
                aggregations: count()
                bucketGroup: true
                keys: key (type: string)
                mode: hash
                outputColumnNames: _col0, _col1
                Statistics: Num rows: 6 Data size: 24 Basic stats: COMPLETE Column stats: NONE
                Reduce Output Operator
                  key expressions: _col0 (type: string)
                  sort order: +
                  Map-reduce partition columns: _col0 (type: string)
                  Statistics: Num rows: 6 Data size: 24 Basic stats: COMPLETE Column stats: NONE
                  value expressions: _col1 (type: bigint)
      Execution mode: vectorized
      Reduce Operator Tree:
        Group By Operator
          aggregations: count(VALUE._col0)
          keys: KEY._col0 (type: string)
          mode: mergepartial
          outputColumnNames: _col0, _col1
          Statistics: Num rows: 3 Data size: 12 Basic stats: COMPLETE Column stats: NONE
          Select Operator
            expressions: _col0 (type: string), UDFToInteger(_col1) (type: int)
            outputColumnNames: _col0, _col1
            Statistics: Num rows: 3 Data size: 12 Basic stats: COMPLETE Column stats: NONE
            File Output Operator
              compressed: false
              Statistics: Num rows: 3 Data size: 12 Basic stats: COMPLETE Column stats: NONE
              table:
                  input format: org.apache.hadoop.mapred.TextInputFormat
                  output format: org.apache.hadoop.hive.ql.io.HiveIgnoreKeyTextOutputFormat
                  serde: org.apache.hadoop.hive.serde2.lazy.LazySimpleSerDe
                  name: default.outputtbl2_n1
            Select Operator
              expressions: _col0 (type: string), _col1 (type: int)
              outputColumnNames: key, cnt
              Statistics: Num rows: 3 Data size: 12 Basic stats: COMPLETE Column stats: NONE
              Group By Operator
                aggregations: compute_stats(key, 'hll'), compute_stats(cnt, 'hll')
                mode: hash
                outputColumnNames: _col0, _col1
                Statistics: Num rows: 1 Data size: 864 Basic stats: COMPLETE Column stats: NONE
                File Output Operator
                  compressed: false
                  table:
                      input format: org.apache.hadoop.mapred.SequenceFileInputFormat
                      output format: org.apache.hadoop.hive.ql.io.HiveSequenceFileOutputFormat
                      serde: org.apache.hadoop.hive.serde2.lazybinary.LazyBinarySerDe

  Stage: Stage-0
    Move Operator
      tables:
          replace: true
          table:
              input format: org.apache.hadoop.mapred.TextInputFormat
              output format: org.apache.hadoop.hive.ql.io.HiveIgnoreKeyTextOutputFormat
              serde: org.apache.hadoop.hive.serde2.lazy.LazySimpleSerDe
              name: default.outputtbl2_n1

  Stage: Stage-2
    Stats Work
      Basic Stats Work:
      Column Stats Desc:
          Columns: key, cnt
          Column Types: string, int
          Table: default.outputtbl2_n1

  Stage: Stage-3
    Map Reduce
      Map Operator Tree:
          TableScan
            Reduce Output Operator
              sort order: 
              Statistics: Num rows: 1 Data size: 864 Basic stats: COMPLETE Column stats: NONE
              value expressions: _col0 (type: struct<columntype:string,maxlength:bigint,sumlength:bigint,count:bigint,countnulls:bigint,bitvector:binary>), _col1 (type: struct<columntype:string,min:bigint,max:bigint,countnulls:bigint,bitvector:binary>)
      Execution mode: vectorized
      Reduce Operator Tree:
        Group By Operator
          aggregations: compute_stats(VALUE._col0), compute_stats(VALUE._col1)
          mode: mergepartial
          outputColumnNames: _col0, _col1
          Statistics: Num rows: 1 Data size: 880 Basic stats: COMPLETE Column stats: NONE
          File Output Operator
            compressed: false
            Statistics: Num rows: 1 Data size: 880 Basic stats: COMPLETE Column stats: NONE
            table:
                input format: org.apache.hadoop.mapred.SequenceFileInputFormat
                output format: org.apache.hadoop.hive.ql.io.HiveSequenceFileOutputFormat
                serde: org.apache.hadoop.hive.serde2.lazy.LazySimpleSerDe

PREHOOK: query: INSERT OVERWRITE TABLE outputTbl2_n1
SELECT key, count(1) FROM T1_n6 GROUP BY key
PREHOOK: type: QUERY
PREHOOK: Input: default@t1_n6
PREHOOK: Output: default@outputtbl2_n1
POSTHOOK: query: INSERT OVERWRITE TABLE outputTbl2_n1
SELECT key, count(1) FROM T1_n6 GROUP BY key
POSTHOOK: type: QUERY
POSTHOOK: Input: default@t1_n6
POSTHOOK: Output: default@outputtbl2_n1
POSTHOOK: Lineage: outputtbl2_n1.cnt EXPRESSION [(t1_n6)t1_n6.null, ]
POSTHOOK: Lineage: outputtbl2_n1.key SIMPLE [(t1_n6)t1_n6.FieldSchema(name:key, type:string, comment:null), ]
PREHOOK: query: SELECT * FROM outputTbl2_n1
PREHOOK: type: QUERY
PREHOOK: Input: default@outputtbl2_n1
#### A masked pattern was here ####
POSTHOOK: query: SELECT * FROM outputTbl2_n1
POSTHOOK: type: QUERY
POSTHOOK: Input: default@outputtbl2_n1
#### A masked pattern was here ####
1	1
2	1
3	1
7	1
8	2
PREHOOK: query: DROP TABLE T1_n6
PREHOOK: type: DROPTABLE
PREHOOK: Input: default@t1_n6
PREHOOK: Output: default@t1_n6
POSTHOOK: query: DROP TABLE T1_n6
POSTHOOK: type: DROPTABLE
POSTHOOK: Input: default@t1_n6
POSTHOOK: Output: default@t1_n6
