PREHOOK: query: CREATE TABLE T1(key INT, value INT) STORED AS TEXTFILE
PREHOOK: type: CREATETABLE
PREHOOK: Output: database:default
PREHOOK: Output: default@T1
POSTHOOK: query: CREATE TABLE T1(key INT, value INT) STORED AS TEXTFILE
POSTHOOK: type: CREATETABLE
POSTHOOK: Output: database:default
POSTHOOK: Output: default@T1
PREHOOK: query: LOAD DATA LOCAL INPATH '../../data/files/groupby_groupingid.txt' INTO TABLE T1
PREHOOK: type: LOAD
#### A masked pattern was here ####
PREHOOK: Output: default@t1
POSTHOOK: query: LOAD DATA LOCAL INPATH '../../data/files/groupby_groupingid.txt' INTO TABLE T1
POSTHOOK: type: LOAD
#### A masked pattern was here ####
POSTHOOK: Output: default@t1
PREHOOK: query: EXPLAIN
SELECT key, value, GROUPING__ID, count(*)
FROM T1
GROUP BY key, value
GROUPING SETS ((), (key))
HAVING GROUPING__ID = 1
PREHOOK: type: QUERY
POSTHOOK: query: EXPLAIN
SELECT key, value, GROUPING__ID, count(*)
FROM T1
GROUP BY key, value
GROUPING SETS ((), (key))
HAVING GROUPING__ID = 1
POSTHOOK: type: QUERY
STAGE DEPENDENCIES:
  Stage-1 is a root stage
  Stage-0 depends on stages: Stage-1

STAGE PLANS:
  Stage: Stage-1
    Map Reduce
      Map Operator Tree:
          TableScan
            alias: t1
            Statistics: Num rows: 1 Data size: 300 Basic stats: COMPLETE Column stats: NONE
            Select Operator
              expressions: key (type: int), value (type: int)
              outputColumnNames: key, value
              Statistics: Num rows: 1 Data size: 300 Basic stats: COMPLETE Column stats: NONE
              Group By Operator
                aggregations: count()
                keys: key (type: int), value (type: int), 0L (type: bigint)
                mode: hash
                outputColumnNames: _col0, _col1, _col2, _col3
                Statistics: Num rows: 2 Data size: 600 Basic stats: COMPLETE Column stats: NONE
                Filter Operator
                  predicate: (_col2 = 1L) (type: boolean)
                  Statistics: Num rows: 1 Data size: 300 Basic stats: COMPLETE Column stats: NONE
                  Reduce Output Operator
                    key expressions: _col0 (type: int), _col1 (type: int), 1L (type: bigint)
                    sort order: +++
                    Map-reduce partition columns: _col0 (type: int), _col1 (type: int), 1L (type: bigint)
                    Statistics: Num rows: 1 Data size: 300 Basic stats: COMPLETE Column stats: NONE
                    value expressions: _col3 (type: bigint)
      Reduce Operator Tree:
        Group By Operator
          aggregations: count(VALUE._col0)
          keys: KEY._col0 (type: int), KEY._col1 (type: int), 1L (type: bigint)
          mode: mergepartial
          outputColumnNames: _col0, _col1, _col3
          Statistics: Num rows: 1 Data size: 300 Basic stats: COMPLETE Column stats: NONE
          pruneGroupingSetId: true
          Select Operator
            expressions: _col0 (type: int), _col1 (type: int), 1L (type: bigint), _col3 (type: bigint)
            outputColumnNames: _col0, _col1, _col2, _col3
            Statistics: Num rows: 1 Data size: 300 Basic stats: COMPLETE Column stats: NONE
            File Output Operator
              compressed: false
              Statistics: Num rows: 1 Data size: 300 Basic stats: COMPLETE Column stats: NONE
              table:
                  input format: org.apache.hadoop.mapred.SequenceFileInputFormat
                  output format: org.apache.hadoop.hive.ql.io.HiveSequenceFileOutputFormat
                  serde: org.apache.hadoop.hive.serde2.lazy.LazySimpleSerDe

  Stage: Stage-0
    Fetch Operator
      limit: -1
      Processor Tree:
        ListSink

PREHOOK: query: SELECT key, value, GROUPING__ID, count(*)
FROM T1
GROUP BY key, value
GROUPING SETS ((), (key))
HAVING GROUPING__ID = 1
PREHOOK: type: QUERY
PREHOOK: Input: default@t1
#### A masked pattern was here ####
POSTHOOK: query: SELECT key, value, GROUPING__ID, count(*)
FROM T1
GROUP BY key, value
GROUPING SETS ((), (key))
HAVING GROUPING__ID = 1
POSTHOOK: type: QUERY
POSTHOOK: Input: default@t1
#### A masked pattern was here ####
1	NULL	1	2
2	NULL	1	1
3	NULL	1	2
4	NULL	1	1
PREHOOK: query: EXPLAIN
SELECT key, value, GROUPING__ID, count(*)
FROM T1
GROUP BY key, value
GROUPING SETS ((), (key))
HAVING GROUPING__ID = 1
PREHOOK: type: QUERY
POSTHOOK: query: EXPLAIN
SELECT key, value, GROUPING__ID, count(*)
FROM T1
GROUP BY key, value
GROUPING SETS ((), (key))
HAVING GROUPING__ID = 1
POSTHOOK: type: QUERY
STAGE DEPENDENCIES:
  Stage-1 is a root stage
  Stage-0 depends on stages: Stage-1

STAGE PLANS:
  Stage: Stage-1
    Map Reduce
      Map Operator Tree:
          TableScan
            alias: t1
            Statistics: Num rows: 1 Data size: 300 Basic stats: COMPLETE Column stats: NONE
            Select Operator
              expressions: key (type: int), value (type: int)
              outputColumnNames: _col0, _col1
              Statistics: Num rows: 1 Data size: 300 Basic stats: COMPLETE Column stats: NONE
              Group By Operator
                aggregations: count()
                keys: _col0 (type: int), _col1 (type: int), 0L (type: bigint)
                mode: hash
                outputColumnNames: _col0, _col1, _col2, _col3
                Statistics: Num rows: 2 Data size: 600 Basic stats: COMPLETE Column stats: NONE
                Reduce Output Operator
                  key expressions: _col0 (type: int), _col1 (type: int), _col2 (type: bigint)
                  sort order: +++
                  Map-reduce partition columns: _col0 (type: int), _col1 (type: int), _col2 (type: bigint)
                  Statistics: Num rows: 2 Data size: 600 Basic stats: COMPLETE Column stats: NONE
                  value expressions: _col3 (type: bigint)
      Reduce Operator Tree:
        Group By Operator
          aggregations: count(VALUE._col0)
          keys: KEY._col0 (type: int), KEY._col1 (type: int), KEY._col2 (type: bigint)
          mode: mergepartial
          outputColumnNames: _col0, _col1, _col2, _col3
          Statistics: Num rows: 1 Data size: 300 Basic stats: COMPLETE Column stats: NONE
          Filter Operator
            predicate: (_col2 = 1L) (type: boolean)
            Statistics: Num rows: 1 Data size: 300 Basic stats: COMPLETE Column stats: NONE
            Select Operator
              expressions: _col0 (type: int), _col1 (type: int), 1L (type: bigint), _col3 (type: bigint)
              outputColumnNames: _col0, _col1, _col2, _col3
              Statistics: Num rows: 1 Data size: 300 Basic stats: COMPLETE Column stats: NONE
              File Output Operator
                compressed: false
                Statistics: Num rows: 1 Data size: 300 Basic stats: COMPLETE Column stats: NONE
                table:
                    input format: org.apache.hadoop.mapred.SequenceFileInputFormat
                    output format: org.apache.hadoop.hive.ql.io.HiveSequenceFileOutputFormat
                    serde: org.apache.hadoop.hive.serde2.lazy.LazySimpleSerDe

  Stage: Stage-0
    Fetch Operator
      limit: -1
      Processor Tree:
        ListSink

PREHOOK: query: SELECT key, value, GROUPING__ID, count(*)
FROM T1
GROUP BY key, value
GROUPING SETS ((), (key))
HAVING GROUPING__ID = 1
PREHOOK: type: QUERY
PREHOOK: Input: default@t1
#### A masked pattern was here ####
POSTHOOK: query: SELECT key, value, GROUPING__ID, count(*)
FROM T1
GROUP BY key, value
GROUPING SETS ((), (key))
HAVING GROUPING__ID = 1
POSTHOOK: type: QUERY
POSTHOOK: Input: default@t1
#### A masked pattern was here ####
1	NULL	1	2
2	NULL	1	1
3	NULL	1	2
4	NULL	1	1
