PREHOOK: query: CREATE TABLE T1_n164(key STRING, val STRING)
CLUSTERED BY (key) SORTED BY (key) INTO 2 BUCKETS STORED AS TEXTFILE
PREHOOK: type: CREATETABLE
PREHOOK: Output: database:default
PREHOOK: Output: default@T1_n164
POSTHOOK: query: CREATE TABLE T1_n164(key STRING, val STRING)
CLUSTERED BY (key) SORTED BY (key) INTO 2 BUCKETS STORED AS TEXTFILE
POSTHOOK: type: CREATETABLE
POSTHOOK: Output: database:default
POSTHOOK: Output: default@T1_n164
PREHOOK: query: LOAD DATA LOCAL INPATH '../../data/files/bucket_files/000000_0' INTO TABLE T1_n164
PREHOOK: type: LOAD
#### A masked pattern was here ####
PREHOOK: Output: default@t1_n164
POSTHOOK: query: LOAD DATA LOCAL INPATH '../../data/files/bucket_files/000000_0' INTO TABLE T1_n164
POSTHOOK: type: LOAD
#### A masked pattern was here ####
POSTHOOK: Output: default@t1_n164
PREHOOK: query: INSERT OVERWRITE TABLE T1_n164 select key, val from T1_n164
PREHOOK: type: QUERY
PREHOOK: Input: default@t1_n164
PREHOOK: Output: default@t1_n164
POSTHOOK: query: INSERT OVERWRITE TABLE T1_n164 select key, val from T1_n164
POSTHOOK: type: QUERY
POSTHOOK: Input: default@t1_n164
POSTHOOK: Output: default@t1_n164
POSTHOOK: Lineage: t1_n164.key SIMPLE [(t1_n164)t1_n164.FieldSchema(name:key, type:string, comment:null), ]
POSTHOOK: Lineage: t1_n164.val SIMPLE [(t1_n164)t1_n164.FieldSchema(name:val, type:string, comment:null), ]
PREHOOK: query: CREATE TABLE outputTbl1_n35(key int, cnt int)
PREHOOK: type: CREATETABLE
PREHOOK: Output: database:default
PREHOOK: Output: default@outputTbl1_n35
POSTHOOK: query: CREATE TABLE outputTbl1_n35(key int, cnt int)
POSTHOOK: type: CREATETABLE
POSTHOOK: Output: database:default
POSTHOOK: Output: default@outputTbl1_n35
PREHOOK: query: EXPLAIN
INSERT OVERWRITE TABLE outputTbl1_n35
SELECT key, count(1) FROM T1_n164 GROUP BY key
PREHOOK: type: QUERY
PREHOOK: Input: default@t1_n164
PREHOOK: Output: default@outputtbl1_n35
POSTHOOK: query: EXPLAIN
INSERT OVERWRITE TABLE outputTbl1_n35
SELECT key, count(1) FROM T1_n164 GROUP BY key
POSTHOOK: type: QUERY
POSTHOOK: Input: default@t1_n164
POSTHOOK: Output: default@outputtbl1_n35
STAGE DEPENDENCIES:
  Stage-1 is a root stage
  Stage-7 depends on stages: Stage-1 , consists of Stage-4, Stage-3, Stage-5
  Stage-4
  Stage-0 depends on stages: Stage-4, Stage-3, Stage-6
  Stage-2 depends on stages: Stage-0
  Stage-3
  Stage-5
  Stage-6 depends on stages: Stage-5

STAGE PLANS:
  Stage: Stage-1
    Map Reduce
      Map Operator Tree:
          TableScan
            alias: t1_n164
            Statistics: Num rows: 6 Data size: 24 Basic stats: COMPLETE Column stats: NONE
            Select Operator
              expressions: key (type: string)
              outputColumnNames: key
              Statistics: Num rows: 6 Data size: 24 Basic stats: COMPLETE Column stats: NONE
              Group By Operator
                aggregations: count()
                keys: key (type: string)
                mode: final
                outputColumnNames: _col0, _col1
                Statistics: Num rows: 3 Data size: 12 Basic stats: COMPLETE Column stats: NONE
                Select Operator
                  expressions: UDFToInteger(_col0) (type: int), UDFToInteger(_col1) (type: int)
                  outputColumnNames: _col0, _col1
                  Statistics: Num rows: 3 Data size: 12 Basic stats: COMPLETE Column stats: NONE
                  File Output Operator
                    compressed: false
                    Statistics: Num rows: 3 Data size: 12 Basic stats: COMPLETE Column stats: NONE
                    table:
                        input format: org.apache.hadoop.mapred.TextInputFormat
                        output format: org.apache.hadoop.hive.ql.io.HiveIgnoreKeyTextOutputFormat
                        serde: org.apache.hadoop.hive.serde2.lazy.LazySimpleSerDe
                        name: default.outputtbl1_n35
                  Select Operator
                    expressions: _col0 (type: int), _col1 (type: int)
                    outputColumnNames: key, cnt
                    Statistics: Num rows: 3 Data size: 12 Basic stats: COMPLETE Column stats: NONE
                    Group By Operator
                      aggregations: compute_stats(key, 'hll'), compute_stats(cnt, 'hll')
                      mode: hash
                      outputColumnNames: _col0, _col1
                      Statistics: Num rows: 1 Data size: 848 Basic stats: COMPLETE Column stats: NONE
                      Reduce Output Operator
                        sort order: 
                        Statistics: Num rows: 1 Data size: 848 Basic stats: COMPLETE Column stats: NONE
                        value expressions: _col0 (type: struct<columntype:string,min:bigint,max:bigint,countnulls:bigint,bitvector:binary>), _col1 (type: struct<columntype:string,min:bigint,max:bigint,countnulls:bigint,bitvector:binary>)
      Reduce Operator Tree:
        Group By Operator
          aggregations: compute_stats(VALUE._col0), compute_stats(VALUE._col1)
          mode: mergepartial
          outputColumnNames: _col0, _col1
          Statistics: Num rows: 1 Data size: 880 Basic stats: COMPLETE Column stats: NONE
          File Output Operator
            compressed: false
            Statistics: Num rows: 1 Data size: 880 Basic stats: COMPLETE Column stats: NONE
            table:
                input format: org.apache.hadoop.mapred.SequenceFileInputFormat
                output format: org.apache.hadoop.hive.ql.io.HiveSequenceFileOutputFormat
                serde: org.apache.hadoop.hive.serde2.lazy.LazySimpleSerDe

  Stage: Stage-7
    Conditional Operator

  Stage: Stage-4
    Move Operator
      files:
          hdfs directory: true
#### A masked pattern was here ####

  Stage: Stage-0
    Move Operator
      tables:
          replace: true
          table:
              input format: org.apache.hadoop.mapred.TextInputFormat
              output format: org.apache.hadoop.hive.ql.io.HiveIgnoreKeyTextOutputFormat
              serde: org.apache.hadoop.hive.serde2.lazy.LazySimpleSerDe
              name: default.outputtbl1_n35

  Stage: Stage-2
    Stats Work
      Basic Stats Work:
      Column Stats Desc:
          Columns: key, cnt
          Column Types: int, int
          Table: default.outputtbl1_n35

  Stage: Stage-3
    Map Reduce
      Map Operator Tree:
          TableScan
            File Output Operator
              compressed: false
              table:
                  input format: org.apache.hadoop.mapred.TextInputFormat
                  output format: org.apache.hadoop.hive.ql.io.HiveIgnoreKeyTextOutputFormat
                  serde: org.apache.hadoop.hive.serde2.lazy.LazySimpleSerDe
                  name: default.outputtbl1_n35

  Stage: Stage-5
    Map Reduce
      Map Operator Tree:
          TableScan
            File Output Operator
              compressed: false
              table:
                  input format: org.apache.hadoop.mapred.TextInputFormat
                  output format: org.apache.hadoop.hive.ql.io.HiveIgnoreKeyTextOutputFormat
                  serde: org.apache.hadoop.hive.serde2.lazy.LazySimpleSerDe
                  name: default.outputtbl1_n35

  Stage: Stage-6
    Move Operator
      files:
          hdfs directory: true
#### A masked pattern was here ####

