PREHOOK: query: create table t1_n21 like src
PREHOOK: type: CREATETABLE
PREHOOK: Output: database:default
PREHOOK: Output: default@t1_n21
POSTHOOK: query: create table t1_n21 like src
POSTHOOK: type: CREATETABLE
POSTHOOK: Output: database:default
POSTHOOK: Output: default@t1_n21
PREHOOK: query: create table t2_n13 like src
PREHOOK: type: CREATETABLE
PREHOOK: Output: database:default
PREHOOK: Output: default@t2_n13
POSTHOOK: query: create table t2_n13 like src
POSTHOOK: type: CREATETABLE
POSTHOOK: Output: database:default
POSTHOOK: Output: default@t2_n13
PREHOOK: query: explain from src
insert into table t1_n21 select
key, GROUPING__ID
group by cube(key, value)
insert into table t2_n13 select
key, value
group by key, value grouping sets ((key), (key, value))
PREHOOK: type: QUERY
POSTHOOK: query: explain from src
insert into table t1_n21 select
key, GROUPING__ID
group by cube(key, value)
insert into table t2_n13 select
key, value
group by key, value grouping sets ((key), (key, value))
POSTHOOK: type: QUERY
STAGE DEPENDENCIES:
  Stage-2 is a root stage
  Stage-0 depends on stages: Stage-2
  Stage-3 depends on stages: Stage-0, Stage-4, Stage-7
  Stage-4 depends on stages: Stage-2
  Stage-6 depends on stages: Stage-1, Stage-4, Stage-7
  Stage-5 depends on stages: Stage-2
  Stage-1 depends on stages: Stage-5
  Stage-7 depends on stages: Stage-5

STAGE PLANS:
  Stage: Stage-2
    Map Reduce
      Map Operator Tree:
          TableScan
            alias: src
            Statistics: Num rows: 500 Data size: 5312 Basic stats: COMPLETE Column stats: NONE
            Select Operator
              expressions: key (type: string), value (type: string)
              outputColumnNames: key, value
              Statistics: Num rows: 500 Data size: 5312 Basic stats: COMPLETE Column stats: NONE
              Group By Operator
                keys: key (type: string), value (type: string), 0L (type: bigint)
                mode: hash
                outputColumnNames: _col0, _col1, _col2
                Statistics: Num rows: 2000 Data size: 21248 Basic stats: COMPLETE Column stats: NONE
                Reduce Output Operator
                  key expressions: _col0 (type: string), _col1 (type: string), _col2 (type: bigint)
                  sort order: +++
                  Map-reduce partition columns: _col0 (type: string), _col1 (type: string), _col2 (type: bigint)
                  Statistics: Num rows: 2000 Data size: 21248 Basic stats: COMPLETE Column stats: NONE
            Select Operator
              expressions: key (type: string), value (type: string)
              outputColumnNames: key, value
              Statistics: Num rows: 500 Data size: 5312 Basic stats: COMPLETE Column stats: NONE
              Group By Operator
                keys: key (type: string), value (type: string), 0L (type: bigint)
                mode: hash
                outputColumnNames: _col0, _col1, _col2
                Statistics: Num rows: 1000 Data size: 10624 Basic stats: COMPLETE Column stats: NONE
                File Output Operator
                  compressed: false
                  table:
                      input format: org.apache.hadoop.mapred.SequenceFileInputFormat
                      output format: org.apache.hadoop.hive.ql.io.HiveSequenceFileOutputFormat
                      serde: org.apache.hadoop.hive.serde2.lazybinary.LazyBinarySerDe
      Execution mode: vectorized
      Reduce Operator Tree:
        Group By Operator
          keys: KEY._col0 (type: string), KEY._col1 (type: string), KEY._col2 (type: bigint)
          mode: mergepartial
          outputColumnNames: _col0, _col1, _col2
          Statistics: Num rows: 1000 Data size: 10624 Basic stats: COMPLETE Column stats: NONE
          Select Operator
            expressions: _col0 (type: string), CAST( _col2 AS STRING) (type: string)
            outputColumnNames: _col0, _col1
            Statistics: Num rows: 1000 Data size: 10624 Basic stats: COMPLETE Column stats: NONE
            File Output Operator
              compressed: false
              Statistics: Num rows: 1000 Data size: 10624 Basic stats: COMPLETE Column stats: NONE
              table:
                  input format: org.apache.hadoop.mapred.TextInputFormat
                  output format: org.apache.hadoop.hive.ql.io.HiveIgnoreKeyTextOutputFormat
                  serde: org.apache.hadoop.hive.serde2.lazy.LazySimpleSerDe
                  name: default.t1_n21
            Select Operator
              expressions: _col0 (type: string), _col1 (type: string)
              outputColumnNames: key, value
              Statistics: Num rows: 1000 Data size: 10624 Basic stats: COMPLETE Column stats: NONE
              Group By Operator
                aggregations: compute_stats(key, 'hll'), compute_stats(value, 'hll')
                mode: hash
                outputColumnNames: _col0, _col1
                Statistics: Num rows: 1 Data size: 880 Basic stats: COMPLETE Column stats: NONE
                File Output Operator
                  compressed: false
                  table:
                      input format: org.apache.hadoop.mapred.SequenceFileInputFormat
                      output format: org.apache.hadoop.hive.ql.io.HiveSequenceFileOutputFormat
                      serde: org.apache.hadoop.hive.serde2.lazybinary.LazyBinarySerDe

  Stage: Stage-0
    Move Operator
      tables:
          replace: false
          table:
              input format: org.apache.hadoop.mapred.TextInputFormat
              output format: org.apache.hadoop.hive.ql.io.HiveIgnoreKeyTextOutputFormat
              serde: org.apache.hadoop.hive.serde2.lazy.LazySimpleSerDe
              name: default.t1_n21

  Stage: Stage-3
    Stats Work
      Basic Stats Work:
      Column Stats Desc:
          Columns: key, value
          Column Types: string, string
          Table: default.t1_n21

  Stage: Stage-4
    Map Reduce
      Map Operator Tree:
          TableScan
            Reduce Output Operator
              sort order: 
              Statistics: Num rows: 1 Data size: 880 Basic stats: COMPLETE Column stats: NONE
              value expressions: _col0 (type: struct<columntype:string,maxlength:bigint,sumlength:bigint,count:bigint,countnulls:bigint,bitvector:binary>), _col1 (type: struct<columntype:string,maxlength:bigint,sumlength:bigint,count:bigint,countnulls:bigint,bitvector:binary>)
      Execution mode: vectorized
      Reduce Operator Tree:
        Group By Operator
          aggregations: compute_stats(VALUE._col0), compute_stats(VALUE._col1)
          mode: mergepartial
          outputColumnNames: _col0, _col1
          Statistics: Num rows: 1 Data size: 880 Basic stats: COMPLETE Column stats: NONE
          File Output Operator
            compressed: false
            Statistics: Num rows: 1 Data size: 880 Basic stats: COMPLETE Column stats: NONE
            table:
                input format: org.apache.hadoop.mapred.SequenceFileInputFormat
                output format: org.apache.hadoop.hive.ql.io.HiveSequenceFileOutputFormat
                serde: org.apache.hadoop.hive.serde2.lazy.LazySimpleSerDe

  Stage: Stage-6
    Stats Work
      Basic Stats Work:
      Column Stats Desc:
          Columns: key, value
          Column Types: string, string
          Table: default.t2_n13

  Stage: Stage-5
    Map Reduce
      Map Operator Tree:
          TableScan
            Reduce Output Operator
              key expressions: _col0 (type: string), _col1 (type: string), _col2 (type: bigint)
              sort order: +++
              Map-reduce partition columns: _col0 (type: string), _col1 (type: string), _col2 (type: bigint)
              Statistics: Num rows: 1000 Data size: 10624 Basic stats: COMPLETE Column stats: NONE
      Execution mode: vectorized
      Reduce Operator Tree:
        Group By Operator
          keys: KEY._col0 (type: string), KEY._col1 (type: string), KEY._col2 (type: bigint)
          mode: mergepartial
          outputColumnNames: _col0, _col1
          Statistics: Num rows: 500 Data size: 5312 Basic stats: COMPLETE Column stats: NONE
          pruneGroupingSetId: true
          File Output Operator
            compressed: false
            Statistics: Num rows: 500 Data size: 5312 Basic stats: COMPLETE Column stats: NONE
            table:
                input format: org.apache.hadoop.mapred.TextInputFormat
                output format: org.apache.hadoop.hive.ql.io.HiveIgnoreKeyTextOutputFormat
                serde: org.apache.hadoop.hive.serde2.lazy.LazySimpleSerDe
                name: default.t2_n13
          Select Operator
            expressions: _col0 (type: string), _col1 (type: string)
            outputColumnNames: key, value
            Statistics: Num rows: 500 Data size: 5312 Basic stats: COMPLETE Column stats: NONE
            Group By Operator
              aggregations: compute_stats(key, 'hll'), compute_stats(value, 'hll')
              mode: hash
              outputColumnNames: _col0, _col1
              Statistics: Num rows: 1 Data size: 880 Basic stats: COMPLETE Column stats: NONE
              File Output Operator
                compressed: false
                table:
                    input format: org.apache.hadoop.mapred.SequenceFileInputFormat
                    output format: org.apache.hadoop.hive.ql.io.HiveSequenceFileOutputFormat
                    serde: org.apache.hadoop.hive.serde2.lazybinary.LazyBinarySerDe

  Stage: Stage-1
    Move Operator
      tables:
          replace: false
          table:
              input format: org.apache.hadoop.mapred.TextInputFormat
              output format: org.apache.hadoop.hive.ql.io.HiveIgnoreKeyTextOutputFormat
              serde: org.apache.hadoop.hive.serde2.lazy.LazySimpleSerDe
              name: default.t2_n13

  Stage: Stage-7
    Map Reduce
      Map Operator Tree:
          TableScan
            Reduce Output Operator
              sort order: 
              Statistics: Num rows: 1 Data size: 880 Basic stats: COMPLETE Column stats: NONE
              value expressions: _col0 (type: struct<columntype:string,maxlength:bigint,sumlength:bigint,count:bigint,countnulls:bigint,bitvector:binary>), _col1 (type: struct<columntype:string,maxlength:bigint,sumlength:bigint,count:bigint,countnulls:bigint,bitvector:binary>)
      Execution mode: vectorized
      Reduce Operator Tree:
        Group By Operator
          aggregations: compute_stats(VALUE._col0), compute_stats(VALUE._col1)
          mode: mergepartial
          outputColumnNames: _col0, _col1
          Statistics: Num rows: 1 Data size: 880 Basic stats: COMPLETE Column stats: NONE
          File Output Operator
            compressed: false
            Statistics: Num rows: 1 Data size: 880 Basic stats: COMPLETE Column stats: NONE
            table:
                input format: org.apache.hadoop.mapred.SequenceFileInputFormat
                output format: org.apache.hadoop.hive.ql.io.HiveSequenceFileOutputFormat
                serde: org.apache.hadoop.hive.serde2.lazy.LazySimpleSerDe

