PREHOOK: query: CREATE TABLE grpby_test (int_col_5 INT,
  int_col_7 INT)
PREHOOK: type: CREATETABLE
PREHOOK: Output: database:default
PREHOOK: Output: default@grpby_test
POSTHOOK: query: CREATE TABLE grpby_test (int_col_5 INT,
  int_col_7 INT)
POSTHOOK: type: CREATETABLE
POSTHOOK: Output: database:default
POSTHOOK: Output: default@grpby_test
PREHOOK: query: EXPLAIN
SELECT
int_col_7,
MAX(LEAST(COALESCE(int_col_5, -279),
  COALESCE(int_col_7, 476))) AS int_col
FROM grpby_test
GROUP BY
int_col_7,
int_col_7,
LEAST(COALESCE(int_col_5, -279),
  COALESCE(int_col_7, 476))
PREHOOK: type: QUERY
PREHOOK: Input: default@grpby_test
#### A masked pattern was here ####
POSTHOOK: query: EXPLAIN
SELECT
int_col_7,
MAX(LEAST(COALESCE(int_col_5, -279),
  COALESCE(int_col_7, 476))) AS int_col
FROM grpby_test
GROUP BY
int_col_7,
int_col_7,
LEAST(COALESCE(int_col_5, -279),
  COALESCE(int_col_7, 476))
POSTHOOK: type: QUERY
POSTHOOK: Input: default@grpby_test
#### A masked pattern was here ####
STAGE DEPENDENCIES:
  Stage-1 is a root stage
  Stage-0 depends on stages: Stage-1

STAGE PLANS:
  Stage: Stage-1
    Map Reduce
      Map Operator Tree:
          TableScan
            alias: grpby_test
            Statistics: Num rows: 1 Data size: 0 Basic stats: PARTIAL Column stats: NONE
            Select Operator
              expressions: int_col_7 (type: int), int_col_7 (type: int), least(COALESCE(int_col_5,-279),COALESCE(int_col_7,476)) (type: int)
              outputColumnNames: _col0, _col1, _col2
              Statistics: Num rows: 1 Data size: 0 Basic stats: PARTIAL Column stats: NONE
              Group By Operator
                aggregations: max(_col2)
                keys: _col0 (type: int), _col1 (type: int), _col2 (type: int)
                mode: hash
                outputColumnNames: _col0, _col1, _col2, _col3
                Statistics: Num rows: 1 Data size: 0 Basic stats: PARTIAL Column stats: NONE
                Reduce Output Operator
                  key expressions: _col0 (type: int), _col1 (type: int), _col2 (type: int)
                  sort order: +++
                  Map-reduce partition columns: _col0 (type: int), _col1 (type: int), _col2 (type: int)
                  Statistics: Num rows: 1 Data size: 0 Basic stats: PARTIAL Column stats: NONE
                  value expressions: _col3 (type: int)
      Execution mode: vectorized
      Reduce Operator Tree:
        Group By Operator
          aggregations: max(VALUE._col0)
          keys: KEY._col0 (type: int), KEY._col1 (type: int), KEY._col2 (type: int)
          mode: mergepartial
          outputColumnNames: _col0, _col1, _col2, _col3
          Statistics: Num rows: 1 Data size: 0 Basic stats: PARTIAL Column stats: NONE
          Select Operator
            expressions: _col1 (type: int), _col3 (type: int)
            outputColumnNames: _col0, _col1
            Statistics: Num rows: 1 Data size: 0 Basic stats: PARTIAL Column stats: NONE
            File Output Operator
              compressed: false
              Statistics: Num rows: 1 Data size: 0 Basic stats: PARTIAL Column stats: NONE
              table:
                  input format: org.apache.hadoop.mapred.SequenceFileInputFormat
                  output format: org.apache.hadoop.hive.ql.io.HiveSequenceFileOutputFormat
                  serde: org.apache.hadoop.hive.serde2.lazy.LazySimpleSerDe

  Stage: Stage-0
    Fetch Operator
      limit: -1
      Processor Tree:
        ListSink

