PREHOOK: query: CREATE TABLE dest1(c1 DOUBLE, c2 DOUBLE, c3 DOUBLE, c4 DOUBLE, c5 DOUBLE, c6 DOUBLE, c7 DOUBLE, c8 DOUBLE, c9 DOUBLE) STORED AS TEXTFILE
PREHOOK: type: CREATETABLE
PREHOOK: Output: database:default
PREHOOK: Output: default@dest1
POSTHOOK: query: CREATE TABLE dest1(c1 DOUBLE, c2 DOUBLE, c3 DOUBLE, c4 DOUBLE, c5 DOUBLE, c6 DOUBLE, c7 DOUBLE, c8 DOUBLE, c9 DOUBLE) STORED AS TEXTFILE
POSTHOOK: type: CREATETABLE
POSTHOOK: Output: database:default
POSTHOOK: Output: default@dest1
PREHOOK: query: EXPLAIN
FROM src
INSERT OVERWRITE TABLE dest1 SELECT 
  sum(substr(src.value,5)), 
  avg(substr(src.value,5)), 
  avg(DISTINCT substr(src.value,5)), 
  max(substr(src.value,5)),
  min(substr(src.value,5)), 
  std(substr(src.value,5)),
  stddev_samp(substr(src.value,5)),
  variance(substr(src.value,5)),
  var_samp(substr(src.value,5))
PREHOOK: type: QUERY
POSTHOOK: query: EXPLAIN
FROM src
INSERT OVERWRITE TABLE dest1 SELECT 
  sum(substr(src.value,5)), 
  avg(substr(src.value,5)), 
  avg(DISTINCT substr(src.value,5)), 
  max(substr(src.value,5)),
  min(substr(src.value,5)), 
  std(substr(src.value,5)),
  stddev_samp(substr(src.value,5)),
  variance(substr(src.value,5)),
  var_samp(substr(src.value,5))
POSTHOOK: type: QUERY
STAGE DEPENDENCIES:
  Stage-1 is a root stage
  Stage-2 depends on stages: Stage-1
  Stage-0 depends on stages: Stage-2
  Stage-3 depends on stages: Stage-0

STAGE PLANS:
  Stage: Stage-1
    Map Reduce
      Map Operator Tree:
          TableScan
            alias: src
            Statistics: Num rows: 500 Data size: 5312 Basic stats: COMPLETE Column stats: NONE
            Select Operator
              expressions: substr(value, 5) (type: string)
              outputColumnNames: _col0
              Statistics: Num rows: 500 Data size: 5312 Basic stats: COMPLETE Column stats: NONE
              Reduce Output Operator
                key expressions: _col0 (type: string)
                sort order: +
                Map-reduce partition columns: _col0 (type: string)
                Statistics: Num rows: 500 Data size: 5312 Basic stats: COMPLETE Column stats: NONE
      Reduce Operator Tree:
        Group By Operator
          aggregations: sum(KEY._col0:0._col0), avg(KEY._col0:0._col0), avg(DISTINCT KEY._col0:0._col0), max(KEY._col0:0._col0), min(KEY._col0:0._col0), std(KEY._col0:0._col0), stddev_samp(KEY._col0:0._col0), variance(KEY._col0:0._col0), var_samp(KEY._col0:0._col0)
          mode: partial1
          outputColumnNames: _col0, _col1, _col2, _col3, _col4, _col5, _col6, _col7, _col8
          Statistics: Num rows: 1 Data size: 176 Basic stats: COMPLETE Column stats: NONE
          File Output Operator
            compressed: false
            table:
                input format: org.apache.hadoop.mapred.SequenceFileInputFormat
                output format: org.apache.hadoop.hive.ql.io.HiveSequenceFileOutputFormat
                serde: org.apache.hadoop.hive.serde2.lazybinary.LazyBinarySerDe

  Stage: Stage-2
    Map Reduce
      Map Operator Tree:
          TableScan
            Reduce Output Operator
              sort order: 
              Statistics: Num rows: 1 Data size: 176 Basic stats: COMPLETE Column stats: NONE
              value expressions: _col0 (type: double), _col1 (type: struct<count:bigint,sum:double,input:string>), _col2 (type: struct<count:bigint,sum:double,input:string>), _col3 (type: string), _col4 (type: string), _col5 (type: struct<count:bigint,sum:double,variance:double>), _col6 (type: struct<count:bigint,sum:double,variance:double>), _col7 (type: struct<count:bigint,sum:double,variance:double>), _col8 (type: struct<count:bigint,sum:double,variance:double>)
      Reduce Operator Tree:
        Group By Operator
          aggregations: sum(VALUE._col0), avg(VALUE._col1), avg(VALUE._col2), max(VALUE._col3), min(VALUE._col4), std(VALUE._col5), stddev_samp(VALUE._col6), variance(VALUE._col7), var_samp(VALUE._col8)
          mode: final
          outputColumnNames: _col0, _col1, _col2, _col3, _col4, _col5, _col6, _col7, _col8
          Statistics: Num rows: 1 Data size: 224 Basic stats: COMPLETE Column stats: NONE
          Select Operator
            expressions: _col0 (type: double), _col1 (type: double), _col2 (type: double), UDFToDouble(_col3) (type: double), UDFToDouble(_col4) (type: double), _col5 (type: double), _col6 (type: double), _col7 (type: double), _col8 (type: double)
            outputColumnNames: _col0, _col1, _col2, _col3, _col4, _col5, _col6, _col7, _col8
            Statistics: Num rows: 1 Data size: 224 Basic stats: COMPLETE Column stats: NONE
            File Output Operator
              compressed: false
              Statistics: Num rows: 1 Data size: 224 Basic stats: COMPLETE Column stats: NONE
              table:
                  input format: org.apache.hadoop.mapred.TextInputFormat
                  output format: org.apache.hadoop.hive.ql.io.HiveIgnoreKeyTextOutputFormat
                  serde: org.apache.hadoop.hive.serde2.lazy.LazySimpleSerDe
                  name: default.dest1

  Stage: Stage-0
    Move Operator
      tables:
          replace: true
          table:
              input format: org.apache.hadoop.mapred.TextInputFormat
              output format: org.apache.hadoop.hive.ql.io.HiveIgnoreKeyTextOutputFormat
              serde: org.apache.hadoop.hive.serde2.lazy.LazySimpleSerDe
              name: default.dest1

  Stage: Stage-3
    Stats-Aggr Operator

PREHOOK: query: FROM src
INSERT OVERWRITE TABLE dest1 SELECT 
  sum(substr(src.value,5)), 
  avg(substr(src.value,5)), 
  avg(DISTINCT substr(src.value,5)), 
  max(substr(src.value,5)), 
  min(substr(src.value,5)), 
  std(substr(src.value,5)),
  stddev_samp(substr(src.value,5)),
  variance(substr(src.value,5)),
  var_samp(substr(src.value,5))
PREHOOK: type: QUERY
PREHOOK: Input: default@src
PREHOOK: Output: default@dest1
POSTHOOK: query: FROM src
INSERT OVERWRITE TABLE dest1 SELECT 
  sum(substr(src.value,5)), 
  avg(substr(src.value,5)), 
  avg(DISTINCT substr(src.value,5)), 
  max(substr(src.value,5)), 
  min(substr(src.value,5)), 
  std(substr(src.value,5)),
  stddev_samp(substr(src.value,5)),
  variance(substr(src.value,5)),
  var_samp(substr(src.value,5))
POSTHOOK: type: QUERY
POSTHOOK: Input: default@src
POSTHOOK: Output: default@dest1
POSTHOOK: Lineage: dest1.c1 EXPRESSION [(src)src.FieldSchema(name:value, type:string, comment:default), ]
POSTHOOK: Lineage: dest1.c2 EXPRESSION [(src)src.FieldSchema(name:value, type:string, comment:default), ]
POSTHOOK: Lineage: dest1.c3 EXPRESSION [(src)src.FieldSchema(name:value, type:string, comment:default), ]
POSTHOOK: Lineage: dest1.c4 EXPRESSION [(src)src.FieldSchema(name:value, type:string, comment:default), ]
POSTHOOK: Lineage: dest1.c5 EXPRESSION [(src)src.FieldSchema(name:value, type:string, comment:default), ]
POSTHOOK: Lineage: dest1.c6 EXPRESSION [(src)src.FieldSchema(name:value, type:string, comment:default), ]
POSTHOOK: Lineage: dest1.c7 EXPRESSION [(src)src.FieldSchema(name:value, type:string, comment:default), ]
POSTHOOK: Lineage: dest1.c8 EXPRESSION [(src)src.FieldSchema(name:value, type:string, comment:default), ]
POSTHOOK: Lineage: dest1.c9 EXPRESSION [(src)src.FieldSchema(name:value, type:string, comment:default), ]
PREHOOK: query: SELECT dest1.* FROM dest1
PREHOOK: type: QUERY
PREHOOK: Input: default@dest1
#### A masked pattern was here ####
POSTHOOK: query: SELECT dest1.* FROM dest1
POSTHOOK: type: QUERY
POSTHOOK: Input: default@dest1
#### A masked pattern was here ####
130091.0	260.182	256.10355987055016	98.0	0.0	142.92680950752379	143.06995106518903	20428.07287599999	20469.010897795582
