PREHOOK: query: CREATE TABLE dest1(key INT, value DOUBLE) STORED AS TEXTFILE
PREHOOK: type: CREATETABLE
PREHOOK: Output: database:default
PREHOOK: Output: default@dest1
POSTHOOK: query: CREATE TABLE dest1(key INT, value DOUBLE) STORED AS TEXTFILE
POSTHOOK: type: CREATETABLE
POSTHOOK: Output: database:default
POSTHOOK: Output: default@dest1
PREHOOK: query: EXPLAIN
FROM src INSERT OVERWRITE TABLE dest1 SELECT src.key, sum(substr(src.value,5)) GROUP BY src.key LIMIT 5
PREHOOK: type: QUERY
POSTHOOK: query: EXPLAIN
FROM src INSERT OVERWRITE TABLE dest1 SELECT src.key, sum(substr(src.value,5)) GROUP BY src.key LIMIT 5
POSTHOOK: type: QUERY
STAGE DEPENDENCIES:
  Stage-1 is a root stage
  Stage-2 depends on stages: Stage-1
  Stage-0 depends on stages: Stage-2
  Stage-3 depends on stages: Stage-0

STAGE PLANS:
  Stage: Stage-1
    Map Reduce
      Map Operator Tree:
          TableScan
            alias: src
            Statistics: Num rows: 500 Data size: 5312 Basic stats: COMPLETE Column stats: NONE
            Select Operator
              expressions: key (type: string), substr(value, 5) (type: string)
              outputColumnNames: _col0, _col1
              Statistics: Num rows: 500 Data size: 5312 Basic stats: COMPLETE Column stats: NONE
              Group By Operator
                aggregations: sum(_col1)
                keys: _col0 (type: string)
                mode: hash
                outputColumnNames: _col0, _col1
                Statistics: Num rows: 500 Data size: 5312 Basic stats: COMPLETE Column stats: NONE
                Reduce Output Operator
                  key expressions: _col0 (type: string)
                  sort order: +
                  Map-reduce partition columns: _col0 (type: string)
                  Statistics: Num rows: 500 Data size: 5312 Basic stats: COMPLETE Column stats: NONE
                  TopN Hash Memory Usage: 0.1
                  value expressions: _col1 (type: double)
      Reduce Operator Tree:
        Group By Operator
          aggregations: sum(VALUE._col0)
          keys: KEY._col0 (type: string)
          mode: mergepartial
          outputColumnNames: _col0, _col1
          Statistics: Num rows: 250 Data size: 2656 Basic stats: COMPLETE Column stats: NONE
          Limit
            Number of rows: 5
            Statistics: Num rows: 5 Data size: 50 Basic stats: COMPLETE Column stats: NONE
            File Output Operator
              compressed: false
              table:
                  input format: org.apache.hadoop.mapred.SequenceFileInputFormat
                  output format: org.apache.hadoop.hive.ql.io.HiveSequenceFileOutputFormat
                  serde: org.apache.hadoop.hive.serde2.lazybinary.LazyBinarySerDe

  Stage: Stage-2
    Map Reduce
      Map Operator Tree:
          TableScan
            Reduce Output Operator
              sort order: 
              Statistics: Num rows: 5 Data size: 50 Basic stats: COMPLETE Column stats: NONE
              TopN Hash Memory Usage: 0.1
              value expressions: _col0 (type: string), _col1 (type: double)
      Execution mode: vectorized
      Reduce Operator Tree:
        Select Operator
          expressions: VALUE._col0 (type: string), VALUE._col1 (type: double)
          outputColumnNames: _col0, _col1
          Statistics: Num rows: 5 Data size: 50 Basic stats: COMPLETE Column stats: NONE
          Limit
            Number of rows: 5
            Statistics: Num rows: 5 Data size: 50 Basic stats: COMPLETE Column stats: NONE
            Select Operator
              expressions: UDFToInteger(_col0) (type: int), _col1 (type: double)
              outputColumnNames: _col0, _col1
              Statistics: Num rows: 5 Data size: 50 Basic stats: COMPLETE Column stats: NONE
              File Output Operator
                compressed: false
                Statistics: Num rows: 5 Data size: 50 Basic stats: COMPLETE Column stats: NONE
                table:
                    input format: org.apache.hadoop.mapred.TextInputFormat
                    output format: org.apache.hadoop.hive.ql.io.HiveIgnoreKeyTextOutputFormat
                    serde: org.apache.hadoop.hive.serde2.lazy.LazySimpleSerDe
                    name: default.dest1

  Stage: Stage-0
    Move Operator
      tables:
          replace: true
          table:
              input format: org.apache.hadoop.mapred.TextInputFormat
              output format: org.apache.hadoop.hive.ql.io.HiveIgnoreKeyTextOutputFormat
              serde: org.apache.hadoop.hive.serde2.lazy.LazySimpleSerDe
              name: default.dest1

  Stage: Stage-3
    Stats Work
      Basic Stats Work:

PREHOOK: query: FROM src INSERT OVERWRITE TABLE dest1 SELECT src.key, sum(substr(src.value,5)) GROUP BY src.key ORDER BY src.key LIMIT 5
PREHOOK: type: QUERY
PREHOOK: Input: default@src
PREHOOK: Output: default@dest1
POSTHOOK: query: FROM src INSERT OVERWRITE TABLE dest1 SELECT src.key, sum(substr(src.value,5)) GROUP BY src.key ORDER BY src.key LIMIT 5
POSTHOOK: type: QUERY
POSTHOOK: Input: default@src
POSTHOOK: Output: default@dest1
POSTHOOK: Lineage: dest1.key EXPRESSION [(src)src.FieldSchema(name:key, type:string, comment:default), ]
POSTHOOK: Lineage: dest1.value EXPRESSION [(src)src.FieldSchema(name:value, type:string, comment:default), ]
PREHOOK: query: SELECT dest1.* FROM dest1
PREHOOK: type: QUERY
PREHOOK: Input: default@dest1
#### A masked pattern was here ####
POSTHOOK: query: SELECT dest1.* FROM dest1
POSTHOOK: type: QUERY
POSTHOOK: Input: default@dest1
#### A masked pattern was here ####
0	0.0
10	10.0
100	200.0
103	206.0
104	208.0
