PREHOOK: query: CREATE TABLE dest1_n38(key STRING, c1 INT, c2 STRING, c3 INT, c4 INT) STORED AS TEXTFILE
PREHOOK: type: CREATETABLE
PREHOOK: Output: database:default
PREHOOK: Output: default@dest1_n38
POSTHOOK: query: CREATE TABLE dest1_n38(key STRING, c1 INT, c2 STRING, c3 INT, c4 INT) STORED AS TEXTFILE
POSTHOOK: type: CREATETABLE
POSTHOOK: Output: database:default
POSTHOOK: Output: default@dest1_n38
PREHOOK: query: EXPLAIN
FROM src
INSERT OVERWRITE TABLE dest1_n38 SELECT substr(src.key,1,1), count(DISTINCT substr(src.value,5)), concat(substr(src.key,1,1),sum(substr(src.value,5))), sum(DISTINCT substr(src.value, 5)), count(src.value) GROUP BY substr(src.key,1,1)
PREHOOK: type: QUERY
POSTHOOK: query: EXPLAIN
FROM src
INSERT OVERWRITE TABLE dest1_n38 SELECT substr(src.key,1,1), count(DISTINCT substr(src.value,5)), concat(substr(src.key,1,1),sum(substr(src.value,5))), sum(DISTINCT substr(src.value, 5)), count(src.value) GROUP BY substr(src.key,1,1)
POSTHOOK: type: QUERY
STAGE DEPENDENCIES:
  Stage-1 is a root stage
  Stage-0 depends on stages: Stage-1
  Stage-2 depends on stages: Stage-0, Stage-3
  Stage-3 depends on stages: Stage-1

STAGE PLANS:
  Stage: Stage-1
    Map Reduce
      Map Operator Tree:
          TableScan
            alias: src
            Statistics: Num rows: 500 Data size: 5312 Basic stats: COMPLETE Column stats: NONE
            Select Operator
              expressions: substr(key, 1, 1) (type: string), substr(value, 5) (type: string), value (type: string)
              outputColumnNames: _col0, _col1, _col2
              Statistics: Num rows: 500 Data size: 5312 Basic stats: COMPLETE Column stats: NONE
              Group By Operator
                aggregations: count(DISTINCT _col1), sum(_col1), sum(DISTINCT _col1), count(_col2)
                keys: _col0 (type: string), _col1 (type: string)
                mode: hash
                outputColumnNames: _col0, _col1, _col2, _col3, _col4, _col5
                Statistics: Num rows: 500 Data size: 5312 Basic stats: COMPLETE Column stats: NONE
                Reduce Output Operator
                  key expressions: _col0 (type: string), _col1 (type: string)
                  sort order: ++
                  Map-reduce partition columns: _col0 (type: string)
                  Statistics: Num rows: 500 Data size: 5312 Basic stats: COMPLETE Column stats: NONE
                  value expressions: _col3 (type: double), _col5 (type: bigint)
      Reduce Operator Tree:
        Group By Operator
          aggregations: count(DISTINCT KEY._col1:0._col0), sum(VALUE._col1), sum(DISTINCT KEY._col1:1._col0), count(VALUE._col3)
          keys: KEY._col0 (type: string)
          mode: mergepartial
          outputColumnNames: _col0, _col1, _col2, _col3, _col4
          Statistics: Num rows: 250 Data size: 2656 Basic stats: COMPLETE Column stats: NONE
          Select Operator
            expressions: _col0 (type: string), UDFToInteger(_col1) (type: int), concat(_col0, _col2) (type: string), UDFToInteger(_col3) (type: int), UDFToInteger(_col4) (type: int)
            outputColumnNames: _col0, _col1, _col2, _col3, _col4
            Statistics: Num rows: 250 Data size: 2656 Basic stats: COMPLETE Column stats: NONE
            File Output Operator
              compressed: false
              Statistics: Num rows: 250 Data size: 2656 Basic stats: COMPLETE Column stats: NONE
              table:
                  input format: org.apache.hadoop.mapred.TextInputFormat
                  output format: org.apache.hadoop.hive.ql.io.HiveIgnoreKeyTextOutputFormat
                  serde: org.apache.hadoop.hive.serde2.lazy.LazySimpleSerDe
                  name: default.dest1_n38
            Select Operator
              expressions: _col0 (type: string), _col1 (type: int), _col2 (type: string), _col3 (type: int), _col4 (type: int)
              outputColumnNames: key, c1, c2, c3, c4
              Statistics: Num rows: 250 Data size: 2656 Basic stats: COMPLETE Column stats: NONE
              Group By Operator
                aggregations: compute_stats(key, 'hll'), compute_stats(c1, 'hll'), compute_stats(c2, 'hll'), compute_stats(c3, 'hll'), compute_stats(c4, 'hll')
                mode: hash
                outputColumnNames: _col0, _col1, _col2, _col3, _col4
                Statistics: Num rows: 1 Data size: 2160 Basic stats: COMPLETE Column stats: NONE
                File Output Operator
                  compressed: false
                  table:
                      input format: org.apache.hadoop.mapred.SequenceFileInputFormat
                      output format: org.apache.hadoop.hive.ql.io.HiveSequenceFileOutputFormat
                      serde: org.apache.hadoop.hive.serde2.lazybinary.LazyBinarySerDe

  Stage: Stage-0
    Move Operator
      tables:
          replace: true
          table:
              input format: org.apache.hadoop.mapred.TextInputFormat
              output format: org.apache.hadoop.hive.ql.io.HiveIgnoreKeyTextOutputFormat
              serde: org.apache.hadoop.hive.serde2.lazy.LazySimpleSerDe
              name: default.dest1_n38

  Stage: Stage-2
    Stats Work
      Basic Stats Work:
      Column Stats Desc:
          Columns: key, c1, c2, c3, c4
          Column Types: string, int, string, int, int
          Table: default.dest1_n38

  Stage: Stage-3
    Map Reduce
      Map Operator Tree:
          TableScan
            Reduce Output Operator
              sort order: 
              Statistics: Num rows: 1 Data size: 2160 Basic stats: COMPLETE Column stats: NONE
              value expressions: _col0 (type: struct<columntype:string,maxlength:bigint,sumlength:bigint,count:bigint,countnulls:bigint,bitvector:binary>), _col1 (type: struct<columntype:string,min:bigint,max:bigint,countnulls:bigint,bitvector:binary>), _col2 (type: struct<columntype:string,maxlength:bigint,sumlength:bigint,count:bigint,countnulls:bigint,bitvector:binary>), _col3 (type: struct<columntype:string,min:bigint,max:bigint,countnulls:bigint,bitvector:binary>), _col4 (type: struct<columntype:string,min:bigint,max:bigint,countnulls:bigint,bitvector:binary>)
      Execution mode: vectorized
      Reduce Operator Tree:
        Group By Operator
          aggregations: compute_stats(VALUE._col0), compute_stats(VALUE._col1), compute_stats(VALUE._col2), compute_stats(VALUE._col3), compute_stats(VALUE._col4)
          mode: mergepartial
          outputColumnNames: _col0, _col1, _col2, _col3, _col4
          Statistics: Num rows: 1 Data size: 2208 Basic stats: COMPLETE Column stats: NONE
          File Output Operator
            compressed: false
            Statistics: Num rows: 1 Data size: 2208 Basic stats: COMPLETE Column stats: NONE
            table:
                input format: org.apache.hadoop.mapred.SequenceFileInputFormat
                output format: org.apache.hadoop.hive.ql.io.HiveSequenceFileOutputFormat
                serde: org.apache.hadoop.hive.serde2.lazy.LazySimpleSerDe

PREHOOK: query: FROM src
INSERT OVERWRITE TABLE dest1_n38 SELECT substr(src.key,1,1), count(DISTINCT substr(src.value,5)), concat(substr(src.key,1,1),sum(substr(src.value,5))), sum(DISTINCT substr(src.value, 5)), count(src.value) GROUP BY substr(src.key,1,1)
PREHOOK: type: QUERY
PREHOOK: Input: default@src
PREHOOK: Output: default@dest1_n38
POSTHOOK: query: FROM src
INSERT OVERWRITE TABLE dest1_n38 SELECT substr(src.key,1,1), count(DISTINCT substr(src.value,5)), concat(substr(src.key,1,1),sum(substr(src.value,5))), sum(DISTINCT substr(src.value, 5)), count(src.value) GROUP BY substr(src.key,1,1)
POSTHOOK: type: QUERY
POSTHOOK: Input: default@src
POSTHOOK: Output: default@dest1_n38
POSTHOOK: Lineage: dest1_n38.c1 EXPRESSION [(src)src.FieldSchema(name:value, type:string, comment:default), ]
POSTHOOK: Lineage: dest1_n38.c2 EXPRESSION [(src)src.FieldSchema(name:key, type:string, comment:default), (src)src.FieldSchema(name:value, type:string, comment:default), ]
POSTHOOK: Lineage: dest1_n38.c3 EXPRESSION [(src)src.null, ]
POSTHOOK: Lineage: dest1_n38.c4 EXPRESSION [(src)src.FieldSchema(name:value, type:string, comment:default), ]
POSTHOOK: Lineage: dest1_n38.key EXPRESSION [(src)src.FieldSchema(name:key, type:string, comment:default), ]
PREHOOK: query: SELECT dest1_n38.* FROM dest1_n38
PREHOOK: type: QUERY
PREHOOK: Input: default@dest1_n38
#### A masked pattern was here ####
POSTHOOK: query: SELECT dest1_n38.* FROM dest1_n38
POSTHOOK: type: QUERY
POSTHOOK: Input: default@dest1_n38
#### A masked pattern was here ####
0	1	00.0	0	3
1	71	116414.0	10044	115
2	69	225571.0	15780	111
3	62	332004.0	20119	99
4	74	452763.0	30965	124
5	6	5397.0	278	10
6	5	6398.0	331	6
7	6	7735.0	447	10
8	8	8762.0	595	10
9	7	91047.0	577	12
PREHOOK: query: EXPLAIN
FROM src
INSERT OVERWRITE TABLE dest1_n38 SELECT substr(src.key,1,1), count(DISTINCT substr(src.key,1,1)), concat(substr(src.key,1,1),sum(substr(src.value,5))), sum(DISTINCT substr(src.value, 5)), count(src.value) GROUP BY substr(src.key,1,1)
PREHOOK: type: QUERY
POSTHOOK: query: EXPLAIN
FROM src
INSERT OVERWRITE TABLE dest1_n38 SELECT substr(src.key,1,1), count(DISTINCT substr(src.key,1,1)), concat(substr(src.key,1,1),sum(substr(src.value,5))), sum(DISTINCT substr(src.value, 5)), count(src.value) GROUP BY substr(src.key,1,1)
POSTHOOK: type: QUERY
STAGE DEPENDENCIES:
  Stage-1 is a root stage
  Stage-0 depends on stages: Stage-1
  Stage-2 depends on stages: Stage-0, Stage-3
  Stage-3 depends on stages: Stage-1

STAGE PLANS:
  Stage: Stage-1
    Map Reduce
      Map Operator Tree:
          TableScan
            alias: src
            Statistics: Num rows: 500 Data size: 5312 Basic stats: COMPLETE Column stats: NONE
            Select Operator
              expressions: substr(key, 1, 1) (type: string), substr(value, 5) (type: string), value (type: string)
              outputColumnNames: _col0, _col1, _col2
              Statistics: Num rows: 500 Data size: 5312 Basic stats: COMPLETE Column stats: NONE
              Group By Operator
                aggregations: count(DISTINCT _col0), sum(_col1), sum(DISTINCT _col1), count(_col2)
                keys: _col0 (type: string), _col1 (type: string)
                mode: hash
                outputColumnNames: _col0, _col1, _col2, _col3, _col4, _col5
                Statistics: Num rows: 500 Data size: 5312 Basic stats: COMPLETE Column stats: NONE
                Reduce Output Operator
                  key expressions: _col0 (type: string), _col1 (type: string)
                  sort order: ++
                  Map-reduce partition columns: _col0 (type: string)
                  Statistics: Num rows: 500 Data size: 5312 Basic stats: COMPLETE Column stats: NONE
                  value expressions: _col3 (type: double), _col5 (type: bigint)
      Reduce Operator Tree:
        Group By Operator
          aggregations: count(DISTINCT KEY._col1:0._col0), sum(VALUE._col1), sum(DISTINCT KEY._col1:1._col0), count(VALUE._col3)
          keys: KEY._col0 (type: string)
          mode: mergepartial
          outputColumnNames: _col0, _col1, _col2, _col3, _col4
          Statistics: Num rows: 250 Data size: 2656 Basic stats: COMPLETE Column stats: NONE
          Select Operator
            expressions: _col0 (type: string), UDFToInteger(_col1) (type: int), concat(_col0, _col2) (type: string), UDFToInteger(_col3) (type: int), UDFToInteger(_col4) (type: int)
            outputColumnNames: _col0, _col1, _col2, _col3, _col4
            Statistics: Num rows: 250 Data size: 2656 Basic stats: COMPLETE Column stats: NONE
            File Output Operator
              compressed: false
              Statistics: Num rows: 250 Data size: 2656 Basic stats: COMPLETE Column stats: NONE
              table:
                  input format: org.apache.hadoop.mapred.TextInputFormat
                  output format: org.apache.hadoop.hive.ql.io.HiveIgnoreKeyTextOutputFormat
                  serde: org.apache.hadoop.hive.serde2.lazy.LazySimpleSerDe
                  name: default.dest1_n38
            Select Operator
              expressions: _col0 (type: string), _col1 (type: int), _col2 (type: string), _col3 (type: int), _col4 (type: int)
              outputColumnNames: key, c1, c2, c3, c4
              Statistics: Num rows: 250 Data size: 2656 Basic stats: COMPLETE Column stats: NONE
              Group By Operator
                aggregations: compute_stats(key, 'hll'), compute_stats(c1, 'hll'), compute_stats(c2, 'hll'), compute_stats(c3, 'hll'), compute_stats(c4, 'hll')
                mode: hash
                outputColumnNames: _col0, _col1, _col2, _col3, _col4
                Statistics: Num rows: 1 Data size: 2160 Basic stats: COMPLETE Column stats: NONE
                File Output Operator
                  compressed: false
                  table:
                      input format: org.apache.hadoop.mapred.SequenceFileInputFormat
                      output format: org.apache.hadoop.hive.ql.io.HiveSequenceFileOutputFormat
                      serde: org.apache.hadoop.hive.serde2.lazybinary.LazyBinarySerDe

  Stage: Stage-0
    Move Operator
      tables:
          replace: true
          table:
              input format: org.apache.hadoop.mapred.TextInputFormat
              output format: org.apache.hadoop.hive.ql.io.HiveIgnoreKeyTextOutputFormat
              serde: org.apache.hadoop.hive.serde2.lazy.LazySimpleSerDe
              name: default.dest1_n38

  Stage: Stage-2
    Stats Work
      Basic Stats Work:
      Column Stats Desc:
          Columns: key, c1, c2, c3, c4
          Column Types: string, int, string, int, int
          Table: default.dest1_n38

  Stage: Stage-3
    Map Reduce
      Map Operator Tree:
          TableScan
            Reduce Output Operator
              sort order: 
              Statistics: Num rows: 1 Data size: 2160 Basic stats: COMPLETE Column stats: NONE
              value expressions: _col0 (type: struct<columntype:string,maxlength:bigint,sumlength:bigint,count:bigint,countnulls:bigint,bitvector:binary>), _col1 (type: struct<columntype:string,min:bigint,max:bigint,countnulls:bigint,bitvector:binary>), _col2 (type: struct<columntype:string,maxlength:bigint,sumlength:bigint,count:bigint,countnulls:bigint,bitvector:binary>), _col3 (type: struct<columntype:string,min:bigint,max:bigint,countnulls:bigint,bitvector:binary>), _col4 (type: struct<columntype:string,min:bigint,max:bigint,countnulls:bigint,bitvector:binary>)
      Execution mode: vectorized
      Reduce Operator Tree:
        Group By Operator
          aggregations: compute_stats(VALUE._col0), compute_stats(VALUE._col1), compute_stats(VALUE._col2), compute_stats(VALUE._col3), compute_stats(VALUE._col4)
          mode: mergepartial
          outputColumnNames: _col0, _col1, _col2, _col3, _col4
          Statistics: Num rows: 1 Data size: 2208 Basic stats: COMPLETE Column stats: NONE
          File Output Operator
            compressed: false
            Statistics: Num rows: 1 Data size: 2208 Basic stats: COMPLETE Column stats: NONE
            table:
                input format: org.apache.hadoop.mapred.SequenceFileInputFormat
                output format: org.apache.hadoop.hive.ql.io.HiveSequenceFileOutputFormat
                serde: org.apache.hadoop.hive.serde2.lazy.LazySimpleSerDe

PREHOOK: query: FROM src
INSERT OVERWRITE TABLE dest1_n38 SELECT substr(src.key,1,1), count(DISTINCT substr(src.key,1,1)), concat(substr(src.key,1,1),sum(substr(src.value,5))), sum(DISTINCT substr(src.value, 5)), count(src.value) GROUP BY substr(src.key,1,1)
PREHOOK: type: QUERY
PREHOOK: Input: default@src
PREHOOK: Output: default@dest1_n38
POSTHOOK: query: FROM src
INSERT OVERWRITE TABLE dest1_n38 SELECT substr(src.key,1,1), count(DISTINCT substr(src.key,1,1)), concat(substr(src.key,1,1),sum(substr(src.value,5))), sum(DISTINCT substr(src.value, 5)), count(src.value) GROUP BY substr(src.key,1,1)
POSTHOOK: type: QUERY
POSTHOOK: Input: default@src
POSTHOOK: Output: default@dest1_n38
POSTHOOK: Lineage: dest1_n38.c1 EXPRESSION [(src)src.null, ]
POSTHOOK: Lineage: dest1_n38.c2 EXPRESSION [(src)src.FieldSchema(name:key, type:string, comment:default), (src)src.FieldSchema(name:value, type:string, comment:default), ]
POSTHOOK: Lineage: dest1_n38.c3 EXPRESSION [(src)src.FieldSchema(name:value, type:string, comment:default), ]
POSTHOOK: Lineage: dest1_n38.c4 EXPRESSION [(src)src.FieldSchema(name:value, type:string, comment:default), ]
POSTHOOK: Lineage: dest1_n38.key EXPRESSION [(src)src.FieldSchema(name:key, type:string, comment:default), ]
PREHOOK: query: SELECT dest1_n38.* FROM dest1_n38
PREHOOK: type: QUERY
PREHOOK: Input: default@dest1_n38
#### A masked pattern was here ####
POSTHOOK: query: SELECT dest1_n38.* FROM dest1_n38
POSTHOOK: type: QUERY
POSTHOOK: Input: default@dest1_n38
#### A masked pattern was here ####
0	1	00.0	0	3
1	1	116414.0	10044	115
2	1	225571.0	15780	111
3	1	332004.0	20119	99
4	1	452763.0	30965	124
5	1	5397.0	278	10
6	1	6398.0	331	6
7	1	7735.0	447	10
8	1	8762.0	595	10
9	1	91047.0	577	12
