PREHOOK: query: CREATE TABLE implicit_test1(a BIGINT, b STRING) ROW FORMAT SERDE 'org.apache.hadoop.hive.serde2.dynamic_type.DynamicSerDe' WITH SERDEPROPERTIES('serialization.format'= 'org.apache.hadoop.hive.serde2.thrift.TCTLSeparatedProtocol') STORED AS TEXTFILE
PREHOOK: type: CREATETABLE
PREHOOK: Output: database:default
PREHOOK: Output: default@implicit_test1
POSTHOOK: query: CREATE TABLE implicit_test1(a BIGINT, b STRING) ROW FORMAT SERDE 'org.apache.hadoop.hive.serde2.dynamic_type.DynamicSerDe' WITH SERDEPROPERTIES('serialization.format'= 'org.apache.hadoop.hive.serde2.thrift.TCTLSeparatedProtocol') STORED AS TEXTFILE
POSTHOOK: type: CREATETABLE
POSTHOOK: Output: database:default
POSTHOOK: Output: default@implicit_test1
PREHOOK: query: EXPLAIN
SELECT implicit_test1.*
FROM implicit_test1
WHERE implicit_test1.a <> 0
PREHOOK: type: QUERY
POSTHOOK: query: EXPLAIN
SELECT implicit_test1.*
FROM implicit_test1
WHERE implicit_test1.a <> 0
POSTHOOK: type: QUERY
STAGE DEPENDENCIES:
  Stage-1 is a root stage
  Stage-0 depends on stages: Stage-1

STAGE PLANS:
  Stage: Stage-1
    Map Reduce
      Map Operator Tree:
          TableScan
            alias: implicit_test1
            Statistics: Num rows: 1 Data size: 0 Basic stats: PARTIAL Column stats: NONE
            Filter Operator
              predicate: (a <> 0L) (type: boolean)
              Statistics: Num rows: 1 Data size: 0 Basic stats: PARTIAL Column stats: NONE
              Select Operator
                expressions: a (type: bigint), b (type: string)
                outputColumnNames: _col0, _col1
                Statistics: Num rows: 1 Data size: 0 Basic stats: PARTIAL Column stats: NONE
                File Output Operator
                  compressed: false
                  Statistics: Num rows: 1 Data size: 0 Basic stats: PARTIAL Column stats: NONE
                  table:
                      input format: org.apache.hadoop.mapred.SequenceFileInputFormat
                      output format: org.apache.hadoop.hive.ql.io.HiveSequenceFileOutputFormat
                      serde: org.apache.hadoop.hive.serde2.lazy.LazySimpleSerDe

  Stage: Stage-0
    Fetch Operator
      limit: -1
      Processor Tree:
        ListSink

PREHOOK: query: SELECT implicit_test1.*
FROM implicit_test1
WHERE implicit_test1.a <> 0
PREHOOK: type: QUERY
PREHOOK: Input: default@implicit_test1
#### A masked pattern was here ####
POSTHOOK: query: SELECT implicit_test1.*
FROM implicit_test1
WHERE implicit_test1.a <> 0
POSTHOOK: type: QUERY
POSTHOOK: Input: default@implicit_test1
#### A masked pattern was here ####
