PREHOOK: query: drop table decimal_test
PREHOOK: type: DROPTABLE
POSTHOOK: query: drop table decimal_test
POSTHOOK: type: DROPTABLE
PREHOOK: query: create table decimal_test (dc decimal(38,18))
PREHOOK: type: CREATETABLE
PREHOOK: Output: database:default
PREHOOK: Output: default@decimal_test
POSTHOOK: query: create table decimal_test (dc decimal(38,18))
POSTHOOK: type: CREATETABLE
POSTHOOK: Output: database:default
POSTHOOK: Output: default@decimal_test
PREHOOK: query: insert into table decimal_test values (4327269606205.029297)
PREHOOK: type: QUERY
PREHOOK: Input: _dummy_database@_dummy_table
PREHOOK: Output: default@decimal_test
POSTHOOK: query: insert into table decimal_test values (4327269606205.029297)
POSTHOOK: type: QUERY
POSTHOOK: Input: _dummy_database@_dummy_table
POSTHOOK: Output: default@decimal_test
POSTHOOK: Lineage: decimal_test.dc SCRIPT []
PREHOOK: query: explain 
select * from decimal_test where dc = 4327269606205.029297
PREHOOK: type: QUERY
POSTHOOK: query: explain 
select * from decimal_test where dc = 4327269606205.029297
POSTHOOK: type: QUERY
STAGE DEPENDENCIES:
  Stage-1 is a root stage
  Stage-0 depends on stages: Stage-1

STAGE PLANS:
  Stage: Stage-1
    Map Reduce
      Map Operator Tree:
          TableScan
            alias: decimal_test
            Statistics: Num rows: 1 Data size: 32 Basic stats: COMPLETE Column stats: NONE
            Filter Operator
              predicate: (dc = 4327269606205.029297) (type: boolean)
              Statistics: Num rows: 1 Data size: 32 Basic stats: COMPLETE Column stats: NONE
              Select Operator
                expressions: 4327269606205.029297 (type: decimal(38,18))
                outputColumnNames: _col0
                Statistics: Num rows: 1 Data size: 32 Basic stats: COMPLETE Column stats: NONE
                File Output Operator
                  compressed: false
                  Statistics: Num rows: 1 Data size: 32 Basic stats: COMPLETE Column stats: NONE
                  table:
                      input format: org.apache.hadoop.mapred.SequenceFileInputFormat
                      output format: org.apache.hadoop.hive.ql.io.HiveSequenceFileOutputFormat
                      serde: org.apache.hadoop.hive.serde2.lazy.LazySimpleSerDe
      Execution mode: vectorized

  Stage: Stage-0
    Fetch Operator
      limit: -1
      Processor Tree:
        ListSink

PREHOOK: query: select * from decimal_test where dc = 4327269606205.029297
PREHOOK: type: QUERY
PREHOOK: Input: default@decimal_test
#### A masked pattern was here ####
POSTHOOK: query: select * from decimal_test where dc = 4327269606205.029297
POSTHOOK: type: QUERY
POSTHOOK: Input: default@decimal_test
#### A masked pattern was here ####
4327269606205.029297000000000000
PREHOOK: query: select * from decimal_test where dc = 4327269606205.029297
PREHOOK: type: QUERY
PREHOOK: Input: default@decimal_test
#### A masked pattern was here ####
POSTHOOK: query: select * from decimal_test where dc = 4327269606205.029297
POSTHOOK: type: QUERY
POSTHOOK: Input: default@decimal_test
#### A masked pattern was here ####
4327269606205.029297000000000000
PREHOOK: query: drop table decimal_test
PREHOOK: type: DROPTABLE
PREHOOK: Input: default@decimal_test
PREHOOK: Output: default@decimal_test
POSTHOOK: query: drop table decimal_test
POSTHOOK: type: DROPTABLE
POSTHOOK: Input: default@decimal_test
POSTHOOK: Output: default@decimal_test
