Warning: Shuffle Join JOIN[8][tables = [$hdt$_0, $hdt$_1]] in Stage 'Stage-1:MAPRED' is a cross product
PREHOOK: query: explain extended
 select * from srcpart a join srcpart b where a.ds = '2008-04-08' and a.hr = '11' and b.ds = '2008-04-08' and b.hr = '14' limit 5
PREHOOK: type: QUERY
POSTHOOK: query: explain extended
 select * from srcpart a join srcpart b where a.ds = '2008-04-08' and a.hr = '11' and b.ds = '2008-04-08' and b.hr = '14' limit 5
POSTHOOK: type: QUERY
STAGE DEPENDENCIES:
  Stage-1 is a root stage
  Stage-0 depends on stages: Stage-1

STAGE PLANS:
  Stage: Stage-1
    Map Reduce
      Map Operator Tree:
          TableScan
            alias: a
            Statistics: Num rows: 500 Data size: 5312 Basic stats: COMPLETE Column stats: NONE
            GatherStats: false
            Select Operator
              expressions: key (type: string), value (type: string)
              outputColumnNames: _col0, _col1
              Statistics: Num rows: 500 Data size: 5312 Basic stats: COMPLETE Column stats: NONE
              Reduce Output Operator
                null sort order: 
                sort order: 
                Statistics: Num rows: 500 Data size: 5312 Basic stats: COMPLETE Column stats: NONE
                tag: 0
                value expressions: _col0 (type: string), _col1 (type: string)
                auto parallelism: false
          TableScan
            alias: b
            Statistics: Num rows: 1 Data size: 0 Basic stats: PARTIAL Column stats: NONE
            GatherStats: false
            Filter Operator
              isSamplingPred: false
              predicate: ((ds = '2008-04-08') and (hr = '14')) (type: boolean)
              Statistics: Num rows: 1 Data size: 0 Basic stats: PARTIAL Column stats: NONE
              Select Operator
                expressions: key (type: string), value (type: string)
                outputColumnNames: _col0, _col1
                Statistics: Num rows: 1 Data size: 0 Basic stats: PARTIAL Column stats: NONE
                Reduce Output Operator
                  null sort order: 
                  sort order: 
                  Statistics: Num rows: 1 Data size: 0 Basic stats: PARTIAL Column stats: NONE
                  tag: 1
                  value expressions: _col0 (type: string), _col1 (type: string)
                  auto parallelism: false
      Path -> Alias:
#### A masked pattern was here ####
      Path -> Partition:
#### A masked pattern was here ####
          Partition
            base file name: hr=11
            input format: org.apache.hadoop.mapred.TextInputFormat
            output format: org.apache.hadoop.hive.ql.io.HiveIgnoreKeyTextOutputFormat
            partition values:
              ds 2008-04-08
              hr 11
            properties:
              COLUMN_STATS_ACCURATE {"BASIC_STATS":"true","COLUMN_STATS":{"key":"true","value":"true"}}
              bucket_count -1
              column.name.delimiter ,
              columns key,value
              columns.comments 'default','default'
              columns.types string:string
#### A masked pattern was here ####
              name default.srcpart
              numFiles 1
              numRows 500
              partition_columns ds/hr
              partition_columns.types string:string
              rawDataSize 5312
              serialization.ddl struct srcpart { string key, string value}
              serialization.format 1
              serialization.lib org.apache.hadoop.hive.serde2.lazy.LazySimpleSerDe
              totalSize 5812
#### A masked pattern was here ####
            serde: org.apache.hadoop.hive.serde2.lazy.LazySimpleSerDe
          
              input format: org.apache.hadoop.mapred.TextInputFormat
              output format: org.apache.hadoop.hive.ql.io.HiveIgnoreKeyTextOutputFormat
              properties:
                bucket_count -1
                column.name.delimiter ,
                columns key,value
                columns.comments 'default','default'
                columns.types string:string
#### A masked pattern was here ####
                name default.srcpart
                partition_columns ds/hr
                partition_columns.types string:string
                serialization.ddl struct srcpart { string key, string value}
                serialization.format 1
                serialization.lib org.apache.hadoop.hive.serde2.lazy.LazySimpleSerDe
#### A masked pattern was here ####
              serde: org.apache.hadoop.hive.serde2.lazy.LazySimpleSerDe
              name: default.srcpart
            name: default.srcpart
      Truncated Path -> Alias:
        /srcpart/ds=2008-04-08/hr=11 [$hdt$_0:a]
      Needs Tagging: true
      Reduce Operator Tree:
        Join Operator
          condition map:
               Inner Join 0 to 1
          keys:
            0 
            1 
          outputColumnNames: _col0, _col1, _col4, _col5
          Statistics: Num rows: 500 Data size: 5812 Basic stats: COMPLETE Column stats: NONE
          Select Operator
            expressions: _col0 (type: string), _col1 (type: string), '2008-04-08' (type: string), '11' (type: string), _col4 (type: string), _col5 (type: string), '2008-04-08' (type: string), '14' (type: string)
            outputColumnNames: _col0, _col1, _col2, _col3, _col4, _col5, _col6, _col7
            Statistics: Num rows: 500 Data size: 5812 Basic stats: COMPLETE Column stats: NONE
            Limit
              Number of rows: 5
              Statistics: Num rows: 5 Data size: 55 Basic stats: COMPLETE Column stats: NONE
              File Output Operator
                compressed: false
                GlobalTableId: 0
#### A masked pattern was here ####
                NumFilesPerFileSink: 1
                Statistics: Num rows: 5 Data size: 55 Basic stats: COMPLETE Column stats: NONE
#### A masked pattern was here ####
                table:
                    input format: org.apache.hadoop.mapred.SequenceFileInputFormat
                    output format: org.apache.hadoop.hive.ql.io.HiveSequenceFileOutputFormat
                    properties:
                      columns _col0,_col1,_col2,_col3,_col4,_col5,_col6,_col7
                      columns.types string:string:string:string:string:string:string:string
                      escape.delim \
                      hive.serialization.extend.additional.nesting.levels true
                      serialization.escape.crlf true
                      serialization.format 1
                      serialization.lib org.apache.hadoop.hive.serde2.lazy.LazySimpleSerDe
                    serde: org.apache.hadoop.hive.serde2.lazy.LazySimpleSerDe
                TotalFiles: 1
                GatherStats: false
                MultiFileSpray: false

  Stage: Stage-0
    Fetch Operator
      limit: 5
      Processor Tree:
        ListSink

Warning: Shuffle Join JOIN[8][tables = [$hdt$_0, $hdt$_1]] in Stage 'Stage-1:MAPRED' is a cross product
PREHOOK: query: select * from srcpart a join srcpart b where a.ds = '2008-04-08' and a.hr = '11' and b.ds = '2008-04-08' and b.hr = '14' limit 5
PREHOOK: type: QUERY
PREHOOK: Input: default@srcpart
PREHOOK: Input: default@srcpart@ds=2008-04-08/hr=11
#### A masked pattern was here ####
POSTHOOK: query: select * from srcpart a join srcpart b where a.ds = '2008-04-08' and a.hr = '11' and b.ds = '2008-04-08' and b.hr = '14' limit 5
POSTHOOK: type: QUERY
POSTHOOK: Input: default@srcpart
POSTHOOK: Input: default@srcpart@ds=2008-04-08/hr=11
#### A masked pattern was here ####
