PREHOOK: query: CREATE TABLE dest1_n167(c1 DOUBLE, c2 INT) STORED AS TEXTFILE
PREHOOK: type: CREATETABLE
PREHOOK: Output: database:default
PREHOOK: Output: default@dest1_n167
POSTHOOK: query: CREATE TABLE dest1_n167(c1 DOUBLE, c2 INT) STORED AS TEXTFILE
POSTHOOK: type: CREATETABLE
POSTHOOK: Output: database:default
POSTHOOK: Output: default@dest1_n167
PREHOOK: query: EXPLAIN
FROM src1
INSERT OVERWRITE TABLE dest1_n167 SELECT NULL, src1.key
PREHOOK: type: QUERY
POSTHOOK: query: EXPLAIN
FROM src1
INSERT OVERWRITE TABLE dest1_n167 SELECT NULL, src1.key
POSTHOOK: type: QUERY
STAGE DEPENDENCIES:
  Stage-1 is a root stage
  Stage-7 depends on stages: Stage-1 , consists of Stage-4, Stage-3, Stage-5
  Stage-4
  Stage-0 depends on stages: Stage-4, Stage-3, Stage-6
  Stage-2 depends on stages: Stage-0
  Stage-3
  Stage-5
  Stage-6 depends on stages: Stage-5

STAGE PLANS:
  Stage: Stage-1
    Map Reduce
      Map Operator Tree:
          TableScan
            alias: src1
            Statistics: Num rows: 25 Data size: 191 Basic stats: COMPLETE Column stats: NONE
            Select Operator
              expressions: null (type: double), UDFToInteger(key) (type: int)
              outputColumnNames: _col0, _col1
              Statistics: Num rows: 25 Data size: 191 Basic stats: COMPLETE Column stats: NONE
              File Output Operator
                compressed: false
                Statistics: Num rows: 25 Data size: 191 Basic stats: COMPLETE Column stats: NONE
                table:
                    input format: org.apache.hadoop.mapred.TextInputFormat
                    output format: org.apache.hadoop.hive.ql.io.HiveIgnoreKeyTextOutputFormat
                    serde: org.apache.hadoop.hive.serde2.lazy.LazySimpleSerDe
                    name: default.dest1_n167
              Select Operator
                expressions: _col0 (type: double), _col1 (type: int)
                outputColumnNames: c1, c2
                Statistics: Num rows: 25 Data size: 191 Basic stats: COMPLETE Column stats: NONE
                Group By Operator
                  aggregations: compute_stats(c1, 'hll'), compute_stats(c2, 'hll')
                  mode: hash
                  outputColumnNames: _col0, _col1
                  Statistics: Num rows: 1 Data size: 848 Basic stats: COMPLETE Column stats: NONE
                  Reduce Output Operator
                    sort order: 
                    Statistics: Num rows: 1 Data size: 848 Basic stats: COMPLETE Column stats: NONE
                    value expressions: _col0 (type: struct<columntype:string,min:double,max:double,countnulls:bigint,bitvector:binary>), _col1 (type: struct<columntype:string,min:bigint,max:bigint,countnulls:bigint,bitvector:binary>)
      Reduce Operator Tree:
        Group By Operator
          aggregations: compute_stats(VALUE._col0), compute_stats(VALUE._col1)
          mode: mergepartial
          outputColumnNames: _col0, _col1
          Statistics: Num rows: 1 Data size: 880 Basic stats: COMPLETE Column stats: NONE
          File Output Operator
            compressed: false
            Statistics: Num rows: 1 Data size: 880 Basic stats: COMPLETE Column stats: NONE
            table:
                input format: org.apache.hadoop.mapred.SequenceFileInputFormat
                output format: org.apache.hadoop.hive.ql.io.HiveSequenceFileOutputFormat
                serde: org.apache.hadoop.hive.serde2.lazy.LazySimpleSerDe

  Stage: Stage-7
    Conditional Operator

  Stage: Stage-4
    Move Operator
      files:
          hdfs directory: true
#### A masked pattern was here ####

  Stage: Stage-0
    Move Operator
      tables:
          replace: true
          table:
              input format: org.apache.hadoop.mapred.TextInputFormat
              output format: org.apache.hadoop.hive.ql.io.HiveIgnoreKeyTextOutputFormat
              serde: org.apache.hadoop.hive.serde2.lazy.LazySimpleSerDe
              name: default.dest1_n167

  Stage: Stage-2
    Stats Work
      Basic Stats Work:
      Column Stats Desc:
          Columns: c1, c2
          Column Types: double, int
          Table: default.dest1_n167

  Stage: Stage-3
    Map Reduce
      Map Operator Tree:
          TableScan
            File Output Operator
              compressed: false
              table:
                  input format: org.apache.hadoop.mapred.TextInputFormat
                  output format: org.apache.hadoop.hive.ql.io.HiveIgnoreKeyTextOutputFormat
                  serde: org.apache.hadoop.hive.serde2.lazy.LazySimpleSerDe
                  name: default.dest1_n167

  Stage: Stage-5
    Map Reduce
      Map Operator Tree:
          TableScan
            File Output Operator
              compressed: false
              table:
                  input format: org.apache.hadoop.mapred.TextInputFormat
                  output format: org.apache.hadoop.hive.ql.io.HiveIgnoreKeyTextOutputFormat
                  serde: org.apache.hadoop.hive.serde2.lazy.LazySimpleSerDe
                  name: default.dest1_n167

  Stage: Stage-6
    Move Operator
      files:
          hdfs directory: true
#### A masked pattern was here ####

PREHOOK: query: FROM src1
INSERT OVERWRITE TABLE dest1_n167 SELECT NULL, src1.key
PREHOOK: type: QUERY
PREHOOK: Input: default@src1
PREHOOK: Output: default@dest1_n167
POSTHOOK: query: FROM src1
INSERT OVERWRITE TABLE dest1_n167 SELECT NULL, src1.key
POSTHOOK: type: QUERY
POSTHOOK: Input: default@src1
POSTHOOK: Output: default@dest1_n167
POSTHOOK: Lineage: dest1_n167.c1 EXPRESSION []
POSTHOOK: Lineage: dest1_n167.c2 EXPRESSION [(src1)src1.FieldSchema(name:key, type:string, comment:default), ]
PREHOOK: query: SELECT dest1_n167.* FROM dest1_n167
PREHOOK: type: QUERY
PREHOOK: Input: default@dest1_n167
#### A masked pattern was here ####
POSTHOOK: query: SELECT dest1_n167.* FROM dest1_n167
POSTHOOK: type: QUERY
POSTHOOK: Input: default@dest1_n167
#### A masked pattern was here ####
NULL	238
NULL	NULL
NULL	311
NULL	NULL
NULL	NULL
NULL	NULL
NULL	255
NULL	278
NULL	98
NULL	NULL
NULL	NULL
NULL	NULL
NULL	401
NULL	150
NULL	273
NULL	224
NULL	369
NULL	66
NULL	128
NULL	213
NULL	146
NULL	406
NULL	NULL
NULL	NULL
NULL	NULL
