PREHOOK: query: EXPLAIN
FROM src_thrift
SELECT src_thrift.mstringstring['key_9'], lintstring.myint
WHERE src_thrift.mstringstring['key_9'] IS NOT NULL
      AND lintstring.myint IS NOT NULL
      AND lintstring IS NOT NULL
PREHOOK: type: QUERY
PREHOOK: Input: default@src_thrift
#### A masked pattern was here ####
POSTHOOK: query: EXPLAIN
FROM src_thrift
SELECT src_thrift.mstringstring['key_9'], lintstring.myint
WHERE src_thrift.mstringstring['key_9'] IS NOT NULL
      AND lintstring.myint IS NOT NULL
      AND lintstring IS NOT NULL
POSTHOOK: type: QUERY
POSTHOOK: Input: default@src_thrift
#### A masked pattern was here ####
STAGE DEPENDENCIES:
  Stage-1 is a root stage
  Stage-0 depends on stages: Stage-1

STAGE PLANS:
  Stage: Stage-1
    Map Reduce
      Map Operator Tree:
          TableScan
            alias: src_thrift
            Statistics: Num rows: 11 Data size: 38280 Basic stats: COMPLETE Column stats: NONE
            Filter Operator
              predicate: (mstringstring['key_9'] is not null and lintstring.myint is not null and lintstring is not null) (type: boolean)
              Statistics: Num rows: 11 Data size: 38280 Basic stats: COMPLETE Column stats: NONE
              Select Operator
                expressions: mstringstring['key_9'] (type: string), lintstring.myint (type: array<int>)
                outputColumnNames: _col0, _col1
                Statistics: Num rows: 11 Data size: 38280 Basic stats: COMPLETE Column stats: NONE
                File Output Operator
                  compressed: false
                  Statistics: Num rows: 11 Data size: 38280 Basic stats: COMPLETE Column stats: NONE
                  table:
                      input format: org.apache.hadoop.mapred.SequenceFileInputFormat
                      output format: org.apache.hadoop.hive.ql.io.HiveSequenceFileOutputFormat
                      serde: org.apache.hadoop.hive.serde2.lazy.LazySimpleSerDe

  Stage: Stage-0
    Fetch Operator
      limit: -1
      Processor Tree:
        ListSink

PREHOOK: query: FROM src_thrift
SELECT src_thrift.mstringstring['key_9'], lintstring.myint
WHERE src_thrift.mstringstring['key_9'] IS NOT NULL
      OR lintstring.myint IS NOT NULL
      OR lintstring IS NOT NULL
PREHOOK: type: QUERY
PREHOOK: Input: default@src_thrift
#### A masked pattern was here ####
POSTHOOK: query: FROM src_thrift
SELECT src_thrift.mstringstring['key_9'], lintstring.myint
WHERE src_thrift.mstringstring['key_9'] IS NOT NULL
      OR lintstring.myint IS NOT NULL
      OR lintstring IS NOT NULL
POSTHOOK: type: QUERY
POSTHOOK: Input: default@src_thrift
#### A masked pattern was here ####
NULL	[0]
NULL	[1]
NULL	[4]
NULL	[9]
NULL	[16]
NULL	[25]
NULL	[36]
NULL	[49]
NULL	[64]
value_9	[81]
PREHOOK: query: EXPLAIN
FROM src_thrift
SELECT src_thrift.mstringstring['key_9'], lintstring.myint
WHERE src_thrift.mstringstring['key_9'] IS NOT NULL
      AND lintstring.myint IS NOT NULL
      AND lintstring IS NOT NULL
PREHOOK: type: QUERY
PREHOOK: Input: default@src_thrift
#### A masked pattern was here ####
POSTHOOK: query: EXPLAIN
FROM src_thrift
SELECT src_thrift.mstringstring['key_9'], lintstring.myint
WHERE src_thrift.mstringstring['key_9'] IS NOT NULL
      AND lintstring.myint IS NOT NULL
      AND lintstring IS NOT NULL
POSTHOOK: type: QUERY
POSTHOOK: Input: default@src_thrift
#### A masked pattern was here ####
STAGE DEPENDENCIES:
  Stage-1 is a root stage
  Stage-0 depends on stages: Stage-1

STAGE PLANS:
  Stage: Stage-1
    Map Reduce
      Map Operator Tree:
          TableScan
            alias: src_thrift
            filterExpr: (mstringstring['key_9'] is not null and lintstring.myint is not null and lintstring is not null) (type: boolean)
            Statistics: Num rows: 11 Data size: 38280 Basic stats: COMPLETE Column stats: NONE
            Filter Operator
              predicate: (mstringstring['key_9'] is not null and lintstring.myint is not null and lintstring is not null) (type: boolean)
              Statistics: Num rows: 11 Data size: 38280 Basic stats: COMPLETE Column stats: NONE
              Select Operator
                expressions: mstringstring['key_9'] (type: string), lintstring.myint (type: array<int>)
                outputColumnNames: _col0, _col1
                Statistics: Num rows: 11 Data size: 38280 Basic stats: COMPLETE Column stats: NONE
                File Output Operator
                  compressed: false
                  Statistics: Num rows: 11 Data size: 38280 Basic stats: COMPLETE Column stats: NONE
                  table:
                      input format: org.apache.hadoop.mapred.SequenceFileInputFormat
                      output format: org.apache.hadoop.hive.ql.io.HiveSequenceFileOutputFormat
                      serde: org.apache.hadoop.hive.serde2.lazy.LazySimpleSerDe

  Stage: Stage-0
    Fetch Operator
      limit: -1
      Processor Tree:
        ListSink

PREHOOK: query: FROM src_thrift
SELECT src_thrift.mstringstring['key_9'], lintstring.myint
WHERE src_thrift.mstringstring['key_9'] IS NOT NULL
      OR lintstring.myint IS NOT NULL
      OR lintstring IS NOT NULL
PREHOOK: type: QUERY
PREHOOK: Input: default@src_thrift
#### A masked pattern was here ####
POSTHOOK: query: FROM src_thrift
SELECT src_thrift.mstringstring['key_9'], lintstring.myint
WHERE src_thrift.mstringstring['key_9'] IS NOT NULL
      OR lintstring.myint IS NOT NULL
      OR lintstring IS NOT NULL
POSTHOOK: type: QUERY
POSTHOOK: Input: default@src_thrift
#### A masked pattern was here ####
NULL	[0]
NULL	[1]
NULL	[4]
NULL	[9]
NULL	[16]
NULL	[25]
NULL	[36]
NULL	[49]
NULL	[64]
value_9	[81]
