PREHOOK: query: CREATE TABLE dest1_n35(key STRING, value STRING) STORED AS TEXTFILE
PREHOOK: type: CREATETABLE
PREHOOK: Output: database:default
PREHOOK: Output: default@dest1_n35
POSTHOOK: query: CREATE TABLE dest1_n35(key STRING, value STRING) STORED AS TEXTFILE
POSTHOOK: type: CREATETABLE
POSTHOOK: Output: database:default
POSTHOOK: Output: default@dest1_n35
PREHOOK: query: EXPLAIN
FROM src1
INSERT OVERWRITE TABLE dest1_n35 SELECT src1.key, src1.value WHERE src1.key is null
PREHOOK: type: QUERY
POSTHOOK: query: EXPLAIN
FROM src1
INSERT OVERWRITE TABLE dest1_n35 SELECT src1.key, src1.value WHERE src1.key is null
POSTHOOK: type: QUERY
STAGE DEPENDENCIES:
  Stage-1 is a root stage
  Stage-7 depends on stages: Stage-1 , consists of Stage-4, Stage-3, Stage-5
  Stage-4
  Stage-0 depends on stages: Stage-4, Stage-3, Stage-6
  Stage-2 depends on stages: Stage-0
  Stage-3
  Stage-5
  Stage-6 depends on stages: Stage-5

STAGE PLANS:
  Stage: Stage-1
    Map Reduce
      Map Operator Tree:
          TableScan
            alias: src1
            Statistics: Num rows: 25 Data size: 191 Basic stats: COMPLETE Column stats: NONE
            Filter Operator
              predicate: key is null (type: boolean)
              Statistics: Num rows: 12 Data size: 91 Basic stats: COMPLETE Column stats: NONE
              Select Operator
                expressions: null (type: string), value (type: string)
                outputColumnNames: _col0, _col1
                Statistics: Num rows: 12 Data size: 91 Basic stats: COMPLETE Column stats: NONE
                File Output Operator
                  compressed: false
                  Statistics: Num rows: 12 Data size: 91 Basic stats: COMPLETE Column stats: NONE
                  table:
                      input format: org.apache.hadoop.mapred.TextInputFormat
                      output format: org.apache.hadoop.hive.ql.io.HiveIgnoreKeyTextOutputFormat
                      serde: org.apache.hadoop.hive.serde2.lazy.LazySimpleSerDe
                      name: default.dest1_n35
                Select Operator
                  expressions: _col0 (type: string), _col1 (type: string)
                  outputColumnNames: key, value
                  Statistics: Num rows: 12 Data size: 91 Basic stats: COMPLETE Column stats: NONE
                  Group By Operator
                    aggregations: compute_stats(key, 'hll'), compute_stats(value, 'hll')
                    mode: hash
                    outputColumnNames: _col0, _col1
                    Statistics: Num rows: 1 Data size: 880 Basic stats: COMPLETE Column stats: NONE
                    Reduce Output Operator
                      sort order: 
                      Statistics: Num rows: 1 Data size: 880 Basic stats: COMPLETE Column stats: NONE
                      value expressions: _col0 (type: struct<columntype:string,maxlength:bigint,sumlength:bigint,count:bigint,countnulls:bigint,bitvector:binary>), _col1 (type: struct<columntype:string,maxlength:bigint,sumlength:bigint,count:bigint,countnulls:bigint,bitvector:binary>)
      Reduce Operator Tree:
        Group By Operator
          aggregations: compute_stats(VALUE._col0), compute_stats(VALUE._col1)
          mode: mergepartial
          outputColumnNames: _col0, _col1
          Statistics: Num rows: 1 Data size: 880 Basic stats: COMPLETE Column stats: NONE
          File Output Operator
            compressed: false
            Statistics: Num rows: 1 Data size: 880 Basic stats: COMPLETE Column stats: NONE
            table:
                input format: org.apache.hadoop.mapred.SequenceFileInputFormat
                output format: org.apache.hadoop.hive.ql.io.HiveSequenceFileOutputFormat
                serde: org.apache.hadoop.hive.serde2.lazy.LazySimpleSerDe

  Stage: Stage-7
    Conditional Operator

  Stage: Stage-4
    Move Operator
      files:
          hdfs directory: true
#### A masked pattern was here ####

  Stage: Stage-0
    Move Operator
      tables:
          replace: true
          table:
              input format: org.apache.hadoop.mapred.TextInputFormat
              output format: org.apache.hadoop.hive.ql.io.HiveIgnoreKeyTextOutputFormat
              serde: org.apache.hadoop.hive.serde2.lazy.LazySimpleSerDe
              name: default.dest1_n35

  Stage: Stage-2
    Stats Work
      Basic Stats Work:
      Column Stats Desc:
          Columns: key, value
          Column Types: string, string
          Table: default.dest1_n35

  Stage: Stage-3
    Map Reduce
      Map Operator Tree:
          TableScan
            File Output Operator
              compressed: false
              table:
                  input format: org.apache.hadoop.mapred.TextInputFormat
                  output format: org.apache.hadoop.hive.ql.io.HiveIgnoreKeyTextOutputFormat
                  serde: org.apache.hadoop.hive.serde2.lazy.LazySimpleSerDe
                  name: default.dest1_n35

  Stage: Stage-5
    Map Reduce
      Map Operator Tree:
          TableScan
            File Output Operator
              compressed: false
              table:
                  input format: org.apache.hadoop.mapred.TextInputFormat
                  output format: org.apache.hadoop.hive.ql.io.HiveIgnoreKeyTextOutputFormat
                  serde: org.apache.hadoop.hive.serde2.lazy.LazySimpleSerDe
                  name: default.dest1_n35

  Stage: Stage-6
    Move Operator
      files:
          hdfs directory: true
#### A masked pattern was here ####

PREHOOK: query: FROM src1
INSERT OVERWRITE TABLE dest1_n35 SELECT src1.key, src1.value WHERE src1.key is null
PREHOOK: type: QUERY
PREHOOK: Input: default@src1
PREHOOK: Output: default@dest1_n35
POSTHOOK: query: FROM src1
INSERT OVERWRITE TABLE dest1_n35 SELECT src1.key, src1.value WHERE src1.key is null
POSTHOOK: type: QUERY
POSTHOOK: Input: default@src1
POSTHOOK: Output: default@dest1_n35
POSTHOOK: Lineage: dest1_n35.key SIMPLE []
POSTHOOK: Lineage: dest1_n35.value SIMPLE [(src1)src1.FieldSchema(name:value, type:string, comment:default), ]
PREHOOK: query: SELECT dest1_n35.* FROM dest1_n35
PREHOOK: type: QUERY
PREHOOK: Input: default@dest1_n35
#### A masked pattern was here ####
POSTHOOK: query: SELECT dest1_n35.* FROM dest1_n35
POSTHOOK: type: QUERY
POSTHOOK: Input: default@dest1_n35
#### A masked pattern was here ####
