PREHOOK: query: EXPLAIN
SELECT x.* FROM SRCPART x WHERE x.ds = '2008-04-08' and x.hr = 15
PREHOOK: type: QUERY
POSTHOOK: query: EXPLAIN
SELECT x.* FROM SRCPART x WHERE x.ds = '2008-04-08' and x.hr = 15
POSTHOOK: type: QUERY
STAGE DEPENDENCIES:
  Stage-0 is a root stage

STAGE PLANS:
  Stage: Stage-0
    Fetch Operator
      limit: -1
      Processor Tree:
        TableScan
          alias: x
          Statistics: Num rows: 1 Data size: 0 Basic stats: PARTIAL Column stats: NONE
          Filter Operator
            predicate: ((UDFToDouble(hr) = 15.0D) and (ds = '2008-04-08')) (type: boolean)
            Statistics: Num rows: 1 Data size: 0 Basic stats: PARTIAL Column stats: NONE
            Select Operator
              expressions: key (type: string), value (type: string), '2008-04-08' (type: string), hr (type: string)
              outputColumnNames: _col0, _col1, _col2, _col3
              Statistics: Num rows: 1 Data size: 0 Basic stats: PARTIAL Column stats: NONE
              ListSink

PREHOOK: query: SELECT x.* FROM SRCPART x WHERE x.ds = '2008-04-08' and x.hr = 15
PREHOOK: type: QUERY
PREHOOK: Input: default@srcpart
#### A masked pattern was here ####
POSTHOOK: query: SELECT x.* FROM SRCPART x WHERE x.ds = '2008-04-08' and x.hr = 15
POSTHOOK: type: QUERY
POSTHOOK: Input: default@srcpart
#### A masked pattern was here ####
