PREHOOK: query: EXPLAIN
SELECT x.* FROM SRCPART x WHERE ds = '2008-04-08' LIMIT 10
PREHOOK: type: QUERY
POSTHOOK: query: EXPLAIN
SELECT x.* FROM SRCPART x WHERE ds = '2008-04-08' LIMIT 10
POSTHOOK: type: QUERY
STAGE DEPENDENCIES:
  Stage-0 is a root stage

STAGE PLANS:
  Stage: Stage-0
    Fetch Operator
      limit: 10
      Processor Tree:
        TableScan
          alias: x
          Statistics: Num rows: 1000 Data size: 10624 Basic stats: COMPLETE Column stats: NONE
          Select Operator
            expressions: key (type: string), value (type: string), '2008-04-08' (type: string), hr (type: string)
            outputColumnNames: _col0, _col1, _col2, _col3
            Statistics: Num rows: 1000 Data size: 10624 Basic stats: COMPLETE Column stats: NONE
            Limit
              Number of rows: 10
              Statistics: Num rows: 10 Data size: 100 Basic stats: COMPLETE Column stats: NONE
              ListSink

PREHOOK: query: SELECT x.* FROM SRCPART x WHERE ds = '2008-04-08' LIMIT 10
PREHOOK: type: QUERY
PREHOOK: Input: default@srcpart
PREHOOK: Input: default@srcpart@ds=2008-04-08/hr=11
PREHOOK: Input: default@srcpart@ds=2008-04-08/hr=12
#### A masked pattern was here ####
POSTHOOK: query: SELECT x.* FROM SRCPART x WHERE ds = '2008-04-08' LIMIT 10
POSTHOOK: type: QUERY
POSTHOOK: Input: default@srcpart
POSTHOOK: Input: default@srcpart@ds=2008-04-08/hr=11
POSTHOOK: Input: default@srcpart@ds=2008-04-08/hr=12
#### A masked pattern was here ####
238	val_238	2008-04-08	11
86	val_86	2008-04-08	11
311	val_311	2008-04-08	11
27	val_27	2008-04-08	11
165	val_165	2008-04-08	11
409	val_409	2008-04-08	11
255	val_255	2008-04-08	11
278	val_278	2008-04-08	11
98	val_98	2008-04-08	11
484	val_484	2008-04-08	11
