PREHOOK: query: create table tst_dest31(a int)
PREHOOK: type: CREATETABLE
PREHOOK: Output: database:default
PREHOOK: Output: default@tst_dest31
POSTHOOK: query: create table tst_dest31(a int)
POSTHOOK: type: CREATETABLE
POSTHOOK: Output: database:default
POSTHOOK: Output: default@tst_dest31
PREHOOK: query: create table dest31(a int)
PREHOOK: type: CREATETABLE
PREHOOK: Output: database:default
PREHOOK: Output: default@dest31
POSTHOOK: query: create table dest31(a int)
POSTHOOK: type: CREATETABLE
POSTHOOK: Output: database:default
POSTHOOK: Output: default@dest31
PREHOOK: query: explain 
insert overwrite table dest31
select count(1) from srcbucket
PREHOOK: type: QUERY
POSTHOOK: query: explain 
insert overwrite table dest31
select count(1) from srcbucket
POSTHOOK: type: QUERY
STAGE DEPENDENCIES:
  Stage-1 is a root stage
  Stage-0 depends on stages: Stage-1
  Stage-2 depends on stages: Stage-0

STAGE PLANS:
  Stage: Stage-1
    Map Reduce
      Map Operator Tree:
          TableScan
            alias: srcbucket
            Statistics: Num rows: 1000 Data size: 10603 Basic stats: COMPLETE Column stats: NONE
            Filter Operator
              predicate: (((hash(key) & 2147483647) % 2) = 0) (type: boolean)
              Statistics: Num rows: 500 Data size: 5301 Basic stats: COMPLETE Column stats: NONE
              Select Operator
                Statistics: Num rows: 500 Data size: 5301 Basic stats: COMPLETE Column stats: NONE
                Group By Operator
                  aggregations: count()
                  mode: hash
                  outputColumnNames: _col0
                  Statistics: Num rows: 1 Data size: 8 Basic stats: COMPLETE Column stats: NONE
                  Reduce Output Operator
                    sort order: 
                    Statistics: Num rows: 1 Data size: 8 Basic stats: COMPLETE Column stats: NONE
                    value expressions: _col0 (type: bigint)
      Reduce Operator Tree:
        Group By Operator
          aggregations: count(VALUE._col0)
          mode: mergepartial
          outputColumnNames: _col0
          Statistics: Num rows: 1 Data size: 8 Basic stats: COMPLETE Column stats: NONE
          Select Operator
            expressions: UDFToInteger(_col0) (type: int)
            outputColumnNames: _col0
            Statistics: Num rows: 1 Data size: 8 Basic stats: COMPLETE Column stats: NONE
            File Output Operator
              compressed: false
              Statistics: Num rows: 1 Data size: 8 Basic stats: COMPLETE Column stats: NONE
              table:
                  input format: org.apache.hadoop.mapred.TextInputFormat
                  output format: org.apache.hadoop.hive.ql.io.HiveIgnoreKeyTextOutputFormat
                  serde: org.apache.hadoop.hive.serde2.lazy.LazySimpleSerDe
                  name: default.tst_dest31
            Select Operator
              expressions: _col0 (type: int)
              outputColumnNames: a
              Statistics: Num rows: 1 Data size: 8 Basic stats: COMPLETE Column stats: NONE
              Group By Operator
                aggregations: compute_stats(a, 'hll')
                mode: complete
                outputColumnNames: _col0
                Statistics: Num rows: 1 Data size: 424 Basic stats: COMPLETE Column stats: NONE
                Select Operator
                  expressions: _col0 (type: struct<columntype:string,min:bigint,max:bigint,countnulls:bigint,numdistinctvalues:bigint,ndvbitvector:binary>)
                  outputColumnNames: _col0
                  Statistics: Num rows: 1 Data size: 424 Basic stats: COMPLETE Column stats: NONE
                  File Output Operator
                    compressed: false
                    Statistics: Num rows: 1 Data size: 424 Basic stats: COMPLETE Column stats: NONE
                    table:
                        input format: org.apache.hadoop.mapred.SequenceFileInputFormat
                        output format: org.apache.hadoop.hive.ql.io.HiveSequenceFileOutputFormat
                        serde: org.apache.hadoop.hive.serde2.lazy.LazySimpleSerDe

  Stage: Stage-0
    Move Operator
      tables:
          replace: true
          table:
              input format: org.apache.hadoop.mapred.TextInputFormat
              output format: org.apache.hadoop.hive.ql.io.HiveIgnoreKeyTextOutputFormat
              serde: org.apache.hadoop.hive.serde2.lazy.LazySimpleSerDe
              name: default.tst_dest31

  Stage: Stage-2
    Stats Work
      Basic Stats Work:
      Column Stats Desc:
          Columns: a
          Column Types: int
          Table: default.tst_dest31

PREHOOK: query: insert overwrite table dest31
select count(1) from srcbucket
PREHOOK: type: QUERY
PREHOOK: Input: default@srcbucket
PREHOOK: Output: default@tst_dest31
POSTHOOK: query: insert overwrite table dest31
select count(1) from srcbucket
POSTHOOK: type: QUERY
POSTHOOK: Input: default@srcbucket
POSTHOOK: Output: default@tst_dest31
POSTHOOK: Lineage: tst_dest31.a EXPRESSION [(srcbucket)srcbucket.null, ]
PREHOOK: query: select * from tst_dest31
PREHOOK: type: QUERY
PREHOOK: Input: default@tst_dest31
#### A masked pattern was here ####
POSTHOOK: query: select * from tst_dest31
POSTHOOK: type: QUERY
POSTHOOK: Input: default@tst_dest31
#### A masked pattern was here ####
493
