PREHOOK: query: CREATE TABLE part_special (
  a STRING,
  b STRING
) PARTITIONED BY (
  ds STRING,
  ts STRING
)
PREHOOK: type: CREATETABLE
PREHOOK: Output: database:default
PREHOOK: Output: default@part_special
POSTHOOK: query: CREATE TABLE part_special (
  a STRING,
  b STRING
) PARTITIONED BY (
  ds STRING,
  ts STRING
)
POSTHOOK: type: CREATETABLE
POSTHOOK: Output: database:default
POSTHOOK: Output: default@part_special
PREHOOK: query: EXPLAIN
INSERT OVERWRITE TABLE part_special PARTITION(ds='2008 04 08', ts = '10:11:12=455')
SELECT 1, 2 FROM src LIMIT 1
PREHOOK: type: QUERY
POSTHOOK: query: EXPLAIN
INSERT OVERWRITE TABLE part_special PARTITION(ds='2008 04 08', ts = '10:11:12=455')
SELECT 1, 2 FROM src LIMIT 1
POSTHOOK: type: QUERY
STAGE DEPENDENCIES:
  Stage-1 is a root stage
  Stage-0 depends on stages: Stage-1
  Stage-2 depends on stages: Stage-0

STAGE PLANS:
  Stage: Stage-1
    Map Reduce
      Map Operator Tree:
          TableScan
            alias: src
            Statistics: Num rows: 500 Data size: 5312 Basic stats: COMPLETE Column stats: COMPLETE
            Select Operator
              expressions: 1 (type: int), 2 (type: int)
              outputColumnNames: _col0, _col1
              Statistics: Num rows: 500 Data size: 4000 Basic stats: COMPLETE Column stats: COMPLETE
              Limit
                Number of rows: 1
                Statistics: Num rows: 1 Data size: 8 Basic stats: COMPLETE Column stats: COMPLETE
                Reduce Output Operator
                  sort order: 
                  Statistics: Num rows: 1 Data size: 8 Basic stats: COMPLETE Column stats: COMPLETE
                  TopN Hash Memory Usage: 0.1
                  value expressions: _col0 (type: int), _col1 (type: int)
      Reduce Operator Tree:
        Select Operator
          expressions: VALUE._col0 (type: int), VALUE._col1 (type: int)
          outputColumnNames: _col0, _col1
          Statistics: Num rows: 1 Data size: 8 Basic stats: COMPLETE Column stats: COMPLETE
          Limit
            Number of rows: 1
            Statistics: Num rows: 1 Data size: 8 Basic stats: COMPLETE Column stats: COMPLETE
            Select Operator
              expressions: UDFToString(_col0) (type: string), UDFToString(_col1) (type: string)
              outputColumnNames: _col0, _col1
              Statistics: Num rows: 1 Data size: 368 Basic stats: COMPLETE Column stats: COMPLETE
              File Output Operator
                compressed: false
                Statistics: Num rows: 1 Data size: 368 Basic stats: COMPLETE Column stats: COMPLETE
                table:
                    input format: org.apache.hadoop.mapred.TextInputFormat
                    output format: org.apache.hadoop.hive.ql.io.HiveIgnoreKeyTextOutputFormat
                    serde: org.apache.hadoop.hive.serde2.lazy.LazySimpleSerDe
                    name: default.part_special

  Stage: Stage-0
    Move Operator
      tables:
          partition:
            ds 2008 04 08
            ts 10:11:12=455
          replace: true
          table:
              input format: org.apache.hadoop.mapred.TextInputFormat
              output format: org.apache.hadoop.hive.ql.io.HiveIgnoreKeyTextOutputFormat
              serde: org.apache.hadoop.hive.serde2.lazy.LazySimpleSerDe
              name: default.part_special

  Stage: Stage-2
    Stats-Aggr Operator

PREHOOK: query: INSERT OVERWRITE TABLE part_special PARTITION(ds='2008 04 08', ts = '10:11:12=455')
SELECT 1, 2 FROM src LIMIT 1
PREHOOK: type: QUERY
PREHOOK: Input: default@src
PREHOOK: Output: default@part_special@ds=2008 04 08/ts=10%3A11%3A12%3D455
POSTHOOK: query: INSERT OVERWRITE TABLE part_special PARTITION(ds='2008 04 08', ts = '10:11:12=455')
SELECT 1, 2 FROM src LIMIT 1
POSTHOOK: type: QUERY
POSTHOOK: Input: default@src
POSTHOOK: Output: default@part_special@ds=2008 04 08/ts=10%3A11%3A12%3D455
POSTHOOK: Lineage: part_special PARTITION(ds=2008 04 08,ts=10:11:12=455).a EXPRESSION []
POSTHOOK: Lineage: part_special PARTITION(ds=2008 04 08,ts=10:11:12=455).b EXPRESSION []
PREHOOK: query: DESCRIBE EXTENDED part_special PARTITION(ds='2008 04 08', ts = '10:11:12=455')
PREHOOK: type: DESCTABLE
PREHOOK: Input: default@part_special
POSTHOOK: query: DESCRIBE EXTENDED part_special PARTITION(ds='2008 04 08', ts = '10:11:12=455')
POSTHOOK: type: DESCTABLE
POSTHOOK: Input: default@part_special
a                   	string              	                    
b                   	string              	                    
ds                  	string              	                    
ts                  	string              	                    
	 	 
# Partition Information	 	 
# col_name            	data_type           	comment             
	 	 
ds                  	string              	                    
ts                  	string              	                    
	 	 
#### A masked pattern was here ####
PREHOOK: query: SELECT * FROM part_special WHERE ds='2008 04 08' AND ts = '10:11:12=455'
PREHOOK: type: QUERY
PREHOOK: Input: default@part_special
PREHOOK: Input: default@part_special@ds=2008 04 08/ts=10%3A11%3A12%3D455
#### A masked pattern was here ####
POSTHOOK: query: SELECT * FROM part_special WHERE ds='2008 04 08' AND ts = '10:11:12=455'
POSTHOOK: type: QUERY
POSTHOOK: Input: default@part_special
POSTHOOK: Input: default@part_special@ds=2008 04 08/ts=10%3A11%3A12%3D455
#### A masked pattern was here ####
1	2	2008 04 08	10:11:12=455
