PREHOOK: query: create table map_table (foo STRING , bar MAP<STRING, STRING>)
ROW FORMAT DELIMITED
FIELDS TERMINATED BY '\t'
COLLECTION ITEMS TERMINATED BY ','
MAP KEYS TERMINATED BY ':'
STORED AS TEXTFILE
PREHOOK: type: CREATETABLE
PREHOOK: Output: database:default
PREHOOK: Output: default@map_table
POSTHOOK: query: create table map_table (foo STRING , bar MAP<STRING, STRING>)
ROW FORMAT DELIMITED
FIELDS TERMINATED BY '\t'
COLLECTION ITEMS TERMINATED BY ','
MAP KEYS TERMINATED BY ':'
STORED AS TEXTFILE
POSTHOOK: type: CREATETABLE
POSTHOOK: Output: database:default
POSTHOOK: Output: default@map_table
PREHOOK: query: load data local inpath "../../data/files/map_table.txt" overwrite into table map_table
PREHOOK: type: LOAD
#### A masked pattern was here ####
PREHOOK: Output: default@map_table
POSTHOOK: query: load data local inpath "../../data/files/map_table.txt" overwrite into table map_table
POSTHOOK: type: LOAD
#### A masked pattern was here ####
POSTHOOK: Output: default@map_table
PREHOOK: query: explain
select * from map_table
PREHOOK: type: QUERY
POSTHOOK: query: explain
select * from map_table
POSTHOOK: type: QUERY
STAGE DEPENDENCIES:
  Stage-1 is a root stage
  Stage-0 depends on stages: Stage-1

STAGE PLANS:
  Stage: Stage-1
    Map Reduce
      Map Operator Tree:
          TableScan
            alias: map_table
            Statistics: Num rows: 1 Data size: 520 Basic stats: COMPLETE Column stats: NONE
            Select Operator
              expressions: foo (type: string), bar (type: map<string,string>)
              outputColumnNames: _col0, _col1
              Statistics: Num rows: 1 Data size: 520 Basic stats: COMPLETE Column stats: NONE
              File Output Operator
                compressed: false
                Statistics: Num rows: 1 Data size: 520 Basic stats: COMPLETE Column stats: NONE
                table:
                    input format: org.apache.hadoop.mapred.SequenceFileInputFormat
                    output format: org.apache.hadoop.hive.ql.io.HiveSequenceFileOutputFormat
                    serde: org.apache.hadoop.hive.serde2.lazy.LazySimpleSerDe

  Stage: Stage-0
    Fetch Operator
      limit: -1
      Processor Tree:
        ListSink

PREHOOK: query: select * from map_table
PREHOOK: type: QUERY
PREHOOK: Input: default@map_table
#### A masked pattern was here ####
POSTHOOK: query: select * from map_table
POSTHOOK: type: QUERY
POSTHOOK: Input: default@map_table
#### A masked pattern was here ####
foo1	{"k1":"v1","k2":"v2","k3":"v3"}
foo2	{"k21":"v21","k22":"v22","k31":"v31"}
