PREHOOK: query: DROP TABLE insert_into6a
PREHOOK: type: DROPTABLE
POSTHOOK: query: DROP TABLE insert_into6a
POSTHOOK: type: DROPTABLE
PREHOOK: query: DROP TABLE insert_into6b
PREHOOK: type: DROPTABLE
POSTHOOK: query: DROP TABLE insert_into6b
POSTHOOK: type: DROPTABLE
PREHOOK: query: CREATE TABLE insert_into6a (key int, value string) PARTITIONED BY (ds string)
PREHOOK: type: CREATETABLE
PREHOOK: Output: database:default
PREHOOK: Output: default@insert_into6a
POSTHOOK: query: CREATE TABLE insert_into6a (key int, value string) PARTITIONED BY (ds string)
POSTHOOK: type: CREATETABLE
POSTHOOK: Output: database:default
POSTHOOK: Output: default@insert_into6a
PREHOOK: query: CREATE TABLE insert_into6b (key int, value string) PARTITIONED BY (ds string)
PREHOOK: type: CREATETABLE
PREHOOK: Output: database:default
PREHOOK: Output: default@insert_into6b
POSTHOOK: query: CREATE TABLE insert_into6b (key int, value string) PARTITIONED BY (ds string)
POSTHOOK: type: CREATETABLE
POSTHOOK: Output: database:default
POSTHOOK: Output: default@insert_into6b
PREHOOK: query: EXPLAIN INSERT INTO TABLE insert_into6a PARTITION (ds='1') 
    SELECT * FROM src LIMIT 150
PREHOOK: type: QUERY
PREHOOK: Input: default@src
PREHOOK: Output: default@insert_into6a@ds=1
POSTHOOK: query: EXPLAIN INSERT INTO TABLE insert_into6a PARTITION (ds='1') 
    SELECT * FROM src LIMIT 150
POSTHOOK: type: QUERY
POSTHOOK: Input: default@src
POSTHOOK: Output: default@insert_into6a@ds=1
STAGE DEPENDENCIES:
  Stage-1 is a root stage
  Stage-0 depends on stages: Stage-1
  Stage-2 depends on stages: Stage-0, Stage-3
  Stage-3 depends on stages: Stage-1

STAGE PLANS:
  Stage: Stage-1
    Map Reduce
      Map Operator Tree:
          TableScan
            alias: src
            Statistics: Num rows: 500 Data size: 5312 Basic stats: COMPLETE Column stats: NONE
            Select Operator
              expressions: key (type: string), value (type: string)
              outputColumnNames: _col0, _col1
              Statistics: Num rows: 500 Data size: 5312 Basic stats: COMPLETE Column stats: NONE
              Limit
                Number of rows: 150
                Statistics: Num rows: 150 Data size: 1500 Basic stats: COMPLETE Column stats: NONE
                Reduce Output Operator
                  sort order: 
                  Statistics: Num rows: 150 Data size: 1500 Basic stats: COMPLETE Column stats: NONE
                  TopN Hash Memory Usage: 0.1
                  value expressions: _col0 (type: string), _col1 (type: string)
      Execution mode: vectorized
      Reduce Operator Tree:
        Select Operator
          expressions: VALUE._col0 (type: string), VALUE._col1 (type: string)
          outputColumnNames: _col0, _col1
          Statistics: Num rows: 150 Data size: 1500 Basic stats: COMPLETE Column stats: NONE
          Limit
            Number of rows: 150
            Statistics: Num rows: 150 Data size: 1500 Basic stats: COMPLETE Column stats: NONE
            Select Operator
              expressions: UDFToInteger(_col0) (type: int), _col1 (type: string)
              outputColumnNames: _col0, _col1
              Statistics: Num rows: 150 Data size: 1500 Basic stats: COMPLETE Column stats: NONE
              File Output Operator
                compressed: false
                Statistics: Num rows: 150 Data size: 1500 Basic stats: COMPLETE Column stats: NONE
                table:
                    input format: org.apache.hadoop.mapred.TextInputFormat
                    output format: org.apache.hadoop.hive.ql.io.HiveIgnoreKeyTextOutputFormat
                    serde: org.apache.hadoop.hive.serde2.lazy.LazySimpleSerDe
                    name: default.insert_into6a
              Select Operator
                expressions: _col0 (type: int), _col1 (type: string), '1' (type: string)
                outputColumnNames: key, value, ds
                Statistics: Num rows: 150 Data size: 1500 Basic stats: COMPLETE Column stats: NONE
                Group By Operator
                  aggregations: compute_stats(key, 'hll'), compute_stats(value, 'hll')
                  keys: ds (type: string)
                  mode: hash
                  outputColumnNames: _col0, _col1, _col2
                  Statistics: Num rows: 150 Data size: 1500 Basic stats: COMPLETE Column stats: NONE
                  File Output Operator
                    compressed: false
                    table:
                        input format: org.apache.hadoop.mapred.SequenceFileInputFormat
                        output format: org.apache.hadoop.hive.ql.io.HiveSequenceFileOutputFormat
                        serde: org.apache.hadoop.hive.serde2.lazybinary.LazyBinarySerDe

  Stage: Stage-0
    Move Operator
      tables:
          partition:
            ds 1
          replace: false
          table:
              input format: org.apache.hadoop.mapred.TextInputFormat
              output format: org.apache.hadoop.hive.ql.io.HiveIgnoreKeyTextOutputFormat
              serde: org.apache.hadoop.hive.serde2.lazy.LazySimpleSerDe
              name: default.insert_into6a

  Stage: Stage-2
    Stats Work
      Basic Stats Work:
      Column Stats Desc:
          Columns: key, value
          Column Types: int, string
          Table: default.insert_into6a

  Stage: Stage-3
    Map Reduce
      Map Operator Tree:
          TableScan
            Reduce Output Operator
              key expressions: _col0 (type: string)
              sort order: +
              Map-reduce partition columns: _col0 (type: string)
              Statistics: Num rows: 150 Data size: 1500 Basic stats: COMPLETE Column stats: NONE
              value expressions: _col1 (type: struct<columntype:string,min:bigint,max:bigint,countnulls:bigint,bitvector:binary>), _col2 (type: struct<columntype:string,maxlength:bigint,sumlength:bigint,count:bigint,countnulls:bigint,bitvector:binary>)
      Execution mode: vectorized
      Reduce Operator Tree:
        Group By Operator
          aggregations: compute_stats(VALUE._col0), compute_stats(VALUE._col1)
          keys: KEY._col0 (type: string)
          mode: mergepartial
          outputColumnNames: _col0, _col1, _col2
          Statistics: Num rows: 75 Data size: 750 Basic stats: COMPLETE Column stats: NONE
          Select Operator
            expressions: _col1 (type: struct<columntype:string,min:bigint,max:bigint,countnulls:bigint,numdistinctvalues:bigint,ndvbitvector:binary>), _col2 (type: struct<columntype:string,maxlength:bigint,avglength:double,countnulls:bigint,numdistinctvalues:bigint,ndvbitvector:binary>), _col0 (type: string)
            outputColumnNames: _col0, _col1, _col2
            Statistics: Num rows: 75 Data size: 750 Basic stats: COMPLETE Column stats: NONE
            File Output Operator
              compressed: false
              Statistics: Num rows: 75 Data size: 750 Basic stats: COMPLETE Column stats: NONE
              table:
                  input format: org.apache.hadoop.mapred.SequenceFileInputFormat
                  output format: org.apache.hadoop.hive.ql.io.HiveSequenceFileOutputFormat
                  serde: org.apache.hadoop.hive.serde2.lazy.LazySimpleSerDe

PREHOOK: query: INSERT INTO TABLE insert_into6a PARTITION (ds='1') SELECT * FROM src LIMIT 150
PREHOOK: type: QUERY
PREHOOK: Input: default@src
PREHOOK: Output: default@insert_into6a@ds=1
POSTHOOK: query: INSERT INTO TABLE insert_into6a PARTITION (ds='1') SELECT * FROM src LIMIT 150
POSTHOOK: type: QUERY
POSTHOOK: Input: default@src
POSTHOOK: Output: default@insert_into6a@ds=1
POSTHOOK: Lineage: insert_into6a PARTITION(ds=1).key EXPRESSION [(src)src.FieldSchema(name:key, type:string, comment:default), ]
POSTHOOK: Lineage: insert_into6a PARTITION(ds=1).value SIMPLE [(src)src.FieldSchema(name:value, type:string, comment:default), ]
PREHOOK: query: INSERT INTO TABLE insert_into6a PARTITION (ds='2') SELECT * FROM src LIMIT 100
PREHOOK: type: QUERY
PREHOOK: Input: default@src
PREHOOK: Output: default@insert_into6a@ds=2
POSTHOOK: query: INSERT INTO TABLE insert_into6a PARTITION (ds='2') SELECT * FROM src LIMIT 100
POSTHOOK: type: QUERY
POSTHOOK: Input: default@src
POSTHOOK: Output: default@insert_into6a@ds=2
POSTHOOK: Lineage: insert_into6a PARTITION(ds=2).key EXPRESSION [(src)src.FieldSchema(name:key, type:string, comment:default), ]
POSTHOOK: Lineage: insert_into6a PARTITION(ds=2).value SIMPLE [(src)src.FieldSchema(name:value, type:string, comment:default), ]
PREHOOK: query: SELECT SUM(HASH(c)) FROM (
    SELECT TRANSFORM(*) USING 'tr \t _' AS (c) FROM insert_into6a
) t
PREHOOK: type: QUERY
PREHOOK: Input: default@insert_into6a
PREHOOK: Input: default@insert_into6a@ds=1
PREHOOK: Input: default@insert_into6a@ds=2
#### A masked pattern was here ####
POSTHOOK: query: SELECT SUM(HASH(c)) FROM (
    SELECT TRANSFORM(*) USING 'tr \t _' AS (c) FROM insert_into6a
) t
POSTHOOK: type: QUERY
POSTHOOK: Input: default@insert_into6a
POSTHOOK: Input: default@insert_into6a@ds=1
POSTHOOK: Input: default@insert_into6a@ds=2
#### A masked pattern was here ####
-35226404960
PREHOOK: query: EXPLAIN INSERT INTO TABLE insert_into6b PARTITION (ds) 
    SELECT * FROM insert_into6a
PREHOOK: type: QUERY
PREHOOK: Input: default@insert_into6a
PREHOOK: Input: default@insert_into6a@ds=1
PREHOOK: Input: default@insert_into6a@ds=2
PREHOOK: Output: default@insert_into6b
POSTHOOK: query: EXPLAIN INSERT INTO TABLE insert_into6b PARTITION (ds) 
    SELECT * FROM insert_into6a
POSTHOOK: type: QUERY
POSTHOOK: Input: default@insert_into6a
POSTHOOK: Input: default@insert_into6a@ds=1
POSTHOOK: Input: default@insert_into6a@ds=2
STAGE DEPENDENCIES:
  Stage-1 is a root stage
  Stage-2 depends on stages: Stage-1
  Stage-0 depends on stages: Stage-2
  Stage-3 depends on stages: Stage-0

STAGE PLANS:
  Stage: Stage-1
    Map Reduce
      Map Operator Tree:
          TableScan
            alias: insert_into6a
            Statistics: Num rows: 250 Data size: 2680 Basic stats: COMPLETE Column stats: NONE
            Select Operator
              expressions: key (type: int), value (type: string), ds (type: string)
              outputColumnNames: _col0, _col1, _col2
              Statistics: Num rows: 250 Data size: 2680 Basic stats: COMPLETE Column stats: NONE
              Select Operator
                expressions: _col0 (type: int), _col1 (type: string), _col2 (type: string)
                outputColumnNames: key, value, ds
                Statistics: Num rows: 250 Data size: 2680 Basic stats: COMPLETE Column stats: NONE
                Group By Operator
                  aggregations: compute_stats(key, 'hll'), compute_stats(value, 'hll')
                  keys: ds (type: string)
                  mode: hash
                  outputColumnNames: _col0, _col1, _col2
                  Statistics: Num rows: 250 Data size: 2680 Basic stats: COMPLETE Column stats: NONE
                  Reduce Output Operator
                    key expressions: _col0 (type: string)
                    sort order: +
                    Map-reduce partition columns: _col0 (type: string)
                    Statistics: Num rows: 250 Data size: 2680 Basic stats: COMPLETE Column stats: NONE
                    value expressions: _col1 (type: struct<columntype:string,min:bigint,max:bigint,countnulls:bigint,bitvector:binary>), _col2 (type: struct<columntype:string,maxlength:bigint,sumlength:bigint,count:bigint,countnulls:bigint,bitvector:binary>)
              File Output Operator
                compressed: false
                table:
                    input format: org.apache.hadoop.mapred.SequenceFileInputFormat
                    output format: org.apache.hadoop.hive.ql.io.HiveSequenceFileOutputFormat
                    serde: org.apache.hadoop.hive.serde2.lazybinary.LazyBinarySerDe
      Reduce Operator Tree:
        Group By Operator
          aggregations: compute_stats(VALUE._col0), compute_stats(VALUE._col1)
          keys: KEY._col0 (type: string)
          mode: mergepartial
          outputColumnNames: _col0, _col1, _col2
          Statistics: Num rows: 125 Data size: 1340 Basic stats: COMPLETE Column stats: NONE
          Select Operator
            expressions: _col1 (type: struct<columntype:string,min:bigint,max:bigint,countnulls:bigint,numdistinctvalues:bigint,ndvbitvector:binary>), _col2 (type: struct<columntype:string,maxlength:bigint,avglength:double,countnulls:bigint,numdistinctvalues:bigint,ndvbitvector:binary>), _col0 (type: string)
            outputColumnNames: _col0, _col1, _col2
            Statistics: Num rows: 125 Data size: 1340 Basic stats: COMPLETE Column stats: NONE
            File Output Operator
              compressed: false
              Statistics: Num rows: 125 Data size: 1340 Basic stats: COMPLETE Column stats: NONE
              table:
                  input format: org.apache.hadoop.mapred.SequenceFileInputFormat
                  output format: org.apache.hadoop.hive.ql.io.HiveSequenceFileOutputFormat
                  serde: org.apache.hadoop.hive.serde2.lazy.LazySimpleSerDe

  Stage: Stage-2
    Map Reduce
      Map Operator Tree:
          TableScan
            Reduce Output Operator
              key expressions: _col2 (type: string)
              sort order: +
              Map-reduce partition columns: _col2 (type: string)
              value expressions: _col0 (type: int), _col1 (type: string)
      Execution mode: vectorized
      Reduce Operator Tree:
        Select Operator
          expressions: VALUE._col0 (type: int), VALUE._col1 (type: string), KEY._col2 (type: string)
          outputColumnNames: _col0, _col1, _col2
          File Output Operator
            compressed: false
            Dp Sort State: PARTITION_SORTED
            Statistics: Num rows: 250 Data size: 2680 Basic stats: COMPLETE Column stats: NONE
            table:
                input format: org.apache.hadoop.mapred.TextInputFormat
                output format: org.apache.hadoop.hive.ql.io.HiveIgnoreKeyTextOutputFormat
                serde: org.apache.hadoop.hive.serde2.lazy.LazySimpleSerDe
                name: default.insert_into6b

  Stage: Stage-0
    Move Operator
      tables:
          partition:
            ds 
          replace: false
          table:
              input format: org.apache.hadoop.mapred.TextInputFormat
              output format: org.apache.hadoop.hive.ql.io.HiveIgnoreKeyTextOutputFormat
              serde: org.apache.hadoop.hive.serde2.lazy.LazySimpleSerDe
              name: default.insert_into6b

  Stage: Stage-3
    Stats Work
      Basic Stats Work:
      Column Stats Desc:
          Columns: key, value
          Column Types: int, string
          Table: default.insert_into6b

PREHOOK: query: INSERT INTO TABLE insert_into6b PARTITION (ds) SELECT * FROM insert_into6a
PREHOOK: type: QUERY
PREHOOK: Input: default@insert_into6a
PREHOOK: Input: default@insert_into6a@ds=1
PREHOOK: Input: default@insert_into6a@ds=2
PREHOOK: Output: default@insert_into6b
POSTHOOK: query: INSERT INTO TABLE insert_into6b PARTITION (ds) SELECT * FROM insert_into6a
POSTHOOK: type: QUERY
POSTHOOK: Input: default@insert_into6a
POSTHOOK: Input: default@insert_into6a@ds=1
POSTHOOK: Input: default@insert_into6a@ds=2
POSTHOOK: Output: default@insert_into6b@ds=1
POSTHOOK: Output: default@insert_into6b@ds=2
POSTHOOK: Lineage: insert_into6b PARTITION(ds=1).key SIMPLE [(insert_into6a)insert_into6a.FieldSchema(name:key, type:int, comment:null), ]
POSTHOOK: Lineage: insert_into6b PARTITION(ds=1).value SIMPLE [(insert_into6a)insert_into6a.FieldSchema(name:value, type:string, comment:null), ]
POSTHOOK: Lineage: insert_into6b PARTITION(ds=2).key SIMPLE [(insert_into6a)insert_into6a.FieldSchema(name:key, type:int, comment:null), ]
POSTHOOK: Lineage: insert_into6b PARTITION(ds=2).value SIMPLE [(insert_into6a)insert_into6a.FieldSchema(name:value, type:string, comment:null), ]
PREHOOK: query: SELECT SUM(HASH(c)) FROM (
    SELECT TRANSFORM(*) USING 'tr \t _' AS (c) FROM insert_into6b
) t
PREHOOK: type: QUERY
PREHOOK: Input: default@insert_into6b
PREHOOK: Input: default@insert_into6b@ds=1
PREHOOK: Input: default@insert_into6b@ds=2
#### A masked pattern was here ####
POSTHOOK: query: SELECT SUM(HASH(c)) FROM (
    SELECT TRANSFORM(*) USING 'tr \t _' AS (c) FROM insert_into6b
) t
POSTHOOK: type: QUERY
POSTHOOK: Input: default@insert_into6b
POSTHOOK: Input: default@insert_into6b@ds=1
POSTHOOK: Input: default@insert_into6b@ds=2
#### A masked pattern was here ####
-35226404960
PREHOOK: query: SHOW PARTITIONS insert_into6b
PREHOOK: type: SHOWPARTITIONS
PREHOOK: Input: default@insert_into6b
POSTHOOK: query: SHOW PARTITIONS insert_into6b
POSTHOOK: type: SHOWPARTITIONS
POSTHOOK: Input: default@insert_into6b
ds=1
ds=2
PREHOOK: query: DROP TABLE insert_into6a
PREHOOK: type: DROPTABLE
PREHOOK: Input: default@insert_into6a
PREHOOK: Output: default@insert_into6a
POSTHOOK: query: DROP TABLE insert_into6a
POSTHOOK: type: DROPTABLE
POSTHOOK: Input: default@insert_into6a
POSTHOOK: Output: default@insert_into6a
PREHOOK: query: DROP TABLE insert_into6b
PREHOOK: type: DROPTABLE
PREHOOK: Input: default@insert_into6b
PREHOOK: Output: default@insert_into6b
POSTHOOK: query: DROP TABLE insert_into6b
POSTHOOK: type: DROPTABLE
POSTHOOK: Input: default@insert_into6b
POSTHOOK: Output: default@insert_into6b
