PREHOOK: query: CREATE TEMPORARY FUNCTION example_add AS 'org.apache.hadoop.hive.contrib.udf.example.UDFExampleAdd'
PREHOOK: type: CREATEFUNCTION
PREHOOK: Output: example_add
POSTHOOK: query: CREATE TEMPORARY FUNCTION example_add AS 'org.apache.hadoop.hive.contrib.udf.example.UDFExampleAdd'
POSTHOOK: type: CREATEFUNCTION
POSTHOOK: Output: example_add
PREHOOK: query: EXPLAIN
SELECT example_add(1, 2),
       example_add(1, 2, 3),
       example_add(1, 2, 3, 4),
       example_add(1.1, 2.2),
       example_add(1.1, 2.2, 3.3),
       example_add(1.1, 2.2, 3.3, 4.4),
       example_add(1, 2, 3, 4.4)
FROM src LIMIT 1
PREHOOK: type: QUERY
POSTHOOK: query: EXPLAIN
SELECT example_add(1, 2),
       example_add(1, 2, 3),
       example_add(1, 2, 3, 4),
       example_add(1.1, 2.2),
       example_add(1.1, 2.2, 3.3),
       example_add(1.1, 2.2, 3.3, 4.4),
       example_add(1, 2, 3, 4.4)
FROM src LIMIT 1
POSTHOOK: type: QUERY
STAGE DEPENDENCIES:
  Stage-0 is a root stage

STAGE PLANS:
  Stage: Stage-0
    Fetch Operator
      limit: 1
      Processor Tree:
        TableScan
          alias: src
          Statistics: Num rows: 500 Data size: 5312 Basic stats: COMPLETE Column stats: COMPLETE
          Select Operator
            expressions: 3 (type: int), 6 (type: int), 10 (type: int), 3.3000000000000003D (type: double), 6.6D (type: double), 11.0D (type: double), 10.4D (type: double)
            outputColumnNames: _col0, _col1, _col2, _col3, _col4, _col5, _col6
            Statistics: Num rows: 500 Data size: 22000 Basic stats: COMPLETE Column stats: COMPLETE
            Limit
              Number of rows: 1
              Statistics: Num rows: 1 Data size: 44 Basic stats: COMPLETE Column stats: COMPLETE
              ListSink

PREHOOK: query: SELECT example_add(1, 2),
       example_add(1, 2, 3),
       example_add(1, 2, 3, 4),
       example_add(1.1, 2.2),
       example_add(1.1, 2.2, 3.3),
       example_add(1.1, 2.2, 3.3, 4.4),
       example_add(1, 2, 3, 4.4)
FROM src LIMIT 1
PREHOOK: type: QUERY
PREHOOK: Input: default@src
#### A masked pattern was here ####
POSTHOOK: query: SELECT example_add(1, 2),
       example_add(1, 2, 3),
       example_add(1, 2, 3, 4),
       example_add(1.1, 2.2),
       example_add(1.1, 2.2, 3.3),
       example_add(1.1, 2.2, 3.3, 4.4),
       example_add(1, 2, 3, 4.4)
FROM src LIMIT 1
POSTHOOK: type: QUERY
POSTHOOK: Input: default@src
#### A masked pattern was here ####
3	6	10	3.3000000000000003	6.6	11.0	10.4
PREHOOK: query: DROP TEMPORARY FUNCTION example_add
PREHOOK: type: DROPFUNCTION
PREHOOK: Output: example_add
POSTHOOK: query: DROP TEMPORARY FUNCTION example_add
POSTHOOK: type: DROPFUNCTION
POSTHOOK: Output: example_add
#### A masked pattern was here ####
