PREHOOK: query: explain select p1.p_size, p2.p_size 
from part p1 left outer join part p2 on p1.p_partkey = p2.p_partkey 
  right outer join part p3 on p2.p_partkey = p3.p_partkey and 
              p1.p_size > 10
PREHOOK: type: QUERY
POSTHOOK: query: explain select p1.p_size, p2.p_size 
from part p1 left outer join part p2 on p1.p_partkey = p2.p_partkey 
  right outer join part p3 on p2.p_partkey = p3.p_partkey and 
              p1.p_size > 10
POSTHOOK: type: QUERY
STAGE DEPENDENCIES:
  Stage-1 is a root stage
  Stage-0 depends on stages: Stage-1

STAGE PLANS:
  Stage: Stage-1
    Map Reduce
      Map Operator Tree:
          TableScan
            alias: p1
            Statistics: Num rows: 26 Data size: 3147 Basic stats: COMPLETE Column stats: NONE
            Filter Operator
              predicate: (p_size > 10) (type: boolean)
              Statistics: Num rows: 8 Data size: 968 Basic stats: COMPLETE Column stats: NONE
              Select Operator
                expressions: p_partkey (type: int), p_size (type: int)
                outputColumnNames: _col0, _col1
                Statistics: Num rows: 8 Data size: 968 Basic stats: COMPLETE Column stats: NONE
                Reduce Output Operator
                  key expressions: _col0 (type: int)
                  sort order: +
                  Map-reduce partition columns: _col0 (type: int)
                  Statistics: Num rows: 8 Data size: 968 Basic stats: COMPLETE Column stats: NONE
                  value expressions: _col1 (type: int)
          TableScan
            alias: p2
            Statistics: Num rows: 26 Data size: 3147 Basic stats: COMPLETE Column stats: NONE
            Select Operator
              expressions: p_partkey (type: int), p_size (type: int)
              outputColumnNames: _col0, _col1
              Statistics: Num rows: 26 Data size: 3147 Basic stats: COMPLETE Column stats: NONE
              Reduce Output Operator
                key expressions: _col0 (type: int)
                sort order: +
                Map-reduce partition columns: _col0 (type: int)
                Statistics: Num rows: 26 Data size: 3147 Basic stats: COMPLETE Column stats: NONE
                value expressions: _col1 (type: int)
          TableScan
            alias: p3
            Statistics: Num rows: 26 Data size: 3147 Basic stats: COMPLETE Column stats: NONE
            Select Operator
              expressions: p_partkey (type: int)
              outputColumnNames: _col0
              Statistics: Num rows: 26 Data size: 3147 Basic stats: COMPLETE Column stats: NONE
              Reduce Output Operator
                key expressions: _col0 (type: int)
                sort order: +
                Map-reduce partition columns: _col0 (type: int)
                Statistics: Num rows: 26 Data size: 3147 Basic stats: COMPLETE Column stats: NONE
      Reduce Operator Tree:
        Join Operator
          condition map:
               Left Outer Join 0 to 1
               Right Outer Join 1 to 2
          keys:
            0 _col0 (type: int)
            1 _col0 (type: int)
            2 _col0 (type: int)
          outputColumnNames: _col1, _col3
          Statistics: Num rows: 57 Data size: 6923 Basic stats: COMPLETE Column stats: NONE
          Select Operator
            expressions: _col1 (type: int), _col3 (type: int)
            outputColumnNames: _col0, _col1
            Statistics: Num rows: 57 Data size: 6923 Basic stats: COMPLETE Column stats: NONE
            File Output Operator
              compressed: false
              Statistics: Num rows: 57 Data size: 6923 Basic stats: COMPLETE Column stats: NONE
              table:
                  input format: org.apache.hadoop.mapred.SequenceFileInputFormat
                  output format: org.apache.hadoop.hive.ql.io.HiveSequenceFileOutputFormat
                  serde: org.apache.hadoop.hive.serde2.lazy.LazySimpleSerDe

  Stage: Stage-0
    Fetch Operator
      limit: -1
      Processor Tree:
        ListSink

PREHOOK: query: explain select p1.p_size, p2.p_size 
from part p1 left outer join part p2 on p1.p_partkey = p2.p_partkey 
  right outer join part p3 on p2.p_partkey = p3.p_partkey and 
              p1.p_size > 10 and p1.p_size > p2.p_size + 10
PREHOOK: type: QUERY
POSTHOOK: query: explain select p1.p_size, p2.p_size 
from part p1 left outer join part p2 on p1.p_partkey = p2.p_partkey 
  right outer join part p3 on p2.p_partkey = p3.p_partkey and 
              p1.p_size > 10 and p1.p_size > p2.p_size + 10
POSTHOOK: type: QUERY
STAGE DEPENDENCIES:
  Stage-1 is a root stage
  Stage-0 depends on stages: Stage-1

STAGE PLANS:
  Stage: Stage-1
    Map Reduce
      Map Operator Tree:
          TableScan
            alias: p1
            Statistics: Num rows: 26 Data size: 3147 Basic stats: COMPLETE Column stats: NONE
            Filter Operator
              predicate: ((p_size > 10) and p_partkey is not null) (type: boolean)
              Statistics: Num rows: 8 Data size: 968 Basic stats: COMPLETE Column stats: NONE
              Select Operator
                expressions: p_partkey (type: int), p_size (type: int)
                outputColumnNames: _col0, _col1
                Statistics: Num rows: 8 Data size: 968 Basic stats: COMPLETE Column stats: NONE
                Reduce Output Operator
                  key expressions: _col0 (type: int)
                  sort order: +
                  Map-reduce partition columns: _col0 (type: int)
                  Statistics: Num rows: 8 Data size: 968 Basic stats: COMPLETE Column stats: NONE
                  value expressions: _col1 (type: int)
          TableScan
            alias: p2
            Statistics: Num rows: 26 Data size: 3147 Basic stats: COMPLETE Column stats: NONE
            Filter Operator
              predicate: p_partkey is not null (type: boolean)
              Statistics: Num rows: 26 Data size: 3147 Basic stats: COMPLETE Column stats: NONE
              Select Operator
                expressions: p_partkey (type: int), p_size (type: int)
                outputColumnNames: _col0, _col1
                Statistics: Num rows: 26 Data size: 3147 Basic stats: COMPLETE Column stats: NONE
                Reduce Output Operator
                  key expressions: _col0 (type: int)
                  sort order: +
                  Map-reduce partition columns: _col0 (type: int)
                  Statistics: Num rows: 26 Data size: 3147 Basic stats: COMPLETE Column stats: NONE
                  value expressions: _col1 (type: int)
          TableScan
            alias: p3
            Statistics: Num rows: 26 Data size: 3147 Basic stats: COMPLETE Column stats: NONE
            Select Operator
              expressions: p_partkey (type: int)
              outputColumnNames: _col0
              Statistics: Num rows: 26 Data size: 3147 Basic stats: COMPLETE Column stats: NONE
              Reduce Output Operator
                key expressions: _col0 (type: int)
                sort order: +
                Map-reduce partition columns: _col0 (type: int)
                Statistics: Num rows: 26 Data size: 3147 Basic stats: COMPLETE Column stats: NONE
      Reduce Operator Tree:
        Join Operator
          condition map:
               Inner Join 0 to 1
               Right Outer Join 1 to 2
          keys:
            0 _col0 (type: int)
            1 _col0 (type: int)
            2 _col0 (type: int)
          outputColumnNames: _col1, _col3
          residual filter predicates: {(_col1 > (_col3 + 10))}
          Statistics: Num rows: 57 Data size: 6923 Basic stats: COMPLETE Column stats: NONE
          Select Operator
            expressions: _col1 (type: int), _col3 (type: int)
            outputColumnNames: _col0, _col1
            Statistics: Num rows: 57 Data size: 6923 Basic stats: COMPLETE Column stats: NONE
            File Output Operator
              compressed: false
              Statistics: Num rows: 57 Data size: 6923 Basic stats: COMPLETE Column stats: NONE
              table:
                  input format: org.apache.hadoop.mapred.SequenceFileInputFormat
                  output format: org.apache.hadoop.hive.ql.io.HiveSequenceFileOutputFormat
                  serde: org.apache.hadoop.hive.serde2.lazy.LazySimpleSerDe

  Stage: Stage-0
    Fetch Operator
      limit: -1
      Processor Tree:
        ListSink

