PREHOOK: query: CREATE TABLE dest1_n17(c1 INT, c2 STRING, c3 INT, c4 STRING, c5 INT, c6 STRING) STORED AS TEXTFILE
PREHOOK: type: CREATETABLE
PREHOOK: Output: database:default
PREHOOK: Output: default@dest1_n17
POSTHOOK: query: CREATE TABLE dest1_n17(c1 INT, c2 STRING, c3 INT, c4 STRING, c5 INT, c6 STRING) STORED AS TEXTFILE
POSTHOOK: type: CREATETABLE
POSTHOOK: Output: database:default
POSTHOOK: Output: default@dest1_n17
PREHOOK: query: EXPLAIN
FROM (
 FROM 
  (
  FROM src src1 SELECT src1.key AS c1, src1.value AS c2 WHERE src1.key > 10 and src1.key < 20
  ) a
 FULL OUTER JOIN 
 (
  FROM src src2 SELECT src2.key AS c3, src2.value AS c4 WHERE src2.key > 15 and src2.key < 25
 ) b 
 ON (a.c1 = b.c3)
 LEFT OUTER JOIN 
 (
  FROM src src3 SELECT src3.key AS c5, src3.value AS c6 WHERE src3.key > 20 and src3.key < 25
 ) c
 ON (a.c1 = c.c5)
 SELECT a.c1 AS c1, a.c2 AS c2, b.c3 AS c3, b.c4 AS c4, c.c5 AS c5, c.c6 AS c6
) c
INSERT OVERWRITE TABLE dest1_n17 SELECT c.c1, c.c2, c.c3, c.c4, c.c5, c.c6
PREHOOK: type: QUERY
POSTHOOK: query: EXPLAIN
FROM (
 FROM 
  (
  FROM src src1 SELECT src1.key AS c1, src1.value AS c2 WHERE src1.key > 10 and src1.key < 20
  ) a
 FULL OUTER JOIN 
 (
  FROM src src2 SELECT src2.key AS c3, src2.value AS c4 WHERE src2.key > 15 and src2.key < 25
 ) b 
 ON (a.c1 = b.c3)
 LEFT OUTER JOIN 
 (
  FROM src src3 SELECT src3.key AS c5, src3.value AS c6 WHERE src3.key > 20 and src3.key < 25
 ) c
 ON (a.c1 = c.c5)
 SELECT a.c1 AS c1, a.c2 AS c2, b.c3 AS c3, b.c4 AS c4, c.c5 AS c5, c.c6 AS c6
) c
INSERT OVERWRITE TABLE dest1_n17 SELECT c.c1, c.c2, c.c3, c.c4, c.c5, c.c6
POSTHOOK: type: QUERY
STAGE DEPENDENCIES:
  Stage-1 is a root stage
  Stage-0 depends on stages: Stage-1
  Stage-2 depends on stages: Stage-0, Stage-3
  Stage-3 depends on stages: Stage-1

STAGE PLANS:
  Stage: Stage-1
    Map Reduce
      Map Operator Tree:
          TableScan
            alias: src1
            Statistics: Num rows: 500 Data size: 5312 Basic stats: COMPLETE Column stats: NONE
            Filter Operator
              predicate: ((UDFToDouble(key) < 20.0D) and (UDFToDouble(key) > 10.0D)) (type: boolean)
              Statistics: Num rows: 55 Data size: 584 Basic stats: COMPLETE Column stats: NONE
              Select Operator
                expressions: key (type: string), value (type: string)
                outputColumnNames: _col0, _col1
                Statistics: Num rows: 55 Data size: 584 Basic stats: COMPLETE Column stats: NONE
                Reduce Output Operator
                  key expressions: _col0 (type: string)
                  sort order: +
                  Map-reduce partition columns: _col0 (type: string)
                  Statistics: Num rows: 55 Data size: 584 Basic stats: COMPLETE Column stats: NONE
                  value expressions: _col1 (type: string)
          TableScan
            alias: src2
            Statistics: Num rows: 500 Data size: 5312 Basic stats: COMPLETE Column stats: NONE
            Filter Operator
              predicate: ((UDFToDouble(key) < 25.0D) and (UDFToDouble(key) > 15.0D)) (type: boolean)
              Statistics: Num rows: 55 Data size: 584 Basic stats: COMPLETE Column stats: NONE
              Select Operator
                expressions: key (type: string), value (type: string)
                outputColumnNames: _col0, _col1
                Statistics: Num rows: 55 Data size: 584 Basic stats: COMPLETE Column stats: NONE
                Reduce Output Operator
                  key expressions: _col0 (type: string)
                  sort order: +
                  Map-reduce partition columns: _col0 (type: string)
                  Statistics: Num rows: 55 Data size: 584 Basic stats: COMPLETE Column stats: NONE
                  value expressions: _col1 (type: string)
          TableScan
            alias: src3
            Statistics: Num rows: 500 Data size: 5312 Basic stats: COMPLETE Column stats: NONE
            Filter Operator
              predicate: ((UDFToDouble(key) < 25.0D) and (UDFToDouble(key) > 20.0D)) (type: boolean)
              Statistics: Num rows: 55 Data size: 584 Basic stats: COMPLETE Column stats: NONE
              Select Operator
                expressions: key (type: string), value (type: string)
                outputColumnNames: _col0, _col1
                Statistics: Num rows: 55 Data size: 584 Basic stats: COMPLETE Column stats: NONE
                Reduce Output Operator
                  key expressions: _col0 (type: string)
                  sort order: +
                  Map-reduce partition columns: _col0 (type: string)
                  Statistics: Num rows: 55 Data size: 584 Basic stats: COMPLETE Column stats: NONE
                  value expressions: _col1 (type: string)
      Reduce Operator Tree:
        Join Operator
          condition map:
               Outer Join 0 to 1
               Left Outer Join 0 to 2
          keys:
            0 _col0 (type: string)
            1 _col0 (type: string)
            2 _col0 (type: string)
          outputColumnNames: _col0, _col1, _col2, _col3, _col4, _col5
          Statistics: Num rows: 121 Data size: 1284 Basic stats: COMPLETE Column stats: NONE
          Select Operator
            expressions: UDFToInteger(_col0) (type: int), _col1 (type: string), UDFToInteger(_col2) (type: int), _col3 (type: string), UDFToInteger(_col4) (type: int), _col5 (type: string)
            outputColumnNames: _col0, _col1, _col2, _col3, _col4, _col5
            Statistics: Num rows: 121 Data size: 1284 Basic stats: COMPLETE Column stats: NONE
            File Output Operator
              compressed: false
              Statistics: Num rows: 121 Data size: 1284 Basic stats: COMPLETE Column stats: NONE
              table:
                  input format: org.apache.hadoop.mapred.TextInputFormat
                  output format: org.apache.hadoop.hive.ql.io.HiveIgnoreKeyTextOutputFormat
                  serde: org.apache.hadoop.hive.serde2.lazy.LazySimpleSerDe
                  name: default.dest1_n17
            Select Operator
              expressions: _col0 (type: int), _col1 (type: string), _col2 (type: int), _col3 (type: string), _col4 (type: int), _col5 (type: string)
              outputColumnNames: c1, c2, c3, c4, c5, c6
              Statistics: Num rows: 121 Data size: 1284 Basic stats: COMPLETE Column stats: NONE
              Group By Operator
                aggregations: compute_stats(c1, 'hll'), compute_stats(c2, 'hll'), compute_stats(c3, 'hll'), compute_stats(c4, 'hll'), compute_stats(c5, 'hll'), compute_stats(c6, 'hll')
                mode: hash
                outputColumnNames: _col0, _col1, _col2, _col3, _col4, _col5
                Statistics: Num rows: 1 Data size: 2592 Basic stats: COMPLETE Column stats: NONE
                File Output Operator
                  compressed: false
                  table:
                      input format: org.apache.hadoop.mapred.SequenceFileInputFormat
                      output format: org.apache.hadoop.hive.ql.io.HiveSequenceFileOutputFormat
                      serde: org.apache.hadoop.hive.serde2.lazybinary.LazyBinarySerDe

  Stage: Stage-0
    Move Operator
      tables:
          replace: true
          table:
              input format: org.apache.hadoop.mapred.TextInputFormat
              output format: org.apache.hadoop.hive.ql.io.HiveIgnoreKeyTextOutputFormat
              serde: org.apache.hadoop.hive.serde2.lazy.LazySimpleSerDe
              name: default.dest1_n17

  Stage: Stage-2
    Stats Work
      Basic Stats Work:
      Column Stats Desc:
          Columns: c1, c2, c3, c4, c5, c6
          Column Types: int, string, int, string, int, string
          Table: default.dest1_n17

  Stage: Stage-3
    Map Reduce
      Map Operator Tree:
          TableScan
            Reduce Output Operator
              sort order: 
              Statistics: Num rows: 1 Data size: 2592 Basic stats: COMPLETE Column stats: NONE
              value expressions: _col0 (type: struct<columntype:string,min:bigint,max:bigint,countnulls:bigint,bitvector:binary>), _col1 (type: struct<columntype:string,maxlength:bigint,sumlength:bigint,count:bigint,countnulls:bigint,bitvector:binary>), _col2 (type: struct<columntype:string,min:bigint,max:bigint,countnulls:bigint,bitvector:binary>), _col3 (type: struct<columntype:string,maxlength:bigint,sumlength:bigint,count:bigint,countnulls:bigint,bitvector:binary>), _col4 (type: struct<columntype:string,min:bigint,max:bigint,countnulls:bigint,bitvector:binary>), _col5 (type: struct<columntype:string,maxlength:bigint,sumlength:bigint,count:bigint,countnulls:bigint,bitvector:binary>)
      Execution mode: vectorized
      Reduce Operator Tree:
        Group By Operator
          aggregations: compute_stats(VALUE._col0), compute_stats(VALUE._col1), compute_stats(VALUE._col2), compute_stats(VALUE._col3), compute_stats(VALUE._col4), compute_stats(VALUE._col5)
          mode: mergepartial
          outputColumnNames: _col0, _col1, _col2, _col3, _col4, _col5
          Statistics: Num rows: 1 Data size: 2640 Basic stats: COMPLETE Column stats: NONE
          File Output Operator
            compressed: false
            Statistics: Num rows: 1 Data size: 2640 Basic stats: COMPLETE Column stats: NONE
            table:
                input format: org.apache.hadoop.mapred.SequenceFileInputFormat
                output format: org.apache.hadoop.hive.ql.io.HiveSequenceFileOutputFormat
                serde: org.apache.hadoop.hive.serde2.lazy.LazySimpleSerDe

PREHOOK: query: FROM (
 FROM 
  (
  FROM src src1 SELECT src1.key AS c1, src1.value AS c2 WHERE src1.key > 10 and src1.key < 20
  ) a
 FULL OUTER JOIN 
 (
  FROM src src2 SELECT src2.key AS c3, src2.value AS c4 WHERE src2.key > 15 and src2.key < 25
 ) b 
 ON (a.c1 = b.c3)
 LEFT OUTER JOIN 
 (
  FROM src src3 SELECT src3.key AS c5, src3.value AS c6 WHERE src3.key > 20 and src3.key < 25
 ) c
 ON (a.c1 = c.c5)
 SELECT a.c1 AS c1, a.c2 AS c2, b.c3 AS c3, b.c4 AS c4, c.c5 AS c5, c.c6 AS c6
) c
INSERT OVERWRITE TABLE dest1_n17 SELECT c.c1, c.c2, c.c3, c.c4, c.c5, c.c6
PREHOOK: type: QUERY
PREHOOK: Input: default@src
PREHOOK: Output: default@dest1_n17
POSTHOOK: query: FROM (
 FROM 
  (
  FROM src src1 SELECT src1.key AS c1, src1.value AS c2 WHERE src1.key > 10 and src1.key < 20
  ) a
 FULL OUTER JOIN 
 (
  FROM src src2 SELECT src2.key AS c3, src2.value AS c4 WHERE src2.key > 15 and src2.key < 25
 ) b 
 ON (a.c1 = b.c3)
 LEFT OUTER JOIN 
 (
  FROM src src3 SELECT src3.key AS c5, src3.value AS c6 WHERE src3.key > 20 and src3.key < 25
 ) c
 ON (a.c1 = c.c5)
 SELECT a.c1 AS c1, a.c2 AS c2, b.c3 AS c3, b.c4 AS c4, c.c5 AS c5, c.c6 AS c6
) c
INSERT OVERWRITE TABLE dest1_n17 SELECT c.c1, c.c2, c.c3, c.c4, c.c5, c.c6
POSTHOOK: type: QUERY
POSTHOOK: Input: default@src
POSTHOOK: Output: default@dest1_n17
POSTHOOK: Lineage: dest1_n17.c1 EXPRESSION [(src)src1.FieldSchema(name:key, type:string, comment:default), ]
POSTHOOK: Lineage: dest1_n17.c2 SIMPLE [(src)src1.FieldSchema(name:value, type:string, comment:default), ]
POSTHOOK: Lineage: dest1_n17.c3 EXPRESSION [(src)src2.FieldSchema(name:key, type:string, comment:default), ]
POSTHOOK: Lineage: dest1_n17.c4 SIMPLE [(src)src2.FieldSchema(name:value, type:string, comment:default), ]
POSTHOOK: Lineage: dest1_n17.c5 EXPRESSION [(src)src3.FieldSchema(name:key, type:string, comment:default), ]
POSTHOOK: Lineage: dest1_n17.c6 SIMPLE [(src)src3.FieldSchema(name:value, type:string, comment:default), ]
PREHOOK: query: SELECT dest1_n17.* FROM dest1_n17
PREHOOK: type: QUERY
PREHOOK: Input: default@dest1_n17
#### A masked pattern was here ####
POSTHOOK: query: SELECT dest1_n17.* FROM dest1_n17
POSTHOOK: type: QUERY
POSTHOOK: Input: default@dest1_n17
#### A masked pattern was here ####
11	val_11	NULL	NULL	NULL	NULL
12	val_12	NULL	NULL	NULL	NULL
12	val_12	NULL	NULL	NULL	NULL
15	val_15	NULL	NULL	NULL	NULL
15	val_15	NULL	NULL	NULL	NULL
17	val_17	17	val_17	NULL	NULL
18	val_18	18	val_18	NULL	NULL
18	val_18	18	val_18	NULL	NULL
18	val_18	18	val_18	NULL	NULL
18	val_18	18	val_18	NULL	NULL
19	val_19	19	val_19	NULL	NULL
NULL	NULL	20	val_20	NULL	NULL
NULL	NULL	24	val_24	NULL	NULL
NULL	NULL	24	val_24	NULL	NULL
