PREHOOK: query: create table L as select 4436 id
PREHOOK: type: CREATETABLE_AS_SELECT
PREHOOK: Input: _dummy_database@_dummy_table
PREHOOK: Output: database:default
PREHOOK: Output: default@L
POSTHOOK: query: create table L as select 4436 id
POSTHOOK: type: CREATETABLE_AS_SELECT
POSTHOOK: Input: _dummy_database@_dummy_table
POSTHOOK: Output: database:default
POSTHOOK: Output: default@L
POSTHOOK: Lineage: l.id SIMPLE []
PREHOOK: query: create table LA as select 4436 loan_id, 4748 aid, 4415 pi_id
PREHOOK: type: CREATETABLE_AS_SELECT
PREHOOK: Input: _dummy_database@_dummy_table
PREHOOK: Output: database:default
PREHOOK: Output: default@LA
POSTHOOK: query: create table LA as select 4436 loan_id, 4748 aid, 4415 pi_id
POSTHOOK: type: CREATETABLE_AS_SELECT
POSTHOOK: Input: _dummy_database@_dummy_table
POSTHOOK: Output: database:default
POSTHOOK: Output: default@LA
POSTHOOK: Lineage: la.aid SIMPLE []
POSTHOOK: Lineage: la.loan_id SIMPLE []
POSTHOOK: Lineage: la.pi_id SIMPLE []
PREHOOK: query: create table FR as select 4436 loan_id
PREHOOK: type: CREATETABLE_AS_SELECT
PREHOOK: Input: _dummy_database@_dummy_table
PREHOOK: Output: database:default
PREHOOK: Output: default@FR
POSTHOOK: query: create table FR as select 4436 loan_id
POSTHOOK: type: CREATETABLE_AS_SELECT
POSTHOOK: Input: _dummy_database@_dummy_table
POSTHOOK: Output: database:default
POSTHOOK: Output: default@FR
POSTHOOK: Lineage: fr.loan_id SIMPLE []
PREHOOK: query: create table A as select 4748 id
PREHOOK: type: CREATETABLE_AS_SELECT
PREHOOK: Input: _dummy_database@_dummy_table
PREHOOK: Output: database:default
PREHOOK: Output: default@A
POSTHOOK: query: create table A as select 4748 id
POSTHOOK: type: CREATETABLE_AS_SELECT
POSTHOOK: Input: _dummy_database@_dummy_table
POSTHOOK: Output: database:default
POSTHOOK: Output: default@A
POSTHOOK: Lineage: a.id SIMPLE []
PREHOOK: query: create table PI as select 4415 id
PREHOOK: type: CREATETABLE_AS_SELECT
PREHOOK: Input: _dummy_database@_dummy_table
PREHOOK: Output: database:default
PREHOOK: Output: default@PI
POSTHOOK: query: create table PI as select 4415 id
POSTHOOK: type: CREATETABLE_AS_SELECT
POSTHOOK: Input: _dummy_database@_dummy_table
POSTHOOK: Output: database:default
POSTHOOK: Output: default@PI
POSTHOOK: Lineage: pi.id SIMPLE []
PREHOOK: query: create table acct as select 4748 aid, 10 acc_n, 122 brn
PREHOOK: type: CREATETABLE_AS_SELECT
PREHOOK: Input: _dummy_database@_dummy_table
PREHOOK: Output: database:default
PREHOOK: Output: default@acct
POSTHOOK: query: create table acct as select 4748 aid, 10 acc_n, 122 brn
POSTHOOK: type: CREATETABLE_AS_SELECT
POSTHOOK: Input: _dummy_database@_dummy_table
POSTHOOK: Output: database:default
POSTHOOK: Output: default@acct
POSTHOOK: Lineage: acct.acc_n SIMPLE []
POSTHOOK: Lineage: acct.aid SIMPLE []
POSTHOOK: Lineage: acct.brn SIMPLE []
PREHOOK: query: insert into table acct values(4748, null, null)
PREHOOK: type: QUERY
PREHOOK: Output: default@acct
POSTHOOK: query: insert into table acct values(4748, null, null)
POSTHOOK: type: QUERY
POSTHOOK: Output: default@acct
POSTHOOK: Lineage: acct.acc_n EXPRESSION [(values__tmp__table__1)values__tmp__table__1.FieldSchema(name:tmp_values_col2, type:string, comment:), ]
POSTHOOK: Lineage: acct.aid EXPRESSION [(values__tmp__table__1)values__tmp__table__1.FieldSchema(name:tmp_values_col1, type:string, comment:), ]
POSTHOOK: Lineage: acct.brn EXPRESSION [(values__tmp__table__1)values__tmp__table__1.FieldSchema(name:tmp_values_col3, type:string, comment:), ]
PREHOOK: query: insert into table acct values(4748, null, null)
PREHOOK: type: QUERY
PREHOOK: Output: default@acct
POSTHOOK: query: insert into table acct values(4748, null, null)
POSTHOOK: type: QUERY
POSTHOOK: Output: default@acct
POSTHOOK: Lineage: acct.acc_n EXPRESSION [(values__tmp__table__2)values__tmp__table__2.FieldSchema(name:tmp_values_col2, type:string, comment:), ]
POSTHOOK: Lineage: acct.aid EXPRESSION [(values__tmp__table__2)values__tmp__table__2.FieldSchema(name:tmp_values_col1, type:string, comment:), ]
POSTHOOK: Lineage: acct.brn EXPRESSION [(values__tmp__table__2)values__tmp__table__2.FieldSchema(name:tmp_values_col3, type:string, comment:), ]
Warning: Shuffle Join JOIN[21][tables = [$hdt$_0, $hdt$_1, $hdt$_2]] in Stage 'Stage-1:MAPRED' is a cross product
PREHOOK: query: explain select
  acct.ACC_N,
  acct.brn
FROM L
JOIN LA ON L.id = LA.loan_id
JOIN FR ON L.id = FR.loan_id
JOIN A ON LA.aid = A.id
JOIN PI ON PI.id = LA.pi_id
JOIN acct ON A.id = acct.aid
WHERE
  L.id = 4436
  and acct.brn is not null
PREHOOK: type: QUERY
POSTHOOK: query: explain select
  acct.ACC_N,
  acct.brn
FROM L
JOIN LA ON L.id = LA.loan_id
JOIN FR ON L.id = FR.loan_id
JOIN A ON LA.aid = A.id
JOIN PI ON PI.id = LA.pi_id
JOIN acct ON A.id = acct.aid
WHERE
  L.id = 4436
  and acct.brn is not null
POSTHOOK: type: QUERY
STAGE DEPENDENCIES:
  Stage-1 is a root stage
  Stage-2 depends on stages: Stage-1
  Stage-3 depends on stages: Stage-2
  Stage-0 depends on stages: Stage-3

STAGE PLANS:
  Stage: Stage-1
    Map Reduce
      Map Operator Tree:
          TableScan
            alias: l
            Statistics: Num rows: 1 Data size: 4 Basic stats: COMPLETE Column stats: NONE
            Filter Operator
              predicate: (id = 4436) (type: boolean)
              Statistics: Num rows: 1 Data size: 4 Basic stats: COMPLETE Column stats: NONE
              Select Operator
                Statistics: Num rows: 1 Data size: 4 Basic stats: COMPLETE Column stats: NONE
                Reduce Output Operator
                  sort order: 
                  Statistics: Num rows: 1 Data size: 4 Basic stats: COMPLETE Column stats: NONE
          TableScan
            alias: la
            Statistics: Num rows: 1 Data size: 14 Basic stats: COMPLETE Column stats: NONE
            Filter Operator
              predicate: ((4436 = loan_id) and aid is not null and pi_id is not null) (type: boolean)
              Statistics: Num rows: 1 Data size: 14 Basic stats: COMPLETE Column stats: NONE
              Select Operator
                expressions: aid (type: int), pi_id (type: int)
                outputColumnNames: _col1, _col2
                Statistics: Num rows: 1 Data size: 14 Basic stats: COMPLETE Column stats: NONE
                Reduce Output Operator
                  sort order: 
                  Statistics: Num rows: 1 Data size: 14 Basic stats: COMPLETE Column stats: NONE
                  value expressions: _col1 (type: int), _col2 (type: int)
          TableScan
            alias: fr
            Statistics: Num rows: 1 Data size: 4 Basic stats: COMPLETE Column stats: NONE
            Filter Operator
              predicate: (4436 = loan_id) (type: boolean)
              Statistics: Num rows: 1 Data size: 4 Basic stats: COMPLETE Column stats: NONE
              Select Operator
                Statistics: Num rows: 1 Data size: 4 Basic stats: COMPLETE Column stats: NONE
                Reduce Output Operator
                  sort order: 
                  Statistics: Num rows: 1 Data size: 4 Basic stats: COMPLETE Column stats: NONE
      Reduce Operator Tree:
        Join Operator
          condition map:
               Inner Join 0 to 1
               Inner Join 0 to 2
          keys:
            0 
            1 
            2 
          outputColumnNames: _col2, _col3
          Statistics: Num rows: 1 Data size: 23 Basic stats: COMPLETE Column stats: NONE
          File Output Operator
            compressed: false
            table:
                input format: org.apache.hadoop.mapred.SequenceFileInputFormat
                output format: org.apache.hadoop.hive.ql.io.HiveSequenceFileOutputFormat
                serde: org.apache.hadoop.hive.serde2.lazybinary.LazyBinarySerDe

  Stage: Stage-2
    Map Reduce
      Map Operator Tree:
          TableScan
            Reduce Output Operator
              key expressions: _col2 (type: int)
              sort order: +
              Map-reduce partition columns: _col2 (type: int)
              Statistics: Num rows: 1 Data size: 23 Basic stats: COMPLETE Column stats: NONE
              value expressions: _col3 (type: int)
          TableScan
            alias: a
            Statistics: Num rows: 1 Data size: 4 Basic stats: COMPLETE Column stats: NONE
            Filter Operator
              predicate: id is not null (type: boolean)
              Statistics: Num rows: 1 Data size: 4 Basic stats: COMPLETE Column stats: NONE
              Select Operator
                expressions: id (type: int)
                outputColumnNames: _col0
                Statistics: Num rows: 1 Data size: 4 Basic stats: COMPLETE Column stats: NONE
                Reduce Output Operator
                  key expressions: _col0 (type: int)
                  sort order: +
                  Map-reduce partition columns: _col0 (type: int)
                  Statistics: Num rows: 1 Data size: 4 Basic stats: COMPLETE Column stats: NONE
          TableScan
            alias: acct
            Statistics: Num rows: 3 Data size: 31 Basic stats: COMPLETE Column stats: NONE
            Filter Operator
              predicate: (aid is not null and brn is not null) (type: boolean)
              Statistics: Num rows: 3 Data size: 31 Basic stats: COMPLETE Column stats: NONE
              Select Operator
                expressions: aid (type: int), acc_n (type: int), brn (type: int)
                outputColumnNames: _col0, _col1, _col2
                Statistics: Num rows: 3 Data size: 31 Basic stats: COMPLETE Column stats: NONE
                Reduce Output Operator
                  key expressions: _col0 (type: int)
                  sort order: +
                  Map-reduce partition columns: _col0 (type: int)
                  Statistics: Num rows: 3 Data size: 31 Basic stats: COMPLETE Column stats: NONE
                  value expressions: _col1 (type: int), _col2 (type: int)
      Reduce Operator Tree:
        Join Operator
          condition map:
               Inner Join 0 to 1
               Inner Join 1 to 2
          keys:
            0 _col2 (type: int)
            1 _col0 (type: int)
            2 _col0 (type: int)
          outputColumnNames: _col3, _col7, _col8
          Statistics: Num rows: 6 Data size: 68 Basic stats: COMPLETE Column stats: NONE
          File Output Operator
            compressed: false
            table:
                input format: org.apache.hadoop.mapred.SequenceFileInputFormat
                output format: org.apache.hadoop.hive.ql.io.HiveSequenceFileOutputFormat
                serde: org.apache.hadoop.hive.serde2.lazybinary.LazyBinarySerDe

  Stage: Stage-3
    Map Reduce
      Map Operator Tree:
          TableScan
            Reduce Output Operator
              key expressions: _col3 (type: int)
              sort order: +
              Map-reduce partition columns: _col3 (type: int)
              Statistics: Num rows: 6 Data size: 68 Basic stats: COMPLETE Column stats: NONE
              value expressions: _col7 (type: int), _col8 (type: int)
          TableScan
            alias: pi
            Statistics: Num rows: 1 Data size: 4 Basic stats: COMPLETE Column stats: NONE
            Filter Operator
              predicate: id is not null (type: boolean)
              Statistics: Num rows: 1 Data size: 4 Basic stats: COMPLETE Column stats: NONE
              Select Operator
                expressions: id (type: int)
                outputColumnNames: _col0
                Statistics: Num rows: 1 Data size: 4 Basic stats: COMPLETE Column stats: NONE
                Reduce Output Operator
                  key expressions: _col0 (type: int)
                  sort order: +
                  Map-reduce partition columns: _col0 (type: int)
                  Statistics: Num rows: 1 Data size: 4 Basic stats: COMPLETE Column stats: NONE
      Reduce Operator Tree:
        Join Operator
          condition map:
               Inner Join 0 to 1
          keys:
            0 _col3 (type: int)
            1 _col0 (type: int)
          outputColumnNames: _col7, _col8
          Statistics: Num rows: 6 Data size: 74 Basic stats: COMPLETE Column stats: NONE
          Select Operator
            expressions: _col7 (type: int), _col8 (type: int)
            outputColumnNames: _col0, _col1
            Statistics: Num rows: 6 Data size: 74 Basic stats: COMPLETE Column stats: NONE
            File Output Operator
              compressed: false
              Statistics: Num rows: 6 Data size: 74 Basic stats: COMPLETE Column stats: NONE
              table:
                  input format: org.apache.hadoop.mapred.SequenceFileInputFormat
                  output format: org.apache.hadoop.hive.ql.io.HiveSequenceFileOutputFormat
                  serde: org.apache.hadoop.hive.serde2.lazy.LazySimpleSerDe

  Stage: Stage-0
    Fetch Operator
      limit: -1
      Processor Tree:
        ListSink

Warning: Shuffle Join JOIN[21][tables = [$hdt$_0, $hdt$_1, $hdt$_2]] in Stage 'Stage-1:MAPRED' is a cross product
PREHOOK: query: select
  acct.ACC_N,
  acct.brn
FROM L
JOIN LA ON L.id = LA.loan_id
JOIN FR ON L.id = FR.loan_id
JOIN A ON LA.aid = A.id
JOIN PI ON PI.id = LA.pi_id
JOIN acct ON A.id = acct.aid
WHERE
  L.id = 4436
  and acct.brn is not null
PREHOOK: type: QUERY
PREHOOK: Input: default@a
PREHOOK: Input: default@acct
PREHOOK: Input: default@fr
PREHOOK: Input: default@l
PREHOOK: Input: default@la
PREHOOK: Input: default@pi
#### A masked pattern was here ####
POSTHOOK: query: select
  acct.ACC_N,
  acct.brn
FROM L
JOIN LA ON L.id = LA.loan_id
JOIN FR ON L.id = FR.loan_id
JOIN A ON LA.aid = A.id
JOIN PI ON PI.id = LA.pi_id
JOIN acct ON A.id = acct.aid
WHERE
  L.id = 4436
  and acct.brn is not null
POSTHOOK: type: QUERY
POSTHOOK: Input: default@a
POSTHOOK: Input: default@acct
POSTHOOK: Input: default@fr
POSTHOOK: Input: default@l
POSTHOOK: Input: default@la
POSTHOOK: Input: default@pi
#### A masked pattern was here ####
10	122
