PREHOOK: query: DESCRIBE src_thrift
PREHOOK: type: DESCTABLE
PREHOOK: Input: default@src_thrift
POSTHOOK: query: DESCRIBE src_thrift
POSTHOOK: type: DESCTABLE
POSTHOOK: Input: default@src_thrift
aint                	int                 	from deserializer   
astring             	string              	from deserializer   
lint                	array<int>          	from deserializer   
lstring             	array<string>       	from deserializer   
lintstring          	array<struct<myint:int,mystring:string,underscore_int:int>>	from deserializer   
mstringstring       	map<string,string>  	from deserializer   
attributes          	map<string,map<string,map<string,uniontype<int,bigint,string,double,boolean,array<string>,map<string,string>>>>>	from deserializer   
unionfield1         	uniontype<int,bigint,string,double,boolean,array<string>,map<string,string>>	from deserializer   
unionfield2         	uniontype<int,bigint,string,double,boolean,array<string>,map<string,string>>	from deserializer   
unionfield3         	uniontype<int,bigint,string,double,boolean,array<string>,map<string,string>>	from deserializer   
PREHOOK: query: EXPLAIN
SELECT s1.aint, s2.lintstring
FROM src_thrift s1
JOIN src_thrift s2
ON s1.aint = s2.aint
PREHOOK: type: QUERY
POSTHOOK: query: EXPLAIN
SELECT s1.aint, s2.lintstring
FROM src_thrift s1
JOIN src_thrift s2
ON s1.aint = s2.aint
POSTHOOK: type: QUERY
STAGE DEPENDENCIES:
  Stage-1 is a root stage
  Stage-0 depends on stages: Stage-1

STAGE PLANS:
  Stage: Stage-1
    Map Reduce
      Map Operator Tree:
          TableScan
            alias: s1
            Statistics: Num rows: 11 Data size: 3070 Basic stats: COMPLETE Column stats: NONE
            Filter Operator
              predicate: aint is not null (type: boolean)
              Statistics: Num rows: 11 Data size: 3070 Basic stats: COMPLETE Column stats: NONE
              Reduce Output Operator
                key expressions: aint (type: int)
                sort order: +
                Map-reduce partition columns: aint (type: int)
                Statistics: Num rows: 11 Data size: 3070 Basic stats: COMPLETE Column stats: NONE
          TableScan
            alias: s2
            Statistics: Num rows: 11 Data size: 3070 Basic stats: COMPLETE Column stats: NONE
            Filter Operator
              predicate: aint is not null (type: boolean)
              Statistics: Num rows: 11 Data size: 3070 Basic stats: COMPLETE Column stats: NONE
              Reduce Output Operator
                key expressions: aint (type: int)
                sort order: +
                Map-reduce partition columns: aint (type: int)
                Statistics: Num rows: 11 Data size: 3070 Basic stats: COMPLETE Column stats: NONE
                value expressions: lintstring (type: array<struct<myint:int,mystring:string,underscore_int:int>>)
      Reduce Operator Tree:
        Join Operator
          condition map:
               Inner Join 0 to 1
          keys:
            0 aint (type: int)
            1 aint (type: int)
          outputColumnNames: _col0, _col17
          Statistics: Num rows: 12 Data size: 3377 Basic stats: COMPLETE Column stats: NONE
          Select Operator
            expressions: _col0 (type: int), _col17 (type: array<struct<myint:int,mystring:string,underscore_int:int>>)
            outputColumnNames: _col0, _col1
            Statistics: Num rows: 12 Data size: 3377 Basic stats: COMPLETE Column stats: NONE
            File Output Operator
              compressed: false
              Statistics: Num rows: 12 Data size: 3377 Basic stats: COMPLETE Column stats: NONE
              table:
                  input format: org.apache.hadoop.mapred.SequenceFileInputFormat
                  output format: org.apache.hadoop.hive.ql.io.HiveSequenceFileOutputFormat
                  serde: org.apache.hadoop.hive.serde2.lazy.LazySimpleSerDe

  Stage: Stage-0
    Fetch Operator
      limit: -1
      Processor Tree:
        ListSink

PREHOOK: query: SELECT s1.aint, s2.lintstring
FROM src_thrift s1
JOIN src_thrift s2
ON s1.aint = s2.aint
PREHOOK: type: QUERY
PREHOOK: Input: default@src_thrift
#### A masked pattern was here ####
POSTHOOK: query: SELECT s1.aint, s2.lintstring
FROM src_thrift s1
JOIN src_thrift s2
ON s1.aint = s2.aint
POSTHOOK: type: QUERY
POSTHOOK: Input: default@src_thrift
#### A masked pattern was here ####
-1461153973	[{"myint":49,"mystring":"343","underscore_int":7}]
-1952710710	[{"myint":25,"mystring":"125","underscore_int":5}]
-734328909	[{"myint":16,"mystring":"64","underscore_int":4}]
-751827638	[{"myint":4,"mystring":"8","underscore_int":2}]
0	NULL
1244525190	[{"myint":36,"mystring":"216","underscore_int":6}]
1638581578	[{"myint":64,"mystring":"512","underscore_int":8}]
1712634731	[{"myint":0,"mystring":"0","underscore_int":0}]
336964413	[{"myint":81,"mystring":"729","underscore_int":9}]
465985200	[{"myint":1,"mystring":"1","underscore_int":1}]
477111222	[{"myint":9,"mystring":"27","underscore_int":3}]
