PREHOOK: query: -- SORT_QUERY_RESULTS

EXPLAIN
SELECT src1.c1, src2.c4 
FROM
(SELECT src.key as c1, src.value as c2 from src) src1
JOIN
(SELECT src.key as c3, src.value as c4 from src) src2
ON src1.c1 = src2.c3 AND src1.c1 < 100
JOIN
(SELECT src.key as c5, src.value as c6 from src) src3
ON src1.c1 + src2.c3 = src3.c5 AND src3.c5 < 200
PREHOOK: type: QUERY
POSTHOOK: query: -- SORT_QUERY_RESULTS

EXPLAIN
SELECT src1.c1, src2.c4 
FROM
(SELECT src.key as c1, src.value as c2 from src) src1
JOIN
(SELECT src.key as c3, src.value as c4 from src) src2
ON src1.c1 = src2.c3 AND src1.c1 < 100
JOIN
(SELECT src.key as c5, src.value as c6 from src) src3
ON src1.c1 + src2.c3 = src3.c5 AND src3.c5 < 200
POSTHOOK: type: QUERY
STAGE DEPENDENCIES:
  Stage-1 is a root stage
  Stage-2 depends on stages: Stage-1
  Stage-0 depends on stages: Stage-2

STAGE PLANS:
  Stage: Stage-1
    Map Reduce
      Map Operator Tree:
          TableScan
            alias: src
            Statistics: Num rows: 500 Data size: 5312 Basic stats: COMPLETE Column stats: NONE
            Filter Operator
              predicate: (UDFToDouble(key) < 100.0) (type: boolean)
              Statistics: Num rows: 166 Data size: 1763 Basic stats: COMPLETE Column stats: NONE
              Select Operator
                expressions: key (type: string), value (type: string)
                outputColumnNames: _col0, _col1
                Statistics: Num rows: 166 Data size: 1763 Basic stats: COMPLETE Column stats: NONE
                Reduce Output Operator
                  key expressions: _col0 (type: string)
                  sort order: +
                  Map-reduce partition columns: _col0 (type: string)
                  Statistics: Num rows: 166 Data size: 1763 Basic stats: COMPLETE Column stats: NONE
                  value expressions: _col1 (type: string)
          TableScan
            alias: src
            Statistics: Num rows: 500 Data size: 5312 Basic stats: COMPLETE Column stats: NONE
            Filter Operator
              predicate: (UDFToDouble(key) < 100.0) (type: boolean)
              Statistics: Num rows: 166 Data size: 1763 Basic stats: COMPLETE Column stats: NONE
              Select Operator
                expressions: key (type: string)
                outputColumnNames: _col0
                Statistics: Num rows: 166 Data size: 1763 Basic stats: COMPLETE Column stats: NONE
                Reduce Output Operator
                  key expressions: _col0 (type: string)
                  sort order: +
                  Map-reduce partition columns: _col0 (type: string)
                  Statistics: Num rows: 166 Data size: 1763 Basic stats: COMPLETE Column stats: NONE
      Reduce Operator Tree:
        Join Operator
          condition map:
               Inner Join 0 to 1
          keys:
            0 _col0 (type: string)
            1 _col0 (type: string)
          outputColumnNames: _col0, _col1, _col2
          Statistics: Num rows: 182 Data size: 1939 Basic stats: COMPLETE Column stats: NONE
          Filter Operator
            predicate: (UDFToDouble(_col2) + UDFToDouble(_col0)) is not null (type: boolean)
            Statistics: Num rows: 91 Data size: 969 Basic stats: COMPLETE Column stats: NONE
            File Output Operator
              compressed: false
              table:
                  input format: org.apache.hadoop.mapred.SequenceFileInputFormat
                  output format: org.apache.hadoop.hive.ql.io.HiveSequenceFileOutputFormat
                  serde: org.apache.hadoop.hive.serde2.lazybinary.LazyBinarySerDe

  Stage: Stage-2
    Map Reduce
      Map Operator Tree:
          TableScan
            Reduce Output Operator
              key expressions: (UDFToDouble(_col2) + UDFToDouble(_col0)) (type: double)
              sort order: +
              Map-reduce partition columns: (UDFToDouble(_col2) + UDFToDouble(_col0)) (type: double)
              Statistics: Num rows: 91 Data size: 969 Basic stats: COMPLETE Column stats: NONE
              value expressions: _col1 (type: string), _col2 (type: string)
          TableScan
            alias: src
            Statistics: Num rows: 500 Data size: 5312 Basic stats: COMPLETE Column stats: NONE
            Filter Operator
              predicate: ((UDFToDouble(key) < 200.0) and UDFToDouble(key) is not null) (type: boolean)
              Statistics: Num rows: 83 Data size: 881 Basic stats: COMPLETE Column stats: NONE
              Select Operator
                expressions: key (type: string)
                outputColumnNames: _col0
                Statistics: Num rows: 83 Data size: 881 Basic stats: COMPLETE Column stats: NONE
                Reduce Output Operator
                  key expressions: UDFToDouble(_col0) (type: double)
                  sort order: +
                  Map-reduce partition columns: UDFToDouble(_col0) (type: double)
                  Statistics: Num rows: 83 Data size: 881 Basic stats: COMPLETE Column stats: NONE
      Reduce Operator Tree:
        Join Operator
          condition map:
               Inner Join 0 to 1
          keys:
            0 (UDFToDouble(_col2) + UDFToDouble(_col0)) (type: double)
            1 UDFToDouble(_col0) (type: double)
          outputColumnNames: _col1, _col2
          Statistics: Num rows: 100 Data size: 1065 Basic stats: COMPLETE Column stats: NONE
          Select Operator
            expressions: _col2 (type: string), _col1 (type: string)
            outputColumnNames: _col0, _col1
            Statistics: Num rows: 100 Data size: 1065 Basic stats: COMPLETE Column stats: NONE
            File Output Operator
              compressed: false
              Statistics: Num rows: 100 Data size: 1065 Basic stats: COMPLETE Column stats: NONE
              table:
                  input format: org.apache.hadoop.mapred.TextInputFormat
                  output format: org.apache.hadoop.hive.ql.io.HiveIgnoreKeyTextOutputFormat
                  serde: org.apache.hadoop.hive.serde2.lazy.LazySimpleSerDe

  Stage: Stage-0
    Fetch Operator
      limit: -1
      Processor Tree:
        ListSink

PREHOOK: query: SELECT src1.c1, src2.c4 
FROM
(SELECT src.key as c1, src.value as c2 from src) src1
JOIN
(SELECT src.key as c3, src.value as c4 from src) src2
ON src1.c1 = src2.c3 AND src1.c1 < 100
JOIN
(SELECT src.key as c5, src.value as c6 from src) src3
ON src1.c1 + src2.c3 = src3.c5 AND src3.c5 < 200
PREHOOK: type: QUERY
PREHOOK: Input: default@src
#### A masked pattern was here ####
POSTHOOK: query: SELECT src1.c1, src2.c4 
FROM
(SELECT src.key as c1, src.value as c2 from src) src1
JOIN
(SELECT src.key as c3, src.value as c4 from src) src2
ON src1.c1 = src2.c3 AND src1.c1 < 100
JOIN
(SELECT src.key as c5, src.value as c6 from src) src3
ON src1.c1 + src2.c3 = src3.c5 AND src3.c5 < 200
POSTHOOK: type: QUERY
POSTHOOK: Input: default@src
#### A masked pattern was here ####
0	val_0
0	val_0
0	val_0
0	val_0
0	val_0
0	val_0
0	val_0
0	val_0
0	val_0
0	val_0
0	val_0
0	val_0
0	val_0
0	val_0
0	val_0
0	val_0
0	val_0
0	val_0
0	val_0
0	val_0
0	val_0
0	val_0
0	val_0
0	val_0
0	val_0
0	val_0
0	val_0
10	val_10
12	val_12
12	val_12
12	val_12
12	val_12
12	val_12
12	val_12
12	val_12
12	val_12
15	val_15
15	val_15
15	val_15
15	val_15
17	val_17
2	val_2
27	val_27
33	val_33
35	val_35
35	val_35
35	val_35
35	val_35
35	val_35
35	val_35
35	val_35
35	val_35
35	val_35
35	val_35
35	val_35
35	val_35
35	val_35
35	val_35
35	val_35
35	val_35
35	val_35
35	val_35
35	val_35
35	val_35
35	val_35
35	val_35
35	val_35
35	val_35
35	val_35
35	val_35
35	val_35
37	val_37
37	val_37
37	val_37
37	val_37
4	val_4
41	val_41
42	val_42
42	val_42
42	val_42
42	val_42
42	val_42
42	val_42
42	val_42
42	val_42
43	val_43
5	val_5
5	val_5
5	val_5
5	val_5
5	val_5
5	val_5
5	val_5
5	val_5
5	val_5
57	val_57
58	val_58
58	val_58
58	val_58
58	val_58
64	val_64
64	val_64
64	val_64
67	val_67
67	val_67
67	val_67
67	val_67
67	val_67
67	val_67
67	val_67
67	val_67
69	val_69
69	val_69
69	val_69
69	val_69
76	val_76
76	val_76
76	val_76
76	val_76
76	val_76
76	val_76
76	val_76
76	val_76
78	val_78
80	val_80
82	val_82
82	val_82
83	val_83
83	val_83
83	val_83
83	val_83
84	val_84
84	val_84
84	val_84
84	val_84
85	val_85
86	val_86
86	val_86
87	val_87
87	val_87
9	val_9
9	val_9
90	val_90
90	val_90
90	val_90
90	val_90
90	val_90
90	val_90
90	val_90
90	val_90
90	val_90
95	val_95
95	val_95
95	val_95
95	val_95
96	val_96
97	val_97
97	val_97
97	val_97
97	val_97
98	val_98
98	val_98
98	val_98
98	val_98
