PREHOOK: query: EXPLAIN
SELECT *
FROM src1 JOIN src
ON (src1.key=src.key
  AND src1.value between 100 and 102
  AND src.value between 100 and 102)
LIMIT 10
PREHOOK: type: QUERY
PREHOOK: Input: default@src
PREHOOK: Input: default@src1
#### A masked pattern was here ####
POSTHOOK: query: EXPLAIN
SELECT *
FROM src1 JOIN src
ON (src1.key=src.key
  AND src1.value between 100 and 102
  AND src.value between 100 and 102)
LIMIT 10
POSTHOOK: type: QUERY
POSTHOOK: Input: default@src
POSTHOOK: Input: default@src1
#### A masked pattern was here ####
STAGE DEPENDENCIES:
  Stage-1 is a root stage
  Stage-0 depends on stages: Stage-1

STAGE PLANS:
  Stage: Stage-1
    Map Reduce
      Map Operator Tree:
          TableScan
            alias: src1
            filterExpr: (UDFToDouble(value) BETWEEN 100.0D AND 102.0D and key is not null) (type: boolean)
            Statistics: Num rows: 25 Data size: 4375 Basic stats: COMPLETE Column stats: COMPLETE
            Filter Operator
              predicate: (UDFToDouble(value) BETWEEN 100.0D AND 102.0D and key is not null) (type: boolean)
              Statistics: Num rows: 2 Data size: 350 Basic stats: COMPLETE Column stats: COMPLETE
              Select Operator
                expressions: key (type: string), value (type: string)
                outputColumnNames: _col0, _col1
                Statistics: Num rows: 2 Data size: 350 Basic stats: COMPLETE Column stats: COMPLETE
                Reduce Output Operator
                  key expressions: _col0 (type: string)
                  sort order: +
                  Map-reduce partition columns: _col0 (type: string)
                  Statistics: Num rows: 2 Data size: 350 Basic stats: COMPLETE Column stats: COMPLETE
                  value expressions: _col1 (type: string)
          TableScan
            alias: src
            filterExpr: (UDFToDouble(value) BETWEEN 100.0D AND 102.0D and key is not null) (type: boolean)
            Statistics: Num rows: 500 Data size: 89000 Basic stats: COMPLETE Column stats: COMPLETE
            Filter Operator
              predicate: (UDFToDouble(value) BETWEEN 100.0D AND 102.0D and key is not null) (type: boolean)
              Statistics: Num rows: 55 Data size: 9790 Basic stats: COMPLETE Column stats: COMPLETE
              Select Operator
                expressions: key (type: string), value (type: string)
                outputColumnNames: _col0, _col1
                Statistics: Num rows: 55 Data size: 9790 Basic stats: COMPLETE Column stats: COMPLETE
                Reduce Output Operator
                  key expressions: _col0 (type: string)
                  sort order: +
                  Map-reduce partition columns: _col0 (type: string)
                  Statistics: Num rows: 55 Data size: 9790 Basic stats: COMPLETE Column stats: COMPLETE
                  value expressions: _col1 (type: string)
      Reduce Operator Tree:
        Join Operator
          condition map:
               Inner Join 0 to 1
          keys:
            0 _col0 (type: string)
            1 _col0 (type: string)
          outputColumnNames: _col0, _col1, _col2, _col3
          Statistics: Num rows: 3 Data size: 1059 Basic stats: COMPLETE Column stats: COMPLETE
          Limit
            Number of rows: 10
            Statistics: Num rows: 3 Data size: 1059 Basic stats: COMPLETE Column stats: COMPLETE
            File Output Operator
              compressed: false
              Statistics: Num rows: 3 Data size: 1059 Basic stats: COMPLETE Column stats: COMPLETE
              table:
                  input format: org.apache.hadoop.mapred.SequenceFileInputFormat
                  output format: org.apache.hadoop.hive.ql.io.HiveSequenceFileOutputFormat
                  serde: org.apache.hadoop.hive.serde2.lazy.LazySimpleSerDe

  Stage: Stage-0
    Fetch Operator
      limit: 10
      Processor Tree:
        ListSink

PREHOOK: query: SELECT *
FROM src1 JOIN src
ON (src1.key=src.key
  AND src1.value between 100 and 102
  AND src.value between 100 and 102)
LIMIT 10
PREHOOK: type: QUERY
PREHOOK: Input: default@src
PREHOOK: Input: default@src1
#### A masked pattern was here ####
POSTHOOK: query: SELECT *
FROM src1 JOIN src
ON (src1.key=src.key
  AND src1.value between 100 and 102
  AND src.value between 100 and 102)
LIMIT 10
POSTHOOK: type: QUERY
POSTHOOK: Input: default@src
POSTHOOK: Input: default@src1
#### A masked pattern was here ####
PREHOOK: query: EXPLAIN
SELECT *
FROM src1 JOIN src
ON (src1.key=src.key AND true)
LIMIT 10
PREHOOK: type: QUERY
PREHOOK: Input: default@src
PREHOOK: Input: default@src1
#### A masked pattern was here ####
POSTHOOK: query: EXPLAIN
SELECT *
FROM src1 JOIN src
ON (src1.key=src.key AND true)
LIMIT 10
POSTHOOK: type: QUERY
POSTHOOK: Input: default@src
POSTHOOK: Input: default@src1
#### A masked pattern was here ####
STAGE DEPENDENCIES:
  Stage-1 is a root stage
  Stage-0 depends on stages: Stage-1

STAGE PLANS:
  Stage: Stage-1
    Map Reduce
      Map Operator Tree:
          TableScan
            alias: src1
            filterExpr: key is not null (type: boolean)
            Statistics: Num rows: 25 Data size: 4375 Basic stats: COMPLETE Column stats: COMPLETE
            Filter Operator
              predicate: key is not null (type: boolean)
              Statistics: Num rows: 25 Data size: 4375 Basic stats: COMPLETE Column stats: COMPLETE
              Select Operator
                expressions: key (type: string), value (type: string)
                outputColumnNames: _col0, _col1
                Statistics: Num rows: 25 Data size: 4375 Basic stats: COMPLETE Column stats: COMPLETE
                Reduce Output Operator
                  key expressions: _col0 (type: string)
                  sort order: +
                  Map-reduce partition columns: _col0 (type: string)
                  Statistics: Num rows: 25 Data size: 4375 Basic stats: COMPLETE Column stats: COMPLETE
                  value expressions: _col1 (type: string)
          TableScan
            alias: src
            filterExpr: key is not null (type: boolean)
            Statistics: Num rows: 500 Data size: 89000 Basic stats: COMPLETE Column stats: COMPLETE
            Filter Operator
              predicate: key is not null (type: boolean)
              Statistics: Num rows: 500 Data size: 89000 Basic stats: COMPLETE Column stats: COMPLETE
              Select Operator
                expressions: key (type: string), value (type: string)
                outputColumnNames: _col0, _col1
                Statistics: Num rows: 500 Data size: 89000 Basic stats: COMPLETE Column stats: COMPLETE
                Reduce Output Operator
                  key expressions: _col0 (type: string)
                  sort order: +
                  Map-reduce partition columns: _col0 (type: string)
                  Statistics: Num rows: 500 Data size: 89000 Basic stats: COMPLETE Column stats: COMPLETE
                  value expressions: _col1 (type: string)
      Reduce Operator Tree:
        Join Operator
          condition map:
               Inner Join 0 to 1
          keys:
            0 _col0 (type: string)
            1 _col0 (type: string)
          outputColumnNames: _col0, _col1, _col2, _col3
          Statistics: Num rows: 39 Data size: 13767 Basic stats: COMPLETE Column stats: COMPLETE
          Limit
            Number of rows: 10
            Statistics: Num rows: 10 Data size: 3530 Basic stats: COMPLETE Column stats: COMPLETE
            File Output Operator
              compressed: false
              Statistics: Num rows: 10 Data size: 3530 Basic stats: COMPLETE Column stats: COMPLETE
              table:
                  input format: org.apache.hadoop.mapred.SequenceFileInputFormat
                  output format: org.apache.hadoop.hive.ql.io.HiveSequenceFileOutputFormat
                  serde: org.apache.hadoop.hive.serde2.lazy.LazySimpleSerDe

  Stage: Stage-0
    Fetch Operator
      limit: 10
      Processor Tree:
        ListSink

PREHOOK: query: SELECT *
FROM src1 JOIN src
ON (src1.key=src.key AND true)
LIMIT 10
PREHOOK: type: QUERY
PREHOOK: Input: default@src
PREHOOK: Input: default@src1
#### A masked pattern was here ####
POSTHOOK: query: SELECT *
FROM src1 JOIN src
ON (src1.key=src.key AND true)
LIMIT 10
POSTHOOK: type: QUERY
POSTHOOK: Input: default@src
POSTHOOK: Input: default@src1
#### A masked pattern was here ####
128		128	val_128
128		128	val_128
128		128	val_128
146	val_146	146	val_146
146	val_146	146	val_146
150	val_150	150	val_150
213	val_213	213	val_213
213	val_213	213	val_213
224		224	val_224
224		224	val_224
Warning: Shuffle Join JOIN[8][tables = [$hdt$_0, $hdt$_1]] in Stage 'Stage-1:MAPRED' is a cross product
PREHOOK: query: EXPLAIN
SELECT *
FROM src1 JOIN src
ON (src1.value between 100 and 102
  AND src.value between 100 and 102
  AND true)
LIMIT 10
PREHOOK: type: QUERY
PREHOOK: Input: default@src
PREHOOK: Input: default@src1
#### A masked pattern was here ####
POSTHOOK: query: EXPLAIN
SELECT *
FROM src1 JOIN src
ON (src1.value between 100 and 102
  AND src.value between 100 and 102
  AND true)
LIMIT 10
POSTHOOK: type: QUERY
POSTHOOK: Input: default@src
POSTHOOK: Input: default@src1
#### A masked pattern was here ####
STAGE DEPENDENCIES:
  Stage-1 is a root stage
  Stage-0 depends on stages: Stage-1

STAGE PLANS:
  Stage: Stage-1
    Map Reduce
      Map Operator Tree:
          TableScan
            alias: src1
            filterExpr: UDFToDouble(value) BETWEEN 100.0D AND 102.0D (type: boolean)
            Statistics: Num rows: 25 Data size: 4375 Basic stats: COMPLETE Column stats: COMPLETE
            Filter Operator
              predicate: UDFToDouble(value) BETWEEN 100.0D AND 102.0D (type: boolean)
              Statistics: Num rows: 2 Data size: 350 Basic stats: COMPLETE Column stats: COMPLETE
              Select Operator
                expressions: key (type: string), value (type: string)
                outputColumnNames: _col0, _col1
                Statistics: Num rows: 2 Data size: 350 Basic stats: COMPLETE Column stats: COMPLETE
                Reduce Output Operator
                  sort order: 
                  Statistics: Num rows: 2 Data size: 350 Basic stats: COMPLETE Column stats: COMPLETE
                  value expressions: _col0 (type: string), _col1 (type: string)
          TableScan
            alias: src
            filterExpr: UDFToDouble(value) BETWEEN 100.0D AND 102.0D (type: boolean)
            Statistics: Num rows: 500 Data size: 89000 Basic stats: COMPLETE Column stats: COMPLETE
            Filter Operator
              predicate: UDFToDouble(value) BETWEEN 100.0D AND 102.0D (type: boolean)
              Statistics: Num rows: 55 Data size: 9790 Basic stats: COMPLETE Column stats: COMPLETE
              Select Operator
                expressions: key (type: string), value (type: string)
                outputColumnNames: _col0, _col1
                Statistics: Num rows: 55 Data size: 9790 Basic stats: COMPLETE Column stats: COMPLETE
                Reduce Output Operator
                  sort order: 
                  Statistics: Num rows: 55 Data size: 9790 Basic stats: COMPLETE Column stats: COMPLETE
                  value expressions: _col0 (type: string), _col1 (type: string)
      Reduce Operator Tree:
        Join Operator
          condition map:
               Inner Join 0 to 1
          keys:
            0 
            1 
          outputColumnNames: _col0, _col1, _col2, _col3
          Statistics: Num rows: 110 Data size: 38830 Basic stats: COMPLETE Column stats: COMPLETE
          Limit
            Number of rows: 10
            Statistics: Num rows: 10 Data size: 3530 Basic stats: COMPLETE Column stats: COMPLETE
            File Output Operator
              compressed: false
              Statistics: Num rows: 10 Data size: 3530 Basic stats: COMPLETE Column stats: COMPLETE
              table:
                  input format: org.apache.hadoop.mapred.SequenceFileInputFormat
                  output format: org.apache.hadoop.hive.ql.io.HiveSequenceFileOutputFormat
                  serde: org.apache.hadoop.hive.serde2.lazy.LazySimpleSerDe

  Stage: Stage-0
    Fetch Operator
      limit: 10
      Processor Tree:
        ListSink

Warning: Shuffle Join JOIN[8][tables = [$hdt$_0, $hdt$_1]] in Stage 'Stage-1:MAPRED' is a cross product
PREHOOK: query: SELECT *
FROM src1 JOIN src
ON (src1.value between 100 and 102
  AND src.value between 100 and 102
  AND true)
LIMIT 10
PREHOOK: type: QUERY
PREHOOK: Input: default@src
PREHOOK: Input: default@src1
#### A masked pattern was here ####
POSTHOOK: query: SELECT *
FROM src1 JOIN src
ON (src1.value between 100 and 102
  AND src.value between 100 and 102
  AND true)
LIMIT 10
POSTHOOK: type: QUERY
POSTHOOK: Input: default@src
POSTHOOK: Input: default@src1
#### A masked pattern was here ####
Warning: Shuffle Join JOIN[6][tables = [$hdt$_0, $hdt$_1]] in Stage 'Stage-1:MAPRED' is a cross product
PREHOOK: query: EXPLAIN
SELECT *
FROM src1 JOIN src
ON (src1.key=src.key
  OR src1.value between 100 and 102
  OR src.value between 100 and 102)
LIMIT 10
PREHOOK: type: QUERY
PREHOOK: Input: default@src
PREHOOK: Input: default@src1
#### A masked pattern was here ####
POSTHOOK: query: EXPLAIN
SELECT *
FROM src1 JOIN src
ON (src1.key=src.key
  OR src1.value between 100 and 102
  OR src.value between 100 and 102)
LIMIT 10
POSTHOOK: type: QUERY
POSTHOOK: Input: default@src
POSTHOOK: Input: default@src1
#### A masked pattern was here ####
STAGE DEPENDENCIES:
  Stage-1 is a root stage
  Stage-0 depends on stages: Stage-1

STAGE PLANS:
  Stage: Stage-1
    Map Reduce
      Map Operator Tree:
          TableScan
            alias: src1
            Statistics: Num rows: 25 Data size: 4375 Basic stats: COMPLETE Column stats: COMPLETE
            Select Operator
              expressions: key (type: string), value (type: string), UDFToDouble(value) BETWEEN 100.0D AND 102.0D (type: boolean)
              outputColumnNames: _col0, _col1, _col2
              Statistics: Num rows: 25 Data size: 4475 Basic stats: COMPLETE Column stats: COMPLETE
              Reduce Output Operator
                sort order: 
                Statistics: Num rows: 25 Data size: 4475 Basic stats: COMPLETE Column stats: COMPLETE
                value expressions: _col0 (type: string), _col1 (type: string), _col2 (type: boolean)
          TableScan
            alias: src
            Statistics: Num rows: 500 Data size: 89000 Basic stats: COMPLETE Column stats: COMPLETE
            Select Operator
              expressions: key (type: string), value (type: string), UDFToDouble(value) BETWEEN 100.0D AND 102.0D (type: boolean)
              outputColumnNames: _col0, _col1, _col2
              Statistics: Num rows: 500 Data size: 91000 Basic stats: COMPLETE Column stats: COMPLETE
              Reduce Output Operator
                sort order: 
                Statistics: Num rows: 500 Data size: 91000 Basic stats: COMPLETE Column stats: COMPLETE
                value expressions: _col0 (type: string), _col1 (type: string), _col2 (type: boolean)
      Reduce Operator Tree:
        Join Operator
          condition map:
               Inner Join 0 to 1
          keys:
            0 
            1 
          outputColumnNames: _col0, _col1, _col2, _col3, _col4, _col5
          Statistics: Num rows: 12500 Data size: 4512500 Basic stats: COMPLETE Column stats: COMPLETE
          Filter Operator
            predicate: ((_col0 = _col3) or _col2 or _col5) (type: boolean)
            Statistics: Num rows: 12500 Data size: 4512500 Basic stats: COMPLETE Column stats: COMPLETE
            Select Operator
              expressions: _col0 (type: string), _col1 (type: string), _col3 (type: string), _col4 (type: string)
              outputColumnNames: _col0, _col1, _col2, _col3
              Statistics: Num rows: 12500 Data size: 4412500 Basic stats: COMPLETE Column stats: COMPLETE
              Limit
                Number of rows: 10
                Statistics: Num rows: 10 Data size: 3530 Basic stats: COMPLETE Column stats: COMPLETE
                File Output Operator
                  compressed: false
                  Statistics: Num rows: 10 Data size: 3530 Basic stats: COMPLETE Column stats: COMPLETE
                  table:
                      input format: org.apache.hadoop.mapred.SequenceFileInputFormat
                      output format: org.apache.hadoop.hive.ql.io.HiveSequenceFileOutputFormat
                      serde: org.apache.hadoop.hive.serde2.lazy.LazySimpleSerDe

  Stage: Stage-0
    Fetch Operator
      limit: 10
      Processor Tree:
        ListSink

Warning: Shuffle Join JOIN[6][tables = [$hdt$_0, $hdt$_1]] in Stage 'Stage-1:MAPRED' is a cross product
PREHOOK: query: SELECT *
FROM src1 JOIN src
ON (src1.key=src.key
  OR src1.value between 100 and 102
  OR src.value between 100 and 102)
LIMIT 10
PREHOOK: type: QUERY
PREHOOK: Input: default@src
PREHOOK: Input: default@src1
#### A masked pattern was here ####
POSTHOOK: query: SELECT *
FROM src1 JOIN src
ON (src1.key=src.key
  OR src1.value between 100 and 102
  OR src.value between 100 and 102)
LIMIT 10
POSTHOOK: type: QUERY
POSTHOOK: Input: default@src
POSTHOOK: Input: default@src1
#### A masked pattern was here ####
406	val_406	406	val_406
406	val_406	406	val_406
406	val_406	406	val_406
406	val_406	406	val_406
146	val_146	146	val_146
146	val_146	146	val_146
213	val_213	213	val_213
213	val_213	213	val_213
128		128	val_128
128		128	val_128
Warning: Shuffle Join JOIN[6][tables = [$hdt$_0, $hdt$_1]] in Stage 'Stage-1:MAPRED' is a cross product
PREHOOK: query: EXPLAIN
SELECT *
FROM src1 JOIN src
ON (src1.key+src.key >= 100
  AND src1.key+src.key <= 102)
LIMIT 10
PREHOOK: type: QUERY
PREHOOK: Input: default@src
PREHOOK: Input: default@src1
#### A masked pattern was here ####
POSTHOOK: query: EXPLAIN
SELECT *
FROM src1 JOIN src
ON (src1.key+src.key >= 100
  AND src1.key+src.key <= 102)
LIMIT 10
POSTHOOK: type: QUERY
POSTHOOK: Input: default@src
POSTHOOK: Input: default@src1
#### A masked pattern was here ####
STAGE DEPENDENCIES:
  Stage-1 is a root stage
  Stage-0 depends on stages: Stage-1

STAGE PLANS:
  Stage: Stage-1
    Map Reduce
      Map Operator Tree:
          TableScan
            alias: src1
            Statistics: Num rows: 25 Data size: 4375 Basic stats: COMPLETE Column stats: COMPLETE
            Select Operator
              expressions: key (type: string), value (type: string), UDFToDouble(key) (type: double)
              outputColumnNames: _col0, _col1, _col2
              Statistics: Num rows: 25 Data size: 4575 Basic stats: COMPLETE Column stats: COMPLETE
              Reduce Output Operator
                sort order: 
                Statistics: Num rows: 25 Data size: 4575 Basic stats: COMPLETE Column stats: COMPLETE
                value expressions: _col0 (type: string), _col1 (type: string), _col2 (type: double)
          TableScan
            alias: src
            Statistics: Num rows: 500 Data size: 89000 Basic stats: COMPLETE Column stats: COMPLETE
            Select Operator
              expressions: key (type: string), value (type: string), UDFToDouble(key) (type: double)
              outputColumnNames: _col0, _col1, _col2
              Statistics: Num rows: 500 Data size: 93000 Basic stats: COMPLETE Column stats: COMPLETE
              Reduce Output Operator
                sort order: 
                Statistics: Num rows: 500 Data size: 93000 Basic stats: COMPLETE Column stats: COMPLETE
                value expressions: _col0 (type: string), _col1 (type: string), _col2 (type: double)
      Reduce Operator Tree:
        Join Operator
          condition map:
               Inner Join 0 to 1
          keys:
            0 
            1 
          outputColumnNames: _col0, _col1, _col2, _col3, _col4, _col5
          Statistics: Num rows: 12500 Data size: 4612500 Basic stats: COMPLETE Column stats: COMPLETE
          Filter Operator
            predicate: (_col2 + _col5) BETWEEN 100.0D AND 102.0D (type: boolean)
            Statistics: Num rows: 1388 Data size: 512172 Basic stats: COMPLETE Column stats: COMPLETE
            Select Operator
              expressions: _col0 (type: string), _col1 (type: string), _col3 (type: string), _col4 (type: string)
              outputColumnNames: _col0, _col1, _col2, _col3
              Statistics: Num rows: 1388 Data size: 489964 Basic stats: COMPLETE Column stats: COMPLETE
              Limit
                Number of rows: 10
                Statistics: Num rows: 10 Data size: 3530 Basic stats: COMPLETE Column stats: COMPLETE
                File Output Operator
                  compressed: false
                  Statistics: Num rows: 10 Data size: 3530 Basic stats: COMPLETE Column stats: COMPLETE
                  table:
                      input format: org.apache.hadoop.mapred.SequenceFileInputFormat
                      output format: org.apache.hadoop.hive.ql.io.HiveSequenceFileOutputFormat
                      serde: org.apache.hadoop.hive.serde2.lazy.LazySimpleSerDe

  Stage: Stage-0
    Fetch Operator
      limit: 10
      Processor Tree:
        ListSink

Warning: Shuffle Join JOIN[6][tables = [$hdt$_0, $hdt$_1]] in Stage 'Stage-1:MAPRED' is a cross product
PREHOOK: query: SELECT *
FROM src1 JOIN src
ON (src1.key+src.key >= 100
  AND src1.key+src.key <= 102)
LIMIT 10
PREHOOK: type: QUERY
PREHOOK: Input: default@src
PREHOOK: Input: default@src1
#### A masked pattern was here ####
POSTHOOK: query: SELECT *
FROM src1 JOIN src
ON (src1.key+src.key >= 100
  AND src1.key+src.key <= 102)
LIMIT 10
POSTHOOK: type: QUERY
POSTHOOK: Input: default@src
POSTHOOK: Input: default@src1
#### A masked pattern was here ####
66	val_66	35	val_35
66	val_66	34	val_34
66	val_66	35	val_35
66	val_66	35	val_35
98	val_98	2	val_2
98	val_98	4	val_4
Warning: Shuffle Join JOIN[6][tables = [$hdt$_0, $hdt$_1]] in Stage 'Stage-1:MAPRED' is a cross product
PREHOOK: query: EXPLAIN
SELECT *
FROM src1 JOIN src
ON (src1.key+src.key >= 100
  OR src1.key+src.key <= 102)
LIMIT 10
PREHOOK: type: QUERY
PREHOOK: Input: default@src
PREHOOK: Input: default@src1
#### A masked pattern was here ####
POSTHOOK: query: EXPLAIN
SELECT *
FROM src1 JOIN src
ON (src1.key+src.key >= 100
  OR src1.key+src.key <= 102)
LIMIT 10
POSTHOOK: type: QUERY
POSTHOOK: Input: default@src
POSTHOOK: Input: default@src1
#### A masked pattern was here ####
STAGE DEPENDENCIES:
  Stage-1 is a root stage
  Stage-0 depends on stages: Stage-1

STAGE PLANS:
  Stage: Stage-1
    Map Reduce
      Map Operator Tree:
          TableScan
            alias: src1
            Statistics: Num rows: 25 Data size: 4375 Basic stats: COMPLETE Column stats: COMPLETE
            Select Operator
              expressions: key (type: string), value (type: string), UDFToDouble(key) (type: double)
              outputColumnNames: _col0, _col1, _col2
              Statistics: Num rows: 25 Data size: 4575 Basic stats: COMPLETE Column stats: COMPLETE
              Reduce Output Operator
                sort order: 
                Statistics: Num rows: 25 Data size: 4575 Basic stats: COMPLETE Column stats: COMPLETE
                value expressions: _col0 (type: string), _col1 (type: string), _col2 (type: double)
          TableScan
            alias: src
            Statistics: Num rows: 500 Data size: 89000 Basic stats: COMPLETE Column stats: COMPLETE
            Select Operator
              expressions: key (type: string), value (type: string), UDFToDouble(key) (type: double)
              outputColumnNames: _col0, _col1, _col2
              Statistics: Num rows: 500 Data size: 93000 Basic stats: COMPLETE Column stats: COMPLETE
              Reduce Output Operator
                sort order: 
                Statistics: Num rows: 500 Data size: 93000 Basic stats: COMPLETE Column stats: COMPLETE
                value expressions: _col0 (type: string), _col1 (type: string), _col2 (type: double)
      Reduce Operator Tree:
        Join Operator
          condition map:
               Inner Join 0 to 1
          keys:
            0 
            1 
          outputColumnNames: _col0, _col1, _col2, _col3, _col4, _col5
          Statistics: Num rows: 12500 Data size: 4612500 Basic stats: COMPLETE Column stats: COMPLETE
          Filter Operator
            predicate: (((_col2 + _col5) >= 100.0D) or ((_col2 + _col5) <= 102.0D)) (type: boolean)
            Statistics: Num rows: 8332 Data size: 3074508 Basic stats: COMPLETE Column stats: COMPLETE
            Select Operator
              expressions: _col0 (type: string), _col1 (type: string), _col3 (type: string), _col4 (type: string)
              outputColumnNames: _col0, _col1, _col2, _col3
              Statistics: Num rows: 8332 Data size: 2941196 Basic stats: COMPLETE Column stats: COMPLETE
              Limit
                Number of rows: 10
                Statistics: Num rows: 10 Data size: 3530 Basic stats: COMPLETE Column stats: COMPLETE
                File Output Operator
                  compressed: false
                  Statistics: Num rows: 10 Data size: 3530 Basic stats: COMPLETE Column stats: COMPLETE
                  table:
                      input format: org.apache.hadoop.mapred.SequenceFileInputFormat
                      output format: org.apache.hadoop.hive.ql.io.HiveSequenceFileOutputFormat
                      serde: org.apache.hadoop.hive.serde2.lazy.LazySimpleSerDe

  Stage: Stage-0
    Fetch Operator
      limit: 10
      Processor Tree:
        ListSink

Warning: Shuffle Join JOIN[6][tables = [$hdt$_0, $hdt$_1]] in Stage 'Stage-1:MAPRED' is a cross product
PREHOOK: query: SELECT *
FROM src1 JOIN src
ON (src1.key+src.key >= 100
  OR src1.key+src.key <= 102)
LIMIT 10
PREHOOK: type: QUERY
PREHOOK: Input: default@src
PREHOOK: Input: default@src1
#### A masked pattern was here ####
POSTHOOK: query: SELECT *
FROM src1 JOIN src
ON (src1.key+src.key >= 100
  OR src1.key+src.key <= 102)
LIMIT 10
POSTHOOK: type: QUERY
POSTHOOK: Input: default@src
POSTHOOK: Input: default@src1
#### A masked pattern was here ####
406	val_406	97	val_97
406	val_406	200	val_200
406	val_406	400	val_400
406	val_406	403	val_403
406	val_406	169	val_169
406	val_406	90	val_90
406	val_406	126	val_126
406	val_406	222	val_222
406	val_406	477	val_477
406	val_406	414	val_414
Warning: Shuffle Join JOIN[6][tables = [$hdt$_0, $hdt$_1]] in Stage 'Stage-1:MAPRED' is a cross product
PREHOOK: query: EXPLAIN
SELECT *
FROM src1 JOIN src
ON ((src1.key,src.key) IN ((100,100),(101,101),(102,102)))
LIMIT 10
PREHOOK: type: QUERY
PREHOOK: Input: default@src
PREHOOK: Input: default@src1
#### A masked pattern was here ####
POSTHOOK: query: EXPLAIN
SELECT *
FROM src1 JOIN src
ON ((src1.key,src.key) IN ((100,100),(101,101),(102,102)))
LIMIT 10
POSTHOOK: type: QUERY
POSTHOOK: Input: default@src
POSTHOOK: Input: default@src1
#### A masked pattern was here ####
STAGE DEPENDENCIES:
  Stage-1 is a root stage
  Stage-0 depends on stages: Stage-1

STAGE PLANS:
  Stage: Stage-1
    Map Reduce
      Map Operator Tree:
          TableScan
            alias: src1
            Statistics: Num rows: 25 Data size: 4375 Basic stats: COMPLETE Column stats: COMPLETE
            Select Operator
              expressions: key (type: string), value (type: string), UDFToDouble(key) (type: double)
              outputColumnNames: _col0, _col1, _col2
              Statistics: Num rows: 25 Data size: 4575 Basic stats: COMPLETE Column stats: COMPLETE
              Reduce Output Operator
                sort order: 
                Statistics: Num rows: 25 Data size: 4575 Basic stats: COMPLETE Column stats: COMPLETE
                value expressions: _col0 (type: string), _col1 (type: string), _col2 (type: double)
          TableScan
            alias: src
            Statistics: Num rows: 500 Data size: 89000 Basic stats: COMPLETE Column stats: COMPLETE
            Select Operator
              expressions: key (type: string), value (type: string), UDFToDouble(key) (type: double)
              outputColumnNames: _col0, _col1, _col2
              Statistics: Num rows: 500 Data size: 93000 Basic stats: COMPLETE Column stats: COMPLETE
              Reduce Output Operator
                sort order: 
                Statistics: Num rows: 500 Data size: 93000 Basic stats: COMPLETE Column stats: COMPLETE
                value expressions: _col0 (type: string), _col1 (type: string), _col2 (type: double)
      Reduce Operator Tree:
        Join Operator
          condition map:
               Inner Join 0 to 1
          keys:
            0 
            1 
          outputColumnNames: _col0, _col1, _col2, _col3, _col4, _col5
          Statistics: Num rows: 12500 Data size: 4612500 Basic stats: COMPLETE Column stats: COMPLETE
          Filter Operator
            predicate: (struct(_col2,_col5)) IN (const struct(100.0D,100.0D), const struct(101.0D,101.0D), const struct(102.0D,102.0D)) (type: boolean)
            Statistics: Num rows: 7 Data size: 2583 Basic stats: COMPLETE Column stats: COMPLETE
            Select Operator
              expressions: _col0 (type: string), _col1 (type: string), _col3 (type: string), _col4 (type: string)
              outputColumnNames: _col0, _col1, _col2, _col3
              Statistics: Num rows: 7 Data size: 2471 Basic stats: COMPLETE Column stats: COMPLETE
              Limit
                Number of rows: 10
                Statistics: Num rows: 7 Data size: 2471 Basic stats: COMPLETE Column stats: COMPLETE
                File Output Operator
                  compressed: false
                  Statistics: Num rows: 7 Data size: 2471 Basic stats: COMPLETE Column stats: COMPLETE
                  table:
                      input format: org.apache.hadoop.mapred.SequenceFileInputFormat
                      output format: org.apache.hadoop.hive.ql.io.HiveSequenceFileOutputFormat
                      serde: org.apache.hadoop.hive.serde2.lazy.LazySimpleSerDe

  Stage: Stage-0
    Fetch Operator
      limit: 10
      Processor Tree:
        ListSink

Warning: Shuffle Join JOIN[6][tables = [$hdt$_0, $hdt$_1]] in Stage 'Stage-1:MAPRED' is a cross product
PREHOOK: query: SELECT *
FROM src1 JOIN src
ON ((src1.key,src.key) IN ((100,100),(101,101),(102,102)))
LIMIT 10
PREHOOK: type: QUERY
PREHOOK: Input: default@src
PREHOOK: Input: default@src1
#### A masked pattern was here ####
POSTHOOK: query: SELECT *
FROM src1 JOIN src
ON ((src1.key,src.key) IN ((100,100),(101,101),(102,102)))
LIMIT 10
POSTHOOK: type: QUERY
POSTHOOK: Input: default@src
POSTHOOK: Input: default@src1
#### A masked pattern was here ####
Warning: Shuffle Join JOIN[12][tables = [$hdt$_0, $hdt$_1, $hdt$_2]] in Stage 'Stage-2:MAPRED' is a cross product
PREHOOK: query: EXPLAIN
SELECT *
FROM src
JOIN src1 a ON (a.key+src.key >= 100)
LEFT OUTER JOIN src1 b ON (b.key = src.key)
LIMIT 10
PREHOOK: type: QUERY
PREHOOK: Input: default@src
PREHOOK: Input: default@src1
#### A masked pattern was here ####
POSTHOOK: query: EXPLAIN
SELECT *
FROM src
JOIN src1 a ON (a.key+src.key >= 100)
LEFT OUTER JOIN src1 b ON (b.key = src.key)
LIMIT 10
POSTHOOK: type: QUERY
POSTHOOK: Input: default@src
POSTHOOK: Input: default@src1
#### A masked pattern was here ####
STAGE DEPENDENCIES:
  Stage-1 is a root stage
  Stage-2 depends on stages: Stage-1
  Stage-0 depends on stages: Stage-2

STAGE PLANS:
  Stage: Stage-1
    Map Reduce
      Map Operator Tree:
          TableScan
            alias: src
            Statistics: Num rows: 500 Data size: 89000 Basic stats: COMPLETE Column stats: COMPLETE
            Select Operator
              expressions: key (type: string), value (type: string), UDFToDouble(key) (type: double)
              outputColumnNames: _col0, _col1, _col2
              Statistics: Num rows: 500 Data size: 93000 Basic stats: COMPLETE Column stats: COMPLETE
              Reduce Output Operator
                key expressions: _col0 (type: string)
                sort order: +
                Map-reduce partition columns: _col0 (type: string)
                Statistics: Num rows: 500 Data size: 93000 Basic stats: COMPLETE Column stats: COMPLETE
                value expressions: _col1 (type: string), _col2 (type: double)
          TableScan
            alias: b
            filterExpr: key is not null (type: boolean)
            Statistics: Num rows: 25 Data size: 4375 Basic stats: COMPLETE Column stats: COMPLETE
            Filter Operator
              predicate: key is not null (type: boolean)
              Statistics: Num rows: 25 Data size: 4375 Basic stats: COMPLETE Column stats: COMPLETE
              Select Operator
                expressions: key (type: string), value (type: string)
                outputColumnNames: _col0, _col1
                Statistics: Num rows: 25 Data size: 4375 Basic stats: COMPLETE Column stats: COMPLETE
                Reduce Output Operator
                  key expressions: _col0 (type: string)
                  sort order: +
                  Map-reduce partition columns: _col0 (type: string)
                  Statistics: Num rows: 25 Data size: 4375 Basic stats: COMPLETE Column stats: COMPLETE
                  value expressions: _col1 (type: string)
      Reduce Operator Tree:
        Join Operator
          condition map:
               Left Outer Join 0 to 1
          keys:
            0 _col0 (type: string)
            1 _col0 (type: string)
          outputColumnNames: _col0, _col1, _col2, _col3, _col4
          Statistics: Num rows: 539 Data size: 107254 Basic stats: COMPLETE Column stats: COMPLETE
          File Output Operator
            compressed: false
            table:
                input format: org.apache.hadoop.mapred.SequenceFileInputFormat
                output format: org.apache.hadoop.hive.ql.io.HiveSequenceFileOutputFormat
                serde: org.apache.hadoop.hive.serde2.lazybinary.LazyBinarySerDe

  Stage: Stage-2
    Map Reduce
      Map Operator Tree:
          TableScan
            Reduce Output Operator
              sort order: 
              Statistics: Num rows: 539 Data size: 107254 Basic stats: COMPLETE Column stats: COMPLETE
              value expressions: _col0 (type: string), _col1 (type: string), _col2 (type: double), _col3 (type: string), _col4 (type: string)
          TableScan
            alias: a
            Statistics: Num rows: 25 Data size: 4375 Basic stats: COMPLETE Column stats: COMPLETE
            Select Operator
              expressions: key (type: string), value (type: string), UDFToDouble(key) (type: double)
              outputColumnNames: _col0, _col1, _col2
              Statistics: Num rows: 25 Data size: 4575 Basic stats: COMPLETE Column stats: COMPLETE
              Reduce Output Operator
                sort order: 
                Statistics: Num rows: 25 Data size: 4575 Basic stats: COMPLETE Column stats: COMPLETE
                value expressions: _col0 (type: string), _col1 (type: string), _col2 (type: double)
      Reduce Operator Tree:
        Join Operator
          condition map:
               Inner Join 0 to 1
          keys:
            0 
            1 
          outputColumnNames: _col0, _col1, _col2, _col3, _col4, _col5, _col6, _col7
          Statistics: Num rows: 13475 Data size: 7243075 Basic stats: COMPLETE Column stats: COMPLETE
          Filter Operator
            predicate: ((_col7 + _col2) >= 100.0D) (type: boolean)
            Statistics: Num rows: 4491 Data size: 2414054 Basic stats: COMPLETE Column stats: COMPLETE
            Select Operator
              expressions: _col0 (type: string), _col1 (type: string), _col5 (type: string), _col6 (type: string), _col3 (type: string), _col4 (type: string)
              outputColumnNames: _col0, _col1, _col2, _col3, _col4, _col5
              Statistics: Num rows: 4491 Data size: 2342198 Basic stats: COMPLETE Column stats: COMPLETE
              Limit
                Number of rows: 10
                Statistics: Num rows: 10 Data size: 5280 Basic stats: COMPLETE Column stats: COMPLETE
                File Output Operator
                  compressed: false
                  Statistics: Num rows: 10 Data size: 5280 Basic stats: COMPLETE Column stats: COMPLETE
                  table:
                      input format: org.apache.hadoop.mapred.SequenceFileInputFormat
                      output format: org.apache.hadoop.hive.ql.io.HiveSequenceFileOutputFormat
                      serde: org.apache.hadoop.hive.serde2.lazy.LazySimpleSerDe

  Stage: Stage-0
    Fetch Operator
      limit: 10
      Processor Tree:
        ListSink

Warning: Shuffle Join JOIN[12][tables = [$hdt$_0, $hdt$_1, $hdt$_2]] in Stage 'Stage-2:MAPRED' is a cross product
PREHOOK: query: SELECT *
FROM src
JOIN src1 a ON (a.key+src.key >= 100)
LEFT OUTER JOIN src1 b ON (b.key = src.key)
LIMIT 10
PREHOOK: type: QUERY
PREHOOK: Input: default@src
PREHOOK: Input: default@src1
#### A masked pattern was here ####
POSTHOOK: query: SELECT *
FROM src
JOIN src1 a ON (a.key+src.key >= 100)
LEFT OUTER JOIN src1 b ON (b.key = src.key)
LIMIT 10
POSTHOOK: type: QUERY
POSTHOOK: Input: default@src
POSTHOOK: Input: default@src1
#### A masked pattern was here ####
98	val_98	406	val_406	98	val_98
98	val_98	146	val_146	98	val_98
98	val_98	213	val_213	98	val_98
98	val_98	128		98	val_98
98	val_98	66	val_66	98	val_98
98	val_98	369		98	val_98
98	val_98	224		98	val_98
98	val_98	273	val_273	98	val_98
98	val_98	150	val_150	98	val_98
98	val_98	401	val_401	98	val_98
Warning: Shuffle Join JOIN[12][tables = [$hdt$_0, $hdt$_1, $hdt$_2]] in Stage 'Stage-2:MAPRED' is a cross product
PREHOOK: query: EXPLAIN
SELECT *
FROM src
LEFT OUTER JOIN src1 a ON (a.key = src.key)
JOIN src1 b ON (b.key+src.key<= 102)
LIMIT 10
PREHOOK: type: QUERY
PREHOOK: Input: default@src
PREHOOK: Input: default@src1
#### A masked pattern was here ####
POSTHOOK: query: EXPLAIN
SELECT *
FROM src
LEFT OUTER JOIN src1 a ON (a.key = src.key)
JOIN src1 b ON (b.key+src.key<= 102)
LIMIT 10
POSTHOOK: type: QUERY
POSTHOOK: Input: default@src
POSTHOOK: Input: default@src1
#### A masked pattern was here ####
STAGE DEPENDENCIES:
  Stage-1 is a root stage
  Stage-2 depends on stages: Stage-1
  Stage-0 depends on stages: Stage-2

STAGE PLANS:
  Stage: Stage-1
    Map Reduce
      Map Operator Tree:
          TableScan
            alias: src
            Statistics: Num rows: 500 Data size: 89000 Basic stats: COMPLETE Column stats: COMPLETE
            Select Operator
              expressions: key (type: string), value (type: string), UDFToDouble(key) (type: double)
              outputColumnNames: _col0, _col1, _col2
              Statistics: Num rows: 500 Data size: 93000 Basic stats: COMPLETE Column stats: COMPLETE
              Reduce Output Operator
                key expressions: _col0 (type: string)
                sort order: +
                Map-reduce partition columns: _col0 (type: string)
                Statistics: Num rows: 500 Data size: 93000 Basic stats: COMPLETE Column stats: COMPLETE
                value expressions: _col1 (type: string), _col2 (type: double)
          TableScan
            alias: a
            filterExpr: key is not null (type: boolean)
            Statistics: Num rows: 25 Data size: 4375 Basic stats: COMPLETE Column stats: COMPLETE
            Filter Operator
              predicate: key is not null (type: boolean)
              Statistics: Num rows: 25 Data size: 4375 Basic stats: COMPLETE Column stats: COMPLETE
              Select Operator
                expressions: key (type: string), value (type: string)
                outputColumnNames: _col0, _col1
                Statistics: Num rows: 25 Data size: 4375 Basic stats: COMPLETE Column stats: COMPLETE
                Reduce Output Operator
                  key expressions: _col0 (type: string)
                  sort order: +
                  Map-reduce partition columns: _col0 (type: string)
                  Statistics: Num rows: 25 Data size: 4375 Basic stats: COMPLETE Column stats: COMPLETE
                  value expressions: _col1 (type: string)
      Reduce Operator Tree:
        Join Operator
          condition map:
               Left Outer Join 0 to 1
          keys:
            0 _col0 (type: string)
            1 _col0 (type: string)
          outputColumnNames: _col0, _col1, _col2, _col3, _col4
          Statistics: Num rows: 539 Data size: 107254 Basic stats: COMPLETE Column stats: COMPLETE
          File Output Operator
            compressed: false
            table:
                input format: org.apache.hadoop.mapred.SequenceFileInputFormat
                output format: org.apache.hadoop.hive.ql.io.HiveSequenceFileOutputFormat
                serde: org.apache.hadoop.hive.serde2.lazybinary.LazyBinarySerDe

  Stage: Stage-2
    Map Reduce
      Map Operator Tree:
          TableScan
            Reduce Output Operator
              sort order: 
              Statistics: Num rows: 539 Data size: 107254 Basic stats: COMPLETE Column stats: COMPLETE
              value expressions: _col0 (type: string), _col1 (type: string), _col2 (type: double), _col3 (type: string), _col4 (type: string)
          TableScan
            alias: b
            Statistics: Num rows: 25 Data size: 4375 Basic stats: COMPLETE Column stats: COMPLETE
            Select Operator
              expressions: key (type: string), value (type: string), UDFToDouble(key) (type: double)
              outputColumnNames: _col0, _col1, _col2
              Statistics: Num rows: 25 Data size: 4575 Basic stats: COMPLETE Column stats: COMPLETE
              Reduce Output Operator
                sort order: 
                Statistics: Num rows: 25 Data size: 4575 Basic stats: COMPLETE Column stats: COMPLETE
                value expressions: _col0 (type: string), _col1 (type: string), _col2 (type: double)
      Reduce Operator Tree:
        Join Operator
          condition map:
               Inner Join 0 to 1
          keys:
            0 
            1 
          outputColumnNames: _col0, _col1, _col2, _col3, _col4, _col5, _col6, _col7
          Statistics: Num rows: 13475 Data size: 7243075 Basic stats: COMPLETE Column stats: COMPLETE
          Filter Operator
            predicate: ((_col7 + _col2) <= 102.0D) (type: boolean)
            Statistics: Num rows: 4491 Data size: 2414054 Basic stats: COMPLETE Column stats: COMPLETE
            Select Operator
              expressions: _col0 (type: string), _col1 (type: string), _col3 (type: string), _col4 (type: string), _col5 (type: string), _col6 (type: string)
              outputColumnNames: _col0, _col1, _col2, _col3, _col4, _col5
              Statistics: Num rows: 4491 Data size: 2342198 Basic stats: COMPLETE Column stats: COMPLETE
              Limit
                Number of rows: 10
                Statistics: Num rows: 10 Data size: 5280 Basic stats: COMPLETE Column stats: COMPLETE
                File Output Operator
                  compressed: false
                  Statistics: Num rows: 10 Data size: 5280 Basic stats: COMPLETE Column stats: COMPLETE
                  table:
                      input format: org.apache.hadoop.mapred.SequenceFileInputFormat
                      output format: org.apache.hadoop.hive.ql.io.HiveSequenceFileOutputFormat
                      serde: org.apache.hadoop.hive.serde2.lazy.LazySimpleSerDe

  Stage: Stage-0
    Fetch Operator
      limit: 10
      Processor Tree:
        ListSink

Warning: Shuffle Join JOIN[12][tables = [$hdt$_0, $hdt$_1, $hdt$_2]] in Stage 'Stage-2:MAPRED' is a cross product
PREHOOK: query: SELECT *
FROM src
LEFT OUTER JOIN src1 a ON (a.key = src.key)
JOIN src1 b ON (b.key+src.key<= 102)
LIMIT 10
PREHOOK: type: QUERY
PREHOOK: Input: default@src
PREHOOK: Input: default@src1
#### A masked pattern was here ####
POSTHOOK: query: SELECT *
FROM src
LEFT OUTER JOIN src1 a ON (a.key = src.key)
JOIN src1 b ON (b.key+src.key<= 102)
LIMIT 10
POSTHOOK: type: QUERY
POSTHOOK: Input: default@src
POSTHOOK: Input: default@src1
#### A masked pattern was here ####
9	val_9	NULL	NULL	66	val_66
8	val_8	NULL	NULL	66	val_66
5	val_5	NULL	NULL	66	val_66
5	val_5	NULL	NULL	66	val_66
5	val_5	NULL	NULL	66	val_66
4	val_4	NULL	NULL	66	val_66
4	val_4	NULL	NULL	98	val_98
35	val_35	NULL	NULL	66	val_66
35	val_35	NULL	NULL	66	val_66
35	val_35	NULL	NULL	66	val_66
Warning: Shuffle Join JOIN[7][tables = [$hdt$_0, $hdt$_1]] in Stage 'Stage-1:MAPRED' is a cross product
PREHOOK: query: EXPLAIN
SELECT *
FROM src
JOIN src1 a ON (a.key+src.key >= 100)
RIGHT OUTER JOIN src1 b ON (b.key = src.key)
LIMIT 10
PREHOOK: type: QUERY
PREHOOK: Input: default@src
PREHOOK: Input: default@src1
#### A masked pattern was here ####
POSTHOOK: query: EXPLAIN
SELECT *
FROM src
JOIN src1 a ON (a.key+src.key >= 100)
RIGHT OUTER JOIN src1 b ON (b.key = src.key)
LIMIT 10
POSTHOOK: type: QUERY
POSTHOOK: Input: default@src
POSTHOOK: Input: default@src1
#### A masked pattern was here ####
STAGE DEPENDENCIES:
  Stage-1 is a root stage
  Stage-2 depends on stages: Stage-1
  Stage-0 depends on stages: Stage-2

STAGE PLANS:
  Stage: Stage-1
    Map Reduce
      Map Operator Tree:
          TableScan
            alias: src
            filterExpr: key is not null (type: boolean)
            Statistics: Num rows: 500 Data size: 89000 Basic stats: COMPLETE Column stats: COMPLETE
            Filter Operator
              predicate: key is not null (type: boolean)
              Statistics: Num rows: 500 Data size: 89000 Basic stats: COMPLETE Column stats: COMPLETE
              Select Operator
                expressions: key (type: string), value (type: string), UDFToDouble(key) (type: double)
                outputColumnNames: _col0, _col1, _col2
                Statistics: Num rows: 500 Data size: 93000 Basic stats: COMPLETE Column stats: COMPLETE
                Reduce Output Operator
                  sort order: 
                  Statistics: Num rows: 500 Data size: 93000 Basic stats: COMPLETE Column stats: COMPLETE
                  value expressions: _col0 (type: string), _col1 (type: string), _col2 (type: double)
          TableScan
            alias: a
            Statistics: Num rows: 25 Data size: 4375 Basic stats: COMPLETE Column stats: COMPLETE
            Select Operator
              expressions: key (type: string), value (type: string), UDFToDouble(key) (type: double)
              outputColumnNames: _col0, _col1, _col2
              Statistics: Num rows: 25 Data size: 4575 Basic stats: COMPLETE Column stats: COMPLETE
              Reduce Output Operator
                sort order: 
                Statistics: Num rows: 25 Data size: 4575 Basic stats: COMPLETE Column stats: COMPLETE
                value expressions: _col0 (type: string), _col1 (type: string), _col2 (type: double)
      Reduce Operator Tree:
        Join Operator
          condition map:
               Inner Join 0 to 1
          keys:
            0 
            1 
          outputColumnNames: _col0, _col1, _col2, _col3, _col4, _col5
          Statistics: Num rows: 12500 Data size: 4612500 Basic stats: COMPLETE Column stats: COMPLETE
          Filter Operator
            predicate: ((_col5 + _col2) >= 100.0D) (type: boolean)
            Statistics: Num rows: 4166 Data size: 1537254 Basic stats: COMPLETE Column stats: COMPLETE
            Select Operator
              expressions: _col0 (type: string), _col1 (type: string), _col3 (type: string), _col4 (type: string)
              outputColumnNames: _col0, _col1, _col2, _col3
              Statistics: Num rows: 4166 Data size: 1470598 Basic stats: COMPLETE Column stats: COMPLETE
              File Output Operator
                compressed: false
                table:
                    input format: org.apache.hadoop.mapred.SequenceFileInputFormat
                    output format: org.apache.hadoop.hive.ql.io.HiveSequenceFileOutputFormat
                    serde: org.apache.hadoop.hive.serde2.lazybinary.LazyBinarySerDe

  Stage: Stage-2
    Map Reduce
      Map Operator Tree:
          TableScan
            Reduce Output Operator
              key expressions: _col0 (type: string)
              sort order: +
              Map-reduce partition columns: _col0 (type: string)
              Statistics: Num rows: 4166 Data size: 1470598 Basic stats: COMPLETE Column stats: COMPLETE
              value expressions: _col1 (type: string), _col2 (type: string), _col3 (type: string)
          TableScan
            alias: b
            Statistics: Num rows: 25 Data size: 4375 Basic stats: COMPLETE Column stats: COMPLETE
            Select Operator
              expressions: key (type: string), value (type: string)
              outputColumnNames: _col0, _col1
              Statistics: Num rows: 25 Data size: 4375 Basic stats: COMPLETE Column stats: COMPLETE
              Reduce Output Operator
                key expressions: _col0 (type: string)
                sort order: +
                Map-reduce partition columns: _col0 (type: string)
                Statistics: Num rows: 25 Data size: 4375 Basic stats: COMPLETE Column stats: COMPLETE
                value expressions: _col1 (type: string)
      Reduce Operator Tree:
        Join Operator
          condition map:
               Right Outer Join 0 to 1
          keys:
            0 _col0 (type: string)
            1 _col0 (type: string)
          outputColumnNames: _col0, _col1, _col2, _col3, _col4, _col5
          Statistics: Num rows: 354 Data size: 178440 Basic stats: COMPLETE Column stats: COMPLETE
          Limit
            Number of rows: 10
            Statistics: Num rows: 10 Data size: 5280 Basic stats: COMPLETE Column stats: COMPLETE
            File Output Operator
              compressed: false
              Statistics: Num rows: 10 Data size: 5280 Basic stats: COMPLETE Column stats: COMPLETE
              table:
                  input format: org.apache.hadoop.mapred.SequenceFileInputFormat
                  output format: org.apache.hadoop.hive.ql.io.HiveSequenceFileOutputFormat
                  serde: org.apache.hadoop.hive.serde2.lazy.LazySimpleSerDe

  Stage: Stage-0
    Fetch Operator
      limit: 10
      Processor Tree:
        ListSink

Warning: Shuffle Join JOIN[7][tables = [$hdt$_0, $hdt$_1]] in Stage 'Stage-1:MAPRED' is a cross product
PREHOOK: query: SELECT *
FROM src
JOIN src1 a ON (a.key+src.key >= 100)
RIGHT OUTER JOIN src1 b ON (b.key = src.key)
LIMIT 10
PREHOOK: type: QUERY
PREHOOK: Input: default@src
PREHOOK: Input: default@src1
#### A masked pattern was here ####
POSTHOOK: query: SELECT *
FROM src
JOIN src1 a ON (a.key+src.key >= 100)
RIGHT OUTER JOIN src1 b ON (b.key = src.key)
LIMIT 10
POSTHOOK: type: QUERY
POSTHOOK: Input: default@src
POSTHOOK: Input: default@src1
#### A masked pattern was here ####
NULL	NULL	NULL	NULL		val_484
NULL	NULL	NULL	NULL		
NULL	NULL	NULL	NULL		
NULL	NULL	NULL	NULL		
NULL	NULL	NULL	NULL		val_27
NULL	NULL	NULL	NULL		val_165
NULL	NULL	NULL	NULL		val_409
NULL	NULL	NULL	NULL		
NULL	NULL	NULL	NULL		val_193
NULL	NULL	NULL	NULL		val_265
Warning: Shuffle Join JOIN[12][tables = [$hdt$_0, $hdt$_1, $hdt$_2]] in Stage 'Stage-2:MAPRED' is a cross product
PREHOOK: query: EXPLAIN
SELECT *
FROM src
RIGHT OUTER JOIN src1 a ON (a.key = src.key)
JOIN src1 b ON (b.key+src.key<= 102)
LIMIT 10
PREHOOK: type: QUERY
PREHOOK: Input: default@src
PREHOOK: Input: default@src1
#### A masked pattern was here ####
POSTHOOK: query: EXPLAIN
SELECT *
FROM src
RIGHT OUTER JOIN src1 a ON (a.key = src.key)
JOIN src1 b ON (b.key+src.key<= 102)
LIMIT 10
POSTHOOK: type: QUERY
POSTHOOK: Input: default@src
POSTHOOK: Input: default@src1
#### A masked pattern was here ####
STAGE DEPENDENCIES:
  Stage-1 is a root stage
  Stage-2 depends on stages: Stage-1
  Stage-0 depends on stages: Stage-2

STAGE PLANS:
  Stage: Stage-1
    Map Reduce
      Map Operator Tree:
          TableScan
            alias: src
            filterExpr: key is not null (type: boolean)
            Statistics: Num rows: 500 Data size: 89000 Basic stats: COMPLETE Column stats: COMPLETE
            Filter Operator
              predicate: key is not null (type: boolean)
              Statistics: Num rows: 500 Data size: 89000 Basic stats: COMPLETE Column stats: COMPLETE
              Select Operator
                expressions: key (type: string), value (type: string), UDFToDouble(key) (type: double)
                outputColumnNames: _col0, _col1, _col2
                Statistics: Num rows: 500 Data size: 93000 Basic stats: COMPLETE Column stats: COMPLETE
                Reduce Output Operator
                  key expressions: _col0 (type: string)
                  sort order: +
                  Map-reduce partition columns: _col0 (type: string)
                  Statistics: Num rows: 500 Data size: 93000 Basic stats: COMPLETE Column stats: COMPLETE
                  value expressions: _col1 (type: string), _col2 (type: double)
          TableScan
            alias: a
            Statistics: Num rows: 25 Data size: 4375 Basic stats: COMPLETE Column stats: COMPLETE
            Select Operator
              expressions: key (type: string), value (type: string)
              outputColumnNames: _col0, _col1
              Statistics: Num rows: 25 Data size: 4375 Basic stats: COMPLETE Column stats: COMPLETE
              Reduce Output Operator
                key expressions: _col0 (type: string)
                sort order: +
                Map-reduce partition columns: _col0 (type: string)
                Statistics: Num rows: 25 Data size: 4375 Basic stats: COMPLETE Column stats: COMPLETE
                value expressions: _col1 (type: string)
      Reduce Operator Tree:
        Join Operator
          condition map:
               Right Outer Join 0 to 1
          keys:
            0 _col0 (type: string)
            1 _col0 (type: string)
          outputColumnNames: _col0, _col1, _col2, _col3, _col4
          Statistics: Num rows: 64 Data size: 18640 Basic stats: COMPLETE Column stats: COMPLETE
          File Output Operator
            compressed: false
            table:
                input format: org.apache.hadoop.mapred.SequenceFileInputFormat
                output format: org.apache.hadoop.hive.ql.io.HiveSequenceFileOutputFormat
                serde: org.apache.hadoop.hive.serde2.lazybinary.LazyBinarySerDe

  Stage: Stage-2
    Map Reduce
      Map Operator Tree:
          TableScan
            Reduce Output Operator
              sort order: 
              Statistics: Num rows: 64 Data size: 18640 Basic stats: COMPLETE Column stats: COMPLETE
              value expressions: _col0 (type: string), _col1 (type: string), _col2 (type: double), _col3 (type: string), _col4 (type: string)
          TableScan
            alias: b
            Statistics: Num rows: 25 Data size: 4375 Basic stats: COMPLETE Column stats: COMPLETE
            Select Operator
              expressions: key (type: string), value (type: string), UDFToDouble(key) (type: double)
              outputColumnNames: _col0, _col1, _col2
              Statistics: Num rows: 25 Data size: 4575 Basic stats: COMPLETE Column stats: COMPLETE
              Reduce Output Operator
                sort order: 
                Statistics: Num rows: 25 Data size: 4575 Basic stats: COMPLETE Column stats: COMPLETE
                value expressions: _col0 (type: string), _col1 (type: string), _col2 (type: double)
      Reduce Operator Tree:
        Join Operator
          condition map:
               Inner Join 0 to 1
          keys:
            0 
            1 
          outputColumnNames: _col0, _col1, _col2, _col3, _col4, _col5, _col6, _col7
          Statistics: Num rows: 1600 Data size: 865936 Basic stats: COMPLETE Column stats: COMPLETE
          Filter Operator
            predicate: ((_col7 + _col2) <= 102.0D) (type: boolean)
            Statistics: Num rows: 533 Data size: 288650 Basic stats: COMPLETE Column stats: COMPLETE
            Select Operator
              expressions: _col0 (type: string), _col1 (type: string), _col3 (type: string), _col4 (type: string), _col5 (type: string), _col6 (type: string)
              outputColumnNames: _col0, _col1, _col2, _col3, _col4, _col5
              Statistics: Num rows: 533 Data size: 280178 Basic stats: COMPLETE Column stats: COMPLETE
              Limit
                Number of rows: 10
                Statistics: Num rows: 10 Data size: 5280 Basic stats: COMPLETE Column stats: COMPLETE
                File Output Operator
                  compressed: false
                  Statistics: Num rows: 10 Data size: 5280 Basic stats: COMPLETE Column stats: COMPLETE
                  table:
                      input format: org.apache.hadoop.mapred.SequenceFileInputFormat
                      output format: org.apache.hadoop.hive.ql.io.HiveSequenceFileOutputFormat
                      serde: org.apache.hadoop.hive.serde2.lazy.LazySimpleSerDe

  Stage: Stage-0
    Fetch Operator
      limit: 10
      Processor Tree:
        ListSink

Warning: Shuffle Join JOIN[12][tables = [$hdt$_0, $hdt$_1, $hdt$_2]] in Stage 'Stage-2:MAPRED' is a cross product
PREHOOK: query: SELECT *
FROM src
RIGHT OUTER JOIN src1 a ON (a.key = src.key)
JOIN src1 b ON (b.key+src.key<= 102)
LIMIT 10
PREHOOK: type: QUERY
PREHOOK: Input: default@src
PREHOOK: Input: default@src1
#### A masked pattern was here ####
POSTHOOK: query: SELECT *
FROM src
RIGHT OUTER JOIN src1 a ON (a.key = src.key)
JOIN src1 b ON (b.key+src.key<= 102)
LIMIT 10
POSTHOOK: type: QUERY
POSTHOOK: Input: default@src
POSTHOOK: Input: default@src1
#### A masked pattern was here ####
Warning: Shuffle Join JOIN[6][tables = [$hdt$_0, $hdt$_1]] in Stage 'Stage-1:MAPRED' is a cross product
PREHOOK: query: EXPLAIN
SELECT *
FROM src
JOIN src1 a ON (a.key+src.key >= 100)
FULL OUTER JOIN src1 b ON (b.key = src.key)
LIMIT 10
PREHOOK: type: QUERY
PREHOOK: Input: default@src
PREHOOK: Input: default@src1
#### A masked pattern was here ####
POSTHOOK: query: EXPLAIN
SELECT *
FROM src
JOIN src1 a ON (a.key+src.key >= 100)
FULL OUTER JOIN src1 b ON (b.key = src.key)
LIMIT 10
POSTHOOK: type: QUERY
POSTHOOK: Input: default@src
POSTHOOK: Input: default@src1
#### A masked pattern was here ####
STAGE DEPENDENCIES:
  Stage-1 is a root stage
  Stage-2 depends on stages: Stage-1
  Stage-0 depends on stages: Stage-2

STAGE PLANS:
  Stage: Stage-1
    Map Reduce
      Map Operator Tree:
          TableScan
            alias: src
            Statistics: Num rows: 500 Data size: 89000 Basic stats: COMPLETE Column stats: COMPLETE
            Select Operator
              expressions: key (type: string), value (type: string), UDFToDouble(key) (type: double)
              outputColumnNames: _col0, _col1, _col2
              Statistics: Num rows: 500 Data size: 93000 Basic stats: COMPLETE Column stats: COMPLETE
              Reduce Output Operator
                sort order: 
                Statistics: Num rows: 500 Data size: 93000 Basic stats: COMPLETE Column stats: COMPLETE
                value expressions: _col0 (type: string), _col1 (type: string), _col2 (type: double)
          TableScan
            alias: a
            Statistics: Num rows: 25 Data size: 4375 Basic stats: COMPLETE Column stats: COMPLETE
            Select Operator
              expressions: key (type: string), value (type: string), UDFToDouble(key) (type: double)
              outputColumnNames: _col0, _col1, _col2
              Statistics: Num rows: 25 Data size: 4575 Basic stats: COMPLETE Column stats: COMPLETE
              Reduce Output Operator
                sort order: 
                Statistics: Num rows: 25 Data size: 4575 Basic stats: COMPLETE Column stats: COMPLETE
                value expressions: _col0 (type: string), _col1 (type: string), _col2 (type: double)
      Reduce Operator Tree:
        Join Operator
          condition map:
               Inner Join 0 to 1
          keys:
            0 
            1 
          outputColumnNames: _col0, _col1, _col2, _col3, _col4, _col5
          Statistics: Num rows: 12500 Data size: 4612500 Basic stats: COMPLETE Column stats: COMPLETE
          Filter Operator
            predicate: ((_col5 + _col2) >= 100.0D) (type: boolean)
            Statistics: Num rows: 4166 Data size: 1537254 Basic stats: COMPLETE Column stats: COMPLETE
            Select Operator
              expressions: _col0 (type: string), _col1 (type: string), _col3 (type: string), _col4 (type: string)
              outputColumnNames: _col0, _col1, _col2, _col3
              Statistics: Num rows: 4166 Data size: 1470598 Basic stats: COMPLETE Column stats: COMPLETE
              File Output Operator
                compressed: false
                table:
                    input format: org.apache.hadoop.mapred.SequenceFileInputFormat
                    output format: org.apache.hadoop.hive.ql.io.HiveSequenceFileOutputFormat
                    serde: org.apache.hadoop.hive.serde2.lazybinary.LazyBinarySerDe

  Stage: Stage-2
    Map Reduce
      Map Operator Tree:
          TableScan
            Reduce Output Operator
              key expressions: _col0 (type: string)
              sort order: +
              Map-reduce partition columns: _col0 (type: string)
              Statistics: Num rows: 4166 Data size: 1470598 Basic stats: COMPLETE Column stats: COMPLETE
              value expressions: _col1 (type: string), _col2 (type: string), _col3 (type: string)
          TableScan
            alias: b
            Statistics: Num rows: 25 Data size: 4375 Basic stats: COMPLETE Column stats: COMPLETE
            Select Operator
              expressions: key (type: string), value (type: string)
              outputColumnNames: _col0, _col1
              Statistics: Num rows: 25 Data size: 4375 Basic stats: COMPLETE Column stats: COMPLETE
              Reduce Output Operator
                key expressions: _col0 (type: string)
                sort order: +
                Map-reduce partition columns: _col0 (type: string)
                Statistics: Num rows: 25 Data size: 4375 Basic stats: COMPLETE Column stats: COMPLETE
                value expressions: _col1 (type: string)
      Reduce Operator Tree:
        Join Operator
          condition map:
               Full Outer Join 0 to 1
          keys:
            0 _col0 (type: string)
            1 _col0 (type: string)
          outputColumnNames: _col0, _col1, _col2, _col3, _col4, _col5
          Statistics: Num rows: 4520 Data size: 174240 Basic stats: COMPLETE Column stats: COMPLETE
          Limit
            Number of rows: 10
            Statistics: Num rows: 10 Data size: 1056 Basic stats: COMPLETE Column stats: COMPLETE
            File Output Operator
              compressed: false
              Statistics: Num rows: 10 Data size: 1056 Basic stats: COMPLETE Column stats: COMPLETE
              table:
                  input format: org.apache.hadoop.mapred.SequenceFileInputFormat
                  output format: org.apache.hadoop.hive.ql.io.HiveSequenceFileOutputFormat
                  serde: org.apache.hadoop.hive.serde2.lazy.LazySimpleSerDe

  Stage: Stage-0
    Fetch Operator
      limit: 10
      Processor Tree:
        ListSink

Warning: Shuffle Join JOIN[6][tables = [$hdt$_0, $hdt$_1]] in Stage 'Stage-1:MAPRED' is a cross product
PREHOOK: query: SELECT *
FROM src
JOIN src1 a ON (a.key+src.key >= 100)
FULL OUTER JOIN src1 b ON (b.key = src.key)
LIMIT 10
PREHOOK: type: QUERY
PREHOOK: Input: default@src
PREHOOK: Input: default@src1
#### A masked pattern was here ####
POSTHOOK: query: SELECT *
FROM src
JOIN src1 a ON (a.key+src.key >= 100)
FULL OUTER JOIN src1 b ON (b.key = src.key)
LIMIT 10
POSTHOOK: type: QUERY
POSTHOOK: Input: default@src
POSTHOOK: Input: default@src1
#### A masked pattern was here ####
NULL	NULL	NULL	NULL		val_484
NULL	NULL	NULL	NULL		
NULL	NULL	NULL	NULL		
NULL	NULL	NULL	NULL		
NULL	NULL	NULL	NULL		val_27
NULL	NULL	NULL	NULL		val_165
NULL	NULL	NULL	NULL		val_409
NULL	NULL	NULL	NULL		
NULL	NULL	NULL	NULL		val_193
NULL	NULL	NULL	NULL		val_265
Warning: Shuffle Join JOIN[11][tables = [$hdt$_0, $hdt$_1, $hdt$_2]] in Stage 'Stage-2:MAPRED' is a cross product
PREHOOK: query: EXPLAIN
SELECT *
FROM src
FULL OUTER JOIN src1 a ON (a.key = src.key)
JOIN src1 b ON (b.key+src.key<= 102)
LIMIT 10
PREHOOK: type: QUERY
PREHOOK: Input: default@src
PREHOOK: Input: default@src1
#### A masked pattern was here ####
POSTHOOK: query: EXPLAIN
SELECT *
FROM src
FULL OUTER JOIN src1 a ON (a.key = src.key)
JOIN src1 b ON (b.key+src.key<= 102)
LIMIT 10
POSTHOOK: type: QUERY
POSTHOOK: Input: default@src
POSTHOOK: Input: default@src1
#### A masked pattern was here ####
STAGE DEPENDENCIES:
  Stage-1 is a root stage
  Stage-2 depends on stages: Stage-1
  Stage-0 depends on stages: Stage-2

STAGE PLANS:
  Stage: Stage-1
    Map Reduce
      Map Operator Tree:
          TableScan
            alias: src
            Statistics: Num rows: 500 Data size: 89000 Basic stats: COMPLETE Column stats: COMPLETE
            Select Operator
              expressions: key (type: string), value (type: string), UDFToDouble(key) (type: double)
              outputColumnNames: _col0, _col1, _col2
              Statistics: Num rows: 500 Data size: 93000 Basic stats: COMPLETE Column stats: COMPLETE
              Reduce Output Operator
                key expressions: _col0 (type: string)
                sort order: +
                Map-reduce partition columns: _col0 (type: string)
                Statistics: Num rows: 500 Data size: 93000 Basic stats: COMPLETE Column stats: COMPLETE
                value expressions: _col1 (type: string), _col2 (type: double)
          TableScan
            alias: a
            Statistics: Num rows: 25 Data size: 4375 Basic stats: COMPLETE Column stats: COMPLETE
            Select Operator
              expressions: key (type: string), value (type: string)
              outputColumnNames: _col0, _col1
              Statistics: Num rows: 25 Data size: 4375 Basic stats: COMPLETE Column stats: COMPLETE
              Reduce Output Operator
                key expressions: _col0 (type: string)
                sort order: +
                Map-reduce partition columns: _col0 (type: string)
                Statistics: Num rows: 25 Data size: 4375 Basic stats: COMPLETE Column stats: COMPLETE
                value expressions: _col1 (type: string)
      Reduce Operator Tree:
        Join Operator
          condition map:
               Full Outer Join 0 to 1
          keys:
            0 _col0 (type: string)
            1 _col0 (type: string)
          outputColumnNames: _col0, _col1, _col2, _col3, _col4
          Statistics: Num rows: 564 Data size: 14440 Basic stats: COMPLETE Column stats: COMPLETE
          File Output Operator
            compressed: false
            table:
                input format: org.apache.hadoop.mapred.SequenceFileInputFormat
                output format: org.apache.hadoop.hive.ql.io.HiveSequenceFileOutputFormat
                serde: org.apache.hadoop.hive.serde2.lazybinary.LazyBinarySerDe

  Stage: Stage-2
    Map Reduce
      Map Operator Tree:
          TableScan
            Reduce Output Operator
              sort order: 
              Statistics: Num rows: 564 Data size: 14440 Basic stats: COMPLETE Column stats: COMPLETE
              value expressions: _col0 (type: string), _col1 (type: string), _col2 (type: double), _col3 (type: string), _col4 (type: string)
          TableScan
            alias: b
            Statistics: Num rows: 25 Data size: 4375 Basic stats: COMPLETE Column stats: COMPLETE
            Select Operator
              expressions: key (type: string), value (type: string), UDFToDouble(key) (type: double)
              outputColumnNames: _col0, _col1, _col2
              Statistics: Num rows: 25 Data size: 4575 Basic stats: COMPLETE Column stats: COMPLETE
              Reduce Output Operator
                sort order: 
                Statistics: Num rows: 25 Data size: 4575 Basic stats: COMPLETE Column stats: COMPLETE
                value expressions: _col0 (type: string), _col1 (type: string), _col2 (type: double)
      Reduce Operator Tree:
        Join Operator
          condition map:
               Inner Join 0 to 1
          keys:
            0 
            1 
          outputColumnNames: _col0, _col1, _col2, _col3, _col4, _col5, _col6, _col7
          Statistics: Num rows: 14100 Data size: 7481236 Basic stats: COMPLETE Column stats: COMPLETE
          Filter Operator
            predicate: ((_col7 + _col2) <= 102.0D) (type: boolean)
            Statistics: Num rows: 4700 Data size: 2493986 Basic stats: COMPLETE Column stats: COMPLETE
            Select Operator
              expressions: _col0 (type: string), _col1 (type: string), _col3 (type: string), _col4 (type: string), _col5 (type: string), _col6 (type: string)
              outputColumnNames: _col0, _col1, _col2, _col3, _col4, _col5
              Statistics: Num rows: 4700 Data size: 2420178 Basic stats: COMPLETE Column stats: COMPLETE
              Limit
                Number of rows: 10
                Statistics: Num rows: 10 Data size: 5280 Basic stats: COMPLETE Column stats: COMPLETE
                File Output Operator
                  compressed: false
                  Statistics: Num rows: 10 Data size: 5280 Basic stats: COMPLETE Column stats: COMPLETE
                  table:
                      input format: org.apache.hadoop.mapred.SequenceFileInputFormat
                      output format: org.apache.hadoop.hive.ql.io.HiveSequenceFileOutputFormat
                      serde: org.apache.hadoop.hive.serde2.lazy.LazySimpleSerDe

  Stage: Stage-0
    Fetch Operator
      limit: 10
      Processor Tree:
        ListSink

Warning: Shuffle Join JOIN[11][tables = [$hdt$_0, $hdt$_1, $hdt$_2]] in Stage 'Stage-2:MAPRED' is a cross product
PREHOOK: query: SELECT *
FROM src
FULL OUTER JOIN src1 a ON (a.key = src.key)
JOIN src1 b ON (b.key+src.key<= 102)
LIMIT 10
PREHOOK: type: QUERY
PREHOOK: Input: default@src
PREHOOK: Input: default@src1
#### A masked pattern was here ####
POSTHOOK: query: SELECT *
FROM src
FULL OUTER JOIN src1 a ON (a.key = src.key)
JOIN src1 b ON (b.key+src.key<= 102)
LIMIT 10
POSTHOOK: type: QUERY
POSTHOOK: Input: default@src
POSTHOOK: Input: default@src1
#### A masked pattern was here ####
9	val_9	NULL	NULL	66	val_66
8	val_8	NULL	NULL	66	val_66
5	val_5	NULL	NULL	66	val_66
5	val_5	NULL	NULL	66	val_66
5	val_5	NULL	NULL	66	val_66
4	val_4	NULL	NULL	66	val_66
4	val_4	NULL	NULL	98	val_98
35	val_35	NULL	NULL	66	val_66
35	val_35	NULL	NULL	66	val_66
35	val_35	NULL	NULL	66	val_66
Warning: Shuffle Join JOIN[23][tables = [$hdt$_0, $hdt$_1, $hdt$_2, $hdt$_3]] in Stage 'Stage-3:MAPRED' is a cross product
Warning: Shuffle Join JOIN[20][tables = [$hdt$_0, $hdt$_1, $hdt$_2]] in Stage 'Stage-2:MAPRED' is a cross product
Warning: Shuffle Join JOIN[17][tables = [$hdt$_0, $hdt$_1]] in Stage 'Stage-1:MAPRED' is a cross product
PREHOOK: query: EXPLAIN
SELECT *
FROM cbo_t1 t1
RIGHT OUTER JOIN cbo_t1 t2 ON (t2.key = t1.key)
JOIN cbo_t1 t3 ON (t3.key = t2.key or t3.value = t2.value and t2.c_int = t1.c_int)
JOIN cbo_t1 t4 ON (t4.key = t2.key or  t2.c_float = t4.c_float and t4.value = t2.value)
JOIN cbo_t1 t5 ON (t5.key = t2.key or  t2.c_boolean = t4.c_boolean and t5.c_int = 42)
LIMIT 10
PREHOOK: type: QUERY
PREHOOK: Input: default@cbo_t1
PREHOOK: Input: default@cbo_t1@dt=2014
#### A masked pattern was here ####
POSTHOOK: query: EXPLAIN
SELECT *
FROM cbo_t1 t1
RIGHT OUTER JOIN cbo_t1 t2 ON (t2.key = t1.key)
JOIN cbo_t1 t3 ON (t3.key = t2.key or t3.value = t2.value and t2.c_int = t1.c_int)
JOIN cbo_t1 t4 ON (t4.key = t2.key or  t2.c_float = t4.c_float and t4.value = t2.value)
JOIN cbo_t1 t5 ON (t5.key = t2.key or  t2.c_boolean = t4.c_boolean and t5.c_int = 42)
LIMIT 10
POSTHOOK: type: QUERY
POSTHOOK: Input: default@cbo_t1
POSTHOOK: Input: default@cbo_t1@dt=2014
#### A masked pattern was here ####
STAGE DEPENDENCIES:
  Stage-1 is a root stage
  Stage-2 depends on stages: Stage-1
  Stage-3 depends on stages: Stage-2, Stage-6
  Stage-6 is a root stage
  Stage-0 depends on stages: Stage-3

STAGE PLANS:
  Stage: Stage-1
    Map Reduce
      Map Operator Tree:
          TableScan
            alias: t5
            Statistics: Num rows: 20 Data size: 7138 Basic stats: COMPLETE Column stats: COMPLETE
            Select Operator
              expressions: key (type: string), value (type: string), c_int (type: int), c_float (type: float), c_boolean (type: boolean), dt (type: string), (c_int = 42) (type: boolean)
              outputColumnNames: _col0, _col1, _col2, _col3, _col4, _col5, _col6
              Statistics: Num rows: 20 Data size: 7218 Basic stats: COMPLETE Column stats: COMPLETE
              Reduce Output Operator
                sort order: 
                Statistics: Num rows: 20 Data size: 7218 Basic stats: COMPLETE Column stats: COMPLETE
                value expressions: _col0 (type: string), _col1 (type: string), _col2 (type: int), _col3 (type: float), _col4 (type: boolean), _col5 (type: string), _col6 (type: boolean)
          TableScan
            alias: t3
            Statistics: Num rows: 20 Data size: 7138 Basic stats: COMPLETE Column stats: COMPLETE
            Select Operator
              expressions: key (type: string), value (type: string), c_int (type: int), c_float (type: float), c_boolean (type: boolean), dt (type: string)
              outputColumnNames: _col0, _col1, _col2, _col3, _col4, _col5
              Statistics: Num rows: 20 Data size: 7138 Basic stats: COMPLETE Column stats: COMPLETE
              Reduce Output Operator
                sort order: 
                Statistics: Num rows: 20 Data size: 7138 Basic stats: COMPLETE Column stats: COMPLETE
                value expressions: _col0 (type: string), _col1 (type: string), _col2 (type: int), _col3 (type: float), _col4 (type: boolean), _col5 (type: string)
      Reduce Operator Tree:
        Join Operator
          condition map:
               Inner Join 0 to 1
          keys:
            0 
            1 
          outputColumnNames: _col0, _col1, _col2, _col3, _col4, _col5, _col6, _col7, _col8, _col9, _col10, _col11, _col12
          Statistics: Num rows: 400 Data size: 294036 Basic stats: COMPLETE Column stats: COMPLETE
          File Output Operator
            compressed: false
            table:
                input format: org.apache.hadoop.mapred.SequenceFileInputFormat
                output format: org.apache.hadoop.hive.ql.io.HiveSequenceFileOutputFormat
                serde: org.apache.hadoop.hive.serde2.lazybinary.LazyBinarySerDe

  Stage: Stage-2
    Map Reduce
      Map Operator Tree:
          TableScan
            Reduce Output Operator
              sort order: 
              Statistics: Num rows: 400 Data size: 294036 Basic stats: COMPLETE Column stats: COMPLETE
              value expressions: _col0 (type: string), _col1 (type: string), _col2 (type: int), _col3 (type: float), _col4 (type: boolean), _col5 (type: string), _col6 (type: boolean), _col7 (type: string), _col8 (type: string), _col9 (type: int), _col10 (type: float), _col11 (type: boolean), _col12 (type: string)
          TableScan
            alias: t4
            Statistics: Num rows: 20 Data size: 7138 Basic stats: COMPLETE Column stats: COMPLETE
            Select Operator
              expressions: key (type: string), value (type: string), c_int (type: int), c_float (type: float), c_boolean (type: boolean), dt (type: string)
              outputColumnNames: _col0, _col1, _col2, _col3, _col4, _col5
              Statistics: Num rows: 20 Data size: 7138 Basic stats: COMPLETE Column stats: COMPLETE
              Reduce Output Operator
                sort order: 
                Statistics: Num rows: 20 Data size: 7138 Basic stats: COMPLETE Column stats: COMPLETE
                value expressions: _col0 (type: string), _col1 (type: string), _col2 (type: int), _col3 (type: float), _col4 (type: boolean), _col5 (type: string)
      Reduce Operator Tree:
        Join Operator
          condition map:
               Inner Join 0 to 1
          keys:
            0 
            1 
          outputColumnNames: _col0, _col1, _col2, _col3, _col4, _col5, _col6, _col7, _col8, _col9, _col10, _col11, _col12, _col13, _col14, _col15, _col16, _col17, _col18
          Statistics: Num rows: 8000 Data size: 8815454 Basic stats: COMPLETE Column stats: COMPLETE
          File Output Operator
            compressed: false
            table:
                input format: org.apache.hadoop.mapred.SequenceFileInputFormat
                output format: org.apache.hadoop.hive.ql.io.HiveSequenceFileOutputFormat
                serde: org.apache.hadoop.hive.serde2.lazybinary.LazyBinarySerDe

  Stage: Stage-3
    Map Reduce
      Map Operator Tree:
          TableScan
            Reduce Output Operator
              sort order: 
              Statistics: Num rows: 8000 Data size: 8815454 Basic stats: COMPLETE Column stats: COMPLETE
              value expressions: _col0 (type: string), _col1 (type: string), _col2 (type: int), _col3 (type: float), _col4 (type: boolean), _col5 (type: string), _col6 (type: boolean), _col7 (type: string), _col8 (type: string), _col9 (type: int), _col10 (type: float), _col11 (type: boolean), _col12 (type: string), _col13 (type: string), _col14 (type: string), _col15 (type: int), _col16 (type: float), _col17 (type: boolean), _col18 (type: string)
          TableScan
            Reduce Output Operator
              sort order: 
              Statistics: Num rows: 90 Data size: 65601 Basic stats: COMPLETE Column stats: COMPLETE
              value expressions: _col0 (type: string), _col1 (type: string), _col2 (type: int), _col3 (type: float), _col4 (type: boolean), _col5 (type: string), _col6 (type: string), _col7 (type: string), _col8 (type: int), _col9 (type: float), _col10 (type: boolean), _col11 (type: string)
      Reduce Operator Tree:
        Join Operator
          condition map:
               Inner Join 0 to 1
          keys:
            0 
            1 
          outputColumnNames: _col0, _col1, _col2, _col3, _col4, _col5, _col6, _col7, _col8, _col9, _col10, _col11, _col12, _col13, _col14, _col15, _col16, _col17, _col18, _col19, _col20, _col21, _col22, _col23, _col24, _col25, _col26, _col27, _col28, _col29, _col30
          Statistics: Num rows: 720000 Data size: 1320479175 Basic stats: COMPLETE Column stats: COMPLETE
          Filter Operator
            predicate: (((_col7 = _col25) or ((_col8 = _col26) and (_col27 = _col21))) and ((_col13 = _col25) or ((_col28 = _col16) and (_col14 = _col26))) and ((_col0 = _col25) or ((_col29 = _col17) and _col6))) (type: boolean)
            Statistics: Num rows: 303750 Data size: 557077500 Basic stats: COMPLETE Column stats: COMPLETE
            Select Operator
              expressions: _col19 (type: string), _col20 (type: string), _col21 (type: int), _col22 (type: float), _col23 (type: boolean), _col24 (type: string), _col25 (type: string), _col26 (type: string), _col27 (type: int), _col28 (type: float), _col29 (type: boolean), _col30 (type: string), _col7 (type: string), _col8 (type: string), _col9 (type: int), _col10 (type: float), _col11 (type: boolean), _col12 (type: string), _col13 (type: string), _col14 (type: string), _col15 (type: int), _col16 (type: float), _col17 (type: boolean), _col18 (type: string), _col0 (type: string), _col1 (type: string), _col2 (type: int), _col3 (type: float), _col4 (type: boolean), _col5 (type: string)
              outputColumnNames: _col0, _col1, _col2, _col3, _col4, _col5, _col6, _col7, _col8, _col9, _col10, _col11, _col12, _col13, _col14, _col15, _col16, _col17, _col18, _col19, _col20, _col21, _col22, _col23, _col24, _col25, _col26, _col27, _col28, _col29
              Statistics: Num rows: 303750 Data size: 555862500 Basic stats: COMPLETE Column stats: COMPLETE
              Limit
                Number of rows: 10
                Statistics: Num rows: 10 Data size: 18300 Basic stats: COMPLETE Column stats: COMPLETE
                File Output Operator
                  compressed: false
                  Statistics: Num rows: 10 Data size: 18300 Basic stats: COMPLETE Column stats: COMPLETE
                  table:
                      input format: org.apache.hadoop.mapred.SequenceFileInputFormat
                      output format: org.apache.hadoop.hive.ql.io.HiveSequenceFileOutputFormat
                      serde: org.apache.hadoop.hive.serde2.lazy.LazySimpleSerDe

  Stage: Stage-6
    Map Reduce
      Map Operator Tree:
          TableScan
            alias: t1
            filterExpr: key is not null (type: boolean)
            Statistics: Num rows: 20 Data size: 7138 Basic stats: COMPLETE Column stats: COMPLETE
            Filter Operator
              predicate: key is not null (type: boolean)
              Statistics: Num rows: 18 Data size: 6406 Basic stats: COMPLETE Column stats: COMPLETE
              Select Operator
                expressions: key (type: string), value (type: string), c_int (type: int), c_float (type: float), c_boolean (type: boolean), dt (type: string)
                outputColumnNames: _col0, _col1, _col2, _col3, _col4, _col5
                Statistics: Num rows: 18 Data size: 6406 Basic stats: COMPLETE Column stats: COMPLETE
                Reduce Output Operator
                  key expressions: _col0 (type: string)
                  sort order: +
                  Map-reduce partition columns: _col0 (type: string)
                  Statistics: Num rows: 18 Data size: 6406 Basic stats: COMPLETE Column stats: COMPLETE
                  value expressions: _col1 (type: string), _col2 (type: int), _col3 (type: float), _col4 (type: boolean), _col5 (type: string)
          TableScan
            alias: t2
            Statistics: Num rows: 20 Data size: 7138 Basic stats: COMPLETE Column stats: COMPLETE
            Select Operator
              expressions: key (type: string), value (type: string), c_int (type: int), c_float (type: float), c_boolean (type: boolean), dt (type: string)
              outputColumnNames: _col0, _col1, _col2, _col3, _col4, _col5
              Statistics: Num rows: 20 Data size: 7138 Basic stats: COMPLETE Column stats: COMPLETE
              Reduce Output Operator
                key expressions: _col0 (type: string)
                sort order: +
                Map-reduce partition columns: _col0 (type: string)
                Statistics: Num rows: 20 Data size: 7138 Basic stats: COMPLETE Column stats: COMPLETE
                value expressions: _col1 (type: string), _col2 (type: int), _col3 (type: float), _col4 (type: boolean), _col5 (type: string)
      Reduce Operator Tree:
        Join Operator
          condition map:
               Right Outer Join 0 to 1
          keys:
            0 _col0 (type: string)
            1 _col0 (type: string)
          outputColumnNames: _col0, _col1, _col2, _col3, _col4, _col5, _col6, _col7, _col8, _col9, _col10, _col11
          Statistics: Num rows: 90 Data size: 65601 Basic stats: COMPLETE Column stats: COMPLETE
          File Output Operator
            compressed: false
            table:
                input format: org.apache.hadoop.mapred.SequenceFileInputFormat
                output format: org.apache.hadoop.hive.ql.io.HiveSequenceFileOutputFormat
                serde: org.apache.hadoop.hive.serde2.lazybinary.LazyBinarySerDe

  Stage: Stage-0
    Fetch Operator
      limit: 10
      Processor Tree:
        ListSink

Warning: Shuffle Join JOIN[23][tables = [$hdt$_0, $hdt$_1, $hdt$_2, $hdt$_3]] in Stage 'Stage-3:MAPRED' is a cross product
Warning: Shuffle Join JOIN[20][tables = [$hdt$_0, $hdt$_1, $hdt$_2]] in Stage 'Stage-2:MAPRED' is a cross product
Warning: Shuffle Join JOIN[17][tables = [$hdt$_0, $hdt$_1]] in Stage 'Stage-1:MAPRED' is a cross product
PREHOOK: query: SELECT *
FROM cbo_t1 t1
RIGHT OUTER JOIN cbo_t1 t2 ON (t2.key = t1.key)
JOIN cbo_t1 t3 ON (t3.key = t2.key or t3.value = t2.value and t2.c_int = t1.c_int)
JOIN cbo_t1 t4 ON (t4.key = t2.key or  t2.c_float = t4.c_float and t4.value = t2.value)
JOIN cbo_t1 t5 ON (t5.key = t2.key or  t2.c_boolean = t4.c_boolean and t5.c_int = 42)
LIMIT 10
PREHOOK: type: QUERY
PREHOOK: Input: default@cbo_t1
PREHOOK: Input: default@cbo_t1@dt=2014
#### A masked pattern was here ####
POSTHOOK: query: SELECT *
FROM cbo_t1 t1
RIGHT OUTER JOIN cbo_t1 t2 ON (t2.key = t1.key)
JOIN cbo_t1 t3 ON (t3.key = t2.key or t3.value = t2.value and t2.c_int = t1.c_int)
JOIN cbo_t1 t4 ON (t4.key = t2.key or  t2.c_float = t4.c_float and t4.value = t2.value)
JOIN cbo_t1 t5 ON (t5.key = t2.key or  t2.c_boolean = t4.c_boolean and t5.c_int = 42)
LIMIT 10
POSTHOOK: type: QUERY
POSTHOOK: Input: default@cbo_t1
POSTHOOK: Input: default@cbo_t1@dt=2014
#### A masked pattern was here ####
1	1	1	1.0	true	2014	1	1	1	1.0	true	2014	1	1	1	1.0	false	2014	1	1	1	1.0	true	2014	1	1	1	1.0	true	2014
1	1	1	1.0	true	2014	1	1	1	1.0	false	2014	1	1	1	1.0	false	2014	1	1	1	1.0	true	2014	1	1	1	1.0	true	2014
1	1	1	1.0	true	2014	1	1	1	1.0	true	2014	1	1	1	1.0	false	2014	1	1	1	1.0	true	2014	1	1	1	1.0	true	2014
1	1	1	1.0	true	2014	1	1	1	1.0	false	2014	1	1	1	1.0	false	2014	1	1	1	1.0	true	2014	1	1	1	1.0	true	2014
1	1	1	1.0	true	2014	1	1	1	1.0	true	2014	1	1	1	1.0	false	2014	1	1	1	1.0	true	2014	1	1	1	1.0	true	2014
1	1	1	1.0	true	2014	1	1	1	1.0	true	2014	1	1	1	1.0	false	2014	1	1	1	1.0	true	2014	1	1	1	1.0	true	2014
1	1	1	1.0	true	2014	1	1	1	1.0	true	2014	1	1	1	1.0	false	2014	1	1	1	1.0	true	2014	1	1	1	1.0	true	2014
1	1	1	1.0	true	2014	1	1	1	1.0	true	2014	1	1	1	1.0	false	2014	1	1	1	1.0	true	2014	1	1	1	1.0	true	2014
1	1	1	1.0	true	2014	1	1	1	1.0	true	2014	1	1	1	1.0	false	2014	1	1	1	1.0	true	2014	1	1	1	1.0	true	2014
1	1	1	1.0	true	2014	1	1	1	1.0	true	2014	1	1	1	1.0	false	2014	1	1	1	1.0	true	2014	1	1	1	1.0	true	2014
