PREHOOK: query: CREATE TABLE dest_j1(key STRING, cnt INT)
PREHOOK: type: CREATETABLE
PREHOOK: Output: database:default
PREHOOK: Output: default@dest_j1
POSTHOOK: query: CREATE TABLE dest_j1(key STRING, cnt INT)
POSTHOOK: type: CREATETABLE
POSTHOOK: Output: database:default
POSTHOOK: Output: default@dest_j1
PREHOOK: query: EXPLAIN 
INSERT OVERWRITE TABLE dest_j1 
SELECT subq1.key, count(1) as cnt
FROM (select x.key, count(1) as cnt from src1 x group by x.key) subq1 JOIN 
     (select y.key, count(1) as cnt from src y group by y.key) subq2 ON (subq1.key = subq2.key)
group by subq1.key
PREHOOK: type: QUERY
POSTHOOK: query: EXPLAIN 
INSERT OVERWRITE TABLE dest_j1 
SELECT subq1.key, count(1) as cnt
FROM (select x.key, count(1) as cnt from src1 x group by x.key) subq1 JOIN 
     (select y.key, count(1) as cnt from src y group by y.key) subq2 ON (subq1.key = subq2.key)
group by subq1.key
POSTHOOK: type: QUERY
STAGE DEPENDENCIES:
  Stage-1 is a root stage
  Stage-7 depends on stages: Stage-1
  Stage-3 depends on stages: Stage-7
  Stage-0 depends on stages: Stage-3
  Stage-4 depends on stages: Stage-0

STAGE PLANS:
  Stage: Stage-1
    Map Reduce
      Map Operator Tree:
          TableScan
            alias: x
            Statistics: Num rows: 25 Data size: 191 Basic stats: COMPLETE Column stats: NONE
            Filter Operator
              predicate: key is not null (type: boolean)
              Statistics: Num rows: 25 Data size: 191 Basic stats: COMPLETE Column stats: NONE
              Group By Operator
                keys: key (type: string)
                mode: hash
                outputColumnNames: _col0
                Statistics: Num rows: 25 Data size: 191 Basic stats: COMPLETE Column stats: NONE
                Reduce Output Operator
                  key expressions: _col0 (type: string)
                  sort order: +
                  Map-reduce partition columns: _col0 (type: string)
                  Statistics: Num rows: 25 Data size: 191 Basic stats: COMPLETE Column stats: NONE
      Reduce Operator Tree:
        Group By Operator
          keys: KEY._col0 (type: string)
          mode: mergepartial
          outputColumnNames: _col0
          Statistics: Num rows: 12 Data size: 91 Basic stats: COMPLETE Column stats: NONE
          File Output Operator
            compressed: false
            table:
                input format: org.apache.hadoop.mapred.SequenceFileInputFormat
                output format: org.apache.hadoop.hive.ql.io.HiveSequenceFileOutputFormat
                serde: org.apache.hadoop.hive.serde2.lazybinary.LazyBinarySerDe

  Stage: Stage-7
    Map Reduce Local Work
      Alias -> Map Local Tables:
        $hdt$_1:y 
          Fetch Operator
            limit: -1
      Alias -> Map Local Operator Tree:
        $hdt$_1:y 
          TableScan
            alias: y
            Statistics: Num rows: 500 Data size: 5312 Basic stats: COMPLETE Column stats: NONE
            Filter Operator
              predicate: key is not null (type: boolean)
              Statistics: Num rows: 500 Data size: 5312 Basic stats: COMPLETE Column stats: NONE
              Select Operator
                expressions: key (type: string)
                outputColumnNames: _col0
                Statistics: Num rows: 500 Data size: 5312 Basic stats: COMPLETE Column stats: NONE
                Group By Operator
                  keys: _col0 (type: string)
                  mode: hash
                  outputColumnNames: _col0
                  Statistics: Num rows: 500 Data size: 5312 Basic stats: COMPLETE Column stats: NONE
                  HashTable Sink Operator
                    keys:
                      0 _col0 (type: string)
                      1 _col0 (type: string)

  Stage: Stage-3
    Map Reduce
      Map Operator Tree:
          TableScan
            Map Join Operator
              condition map:
                   Left Semi Join 0 to 1
              keys:
                0 _col0 (type: string)
                1 _col0 (type: string)
              outputColumnNames: _col0
              Statistics: Num rows: 550 Data size: 5843 Basic stats: COMPLETE Column stats: NONE
              Group By Operator
                aggregations: count()
                keys: _col0 (type: string)
                mode: hash
                outputColumnNames: _col0, _col1
                Statistics: Num rows: 550 Data size: 5843 Basic stats: COMPLETE Column stats: NONE
                Reduce Output Operator
                  key expressions: _col0 (type: string)
                  sort order: +
                  Map-reduce partition columns: _col0 (type: string)
                  Statistics: Num rows: 550 Data size: 5843 Basic stats: COMPLETE Column stats: NONE
                  value expressions: _col1 (type: bigint)
      Local Work:
        Map Reduce Local Work
      Reduce Operator Tree:
        Group By Operator
          aggregations: count(VALUE._col0)
          keys: KEY._col0 (type: string)
          mode: mergepartial
          outputColumnNames: _col0, _col1
          Statistics: Num rows: 275 Data size: 2921 Basic stats: COMPLETE Column stats: NONE
          Select Operator
            expressions: _col0 (type: string), UDFToInteger(_col1) (type: int)
            outputColumnNames: _col0, _col1
            Statistics: Num rows: 275 Data size: 2921 Basic stats: COMPLETE Column stats: NONE
            File Output Operator
              compressed: false
              Statistics: Num rows: 275 Data size: 2921 Basic stats: COMPLETE Column stats: NONE
              table:
                  input format: org.apache.hadoop.mapred.TextInputFormat
                  output format: org.apache.hadoop.hive.ql.io.HiveIgnoreKeyTextOutputFormat
                  serde: org.apache.hadoop.hive.serde2.lazy.LazySimpleSerDe
                  name: default.dest_j1

  Stage: Stage-0
    Move Operator
      tables:
          replace: true
          table:
              input format: org.apache.hadoop.mapred.TextInputFormat
              output format: org.apache.hadoop.hive.ql.io.HiveIgnoreKeyTextOutputFormat
              serde: org.apache.hadoop.hive.serde2.lazy.LazySimpleSerDe
              name: default.dest_j1

  Stage: Stage-4
    Stats-Aggr Operator

PREHOOK: query: INSERT OVERWRITE TABLE dest_j1 
SELECT subq1.key, count(1) as cnt
FROM (select x.key, count(1) as cnt from src1 x group by x.key) subq1 JOIN 
     (select y.key, count(1) as cnt from src y group by y.key) subq2 ON (subq1.key = subq2.key)
group by subq1.key
PREHOOK: type: QUERY
PREHOOK: Input: default@src
PREHOOK: Input: default@src1
PREHOOK: Output: default@dest_j1
POSTHOOK: query: INSERT OVERWRITE TABLE dest_j1 
SELECT subq1.key, count(1) as cnt
FROM (select x.key, count(1) as cnt from src1 x group by x.key) subq1 JOIN 
     (select y.key, count(1) as cnt from src y group by y.key) subq2 ON (subq1.key = subq2.key)
group by subq1.key
POSTHOOK: type: QUERY
POSTHOOK: Input: default@src
POSTHOOK: Input: default@src1
POSTHOOK: Output: default@dest_j1
POSTHOOK: Lineage: dest_j1.cnt EXPRESSION [(src1)x.null, ]
POSTHOOK: Lineage: dest_j1.key SIMPLE [(src1)x.FieldSchema(name:key, type:string, comment:default), ]
PREHOOK: query: select * from dest_j1
PREHOOK: type: QUERY
PREHOOK: Input: default@dest_j1
#### A masked pattern was here ####
POSTHOOK: query: select * from dest_j1
POSTHOOK: type: QUERY
POSTHOOK: Input: default@dest_j1
#### A masked pattern was here ####
128	1
146	1
150	1
213	1
224	1
238	1
255	1
273	1
278	1
311	1
369	1
401	1
406	1
66	1
98	1
