PREHOOK: query: CREATE TABLE lv_table_n1( c1 STRING,  c2 ARRAY<INT>, c3 INT, c4 CHAR(1))
PREHOOK: type: CREATETABLE
PREHOOK: Output: database:default
PREHOOK: Output: default@lv_table_n1
POSTHOOK: query: CREATE TABLE lv_table_n1( c1 STRING,  c2 ARRAY<INT>, c3 INT, c4 CHAR(1))
POSTHOOK: type: CREATETABLE
POSTHOOK: Output: database:default
POSTHOOK: Output: default@lv_table_n1
PREHOOK: query: INSERT OVERWRITE TABLE lv_table_n1 SELECT 'abc  ', array(1,2,3), 100, 't' FROM src
PREHOOK: type: QUERY
PREHOOK: Input: default@src
PREHOOK: Output: default@lv_table_n1
POSTHOOK: query: INSERT OVERWRITE TABLE lv_table_n1 SELECT 'abc  ', array(1,2,3), 100, 't' FROM src
POSTHOOK: type: QUERY
POSTHOOK: Input: default@src
POSTHOOK: Output: default@lv_table_n1
POSTHOOK: Lineage: lv_table_n1.c1 SIMPLE []
POSTHOOK: Lineage: lv_table_n1.c2 EXPRESSION []
POSTHOOK: Lineage: lv_table_n1.c3 SIMPLE []
POSTHOOK: Lineage: lv_table_n1.c4 EXPRESSION []
PREHOOK: query: CREATE OR REPLACE VIEW lv_view AS SELECT * FROM lv_table_n1
PREHOOK: type: CREATEVIEW
PREHOOK: Input: default@lv_table_n1
PREHOOK: Output: database:default
PREHOOK: Output: default@lv_view
POSTHOOK: query: CREATE OR REPLACE VIEW lv_view AS SELECT * FROM lv_table_n1
POSTHOOK: type: CREATEVIEW
POSTHOOK: Input: default@lv_table_n1
POSTHOOK: Output: database:default
POSTHOOK: Output: default@lv_view
POSTHOOK: Lineage: lv_view.c1 SIMPLE [(lv_table_n1)lv_table_n1.FieldSchema(name:c1, type:string, comment:null), ]
POSTHOOK: Lineage: lv_view.c2 SIMPLE [(lv_table_n1)lv_table_n1.FieldSchema(name:c2, type:array<int>, comment:null), ]
POSTHOOK: Lineage: lv_view.c3 SIMPLE [(lv_table_n1)lv_table_n1.FieldSchema(name:c3, type:int, comment:null), ]
POSTHOOK: Lineage: lv_view.c4 SIMPLE [(lv_table_n1)lv_table_n1.FieldSchema(name:c4, type:char(1), comment:null), ]
PREHOOK: query: EXPLAIN SELECT myTable.myCol, myTable2.myCol2 FROM lv_view LATERAL VIEW explode(array(1,2,3)) myTable AS myCol LATERAL VIEW explode(array('a', 'b', 'c')) myTable2 AS myCol2 LIMIT 9
PREHOOK: type: QUERY
POSTHOOK: query: EXPLAIN SELECT myTable.myCol, myTable2.myCol2 FROM lv_view LATERAL VIEW explode(array(1,2,3)) myTable AS myCol LATERAL VIEW explode(array('a', 'b', 'c')) myTable2 AS myCol2 LIMIT 9
POSTHOOK: type: QUERY
STAGE DEPENDENCIES:
  Stage-1 is a root stage
  Stage-0 depends on stages: Stage-1

STAGE PLANS:
  Stage: Stage-1
    Map Reduce
      Map Operator Tree:
          TableScan
            alias: lv_table_n1
            Statistics: Num rows: 500 Data size: 8500 Basic stats: COMPLETE Column stats: COMPLETE
            Select Operator
              Statistics: Num rows: 500 Data size: 4000 Basic stats: COMPLETE Column stats: COMPLETE
              Lateral View Forward
                Statistics: Num rows: 500 Data size: 4000 Basic stats: COMPLETE Column stats: COMPLETE
                Select Operator
                  Statistics: Num rows: 500 Data size: 4000 Basic stats: COMPLETE Column stats: COMPLETE
                  Lateral View Join Operator
                    outputColumnNames: _col4
                    Statistics: Num rows: 1000 Data size: 32000 Basic stats: COMPLETE Column stats: COMPLETE
                    Lateral View Forward
                      Statistics: Num rows: 1000 Data size: 32000 Basic stats: COMPLETE Column stats: COMPLETE
                      Select Operator
                        expressions: _col4 (type: int)
                        outputColumnNames: _col4
                        Statistics: Num rows: 1000 Data size: 56000 Basic stats: COMPLETE Column stats: COMPLETE
                        Lateral View Join Operator
                          outputColumnNames: _col4, _col5
                          Statistics: Num rows: 2000 Data size: 648000 Basic stats: COMPLETE Column stats: COMPLETE
                          Select Operator
                            expressions: _col4 (type: int), _col5 (type: string)
                            outputColumnNames: _col0, _col1
                            Statistics: Num rows: 2000 Data size: 16000 Basic stats: COMPLETE Column stats: COMPLETE
                            Limit
                              Number of rows: 9
                              Statistics: Num rows: 9 Data size: 72 Basic stats: COMPLETE Column stats: COMPLETE
                              File Output Operator
                                compressed: false
                                Statistics: Num rows: 9 Data size: 72 Basic stats: COMPLETE Column stats: COMPLETE
                                table:
                                    input format: org.apache.hadoop.mapred.SequenceFileInputFormat
                                    output format: org.apache.hadoop.hive.ql.io.HiveSequenceFileOutputFormat
                                    serde: org.apache.hadoop.hive.serde2.lazy.LazySimpleSerDe
                      Select Operator
                        expressions: array('a','b','c') (type: array<string>)
                        outputColumnNames: _col0
                        Statistics: Num rows: 1000 Data size: 592000 Basic stats: COMPLETE Column stats: COMPLETE
                        UDTF Operator
                          Statistics: Num rows: 1000 Data size: 592000 Basic stats: COMPLETE Column stats: COMPLETE
                          function name: explode
                          Lateral View Join Operator
                            outputColumnNames: _col4, _col5
                            Statistics: Num rows: 2000 Data size: 648000 Basic stats: COMPLETE Column stats: COMPLETE
                            Select Operator
                              expressions: _col4 (type: int), _col5 (type: string)
                              outputColumnNames: _col0, _col1
                              Statistics: Num rows: 2000 Data size: 16000 Basic stats: COMPLETE Column stats: COMPLETE
                              Limit
                                Number of rows: 9
                                Statistics: Num rows: 9 Data size: 72 Basic stats: COMPLETE Column stats: COMPLETE
                                File Output Operator
                                  compressed: false
                                  Statistics: Num rows: 9 Data size: 72 Basic stats: COMPLETE Column stats: COMPLETE
                                  table:
                                      input format: org.apache.hadoop.mapred.SequenceFileInputFormat
                                      output format: org.apache.hadoop.hive.ql.io.HiveSequenceFileOutputFormat
                                      serde: org.apache.hadoop.hive.serde2.lazy.LazySimpleSerDe
                Select Operator
                  expressions: array(1,2,3) (type: array<int>)
                  outputColumnNames: _col0
                  Statistics: Num rows: 500 Data size: 28000 Basic stats: COMPLETE Column stats: COMPLETE
                  UDTF Operator
                    Statistics: Num rows: 500 Data size: 28000 Basic stats: COMPLETE Column stats: COMPLETE
                    function name: explode
                    Lateral View Join Operator
                      outputColumnNames: _col4
                      Statistics: Num rows: 1000 Data size: 32000 Basic stats: COMPLETE Column stats: COMPLETE
                      Lateral View Forward
                        Statistics: Num rows: 1000 Data size: 32000 Basic stats: COMPLETE Column stats: COMPLETE
                        Select Operator
                          expressions: _col4 (type: int)
                          outputColumnNames: _col4
                          Statistics: Num rows: 1000 Data size: 56000 Basic stats: COMPLETE Column stats: COMPLETE
                          Lateral View Join Operator
                            outputColumnNames: _col4, _col5
                            Statistics: Num rows: 2000 Data size: 648000 Basic stats: COMPLETE Column stats: COMPLETE
                            Select Operator
                              expressions: _col4 (type: int), _col5 (type: string)
                              outputColumnNames: _col0, _col1
                              Statistics: Num rows: 2000 Data size: 16000 Basic stats: COMPLETE Column stats: COMPLETE
                              Limit
                                Number of rows: 9
                                Statistics: Num rows: 9 Data size: 72 Basic stats: COMPLETE Column stats: COMPLETE
                                File Output Operator
                                  compressed: false
                                  Statistics: Num rows: 9 Data size: 72 Basic stats: COMPLETE Column stats: COMPLETE
                                  table:
                                      input format: org.apache.hadoop.mapred.SequenceFileInputFormat
                                      output format: org.apache.hadoop.hive.ql.io.HiveSequenceFileOutputFormat
                                      serde: org.apache.hadoop.hive.serde2.lazy.LazySimpleSerDe
                        Select Operator
                          expressions: array('a','b','c') (type: array<string>)
                          outputColumnNames: _col0
                          Statistics: Num rows: 1000 Data size: 592000 Basic stats: COMPLETE Column stats: COMPLETE
                          UDTF Operator
                            Statistics: Num rows: 1000 Data size: 592000 Basic stats: COMPLETE Column stats: COMPLETE
                            function name: explode
                            Lateral View Join Operator
                              outputColumnNames: _col4, _col5
                              Statistics: Num rows: 2000 Data size: 648000 Basic stats: COMPLETE Column stats: COMPLETE
                              Select Operator
                                expressions: _col4 (type: int), _col5 (type: string)
                                outputColumnNames: _col0, _col1
                                Statistics: Num rows: 2000 Data size: 16000 Basic stats: COMPLETE Column stats: COMPLETE
                                Limit
                                  Number of rows: 9
                                  Statistics: Num rows: 9 Data size: 72 Basic stats: COMPLETE Column stats: COMPLETE
                                  File Output Operator
                                    compressed: false
                                    Statistics: Num rows: 9 Data size: 72 Basic stats: COMPLETE Column stats: COMPLETE
                                    table:
                                        input format: org.apache.hadoop.mapred.SequenceFileInputFormat
                                        output format: org.apache.hadoop.hive.ql.io.HiveSequenceFileOutputFormat
                                        serde: org.apache.hadoop.hive.serde2.lazy.LazySimpleSerDe

  Stage: Stage-0
    Fetch Operator
      limit: 9
      Processor Tree:
        ListSink

