PREHOOK: query: EXPLAIN SELECT value, myCol FROM (SELECT * FROM src LATERAL VIEW explode(array(1,2,3)) myTable AS myCol) a WHERE key='0'
PREHOOK: type: QUERY
POSTHOOK: query: EXPLAIN SELECT value, myCol FROM (SELECT * FROM src LATERAL VIEW explode(array(1,2,3)) myTable AS myCol) a WHERE key='0'
POSTHOOK: type: QUERY
STAGE DEPENDENCIES:
  Stage-1 is a root stage
  Stage-0 depends on stages: Stage-1

STAGE PLANS:
  Stage: Stage-1
    Map Reduce
      Map Operator Tree:
          TableScan
            alias: src
            Statistics: Num rows: 500 Data size: 5312 Basic stats: COMPLETE Column stats: NONE
            Filter Operator
              predicate: (key = '0') (type: boolean)
              Statistics: Num rows: 250 Data size: 2656 Basic stats: COMPLETE Column stats: NONE
              Lateral View Forward
                Statistics: Num rows: 250 Data size: 2656 Basic stats: COMPLETE Column stats: NONE
                Select Operator
                  expressions: value (type: string)
                  outputColumnNames: value
                  Statistics: Num rows: 250 Data size: 2656 Basic stats: COMPLETE Column stats: NONE
                  Lateral View Join Operator
                    outputColumnNames: _col1, _col5
                    Statistics: Num rows: 500 Data size: 5312 Basic stats: COMPLETE Column stats: NONE
                    Select Operator
                      expressions: _col1 (type: string), _col5 (type: int)
                      outputColumnNames: _col0, _col1
                      Statistics: Num rows: 500 Data size: 5312 Basic stats: COMPLETE Column stats: NONE
                      File Output Operator
                        compressed: false
                        Statistics: Num rows: 500 Data size: 5312 Basic stats: COMPLETE Column stats: NONE
                        table:
                            input format: org.apache.hadoop.mapred.SequenceFileInputFormat
                            output format: org.apache.hadoop.hive.ql.io.HiveSequenceFileOutputFormat
                            serde: org.apache.hadoop.hive.serde2.lazy.LazySimpleSerDe
                Select Operator
                  expressions: array(1,2,3) (type: array<int>)
                  outputColumnNames: _col0
                  Statistics: Num rows: 250 Data size: 2656 Basic stats: COMPLETE Column stats: NONE
                  UDTF Operator
                    Statistics: Num rows: 250 Data size: 2656 Basic stats: COMPLETE Column stats: NONE
                    function name: explode
                    Lateral View Join Operator
                      outputColumnNames: _col1, _col5
                      Statistics: Num rows: 500 Data size: 5312 Basic stats: COMPLETE Column stats: NONE
                      Select Operator
                        expressions: _col1 (type: string), _col5 (type: int)
                        outputColumnNames: _col0, _col1
                        Statistics: Num rows: 500 Data size: 5312 Basic stats: COMPLETE Column stats: NONE
                        File Output Operator
                          compressed: false
                          Statistics: Num rows: 500 Data size: 5312 Basic stats: COMPLETE Column stats: NONE
                          table:
                              input format: org.apache.hadoop.mapred.SequenceFileInputFormat
                              output format: org.apache.hadoop.hive.ql.io.HiveSequenceFileOutputFormat
                              serde: org.apache.hadoop.hive.serde2.lazy.LazySimpleSerDe

  Stage: Stage-0
    Fetch Operator
      limit: -1
      Processor Tree:
        ListSink

PREHOOK: query: SELECT value, myCol FROM (SELECT * FROM src LATERAL VIEW explode(array(1,2,3)) myTable AS myCol) a WHERE key='0'
PREHOOK: type: QUERY
PREHOOK: Input: default@src
#### A masked pattern was here ####
POSTHOOK: query: SELECT value, myCol FROM (SELECT * FROM src LATERAL VIEW explode(array(1,2,3)) myTable AS myCol) a WHERE key='0'
POSTHOOK: type: QUERY
POSTHOOK: Input: default@src
#### A masked pattern was here ####
val_0	1
val_0	2
val_0	3
val_0	1
val_0	2
val_0	3
val_0	1
val_0	2
val_0	3
PREHOOK: query: EXPLAIN SELECT value, myCol FROM (SELECT * FROM src LATERAL VIEW explode(array(1,2,3)) myTable AS myCol) a WHERE key='0' AND myCol=1
PREHOOK: type: QUERY
POSTHOOK: query: EXPLAIN SELECT value, myCol FROM (SELECT * FROM src LATERAL VIEW explode(array(1,2,3)) myTable AS myCol) a WHERE key='0' AND myCol=1
POSTHOOK: type: QUERY
STAGE DEPENDENCIES:
  Stage-1 is a root stage
  Stage-0 depends on stages: Stage-1

STAGE PLANS:
  Stage: Stage-1
    Map Reduce
      Map Operator Tree:
          TableScan
            alias: src
            Statistics: Num rows: 500 Data size: 5312 Basic stats: COMPLETE Column stats: NONE
            Filter Operator
              predicate: (key = '0') (type: boolean)
              Statistics: Num rows: 250 Data size: 2656 Basic stats: COMPLETE Column stats: NONE
              Lateral View Forward
                Statistics: Num rows: 250 Data size: 2656 Basic stats: COMPLETE Column stats: NONE
                Select Operator
                  expressions: value (type: string)
                  outputColumnNames: value
                  Statistics: Num rows: 250 Data size: 2656 Basic stats: COMPLETE Column stats: NONE
                  Lateral View Join Operator
                    outputColumnNames: _col1, _col5
                    Statistics: Num rows: 375 Data size: 3984 Basic stats: COMPLETE Column stats: NONE
                    Select Operator
                      expressions: _col1 (type: string), 1 (type: int)
                      outputColumnNames: _col0, _col1
                      Statistics: Num rows: 375 Data size: 3984 Basic stats: COMPLETE Column stats: NONE
                      File Output Operator
                        compressed: false
                        Statistics: Num rows: 375 Data size: 3984 Basic stats: COMPLETE Column stats: NONE
                        table:
                            input format: org.apache.hadoop.mapred.SequenceFileInputFormat
                            output format: org.apache.hadoop.hive.ql.io.HiveSequenceFileOutputFormat
                            serde: org.apache.hadoop.hive.serde2.lazy.LazySimpleSerDe
                Select Operator
                  expressions: array(1,2,3) (type: array<int>)
                  outputColumnNames: _col0
                  Statistics: Num rows: 250 Data size: 2656 Basic stats: COMPLETE Column stats: NONE
                  UDTF Operator
                    Statistics: Num rows: 250 Data size: 2656 Basic stats: COMPLETE Column stats: NONE
                    function name: explode
                    Filter Operator
                      predicate: (col = 1) (type: boolean)
                      Statistics: Num rows: 125 Data size: 1328 Basic stats: COMPLETE Column stats: NONE
                      Lateral View Join Operator
                        outputColumnNames: _col1, _col5
                        Statistics: Num rows: 375 Data size: 3984 Basic stats: COMPLETE Column stats: NONE
                        Select Operator
                          expressions: _col1 (type: string), 1 (type: int)
                          outputColumnNames: _col0, _col1
                          Statistics: Num rows: 375 Data size: 3984 Basic stats: COMPLETE Column stats: NONE
                          File Output Operator
                            compressed: false
                            Statistics: Num rows: 375 Data size: 3984 Basic stats: COMPLETE Column stats: NONE
                            table:
                                input format: org.apache.hadoop.mapred.SequenceFileInputFormat
                                output format: org.apache.hadoop.hive.ql.io.HiveSequenceFileOutputFormat
                                serde: org.apache.hadoop.hive.serde2.lazy.LazySimpleSerDe

  Stage: Stage-0
    Fetch Operator
      limit: -1
      Processor Tree:
        ListSink

PREHOOK: query: SELECT value, myCol FROM (SELECT * FROM src LATERAL VIEW explode(array(1,2,3)) myTable AS myCol) a WHERE key='0' AND myCol=1
PREHOOK: type: QUERY
PREHOOK: Input: default@src
#### A masked pattern was here ####
POSTHOOK: query: SELECT value, myCol FROM (SELECT * FROM src LATERAL VIEW explode(array(1,2,3)) myTable AS myCol) a WHERE key='0' AND myCol=1
POSTHOOK: type: QUERY
POSTHOOK: Input: default@src
#### A masked pattern was here ####
val_0	1
val_0	1
val_0	1
PREHOOK: query: EXPLAIN SELECT value, myCol FROM (SELECT * FROM srcpart LATERAL VIEW explode(array(1,2,3)) myTable AS myCol) a WHERE ds='2008-04-08' AND hr="12" LIMIT 12
PREHOOK: type: QUERY
POSTHOOK: query: EXPLAIN SELECT value, myCol FROM (SELECT * FROM srcpart LATERAL VIEW explode(array(1,2,3)) myTable AS myCol) a WHERE ds='2008-04-08' AND hr="12" LIMIT 12
POSTHOOK: type: QUERY
STAGE DEPENDENCIES:
  Stage-1 is a root stage
  Stage-0 depends on stages: Stage-1

STAGE PLANS:
  Stage: Stage-1
    Map Reduce
      Map Operator Tree:
          TableScan
            alias: srcpart
            Statistics: Num rows: 500 Data size: 5312 Basic stats: COMPLETE Column stats: NONE
            Lateral View Forward
              Statistics: Num rows: 500 Data size: 5312 Basic stats: COMPLETE Column stats: NONE
              Select Operator
                expressions: value (type: string)
                outputColumnNames: value
                Statistics: Num rows: 500 Data size: 5312 Basic stats: COMPLETE Column stats: NONE
                Lateral View Join Operator
                  outputColumnNames: _col1, _col7
                  Statistics: Num rows: 1000 Data size: 10624 Basic stats: COMPLETE Column stats: NONE
                  Select Operator
                    expressions: _col1 (type: string), _col7 (type: int)
                    outputColumnNames: _col0, _col1
                    Statistics: Num rows: 1000 Data size: 10624 Basic stats: COMPLETE Column stats: NONE
                    Limit
                      Number of rows: 12
                      Statistics: Num rows: 12 Data size: 120 Basic stats: COMPLETE Column stats: NONE
                      File Output Operator
                        compressed: false
                        Statistics: Num rows: 12 Data size: 120 Basic stats: COMPLETE Column stats: NONE
                        table:
                            input format: org.apache.hadoop.mapred.SequenceFileInputFormat
                            output format: org.apache.hadoop.hive.ql.io.HiveSequenceFileOutputFormat
                            serde: org.apache.hadoop.hive.serde2.lazy.LazySimpleSerDe
              Select Operator
                expressions: array(1,2,3) (type: array<int>)
                outputColumnNames: _col0
                Statistics: Num rows: 500 Data size: 5312 Basic stats: COMPLETE Column stats: NONE
                UDTF Operator
                  Statistics: Num rows: 500 Data size: 5312 Basic stats: COMPLETE Column stats: NONE
                  function name: explode
                  Lateral View Join Operator
                    outputColumnNames: _col1, _col7
                    Statistics: Num rows: 1000 Data size: 10624 Basic stats: COMPLETE Column stats: NONE
                    Select Operator
                      expressions: _col1 (type: string), _col7 (type: int)
                      outputColumnNames: _col0, _col1
                      Statistics: Num rows: 1000 Data size: 10624 Basic stats: COMPLETE Column stats: NONE
                      Limit
                        Number of rows: 12
                        Statistics: Num rows: 12 Data size: 120 Basic stats: COMPLETE Column stats: NONE
                        File Output Operator
                          compressed: false
                          Statistics: Num rows: 12 Data size: 120 Basic stats: COMPLETE Column stats: NONE
                          table:
                              input format: org.apache.hadoop.mapred.SequenceFileInputFormat
                              output format: org.apache.hadoop.hive.ql.io.HiveSequenceFileOutputFormat
                              serde: org.apache.hadoop.hive.serde2.lazy.LazySimpleSerDe

  Stage: Stage-0
    Fetch Operator
      limit: 12
      Processor Tree:
        ListSink

PREHOOK: query: SELECT value, myCol FROM (SELECT * FROM srcpart LATERAL VIEW explode(array(1,2,3)) myTable AS myCol) a WHERE ds='2008-04-08' AND hr="12" LIMIT 12
PREHOOK: type: QUERY
PREHOOK: Input: default@srcpart
PREHOOK: Input: default@srcpart@ds=2008-04-08/hr=12
#### A masked pattern was here ####
POSTHOOK: query: SELECT value, myCol FROM (SELECT * FROM srcpart LATERAL VIEW explode(array(1,2,3)) myTable AS myCol) a WHERE ds='2008-04-08' AND hr="12" LIMIT 12
POSTHOOK: type: QUERY
POSTHOOK: Input: default@srcpart
POSTHOOK: Input: default@srcpart@ds=2008-04-08/hr=12
#### A masked pattern was here ####
val_238	1
val_238	2
val_238	3
val_86	1
val_86	2
val_86	3
val_311	1
val_311	2
val_311	3
val_27	1
val_27	2
val_27	3
PREHOOK: query: EXPLAIN SELECT value, myCol FROM (SELECT * FROM src LATERAL VIEW explode(array(1,2,3)) myTable AS myCol LATERAL VIEW explode(array(1,2,3)) myTable2 AS myCol2) a WHERE key='0'
PREHOOK: type: QUERY
POSTHOOK: query: EXPLAIN SELECT value, myCol FROM (SELECT * FROM src LATERAL VIEW explode(array(1,2,3)) myTable AS myCol LATERAL VIEW explode(array(1,2,3)) myTable2 AS myCol2) a WHERE key='0'
POSTHOOK: type: QUERY
STAGE DEPENDENCIES:
  Stage-1 is a root stage
  Stage-0 depends on stages: Stage-1

STAGE PLANS:
  Stage: Stage-1
    Map Reduce
      Map Operator Tree:
          TableScan
            alias: src
            Statistics: Num rows: 500 Data size: 5312 Basic stats: COMPLETE Column stats: NONE
            Filter Operator
              predicate: (key = '0') (type: boolean)
              Statistics: Num rows: 250 Data size: 2656 Basic stats: COMPLETE Column stats: NONE
              Lateral View Forward
                Statistics: Num rows: 250 Data size: 2656 Basic stats: COMPLETE Column stats: NONE
                Select Operator
                  expressions: value (type: string)
                  outputColumnNames: value
                  Statistics: Num rows: 250 Data size: 2656 Basic stats: COMPLETE Column stats: NONE
                  Lateral View Join Operator
                    outputColumnNames: _col1, _col5
                    Statistics: Num rows: 500 Data size: 5312 Basic stats: COMPLETE Column stats: NONE
                    Lateral View Forward
                      Statistics: Num rows: 500 Data size: 5312 Basic stats: COMPLETE Column stats: NONE
                      Select Operator
                        expressions: _col1 (type: string), _col5 (type: int)
                        outputColumnNames: _col1, _col5
                        Statistics: Num rows: 500 Data size: 5312 Basic stats: COMPLETE Column stats: NONE
                        Lateral View Join Operator
                          outputColumnNames: _col1, _col5, _col6
                          Statistics: Num rows: 1000 Data size: 10624 Basic stats: COMPLETE Column stats: NONE
                          Select Operator
                            expressions: _col1 (type: string), _col5 (type: int)
                            outputColumnNames: _col0, _col1
                            Statistics: Num rows: 1000 Data size: 10624 Basic stats: COMPLETE Column stats: NONE
                            File Output Operator
                              compressed: false
                              Statistics: Num rows: 1000 Data size: 10624 Basic stats: COMPLETE Column stats: NONE
                              table:
                                  input format: org.apache.hadoop.mapred.SequenceFileInputFormat
                                  output format: org.apache.hadoop.hive.ql.io.HiveSequenceFileOutputFormat
                                  serde: org.apache.hadoop.hive.serde2.lazy.LazySimpleSerDe
                      Select Operator
                        expressions: array(1,2,3) (type: array<int>)
                        outputColumnNames: _col0
                        Statistics: Num rows: 500 Data size: 5312 Basic stats: COMPLETE Column stats: NONE
                        UDTF Operator
                          Statistics: Num rows: 500 Data size: 5312 Basic stats: COMPLETE Column stats: NONE
                          function name: explode
                          Lateral View Join Operator
                            outputColumnNames: _col1, _col5, _col6
                            Statistics: Num rows: 1000 Data size: 10624 Basic stats: COMPLETE Column stats: NONE
                            Select Operator
                              expressions: _col1 (type: string), _col5 (type: int)
                              outputColumnNames: _col0, _col1
                              Statistics: Num rows: 1000 Data size: 10624 Basic stats: COMPLETE Column stats: NONE
                              File Output Operator
                                compressed: false
                                Statistics: Num rows: 1000 Data size: 10624 Basic stats: COMPLETE Column stats: NONE
                                table:
                                    input format: org.apache.hadoop.mapred.SequenceFileInputFormat
                                    output format: org.apache.hadoop.hive.ql.io.HiveSequenceFileOutputFormat
                                    serde: org.apache.hadoop.hive.serde2.lazy.LazySimpleSerDe
                Select Operator
                  expressions: array(1,2,3) (type: array<int>)
                  outputColumnNames: _col0
                  Statistics: Num rows: 250 Data size: 2656 Basic stats: COMPLETE Column stats: NONE
                  UDTF Operator
                    Statistics: Num rows: 250 Data size: 2656 Basic stats: COMPLETE Column stats: NONE
                    function name: explode
                    Lateral View Join Operator
                      outputColumnNames: _col1, _col5
                      Statistics: Num rows: 500 Data size: 5312 Basic stats: COMPLETE Column stats: NONE
                      Lateral View Forward
                        Statistics: Num rows: 500 Data size: 5312 Basic stats: COMPLETE Column stats: NONE
                        Select Operator
                          expressions: _col1 (type: string), _col5 (type: int)
                          outputColumnNames: _col1, _col5
                          Statistics: Num rows: 500 Data size: 5312 Basic stats: COMPLETE Column stats: NONE
                          Lateral View Join Operator
                            outputColumnNames: _col1, _col5, _col6
                            Statistics: Num rows: 1000 Data size: 10624 Basic stats: COMPLETE Column stats: NONE
                            Select Operator
                              expressions: _col1 (type: string), _col5 (type: int)
                              outputColumnNames: _col0, _col1
                              Statistics: Num rows: 1000 Data size: 10624 Basic stats: COMPLETE Column stats: NONE
                              File Output Operator
                                compressed: false
                                Statistics: Num rows: 1000 Data size: 10624 Basic stats: COMPLETE Column stats: NONE
                                table:
                                    input format: org.apache.hadoop.mapred.SequenceFileInputFormat
                                    output format: org.apache.hadoop.hive.ql.io.HiveSequenceFileOutputFormat
                                    serde: org.apache.hadoop.hive.serde2.lazy.LazySimpleSerDe
                        Select Operator
                          expressions: array(1,2,3) (type: array<int>)
                          outputColumnNames: _col0
                          Statistics: Num rows: 500 Data size: 5312 Basic stats: COMPLETE Column stats: NONE
                          UDTF Operator
                            Statistics: Num rows: 500 Data size: 5312 Basic stats: COMPLETE Column stats: NONE
                            function name: explode
                            Lateral View Join Operator
                              outputColumnNames: _col1, _col5, _col6
                              Statistics: Num rows: 1000 Data size: 10624 Basic stats: COMPLETE Column stats: NONE
                              Select Operator
                                expressions: _col1 (type: string), _col5 (type: int)
                                outputColumnNames: _col0, _col1
                                Statistics: Num rows: 1000 Data size: 10624 Basic stats: COMPLETE Column stats: NONE
                                File Output Operator
                                  compressed: false
                                  Statistics: Num rows: 1000 Data size: 10624 Basic stats: COMPLETE Column stats: NONE
                                  table:
                                      input format: org.apache.hadoop.mapred.SequenceFileInputFormat
                                      output format: org.apache.hadoop.hive.ql.io.HiveSequenceFileOutputFormat
                                      serde: org.apache.hadoop.hive.serde2.lazy.LazySimpleSerDe

  Stage: Stage-0
    Fetch Operator
      limit: -1
      Processor Tree:
        ListSink

PREHOOK: query: SELECT value, myCol FROM (SELECT * FROM src LATERAL VIEW explode(array(1,2,3)) myTable AS myCol LATERAL VIEW explode(array(1,2,3)) myTable2 AS myCol2) a WHERE key='0'
PREHOOK: type: QUERY
PREHOOK: Input: default@src
#### A masked pattern was here ####
POSTHOOK: query: SELECT value, myCol FROM (SELECT * FROM src LATERAL VIEW explode(array(1,2,3)) myTable AS myCol LATERAL VIEW explode(array(1,2,3)) myTable2 AS myCol2) a WHERE key='0'
POSTHOOK: type: QUERY
POSTHOOK: Input: default@src
#### A masked pattern was here ####
val_0	1
val_0	1
val_0	1
val_0	2
val_0	2
val_0	2
val_0	3
val_0	3
val_0	3
val_0	1
val_0	1
val_0	1
val_0	2
val_0	2
val_0	2
val_0	3
val_0	3
val_0	3
val_0	1
val_0	1
val_0	1
val_0	2
val_0	2
val_0	2
val_0	3
val_0	3
val_0	3
PREHOOK: query: EXPLAIN SELECT value, myCol FROM (SELECT * FROM src LATERAL VIEW explode(array(1,2,3)) myTable AS myCol WHERE myCol > 1) a WHERE key='0'
PREHOOK: type: QUERY
POSTHOOK: query: EXPLAIN SELECT value, myCol FROM (SELECT * FROM src LATERAL VIEW explode(array(1,2,3)) myTable AS myCol WHERE myCol > 1) a WHERE key='0'
POSTHOOK: type: QUERY
STAGE DEPENDENCIES:
  Stage-1 is a root stage
  Stage-0 depends on stages: Stage-1

STAGE PLANS:
  Stage: Stage-1
    Map Reduce
      Map Operator Tree:
          TableScan
            alias: src
            Statistics: Num rows: 500 Data size: 5312 Basic stats: COMPLETE Column stats: NONE
            Filter Operator
              predicate: (key = '0') (type: boolean)
              Statistics: Num rows: 250 Data size: 2656 Basic stats: COMPLETE Column stats: NONE
              Lateral View Forward
                Statistics: Num rows: 250 Data size: 2656 Basic stats: COMPLETE Column stats: NONE
                Select Operator
                  expressions: value (type: string)
                  outputColumnNames: value
                  Statistics: Num rows: 250 Data size: 2656 Basic stats: COMPLETE Column stats: NONE
                  Lateral View Join Operator
                    outputColumnNames: _col1, _col5
                    Statistics: Num rows: 333 Data size: 3537 Basic stats: COMPLETE Column stats: NONE
                    Select Operator
                      expressions: _col1 (type: string), _col5 (type: int)
                      outputColumnNames: _col0, _col1
                      Statistics: Num rows: 333 Data size: 3537 Basic stats: COMPLETE Column stats: NONE
                      File Output Operator
                        compressed: false
                        Statistics: Num rows: 333 Data size: 3537 Basic stats: COMPLETE Column stats: NONE
                        table:
                            input format: org.apache.hadoop.mapred.SequenceFileInputFormat
                            output format: org.apache.hadoop.hive.ql.io.HiveSequenceFileOutputFormat
                            serde: org.apache.hadoop.hive.serde2.lazy.LazySimpleSerDe
                Select Operator
                  expressions: array(1,2,3) (type: array<int>)
                  outputColumnNames: _col0
                  Statistics: Num rows: 250 Data size: 2656 Basic stats: COMPLETE Column stats: NONE
                  UDTF Operator
                    Statistics: Num rows: 250 Data size: 2656 Basic stats: COMPLETE Column stats: NONE
                    function name: explode
                    Filter Operator
                      predicate: (col > 1) (type: boolean)
                      Statistics: Num rows: 83 Data size: 881 Basic stats: COMPLETE Column stats: NONE
                      Lateral View Join Operator
                        outputColumnNames: _col1, _col5
                        Statistics: Num rows: 333 Data size: 3537 Basic stats: COMPLETE Column stats: NONE
                        Select Operator
                          expressions: _col1 (type: string), _col5 (type: int)
                          outputColumnNames: _col0, _col1
                          Statistics: Num rows: 333 Data size: 3537 Basic stats: COMPLETE Column stats: NONE
                          File Output Operator
                            compressed: false
                            Statistics: Num rows: 333 Data size: 3537 Basic stats: COMPLETE Column stats: NONE
                            table:
                                input format: org.apache.hadoop.mapred.SequenceFileInputFormat
                                output format: org.apache.hadoop.hive.ql.io.HiveSequenceFileOutputFormat
                                serde: org.apache.hadoop.hive.serde2.lazy.LazySimpleSerDe

  Stage: Stage-0
    Fetch Operator
      limit: -1
      Processor Tree:
        ListSink

PREHOOK: query: SELECT value, myCol FROM (SELECT * FROM src LATERAL VIEW explode(array(1,2,3)) myTable AS myCol WHERE myCol > 1) a WHERE key='0'
PREHOOK: type: QUERY
PREHOOK: Input: default@src
#### A masked pattern was here ####
POSTHOOK: query: SELECT value, myCol FROM (SELECT * FROM src LATERAL VIEW explode(array(1,2,3)) myTable AS myCol WHERE myCol > 1) a WHERE key='0'
POSTHOOK: type: QUERY
POSTHOOK: Input: default@src
#### A masked pattern was here ####
val_0	2
val_0	3
val_0	2
val_0	3
val_0	2
val_0	3
