PREHOOK: query: CREATE TEMPORARY FUNCTION explode2 AS 'org.apache.hadoop.hive.contrib.udtf.example.GenericUDTFExplode2'
PREHOOK: type: CREATEFUNCTION
PREHOOK: Output: explode2
POSTHOOK: query: CREATE TEMPORARY FUNCTION explode2 AS 'org.apache.hadoop.hive.contrib.udtf.example.GenericUDTFExplode2'
POSTHOOK: type: CREATEFUNCTION
POSTHOOK: Output: explode2
PREHOOK: query: EXPLAIN SELECT col1, col2 FROM src LATERAL VIEW explode2(array(1,2,3)) myTable AS col1, col2 group by col1, col2 LIMIT 3
PREHOOK: type: QUERY
POSTHOOK: query: EXPLAIN SELECT col1, col2 FROM src LATERAL VIEW explode2(array(1,2,3)) myTable AS col1, col2 group by col1, col2 LIMIT 3
POSTHOOK: type: QUERY
STAGE DEPENDENCIES:
  Stage-1 is a root stage
  Stage-0 depends on stages: Stage-1

STAGE PLANS:
  Stage: Stage-1
    Map Reduce
      Map Operator Tree:
          TableScan
            alias: src
            Statistics: Num rows: 500 Data size: 5312 Basic stats: COMPLETE Column stats: COMPLETE
            Lateral View Forward
              Statistics: Num rows: 500 Data size: 5312 Basic stats: COMPLETE Column stats: COMPLETE
              Select Operator
                Statistics: Num rows: 500 Data size: 0 Basic stats: PARTIAL Column stats: COMPLETE
                Lateral View Join Operator
                  outputColumnNames: _col5, _col6
                  Statistics: Num rows: 1000 Data size: 28000 Basic stats: COMPLETE Column stats: COMPLETE
                  Group By Operator
                    keys: _col5 (type: int), _col6 (type: int)
                    mode: hash
                    outputColumnNames: _col0, _col1
                    Statistics: Num rows: 1 Data size: 0 Basic stats: PARTIAL Column stats: COMPLETE
                    Reduce Output Operator
                      key expressions: _col0 (type: int), _col1 (type: int)
                      sort order: ++
                      Map-reduce partition columns: _col0 (type: int), _col1 (type: int)
                      Statistics: Num rows: 1 Data size: 0 Basic stats: PARTIAL Column stats: COMPLETE
              Select Operator
                expressions: array(1,2,3) (type: array<int>)
                outputColumnNames: _col0
                Statistics: Num rows: 500 Data size: 28000 Basic stats: COMPLETE Column stats: COMPLETE
                UDTF Operator
                  Statistics: Num rows: 500 Data size: 28000 Basic stats: COMPLETE Column stats: COMPLETE
                  function name: explode
                  Lateral View Join Operator
                    outputColumnNames: _col5, _col6
                    Statistics: Num rows: 1000 Data size: 28000 Basic stats: COMPLETE Column stats: COMPLETE
                    Group By Operator
                      keys: _col5 (type: int), _col6 (type: int)
                      mode: hash
                      outputColumnNames: _col0, _col1
                      Statistics: Num rows: 1 Data size: 0 Basic stats: PARTIAL Column stats: COMPLETE
                      Reduce Output Operator
                        key expressions: _col0 (type: int), _col1 (type: int)
                        sort order: ++
                        Map-reduce partition columns: _col0 (type: int), _col1 (type: int)
                        Statistics: Num rows: 1 Data size: 0 Basic stats: PARTIAL Column stats: COMPLETE
      Reduce Operator Tree:
        Group By Operator
          keys: KEY._col0 (type: int), KEY._col1 (type: int)
          mode: mergepartial
          outputColumnNames: _col0, _col1
          Statistics: Num rows: 1 Data size: 0 Basic stats: PARTIAL Column stats: COMPLETE
          Limit
            Number of rows: 3
            Statistics: Num rows: 1 Data size: 0 Basic stats: PARTIAL Column stats: COMPLETE
            File Output Operator
              compressed: false
              Statistics: Num rows: 1 Data size: 0 Basic stats: PARTIAL Column stats: COMPLETE
              table:
                  input format: org.apache.hadoop.mapred.TextInputFormat
                  output format: org.apache.hadoop.hive.ql.io.HiveIgnoreKeyTextOutputFormat
                  serde: org.apache.hadoop.hive.serde2.lazy.LazySimpleSerDe

  Stage: Stage-0
    Fetch Operator
      limit: 3
      Processor Tree:
        ListSink

PREHOOK: query: SELECT col1, col2 FROM src LATERAL VIEW explode2(array(1,2,3)) myTable AS col1, col2 group by col1, col2 LIMIT 3
PREHOOK: type: QUERY
PREHOOK: Input: default@src
#### A masked pattern was here ####
POSTHOOK: query: SELECT col1, col2 FROM src LATERAL VIEW explode2(array(1,2,3)) myTable AS col1, col2 group by col1, col2 LIMIT 3
POSTHOOK: type: QUERY
POSTHOOK: Input: default@src
#### A masked pattern was here ####
1	1
2	2
3	3
PREHOOK: query: DROP TEMPORARY FUNCTION explode2
PREHOOK: type: DROPFUNCTION
PREHOOK: Output: explode2
POSTHOOK: query: DROP TEMPORARY FUNCTION explode2
POSTHOOK: type: DROPFUNCTION
POSTHOOK: Output: explode2
