PREHOOK: query: EXPLAIN SELECT 100, 100Y, 100S, 100L FROM src LIMIT 1
PREHOOK: type: QUERY
PREHOOK: Input: default@src
#### A masked pattern was here ####
POSTHOOK: query: EXPLAIN SELECT 100, 100Y, 100S, 100L FROM src LIMIT 1
POSTHOOK: type: QUERY
POSTHOOK: Input: default@src
#### A masked pattern was here ####
STAGE DEPENDENCIES:
  Stage-0 is a root stage

STAGE PLANS:
  Stage: Stage-0
    Fetch Operator
      limit: 1
      Processor Tree:
        TableScan
          alias: src
          Statistics: Num rows: 500 Data size: 5312 Basic stats: COMPLETE Column stats: COMPLETE
          Select Operator
            expressions: 100 (type: int), 100Y (type: tinyint), 100S (type: smallint), 100L (type: bigint)
            outputColumnNames: _col0, _col1, _col2, _col3
            Statistics: Num rows: 500 Data size: 10000 Basic stats: COMPLETE Column stats: COMPLETE
            Limit
              Number of rows: 1
              Statistics: Num rows: 1 Data size: 20 Basic stats: COMPLETE Column stats: COMPLETE
              ListSink

PREHOOK: query: SELECT 100, 100Y, 100S, 100L FROM src LIMIT 1
PREHOOK: type: QUERY
PREHOOK: Input: default@src
#### A masked pattern was here ####
POSTHOOK: query: SELECT 100, 100Y, 100S, 100L FROM src LIMIT 1
POSTHOOK: type: QUERY
POSTHOOK: Input: default@src
#### A masked pattern was here ####
100	100	100	100
