PREHOOK: query: EXPLAIN SELECT 3.14, -3.14, 3.14e8, 3.14e-8, -3.14e8, -3.14e-8, 3.14e+8, 3.14E8, 3.14E-8 FROM src LIMIT 1
PREHOOK: type: QUERY
POSTHOOK: query: EXPLAIN SELECT 3.14, -3.14, 3.14e8, 3.14e-8, -3.14e8, -3.14e-8, 3.14e+8, 3.14E8, 3.14E-8 FROM src LIMIT 1
POSTHOOK: type: QUERY
STAGE DEPENDENCIES:
  Stage-0 is a root stage

STAGE PLANS:
  Stage: Stage-0
    Fetch Operator
      limit: 1
      Processor Tree:
        TableScan
          alias: src
          Statistics: Num rows: 500 Data size: 5312 Basic stats: COMPLETE Column stats: COMPLETE
          Select Operator
            expressions: 3.14 (type: decimal(3,2)), -3.14 (type: decimal(3,2)), 3.14E8D (type: double), 3.14E-8D (type: double), -3.14E8D (type: double), -3.14E-8D (type: double), 3.14E8D (type: double), 3.14E8D (type: double), 3.14E-8D (type: double)
            outputColumnNames: _col0, _col1, _col2, _col3, _col4, _col5, _col6, _col7, _col8
            Statistics: Num rows: 500 Data size: 140000 Basic stats: COMPLETE Column stats: COMPLETE
            Limit
              Number of rows: 1
              Statistics: Num rows: 1 Data size: 280 Basic stats: COMPLETE Column stats: COMPLETE
              ListSink

PREHOOK: query: SELECT 3.14, -3.14, 3.14e8, 3.14e-8, -3.14e8, -3.14e-8, 3.14e+8, 3.14E8, 3.14E-8 FROM src LIMIT 1
PREHOOK: type: QUERY
PREHOOK: Input: default@src
#### A masked pattern was here ####
POSTHOOK: query: SELECT 3.14, -3.14, 3.14e8, 3.14e-8, -3.14e8, -3.14e-8, 3.14e+8, 3.14E8, 3.14E-8 FROM src LIMIT 1
POSTHOOK: type: QUERY
POSTHOOK: Input: default@src
#### A masked pattern was here ####
3.14	-3.14	3.14E8	3.14E-8	-3.14E8	-3.14E-8	3.14E8	3.14E8	3.14E-8
