PREHOOK: query: EXPLAIN SELECT -1BD, 0BD, 1BD, 3.14BD, -3.14BD, 99999999999999999BD, 99999999999999999.9999999999999BD, 1E99BD FROM src LIMIT 1
PREHOOK: type: QUERY
PREHOOK: Input: default@src
#### A masked pattern was here ####
POSTHOOK: query: EXPLAIN SELECT -1BD, 0BD, 1BD, 3.14BD, -3.14BD, 99999999999999999BD, 99999999999999999.9999999999999BD, 1E99BD FROM src LIMIT 1
POSTHOOK: type: QUERY
POSTHOOK: Input: default@src
#### A masked pattern was here ####
STAGE DEPENDENCIES:
  Stage-0 is a root stage

STAGE PLANS:
  Stage: Stage-0
    Fetch Operator
      limit: 1
      Processor Tree:
        TableScan
          alias: src
          Statistics: Num rows: 500 Data size: 5312 Basic stats: COMPLETE Column stats: COMPLETE
          Select Operator
            expressions: -1 (type: decimal(1,0)), 0 (type: decimal(1,0)), 1 (type: decimal(1,0)), 3.14 (type: decimal(3,2)), -3.14 (type: decimal(3,2)), 99999999999999999 (type: decimal(17,0)), 99999999999999999.9999999999999 (type: decimal(30,13)), null (type: void)
            outputColumnNames: _col0, _col1, _col2, _col3, _col4, _col5, _col6, _col7
            Statistics: Num rows: 500 Data size: 392004 Basic stats: COMPLETE Column stats: COMPLETE
            Limit
              Number of rows: 1
              Statistics: Num rows: 1 Data size: 788 Basic stats: COMPLETE Column stats: COMPLETE
              ListSink

PREHOOK: query: SELECT -1BD, 0BD, 1BD, 3.14BD, -3.14BD, 99999999999999999BD, 99999999999999999.9999999999999BD, 1E99BD FROM src LIMIT 1
PREHOOK: type: QUERY
PREHOOK: Input: default@src
#### A masked pattern was here ####
POSTHOOK: query: SELECT -1BD, 0BD, 1BD, 3.14BD, -3.14BD, 99999999999999999BD, 99999999999999999.9999999999999BD, 1E99BD FROM src LIMIT 1
POSTHOOK: type: QUERY
POSTHOOK: Input: default@src
#### A masked pattern was here ####
-1	0	1	3.14	-3.14	99999999999999999	99999999999999999.9999999999999	NULL
