PREHOOK: query: create table src0 like src
PREHOOK: type: CREATETABLE
PREHOOK: Output: database:default
PREHOOK: Output: default@src0
POSTHOOK: query: create table src0 like src
POSTHOOK: type: CREATETABLE
POSTHOOK: Output: database:default
POSTHOOK: Output: default@src0
PREHOOK: query: insert into table src0 select * from src where src.key < 10
PREHOOK: type: QUERY
PREHOOK: Input: default@src
PREHOOK: Output: default@src0
POSTHOOK: query: insert into table src0 select * from src where src.key < 10
POSTHOOK: type: QUERY
POSTHOOK: Input: default@src
POSTHOOK: Output: default@src0
POSTHOOK: Lineage: src0.key SIMPLE [(src)src.FieldSchema(name:key, type:string, comment:default), ]
POSTHOOK: Lineage: src0.value SIMPLE [(src)src.FieldSchema(name:value, type:string, comment:default), ]
PREHOOK: query: explain 
select src1.key as k1, src1.value as v1, src2.key, src2.value
from src0 src1 inner join src0 src2 on src1.key = src2.key
PREHOOK: type: QUERY
POSTHOOK: query: explain 
select src1.key as k1, src1.value as v1, src2.key, src2.value
from src0 src1 inner join src0 src2 on src1.key = src2.key
POSTHOOK: type: QUERY
STAGE DEPENDENCIES:
  Stage-4 is a root stage
  Stage-3 depends on stages: Stage-4
  Stage-0 depends on stages: Stage-3

STAGE PLANS:
  Stage: Stage-4
    Map Reduce Local Work
      Alias -> Map Local Tables:
        $hdt$_0:src1 
          Fetch Operator
            limit: -1
      Alias -> Map Local Operator Tree:
        $hdt$_0:src1 
          TableScan
            alias: src1
            Statistics: Num rows: 10 Data size: 70 Basic stats: COMPLETE Column stats: NONE
            Filter Operator
              predicate: key is not null (type: boolean)
              Statistics: Num rows: 10 Data size: 70 Basic stats: COMPLETE Column stats: NONE
              Select Operator
                expressions: key (type: string), value (type: string)
                outputColumnNames: _col0, _col1
                Statistics: Num rows: 10 Data size: 70 Basic stats: COMPLETE Column stats: NONE
                HashTable Sink Operator
                  keys:
                    0 _col0 (type: string)
                    1 _col0 (type: string)

  Stage: Stage-3
    Map Reduce
      Map Operator Tree:
          TableScan
            alias: src2
            Statistics: Num rows: 10 Data size: 70 Basic stats: COMPLETE Column stats: NONE
            Filter Operator
              predicate: key is not null (type: boolean)
              Statistics: Num rows: 10 Data size: 70 Basic stats: COMPLETE Column stats: NONE
              Select Operator
                expressions: key (type: string), value (type: string)
                outputColumnNames: _col0, _col1
                Statistics: Num rows: 10 Data size: 70 Basic stats: COMPLETE Column stats: NONE
                Map Join Operator
                  condition map:
                       Inner Join 0 to 1
                  keys:
                    0 _col0 (type: string)
                    1 _col0 (type: string)
                  outputColumnNames: _col0, _col1, _col2, _col3
                  Statistics: Num rows: 11 Data size: 77 Basic stats: COMPLETE Column stats: NONE
                  File Output Operator
                    compressed: false
                    Statistics: Num rows: 11 Data size: 77 Basic stats: COMPLETE Column stats: NONE
                    table:
                        input format: org.apache.hadoop.mapred.SequenceFileInputFormat
                        output format: org.apache.hadoop.hive.ql.io.HiveSequenceFileOutputFormat
                        serde: org.apache.hadoop.hive.serde2.lazy.LazySimpleSerDe
      Local Work:
        Map Reduce Local Work

  Stage: Stage-0
    Fetch Operator
      limit: -1
      Processor Tree:
        ListSink

PREHOOK: query: select src1.key as k1, src1.value as v1, src2.key, src2.value
from src0 src1 inner join src0 src2 on src1.key = src2.key
PREHOOK: type: QUERY
PREHOOK: Input: default@src0
#### A masked pattern was here ####
POSTHOOK: query: select src1.key as k1, src1.value as v1, src2.key, src2.value
from src0 src1 inner join src0 src2 on src1.key = src2.key
POSTHOOK: type: QUERY
POSTHOOK: Input: default@src0
#### A masked pattern was here ####
0	val_0	0	val_0
0	val_0	0	val_0
0	val_0	0	val_0
0	val_0	0	val_0
0	val_0	0	val_0
0	val_0	0	val_0
0	val_0	0	val_0
0	val_0	0	val_0
0	val_0	0	val_0
2	val_2	2	val_2
4	val_4	4	val_4
5	val_5	5	val_5
5	val_5	5	val_5
5	val_5	5	val_5
5	val_5	5	val_5
5	val_5	5	val_5
5	val_5	5	val_5
5	val_5	5	val_5
5	val_5	5	val_5
5	val_5	5	val_5
8	val_8	8	val_8
9	val_9	9	val_9
PREHOOK: query: drop table src0
PREHOOK: type: DROPTABLE
PREHOOK: Input: default@src0
PREHOOK: Output: default@src0
POSTHOOK: query: drop table src0
POSTHOOK: type: DROPTABLE
POSTHOOK: Input: default@src0
POSTHOOK: Output: default@src0
