PREHOOK: query: -- SORT_QUERY_RESULTS
-- Since the inputs are small, it should be automatically converted to mapjoin

EXPLAIN
SELECT subq.key1, z.value
FROM
(SELECT x.key as key1, x.value as value1, y.key as key2, y.value as value2 
 FROM src1 x JOIN src y ON (x.key = y.key)) subq
 JOIN srcpart z ON (subq.key1 = z.key and z.ds='2008-04-08' and z.hr=11)
PREHOOK: type: QUERY
POSTHOOK: query: -- SORT_QUERY_RESULTS
-- Since the inputs are small, it should be automatically converted to mapjoin

EXPLAIN
SELECT subq.key1, z.value
FROM
(SELECT x.key as key1, x.value as value1, y.key as key2, y.value as value2 
 FROM src1 x JOIN src y ON (x.key = y.key)) subq
 JOIN srcpart z ON (subq.key1 = z.key and z.ds='2008-04-08' and z.hr=11)
POSTHOOK: type: QUERY
STAGE DEPENDENCIES:
  Stage-6 is a root stage
  Stage-4 depends on stages: Stage-6
  Stage-0 depends on stages: Stage-4

STAGE PLANS:
  Stage: Stage-6
    Map Reduce Local Work
      Alias -> Map Local Tables:
        $hdt$_0:z 
          Fetch Operator
            limit: -1
        $hdt$_1:$hdt$_2:x 
          Fetch Operator
            limit: -1
      Alias -> Map Local Operator Tree:
        $hdt$_0:z 
          TableScan
            alias: z
            Statistics: Num rows: 500 Data size: 5312 Basic stats: COMPLETE Column stats: NONE
            Filter Operator
              predicate: ((11.0 = 11.0) and key is not null) (type: boolean)
              Statistics: Num rows: 250 Data size: 2656 Basic stats: COMPLETE Column stats: NONE
              Select Operator
                expressions: key (type: string), value (type: string)
                outputColumnNames: _col0, _col1
                Statistics: Num rows: 250 Data size: 2656 Basic stats: COMPLETE Column stats: NONE
                HashTable Sink Operator
                  keys:
                    0 _col0 (type: string)
                    1 _col0 (type: string)
        $hdt$_1:$hdt$_2:x 
          TableScan
            alias: x
            Statistics: Num rows: 25 Data size: 191 Basic stats: COMPLETE Column stats: NONE
            Filter Operator
              predicate: key is not null (type: boolean)
              Statistics: Num rows: 13 Data size: 99 Basic stats: COMPLETE Column stats: NONE
              Select Operator
                expressions: key (type: string)
                outputColumnNames: _col0
                Statistics: Num rows: 13 Data size: 99 Basic stats: COMPLETE Column stats: NONE
                HashTable Sink Operator
                  keys:
                    0 _col0 (type: string)
                    1 _col0 (type: string)

  Stage: Stage-4
    Map Reduce
      Map Operator Tree:
          TableScan
            alias: y
            Statistics: Num rows: 500 Data size: 5312 Basic stats: COMPLETE Column stats: NONE
            Filter Operator
              predicate: key is not null (type: boolean)
              Statistics: Num rows: 250 Data size: 2656 Basic stats: COMPLETE Column stats: NONE
              Select Operator
                expressions: key (type: string)
                outputColumnNames: _col0
                Statistics: Num rows: 250 Data size: 2656 Basic stats: COMPLETE Column stats: NONE
                Map Join Operator
                  condition map:
                       Inner Join 0 to 1
                  keys:
                    0 _col0 (type: string)
                    1 _col0 (type: string)
                  outputColumnNames: _col1
                  Statistics: Num rows: 275 Data size: 2921 Basic stats: COMPLETE Column stats: NONE
                  Select Operator
                    expressions: _col1 (type: string)
                    outputColumnNames: _col0
                    Statistics: Num rows: 275 Data size: 2921 Basic stats: COMPLETE Column stats: NONE
                    Map Join Operator
                      condition map:
                           Inner Join 0 to 1
                      keys:
                        0 _col0 (type: string)
                        1 _col0 (type: string)
                      outputColumnNames: _col1, _col4
                      Statistics: Num rows: 302 Data size: 3213 Basic stats: COMPLETE Column stats: NONE
                      Select Operator
                        expressions: _col4 (type: string), _col1 (type: string)
                        outputColumnNames: _col0, _col1
                        Statistics: Num rows: 302 Data size: 3213 Basic stats: COMPLETE Column stats: NONE
                        File Output Operator
                          compressed: false
                          Statistics: Num rows: 302 Data size: 3213 Basic stats: COMPLETE Column stats: NONE
                          table:
                              input format: org.apache.hadoop.mapred.TextInputFormat
                              output format: org.apache.hadoop.hive.ql.io.HiveIgnoreKeyTextOutputFormat
                              serde: org.apache.hadoop.hive.serde2.lazy.LazySimpleSerDe
      Local Work:
        Map Reduce Local Work

  Stage: Stage-0
    Fetch Operator
      limit: -1
      Processor Tree:
        ListSink

PREHOOK: query: SELECT subq.key1, z.value
FROM
(SELECT x.key as key1, x.value as value1, y.key as key2, y.value as value2 
 FROM src1 x JOIN src y ON (x.key = y.key)) subq
 JOIN srcpart z ON (subq.key1 = z.key and z.ds='2008-04-08' and z.hr=11)
PREHOOK: type: QUERY
PREHOOK: Input: default@src
PREHOOK: Input: default@src1
PREHOOK: Input: default@srcpart
PREHOOK: Input: default@srcpart@ds=2008-04-08/hr=11
#### A masked pattern was here ####
POSTHOOK: query: SELECT subq.key1, z.value
FROM
(SELECT x.key as key1, x.value as value1, y.key as key2, y.value as value2 
 FROM src1 x JOIN src y ON (x.key = y.key)) subq
 JOIN srcpart z ON (subq.key1 = z.key and z.ds='2008-04-08' and z.hr=11)
POSTHOOK: type: QUERY
POSTHOOK: Input: default@src
POSTHOOK: Input: default@src1
POSTHOOK: Input: default@srcpart
POSTHOOK: Input: default@srcpart@ds=2008-04-08/hr=11
#### A masked pattern was here ####
128	val_128
128	val_128
128	val_128
128	val_128
128	val_128
128	val_128
128	val_128
128	val_128
128	val_128
146	val_146
146	val_146
146	val_146
146	val_146
150	val_150
213	val_213
213	val_213
213	val_213
213	val_213
224	val_224
224	val_224
224	val_224
224	val_224
238	val_238
238	val_238
238	val_238
238	val_238
255	val_255
255	val_255
255	val_255
255	val_255
273	val_273
273	val_273
273	val_273
273	val_273
273	val_273
273	val_273
273	val_273
273	val_273
273	val_273
278	val_278
278	val_278
278	val_278
278	val_278
311	val_311
311	val_311
311	val_311
311	val_311
311	val_311
311	val_311
311	val_311
311	val_311
311	val_311
369	val_369
369	val_369
369	val_369
369	val_369
369	val_369
369	val_369
369	val_369
369	val_369
369	val_369
401	val_401
401	val_401
401	val_401
401	val_401
401	val_401
401	val_401
401	val_401
401	val_401
401	val_401
401	val_401
401	val_401
401	val_401
401	val_401
401	val_401
401	val_401
401	val_401
401	val_401
401	val_401
401	val_401
401	val_401
401	val_401
401	val_401
401	val_401
401	val_401
401	val_401
406	val_406
406	val_406
406	val_406
406	val_406
406	val_406
406	val_406
406	val_406
406	val_406
406	val_406
406	val_406
406	val_406
406	val_406
406	val_406
406	val_406
406	val_406
406	val_406
66	val_66
98	val_98
98	val_98
98	val_98
98	val_98
PREHOOK: query: EXPLAIN 
SELECT subq.key1, z.value
FROM
(SELECT x.key as key1, x.value as value1, y.key as key2, y.value as value2 
 FROM src1 x JOIN src y ON (x.key = y.key)) subq
 JOIN srcpart z ON (subq.key1 = z.key and z.ds='2008-04-08' and z.hr=11)
PREHOOK: type: QUERY
POSTHOOK: query: EXPLAIN 
SELECT subq.key1, z.value
FROM
(SELECT x.key as key1, x.value as value1, y.key as key2, y.value as value2 
 FROM src1 x JOIN src y ON (x.key = y.key)) subq
 JOIN srcpart z ON (subq.key1 = z.key and z.ds='2008-04-08' and z.hr=11)
POSTHOOK: type: QUERY
STAGE DEPENDENCIES:
  Stage-6 is a root stage
  Stage-4 depends on stages: Stage-6
  Stage-0 depends on stages: Stage-4

STAGE PLANS:
  Stage: Stage-6
    Map Reduce Local Work
      Alias -> Map Local Tables:
        $hdt$_0:z 
          Fetch Operator
            limit: -1
        $hdt$_1:$hdt$_2:x 
          Fetch Operator
            limit: -1
      Alias -> Map Local Operator Tree:
        $hdt$_0:z 
          TableScan
            alias: z
            Statistics: Num rows: 500 Data size: 5312 Basic stats: COMPLETE Column stats: NONE
            Filter Operator
              predicate: ((11.0 = 11.0) and key is not null) (type: boolean)
              Statistics: Num rows: 250 Data size: 2656 Basic stats: COMPLETE Column stats: NONE
              Select Operator
                expressions: key (type: string), value (type: string)
                outputColumnNames: _col0, _col1
                Statistics: Num rows: 250 Data size: 2656 Basic stats: COMPLETE Column stats: NONE
                HashTable Sink Operator
                  keys:
                    0 _col0 (type: string)
                    1 _col0 (type: string)
        $hdt$_1:$hdt$_2:x 
          TableScan
            alias: x
            Statistics: Num rows: 25 Data size: 191 Basic stats: COMPLETE Column stats: NONE
            Filter Operator
              predicate: key is not null (type: boolean)
              Statistics: Num rows: 13 Data size: 99 Basic stats: COMPLETE Column stats: NONE
              Select Operator
                expressions: key (type: string)
                outputColumnNames: _col0
                Statistics: Num rows: 13 Data size: 99 Basic stats: COMPLETE Column stats: NONE
                HashTable Sink Operator
                  keys:
                    0 _col0 (type: string)
                    1 _col0 (type: string)

  Stage: Stage-4
    Map Reduce
      Map Operator Tree:
          TableScan
            alias: y
            Statistics: Num rows: 500 Data size: 5312 Basic stats: COMPLETE Column stats: NONE
            Filter Operator
              predicate: key is not null (type: boolean)
              Statistics: Num rows: 250 Data size: 2656 Basic stats: COMPLETE Column stats: NONE
              Select Operator
                expressions: key (type: string)
                outputColumnNames: _col0
                Statistics: Num rows: 250 Data size: 2656 Basic stats: COMPLETE Column stats: NONE
                Map Join Operator
                  condition map:
                       Inner Join 0 to 1
                  keys:
                    0 _col0 (type: string)
                    1 _col0 (type: string)
                  outputColumnNames: _col1
                  Statistics: Num rows: 275 Data size: 2921 Basic stats: COMPLETE Column stats: NONE
                  Select Operator
                    expressions: _col1 (type: string)
                    outputColumnNames: _col0
                    Statistics: Num rows: 275 Data size: 2921 Basic stats: COMPLETE Column stats: NONE
                    Map Join Operator
                      condition map:
                           Inner Join 0 to 1
                      keys:
                        0 _col0 (type: string)
                        1 _col0 (type: string)
                      outputColumnNames: _col1, _col4
                      Statistics: Num rows: 302 Data size: 3213 Basic stats: COMPLETE Column stats: NONE
                      Select Operator
                        expressions: _col4 (type: string), _col1 (type: string)
                        outputColumnNames: _col0, _col1
                        Statistics: Num rows: 302 Data size: 3213 Basic stats: COMPLETE Column stats: NONE
                        File Output Operator
                          compressed: false
                          Statistics: Num rows: 302 Data size: 3213 Basic stats: COMPLETE Column stats: NONE
                          table:
                              input format: org.apache.hadoop.mapred.TextInputFormat
                              output format: org.apache.hadoop.hive.ql.io.HiveIgnoreKeyTextOutputFormat
                              serde: org.apache.hadoop.hive.serde2.lazy.LazySimpleSerDe
      Local Work:
        Map Reduce Local Work

  Stage: Stage-0
    Fetch Operator
      limit: -1
      Processor Tree:
        ListSink

PREHOOK: query: SELECT subq.key1, z.value
FROM
(SELECT x.key as key1, x.value as value1, y.key as key2, y.value as value2  
 FROM src1 x JOIN src y ON (x.key = y.key)) subq 
 JOIN srcpart z ON (subq.key1 = z.key and z.ds='2008-04-08' and z.hr=11)
PREHOOK: type: QUERY
PREHOOK: Input: default@src
PREHOOK: Input: default@src1
PREHOOK: Input: default@srcpart
PREHOOK: Input: default@srcpart@ds=2008-04-08/hr=11
#### A masked pattern was here ####
POSTHOOK: query: SELECT subq.key1, z.value
FROM
(SELECT x.key as key1, x.value as value1, y.key as key2, y.value as value2  
 FROM src1 x JOIN src y ON (x.key = y.key)) subq 
 JOIN srcpart z ON (subq.key1 = z.key and z.ds='2008-04-08' and z.hr=11)
POSTHOOK: type: QUERY
POSTHOOK: Input: default@src
POSTHOOK: Input: default@src1
POSTHOOK: Input: default@srcpart
POSTHOOK: Input: default@srcpart@ds=2008-04-08/hr=11
#### A masked pattern was here ####
128	val_128
128	val_128
128	val_128
128	val_128
128	val_128
128	val_128
128	val_128
128	val_128
128	val_128
146	val_146
146	val_146
146	val_146
146	val_146
150	val_150
213	val_213
213	val_213
213	val_213
213	val_213
224	val_224
224	val_224
224	val_224
224	val_224
238	val_238
238	val_238
238	val_238
238	val_238
255	val_255
255	val_255
255	val_255
255	val_255
273	val_273
273	val_273
273	val_273
273	val_273
273	val_273
273	val_273
273	val_273
273	val_273
273	val_273
278	val_278
278	val_278
278	val_278
278	val_278
311	val_311
311	val_311
311	val_311
311	val_311
311	val_311
311	val_311
311	val_311
311	val_311
311	val_311
369	val_369
369	val_369
369	val_369
369	val_369
369	val_369
369	val_369
369	val_369
369	val_369
369	val_369
401	val_401
401	val_401
401	val_401
401	val_401
401	val_401
401	val_401
401	val_401
401	val_401
401	val_401
401	val_401
401	val_401
401	val_401
401	val_401
401	val_401
401	val_401
401	val_401
401	val_401
401	val_401
401	val_401
401	val_401
401	val_401
401	val_401
401	val_401
401	val_401
401	val_401
406	val_406
406	val_406
406	val_406
406	val_406
406	val_406
406	val_406
406	val_406
406	val_406
406	val_406
406	val_406
406	val_406
406	val_406
406	val_406
406	val_406
406	val_406
406	val_406
66	val_66
98	val_98
98	val_98
98	val_98
98	val_98
