PREHOOK: query: SELECT  /*+ MAPJOIN(b) */ sum(a.key) as sum_a
    FROM srcpart a
    JOIN src b ON a.key = b.key where a.ds is not null
PREHOOK: type: QUERY
PREHOOK: Input: default@src
PREHOOK: Input: default@srcpart
PREHOOK: Input: default@srcpart@ds=2008-04-08/hr=11
PREHOOK: Input: default@srcpart@ds=2008-04-08/hr=12
PREHOOK: Input: default@srcpart@ds=2008-04-09/hr=11
PREHOOK: Input: default@srcpart@ds=2008-04-09/hr=12
#### A masked pattern was here ####
POSTHOOK: query: SELECT  /*+ MAPJOIN(b) */ sum(a.key) as sum_a
    FROM srcpart a
    JOIN src b ON a.key = b.key where a.ds is not null
POSTHOOK: type: QUERY
POSTHOOK: Input: default@src
POSTHOOK: Input: default@srcpart
POSTHOOK: Input: default@srcpart@ds=2008-04-08/hr=11
POSTHOOK: Input: default@srcpart@ds=2008-04-08/hr=12
POSTHOOK: Input: default@srcpart@ds=2008-04-09/hr=11
POSTHOOK: Input: default@srcpart@ds=2008-04-09/hr=12
#### A masked pattern was here ####
1114788.0
PREHOOK: query: EXPLAIN
SELECT /*+ MAPJOIN(a) */ * FROM src a RIGHT OUTER JOIN src b on a.key=b.key AND true limit 10
PREHOOK: type: QUERY
PREHOOK: Input: default@src
#### A masked pattern was here ####
POSTHOOK: query: EXPLAIN
SELECT /*+ MAPJOIN(a) */ * FROM src a RIGHT OUTER JOIN src b on a.key=b.key AND true limit 10
POSTHOOK: type: QUERY
POSTHOOK: Input: default@src
#### A masked pattern was here ####
STAGE DEPENDENCIES:
  Stage-4 is a root stage
  Stage-3 depends on stages: Stage-4
  Stage-0 depends on stages: Stage-3

STAGE PLANS:
  Stage: Stage-4
    Map Reduce Local Work
      Alias -> Map Local Tables:
        $hdt$_0:a 
          Fetch Operator
            limit: -1
      Alias -> Map Local Operator Tree:
        $hdt$_0:a 
          TableScan
            alias: a
            filterExpr: key is not null (type: boolean)
            Statistics: Num rows: 500 Data size: 89000 Basic stats: COMPLETE Column stats: COMPLETE
            Filter Operator
              predicate: key is not null (type: boolean)
              Statistics: Num rows: 500 Data size: 89000 Basic stats: COMPLETE Column stats: COMPLETE
              Select Operator
                expressions: key (type: string), value (type: string)
                outputColumnNames: _col0, _col1
                Statistics: Num rows: 500 Data size: 89000 Basic stats: COMPLETE Column stats: COMPLETE
                HashTable Sink Operator
                  keys:
                    0 _col0 (type: string)
                    1 _col0 (type: string)

  Stage: Stage-3
    Map Reduce
      Map Operator Tree:
          TableScan
            alias: b
            Statistics: Num rows: 500 Data size: 89000 Basic stats: COMPLETE Column stats: COMPLETE
            Select Operator
              expressions: key (type: string), value (type: string)
              outputColumnNames: _col0, _col1
              Statistics: Num rows: 500 Data size: 89000 Basic stats: COMPLETE Column stats: COMPLETE
              Map Join Operator
                condition map:
                     Right Outer Join 0 to 1
                keys:
                  0 _col0 (type: string)
                  1 _col0 (type: string)
                outputColumnNames: _col0, _col1, _col2, _col3
                Statistics: Num rows: 791 Data size: 281596 Basic stats: COMPLETE Column stats: COMPLETE
                Limit
                  Number of rows: 10
                  Statistics: Num rows: 10 Data size: 3560 Basic stats: COMPLETE Column stats: COMPLETE
                  File Output Operator
                    compressed: false
                    Statistics: Num rows: 10 Data size: 3560 Basic stats: COMPLETE Column stats: COMPLETE
                    table:
                        input format: org.apache.hadoop.mapred.SequenceFileInputFormat
                        output format: org.apache.hadoop.hive.ql.io.HiveSequenceFileOutputFormat
                        serde: org.apache.hadoop.hive.serde2.lazy.LazySimpleSerDe
      Local Work:
        Map Reduce Local Work

  Stage: Stage-0
    Fetch Operator
      limit: 10
      Processor Tree:
        ListSink

PREHOOK: query: SELECT /*+ MAPJOIN(a) */ * FROM src a RIGHT OUTER JOIN src b on a.key=b.key AND true limit 10
PREHOOK: type: QUERY
PREHOOK: Input: default@src
#### A masked pattern was here ####
POSTHOOK: query: SELECT /*+ MAPJOIN(a) */ * FROM src a RIGHT OUTER JOIN src b on a.key=b.key AND true limit 10
POSTHOOK: type: QUERY
POSTHOOK: Input: default@src
#### A masked pattern was here ####
238	val_238	238	val_238
238	val_238	238	val_238
86	val_86	86	val_86
311	val_311	311	val_311
311	val_311	311	val_311
311	val_311	311	val_311
27	val_27	27	val_27
165	val_165	165	val_165
165	val_165	165	val_165
409	val_409	409	val_409
PREHOOK: query: EXPLAIN
SELECT /*+ MAPJOIN(a) */ * FROM src a RIGHT OUTER JOIN src b on a.key=b.key AND b.key * 10 < '1000' limit 10
PREHOOK: type: QUERY
PREHOOK: Input: default@src
#### A masked pattern was here ####
POSTHOOK: query: EXPLAIN
SELECT /*+ MAPJOIN(a) */ * FROM src a RIGHT OUTER JOIN src b on a.key=b.key AND b.key * 10 < '1000' limit 10
POSTHOOK: type: QUERY
POSTHOOK: Input: default@src
#### A masked pattern was here ####
STAGE DEPENDENCIES:
  Stage-4 is a root stage
  Stage-3 depends on stages: Stage-4
  Stage-0 depends on stages: Stage-3

STAGE PLANS:
  Stage: Stage-4
    Map Reduce Local Work
      Alias -> Map Local Tables:
        $hdt$_0:a 
          Fetch Operator
            limit: -1
      Alias -> Map Local Operator Tree:
        $hdt$_0:a 
          TableScan
            alias: a
            filterExpr: key is not null (type: boolean)
            Statistics: Num rows: 500 Data size: 89000 Basic stats: COMPLETE Column stats: COMPLETE
            Filter Operator
              predicate: key is not null (type: boolean)
              Statistics: Num rows: 500 Data size: 89000 Basic stats: COMPLETE Column stats: COMPLETE
              Select Operator
                expressions: key (type: string), value (type: string)
                outputColumnNames: _col0, _col1
                Statistics: Num rows: 500 Data size: 89000 Basic stats: COMPLETE Column stats: COMPLETE
                HashTable Sink Operator
                  filter predicates:
                    0 
                    1 {_col2}
                  keys:
                    0 _col0 (type: string)
                    1 _col0 (type: string)

  Stage: Stage-3
    Map Reduce
      Map Operator Tree:
          TableScan
            alias: b
            Statistics: Num rows: 500 Data size: 89000 Basic stats: COMPLETE Column stats: COMPLETE
            Select Operator
              expressions: key (type: string), value (type: string), ((UDFToDouble(key) * 10.0D) < 1000.0D) (type: boolean)
              outputColumnNames: _col0, _col1, _col2
              Statistics: Num rows: 500 Data size: 91000 Basic stats: COMPLETE Column stats: COMPLETE
              Map Join Operator
                condition map:
                     Right Outer Join 0 to 1
                filter predicates:
                  0 
                  1 {_col2}
                keys:
                  0 _col0 (type: string)
                  1 _col0 (type: string)
                outputColumnNames: _col0, _col1, _col2, _col3
                Statistics: Num rows: 791 Data size: 281596 Basic stats: COMPLETE Column stats: COMPLETE
                Limit
                  Number of rows: 10
                  Statistics: Num rows: 10 Data size: 3560 Basic stats: COMPLETE Column stats: COMPLETE
                  File Output Operator
                    compressed: false
                    Statistics: Num rows: 10 Data size: 3560 Basic stats: COMPLETE Column stats: COMPLETE
                    table:
                        input format: org.apache.hadoop.mapred.SequenceFileInputFormat
                        output format: org.apache.hadoop.hive.ql.io.HiveSequenceFileOutputFormat
                        serde: org.apache.hadoop.hive.serde2.lazy.LazySimpleSerDe
      Local Work:
        Map Reduce Local Work

  Stage: Stage-0
    Fetch Operator
      limit: 10
      Processor Tree:
        ListSink

PREHOOK: query: SELECT /*+ MAPJOIN(a) */ * FROM src a RIGHT OUTER JOIN src b on a.key=b.key AND b.key * 10 < '1000' limit 10
PREHOOK: type: QUERY
PREHOOK: Input: default@src
#### A masked pattern was here ####
POSTHOOK: query: SELECT /*+ MAPJOIN(a) */ * FROM src a RIGHT OUTER JOIN src b on a.key=b.key AND b.key * 10 < '1000' limit 10
POSTHOOK: type: QUERY
POSTHOOK: Input: default@src
#### A masked pattern was here ####
NULL	NULL	238	val_238
86	val_86	86	val_86
NULL	NULL	311	val_311
27	val_27	27	val_27
NULL	NULL	165	val_165
NULL	NULL	409	val_409
NULL	NULL	255	val_255
NULL	NULL	278	val_278
98	val_98	98	val_98
98	val_98	98	val_98
PREHOOK: query: EXPLAIN
SELECT /*+ MAPJOIN(a) */ * FROM src a RIGHT OUTER JOIN
    (select key, named_struct('key', key, 'value', value) as kv from src) b on a.key=b.key AND b.kv.key > 200 limit 10
PREHOOK: type: QUERY
PREHOOK: Input: default@src
#### A masked pattern was here ####
POSTHOOK: query: EXPLAIN
SELECT /*+ MAPJOIN(a) */ * FROM src a RIGHT OUTER JOIN
    (select key, named_struct('key', key, 'value', value) as kv from src) b on a.key=b.key AND b.kv.key > 200 limit 10
POSTHOOK: type: QUERY
POSTHOOK: Input: default@src
#### A masked pattern was here ####
STAGE DEPENDENCIES:
  Stage-4 is a root stage
  Stage-3 depends on stages: Stage-4
  Stage-0 depends on stages: Stage-3

STAGE PLANS:
  Stage: Stage-4
    Map Reduce Local Work
      Alias -> Map Local Tables:
        $hdt$_0:a 
          Fetch Operator
            limit: -1
      Alias -> Map Local Operator Tree:
        $hdt$_0:a 
          TableScan
            alias: a
            filterExpr: key is not null (type: boolean)
            Statistics: Num rows: 500 Data size: 89000 Basic stats: COMPLETE Column stats: COMPLETE
            Filter Operator
              predicate: key is not null (type: boolean)
              Statistics: Num rows: 500 Data size: 89000 Basic stats: COMPLETE Column stats: COMPLETE
              Select Operator
                expressions: key (type: string), value (type: string)
                outputColumnNames: _col0, _col1
                Statistics: Num rows: 500 Data size: 89000 Basic stats: COMPLETE Column stats: COMPLETE
                HashTable Sink Operator
                  filter predicates:
                    0 
                    1 {_col2}
                  keys:
                    0 _col0 (type: string)
                    1 _col0 (type: string)

  Stage: Stage-3
    Map Reduce
      Map Operator Tree:
          TableScan
            alias: src
            Statistics: Num rows: 500 Data size: 89000 Basic stats: COMPLETE Column stats: COMPLETE
            Select Operator
              expressions: key (type: string), named_struct('key',key,'value',value) (type: struct<key:string,value:string>), (UDFToDouble(named_struct('key',key,'value',value).key) > 200.0D) (type: boolean)
              outputColumnNames: _col0, _col1, _col2
              Statistics: Num rows: 500 Data size: 253500 Basic stats: COMPLETE Column stats: COMPLETE
              Map Join Operator
                condition map:
                     Right Outer Join 0 to 1
                filter predicates:
                  0 
                  1 {_col2}
                keys:
                  0 _col0 (type: string)
                  1 _col0 (type: string)
                outputColumnNames: _col0, _col1, _col2, _col3
                Statistics: Num rows: 791 Data size: 538671 Basic stats: COMPLETE Column stats: COMPLETE
                Limit
                  Number of rows: 10
                  Statistics: Num rows: 10 Data size: 6810 Basic stats: COMPLETE Column stats: COMPLETE
                  File Output Operator
                    compressed: false
                    Statistics: Num rows: 10 Data size: 6810 Basic stats: COMPLETE Column stats: COMPLETE
                    table:
                        input format: org.apache.hadoop.mapred.SequenceFileInputFormat
                        output format: org.apache.hadoop.hive.ql.io.HiveSequenceFileOutputFormat
                        serde: org.apache.hadoop.hive.serde2.lazy.LazySimpleSerDe
      Local Work:
        Map Reduce Local Work

  Stage: Stage-0
    Fetch Operator
      limit: 10
      Processor Tree:
        ListSink

PREHOOK: query: SELECT /*+ MAPJOIN(a) */ * FROM src a RIGHT OUTER JOIN
    (select key, named_struct('key', key, 'value', value) as kv from src) b on a.key=b.key AND b.kv.key > 200 limit 10
PREHOOK: type: QUERY
PREHOOK: Input: default@src
#### A masked pattern was here ####
POSTHOOK: query: SELECT /*+ MAPJOIN(a) */ * FROM src a RIGHT OUTER JOIN
    (select key, named_struct('key', key, 'value', value) as kv from src) b on a.key=b.key AND b.kv.key > 200 limit 10
POSTHOOK: type: QUERY
POSTHOOK: Input: default@src
#### A masked pattern was here ####
238	val_238	238	{"key":"238","value":"val_238"}
238	val_238	238	{"key":"238","value":"val_238"}
NULL	NULL	86	{"key":"86","value":"val_86"}
311	val_311	311	{"key":"311","value":"val_311"}
311	val_311	311	{"key":"311","value":"val_311"}
311	val_311	311	{"key":"311","value":"val_311"}
NULL	NULL	27	{"key":"27","value":"val_27"}
NULL	NULL	165	{"key":"165","value":"val_165"}
409	val_409	409	{"key":"409","value":"val_409"}
409	val_409	409	{"key":"409","value":"val_409"}
PREHOOK: query: EXPLAIN
SELECT /*+ MAPJOIN(a) */ * FROM src a RIGHT OUTER JOIN src b on a.key=b.key AND true limit 10
PREHOOK: type: QUERY
PREHOOK: Input: default@src
#### A masked pattern was here ####
POSTHOOK: query: EXPLAIN
SELECT /*+ MAPJOIN(a) */ * FROM src a RIGHT OUTER JOIN src b on a.key=b.key AND true limit 10
POSTHOOK: type: QUERY
POSTHOOK: Input: default@src
#### A masked pattern was here ####
STAGE DEPENDENCIES:
  Stage-4 is a root stage
  Stage-3 depends on stages: Stage-4
  Stage-0 depends on stages: Stage-3

STAGE PLANS:
  Stage: Stage-4
    Map Reduce Local Work
      Alias -> Map Local Tables:
        $hdt$_0:a 
          Fetch Operator
            limit: -1
      Alias -> Map Local Operator Tree:
        $hdt$_0:a 
          TableScan
            alias: a
            filterExpr: key is not null (type: boolean)
            Statistics: Num rows: 500 Data size: 89000 Basic stats: COMPLETE Column stats: COMPLETE
            Filter Operator
              predicate: key is not null (type: boolean)
              Statistics: Num rows: 500 Data size: 89000 Basic stats: COMPLETE Column stats: COMPLETE
              Select Operator
                expressions: key (type: string), value (type: string)
                outputColumnNames: _col0, _col1
                Statistics: Num rows: 500 Data size: 89000 Basic stats: COMPLETE Column stats: COMPLETE
                HashTable Sink Operator
                  keys:
                    0 _col0 (type: string)
                    1 _col0 (type: string)

  Stage: Stage-3
    Map Reduce
      Map Operator Tree:
          TableScan
            alias: b
            Statistics: Num rows: 500 Data size: 89000 Basic stats: COMPLETE Column stats: COMPLETE
            Select Operator
              expressions: key (type: string), value (type: string)
              outputColumnNames: _col0, _col1
              Statistics: Num rows: 500 Data size: 89000 Basic stats: COMPLETE Column stats: COMPLETE
              Map Join Operator
                condition map:
                     Right Outer Join 0 to 1
                keys:
                  0 _col0 (type: string)
                  1 _col0 (type: string)
                outputColumnNames: _col0, _col1, _col2, _col3
                Statistics: Num rows: 791 Data size: 281596 Basic stats: COMPLETE Column stats: COMPLETE
                Limit
                  Number of rows: 10
                  Statistics: Num rows: 10 Data size: 3560 Basic stats: COMPLETE Column stats: COMPLETE
                  File Output Operator
                    compressed: false
                    Statistics: Num rows: 10 Data size: 3560 Basic stats: COMPLETE Column stats: COMPLETE
                    table:
                        input format: org.apache.hadoop.mapred.SequenceFileInputFormat
                        output format: org.apache.hadoop.hive.ql.io.HiveSequenceFileOutputFormat
                        serde: org.apache.hadoop.hive.serde2.lazy.LazySimpleSerDe
      Local Work:
        Map Reduce Local Work

  Stage: Stage-0
    Fetch Operator
      limit: 10
      Processor Tree:
        ListSink

PREHOOK: query: SELECT /*+ MAPJOIN(a) */ * FROM src a RIGHT OUTER JOIN src b on a.key=b.key AND true limit 10
PREHOOK: type: QUERY
PREHOOK: Input: default@src
#### A masked pattern was here ####
POSTHOOK: query: SELECT /*+ MAPJOIN(a) */ * FROM src a RIGHT OUTER JOIN src b on a.key=b.key AND true limit 10
POSTHOOK: type: QUERY
POSTHOOK: Input: default@src
#### A masked pattern was here ####
238	val_238	238	val_238
238	val_238	238	val_238
86	val_86	86	val_86
311	val_311	311	val_311
311	val_311	311	val_311
311	val_311	311	val_311
27	val_27	27	val_27
165	val_165	165	val_165
165	val_165	165	val_165
409	val_409	409	val_409
PREHOOK: query: EXPLAIN
SELECT /*+ MAPJOIN(a) */ * FROM src a RIGHT OUTER JOIN src b on a.key=b.key AND b.key * 10 < '1000' limit 10
PREHOOK: type: QUERY
PREHOOK: Input: default@src
#### A masked pattern was here ####
POSTHOOK: query: EXPLAIN
SELECT /*+ MAPJOIN(a) */ * FROM src a RIGHT OUTER JOIN src b on a.key=b.key AND b.key * 10 < '1000' limit 10
POSTHOOK: type: QUERY
POSTHOOK: Input: default@src
#### A masked pattern was here ####
STAGE DEPENDENCIES:
  Stage-4 is a root stage
  Stage-3 depends on stages: Stage-4
  Stage-0 depends on stages: Stage-3

STAGE PLANS:
  Stage: Stage-4
    Map Reduce Local Work
      Alias -> Map Local Tables:
        $hdt$_0:a 
          Fetch Operator
            limit: -1
      Alias -> Map Local Operator Tree:
        $hdt$_0:a 
          TableScan
            alias: a
            filterExpr: key is not null (type: boolean)
            Statistics: Num rows: 500 Data size: 89000 Basic stats: COMPLETE Column stats: COMPLETE
            Filter Operator
              predicate: key is not null (type: boolean)
              Statistics: Num rows: 500 Data size: 89000 Basic stats: COMPLETE Column stats: COMPLETE
              Select Operator
                expressions: key (type: string), value (type: string)
                outputColumnNames: _col0, _col1
                Statistics: Num rows: 500 Data size: 89000 Basic stats: COMPLETE Column stats: COMPLETE
                HashTable Sink Operator
                  filter predicates:
                    0 
                    1 {_col2}
                  keys:
                    0 _col0 (type: string)
                    1 _col0 (type: string)

  Stage: Stage-3
    Map Reduce
      Map Operator Tree:
          TableScan
            alias: b
            Statistics: Num rows: 500 Data size: 89000 Basic stats: COMPLETE Column stats: COMPLETE
            Select Operator
              expressions: key (type: string), value (type: string), ((UDFToDouble(key) * 10.0D) < 1000.0D) (type: boolean)
              outputColumnNames: _col0, _col1, _col2
              Statistics: Num rows: 500 Data size: 91000 Basic stats: COMPLETE Column stats: COMPLETE
              Map Join Operator
                condition map:
                     Right Outer Join 0 to 1
                filter predicates:
                  0 
                  1 {_col2}
                keys:
                  0 _col0 (type: string)
                  1 _col0 (type: string)
                outputColumnNames: _col0, _col1, _col2, _col3
                Statistics: Num rows: 791 Data size: 281596 Basic stats: COMPLETE Column stats: COMPLETE
                Limit
                  Number of rows: 10
                  Statistics: Num rows: 10 Data size: 3560 Basic stats: COMPLETE Column stats: COMPLETE
                  File Output Operator
                    compressed: false
                    Statistics: Num rows: 10 Data size: 3560 Basic stats: COMPLETE Column stats: COMPLETE
                    table:
                        input format: org.apache.hadoop.mapred.SequenceFileInputFormat
                        output format: org.apache.hadoop.hive.ql.io.HiveSequenceFileOutputFormat
                        serde: org.apache.hadoop.hive.serde2.lazy.LazySimpleSerDe
      Local Work:
        Map Reduce Local Work

  Stage: Stage-0
    Fetch Operator
      limit: 10
      Processor Tree:
        ListSink

PREHOOK: query: SELECT /*+ MAPJOIN(a) */ * FROM src a RIGHT OUTER JOIN src b on a.key=b.key AND b.key * 10 < '1000' limit 10
PREHOOK: type: QUERY
PREHOOK: Input: default@src
#### A masked pattern was here ####
POSTHOOK: query: SELECT /*+ MAPJOIN(a) */ * FROM src a RIGHT OUTER JOIN src b on a.key=b.key AND b.key * 10 < '1000' limit 10
POSTHOOK: type: QUERY
POSTHOOK: Input: default@src
#### A masked pattern was here ####
NULL	NULL	238	val_238
86	val_86	86	val_86
NULL	NULL	311	val_311
27	val_27	27	val_27
NULL	NULL	165	val_165
NULL	NULL	409	val_409
NULL	NULL	255	val_255
NULL	NULL	278	val_278
98	val_98	98	val_98
98	val_98	98	val_98
PREHOOK: query: EXPLAIN
SELECT /*+ MAPJOIN(a) */ * FROM src a RIGHT OUTER JOIN
    (select key, named_struct('key', key, 'value', value) as kv from src) b on a.key=b.key AND b.kv.key > 200 limit 10
PREHOOK: type: QUERY
PREHOOK: Input: default@src
#### A masked pattern was here ####
POSTHOOK: query: EXPLAIN
SELECT /*+ MAPJOIN(a) */ * FROM src a RIGHT OUTER JOIN
    (select key, named_struct('key', key, 'value', value) as kv from src) b on a.key=b.key AND b.kv.key > 200 limit 10
POSTHOOK: type: QUERY
POSTHOOK: Input: default@src
#### A masked pattern was here ####
STAGE DEPENDENCIES:
  Stage-4 is a root stage
  Stage-3 depends on stages: Stage-4
  Stage-0 depends on stages: Stage-3

STAGE PLANS:
  Stage: Stage-4
    Map Reduce Local Work
      Alias -> Map Local Tables:
        $hdt$_0:a 
          Fetch Operator
            limit: -1
      Alias -> Map Local Operator Tree:
        $hdt$_0:a 
          TableScan
            alias: a
            filterExpr: key is not null (type: boolean)
            Statistics: Num rows: 500 Data size: 89000 Basic stats: COMPLETE Column stats: COMPLETE
            Filter Operator
              predicate: key is not null (type: boolean)
              Statistics: Num rows: 500 Data size: 89000 Basic stats: COMPLETE Column stats: COMPLETE
              Select Operator
                expressions: key (type: string), value (type: string)
                outputColumnNames: _col0, _col1
                Statistics: Num rows: 500 Data size: 89000 Basic stats: COMPLETE Column stats: COMPLETE
                HashTable Sink Operator
                  filter predicates:
                    0 
                    1 {_col2}
                  keys:
                    0 _col0 (type: string)
                    1 _col0 (type: string)

  Stage: Stage-3
    Map Reduce
      Map Operator Tree:
          TableScan
            alias: src
            Statistics: Num rows: 500 Data size: 89000 Basic stats: COMPLETE Column stats: COMPLETE
            Select Operator
              expressions: key (type: string), named_struct('key',key,'value',value) (type: struct<key:string,value:string>), (UDFToDouble(named_struct('key',key,'value',value).key) > 200.0D) (type: boolean)
              outputColumnNames: _col0, _col1, _col2
              Statistics: Num rows: 500 Data size: 253500 Basic stats: COMPLETE Column stats: COMPLETE
              Map Join Operator
                condition map:
                     Right Outer Join 0 to 1
                filter predicates:
                  0 
                  1 {_col2}
                keys:
                  0 _col0 (type: string)
                  1 _col0 (type: string)
                outputColumnNames: _col0, _col1, _col2, _col3
                Statistics: Num rows: 791 Data size: 538671 Basic stats: COMPLETE Column stats: COMPLETE
                Limit
                  Number of rows: 10
                  Statistics: Num rows: 10 Data size: 6810 Basic stats: COMPLETE Column stats: COMPLETE
                  File Output Operator
                    compressed: false
                    Statistics: Num rows: 10 Data size: 6810 Basic stats: COMPLETE Column stats: COMPLETE
                    table:
                        input format: org.apache.hadoop.mapred.SequenceFileInputFormat
                        output format: org.apache.hadoop.hive.ql.io.HiveSequenceFileOutputFormat
                        serde: org.apache.hadoop.hive.serde2.lazy.LazySimpleSerDe
      Local Work:
        Map Reduce Local Work

  Stage: Stage-0
    Fetch Operator
      limit: 10
      Processor Tree:
        ListSink

PREHOOK: query: SELECT /*+ MAPJOIN(a) */ * FROM src a RIGHT OUTER JOIN
    (select key, named_struct('key', key, 'value', value) as kv from src) b on a.key=b.key AND b.kv.key > 200 limit 10
PREHOOK: type: QUERY
PREHOOK: Input: default@src
#### A masked pattern was here ####
POSTHOOK: query: SELECT /*+ MAPJOIN(a) */ * FROM src a RIGHT OUTER JOIN
    (select key, named_struct('key', key, 'value', value) as kv from src) b on a.key=b.key AND b.kv.key > 200 limit 10
POSTHOOK: type: QUERY
POSTHOOK: Input: default@src
#### A masked pattern was here ####
238	val_238	238	{"key":"238","value":"val_238"}
238	val_238	238	{"key":"238","value":"val_238"}
NULL	NULL	86	{"key":"86","value":"val_86"}
311	val_311	311	{"key":"311","value":"val_311"}
311	val_311	311	{"key":"311","value":"val_311"}
311	val_311	311	{"key":"311","value":"val_311"}
NULL	NULL	27	{"key":"27","value":"val_27"}
NULL	NULL	165	{"key":"165","value":"val_165"}
409	val_409	409	{"key":"409","value":"val_409"}
409	val_409	409	{"key":"409","value":"val_409"}
