PREHOOK: query: -- Since the inputs are small, it should be automatically converted to mapjoin

-- SORT_QUERY_RESULTS

explain extended select srcpart.key from srcpart join src on (srcpart.value=src.value) join src1 on (srcpart.key=src1.key)
PREHOOK: type: QUERY
POSTHOOK: query: -- Since the inputs are small, it should be automatically converted to mapjoin

-- SORT_QUERY_RESULTS

explain extended select srcpart.key from srcpart join src on (srcpart.value=src.value) join src1 on (srcpart.key=src1.key)
POSTHOOK: type: QUERY
ABSTRACT SYNTAX TREE:
  
TOK_QUERY
   TOK_FROM
      TOK_JOIN
         TOK_JOIN
            TOK_TABREF
               TOK_TABNAME
                  srcpart
            TOK_TABREF
               TOK_TABNAME
                  src
            =
               .
                  TOK_TABLE_OR_COL
                     srcpart
                  value
               .
                  TOK_TABLE_OR_COL
                     src
                  value
         TOK_TABREF
            TOK_TABNAME
               src1
         =
            .
               TOK_TABLE_OR_COL
                  srcpart
               key
            .
               TOK_TABLE_OR_COL
                  src1
               key
   TOK_INSERT
      TOK_DESTINATION
         TOK_DIR
            TOK_TMP_FILE
      TOK_SELECT
         TOK_SELEXPR
            .
               TOK_TABLE_OR_COL
                  srcpart
               key


STAGE DEPENDENCIES:
  Stage-7 is a root stage
  Stage-5 depends on stages: Stage-7
  Stage-0 depends on stages: Stage-5

STAGE PLANS:
  Stage: Stage-7
    Map Reduce Local Work
      Alias -> Map Local Tables:
        $hdt$_0:src 
          Fetch Operator
            limit: -1
        $hdt$_2:src1 
          Fetch Operator
            limit: -1
      Alias -> Map Local Operator Tree:
        $hdt$_0:src 
          TableScan
            alias: src
            Statistics: Num rows: 500 Data size: 5312 Basic stats: COMPLETE Column stats: NONE
            GatherStats: false
            Filter Operator
              isSamplingPred: false
              predicate: value is not null (type: boolean)
              Statistics: Num rows: 250 Data size: 2656 Basic stats: COMPLETE Column stats: NONE
              Select Operator
                expressions: value (type: string)
                outputColumnNames: _col0
                Statistics: Num rows: 250 Data size: 2656 Basic stats: COMPLETE Column stats: NONE
                HashTable Sink Operator
                  keys:
                    0 _col1 (type: string)
                    1 _col0 (type: string)
                  Position of Big Table: 0
        $hdt$_2:src1 
          TableScan
            alias: src1
            Statistics: Num rows: 25 Data size: 191 Basic stats: COMPLETE Column stats: NONE
            GatherStats: false
            Filter Operator
              isSamplingPred: false
              predicate: key is not null (type: boolean)
              Statistics: Num rows: 13 Data size: 99 Basic stats: COMPLETE Column stats: NONE
              Select Operator
                expressions: key (type: string)
                outputColumnNames: _col0
                Statistics: Num rows: 13 Data size: 99 Basic stats: COMPLETE Column stats: NONE
                HashTable Sink Operator
                  keys:
                    0 _col0 (type: string)
                    1 _col0 (type: string)
                  Position of Big Table: 0

  Stage: Stage-5
    Map Reduce
      Map Operator Tree:
          TableScan
            alias: srcpart
            Statistics: Num rows: 2000 Data size: 21248 Basic stats: COMPLETE Column stats: NONE
            GatherStats: false
            Filter Operator
              isSamplingPred: false
              predicate: (key is not null and value is not null) (type: boolean)
              Statistics: Num rows: 500 Data size: 5312 Basic stats: COMPLETE Column stats: NONE
              Select Operator
                expressions: key (type: string), value (type: string)
                outputColumnNames: _col0, _col1
                Statistics: Num rows: 500 Data size: 5312 Basic stats: COMPLETE Column stats: NONE
                Map Join Operator
                  condition map:
                       Inner Join 0 to 1
                  keys:
                    0 _col0 (type: string)
                    1 _col0 (type: string)
                  outputColumnNames: _col0, _col1
                  Position of Big Table: 0
                  Statistics: Num rows: 550 Data size: 5843 Basic stats: COMPLETE Column stats: NONE
                  Map Join Operator
                    condition map:
                         Inner Join 0 to 1
                    keys:
                      0 _col1 (type: string)
                      1 _col0 (type: string)
                    outputColumnNames: _col0
                    Position of Big Table: 0
                    Statistics: Num rows: 605 Data size: 6427 Basic stats: COMPLETE Column stats: NONE
                    File Output Operator
                      compressed: false
                      GlobalTableId: 0
#### A masked pattern was here ####
                      NumFilesPerFileSink: 1
                      Statistics: Num rows: 605 Data size: 6427 Basic stats: COMPLETE Column stats: NONE
#### A masked pattern was here ####
                      table:
                          input format: org.apache.hadoop.mapred.TextInputFormat
                          output format: org.apache.hadoop.hive.ql.io.HiveIgnoreKeyTextOutputFormat
                          properties:
                            columns _col0
                            columns.types string
                            escape.delim \
                            hive.serialization.extend.additional.nesting.levels true
                            serialization.format 1
                            serialization.lib org.apache.hadoop.hive.serde2.lazy.LazySimpleSerDe
                          serde: org.apache.hadoop.hive.serde2.lazy.LazySimpleSerDe
                      TotalFiles: 1
                      GatherStats: false
                      MultiFileSpray: false
      Local Work:
        Map Reduce Local Work
      Path -> Alias:
#### A masked pattern was here ####
      Path -> Partition:
#### A masked pattern was here ####
          Partition
            base file name: src
            input format: org.apache.hadoop.mapred.TextInputFormat
            output format: org.apache.hadoop.hive.ql.io.HiveIgnoreKeyTextOutputFormat
            properties:
              COLUMN_STATS_ACCURATE true
              bucket_count -1
              columns key,value
              columns.comments 'default','default'
              columns.types string:string
#### A masked pattern was here ####
              name default.src
              numFiles 1
              numRows 500
              rawDataSize 5312
              serialization.ddl struct src { string key, string value}
              serialization.format 1
              serialization.lib org.apache.hadoop.hive.serde2.lazy.LazySimpleSerDe
              totalSize 5812
#### A masked pattern was here ####
            serde: org.apache.hadoop.hive.serde2.lazy.LazySimpleSerDe
          
              input format: org.apache.hadoop.mapred.TextInputFormat
              output format: org.apache.hadoop.hive.ql.io.HiveIgnoreKeyTextOutputFormat
              properties:
                COLUMN_STATS_ACCURATE true
                bucket_count -1
                columns key,value
                columns.comments 'default','default'
                columns.types string:string
#### A masked pattern was here ####
                name default.src
                numFiles 1
                numRows 500
                rawDataSize 5312
                serialization.ddl struct src { string key, string value}
                serialization.format 1
                serialization.lib org.apache.hadoop.hive.serde2.lazy.LazySimpleSerDe
                totalSize 5812
#### A masked pattern was here ####
              serde: org.apache.hadoop.hive.serde2.lazy.LazySimpleSerDe
              name: default.src
            name: default.src
#### A masked pattern was here ####
          Partition
            base file name: src1
            input format: org.apache.hadoop.mapred.TextInputFormat
            output format: org.apache.hadoop.hive.ql.io.HiveIgnoreKeyTextOutputFormat
            properties:
              COLUMN_STATS_ACCURATE true
              bucket_count -1
              columns key,value
              columns.comments 'default','default'
              columns.types string:string
#### A masked pattern was here ####
              name default.src1
              numFiles 1
              numRows 25
              rawDataSize 191
              serialization.ddl struct src1 { string key, string value}
              serialization.format 1
              serialization.lib org.apache.hadoop.hive.serde2.lazy.LazySimpleSerDe
              totalSize 216
#### A masked pattern was here ####
            serde: org.apache.hadoop.hive.serde2.lazy.LazySimpleSerDe
          
              input format: org.apache.hadoop.mapred.TextInputFormat
              output format: org.apache.hadoop.hive.ql.io.HiveIgnoreKeyTextOutputFormat
              properties:
                COLUMN_STATS_ACCURATE true
                bucket_count -1
                columns key,value
                columns.comments 'default','default'
                columns.types string:string
#### A masked pattern was here ####
                name default.src1
                numFiles 1
                numRows 25
                rawDataSize 191
                serialization.ddl struct src1 { string key, string value}
                serialization.format 1
                serialization.lib org.apache.hadoop.hive.serde2.lazy.LazySimpleSerDe
                totalSize 216
#### A masked pattern was here ####
              serde: org.apache.hadoop.hive.serde2.lazy.LazySimpleSerDe
              name: default.src1
            name: default.src1
#### A masked pattern was here ####
          Partition
            base file name: hr=11
            input format: org.apache.hadoop.mapred.TextInputFormat
            output format: org.apache.hadoop.hive.ql.io.HiveIgnoreKeyTextOutputFormat
            partition values:
              ds 2008-04-08
              hr 11
            properties:
              COLUMN_STATS_ACCURATE true
              bucket_count -1
              columns key,value
              columns.comments 'default','default'
              columns.types string:string
#### A masked pattern was here ####
              name default.srcpart
              numFiles 1
              numRows 500
              partition_columns ds/hr
              partition_columns.types string:string
              rawDataSize 5312
              serialization.ddl struct srcpart { string key, string value}
              serialization.format 1
              serialization.lib org.apache.hadoop.hive.serde2.lazy.LazySimpleSerDe
              totalSize 5812
#### A masked pattern was here ####
            serde: org.apache.hadoop.hive.serde2.lazy.LazySimpleSerDe
          
              input format: org.apache.hadoop.mapred.TextInputFormat
              output format: org.apache.hadoop.hive.ql.io.HiveIgnoreKeyTextOutputFormat
              properties:
                bucket_count -1
                columns key,value
                columns.comments 'default','default'
                columns.types string:string
#### A masked pattern was here ####
                name default.srcpart
                partition_columns ds/hr
                partition_columns.types string:string
                serialization.ddl struct srcpart { string key, string value}
                serialization.format 1
                serialization.lib org.apache.hadoop.hive.serde2.lazy.LazySimpleSerDe
#### A masked pattern was here ####
              serde: org.apache.hadoop.hive.serde2.lazy.LazySimpleSerDe
              name: default.srcpart
            name: default.srcpart
#### A masked pattern was here ####
          Partition
            base file name: hr=12
            input format: org.apache.hadoop.mapred.TextInputFormat
            output format: org.apache.hadoop.hive.ql.io.HiveIgnoreKeyTextOutputFormat
            partition values:
              ds 2008-04-08
              hr 12
            properties:
              COLUMN_STATS_ACCURATE true
              bucket_count -1
              columns key,value
              columns.comments 'default','default'
              columns.types string:string
#### A masked pattern was here ####
              name default.srcpart
              numFiles 1
              numRows 500
              partition_columns ds/hr
              partition_columns.types string:string
              rawDataSize 5312
              serialization.ddl struct srcpart { string key, string value}
              serialization.format 1
              serialization.lib org.apache.hadoop.hive.serde2.lazy.LazySimpleSerDe
              totalSize 5812
#### A masked pattern was here ####
            serde: org.apache.hadoop.hive.serde2.lazy.LazySimpleSerDe
          
              input format: org.apache.hadoop.mapred.TextInputFormat
              output format: org.apache.hadoop.hive.ql.io.HiveIgnoreKeyTextOutputFormat
              properties:
                bucket_count -1
                columns key,value
                columns.comments 'default','default'
                columns.types string:string
#### A masked pattern was here ####
                name default.srcpart
                partition_columns ds/hr
                partition_columns.types string:string
                serialization.ddl struct srcpart { string key, string value}
                serialization.format 1
                serialization.lib org.apache.hadoop.hive.serde2.lazy.LazySimpleSerDe
#### A masked pattern was here ####
              serde: org.apache.hadoop.hive.serde2.lazy.LazySimpleSerDe
              name: default.srcpart
            name: default.srcpart
#### A masked pattern was here ####
          Partition
            base file name: hr=11
            input format: org.apache.hadoop.mapred.TextInputFormat
            output format: org.apache.hadoop.hive.ql.io.HiveIgnoreKeyTextOutputFormat
            partition values:
              ds 2008-04-09
              hr 11
            properties:
              COLUMN_STATS_ACCURATE true
              bucket_count -1
              columns key,value
              columns.comments 'default','default'
              columns.types string:string
#### A masked pattern was here ####
              name default.srcpart
              numFiles 1
              numRows 500
              partition_columns ds/hr
              partition_columns.types string:string
              rawDataSize 5312
              serialization.ddl struct srcpart { string key, string value}
              serialization.format 1
              serialization.lib org.apache.hadoop.hive.serde2.lazy.LazySimpleSerDe
              totalSize 5812
#### A masked pattern was here ####
            serde: org.apache.hadoop.hive.serde2.lazy.LazySimpleSerDe
          
              input format: org.apache.hadoop.mapred.TextInputFormat
              output format: org.apache.hadoop.hive.ql.io.HiveIgnoreKeyTextOutputFormat
              properties:
                bucket_count -1
                columns key,value
                columns.comments 'default','default'
                columns.types string:string
#### A masked pattern was here ####
                name default.srcpart
                partition_columns ds/hr
                partition_columns.types string:string
                serialization.ddl struct srcpart { string key, string value}
                serialization.format 1
                serialization.lib org.apache.hadoop.hive.serde2.lazy.LazySimpleSerDe
#### A masked pattern was here ####
              serde: org.apache.hadoop.hive.serde2.lazy.LazySimpleSerDe
              name: default.srcpart
            name: default.srcpart
#### A masked pattern was here ####
          Partition
            base file name: hr=12
            input format: org.apache.hadoop.mapred.TextInputFormat
            output format: org.apache.hadoop.hive.ql.io.HiveIgnoreKeyTextOutputFormat
            partition values:
              ds 2008-04-09
              hr 12
            properties:
              COLUMN_STATS_ACCURATE true
              bucket_count -1
              columns key,value
              columns.comments 'default','default'
              columns.types string:string
#### A masked pattern was here ####
              name default.srcpart
              numFiles 1
              numRows 500
              partition_columns ds/hr
              partition_columns.types string:string
              rawDataSize 5312
              serialization.ddl struct srcpart { string key, string value}
              serialization.format 1
              serialization.lib org.apache.hadoop.hive.serde2.lazy.LazySimpleSerDe
              totalSize 5812
#### A masked pattern was here ####
            serde: org.apache.hadoop.hive.serde2.lazy.LazySimpleSerDe
          
              input format: org.apache.hadoop.mapred.TextInputFormat
              output format: org.apache.hadoop.hive.ql.io.HiveIgnoreKeyTextOutputFormat
              properties:
                bucket_count -1
                columns key,value
                columns.comments 'default','default'
                columns.types string:string
#### A masked pattern was here ####
                name default.srcpart
                partition_columns ds/hr
                partition_columns.types string:string
                serialization.ddl struct srcpart { string key, string value}
                serialization.format 1
                serialization.lib org.apache.hadoop.hive.serde2.lazy.LazySimpleSerDe
#### A masked pattern was here ####
              serde: org.apache.hadoop.hive.serde2.lazy.LazySimpleSerDe
              name: default.srcpart
            name: default.srcpart
      Truncated Path -> Alias:
        /srcpart/ds=2008-04-08/hr=11 [$hdt$_1:srcpart]
        /srcpart/ds=2008-04-08/hr=12 [$hdt$_1:srcpart]
        /srcpart/ds=2008-04-09/hr=11 [$hdt$_1:srcpart]
        /srcpart/ds=2008-04-09/hr=12 [$hdt$_1:srcpart]

  Stage: Stage-0
    Fetch Operator
      limit: -1
      Processor Tree:
        ListSink

PREHOOK: query: explain
select srcpart.key from srcpart join src on (srcpart.value=src.value) join src1 on (srcpart.key=src1.key) where srcpart.value > 'val_450'
PREHOOK: type: QUERY
POSTHOOK: query: explain
select srcpart.key from srcpart join src on (srcpart.value=src.value) join src1 on (srcpart.key=src1.key) where srcpart.value > 'val_450'
POSTHOOK: type: QUERY
STAGE DEPENDENCIES:
  Stage-7 is a root stage
  Stage-5 depends on stages: Stage-7
  Stage-0 depends on stages: Stage-5

STAGE PLANS:
  Stage: Stage-7
    Map Reduce Local Work
      Alias -> Map Local Tables:
        $hdt$_0:src 
          Fetch Operator
            limit: -1
        $hdt$_2:src1 
          Fetch Operator
            limit: -1
      Alias -> Map Local Operator Tree:
        $hdt$_0:src 
          TableScan
            alias: src
            Statistics: Num rows: 500 Data size: 5312 Basic stats: COMPLETE Column stats: NONE
            Filter Operator
              predicate: (value > 'val_450') (type: boolean)
              Statistics: Num rows: 166 Data size: 1763 Basic stats: COMPLETE Column stats: NONE
              Select Operator
                expressions: value (type: string)
                outputColumnNames: _col0
                Statistics: Num rows: 166 Data size: 1763 Basic stats: COMPLETE Column stats: NONE
                HashTable Sink Operator
                  keys:
                    0 _col1 (type: string)
                    1 _col0 (type: string)
        $hdt$_2:src1 
          TableScan
            alias: src1
            Statistics: Num rows: 25 Data size: 191 Basic stats: COMPLETE Column stats: NONE
            Filter Operator
              predicate: key is not null (type: boolean)
              Statistics: Num rows: 13 Data size: 99 Basic stats: COMPLETE Column stats: NONE
              Select Operator
                expressions: key (type: string)
                outputColumnNames: _col0
                Statistics: Num rows: 13 Data size: 99 Basic stats: COMPLETE Column stats: NONE
                HashTable Sink Operator
                  keys:
                    0 _col0 (type: string)
                    1 _col0 (type: string)

  Stage: Stage-5
    Map Reduce
      Map Operator Tree:
          TableScan
            alias: srcpart
            Statistics: Num rows: 2000 Data size: 21248 Basic stats: COMPLETE Column stats: NONE
            Filter Operator
              predicate: (((value > 'val_450') and key is not null) and value is not null) (type: boolean)
              Statistics: Num rows: 167 Data size: 1774 Basic stats: COMPLETE Column stats: NONE
              Select Operator
                expressions: key (type: string), value (type: string)
                outputColumnNames: _col0, _col1
                Statistics: Num rows: 167 Data size: 1774 Basic stats: COMPLETE Column stats: NONE
                Map Join Operator
                  condition map:
                       Inner Join 0 to 1
                  keys:
                    0 _col0 (type: string)
                    1 _col0 (type: string)
                  outputColumnNames: _col0, _col1
                  Statistics: Num rows: 183 Data size: 1951 Basic stats: COMPLETE Column stats: NONE
                  Map Join Operator
                    condition map:
                         Inner Join 0 to 1
                    keys:
                      0 _col1 (type: string)
                      1 _col0 (type: string)
                    outputColumnNames: _col0
                    Statistics: Num rows: 201 Data size: 2146 Basic stats: COMPLETE Column stats: NONE
                    File Output Operator
                      compressed: false
                      Statistics: Num rows: 201 Data size: 2146 Basic stats: COMPLETE Column stats: NONE
                      table:
                          input format: org.apache.hadoop.mapred.TextInputFormat
                          output format: org.apache.hadoop.hive.ql.io.HiveIgnoreKeyTextOutputFormat
                          serde: org.apache.hadoop.hive.serde2.lazy.LazySimpleSerDe
      Local Work:
        Map Reduce Local Work

  Stage: Stage-0
    Fetch Operator
      limit: -1
      Processor Tree:
        ListSink

PREHOOK: query: explain
select count(*) from srcpart join src on (srcpart.value=src.value) join src src1 on (srcpart.key=src1.key) group by ds
PREHOOK: type: QUERY
POSTHOOK: query: explain
select count(*) from srcpart join src on (srcpart.value=src.value) join src src1 on (srcpart.key=src1.key) group by ds
POSTHOOK: type: QUERY
STAGE DEPENDENCIES:
  Stage-9 is a root stage
  Stage-7 depends on stages: Stage-9
  Stage-8 depends on stages: Stage-7
  Stage-3 depends on stages: Stage-8
  Stage-0 depends on stages: Stage-3

STAGE PLANS:
  Stage: Stage-9
    Map Reduce Local Work
      Alias -> Map Local Tables:
        $hdt$_0:$hdt$_1:src 
          Fetch Operator
            limit: -1
      Alias -> Map Local Operator Tree:
        $hdt$_0:$hdt$_1:src 
          TableScan
            alias: src
            Statistics: Num rows: 500 Data size: 5312 Basic stats: COMPLETE Column stats: NONE
            Filter Operator
              predicate: value is not null (type: boolean)
              Statistics: Num rows: 250 Data size: 2656 Basic stats: COMPLETE Column stats: NONE
              Select Operator
                expressions: value (type: string)
                outputColumnNames: _col0
                Statistics: Num rows: 250 Data size: 2656 Basic stats: COMPLETE Column stats: NONE
                HashTable Sink Operator
                  keys:
                    0 _col1 (type: string)
                    1 _col0 (type: string)

  Stage: Stage-7
    Map Reduce
      Map Operator Tree:
          TableScan
            alias: srcpart
            Statistics: Num rows: 2000 Data size: 21248 Basic stats: COMPLETE Column stats: NONE
            Filter Operator
              predicate: (value is not null and key is not null) (type: boolean)
              Statistics: Num rows: 500 Data size: 5312 Basic stats: COMPLETE Column stats: NONE
              Select Operator
                expressions: key (type: string), value (type: string), ds (type: string)
                outputColumnNames: _col0, _col1, _col2
                Statistics: Num rows: 500 Data size: 5312 Basic stats: COMPLETE Column stats: NONE
                Map Join Operator
                  condition map:
                       Inner Join 0 to 1
                  keys:
                    0 _col1 (type: string)
                    1 _col0 (type: string)
                  outputColumnNames: _col0, _col2
                  Statistics: Num rows: 550 Data size: 5843 Basic stats: COMPLETE Column stats: NONE
                  File Output Operator
                    compressed: false
                    table:
                        input format: org.apache.hadoop.mapred.SequenceFileInputFormat
                        output format: org.apache.hadoop.hive.ql.io.HiveSequenceFileOutputFormat
                        serde: org.apache.hadoop.hive.serde2.lazybinary.LazyBinarySerDe
      Local Work:
        Map Reduce Local Work

  Stage: Stage-8
    Map Reduce Local Work
      Alias -> Map Local Tables:
        $hdt$_0:$hdt$_2:src 
          Fetch Operator
            limit: -1
      Alias -> Map Local Operator Tree:
        $hdt$_0:$hdt$_2:src 
          TableScan
            alias: src
            Statistics: Num rows: 500 Data size: 5312 Basic stats: COMPLETE Column stats: NONE
            Filter Operator
              predicate: key is not null (type: boolean)
              Statistics: Num rows: 250 Data size: 2656 Basic stats: COMPLETE Column stats: NONE
              Select Operator
                expressions: key (type: string)
                outputColumnNames: _col0
                Statistics: Num rows: 250 Data size: 2656 Basic stats: COMPLETE Column stats: NONE
                HashTable Sink Operator
                  keys:
                    0 _col0 (type: string)
                    1 _col0 (type: string)

  Stage: Stage-3
    Map Reduce
      Map Operator Tree:
          TableScan
            Map Join Operator
              condition map:
                   Inner Join 0 to 1
              keys:
                0 _col0 (type: string)
                1 _col0 (type: string)
              outputColumnNames: _col2
              Statistics: Num rows: 605 Data size: 6427 Basic stats: COMPLETE Column stats: NONE
              Select Operator
                expressions: _col2 (type: string)
                outputColumnNames: _col0
                Statistics: Num rows: 605 Data size: 6427 Basic stats: COMPLETE Column stats: NONE
                Group By Operator
                  aggregations: count()
                  keys: _col0 (type: string)
                  mode: hash
                  outputColumnNames: _col0, _col1
                  Statistics: Num rows: 605 Data size: 6427 Basic stats: COMPLETE Column stats: NONE
                  Reduce Output Operator
                    key expressions: _col0 (type: string)
                    sort order: +
                    Map-reduce partition columns: _col0 (type: string)
                    Statistics: Num rows: 605 Data size: 6427 Basic stats: COMPLETE Column stats: NONE
                    value expressions: _col1 (type: bigint)
      Local Work:
        Map Reduce Local Work
      Reduce Operator Tree:
        Group By Operator
          aggregations: count(VALUE._col0)
          keys: KEY._col0 (type: string)
          mode: mergepartial
          outputColumnNames: _col0, _col1
          Statistics: Num rows: 302 Data size: 3208 Basic stats: COMPLETE Column stats: NONE
          Select Operator
            expressions: _col1 (type: bigint)
            outputColumnNames: _col0
            Statistics: Num rows: 302 Data size: 3208 Basic stats: COMPLETE Column stats: NONE
            File Output Operator
              compressed: false
              Statistics: Num rows: 302 Data size: 3208 Basic stats: COMPLETE Column stats: NONE
              table:
                  input format: org.apache.hadoop.mapred.TextInputFormat
                  output format: org.apache.hadoop.hive.ql.io.HiveIgnoreKeyTextOutputFormat
                  serde: org.apache.hadoop.hive.serde2.lazy.LazySimpleSerDe

  Stage: Stage-0
    Fetch Operator
      limit: -1
      Processor Tree:
        ListSink

PREHOOK: query: select srcpart.key from srcpart join src on (srcpart.value=src.value) join src1 on (srcpart.key=src1.key) where srcpart.value > 'val_450'
PREHOOK: type: QUERY
PREHOOK: Input: default@src
PREHOOK: Input: default@src1
PREHOOK: Input: default@srcpart
PREHOOK: Input: default@srcpart@ds=2008-04-08/hr=11
PREHOOK: Input: default@srcpart@ds=2008-04-08/hr=12
PREHOOK: Input: default@srcpart@ds=2008-04-09/hr=11
PREHOOK: Input: default@srcpart@ds=2008-04-09/hr=12
#### A masked pattern was here ####
POSTHOOK: query: select srcpart.key from srcpart join src on (srcpart.value=src.value) join src1 on (srcpart.key=src1.key) where srcpart.value > 'val_450'
POSTHOOK: type: QUERY
POSTHOOK: Input: default@src
POSTHOOK: Input: default@src1
POSTHOOK: Input: default@srcpart
POSTHOOK: Input: default@srcpart@ds=2008-04-08/hr=11
POSTHOOK: Input: default@srcpart@ds=2008-04-08/hr=12
POSTHOOK: Input: default@srcpart@ds=2008-04-09/hr=11
POSTHOOK: Input: default@srcpart@ds=2008-04-09/hr=12
#### A masked pattern was here ####
66
66
66
66
98
98
98
98
98
98
98
98
98
98
98
98
98
98
98
98
PREHOOK: query: select count(*) from srcpart join src on (srcpart.value=src.value) join src src1 on (srcpart.key=src1.key) group by ds
PREHOOK: type: QUERY
PREHOOK: Input: default@src
PREHOOK: Input: default@srcpart
PREHOOK: Input: default@srcpart@ds=2008-04-08/hr=11
PREHOOK: Input: default@srcpart@ds=2008-04-08/hr=12
PREHOOK: Input: default@srcpart@ds=2008-04-09/hr=11
PREHOOK: Input: default@srcpart@ds=2008-04-09/hr=12
#### A masked pattern was here ####
POSTHOOK: query: select count(*) from srcpart join src on (srcpart.value=src.value) join src src1 on (srcpart.key=src1.key) group by ds
POSTHOOK: type: QUERY
POSTHOOK: Input: default@src
POSTHOOK: Input: default@srcpart
POSTHOOK: Input: default@srcpart@ds=2008-04-08/hr=11
POSTHOOK: Input: default@srcpart@ds=2008-04-08/hr=12
POSTHOOK: Input: default@srcpart@ds=2008-04-09/hr=11
POSTHOOK: Input: default@srcpart@ds=2008-04-09/hr=12
#### A masked pattern was here ####
5308
5308
PREHOOK: query: select srcpart.key from srcpart join src on (srcpart.value=src.value) join src1 on (srcpart.key=src1.key) where srcpart.value > 'val_450'
PREHOOK: type: QUERY
PREHOOK: Input: default@src
PREHOOK: Input: default@src1
PREHOOK: Input: default@srcpart
PREHOOK: Input: default@srcpart@ds=2008-04-08/hr=11
PREHOOK: Input: default@srcpart@ds=2008-04-08/hr=12
PREHOOK: Input: default@srcpart@ds=2008-04-09/hr=11
PREHOOK: Input: default@srcpart@ds=2008-04-09/hr=12
#### A masked pattern was here ####
POSTHOOK: query: select srcpart.key from srcpart join src on (srcpart.value=src.value) join src1 on (srcpart.key=src1.key) where srcpart.value > 'val_450'
POSTHOOK: type: QUERY
POSTHOOK: Input: default@src
POSTHOOK: Input: default@src1
POSTHOOK: Input: default@srcpart
POSTHOOK: Input: default@srcpart@ds=2008-04-08/hr=11
POSTHOOK: Input: default@srcpart@ds=2008-04-08/hr=12
POSTHOOK: Input: default@srcpart@ds=2008-04-09/hr=11
POSTHOOK: Input: default@srcpart@ds=2008-04-09/hr=12
#### A masked pattern was here ####
66
66
66
66
98
98
98
98
98
98
98
98
98
98
98
98
98
98
98
98
PREHOOK: query: select count(*) from srcpart join src on (srcpart.value=src.value) join src src1 on (srcpart.key=src1.key) group by ds
PREHOOK: type: QUERY
PREHOOK: Input: default@src
PREHOOK: Input: default@srcpart
PREHOOK: Input: default@srcpart@ds=2008-04-08/hr=11
PREHOOK: Input: default@srcpart@ds=2008-04-08/hr=12
PREHOOK: Input: default@srcpart@ds=2008-04-09/hr=11
PREHOOK: Input: default@srcpart@ds=2008-04-09/hr=12
#### A masked pattern was here ####
POSTHOOK: query: select count(*) from srcpart join src on (srcpart.value=src.value) join src src1 on (srcpart.key=src1.key) group by ds
POSTHOOK: type: QUERY
POSTHOOK: Input: default@src
POSTHOOK: Input: default@srcpart
POSTHOOK: Input: default@srcpart@ds=2008-04-08/hr=11
POSTHOOK: Input: default@srcpart@ds=2008-04-08/hr=12
POSTHOOK: Input: default@srcpart@ds=2008-04-09/hr=11
POSTHOOK: Input: default@srcpart@ds=2008-04-09/hr=12
#### A masked pattern was here ####
5308
5308
