PREHOOK: query: create table dest_1 (key STRING, value STRING) stored as textfile
PREHOOK: type: CREATETABLE
PREHOOK: Output: database:default
PREHOOK: Output: default@dest_1
POSTHOOK: query: create table dest_1 (key STRING, value STRING) stored as textfile
POSTHOOK: type: CREATETABLE
POSTHOOK: Output: database:default
POSTHOOK: Output: default@dest_1
PREHOOK: query: insert overwrite table dest_1 select * from src1 order by src1.value limit 8
PREHOOK: type: QUERY
PREHOOK: Input: default@src1
PREHOOK: Output: default@dest_1
POSTHOOK: query: insert overwrite table dest_1 select * from src1 order by src1.value limit 8
POSTHOOK: type: QUERY
POSTHOOK: Input: default@src1
POSTHOOK: Output: default@dest_1
POSTHOOK: Lineage: dest_1.key SIMPLE [(src1)src1.FieldSchema(name:key, type:string, comment:default), ]
POSTHOOK: Lineage: dest_1.value SIMPLE [(src1)src1.FieldSchema(name:value, type:string, comment:default), ]
PREHOOK: query: insert into table dest_1 select "333444","555666" from src1 limit 1
PREHOOK: type: QUERY
PREHOOK: Input: default@src1
PREHOOK: Output: default@dest_1
POSTHOOK: query: insert into table dest_1 select "333444","555666" from src1 limit 1
POSTHOOK: type: QUERY
POSTHOOK: Input: default@src1
POSTHOOK: Output: default@dest_1
POSTHOOK: Lineage: dest_1.key SIMPLE []
POSTHOOK: Lineage: dest_1.value SIMPLE []
PREHOOK: query: create table dest_2_n0 (key STRING, value STRING) stored as textfile
PREHOOK: type: CREATETABLE
PREHOOK: Output: database:default
PREHOOK: Output: default@dest_2_n0
POSTHOOK: query: create table dest_2_n0 (key STRING, value STRING) stored as textfile
POSTHOOK: type: CREATETABLE
POSTHOOK: Output: database:default
POSTHOOK: Output: default@dest_2_n0
PREHOOK: query: insert into table dest_2_n0 select * from dest_1
PREHOOK: type: QUERY
PREHOOK: Input: default@dest_1
PREHOOK: Output: default@dest_2_n0
POSTHOOK: query: insert into table dest_2_n0 select * from dest_1
POSTHOOK: type: QUERY
POSTHOOK: Input: default@dest_1
POSTHOOK: Output: default@dest_2_n0
POSTHOOK: Lineage: dest_2_n0.key SIMPLE [(dest_1)dest_1.FieldSchema(name:key, type:string, comment:null), ]
POSTHOOK: Lineage: dest_2_n0.value SIMPLE [(dest_1)dest_1.FieldSchema(name:value, type:string, comment:null), ]
PREHOOK: query: SELECT * FROM src1
  RIGHT OUTER JOIN dest_1 src2 ON (src1.key = src2.key)
  JOIN dest_2_n0 src3 ON (src2.key = src3.key)
  SORT BY src1.key, src1.value, src2.key, src2.value, src3.key, src3.value
PREHOOK: type: QUERY
PREHOOK: Input: default@dest_1
PREHOOK: Input: default@dest_2_n0
PREHOOK: Input: default@src1
#### A masked pattern was here ####
POSTHOOK: query: SELECT * FROM src1
  RIGHT OUTER JOIN dest_1 src2 ON (src1.key = src2.key)
  JOIN dest_2_n0 src3 ON (src2.key = src3.key)
  SORT BY src1.key, src1.value, src2.key, src2.value, src3.key, src3.value
POSTHOOK: type: QUERY
POSTHOOK: Input: default@dest_1
POSTHOOK: Input: default@dest_2_n0
POSTHOOK: Input: default@src1
#### A masked pattern was here ####
					
					
					
					
					
					
					
					
					
					
					
					
					
					
					
					
					
					
					
					
					
					
					
					
					
					
					
					
					
					
					
					
					
					
					
					
					
					
					
					
					
					
					
					
					
					
					
					
					
					
					
					
					
					
					
					
					
					
					
					
					
					
					
					
	val_165				
	val_165				
	val_165				
	val_165				
	val_165				
	val_165				
	val_165				
	val_165				
	val_165				
	val_165				
	val_165				
	val_165				
	val_165				
	val_165				
	val_165				
	val_165				
	val_193				
	val_193				
	val_193				
	val_193				
	val_193				
	val_193				
	val_193				
	val_193				
	val_193				
	val_193				
	val_193				
	val_193				
	val_193				
	val_193				
	val_193				
	val_193				
	val_265				
	val_265				
	val_265				
	val_265				
	val_265				
	val_265				
	val_265				
	val_265				
	val_265				
	val_265				
	val_265				
	val_265				
	val_265				
	val_265				
	val_265				
	val_265				
	val_27				
	val_27				
	val_27				
	val_27				
	val_27				
	val_27				
	val_27				
	val_27				
	val_27				
	val_27				
	val_27				
	val_27				
	val_27				
	val_27				
	val_27				
	val_27				
	val_409				
	val_409				
	val_409				
	val_409				
	val_409				
	val_409				
	val_409				
	val_409				
	val_409				
	val_409				
	val_409				
	val_409				
	val_409				
	val_409				
	val_409				
	val_409				
	val_484				
	val_484				
	val_484				
	val_484				
	val_484				
	val_484				
	val_484				
	val_484				
	val_484				
	val_484				
	val_484				
	val_484				
	val_484				
	val_484				
	val_484				
	val_484				
128		128		128	
146	val_146	146	val_146	146	val_146
224		224		224	
369		369		369	
NULL	NULL	333444	555666	333444	555666
PREHOOK: query: explain
SELECT /*+ mapjoin(src1, src2) */ * FROM src1
  RIGHT OUTER JOIN dest_1 src2 ON (src1.key = src2.key)
  JOIN dest_2_n0 src3 ON (src2.key = src3.key)
  SORT BY src1.key, src1.value, src2.key, src2.value, src3.key, src3.value
PREHOOK: type: QUERY
PREHOOK: Input: default@dest_1
PREHOOK: Input: default@dest_2_n0
PREHOOK: Input: default@src1
#### A masked pattern was here ####
POSTHOOK: query: explain
SELECT /*+ mapjoin(src1, src2) */ * FROM src1
  RIGHT OUTER JOIN dest_1 src2 ON (src1.key = src2.key)
  JOIN dest_2_n0 src3 ON (src2.key = src3.key)
  SORT BY src1.key, src1.value, src2.key, src2.value, src3.key, src3.value
POSTHOOK: type: QUERY
POSTHOOK: Input: default@dest_1
POSTHOOK: Input: default@dest_2_n0
POSTHOOK: Input: default@src1
#### A masked pattern was here ####
STAGE DEPENDENCIES:
  Stage-1 is a root stage
  Stage-2 depends on stages: Stage-1
  Stage-0 depends on stages: Stage-2

STAGE PLANS:
  Stage: Stage-1
    Map Reduce
      Map Operator Tree:
          TableScan
            alias: src1
            filterExpr: key is not null (type: boolean)
            Statistics: Num rows: 25 Data size: 4375 Basic stats: COMPLETE Column stats: COMPLETE
            Filter Operator
              predicate: key is not null (type: boolean)
              Statistics: Num rows: 25 Data size: 4375 Basic stats: COMPLETE Column stats: COMPLETE
              Select Operator
                expressions: key (type: string), value (type: string)
                outputColumnNames: _col0, _col1
                Statistics: Num rows: 25 Data size: 4375 Basic stats: COMPLETE Column stats: COMPLETE
                Reduce Output Operator
                  key expressions: _col0 (type: string)
                  null sort order: z
                  sort order: +
                  Map-reduce partition columns: _col0 (type: string)
                  Statistics: Num rows: 25 Data size: 4375 Basic stats: COMPLETE Column stats: COMPLETE
                  value expressions: _col1 (type: string)
          TableScan
            alias: src2
            filterExpr: key is not null (type: boolean)
            Statistics: Num rows: 9 Data size: 1620 Basic stats: COMPLETE Column stats: COMPLETE
            Filter Operator
              predicate: key is not null (type: boolean)
              Statistics: Num rows: 9 Data size: 1620 Basic stats: COMPLETE Column stats: COMPLETE
              Select Operator
                expressions: key (type: string), value (type: string)
                outputColumnNames: _col0, _col1
                Statistics: Num rows: 9 Data size: 1620 Basic stats: COMPLETE Column stats: COMPLETE
                Reduce Output Operator
                  key expressions: _col0 (type: string)
                  null sort order: z
                  sort order: +
                  Map-reduce partition columns: _col0 (type: string)
                  Statistics: Num rows: 9 Data size: 1620 Basic stats: COMPLETE Column stats: COMPLETE
                  value expressions: _col1 (type: string)
          TableScan
            alias: src3
            filterExpr: key is not null (type: boolean)
            Statistics: Num rows: 9 Data size: 1539 Basic stats: COMPLETE Column stats: COMPLETE
            Filter Operator
              predicate: key is not null (type: boolean)
              Statistics: Num rows: 9 Data size: 1539 Basic stats: COMPLETE Column stats: COMPLETE
              Select Operator
                expressions: key (type: string), value (type: string)
                outputColumnNames: _col0, _col1
                Statistics: Num rows: 9 Data size: 1539 Basic stats: COMPLETE Column stats: COMPLETE
                Reduce Output Operator
                  key expressions: _col0 (type: string)
                  null sort order: z
                  sort order: +
                  Map-reduce partition columns: _col0 (type: string)
                  Statistics: Num rows: 9 Data size: 1539 Basic stats: COMPLETE Column stats: COMPLETE
                  value expressions: _col1 (type: string)
      Reduce Operator Tree:
        Join Operator
          condition map:
               Right Outer Join 0 to 1
               Inner Join 1 to 2
          keys:
            0 _col0 (type: string)
            1 _col0 (type: string)
            2 _col0 (type: string)
          outputColumnNames: _col0, _col1, _col2, _col3, _col4, _col5
          Statistics: Num rows: 21 Data size: 11046 Basic stats: COMPLETE Column stats: COMPLETE
          File Output Operator
            compressed: false
            table:
                input format: org.apache.hadoop.mapred.SequenceFileInputFormat
                output format: org.apache.hadoop.hive.ql.io.HiveSequenceFileOutputFormat
                serde: org.apache.hadoop.hive.serde2.lazybinary.LazyBinarySerDe

  Stage: Stage-2
    Map Reduce
      Map Operator Tree:
          TableScan
            Reduce Output Operator
              key expressions: _col0 (type: string), _col1 (type: string), _col2 (type: string), _col3 (type: string), _col4 (type: string), _col5 (type: string)
              null sort order: zzzzzz
              sort order: ++++++
              Statistics: Num rows: 21 Data size: 11046 Basic stats: COMPLETE Column stats: COMPLETE
      Execution mode: vectorized
      Reduce Operator Tree:
        Select Operator
          expressions: KEY.reducesinkkey0 (type: string), KEY.reducesinkkey1 (type: string), KEY.reducesinkkey2 (type: string), KEY.reducesinkkey3 (type: string), KEY.reducesinkkey4 (type: string), KEY.reducesinkkey5 (type: string)
          outputColumnNames: _col0, _col1, _col2, _col3, _col4, _col5
          Statistics: Num rows: 21 Data size: 11046 Basic stats: COMPLETE Column stats: COMPLETE
          File Output Operator
            compressed: false
            Statistics: Num rows: 21 Data size: 11046 Basic stats: COMPLETE Column stats: COMPLETE
            table:
                input format: org.apache.hadoop.mapred.SequenceFileInputFormat
                output format: org.apache.hadoop.hive.ql.io.HiveSequenceFileOutputFormat
                serde: org.apache.hadoop.hive.serde2.lazy.LazySimpleSerDe

  Stage: Stage-0
    Fetch Operator
      limit: -1
      Processor Tree:
        ListSink

PREHOOK: query: SELECT /*+ mapjoin(src1, src2) */ * FROM src1
  RIGHT OUTER JOIN dest_1 src2 ON (src1.key = src2.key)
  JOIN dest_2_n0 src3 ON (src2.key = src3.key)
  SORT BY src1.key, src1.value, src2.key, src2.value, src3.key, src3.value
PREHOOK: type: QUERY
PREHOOK: Input: default@dest_1
PREHOOK: Input: default@dest_2_n0
PREHOOK: Input: default@src1
#### A masked pattern was here ####
POSTHOOK: query: SELECT /*+ mapjoin(src1, src2) */ * FROM src1
  RIGHT OUTER JOIN dest_1 src2 ON (src1.key = src2.key)
  JOIN dest_2_n0 src3 ON (src2.key = src3.key)
  SORT BY src1.key, src1.value, src2.key, src2.value, src3.key, src3.value
POSTHOOK: type: QUERY
POSTHOOK: Input: default@dest_1
POSTHOOK: Input: default@dest_2_n0
POSTHOOK: Input: default@src1
#### A masked pattern was here ####
					
					
					
					
					
					
					
					
					
					
					
					
					
					
					
					
					
					
					
					
					
					
					
					
					
					
					
					
					
					
					
					
					
					
					
					
					
					
					
					
					
					
					
					
					
					
					
					
					
					
					
					
					
					
					
					
					
					
					
					
					
					
					
					
	val_165				
	val_165				
	val_165				
	val_165				
	val_165				
	val_165				
	val_165				
	val_165				
	val_165				
	val_165				
	val_165				
	val_165				
	val_165				
	val_165				
	val_165				
	val_165				
	val_193				
	val_193				
	val_193				
	val_193				
	val_193				
	val_193				
	val_193				
	val_193				
	val_193				
	val_193				
	val_193				
	val_193				
	val_193				
	val_193				
	val_193				
	val_193				
	val_265				
	val_265				
	val_265				
	val_265				
	val_265				
	val_265				
	val_265				
	val_265				
	val_265				
	val_265				
	val_265				
	val_265				
	val_265				
	val_265				
	val_265				
	val_265				
	val_27				
	val_27				
	val_27				
	val_27				
	val_27				
	val_27				
	val_27				
	val_27				
	val_27				
	val_27				
	val_27				
	val_27				
	val_27				
	val_27				
	val_27				
	val_27				
	val_409				
	val_409				
	val_409				
	val_409				
	val_409				
	val_409				
	val_409				
	val_409				
	val_409				
	val_409				
	val_409				
	val_409				
	val_409				
	val_409				
	val_409				
	val_409				
	val_484				
	val_484				
	val_484				
	val_484				
	val_484				
	val_484				
	val_484				
	val_484				
	val_484				
	val_484				
	val_484				
	val_484				
	val_484				
	val_484				
	val_484				
	val_484				
128		128		128	
146	val_146	146	val_146	146	val_146
224		224		224	
369		369		369	
NULL	NULL	333444	555666	333444	555666
PREHOOK: query: SELECT /*+ mapjoin(src1, src2) */ * FROM src1
  RIGHT OUTER JOIN dest_1 src2 ON (src1.key = src2.key)
  JOIN dest_2_n0 src3 ON (src1.key = src3.key)
  SORT BY src1.key, src1.value, src2.key, src2.value, src3.key, src3.value
PREHOOK: type: QUERY
PREHOOK: Input: default@dest_1
PREHOOK: Input: default@dest_2_n0
PREHOOK: Input: default@src1
#### A masked pattern was here ####
POSTHOOK: query: SELECT /*+ mapjoin(src1, src2) */ * FROM src1
  RIGHT OUTER JOIN dest_1 src2 ON (src1.key = src2.key)
  JOIN dest_2_n0 src3 ON (src1.key = src3.key)
  SORT BY src1.key, src1.value, src2.key, src2.value, src3.key, src3.value
POSTHOOK: type: QUERY
POSTHOOK: Input: default@dest_1
POSTHOOK: Input: default@dest_2_n0
POSTHOOK: Input: default@src1
#### A masked pattern was here ####
					
					
					
					
					
					
					
					
					
					
					
					
					
					
					
					
					
					
					
					
					
					
					
					
					
					
					
					
					
					
					
					
					
					
					
					
					
					
					
					
					
					
					
					
					
					
					
					
					
					
					
					
					
					
					
					
					
					
					
					
					
					
					
					
	val_165				
	val_165				
	val_165				
	val_165				
	val_165				
	val_165				
	val_165				
	val_165				
	val_165				
	val_165				
	val_165				
	val_165				
	val_165				
	val_165				
	val_165				
	val_165				
	val_193				
	val_193				
	val_193				
	val_193				
	val_193				
	val_193				
	val_193				
	val_193				
	val_193				
	val_193				
	val_193				
	val_193				
	val_193				
	val_193				
	val_193				
	val_193				
	val_265				
	val_265				
	val_265				
	val_265				
	val_265				
	val_265				
	val_265				
	val_265				
	val_265				
	val_265				
	val_265				
	val_265				
	val_265				
	val_265				
	val_265				
	val_265				
	val_27				
	val_27				
	val_27				
	val_27				
	val_27				
	val_27				
	val_27				
	val_27				
	val_27				
	val_27				
	val_27				
	val_27				
	val_27				
	val_27				
	val_27				
	val_27				
	val_409				
	val_409				
	val_409				
	val_409				
	val_409				
	val_409				
	val_409				
	val_409				
	val_409				
	val_409				
	val_409				
	val_409				
	val_409				
	val_409				
	val_409				
	val_409				
	val_484				
	val_484				
	val_484				
	val_484				
	val_484				
	val_484				
	val_484				
	val_484				
	val_484				
	val_484				
	val_484				
	val_484				
	val_484				
	val_484				
	val_484				
	val_484				
128		128		128	
146	val_146	146	val_146	146	val_146
224		224		224	
369		369		369	
PREHOOK: query: SELECT * FROM src1
  LEFT OUTER JOIN dest_1 src2 ON (src1.key = src2.key)
  JOIN dest_2_n0 src3 ON (src1.key = src3.key)
  SORT BY src1.key, src1.value, src2.key, src2.value, src3.key, src3.value
PREHOOK: type: QUERY
PREHOOK: Input: default@dest_1
PREHOOK: Input: default@dest_2_n0
PREHOOK: Input: default@src1
#### A masked pattern was here ####
POSTHOOK: query: SELECT * FROM src1
  LEFT OUTER JOIN dest_1 src2 ON (src1.key = src2.key)
  JOIN dest_2_n0 src3 ON (src1.key = src3.key)
  SORT BY src1.key, src1.value, src2.key, src2.value, src3.key, src3.value
POSTHOOK: type: QUERY
POSTHOOK: Input: default@dest_1
POSTHOOK: Input: default@dest_2_n0
POSTHOOK: Input: default@src1
#### A masked pattern was here ####
					
					
					
					
					
					
					
					
					
					
					
					
					
					
					
					
					
					
					
					
					
					
					
					
					
					
					
					
					
					
					
					
					
					
					
					
					
					
					
					
					
					
					
					
					
					
					
					
					
					
					
					
					
					
					
					
					
					
					
					
					
					
					
					
	val_165				
	val_165				
	val_165				
	val_165				
	val_165				
	val_165				
	val_165				
	val_165				
	val_165				
	val_165				
	val_165				
	val_165				
	val_165				
	val_165				
	val_165				
	val_165				
	val_193				
	val_193				
	val_193				
	val_193				
	val_193				
	val_193				
	val_193				
	val_193				
	val_193				
	val_193				
	val_193				
	val_193				
	val_193				
	val_193				
	val_193				
	val_193				
	val_265				
	val_265				
	val_265				
	val_265				
	val_265				
	val_265				
	val_265				
	val_265				
	val_265				
	val_265				
	val_265				
	val_265				
	val_265				
	val_265				
	val_265				
	val_265				
	val_27				
	val_27				
	val_27				
	val_27				
	val_27				
	val_27				
	val_27				
	val_27				
	val_27				
	val_27				
	val_27				
	val_27				
	val_27				
	val_27				
	val_27				
	val_27				
	val_409				
	val_409				
	val_409				
	val_409				
	val_409				
	val_409				
	val_409				
	val_409				
	val_409				
	val_409				
	val_409				
	val_409				
	val_409				
	val_409				
	val_409				
	val_409				
	val_484				
	val_484				
	val_484				
	val_484				
	val_484				
	val_484				
	val_484				
	val_484				
	val_484				
	val_484				
	val_484				
	val_484				
	val_484				
	val_484				
	val_484				
	val_484				
128		128		128	
146	val_146	146	val_146	146	val_146
224		224		224	
369		369		369	
PREHOOK: query: SELECT * FROM src1
  LEFT OUTER JOIN dest_1 src2 ON (src1.key = src2.key)
  JOIN dest_2_n0 src3 ON (src2.key = src3.key)
  SORT BY src1.key, src1.value, src2.key, src2.value, src3.key, src3.value
PREHOOK: type: QUERY
PREHOOK: Input: default@dest_1
PREHOOK: Input: default@dest_2_n0
PREHOOK: Input: default@src1
#### A masked pattern was here ####
POSTHOOK: query: SELECT * FROM src1
  LEFT OUTER JOIN dest_1 src2 ON (src1.key = src2.key)
  JOIN dest_2_n0 src3 ON (src2.key = src3.key)
  SORT BY src1.key, src1.value, src2.key, src2.value, src3.key, src3.value
POSTHOOK: type: QUERY
POSTHOOK: Input: default@dest_1
POSTHOOK: Input: default@dest_2_n0
POSTHOOK: Input: default@src1
#### A masked pattern was here ####
					
					
					
					
					
					
					
					
					
					
					
					
					
					
					
					
					
					
					
					
					
					
					
					
					
					
					
					
					
					
					
					
					
					
					
					
					
					
					
					
					
					
					
					
					
					
					
					
					
					
					
					
					
					
					
					
					
					
					
					
					
					
					
					
	val_165				
	val_165				
	val_165				
	val_165				
	val_165				
	val_165				
	val_165				
	val_165				
	val_165				
	val_165				
	val_165				
	val_165				
	val_165				
	val_165				
	val_165				
	val_165				
	val_193				
	val_193				
	val_193				
	val_193				
	val_193				
	val_193				
	val_193				
	val_193				
	val_193				
	val_193				
	val_193				
	val_193				
	val_193				
	val_193				
	val_193				
	val_193				
	val_265				
	val_265				
	val_265				
	val_265				
	val_265				
	val_265				
	val_265				
	val_265				
	val_265				
	val_265				
	val_265				
	val_265				
	val_265				
	val_265				
	val_265				
	val_265				
	val_27				
	val_27				
	val_27				
	val_27				
	val_27				
	val_27				
	val_27				
	val_27				
	val_27				
	val_27				
	val_27				
	val_27				
	val_27				
	val_27				
	val_27				
	val_27				
	val_409				
	val_409				
	val_409				
	val_409				
	val_409				
	val_409				
	val_409				
	val_409				
	val_409				
	val_409				
	val_409				
	val_409				
	val_409				
	val_409				
	val_409				
	val_409				
	val_484				
	val_484				
	val_484				
	val_484				
	val_484				
	val_484				
	val_484				
	val_484				
	val_484				
	val_484				
	val_484				
	val_484				
	val_484				
	val_484				
	val_484				
	val_484				
128		128		128	
146	val_146	146	val_146	146	val_146
224		224		224	
369		369		369	
PREHOOK: query: explain
SELECT * FROM src1
  RIGHT OUTER JOIN dest_1 src2 ON (src1.key = src2.key)
  JOIN dest_2_n0 src3 ON (src2.key = src3.key)
  SORT BY src1.key, src1.value, src2.key, src2.value, src3.key, src3.value
PREHOOK: type: QUERY
PREHOOK: Input: default@dest_1
PREHOOK: Input: default@dest_2_n0
PREHOOK: Input: default@src1
#### A masked pattern was here ####
POSTHOOK: query: explain
SELECT * FROM src1
  RIGHT OUTER JOIN dest_1 src2 ON (src1.key = src2.key)
  JOIN dest_2_n0 src3 ON (src2.key = src3.key)
  SORT BY src1.key, src1.value, src2.key, src2.value, src3.key, src3.value
POSTHOOK: type: QUERY
POSTHOOK: Input: default@dest_1
POSTHOOK: Input: default@dest_2_n0
POSTHOOK: Input: default@src1
#### A masked pattern was here ####
STAGE DEPENDENCIES:
  Stage-6 is a root stage
  Stage-2 depends on stages: Stage-6
  Stage-0 depends on stages: Stage-2

STAGE PLANS:
  Stage: Stage-6
    Map Reduce Local Work
      Alias -> Map Local Tables:
        $hdt$_0:src1 
          Fetch Operator
            limit: -1
        $hdt$_1:src2 
          Fetch Operator
            limit: -1
      Alias -> Map Local Operator Tree:
        $hdt$_0:src1 
          TableScan
            alias: src1
            filterExpr: key is not null (type: boolean)
            Statistics: Num rows: 25 Data size: 4375 Basic stats: COMPLETE Column stats: COMPLETE
            Filter Operator
              predicate: key is not null (type: boolean)
              Statistics: Num rows: 25 Data size: 4375 Basic stats: COMPLETE Column stats: COMPLETE
              Select Operator
                expressions: key (type: string), value (type: string)
                outputColumnNames: _col0, _col1
                Statistics: Num rows: 25 Data size: 4375 Basic stats: COMPLETE Column stats: COMPLETE
                HashTable Sink Operator
                  keys:
                    0 _col0 (type: string)
                    1 _col0 (type: string)
                    2 _col0 (type: string)
        $hdt$_1:src2 
          TableScan
            alias: src2
            filterExpr: key is not null (type: boolean)
            Statistics: Num rows: 9 Data size: 1620 Basic stats: COMPLETE Column stats: COMPLETE
            Filter Operator
              predicate: key is not null (type: boolean)
              Statistics: Num rows: 9 Data size: 1620 Basic stats: COMPLETE Column stats: COMPLETE
              Select Operator
                expressions: key (type: string), value (type: string)
                outputColumnNames: _col0, _col1
                Statistics: Num rows: 9 Data size: 1620 Basic stats: COMPLETE Column stats: COMPLETE
                HashTable Sink Operator
                  keys:
                    0 _col0 (type: string)
                    1 _col0 (type: string)
                    2 _col0 (type: string)

  Stage: Stage-2
    Map Reduce
      Map Operator Tree:
          TableScan
            alias: src3
            filterExpr: key is not null (type: boolean)
            Statistics: Num rows: 9 Data size: 1539 Basic stats: COMPLETE Column stats: COMPLETE
            Filter Operator
              predicate: key is not null (type: boolean)
              Statistics: Num rows: 9 Data size: 1539 Basic stats: COMPLETE Column stats: COMPLETE
              Select Operator
                expressions: key (type: string), value (type: string)
                outputColumnNames: _col0, _col1
                Statistics: Num rows: 9 Data size: 1539 Basic stats: COMPLETE Column stats: COMPLETE
                Map Join Operator
                  condition map:
                       Right Outer Join 0 to 1
                       Inner Join 1 to 2
                  keys:
                    0 _col0 (type: string)
                    1 _col0 (type: string)
                    2 _col0 (type: string)
                  outputColumnNames: _col0, _col1, _col2, _col3, _col4, _col5
                  Statistics: Num rows: 21 Data size: 11046 Basic stats: COMPLETE Column stats: COMPLETE
                  Reduce Output Operator
                    key expressions: _col0 (type: string), _col1 (type: string), _col2 (type: string), _col3 (type: string), _col4 (type: string), _col5 (type: string)
                    null sort order: zzzzzz
                    sort order: ++++++
                    Statistics: Num rows: 21 Data size: 11046 Basic stats: COMPLETE Column stats: COMPLETE
      Execution mode: vectorized
      Local Work:
        Map Reduce Local Work
      Reduce Operator Tree:
        Select Operator
          expressions: KEY.reducesinkkey0 (type: string), KEY.reducesinkkey1 (type: string), KEY.reducesinkkey2 (type: string), KEY.reducesinkkey3 (type: string), KEY.reducesinkkey4 (type: string), KEY.reducesinkkey5 (type: string)
          outputColumnNames: _col0, _col1, _col2, _col3, _col4, _col5
          Statistics: Num rows: 21 Data size: 11046 Basic stats: COMPLETE Column stats: COMPLETE
          File Output Operator
            compressed: false
            Statistics: Num rows: 21 Data size: 11046 Basic stats: COMPLETE Column stats: COMPLETE
            table:
                input format: org.apache.hadoop.mapred.SequenceFileInputFormat
                output format: org.apache.hadoop.hive.ql.io.HiveSequenceFileOutputFormat
                serde: org.apache.hadoop.hive.serde2.lazy.LazySimpleSerDe

  Stage: Stage-0
    Fetch Operator
      limit: -1
      Processor Tree:
        ListSink

PREHOOK: query: SELECT * FROM src1
  RIGHT OUTER JOIN dest_1 src2 ON (src1.key = src2.key)
  JOIN dest_2_n0 src3 ON (src2.key = src3.key)
  SORT BY src1.key, src1.value, src2.key, src2.value, src3.key, src3.value
PREHOOK: type: QUERY
PREHOOK: Input: default@dest_1
PREHOOK: Input: default@dest_2_n0
PREHOOK: Input: default@src1
#### A masked pattern was here ####
POSTHOOK: query: SELECT * FROM src1
  RIGHT OUTER JOIN dest_1 src2 ON (src1.key = src2.key)
  JOIN dest_2_n0 src3 ON (src2.key = src3.key)
  SORT BY src1.key, src1.value, src2.key, src2.value, src3.key, src3.value
POSTHOOK: type: QUERY
POSTHOOK: Input: default@dest_1
POSTHOOK: Input: default@dest_2_n0
POSTHOOK: Input: default@src1
#### A masked pattern was here ####
					
					
					
					
					
					
					
					
					
					
					
					
					
					
					
					
					
					
					
					
					
					
					
					
					
					
					
					
					
					
					
					
					
					
					
					
					
					
					
					
					
					
					
					
					
					
					
					
					
					
					
					
					
					
					
					
					
					
					
					
					
					
					
					
	val_165				
	val_165				
	val_165				
	val_165				
	val_165				
	val_165				
	val_165				
	val_165				
	val_165				
	val_165				
	val_165				
	val_165				
	val_165				
	val_165				
	val_165				
	val_165				
	val_193				
	val_193				
	val_193				
	val_193				
	val_193				
	val_193				
	val_193				
	val_193				
	val_193				
	val_193				
	val_193				
	val_193				
	val_193				
	val_193				
	val_193				
	val_193				
	val_265				
	val_265				
	val_265				
	val_265				
	val_265				
	val_265				
	val_265				
	val_265				
	val_265				
	val_265				
	val_265				
	val_265				
	val_265				
	val_265				
	val_265				
	val_265				
	val_27				
	val_27				
	val_27				
	val_27				
	val_27				
	val_27				
	val_27				
	val_27				
	val_27				
	val_27				
	val_27				
	val_27				
	val_27				
	val_27				
	val_27				
	val_27				
	val_409				
	val_409				
	val_409				
	val_409				
	val_409				
	val_409				
	val_409				
	val_409				
	val_409				
	val_409				
	val_409				
	val_409				
	val_409				
	val_409				
	val_409				
	val_409				
	val_484				
	val_484				
	val_484				
	val_484				
	val_484				
	val_484				
	val_484				
	val_484				
	val_484				
	val_484				
	val_484				
	val_484				
	val_484				
	val_484				
	val_484				
	val_484				
128		128		128	
146	val_146	146	val_146	146	val_146
224		224		224	
369		369		369	
NULL	NULL	333444	555666	333444	555666
