PREHOOK: query: drop table masking_test_n2
PREHOOK: type: DROPTABLE
POSTHOOK: query: drop table masking_test_n2
POSTHOOK: type: DROPTABLE
PREHOOK: query: create table masking_test_n2 as select cast(key as int) as key, value, '12' from src
PREHOOK: type: CREATETABLE_AS_SELECT
PREHOOK: Input: default@src
PREHOOK: Output: database:default
PREHOOK: Output: default@masking_test_n2
POSTHOOK: query: create table masking_test_n2 as select cast(key as int) as key, value, '12' from src
POSTHOOK: type: CREATETABLE_AS_SELECT
POSTHOOK: Input: default@src
POSTHOOK: Output: database:default
POSTHOOK: Output: default@masking_test_n2
POSTHOOK: Lineage: masking_test_n2._c2 SIMPLE []
POSTHOOK: Lineage: masking_test_n2.key EXPRESSION [(src)src.FieldSchema(name:key, type:string, comment:default), ]
POSTHOOK: Lineage: masking_test_n2.value SIMPLE [(src)src.FieldSchema(name:value, type:string, comment:default), ]
PREHOOK: query: explain select *, ROW__ID from masking_test_n2
PREHOOK: type: QUERY
POSTHOOK: query: explain select *, ROW__ID from masking_test_n2
POSTHOOK: type: QUERY
STAGE DEPENDENCIES:
  Stage-1 is a root stage
  Stage-0 depends on stages: Stage-1

STAGE PLANS:
  Stage: Stage-1
    Map Reduce
      Map Operator Tree:
          TableScan
            alias: masking_test_n2
            Statistics: Num rows: 500 Data size: 6812 Basic stats: COMPLETE Column stats: NONE
            Filter Operator
              predicate: (((key % 2) = 0) and (key < 10)) (type: boolean)
              Statistics: Num rows: 83 Data size: 1130 Basic stats: COMPLETE Column stats: NONE
              Select Operator
                expressions: key (type: int), reverse(value) (type: string), _c2 (type: string), ROW__ID (type: struct<writeid:bigint,bucketid:int,rowid:bigint>)
                outputColumnNames: _col0, _col1, _col2, _col3
                Statistics: Num rows: 83 Data size: 1130 Basic stats: COMPLETE Column stats: NONE
                File Output Operator
                  compressed: false
                  Statistics: Num rows: 83 Data size: 1130 Basic stats: COMPLETE Column stats: NONE
                  table:
                      input format: org.apache.hadoop.mapred.SequenceFileInputFormat
                      output format: org.apache.hadoop.hive.ql.io.HiveSequenceFileOutputFormat
                      serde: org.apache.hadoop.hive.serde2.lazy.LazySimpleSerDe
      Execution mode: vectorized

  Stage: Stage-0
    Fetch Operator
      limit: -1
      Processor Tree:
        ListSink

PREHOOK: query: select *, ROW__ID from masking_test_n2
PREHOOK: type: QUERY
PREHOOK: Input: default@masking_test_n2
#### A masked pattern was here ####
POSTHOOK: query: select *, ROW__ID from masking_test_n2
POSTHOOK: type: QUERY
POSTHOOK: Input: default@masking_test_n2
#### A masked pattern was here ####
0	0_lav	12	NULL
4	4_lav	12	NULL
8	8_lav	12	NULL
0	0_lav	12	NULL
0	0_lav	12	NULL
2	2_lav	12	NULL
PREHOOK: query: explain select * from masking_test_n2
PREHOOK: type: QUERY
POSTHOOK: query: explain select * from masking_test_n2
POSTHOOK: type: QUERY
STAGE DEPENDENCIES:
  Stage-1 is a root stage
  Stage-0 depends on stages: Stage-1

STAGE PLANS:
  Stage: Stage-1
    Map Reduce
      Map Operator Tree:
          TableScan
            alias: masking_test_n2
            Statistics: Num rows: 500 Data size: 6812 Basic stats: COMPLETE Column stats: NONE
            Filter Operator
              predicate: (((key % 2) = 0) and (key < 10)) (type: boolean)
              Statistics: Num rows: 83 Data size: 1130 Basic stats: COMPLETE Column stats: NONE
              Select Operator
                expressions: key (type: int), reverse(value) (type: string), _c2 (type: string)
                outputColumnNames: _col0, _col1, _col2
                Statistics: Num rows: 83 Data size: 1130 Basic stats: COMPLETE Column stats: NONE
                File Output Operator
                  compressed: false
                  Statistics: Num rows: 83 Data size: 1130 Basic stats: COMPLETE Column stats: NONE
                  table:
                      input format: org.apache.hadoop.mapred.SequenceFileInputFormat
                      output format: org.apache.hadoop.hive.ql.io.HiveSequenceFileOutputFormat
                      serde: org.apache.hadoop.hive.serde2.lazy.LazySimpleSerDe
      Execution mode: vectorized

  Stage: Stage-0
    Fetch Operator
      limit: -1
      Processor Tree:
        ListSink

PREHOOK: query: select * from masking_test_n2
PREHOOK: type: QUERY
PREHOOK: Input: default@masking_test_n2
#### A masked pattern was here ####
POSTHOOK: query: select * from masking_test_n2
POSTHOOK: type: QUERY
POSTHOOK: Input: default@masking_test_n2
#### A masked pattern was here ####
0	0_lav	12
4	4_lav	12
8	8_lav	12
0	0_lav	12
0	0_lav	12
2	2_lav	12
PREHOOK: query: explain select INPUT__FILE__NAME, *, ROW__ID from masking_test_n2
PREHOOK: type: QUERY
POSTHOOK: query: explain select INPUT__FILE__NAME, *, ROW__ID from masking_test_n2
POSTHOOK: type: QUERY
STAGE DEPENDENCIES:
  Stage-1 is a root stage
  Stage-0 depends on stages: Stage-1

STAGE PLANS:
  Stage: Stage-1
    Map Reduce
      Map Operator Tree:
          TableScan
            alias: masking_test_n2
            Statistics: Num rows: 500 Data size: 6812 Basic stats: COMPLETE Column stats: NONE
            Filter Operator
              predicate: (((key % 2) = 0) and (key < 10)) (type: boolean)
              Statistics: Num rows: 83 Data size: 1130 Basic stats: COMPLETE Column stats: NONE
              Select Operator
                expressions: INPUT__FILE__NAME (type: string), key (type: int), reverse(value) (type: string), _c2 (type: string), ROW__ID (type: struct<writeid:bigint,bucketid:int,rowid:bigint>)
                outputColumnNames: _col0, _col1, _col2, _col3, _col4
                Statistics: Num rows: 83 Data size: 1130 Basic stats: COMPLETE Column stats: NONE
                File Output Operator
                  compressed: false
                  Statistics: Num rows: 83 Data size: 1130 Basic stats: COMPLETE Column stats: NONE
                  table:
                      input format: org.apache.hadoop.mapred.SequenceFileInputFormat
                      output format: org.apache.hadoop.hive.ql.io.HiveSequenceFileOutputFormat
                      serde: org.apache.hadoop.hive.serde2.lazy.LazySimpleSerDe

  Stage: Stage-0
    Fetch Operator
      limit: -1
      Processor Tree:
        ListSink

PREHOOK: query: select INPUT__FILE__NAME, *, ROW__ID from masking_test_n2
PREHOOK: type: QUERY
PREHOOK: Input: default@masking_test_n2
#### A masked pattern was here ####
POSTHOOK: query: select INPUT__FILE__NAME, *, ROW__ID from masking_test_n2
POSTHOOK: type: QUERY
POSTHOOK: Input: default@masking_test_n2
#### A masked pattern was here ####
PREHOOK: query: drop table masking_test_n2
PREHOOK: type: DROPTABLE
PREHOOK: Input: default@masking_test_n2
PREHOOK: Output: default@masking_test_n2
POSTHOOK: query: drop table masking_test_n2
POSTHOOK: type: DROPTABLE
POSTHOOK: Input: default@masking_test_n2
POSTHOOK: Output: default@masking_test_n2
PREHOOK: query: create table masking_test_n2 as select cast(key as int) as key, '12'
'12', '12', '12', '12', '12', '12', '12', '12', '12', '12'
 from src
PREHOOK: type: CREATETABLE_AS_SELECT
PREHOOK: Input: default@src
PREHOOK: Output: database:default
PREHOOK: Output: default@masking_test_n2
POSTHOOK: query: create table masking_test_n2 as select cast(key as int) as key, '12'
'12', '12', '12', '12', '12', '12', '12', '12', '12', '12'
 from src
POSTHOOK: type: CREATETABLE_AS_SELECT
POSTHOOK: Input: default@src
POSTHOOK: Output: database:default
POSTHOOK: Output: default@masking_test_n2
POSTHOOK: Lineage: masking_test_n2._c1 SIMPLE []
POSTHOOK: Lineage: masking_test_n2._c10 SIMPLE []
POSTHOOK: Lineage: masking_test_n2._c2 SIMPLE []
POSTHOOK: Lineage: masking_test_n2._c3 SIMPLE []
POSTHOOK: Lineage: masking_test_n2._c4 SIMPLE []
POSTHOOK: Lineage: masking_test_n2._c5 SIMPLE []
POSTHOOK: Lineage: masking_test_n2._c6 SIMPLE []
POSTHOOK: Lineage: masking_test_n2._c7 SIMPLE []
POSTHOOK: Lineage: masking_test_n2._c8 SIMPLE []
POSTHOOK: Lineage: masking_test_n2._c9 SIMPLE []
POSTHOOK: Lineage: masking_test_n2.key EXPRESSION [(src)src.FieldSchema(name:key, type:string, comment:default), ]
PREHOOK: query: explain select ROW__ID, * from masking_test_n2
PREHOOK: type: QUERY
POSTHOOK: query: explain select ROW__ID, * from masking_test_n2
POSTHOOK: type: QUERY
STAGE DEPENDENCIES:
  Stage-1 is a root stage
  Stage-0 depends on stages: Stage-1

STAGE PLANS:
  Stage: Stage-1
    Map Reduce
      Map Operator Tree:
          TableScan
            alias: masking_test_n2
            Statistics: Num rows: 500 Data size: 17406 Basic stats: COMPLETE Column stats: NONE
            Filter Operator
              predicate: (((key % 2) = 0) and (key < 10)) (type: boolean)
              Statistics: Num rows: 83 Data size: 2889 Basic stats: COMPLETE Column stats: NONE
              Select Operator
                expressions: ROW__ID (type: struct<writeid:bigint,bucketid:int,rowid:bigint>), key (type: int), _c1 (type: string), _c2 (type: string), _c3 (type: string), _c4 (type: string), _c5 (type: string), _c6 (type: string), _c7 (type: string), _c8 (type: string), _c9 (type: string), _c10 (type: string)
                outputColumnNames: _col0, _col1, _col2, _col3, _col4, _col5, _col6, _col7, _col8, _col9, _col10, _col11
                Statistics: Num rows: 83 Data size: 2889 Basic stats: COMPLETE Column stats: NONE
                File Output Operator
                  compressed: false
                  Statistics: Num rows: 83 Data size: 2889 Basic stats: COMPLETE Column stats: NONE
                  table:
                      input format: org.apache.hadoop.mapred.SequenceFileInputFormat
                      output format: org.apache.hadoop.hive.ql.io.HiveSequenceFileOutputFormat
                      serde: org.apache.hadoop.hive.serde2.lazy.LazySimpleSerDe
      Execution mode: vectorized

  Stage: Stage-0
    Fetch Operator
      limit: -1
      Processor Tree:
        ListSink

PREHOOK: query: select ROW__ID, * from masking_test_n2
PREHOOK: type: QUERY
PREHOOK: Input: default@masking_test_n2
#### A masked pattern was here ####
POSTHOOK: query: select ROW__ID, * from masking_test_n2
POSTHOOK: type: QUERY
POSTHOOK: Input: default@masking_test_n2
#### A masked pattern was here ####
NULL	0	1212	12	12	12	12	12	12	12	12	12
NULL	4	1212	12	12	12	12	12	12	12	12	12
NULL	8	1212	12	12	12	12	12	12	12	12	12
NULL	0	1212	12	12	12	12	12	12	12	12	12
NULL	0	1212	12	12	12	12	12	12	12	12	12
NULL	2	1212	12	12	12	12	12	12	12	12	12
PREHOOK: query: drop table masking_test_n2
PREHOOK: type: DROPTABLE
PREHOOK: Input: default@masking_test_n2
PREHOOK: Output: default@masking_test_n2
POSTHOOK: query: drop table masking_test_n2
POSTHOOK: type: DROPTABLE
POSTHOOK: Input: default@masking_test_n2
POSTHOOK: Output: default@masking_test_n2
PREHOOK: query: create table masking_test_n2 as select cast(key as int) as key, '12'
'12', '12', '12', '12', '12', INPUT__FILE__NAME, '12', '12', '12', '12', '12'
 from src
PREHOOK: type: CREATETABLE_AS_SELECT
PREHOOK: Input: default@src
PREHOOK: Output: database:default
PREHOOK: Output: default@masking_test_n2
POSTHOOK: query: create table masking_test_n2 as select cast(key as int) as key, '12'
'12', '12', '12', '12', '12', INPUT__FILE__NAME, '12', '12', '12', '12', '12'
 from src
POSTHOOK: type: CREATETABLE_AS_SELECT
POSTHOOK: Input: default@src
POSTHOOK: Output: database:default
POSTHOOK: Output: default@masking_test_n2
POSTHOOK: Lineage: masking_test_n2._c1 SIMPLE []
POSTHOOK: Lineage: masking_test_n2._c10 SIMPLE []
POSTHOOK: Lineage: masking_test_n2._c11 SIMPLE []
POSTHOOK: Lineage: masking_test_n2._c2 SIMPLE []
POSTHOOK: Lineage: masking_test_n2._c3 SIMPLE []
POSTHOOK: Lineage: masking_test_n2._c4 SIMPLE []
POSTHOOK: Lineage: masking_test_n2._c5 SIMPLE []
POSTHOOK: Lineage: masking_test_n2._c7 SIMPLE []
POSTHOOK: Lineage: masking_test_n2._c8 SIMPLE []
POSTHOOK: Lineage: masking_test_n2._c9 SIMPLE []
POSTHOOK: Lineage: masking_test_n2.input__file__name SIMPLE [(src)src.FieldSchema(name:INPUT__FILE__NAME, type:string, comment:), ]
POSTHOOK: Lineage: masking_test_n2.key EXPRESSION [(src)src.FieldSchema(name:key, type:string, comment:default), ]
PREHOOK: query: select INPUT__FILE__NAME, *, ROW__ID from masking_test_n2
PREHOOK: type: QUERY
PREHOOK: Input: default@masking_test_n2
#### A masked pattern was here ####
POSTHOOK: query: select INPUT__FILE__NAME, *, ROW__ID from masking_test_n2
POSTHOOK: type: QUERY
POSTHOOK: Input: default@masking_test_n2
#### A masked pattern was here ####
