PREHOOK: query: drop table masking_test
PREHOOK: type: DROPTABLE
POSTHOOK: query: drop table masking_test
POSTHOOK: type: DROPTABLE
PREHOOK: query: create temporary table masking_test as select cast(key as int) as key, value from src
PREHOOK: type: CREATETABLE_AS_SELECT
PREHOOK: Input: default@src
PREHOOK: Output: database:default
PREHOOK: Output: default@masking_test
POSTHOOK: query: create temporary table masking_test as select cast(key as int) as key, value from src
POSTHOOK: type: CREATETABLE_AS_SELECT
POSTHOOK: Input: default@src
POSTHOOK: Output: database:default
POSTHOOK: Output: default@masking_test
PREHOOK: query: explain select 2017 as a, value from masking_test group by 1, 2
PREHOOK: type: QUERY
POSTHOOK: query: explain select 2017 as a, value from masking_test group by 1, 2
POSTHOOK: type: QUERY
STAGE DEPENDENCIES:
  Stage-1 is a root stage
  Stage-0 depends on stages: Stage-1

STAGE PLANS:
  Stage: Stage-1
    Map Reduce
      Map Operator Tree:
          TableScan
            alias: masking_test
            Statistics: Num rows: 500 Data size: 5312 Basic stats: COMPLETE Column stats: NONE
            Filter Operator
              predicate: (((key % 2) = 0) and (key < 10)) (type: boolean)
              Statistics: Num rows: 83 Data size: 881 Basic stats: COMPLETE Column stats: NONE
              Select Operator
                expressions: reverse(value) (type: string)
                outputColumnNames: _col0
                Statistics: Num rows: 83 Data size: 881 Basic stats: COMPLETE Column stats: NONE
                Group By Operator
                  keys: _col0 (type: string)
                  mode: hash
                  outputColumnNames: _col0
                  Statistics: Num rows: 83 Data size: 881 Basic stats: COMPLETE Column stats: NONE
                  Reduce Output Operator
                    key expressions: _col0 (type: string)
                    sort order: +
                    Map-reduce partition columns: _col0 (type: string)
                    Statistics: Num rows: 83 Data size: 881 Basic stats: COMPLETE Column stats: NONE
      Reduce Operator Tree:
        Group By Operator
          keys: KEY._col0 (type: string)
          mode: mergepartial
          outputColumnNames: _col0
          Statistics: Num rows: 41 Data size: 435 Basic stats: COMPLETE Column stats: NONE
          Select Operator
            expressions: 2017 (type: int), _col0 (type: string)
            outputColumnNames: _col0, _col1
            Statistics: Num rows: 41 Data size: 435 Basic stats: COMPLETE Column stats: NONE
            File Output Operator
              compressed: false
              Statistics: Num rows: 41 Data size: 435 Basic stats: COMPLETE Column stats: NONE
              table:
                  input format: org.apache.hadoop.mapred.SequenceFileInputFormat
                  output format: org.apache.hadoop.hive.ql.io.HiveSequenceFileOutputFormat
                  serde: org.apache.hadoop.hive.serde2.lazy.LazySimpleSerDe

  Stage: Stage-0
    Fetch Operator
      limit: -1
      Processor Tree:
        ListSink

PREHOOK: query: select 2017 as a, value from masking_test group by 1, 2
PREHOOK: type: QUERY
PREHOOK: Input: default@masking_test
#### A masked pattern was here ####
POSTHOOK: query: select 2017 as a, value from masking_test group by 1, 2
POSTHOOK: type: QUERY
POSTHOOK: Input: default@masking_test
#### A masked pattern was here ####
2017	0_lav
2017	2_lav
2017	4_lav
2017	8_lav
Warning: Shuffle Join JOIN[34][tables = [$hdt$_0, $hdt$_1]] in Stage 'Stage-1:MAPRED' is a cross product
PREHOOK: query: explain
select * from
  masking_test alias01
  left join
  (
      select 2017 as a, value from masking_test group by 1, 2
  ) alias02
  on alias01.key = alias02.a
  left join
  masking_test alias03
on alias01.key = alias03.key
PREHOOK: type: QUERY
POSTHOOK: query: explain
select * from
  masking_test alias01
  left join
  (
      select 2017 as a, value from masking_test group by 1, 2
  ) alias02
  on alias01.key = alias02.a
  left join
  masking_test alias03
on alias01.key = alias03.key
POSTHOOK: type: QUERY
STAGE DEPENDENCIES:
  Stage-3 is a root stage
  Stage-1 depends on stages: Stage-3
  Stage-2 depends on stages: Stage-1
  Stage-0 depends on stages: Stage-2

STAGE PLANS:
  Stage: Stage-3
    Map Reduce
      Map Operator Tree:
          TableScan
            alias: masking_test
            Statistics: Num rows: 500 Data size: 5312 Basic stats: COMPLETE Column stats: NONE
            Filter Operator
              predicate: (((key % 2) = 0) and (key < 10)) (type: boolean)
              Statistics: Num rows: 83 Data size: 881 Basic stats: COMPLETE Column stats: NONE
              Select Operator
                expressions: reverse(value) (type: string)
                outputColumnNames: _col0
                Statistics: Num rows: 83 Data size: 881 Basic stats: COMPLETE Column stats: NONE
                Group By Operator
                  keys: _col0 (type: string)
                  mode: hash
                  outputColumnNames: _col0
                  Statistics: Num rows: 83 Data size: 881 Basic stats: COMPLETE Column stats: NONE
                  Reduce Output Operator
                    key expressions: _col0 (type: string)
                    sort order: +
                    Map-reduce partition columns: _col0 (type: string)
                    Statistics: Num rows: 83 Data size: 881 Basic stats: COMPLETE Column stats: NONE
      Reduce Operator Tree:
        Group By Operator
          keys: KEY._col0 (type: string)
          mode: mergepartial
          outputColumnNames: _col0
          Statistics: Num rows: 41 Data size: 435 Basic stats: COMPLETE Column stats: NONE
          Select Operator
            expressions: 2017 (type: int), _col0 (type: string)
            outputColumnNames: _col0, _col1
            Statistics: Num rows: 41 Data size: 435 Basic stats: COMPLETE Column stats: NONE
            File Output Operator
              compressed: false
              table:
                  input format: org.apache.hadoop.mapred.SequenceFileInputFormat
                  output format: org.apache.hadoop.hive.ql.io.HiveSequenceFileOutputFormat
                  serde: org.apache.hadoop.hive.serde2.lazybinary.LazyBinarySerDe

  Stage: Stage-1
    Map Reduce
      Map Operator Tree:
          TableScan
            alias: masking_test
            Statistics: Num rows: 500 Data size: 5312 Basic stats: COMPLETE Column stats: NONE
            Filter Operator
              predicate: (((key % 2) = 0) and (key < 10)) (type: boolean)
              Statistics: Num rows: 83 Data size: 881 Basic stats: COMPLETE Column stats: NONE
              Select Operator
                expressions: key (type: int), reverse(value) (type: string)
                outputColumnNames: _col0, _col1
                Statistics: Num rows: 83 Data size: 881 Basic stats: COMPLETE Column stats: NONE
                Reduce Output Operator
                  sort order: 
                  Statistics: Num rows: 83 Data size: 881 Basic stats: COMPLETE Column stats: NONE
                  value expressions: _col0 (type: int), _col1 (type: string)
          TableScan
            Reduce Output Operator
              sort order: 
              Statistics: Num rows: 41 Data size: 435 Basic stats: COMPLETE Column stats: NONE
              value expressions: _col0 (type: int), _col1 (type: string)
      Reduce Operator Tree:
        Join Operator
          condition map:
               Left Outer Join 0 to 1
          filter predicates:
            0 {(VALUE._col0 = 2017)}
            1 
          keys:
            0 
            1 
          outputColumnNames: _col0, _col1, _col2, _col3
          Statistics: Num rows: 3403 Data size: 75629 Basic stats: COMPLETE Column stats: NONE
          File Output Operator
            compressed: false
            table:
                input format: org.apache.hadoop.mapred.SequenceFileInputFormat
                output format: org.apache.hadoop.hive.ql.io.HiveSequenceFileOutputFormat
                serde: org.apache.hadoop.hive.serde2.lazybinary.LazyBinarySerDe

  Stage: Stage-2
    Map Reduce
      Map Operator Tree:
          TableScan
            Reduce Output Operator
              key expressions: _col0 (type: int)
              sort order: +
              Map-reduce partition columns: _col0 (type: int)
              Statistics: Num rows: 3403 Data size: 75629 Basic stats: COMPLETE Column stats: NONE
              value expressions: _col1 (type: string), _col2 (type: int), _col3 (type: string)
          TableScan
            alias: masking_test
            Statistics: Num rows: 500 Data size: 5312 Basic stats: COMPLETE Column stats: NONE
            Filter Operator
              predicate: (((key % 2) = 0) and (key < 10)) (type: boolean)
              Statistics: Num rows: 83 Data size: 881 Basic stats: COMPLETE Column stats: NONE
              Select Operator
                expressions: key (type: int), reverse(value) (type: string)
                outputColumnNames: _col0, _col1
                Statistics: Num rows: 83 Data size: 881 Basic stats: COMPLETE Column stats: NONE
                Reduce Output Operator
                  key expressions: _col0 (type: int)
                  sort order: +
                  Map-reduce partition columns: _col0 (type: int)
                  Statistics: Num rows: 83 Data size: 881 Basic stats: COMPLETE Column stats: NONE
                  value expressions: _col1 (type: string)
      Reduce Operator Tree:
        Join Operator
          condition map:
               Left Outer Join 0 to 1
          keys:
            0 _col0 (type: int)
            1 _col0 (type: int)
          outputColumnNames: _col0, _col1, _col2, _col3, _col4, _col5
          Statistics: Num rows: 3743 Data size: 83191 Basic stats: COMPLETE Column stats: NONE
          File Output Operator
            compressed: false
            Statistics: Num rows: 3743 Data size: 83191 Basic stats: COMPLETE Column stats: NONE
            table:
                input format: org.apache.hadoop.mapred.SequenceFileInputFormat
                output format: org.apache.hadoop.hive.ql.io.HiveSequenceFileOutputFormat
                serde: org.apache.hadoop.hive.serde2.lazy.LazySimpleSerDe

  Stage: Stage-0
    Fetch Operator
      limit: -1
      Processor Tree:
        ListSink

