PREHOOK: query: create database newdb
PREHOOK: type: CREATEDATABASE
PREHOOK: Output: database:newdb
POSTHOOK: query: create database newdb
POSTHOOK: type: CREATEDATABASE
POSTHOOK: Output: database:newdb
PREHOOK: query: use newdb
PREHOOK: type: SWITCHDATABASE
PREHOOK: Input: database:newdb
POSTHOOK: query: use newdb
POSTHOOK: type: SWITCHDATABASE
POSTHOOK: Input: database:newdb
PREHOOK: query: create table masking_test_n12 as select cast(key as int) as key, value from default.src
PREHOOK: type: CREATETABLE_AS_SELECT
PREHOOK: Input: default@src
PREHOOK: Output: database:newdb
PREHOOK: Output: newdb@masking_test_n12
POSTHOOK: query: create table masking_test_n12 as select cast(key as int) as key, value from default.src
POSTHOOK: type: CREATETABLE_AS_SELECT
POSTHOOK: Input: default@src
POSTHOOK: Output: database:newdb
POSTHOOK: Output: newdb@masking_test_n12
POSTHOOK: Lineage: masking_test_n12.key EXPRESSION [(src)src.FieldSchema(name:key, type:string, comment:default), ]
POSTHOOK: Lineage: masking_test_n12.value SIMPLE [(src)src.FieldSchema(name:value, type:string, comment:default), ]
PREHOOK: query: use default
PREHOOK: type: SWITCHDATABASE
PREHOOK: Input: database:default
POSTHOOK: query: use default
POSTHOOK: type: SWITCHDATABASE
POSTHOOK: Input: database:default
PREHOOK: query: explain select * from newdb.masking_test_n12
PREHOOK: type: QUERY
POSTHOOK: query: explain select * from newdb.masking_test_n12
POSTHOOK: type: QUERY
STAGE DEPENDENCIES:
  Stage-1 is a root stage
  Stage-0 depends on stages: Stage-1

STAGE PLANS:
  Stage: Stage-1
    Map Reduce
      Map Operator Tree:
          TableScan
            alias: masking_test_n12
            Statistics: Num rows: 500 Data size: 5312 Basic stats: COMPLETE Column stats: NONE
            Filter Operator
              predicate: (((key % 2) = 0) and (key < 10)) (type: boolean)
              Statistics: Num rows: 83 Data size: 881 Basic stats: COMPLETE Column stats: NONE
              Select Operator
                expressions: key (type: int), reverse(value) (type: string)
                outputColumnNames: _col0, _col1
                Statistics: Num rows: 83 Data size: 881 Basic stats: COMPLETE Column stats: NONE
                File Output Operator
                  compressed: false
                  Statistics: Num rows: 83 Data size: 881 Basic stats: COMPLETE Column stats: NONE
                  table:
                      input format: org.apache.hadoop.mapred.SequenceFileInputFormat
                      output format: org.apache.hadoop.hive.ql.io.HiveSequenceFileOutputFormat
                      serde: org.apache.hadoop.hive.serde2.lazy.LazySimpleSerDe
      Execution mode: vectorized

  Stage: Stage-0
    Fetch Operator
      limit: -1
      Processor Tree:
        ListSink

PREHOOK: query: select * from newdb.masking_test_n12
PREHOOK: type: QUERY
PREHOOK: Input: newdb@masking_test_n12
#### A masked pattern was here ####
POSTHOOK: query: select * from newdb.masking_test_n12
POSTHOOK: type: QUERY
POSTHOOK: Input: newdb@masking_test_n12
#### A masked pattern was here ####
0	0_lav
4	4_lav
8	8_lav
0	0_lav
0	0_lav
2	2_lav
PREHOOK: query: explain select * from newdb.masking_test_n12 where key > 0
PREHOOK: type: QUERY
POSTHOOK: query: explain select * from newdb.masking_test_n12 where key > 0
POSTHOOK: type: QUERY
STAGE DEPENDENCIES:
  Stage-1 is a root stage
  Stage-0 depends on stages: Stage-1

STAGE PLANS:
  Stage: Stage-1
    Map Reduce
      Map Operator Tree:
          TableScan
            alias: masking_test_n12
            Statistics: Num rows: 500 Data size: 5312 Basic stats: COMPLETE Column stats: NONE
            Filter Operator
              predicate: (((key % 2) = 0) and (key < 10) and (key > 0)) (type: boolean)
              Statistics: Num rows: 27 Data size: 286 Basic stats: COMPLETE Column stats: NONE
              Select Operator
                expressions: key (type: int), reverse(value) (type: string)
                outputColumnNames: _col0, _col1
                Statistics: Num rows: 27 Data size: 286 Basic stats: COMPLETE Column stats: NONE
                File Output Operator
                  compressed: false
                  Statistics: Num rows: 27 Data size: 286 Basic stats: COMPLETE Column stats: NONE
                  table:
                      input format: org.apache.hadoop.mapred.SequenceFileInputFormat
                      output format: org.apache.hadoop.hive.ql.io.HiveSequenceFileOutputFormat
                      serde: org.apache.hadoop.hive.serde2.lazy.LazySimpleSerDe
      Execution mode: vectorized

  Stage: Stage-0
    Fetch Operator
      limit: -1
      Processor Tree:
        ListSink

PREHOOK: query: select * from newdb.masking_test_n12 where key > 0
PREHOOK: type: QUERY
PREHOOK: Input: newdb@masking_test_n12
#### A masked pattern was here ####
POSTHOOK: query: select * from newdb.masking_test_n12 where key > 0
POSTHOOK: type: QUERY
POSTHOOK: Input: newdb@masking_test_n12
#### A masked pattern was here ####
4	4_lav
8	8_lav
2	2_lav
