PREHOOK: query: create table keyword_test_off (id int, `etad` string, key int)
PREHOOK: type: CREATETABLE
PREHOOK: Output: database:default
PREHOOK: Output: default@keyword_test_off
POSTHOOK: query: create table keyword_test_off (id int, `etad` string, key int)
POSTHOOK: type: CREATETABLE
POSTHOOK: Output: database:default
POSTHOOK: Output: default@keyword_test_off
PREHOOK: query: create table keyword_test_on (id int, `date` string, key int)
PREHOOK: type: CREATETABLE
PREHOOK: Output: database:default
PREHOOK: Output: default@keyword_test_on
POSTHOOK: query: create table keyword_test_on (id int, `date` string, key int)
POSTHOOK: type: CREATETABLE
POSTHOOK: Output: database:default
POSTHOOK: Output: default@keyword_test_on
PREHOOK: query: create table masking_test_n_masking_reserved (id int, value string, key int)
PREHOOK: type: CREATETABLE
PREHOOK: Output: database:default
PREHOOK: Output: default@masking_test_n_masking_reserved
POSTHOOK: query: create table masking_test_n_masking_reserved (id int, value string, key int)
POSTHOOK: type: CREATETABLE
POSTHOOK: Output: database:default
POSTHOOK: Output: default@masking_test_n_masking_reserved
PREHOOK: query: explain select a.`etad`, b.value from keyword_test_off a join masking_test_n_masking_reserved b on b.id = a.id
PREHOOK: type: QUERY
PREHOOK: Input: default@keyword_test_off
PREHOOK: Input: default@masking_test_n_masking_reserved
#### A masked pattern was here ####
POSTHOOK: query: explain select a.`etad`, b.value from keyword_test_off a join masking_test_n_masking_reserved b on b.id = a.id
POSTHOOK: type: QUERY
POSTHOOK: Input: default@keyword_test_off
POSTHOOK: Input: default@masking_test_n_masking_reserved
#### A masked pattern was here ####
STAGE DEPENDENCIES:
  Stage-1 is a root stage
  Stage-0 depends on stages: Stage-1

STAGE PLANS:
  Stage: Stage-1
    Map Reduce
      Map Operator Tree:
          TableScan
            alias: a
            filterExpr: id is not null (type: boolean)
            Statistics: Num rows: 1 Data size: 188 Basic stats: COMPLETE Column stats: NONE
            Filter Operator
              predicate: id is not null (type: boolean)
              Statistics: Num rows: 1 Data size: 188 Basic stats: COMPLETE Column stats: NONE
              Select Operator
                expressions: id (type: int), etad (type: string)
                outputColumnNames: _col0, _col1
                Statistics: Num rows: 1 Data size: 188 Basic stats: COMPLETE Column stats: NONE
                Reduce Output Operator
                  key expressions: _col0 (type: int)
                  null sort order: a
                  sort order: +
                  Map-reduce partition columns: _col0 (type: int)
                  Statistics: Num rows: 1 Data size: 188 Basic stats: COMPLETE Column stats: NONE
                  value expressions: _col1 (type: string)
          TableScan
            alias: masking_test_n_masking_reserved
            filterExpr: ((key < 10) and ((key % 2) = 0) and id is not null) (type: boolean)
            Statistics: Num rows: 1 Data size: 192 Basic stats: COMPLETE Column stats: NONE
            Filter Operator
              predicate: ((key < 10) and ((key % 2) = 0) and id is not null) (type: boolean)
              Statistics: Num rows: 1 Data size: 192 Basic stats: COMPLETE Column stats: NONE
              Select Operator
                expressions: id (type: int), reverse(value) (type: string)
                outputColumnNames: _col0, _col1
                Statistics: Num rows: 1 Data size: 192 Basic stats: COMPLETE Column stats: NONE
                Reduce Output Operator
                  key expressions: _col0 (type: int)
                  null sort order: a
                  sort order: +
                  Map-reduce partition columns: _col0 (type: int)
                  Statistics: Num rows: 1 Data size: 192 Basic stats: COMPLETE Column stats: NONE
                  value expressions: _col1 (type: string)
      Reduce Operator Tree:
        Join Operator
          condition map:
               Inner Join 0 to 1
          keys:
            0 _col0 (type: int)
            1 _col0 (type: int)
          outputColumnNames: _col1, _col3
          Statistics: Num rows: 1 Data size: 206 Basic stats: COMPLETE Column stats: NONE
          Select Operator
            expressions: _col1 (type: string), _col3 (type: string)
            outputColumnNames: _col0, _col1
            Statistics: Num rows: 1 Data size: 206 Basic stats: COMPLETE Column stats: NONE
            File Output Operator
              compressed: false
              Statistics: Num rows: 1 Data size: 206 Basic stats: COMPLETE Column stats: NONE
              table:
                  input format: org.apache.hadoop.mapred.SequenceFileInputFormat
                  output format: org.apache.hadoop.hive.ql.io.HiveSequenceFileOutputFormat
                  serde: org.apache.hadoop.hive.serde2.lazy.LazySimpleSerDe

  Stage: Stage-0
    Fetch Operator
      limit: -1
      Processor Tree:
        ListSink

PREHOOK: query: select a.`etad`, b.value from keyword_test_off a join masking_test_n_masking_reserved b on b.id = a.id
PREHOOK: type: QUERY
PREHOOK: Input: default@keyword_test_off
PREHOOK: Input: default@masking_test_n_masking_reserved
#### A masked pattern was here ####
POSTHOOK: query: select a.`etad`, b.value from keyword_test_off a join masking_test_n_masking_reserved b on b.id = a.id
POSTHOOK: type: QUERY
POSTHOOK: Input: default@keyword_test_off
POSTHOOK: Input: default@masking_test_n_masking_reserved
#### A masked pattern was here ####
PREHOOK: query: explain select a.`date`, b.value from keyword_test_on a join masking_test_n_masking_reserved b on b.id = a.id
PREHOOK: type: QUERY
PREHOOK: Input: default@keyword_test_on
PREHOOK: Input: default@masking_test_n_masking_reserved
#### A masked pattern was here ####
POSTHOOK: query: explain select a.`date`, b.value from keyword_test_on a join masking_test_n_masking_reserved b on b.id = a.id
POSTHOOK: type: QUERY
POSTHOOK: Input: default@keyword_test_on
POSTHOOK: Input: default@masking_test_n_masking_reserved
#### A masked pattern was here ####
STAGE DEPENDENCIES:
  Stage-1 is a root stage
  Stage-0 depends on stages: Stage-1

STAGE PLANS:
  Stage: Stage-1
    Map Reduce
      Map Operator Tree:
          TableScan
            alias: a
            filterExpr: id is not null (type: boolean)
            Statistics: Num rows: 1 Data size: 188 Basic stats: COMPLETE Column stats: NONE
            Filter Operator
              predicate: id is not null (type: boolean)
              Statistics: Num rows: 1 Data size: 188 Basic stats: COMPLETE Column stats: NONE
              Select Operator
                expressions: id (type: int), date (type: string)
                outputColumnNames: _col0, _col1
                Statistics: Num rows: 1 Data size: 188 Basic stats: COMPLETE Column stats: NONE
                Reduce Output Operator
                  key expressions: _col0 (type: int)
                  null sort order: a
                  sort order: +
                  Map-reduce partition columns: _col0 (type: int)
                  Statistics: Num rows: 1 Data size: 188 Basic stats: COMPLETE Column stats: NONE
                  value expressions: _col1 (type: string)
          TableScan
            alias: masking_test_n_masking_reserved
            filterExpr: ((key < 10) and ((key % 2) = 0) and id is not null) (type: boolean)
            Statistics: Num rows: 1 Data size: 192 Basic stats: COMPLETE Column stats: NONE
            Filter Operator
              predicate: ((key < 10) and ((key % 2) = 0) and id is not null) (type: boolean)
              Statistics: Num rows: 1 Data size: 192 Basic stats: COMPLETE Column stats: NONE
              Select Operator
                expressions: id (type: int), reverse(value) (type: string)
                outputColumnNames: _col0, _col1
                Statistics: Num rows: 1 Data size: 192 Basic stats: COMPLETE Column stats: NONE
                Reduce Output Operator
                  key expressions: _col0 (type: int)
                  null sort order: a
                  sort order: +
                  Map-reduce partition columns: _col0 (type: int)
                  Statistics: Num rows: 1 Data size: 192 Basic stats: COMPLETE Column stats: NONE
                  value expressions: _col1 (type: string)
      Reduce Operator Tree:
        Join Operator
          condition map:
               Inner Join 0 to 1
          keys:
            0 _col0 (type: int)
            1 _col0 (type: int)
          outputColumnNames: _col1, _col3
          Statistics: Num rows: 1 Data size: 206 Basic stats: COMPLETE Column stats: NONE
          Select Operator
            expressions: _col1 (type: string), _col3 (type: string)
            outputColumnNames: _col0, _col1
            Statistics: Num rows: 1 Data size: 206 Basic stats: COMPLETE Column stats: NONE
            File Output Operator
              compressed: false
              Statistics: Num rows: 1 Data size: 206 Basic stats: COMPLETE Column stats: NONE
              table:
                  input format: org.apache.hadoop.mapred.SequenceFileInputFormat
                  output format: org.apache.hadoop.hive.ql.io.HiveSequenceFileOutputFormat
                  serde: org.apache.hadoop.hive.serde2.lazy.LazySimpleSerDe

  Stage: Stage-0
    Fetch Operator
      limit: -1
      Processor Tree:
        ListSink

PREHOOK: query: select a.`date`, b.value from keyword_test_on a join masking_test_n_masking_reserved b on b.id = a.id
PREHOOK: type: QUERY
PREHOOK: Input: default@keyword_test_on
PREHOOK: Input: default@masking_test_n_masking_reserved
#### A masked pattern was here ####
POSTHOOK: query: select a.`date`, b.value from keyword_test_on a join masking_test_n_masking_reserved b on b.id = a.id
POSTHOOK: type: QUERY
POSTHOOK: Input: default@keyword_test_on
POSTHOOK: Input: default@masking_test_n_masking_reserved
#### A masked pattern was here ####
