PREHOOK: query: create table masking_test as select cast(key as int) as key, value from src
PREHOOK: type: CREATETABLE_AS_SELECT
PREHOOK: Input: default@src
PREHOOK: Output: database:default
PREHOOK: Output: default@masking_test
POSTHOOK: query: create table masking_test as select cast(key as int) as key, value from src
POSTHOOK: type: CREATETABLE_AS_SELECT
POSTHOOK: Input: default@src
POSTHOOK: Output: database:default
POSTHOOK: Output: default@masking_test
POSTHOOK: Lineage: masking_test.key EXPRESSION [(src)src.FieldSchema(name:key, type:string, comment:default), ]
POSTHOOK: Lineage: masking_test.value SIMPLE [(src)src.FieldSchema(name:value, type:string, comment:default), ]
PREHOOK: query: explain select * from masking_test tablesample (10 rows)
PREHOOK: type: QUERY
POSTHOOK: query: explain select * from masking_test tablesample (10 rows)
POSTHOOK: type: QUERY
STAGE DEPENDENCIES:
  Stage-1 is a root stage
  Stage-0 depends on stages: Stage-1

STAGE PLANS:
  Stage: Stage-1
    Map Reduce
      Map Operator Tree:
          TableScan
            alias: masking_test
            Row Limit Per Split: 10
            Statistics: Num rows: 500 Data size: 5312 Basic stats: COMPLETE Column stats: NONE
            Filter Operator
              predicate: (((key % 2) = 0) and (key < 10)) (type: boolean)
              Statistics: Num rows: 83 Data size: 881 Basic stats: COMPLETE Column stats: NONE
              Select Operator
                expressions: key (type: int), reverse(value) (type: string)
                outputColumnNames: _col0, _col1
                Statistics: Num rows: 83 Data size: 881 Basic stats: COMPLETE Column stats: NONE
                File Output Operator
                  compressed: false
                  Statistics: Num rows: 83 Data size: 881 Basic stats: COMPLETE Column stats: NONE
                  table:
                      input format: org.apache.hadoop.mapred.SequenceFileInputFormat
                      output format: org.apache.hadoop.hive.ql.io.HiveSequenceFileOutputFormat
                      serde: org.apache.hadoop.hive.serde2.lazy.LazySimpleSerDe
      Execution mode: vectorized

  Stage: Stage-0
    Fetch Operator
      limit: -1
      Processor Tree:
        ListSink

PREHOOK: query: select * from masking_test tablesample (10 rows)
PREHOOK: type: QUERY
PREHOOK: Input: default@masking_test
#### A masked pattern was here ####
POSTHOOK: query: select * from masking_test tablesample (10 rows)
POSTHOOK: type: QUERY
POSTHOOK: Input: default@masking_test
#### A masked pattern was here ####
PREHOOK: query: explain
select * from masking_test tablesample(1 percent)
PREHOOK: type: QUERY
POSTHOOK: query: explain
select * from masking_test tablesample(1 percent)
POSTHOOK: type: QUERY
STAGE DEPENDENCIES:
  Stage-1 is a root stage
  Stage-0 depends on stages: Stage-1

STAGE PLANS:
  Stage: Stage-1
    Map Reduce
      Map Operator Tree:
          TableScan
            alias: masking_test
            Statistics: Num rows: 500 Data size: 5312 Basic stats: COMPLETE Column stats: NONE
            Filter Operator
              predicate: (((key % 2) = 0) and (key < 10)) (type: boolean)
              Statistics: Num rows: 83 Data size: 881 Basic stats: COMPLETE Column stats: NONE
              Select Operator
                expressions: key (type: int), reverse(value) (type: string)
                outputColumnNames: _col0, _col1
                Statistics: Num rows: 83 Data size: 881 Basic stats: COMPLETE Column stats: NONE
                File Output Operator
                  compressed: false
                  Statistics: Num rows: 83 Data size: 881 Basic stats: COMPLETE Column stats: NONE
                  table:
                      input format: org.apache.hadoop.mapred.SequenceFileInputFormat
                      output format: org.apache.hadoop.hive.ql.io.HiveSequenceFileOutputFormat
                      serde: org.apache.hadoop.hive.serde2.lazy.LazySimpleSerDe
      Execution mode: vectorized

  Stage: Stage-0
    Fetch Operator
      limit: -1
      Processor Tree:
        ListSink

PREHOOK: query: select * from masking_test tablesample(1 percent)
PREHOOK: type: QUERY
PREHOOK: Input: default@masking_test
#### A masked pattern was here ####
POSTHOOK: query: select * from masking_test tablesample(1 percent)
POSTHOOK: type: QUERY
POSTHOOK: Input: default@masking_test
#### A masked pattern was here ####
0	0_lav
4	4_lav
8	8_lav
0	0_lav
0	0_lav
2	2_lav
PREHOOK: query: drop table masking_test
PREHOOK: type: DROPTABLE
PREHOOK: Input: default@masking_test
PREHOOK: Output: default@masking_test
POSTHOOK: query: drop table masking_test
POSTHOOK: type: DROPTABLE
POSTHOOK: Input: default@masking_test
POSTHOOK: Output: default@masking_test
PREHOOK: query: CREATE TABLE masking_test(key int, value string) CLUSTERED BY (key) INTO 2 BUCKETS
PREHOOK: type: CREATETABLE
PREHOOK: Output: database:default
PREHOOK: Output: default@masking_test
POSTHOOK: query: CREATE TABLE masking_test(key int, value string) CLUSTERED BY (key) INTO 2 BUCKETS
POSTHOOK: type: CREATETABLE
POSTHOOK: Output: database:default
POSTHOOK: Output: default@masking_test
PREHOOK: query: insert overwrite table masking_test
select * from src
PREHOOK: type: QUERY
PREHOOK: Input: default@src
PREHOOK: Output: default@masking_test
POSTHOOK: query: insert overwrite table masking_test
select * from src
POSTHOOK: type: QUERY
POSTHOOK: Input: default@src
POSTHOOK: Output: default@masking_test
POSTHOOK: Lineage: masking_test.key EXPRESSION [(src)src.FieldSchema(name:key, type:string, comment:default), ]
POSTHOOK: Lineage: masking_test.value SIMPLE [(src)src.FieldSchema(name:value, type:string, comment:default), ]
PREHOOK: query: explain
select * from masking_test tablesample (bucket 1 out of 2) s
PREHOOK: type: QUERY
POSTHOOK: query: explain
select * from masking_test tablesample (bucket 1 out of 2) s
POSTHOOK: type: QUERY
STAGE DEPENDENCIES:
  Stage-1 is a root stage
  Stage-0 depends on stages: Stage-1

STAGE PLANS:
  Stage: Stage-1
    Map Reduce
      Map Operator Tree:
          TableScan
            alias: masking_test
            Statistics: Num rows: 500 Data size: 5312 Basic stats: COMPLETE Column stats: NONE
            Filter Operator
              predicate: ((((hash(key) & 2147483647) % 2) = 0) and ((key % 2) = 0) and (key < 10)) (type: boolean)
              Statistics: Num rows: 41 Data size: 435 Basic stats: COMPLETE Column stats: NONE
              Select Operator
                expressions: key (type: int), reverse(value) (type: string)
                outputColumnNames: _col0, _col1
                Statistics: Num rows: 41 Data size: 435 Basic stats: COMPLETE Column stats: NONE
                File Output Operator
                  compressed: false
                  Statistics: Num rows: 41 Data size: 435 Basic stats: COMPLETE Column stats: NONE
                  table:
                      input format: org.apache.hadoop.mapred.SequenceFileInputFormat
                      output format: org.apache.hadoop.hive.ql.io.HiveSequenceFileOutputFormat
                      serde: org.apache.hadoop.hive.serde2.lazy.LazySimpleSerDe
      Execution mode: vectorized

  Stage: Stage-0
    Fetch Operator
      limit: -1
      Processor Tree:
        ListSink

PREHOOK: query: select * from masking_test tablesample (bucket 1 out of 2) s
PREHOOK: type: QUERY
PREHOOK: Input: default@masking_test
#### A masked pattern was here ####
POSTHOOK: query: select * from masking_test tablesample (bucket 1 out of 2) s
POSTHOOK: type: QUERY
POSTHOOK: Input: default@masking_test
#### A masked pattern was here ####
2	2_lav
0	0_lav
0	0_lav
8	8_lav
4	4_lav
0	0_lav
