PREHOOK: query: create table masking_test_n8 as select cast(key as int) as key, value from src
PREHOOK: type: CREATETABLE_AS_SELECT
PREHOOK: Input: default@src
PREHOOK: Output: database:default
PREHOOK: Output: default@masking_test_n8
POSTHOOK: query: create table masking_test_n8 as select cast(key as int) as key, value from src
POSTHOOK: type: CREATETABLE_AS_SELECT
POSTHOOK: Input: default@src
POSTHOOK: Output: database:default
POSTHOOK: Output: default@masking_test_n8
POSTHOOK: Lineage: masking_test_n8.key EXPRESSION [(src)src.FieldSchema(name:key, type:string, comment:default), ]
POSTHOOK: Lineage: masking_test_n8.value SIMPLE [(src)src.FieldSchema(name:value, type:string, comment:default), ]
PREHOOK: query: explain select * from masking_test_n8
PREHOOK: type: QUERY
PREHOOK: Input: default@masking_test_n8
#### A masked pattern was here ####
POSTHOOK: query: explain select * from masking_test_n8
POSTHOOK: type: QUERY
POSTHOOK: Input: default@masking_test_n8
#### A masked pattern was here ####
STAGE DEPENDENCIES:
  Stage-1 is a root stage
  Stage-0 depends on stages: Stage-1

STAGE PLANS:
  Stage: Stage-1
    Map Reduce
      Map Operator Tree:
          TableScan
            alias: masking_test_n8
            filterExpr: (((key % 2) = 0) and (key < 10)) (type: boolean)
            Statistics: Num rows: 500 Data size: 47500 Basic stats: COMPLETE Column stats: COMPLETE
            Filter Operator
              predicate: (((key % 2) = 0) and (key < 10)) (type: boolean)
              Statistics: Num rows: 83 Data size: 7885 Basic stats: COMPLETE Column stats: COMPLETE
              Select Operator
                expressions: key (type: int), reverse(value) (type: string)
                outputColumnNames: _col0, _col1
                Statistics: Num rows: 83 Data size: 15604 Basic stats: COMPLETE Column stats: COMPLETE
                File Output Operator
                  compressed: false
                  Statistics: Num rows: 83 Data size: 15604 Basic stats: COMPLETE Column stats: COMPLETE
                  table:
                      input format: org.apache.hadoop.mapred.SequenceFileInputFormat
                      output format: org.apache.hadoop.hive.ql.io.HiveSequenceFileOutputFormat
                      serde: org.apache.hadoop.hive.serde2.lazy.LazySimpleSerDe
      Execution mode: vectorized

  Stage: Stage-0
    Fetch Operator
      limit: -1
      Processor Tree:
        ListSink

PREHOOK: query: select * from masking_test_n8
PREHOOK: type: QUERY
PREHOOK: Input: default@masking_test_n8
#### A masked pattern was here ####
POSTHOOK: query: select * from masking_test_n8
POSTHOOK: type: QUERY
POSTHOOK: Input: default@masking_test_n8
#### A masked pattern was here ####
0	0_lav
4	4_lav
8	8_lav
0	0_lav
0	0_lav
2	2_lav
PREHOOK: query: explain select * from masking_test_n8 where key > 0
PREHOOK: type: QUERY
PREHOOK: Input: default@masking_test_n8
#### A masked pattern was here ####
POSTHOOK: query: explain select * from masking_test_n8 where key > 0
POSTHOOK: type: QUERY
POSTHOOK: Input: default@masking_test_n8
#### A masked pattern was here ####
STAGE DEPENDENCIES:
  Stage-1 is a root stage
  Stage-0 depends on stages: Stage-1

STAGE PLANS:
  Stage: Stage-1
    Map Reduce
      Map Operator Tree:
          TableScan
            alias: masking_test_n8
            filterExpr: (((key % 2) = 0) and (key < 10) and (key > 0)) (type: boolean)
            Statistics: Num rows: 500 Data size: 47500 Basic stats: COMPLETE Column stats: COMPLETE
            Filter Operator
              predicate: (((key % 2) = 0) and (key < 10) and (key > 0)) (type: boolean)
              Statistics: Num rows: 83 Data size: 7885 Basic stats: COMPLETE Column stats: COMPLETE
              Select Operator
                expressions: key (type: int), reverse(value) (type: string)
                outputColumnNames: _col0, _col1
                Statistics: Num rows: 83 Data size: 15604 Basic stats: COMPLETE Column stats: COMPLETE
                File Output Operator
                  compressed: false
                  Statistics: Num rows: 83 Data size: 15604 Basic stats: COMPLETE Column stats: COMPLETE
                  table:
                      input format: org.apache.hadoop.mapred.SequenceFileInputFormat
                      output format: org.apache.hadoop.hive.ql.io.HiveSequenceFileOutputFormat
                      serde: org.apache.hadoop.hive.serde2.lazy.LazySimpleSerDe
      Execution mode: vectorized

  Stage: Stage-0
    Fetch Operator
      limit: -1
      Processor Tree:
        ListSink

PREHOOK: query: select * from masking_test_n8 where key > 0
PREHOOK: type: QUERY
PREHOOK: Input: default@masking_test_n8
#### A masked pattern was here ####
POSTHOOK: query: select * from masking_test_n8 where key > 0
POSTHOOK: type: QUERY
POSTHOOK: Input: default@masking_test_n8
#### A masked pattern was here ####
4	4_lav
8	8_lav
2	2_lav
PREHOOK: query: explain select key from masking_test_n8 where key > 0
PREHOOK: type: QUERY
PREHOOK: Input: default@masking_test_n8
#### A masked pattern was here ####
POSTHOOK: query: explain select key from masking_test_n8 where key > 0
POSTHOOK: type: QUERY
POSTHOOK: Input: default@masking_test_n8
#### A masked pattern was here ####
STAGE DEPENDENCIES:
  Stage-1 is a root stage
  Stage-0 depends on stages: Stage-1

STAGE PLANS:
  Stage: Stage-1
    Map Reduce
      Map Operator Tree:
          TableScan
            alias: masking_test_n8
            filterExpr: (((key % 2) = 0) and (key < 10) and (key > 0)) (type: boolean)
            Statistics: Num rows: 500 Data size: 2000 Basic stats: COMPLETE Column stats: COMPLETE
            Filter Operator
              predicate: (((key % 2) = 0) and (key < 10) and (key > 0)) (type: boolean)
              Statistics: Num rows: 83 Data size: 332 Basic stats: COMPLETE Column stats: COMPLETE
              Select Operator
                expressions: key (type: int)
                outputColumnNames: _col0
                Statistics: Num rows: 83 Data size: 332 Basic stats: COMPLETE Column stats: COMPLETE
                File Output Operator
                  compressed: false
                  Statistics: Num rows: 83 Data size: 332 Basic stats: COMPLETE Column stats: COMPLETE
                  table:
                      input format: org.apache.hadoop.mapred.SequenceFileInputFormat
                      output format: org.apache.hadoop.hive.ql.io.HiveSequenceFileOutputFormat
                      serde: org.apache.hadoop.hive.serde2.lazy.LazySimpleSerDe
      Execution mode: vectorized

  Stage: Stage-0
    Fetch Operator
      limit: -1
      Processor Tree:
        ListSink

PREHOOK: query: select key from masking_test_n8 where key > 0
PREHOOK: type: QUERY
PREHOOK: Input: default@masking_test_n8
#### A masked pattern was here ####
POSTHOOK: query: select key from masking_test_n8 where key > 0
POSTHOOK: type: QUERY
POSTHOOK: Input: default@masking_test_n8
#### A masked pattern was here ####
4
8
2
PREHOOK: query: explain select value from masking_test_n8 where key > 0
PREHOOK: type: QUERY
PREHOOK: Input: default@masking_test_n8
#### A masked pattern was here ####
POSTHOOK: query: explain select value from masking_test_n8 where key > 0
POSTHOOK: type: QUERY
POSTHOOK: Input: default@masking_test_n8
#### A masked pattern was here ####
STAGE DEPENDENCIES:
  Stage-1 is a root stage
  Stage-0 depends on stages: Stage-1

STAGE PLANS:
  Stage: Stage-1
    Map Reduce
      Map Operator Tree:
          TableScan
            alias: masking_test_n8
            filterExpr: (((key % 2) = 0) and (key < 10) and (key > 0)) (type: boolean)
            Statistics: Num rows: 500 Data size: 47500 Basic stats: COMPLETE Column stats: COMPLETE
            Filter Operator
              predicate: (((key % 2) = 0) and (key < 10) and (key > 0)) (type: boolean)
              Statistics: Num rows: 83 Data size: 7885 Basic stats: COMPLETE Column stats: COMPLETE
              Select Operator
                expressions: reverse(value) (type: string)
                outputColumnNames: _col0
                Statistics: Num rows: 83 Data size: 15272 Basic stats: COMPLETE Column stats: COMPLETE
                File Output Operator
                  compressed: false
                  Statistics: Num rows: 83 Data size: 15272 Basic stats: COMPLETE Column stats: COMPLETE
                  table:
                      input format: org.apache.hadoop.mapred.SequenceFileInputFormat
                      output format: org.apache.hadoop.hive.ql.io.HiveSequenceFileOutputFormat
                      serde: org.apache.hadoop.hive.serde2.lazy.LazySimpleSerDe
      Execution mode: vectorized

  Stage: Stage-0
    Fetch Operator
      limit: -1
      Processor Tree:
        ListSink

PREHOOK: query: select value from masking_test_n8 where key > 0
PREHOOK: type: QUERY
PREHOOK: Input: default@masking_test_n8
#### A masked pattern was here ####
POSTHOOK: query: select value from masking_test_n8 where key > 0
POSTHOOK: type: QUERY
POSTHOOK: Input: default@masking_test_n8
#### A masked pattern was here ####
4_lav
8_lav
2_lav
PREHOOK: query: explain select * from masking_test_n8 join srcpart on (masking_test_n8.key = srcpart.key)
PREHOOK: type: QUERY
PREHOOK: Input: default@masking_test_n8
PREHOOK: Input: default@srcpart
PREHOOK: Input: default@srcpart@ds=2008-04-08/hr=11
PREHOOK: Input: default@srcpart@ds=2008-04-08/hr=12
PREHOOK: Input: default@srcpart@ds=2008-04-09/hr=11
PREHOOK: Input: default@srcpart@ds=2008-04-09/hr=12
#### A masked pattern was here ####
POSTHOOK: query: explain select * from masking_test_n8 join srcpart on (masking_test_n8.key = srcpart.key)
POSTHOOK: type: QUERY
POSTHOOK: Input: default@masking_test_n8
POSTHOOK: Input: default@srcpart
POSTHOOK: Input: default@srcpart@ds=2008-04-08/hr=11
POSTHOOK: Input: default@srcpart@ds=2008-04-08/hr=12
POSTHOOK: Input: default@srcpart@ds=2008-04-09/hr=11
POSTHOOK: Input: default@srcpart@ds=2008-04-09/hr=12
#### A masked pattern was here ####
STAGE DEPENDENCIES:
  Stage-1 is a root stage
  Stage-0 depends on stages: Stage-1

STAGE PLANS:
  Stage: Stage-1
    Map Reduce
      Map Operator Tree:
          TableScan
            alias: masking_test_n8
            filterExpr: (((key % 2) = 0) and (key < 10)) (type: boolean)
            Statistics: Num rows: 500 Data size: 47500 Basic stats: COMPLETE Column stats: COMPLETE
            Filter Operator
              predicate: (((key % 2) = 0) and (key < 10)) (type: boolean)
              Statistics: Num rows: 83 Data size: 7885 Basic stats: COMPLETE Column stats: COMPLETE
              Select Operator
                expressions: key (type: int), reverse(value) (type: string), UDFToDouble(key) (type: double)
                outputColumnNames: _col0, _col1, _col2
                Statistics: Num rows: 83 Data size: 16268 Basic stats: COMPLETE Column stats: COMPLETE
                Reduce Output Operator
                  key expressions: _col2 (type: double)
                  sort order: +
                  Map-reduce partition columns: _col2 (type: double)
                  Statistics: Num rows: 83 Data size: 16268 Basic stats: COMPLETE Column stats: COMPLETE
                  value expressions: _col0 (type: int), _col1 (type: string)
          TableScan
            alias: srcpart
            filterExpr: key is not null (type: boolean)
            Statistics: Num rows: 2000 Data size: 1092000 Basic stats: COMPLETE Column stats: COMPLETE
            Filter Operator
              predicate: key is not null (type: boolean)
              Statistics: Num rows: 2000 Data size: 1092000 Basic stats: COMPLETE Column stats: COMPLETE
              Select Operator
                expressions: key (type: string), value (type: string), ds (type: string), hr (type: string), UDFToDouble(key) (type: double)
                outputColumnNames: _col0, _col1, _col2, _col3, _col4
                Statistics: Num rows: 2000 Data size: 1108000 Basic stats: COMPLETE Column stats: COMPLETE
                Reduce Output Operator
                  key expressions: _col4 (type: double)
                  sort order: +
                  Map-reduce partition columns: _col4 (type: double)
                  Statistics: Num rows: 2000 Data size: 1108000 Basic stats: COMPLETE Column stats: COMPLETE
                  value expressions: _col0 (type: string), _col1 (type: string), _col2 (type: string), _col3 (type: string)
      Reduce Operator Tree:
        Join Operator
          condition map:
               Inner Join 0 to 1
          keys:
            0 _col2 (type: double)
            1 _col4 (type: double)
          outputColumnNames: _col0, _col1, _col3, _col4, _col5, _col6
          Statistics: Num rows: 525 Data size: 385350 Basic stats: COMPLETE Column stats: COMPLETE
          Select Operator
            expressions: _col0 (type: int), _col1 (type: string), _col3 (type: string), _col4 (type: string), _col5 (type: string), _col6 (type: string)
            outputColumnNames: _col0, _col1, _col2, _col3, _col4, _col5
            Statistics: Num rows: 525 Data size: 385350 Basic stats: COMPLETE Column stats: COMPLETE
            File Output Operator
              compressed: false
              Statistics: Num rows: 525 Data size: 385350 Basic stats: COMPLETE Column stats: COMPLETE
              table:
                  input format: org.apache.hadoop.mapred.SequenceFileInputFormat
                  output format: org.apache.hadoop.hive.ql.io.HiveSequenceFileOutputFormat
                  serde: org.apache.hadoop.hive.serde2.lazy.LazySimpleSerDe

  Stage: Stage-0
    Fetch Operator
      limit: -1
      Processor Tree:
        ListSink

PREHOOK: query: select * from masking_test_n8 join srcpart on (masking_test_n8.key = srcpart.key)
PREHOOK: type: QUERY
PREHOOK: Input: default@masking_test_n8
PREHOOK: Input: default@srcpart
PREHOOK: Input: default@srcpart@ds=2008-04-08/hr=11
PREHOOK: Input: default@srcpart@ds=2008-04-08/hr=12
PREHOOK: Input: default@srcpart@ds=2008-04-09/hr=11
PREHOOK: Input: default@srcpart@ds=2008-04-09/hr=12
#### A masked pattern was here ####
POSTHOOK: query: select * from masking_test_n8 join srcpart on (masking_test_n8.key = srcpart.key)
POSTHOOK: type: QUERY
POSTHOOK: Input: default@masking_test_n8
POSTHOOK: Input: default@srcpart
POSTHOOK: Input: default@srcpart@ds=2008-04-08/hr=11
POSTHOOK: Input: default@srcpart@ds=2008-04-08/hr=12
POSTHOOK: Input: default@srcpart@ds=2008-04-09/hr=11
POSTHOOK: Input: default@srcpart@ds=2008-04-09/hr=12
#### A masked pattern was here ####
0	0_lav	0	val_0	2008-04-09	12
0	0_lav	0	val_0	2008-04-08	11
0	0_lav	0	val_0	2008-04-09	11
0	0_lav	0	val_0	2008-04-08	11
0	0_lav	0	val_0	2008-04-09	12
0	0_lav	0	val_0	2008-04-08	12
0	0_lav	0	val_0	2008-04-08	12
0	0_lav	0	val_0	2008-04-08	11
0	0_lav	0	val_0	2008-04-09	11
0	0_lav	0	val_0	2008-04-08	12
0	0_lav	0	val_0	2008-04-09	11
0	0_lav	0	val_0	2008-04-09	12
0	0_lav	0	val_0	2008-04-09	12
0	0_lav	0	val_0	2008-04-08	11
0	0_lav	0	val_0	2008-04-09	11
0	0_lav	0	val_0	2008-04-08	11
0	0_lav	0	val_0	2008-04-09	12
0	0_lav	0	val_0	2008-04-08	12
0	0_lav	0	val_0	2008-04-08	12
0	0_lav	0	val_0	2008-04-08	11
0	0_lav	0	val_0	2008-04-09	11
0	0_lav	0	val_0	2008-04-08	12
0	0_lav	0	val_0	2008-04-09	11
0	0_lav	0	val_0	2008-04-09	12
0	0_lav	0	val_0	2008-04-09	12
0	0_lav	0	val_0	2008-04-08	11
0	0_lav	0	val_0	2008-04-09	11
0	0_lav	0	val_0	2008-04-08	11
0	0_lav	0	val_0	2008-04-09	12
0	0_lav	0	val_0	2008-04-08	12
0	0_lav	0	val_0	2008-04-08	12
0	0_lav	0	val_0	2008-04-08	11
0	0_lav	0	val_0	2008-04-09	11
0	0_lav	0	val_0	2008-04-08	12
0	0_lav	0	val_0	2008-04-09	11
0	0_lav	0	val_0	2008-04-09	12
2	2_lav	2	val_2	2008-04-09	11
2	2_lav	2	val_2	2008-04-08	11
2	2_lav	2	val_2	2008-04-09	12
2	2_lav	2	val_2	2008-04-08	12
4	4_lav	4	val_4	2008-04-08	12
4	4_lav	4	val_4	2008-04-09	12
4	4_lav	4	val_4	2008-04-08	11
4	4_lav	4	val_4	2008-04-09	11
8	8_lav	8	val_8	2008-04-08	11
8	8_lav	8	val_8	2008-04-09	11
8	8_lav	8	val_8	2008-04-08	12
8	8_lav	8	val_8	2008-04-09	12
PREHOOK: query: explain select * from default.masking_test_n8 where key > 0
PREHOOK: type: QUERY
PREHOOK: Input: default@masking_test_n8
#### A masked pattern was here ####
POSTHOOK: query: explain select * from default.masking_test_n8 where key > 0
POSTHOOK: type: QUERY
POSTHOOK: Input: default@masking_test_n8
#### A masked pattern was here ####
STAGE DEPENDENCIES:
  Stage-1 is a root stage
  Stage-0 depends on stages: Stage-1

STAGE PLANS:
  Stage: Stage-1
    Map Reduce
      Map Operator Tree:
          TableScan
            alias: masking_test_n8
            filterExpr: (((key % 2) = 0) and (key < 10) and (key > 0)) (type: boolean)
            Statistics: Num rows: 500 Data size: 47500 Basic stats: COMPLETE Column stats: COMPLETE
            Filter Operator
              predicate: (((key % 2) = 0) and (key < 10) and (key > 0)) (type: boolean)
              Statistics: Num rows: 83 Data size: 7885 Basic stats: COMPLETE Column stats: COMPLETE
              Select Operator
                expressions: key (type: int), reverse(value) (type: string)
                outputColumnNames: _col0, _col1
                Statistics: Num rows: 83 Data size: 15604 Basic stats: COMPLETE Column stats: COMPLETE
                File Output Operator
                  compressed: false
                  Statistics: Num rows: 83 Data size: 15604 Basic stats: COMPLETE Column stats: COMPLETE
                  table:
                      input format: org.apache.hadoop.mapred.SequenceFileInputFormat
                      output format: org.apache.hadoop.hive.ql.io.HiveSequenceFileOutputFormat
                      serde: org.apache.hadoop.hive.serde2.lazy.LazySimpleSerDe
      Execution mode: vectorized

  Stage: Stage-0
    Fetch Operator
      limit: -1
      Processor Tree:
        ListSink

PREHOOK: query: select * from default.masking_test_n8 where key > 0
PREHOOK: type: QUERY
PREHOOK: Input: default@masking_test_n8
#### A masked pattern was here ####
POSTHOOK: query: select * from default.masking_test_n8 where key > 0
POSTHOOK: type: QUERY
POSTHOOK: Input: default@masking_test_n8
#### A masked pattern was here ####
4	4_lav
8	8_lav
2	2_lav
PREHOOK: query: explain select * from masking_test_n8 where masking_test_n8.key > 0
PREHOOK: type: QUERY
PREHOOK: Input: default@masking_test_n8
#### A masked pattern was here ####
POSTHOOK: query: explain select * from masking_test_n8 where masking_test_n8.key > 0
POSTHOOK: type: QUERY
POSTHOOK: Input: default@masking_test_n8
#### A masked pattern was here ####
STAGE DEPENDENCIES:
  Stage-1 is a root stage
  Stage-0 depends on stages: Stage-1

STAGE PLANS:
  Stage: Stage-1
    Map Reduce
      Map Operator Tree:
          TableScan
            alias: masking_test_n8
            filterExpr: (((key % 2) = 0) and (key < 10) and (key > 0)) (type: boolean)
            Statistics: Num rows: 500 Data size: 47500 Basic stats: COMPLETE Column stats: COMPLETE
            Filter Operator
              predicate: (((key % 2) = 0) and (key < 10) and (key > 0)) (type: boolean)
              Statistics: Num rows: 83 Data size: 7885 Basic stats: COMPLETE Column stats: COMPLETE
              Select Operator
                expressions: key (type: int), reverse(value) (type: string)
                outputColumnNames: _col0, _col1
                Statistics: Num rows: 83 Data size: 15604 Basic stats: COMPLETE Column stats: COMPLETE
                File Output Operator
                  compressed: false
                  Statistics: Num rows: 83 Data size: 15604 Basic stats: COMPLETE Column stats: COMPLETE
                  table:
                      input format: org.apache.hadoop.mapred.SequenceFileInputFormat
                      output format: org.apache.hadoop.hive.ql.io.HiveSequenceFileOutputFormat
                      serde: org.apache.hadoop.hive.serde2.lazy.LazySimpleSerDe
      Execution mode: vectorized

  Stage: Stage-0
    Fetch Operator
      limit: -1
      Processor Tree:
        ListSink

PREHOOK: query: select * from masking_test_n8 where masking_test_n8.key > 0
PREHOOK: type: QUERY
PREHOOK: Input: default@masking_test_n8
#### A masked pattern was here ####
POSTHOOK: query: select * from masking_test_n8 where masking_test_n8.key > 0
POSTHOOK: type: QUERY
POSTHOOK: Input: default@masking_test_n8
#### A masked pattern was here ####
4	4_lav
8	8_lav
2	2_lav
PREHOOK: query: explain select key, value from (select key, value from (select key, upper(value) as value from src where key > 0) t where key < 10) t2 where key % 2 = 0
PREHOOK: type: QUERY
PREHOOK: Input: default@src
#### A masked pattern was here ####
POSTHOOK: query: explain select key, value from (select key, value from (select key, upper(value) as value from src where key > 0) t where key < 10) t2 where key % 2 = 0
POSTHOOK: type: QUERY
POSTHOOK: Input: default@src
#### A masked pattern was here ####
STAGE DEPENDENCIES:
  Stage-1 is a root stage
  Stage-0 depends on stages: Stage-1

STAGE PLANS:
  Stage: Stage-1
    Map Reduce
      Map Operator Tree:
          TableScan
            alias: src
            filterExpr: ((UDFToDouble(key) > 0.0D) and (UDFToDouble(key) < 10.0D) and ((UDFToDouble(key) % 2.0D) = 0.0D)) (type: boolean)
            Statistics: Num rows: 500 Data size: 89000 Basic stats: COMPLETE Column stats: COMPLETE
            Filter Operator
              predicate: (((UDFToDouble(key) % 2.0D) = 0.0D) and (UDFToDouble(key) < 10.0D) and (UDFToDouble(key) > 0.0D)) (type: boolean)
              Statistics: Num rows: 27 Data size: 4806 Basic stats: COMPLETE Column stats: COMPLETE
              Select Operator
                expressions: key (type: string), upper(value) (type: string)
                outputColumnNames: _col0, _col1
                Statistics: Num rows: 27 Data size: 7317 Basic stats: COMPLETE Column stats: COMPLETE
                File Output Operator
                  compressed: false
                  Statistics: Num rows: 27 Data size: 7317 Basic stats: COMPLETE Column stats: COMPLETE
                  table:
                      input format: org.apache.hadoop.mapred.SequenceFileInputFormat
                      output format: org.apache.hadoop.hive.ql.io.HiveSequenceFileOutputFormat
                      serde: org.apache.hadoop.hive.serde2.lazy.LazySimpleSerDe
      Execution mode: vectorized

  Stage: Stage-0
    Fetch Operator
      limit: -1
      Processor Tree:
        ListSink

