PREHOOK: query: drop view masking_test
PREHOOK: type: DROPVIEW
POSTHOOK: query: drop view masking_test
POSTHOOK: type: DROPVIEW
PREHOOK: query: create view masking_test as select cast(key as int) as key, value, '12', ROW__ID from src
PREHOOK: type: CREATEVIEW
PREHOOK: Input: default@src
PREHOOK: Output: database:default
PREHOOK: Output: default@masking_test
POSTHOOK: query: create view masking_test as select cast(key as int) as key, value, '12', ROW__ID from src
POSTHOOK: type: CREATEVIEW
POSTHOOK: Input: default@src
POSTHOOK: Output: database:default
POSTHOOK: Output: default@masking_test
POSTHOOK: Lineage: masking_test._c2 SIMPLE []
POSTHOOK: Lineage: masking_test.key EXPRESSION [(src)src.FieldSchema(name:key, type:string, comment:default), ]
POSTHOOK: Lineage: masking_test.row__id SIMPLE [(src)src.FieldSchema(name:ROW__ID, type:struct<transactionId:bigint,bucketId:int,rowId:bigint>, comment:), ]
POSTHOOK: Lineage: masking_test.value SIMPLE [(src)src.FieldSchema(name:value, type:string, comment:default), ]
PREHOOK: query: explain select * from masking_test
PREHOOK: type: QUERY
POSTHOOK: query: explain select * from masking_test
POSTHOOK: type: QUERY
STAGE DEPENDENCIES:
  Stage-1 is a root stage
  Stage-0 depends on stages: Stage-1

STAGE PLANS:
  Stage: Stage-1
    Map Reduce
      Map Operator Tree:
          TableScan
            alias: src
            properties:
              insideView TRUE
            Statistics: Num rows: 500 Data size: 5312 Basic stats: COMPLETE Column stats: NONE
            Filter Operator
              predicate: (((UDFToInteger(key) % 2) = 0) and (UDFToInteger(key) < 10)) (type: boolean)
              Statistics: Num rows: 83 Data size: 881 Basic stats: COMPLETE Column stats: NONE
              Select Operator
                expressions: UDFToInteger(key) (type: int), reverse(value) (type: string), '12' (type: string), ROW__ID (type: struct<transactionid:bigint,bucketid:int,rowid:bigint>)
                outputColumnNames: _col0, _col1, _col2, _col3
                Statistics: Num rows: 83 Data size: 881 Basic stats: COMPLETE Column stats: NONE
                File Output Operator
                  compressed: false
                  Statistics: Num rows: 83 Data size: 881 Basic stats: COMPLETE Column stats: NONE
                  table:
                      input format: org.apache.hadoop.mapred.SequenceFileInputFormat
                      output format: org.apache.hadoop.hive.ql.io.HiveSequenceFileOutputFormat
                      serde: org.apache.hadoop.hive.serde2.lazy.LazySimpleSerDe

  Stage: Stage-0
    Fetch Operator
      limit: -1
      Processor Tree:
        ListSink

PREHOOK: query: select * from masking_test
PREHOOK: type: QUERY
PREHOOK: Input: default@masking_test
PREHOOK: Input: default@src
#### A masked pattern was here ####
POSTHOOK: query: select * from masking_test
POSTHOOK: type: QUERY
POSTHOOK: Input: default@masking_test
POSTHOOK: Input: default@src
#### A masked pattern was here ####
0	0_lav	12	NULL
4	4_lav	12	NULL
8	8_lav	12	NULL
0	0_lav	12	NULL
0	0_lav	12	NULL
2	2_lav	12	NULL
PREHOOK: query: explain select * from masking_test where key > 0
PREHOOK: type: QUERY
POSTHOOK: query: explain select * from masking_test where key > 0
POSTHOOK: type: QUERY
STAGE DEPENDENCIES:
  Stage-1 is a root stage
  Stage-0 depends on stages: Stage-1

STAGE PLANS:
  Stage: Stage-1
    Map Reduce
      Map Operator Tree:
          TableScan
            alias: src
            properties:
              insideView TRUE
            Statistics: Num rows: 500 Data size: 5312 Basic stats: COMPLETE Column stats: NONE
            Filter Operator
              predicate: (((UDFToInteger(key) % 2) = 0) and (UDFToInteger(key) < 10) and (UDFToInteger(key) > 0)) (type: boolean)
              Statistics: Num rows: 27 Data size: 286 Basic stats: COMPLETE Column stats: NONE
              Select Operator
                expressions: UDFToInteger(key) (type: int), reverse(value) (type: string), '12' (type: string), ROW__ID (type: struct<transactionid:bigint,bucketid:int,rowid:bigint>)
                outputColumnNames: _col0, _col1, _col2, _col3
                Statistics: Num rows: 27 Data size: 286 Basic stats: COMPLETE Column stats: NONE
                File Output Operator
                  compressed: false
                  Statistics: Num rows: 27 Data size: 286 Basic stats: COMPLETE Column stats: NONE
                  table:
                      input format: org.apache.hadoop.mapred.SequenceFileInputFormat
                      output format: org.apache.hadoop.hive.ql.io.HiveSequenceFileOutputFormat
                      serde: org.apache.hadoop.hive.serde2.lazy.LazySimpleSerDe

  Stage: Stage-0
    Fetch Operator
      limit: -1
      Processor Tree:
        ListSink

PREHOOK: query: select * from masking_test where key > 0
PREHOOK: type: QUERY
PREHOOK: Input: default@masking_test
PREHOOK: Input: default@src
#### A masked pattern was here ####
POSTHOOK: query: select * from masking_test where key > 0
POSTHOOK: type: QUERY
POSTHOOK: Input: default@masking_test
POSTHOOK: Input: default@src
#### A masked pattern was here ####
4	4_lav	12	NULL
8	8_lav	12	NULL
2	2_lav	12	NULL
PREHOOK: query: drop view masking_test
PREHOOK: type: DROPVIEW
PREHOOK: Input: default@masking_test
PREHOOK: Output: default@masking_test
POSTHOOK: query: drop view masking_test
POSTHOOK: type: DROPVIEW
POSTHOOK: Input: default@masking_test
POSTHOOK: Output: default@masking_test
PREHOOK: query: create view masking_test as select cast(key as int) as key, '12', ROW__ID,
'12', '12', '12', '12', '12', '12', '12', '12', '12', '12'
 from src
PREHOOK: type: CREATEVIEW
PREHOOK: Input: default@src
PREHOOK: Output: database:default
PREHOOK: Output: default@masking_test
POSTHOOK: query: create view masking_test as select cast(key as int) as key, '12', ROW__ID,
'12', '12', '12', '12', '12', '12', '12', '12', '12', '12'
 from src
POSTHOOK: type: CREATEVIEW
POSTHOOK: Input: default@src
POSTHOOK: Output: database:default
POSTHOOK: Output: default@masking_test
POSTHOOK: Lineage: masking_test._c1 SIMPLE []
POSTHOOK: Lineage: masking_test._c10 SIMPLE []
POSTHOOK: Lineage: masking_test._c11 SIMPLE []
POSTHOOK: Lineage: masking_test._c12 SIMPLE []
POSTHOOK: Lineage: masking_test._c3 SIMPLE []
POSTHOOK: Lineage: masking_test._c4 SIMPLE []
POSTHOOK: Lineage: masking_test._c5 SIMPLE []
POSTHOOK: Lineage: masking_test._c6 SIMPLE []
POSTHOOK: Lineage: masking_test._c7 SIMPLE []
POSTHOOK: Lineage: masking_test._c8 SIMPLE []
POSTHOOK: Lineage: masking_test._c9 SIMPLE []
POSTHOOK: Lineage: masking_test.key EXPRESSION [(src)src.FieldSchema(name:key, type:string, comment:default), ]
POSTHOOK: Lineage: masking_test.row__id SIMPLE [(src)src.FieldSchema(name:ROW__ID, type:struct<transactionId:bigint,bucketId:int,rowId:bigint>, comment:), ]
PREHOOK: query: explain select * from masking_test
PREHOOK: type: QUERY
POSTHOOK: query: explain select * from masking_test
POSTHOOK: type: QUERY
STAGE DEPENDENCIES:
  Stage-1 is a root stage
  Stage-0 depends on stages: Stage-1

STAGE PLANS:
  Stage: Stage-1
    Map Reduce
      Map Operator Tree:
          TableScan
            alias: src
            properties:
              insideView TRUE
            Statistics: Num rows: 500 Data size: 5312 Basic stats: COMPLETE Column stats: NONE
            Filter Operator
              predicate: (((UDFToInteger(key) % 2) = 0) and (UDFToInteger(key) < 10)) (type: boolean)
              Statistics: Num rows: 83 Data size: 881 Basic stats: COMPLETE Column stats: NONE
              Select Operator
                expressions: UDFToInteger(key) (type: int), '12' (type: string), ROW__ID (type: struct<transactionid:bigint,bucketid:int,rowid:bigint>), '12' (type: string), '12' (type: string), '12' (type: string), '12' (type: string), '12' (type: string), '12' (type: string), '12' (type: string), '12' (type: string), '12' (type: string), '12' (type: string)
                outputColumnNames: _col0, _col1, _col2, _col3, _col4, _col5, _col6, _col7, _col8, _col9, _col10, _col11, _col12
                Statistics: Num rows: 83 Data size: 881 Basic stats: COMPLETE Column stats: NONE
                File Output Operator
                  compressed: false
                  Statistics: Num rows: 83 Data size: 881 Basic stats: COMPLETE Column stats: NONE
                  table:
                      input format: org.apache.hadoop.mapred.SequenceFileInputFormat
                      output format: org.apache.hadoop.hive.ql.io.HiveSequenceFileOutputFormat
                      serde: org.apache.hadoop.hive.serde2.lazy.LazySimpleSerDe

  Stage: Stage-0
    Fetch Operator
      limit: -1
      Processor Tree:
        ListSink

PREHOOK: query: select * from masking_test
PREHOOK: type: QUERY
PREHOOK: Input: default@masking_test
PREHOOK: Input: default@src
#### A masked pattern was here ####
POSTHOOK: query: select * from masking_test
POSTHOOK: type: QUERY
POSTHOOK: Input: default@masking_test
POSTHOOK: Input: default@src
#### A masked pattern was here ####
0	12	NULL	12	12	12	12	12	12	12	12	12	12
4	12	NULL	12	12	12	12	12	12	12	12	12	12
8	12	NULL	12	12	12	12	12	12	12	12	12	12
0	12	NULL	12	12	12	12	12	12	12	12	12	12
0	12	NULL	12	12	12	12	12	12	12	12	12	12
2	12	NULL	12	12	12	12	12	12	12	12	12	12
PREHOOK: query: explain select * from masking_test where key > 0
PREHOOK: type: QUERY
POSTHOOK: query: explain select * from masking_test where key > 0
POSTHOOK: type: QUERY
STAGE DEPENDENCIES:
  Stage-1 is a root stage
  Stage-0 depends on stages: Stage-1

STAGE PLANS:
  Stage: Stage-1
    Map Reduce
      Map Operator Tree:
          TableScan
            alias: src
            properties:
              insideView TRUE
            Statistics: Num rows: 500 Data size: 5312 Basic stats: COMPLETE Column stats: NONE
            Filter Operator
              predicate: (((UDFToInteger(key) % 2) = 0) and (UDFToInteger(key) < 10) and (UDFToInteger(key) > 0)) (type: boolean)
              Statistics: Num rows: 27 Data size: 286 Basic stats: COMPLETE Column stats: NONE
              Select Operator
                expressions: UDFToInteger(key) (type: int), '12' (type: string), ROW__ID (type: struct<transactionid:bigint,bucketid:int,rowid:bigint>), '12' (type: string), '12' (type: string), '12' (type: string), '12' (type: string), '12' (type: string), '12' (type: string), '12' (type: string), '12' (type: string), '12' (type: string), '12' (type: string)
                outputColumnNames: _col0, _col1, _col2, _col3, _col4, _col5, _col6, _col7, _col8, _col9, _col10, _col11, _col12
                Statistics: Num rows: 27 Data size: 286 Basic stats: COMPLETE Column stats: NONE
                File Output Operator
                  compressed: false
                  Statistics: Num rows: 27 Data size: 286 Basic stats: COMPLETE Column stats: NONE
                  table:
                      input format: org.apache.hadoop.mapred.SequenceFileInputFormat
                      output format: org.apache.hadoop.hive.ql.io.HiveSequenceFileOutputFormat
                      serde: org.apache.hadoop.hive.serde2.lazy.LazySimpleSerDe

  Stage: Stage-0
    Fetch Operator
      limit: -1
      Processor Tree:
        ListSink

PREHOOK: query: select * from masking_test where key > 0
PREHOOK: type: QUERY
PREHOOK: Input: default@masking_test
PREHOOK: Input: default@src
#### A masked pattern was here ####
POSTHOOK: query: select * from masking_test where key > 0
POSTHOOK: type: QUERY
POSTHOOK: Input: default@masking_test
POSTHOOK: Input: default@src
#### A masked pattern was here ####
4	12	NULL	12	12	12	12	12	12	12	12	12	12
8	12	NULL	12	12	12	12	12	12	12	12	12	12
2	12	NULL	12	12	12	12	12	12	12	12	12	12
