PREHOOK: query: create table masking_test_n11 as select cast(key as int) as key, value from src
PREHOOK: type: CREATETABLE_AS_SELECT
PREHOOK: Input: default@src
PREHOOK: Output: database:default
PREHOOK: Output: default@masking_test_n11
POSTHOOK: query: create table masking_test_n11 as select cast(key as int) as key, value from src
POSTHOOK: type: CREATETABLE_AS_SELECT
POSTHOOK: Input: default@src
POSTHOOK: Output: database:default
POSTHOOK: Output: default@masking_test_n11
POSTHOOK: Lineage: masking_test_n11.key EXPRESSION [(src)src.FieldSchema(name:key, type:string, comment:default), ]
POSTHOOK: Lineage: masking_test_n11.value SIMPLE [(src)src.FieldSchema(name:value, type:string, comment:default), ]
PREHOOK: query: create table masking_test_subq_n2 as select cast(key as int) as key, value from src
PREHOOK: type: CREATETABLE_AS_SELECT
PREHOOK: Input: default@src
PREHOOK: Output: database:default
PREHOOK: Output: default@masking_test_subq_n2
POSTHOOK: query: create table masking_test_subq_n2 as select cast(key as int) as key, value from src
POSTHOOK: type: CREATETABLE_AS_SELECT
POSTHOOK: Input: default@src
POSTHOOK: Output: database:default
POSTHOOK: Output: default@masking_test_subq_n2
POSTHOOK: Lineage: masking_test_subq_n2.key EXPRESSION [(src)src.FieldSchema(name:key, type:string, comment:default), ]
POSTHOOK: Lineage: masking_test_subq_n2.value SIMPLE [(src)src.FieldSchema(name:value, type:string, comment:default), ]
PREHOOK: query: explain
with q1 as ( select key from q2 where key = '5'),
q2 as ( select key from src where key = '5')
select * from (select key from q1) a
PREHOOK: type: QUERY
POSTHOOK: query: explain
with q1 as ( select key from q2 where key = '5'),
q2 as ( select key from src where key = '5')
select * from (select key from q1) a
POSTHOOK: type: QUERY
STAGE DEPENDENCIES:
  Stage-1 is a root stage
  Stage-0 depends on stages: Stage-1

STAGE PLANS:
  Stage: Stage-1
    Map Reduce
      Map Operator Tree:
          TableScan
            alias: src
            Statistics: Num rows: 500 Data size: 5312 Basic stats: COMPLETE Column stats: NONE
            Filter Operator
              predicate: (key = '5') (type: boolean)
              Statistics: Num rows: 250 Data size: 2656 Basic stats: COMPLETE Column stats: NONE
              Select Operator
                expressions: '5' (type: string)
                outputColumnNames: _col0
                Statistics: Num rows: 250 Data size: 2656 Basic stats: COMPLETE Column stats: NONE
                File Output Operator
                  compressed: false
                  Statistics: Num rows: 250 Data size: 2656 Basic stats: COMPLETE Column stats: NONE
                  table:
                      input format: org.apache.hadoop.mapred.SequenceFileInputFormat
                      output format: org.apache.hadoop.hive.ql.io.HiveSequenceFileOutputFormat
                      serde: org.apache.hadoop.hive.serde2.lazy.LazySimpleSerDe
      Execution mode: vectorized

  Stage: Stage-0
    Fetch Operator
      limit: -1
      Processor Tree:
        ListSink

PREHOOK: query: explain
with q1 as ( select * from masking_test_n11 where key = '5')
select * from q1
PREHOOK: type: QUERY
POSTHOOK: query: explain
with q1 as ( select * from masking_test_n11 where key = '5')
select * from q1
POSTHOOK: type: QUERY
STAGE DEPENDENCIES:
  Stage-1 is a root stage
  Stage-0 depends on stages: Stage-1

STAGE PLANS:
  Stage: Stage-1
    Map Reduce
      Map Operator Tree:
          TableScan
            alias: masking_test_n11
            Statistics: Num rows: 500 Data size: 5312 Basic stats: COMPLETE Column stats: NONE
            Filter Operator
              predicate: (((key % 2) = 0) and (key = 5)) (type: boolean)
              Statistics: Num rows: 125 Data size: 1328 Basic stats: COMPLETE Column stats: NONE
              Select Operator
                expressions: 5 (type: int), reverse(value) (type: string)
                outputColumnNames: _col0, _col1
                Statistics: Num rows: 125 Data size: 1328 Basic stats: COMPLETE Column stats: NONE
                File Output Operator
                  compressed: false
                  Statistics: Num rows: 125 Data size: 1328 Basic stats: COMPLETE Column stats: NONE
                  table:
                      input format: org.apache.hadoop.mapred.SequenceFileInputFormat
                      output format: org.apache.hadoop.hive.ql.io.HiveSequenceFileOutputFormat
                      serde: org.apache.hadoop.hive.serde2.lazy.LazySimpleSerDe
      Execution mode: vectorized

  Stage: Stage-0
    Fetch Operator
      limit: -1
      Processor Tree:
        ListSink

PREHOOK: query: explain
with masking_test_subq_n2 as ( select * from masking_test_n11 where key = '5')
select * from masking_test_subq_n2
PREHOOK: type: QUERY
POSTHOOK: query: explain
with masking_test_subq_n2 as ( select * from masking_test_n11 where key = '5')
select * from masking_test_subq_n2
POSTHOOK: type: QUERY
STAGE DEPENDENCIES:
  Stage-1 is a root stage
  Stage-0 depends on stages: Stage-1

STAGE PLANS:
  Stage: Stage-1
    Map Reduce
      Map Operator Tree:
          TableScan
            alias: masking_test_n11
            Statistics: Num rows: 500 Data size: 5312 Basic stats: COMPLETE Column stats: NONE
            Filter Operator
              predicate: (((key % 2) = 0) and (key = 5)) (type: boolean)
              Statistics: Num rows: 125 Data size: 1328 Basic stats: COMPLETE Column stats: NONE
              Select Operator
                expressions: 5 (type: int), reverse(value) (type: string)
                outputColumnNames: _col0, _col1
                Statistics: Num rows: 125 Data size: 1328 Basic stats: COMPLETE Column stats: NONE
                File Output Operator
                  compressed: false
                  Statistics: Num rows: 125 Data size: 1328 Basic stats: COMPLETE Column stats: NONE
                  table:
                      input format: org.apache.hadoop.mapred.SequenceFileInputFormat
                      output format: org.apache.hadoop.hive.ql.io.HiveSequenceFileOutputFormat
                      serde: org.apache.hadoop.hive.serde2.lazy.LazySimpleSerDe
      Execution mode: vectorized

  Stage: Stage-0
    Fetch Operator
      limit: -1
      Processor Tree:
        ListSink

PREHOOK: query: explain
with q1 as ( select * from masking_test_n11 where key = '5')
select * from masking_test_subq_n2
PREHOOK: type: QUERY
POSTHOOK: query: explain
with q1 as ( select * from masking_test_n11 where key = '5')
select * from masking_test_subq_n2
POSTHOOK: type: QUERY
STAGE DEPENDENCIES:
  Stage-3 is a root stage
  Stage-2 depends on stages: Stage-3
  Stage-1 depends on stages: Stage-2
  Stage-0 depends on stages: Stage-1

STAGE PLANS:
  Stage: Stage-3
    Map Reduce
      Map Operator Tree:
          TableScan
            alias: masking_test_subq_n2
            Statistics: Num rows: 500 Data size: 5312 Basic stats: COMPLETE Column stats: NONE
            Filter Operator
              predicate: key is not null (type: boolean)
              Statistics: Num rows: 500 Data size: 5312 Basic stats: COMPLETE Column stats: NONE
              Group By Operator
                keys: key (type: int)
                mode: hash
                outputColumnNames: _col0
                Statistics: Num rows: 500 Data size: 5312 Basic stats: COMPLETE Column stats: NONE
                Reduce Output Operator
                  key expressions: _col0 (type: int)
                  sort order: +
                  Map-reduce partition columns: _col0 (type: int)
                  Statistics: Num rows: 500 Data size: 5312 Basic stats: COMPLETE Column stats: NONE
      Execution mode: vectorized
      Reduce Operator Tree:
        Group By Operator
          keys: KEY._col0 (type: int)
          mode: mergepartial
          outputColumnNames: _col0
          Statistics: Num rows: 250 Data size: 2656 Basic stats: COMPLETE Column stats: NONE
          File Output Operator
            compressed: false
            table:
                input format: org.apache.hadoop.mapred.SequenceFileInputFormat
                output format: org.apache.hadoop.hive.ql.io.HiveSequenceFileOutputFormat
                serde: org.apache.hadoop.hive.serde2.lazybinary.LazyBinarySerDe

  Stage: Stage-2
    Map Reduce
      Map Operator Tree:
          TableScan
            alias: src
            Statistics: Num rows: 500 Data size: 5312 Basic stats: COMPLETE Column stats: NONE
            Filter Operator
              predicate: key is not null (type: boolean)
              Statistics: Num rows: 500 Data size: 5312 Basic stats: COMPLETE Column stats: NONE
              Select Operator
                expressions: key (type: string)
                outputColumnNames: _col0
                Statistics: Num rows: 500 Data size: 5312 Basic stats: COMPLETE Column stats: NONE
                Reduce Output Operator
                  key expressions: UDFToDouble(_col0) (type: double)
                  sort order: +
                  Map-reduce partition columns: UDFToDouble(_col0) (type: double)
                  Statistics: Num rows: 500 Data size: 5312 Basic stats: COMPLETE Column stats: NONE
                  value expressions: _col0 (type: string)
          TableScan
            Reduce Output Operator
              key expressions: UDFToDouble(_col0) (type: double)
              sort order: +
              Map-reduce partition columns: UDFToDouble(_col0) (type: double)
              Statistics: Num rows: 250 Data size: 2656 Basic stats: COMPLETE Column stats: NONE
              value expressions: _col0 (type: int)
      Reduce Operator Tree:
        Join Operator
          condition map:
               Inner Join 0 to 1
          keys:
            0 UDFToDouble(_col0) (type: double)
            1 UDFToDouble(_col0) (type: double)
          outputColumnNames: _col0, _col1
          Statistics: Num rows: 550 Data size: 5843 Basic stats: COMPLETE Column stats: NONE
          Group By Operator
            keys: _col0 (type: string), _col1 (type: int)
            mode: hash
            outputColumnNames: _col0, _col1
            Statistics: Num rows: 550 Data size: 5843 Basic stats: COMPLETE Column stats: NONE
            File Output Operator
              compressed: false
              table:
                  input format: org.apache.hadoop.mapred.SequenceFileInputFormat
                  output format: org.apache.hadoop.hive.ql.io.HiveSequenceFileOutputFormat
                  serde: org.apache.hadoop.hive.serde2.lazybinary.LazyBinarySerDe

  Stage: Stage-1
    Map Reduce
      Map Operator Tree:
          TableScan
            alias: masking_test_subq_n2
            Statistics: Num rows: 500 Data size: 5312 Basic stats: COMPLETE Column stats: NONE
            Filter Operator
              predicate: key is not null (type: boolean)
              Statistics: Num rows: 500 Data size: 5312 Basic stats: COMPLETE Column stats: NONE
              Select Operator
                expressions: key (type: int), value (type: string)
                outputColumnNames: _col0, _col1
                Statistics: Num rows: 500 Data size: 5312 Basic stats: COMPLETE Column stats: NONE
                Reduce Output Operator
                  key expressions: UDFToDouble(_col0) (type: double), _col0 (type: int)
                  sort order: ++
                  Map-reduce partition columns: UDFToDouble(_col0) (type: double), _col0 (type: int)
                  Statistics: Num rows: 500 Data size: 5312 Basic stats: COMPLETE Column stats: NONE
                  value expressions: _col1 (type: string)
          TableScan
            Reduce Output Operator
              key expressions: UDFToDouble(_col0) (type: double), _col1 (type: int)
              sort order: ++
              Map-reduce partition columns: UDFToDouble(_col0) (type: double), _col1 (type: int)
              Statistics: Num rows: 550 Data size: 5843 Basic stats: COMPLETE Column stats: NONE
      Reduce Operator Tree:
        Join Operator
          condition map:
               Left Semi Join 0 to 1
          keys:
            0 UDFToDouble(_col0) (type: double), _col0 (type: int)
            1 UDFToDouble(_col0) (type: double), _col1 (type: int)
          outputColumnNames: _col0, _col1
          Statistics: Num rows: 605 Data size: 6427 Basic stats: COMPLETE Column stats: NONE
          File Output Operator
            compressed: false
            Statistics: Num rows: 605 Data size: 6427 Basic stats: COMPLETE Column stats: NONE
            table:
                input format: org.apache.hadoop.mapred.SequenceFileInputFormat
                output format: org.apache.hadoop.hive.ql.io.HiveSequenceFileOutputFormat
                serde: org.apache.hadoop.hive.serde2.lazy.LazySimpleSerDe

  Stage: Stage-0
    Fetch Operator
      limit: -1
      Processor Tree:
        ListSink

