PREHOOK: query: create view masking_test as select cast(key as int) as key, value from src
PREHOOK: type: CREATEVIEW
PREHOOK: Input: default@src
PREHOOK: Output: database:default
PREHOOK: Output: default@masking_test
POSTHOOK: query: create view masking_test as select cast(key as int) as key, value from src
POSTHOOK: type: CREATEVIEW
POSTHOOK: Input: default@src
POSTHOOK: Output: database:default
POSTHOOK: Output: default@masking_test
POSTHOOK: Lineage: masking_test.key EXPRESSION [(src)src.FieldSchema(name:key, type:string, comment:default), ]
POSTHOOK: Lineage: masking_test.value SIMPLE [(src)src.FieldSchema(name:value, type:string, comment:default), ]
PREHOOK: query: explain select * from masking_test
PREHOOK: type: QUERY
POSTHOOK: query: explain select * from masking_test
POSTHOOK: type: QUERY
STAGE DEPENDENCIES:
  Stage-1 is a root stage
  Stage-0 depends on stages: Stage-1

STAGE PLANS:
  Stage: Stage-1
    Map Reduce
      Map Operator Tree:
          TableScan
            alias: src
            properties:
              insideView TRUE
            Statistics: Num rows: 500 Data size: 5312 Basic stats: COMPLETE Column stats: NONE
            Filter Operator
              predicate: (((UDFToInteger(key) % 2) = 0) and (UDFToInteger(key) < 10)) (type: boolean)
              Statistics: Num rows: 83 Data size: 881 Basic stats: COMPLETE Column stats: NONE
              Select Operator
                expressions: UDFToInteger(key) (type: int), reverse(value) (type: string)
                outputColumnNames: _col0, _col1
                Statistics: Num rows: 83 Data size: 881 Basic stats: COMPLETE Column stats: NONE
                File Output Operator
                  compressed: false
                  Statistics: Num rows: 83 Data size: 881 Basic stats: COMPLETE Column stats: NONE
                  table:
                      input format: org.apache.hadoop.mapred.SequenceFileInputFormat
                      output format: org.apache.hadoop.hive.ql.io.HiveSequenceFileOutputFormat
                      serde: org.apache.hadoop.hive.serde2.lazy.LazySimpleSerDe

  Stage: Stage-0
    Fetch Operator
      limit: -1
      Processor Tree:
        ListSink

PREHOOK: query: select * from masking_test
PREHOOK: type: QUERY
PREHOOK: Input: default@masking_test
PREHOOK: Input: default@src
#### A masked pattern was here ####
POSTHOOK: query: select * from masking_test
POSTHOOK: type: QUERY
POSTHOOK: Input: default@masking_test
POSTHOOK: Input: default@src
#### A masked pattern was here ####
0	0_lav
4	4_lav
8	8_lav
0	0_lav
0	0_lav
2	2_lav
PREHOOK: query: explain select * from masking_test where key > 0
PREHOOK: type: QUERY
POSTHOOK: query: explain select * from masking_test where key > 0
POSTHOOK: type: QUERY
STAGE DEPENDENCIES:
  Stage-1 is a root stage
  Stage-0 depends on stages: Stage-1

STAGE PLANS:
  Stage: Stage-1
    Map Reduce
      Map Operator Tree:
          TableScan
            alias: src
            properties:
              insideView TRUE
            Statistics: Num rows: 500 Data size: 5312 Basic stats: COMPLETE Column stats: NONE
            Filter Operator
              predicate: (((UDFToInteger(key) % 2) = 0) and (UDFToInteger(key) < 10) and (UDFToInteger(key) > 0)) (type: boolean)
              Statistics: Num rows: 27 Data size: 286 Basic stats: COMPLETE Column stats: NONE
              Select Operator
                expressions: UDFToInteger(key) (type: int), reverse(value) (type: string)
                outputColumnNames: _col0, _col1
                Statistics: Num rows: 27 Data size: 286 Basic stats: COMPLETE Column stats: NONE
                File Output Operator
                  compressed: false
                  Statistics: Num rows: 27 Data size: 286 Basic stats: COMPLETE Column stats: NONE
                  table:
                      input format: org.apache.hadoop.mapred.SequenceFileInputFormat
                      output format: org.apache.hadoop.hive.ql.io.HiveSequenceFileOutputFormat
                      serde: org.apache.hadoop.hive.serde2.lazy.LazySimpleSerDe

  Stage: Stage-0
    Fetch Operator
      limit: -1
      Processor Tree:
        ListSink

PREHOOK: query: select * from masking_test where key > 0
PREHOOK: type: QUERY
PREHOOK: Input: default@masking_test
PREHOOK: Input: default@src
#### A masked pattern was here ####
POSTHOOK: query: select * from masking_test where key > 0
POSTHOOK: type: QUERY
POSTHOOK: Input: default@masking_test
POSTHOOK: Input: default@src
#### A masked pattern was here ####
4	4_lav
8	8_lav
2	2_lav
PREHOOK: query: explain select * from src a join masking_test b on a.key = b.value where b.key > 0
PREHOOK: type: QUERY
POSTHOOK: query: explain select * from src a join masking_test b on a.key = b.value where b.key > 0
POSTHOOK: type: QUERY
STAGE DEPENDENCIES:
  Stage-1 is a root stage
  Stage-0 depends on stages: Stage-1

STAGE PLANS:
  Stage: Stage-1
    Map Reduce
      Map Operator Tree:
          TableScan
            alias: a
            Statistics: Num rows: 500 Data size: 5312 Basic stats: COMPLETE Column stats: NONE
            Filter Operator
              predicate: key is not null (type: boolean)
              Statistics: Num rows: 500 Data size: 5312 Basic stats: COMPLETE Column stats: NONE
              Select Operator
                expressions: key (type: string), value (type: string)
                outputColumnNames: _col0, _col1
                Statistics: Num rows: 500 Data size: 5312 Basic stats: COMPLETE Column stats: NONE
                Reduce Output Operator
                  key expressions: _col0 (type: string)
                  sort order: +
                  Map-reduce partition columns: _col0 (type: string)
                  Statistics: Num rows: 500 Data size: 5312 Basic stats: COMPLETE Column stats: NONE
                  value expressions: _col1 (type: string)
          TableScan
            alias: src
            properties:
              insideView TRUE
            Statistics: Num rows: 500 Data size: 5312 Basic stats: COMPLETE Column stats: NONE
            Filter Operator
              predicate: (((UDFToInteger(key) % 2) = 0) and (UDFToInteger(key) < 10) and (UDFToInteger(key) > 0) and reverse(value) is not null) (type: boolean)
              Statistics: Num rows: 27 Data size: 286 Basic stats: COMPLETE Column stats: NONE
              Select Operator
                expressions: UDFToInteger(key) (type: int), reverse(value) (type: string)
                outputColumnNames: _col0, _col1
                Statistics: Num rows: 27 Data size: 286 Basic stats: COMPLETE Column stats: NONE
                Reduce Output Operator
                  key expressions: _col1 (type: string)
                  sort order: +
                  Map-reduce partition columns: _col1 (type: string)
                  Statistics: Num rows: 27 Data size: 286 Basic stats: COMPLETE Column stats: NONE
                  value expressions: _col0 (type: int)
      Reduce Operator Tree:
        Join Operator
          condition map:
               Inner Join 0 to 1
          keys:
            0 _col0 (type: string)
            1 _col1 (type: string)
          outputColumnNames: _col0, _col1, _col2, _col3
          Statistics: Num rows: 550 Data size: 5843 Basic stats: COMPLETE Column stats: NONE
          File Output Operator
            compressed: false
            Statistics: Num rows: 550 Data size: 5843 Basic stats: COMPLETE Column stats: NONE
            table:
                input format: org.apache.hadoop.mapred.SequenceFileInputFormat
                output format: org.apache.hadoop.hive.ql.io.HiveSequenceFileOutputFormat
                serde: org.apache.hadoop.hive.serde2.lazy.LazySimpleSerDe

  Stage: Stage-0
    Fetch Operator
      limit: -1
      Processor Tree:
        ListSink

PREHOOK: query: explain select a.*, b.key from masking_test a join masking_test b on a.key = b.value where b.key > 0
PREHOOK: type: QUERY
POSTHOOK: query: explain select a.*, b.key from masking_test a join masking_test b on a.key = b.value where b.key > 0
POSTHOOK: type: QUERY
STAGE DEPENDENCIES:
  Stage-1 is a root stage
  Stage-0 depends on stages: Stage-1

STAGE PLANS:
  Stage: Stage-1
    Map Reduce
      Map Operator Tree:
          TableScan
            alias: src
            properties:
              insideView TRUE
            Statistics: Num rows: 500 Data size: 5312 Basic stats: COMPLETE Column stats: NONE
            Filter Operator
              predicate: (((UDFToInteger(key) % 2) = 0) and (UDFToInteger(key) < 10)) (type: boolean)
              Statistics: Num rows: 83 Data size: 881 Basic stats: COMPLETE Column stats: NONE
              Select Operator
                expressions: UDFToInteger(key) (type: int), reverse(value) (type: string)
                outputColumnNames: _col0, _col1
                Statistics: Num rows: 83 Data size: 881 Basic stats: COMPLETE Column stats: NONE
                Reduce Output Operator
                  key expressions: UDFToDouble(_col0) (type: double)
                  sort order: +
                  Map-reduce partition columns: UDFToDouble(_col0) (type: double)
                  Statistics: Num rows: 83 Data size: 881 Basic stats: COMPLETE Column stats: NONE
                  value expressions: _col0 (type: int), _col1 (type: string)
          TableScan
            alias: src
            properties:
              insideView TRUE
            Statistics: Num rows: 500 Data size: 5312 Basic stats: COMPLETE Column stats: NONE
            Filter Operator
              predicate: (((UDFToInteger(key) % 2) = 0) and (UDFToInteger(key) < 10) and (UDFToInteger(key) > 0) and reverse(value) is not null) (type: boolean)
              Statistics: Num rows: 27 Data size: 286 Basic stats: COMPLETE Column stats: NONE
              Select Operator
                expressions: UDFToInteger(key) (type: int), reverse(value) (type: string)
                outputColumnNames: _col0, _col1
                Statistics: Num rows: 27 Data size: 286 Basic stats: COMPLETE Column stats: NONE
                Reduce Output Operator
                  key expressions: UDFToDouble(_col1) (type: double)
                  sort order: +
                  Map-reduce partition columns: UDFToDouble(_col1) (type: double)
                  Statistics: Num rows: 27 Data size: 286 Basic stats: COMPLETE Column stats: NONE
                  value expressions: _col0 (type: int)
      Reduce Operator Tree:
        Join Operator
          condition map:
               Inner Join 0 to 1
          keys:
            0 UDFToDouble(_col0) (type: double)
            1 UDFToDouble(_col1) (type: double)
          outputColumnNames: _col0, _col1, _col2
          Statistics: Num rows: 91 Data size: 969 Basic stats: COMPLETE Column stats: NONE
          File Output Operator
            compressed: false
            Statistics: Num rows: 91 Data size: 969 Basic stats: COMPLETE Column stats: NONE
            table:
                input format: org.apache.hadoop.mapred.SequenceFileInputFormat
                output format: org.apache.hadoop.hive.ql.io.HiveSequenceFileOutputFormat
                serde: org.apache.hadoop.hive.serde2.lazy.LazySimpleSerDe

  Stage: Stage-0
    Fetch Operator
      limit: -1
      Processor Tree:
        ListSink

PREHOOK: query: explain select * from masking_test a union select b.* from masking_test b where b.key > 0
PREHOOK: type: QUERY
POSTHOOK: query: explain select * from masking_test a union select b.* from masking_test b where b.key > 0
POSTHOOK: type: QUERY
STAGE DEPENDENCIES:
  Stage-1 is a root stage
  Stage-0 depends on stages: Stage-1

STAGE PLANS:
  Stage: Stage-1
    Map Reduce
      Map Operator Tree:
          TableScan
            alias: src
            properties:
              insideView TRUE
            Statistics: Num rows: 500 Data size: 5312 Basic stats: COMPLETE Column stats: NONE
            Filter Operator
              predicate: (((UDFToInteger(key) % 2) = 0) and (UDFToInteger(key) < 10)) (type: boolean)
              Statistics: Num rows: 83 Data size: 881 Basic stats: COMPLETE Column stats: NONE
              Select Operator
                expressions: UDFToInteger(key) (type: int), reverse(value) (type: string)
                outputColumnNames: _col0, _col1
                Statistics: Num rows: 83 Data size: 881 Basic stats: COMPLETE Column stats: NONE
                Union
                  Statistics: Num rows: 110 Data size: 1167 Basic stats: COMPLETE Column stats: NONE
                  Group By Operator
                    keys: _col0 (type: int), _col1 (type: string)
                    mode: hash
                    outputColumnNames: _col0, _col1
                    Statistics: Num rows: 110 Data size: 1167 Basic stats: COMPLETE Column stats: NONE
                    Reduce Output Operator
                      key expressions: _col0 (type: int), _col1 (type: string)
                      sort order: ++
                      Map-reduce partition columns: _col0 (type: int), _col1 (type: string)
                      Statistics: Num rows: 110 Data size: 1167 Basic stats: COMPLETE Column stats: NONE
          TableScan
            alias: src
            properties:
              insideView TRUE
            Statistics: Num rows: 500 Data size: 5312 Basic stats: COMPLETE Column stats: NONE
            Filter Operator
              predicate: (((UDFToInteger(key) % 2) = 0) and (UDFToInteger(key) < 10) and (UDFToInteger(key) > 0)) (type: boolean)
              Statistics: Num rows: 27 Data size: 286 Basic stats: COMPLETE Column stats: NONE
              Select Operator
                expressions: UDFToInteger(key) (type: int), reverse(value) (type: string)
                outputColumnNames: _col0, _col1
                Statistics: Num rows: 27 Data size: 286 Basic stats: COMPLETE Column stats: NONE
                Union
                  Statistics: Num rows: 110 Data size: 1167 Basic stats: COMPLETE Column stats: NONE
                  Group By Operator
                    keys: _col0 (type: int), _col1 (type: string)
                    mode: hash
                    outputColumnNames: _col0, _col1
                    Statistics: Num rows: 110 Data size: 1167 Basic stats: COMPLETE Column stats: NONE
                    Reduce Output Operator
                      key expressions: _col0 (type: int), _col1 (type: string)
                      sort order: ++
                      Map-reduce partition columns: _col0 (type: int), _col1 (type: string)
                      Statistics: Num rows: 110 Data size: 1167 Basic stats: COMPLETE Column stats: NONE
      Reduce Operator Tree:
        Group By Operator
          keys: KEY._col0 (type: int), KEY._col1 (type: string)
          mode: mergepartial
          outputColumnNames: _col0, _col1
          Statistics: Num rows: 55 Data size: 583 Basic stats: COMPLETE Column stats: NONE
          File Output Operator
            compressed: false
            Statistics: Num rows: 55 Data size: 583 Basic stats: COMPLETE Column stats: NONE
            table:
                input format: org.apache.hadoop.mapred.SequenceFileInputFormat
                output format: org.apache.hadoop.hive.ql.io.HiveSequenceFileOutputFormat
                serde: org.apache.hadoop.hive.serde2.lazy.LazySimpleSerDe

  Stage: Stage-0
    Fetch Operator
      limit: -1
      Processor Tree:
        ListSink

