PREHOOK: query: create table cmv_basetable (a int, b varchar(256), c decimal(10,2), d int)
PREHOOK: type: CREATETABLE
PREHOOK: Output: database:default
PREHOOK: Output: default@cmv_basetable
POSTHOOK: query: create table cmv_basetable (a int, b varchar(256), c decimal(10,2), d int)
POSTHOOK: type: CREATETABLE
POSTHOOK: Output: database:default
POSTHOOK: Output: default@cmv_basetable
PREHOOK: query: insert into cmv_basetable values
 (1, 'alfred', 10.30, 2),
 (2, 'bob', 3.14, 3),
 (2, 'bonnie', 172342.2, 3),
 (3, 'calvin', 978.76, 3),
 (3, 'charlie', 9.8, 1)
PREHOOK: type: QUERY
PREHOOK: Output: default@cmv_basetable
POSTHOOK: query: insert into cmv_basetable values
 (1, 'alfred', 10.30, 2),
 (2, 'bob', 3.14, 3),
 (2, 'bonnie', 172342.2, 3),
 (3, 'calvin', 978.76, 3),
 (3, 'charlie', 9.8, 1)
POSTHOOK: type: QUERY
POSTHOOK: Output: default@cmv_basetable
POSTHOOK: Lineage: cmv_basetable.a EXPRESSION [(values__tmp__table__1)values__tmp__table__1.FieldSchema(name:tmp_values_col1, type:string, comment:), ]
POSTHOOK: Lineage: cmv_basetable.b EXPRESSION [(values__tmp__table__1)values__tmp__table__1.FieldSchema(name:tmp_values_col2, type:string, comment:), ]
POSTHOOK: Lineage: cmv_basetable.c EXPRESSION [(values__tmp__table__1)values__tmp__table__1.FieldSchema(name:tmp_values_col3, type:string, comment:), ]
POSTHOOK: Lineage: cmv_basetable.d EXPRESSION [(values__tmp__table__1)values__tmp__table__1.FieldSchema(name:tmp_values_col4, type:string, comment:), ]
PREHOOK: query: create materialized view cmv_mat_view enable rewrite
as select a, b, c from cmv_basetable where a = 2
PREHOOK: type: CREATE_MATERIALIZED_VIEW
PREHOOK: Input: default@cmv_basetable
PREHOOK: Output: database:default
PREHOOK: Output: default@cmv_mat_view
POSTHOOK: query: create materialized view cmv_mat_view enable rewrite
as select a, b, c from cmv_basetable where a = 2
POSTHOOK: type: CREATE_MATERIALIZED_VIEW
POSTHOOK: Input: default@cmv_basetable
POSTHOOK: Output: database:default
POSTHOOK: Output: default@cmv_mat_view
PREHOOK: query: select * from cmv_mat_view
PREHOOK: type: QUERY
PREHOOK: Input: default@cmv_mat_view
#### A masked pattern was here ####
POSTHOOK: query: select * from cmv_mat_view
POSTHOOK: type: QUERY
POSTHOOK: Input: default@cmv_mat_view
#### A masked pattern was here ####
2	bob	3.14
2	bonnie	172342.20
PREHOOK: query: show tblproperties cmv_mat_view
PREHOOK: type: SHOW_TBLPROPERTIES
POSTHOOK: query: show tblproperties cmv_mat_view
POSTHOOK: type: SHOW_TBLPROPERTIES
numFiles	1
totalSize	453
#### A masked pattern was here ####
PREHOOK: query: create materialized view if not exists cmv_mat_view2 enable rewrite
as select a, c from cmv_basetable where a = 3
PREHOOK: type: CREATE_MATERIALIZED_VIEW
PREHOOK: Input: default@cmv_basetable
PREHOOK: Output: database:default
PREHOOK: Output: default@cmv_mat_view2
POSTHOOK: query: create materialized view if not exists cmv_mat_view2 enable rewrite
as select a, c from cmv_basetable where a = 3
POSTHOOK: type: CREATE_MATERIALIZED_VIEW
POSTHOOK: Input: default@cmv_basetable
POSTHOOK: Output: database:default
POSTHOOK: Output: default@cmv_mat_view2
PREHOOK: query: select * from cmv_mat_view2
PREHOOK: type: QUERY
PREHOOK: Input: default@cmv_mat_view2
#### A masked pattern was here ####
POSTHOOK: query: select * from cmv_mat_view2
POSTHOOK: type: QUERY
POSTHOOK: Input: default@cmv_mat_view2
#### A masked pattern was here ####
3	978.76
3	9.80
PREHOOK: query: show tblproperties cmv_mat_view2
PREHOOK: type: SHOW_TBLPROPERTIES
POSTHOOK: query: show tblproperties cmv_mat_view2
POSTHOOK: type: SHOW_TBLPROPERTIES
numFiles	1
totalSize	322
#### A masked pattern was here ####
PREHOOK: query: explain
select a, c from cmv_basetable where a = 3
PREHOOK: type: QUERY
POSTHOOK: query: explain
select a, c from cmv_basetable where a = 3
POSTHOOK: type: QUERY
STAGE DEPENDENCIES:
  Stage-0 is a root stage

STAGE PLANS:
  Stage: Stage-0
    Fetch Operator
      limit: -1
      Processor Tree:
        TableScan
          alias: default.cmv_mat_view2
          Statistics: Num rows: 2 Data size: 322 Basic stats: COMPLETE Column stats: NONE
          Select Operator
            expressions: a (type: int), c (type: decimal(10,2))
            outputColumnNames: _col0, _col1
            Statistics: Num rows: 2 Data size: 322 Basic stats: COMPLETE Column stats: NONE
            ListSink

PREHOOK: query: select a, c from cmv_basetable where a = 3
PREHOOK: type: QUERY
PREHOOK: Input: default@cmv_basetable
PREHOOK: Input: default@cmv_mat_view2
#### A masked pattern was here ####
POSTHOOK: query: select a, c from cmv_basetable where a = 3
POSTHOOK: type: QUERY
POSTHOOK: Input: default@cmv_basetable
POSTHOOK: Input: default@cmv_mat_view2
#### A masked pattern was here ####
3	978.76
3	9.80
Warning: Shuffle Join JOIN[7][tables = [$hdt$_0, $hdt$_1]] in Stage 'Stage-1:MAPRED' is a cross product
PREHOOK: query: explain
select * from (
  (select a, c from cmv_basetable where a = 3) table1
  join
  (select a, c from cmv_basetable where d = 3) table2
  on table1.a = table2.a)
PREHOOK: type: QUERY
POSTHOOK: query: explain
select * from (
  (select a, c from cmv_basetable where a = 3) table1
  join
  (select a, c from cmv_basetable where d = 3) table2
  on table1.a = table2.a)
POSTHOOK: type: QUERY
STAGE DEPENDENCIES:
  Stage-1 is a root stage
  Stage-0 depends on stages: Stage-1

STAGE PLANS:
  Stage: Stage-1
    Map Reduce
      Map Operator Tree:
          TableScan
            alias: default.cmv_mat_view2
            Statistics: Num rows: 2 Data size: 322 Basic stats: COMPLETE Column stats: NONE
            Select Operator
              expressions: c (type: decimal(10,2))
              outputColumnNames: _col0
              Statistics: Num rows: 2 Data size: 322 Basic stats: COMPLETE Column stats: NONE
              Reduce Output Operator
                sort order: 
                Statistics: Num rows: 2 Data size: 322 Basic stats: COMPLETE Column stats: NONE
                value expressions: _col0 (type: decimal(10,2))
          TableScan
            alias: cmv_basetable
            Statistics: Num rows: 5 Data size: 81 Basic stats: COMPLETE Column stats: NONE
            Filter Operator
              predicate: ((d = 3) and (3 = a)) (type: boolean)
              Statistics: Num rows: 1 Data size: 16 Basic stats: COMPLETE Column stats: NONE
              Select Operator
                expressions: c (type: decimal(10,2))
                outputColumnNames: _col0
                Statistics: Num rows: 1 Data size: 16 Basic stats: COMPLETE Column stats: NONE
                Reduce Output Operator
                  sort order: 
                  Statistics: Num rows: 1 Data size: 16 Basic stats: COMPLETE Column stats: NONE
                  value expressions: _col0 (type: decimal(10,2))
      Reduce Operator Tree:
        Join Operator
          condition map:
               Inner Join 0 to 1
          keys:
            0 
            1 
          outputColumnNames: _col0, _col1
          Statistics: Num rows: 2 Data size: 356 Basic stats: COMPLETE Column stats: NONE
          Select Operator
            expressions: 3 (type: int), _col0 (type: decimal(10,2)), 3 (type: int), _col1 (type: decimal(10,2))
            outputColumnNames: _col0, _col1, _col2, _col3
            Statistics: Num rows: 2 Data size: 356 Basic stats: COMPLETE Column stats: NONE
            File Output Operator
              compressed: false
              Statistics: Num rows: 2 Data size: 356 Basic stats: COMPLETE Column stats: NONE
              table:
                  input format: org.apache.hadoop.mapred.SequenceFileInputFormat
                  output format: org.apache.hadoop.hive.ql.io.HiveSequenceFileOutputFormat
                  serde: org.apache.hadoop.hive.serde2.lazy.LazySimpleSerDe

  Stage: Stage-0
    Fetch Operator
      limit: -1
      Processor Tree:
        ListSink

Warning: Shuffle Join JOIN[7][tables = [$hdt$_0, $hdt$_1]] in Stage 'Stage-1:MAPRED' is a cross product
PREHOOK: query: select * from (
  (select a, c from cmv_basetable where a = 3) table1
  join
  (select a, c from cmv_basetable where d = 3) table2
  on table1.a = table2.a)
PREHOOK: type: QUERY
PREHOOK: Input: default@cmv_basetable
PREHOOK: Input: default@cmv_mat_view2
#### A masked pattern was here ####
POSTHOOK: query: select * from (
  (select a, c from cmv_basetable where a = 3) table1
  join
  (select a, c from cmv_basetable where d = 3) table2
  on table1.a = table2.a)
POSTHOOK: type: QUERY
POSTHOOK: Input: default@cmv_basetable
POSTHOOK: Input: default@cmv_mat_view2
#### A masked pattern was here ####
3	9.80	3	978.76
3	978.76	3	978.76
PREHOOK: query: drop materialized view cmv_mat_view2
PREHOOK: type: DROP_MATERIALIZED_VIEW
PREHOOK: Input: default@cmv_mat_view2
PREHOOK: Output: default@cmv_mat_view2
POSTHOOK: query: drop materialized view cmv_mat_view2
POSTHOOK: type: DROP_MATERIALIZED_VIEW
POSTHOOK: Input: default@cmv_mat_view2
POSTHOOK: Output: default@cmv_mat_view2
Warning: Shuffle Join JOIN[8][tables = [$hdt$_0, $hdt$_1]] in Stage 'Stage-1:MAPRED' is a cross product
PREHOOK: query: explain
select * from (
  (select a, c from cmv_basetable where a = 3) table1
  join
  (select a, c from cmv_basetable where d = 3) table2
  on table1.a = table2.a)
PREHOOK: type: QUERY
POSTHOOK: query: explain
select * from (
  (select a, c from cmv_basetable where a = 3) table1
  join
  (select a, c from cmv_basetable where d = 3) table2
  on table1.a = table2.a)
POSTHOOK: type: QUERY
STAGE DEPENDENCIES:
  Stage-1 is a root stage
  Stage-0 depends on stages: Stage-1

STAGE PLANS:
  Stage: Stage-1
    Map Reduce
      Map Operator Tree:
          TableScan
            alias: cmv_basetable
            Statistics: Num rows: 5 Data size: 81 Basic stats: COMPLETE Column stats: NONE
            Filter Operator
              predicate: (a = 3) (type: boolean)
              Statistics: Num rows: 2 Data size: 32 Basic stats: COMPLETE Column stats: NONE
              Select Operator
                expressions: c (type: decimal(10,2))
                outputColumnNames: _col0
                Statistics: Num rows: 2 Data size: 32 Basic stats: COMPLETE Column stats: NONE
                Reduce Output Operator
                  sort order: 
                  Statistics: Num rows: 2 Data size: 32 Basic stats: COMPLETE Column stats: NONE
                  value expressions: _col0 (type: decimal(10,2))
          TableScan
            alias: cmv_basetable
            Statistics: Num rows: 5 Data size: 81 Basic stats: COMPLETE Column stats: NONE
            Filter Operator
              predicate: ((d = 3) and (3 = a)) (type: boolean)
              Statistics: Num rows: 1 Data size: 16 Basic stats: COMPLETE Column stats: NONE
              Select Operator
                expressions: c (type: decimal(10,2))
                outputColumnNames: _col0
                Statistics: Num rows: 1 Data size: 16 Basic stats: COMPLETE Column stats: NONE
                Reduce Output Operator
                  sort order: 
                  Statistics: Num rows: 1 Data size: 16 Basic stats: COMPLETE Column stats: NONE
                  value expressions: _col0 (type: decimal(10,2))
      Reduce Operator Tree:
        Join Operator
          condition map:
               Inner Join 0 to 1
          keys:
            0 
            1 
          outputColumnNames: _col0, _col1
          Statistics: Num rows: 2 Data size: 66 Basic stats: COMPLETE Column stats: NONE
          Select Operator
            expressions: 3 (type: int), _col0 (type: decimal(10,2)), 3 (type: int), _col1 (type: decimal(10,2))
            outputColumnNames: _col0, _col1, _col2, _col3
            Statistics: Num rows: 2 Data size: 66 Basic stats: COMPLETE Column stats: NONE
            File Output Operator
              compressed: false
              Statistics: Num rows: 2 Data size: 66 Basic stats: COMPLETE Column stats: NONE
              table:
                  input format: org.apache.hadoop.mapred.SequenceFileInputFormat
                  output format: org.apache.hadoop.hive.ql.io.HiveSequenceFileOutputFormat
                  serde: org.apache.hadoop.hive.serde2.lazy.LazySimpleSerDe

  Stage: Stage-0
    Fetch Operator
      limit: -1
      Processor Tree:
        ListSink

Warning: Shuffle Join JOIN[8][tables = [$hdt$_0, $hdt$_1]] in Stage 'Stage-1:MAPRED' is a cross product
PREHOOK: query: select * from (
  (select a, c from cmv_basetable where a = 3) table1
  join
  (select a, c from cmv_basetable where d = 3) table2
  on table1.a = table2.a)
PREHOOK: type: QUERY
PREHOOK: Input: default@cmv_basetable
#### A masked pattern was here ####
POSTHOOK: query: select * from (
  (select a, c from cmv_basetable where a = 3) table1
  join
  (select a, c from cmv_basetable where d = 3) table2
  on table1.a = table2.a)
POSTHOOK: type: QUERY
POSTHOOK: Input: default@cmv_basetable
#### A masked pattern was here ####
3	9.80	3	978.76
3	978.76	3	978.76
