PREHOOK: query: create table cmv_basetable (a int, b varchar(256), c decimal(10,2), d int)
PREHOOK: type: CREATETABLE
PREHOOK: Output: database:default
PREHOOK: Output: default@cmv_basetable
POSTHOOK: query: create table cmv_basetable (a int, b varchar(256), c decimal(10,2), d int)
POSTHOOK: type: CREATETABLE
POSTHOOK: Output: database:default
POSTHOOK: Output: default@cmv_basetable
PREHOOK: query: insert into cmv_basetable values
 (1, 'alfred', 10.30, 2),
 (2, 'bob', 3.14, 3),
 (2, 'bonnie', 172342.2, 3),
 (3, 'calvin', 978.76, 3),
 (3, 'charlie', 9.8, 1)
PREHOOK: type: QUERY
PREHOOK: Output: default@cmv_basetable
POSTHOOK: query: insert into cmv_basetable values
 (1, 'alfred', 10.30, 2),
 (2, 'bob', 3.14, 3),
 (2, 'bonnie', 172342.2, 3),
 (3, 'calvin', 978.76, 3),
 (3, 'charlie', 9.8, 1)
POSTHOOK: type: QUERY
POSTHOOK: Output: default@cmv_basetable
POSTHOOK: Lineage: cmv_basetable.a EXPRESSION [(values__tmp__table__1)values__tmp__table__1.FieldSchema(name:tmp_values_col1, type:string, comment:), ]
POSTHOOK: Lineage: cmv_basetable.b EXPRESSION [(values__tmp__table__1)values__tmp__table__1.FieldSchema(name:tmp_values_col2, type:string, comment:), ]
POSTHOOK: Lineage: cmv_basetable.c EXPRESSION [(values__tmp__table__1)values__tmp__table__1.FieldSchema(name:tmp_values_col3, type:string, comment:), ]
POSTHOOK: Lineage: cmv_basetable.d EXPRESSION [(values__tmp__table__1)values__tmp__table__1.FieldSchema(name:tmp_values_col4, type:string, comment:), ]
PREHOOK: query: create materialized view cmv_mat_view enable rewrite
as select b from cmv_basetable where c > 10.0 group by a, b, c
PREHOOK: type: CREATE_MATERIALIZED_VIEW
PREHOOK: Input: default@cmv_basetable
PREHOOK: Output: database:default
PREHOOK: Output: default@cmv_mat_view
POSTHOOK: query: create materialized view cmv_mat_view enable rewrite
as select b from cmv_basetable where c > 10.0 group by a, b, c
POSTHOOK: type: CREATE_MATERIALIZED_VIEW
POSTHOOK: Input: default@cmv_basetable
POSTHOOK: Output: database:default
POSTHOOK: Output: default@cmv_mat_view
PREHOOK: query: explain
select b from cmv_basetable where c > 20.0 group by a, b
PREHOOK: type: QUERY
POSTHOOK: query: explain
select b from cmv_basetable where c > 20.0 group by a, b
POSTHOOK: type: QUERY
STAGE DEPENDENCIES:
  Stage-1 is a root stage
  Stage-0 depends on stages: Stage-1

STAGE PLANS:
  Stage: Stage-1
    Map Reduce
      Map Operator Tree:
          TableScan
            alias: cmv_basetable
            Statistics: Num rows: 5 Data size: 81 Basic stats: COMPLETE Column stats: NONE
            Filter Operator
              predicate: (c > 20) (type: boolean)
              Statistics: Num rows: 1 Data size: 16 Basic stats: COMPLETE Column stats: NONE
              Select Operator
                expressions: a (type: int), b (type: varchar(256))
                outputColumnNames: a, b
                Statistics: Num rows: 1 Data size: 16 Basic stats: COMPLETE Column stats: NONE
                Group By Operator
                  keys: a (type: int), b (type: varchar(256))
                  mode: hash
                  outputColumnNames: _col0, _col1
                  Statistics: Num rows: 1 Data size: 16 Basic stats: COMPLETE Column stats: NONE
                  Reduce Output Operator
                    key expressions: _col0 (type: int), _col1 (type: varchar(256))
                    sort order: ++
                    Map-reduce partition columns: _col0 (type: int), _col1 (type: varchar(256))
                    Statistics: Num rows: 1 Data size: 16 Basic stats: COMPLETE Column stats: NONE
      Reduce Operator Tree:
        Group By Operator
          keys: KEY._col0 (type: int), KEY._col1 (type: varchar(256))
          mode: mergepartial
          outputColumnNames: _col0, _col1
          Statistics: Num rows: 1 Data size: 16 Basic stats: COMPLETE Column stats: NONE
          Select Operator
            expressions: _col1 (type: varchar(256))
            outputColumnNames: _col0
            Statistics: Num rows: 1 Data size: 16 Basic stats: COMPLETE Column stats: NONE
            File Output Operator
              compressed: false
              Statistics: Num rows: 1 Data size: 16 Basic stats: COMPLETE Column stats: NONE
              table:
                  input format: org.apache.hadoop.mapred.SequenceFileInputFormat
                  output format: org.apache.hadoop.hive.ql.io.HiveSequenceFileOutputFormat
                  serde: org.apache.hadoop.hive.serde2.lazy.LazySimpleSerDe

  Stage: Stage-0
    Fetch Operator
      limit: -1
      Processor Tree:
        ListSink

PREHOOK: query: select b from cmv_basetable where c > 20.0 group by a, b
PREHOOK: type: QUERY
PREHOOK: Input: default@cmv_basetable
#### A masked pattern was here ####
POSTHOOK: query: select b from cmv_basetable where c > 20.0 group by a, b
POSTHOOK: type: QUERY
POSTHOOK: Input: default@cmv_basetable
#### A masked pattern was here ####
bonnie
calvin
PREHOOK: query: create materialized view cmv_mat_view_2 enable rewrite
as select b, c from cmv_basetable where c > 10.0 group by a, b, c
PREHOOK: type: CREATE_MATERIALIZED_VIEW
PREHOOK: Input: default@cmv_basetable
PREHOOK: Output: database:default
PREHOOK: Output: default@cmv_mat_view_2
POSTHOOK: query: create materialized view cmv_mat_view_2 enable rewrite
as select b, c from cmv_basetable where c > 10.0 group by a, b, c
POSTHOOK: type: CREATE_MATERIALIZED_VIEW
POSTHOOK: Input: default@cmv_basetable
POSTHOOK: Output: database:default
POSTHOOK: Output: default@cmv_mat_view_2
PREHOOK: query: explain
select b from cmv_basetable where c > 20.0 group by a, b
PREHOOK: type: QUERY
POSTHOOK: query: explain
select b from cmv_basetable where c > 20.0 group by a, b
POSTHOOK: type: QUERY
STAGE DEPENDENCIES:
  Stage-1 is a root stage
  Stage-0 depends on stages: Stage-1

STAGE PLANS:
  Stage: Stage-1
    Map Reduce
      Map Operator Tree:
          TableScan
            alias: cmv_basetable
            Statistics: Num rows: 5 Data size: 81 Basic stats: COMPLETE Column stats: NONE
            Filter Operator
              predicate: (c > 20) (type: boolean)
              Statistics: Num rows: 1 Data size: 16 Basic stats: COMPLETE Column stats: NONE
              Select Operator
                expressions: a (type: int), b (type: varchar(256))
                outputColumnNames: a, b
                Statistics: Num rows: 1 Data size: 16 Basic stats: COMPLETE Column stats: NONE
                Group By Operator
                  keys: a (type: int), b (type: varchar(256))
                  mode: hash
                  outputColumnNames: _col0, _col1
                  Statistics: Num rows: 1 Data size: 16 Basic stats: COMPLETE Column stats: NONE
                  Reduce Output Operator
                    key expressions: _col0 (type: int), _col1 (type: varchar(256))
                    sort order: ++
                    Map-reduce partition columns: _col0 (type: int), _col1 (type: varchar(256))
                    Statistics: Num rows: 1 Data size: 16 Basic stats: COMPLETE Column stats: NONE
      Reduce Operator Tree:
        Group By Operator
          keys: KEY._col0 (type: int), KEY._col1 (type: varchar(256))
          mode: mergepartial
          outputColumnNames: _col0, _col1
          Statistics: Num rows: 1 Data size: 16 Basic stats: COMPLETE Column stats: NONE
          Select Operator
            expressions: _col1 (type: varchar(256))
            outputColumnNames: _col0
            Statistics: Num rows: 1 Data size: 16 Basic stats: COMPLETE Column stats: NONE
            File Output Operator
              compressed: false
              Statistics: Num rows: 1 Data size: 16 Basic stats: COMPLETE Column stats: NONE
              table:
                  input format: org.apache.hadoop.mapred.SequenceFileInputFormat
                  output format: org.apache.hadoop.hive.ql.io.HiveSequenceFileOutputFormat
                  serde: org.apache.hadoop.hive.serde2.lazy.LazySimpleSerDe

  Stage: Stage-0
    Fetch Operator
      limit: -1
      Processor Tree:
        ListSink

PREHOOK: query: select b from cmv_basetable where c > 20.0 group by a, b
PREHOOK: type: QUERY
PREHOOK: Input: default@cmv_basetable
#### A masked pattern was here ####
POSTHOOK: query: select b from cmv_basetable where c > 20.0 group by a, b
POSTHOOK: type: QUERY
POSTHOOK: Input: default@cmv_basetable
#### A masked pattern was here ####
bonnie
calvin
PREHOOK: query: create materialized view cmv_mat_view_3 enable rewrite
as select a, b, c from cmv_basetable where c > 10.0 group by a, b, c
PREHOOK: type: CREATE_MATERIALIZED_VIEW
PREHOOK: Input: default@cmv_basetable
PREHOOK: Output: database:default
PREHOOK: Output: default@cmv_mat_view_3
POSTHOOK: query: create materialized view cmv_mat_view_3 enable rewrite
as select a, b, c from cmv_basetable where c > 10.0 group by a, b, c
POSTHOOK: type: CREATE_MATERIALIZED_VIEW
POSTHOOK: Input: default@cmv_basetable
POSTHOOK: Output: database:default
POSTHOOK: Output: default@cmv_mat_view_3
PREHOOK: query: explain
select b from cmv_basetable where c > 20.0 group by a, b
PREHOOK: type: QUERY
POSTHOOK: query: explain
select b from cmv_basetable where c > 20.0 group by a, b
POSTHOOK: type: QUERY
STAGE DEPENDENCIES:
  Stage-1 is a root stage
  Stage-0 depends on stages: Stage-1

STAGE PLANS:
  Stage: Stage-1
    Map Reduce
      Map Operator Tree:
          TableScan
            alias: default.cmv_mat_view_3
            Statistics: Num rows: 1 Data size: 483 Basic stats: COMPLETE Column stats: NONE
            Filter Operator
              predicate: (c > 20) (type: boolean)
              Statistics: Num rows: 1 Data size: 483 Basic stats: COMPLETE Column stats: NONE
              Select Operator
                expressions: a (type: int), b (type: varchar(256))
                outputColumnNames: a, b
                Statistics: Num rows: 1 Data size: 483 Basic stats: COMPLETE Column stats: NONE
                Group By Operator
                  keys: a (type: int), b (type: varchar(256))
                  mode: hash
                  outputColumnNames: _col0, _col1
                  Statistics: Num rows: 1 Data size: 483 Basic stats: COMPLETE Column stats: NONE
                  Reduce Output Operator
                    key expressions: _col0 (type: int), _col1 (type: varchar(256))
                    sort order: ++
                    Map-reduce partition columns: _col0 (type: int), _col1 (type: varchar(256))
                    Statistics: Num rows: 1 Data size: 483 Basic stats: COMPLETE Column stats: NONE
      Reduce Operator Tree:
        Group By Operator
          keys: KEY._col0 (type: int), KEY._col1 (type: varchar(256))
          mode: mergepartial
          outputColumnNames: _col0, _col1
          Statistics: Num rows: 1 Data size: 483 Basic stats: COMPLETE Column stats: NONE
          Select Operator
            expressions: _col1 (type: varchar(256))
            outputColumnNames: _col0
            Statistics: Num rows: 1 Data size: 483 Basic stats: COMPLETE Column stats: NONE
            File Output Operator
              compressed: false
              Statistics: Num rows: 1 Data size: 483 Basic stats: COMPLETE Column stats: NONE
              table:
                  input format: org.apache.hadoop.mapred.SequenceFileInputFormat
                  output format: org.apache.hadoop.hive.ql.io.HiveSequenceFileOutputFormat
                  serde: org.apache.hadoop.hive.serde2.lazy.LazySimpleSerDe

  Stage: Stage-0
    Fetch Operator
      limit: -1
      Processor Tree:
        ListSink

PREHOOK: query: select b from cmv_basetable where c > 20.0 group by a, b
PREHOOK: type: QUERY
PREHOOK: Input: default@cmv_basetable
PREHOOK: Input: default@cmv_mat_view_3
#### A masked pattern was here ####
POSTHOOK: query: select b from cmv_basetable where c > 20.0 group by a, b
POSTHOOK: type: QUERY
POSTHOOK: Input: default@cmv_basetable
POSTHOOK: Input: default@cmv_mat_view_3
#### A masked pattern was here ####
bonnie
calvin
PREHOOK: query: create materialized view cmv_mat_view_4 enable rewrite
as select a, b from cmv_basetable group by a, b
PREHOOK: type: CREATE_MATERIALIZED_VIEW
PREHOOK: Input: default@cmv_basetable
PREHOOK: Output: database:default
PREHOOK: Output: default@cmv_mat_view_4
POSTHOOK: query: create materialized view cmv_mat_view_4 enable rewrite
as select a, b from cmv_basetable group by a, b
POSTHOOK: type: CREATE_MATERIALIZED_VIEW
POSTHOOK: Input: default@cmv_basetable
POSTHOOK: Output: database:default
POSTHOOK: Output: default@cmv_mat_view_4
PREHOOK: query: explain
select b from cmv_basetable group by b
PREHOOK: type: QUERY
POSTHOOK: query: explain
select b from cmv_basetable group by b
POSTHOOK: type: QUERY
STAGE DEPENDENCIES:
  Stage-1 is a root stage
  Stage-0 depends on stages: Stage-1

STAGE PLANS:
  Stage: Stage-1
    Map Reduce
      Map Operator Tree:
          TableScan
            alias: default.cmv_mat_view_4
            Statistics: Num rows: 1 Data size: 342 Basic stats: COMPLETE Column stats: NONE
            Select Operator
              expressions: b (type: varchar(256))
              outputColumnNames: b
              Statistics: Num rows: 1 Data size: 342 Basic stats: COMPLETE Column stats: NONE
              Group By Operator
                keys: b (type: varchar(256))
                mode: hash
                outputColumnNames: _col0
                Statistics: Num rows: 1 Data size: 342 Basic stats: COMPLETE Column stats: NONE
                Reduce Output Operator
                  key expressions: _col0 (type: varchar(256))
                  sort order: +
                  Map-reduce partition columns: _col0 (type: varchar(256))
                  Statistics: Num rows: 1 Data size: 342 Basic stats: COMPLETE Column stats: NONE
      Reduce Operator Tree:
        Group By Operator
          keys: KEY._col0 (type: varchar(256))
          mode: mergepartial
          outputColumnNames: _col0
          Statistics: Num rows: 1 Data size: 342 Basic stats: COMPLETE Column stats: NONE
          File Output Operator
            compressed: false
            Statistics: Num rows: 1 Data size: 342 Basic stats: COMPLETE Column stats: NONE
            table:
                input format: org.apache.hadoop.mapred.SequenceFileInputFormat
                output format: org.apache.hadoop.hive.ql.io.HiveSequenceFileOutputFormat
                serde: org.apache.hadoop.hive.serde2.lazy.LazySimpleSerDe

  Stage: Stage-0
    Fetch Operator
      limit: -1
      Processor Tree:
        ListSink

PREHOOK: query: select b from cmv_basetable group by b
PREHOOK: type: QUERY
PREHOOK: Input: default@cmv_basetable
PREHOOK: Input: default@cmv_mat_view_4
#### A masked pattern was here ####
POSTHOOK: query: select b from cmv_basetable group by b
POSTHOOK: type: QUERY
POSTHOOK: Input: default@cmv_basetable
POSTHOOK: Input: default@cmv_mat_view_4
#### A masked pattern was here ####
alfred
bob
bonnie
calvin
charlie
PREHOOK: query: create table cmv_basetable_2 (a int, b varchar(256), c decimal(10,2), d int)
PREHOOK: type: CREATETABLE
PREHOOK: Output: database:default
PREHOOK: Output: default@cmv_basetable_2
POSTHOOK: query: create table cmv_basetable_2 (a int, b varchar(256), c decimal(10,2), d int)
POSTHOOK: type: CREATETABLE
POSTHOOK: Output: database:default
POSTHOOK: Output: default@cmv_basetable_2
PREHOOK: query: insert into cmv_basetable_2 values
 (1, 'alfred', 10.30, 2),
 (3, 'calvin', 978.76, 3)
PREHOOK: type: QUERY
PREHOOK: Output: default@cmv_basetable_2
POSTHOOK: query: insert into cmv_basetable_2 values
 (1, 'alfred', 10.30, 2),
 (3, 'calvin', 978.76, 3)
POSTHOOK: type: QUERY
POSTHOOK: Output: default@cmv_basetable_2
POSTHOOK: Lineage: cmv_basetable_2.a EXPRESSION [(values__tmp__table__2)values__tmp__table__2.FieldSchema(name:tmp_values_col1, type:string, comment:), ]
POSTHOOK: Lineage: cmv_basetable_2.b EXPRESSION [(values__tmp__table__2)values__tmp__table__2.FieldSchema(name:tmp_values_col2, type:string, comment:), ]
POSTHOOK: Lineage: cmv_basetable_2.c EXPRESSION [(values__tmp__table__2)values__tmp__table__2.FieldSchema(name:tmp_values_col3, type:string, comment:), ]
POSTHOOK: Lineage: cmv_basetable_2.d EXPRESSION [(values__tmp__table__2)values__tmp__table__2.FieldSchema(name:tmp_values_col4, type:string, comment:), ]
PREHOOK: query: create materialized view cmv_mat_view_5 enable rewrite
as select cmv_basetable.a, cmv_basetable_2.c
   from cmv_basetable join cmv_basetable_2 on (cmv_basetable.a = cmv_basetable_2.a)
   where cmv_basetable_2.c > 10.0
   group by cmv_basetable.a, cmv_basetable_2.c
PREHOOK: type: CREATE_MATERIALIZED_VIEW
PREHOOK: Input: default@cmv_basetable
PREHOOK: Input: default@cmv_basetable_2
PREHOOK: Output: database:default
PREHOOK: Output: default@cmv_mat_view_5
POSTHOOK: query: create materialized view cmv_mat_view_5 enable rewrite
as select cmv_basetable.a, cmv_basetable_2.c
   from cmv_basetable join cmv_basetable_2 on (cmv_basetable.a = cmv_basetable_2.a)
   where cmv_basetable_2.c > 10.0
   group by cmv_basetable.a, cmv_basetable_2.c
POSTHOOK: type: CREATE_MATERIALIZED_VIEW
POSTHOOK: Input: default@cmv_basetable
POSTHOOK: Input: default@cmv_basetable_2
POSTHOOK: Output: database:default
POSTHOOK: Output: default@cmv_mat_view_5
PREHOOK: query: explain
select cmv_basetable.a
from cmv_basetable join cmv_basetable_2 on (cmv_basetable.a = cmv_basetable_2.a)
where cmv_basetable_2.c > 10.10
group by cmv_basetable.a, cmv_basetable_2.c
PREHOOK: type: QUERY
POSTHOOK: query: explain
select cmv_basetable.a
from cmv_basetable join cmv_basetable_2 on (cmv_basetable.a = cmv_basetable_2.a)
where cmv_basetable_2.c > 10.10
group by cmv_basetable.a, cmv_basetable_2.c
POSTHOOK: type: QUERY
STAGE DEPENDENCIES:
  Stage-1 is a root stage
  Stage-0 depends on stages: Stage-1

STAGE PLANS:
  Stage: Stage-1
    Map Reduce
      Map Operator Tree:
          TableScan
            alias: default.cmv_mat_view_5
            Statistics: Num rows: 2 Data size: 325 Basic stats: COMPLETE Column stats: NONE
            Filter Operator
              predicate: (c > 10.1) (type: boolean)
              Statistics: Num rows: 1 Data size: 162 Basic stats: COMPLETE Column stats: NONE
              Select Operator
                expressions: a (type: int)
                outputColumnNames: _col0
                Statistics: Num rows: 1 Data size: 162 Basic stats: COMPLETE Column stats: NONE
                File Output Operator
                  compressed: false
                  Statistics: Num rows: 1 Data size: 162 Basic stats: COMPLETE Column stats: NONE
                  table:
                      input format: org.apache.hadoop.mapred.SequenceFileInputFormat
                      output format: org.apache.hadoop.hive.ql.io.HiveSequenceFileOutputFormat
                      serde: org.apache.hadoop.hive.serde2.lazy.LazySimpleSerDe

  Stage: Stage-0
    Fetch Operator
      limit: -1
      Processor Tree:
        ListSink

PREHOOK: query: select cmv_basetable.a
from cmv_basetable join cmv_basetable_2 on (cmv_basetable.a = cmv_basetable_2.a)
where cmv_basetable_2.c > 10.10
group by cmv_basetable.a, cmv_basetable_2.c
PREHOOK: type: QUERY
PREHOOK: Input: default@cmv_basetable
PREHOOK: Input: default@cmv_basetable_2
PREHOOK: Input: default@cmv_mat_view_5
#### A masked pattern was here ####
POSTHOOK: query: select cmv_basetable.a
from cmv_basetable join cmv_basetable_2 on (cmv_basetable.a = cmv_basetable_2.a)
where cmv_basetable_2.c > 10.10
group by cmv_basetable.a, cmv_basetable_2.c
POSTHOOK: type: QUERY
POSTHOOK: Input: default@cmv_basetable
POSTHOOK: Input: default@cmv_basetable_2
POSTHOOK: Input: default@cmv_mat_view_5
#### A masked pattern was here ####
1
3
PREHOOK: query: explain
select cmv_basetable.a
from cmv_basetable join cmv_basetable_2 on (cmv_basetable.a = cmv_basetable_2.a)
where cmv_basetable_2.c > 10.10
group by cmv_basetable.a
PREHOOK: type: QUERY
POSTHOOK: query: explain
select cmv_basetable.a
from cmv_basetable join cmv_basetable_2 on (cmv_basetable.a = cmv_basetable_2.a)
where cmv_basetable_2.c > 10.10
group by cmv_basetable.a
POSTHOOK: type: QUERY
STAGE DEPENDENCIES:
  Stage-1 is a root stage
  Stage-0 depends on stages: Stage-1

STAGE PLANS:
  Stage: Stage-1
    Map Reduce
      Map Operator Tree:
          TableScan
            alias: default.cmv_mat_view_5
            Statistics: Num rows: 2 Data size: 325 Basic stats: COMPLETE Column stats: NONE
            Filter Operator
              predicate: (c > 10.1) (type: boolean)
              Statistics: Num rows: 1 Data size: 162 Basic stats: COMPLETE Column stats: NONE
              Select Operator
                expressions: a (type: int)
                outputColumnNames: a
                Statistics: Num rows: 1 Data size: 162 Basic stats: COMPLETE Column stats: NONE
                Group By Operator
                  keys: a (type: int)
                  mode: hash
                  outputColumnNames: _col0
                  Statistics: Num rows: 1 Data size: 162 Basic stats: COMPLETE Column stats: NONE
                  Reduce Output Operator
                    key expressions: _col0 (type: int)
                    sort order: +
                    Map-reduce partition columns: _col0 (type: int)
                    Statistics: Num rows: 1 Data size: 162 Basic stats: COMPLETE Column stats: NONE
      Reduce Operator Tree:
        Group By Operator
          keys: KEY._col0 (type: int)
          mode: mergepartial
          outputColumnNames: _col0
          Statistics: Num rows: 1 Data size: 162 Basic stats: COMPLETE Column stats: NONE
          File Output Operator
            compressed: false
            Statistics: Num rows: 1 Data size: 162 Basic stats: COMPLETE Column stats: NONE
            table:
                input format: org.apache.hadoop.mapred.SequenceFileInputFormat
                output format: org.apache.hadoop.hive.ql.io.HiveSequenceFileOutputFormat
                serde: org.apache.hadoop.hive.serde2.lazy.LazySimpleSerDe

  Stage: Stage-0
    Fetch Operator
      limit: -1
      Processor Tree:
        ListSink

PREHOOK: query: select cmv_basetable.a
from cmv_basetable join cmv_basetable_2 on (cmv_basetable.a = cmv_basetable_2.a)
where cmv_basetable_2.c > 10.10
group by cmv_basetable.a
PREHOOK: type: QUERY
PREHOOK: Input: default@cmv_basetable
PREHOOK: Input: default@cmv_basetable_2
PREHOOK: Input: default@cmv_mat_view_5
#### A masked pattern was here ####
POSTHOOK: query: select cmv_basetable.a
from cmv_basetable join cmv_basetable_2 on (cmv_basetable.a = cmv_basetable_2.a)
where cmv_basetable_2.c > 10.10
group by cmv_basetable.a
POSTHOOK: type: QUERY
POSTHOOK: Input: default@cmv_basetable
POSTHOOK: Input: default@cmv_basetable_2
POSTHOOK: Input: default@cmv_mat_view_5
#### A masked pattern was here ####
1
3
PREHOOK: query: drop materialized view cmv_mat_view
PREHOOK: type: DROP_MATERIALIZED_VIEW
PREHOOK: Input: default@cmv_mat_view
PREHOOK: Output: default@cmv_mat_view
POSTHOOK: query: drop materialized view cmv_mat_view
POSTHOOK: type: DROP_MATERIALIZED_VIEW
POSTHOOK: Input: default@cmv_mat_view
POSTHOOK: Output: default@cmv_mat_view
PREHOOK: query: drop materialized view cmv_mat_view_2
PREHOOK: type: DROP_MATERIALIZED_VIEW
PREHOOK: Input: default@cmv_mat_view_2
PREHOOK: Output: default@cmv_mat_view_2
POSTHOOK: query: drop materialized view cmv_mat_view_2
POSTHOOK: type: DROP_MATERIALIZED_VIEW
POSTHOOK: Input: default@cmv_mat_view_2
POSTHOOK: Output: default@cmv_mat_view_2
PREHOOK: query: drop materialized view cmv_mat_view_3
PREHOOK: type: DROP_MATERIALIZED_VIEW
PREHOOK: Input: default@cmv_mat_view_3
PREHOOK: Output: default@cmv_mat_view_3
POSTHOOK: query: drop materialized view cmv_mat_view_3
POSTHOOK: type: DROP_MATERIALIZED_VIEW
POSTHOOK: Input: default@cmv_mat_view_3
POSTHOOK: Output: default@cmv_mat_view_3
PREHOOK: query: drop materialized view cmv_mat_view_4
PREHOOK: type: DROP_MATERIALIZED_VIEW
PREHOOK: Input: default@cmv_mat_view_4
PREHOOK: Output: default@cmv_mat_view_4
POSTHOOK: query: drop materialized view cmv_mat_view_4
POSTHOOK: type: DROP_MATERIALIZED_VIEW
POSTHOOK: Input: default@cmv_mat_view_4
POSTHOOK: Output: default@cmv_mat_view_4
PREHOOK: query: drop materialized view cmv_mat_view_5
PREHOOK: type: DROP_MATERIALIZED_VIEW
PREHOOK: Input: default@cmv_mat_view_5
PREHOOK: Output: default@cmv_mat_view_5
POSTHOOK: query: drop materialized view cmv_mat_view_5
POSTHOOK: type: DROP_MATERIALIZED_VIEW
POSTHOOK: Input: default@cmv_mat_view_5
POSTHOOK: Output: default@cmv_mat_view_5
