PREHOOK: query: drop table qtr_acid
PREHOOK: type: DROPTABLE
POSTHOOK: query: drop table qtr_acid
POSTHOOK: type: DROPTABLE
PREHOOK: query: create table qtr_acid (key int) partitioned by (p int) tblproperties ("transactional"="true", "transactional_properties"="insert_only")
PREHOOK: type: CREATETABLE
PREHOOK: Output: database:default
PREHOOK: Output: default@qtr_acid
POSTHOOK: query: create table qtr_acid (key int) partitioned by (p int) tblproperties ("transactional"="true", "transactional_properties"="insert_only")
POSTHOOK: type: CREATETABLE
POSTHOOK: Output: database:default
POSTHOOK: Output: default@qtr_acid
PREHOOK: query: insert into table qtr_acid partition(p='123') select distinct key from src where key > 0 order by key asc limit 10
PREHOOK: type: QUERY
PREHOOK: Input: default@src
PREHOOK: Output: default@qtr_acid@p=123
POSTHOOK: query: insert into table qtr_acid partition(p='123') select distinct key from src where key > 0 order by key asc limit 10
POSTHOOK: type: QUERY
POSTHOOK: Input: default@src
POSTHOOK: Output: default@qtr_acid@p=123
POSTHOOK: Lineage: qtr_acid PARTITION(p=123).key EXPRESSION [(src)src.FieldSchema(name:key, type:string, comment:default), ]
PREHOOK: query: insert into table qtr_acid partition(p='456') select distinct key from src where key > 0 order by key desc limit 10
PREHOOK: type: QUERY
PREHOOK: Input: default@src
PREHOOK: Output: default@qtr_acid@p=456
POSTHOOK: query: insert into table qtr_acid partition(p='456') select distinct key from src where key > 0 order by key desc limit 10
POSTHOOK: type: QUERY
POSTHOOK: Input: default@src
POSTHOOK: Output: default@qtr_acid@p=456
POSTHOOK: Lineage: qtr_acid PARTITION(p=456).key EXPRESSION [(src)src.FieldSchema(name:key, type:string, comment:default), ]
PREHOOK: query: explain
select * from qtr_acid order by key
PREHOOK: type: QUERY
POSTHOOK: query: explain
select * from qtr_acid order by key
POSTHOOK: type: QUERY
STAGE DEPENDENCIES:
  Stage-1 is a root stage
  Stage-0 depends on stages: Stage-1

STAGE PLANS:
  Stage: Stage-1
    Map Reduce
      Map Operator Tree:
          TableScan
            alias: qtr_acid
            Statistics: Num rows: 16 Data size: 67 Basic stats: COMPLETE Column stats: NONE
            Select Operator
              expressions: key (type: int), p (type: int)
              outputColumnNames: _col0, _col1
              Statistics: Num rows: 16 Data size: 67 Basic stats: COMPLETE Column stats: NONE
              Reduce Output Operator
                key expressions: _col0 (type: int)
                sort order: +
                Statistics: Num rows: 16 Data size: 67 Basic stats: COMPLETE Column stats: NONE
                value expressions: _col1 (type: int)
      Reduce Operator Tree:
        Select Operator
          expressions: KEY.reducesinkkey0 (type: int), VALUE._col0 (type: int)
          outputColumnNames: _col0, _col1
          Statistics: Num rows: 16 Data size: 67 Basic stats: COMPLETE Column stats: NONE
          File Output Operator
            compressed: false
            Statistics: Num rows: 16 Data size: 67 Basic stats: COMPLETE Column stats: NONE
            table:
                input format: org.apache.hadoop.mapred.SequenceFileInputFormat
                output format: org.apache.hadoop.hive.ql.io.HiveSequenceFileOutputFormat
                serde: org.apache.hadoop.hive.serde2.lazy.LazySimpleSerDe

  Stage: Stage-0
    Fetch Operator
      limit: -1
      Processor Tree:
        ListSink

PREHOOK: query: select * from qtr_acid order by key
PREHOOK: type: QUERY
PREHOOK: Input: default@qtr_acid
PREHOOK: Input: default@qtr_acid@p=123
PREHOOK: Input: default@qtr_acid@p=456
#### A masked pattern was here ####
POSTHOOK: query: select * from qtr_acid order by key
POSTHOOK: type: QUERY
POSTHOOK: Input: default@qtr_acid
POSTHOOK: Input: default@qtr_acid@p=123
POSTHOOK: Input: default@qtr_acid@p=456
#### A masked pattern was here ####
9	456
10	123
11	123
85	456
86	456
87	456
90	456
92	456
95	456
96	456
97	456
98	456
100	123
103	123
104	123
105	123
111	123
113	123
114	123
116	123
PREHOOK: query: drop table qtr_acid
PREHOOK: type: DROPTABLE
PREHOOK: Input: default@qtr_acid
PREHOOK: Output: default@qtr_acid
POSTHOOK: query: drop table qtr_acid
POSTHOOK: type: DROPTABLE
POSTHOOK: Input: default@qtr_acid
POSTHOOK: Output: default@qtr_acid
