PREHOOK: query: CREATE TABLE T_A ( id STRING, val STRING )
PREHOOK: type: CREATETABLE
PREHOOK: Output: database:default
PREHOOK: Output: default@T_A
POSTHOOK: query: CREATE TABLE T_A ( id STRING, val STRING )
POSTHOOK: type: CREATETABLE
POSTHOOK: Output: database:default
POSTHOOK: Output: default@T_A
PREHOOK: query: CREATE TABLE T_B ( id STRING, val STRING )
PREHOOK: type: CREATETABLE
PREHOOK: Output: database:default
PREHOOK: Output: default@T_B
POSTHOOK: query: CREATE TABLE T_B ( id STRING, val STRING )
POSTHOOK: type: CREATETABLE
POSTHOOK: Output: database:default
POSTHOOK: Output: default@T_B
PREHOOK: query: CREATE TABLE join_result_1 ( ida STRING, vala STRING, idb STRING, valb STRING )
PREHOOK: type: CREATETABLE
PREHOOK: Output: database:default
PREHOOK: Output: default@join_result_1
POSTHOOK: query: CREATE TABLE join_result_1 ( ida STRING, vala STRING, idb STRING, valb STRING )
POSTHOOK: type: CREATETABLE
POSTHOOK: Output: database:default
POSTHOOK: Output: default@join_result_1
PREHOOK: query: CREATE TABLE join_result_3 ( ida STRING, vala STRING, idb STRING, valb STRING )
PREHOOK: type: CREATETABLE
PREHOOK: Output: database:default
PREHOOK: Output: default@join_result_3
POSTHOOK: query: CREATE TABLE join_result_3 ( ida STRING, vala STRING, idb STRING, valb STRING )
POSTHOOK: type: CREATETABLE
POSTHOOK: Output: database:default
POSTHOOK: Output: default@join_result_3
PREHOOK: query: INSERT INTO TABLE T_A 
VALUES ('Id_1', 'val_101'), ('Id_2', 'val_102'), ('Id_3', 'val_103')
PREHOOK: type: QUERY
PREHOOK: Input: _dummy_database@_dummy_table
PREHOOK: Output: default@t_a
POSTHOOK: query: INSERT INTO TABLE T_A 
VALUES ('Id_1', 'val_101'), ('Id_2', 'val_102'), ('Id_3', 'val_103')
POSTHOOK: type: QUERY
POSTHOOK: Input: _dummy_database@_dummy_table
POSTHOOK: Output: default@t_a
POSTHOOK: Lineage: t_a.id SCRIPT []
POSTHOOK: Lineage: t_a.val SCRIPT []
PREHOOK: query: INSERT INTO TABLE T_B 
VALUES ('Id_1', 'val_103'), ('Id_2', 'val_104')
PREHOOK: type: QUERY
PREHOOK: Input: _dummy_database@_dummy_table
PREHOOK: Output: default@t_b
POSTHOOK: query: INSERT INTO TABLE T_B 
VALUES ('Id_1', 'val_103'), ('Id_2', 'val_104')
POSTHOOK: type: QUERY
POSTHOOK: Input: _dummy_database@_dummy_table
POSTHOOK: Output: default@t_b
POSTHOOK: Lineage: t_b.id SCRIPT []
POSTHOOK: Lineage: t_b.val SCRIPT []
Warning: Shuffle Join JOIN[8][tables = [$hdt$_0, $hdt$_1]] in Stage 'Stage-1:MAPRED' is a cross product
PREHOOK: query: explain
FROM T_A a LEFT JOIN T_B b ON a.id = b.id
INSERT OVERWRITE TABLE join_result_1
SELECT a.*, b.*
WHERE b.id = 'Id_1' AND b.val = 'val_103'
PREHOOK: type: QUERY
POSTHOOK: query: explain
FROM T_A a LEFT JOIN T_B b ON a.id = b.id
INSERT OVERWRITE TABLE join_result_1
SELECT a.*, b.*
WHERE b.id = 'Id_1' AND b.val = 'val_103'
POSTHOOK: type: QUERY
STAGE DEPENDENCIES:
  Stage-1 is a root stage
  Stage-0 depends on stages: Stage-1
  Stage-2 depends on stages: Stage-0, Stage-3
  Stage-3 depends on stages: Stage-1

STAGE PLANS:
  Stage: Stage-1
    Map Reduce
      Map Operator Tree:
          TableScan
            alias: a
            Statistics: Num rows: 3 Data size: 36 Basic stats: COMPLETE Column stats: NONE
            Filter Operator
              predicate: (id = 'Id_1') (type: boolean)
              Statistics: Num rows: 1 Data size: 12 Basic stats: COMPLETE Column stats: NONE
              Select Operator
                expressions: val (type: string)
                outputColumnNames: _col1
                Statistics: Num rows: 1 Data size: 12 Basic stats: COMPLETE Column stats: NONE
                Reduce Output Operator
                  sort order: 
                  Statistics: Num rows: 1 Data size: 12 Basic stats: COMPLETE Column stats: NONE
                  value expressions: _col1 (type: string)
          TableScan
            alias: b
            Statistics: Num rows: 2 Data size: 24 Basic stats: COMPLETE Column stats: NONE
            Filter Operator
              predicate: ((id = 'Id_1') and (val = 'val_103')) (type: boolean)
              Statistics: Num rows: 1 Data size: 12 Basic stats: COMPLETE Column stats: NONE
              Select Operator
                Statistics: Num rows: 1 Data size: 12 Basic stats: COMPLETE Column stats: NONE
                Reduce Output Operator
                  sort order: 
                  Statistics: Num rows: 1 Data size: 12 Basic stats: COMPLETE Column stats: NONE
      Reduce Operator Tree:
        Join Operator
          condition map:
               Inner Join 0 to 1
          keys:
            0 
            1 
          outputColumnNames: _col1
          Statistics: Num rows: 1 Data size: 25 Basic stats: COMPLETE Column stats: NONE
          Select Operator
            expressions: 'Id_1' (type: string), _col1 (type: string), 'Id_1' (type: string), 'val_103' (type: string)
            outputColumnNames: _col0, _col1, _col2, _col3
            Statistics: Num rows: 1 Data size: 25 Basic stats: COMPLETE Column stats: NONE
            File Output Operator
              compressed: false
              Statistics: Num rows: 1 Data size: 25 Basic stats: COMPLETE Column stats: NONE
              table:
                  input format: org.apache.hadoop.mapred.TextInputFormat
                  output format: org.apache.hadoop.hive.ql.io.HiveIgnoreKeyTextOutputFormat
                  serde: org.apache.hadoop.hive.serde2.lazy.LazySimpleSerDe
                  name: default.join_result_1
            Select Operator
              expressions: _col0 (type: string), _col1 (type: string), _col2 (type: string), _col3 (type: string)
              outputColumnNames: ida, vala, idb, valb
              Statistics: Num rows: 1 Data size: 25 Basic stats: COMPLETE Column stats: NONE
              Group By Operator
                aggregations: compute_stats(ida, 'hll'), compute_stats(vala, 'hll'), compute_stats(idb, 'hll'), compute_stats(valb, 'hll')
                mode: hash
                outputColumnNames: _col0, _col1, _col2, _col3
                Statistics: Num rows: 1 Data size: 1760 Basic stats: COMPLETE Column stats: NONE
                File Output Operator
                  compressed: false
                  table:
                      input format: org.apache.hadoop.mapred.SequenceFileInputFormat
                      output format: org.apache.hadoop.hive.ql.io.HiveSequenceFileOutputFormat
                      serde: org.apache.hadoop.hive.serde2.lazybinary.LazyBinarySerDe

  Stage: Stage-0
    Move Operator
      tables:
          replace: true
          table:
              input format: org.apache.hadoop.mapred.TextInputFormat
              output format: org.apache.hadoop.hive.ql.io.HiveIgnoreKeyTextOutputFormat
              serde: org.apache.hadoop.hive.serde2.lazy.LazySimpleSerDe
              name: default.join_result_1

  Stage: Stage-2
    Stats Work
      Basic Stats Work:
      Column Stats Desc:
          Columns: ida, vala, idb, valb
          Column Types: string, string, string, string
          Table: default.join_result_1

  Stage: Stage-3
    Map Reduce
      Map Operator Tree:
          TableScan
            Reduce Output Operator
              sort order: 
              Statistics: Num rows: 1 Data size: 1760 Basic stats: COMPLETE Column stats: NONE
              value expressions: _col0 (type: struct<columntype:string,maxlength:bigint,sumlength:bigint,count:bigint,countnulls:bigint,bitvector:binary>), _col1 (type: struct<columntype:string,maxlength:bigint,sumlength:bigint,count:bigint,countnulls:bigint,bitvector:binary>), _col2 (type: struct<columntype:string,maxlength:bigint,sumlength:bigint,count:bigint,countnulls:bigint,bitvector:binary>), _col3 (type: struct<columntype:string,maxlength:bigint,sumlength:bigint,count:bigint,countnulls:bigint,bitvector:binary>)
      Execution mode: vectorized
      Reduce Operator Tree:
        Group By Operator
          aggregations: compute_stats(VALUE._col0), compute_stats(VALUE._col1), compute_stats(VALUE._col2), compute_stats(VALUE._col3)
          mode: mergepartial
          outputColumnNames: _col0, _col1, _col2, _col3
          Statistics: Num rows: 1 Data size: 1760 Basic stats: COMPLETE Column stats: NONE
          File Output Operator
            compressed: false
            Statistics: Num rows: 1 Data size: 1760 Basic stats: COMPLETE Column stats: NONE
            table:
                input format: org.apache.hadoop.mapred.SequenceFileInputFormat
                output format: org.apache.hadoop.hive.ql.io.HiveSequenceFileOutputFormat
                serde: org.apache.hadoop.hive.serde2.lazy.LazySimpleSerDe

Warning: Shuffle Join JOIN[8][tables = [$hdt$_0, $hdt$_1]] in Stage 'Stage-1:MAPRED' is a cross product
PREHOOK: query: explain
FROM T_A a LEFT JOIN T_B b ON a.id = b.id
INSERT OVERWRITE TABLE join_result_3
SELECT a.*, b.*
WHERE b.val = 'val_104' AND b.id = 'Id_2' AND a.val <> b.val
PREHOOK: type: QUERY
POSTHOOK: query: explain
FROM T_A a LEFT JOIN T_B b ON a.id = b.id
INSERT OVERWRITE TABLE join_result_3
SELECT a.*, b.*
WHERE b.val = 'val_104' AND b.id = 'Id_2' AND a.val <> b.val
POSTHOOK: type: QUERY
STAGE DEPENDENCIES:
  Stage-1 is a root stage
  Stage-0 depends on stages: Stage-1
  Stage-2 depends on stages: Stage-0, Stage-3
  Stage-3 depends on stages: Stage-1

STAGE PLANS:
  Stage: Stage-1
    Map Reduce
      Map Operator Tree:
          TableScan
            alias: a
            Statistics: Num rows: 3 Data size: 36 Basic stats: COMPLETE Column stats: NONE
            Filter Operator
              predicate: ((id = 'Id_2') and (val <> 'val_104')) (type: boolean)
              Statistics: Num rows: 1 Data size: 12 Basic stats: COMPLETE Column stats: NONE
              Select Operator
                expressions: val (type: string)
                outputColumnNames: _col1
                Statistics: Num rows: 1 Data size: 12 Basic stats: COMPLETE Column stats: NONE
                Reduce Output Operator
                  sort order: 
                  Statistics: Num rows: 1 Data size: 12 Basic stats: COMPLETE Column stats: NONE
                  value expressions: _col1 (type: string)
          TableScan
            alias: b
            Statistics: Num rows: 2 Data size: 24 Basic stats: COMPLETE Column stats: NONE
            Filter Operator
              predicate: ((id = 'Id_2') and (val = 'val_104')) (type: boolean)
              Statistics: Num rows: 1 Data size: 12 Basic stats: COMPLETE Column stats: NONE
              Select Operator
                Statistics: Num rows: 1 Data size: 12 Basic stats: COMPLETE Column stats: NONE
                Reduce Output Operator
                  sort order: 
                  Statistics: Num rows: 1 Data size: 12 Basic stats: COMPLETE Column stats: NONE
      Reduce Operator Tree:
        Join Operator
          condition map:
               Inner Join 0 to 1
          keys:
            0 
            1 
          outputColumnNames: _col1
          Statistics: Num rows: 1 Data size: 25 Basic stats: COMPLETE Column stats: NONE
          Select Operator
            expressions: 'Id_2' (type: string), _col1 (type: string), 'Id_2' (type: string), 'val_104' (type: string)
            outputColumnNames: _col0, _col1, _col2, _col3
            Statistics: Num rows: 1 Data size: 25 Basic stats: COMPLETE Column stats: NONE
            File Output Operator
              compressed: false
              Statistics: Num rows: 1 Data size: 25 Basic stats: COMPLETE Column stats: NONE
              table:
                  input format: org.apache.hadoop.mapred.TextInputFormat
                  output format: org.apache.hadoop.hive.ql.io.HiveIgnoreKeyTextOutputFormat
                  serde: org.apache.hadoop.hive.serde2.lazy.LazySimpleSerDe
                  name: default.join_result_3
            Select Operator
              expressions: _col0 (type: string), _col1 (type: string), _col2 (type: string), _col3 (type: string)
              outputColumnNames: ida, vala, idb, valb
              Statistics: Num rows: 1 Data size: 25 Basic stats: COMPLETE Column stats: NONE
              Group By Operator
                aggregations: compute_stats(ida, 'hll'), compute_stats(vala, 'hll'), compute_stats(idb, 'hll'), compute_stats(valb, 'hll')
                mode: hash
                outputColumnNames: _col0, _col1, _col2, _col3
                Statistics: Num rows: 1 Data size: 1760 Basic stats: COMPLETE Column stats: NONE
                File Output Operator
                  compressed: false
                  table:
                      input format: org.apache.hadoop.mapred.SequenceFileInputFormat
                      output format: org.apache.hadoop.hive.ql.io.HiveSequenceFileOutputFormat
                      serde: org.apache.hadoop.hive.serde2.lazybinary.LazyBinarySerDe

  Stage: Stage-0
    Move Operator
      tables:
          replace: true
          table:
              input format: org.apache.hadoop.mapred.TextInputFormat
              output format: org.apache.hadoop.hive.ql.io.HiveIgnoreKeyTextOutputFormat
              serde: org.apache.hadoop.hive.serde2.lazy.LazySimpleSerDe
              name: default.join_result_3

  Stage: Stage-2
    Stats Work
      Basic Stats Work:
      Column Stats Desc:
          Columns: ida, vala, idb, valb
          Column Types: string, string, string, string
          Table: default.join_result_3

  Stage: Stage-3
    Map Reduce
      Map Operator Tree:
          TableScan
            Reduce Output Operator
              sort order: 
              Statistics: Num rows: 1 Data size: 1760 Basic stats: COMPLETE Column stats: NONE
              value expressions: _col0 (type: struct<columntype:string,maxlength:bigint,sumlength:bigint,count:bigint,countnulls:bigint,bitvector:binary>), _col1 (type: struct<columntype:string,maxlength:bigint,sumlength:bigint,count:bigint,countnulls:bigint,bitvector:binary>), _col2 (type: struct<columntype:string,maxlength:bigint,sumlength:bigint,count:bigint,countnulls:bigint,bitvector:binary>), _col3 (type: struct<columntype:string,maxlength:bigint,sumlength:bigint,count:bigint,countnulls:bigint,bitvector:binary>)
      Execution mode: vectorized
      Reduce Operator Tree:
        Group By Operator
          aggregations: compute_stats(VALUE._col0), compute_stats(VALUE._col1), compute_stats(VALUE._col2), compute_stats(VALUE._col3)
          mode: mergepartial
          outputColumnNames: _col0, _col1, _col2, _col3
          Statistics: Num rows: 1 Data size: 1760 Basic stats: COMPLETE Column stats: NONE
          File Output Operator
            compressed: false
            Statistics: Num rows: 1 Data size: 1760 Basic stats: COMPLETE Column stats: NONE
            table:
                input format: org.apache.hadoop.mapred.SequenceFileInputFormat
                output format: org.apache.hadoop.hive.ql.io.HiveSequenceFileOutputFormat
                serde: org.apache.hadoop.hive.serde2.lazy.LazySimpleSerDe

PREHOOK: query: explain
FROM T_A a LEFT JOIN T_B b ON a.id = b.id
INSERT OVERWRITE TABLE join_result_1
SELECT a.*, b.*
WHERE b.id = 'Id_1' AND b.val = 'val_103'
INSERT OVERWRITE TABLE join_result_3
SELECT a.*, b.*
WHERE b.val = 'val_104' AND b.id = 'Id_2' AND a.val <> b.val
PREHOOK: type: QUERY
POSTHOOK: query: explain
FROM T_A a LEFT JOIN T_B b ON a.id = b.id
INSERT OVERWRITE TABLE join_result_1
SELECT a.*, b.*
WHERE b.id = 'Id_1' AND b.val = 'val_103'
INSERT OVERWRITE TABLE join_result_3
SELECT a.*, b.*
WHERE b.val = 'val_104' AND b.id = 'Id_2' AND a.val <> b.val
POSTHOOK: type: QUERY
STAGE DEPENDENCIES:
  Stage-2 is a root stage
  Stage-1 depends on stages: Stage-2
  Stage-3 depends on stages: Stage-1, Stage-4, Stage-6
  Stage-4 depends on stages: Stage-2
  Stage-5 depends on stages: Stage-0, Stage-4, Stage-6
  Stage-0 depends on stages: Stage-2
  Stage-6 depends on stages: Stage-2

STAGE PLANS:
  Stage: Stage-2
    Map Reduce
      Map Operator Tree:
          TableScan
            alias: a
            Statistics: Num rows: 3 Data size: 36 Basic stats: COMPLETE Column stats: NONE
            Reduce Output Operator
              key expressions: id (type: string)
              sort order: +
              Map-reduce partition columns: id (type: string)
              Statistics: Num rows: 3 Data size: 36 Basic stats: COMPLETE Column stats: NONE
              value expressions: val (type: string)
          TableScan
            alias: b
            Statistics: Num rows: 2 Data size: 24 Basic stats: COMPLETE Column stats: NONE
            Reduce Output Operator
              key expressions: id (type: string)
              sort order: +
              Map-reduce partition columns: id (type: string)
              Statistics: Num rows: 2 Data size: 24 Basic stats: COMPLETE Column stats: NONE
              value expressions: val (type: string)
      Reduce Operator Tree:
        Join Operator
          condition map:
               Left Outer Join 0 to 1
          keys:
            0 id (type: string)
            1 id (type: string)
          outputColumnNames: _col0, _col1, _col5, _col6
          Statistics: Num rows: 3 Data size: 39 Basic stats: COMPLETE Column stats: NONE
          Filter Operator
            predicate: ((_col1 <> _col6) and (_col5 = 'Id_2') and (_col6 = 'val_104')) (type: boolean)
            Statistics: Num rows: 1 Data size: 13 Basic stats: COMPLETE Column stats: NONE
            Select Operator
              expressions: _col0 (type: string), _col1 (type: string), 'Id_2' (type: string), 'val_104' (type: string)
              outputColumnNames: _col0, _col1, _col2, _col3
              Statistics: Num rows: 1 Data size: 13 Basic stats: COMPLETE Column stats: NONE
              File Output Operator
                compressed: false
                Statistics: Num rows: 1 Data size: 13 Basic stats: COMPLETE Column stats: NONE
                table:
                    input format: org.apache.hadoop.mapred.TextInputFormat
                    output format: org.apache.hadoop.hive.ql.io.HiveIgnoreKeyTextOutputFormat
                    serde: org.apache.hadoop.hive.serde2.lazy.LazySimpleSerDe
                    name: default.join_result_3
              Select Operator
                expressions: _col0 (type: string), _col1 (type: string), 'Id_2' (type: string), 'val_104' (type: string)
                outputColumnNames: ida, vala, idb, valb
                Statistics: Num rows: 1 Data size: 13 Basic stats: COMPLETE Column stats: NONE
                Group By Operator
                  aggregations: compute_stats(ida, 'hll'), compute_stats(vala, 'hll'), compute_stats(idb, 'hll'), compute_stats(valb, 'hll')
                  mode: hash
                  outputColumnNames: _col0, _col1, _col2, _col3
                  Statistics: Num rows: 1 Data size: 1760 Basic stats: COMPLETE Column stats: NONE
                  File Output Operator
                    compressed: false
                    table:
                        input format: org.apache.hadoop.mapred.SequenceFileInputFormat
                        output format: org.apache.hadoop.hive.ql.io.HiveSequenceFileOutputFormat
                        serde: org.apache.hadoop.hive.serde2.lazybinary.LazyBinarySerDe
          Filter Operator
            predicate: ((_col5 = 'Id_1') and (_col6 = 'val_103')) (type: boolean)
            Statistics: Num rows: 1 Data size: 13 Basic stats: COMPLETE Column stats: NONE
            Select Operator
              expressions: _col0 (type: string), _col1 (type: string), 'Id_1' (type: string), 'val_103' (type: string)
              outputColumnNames: _col0, _col1, _col2, _col3
              Statistics: Num rows: 1 Data size: 13 Basic stats: COMPLETE Column stats: NONE
              File Output Operator
                compressed: false
                Statistics: Num rows: 1 Data size: 13 Basic stats: COMPLETE Column stats: NONE
                table:
                    input format: org.apache.hadoop.mapred.TextInputFormat
                    output format: org.apache.hadoop.hive.ql.io.HiveIgnoreKeyTextOutputFormat
                    serde: org.apache.hadoop.hive.serde2.lazy.LazySimpleSerDe
                    name: default.join_result_1
              Select Operator
                expressions: _col0 (type: string), _col1 (type: string), 'Id_1' (type: string), 'val_103' (type: string)
                outputColumnNames: ida, vala, idb, valb
                Statistics: Num rows: 1 Data size: 13 Basic stats: COMPLETE Column stats: NONE
                Group By Operator
                  aggregations: compute_stats(ida, 'hll'), compute_stats(vala, 'hll'), compute_stats(idb, 'hll'), compute_stats(valb, 'hll')
                  mode: hash
                  outputColumnNames: _col0, _col1, _col2, _col3
                  Statistics: Num rows: 1 Data size: 1760 Basic stats: COMPLETE Column stats: NONE
                  File Output Operator
                    compressed: false
                    table:
                        input format: org.apache.hadoop.mapred.SequenceFileInputFormat
                        output format: org.apache.hadoop.hive.ql.io.HiveSequenceFileOutputFormat
                        serde: org.apache.hadoop.hive.serde2.lazybinary.LazyBinarySerDe

  Stage: Stage-1
    Move Operator
      tables:
          replace: true
          table:
              input format: org.apache.hadoop.mapred.TextInputFormat
              output format: org.apache.hadoop.hive.ql.io.HiveIgnoreKeyTextOutputFormat
              serde: org.apache.hadoop.hive.serde2.lazy.LazySimpleSerDe
              name: default.join_result_3

  Stage: Stage-3
    Stats Work
      Basic Stats Work:
      Column Stats Desc:
          Columns: ida, vala, idb, valb
          Column Types: string, string, string, string
          Table: default.join_result_3

  Stage: Stage-4
    Map Reduce
      Map Operator Tree:
          TableScan
            Reduce Output Operator
              sort order: 
              Statistics: Num rows: 1 Data size: 1760 Basic stats: COMPLETE Column stats: NONE
              value expressions: _col0 (type: struct<columntype:string,maxlength:bigint,sumlength:bigint,count:bigint,countnulls:bigint,bitvector:binary>), _col1 (type: struct<columntype:string,maxlength:bigint,sumlength:bigint,count:bigint,countnulls:bigint,bitvector:binary>), _col2 (type: struct<columntype:string,maxlength:bigint,sumlength:bigint,count:bigint,countnulls:bigint,bitvector:binary>), _col3 (type: struct<columntype:string,maxlength:bigint,sumlength:bigint,count:bigint,countnulls:bigint,bitvector:binary>)
      Execution mode: vectorized
      Reduce Operator Tree:
        Group By Operator
          aggregations: compute_stats(VALUE._col0), compute_stats(VALUE._col1), compute_stats(VALUE._col2), compute_stats(VALUE._col3)
          mode: mergepartial
          outputColumnNames: _col0, _col1, _col2, _col3
          Statistics: Num rows: 1 Data size: 1760 Basic stats: COMPLETE Column stats: NONE
          File Output Operator
            compressed: false
            Statistics: Num rows: 1 Data size: 1760 Basic stats: COMPLETE Column stats: NONE
            table:
                input format: org.apache.hadoop.mapred.SequenceFileInputFormat
                output format: org.apache.hadoop.hive.ql.io.HiveSequenceFileOutputFormat
                serde: org.apache.hadoop.hive.serde2.lazy.LazySimpleSerDe

  Stage: Stage-5
    Stats Work
      Basic Stats Work:
      Column Stats Desc:
          Columns: ida, vala, idb, valb
          Column Types: string, string, string, string
          Table: default.join_result_1

  Stage: Stage-0
    Move Operator
      tables:
          replace: true
          table:
              input format: org.apache.hadoop.mapred.TextInputFormat
              output format: org.apache.hadoop.hive.ql.io.HiveIgnoreKeyTextOutputFormat
              serde: org.apache.hadoop.hive.serde2.lazy.LazySimpleSerDe
              name: default.join_result_1

  Stage: Stage-6
    Map Reduce
      Map Operator Tree:
          TableScan
            Reduce Output Operator
              sort order: 
              Statistics: Num rows: 1 Data size: 1760 Basic stats: COMPLETE Column stats: NONE
              value expressions: _col0 (type: struct<columntype:string,maxlength:bigint,sumlength:bigint,count:bigint,countnulls:bigint,bitvector:binary>), _col1 (type: struct<columntype:string,maxlength:bigint,sumlength:bigint,count:bigint,countnulls:bigint,bitvector:binary>), _col2 (type: struct<columntype:string,maxlength:bigint,sumlength:bigint,count:bigint,countnulls:bigint,bitvector:binary>), _col3 (type: struct<columntype:string,maxlength:bigint,sumlength:bigint,count:bigint,countnulls:bigint,bitvector:binary>)
      Execution mode: vectorized
      Reduce Operator Tree:
        Group By Operator
          aggregations: compute_stats(VALUE._col0), compute_stats(VALUE._col1), compute_stats(VALUE._col2), compute_stats(VALUE._col3)
          mode: mergepartial
          outputColumnNames: _col0, _col1, _col2, _col3
          Statistics: Num rows: 1 Data size: 1760 Basic stats: COMPLETE Column stats: NONE
          File Output Operator
            compressed: false
            Statistics: Num rows: 1 Data size: 1760 Basic stats: COMPLETE Column stats: NONE
            table:
                input format: org.apache.hadoop.mapred.SequenceFileInputFormat
                output format: org.apache.hadoop.hive.ql.io.HiveSequenceFileOutputFormat
                serde: org.apache.hadoop.hive.serde2.lazy.LazySimpleSerDe

PREHOOK: query: explain
FROM T_A a LEFT JOIN T_B b ON a.id = b.id
INSERT OVERWRITE TABLE join_result_1
SELECT a.*, b.*
WHERE b.id = 'Id_1' AND b.val = 'val_103'
INSERT OVERWRITE TABLE join_result_3
SELECT a.*, b.*
WHERE b.val = 'val_104' AND b.id = 'Id_2'
PREHOOK: type: QUERY
POSTHOOK: query: explain
FROM T_A a LEFT JOIN T_B b ON a.id = b.id
INSERT OVERWRITE TABLE join_result_1
SELECT a.*, b.*
WHERE b.id = 'Id_1' AND b.val = 'val_103'
INSERT OVERWRITE TABLE join_result_3
SELECT a.*, b.*
WHERE b.val = 'val_104' AND b.id = 'Id_2'
POSTHOOK: type: QUERY
STAGE DEPENDENCIES:
  Stage-2 is a root stage
  Stage-0 depends on stages: Stage-2
  Stage-3 depends on stages: Stage-0, Stage-4, Stage-6
  Stage-4 depends on stages: Stage-2
  Stage-5 depends on stages: Stage-1, Stage-4, Stage-6
  Stage-1 depends on stages: Stage-2
  Stage-6 depends on stages: Stage-2

STAGE PLANS:
  Stage: Stage-2
    Map Reduce
      Map Operator Tree:
          TableScan
            alias: a
            Statistics: Num rows: 3 Data size: 36 Basic stats: COMPLETE Column stats: NONE
            Reduce Output Operator
              key expressions: id (type: string)
              sort order: +
              Map-reduce partition columns: id (type: string)
              Statistics: Num rows: 3 Data size: 36 Basic stats: COMPLETE Column stats: NONE
              value expressions: val (type: string)
          TableScan
            alias: b
            Statistics: Num rows: 2 Data size: 24 Basic stats: COMPLETE Column stats: NONE
            Reduce Output Operator
              key expressions: id (type: string)
              sort order: +
              Map-reduce partition columns: id (type: string)
              Statistics: Num rows: 2 Data size: 24 Basic stats: COMPLETE Column stats: NONE
              value expressions: val (type: string)
      Reduce Operator Tree:
        Join Operator
          condition map:
               Left Outer Join 0 to 1
          keys:
            0 id (type: string)
            1 id (type: string)
          outputColumnNames: _col0, _col1, _col5, _col6
          Statistics: Num rows: 3 Data size: 39 Basic stats: COMPLETE Column stats: NONE
          Filter Operator
            predicate: ((_col5 = 'Id_1') and (_col6 = 'val_103')) (type: boolean)
            Statistics: Num rows: 1 Data size: 13 Basic stats: COMPLETE Column stats: NONE
            Select Operator
              expressions: _col0 (type: string), _col1 (type: string), 'Id_1' (type: string), 'val_103' (type: string)
              outputColumnNames: _col0, _col1, _col2, _col3
              Statistics: Num rows: 1 Data size: 13 Basic stats: COMPLETE Column stats: NONE
              File Output Operator
                compressed: false
                Statistics: Num rows: 1 Data size: 13 Basic stats: COMPLETE Column stats: NONE
                table:
                    input format: org.apache.hadoop.mapred.TextInputFormat
                    output format: org.apache.hadoop.hive.ql.io.HiveIgnoreKeyTextOutputFormat
                    serde: org.apache.hadoop.hive.serde2.lazy.LazySimpleSerDe
                    name: default.join_result_1
              Select Operator
                expressions: _col0 (type: string), _col1 (type: string), 'Id_1' (type: string), 'val_103' (type: string)
                outputColumnNames: ida, vala, idb, valb
                Statistics: Num rows: 1 Data size: 13 Basic stats: COMPLETE Column stats: NONE
                Group By Operator
                  aggregations: compute_stats(ida, 'hll'), compute_stats(vala, 'hll'), compute_stats(idb, 'hll'), compute_stats(valb, 'hll')
                  mode: hash
                  outputColumnNames: _col0, _col1, _col2, _col3
                  Statistics: Num rows: 1 Data size: 1760 Basic stats: COMPLETE Column stats: NONE
                  File Output Operator
                    compressed: false
                    table:
                        input format: org.apache.hadoop.mapred.SequenceFileInputFormat
                        output format: org.apache.hadoop.hive.ql.io.HiveSequenceFileOutputFormat
                        serde: org.apache.hadoop.hive.serde2.lazybinary.LazyBinarySerDe
          Filter Operator
            predicate: ((_col5 = 'Id_2') and (_col6 = 'val_104')) (type: boolean)
            Statistics: Num rows: 1 Data size: 13 Basic stats: COMPLETE Column stats: NONE
            Select Operator
              expressions: _col0 (type: string), _col1 (type: string), 'Id_2' (type: string), 'val_104' (type: string)
              outputColumnNames: _col0, _col1, _col2, _col3
              Statistics: Num rows: 1 Data size: 13 Basic stats: COMPLETE Column stats: NONE
              File Output Operator
                compressed: false
                Statistics: Num rows: 1 Data size: 13 Basic stats: COMPLETE Column stats: NONE
                table:
                    input format: org.apache.hadoop.mapred.TextInputFormat
                    output format: org.apache.hadoop.hive.ql.io.HiveIgnoreKeyTextOutputFormat
                    serde: org.apache.hadoop.hive.serde2.lazy.LazySimpleSerDe
                    name: default.join_result_3
              Select Operator
                expressions: _col0 (type: string), _col1 (type: string), 'Id_2' (type: string), 'val_104' (type: string)
                outputColumnNames: ida, vala, idb, valb
                Statistics: Num rows: 1 Data size: 13 Basic stats: COMPLETE Column stats: NONE
                Group By Operator
                  aggregations: compute_stats(ida, 'hll'), compute_stats(vala, 'hll'), compute_stats(idb, 'hll'), compute_stats(valb, 'hll')
                  mode: hash
                  outputColumnNames: _col0, _col1, _col2, _col3
                  Statistics: Num rows: 1 Data size: 1760 Basic stats: COMPLETE Column stats: NONE
                  File Output Operator
                    compressed: false
                    table:
                        input format: org.apache.hadoop.mapred.SequenceFileInputFormat
                        output format: org.apache.hadoop.hive.ql.io.HiveSequenceFileOutputFormat
                        serde: org.apache.hadoop.hive.serde2.lazybinary.LazyBinarySerDe

  Stage: Stage-0
    Move Operator
      tables:
          replace: true
          table:
              input format: org.apache.hadoop.mapred.TextInputFormat
              output format: org.apache.hadoop.hive.ql.io.HiveIgnoreKeyTextOutputFormat
              serde: org.apache.hadoop.hive.serde2.lazy.LazySimpleSerDe
              name: default.join_result_1

  Stage: Stage-3
    Stats Work
      Basic Stats Work:
      Column Stats Desc:
          Columns: ida, vala, idb, valb
          Column Types: string, string, string, string
          Table: default.join_result_1

  Stage: Stage-4
    Map Reduce
      Map Operator Tree:
          TableScan
            Reduce Output Operator
              sort order: 
              Statistics: Num rows: 1 Data size: 1760 Basic stats: COMPLETE Column stats: NONE
              value expressions: _col0 (type: struct<columntype:string,maxlength:bigint,sumlength:bigint,count:bigint,countnulls:bigint,bitvector:binary>), _col1 (type: struct<columntype:string,maxlength:bigint,sumlength:bigint,count:bigint,countnulls:bigint,bitvector:binary>), _col2 (type: struct<columntype:string,maxlength:bigint,sumlength:bigint,count:bigint,countnulls:bigint,bitvector:binary>), _col3 (type: struct<columntype:string,maxlength:bigint,sumlength:bigint,count:bigint,countnulls:bigint,bitvector:binary>)
      Execution mode: vectorized
      Reduce Operator Tree:
        Group By Operator
          aggregations: compute_stats(VALUE._col0), compute_stats(VALUE._col1), compute_stats(VALUE._col2), compute_stats(VALUE._col3)
          mode: mergepartial
          outputColumnNames: _col0, _col1, _col2, _col3
          Statistics: Num rows: 1 Data size: 1760 Basic stats: COMPLETE Column stats: NONE
          File Output Operator
            compressed: false
            Statistics: Num rows: 1 Data size: 1760 Basic stats: COMPLETE Column stats: NONE
            table:
                input format: org.apache.hadoop.mapred.SequenceFileInputFormat
                output format: org.apache.hadoop.hive.ql.io.HiveSequenceFileOutputFormat
                serde: org.apache.hadoop.hive.serde2.lazy.LazySimpleSerDe

  Stage: Stage-5
    Stats Work
      Basic Stats Work:
      Column Stats Desc:
          Columns: ida, vala, idb, valb
          Column Types: string, string, string, string
          Table: default.join_result_3

  Stage: Stage-1
    Move Operator
      tables:
          replace: true
          table:
              input format: org.apache.hadoop.mapred.TextInputFormat
              output format: org.apache.hadoop.hive.ql.io.HiveIgnoreKeyTextOutputFormat
              serde: org.apache.hadoop.hive.serde2.lazy.LazySimpleSerDe
              name: default.join_result_3

  Stage: Stage-6
    Map Reduce
      Map Operator Tree:
          TableScan
            Reduce Output Operator
              sort order: 
              Statistics: Num rows: 1 Data size: 1760 Basic stats: COMPLETE Column stats: NONE
              value expressions: _col0 (type: struct<columntype:string,maxlength:bigint,sumlength:bigint,count:bigint,countnulls:bigint,bitvector:binary>), _col1 (type: struct<columntype:string,maxlength:bigint,sumlength:bigint,count:bigint,countnulls:bigint,bitvector:binary>), _col2 (type: struct<columntype:string,maxlength:bigint,sumlength:bigint,count:bigint,countnulls:bigint,bitvector:binary>), _col3 (type: struct<columntype:string,maxlength:bigint,sumlength:bigint,count:bigint,countnulls:bigint,bitvector:binary>)
      Execution mode: vectorized
      Reduce Operator Tree:
        Group By Operator
          aggregations: compute_stats(VALUE._col0), compute_stats(VALUE._col1), compute_stats(VALUE._col2), compute_stats(VALUE._col3)
          mode: mergepartial
          outputColumnNames: _col0, _col1, _col2, _col3
          Statistics: Num rows: 1 Data size: 1760 Basic stats: COMPLETE Column stats: NONE
          File Output Operator
            compressed: false
            Statistics: Num rows: 1 Data size: 1760 Basic stats: COMPLETE Column stats: NONE
            table:
                input format: org.apache.hadoop.mapred.SequenceFileInputFormat
                output format: org.apache.hadoop.hive.ql.io.HiveSequenceFileOutputFormat
                serde: org.apache.hadoop.hive.serde2.lazy.LazySimpleSerDe

PREHOOK: query: explain
FROM T_A a JOIN T_B b ON a.id = b.id
INSERT OVERWRITE TABLE join_result_1
SELECT a.*, b.*
WHERE b.id = 'Id_1' AND b.val = 'val_103'
INSERT OVERWRITE TABLE join_result_3
SELECT a.*, b.*
WHERE b.val = 'val_104' AND b.id = 'Id_2'
PREHOOK: type: QUERY
POSTHOOK: query: explain
FROM T_A a JOIN T_B b ON a.id = b.id
INSERT OVERWRITE TABLE join_result_1
SELECT a.*, b.*
WHERE b.id = 'Id_1' AND b.val = 'val_103'
INSERT OVERWRITE TABLE join_result_3
SELECT a.*, b.*
WHERE b.val = 'val_104' AND b.id = 'Id_2'
POSTHOOK: type: QUERY
STAGE DEPENDENCIES:
  Stage-2 is a root stage
  Stage-0 depends on stages: Stage-2
  Stage-3 depends on stages: Stage-0, Stage-4, Stage-6
  Stage-4 depends on stages: Stage-2
  Stage-5 depends on stages: Stage-1, Stage-4, Stage-6
  Stage-1 depends on stages: Stage-2
  Stage-6 depends on stages: Stage-2

STAGE PLANS:
  Stage: Stage-2
    Map Reduce
      Map Operator Tree:
          TableScan
            alias: a
            Statistics: Num rows: 3 Data size: 36 Basic stats: COMPLETE Column stats: NONE
            Filter Operator
              predicate: id is not null (type: boolean)
              Statistics: Num rows: 3 Data size: 36 Basic stats: COMPLETE Column stats: NONE
              Reduce Output Operator
                key expressions: id (type: string)
                sort order: +
                Map-reduce partition columns: id (type: string)
                Statistics: Num rows: 3 Data size: 36 Basic stats: COMPLETE Column stats: NONE
                value expressions: val (type: string)
          TableScan
            alias: b
            Statistics: Num rows: 2 Data size: 24 Basic stats: COMPLETE Column stats: NONE
            Filter Operator
              predicate: id is not null (type: boolean)
              Statistics: Num rows: 2 Data size: 24 Basic stats: COMPLETE Column stats: NONE
              Reduce Output Operator
                key expressions: id (type: string)
                sort order: +
                Map-reduce partition columns: id (type: string)
                Statistics: Num rows: 2 Data size: 24 Basic stats: COMPLETE Column stats: NONE
                value expressions: val (type: string)
      Reduce Operator Tree:
        Join Operator
          condition map:
               Inner Join 0 to 1
          keys:
            0 id (type: string)
            1 id (type: string)
          outputColumnNames: _col0, _col1, _col5, _col6
          Statistics: Num rows: 3 Data size: 39 Basic stats: COMPLETE Column stats: NONE
          Filter Operator
            predicate: ((_col5 = 'Id_1') and (_col6 = 'val_103')) (type: boolean)
            Statistics: Num rows: 1 Data size: 13 Basic stats: COMPLETE Column stats: NONE
            Select Operator
              expressions: _col0 (type: string), _col1 (type: string), 'Id_1' (type: string), 'val_103' (type: string)
              outputColumnNames: _col0, _col1, _col2, _col3
              Statistics: Num rows: 1 Data size: 13 Basic stats: COMPLETE Column stats: NONE
              File Output Operator
                compressed: false
                Statistics: Num rows: 1 Data size: 13 Basic stats: COMPLETE Column stats: NONE
                table:
                    input format: org.apache.hadoop.mapred.TextInputFormat
                    output format: org.apache.hadoop.hive.ql.io.HiveIgnoreKeyTextOutputFormat
                    serde: org.apache.hadoop.hive.serde2.lazy.LazySimpleSerDe
                    name: default.join_result_1
              Select Operator
                expressions: _col0 (type: string), _col1 (type: string), 'Id_1' (type: string), 'val_103' (type: string)
                outputColumnNames: ida, vala, idb, valb
                Statistics: Num rows: 1 Data size: 13 Basic stats: COMPLETE Column stats: NONE
                Group By Operator
                  aggregations: compute_stats(ida, 'hll'), compute_stats(vala, 'hll'), compute_stats(idb, 'hll'), compute_stats(valb, 'hll')
                  mode: hash
                  outputColumnNames: _col0, _col1, _col2, _col3
                  Statistics: Num rows: 1 Data size: 1760 Basic stats: COMPLETE Column stats: NONE
                  File Output Operator
                    compressed: false
                    table:
                        input format: org.apache.hadoop.mapred.SequenceFileInputFormat
                        output format: org.apache.hadoop.hive.ql.io.HiveSequenceFileOutputFormat
                        serde: org.apache.hadoop.hive.serde2.lazybinary.LazyBinarySerDe
          Filter Operator
            predicate: ((_col5 = 'Id_2') and (_col6 = 'val_104')) (type: boolean)
            Statistics: Num rows: 1 Data size: 13 Basic stats: COMPLETE Column stats: NONE
            Select Operator
              expressions: _col0 (type: string), _col1 (type: string), 'Id_2' (type: string), 'val_104' (type: string)
              outputColumnNames: _col0, _col1, _col2, _col3
              Statistics: Num rows: 1 Data size: 13 Basic stats: COMPLETE Column stats: NONE
              File Output Operator
                compressed: false
                Statistics: Num rows: 1 Data size: 13 Basic stats: COMPLETE Column stats: NONE
                table:
                    input format: org.apache.hadoop.mapred.TextInputFormat
                    output format: org.apache.hadoop.hive.ql.io.HiveIgnoreKeyTextOutputFormat
                    serde: org.apache.hadoop.hive.serde2.lazy.LazySimpleSerDe
                    name: default.join_result_3
              Select Operator
                expressions: _col0 (type: string), _col1 (type: string), 'Id_2' (type: string), 'val_104' (type: string)
                outputColumnNames: ida, vala, idb, valb
                Statistics: Num rows: 1 Data size: 13 Basic stats: COMPLETE Column stats: NONE
                Group By Operator
                  aggregations: compute_stats(ida, 'hll'), compute_stats(vala, 'hll'), compute_stats(idb, 'hll'), compute_stats(valb, 'hll')
                  mode: hash
                  outputColumnNames: _col0, _col1, _col2, _col3
                  Statistics: Num rows: 1 Data size: 1760 Basic stats: COMPLETE Column stats: NONE
                  File Output Operator
                    compressed: false
                    table:
                        input format: org.apache.hadoop.mapred.SequenceFileInputFormat
                        output format: org.apache.hadoop.hive.ql.io.HiveSequenceFileOutputFormat
                        serde: org.apache.hadoop.hive.serde2.lazybinary.LazyBinarySerDe

  Stage: Stage-0
    Move Operator
      tables:
          replace: true
          table:
              input format: org.apache.hadoop.mapred.TextInputFormat
              output format: org.apache.hadoop.hive.ql.io.HiveIgnoreKeyTextOutputFormat
              serde: org.apache.hadoop.hive.serde2.lazy.LazySimpleSerDe
              name: default.join_result_1

  Stage: Stage-3
    Stats Work
      Basic Stats Work:
      Column Stats Desc:
          Columns: ida, vala, idb, valb
          Column Types: string, string, string, string
          Table: default.join_result_1

  Stage: Stage-4
    Map Reduce
      Map Operator Tree:
          TableScan
            Reduce Output Operator
              sort order: 
              Statistics: Num rows: 1 Data size: 1760 Basic stats: COMPLETE Column stats: NONE
              value expressions: _col0 (type: struct<columntype:string,maxlength:bigint,sumlength:bigint,count:bigint,countnulls:bigint,bitvector:binary>), _col1 (type: struct<columntype:string,maxlength:bigint,sumlength:bigint,count:bigint,countnulls:bigint,bitvector:binary>), _col2 (type: struct<columntype:string,maxlength:bigint,sumlength:bigint,count:bigint,countnulls:bigint,bitvector:binary>), _col3 (type: struct<columntype:string,maxlength:bigint,sumlength:bigint,count:bigint,countnulls:bigint,bitvector:binary>)
      Execution mode: vectorized
      Reduce Operator Tree:
        Group By Operator
          aggregations: compute_stats(VALUE._col0), compute_stats(VALUE._col1), compute_stats(VALUE._col2), compute_stats(VALUE._col3)
          mode: mergepartial
          outputColumnNames: _col0, _col1, _col2, _col3
          Statistics: Num rows: 1 Data size: 1760 Basic stats: COMPLETE Column stats: NONE
          File Output Operator
            compressed: false
            Statistics: Num rows: 1 Data size: 1760 Basic stats: COMPLETE Column stats: NONE
            table:
                input format: org.apache.hadoop.mapred.SequenceFileInputFormat
                output format: org.apache.hadoop.hive.ql.io.HiveSequenceFileOutputFormat
                serde: org.apache.hadoop.hive.serde2.lazy.LazySimpleSerDe

  Stage: Stage-5
    Stats Work
      Basic Stats Work:
      Column Stats Desc:
          Columns: ida, vala, idb, valb
          Column Types: string, string, string, string
          Table: default.join_result_3

  Stage: Stage-1
    Move Operator
      tables:
          replace: true
          table:
              input format: org.apache.hadoop.mapred.TextInputFormat
              output format: org.apache.hadoop.hive.ql.io.HiveIgnoreKeyTextOutputFormat
              serde: org.apache.hadoop.hive.serde2.lazy.LazySimpleSerDe
              name: default.join_result_3

  Stage: Stage-6
    Map Reduce
      Map Operator Tree:
          TableScan
            Reduce Output Operator
              sort order: 
              Statistics: Num rows: 1 Data size: 1760 Basic stats: COMPLETE Column stats: NONE
              value expressions: _col0 (type: struct<columntype:string,maxlength:bigint,sumlength:bigint,count:bigint,countnulls:bigint,bitvector:binary>), _col1 (type: struct<columntype:string,maxlength:bigint,sumlength:bigint,count:bigint,countnulls:bigint,bitvector:binary>), _col2 (type: struct<columntype:string,maxlength:bigint,sumlength:bigint,count:bigint,countnulls:bigint,bitvector:binary>), _col3 (type: struct<columntype:string,maxlength:bigint,sumlength:bigint,count:bigint,countnulls:bigint,bitvector:binary>)
      Execution mode: vectorized
      Reduce Operator Tree:
        Group By Operator
          aggregations: compute_stats(VALUE._col0), compute_stats(VALUE._col1), compute_stats(VALUE._col2), compute_stats(VALUE._col3)
          mode: mergepartial
          outputColumnNames: _col0, _col1, _col2, _col3
          Statistics: Num rows: 1 Data size: 1760 Basic stats: COMPLETE Column stats: NONE
          File Output Operator
            compressed: false
            Statistics: Num rows: 1 Data size: 1760 Basic stats: COMPLETE Column stats: NONE
            table:
                input format: org.apache.hadoop.mapred.SequenceFileInputFormat
                output format: org.apache.hadoop.hive.ql.io.HiveSequenceFileOutputFormat
                serde: org.apache.hadoop.hive.serde2.lazy.LazySimpleSerDe

PREHOOK: query: explain
FROM T_A a JOIN T_B b ON a.id = b.id
INSERT OVERWRITE TABLE join_result_1
SELECT *
WHERE b.id = 'Id_1' AND b.val = 'val_103'
INSERT OVERWRITE TABLE join_result_3
SELECT *
WHERE b.val = 'val_104' AND b.id = 'Id_2'
PREHOOK: type: QUERY
POSTHOOK: query: explain
FROM T_A a JOIN T_B b ON a.id = b.id
INSERT OVERWRITE TABLE join_result_1
SELECT *
WHERE b.id = 'Id_1' AND b.val = 'val_103'
INSERT OVERWRITE TABLE join_result_3
SELECT *
WHERE b.val = 'val_104' AND b.id = 'Id_2'
POSTHOOK: type: QUERY
STAGE DEPENDENCIES:
  Stage-2 is a root stage
  Stage-0 depends on stages: Stage-2
  Stage-3 depends on stages: Stage-0, Stage-4, Stage-6
  Stage-4 depends on stages: Stage-2
  Stage-5 depends on stages: Stage-1, Stage-4, Stage-6
  Stage-1 depends on stages: Stage-2
  Stage-6 depends on stages: Stage-2

STAGE PLANS:
  Stage: Stage-2
    Map Reduce
      Map Operator Tree:
          TableScan
            alias: a
            Statistics: Num rows: 3 Data size: 36 Basic stats: COMPLETE Column stats: NONE
            Filter Operator
              predicate: id is not null (type: boolean)
              Statistics: Num rows: 3 Data size: 36 Basic stats: COMPLETE Column stats: NONE
              Reduce Output Operator
                key expressions: id (type: string)
                sort order: +
                Map-reduce partition columns: id (type: string)
                Statistics: Num rows: 3 Data size: 36 Basic stats: COMPLETE Column stats: NONE
                value expressions: val (type: string)
          TableScan
            alias: b
            Statistics: Num rows: 2 Data size: 24 Basic stats: COMPLETE Column stats: NONE
            Filter Operator
              predicate: id is not null (type: boolean)
              Statistics: Num rows: 2 Data size: 24 Basic stats: COMPLETE Column stats: NONE
              Reduce Output Operator
                key expressions: id (type: string)
                sort order: +
                Map-reduce partition columns: id (type: string)
                Statistics: Num rows: 2 Data size: 24 Basic stats: COMPLETE Column stats: NONE
                value expressions: val (type: string)
      Reduce Operator Tree:
        Join Operator
          condition map:
               Inner Join 0 to 1
          keys:
            0 id (type: string)
            1 id (type: string)
          outputColumnNames: _col0, _col1, _col5, _col6
          Statistics: Num rows: 3 Data size: 39 Basic stats: COMPLETE Column stats: NONE
          Filter Operator
            predicate: ((_col5 = 'Id_1') and (_col6 = 'val_103')) (type: boolean)
            Statistics: Num rows: 1 Data size: 13 Basic stats: COMPLETE Column stats: NONE
            Select Operator
              expressions: _col0 (type: string), _col1 (type: string), 'Id_1' (type: string), 'val_103' (type: string)
              outputColumnNames: _col0, _col1, _col2, _col3
              Statistics: Num rows: 1 Data size: 13 Basic stats: COMPLETE Column stats: NONE
              File Output Operator
                compressed: false
                Statistics: Num rows: 1 Data size: 13 Basic stats: COMPLETE Column stats: NONE
                table:
                    input format: org.apache.hadoop.mapred.TextInputFormat
                    output format: org.apache.hadoop.hive.ql.io.HiveIgnoreKeyTextOutputFormat
                    serde: org.apache.hadoop.hive.serde2.lazy.LazySimpleSerDe
                    name: default.join_result_1
              Select Operator
                expressions: _col0 (type: string), _col1 (type: string), 'Id_1' (type: string), 'val_103' (type: string)
                outputColumnNames: ida, vala, idb, valb
                Statistics: Num rows: 1 Data size: 13 Basic stats: COMPLETE Column stats: NONE
                Group By Operator
                  aggregations: compute_stats(ida, 'hll'), compute_stats(vala, 'hll'), compute_stats(idb, 'hll'), compute_stats(valb, 'hll')
                  mode: hash
                  outputColumnNames: _col0, _col1, _col2, _col3
                  Statistics: Num rows: 1 Data size: 1760 Basic stats: COMPLETE Column stats: NONE
                  File Output Operator
                    compressed: false
                    table:
                        input format: org.apache.hadoop.mapred.SequenceFileInputFormat
                        output format: org.apache.hadoop.hive.ql.io.HiveSequenceFileOutputFormat
                        serde: org.apache.hadoop.hive.serde2.lazybinary.LazyBinarySerDe
          Filter Operator
            predicate: ((_col5 = 'Id_2') and (_col6 = 'val_104')) (type: boolean)
            Statistics: Num rows: 1 Data size: 13 Basic stats: COMPLETE Column stats: NONE
            Select Operator
              expressions: _col0 (type: string), _col1 (type: string), 'Id_2' (type: string), 'val_104' (type: string)
              outputColumnNames: _col0, _col1, _col2, _col3
              Statistics: Num rows: 1 Data size: 13 Basic stats: COMPLETE Column stats: NONE
              File Output Operator
                compressed: false
                Statistics: Num rows: 1 Data size: 13 Basic stats: COMPLETE Column stats: NONE
                table:
                    input format: org.apache.hadoop.mapred.TextInputFormat
                    output format: org.apache.hadoop.hive.ql.io.HiveIgnoreKeyTextOutputFormat
                    serde: org.apache.hadoop.hive.serde2.lazy.LazySimpleSerDe
                    name: default.join_result_3
              Select Operator
                expressions: _col0 (type: string), _col1 (type: string), 'Id_2' (type: string), 'val_104' (type: string)
                outputColumnNames: ida, vala, idb, valb
                Statistics: Num rows: 1 Data size: 13 Basic stats: COMPLETE Column stats: NONE
                Group By Operator
                  aggregations: compute_stats(ida, 'hll'), compute_stats(vala, 'hll'), compute_stats(idb, 'hll'), compute_stats(valb, 'hll')
                  mode: hash
                  outputColumnNames: _col0, _col1, _col2, _col3
                  Statistics: Num rows: 1 Data size: 1760 Basic stats: COMPLETE Column stats: NONE
                  File Output Operator
                    compressed: false
                    table:
                        input format: org.apache.hadoop.mapred.SequenceFileInputFormat
                        output format: org.apache.hadoop.hive.ql.io.HiveSequenceFileOutputFormat
                        serde: org.apache.hadoop.hive.serde2.lazybinary.LazyBinarySerDe

  Stage: Stage-0
    Move Operator
      tables:
          replace: true
          table:
              input format: org.apache.hadoop.mapred.TextInputFormat
              output format: org.apache.hadoop.hive.ql.io.HiveIgnoreKeyTextOutputFormat
              serde: org.apache.hadoop.hive.serde2.lazy.LazySimpleSerDe
              name: default.join_result_1

  Stage: Stage-3
    Stats Work
      Basic Stats Work:
      Column Stats Desc:
          Columns: ida, vala, idb, valb
          Column Types: string, string, string, string
          Table: default.join_result_1

  Stage: Stage-4
    Map Reduce
      Map Operator Tree:
          TableScan
            Reduce Output Operator
              sort order: 
              Statistics: Num rows: 1 Data size: 1760 Basic stats: COMPLETE Column stats: NONE
              value expressions: _col0 (type: struct<columntype:string,maxlength:bigint,sumlength:bigint,count:bigint,countnulls:bigint,bitvector:binary>), _col1 (type: struct<columntype:string,maxlength:bigint,sumlength:bigint,count:bigint,countnulls:bigint,bitvector:binary>), _col2 (type: struct<columntype:string,maxlength:bigint,sumlength:bigint,count:bigint,countnulls:bigint,bitvector:binary>), _col3 (type: struct<columntype:string,maxlength:bigint,sumlength:bigint,count:bigint,countnulls:bigint,bitvector:binary>)
      Execution mode: vectorized
      Reduce Operator Tree:
        Group By Operator
          aggregations: compute_stats(VALUE._col0), compute_stats(VALUE._col1), compute_stats(VALUE._col2), compute_stats(VALUE._col3)
          mode: mergepartial
          outputColumnNames: _col0, _col1, _col2, _col3
          Statistics: Num rows: 1 Data size: 1760 Basic stats: COMPLETE Column stats: NONE
          File Output Operator
            compressed: false
            Statistics: Num rows: 1 Data size: 1760 Basic stats: COMPLETE Column stats: NONE
            table:
                input format: org.apache.hadoop.mapred.SequenceFileInputFormat
                output format: org.apache.hadoop.hive.ql.io.HiveSequenceFileOutputFormat
                serde: org.apache.hadoop.hive.serde2.lazy.LazySimpleSerDe

  Stage: Stage-5
    Stats Work
      Basic Stats Work:
      Column Stats Desc:
          Columns: ida, vala, idb, valb
          Column Types: string, string, string, string
          Table: default.join_result_3

  Stage: Stage-1
    Move Operator
      tables:
          replace: true
          table:
              input format: org.apache.hadoop.mapred.TextInputFormat
              output format: org.apache.hadoop.hive.ql.io.HiveIgnoreKeyTextOutputFormat
              serde: org.apache.hadoop.hive.serde2.lazy.LazySimpleSerDe
              name: default.join_result_3

  Stage: Stage-6
    Map Reduce
      Map Operator Tree:
          TableScan
            Reduce Output Operator
              sort order: 
              Statistics: Num rows: 1 Data size: 1760 Basic stats: COMPLETE Column stats: NONE
              value expressions: _col0 (type: struct<columntype:string,maxlength:bigint,sumlength:bigint,count:bigint,countnulls:bigint,bitvector:binary>), _col1 (type: struct<columntype:string,maxlength:bigint,sumlength:bigint,count:bigint,countnulls:bigint,bitvector:binary>), _col2 (type: struct<columntype:string,maxlength:bigint,sumlength:bigint,count:bigint,countnulls:bigint,bitvector:binary>), _col3 (type: struct<columntype:string,maxlength:bigint,sumlength:bigint,count:bigint,countnulls:bigint,bitvector:binary>)
      Execution mode: vectorized
      Reduce Operator Tree:
        Group By Operator
          aggregations: compute_stats(VALUE._col0), compute_stats(VALUE._col1), compute_stats(VALUE._col2), compute_stats(VALUE._col3)
          mode: mergepartial
          outputColumnNames: _col0, _col1, _col2, _col3
          Statistics: Num rows: 1 Data size: 1760 Basic stats: COMPLETE Column stats: NONE
          File Output Operator
            compressed: false
            Statistics: Num rows: 1 Data size: 1760 Basic stats: COMPLETE Column stats: NONE
            table:
                input format: org.apache.hadoop.mapred.SequenceFileInputFormat
                output format: org.apache.hadoop.hive.ql.io.HiveSequenceFileOutputFormat
                serde: org.apache.hadoop.hive.serde2.lazy.LazySimpleSerDe

PREHOOK: query: explain
FROM T_A a JOIN T_B b ON a.id = b.id
INSERT OVERWRITE TABLE join_result_1
SELECT a.id, a.val, b.id, b.val
WHERE b.id = 'Id_1' AND b.val = 'val_103'
INSERT OVERWRITE TABLE join_result_3
SELECT a.id, a.val, b.id, b.val
WHERE b.val = 'val_104' AND b.id = 'Id_2'
PREHOOK: type: QUERY
POSTHOOK: query: explain
FROM T_A a JOIN T_B b ON a.id = b.id
INSERT OVERWRITE TABLE join_result_1
SELECT a.id, a.val, b.id, b.val
WHERE b.id = 'Id_1' AND b.val = 'val_103'
INSERT OVERWRITE TABLE join_result_3
SELECT a.id, a.val, b.id, b.val
WHERE b.val = 'val_104' AND b.id = 'Id_2'
POSTHOOK: type: QUERY
STAGE DEPENDENCIES:
  Stage-2 is a root stage
  Stage-0 depends on stages: Stage-2
  Stage-3 depends on stages: Stage-0, Stage-4, Stage-6
  Stage-4 depends on stages: Stage-2
  Stage-5 depends on stages: Stage-1, Stage-4, Stage-6
  Stage-1 depends on stages: Stage-2
  Stage-6 depends on stages: Stage-2

STAGE PLANS:
  Stage: Stage-2
    Map Reduce
      Map Operator Tree:
          TableScan
            alias: a
            Statistics: Num rows: 3 Data size: 36 Basic stats: COMPLETE Column stats: NONE
            Filter Operator
              predicate: id is not null (type: boolean)
              Statistics: Num rows: 3 Data size: 36 Basic stats: COMPLETE Column stats: NONE
              Select Operator
                expressions: id (type: string), val (type: string)
                outputColumnNames: _col0, _col1
                Statistics: Num rows: 3 Data size: 36 Basic stats: COMPLETE Column stats: NONE
                Reduce Output Operator
                  key expressions: _col0 (type: string)
                  sort order: +
                  Map-reduce partition columns: _col0 (type: string)
                  Statistics: Num rows: 3 Data size: 36 Basic stats: COMPLETE Column stats: NONE
                  value expressions: _col1 (type: string)
          TableScan
            alias: b
            Statistics: Num rows: 2 Data size: 24 Basic stats: COMPLETE Column stats: NONE
            Filter Operator
              predicate: id is not null (type: boolean)
              Statistics: Num rows: 2 Data size: 24 Basic stats: COMPLETE Column stats: NONE
              Select Operator
                expressions: id (type: string), val (type: string)
                outputColumnNames: _col0, _col1
                Statistics: Num rows: 2 Data size: 24 Basic stats: COMPLETE Column stats: NONE
                Reduce Output Operator
                  key expressions: _col0 (type: string)
                  sort order: +
                  Map-reduce partition columns: _col0 (type: string)
                  Statistics: Num rows: 2 Data size: 24 Basic stats: COMPLETE Column stats: NONE
                  value expressions: _col1 (type: string)
      Reduce Operator Tree:
        Join Operator
          condition map:
               Inner Join 0 to 1
          keys:
            0 _col0 (type: string)
            1 _col0 (type: string)
          outputColumnNames: _col0, _col1, _col2, _col3
          Statistics: Num rows: 3 Data size: 39 Basic stats: COMPLETE Column stats: NONE
          Select Operator
            expressions: _col0 (type: string), _col1 (type: string), _col3 (type: string), _col2 (type: string)
            outputColumnNames: _col0, _col1, _col2, _col3
            Statistics: Num rows: 3 Data size: 39 Basic stats: COMPLETE Column stats: NONE
            Filter Operator
              predicate: ((_col2 = 'val_103') and (_col3 = 'Id_1')) (type: boolean)
              Statistics: Num rows: 1 Data size: 13 Basic stats: COMPLETE Column stats: NONE
              Select Operator
                expressions: _col0 (type: string), _col1 (type: string), _col3 (type: string), _col2 (type: string)
                outputColumnNames: _col0, _col1, _col2, _col3
                Statistics: Num rows: 1 Data size: 13 Basic stats: COMPLETE Column stats: NONE
                File Output Operator
                  compressed: false
                  Statistics: Num rows: 1 Data size: 13 Basic stats: COMPLETE Column stats: NONE
                  table:
                      input format: org.apache.hadoop.mapred.TextInputFormat
                      output format: org.apache.hadoop.hive.ql.io.HiveIgnoreKeyTextOutputFormat
                      serde: org.apache.hadoop.hive.serde2.lazy.LazySimpleSerDe
                      name: default.join_result_1
                Select Operator
                  expressions: _col0 (type: string), _col1 (type: string), _col2 (type: string), _col3 (type: string)
                  outputColumnNames: ida, vala, idb, valb
                  Statistics: Num rows: 1 Data size: 13 Basic stats: COMPLETE Column stats: NONE
                  Group By Operator
                    aggregations: compute_stats(ida, 'hll'), compute_stats(vala, 'hll'), compute_stats(idb, 'hll'), compute_stats(valb, 'hll')
                    mode: hash
                    outputColumnNames: _col0, _col1, _col2, _col3
                    Statistics: Num rows: 1 Data size: 1760 Basic stats: COMPLETE Column stats: NONE
                    File Output Operator
                      compressed: false
                      table:
                          input format: org.apache.hadoop.mapred.SequenceFileInputFormat
                          output format: org.apache.hadoop.hive.ql.io.HiveSequenceFileOutputFormat
                          serde: org.apache.hadoop.hive.serde2.lazybinary.LazyBinarySerDe
            Filter Operator
              predicate: ((_col2 = 'val_104') and (_col3 = 'Id_2')) (type: boolean)
              Statistics: Num rows: 1 Data size: 13 Basic stats: COMPLETE Column stats: NONE
              Select Operator
                expressions: _col0 (type: string), _col1 (type: string), _col3 (type: string), _col2 (type: string)
                outputColumnNames: _col0, _col1, _col2, _col3
                Statistics: Num rows: 1 Data size: 13 Basic stats: COMPLETE Column stats: NONE
                File Output Operator
                  compressed: false
                  Statistics: Num rows: 1 Data size: 13 Basic stats: COMPLETE Column stats: NONE
                  table:
                      input format: org.apache.hadoop.mapred.TextInputFormat
                      output format: org.apache.hadoop.hive.ql.io.HiveIgnoreKeyTextOutputFormat
                      serde: org.apache.hadoop.hive.serde2.lazy.LazySimpleSerDe
                      name: default.join_result_3
                Select Operator
                  expressions: _col0 (type: string), _col1 (type: string), _col2 (type: string), _col3 (type: string)
                  outputColumnNames: ida, vala, idb, valb
                  Statistics: Num rows: 1 Data size: 13 Basic stats: COMPLETE Column stats: NONE
                  Group By Operator
                    aggregations: compute_stats(ida, 'hll'), compute_stats(vala, 'hll'), compute_stats(idb, 'hll'), compute_stats(valb, 'hll')
                    mode: hash
                    outputColumnNames: _col0, _col1, _col2, _col3
                    Statistics: Num rows: 1 Data size: 1760 Basic stats: COMPLETE Column stats: NONE
                    File Output Operator
                      compressed: false
                      table:
                          input format: org.apache.hadoop.mapred.SequenceFileInputFormat
                          output format: org.apache.hadoop.hive.ql.io.HiveSequenceFileOutputFormat
                          serde: org.apache.hadoop.hive.serde2.lazybinary.LazyBinarySerDe

  Stage: Stage-0
    Move Operator
      tables:
          replace: true
          table:
              input format: org.apache.hadoop.mapred.TextInputFormat
              output format: org.apache.hadoop.hive.ql.io.HiveIgnoreKeyTextOutputFormat
              serde: org.apache.hadoop.hive.serde2.lazy.LazySimpleSerDe
              name: default.join_result_1

  Stage: Stage-3
    Stats Work
      Basic Stats Work:
      Column Stats Desc:
          Columns: ida, vala, idb, valb
          Column Types: string, string, string, string
          Table: default.join_result_1

  Stage: Stage-4
    Map Reduce
      Map Operator Tree:
          TableScan
            Reduce Output Operator
              sort order: 
              Statistics: Num rows: 1 Data size: 1760 Basic stats: COMPLETE Column stats: NONE
              value expressions: _col0 (type: struct<columntype:string,maxlength:bigint,sumlength:bigint,count:bigint,countnulls:bigint,bitvector:binary>), _col1 (type: struct<columntype:string,maxlength:bigint,sumlength:bigint,count:bigint,countnulls:bigint,bitvector:binary>), _col2 (type: struct<columntype:string,maxlength:bigint,sumlength:bigint,count:bigint,countnulls:bigint,bitvector:binary>), _col3 (type: struct<columntype:string,maxlength:bigint,sumlength:bigint,count:bigint,countnulls:bigint,bitvector:binary>)
      Execution mode: vectorized
      Reduce Operator Tree:
        Group By Operator
          aggregations: compute_stats(VALUE._col0), compute_stats(VALUE._col1), compute_stats(VALUE._col2), compute_stats(VALUE._col3)
          mode: mergepartial
          outputColumnNames: _col0, _col1, _col2, _col3
          Statistics: Num rows: 1 Data size: 1760 Basic stats: COMPLETE Column stats: NONE
          File Output Operator
            compressed: false
            Statistics: Num rows: 1 Data size: 1760 Basic stats: COMPLETE Column stats: NONE
            table:
                input format: org.apache.hadoop.mapred.SequenceFileInputFormat
                output format: org.apache.hadoop.hive.ql.io.HiveSequenceFileOutputFormat
                serde: org.apache.hadoop.hive.serde2.lazy.LazySimpleSerDe

  Stage: Stage-5
    Stats Work
      Basic Stats Work:
      Column Stats Desc:
          Columns: ida, vala, idb, valb
          Column Types: string, string, string, string
          Table: default.join_result_3

  Stage: Stage-1
    Move Operator
      tables:
          replace: true
          table:
              input format: org.apache.hadoop.mapred.TextInputFormat
              output format: org.apache.hadoop.hive.ql.io.HiveIgnoreKeyTextOutputFormat
              serde: org.apache.hadoop.hive.serde2.lazy.LazySimpleSerDe
              name: default.join_result_3

  Stage: Stage-6
    Map Reduce
      Map Operator Tree:
          TableScan
            Reduce Output Operator
              sort order: 
              Statistics: Num rows: 1 Data size: 1760 Basic stats: COMPLETE Column stats: NONE
              value expressions: _col0 (type: struct<columntype:string,maxlength:bigint,sumlength:bigint,count:bigint,countnulls:bigint,bitvector:binary>), _col1 (type: struct<columntype:string,maxlength:bigint,sumlength:bigint,count:bigint,countnulls:bigint,bitvector:binary>), _col2 (type: struct<columntype:string,maxlength:bigint,sumlength:bigint,count:bigint,countnulls:bigint,bitvector:binary>), _col3 (type: struct<columntype:string,maxlength:bigint,sumlength:bigint,count:bigint,countnulls:bigint,bitvector:binary>)
      Execution mode: vectorized
      Reduce Operator Tree:
        Group By Operator
          aggregations: compute_stats(VALUE._col0), compute_stats(VALUE._col1), compute_stats(VALUE._col2), compute_stats(VALUE._col3)
          mode: mergepartial
          outputColumnNames: _col0, _col1, _col2, _col3
          Statistics: Num rows: 1 Data size: 1760 Basic stats: COMPLETE Column stats: NONE
          File Output Operator
            compressed: false
            Statistics: Num rows: 1 Data size: 1760 Basic stats: COMPLETE Column stats: NONE
            table:
                input format: org.apache.hadoop.mapred.SequenceFileInputFormat
                output format: org.apache.hadoop.hive.ql.io.HiveSequenceFileOutputFormat
                serde: org.apache.hadoop.hive.serde2.lazy.LazySimpleSerDe

PREHOOK: query: explain
FROM T_A a JOIN T_B b ON a.id = b.id
INSERT OVERWRITE TABLE join_result_1
SELECT a.val, a.id, b.id, b.val
WHERE b.id = 'Id_1' AND b.val = 'val_103'
INSERT OVERWRITE TABLE join_result_3
SELECT a.id, b.val, b.id, a.val
WHERE b.val = 'val_104' AND b.id = 'Id_2'
PREHOOK: type: QUERY
POSTHOOK: query: explain
FROM T_A a JOIN T_B b ON a.id = b.id
INSERT OVERWRITE TABLE join_result_1
SELECT a.val, a.id, b.id, b.val
WHERE b.id = 'Id_1' AND b.val = 'val_103'
INSERT OVERWRITE TABLE join_result_3
SELECT a.id, b.val, b.id, a.val
WHERE b.val = 'val_104' AND b.id = 'Id_2'
POSTHOOK: type: QUERY
STAGE DEPENDENCIES:
  Stage-2 is a root stage
  Stage-0 depends on stages: Stage-2
  Stage-3 depends on stages: Stage-0, Stage-4, Stage-6
  Stage-4 depends on stages: Stage-2
  Stage-5 depends on stages: Stage-1, Stage-4, Stage-6
  Stage-1 depends on stages: Stage-2
  Stage-6 depends on stages: Stage-2

STAGE PLANS:
  Stage: Stage-2
    Map Reduce
      Map Operator Tree:
          TableScan
            alias: a
            Statistics: Num rows: 3 Data size: 36 Basic stats: COMPLETE Column stats: NONE
            Filter Operator
              predicate: id is not null (type: boolean)
              Statistics: Num rows: 3 Data size: 36 Basic stats: COMPLETE Column stats: NONE
              Select Operator
                expressions: id (type: string), val (type: string)
                outputColumnNames: _col0, _col1
                Statistics: Num rows: 3 Data size: 36 Basic stats: COMPLETE Column stats: NONE
                Reduce Output Operator
                  key expressions: _col0 (type: string)
                  sort order: +
                  Map-reduce partition columns: _col0 (type: string)
                  Statistics: Num rows: 3 Data size: 36 Basic stats: COMPLETE Column stats: NONE
                  value expressions: _col1 (type: string)
          TableScan
            alias: b
            Statistics: Num rows: 2 Data size: 24 Basic stats: COMPLETE Column stats: NONE
            Filter Operator
              predicate: id is not null (type: boolean)
              Statistics: Num rows: 2 Data size: 24 Basic stats: COMPLETE Column stats: NONE
              Select Operator
                expressions: id (type: string), val (type: string)
                outputColumnNames: _col0, _col1
                Statistics: Num rows: 2 Data size: 24 Basic stats: COMPLETE Column stats: NONE
                Reduce Output Operator
                  key expressions: _col0 (type: string)
                  sort order: +
                  Map-reduce partition columns: _col0 (type: string)
                  Statistics: Num rows: 2 Data size: 24 Basic stats: COMPLETE Column stats: NONE
                  value expressions: _col1 (type: string)
      Reduce Operator Tree:
        Join Operator
          condition map:
               Inner Join 0 to 1
          keys:
            0 _col0 (type: string)
            1 _col0 (type: string)
          outputColumnNames: _col0, _col1, _col2, _col3
          Statistics: Num rows: 3 Data size: 39 Basic stats: COMPLETE Column stats: NONE
          Select Operator
            expressions: _col0 (type: string), _col1 (type: string), _col3 (type: string), _col2 (type: string)
            outputColumnNames: _col0, _col1, _col2, _col3
            Statistics: Num rows: 3 Data size: 39 Basic stats: COMPLETE Column stats: NONE
            Filter Operator
              predicate: ((_col2 = 'val_103') and (_col3 = 'Id_1')) (type: boolean)
              Statistics: Num rows: 1 Data size: 13 Basic stats: COMPLETE Column stats: NONE
              Select Operator
                expressions: _col1 (type: string), _col0 (type: string), _col3 (type: string), _col2 (type: string)
                outputColumnNames: _col0, _col1, _col2, _col3
                Statistics: Num rows: 1 Data size: 13 Basic stats: COMPLETE Column stats: NONE
                File Output Operator
                  compressed: false
                  Statistics: Num rows: 1 Data size: 13 Basic stats: COMPLETE Column stats: NONE
                  table:
                      input format: org.apache.hadoop.mapred.TextInputFormat
                      output format: org.apache.hadoop.hive.ql.io.HiveIgnoreKeyTextOutputFormat
                      serde: org.apache.hadoop.hive.serde2.lazy.LazySimpleSerDe
                      name: default.join_result_1
                Select Operator
                  expressions: _col0 (type: string), _col1 (type: string), _col2 (type: string), _col3 (type: string)
                  outputColumnNames: ida, vala, idb, valb
                  Statistics: Num rows: 1 Data size: 13 Basic stats: COMPLETE Column stats: NONE
                  Group By Operator
                    aggregations: compute_stats(ida, 'hll'), compute_stats(vala, 'hll'), compute_stats(idb, 'hll'), compute_stats(valb, 'hll')
                    mode: hash
                    outputColumnNames: _col0, _col1, _col2, _col3
                    Statistics: Num rows: 1 Data size: 1760 Basic stats: COMPLETE Column stats: NONE
                    File Output Operator
                      compressed: false
                      table:
                          input format: org.apache.hadoop.mapred.SequenceFileInputFormat
                          output format: org.apache.hadoop.hive.ql.io.HiveSequenceFileOutputFormat
                          serde: org.apache.hadoop.hive.serde2.lazybinary.LazyBinarySerDe
            Filter Operator
              predicate: ((_col2 = 'val_104') and (_col3 = 'Id_2')) (type: boolean)
              Statistics: Num rows: 1 Data size: 13 Basic stats: COMPLETE Column stats: NONE
              Select Operator
                expressions: _col0 (type: string), _col2 (type: string), _col3 (type: string), _col1 (type: string)
                outputColumnNames: _col0, _col1, _col2, _col3
                Statistics: Num rows: 1 Data size: 13 Basic stats: COMPLETE Column stats: NONE
                File Output Operator
                  compressed: false
                  Statistics: Num rows: 1 Data size: 13 Basic stats: COMPLETE Column stats: NONE
                  table:
                      input format: org.apache.hadoop.mapred.TextInputFormat
                      output format: org.apache.hadoop.hive.ql.io.HiveIgnoreKeyTextOutputFormat
                      serde: org.apache.hadoop.hive.serde2.lazy.LazySimpleSerDe
                      name: default.join_result_3
                Select Operator
                  expressions: _col0 (type: string), _col1 (type: string), _col2 (type: string), _col3 (type: string)
                  outputColumnNames: ida, vala, idb, valb
                  Statistics: Num rows: 1 Data size: 13 Basic stats: COMPLETE Column stats: NONE
                  Group By Operator
                    aggregations: compute_stats(ida, 'hll'), compute_stats(vala, 'hll'), compute_stats(idb, 'hll'), compute_stats(valb, 'hll')
                    mode: hash
                    outputColumnNames: _col0, _col1, _col2, _col3
                    Statistics: Num rows: 1 Data size: 1760 Basic stats: COMPLETE Column stats: NONE
                    File Output Operator
                      compressed: false
                      table:
                          input format: org.apache.hadoop.mapred.SequenceFileInputFormat
                          output format: org.apache.hadoop.hive.ql.io.HiveSequenceFileOutputFormat
                          serde: org.apache.hadoop.hive.serde2.lazybinary.LazyBinarySerDe

  Stage: Stage-0
    Move Operator
      tables:
          replace: true
          table:
              input format: org.apache.hadoop.mapred.TextInputFormat
              output format: org.apache.hadoop.hive.ql.io.HiveIgnoreKeyTextOutputFormat
              serde: org.apache.hadoop.hive.serde2.lazy.LazySimpleSerDe
              name: default.join_result_1

  Stage: Stage-3
    Stats Work
      Basic Stats Work:
      Column Stats Desc:
          Columns: ida, vala, idb, valb
          Column Types: string, string, string, string
          Table: default.join_result_1

  Stage: Stage-4
    Map Reduce
      Map Operator Tree:
          TableScan
            Reduce Output Operator
              sort order: 
              Statistics: Num rows: 1 Data size: 1760 Basic stats: COMPLETE Column stats: NONE
              value expressions: _col0 (type: struct<columntype:string,maxlength:bigint,sumlength:bigint,count:bigint,countnulls:bigint,bitvector:binary>), _col1 (type: struct<columntype:string,maxlength:bigint,sumlength:bigint,count:bigint,countnulls:bigint,bitvector:binary>), _col2 (type: struct<columntype:string,maxlength:bigint,sumlength:bigint,count:bigint,countnulls:bigint,bitvector:binary>), _col3 (type: struct<columntype:string,maxlength:bigint,sumlength:bigint,count:bigint,countnulls:bigint,bitvector:binary>)
      Execution mode: vectorized
      Reduce Operator Tree:
        Group By Operator
          aggregations: compute_stats(VALUE._col0), compute_stats(VALUE._col1), compute_stats(VALUE._col2), compute_stats(VALUE._col3)
          mode: mergepartial
          outputColumnNames: _col0, _col1, _col2, _col3
          Statistics: Num rows: 1 Data size: 1760 Basic stats: COMPLETE Column stats: NONE
          File Output Operator
            compressed: false
            Statistics: Num rows: 1 Data size: 1760 Basic stats: COMPLETE Column stats: NONE
            table:
                input format: org.apache.hadoop.mapred.SequenceFileInputFormat
                output format: org.apache.hadoop.hive.ql.io.HiveSequenceFileOutputFormat
                serde: org.apache.hadoop.hive.serde2.lazy.LazySimpleSerDe

  Stage: Stage-5
    Stats Work
      Basic Stats Work:
      Column Stats Desc:
          Columns: ida, vala, idb, valb
          Column Types: string, string, string, string
          Table: default.join_result_3

  Stage: Stage-1
    Move Operator
      tables:
          replace: true
          table:
              input format: org.apache.hadoop.mapred.TextInputFormat
              output format: org.apache.hadoop.hive.ql.io.HiveIgnoreKeyTextOutputFormat
              serde: org.apache.hadoop.hive.serde2.lazy.LazySimpleSerDe
              name: default.join_result_3

  Stage: Stage-6
    Map Reduce
      Map Operator Tree:
          TableScan
            Reduce Output Operator
              sort order: 
              Statistics: Num rows: 1 Data size: 1760 Basic stats: COMPLETE Column stats: NONE
              value expressions: _col0 (type: struct<columntype:string,maxlength:bigint,sumlength:bigint,count:bigint,countnulls:bigint,bitvector:binary>), _col1 (type: struct<columntype:string,maxlength:bigint,sumlength:bigint,count:bigint,countnulls:bigint,bitvector:binary>), _col2 (type: struct<columntype:string,maxlength:bigint,sumlength:bigint,count:bigint,countnulls:bigint,bitvector:binary>), _col3 (type: struct<columntype:string,maxlength:bigint,sumlength:bigint,count:bigint,countnulls:bigint,bitvector:binary>)
      Execution mode: vectorized
      Reduce Operator Tree:
        Group By Operator
          aggregations: compute_stats(VALUE._col0), compute_stats(VALUE._col1), compute_stats(VALUE._col2), compute_stats(VALUE._col3)
          mode: mergepartial
          outputColumnNames: _col0, _col1, _col2, _col3
          Statistics: Num rows: 1 Data size: 1760 Basic stats: COMPLETE Column stats: NONE
          File Output Operator
            compressed: false
            Statistics: Num rows: 1 Data size: 1760 Basic stats: COMPLETE Column stats: NONE
            table:
                input format: org.apache.hadoop.mapred.SequenceFileInputFormat
                output format: org.apache.hadoop.hive.ql.io.HiveSequenceFileOutputFormat
                serde: org.apache.hadoop.hive.serde2.lazy.LazySimpleSerDe

