PREHOOK: query: create table src_multi1 like src
PREHOOK: type: CREATETABLE
PREHOOK: Output: database:default
PREHOOK: Output: default@src_multi1
POSTHOOK: query: create table src_multi1 like src
POSTHOOK: type: CREATETABLE
POSTHOOK: Output: database:default
POSTHOOK: Output: default@src_multi1
PREHOOK: query: create table src_multi2 like src
PREHOOK: type: CREATETABLE
PREHOOK: Output: database:default
PREHOOK: Output: default@src_multi2
POSTHOOK: query: create table src_multi2 like src
POSTHOOK: type: CREATETABLE
POSTHOOK: Output: database:default
POSTHOOK: Output: default@src_multi2
PREHOOK: query: explain
from src
insert overwrite table src_multi1 select * where key < 10
insert overwrite table src_multi2 select * where key > 10 and key < 20
PREHOOK: type: QUERY
POSTHOOK: query: explain
from src
insert overwrite table src_multi1 select * where key < 10
insert overwrite table src_multi2 select * where key > 10 and key < 20
POSTHOOK: type: QUERY
STAGE DEPENDENCIES:
  Stage-2 is a root stage
  Stage-4 depends on stages: Stage-2
  Stage-0 depends on stages: Stage-4
  Stage-3 depends on stages: Stage-0, Stage-6
  Stage-1 depends on stages: Stage-4
  Stage-5 depends on stages: Stage-1, Stage-6
  Stage-6 depends on stages: Stage-2

STAGE PLANS:
  Stage: Stage-2
    Map Reduce
      Map Operator Tree:
          TableScan
            alias: src
            Statistics: Num rows: 500 Data size: 5312 Basic stats: COMPLETE Column stats: NONE
            Filter Operator
              predicate: (key < 10) (type: boolean)
              Statistics: Num rows: 166 Data size: 1763 Basic stats: COMPLETE Column stats: NONE
              Select Operator
                expressions: key (type: string), value (type: string)
                outputColumnNames: _col0, _col1
                Statistics: Num rows: 166 Data size: 1763 Basic stats: COMPLETE Column stats: NONE
                File Output Operator
                  compressed: false
                  Statistics: Num rows: 166 Data size: 1763 Basic stats: COMPLETE Column stats: NONE
                  table:
                      input format: org.apache.hadoop.mapred.TextInputFormat
                      output format: org.apache.hadoop.hive.ql.io.HiveIgnoreKeyTextOutputFormat
                      serde: org.apache.hadoop.hive.serde2.lazy.LazySimpleSerDe
                      name: default.src_multi1
                Select Operator
                  expressions: _col0 (type: string), _col1 (type: string)
                  outputColumnNames: key, value
                  Statistics: Num rows: 166 Data size: 1763 Basic stats: COMPLETE Column stats: NONE
                  Group By Operator
                    aggregations: compute_stats(key, 'hll'), compute_stats(value, 'hll')
                    mode: hash
                    outputColumnNames: _col0, _col1
                    Statistics: Num rows: 1 Data size: 880 Basic stats: COMPLETE Column stats: NONE
                    Reduce Output Operator
                      sort order: 
                      Statistics: Num rows: 1 Data size: 880 Basic stats: COMPLETE Column stats: NONE
                      value expressions: _col0 (type: struct<columntype:string,maxlength:bigint,sumlength:bigint,count:bigint,countnulls:bigint,bitvector:binary>), _col1 (type: struct<columntype:string,maxlength:bigint,sumlength:bigint,count:bigint,countnulls:bigint,bitvector:binary>)
            Filter Operator
              predicate: ((key < 20) and (key > 10)) (type: boolean)
              Statistics: Num rows: 55 Data size: 584 Basic stats: COMPLETE Column stats: NONE
              Select Operator
                expressions: key (type: string), value (type: string)
                outputColumnNames: _col0, _col1
                Statistics: Num rows: 55 Data size: 584 Basic stats: COMPLETE Column stats: NONE
                File Output Operator
                  compressed: false
                  Statistics: Num rows: 55 Data size: 584 Basic stats: COMPLETE Column stats: NONE
                  table:
                      input format: org.apache.hadoop.mapred.TextInputFormat
                      output format: org.apache.hadoop.hive.ql.io.HiveIgnoreKeyTextOutputFormat
                      serde: org.apache.hadoop.hive.serde2.lazy.LazySimpleSerDe
                      name: default.src_multi2
                Select Operator
                  expressions: _col0 (type: string), _col1 (type: string)
                  outputColumnNames: key, value
                  Statistics: Num rows: 55 Data size: 584 Basic stats: COMPLETE Column stats: NONE
                  Group By Operator
                    aggregations: compute_stats(key, 'hll'), compute_stats(value, 'hll')
                    mode: hash
                    outputColumnNames: _col0, _col1
                    Statistics: Num rows: 1 Data size: 880 Basic stats: COMPLETE Column stats: NONE
                    File Output Operator
                      compressed: false
                      table:
                          input format: org.apache.hadoop.mapred.SequenceFileInputFormat
                          output format: org.apache.hadoop.hive.ql.io.HiveSequenceFileOutputFormat
                          serde: org.apache.hadoop.hive.serde2.lazybinary.LazyBinarySerDe
      Reduce Operator Tree:
        Group By Operator
          aggregations: compute_stats(VALUE._col0), compute_stats(VALUE._col1)
          mode: mergepartial
          outputColumnNames: _col0, _col1
          Statistics: Num rows: 1 Data size: 880 Basic stats: COMPLETE Column stats: NONE
          File Output Operator
            compressed: false
            Statistics: Num rows: 1 Data size: 880 Basic stats: COMPLETE Column stats: NONE
            table:
                input format: org.apache.hadoop.mapred.SequenceFileInputFormat
                output format: org.apache.hadoop.hive.ql.io.HiveSequenceFileOutputFormat
                serde: org.apache.hadoop.hive.serde2.lazy.LazySimpleSerDe

  Stage: Stage-4
    Dependency Collection

  Stage: Stage-0
    Move Operator
      tables:
          replace: true
          table:
              input format: org.apache.hadoop.mapred.TextInputFormat
              output format: org.apache.hadoop.hive.ql.io.HiveIgnoreKeyTextOutputFormat
              serde: org.apache.hadoop.hive.serde2.lazy.LazySimpleSerDe
              name: default.src_multi1

  Stage: Stage-3
    Stats Work
      Basic Stats Work:
      Column Stats Desc:
          Columns: key, value
          Column Types: string, string
          Table: default.src_multi1

  Stage: Stage-1
    Move Operator
      tables:
          replace: true
          table:
              input format: org.apache.hadoop.mapred.TextInputFormat
              output format: org.apache.hadoop.hive.ql.io.HiveIgnoreKeyTextOutputFormat
              serde: org.apache.hadoop.hive.serde2.lazy.LazySimpleSerDe
              name: default.src_multi2

  Stage: Stage-5
    Stats Work
      Basic Stats Work:
      Column Stats Desc:
          Columns: key, value
          Column Types: string, string
          Table: default.src_multi2

  Stage: Stage-6
    Map Reduce
      Map Operator Tree:
          TableScan
            Reduce Output Operator
              sort order: 
              Statistics: Num rows: 1 Data size: 880 Basic stats: COMPLETE Column stats: NONE
              value expressions: _col0 (type: struct<columntype:string,maxlength:bigint,sumlength:bigint,count:bigint,countnulls:bigint,bitvector:binary>), _col1 (type: struct<columntype:string,maxlength:bigint,sumlength:bigint,count:bigint,countnulls:bigint,bitvector:binary>)
      Execution mode: vectorized
      Reduce Operator Tree:
        Group By Operator
          aggregations: compute_stats(VALUE._col0), compute_stats(VALUE._col1)
          mode: mergepartial
          outputColumnNames: _col0, _col1
          Statistics: Num rows: 1 Data size: 880 Basic stats: COMPLETE Column stats: NONE
          File Output Operator
            compressed: false
            Statistics: Num rows: 1 Data size: 880 Basic stats: COMPLETE Column stats: NONE
            table:
                input format: org.apache.hadoop.mapred.SequenceFileInputFormat
                output format: org.apache.hadoop.hive.ql.io.HiveSequenceFileOutputFormat
                serde: org.apache.hadoop.hive.serde2.lazy.LazySimpleSerDe

PREHOOK: query: from src
insert overwrite table src_multi1 select * where key < 10
insert overwrite table src_multi2 select * where key > 10 and key < 20
PREHOOK: type: QUERY
PREHOOK: Input: default@src
PREHOOK: Output: default@src_multi1
PREHOOK: Output: default@src_multi2
POSTHOOK: query: from src
insert overwrite table src_multi1 select * where key < 10
insert overwrite table src_multi2 select * where key > 10 and key < 20
POSTHOOK: type: QUERY
POSTHOOK: Input: default@src
POSTHOOK: Output: default@src_multi1
POSTHOOK: Output: default@src_multi2
POSTHOOK: Lineage: src_multi1.key SIMPLE [(src)src.FieldSchema(name:key, type:string, comment:default), ]
POSTHOOK: Lineage: src_multi1.value SIMPLE [(src)src.FieldSchema(name:value, type:string, comment:default), ]
POSTHOOK: Lineage: src_multi2.key SIMPLE [(src)src.FieldSchema(name:key, type:string, comment:default), ]
POSTHOOK: Lineage: src_multi2.value SIMPLE [(src)src.FieldSchema(name:value, type:string, comment:default), ]
PREHOOK: query: select * from src_multi1
PREHOOK: type: QUERY
PREHOOK: Input: default@src_multi1
#### A masked pattern was here ####
POSTHOOK: query: select * from src_multi1
POSTHOOK: type: QUERY
POSTHOOK: Input: default@src_multi1
#### A masked pattern was here ####
0	val_0
0	val_0
0	val_0
2	val_2
4	val_4
5	val_5
5	val_5
5	val_5
8	val_8
9	val_9
PREHOOK: query: select * from src_multi2
PREHOOK: type: QUERY
PREHOOK: Input: default@src_multi2
#### A masked pattern was here ####
POSTHOOK: query: select * from src_multi2
POSTHOOK: type: QUERY
POSTHOOK: Input: default@src_multi2
#### A masked pattern was here ####
11	val_11
12	val_12
12	val_12
15	val_15
15	val_15
17	val_17
18	val_18
18	val_18
19	val_19
PREHOOK: query: explain
from src
insert overwrite table src_multi1 select * where key < 10
insert overwrite table src_multi2 select * where key > 10 and key < 20
PREHOOK: type: QUERY
POSTHOOK: query: explain
from src
insert overwrite table src_multi1 select * where key < 10
insert overwrite table src_multi2 select * where key > 10 and key < 20
POSTHOOK: type: QUERY
STAGE DEPENDENCIES:
  Stage-2 is a root stage
  Stage-9 depends on stages: Stage-2 , consists of Stage-6, Stage-5, Stage-7
  Stage-6
  Stage-4 depends on stages: Stage-6, Stage-5, Stage-8, Stage-2
  Stage-0 depends on stages: Stage-4
  Stage-3 depends on stages: Stage-0, Stage-11
  Stage-1 depends on stages: Stage-4
  Stage-10 depends on stages: Stage-1, Stage-11
  Stage-5
  Stage-7
  Stage-8 depends on stages: Stage-7
  Stage-11 depends on stages: Stage-2

STAGE PLANS:
  Stage: Stage-2
    Map Reduce
      Map Operator Tree:
          TableScan
            alias: src
            Statistics: Num rows: 500 Data size: 5312 Basic stats: COMPLETE Column stats: NONE
            Filter Operator
              predicate: (key < 10) (type: boolean)
              Statistics: Num rows: 166 Data size: 1763 Basic stats: COMPLETE Column stats: NONE
              Select Operator
                expressions: key (type: string), value (type: string)
                outputColumnNames: _col0, _col1
                Statistics: Num rows: 166 Data size: 1763 Basic stats: COMPLETE Column stats: NONE
                File Output Operator
                  compressed: false
                  Statistics: Num rows: 166 Data size: 1763 Basic stats: COMPLETE Column stats: NONE
                  table:
                      input format: org.apache.hadoop.mapred.TextInputFormat
                      output format: org.apache.hadoop.hive.ql.io.HiveIgnoreKeyTextOutputFormat
                      serde: org.apache.hadoop.hive.serde2.lazy.LazySimpleSerDe
                      name: default.src_multi1
                Select Operator
                  expressions: _col0 (type: string), _col1 (type: string)
                  outputColumnNames: key, value
                  Statistics: Num rows: 166 Data size: 1763 Basic stats: COMPLETE Column stats: NONE
                  Group By Operator
                    aggregations: compute_stats(key, 'hll'), compute_stats(value, 'hll')
                    mode: hash
                    outputColumnNames: _col0, _col1
                    Statistics: Num rows: 1 Data size: 880 Basic stats: COMPLETE Column stats: NONE
                    Reduce Output Operator
                      sort order: 
                      Statistics: Num rows: 1 Data size: 880 Basic stats: COMPLETE Column stats: NONE
                      value expressions: _col0 (type: struct<columntype:string,maxlength:bigint,sumlength:bigint,count:bigint,countnulls:bigint,bitvector:binary>), _col1 (type: struct<columntype:string,maxlength:bigint,sumlength:bigint,count:bigint,countnulls:bigint,bitvector:binary>)
            Filter Operator
              predicate: ((key < 20) and (key > 10)) (type: boolean)
              Statistics: Num rows: 55 Data size: 584 Basic stats: COMPLETE Column stats: NONE
              Select Operator
                expressions: key (type: string), value (type: string)
                outputColumnNames: _col0, _col1
                Statistics: Num rows: 55 Data size: 584 Basic stats: COMPLETE Column stats: NONE
                File Output Operator
                  compressed: false
                  Statistics: Num rows: 55 Data size: 584 Basic stats: COMPLETE Column stats: NONE
                  table:
                      input format: org.apache.hadoop.mapred.TextInputFormat
                      output format: org.apache.hadoop.hive.ql.io.HiveIgnoreKeyTextOutputFormat
                      serde: org.apache.hadoop.hive.serde2.lazy.LazySimpleSerDe
                      name: default.src_multi2
                Select Operator
                  expressions: _col0 (type: string), _col1 (type: string)
                  outputColumnNames: key, value
                  Statistics: Num rows: 55 Data size: 584 Basic stats: COMPLETE Column stats: NONE
                  Group By Operator
                    aggregations: compute_stats(key, 'hll'), compute_stats(value, 'hll')
                    mode: hash
                    outputColumnNames: _col0, _col1
                    Statistics: Num rows: 1 Data size: 880 Basic stats: COMPLETE Column stats: NONE
                    File Output Operator
                      compressed: false
                      table:
                          input format: org.apache.hadoop.mapred.SequenceFileInputFormat
                          output format: org.apache.hadoop.hive.ql.io.HiveSequenceFileOutputFormat
                          serde: org.apache.hadoop.hive.serde2.lazybinary.LazyBinarySerDe
      Reduce Operator Tree:
        Group By Operator
          aggregations: compute_stats(VALUE._col0), compute_stats(VALUE._col1)
          mode: mergepartial
          outputColumnNames: _col0, _col1
          Statistics: Num rows: 1 Data size: 880 Basic stats: COMPLETE Column stats: NONE
          File Output Operator
            compressed: false
            Statistics: Num rows: 1 Data size: 880 Basic stats: COMPLETE Column stats: NONE
            table:
                input format: org.apache.hadoop.mapred.SequenceFileInputFormat
                output format: org.apache.hadoop.hive.ql.io.HiveSequenceFileOutputFormat
                serde: org.apache.hadoop.hive.serde2.lazy.LazySimpleSerDe

  Stage: Stage-9
    Conditional Operator

  Stage: Stage-6
    Move Operator
      files:
          hdfs directory: true
#### A masked pattern was here ####

  Stage: Stage-4
    Dependency Collection

  Stage: Stage-0
    Move Operator
      tables:
          replace: true
          table:
              input format: org.apache.hadoop.mapred.TextInputFormat
              output format: org.apache.hadoop.hive.ql.io.HiveIgnoreKeyTextOutputFormat
              serde: org.apache.hadoop.hive.serde2.lazy.LazySimpleSerDe
              name: default.src_multi1

  Stage: Stage-3
    Stats Work
      Basic Stats Work:
      Column Stats Desc:
          Columns: key, value
          Column Types: string, string
          Table: default.src_multi1

  Stage: Stage-1
    Move Operator
      tables:
          replace: true
          table:
              input format: org.apache.hadoop.mapred.TextInputFormat
              output format: org.apache.hadoop.hive.ql.io.HiveIgnoreKeyTextOutputFormat
              serde: org.apache.hadoop.hive.serde2.lazy.LazySimpleSerDe
              name: default.src_multi2

  Stage: Stage-10
    Stats Work
      Basic Stats Work:
      Column Stats Desc:
          Columns: key, value
          Column Types: string, string
          Table: default.src_multi2

  Stage: Stage-5
    Map Reduce
      Map Operator Tree:
          TableScan
            File Output Operator
              compressed: false
              table:
                  input format: org.apache.hadoop.mapred.TextInputFormat
                  output format: org.apache.hadoop.hive.ql.io.HiveIgnoreKeyTextOutputFormat
                  serde: org.apache.hadoop.hive.serde2.lazy.LazySimpleSerDe
                  name: default.src_multi1

  Stage: Stage-7
    Map Reduce
      Map Operator Tree:
          TableScan
            File Output Operator
              compressed: false
              table:
                  input format: org.apache.hadoop.mapred.TextInputFormat
                  output format: org.apache.hadoop.hive.ql.io.HiveIgnoreKeyTextOutputFormat
                  serde: org.apache.hadoop.hive.serde2.lazy.LazySimpleSerDe
                  name: default.src_multi1

  Stage: Stage-8
    Move Operator
      files:
          hdfs directory: true
#### A masked pattern was here ####

  Stage: Stage-11
    Map Reduce
      Map Operator Tree:
          TableScan
            Reduce Output Operator
              sort order: 
              Statistics: Num rows: 1 Data size: 880 Basic stats: COMPLETE Column stats: NONE
              value expressions: _col0 (type: struct<columntype:string,maxlength:bigint,sumlength:bigint,count:bigint,countnulls:bigint,bitvector:binary>), _col1 (type: struct<columntype:string,maxlength:bigint,sumlength:bigint,count:bigint,countnulls:bigint,bitvector:binary>)
      Execution mode: vectorized
      Reduce Operator Tree:
        Group By Operator
          aggregations: compute_stats(VALUE._col0), compute_stats(VALUE._col1)
          mode: mergepartial
          outputColumnNames: _col0, _col1
          Statistics: Num rows: 1 Data size: 880 Basic stats: COMPLETE Column stats: NONE
          File Output Operator
            compressed: false
            Statistics: Num rows: 1 Data size: 880 Basic stats: COMPLETE Column stats: NONE
            table:
                input format: org.apache.hadoop.mapred.SequenceFileInputFormat
                output format: org.apache.hadoop.hive.ql.io.HiveSequenceFileOutputFormat
                serde: org.apache.hadoop.hive.serde2.lazy.LazySimpleSerDe

PREHOOK: query: from src
insert overwrite table src_multi1 select * where key < 10
insert overwrite table src_multi2 select * where key > 10 and key < 20
PREHOOK: type: QUERY
PREHOOK: Input: default@src
PREHOOK: Output: default@src_multi1
PREHOOK: Output: default@src_multi2
POSTHOOK: query: from src
insert overwrite table src_multi1 select * where key < 10
insert overwrite table src_multi2 select * where key > 10 and key < 20
POSTHOOK: type: QUERY
POSTHOOK: Input: default@src
POSTHOOK: Output: default@src_multi1
POSTHOOK: Output: default@src_multi2
POSTHOOK: Lineage: src_multi1.key SIMPLE [(src)src.FieldSchema(name:key, type:string, comment:default), ]
POSTHOOK: Lineage: src_multi1.value SIMPLE [(src)src.FieldSchema(name:value, type:string, comment:default), ]
POSTHOOK: Lineage: src_multi2.key SIMPLE [(src)src.FieldSchema(name:key, type:string, comment:default), ]
POSTHOOK: Lineage: src_multi2.value SIMPLE [(src)src.FieldSchema(name:value, type:string, comment:default), ]
PREHOOK: query: select * from src_multi1
PREHOOK: type: QUERY
PREHOOK: Input: default@src_multi1
#### A masked pattern was here ####
POSTHOOK: query: select * from src_multi1
POSTHOOK: type: QUERY
POSTHOOK: Input: default@src_multi1
#### A masked pattern was here ####
0	val_0
0	val_0
0	val_0
2	val_2
4	val_4
5	val_5
5	val_5
5	val_5
8	val_8
9	val_9
PREHOOK: query: select * from src_multi2
PREHOOK: type: QUERY
PREHOOK: Input: default@src_multi2
#### A masked pattern was here ####
POSTHOOK: query: select * from src_multi2
POSTHOOK: type: QUERY
POSTHOOK: Input: default@src_multi2
#### A masked pattern was here ####
11	val_11
12	val_12
12	val_12
15	val_15
15	val_15
17	val_17
18	val_18
18	val_18
19	val_19
PREHOOK: query: explain
from src
insert overwrite table src_multi1 select * where key < 10
insert overwrite table src_multi2 select * where key > 10 and key < 20
PREHOOK: type: QUERY
POSTHOOK: query: explain
from src
insert overwrite table src_multi1 select * where key < 10
insert overwrite table src_multi2 select * where key > 10 and key < 20
POSTHOOK: type: QUERY
STAGE DEPENDENCIES:
  Stage-2 is a root stage
  Stage-4 depends on stages: Stage-2, Stage-7, Stage-6, Stage-9
  Stage-0 depends on stages: Stage-4
  Stage-3 depends on stages: Stage-0, Stage-11
  Stage-1 depends on stages: Stage-4
  Stage-5 depends on stages: Stage-1, Stage-11
  Stage-10 depends on stages: Stage-2 , consists of Stage-7, Stage-6, Stage-8
  Stage-7
  Stage-6
  Stage-8
  Stage-9 depends on stages: Stage-8
  Stage-11 depends on stages: Stage-2

STAGE PLANS:
  Stage: Stage-2
    Map Reduce
      Map Operator Tree:
          TableScan
            alias: src
            Statistics: Num rows: 500 Data size: 5312 Basic stats: COMPLETE Column stats: NONE
            Filter Operator
              predicate: (key < 10) (type: boolean)
              Statistics: Num rows: 166 Data size: 1763 Basic stats: COMPLETE Column stats: NONE
              Select Operator
                expressions: key (type: string), value (type: string)
                outputColumnNames: _col0, _col1
                Statistics: Num rows: 166 Data size: 1763 Basic stats: COMPLETE Column stats: NONE
                File Output Operator
                  compressed: false
                  Statistics: Num rows: 166 Data size: 1763 Basic stats: COMPLETE Column stats: NONE
                  table:
                      input format: org.apache.hadoop.mapred.TextInputFormat
                      output format: org.apache.hadoop.hive.ql.io.HiveIgnoreKeyTextOutputFormat
                      serde: org.apache.hadoop.hive.serde2.lazy.LazySimpleSerDe
                      name: default.src_multi1
                Select Operator
                  expressions: _col0 (type: string), _col1 (type: string)
                  outputColumnNames: key, value
                  Statistics: Num rows: 166 Data size: 1763 Basic stats: COMPLETE Column stats: NONE
                  Group By Operator
                    aggregations: compute_stats(key, 'hll'), compute_stats(value, 'hll')
                    mode: hash
                    outputColumnNames: _col0, _col1
                    Statistics: Num rows: 1 Data size: 880 Basic stats: COMPLETE Column stats: NONE
                    Reduce Output Operator
                      sort order: 
                      Statistics: Num rows: 1 Data size: 880 Basic stats: COMPLETE Column stats: NONE
                      value expressions: _col0 (type: struct<columntype:string,maxlength:bigint,sumlength:bigint,count:bigint,countnulls:bigint,bitvector:binary>), _col1 (type: struct<columntype:string,maxlength:bigint,sumlength:bigint,count:bigint,countnulls:bigint,bitvector:binary>)
            Filter Operator
              predicate: ((key < 20) and (key > 10)) (type: boolean)
              Statistics: Num rows: 55 Data size: 584 Basic stats: COMPLETE Column stats: NONE
              Select Operator
                expressions: key (type: string), value (type: string)
                outputColumnNames: _col0, _col1
                Statistics: Num rows: 55 Data size: 584 Basic stats: COMPLETE Column stats: NONE
                File Output Operator
                  compressed: false
                  Statistics: Num rows: 55 Data size: 584 Basic stats: COMPLETE Column stats: NONE
                  table:
                      input format: org.apache.hadoop.mapred.TextInputFormat
                      output format: org.apache.hadoop.hive.ql.io.HiveIgnoreKeyTextOutputFormat
                      serde: org.apache.hadoop.hive.serde2.lazy.LazySimpleSerDe
                      name: default.src_multi2
                Select Operator
                  expressions: _col0 (type: string), _col1 (type: string)
                  outputColumnNames: key, value
                  Statistics: Num rows: 55 Data size: 584 Basic stats: COMPLETE Column stats: NONE
                  Group By Operator
                    aggregations: compute_stats(key, 'hll'), compute_stats(value, 'hll')
                    mode: hash
                    outputColumnNames: _col0, _col1
                    Statistics: Num rows: 1 Data size: 880 Basic stats: COMPLETE Column stats: NONE
                    File Output Operator
                      compressed: false
                      table:
                          input format: org.apache.hadoop.mapred.SequenceFileInputFormat
                          output format: org.apache.hadoop.hive.ql.io.HiveSequenceFileOutputFormat
                          serde: org.apache.hadoop.hive.serde2.lazybinary.LazyBinarySerDe
      Reduce Operator Tree:
        Group By Operator
          aggregations: compute_stats(VALUE._col0), compute_stats(VALUE._col1)
          mode: mergepartial
          outputColumnNames: _col0, _col1
          Statistics: Num rows: 1 Data size: 880 Basic stats: COMPLETE Column stats: NONE
          File Output Operator
            compressed: false
            Statistics: Num rows: 1 Data size: 880 Basic stats: COMPLETE Column stats: NONE
            table:
                input format: org.apache.hadoop.mapred.SequenceFileInputFormat
                output format: org.apache.hadoop.hive.ql.io.HiveSequenceFileOutputFormat
                serde: org.apache.hadoop.hive.serde2.lazy.LazySimpleSerDe

  Stage: Stage-4
    Dependency Collection

  Stage: Stage-0
    Move Operator
      tables:
          replace: true
          table:
              input format: org.apache.hadoop.mapred.TextInputFormat
              output format: org.apache.hadoop.hive.ql.io.HiveIgnoreKeyTextOutputFormat
              serde: org.apache.hadoop.hive.serde2.lazy.LazySimpleSerDe
              name: default.src_multi1

  Stage: Stage-3
    Stats Work
      Basic Stats Work:
      Column Stats Desc:
          Columns: key, value
          Column Types: string, string
          Table: default.src_multi1

  Stage: Stage-1
    Move Operator
      tables:
          replace: true
          table:
              input format: org.apache.hadoop.mapred.TextInputFormat
              output format: org.apache.hadoop.hive.ql.io.HiveIgnoreKeyTextOutputFormat
              serde: org.apache.hadoop.hive.serde2.lazy.LazySimpleSerDe
              name: default.src_multi2

  Stage: Stage-5
    Stats Work
      Basic Stats Work:
      Column Stats Desc:
          Columns: key, value
          Column Types: string, string
          Table: default.src_multi2

  Stage: Stage-10
    Conditional Operator

  Stage: Stage-7
    Move Operator
      files:
          hdfs directory: true
#### A masked pattern was here ####

  Stage: Stage-6
    Map Reduce
      Map Operator Tree:
          TableScan
            File Output Operator
              compressed: false
              table:
                  input format: org.apache.hadoop.mapred.TextInputFormat
                  output format: org.apache.hadoop.hive.ql.io.HiveIgnoreKeyTextOutputFormat
                  serde: org.apache.hadoop.hive.serde2.lazy.LazySimpleSerDe
                  name: default.src_multi2

  Stage: Stage-8
    Map Reduce
      Map Operator Tree:
          TableScan
            File Output Operator
              compressed: false
              table:
                  input format: org.apache.hadoop.mapred.TextInputFormat
                  output format: org.apache.hadoop.hive.ql.io.HiveIgnoreKeyTextOutputFormat
                  serde: org.apache.hadoop.hive.serde2.lazy.LazySimpleSerDe
                  name: default.src_multi2

  Stage: Stage-9
    Move Operator
      files:
          hdfs directory: true
#### A masked pattern was here ####

  Stage: Stage-11
    Map Reduce
      Map Operator Tree:
          TableScan
            Reduce Output Operator
              sort order: 
              Statistics: Num rows: 1 Data size: 880 Basic stats: COMPLETE Column stats: NONE
              value expressions: _col0 (type: struct<columntype:string,maxlength:bigint,sumlength:bigint,count:bigint,countnulls:bigint,bitvector:binary>), _col1 (type: struct<columntype:string,maxlength:bigint,sumlength:bigint,count:bigint,countnulls:bigint,bitvector:binary>)
      Execution mode: vectorized
      Reduce Operator Tree:
        Group By Operator
          aggregations: compute_stats(VALUE._col0), compute_stats(VALUE._col1)
          mode: mergepartial
          outputColumnNames: _col0, _col1
          Statistics: Num rows: 1 Data size: 880 Basic stats: COMPLETE Column stats: NONE
          File Output Operator
            compressed: false
            Statistics: Num rows: 1 Data size: 880 Basic stats: COMPLETE Column stats: NONE
            table:
                input format: org.apache.hadoop.mapred.SequenceFileInputFormat
                output format: org.apache.hadoop.hive.ql.io.HiveSequenceFileOutputFormat
                serde: org.apache.hadoop.hive.serde2.lazy.LazySimpleSerDe

PREHOOK: query: from src
insert overwrite table src_multi1 select * where key < 10
insert overwrite table src_multi2 select * where key > 10 and key < 20
PREHOOK: type: QUERY
PREHOOK: Input: default@src
PREHOOK: Output: default@src_multi1
PREHOOK: Output: default@src_multi2
POSTHOOK: query: from src
insert overwrite table src_multi1 select * where key < 10
insert overwrite table src_multi2 select * where key > 10 and key < 20
POSTHOOK: type: QUERY
POSTHOOK: Input: default@src
POSTHOOK: Output: default@src_multi1
POSTHOOK: Output: default@src_multi2
POSTHOOK: Lineage: src_multi1.key SIMPLE [(src)src.FieldSchema(name:key, type:string, comment:default), ]
POSTHOOK: Lineage: src_multi1.value SIMPLE [(src)src.FieldSchema(name:value, type:string, comment:default), ]
POSTHOOK: Lineage: src_multi2.key SIMPLE [(src)src.FieldSchema(name:key, type:string, comment:default), ]
POSTHOOK: Lineage: src_multi2.value SIMPLE [(src)src.FieldSchema(name:value, type:string, comment:default), ]
PREHOOK: query: select * from src_multi1
PREHOOK: type: QUERY
PREHOOK: Input: default@src_multi1
#### A masked pattern was here ####
POSTHOOK: query: select * from src_multi1
POSTHOOK: type: QUERY
POSTHOOK: Input: default@src_multi1
#### A masked pattern was here ####
0	val_0
0	val_0
0	val_0
2	val_2
4	val_4
5	val_5
5	val_5
5	val_5
8	val_8
9	val_9
PREHOOK: query: select * from src_multi2
PREHOOK: type: QUERY
PREHOOK: Input: default@src_multi2
#### A masked pattern was here ####
POSTHOOK: query: select * from src_multi2
POSTHOOK: type: QUERY
POSTHOOK: Input: default@src_multi2
#### A masked pattern was here ####
11	val_11
12	val_12
12	val_12
15	val_15
15	val_15
17	val_17
18	val_18
18	val_18
19	val_19
PREHOOK: query: explain
from src
insert overwrite table src_multi1 select * where key < 10
insert overwrite table src_multi2 select * where key > 10 and key < 20
PREHOOK: type: QUERY
POSTHOOK: query: explain
from src
insert overwrite table src_multi1 select * where key < 10
insert overwrite table src_multi2 select * where key > 10 and key < 20
POSTHOOK: type: QUERY
STAGE DEPENDENCIES:
  Stage-2 is a root stage
  Stage-9 depends on stages: Stage-2 , consists of Stage-6, Stage-5, Stage-7
  Stage-6
  Stage-4 depends on stages: Stage-6, Stage-5, Stage-8, Stage-12, Stage-11, Stage-14
  Stage-0 depends on stages: Stage-4
  Stage-3 depends on stages: Stage-0, Stage-16
  Stage-1 depends on stages: Stage-4
  Stage-10 depends on stages: Stage-1, Stage-16
  Stage-5
  Stage-7
  Stage-8 depends on stages: Stage-7
  Stage-15 depends on stages: Stage-2 , consists of Stage-12, Stage-11, Stage-13
  Stage-12
  Stage-11
  Stage-13
  Stage-14 depends on stages: Stage-13
  Stage-16 depends on stages: Stage-2

STAGE PLANS:
  Stage: Stage-2
    Map Reduce
      Map Operator Tree:
          TableScan
            alias: src
            Statistics: Num rows: 500 Data size: 5312 Basic stats: COMPLETE Column stats: NONE
            Filter Operator
              predicate: (key < 10) (type: boolean)
              Statistics: Num rows: 166 Data size: 1763 Basic stats: COMPLETE Column stats: NONE
              Select Operator
                expressions: key (type: string), value (type: string)
                outputColumnNames: _col0, _col1
                Statistics: Num rows: 166 Data size: 1763 Basic stats: COMPLETE Column stats: NONE
                File Output Operator
                  compressed: false
                  Statistics: Num rows: 166 Data size: 1763 Basic stats: COMPLETE Column stats: NONE
                  table:
                      input format: org.apache.hadoop.mapred.TextInputFormat
                      output format: org.apache.hadoop.hive.ql.io.HiveIgnoreKeyTextOutputFormat
                      serde: org.apache.hadoop.hive.serde2.lazy.LazySimpleSerDe
                      name: default.src_multi1
                Select Operator
                  expressions: _col0 (type: string), _col1 (type: string)
                  outputColumnNames: key, value
                  Statistics: Num rows: 166 Data size: 1763 Basic stats: COMPLETE Column stats: NONE
                  Group By Operator
                    aggregations: compute_stats(key, 'hll'), compute_stats(value, 'hll')
                    mode: hash
                    outputColumnNames: _col0, _col1
                    Statistics: Num rows: 1 Data size: 880 Basic stats: COMPLETE Column stats: NONE
                    Reduce Output Operator
                      sort order: 
                      Statistics: Num rows: 1 Data size: 880 Basic stats: COMPLETE Column stats: NONE
                      value expressions: _col0 (type: struct<columntype:string,maxlength:bigint,sumlength:bigint,count:bigint,countnulls:bigint,bitvector:binary>), _col1 (type: struct<columntype:string,maxlength:bigint,sumlength:bigint,count:bigint,countnulls:bigint,bitvector:binary>)
            Filter Operator
              predicate: ((key < 20) and (key > 10)) (type: boolean)
              Statistics: Num rows: 55 Data size: 584 Basic stats: COMPLETE Column stats: NONE
              Select Operator
                expressions: key (type: string), value (type: string)
                outputColumnNames: _col0, _col1
                Statistics: Num rows: 55 Data size: 584 Basic stats: COMPLETE Column stats: NONE
                File Output Operator
                  compressed: false
                  Statistics: Num rows: 55 Data size: 584 Basic stats: COMPLETE Column stats: NONE
                  table:
                      input format: org.apache.hadoop.mapred.TextInputFormat
                      output format: org.apache.hadoop.hive.ql.io.HiveIgnoreKeyTextOutputFormat
                      serde: org.apache.hadoop.hive.serde2.lazy.LazySimpleSerDe
                      name: default.src_multi2
                Select Operator
                  expressions: _col0 (type: string), _col1 (type: string)
                  outputColumnNames: key, value
                  Statistics: Num rows: 55 Data size: 584 Basic stats: COMPLETE Column stats: NONE
                  Group By Operator
                    aggregations: compute_stats(key, 'hll'), compute_stats(value, 'hll')
                    mode: hash
                    outputColumnNames: _col0, _col1
                    Statistics: Num rows: 1 Data size: 880 Basic stats: COMPLETE Column stats: NONE
                    File Output Operator
                      compressed: false
                      table:
                          input format: org.apache.hadoop.mapred.SequenceFileInputFormat
                          output format: org.apache.hadoop.hive.ql.io.HiveSequenceFileOutputFormat
                          serde: org.apache.hadoop.hive.serde2.lazybinary.LazyBinarySerDe
      Reduce Operator Tree:
        Group By Operator
          aggregations: compute_stats(VALUE._col0), compute_stats(VALUE._col1)
          mode: mergepartial
          outputColumnNames: _col0, _col1
          Statistics: Num rows: 1 Data size: 880 Basic stats: COMPLETE Column stats: NONE
          File Output Operator
            compressed: false
            Statistics: Num rows: 1 Data size: 880 Basic stats: COMPLETE Column stats: NONE
            table:
                input format: org.apache.hadoop.mapred.SequenceFileInputFormat
                output format: org.apache.hadoop.hive.ql.io.HiveSequenceFileOutputFormat
                serde: org.apache.hadoop.hive.serde2.lazy.LazySimpleSerDe

  Stage: Stage-9
    Conditional Operator

  Stage: Stage-6
    Move Operator
      files:
          hdfs directory: true
#### A masked pattern was here ####

  Stage: Stage-4
    Dependency Collection

  Stage: Stage-0
    Move Operator
      tables:
          replace: true
          table:
              input format: org.apache.hadoop.mapred.TextInputFormat
              output format: org.apache.hadoop.hive.ql.io.HiveIgnoreKeyTextOutputFormat
              serde: org.apache.hadoop.hive.serde2.lazy.LazySimpleSerDe
              name: default.src_multi1

  Stage: Stage-3
    Stats Work
      Basic Stats Work:
      Column Stats Desc:
          Columns: key, value
          Column Types: string, string
          Table: default.src_multi1

  Stage: Stage-1
    Move Operator
      tables:
          replace: true
          table:
              input format: org.apache.hadoop.mapred.TextInputFormat
              output format: org.apache.hadoop.hive.ql.io.HiveIgnoreKeyTextOutputFormat
              serde: org.apache.hadoop.hive.serde2.lazy.LazySimpleSerDe
              name: default.src_multi2

  Stage: Stage-10
    Stats Work
      Basic Stats Work:
      Column Stats Desc:
          Columns: key, value
          Column Types: string, string
          Table: default.src_multi2

  Stage: Stage-5
    Map Reduce
      Map Operator Tree:
          TableScan
            File Output Operator
              compressed: false
              table:
                  input format: org.apache.hadoop.mapred.TextInputFormat
                  output format: org.apache.hadoop.hive.ql.io.HiveIgnoreKeyTextOutputFormat
                  serde: org.apache.hadoop.hive.serde2.lazy.LazySimpleSerDe
                  name: default.src_multi1

  Stage: Stage-7
    Map Reduce
      Map Operator Tree:
          TableScan
            File Output Operator
              compressed: false
              table:
                  input format: org.apache.hadoop.mapred.TextInputFormat
                  output format: org.apache.hadoop.hive.ql.io.HiveIgnoreKeyTextOutputFormat
                  serde: org.apache.hadoop.hive.serde2.lazy.LazySimpleSerDe
                  name: default.src_multi1

  Stage: Stage-8
    Move Operator
      files:
          hdfs directory: true
#### A masked pattern was here ####

  Stage: Stage-15
    Conditional Operator

  Stage: Stage-12
    Move Operator
      files:
          hdfs directory: true
#### A masked pattern was here ####

  Stage: Stage-11
    Map Reduce
      Map Operator Tree:
          TableScan
            File Output Operator
              compressed: false
              table:
                  input format: org.apache.hadoop.mapred.TextInputFormat
                  output format: org.apache.hadoop.hive.ql.io.HiveIgnoreKeyTextOutputFormat
                  serde: org.apache.hadoop.hive.serde2.lazy.LazySimpleSerDe
                  name: default.src_multi2

  Stage: Stage-13
    Map Reduce
      Map Operator Tree:
          TableScan
            File Output Operator
              compressed: false
              table:
                  input format: org.apache.hadoop.mapred.TextInputFormat
                  output format: org.apache.hadoop.hive.ql.io.HiveIgnoreKeyTextOutputFormat
                  serde: org.apache.hadoop.hive.serde2.lazy.LazySimpleSerDe
                  name: default.src_multi2

  Stage: Stage-14
    Move Operator
      files:
          hdfs directory: true
#### A masked pattern was here ####

  Stage: Stage-16
    Map Reduce
      Map Operator Tree:
          TableScan
            Reduce Output Operator
              sort order: 
              Statistics: Num rows: 1 Data size: 880 Basic stats: COMPLETE Column stats: NONE
              value expressions: _col0 (type: struct<columntype:string,maxlength:bigint,sumlength:bigint,count:bigint,countnulls:bigint,bitvector:binary>), _col1 (type: struct<columntype:string,maxlength:bigint,sumlength:bigint,count:bigint,countnulls:bigint,bitvector:binary>)
      Execution mode: vectorized
      Reduce Operator Tree:
        Group By Operator
          aggregations: compute_stats(VALUE._col0), compute_stats(VALUE._col1)
          mode: mergepartial
          outputColumnNames: _col0, _col1
          Statistics: Num rows: 1 Data size: 880 Basic stats: COMPLETE Column stats: NONE
          File Output Operator
            compressed: false
            Statistics: Num rows: 1 Data size: 880 Basic stats: COMPLETE Column stats: NONE
            table:
                input format: org.apache.hadoop.mapred.SequenceFileInputFormat
                output format: org.apache.hadoop.hive.ql.io.HiveSequenceFileOutputFormat
                serde: org.apache.hadoop.hive.serde2.lazy.LazySimpleSerDe

PREHOOK: query: from src
insert overwrite table src_multi1 select * where key < 10
insert overwrite table src_multi2 select * where key > 10 and key < 20
PREHOOK: type: QUERY
PREHOOK: Input: default@src
PREHOOK: Output: default@src_multi1
PREHOOK: Output: default@src_multi2
POSTHOOK: query: from src
insert overwrite table src_multi1 select * where key < 10
insert overwrite table src_multi2 select * where key > 10 and key < 20
POSTHOOK: type: QUERY
POSTHOOK: Input: default@src
POSTHOOK: Output: default@src_multi1
POSTHOOK: Output: default@src_multi2
POSTHOOK: Lineage: src_multi1.key SIMPLE [(src)src.FieldSchema(name:key, type:string, comment:default), ]
POSTHOOK: Lineage: src_multi1.value SIMPLE [(src)src.FieldSchema(name:value, type:string, comment:default), ]
POSTHOOK: Lineage: src_multi2.key SIMPLE [(src)src.FieldSchema(name:key, type:string, comment:default), ]
POSTHOOK: Lineage: src_multi2.value SIMPLE [(src)src.FieldSchema(name:value, type:string, comment:default), ]
PREHOOK: query: select * from src_multi1
PREHOOK: type: QUERY
PREHOOK: Input: default@src_multi1
#### A masked pattern was here ####
POSTHOOK: query: select * from src_multi1
POSTHOOK: type: QUERY
POSTHOOK: Input: default@src_multi1
#### A masked pattern was here ####
0	val_0
0	val_0
0	val_0
2	val_2
4	val_4
5	val_5
5	val_5
5	val_5
8	val_8
9	val_9
PREHOOK: query: select * from src_multi2
PREHOOK: type: QUERY
PREHOOK: Input: default@src_multi2
#### A masked pattern was here ####
POSTHOOK: query: select * from src_multi2
POSTHOOK: type: QUERY
POSTHOOK: Input: default@src_multi2
#### A masked pattern was here ####
11	val_11
12	val_12
12	val_12
15	val_15
15	val_15
17	val_17
18	val_18
18	val_18
19	val_19
PREHOOK: query: explain
from src
insert overwrite table src_multi1 select * where key < 10 group by key, value
insert overwrite table src_multi2 select * where key > 10 and key < 20 group by key, value
PREHOOK: type: QUERY
POSTHOOK: query: explain
from src
insert overwrite table src_multi1 select * where key < 10 group by key, value
insert overwrite table src_multi2 select * where key > 10 and key < 20 group by key, value
POSTHOOK: type: QUERY
STAGE DEPENDENCIES:
  Stage-2 is a root stage
  Stage-4 depends on stages: Stage-2
  Stage-0 depends on stages: Stage-4
  Stage-3 depends on stages: Stage-0, Stage-5, Stage-7
  Stage-1 depends on stages: Stage-4
  Stage-6 depends on stages: Stage-1, Stage-5, Stage-7
  Stage-5 depends on stages: Stage-2
  Stage-7 depends on stages: Stage-2

STAGE PLANS:
  Stage: Stage-2
    Map Reduce
      Map Operator Tree:
          TableScan
            alias: src
            Statistics: Num rows: 500 Data size: 5312 Basic stats: COMPLETE Column stats: NONE
            Filter Operator
              predicate: (((key > 10) and (key < 20)) or (key < 10)) (type: boolean)
              Statistics: Num rows: 221 Data size: 2347 Basic stats: COMPLETE Column stats: NONE
              Reduce Output Operator
                key expressions: key (type: string), value (type: string)
                sort order: ++
                Map-reduce partition columns: key (type: string), value (type: string)
                Statistics: Num rows: 221 Data size: 2347 Basic stats: COMPLETE Column stats: NONE
      Execution mode: vectorized
      Reduce Operator Tree:
        Forward
          Statistics: Num rows: 221 Data size: 2347 Basic stats: COMPLETE Column stats: NONE
          Filter Operator
            predicate: (KEY._col0 < 10) (type: boolean)
            Statistics: Num rows: 73 Data size: 775 Basic stats: COMPLETE Column stats: NONE
            Group By Operator
              keys: KEY._col0 (type: string), KEY._col1 (type: string)
              mode: complete
              outputColumnNames: _col0, _col1
              Statistics: Num rows: 36 Data size: 382 Basic stats: COMPLETE Column stats: NONE
              File Output Operator
                compressed: false
                Statistics: Num rows: 36 Data size: 382 Basic stats: COMPLETE Column stats: NONE
                table:
                    input format: org.apache.hadoop.mapred.TextInputFormat
                    output format: org.apache.hadoop.hive.ql.io.HiveIgnoreKeyTextOutputFormat
                    serde: org.apache.hadoop.hive.serde2.lazy.LazySimpleSerDe
                    name: default.src_multi1
              Select Operator
                expressions: _col0 (type: string), _col1 (type: string)
                outputColumnNames: key, value
                Statistics: Num rows: 36 Data size: 382 Basic stats: COMPLETE Column stats: NONE
                Group By Operator
                  aggregations: compute_stats(key, 'hll'), compute_stats(value, 'hll')
                  mode: hash
                  outputColumnNames: _col0, _col1
                  Statistics: Num rows: 1 Data size: 880 Basic stats: COMPLETE Column stats: NONE
                  File Output Operator
                    compressed: false
                    table:
                        input format: org.apache.hadoop.mapred.SequenceFileInputFormat
                        output format: org.apache.hadoop.hive.ql.io.HiveSequenceFileOutputFormat
                        serde: org.apache.hadoop.hive.serde2.lazybinary.LazyBinarySerDe
          Filter Operator
            predicate: ((KEY._col0 < 20) and (KEY._col0 > 10)) (type: boolean)
            Statistics: Num rows: 24 Data size: 254 Basic stats: COMPLETE Column stats: NONE
            Group By Operator
              keys: KEY._col0 (type: string), KEY._col1 (type: string)
              mode: complete
              outputColumnNames: _col0, _col1
              Statistics: Num rows: 12 Data size: 127 Basic stats: COMPLETE Column stats: NONE
              File Output Operator
                compressed: false
                Statistics: Num rows: 12 Data size: 127 Basic stats: COMPLETE Column stats: NONE
                table:
                    input format: org.apache.hadoop.mapred.TextInputFormat
                    output format: org.apache.hadoop.hive.ql.io.HiveIgnoreKeyTextOutputFormat
                    serde: org.apache.hadoop.hive.serde2.lazy.LazySimpleSerDe
                    name: default.src_multi2
              Select Operator
                expressions: _col0 (type: string), _col1 (type: string)
                outputColumnNames: key, value
                Statistics: Num rows: 12 Data size: 127 Basic stats: COMPLETE Column stats: NONE
                Group By Operator
                  aggregations: compute_stats(key, 'hll'), compute_stats(value, 'hll')
                  mode: hash
                  outputColumnNames: _col0, _col1
                  Statistics: Num rows: 1 Data size: 880 Basic stats: COMPLETE Column stats: NONE
                  File Output Operator
                    compressed: false
                    table:
                        input format: org.apache.hadoop.mapred.SequenceFileInputFormat
                        output format: org.apache.hadoop.hive.ql.io.HiveSequenceFileOutputFormat
                        serde: org.apache.hadoop.hive.serde2.lazybinary.LazyBinarySerDe

  Stage: Stage-4
    Dependency Collection

  Stage: Stage-0
    Move Operator
      tables:
          replace: true
          table:
              input format: org.apache.hadoop.mapred.TextInputFormat
              output format: org.apache.hadoop.hive.ql.io.HiveIgnoreKeyTextOutputFormat
              serde: org.apache.hadoop.hive.serde2.lazy.LazySimpleSerDe
              name: default.src_multi1

  Stage: Stage-3
    Stats Work
      Basic Stats Work:
      Column Stats Desc:
          Columns: key, value
          Column Types: string, string
          Table: default.src_multi1

  Stage: Stage-1
    Move Operator
      tables:
          replace: true
          table:
              input format: org.apache.hadoop.mapred.TextInputFormat
              output format: org.apache.hadoop.hive.ql.io.HiveIgnoreKeyTextOutputFormat
              serde: org.apache.hadoop.hive.serde2.lazy.LazySimpleSerDe
              name: default.src_multi2

  Stage: Stage-6
    Stats Work
      Basic Stats Work:
      Column Stats Desc:
          Columns: key, value
          Column Types: string, string
          Table: default.src_multi2

  Stage: Stage-5
    Map Reduce
      Map Operator Tree:
          TableScan
            Reduce Output Operator
              sort order: 
              Statistics: Num rows: 1 Data size: 880 Basic stats: COMPLETE Column stats: NONE
              value expressions: _col0 (type: struct<columntype:string,maxlength:bigint,sumlength:bigint,count:bigint,countnulls:bigint,bitvector:binary>), _col1 (type: struct<columntype:string,maxlength:bigint,sumlength:bigint,count:bigint,countnulls:bigint,bitvector:binary>)
      Execution mode: vectorized
      Reduce Operator Tree:
        Group By Operator
          aggregations: compute_stats(VALUE._col0), compute_stats(VALUE._col1)
          mode: mergepartial
          outputColumnNames: _col0, _col1
          Statistics: Num rows: 1 Data size: 880 Basic stats: COMPLETE Column stats: NONE
          File Output Operator
            compressed: false
            Statistics: Num rows: 1 Data size: 880 Basic stats: COMPLETE Column stats: NONE
            table:
                input format: org.apache.hadoop.mapred.SequenceFileInputFormat
                output format: org.apache.hadoop.hive.ql.io.HiveSequenceFileOutputFormat
                serde: org.apache.hadoop.hive.serde2.lazy.LazySimpleSerDe

  Stage: Stage-7
    Map Reduce
      Map Operator Tree:
          TableScan
            Reduce Output Operator
              sort order: 
              Statistics: Num rows: 1 Data size: 880 Basic stats: COMPLETE Column stats: NONE
              value expressions: _col0 (type: struct<columntype:string,maxlength:bigint,sumlength:bigint,count:bigint,countnulls:bigint,bitvector:binary>), _col1 (type: struct<columntype:string,maxlength:bigint,sumlength:bigint,count:bigint,countnulls:bigint,bitvector:binary>)
      Execution mode: vectorized
      Reduce Operator Tree:
        Group By Operator
          aggregations: compute_stats(VALUE._col0), compute_stats(VALUE._col1)
          mode: mergepartial
          outputColumnNames: _col0, _col1
          Statistics: Num rows: 1 Data size: 880 Basic stats: COMPLETE Column stats: NONE
          File Output Operator
            compressed: false
            Statistics: Num rows: 1 Data size: 880 Basic stats: COMPLETE Column stats: NONE
            table:
                input format: org.apache.hadoop.mapred.SequenceFileInputFormat
                output format: org.apache.hadoop.hive.ql.io.HiveSequenceFileOutputFormat
                serde: org.apache.hadoop.hive.serde2.lazy.LazySimpleSerDe

PREHOOK: query: from src
insert overwrite table src_multi1 select * where key < 10 group by key, value
insert overwrite table src_multi2 select * where key > 10 and key < 20 group by key, value
PREHOOK: type: QUERY
PREHOOK: Input: default@src
PREHOOK: Output: default@src_multi1
PREHOOK: Output: default@src_multi2
POSTHOOK: query: from src
insert overwrite table src_multi1 select * where key < 10 group by key, value
insert overwrite table src_multi2 select * where key > 10 and key < 20 group by key, value
POSTHOOK: type: QUERY
POSTHOOK: Input: default@src
POSTHOOK: Output: default@src_multi1
POSTHOOK: Output: default@src_multi2
POSTHOOK: Lineage: src_multi1.key SIMPLE [(src)src.FieldSchema(name:key, type:string, comment:default), ]
POSTHOOK: Lineage: src_multi1.value SIMPLE [(src)src.FieldSchema(name:value, type:string, comment:default), ]
POSTHOOK: Lineage: src_multi2.key SIMPLE [(src)src.FieldSchema(name:key, type:string, comment:default), ]
POSTHOOK: Lineage: src_multi2.value SIMPLE [(src)src.FieldSchema(name:value, type:string, comment:default), ]
PREHOOK: query: select * from src_multi1
PREHOOK: type: QUERY
PREHOOK: Input: default@src_multi1
#### A masked pattern was here ####
POSTHOOK: query: select * from src_multi1
POSTHOOK: type: QUERY
POSTHOOK: Input: default@src_multi1
#### A masked pattern was here ####
0	val_0
2	val_2
4	val_4
5	val_5
8	val_8
9	val_9
PREHOOK: query: select * from src_multi2
PREHOOK: type: QUERY
PREHOOK: Input: default@src_multi2
#### A masked pattern was here ####
POSTHOOK: query: select * from src_multi2
POSTHOOK: type: QUERY
POSTHOOK: Input: default@src_multi2
#### A masked pattern was here ####
11	val_11
12	val_12
15	val_15
17	val_17
18	val_18
19	val_19
PREHOOK: query: explain
from src
insert overwrite table src_multi1 select * where key < 10 group by key, value
insert overwrite table src_multi2 select * where key > 10 and key < 20 group by key, value
PREHOOK: type: QUERY
POSTHOOK: query: explain
from src
insert overwrite table src_multi1 select * where key < 10 group by key, value
insert overwrite table src_multi2 select * where key > 10 and key < 20 group by key, value
POSTHOOK: type: QUERY
STAGE DEPENDENCIES:
  Stage-2 is a root stage
  Stage-9 depends on stages: Stage-2 , consists of Stage-6, Stage-5, Stage-7
  Stage-6
  Stage-4 depends on stages: Stage-6, Stage-5, Stage-8, Stage-13, Stage-12, Stage-15
  Stage-0 depends on stages: Stage-4
  Stage-3 depends on stages: Stage-0, Stage-10, Stage-17
  Stage-1 depends on stages: Stage-4
  Stage-11 depends on stages: Stage-1, Stage-10, Stage-17
  Stage-5
  Stage-7
  Stage-8 depends on stages: Stage-7
  Stage-10 depends on stages: Stage-2
  Stage-16 depends on stages: Stage-2 , consists of Stage-13, Stage-12, Stage-14
  Stage-13
  Stage-12
  Stage-14
  Stage-15 depends on stages: Stage-14
  Stage-17 depends on stages: Stage-2

STAGE PLANS:
  Stage: Stage-2
    Map Reduce
      Map Operator Tree:
          TableScan
            alias: src
            Statistics: Num rows: 500 Data size: 5312 Basic stats: COMPLETE Column stats: NONE
            Filter Operator
              predicate: (((key > 10) and (key < 20)) or (key < 10)) (type: boolean)
              Statistics: Num rows: 221 Data size: 2347 Basic stats: COMPLETE Column stats: NONE
              Reduce Output Operator
                key expressions: key (type: string), value (type: string)
                sort order: ++
                Map-reduce partition columns: key (type: string), value (type: string)
                Statistics: Num rows: 221 Data size: 2347 Basic stats: COMPLETE Column stats: NONE
      Execution mode: vectorized
      Reduce Operator Tree:
        Forward
          Statistics: Num rows: 221 Data size: 2347 Basic stats: COMPLETE Column stats: NONE
          Filter Operator
            predicate: (KEY._col0 < 10) (type: boolean)
            Statistics: Num rows: 73 Data size: 775 Basic stats: COMPLETE Column stats: NONE
            Group By Operator
              keys: KEY._col0 (type: string), KEY._col1 (type: string)
              mode: complete
              outputColumnNames: _col0, _col1
              Statistics: Num rows: 36 Data size: 382 Basic stats: COMPLETE Column stats: NONE
              File Output Operator
                compressed: false
                Statistics: Num rows: 36 Data size: 382 Basic stats: COMPLETE Column stats: NONE
                table:
                    input format: org.apache.hadoop.mapred.TextInputFormat
                    output format: org.apache.hadoop.hive.ql.io.HiveIgnoreKeyTextOutputFormat
                    serde: org.apache.hadoop.hive.serde2.lazy.LazySimpleSerDe
                    name: default.src_multi1
              Select Operator
                expressions: _col0 (type: string), _col1 (type: string)
                outputColumnNames: key, value
                Statistics: Num rows: 36 Data size: 382 Basic stats: COMPLETE Column stats: NONE
                Group By Operator
                  aggregations: compute_stats(key, 'hll'), compute_stats(value, 'hll')
                  mode: hash
                  outputColumnNames: _col0, _col1
                  Statistics: Num rows: 1 Data size: 880 Basic stats: COMPLETE Column stats: NONE
                  File Output Operator
                    compressed: false
                    table:
                        input format: org.apache.hadoop.mapred.SequenceFileInputFormat
                        output format: org.apache.hadoop.hive.ql.io.HiveSequenceFileOutputFormat
                        serde: org.apache.hadoop.hive.serde2.lazybinary.LazyBinarySerDe
          Filter Operator
            predicate: ((KEY._col0 < 20) and (KEY._col0 > 10)) (type: boolean)
            Statistics: Num rows: 24 Data size: 254 Basic stats: COMPLETE Column stats: NONE
            Group By Operator
              keys: KEY._col0 (type: string), KEY._col1 (type: string)
              mode: complete
              outputColumnNames: _col0, _col1
              Statistics: Num rows: 12 Data size: 127 Basic stats: COMPLETE Column stats: NONE
              File Output Operator
                compressed: false
                Statistics: Num rows: 12 Data size: 127 Basic stats: COMPLETE Column stats: NONE
                table:
                    input format: org.apache.hadoop.mapred.TextInputFormat
                    output format: org.apache.hadoop.hive.ql.io.HiveIgnoreKeyTextOutputFormat
                    serde: org.apache.hadoop.hive.serde2.lazy.LazySimpleSerDe
                    name: default.src_multi2
              Select Operator
                expressions: _col0 (type: string), _col1 (type: string)
                outputColumnNames: key, value
                Statistics: Num rows: 12 Data size: 127 Basic stats: COMPLETE Column stats: NONE
                Group By Operator
                  aggregations: compute_stats(key, 'hll'), compute_stats(value, 'hll')
                  mode: hash
                  outputColumnNames: _col0, _col1
                  Statistics: Num rows: 1 Data size: 880 Basic stats: COMPLETE Column stats: NONE
                  File Output Operator
                    compressed: false
                    table:
                        input format: org.apache.hadoop.mapred.SequenceFileInputFormat
                        output format: org.apache.hadoop.hive.ql.io.HiveSequenceFileOutputFormat
                        serde: org.apache.hadoop.hive.serde2.lazybinary.LazyBinarySerDe

  Stage: Stage-9
    Conditional Operator

  Stage: Stage-6
    Move Operator
      files:
          hdfs directory: true
#### A masked pattern was here ####

  Stage: Stage-4
    Dependency Collection

  Stage: Stage-0
    Move Operator
      tables:
          replace: true
          table:
              input format: org.apache.hadoop.mapred.TextInputFormat
              output format: org.apache.hadoop.hive.ql.io.HiveIgnoreKeyTextOutputFormat
              serde: org.apache.hadoop.hive.serde2.lazy.LazySimpleSerDe
              name: default.src_multi1

  Stage: Stage-3
    Stats Work
      Basic Stats Work:
      Column Stats Desc:
          Columns: key, value
          Column Types: string, string
          Table: default.src_multi1

  Stage: Stage-1
    Move Operator
      tables:
          replace: true
          table:
              input format: org.apache.hadoop.mapred.TextInputFormat
              output format: org.apache.hadoop.hive.ql.io.HiveIgnoreKeyTextOutputFormat
              serde: org.apache.hadoop.hive.serde2.lazy.LazySimpleSerDe
              name: default.src_multi2

  Stage: Stage-11
    Stats Work
      Basic Stats Work:
      Column Stats Desc:
          Columns: key, value
          Column Types: string, string
          Table: default.src_multi2

  Stage: Stage-5
    Map Reduce
      Map Operator Tree:
          TableScan
            File Output Operator
              compressed: false
              table:
                  input format: org.apache.hadoop.mapred.TextInputFormat
                  output format: org.apache.hadoop.hive.ql.io.HiveIgnoreKeyTextOutputFormat
                  serde: org.apache.hadoop.hive.serde2.lazy.LazySimpleSerDe
                  name: default.src_multi1

  Stage: Stage-7
    Map Reduce
      Map Operator Tree:
          TableScan
            File Output Operator
              compressed: false
              table:
                  input format: org.apache.hadoop.mapred.TextInputFormat
                  output format: org.apache.hadoop.hive.ql.io.HiveIgnoreKeyTextOutputFormat
                  serde: org.apache.hadoop.hive.serde2.lazy.LazySimpleSerDe
                  name: default.src_multi1

  Stage: Stage-8
    Move Operator
      files:
          hdfs directory: true
#### A masked pattern was here ####

  Stage: Stage-10
    Map Reduce
      Map Operator Tree:
          TableScan
            Reduce Output Operator
              sort order: 
              Statistics: Num rows: 1 Data size: 880 Basic stats: COMPLETE Column stats: NONE
              value expressions: _col0 (type: struct<columntype:string,maxlength:bigint,sumlength:bigint,count:bigint,countnulls:bigint,bitvector:binary>), _col1 (type: struct<columntype:string,maxlength:bigint,sumlength:bigint,count:bigint,countnulls:bigint,bitvector:binary>)
      Execution mode: vectorized
      Reduce Operator Tree:
        Group By Operator
          aggregations: compute_stats(VALUE._col0), compute_stats(VALUE._col1)
          mode: mergepartial
          outputColumnNames: _col0, _col1
          Statistics: Num rows: 1 Data size: 880 Basic stats: COMPLETE Column stats: NONE
          File Output Operator
            compressed: false
            Statistics: Num rows: 1 Data size: 880 Basic stats: COMPLETE Column stats: NONE
            table:
                input format: org.apache.hadoop.mapred.SequenceFileInputFormat
                output format: org.apache.hadoop.hive.ql.io.HiveSequenceFileOutputFormat
                serde: org.apache.hadoop.hive.serde2.lazy.LazySimpleSerDe

  Stage: Stage-16
    Conditional Operator

  Stage: Stage-13
    Move Operator
      files:
          hdfs directory: true
#### A masked pattern was here ####

  Stage: Stage-12
    Map Reduce
      Map Operator Tree:
          TableScan
            File Output Operator
              compressed: false
              table:
                  input format: org.apache.hadoop.mapred.TextInputFormat
                  output format: org.apache.hadoop.hive.ql.io.HiveIgnoreKeyTextOutputFormat
                  serde: org.apache.hadoop.hive.serde2.lazy.LazySimpleSerDe
                  name: default.src_multi2

  Stage: Stage-14
    Map Reduce
      Map Operator Tree:
          TableScan
            File Output Operator
              compressed: false
              table:
                  input format: org.apache.hadoop.mapred.TextInputFormat
                  output format: org.apache.hadoop.hive.ql.io.HiveIgnoreKeyTextOutputFormat
                  serde: org.apache.hadoop.hive.serde2.lazy.LazySimpleSerDe
                  name: default.src_multi2

  Stage: Stage-15
    Move Operator
      files:
          hdfs directory: true
#### A masked pattern was here ####

  Stage: Stage-17
    Map Reduce
      Map Operator Tree:
          TableScan
            Reduce Output Operator
              sort order: 
              Statistics: Num rows: 1 Data size: 880 Basic stats: COMPLETE Column stats: NONE
              value expressions: _col0 (type: struct<columntype:string,maxlength:bigint,sumlength:bigint,count:bigint,countnulls:bigint,bitvector:binary>), _col1 (type: struct<columntype:string,maxlength:bigint,sumlength:bigint,count:bigint,countnulls:bigint,bitvector:binary>)
      Execution mode: vectorized
      Reduce Operator Tree:
        Group By Operator
          aggregations: compute_stats(VALUE._col0), compute_stats(VALUE._col1)
          mode: mergepartial
          outputColumnNames: _col0, _col1
          Statistics: Num rows: 1 Data size: 880 Basic stats: COMPLETE Column stats: NONE
          File Output Operator
            compressed: false
            Statistics: Num rows: 1 Data size: 880 Basic stats: COMPLETE Column stats: NONE
            table:
                input format: org.apache.hadoop.mapred.SequenceFileInputFormat
                output format: org.apache.hadoop.hive.ql.io.HiveSequenceFileOutputFormat
                serde: org.apache.hadoop.hive.serde2.lazy.LazySimpleSerDe

PREHOOK: query: from src
insert overwrite table src_multi1 select * where key < 10 group by key, value
insert overwrite table src_multi2 select * where key > 10 and key < 20 group by key, value
PREHOOK: type: QUERY
PREHOOK: Input: default@src
PREHOOK: Output: default@src_multi1
PREHOOK: Output: default@src_multi2
POSTHOOK: query: from src
insert overwrite table src_multi1 select * where key < 10 group by key, value
insert overwrite table src_multi2 select * where key > 10 and key < 20 group by key, value
POSTHOOK: type: QUERY
POSTHOOK: Input: default@src
POSTHOOK: Output: default@src_multi1
POSTHOOK: Output: default@src_multi2
POSTHOOK: Lineage: src_multi1.key SIMPLE [(src)src.FieldSchema(name:key, type:string, comment:default), ]
POSTHOOK: Lineage: src_multi1.value SIMPLE [(src)src.FieldSchema(name:value, type:string, comment:default), ]
POSTHOOK: Lineage: src_multi2.key SIMPLE [(src)src.FieldSchema(name:key, type:string, comment:default), ]
POSTHOOK: Lineage: src_multi2.value SIMPLE [(src)src.FieldSchema(name:value, type:string, comment:default), ]
PREHOOK: query: select * from src_multi1
PREHOOK: type: QUERY
PREHOOK: Input: default@src_multi1
#### A masked pattern was here ####
POSTHOOK: query: select * from src_multi1
POSTHOOK: type: QUERY
POSTHOOK: Input: default@src_multi1
#### A masked pattern was here ####
0	val_0
2	val_2
4	val_4
5	val_5
8	val_8
9	val_9
PREHOOK: query: select * from src_multi2
PREHOOK: type: QUERY
PREHOOK: Input: default@src_multi2
#### A masked pattern was here ####
POSTHOOK: query: select * from src_multi2
POSTHOOK: type: QUERY
POSTHOOK: Input: default@src_multi2
#### A masked pattern was here ####
11	val_11
12	val_12
15	val_15
17	val_17
18	val_18
19	val_19
PREHOOK: query: explain
from src
insert overwrite table src_multi1 select * where key < 10 group by key, value
insert overwrite table src_multi2 select * where key > 10 and key < 20 group by key, value
PREHOOK: type: QUERY
POSTHOOK: query: explain
from src
insert overwrite table src_multi1 select * where key < 10 group by key, value
insert overwrite table src_multi2 select * where key > 10 and key < 20 group by key, value
POSTHOOK: type: QUERY
STAGE DEPENDENCIES:
  Stage-2 is a root stage
  Stage-4 depends on stages: Stage-2
  Stage-0 depends on stages: Stage-4
  Stage-3 depends on stages: Stage-0, Stage-5, Stage-7
  Stage-1 depends on stages: Stage-4
  Stage-6 depends on stages: Stage-1, Stage-5, Stage-7
  Stage-5 depends on stages: Stage-2
  Stage-7 depends on stages: Stage-2

STAGE PLANS:
  Stage: Stage-2
    Map Reduce
      Map Operator Tree:
          TableScan
            alias: src
            Statistics: Num rows: 500 Data size: 5312 Basic stats: COMPLETE Column stats: NONE
            Filter Operator
              predicate: (((key > 10) and (key < 20)) or (key < 10)) (type: boolean)
              Statistics: Num rows: 221 Data size: 2347 Basic stats: COMPLETE Column stats: NONE
              Reduce Output Operator
                key expressions: key (type: string), value (type: string)
                sort order: ++
                Map-reduce partition columns: key (type: string), value (type: string)
                Statistics: Num rows: 221 Data size: 2347 Basic stats: COMPLETE Column stats: NONE
      Execution mode: vectorized
      Reduce Operator Tree:
        Forward
          Statistics: Num rows: 221 Data size: 2347 Basic stats: COMPLETE Column stats: NONE
          Filter Operator
            predicate: (KEY._col0 < 10) (type: boolean)
            Statistics: Num rows: 73 Data size: 775 Basic stats: COMPLETE Column stats: NONE
            Group By Operator
              keys: KEY._col0 (type: string), KEY._col1 (type: string)
              mode: complete
              outputColumnNames: _col0, _col1
              Statistics: Num rows: 36 Data size: 382 Basic stats: COMPLETE Column stats: NONE
              File Output Operator
                compressed: false
                Statistics: Num rows: 36 Data size: 382 Basic stats: COMPLETE Column stats: NONE
                table:
                    input format: org.apache.hadoop.mapred.TextInputFormat
                    output format: org.apache.hadoop.hive.ql.io.HiveIgnoreKeyTextOutputFormat
                    serde: org.apache.hadoop.hive.serde2.lazy.LazySimpleSerDe
                    name: default.src_multi1
              Select Operator
                expressions: _col0 (type: string), _col1 (type: string)
                outputColumnNames: key, value
                Statistics: Num rows: 36 Data size: 382 Basic stats: COMPLETE Column stats: NONE
                Group By Operator
                  aggregations: compute_stats(key, 'hll'), compute_stats(value, 'hll')
                  mode: hash
                  outputColumnNames: _col0, _col1
                  Statistics: Num rows: 1 Data size: 880 Basic stats: COMPLETE Column stats: NONE
                  File Output Operator
                    compressed: false
                    table:
                        input format: org.apache.hadoop.mapred.SequenceFileInputFormat
                        output format: org.apache.hadoop.hive.ql.io.HiveSequenceFileOutputFormat
                        serde: org.apache.hadoop.hive.serde2.lazybinary.LazyBinarySerDe
          Filter Operator
            predicate: ((KEY._col0 < 20) and (KEY._col0 > 10)) (type: boolean)
            Statistics: Num rows: 24 Data size: 254 Basic stats: COMPLETE Column stats: NONE
            Group By Operator
              keys: KEY._col0 (type: string), KEY._col1 (type: string)
              mode: complete
              outputColumnNames: _col0, _col1
              Statistics: Num rows: 12 Data size: 127 Basic stats: COMPLETE Column stats: NONE
              File Output Operator
                compressed: false
                Statistics: Num rows: 12 Data size: 127 Basic stats: COMPLETE Column stats: NONE
                table:
                    input format: org.apache.hadoop.mapred.TextInputFormat
                    output format: org.apache.hadoop.hive.ql.io.HiveIgnoreKeyTextOutputFormat
                    serde: org.apache.hadoop.hive.serde2.lazy.LazySimpleSerDe
                    name: default.src_multi2
              Select Operator
                expressions: _col0 (type: string), _col1 (type: string)
                outputColumnNames: key, value
                Statistics: Num rows: 12 Data size: 127 Basic stats: COMPLETE Column stats: NONE
                Group By Operator
                  aggregations: compute_stats(key, 'hll'), compute_stats(value, 'hll')
                  mode: hash
                  outputColumnNames: _col0, _col1
                  Statistics: Num rows: 1 Data size: 880 Basic stats: COMPLETE Column stats: NONE
                  File Output Operator
                    compressed: false
                    table:
                        input format: org.apache.hadoop.mapred.SequenceFileInputFormat
                        output format: org.apache.hadoop.hive.ql.io.HiveSequenceFileOutputFormat
                        serde: org.apache.hadoop.hive.serde2.lazybinary.LazyBinarySerDe

  Stage: Stage-4
    Dependency Collection

  Stage: Stage-0
    Move Operator
      tables:
          replace: true
          table:
              input format: org.apache.hadoop.mapred.TextInputFormat
              output format: org.apache.hadoop.hive.ql.io.HiveIgnoreKeyTextOutputFormat
              serde: org.apache.hadoop.hive.serde2.lazy.LazySimpleSerDe
              name: default.src_multi1

  Stage: Stage-3
    Stats Work
      Basic Stats Work:
      Column Stats Desc:
          Columns: key, value
          Column Types: string, string
          Table: default.src_multi1

  Stage: Stage-1
    Move Operator
      tables:
          replace: true
          table:
              input format: org.apache.hadoop.mapred.TextInputFormat
              output format: org.apache.hadoop.hive.ql.io.HiveIgnoreKeyTextOutputFormat
              serde: org.apache.hadoop.hive.serde2.lazy.LazySimpleSerDe
              name: default.src_multi2

  Stage: Stage-6
    Stats Work
      Basic Stats Work:
      Column Stats Desc:
          Columns: key, value
          Column Types: string, string
          Table: default.src_multi2

  Stage: Stage-5
    Map Reduce
      Map Operator Tree:
          TableScan
            Reduce Output Operator
              sort order: 
              Statistics: Num rows: 1 Data size: 880 Basic stats: COMPLETE Column stats: NONE
              value expressions: _col0 (type: struct<columntype:string,maxlength:bigint,sumlength:bigint,count:bigint,countnulls:bigint,bitvector:binary>), _col1 (type: struct<columntype:string,maxlength:bigint,sumlength:bigint,count:bigint,countnulls:bigint,bitvector:binary>)
      Execution mode: vectorized
      Reduce Operator Tree:
        Group By Operator
          aggregations: compute_stats(VALUE._col0), compute_stats(VALUE._col1)
          mode: mergepartial
          outputColumnNames: _col0, _col1
          Statistics: Num rows: 1 Data size: 880 Basic stats: COMPLETE Column stats: NONE
          File Output Operator
            compressed: false
            Statistics: Num rows: 1 Data size: 880 Basic stats: COMPLETE Column stats: NONE
            table:
                input format: org.apache.hadoop.mapred.SequenceFileInputFormat
                output format: org.apache.hadoop.hive.ql.io.HiveSequenceFileOutputFormat
                serde: org.apache.hadoop.hive.serde2.lazy.LazySimpleSerDe

  Stage: Stage-7
    Map Reduce
      Map Operator Tree:
          TableScan
            Reduce Output Operator
              sort order: 
              Statistics: Num rows: 1 Data size: 880 Basic stats: COMPLETE Column stats: NONE
              value expressions: _col0 (type: struct<columntype:string,maxlength:bigint,sumlength:bigint,count:bigint,countnulls:bigint,bitvector:binary>), _col1 (type: struct<columntype:string,maxlength:bigint,sumlength:bigint,count:bigint,countnulls:bigint,bitvector:binary>)
      Execution mode: vectorized
      Reduce Operator Tree:
        Group By Operator
          aggregations: compute_stats(VALUE._col0), compute_stats(VALUE._col1)
          mode: mergepartial
          outputColumnNames: _col0, _col1
          Statistics: Num rows: 1 Data size: 880 Basic stats: COMPLETE Column stats: NONE
          File Output Operator
            compressed: false
            Statistics: Num rows: 1 Data size: 880 Basic stats: COMPLETE Column stats: NONE
            table:
                input format: org.apache.hadoop.mapred.SequenceFileInputFormat
                output format: org.apache.hadoop.hive.ql.io.HiveSequenceFileOutputFormat
                serde: org.apache.hadoop.hive.serde2.lazy.LazySimpleSerDe

PREHOOK: query: from src
insert overwrite table src_multi1 select * where key < 10 group by key, value
insert overwrite table src_multi2 select * where key > 10 and key < 20 group by key, value
PREHOOK: type: QUERY
PREHOOK: Input: default@src
PREHOOK: Output: default@src_multi1
PREHOOK: Output: default@src_multi2
POSTHOOK: query: from src
insert overwrite table src_multi1 select * where key < 10 group by key, value
insert overwrite table src_multi2 select * where key > 10 and key < 20 group by key, value
POSTHOOK: type: QUERY
POSTHOOK: Input: default@src
POSTHOOK: Output: default@src_multi1
POSTHOOK: Output: default@src_multi2
POSTHOOK: Lineage: src_multi1.key SIMPLE [(src)src.FieldSchema(name:key, type:string, comment:default), ]
POSTHOOK: Lineage: src_multi1.value SIMPLE [(src)src.FieldSchema(name:value, type:string, comment:default), ]
POSTHOOK: Lineage: src_multi2.key SIMPLE [(src)src.FieldSchema(name:key, type:string, comment:default), ]
POSTHOOK: Lineage: src_multi2.value SIMPLE [(src)src.FieldSchema(name:value, type:string, comment:default), ]
PREHOOK: query: select * from src_multi1
PREHOOK: type: QUERY
PREHOOK: Input: default@src_multi1
#### A masked pattern was here ####
POSTHOOK: query: select * from src_multi1
POSTHOOK: type: QUERY
POSTHOOK: Input: default@src_multi1
#### A masked pattern was here ####
0	val_0
2	val_2
4	val_4
5	val_5
8	val_8
9	val_9
PREHOOK: query: select * from src_multi2
PREHOOK: type: QUERY
PREHOOK: Input: default@src_multi2
#### A masked pattern was here ####
POSTHOOK: query: select * from src_multi2
POSTHOOK: type: QUERY
POSTHOOK: Input: default@src_multi2
#### A masked pattern was here ####
11	val_11
12	val_12
15	val_15
17	val_17
18	val_18
19	val_19
PREHOOK: query: explain
from src
insert overwrite table src_multi1 select * where key < 10 group by key, value
insert overwrite table src_multi2 select * where key > 10 and key < 20 group by key, value
PREHOOK: type: QUERY
POSTHOOK: query: explain
from src
insert overwrite table src_multi1 select * where key < 10 group by key, value
insert overwrite table src_multi2 select * where key > 10 and key < 20 group by key, value
POSTHOOK: type: QUERY
STAGE DEPENDENCIES:
  Stage-2 is a root stage
  Stage-9 depends on stages: Stage-2 , consists of Stage-6, Stage-5, Stage-7
  Stage-6
  Stage-4 depends on stages: Stage-6, Stage-5, Stage-8, Stage-13, Stage-12, Stage-15
  Stage-0 depends on stages: Stage-4
  Stage-3 depends on stages: Stage-0, Stage-10, Stage-17
  Stage-1 depends on stages: Stage-4
  Stage-11 depends on stages: Stage-1, Stage-10, Stage-17
  Stage-5
  Stage-7
  Stage-8 depends on stages: Stage-7
  Stage-10 depends on stages: Stage-2
  Stage-16 depends on stages: Stage-2 , consists of Stage-13, Stage-12, Stage-14
  Stage-13
  Stage-12
  Stage-14
  Stage-15 depends on stages: Stage-14
  Stage-17 depends on stages: Stage-2

STAGE PLANS:
  Stage: Stage-2
    Map Reduce
      Map Operator Tree:
          TableScan
            alias: src
            Statistics: Num rows: 500 Data size: 5312 Basic stats: COMPLETE Column stats: NONE
            Filter Operator
              predicate: (((key > 10) and (key < 20)) or (key < 10)) (type: boolean)
              Statistics: Num rows: 221 Data size: 2347 Basic stats: COMPLETE Column stats: NONE
              Reduce Output Operator
                key expressions: key (type: string), value (type: string)
                sort order: ++
                Map-reduce partition columns: key (type: string), value (type: string)
                Statistics: Num rows: 221 Data size: 2347 Basic stats: COMPLETE Column stats: NONE
      Execution mode: vectorized
      Reduce Operator Tree:
        Forward
          Statistics: Num rows: 221 Data size: 2347 Basic stats: COMPLETE Column stats: NONE
          Filter Operator
            predicate: (KEY._col0 < 10) (type: boolean)
            Statistics: Num rows: 73 Data size: 775 Basic stats: COMPLETE Column stats: NONE
            Group By Operator
              keys: KEY._col0 (type: string), KEY._col1 (type: string)
              mode: complete
              outputColumnNames: _col0, _col1
              Statistics: Num rows: 36 Data size: 382 Basic stats: COMPLETE Column stats: NONE
              File Output Operator
                compressed: false
                Statistics: Num rows: 36 Data size: 382 Basic stats: COMPLETE Column stats: NONE
                table:
                    input format: org.apache.hadoop.mapred.TextInputFormat
                    output format: org.apache.hadoop.hive.ql.io.HiveIgnoreKeyTextOutputFormat
                    serde: org.apache.hadoop.hive.serde2.lazy.LazySimpleSerDe
                    name: default.src_multi1
              Select Operator
                expressions: _col0 (type: string), _col1 (type: string)
                outputColumnNames: key, value
                Statistics: Num rows: 36 Data size: 382 Basic stats: COMPLETE Column stats: NONE
                Group By Operator
                  aggregations: compute_stats(key, 'hll'), compute_stats(value, 'hll')
                  mode: hash
                  outputColumnNames: _col0, _col1
                  Statistics: Num rows: 1 Data size: 880 Basic stats: COMPLETE Column stats: NONE
                  File Output Operator
                    compressed: false
                    table:
                        input format: org.apache.hadoop.mapred.SequenceFileInputFormat
                        output format: org.apache.hadoop.hive.ql.io.HiveSequenceFileOutputFormat
                        serde: org.apache.hadoop.hive.serde2.lazybinary.LazyBinarySerDe
          Filter Operator
            predicate: ((KEY._col0 < 20) and (KEY._col0 > 10)) (type: boolean)
            Statistics: Num rows: 24 Data size: 254 Basic stats: COMPLETE Column stats: NONE
            Group By Operator
              keys: KEY._col0 (type: string), KEY._col1 (type: string)
              mode: complete
              outputColumnNames: _col0, _col1
              Statistics: Num rows: 12 Data size: 127 Basic stats: COMPLETE Column stats: NONE
              File Output Operator
                compressed: false
                Statistics: Num rows: 12 Data size: 127 Basic stats: COMPLETE Column stats: NONE
                table:
                    input format: org.apache.hadoop.mapred.TextInputFormat
                    output format: org.apache.hadoop.hive.ql.io.HiveIgnoreKeyTextOutputFormat
                    serde: org.apache.hadoop.hive.serde2.lazy.LazySimpleSerDe
                    name: default.src_multi2
              Select Operator
                expressions: _col0 (type: string), _col1 (type: string)
                outputColumnNames: key, value
                Statistics: Num rows: 12 Data size: 127 Basic stats: COMPLETE Column stats: NONE
                Group By Operator
                  aggregations: compute_stats(key, 'hll'), compute_stats(value, 'hll')
                  mode: hash
                  outputColumnNames: _col0, _col1
                  Statistics: Num rows: 1 Data size: 880 Basic stats: COMPLETE Column stats: NONE
                  File Output Operator
                    compressed: false
                    table:
                        input format: org.apache.hadoop.mapred.SequenceFileInputFormat
                        output format: org.apache.hadoop.hive.ql.io.HiveSequenceFileOutputFormat
                        serde: org.apache.hadoop.hive.serde2.lazybinary.LazyBinarySerDe

  Stage: Stage-9
    Conditional Operator

  Stage: Stage-6
    Move Operator
      files:
          hdfs directory: true
#### A masked pattern was here ####

  Stage: Stage-4
    Dependency Collection

  Stage: Stage-0
    Move Operator
      tables:
          replace: true
          table:
              input format: org.apache.hadoop.mapred.TextInputFormat
              output format: org.apache.hadoop.hive.ql.io.HiveIgnoreKeyTextOutputFormat
              serde: org.apache.hadoop.hive.serde2.lazy.LazySimpleSerDe
              name: default.src_multi1

  Stage: Stage-3
    Stats Work
      Basic Stats Work:
      Column Stats Desc:
          Columns: key, value
          Column Types: string, string
          Table: default.src_multi1

  Stage: Stage-1
    Move Operator
      tables:
          replace: true
          table:
              input format: org.apache.hadoop.mapred.TextInputFormat
              output format: org.apache.hadoop.hive.ql.io.HiveIgnoreKeyTextOutputFormat
              serde: org.apache.hadoop.hive.serde2.lazy.LazySimpleSerDe
              name: default.src_multi2

  Stage: Stage-11
    Stats Work
      Basic Stats Work:
      Column Stats Desc:
          Columns: key, value
          Column Types: string, string
          Table: default.src_multi2

  Stage: Stage-5
    Map Reduce
      Map Operator Tree:
          TableScan
            File Output Operator
              compressed: false
              table:
                  input format: org.apache.hadoop.mapred.TextInputFormat
                  output format: org.apache.hadoop.hive.ql.io.HiveIgnoreKeyTextOutputFormat
                  serde: org.apache.hadoop.hive.serde2.lazy.LazySimpleSerDe
                  name: default.src_multi1

  Stage: Stage-7
    Map Reduce
      Map Operator Tree:
          TableScan
            File Output Operator
              compressed: false
              table:
                  input format: org.apache.hadoop.mapred.TextInputFormat
                  output format: org.apache.hadoop.hive.ql.io.HiveIgnoreKeyTextOutputFormat
                  serde: org.apache.hadoop.hive.serde2.lazy.LazySimpleSerDe
                  name: default.src_multi1

  Stage: Stage-8
    Move Operator
      files:
          hdfs directory: true
#### A masked pattern was here ####

  Stage: Stage-10
    Map Reduce
      Map Operator Tree:
          TableScan
            Reduce Output Operator
              sort order: 
              Statistics: Num rows: 1 Data size: 880 Basic stats: COMPLETE Column stats: NONE
              value expressions: _col0 (type: struct<columntype:string,maxlength:bigint,sumlength:bigint,count:bigint,countnulls:bigint,bitvector:binary>), _col1 (type: struct<columntype:string,maxlength:bigint,sumlength:bigint,count:bigint,countnulls:bigint,bitvector:binary>)
      Execution mode: vectorized
      Reduce Operator Tree:
        Group By Operator
          aggregations: compute_stats(VALUE._col0), compute_stats(VALUE._col1)
          mode: mergepartial
          outputColumnNames: _col0, _col1
          Statistics: Num rows: 1 Data size: 880 Basic stats: COMPLETE Column stats: NONE
          File Output Operator
            compressed: false
            Statistics: Num rows: 1 Data size: 880 Basic stats: COMPLETE Column stats: NONE
            table:
                input format: org.apache.hadoop.mapred.SequenceFileInputFormat
                output format: org.apache.hadoop.hive.ql.io.HiveSequenceFileOutputFormat
                serde: org.apache.hadoop.hive.serde2.lazy.LazySimpleSerDe

  Stage: Stage-16
    Conditional Operator

  Stage: Stage-13
    Move Operator
      files:
          hdfs directory: true
#### A masked pattern was here ####

  Stage: Stage-12
    Map Reduce
      Map Operator Tree:
          TableScan
            File Output Operator
              compressed: false
              table:
                  input format: org.apache.hadoop.mapred.TextInputFormat
                  output format: org.apache.hadoop.hive.ql.io.HiveIgnoreKeyTextOutputFormat
                  serde: org.apache.hadoop.hive.serde2.lazy.LazySimpleSerDe
                  name: default.src_multi2

  Stage: Stage-14
    Map Reduce
      Map Operator Tree:
          TableScan
            File Output Operator
              compressed: false
              table:
                  input format: org.apache.hadoop.mapred.TextInputFormat
                  output format: org.apache.hadoop.hive.ql.io.HiveIgnoreKeyTextOutputFormat
                  serde: org.apache.hadoop.hive.serde2.lazy.LazySimpleSerDe
                  name: default.src_multi2

  Stage: Stage-15
    Move Operator
      files:
          hdfs directory: true
#### A masked pattern was here ####

  Stage: Stage-17
    Map Reduce
      Map Operator Tree:
          TableScan
            Reduce Output Operator
              sort order: 
              Statistics: Num rows: 1 Data size: 880 Basic stats: COMPLETE Column stats: NONE
              value expressions: _col0 (type: struct<columntype:string,maxlength:bigint,sumlength:bigint,count:bigint,countnulls:bigint,bitvector:binary>), _col1 (type: struct<columntype:string,maxlength:bigint,sumlength:bigint,count:bigint,countnulls:bigint,bitvector:binary>)
      Execution mode: vectorized
      Reduce Operator Tree:
        Group By Operator
          aggregations: compute_stats(VALUE._col0), compute_stats(VALUE._col1)
          mode: mergepartial
          outputColumnNames: _col0, _col1
          Statistics: Num rows: 1 Data size: 880 Basic stats: COMPLETE Column stats: NONE
          File Output Operator
            compressed: false
            Statistics: Num rows: 1 Data size: 880 Basic stats: COMPLETE Column stats: NONE
            table:
                input format: org.apache.hadoop.mapred.SequenceFileInputFormat
                output format: org.apache.hadoop.hive.ql.io.HiveSequenceFileOutputFormat
                serde: org.apache.hadoop.hive.serde2.lazy.LazySimpleSerDe

PREHOOK: query: from src
insert overwrite table src_multi1 select * where key < 10 group by key, value
insert overwrite table src_multi2 select * where key > 10 and key < 20 group by key, value
PREHOOK: type: QUERY
PREHOOK: Input: default@src
PREHOOK: Output: default@src_multi1
PREHOOK: Output: default@src_multi2
POSTHOOK: query: from src
insert overwrite table src_multi1 select * where key < 10 group by key, value
insert overwrite table src_multi2 select * where key > 10 and key < 20 group by key, value
POSTHOOK: type: QUERY
POSTHOOK: Input: default@src
POSTHOOK: Output: default@src_multi1
POSTHOOK: Output: default@src_multi2
POSTHOOK: Lineage: src_multi1.key SIMPLE [(src)src.FieldSchema(name:key, type:string, comment:default), ]
POSTHOOK: Lineage: src_multi1.value SIMPLE [(src)src.FieldSchema(name:value, type:string, comment:default), ]
POSTHOOK: Lineage: src_multi2.key SIMPLE [(src)src.FieldSchema(name:key, type:string, comment:default), ]
POSTHOOK: Lineage: src_multi2.value SIMPLE [(src)src.FieldSchema(name:value, type:string, comment:default), ]
PREHOOK: query: select * from src_multi1
PREHOOK: type: QUERY
PREHOOK: Input: default@src_multi1
#### A masked pattern was here ####
POSTHOOK: query: select * from src_multi1
POSTHOOK: type: QUERY
POSTHOOK: Input: default@src_multi1
#### A masked pattern was here ####
0	val_0
2	val_2
4	val_4
5	val_5
8	val_8
9	val_9
PREHOOK: query: select * from src_multi2
PREHOOK: type: QUERY
PREHOOK: Input: default@src_multi2
#### A masked pattern was here ####
POSTHOOK: query: select * from src_multi2
POSTHOOK: type: QUERY
POSTHOOK: Input: default@src_multi2
#### A masked pattern was here ####
11	val_11
12	val_12
15	val_15
17	val_17
18	val_18
19	val_19
PREHOOK: query: explain
from (select * from src  union all select * from src) s
insert overwrite table src_multi1 select * where key < 10
insert overwrite table src_multi2 select * where key > 10 and key < 20
PREHOOK: type: QUERY
POSTHOOK: query: explain
from (select * from src  union all select * from src) s
insert overwrite table src_multi1 select * where key < 10
insert overwrite table src_multi2 select * where key > 10 and key < 20
POSTHOOK: type: QUERY
STAGE DEPENDENCIES:
  Stage-2 is a root stage
  Stage-4 depends on stages: Stage-2
  Stage-0 depends on stages: Stage-4
  Stage-3 depends on stages: Stage-0, Stage-6
  Stage-1 depends on stages: Stage-4
  Stage-5 depends on stages: Stage-1, Stage-6
  Stage-6 depends on stages: Stage-2

STAGE PLANS:
  Stage: Stage-2
    Map Reduce
      Map Operator Tree:
          TableScan
            alias: src
            Statistics: Num rows: 500 Data size: 5312 Basic stats: COMPLETE Column stats: NONE
            Select Operator
              expressions: key (type: string), value (type: string)
              outputColumnNames: _col0, _col1
              Statistics: Num rows: 500 Data size: 5312 Basic stats: COMPLETE Column stats: NONE
              Union
                Statistics: Num rows: 1000 Data size: 10624 Basic stats: COMPLETE Column stats: NONE
                Filter Operator
                  predicate: (_col0 < 10) (type: boolean)
                  Statistics: Num rows: 333 Data size: 3537 Basic stats: COMPLETE Column stats: NONE
                  File Output Operator
                    compressed: false
                    Statistics: Num rows: 333 Data size: 3537 Basic stats: COMPLETE Column stats: NONE
                    table:
                        input format: org.apache.hadoop.mapred.TextInputFormat
                        output format: org.apache.hadoop.hive.ql.io.HiveIgnoreKeyTextOutputFormat
                        serde: org.apache.hadoop.hive.serde2.lazy.LazySimpleSerDe
                        name: default.src_multi1
                  Select Operator
                    expressions: _col0 (type: string), _col1 (type: string)
                    outputColumnNames: key, value
                    Statistics: Num rows: 333 Data size: 3537 Basic stats: COMPLETE Column stats: NONE
                    Group By Operator
                      aggregations: compute_stats(key, 'hll'), compute_stats(value, 'hll')
                      mode: hash
                      outputColumnNames: _col0, _col1
                      Statistics: Num rows: 1 Data size: 880 Basic stats: COMPLETE Column stats: NONE
                      Reduce Output Operator
                        sort order: 
                        Statistics: Num rows: 1 Data size: 880 Basic stats: COMPLETE Column stats: NONE
                        value expressions: _col0 (type: struct<columntype:string,maxlength:bigint,sumlength:bigint,count:bigint,countnulls:bigint,bitvector:binary>), _col1 (type: struct<columntype:string,maxlength:bigint,sumlength:bigint,count:bigint,countnulls:bigint,bitvector:binary>)
                Filter Operator
                  predicate: ((_col0 < 20) and (_col0 > 10)) (type: boolean)
                  Statistics: Num rows: 111 Data size: 1179 Basic stats: COMPLETE Column stats: NONE
                  File Output Operator
                    compressed: false
                    Statistics: Num rows: 111 Data size: 1179 Basic stats: COMPLETE Column stats: NONE
                    table:
                        input format: org.apache.hadoop.mapred.TextInputFormat
                        output format: org.apache.hadoop.hive.ql.io.HiveIgnoreKeyTextOutputFormat
                        serde: org.apache.hadoop.hive.serde2.lazy.LazySimpleSerDe
                        name: default.src_multi2
                  Select Operator
                    expressions: _col0 (type: string), _col1 (type: string)
                    outputColumnNames: key, value
                    Statistics: Num rows: 111 Data size: 1179 Basic stats: COMPLETE Column stats: NONE
                    Group By Operator
                      aggregations: compute_stats(key, 'hll'), compute_stats(value, 'hll')
                      mode: hash
                      outputColumnNames: _col0, _col1
                      Statistics: Num rows: 1 Data size: 880 Basic stats: COMPLETE Column stats: NONE
                      File Output Operator
                        compressed: false
                        table:
                            input format: org.apache.hadoop.mapred.SequenceFileInputFormat
                            output format: org.apache.hadoop.hive.ql.io.HiveSequenceFileOutputFormat
                            serde: org.apache.hadoop.hive.serde2.lazybinary.LazyBinarySerDe
          TableScan
            alias: src
            Statistics: Num rows: 500 Data size: 5312 Basic stats: COMPLETE Column stats: NONE
            Select Operator
              expressions: key (type: string), value (type: string)
              outputColumnNames: _col0, _col1
              Statistics: Num rows: 500 Data size: 5312 Basic stats: COMPLETE Column stats: NONE
              Union
                Statistics: Num rows: 1000 Data size: 10624 Basic stats: COMPLETE Column stats: NONE
                Filter Operator
                  predicate: (_col0 < 10) (type: boolean)
                  Statistics: Num rows: 333 Data size: 3537 Basic stats: COMPLETE Column stats: NONE
                  File Output Operator
                    compressed: false
                    Statistics: Num rows: 333 Data size: 3537 Basic stats: COMPLETE Column stats: NONE
                    table:
                        input format: org.apache.hadoop.mapred.TextInputFormat
                        output format: org.apache.hadoop.hive.ql.io.HiveIgnoreKeyTextOutputFormat
                        serde: org.apache.hadoop.hive.serde2.lazy.LazySimpleSerDe
                        name: default.src_multi1
                  Select Operator
                    expressions: _col0 (type: string), _col1 (type: string)
                    outputColumnNames: key, value
                    Statistics: Num rows: 333 Data size: 3537 Basic stats: COMPLETE Column stats: NONE
                    Group By Operator
                      aggregations: compute_stats(key, 'hll'), compute_stats(value, 'hll')
                      mode: hash
                      outputColumnNames: _col0, _col1
                      Statistics: Num rows: 1 Data size: 880 Basic stats: COMPLETE Column stats: NONE
                      Reduce Output Operator
                        sort order: 
                        Statistics: Num rows: 1 Data size: 880 Basic stats: COMPLETE Column stats: NONE
                        value expressions: _col0 (type: struct<columntype:string,maxlength:bigint,sumlength:bigint,count:bigint,countnulls:bigint,bitvector:binary>), _col1 (type: struct<columntype:string,maxlength:bigint,sumlength:bigint,count:bigint,countnulls:bigint,bitvector:binary>)
                Filter Operator
                  predicate: ((_col0 < 20) and (_col0 > 10)) (type: boolean)
                  Statistics: Num rows: 111 Data size: 1179 Basic stats: COMPLETE Column stats: NONE
                  File Output Operator
                    compressed: false
                    Statistics: Num rows: 111 Data size: 1179 Basic stats: COMPLETE Column stats: NONE
                    table:
                        input format: org.apache.hadoop.mapred.TextInputFormat
                        output format: org.apache.hadoop.hive.ql.io.HiveIgnoreKeyTextOutputFormat
                        serde: org.apache.hadoop.hive.serde2.lazy.LazySimpleSerDe
                        name: default.src_multi2
                  Select Operator
                    expressions: _col0 (type: string), _col1 (type: string)
                    outputColumnNames: key, value
                    Statistics: Num rows: 111 Data size: 1179 Basic stats: COMPLETE Column stats: NONE
                    Group By Operator
                      aggregations: compute_stats(key, 'hll'), compute_stats(value, 'hll')
                      mode: hash
                      outputColumnNames: _col0, _col1
                      Statistics: Num rows: 1 Data size: 880 Basic stats: COMPLETE Column stats: NONE
                      File Output Operator
                        compressed: false
                        table:
                            input format: org.apache.hadoop.mapred.SequenceFileInputFormat
                            output format: org.apache.hadoop.hive.ql.io.HiveSequenceFileOutputFormat
                            serde: org.apache.hadoop.hive.serde2.lazybinary.LazyBinarySerDe
      Reduce Operator Tree:
        Group By Operator
          aggregations: compute_stats(VALUE._col0), compute_stats(VALUE._col1)
          mode: mergepartial
          outputColumnNames: _col0, _col1
          Statistics: Num rows: 1 Data size: 880 Basic stats: COMPLETE Column stats: NONE
          File Output Operator
            compressed: false
            Statistics: Num rows: 1 Data size: 880 Basic stats: COMPLETE Column stats: NONE
            table:
                input format: org.apache.hadoop.mapred.SequenceFileInputFormat
                output format: org.apache.hadoop.hive.ql.io.HiveSequenceFileOutputFormat
                serde: org.apache.hadoop.hive.serde2.lazy.LazySimpleSerDe

  Stage: Stage-4
    Dependency Collection

  Stage: Stage-0
    Move Operator
      tables:
          replace: true
          table:
              input format: org.apache.hadoop.mapred.TextInputFormat
              output format: org.apache.hadoop.hive.ql.io.HiveIgnoreKeyTextOutputFormat
              serde: org.apache.hadoop.hive.serde2.lazy.LazySimpleSerDe
              name: default.src_multi1

  Stage: Stage-3
    Stats Work
      Basic Stats Work:
      Column Stats Desc:
          Columns: key, value
          Column Types: string, string
          Table: default.src_multi1

  Stage: Stage-1
    Move Operator
      tables:
          replace: true
          table:
              input format: org.apache.hadoop.mapred.TextInputFormat
              output format: org.apache.hadoop.hive.ql.io.HiveIgnoreKeyTextOutputFormat
              serde: org.apache.hadoop.hive.serde2.lazy.LazySimpleSerDe
              name: default.src_multi2

  Stage: Stage-5
    Stats Work
      Basic Stats Work:
      Column Stats Desc:
          Columns: key, value
          Column Types: string, string
          Table: default.src_multi2

  Stage: Stage-6
    Map Reduce
      Map Operator Tree:
          TableScan
            Reduce Output Operator
              sort order: 
              Statistics: Num rows: 1 Data size: 880 Basic stats: COMPLETE Column stats: NONE
              value expressions: _col0 (type: struct<columntype:string,maxlength:bigint,sumlength:bigint,count:bigint,countnulls:bigint,bitvector:binary>), _col1 (type: struct<columntype:string,maxlength:bigint,sumlength:bigint,count:bigint,countnulls:bigint,bitvector:binary>)
      Execution mode: vectorized
      Reduce Operator Tree:
        Group By Operator
          aggregations: compute_stats(VALUE._col0), compute_stats(VALUE._col1)
          mode: mergepartial
          outputColumnNames: _col0, _col1
          Statistics: Num rows: 1 Data size: 880 Basic stats: COMPLETE Column stats: NONE
          File Output Operator
            compressed: false
            Statistics: Num rows: 1 Data size: 880 Basic stats: COMPLETE Column stats: NONE
            table:
                input format: org.apache.hadoop.mapred.SequenceFileInputFormat
                output format: org.apache.hadoop.hive.ql.io.HiveSequenceFileOutputFormat
                serde: org.apache.hadoop.hive.serde2.lazy.LazySimpleSerDe

PREHOOK: query: from (select * from src  union all select * from src) s
insert overwrite table src_multi1 select * where key < 10
insert overwrite table src_multi2 select * where key > 10 and key < 20
PREHOOK: type: QUERY
PREHOOK: Input: default@src
PREHOOK: Output: default@src_multi1
PREHOOK: Output: default@src_multi2
POSTHOOK: query: from (select * from src  union all select * from src) s
insert overwrite table src_multi1 select * where key < 10
insert overwrite table src_multi2 select * where key > 10 and key < 20
POSTHOOK: type: QUERY
POSTHOOK: Input: default@src
POSTHOOK: Output: default@src_multi1
POSTHOOK: Output: default@src_multi2
POSTHOOK: Lineage: src_multi1.key EXPRESSION [(src)src.FieldSchema(name:key, type:string, comment:default), ]
POSTHOOK: Lineage: src_multi1.value EXPRESSION [(src)src.FieldSchema(name:value, type:string, comment:default), ]
POSTHOOK: Lineage: src_multi2.key EXPRESSION [(src)src.FieldSchema(name:key, type:string, comment:default), ]
POSTHOOK: Lineage: src_multi2.value EXPRESSION [(src)src.FieldSchema(name:value, type:string, comment:default), ]
PREHOOK: query: select * from src_multi1
PREHOOK: type: QUERY
PREHOOK: Input: default@src_multi1
#### A masked pattern was here ####
POSTHOOK: query: select * from src_multi1
POSTHOOK: type: QUERY
POSTHOOK: Input: default@src_multi1
#### A masked pattern was here ####
0	val_0
0	val_0
0	val_0
0	val_0
0	val_0
0	val_0
2	val_2
2	val_2
4	val_4
4	val_4
5	val_5
5	val_5
5	val_5
5	val_5
5	val_5
5	val_5
8	val_8
8	val_8
9	val_9
9	val_9
PREHOOK: query: select * from src_multi2
PREHOOK: type: QUERY
PREHOOK: Input: default@src_multi2
#### A masked pattern was here ####
POSTHOOK: query: select * from src_multi2
POSTHOOK: type: QUERY
POSTHOOK: Input: default@src_multi2
#### A masked pattern was here ####
11	val_11
11	val_11
12	val_12
12	val_12
12	val_12
12	val_12
15	val_15
15	val_15
15	val_15
15	val_15
17	val_17
17	val_17
18	val_18
18	val_18
18	val_18
18	val_18
19	val_19
19	val_19
PREHOOK: query: explain
from (select * from src  union all select * from src) s
insert overwrite table src_multi1 select * where key < 10
insert overwrite table src_multi2 select * where key > 10 and key < 20
PREHOOK: type: QUERY
POSTHOOK: query: explain
from (select * from src  union all select * from src) s
insert overwrite table src_multi1 select * where key < 10
insert overwrite table src_multi2 select * where key > 10 and key < 20
POSTHOOK: type: QUERY
STAGE DEPENDENCIES:
  Stage-2 is a root stage
  Stage-9 depends on stages: Stage-2 , consists of Stage-6, Stage-5, Stage-7
  Stage-6
  Stage-4 depends on stages: Stage-6, Stage-5, Stage-8, Stage-2
  Stage-0 depends on stages: Stage-4
  Stage-3 depends on stages: Stage-0, Stage-11
  Stage-1 depends on stages: Stage-4
  Stage-10 depends on stages: Stage-1, Stage-11
  Stage-5
  Stage-7
  Stage-8 depends on stages: Stage-7
  Stage-11 depends on stages: Stage-2

STAGE PLANS:
  Stage: Stage-2
    Map Reduce
      Map Operator Tree:
          TableScan
            alias: src
            Statistics: Num rows: 500 Data size: 5312 Basic stats: COMPLETE Column stats: NONE
            Select Operator
              expressions: key (type: string), value (type: string)
              outputColumnNames: _col0, _col1
              Statistics: Num rows: 500 Data size: 5312 Basic stats: COMPLETE Column stats: NONE
              Union
                Statistics: Num rows: 1000 Data size: 10624 Basic stats: COMPLETE Column stats: NONE
                Filter Operator
                  predicate: (_col0 < 10) (type: boolean)
                  Statistics: Num rows: 333 Data size: 3537 Basic stats: COMPLETE Column stats: NONE
                  File Output Operator
                    compressed: false
                    Statistics: Num rows: 333 Data size: 3537 Basic stats: COMPLETE Column stats: NONE
                    table:
                        input format: org.apache.hadoop.mapred.TextInputFormat
                        output format: org.apache.hadoop.hive.ql.io.HiveIgnoreKeyTextOutputFormat
                        serde: org.apache.hadoop.hive.serde2.lazy.LazySimpleSerDe
                        name: default.src_multi1
                  Select Operator
                    expressions: _col0 (type: string), _col1 (type: string)
                    outputColumnNames: key, value
                    Statistics: Num rows: 333 Data size: 3537 Basic stats: COMPLETE Column stats: NONE
                    Group By Operator
                      aggregations: compute_stats(key, 'hll'), compute_stats(value, 'hll')
                      mode: hash
                      outputColumnNames: _col0, _col1
                      Statistics: Num rows: 1 Data size: 880 Basic stats: COMPLETE Column stats: NONE
                      Reduce Output Operator
                        sort order: 
                        Statistics: Num rows: 1 Data size: 880 Basic stats: COMPLETE Column stats: NONE
                        value expressions: _col0 (type: struct<columntype:string,maxlength:bigint,sumlength:bigint,count:bigint,countnulls:bigint,bitvector:binary>), _col1 (type: struct<columntype:string,maxlength:bigint,sumlength:bigint,count:bigint,countnulls:bigint,bitvector:binary>)
                Filter Operator
                  predicate: ((_col0 < 20) and (_col0 > 10)) (type: boolean)
                  Statistics: Num rows: 111 Data size: 1179 Basic stats: COMPLETE Column stats: NONE
                  File Output Operator
                    compressed: false
                    Statistics: Num rows: 111 Data size: 1179 Basic stats: COMPLETE Column stats: NONE
                    table:
                        input format: org.apache.hadoop.mapred.TextInputFormat
                        output format: org.apache.hadoop.hive.ql.io.HiveIgnoreKeyTextOutputFormat
                        serde: org.apache.hadoop.hive.serde2.lazy.LazySimpleSerDe
                        name: default.src_multi2
                  Select Operator
                    expressions: _col0 (type: string), _col1 (type: string)
                    outputColumnNames: key, value
                    Statistics: Num rows: 111 Data size: 1179 Basic stats: COMPLETE Column stats: NONE
                    Group By Operator
                      aggregations: compute_stats(key, 'hll'), compute_stats(value, 'hll')
                      mode: hash
                      outputColumnNames: _col0, _col1
                      Statistics: Num rows: 1 Data size: 880 Basic stats: COMPLETE Column stats: NONE
                      File Output Operator
                        compressed: false
                        table:
                            input format: org.apache.hadoop.mapred.SequenceFileInputFormat
                            output format: org.apache.hadoop.hive.ql.io.HiveSequenceFileOutputFormat
                            serde: org.apache.hadoop.hive.serde2.lazybinary.LazyBinarySerDe
          TableScan
            alias: src
            Statistics: Num rows: 500 Data size: 5312 Basic stats: COMPLETE Column stats: NONE
            Select Operator
              expressions: key (type: string), value (type: string)
              outputColumnNames: _col0, _col1
              Statistics: Num rows: 500 Data size: 5312 Basic stats: COMPLETE Column stats: NONE
              Union
                Statistics: Num rows: 1000 Data size: 10624 Basic stats: COMPLETE Column stats: NONE
                Filter Operator
                  predicate: (_col0 < 10) (type: boolean)
                  Statistics: Num rows: 333 Data size: 3537 Basic stats: COMPLETE Column stats: NONE
                  File Output Operator
                    compressed: false
                    Statistics: Num rows: 333 Data size: 3537 Basic stats: COMPLETE Column stats: NONE
                    table:
                        input format: org.apache.hadoop.mapred.TextInputFormat
                        output format: org.apache.hadoop.hive.ql.io.HiveIgnoreKeyTextOutputFormat
                        serde: org.apache.hadoop.hive.serde2.lazy.LazySimpleSerDe
                        name: default.src_multi1
                  Select Operator
                    expressions: _col0 (type: string), _col1 (type: string)
                    outputColumnNames: key, value
                    Statistics: Num rows: 333 Data size: 3537 Basic stats: COMPLETE Column stats: NONE
                    Group By Operator
                      aggregations: compute_stats(key, 'hll'), compute_stats(value, 'hll')
                      mode: hash
                      outputColumnNames: _col0, _col1
                      Statistics: Num rows: 1 Data size: 880 Basic stats: COMPLETE Column stats: NONE
                      Reduce Output Operator
                        sort order: 
                        Statistics: Num rows: 1 Data size: 880 Basic stats: COMPLETE Column stats: NONE
                        value expressions: _col0 (type: struct<columntype:string,maxlength:bigint,sumlength:bigint,count:bigint,countnulls:bigint,bitvector:binary>), _col1 (type: struct<columntype:string,maxlength:bigint,sumlength:bigint,count:bigint,countnulls:bigint,bitvector:binary>)
                Filter Operator
                  predicate: ((_col0 < 20) and (_col0 > 10)) (type: boolean)
                  Statistics: Num rows: 111 Data size: 1179 Basic stats: COMPLETE Column stats: NONE
                  File Output Operator
                    compressed: false
                    Statistics: Num rows: 111 Data size: 1179 Basic stats: COMPLETE Column stats: NONE
                    table:
                        input format: org.apache.hadoop.mapred.TextInputFormat
                        output format: org.apache.hadoop.hive.ql.io.HiveIgnoreKeyTextOutputFormat
                        serde: org.apache.hadoop.hive.serde2.lazy.LazySimpleSerDe
                        name: default.src_multi2
                  Select Operator
                    expressions: _col0 (type: string), _col1 (type: string)
                    outputColumnNames: key, value
                    Statistics: Num rows: 111 Data size: 1179 Basic stats: COMPLETE Column stats: NONE
                    Group By Operator
                      aggregations: compute_stats(key, 'hll'), compute_stats(value, 'hll')
                      mode: hash
                      outputColumnNames: _col0, _col1
                      Statistics: Num rows: 1 Data size: 880 Basic stats: COMPLETE Column stats: NONE
                      File Output Operator
                        compressed: false
                        table:
                            input format: org.apache.hadoop.mapred.SequenceFileInputFormat
                            output format: org.apache.hadoop.hive.ql.io.HiveSequenceFileOutputFormat
                            serde: org.apache.hadoop.hive.serde2.lazybinary.LazyBinarySerDe
      Reduce Operator Tree:
        Group By Operator
          aggregations: compute_stats(VALUE._col0), compute_stats(VALUE._col1)
          mode: mergepartial
          outputColumnNames: _col0, _col1
          Statistics: Num rows: 1 Data size: 880 Basic stats: COMPLETE Column stats: NONE
          File Output Operator
            compressed: false
            Statistics: Num rows: 1 Data size: 880 Basic stats: COMPLETE Column stats: NONE
            table:
                input format: org.apache.hadoop.mapred.SequenceFileInputFormat
                output format: org.apache.hadoop.hive.ql.io.HiveSequenceFileOutputFormat
                serde: org.apache.hadoop.hive.serde2.lazy.LazySimpleSerDe

  Stage: Stage-9
    Conditional Operator

  Stage: Stage-6
    Move Operator
      files:
          hdfs directory: true
#### A masked pattern was here ####

  Stage: Stage-4
    Dependency Collection

  Stage: Stage-0
    Move Operator
      tables:
          replace: true
          table:
              input format: org.apache.hadoop.mapred.TextInputFormat
              output format: org.apache.hadoop.hive.ql.io.HiveIgnoreKeyTextOutputFormat
              serde: org.apache.hadoop.hive.serde2.lazy.LazySimpleSerDe
              name: default.src_multi1

  Stage: Stage-3
    Stats Work
      Basic Stats Work:
      Column Stats Desc:
          Columns: key, value
          Column Types: string, string
          Table: default.src_multi1

  Stage: Stage-1
    Move Operator
      tables:
          replace: true
          table:
              input format: org.apache.hadoop.mapred.TextInputFormat
              output format: org.apache.hadoop.hive.ql.io.HiveIgnoreKeyTextOutputFormat
              serde: org.apache.hadoop.hive.serde2.lazy.LazySimpleSerDe
              name: default.src_multi2

  Stage: Stage-10
    Stats Work
      Basic Stats Work:
      Column Stats Desc:
          Columns: key, value
          Column Types: string, string
          Table: default.src_multi2

  Stage: Stage-5
    Map Reduce
      Map Operator Tree:
          TableScan
            File Output Operator
              compressed: false
              table:
                  input format: org.apache.hadoop.mapred.TextInputFormat
                  output format: org.apache.hadoop.hive.ql.io.HiveIgnoreKeyTextOutputFormat
                  serde: org.apache.hadoop.hive.serde2.lazy.LazySimpleSerDe
                  name: default.src_multi1

  Stage: Stage-7
    Map Reduce
      Map Operator Tree:
          TableScan
            File Output Operator
              compressed: false
              table:
                  input format: org.apache.hadoop.mapred.TextInputFormat
                  output format: org.apache.hadoop.hive.ql.io.HiveIgnoreKeyTextOutputFormat
                  serde: org.apache.hadoop.hive.serde2.lazy.LazySimpleSerDe
                  name: default.src_multi1

  Stage: Stage-8
    Move Operator
      files:
          hdfs directory: true
#### A masked pattern was here ####

  Stage: Stage-11
    Map Reduce
      Map Operator Tree:
          TableScan
            Reduce Output Operator
              sort order: 
              Statistics: Num rows: 1 Data size: 880 Basic stats: COMPLETE Column stats: NONE
              value expressions: _col0 (type: struct<columntype:string,maxlength:bigint,sumlength:bigint,count:bigint,countnulls:bigint,bitvector:binary>), _col1 (type: struct<columntype:string,maxlength:bigint,sumlength:bigint,count:bigint,countnulls:bigint,bitvector:binary>)
      Execution mode: vectorized
      Reduce Operator Tree:
        Group By Operator
          aggregations: compute_stats(VALUE._col0), compute_stats(VALUE._col1)
          mode: mergepartial
          outputColumnNames: _col0, _col1
          Statistics: Num rows: 1 Data size: 880 Basic stats: COMPLETE Column stats: NONE
          File Output Operator
            compressed: false
            Statistics: Num rows: 1 Data size: 880 Basic stats: COMPLETE Column stats: NONE
            table:
                input format: org.apache.hadoop.mapred.SequenceFileInputFormat
                output format: org.apache.hadoop.hive.ql.io.HiveSequenceFileOutputFormat
                serde: org.apache.hadoop.hive.serde2.lazy.LazySimpleSerDe

PREHOOK: query: from (select * from src  union all select * from src) s
insert overwrite table src_multi1 select * where key < 10
insert overwrite table src_multi2 select * where key > 10 and key < 20
PREHOOK: type: QUERY
PREHOOK: Input: default@src
PREHOOK: Output: default@src_multi1
PREHOOK: Output: default@src_multi2
POSTHOOK: query: from (select * from src  union all select * from src) s
insert overwrite table src_multi1 select * where key < 10
insert overwrite table src_multi2 select * where key > 10 and key < 20
POSTHOOK: type: QUERY
POSTHOOK: Input: default@src
POSTHOOK: Output: default@src_multi1
POSTHOOK: Output: default@src_multi2
POSTHOOK: Lineage: src_multi1.key EXPRESSION [(src)src.FieldSchema(name:key, type:string, comment:default), ]
POSTHOOK: Lineage: src_multi1.value EXPRESSION [(src)src.FieldSchema(name:value, type:string, comment:default), ]
POSTHOOK: Lineage: src_multi2.key EXPRESSION [(src)src.FieldSchema(name:key, type:string, comment:default), ]
POSTHOOK: Lineage: src_multi2.value EXPRESSION [(src)src.FieldSchema(name:value, type:string, comment:default), ]
PREHOOK: query: select * from src_multi1
PREHOOK: type: QUERY
PREHOOK: Input: default@src_multi1
#### A masked pattern was here ####
POSTHOOK: query: select * from src_multi1
POSTHOOK: type: QUERY
POSTHOOK: Input: default@src_multi1
#### A masked pattern was here ####
0	val_0
0	val_0
0	val_0
0	val_0
0	val_0
0	val_0
2	val_2
2	val_2
4	val_4
4	val_4
5	val_5
5	val_5
5	val_5
5	val_5
5	val_5
5	val_5
8	val_8
8	val_8
9	val_9
9	val_9
PREHOOK: query: select * from src_multi2
PREHOOK: type: QUERY
PREHOOK: Input: default@src_multi2
#### A masked pattern was here ####
POSTHOOK: query: select * from src_multi2
POSTHOOK: type: QUERY
POSTHOOK: Input: default@src_multi2
#### A masked pattern was here ####
11	val_11
11	val_11
12	val_12
12	val_12
12	val_12
12	val_12
15	val_15
15	val_15
15	val_15
15	val_15
17	val_17
17	val_17
18	val_18
18	val_18
18	val_18
18	val_18
19	val_19
19	val_19
PREHOOK: query: explain
from (select * from src  union all select * from src) s
insert overwrite table src_multi1 select * where key < 10
insert overwrite table src_multi2 select * where key > 10 and key < 20
PREHOOK: type: QUERY
POSTHOOK: query: explain
from (select * from src  union all select * from src) s
insert overwrite table src_multi1 select * where key < 10
insert overwrite table src_multi2 select * where key > 10 and key < 20
POSTHOOK: type: QUERY
STAGE DEPENDENCIES:
  Stage-2 is a root stage
  Stage-4 depends on stages: Stage-2, Stage-7, Stage-6, Stage-9
  Stage-0 depends on stages: Stage-4
  Stage-3 depends on stages: Stage-0, Stage-11
  Stage-1 depends on stages: Stage-4
  Stage-5 depends on stages: Stage-1, Stage-11
  Stage-10 depends on stages: Stage-2 , consists of Stage-7, Stage-6, Stage-8
  Stage-7
  Stage-6
  Stage-8
  Stage-9 depends on stages: Stage-8
  Stage-11 depends on stages: Stage-2

STAGE PLANS:
  Stage: Stage-2
    Map Reduce
      Map Operator Tree:
          TableScan
            alias: src
            Statistics: Num rows: 500 Data size: 5312 Basic stats: COMPLETE Column stats: NONE
            Select Operator
              expressions: key (type: string), value (type: string)
              outputColumnNames: _col0, _col1
              Statistics: Num rows: 500 Data size: 5312 Basic stats: COMPLETE Column stats: NONE
              Union
                Statistics: Num rows: 1000 Data size: 10624 Basic stats: COMPLETE Column stats: NONE
                Filter Operator
                  predicate: (_col0 < 10) (type: boolean)
                  Statistics: Num rows: 333 Data size: 3537 Basic stats: COMPLETE Column stats: NONE
                  File Output Operator
                    compressed: false
                    Statistics: Num rows: 333 Data size: 3537 Basic stats: COMPLETE Column stats: NONE
                    table:
                        input format: org.apache.hadoop.mapred.TextInputFormat
                        output format: org.apache.hadoop.hive.ql.io.HiveIgnoreKeyTextOutputFormat
                        serde: org.apache.hadoop.hive.serde2.lazy.LazySimpleSerDe
                        name: default.src_multi1
                  Select Operator
                    expressions: _col0 (type: string), _col1 (type: string)
                    outputColumnNames: key, value
                    Statistics: Num rows: 333 Data size: 3537 Basic stats: COMPLETE Column stats: NONE
                    Group By Operator
                      aggregations: compute_stats(key, 'hll'), compute_stats(value, 'hll')
                      mode: hash
                      outputColumnNames: _col0, _col1
                      Statistics: Num rows: 1 Data size: 880 Basic stats: COMPLETE Column stats: NONE
                      Reduce Output Operator
                        sort order: 
                        Statistics: Num rows: 1 Data size: 880 Basic stats: COMPLETE Column stats: NONE
                        value expressions: _col0 (type: struct<columntype:string,maxlength:bigint,sumlength:bigint,count:bigint,countnulls:bigint,bitvector:binary>), _col1 (type: struct<columntype:string,maxlength:bigint,sumlength:bigint,count:bigint,countnulls:bigint,bitvector:binary>)
                Filter Operator
                  predicate: ((_col0 < 20) and (_col0 > 10)) (type: boolean)
                  Statistics: Num rows: 111 Data size: 1179 Basic stats: COMPLETE Column stats: NONE
                  File Output Operator
                    compressed: false
                    Statistics: Num rows: 111 Data size: 1179 Basic stats: COMPLETE Column stats: NONE
                    table:
                        input format: org.apache.hadoop.mapred.TextInputFormat
                        output format: org.apache.hadoop.hive.ql.io.HiveIgnoreKeyTextOutputFormat
                        serde: org.apache.hadoop.hive.serde2.lazy.LazySimpleSerDe
                        name: default.src_multi2
                  Select Operator
                    expressions: _col0 (type: string), _col1 (type: string)
                    outputColumnNames: key, value
                    Statistics: Num rows: 111 Data size: 1179 Basic stats: COMPLETE Column stats: NONE
                    Group By Operator
                      aggregations: compute_stats(key, 'hll'), compute_stats(value, 'hll')
                      mode: hash
                      outputColumnNames: _col0, _col1
                      Statistics: Num rows: 1 Data size: 880 Basic stats: COMPLETE Column stats: NONE
                      File Output Operator
                        compressed: false
                        table:
                            input format: org.apache.hadoop.mapred.SequenceFileInputFormat
                            output format: org.apache.hadoop.hive.ql.io.HiveSequenceFileOutputFormat
                            serde: org.apache.hadoop.hive.serde2.lazybinary.LazyBinarySerDe
          TableScan
            alias: src
            Statistics: Num rows: 500 Data size: 5312 Basic stats: COMPLETE Column stats: NONE
            Select Operator
              expressions: key (type: string), value (type: string)
              outputColumnNames: _col0, _col1
              Statistics: Num rows: 500 Data size: 5312 Basic stats: COMPLETE Column stats: NONE
              Union
                Statistics: Num rows: 1000 Data size: 10624 Basic stats: COMPLETE Column stats: NONE
                Filter Operator
                  predicate: (_col0 < 10) (type: boolean)
                  Statistics: Num rows: 333 Data size: 3537 Basic stats: COMPLETE Column stats: NONE
                  File Output Operator
                    compressed: false
                    Statistics: Num rows: 333 Data size: 3537 Basic stats: COMPLETE Column stats: NONE
                    table:
                        input format: org.apache.hadoop.mapred.TextInputFormat
                        output format: org.apache.hadoop.hive.ql.io.HiveIgnoreKeyTextOutputFormat
                        serde: org.apache.hadoop.hive.serde2.lazy.LazySimpleSerDe
                        name: default.src_multi1
                  Select Operator
                    expressions: _col0 (type: string), _col1 (type: string)
                    outputColumnNames: key, value
                    Statistics: Num rows: 333 Data size: 3537 Basic stats: COMPLETE Column stats: NONE
                    Group By Operator
                      aggregations: compute_stats(key, 'hll'), compute_stats(value, 'hll')
                      mode: hash
                      outputColumnNames: _col0, _col1
                      Statistics: Num rows: 1 Data size: 880 Basic stats: COMPLETE Column stats: NONE
                      Reduce Output Operator
                        sort order: 
                        Statistics: Num rows: 1 Data size: 880 Basic stats: COMPLETE Column stats: NONE
                        value expressions: _col0 (type: struct<columntype:string,maxlength:bigint,sumlength:bigint,count:bigint,countnulls:bigint,bitvector:binary>), _col1 (type: struct<columntype:string,maxlength:bigint,sumlength:bigint,count:bigint,countnulls:bigint,bitvector:binary>)
                Filter Operator
                  predicate: ((_col0 < 20) and (_col0 > 10)) (type: boolean)
                  Statistics: Num rows: 111 Data size: 1179 Basic stats: COMPLETE Column stats: NONE
                  File Output Operator
                    compressed: false
                    Statistics: Num rows: 111 Data size: 1179 Basic stats: COMPLETE Column stats: NONE
                    table:
                        input format: org.apache.hadoop.mapred.TextInputFormat
                        output format: org.apache.hadoop.hive.ql.io.HiveIgnoreKeyTextOutputFormat
                        serde: org.apache.hadoop.hive.serde2.lazy.LazySimpleSerDe
                        name: default.src_multi2
                  Select Operator
                    expressions: _col0 (type: string), _col1 (type: string)
                    outputColumnNames: key, value
                    Statistics: Num rows: 111 Data size: 1179 Basic stats: COMPLETE Column stats: NONE
                    Group By Operator
                      aggregations: compute_stats(key, 'hll'), compute_stats(value, 'hll')
                      mode: hash
                      outputColumnNames: _col0, _col1
                      Statistics: Num rows: 1 Data size: 880 Basic stats: COMPLETE Column stats: NONE
                      File Output Operator
                        compressed: false
                        table:
                            input format: org.apache.hadoop.mapred.SequenceFileInputFormat
                            output format: org.apache.hadoop.hive.ql.io.HiveSequenceFileOutputFormat
                            serde: org.apache.hadoop.hive.serde2.lazybinary.LazyBinarySerDe
      Reduce Operator Tree:
        Group By Operator
          aggregations: compute_stats(VALUE._col0), compute_stats(VALUE._col1)
          mode: mergepartial
          outputColumnNames: _col0, _col1
          Statistics: Num rows: 1 Data size: 880 Basic stats: COMPLETE Column stats: NONE
          File Output Operator
            compressed: false
            Statistics: Num rows: 1 Data size: 880 Basic stats: COMPLETE Column stats: NONE
            table:
                input format: org.apache.hadoop.mapred.SequenceFileInputFormat
                output format: org.apache.hadoop.hive.ql.io.HiveSequenceFileOutputFormat
                serde: org.apache.hadoop.hive.serde2.lazy.LazySimpleSerDe

  Stage: Stage-4
    Dependency Collection

  Stage: Stage-0
    Move Operator
      tables:
          replace: true
          table:
              input format: org.apache.hadoop.mapred.TextInputFormat
              output format: org.apache.hadoop.hive.ql.io.HiveIgnoreKeyTextOutputFormat
              serde: org.apache.hadoop.hive.serde2.lazy.LazySimpleSerDe
              name: default.src_multi1

  Stage: Stage-3
    Stats Work
      Basic Stats Work:
      Column Stats Desc:
          Columns: key, value
          Column Types: string, string
          Table: default.src_multi1

  Stage: Stage-1
    Move Operator
      tables:
          replace: true
          table:
              input format: org.apache.hadoop.mapred.TextInputFormat
              output format: org.apache.hadoop.hive.ql.io.HiveIgnoreKeyTextOutputFormat
              serde: org.apache.hadoop.hive.serde2.lazy.LazySimpleSerDe
              name: default.src_multi2

  Stage: Stage-5
    Stats Work
      Basic Stats Work:
      Column Stats Desc:
          Columns: key, value
          Column Types: string, string
          Table: default.src_multi2

  Stage: Stage-10
    Conditional Operator

  Stage: Stage-7
    Move Operator
      files:
          hdfs directory: true
#### A masked pattern was here ####

  Stage: Stage-6
    Map Reduce
      Map Operator Tree:
          TableScan
            File Output Operator
              compressed: false
              table:
                  input format: org.apache.hadoop.mapred.TextInputFormat
                  output format: org.apache.hadoop.hive.ql.io.HiveIgnoreKeyTextOutputFormat
                  serde: org.apache.hadoop.hive.serde2.lazy.LazySimpleSerDe
                  name: default.src_multi2

  Stage: Stage-8
    Map Reduce
      Map Operator Tree:
          TableScan
            File Output Operator
              compressed: false
              table:
                  input format: org.apache.hadoop.mapred.TextInputFormat
                  output format: org.apache.hadoop.hive.ql.io.HiveIgnoreKeyTextOutputFormat
                  serde: org.apache.hadoop.hive.serde2.lazy.LazySimpleSerDe
                  name: default.src_multi2

  Stage: Stage-9
    Move Operator
      files:
          hdfs directory: true
#### A masked pattern was here ####

  Stage: Stage-11
    Map Reduce
      Map Operator Tree:
          TableScan
            Reduce Output Operator
              sort order: 
              Statistics: Num rows: 1 Data size: 880 Basic stats: COMPLETE Column stats: NONE
              value expressions: _col0 (type: struct<columntype:string,maxlength:bigint,sumlength:bigint,count:bigint,countnulls:bigint,bitvector:binary>), _col1 (type: struct<columntype:string,maxlength:bigint,sumlength:bigint,count:bigint,countnulls:bigint,bitvector:binary>)
      Execution mode: vectorized
      Reduce Operator Tree:
        Group By Operator
          aggregations: compute_stats(VALUE._col0), compute_stats(VALUE._col1)
          mode: mergepartial
          outputColumnNames: _col0, _col1
          Statistics: Num rows: 1 Data size: 880 Basic stats: COMPLETE Column stats: NONE
          File Output Operator
            compressed: false
            Statistics: Num rows: 1 Data size: 880 Basic stats: COMPLETE Column stats: NONE
            table:
                input format: org.apache.hadoop.mapred.SequenceFileInputFormat
                output format: org.apache.hadoop.hive.ql.io.HiveSequenceFileOutputFormat
                serde: org.apache.hadoop.hive.serde2.lazy.LazySimpleSerDe

PREHOOK: query: from (select * from src  union all select * from src) s
insert overwrite table src_multi1 select * where key < 10
insert overwrite table src_multi2 select * where key > 10 and key < 20
PREHOOK: type: QUERY
PREHOOK: Input: default@src
PREHOOK: Output: default@src_multi1
PREHOOK: Output: default@src_multi2
POSTHOOK: query: from (select * from src  union all select * from src) s
insert overwrite table src_multi1 select * where key < 10
insert overwrite table src_multi2 select * where key > 10 and key < 20
POSTHOOK: type: QUERY
POSTHOOK: Input: default@src
POSTHOOK: Output: default@src_multi1
POSTHOOK: Output: default@src_multi2
POSTHOOK: Lineage: src_multi1.key EXPRESSION [(src)src.FieldSchema(name:key, type:string, comment:default), ]
POSTHOOK: Lineage: src_multi1.value EXPRESSION [(src)src.FieldSchema(name:value, type:string, comment:default), ]
POSTHOOK: Lineage: src_multi2.key EXPRESSION [(src)src.FieldSchema(name:key, type:string, comment:default), ]
POSTHOOK: Lineage: src_multi2.value EXPRESSION [(src)src.FieldSchema(name:value, type:string, comment:default), ]
PREHOOK: query: select * from src_multi1
PREHOOK: type: QUERY
PREHOOK: Input: default@src_multi1
#### A masked pattern was here ####
POSTHOOK: query: select * from src_multi1
POSTHOOK: type: QUERY
POSTHOOK: Input: default@src_multi1
#### A masked pattern was here ####
0	val_0
0	val_0
0	val_0
0	val_0
0	val_0
0	val_0
2	val_2
2	val_2
4	val_4
4	val_4
5	val_5
5	val_5
5	val_5
5	val_5
5	val_5
5	val_5
8	val_8
8	val_8
9	val_9
9	val_9
PREHOOK: query: select * from src_multi2
PREHOOK: type: QUERY
PREHOOK: Input: default@src_multi2
#### A masked pattern was here ####
POSTHOOK: query: select * from src_multi2
POSTHOOK: type: QUERY
POSTHOOK: Input: default@src_multi2
#### A masked pattern was here ####
11	val_11
11	val_11
12	val_12
12	val_12
12	val_12
12	val_12
15	val_15
15	val_15
15	val_15
15	val_15
17	val_17
17	val_17
18	val_18
18	val_18
18	val_18
18	val_18
19	val_19
19	val_19
PREHOOK: query: explain
from (select * from src  union all select * from src) s
insert overwrite table src_multi1 select * where key < 10
insert overwrite table src_multi2 select * where key > 10 and key < 20
PREHOOK: type: QUERY
POSTHOOK: query: explain
from (select * from src  union all select * from src) s
insert overwrite table src_multi1 select * where key < 10
insert overwrite table src_multi2 select * where key > 10 and key < 20
POSTHOOK: type: QUERY
STAGE DEPENDENCIES:
  Stage-2 is a root stage
  Stage-9 depends on stages: Stage-2 , consists of Stage-6, Stage-5, Stage-7
  Stage-6
  Stage-4 depends on stages: Stage-6, Stage-5, Stage-8, Stage-12, Stage-11, Stage-14
  Stage-0 depends on stages: Stage-4
  Stage-3 depends on stages: Stage-0, Stage-16
  Stage-1 depends on stages: Stage-4
  Stage-10 depends on stages: Stage-1, Stage-16
  Stage-5
  Stage-7
  Stage-8 depends on stages: Stage-7
  Stage-15 depends on stages: Stage-2 , consists of Stage-12, Stage-11, Stage-13
  Stage-12
  Stage-11
  Stage-13
  Stage-14 depends on stages: Stage-13
  Stage-16 depends on stages: Stage-2

STAGE PLANS:
  Stage: Stage-2
    Map Reduce
      Map Operator Tree:
          TableScan
            alias: src
            Statistics: Num rows: 500 Data size: 5312 Basic stats: COMPLETE Column stats: NONE
            Select Operator
              expressions: key (type: string), value (type: string)
              outputColumnNames: _col0, _col1
              Statistics: Num rows: 500 Data size: 5312 Basic stats: COMPLETE Column stats: NONE
              Union
                Statistics: Num rows: 1000 Data size: 10624 Basic stats: COMPLETE Column stats: NONE
                Filter Operator
                  predicate: (_col0 < 10) (type: boolean)
                  Statistics: Num rows: 333 Data size: 3537 Basic stats: COMPLETE Column stats: NONE
                  File Output Operator
                    compressed: false
                    Statistics: Num rows: 333 Data size: 3537 Basic stats: COMPLETE Column stats: NONE
                    table:
                        input format: org.apache.hadoop.mapred.TextInputFormat
                        output format: org.apache.hadoop.hive.ql.io.HiveIgnoreKeyTextOutputFormat
                        serde: org.apache.hadoop.hive.serde2.lazy.LazySimpleSerDe
                        name: default.src_multi1
                  Select Operator
                    expressions: _col0 (type: string), _col1 (type: string)
                    outputColumnNames: key, value
                    Statistics: Num rows: 333 Data size: 3537 Basic stats: COMPLETE Column stats: NONE
                    Group By Operator
                      aggregations: compute_stats(key, 'hll'), compute_stats(value, 'hll')
                      mode: hash
                      outputColumnNames: _col0, _col1
                      Statistics: Num rows: 1 Data size: 880 Basic stats: COMPLETE Column stats: NONE
                      Reduce Output Operator
                        sort order: 
                        Statistics: Num rows: 1 Data size: 880 Basic stats: COMPLETE Column stats: NONE
                        value expressions: _col0 (type: struct<columntype:string,maxlength:bigint,sumlength:bigint,count:bigint,countnulls:bigint,bitvector:binary>), _col1 (type: struct<columntype:string,maxlength:bigint,sumlength:bigint,count:bigint,countnulls:bigint,bitvector:binary>)
                Filter Operator
                  predicate: ((_col0 < 20) and (_col0 > 10)) (type: boolean)
                  Statistics: Num rows: 111 Data size: 1179 Basic stats: COMPLETE Column stats: NONE
                  File Output Operator
                    compressed: false
                    Statistics: Num rows: 111 Data size: 1179 Basic stats: COMPLETE Column stats: NONE
                    table:
                        input format: org.apache.hadoop.mapred.TextInputFormat
                        output format: org.apache.hadoop.hive.ql.io.HiveIgnoreKeyTextOutputFormat
                        serde: org.apache.hadoop.hive.serde2.lazy.LazySimpleSerDe
                        name: default.src_multi2
                  Select Operator
                    expressions: _col0 (type: string), _col1 (type: string)
                    outputColumnNames: key, value
                    Statistics: Num rows: 111 Data size: 1179 Basic stats: COMPLETE Column stats: NONE
                    Group By Operator
                      aggregations: compute_stats(key, 'hll'), compute_stats(value, 'hll')
                      mode: hash
                      outputColumnNames: _col0, _col1
                      Statistics: Num rows: 1 Data size: 880 Basic stats: COMPLETE Column stats: NONE
                      File Output Operator
                        compressed: false
                        table:
                            input format: org.apache.hadoop.mapred.SequenceFileInputFormat
                            output format: org.apache.hadoop.hive.ql.io.HiveSequenceFileOutputFormat
                            serde: org.apache.hadoop.hive.serde2.lazybinary.LazyBinarySerDe
          TableScan
            alias: src
            Statistics: Num rows: 500 Data size: 5312 Basic stats: COMPLETE Column stats: NONE
            Select Operator
              expressions: key (type: string), value (type: string)
              outputColumnNames: _col0, _col1
              Statistics: Num rows: 500 Data size: 5312 Basic stats: COMPLETE Column stats: NONE
              Union
                Statistics: Num rows: 1000 Data size: 10624 Basic stats: COMPLETE Column stats: NONE
                Filter Operator
                  predicate: (_col0 < 10) (type: boolean)
                  Statistics: Num rows: 333 Data size: 3537 Basic stats: COMPLETE Column stats: NONE
                  File Output Operator
                    compressed: false
                    Statistics: Num rows: 333 Data size: 3537 Basic stats: COMPLETE Column stats: NONE
                    table:
                        input format: org.apache.hadoop.mapred.TextInputFormat
                        output format: org.apache.hadoop.hive.ql.io.HiveIgnoreKeyTextOutputFormat
                        serde: org.apache.hadoop.hive.serde2.lazy.LazySimpleSerDe
                        name: default.src_multi1
                  Select Operator
                    expressions: _col0 (type: string), _col1 (type: string)
                    outputColumnNames: key, value
                    Statistics: Num rows: 333 Data size: 3537 Basic stats: COMPLETE Column stats: NONE
                    Group By Operator
                      aggregations: compute_stats(key, 'hll'), compute_stats(value, 'hll')
                      mode: hash
                      outputColumnNames: _col0, _col1
                      Statistics: Num rows: 1 Data size: 880 Basic stats: COMPLETE Column stats: NONE
                      Reduce Output Operator
                        sort order: 
                        Statistics: Num rows: 1 Data size: 880 Basic stats: COMPLETE Column stats: NONE
                        value expressions: _col0 (type: struct<columntype:string,maxlength:bigint,sumlength:bigint,count:bigint,countnulls:bigint,bitvector:binary>), _col1 (type: struct<columntype:string,maxlength:bigint,sumlength:bigint,count:bigint,countnulls:bigint,bitvector:binary>)
                Filter Operator
                  predicate: ((_col0 < 20) and (_col0 > 10)) (type: boolean)
                  Statistics: Num rows: 111 Data size: 1179 Basic stats: COMPLETE Column stats: NONE
                  File Output Operator
                    compressed: false
                    Statistics: Num rows: 111 Data size: 1179 Basic stats: COMPLETE Column stats: NONE
                    table:
                        input format: org.apache.hadoop.mapred.TextInputFormat
                        output format: org.apache.hadoop.hive.ql.io.HiveIgnoreKeyTextOutputFormat
                        serde: org.apache.hadoop.hive.serde2.lazy.LazySimpleSerDe
                        name: default.src_multi2
                  Select Operator
                    expressions: _col0 (type: string), _col1 (type: string)
                    outputColumnNames: key, value
                    Statistics: Num rows: 111 Data size: 1179 Basic stats: COMPLETE Column stats: NONE
                    Group By Operator
                      aggregations: compute_stats(key, 'hll'), compute_stats(value, 'hll')
                      mode: hash
                      outputColumnNames: _col0, _col1
                      Statistics: Num rows: 1 Data size: 880 Basic stats: COMPLETE Column stats: NONE
                      File Output Operator
                        compressed: false
                        table:
                            input format: org.apache.hadoop.mapred.SequenceFileInputFormat
                            output format: org.apache.hadoop.hive.ql.io.HiveSequenceFileOutputFormat
                            serde: org.apache.hadoop.hive.serde2.lazybinary.LazyBinarySerDe
      Reduce Operator Tree:
        Group By Operator
          aggregations: compute_stats(VALUE._col0), compute_stats(VALUE._col1)
          mode: mergepartial
          outputColumnNames: _col0, _col1
          Statistics: Num rows: 1 Data size: 880 Basic stats: COMPLETE Column stats: NONE
          File Output Operator
            compressed: false
            Statistics: Num rows: 1 Data size: 880 Basic stats: COMPLETE Column stats: NONE
            table:
                input format: org.apache.hadoop.mapred.SequenceFileInputFormat
                output format: org.apache.hadoop.hive.ql.io.HiveSequenceFileOutputFormat
                serde: org.apache.hadoop.hive.serde2.lazy.LazySimpleSerDe

  Stage: Stage-9
    Conditional Operator

  Stage: Stage-6
    Move Operator
      files:
          hdfs directory: true
#### A masked pattern was here ####

  Stage: Stage-4
    Dependency Collection

  Stage: Stage-0
    Move Operator
      tables:
          replace: true
          table:
              input format: org.apache.hadoop.mapred.TextInputFormat
              output format: org.apache.hadoop.hive.ql.io.HiveIgnoreKeyTextOutputFormat
              serde: org.apache.hadoop.hive.serde2.lazy.LazySimpleSerDe
              name: default.src_multi1

  Stage: Stage-3
    Stats Work
      Basic Stats Work:
      Column Stats Desc:
          Columns: key, value
          Column Types: string, string
          Table: default.src_multi1

  Stage: Stage-1
    Move Operator
      tables:
          replace: true
          table:
              input format: org.apache.hadoop.mapred.TextInputFormat
              output format: org.apache.hadoop.hive.ql.io.HiveIgnoreKeyTextOutputFormat
              serde: org.apache.hadoop.hive.serde2.lazy.LazySimpleSerDe
              name: default.src_multi2

  Stage: Stage-10
    Stats Work
      Basic Stats Work:
      Column Stats Desc:
          Columns: key, value
          Column Types: string, string
          Table: default.src_multi2

  Stage: Stage-5
    Map Reduce
      Map Operator Tree:
          TableScan
            File Output Operator
              compressed: false
              table:
                  input format: org.apache.hadoop.mapred.TextInputFormat
                  output format: org.apache.hadoop.hive.ql.io.HiveIgnoreKeyTextOutputFormat
                  serde: org.apache.hadoop.hive.serde2.lazy.LazySimpleSerDe
                  name: default.src_multi1

  Stage: Stage-7
    Map Reduce
      Map Operator Tree:
          TableScan
            File Output Operator
              compressed: false
              table:
                  input format: org.apache.hadoop.mapred.TextInputFormat
                  output format: org.apache.hadoop.hive.ql.io.HiveIgnoreKeyTextOutputFormat
                  serde: org.apache.hadoop.hive.serde2.lazy.LazySimpleSerDe
                  name: default.src_multi1

  Stage: Stage-8
    Move Operator
      files:
          hdfs directory: true
#### A masked pattern was here ####

  Stage: Stage-15
    Conditional Operator

  Stage: Stage-12
    Move Operator
      files:
          hdfs directory: true
#### A masked pattern was here ####

  Stage: Stage-11
    Map Reduce
      Map Operator Tree:
          TableScan
            File Output Operator
              compressed: false
              table:
                  input format: org.apache.hadoop.mapred.TextInputFormat
                  output format: org.apache.hadoop.hive.ql.io.HiveIgnoreKeyTextOutputFormat
                  serde: org.apache.hadoop.hive.serde2.lazy.LazySimpleSerDe
                  name: default.src_multi2

  Stage: Stage-13
    Map Reduce
      Map Operator Tree:
          TableScan
            File Output Operator
              compressed: false
              table:
                  input format: org.apache.hadoop.mapred.TextInputFormat
                  output format: org.apache.hadoop.hive.ql.io.HiveIgnoreKeyTextOutputFormat
                  serde: org.apache.hadoop.hive.serde2.lazy.LazySimpleSerDe
                  name: default.src_multi2

  Stage: Stage-14
    Move Operator
      files:
          hdfs directory: true
#### A masked pattern was here ####

  Stage: Stage-16
    Map Reduce
      Map Operator Tree:
          TableScan
            Reduce Output Operator
              sort order: 
              Statistics: Num rows: 1 Data size: 880 Basic stats: COMPLETE Column stats: NONE
              value expressions: _col0 (type: struct<columntype:string,maxlength:bigint,sumlength:bigint,count:bigint,countnulls:bigint,bitvector:binary>), _col1 (type: struct<columntype:string,maxlength:bigint,sumlength:bigint,count:bigint,countnulls:bigint,bitvector:binary>)
      Execution mode: vectorized
      Reduce Operator Tree:
        Group By Operator
          aggregations: compute_stats(VALUE._col0), compute_stats(VALUE._col1)
          mode: mergepartial
          outputColumnNames: _col0, _col1
          Statistics: Num rows: 1 Data size: 880 Basic stats: COMPLETE Column stats: NONE
          File Output Operator
            compressed: false
            Statistics: Num rows: 1 Data size: 880 Basic stats: COMPLETE Column stats: NONE
            table:
                input format: org.apache.hadoop.mapred.SequenceFileInputFormat
                output format: org.apache.hadoop.hive.ql.io.HiveSequenceFileOutputFormat
                serde: org.apache.hadoop.hive.serde2.lazy.LazySimpleSerDe

PREHOOK: query: from (select * from src  union all select * from src) s
insert overwrite table src_multi1 select * where key < 10
insert overwrite table src_multi2 select * where key > 10 and key < 20
PREHOOK: type: QUERY
PREHOOK: Input: default@src
PREHOOK: Output: default@src_multi1
PREHOOK: Output: default@src_multi2
POSTHOOK: query: from (select * from src  union all select * from src) s
insert overwrite table src_multi1 select * where key < 10
insert overwrite table src_multi2 select * where key > 10 and key < 20
POSTHOOK: type: QUERY
POSTHOOK: Input: default@src
POSTHOOK: Output: default@src_multi1
POSTHOOK: Output: default@src_multi2
POSTHOOK: Lineage: src_multi1.key EXPRESSION [(src)src.FieldSchema(name:key, type:string, comment:default), ]
POSTHOOK: Lineage: src_multi1.value EXPRESSION [(src)src.FieldSchema(name:value, type:string, comment:default), ]
POSTHOOK: Lineage: src_multi2.key EXPRESSION [(src)src.FieldSchema(name:key, type:string, comment:default), ]
POSTHOOK: Lineage: src_multi2.value EXPRESSION [(src)src.FieldSchema(name:value, type:string, comment:default), ]
PREHOOK: query: select * from src_multi1
PREHOOK: type: QUERY
PREHOOK: Input: default@src_multi1
#### A masked pattern was here ####
POSTHOOK: query: select * from src_multi1
POSTHOOK: type: QUERY
POSTHOOK: Input: default@src_multi1
#### A masked pattern was here ####
0	val_0
0	val_0
0	val_0
0	val_0
0	val_0
0	val_0
2	val_2
2	val_2
4	val_4
4	val_4
5	val_5
5	val_5
5	val_5
5	val_5
5	val_5
5	val_5
8	val_8
8	val_8
9	val_9
9	val_9
PREHOOK: query: select * from src_multi2
PREHOOK: type: QUERY
PREHOOK: Input: default@src_multi2
#### A masked pattern was here ####
POSTHOOK: query: select * from src_multi2
POSTHOOK: type: QUERY
POSTHOOK: Input: default@src_multi2
#### A masked pattern was here ####
11	val_11
11	val_11
12	val_12
12	val_12
12	val_12
12	val_12
15	val_15
15	val_15
15	val_15
15	val_15
17	val_17
17	val_17
18	val_18
18	val_18
18	val_18
18	val_18
19	val_19
19	val_19
#### A masked pattern was here ####
PREHOOK: query: explain
from src 
#### A masked pattern was here ####
PREHOOK: type: QUERY
POSTHOOK: query: explain
from src 
#### A masked pattern was here ####
POSTHOOK: type: QUERY
STAGE DEPENDENCIES:
  Stage-3 is a root stage
  Stage-4 depends on stages: Stage-3
  Stage-0 depends on stages: Stage-3
  Stage-1 depends on stages: Stage-3
  Stage-2 depends on stages: Stage-3

STAGE PLANS:
  Stage: Stage-3
    Map Reduce
      Map Operator Tree:
          TableScan
            alias: src
            Statistics: Num rows: 500 Data size: 5312 Basic stats: COMPLETE Column stats: NONE
            Filter Operator
              predicate: (key = 0) (type: boolean)
              Statistics: Num rows: 250 Data size: 2656 Basic stats: COMPLETE Column stats: NONE
              Select Operator
                expressions: key (type: string), value (type: string)
                outputColumnNames: _col0, _col1
                Statistics: Num rows: 250 Data size: 2656 Basic stats: COMPLETE Column stats: NONE
                File Output Operator
                  compressed: false
                  Statistics: Num rows: 250 Data size: 2656 Basic stats: COMPLETE Column stats: NONE
                  table:
                      input format: org.apache.hadoop.mapred.TextInputFormat
                      output format: org.apache.hadoop.hive.ql.io.HiveIgnoreKeyTextOutputFormat
                      serde: org.apache.hadoop.hive.serde2.lazy.LazySimpleSerDe
            Filter Operator
              predicate: (key = 2) (type: boolean)
              Statistics: Num rows: 250 Data size: 2656 Basic stats: COMPLETE Column stats: NONE
              Select Operator
                expressions: key (type: string), value (type: string)
                outputColumnNames: _col0, _col1
                Statistics: Num rows: 250 Data size: 2656 Basic stats: COMPLETE Column stats: NONE
                File Output Operator
                  compressed: false
                  Statistics: Num rows: 250 Data size: 2656 Basic stats: COMPLETE Column stats: NONE
                  table:
                      input format: org.apache.hadoop.mapred.TextInputFormat
                      output format: org.apache.hadoop.hive.ql.io.HiveIgnoreKeyTextOutputFormat
                      serde: org.apache.hadoop.hive.serde2.lazy.LazySimpleSerDe
            Filter Operator
              predicate: (key = 4) (type: boolean)
              Statistics: Num rows: 250 Data size: 2656 Basic stats: COMPLETE Column stats: NONE
              Select Operator
                expressions: key (type: string), value (type: string)
                outputColumnNames: _col0, _col1
                Statistics: Num rows: 250 Data size: 2656 Basic stats: COMPLETE Column stats: NONE
                File Output Operator
                  compressed: false
                  Statistics: Num rows: 250 Data size: 2656 Basic stats: COMPLETE Column stats: NONE
                  table:
                      input format: org.apache.hadoop.mapred.TextInputFormat
                      output format: org.apache.hadoop.hive.ql.io.HiveIgnoreKeyTextOutputFormat
                      serde: org.apache.hadoop.hive.serde2.lazy.LazySimpleSerDe
      Execution mode: vectorized

  Stage: Stage-4
    Dependency Collection

  Stage: Stage-0
    Move Operator
      files:
          hdfs directory: false
#### A masked pattern was here ####

  Stage: Stage-1
    Move Operator
      files:
          hdfs directory: false
#### A masked pattern was here ####

  Stage: Stage-2
    Move Operator
      files:
          hdfs directory: false
#### A masked pattern was here ####

PREHOOK: query: from src 
#### A masked pattern was here ####
PREHOOK: type: QUERY
PREHOOK: Input: default@src
#### A masked pattern was here ####
POSTHOOK: query: from src 
#### A masked pattern was here ####
POSTHOOK: type: QUERY
POSTHOOK: Input: default@src
#### A masked pattern was here ####
Found 3 items
#### A masked pattern was here ####
PREHOOK: query: explain
from src 
#### A masked pattern was here ####
PREHOOK: type: QUERY
POSTHOOK: query: explain
from src 
#### A masked pattern was here ####
POSTHOOK: type: QUERY
STAGE DEPENDENCIES:
  Stage-3 is a root stage
  Stage-4 depends on stages: Stage-3
  Stage-0 depends on stages: Stage-3
  Stage-1 depends on stages: Stage-3
  Stage-2 depends on stages: Stage-3

STAGE PLANS:
  Stage: Stage-3
    Map Reduce
      Map Operator Tree:
          TableScan
            alias: src
            Statistics: Num rows: 500 Data size: 5312 Basic stats: COMPLETE Column stats: NONE
            Filter Operator
              predicate: (key = 0) (type: boolean)
              Statistics: Num rows: 250 Data size: 2656 Basic stats: COMPLETE Column stats: NONE
              Select Operator
                expressions: key (type: string), value (type: string)
                outputColumnNames: _col0, _col1
                Statistics: Num rows: 250 Data size: 2656 Basic stats: COMPLETE Column stats: NONE
                File Output Operator
                  compressed: false
                  Statistics: Num rows: 250 Data size: 2656 Basic stats: COMPLETE Column stats: NONE
                  table:
                      input format: org.apache.hadoop.mapred.TextInputFormat
                      output format: org.apache.hadoop.hive.ql.io.HiveIgnoreKeyTextOutputFormat
                      serde: org.apache.hadoop.hive.serde2.lazy.LazySimpleSerDe
            Filter Operator
              predicate: (key = 2) (type: boolean)
              Statistics: Num rows: 250 Data size: 2656 Basic stats: COMPLETE Column stats: NONE
              Select Operator
                expressions: key (type: string), value (type: string)
                outputColumnNames: _col0, _col1
                Statistics: Num rows: 250 Data size: 2656 Basic stats: COMPLETE Column stats: NONE
                File Output Operator
                  compressed: false
                  Statistics: Num rows: 250 Data size: 2656 Basic stats: COMPLETE Column stats: NONE
                  table:
                      input format: org.apache.hadoop.mapred.TextInputFormat
                      output format: org.apache.hadoop.hive.ql.io.HiveIgnoreKeyTextOutputFormat
                      serde: org.apache.hadoop.hive.serde2.lazy.LazySimpleSerDe
            Filter Operator
              predicate: (key = 4) (type: boolean)
              Statistics: Num rows: 250 Data size: 2656 Basic stats: COMPLETE Column stats: NONE
              Select Operator
                expressions: key (type: string), value (type: string)
                outputColumnNames: _col0, _col1
                Statistics: Num rows: 250 Data size: 2656 Basic stats: COMPLETE Column stats: NONE
                File Output Operator
                  compressed: false
                  Statistics: Num rows: 250 Data size: 2656 Basic stats: COMPLETE Column stats: NONE
                  table:
                      input format: org.apache.hadoop.mapred.TextInputFormat
                      output format: org.apache.hadoop.hive.ql.io.HiveIgnoreKeyTextOutputFormat
                      serde: org.apache.hadoop.hive.serde2.lazy.LazySimpleSerDe
      Execution mode: vectorized

  Stage: Stage-4
    Dependency Collection

  Stage: Stage-0
    Move Operator
      files:
          hdfs directory: false
#### A masked pattern was here ####

  Stage: Stage-1
    Move Operator
      files:
          hdfs directory: false
#### A masked pattern was here ####

  Stage: Stage-2
    Move Operator
      files:
          hdfs directory: false
#### A masked pattern was here ####

PREHOOK: query: from src 
#### A masked pattern was here ####
PREHOOK: type: QUERY
PREHOOK: Input: default@src
#### A masked pattern was here ####
POSTHOOK: query: from src 
#### A masked pattern was here ####
POSTHOOK: type: QUERY
POSTHOOK: Input: default@src
#### A masked pattern was here ####
Found 3 items
#### A masked pattern was here ####
PREHOOK: query: explain
from src 
#### A masked pattern was here ####
PREHOOK: type: QUERY
POSTHOOK: query: explain
from src 
#### A masked pattern was here ####
POSTHOOK: type: QUERY
STAGE DEPENDENCIES:
  Stage-3 is a root stage
  Stage-4 depends on stages: Stage-3
  Stage-0 depends on stages: Stage-3
  Stage-1 depends on stages: Stage-3
  Stage-2 depends on stages: Stage-3

STAGE PLANS:
  Stage: Stage-3
    Map Reduce
      Map Operator Tree:
          TableScan
            alias: src
            Statistics: Num rows: 500 Data size: 5312 Basic stats: COMPLETE Column stats: NONE
            Filter Operator
              predicate: (key = 0) (type: boolean)
              Statistics: Num rows: 250 Data size: 2656 Basic stats: COMPLETE Column stats: NONE
              Select Operator
                expressions: key (type: string), value (type: string)
                outputColumnNames: _col0, _col1
                Statistics: Num rows: 250 Data size: 2656 Basic stats: COMPLETE Column stats: NONE
                File Output Operator
                  compressed: false
                  Statistics: Num rows: 250 Data size: 2656 Basic stats: COMPLETE Column stats: NONE
                  table:
                      input format: org.apache.hadoop.mapred.TextInputFormat
                      output format: org.apache.hadoop.hive.ql.io.HiveIgnoreKeyTextOutputFormat
                      serde: org.apache.hadoop.hive.serde2.lazy.LazySimpleSerDe
            Filter Operator
              predicate: (key = 2) (type: boolean)
              Statistics: Num rows: 250 Data size: 2656 Basic stats: COMPLETE Column stats: NONE
              Select Operator
                expressions: key (type: string), value (type: string)
                outputColumnNames: _col0, _col1
                Statistics: Num rows: 250 Data size: 2656 Basic stats: COMPLETE Column stats: NONE
                File Output Operator
                  compressed: false
                  Statistics: Num rows: 250 Data size: 2656 Basic stats: COMPLETE Column stats: NONE
                  table:
                      input format: org.apache.hadoop.mapred.TextInputFormat
                      output format: org.apache.hadoop.hive.ql.io.HiveIgnoreKeyTextOutputFormat
                      serde: org.apache.hadoop.hive.serde2.lazy.LazySimpleSerDe
            Filter Operator
              predicate: (key = 4) (type: boolean)
              Statistics: Num rows: 250 Data size: 2656 Basic stats: COMPLETE Column stats: NONE
              Select Operator
                expressions: key (type: string), value (type: string)
                outputColumnNames: _col0, _col1
                Statistics: Num rows: 250 Data size: 2656 Basic stats: COMPLETE Column stats: NONE
                File Output Operator
                  compressed: false
                  Statistics: Num rows: 250 Data size: 2656 Basic stats: COMPLETE Column stats: NONE
                  table:
                      input format: org.apache.hadoop.mapred.TextInputFormat
                      output format: org.apache.hadoop.hive.ql.io.HiveIgnoreKeyTextOutputFormat
                      serde: org.apache.hadoop.hive.serde2.lazy.LazySimpleSerDe
      Execution mode: vectorized

  Stage: Stage-4
    Dependency Collection

  Stage: Stage-0
    Move Operator
      files:
          hdfs directory: false
#### A masked pattern was here ####

  Stage: Stage-1
    Move Operator
      files:
          hdfs directory: false
#### A masked pattern was here ####

  Stage: Stage-2
    Move Operator
      files:
          hdfs directory: false
#### A masked pattern was here ####

PREHOOK: query: from src 
#### A masked pattern was here ####
PREHOOK: type: QUERY
PREHOOK: Input: default@src
#### A masked pattern was here ####
POSTHOOK: query: from src 
#### A masked pattern was here ####
POSTHOOK: type: QUERY
POSTHOOK: Input: default@src
#### A masked pattern was here ####
Found 3 items
#### A masked pattern was here ####
PREHOOK: query: explain
from src 
#### A masked pattern was here ####
PREHOOK: type: QUERY
POSTHOOK: query: explain
from src 
#### A masked pattern was here ####
POSTHOOK: type: QUERY
STAGE DEPENDENCIES:
  Stage-3 is a root stage
  Stage-4 depends on stages: Stage-3
  Stage-0 depends on stages: Stage-3
  Stage-1 depends on stages: Stage-3
  Stage-2 depends on stages: Stage-3

STAGE PLANS:
  Stage: Stage-3
    Map Reduce
      Map Operator Tree:
          TableScan
            alias: src
            Statistics: Num rows: 500 Data size: 5312 Basic stats: COMPLETE Column stats: NONE
            Filter Operator
              predicate: (key = 0) (type: boolean)
              Statistics: Num rows: 250 Data size: 2656 Basic stats: COMPLETE Column stats: NONE
              Select Operator
                expressions: key (type: string), value (type: string)
                outputColumnNames: _col0, _col1
                Statistics: Num rows: 250 Data size: 2656 Basic stats: COMPLETE Column stats: NONE
                File Output Operator
                  compressed: false
                  Statistics: Num rows: 250 Data size: 2656 Basic stats: COMPLETE Column stats: NONE
                  table:
                      input format: org.apache.hadoop.mapred.TextInputFormat
                      output format: org.apache.hadoop.hive.ql.io.HiveIgnoreKeyTextOutputFormat
                      serde: org.apache.hadoop.hive.serde2.lazy.LazySimpleSerDe
            Filter Operator
              predicate: (key = 2) (type: boolean)
              Statistics: Num rows: 250 Data size: 2656 Basic stats: COMPLETE Column stats: NONE
              Select Operator
                expressions: key (type: string), value (type: string)
                outputColumnNames: _col0, _col1
                Statistics: Num rows: 250 Data size: 2656 Basic stats: COMPLETE Column stats: NONE
                File Output Operator
                  compressed: false
                  Statistics: Num rows: 250 Data size: 2656 Basic stats: COMPLETE Column stats: NONE
                  table:
                      input format: org.apache.hadoop.mapred.TextInputFormat
                      output format: org.apache.hadoop.hive.ql.io.HiveIgnoreKeyTextOutputFormat
                      serde: org.apache.hadoop.hive.serde2.lazy.LazySimpleSerDe
            Filter Operator
              predicate: (key = 4) (type: boolean)
              Statistics: Num rows: 250 Data size: 2656 Basic stats: COMPLETE Column stats: NONE
              Select Operator
                expressions: key (type: string), value (type: string)
                outputColumnNames: _col0, _col1
                Statistics: Num rows: 250 Data size: 2656 Basic stats: COMPLETE Column stats: NONE
                File Output Operator
                  compressed: false
                  Statistics: Num rows: 250 Data size: 2656 Basic stats: COMPLETE Column stats: NONE
                  table:
                      input format: org.apache.hadoop.mapred.TextInputFormat
                      output format: org.apache.hadoop.hive.ql.io.HiveIgnoreKeyTextOutputFormat
                      serde: org.apache.hadoop.hive.serde2.lazy.LazySimpleSerDe
      Execution mode: vectorized

  Stage: Stage-4
    Dependency Collection

  Stage: Stage-0
    Move Operator
      files:
          hdfs directory: false
#### A masked pattern was here ####

  Stage: Stage-1
    Move Operator
      files:
          hdfs directory: false
#### A masked pattern was here ####

  Stage: Stage-2
    Move Operator
      files:
          hdfs directory: false
#### A masked pattern was here ####

PREHOOK: query: from src 
#### A masked pattern was here ####
PREHOOK: type: QUERY
PREHOOK: Input: default@src
#### A masked pattern was here ####
POSTHOOK: query: from src 
#### A masked pattern was here ####
POSTHOOK: type: QUERY
POSTHOOK: Input: default@src
#### A masked pattern was here ####
Found 3 items
#### A masked pattern was here ####
PREHOOK: query: explain
from src
#### A masked pattern was here ####
PREHOOK: type: QUERY
POSTHOOK: query: explain
from src
#### A masked pattern was here ####
POSTHOOK: type: QUERY
STAGE DEPENDENCIES:
  Stage-2 is a root stage
  Stage-3 depends on stages: Stage-2, Stage-4
  Stage-0 depends on stages: Stage-2
  Stage-4 depends on stages: Stage-2
  Stage-1 depends on stages: Stage-4

STAGE PLANS:
  Stage: Stage-2
    Map Reduce
      Map Operator Tree:
          TableScan
            alias: src
            Statistics: Num rows: 500 Data size: 5312 Basic stats: COMPLETE Column stats: NONE
            Filter Operator
              predicate: (((key > 10) and (key < 20)) or (key < 10)) (type: boolean)
              Statistics: Num rows: 221 Data size: 2347 Basic stats: COMPLETE Column stats: NONE
              Reduce Output Operator
                key expressions: key (type: string), value (type: string)
                sort order: ++
                Map-reduce partition columns: key (type: string)
                Statistics: Num rows: 221 Data size: 2347 Basic stats: COMPLETE Column stats: NONE
      Execution mode: vectorized
      Reduce Operator Tree:
        Forward
          Statistics: Num rows: 221 Data size: 2347 Basic stats: COMPLETE Column stats: NONE
          Filter Operator
            predicate: (KEY._col0 < 10) (type: boolean)
            Statistics: Num rows: 73 Data size: 775 Basic stats: COMPLETE Column stats: NONE
            Group By Operator
              keys: KEY._col0 (type: string), KEY._col1 (type: string)
              mode: complete
              outputColumnNames: _col0, _col1
              Statistics: Num rows: 36 Data size: 382 Basic stats: COMPLETE Column stats: NONE
              File Output Operator
                compressed: false
                Statistics: Num rows: 36 Data size: 382 Basic stats: COMPLETE Column stats: NONE
                table:
                    input format: org.apache.hadoop.mapred.TextInputFormat
                    output format: org.apache.hadoop.hive.ql.io.HiveIgnoreKeyTextOutputFormat
                    serde: org.apache.hadoop.hive.serde2.lazy.LazySimpleSerDe
          Filter Operator
            predicate: ((KEY._col0 < 20) and (KEY._col0 > 10)) (type: boolean)
            Statistics: Num rows: 24 Data size: 254 Basic stats: COMPLETE Column stats: NONE
            Group By Operator
              keys: KEY._col0 (type: string), KEY._col1 (type: string)
              mode: complete
              outputColumnNames: _col0, _col1
              Statistics: Num rows: 12 Data size: 127 Basic stats: COMPLETE Column stats: NONE
              File Output Operator
                compressed: false
                table:
                    input format: org.apache.hadoop.mapred.SequenceFileInputFormat
                    output format: org.apache.hadoop.hive.ql.io.HiveSequenceFileOutputFormat
                    serde: org.apache.hadoop.hive.serde2.lazybinary.LazyBinarySerDe

  Stage: Stage-3
    Dependency Collection

  Stage: Stage-0
    Move Operator
      files:
          hdfs directory: false
#### A masked pattern was here ####

  Stage: Stage-4
    Map Reduce
      Map Operator Tree:
          TableScan
            Reduce Output Operator
              key expressions: _col1 (type: string)
              sort order: +
              Map-reduce partition columns: _col1 (type: string)
              Statistics: Num rows: 12 Data size: 127 Basic stats: COMPLETE Column stats: NONE
              value expressions: _col0 (type: string)
      Execution mode: vectorized
      Reduce Operator Tree:
        Select Operator
          expressions: VALUE._col0 (type: string), KEY.reducesinkkey0 (type: string)
          outputColumnNames: _col0, _col1
          Statistics: Num rows: 12 Data size: 127 Basic stats: COMPLETE Column stats: NONE
          File Output Operator
            compressed: false
            Statistics: Num rows: 12 Data size: 127 Basic stats: COMPLETE Column stats: NONE
            table:
                input format: org.apache.hadoop.mapred.TextInputFormat
                output format: org.apache.hadoop.hive.ql.io.HiveIgnoreKeyTextOutputFormat
                serde: org.apache.hadoop.hive.serde2.lazy.LazySimpleSerDe

  Stage: Stage-1
    Move Operator
      files:
          hdfs directory: false
#### A masked pattern was here ####

PREHOOK: query: from src
#### A masked pattern was here ####
PREHOOK: type: QUERY
PREHOOK: Input: default@src
#### A masked pattern was here ####
POSTHOOK: query: from src
#### A masked pattern was here ####
POSTHOOK: type: QUERY
POSTHOOK: Input: default@src
#### A masked pattern was here ####
Found 2 items
#### A masked pattern was here ####
PREHOOK: query: explain
from src
#### A masked pattern was here ####
PREHOOK: type: QUERY
POSTHOOK: query: explain
from src
#### A masked pattern was here ####
POSTHOOK: type: QUERY
STAGE DEPENDENCIES:
  Stage-2 is a root stage
  Stage-3 depends on stages: Stage-2, Stage-4
  Stage-0 depends on stages: Stage-2
  Stage-4 depends on stages: Stage-2
  Stage-1 depends on stages: Stage-4

STAGE PLANS:
  Stage: Stage-2
    Map Reduce
      Map Operator Tree:
          TableScan
            alias: src
            Statistics: Num rows: 500 Data size: 5312 Basic stats: COMPLETE Column stats: NONE
            Filter Operator
              predicate: (((key > 10) and (key < 20)) or (key < 10)) (type: boolean)
              Statistics: Num rows: 221 Data size: 2347 Basic stats: COMPLETE Column stats: NONE
              Reduce Output Operator
                key expressions: key (type: string), value (type: string)
                sort order: ++
                Map-reduce partition columns: key (type: string)
                Statistics: Num rows: 221 Data size: 2347 Basic stats: COMPLETE Column stats: NONE
      Execution mode: vectorized
      Reduce Operator Tree:
        Forward
          Statistics: Num rows: 221 Data size: 2347 Basic stats: COMPLETE Column stats: NONE
          Filter Operator
            predicate: (KEY._col0 < 10) (type: boolean)
            Statistics: Num rows: 73 Data size: 775 Basic stats: COMPLETE Column stats: NONE
            Group By Operator
              keys: KEY._col0 (type: string), KEY._col1 (type: string)
              mode: complete
              outputColumnNames: _col0, _col1
              Statistics: Num rows: 36 Data size: 382 Basic stats: COMPLETE Column stats: NONE
              File Output Operator
                compressed: false
                Statistics: Num rows: 36 Data size: 382 Basic stats: COMPLETE Column stats: NONE
                table:
                    input format: org.apache.hadoop.mapred.TextInputFormat
                    output format: org.apache.hadoop.hive.ql.io.HiveIgnoreKeyTextOutputFormat
                    serde: org.apache.hadoop.hive.serde2.lazy.LazySimpleSerDe
          Filter Operator
            predicate: ((KEY._col0 < 20) and (KEY._col0 > 10)) (type: boolean)
            Statistics: Num rows: 24 Data size: 254 Basic stats: COMPLETE Column stats: NONE
            Group By Operator
              keys: KEY._col0 (type: string), KEY._col1 (type: string)
              mode: complete
              outputColumnNames: _col0, _col1
              Statistics: Num rows: 12 Data size: 127 Basic stats: COMPLETE Column stats: NONE
              File Output Operator
                compressed: false
                table:
                    input format: org.apache.hadoop.mapred.SequenceFileInputFormat
                    output format: org.apache.hadoop.hive.ql.io.HiveSequenceFileOutputFormat
                    serde: org.apache.hadoop.hive.serde2.lazybinary.LazyBinarySerDe

  Stage: Stage-3
    Dependency Collection

  Stage: Stage-0
    Move Operator
      files:
          hdfs directory: false
#### A masked pattern was here ####

  Stage: Stage-4
    Map Reduce
      Map Operator Tree:
          TableScan
            Reduce Output Operator
              key expressions: _col1 (type: string)
              sort order: +
              Map-reduce partition columns: _col1 (type: string)
              Statistics: Num rows: 12 Data size: 127 Basic stats: COMPLETE Column stats: NONE
              value expressions: _col0 (type: string)
      Execution mode: vectorized
      Reduce Operator Tree:
        Select Operator
          expressions: VALUE._col0 (type: string), KEY.reducesinkkey0 (type: string)
          outputColumnNames: _col0, _col1
          Statistics: Num rows: 12 Data size: 127 Basic stats: COMPLETE Column stats: NONE
          File Output Operator
            compressed: false
            Statistics: Num rows: 12 Data size: 127 Basic stats: COMPLETE Column stats: NONE
            table:
                input format: org.apache.hadoop.mapred.TextInputFormat
                output format: org.apache.hadoop.hive.ql.io.HiveIgnoreKeyTextOutputFormat
                serde: org.apache.hadoop.hive.serde2.lazy.LazySimpleSerDe

  Stage: Stage-1
    Move Operator
      files:
          hdfs directory: false
#### A masked pattern was here ####

PREHOOK: query: from src
#### A masked pattern was here ####
PREHOOK: type: QUERY
PREHOOK: Input: default@src
#### A masked pattern was here ####
POSTHOOK: query: from src
#### A masked pattern was here ####
POSTHOOK: type: QUERY
POSTHOOK: Input: default@src
#### A masked pattern was here ####
Found 2 items
#### A masked pattern was here ####
PREHOOK: query: explain
from src
#### A masked pattern was here ####
PREHOOK: type: QUERY
POSTHOOK: query: explain
from src
#### A masked pattern was here ####
POSTHOOK: type: QUERY
STAGE DEPENDENCIES:
  Stage-2 is a root stage
  Stage-3 depends on stages: Stage-2, Stage-4
  Stage-0 depends on stages: Stage-2
  Stage-4 depends on stages: Stage-2
  Stage-1 depends on stages: Stage-4

STAGE PLANS:
  Stage: Stage-2
    Map Reduce
      Map Operator Tree:
          TableScan
            alias: src
            Statistics: Num rows: 500 Data size: 5312 Basic stats: COMPLETE Column stats: NONE
            Filter Operator
              predicate: (((key > 10) and (key < 20)) or (key < 10)) (type: boolean)
              Statistics: Num rows: 221 Data size: 2347 Basic stats: COMPLETE Column stats: NONE
              Reduce Output Operator
                key expressions: key (type: string), value (type: string)
                sort order: ++
                Map-reduce partition columns: key (type: string)
                Statistics: Num rows: 221 Data size: 2347 Basic stats: COMPLETE Column stats: NONE
      Execution mode: vectorized
      Reduce Operator Tree:
        Forward
          Statistics: Num rows: 221 Data size: 2347 Basic stats: COMPLETE Column stats: NONE
          Filter Operator
            predicate: (KEY._col0 < 10) (type: boolean)
            Statistics: Num rows: 73 Data size: 775 Basic stats: COMPLETE Column stats: NONE
            Group By Operator
              keys: KEY._col0 (type: string), KEY._col1 (type: string)
              mode: complete
              outputColumnNames: _col0, _col1
              Statistics: Num rows: 36 Data size: 382 Basic stats: COMPLETE Column stats: NONE
              File Output Operator
                compressed: false
                Statistics: Num rows: 36 Data size: 382 Basic stats: COMPLETE Column stats: NONE
                table:
                    input format: org.apache.hadoop.mapred.TextInputFormat
                    output format: org.apache.hadoop.hive.ql.io.HiveIgnoreKeyTextOutputFormat
                    serde: org.apache.hadoop.hive.serde2.lazy.LazySimpleSerDe
          Filter Operator
            predicate: ((KEY._col0 < 20) and (KEY._col0 > 10)) (type: boolean)
            Statistics: Num rows: 24 Data size: 254 Basic stats: COMPLETE Column stats: NONE
            Group By Operator
              keys: KEY._col0 (type: string), KEY._col1 (type: string)
              mode: complete
              outputColumnNames: _col0, _col1
              Statistics: Num rows: 12 Data size: 127 Basic stats: COMPLETE Column stats: NONE
              File Output Operator
                compressed: false
                table:
                    input format: org.apache.hadoop.mapred.SequenceFileInputFormat
                    output format: org.apache.hadoop.hive.ql.io.HiveSequenceFileOutputFormat
                    serde: org.apache.hadoop.hive.serde2.lazybinary.LazyBinarySerDe

  Stage: Stage-3
    Dependency Collection

  Stage: Stage-0
    Move Operator
      files:
          hdfs directory: false
#### A masked pattern was here ####

  Stage: Stage-4
    Map Reduce
      Map Operator Tree:
          TableScan
            Reduce Output Operator
              key expressions: _col1 (type: string)
              sort order: +
              Map-reduce partition columns: _col1 (type: string)
              Statistics: Num rows: 12 Data size: 127 Basic stats: COMPLETE Column stats: NONE
              value expressions: _col0 (type: string)
      Execution mode: vectorized
      Reduce Operator Tree:
        Select Operator
          expressions: VALUE._col0 (type: string), KEY.reducesinkkey0 (type: string)
          outputColumnNames: _col0, _col1
          Statistics: Num rows: 12 Data size: 127 Basic stats: COMPLETE Column stats: NONE
          File Output Operator
            compressed: false
            Statistics: Num rows: 12 Data size: 127 Basic stats: COMPLETE Column stats: NONE
            table:
                input format: org.apache.hadoop.mapred.TextInputFormat
                output format: org.apache.hadoop.hive.ql.io.HiveIgnoreKeyTextOutputFormat
                serde: org.apache.hadoop.hive.serde2.lazy.LazySimpleSerDe

  Stage: Stage-1
    Move Operator
      files:
          hdfs directory: false
#### A masked pattern was here ####

PREHOOK: query: from src
#### A masked pattern was here ####
PREHOOK: type: QUERY
PREHOOK: Input: default@src
#### A masked pattern was here ####
POSTHOOK: query: from src
#### A masked pattern was here ####
POSTHOOK: type: QUERY
POSTHOOK: Input: default@src
#### A masked pattern was here ####
Found 2 items
#### A masked pattern was here ####
PREHOOK: query: explain
from src
#### A masked pattern was here ####
PREHOOK: type: QUERY
POSTHOOK: query: explain
from src
#### A masked pattern was here ####
POSTHOOK: type: QUERY
STAGE DEPENDENCIES:
  Stage-2 is a root stage
  Stage-3 depends on stages: Stage-2, Stage-4
  Stage-0 depends on stages: Stage-2
  Stage-4 depends on stages: Stage-2
  Stage-1 depends on stages: Stage-4

STAGE PLANS:
  Stage: Stage-2
    Map Reduce
      Map Operator Tree:
          TableScan
            alias: src
            Statistics: Num rows: 500 Data size: 5312 Basic stats: COMPLETE Column stats: NONE
            Filter Operator
              predicate: (((key > 10) and (key < 20)) or (key < 10)) (type: boolean)
              Statistics: Num rows: 221 Data size: 2347 Basic stats: COMPLETE Column stats: NONE
              Reduce Output Operator
                key expressions: key (type: string), value (type: string)
                sort order: ++
                Map-reduce partition columns: key (type: string)
                Statistics: Num rows: 221 Data size: 2347 Basic stats: COMPLETE Column stats: NONE
      Execution mode: vectorized
      Reduce Operator Tree:
        Forward
          Statistics: Num rows: 221 Data size: 2347 Basic stats: COMPLETE Column stats: NONE
          Filter Operator
            predicate: (KEY._col0 < 10) (type: boolean)
            Statistics: Num rows: 73 Data size: 775 Basic stats: COMPLETE Column stats: NONE
            Group By Operator
              keys: KEY._col0 (type: string), KEY._col1 (type: string)
              mode: complete
              outputColumnNames: _col0, _col1
              Statistics: Num rows: 36 Data size: 382 Basic stats: COMPLETE Column stats: NONE
              File Output Operator
                compressed: false
                Statistics: Num rows: 36 Data size: 382 Basic stats: COMPLETE Column stats: NONE
                table:
                    input format: org.apache.hadoop.mapred.TextInputFormat
                    output format: org.apache.hadoop.hive.ql.io.HiveIgnoreKeyTextOutputFormat
                    serde: org.apache.hadoop.hive.serde2.lazy.LazySimpleSerDe
          Filter Operator
            predicate: ((KEY._col0 < 20) and (KEY._col0 > 10)) (type: boolean)
            Statistics: Num rows: 24 Data size: 254 Basic stats: COMPLETE Column stats: NONE
            Group By Operator
              keys: KEY._col0 (type: string), KEY._col1 (type: string)
              mode: complete
              outputColumnNames: _col0, _col1
              Statistics: Num rows: 12 Data size: 127 Basic stats: COMPLETE Column stats: NONE
              File Output Operator
                compressed: false
                table:
                    input format: org.apache.hadoop.mapred.SequenceFileInputFormat
                    output format: org.apache.hadoop.hive.ql.io.HiveSequenceFileOutputFormat
                    serde: org.apache.hadoop.hive.serde2.lazybinary.LazyBinarySerDe

  Stage: Stage-3
    Dependency Collection

  Stage: Stage-0
    Move Operator
      files:
          hdfs directory: false
#### A masked pattern was here ####

  Stage: Stage-4
    Map Reduce
      Map Operator Tree:
          TableScan
            Reduce Output Operator
              key expressions: _col1 (type: string)
              sort order: +
              Map-reduce partition columns: _col1 (type: string)
              Statistics: Num rows: 12 Data size: 127 Basic stats: COMPLETE Column stats: NONE
              value expressions: _col0 (type: string)
      Execution mode: vectorized
      Reduce Operator Tree:
        Select Operator
          expressions: VALUE._col0 (type: string), KEY.reducesinkkey0 (type: string)
          outputColumnNames: _col0, _col1
          Statistics: Num rows: 12 Data size: 127 Basic stats: COMPLETE Column stats: NONE
          File Output Operator
            compressed: false
            Statistics: Num rows: 12 Data size: 127 Basic stats: COMPLETE Column stats: NONE
            table:
                input format: org.apache.hadoop.mapred.TextInputFormat
                output format: org.apache.hadoop.hive.ql.io.HiveIgnoreKeyTextOutputFormat
                serde: org.apache.hadoop.hive.serde2.lazy.LazySimpleSerDe

  Stage: Stage-1
    Move Operator
      files:
          hdfs directory: false
#### A masked pattern was here ####

PREHOOK: query: from src
#### A masked pattern was here ####
PREHOOK: type: QUERY
PREHOOK: Input: default@src
#### A masked pattern was here ####
POSTHOOK: query: from src
#### A masked pattern was here ####
POSTHOOK: type: QUERY
POSTHOOK: Input: default@src
#### A masked pattern was here ####
Found 2 items
#### A masked pattern was here ####
PREHOOK: query: explain
from src
insert overwrite table src_multi1 select * where key < 10
insert overwrite table src_multi2 select * where key > 10 and key < 20
#### A masked pattern was here ####
PREHOOK: type: QUERY
POSTHOOK: query: explain
from src
insert overwrite table src_multi1 select * where key < 10
insert overwrite table src_multi2 select * where key > 10 and key < 20
#### A masked pattern was here ####
POSTHOOK: type: QUERY
STAGE DEPENDENCIES:
  Stage-4 is a root stage
  Stage-6 depends on stages: Stage-4, Stage-9, Stage-10
  Stage-0 depends on stages: Stage-6
  Stage-5 depends on stages: Stage-0, Stage-8, Stage-2, Stage-3
  Stage-1 depends on stages: Stage-6
  Stage-7 depends on stages: Stage-1, Stage-8, Stage-2, Stage-3
  Stage-8 depends on stages: Stage-4
  Stage-9 depends on stages: Stage-4
  Stage-2 depends on stages: Stage-9
  Stage-10 depends on stages: Stage-9
  Stage-3 depends on stages: Stage-10

STAGE PLANS:
  Stage: Stage-4
    Map Reduce
      Map Operator Tree:
          TableScan
            alias: src
            Statistics: Num rows: 500 Data size: 5312 Basic stats: COMPLETE Column stats: NONE
            Filter Operator
              predicate: (key < 10) (type: boolean)
              Statistics: Num rows: 166 Data size: 1763 Basic stats: COMPLETE Column stats: NONE
              Select Operator
                expressions: key (type: string), value (type: string)
                outputColumnNames: _col0, _col1
                Statistics: Num rows: 166 Data size: 1763 Basic stats: COMPLETE Column stats: NONE
                File Output Operator
                  compressed: false
                  Statistics: Num rows: 166 Data size: 1763 Basic stats: COMPLETE Column stats: NONE
                  table:
                      input format: org.apache.hadoop.mapred.TextInputFormat
                      output format: org.apache.hadoop.hive.ql.io.HiveIgnoreKeyTextOutputFormat
                      serde: org.apache.hadoop.hive.serde2.lazy.LazySimpleSerDe
                      name: default.src_multi1
                Select Operator
                  expressions: _col0 (type: string), _col1 (type: string)
                  outputColumnNames: key, value
                  Statistics: Num rows: 166 Data size: 1763 Basic stats: COMPLETE Column stats: NONE
                  Group By Operator
                    aggregations: compute_stats(key, 'hll'), compute_stats(value, 'hll')
                    mode: hash
                    outputColumnNames: _col0, _col1
                    Statistics: Num rows: 1 Data size: 880 Basic stats: COMPLETE Column stats: NONE
                    Reduce Output Operator
                      sort order: 
                      Statistics: Num rows: 1 Data size: 880 Basic stats: COMPLETE Column stats: NONE
                      value expressions: _col0 (type: struct<columntype:string,maxlength:bigint,sumlength:bigint,count:bigint,countnulls:bigint,bitvector:binary>), _col1 (type: struct<columntype:string,maxlength:bigint,sumlength:bigint,count:bigint,countnulls:bigint,bitvector:binary>)
            Filter Operator
              predicate: ((key < 20) and (key > 10)) (type: boolean)
              Statistics: Num rows: 55 Data size: 584 Basic stats: COMPLETE Column stats: NONE
              Select Operator
                expressions: key (type: string), value (type: string)
                outputColumnNames: _col0, _col1
                Statistics: Num rows: 55 Data size: 584 Basic stats: COMPLETE Column stats: NONE
                File Output Operator
                  compressed: false
                  Statistics: Num rows: 55 Data size: 584 Basic stats: COMPLETE Column stats: NONE
                  table:
                      input format: org.apache.hadoop.mapred.TextInputFormat
                      output format: org.apache.hadoop.hive.ql.io.HiveIgnoreKeyTextOutputFormat
                      serde: org.apache.hadoop.hive.serde2.lazy.LazySimpleSerDe
                      name: default.src_multi2
                Select Operator
                  expressions: _col0 (type: string), _col1 (type: string)
                  outputColumnNames: key, value
                  Statistics: Num rows: 55 Data size: 584 Basic stats: COMPLETE Column stats: NONE
                  Group By Operator
                    aggregations: compute_stats(key, 'hll'), compute_stats(value, 'hll')
                    mode: hash
                    outputColumnNames: _col0, _col1
                    Statistics: Num rows: 1 Data size: 880 Basic stats: COMPLETE Column stats: NONE
                    File Output Operator
                      compressed: false
                      table:
                          input format: org.apache.hadoop.mapred.SequenceFileInputFormat
                          output format: org.apache.hadoop.hive.ql.io.HiveSequenceFileOutputFormat
                          serde: org.apache.hadoop.hive.serde2.lazybinary.LazyBinarySerDe
            Filter Operator
              predicate: (((key > 10) and (key < 20)) or (key < 10)) (type: boolean)
              Statistics: Num rows: 221 Data size: 2347 Basic stats: COMPLETE Column stats: NONE
              File Output Operator
                compressed: false
                table:
                    input format: org.apache.hadoop.mapred.SequenceFileInputFormat
                    output format: org.apache.hadoop.hive.ql.io.HiveSequenceFileOutputFormat
                    serde: org.apache.hadoop.hive.serde2.lazybinary.LazyBinarySerDe
      Reduce Operator Tree:
        Group By Operator
          aggregations: compute_stats(VALUE._col0), compute_stats(VALUE._col1)
          mode: mergepartial
          outputColumnNames: _col0, _col1
          Statistics: Num rows: 1 Data size: 880 Basic stats: COMPLETE Column stats: NONE
          File Output Operator
            compressed: false
            Statistics: Num rows: 1 Data size: 880 Basic stats: COMPLETE Column stats: NONE
            table:
                input format: org.apache.hadoop.mapred.SequenceFileInputFormat
                output format: org.apache.hadoop.hive.ql.io.HiveSequenceFileOutputFormat
                serde: org.apache.hadoop.hive.serde2.lazy.LazySimpleSerDe

  Stage: Stage-6
    Dependency Collection

  Stage: Stage-0
    Move Operator
      tables:
          replace: true
          table:
              input format: org.apache.hadoop.mapred.TextInputFormat
              output format: org.apache.hadoop.hive.ql.io.HiveIgnoreKeyTextOutputFormat
              serde: org.apache.hadoop.hive.serde2.lazy.LazySimpleSerDe
              name: default.src_multi1

  Stage: Stage-5
    Stats Work
      Basic Stats Work:
      Column Stats Desc:
          Columns: key, value
          Column Types: string, string
          Table: default.src_multi1

  Stage: Stage-1
    Move Operator
      tables:
          replace: true
          table:
              input format: org.apache.hadoop.mapred.TextInputFormat
              output format: org.apache.hadoop.hive.ql.io.HiveIgnoreKeyTextOutputFormat
              serde: org.apache.hadoop.hive.serde2.lazy.LazySimpleSerDe
              name: default.src_multi2

  Stage: Stage-7
    Stats Work
      Basic Stats Work:
      Column Stats Desc:
          Columns: key, value
          Column Types: string, string
          Table: default.src_multi2

  Stage: Stage-8
    Map Reduce
      Map Operator Tree:
          TableScan
            Reduce Output Operator
              sort order: 
              Statistics: Num rows: 1 Data size: 880 Basic stats: COMPLETE Column stats: NONE
              value expressions: _col0 (type: struct<columntype:string,maxlength:bigint,sumlength:bigint,count:bigint,countnulls:bigint,bitvector:binary>), _col1 (type: struct<columntype:string,maxlength:bigint,sumlength:bigint,count:bigint,countnulls:bigint,bitvector:binary>)
      Execution mode: vectorized
      Reduce Operator Tree:
        Group By Operator
          aggregations: compute_stats(VALUE._col0), compute_stats(VALUE._col1)
          mode: mergepartial
          outputColumnNames: _col0, _col1
          Statistics: Num rows: 1 Data size: 880 Basic stats: COMPLETE Column stats: NONE
          File Output Operator
            compressed: false
            Statistics: Num rows: 1 Data size: 880 Basic stats: COMPLETE Column stats: NONE
            table:
                input format: org.apache.hadoop.mapred.SequenceFileInputFormat
                output format: org.apache.hadoop.hive.ql.io.HiveSequenceFileOutputFormat
                serde: org.apache.hadoop.hive.serde2.lazy.LazySimpleSerDe

  Stage: Stage-9
    Map Reduce
      Map Operator Tree:
          TableScan
            Reduce Output Operator
              key expressions: key (type: string), value (type: string)
              sort order: ++
              Map-reduce partition columns: key (type: string)
              Statistics: Num rows: 221 Data size: 2347 Basic stats: COMPLETE Column stats: NONE
      Execution mode: vectorized
      Reduce Operator Tree:
        Forward
          Statistics: Num rows: 221 Data size: 2347 Basic stats: COMPLETE Column stats: NONE
          Filter Operator
            predicate: (KEY._col0 < 10) (type: boolean)
            Statistics: Num rows: 73 Data size: 775 Basic stats: COMPLETE Column stats: NONE
            Group By Operator
              keys: KEY._col0 (type: string), KEY._col1 (type: string)
              mode: complete
              outputColumnNames: _col0, _col1
              Statistics: Num rows: 36 Data size: 382 Basic stats: COMPLETE Column stats: NONE
              File Output Operator
                compressed: false
                Statistics: Num rows: 36 Data size: 382 Basic stats: COMPLETE Column stats: NONE
                table:
                    input format: org.apache.hadoop.mapred.TextInputFormat
                    output format: org.apache.hadoop.hive.ql.io.HiveIgnoreKeyTextOutputFormat
                    serde: org.apache.hadoop.hive.serde2.lazy.LazySimpleSerDe
          Filter Operator
            predicate: ((KEY._col0 < 20) and (KEY._col0 > 10)) (type: boolean)
            Statistics: Num rows: 24 Data size: 254 Basic stats: COMPLETE Column stats: NONE
            Group By Operator
              keys: KEY._col0 (type: string), KEY._col1 (type: string)
              mode: complete
              outputColumnNames: _col0, _col1
              Statistics: Num rows: 12 Data size: 127 Basic stats: COMPLETE Column stats: NONE
              File Output Operator
                compressed: false
                table:
                    input format: org.apache.hadoop.mapred.SequenceFileInputFormat
                    output format: org.apache.hadoop.hive.ql.io.HiveSequenceFileOutputFormat
                    serde: org.apache.hadoop.hive.serde2.lazybinary.LazyBinarySerDe

  Stage: Stage-2
    Move Operator
      files:
          hdfs directory: false
#### A masked pattern was here ####

  Stage: Stage-10
    Map Reduce
      Map Operator Tree:
          TableScan
            Reduce Output Operator
              key expressions: _col1 (type: string)
              sort order: +
              Map-reduce partition columns: _col1 (type: string)
              Statistics: Num rows: 12 Data size: 127 Basic stats: COMPLETE Column stats: NONE
              value expressions: _col0 (type: string)
      Execution mode: vectorized
      Reduce Operator Tree:
        Select Operator
          expressions: VALUE._col0 (type: string), KEY.reducesinkkey0 (type: string)
          outputColumnNames: _col0, _col1
          Statistics: Num rows: 12 Data size: 127 Basic stats: COMPLETE Column stats: NONE
          File Output Operator
            compressed: false
            Statistics: Num rows: 12 Data size: 127 Basic stats: COMPLETE Column stats: NONE
            table:
                input format: org.apache.hadoop.mapred.TextInputFormat
                output format: org.apache.hadoop.hive.ql.io.HiveIgnoreKeyTextOutputFormat
                serde: org.apache.hadoop.hive.serde2.lazy.LazySimpleSerDe

  Stage: Stage-3
    Move Operator
      files:
          hdfs directory: false
#### A masked pattern was here ####

PREHOOK: query: from src
insert overwrite table src_multi1 select * where key < 10
insert overwrite table src_multi2 select * where key > 10 and key < 20
#### A masked pattern was here ####
PREHOOK: type: QUERY
PREHOOK: Input: default@src
#### A masked pattern was here ####
PREHOOK: Output: default@src_multi1
PREHOOK: Output: default@src_multi2
POSTHOOK: query: from src
insert overwrite table src_multi1 select * where key < 10
insert overwrite table src_multi2 select * where key > 10 and key < 20
#### A masked pattern was here ####
POSTHOOK: type: QUERY
POSTHOOK: Input: default@src
#### A masked pattern was here ####
POSTHOOK: Output: default@src_multi1
POSTHOOK: Output: default@src_multi2
POSTHOOK: Lineage: src_multi1.key SIMPLE [(src)src.FieldSchema(name:key, type:string, comment:default), ]
POSTHOOK: Lineage: src_multi1.value SIMPLE [(src)src.FieldSchema(name:value, type:string, comment:default), ]
POSTHOOK: Lineage: src_multi2.key SIMPLE [(src)src.FieldSchema(name:key, type:string, comment:default), ]
POSTHOOK: Lineage: src_multi2.value SIMPLE [(src)src.FieldSchema(name:value, type:string, comment:default), ]
PREHOOK: query: select * from src_multi1
PREHOOK: type: QUERY
PREHOOK: Input: default@src_multi1
#### A masked pattern was here ####
POSTHOOK: query: select * from src_multi1
POSTHOOK: type: QUERY
POSTHOOK: Input: default@src_multi1
#### A masked pattern was here ####
0	val_0
0	val_0
0	val_0
2	val_2
4	val_4
5	val_5
5	val_5
5	val_5
8	val_8
9	val_9
PREHOOK: query: select * from src_multi2
PREHOOK: type: QUERY
PREHOOK: Input: default@src_multi2
#### A masked pattern was here ####
POSTHOOK: query: select * from src_multi2
POSTHOOK: type: QUERY
POSTHOOK: Input: default@src_multi2
#### A masked pattern was here ####
11	val_11
12	val_12
12	val_12
15	val_15
15	val_15
17	val_17
18	val_18
18	val_18
19	val_19
Found 2 items
#### A masked pattern was here ####
PREHOOK: query: explain
from src
insert overwrite table src_multi1 select * where key < 10
insert overwrite table src_multi2 select * where key > 10 and key < 20
#### A masked pattern was here ####
PREHOOK: type: QUERY
POSTHOOK: query: explain
from src
insert overwrite table src_multi1 select * where key < 10
insert overwrite table src_multi2 select * where key > 10 and key < 20
#### A masked pattern was here ####
POSTHOOK: type: QUERY
STAGE DEPENDENCIES:
  Stage-4 is a root stage
  Stage-6 depends on stages: Stage-4, Stage-9, Stage-8, Stage-11, Stage-14, Stage-15
  Stage-0 depends on stages: Stage-6
  Stage-5 depends on stages: Stage-0, Stage-13, Stage-2, Stage-3
  Stage-1 depends on stages: Stage-6
  Stage-7 depends on stages: Stage-1, Stage-13, Stage-2, Stage-3
  Stage-12 depends on stages: Stage-4 , consists of Stage-9, Stage-8, Stage-10
  Stage-9
  Stage-8
  Stage-10
  Stage-11 depends on stages: Stage-10
  Stage-13 depends on stages: Stage-4
  Stage-14 depends on stages: Stage-4
  Stage-2 depends on stages: Stage-14
  Stage-15 depends on stages: Stage-14
  Stage-3 depends on stages: Stage-15

STAGE PLANS:
  Stage: Stage-4
    Map Reduce
      Map Operator Tree:
          TableScan
            alias: src
            Statistics: Num rows: 500 Data size: 5312 Basic stats: COMPLETE Column stats: NONE
            Filter Operator
              predicate: (key < 10) (type: boolean)
              Statistics: Num rows: 166 Data size: 1763 Basic stats: COMPLETE Column stats: NONE
              Select Operator
                expressions: key (type: string), value (type: string)
                outputColumnNames: _col0, _col1
                Statistics: Num rows: 166 Data size: 1763 Basic stats: COMPLETE Column stats: NONE
                File Output Operator
                  compressed: false
                  Statistics: Num rows: 166 Data size: 1763 Basic stats: COMPLETE Column stats: NONE
                  table:
                      input format: org.apache.hadoop.mapred.TextInputFormat
                      output format: org.apache.hadoop.hive.ql.io.HiveIgnoreKeyTextOutputFormat
                      serde: org.apache.hadoop.hive.serde2.lazy.LazySimpleSerDe
                      name: default.src_multi1
                Select Operator
                  expressions: _col0 (type: string), _col1 (type: string)
                  outputColumnNames: key, value
                  Statistics: Num rows: 166 Data size: 1763 Basic stats: COMPLETE Column stats: NONE
                  Group By Operator
                    aggregations: compute_stats(key, 'hll'), compute_stats(value, 'hll')
                    mode: hash
                    outputColumnNames: _col0, _col1
                    Statistics: Num rows: 1 Data size: 880 Basic stats: COMPLETE Column stats: NONE
                    Reduce Output Operator
                      sort order: 
                      Statistics: Num rows: 1 Data size: 880 Basic stats: COMPLETE Column stats: NONE
                      value expressions: _col0 (type: struct<columntype:string,maxlength:bigint,sumlength:bigint,count:bigint,countnulls:bigint,bitvector:binary>), _col1 (type: struct<columntype:string,maxlength:bigint,sumlength:bigint,count:bigint,countnulls:bigint,bitvector:binary>)
            Filter Operator
              predicate: ((key < 20) and (key > 10)) (type: boolean)
              Statistics: Num rows: 55 Data size: 584 Basic stats: COMPLETE Column stats: NONE
              Select Operator
                expressions: key (type: string), value (type: string)
                outputColumnNames: _col0, _col1
                Statistics: Num rows: 55 Data size: 584 Basic stats: COMPLETE Column stats: NONE
                File Output Operator
                  compressed: false
                  Statistics: Num rows: 55 Data size: 584 Basic stats: COMPLETE Column stats: NONE
                  table:
                      input format: org.apache.hadoop.mapred.TextInputFormat
                      output format: org.apache.hadoop.hive.ql.io.HiveIgnoreKeyTextOutputFormat
                      serde: org.apache.hadoop.hive.serde2.lazy.LazySimpleSerDe
                      name: default.src_multi2
                Select Operator
                  expressions: _col0 (type: string), _col1 (type: string)
                  outputColumnNames: key, value
                  Statistics: Num rows: 55 Data size: 584 Basic stats: COMPLETE Column stats: NONE
                  Group By Operator
                    aggregations: compute_stats(key, 'hll'), compute_stats(value, 'hll')
                    mode: hash
                    outputColumnNames: _col0, _col1
                    Statistics: Num rows: 1 Data size: 880 Basic stats: COMPLETE Column stats: NONE
                    File Output Operator
                      compressed: false
                      table:
                          input format: org.apache.hadoop.mapred.SequenceFileInputFormat
                          output format: org.apache.hadoop.hive.ql.io.HiveSequenceFileOutputFormat
                          serde: org.apache.hadoop.hive.serde2.lazybinary.LazyBinarySerDe
            Filter Operator
              predicate: (((key > 10) and (key < 20)) or (key < 10)) (type: boolean)
              Statistics: Num rows: 221 Data size: 2347 Basic stats: COMPLETE Column stats: NONE
              File Output Operator
                compressed: false
                table:
                    input format: org.apache.hadoop.mapred.SequenceFileInputFormat
                    output format: org.apache.hadoop.hive.ql.io.HiveSequenceFileOutputFormat
                    serde: org.apache.hadoop.hive.serde2.lazybinary.LazyBinarySerDe
      Reduce Operator Tree:
        Group By Operator
          aggregations: compute_stats(VALUE._col0), compute_stats(VALUE._col1)
          mode: mergepartial
          outputColumnNames: _col0, _col1
          Statistics: Num rows: 1 Data size: 880 Basic stats: COMPLETE Column stats: NONE
          File Output Operator
            compressed: false
            Statistics: Num rows: 1 Data size: 880 Basic stats: COMPLETE Column stats: NONE
            table:
                input format: org.apache.hadoop.mapred.SequenceFileInputFormat
                output format: org.apache.hadoop.hive.ql.io.HiveSequenceFileOutputFormat
                serde: org.apache.hadoop.hive.serde2.lazy.LazySimpleSerDe

  Stage: Stage-6
    Dependency Collection

  Stage: Stage-0
    Move Operator
      tables:
          replace: true
          table:
              input format: org.apache.hadoop.mapred.TextInputFormat
              output format: org.apache.hadoop.hive.ql.io.HiveIgnoreKeyTextOutputFormat
              serde: org.apache.hadoop.hive.serde2.lazy.LazySimpleSerDe
              name: default.src_multi1

  Stage: Stage-5
    Stats Work
      Basic Stats Work:
      Column Stats Desc:
          Columns: key, value
          Column Types: string, string
          Table: default.src_multi1

  Stage: Stage-1
    Move Operator
      tables:
          replace: true
          table:
              input format: org.apache.hadoop.mapred.TextInputFormat
              output format: org.apache.hadoop.hive.ql.io.HiveIgnoreKeyTextOutputFormat
              serde: org.apache.hadoop.hive.serde2.lazy.LazySimpleSerDe
              name: default.src_multi2

  Stage: Stage-7
    Stats Work
      Basic Stats Work:
      Column Stats Desc:
          Columns: key, value
          Column Types: string, string
          Table: default.src_multi2

  Stage: Stage-12
    Conditional Operator

  Stage: Stage-9
    Move Operator
      files:
          hdfs directory: true
#### A masked pattern was here ####

  Stage: Stage-8
    Map Reduce
      Map Operator Tree:
          TableScan
            File Output Operator
              compressed: false
              table:
                  input format: org.apache.hadoop.mapred.TextInputFormat
                  output format: org.apache.hadoop.hive.ql.io.HiveIgnoreKeyTextOutputFormat
                  serde: org.apache.hadoop.hive.serde2.lazy.LazySimpleSerDe
                  name: default.src_multi2

  Stage: Stage-10
    Map Reduce
      Map Operator Tree:
          TableScan
            File Output Operator
              compressed: false
              table:
                  input format: org.apache.hadoop.mapred.TextInputFormat
                  output format: org.apache.hadoop.hive.ql.io.HiveIgnoreKeyTextOutputFormat
                  serde: org.apache.hadoop.hive.serde2.lazy.LazySimpleSerDe
                  name: default.src_multi2

  Stage: Stage-11
    Move Operator
      files:
          hdfs directory: true
#### A masked pattern was here ####

  Stage: Stage-13
    Map Reduce
      Map Operator Tree:
          TableScan
            Reduce Output Operator
              sort order: 
              Statistics: Num rows: 1 Data size: 880 Basic stats: COMPLETE Column stats: NONE
              value expressions: _col0 (type: struct<columntype:string,maxlength:bigint,sumlength:bigint,count:bigint,countnulls:bigint,bitvector:binary>), _col1 (type: struct<columntype:string,maxlength:bigint,sumlength:bigint,count:bigint,countnulls:bigint,bitvector:binary>)
      Execution mode: vectorized
      Reduce Operator Tree:
        Group By Operator
          aggregations: compute_stats(VALUE._col0), compute_stats(VALUE._col1)
          mode: mergepartial
          outputColumnNames: _col0, _col1
          Statistics: Num rows: 1 Data size: 880 Basic stats: COMPLETE Column stats: NONE
          File Output Operator
            compressed: false
            Statistics: Num rows: 1 Data size: 880 Basic stats: COMPLETE Column stats: NONE
            table:
                input format: org.apache.hadoop.mapred.SequenceFileInputFormat
                output format: org.apache.hadoop.hive.ql.io.HiveSequenceFileOutputFormat
                serde: org.apache.hadoop.hive.serde2.lazy.LazySimpleSerDe

  Stage: Stage-14
    Map Reduce
      Map Operator Tree:
          TableScan
            Reduce Output Operator
              key expressions: key (type: string), value (type: string)
              sort order: ++
              Map-reduce partition columns: key (type: string)
              Statistics: Num rows: 221 Data size: 2347 Basic stats: COMPLETE Column stats: NONE
      Execution mode: vectorized
      Reduce Operator Tree:
        Forward
          Statistics: Num rows: 221 Data size: 2347 Basic stats: COMPLETE Column stats: NONE
          Filter Operator
            predicate: (KEY._col0 < 10) (type: boolean)
            Statistics: Num rows: 73 Data size: 775 Basic stats: COMPLETE Column stats: NONE
            Group By Operator
              keys: KEY._col0 (type: string), KEY._col1 (type: string)
              mode: complete
              outputColumnNames: _col0, _col1
              Statistics: Num rows: 36 Data size: 382 Basic stats: COMPLETE Column stats: NONE
              File Output Operator
                compressed: false
                Statistics: Num rows: 36 Data size: 382 Basic stats: COMPLETE Column stats: NONE
                table:
                    input format: org.apache.hadoop.mapred.TextInputFormat
                    output format: org.apache.hadoop.hive.ql.io.HiveIgnoreKeyTextOutputFormat
                    serde: org.apache.hadoop.hive.serde2.lazy.LazySimpleSerDe
          Filter Operator
            predicate: ((KEY._col0 < 20) and (KEY._col0 > 10)) (type: boolean)
            Statistics: Num rows: 24 Data size: 254 Basic stats: COMPLETE Column stats: NONE
            Group By Operator
              keys: KEY._col0 (type: string), KEY._col1 (type: string)
              mode: complete
              outputColumnNames: _col0, _col1
              Statistics: Num rows: 12 Data size: 127 Basic stats: COMPLETE Column stats: NONE
              File Output Operator
                compressed: false
                table:
                    input format: org.apache.hadoop.mapred.SequenceFileInputFormat
                    output format: org.apache.hadoop.hive.ql.io.HiveSequenceFileOutputFormat
                    serde: org.apache.hadoop.hive.serde2.lazybinary.LazyBinarySerDe

  Stage: Stage-2
    Move Operator
      files:
          hdfs directory: false
#### A masked pattern was here ####

  Stage: Stage-15
    Map Reduce
      Map Operator Tree:
          TableScan
            Reduce Output Operator
              key expressions: _col1 (type: string)
              sort order: +
              Map-reduce partition columns: _col1 (type: string)
              Statistics: Num rows: 12 Data size: 127 Basic stats: COMPLETE Column stats: NONE
              value expressions: _col0 (type: string)
      Execution mode: vectorized
      Reduce Operator Tree:
        Select Operator
          expressions: VALUE._col0 (type: string), KEY.reducesinkkey0 (type: string)
          outputColumnNames: _col0, _col1
          Statistics: Num rows: 12 Data size: 127 Basic stats: COMPLETE Column stats: NONE
          File Output Operator
            compressed: false
            Statistics: Num rows: 12 Data size: 127 Basic stats: COMPLETE Column stats: NONE
            table:
                input format: org.apache.hadoop.mapred.TextInputFormat
                output format: org.apache.hadoop.hive.ql.io.HiveIgnoreKeyTextOutputFormat
                serde: org.apache.hadoop.hive.serde2.lazy.LazySimpleSerDe

  Stage: Stage-3
    Move Operator
      files:
          hdfs directory: false
#### A masked pattern was here ####

PREHOOK: query: from src
insert overwrite table src_multi1 select * where key < 10
insert overwrite table src_multi2 select * where key > 10 and key < 20
#### A masked pattern was here ####
PREHOOK: type: QUERY
PREHOOK: Input: default@src
#### A masked pattern was here ####
PREHOOK: Output: default@src_multi1
PREHOOK: Output: default@src_multi2
POSTHOOK: query: from src
insert overwrite table src_multi1 select * where key < 10
insert overwrite table src_multi2 select * where key > 10 and key < 20
#### A masked pattern was here ####
POSTHOOK: type: QUERY
POSTHOOK: Input: default@src
#### A masked pattern was here ####
POSTHOOK: Output: default@src_multi1
POSTHOOK: Output: default@src_multi2
POSTHOOK: Lineage: src_multi1.key SIMPLE [(src)src.FieldSchema(name:key, type:string, comment:default), ]
POSTHOOK: Lineage: src_multi1.value SIMPLE [(src)src.FieldSchema(name:value, type:string, comment:default), ]
POSTHOOK: Lineage: src_multi2.key SIMPLE [(src)src.FieldSchema(name:key, type:string, comment:default), ]
POSTHOOK: Lineage: src_multi2.value SIMPLE [(src)src.FieldSchema(name:value, type:string, comment:default), ]
PREHOOK: query: select * from src_multi1
PREHOOK: type: QUERY
PREHOOK: Input: default@src_multi1
#### A masked pattern was here ####
POSTHOOK: query: select * from src_multi1
POSTHOOK: type: QUERY
POSTHOOK: Input: default@src_multi1
#### A masked pattern was here ####
0	val_0
0	val_0
0	val_0
2	val_2
4	val_4
5	val_5
5	val_5
5	val_5
8	val_8
9	val_9
PREHOOK: query: select * from src_multi2
PREHOOK: type: QUERY
PREHOOK: Input: default@src_multi2
#### A masked pattern was here ####
POSTHOOK: query: select * from src_multi2
POSTHOOK: type: QUERY
POSTHOOK: Input: default@src_multi2
#### A masked pattern was here ####
11	val_11
12	val_12
12	val_12
15	val_15
15	val_15
17	val_17
18	val_18
18	val_18
19	val_19
Found 2 items
#### A masked pattern was here ####
PREHOOK: query: explain
from src
insert overwrite table src_multi1 select * where key < 10
insert overwrite table src_multi2 select * where key > 10 and key < 20
#### A masked pattern was here ####
PREHOOK: type: QUERY
POSTHOOK: query: explain
from src
insert overwrite table src_multi1 select * where key < 10
insert overwrite table src_multi2 select * where key > 10 and key < 20
#### A masked pattern was here ####
POSTHOOK: type: QUERY
STAGE DEPENDENCIES:
  Stage-4 is a root stage
  Stage-11 depends on stages: Stage-4 , consists of Stage-8, Stage-7, Stage-9
  Stage-8
  Stage-6 depends on stages: Stage-8, Stage-7, Stage-10, Stage-4, Stage-14, Stage-15
  Stage-0 depends on stages: Stage-6
  Stage-5 depends on stages: Stage-0, Stage-13, Stage-2, Stage-3
  Stage-1 depends on stages: Stage-6
  Stage-12 depends on stages: Stage-1, Stage-13, Stage-2, Stage-3
  Stage-7
  Stage-9
  Stage-10 depends on stages: Stage-9
  Stage-13 depends on stages: Stage-4
  Stage-14 depends on stages: Stage-4
  Stage-2 depends on stages: Stage-14
  Stage-15 depends on stages: Stage-14
  Stage-3 depends on stages: Stage-15

STAGE PLANS:
  Stage: Stage-4
    Map Reduce
      Map Operator Tree:
          TableScan
            alias: src
            Statistics: Num rows: 500 Data size: 5312 Basic stats: COMPLETE Column stats: NONE
            Filter Operator
              predicate: (key < 10) (type: boolean)
              Statistics: Num rows: 166 Data size: 1763 Basic stats: COMPLETE Column stats: NONE
              Select Operator
                expressions: key (type: string), value (type: string)
                outputColumnNames: _col0, _col1
                Statistics: Num rows: 166 Data size: 1763 Basic stats: COMPLETE Column stats: NONE
                File Output Operator
                  compressed: false
                  Statistics: Num rows: 166 Data size: 1763 Basic stats: COMPLETE Column stats: NONE
                  table:
                      input format: org.apache.hadoop.mapred.TextInputFormat
                      output format: org.apache.hadoop.hive.ql.io.HiveIgnoreKeyTextOutputFormat
                      serde: org.apache.hadoop.hive.serde2.lazy.LazySimpleSerDe
                      name: default.src_multi1
                Select Operator
                  expressions: _col0 (type: string), _col1 (type: string)
                  outputColumnNames: key, value
                  Statistics: Num rows: 166 Data size: 1763 Basic stats: COMPLETE Column stats: NONE
                  Group By Operator
                    aggregations: compute_stats(key, 'hll'), compute_stats(value, 'hll')
                    mode: hash
                    outputColumnNames: _col0, _col1
                    Statistics: Num rows: 1 Data size: 880 Basic stats: COMPLETE Column stats: NONE
                    Reduce Output Operator
                      sort order: 
                      Statistics: Num rows: 1 Data size: 880 Basic stats: COMPLETE Column stats: NONE
                      value expressions: _col0 (type: struct<columntype:string,maxlength:bigint,sumlength:bigint,count:bigint,countnulls:bigint,bitvector:binary>), _col1 (type: struct<columntype:string,maxlength:bigint,sumlength:bigint,count:bigint,countnulls:bigint,bitvector:binary>)
            Filter Operator
              predicate: ((key < 20) and (key > 10)) (type: boolean)
              Statistics: Num rows: 55 Data size: 584 Basic stats: COMPLETE Column stats: NONE
              Select Operator
                expressions: key (type: string), value (type: string)
                outputColumnNames: _col0, _col1
                Statistics: Num rows: 55 Data size: 584 Basic stats: COMPLETE Column stats: NONE
                File Output Operator
                  compressed: false
                  Statistics: Num rows: 55 Data size: 584 Basic stats: COMPLETE Column stats: NONE
                  table:
                      input format: org.apache.hadoop.mapred.TextInputFormat
                      output format: org.apache.hadoop.hive.ql.io.HiveIgnoreKeyTextOutputFormat
                      serde: org.apache.hadoop.hive.serde2.lazy.LazySimpleSerDe
                      name: default.src_multi2
                Select Operator
                  expressions: _col0 (type: string), _col1 (type: string)
                  outputColumnNames: key, value
                  Statistics: Num rows: 55 Data size: 584 Basic stats: COMPLETE Column stats: NONE
                  Group By Operator
                    aggregations: compute_stats(key, 'hll'), compute_stats(value, 'hll')
                    mode: hash
                    outputColumnNames: _col0, _col1
                    Statistics: Num rows: 1 Data size: 880 Basic stats: COMPLETE Column stats: NONE
                    File Output Operator
                      compressed: false
                      table:
                          input format: org.apache.hadoop.mapred.SequenceFileInputFormat
                          output format: org.apache.hadoop.hive.ql.io.HiveSequenceFileOutputFormat
                          serde: org.apache.hadoop.hive.serde2.lazybinary.LazyBinarySerDe
            Filter Operator
              predicate: (((key > 10) and (key < 20)) or (key < 10)) (type: boolean)
              Statistics: Num rows: 221 Data size: 2347 Basic stats: COMPLETE Column stats: NONE
              File Output Operator
                compressed: false
                table:
                    input format: org.apache.hadoop.mapred.SequenceFileInputFormat
                    output format: org.apache.hadoop.hive.ql.io.HiveSequenceFileOutputFormat
                    serde: org.apache.hadoop.hive.serde2.lazybinary.LazyBinarySerDe
      Reduce Operator Tree:
        Group By Operator
          aggregations: compute_stats(VALUE._col0), compute_stats(VALUE._col1)
          mode: mergepartial
          outputColumnNames: _col0, _col1
          Statistics: Num rows: 1 Data size: 880 Basic stats: COMPLETE Column stats: NONE
          File Output Operator
            compressed: false
            Statistics: Num rows: 1 Data size: 880 Basic stats: COMPLETE Column stats: NONE
            table:
                input format: org.apache.hadoop.mapred.SequenceFileInputFormat
                output format: org.apache.hadoop.hive.ql.io.HiveSequenceFileOutputFormat
                serde: org.apache.hadoop.hive.serde2.lazy.LazySimpleSerDe

  Stage: Stage-11
    Conditional Operator

  Stage: Stage-8
    Move Operator
      files:
          hdfs directory: true
#### A masked pattern was here ####

  Stage: Stage-6
    Dependency Collection

  Stage: Stage-0
    Move Operator
      tables:
          replace: true
          table:
              input format: org.apache.hadoop.mapred.TextInputFormat
              output format: org.apache.hadoop.hive.ql.io.HiveIgnoreKeyTextOutputFormat
              serde: org.apache.hadoop.hive.serde2.lazy.LazySimpleSerDe
              name: default.src_multi1

  Stage: Stage-5
    Stats Work
      Basic Stats Work:
      Column Stats Desc:
          Columns: key, value
          Column Types: string, string
          Table: default.src_multi1

  Stage: Stage-1
    Move Operator
      tables:
          replace: true
          table:
              input format: org.apache.hadoop.mapred.TextInputFormat
              output format: org.apache.hadoop.hive.ql.io.HiveIgnoreKeyTextOutputFormat
              serde: org.apache.hadoop.hive.serde2.lazy.LazySimpleSerDe
              name: default.src_multi2

  Stage: Stage-12
    Stats Work
      Basic Stats Work:
      Column Stats Desc:
          Columns: key, value
          Column Types: string, string
          Table: default.src_multi2

  Stage: Stage-7
    Map Reduce
      Map Operator Tree:
          TableScan
            File Output Operator
              compressed: false
              table:
                  input format: org.apache.hadoop.mapred.TextInputFormat
                  output format: org.apache.hadoop.hive.ql.io.HiveIgnoreKeyTextOutputFormat
                  serde: org.apache.hadoop.hive.serde2.lazy.LazySimpleSerDe
                  name: default.src_multi1

  Stage: Stage-9
    Map Reduce
      Map Operator Tree:
          TableScan
            File Output Operator
              compressed: false
              table:
                  input format: org.apache.hadoop.mapred.TextInputFormat
                  output format: org.apache.hadoop.hive.ql.io.HiveIgnoreKeyTextOutputFormat
                  serde: org.apache.hadoop.hive.serde2.lazy.LazySimpleSerDe
                  name: default.src_multi1

  Stage: Stage-10
    Move Operator
      files:
          hdfs directory: true
#### A masked pattern was here ####

  Stage: Stage-13
    Map Reduce
      Map Operator Tree:
          TableScan
            Reduce Output Operator
              sort order: 
              Statistics: Num rows: 1 Data size: 880 Basic stats: COMPLETE Column stats: NONE
              value expressions: _col0 (type: struct<columntype:string,maxlength:bigint,sumlength:bigint,count:bigint,countnulls:bigint,bitvector:binary>), _col1 (type: struct<columntype:string,maxlength:bigint,sumlength:bigint,count:bigint,countnulls:bigint,bitvector:binary>)
      Execution mode: vectorized
      Reduce Operator Tree:
        Group By Operator
          aggregations: compute_stats(VALUE._col0), compute_stats(VALUE._col1)
          mode: mergepartial
          outputColumnNames: _col0, _col1
          Statistics: Num rows: 1 Data size: 880 Basic stats: COMPLETE Column stats: NONE
          File Output Operator
            compressed: false
            Statistics: Num rows: 1 Data size: 880 Basic stats: COMPLETE Column stats: NONE
            table:
                input format: org.apache.hadoop.mapred.SequenceFileInputFormat
                output format: org.apache.hadoop.hive.ql.io.HiveSequenceFileOutputFormat
                serde: org.apache.hadoop.hive.serde2.lazy.LazySimpleSerDe

  Stage: Stage-14
    Map Reduce
      Map Operator Tree:
          TableScan
            Reduce Output Operator
              key expressions: key (type: string), value (type: string)
              sort order: ++
              Map-reduce partition columns: key (type: string)
              Statistics: Num rows: 221 Data size: 2347 Basic stats: COMPLETE Column stats: NONE
      Execution mode: vectorized
      Reduce Operator Tree:
        Forward
          Statistics: Num rows: 221 Data size: 2347 Basic stats: COMPLETE Column stats: NONE
          Filter Operator
            predicate: (KEY._col0 < 10) (type: boolean)
            Statistics: Num rows: 73 Data size: 775 Basic stats: COMPLETE Column stats: NONE
            Group By Operator
              keys: KEY._col0 (type: string), KEY._col1 (type: string)
              mode: complete
              outputColumnNames: _col0, _col1
              Statistics: Num rows: 36 Data size: 382 Basic stats: COMPLETE Column stats: NONE
              File Output Operator
                compressed: false
                Statistics: Num rows: 36 Data size: 382 Basic stats: COMPLETE Column stats: NONE
                table:
                    input format: org.apache.hadoop.mapred.TextInputFormat
                    output format: org.apache.hadoop.hive.ql.io.HiveIgnoreKeyTextOutputFormat
                    serde: org.apache.hadoop.hive.serde2.lazy.LazySimpleSerDe
          Filter Operator
            predicate: ((KEY._col0 < 20) and (KEY._col0 > 10)) (type: boolean)
            Statistics: Num rows: 24 Data size: 254 Basic stats: COMPLETE Column stats: NONE
            Group By Operator
              keys: KEY._col0 (type: string), KEY._col1 (type: string)
              mode: complete
              outputColumnNames: _col0, _col1
              Statistics: Num rows: 12 Data size: 127 Basic stats: COMPLETE Column stats: NONE
              File Output Operator
                compressed: false
                table:
                    input format: org.apache.hadoop.mapred.SequenceFileInputFormat
                    output format: org.apache.hadoop.hive.ql.io.HiveSequenceFileOutputFormat
                    serde: org.apache.hadoop.hive.serde2.lazybinary.LazyBinarySerDe

  Stage: Stage-2
    Move Operator
      files:
          hdfs directory: false
#### A masked pattern was here ####

  Stage: Stage-15
    Map Reduce
      Map Operator Tree:
          TableScan
            Reduce Output Operator
              key expressions: _col1 (type: string)
              sort order: +
              Map-reduce partition columns: _col1 (type: string)
              Statistics: Num rows: 12 Data size: 127 Basic stats: COMPLETE Column stats: NONE
              value expressions: _col0 (type: string)
      Execution mode: vectorized
      Reduce Operator Tree:
        Select Operator
          expressions: VALUE._col0 (type: string), KEY.reducesinkkey0 (type: string)
          outputColumnNames: _col0, _col1
          Statistics: Num rows: 12 Data size: 127 Basic stats: COMPLETE Column stats: NONE
          File Output Operator
            compressed: false
            Statistics: Num rows: 12 Data size: 127 Basic stats: COMPLETE Column stats: NONE
            table:
                input format: org.apache.hadoop.mapred.TextInputFormat
                output format: org.apache.hadoop.hive.ql.io.HiveIgnoreKeyTextOutputFormat
                serde: org.apache.hadoop.hive.serde2.lazy.LazySimpleSerDe

  Stage: Stage-3
    Move Operator
      files:
          hdfs directory: false
#### A masked pattern was here ####

PREHOOK: query: from src
insert overwrite table src_multi1 select * where key < 10
insert overwrite table src_multi2 select * where key > 10 and key < 20
#### A masked pattern was here ####
PREHOOK: type: QUERY
PREHOOK: Input: default@src
#### A masked pattern was here ####
PREHOOK: Output: default@src_multi1
PREHOOK: Output: default@src_multi2
POSTHOOK: query: from src
insert overwrite table src_multi1 select * where key < 10
insert overwrite table src_multi2 select * where key > 10 and key < 20
#### A masked pattern was here ####
POSTHOOK: type: QUERY
POSTHOOK: Input: default@src
#### A masked pattern was here ####
POSTHOOK: Output: default@src_multi1
POSTHOOK: Output: default@src_multi2
POSTHOOK: Lineage: src_multi1.key SIMPLE [(src)src.FieldSchema(name:key, type:string, comment:default), ]
POSTHOOK: Lineage: src_multi1.value SIMPLE [(src)src.FieldSchema(name:value, type:string, comment:default), ]
POSTHOOK: Lineage: src_multi2.key SIMPLE [(src)src.FieldSchema(name:key, type:string, comment:default), ]
POSTHOOK: Lineage: src_multi2.value SIMPLE [(src)src.FieldSchema(name:value, type:string, comment:default), ]
PREHOOK: query: select * from src_multi1
PREHOOK: type: QUERY
PREHOOK: Input: default@src_multi1
#### A masked pattern was here ####
POSTHOOK: query: select * from src_multi1
POSTHOOK: type: QUERY
POSTHOOK: Input: default@src_multi1
#### A masked pattern was here ####
0	val_0
0	val_0
0	val_0
2	val_2
4	val_4
5	val_5
5	val_5
5	val_5
8	val_8
9	val_9
PREHOOK: query: select * from src_multi2
PREHOOK: type: QUERY
PREHOOK: Input: default@src_multi2
#### A masked pattern was here ####
POSTHOOK: query: select * from src_multi2
POSTHOOK: type: QUERY
POSTHOOK: Input: default@src_multi2
#### A masked pattern was here ####
11	val_11
12	val_12
12	val_12
15	val_15
15	val_15
17	val_17
18	val_18
18	val_18
19	val_19
Found 2 items
#### A masked pattern was here ####
PREHOOK: query: explain
from src
insert overwrite table src_multi1 select * where key < 10
insert overwrite table src_multi2 select * where key > 10 and key < 20
#### A masked pattern was here ####
PREHOOK: type: QUERY
POSTHOOK: query: explain
from src
insert overwrite table src_multi1 select * where key < 10
insert overwrite table src_multi2 select * where key > 10 and key < 20
#### A masked pattern was here ####
POSTHOOK: type: QUERY
STAGE DEPENDENCIES:
  Stage-4 is a root stage
  Stage-11 depends on stages: Stage-4 , consists of Stage-8, Stage-7, Stage-9
  Stage-8
  Stage-6 depends on stages: Stage-8, Stage-7, Stage-10, Stage-14, Stage-13, Stage-16, Stage-19, Stage-20
  Stage-0 depends on stages: Stage-6
  Stage-5 depends on stages: Stage-0, Stage-18, Stage-2, Stage-3
  Stage-1 depends on stages: Stage-6
  Stage-12 depends on stages: Stage-1, Stage-18, Stage-2, Stage-3
  Stage-7
  Stage-9
  Stage-10 depends on stages: Stage-9
  Stage-17 depends on stages: Stage-4 , consists of Stage-14, Stage-13, Stage-15
  Stage-14
  Stage-13
  Stage-15
  Stage-16 depends on stages: Stage-15
  Stage-18 depends on stages: Stage-4
  Stage-19 depends on stages: Stage-4
  Stage-2 depends on stages: Stage-19
  Stage-20 depends on stages: Stage-19
  Stage-3 depends on stages: Stage-20

STAGE PLANS:
  Stage: Stage-4
    Map Reduce
      Map Operator Tree:
          TableScan
            alias: src
            Statistics: Num rows: 500 Data size: 5312 Basic stats: COMPLETE Column stats: NONE
            Filter Operator
              predicate: (key < 10) (type: boolean)
              Statistics: Num rows: 166 Data size: 1763 Basic stats: COMPLETE Column stats: NONE
              Select Operator
                expressions: key (type: string), value (type: string)
                outputColumnNames: _col0, _col1
                Statistics: Num rows: 166 Data size: 1763 Basic stats: COMPLETE Column stats: NONE
                File Output Operator
                  compressed: false
                  Statistics: Num rows: 166 Data size: 1763 Basic stats: COMPLETE Column stats: NONE
                  table:
                      input format: org.apache.hadoop.mapred.TextInputFormat
                      output format: org.apache.hadoop.hive.ql.io.HiveIgnoreKeyTextOutputFormat
                      serde: org.apache.hadoop.hive.serde2.lazy.LazySimpleSerDe
                      name: default.src_multi1
                Select Operator
                  expressions: _col0 (type: string), _col1 (type: string)
                  outputColumnNames: key, value
                  Statistics: Num rows: 166 Data size: 1763 Basic stats: COMPLETE Column stats: NONE
                  Group By Operator
                    aggregations: compute_stats(key, 'hll'), compute_stats(value, 'hll')
                    mode: hash
                    outputColumnNames: _col0, _col1
                    Statistics: Num rows: 1 Data size: 880 Basic stats: COMPLETE Column stats: NONE
                    Reduce Output Operator
                      sort order: 
                      Statistics: Num rows: 1 Data size: 880 Basic stats: COMPLETE Column stats: NONE
                      value expressions: _col0 (type: struct<columntype:string,maxlength:bigint,sumlength:bigint,count:bigint,countnulls:bigint,bitvector:binary>), _col1 (type: struct<columntype:string,maxlength:bigint,sumlength:bigint,count:bigint,countnulls:bigint,bitvector:binary>)
            Filter Operator
              predicate: ((key < 20) and (key > 10)) (type: boolean)
              Statistics: Num rows: 55 Data size: 584 Basic stats: COMPLETE Column stats: NONE
              Select Operator
                expressions: key (type: string), value (type: string)
                outputColumnNames: _col0, _col1
                Statistics: Num rows: 55 Data size: 584 Basic stats: COMPLETE Column stats: NONE
                File Output Operator
                  compressed: false
                  Statistics: Num rows: 55 Data size: 584 Basic stats: COMPLETE Column stats: NONE
                  table:
                      input format: org.apache.hadoop.mapred.TextInputFormat
                      output format: org.apache.hadoop.hive.ql.io.HiveIgnoreKeyTextOutputFormat
                      serde: org.apache.hadoop.hive.serde2.lazy.LazySimpleSerDe
                      name: default.src_multi2
                Select Operator
                  expressions: _col0 (type: string), _col1 (type: string)
                  outputColumnNames: key, value
                  Statistics: Num rows: 55 Data size: 584 Basic stats: COMPLETE Column stats: NONE
                  Group By Operator
                    aggregations: compute_stats(key, 'hll'), compute_stats(value, 'hll')
                    mode: hash
                    outputColumnNames: _col0, _col1
                    Statistics: Num rows: 1 Data size: 880 Basic stats: COMPLETE Column stats: NONE
                    File Output Operator
                      compressed: false
                      table:
                          input format: org.apache.hadoop.mapred.SequenceFileInputFormat
                          output format: org.apache.hadoop.hive.ql.io.HiveSequenceFileOutputFormat
                          serde: org.apache.hadoop.hive.serde2.lazybinary.LazyBinarySerDe
            Filter Operator
              predicate: (((key > 10) and (key < 20)) or (key < 10)) (type: boolean)
              Statistics: Num rows: 221 Data size: 2347 Basic stats: COMPLETE Column stats: NONE
              File Output Operator
                compressed: false
                table:
                    input format: org.apache.hadoop.mapred.SequenceFileInputFormat
                    output format: org.apache.hadoop.hive.ql.io.HiveSequenceFileOutputFormat
                    serde: org.apache.hadoop.hive.serde2.lazybinary.LazyBinarySerDe
      Reduce Operator Tree:
        Group By Operator
          aggregations: compute_stats(VALUE._col0), compute_stats(VALUE._col1)
          mode: mergepartial
          outputColumnNames: _col0, _col1
          Statistics: Num rows: 1 Data size: 880 Basic stats: COMPLETE Column stats: NONE
          File Output Operator
            compressed: false
            Statistics: Num rows: 1 Data size: 880 Basic stats: COMPLETE Column stats: NONE
            table:
                input format: org.apache.hadoop.mapred.SequenceFileInputFormat
                output format: org.apache.hadoop.hive.ql.io.HiveSequenceFileOutputFormat
                serde: org.apache.hadoop.hive.serde2.lazy.LazySimpleSerDe

  Stage: Stage-11
    Conditional Operator

  Stage: Stage-8
    Move Operator
      files:
          hdfs directory: true
#### A masked pattern was here ####

  Stage: Stage-6
    Dependency Collection

  Stage: Stage-0
    Move Operator
      tables:
          replace: true
          table:
              input format: org.apache.hadoop.mapred.TextInputFormat
              output format: org.apache.hadoop.hive.ql.io.HiveIgnoreKeyTextOutputFormat
              serde: org.apache.hadoop.hive.serde2.lazy.LazySimpleSerDe
              name: default.src_multi1

  Stage: Stage-5
    Stats Work
      Basic Stats Work:
      Column Stats Desc:
          Columns: key, value
          Column Types: string, string
          Table: default.src_multi1

  Stage: Stage-1
    Move Operator
      tables:
          replace: true
          table:
              input format: org.apache.hadoop.mapred.TextInputFormat
              output format: org.apache.hadoop.hive.ql.io.HiveIgnoreKeyTextOutputFormat
              serde: org.apache.hadoop.hive.serde2.lazy.LazySimpleSerDe
              name: default.src_multi2

  Stage: Stage-12
    Stats Work
      Basic Stats Work:
      Column Stats Desc:
          Columns: key, value
          Column Types: string, string
          Table: default.src_multi2

  Stage: Stage-7
    Map Reduce
      Map Operator Tree:
          TableScan
            File Output Operator
              compressed: false
              table:
                  input format: org.apache.hadoop.mapred.TextInputFormat
                  output format: org.apache.hadoop.hive.ql.io.HiveIgnoreKeyTextOutputFormat
                  serde: org.apache.hadoop.hive.serde2.lazy.LazySimpleSerDe
                  name: default.src_multi1

  Stage: Stage-9
    Map Reduce
      Map Operator Tree:
          TableScan
            File Output Operator
              compressed: false
              table:
                  input format: org.apache.hadoop.mapred.TextInputFormat
                  output format: org.apache.hadoop.hive.ql.io.HiveIgnoreKeyTextOutputFormat
                  serde: org.apache.hadoop.hive.serde2.lazy.LazySimpleSerDe
                  name: default.src_multi1

  Stage: Stage-10
    Move Operator
      files:
          hdfs directory: true
#### A masked pattern was here ####

  Stage: Stage-17
    Conditional Operator

  Stage: Stage-14
    Move Operator
      files:
          hdfs directory: true
#### A masked pattern was here ####

  Stage: Stage-13
    Map Reduce
      Map Operator Tree:
          TableScan
            File Output Operator
              compressed: false
              table:
                  input format: org.apache.hadoop.mapred.TextInputFormat
                  output format: org.apache.hadoop.hive.ql.io.HiveIgnoreKeyTextOutputFormat
                  serde: org.apache.hadoop.hive.serde2.lazy.LazySimpleSerDe
                  name: default.src_multi2

  Stage: Stage-15
    Map Reduce
      Map Operator Tree:
          TableScan
            File Output Operator
              compressed: false
              table:
                  input format: org.apache.hadoop.mapred.TextInputFormat
                  output format: org.apache.hadoop.hive.ql.io.HiveIgnoreKeyTextOutputFormat
                  serde: org.apache.hadoop.hive.serde2.lazy.LazySimpleSerDe
                  name: default.src_multi2

  Stage: Stage-16
    Move Operator
      files:
          hdfs directory: true
#### A masked pattern was here ####

  Stage: Stage-18
    Map Reduce
      Map Operator Tree:
          TableScan
            Reduce Output Operator
              sort order: 
              Statistics: Num rows: 1 Data size: 880 Basic stats: COMPLETE Column stats: NONE
              value expressions: _col0 (type: struct<columntype:string,maxlength:bigint,sumlength:bigint,count:bigint,countnulls:bigint,bitvector:binary>), _col1 (type: struct<columntype:string,maxlength:bigint,sumlength:bigint,count:bigint,countnulls:bigint,bitvector:binary>)
      Execution mode: vectorized
      Reduce Operator Tree:
        Group By Operator
          aggregations: compute_stats(VALUE._col0), compute_stats(VALUE._col1)
          mode: mergepartial
          outputColumnNames: _col0, _col1
          Statistics: Num rows: 1 Data size: 880 Basic stats: COMPLETE Column stats: NONE
          File Output Operator
            compressed: false
            Statistics: Num rows: 1 Data size: 880 Basic stats: COMPLETE Column stats: NONE
            table:
                input format: org.apache.hadoop.mapred.SequenceFileInputFormat
                output format: org.apache.hadoop.hive.ql.io.HiveSequenceFileOutputFormat
                serde: org.apache.hadoop.hive.serde2.lazy.LazySimpleSerDe

  Stage: Stage-19
    Map Reduce
      Map Operator Tree:
          TableScan
            Reduce Output Operator
              key expressions: key (type: string), value (type: string)
              sort order: ++
              Map-reduce partition columns: key (type: string)
              Statistics: Num rows: 221 Data size: 2347 Basic stats: COMPLETE Column stats: NONE
      Execution mode: vectorized
      Reduce Operator Tree:
        Forward
          Statistics: Num rows: 221 Data size: 2347 Basic stats: COMPLETE Column stats: NONE
          Filter Operator
            predicate: (KEY._col0 < 10) (type: boolean)
            Statistics: Num rows: 73 Data size: 775 Basic stats: COMPLETE Column stats: NONE
            Group By Operator
              keys: KEY._col0 (type: string), KEY._col1 (type: string)
              mode: complete
              outputColumnNames: _col0, _col1
              Statistics: Num rows: 36 Data size: 382 Basic stats: COMPLETE Column stats: NONE
              File Output Operator
                compressed: false
                Statistics: Num rows: 36 Data size: 382 Basic stats: COMPLETE Column stats: NONE
                table:
                    input format: org.apache.hadoop.mapred.TextInputFormat
                    output format: org.apache.hadoop.hive.ql.io.HiveIgnoreKeyTextOutputFormat
                    serde: org.apache.hadoop.hive.serde2.lazy.LazySimpleSerDe
          Filter Operator
            predicate: ((KEY._col0 < 20) and (KEY._col0 > 10)) (type: boolean)
            Statistics: Num rows: 24 Data size: 254 Basic stats: COMPLETE Column stats: NONE
            Group By Operator
              keys: KEY._col0 (type: string), KEY._col1 (type: string)
              mode: complete
              outputColumnNames: _col0, _col1
              Statistics: Num rows: 12 Data size: 127 Basic stats: COMPLETE Column stats: NONE
              File Output Operator
                compressed: false
                table:
                    input format: org.apache.hadoop.mapred.SequenceFileInputFormat
                    output format: org.apache.hadoop.hive.ql.io.HiveSequenceFileOutputFormat
                    serde: org.apache.hadoop.hive.serde2.lazybinary.LazyBinarySerDe

  Stage: Stage-2
    Move Operator
      files:
          hdfs directory: false
#### A masked pattern was here ####

  Stage: Stage-20
    Map Reduce
      Map Operator Tree:
          TableScan
            Reduce Output Operator
              key expressions: _col1 (type: string)
              sort order: +
              Map-reduce partition columns: _col1 (type: string)
              Statistics: Num rows: 12 Data size: 127 Basic stats: COMPLETE Column stats: NONE
              value expressions: _col0 (type: string)
      Execution mode: vectorized
      Reduce Operator Tree:
        Select Operator
          expressions: VALUE._col0 (type: string), KEY.reducesinkkey0 (type: string)
          outputColumnNames: _col0, _col1
          Statistics: Num rows: 12 Data size: 127 Basic stats: COMPLETE Column stats: NONE
          File Output Operator
            compressed: false
            Statistics: Num rows: 12 Data size: 127 Basic stats: COMPLETE Column stats: NONE
            table:
                input format: org.apache.hadoop.mapred.TextInputFormat
                output format: org.apache.hadoop.hive.ql.io.HiveIgnoreKeyTextOutputFormat
                serde: org.apache.hadoop.hive.serde2.lazy.LazySimpleSerDe

  Stage: Stage-3
    Move Operator
      files:
          hdfs directory: false
#### A masked pattern was here ####

PREHOOK: query: from src
insert overwrite table src_multi1 select * where key < 10
insert overwrite table src_multi2 select * where key > 10 and key < 20
#### A masked pattern was here ####
PREHOOK: type: QUERY
PREHOOK: Input: default@src
#### A masked pattern was here ####
PREHOOK: Output: default@src_multi1
PREHOOK: Output: default@src_multi2
POSTHOOK: query: from src
insert overwrite table src_multi1 select * where key < 10
insert overwrite table src_multi2 select * where key > 10 and key < 20
#### A masked pattern was here ####
POSTHOOK: type: QUERY
POSTHOOK: Input: default@src
#### A masked pattern was here ####
POSTHOOK: Output: default@src_multi1
POSTHOOK: Output: default@src_multi2
POSTHOOK: Lineage: src_multi1.key SIMPLE [(src)src.FieldSchema(name:key, type:string, comment:default), ]
POSTHOOK: Lineage: src_multi1.value SIMPLE [(src)src.FieldSchema(name:value, type:string, comment:default), ]
POSTHOOK: Lineage: src_multi2.key SIMPLE [(src)src.FieldSchema(name:key, type:string, comment:default), ]
POSTHOOK: Lineage: src_multi2.value SIMPLE [(src)src.FieldSchema(name:value, type:string, comment:default), ]
PREHOOK: query: select * from src_multi1
PREHOOK: type: QUERY
PREHOOK: Input: default@src_multi1
#### A masked pattern was here ####
POSTHOOK: query: select * from src_multi1
POSTHOOK: type: QUERY
POSTHOOK: Input: default@src_multi1
#### A masked pattern was here ####
0	val_0
0	val_0
0	val_0
2	val_2
4	val_4
5	val_5
5	val_5
5	val_5
8	val_8
9	val_9
PREHOOK: query: select * from src_multi2
PREHOOK: type: QUERY
PREHOOK: Input: default@src_multi2
#### A masked pattern was here ####
POSTHOOK: query: select * from src_multi2
POSTHOOK: type: QUERY
POSTHOOK: Input: default@src_multi2
#### A masked pattern was here ####
11	val_11
12	val_12
12	val_12
15	val_15
15	val_15
17	val_17
18	val_18
18	val_18
19	val_19
Found 2 items
#### A masked pattern was here ####
