Warning: Shuffle Join JOIN[4][tables = [src1, src2]] in Stage 'Stage-1:MAPRED' is a cross product
POSTHOOK: query: EXPLAIN
SELECT *  FROM src src1 JOIN src src2 WHERE src1.key < 10 and src2.key < 10 SORT BY src1.key, src1.value, src2.key, src2.value
POSTHOOK: type: QUERY
STAGE DEPENDENCIES:
  Stage-1 is a root stage
  Stage-2 depends on stages: Stage-1
  Stage-0 depends on stages: Stage-2

STAGE PLANS:
  Stage: Stage-1
    Map Reduce
      Map Operator Tree:
          TableScan
            alias: src1
            Statistics: Num rows: 500 Data size: 5312 Basic stats: COMPLETE Column stats: NONE
            Filter Operator
              predicate: (key < 10) (type: boolean)
              Statistics: Num rows: 166 Data size: 1763 Basic stats: COMPLETE Column stats: NONE
              Reduce Output Operator
                sort order: 
                Statistics: Num rows: 166 Data size: 1763 Basic stats: COMPLETE Column stats: NONE
                value expressions: key (type: string), value (type: string)
          TableScan
            alias: src2
            Statistics: Num rows: 500 Data size: 5312 Basic stats: COMPLETE Column stats: NONE
            Filter Operator
              predicate: (key < 10) (type: boolean)
              Statistics: Num rows: 166 Data size: 1763 Basic stats: COMPLETE Column stats: NONE
              Reduce Output Operator
                sort order: 
                Statistics: Num rows: 166 Data size: 1763 Basic stats: COMPLETE Column stats: NONE
                value expressions: key (type: string), value (type: string)
      Reduce Operator Tree:
        Join Operator
          condition map:
               Inner Join 0 to 1
          keys:
            0 
            1 
          outputColumnNames: _col0, _col1, _col5, _col6
          Statistics: Num rows: 27556 Data size: 612872 Basic stats: COMPLETE Column stats: NONE
          Select Operator
            expressions: _col0 (type: string), _col1 (type: string), _col5 (type: string), _col6 (type: string)
            outputColumnNames: _col0, _col1, _col2, _col3
            Statistics: Num rows: 27556 Data size: 612872 Basic stats: COMPLETE Column stats: NONE
            File Output Operator
              compressed: false
              table:
                  input format: org.apache.hadoop.mapred.SequenceFileInputFormat
                  output format: org.apache.hadoop.hive.ql.io.HiveSequenceFileOutputFormat
                  serde: org.apache.hadoop.hive.serde2.lazybinary.LazyBinarySerDe

  Stage: Stage-2
    Map Reduce
      Map Operator Tree:
          TableScan
            Reduce Output Operator
              key expressions: _col0 (type: string), _col1 (type: string), _col2 (type: string), _col3 (type: string)
              sort order: ++++
              Statistics: Num rows: 27556 Data size: 612872 Basic stats: COMPLETE Column stats: NONE
      Execution mode: vectorized
      Reduce Operator Tree:
        Select Operator
          expressions: KEY.reducesinkkey0 (type: string), KEY.reducesinkkey1 (type: string), KEY.reducesinkkey2 (type: string), KEY.reducesinkkey3 (type: string)
          outputColumnNames: _col0, _col1, _col2, _col3
          Statistics: Num rows: 27556 Data size: 612872 Basic stats: COMPLETE Column stats: NONE
          File Output Operator
            compressed: false
            Statistics: Num rows: 27556 Data size: 612872 Basic stats: COMPLETE Column stats: NONE
            table:
                input format: org.apache.hadoop.mapred.SequenceFileInputFormat
                output format: org.apache.hadoop.hive.ql.io.HiveSequenceFileOutputFormat
                serde: org.apache.hadoop.hive.serde2.lazy.LazySimpleSerDe

  Stage: Stage-0
    Fetch Operator
      limit: -1
      Processor Tree:
        ListSink

Warning: Shuffle Join JOIN[4][tables = [src1, src2]] in Stage 'Stage-1:MAPRED' is a cross product
POSTHOOK: query: SELECT *  FROM src src1 JOIN src src2 WHERE src1.key < 10 and src2.key < 10 SORT BY src1.key, src1.value, src2.key, src2.value
POSTHOOK: type: QUERY
POSTHOOK: Input: default@src
#### A masked pattern was here ####
0	val_0	0	val_0
0	val_0	0	val_0
0	val_0	0	val_0
0	val_0	0	val_0
0	val_0	0	val_0
0	val_0	0	val_0
0	val_0	0	val_0
0	val_0	0	val_0
0	val_0	0	val_0
0	val_0	2	val_2
0	val_0	2	val_2
0	val_0	2	val_2
0	val_0	4	val_4
0	val_0	4	val_4
0	val_0	4	val_4
0	val_0	5	val_5
0	val_0	5	val_5
0	val_0	5	val_5
0	val_0	5	val_5
0	val_0	5	val_5
0	val_0	5	val_5
0	val_0	5	val_5
0	val_0	5	val_5
0	val_0	5	val_5
0	val_0	8	val_8
0	val_0	8	val_8
0	val_0	8	val_8
0	val_0	9	val_9
0	val_0	9	val_9
0	val_0	9	val_9
2	val_2	0	val_0
2	val_2	0	val_0
2	val_2	0	val_0
2	val_2	2	val_2
2	val_2	4	val_4
2	val_2	5	val_5
2	val_2	5	val_5
2	val_2	5	val_5
2	val_2	8	val_8
2	val_2	9	val_9
4	val_4	0	val_0
4	val_4	0	val_0
4	val_4	0	val_0
4	val_4	2	val_2
4	val_4	4	val_4
4	val_4	5	val_5
4	val_4	5	val_5
4	val_4	5	val_5
4	val_4	8	val_8
4	val_4	9	val_9
5	val_5	0	val_0
5	val_5	0	val_0
5	val_5	0	val_0
5	val_5	0	val_0
5	val_5	0	val_0
5	val_5	0	val_0
5	val_5	0	val_0
5	val_5	0	val_0
5	val_5	0	val_0
5	val_5	2	val_2
5	val_5	2	val_2
5	val_5	2	val_2
5	val_5	4	val_4
5	val_5	4	val_4
5	val_5	4	val_4
5	val_5	5	val_5
5	val_5	5	val_5
5	val_5	5	val_5
5	val_5	5	val_5
5	val_5	5	val_5
5	val_5	5	val_5
5	val_5	5	val_5
5	val_5	5	val_5
5	val_5	5	val_5
5	val_5	8	val_8
5	val_5	8	val_8
5	val_5	8	val_8
5	val_5	9	val_9
5	val_5	9	val_9
5	val_5	9	val_9
8	val_8	0	val_0
8	val_8	0	val_0
8	val_8	0	val_0
8	val_8	2	val_2
8	val_8	4	val_4
8	val_8	5	val_5
8	val_8	5	val_5
8	val_8	5	val_5
8	val_8	8	val_8
8	val_8	9	val_9
9	val_9	0	val_0
9	val_9	0	val_0
9	val_9	0	val_0
9	val_9	2	val_2
9	val_9	4	val_4
9	val_9	5	val_5
9	val_9	5	val_5
9	val_9	5	val_5
9	val_9	8	val_8
9	val_9	9	val_9
