PREHOOK: query: explain select * from src limit 10
PREHOOK: type: QUERY
PREHOOK: Input: default@src
#### A masked pattern was here ####
POSTHOOK: query: explain select * from src limit 10
POSTHOOK: type: QUERY
POSTHOOK: Input: default@src
#### A masked pattern was here ####
STAGE DEPENDENCIES:
  Stage-0 is a root stage

STAGE PLANS:
  Stage: Stage-0
    Fetch Operator
      limit: 10
      Processor Tree:
        TableScan
          alias: src
          Statistics: Num rows: 500 Data size: 89000 Basic stats: COMPLETE Column stats: COMPLETE
          Limit
            Number of rows: 10
            Statistics: Num rows: 10 Data size: 1780 Basic stats: COMPLETE Column stats: COMPLETE
            Select Operator
              expressions: key (type: string), value (type: string)
              outputColumnNames: _col0, _col1
              Statistics: Num rows: 10 Data size: 1780 Basic stats: COMPLETE Column stats: COMPLETE
              ListSink

PREHOOK: query: select * from src limit 10
PREHOOK: type: QUERY
PREHOOK: Input: default@src
#### A masked pattern was here ####
POSTHOOK: query: select * from src limit 10
POSTHOOK: type: QUERY
POSTHOOK: Input: default@src
#### A masked pattern was here ####
238	val_238
86	val_86
311	val_311
27	val_27
165	val_165
409	val_409
255	val_255
278	val_278
98	val_98
484	val_484
PREHOOK: query: explain select * from srcpart where ds='2008-04-08' AND hr='11' limit 10
PREHOOK: type: QUERY
PREHOOK: Input: default@srcpart
PREHOOK: Input: default@srcpart@ds=2008-04-08/hr=11
#### A masked pattern was here ####
POSTHOOK: query: explain select * from srcpart where ds='2008-04-08' AND hr='11' limit 10
POSTHOOK: type: QUERY
POSTHOOK: Input: default@srcpart
POSTHOOK: Input: default@srcpart@ds=2008-04-08/hr=11
#### A masked pattern was here ####
STAGE DEPENDENCIES:
  Stage-0 is a root stage

STAGE PLANS:
  Stage: Stage-0
    Fetch Operator
      limit: 10
      Processor Tree:
        TableScan
          alias: srcpart
          filterExpr: ((ds = '2008-04-08') and (hr = '11')) (type: boolean)
          Statistics: Num rows: 500 Data size: 89000 Basic stats: COMPLETE Column stats: COMPLETE
          Limit
            Number of rows: 10
            Statistics: Num rows: 10 Data size: 1780 Basic stats: COMPLETE Column stats: COMPLETE
            Select Operator
              expressions: key (type: string), value (type: string), '2008-04-08' (type: string), '11' (type: string)
              outputColumnNames: _col0, _col1, _col2, _col3
              Statistics: Num rows: 10 Data size: 3580 Basic stats: COMPLETE Column stats: COMPLETE
              ListSink

PREHOOK: query: select * from srcpart where ds='2008-04-08' AND hr='11' limit 10
PREHOOK: type: QUERY
PREHOOK: Input: default@srcpart
PREHOOK: Input: default@srcpart@ds=2008-04-08/hr=11
#### A masked pattern was here ####
POSTHOOK: query: select * from srcpart where ds='2008-04-08' AND hr='11' limit 10
POSTHOOK: type: QUERY
POSTHOOK: Input: default@srcpart
POSTHOOK: Input: default@srcpart@ds=2008-04-08/hr=11
#### A masked pattern was here ####
238	val_238	2008-04-08	11
86	val_86	2008-04-08	11
311	val_311	2008-04-08	11
27	val_27	2008-04-08	11
165	val_165	2008-04-08	11
409	val_409	2008-04-08	11
255	val_255	2008-04-08	11
278	val_278	2008-04-08	11
98	val_98	2008-04-08	11
484	val_484	2008-04-08	11
PREHOOK: query: explain select key from src limit 10
PREHOOK: type: QUERY
PREHOOK: Input: default@src
#### A masked pattern was here ####
POSTHOOK: query: explain select key from src limit 10
POSTHOOK: type: QUERY
POSTHOOK: Input: default@src
#### A masked pattern was here ####
STAGE DEPENDENCIES:
  Stage-0 is a root stage

STAGE PLANS:
  Stage: Stage-0
    Fetch Operator
      limit: 10
      Processor Tree:
        TableScan
          alias: src
          Statistics: Num rows: 500 Data size: 43500 Basic stats: COMPLETE Column stats: COMPLETE
          Limit
            Number of rows: 10
            Statistics: Num rows: 10 Data size: 870 Basic stats: COMPLETE Column stats: COMPLETE
            Select Operator
              expressions: key (type: string)
              outputColumnNames: _col0
              Statistics: Num rows: 10 Data size: 870 Basic stats: COMPLETE Column stats: COMPLETE
              ListSink

PREHOOK: query: select key from src limit 10
PREHOOK: type: QUERY
PREHOOK: Input: default@src
#### A masked pattern was here ####
POSTHOOK: query: select key from src limit 10
POSTHOOK: type: QUERY
POSTHOOK: Input: default@src
#### A masked pattern was here ####
238
86
311
27
165
409
255
278
98
484
PREHOOK: query: explain select * from srcpart where ds='2008-04-08' AND key > 100 limit 10
PREHOOK: type: QUERY
PREHOOK: Input: default@srcpart
PREHOOK: Input: default@srcpart@ds=2008-04-08/hr=11
PREHOOK: Input: default@srcpart@ds=2008-04-08/hr=12
#### A masked pattern was here ####
POSTHOOK: query: explain select * from srcpart where ds='2008-04-08' AND key > 100 limit 10
POSTHOOK: type: QUERY
POSTHOOK: Input: default@srcpart
POSTHOOK: Input: default@srcpart@ds=2008-04-08/hr=11
POSTHOOK: Input: default@srcpart@ds=2008-04-08/hr=12
#### A masked pattern was here ####
STAGE DEPENDENCIES:
  Stage-1 is a root stage
  Stage-0 depends on stages: Stage-1

STAGE PLANS:
  Stage: Stage-1
    Map Reduce
      Map Operator Tree:
          TableScan
            alias: srcpart
            filterExpr: ((UDFToDouble(key) > 100.0D) and (ds = '2008-04-08')) (type: boolean)
            Statistics: Num rows: 1000 Data size: 362000 Basic stats: COMPLETE Column stats: COMPLETE
            Filter Operator
              predicate: (UDFToDouble(key) > 100.0D) (type: boolean)
              Statistics: Num rows: 333 Data size: 120546 Basic stats: COMPLETE Column stats: COMPLETE
              Limit
                Number of rows: 10
                Statistics: Num rows: 10 Data size: 3620 Basic stats: COMPLETE Column stats: COMPLETE
                Select Operator
                  expressions: key (type: string), value (type: string), '2008-04-08' (type: string), hr (type: string)
                  outputColumnNames: _col0, _col1, _col2, _col3
                  Statistics: Num rows: 10 Data size: 4560 Basic stats: COMPLETE Column stats: COMPLETE
                  File Output Operator
                    compressed: false
                    Statistics: Num rows: 10 Data size: 4560 Basic stats: COMPLETE Column stats: COMPLETE
                    table:
                        input format: org.apache.hadoop.mapred.SequenceFileInputFormat
                        output format: org.apache.hadoop.hive.ql.io.HiveSequenceFileOutputFormat
                        serde: org.apache.hadoop.hive.serde2.lazy.LazySimpleSerDe
      Execution mode: vectorized

  Stage: Stage-0
    Fetch Operator
      limit: 10
      Processor Tree:
        ListSink

PREHOOK: query: select * from srcpart where ds='2008-04-08' AND key > 100 limit 10
PREHOOK: type: QUERY
PREHOOK: Input: default@srcpart
PREHOOK: Input: default@srcpart@ds=2008-04-08/hr=11
PREHOOK: Input: default@srcpart@ds=2008-04-08/hr=12
#### A masked pattern was here ####
POSTHOOK: query: select * from srcpart where ds='2008-04-08' AND key > 100 limit 10
POSTHOOK: type: QUERY
POSTHOOK: Input: default@srcpart
POSTHOOK: Input: default@srcpart@ds=2008-04-08/hr=11
POSTHOOK: Input: default@srcpart@ds=2008-04-08/hr=12
#### A masked pattern was here ####
238	val_238	2008-04-08	11
311	val_311	2008-04-08	11
165	val_165	2008-04-08	11
409	val_409	2008-04-08	11
255	val_255	2008-04-08	11
278	val_278	2008-04-08	11
484	val_484	2008-04-08	11
265	val_265	2008-04-08	11
193	val_193	2008-04-08	11
401	val_401	2008-04-08	11
PREHOOK: query: explain select * from srcpart where key > 100 limit 10
PREHOOK: type: QUERY
PREHOOK: Input: default@srcpart
PREHOOK: Input: default@srcpart@ds=2008-04-08/hr=11
PREHOOK: Input: default@srcpart@ds=2008-04-08/hr=12
PREHOOK: Input: default@srcpart@ds=2008-04-09/hr=11
PREHOOK: Input: default@srcpart@ds=2008-04-09/hr=12
#### A masked pattern was here ####
POSTHOOK: query: explain select * from srcpart where key > 100 limit 10
POSTHOOK: type: QUERY
POSTHOOK: Input: default@srcpart
POSTHOOK: Input: default@srcpart@ds=2008-04-08/hr=11
POSTHOOK: Input: default@srcpart@ds=2008-04-08/hr=12
POSTHOOK: Input: default@srcpart@ds=2008-04-09/hr=11
POSTHOOK: Input: default@srcpart@ds=2008-04-09/hr=12
#### A masked pattern was here ####
STAGE DEPENDENCIES:
  Stage-1 is a root stage
  Stage-0 depends on stages: Stage-1

STAGE PLANS:
  Stage: Stage-1
    Map Reduce
      Map Operator Tree:
          TableScan
            alias: srcpart
            filterExpr: (UDFToDouble(key) > 100.0D) (type: boolean)
            Statistics: Num rows: 2000 Data size: 1092000 Basic stats: COMPLETE Column stats: COMPLETE
            Filter Operator
              predicate: (UDFToDouble(key) > 100.0D) (type: boolean)
              Statistics: Num rows: 666 Data size: 363636 Basic stats: COMPLETE Column stats: COMPLETE
              Limit
                Number of rows: 10
                Statistics: Num rows: 10 Data size: 5460 Basic stats: COMPLETE Column stats: COMPLETE
                Select Operator
                  expressions: key (type: string), value (type: string), ds (type: string), hr (type: string)
                  outputColumnNames: _col0, _col1, _col2, _col3
                  Statistics: Num rows: 10 Data size: 5460 Basic stats: COMPLETE Column stats: COMPLETE
                  File Output Operator
                    compressed: false
                    Statistics: Num rows: 10 Data size: 5460 Basic stats: COMPLETE Column stats: COMPLETE
                    table:
                        input format: org.apache.hadoop.mapred.SequenceFileInputFormat
                        output format: org.apache.hadoop.hive.ql.io.HiveSequenceFileOutputFormat
                        serde: org.apache.hadoop.hive.serde2.lazy.LazySimpleSerDe
      Execution mode: vectorized

  Stage: Stage-0
    Fetch Operator
      limit: 10
      Processor Tree:
        ListSink

PREHOOK: query: select * from srcpart where key > 100 limit 10
PREHOOK: type: QUERY
PREHOOK: Input: default@srcpart
PREHOOK: Input: default@srcpart@ds=2008-04-08/hr=11
PREHOOK: Input: default@srcpart@ds=2008-04-08/hr=12
PREHOOK: Input: default@srcpart@ds=2008-04-09/hr=11
PREHOOK: Input: default@srcpart@ds=2008-04-09/hr=12
#### A masked pattern was here ####
POSTHOOK: query: select * from srcpart where key > 100 limit 10
POSTHOOK: type: QUERY
POSTHOOK: Input: default@srcpart
POSTHOOK: Input: default@srcpart@ds=2008-04-08/hr=11
POSTHOOK: Input: default@srcpart@ds=2008-04-08/hr=12
POSTHOOK: Input: default@srcpart@ds=2008-04-09/hr=11
POSTHOOK: Input: default@srcpart@ds=2008-04-09/hr=12
#### A masked pattern was here ####
238	val_238	2008-04-08	11
311	val_311	2008-04-08	11
165	val_165	2008-04-08	11
409	val_409	2008-04-08	11
255	val_255	2008-04-08	11
278	val_278	2008-04-08	11
484	val_484	2008-04-08	11
265	val_265	2008-04-08	11
193	val_193	2008-04-08	11
401	val_401	2008-04-08	11
PREHOOK: query: explain select * from src TABLESAMPLE (0.25 PERCENT) limit 10
PREHOOK: type: QUERY
PREHOOK: Input: default@src
#### A masked pattern was here ####
POSTHOOK: query: explain select * from src TABLESAMPLE (0.25 PERCENT) limit 10
POSTHOOK: type: QUERY
POSTHOOK: Input: default@src
#### A masked pattern was here ####
STAGE DEPENDENCIES:
  Stage-1 is a root stage
  Stage-0 depends on stages: Stage-1

STAGE PLANS:
  Stage: Stage-1
    Map Reduce
      Map Operator Tree:
          TableScan
            alias: src
            Statistics: Num rows: 500 Data size: 89000 Basic stats: COMPLETE Column stats: COMPLETE
            Limit
              Number of rows: 10
              Statistics: Num rows: 10 Data size: 1780 Basic stats: COMPLETE Column stats: COMPLETE
              Select Operator
                expressions: key (type: string), value (type: string)
                outputColumnNames: _col0, _col1
                Statistics: Num rows: 10 Data size: 1780 Basic stats: COMPLETE Column stats: COMPLETE
                File Output Operator
                  compressed: false
                  Statistics: Num rows: 10 Data size: 1780 Basic stats: COMPLETE Column stats: COMPLETE
                  table:
                      input format: org.apache.hadoop.mapred.SequenceFileInputFormat
                      output format: org.apache.hadoop.hive.ql.io.HiveSequenceFileOutputFormat
                      serde: org.apache.hadoop.hive.serde2.lazy.LazySimpleSerDe
      Execution mode: vectorized

  Stage: Stage-0
    Fetch Operator
      limit: 10
      Processor Tree:
        ListSink

PREHOOK: query: select * from src TABLESAMPLE (0.25 PERCENT) limit 10
PREHOOK: type: QUERY
PREHOOK: Input: default@src
#### A masked pattern was here ####
POSTHOOK: query: select * from src TABLESAMPLE (0.25 PERCENT) limit 10
POSTHOOK: type: QUERY
POSTHOOK: Input: default@src
#### A masked pattern was here ####
238	val_238
86	val_86
311	val_311
27	val_27
165	val_165
409	val_409
255	val_255
278	val_278
98	val_98
484	val_484
PREHOOK: query: explain select * from src limit 10
PREHOOK: type: QUERY
PREHOOK: Input: default@src
#### A masked pattern was here ####
POSTHOOK: query: explain select * from src limit 10
POSTHOOK: type: QUERY
POSTHOOK: Input: default@src
#### A masked pattern was here ####
STAGE DEPENDENCIES:
  Stage-0 is a root stage

STAGE PLANS:
  Stage: Stage-0
    Fetch Operator
      limit: 10
      Processor Tree:
        TableScan
          alias: src
          Statistics: Num rows: 500 Data size: 89000 Basic stats: COMPLETE Column stats: COMPLETE
          Limit
            Number of rows: 10
            Statistics: Num rows: 10 Data size: 1780 Basic stats: COMPLETE Column stats: COMPLETE
            Select Operator
              expressions: key (type: string), value (type: string)
              outputColumnNames: _col0, _col1
              Statistics: Num rows: 10 Data size: 1780 Basic stats: COMPLETE Column stats: COMPLETE
              ListSink

PREHOOK: query: select * from src limit 10
PREHOOK: type: QUERY
PREHOOK: Input: default@src
#### A masked pattern was here ####
POSTHOOK: query: select * from src limit 10
POSTHOOK: type: QUERY
POSTHOOK: Input: default@src
#### A masked pattern was here ####
238	val_238
86	val_86
311	val_311
27	val_27
165	val_165
409	val_409
255	val_255
278	val_278
98	val_98
484	val_484
PREHOOK: query: explain select * from srcpart where ds='2008-04-08' AND hr='11' limit 10
PREHOOK: type: QUERY
PREHOOK: Input: default@srcpart
PREHOOK: Input: default@srcpart@ds=2008-04-08/hr=11
#### A masked pattern was here ####
POSTHOOK: query: explain select * from srcpart where ds='2008-04-08' AND hr='11' limit 10
POSTHOOK: type: QUERY
POSTHOOK: Input: default@srcpart
POSTHOOK: Input: default@srcpart@ds=2008-04-08/hr=11
#### A masked pattern was here ####
STAGE DEPENDENCIES:
  Stage-0 is a root stage

STAGE PLANS:
  Stage: Stage-0
    Fetch Operator
      limit: 10
      Processor Tree:
        TableScan
          alias: srcpart
          filterExpr: ((ds = '2008-04-08') and (hr = '11')) (type: boolean)
          Statistics: Num rows: 500 Data size: 89000 Basic stats: COMPLETE Column stats: COMPLETE
          Limit
            Number of rows: 10
            Statistics: Num rows: 10 Data size: 1780 Basic stats: COMPLETE Column stats: COMPLETE
            Select Operator
              expressions: key (type: string), value (type: string), '2008-04-08' (type: string), '11' (type: string)
              outputColumnNames: _col0, _col1, _col2, _col3
              Statistics: Num rows: 10 Data size: 3580 Basic stats: COMPLETE Column stats: COMPLETE
              ListSink

PREHOOK: query: select * from srcpart where ds='2008-04-08' AND hr='11' limit 10
PREHOOK: type: QUERY
PREHOOK: Input: default@srcpart
PREHOOK: Input: default@srcpart@ds=2008-04-08/hr=11
#### A masked pattern was here ####
POSTHOOK: query: select * from srcpart where ds='2008-04-08' AND hr='11' limit 10
POSTHOOK: type: QUERY
POSTHOOK: Input: default@srcpart
POSTHOOK: Input: default@srcpart@ds=2008-04-08/hr=11
#### A masked pattern was here ####
238	val_238	2008-04-08	11
86	val_86	2008-04-08	11
311	val_311	2008-04-08	11
27	val_27	2008-04-08	11
165	val_165	2008-04-08	11
409	val_409	2008-04-08	11
255	val_255	2008-04-08	11
278	val_278	2008-04-08	11
98	val_98	2008-04-08	11
484	val_484	2008-04-08	11
PREHOOK: query: explain select cast(key as int) * 10, upper(value) from src limit 10
PREHOOK: type: QUERY
PREHOOK: Input: default@src
#### A masked pattern was here ####
POSTHOOK: query: explain select cast(key as int) * 10, upper(value) from src limit 10
POSTHOOK: type: QUERY
POSTHOOK: Input: default@src
#### A masked pattern was here ####
STAGE DEPENDENCIES:
  Stage-0 is a root stage

STAGE PLANS:
  Stage: Stage-0
    Fetch Operator
      limit: 10
      Processor Tree:
        TableScan
          alias: src
          Statistics: Num rows: 500 Data size: 89000 Basic stats: COMPLETE Column stats: COMPLETE
          Limit
            Number of rows: 10
            Statistics: Num rows: 10 Data size: 1780 Basic stats: COMPLETE Column stats: COMPLETE
            Select Operator
              expressions: (UDFToInteger(key) * 10) (type: int), upper(value) (type: string)
              outputColumnNames: _col0, _col1
              Statistics: Num rows: 10 Data size: 1880 Basic stats: COMPLETE Column stats: COMPLETE
              ListSink

PREHOOK: query: select cast(key as int) * 10, upper(value) from src limit 10
PREHOOK: type: QUERY
PREHOOK: Input: default@src
#### A masked pattern was here ####
POSTHOOK: query: select cast(key as int) * 10, upper(value) from src limit 10
POSTHOOK: type: QUERY
POSTHOOK: Input: default@src
#### A masked pattern was here ####
2380	VAL_238
860	VAL_86
3110	VAL_311
270	VAL_27
1650	VAL_165
4090	VAL_409
2550	VAL_255
2780	VAL_278
980	VAL_98
4840	VAL_484
PREHOOK: query: explain select key from src where key < 100 limit 10
PREHOOK: type: QUERY
PREHOOK: Input: default@src
#### A masked pattern was here ####
POSTHOOK: query: explain select key from src where key < 100 limit 10
POSTHOOK: type: QUERY
POSTHOOK: Input: default@src
#### A masked pattern was here ####
STAGE DEPENDENCIES:
  Stage-0 is a root stage

STAGE PLANS:
  Stage: Stage-0
    Fetch Operator
      limit: 10
      Processor Tree:
        TableScan
          alias: src
          filterExpr: (UDFToDouble(key) < 100.0D) (type: boolean)
          Statistics: Num rows: 500 Data size: 43500 Basic stats: COMPLETE Column stats: COMPLETE
          Filter Operator
            predicate: (UDFToDouble(key) < 100.0D) (type: boolean)
            Statistics: Num rows: 166 Data size: 14442 Basic stats: COMPLETE Column stats: COMPLETE
            Limit
              Number of rows: 10
              Statistics: Num rows: 10 Data size: 870 Basic stats: COMPLETE Column stats: COMPLETE
              Select Operator
                expressions: key (type: string)
                outputColumnNames: _col0
                Statistics: Num rows: 10 Data size: 870 Basic stats: COMPLETE Column stats: COMPLETE
                ListSink

PREHOOK: query: select key from src where key < 100 limit 10
PREHOOK: type: QUERY
PREHOOK: Input: default@src
#### A masked pattern was here ####
POSTHOOK: query: select key from src where key < 100 limit 10
POSTHOOK: type: QUERY
POSTHOOK: Input: default@src
#### A masked pattern was here ####
86
27
98
66
37
15
82
17
0
57
PREHOOK: query: explain select key from srcpart where ds='2008-04-08' AND hr='11' limit 10
PREHOOK: type: QUERY
PREHOOK: Input: default@srcpart
PREHOOK: Input: default@srcpart@ds=2008-04-08/hr=11
#### A masked pattern was here ####
POSTHOOK: query: explain select key from srcpart where ds='2008-04-08' AND hr='11' limit 10
POSTHOOK: type: QUERY
POSTHOOK: Input: default@srcpart
POSTHOOK: Input: default@srcpart@ds=2008-04-08/hr=11
#### A masked pattern was here ####
STAGE DEPENDENCIES:
  Stage-0 is a root stage

STAGE PLANS:
  Stage: Stage-0
    Fetch Operator
      limit: 10
      Processor Tree:
        TableScan
          alias: srcpart
          filterExpr: ((ds = '2008-04-08') and (hr = '11')) (type: boolean)
          Statistics: Num rows: 500 Data size: 43500 Basic stats: COMPLETE Column stats: COMPLETE
          Limit
            Number of rows: 10
            Statistics: Num rows: 10 Data size: 870 Basic stats: COMPLETE Column stats: COMPLETE
            Select Operator
              expressions: key (type: string)
              outputColumnNames: _col0
              Statistics: Num rows: 10 Data size: 870 Basic stats: COMPLETE Column stats: COMPLETE
              ListSink

PREHOOK: query: select key from srcpart where ds='2008-04-08' AND hr='11' limit 10
PREHOOK: type: QUERY
PREHOOK: Input: default@srcpart
PREHOOK: Input: default@srcpart@ds=2008-04-08/hr=11
#### A masked pattern was here ####
POSTHOOK: query: select key from srcpart where ds='2008-04-08' AND hr='11' limit 10
POSTHOOK: type: QUERY
POSTHOOK: Input: default@srcpart
POSTHOOK: Input: default@srcpart@ds=2008-04-08/hr=11
#### A masked pattern was here ####
238
86
311
27
165
409
255
278
98
484
PREHOOK: query: explain select *, BLOCK__OFFSET__INSIDE__FILE from src where key < 10 limit 10
PREHOOK: type: QUERY
PREHOOK: Input: default@src
#### A masked pattern was here ####
POSTHOOK: query: explain select *, BLOCK__OFFSET__INSIDE__FILE from src where key < 10 limit 10
POSTHOOK: type: QUERY
POSTHOOK: Input: default@src
#### A masked pattern was here ####
STAGE DEPENDENCIES:
  Stage-0 is a root stage

STAGE PLANS:
  Stage: Stage-0
    Fetch Operator
      limit: 10
      Processor Tree:
        TableScan
          alias: src
          filterExpr: (UDFToDouble(key) < 10.0D) (type: boolean)
          Statistics: Num rows: 500 Data size: 89000 Basic stats: COMPLETE Column stats: COMPLETE
          Filter Operator
            predicate: (UDFToDouble(key) < 10.0D) (type: boolean)
            Statistics: Num rows: 166 Data size: 29548 Basic stats: COMPLETE Column stats: COMPLETE
            Limit
              Number of rows: 10
              Statistics: Num rows: 10 Data size: 1780 Basic stats: COMPLETE Column stats: COMPLETE
              Select Operator
                expressions: key (type: string), value (type: string), BLOCK__OFFSET__INSIDE__FILE (type: bigint)
                outputColumnNames: _col0, _col1, _col2
                Statistics: Num rows: 10 Data size: 1860 Basic stats: COMPLETE Column stats: COMPLETE
                ListSink

PREHOOK: query: select *, BLOCK__OFFSET__INSIDE__FILE from src where key < 100 limit 10
PREHOOK: type: QUERY
PREHOOK: Input: default@src
#### A masked pattern was here ####
POSTHOOK: query: select *, BLOCK__OFFSET__INSIDE__FILE from src where key < 100 limit 10
POSTHOOK: type: QUERY
POSTHOOK: Input: default@src
#### A masked pattern was here ####
86	val_86	12
27	val_27	34
98	val_98	92
66	val_66	198
37	val_37	328
15	val_15	386
82	val_82	396
17	val_17	910
0	val_0	968
57	val_57	1024
PREHOOK: query: explain select *, BLOCK__OFFSET__INSIDE__FILE from srcpart where key < 10 limit 30
PREHOOK: type: QUERY
PREHOOK: Input: default@srcpart
PREHOOK: Input: default@srcpart@ds=2008-04-08/hr=11
PREHOOK: Input: default@srcpart@ds=2008-04-08/hr=12
PREHOOK: Input: default@srcpart@ds=2008-04-09/hr=11
PREHOOK: Input: default@srcpart@ds=2008-04-09/hr=12
#### A masked pattern was here ####
POSTHOOK: query: explain select *, BLOCK__OFFSET__INSIDE__FILE from srcpart where key < 10 limit 30
POSTHOOK: type: QUERY
POSTHOOK: Input: default@srcpart
POSTHOOK: Input: default@srcpart@ds=2008-04-08/hr=11
POSTHOOK: Input: default@srcpart@ds=2008-04-08/hr=12
POSTHOOK: Input: default@srcpart@ds=2008-04-09/hr=11
POSTHOOK: Input: default@srcpart@ds=2008-04-09/hr=12
#### A masked pattern was here ####
STAGE DEPENDENCIES:
  Stage-0 is a root stage

STAGE PLANS:
  Stage: Stage-0
    Fetch Operator
      limit: 30
      Processor Tree:
        TableScan
          alias: srcpart
          filterExpr: (UDFToDouble(key) < 10.0D) (type: boolean)
          Statistics: Num rows: 2000 Data size: 1092000 Basic stats: COMPLETE Column stats: PARTIAL
          Filter Operator
            predicate: (UDFToDouble(key) < 10.0D) (type: boolean)
            Statistics: Num rows: 666 Data size: 363636 Basic stats: COMPLETE Column stats: PARTIAL
            Limit
              Number of rows: 30
              Statistics: Num rows: 30 Data size: 16380 Basic stats: COMPLETE Column stats: PARTIAL
              Select Operator
                expressions: key (type: string), value (type: string), ds (type: string), hr (type: string), BLOCK__OFFSET__INSIDE__FILE (type: bigint)
                outputColumnNames: _col0, _col1, _col2, _col3, _col4
                Statistics: Num rows: 30 Data size: 16620 Basic stats: COMPLETE Column stats: PARTIAL
                ListSink

PREHOOK: query: select *, BLOCK__OFFSET__INSIDE__FILE from srcpart where key < 10 limit 30
PREHOOK: type: QUERY
PREHOOK: Input: default@srcpart
PREHOOK: Input: default@srcpart@ds=2008-04-08/hr=11
PREHOOK: Input: default@srcpart@ds=2008-04-08/hr=12
PREHOOK: Input: default@srcpart@ds=2008-04-09/hr=11
PREHOOK: Input: default@srcpart@ds=2008-04-09/hr=12
#### A masked pattern was here ####
POSTHOOK: query: select *, BLOCK__OFFSET__INSIDE__FILE from srcpart where key < 10 limit 30
POSTHOOK: type: QUERY
POSTHOOK: Input: default@srcpart
POSTHOOK: Input: default@srcpart@ds=2008-04-08/hr=11
POSTHOOK: Input: default@srcpart@ds=2008-04-08/hr=12
POSTHOOK: Input: default@srcpart@ds=2008-04-09/hr=11
POSTHOOK: Input: default@srcpart@ds=2008-04-09/hr=12
#### A masked pattern was here ####
0	val_0	2008-04-08	11	968
4	val_4	2008-04-08	11	1218
8	val_8	2008-04-08	11	1916
0	val_0	2008-04-08	11	2088
0	val_0	2008-04-08	11	2632
5	val_5	2008-04-08	11	3060
5	val_5	2008-04-08	11	3864
2	val_2	2008-04-08	11	4004
5	val_5	2008-04-08	11	4540
9	val_9	2008-04-08	11	5398
0	val_0	2008-04-08	12	968
4	val_4	2008-04-08	12	1218
8	val_8	2008-04-08	12	1916
0	val_0	2008-04-08	12	2088
0	val_0	2008-04-08	12	2632
5	val_5	2008-04-08	12	3060
5	val_5	2008-04-08	12	3864
2	val_2	2008-04-08	12	4004
5	val_5	2008-04-08	12	4540
9	val_9	2008-04-08	12	5398
0	val_0	2008-04-09	11	968
4	val_4	2008-04-09	11	1218
8	val_8	2008-04-09	11	1916
0	val_0	2008-04-09	11	2088
0	val_0	2008-04-09	11	2632
5	val_5	2008-04-09	11	3060
5	val_5	2008-04-09	11	3864
2	val_2	2008-04-09	11	4004
5	val_5	2008-04-09	11	4540
9	val_9	2008-04-09	11	5398
PREHOOK: query: explain select *, BLOCK__OFFSET__INSIDE__FILE from src TABLESAMPLE (BUCKET 1 OUT OF 40 ON key)
PREHOOK: type: QUERY
PREHOOK: Input: default@src
#### A masked pattern was here ####
POSTHOOK: query: explain select *, BLOCK__OFFSET__INSIDE__FILE from src TABLESAMPLE (BUCKET 1 OUT OF 40 ON key)
POSTHOOK: type: QUERY
POSTHOOK: Input: default@src
#### A masked pattern was here ####
STAGE DEPENDENCIES:
  Stage-0 is a root stage

STAGE PLANS:
  Stage: Stage-0
    Fetch Operator
      limit: -1
      Processor Tree:
        TableScan
          alias: src
          Statistics: Num rows: 500 Data size: 89000 Basic stats: COMPLETE Column stats: COMPLETE
          Filter Operator
            predicate: (((hash(key) & 2147483647) % 40) = 0) (type: boolean)
            Statistics: Num rows: 250 Data size: 44500 Basic stats: COMPLETE Column stats: COMPLETE
            Select Operator
              expressions: key (type: string), value (type: string), BLOCK__OFFSET__INSIDE__FILE (type: bigint)
              outputColumnNames: _col0, _col1, _col2
              Statistics: Num rows: 250 Data size: 46500 Basic stats: COMPLETE Column stats: COMPLETE
              ListSink

PREHOOK: query: select *, BLOCK__OFFSET__INSIDE__FILE from src TABLESAMPLE (BUCKET 1 OUT OF 40 ON key)
PREHOOK: type: QUERY
PREHOOK: Input: default@src
#### A masked pattern was here ####
POSTHOOK: query: select *, BLOCK__OFFSET__INSIDE__FILE from src TABLESAMPLE (BUCKET 1 OUT OF 40 ON key)
POSTHOOK: type: QUERY
POSTHOOK: Input: default@src
#### A masked pattern was here ####
66	val_66	198
406	val_406	244
219	val_219	478
280	val_280	1226
67	val_67	1754
306	val_306	2880
458	val_458	3356
219	val_219	3710
280	val_280	3992
406	val_406	4220
406	val_406	4256
406	val_406	5152
67	val_67	5306
458	val_458	5442
PREHOOK: query: explain select *, BLOCK__OFFSET__INSIDE__FILE from srcpart TABLESAMPLE (BUCKET 1 OUT OF 40 ON key)
PREHOOK: type: QUERY
PREHOOK: Input: default@srcpart
PREHOOK: Input: default@srcpart@ds=2008-04-08/hr=11
PREHOOK: Input: default@srcpart@ds=2008-04-08/hr=12
PREHOOK: Input: default@srcpart@ds=2008-04-09/hr=11
PREHOOK: Input: default@srcpart@ds=2008-04-09/hr=12
#### A masked pattern was here ####
POSTHOOK: query: explain select *, BLOCK__OFFSET__INSIDE__FILE from srcpart TABLESAMPLE (BUCKET 1 OUT OF 40 ON key)
POSTHOOK: type: QUERY
POSTHOOK: Input: default@srcpart
POSTHOOK: Input: default@srcpart@ds=2008-04-08/hr=11
POSTHOOK: Input: default@srcpart@ds=2008-04-08/hr=12
POSTHOOK: Input: default@srcpart@ds=2008-04-09/hr=11
POSTHOOK: Input: default@srcpart@ds=2008-04-09/hr=12
#### A masked pattern was here ####
STAGE DEPENDENCIES:
  Stage-0 is a root stage

STAGE PLANS:
  Stage: Stage-0
    Fetch Operator
      limit: -1
      Processor Tree:
        TableScan
          alias: srcpart
          Statistics: Num rows: 2000 Data size: 1092000 Basic stats: COMPLETE Column stats: PARTIAL
          Filter Operator
            predicate: (((hash(key) & 2147483647) % 40) = 0) (type: boolean)
            Statistics: Num rows: 1000 Data size: 546000 Basic stats: COMPLETE Column stats: PARTIAL
            Select Operator
              expressions: key (type: string), value (type: string), ds (type: string), hr (type: string), BLOCK__OFFSET__INSIDE__FILE (type: bigint)
              outputColumnNames: _col0, _col1, _col2, _col3, _col4
              Statistics: Num rows: 1000 Data size: 554000 Basic stats: COMPLETE Column stats: PARTIAL
              ListSink

PREHOOK: query: select *, BLOCK__OFFSET__INSIDE__FILE from srcpart TABLESAMPLE (BUCKET 1 OUT OF 40 ON key)
PREHOOK: type: QUERY
PREHOOK: Input: default@srcpart
PREHOOK: Input: default@srcpart@ds=2008-04-08/hr=11
PREHOOK: Input: default@srcpart@ds=2008-04-08/hr=12
PREHOOK: Input: default@srcpart@ds=2008-04-09/hr=11
PREHOOK: Input: default@srcpart@ds=2008-04-09/hr=12
#### A masked pattern was here ####
POSTHOOK: query: select *, BLOCK__OFFSET__INSIDE__FILE from srcpart TABLESAMPLE (BUCKET 1 OUT OF 40 ON key)
POSTHOOK: type: QUERY
POSTHOOK: Input: default@srcpart
POSTHOOK: Input: default@srcpart@ds=2008-04-08/hr=11
POSTHOOK: Input: default@srcpart@ds=2008-04-08/hr=12
POSTHOOK: Input: default@srcpart@ds=2008-04-09/hr=11
POSTHOOK: Input: default@srcpart@ds=2008-04-09/hr=12
#### A masked pattern was here ####
66	val_66	2008-04-08	11	198
406	val_406	2008-04-08	11	244
219	val_219	2008-04-08	11	478
280	val_280	2008-04-08	11	1226
67	val_67	2008-04-08	11	1754
306	val_306	2008-04-08	11	2880
458	val_458	2008-04-08	11	3356
219	val_219	2008-04-08	11	3710
280	val_280	2008-04-08	11	3992
406	val_406	2008-04-08	11	4220
406	val_406	2008-04-08	11	4256
406	val_406	2008-04-08	11	5152
67	val_67	2008-04-08	11	5306
458	val_458	2008-04-08	11	5442
66	val_66	2008-04-08	12	198
406	val_406	2008-04-08	12	244
219	val_219	2008-04-08	12	478
280	val_280	2008-04-08	12	1226
67	val_67	2008-04-08	12	1754
306	val_306	2008-04-08	12	2880
458	val_458	2008-04-08	12	3356
219	val_219	2008-04-08	12	3710
280	val_280	2008-04-08	12	3992
406	val_406	2008-04-08	12	4220
406	val_406	2008-04-08	12	4256
406	val_406	2008-04-08	12	5152
67	val_67	2008-04-08	12	5306
458	val_458	2008-04-08	12	5442
66	val_66	2008-04-09	11	198
406	val_406	2008-04-09	11	244
219	val_219	2008-04-09	11	478
280	val_280	2008-04-09	11	1226
67	val_67	2008-04-09	11	1754
306	val_306	2008-04-09	11	2880
458	val_458	2008-04-09	11	3356
219	val_219	2008-04-09	11	3710
280	val_280	2008-04-09	11	3992
406	val_406	2008-04-09	11	4220
406	val_406	2008-04-09	11	4256
406	val_406	2008-04-09	11	5152
67	val_67	2008-04-09	11	5306
458	val_458	2008-04-09	11	5442
66	val_66	2008-04-09	12	198
406	val_406	2008-04-09	12	244
219	val_219	2008-04-09	12	478
280	val_280	2008-04-09	12	1226
67	val_67	2008-04-09	12	1754
306	val_306	2008-04-09	12	2880
458	val_458	2008-04-09	12	3356
219	val_219	2008-04-09	12	3710
280	val_280	2008-04-09	12	3992
406	val_406	2008-04-09	12	4220
406	val_406	2008-04-09	12	4256
406	val_406	2008-04-09	12	5152
67	val_67	2008-04-09	12	5306
458	val_458	2008-04-09	12	5442
PREHOOK: query: explain select * from src TABLESAMPLE (0.25 PERCENT)
PREHOOK: type: QUERY
PREHOOK: Input: default@src
#### A masked pattern was here ####
POSTHOOK: query: explain select * from src TABLESAMPLE (0.25 PERCENT)
POSTHOOK: type: QUERY
POSTHOOK: Input: default@src
#### A masked pattern was here ####
STAGE DEPENDENCIES:
  Stage-0 is a root stage

STAGE PLANS:
  Stage: Stage-0
    Fetch Operator
      limit: -1
      Processor Tree:
        TableScan
          alias: src
          Statistics: Num rows: 500 Data size: 89000 Basic stats: COMPLETE Column stats: COMPLETE
          Select Operator
            expressions: key (type: string), value (type: string)
            outputColumnNames: _col0, _col1
            Statistics: Num rows: 500 Data size: 89000 Basic stats: COMPLETE Column stats: COMPLETE
            ListSink

PREHOOK: query: select * from src TABLESAMPLE (0.25 PERCENT)
PREHOOK: type: QUERY
PREHOOK: Input: default@src
#### A masked pattern was here ####
POSTHOOK: query: select * from src TABLESAMPLE (0.25 PERCENT)
POSTHOOK: type: QUERY
POSTHOOK: Input: default@src
#### A masked pattern was here ####
238	val_238
86	val_86
PREHOOK: query: explain select *, BLOCK__OFFSET__INSIDE__FILE from srcpart TABLESAMPLE (0.25 PERCENT)
PREHOOK: type: QUERY
PREHOOK: Input: default@srcpart
PREHOOK: Input: default@srcpart@ds=2008-04-08/hr=11
PREHOOK: Input: default@srcpart@ds=2008-04-08/hr=12
PREHOOK: Input: default@srcpart@ds=2008-04-09/hr=11
PREHOOK: Input: default@srcpart@ds=2008-04-09/hr=12
#### A masked pattern was here ####
POSTHOOK: query: explain select *, BLOCK__OFFSET__INSIDE__FILE from srcpart TABLESAMPLE (0.25 PERCENT)
POSTHOOK: type: QUERY
POSTHOOK: Input: default@srcpart
POSTHOOK: Input: default@srcpart@ds=2008-04-08/hr=11
POSTHOOK: Input: default@srcpart@ds=2008-04-08/hr=12
POSTHOOK: Input: default@srcpart@ds=2008-04-09/hr=11
POSTHOOK: Input: default@srcpart@ds=2008-04-09/hr=12
#### A masked pattern was here ####
STAGE DEPENDENCIES:
  Stage-0 is a root stage

STAGE PLANS:
  Stage: Stage-0
    Fetch Operator
      limit: -1
      Processor Tree:
        TableScan
          alias: srcpart
          Statistics: Num rows: 2000 Data size: 1092000 Basic stats: COMPLETE Column stats: PARTIAL
          Select Operator
            expressions: key (type: string), value (type: string), ds (type: string), hr (type: string), BLOCK__OFFSET__INSIDE__FILE (type: bigint)
            outputColumnNames: _col0, _col1, _col2, _col3, _col4
            Statistics: Num rows: 2000 Data size: 1108000 Basic stats: COMPLETE Column stats: PARTIAL
            ListSink

PREHOOK: query: select *, BLOCK__OFFSET__INSIDE__FILE from srcpart TABLESAMPLE (0.25 PERCENT)
PREHOOK: type: QUERY
PREHOOK: Input: default@srcpart
PREHOOK: Input: default@srcpart@ds=2008-04-08/hr=11
PREHOOK: Input: default@srcpart@ds=2008-04-08/hr=12
PREHOOK: Input: default@srcpart@ds=2008-04-09/hr=11
PREHOOK: Input: default@srcpart@ds=2008-04-09/hr=12
#### A masked pattern was here ####
POSTHOOK: query: select *, BLOCK__OFFSET__INSIDE__FILE from srcpart TABLESAMPLE (0.25 PERCENT)
POSTHOOK: type: QUERY
POSTHOOK: Input: default@srcpart
POSTHOOK: Input: default@srcpart@ds=2008-04-08/hr=11
POSTHOOK: Input: default@srcpart@ds=2008-04-08/hr=12
POSTHOOK: Input: default@srcpart@ds=2008-04-09/hr=11
POSTHOOK: Input: default@srcpart@ds=2008-04-09/hr=12
#### A masked pattern was here ####
238	val_238	2008-04-08	11	0
86	val_86	2008-04-08	11	12
238	val_238	2008-04-08	12	0
86	val_86	2008-04-08	12	12
238	val_238	2008-04-09	11	0
86	val_86	2008-04-09	11	12
238	val_238	2008-04-09	12	0
86	val_86	2008-04-09	12	12
PREHOOK: query: explain
select key, value from (select value key,key value from src where key > 200) a where value < 250 limit 20
PREHOOK: type: QUERY
PREHOOK: Input: default@src
#### A masked pattern was here ####
POSTHOOK: query: explain
select key, value from (select value key,key value from src where key > 200) a where value < 250 limit 20
POSTHOOK: type: QUERY
POSTHOOK: Input: default@src
#### A masked pattern was here ####
STAGE DEPENDENCIES:
  Stage-0 is a root stage

STAGE PLANS:
  Stage: Stage-0
    Fetch Operator
      limit: 20
      Processor Tree:
        TableScan
          alias: src
          filterExpr: ((UDFToDouble(key) > 200.0D) and (UDFToDouble(key) < 250.0D)) (type: boolean)
          Statistics: Num rows: 500 Data size: 89000 Basic stats: COMPLETE Column stats: COMPLETE
          Filter Operator
            predicate: ((UDFToDouble(key) > 200.0D) and (UDFToDouble(key) < 250.0D)) (type: boolean)
            Statistics: Num rows: 55 Data size: 9790 Basic stats: COMPLETE Column stats: COMPLETE
            Limit
              Number of rows: 20
              Statistics: Num rows: 20 Data size: 3560 Basic stats: COMPLETE Column stats: COMPLETE
              Select Operator
                expressions: value (type: string), key (type: string)
                outputColumnNames: _col0, _col1
                Statistics: Num rows: 20 Data size: 3560 Basic stats: COMPLETE Column stats: COMPLETE
                ListSink

PREHOOK: query: select key, value from (select value key,key value from src where key > 200) a where value < 250 limit 20
PREHOOK: type: QUERY
PREHOOK: Input: default@src
#### A masked pattern was here ####
POSTHOOK: query: select key, value from (select value key,key value from src where key > 200) a where value < 250 limit 20
POSTHOOK: type: QUERY
POSTHOOK: Input: default@src
#### A masked pattern was here ####
val_238	238
val_224	224
val_213	213
val_209	209
val_219	219
val_237	237
val_207	207
val_208	208
val_247	247
val_203	203
val_205	205
val_221	221
val_208	208
val_239	239
val_213	213
val_216	216
val_221	221
val_241	241
val_230	230
val_217	217
PREHOOK: query: explain
select key,X from srcpart lateral view explode(array(key,value)) L as x where (ds='2008-04-08' AND hr='11') limit 20
PREHOOK: type: QUERY
PREHOOK: Input: default@srcpart
PREHOOK: Input: default@srcpart@ds=2008-04-08/hr=11
#### A masked pattern was here ####
POSTHOOK: query: explain
select key,X from srcpart lateral view explode(array(key,value)) L as x where (ds='2008-04-08' AND hr='11') limit 20
POSTHOOK: type: QUERY
POSTHOOK: Input: default@srcpart
POSTHOOK: Input: default@srcpart@ds=2008-04-08/hr=11
#### A masked pattern was here ####
STAGE DEPENDENCIES:
  Stage-0 is a root stage

STAGE PLANS:
  Stage: Stage-0
    Fetch Operator
      limit: 20
      Processor Tree:
        TableScan
          alias: srcpart
          filterExpr: ((ds = '2008-04-08') and (hr = '11')) (type: boolean)
          Statistics: Num rows: 500 Data size: 89000 Basic stats: COMPLETE Column stats: COMPLETE
          Lateral View Forward
            Statistics: Num rows: 500 Data size: 89000 Basic stats: COMPLETE Column stats: COMPLETE
            Select Operator
              expressions: key (type: string)
              outputColumnNames: key
              Statistics: Num rows: 500 Data size: 351000 Basic stats: COMPLETE Column stats: COMPLETE
              Lateral View Join Operator
                outputColumnNames: _col0, _col7
                Statistics: Num rows: 500 Data size: 1311000 Basic stats: COMPLETE Column stats: COMPLETE
                Limit
                  Number of rows: 20
                  Statistics: Num rows: 20 Data size: 16280 Basic stats: COMPLETE Column stats: COMPLETE
                  Select Operator
                    expressions: _col0 (type: string), _col7 (type: string)
                    outputColumnNames: _col0, _col1
                    Statistics: Num rows: 20 Data size: 1740 Basic stats: COMPLETE Column stats: COMPLETE
                    ListSink
            Select Operator
              expressions: array(key,value) (type: array<string>)
              outputColumnNames: _col0
              Statistics: Num rows: 500 Data size: 960000 Basic stats: COMPLETE Column stats: COMPLETE
              UDTF Operator
                Statistics: Num rows: 500 Data size: 960000 Basic stats: COMPLETE Column stats: COMPLETE
                function name: explode
                Lateral View Join Operator
                  outputColumnNames: _col0, _col7
                  Statistics: Num rows: 500 Data size: 1311000 Basic stats: COMPLETE Column stats: COMPLETE
                  Limit
                    Number of rows: 20
                    Statistics: Num rows: 20 Data size: 16280 Basic stats: COMPLETE Column stats: COMPLETE
                    Select Operator
                      expressions: _col0 (type: string), _col7 (type: string)
                      outputColumnNames: _col0, _col1
                      Statistics: Num rows: 20 Data size: 1740 Basic stats: COMPLETE Column stats: COMPLETE
                      ListSink

PREHOOK: query: select key,X from srcpart lateral view explode(array(key,value)) L as x where (ds='2008-04-08' AND hr='11') limit 20
PREHOOK: type: QUERY
PREHOOK: Input: default@srcpart
PREHOOK: Input: default@srcpart@ds=2008-04-08/hr=11
#### A masked pattern was here ####
POSTHOOK: query: select key,X from srcpart lateral view explode(array(key,value)) L as x where (ds='2008-04-08' AND hr='11') limit 20
POSTHOOK: type: QUERY
POSTHOOK: Input: default@srcpart
POSTHOOK: Input: default@srcpart@ds=2008-04-08/hr=11
#### A masked pattern was here ####
238	238
238	val_238
86	86
86	val_86
311	311
311	val_311
27	27
27	val_27
165	165
165	val_165
409	409
409	val_409
255	255
255	val_255
278	278
278	val_278
98	98
98	val_98
484	484
484	val_484
PREHOOK: query: explain select key, value, BLOCK__OFFSET__INSIDE__FILE from srcpart where ds="2008-04-09" AND rand() > 1
PREHOOK: type: QUERY
PREHOOK: Input: default@srcpart
PREHOOK: Input: default@srcpart@ds=2008-04-09/hr=11
PREHOOK: Input: default@srcpart@ds=2008-04-09/hr=12
#### A masked pattern was here ####
POSTHOOK: query: explain select key, value, BLOCK__OFFSET__INSIDE__FILE from srcpart where ds="2008-04-09" AND rand() > 1
POSTHOOK: type: QUERY
POSTHOOK: Input: default@srcpart
POSTHOOK: Input: default@srcpart@ds=2008-04-09/hr=11
POSTHOOK: Input: default@srcpart@ds=2008-04-09/hr=12
#### A masked pattern was here ####
STAGE DEPENDENCIES:
  Stage-0 is a root stage

STAGE PLANS:
  Stage: Stage-0
    Fetch Operator
      limit: -1
      Processor Tree:
        TableScan
          alias: srcpart
          Statistics: Num rows: 1000 Data size: 178000 Basic stats: COMPLETE Column stats: PARTIAL
          Filter Operator
            predicate: (rand() > 1.0D) (type: boolean)
            Statistics: Num rows: 333 Data size: 59274 Basic stats: COMPLETE Column stats: PARTIAL
            Select Operator
              expressions: key (type: string), value (type: string), BLOCK__OFFSET__INSIDE__FILE (type: bigint)
              outputColumnNames: _col0, _col1, _col2
              Statistics: Num rows: 333 Data size: 61938 Basic stats: COMPLETE Column stats: PARTIAL
              ListSink

PREHOOK: query: select key, value, BLOCK__OFFSET__INSIDE__FILE from srcpart where ds="2008-04-09" AND rand() > 1
PREHOOK: type: QUERY
PREHOOK: Input: default@srcpart
PREHOOK: Input: default@srcpart@ds=2008-04-09/hr=11
PREHOOK: Input: default@srcpart@ds=2008-04-09/hr=12
#### A masked pattern was here ####
POSTHOOK: query: select key, value, BLOCK__OFFSET__INSIDE__FILE from srcpart where ds="2008-04-09" AND rand() > 1
POSTHOOK: type: QUERY
POSTHOOK: Input: default@srcpart
POSTHOOK: Input: default@srcpart@ds=2008-04-09/hr=11
POSTHOOK: Input: default@srcpart@ds=2008-04-09/hr=12
#### A masked pattern was here ####
PREHOOK: query: explain select key, count(value) from src group by key
PREHOOK: type: QUERY
PREHOOK: Input: default@src
#### A masked pattern was here ####
POSTHOOK: query: explain select key, count(value) from src group by key
POSTHOOK: type: QUERY
POSTHOOK: Input: default@src
#### A masked pattern was here ####
STAGE DEPENDENCIES:
  Stage-1 is a root stage
  Stage-0 depends on stages: Stage-1

STAGE PLANS:
  Stage: Stage-1
    Map Reduce
      Map Operator Tree:
          TableScan
            alias: src
            Statistics: Num rows: 500 Data size: 89000 Basic stats: COMPLETE Column stats: COMPLETE
            Select Operator
              expressions: key (type: string), value (type: string)
              outputColumnNames: key, value
              Statistics: Num rows: 500 Data size: 89000 Basic stats: COMPLETE Column stats: COMPLETE
              Group By Operator
                aggregations: count(value)
                keys: key (type: string)
                minReductionHashAggr: 0.99
                mode: hash
                outputColumnNames: _col0, _col1
                Statistics: Num rows: 250 Data size: 23750 Basic stats: COMPLETE Column stats: COMPLETE
                Reduce Output Operator
                  key expressions: _col0 (type: string)
                  null sort order: z
                  sort order: +
                  Map-reduce partition columns: _col0 (type: string)
                  Statistics: Num rows: 250 Data size: 23750 Basic stats: COMPLETE Column stats: COMPLETE
                  value expressions: _col1 (type: bigint)
      Execution mode: vectorized
      Reduce Operator Tree:
        Group By Operator
          aggregations: count(VALUE._col0)
          keys: KEY._col0 (type: string)
          mode: mergepartial
          outputColumnNames: _col0, _col1
          Statistics: Num rows: 250 Data size: 23750 Basic stats: COMPLETE Column stats: COMPLETE
          File Output Operator
            compressed: false
            Statistics: Num rows: 250 Data size: 23750 Basic stats: COMPLETE Column stats: COMPLETE
            table:
                input format: org.apache.hadoop.mapred.SequenceFileInputFormat
                output format: org.apache.hadoop.hive.ql.io.HiveSequenceFileOutputFormat
                serde: org.apache.hadoop.hive.serde2.lazy.LazySimpleSerDe

  Stage: Stage-0
    Fetch Operator
      limit: -1
      Processor Tree:
        ListSink

PREHOOK: query: explain select distinct key, value from src
PREHOOK: type: QUERY
PREHOOK: Input: default@src
#### A masked pattern was here ####
POSTHOOK: query: explain select distinct key, value from src
POSTHOOK: type: QUERY
POSTHOOK: Input: default@src
#### A masked pattern was here ####
STAGE DEPENDENCIES:
  Stage-1 is a root stage
  Stage-0 depends on stages: Stage-1

STAGE PLANS:
  Stage: Stage-1
    Map Reduce
      Map Operator Tree:
          TableScan
            alias: src
            Statistics: Num rows: 500 Data size: 89000 Basic stats: COMPLETE Column stats: COMPLETE
            Select Operator
              expressions: key (type: string), value (type: string)
              outputColumnNames: key, value
              Statistics: Num rows: 500 Data size: 89000 Basic stats: COMPLETE Column stats: COMPLETE
              Group By Operator
                keys: key (type: string), value (type: string)
                minReductionHashAggr: 0.99
                mode: hash
                outputColumnNames: _col0, _col1
                Statistics: Num rows: 250 Data size: 44500 Basic stats: COMPLETE Column stats: COMPLETE
                Reduce Output Operator
                  key expressions: _col0 (type: string), _col1 (type: string)
                  null sort order: zz
                  sort order: ++
                  Map-reduce partition columns: _col0 (type: string), _col1 (type: string)
                  Statistics: Num rows: 250 Data size: 44500 Basic stats: COMPLETE Column stats: COMPLETE
      Execution mode: vectorized
      Reduce Operator Tree:
        Group By Operator
          keys: KEY._col0 (type: string), KEY._col1 (type: string)
          mode: mergepartial
          outputColumnNames: _col0, _col1
          Statistics: Num rows: 250 Data size: 44500 Basic stats: COMPLETE Column stats: COMPLETE
          File Output Operator
            compressed: false
            Statistics: Num rows: 250 Data size: 44500 Basic stats: COMPLETE Column stats: COMPLETE
            table:
                input format: org.apache.hadoop.mapred.SequenceFileInputFormat
                output format: org.apache.hadoop.hive.ql.io.HiveSequenceFileOutputFormat
                serde: org.apache.hadoop.hive.serde2.lazy.LazySimpleSerDe

  Stage: Stage-0
    Fetch Operator
      limit: -1
      Processor Tree:
        ListSink

PREHOOK: query: explain create table srcx as select distinct key, value from src
PREHOOK: type: CREATETABLE_AS_SELECT
PREHOOK: Input: default@src
PREHOOK: Output: database:default
PREHOOK: Output: default@srcx
POSTHOOK: query: explain create table srcx as select distinct key, value from src
POSTHOOK: type: CREATETABLE_AS_SELECT
POSTHOOK: Input: default@src
POSTHOOK: Output: database:default
POSTHOOK: Output: default@srcx
STAGE DEPENDENCIES:
  Stage-1 is a root stage
  Stage-0 depends on stages: Stage-1
  Stage-4 depends on stages: Stage-0, Stage-3
  Stage-2 depends on stages: Stage-4
  Stage-3 depends on stages: Stage-1

STAGE PLANS:
  Stage: Stage-1
    Map Reduce
      Map Operator Tree:
          TableScan
            alias: src
            Statistics: Num rows: 500 Data size: 89000 Basic stats: COMPLETE Column stats: COMPLETE
            Select Operator
              expressions: key (type: string), value (type: string)
              outputColumnNames: key, value
              Statistics: Num rows: 500 Data size: 89000 Basic stats: COMPLETE Column stats: COMPLETE
              Group By Operator
                keys: key (type: string), value (type: string)
                minReductionHashAggr: 0.99
                mode: hash
                outputColumnNames: _col0, _col1
                Statistics: Num rows: 250 Data size: 44500 Basic stats: COMPLETE Column stats: COMPLETE
                Reduce Output Operator
                  key expressions: _col0 (type: string), _col1 (type: string)
                  null sort order: zz
                  sort order: ++
                  Map-reduce partition columns: _col0 (type: string), _col1 (type: string)
                  Statistics: Num rows: 250 Data size: 44500 Basic stats: COMPLETE Column stats: COMPLETE
      Execution mode: vectorized
      Reduce Operator Tree:
        Group By Operator
          keys: KEY._col0 (type: string), KEY._col1 (type: string)
          mode: mergepartial
          outputColumnNames: _col0, _col1
          Statistics: Num rows: 250 Data size: 44500 Basic stats: COMPLETE Column stats: COMPLETE
          File Output Operator
            compressed: false
            Statistics: Num rows: 250 Data size: 44500 Basic stats: COMPLETE Column stats: COMPLETE
            table:
                input format: org.apache.hadoop.mapred.TextInputFormat
                output format: org.apache.hadoop.hive.ql.io.HiveIgnoreKeyTextOutputFormat
                serde: org.apache.hadoop.hive.serde2.lazy.LazySimpleSerDe
                name: default.srcx
          Select Operator
            expressions: _col0 (type: string), _col1 (type: string)
            outputColumnNames: col1, col2
            Statistics: Num rows: 250 Data size: 44500 Basic stats: COMPLETE Column stats: COMPLETE
            Group By Operator
              aggregations: max(length(col1)), avg(COALESCE(length(col1),0)), count(1), count(col1), compute_bit_vector_hll(col1), max(length(col2)), avg(COALESCE(length(col2),0)), count(col2), compute_bit_vector_hll(col2)
              minReductionHashAggr: 0.99
              mode: hash
              outputColumnNames: _col0, _col1, _col2, _col3, _col4, _col5, _col6, _col7, _col8
              Statistics: Num rows: 1 Data size: 472 Basic stats: COMPLETE Column stats: COMPLETE
              File Output Operator
                compressed: false
                table:
                    input format: org.apache.hadoop.mapred.SequenceFileInputFormat
                    output format: org.apache.hadoop.hive.ql.io.HiveSequenceFileOutputFormat
                    serde: org.apache.hadoop.hive.serde2.lazybinary.LazyBinarySerDe

  Stage: Stage-0
    Move Operator
      files:
          hdfs directory: true
#### A masked pattern was here ####

  Stage: Stage-4
    Create Table
      columns: key string, value string
      name: default.srcx
      input format: org.apache.hadoop.mapred.TextInputFormat
      output format: org.apache.hadoop.hive.ql.io.IgnoreKeyTextOutputFormat
      serde name: org.apache.hadoop.hive.serde2.lazy.LazySimpleSerDe

  Stage: Stage-2
    Stats Work
      Basic Stats Work:
      Column Stats Desc:
          Columns: key, value
          Column Types: string, string
          Table: default.srcx

  Stage: Stage-3
    Map Reduce
      Map Operator Tree:
          TableScan
            Reduce Output Operator
              null sort order: 
              sort order: 
              Statistics: Num rows: 1 Data size: 472 Basic stats: COMPLETE Column stats: COMPLETE
              value expressions: _col0 (type: int), _col1 (type: struct<count:bigint,sum:double,input:int>), _col2 (type: bigint), _col3 (type: bigint), _col4 (type: binary), _col5 (type: int), _col6 (type: struct<count:bigint,sum:double,input:int>), _col7 (type: bigint), _col8 (type: binary)
      Execution mode: vectorized
      Reduce Operator Tree:
        Group By Operator
          aggregations: max(VALUE._col0), avg(VALUE._col1), count(VALUE._col2), count(VALUE._col3), compute_bit_vector_hll(VALUE._col4), max(VALUE._col5), avg(VALUE._col6), count(VALUE._col7), compute_bit_vector_hll(VALUE._col8)
          mode: mergepartial
          outputColumnNames: _col0, _col1, _col2, _col3, _col4, _col5, _col6, _col7, _col8
          Statistics: Num rows: 1 Data size: 336 Basic stats: COMPLETE Column stats: COMPLETE
          Select Operator
            expressions: 'STRING' (type: string), UDFToLong(COALESCE(_col0,0)) (type: bigint), COALESCE(_col1,0) (type: double), (_col2 - _col3) (type: bigint), COALESCE(ndv_compute_bit_vector(_col4),0) (type: bigint), _col4 (type: binary), 'STRING' (type: string), UDFToLong(COALESCE(_col5,0)) (type: bigint), COALESCE(_col6,0) (type: double), (_col2 - _col7) (type: bigint), COALESCE(ndv_compute_bit_vector(_col8),0) (type: bigint), _col8 (type: binary)
            outputColumnNames: _col0, _col1, _col2, _col3, _col4, _col5, _col6, _col7, _col8, _col9, _col10, _col11
            Statistics: Num rows: 1 Data size: 532 Basic stats: COMPLETE Column stats: COMPLETE
            File Output Operator
              compressed: false
              Statistics: Num rows: 1 Data size: 532 Basic stats: COMPLETE Column stats: COMPLETE
              table:
                  input format: org.apache.hadoop.mapred.SequenceFileInputFormat
                  output format: org.apache.hadoop.hive.ql.io.HiveSequenceFileOutputFormat
                  serde: org.apache.hadoop.hive.serde2.lazy.LazySimpleSerDe

PREHOOK: query: explain analyze table src compute statistics
PREHOOK: type: QUERY
PREHOOK: Input: default@src
PREHOOK: Output: default@src
POSTHOOK: query: explain analyze table src compute statistics
POSTHOOK: type: QUERY
POSTHOOK: Input: default@src
POSTHOOK: Output: default@src
STAGE DEPENDENCIES:
  Stage-0 is a root stage
  Stage-1 depends on stages: Stage-0

STAGE PLANS:
  Stage: Stage-0
    Map Reduce
      Map Operator Tree:
          TableScan
            alias: src
            Statistics: Num rows: 500 Data size: 5312 Basic stats: COMPLETE Column stats: COMPLETE

  Stage: Stage-1
    Stats Work
      Basic Stats Work:

PREHOOK: query: explain select * from src join src src2 on src.key=src2.key
PREHOOK: type: QUERY
PREHOOK: Input: default@src
#### A masked pattern was here ####
POSTHOOK: query: explain select * from src join src src2 on src.key=src2.key
POSTHOOK: type: QUERY
POSTHOOK: Input: default@src
#### A masked pattern was here ####
STAGE DEPENDENCIES:
  Stage-1 is a root stage
  Stage-0 depends on stages: Stage-1

STAGE PLANS:
  Stage: Stage-1
    Map Reduce
      Map Operator Tree:
          TableScan
            alias: src
            filterExpr: key is not null (type: boolean)
            Statistics: Num rows: 500 Data size: 89000 Basic stats: COMPLETE Column stats: COMPLETE
            Filter Operator
              predicate: key is not null (type: boolean)
              Statistics: Num rows: 500 Data size: 89000 Basic stats: COMPLETE Column stats: COMPLETE
              Select Operator
                expressions: key (type: string), value (type: string)
                outputColumnNames: _col0, _col1
                Statistics: Num rows: 500 Data size: 89000 Basic stats: COMPLETE Column stats: COMPLETE
                Reduce Output Operator
                  key expressions: _col0 (type: string)
                  null sort order: z
                  sort order: +
                  Map-reduce partition columns: _col0 (type: string)
                  Statistics: Num rows: 500 Data size: 89000 Basic stats: COMPLETE Column stats: COMPLETE
                  value expressions: _col1 (type: string)
          TableScan
            alias: src2
            filterExpr: key is not null (type: boolean)
            Statistics: Num rows: 500 Data size: 89000 Basic stats: COMPLETE Column stats: COMPLETE
            Filter Operator
              predicate: key is not null (type: boolean)
              Statistics: Num rows: 500 Data size: 89000 Basic stats: COMPLETE Column stats: COMPLETE
              Select Operator
                expressions: key (type: string), value (type: string)
                outputColumnNames: _col0, _col1
                Statistics: Num rows: 500 Data size: 89000 Basic stats: COMPLETE Column stats: COMPLETE
                Reduce Output Operator
                  key expressions: _col0 (type: string)
                  null sort order: z
                  sort order: +
                  Map-reduce partition columns: _col0 (type: string)
                  Statistics: Num rows: 500 Data size: 89000 Basic stats: COMPLETE Column stats: COMPLETE
                  value expressions: _col1 (type: string)
      Reduce Operator Tree:
        Join Operator
          condition map:
               Inner Join 0 to 1
          keys:
            0 _col0 (type: string)
            1 _col0 (type: string)
          outputColumnNames: _col0, _col1, _col2, _col3
          Statistics: Num rows: 791 Data size: 281596 Basic stats: COMPLETE Column stats: COMPLETE
          File Output Operator
            compressed: false
            Statistics: Num rows: 791 Data size: 281596 Basic stats: COMPLETE Column stats: COMPLETE
            table:
                input format: org.apache.hadoop.mapred.SequenceFileInputFormat
                output format: org.apache.hadoop.hive.ql.io.HiveSequenceFileOutputFormat
                serde: org.apache.hadoop.hive.serde2.lazy.LazySimpleSerDe

  Stage: Stage-0
    Fetch Operator
      limit: -1
      Processor Tree:
        ListSink

