PREHOOK: query: explain
select x.key, count(1) from src x where x.key > 9999 group by x.key
PREHOOK: type: QUERY
PREHOOK: Input: default@src
#### A masked pattern was here ####
POSTHOOK: query: explain
select x.key, count(1) from src x where x.key > 9999 group by x.key
POSTHOOK: type: QUERY
POSTHOOK: Input: default@src
#### A masked pattern was here ####
STAGE DEPENDENCIES:
  Stage-1 is a root stage
  Stage-2 depends on stages: Stage-1
  Stage-0 depends on stages: Stage-2

STAGE PLANS:
  Stage: Stage-1
    Map Reduce
      Map Operator Tree:
          TableScan
            alias: x
            filterExpr: (UDFToDouble(key) > 9999.0D) (type: boolean)
            Statistics: Num rows: 500 Data size: 43500 Basic stats: COMPLETE Column stats: COMPLETE
            Filter Operator
              predicate: (UDFToDouble(key) > 9999.0D) (type: boolean)
              Statistics: Num rows: 166 Data size: 14442 Basic stats: COMPLETE Column stats: COMPLETE
              Group By Operator
                aggregations: count()
                keys: key (type: string)
                minReductionHashAggr: 0.99
                mode: hash
                outputColumnNames: _col0, _col1
                Statistics: Num rows: 83 Data size: 7885 Basic stats: COMPLETE Column stats: COMPLETE
                Reduce Output Operator
                  key expressions: _col0 (type: string)
                  null sort order: z
                  sort order: +
                  Map-reduce partition columns: rand() (type: double)
                  Statistics: Num rows: 83 Data size: 7885 Basic stats: COMPLETE Column stats: COMPLETE
                  value expressions: _col1 (type: bigint)
      Execution mode: vectorized
      Reduce Operator Tree:
        Group By Operator
          aggregations: count(VALUE._col0)
          keys: KEY._col0 (type: string)
          mode: partials
          outputColumnNames: _col0, _col1
          Statistics: Num rows: 83 Data size: 7885 Basic stats: COMPLETE Column stats: COMPLETE
          File Output Operator
            compressed: false
            table:
                input format: org.apache.hadoop.mapred.SequenceFileInputFormat
                output format: org.apache.hadoop.hive.ql.io.HiveSequenceFileOutputFormat
                serde: org.apache.hadoop.hive.serde2.lazybinary.LazyBinarySerDe

  Stage: Stage-2
    Map Reduce
      Map Operator Tree:
          TableScan
            Reduce Output Operator
              key expressions: _col0 (type: string)
              null sort order: z
              sort order: +
              Map-reduce partition columns: _col0 (type: string)
              Statistics: Num rows: 83 Data size: 7885 Basic stats: COMPLETE Column stats: COMPLETE
              value expressions: _col1 (type: bigint)
      Execution mode: vectorized
      Reduce Operator Tree:
        Group By Operator
          aggregations: count(VALUE._col0)
          keys: KEY._col0 (type: string)
          mode: final
          outputColumnNames: _col0, _col1
          Statistics: Num rows: 83 Data size: 7885 Basic stats: COMPLETE Column stats: COMPLETE
          File Output Operator
            compressed: false
            Statistics: Num rows: 83 Data size: 7885 Basic stats: COMPLETE Column stats: COMPLETE
            table:
                input format: org.apache.hadoop.mapred.SequenceFileInputFormat
                output format: org.apache.hadoop.hive.ql.io.HiveSequenceFileOutputFormat
                serde: org.apache.hadoop.hive.serde2.lazy.LazySimpleSerDe

  Stage: Stage-0
    Fetch Operator
      limit: -1
      Processor Tree:
        ListSink

PREHOOK: query: select x.key, count(1) from src x where x.key > 9999 group by x.key
PREHOOK: type: QUERY
PREHOOK: Input: default@src
#### A masked pattern was here ####
POSTHOOK: query: select x.key, count(1) from src x where x.key > 9999 group by x.key
POSTHOOK: type: QUERY
POSTHOOK: Input: default@src
#### A masked pattern was here ####
PREHOOK: query: explain
select x.key, count(1) from src x where x.key > 9999 group by x.key
PREHOOK: type: QUERY
PREHOOK: Input: default@src
#### A masked pattern was here ####
POSTHOOK: query: explain
select x.key, count(1) from src x where x.key > 9999 group by x.key
POSTHOOK: type: QUERY
POSTHOOK: Input: default@src
#### A masked pattern was here ####
STAGE DEPENDENCIES:
  Stage-1 is a root stage
  Stage-0 depends on stages: Stage-1

STAGE PLANS:
  Stage: Stage-1
    Map Reduce
      Map Operator Tree:
          TableScan
            alias: x
            filterExpr: (UDFToDouble(key) > 9999.0D) (type: boolean)
            Statistics: Num rows: 500 Data size: 43500 Basic stats: COMPLETE Column stats: COMPLETE
            Filter Operator
              predicate: (UDFToDouble(key) > 9999.0D) (type: boolean)
              Statistics: Num rows: 166 Data size: 14442 Basic stats: COMPLETE Column stats: COMPLETE
              Group By Operator
                aggregations: count()
                keys: key (type: string)
                minReductionHashAggr: 0.99
                mode: hash
                outputColumnNames: _col0, _col1
                Statistics: Num rows: 83 Data size: 7885 Basic stats: COMPLETE Column stats: COMPLETE
                Reduce Output Operator
                  key expressions: _col0 (type: string)
                  null sort order: z
                  sort order: +
                  Map-reduce partition columns: _col0 (type: string)
                  Statistics: Num rows: 83 Data size: 7885 Basic stats: COMPLETE Column stats: COMPLETE
                  value expressions: _col1 (type: bigint)
      Execution mode: vectorized
      Reduce Operator Tree:
        Group By Operator
          aggregations: count(VALUE._col0)
          keys: KEY._col0 (type: string)
          mode: mergepartial
          outputColumnNames: _col0, _col1
          Statistics: Num rows: 83 Data size: 7885 Basic stats: COMPLETE Column stats: COMPLETE
          File Output Operator
            compressed: false
            Statistics: Num rows: 83 Data size: 7885 Basic stats: COMPLETE Column stats: COMPLETE
            table:
                input format: org.apache.hadoop.mapred.SequenceFileInputFormat
                output format: org.apache.hadoop.hive.ql.io.HiveSequenceFileOutputFormat
                serde: org.apache.hadoop.hive.serde2.lazy.LazySimpleSerDe

  Stage: Stage-0
    Fetch Operator
      limit: -1
      Processor Tree:
        ListSink

PREHOOK: query: select x.key, count(1) from src x where x.key > 9999 group by x.key
PREHOOK: type: QUERY
PREHOOK: Input: default@src
#### A masked pattern was here ####
POSTHOOK: query: select x.key, count(1) from src x where x.key > 9999 group by x.key
POSTHOOK: type: QUERY
POSTHOOK: Input: default@src
#### A masked pattern was here ####
PREHOOK: query: explain
select x.key, count(1) from src x where x.key > 9999 group by x.key
PREHOOK: type: QUERY
PREHOOK: Input: default@src
#### A masked pattern was here ####
POSTHOOK: query: explain
select x.key, count(1) from src x where x.key > 9999 group by x.key
POSTHOOK: type: QUERY
POSTHOOK: Input: default@src
#### A masked pattern was here ####
STAGE DEPENDENCIES:
  Stage-1 is a root stage
  Stage-2 depends on stages: Stage-1
  Stage-0 depends on stages: Stage-2

STAGE PLANS:
  Stage: Stage-1
    Map Reduce
      Map Operator Tree:
          TableScan
            alias: x
            filterExpr: (UDFToDouble(key) > 9999.0D) (type: boolean)
            Statistics: Num rows: 500 Data size: 43500 Basic stats: COMPLETE Column stats: COMPLETE
            Filter Operator
              predicate: (UDFToDouble(key) > 9999.0D) (type: boolean)
              Statistics: Num rows: 166 Data size: 14442 Basic stats: COMPLETE Column stats: COMPLETE
              Reduce Output Operator
                key expressions: key (type: string)
                null sort order: z
                sort order: +
                Map-reduce partition columns: rand() (type: double)
                Statistics: Num rows: 166 Data size: 14442 Basic stats: COMPLETE Column stats: COMPLETE
      Execution mode: vectorized
      Reduce Operator Tree:
        Group By Operator
          aggregations: count()
          keys: KEY._col0 (type: string)
          mode: partial1
          outputColumnNames: _col0, _col1
          Statistics: Num rows: 166 Data size: 15770 Basic stats: COMPLETE Column stats: COMPLETE
          File Output Operator
            compressed: false
            table:
                input format: org.apache.hadoop.mapred.SequenceFileInputFormat
                output format: org.apache.hadoop.hive.ql.io.HiveSequenceFileOutputFormat
                serde: org.apache.hadoop.hive.serde2.lazybinary.LazyBinarySerDe

  Stage: Stage-2
    Map Reduce
      Map Operator Tree:
          TableScan
            Reduce Output Operator
              key expressions: _col0 (type: string)
              null sort order: z
              sort order: +
              Map-reduce partition columns: _col0 (type: string)
              Statistics: Num rows: 166 Data size: 15770 Basic stats: COMPLETE Column stats: COMPLETE
              value expressions: _col1 (type: bigint)
      Execution mode: vectorized
      Reduce Operator Tree:
        Group By Operator
          aggregations: count(VALUE._col0)
          keys: KEY._col0 (type: string)
          mode: final
          outputColumnNames: _col0, _col1
          Statistics: Num rows: 166 Data size: 15770 Basic stats: COMPLETE Column stats: COMPLETE
          File Output Operator
            compressed: false
            Statistics: Num rows: 166 Data size: 15770 Basic stats: COMPLETE Column stats: COMPLETE
            table:
                input format: org.apache.hadoop.mapred.SequenceFileInputFormat
                output format: org.apache.hadoop.hive.ql.io.HiveSequenceFileOutputFormat
                serde: org.apache.hadoop.hive.serde2.lazy.LazySimpleSerDe

  Stage: Stage-0
    Fetch Operator
      limit: -1
      Processor Tree:
        ListSink

PREHOOK: query: select x.key, count(1) from src x where x.key > 9999 group by x.key
PREHOOK: type: QUERY
PREHOOK: Input: default@src
#### A masked pattern was here ####
POSTHOOK: query: select x.key, count(1) from src x where x.key > 9999 group by x.key
POSTHOOK: type: QUERY
POSTHOOK: Input: default@src
#### A masked pattern was here ####
PREHOOK: query: explain
select x.key, count(1) from src x where x.key > 9999 group by x.key
PREHOOK: type: QUERY
PREHOOK: Input: default@src
#### A masked pattern was here ####
POSTHOOK: query: explain
select x.key, count(1) from src x where x.key > 9999 group by x.key
POSTHOOK: type: QUERY
POSTHOOK: Input: default@src
#### A masked pattern was here ####
STAGE DEPENDENCIES:
  Stage-1 is a root stage
  Stage-0 depends on stages: Stage-1

STAGE PLANS:
  Stage: Stage-1
    Map Reduce
      Map Operator Tree:
          TableScan
            alias: x
            filterExpr: (UDFToDouble(key) > 9999.0D) (type: boolean)
            Statistics: Num rows: 500 Data size: 43500 Basic stats: COMPLETE Column stats: COMPLETE
            Filter Operator
              predicate: (UDFToDouble(key) > 9999.0D) (type: boolean)
              Statistics: Num rows: 166 Data size: 14442 Basic stats: COMPLETE Column stats: COMPLETE
              Reduce Output Operator
                key expressions: key (type: string)
                null sort order: z
                sort order: +
                Map-reduce partition columns: key (type: string)
                Statistics: Num rows: 166 Data size: 14442 Basic stats: COMPLETE Column stats: COMPLETE
      Execution mode: vectorized
      Reduce Operator Tree:
        Group By Operator
          aggregations: count()
          keys: KEY._col0 (type: string)
          mode: complete
          outputColumnNames: _col0, _col1
          Statistics: Num rows: 166 Data size: 15770 Basic stats: COMPLETE Column stats: COMPLETE
          File Output Operator
            compressed: false
            Statistics: Num rows: 166 Data size: 15770 Basic stats: COMPLETE Column stats: COMPLETE
            table:
                input format: org.apache.hadoop.mapred.SequenceFileInputFormat
                output format: org.apache.hadoop.hive.ql.io.HiveSequenceFileOutputFormat
                serde: org.apache.hadoop.hive.serde2.lazy.LazySimpleSerDe

  Stage: Stage-0
    Fetch Operator
      limit: -1
      Processor Tree:
        ListSink

PREHOOK: query: select x.key, count(1) from src x where x.key > 9999 group by x.key
PREHOOK: type: QUERY
PREHOOK: Input: default@src
#### A masked pattern was here ####
POSTHOOK: query: select x.key, count(1) from src x where x.key > 9999 group by x.key
POSTHOOK: type: QUERY
POSTHOOK: Input: default@src
#### A masked pattern was here ####
