PREHOOK: query: CREATE TABLE tstparttbl_n0(KEY STRING, VALUE STRING) PARTITIONED BY(ds string) STORED AS TEXTFILE
PREHOOK: type: CREATETABLE
PREHOOK: Output: database:default
PREHOOK: Output: default@tstparttbl_n0
POSTHOOK: query: CREATE TABLE tstparttbl_n0(KEY STRING, VALUE STRING) PARTITIONED BY(ds string) STORED AS TEXTFILE
POSTHOOK: type: CREATETABLE
POSTHOOK: Output: database:default
POSTHOOK: Output: default@tstparttbl_n0
PREHOOK: query: LOAD DATA LOCAL INPATH '../../data/files/kv1.txt' INTO TABLE tstparttbl_n0 PARTITION (ds='2008-04-09')
PREHOOK: type: LOAD
#### A masked pattern was here ####
PREHOOK: Output: default@tstparttbl_n0
POSTHOOK: query: LOAD DATA LOCAL INPATH '../../data/files/kv1.txt' INTO TABLE tstparttbl_n0 PARTITION (ds='2008-04-09')
POSTHOOK: type: LOAD
#### A masked pattern was here ####
POSTHOOK: Output: default@tstparttbl_n0
POSTHOOK: Output: default@tstparttbl_n0@ds=2008-04-09
PREHOOK: query: LOAD DATA LOCAL INPATH '../../data/files/nullfile.txt' INTO TABLE tstparttbl_n0 PARTITION (ds='2008-04-08')
PREHOOK: type: LOAD
#### A masked pattern was here ####
PREHOOK: Output: default@tstparttbl_n0
POSTHOOK: query: LOAD DATA LOCAL INPATH '../../data/files/nullfile.txt' INTO TABLE tstparttbl_n0 PARTITION (ds='2008-04-08')
POSTHOOK: type: LOAD
#### A masked pattern was here ####
POSTHOOK: Output: default@tstparttbl_n0
POSTHOOK: Output: default@tstparttbl_n0@ds=2008-04-08
PREHOOK: query: explain
select count(1) from tstparttbl_n0
PREHOOK: type: QUERY
POSTHOOK: query: explain
select count(1) from tstparttbl_n0
POSTHOOK: type: QUERY
STAGE DEPENDENCIES:
  Stage-1 is a root stage
  Stage-0 depends on stages: Stage-1

STAGE PLANS:
  Stage: Stage-1
    Map Reduce
      Map Operator Tree:
          TableScan
            alias: tstparttbl_n0
            Statistics: Num rows: 120 Data size: 58120 Basic stats: PARTIAL Column stats: NONE
            Select Operator
              Statistics: Num rows: 120 Data size: 58120 Basic stats: PARTIAL Column stats: NONE
              Group By Operator
                aggregations: count()
                mode: hash
                outputColumnNames: _col0
                Statistics: Num rows: 1 Data size: 8 Basic stats: PARTIAL Column stats: NONE
                Reduce Output Operator
                  sort order: 
                  Statistics: Num rows: 1 Data size: 8 Basic stats: PARTIAL Column stats: NONE
                  value expressions: _col0 (type: bigint)
      Execution mode: vectorized
      Reduce Operator Tree:
        Group By Operator
          aggregations: count(VALUE._col0)
          mode: mergepartial
          outputColumnNames: _col0
          Statistics: Num rows: 1 Data size: 8 Basic stats: PARTIAL Column stats: NONE
          File Output Operator
            compressed: false
            Statistics: Num rows: 1 Data size: 8 Basic stats: PARTIAL Column stats: NONE
            table:
                input format: org.apache.hadoop.mapred.SequenceFileInputFormat
                output format: org.apache.hadoop.hive.ql.io.HiveSequenceFileOutputFormat
                serde: org.apache.hadoop.hive.serde2.lazy.LazySimpleSerDe

  Stage: Stage-0
    Fetch Operator
      limit: -1
      Processor Tree:
        ListSink

PREHOOK: query: select count(1) from tstparttbl_n0
PREHOOK: type: QUERY
PREHOOK: Input: default@tstparttbl_n0
PREHOOK: Input: default@tstparttbl_n0@ds=2008-04-08
PREHOOK: Input: default@tstparttbl_n0@ds=2008-04-09
#### A masked pattern was here ####
POSTHOOK: query: select count(1) from tstparttbl_n0
POSTHOOK: type: QUERY
POSTHOOK: Input: default@tstparttbl_n0
POSTHOOK: Input: default@tstparttbl_n0@ds=2008-04-08
POSTHOOK: Input: default@tstparttbl_n0@ds=2008-04-09
#### A masked pattern was here ####
500
PREHOOK: query: CREATE TABLE tstparttbl2_n0(KEY STRING, VALUE STRING) PARTITIONED BY(ds string) STORED AS TEXTFILE
PREHOOK: type: CREATETABLE
PREHOOK: Output: database:default
PREHOOK: Output: default@tstparttbl2_n0
POSTHOOK: query: CREATE TABLE tstparttbl2_n0(KEY STRING, VALUE STRING) PARTITIONED BY(ds string) STORED AS TEXTFILE
POSTHOOK: type: CREATETABLE
POSTHOOK: Output: database:default
POSTHOOK: Output: default@tstparttbl2_n0
PREHOOK: query: LOAD DATA LOCAL INPATH '../../data/files/nullfile.txt' INTO TABLE tstparttbl2_n0 PARTITION (ds='2008-04-09')
PREHOOK: type: LOAD
#### A masked pattern was here ####
PREHOOK: Output: default@tstparttbl2_n0
POSTHOOK: query: LOAD DATA LOCAL INPATH '../../data/files/nullfile.txt' INTO TABLE tstparttbl2_n0 PARTITION (ds='2008-04-09')
POSTHOOK: type: LOAD
#### A masked pattern was here ####
POSTHOOK: Output: default@tstparttbl2_n0
POSTHOOK: Output: default@tstparttbl2_n0@ds=2008-04-09
PREHOOK: query: LOAD DATA LOCAL INPATH '../../data/files/nullfile.txt' INTO TABLE tstparttbl2_n0 PARTITION (ds='2008-04-08')
PREHOOK: type: LOAD
#### A masked pattern was here ####
PREHOOK: Output: default@tstparttbl2_n0
POSTHOOK: query: LOAD DATA LOCAL INPATH '../../data/files/nullfile.txt' INTO TABLE tstparttbl2_n0 PARTITION (ds='2008-04-08')
POSTHOOK: type: LOAD
#### A masked pattern was here ####
POSTHOOK: Output: default@tstparttbl2_n0
POSTHOOK: Output: default@tstparttbl2_n0@ds=2008-04-08
PREHOOK: query: explain
select count(1) from tstparttbl2_n0
PREHOOK: type: QUERY
POSTHOOK: query: explain
select count(1) from tstparttbl2_n0
POSTHOOK: type: QUERY
STAGE DEPENDENCIES:
  Stage-1 is a root stage
  Stage-0 depends on stages: Stage-1

STAGE PLANS:
  Stage: Stage-1
    Map Reduce
      Map Operator Tree:
          TableScan
            alias: tstparttbl2_n0
            Statistics: Num rows: 1 Data size: 0 Basic stats: PARTIAL Column stats: NONE
            Select Operator
              Statistics: Num rows: 1 Data size: 0 Basic stats: PARTIAL Column stats: NONE
              Group By Operator
                aggregations: count()
                mode: hash
                outputColumnNames: _col0
                Statistics: Num rows: 1 Data size: 8 Basic stats: PARTIAL Column stats: NONE
                Reduce Output Operator
                  sort order: 
                  Statistics: Num rows: 1 Data size: 8 Basic stats: PARTIAL Column stats: NONE
                  value expressions: _col0 (type: bigint)
      Execution mode: vectorized
      Reduce Operator Tree:
        Group By Operator
          aggregations: count(VALUE._col0)
          mode: mergepartial
          outputColumnNames: _col0
          Statistics: Num rows: 1 Data size: 8 Basic stats: PARTIAL Column stats: NONE
          File Output Operator
            compressed: false
            Statistics: Num rows: 1 Data size: 8 Basic stats: PARTIAL Column stats: NONE
            table:
                input format: org.apache.hadoop.mapred.SequenceFileInputFormat
                output format: org.apache.hadoop.hive.ql.io.HiveSequenceFileOutputFormat
                serde: org.apache.hadoop.hive.serde2.lazy.LazySimpleSerDe

  Stage: Stage-0
    Fetch Operator
      limit: -1
      Processor Tree:
        ListSink

PREHOOK: query: select count(1) from tstparttbl2_n0
PREHOOK: type: QUERY
PREHOOK: Input: default@tstparttbl2_n0
PREHOOK: Input: default@tstparttbl2_n0@ds=2008-04-08
PREHOOK: Input: default@tstparttbl2_n0@ds=2008-04-09
#### A masked pattern was here ####
POSTHOOK: query: select count(1) from tstparttbl2_n0
POSTHOOK: type: QUERY
POSTHOOK: Input: default@tstparttbl2_n0
POSTHOOK: Input: default@tstparttbl2_n0@ds=2008-04-08
POSTHOOK: Input: default@tstparttbl2_n0@ds=2008-04-09
#### A masked pattern was here ####
0
PREHOOK: query: DROP TABLE tstparttbl_n0
PREHOOK: type: DROPTABLE
PREHOOK: Input: default@tstparttbl_n0
PREHOOK: Output: default@tstparttbl_n0
POSTHOOK: query: DROP TABLE tstparttbl_n0
POSTHOOK: type: DROPTABLE
POSTHOOK: Input: default@tstparttbl_n0
POSTHOOK: Output: default@tstparttbl_n0
PREHOOK: query: CREATE TABLE tstparttbl_n0(KEY STRING, VALUE STRING) PARTITIONED BY(ds string) STORED AS TEXTFILE
PREHOOK: type: CREATETABLE
PREHOOK: Output: database:default
PREHOOK: Output: default@tstparttbl_n0
POSTHOOK: query: CREATE TABLE tstparttbl_n0(KEY STRING, VALUE STRING) PARTITIONED BY(ds string) STORED AS TEXTFILE
POSTHOOK: type: CREATETABLE
POSTHOOK: Output: database:default
POSTHOOK: Output: default@tstparttbl_n0
PREHOOK: query: LOAD DATA LOCAL INPATH '../../data/files/kv1.txt' INTO TABLE tstparttbl_n0 PARTITION (ds='2008-04-09')
PREHOOK: type: LOAD
#### A masked pattern was here ####
PREHOOK: Output: default@tstparttbl_n0
POSTHOOK: query: LOAD DATA LOCAL INPATH '../../data/files/kv1.txt' INTO TABLE tstparttbl_n0 PARTITION (ds='2008-04-09')
POSTHOOK: type: LOAD
#### A masked pattern was here ####
POSTHOOK: Output: default@tstparttbl_n0
POSTHOOK: Output: default@tstparttbl_n0@ds=2008-04-09
PREHOOK: query: LOAD DATA LOCAL INPATH '../../data/files/nullfile.txt' INTO TABLE tstparttbl_n0 PARTITION (ds='2008-04-08')
PREHOOK: type: LOAD
#### A masked pattern was here ####
PREHOOK: Output: default@tstparttbl_n0
POSTHOOK: query: LOAD DATA LOCAL INPATH '../../data/files/nullfile.txt' INTO TABLE tstparttbl_n0 PARTITION (ds='2008-04-08')
POSTHOOK: type: LOAD
#### A masked pattern was here ####
POSTHOOK: Output: default@tstparttbl_n0
POSTHOOK: Output: default@tstparttbl_n0@ds=2008-04-08
PREHOOK: query: explain
select count(1) from tstparttbl_n0
PREHOOK: type: QUERY
POSTHOOK: query: explain
select count(1) from tstparttbl_n0
POSTHOOK: type: QUERY
STAGE DEPENDENCIES:
  Stage-1 is a root stage
  Stage-0 depends on stages: Stage-1

STAGE PLANS:
  Stage: Stage-1
    Map Reduce
      Map Operator Tree:
          TableScan
            alias: tstparttbl_n0
            Statistics: Num rows: 120 Data size: 58120 Basic stats: PARTIAL Column stats: NONE
            Select Operator
              Statistics: Num rows: 120 Data size: 58120 Basic stats: PARTIAL Column stats: NONE
              Group By Operator
                aggregations: count()
                mode: hash
                outputColumnNames: _col0
                Statistics: Num rows: 1 Data size: 8 Basic stats: PARTIAL Column stats: NONE
                Reduce Output Operator
                  sort order: 
                  Statistics: Num rows: 1 Data size: 8 Basic stats: PARTIAL Column stats: NONE
                  value expressions: _col0 (type: bigint)
      Execution mode: vectorized
      Reduce Operator Tree:
        Group By Operator
          aggregations: count(VALUE._col0)
          mode: mergepartial
          outputColumnNames: _col0
          Statistics: Num rows: 1 Data size: 8 Basic stats: PARTIAL Column stats: NONE
          File Output Operator
            compressed: false
            Statistics: Num rows: 1 Data size: 8 Basic stats: PARTIAL Column stats: NONE
            table:
                input format: org.apache.hadoop.mapred.SequenceFileInputFormat
                output format: org.apache.hadoop.hive.ql.io.HiveSequenceFileOutputFormat
                serde: org.apache.hadoop.hive.serde2.lazy.LazySimpleSerDe

  Stage: Stage-0
    Fetch Operator
      limit: -1
      Processor Tree:
        ListSink

PREHOOK: query: select count(1) from tstparttbl_n0
PREHOOK: type: QUERY
PREHOOK: Input: default@tstparttbl_n0
PREHOOK: Input: default@tstparttbl_n0@ds=2008-04-08
PREHOOK: Input: default@tstparttbl_n0@ds=2008-04-09
#### A masked pattern was here ####
POSTHOOK: query: select count(1) from tstparttbl_n0
POSTHOOK: type: QUERY
POSTHOOK: Input: default@tstparttbl_n0
POSTHOOK: Input: default@tstparttbl_n0@ds=2008-04-08
POSTHOOK: Input: default@tstparttbl_n0@ds=2008-04-09
#### A masked pattern was here ####
500
PREHOOK: query: DROP TABLE tstparttbl2_n0
PREHOOK: type: DROPTABLE
PREHOOK: Input: default@tstparttbl2_n0
PREHOOK: Output: default@tstparttbl2_n0
POSTHOOK: query: DROP TABLE tstparttbl2_n0
POSTHOOK: type: DROPTABLE
POSTHOOK: Input: default@tstparttbl2_n0
POSTHOOK: Output: default@tstparttbl2_n0
PREHOOK: query: CREATE TABLE tstparttbl2_n0(KEY STRING, VALUE STRING) PARTITIONED BY(ds string) STORED AS TEXTFILE
PREHOOK: type: CREATETABLE
PREHOOK: Output: database:default
PREHOOK: Output: default@tstparttbl2_n0
POSTHOOK: query: CREATE TABLE tstparttbl2_n0(KEY STRING, VALUE STRING) PARTITIONED BY(ds string) STORED AS TEXTFILE
POSTHOOK: type: CREATETABLE
POSTHOOK: Output: database:default
POSTHOOK: Output: default@tstparttbl2_n0
PREHOOK: query: LOAD DATA LOCAL INPATH '../../data/files/nullfile.txt' INTO TABLE tstparttbl2_n0 PARTITION (ds='2008-04-09')
PREHOOK: type: LOAD
#### A masked pattern was here ####
PREHOOK: Output: default@tstparttbl2_n0
POSTHOOK: query: LOAD DATA LOCAL INPATH '../../data/files/nullfile.txt' INTO TABLE tstparttbl2_n0 PARTITION (ds='2008-04-09')
POSTHOOK: type: LOAD
#### A masked pattern was here ####
POSTHOOK: Output: default@tstparttbl2_n0
POSTHOOK: Output: default@tstparttbl2_n0@ds=2008-04-09
PREHOOK: query: LOAD DATA LOCAL INPATH '../../data/files/nullfile.txt' INTO TABLE tstparttbl2_n0 PARTITION (ds='2008-04-08')
PREHOOK: type: LOAD
#### A masked pattern was here ####
PREHOOK: Output: default@tstparttbl2_n0
POSTHOOK: query: LOAD DATA LOCAL INPATH '../../data/files/nullfile.txt' INTO TABLE tstparttbl2_n0 PARTITION (ds='2008-04-08')
POSTHOOK: type: LOAD
#### A masked pattern was here ####
POSTHOOK: Output: default@tstparttbl2_n0
POSTHOOK: Output: default@tstparttbl2_n0@ds=2008-04-08
PREHOOK: query: explain
select count(1) from tstparttbl2_n0
PREHOOK: type: QUERY
POSTHOOK: query: explain
select count(1) from tstparttbl2_n0
POSTHOOK: type: QUERY
STAGE DEPENDENCIES:
  Stage-1 is a root stage
  Stage-0 depends on stages: Stage-1

STAGE PLANS:
  Stage: Stage-1
    Map Reduce
      Map Operator Tree:
          TableScan
            alias: tstparttbl2_n0
            Statistics: Num rows: 1 Data size: 0 Basic stats: PARTIAL Column stats: NONE
            Select Operator
              Statistics: Num rows: 1 Data size: 0 Basic stats: PARTIAL Column stats: NONE
              Group By Operator
                aggregations: count()
                mode: hash
                outputColumnNames: _col0
                Statistics: Num rows: 1 Data size: 8 Basic stats: PARTIAL Column stats: NONE
                Reduce Output Operator
                  sort order: 
                  Statistics: Num rows: 1 Data size: 8 Basic stats: PARTIAL Column stats: NONE
                  value expressions: _col0 (type: bigint)
      Execution mode: vectorized
      Reduce Operator Tree:
        Group By Operator
          aggregations: count(VALUE._col0)
          mode: mergepartial
          outputColumnNames: _col0
          Statistics: Num rows: 1 Data size: 8 Basic stats: PARTIAL Column stats: NONE
          File Output Operator
            compressed: false
            Statistics: Num rows: 1 Data size: 8 Basic stats: PARTIAL Column stats: NONE
            table:
                input format: org.apache.hadoop.mapred.SequenceFileInputFormat
                output format: org.apache.hadoop.hive.ql.io.HiveSequenceFileOutputFormat
                serde: org.apache.hadoop.hive.serde2.lazy.LazySimpleSerDe

  Stage: Stage-0
    Fetch Operator
      limit: -1
      Processor Tree:
        ListSink

PREHOOK: query: select count(1) from tstparttbl2_n0
PREHOOK: type: QUERY
PREHOOK: Input: default@tstparttbl2_n0
PREHOOK: Input: default@tstparttbl2_n0@ds=2008-04-08
PREHOOK: Input: default@tstparttbl2_n0@ds=2008-04-09
#### A masked pattern was here ####
POSTHOOK: query: select count(1) from tstparttbl2_n0
POSTHOOK: type: QUERY
POSTHOOK: Input: default@tstparttbl2_n0
POSTHOOK: Input: default@tstparttbl2_n0@ds=2008-04-08
POSTHOOK: Input: default@tstparttbl2_n0@ds=2008-04-09
#### A masked pattern was here ####
0
