PREHOOK: query: EXPLAIN SELECT ARRAY(NULL, 0), 
               ARRAY(NULL, ARRAY()),
               ARRAY(NULL, MAP()),
               ARRAY(NULL, STRUCT(0))
        FROM src tablesample (1 rows)
PREHOOK: type: QUERY
PREHOOK: Input: default@src
#### A masked pattern was here ####
POSTHOOK: query: EXPLAIN SELECT ARRAY(NULL, 0), 
               ARRAY(NULL, ARRAY()),
               ARRAY(NULL, MAP()),
               ARRAY(NULL, STRUCT(0))
        FROM src tablesample (1 rows)
POSTHOOK: type: QUERY
POSTHOOK: Input: default@src
#### A masked pattern was here ####
STAGE DEPENDENCIES:
  Stage-1 is a root stage
  Stage-0 depends on stages: Stage-1

STAGE PLANS:
  Stage: Stage-1
    Map Reduce
      Map Operator Tree:
          TableScan
            alias: src
            Row Limit Per Split: 1
            Statistics: Num rows: 500 Data size: 5312 Basic stats: COMPLETE Column stats: COMPLETE
            Select Operator
              expressions: array(null,0) (type: array<int>), array(null,array()) (type: array<array<string>>), array(null,map()) (type: array<map<string,string>>), array(null,const struct(0)) (type: array<struct<col1:int>>)
              outputColumnNames: _col0, _col1, _col2, _col3
              Statistics: Num rows: 500 Data size: 108000 Basic stats: COMPLETE Column stats: COMPLETE
              File Output Operator
                compressed: false
                Statistics: Num rows: 500 Data size: 108000 Basic stats: COMPLETE Column stats: COMPLETE
                table:
                    input format: org.apache.hadoop.mapred.SequenceFileInputFormat
                    output format: org.apache.hadoop.hive.ql.io.HiveSequenceFileOutputFormat
                    serde: org.apache.hadoop.hive.serde2.lazy.LazySimpleSerDe

  Stage: Stage-0
    Fetch Operator
      limit: -1
      Processor Tree:
        ListSink

PREHOOK: query: SELECT ARRAY(NULL, 0), 
       ARRAY(NULL, ARRAY()),
       ARRAY(NULL, MAP()),
       ARRAY(NULL, STRUCT(0))
FROM src tablesample (1 rows)
PREHOOK: type: QUERY
PREHOOK: Input: default@src
#### A masked pattern was here ####
POSTHOOK: query: SELECT ARRAY(NULL, 0), 
       ARRAY(NULL, ARRAY()),
       ARRAY(NULL, MAP()),
       ARRAY(NULL, STRUCT(0))
FROM src tablesample (1 rows)
POSTHOOK: type: QUERY
POSTHOOK: Input: default@src
#### A masked pattern was here ####
[null,0]	[null,[]]	[null,{}]	[null,{"col1":0}]
