PREHOOK: query: drop table tbl_rc
PREHOOK: type: DROPTABLE
POSTHOOK: query: drop table tbl_rc
POSTHOOK: type: DROPTABLE
PREHOOK: query: drop table tbl_parquet
PREHOOK: type: DROPTABLE
POSTHOOK: query: drop table tbl_parquet
POSTHOOK: type: DROPTABLE
PREHOOK: query: create table tbl_rc (val decimal(10,0))
row format serde 'org.apache.hadoop.hive.serde2.columnar.LazyBinaryColumnarSerDe' stored as rcfile
PREHOOK: type: CREATETABLE
PREHOOK: Output: database:default
PREHOOK: Output: default@tbl_rc
POSTHOOK: query: create table tbl_rc (val decimal(10,0))
row format serde 'org.apache.hadoop.hive.serde2.columnar.LazyBinaryColumnarSerDe' stored as rcfile
POSTHOOK: type: CREATETABLE
POSTHOOK: Output: database:default
POSTHOOK: Output: default@tbl_rc
PREHOOK: query: create table tbl_parquet (val decimal(10,0)) 
STORED AS PARQUET
PREHOOK: type: CREATETABLE
PREHOOK: Output: database:default
PREHOOK: Output: default@tbl_parquet
POSTHOOK: query: create table tbl_parquet (val decimal(10,0)) 
STORED AS PARQUET
POSTHOOK: type: CREATETABLE
POSTHOOK: Output: database:default
POSTHOOK: Output: default@tbl_parquet
PREHOOK: query: insert into table tbl_rc values(101)
PREHOOK: type: QUERY
PREHOOK: Input: _dummy_database@_dummy_table
PREHOOK: Output: default@tbl_rc
POSTHOOK: query: insert into table tbl_rc values(101)
POSTHOOK: type: QUERY
POSTHOOK: Input: _dummy_database@_dummy_table
POSTHOOK: Output: default@tbl_rc
POSTHOOK: Lineage: tbl_rc.val SCRIPT []
PREHOOK: query: insert into table tbl_parquet values(101)
PREHOOK: type: QUERY
PREHOOK: Input: _dummy_database@_dummy_table
PREHOOK: Output: default@tbl_parquet
POSTHOOK: query: insert into table tbl_parquet values(101)
POSTHOOK: type: QUERY
POSTHOOK: Input: _dummy_database@_dummy_table
POSTHOOK: Output: default@tbl_parquet
POSTHOOK: Lineage: tbl_parquet.val SCRIPT []
PREHOOK: query: explain vectorization expression
select val, round(val, -1) from tbl_rc order by val
PREHOOK: type: QUERY
PREHOOK: Input: default@tbl_rc
#### A masked pattern was here ####
POSTHOOK: query: explain vectorization expression
select val, round(val, -1) from tbl_rc order by val
POSTHOOK: type: QUERY
POSTHOOK: Input: default@tbl_rc
#### A masked pattern was here ####
PLAN VECTORIZATION:
  enabled: true
  enabledConditionsMet: [hive.vectorized.execution.enabled IS true]

STAGE DEPENDENCIES:
  Stage-1 is a root stage
  Stage-0 depends on stages: Stage-1

STAGE PLANS:
  Stage: Stage-1
    Map Reduce
      Map Operator Tree:
          TableScan
            alias: tbl_rc
            Statistics: Num rows: 1 Data size: 3 Basic stats: COMPLETE Column stats: NONE
            TableScan Vectorization:
                native: true
            Select Operator
              expressions: val (type: decimal(10,0)), round(val, -1) (type: decimal(11,0))
              outputColumnNames: _col0, _col1
              Select Vectorization:
                  className: VectorSelectOperator
                  native: true
                  projectedOutputColumnNums: [0, 2]
                  selectExpressions: FuncRoundWithNumDigitsDecimalToDecimal(col 0:decimal(10,0), decimalPlaces -1) -> 2:decimal(11,0)
              Statistics: Num rows: 1 Data size: 3 Basic stats: COMPLETE Column stats: NONE
              Reduce Output Operator
                key expressions: _col0 (type: decimal(10,0))
                sort order: +
                Reduce Sink Vectorization:
                    className: VectorReduceSinkOperator
                    native: false
                    nativeConditionsMet: hive.vectorized.execution.reducesink.new.enabled IS true, No PTF TopN IS true, No DISTINCT columns IS true, BinarySortableSerDe for keys IS true, LazyBinarySerDe for values IS true
                    nativeConditionsNotMet: hive.execution.engine mr IN [tez, spark] IS false
                Statistics: Num rows: 1 Data size: 3 Basic stats: COMPLETE Column stats: NONE
                value expressions: _col1 (type: decimal(11,0))
      Execution mode: vectorized
      Map Vectorization:
          enabled: true
          enabledConditionsMet: hive.vectorized.use.row.serde.deserialize IS true
          inputFormatFeatureSupport: []
          featureSupportInUse: []
          inputFileFormats: org.apache.hadoop.hive.ql.io.RCFileInputFormat
          allNative: false
          usesVectorUDFAdaptor: false
          vectorized: true
      Reduce Vectorization:
          enabled: false
          enableConditionsMet: hive.vectorized.execution.reduce.enabled IS true
          enableConditionsNotMet: hive.execution.engine mr IN [tez, spark] IS false
      Reduce Operator Tree:
        Select Operator
          expressions: KEY.reducesinkkey0 (type: decimal(10,0)), VALUE._col0 (type: decimal(11,0))
          outputColumnNames: _col0, _col1
          Statistics: Num rows: 1 Data size: 3 Basic stats: COMPLETE Column stats: NONE
          File Output Operator
            compressed: false
            Statistics: Num rows: 1 Data size: 3 Basic stats: COMPLETE Column stats: NONE
            table:
                input format: org.apache.hadoop.mapred.SequenceFileInputFormat
                output format: org.apache.hadoop.hive.ql.io.HiveSequenceFileOutputFormat
                serde: org.apache.hadoop.hive.serde2.lazy.LazySimpleSerDe

  Stage: Stage-0
    Fetch Operator
      limit: -1
      Processor Tree:
        ListSink

PREHOOK: query: explain vectorization expression
select val, round(val, -1) from tbl_parquet order by val
PREHOOK: type: QUERY
PREHOOK: Input: default@tbl_parquet
#### A masked pattern was here ####
POSTHOOK: query: explain vectorization expression
select val, round(val, -1) from tbl_parquet order by val
POSTHOOK: type: QUERY
POSTHOOK: Input: default@tbl_parquet
#### A masked pattern was here ####
PLAN VECTORIZATION:
  enabled: true
  enabledConditionsMet: [hive.vectorized.execution.enabled IS true]

STAGE DEPENDENCIES:
  Stage-1 is a root stage
  Stage-0 depends on stages: Stage-1

STAGE PLANS:
  Stage: Stage-1
    Map Reduce
      Map Operator Tree:
          TableScan
            alias: tbl_parquet
            Statistics: Num rows: 1 Data size: 1 Basic stats: COMPLETE Column stats: NONE
            Select Operator
              expressions: val (type: decimal(10,0)), round(val, -1) (type: decimal(11,0))
              outputColumnNames: _col0, _col1
              Statistics: Num rows: 1 Data size: 1 Basic stats: COMPLETE Column stats: NONE
              Reduce Output Operator
                key expressions: _col0 (type: decimal(10,0))
                sort order: +
                Statistics: Num rows: 1 Data size: 1 Basic stats: COMPLETE Column stats: NONE
                value expressions: _col1 (type: decimal(11,0))
      Map Vectorization:
          enabled: false
          enabledConditionsNotMet: Row deserialization of vectorized input format not supported IS false, hive.vectorized.use.vectorized.input.format IS false
          inputFileFormats: org.apache.hadoop.hive.ql.io.parquet.MapredParquetInputFormat
      Reduce Vectorization:
          enabled: false
          enableConditionsMet: hive.vectorized.execution.reduce.enabled IS true
          enableConditionsNotMet: hive.execution.engine mr IN [tez, spark] IS false
      Reduce Operator Tree:
        Select Operator
          expressions: KEY.reducesinkkey0 (type: decimal(10,0)), VALUE._col0 (type: decimal(11,0))
          outputColumnNames: _col0, _col1
          Statistics: Num rows: 1 Data size: 1 Basic stats: COMPLETE Column stats: NONE
          File Output Operator
            compressed: false
            Statistics: Num rows: 1 Data size: 1 Basic stats: COMPLETE Column stats: NONE
            table:
                input format: org.apache.hadoop.mapred.SequenceFileInputFormat
                output format: org.apache.hadoop.hive.ql.io.HiveSequenceFileOutputFormat
                serde: org.apache.hadoop.hive.serde2.lazy.LazySimpleSerDe

  Stage: Stage-0
    Fetch Operator
      limit: -1
      Processor Tree:
        ListSink

PREHOOK: query: drop table tbl_rc
PREHOOK: type: DROPTABLE
PREHOOK: Input: default@tbl_rc
PREHOOK: Output: default@tbl_rc
POSTHOOK: query: drop table tbl_rc
POSTHOOK: type: DROPTABLE
POSTHOOK: Input: default@tbl_rc
POSTHOOK: Output: default@tbl_rc
PREHOOK: query: drop table tbl_parquet
PREHOOK: type: DROPTABLE
PREHOOK: Input: default@tbl_parquet
PREHOOK: Output: default@tbl_parquet
POSTHOOK: query: drop table tbl_parquet
POSTHOOK: type: DROPTABLE
POSTHOOK: Input: default@tbl_parquet
POSTHOOK: Output: default@tbl_parquet
