PREHOOK: query: -- SORT_QUERY_RESULTS
CREATE TABLE tbl_pred(t tinyint,
           si smallint,
           i int,
           b bigint,
           f float,
           d double,
           bo boolean,
           s string,
           ts timestamp,
           dec decimal(4,2),
           bin binary)
STORED AS PARQUET
PREHOOK: type: CREATETABLE
PREHOOK: Output: database:default
PREHOOK: Output: default@tbl_pred
POSTHOOK: query: -- SORT_QUERY_RESULTS
CREATE TABLE tbl_pred(t tinyint,
           si smallint,
           i int,
           b bigint,
           f float,
           d double,
           bo boolean,
           s string,
           ts timestamp,
           dec decimal(4,2),
           bin binary)
STORED AS PARQUET
POSTHOOK: type: CREATETABLE
POSTHOOK: Output: database:default
POSTHOOK: Output: default@tbl_pred
PREHOOK: query: CREATE TABLE staging(t tinyint,
           si smallint,
           i int,
           b bigint,
           f float,
           d double,
           bo boolean,
           s string,
           ts timestamp,
           dec decimal(4,2),
           bin binary)
ROW FORMAT DELIMITED FIELDS TERMINATED BY '|'
STORED AS TEXTFILE
PREHOOK: type: CREATETABLE
PREHOOK: Output: database:default
PREHOOK: Output: default@staging
POSTHOOK: query: CREATE TABLE staging(t tinyint,
           si smallint,
           i int,
           b bigint,
           f float,
           d double,
           bo boolean,
           s string,
           ts timestamp,
           dec decimal(4,2),
           bin binary)
ROW FORMAT DELIMITED FIELDS TERMINATED BY '|'
STORED AS TEXTFILE
POSTHOOK: type: CREATETABLE
POSTHOOK: Output: database:default
POSTHOOK: Output: default@staging
PREHOOK: query: LOAD DATA LOCAL INPATH '../../data/files/over1k' OVERWRITE INTO TABLE staging
PREHOOK: type: LOAD
#### A masked pattern was here ####
PREHOOK: Output: default@staging
POSTHOOK: query: LOAD DATA LOCAL INPATH '../../data/files/over1k' OVERWRITE INTO TABLE staging
POSTHOOK: type: LOAD
#### A masked pattern was here ####
POSTHOOK: Output: default@staging
PREHOOK: query: INSERT INTO TABLE tbl_pred select * from staging
PREHOOK: type: QUERY
PREHOOK: Input: default@staging
PREHOOK: Output: default@tbl_pred
POSTHOOK: query: INSERT INTO TABLE tbl_pred select * from staging
POSTHOOK: type: QUERY
POSTHOOK: Input: default@staging
POSTHOOK: Output: default@tbl_pred
POSTHOOK: Lineage: tbl_pred.b SIMPLE [(staging)staging.FieldSchema(name:b, type:bigint, comment:null), ]
POSTHOOK: Lineage: tbl_pred.bin SIMPLE [(staging)staging.FieldSchema(name:bin, type:binary, comment:null), ]
POSTHOOK: Lineage: tbl_pred.bo SIMPLE [(staging)staging.FieldSchema(name:bo, type:boolean, comment:null), ]
POSTHOOK: Lineage: tbl_pred.d SIMPLE [(staging)staging.FieldSchema(name:d, type:double, comment:null), ]
POSTHOOK: Lineage: tbl_pred.dec SIMPLE [(staging)staging.FieldSchema(name:dec, type:decimal(4,2), comment:null), ]
POSTHOOK: Lineage: tbl_pred.f SIMPLE [(staging)staging.FieldSchema(name:f, type:float, comment:null), ]
POSTHOOK: Lineage: tbl_pred.i SIMPLE [(staging)staging.FieldSchema(name:i, type:int, comment:null), ]
POSTHOOK: Lineage: tbl_pred.s SIMPLE [(staging)staging.FieldSchema(name:s, type:string, comment:null), ]
POSTHOOK: Lineage: tbl_pred.si SIMPLE [(staging)staging.FieldSchema(name:si, type:smallint, comment:null), ]
POSTHOOK: Lineage: tbl_pred.t SIMPLE [(staging)staging.FieldSchema(name:t, type:tinyint, comment:null), ]
POSTHOOK: Lineage: tbl_pred.ts SIMPLE [(staging)staging.FieldSchema(name:ts, type:timestamp, comment:null), ]
PREHOOK: query: -- no predicate case. the explain plan should not have filter expression in table scan operator

SELECT SUM(HASH(t)) FROM tbl_pred
PREHOOK: type: QUERY
PREHOOK: Input: default@tbl_pred
#### A masked pattern was here ####
POSTHOOK: query: -- no predicate case. the explain plan should not have filter expression in table scan operator

SELECT SUM(HASH(t)) FROM tbl_pred
POSTHOOK: type: QUERY
POSTHOOK: Input: default@tbl_pred
#### A masked pattern was here ####
62430
PREHOOK: query: SELECT SUM(HASH(t)) FROM tbl_pred
PREHOOK: type: QUERY
PREHOOK: Input: default@tbl_pred
#### A masked pattern was here ####
POSTHOOK: query: SELECT SUM(HASH(t)) FROM tbl_pred
POSTHOOK: type: QUERY
POSTHOOK: Input: default@tbl_pred
#### A masked pattern was here ####
62430
PREHOOK: query: EXPLAIN SELECT SUM(HASH(t)) FROM tbl_pred
PREHOOK: type: QUERY
POSTHOOK: query: EXPLAIN SELECT SUM(HASH(t)) FROM tbl_pred
POSTHOOK: type: QUERY
STAGE DEPENDENCIES:
  Stage-1 is a root stage
  Stage-0 depends on stages: Stage-1

STAGE PLANS:
  Stage: Stage-1
    Map Reduce
      Map Operator Tree:
          TableScan
            alias: tbl_pred
            Statistics: Num rows: 1049 Data size: 11539 Basic stats: COMPLETE Column stats: NONE
            Select Operator
              expressions: hash(t) (type: int)
              outputColumnNames: _col0
              Statistics: Num rows: 1049 Data size: 11539 Basic stats: COMPLETE Column stats: NONE
              Group By Operator
                aggregations: sum(_col0)
                mode: hash
                outputColumnNames: _col0
                Statistics: Num rows: 1 Data size: 8 Basic stats: COMPLETE Column stats: NONE
                Reduce Output Operator
                  sort order: 
                  Statistics: Num rows: 1 Data size: 8 Basic stats: COMPLETE Column stats: NONE
                  value expressions: _col0 (type: bigint)
      Reduce Operator Tree:
        Group By Operator
          aggregations: sum(VALUE._col0)
          mode: mergepartial
          outputColumnNames: _col0
          Statistics: Num rows: 1 Data size: 8 Basic stats: COMPLETE Column stats: NONE
          File Output Operator
            compressed: false
            Statistics: Num rows: 1 Data size: 8 Basic stats: COMPLETE Column stats: NONE
            table:
                input format: org.apache.hadoop.mapred.SequenceFileInputFormat
                output format: org.apache.hadoop.hive.ql.io.HiveSequenceFileOutputFormat
                serde: org.apache.hadoop.hive.serde2.lazy.LazySimpleSerDe

  Stage: Stage-0
    Fetch Operator
      limit: -1
      Processor Tree:
        ListSink

PREHOOK: query: EXPLAIN SELECT SUM(HASH(t)) FROM tbl_pred
PREHOOK: type: QUERY
POSTHOOK: query: EXPLAIN SELECT SUM(HASH(t)) FROM tbl_pred
POSTHOOK: type: QUERY
STAGE DEPENDENCIES:
  Stage-1 is a root stage
  Stage-0 depends on stages: Stage-1

STAGE PLANS:
  Stage: Stage-1
    Map Reduce
      Map Operator Tree:
          TableScan
            alias: tbl_pred
            Statistics: Num rows: 1049 Data size: 11539 Basic stats: COMPLETE Column stats: NONE
            Select Operator
              expressions: hash(t) (type: int)
              outputColumnNames: _col0
              Statistics: Num rows: 1049 Data size: 11539 Basic stats: COMPLETE Column stats: NONE
              Group By Operator
                aggregations: sum(_col0)
                mode: hash
                outputColumnNames: _col0
                Statistics: Num rows: 1 Data size: 8 Basic stats: COMPLETE Column stats: NONE
                Reduce Output Operator
                  sort order: 
                  Statistics: Num rows: 1 Data size: 8 Basic stats: COMPLETE Column stats: NONE
                  value expressions: _col0 (type: bigint)
      Reduce Operator Tree:
        Group By Operator
          aggregations: sum(VALUE._col0)
          mode: mergepartial
          outputColumnNames: _col0
          Statistics: Num rows: 1 Data size: 8 Basic stats: COMPLETE Column stats: NONE
          File Output Operator
            compressed: false
            Statistics: Num rows: 1 Data size: 8 Basic stats: COMPLETE Column stats: NONE
            table:
                input format: org.apache.hadoop.mapred.SequenceFileInputFormat
                output format: org.apache.hadoop.hive.ql.io.HiveSequenceFileOutputFormat
                serde: org.apache.hadoop.hive.serde2.lazy.LazySimpleSerDe

  Stage: Stage-0
    Fetch Operator
      limit: -1
      Processor Tree:
        ListSink

PREHOOK: query: -- all the following queries have predicates which are pushed down to table scan operator if
-- hive.optimize.index.filter is set to true. the explain plan should show filter expression
-- in table scan operator.

SELECT * FROM tbl_pred WHERE t<2 limit 1
PREHOOK: type: QUERY
PREHOOK: Input: default@tbl_pred
#### A masked pattern was here ####
POSTHOOK: query: -- all the following queries have predicates which are pushed down to table scan operator if
-- hive.optimize.index.filter is set to true. the explain plan should show filter expression
-- in table scan operator.

SELECT * FROM tbl_pred WHERE t<2 limit 1
POSTHOOK: type: QUERY
POSTHOOK: Input: default@tbl_pred
#### A masked pattern was here ####
-3	467	65575	4294967437	81.64	23.53	true	tom hernandez	2013-03-01 09:11:58.703188	32.85	study skills
PREHOOK: query: SELECT * FROM tbl_pred WHERE t<2 limit 1
PREHOOK: type: QUERY
PREHOOK: Input: default@tbl_pred
#### A masked pattern was here ####
POSTHOOK: query: SELECT * FROM tbl_pred WHERE t<2 limit 1
POSTHOOK: type: QUERY
POSTHOOK: Input: default@tbl_pred
#### A masked pattern was here ####
-3	467	65575	4294967437	81.64	23.53	true	tom hernandez	2013-03-01 09:11:58.703188	32.85	study skills
PREHOOK: query: SELECT * FROM tbl_pred WHERE t>2 limit 1
PREHOOK: type: QUERY
PREHOOK: Input: default@tbl_pred
#### A masked pattern was here ####
POSTHOOK: query: SELECT * FROM tbl_pred WHERE t>2 limit 1
POSTHOOK: type: QUERY
POSTHOOK: Input: default@tbl_pred
#### A masked pattern was here ####
124	336	65664	4294967435	74.72	42.47	true	bob davidson	2013-03-01 09:11:58.703302	45.40	yard duty
PREHOOK: query: SELECT * FROM tbl_pred WHERE t>2 limit 1
PREHOOK: type: QUERY
PREHOOK: Input: default@tbl_pred
#### A masked pattern was here ####
POSTHOOK: query: SELECT * FROM tbl_pred WHERE t>2 limit 1
POSTHOOK: type: QUERY
POSTHOOK: Input: default@tbl_pred
#### A masked pattern was here ####
124	336	65664	4294967435	74.72	42.47	true	bob davidson	2013-03-01 09:11:58.703302	45.40	yard duty
PREHOOK: query: SELECT * FROM tbl_pred
  WHERE t IS NOT NULL
  AND t < 0
  AND t > -2
  LIMIT 10
PREHOOK: type: QUERY
PREHOOK: Input: default@tbl_pred
#### A masked pattern was here ####
POSTHOOK: query: SELECT * FROM tbl_pred
  WHERE t IS NOT NULL
  AND t < 0
  AND t > -2
  LIMIT 10
POSTHOOK: type: QUERY
POSTHOOK: Input: default@tbl_pred
#### A masked pattern was here ####
-1	268	65778	4294967418	56.33	44.73	true	calvin falkner	2013-03-01 09:11:58.70322	7.37	history
-1	281	65643	4294967323	15.1	45.0	false	irene nixon	2013-03-01 09:11:58.703223	80.96	undecided
-1	300	65663	4294967343	71.26	34.62	true	calvin ovid	2013-03-01 09:11:58.703262	78.56	study skills
-1	348	65556	4294967413	35.17	9.51	false	bob young	2013-03-01 09:11:58.70328	45.81	quiet hour
-1	372	65680	4294967490	15.45	18.09	false	ethan laertes	2013-03-01 09:11:58.70311	65.88	opthamology
-1	417	65685	4294967492	28.89	5.19	true	mike white	2013-03-01 09:11:58.703275	90.69	forestry
-1	423	65663	4294967380	0.79	21.33	false	bob laertes	2013-03-01 09:11:58.703278	94.16	debate
-1	433	65581	4294967299	86.92	23.15	false	yuri ellison	2013-03-01 09:11:58.703098	21.29	history
PREHOOK: query: SELECT * FROM tbl_pred
  WHERE t IS NOT NULL
  AND t < 0
  AND t > -2
  LIMIT 10
PREHOOK: type: QUERY
PREHOOK: Input: default@tbl_pred
#### A masked pattern was here ####
POSTHOOK: query: SELECT * FROM tbl_pred
  WHERE t IS NOT NULL
  AND t < 0
  AND t > -2
  LIMIT 10
POSTHOOK: type: QUERY
POSTHOOK: Input: default@tbl_pred
#### A masked pattern was here ####
-1	268	65778	4294967418	56.33	44.73	true	calvin falkner	2013-03-01 09:11:58.70322	7.37	history
-1	281	65643	4294967323	15.1	45.0	false	irene nixon	2013-03-01 09:11:58.703223	80.96	undecided
-1	300	65663	4294967343	71.26	34.62	true	calvin ovid	2013-03-01 09:11:58.703262	78.56	study skills
-1	348	65556	4294967413	35.17	9.51	false	bob young	2013-03-01 09:11:58.70328	45.81	quiet hour
-1	372	65680	4294967490	15.45	18.09	false	ethan laertes	2013-03-01 09:11:58.70311	65.88	opthamology
-1	417	65685	4294967492	28.89	5.19	true	mike white	2013-03-01 09:11:58.703275	90.69	forestry
-1	423	65663	4294967380	0.79	21.33	false	bob laertes	2013-03-01 09:11:58.703278	94.16	debate
-1	433	65581	4294967299	86.92	23.15	false	yuri ellison	2013-03-01 09:11:58.703098	21.29	history
PREHOOK: query: EXPLAIN SELECT * FROM tbl_pred
  WHERE t IS NOT NULL
  AND t < 0
  AND t > -2
  LIMIT 10
PREHOOK: type: QUERY
POSTHOOK: query: EXPLAIN SELECT * FROM tbl_pred
  WHERE t IS NOT NULL
  AND t < 0
  AND t > -2
  LIMIT 10
POSTHOOK: type: QUERY
STAGE DEPENDENCIES:
  Stage-1 is a root stage
  Stage-0 depends on stages: Stage-1

STAGE PLANS:
  Stage: Stage-1
    Map Reduce
      Map Operator Tree:
          TableScan
            alias: tbl_pred
            Statistics: Num rows: 1049 Data size: 11539 Basic stats: COMPLETE Column stats: NONE
            Filter Operator
              predicate: ((t < 0) and (UDFToInteger(t) > -2)) (type: boolean)
              Statistics: Num rows: 116 Data size: 1276 Basic stats: COMPLETE Column stats: NONE
              Select Operator
                expressions: t (type: tinyint), si (type: smallint), i (type: int), b (type: bigint), f (type: float), d (type: double), bo (type: boolean), s (type: string), ts (type: timestamp), dec (type: decimal(4,2)), bin (type: binary)
                outputColumnNames: _col0, _col1, _col2, _col3, _col4, _col5, _col6, _col7, _col8, _col9, _col10
                Statistics: Num rows: 116 Data size: 1276 Basic stats: COMPLETE Column stats: NONE
                Limit
                  Number of rows: 10
                  Statistics: Num rows: 10 Data size: 110 Basic stats: COMPLETE Column stats: NONE
                  File Output Operator
                    compressed: false
                    Statistics: Num rows: 10 Data size: 110 Basic stats: COMPLETE Column stats: NONE
                    table:
                        input format: org.apache.hadoop.mapred.SequenceFileInputFormat
                        output format: org.apache.hadoop.hive.ql.io.HiveSequenceFileOutputFormat
                        serde: org.apache.hadoop.hive.serde2.lazy.LazySimpleSerDe

  Stage: Stage-0
    Fetch Operator
      limit: 10
      Processor Tree:
        ListSink

PREHOOK: query: EXPLAIN SELECT * FROM tbl_pred
  WHERE t IS NOT NULL
  AND t < 0
  AND t > -2
  LIMIT 10
PREHOOK: type: QUERY
POSTHOOK: query: EXPLAIN SELECT * FROM tbl_pred
  WHERE t IS NOT NULL
  AND t < 0
  AND t > -2
  LIMIT 10
POSTHOOK: type: QUERY
STAGE DEPENDENCIES:
  Stage-1 is a root stage
  Stage-0 depends on stages: Stage-1

STAGE PLANS:
  Stage: Stage-1
    Map Reduce
      Map Operator Tree:
          TableScan
            alias: tbl_pred
            filterExpr: ((t < 0) and (UDFToInteger(t) > -2)) (type: boolean)
            Statistics: Num rows: 1049 Data size: 11539 Basic stats: COMPLETE Column stats: NONE
            Filter Operator
              predicate: ((t < 0) and (UDFToInteger(t) > -2)) (type: boolean)
              Statistics: Num rows: 116 Data size: 1276 Basic stats: COMPLETE Column stats: NONE
              Select Operator
                expressions: t (type: tinyint), si (type: smallint), i (type: int), b (type: bigint), f (type: float), d (type: double), bo (type: boolean), s (type: string), ts (type: timestamp), dec (type: decimal(4,2)), bin (type: binary)
                outputColumnNames: _col0, _col1, _col2, _col3, _col4, _col5, _col6, _col7, _col8, _col9, _col10
                Statistics: Num rows: 116 Data size: 1276 Basic stats: COMPLETE Column stats: NONE
                Limit
                  Number of rows: 10
                  Statistics: Num rows: 10 Data size: 110 Basic stats: COMPLETE Column stats: NONE
                  File Output Operator
                    compressed: false
                    Statistics: Num rows: 10 Data size: 110 Basic stats: COMPLETE Column stats: NONE
                    table:
                        input format: org.apache.hadoop.mapred.SequenceFileInputFormat
                        output format: org.apache.hadoop.hive.ql.io.HiveSequenceFileOutputFormat
                        serde: org.apache.hadoop.hive.serde2.lazy.LazySimpleSerDe

  Stage: Stage-0
    Fetch Operator
      limit: 10
      Processor Tree:
        ListSink

PREHOOK: query: SELECT t, s FROM tbl_pred
  WHERE t <=> -1
  AND s IS NOT NULL
  AND s LIKE 'bob%'
PREHOOK: type: QUERY
PREHOOK: Input: default@tbl_pred
#### A masked pattern was here ####
POSTHOOK: query: SELECT t, s FROM tbl_pred
  WHERE t <=> -1
  AND s IS NOT NULL
  AND s LIKE 'bob%'
POSTHOOK: type: QUERY
POSTHOOK: Input: default@tbl_pred
#### A masked pattern was here ####
-1	bob laertes
-1	bob young
PREHOOK: query: SELECT t, s FROM tbl_pred
  WHERE t <=> -1
  AND s IS NOT NULL
  AND s LIKE 'bob%'
PREHOOK: type: QUERY
PREHOOK: Input: default@tbl_pred
#### A masked pattern was here ####
POSTHOOK: query: SELECT t, s FROM tbl_pred
  WHERE t <=> -1
  AND s IS NOT NULL
  AND s LIKE 'bob%'
POSTHOOK: type: QUERY
POSTHOOK: Input: default@tbl_pred
#### A masked pattern was here ####
-1	bob laertes
-1	bob young
PREHOOK: query: EXPLAIN SELECT t, s FROM tbl_pred
  WHERE t <=> -1
  AND s IS NOT NULL
  AND s LIKE 'bob%'
PREHOOK: type: QUERY
POSTHOOK: query: EXPLAIN SELECT t, s FROM tbl_pred
  WHERE t <=> -1
  AND s IS NOT NULL
  AND s LIKE 'bob%'
POSTHOOK: type: QUERY
STAGE DEPENDENCIES:
  Stage-1 is a root stage
  Stage-0 depends on stages: Stage-1

STAGE PLANS:
  Stage: Stage-1
    Map Reduce
      Map Operator Tree:
          TableScan
            alias: tbl_pred
            Statistics: Num rows: 1049 Data size: 11539 Basic stats: COMPLETE Column stats: NONE
            Filter Operator
              predicate: ((t = -1) and s is not null and (s like 'bob%')) (type: boolean)
              Statistics: Num rows: 262 Data size: 2882 Basic stats: COMPLETE Column stats: NONE
              Select Operator
                expressions: -1 (type: tinyint), s (type: string)
                outputColumnNames: _col0, _col1
                Statistics: Num rows: 262 Data size: 2882 Basic stats: COMPLETE Column stats: NONE
                File Output Operator
                  compressed: false
                  Statistics: Num rows: 262 Data size: 2882 Basic stats: COMPLETE Column stats: NONE
                  table:
                      input format: org.apache.hadoop.mapred.SequenceFileInputFormat
                      output format: org.apache.hadoop.hive.ql.io.HiveSequenceFileOutputFormat
                      serde: org.apache.hadoop.hive.serde2.lazy.LazySimpleSerDe

  Stage: Stage-0
    Fetch Operator
      limit: -1
      Processor Tree:
        ListSink

PREHOOK: query: EXPLAIN SELECT t, s FROM tbl_pred
  WHERE t <=> -1
  AND s IS NOT NULL
  AND s LIKE 'bob%'
PREHOOK: type: QUERY
POSTHOOK: query: EXPLAIN SELECT t, s FROM tbl_pred
  WHERE t <=> -1
  AND s IS NOT NULL
  AND s LIKE 'bob%'
POSTHOOK: type: QUERY
STAGE DEPENDENCIES:
  Stage-1 is a root stage
  Stage-0 depends on stages: Stage-1

STAGE PLANS:
  Stage: Stage-1
    Map Reduce
      Map Operator Tree:
          TableScan
            alias: tbl_pred
            filterExpr: ((t = -1) and s is not null and (s like 'bob%')) (type: boolean)
            Statistics: Num rows: 1049 Data size: 11539 Basic stats: COMPLETE Column stats: NONE
            Filter Operator
              predicate: ((t = -1) and s is not null and (s like 'bob%')) (type: boolean)
              Statistics: Num rows: 262 Data size: 2882 Basic stats: COMPLETE Column stats: NONE
              Select Operator
                expressions: -1 (type: tinyint), s (type: string)
                outputColumnNames: _col0, _col1
                Statistics: Num rows: 262 Data size: 2882 Basic stats: COMPLETE Column stats: NONE
                File Output Operator
                  compressed: false
                  Statistics: Num rows: 262 Data size: 2882 Basic stats: COMPLETE Column stats: NONE
                  table:
                      input format: org.apache.hadoop.mapred.SequenceFileInputFormat
                      output format: org.apache.hadoop.hive.ql.io.HiveSequenceFileOutputFormat
                      serde: org.apache.hadoop.hive.serde2.lazy.LazySimpleSerDe

  Stage: Stage-0
    Fetch Operator
      limit: -1
      Processor Tree:
        ListSink

PREHOOK: query: SELECT t, s FROM tbl_pred
  WHERE s IS NOT NULL
  AND s LIKE 'bob%'
  AND t NOT IN (-1,-2,-3)
  AND t BETWEEN 25 AND 30
  SORT BY t,s
PREHOOK: type: QUERY
PREHOOK: Input: default@tbl_pred
#### A masked pattern was here ####
POSTHOOK: query: SELECT t, s FROM tbl_pred
  WHERE s IS NOT NULL
  AND s LIKE 'bob%'
  AND t NOT IN (-1,-2,-3)
  AND t BETWEEN 25 AND 30
  SORT BY t,s
POSTHOOK: type: QUERY
POSTHOOK: Input: default@tbl_pred
#### A masked pattern was here ####
26	bob ovid
26	bob quirinius
27	bob ovid
PREHOOK: query: SELECT t, s FROM tbl_pred
  WHERE s IS NOT NULL
  AND s LIKE 'bob%'
  AND t NOT IN (-1,-2,-3)
  AND t BETWEEN 25 AND 30
  SORT BY t,s
PREHOOK: type: QUERY
PREHOOK: Input: default@tbl_pred
#### A masked pattern was here ####
POSTHOOK: query: SELECT t, s FROM tbl_pred
  WHERE s IS NOT NULL
  AND s LIKE 'bob%'
  AND t NOT IN (-1,-2,-3)
  AND t BETWEEN 25 AND 30
  SORT BY t,s
POSTHOOK: type: QUERY
POSTHOOK: Input: default@tbl_pred
#### A masked pattern was here ####
26	bob ovid
26	bob quirinius
27	bob ovid
PREHOOK: query: EXPLAIN SELECT t, s FROM tbl_pred
  WHERE s IS NOT NULL
  AND s LIKE 'bob%'
  AND t NOT IN (-1,-2,-3)
  AND t BETWEEN 25 AND 30
  SORT BY t,s
PREHOOK: type: QUERY
POSTHOOK: query: EXPLAIN SELECT t, s FROM tbl_pred
  WHERE s IS NOT NULL
  AND s LIKE 'bob%'
  AND t NOT IN (-1,-2,-3)
  AND t BETWEEN 25 AND 30
  SORT BY t,s
POSTHOOK: type: QUERY
STAGE DEPENDENCIES:
  Stage-1 is a root stage
  Stage-0 depends on stages: Stage-1

STAGE PLANS:
  Stage: Stage-1
    Map Reduce
      Map Operator Tree:
          TableScan
            alias: tbl_pred
            Statistics: Num rows: 1049 Data size: 11539 Basic stats: COMPLETE Column stats: NONE
            Filter Operator
              predicate: (s is not null and (s like 'bob%') and (not (t) IN (-1, -2, -3)) and t BETWEEN 25 AND 30) (type: boolean)
              Statistics: Num rows: 131 Data size: 1441 Basic stats: COMPLETE Column stats: NONE
              Select Operator
                expressions: t (type: tinyint), s (type: string)
                outputColumnNames: _col0, _col1
                Statistics: Num rows: 131 Data size: 1441 Basic stats: COMPLETE Column stats: NONE
                Reduce Output Operator
                  key expressions: _col0 (type: tinyint), _col1 (type: string)
                  sort order: ++
                  Statistics: Num rows: 131 Data size: 1441 Basic stats: COMPLETE Column stats: NONE
      Reduce Operator Tree:
        Select Operator
          expressions: KEY.reducesinkkey0 (type: tinyint), KEY.reducesinkkey1 (type: string)
          outputColumnNames: _col0, _col1
          Statistics: Num rows: 131 Data size: 1441 Basic stats: COMPLETE Column stats: NONE
          File Output Operator
            compressed: false
            Statistics: Num rows: 131 Data size: 1441 Basic stats: COMPLETE Column stats: NONE
            table:
                input format: org.apache.hadoop.mapred.SequenceFileInputFormat
                output format: org.apache.hadoop.hive.ql.io.HiveSequenceFileOutputFormat
                serde: org.apache.hadoop.hive.serde2.lazy.LazySimpleSerDe

  Stage: Stage-0
    Fetch Operator
      limit: -1
      Processor Tree:
        ListSink

PREHOOK: query: EXPLAIN SELECT t, s FROM tbl_pred
  WHERE s IS NOT NULL
  AND s LIKE 'bob%'
  AND t NOT IN (-1,-2,-3)
  AND t BETWEEN 25 AND 30
  SORT BY t,s
PREHOOK: type: QUERY
POSTHOOK: query: EXPLAIN SELECT t, s FROM tbl_pred
  WHERE s IS NOT NULL
  AND s LIKE 'bob%'
  AND t NOT IN (-1,-2,-3)
  AND t BETWEEN 25 AND 30
  SORT BY t,s
POSTHOOK: type: QUERY
STAGE DEPENDENCIES:
  Stage-1 is a root stage
  Stage-0 depends on stages: Stage-1

STAGE PLANS:
  Stage: Stage-1
    Map Reduce
      Map Operator Tree:
          TableScan
            alias: tbl_pred
            filterExpr: (s is not null and (s like 'bob%') and (not (t) IN (-1, -2, -3)) and t BETWEEN 25 AND 30) (type: boolean)
            Statistics: Num rows: 1049 Data size: 11539 Basic stats: COMPLETE Column stats: NONE
            Filter Operator
              predicate: (s is not null and (s like 'bob%') and (not (t) IN (-1, -2, -3)) and t BETWEEN 25 AND 30) (type: boolean)
              Statistics: Num rows: 131 Data size: 1441 Basic stats: COMPLETE Column stats: NONE
              Select Operator
                expressions: t (type: tinyint), s (type: string)
                outputColumnNames: _col0, _col1
                Statistics: Num rows: 131 Data size: 1441 Basic stats: COMPLETE Column stats: NONE
                Reduce Output Operator
                  key expressions: _col0 (type: tinyint), _col1 (type: string)
                  sort order: ++
                  Statistics: Num rows: 131 Data size: 1441 Basic stats: COMPLETE Column stats: NONE
      Reduce Operator Tree:
        Select Operator
          expressions: KEY.reducesinkkey0 (type: tinyint), KEY.reducesinkkey1 (type: string)
          outputColumnNames: _col0, _col1
          Statistics: Num rows: 131 Data size: 1441 Basic stats: COMPLETE Column stats: NONE
          File Output Operator
            compressed: false
            Statistics: Num rows: 131 Data size: 1441 Basic stats: COMPLETE Column stats: NONE
            table:
                input format: org.apache.hadoop.mapred.SequenceFileInputFormat
                output format: org.apache.hadoop.hive.ql.io.HiveSequenceFileOutputFormat
                serde: org.apache.hadoop.hive.serde2.lazy.LazySimpleSerDe

  Stage: Stage-0
    Fetch Operator
      limit: -1
      Processor Tree:
        ListSink

PREHOOK: query: SELECT t, si, d, s FROM tbl_pred
  WHERE d >= ROUND(9.99)
  AND d < 12
  AND t IS NOT NULL
  AND s LIKE '%son'
  AND s NOT LIKE '%car%'
  AND t > 0
  AND si BETWEEN 300 AND 400
  ORDER BY s DESC
  LIMIT 3
PREHOOK: type: QUERY
PREHOOK: Input: default@tbl_pred
#### A masked pattern was here ####
POSTHOOK: query: SELECT t, si, d, s FROM tbl_pred
  WHERE d >= ROUND(9.99)
  AND d < 12
  AND t IS NOT NULL
  AND s LIKE '%son'
  AND s NOT LIKE '%car%'
  AND t > 0
  AND si BETWEEN 300 AND 400
  ORDER BY s DESC
  LIMIT 3
POSTHOOK: type: QUERY
POSTHOOK: Input: default@tbl_pred
#### A masked pattern was here ####
101	327	11.48	gabriella ellison
15	334	11.12	jessica robinson
7	320	11.54	bob ellison
PREHOOK: query: SELECT t, si, d, s FROM tbl_pred
  WHERE d >= ROUND(9.99)
  AND d < 12
  AND t IS NOT NULL
  AND s LIKE '%son'
  AND s NOT LIKE '%car%'
  AND t > 0
  AND si BETWEEN 300 AND 400
  ORDER BY s DESC
  LIMIT 3
PREHOOK: type: QUERY
PREHOOK: Input: default@tbl_pred
#### A masked pattern was here ####
POSTHOOK: query: SELECT t, si, d, s FROM tbl_pred
  WHERE d >= ROUND(9.99)
  AND d < 12
  AND t IS NOT NULL
  AND s LIKE '%son'
  AND s NOT LIKE '%car%'
  AND t > 0
  AND si BETWEEN 300 AND 400
  ORDER BY s DESC
  LIMIT 3
POSTHOOK: type: QUERY
POSTHOOK: Input: default@tbl_pred
#### A masked pattern was here ####
101	327	11.48	gabriella ellison
15	334	11.12	jessica robinson
7	320	11.54	bob ellison
PREHOOK: query: EXPLAIN SELECT t, si, d, s FROM tbl_pred
  WHERE d >= ROUND(9.99)
  AND d < 12
  AND t IS NOT NULL
  AND s LIKE '%son'
  AND s NOT LIKE '%car%'
  AND t > 0
  AND si BETWEEN 300 AND 400
  ORDER BY s DESC
  LIMIT 3
PREHOOK: type: QUERY
POSTHOOK: query: EXPLAIN SELECT t, si, d, s FROM tbl_pred
  WHERE d >= ROUND(9.99)
  AND d < 12
  AND t IS NOT NULL
  AND s LIKE '%son'
  AND s NOT LIKE '%car%'
  AND t > 0
  AND si BETWEEN 300 AND 400
  ORDER BY s DESC
  LIMIT 3
POSTHOOK: type: QUERY
STAGE DEPENDENCIES:
  Stage-1 is a root stage
  Stage-0 depends on stages: Stage-1

STAGE PLANS:
  Stage: Stage-1
    Map Reduce
      Map Operator Tree:
          TableScan
            alias: tbl_pred
            Statistics: Num rows: 1049 Data size: 11539 Basic stats: COMPLETE Column stats: NONE
            Filter Operator
              predicate: ((d >= 10.0) and (d < 12.0) and (s like '%son') and (t > 0) and si BETWEEN 300 AND 400 and (not (s like '%car%'))) (type: boolean)
              Statistics: Num rows: 5 Data size: 55 Basic stats: COMPLETE Column stats: NONE
              Select Operator
                expressions: t (type: tinyint), si (type: smallint), d (type: double), s (type: string)
                outputColumnNames: _col0, _col1, _col2, _col3
                Statistics: Num rows: 5 Data size: 55 Basic stats: COMPLETE Column stats: NONE
                Reduce Output Operator
                  key expressions: _col3 (type: string)
                  sort order: -
                  Statistics: Num rows: 5 Data size: 55 Basic stats: COMPLETE Column stats: NONE
                  TopN Hash Memory Usage: 0.1
                  value expressions: _col0 (type: tinyint), _col1 (type: smallint), _col2 (type: double)
      Reduce Operator Tree:
        Select Operator
          expressions: VALUE._col0 (type: tinyint), VALUE._col1 (type: smallint), VALUE._col2 (type: double), KEY.reducesinkkey0 (type: string)
          outputColumnNames: _col0, _col1, _col2, _col3
          Statistics: Num rows: 5 Data size: 55 Basic stats: COMPLETE Column stats: NONE
          Limit
            Number of rows: 3
            Statistics: Num rows: 3 Data size: 33 Basic stats: COMPLETE Column stats: NONE
            File Output Operator
              compressed: false
              Statistics: Num rows: 3 Data size: 33 Basic stats: COMPLETE Column stats: NONE
              table:
                  input format: org.apache.hadoop.mapred.SequenceFileInputFormat
                  output format: org.apache.hadoop.hive.ql.io.HiveSequenceFileOutputFormat
                  serde: org.apache.hadoop.hive.serde2.lazy.LazySimpleSerDe

  Stage: Stage-0
    Fetch Operator
      limit: 3
      Processor Tree:
        ListSink

PREHOOK: query: EXPLAIN SELECT t, si, d, s FROM tbl_pred
  WHERE d >= ROUND(9.99)
  AND d < 12
  AND t IS NOT NULL
  AND s LIKE '%son'
  AND s NOT LIKE '%car%'
  AND t > 0
  AND si BETWEEN 300 AND 400
  ORDER BY s DESC
  LIMIT 3
PREHOOK: type: QUERY
POSTHOOK: query: EXPLAIN SELECT t, si, d, s FROM tbl_pred
  WHERE d >= ROUND(9.99)
  AND d < 12
  AND t IS NOT NULL
  AND s LIKE '%son'
  AND s NOT LIKE '%car%'
  AND t > 0
  AND si BETWEEN 300 AND 400
  ORDER BY s DESC
  LIMIT 3
POSTHOOK: type: QUERY
STAGE DEPENDENCIES:
  Stage-1 is a root stage
  Stage-0 depends on stages: Stage-1

STAGE PLANS:
  Stage: Stage-1
    Map Reduce
      Map Operator Tree:
          TableScan
            alias: tbl_pred
            filterExpr: ((d >= 10.0) and (d < 12.0) and (s like '%son') and (t > 0) and si BETWEEN 300 AND 400 and (not (s like '%car%'))) (type: boolean)
            Statistics: Num rows: 1049 Data size: 11539 Basic stats: COMPLETE Column stats: NONE
            Filter Operator
              predicate: ((d >= 10.0) and (d < 12.0) and (s like '%son') and (t > 0) and si BETWEEN 300 AND 400 and (not (s like '%car%'))) (type: boolean)
              Statistics: Num rows: 5 Data size: 55 Basic stats: COMPLETE Column stats: NONE
              Select Operator
                expressions: t (type: tinyint), si (type: smallint), d (type: double), s (type: string)
                outputColumnNames: _col0, _col1, _col2, _col3
                Statistics: Num rows: 5 Data size: 55 Basic stats: COMPLETE Column stats: NONE
                Reduce Output Operator
                  key expressions: _col3 (type: string)
                  sort order: -
                  Statistics: Num rows: 5 Data size: 55 Basic stats: COMPLETE Column stats: NONE
                  TopN Hash Memory Usage: 0.1
                  value expressions: _col0 (type: tinyint), _col1 (type: smallint), _col2 (type: double)
      Reduce Operator Tree:
        Select Operator
          expressions: VALUE._col0 (type: tinyint), VALUE._col1 (type: smallint), VALUE._col2 (type: double), KEY.reducesinkkey0 (type: string)
          outputColumnNames: _col0, _col1, _col2, _col3
          Statistics: Num rows: 5 Data size: 55 Basic stats: COMPLETE Column stats: NONE
          Limit
            Number of rows: 3
            Statistics: Num rows: 3 Data size: 33 Basic stats: COMPLETE Column stats: NONE
            File Output Operator
              compressed: false
              Statistics: Num rows: 3 Data size: 33 Basic stats: COMPLETE Column stats: NONE
              table:
                  input format: org.apache.hadoop.mapred.SequenceFileInputFormat
                  output format: org.apache.hadoop.hive.ql.io.HiveSequenceFileOutputFormat
                  serde: org.apache.hadoop.hive.serde2.lazy.LazySimpleSerDe

  Stage: Stage-0
    Fetch Operator
      limit: 3
      Processor Tree:
        ListSink

PREHOOK: query: SELECT t, si, d, s FROM tbl_pred
  WHERE t > 10
  AND t <> 101
  AND d >= ROUND(9.99)
  AND d < 12
  AND t IS NOT NULL
  AND s LIKE '%son'
  AND s NOT LIKE '%car%'
  AND t > 0
  AND si BETWEEN 300 AND 400
  SORT BY s DESC
  LIMIT 3
PREHOOK: type: QUERY
PREHOOK: Input: default@tbl_pred
#### A masked pattern was here ####
POSTHOOK: query: SELECT t, si, d, s FROM tbl_pred
  WHERE t > 10
  AND t <> 101
  AND d >= ROUND(9.99)
  AND d < 12
  AND t IS NOT NULL
  AND s LIKE '%son'
  AND s NOT LIKE '%car%'
  AND t > 0
  AND si BETWEEN 300 AND 400
  SORT BY s DESC
  LIMIT 3
POSTHOOK: type: QUERY
POSTHOOK: Input: default@tbl_pred
#### A masked pattern was here ####
15	334	11.12	jessica robinson
PREHOOK: query: SELECT t, si, d, s FROM tbl_pred
  WHERE t > 10
  AND t <> 101
  AND d >= ROUND(9.99)
  AND d < 12
  AND t IS NOT NULL
  AND s LIKE '%son'
  AND s NOT LIKE '%car%'
  AND t > 0
  AND si BETWEEN 300 AND 400
  SORT BY s DESC
  LIMIT 3
PREHOOK: type: QUERY
PREHOOK: Input: default@tbl_pred
#### A masked pattern was here ####
POSTHOOK: query: SELECT t, si, d, s FROM tbl_pred
  WHERE t > 10
  AND t <> 101
  AND d >= ROUND(9.99)
  AND d < 12
  AND t IS NOT NULL
  AND s LIKE '%son'
  AND s NOT LIKE '%car%'
  AND t > 0
  AND si BETWEEN 300 AND 400
  SORT BY s DESC
  LIMIT 3
POSTHOOK: type: QUERY
POSTHOOK: Input: default@tbl_pred
#### A masked pattern was here ####
15	334	11.12	jessica robinson
PREHOOK: query: SELECT f, i, b FROM tbl_pred
  WHERE f IS NOT NULL
  AND f < 123.2
  AND f > 1.92
  AND f >= 9.99
  AND f BETWEEN 1.92 AND 123.2
  AND i IS NOT NULL
  AND i < 67627
  AND i > 60627
  AND i >= 60626
  AND i BETWEEN 60626 AND 67627
  AND b IS NOT NULL
  AND b < 4294967861
  AND b > 4294967261
  AND b >= 4294967260
  AND b BETWEEN 4294967261 AND 4294967861
  SORT BY f DESC
  LIMIT 3
PREHOOK: type: QUERY
PREHOOK: Input: default@tbl_pred
#### A masked pattern was here ####
POSTHOOK: query: SELECT f, i, b FROM tbl_pred
  WHERE f IS NOT NULL
  AND f < 123.2
  AND f > 1.92
  AND f >= 9.99
  AND f BETWEEN 1.92 AND 123.2
  AND i IS NOT NULL
  AND i < 67627
  AND i > 60627
  AND i >= 60626
  AND i BETWEEN 60626 AND 67627
  AND b IS NOT NULL
  AND b < 4294967861
  AND b > 4294967261
  AND b >= 4294967260
  AND b BETWEEN 4294967261 AND 4294967861
  SORT BY f DESC
  LIMIT 3
POSTHOOK: type: QUERY
POSTHOOK: Input: default@tbl_pred
#### A masked pattern was here ####
99.68	65658	4294967503
99.91	65763	4294967324
99.92	65661	4294967404
PREHOOK: query: EXPLAIN SELECT t, si, d, s FROM tbl_pred
  WHERE t > 10
  AND t <> 101
  AND d >= ROUND(9.99)
  AND d < 12
  AND t IS NOT NULL
  AND s LIKE '%son'
  AND s NOT LIKE '%car%'
  AND t > 0
  AND si BETWEEN 300 AND 400
  SORT BY s DESC
  LIMIT 3
PREHOOK: type: QUERY
POSTHOOK: query: EXPLAIN SELECT t, si, d, s FROM tbl_pred
  WHERE t > 10
  AND t <> 101
  AND d >= ROUND(9.99)
  AND d < 12
  AND t IS NOT NULL
  AND s LIKE '%son'
  AND s NOT LIKE '%car%'
  AND t > 0
  AND si BETWEEN 300 AND 400
  SORT BY s DESC
  LIMIT 3
POSTHOOK: type: QUERY
STAGE DEPENDENCIES:
  Stage-1 is a root stage
  Stage-2 depends on stages: Stage-1
  Stage-0 depends on stages: Stage-2

STAGE PLANS:
  Stage: Stage-1
    Map Reduce
      Map Operator Tree:
          TableScan
            alias: tbl_pred
            Statistics: Num rows: 1049 Data size: 11539 Basic stats: COMPLETE Column stats: NONE
            Filter Operator
              predicate: ((t > 10) and (t <> 101) and (d >= 10) and (d < 12.0) and (s like '%son') and (not (s like '%car%')) and (t > 0) and si BETWEEN 300 AND 400) (type: boolean)
              Statistics: Num rows: 1 Data size: 11 Basic stats: COMPLETE Column stats: NONE
              Select Operator
                expressions: t (type: tinyint), si (type: smallint), d (type: double), s (type: string)
                outputColumnNames: _col0, _col1, _col2, _col3
                Statistics: Num rows: 1 Data size: 11 Basic stats: COMPLETE Column stats: NONE
                Reduce Output Operator
                  key expressions: _col3 (type: string)
                  sort order: -
                  Statistics: Num rows: 1 Data size: 11 Basic stats: COMPLETE Column stats: NONE
                  TopN Hash Memory Usage: 0.1
                  value expressions: _col0 (type: tinyint), _col1 (type: smallint), _col2 (type: double)
      Reduce Operator Tree:
        Select Operator
          expressions: VALUE._col0 (type: tinyint), VALUE._col1 (type: smallint), VALUE._col2 (type: double), KEY.reducesinkkey0 (type: string)
          outputColumnNames: _col0, _col1, _col2, _col3
          Statistics: Num rows: 1 Data size: 11 Basic stats: COMPLETE Column stats: NONE
          Limit
            Number of rows: 3
            Statistics: Num rows: 1 Data size: 11 Basic stats: COMPLETE Column stats: NONE
            File Output Operator
              compressed: false
              table:
                  input format: org.apache.hadoop.mapred.SequenceFileInputFormat
                  output format: org.apache.hadoop.hive.ql.io.HiveSequenceFileOutputFormat
                  serde: org.apache.hadoop.hive.serde2.lazybinary.LazyBinarySerDe

  Stage: Stage-2
    Map Reduce
      Map Operator Tree:
          TableScan
            Reduce Output Operator
              key expressions: _col3 (type: string)
              sort order: -
              Statistics: Num rows: 1 Data size: 11 Basic stats: COMPLETE Column stats: NONE
              TopN Hash Memory Usage: 0.1
              value expressions: _col0 (type: tinyint), _col1 (type: smallint), _col2 (type: double)
      Reduce Operator Tree:
        Select Operator
          expressions: VALUE._col0 (type: tinyint), VALUE._col1 (type: smallint), VALUE._col2 (type: double), KEY.reducesinkkey0 (type: string)
          outputColumnNames: _col0, _col1, _col2, _col3
          Statistics: Num rows: 1 Data size: 11 Basic stats: COMPLETE Column stats: NONE
          Limit
            Number of rows: 3
            Statistics: Num rows: 1 Data size: 11 Basic stats: COMPLETE Column stats: NONE
            File Output Operator
              compressed: false
              Statistics: Num rows: 1 Data size: 11 Basic stats: COMPLETE Column stats: NONE
              table:
                  input format: org.apache.hadoop.mapred.SequenceFileInputFormat
                  output format: org.apache.hadoop.hive.ql.io.HiveSequenceFileOutputFormat
                  serde: org.apache.hadoop.hive.serde2.lazy.LazySimpleSerDe

  Stage: Stage-0
    Fetch Operator
      limit: 3
      Processor Tree:
        ListSink

PREHOOK: query: EXPLAIN SELECT t, si, d, s FROM tbl_pred
  WHERE t > 10
  AND t <> 101
  AND d >= ROUND(9.99)
  AND d < 12
  AND t IS NOT NULL
  AND s LIKE '%son'
  AND s NOT LIKE '%car%'
  AND t > 0
  AND si BETWEEN 300 AND 400
  SORT BY s DESC
  LIMIT 3
PREHOOK: type: QUERY
POSTHOOK: query: EXPLAIN SELECT t, si, d, s FROM tbl_pred
  WHERE t > 10
  AND t <> 101
  AND d >= ROUND(9.99)
  AND d < 12
  AND t IS NOT NULL
  AND s LIKE '%son'
  AND s NOT LIKE '%car%'
  AND t > 0
  AND si BETWEEN 300 AND 400
  SORT BY s DESC
  LIMIT 3
POSTHOOK: type: QUERY
STAGE DEPENDENCIES:
  Stage-1 is a root stage
  Stage-2 depends on stages: Stage-1
  Stage-0 depends on stages: Stage-2

STAGE PLANS:
  Stage: Stage-1
    Map Reduce
      Map Operator Tree:
          TableScan
            alias: tbl_pred
            filterExpr: ((t > 10) and (t <> 101) and (d >= 10) and (d < 12.0) and (s like '%son') and (not (s like '%car%')) and (t > 0) and si BETWEEN 300 AND 400) (type: boolean)
            Statistics: Num rows: 1049 Data size: 11539 Basic stats: COMPLETE Column stats: NONE
            Filter Operator
              predicate: ((t > 10) and (t <> 101) and (d >= 10) and (d < 12.0) and (s like '%son') and (not (s like '%car%')) and (t > 0) and si BETWEEN 300 AND 400) (type: boolean)
              Statistics: Num rows: 1 Data size: 11 Basic stats: COMPLETE Column stats: NONE
              Select Operator
                expressions: t (type: tinyint), si (type: smallint), d (type: double), s (type: string)
                outputColumnNames: _col0, _col1, _col2, _col3
                Statistics: Num rows: 1 Data size: 11 Basic stats: COMPLETE Column stats: NONE
                Reduce Output Operator
                  key expressions: _col3 (type: string)
                  sort order: -
                  Statistics: Num rows: 1 Data size: 11 Basic stats: COMPLETE Column stats: NONE
                  TopN Hash Memory Usage: 0.1
                  value expressions: _col0 (type: tinyint), _col1 (type: smallint), _col2 (type: double)
      Reduce Operator Tree:
        Select Operator
          expressions: VALUE._col0 (type: tinyint), VALUE._col1 (type: smallint), VALUE._col2 (type: double), KEY.reducesinkkey0 (type: string)
          outputColumnNames: _col0, _col1, _col2, _col3
          Statistics: Num rows: 1 Data size: 11 Basic stats: COMPLETE Column stats: NONE
          Limit
            Number of rows: 3
            Statistics: Num rows: 1 Data size: 11 Basic stats: COMPLETE Column stats: NONE
            File Output Operator
              compressed: false
              table:
                  input format: org.apache.hadoop.mapred.SequenceFileInputFormat
                  output format: org.apache.hadoop.hive.ql.io.HiveSequenceFileOutputFormat
                  serde: org.apache.hadoop.hive.serde2.lazybinary.LazyBinarySerDe

  Stage: Stage-2
    Map Reduce
      Map Operator Tree:
          TableScan
            Reduce Output Operator
              key expressions: _col3 (type: string)
              sort order: -
              Statistics: Num rows: 1 Data size: 11 Basic stats: COMPLETE Column stats: NONE
              TopN Hash Memory Usage: 0.1
              value expressions: _col0 (type: tinyint), _col1 (type: smallint), _col2 (type: double)
      Reduce Operator Tree:
        Select Operator
          expressions: VALUE._col0 (type: tinyint), VALUE._col1 (type: smallint), VALUE._col2 (type: double), KEY.reducesinkkey0 (type: string)
          outputColumnNames: _col0, _col1, _col2, _col3
          Statistics: Num rows: 1 Data size: 11 Basic stats: COMPLETE Column stats: NONE
          Limit
            Number of rows: 3
            Statistics: Num rows: 1 Data size: 11 Basic stats: COMPLETE Column stats: NONE
            File Output Operator
              compressed: false
              Statistics: Num rows: 1 Data size: 11 Basic stats: COMPLETE Column stats: NONE
              table:
                  input format: org.apache.hadoop.mapred.SequenceFileInputFormat
                  output format: org.apache.hadoop.hive.ql.io.HiveSequenceFileOutputFormat
                  serde: org.apache.hadoop.hive.serde2.lazy.LazySimpleSerDe

  Stage: Stage-0
    Fetch Operator
      limit: 3
      Processor Tree:
        ListSink

PREHOOK: query: EXPLAIN SELECT f, i, b FROM tbl_pred
  WHERE f IS NOT NULL
  AND f < 123.2
  AND f > 1.92
  AND f >= 9.99
  AND f BETWEEN 1.92 AND 123.2
  AND i IS NOT NULL
  AND i < 67627
  AND i > 60627
  AND i >= 60626
  AND i BETWEEN 60626 AND 67627
  AND b IS NOT NULL
  AND b < 4294967861
  AND b > 4294967261
  AND b >= 4294967260
  AND b BETWEEN 4294967261 AND 4294967861
  SORT BY f DESC
  LIMIT 3
PREHOOK: type: QUERY
POSTHOOK: query: EXPLAIN SELECT f, i, b FROM tbl_pred
  WHERE f IS NOT NULL
  AND f < 123.2
  AND f > 1.92
  AND f >= 9.99
  AND f BETWEEN 1.92 AND 123.2
  AND i IS NOT NULL
  AND i < 67627
  AND i > 60627
  AND i >= 60626
  AND i BETWEEN 60626 AND 67627
  AND b IS NOT NULL
  AND b < 4294967861
  AND b > 4294967261
  AND b >= 4294967260
  AND b BETWEEN 4294967261 AND 4294967861
  SORT BY f DESC
  LIMIT 3
POSTHOOK: type: QUERY
STAGE DEPENDENCIES:
  Stage-1 is a root stage
  Stage-2 depends on stages: Stage-1
  Stage-0 depends on stages: Stage-2

STAGE PLANS:
  Stage: Stage-1
    Map Reduce
      Map Operator Tree:
          TableScan
            alias: tbl_pred
            filterExpr: ((f < 123.2) and (f > 1.92) and (f >= 9.99) and f BETWEEN 1.92 AND 123.2 and (i < 67627) and (i > 60627) and (i >= 60626) and i BETWEEN 60626 AND 67627 and (b < 4294967861) and (b > 4294967261) and (b >= 4294967260) and b BETWEEN 4294967261 AND 4294967861) (type: boolean)
            Statistics: Num rows: 1049 Data size: 11539 Basic stats: COMPLETE Column stats: NONE
            Filter Operator
              predicate: ((f < 123.2) and (f > 1.92) and (f >= 9.99) and f BETWEEN 1.92 AND 123.2 and (i < 67627) and (i > 60627) and (i >= 60626) and i BETWEEN 60626 AND 67627 and (b < 4294967861) and (b > 4294967261) and (b >= 4294967260) and b BETWEEN 4294967261 AND 4294967861) (type: boolean)
              Statistics: Num rows: 1 Data size: 11 Basic stats: COMPLETE Column stats: NONE
              Select Operator
                expressions: f (type: float), i (type: int), b (type: bigint)
                outputColumnNames: _col0, _col1, _col2
                Statistics: Num rows: 1 Data size: 11 Basic stats: COMPLETE Column stats: NONE
                Reduce Output Operator
                  key expressions: _col0 (type: float)
                  sort order: -
                  Statistics: Num rows: 1 Data size: 11 Basic stats: COMPLETE Column stats: NONE
                  TopN Hash Memory Usage: 0.1
                  value expressions: _col1 (type: int), _col2 (type: bigint)
      Reduce Operator Tree:
        Select Operator
          expressions: KEY.reducesinkkey0 (type: float), VALUE._col0 (type: int), VALUE._col1 (type: bigint)
          outputColumnNames: _col0, _col1, _col2
          Statistics: Num rows: 1 Data size: 11 Basic stats: COMPLETE Column stats: NONE
          Limit
            Number of rows: 3
            Statistics: Num rows: 1 Data size: 11 Basic stats: COMPLETE Column stats: NONE
            File Output Operator
              compressed: false
              table:
                  input format: org.apache.hadoop.mapred.SequenceFileInputFormat
                  output format: org.apache.hadoop.hive.ql.io.HiveSequenceFileOutputFormat
                  serde: org.apache.hadoop.hive.serde2.lazybinary.LazyBinarySerDe

  Stage: Stage-2
    Map Reduce
      Map Operator Tree:
          TableScan
            Reduce Output Operator
              key expressions: _col0 (type: float)
              sort order: -
              Statistics: Num rows: 1 Data size: 11 Basic stats: COMPLETE Column stats: NONE
              TopN Hash Memory Usage: 0.1
              value expressions: _col1 (type: int), _col2 (type: bigint)
      Reduce Operator Tree:
        Select Operator
          expressions: KEY.reducesinkkey0 (type: float), VALUE._col0 (type: int), VALUE._col1 (type: bigint)
          outputColumnNames: _col0, _col1, _col2
          Statistics: Num rows: 1 Data size: 11 Basic stats: COMPLETE Column stats: NONE
          Limit
            Number of rows: 3
            Statistics: Num rows: 1 Data size: 11 Basic stats: COMPLETE Column stats: NONE
            File Output Operator
              compressed: false
              Statistics: Num rows: 1 Data size: 11 Basic stats: COMPLETE Column stats: NONE
              table:
                  input format: org.apache.hadoop.mapred.SequenceFileInputFormat
                  output format: org.apache.hadoop.hive.ql.io.HiveSequenceFileOutputFormat
                  serde: org.apache.hadoop.hive.serde2.lazy.LazySimpleSerDe

  Stage: Stage-0
    Fetch Operator
      limit: 3
      Processor Tree:
        ListSink

