PREHOOK: query: create table t(a integer)
PREHOOK: type: CREATETABLE
PREHOOK: Output: database:default
PREHOOK: Output: default@t
POSTHOOK: query: create table t(a integer)
POSTHOOK: type: CREATETABLE
POSTHOOK: Output: database:default
POSTHOOK: Output: default@t
PREHOOK: query: create table t2(b integer)
PREHOOK: type: CREATETABLE
PREHOOK: Output: database:default
PREHOOK: Output: default@t2
POSTHOOK: query: create table t2(b integer)
POSTHOOK: type: CREATETABLE
POSTHOOK: Output: database:default
POSTHOOK: Output: default@t2
PREHOOK: query: insert into t values (1),(2),(3),(4)
PREHOOK: type: QUERY
PREHOOK: Input: _dummy_database@_dummy_table
PREHOOK: Output: default@t
POSTHOOK: query: insert into t values (1),(2),(3),(4)
POSTHOOK: type: QUERY
POSTHOOK: Input: _dummy_database@_dummy_table
POSTHOOK: Output: default@t
POSTHOOK: Lineage: t.a SCRIPT []
PREHOOK: query: insert into t2 values (1),(2),(3),(4)
PREHOOK: type: QUERY
PREHOOK: Input: _dummy_database@_dummy_table
PREHOOK: Output: default@t2
POSTHOOK: query: insert into t2 values (1),(2),(3),(4)
POSTHOOK: type: QUERY
POSTHOOK: Input: _dummy_database@_dummy_table
POSTHOOK: Output: default@t2
POSTHOOK: Lineage: t2.b SCRIPT []
PREHOOK: query: explain
select * from t,t2 where
	a*a=b+3
	and
	a in (1,2,3,4)
	and
	b in (1,2,3,4)

	and (
		(a in (1,2) and b in (1,2) ) or 
		(a in (2,3) and b in (2,3) )
			)
PREHOOK: type: QUERY
PREHOOK: Input: default@t
PREHOOK: Input: default@t2
#### A masked pattern was here ####
POSTHOOK: query: explain
select * from t,t2 where
	a*a=b+3
	and
	a in (1,2,3,4)
	and
	b in (1,2,3,4)

	and (
		(a in (1,2) and b in (1,2) ) or 
		(a in (2,3) and b in (2,3) )
			)
POSTHOOK: type: QUERY
POSTHOOK: Input: default@t
POSTHOOK: Input: default@t2
#### A masked pattern was here ####
STAGE DEPENDENCIES:
  Stage-1 is a root stage
  Stage-0 depends on stages: Stage-1

STAGE PLANS:
  Stage: Stage-1
    Map Reduce
      Map Operator Tree:
          TableScan
            alias: t
            filterExpr: (a) IN (1, 2, 3) (type: boolean)
            Statistics: Num rows: 4 Data size: 16 Basic stats: COMPLETE Column stats: COMPLETE
            Filter Operator
              predicate: (a) IN (1, 2, 3) (type: boolean)
              Statistics: Num rows: 3 Data size: 12 Basic stats: COMPLETE Column stats: COMPLETE
              Select Operator
                expressions: a (type: int), (a * a) (type: int), (a) IN (1, 2) (type: boolean), (a) IN (2, 3) (type: boolean)
                outputColumnNames: _col0, _col1, _col2, _col3
                Statistics: Num rows: 3 Data size: 48 Basic stats: COMPLETE Column stats: COMPLETE
                Reduce Output Operator
                  key expressions: _col1 (type: int)
                  null sort order: a
                  sort order: +
                  Map-reduce partition columns: _col1 (type: int)
                  Statistics: Num rows: 3 Data size: 48 Basic stats: COMPLETE Column stats: COMPLETE
                  value expressions: _col0 (type: int), _col2 (type: boolean), _col3 (type: boolean)
          TableScan
            alias: t2
            filterExpr: (b) IN (1, 2, 3) (type: boolean)
            Statistics: Num rows: 4 Data size: 16 Basic stats: COMPLETE Column stats: COMPLETE
            Filter Operator
              predicate: (b) IN (1, 2, 3) (type: boolean)
              Statistics: Num rows: 3 Data size: 12 Basic stats: COMPLETE Column stats: COMPLETE
              Select Operator
                expressions: b (type: int), (b + 3) (type: int), (b) IN (1, 2) (type: boolean), (b) IN (2, 3) (type: boolean)
                outputColumnNames: _col0, _col1, _col2, _col3
                Statistics: Num rows: 3 Data size: 48 Basic stats: COMPLETE Column stats: COMPLETE
                Reduce Output Operator
                  key expressions: _col1 (type: int)
                  null sort order: a
                  sort order: +
                  Map-reduce partition columns: _col1 (type: int)
                  Statistics: Num rows: 3 Data size: 48 Basic stats: COMPLETE Column stats: COMPLETE
                  value expressions: _col0 (type: int), _col2 (type: boolean), _col3 (type: boolean)
      Reduce Operator Tree:
        Join Operator
          condition map:
               Inner Join 0 to 1
          keys:
            0 _col1 (type: int)
            1 _col1 (type: int)
          outputColumnNames: _col0, _col2, _col3, _col4, _col6, _col7
          Statistics: Num rows: 3 Data size: 72 Basic stats: COMPLETE Column stats: COMPLETE
          Filter Operator
            predicate: ((_col2 and _col6) or (_col3 and _col7)) (type: boolean)
            Statistics: Num rows: 1 Data size: 24 Basic stats: COMPLETE Column stats: COMPLETE
            Select Operator
              expressions: _col0 (type: int), _col4 (type: int)
              outputColumnNames: _col0, _col1
              Statistics: Num rows: 1 Data size: 8 Basic stats: COMPLETE Column stats: COMPLETE
              File Output Operator
                compressed: false
                Statistics: Num rows: 1 Data size: 8 Basic stats: COMPLETE Column stats: COMPLETE
                table:
                    input format: org.apache.hadoop.mapred.SequenceFileInputFormat
                    output format: org.apache.hadoop.hive.ql.io.HiveSequenceFileOutputFormat
                    serde: org.apache.hadoop.hive.serde2.lazy.LazySimpleSerDe

  Stage: Stage-0
    Fetch Operator
      limit: -1
      Processor Tree:
        ListSink

