PREHOOK: query: create table alias_test_01(a INT, b STRING)
PREHOOK: type: CREATETABLE
PREHOOK: Output: database:default
PREHOOK: Output: default@alias_test_01
POSTHOOK: query: create table alias_test_01(a INT, b STRING)
POSTHOOK: type: CREATETABLE
POSTHOOK: Output: database:default
POSTHOOK: Output: default@alias_test_01
PREHOOK: query: create table alias_test_02(a INT, b STRING)
PREHOOK: type: CREATETABLE
PREHOOK: Output: database:default
PREHOOK: Output: default@alias_test_02
POSTHOOK: query: create table alias_test_02(a INT, b STRING)
POSTHOOK: type: CREATETABLE
POSTHOOK: Output: database:default
POSTHOOK: Output: default@alias_test_02
PREHOOK: query: create table alias_test_03(a INT, b STRING)
PREHOOK: type: CREATETABLE
PREHOOK: Output: database:default
PREHOOK: Output: default@alias_test_03
POSTHOOK: query: create table alias_test_03(a INT, b STRING)
POSTHOOK: type: CREATETABLE
POSTHOOK: Output: database:default
POSTHOOK: Output: default@alias_test_03
Warning: Shuffle Join JOIN[12][tables = [$hdt$_0, $hdt$_1]] in Stage 'Stage-1:MAPRED' is a cross product
PREHOOK: query: explain
                         select * from
                         alias_test_01 alias01
                         left join
                         (
                         select 2017 as a, b from alias_test_02 group by 1, 2
                         ) alias02
                         on alias01.a = alias02.a
                         left join
                         alias_test_03 alias03
                         on alias01.a = alias03.a
PREHOOK: type: QUERY
POSTHOOK: query: explain
                         select * from
                         alias_test_01 alias01
                         left join
                         (
                         select 2017 as a, b from alias_test_02 group by 1, 2
                         ) alias02
                         on alias01.a = alias02.a
                         left join
                         alias_test_03 alias03
                         on alias01.a = alias03.a
POSTHOOK: type: QUERY
STAGE DEPENDENCIES:
  Stage-3 is a root stage
  Stage-1 depends on stages: Stage-3
  Stage-2 depends on stages: Stage-1
  Stage-0 depends on stages: Stage-2

STAGE PLANS:
  Stage: Stage-3
    Map Reduce
      Map Operator Tree:
          TableScan
            alias: alias_test_02
            Statistics: Num rows: 1 Data size: 0 Basic stats: PARTIAL Column stats: NONE
            Select Operator
              expressions: b (type: string)
              outputColumnNames: b
              Statistics: Num rows: 1 Data size: 0 Basic stats: PARTIAL Column stats: NONE
              Group By Operator
                keys: b (type: string)
                mode: hash
                outputColumnNames: _col0
                Statistics: Num rows: 1 Data size: 0 Basic stats: PARTIAL Column stats: NONE
                Reduce Output Operator
                  key expressions: _col0 (type: string)
                  sort order: +
                  Map-reduce partition columns: _col0 (type: string)
                  Statistics: Num rows: 1 Data size: 0 Basic stats: PARTIAL Column stats: NONE
      Reduce Operator Tree:
        Group By Operator
          keys: KEY._col0 (type: string)
          mode: mergepartial
          outputColumnNames: _col0
          Statistics: Num rows: 1 Data size: 0 Basic stats: PARTIAL Column stats: NONE
          Select Operator
            expressions: 2017 (type: int), _col0 (type: string)
            outputColumnNames: _col0, _col1
            Statistics: Num rows: 1 Data size: 0 Basic stats: PARTIAL Column stats: NONE
            File Output Operator
              compressed: false
              table:
                  input format: org.apache.hadoop.mapred.SequenceFileInputFormat
                  output format: org.apache.hadoop.hive.ql.io.HiveSequenceFileOutputFormat
                  serde: org.apache.hadoop.hive.serde2.lazybinary.LazyBinarySerDe

  Stage: Stage-1
    Map Reduce
      Map Operator Tree:
          TableScan
            alias: alias01
            Statistics: Num rows: 1 Data size: 0 Basic stats: PARTIAL Column stats: NONE
            Select Operator
              expressions: a (type: int), b (type: string)
              outputColumnNames: _col0, _col1
              Statistics: Num rows: 1 Data size: 0 Basic stats: PARTIAL Column stats: NONE
              Reduce Output Operator
                sort order: 
                Statistics: Num rows: 1 Data size: 0 Basic stats: PARTIAL Column stats: NONE
                value expressions: _col0 (type: int), _col1 (type: string)
          TableScan
            Reduce Output Operator
              sort order: 
              Statistics: Num rows: 1 Data size: 0 Basic stats: PARTIAL Column stats: NONE
              value expressions: _col0 (type: int), _col1 (type: string)
      Reduce Operator Tree:
        Join Operator
          condition map:
               Left Outer Join 0 to 1
          filter predicates:
            0 {(VALUE._col0 = 2017)}
            1 
          keys:
            0 
            1 
          outputColumnNames: _col0, _col1, _col2, _col3
          Statistics: Num rows: 1 Data size: 1 Basic stats: COMPLETE Column stats: NONE
          File Output Operator
            compressed: false
            table:
                input format: org.apache.hadoop.mapred.SequenceFileInputFormat
                output format: org.apache.hadoop.hive.ql.io.HiveSequenceFileOutputFormat
                serde: org.apache.hadoop.hive.serde2.lazybinary.LazyBinarySerDe

  Stage: Stage-2
    Map Reduce
      Map Operator Tree:
          TableScan
            Reduce Output Operator
              key expressions: _col0 (type: int)
              sort order: +
              Map-reduce partition columns: _col0 (type: int)
              Statistics: Num rows: 1 Data size: 1 Basic stats: COMPLETE Column stats: NONE
              value expressions: _col1 (type: string), _col2 (type: int), _col3 (type: string)
          TableScan
            alias: alias03
            Statistics: Num rows: 1 Data size: 0 Basic stats: PARTIAL Column stats: NONE
            Select Operator
              expressions: a (type: int), b (type: string)
              outputColumnNames: _col0, _col1
              Statistics: Num rows: 1 Data size: 0 Basic stats: PARTIAL Column stats: NONE
              Reduce Output Operator
                key expressions: _col0 (type: int)
                sort order: +
                Map-reduce partition columns: _col0 (type: int)
                Statistics: Num rows: 1 Data size: 0 Basic stats: PARTIAL Column stats: NONE
                value expressions: _col1 (type: string)
      Reduce Operator Tree:
        Join Operator
          condition map:
               Left Outer Join 0 to 1
          keys:
            0 _col0 (type: int)
            1 _col0 (type: int)
          outputColumnNames: _col0, _col1, _col2, _col3, _col4, _col5
          Statistics: Num rows: 1 Data size: 1 Basic stats: COMPLETE Column stats: NONE
          File Output Operator
            compressed: false
            Statistics: Num rows: 1 Data size: 1 Basic stats: COMPLETE Column stats: NONE
            table:
                input format: org.apache.hadoop.mapred.SequenceFileInputFormat
                output format: org.apache.hadoop.hive.ql.io.HiveSequenceFileOutputFormat
                serde: org.apache.hadoop.hive.serde2.lazy.LazySimpleSerDe

  Stage: Stage-0
    Fetch Operator
      limit: -1
      Processor Tree:
        ListSink

