Warning: Shuffle Join JOIN[8][tables = [$hdt$_0, $hdt$_1]] in Stage 'Stage-1:MAPRED' is a cross product
PREHOOK: query: EXPLAIN
SELECT *
FROM srcpart a JOIN srcpart b
ON a.key = b.key
WHERE a.ds = '2008-04-08' AND
      b.ds = '2008-04-08' AND
      CASE a.key
        WHEN '27' THEN TRUE
        WHEN '38' THEN FALSE
        ELSE NULL
       END
ORDER BY a.key, a.value, a.ds, a.hr, b.key, b.value, b.ds, b.hr
PREHOOK: type: QUERY
POSTHOOK: query: EXPLAIN
SELECT *
FROM srcpart a JOIN srcpart b
ON a.key = b.key
WHERE a.ds = '2008-04-08' AND
      b.ds = '2008-04-08' AND
      CASE a.key
        WHEN '27' THEN TRUE
        WHEN '38' THEN FALSE
        ELSE NULL
       END
ORDER BY a.key, a.value, a.ds, a.hr, b.key, b.value, b.ds, b.hr
POSTHOOK: type: QUERY
STAGE DEPENDENCIES:
  Stage-1 is a root stage
  Stage-2 depends on stages: Stage-1
  Stage-0 depends on stages: Stage-2

STAGE PLANS:
  Stage: Stage-1
    Map Reduce
      Map Operator Tree:
          TableScan
            alias: a
            Statistics: Num rows: 1000 Data size: 10624 Basic stats: COMPLETE Column stats: NONE
            Filter Operator
              predicate: ((ds = '2008-04-08') and (key = '27')) (type: boolean)
              Statistics: Num rows: 500 Data size: 5312 Basic stats: COMPLETE Column stats: NONE
              Select Operator
                expressions: value (type: string), hr (type: string)
                outputColumnNames: _col1, _col3
                Statistics: Num rows: 500 Data size: 5312 Basic stats: COMPLETE Column stats: NONE
                Reduce Output Operator
                  sort order: 
                  Statistics: Num rows: 500 Data size: 5312 Basic stats: COMPLETE Column stats: NONE
                  value expressions: _col1 (type: string), _col3 (type: string)
          TableScan
            alias: b
            Statistics: Num rows: 1000 Data size: 10624 Basic stats: COMPLETE Column stats: NONE
            Filter Operator
              predicate: ((ds = '2008-04-08') and (key = '27')) (type: boolean)
              Statistics: Num rows: 500 Data size: 5312 Basic stats: COMPLETE Column stats: NONE
              Select Operator
                expressions: value (type: string), hr (type: string)
                outputColumnNames: _col1, _col3
                Statistics: Num rows: 500 Data size: 5312 Basic stats: COMPLETE Column stats: NONE
                Reduce Output Operator
                  sort order: 
                  Statistics: Num rows: 500 Data size: 5312 Basic stats: COMPLETE Column stats: NONE
                  value expressions: _col1 (type: string), _col3 (type: string)
      Reduce Operator Tree:
        Join Operator
          condition map:
               Inner Join 0 to 1
          keys:
            0 
            1 
          outputColumnNames: _col1, _col3, _col5, _col7
          Statistics: Num rows: 250000 Data size: 5562000 Basic stats: COMPLETE Column stats: NONE
          Select Operator
            expressions: _col1 (type: string), _col3 (type: string), _col5 (type: string), _col7 (type: string)
            outputColumnNames: _col0, _col1, _col2, _col3
            Statistics: Num rows: 250000 Data size: 5562000 Basic stats: COMPLETE Column stats: NONE
            File Output Operator
              compressed: false
              table:
                  input format: org.apache.hadoop.mapred.SequenceFileInputFormat
                  output format: org.apache.hadoop.hive.ql.io.HiveSequenceFileOutputFormat
                  serde: org.apache.hadoop.hive.serde2.lazybinary.LazyBinarySerDe

  Stage: Stage-2
    Map Reduce
      Map Operator Tree:
          TableScan
            Reduce Output Operator
              key expressions: _col0 (type: string), _col1 (type: string), _col2 (type: string), _col3 (type: string)
              sort order: ++++
              Statistics: Num rows: 250000 Data size: 5562000 Basic stats: COMPLETE Column stats: NONE
      Execution mode: vectorized
      Reduce Operator Tree:
        Select Operator
          expressions: '27' (type: string), KEY.reducesinkkey0 (type: string), '2008-04-08' (type: string), KEY.reducesinkkey1 (type: string), '27' (type: string), KEY.reducesinkkey2 (type: string), '2008-04-08' (type: string), KEY.reducesinkkey3 (type: string)
          outputColumnNames: _col0, _col1, _col2, _col3, _col4, _col5, _col6, _col7
          Statistics: Num rows: 250000 Data size: 5562000 Basic stats: COMPLETE Column stats: NONE
          File Output Operator
            compressed: false
            Statistics: Num rows: 250000 Data size: 5562000 Basic stats: COMPLETE Column stats: NONE
            table:
                input format: org.apache.hadoop.mapred.SequenceFileInputFormat
                output format: org.apache.hadoop.hive.ql.io.HiveSequenceFileOutputFormat
                serde: org.apache.hadoop.hive.serde2.lazy.LazySimpleSerDe

  Stage: Stage-0
    Fetch Operator
      limit: -1
      Processor Tree:
        ListSink

Warning: Shuffle Join JOIN[8][tables = [$hdt$_0, $hdt$_1]] in Stage 'Stage-1:MAPRED' is a cross product
PREHOOK: query: SELECT *
FROM srcpart a JOIN srcpart b
ON a.key = b.key
WHERE a.ds = '2008-04-08' AND
      b.ds = '2008-04-08' AND
      CASE a.key
        WHEN '27' THEN TRUE
        WHEN '38' THEN FALSE
        ELSE NULL
       END
ORDER BY a.key, a.value, a.ds, a.hr, b.key, b.value, b.ds, b.hr
PREHOOK: type: QUERY
PREHOOK: Input: default@srcpart
PREHOOK: Input: default@srcpart@ds=2008-04-08/hr=11
PREHOOK: Input: default@srcpart@ds=2008-04-08/hr=12
#### A masked pattern was here ####
POSTHOOK: query: SELECT *
FROM srcpart a JOIN srcpart b
ON a.key = b.key
WHERE a.ds = '2008-04-08' AND
      b.ds = '2008-04-08' AND
      CASE a.key
        WHEN '27' THEN TRUE
        WHEN '38' THEN FALSE
        ELSE NULL
       END
ORDER BY a.key, a.value, a.ds, a.hr, b.key, b.value, b.ds, b.hr
POSTHOOK: type: QUERY
POSTHOOK: Input: default@srcpart
POSTHOOK: Input: default@srcpart@ds=2008-04-08/hr=11
POSTHOOK: Input: default@srcpart@ds=2008-04-08/hr=12
#### A masked pattern was here ####
27	val_27	2008-04-08	11	27	val_27	2008-04-08	11
27	val_27	2008-04-08	11	27	val_27	2008-04-08	12
27	val_27	2008-04-08	12	27	val_27	2008-04-08	11
27	val_27	2008-04-08	12	27	val_27	2008-04-08	12
Warning: Shuffle Join JOIN[8][tables = [$hdt$_0, $hdt$_1]] in Stage 'Stage-1:MAPRED' is a cross product
PREHOOK: query: EXPLAIN
SELECT *
FROM srcpart a JOIN srcpart b
ON a.key = b.key
WHERE a.ds = '2008-04-08' AND
      b.ds = '2008-04-08' AND
      CASE a.key
        WHEN '27' THEN TRUE
        WHEN '38' THEN FALSE
        ELSE NULL
       END
ORDER BY a.key, a.value, a.ds, a.hr, b.key, b.value, b.ds, b.hr
PREHOOK: type: QUERY
POSTHOOK: query: EXPLAIN
SELECT *
FROM srcpart a JOIN srcpart b
ON a.key = b.key
WHERE a.ds = '2008-04-08' AND
      b.ds = '2008-04-08' AND
      CASE a.key
        WHEN '27' THEN TRUE
        WHEN '38' THEN FALSE
        ELSE NULL
       END
ORDER BY a.key, a.value, a.ds, a.hr, b.key, b.value, b.ds, b.hr
POSTHOOK: type: QUERY
STAGE DEPENDENCIES:
  Stage-1 is a root stage
  Stage-2 depends on stages: Stage-1
  Stage-0 depends on stages: Stage-2

STAGE PLANS:
  Stage: Stage-1
    Map Reduce
      Map Operator Tree:
          TableScan
            alias: a
            Statistics: Num rows: 1000 Data size: 10624 Basic stats: COMPLETE Column stats: NONE
            Filter Operator
              predicate: (key = '27') (type: boolean)
              Statistics: Num rows: 500 Data size: 5312 Basic stats: COMPLETE Column stats: NONE
              Select Operator
                expressions: value (type: string), hr (type: string)
                outputColumnNames: _col1, _col3
                Statistics: Num rows: 500 Data size: 5312 Basic stats: COMPLETE Column stats: NONE
                Reduce Output Operator
                  sort order: 
                  Statistics: Num rows: 500 Data size: 5312 Basic stats: COMPLETE Column stats: NONE
                  value expressions: _col1 (type: string), _col3 (type: string)
          TableScan
            alias: b
            Statistics: Num rows: 1000 Data size: 10624 Basic stats: COMPLETE Column stats: NONE
            Filter Operator
              predicate: (key = '27') (type: boolean)
              Statistics: Num rows: 500 Data size: 5312 Basic stats: COMPLETE Column stats: NONE
              Select Operator
                expressions: value (type: string), hr (type: string)
                outputColumnNames: _col1, _col3
                Statistics: Num rows: 500 Data size: 5312 Basic stats: COMPLETE Column stats: NONE
                Reduce Output Operator
                  sort order: 
                  Statistics: Num rows: 500 Data size: 5312 Basic stats: COMPLETE Column stats: NONE
                  value expressions: _col1 (type: string), _col3 (type: string)
      Reduce Operator Tree:
        Join Operator
          condition map:
               Inner Join 0 to 1
          keys:
            0 
            1 
          outputColumnNames: _col1, _col3, _col5, _col7
          Statistics: Num rows: 250000 Data size: 5562000 Basic stats: COMPLETE Column stats: NONE
          Select Operator
            expressions: _col1 (type: string), _col3 (type: string), _col5 (type: string), _col7 (type: string)
            outputColumnNames: _col0, _col1, _col2, _col3
            Statistics: Num rows: 250000 Data size: 5562000 Basic stats: COMPLETE Column stats: NONE
            File Output Operator
              compressed: false
              table:
                  input format: org.apache.hadoop.mapred.SequenceFileInputFormat
                  output format: org.apache.hadoop.hive.ql.io.HiveSequenceFileOutputFormat
                  serde: org.apache.hadoop.hive.serde2.lazybinary.LazyBinarySerDe

  Stage: Stage-2
    Map Reduce
      Map Operator Tree:
          TableScan
            Reduce Output Operator
              key expressions: _col0 (type: string), _col1 (type: string), _col2 (type: string), _col3 (type: string)
              sort order: ++++
              Statistics: Num rows: 250000 Data size: 5562000 Basic stats: COMPLETE Column stats: NONE
      Execution mode: vectorized
      Reduce Operator Tree:
        Select Operator
          expressions: '27' (type: string), KEY.reducesinkkey0 (type: string), '2008-04-08' (type: string), KEY.reducesinkkey1 (type: string), '27' (type: string), KEY.reducesinkkey2 (type: string), '2008-04-08' (type: string), KEY.reducesinkkey3 (type: string)
          outputColumnNames: _col0, _col1, _col2, _col3, _col4, _col5, _col6, _col7
          Statistics: Num rows: 250000 Data size: 5562000 Basic stats: COMPLETE Column stats: NONE
          File Output Operator
            compressed: false
            Statistics: Num rows: 250000 Data size: 5562000 Basic stats: COMPLETE Column stats: NONE
            table:
                input format: org.apache.hadoop.mapred.SequenceFileInputFormat
                output format: org.apache.hadoop.hive.ql.io.HiveSequenceFileOutputFormat
                serde: org.apache.hadoop.hive.serde2.lazy.LazySimpleSerDe

  Stage: Stage-0
    Fetch Operator
      limit: -1
      Processor Tree:
        ListSink

Warning: Shuffle Join JOIN[8][tables = [$hdt$_0, $hdt$_1]] in Stage 'Stage-1:MAPRED' is a cross product
PREHOOK: query: SELECT *
FROM srcpart a JOIN srcpart b
ON a.key = b.key
WHERE a.ds = '2008-04-08' AND
      b.ds = '2008-04-08' AND
      CASE a.key
        WHEN '27' THEN TRUE
        WHEN '38' THEN FALSE
        ELSE NULL
       END
ORDER BY a.key, a.value, a.ds, a.hr, b.key, b.value, b.ds, b.hr
PREHOOK: type: QUERY
PREHOOK: Input: default@srcpart
PREHOOK: Input: default@srcpart@ds=2008-04-08/hr=11
PREHOOK: Input: default@srcpart@ds=2008-04-08/hr=12
#### A masked pattern was here ####
POSTHOOK: query: SELECT *
FROM srcpart a JOIN srcpart b
ON a.key = b.key
WHERE a.ds = '2008-04-08' AND
      b.ds = '2008-04-08' AND
      CASE a.key
        WHEN '27' THEN TRUE
        WHEN '38' THEN FALSE
        ELSE NULL
       END
ORDER BY a.key, a.value, a.ds, a.hr, b.key, b.value, b.ds, b.hr
POSTHOOK: type: QUERY
POSTHOOK: Input: default@srcpart
POSTHOOK: Input: default@srcpart@ds=2008-04-08/hr=11
POSTHOOK: Input: default@srcpart@ds=2008-04-08/hr=12
#### A masked pattern was here ####
27	val_27	2008-04-08	11	27	val_27	2008-04-08	11
27	val_27	2008-04-08	11	27	val_27	2008-04-08	12
27	val_27	2008-04-08	12	27	val_27	2008-04-08	11
27	val_27	2008-04-08	12	27	val_27	2008-04-08	12
