PREHOOK: query: -- SORT_QUERY_RESULTS

EXPLAIN
 FROM 
  src a
 LEFT OUTER JOIN 
  src b 
 ON (a.key = b.key)
 SELECT a.key, a.value, b.key, b.value
 WHERE a.key > 10 AND a.key < 20 AND b.key > 15 AND b.key < 25
PREHOOK: type: QUERY
POSTHOOK: query: -- SORT_QUERY_RESULTS

EXPLAIN
 FROM 
  src a
 LEFT OUTER JOIN 
  src b 
 ON (a.key = b.key)
 SELECT a.key, a.value, b.key, b.value
 WHERE a.key > 10 AND a.key < 20 AND b.key > 15 AND b.key < 25
POSTHOOK: type: QUERY
STAGE DEPENDENCIES:
  Stage-1 is a root stage
  Stage-0 depends on stages: Stage-1

STAGE PLANS:
  Stage: Stage-1
    Map Reduce
      Map Operator Tree:
          TableScan
            alias: a
            Statistics: Num rows: 500 Data size: 5312 Basic stats: COMPLETE Column stats: NONE
            Filter Operator
              predicate: ((UDFToDouble(key) > 10.0) and (UDFToDouble(key) < 20.0)) (type: boolean)
              Statistics: Num rows: 55 Data size: 584 Basic stats: COMPLETE Column stats: NONE
              Select Operator
                expressions: key (type: string), value (type: string)
                outputColumnNames: _col0, _col1
                Statistics: Num rows: 55 Data size: 584 Basic stats: COMPLETE Column stats: NONE
                Reduce Output Operator
                  key expressions: _col0 (type: string)
                  sort order: +
                  Map-reduce partition columns: _col0 (type: string)
                  Statistics: Num rows: 55 Data size: 584 Basic stats: COMPLETE Column stats: NONE
                  value expressions: _col1 (type: string)
          TableScan
            alias: a
            Statistics: Num rows: 500 Data size: 5312 Basic stats: COMPLETE Column stats: NONE
            Filter Operator
              predicate: ((UDFToDouble(key) > 10.0) and (UDFToDouble(key) < 20.0)) (type: boolean)
              Statistics: Num rows: 55 Data size: 584 Basic stats: COMPLETE Column stats: NONE
              Select Operator
                expressions: key (type: string), value (type: string)
                outputColumnNames: _col0, _col1
                Statistics: Num rows: 55 Data size: 584 Basic stats: COMPLETE Column stats: NONE
                Reduce Output Operator
                  key expressions: _col0 (type: string)
                  sort order: +
                  Map-reduce partition columns: _col0 (type: string)
                  Statistics: Num rows: 55 Data size: 584 Basic stats: COMPLETE Column stats: NONE
                  value expressions: _col1 (type: string)
      Reduce Operator Tree:
        Join Operator
          condition map:
               Left Outer Join0 to 1
          keys:
            0 _col0 (type: string)
            1 _col0 (type: string)
          outputColumnNames: _col0, _col1, _col2, _col3
          Statistics: Num rows: 60 Data size: 642 Basic stats: COMPLETE Column stats: NONE
          Filter Operator
            predicate: ((UDFToDouble(_col2) > 15.0) and (UDFToDouble(_col2) < 25.0)) (type: boolean)
            Statistics: Num rows: 6 Data size: 64 Basic stats: COMPLETE Column stats: NONE
            File Output Operator
              compressed: false
              Statistics: Num rows: 6 Data size: 64 Basic stats: COMPLETE Column stats: NONE
              table:
                  input format: org.apache.hadoop.mapred.TextInputFormat
                  output format: org.apache.hadoop.hive.ql.io.HiveIgnoreKeyTextOutputFormat
                  serde: org.apache.hadoop.hive.serde2.lazy.LazySimpleSerDe

  Stage: Stage-0
    Fetch Operator
      limit: -1
      Processor Tree:
        ListSink

PREHOOK: query: FROM 
  src a
 LEFT OUTER JOIN 
  src b 
 ON (a.key = b.key)
 SELECT a.key, a.value, b.key, b.value
 WHERE a.key > 10 AND a.key < 20 AND b.key > 15 AND b.key < 25
PREHOOK: type: QUERY
PREHOOK: Input: default@src
#### A masked pattern was here ####
POSTHOOK: query: FROM 
  src a
 LEFT OUTER JOIN 
  src b 
 ON (a.key = b.key)
 SELECT a.key, a.value, b.key, b.value
 WHERE a.key > 10 AND a.key < 20 AND b.key > 15 AND b.key < 25
POSTHOOK: type: QUERY
POSTHOOK: Input: default@src
#### A masked pattern was here ####
17	val_17	17	val_17
18	val_18	18	val_18
18	val_18	18	val_18
18	val_18	18	val_18
18	val_18	18	val_18
19	val_19	19	val_19
PREHOOK: query: EXPLAIN
 FROM 
  src a
 LEFT OUTER JOIN 
  src b 
 ON (a.key = b.key)
 SELECT a.key, a.value, b.key, b.value
 WHERE a.key > 10 AND a.key < 20 AND b.key > 15 AND b.key < 25
PREHOOK: type: QUERY
POSTHOOK: query: EXPLAIN
 FROM 
  src a
 LEFT OUTER JOIN 
  src b 
 ON (a.key = b.key)
 SELECT a.key, a.value, b.key, b.value
 WHERE a.key > 10 AND a.key < 20 AND b.key > 15 AND b.key < 25
POSTHOOK: type: QUERY
STAGE DEPENDENCIES:
  Stage-1 is a root stage
  Stage-0 depends on stages: Stage-1

STAGE PLANS:
  Stage: Stage-1
    Map Reduce
      Map Operator Tree:
          TableScan
            alias: a
            Statistics: Num rows: 500 Data size: 5312 Basic stats: COMPLETE Column stats: NONE
            Filter Operator
              predicate: ((UDFToDouble(key) > 10.0) and (UDFToDouble(key) < 20.0)) (type: boolean)
              Statistics: Num rows: 55 Data size: 584 Basic stats: COMPLETE Column stats: NONE
              Select Operator
                expressions: key (type: string), value (type: string)
                outputColumnNames: _col0, _col1
                Statistics: Num rows: 55 Data size: 584 Basic stats: COMPLETE Column stats: NONE
                Reduce Output Operator
                  key expressions: _col0 (type: string)
                  sort order: +
                  Map-reduce partition columns: _col0 (type: string)
                  Statistics: Num rows: 55 Data size: 584 Basic stats: COMPLETE Column stats: NONE
                  value expressions: _col1 (type: string)
          TableScan
            alias: a
            Statistics: Num rows: 500 Data size: 5312 Basic stats: COMPLETE Column stats: NONE
            Filter Operator
              predicate: ((UDFToDouble(key) > 10.0) and (UDFToDouble(key) < 20.0)) (type: boolean)
              Statistics: Num rows: 55 Data size: 584 Basic stats: COMPLETE Column stats: NONE
              Select Operator
                expressions: key (type: string), value (type: string)
                outputColumnNames: _col0, _col1
                Statistics: Num rows: 55 Data size: 584 Basic stats: COMPLETE Column stats: NONE
                Reduce Output Operator
                  key expressions: _col0 (type: string)
                  sort order: +
                  Map-reduce partition columns: _col0 (type: string)
                  Statistics: Num rows: 55 Data size: 584 Basic stats: COMPLETE Column stats: NONE
                  value expressions: _col1 (type: string)
      Reduce Operator Tree:
        Join Operator
          condition map:
               Left Outer Join0 to 1
          keys:
            0 _col0 (type: string)
            1 _col0 (type: string)
          outputColumnNames: _col0, _col1, _col2, _col3
          Statistics: Num rows: 60 Data size: 642 Basic stats: COMPLETE Column stats: NONE
          Filter Operator
            predicate: ((UDFToDouble(_col2) > 15.0) and (UDFToDouble(_col2) < 25.0)) (type: boolean)
            Statistics: Num rows: 6 Data size: 64 Basic stats: COMPLETE Column stats: NONE
            File Output Operator
              compressed: false
              Statistics: Num rows: 6 Data size: 64 Basic stats: COMPLETE Column stats: NONE
              table:
                  input format: org.apache.hadoop.mapred.TextInputFormat
                  output format: org.apache.hadoop.hive.ql.io.HiveIgnoreKeyTextOutputFormat
                  serde: org.apache.hadoop.hive.serde2.lazy.LazySimpleSerDe

  Stage: Stage-0
    Fetch Operator
      limit: -1
      Processor Tree:
        ListSink

PREHOOK: query: FROM 
  src a
 LEFT OUTER JOIN 
  src b 
 ON (a.key = b.key)
 SELECT a.key, a.value, b.key, b.value
 WHERE a.key > 10 AND a.key < 20 AND b.key > 15 AND b.key < 25
PREHOOK: type: QUERY
PREHOOK: Input: default@src
#### A masked pattern was here ####
POSTHOOK: query: FROM 
  src a
 LEFT OUTER JOIN 
  src b 
 ON (a.key = b.key)
 SELECT a.key, a.value, b.key, b.value
 WHERE a.key > 10 AND a.key < 20 AND b.key > 15 AND b.key < 25
POSTHOOK: type: QUERY
POSTHOOK: Input: default@src
#### A masked pattern was here ####
17	val_17	17	val_17
18	val_18	18	val_18
18	val_18	18	val_18
18	val_18	18	val_18
18	val_18	18	val_18
19	val_19	19	val_19
