PREHOOK: query: create table t1_n98 (id int, key string, value string)
PREHOOK: type: CREATETABLE
PREHOOK: Output: database:default
PREHOOK: Output: default@t1_n98
POSTHOOK: query: create table t1_n98 (id int, key string, value string)
POSTHOOK: type: CREATETABLE
POSTHOOK: Output: database:default
POSTHOOK: Output: default@t1_n98
PREHOOK: query: create table t2_n61 (id int, key string, value string)
PREHOOK: type: CREATETABLE
PREHOOK: Output: database:default
PREHOOK: Output: default@t2_n61
POSTHOOK: query: create table t2_n61 (id int, key string, value string)
POSTHOOK: type: CREATETABLE
POSTHOOK: Output: database:default
POSTHOOK: Output: default@t2_n61
PREHOOK: query: create table t3_n23 (id int, key string, value string)
PREHOOK: type: CREATETABLE
PREHOOK: Output: database:default
PREHOOK: Output: default@t3_n23
POSTHOOK: query: create table t3_n23 (id int, key string, value string)
POSTHOOK: type: CREATETABLE
POSTHOOK: Output: database:default
POSTHOOK: Output: default@t3_n23
PREHOOK: query: create table t4_n12 (id int, key string, value string)
PREHOOK: type: CREATETABLE
PREHOOK: Output: database:default
PREHOOK: Output: default@t4_n12
POSTHOOK: query: create table t4_n12 (id int, key string, value string)
POSTHOOK: type: CREATETABLE
POSTHOOK: Output: database:default
POSTHOOK: Output: default@t4_n12
Warning: Shuffle Join JOIN[14][tables = [$hdt$_0, $hdt$_1, $hdt$_2]] in Stage 'Stage-2:MAPRED' is a cross product
Warning: Shuffle Join JOIN[11][tables = [$hdt$_0, $hdt$_1]] in Stage 'Stage-1:MAPRED' is a cross product
PREHOOK: query: explain select * from t1_n98 full outer join t2_n61 on t1_n98.id=t2_n61.id join t3_n23 on t2_n61.id=t3_n23.id where t3_n23.id=20
PREHOOK: type: QUERY
POSTHOOK: query: explain select * from t1_n98 full outer join t2_n61 on t1_n98.id=t2_n61.id join t3_n23 on t2_n61.id=t3_n23.id where t3_n23.id=20
POSTHOOK: type: QUERY
STAGE DEPENDENCIES:
  Stage-1 is a root stage
  Stage-2 depends on stages: Stage-1
  Stage-0 depends on stages: Stage-2

STAGE PLANS:
  Stage: Stage-1
    Map Reduce
      Map Operator Tree:
          TableScan
            alias: t1_n98
            Statistics: Num rows: 1 Data size: 0 Basic stats: PARTIAL Column stats: NONE
            Filter Operator
              predicate: (id = 20) (type: boolean)
              Statistics: Num rows: 1 Data size: 0 Basic stats: PARTIAL Column stats: NONE
              Select Operator
                expressions: 20 (type: int), key (type: string), value (type: string)
                outputColumnNames: _col0, _col1, _col2
                Statistics: Num rows: 1 Data size: 0 Basic stats: PARTIAL Column stats: NONE
                Reduce Output Operator
                  sort order: 
                  Statistics: Num rows: 1 Data size: 0 Basic stats: PARTIAL Column stats: NONE
                  value expressions: _col0 (type: int), _col1 (type: string), _col2 (type: string)
          TableScan
            alias: t2_n61
            Statistics: Num rows: 1 Data size: 0 Basic stats: PARTIAL Column stats: NONE
            Filter Operator
              predicate: (id = 20) (type: boolean)
              Statistics: Num rows: 1 Data size: 0 Basic stats: PARTIAL Column stats: NONE
              Select Operator
                expressions: key (type: string), value (type: string)
                outputColumnNames: _col1, _col2
                Statistics: Num rows: 1 Data size: 0 Basic stats: PARTIAL Column stats: NONE
                Reduce Output Operator
                  sort order: 
                  Statistics: Num rows: 1 Data size: 0 Basic stats: PARTIAL Column stats: NONE
                  value expressions: _col1 (type: string), _col2 (type: string)
      Reduce Operator Tree:
        Join Operator
          condition map:
               Right Outer Join 0 to 1
          filter predicates:
            0 
            1 {true}
          keys:
            0 
            1 
          outputColumnNames: _col0, _col1, _col2, _col4, _col5
          Statistics: Num rows: 1 Data size: 1 Basic stats: PARTIAL Column stats: NONE
          File Output Operator
            compressed: false
            table:
                input format: org.apache.hadoop.mapred.SequenceFileInputFormat
                output format: org.apache.hadoop.hive.ql.io.HiveSequenceFileOutputFormat
                serde: org.apache.hadoop.hive.serde2.lazybinary.LazyBinarySerDe

  Stage: Stage-2
    Map Reduce
      Map Operator Tree:
          TableScan
            Reduce Output Operator
              sort order: 
              Statistics: Num rows: 1 Data size: 1 Basic stats: PARTIAL Column stats: NONE
              value expressions: _col0 (type: int), _col1 (type: string), _col2 (type: string), _col4 (type: string), _col5 (type: string)
          TableScan
            alias: t3_n23
            Statistics: Num rows: 1 Data size: 0 Basic stats: PARTIAL Column stats: NONE
            Filter Operator
              predicate: (id = 20) (type: boolean)
              Statistics: Num rows: 1 Data size: 0 Basic stats: PARTIAL Column stats: NONE
              Select Operator
                expressions: key (type: string), value (type: string)
                outputColumnNames: _col1, _col2
                Statistics: Num rows: 1 Data size: 0 Basic stats: PARTIAL Column stats: NONE
                Reduce Output Operator
                  sort order: 
                  Statistics: Num rows: 1 Data size: 0 Basic stats: PARTIAL Column stats: NONE
                  value expressions: _col1 (type: string), _col2 (type: string)
      Reduce Operator Tree:
        Join Operator
          condition map:
               Inner Join 0 to 1
          keys:
            0 
            1 
          outputColumnNames: _col0, _col1, _col2, _col4, _col5, _col7, _col8
          Statistics: Num rows: 1 Data size: 2 Basic stats: PARTIAL Column stats: NONE
          Select Operator
            expressions: _col0 (type: int), _col1 (type: string), _col2 (type: string), 20 (type: int), _col4 (type: string), _col5 (type: string), 20 (type: int), _col7 (type: string), _col8 (type: string)
            outputColumnNames: _col0, _col1, _col2, _col3, _col4, _col5, _col6, _col7, _col8
            Statistics: Num rows: 1 Data size: 2 Basic stats: PARTIAL Column stats: NONE
            File Output Operator
              compressed: false
              Statistics: Num rows: 1 Data size: 2 Basic stats: PARTIAL Column stats: NONE
              table:
                  input format: org.apache.hadoop.mapred.SequenceFileInputFormat
                  output format: org.apache.hadoop.hive.ql.io.HiveSequenceFileOutputFormat
                  serde: org.apache.hadoop.hive.serde2.lazy.LazySimpleSerDe

  Stage: Stage-0
    Fetch Operator
      limit: -1
      Processor Tree:
        ListSink

Warning: Shuffle Join JOIN[14][tables = [$hdt$_0, $hdt$_1, $hdt$_2]] in Stage 'Stage-2:MAPRED' is a cross product
Warning: Shuffle Join JOIN[11][tables = [$hdt$_0, $hdt$_1]] in Stage 'Stage-1:MAPRED' is a cross product
PREHOOK: query: explain select * from t1_n98 join t2_n61 on (t1_n98.id=t2_n61.id) left outer join t3_n23 on (t2_n61.id=t3_n23.id) where t2_n61.id=20
PREHOOK: type: QUERY
POSTHOOK: query: explain select * from t1_n98 join t2_n61 on (t1_n98.id=t2_n61.id) left outer join t3_n23 on (t2_n61.id=t3_n23.id) where t2_n61.id=20
POSTHOOK: type: QUERY
STAGE DEPENDENCIES:
  Stage-1 is a root stage
  Stage-2 depends on stages: Stage-1
  Stage-0 depends on stages: Stage-2

STAGE PLANS:
  Stage: Stage-1
    Map Reduce
      Map Operator Tree:
          TableScan
            alias: t1_n98
            Statistics: Num rows: 1 Data size: 0 Basic stats: PARTIAL Column stats: NONE
            Filter Operator
              predicate: (id = 20) (type: boolean)
              Statistics: Num rows: 1 Data size: 0 Basic stats: PARTIAL Column stats: NONE
              Select Operator
                expressions: key (type: string), value (type: string)
                outputColumnNames: _col1, _col2
                Statistics: Num rows: 1 Data size: 0 Basic stats: PARTIAL Column stats: NONE
                Reduce Output Operator
                  sort order: 
                  Statistics: Num rows: 1 Data size: 0 Basic stats: PARTIAL Column stats: NONE
                  value expressions: _col1 (type: string), _col2 (type: string)
          TableScan
            alias: t3_n23
            Statistics: Num rows: 1 Data size: 0 Basic stats: PARTIAL Column stats: NONE
            Filter Operator
              predicate: (id = 20) (type: boolean)
              Statistics: Num rows: 1 Data size: 0 Basic stats: PARTIAL Column stats: NONE
              Select Operator
                expressions: 20 (type: int), key (type: string), value (type: string)
                outputColumnNames: _col0, _col1, _col2
                Statistics: Num rows: 1 Data size: 0 Basic stats: PARTIAL Column stats: NONE
                Reduce Output Operator
                  sort order: 
                  Statistics: Num rows: 1 Data size: 0 Basic stats: PARTIAL Column stats: NONE
                  value expressions: _col0 (type: int), _col1 (type: string), _col2 (type: string)
      Reduce Operator Tree:
        Join Operator
          condition map:
               Left Outer Join 0 to 1
          keys:
            0 
            1 
          outputColumnNames: _col1, _col2, _col3, _col4, _col5
          Statistics: Num rows: 1 Data size: 1 Basic stats: PARTIAL Column stats: NONE
          File Output Operator
            compressed: false
            table:
                input format: org.apache.hadoop.mapred.SequenceFileInputFormat
                output format: org.apache.hadoop.hive.ql.io.HiveSequenceFileOutputFormat
                serde: org.apache.hadoop.hive.serde2.lazybinary.LazyBinarySerDe

  Stage: Stage-2
    Map Reduce
      Map Operator Tree:
          TableScan
            Reduce Output Operator
              sort order: 
              Statistics: Num rows: 1 Data size: 1 Basic stats: PARTIAL Column stats: NONE
              value expressions: _col1 (type: string), _col2 (type: string), _col3 (type: int), _col4 (type: string), _col5 (type: string)
          TableScan
            alias: t2_n61
            Statistics: Num rows: 1 Data size: 0 Basic stats: PARTIAL Column stats: NONE
            Filter Operator
              predicate: (id = 20) (type: boolean)
              Statistics: Num rows: 1 Data size: 0 Basic stats: PARTIAL Column stats: NONE
              Select Operator
                expressions: key (type: string), value (type: string)
                outputColumnNames: _col1, _col2
                Statistics: Num rows: 1 Data size: 0 Basic stats: PARTIAL Column stats: NONE
                Reduce Output Operator
                  sort order: 
                  Statistics: Num rows: 1 Data size: 0 Basic stats: PARTIAL Column stats: NONE
                  value expressions: _col1 (type: string), _col2 (type: string)
      Reduce Operator Tree:
        Join Operator
          condition map:
               Inner Join 0 to 1
          keys:
            0 
            1 
          outputColumnNames: _col1, _col2, _col3, _col4, _col5, _col7, _col8
          Statistics: Num rows: 1 Data size: 2 Basic stats: PARTIAL Column stats: NONE
          Select Operator
            expressions: 20 (type: int), _col1 (type: string), _col2 (type: string), 20 (type: int), _col7 (type: string), _col8 (type: string), _col3 (type: int), _col4 (type: string), _col5 (type: string)
            outputColumnNames: _col0, _col1, _col2, _col3, _col4, _col5, _col6, _col7, _col8
            Statistics: Num rows: 1 Data size: 2 Basic stats: PARTIAL Column stats: NONE
            File Output Operator
              compressed: false
              Statistics: Num rows: 1 Data size: 2 Basic stats: PARTIAL Column stats: NONE
              table:
                  input format: org.apache.hadoop.mapred.SequenceFileInputFormat
                  output format: org.apache.hadoop.hive.ql.io.HiveSequenceFileOutputFormat
                  serde: org.apache.hadoop.hive.serde2.lazy.LazySimpleSerDe

  Stage: Stage-0
    Fetch Operator
      limit: -1
      Processor Tree:
        ListSink

Warning: Shuffle Join JOIN[14][tables = [$hdt$_0, $hdt$_1, $hdt$_2]] in Stage 'Stage-2:MAPRED' is a cross product
Warning: Shuffle Join JOIN[11][tables = [$hdt$_0, $hdt$_1]] in Stage 'Stage-1:MAPRED' is a cross product
PREHOOK: query: explain select * from t1_n98 join t2_n61 on (t1_n98.id=t2_n61.id) left outer join t3_n23 on (t1_n98.id=t3_n23.id) where t2_n61.id=20
PREHOOK: type: QUERY
POSTHOOK: query: explain select * from t1_n98 join t2_n61 on (t1_n98.id=t2_n61.id) left outer join t3_n23 on (t1_n98.id=t3_n23.id) where t2_n61.id=20
POSTHOOK: type: QUERY
STAGE DEPENDENCIES:
  Stage-1 is a root stage
  Stage-2 depends on stages: Stage-1
  Stage-0 depends on stages: Stage-2

STAGE PLANS:
  Stage: Stage-1
    Map Reduce
      Map Operator Tree:
          TableScan
            alias: t1_n98
            Statistics: Num rows: 1 Data size: 0 Basic stats: PARTIAL Column stats: NONE
            Filter Operator
              predicate: (id = 20) (type: boolean)
              Statistics: Num rows: 1 Data size: 0 Basic stats: PARTIAL Column stats: NONE
              Select Operator
                expressions: key (type: string), value (type: string)
                outputColumnNames: _col1, _col2
                Statistics: Num rows: 1 Data size: 0 Basic stats: PARTIAL Column stats: NONE
                Reduce Output Operator
                  sort order: 
                  Statistics: Num rows: 1 Data size: 0 Basic stats: PARTIAL Column stats: NONE
                  value expressions: _col1 (type: string), _col2 (type: string)
          TableScan
            alias: t3_n23
            Statistics: Num rows: 1 Data size: 0 Basic stats: PARTIAL Column stats: NONE
            Filter Operator
              predicate: (id = 20) (type: boolean)
              Statistics: Num rows: 1 Data size: 0 Basic stats: PARTIAL Column stats: NONE
              Select Operator
                expressions: 20 (type: int), key (type: string), value (type: string)
                outputColumnNames: _col0, _col1, _col2
                Statistics: Num rows: 1 Data size: 0 Basic stats: PARTIAL Column stats: NONE
                Reduce Output Operator
                  sort order: 
                  Statistics: Num rows: 1 Data size: 0 Basic stats: PARTIAL Column stats: NONE
                  value expressions: _col0 (type: int), _col1 (type: string), _col2 (type: string)
      Reduce Operator Tree:
        Join Operator
          condition map:
               Left Outer Join 0 to 1
          keys:
            0 
            1 
          outputColumnNames: _col1, _col2, _col3, _col4, _col5
          Statistics: Num rows: 1 Data size: 1 Basic stats: PARTIAL Column stats: NONE
          File Output Operator
            compressed: false
            table:
                input format: org.apache.hadoop.mapred.SequenceFileInputFormat
                output format: org.apache.hadoop.hive.ql.io.HiveSequenceFileOutputFormat
                serde: org.apache.hadoop.hive.serde2.lazybinary.LazyBinarySerDe

  Stage: Stage-2
    Map Reduce
      Map Operator Tree:
          TableScan
            Reduce Output Operator
              sort order: 
              Statistics: Num rows: 1 Data size: 1 Basic stats: PARTIAL Column stats: NONE
              value expressions: _col1 (type: string), _col2 (type: string), _col3 (type: int), _col4 (type: string), _col5 (type: string)
          TableScan
            alias: t2_n61
            Statistics: Num rows: 1 Data size: 0 Basic stats: PARTIAL Column stats: NONE
            Filter Operator
              predicate: (id = 20) (type: boolean)
              Statistics: Num rows: 1 Data size: 0 Basic stats: PARTIAL Column stats: NONE
              Select Operator
                expressions: key (type: string), value (type: string)
                outputColumnNames: _col1, _col2
                Statistics: Num rows: 1 Data size: 0 Basic stats: PARTIAL Column stats: NONE
                Reduce Output Operator
                  sort order: 
                  Statistics: Num rows: 1 Data size: 0 Basic stats: PARTIAL Column stats: NONE
                  value expressions: _col1 (type: string), _col2 (type: string)
      Reduce Operator Tree:
        Join Operator
          condition map:
               Inner Join 0 to 1
          keys:
            0 
            1 
          outputColumnNames: _col1, _col2, _col3, _col4, _col5, _col7, _col8
          Statistics: Num rows: 1 Data size: 2 Basic stats: PARTIAL Column stats: NONE
          Select Operator
            expressions: 20 (type: int), _col1 (type: string), _col2 (type: string), 20 (type: int), _col7 (type: string), _col8 (type: string), _col3 (type: int), _col4 (type: string), _col5 (type: string)
            outputColumnNames: _col0, _col1, _col2, _col3, _col4, _col5, _col6, _col7, _col8
            Statistics: Num rows: 1 Data size: 2 Basic stats: PARTIAL Column stats: NONE
            File Output Operator
              compressed: false
              Statistics: Num rows: 1 Data size: 2 Basic stats: PARTIAL Column stats: NONE
              table:
                  input format: org.apache.hadoop.mapred.SequenceFileInputFormat
                  output format: org.apache.hadoop.hive.ql.io.HiveSequenceFileOutputFormat
                  serde: org.apache.hadoop.hive.serde2.lazy.LazySimpleSerDe

  Stage: Stage-0
    Fetch Operator
      limit: -1
      Processor Tree:
        ListSink

PREHOOK: query: drop table t1_n98
PREHOOK: type: DROPTABLE
PREHOOK: Input: default@t1_n98
PREHOOK: Output: default@t1_n98
POSTHOOK: query: drop table t1_n98
POSTHOOK: type: DROPTABLE
POSTHOOK: Input: default@t1_n98
POSTHOOK: Output: default@t1_n98
PREHOOK: query: drop table t2_n61
PREHOOK: type: DROPTABLE
PREHOOK: Input: default@t2_n61
PREHOOK: Output: default@t2_n61
POSTHOOK: query: drop table t2_n61
POSTHOOK: type: DROPTABLE
POSTHOOK: Input: default@t2_n61
POSTHOOK: Output: default@t2_n61
PREHOOK: query: drop table t3_n23
PREHOOK: type: DROPTABLE
PREHOOK: Input: default@t3_n23
PREHOOK: Output: default@t3_n23
POSTHOOK: query: drop table t3_n23
POSTHOOK: type: DROPTABLE
POSTHOOK: Input: default@t3_n23
POSTHOOK: Output: default@t3_n23
PREHOOK: query: drop table t4_n12
PREHOOK: type: DROPTABLE
PREHOOK: Input: default@t4_n12
PREHOOK: Output: default@t4_n12
POSTHOOK: query: drop table t4_n12
POSTHOOK: type: DROPTABLE
POSTHOOK: Input: default@t4_n12
POSTHOOK: Output: default@t4_n12
