PREHOOK: query: EXPLAIN
FROM (
  FROM src
  SELECT TRANSFORM(src.key, src.value)
         USING 'cat' AS (tkey, tvalue) 
  CLUSTER BY tkey 
) tmap
SELECT tmap.tkey, tmap.tvalue WHERE tmap.tkey < 100
PREHOOK: type: QUERY
POSTHOOK: query: EXPLAIN
FROM (
  FROM src
  SELECT TRANSFORM(src.key, src.value)
         USING 'cat' AS (tkey, tvalue) 
  CLUSTER BY tkey 
) tmap
SELECT tmap.tkey, tmap.tvalue WHERE tmap.tkey < 100
POSTHOOK: type: QUERY
STAGE DEPENDENCIES:
  Stage-1 is a root stage
  Stage-0 depends on stages: Stage-1

STAGE PLANS:
  Stage: Stage-1
    Map Reduce
      Map Operator Tree:
          TableScan
            alias: src
            Statistics: Num rows: 500 Data size: 5312 Basic stats: COMPLETE Column stats: NONE
            Select Operator
              expressions: key (type: string), value (type: string)
              outputColumnNames: _col0, _col1
              Statistics: Num rows: 500 Data size: 5312 Basic stats: COMPLETE Column stats: NONE
              Transform Operator
                command: cat
                output info:
                    input format: org.apache.hadoop.mapred.TextInputFormat
                    output format: org.apache.hadoop.hive.ql.io.HiveIgnoreKeyTextOutputFormat
                    serde: org.apache.hadoop.hive.serde2.lazy.LazySimpleSerDe
                Statistics: Num rows: 500 Data size: 5312 Basic stats: COMPLETE Column stats: NONE
                Reduce Output Operator
                  key expressions: _col0 (type: string)
                  sort order: +
                  Map-reduce partition columns: _col0 (type: string)
                  Statistics: Num rows: 500 Data size: 5312 Basic stats: COMPLETE Column stats: NONE
                  value expressions: _col0 (type: string), _col1 (type: string)
      Reduce Operator Tree:
        Select Operator
          expressions: VALUE._col0 (type: string), VALUE._col1 (type: string)
          outputColumnNames: _col0, _col1
          Statistics: Num rows: 500 Data size: 5312 Basic stats: COMPLETE Column stats: NONE
          Filter Operator
            predicate: (_col0 < 100) (type: boolean)
            Statistics: Num rows: 166 Data size: 1763 Basic stats: COMPLETE Column stats: NONE
            File Output Operator
              compressed: false
              Statistics: Num rows: 166 Data size: 1763 Basic stats: COMPLETE Column stats: NONE
              table:
                  input format: org.apache.hadoop.mapred.SequenceFileInputFormat
                  output format: org.apache.hadoop.hive.ql.io.HiveSequenceFileOutputFormat
                  serde: org.apache.hadoop.hive.serde2.lazy.LazySimpleSerDe

  Stage: Stage-0
    Fetch Operator
      limit: -1
      Processor Tree:
        ListSink

PREHOOK: query: FROM (
  FROM src
  SELECT TRANSFORM(src.key, src.value)
         USING 'cat' AS (tkey, tvalue) 
  CLUSTER BY tkey 
) tmap
SELECT tmap.tkey, tmap.tvalue WHERE tmap.tkey < 100
PREHOOK: type: QUERY
PREHOOK: Input: cat
PREHOOK: Input: default@src
#### A masked pattern was here ####
POSTHOOK: query: FROM (
  FROM src
  SELECT TRANSFORM(src.key, src.value)
         USING 'cat' AS (tkey, tvalue) 
  CLUSTER BY tkey 
) tmap
SELECT tmap.tkey, tmap.tvalue WHERE tmap.tkey < 100
POSTHOOK: type: QUERY
POSTHOOK: Input: cat
POSTHOOK: Input: default@src
#### A masked pattern was here ####
0	val_0
0	val_0
0	val_0
10	val_10
11	val_11
12	val_12
12	val_12
15	val_15
15	val_15
17	val_17
18	val_18
18	val_18
19	val_19
2	val_2
20	val_20
24	val_24
24	val_24
26	val_26
26	val_26
27	val_27
28	val_28
30	val_30
33	val_33
34	val_34
35	val_35
35	val_35
35	val_35
37	val_37
37	val_37
4	val_4
41	val_41
42	val_42
42	val_42
43	val_43
44	val_44
47	val_47
5	val_5
5	val_5
5	val_5
51	val_51
51	val_51
53	val_53
54	val_54
57	val_57
58	val_58
58	val_58
64	val_64
65	val_65
66	val_66
67	val_67
67	val_67
69	val_69
70	val_70
70	val_70
70	val_70
72	val_72
72	val_72
74	val_74
76	val_76
76	val_76
77	val_77
78	val_78
8	val_8
80	val_80
82	val_82
83	val_83
83	val_83
84	val_84
84	val_84
85	val_85
86	val_86
87	val_87
9	val_9
90	val_90
90	val_90
90	val_90
92	val_92
95	val_95
95	val_95
96	val_96
97	val_97
97	val_97
98	val_98
98	val_98
PREHOOK: query: EXPLAIN
FROM (
  FROM src
  SELECT TRANSFORM(src.key, src.value)
         USING 'cat' AS (tkey, tvalue) 
  CLUSTER BY tkey 
) tmap
SELECT tmap.tkey, tmap.tvalue WHERE tmap.tkey < 100
PREHOOK: type: QUERY
POSTHOOK: query: EXPLAIN
FROM (
  FROM src
  SELECT TRANSFORM(src.key, src.value)
         USING 'cat' AS (tkey, tvalue) 
  CLUSTER BY tkey 
) tmap
SELECT tmap.tkey, tmap.tvalue WHERE tmap.tkey < 100
POSTHOOK: type: QUERY
STAGE DEPENDENCIES:
  Stage-1 is a root stage
  Stage-0 depends on stages: Stage-1

STAGE PLANS:
  Stage: Stage-1
    Map Reduce
      Map Operator Tree:
          TableScan
            alias: src
            Statistics: Num rows: 500 Data size: 5312 Basic stats: COMPLETE Column stats: NONE
            Select Operator
              expressions: key (type: string), value (type: string)
              outputColumnNames: _col0, _col1
              Statistics: Num rows: 500 Data size: 5312 Basic stats: COMPLETE Column stats: NONE
              Transform Operator
                command: cat
                output info:
                    input format: org.apache.hadoop.mapred.TextInputFormat
                    output format: org.apache.hadoop.hive.ql.io.HiveIgnoreKeyTextOutputFormat
                    serde: org.apache.hadoop.hive.serde2.lazy.LazySimpleSerDe
                Statistics: Num rows: 500 Data size: 5312 Basic stats: COMPLETE Column stats: NONE
                Filter Operator
                  predicate: (_col0 < 100) (type: boolean)
                  Statistics: Num rows: 166 Data size: 1763 Basic stats: COMPLETE Column stats: NONE
                  Reduce Output Operator
                    key expressions: _col0 (type: string)
                    sort order: +
                    Map-reduce partition columns: _col0 (type: string)
                    Statistics: Num rows: 166 Data size: 1763 Basic stats: COMPLETE Column stats: NONE
                    value expressions: _col0 (type: string), _col1 (type: string)
      Reduce Operator Tree:
        Select Operator
          expressions: VALUE._col0 (type: string), VALUE._col1 (type: string)
          outputColumnNames: _col0, _col1
          Statistics: Num rows: 166 Data size: 1763 Basic stats: COMPLETE Column stats: NONE
          File Output Operator
            compressed: false
            Statistics: Num rows: 166 Data size: 1763 Basic stats: COMPLETE Column stats: NONE
            table:
                input format: org.apache.hadoop.mapred.SequenceFileInputFormat
                output format: org.apache.hadoop.hive.ql.io.HiveSequenceFileOutputFormat
                serde: org.apache.hadoop.hive.serde2.lazy.LazySimpleSerDe

  Stage: Stage-0
    Fetch Operator
      limit: -1
      Processor Tree:
        ListSink

PREHOOK: query: FROM (
  FROM src
  SELECT TRANSFORM(src.key, src.value)
         USING 'cat' AS (tkey, tvalue) 
  CLUSTER BY tkey 
) tmap
SELECT tmap.tkey, tmap.tvalue WHERE tmap.tkey < 100
PREHOOK: type: QUERY
PREHOOK: Input: cat
PREHOOK: Input: default@src
#### A masked pattern was here ####
POSTHOOK: query: FROM (
  FROM src
  SELECT TRANSFORM(src.key, src.value)
         USING 'cat' AS (tkey, tvalue) 
  CLUSTER BY tkey 
) tmap
SELECT tmap.tkey, tmap.tvalue WHERE tmap.tkey < 100
POSTHOOK: type: QUERY
POSTHOOK: Input: cat
POSTHOOK: Input: default@src
#### A masked pattern was here ####
0	val_0
0	val_0
0	val_0
10	val_10
11	val_11
12	val_12
12	val_12
15	val_15
15	val_15
17	val_17
18	val_18
18	val_18
19	val_19
2	val_2
20	val_20
24	val_24
24	val_24
26	val_26
26	val_26
27	val_27
28	val_28
30	val_30
33	val_33
34	val_34
35	val_35
35	val_35
35	val_35
37	val_37
37	val_37
4	val_4
41	val_41
42	val_42
42	val_42
43	val_43
44	val_44
47	val_47
5	val_5
5	val_5
5	val_5
51	val_51
51	val_51
53	val_53
54	val_54
57	val_57
58	val_58
58	val_58
64	val_64
65	val_65
66	val_66
67	val_67
67	val_67
69	val_69
70	val_70
70	val_70
70	val_70
72	val_72
72	val_72
74	val_74
76	val_76
76	val_76
77	val_77
78	val_78
8	val_8
80	val_80
82	val_82
83	val_83
83	val_83
84	val_84
84	val_84
85	val_85
86	val_86
87	val_87
9	val_9
90	val_90
90	val_90
90	val_90
92	val_92
95	val_95
95	val_95
96	val_96
97	val_97
97	val_97
98	val_98
98	val_98
PREHOOK: query: EXPLAIN
FROM (
    FROM ( SELECT * FROM src ) mapout REDUCE * USING 'cat' AS x,y
) reduced
#### A masked pattern was here ####
PREHOOK: type: QUERY
POSTHOOK: query: EXPLAIN
FROM (
    FROM ( SELECT * FROM src ) mapout REDUCE * USING 'cat' AS x,y
) reduced
#### A masked pattern was here ####
POSTHOOK: type: QUERY
STAGE DEPENDENCIES:
  Stage-2 is a root stage
  Stage-0 depends on stages: Stage-2
  Stage-1 depends on stages: Stage-2

STAGE PLANS:
  Stage: Stage-2
    Map Reduce
      Map Operator Tree:
          TableScan
            alias: src
            Statistics: Num rows: 500 Data size: 5312 Basic stats: COMPLETE Column stats: NONE
            Select Operator
              expressions: key (type: string), value (type: string)
              outputColumnNames: _col0, _col1
              Statistics: Num rows: 500 Data size: 5312 Basic stats: COMPLETE Column stats: NONE
              Transform Operator
                command: cat
                output info:
                    input format: org.apache.hadoop.mapred.TextInputFormat
                    output format: org.apache.hadoop.hive.ql.io.HiveIgnoreKeyTextOutputFormat
                    serde: org.apache.hadoop.hive.serde2.lazy.LazySimpleSerDe
                Statistics: Num rows: 500 Data size: 5312 Basic stats: COMPLETE Column stats: NONE
                Filter Operator
                  predicate: ((_col0 = 'a') or (_col0 = 'b')) (type: boolean)
                  Statistics: Num rows: 500 Data size: 5312 Basic stats: COMPLETE Column stats: NONE
                  File Output Operator
                    compressed: false
                    Statistics: Num rows: 500 Data size: 5312 Basic stats: COMPLETE Column stats: NONE
                    table:
                        input format: org.apache.hadoop.mapred.TextInputFormat
                        output format: org.apache.hadoop.hive.ql.io.HiveIgnoreKeyTextOutputFormat
                        serde: org.apache.hadoop.hive.serde2.lazy.LazySimpleSerDe
                Filter Operator
                  predicate: ((_col0 = 'c') or (_col0 = 'd')) (type: boolean)
                  Statistics: Num rows: 500 Data size: 5312 Basic stats: COMPLETE Column stats: NONE
                  File Output Operator
                    compressed: false
                    Statistics: Num rows: 500 Data size: 5312 Basic stats: COMPLETE Column stats: NONE
                    table:
                        input format: org.apache.hadoop.mapred.TextInputFormat
                        output format: org.apache.hadoop.hive.ql.io.HiveIgnoreKeyTextOutputFormat
                        serde: org.apache.hadoop.hive.serde2.lazy.LazySimpleSerDe

  Stage: Stage-0
    Move Operator
      files:
          hdfs directory: false
#### A masked pattern was here ####

  Stage: Stage-1
    Move Operator
      files:
          hdfs directory: false
#### A masked pattern was here ####

