PREHOOK: query: EXPLAIN select * from (SELECT key, sum(key) over(partition by key) as c1 from src)r1 where key > '2'
PREHOOK: type: QUERY
POSTHOOK: query: EXPLAIN select * from (SELECT key, sum(key) over(partition by key) as c1 from src)r1 where key > '2'
POSTHOOK: type: QUERY
STAGE DEPENDENCIES:
  Stage-1 is a root stage
  Stage-0 depends on stages: Stage-1

STAGE PLANS:
  Stage: Stage-1
    Map Reduce
      Map Operator Tree:
          TableScan
            alias: src
            Statistics: Num rows: 500 Data size: 5312 Basic stats: COMPLETE Column stats: NONE
            Filter Operator
              predicate: (key > '2') (type: boolean)
              Statistics: Num rows: 166 Data size: 1763 Basic stats: COMPLETE Column stats: NONE
              Reduce Output Operator
                key expressions: key (type: string)
                sort order: +
                Map-reduce partition columns: key (type: string)
                Statistics: Num rows: 166 Data size: 1763 Basic stats: COMPLETE Column stats: NONE
      Reduce Operator Tree:
        Select Operator
          expressions: KEY.reducesinkkey0 (type: string)
          outputColumnNames: _col0
          Statistics: Num rows: 166 Data size: 1763 Basic stats: COMPLETE Column stats: NONE
          PTF Operator
            Function definitions:
                Input definition
                  input alias: ptf_0
                  output shape: _col0: string
                  type: WINDOWING
                Windowing table definition
                  input alias: ptf_1
                  name: windowingtablefunction
                  order by: _col0 ASC NULLS FIRST
                  partition by: _col0
                  raw input shape:
                  window functions:
                      window function definition
                        alias: sum_window_0
                        arguments: _col0
                        name: sum
                        window function: GenericUDAFSumDouble
                        window frame: ROWS PRECEDING(MAX)~FOLLOWING(MAX)
            Statistics: Num rows: 166 Data size: 1763 Basic stats: COMPLETE Column stats: NONE
            Select Operator
              expressions: _col0 (type: string), sum_window_0 (type: double)
              outputColumnNames: _col0, _col1
              Statistics: Num rows: 166 Data size: 1763 Basic stats: COMPLETE Column stats: NONE
              File Output Operator
                compressed: false
                Statistics: Num rows: 166 Data size: 1763 Basic stats: COMPLETE Column stats: NONE
                table:
                    input format: org.apache.hadoop.mapred.SequenceFileInputFormat
                    output format: org.apache.hadoop.hive.ql.io.HiveSequenceFileOutputFormat
                    serde: org.apache.hadoop.hive.serde2.lazy.LazySimpleSerDe

  Stage: Stage-0
    Fetch Operator
      limit: -1
      Processor Tree:
        ListSink

PREHOOK: query: EXPLAIN select * from (SELECT key, sum(key) over(partition by key) as c1 from src)r1 where key > 2
PREHOOK: type: QUERY
POSTHOOK: query: EXPLAIN select * from (SELECT key, sum(key) over(partition by key) as c1 from src)r1 where key > 2
POSTHOOK: type: QUERY
STAGE DEPENDENCIES:
  Stage-1 is a root stage
  Stage-0 depends on stages: Stage-1

STAGE PLANS:
  Stage: Stage-1
    Map Reduce
      Map Operator Tree:
          TableScan
            alias: src
            Statistics: Num rows: 500 Data size: 5312 Basic stats: COMPLETE Column stats: NONE
            Filter Operator
              predicate: (UDFToDouble(key) > 2.0D) (type: boolean)
              Statistics: Num rows: 166 Data size: 1763 Basic stats: COMPLETE Column stats: NONE
              Reduce Output Operator
                key expressions: key (type: string)
                sort order: +
                Map-reduce partition columns: key (type: string)
                Statistics: Num rows: 166 Data size: 1763 Basic stats: COMPLETE Column stats: NONE
      Reduce Operator Tree:
        Select Operator
          expressions: KEY.reducesinkkey0 (type: string)
          outputColumnNames: _col0
          Statistics: Num rows: 166 Data size: 1763 Basic stats: COMPLETE Column stats: NONE
          PTF Operator
            Function definitions:
                Input definition
                  input alias: ptf_0
                  output shape: _col0: string
                  type: WINDOWING
                Windowing table definition
                  input alias: ptf_1
                  name: windowingtablefunction
                  order by: _col0 ASC NULLS FIRST
                  partition by: _col0
                  raw input shape:
                  window functions:
                      window function definition
                        alias: sum_window_0
                        arguments: _col0
                        name: sum
                        window function: GenericUDAFSumDouble
                        window frame: ROWS PRECEDING(MAX)~FOLLOWING(MAX)
            Statistics: Num rows: 166 Data size: 1763 Basic stats: COMPLETE Column stats: NONE
            Select Operator
              expressions: _col0 (type: string), sum_window_0 (type: double)
              outputColumnNames: _col0, _col1
              Statistics: Num rows: 166 Data size: 1763 Basic stats: COMPLETE Column stats: NONE
              File Output Operator
                compressed: false
                Statistics: Num rows: 166 Data size: 1763 Basic stats: COMPLETE Column stats: NONE
                table:
                    input format: org.apache.hadoop.mapred.SequenceFileInputFormat
                    output format: org.apache.hadoop.hive.ql.io.HiveSequenceFileOutputFormat
                    serde: org.apache.hadoop.hive.serde2.lazy.LazySimpleSerDe

  Stage: Stage-0
    Fetch Operator
      limit: -1
      Processor Tree:
        ListSink

PREHOOK: query: EXPLAIN select * from (SELECT key, sum(key) over(partition by key) as c1 from src)r1 where cast(key as int) > 2
PREHOOK: type: QUERY
POSTHOOK: query: EXPLAIN select * from (SELECT key, sum(key) over(partition by key) as c1 from src)r1 where cast(key as int) > 2
POSTHOOK: type: QUERY
STAGE DEPENDENCIES:
  Stage-1 is a root stage
  Stage-0 depends on stages: Stage-1

STAGE PLANS:
  Stage: Stage-1
    Map Reduce
      Map Operator Tree:
          TableScan
            alias: src
            Statistics: Num rows: 500 Data size: 5312 Basic stats: COMPLETE Column stats: NONE
            Filter Operator
              predicate: (UDFToInteger(key) > 2) (type: boolean)
              Statistics: Num rows: 166 Data size: 1763 Basic stats: COMPLETE Column stats: NONE
              Reduce Output Operator
                key expressions: key (type: string)
                sort order: +
                Map-reduce partition columns: key (type: string)
                Statistics: Num rows: 166 Data size: 1763 Basic stats: COMPLETE Column stats: NONE
      Reduce Operator Tree:
        Select Operator
          expressions: KEY.reducesinkkey0 (type: string)
          outputColumnNames: _col0
          Statistics: Num rows: 166 Data size: 1763 Basic stats: COMPLETE Column stats: NONE
          PTF Operator
            Function definitions:
                Input definition
                  input alias: ptf_0
                  output shape: _col0: string
                  type: WINDOWING
                Windowing table definition
                  input alias: ptf_1
                  name: windowingtablefunction
                  order by: _col0 ASC NULLS FIRST
                  partition by: _col0
                  raw input shape:
                  window functions:
                      window function definition
                        alias: sum_window_0
                        arguments: _col0
                        name: sum
                        window function: GenericUDAFSumDouble
                        window frame: ROWS PRECEDING(MAX)~FOLLOWING(MAX)
            Statistics: Num rows: 166 Data size: 1763 Basic stats: COMPLETE Column stats: NONE
            Select Operator
              expressions: _col0 (type: string), sum_window_0 (type: double)
              outputColumnNames: _col0, _col1
              Statistics: Num rows: 166 Data size: 1763 Basic stats: COMPLETE Column stats: NONE
              File Output Operator
                compressed: false
                Statistics: Num rows: 166 Data size: 1763 Basic stats: COMPLETE Column stats: NONE
                table:
                    input format: org.apache.hadoop.mapred.SequenceFileInputFormat
                    output format: org.apache.hadoop.hive.ql.io.HiveSequenceFileOutputFormat
                    serde: org.apache.hadoop.hive.serde2.lazy.LazySimpleSerDe

  Stage: Stage-0
    Fetch Operator
      limit: -1
      Processor Tree:
        ListSink

PREHOOK: query: EXPLAIN select * from (SELECT key, sum(key) over(partition by key) as c1 from src)r1 where (cast(key as int) + 1) > 2
PREHOOK: type: QUERY
POSTHOOK: query: EXPLAIN select * from (SELECT key, sum(key) over(partition by key) as c1 from src)r1 where (cast(key as int) + 1) > 2
POSTHOOK: type: QUERY
STAGE DEPENDENCIES:
  Stage-1 is a root stage
  Stage-0 depends on stages: Stage-1

STAGE PLANS:
  Stage: Stage-1
    Map Reduce
      Map Operator Tree:
          TableScan
            alias: src
            Statistics: Num rows: 500 Data size: 5312 Basic stats: COMPLETE Column stats: NONE
            Filter Operator
              predicate: ((UDFToInteger(key) + 1) > 2) (type: boolean)
              Statistics: Num rows: 166 Data size: 1763 Basic stats: COMPLETE Column stats: NONE
              Reduce Output Operator
                key expressions: key (type: string)
                sort order: +
                Map-reduce partition columns: key (type: string)
                Statistics: Num rows: 166 Data size: 1763 Basic stats: COMPLETE Column stats: NONE
      Reduce Operator Tree:
        Select Operator
          expressions: KEY.reducesinkkey0 (type: string)
          outputColumnNames: _col0
          Statistics: Num rows: 166 Data size: 1763 Basic stats: COMPLETE Column stats: NONE
          PTF Operator
            Function definitions:
                Input definition
                  input alias: ptf_0
                  output shape: _col0: string
                  type: WINDOWING
                Windowing table definition
                  input alias: ptf_1
                  name: windowingtablefunction
                  order by: _col0 ASC NULLS FIRST
                  partition by: _col0
                  raw input shape:
                  window functions:
                      window function definition
                        alias: sum_window_0
                        arguments: _col0
                        name: sum
                        window function: GenericUDAFSumDouble
                        window frame: ROWS PRECEDING(MAX)~FOLLOWING(MAX)
            Statistics: Num rows: 166 Data size: 1763 Basic stats: COMPLETE Column stats: NONE
            Select Operator
              expressions: _col0 (type: string), sum_window_0 (type: double)
              outputColumnNames: _col0, _col1
              Statistics: Num rows: 166 Data size: 1763 Basic stats: COMPLETE Column stats: NONE
              File Output Operator
                compressed: false
                Statistics: Num rows: 166 Data size: 1763 Basic stats: COMPLETE Column stats: NONE
                table:
                    input format: org.apache.hadoop.mapred.SequenceFileInputFormat
                    output format: org.apache.hadoop.hive.ql.io.HiveSequenceFileOutputFormat
                    serde: org.apache.hadoop.hive.serde2.lazy.LazySimpleSerDe

  Stage: Stage-0
    Fetch Operator
      limit: -1
      Processor Tree:
        ListSink

PREHOOK: query: EXPLAIN select * from (SELECT (cast(key as int))+2 as key, sum(key) over(partition by key) as c1 from src)r1 where (cast(key as int) + 1) > 2
PREHOOK: type: QUERY
POSTHOOK: query: EXPLAIN select * from (SELECT (cast(key as int))+2 as key, sum(key) over(partition by key) as c1 from src)r1 where (cast(key as int) + 1) > 2
POSTHOOK: type: QUERY
STAGE DEPENDENCIES:
  Stage-1 is a root stage
  Stage-0 depends on stages: Stage-1

STAGE PLANS:
  Stage: Stage-1
    Map Reduce
      Map Operator Tree:
          TableScan
            alias: src
            Statistics: Num rows: 500 Data size: 5312 Basic stats: COMPLETE Column stats: NONE
            Filter Operator
              predicate: (((UDFToInteger(key) + 2) + 1) > 2) (type: boolean)
              Statistics: Num rows: 166 Data size: 1763 Basic stats: COMPLETE Column stats: NONE
              Reduce Output Operator
                key expressions: key (type: string)
                sort order: +
                Map-reduce partition columns: key (type: string)
                Statistics: Num rows: 166 Data size: 1763 Basic stats: COMPLETE Column stats: NONE
      Reduce Operator Tree:
        Select Operator
          expressions: KEY.reducesinkkey0 (type: string)
          outputColumnNames: _col0
          Statistics: Num rows: 166 Data size: 1763 Basic stats: COMPLETE Column stats: NONE
          PTF Operator
            Function definitions:
                Input definition
                  input alias: ptf_0
                  output shape: _col0: string
                  type: WINDOWING
                Windowing table definition
                  input alias: ptf_1
                  name: windowingtablefunction
                  order by: _col0 ASC NULLS FIRST
                  partition by: _col0
                  raw input shape:
                  window functions:
                      window function definition
                        alias: sum_window_0
                        arguments: _col0
                        name: sum
                        window function: GenericUDAFSumDouble
                        window frame: ROWS PRECEDING(MAX)~FOLLOWING(MAX)
            Statistics: Num rows: 166 Data size: 1763 Basic stats: COMPLETE Column stats: NONE
            Select Operator
              expressions: (UDFToInteger(_col0) + 2) (type: int), sum_window_0 (type: double)
              outputColumnNames: _col0, _col1
              Statistics: Num rows: 166 Data size: 1763 Basic stats: COMPLETE Column stats: NONE
              File Output Operator
                compressed: false
                Statistics: Num rows: 166 Data size: 1763 Basic stats: COMPLETE Column stats: NONE
                table:
                    input format: org.apache.hadoop.mapred.SequenceFileInputFormat
                    output format: org.apache.hadoop.hive.ql.io.HiveSequenceFileOutputFormat
                    serde: org.apache.hadoop.hive.serde2.lazy.LazySimpleSerDe

  Stage: Stage-0
    Fetch Operator
      limit: -1
      Processor Tree:
        ListSink

PREHOOK: query: EXPLAIN select * from (SELECT key, sum(key) over(partition by key, value) as c1  from src)r1 where key > '2'
PREHOOK: type: QUERY
POSTHOOK: query: EXPLAIN select * from (SELECT key, sum(key) over(partition by key, value) as c1  from src)r1 where key > '2'
POSTHOOK: type: QUERY
STAGE DEPENDENCIES:
  Stage-1 is a root stage
  Stage-0 depends on stages: Stage-1

STAGE PLANS:
  Stage: Stage-1
    Map Reduce
      Map Operator Tree:
          TableScan
            alias: src
            Statistics: Num rows: 500 Data size: 5312 Basic stats: COMPLETE Column stats: NONE
            Filter Operator
              predicate: (key > '2') (type: boolean)
              Statistics: Num rows: 166 Data size: 1763 Basic stats: COMPLETE Column stats: NONE
              Reduce Output Operator
                key expressions: key (type: string), value (type: string)
                sort order: ++
                Map-reduce partition columns: key (type: string), value (type: string)
                Statistics: Num rows: 166 Data size: 1763 Basic stats: COMPLETE Column stats: NONE
      Reduce Operator Tree:
        Select Operator
          expressions: KEY.reducesinkkey0 (type: string), KEY.reducesinkkey1 (type: string)
          outputColumnNames: _col0, _col1
          Statistics: Num rows: 166 Data size: 1763 Basic stats: COMPLETE Column stats: NONE
          PTF Operator
            Function definitions:
                Input definition
                  input alias: ptf_0
                  output shape: _col0: string, _col1: string
                  type: WINDOWING
                Windowing table definition
                  input alias: ptf_1
                  name: windowingtablefunction
                  order by: _col0 ASC NULLS FIRST, _col1 ASC NULLS FIRST
                  partition by: _col0, _col1
                  raw input shape:
                  window functions:
                      window function definition
                        alias: sum_window_0
                        arguments: _col0
                        name: sum
                        window function: GenericUDAFSumDouble
                        window frame: ROWS PRECEDING(MAX)~FOLLOWING(MAX)
            Statistics: Num rows: 166 Data size: 1763 Basic stats: COMPLETE Column stats: NONE
            Select Operator
              expressions: _col0 (type: string), sum_window_0 (type: double)
              outputColumnNames: _col0, _col1
              Statistics: Num rows: 166 Data size: 1763 Basic stats: COMPLETE Column stats: NONE
              File Output Operator
                compressed: false
                Statistics: Num rows: 166 Data size: 1763 Basic stats: COMPLETE Column stats: NONE
                table:
                    input format: org.apache.hadoop.mapred.SequenceFileInputFormat
                    output format: org.apache.hadoop.hive.ql.io.HiveSequenceFileOutputFormat
                    serde: org.apache.hadoop.hive.serde2.lazy.LazySimpleSerDe

  Stage: Stage-0
    Fetch Operator
      limit: -1
      Processor Tree:
        ListSink

PREHOOK: query: EXPLAIN select * from (SELECT key, sum(key) over(partition by key, value) as c1  from src)r1 where key > 2
PREHOOK: type: QUERY
POSTHOOK: query: EXPLAIN select * from (SELECT key, sum(key) over(partition by key, value) as c1  from src)r1 where key > 2
POSTHOOK: type: QUERY
STAGE DEPENDENCIES:
  Stage-1 is a root stage
  Stage-0 depends on stages: Stage-1

STAGE PLANS:
  Stage: Stage-1
    Map Reduce
      Map Operator Tree:
          TableScan
            alias: src
            Statistics: Num rows: 500 Data size: 5312 Basic stats: COMPLETE Column stats: NONE
            Filter Operator
              predicate: (UDFToDouble(key) > 2.0D) (type: boolean)
              Statistics: Num rows: 166 Data size: 1763 Basic stats: COMPLETE Column stats: NONE
              Reduce Output Operator
                key expressions: key (type: string), value (type: string)
                sort order: ++
                Map-reduce partition columns: key (type: string), value (type: string)
                Statistics: Num rows: 166 Data size: 1763 Basic stats: COMPLETE Column stats: NONE
      Reduce Operator Tree:
        Select Operator
          expressions: KEY.reducesinkkey0 (type: string), KEY.reducesinkkey1 (type: string)
          outputColumnNames: _col0, _col1
          Statistics: Num rows: 166 Data size: 1763 Basic stats: COMPLETE Column stats: NONE
          PTF Operator
            Function definitions:
                Input definition
                  input alias: ptf_0
                  output shape: _col0: string, _col1: string
                  type: WINDOWING
                Windowing table definition
                  input alias: ptf_1
                  name: windowingtablefunction
                  order by: _col0 ASC NULLS FIRST, _col1 ASC NULLS FIRST
                  partition by: _col0, _col1
                  raw input shape:
                  window functions:
                      window function definition
                        alias: sum_window_0
                        arguments: _col0
                        name: sum
                        window function: GenericUDAFSumDouble
                        window frame: ROWS PRECEDING(MAX)~FOLLOWING(MAX)
            Statistics: Num rows: 166 Data size: 1763 Basic stats: COMPLETE Column stats: NONE
            Select Operator
              expressions: _col0 (type: string), sum_window_0 (type: double)
              outputColumnNames: _col0, _col1
              Statistics: Num rows: 166 Data size: 1763 Basic stats: COMPLETE Column stats: NONE
              File Output Operator
                compressed: false
                Statistics: Num rows: 166 Data size: 1763 Basic stats: COMPLETE Column stats: NONE
                table:
                    input format: org.apache.hadoop.mapred.SequenceFileInputFormat
                    output format: org.apache.hadoop.hive.ql.io.HiveSequenceFileOutputFormat
                    serde: org.apache.hadoop.hive.serde2.lazy.LazySimpleSerDe

  Stage: Stage-0
    Fetch Operator
      limit: -1
      Processor Tree:
        ListSink

PREHOOK: query: EXPLAIN select * from (SELECT key, sum(key) over(partition by key, value) as c1  from src)r1 where cast(key as int) > 2
PREHOOK: type: QUERY
POSTHOOK: query: EXPLAIN select * from (SELECT key, sum(key) over(partition by key, value) as c1  from src)r1 where cast(key as int) > 2
POSTHOOK: type: QUERY
STAGE DEPENDENCIES:
  Stage-1 is a root stage
  Stage-0 depends on stages: Stage-1

STAGE PLANS:
  Stage: Stage-1
    Map Reduce
      Map Operator Tree:
          TableScan
            alias: src
            Statistics: Num rows: 500 Data size: 5312 Basic stats: COMPLETE Column stats: NONE
            Filter Operator
              predicate: (UDFToInteger(key) > 2) (type: boolean)
              Statistics: Num rows: 166 Data size: 1763 Basic stats: COMPLETE Column stats: NONE
              Reduce Output Operator
                key expressions: key (type: string), value (type: string)
                sort order: ++
                Map-reduce partition columns: key (type: string), value (type: string)
                Statistics: Num rows: 166 Data size: 1763 Basic stats: COMPLETE Column stats: NONE
      Reduce Operator Tree:
        Select Operator
          expressions: KEY.reducesinkkey0 (type: string), KEY.reducesinkkey1 (type: string)
          outputColumnNames: _col0, _col1
          Statistics: Num rows: 166 Data size: 1763 Basic stats: COMPLETE Column stats: NONE
          PTF Operator
            Function definitions:
                Input definition
                  input alias: ptf_0
                  output shape: _col0: string, _col1: string
                  type: WINDOWING
                Windowing table definition
                  input alias: ptf_1
                  name: windowingtablefunction
                  order by: _col0 ASC NULLS FIRST, _col1 ASC NULLS FIRST
                  partition by: _col0, _col1
                  raw input shape:
                  window functions:
                      window function definition
                        alias: sum_window_0
                        arguments: _col0
                        name: sum
                        window function: GenericUDAFSumDouble
                        window frame: ROWS PRECEDING(MAX)~FOLLOWING(MAX)
            Statistics: Num rows: 166 Data size: 1763 Basic stats: COMPLETE Column stats: NONE
            Select Operator
              expressions: _col0 (type: string), sum_window_0 (type: double)
              outputColumnNames: _col0, _col1
              Statistics: Num rows: 166 Data size: 1763 Basic stats: COMPLETE Column stats: NONE
              File Output Operator
                compressed: false
                Statistics: Num rows: 166 Data size: 1763 Basic stats: COMPLETE Column stats: NONE
                table:
                    input format: org.apache.hadoop.mapred.SequenceFileInputFormat
                    output format: org.apache.hadoop.hive.ql.io.HiveSequenceFileOutputFormat
                    serde: org.apache.hadoop.hive.serde2.lazy.LazySimpleSerDe

  Stage: Stage-0
    Fetch Operator
      limit: -1
      Processor Tree:
        ListSink

PREHOOK: query: EXPLAIN select * from (SELECT key, sum(key) over(partition by key, value) as c1  from src)r1 where (cast(key as int) + 1) > 2
PREHOOK: type: QUERY
POSTHOOK: query: EXPLAIN select * from (SELECT key, sum(key) over(partition by key, value) as c1  from src)r1 where (cast(key as int) + 1) > 2
POSTHOOK: type: QUERY
STAGE DEPENDENCIES:
  Stage-1 is a root stage
  Stage-0 depends on stages: Stage-1

STAGE PLANS:
  Stage: Stage-1
    Map Reduce
      Map Operator Tree:
          TableScan
            alias: src
            Statistics: Num rows: 500 Data size: 5312 Basic stats: COMPLETE Column stats: NONE
            Filter Operator
              predicate: ((UDFToInteger(key) + 1) > 2) (type: boolean)
              Statistics: Num rows: 166 Data size: 1763 Basic stats: COMPLETE Column stats: NONE
              Reduce Output Operator
                key expressions: key (type: string), value (type: string)
                sort order: ++
                Map-reduce partition columns: key (type: string), value (type: string)
                Statistics: Num rows: 166 Data size: 1763 Basic stats: COMPLETE Column stats: NONE
      Reduce Operator Tree:
        Select Operator
          expressions: KEY.reducesinkkey0 (type: string), KEY.reducesinkkey1 (type: string)
          outputColumnNames: _col0, _col1
          Statistics: Num rows: 166 Data size: 1763 Basic stats: COMPLETE Column stats: NONE
          PTF Operator
            Function definitions:
                Input definition
                  input alias: ptf_0
                  output shape: _col0: string, _col1: string
                  type: WINDOWING
                Windowing table definition
                  input alias: ptf_1
                  name: windowingtablefunction
                  order by: _col0 ASC NULLS FIRST, _col1 ASC NULLS FIRST
                  partition by: _col0, _col1
                  raw input shape:
                  window functions:
                      window function definition
                        alias: sum_window_0
                        arguments: _col0
                        name: sum
                        window function: GenericUDAFSumDouble
                        window frame: ROWS PRECEDING(MAX)~FOLLOWING(MAX)
            Statistics: Num rows: 166 Data size: 1763 Basic stats: COMPLETE Column stats: NONE
            Select Operator
              expressions: _col0 (type: string), sum_window_0 (type: double)
              outputColumnNames: _col0, _col1
              Statistics: Num rows: 166 Data size: 1763 Basic stats: COMPLETE Column stats: NONE
              File Output Operator
                compressed: false
                Statistics: Num rows: 166 Data size: 1763 Basic stats: COMPLETE Column stats: NONE
                table:
                    input format: org.apache.hadoop.mapred.SequenceFileInputFormat
                    output format: org.apache.hadoop.hive.ql.io.HiveSequenceFileOutputFormat
                    serde: org.apache.hadoop.hive.serde2.lazy.LazySimpleSerDe

  Stage: Stage-0
    Fetch Operator
      limit: -1
      Processor Tree:
        ListSink

PREHOOK: query: EXPLAIN select * from (SELECT (cast(key as int))+2 as key, sum(key) over(partition by key, value) as c1  from src)r1 where (cast(key as int) + 1) > 2
PREHOOK: type: QUERY
POSTHOOK: query: EXPLAIN select * from (SELECT (cast(key as int))+2 as key, sum(key) over(partition by key, value) as c1  from src)r1 where (cast(key as int) + 1) > 2
POSTHOOK: type: QUERY
STAGE DEPENDENCIES:
  Stage-1 is a root stage
  Stage-0 depends on stages: Stage-1

STAGE PLANS:
  Stage: Stage-1
    Map Reduce
      Map Operator Tree:
          TableScan
            alias: src
            Statistics: Num rows: 500 Data size: 5312 Basic stats: COMPLETE Column stats: NONE
            Filter Operator
              predicate: (((UDFToInteger(key) + 2) + 1) > 2) (type: boolean)
              Statistics: Num rows: 166 Data size: 1763 Basic stats: COMPLETE Column stats: NONE
              Reduce Output Operator
                key expressions: key (type: string), value (type: string)
                sort order: ++
                Map-reduce partition columns: key (type: string), value (type: string)
                Statistics: Num rows: 166 Data size: 1763 Basic stats: COMPLETE Column stats: NONE
      Reduce Operator Tree:
        Select Operator
          expressions: KEY.reducesinkkey0 (type: string), KEY.reducesinkkey1 (type: string)
          outputColumnNames: _col0, _col1
          Statistics: Num rows: 166 Data size: 1763 Basic stats: COMPLETE Column stats: NONE
          PTF Operator
            Function definitions:
                Input definition
                  input alias: ptf_0
                  output shape: _col0: string, _col1: string
                  type: WINDOWING
                Windowing table definition
                  input alias: ptf_1
                  name: windowingtablefunction
                  order by: _col0 ASC NULLS FIRST, _col1 ASC NULLS FIRST
                  partition by: _col0, _col1
                  raw input shape:
                  window functions:
                      window function definition
                        alias: sum_window_0
                        arguments: _col0
                        name: sum
                        window function: GenericUDAFSumDouble
                        window frame: ROWS PRECEDING(MAX)~FOLLOWING(MAX)
            Statistics: Num rows: 166 Data size: 1763 Basic stats: COMPLETE Column stats: NONE
            Select Operator
              expressions: (UDFToInteger(_col0) + 2) (type: int), sum_window_0 (type: double)
              outputColumnNames: _col0, _col1
              Statistics: Num rows: 166 Data size: 1763 Basic stats: COMPLETE Column stats: NONE
              File Output Operator
                compressed: false
                Statistics: Num rows: 166 Data size: 1763 Basic stats: COMPLETE Column stats: NONE
                table:
                    input format: org.apache.hadoop.mapred.SequenceFileInputFormat
                    output format: org.apache.hadoop.hive.ql.io.HiveSequenceFileOutputFormat
                    serde: org.apache.hadoop.hive.serde2.lazy.LazySimpleSerDe

  Stage: Stage-0
    Fetch Operator
      limit: -1
      Processor Tree:
        ListSink

PREHOOK: query: EXPLAIN select * from (SELECT key, sum(key) over(partition by key,value) as c1, sum(key) over(partition by key) as c2  from src)r1 where key > '2'
PREHOOK: type: QUERY
POSTHOOK: query: EXPLAIN select * from (SELECT key, sum(key) over(partition by key,value) as c1, sum(key) over(partition by key) as c2  from src)r1 where key > '2'
POSTHOOK: type: QUERY
STAGE DEPENDENCIES:
  Stage-1 is a root stage
  Stage-2 depends on stages: Stage-1
  Stage-0 depends on stages: Stage-2

STAGE PLANS:
  Stage: Stage-1
    Map Reduce
      Map Operator Tree:
          TableScan
            alias: src
            Statistics: Num rows: 500 Data size: 5312 Basic stats: COMPLETE Column stats: NONE
            Filter Operator
              predicate: (key > '2') (type: boolean)
              Statistics: Num rows: 166 Data size: 1763 Basic stats: COMPLETE Column stats: NONE
              Reduce Output Operator
                key expressions: key (type: string), value (type: string)
                sort order: ++
                Map-reduce partition columns: key (type: string), value (type: string)
                Statistics: Num rows: 166 Data size: 1763 Basic stats: COMPLETE Column stats: NONE
      Reduce Operator Tree:
        Select Operator
          expressions: KEY.reducesinkkey0 (type: string), KEY.reducesinkkey1 (type: string)
          outputColumnNames: _col0, _col1
          Statistics: Num rows: 166 Data size: 1763 Basic stats: COMPLETE Column stats: NONE
          PTF Operator
            Function definitions:
                Input definition
                  input alias: ptf_0
                  output shape: _col0: string, _col1: string
                  type: WINDOWING
                Windowing table definition
                  input alias: ptf_1
                  name: windowingtablefunction
                  order by: _col0 ASC NULLS FIRST, _col1 ASC NULLS FIRST
                  partition by: _col0, _col1
                  raw input shape:
                  window functions:
                      window function definition
                        alias: sum_window_0
                        arguments: _col0
                        name: sum
                        window function: GenericUDAFSumDouble
                        window frame: ROWS PRECEDING(MAX)~FOLLOWING(MAX)
            Statistics: Num rows: 166 Data size: 1763 Basic stats: COMPLETE Column stats: NONE
            Select Operator
              expressions: sum_window_0 (type: double), _col0 (type: string)
              outputColumnNames: sum_window_0, _col0
              Statistics: Num rows: 166 Data size: 1763 Basic stats: COMPLETE Column stats: NONE
              File Output Operator
                compressed: false
                table:
                    input format: org.apache.hadoop.mapred.SequenceFileInputFormat
                    output format: org.apache.hadoop.hive.ql.io.HiveSequenceFileOutputFormat
                    serde: org.apache.hadoop.hive.serde2.lazybinary.LazyBinarySerDe

  Stage: Stage-2
    Map Reduce
      Map Operator Tree:
          TableScan
            Reduce Output Operator
              key expressions: _col0 (type: string)
              sort order: +
              Map-reduce partition columns: _col0 (type: string)
              Statistics: Num rows: 166 Data size: 1763 Basic stats: COMPLETE Column stats: NONE
              value expressions: sum_window_0 (type: double)
      Reduce Operator Tree:
        Select Operator
          expressions: VALUE._col0 (type: double), KEY.reducesinkkey0 (type: string)
          outputColumnNames: _col0, _col1
          Statistics: Num rows: 166 Data size: 1763 Basic stats: COMPLETE Column stats: NONE
          PTF Operator
            Function definitions:
                Input definition
                  input alias: ptf_0
                  output shape: _col0: double, _col1: string
                  type: WINDOWING
                Windowing table definition
                  input alias: ptf_1
                  name: windowingtablefunction
                  order by: _col1 ASC NULLS FIRST
                  partition by: _col1
                  raw input shape:
                  window functions:
                      window function definition
                        alias: sum_window_1
                        arguments: _col1
                        name: sum
                        window function: GenericUDAFSumDouble
                        window frame: ROWS PRECEDING(MAX)~FOLLOWING(MAX)
            Statistics: Num rows: 166 Data size: 1763 Basic stats: COMPLETE Column stats: NONE
            Select Operator
              expressions: _col1 (type: string), _col0 (type: double), sum_window_1 (type: double)
              outputColumnNames: _col0, _col1, _col2
              Statistics: Num rows: 166 Data size: 1763 Basic stats: COMPLETE Column stats: NONE
              File Output Operator
                compressed: false
                Statistics: Num rows: 166 Data size: 1763 Basic stats: COMPLETE Column stats: NONE
                table:
                    input format: org.apache.hadoop.mapred.SequenceFileInputFormat
                    output format: org.apache.hadoop.hive.ql.io.HiveSequenceFileOutputFormat
                    serde: org.apache.hadoop.hive.serde2.lazy.LazySimpleSerDe

  Stage: Stage-0
    Fetch Operator
      limit: -1
      Processor Tree:
        ListSink

PREHOOK: query: EXPLAIN select * from (SELECT key, sum(key) over(partition by key,value) as c1, sum(key) over(partition by key) as c2  from src)r1 where key > 2
PREHOOK: type: QUERY
POSTHOOK: query: EXPLAIN select * from (SELECT key, sum(key) over(partition by key,value) as c1, sum(key) over(partition by key) as c2  from src)r1 where key > 2
POSTHOOK: type: QUERY
STAGE DEPENDENCIES:
  Stage-1 is a root stage
  Stage-2 depends on stages: Stage-1
  Stage-0 depends on stages: Stage-2

STAGE PLANS:
  Stage: Stage-1
    Map Reduce
      Map Operator Tree:
          TableScan
            alias: src
            Statistics: Num rows: 500 Data size: 5312 Basic stats: COMPLETE Column stats: NONE
            Filter Operator
              predicate: (UDFToDouble(key) > 2.0D) (type: boolean)
              Statistics: Num rows: 166 Data size: 1763 Basic stats: COMPLETE Column stats: NONE
              Reduce Output Operator
                key expressions: key (type: string), value (type: string)
                sort order: ++
                Map-reduce partition columns: key (type: string), value (type: string)
                Statistics: Num rows: 166 Data size: 1763 Basic stats: COMPLETE Column stats: NONE
      Reduce Operator Tree:
        Select Operator
          expressions: KEY.reducesinkkey0 (type: string), KEY.reducesinkkey1 (type: string)
          outputColumnNames: _col0, _col1
          Statistics: Num rows: 166 Data size: 1763 Basic stats: COMPLETE Column stats: NONE
          PTF Operator
            Function definitions:
                Input definition
                  input alias: ptf_0
                  output shape: _col0: string, _col1: string
                  type: WINDOWING
                Windowing table definition
                  input alias: ptf_1
                  name: windowingtablefunction
                  order by: _col0 ASC NULLS FIRST, _col1 ASC NULLS FIRST
                  partition by: _col0, _col1
                  raw input shape:
                  window functions:
                      window function definition
                        alias: sum_window_0
                        arguments: _col0
                        name: sum
                        window function: GenericUDAFSumDouble
                        window frame: ROWS PRECEDING(MAX)~FOLLOWING(MAX)
            Statistics: Num rows: 166 Data size: 1763 Basic stats: COMPLETE Column stats: NONE
            Select Operator
              expressions: sum_window_0 (type: double), _col0 (type: string)
              outputColumnNames: sum_window_0, _col0
              Statistics: Num rows: 166 Data size: 1763 Basic stats: COMPLETE Column stats: NONE
              File Output Operator
                compressed: false
                table:
                    input format: org.apache.hadoop.mapred.SequenceFileInputFormat
                    output format: org.apache.hadoop.hive.ql.io.HiveSequenceFileOutputFormat
                    serde: org.apache.hadoop.hive.serde2.lazybinary.LazyBinarySerDe

  Stage: Stage-2
    Map Reduce
      Map Operator Tree:
          TableScan
            Reduce Output Operator
              key expressions: _col0 (type: string)
              sort order: +
              Map-reduce partition columns: _col0 (type: string)
              Statistics: Num rows: 166 Data size: 1763 Basic stats: COMPLETE Column stats: NONE
              value expressions: sum_window_0 (type: double)
      Reduce Operator Tree:
        Select Operator
          expressions: VALUE._col0 (type: double), KEY.reducesinkkey0 (type: string)
          outputColumnNames: _col0, _col1
          Statistics: Num rows: 166 Data size: 1763 Basic stats: COMPLETE Column stats: NONE
          PTF Operator
            Function definitions:
                Input definition
                  input alias: ptf_0
                  output shape: _col0: double, _col1: string
                  type: WINDOWING
                Windowing table definition
                  input alias: ptf_1
                  name: windowingtablefunction
                  order by: _col1 ASC NULLS FIRST
                  partition by: _col1
                  raw input shape:
                  window functions:
                      window function definition
                        alias: sum_window_1
                        arguments: _col1
                        name: sum
                        window function: GenericUDAFSumDouble
                        window frame: ROWS PRECEDING(MAX)~FOLLOWING(MAX)
            Statistics: Num rows: 166 Data size: 1763 Basic stats: COMPLETE Column stats: NONE
            Select Operator
              expressions: _col1 (type: string), _col0 (type: double), sum_window_1 (type: double)
              outputColumnNames: _col0, _col1, _col2
              Statistics: Num rows: 166 Data size: 1763 Basic stats: COMPLETE Column stats: NONE
              File Output Operator
                compressed: false
                Statistics: Num rows: 166 Data size: 1763 Basic stats: COMPLETE Column stats: NONE
                table:
                    input format: org.apache.hadoop.mapred.SequenceFileInputFormat
                    output format: org.apache.hadoop.hive.ql.io.HiveSequenceFileOutputFormat
                    serde: org.apache.hadoop.hive.serde2.lazy.LazySimpleSerDe

  Stage: Stage-0
    Fetch Operator
      limit: -1
      Processor Tree:
        ListSink

PREHOOK: query: EXPLAIN select * from (SELECT key, sum(key) over(partition by key,value) as c1, sum(key) over(partition by key) as c2  from src)r1 where (cast(key as int) + 1) > 2
PREHOOK: type: QUERY
POSTHOOK: query: EXPLAIN select * from (SELECT key, sum(key) over(partition by key,value) as c1, sum(key) over(partition by key) as c2  from src)r1 where (cast(key as int) + 1) > 2
POSTHOOK: type: QUERY
STAGE DEPENDENCIES:
  Stage-1 is a root stage
  Stage-2 depends on stages: Stage-1
  Stage-0 depends on stages: Stage-2

STAGE PLANS:
  Stage: Stage-1
    Map Reduce
      Map Operator Tree:
          TableScan
            alias: src
            Statistics: Num rows: 500 Data size: 5312 Basic stats: COMPLETE Column stats: NONE
            Filter Operator
              predicate: ((UDFToInteger(key) + 1) > 2) (type: boolean)
              Statistics: Num rows: 166 Data size: 1763 Basic stats: COMPLETE Column stats: NONE
              Reduce Output Operator
                key expressions: key (type: string), value (type: string)
                sort order: ++
                Map-reduce partition columns: key (type: string), value (type: string)
                Statistics: Num rows: 166 Data size: 1763 Basic stats: COMPLETE Column stats: NONE
      Reduce Operator Tree:
        Select Operator
          expressions: KEY.reducesinkkey0 (type: string), KEY.reducesinkkey1 (type: string)
          outputColumnNames: _col0, _col1
          Statistics: Num rows: 166 Data size: 1763 Basic stats: COMPLETE Column stats: NONE
          PTF Operator
            Function definitions:
                Input definition
                  input alias: ptf_0
                  output shape: _col0: string, _col1: string
                  type: WINDOWING
                Windowing table definition
                  input alias: ptf_1
                  name: windowingtablefunction
                  order by: _col0 ASC NULLS FIRST, _col1 ASC NULLS FIRST
                  partition by: _col0, _col1
                  raw input shape:
                  window functions:
                      window function definition
                        alias: sum_window_0
                        arguments: _col0
                        name: sum
                        window function: GenericUDAFSumDouble
                        window frame: ROWS PRECEDING(MAX)~FOLLOWING(MAX)
            Statistics: Num rows: 166 Data size: 1763 Basic stats: COMPLETE Column stats: NONE
            Select Operator
              expressions: sum_window_0 (type: double), _col0 (type: string)
              outputColumnNames: sum_window_0, _col0
              Statistics: Num rows: 166 Data size: 1763 Basic stats: COMPLETE Column stats: NONE
              File Output Operator
                compressed: false
                table:
                    input format: org.apache.hadoop.mapred.SequenceFileInputFormat
                    output format: org.apache.hadoop.hive.ql.io.HiveSequenceFileOutputFormat
                    serde: org.apache.hadoop.hive.serde2.lazybinary.LazyBinarySerDe

  Stage: Stage-2
    Map Reduce
      Map Operator Tree:
          TableScan
            Reduce Output Operator
              key expressions: _col0 (type: string)
              sort order: +
              Map-reduce partition columns: _col0 (type: string)
              Statistics: Num rows: 166 Data size: 1763 Basic stats: COMPLETE Column stats: NONE
              value expressions: sum_window_0 (type: double)
      Reduce Operator Tree:
        Select Operator
          expressions: VALUE._col0 (type: double), KEY.reducesinkkey0 (type: string)
          outputColumnNames: _col0, _col1
          Statistics: Num rows: 166 Data size: 1763 Basic stats: COMPLETE Column stats: NONE
          PTF Operator
            Function definitions:
                Input definition
                  input alias: ptf_0
                  output shape: _col0: double, _col1: string
                  type: WINDOWING
                Windowing table definition
                  input alias: ptf_1
                  name: windowingtablefunction
                  order by: _col1 ASC NULLS FIRST
                  partition by: _col1
                  raw input shape:
                  window functions:
                      window function definition
                        alias: sum_window_1
                        arguments: _col1
                        name: sum
                        window function: GenericUDAFSumDouble
                        window frame: ROWS PRECEDING(MAX)~FOLLOWING(MAX)
            Statistics: Num rows: 166 Data size: 1763 Basic stats: COMPLETE Column stats: NONE
            Select Operator
              expressions: _col1 (type: string), _col0 (type: double), sum_window_1 (type: double)
              outputColumnNames: _col0, _col1, _col2
              Statistics: Num rows: 166 Data size: 1763 Basic stats: COMPLETE Column stats: NONE
              File Output Operator
                compressed: false
                Statistics: Num rows: 166 Data size: 1763 Basic stats: COMPLETE Column stats: NONE
                table:
                    input format: org.apache.hadoop.mapred.SequenceFileInputFormat
                    output format: org.apache.hadoop.hive.ql.io.HiveSequenceFileOutputFormat
                    serde: org.apache.hadoop.hive.serde2.lazy.LazySimpleSerDe

  Stage: Stage-0
    Fetch Operator
      limit: -1
      Processor Tree:
        ListSink

PREHOOK: query: EXPLAIN select * from (SELECT (cast(key as int))+2 as key, sum(key) over(partition by key,value) as c1, sum(key) over(partition by key) as c2  from src)r1 where (cast(key as int) + 1) > 2
PREHOOK: type: QUERY
POSTHOOK: query: EXPLAIN select * from (SELECT (cast(key as int))+2 as key, sum(key) over(partition by key,value) as c1, sum(key) over(partition by key) as c2  from src)r1 where (cast(key as int) + 1) > 2
POSTHOOK: type: QUERY
STAGE DEPENDENCIES:
  Stage-1 is a root stage
  Stage-2 depends on stages: Stage-1
  Stage-0 depends on stages: Stage-2

STAGE PLANS:
  Stage: Stage-1
    Map Reduce
      Map Operator Tree:
          TableScan
            alias: src
            Statistics: Num rows: 500 Data size: 5312 Basic stats: COMPLETE Column stats: NONE
            Filter Operator
              predicate: (((UDFToInteger(key) + 2) + 1) > 2) (type: boolean)
              Statistics: Num rows: 166 Data size: 1763 Basic stats: COMPLETE Column stats: NONE
              Reduce Output Operator
                key expressions: key (type: string), value (type: string)
                sort order: ++
                Map-reduce partition columns: key (type: string), value (type: string)
                Statistics: Num rows: 166 Data size: 1763 Basic stats: COMPLETE Column stats: NONE
      Reduce Operator Tree:
        Select Operator
          expressions: KEY.reducesinkkey0 (type: string), KEY.reducesinkkey1 (type: string)
          outputColumnNames: _col0, _col1
          Statistics: Num rows: 166 Data size: 1763 Basic stats: COMPLETE Column stats: NONE
          PTF Operator
            Function definitions:
                Input definition
                  input alias: ptf_0
                  output shape: _col0: string, _col1: string
                  type: WINDOWING
                Windowing table definition
                  input alias: ptf_1
                  name: windowingtablefunction
                  order by: _col0 ASC NULLS FIRST, _col1 ASC NULLS FIRST
                  partition by: _col0, _col1
                  raw input shape:
                  window functions:
                      window function definition
                        alias: sum_window_0
                        arguments: _col0
                        name: sum
                        window function: GenericUDAFSumDouble
                        window frame: ROWS PRECEDING(MAX)~FOLLOWING(MAX)
            Statistics: Num rows: 166 Data size: 1763 Basic stats: COMPLETE Column stats: NONE
            Select Operator
              expressions: sum_window_0 (type: double), _col0 (type: string)
              outputColumnNames: sum_window_0, _col0
              Statistics: Num rows: 166 Data size: 1763 Basic stats: COMPLETE Column stats: NONE
              File Output Operator
                compressed: false
                table:
                    input format: org.apache.hadoop.mapred.SequenceFileInputFormat
                    output format: org.apache.hadoop.hive.ql.io.HiveSequenceFileOutputFormat
                    serde: org.apache.hadoop.hive.serde2.lazybinary.LazyBinarySerDe

  Stage: Stage-2
    Map Reduce
      Map Operator Tree:
          TableScan
            Reduce Output Operator
              key expressions: _col0 (type: string)
              sort order: +
              Map-reduce partition columns: _col0 (type: string)
              Statistics: Num rows: 166 Data size: 1763 Basic stats: COMPLETE Column stats: NONE
              value expressions: sum_window_0 (type: double)
      Reduce Operator Tree:
        Select Operator
          expressions: VALUE._col0 (type: double), KEY.reducesinkkey0 (type: string)
          outputColumnNames: _col0, _col1
          Statistics: Num rows: 166 Data size: 1763 Basic stats: COMPLETE Column stats: NONE
          PTF Operator
            Function definitions:
                Input definition
                  input alias: ptf_0
                  output shape: _col0: double, _col1: string
                  type: WINDOWING
                Windowing table definition
                  input alias: ptf_1
                  name: windowingtablefunction
                  order by: _col1 ASC NULLS FIRST
                  partition by: _col1
                  raw input shape:
                  window functions:
                      window function definition
                        alias: sum_window_1
                        arguments: _col1
                        name: sum
                        window function: GenericUDAFSumDouble
                        window frame: ROWS PRECEDING(MAX)~FOLLOWING(MAX)
            Statistics: Num rows: 166 Data size: 1763 Basic stats: COMPLETE Column stats: NONE
            Select Operator
              expressions: (UDFToInteger(_col1) + 2) (type: int), _col0 (type: double), sum_window_1 (type: double)
              outputColumnNames: _col0, _col1, _col2
              Statistics: Num rows: 166 Data size: 1763 Basic stats: COMPLETE Column stats: NONE
              File Output Operator
                compressed: false
                Statistics: Num rows: 166 Data size: 1763 Basic stats: COMPLETE Column stats: NONE
                table:
                    input format: org.apache.hadoop.mapred.SequenceFileInputFormat
                    output format: org.apache.hadoop.hive.ql.io.HiveSequenceFileOutputFormat
                    serde: org.apache.hadoop.hive.serde2.lazy.LazySimpleSerDe

  Stage: Stage-0
    Fetch Operator
      limit: -1
      Processor Tree:
        ListSink

PREHOOK: query: EXPLAIN select * from (SELECT key, sum(key) over(partition by key,value) as c1, sum(value) over(partition by key) as c2  from src)r1 where key > '2'
PREHOOK: type: QUERY
POSTHOOK: query: EXPLAIN select * from (SELECT key, sum(key) over(partition by key,value) as c1, sum(value) over(partition by key) as c2  from src)r1 where key > '2'
POSTHOOK: type: QUERY
STAGE DEPENDENCIES:
  Stage-1 is a root stage
  Stage-2 depends on stages: Stage-1
  Stage-0 depends on stages: Stage-2

STAGE PLANS:
  Stage: Stage-1
    Map Reduce
      Map Operator Tree:
          TableScan
            alias: src
            Statistics: Num rows: 500 Data size: 5312 Basic stats: COMPLETE Column stats: NONE
            Filter Operator
              predicate: (key > '2') (type: boolean)
              Statistics: Num rows: 166 Data size: 1763 Basic stats: COMPLETE Column stats: NONE
              Reduce Output Operator
                key expressions: key (type: string), value (type: string)
                sort order: ++
                Map-reduce partition columns: key (type: string), value (type: string)
                Statistics: Num rows: 166 Data size: 1763 Basic stats: COMPLETE Column stats: NONE
      Reduce Operator Tree:
        Select Operator
          expressions: KEY.reducesinkkey0 (type: string), KEY.reducesinkkey1 (type: string)
          outputColumnNames: _col0, _col1
          Statistics: Num rows: 166 Data size: 1763 Basic stats: COMPLETE Column stats: NONE
          PTF Operator
            Function definitions:
                Input definition
                  input alias: ptf_0
                  output shape: _col0: string, _col1: string
                  type: WINDOWING
                Windowing table definition
                  input alias: ptf_1
                  name: windowingtablefunction
                  order by: _col0 ASC NULLS FIRST, _col1 ASC NULLS FIRST
                  partition by: _col0, _col1
                  raw input shape:
                  window functions:
                      window function definition
                        alias: sum_window_0
                        arguments: _col0
                        name: sum
                        window function: GenericUDAFSumDouble
                        window frame: ROWS PRECEDING(MAX)~FOLLOWING(MAX)
            Statistics: Num rows: 166 Data size: 1763 Basic stats: COMPLETE Column stats: NONE
            Select Operator
              expressions: sum_window_0 (type: double), _col0 (type: string), _col1 (type: string)
              outputColumnNames: sum_window_0, _col0, _col1
              Statistics: Num rows: 166 Data size: 1763 Basic stats: COMPLETE Column stats: NONE
              File Output Operator
                compressed: false
                table:
                    input format: org.apache.hadoop.mapred.SequenceFileInputFormat
                    output format: org.apache.hadoop.hive.ql.io.HiveSequenceFileOutputFormat
                    serde: org.apache.hadoop.hive.serde2.lazybinary.LazyBinarySerDe

  Stage: Stage-2
    Map Reduce
      Map Operator Tree:
          TableScan
            Reduce Output Operator
              key expressions: _col0 (type: string)
              sort order: +
              Map-reduce partition columns: _col0 (type: string)
              Statistics: Num rows: 166 Data size: 1763 Basic stats: COMPLETE Column stats: NONE
              value expressions: sum_window_0 (type: double), _col1 (type: string)
      Reduce Operator Tree:
        Select Operator
          expressions: VALUE._col0 (type: double), KEY.reducesinkkey0 (type: string), VALUE._col1 (type: string)
          outputColumnNames: _col0, _col1, _col2
          Statistics: Num rows: 166 Data size: 1763 Basic stats: COMPLETE Column stats: NONE
          PTF Operator
            Function definitions:
                Input definition
                  input alias: ptf_0
                  output shape: _col0: double, _col1: string, _col2: string
                  type: WINDOWING
                Windowing table definition
                  input alias: ptf_1
                  name: windowingtablefunction
                  order by: _col1 ASC NULLS FIRST
                  partition by: _col1
                  raw input shape:
                  window functions:
                      window function definition
                        alias: sum_window_1
                        arguments: _col2
                        name: sum
                        window function: GenericUDAFSumDouble
                        window frame: ROWS PRECEDING(MAX)~FOLLOWING(MAX)
            Statistics: Num rows: 166 Data size: 1763 Basic stats: COMPLETE Column stats: NONE
            Select Operator
              expressions: _col1 (type: string), _col0 (type: double), sum_window_1 (type: double)
              outputColumnNames: _col0, _col1, _col2
              Statistics: Num rows: 166 Data size: 1763 Basic stats: COMPLETE Column stats: NONE
              File Output Operator
                compressed: false
                Statistics: Num rows: 166 Data size: 1763 Basic stats: COMPLETE Column stats: NONE
                table:
                    input format: org.apache.hadoop.mapred.SequenceFileInputFormat
                    output format: org.apache.hadoop.hive.ql.io.HiveSequenceFileOutputFormat
                    serde: org.apache.hadoop.hive.serde2.lazy.LazySimpleSerDe

  Stage: Stage-0
    Fetch Operator
      limit: -1
      Processor Tree:
        ListSink

PREHOOK: query: EXPLAIN select * from (SELECT key, sum(key) over(partition by key,value) as c1, sum(value) over(partition by key) as c2  from src)r1 where key > 2
PREHOOK: type: QUERY
POSTHOOK: query: EXPLAIN select * from (SELECT key, sum(key) over(partition by key,value) as c1, sum(value) over(partition by key) as c2  from src)r1 where key > 2
POSTHOOK: type: QUERY
STAGE DEPENDENCIES:
  Stage-1 is a root stage
  Stage-2 depends on stages: Stage-1
  Stage-0 depends on stages: Stage-2

STAGE PLANS:
  Stage: Stage-1
    Map Reduce
      Map Operator Tree:
          TableScan
            alias: src
            Statistics: Num rows: 500 Data size: 5312 Basic stats: COMPLETE Column stats: NONE
            Filter Operator
              predicate: (UDFToDouble(key) > 2.0D) (type: boolean)
              Statistics: Num rows: 166 Data size: 1763 Basic stats: COMPLETE Column stats: NONE
              Reduce Output Operator
                key expressions: key (type: string), value (type: string)
                sort order: ++
                Map-reduce partition columns: key (type: string), value (type: string)
                Statistics: Num rows: 166 Data size: 1763 Basic stats: COMPLETE Column stats: NONE
      Reduce Operator Tree:
        Select Operator
          expressions: KEY.reducesinkkey0 (type: string), KEY.reducesinkkey1 (type: string)
          outputColumnNames: _col0, _col1
          Statistics: Num rows: 166 Data size: 1763 Basic stats: COMPLETE Column stats: NONE
          PTF Operator
            Function definitions:
                Input definition
                  input alias: ptf_0
                  output shape: _col0: string, _col1: string
                  type: WINDOWING
                Windowing table definition
                  input alias: ptf_1
                  name: windowingtablefunction
                  order by: _col0 ASC NULLS FIRST, _col1 ASC NULLS FIRST
                  partition by: _col0, _col1
                  raw input shape:
                  window functions:
                      window function definition
                        alias: sum_window_0
                        arguments: _col0
                        name: sum
                        window function: GenericUDAFSumDouble
                        window frame: ROWS PRECEDING(MAX)~FOLLOWING(MAX)
            Statistics: Num rows: 166 Data size: 1763 Basic stats: COMPLETE Column stats: NONE
            Select Operator
              expressions: sum_window_0 (type: double), _col0 (type: string), _col1 (type: string)
              outputColumnNames: sum_window_0, _col0, _col1
              Statistics: Num rows: 166 Data size: 1763 Basic stats: COMPLETE Column stats: NONE
              File Output Operator
                compressed: false
                table:
                    input format: org.apache.hadoop.mapred.SequenceFileInputFormat
                    output format: org.apache.hadoop.hive.ql.io.HiveSequenceFileOutputFormat
                    serde: org.apache.hadoop.hive.serde2.lazybinary.LazyBinarySerDe

  Stage: Stage-2
    Map Reduce
      Map Operator Tree:
          TableScan
            Reduce Output Operator
              key expressions: _col0 (type: string)
              sort order: +
              Map-reduce partition columns: _col0 (type: string)
              Statistics: Num rows: 166 Data size: 1763 Basic stats: COMPLETE Column stats: NONE
              value expressions: sum_window_0 (type: double), _col1 (type: string)
      Reduce Operator Tree:
        Select Operator
          expressions: VALUE._col0 (type: double), KEY.reducesinkkey0 (type: string), VALUE._col1 (type: string)
          outputColumnNames: _col0, _col1, _col2
          Statistics: Num rows: 166 Data size: 1763 Basic stats: COMPLETE Column stats: NONE
          PTF Operator
            Function definitions:
                Input definition
                  input alias: ptf_0
                  output shape: _col0: double, _col1: string, _col2: string
                  type: WINDOWING
                Windowing table definition
                  input alias: ptf_1
                  name: windowingtablefunction
                  order by: _col1 ASC NULLS FIRST
                  partition by: _col1
                  raw input shape:
                  window functions:
                      window function definition
                        alias: sum_window_1
                        arguments: _col2
                        name: sum
                        window function: GenericUDAFSumDouble
                        window frame: ROWS PRECEDING(MAX)~FOLLOWING(MAX)
            Statistics: Num rows: 166 Data size: 1763 Basic stats: COMPLETE Column stats: NONE
            Select Operator
              expressions: _col1 (type: string), _col0 (type: double), sum_window_1 (type: double)
              outputColumnNames: _col0, _col1, _col2
              Statistics: Num rows: 166 Data size: 1763 Basic stats: COMPLETE Column stats: NONE
              File Output Operator
                compressed: false
                Statistics: Num rows: 166 Data size: 1763 Basic stats: COMPLETE Column stats: NONE
                table:
                    input format: org.apache.hadoop.mapred.SequenceFileInputFormat
                    output format: org.apache.hadoop.hive.ql.io.HiveSequenceFileOutputFormat
                    serde: org.apache.hadoop.hive.serde2.lazy.LazySimpleSerDe

  Stage: Stage-0
    Fetch Operator
      limit: -1
      Processor Tree:
        ListSink

PREHOOK: query: EXPLAIN select * from (SELECT key, sum(key) over(partition by key,value) as c1, sum(value) over(partition by key) as c2  from src)r1 where (cast(key as int) + 1) > 2
PREHOOK: type: QUERY
POSTHOOK: query: EXPLAIN select * from (SELECT key, sum(key) over(partition by key,value) as c1, sum(value) over(partition by key) as c2  from src)r1 where (cast(key as int) + 1) > 2
POSTHOOK: type: QUERY
STAGE DEPENDENCIES:
  Stage-1 is a root stage
  Stage-2 depends on stages: Stage-1
  Stage-0 depends on stages: Stage-2

STAGE PLANS:
  Stage: Stage-1
    Map Reduce
      Map Operator Tree:
          TableScan
            alias: src
            Statistics: Num rows: 500 Data size: 5312 Basic stats: COMPLETE Column stats: NONE
            Filter Operator
              predicate: ((UDFToInteger(key) + 1) > 2) (type: boolean)
              Statistics: Num rows: 166 Data size: 1763 Basic stats: COMPLETE Column stats: NONE
              Reduce Output Operator
                key expressions: key (type: string), value (type: string)
                sort order: ++
                Map-reduce partition columns: key (type: string), value (type: string)
                Statistics: Num rows: 166 Data size: 1763 Basic stats: COMPLETE Column stats: NONE
      Reduce Operator Tree:
        Select Operator
          expressions: KEY.reducesinkkey0 (type: string), KEY.reducesinkkey1 (type: string)
          outputColumnNames: _col0, _col1
          Statistics: Num rows: 166 Data size: 1763 Basic stats: COMPLETE Column stats: NONE
          PTF Operator
            Function definitions:
                Input definition
                  input alias: ptf_0
                  output shape: _col0: string, _col1: string
                  type: WINDOWING
                Windowing table definition
                  input alias: ptf_1
                  name: windowingtablefunction
                  order by: _col0 ASC NULLS FIRST, _col1 ASC NULLS FIRST
                  partition by: _col0, _col1
                  raw input shape:
                  window functions:
                      window function definition
                        alias: sum_window_0
                        arguments: _col0
                        name: sum
                        window function: GenericUDAFSumDouble
                        window frame: ROWS PRECEDING(MAX)~FOLLOWING(MAX)
            Statistics: Num rows: 166 Data size: 1763 Basic stats: COMPLETE Column stats: NONE
            Select Operator
              expressions: sum_window_0 (type: double), _col0 (type: string), _col1 (type: string)
              outputColumnNames: sum_window_0, _col0, _col1
              Statistics: Num rows: 166 Data size: 1763 Basic stats: COMPLETE Column stats: NONE
              File Output Operator
                compressed: false
                table:
                    input format: org.apache.hadoop.mapred.SequenceFileInputFormat
                    output format: org.apache.hadoop.hive.ql.io.HiveSequenceFileOutputFormat
                    serde: org.apache.hadoop.hive.serde2.lazybinary.LazyBinarySerDe

  Stage: Stage-2
    Map Reduce
      Map Operator Tree:
          TableScan
            Reduce Output Operator
              key expressions: _col0 (type: string)
              sort order: +
              Map-reduce partition columns: _col0 (type: string)
              Statistics: Num rows: 166 Data size: 1763 Basic stats: COMPLETE Column stats: NONE
              value expressions: sum_window_0 (type: double), _col1 (type: string)
      Reduce Operator Tree:
        Select Operator
          expressions: VALUE._col0 (type: double), KEY.reducesinkkey0 (type: string), VALUE._col1 (type: string)
          outputColumnNames: _col0, _col1, _col2
          Statistics: Num rows: 166 Data size: 1763 Basic stats: COMPLETE Column stats: NONE
          PTF Operator
            Function definitions:
                Input definition
                  input alias: ptf_0
                  output shape: _col0: double, _col1: string, _col2: string
                  type: WINDOWING
                Windowing table definition
                  input alias: ptf_1
                  name: windowingtablefunction
                  order by: _col1 ASC NULLS FIRST
                  partition by: _col1
                  raw input shape:
                  window functions:
                      window function definition
                        alias: sum_window_1
                        arguments: _col2
                        name: sum
                        window function: GenericUDAFSumDouble
                        window frame: ROWS PRECEDING(MAX)~FOLLOWING(MAX)
            Statistics: Num rows: 166 Data size: 1763 Basic stats: COMPLETE Column stats: NONE
            Select Operator
              expressions: _col1 (type: string), _col0 (type: double), sum_window_1 (type: double)
              outputColumnNames: _col0, _col1, _col2
              Statistics: Num rows: 166 Data size: 1763 Basic stats: COMPLETE Column stats: NONE
              File Output Operator
                compressed: false
                Statistics: Num rows: 166 Data size: 1763 Basic stats: COMPLETE Column stats: NONE
                table:
                    input format: org.apache.hadoop.mapred.SequenceFileInputFormat
                    output format: org.apache.hadoop.hive.ql.io.HiveSequenceFileOutputFormat
                    serde: org.apache.hadoop.hive.serde2.lazy.LazySimpleSerDe

  Stage: Stage-0
    Fetch Operator
      limit: -1
      Processor Tree:
        ListSink

PREHOOK: query: EXPLAIN select * from (SELECT (cast(key as int))+2 as key, sum(key) over(partition by key,value) as c1, sum(value) over(partition by key) as c2  from src)r1 where (cast(key as int) + 1) > 2
PREHOOK: type: QUERY
POSTHOOK: query: EXPLAIN select * from (SELECT (cast(key as int))+2 as key, sum(key) over(partition by key,value) as c1, sum(value) over(partition by key) as c2  from src)r1 where (cast(key as int) + 1) > 2
POSTHOOK: type: QUERY
STAGE DEPENDENCIES:
  Stage-1 is a root stage
  Stage-2 depends on stages: Stage-1
  Stage-0 depends on stages: Stage-2

STAGE PLANS:
  Stage: Stage-1
    Map Reduce
      Map Operator Tree:
          TableScan
            alias: src
            Statistics: Num rows: 500 Data size: 5312 Basic stats: COMPLETE Column stats: NONE
            Filter Operator
              predicate: (((UDFToInteger(key) + 2) + 1) > 2) (type: boolean)
              Statistics: Num rows: 166 Data size: 1763 Basic stats: COMPLETE Column stats: NONE
              Reduce Output Operator
                key expressions: key (type: string), value (type: string)
                sort order: ++
                Map-reduce partition columns: key (type: string), value (type: string)
                Statistics: Num rows: 166 Data size: 1763 Basic stats: COMPLETE Column stats: NONE
      Reduce Operator Tree:
        Select Operator
          expressions: KEY.reducesinkkey0 (type: string), KEY.reducesinkkey1 (type: string)
          outputColumnNames: _col0, _col1
          Statistics: Num rows: 166 Data size: 1763 Basic stats: COMPLETE Column stats: NONE
          PTF Operator
            Function definitions:
                Input definition
                  input alias: ptf_0
                  output shape: _col0: string, _col1: string
                  type: WINDOWING
                Windowing table definition
                  input alias: ptf_1
                  name: windowingtablefunction
                  order by: _col0 ASC NULLS FIRST, _col1 ASC NULLS FIRST
                  partition by: _col0, _col1
                  raw input shape:
                  window functions:
                      window function definition
                        alias: sum_window_0
                        arguments: _col0
                        name: sum
                        window function: GenericUDAFSumDouble
                        window frame: ROWS PRECEDING(MAX)~FOLLOWING(MAX)
            Statistics: Num rows: 166 Data size: 1763 Basic stats: COMPLETE Column stats: NONE
            Select Operator
              expressions: sum_window_0 (type: double), _col0 (type: string), _col1 (type: string)
              outputColumnNames: sum_window_0, _col0, _col1
              Statistics: Num rows: 166 Data size: 1763 Basic stats: COMPLETE Column stats: NONE
              File Output Operator
                compressed: false
                table:
                    input format: org.apache.hadoop.mapred.SequenceFileInputFormat
                    output format: org.apache.hadoop.hive.ql.io.HiveSequenceFileOutputFormat
                    serde: org.apache.hadoop.hive.serde2.lazybinary.LazyBinarySerDe

  Stage: Stage-2
    Map Reduce
      Map Operator Tree:
          TableScan
            Reduce Output Operator
              key expressions: _col0 (type: string)
              sort order: +
              Map-reduce partition columns: _col0 (type: string)
              Statistics: Num rows: 166 Data size: 1763 Basic stats: COMPLETE Column stats: NONE
              value expressions: sum_window_0 (type: double), _col1 (type: string)
      Reduce Operator Tree:
        Select Operator
          expressions: VALUE._col0 (type: double), KEY.reducesinkkey0 (type: string), VALUE._col1 (type: string)
          outputColumnNames: _col0, _col1, _col2
          Statistics: Num rows: 166 Data size: 1763 Basic stats: COMPLETE Column stats: NONE
          PTF Operator
            Function definitions:
                Input definition
                  input alias: ptf_0
                  output shape: _col0: double, _col1: string, _col2: string
                  type: WINDOWING
                Windowing table definition
                  input alias: ptf_1
                  name: windowingtablefunction
                  order by: _col1 ASC NULLS FIRST
                  partition by: _col1
                  raw input shape:
                  window functions:
                      window function definition
                        alias: sum_window_1
                        arguments: _col2
                        name: sum
                        window function: GenericUDAFSumDouble
                        window frame: ROWS PRECEDING(MAX)~FOLLOWING(MAX)
            Statistics: Num rows: 166 Data size: 1763 Basic stats: COMPLETE Column stats: NONE
            Select Operator
              expressions: (UDFToInteger(_col1) + 2) (type: int), _col0 (type: double), sum_window_1 (type: double)
              outputColumnNames: _col0, _col1, _col2
              Statistics: Num rows: 166 Data size: 1763 Basic stats: COMPLETE Column stats: NONE
              File Output Operator
                compressed: false
                Statistics: Num rows: 166 Data size: 1763 Basic stats: COMPLETE Column stats: NONE
                table:
                    input format: org.apache.hadoop.mapred.SequenceFileInputFormat
                    output format: org.apache.hadoop.hive.ql.io.HiveSequenceFileOutputFormat
                    serde: org.apache.hadoop.hive.serde2.lazy.LazySimpleSerDe

  Stage: Stage-0
    Fetch Operator
      limit: -1
      Processor Tree:
        ListSink

PREHOOK: query: EXPLAIN select * from (SELECT key, sum(key) over(partition by key,value) as c1, avg(value) over(partition by value) as c2  from src)r1 where key > '2'
PREHOOK: type: QUERY
POSTHOOK: query: EXPLAIN select * from (SELECT key, sum(key) over(partition by key,value) as c1, avg(value) over(partition by value) as c2  from src)r1 where key > '2'
POSTHOOK: type: QUERY
STAGE DEPENDENCIES:
  Stage-1 is a root stage
  Stage-2 depends on stages: Stage-1
  Stage-0 depends on stages: Stage-2

STAGE PLANS:
  Stage: Stage-1
    Map Reduce
      Map Operator Tree:
          TableScan
            alias: src
            Statistics: Num rows: 500 Data size: 5312 Basic stats: COMPLETE Column stats: NONE
            Reduce Output Operator
              key expressions: key (type: string), value (type: string)
              sort order: ++
              Map-reduce partition columns: key (type: string), value (type: string)
              Statistics: Num rows: 500 Data size: 5312 Basic stats: COMPLETE Column stats: NONE
      Reduce Operator Tree:
        Select Operator
          expressions: KEY.reducesinkkey0 (type: string), KEY.reducesinkkey1 (type: string)
          outputColumnNames: _col0, _col1
          Statistics: Num rows: 500 Data size: 5312 Basic stats: COMPLETE Column stats: NONE
          PTF Operator
            Function definitions:
                Input definition
                  input alias: ptf_0
                  output shape: _col0: string, _col1: string
                  type: WINDOWING
                Windowing table definition
                  input alias: ptf_1
                  name: windowingtablefunction
                  order by: _col0 ASC NULLS FIRST, _col1 ASC NULLS FIRST
                  partition by: _col0, _col1
                  raw input shape:
                  window functions:
                      window function definition
                        alias: sum_window_0
                        arguments: _col0
                        name: sum
                        window function: GenericUDAFSumDouble
                        window frame: ROWS PRECEDING(MAX)~FOLLOWING(MAX)
            Statistics: Num rows: 500 Data size: 5312 Basic stats: COMPLETE Column stats: NONE
            Select Operator
              expressions: sum_window_0 (type: double), _col0 (type: string), _col1 (type: string)
              outputColumnNames: sum_window_0, _col0, _col1
              Statistics: Num rows: 500 Data size: 5312 Basic stats: COMPLETE Column stats: NONE
              File Output Operator
                compressed: false
                table:
                    input format: org.apache.hadoop.mapred.SequenceFileInputFormat
                    output format: org.apache.hadoop.hive.ql.io.HiveSequenceFileOutputFormat
                    serde: org.apache.hadoop.hive.serde2.lazybinary.LazyBinarySerDe

  Stage: Stage-2
    Map Reduce
      Map Operator Tree:
          TableScan
            Reduce Output Operator
              key expressions: _col1 (type: string)
              sort order: +
              Map-reduce partition columns: _col1 (type: string)
              Statistics: Num rows: 500 Data size: 5312 Basic stats: COMPLETE Column stats: NONE
              value expressions: sum_window_0 (type: double), _col0 (type: string)
      Reduce Operator Tree:
        Select Operator
          expressions: VALUE._col0 (type: double), VALUE._col1 (type: string), KEY.reducesinkkey0 (type: string)
          outputColumnNames: _col0, _col1, _col2
          Statistics: Num rows: 500 Data size: 5312 Basic stats: COMPLETE Column stats: NONE
          PTF Operator
            Function definitions:
                Input definition
                  input alias: ptf_0
                  output shape: _col0: double, _col1: string, _col2: string
                  type: WINDOWING
                Windowing table definition
                  input alias: ptf_1
                  name: windowingtablefunction
                  order by: _col2 ASC NULLS FIRST
                  partition by: _col2
                  raw input shape:
                  window functions:
                      window function definition
                        alias: avg_window_1
                        arguments: _col2
                        name: avg
                        window function: GenericUDAFAverageEvaluatorDouble
                        window frame: ROWS PRECEDING(MAX)~FOLLOWING(MAX)
            Statistics: Num rows: 500 Data size: 5312 Basic stats: COMPLETE Column stats: NONE
            Select Operator
              expressions: _col1 (type: string), _col0 (type: double), avg_window_1 (type: double)
              outputColumnNames: _col0, _col1, _col2
              Statistics: Num rows: 500 Data size: 5312 Basic stats: COMPLETE Column stats: NONE
              Filter Operator
                predicate: (_col0 > '2') (type: boolean)
                Statistics: Num rows: 166 Data size: 1763 Basic stats: COMPLETE Column stats: NONE
                File Output Operator
                  compressed: false
                  Statistics: Num rows: 166 Data size: 1763 Basic stats: COMPLETE Column stats: NONE
                  table:
                      input format: org.apache.hadoop.mapred.SequenceFileInputFormat
                      output format: org.apache.hadoop.hive.ql.io.HiveSequenceFileOutputFormat
                      serde: org.apache.hadoop.hive.serde2.lazy.LazySimpleSerDe

  Stage: Stage-0
    Fetch Operator
      limit: -1
      Processor Tree:
        ListSink

PREHOOK: query: EXPLAIN select * from (SELECT key, sum(key) over(partition by key + 2) as c1 from src)r1 where key > '2'
PREHOOK: type: QUERY
POSTHOOK: query: EXPLAIN select * from (SELECT key, sum(key) over(partition by key + 2) as c1 from src)r1 where key > '2'
POSTHOOK: type: QUERY
STAGE DEPENDENCIES:
  Stage-1 is a root stage
  Stage-0 depends on stages: Stage-1

STAGE PLANS:
  Stage: Stage-1
    Map Reduce
      Map Operator Tree:
          TableScan
            alias: src
            Statistics: Num rows: 500 Data size: 5312 Basic stats: COMPLETE Column stats: NONE
            Reduce Output Operator
              key expressions: (UDFToDouble(key) + UDFToDouble(2)) (type: double)
              sort order: +
              Map-reduce partition columns: (UDFToDouble(key) + UDFToDouble(2)) (type: double)
              Statistics: Num rows: 500 Data size: 5312 Basic stats: COMPLETE Column stats: NONE
              value expressions: key (type: string)
      Reduce Operator Tree:
        Select Operator
          expressions: VALUE._col0 (type: string)
          outputColumnNames: _col0
          Statistics: Num rows: 500 Data size: 5312 Basic stats: COMPLETE Column stats: NONE
          PTF Operator
            Function definitions:
                Input definition
                  input alias: ptf_0
                  output shape: _col0: string
                  type: WINDOWING
                Windowing table definition
                  input alias: ptf_1
                  name: windowingtablefunction
                  order by: (UDFToDouble(_col0) + UDFToDouble(2)) ASC NULLS FIRST
                  partition by: (UDFToDouble(_col0) + UDFToDouble(2))
                  raw input shape:
                  window functions:
                      window function definition
                        alias: sum_window_0
                        arguments: _col0
                        name: sum
                        window function: GenericUDAFSumDouble
                        window frame: ROWS PRECEDING(MAX)~FOLLOWING(MAX)
            Statistics: Num rows: 500 Data size: 5312 Basic stats: COMPLETE Column stats: NONE
            Select Operator
              expressions: _col0 (type: string), sum_window_0 (type: double)
              outputColumnNames: _col0, _col1
              Statistics: Num rows: 500 Data size: 5312 Basic stats: COMPLETE Column stats: NONE
              Filter Operator
                predicate: (_col0 > '2') (type: boolean)
                Statistics: Num rows: 166 Data size: 1763 Basic stats: COMPLETE Column stats: NONE
                File Output Operator
                  compressed: false
                  Statistics: Num rows: 166 Data size: 1763 Basic stats: COMPLETE Column stats: NONE
                  table:
                      input format: org.apache.hadoop.mapred.SequenceFileInputFormat
                      output format: org.apache.hadoop.hive.ql.io.HiveSequenceFileOutputFormat
                      serde: org.apache.hadoop.hive.serde2.lazy.LazySimpleSerDe

  Stage: Stage-0
    Fetch Operator
      limit: -1
      Processor Tree:
        ListSink

PREHOOK: query: EXPLAIN select * from (SELECT key, sum(key) over(partition by key + value) as c1 from src)r1 where key > '2'
PREHOOK: type: QUERY
POSTHOOK: query: EXPLAIN select * from (SELECT key, sum(key) over(partition by key + value) as c1 from src)r1 where key > '2'
POSTHOOK: type: QUERY
STAGE DEPENDENCIES:
  Stage-1 is a root stage
  Stage-0 depends on stages: Stage-1

STAGE PLANS:
  Stage: Stage-1
    Map Reduce
      Map Operator Tree:
          TableScan
            alias: src
            Statistics: Num rows: 500 Data size: 5312 Basic stats: COMPLETE Column stats: NONE
            Reduce Output Operator
              key expressions: (UDFToDouble(key) + UDFToDouble(value)) (type: double)
              sort order: +
              Map-reduce partition columns: (UDFToDouble(key) + UDFToDouble(value)) (type: double)
              Statistics: Num rows: 500 Data size: 5312 Basic stats: COMPLETE Column stats: NONE
              value expressions: key (type: string), value (type: string)
      Reduce Operator Tree:
        Select Operator
          expressions: VALUE._col0 (type: string), VALUE._col1 (type: string)
          outputColumnNames: _col0, _col1
          Statistics: Num rows: 500 Data size: 5312 Basic stats: COMPLETE Column stats: NONE
          PTF Operator
            Function definitions:
                Input definition
                  input alias: ptf_0
                  output shape: _col0: string, _col1: string
                  type: WINDOWING
                Windowing table definition
                  input alias: ptf_1
                  name: windowingtablefunction
                  order by: (UDFToDouble(_col0) + UDFToDouble(_col1)) ASC NULLS FIRST
                  partition by: (UDFToDouble(_col0) + UDFToDouble(_col1))
                  raw input shape:
                  window functions:
                      window function definition
                        alias: sum_window_0
                        arguments: _col0
                        name: sum
                        window function: GenericUDAFSumDouble
                        window frame: ROWS PRECEDING(MAX)~FOLLOWING(MAX)
            Statistics: Num rows: 500 Data size: 5312 Basic stats: COMPLETE Column stats: NONE
            Select Operator
              expressions: _col0 (type: string), sum_window_0 (type: double)
              outputColumnNames: _col0, _col1
              Statistics: Num rows: 500 Data size: 5312 Basic stats: COMPLETE Column stats: NONE
              Filter Operator
                predicate: (_col0 > '2') (type: boolean)
                Statistics: Num rows: 166 Data size: 1763 Basic stats: COMPLETE Column stats: NONE
                File Output Operator
                  compressed: false
                  Statistics: Num rows: 166 Data size: 1763 Basic stats: COMPLETE Column stats: NONE
                  table:
                      input format: org.apache.hadoop.mapred.SequenceFileInputFormat
                      output format: org.apache.hadoop.hive.ql.io.HiveSequenceFileOutputFormat
                      serde: org.apache.hadoop.hive.serde2.lazy.LazySimpleSerDe

  Stage: Stage-0
    Fetch Operator
      limit: -1
      Processor Tree:
        ListSink

PREHOOK: query: EXPLAIN select * from (SELECT key, value, sum(key) over(partition by key, value) as c1 from src)r1 where (key + value) > '2'
PREHOOK: type: QUERY
POSTHOOK: query: EXPLAIN select * from (SELECT key, value, sum(key) over(partition by key, value) as c1 from src)r1 where (key + value) > '2'
POSTHOOK: type: QUERY
STAGE DEPENDENCIES:
  Stage-1 is a root stage
  Stage-0 depends on stages: Stage-1

STAGE PLANS:
  Stage: Stage-1
    Map Reduce
      Map Operator Tree:
          TableScan
            alias: src
            Statistics: Num rows: 500 Data size: 5312 Basic stats: COMPLETE Column stats: NONE
            Reduce Output Operator
              key expressions: key (type: string), value (type: string)
              sort order: ++
              Map-reduce partition columns: key (type: string), value (type: string)
              Statistics: Num rows: 500 Data size: 5312 Basic stats: COMPLETE Column stats: NONE
      Reduce Operator Tree:
        Select Operator
          expressions: KEY.reducesinkkey0 (type: string), KEY.reducesinkkey1 (type: string)
          outputColumnNames: _col0, _col1
          Statistics: Num rows: 500 Data size: 5312 Basic stats: COMPLETE Column stats: NONE
          PTF Operator
            Function definitions:
                Input definition
                  input alias: ptf_0
                  output shape: _col0: string, _col1: string
                  type: WINDOWING
                Windowing table definition
                  input alias: ptf_1
                  name: windowingtablefunction
                  order by: _col0 ASC NULLS FIRST, _col1 ASC NULLS FIRST
                  partition by: _col0, _col1
                  raw input shape:
                  window functions:
                      window function definition
                        alias: sum_window_0
                        arguments: _col0
                        name: sum
                        window function: GenericUDAFSumDouble
                        window frame: ROWS PRECEDING(MAX)~FOLLOWING(MAX)
            Statistics: Num rows: 500 Data size: 5312 Basic stats: COMPLETE Column stats: NONE
            Select Operator
              expressions: _col0 (type: string), _col1 (type: string), sum_window_0 (type: double)
              outputColumnNames: _col0, _col1, _col2
              Statistics: Num rows: 500 Data size: 5312 Basic stats: COMPLETE Column stats: NONE
              Filter Operator
                predicate: ((UDFToDouble(_col0) + UDFToDouble(_col1)) > 2.0D) (type: boolean)
                Statistics: Num rows: 166 Data size: 1763 Basic stats: COMPLETE Column stats: NONE
                File Output Operator
                  compressed: false
                  Statistics: Num rows: 166 Data size: 1763 Basic stats: COMPLETE Column stats: NONE
                  table:
                      input format: org.apache.hadoop.mapred.SequenceFileInputFormat
                      output format: org.apache.hadoop.hive.ql.io.HiveSequenceFileOutputFormat
                      serde: org.apache.hadoop.hive.serde2.lazy.LazySimpleSerDe

  Stage: Stage-0
    Fetch Operator
      limit: -1
      Processor Tree:
        ListSink

PREHOOK: query: EXPLAIN select * from (SELECT key, value, sum(key) over(partition by key + value) as c1 from src)r1 where (key + value) > '2'
PREHOOK: type: QUERY
POSTHOOK: query: EXPLAIN select * from (SELECT key, value, sum(key) over(partition by key + value) as c1 from src)r1 where (key + value) > '2'
POSTHOOK: type: QUERY
STAGE DEPENDENCIES:
  Stage-1 is a root stage
  Stage-0 depends on stages: Stage-1

STAGE PLANS:
  Stage: Stage-1
    Map Reduce
      Map Operator Tree:
          TableScan
            alias: src
            Statistics: Num rows: 500 Data size: 5312 Basic stats: COMPLETE Column stats: NONE
            Reduce Output Operator
              key expressions: (UDFToDouble(key) + UDFToDouble(value)) (type: double)
              sort order: +
              Map-reduce partition columns: (UDFToDouble(key) + UDFToDouble(value)) (type: double)
              Statistics: Num rows: 500 Data size: 5312 Basic stats: COMPLETE Column stats: NONE
              value expressions: key (type: string), value (type: string)
      Reduce Operator Tree:
        Select Operator
          expressions: VALUE._col0 (type: string), VALUE._col1 (type: string)
          outputColumnNames: _col0, _col1
          Statistics: Num rows: 500 Data size: 5312 Basic stats: COMPLETE Column stats: NONE
          PTF Operator
            Function definitions:
                Input definition
                  input alias: ptf_0
                  output shape: _col0: string, _col1: string
                  type: WINDOWING
                Windowing table definition
                  input alias: ptf_1
                  name: windowingtablefunction
                  order by: (UDFToDouble(_col0) + UDFToDouble(_col1)) ASC NULLS FIRST
                  partition by: (UDFToDouble(_col0) + UDFToDouble(_col1))
                  raw input shape:
                  window functions:
                      window function definition
                        alias: sum_window_0
                        arguments: _col0
                        name: sum
                        window function: GenericUDAFSumDouble
                        window frame: ROWS PRECEDING(MAX)~FOLLOWING(MAX)
            Statistics: Num rows: 500 Data size: 5312 Basic stats: COMPLETE Column stats: NONE
            Select Operator
              expressions: _col0 (type: string), _col1 (type: string), sum_window_0 (type: double)
              outputColumnNames: _col0, _col1, _col2
              Statistics: Num rows: 500 Data size: 5312 Basic stats: COMPLETE Column stats: NONE
              Filter Operator
                predicate: ((UDFToDouble(_col0) + UDFToDouble(_col1)) > 2.0D) (type: boolean)
                Statistics: Num rows: 166 Data size: 1763 Basic stats: COMPLETE Column stats: NONE
                File Output Operator
                  compressed: false
                  Statistics: Num rows: 166 Data size: 1763 Basic stats: COMPLETE Column stats: NONE
                  table:
                      input format: org.apache.hadoop.mapred.SequenceFileInputFormat
                      output format: org.apache.hadoop.hive.ql.io.HiveSequenceFileOutputFormat
                      serde: org.apache.hadoop.hive.serde2.lazy.LazySimpleSerDe

  Stage: Stage-0
    Fetch Operator
      limit: -1
      Processor Tree:
        ListSink

PREHOOK: query: EXPLAIN select * from (SELECT (cast(key as int))+(cast(value as int)) as key, sum(key) over(partition by key) as c1 from src)r1 where key > 2
PREHOOK: type: QUERY
POSTHOOK: query: EXPLAIN select * from (SELECT (cast(key as int))+(cast(value as int)) as key, sum(key) over(partition by key) as c1 from src)r1 where key > 2
POSTHOOK: type: QUERY
STAGE DEPENDENCIES:
  Stage-1 is a root stage
  Stage-0 depends on stages: Stage-1

STAGE PLANS:
  Stage: Stage-1
    Map Reduce
      Map Operator Tree:
          TableScan
            alias: src
            Statistics: Num rows: 500 Data size: 5312 Basic stats: COMPLETE Column stats: NONE
            Reduce Output Operator
              key expressions: key (type: string)
              sort order: +
              Map-reduce partition columns: key (type: string)
              Statistics: Num rows: 500 Data size: 5312 Basic stats: COMPLETE Column stats: NONE
              value expressions: value (type: string)
      Reduce Operator Tree:
        Select Operator
          expressions: KEY.reducesinkkey0 (type: string), VALUE._col0 (type: string)
          outputColumnNames: _col0, _col1
          Statistics: Num rows: 500 Data size: 5312 Basic stats: COMPLETE Column stats: NONE
          PTF Operator
            Function definitions:
                Input definition
                  input alias: ptf_0
                  output shape: _col0: string, _col1: string
                  type: WINDOWING
                Windowing table definition
                  input alias: ptf_1
                  name: windowingtablefunction
                  order by: _col0 ASC NULLS FIRST
                  partition by: _col0
                  raw input shape:
                  window functions:
                      window function definition
                        alias: sum_window_0
                        arguments: _col0
                        name: sum
                        window function: GenericUDAFSumDouble
                        window frame: ROWS PRECEDING(MAX)~FOLLOWING(MAX)
            Statistics: Num rows: 500 Data size: 5312 Basic stats: COMPLETE Column stats: NONE
            Select Operator
              expressions: _col0 (type: string), _col1 (type: string), sum_window_0 (type: double)
              outputColumnNames: _col0, _col1, _col2
              Statistics: Num rows: 500 Data size: 5312 Basic stats: COMPLETE Column stats: NONE
              Filter Operator
                predicate: ((UDFToInteger(_col0) + UDFToInteger(_col1)) > 2) (type: boolean)
                Statistics: Num rows: 166 Data size: 1763 Basic stats: COMPLETE Column stats: NONE
                Select Operator
                  expressions: (UDFToInteger(_col0) + UDFToInteger(_col1)) (type: int), _col2 (type: double)
                  outputColumnNames: _col0, _col1
                  Statistics: Num rows: 166 Data size: 1763 Basic stats: COMPLETE Column stats: NONE
                  File Output Operator
                    compressed: false
                    Statistics: Num rows: 166 Data size: 1763 Basic stats: COMPLETE Column stats: NONE
                    table:
                        input format: org.apache.hadoop.mapred.SequenceFileInputFormat
                        output format: org.apache.hadoop.hive.ql.io.HiveSequenceFileOutputFormat
                        serde: org.apache.hadoop.hive.serde2.lazy.LazySimpleSerDe

  Stage: Stage-0
    Fetch Operator
      limit: -1
      Processor Tree:
        ListSink

