PREHOOK: query: EXPLAIN
SELECT max(src1.c1), src1.c2 
FROM
(SELECT src.value AS c1, count(src.key) AS c2 FROM src WHERE src.value > 'val_10' GROUP BY src.value) src1
WHERE src1.c1 > 'val_200' AND (src1.c2 > 30 OR src1.c1 < 'val_400')
GROUP BY src1.c2
PREHOOK: type: QUERY
POSTHOOK: query: EXPLAIN
SELECT max(src1.c1), src1.c2 
FROM
(SELECT src.value AS c1, count(src.key) AS c2 FROM src WHERE src.value > 'val_10' GROUP BY src.value) src1
WHERE src1.c1 > 'val_200' AND (src1.c2 > 30 OR src1.c1 < 'val_400')
GROUP BY src1.c2
POSTHOOK: type: QUERY
STAGE DEPENDENCIES:
  Stage-1 is a root stage
  Stage-2 depends on stages: Stage-1
  Stage-0 depends on stages: Stage-2

STAGE PLANS:
  Stage: Stage-1
    Map Reduce
      Map Operator Tree:
          TableScan
            alias: src
            Statistics: Num rows: 500 Data size: 5312 Basic stats: COMPLETE Column stats: NONE
            Filter Operator
              predicate: (value > 'val_200') (type: boolean)
              Statistics: Num rows: 166 Data size: 1763 Basic stats: COMPLETE Column stats: NONE
              Group By Operator
                aggregations: count(key)
                keys: value (type: string)
                mode: hash
                outputColumnNames: _col0, _col1
                Statistics: Num rows: 166 Data size: 1763 Basic stats: COMPLETE Column stats: NONE
                Reduce Output Operator
                  key expressions: _col0 (type: string)
                  sort order: +
                  Map-reduce partition columns: _col0 (type: string)
                  Statistics: Num rows: 166 Data size: 1763 Basic stats: COMPLETE Column stats: NONE
                  value expressions: _col1 (type: bigint)
      Execution mode: vectorized
      Reduce Operator Tree:
        Group By Operator
          aggregations: count(VALUE._col0)
          keys: KEY._col0 (type: string)
          mode: mergepartial
          outputColumnNames: _col0, _col1
          Statistics: Num rows: 83 Data size: 881 Basic stats: COMPLETE Column stats: NONE
          Filter Operator
            predicate: ((_col0 < 'val_400') or (_col1 > 30L)) (type: boolean)
            Statistics: Num rows: 54 Data size: 573 Basic stats: COMPLETE Column stats: NONE
            Group By Operator
              aggregations: max(_col0)
              keys: _col1 (type: bigint)
              mode: hash
              outputColumnNames: _col0, _col1
              Statistics: Num rows: 54 Data size: 573 Basic stats: COMPLETE Column stats: NONE
              File Output Operator
                compressed: false
                table:
                    input format: org.apache.hadoop.mapred.SequenceFileInputFormat
                    output format: org.apache.hadoop.hive.ql.io.HiveSequenceFileOutputFormat
                    serde: org.apache.hadoop.hive.serde2.lazybinary.LazyBinarySerDe

  Stage: Stage-2
    Map Reduce
      Map Operator Tree:
          TableScan
            Reduce Output Operator
              key expressions: _col0 (type: bigint)
              sort order: +
              Map-reduce partition columns: _col0 (type: bigint)
              Statistics: Num rows: 54 Data size: 573 Basic stats: COMPLETE Column stats: NONE
              value expressions: _col1 (type: string)
      Execution mode: vectorized
      Reduce Operator Tree:
        Group By Operator
          aggregations: max(VALUE._col0)
          keys: KEY._col0 (type: bigint)
          mode: mergepartial
          outputColumnNames: _col0, _col1
          Statistics: Num rows: 27 Data size: 286 Basic stats: COMPLETE Column stats: NONE
          Select Operator
            expressions: _col1 (type: string), _col0 (type: bigint)
            outputColumnNames: _col0, _col1
            Statistics: Num rows: 27 Data size: 286 Basic stats: COMPLETE Column stats: NONE
            File Output Operator
              compressed: false
              Statistics: Num rows: 27 Data size: 286 Basic stats: COMPLETE Column stats: NONE
              table:
                  input format: org.apache.hadoop.mapred.SequenceFileInputFormat
                  output format: org.apache.hadoop.hive.ql.io.HiveSequenceFileOutputFormat
                  serde: org.apache.hadoop.hive.serde2.lazy.LazySimpleSerDe

  Stage: Stage-0
    Fetch Operator
      limit: -1
      Processor Tree:
        ListSink

PREHOOK: query: SELECT max(src1.c1), src1.c2 
FROM
(SELECT src.value AS c1, count(src.key) AS c2 FROM src WHERE src.value > 'val_10' GROUP BY src.value) src1
WHERE src1.c1 > 'val_200' AND (src1.c2 > 30 OR src1.c1 < 'val_400')
GROUP BY src1.c2
PREHOOK: type: QUERY
PREHOOK: Input: default@src
#### A masked pattern was here ####
POSTHOOK: query: SELECT max(src1.c1), src1.c2 
FROM
(SELECT src.value AS c1, count(src.key) AS c2 FROM src WHERE src.value > 'val_10' GROUP BY src.value) src1
WHERE src1.c1 > 'val_200' AND (src1.c2 > 30 OR src1.c1 < 'val_400')
GROUP BY src1.c2
POSTHOOK: type: QUERY
POSTHOOK: Input: default@src
#### A masked pattern was here ####
val_4	1
val_399	2
val_396	3
val_277	4
val_348	5
PREHOOK: query: EXPLAIN
SELECT max(src1.c1), src1.c2 
FROM
(SELECT src.value AS c1, count(src.key) AS c2 FROM src WHERE src.value > 'val_10' GROUP BY src.value) src1
WHERE src1.c1 > 'val_200' AND (src1.c2 > 30 OR src1.c1 < 'val_400')
GROUP BY src1.c2
PREHOOK: type: QUERY
POSTHOOK: query: EXPLAIN
SELECT max(src1.c1), src1.c2 
FROM
(SELECT src.value AS c1, count(src.key) AS c2 FROM src WHERE src.value > 'val_10' GROUP BY src.value) src1
WHERE src1.c1 > 'val_200' AND (src1.c2 > 30 OR src1.c1 < 'val_400')
GROUP BY src1.c2
POSTHOOK: type: QUERY
STAGE DEPENDENCIES:
  Stage-1 is a root stage
  Stage-2 depends on stages: Stage-1
  Stage-0 depends on stages: Stage-2

STAGE PLANS:
  Stage: Stage-1
    Map Reduce
      Map Operator Tree:
          TableScan
            alias: src
            Statistics: Num rows: 500 Data size: 5312 Basic stats: COMPLETE Column stats: NONE
            Filter Operator
              predicate: (value > 'val_200') (type: boolean)
              Statistics: Num rows: 166 Data size: 1763 Basic stats: COMPLETE Column stats: NONE
              Group By Operator
                aggregations: count(key)
                keys: value (type: string)
                mode: hash
                outputColumnNames: _col0, _col1
                Statistics: Num rows: 166 Data size: 1763 Basic stats: COMPLETE Column stats: NONE
                Reduce Output Operator
                  key expressions: _col0 (type: string)
                  sort order: +
                  Map-reduce partition columns: _col0 (type: string)
                  Statistics: Num rows: 166 Data size: 1763 Basic stats: COMPLETE Column stats: NONE
                  value expressions: _col1 (type: bigint)
      Execution mode: vectorized
      Reduce Operator Tree:
        Group By Operator
          aggregations: count(VALUE._col0)
          keys: KEY._col0 (type: string)
          mode: mergepartial
          outputColumnNames: _col0, _col1
          Statistics: Num rows: 83 Data size: 881 Basic stats: COMPLETE Column stats: NONE
          Filter Operator
            predicate: ((_col0 < 'val_400') or (_col1 > 30L)) (type: boolean)
            Statistics: Num rows: 54 Data size: 573 Basic stats: COMPLETE Column stats: NONE
            Group By Operator
              aggregations: max(_col0)
              keys: _col1 (type: bigint)
              mode: hash
              outputColumnNames: _col0, _col1
              Statistics: Num rows: 54 Data size: 573 Basic stats: COMPLETE Column stats: NONE
              File Output Operator
                compressed: false
                table:
                    input format: org.apache.hadoop.mapred.SequenceFileInputFormat
                    output format: org.apache.hadoop.hive.ql.io.HiveSequenceFileOutputFormat
                    serde: org.apache.hadoop.hive.serde2.lazybinary.LazyBinarySerDe

  Stage: Stage-2
    Map Reduce
      Map Operator Tree:
          TableScan
            Reduce Output Operator
              key expressions: _col0 (type: bigint)
              sort order: +
              Map-reduce partition columns: _col0 (type: bigint)
              Statistics: Num rows: 54 Data size: 573 Basic stats: COMPLETE Column stats: NONE
              value expressions: _col1 (type: string)
      Execution mode: vectorized
      Reduce Operator Tree:
        Group By Operator
          aggregations: max(VALUE._col0)
          keys: KEY._col0 (type: bigint)
          mode: mergepartial
          outputColumnNames: _col0, _col1
          Statistics: Num rows: 27 Data size: 286 Basic stats: COMPLETE Column stats: NONE
          Select Operator
            expressions: _col1 (type: string), _col0 (type: bigint)
            outputColumnNames: _col0, _col1
            Statistics: Num rows: 27 Data size: 286 Basic stats: COMPLETE Column stats: NONE
            File Output Operator
              compressed: false
              Statistics: Num rows: 27 Data size: 286 Basic stats: COMPLETE Column stats: NONE
              table:
                  input format: org.apache.hadoop.mapred.SequenceFileInputFormat
                  output format: org.apache.hadoop.hive.ql.io.HiveSequenceFileOutputFormat
                  serde: org.apache.hadoop.hive.serde2.lazy.LazySimpleSerDe

  Stage: Stage-0
    Fetch Operator
      limit: -1
      Processor Tree:
        ListSink

PREHOOK: query: SELECT max(src1.c1), src1.c2 
FROM
(SELECT src.value AS c1, count(src.key) AS c2 FROM src WHERE src.value > 'val_10' GROUP BY src.value) src1
WHERE src1.c1 > 'val_200' AND (src1.c2 > 30 OR src1.c1 < 'val_400')
GROUP BY src1.c2
PREHOOK: type: QUERY
PREHOOK: Input: default@src
#### A masked pattern was here ####
POSTHOOK: query: SELECT max(src1.c1), src1.c2 
FROM
(SELECT src.value AS c1, count(src.key) AS c2 FROM src WHERE src.value > 'val_10' GROUP BY src.value) src1
WHERE src1.c1 > 'val_200' AND (src1.c2 > 30 OR src1.c1 < 'val_400')
GROUP BY src1.c2
POSTHOOK: type: QUERY
POSTHOOK: Input: default@src
#### A masked pattern was here ####
val_4	1
val_399	2
val_396	3
val_277	4
val_348	5
