PREHOOK: query: explain extended select a.key, b.k2, b.k3
from src a
join (
select key,
min(key) as k,
min(key)+1 as k1,
min(key)+2 as k2,
min(key)+3 as k3
from src
group by key
) b
on a.key=b.key and b.k1 < 5
PREHOOK: type: QUERY
POSTHOOK: query: explain extended select a.key, b.k2, b.k3
from src a
join (
select key,
min(key) as k,
min(key)+1 as k1,
min(key)+2 as k2,
min(key)+3 as k3
from src
group by key
) b
on a.key=b.key and b.k1 < 5
POSTHOOK: type: QUERY
STAGE DEPENDENCIES:
  Stage-2 is a root stage
  Stage-1 depends on stages: Stage-2
  Stage-0 depends on stages: Stage-1

STAGE PLANS:
  Stage: Stage-2
    Map Reduce
      Map Operator Tree:
          TableScan
            alias: src
            Statistics: Num rows: 500 Data size: 5312 Basic stats: COMPLETE Column stats: NONE
            GatherStats: false
            Filter Operator
              isSamplingPred: false
              predicate: key is not null (type: boolean)
              Statistics: Num rows: 500 Data size: 5312 Basic stats: COMPLETE Column stats: NONE
              Group By Operator
                aggregations: min(key)
                keys: key (type: string)
                mode: hash
                outputColumnNames: _col0, _col1
                Statistics: Num rows: 500 Data size: 5312 Basic stats: COMPLETE Column stats: NONE
                Reduce Output Operator
                  key expressions: _col0 (type: string)
                  null sort order: a
                  sort order: +
                  Map-reduce partition columns: _col0 (type: string)
                  Statistics: Num rows: 500 Data size: 5312 Basic stats: COMPLETE Column stats: NONE
                  tag: -1
                  value expressions: _col1 (type: string)
                  auto parallelism: false
      Path -> Alias:
#### A masked pattern was here ####
      Path -> Partition:
#### A masked pattern was here ####
          Partition
            base file name: src
            input format: org.apache.hadoop.mapred.TextInputFormat
            output format: org.apache.hadoop.hive.ql.io.HiveIgnoreKeyTextOutputFormat
            properties:
              COLUMN_STATS_ACCURATE {"BASIC_STATS":"true","COLUMN_STATS":{"key":"true","value":"true"}}
              bucket_count -1
              column.name.delimiter ,
              columns key,value
              columns.comments 'default','default'
              columns.types string:string
#### A masked pattern was here ####
              name default.src
              numFiles 1
              numRows 500
              rawDataSize 5312
              serialization.ddl struct src { string key, string value}
              serialization.format 1
              serialization.lib org.apache.hadoop.hive.serde2.lazy.LazySimpleSerDe
              totalSize 5812
#### A masked pattern was here ####
            serde: org.apache.hadoop.hive.serde2.lazy.LazySimpleSerDe
          
              input format: org.apache.hadoop.mapred.TextInputFormat
              output format: org.apache.hadoop.hive.ql.io.HiveIgnoreKeyTextOutputFormat
              properties:
                COLUMN_STATS_ACCURATE {"BASIC_STATS":"true","COLUMN_STATS":{"key":"true","value":"true"}}
                bucket_count -1
                column.name.delimiter ,
                columns key,value
                columns.comments 'default','default'
                columns.types string:string
#### A masked pattern was here ####
                name default.src
                numFiles 1
                numRows 500
                rawDataSize 5312
                serialization.ddl struct src { string key, string value}
                serialization.format 1
                serialization.lib org.apache.hadoop.hive.serde2.lazy.LazySimpleSerDe
                totalSize 5812
#### A masked pattern was here ####
              serde: org.apache.hadoop.hive.serde2.lazy.LazySimpleSerDe
              name: default.src
            name: default.src
      Truncated Path -> Alias:
        /src [$hdt$_1:src]
      Needs Tagging: false
      Reduce Operator Tree:
        Group By Operator
          aggregations: min(VALUE._col0)
          keys: KEY._col0 (type: string)
          mode: mergepartial
          outputColumnNames: _col0, _col1
          Statistics: Num rows: 250 Data size: 2656 Basic stats: COMPLETE Column stats: NONE
          Filter Operator
            isSamplingPred: false
            predicate: ((UDFToDouble(_col1) + 1.0) < 5.0) (type: boolean)
            Statistics: Num rows: 83 Data size: 881 Basic stats: COMPLETE Column stats: NONE
            Select Operator
              expressions: _col0 (type: string), (UDFToDouble(_col1) + 2.0) (type: double), (UDFToDouble(_col1) + 3.0) (type: double)
              outputColumnNames: _col0, _col1, _col2
              Statistics: Num rows: 83 Data size: 881 Basic stats: COMPLETE Column stats: NONE
              File Output Operator
                compressed: false
                GlobalTableId: 0
#### A masked pattern was here ####
                NumFilesPerFileSink: 1
                table:
                    input format: org.apache.hadoop.mapred.SequenceFileInputFormat
                    output format: org.apache.hadoop.hive.ql.io.HiveSequenceFileOutputFormat
                    properties:
                      column.name.delimiter ,
                      columns _col0,_col1,_col2
                      columns.types string,double,double
                      escape.delim \
                      serialization.lib org.apache.hadoop.hive.serde2.lazybinary.LazyBinarySerDe
                    serde: org.apache.hadoop.hive.serde2.lazybinary.LazyBinarySerDe
                TotalFiles: 1
                GatherStats: false
                MultiFileSpray: false

  Stage: Stage-1
    Map Reduce
      Map Operator Tree:
          TableScan
            alias: a
            Statistics: Num rows: 500 Data size: 5312 Basic stats: COMPLETE Column stats: NONE
            GatherStats: false
            Filter Operator
              isSamplingPred: false
              predicate: key is not null (type: boolean)
              Statistics: Num rows: 500 Data size: 5312 Basic stats: COMPLETE Column stats: NONE
              Select Operator
                expressions: key (type: string)
                outputColumnNames: _col0
                Statistics: Num rows: 500 Data size: 5312 Basic stats: COMPLETE Column stats: NONE
                Reduce Output Operator
                  key expressions: _col0 (type: string)
                  null sort order: a
                  sort order: +
                  Map-reduce partition columns: _col0 (type: string)
                  Statistics: Num rows: 500 Data size: 5312 Basic stats: COMPLETE Column stats: NONE
                  tag: 0
                  auto parallelism: false
          TableScan
            GatherStats: false
            Reduce Output Operator
              key expressions: _col0 (type: string)
              null sort order: a
              sort order: +
              Map-reduce partition columns: _col0 (type: string)
              Statistics: Num rows: 83 Data size: 881 Basic stats: COMPLETE Column stats: NONE
              tag: 1
              value expressions: _col1 (type: double), _col2 (type: double)
              auto parallelism: false
      Path -> Alias:
#### A masked pattern was here ####
      Path -> Partition:
#### A masked pattern was here ####
          Partition
            base file name: -mr-10004
            input format: org.apache.hadoop.mapred.SequenceFileInputFormat
            output format: org.apache.hadoop.hive.ql.io.HiveSequenceFileOutputFormat
            properties:
              column.name.delimiter ,
              columns _col0,_col1,_col2
              columns.types string,double,double
              escape.delim \
              serialization.lib org.apache.hadoop.hive.serde2.lazybinary.LazyBinarySerDe
            serde: org.apache.hadoop.hive.serde2.lazybinary.LazyBinarySerDe
          
              input format: org.apache.hadoop.mapred.SequenceFileInputFormat
              output format: org.apache.hadoop.hive.ql.io.HiveSequenceFileOutputFormat
              properties:
                column.name.delimiter ,
                columns _col0,_col1,_col2
                columns.types string,double,double
                escape.delim \
                serialization.lib org.apache.hadoop.hive.serde2.lazybinary.LazyBinarySerDe
              serde: org.apache.hadoop.hive.serde2.lazybinary.LazyBinarySerDe
#### A masked pattern was here ####
          Partition
            base file name: src
            input format: org.apache.hadoop.mapred.TextInputFormat
            output format: org.apache.hadoop.hive.ql.io.HiveIgnoreKeyTextOutputFormat
            properties:
              COLUMN_STATS_ACCURATE {"BASIC_STATS":"true","COLUMN_STATS":{"key":"true","value":"true"}}
              bucket_count -1
              column.name.delimiter ,
              columns key,value
              columns.comments 'default','default'
              columns.types string:string
#### A masked pattern was here ####
              name default.src
              numFiles 1
              numRows 500
              rawDataSize 5312
              serialization.ddl struct src { string key, string value}
              serialization.format 1
              serialization.lib org.apache.hadoop.hive.serde2.lazy.LazySimpleSerDe
              totalSize 5812
#### A masked pattern was here ####
            serde: org.apache.hadoop.hive.serde2.lazy.LazySimpleSerDe
          
              input format: org.apache.hadoop.mapred.TextInputFormat
              output format: org.apache.hadoop.hive.ql.io.HiveIgnoreKeyTextOutputFormat
              properties:
                COLUMN_STATS_ACCURATE {"BASIC_STATS":"true","COLUMN_STATS":{"key":"true","value":"true"}}
                bucket_count -1
                column.name.delimiter ,
                columns key,value
                columns.comments 'default','default'
                columns.types string:string
#### A masked pattern was here ####
                name default.src
                numFiles 1
                numRows 500
                rawDataSize 5312
                serialization.ddl struct src { string key, string value}
                serialization.format 1
                serialization.lib org.apache.hadoop.hive.serde2.lazy.LazySimpleSerDe
                totalSize 5812
#### A masked pattern was here ####
              serde: org.apache.hadoop.hive.serde2.lazy.LazySimpleSerDe
              name: default.src
            name: default.src
      Truncated Path -> Alias:
        /src [$hdt$_0:a]
#### A masked pattern was here ####
      Needs Tagging: true
      Reduce Operator Tree:
        Join Operator
          condition map:
               Inner Join 0 to 1
          keys:
            0 _col0 (type: string)
            1 _col0 (type: string)
          outputColumnNames: _col0, _col2, _col3
          Statistics: Num rows: 550 Data size: 5843 Basic stats: COMPLETE Column stats: NONE
          Select Operator
            expressions: _col0 (type: string), _col2 (type: double), _col3 (type: double)
            outputColumnNames: _col0, _col1, _col2
            Statistics: Num rows: 550 Data size: 5843 Basic stats: COMPLETE Column stats: NONE
            File Output Operator
              compressed: false
              GlobalTableId: 0
#### A masked pattern was here ####
              NumFilesPerFileSink: 1
              Statistics: Num rows: 550 Data size: 5843 Basic stats: COMPLETE Column stats: NONE
#### A masked pattern was here ####
              table:
                  input format: org.apache.hadoop.mapred.SequenceFileInputFormat
                  output format: org.apache.hadoop.hive.ql.io.HiveSequenceFileOutputFormat
                  properties:
                    columns _col0,_col1,_col2
                    columns.types string:double:double
                    escape.delim \
                    hive.serialization.extend.additional.nesting.levels true
                    serialization.escape.crlf true
                    serialization.format 1
                    serialization.lib org.apache.hadoop.hive.serde2.lazy.LazySimpleSerDe
                  serde: org.apache.hadoop.hive.serde2.lazy.LazySimpleSerDe
              TotalFiles: 1
              GatherStats: false
              MultiFileSpray: false

  Stage: Stage-0
    Fetch Operator
      limit: -1
      Processor Tree:
        ListSink

PREHOOK: query: select a.key, b.k2, b.k3
from src a
join (
select key,
min(key) as k,
min(key)+1 as k1,
min(key)+2 as k2,
min(key)+3 as k3
from src
group by key
) b
on a.key=b.key and b.k1 < 5
PREHOOK: type: QUERY
PREHOOK: Input: default@src
#### A masked pattern was here ####
POSTHOOK: query: select a.key, b.k2, b.k3
from src a
join (
select key,
min(key) as k,
min(key)+1 as k1,
min(key)+2 as k2,
min(key)+3 as k3
from src
group by key
) b
on a.key=b.key and b.k1 < 5
POSTHOOK: type: QUERY
POSTHOOK: Input: default@src
#### A masked pattern was here ####
0	2.0	3.0
0	2.0	3.0
0	2.0	3.0
2	4.0	5.0
PREHOOK: query: explain extended select a.key, b.k2, b.k3
from src a
join (
select key,
min(key) as k,
min(key)+1 as k1,
min(key)+2 as k2,
min(key)+3 as k3
from src
group by key
) b
on a.key=b.key and b.k1 < 5
PREHOOK: type: QUERY
POSTHOOK: query: explain extended select a.key, b.k2, b.k3
from src a
join (
select key,
min(key) as k,
min(key)+1 as k1,
min(key)+2 as k2,
min(key)+3 as k3
from src
group by key
) b
on a.key=b.key and b.k1 < 5
POSTHOOK: type: QUERY
STAGE DEPENDENCIES:
  Stage-2 is a root stage
  Stage-1 depends on stages: Stage-2
  Stage-0 depends on stages: Stage-1

STAGE PLANS:
  Stage: Stage-2
    Map Reduce
      Map Operator Tree:
          TableScan
            alias: src
            Statistics: Num rows: 500 Data size: 5312 Basic stats: COMPLETE Column stats: NONE
            GatherStats: false
            Filter Operator
              isSamplingPred: false
              predicate: key is not null (type: boolean)
              Statistics: Num rows: 500 Data size: 5312 Basic stats: COMPLETE Column stats: NONE
              Group By Operator
                aggregations: min(key)
                keys: key (type: string)
                mode: hash
                outputColumnNames: _col0, _col1
                Statistics: Num rows: 500 Data size: 5312 Basic stats: COMPLETE Column stats: NONE
                Reduce Output Operator
                  key expressions: _col0 (type: string)
                  null sort order: a
                  sort order: +
                  Map-reduce partition columns: _col0 (type: string)
                  Statistics: Num rows: 500 Data size: 5312 Basic stats: COMPLETE Column stats: NONE
                  tag: -1
                  value expressions: _col1 (type: string)
                  auto parallelism: false
      Path -> Alias:
#### A masked pattern was here ####
      Path -> Partition:
#### A masked pattern was here ####
          Partition
            base file name: src
            input format: org.apache.hadoop.mapred.TextInputFormat
            output format: org.apache.hadoop.hive.ql.io.HiveIgnoreKeyTextOutputFormat
            properties:
              COLUMN_STATS_ACCURATE {"BASIC_STATS":"true","COLUMN_STATS":{"key":"true","value":"true"}}
              bucket_count -1
              column.name.delimiter ,
              columns key,value
              columns.comments 'default','default'
              columns.types string:string
#### A masked pattern was here ####
              name default.src
              numFiles 1
              numRows 500
              rawDataSize 5312
              serialization.ddl struct src { string key, string value}
              serialization.format 1
              serialization.lib org.apache.hadoop.hive.serde2.lazy.LazySimpleSerDe
              totalSize 5812
#### A masked pattern was here ####
            serde: org.apache.hadoop.hive.serde2.lazy.LazySimpleSerDe
          
              input format: org.apache.hadoop.mapred.TextInputFormat
              output format: org.apache.hadoop.hive.ql.io.HiveIgnoreKeyTextOutputFormat
              properties:
                COLUMN_STATS_ACCURATE {"BASIC_STATS":"true","COLUMN_STATS":{"key":"true","value":"true"}}
                bucket_count -1
                column.name.delimiter ,
                columns key,value
                columns.comments 'default','default'
                columns.types string:string
#### A masked pattern was here ####
                name default.src
                numFiles 1
                numRows 500
                rawDataSize 5312
                serialization.ddl struct src { string key, string value}
                serialization.format 1
                serialization.lib org.apache.hadoop.hive.serde2.lazy.LazySimpleSerDe
                totalSize 5812
#### A masked pattern was here ####
              serde: org.apache.hadoop.hive.serde2.lazy.LazySimpleSerDe
              name: default.src
            name: default.src
      Truncated Path -> Alias:
        /src [$hdt$_1:src]
      Needs Tagging: false
      Reduce Operator Tree:
        Group By Operator
          aggregations: min(VALUE._col0)
          keys: KEY._col0 (type: string)
          mode: mergepartial
          outputColumnNames: _col0, _col1
          Statistics: Num rows: 250 Data size: 2656 Basic stats: COMPLETE Column stats: NONE
          Filter Operator
            isSamplingPred: false
            predicate: ((UDFToDouble(_col1) + 1.0) < 5.0) (type: boolean)
            Statistics: Num rows: 83 Data size: 881 Basic stats: COMPLETE Column stats: NONE
            Select Operator
              expressions: _col0 (type: string), (UDFToDouble(_col1) + 2.0) (type: double), (UDFToDouble(_col1) + 3.0) (type: double)
              outputColumnNames: _col0, _col1, _col2
              Statistics: Num rows: 83 Data size: 881 Basic stats: COMPLETE Column stats: NONE
              File Output Operator
                compressed: false
                GlobalTableId: 0
#### A masked pattern was here ####
                NumFilesPerFileSink: 1
                table:
                    input format: org.apache.hadoop.mapred.SequenceFileInputFormat
                    output format: org.apache.hadoop.hive.ql.io.HiveSequenceFileOutputFormat
                    properties:
                      column.name.delimiter ,
                      columns _col0,_col1,_col2
                      columns.types string,double,double
                      escape.delim \
                      serialization.lib org.apache.hadoop.hive.serde2.lazybinary.LazyBinarySerDe
                    serde: org.apache.hadoop.hive.serde2.lazybinary.LazyBinarySerDe
                TotalFiles: 1
                GatherStats: false
                MultiFileSpray: false

  Stage: Stage-1
    Map Reduce
      Map Operator Tree:
          TableScan
            alias: a
            Statistics: Num rows: 500 Data size: 5312 Basic stats: COMPLETE Column stats: NONE
            GatherStats: false
            Filter Operator
              isSamplingPred: false
              predicate: key is not null (type: boolean)
              Statistics: Num rows: 500 Data size: 5312 Basic stats: COMPLETE Column stats: NONE
              Select Operator
                expressions: key (type: string)
                outputColumnNames: _col0
                Statistics: Num rows: 500 Data size: 5312 Basic stats: COMPLETE Column stats: NONE
                Reduce Output Operator
                  key expressions: _col0 (type: string)
                  null sort order: a
                  sort order: +
                  Map-reduce partition columns: _col0 (type: string)
                  Statistics: Num rows: 500 Data size: 5312 Basic stats: COMPLETE Column stats: NONE
                  tag: 0
                  auto parallelism: false
          TableScan
            GatherStats: false
            Reduce Output Operator
              key expressions: _col0 (type: string)
              null sort order: a
              sort order: +
              Map-reduce partition columns: _col0 (type: string)
              Statistics: Num rows: 83 Data size: 881 Basic stats: COMPLETE Column stats: NONE
              tag: 1
              value expressions: _col1 (type: double), _col2 (type: double)
              auto parallelism: false
      Path -> Alias:
#### A masked pattern was here ####
      Path -> Partition:
#### A masked pattern was here ####
          Partition
            base file name: -mr-10004
            input format: org.apache.hadoop.mapred.SequenceFileInputFormat
            output format: org.apache.hadoop.hive.ql.io.HiveSequenceFileOutputFormat
            properties:
              column.name.delimiter ,
              columns _col0,_col1,_col2
              columns.types string,double,double
              escape.delim \
              serialization.lib org.apache.hadoop.hive.serde2.lazybinary.LazyBinarySerDe
            serde: org.apache.hadoop.hive.serde2.lazybinary.LazyBinarySerDe
          
              input format: org.apache.hadoop.mapred.SequenceFileInputFormat
              output format: org.apache.hadoop.hive.ql.io.HiveSequenceFileOutputFormat
              properties:
                column.name.delimiter ,
                columns _col0,_col1,_col2
                columns.types string,double,double
                escape.delim \
                serialization.lib org.apache.hadoop.hive.serde2.lazybinary.LazyBinarySerDe
              serde: org.apache.hadoop.hive.serde2.lazybinary.LazyBinarySerDe
#### A masked pattern was here ####
          Partition
            base file name: src
            input format: org.apache.hadoop.mapred.TextInputFormat
            output format: org.apache.hadoop.hive.ql.io.HiveIgnoreKeyTextOutputFormat
            properties:
              COLUMN_STATS_ACCURATE {"BASIC_STATS":"true","COLUMN_STATS":{"key":"true","value":"true"}}
              bucket_count -1
              column.name.delimiter ,
              columns key,value
              columns.comments 'default','default'
              columns.types string:string
#### A masked pattern was here ####
              name default.src
              numFiles 1
              numRows 500
              rawDataSize 5312
              serialization.ddl struct src { string key, string value}
              serialization.format 1
              serialization.lib org.apache.hadoop.hive.serde2.lazy.LazySimpleSerDe
              totalSize 5812
#### A masked pattern was here ####
            serde: org.apache.hadoop.hive.serde2.lazy.LazySimpleSerDe
          
              input format: org.apache.hadoop.mapred.TextInputFormat
              output format: org.apache.hadoop.hive.ql.io.HiveIgnoreKeyTextOutputFormat
              properties:
                COLUMN_STATS_ACCURATE {"BASIC_STATS":"true","COLUMN_STATS":{"key":"true","value":"true"}}
                bucket_count -1
                column.name.delimiter ,
                columns key,value
                columns.comments 'default','default'
                columns.types string:string
#### A masked pattern was here ####
                name default.src
                numFiles 1
                numRows 500
                rawDataSize 5312
                serialization.ddl struct src { string key, string value}
                serialization.format 1
                serialization.lib org.apache.hadoop.hive.serde2.lazy.LazySimpleSerDe
                totalSize 5812
#### A masked pattern was here ####
              serde: org.apache.hadoop.hive.serde2.lazy.LazySimpleSerDe
              name: default.src
            name: default.src
      Truncated Path -> Alias:
        /src [$hdt$_0:a]
#### A masked pattern was here ####
      Needs Tagging: true
      Reduce Operator Tree:
        Join Operator
          condition map:
               Inner Join 0 to 1
          keys:
            0 _col0 (type: string)
            1 _col0 (type: string)
          outputColumnNames: _col0, _col2, _col3
          Statistics: Num rows: 550 Data size: 5843 Basic stats: COMPLETE Column stats: NONE
          Select Operator
            expressions: _col0 (type: string), _col2 (type: double), _col3 (type: double)
            outputColumnNames: _col0, _col1, _col2
            Statistics: Num rows: 550 Data size: 5843 Basic stats: COMPLETE Column stats: NONE
            File Output Operator
              compressed: false
              GlobalTableId: 0
#### A masked pattern was here ####
              NumFilesPerFileSink: 1
              Statistics: Num rows: 550 Data size: 5843 Basic stats: COMPLETE Column stats: NONE
#### A masked pattern was here ####
              table:
                  input format: org.apache.hadoop.mapred.SequenceFileInputFormat
                  output format: org.apache.hadoop.hive.ql.io.HiveSequenceFileOutputFormat
                  properties:
                    columns _col0,_col1,_col2
                    columns.types string:double:double
                    escape.delim \
                    hive.serialization.extend.additional.nesting.levels true
                    serialization.escape.crlf true
                    serialization.format 1
                    serialization.lib org.apache.hadoop.hive.serde2.lazy.LazySimpleSerDe
                  serde: org.apache.hadoop.hive.serde2.lazy.LazySimpleSerDe
              TotalFiles: 1
              GatherStats: false
              MultiFileSpray: false

  Stage: Stage-0
    Fetch Operator
      limit: -1
      Processor Tree:
        ListSink

PREHOOK: query: select a.key, b.k2, b.k3
from src a
join (
select key,
min(key) as k,
min(key)+1 as k1,
min(key)+2 as k2,
min(key)+3 as k3
from src
group by key
) b
on a.key=b.key and b.k1 < 5
PREHOOK: type: QUERY
PREHOOK: Input: default@src
#### A masked pattern was here ####
POSTHOOK: query: select a.key, b.k2, b.k3
from src a
join (
select key,
min(key) as k,
min(key)+1 as k1,
min(key)+2 as k2,
min(key)+3 as k3
from src
group by key
) b
on a.key=b.key and b.k1 < 5
POSTHOOK: type: QUERY
POSTHOOK: Input: default@src
#### A masked pattern was here ####
0	2.0	3.0
0	2.0	3.0
0	2.0	3.0
2	4.0	5.0
PREHOOK: query: explain extended select a.key, b.k2, b.k3
from src a
join (
select key,
min(key) as k,
min(key)+1 as k1,
min(key)+2 as k2,
min(key)+3 as k3
from src
group by key
) b
on a.key=b.key and b.k1 < 5
PREHOOK: type: QUERY
POSTHOOK: query: explain extended select a.key, b.k2, b.k3
from src a
join (
select key,
min(key) as k,
min(key)+1 as k1,
min(key)+2 as k2,
min(key)+3 as k3
from src
group by key
) b
on a.key=b.key and b.k1 < 5
POSTHOOK: type: QUERY
STAGE DEPENDENCIES:
  Stage-2 is a root stage
  Stage-1 depends on stages: Stage-2
  Stage-0 depends on stages: Stage-1

STAGE PLANS:
  Stage: Stage-2
    Map Reduce
      Map Operator Tree:
          TableScan
            alias: src
            Statistics: Num rows: 500 Data size: 5312 Basic stats: COMPLETE Column stats: NONE
            GatherStats: false
            Filter Operator
              isSamplingPred: false
              predicate: key is not null (type: boolean)
              Statistics: Num rows: 500 Data size: 5312 Basic stats: COMPLETE Column stats: NONE
              Group By Operator
                aggregations: min(key)
                keys: key (type: string)
                mode: hash
                outputColumnNames: _col0, _col1
                Statistics: Num rows: 500 Data size: 5312 Basic stats: COMPLETE Column stats: NONE
                Reduce Output Operator
                  key expressions: _col0 (type: string)
                  null sort order: a
                  sort order: +
                  Map-reduce partition columns: _col0 (type: string)
                  Statistics: Num rows: 500 Data size: 5312 Basic stats: COMPLETE Column stats: NONE
                  tag: -1
                  value expressions: _col1 (type: string)
                  auto parallelism: false
      Path -> Alias:
#### A masked pattern was here ####
      Path -> Partition:
#### A masked pattern was here ####
          Partition
            base file name: src
            input format: org.apache.hadoop.mapred.TextInputFormat
            output format: org.apache.hadoop.hive.ql.io.HiveIgnoreKeyTextOutputFormat
            properties:
              COLUMN_STATS_ACCURATE {"BASIC_STATS":"true","COLUMN_STATS":{"key":"true","value":"true"}}
              bucket_count -1
              column.name.delimiter ,
              columns key,value
              columns.comments 'default','default'
              columns.types string:string
#### A masked pattern was here ####
              name default.src
              numFiles 1
              numRows 500
              rawDataSize 5312
              serialization.ddl struct src { string key, string value}
              serialization.format 1
              serialization.lib org.apache.hadoop.hive.serde2.lazy.LazySimpleSerDe
              totalSize 5812
#### A masked pattern was here ####
            serde: org.apache.hadoop.hive.serde2.lazy.LazySimpleSerDe
          
              input format: org.apache.hadoop.mapred.TextInputFormat
              output format: org.apache.hadoop.hive.ql.io.HiveIgnoreKeyTextOutputFormat
              properties:
                COLUMN_STATS_ACCURATE {"BASIC_STATS":"true","COLUMN_STATS":{"key":"true","value":"true"}}
                bucket_count -1
                column.name.delimiter ,
                columns key,value
                columns.comments 'default','default'
                columns.types string:string
#### A masked pattern was here ####
                name default.src
                numFiles 1
                numRows 500
                rawDataSize 5312
                serialization.ddl struct src { string key, string value}
                serialization.format 1
                serialization.lib org.apache.hadoop.hive.serde2.lazy.LazySimpleSerDe
                totalSize 5812
#### A masked pattern was here ####
              serde: org.apache.hadoop.hive.serde2.lazy.LazySimpleSerDe
              name: default.src
            name: default.src
      Truncated Path -> Alias:
        /src [$hdt$_1:src]
      Needs Tagging: false
      Reduce Operator Tree:
        Group By Operator
          aggregations: min(VALUE._col0)
          keys: KEY._col0 (type: string)
          mode: mergepartial
          outputColumnNames: _col0, _col1
          Statistics: Num rows: 250 Data size: 2656 Basic stats: COMPLETE Column stats: NONE
          Filter Operator
            isSamplingPred: false
            predicate: ((UDFToDouble(_col1) + 1.0) < 5.0) (type: boolean)
            Statistics: Num rows: 83 Data size: 881 Basic stats: COMPLETE Column stats: NONE
            Select Operator
              expressions: _col0 (type: string), (UDFToDouble(_col1) + 2.0) (type: double), (UDFToDouble(_col1) + 3.0) (type: double)
              outputColumnNames: _col0, _col1, _col2
              Statistics: Num rows: 83 Data size: 881 Basic stats: COMPLETE Column stats: NONE
              File Output Operator
                compressed: false
                GlobalTableId: 0
#### A masked pattern was here ####
                NumFilesPerFileSink: 1
                table:
                    input format: org.apache.hadoop.mapred.SequenceFileInputFormat
                    output format: org.apache.hadoop.hive.ql.io.HiveSequenceFileOutputFormat
                    properties:
                      column.name.delimiter ,
                      columns _col0,_col1,_col2
                      columns.types string,double,double
                      escape.delim \
                      serialization.lib org.apache.hadoop.hive.serde2.lazybinary.LazyBinarySerDe
                    serde: org.apache.hadoop.hive.serde2.lazybinary.LazyBinarySerDe
                TotalFiles: 1
                GatherStats: false
                MultiFileSpray: false

  Stage: Stage-1
    Map Reduce
      Map Operator Tree:
          TableScan
            alias: a
            Statistics: Num rows: 500 Data size: 5312 Basic stats: COMPLETE Column stats: NONE
            GatherStats: false
            Filter Operator
              isSamplingPred: false
              predicate: key is not null (type: boolean)
              Statistics: Num rows: 500 Data size: 5312 Basic stats: COMPLETE Column stats: NONE
              Select Operator
                expressions: key (type: string)
                outputColumnNames: _col0
                Statistics: Num rows: 500 Data size: 5312 Basic stats: COMPLETE Column stats: NONE
                Reduce Output Operator
                  key expressions: _col0 (type: string)
                  null sort order: a
                  sort order: +
                  Map-reduce partition columns: _col0 (type: string)
                  Statistics: Num rows: 500 Data size: 5312 Basic stats: COMPLETE Column stats: NONE
                  tag: 0
                  auto parallelism: false
          TableScan
            GatherStats: false
            Reduce Output Operator
              key expressions: _col0 (type: string)
              null sort order: a
              sort order: +
              Map-reduce partition columns: _col0 (type: string)
              Statistics: Num rows: 83 Data size: 881 Basic stats: COMPLETE Column stats: NONE
              tag: 1
              value expressions: _col1 (type: double), _col2 (type: double)
              auto parallelism: false
      Path -> Alias:
#### A masked pattern was here ####
      Path -> Partition:
#### A masked pattern was here ####
          Partition
            base file name: -mr-10004
            input format: org.apache.hadoop.mapred.SequenceFileInputFormat
            output format: org.apache.hadoop.hive.ql.io.HiveSequenceFileOutputFormat
            properties:
              column.name.delimiter ,
              columns _col0,_col1,_col2
              columns.types string,double,double
              escape.delim \
              serialization.lib org.apache.hadoop.hive.serde2.lazybinary.LazyBinarySerDe
            serde: org.apache.hadoop.hive.serde2.lazybinary.LazyBinarySerDe
          
              input format: org.apache.hadoop.mapred.SequenceFileInputFormat
              output format: org.apache.hadoop.hive.ql.io.HiveSequenceFileOutputFormat
              properties:
                column.name.delimiter ,
                columns _col0,_col1,_col2
                columns.types string,double,double
                escape.delim \
                serialization.lib org.apache.hadoop.hive.serde2.lazybinary.LazyBinarySerDe
              serde: org.apache.hadoop.hive.serde2.lazybinary.LazyBinarySerDe
#### A masked pattern was here ####
          Partition
            base file name: src
            input format: org.apache.hadoop.mapred.TextInputFormat
            output format: org.apache.hadoop.hive.ql.io.HiveIgnoreKeyTextOutputFormat
            properties:
              COLUMN_STATS_ACCURATE {"BASIC_STATS":"true","COLUMN_STATS":{"key":"true","value":"true"}}
              bucket_count -1
              column.name.delimiter ,
              columns key,value
              columns.comments 'default','default'
              columns.types string:string
#### A masked pattern was here ####
              name default.src
              numFiles 1
              numRows 500
              rawDataSize 5312
              serialization.ddl struct src { string key, string value}
              serialization.format 1
              serialization.lib org.apache.hadoop.hive.serde2.lazy.LazySimpleSerDe
              totalSize 5812
#### A masked pattern was here ####
            serde: org.apache.hadoop.hive.serde2.lazy.LazySimpleSerDe
          
              input format: org.apache.hadoop.mapred.TextInputFormat
              output format: org.apache.hadoop.hive.ql.io.HiveIgnoreKeyTextOutputFormat
              properties:
                COLUMN_STATS_ACCURATE {"BASIC_STATS":"true","COLUMN_STATS":{"key":"true","value":"true"}}
                bucket_count -1
                column.name.delimiter ,
                columns key,value
                columns.comments 'default','default'
                columns.types string:string
#### A masked pattern was here ####
                name default.src
                numFiles 1
                numRows 500
                rawDataSize 5312
                serialization.ddl struct src { string key, string value}
                serialization.format 1
                serialization.lib org.apache.hadoop.hive.serde2.lazy.LazySimpleSerDe
                totalSize 5812
#### A masked pattern was here ####
              serde: org.apache.hadoop.hive.serde2.lazy.LazySimpleSerDe
              name: default.src
            name: default.src
      Truncated Path -> Alias:
        /src [$hdt$_0:a]
#### A masked pattern was here ####
      Needs Tagging: true
      Reduce Operator Tree:
        Join Operator
          condition map:
               Inner Join 0 to 1
          keys:
            0 _col0 (type: string)
            1 _col0 (type: string)
          outputColumnNames: _col0, _col2, _col3
          Statistics: Num rows: 550 Data size: 5843 Basic stats: COMPLETE Column stats: NONE
          Select Operator
            expressions: _col0 (type: string), _col2 (type: double), _col3 (type: double)
            outputColumnNames: _col0, _col1, _col2
            Statistics: Num rows: 550 Data size: 5843 Basic stats: COMPLETE Column stats: NONE
            File Output Operator
              compressed: false
              GlobalTableId: 0
#### A masked pattern was here ####
              NumFilesPerFileSink: 1
              Statistics: Num rows: 550 Data size: 5843 Basic stats: COMPLETE Column stats: NONE
#### A masked pattern was here ####
              table:
                  input format: org.apache.hadoop.mapred.SequenceFileInputFormat
                  output format: org.apache.hadoop.hive.ql.io.HiveSequenceFileOutputFormat
                  properties:
                    columns _col0,_col1,_col2
                    columns.types string:double:double
                    escape.delim \
                    hive.serialization.extend.additional.nesting.levels true
                    serialization.escape.crlf true
                    serialization.format 1
                    serialization.lib org.apache.hadoop.hive.serde2.lazy.LazySimpleSerDe
                  serde: org.apache.hadoop.hive.serde2.lazy.LazySimpleSerDe
              TotalFiles: 1
              GatherStats: false
              MultiFileSpray: false

  Stage: Stage-0
    Fetch Operator
      limit: -1
      Processor Tree:
        ListSink

PREHOOK: query: select a.key, b.k2, b.k3
from src a
join (
select key,
min(key) as k,
min(key)+1 as k1,
min(key)+2 as k2,
min(key)+3 as k3
from src
group by key
) b
on a.key=b.key and b.k1 < 5
PREHOOK: type: QUERY
PREHOOK: Input: default@src
#### A masked pattern was here ####
POSTHOOK: query: select a.key, b.k2, b.k3
from src a
join (
select key,
min(key) as k,
min(key)+1 as k1,
min(key)+2 as k2,
min(key)+3 as k3
from src
group by key
) b
on a.key=b.key and b.k1 < 5
POSTHOOK: type: QUERY
POSTHOOK: Input: default@src
#### A masked pattern was here ####
0	2.0	3.0
0	2.0	3.0
0	2.0	3.0
2	4.0	5.0
PREHOOK: query: explain extended select a.key, b.k2, b.k3
from src a
join (
select key,
min(key) as k,
min(key)+1 as k1,
min(key)+2 as k2,
min(key)+3 as k3
from src
group by key
) b
on a.key=b.key and b.k1 < 5
PREHOOK: type: QUERY
POSTHOOK: query: explain extended select a.key, b.k2, b.k3
from src a
join (
select key,
min(key) as k,
min(key)+1 as k1,
min(key)+2 as k2,
min(key)+3 as k3
from src
group by key
) b
on a.key=b.key and b.k1 < 5
POSTHOOK: type: QUERY
STAGE DEPENDENCIES:
  Stage-2 is a root stage
  Stage-1 depends on stages: Stage-2
  Stage-0 depends on stages: Stage-1

STAGE PLANS:
  Stage: Stage-2
    Map Reduce
      Map Operator Tree:
          TableScan
            alias: src
            Statistics: Num rows: 500 Data size: 5312 Basic stats: COMPLETE Column stats: NONE
            GatherStats: false
            Filter Operator
              isSamplingPred: false
              predicate: key is not null (type: boolean)
              Statistics: Num rows: 500 Data size: 5312 Basic stats: COMPLETE Column stats: NONE
              Group By Operator
                aggregations: min(key)
                keys: key (type: string)
                mode: hash
                outputColumnNames: _col0, _col1
                Statistics: Num rows: 500 Data size: 5312 Basic stats: COMPLETE Column stats: NONE
                Reduce Output Operator
                  key expressions: _col0 (type: string)
                  null sort order: a
                  sort order: +
                  Map-reduce partition columns: _col0 (type: string)
                  Statistics: Num rows: 500 Data size: 5312 Basic stats: COMPLETE Column stats: NONE
                  tag: -1
                  value expressions: _col1 (type: string)
                  auto parallelism: false
      Path -> Alias:
#### A masked pattern was here ####
      Path -> Partition:
#### A masked pattern was here ####
          Partition
            base file name: src
            input format: org.apache.hadoop.mapred.TextInputFormat
            output format: org.apache.hadoop.hive.ql.io.HiveIgnoreKeyTextOutputFormat
            properties:
              COLUMN_STATS_ACCURATE {"BASIC_STATS":"true","COLUMN_STATS":{"key":"true","value":"true"}}
              bucket_count -1
              column.name.delimiter ,
              columns key,value
              columns.comments 'default','default'
              columns.types string:string
#### A masked pattern was here ####
              name default.src
              numFiles 1
              numRows 500
              rawDataSize 5312
              serialization.ddl struct src { string key, string value}
              serialization.format 1
              serialization.lib org.apache.hadoop.hive.serde2.lazy.LazySimpleSerDe
              totalSize 5812
#### A masked pattern was here ####
            serde: org.apache.hadoop.hive.serde2.lazy.LazySimpleSerDe
          
              input format: org.apache.hadoop.mapred.TextInputFormat
              output format: org.apache.hadoop.hive.ql.io.HiveIgnoreKeyTextOutputFormat
              properties:
                COLUMN_STATS_ACCURATE {"BASIC_STATS":"true","COLUMN_STATS":{"key":"true","value":"true"}}
                bucket_count -1
                column.name.delimiter ,
                columns key,value
                columns.comments 'default','default'
                columns.types string:string
#### A masked pattern was here ####
                name default.src
                numFiles 1
                numRows 500
                rawDataSize 5312
                serialization.ddl struct src { string key, string value}
                serialization.format 1
                serialization.lib org.apache.hadoop.hive.serde2.lazy.LazySimpleSerDe
                totalSize 5812
#### A masked pattern was here ####
              serde: org.apache.hadoop.hive.serde2.lazy.LazySimpleSerDe
              name: default.src
            name: default.src
      Truncated Path -> Alias:
        /src [$hdt$_1:src]
      Needs Tagging: false
      Reduce Operator Tree:
        Group By Operator
          aggregations: min(VALUE._col0)
          keys: KEY._col0 (type: string)
          mode: mergepartial
          outputColumnNames: _col0, _col1
          Statistics: Num rows: 250 Data size: 2656 Basic stats: COMPLETE Column stats: NONE
          Filter Operator
            isSamplingPred: false
            predicate: ((UDFToDouble(_col1) + 1.0) < 5.0) (type: boolean)
            Statistics: Num rows: 83 Data size: 881 Basic stats: COMPLETE Column stats: NONE
            Select Operator
              expressions: _col0 (type: string), (UDFToDouble(_col1) + 2.0) (type: double), (UDFToDouble(_col1) + 3.0) (type: double)
              outputColumnNames: _col0, _col1, _col2
              Statistics: Num rows: 83 Data size: 881 Basic stats: COMPLETE Column stats: NONE
              File Output Operator
                compressed: false
                GlobalTableId: 0
#### A masked pattern was here ####
                NumFilesPerFileSink: 1
                table:
                    input format: org.apache.hadoop.mapred.SequenceFileInputFormat
                    output format: org.apache.hadoop.hive.ql.io.HiveSequenceFileOutputFormat
                    properties:
                      column.name.delimiter ,
                      columns _col0,_col1,_col2
                      columns.types string,double,double
                      escape.delim \
                      serialization.lib org.apache.hadoop.hive.serde2.lazybinary.LazyBinarySerDe
                    serde: org.apache.hadoop.hive.serde2.lazybinary.LazyBinarySerDe
                TotalFiles: 1
                GatherStats: false
                MultiFileSpray: false

  Stage: Stage-1
    Map Reduce
      Map Operator Tree:
          TableScan
            alias: a
            Statistics: Num rows: 500 Data size: 5312 Basic stats: COMPLETE Column stats: NONE
            GatherStats: false
            Filter Operator
              isSamplingPred: false
              predicate: key is not null (type: boolean)
              Statistics: Num rows: 500 Data size: 5312 Basic stats: COMPLETE Column stats: NONE
              Select Operator
                expressions: key (type: string)
                outputColumnNames: _col0
                Statistics: Num rows: 500 Data size: 5312 Basic stats: COMPLETE Column stats: NONE
                Reduce Output Operator
                  key expressions: _col0 (type: string)
                  null sort order: a
                  sort order: +
                  Map-reduce partition columns: _col0 (type: string)
                  Statistics: Num rows: 500 Data size: 5312 Basic stats: COMPLETE Column stats: NONE
                  tag: 0
                  auto parallelism: false
          TableScan
            GatherStats: false
            Reduce Output Operator
              key expressions: _col0 (type: string)
              null sort order: a
              sort order: +
              Map-reduce partition columns: _col0 (type: string)
              Statistics: Num rows: 83 Data size: 881 Basic stats: COMPLETE Column stats: NONE
              tag: 1
              value expressions: _col1 (type: double), _col2 (type: double)
              auto parallelism: false
      Path -> Alias:
#### A masked pattern was here ####
      Path -> Partition:
#### A masked pattern was here ####
          Partition
            base file name: -mr-10004
            input format: org.apache.hadoop.mapred.SequenceFileInputFormat
            output format: org.apache.hadoop.hive.ql.io.HiveSequenceFileOutputFormat
            properties:
              column.name.delimiter ,
              columns _col0,_col1,_col2
              columns.types string,double,double
              escape.delim \
              serialization.lib org.apache.hadoop.hive.serde2.lazybinary.LazyBinarySerDe
            serde: org.apache.hadoop.hive.serde2.lazybinary.LazyBinarySerDe
          
              input format: org.apache.hadoop.mapred.SequenceFileInputFormat
              output format: org.apache.hadoop.hive.ql.io.HiveSequenceFileOutputFormat
              properties:
                column.name.delimiter ,
                columns _col0,_col1,_col2
                columns.types string,double,double
                escape.delim \
                serialization.lib org.apache.hadoop.hive.serde2.lazybinary.LazyBinarySerDe
              serde: org.apache.hadoop.hive.serde2.lazybinary.LazyBinarySerDe
#### A masked pattern was here ####
          Partition
            base file name: src
            input format: org.apache.hadoop.mapred.TextInputFormat
            output format: org.apache.hadoop.hive.ql.io.HiveIgnoreKeyTextOutputFormat
            properties:
              COLUMN_STATS_ACCURATE {"BASIC_STATS":"true","COLUMN_STATS":{"key":"true","value":"true"}}
              bucket_count -1
              column.name.delimiter ,
              columns key,value
              columns.comments 'default','default'
              columns.types string:string
#### A masked pattern was here ####
              name default.src
              numFiles 1
              numRows 500
              rawDataSize 5312
              serialization.ddl struct src { string key, string value}
              serialization.format 1
              serialization.lib org.apache.hadoop.hive.serde2.lazy.LazySimpleSerDe
              totalSize 5812
#### A masked pattern was here ####
            serde: org.apache.hadoop.hive.serde2.lazy.LazySimpleSerDe
          
              input format: org.apache.hadoop.mapred.TextInputFormat
              output format: org.apache.hadoop.hive.ql.io.HiveIgnoreKeyTextOutputFormat
              properties:
                COLUMN_STATS_ACCURATE {"BASIC_STATS":"true","COLUMN_STATS":{"key":"true","value":"true"}}
                bucket_count -1
                column.name.delimiter ,
                columns key,value
                columns.comments 'default','default'
                columns.types string:string
#### A masked pattern was here ####
                name default.src
                numFiles 1
                numRows 500
                rawDataSize 5312
                serialization.ddl struct src { string key, string value}
                serialization.format 1
                serialization.lib org.apache.hadoop.hive.serde2.lazy.LazySimpleSerDe
                totalSize 5812
#### A masked pattern was here ####
              serde: org.apache.hadoop.hive.serde2.lazy.LazySimpleSerDe
              name: default.src
            name: default.src
      Truncated Path -> Alias:
        /src [$hdt$_0:a]
#### A masked pattern was here ####
      Needs Tagging: true
      Reduce Operator Tree:
        Join Operator
          condition map:
               Inner Join 0 to 1
          keys:
            0 _col0 (type: string)
            1 _col0 (type: string)
          outputColumnNames: _col0, _col2, _col3
          Statistics: Num rows: 550 Data size: 5843 Basic stats: COMPLETE Column stats: NONE
          Select Operator
            expressions: _col0 (type: string), _col2 (type: double), _col3 (type: double)
            outputColumnNames: _col0, _col1, _col2
            Statistics: Num rows: 550 Data size: 5843 Basic stats: COMPLETE Column stats: NONE
            File Output Operator
              compressed: false
              GlobalTableId: 0
#### A masked pattern was here ####
              NumFilesPerFileSink: 1
              Statistics: Num rows: 550 Data size: 5843 Basic stats: COMPLETE Column stats: NONE
#### A masked pattern was here ####
              table:
                  input format: org.apache.hadoop.mapred.SequenceFileInputFormat
                  output format: org.apache.hadoop.hive.ql.io.HiveSequenceFileOutputFormat
                  properties:
                    columns _col0,_col1,_col2
                    columns.types string:double:double
                    escape.delim \
                    hive.serialization.extend.additional.nesting.levels true
                    serialization.escape.crlf true
                    serialization.format 1
                    serialization.lib org.apache.hadoop.hive.serde2.lazy.LazySimpleSerDe
                  serde: org.apache.hadoop.hive.serde2.lazy.LazySimpleSerDe
              TotalFiles: 1
              GatherStats: false
              MultiFileSpray: false

  Stage: Stage-0
    Fetch Operator
      limit: -1
      Processor Tree:
        ListSink

PREHOOK: query: select a.key, b.k2, b.k3
from src a
join (
select key,
min(key) as k,
min(key)+1 as k1,
min(key)+2 as k2,
min(key)+3 as k3
from src
group by key
) b
on a.key=b.key and b.k1 < 5
PREHOOK: type: QUERY
PREHOOK: Input: default@src
#### A masked pattern was here ####
POSTHOOK: query: select a.key, b.k2, b.k3
from src a
join (
select key,
min(key) as k,
min(key)+1 as k1,
min(key)+2 as k2,
min(key)+3 as k3
from src
group by key
) b
on a.key=b.key and b.k1 < 5
POSTHOOK: type: QUERY
POSTHOOK: Input: default@src
#### A masked pattern was here ####
0	2.0	3.0
0	2.0	3.0
0	2.0	3.0
2	4.0	5.0
