PREHOOK: query: CREATE TABLE T1(`!@#$%^&*()_q` string, `y&y` string)
SKEWED BY (`!@#$%^&*()_q`) ON ((2)) STORED AS TEXTFILE
PREHOOK: type: CREATETABLE
PREHOOK: Output: database:default
PREHOOK: Output: default@T1
POSTHOOK: query: CREATE TABLE T1(`!@#$%^&*()_q` string, `y&y` string)
SKEWED BY (`!@#$%^&*()_q`) ON ((2)) STORED AS TEXTFILE
POSTHOOK: type: CREATETABLE
POSTHOOK: Output: database:default
POSTHOOK: Output: default@T1
PREHOOK: query: LOAD DATA LOCAL INPATH '../../data/files/T1.txt' INTO TABLE T1
PREHOOK: type: LOAD
#### A masked pattern was here ####
PREHOOK: Output: default@t1
POSTHOOK: query: LOAD DATA LOCAL INPATH '../../data/files/T1.txt' INTO TABLE T1
POSTHOOK: type: LOAD
#### A masked pattern was here ####
POSTHOOK: Output: default@t1
PREHOOK: query: CREATE TABLE T2(`!@#$%^&*()_q` string, `y&y` string)
SKEWED BY (`!@#$%^&*()_q`) ON ((2)) STORED AS TEXTFILE
PREHOOK: type: CREATETABLE
PREHOOK: Output: database:default
PREHOOK: Output: default@T2
POSTHOOK: query: CREATE TABLE T2(`!@#$%^&*()_q` string, `y&y` string)
SKEWED BY (`!@#$%^&*()_q`) ON ((2)) STORED AS TEXTFILE
POSTHOOK: type: CREATETABLE
POSTHOOK: Output: database:default
POSTHOOK: Output: default@T2
PREHOOK: query: LOAD DATA LOCAL INPATH '../../data/files/T1.txt' INTO TABLE T2
PREHOOK: type: LOAD
#### A masked pattern was here ####
PREHOOK: Output: default@t2
POSTHOOK: query: LOAD DATA LOCAL INPATH '../../data/files/T1.txt' INTO TABLE T2
POSTHOOK: type: LOAD
#### A masked pattern was here ####
POSTHOOK: Output: default@t2
PREHOOK: query: EXPLAIN
SELECT a.*, b.* FROM T1 a JOIN T2 b ON a. `!@#$%^&*()_q`  = b. `!@#$%^&*()_q`
PREHOOK: type: QUERY
POSTHOOK: query: EXPLAIN
SELECT a.*, b.* FROM T1 a JOIN T2 b ON a. `!@#$%^&*()_q`  = b. `!@#$%^&*()_q`
POSTHOOK: type: QUERY
STAGE DEPENDENCIES:
  Stage-1 is a root stage
  Stage-2 depends on stages: Stage-1, Stage-4
  Stage-4 is a root stage
  Stage-0 depends on stages: Stage-2

STAGE PLANS:
  Stage: Stage-1
    Map Reduce
      Map Operator Tree:
          TableScan
            alias: a
            Statistics: Num rows: 1 Data size: 30 Basic stats: COMPLETE Column stats: NONE
            Filter Operator
              predicate: (!@#$%^&*()_q is not null and (!@#$%^&*()_q = '2')) (type: boolean)
              Statistics: Num rows: 1 Data size: 30 Basic stats: COMPLETE Column stats: NONE
              Select Operator
                expressions: !@#$%^&*()_q (type: string), y&y (type: string)
                outputColumnNames: _col0, _col1
                Statistics: Num rows: 1 Data size: 30 Basic stats: COMPLETE Column stats: NONE
                Reduce Output Operator
                  key expressions: _col0 (type: string)
                  sort order: +
                  Map-reduce partition columns: _col0 (type: string)
                  Statistics: Num rows: 1 Data size: 30 Basic stats: COMPLETE Column stats: NONE
                  value expressions: _col1 (type: string)
          TableScan
            alias: b
            Statistics: Num rows: 1 Data size: 30 Basic stats: COMPLETE Column stats: NONE
            Filter Operator
              predicate: (!@#$%^&*()_q is not null and (!@#$%^&*()_q = '2')) (type: boolean)
              Statistics: Num rows: 1 Data size: 30 Basic stats: COMPLETE Column stats: NONE
              Select Operator
                expressions: !@#$%^&*()_q (type: string), y&y (type: string)
                outputColumnNames: _col0, _col1
                Statistics: Num rows: 1 Data size: 30 Basic stats: COMPLETE Column stats: NONE
                Reduce Output Operator
                  key expressions: _col0 (type: string)
                  sort order: +
                  Map-reduce partition columns: _col0 (type: string)
                  Statistics: Num rows: 1 Data size: 30 Basic stats: COMPLETE Column stats: NONE
                  value expressions: _col1 (type: string)
      Reduce Operator Tree:
        Join Operator
          condition map:
               Inner Join 0 to 1
          keys:
            0 _col0 (type: string)
            1 _col0 (type: string)
          outputColumnNames: _col0, _col1, _col2, _col3
          Statistics: Num rows: 1 Data size: 33 Basic stats: COMPLETE Column stats: NONE
          File Output Operator
            compressed: false
            table:
                input format: org.apache.hadoop.mapred.SequenceFileInputFormat
                output format: org.apache.hadoop.hive.ql.io.HiveSequenceFileOutputFormat
                serde: org.apache.hadoop.hive.serde2.lazybinary.LazyBinarySerDe

  Stage: Stage-2
    Map Reduce
      Map Operator Tree:
          TableScan
            Union
              Statistics: Num rows: 2 Data size: 66 Basic stats: COMPLETE Column stats: NONE
              File Output Operator
                compressed: false
                Statistics: Num rows: 2 Data size: 66 Basic stats: COMPLETE Column stats: NONE
                table:
                    input format: org.apache.hadoop.mapred.SequenceFileInputFormat
                    output format: org.apache.hadoop.hive.ql.io.HiveSequenceFileOutputFormat
                    serde: org.apache.hadoop.hive.serde2.lazy.LazySimpleSerDe
          TableScan
            Union
              Statistics: Num rows: 2 Data size: 66 Basic stats: COMPLETE Column stats: NONE
              File Output Operator
                compressed: false
                Statistics: Num rows: 2 Data size: 66 Basic stats: COMPLETE Column stats: NONE
                table:
                    input format: org.apache.hadoop.mapred.SequenceFileInputFormat
                    output format: org.apache.hadoop.hive.ql.io.HiveSequenceFileOutputFormat
                    serde: org.apache.hadoop.hive.serde2.lazy.LazySimpleSerDe

  Stage: Stage-4
    Map Reduce
      Map Operator Tree:
          TableScan
            alias: a
            Statistics: Num rows: 1 Data size: 30 Basic stats: COMPLETE Column stats: NONE
            Filter Operator
              predicate: (!@#$%^&*()_q is not null and (not (!@#$%^&*()_q = '2'))) (type: boolean)
              Statistics: Num rows: 1 Data size: 30 Basic stats: COMPLETE Column stats: NONE
              Select Operator
                expressions: !@#$%^&*()_q (type: string), y&y (type: string)
                outputColumnNames: _col0, _col1
                Statistics: Num rows: 1 Data size: 30 Basic stats: COMPLETE Column stats: NONE
                Reduce Output Operator
                  key expressions: _col0 (type: string)
                  sort order: +
                  Map-reduce partition columns: _col0 (type: string)
                  Statistics: Num rows: 1 Data size: 30 Basic stats: COMPLETE Column stats: NONE
                  value expressions: _col1 (type: string)
          TableScan
            alias: b
            Statistics: Num rows: 1 Data size: 30 Basic stats: COMPLETE Column stats: NONE
            Filter Operator
              predicate: (!@#$%^&*()_q is not null and (not (!@#$%^&*()_q = '2'))) (type: boolean)
              Statistics: Num rows: 1 Data size: 30 Basic stats: COMPLETE Column stats: NONE
              Select Operator
                expressions: !@#$%^&*()_q (type: string), y&y (type: string)
                outputColumnNames: _col0, _col1
                Statistics: Num rows: 1 Data size: 30 Basic stats: COMPLETE Column stats: NONE
                Reduce Output Operator
                  key expressions: _col0 (type: string)
                  sort order: +
                  Map-reduce partition columns: _col0 (type: string)
                  Statistics: Num rows: 1 Data size: 30 Basic stats: COMPLETE Column stats: NONE
                  value expressions: _col1 (type: string)
      Reduce Operator Tree:
        Join Operator
          condition map:
               Inner Join 0 to 1
          outputColumnNames: _col0, _col1, _col2, _col3
          Statistics: Num rows: 1 Data size: 33 Basic stats: COMPLETE Column stats: NONE
          File Output Operator
            compressed: false
            table:
                input format: org.apache.hadoop.mapred.SequenceFileInputFormat
                output format: org.apache.hadoop.hive.ql.io.HiveSequenceFileOutputFormat
                serde: org.apache.hadoop.hive.serde2.lazybinary.LazyBinarySerDe

  Stage: Stage-0
    Fetch Operator
      limit: -1
      Processor Tree:
        ListSink

