PREHOOK: query: EXPLAIN
SELECT * FROM srcpart
PREHOOK: type: QUERY
POSTHOOK: query: EXPLAIN
SELECT * FROM srcpart
POSTHOOK: type: QUERY
STAGE DEPENDENCIES:
  Stage-0 is a root stage

STAGE PLANS:
  Stage: Stage-0
    Fetch Operator
      limit: -1
      Processor Tree:
        TableScan
          alias: srcpart
          Statistics: Num rows: 2000 Data size: 21248 Basic stats: COMPLETE Column stats: NONE
          Select Operator
            expressions: key (type: string), value (type: string), ds (type: string), hr (type: string)
            outputColumnNames: _col0, _col1, _col2, _col3
            Statistics: Num rows: 2000 Data size: 21248 Basic stats: COMPLETE Column stats: NONE
            ListSink

PREHOOK: query: EXPLAIN
SELECT `..` FROM srcpart
PREHOOK: type: QUERY
POSTHOOK: query: EXPLAIN
SELECT `..` FROM srcpart
POSTHOOK: type: QUERY
STAGE DEPENDENCIES:
  Stage-0 is a root stage

STAGE PLANS:
  Stage: Stage-0
    Fetch Operator
      limit: -1
      Processor Tree:
        TableScan
          alias: srcpart
          Statistics: Num rows: 2000 Data size: 21248 Basic stats: COMPLETE Column stats: NONE
          Select Operator
            expressions: ds (type: string), hr (type: string)
            outputColumnNames: _col0, _col1
            Statistics: Num rows: 2000 Data size: 21248 Basic stats: COMPLETE Column stats: NONE
            ListSink

PREHOOK: query: EXPLAIN
SELECT srcpart.`..` FROM srcpart
PREHOOK: type: QUERY
POSTHOOK: query: EXPLAIN
SELECT srcpart.`..` FROM srcpart
POSTHOOK: type: QUERY
STAGE DEPENDENCIES:
  Stage-0 is a root stage

STAGE PLANS:
  Stage: Stage-0
    Fetch Operator
      limit: -1
      Processor Tree:
        TableScan
          alias: srcpart
          Statistics: Num rows: 2000 Data size: 21248 Basic stats: COMPLETE Column stats: NONE
          Select Operator
            expressions: ds (type: string), hr (type: string)
            outputColumnNames: _col0, _col1
            Statistics: Num rows: 2000 Data size: 21248 Basic stats: COMPLETE Column stats: NONE
            ListSink

PREHOOK: query: EXPLAIN
SELECT `..` FROM srcpart a JOIN srcpart b
ON a.key = b.key AND a.value = b.value
PREHOOK: type: QUERY
POSTHOOK: query: EXPLAIN
SELECT `..` FROM srcpart a JOIN srcpart b
ON a.key = b.key AND a.value = b.value
POSTHOOK: type: QUERY
STAGE DEPENDENCIES:
  Stage-1 is a root stage
  Stage-0 depends on stages: Stage-1

STAGE PLANS:
  Stage: Stage-1
    Map Reduce
      Map Operator Tree:
          TableScan
            alias: a
            Statistics: Num rows: 2000 Data size: 21248 Basic stats: COMPLETE Column stats: NONE
            Filter Operator
              predicate: (key is not null and value is not null) (type: boolean)
              Statistics: Num rows: 2000 Data size: 21248 Basic stats: COMPLETE Column stats: NONE
              Select Operator
                expressions: key (type: string), value (type: string), ds (type: string), hr (type: string)
                outputColumnNames: _col0, _col1, _col2, _col3
                Statistics: Num rows: 2000 Data size: 21248 Basic stats: COMPLETE Column stats: NONE
                Reduce Output Operator
                  key expressions: _col0 (type: string), _col1 (type: string)
                  sort order: ++
                  Map-reduce partition columns: _col0 (type: string), _col1 (type: string)
                  Statistics: Num rows: 2000 Data size: 21248 Basic stats: COMPLETE Column stats: NONE
                  value expressions: _col2 (type: string), _col3 (type: string)
          TableScan
            alias: b
            Statistics: Num rows: 2000 Data size: 21248 Basic stats: COMPLETE Column stats: NONE
            Filter Operator
              predicate: (key is not null and value is not null) (type: boolean)
              Statistics: Num rows: 2000 Data size: 21248 Basic stats: COMPLETE Column stats: NONE
              Select Operator
                expressions: key (type: string), value (type: string), ds (type: string), hr (type: string)
                outputColumnNames: _col0, _col1, _col2, _col3
                Statistics: Num rows: 2000 Data size: 21248 Basic stats: COMPLETE Column stats: NONE
                Reduce Output Operator
                  key expressions: _col0 (type: string), _col1 (type: string)
                  sort order: ++
                  Map-reduce partition columns: _col0 (type: string), _col1 (type: string)
                  Statistics: Num rows: 2000 Data size: 21248 Basic stats: COMPLETE Column stats: NONE
                  value expressions: _col2 (type: string), _col3 (type: string)
      Reduce Operator Tree:
        Join Operator
          condition map:
               Inner Join 0 to 1
          keys:
            0 _col0 (type: string), _col1 (type: string)
            1 _col0 (type: string), _col1 (type: string)
          outputColumnNames: _col2, _col3, _col6, _col7
          Statistics: Num rows: 2200 Data size: 23372 Basic stats: COMPLETE Column stats: NONE
          Select Operator
            expressions: _col2 (type: string), _col3 (type: string), _col6 (type: string), _col7 (type: string)
            outputColumnNames: _col0, _col1, _col2, _col3
            Statistics: Num rows: 2200 Data size: 23372 Basic stats: COMPLETE Column stats: NONE
            File Output Operator
              compressed: false
              Statistics: Num rows: 2200 Data size: 23372 Basic stats: COMPLETE Column stats: NONE
              table:
                  input format: org.apache.hadoop.mapred.SequenceFileInputFormat
                  output format: org.apache.hadoop.hive.ql.io.HiveSequenceFileOutputFormat
                  serde: org.apache.hadoop.hive.serde2.lazy.LazySimpleSerDe

  Stage: Stage-0
    Fetch Operator
      limit: -1
      Processor Tree:
        ListSink

PREHOOK: query: EXPLAIN
SELECT b.`..` FROM srcpart a JOIN srcpart b
ON a.key = b.key AND a.hr = b.hr AND a.ds = b.ds AND a.key = 103
ORDER BY ds, hr
PREHOOK: type: QUERY
POSTHOOK: query: EXPLAIN
SELECT b.`..` FROM srcpart a JOIN srcpart b
ON a.key = b.key AND a.hr = b.hr AND a.ds = b.ds AND a.key = 103
ORDER BY ds, hr
POSTHOOK: type: QUERY
STAGE DEPENDENCIES:
  Stage-1 is a root stage
  Stage-2 depends on stages: Stage-1
  Stage-0 depends on stages: Stage-2

STAGE PLANS:
  Stage: Stage-1
    Map Reduce
      Map Operator Tree:
          TableScan
            alias: a
            Statistics: Num rows: 2000 Data size: 21248 Basic stats: COMPLETE Column stats: NONE
            Filter Operator
              predicate: (UDFToDouble(key) = 103.0D) (type: boolean)
              Statistics: Num rows: 1000 Data size: 10624 Basic stats: COMPLETE Column stats: NONE
              Select Operator
                expressions: key (type: string), ds (type: string), hr (type: string)
                outputColumnNames: _col0, _col1, _col2
                Statistics: Num rows: 1000 Data size: 10624 Basic stats: COMPLETE Column stats: NONE
                Reduce Output Operator
                  key expressions: _col1 (type: string), _col2 (type: string), _col0 (type: string)
                  sort order: +++
                  Map-reduce partition columns: _col1 (type: string), _col2 (type: string), _col0 (type: string)
                  Statistics: Num rows: 1000 Data size: 10624 Basic stats: COMPLETE Column stats: NONE
          TableScan
            alias: b
            Statistics: Num rows: 2000 Data size: 21248 Basic stats: COMPLETE Column stats: NONE
            Filter Operator
              predicate: (UDFToDouble(key) = 103.0D) (type: boolean)
              Statistics: Num rows: 1000 Data size: 10624 Basic stats: COMPLETE Column stats: NONE
              Select Operator
                expressions: key (type: string), ds (type: string), hr (type: string)
                outputColumnNames: _col0, _col1, _col2
                Statistics: Num rows: 1000 Data size: 10624 Basic stats: COMPLETE Column stats: NONE
                Reduce Output Operator
                  key expressions: _col1 (type: string), _col2 (type: string), _col0 (type: string)
                  sort order: +++
                  Map-reduce partition columns: _col1 (type: string), _col2 (type: string), _col0 (type: string)
                  Statistics: Num rows: 1000 Data size: 10624 Basic stats: COMPLETE Column stats: NONE
      Reduce Operator Tree:
        Join Operator
          condition map:
               Inner Join 0 to 1
          keys:
            0 _col1 (type: string), _col2 (type: string), _col0 (type: string)
            1 _col1 (type: string), _col2 (type: string), _col0 (type: string)
          outputColumnNames: _col4, _col5
          Statistics: Num rows: 1100 Data size: 11686 Basic stats: COMPLETE Column stats: NONE
          Select Operator
            expressions: _col4 (type: string), _col5 (type: string)
            outputColumnNames: _col0, _col1
            Statistics: Num rows: 1100 Data size: 11686 Basic stats: COMPLETE Column stats: NONE
            File Output Operator
              compressed: false
              table:
                  input format: org.apache.hadoop.mapred.SequenceFileInputFormat
                  output format: org.apache.hadoop.hive.ql.io.HiveSequenceFileOutputFormat
                  serde: org.apache.hadoop.hive.serde2.lazybinary.LazyBinarySerDe

  Stage: Stage-2
    Map Reduce
      Map Operator Tree:
          TableScan
            Reduce Output Operator
              key expressions: _col0 (type: string), _col1 (type: string)
              sort order: ++
              Statistics: Num rows: 1100 Data size: 11686 Basic stats: COMPLETE Column stats: NONE
      Reduce Operator Tree:
        Select Operator
          expressions: KEY.reducesinkkey0 (type: string), KEY.reducesinkkey1 (type: string)
          outputColumnNames: _col0, _col1
          Statistics: Num rows: 1100 Data size: 11686 Basic stats: COMPLETE Column stats: NONE
          File Output Operator
            compressed: false
            Statistics: Num rows: 1100 Data size: 11686 Basic stats: COMPLETE Column stats: NONE
            table:
                input format: org.apache.hadoop.mapred.SequenceFileInputFormat
                output format: org.apache.hadoop.hive.ql.io.HiveSequenceFileOutputFormat
                serde: org.apache.hadoop.hive.serde2.lazy.LazySimpleSerDe

  Stage: Stage-0
    Fetch Operator
      limit: -1
      Processor Tree:
        ListSink

PREHOOK: query: SELECT b.`..` FROM srcpart a JOIN srcpart b
ON a.key = b.key AND a.hr = b.hr AND a.ds = b.ds AND a.key = 103
ORDER BY ds, hr
PREHOOK: type: QUERY
PREHOOK: Input: default@srcpart
PREHOOK: Input: default@srcpart@ds=2008-04-08/hr=11
PREHOOK: Input: default@srcpart@ds=2008-04-08/hr=12
PREHOOK: Input: default@srcpart@ds=2008-04-09/hr=11
PREHOOK: Input: default@srcpart@ds=2008-04-09/hr=12
#### A masked pattern was here ####
POSTHOOK: query: SELECT b.`..` FROM srcpart a JOIN srcpart b
ON a.key = b.key AND a.hr = b.hr AND a.ds = b.ds AND a.key = 103
ORDER BY ds, hr
POSTHOOK: type: QUERY
POSTHOOK: Input: default@srcpart
POSTHOOK: Input: default@srcpart@ds=2008-04-08/hr=11
POSTHOOK: Input: default@srcpart@ds=2008-04-08/hr=12
POSTHOOK: Input: default@srcpart@ds=2008-04-09/hr=11
POSTHOOK: Input: default@srcpart@ds=2008-04-09/hr=12
#### A masked pattern was here ####
2008-04-08	11
2008-04-08	11
2008-04-08	11
2008-04-08	11
2008-04-08	12
2008-04-08	12
2008-04-08	12
2008-04-08	12
2008-04-09	11
2008-04-09	11
2008-04-09	11
2008-04-09	11
2008-04-09	12
2008-04-09	12
2008-04-09	12
2008-04-09	12
PREHOOK: query: EXPLAIN
SELECT `.e.` FROM srcpart
PREHOOK: type: QUERY
POSTHOOK: query: EXPLAIN
SELECT `.e.` FROM srcpart
POSTHOOK: type: QUERY
STAGE DEPENDENCIES:
  Stage-0 is a root stage

STAGE PLANS:
  Stage: Stage-0
    Fetch Operator
      limit: -1
      Processor Tree:
        TableScan
          alias: srcpart
          Statistics: Num rows: 2000 Data size: 21248 Basic stats: COMPLETE Column stats: NONE
          Select Operator
            expressions: key (type: string)
            outputColumnNames: _col0
            Statistics: Num rows: 2000 Data size: 21248 Basic stats: COMPLETE Column stats: NONE
            ListSink

PREHOOK: query: EXPLAIN
SELECT `d.*` FROM srcpart
PREHOOK: type: QUERY
POSTHOOK: query: EXPLAIN
SELECT `d.*` FROM srcpart
POSTHOOK: type: QUERY
STAGE DEPENDENCIES:
  Stage-0 is a root stage

STAGE PLANS:
  Stage: Stage-0
    Fetch Operator
      limit: -1
      Processor Tree:
        TableScan
          alias: srcpart
          Statistics: Num rows: 2000 Data size: 21248 Basic stats: COMPLETE Column stats: NONE
          Select Operator
            expressions: ds (type: string)
            outputColumnNames: _col0
            Statistics: Num rows: 2000 Data size: 21248 Basic stats: COMPLETE Column stats: NONE
            ListSink

PREHOOK: query: EXPLAIN
SELECT `(ds)?+.+` FROM srcpart
PREHOOK: type: QUERY
POSTHOOK: query: EXPLAIN
SELECT `(ds)?+.+` FROM srcpart
POSTHOOK: type: QUERY
STAGE DEPENDENCIES:
  Stage-0 is a root stage

STAGE PLANS:
  Stage: Stage-0
    Fetch Operator
      limit: -1
      Processor Tree:
        TableScan
          alias: srcpart
          Statistics: Num rows: 2000 Data size: 21248 Basic stats: COMPLETE Column stats: NONE
          Select Operator
            expressions: key (type: string), value (type: string), hr (type: string)
            outputColumnNames: _col0, _col1, _col2
            Statistics: Num rows: 2000 Data size: 21248 Basic stats: COMPLETE Column stats: NONE
            ListSink

PREHOOK: query: EXPLAIN
SELECT `(ds|hr)?+.+` FROM srcpart ORDER BY key, value LIMIT 10
PREHOOK: type: QUERY
POSTHOOK: query: EXPLAIN
SELECT `(ds|hr)?+.+` FROM srcpart ORDER BY key, value LIMIT 10
POSTHOOK: type: QUERY
STAGE DEPENDENCIES:
  Stage-1 is a root stage
  Stage-0 depends on stages: Stage-1

STAGE PLANS:
  Stage: Stage-1
    Map Reduce
      Map Operator Tree:
          TableScan
            alias: srcpart
            Statistics: Num rows: 2000 Data size: 21248 Basic stats: COMPLETE Column stats: NONE
            Select Operator
              expressions: key (type: string), value (type: string)
              outputColumnNames: _col0, _col1
              Statistics: Num rows: 2000 Data size: 21248 Basic stats: COMPLETE Column stats: NONE
              Reduce Output Operator
                key expressions: _col0 (type: string), _col1 (type: string)
                sort order: ++
                Statistics: Num rows: 2000 Data size: 21248 Basic stats: COMPLETE Column stats: NONE
                TopN Hash Memory Usage: 0.1
      Reduce Operator Tree:
        Select Operator
          expressions: KEY.reducesinkkey0 (type: string), KEY.reducesinkkey1 (type: string)
          outputColumnNames: _col0, _col1
          Statistics: Num rows: 2000 Data size: 21248 Basic stats: COMPLETE Column stats: NONE
          Limit
            Number of rows: 10
            Statistics: Num rows: 10 Data size: 100 Basic stats: COMPLETE Column stats: NONE
            File Output Operator
              compressed: false
              Statistics: Num rows: 10 Data size: 100 Basic stats: COMPLETE Column stats: NONE
              table:
                  input format: org.apache.hadoop.mapred.SequenceFileInputFormat
                  output format: org.apache.hadoop.hive.ql.io.HiveSequenceFileOutputFormat
                  serde: org.apache.hadoop.hive.serde2.lazy.LazySimpleSerDe

  Stage: Stage-0
    Fetch Operator
      limit: 10
      Processor Tree:
        ListSink

PREHOOK: query: SELECT `(ds|hr)?+.+` FROM srcpart ORDER BY key, value LIMIT 10
PREHOOK: type: QUERY
PREHOOK: Input: default@srcpart
PREHOOK: Input: default@srcpart@ds=2008-04-08/hr=11
PREHOOK: Input: default@srcpart@ds=2008-04-08/hr=12
PREHOOK: Input: default@srcpart@ds=2008-04-09/hr=11
PREHOOK: Input: default@srcpart@ds=2008-04-09/hr=12
#### A masked pattern was here ####
POSTHOOK: query: SELECT `(ds|hr)?+.+` FROM srcpart ORDER BY key, value LIMIT 10
POSTHOOK: type: QUERY
POSTHOOK: Input: default@srcpart
POSTHOOK: Input: default@srcpart@ds=2008-04-08/hr=11
POSTHOOK: Input: default@srcpart@ds=2008-04-08/hr=12
POSTHOOK: Input: default@srcpart@ds=2008-04-09/hr=11
POSTHOOK: Input: default@srcpart@ds=2008-04-09/hr=12
#### A masked pattern was here ####
0	val_0
0	val_0
0	val_0
0	val_0
0	val_0
0	val_0
0	val_0
0	val_0
0	val_0
0	val_0
