PREHOOK: query: create table if not exists loc_staging (
  state string,
  locid int,
  zip bigint,
  year int
) row format delimited fields terminated by '|' stored as textfile
PREHOOK: type: CREATETABLE
PREHOOK: Output: database:default
PREHOOK: Output: default@loc_staging
POSTHOOK: query: create table if not exists loc_staging (
  state string,
  locid int,
  zip bigint,
  year int
) row format delimited fields terminated by '|' stored as textfile
POSTHOOK: type: CREATETABLE
POSTHOOK: Output: database:default
POSTHOOK: Output: default@loc_staging
PREHOOK: query: create table loc_orc like loc_staging
PREHOOK: type: CREATETABLE
PREHOOK: Output: database:default
PREHOOK: Output: default@loc_orc
POSTHOOK: query: create table loc_orc like loc_staging
POSTHOOK: type: CREATETABLE
POSTHOOK: Output: database:default
POSTHOOK: Output: default@loc_orc
PREHOOK: query: alter table loc_orc set fileformat orc
PREHOOK: type: ALTERTABLE_FILEFORMAT
PREHOOK: Input: default@loc_orc
PREHOOK: Output: default@loc_orc
POSTHOOK: query: alter table loc_orc set fileformat orc
POSTHOOK: type: ALTERTABLE_FILEFORMAT
POSTHOOK: Input: default@loc_orc
POSTHOOK: Output: default@loc_orc
PREHOOK: query: load data local inpath '../../data/files/loc.txt' overwrite into table loc_staging
PREHOOK: type: LOAD
#### A masked pattern was here ####
PREHOOK: Output: default@loc_staging
POSTHOOK: query: load data local inpath '../../data/files/loc.txt' overwrite into table loc_staging
POSTHOOK: type: LOAD
#### A masked pattern was here ####
POSTHOOK: Output: default@loc_staging
PREHOOK: query: insert overwrite table loc_orc select * from loc_staging
PREHOOK: type: QUERY
PREHOOK: Input: default@loc_staging
PREHOOK: Output: default@loc_orc
POSTHOOK: query: insert overwrite table loc_orc select * from loc_staging
POSTHOOK: type: QUERY
POSTHOOK: Input: default@loc_staging
POSTHOOK: Output: default@loc_orc
POSTHOOK: Lineage: loc_orc.locid SIMPLE [(loc_staging)loc_staging.FieldSchema(name:locid, type:int, comment:null), ]
POSTHOOK: Lineage: loc_orc.state SIMPLE [(loc_staging)loc_staging.FieldSchema(name:state, type:string, comment:null), ]
POSTHOOK: Lineage: loc_orc.year SIMPLE [(loc_staging)loc_staging.FieldSchema(name:year, type:int, comment:null), ]
POSTHOOK: Lineage: loc_orc.zip SIMPLE [(loc_staging)loc_staging.FieldSchema(name:zip, type:bigint, comment:null), ]
PREHOOK: query: analyze table loc_orc compute statistics for columns state,locid,zip,year
PREHOOK: type: ANALYZE_TABLE
PREHOOK: Input: default@loc_orc
PREHOOK: Output: default@loc_orc
#### A masked pattern was here ####
POSTHOOK: query: analyze table loc_orc compute statistics for columns state,locid,zip,year
POSTHOOK: type: ANALYZE_TABLE
POSTHOOK: Input: default@loc_orc
POSTHOOK: Output: default@loc_orc
#### A masked pattern was here ####
PREHOOK: query: explain select * from loc_orc where locid < 30
PREHOOK: type: QUERY
POSTHOOK: query: explain select * from loc_orc where locid < 30
POSTHOOK: type: QUERY
STAGE DEPENDENCIES:
  Stage-0 is a root stage

STAGE PLANS:
  Stage: Stage-0
    Fetch Operator
      limit: -1
      Processor Tree:
        TableScan
          alias: loc_orc
          Statistics: Num rows: 8 Data size: 816 Basic stats: COMPLETE Column stats: COMPLETE
          Select Operator
            expressions: state (type: string), locid (type: int), zip (type: bigint), year (type: int)
            outputColumnNames: _col0, _col1, _col2, _col3
            Statistics: Num rows: 8 Data size: 816 Basic stats: COMPLETE Column stats: COMPLETE
            ListSink

PREHOOK: query: explain select * from loc_orc where locid > 30
PREHOOK: type: QUERY
POSTHOOK: query: explain select * from loc_orc where locid > 30
POSTHOOK: type: QUERY
STAGE DEPENDENCIES:
  Stage-1 is a root stage
  Stage-0 depends on stages: Stage-1

STAGE PLANS:
  Stage: Stage-1
    Map Reduce
      Map Operator Tree:
          TableScan
            alias: loc_orc
            Statistics: Num rows: 8 Data size: 816 Basic stats: COMPLETE Column stats: COMPLETE
            Filter Operator
              predicate: false (type: boolean)
              Statistics: Num rows: 1 Data size: 102 Basic stats: COMPLETE Column stats: COMPLETE
              Select Operator
                expressions: state (type: string), locid (type: int), zip (type: bigint), year (type: int)
                outputColumnNames: _col0, _col1, _col2, _col3
                Statistics: Num rows: 1 Data size: 102 Basic stats: COMPLETE Column stats: COMPLETE
                File Output Operator
                  compressed: false
                  Statistics: Num rows: 1 Data size: 102 Basic stats: COMPLETE Column stats: COMPLETE
                  table:
                      input format: org.apache.hadoop.mapred.SequenceFileInputFormat
                      output format: org.apache.hadoop.hive.ql.io.HiveSequenceFileOutputFormat
                      serde: org.apache.hadoop.hive.serde2.lazy.LazySimpleSerDe
      Execution mode: vectorized

  Stage: Stage-0
    Fetch Operator
      limit: -1
      Processor Tree:
        ListSink

PREHOOK: query: explain select * from loc_orc where locid <= 30
PREHOOK: type: QUERY
POSTHOOK: query: explain select * from loc_orc where locid <= 30
POSTHOOK: type: QUERY
STAGE DEPENDENCIES:
  Stage-0 is a root stage

STAGE PLANS:
  Stage: Stage-0
    Fetch Operator
      limit: -1
      Processor Tree:
        TableScan
          alias: loc_orc
          Statistics: Num rows: 8 Data size: 816 Basic stats: COMPLETE Column stats: COMPLETE
          Select Operator
            expressions: state (type: string), locid (type: int), zip (type: bigint), year (type: int)
            outputColumnNames: _col0, _col1, _col2, _col3
            Statistics: Num rows: 8 Data size: 816 Basic stats: COMPLETE Column stats: COMPLETE
            ListSink

PREHOOK: query: explain select * from loc_orc where locid >= 30
PREHOOK: type: QUERY
POSTHOOK: query: explain select * from loc_orc where locid >= 30
POSTHOOK: type: QUERY
STAGE DEPENDENCIES:
  Stage-1 is a root stage
  Stage-0 depends on stages: Stage-1

STAGE PLANS:
  Stage: Stage-1
    Map Reduce
      Map Operator Tree:
          TableScan
            alias: loc_orc
            Statistics: Num rows: 8 Data size: 816 Basic stats: COMPLETE Column stats: COMPLETE
            Filter Operator
              predicate: false (type: boolean)
              Statistics: Num rows: 1 Data size: 102 Basic stats: COMPLETE Column stats: COMPLETE
              Select Operator
                expressions: state (type: string), locid (type: int), zip (type: bigint), year (type: int)
                outputColumnNames: _col0, _col1, _col2, _col3
                Statistics: Num rows: 1 Data size: 102 Basic stats: COMPLETE Column stats: COMPLETE
                File Output Operator
                  compressed: false
                  Statistics: Num rows: 1 Data size: 102 Basic stats: COMPLETE Column stats: COMPLETE
                  table:
                      input format: org.apache.hadoop.mapred.SequenceFileInputFormat
                      output format: org.apache.hadoop.hive.ql.io.HiveSequenceFileOutputFormat
                      serde: org.apache.hadoop.hive.serde2.lazy.LazySimpleSerDe
      Execution mode: vectorized

  Stage: Stage-0
    Fetch Operator
      limit: -1
      Processor Tree:
        ListSink

PREHOOK: query: explain select * from loc_orc where locid < 6
PREHOOK: type: QUERY
POSTHOOK: query: explain select * from loc_orc where locid < 6
POSTHOOK: type: QUERY
STAGE DEPENDENCIES:
  Stage-1 is a root stage
  Stage-0 depends on stages: Stage-1

STAGE PLANS:
  Stage: Stage-1
    Map Reduce
      Map Operator Tree:
          TableScan
            alias: loc_orc
            Statistics: Num rows: 8 Data size: 816 Basic stats: COMPLETE Column stats: COMPLETE
            Filter Operator
              predicate: (locid < 6) (type: boolean)
              Statistics: Num rows: 2 Data size: 204 Basic stats: COMPLETE Column stats: COMPLETE
              Select Operator
                expressions: state (type: string), locid (type: int), zip (type: bigint), year (type: int)
                outputColumnNames: _col0, _col1, _col2, _col3
                Statistics: Num rows: 2 Data size: 204 Basic stats: COMPLETE Column stats: COMPLETE
                File Output Operator
                  compressed: false
                  Statistics: Num rows: 2 Data size: 204 Basic stats: COMPLETE Column stats: COMPLETE
                  table:
                      input format: org.apache.hadoop.mapred.SequenceFileInputFormat
                      output format: org.apache.hadoop.hive.ql.io.HiveSequenceFileOutputFormat
                      serde: org.apache.hadoop.hive.serde2.lazy.LazySimpleSerDe
      Execution mode: vectorized

  Stage: Stage-0
    Fetch Operator
      limit: -1
      Processor Tree:
        ListSink

PREHOOK: query: explain select * from loc_orc where locid > 6
PREHOOK: type: QUERY
POSTHOOK: query: explain select * from loc_orc where locid > 6
POSTHOOK: type: QUERY
STAGE DEPENDENCIES:
  Stage-1 is a root stage
  Stage-0 depends on stages: Stage-1

STAGE PLANS:
  Stage: Stage-1
    Map Reduce
      Map Operator Tree:
          TableScan
            alias: loc_orc
            Statistics: Num rows: 8 Data size: 816 Basic stats: COMPLETE Column stats: COMPLETE
            Filter Operator
              predicate: false (type: boolean)
              Statistics: Num rows: 1 Data size: 102 Basic stats: COMPLETE Column stats: COMPLETE
              Select Operator
                expressions: state (type: string), locid (type: int), zip (type: bigint), year (type: int)
                outputColumnNames: _col0, _col1, _col2, _col3
                Statistics: Num rows: 1 Data size: 102 Basic stats: COMPLETE Column stats: COMPLETE
                File Output Operator
                  compressed: false
                  Statistics: Num rows: 1 Data size: 102 Basic stats: COMPLETE Column stats: COMPLETE
                  table:
                      input format: org.apache.hadoop.mapred.SequenceFileInputFormat
                      output format: org.apache.hadoop.hive.ql.io.HiveSequenceFileOutputFormat
                      serde: org.apache.hadoop.hive.serde2.lazy.LazySimpleSerDe
      Execution mode: vectorized

  Stage: Stage-0
    Fetch Operator
      limit: -1
      Processor Tree:
        ListSink

PREHOOK: query: explain select * from loc_orc where locid <= 6
PREHOOK: type: QUERY
POSTHOOK: query: explain select * from loc_orc where locid <= 6
POSTHOOK: type: QUERY
STAGE DEPENDENCIES:
  Stage-0 is a root stage

STAGE PLANS:
  Stage: Stage-0
    Fetch Operator
      limit: -1
      Processor Tree:
        TableScan
          alias: loc_orc
          Statistics: Num rows: 8 Data size: 816 Basic stats: COMPLETE Column stats: COMPLETE
          Select Operator
            expressions: state (type: string), locid (type: int), zip (type: bigint), year (type: int)
            outputColumnNames: _col0, _col1, _col2, _col3
            Statistics: Num rows: 8 Data size: 816 Basic stats: COMPLETE Column stats: COMPLETE
            ListSink

PREHOOK: query: explain select * from loc_orc where locid >= 6
PREHOOK: type: QUERY
POSTHOOK: query: explain select * from loc_orc where locid >= 6
POSTHOOK: type: QUERY
STAGE DEPENDENCIES:
  Stage-1 is a root stage
  Stage-0 depends on stages: Stage-1

STAGE PLANS:
  Stage: Stage-1
    Map Reduce
      Map Operator Tree:
          TableScan
            alias: loc_orc
            Statistics: Num rows: 8 Data size: 816 Basic stats: COMPLETE Column stats: COMPLETE
            Filter Operator
              predicate: (locid >= 6) (type: boolean)
              Statistics: Num rows: 2 Data size: 204 Basic stats: COMPLETE Column stats: COMPLETE
              Select Operator
                expressions: state (type: string), locid (type: int), zip (type: bigint), year (type: int)
                outputColumnNames: _col0, _col1, _col2, _col3
                Statistics: Num rows: 2 Data size: 204 Basic stats: COMPLETE Column stats: COMPLETE
                File Output Operator
                  compressed: false
                  Statistics: Num rows: 2 Data size: 204 Basic stats: COMPLETE Column stats: COMPLETE
                  table:
                      input format: org.apache.hadoop.mapred.SequenceFileInputFormat
                      output format: org.apache.hadoop.hive.ql.io.HiveSequenceFileOutputFormat
                      serde: org.apache.hadoop.hive.serde2.lazy.LazySimpleSerDe
      Execution mode: vectorized

  Stage: Stage-0
    Fetch Operator
      limit: -1
      Processor Tree:
        ListSink

PREHOOK: query: explain select * from loc_orc where locid < 1
PREHOOK: type: QUERY
POSTHOOK: query: explain select * from loc_orc where locid < 1
POSTHOOK: type: QUERY
STAGE DEPENDENCIES:
  Stage-1 is a root stage
  Stage-0 depends on stages: Stage-1

STAGE PLANS:
  Stage: Stage-1
    Map Reduce
      Map Operator Tree:
          TableScan
            alias: loc_orc
            Statistics: Num rows: 8 Data size: 816 Basic stats: COMPLETE Column stats: COMPLETE
            Filter Operator
              predicate: false (type: boolean)
              Statistics: Num rows: 1 Data size: 102 Basic stats: COMPLETE Column stats: COMPLETE
              Select Operator
                expressions: state (type: string), locid (type: int), zip (type: bigint), year (type: int)
                outputColumnNames: _col0, _col1, _col2, _col3
                Statistics: Num rows: 1 Data size: 102 Basic stats: COMPLETE Column stats: COMPLETE
                File Output Operator
                  compressed: false
                  Statistics: Num rows: 1 Data size: 102 Basic stats: COMPLETE Column stats: COMPLETE
                  table:
                      input format: org.apache.hadoop.mapred.SequenceFileInputFormat
                      output format: org.apache.hadoop.hive.ql.io.HiveSequenceFileOutputFormat
                      serde: org.apache.hadoop.hive.serde2.lazy.LazySimpleSerDe
      Execution mode: vectorized

  Stage: Stage-0
    Fetch Operator
      limit: -1
      Processor Tree:
        ListSink

PREHOOK: query: explain select * from loc_orc where locid > 1
PREHOOK: type: QUERY
POSTHOOK: query: explain select * from loc_orc where locid > 1
POSTHOOK: type: QUERY
STAGE DEPENDENCIES:
  Stage-1 is a root stage
  Stage-0 depends on stages: Stage-1

STAGE PLANS:
  Stage: Stage-1
    Map Reduce
      Map Operator Tree:
          TableScan
            alias: loc_orc
            Statistics: Num rows: 8 Data size: 816 Basic stats: COMPLETE Column stats: COMPLETE
            Filter Operator
              predicate: (locid > 1) (type: boolean)
              Statistics: Num rows: 8 Data size: 816 Basic stats: COMPLETE Column stats: COMPLETE
              Select Operator
                expressions: state (type: string), locid (type: int), zip (type: bigint), year (type: int)
                outputColumnNames: _col0, _col1, _col2, _col3
                Statistics: Num rows: 8 Data size: 816 Basic stats: COMPLETE Column stats: COMPLETE
                File Output Operator
                  compressed: false
                  Statistics: Num rows: 8 Data size: 816 Basic stats: COMPLETE Column stats: COMPLETE
                  table:
                      input format: org.apache.hadoop.mapred.SequenceFileInputFormat
                      output format: org.apache.hadoop.hive.ql.io.HiveSequenceFileOutputFormat
                      serde: org.apache.hadoop.hive.serde2.lazy.LazySimpleSerDe
      Execution mode: vectorized

  Stage: Stage-0
    Fetch Operator
      limit: -1
      Processor Tree:
        ListSink

PREHOOK: query: explain select * from loc_orc where locid <= 1
PREHOOK: type: QUERY
POSTHOOK: query: explain select * from loc_orc where locid <= 1
POSTHOOK: type: QUERY
STAGE DEPENDENCIES:
  Stage-1 is a root stage
  Stage-0 depends on stages: Stage-1

STAGE PLANS:
  Stage: Stage-1
    Map Reduce
      Map Operator Tree:
          TableScan
            alias: loc_orc
            Statistics: Num rows: 8 Data size: 816 Basic stats: COMPLETE Column stats: COMPLETE
            Filter Operator
              predicate: (locid <= 1) (type: boolean)
              Statistics: Num rows: 2 Data size: 204 Basic stats: COMPLETE Column stats: COMPLETE
              Select Operator
                expressions: state (type: string), locid (type: int), zip (type: bigint), year (type: int)
                outputColumnNames: _col0, _col1, _col2, _col3
                Statistics: Num rows: 2 Data size: 204 Basic stats: COMPLETE Column stats: COMPLETE
                File Output Operator
                  compressed: false
                  Statistics: Num rows: 2 Data size: 204 Basic stats: COMPLETE Column stats: COMPLETE
                  table:
                      input format: org.apache.hadoop.mapred.SequenceFileInputFormat
                      output format: org.apache.hadoop.hive.ql.io.HiveSequenceFileOutputFormat
                      serde: org.apache.hadoop.hive.serde2.lazy.LazySimpleSerDe
      Execution mode: vectorized

  Stage: Stage-0
    Fetch Operator
      limit: -1
      Processor Tree:
        ListSink

PREHOOK: query: explain select * from loc_orc where locid >= 1
PREHOOK: type: QUERY
POSTHOOK: query: explain select * from loc_orc where locid >= 1
POSTHOOK: type: QUERY
STAGE DEPENDENCIES:
  Stage-0 is a root stage

STAGE PLANS:
  Stage: Stage-0
    Fetch Operator
      limit: -1
      Processor Tree:
        TableScan
          alias: loc_orc
          Statistics: Num rows: 8 Data size: 816 Basic stats: COMPLETE Column stats: COMPLETE
          Select Operator
            expressions: state (type: string), locid (type: int), zip (type: bigint), year (type: int)
            outputColumnNames: _col0, _col1, _col2, _col3
            Statistics: Num rows: 8 Data size: 816 Basic stats: COMPLETE Column stats: COMPLETE
            ListSink

PREHOOK: query: explain select * from loc_orc where locid IN (-4,5,30,40)
PREHOOK: type: QUERY
POSTHOOK: query: explain select * from loc_orc where locid IN (-4,5,30,40)
POSTHOOK: type: QUERY
STAGE DEPENDENCIES:
  Stage-1 is a root stage
  Stage-0 depends on stages: Stage-1

STAGE PLANS:
  Stage: Stage-1
    Map Reduce
      Map Operator Tree:
          TableScan
            alias: loc_orc
            Statistics: Num rows: 8 Data size: 816 Basic stats: COMPLETE Column stats: COMPLETE
            Filter Operator
              predicate: (locid) IN (5) (type: boolean)
              Statistics: Num rows: 1 Data size: 102 Basic stats: COMPLETE Column stats: COMPLETE
              Select Operator
                expressions: state (type: string), locid (type: int), zip (type: bigint), year (type: int)
                outputColumnNames: _col0, _col1, _col2, _col3
                Statistics: Num rows: 1 Data size: 102 Basic stats: COMPLETE Column stats: COMPLETE
                File Output Operator
                  compressed: false
                  Statistics: Num rows: 1 Data size: 102 Basic stats: COMPLETE Column stats: COMPLETE
                  table:
                      input format: org.apache.hadoop.mapred.SequenceFileInputFormat
                      output format: org.apache.hadoop.hive.ql.io.HiveSequenceFileOutputFormat
                      serde: org.apache.hadoop.hive.serde2.lazy.LazySimpleSerDe
      Execution mode: vectorized

  Stage: Stage-0
    Fetch Operator
      limit: -1
      Processor Tree:
        ListSink

PREHOOK: query: explain select * from loc_orc where locid IN (5,2,3)
PREHOOK: type: QUERY
POSTHOOK: query: explain select * from loc_orc where locid IN (5,2,3)
POSTHOOK: type: QUERY
STAGE DEPENDENCIES:
  Stage-1 is a root stage
  Stage-0 depends on stages: Stage-1

STAGE PLANS:
  Stage: Stage-1
    Map Reduce
      Map Operator Tree:
          TableScan
            alias: loc_orc
            Statistics: Num rows: 8 Data size: 816 Basic stats: COMPLETE Column stats: COMPLETE
            Filter Operator
              predicate: (locid) IN (5, 2, 3) (type: boolean)
              Statistics: Num rows: 4 Data size: 408 Basic stats: COMPLETE Column stats: COMPLETE
              Select Operator
                expressions: state (type: string), locid (type: int), zip (type: bigint), year (type: int)
                outputColumnNames: _col0, _col1, _col2, _col3
                Statistics: Num rows: 4 Data size: 408 Basic stats: COMPLETE Column stats: COMPLETE
                File Output Operator
                  compressed: false
                  Statistics: Num rows: 4 Data size: 408 Basic stats: COMPLETE Column stats: COMPLETE
                  table:
                      input format: org.apache.hadoop.mapred.SequenceFileInputFormat
                      output format: org.apache.hadoop.hive.ql.io.HiveSequenceFileOutputFormat
                      serde: org.apache.hadoop.hive.serde2.lazy.LazySimpleSerDe
      Execution mode: vectorized

  Stage: Stage-0
    Fetch Operator
      limit: -1
      Processor Tree:
        ListSink

PREHOOK: query: explain select * from loc_orc where locid IN (1,6,9)
PREHOOK: type: QUERY
POSTHOOK: query: explain select * from loc_orc where locid IN (1,6,9)
POSTHOOK: type: QUERY
STAGE DEPENDENCIES:
  Stage-1 is a root stage
  Stage-0 depends on stages: Stage-1

STAGE PLANS:
  Stage: Stage-1
    Map Reduce
      Map Operator Tree:
          TableScan
            alias: loc_orc
            Statistics: Num rows: 8 Data size: 816 Basic stats: COMPLETE Column stats: COMPLETE
            Filter Operator
              predicate: (locid) IN (1, 6) (type: boolean)
              Statistics: Num rows: 3 Data size: 306 Basic stats: COMPLETE Column stats: COMPLETE
              Select Operator
                expressions: state (type: string), locid (type: int), zip (type: bigint), year (type: int)
                outputColumnNames: _col0, _col1, _col2, _col3
                Statistics: Num rows: 3 Data size: 306 Basic stats: COMPLETE Column stats: COMPLETE
                File Output Operator
                  compressed: false
                  Statistics: Num rows: 3 Data size: 306 Basic stats: COMPLETE Column stats: COMPLETE
                  table:
                      input format: org.apache.hadoop.mapred.SequenceFileInputFormat
                      output format: org.apache.hadoop.hive.ql.io.HiveSequenceFileOutputFormat
                      serde: org.apache.hadoop.hive.serde2.lazy.LazySimpleSerDe
      Execution mode: vectorized

  Stage: Stage-0
    Fetch Operator
      limit: -1
      Processor Tree:
        ListSink

PREHOOK: query: explain select * from loc_orc where locid IN (40,30)
PREHOOK: type: QUERY
POSTHOOK: query: explain select * from loc_orc where locid IN (40,30)
POSTHOOK: type: QUERY
STAGE DEPENDENCIES:
  Stage-1 is a root stage
  Stage-0 depends on stages: Stage-1

STAGE PLANS:
  Stage: Stage-1
    Map Reduce
      Map Operator Tree:
          TableScan
            alias: loc_orc
            Statistics: Num rows: 8 Data size: 816 Basic stats: COMPLETE Column stats: COMPLETE
            Filter Operator
              predicate: false (type: boolean)
              Statistics: Num rows: 1 Data size: 102 Basic stats: COMPLETE Column stats: COMPLETE
              Select Operator
                expressions: state (type: string), locid (type: int), zip (type: bigint), year (type: int)
                outputColumnNames: _col0, _col1, _col2, _col3
                Statistics: Num rows: 1 Data size: 102 Basic stats: COMPLETE Column stats: COMPLETE
                File Output Operator
                  compressed: false
                  Statistics: Num rows: 1 Data size: 102 Basic stats: COMPLETE Column stats: COMPLETE
                  table:
                      input format: org.apache.hadoop.mapred.SequenceFileInputFormat
                      output format: org.apache.hadoop.hive.ql.io.HiveSequenceFileOutputFormat
                      serde: org.apache.hadoop.hive.serde2.lazy.LazySimpleSerDe
      Execution mode: vectorized

  Stage: Stage-0
    Fetch Operator
      limit: -1
      Processor Tree:
        ListSink

PREHOOK: query: create table t ( s string)
PREHOOK: type: CREATETABLE
PREHOOK: Output: database:default
PREHOOK: Output: default@t
POSTHOOK: query: create table t ( s string)
POSTHOOK: type: CREATETABLE
POSTHOOK: Output: database:default
POSTHOOK: Output: default@t
PREHOOK: query: insert into t values (null),(null)
PREHOOK: type: QUERY
PREHOOK: Input: _dummy_database@_dummy_table
PREHOOK: Output: default@t
POSTHOOK: query: insert into t values (null),(null)
POSTHOOK: type: QUERY
POSTHOOK: Input: _dummy_database@_dummy_table
POSTHOOK: Output: default@t
POSTHOOK: Lineage: t.s EXPRESSION []
PREHOOK: query: analyze table t compute statistics for columns s
PREHOOK: type: ANALYZE_TABLE
PREHOOK: Input: default@t
PREHOOK: Output: default@t
#### A masked pattern was here ####
POSTHOOK: query: analyze table t compute statistics for columns s
POSTHOOK: type: ANALYZE_TABLE
POSTHOOK: Input: default@t
POSTHOOK: Output: default@t
#### A masked pattern was here ####
PREHOOK: query: explain select * from t where s is null
PREHOOK: type: QUERY
POSTHOOK: query: explain select * from t where s is null
POSTHOOK: type: QUERY
STAGE DEPENDENCIES:
  Stage-0 is a root stage

STAGE PLANS:
  Stage: Stage-0
    Fetch Operator
      limit: -1
      Processor Tree:
        TableScan
          alias: t
          Statistics: Num rows: 2 Data size: 84 Basic stats: COMPLETE Column stats: COMPLETE
          Select Operator
            expressions: s (type: string)
            outputColumnNames: _col0
            Statistics: Num rows: 2 Data size: 84 Basic stats: COMPLETE Column stats: COMPLETE
            ListSink

PREHOOK: query: explain select * from loc_orc where locid is not null
PREHOOK: type: QUERY
POSTHOOK: query: explain select * from loc_orc where locid is not null
POSTHOOK: type: QUERY
STAGE DEPENDENCIES:
  Stage-0 is a root stage

STAGE PLANS:
  Stage: Stage-0
    Fetch Operator
      limit: -1
      Processor Tree:
        TableScan
          alias: loc_orc
          Statistics: Num rows: 8 Data size: 816 Basic stats: COMPLETE Column stats: COMPLETE
          Select Operator
            expressions: state (type: string), locid (type: int), zip (type: bigint), year (type: int)
            outputColumnNames: _col0, _col1, _col2, _col3
            Statistics: Num rows: 8 Data size: 816 Basic stats: COMPLETE Column stats: COMPLETE
            ListSink

PREHOOK: query: explain select * from t where s is not null
PREHOOK: type: QUERY
POSTHOOK: query: explain select * from t where s is not null
POSTHOOK: type: QUERY
STAGE DEPENDENCIES:
  Stage-1 is a root stage
  Stage-0 depends on stages: Stage-1

STAGE PLANS:
  Stage: Stage-1
    Map Reduce
      Map Operator Tree:
          TableScan
            alias: t
            Statistics: Num rows: 2 Data size: 84 Basic stats: COMPLETE Column stats: COMPLETE
            Filter Operator
              predicate: false (type: boolean)
              Statistics: Num rows: 1 Data size: 84 Basic stats: COMPLETE Column stats: COMPLETE
              Select Operator
                expressions: s (type: string)
                outputColumnNames: _col0
                Statistics: Num rows: 1 Data size: 84 Basic stats: COMPLETE Column stats: COMPLETE
                File Output Operator
                  compressed: false
                  Statistics: Num rows: 1 Data size: 84 Basic stats: COMPLETE Column stats: COMPLETE
                  table:
                      input format: org.apache.hadoop.mapred.SequenceFileInputFormat
                      output format: org.apache.hadoop.hive.ql.io.HiveSequenceFileOutputFormat
                      serde: org.apache.hadoop.hive.serde2.lazy.LazySimpleSerDe
      Execution mode: vectorized

  Stage: Stage-0
    Fetch Operator
      limit: -1
      Processor Tree:
        ListSink

PREHOOK: query: explain select * from loc_orc where locid is null
PREHOOK: type: QUERY
POSTHOOK: query: explain select * from loc_orc where locid is null
POSTHOOK: type: QUERY
STAGE DEPENDENCIES:
  Stage-1 is a root stage
  Stage-0 depends on stages: Stage-1

STAGE PLANS:
  Stage: Stage-1
    Map Reduce
      Map Operator Tree:
          TableScan
            alias: loc_orc
            Statistics: Num rows: 8 Data size: 816 Basic stats: COMPLETE Column stats: COMPLETE
            Filter Operator
              predicate: false (type: boolean)
              Statistics: Num rows: 1 Data size: 102 Basic stats: COMPLETE Column stats: COMPLETE
              Select Operator
                expressions: state (type: string), locid (type: int), zip (type: bigint), year (type: int)
                outputColumnNames: _col0, _col1, _col2, _col3
                Statistics: Num rows: 1 Data size: 102 Basic stats: COMPLETE Column stats: COMPLETE
                File Output Operator
                  compressed: false
                  Statistics: Num rows: 1 Data size: 102 Basic stats: COMPLETE Column stats: COMPLETE
                  table:
                      input format: org.apache.hadoop.mapred.SequenceFileInputFormat
                      output format: org.apache.hadoop.hive.ql.io.HiveSequenceFileOutputFormat
                      serde: org.apache.hadoop.hive.serde2.lazy.LazySimpleSerDe
      Execution mode: vectorized

  Stage: Stage-0
    Fetch Operator
      limit: -1
      Processor Tree:
        ListSink

PREHOOK: query: insert into t values ('val1')
PREHOOK: type: QUERY
PREHOOK: Input: _dummy_database@_dummy_table
PREHOOK: Output: default@t
POSTHOOK: query: insert into t values ('val1')
POSTHOOK: type: QUERY
POSTHOOK: Input: _dummy_database@_dummy_table
POSTHOOK: Output: default@t
POSTHOOK: Lineage: t.s SCRIPT []
PREHOOK: query: analyze table t compute statistics for columns s
PREHOOK: type: ANALYZE_TABLE
PREHOOK: Input: default@t
PREHOOK: Output: default@t
#### A masked pattern was here ####
POSTHOOK: query: analyze table t compute statistics for columns s
POSTHOOK: type: ANALYZE_TABLE
POSTHOOK: Input: default@t
POSTHOOK: Output: default@t
#### A masked pattern was here ####
PREHOOK: query: explain select * from t where s is not null
PREHOOK: type: QUERY
POSTHOOK: query: explain select * from t where s is not null
POSTHOOK: type: QUERY
STAGE DEPENDENCIES:
  Stage-1 is a root stage
  Stage-0 depends on stages: Stage-1

STAGE PLANS:
  Stage: Stage-1
    Map Reduce
      Map Operator Tree:
          TableScan
            alias: t
            Statistics: Num rows: 3 Data size: 170 Basic stats: COMPLETE Column stats: COMPLETE
            Filter Operator
              predicate: s is not null (type: boolean)
              Statistics: Num rows: 1 Data size: 85 Basic stats: COMPLETE Column stats: COMPLETE
              Select Operator
                expressions: s (type: string)
                outputColumnNames: _col0
                Statistics: Num rows: 1 Data size: 85 Basic stats: COMPLETE Column stats: COMPLETE
                File Output Operator
                  compressed: false
                  Statistics: Num rows: 1 Data size: 85 Basic stats: COMPLETE Column stats: COMPLETE
                  table:
                      input format: org.apache.hadoop.mapred.SequenceFileInputFormat
                      output format: org.apache.hadoop.hive.ql.io.HiveSequenceFileOutputFormat
                      serde: org.apache.hadoop.hive.serde2.lazy.LazySimpleSerDe
      Execution mode: vectorized

  Stage: Stage-0
    Fetch Operator
      limit: -1
      Processor Tree:
        ListSink

PREHOOK: query: explain select * from t where s is null
PREHOOK: type: QUERY
POSTHOOK: query: explain select * from t where s is null
POSTHOOK: type: QUERY
STAGE DEPENDENCIES:
  Stage-1 is a root stage
  Stage-0 depends on stages: Stage-1

STAGE PLANS:
  Stage: Stage-1
    Map Reduce
      Map Operator Tree:
          TableScan
            alias: t
            Statistics: Num rows: 3 Data size: 170 Basic stats: COMPLETE Column stats: COMPLETE
            Filter Operator
              predicate: s is null (type: boolean)
              Statistics: Num rows: 2 Data size: 170 Basic stats: COMPLETE Column stats: COMPLETE
              Select Operator
                expressions: null (type: string)
                outputColumnNames: _col0
                Statistics: Num rows: 2 Data size: 84 Basic stats: COMPLETE Column stats: COMPLETE
                File Output Operator
                  compressed: false
                  Statistics: Num rows: 2 Data size: 84 Basic stats: COMPLETE Column stats: COMPLETE
                  table:
                      input format: org.apache.hadoop.mapred.SequenceFileInputFormat
                      output format: org.apache.hadoop.hive.ql.io.HiveSequenceFileOutputFormat
                      serde: org.apache.hadoop.hive.serde2.lazy.LazySimpleSerDe
      Execution mode: vectorized

  Stage: Stage-0
    Fetch Operator
      limit: -1
      Processor Tree:
        ListSink

