PREHOOK: query: CREATE TABLE T1(key STRING, val STRING) STORED AS TEXTFILE
PREHOOK: type: CREATETABLE
PREHOOK: Output: database:default
PREHOOK: Output: default@T1
POSTHOOK: query: CREATE TABLE T1(key STRING, val STRING) STORED AS TEXTFILE
POSTHOOK: type: CREATETABLE
POSTHOOK: Output: database:default
POSTHOOK: Output: default@T1
PREHOOK: query: LOAD DATA LOCAL INPATH '../../data/files/T1.txt' INTO TABLE T1
PREHOOK: type: LOAD
#### A masked pattern was here ####
PREHOOK: Output: default@t1
POSTHOOK: query: LOAD DATA LOCAL INPATH '../../data/files/T1.txt' INTO TABLE T1
POSTHOOK: type: LOAD
#### A masked pattern was here ####
POSTHOOK: Output: default@t1
PREHOOK: query: EXPLAIN
SELECT COUNT(*) FROM
  (SELECT src1.key,src1.value FROM src src1 JOIN src src2 ON src1.key=src2.key) a
JOIN
  (SELECT src.key,src.value FROM src JOIN T1 ON src.key=T1.key) b
ON a.key=b.key
PREHOOK: type: QUERY
POSTHOOK: query: EXPLAIN
SELECT COUNT(*) FROM
  (SELECT src1.key,src1.value FROM src src1 JOIN src src2 ON src1.key=src2.key) a
JOIN
  (SELECT src.key,src.value FROM src JOIN T1 ON src.key=T1.key) b
ON a.key=b.key
POSTHOOK: type: QUERY
STAGE DEPENDENCIES:
  Stage-18 is a root stage , consists of Stage-27, Stage-28, Stage-2
  Stage-27 has a backup stage: Stage-2
  Stage-16 depends on stages: Stage-27
  Stage-8 depends on stages: Stage-2, Stage-13, Stage-14, Stage-16, Stage-17, Stage-22, Stage-23 , consists of Stage-26, Stage-3
  Stage-26
  Stage-7 depends on stages: Stage-26
  Stage-3 depends on stages: Stage-7
  Stage-28 has a backup stage: Stage-2
  Stage-17 depends on stages: Stage-28
  Stage-2
  Stage-21 is a root stage , consists of Stage-32, Stage-33, Stage-1
  Stage-32 has a backup stage: Stage-1
  Stage-19 depends on stages: Stage-32
  Stage-10 depends on stages: Stage-1, Stage-19, Stage-20 , consists of Stage-31, Stage-2
  Stage-31
  Stage-9 depends on stages: Stage-31
  Stage-15 depends on stages: Stage-9, Stage-11 , consists of Stage-29, Stage-30, Stage-2
  Stage-29 has a backup stage: Stage-2
  Stage-13 depends on stages: Stage-29
  Stage-30 has a backup stage: Stage-2
  Stage-14 depends on stages: Stage-30
  Stage-33 has a backup stage: Stage-1
  Stage-20 depends on stages: Stage-33
  Stage-1
  Stage-24 is a root stage , consists of Stage-34, Stage-35, Stage-2
  Stage-34 has a backup stage: Stage-2
  Stage-22 depends on stages: Stage-34
  Stage-35 has a backup stage: Stage-2
  Stage-23 depends on stages: Stage-35
  Stage-37 is a root stage
  Stage-25 depends on stages: Stage-37
  Stage-12 depends on stages: Stage-25 , consists of Stage-36, Stage-2
  Stage-36
  Stage-11 depends on stages: Stage-36
  Stage-0 depends on stages: Stage-3

STAGE PLANS:
  Stage: Stage-18
    Conditional Operator

  Stage: Stage-27
    Map Reduce Local Work
      Alias -> Map Local Tables:
        $INTNAME1 
          Fetch Operator
            limit: -1
      Alias -> Map Local Operator Tree:
        $INTNAME1 
          TableScan
            HashTable Sink Operator
              keys:
                0 _col0 (type: string)
                1 _col0 (type: string)

  Stage: Stage-16
    Map Reduce
      Map Operator Tree:
          TableScan
            Map Join Operator
              condition map:
                   Inner Join 0 to 1
              keys:
                0 _col0 (type: string)
                1 _col0 (type: string)
              Statistics: Num rows: 605 Data size: 6427 Basic stats: COMPLETE Column stats: NONE
              Group By Operator
                aggregations: count()
                mode: hash
                outputColumnNames: _col0
                Statistics: Num rows: 1 Data size: 8 Basic stats: COMPLETE Column stats: NONE
                File Output Operator
                  compressed: false
                  table:
                      input format: org.apache.hadoop.mapred.SequenceFileInputFormat
                      output format: org.apache.hadoop.hive.ql.io.HiveSequenceFileOutputFormat
                      serde: org.apache.hadoop.hive.serde2.lazybinary.LazyBinarySerDe
      Execution mode: vectorized
      Local Work:
        Map Reduce Local Work

  Stage: Stage-8
    Conditional Operator

  Stage: Stage-26
    Map Reduce Local Work
      Alias -> Map Local Tables:
        1 
          Fetch Operator
            limit: -1
      Alias -> Map Local Operator Tree:
        1 
          TableScan
            HashTable Sink Operator
              keys:
                0 reducesinkkey0 (type: string)
                1 reducesinkkey0 (type: string)

  Stage: Stage-7
    Map Reduce
      Map Operator Tree:
          TableScan
            Map Join Operator
              condition map:
                   Inner Join 0 to 1
              keys:
                0 reducesinkkey0 (type: string)
                1 reducesinkkey0 (type: string)
              Group By Operator
                aggregations: count()
                mode: hash
                outputColumnNames: _col0
                Statistics: Num rows: 1 Data size: 8 Basic stats: COMPLETE Column stats: NONE
                File Output Operator
                  compressed: false
                  table:
                      input format: org.apache.hadoop.mapred.SequenceFileInputFormat
                      output format: org.apache.hadoop.hive.ql.io.HiveSequenceFileOutputFormat
                      serde: org.apache.hadoop.hive.serde2.lazybinary.LazyBinarySerDe
      Execution mode: vectorized
      Local Work:
        Map Reduce Local Work

  Stage: Stage-3
    Map Reduce
      Map Operator Tree:
          TableScan
            Reduce Output Operator
              sort order: 
              Statistics: Num rows: 1 Data size: 8 Basic stats: COMPLETE Column stats: NONE
              value expressions: _col0 (type: bigint)
      Execution mode: vectorized
      Reduce Operator Tree:
        Group By Operator
          aggregations: count(VALUE._col0)
          mode: mergepartial
          outputColumnNames: _col0
          Statistics: Num rows: 1 Data size: 8 Basic stats: COMPLETE Column stats: NONE
          File Output Operator
            compressed: false
            Statistics: Num rows: 1 Data size: 8 Basic stats: COMPLETE Column stats: NONE
            table:
                input format: org.apache.hadoop.mapred.SequenceFileInputFormat
                output format: org.apache.hadoop.hive.ql.io.HiveSequenceFileOutputFormat
                serde: org.apache.hadoop.hive.serde2.lazy.LazySimpleSerDe

  Stage: Stage-28
    Map Reduce Local Work
      Alias -> Map Local Tables:
        $INTNAME 
          Fetch Operator
            limit: -1
      Alias -> Map Local Operator Tree:
        $INTNAME 
          TableScan
            HashTable Sink Operator
              keys:
                0 _col0 (type: string)
                1 _col0 (type: string)

  Stage: Stage-17
    Map Reduce
      Map Operator Tree:
          TableScan
            Map Join Operator
              condition map:
                   Inner Join 0 to 1
              keys:
                0 _col0 (type: string)
                1 _col0 (type: string)
              Statistics: Num rows: 605 Data size: 6427 Basic stats: COMPLETE Column stats: NONE
              Group By Operator
                aggregations: count()
                mode: hash
                outputColumnNames: _col0
                Statistics: Num rows: 1 Data size: 8 Basic stats: COMPLETE Column stats: NONE
                File Output Operator
                  compressed: false
                  table:
                      input format: org.apache.hadoop.mapred.SequenceFileInputFormat
                      output format: org.apache.hadoop.hive.ql.io.HiveSequenceFileOutputFormat
                      serde: org.apache.hadoop.hive.serde2.lazybinary.LazyBinarySerDe
      Execution mode: vectorized
      Local Work:
        Map Reduce Local Work

  Stage: Stage-2
    Map Reduce
      Map Operator Tree:
          TableScan
            Reduce Output Operator
              key expressions: _col0 (type: string)
              sort order: +
              Map-reduce partition columns: _col0 (type: string)
              Statistics: Num rows: 550 Data size: 5843 Basic stats: COMPLETE Column stats: NONE
          TableScan
            Reduce Output Operator
              key expressions: _col0 (type: string)
              sort order: +
              Map-reduce partition columns: _col0 (type: string)
              Statistics: Num rows: 550 Data size: 5843 Basic stats: COMPLETE Column stats: NONE
      Reduce Operator Tree:
        Join Operator
          condition map:
               Inner Join 0 to 1
          handleSkewJoin: true
          keys:
            0 _col0 (type: string)
            1 _col0 (type: string)
          Statistics: Num rows: 605 Data size: 6427 Basic stats: COMPLETE Column stats: NONE
          Group By Operator
            aggregations: count()
            mode: hash
            outputColumnNames: _col0
            Statistics: Num rows: 1 Data size: 8 Basic stats: COMPLETE Column stats: NONE
            File Output Operator
              compressed: false
              table:
                  input format: org.apache.hadoop.mapred.SequenceFileInputFormat
                  output format: org.apache.hadoop.hive.ql.io.HiveSequenceFileOutputFormat
                  serde: org.apache.hadoop.hive.serde2.lazybinary.LazyBinarySerDe

  Stage: Stage-21
    Conditional Operator

  Stage: Stage-32
    Map Reduce Local Work
      Alias -> Map Local Tables:
        $hdt$_0:$hdt$_1:src2 
          Fetch Operator
            limit: -1
      Alias -> Map Local Operator Tree:
        $hdt$_0:$hdt$_1:src2 
          TableScan
            alias: src2
            Statistics: Num rows: 500 Data size: 5312 Basic stats: COMPLETE Column stats: NONE
            Filter Operator
              predicate: key is not null (type: boolean)
              Statistics: Num rows: 500 Data size: 5312 Basic stats: COMPLETE Column stats: NONE
              Select Operator
                expressions: key (type: string)
                outputColumnNames: _col0
                Statistics: Num rows: 500 Data size: 5312 Basic stats: COMPLETE Column stats: NONE
                HashTable Sink Operator
                  keys:
                    0 _col0 (type: string)
                    1 _col0 (type: string)

  Stage: Stage-19
    Map Reduce
      Map Operator Tree:
          TableScan
            alias: src1
            Statistics: Num rows: 500 Data size: 5312 Basic stats: COMPLETE Column stats: NONE
            Filter Operator
              predicate: key is not null (type: boolean)
              Statistics: Num rows: 500 Data size: 5312 Basic stats: COMPLETE Column stats: NONE
              Select Operator
                expressions: key (type: string)
                outputColumnNames: _col0
                Statistics: Num rows: 500 Data size: 5312 Basic stats: COMPLETE Column stats: NONE
                Map Join Operator
                  condition map:
                       Inner Join 0 to 1
                  keys:
                    0 _col0 (type: string)
                    1 _col0 (type: string)
                  outputColumnNames: _col0
                  Statistics: Num rows: 550 Data size: 5843 Basic stats: COMPLETE Column stats: NONE
                  File Output Operator
                    compressed: false
                    table:
                        input format: org.apache.hadoop.mapred.SequenceFileInputFormat
                        output format: org.apache.hadoop.hive.ql.io.HiveSequenceFileOutputFormat
                        serde: org.apache.hadoop.hive.serde2.lazybinary.LazyBinarySerDe
      Execution mode: vectorized
      Local Work:
        Map Reduce Local Work

  Stage: Stage-10
    Conditional Operator

  Stage: Stage-31
    Map Reduce Local Work
      Alias -> Map Local Tables:
        1 
          Fetch Operator
            limit: -1
      Alias -> Map Local Operator Tree:
        1 
          TableScan
            HashTable Sink Operator
              keys:
                0 reducesinkkey0 (type: string)
                1 reducesinkkey0 (type: string)

  Stage: Stage-9
    Map Reduce
      Map Operator Tree:
          TableScan
            Map Join Operator
              condition map:
                   Inner Join 0 to 1
              keys:
                0 reducesinkkey0 (type: string)
                1 reducesinkkey0 (type: string)
              outputColumnNames: _col0
              File Output Operator
                compressed: false
                table:
                    input format: org.apache.hadoop.mapred.SequenceFileInputFormat
                    output format: org.apache.hadoop.hive.ql.io.HiveSequenceFileOutputFormat
                    serde: org.apache.hadoop.hive.serde2.lazybinary.LazyBinarySerDe
      Local Work:
        Map Reduce Local Work

  Stage: Stage-15
    Conditional Operator

  Stage: Stage-29
    Map Reduce Local Work
      Alias -> Map Local Tables:
        $INTNAME1 
          Fetch Operator
            limit: -1
      Alias -> Map Local Operator Tree:
        $INTNAME1 
          TableScan
            HashTable Sink Operator
              keys:
                0 _col0 (type: string)
                1 _col0 (type: string)

  Stage: Stage-13
    Map Reduce
      Map Operator Tree:
          TableScan
            Map Join Operator
              condition map:
                   Inner Join 0 to 1
              keys:
                0 _col0 (type: string)
                1 _col0 (type: string)
              Statistics: Num rows: 605 Data size: 6427 Basic stats: COMPLETE Column stats: NONE
              Group By Operator
                aggregations: count()
                mode: hash
                outputColumnNames: _col0
                Statistics: Num rows: 1 Data size: 8 Basic stats: COMPLETE Column stats: NONE
                File Output Operator
                  compressed: false
                  table:
                      input format: org.apache.hadoop.mapred.SequenceFileInputFormat
                      output format: org.apache.hadoop.hive.ql.io.HiveSequenceFileOutputFormat
                      serde: org.apache.hadoop.hive.serde2.lazybinary.LazyBinarySerDe
      Execution mode: vectorized
      Local Work:
        Map Reduce Local Work

  Stage: Stage-30
    Map Reduce Local Work
      Alias -> Map Local Tables:
        $INTNAME 
          Fetch Operator
            limit: -1
      Alias -> Map Local Operator Tree:
        $INTNAME 
          TableScan
            HashTable Sink Operator
              keys:
                0 _col0 (type: string)
                1 _col0 (type: string)

  Stage: Stage-14
    Map Reduce
      Map Operator Tree:
          TableScan
            Map Join Operator
              condition map:
                   Inner Join 0 to 1
              keys:
                0 _col0 (type: string)
                1 _col0 (type: string)
              Statistics: Num rows: 605 Data size: 6427 Basic stats: COMPLETE Column stats: NONE
              Group By Operator
                aggregations: count()
                mode: hash
                outputColumnNames: _col0
                Statistics: Num rows: 1 Data size: 8 Basic stats: COMPLETE Column stats: NONE
                File Output Operator
                  compressed: false
                  table:
                      input format: org.apache.hadoop.mapred.SequenceFileInputFormat
                      output format: org.apache.hadoop.hive.ql.io.HiveSequenceFileOutputFormat
                      serde: org.apache.hadoop.hive.serde2.lazybinary.LazyBinarySerDe
      Execution mode: vectorized
      Local Work:
        Map Reduce Local Work

  Stage: Stage-33
    Map Reduce Local Work
      Alias -> Map Local Tables:
        $hdt$_0:$hdt$_0:src1 
          Fetch Operator
            limit: -1
      Alias -> Map Local Operator Tree:
        $hdt$_0:$hdt$_0:src1 
          TableScan
            alias: src1
            Statistics: Num rows: 500 Data size: 5312 Basic stats: COMPLETE Column stats: NONE
            Filter Operator
              predicate: key is not null (type: boolean)
              Statistics: Num rows: 500 Data size: 5312 Basic stats: COMPLETE Column stats: NONE
              Select Operator
                expressions: key (type: string)
                outputColumnNames: _col0
                Statistics: Num rows: 500 Data size: 5312 Basic stats: COMPLETE Column stats: NONE
                HashTable Sink Operator
                  keys:
                    0 _col0 (type: string)
                    1 _col0 (type: string)

  Stage: Stage-20
    Map Reduce
      Map Operator Tree:
          TableScan
            alias: src2
            Statistics: Num rows: 500 Data size: 5312 Basic stats: COMPLETE Column stats: NONE
            Filter Operator
              predicate: key is not null (type: boolean)
              Statistics: Num rows: 500 Data size: 5312 Basic stats: COMPLETE Column stats: NONE
              Select Operator
                expressions: key (type: string)
                outputColumnNames: _col0
                Statistics: Num rows: 500 Data size: 5312 Basic stats: COMPLETE Column stats: NONE
                Map Join Operator
                  condition map:
                       Inner Join 0 to 1
                  keys:
                    0 _col0 (type: string)
                    1 _col0 (type: string)
                  outputColumnNames: _col0
                  Statistics: Num rows: 550 Data size: 5843 Basic stats: COMPLETE Column stats: NONE
                  File Output Operator
                    compressed: false
                    table:
                        input format: org.apache.hadoop.mapred.SequenceFileInputFormat
                        output format: org.apache.hadoop.hive.ql.io.HiveSequenceFileOutputFormat
                        serde: org.apache.hadoop.hive.serde2.lazybinary.LazyBinarySerDe
      Execution mode: vectorized
      Local Work:
        Map Reduce Local Work

  Stage: Stage-1
    Map Reduce
      Map Operator Tree:
          TableScan
            alias: src1
            Statistics: Num rows: 500 Data size: 5312 Basic stats: COMPLETE Column stats: NONE
            Filter Operator
              predicate: key is not null (type: boolean)
              Statistics: Num rows: 500 Data size: 5312 Basic stats: COMPLETE Column stats: NONE
              Select Operator
                expressions: key (type: string)
                outputColumnNames: _col0
                Statistics: Num rows: 500 Data size: 5312 Basic stats: COMPLETE Column stats: NONE
                Reduce Output Operator
                  key expressions: _col0 (type: string)
                  sort order: +
                  Map-reduce partition columns: _col0 (type: string)
                  Statistics: Num rows: 500 Data size: 5312 Basic stats: COMPLETE Column stats: NONE
          TableScan
            alias: src2
            Statistics: Num rows: 500 Data size: 5312 Basic stats: COMPLETE Column stats: NONE
            Filter Operator
              predicate: key is not null (type: boolean)
              Statistics: Num rows: 500 Data size: 5312 Basic stats: COMPLETE Column stats: NONE
              Select Operator
                expressions: key (type: string)
                outputColumnNames: _col0
                Statistics: Num rows: 500 Data size: 5312 Basic stats: COMPLETE Column stats: NONE
                Reduce Output Operator
                  key expressions: _col0 (type: string)
                  sort order: +
                  Map-reduce partition columns: _col0 (type: string)
                  Statistics: Num rows: 500 Data size: 5312 Basic stats: COMPLETE Column stats: NONE
      Reduce Operator Tree:
        Join Operator
          condition map:
               Inner Join 0 to 1
          handleSkewJoin: true
          keys:
            0 _col0 (type: string)
            1 _col0 (type: string)
          outputColumnNames: _col0
          Statistics: Num rows: 550 Data size: 5843 Basic stats: COMPLETE Column stats: NONE
          File Output Operator
            compressed: false
            table:
                input format: org.apache.hadoop.mapred.SequenceFileInputFormat
                output format: org.apache.hadoop.hive.ql.io.HiveSequenceFileOutputFormat
                serde: org.apache.hadoop.hive.serde2.lazybinary.LazyBinarySerDe

  Stage: Stage-24
    Conditional Operator

  Stage: Stage-34
    Map Reduce Local Work
      Alias -> Map Local Tables:
        $INTNAME1 
          Fetch Operator
            limit: -1
      Alias -> Map Local Operator Tree:
        $INTNAME1 
          TableScan
            HashTable Sink Operator
              keys:
                0 _col0 (type: string)
                1 _col0 (type: string)

  Stage: Stage-22
    Map Reduce
      Map Operator Tree:
          TableScan
            Map Join Operator
              condition map:
                   Inner Join 0 to 1
              keys:
                0 _col0 (type: string)
                1 _col0 (type: string)
              Statistics: Num rows: 605 Data size: 6427 Basic stats: COMPLETE Column stats: NONE
              Group By Operator
                aggregations: count()
                mode: hash
                outputColumnNames: _col0
                Statistics: Num rows: 1 Data size: 8 Basic stats: COMPLETE Column stats: NONE
                File Output Operator
                  compressed: false
                  table:
                      input format: org.apache.hadoop.mapred.SequenceFileInputFormat
                      output format: org.apache.hadoop.hive.ql.io.HiveSequenceFileOutputFormat
                      serde: org.apache.hadoop.hive.serde2.lazybinary.LazyBinarySerDe
      Execution mode: vectorized
      Local Work:
        Map Reduce Local Work

  Stage: Stage-35
    Map Reduce Local Work
      Alias -> Map Local Tables:
        $INTNAME 
          Fetch Operator
            limit: -1
      Alias -> Map Local Operator Tree:
        $INTNAME 
          TableScan
            HashTable Sink Operator
              keys:
                0 _col0 (type: string)
                1 _col0 (type: string)

  Stage: Stage-23
    Map Reduce
      Map Operator Tree:
          TableScan
            Map Join Operator
              condition map:
                   Inner Join 0 to 1
              keys:
                0 _col0 (type: string)
                1 _col0 (type: string)
              Statistics: Num rows: 605 Data size: 6427 Basic stats: COMPLETE Column stats: NONE
              Group By Operator
                aggregations: count()
                mode: hash
                outputColumnNames: _col0
                Statistics: Num rows: 1 Data size: 8 Basic stats: COMPLETE Column stats: NONE
                File Output Operator
                  compressed: false
                  table:
                      input format: org.apache.hadoop.mapred.SequenceFileInputFormat
                      output format: org.apache.hadoop.hive.ql.io.HiveSequenceFileOutputFormat
                      serde: org.apache.hadoop.hive.serde2.lazybinary.LazyBinarySerDe
      Execution mode: vectorized
      Local Work:
        Map Reduce Local Work

  Stage: Stage-37
    Map Reduce Local Work
      Alias -> Map Local Tables:
        $hdt$_1:$hdt$_2:t1 
          Fetch Operator
            limit: -1
      Alias -> Map Local Operator Tree:
        $hdt$_1:$hdt$_2:t1 
          TableScan
            alias: t1
            Statistics: Num rows: 1 Data size: 30 Basic stats: COMPLETE Column stats: NONE
            Filter Operator
              predicate: key is not null (type: boolean)
              Statistics: Num rows: 1 Data size: 30 Basic stats: COMPLETE Column stats: NONE
              Select Operator
                expressions: key (type: string)
                outputColumnNames: _col0
                Statistics: Num rows: 1 Data size: 30 Basic stats: COMPLETE Column stats: NONE
                HashTable Sink Operator
                  keys:
                    0 _col0 (type: string)
                    1 _col0 (type: string)

  Stage: Stage-25
    Map Reduce
      Map Operator Tree:
          TableScan
            alias: src
            Statistics: Num rows: 500 Data size: 5312 Basic stats: COMPLETE Column stats: NONE
            Filter Operator
              predicate: key is not null (type: boolean)
              Statistics: Num rows: 500 Data size: 5312 Basic stats: COMPLETE Column stats: NONE
              Select Operator
                expressions: key (type: string)
                outputColumnNames: _col0
                Statistics: Num rows: 500 Data size: 5312 Basic stats: COMPLETE Column stats: NONE
                Map Join Operator
                  condition map:
                       Inner Join 0 to 1
                  keys:
                    0 _col0 (type: string)
                    1 _col0 (type: string)
                  outputColumnNames: _col0
                  Statistics: Num rows: 550 Data size: 5843 Basic stats: COMPLETE Column stats: NONE
                  File Output Operator
                    compressed: false
                    table:
                        input format: org.apache.hadoop.mapred.SequenceFileInputFormat
                        output format: org.apache.hadoop.hive.ql.io.HiveSequenceFileOutputFormat
                        serde: org.apache.hadoop.hive.serde2.lazybinary.LazyBinarySerDe
      Execution mode: vectorized
      Local Work:
        Map Reduce Local Work

  Stage: Stage-12
    Conditional Operator

  Stage: Stage-36
    Map Reduce Local Work
      Alias -> Map Local Tables:
        1 
          Fetch Operator
            limit: -1
      Alias -> Map Local Operator Tree:
        1 
          TableScan
            HashTable Sink Operator
              keys:
                0 reducesinkkey0 (type: string)
                1 reducesinkkey0 (type: string)

  Stage: Stage-11
    Map Reduce
      Map Operator Tree:
          TableScan
            Map Join Operator
              condition map:
                   Inner Join 0 to 1
              keys:
                0 reducesinkkey0 (type: string)
                1 reducesinkkey0 (type: string)
              outputColumnNames: _col0
              File Output Operator
                compressed: false
                table:
                    input format: org.apache.hadoop.mapred.SequenceFileInputFormat
                    output format: org.apache.hadoop.hive.ql.io.HiveSequenceFileOutputFormat
                    serde: org.apache.hadoop.hive.serde2.lazybinary.LazyBinarySerDe
      Local Work:
        Map Reduce Local Work

  Stage: Stage-0
    Fetch Operator
      limit: -1
      Processor Tree:
        ListSink

PREHOOK: query: SELECT COUNT(*) FROM
  (SELECT src1.key,src1.value FROM src src1 JOIN src src2 ON src1.key=src2.key) a
JOIN
  (SELECT src.key,src.value FROM src JOIN T1 ON src.key=T1.key) b
ON a.key=b.key
PREHOOK: type: QUERY
PREHOOK: Input: default@src
PREHOOK: Input: default@t1
#### A masked pattern was here ####
POSTHOOK: query: SELECT COUNT(*) FROM
  (SELECT src1.key,src1.value FROM src src1 JOIN src src2 ON src1.key=src2.key) a
JOIN
  (SELECT src.key,src.value FROM src JOIN T1 ON src.key=T1.key) b
ON a.key=b.key
POSTHOOK: type: QUERY
POSTHOOK: Input: default@src
POSTHOOK: Input: default@t1
#### A masked pattern was here ####
