PREHOOK: query: CREATE TABLE T1_n31(key STRING, val STRING)
CLUSTERED BY (key) INTO 4 BUCKETS
SKEWED BY (key) ON ((2)) STORED AS TEXTFILE
PREHOOK: type: CREATETABLE
PREHOOK: Output: database:default
PREHOOK: Output: default@T1_n31
POSTHOOK: query: CREATE TABLE T1_n31(key STRING, val STRING)
CLUSTERED BY (key) INTO 4 BUCKETS
SKEWED BY (key) ON ((2)) STORED AS TEXTFILE
POSTHOOK: type: CREATETABLE
POSTHOOK: Output: database:default
POSTHOOK: Output: default@T1_n31
PREHOOK: query: LOAD DATA LOCAL INPATH '../../data/files/bucket_files/000000_0' INTO TABLE T1_n31
PREHOOK: type: LOAD
#### A masked pattern was here ####
PREHOOK: Output: default@t1_n31
POSTHOOK: query: LOAD DATA LOCAL INPATH '../../data/files/bucket_files/000000_0' INTO TABLE T1_n31
POSTHOOK: type: LOAD
#### A masked pattern was here ####
POSTHOOK: Output: default@t1_n31
PREHOOK: query: CREATE TABLE T2_n21(key STRING, val STRING) STORED AS TEXTFILE
PREHOOK: type: CREATETABLE
PREHOOK: Output: database:default
PREHOOK: Output: default@T2_n21
POSTHOOK: query: CREATE TABLE T2_n21(key STRING, val STRING) STORED AS TEXTFILE
POSTHOOK: type: CREATETABLE
POSTHOOK: Output: database:default
POSTHOOK: Output: default@T2_n21
PREHOOK: query: LOAD DATA LOCAL INPATH '../../data/files/T2.txt' INTO TABLE T2_n21
PREHOOK: type: LOAD
#### A masked pattern was here ####
PREHOOK: Output: default@t2_n21
POSTHOOK: query: LOAD DATA LOCAL INPATH '../../data/files/T2.txt' INTO TABLE T2_n21
POSTHOOK: type: LOAD
#### A masked pattern was here ####
POSTHOOK: Output: default@t2_n21
PREHOOK: query: EXPLAIN
SELECT a.*, b.* FROM T1_n31 a JOIN T2_n21 b ON a.key = b.key
PREHOOK: type: QUERY
POSTHOOK: query: EXPLAIN
SELECT a.*, b.* FROM T1_n31 a JOIN T2_n21 b ON a.key = b.key
POSTHOOK: type: QUERY
STAGE DEPENDENCIES:
  Stage-8 is a root stage
  Stage-2 depends on stages: Stage-8
  Stage-0 depends on stages: Stage-2

STAGE PLANS:
  Stage: Stage-8
    Map Reduce Local Work
      Alias -> Map Local Tables:
        $hdt$_0:a 
          Fetch Operator
            limit: -1
        subquery1:a 
          Fetch Operator
            limit: -1
      Alias -> Map Local Operator Tree:
        $hdt$_0:a 
          TableScan
            alias: a
            Statistics: Num rows: 1 Data size: 300 Basic stats: COMPLETE Column stats: NONE
            Filter Operator
              predicate: ((key = '2') and key is not null) (type: boolean)
              Statistics: Num rows: 1 Data size: 300 Basic stats: COMPLETE Column stats: NONE
              Select Operator
                expressions: key (type: string), val (type: string)
                outputColumnNames: _col0, _col1
                Statistics: Num rows: 1 Data size: 300 Basic stats: COMPLETE Column stats: NONE
                HashTable Sink Operator
                  keys:
                    0 _col0 (type: string)
                    1 _col0 (type: string)
        subquery1:a 
          TableScan
            alias: a
            Statistics: Num rows: 1 Data size: 300 Basic stats: COMPLETE Column stats: NONE
            Filter Operator
              predicate: ((not (key = '2')) and key is not null) (type: boolean)
              Statistics: Num rows: 1 Data size: 300 Basic stats: COMPLETE Column stats: NONE
              Select Operator
                expressions: key (type: string), val (type: string)
                outputColumnNames: _col0, _col1
                Statistics: Num rows: 1 Data size: 300 Basic stats: COMPLETE Column stats: NONE
                HashTable Sink Operator
                  keys:
                    0 _col0 (type: string)
                    1 _col0 (type: string)

  Stage: Stage-2
    Map Reduce
      Map Operator Tree:
          TableScan
            alias: b
            Statistics: Num rows: 1 Data size: 300 Basic stats: COMPLETE Column stats: NONE
            Filter Operator
              predicate: ((key = '2') and key is not null) (type: boolean)
              Statistics: Num rows: 1 Data size: 300 Basic stats: COMPLETE Column stats: NONE
              Select Operator
                expressions: key (type: string), val (type: string)
                outputColumnNames: _col0, _col1
                Statistics: Num rows: 1 Data size: 300 Basic stats: COMPLETE Column stats: NONE
                Map Join Operator
                  condition map:
                       Inner Join 0 to 1
                  keys:
                    0 _col0 (type: string)
                    1 _col0 (type: string)
                  outputColumnNames: _col0, _col1, _col2, _col3
                  Statistics: Num rows: 1 Data size: 330 Basic stats: COMPLETE Column stats: NONE
                  Union
                    Statistics: Num rows: 2 Data size: 660 Basic stats: COMPLETE Column stats: NONE
                    File Output Operator
                      compressed: false
                      Statistics: Num rows: 2 Data size: 660 Basic stats: COMPLETE Column stats: NONE
                      table:
                          input format: org.apache.hadoop.mapred.SequenceFileInputFormat
                          output format: org.apache.hadoop.hive.ql.io.HiveSequenceFileOutputFormat
                          serde: org.apache.hadoop.hive.serde2.lazy.LazySimpleSerDe
          TableScan
            alias: b
            Statistics: Num rows: 1 Data size: 300 Basic stats: COMPLETE Column stats: NONE
            Filter Operator
              predicate: ((not (key = '2')) and key is not null) (type: boolean)
              Statistics: Num rows: 1 Data size: 300 Basic stats: COMPLETE Column stats: NONE
              Select Operator
                expressions: key (type: string), val (type: string)
                outputColumnNames: _col0, _col1
                Statistics: Num rows: 1 Data size: 300 Basic stats: COMPLETE Column stats: NONE
                Map Join Operator
                  condition map:
                       Inner Join 0 to 1
                  keys:
                    0 _col0 (type: string)
                    1 _col0 (type: string)
                  outputColumnNames: _col0, _col1, _col2, _col3
                  Statistics: Num rows: 1 Data size: 330 Basic stats: COMPLETE Column stats: NONE
                  Union
                    Statistics: Num rows: 2 Data size: 660 Basic stats: COMPLETE Column stats: NONE
                    File Output Operator
                      compressed: false
                      Statistics: Num rows: 2 Data size: 660 Basic stats: COMPLETE Column stats: NONE
                      table:
                          input format: org.apache.hadoop.mapred.SequenceFileInputFormat
                          output format: org.apache.hadoop.hive.ql.io.HiveSequenceFileOutputFormat
                          serde: org.apache.hadoop.hive.serde2.lazy.LazySimpleSerDe
      Local Work:
        Map Reduce Local Work

  Stage: Stage-0
    Fetch Operator
      limit: -1
      Processor Tree:
        ListSink

PREHOOK: query: SELECT a.*, b.* FROM T1_n31 a JOIN T2_n21 b ON a.key = b.key
ORDER BY a.key, b.key, a.val, b.val
PREHOOK: type: QUERY
PREHOOK: Input: default@t1_n31
PREHOOK: Input: default@t2_n21
#### A masked pattern was here ####
POSTHOOK: query: SELECT a.*, b.* FROM T1_n31 a JOIN T2_n21 b ON a.key = b.key
ORDER BY a.key, b.key, a.val, b.val
POSTHOOK: type: QUERY
POSTHOOK: Input: default@t1_n31
POSTHOOK: Input: default@t2_n21
#### A masked pattern was here ####
2	12	2	22
3	13	3	13
8	18	8	18
8	18	8	18
8	28	8	18
8	28	8	18
