PREHOOK: query: CREATE TABLE T1_n124(key STRING, val STRING)
SKEWED BY (key) ON ((2), (8)) STORED AS TEXTFILE
PREHOOK: type: CREATETABLE
PREHOOK: Output: database:default
PREHOOK: Output: default@T1_n124
POSTHOOK: query: CREATE TABLE T1_n124(key STRING, val STRING)
SKEWED BY (key) ON ((2), (8)) STORED AS TEXTFILE
POSTHOOK: type: CREATETABLE
POSTHOOK: Output: database:default
POSTHOOK: Output: default@T1_n124
PREHOOK: query: LOAD DATA LOCAL INPATH '../../data/files/T1.txt' INTO TABLE T1_n124
PREHOOK: type: LOAD
#### A masked pattern was here ####
PREHOOK: Output: default@t1_n124
POSTHOOK: query: LOAD DATA LOCAL INPATH '../../data/files/T1.txt' INTO TABLE T1_n124
POSTHOOK: type: LOAD
#### A masked pattern was here ####
POSTHOOK: Output: default@t1_n124
PREHOOK: query: CREATE TABLE T2_n73(key STRING, val STRING)
SKEWED BY (key) ON ((3), (8)) STORED AS TEXTFILE
PREHOOK: type: CREATETABLE
PREHOOK: Output: database:default
PREHOOK: Output: default@T2_n73
POSTHOOK: query: CREATE TABLE T2_n73(key STRING, val STRING)
SKEWED BY (key) ON ((3), (8)) STORED AS TEXTFILE
POSTHOOK: type: CREATETABLE
POSTHOOK: Output: database:default
POSTHOOK: Output: default@T2_n73
PREHOOK: query: LOAD DATA LOCAL INPATH '../../data/files/T2.txt' INTO TABLE T2_n73
PREHOOK: type: LOAD
#### A masked pattern was here ####
PREHOOK: Output: default@t2_n73
POSTHOOK: query: LOAD DATA LOCAL INPATH '../../data/files/T2.txt' INTO TABLE T2_n73
POSTHOOK: type: LOAD
#### A masked pattern was here ####
POSTHOOK: Output: default@t2_n73
PREHOOK: query: CREATE TABLE T3_n27(key STRING, val STRING) STORED AS TEXTFILE
PREHOOK: type: CREATETABLE
PREHOOK: Output: database:default
PREHOOK: Output: default@T3_n27
POSTHOOK: query: CREATE TABLE T3_n27(key STRING, val STRING) STORED AS TEXTFILE
POSTHOOK: type: CREATETABLE
POSTHOOK: Output: database:default
POSTHOOK: Output: default@T3_n27
PREHOOK: query: LOAD DATA LOCAL INPATH '../../data/files/T3.txt' INTO TABLE T3_n27
PREHOOK: type: LOAD
#### A masked pattern was here ####
PREHOOK: Output: default@t3_n27
POSTHOOK: query: LOAD DATA LOCAL INPATH '../../data/files/T3.txt' INTO TABLE T3_n27
POSTHOOK: type: LOAD
#### A masked pattern was here ####
POSTHOOK: Output: default@t3_n27
PREHOOK: query: EXPLAIN
SELECT a.*, b.*, c.* FROM T1_n124 a JOIN T2_n73 b ON a.key = b.key JOIN T3_n27 c on a.key = c.key
PREHOOK: type: QUERY
POSTHOOK: query: EXPLAIN
SELECT a.*, b.*, c.* FROM T1_n124 a JOIN T2_n73 b ON a.key = b.key JOIN T3_n27 c on a.key = c.key
POSTHOOK: type: QUERY
STAGE DEPENDENCIES:
  Stage-10 is a root stage
  Stage-2 depends on stages: Stage-10
  Stage-0 depends on stages: Stage-2

STAGE PLANS:
  Stage: Stage-10
    Map Reduce Local Work
      Alias -> Map Local Tables:
        $hdt$_0:a 
          Fetch Operator
            limit: -1
        $hdt$_2:c 
          Fetch Operator
            limit: -1
        subquery1:a 
          Fetch Operator
            limit: -1
        subquery1:c 
          Fetch Operator
            limit: -1
      Alias -> Map Local Operator Tree:
        $hdt$_0:a 
          TableScan
            alias: a
            Statistics: Num rows: 1 Data size: 300 Basic stats: COMPLETE Column stats: NONE
            Filter Operator
              predicate: ((((key = '2') or (key = '8')) or (key = '3')) and key is not null) (type: boolean)
              Statistics: Num rows: 1 Data size: 300 Basic stats: COMPLETE Column stats: NONE
              Select Operator
                expressions: key (type: string), val (type: string)
                outputColumnNames: _col0, _col1
                Statistics: Num rows: 1 Data size: 300 Basic stats: COMPLETE Column stats: NONE
                HashTable Sink Operator
                  keys:
                    0 _col0 (type: string)
                    1 _col0 (type: string)
                    2 _col0 (type: string)
        $hdt$_2:c 
          TableScan
            alias: c
            Statistics: Num rows: 1 Data size: 200 Basic stats: COMPLETE Column stats: NONE
            Filter Operator
              predicate: ((((key = '2') or (key = '8')) or (key = '3')) and key is not null) (type: boolean)
              Statistics: Num rows: 1 Data size: 200 Basic stats: COMPLETE Column stats: NONE
              Select Operator
                expressions: key (type: string), val (type: string)
                outputColumnNames: _col0, _col1
                Statistics: Num rows: 1 Data size: 200 Basic stats: COMPLETE Column stats: NONE
                HashTable Sink Operator
                  keys:
                    0 _col0 (type: string)
                    1 _col0 (type: string)
                    2 _col0 (type: string)
        subquery1:a 
          TableScan
            alias: a
            Statistics: Num rows: 1 Data size: 300 Basic stats: COMPLETE Column stats: NONE
            Filter Operator
              predicate: ((not (((key = '2') or (key = '8')) or (key = '3'))) and key is not null) (type: boolean)
              Statistics: Num rows: 1 Data size: 300 Basic stats: COMPLETE Column stats: NONE
              Select Operator
                expressions: key (type: string), val (type: string)
                outputColumnNames: _col0, _col1
                Statistics: Num rows: 1 Data size: 300 Basic stats: COMPLETE Column stats: NONE
                HashTable Sink Operator
                  keys:
                    0 _col0 (type: string)
                    1 _col0 (type: string)
                    2 _col0 (type: string)
        subquery1:c 
          TableScan
            alias: c
            Statistics: Num rows: 1 Data size: 200 Basic stats: COMPLETE Column stats: NONE
            Filter Operator
              predicate: ((not (((key = '2') or (key = '8')) or (key = '3'))) and key is not null) (type: boolean)
              Statistics: Num rows: 1 Data size: 200 Basic stats: COMPLETE Column stats: NONE
              Select Operator
                expressions: key (type: string), val (type: string)
                outputColumnNames: _col0, _col1
                Statistics: Num rows: 1 Data size: 200 Basic stats: COMPLETE Column stats: NONE
                HashTable Sink Operator
                  keys:
                    0 _col0 (type: string)
                    1 _col0 (type: string)
                    2 _col0 (type: string)

  Stage: Stage-2
    Map Reduce
      Map Operator Tree:
          TableScan
            alias: b
            Statistics: Num rows: 1 Data size: 300 Basic stats: COMPLETE Column stats: NONE
            Filter Operator
              predicate: ((((key = '2') or (key = '8')) or (key = '3')) and key is not null) (type: boolean)
              Statistics: Num rows: 1 Data size: 300 Basic stats: COMPLETE Column stats: NONE
              Select Operator
                expressions: key (type: string), val (type: string)
                outputColumnNames: _col0, _col1
                Statistics: Num rows: 1 Data size: 300 Basic stats: COMPLETE Column stats: NONE
                Map Join Operator
                  condition map:
                       Inner Join 0 to 1
                       Inner Join 0 to 2
                  keys:
                    0 _col0 (type: string)
                    1 _col0 (type: string)
                    2 _col0 (type: string)
                  outputColumnNames: _col0, _col1, _col2, _col3, _col4, _col5
                  Statistics: Num rows: 2 Data size: 660 Basic stats: COMPLETE Column stats: NONE
                  Union
                    Statistics: Num rows: 4 Data size: 1320 Basic stats: COMPLETE Column stats: NONE
                    File Output Operator
                      compressed: false
                      Statistics: Num rows: 4 Data size: 1320 Basic stats: COMPLETE Column stats: NONE
                      table:
                          input format: org.apache.hadoop.mapred.SequenceFileInputFormat
                          output format: org.apache.hadoop.hive.ql.io.HiveSequenceFileOutputFormat
                          serde: org.apache.hadoop.hive.serde2.lazy.LazySimpleSerDe
          TableScan
            alias: b
            Statistics: Num rows: 1 Data size: 300 Basic stats: COMPLETE Column stats: NONE
            Filter Operator
              predicate: ((not (((key = '2') or (key = '8')) or (key = '3'))) and key is not null) (type: boolean)
              Statistics: Num rows: 1 Data size: 300 Basic stats: COMPLETE Column stats: NONE
              Select Operator
                expressions: key (type: string), val (type: string)
                outputColumnNames: _col0, _col1
                Statistics: Num rows: 1 Data size: 300 Basic stats: COMPLETE Column stats: NONE
                Map Join Operator
                  condition map:
                       Inner Join 0 to 1
                       Inner Join 0 to 2
                  keys:
                    0 _col0 (type: string)
                    1 _col0 (type: string)
                    2 _col0 (type: string)
                  outputColumnNames: _col0, _col1, _col2, _col3, _col4, _col5
                  Statistics: Num rows: 2 Data size: 660 Basic stats: COMPLETE Column stats: NONE
                  Union
                    Statistics: Num rows: 4 Data size: 1320 Basic stats: COMPLETE Column stats: NONE
                    File Output Operator
                      compressed: false
                      Statistics: Num rows: 4 Data size: 1320 Basic stats: COMPLETE Column stats: NONE
                      table:
                          input format: org.apache.hadoop.mapred.SequenceFileInputFormat
                          output format: org.apache.hadoop.hive.ql.io.HiveSequenceFileOutputFormat
                          serde: org.apache.hadoop.hive.serde2.lazy.LazySimpleSerDe
      Local Work:
        Map Reduce Local Work

  Stage: Stage-0
    Fetch Operator
      limit: -1
      Processor Tree:
        ListSink

PREHOOK: query: SELECT a.*, b.*, c.* FROM T1_n124 a JOIN T2_n73 b ON a.key = b.key JOIN T3_n27 c on a.key = c.key
ORDER BY a.key, b.key, c.key, a.val, b.val, c.val
PREHOOK: type: QUERY
PREHOOK: Input: default@t1_n124
PREHOOK: Input: default@t2_n73
PREHOOK: Input: default@t3_n27
#### A masked pattern was here ####
POSTHOOK: query: SELECT a.*, b.*, c.* FROM T1_n124 a JOIN T2_n73 b ON a.key = b.key JOIN T3_n27 c on a.key = c.key
ORDER BY a.key, b.key, c.key, a.val, b.val, c.val
POSTHOOK: type: QUERY
POSTHOOK: Input: default@t1_n124
POSTHOOK: Input: default@t2_n73
POSTHOOK: Input: default@t3_n27
#### A masked pattern was here ####
2	12	2	22	2	12
