PREHOOK: query: CREATE TABLE T1(key STRING, val STRING)
SKEWED BY (key) ON ((2)) STORED AS TEXTFILE
PREHOOK: type: CREATETABLE
PREHOOK: Output: database:default
PREHOOK: Output: default@T1
POSTHOOK: query: CREATE TABLE T1(key STRING, val STRING)
SKEWED BY (key) ON ((2)) STORED AS TEXTFILE
POSTHOOK: type: CREATETABLE
POSTHOOK: Output: database:default
POSTHOOK: Output: default@T1
PREHOOK: query: LOAD DATA LOCAL INPATH '../../data/files/T1.txt' INTO TABLE T1
PREHOOK: type: LOAD
#### A masked pattern was here ####
PREHOOK: Output: default@t1
POSTHOOK: query: LOAD DATA LOCAL INPATH '../../data/files/T1.txt' INTO TABLE T1
POSTHOOK: type: LOAD
#### A masked pattern was here ####
POSTHOOK: Output: default@t1
PREHOOK: query: CREATE TABLE T2(key STRING, val STRING)
SKEWED BY (key) ON ((3)) STORED AS TEXTFILE
PREHOOK: type: CREATETABLE
PREHOOK: Output: database:default
PREHOOK: Output: default@T2
POSTHOOK: query: CREATE TABLE T2(key STRING, val STRING)
SKEWED BY (key) ON ((3)) STORED AS TEXTFILE
POSTHOOK: type: CREATETABLE
POSTHOOK: Output: database:default
POSTHOOK: Output: default@T2
PREHOOK: query: LOAD DATA LOCAL INPATH '../../data/files/T2.txt' INTO TABLE T2
PREHOOK: type: LOAD
#### A masked pattern was here ####
PREHOOK: Output: default@t2
POSTHOOK: query: LOAD DATA LOCAL INPATH '../../data/files/T2.txt' INTO TABLE T2
POSTHOOK: type: LOAD
#### A masked pattern was here ####
POSTHOOK: Output: default@t2
PREHOOK: query: EXPLAIN
SELECT * FROM T1 a JOIN T2 b ON a.key = b.key
PREHOOK: type: QUERY
POSTHOOK: query: EXPLAIN
SELECT * FROM T1 a JOIN T2 b ON a.key = b.key
POSTHOOK: type: QUERY
STAGE DEPENDENCIES:
  Stage-1 is a root stage
  Stage-3 is a root stage
  Stage-0 depends on stages: Stage-1

STAGE PLANS:
  Stage: Stage-1
    Map Reduce
      Map Operator Tree:
          TableScan
            alias: a
            Statistics: Num rows: 1 Data size: 30 Basic stats: COMPLETE Column stats: NONE
            Filter Operator
              predicate: (key is not null and ((key = '2') or (key = '3'))) (type: boolean)
              Statistics: Num rows: 1 Data size: 30 Basic stats: COMPLETE Column stats: NONE
              Select Operator
                expressions: key (type: string), val (type: string)
                outputColumnNames: _col0, _col1
                Statistics: Num rows: 1 Data size: 30 Basic stats: COMPLETE Column stats: NONE
                Reduce Output Operator
                  key expressions: _col0 (type: string)
                  sort order: +
                  Map-reduce partition columns: _col0 (type: string)
                  Statistics: Num rows: 1 Data size: 30 Basic stats: COMPLETE Column stats: NONE
                  value expressions: _col1 (type: string)
          TableScan
            alias: b
            Statistics: Num rows: 1 Data size: 30 Basic stats: COMPLETE Column stats: NONE
            Filter Operator
              predicate: (key is not null and ((key = '2') or (key = '3'))) (type: boolean)
              Statistics: Num rows: 1 Data size: 30 Basic stats: COMPLETE Column stats: NONE
              Select Operator
                expressions: key (type: string), val (type: string)
                outputColumnNames: _col0, _col1
                Statistics: Num rows: 1 Data size: 30 Basic stats: COMPLETE Column stats: NONE
                Reduce Output Operator
                  key expressions: _col0 (type: string)
                  sort order: +
                  Map-reduce partition columns: _col0 (type: string)
                  Statistics: Num rows: 1 Data size: 30 Basic stats: COMPLETE Column stats: NONE
                  value expressions: _col1 (type: string)
      Reduce Operator Tree:
        Join Operator
          condition map:
               Inner Join 0 to 1
          keys:
            0 _col0 (type: string)
            1 _col0 (type: string)
          outputColumnNames: _col0, _col1, _col2, _col3
          Statistics: Num rows: 1 Data size: 33 Basic stats: COMPLETE Column stats: NONE
          File Output Operator
            compressed: false
            Statistics: Num rows: 1 Data size: 33 Basic stats: COMPLETE Column stats: NONE
            table:
                input format: org.apache.hadoop.mapred.SequenceFileInputFormat
                output format: org.apache.hadoop.hive.ql.io.HiveSequenceFileOutputFormat
                serde: org.apache.hadoop.hive.serde2.lazy.LazySimpleSerDe

  Stage: Stage-3
    Map Reduce
      Map Operator Tree:
          TableScan
            alias: a
            Statistics: Num rows: 1 Data size: 30 Basic stats: COMPLETE Column stats: NONE
            Filter Operator
              predicate: (key is not null and (not ((key = '2') or (key = '3')))) (type: boolean)
              Statistics: Num rows: 1 Data size: 30 Basic stats: COMPLETE Column stats: NONE
              Select Operator
                expressions: key (type: string), val (type: string)
                outputColumnNames: _col0, _col1
                Statistics: Num rows: 1 Data size: 30 Basic stats: COMPLETE Column stats: NONE
                Reduce Output Operator
                  key expressions: _col0 (type: string)
                  sort order: +
                  Map-reduce partition columns: _col0 (type: string)
                  Statistics: Num rows: 1 Data size: 30 Basic stats: COMPLETE Column stats: NONE
                  value expressions: _col1 (type: string)
          TableScan
            alias: b
            Statistics: Num rows: 1 Data size: 30 Basic stats: COMPLETE Column stats: NONE
            Filter Operator
              predicate: (key is not null and (not ((key = '2') or (key = '3')))) (type: boolean)
              Statistics: Num rows: 1 Data size: 30 Basic stats: COMPLETE Column stats: NONE
              Select Operator
                expressions: key (type: string), val (type: string)
                outputColumnNames: _col0, _col1
                Statistics: Num rows: 1 Data size: 30 Basic stats: COMPLETE Column stats: NONE
                Reduce Output Operator
                  key expressions: _col0 (type: string)
                  sort order: +
                  Map-reduce partition columns: _col0 (type: string)
                  Statistics: Num rows: 1 Data size: 30 Basic stats: COMPLETE Column stats: NONE
                  value expressions: _col1 (type: string)
      Reduce Operator Tree:
        Join Operator
          condition map:
               Inner Join 0 to 1
          outputColumnNames: _col0, _col1, _col2, _col3
          Statistics: Num rows: 1 Data size: 33 Basic stats: COMPLETE Column stats: NONE
          File Output Operator
            compressed: false
            Statistics: Num rows: 1 Data size: 33 Basic stats: COMPLETE Column stats: NONE
            table:
                input format: org.apache.hadoop.mapred.SequenceFileInputFormat
                output format: org.apache.hadoop.hive.ql.io.HiveSequenceFileOutputFormat
                serde: org.apache.hadoop.hive.serde2.lazy.LazySimpleSerDe

  Stage: Stage-0
    Fetch Operator
      limit: -1
      Processor Tree:
        ListSink

PREHOOK: query: SELECT * FROM T1 a JOIN T2 b ON a.key = b.key
ORDER BY a.key, b.key, a.val, b.val
PREHOOK: type: QUERY
PREHOOK: Input: default@t1
PREHOOK: Input: default@t2
#### A masked pattern was here ####
POSTHOOK: query: SELECT * FROM T1 a JOIN T2 b ON a.key = b.key
ORDER BY a.key, b.key, a.val, b.val
POSTHOOK: type: QUERY
POSTHOOK: Input: default@t1
POSTHOOK: Input: default@t2
#### A masked pattern was here ####
2	12	2	22
3	13	3	13
8	18	8	18
8	18	8	18
8	28	8	18
8	28	8	18
PREHOOK: query: EXPLAIN
SELECT a.*, b.* FROM T1 a RIGHT OUTER JOIN T2 b ON a.key = b.key
PREHOOK: type: QUERY
POSTHOOK: query: EXPLAIN
SELECT a.*, b.* FROM T1 a RIGHT OUTER JOIN T2 b ON a.key = b.key
POSTHOOK: type: QUERY
STAGE DEPENDENCIES:
  Stage-1 is a root stage
  Stage-3 is a root stage
  Stage-0 depends on stages: Stage-1

STAGE PLANS:
  Stage: Stage-1
    Map Reduce
      Map Operator Tree:
          TableScan
            alias: a
            Statistics: Num rows: 1 Data size: 30 Basic stats: COMPLETE Column stats: NONE
            Filter Operator
              predicate: ((key = '2') or (key = '3')) (type: boolean)
              Statistics: Num rows: 1 Data size: 30 Basic stats: COMPLETE Column stats: NONE
              Select Operator
                expressions: key (type: string), val (type: string)
                outputColumnNames: _col0, _col1
                Statistics: Num rows: 1 Data size: 30 Basic stats: COMPLETE Column stats: NONE
                Reduce Output Operator
                  key expressions: _col0 (type: string)
                  sort order: +
                  Map-reduce partition columns: _col0 (type: string)
                  Statistics: Num rows: 1 Data size: 30 Basic stats: COMPLETE Column stats: NONE
                  value expressions: _col1 (type: string)
          TableScan
            alias: b
            Statistics: Num rows: 1 Data size: 30 Basic stats: COMPLETE Column stats: NONE
            Filter Operator
              predicate: ((key = '2') or (key = '3')) (type: boolean)
              Statistics: Num rows: 1 Data size: 30 Basic stats: COMPLETE Column stats: NONE
              Select Operator
                expressions: key (type: string), val (type: string)
                outputColumnNames: _col0, _col1
                Statistics: Num rows: 1 Data size: 30 Basic stats: COMPLETE Column stats: NONE
                Reduce Output Operator
                  key expressions: _col0 (type: string)
                  sort order: +
                  Map-reduce partition columns: _col0 (type: string)
                  Statistics: Num rows: 1 Data size: 30 Basic stats: COMPLETE Column stats: NONE
                  value expressions: _col1 (type: string)
      Reduce Operator Tree:
        Join Operator
          condition map:
               Right Outer Join0 to 1
          keys:
            0 _col0 (type: string)
            1 _col0 (type: string)
          outputColumnNames: _col0, _col1, _col2, _col3
          Statistics: Num rows: 1 Data size: 33 Basic stats: COMPLETE Column stats: NONE
          File Output Operator
            compressed: false
            Statistics: Num rows: 1 Data size: 33 Basic stats: COMPLETE Column stats: NONE
            table:
                input format: org.apache.hadoop.mapred.SequenceFileInputFormat
                output format: org.apache.hadoop.hive.ql.io.HiveSequenceFileOutputFormat
                serde: org.apache.hadoop.hive.serde2.lazy.LazySimpleSerDe

  Stage: Stage-3
    Map Reduce
      Map Operator Tree:
          TableScan
            alias: a
            Statistics: Num rows: 1 Data size: 30 Basic stats: COMPLETE Column stats: NONE
            Filter Operator
              predicate: (not ((key = '2') or (key = '3'))) (type: boolean)
              Statistics: Num rows: 1 Data size: 30 Basic stats: COMPLETE Column stats: NONE
              Select Operator
                expressions: key (type: string), val (type: string)
                outputColumnNames: _col0, _col1
                Statistics: Num rows: 1 Data size: 30 Basic stats: COMPLETE Column stats: NONE
                Reduce Output Operator
                  key expressions: _col0 (type: string)
                  sort order: +
                  Map-reduce partition columns: _col0 (type: string)
                  Statistics: Num rows: 1 Data size: 30 Basic stats: COMPLETE Column stats: NONE
                  value expressions: _col1 (type: string)
          TableScan
            alias: b
            Statistics: Num rows: 1 Data size: 30 Basic stats: COMPLETE Column stats: NONE
            Filter Operator
              predicate: (not ((key = '2') or (key = '3'))) (type: boolean)
              Statistics: Num rows: 1 Data size: 30 Basic stats: COMPLETE Column stats: NONE
              Select Operator
                expressions: key (type: string), val (type: string)
                outputColumnNames: _col0, _col1
                Statistics: Num rows: 1 Data size: 30 Basic stats: COMPLETE Column stats: NONE
                Reduce Output Operator
                  key expressions: _col0 (type: string)
                  sort order: +
                  Map-reduce partition columns: _col0 (type: string)
                  Statistics: Num rows: 1 Data size: 30 Basic stats: COMPLETE Column stats: NONE
                  value expressions: _col1 (type: string)
      Reduce Operator Tree:
        Join Operator
          condition map:
               Right Outer Join0 to 1
          outputColumnNames: _col0, _col1, _col2, _col3
          Statistics: Num rows: 1 Data size: 33 Basic stats: COMPLETE Column stats: NONE
          File Output Operator
            compressed: false
            Statistics: Num rows: 1 Data size: 33 Basic stats: COMPLETE Column stats: NONE
            table:
                input format: org.apache.hadoop.mapred.SequenceFileInputFormat
                output format: org.apache.hadoop.hive.ql.io.HiveSequenceFileOutputFormat
                serde: org.apache.hadoop.hive.serde2.lazy.LazySimpleSerDe

  Stage: Stage-0
    Fetch Operator
      limit: -1
      Processor Tree:
        ListSink

PREHOOK: query: SELECT a.*, b.* FROM T1 a RIGHT OUTER JOIN T2 b ON a.key = b.key
ORDER BY a.key, b.key, a.val, b.val
PREHOOK: type: QUERY
PREHOOK: Input: default@t1
PREHOOK: Input: default@t2
#### A masked pattern was here ####
POSTHOOK: query: SELECT a.*, b.* FROM T1 a RIGHT OUTER JOIN T2 b ON a.key = b.key
ORDER BY a.key, b.key, a.val, b.val
POSTHOOK: type: QUERY
POSTHOOK: Input: default@t1
POSTHOOK: Input: default@t2
#### A masked pattern was here ####
NULL	NULL	4	14
NULL	NULL	5	15
2	12	2	22
3	13	3	13
8	18	8	18
8	18	8	18
8	28	8	18
8	28	8	18
PREHOOK: query: create table DEST1(key1 STRING, val1 STRING, key2 STRING, val2 STRING)
PREHOOK: type: CREATETABLE
PREHOOK: Output: database:default
PREHOOK: Output: default@DEST1
POSTHOOK: query: create table DEST1(key1 STRING, val1 STRING, key2 STRING, val2 STRING)
POSTHOOK: type: CREATETABLE
POSTHOOK: Output: database:default
POSTHOOK: Output: default@DEST1
PREHOOK: query: EXPLAIN
INSERT OVERWRITE TABLE DEST1
SELECT * FROM T1 a JOIN T2 b ON a.key = b.key
PREHOOK: type: QUERY
POSTHOOK: query: EXPLAIN
INSERT OVERWRITE TABLE DEST1
SELECT * FROM T1 a JOIN T2 b ON a.key = b.key
POSTHOOK: type: QUERY
STAGE DEPENDENCIES:
  Stage-1 is a root stage
  Stage-0 depends on stages: Stage-1, Stage-3
  Stage-3 is a root stage

STAGE PLANS:
  Stage: Stage-1
    Map Reduce
      Map Operator Tree:
          TableScan
            alias: a
            Statistics: Num rows: 1 Data size: 30 Basic stats: COMPLETE Column stats: NONE
            Filter Operator
              predicate: (key is not null and ((key = '2') or (key = '3'))) (type: boolean)
              Statistics: Num rows: 1 Data size: 30 Basic stats: COMPLETE Column stats: NONE
              Select Operator
                expressions: key (type: string), val (type: string)
                outputColumnNames: _col0, _col1
                Statistics: Num rows: 1 Data size: 30 Basic stats: COMPLETE Column stats: NONE
                Reduce Output Operator
                  key expressions: _col0 (type: string)
                  sort order: +
                  Map-reduce partition columns: _col0 (type: string)
                  Statistics: Num rows: 1 Data size: 30 Basic stats: COMPLETE Column stats: NONE
                  value expressions: _col1 (type: string)
          TableScan
            alias: b
            Statistics: Num rows: 1 Data size: 30 Basic stats: COMPLETE Column stats: NONE
            Filter Operator
              predicate: (key is not null and ((key = '2') or (key = '3'))) (type: boolean)
              Statistics: Num rows: 1 Data size: 30 Basic stats: COMPLETE Column stats: NONE
              Select Operator
                expressions: key (type: string), val (type: string)
                outputColumnNames: _col0, _col1
                Statistics: Num rows: 1 Data size: 30 Basic stats: COMPLETE Column stats: NONE
                Reduce Output Operator
                  key expressions: _col0 (type: string)
                  sort order: +
                  Map-reduce partition columns: _col0 (type: string)
                  Statistics: Num rows: 1 Data size: 30 Basic stats: COMPLETE Column stats: NONE
                  value expressions: _col1 (type: string)
      Reduce Operator Tree:
        Join Operator
          condition map:
               Inner Join 0 to 1
          keys:
            0 _col0 (type: string)
            1 _col0 (type: string)
          outputColumnNames: _col0, _col1, _col2, _col3
          Statistics: Num rows: 1 Data size: 33 Basic stats: COMPLETE Column stats: NONE
          File Output Operator
            compressed: false
            Statistics: Num rows: 1 Data size: 33 Basic stats: COMPLETE Column stats: NONE
            table:
                input format: org.apache.hadoop.mapred.TextInputFormat
                output format: org.apache.hadoop.hive.ql.io.HiveIgnoreKeyTextOutputFormat
                serde: org.apache.hadoop.hive.serde2.lazy.LazySimpleSerDe
                name: default.dest1

  Stage: Stage-0
    Move Operator
      tables:
          replace: true
          table:
              input format: org.apache.hadoop.mapred.TextInputFormat
              output format: org.apache.hadoop.hive.ql.io.HiveIgnoreKeyTextOutputFormat
              serde: org.apache.hadoop.hive.serde2.lazy.LazySimpleSerDe
              name: default.dest1

  Stage: Stage-3
    Map Reduce
      Map Operator Tree:
          TableScan
            alias: a
            Statistics: Num rows: 1 Data size: 30 Basic stats: COMPLETE Column stats: NONE
            Filter Operator
              predicate: (key is not null and (not ((key = '2') or (key = '3')))) (type: boolean)
              Statistics: Num rows: 1 Data size: 30 Basic stats: COMPLETE Column stats: NONE
              Select Operator
                expressions: key (type: string), val (type: string)
                outputColumnNames: _col0, _col1
                Statistics: Num rows: 1 Data size: 30 Basic stats: COMPLETE Column stats: NONE
                Reduce Output Operator
                  key expressions: _col0 (type: string)
                  sort order: +
                  Map-reduce partition columns: _col0 (type: string)
                  Statistics: Num rows: 1 Data size: 30 Basic stats: COMPLETE Column stats: NONE
                  value expressions: _col1 (type: string)
          TableScan
            alias: b
            Statistics: Num rows: 1 Data size: 30 Basic stats: COMPLETE Column stats: NONE
            Filter Operator
              predicate: (key is not null and (not ((key = '2') or (key = '3')))) (type: boolean)
              Statistics: Num rows: 1 Data size: 30 Basic stats: COMPLETE Column stats: NONE
              Select Operator
                expressions: key (type: string), val (type: string)
                outputColumnNames: _col0, _col1
                Statistics: Num rows: 1 Data size: 30 Basic stats: COMPLETE Column stats: NONE
                Reduce Output Operator
                  key expressions: _col0 (type: string)
                  sort order: +
                  Map-reduce partition columns: _col0 (type: string)
                  Statistics: Num rows: 1 Data size: 30 Basic stats: COMPLETE Column stats: NONE
                  value expressions: _col1 (type: string)
      Reduce Operator Tree:
        Join Operator
          condition map:
               Inner Join 0 to 1
          outputColumnNames: _col0, _col1, _col2, _col3
          Statistics: Num rows: 1 Data size: 33 Basic stats: COMPLETE Column stats: NONE
          File Output Operator
            compressed: false
            Statistics: Num rows: 1 Data size: 33 Basic stats: COMPLETE Column stats: NONE
            table:
                input format: org.apache.hadoop.mapred.TextInputFormat
                output format: org.apache.hadoop.hive.ql.io.HiveIgnoreKeyTextOutputFormat
                serde: org.apache.hadoop.hive.serde2.lazy.LazySimpleSerDe
                name: default.dest1

PREHOOK: query: INSERT OVERWRITE TABLE DEST1
SELECT * FROM T1 a JOIN T2 b ON a.key = b.key
PREHOOK: type: QUERY
PREHOOK: Input: default@t1
PREHOOK: Input: default@t2
PREHOOK: Output: default@dest1
POSTHOOK: query: INSERT OVERWRITE TABLE DEST1
SELECT * FROM T1 a JOIN T2 b ON a.key = b.key
POSTHOOK: type: QUERY
POSTHOOK: Input: default@t1
POSTHOOK: Input: default@t2
POSTHOOK: Output: default@dest1
POSTHOOK: Lineage: dest1.key1 SIMPLE [(t1)a.FieldSchema(name:key, type:string, comment:null), ]
POSTHOOK: Lineage: dest1.key2 SIMPLE [(t2)b.FieldSchema(name:key, type:string, comment:null), ]
POSTHOOK: Lineage: dest1.val1 SIMPLE [(t1)a.FieldSchema(name:val, type:string, comment:null), ]
POSTHOOK: Lineage: dest1.val2 SIMPLE [(t2)b.FieldSchema(name:val, type:string, comment:null), ]
PREHOOK: query: SELECT * FROM DEST1
ORDER BY key1, key2, val1, val2
PREHOOK: type: QUERY
PREHOOK: Input: default@dest1
#### A masked pattern was here ####
POSTHOOK: query: SELECT * FROM DEST1
ORDER BY key1, key2, val1, val2
POSTHOOK: type: QUERY
POSTHOOK: Input: default@dest1
#### A masked pattern was here ####
2	12	2	22
3	13	3	13
8	18	8	18
8	18	8	18
8	28	8	18
8	28	8	18
PREHOOK: query: EXPLAIN
INSERT OVERWRITE TABLE DEST1
SELECT * FROM T1 a RIGHT OUTER JOIN T2 b ON a.key = b.key
PREHOOK: type: QUERY
POSTHOOK: query: EXPLAIN
INSERT OVERWRITE TABLE DEST1
SELECT * FROM T1 a RIGHT OUTER JOIN T2 b ON a.key = b.key
POSTHOOK: type: QUERY
STAGE DEPENDENCIES:
  Stage-1 is a root stage
  Stage-0 depends on stages: Stage-1, Stage-3
  Stage-3 is a root stage

STAGE PLANS:
  Stage: Stage-1
    Map Reduce
      Map Operator Tree:
          TableScan
            alias: a
            Statistics: Num rows: 1 Data size: 30 Basic stats: COMPLETE Column stats: NONE
            Filter Operator
              predicate: ((key = '2') or (key = '3')) (type: boolean)
              Statistics: Num rows: 1 Data size: 30 Basic stats: COMPLETE Column stats: NONE
              Select Operator
                expressions: key (type: string), val (type: string)
                outputColumnNames: _col0, _col1
                Statistics: Num rows: 1 Data size: 30 Basic stats: COMPLETE Column stats: NONE
                Reduce Output Operator
                  key expressions: _col0 (type: string)
                  sort order: +
                  Map-reduce partition columns: _col0 (type: string)
                  Statistics: Num rows: 1 Data size: 30 Basic stats: COMPLETE Column stats: NONE
                  value expressions: _col1 (type: string)
          TableScan
            alias: b
            Statistics: Num rows: 1 Data size: 30 Basic stats: COMPLETE Column stats: NONE
            Filter Operator
              predicate: ((key = '2') or (key = '3')) (type: boolean)
              Statistics: Num rows: 1 Data size: 30 Basic stats: COMPLETE Column stats: NONE
              Select Operator
                expressions: key (type: string), val (type: string)
                outputColumnNames: _col0, _col1
                Statistics: Num rows: 1 Data size: 30 Basic stats: COMPLETE Column stats: NONE
                Reduce Output Operator
                  key expressions: _col0 (type: string)
                  sort order: +
                  Map-reduce partition columns: _col0 (type: string)
                  Statistics: Num rows: 1 Data size: 30 Basic stats: COMPLETE Column stats: NONE
                  value expressions: _col1 (type: string)
      Reduce Operator Tree:
        Join Operator
          condition map:
               Right Outer Join0 to 1
          keys:
            0 _col0 (type: string)
            1 _col0 (type: string)
          outputColumnNames: _col0, _col1, _col2, _col3
          Statistics: Num rows: 1 Data size: 33 Basic stats: COMPLETE Column stats: NONE
          File Output Operator
            compressed: false
            Statistics: Num rows: 1 Data size: 33 Basic stats: COMPLETE Column stats: NONE
            table:
                input format: org.apache.hadoop.mapred.TextInputFormat
                output format: org.apache.hadoop.hive.ql.io.HiveIgnoreKeyTextOutputFormat
                serde: org.apache.hadoop.hive.serde2.lazy.LazySimpleSerDe
                name: default.dest1

  Stage: Stage-0
    Move Operator
      tables:
          replace: true
          table:
              input format: org.apache.hadoop.mapred.TextInputFormat
              output format: org.apache.hadoop.hive.ql.io.HiveIgnoreKeyTextOutputFormat
              serde: org.apache.hadoop.hive.serde2.lazy.LazySimpleSerDe
              name: default.dest1

  Stage: Stage-3
    Map Reduce
      Map Operator Tree:
          TableScan
            alias: a
            Statistics: Num rows: 1 Data size: 30 Basic stats: COMPLETE Column stats: NONE
            Filter Operator
              predicate: (not ((key = '2') or (key = '3'))) (type: boolean)
              Statistics: Num rows: 1 Data size: 30 Basic stats: COMPLETE Column stats: NONE
              Select Operator
                expressions: key (type: string), val (type: string)
                outputColumnNames: _col0, _col1
                Statistics: Num rows: 1 Data size: 30 Basic stats: COMPLETE Column stats: NONE
                Reduce Output Operator
                  key expressions: _col0 (type: string)
                  sort order: +
                  Map-reduce partition columns: _col0 (type: string)
                  Statistics: Num rows: 1 Data size: 30 Basic stats: COMPLETE Column stats: NONE
                  value expressions: _col1 (type: string)
          TableScan
            alias: b
            Statistics: Num rows: 1 Data size: 30 Basic stats: COMPLETE Column stats: NONE
            Filter Operator
              predicate: (not ((key = '2') or (key = '3'))) (type: boolean)
              Statistics: Num rows: 1 Data size: 30 Basic stats: COMPLETE Column stats: NONE
              Select Operator
                expressions: key (type: string), val (type: string)
                outputColumnNames: _col0, _col1
                Statistics: Num rows: 1 Data size: 30 Basic stats: COMPLETE Column stats: NONE
                Reduce Output Operator
                  key expressions: _col0 (type: string)
                  sort order: +
                  Map-reduce partition columns: _col0 (type: string)
                  Statistics: Num rows: 1 Data size: 30 Basic stats: COMPLETE Column stats: NONE
                  value expressions: _col1 (type: string)
      Reduce Operator Tree:
        Join Operator
          condition map:
               Right Outer Join0 to 1
          outputColumnNames: _col0, _col1, _col2, _col3
          Statistics: Num rows: 1 Data size: 33 Basic stats: COMPLETE Column stats: NONE
          File Output Operator
            compressed: false
            Statistics: Num rows: 1 Data size: 33 Basic stats: COMPLETE Column stats: NONE
            table:
                input format: org.apache.hadoop.mapred.TextInputFormat
                output format: org.apache.hadoop.hive.ql.io.HiveIgnoreKeyTextOutputFormat
                serde: org.apache.hadoop.hive.serde2.lazy.LazySimpleSerDe
                name: default.dest1

PREHOOK: query: INSERT OVERWRITE TABLE DEST1
SELECT * FROM T1 a RIGHT OUTER JOIN T2 b ON a.key = b.key
PREHOOK: type: QUERY
PREHOOK: Input: default@t1
PREHOOK: Input: default@t2
PREHOOK: Output: default@dest1
POSTHOOK: query: INSERT OVERWRITE TABLE DEST1
SELECT * FROM T1 a RIGHT OUTER JOIN T2 b ON a.key = b.key
POSTHOOK: type: QUERY
POSTHOOK: Input: default@t1
POSTHOOK: Input: default@t2
POSTHOOK: Output: default@dest1
POSTHOOK: Lineage: dest1.key1 SIMPLE [(t1)a.FieldSchema(name:key, type:string, comment:null), ]
POSTHOOK: Lineage: dest1.key2 SIMPLE [(t2)b.FieldSchema(name:key, type:string, comment:null), ]
POSTHOOK: Lineage: dest1.val1 SIMPLE [(t1)a.FieldSchema(name:val, type:string, comment:null), ]
POSTHOOK: Lineage: dest1.val2 SIMPLE [(t2)b.FieldSchema(name:val, type:string, comment:null), ]
PREHOOK: query: SELECT * FROM DEST1
ORDER BY key1, key2, val1, val2
PREHOOK: type: QUERY
PREHOOK: Input: default@dest1
#### A masked pattern was here ####
POSTHOOK: query: SELECT * FROM DEST1
ORDER BY key1, key2, val1, val2
POSTHOOK: type: QUERY
POSTHOOK: Input: default@dest1
#### A masked pattern was here ####
NULL	NULL	4	14
NULL	NULL	5	15
2	12	2	22
3	13	3	13
8	18	8	18
8	18	8	18
8	28	8	18
8	28	8	18
