PREHOOK: query: CREATE TABLE tmpT1_n1(key STRING, val STRING) STORED AS TEXTFILE
PREHOOK: type: CREATETABLE
PREHOOK: Output: database:default
PREHOOK: Output: default@tmpT1_n1
POSTHOOK: query: CREATE TABLE tmpT1_n1(key STRING, val STRING) STORED AS TEXTFILE
POSTHOOK: type: CREATETABLE
POSTHOOK: Output: database:default
POSTHOOK: Output: default@tmpT1_n1
PREHOOK: query: LOAD DATA LOCAL INPATH '../../data/files/T1.txt' INTO TABLE tmpT1_n1
PREHOOK: type: LOAD
#### A masked pattern was here ####
PREHOOK: Output: default@tmpt1_n1
POSTHOOK: query: LOAD DATA LOCAL INPATH '../../data/files/T1.txt' INTO TABLE tmpT1_n1
POSTHOOK: type: LOAD
#### A masked pattern was here ####
POSTHOOK: Output: default@tmpt1_n1
PREHOOK: query: CREATE TABLE T1_n160(key INT, val STRING) SKEWED BY (key) ON ((2))
PREHOOK: type: CREATETABLE
PREHOOK: Output: database:default
PREHOOK: Output: default@T1_n160
POSTHOOK: query: CREATE TABLE T1_n160(key INT, val STRING) SKEWED BY (key) ON ((2))
POSTHOOK: type: CREATETABLE
POSTHOOK: Output: database:default
POSTHOOK: Output: default@T1_n160
PREHOOK: query: INSERT OVERWRITE TABLE T1_n160 SELECT key, val FROM tmpT1_n1
PREHOOK: type: QUERY
PREHOOK: Input: default@tmpt1_n1
PREHOOK: Output: default@t1_n160
POSTHOOK: query: INSERT OVERWRITE TABLE T1_n160 SELECT key, val FROM tmpT1_n1
POSTHOOK: type: QUERY
POSTHOOK: Input: default@tmpt1_n1
POSTHOOK: Output: default@t1_n160
POSTHOOK: Lineage: t1_n160.key EXPRESSION [(tmpt1_n1)tmpt1_n1.FieldSchema(name:key, type:string, comment:null), ]
POSTHOOK: Lineage: t1_n160.val SIMPLE [(tmpt1_n1)tmpt1_n1.FieldSchema(name:val, type:string, comment:null), ]
PREHOOK: query: CREATE TABLE T2_n94(key STRING, val STRING)
SKEWED BY (key) ON ((3)) STORED AS TEXTFILE
PREHOOK: type: CREATETABLE
PREHOOK: Output: database:default
PREHOOK: Output: default@T2_n94
POSTHOOK: query: CREATE TABLE T2_n94(key STRING, val STRING)
SKEWED BY (key) ON ((3)) STORED AS TEXTFILE
POSTHOOK: type: CREATETABLE
POSTHOOK: Output: database:default
POSTHOOK: Output: default@T2_n94
PREHOOK: query: LOAD DATA LOCAL INPATH '../../data/files/T2.txt' INTO TABLE T2_n94
PREHOOK: type: LOAD
#### A masked pattern was here ####
PREHOOK: Output: default@t2_n94
POSTHOOK: query: LOAD DATA LOCAL INPATH '../../data/files/T2.txt' INTO TABLE T2_n94
POSTHOOK: type: LOAD
#### A masked pattern was here ####
POSTHOOK: Output: default@t2_n94
PREHOOK: query: EXPLAIN
SELECT a.*, b.* FROM T1_n160 a JOIN T2_n94 b ON a.key = b.key
PREHOOK: type: QUERY
POSTHOOK: query: EXPLAIN
SELECT a.*, b.* FROM T1_n160 a JOIN T2_n94 b ON a.key = b.key
POSTHOOK: type: QUERY
STAGE DEPENDENCIES:
  Stage-1 is a root stage
  Stage-0 depends on stages: Stage-1

STAGE PLANS:
  Stage: Stage-1
    Map Reduce
      Map Operator Tree:
          TableScan
            alias: a
            Statistics: Num rows: 6 Data size: 24 Basic stats: COMPLETE Column stats: NONE
            Filter Operator
              predicate: key is not null (type: boolean)
              Statistics: Num rows: 6 Data size: 24 Basic stats: COMPLETE Column stats: NONE
              Select Operator
                expressions: key (type: int), val (type: string)
                outputColumnNames: _col0, _col1
                Statistics: Num rows: 6 Data size: 24 Basic stats: COMPLETE Column stats: NONE
                Reduce Output Operator
                  key expressions: UDFToDouble(_col0) (type: double)
                  sort order: +
                  Map-reduce partition columns: UDFToDouble(_col0) (type: double)
                  Statistics: Num rows: 6 Data size: 24 Basic stats: COMPLETE Column stats: NONE
                  value expressions: _col0 (type: int), _col1 (type: string)
          TableScan
            alias: b
            Statistics: Num rows: 1 Data size: 300 Basic stats: COMPLETE Column stats: NONE
            Filter Operator
              predicate: key is not null (type: boolean)
              Statistics: Num rows: 1 Data size: 300 Basic stats: COMPLETE Column stats: NONE
              Select Operator
                expressions: key (type: string), val (type: string)
                outputColumnNames: _col0, _col1
                Statistics: Num rows: 1 Data size: 300 Basic stats: COMPLETE Column stats: NONE
                Reduce Output Operator
                  key expressions: UDFToDouble(_col0) (type: double)
                  sort order: +
                  Map-reduce partition columns: UDFToDouble(_col0) (type: double)
                  Statistics: Num rows: 1 Data size: 300 Basic stats: COMPLETE Column stats: NONE
                  value expressions: _col0 (type: string), _col1 (type: string)
      Reduce Operator Tree:
        Join Operator
          condition map:
               Inner Join 0 to 1
          keys:
            0 UDFToDouble(_col0) (type: double)
            1 UDFToDouble(_col0) (type: double)
          outputColumnNames: _col0, _col1, _col2, _col3
          Statistics: Num rows: 6 Data size: 26 Basic stats: COMPLETE Column stats: NONE
          File Output Operator
            compressed: false
            Statistics: Num rows: 6 Data size: 26 Basic stats: COMPLETE Column stats: NONE
            table:
                input format: org.apache.hadoop.mapred.SequenceFileInputFormat
                output format: org.apache.hadoop.hive.ql.io.HiveSequenceFileOutputFormat
                serde: org.apache.hadoop.hive.serde2.lazy.LazySimpleSerDe

  Stage: Stage-0
    Fetch Operator
      limit: -1
      Processor Tree:
        ListSink

PREHOOK: query: SELECT a.*, b.* FROM T1_n160 a JOIN T2_n94 b ON a.key = b.key
ORDER BY a.key, b.key, a.val, b.val
PREHOOK: type: QUERY
PREHOOK: Input: default@t1_n160
PREHOOK: Input: default@t2_n94
#### A masked pattern was here ####
POSTHOOK: query: SELECT a.*, b.* FROM T1_n160 a JOIN T2_n94 b ON a.key = b.key
ORDER BY a.key, b.key, a.val, b.val
POSTHOOK: type: QUERY
POSTHOOK: Input: default@t1_n160
POSTHOOK: Input: default@t2_n94
#### A masked pattern was here ####
2	12	2	22
3	13	3	13
8	18	8	18
8	18	8	18
8	28	8	18
8	28	8	18
