PREHOOK: query: CREATE TABLE T1_n63(key STRING, val STRING)
SKEWED BY (key) ON ((2)) STORED AS TEXTFILE
PREHOOK: type: CREATETABLE
PREHOOK: Output: database:default
PREHOOK: Output: default@T1_n63
POSTHOOK: query: CREATE TABLE T1_n63(key STRING, val STRING)
SKEWED BY (key) ON ((2)) STORED AS TEXTFILE
POSTHOOK: type: CREATETABLE
POSTHOOK: Output: database:default
POSTHOOK: Output: default@T1_n63
PREHOOK: query: LOAD DATA LOCAL INPATH '../../data/files/T1.txt' INTO TABLE T1_n63
PREHOOK: type: LOAD
#### A masked pattern was here ####
PREHOOK: Output: default@t1_n63
POSTHOOK: query: LOAD DATA LOCAL INPATH '../../data/files/T1.txt' INTO TABLE T1_n63
POSTHOOK: type: LOAD
#### A masked pattern was here ####
POSTHOOK: Output: default@t1_n63
PREHOOK: query: CREATE TABLE T2_n38(key STRING, val STRING)
SKEWED BY (key) ON ((3)) STORED AS TEXTFILE
PREHOOK: type: CREATETABLE
PREHOOK: Output: database:default
PREHOOK: Output: default@T2_n38
POSTHOOK: query: CREATE TABLE T2_n38(key STRING, val STRING)
SKEWED BY (key) ON ((3)) STORED AS TEXTFILE
POSTHOOK: type: CREATETABLE
POSTHOOK: Output: database:default
POSTHOOK: Output: default@T2_n38
PREHOOK: query: LOAD DATA LOCAL INPATH '../../data/files/T2.txt' INTO TABLE T2_n38
PREHOOK: type: LOAD
#### A masked pattern was here ####
PREHOOK: Output: default@t2_n38
POSTHOOK: query: LOAD DATA LOCAL INPATH '../../data/files/T2.txt' INTO TABLE T2_n38
POSTHOOK: type: LOAD
#### A masked pattern was here ####
POSTHOOK: Output: default@t2_n38
PREHOOK: query: EXPLAIN
SELECT a.*, b.*
FROM 
  (SELECT key as k, val as v FROM T1_n63) a
  JOIN
  (SELECT key as k, val as v FROM T2_n38) b
ON a.k = b.k
PREHOOK: type: QUERY
POSTHOOK: query: EXPLAIN
SELECT a.*, b.*
FROM 
  (SELECT key as k, val as v FROM T1_n63) a
  JOIN
  (SELECT key as k, val as v FROM T2_n38) b
ON a.k = b.k
POSTHOOK: type: QUERY
STAGE DEPENDENCIES:
  Stage-1 is a root stage
  Stage-2 depends on stages: Stage-1, Stage-4
  Stage-4 is a root stage
  Stage-0 depends on stages: Stage-2

STAGE PLANS:
  Stage: Stage-1
    Map Reduce
      Map Operator Tree:
          TableScan
            alias: t1_n63
            Statistics: Num rows: 1 Data size: 300 Basic stats: COMPLETE Column stats: NONE
            Filter Operator
              predicate: (((key = '2') or (key = '3')) and key is not null) (type: boolean)
              Statistics: Num rows: 1 Data size: 300 Basic stats: COMPLETE Column stats: NONE
              Select Operator
                expressions: key (type: string), val (type: string)
                outputColumnNames: _col0, _col1
                Statistics: Num rows: 1 Data size: 300 Basic stats: COMPLETE Column stats: NONE
                Reduce Output Operator
                  key expressions: _col0 (type: string)
                  sort order: +
                  Map-reduce partition columns: _col0 (type: string)
                  Statistics: Num rows: 1 Data size: 300 Basic stats: COMPLETE Column stats: NONE
                  value expressions: _col1 (type: string)
          TableScan
            alias: t2_n38
            Statistics: Num rows: 1 Data size: 300 Basic stats: COMPLETE Column stats: NONE
            Filter Operator
              predicate: (((key = '2') or (key = '3')) and key is not null) (type: boolean)
              Statistics: Num rows: 1 Data size: 300 Basic stats: COMPLETE Column stats: NONE
              Select Operator
                expressions: key (type: string), val (type: string)
                outputColumnNames: _col0, _col1
                Statistics: Num rows: 1 Data size: 300 Basic stats: COMPLETE Column stats: NONE
                Reduce Output Operator
                  key expressions: _col0 (type: string)
                  sort order: +
                  Map-reduce partition columns: _col0 (type: string)
                  Statistics: Num rows: 1 Data size: 300 Basic stats: COMPLETE Column stats: NONE
                  value expressions: _col1 (type: string)
      Reduce Operator Tree:
        Join Operator
          condition map:
               Inner Join 0 to 1
          keys:
            0 _col0 (type: string)
            1 _col0 (type: string)
          outputColumnNames: _col0, _col1, _col2, _col3
          Statistics: Num rows: 1 Data size: 330 Basic stats: COMPLETE Column stats: NONE
          File Output Operator
            compressed: false
            table:
                input format: org.apache.hadoop.mapred.SequenceFileInputFormat
                output format: org.apache.hadoop.hive.ql.io.HiveSequenceFileOutputFormat
                serde: org.apache.hadoop.hive.serde2.lazybinary.LazyBinarySerDe

  Stage: Stage-2
    Map Reduce
      Map Operator Tree:
          TableScan
            Union
              Statistics: Num rows: 2 Data size: 660 Basic stats: COMPLETE Column stats: NONE
              File Output Operator
                compressed: false
                Statistics: Num rows: 2 Data size: 660 Basic stats: COMPLETE Column stats: NONE
                table:
                    input format: org.apache.hadoop.mapred.SequenceFileInputFormat
                    output format: org.apache.hadoop.hive.ql.io.HiveSequenceFileOutputFormat
                    serde: org.apache.hadoop.hive.serde2.lazy.LazySimpleSerDe
          TableScan
            Union
              Statistics: Num rows: 2 Data size: 660 Basic stats: COMPLETE Column stats: NONE
              File Output Operator
                compressed: false
                Statistics: Num rows: 2 Data size: 660 Basic stats: COMPLETE Column stats: NONE
                table:
                    input format: org.apache.hadoop.mapred.SequenceFileInputFormat
                    output format: org.apache.hadoop.hive.ql.io.HiveSequenceFileOutputFormat
                    serde: org.apache.hadoop.hive.serde2.lazy.LazySimpleSerDe

  Stage: Stage-4
    Map Reduce
      Map Operator Tree:
          TableScan
            alias: t1_n63
            Statistics: Num rows: 1 Data size: 300 Basic stats: COMPLETE Column stats: NONE
            Filter Operator
              predicate: ((not ((key = '2') or (key = '3'))) and key is not null) (type: boolean)
              Statistics: Num rows: 1 Data size: 300 Basic stats: COMPLETE Column stats: NONE
              Select Operator
                expressions: key (type: string), val (type: string)
                outputColumnNames: _col0, _col1
                Statistics: Num rows: 1 Data size: 300 Basic stats: COMPLETE Column stats: NONE
                Reduce Output Operator
                  key expressions: _col0 (type: string)
                  sort order: +
                  Map-reduce partition columns: _col0 (type: string)
                  Statistics: Num rows: 1 Data size: 300 Basic stats: COMPLETE Column stats: NONE
                  value expressions: _col1 (type: string)
          TableScan
            alias: t2_n38
            Statistics: Num rows: 1 Data size: 300 Basic stats: COMPLETE Column stats: NONE
            Filter Operator
              predicate: ((not ((key = '2') or (key = '3'))) and key is not null) (type: boolean)
              Statistics: Num rows: 1 Data size: 300 Basic stats: COMPLETE Column stats: NONE
              Select Operator
                expressions: key (type: string), val (type: string)
                outputColumnNames: _col0, _col1
                Statistics: Num rows: 1 Data size: 300 Basic stats: COMPLETE Column stats: NONE
                Reduce Output Operator
                  key expressions: _col0 (type: string)
                  sort order: +
                  Map-reduce partition columns: _col0 (type: string)
                  Statistics: Num rows: 1 Data size: 300 Basic stats: COMPLETE Column stats: NONE
                  value expressions: _col1 (type: string)
      Reduce Operator Tree:
        Join Operator
          condition map:
               Inner Join 0 to 1
          outputColumnNames: _col0, _col1, _col2, _col3
          Statistics: Num rows: 1 Data size: 330 Basic stats: COMPLETE Column stats: NONE
          File Output Operator
            compressed: false
            table:
                input format: org.apache.hadoop.mapred.SequenceFileInputFormat
                output format: org.apache.hadoop.hive.ql.io.HiveSequenceFileOutputFormat
                serde: org.apache.hadoop.hive.serde2.lazybinary.LazyBinarySerDe

  Stage: Stage-0
    Fetch Operator
      limit: -1
      Processor Tree:
        ListSink

PREHOOK: query: SELECT a.*, b.*
FROM 
  (SELECT key as k, val as v FROM T1_n63) a
  JOIN
  (SELECT key as k, val as v FROM T2_n38) b
ON a.k = b.k
ORDER BY a.k, b.k, a.v, b.v
PREHOOK: type: QUERY
PREHOOK: Input: default@t1_n63
PREHOOK: Input: default@t2_n38
#### A masked pattern was here ####
POSTHOOK: query: SELECT a.*, b.*
FROM 
  (SELECT key as k, val as v FROM T1_n63) a
  JOIN
  (SELECT key as k, val as v FROM T2_n38) b
ON a.k = b.k
ORDER BY a.k, b.k, a.v, b.v
POSTHOOK: type: QUERY
POSTHOOK: Input: default@t1_n63
POSTHOOK: Input: default@t2_n38
#### A masked pattern was here ####
2	12	2	22
3	13	3	13
8	18	8	18
8	18	8	18
8	28	8	18
8	28	8	18
