PREHOOK: query: create table smb_bucket_1(key int, value string) CLUSTERED BY (key) SORTED BY (key) INTO 1 BUCKETS STORED AS RCFILE
PREHOOK: type: CREATETABLE
PREHOOK: Output: database:default
PREHOOK: Output: default@smb_bucket_1
POSTHOOK: query: create table smb_bucket_1(key int, value string) CLUSTERED BY (key) SORTED BY (key) INTO 1 BUCKETS STORED AS RCFILE
POSTHOOK: type: CREATETABLE
POSTHOOK: Output: database:default
POSTHOOK: Output: default@smb_bucket_1
PREHOOK: query: create table smb_bucket_2(key int, value string) CLUSTERED BY (key) SORTED BY (key) INTO 1 BUCKETS STORED AS RCFILE
PREHOOK: type: CREATETABLE
PREHOOK: Output: database:default
PREHOOK: Output: default@smb_bucket_2
POSTHOOK: query: create table smb_bucket_2(key int, value string) CLUSTERED BY (key) SORTED BY (key) INTO 1 BUCKETS STORED AS RCFILE
POSTHOOK: type: CREATETABLE
POSTHOOK: Output: database:default
POSTHOOK: Output: default@smb_bucket_2
PREHOOK: query: create table smb_bucket_3(key int, value string) CLUSTERED BY (key) SORTED BY (key) INTO 1 BUCKETS STORED AS RCFILE
PREHOOK: type: CREATETABLE
PREHOOK: Output: database:default
PREHOOK: Output: default@smb_bucket_3
POSTHOOK: query: create table smb_bucket_3(key int, value string) CLUSTERED BY (key) SORTED BY (key) INTO 1 BUCKETS STORED AS RCFILE
POSTHOOK: type: CREATETABLE
POSTHOOK: Output: database:default
POSTHOOK: Output: default@smb_bucket_3
PREHOOK: query: load data local inpath '../../data/files/smb_rc1/000000_0' overwrite into table smb_bucket_1
PREHOOK: type: LOAD
#### A masked pattern was here ####
PREHOOK: Output: default@smb_bucket_1
POSTHOOK: query: load data local inpath '../../data/files/smb_rc1/000000_0' overwrite into table smb_bucket_1
POSTHOOK: type: LOAD
#### A masked pattern was here ####
POSTHOOK: Output: default@smb_bucket_1
PREHOOK: query: load data local inpath '../../data/files/smb_rc2/000000_0' overwrite into table smb_bucket_2
PREHOOK: type: LOAD
#### A masked pattern was here ####
PREHOOK: Output: default@smb_bucket_2
POSTHOOK: query: load data local inpath '../../data/files/smb_rc2/000000_0' overwrite into table smb_bucket_2
POSTHOOK: type: LOAD
#### A masked pattern was here ####
POSTHOOK: Output: default@smb_bucket_2
PREHOOK: query: load data local inpath '../../data/files/smb_rc3/000000_0' overwrite into table smb_bucket_3
PREHOOK: type: LOAD
#### A masked pattern was here ####
PREHOOK: Output: default@smb_bucket_3
POSTHOOK: query: load data local inpath '../../data/files/smb_rc3/000000_0' overwrite into table smb_bucket_3
POSTHOOK: type: LOAD
#### A masked pattern was here ####
POSTHOOK: Output: default@smb_bucket_3
Warning: Shuffle Join JOIN[22][tables = [$hdt$_0, $hdt$_1]] in Stage 'Stage-2:MAPRED' is a cross product
Warning: Shuffle Join JOIN[8][tables = [$hdt$_0, $hdt$_1]] in Stage 'Stage-1:MAPRED' is a cross product
Warning: Shuffle Join JOIN[18][tables = [$hdt$_1, $hdt$_2]] in Stage 'Stage-4:MAPRED' is a cross product
PREHOOK: query: explain 
select * from (select a.key from smb_bucket_1 a join smb_bucket_2 b on (a.key = b.key) where a.key = 5) t1 left outer join (select c.key from smb_bucket_2 c join smb_bucket_3 d on (c.key = d.key) where c.key=5) t2 on (t1.key=t2.key) where t2.key=5
PREHOOK: type: QUERY
POSTHOOK: query: explain 
select * from (select a.key from smb_bucket_1 a join smb_bucket_2 b on (a.key = b.key) where a.key = 5) t1 left outer join (select c.key from smb_bucket_2 c join smb_bucket_3 d on (c.key = d.key) where c.key=5) t2 on (t1.key=t2.key) where t2.key=5
POSTHOOK: type: QUERY
STAGE DEPENDENCIES:
  Stage-1 is a root stage
  Stage-2 depends on stages: Stage-1, Stage-4
  Stage-4 is a root stage
  Stage-0 depends on stages: Stage-2

STAGE PLANS:
  Stage: Stage-1
    Map Reduce
      Map Operator Tree:
          TableScan
            alias: a
            Statistics: Num rows: 1 Data size: 2080 Basic stats: COMPLETE Column stats: NONE
            Filter Operator
              predicate: (key = 5) (type: boolean)
              Statistics: Num rows: 1 Data size: 2080 Basic stats: COMPLETE Column stats: NONE
              Select Operator
                Statistics: Num rows: 1 Data size: 2080 Basic stats: COMPLETE Column stats: NONE
                Reduce Output Operator
                  sort order: 
                  Statistics: Num rows: 1 Data size: 2080 Basic stats: COMPLETE Column stats: NONE
          TableScan
            alias: b
            Statistics: Num rows: 1 Data size: 2060 Basic stats: COMPLETE Column stats: NONE
            Filter Operator
              predicate: (key = 5) (type: boolean)
              Statistics: Num rows: 1 Data size: 2060 Basic stats: COMPLETE Column stats: NONE
              Select Operator
                Statistics: Num rows: 1 Data size: 2060 Basic stats: COMPLETE Column stats: NONE
                Reduce Output Operator
                  sort order: 
                  Statistics: Num rows: 1 Data size: 2060 Basic stats: COMPLETE Column stats: NONE
      Reduce Operator Tree:
        Join Operator
          condition map:
               Inner Join 0 to 1
          keys:
            0 
            1 
          Statistics: Num rows: 1 Data size: 4141 Basic stats: COMPLETE Column stats: NONE
          File Output Operator
            compressed: false
            table:
                input format: org.apache.hadoop.mapred.SequenceFileInputFormat
                output format: org.apache.hadoop.hive.ql.io.HiveSequenceFileOutputFormat
                serde: org.apache.hadoop.hive.serde2.lazybinary.LazyBinarySerDe

  Stage: Stage-2
    Map Reduce
      Map Operator Tree:
          TableScan
            Reduce Output Operator
              sort order: 
              Statistics: Num rows: 1 Data size: 4141 Basic stats: COMPLETE Column stats: NONE
          TableScan
            Reduce Output Operator
              sort order: 
              Statistics: Num rows: 1 Data size: 4281 Basic stats: COMPLETE Column stats: NONE
      Reduce Operator Tree:
        Join Operator
          condition map:
               Inner Join 0 to 1
          keys:
            0 
            1 
          Statistics: Num rows: 1 Data size: 8423 Basic stats: COMPLETE Column stats: NONE
          Select Operator
            expressions: 5 (type: int), 5 (type: int)
            outputColumnNames: _col0, _col1
            Statistics: Num rows: 1 Data size: 8423 Basic stats: COMPLETE Column stats: NONE
            File Output Operator
              compressed: false
              Statistics: Num rows: 1 Data size: 8423 Basic stats: COMPLETE Column stats: NONE
              table:
                  input format: org.apache.hadoop.mapred.SequenceFileInputFormat
                  output format: org.apache.hadoop.hive.ql.io.HiveSequenceFileOutputFormat
                  serde: org.apache.hadoop.hive.serde2.lazy.LazySimpleSerDe

  Stage: Stage-4
    Map Reduce
      Map Operator Tree:
          TableScan
            alias: c
            Statistics: Num rows: 1 Data size: 2060 Basic stats: COMPLETE Column stats: NONE
            Filter Operator
              predicate: (key = 5) (type: boolean)
              Statistics: Num rows: 1 Data size: 2060 Basic stats: COMPLETE Column stats: NONE
              Select Operator
                Statistics: Num rows: 1 Data size: 2060 Basic stats: COMPLETE Column stats: NONE
                Reduce Output Operator
                  sort order: 
                  Statistics: Num rows: 1 Data size: 2060 Basic stats: COMPLETE Column stats: NONE
          TableScan
            alias: d
            Statistics: Num rows: 1 Data size: 2220 Basic stats: COMPLETE Column stats: NONE
            Filter Operator
              predicate: (key = 5) (type: boolean)
              Statistics: Num rows: 1 Data size: 2220 Basic stats: COMPLETE Column stats: NONE
              Select Operator
                Statistics: Num rows: 1 Data size: 2220 Basic stats: COMPLETE Column stats: NONE
                Reduce Output Operator
                  sort order: 
                  Statistics: Num rows: 1 Data size: 2220 Basic stats: COMPLETE Column stats: NONE
      Reduce Operator Tree:
        Join Operator
          condition map:
               Inner Join 0 to 1
          keys:
            0 
            1 
          Statistics: Num rows: 1 Data size: 4281 Basic stats: COMPLETE Column stats: NONE
          File Output Operator
            compressed: false
            table:
                input format: org.apache.hadoop.mapred.SequenceFileInputFormat
                output format: org.apache.hadoop.hive.ql.io.HiveSequenceFileOutputFormat
                serde: org.apache.hadoop.hive.serde2.lazybinary.LazyBinarySerDe

  Stage: Stage-0
    Fetch Operator
      limit: -1
      Processor Tree:
        ListSink

Warning: Map Join MAPJOIN[34][bigTable=?] in task 'Stage-7:MAPRED' is a cross product
Warning: Map Join MAPJOIN[33][bigTable=?] in task 'Stage-6:MAPRED' is a cross product
Warning: Shuffle Join JOIN[22][tables = [$hdt$_0, $hdt$_1]] in Stage 'Stage-2:MAPRED' is a cross product
Warning: Map Join MAPJOIN[35][bigTable=?] in task 'Stage-9:MAPRED' is a cross product
Warning: Map Join MAPJOIN[36][bigTable=?] in task 'Stage-10:MAPRED' is a cross product
PREHOOK: query: explain 
select * from (select a.key from smb_bucket_1 a join smb_bucket_2 b on (a.key = b.key) where a.key = 5) t1 left outer join (select c.key from smb_bucket_2 c join smb_bucket_3 d on (c.key = d.key) where c.key=5) t2 on (t1.key=t2.key) where t2.key=5
PREHOOK: type: QUERY
POSTHOOK: query: explain 
select * from (select a.key from smb_bucket_1 a join smb_bucket_2 b on (a.key = b.key) where a.key = 5) t1 left outer join (select c.key from smb_bucket_2 c join smb_bucket_3 d on (c.key = d.key) where c.key=5) t2 on (t1.key=t2.key) where t2.key=5
POSTHOOK: type: QUERY
STAGE DEPENDENCIES:
  Stage-13 is a root stage
  Stage-9 depends on stages: Stage-13
  Stage-8 depends on stages: Stage-9, Stage-10 , consists of Stage-11, Stage-12, Stage-2
  Stage-11 has a backup stage: Stage-2
  Stage-6 depends on stages: Stage-11
  Stage-12 has a backup stage: Stage-2
  Stage-7 depends on stages: Stage-12
  Stage-2
  Stage-14 is a root stage
  Stage-10 depends on stages: Stage-14
  Stage-0 depends on stages: Stage-6, Stage-7, Stage-2

STAGE PLANS:
  Stage: Stage-13
    Map Reduce Local Work
      Alias -> Map Local Tables:
        $hdt$_0:$hdt$_1:b 
          Fetch Operator
            limit: -1
      Alias -> Map Local Operator Tree:
        $hdt$_0:$hdt$_1:b 
          TableScan
            alias: b
            Statistics: Num rows: 1 Data size: 2060 Basic stats: COMPLETE Column stats: NONE
            Filter Operator
              predicate: (key = 5) (type: boolean)
              Statistics: Num rows: 1 Data size: 2060 Basic stats: COMPLETE Column stats: NONE
              Select Operator
                Statistics: Num rows: 1 Data size: 2060 Basic stats: COMPLETE Column stats: NONE
                HashTable Sink Operator
                  keys:
                    0 
                    1 

  Stage: Stage-9
    Map Reduce
      Map Operator Tree:
          TableScan
            alias: a
            Statistics: Num rows: 1 Data size: 2080 Basic stats: COMPLETE Column stats: NONE
            Filter Operator
              predicate: (key = 5) (type: boolean)
              Statistics: Num rows: 1 Data size: 2080 Basic stats: COMPLETE Column stats: NONE
              Select Operator
                Statistics: Num rows: 1 Data size: 2080 Basic stats: COMPLETE Column stats: NONE
                Map Join Operator
                  condition map:
                       Inner Join 0 to 1
                  keys:
                    0 
                    1 
                  Statistics: Num rows: 1 Data size: 4141 Basic stats: COMPLETE Column stats: NONE
                  File Output Operator
                    compressed: false
                    table:
                        input format: org.apache.hadoop.mapred.SequenceFileInputFormat
                        output format: org.apache.hadoop.hive.ql.io.HiveSequenceFileOutputFormat
                        serde: org.apache.hadoop.hive.serde2.lazybinary.LazyBinarySerDe
      Local Work:
        Map Reduce Local Work

  Stage: Stage-8
    Conditional Operator

  Stage: Stage-11
    Map Reduce Local Work
      Alias -> Map Local Tables:
        $INTNAME1 
          Fetch Operator
            limit: -1
      Alias -> Map Local Operator Tree:
        $INTNAME1 
          TableScan
            HashTable Sink Operator
              keys:
                0 
                1 

  Stage: Stage-6
    Map Reduce
      Map Operator Tree:
          TableScan
            Map Join Operator
              condition map:
                   Inner Join 0 to 1
              keys:
                0 
                1 
              Statistics: Num rows: 1 Data size: 8423 Basic stats: COMPLETE Column stats: NONE
              Select Operator
                expressions: 5 (type: int), 5 (type: int)
                outputColumnNames: _col0, _col1
                Statistics: Num rows: 1 Data size: 8423 Basic stats: COMPLETE Column stats: NONE
                File Output Operator
                  compressed: false
                  Statistics: Num rows: 1 Data size: 8423 Basic stats: COMPLETE Column stats: NONE
                  table:
                      input format: org.apache.hadoop.mapred.SequenceFileInputFormat
                      output format: org.apache.hadoop.hive.ql.io.HiveSequenceFileOutputFormat
                      serde: org.apache.hadoop.hive.serde2.lazy.LazySimpleSerDe
      Local Work:
        Map Reduce Local Work

  Stage: Stage-12
    Map Reduce Local Work
      Alias -> Map Local Tables:
        $INTNAME 
          Fetch Operator
            limit: -1
      Alias -> Map Local Operator Tree:
        $INTNAME 
          TableScan
            HashTable Sink Operator
              keys:
                0 
                1 

  Stage: Stage-7
    Map Reduce
      Map Operator Tree:
          TableScan
            Map Join Operator
              condition map:
                   Inner Join 0 to 1
              keys:
                0 
                1 
              Statistics: Num rows: 1 Data size: 8423 Basic stats: COMPLETE Column stats: NONE
              Select Operator
                expressions: 5 (type: int), 5 (type: int)
                outputColumnNames: _col0, _col1
                Statistics: Num rows: 1 Data size: 8423 Basic stats: COMPLETE Column stats: NONE
                File Output Operator
                  compressed: false
                  Statistics: Num rows: 1 Data size: 8423 Basic stats: COMPLETE Column stats: NONE
                  table:
                      input format: org.apache.hadoop.mapred.SequenceFileInputFormat
                      output format: org.apache.hadoop.hive.ql.io.HiveSequenceFileOutputFormat
                      serde: org.apache.hadoop.hive.serde2.lazy.LazySimpleSerDe
      Local Work:
        Map Reduce Local Work

  Stage: Stage-2
    Map Reduce
      Map Operator Tree:
          TableScan
            Reduce Output Operator
              sort order: 
              Statistics: Num rows: 1 Data size: 4141 Basic stats: COMPLETE Column stats: NONE
          TableScan
            Reduce Output Operator
              sort order: 
              Statistics: Num rows: 1 Data size: 4281 Basic stats: COMPLETE Column stats: NONE
      Reduce Operator Tree:
        Join Operator
          condition map:
               Inner Join 0 to 1
          keys:
            0 
            1 
          Statistics: Num rows: 1 Data size: 8423 Basic stats: COMPLETE Column stats: NONE
          Select Operator
            expressions: 5 (type: int), 5 (type: int)
            outputColumnNames: _col0, _col1
            Statistics: Num rows: 1 Data size: 8423 Basic stats: COMPLETE Column stats: NONE
            File Output Operator
              compressed: false
              Statistics: Num rows: 1 Data size: 8423 Basic stats: COMPLETE Column stats: NONE
              table:
                  input format: org.apache.hadoop.mapred.SequenceFileInputFormat
                  output format: org.apache.hadoop.hive.ql.io.HiveSequenceFileOutputFormat
                  serde: org.apache.hadoop.hive.serde2.lazy.LazySimpleSerDe

  Stage: Stage-14
    Map Reduce Local Work
      Alias -> Map Local Tables:
        $hdt$_1:$hdt$_1:c 
          Fetch Operator
            limit: -1
      Alias -> Map Local Operator Tree:
        $hdt$_1:$hdt$_1:c 
          TableScan
            alias: c
            Statistics: Num rows: 1 Data size: 2060 Basic stats: COMPLETE Column stats: NONE
            Filter Operator
              predicate: (key = 5) (type: boolean)
              Statistics: Num rows: 1 Data size: 2060 Basic stats: COMPLETE Column stats: NONE
              Select Operator
                Statistics: Num rows: 1 Data size: 2060 Basic stats: COMPLETE Column stats: NONE
                HashTable Sink Operator
                  keys:
                    0 
                    1 

  Stage: Stage-10
    Map Reduce
      Map Operator Tree:
          TableScan
            alias: d
            Statistics: Num rows: 1 Data size: 2220 Basic stats: COMPLETE Column stats: NONE
            Filter Operator
              predicate: (key = 5) (type: boolean)
              Statistics: Num rows: 1 Data size: 2220 Basic stats: COMPLETE Column stats: NONE
              Select Operator
                Statistics: Num rows: 1 Data size: 2220 Basic stats: COMPLETE Column stats: NONE
                Map Join Operator
                  condition map:
                       Inner Join 0 to 1
                  keys:
                    0 
                    1 
                  Statistics: Num rows: 1 Data size: 4281 Basic stats: COMPLETE Column stats: NONE
                  File Output Operator
                    compressed: false
                    table:
                        input format: org.apache.hadoop.mapred.SequenceFileInputFormat
                        output format: org.apache.hadoop.hive.ql.io.HiveSequenceFileOutputFormat
                        serde: org.apache.hadoop.hive.serde2.lazybinary.LazyBinarySerDe
      Local Work:
        Map Reduce Local Work

  Stage: Stage-0
    Fetch Operator
      limit: -1
      Processor Tree:
        ListSink

Warning: Map Join MAPJOIN[34][bigTable=?] in task 'Stage-7:MAPRED' is a cross product
Warning: Map Join MAPJOIN[33][bigTable=?] in task 'Stage-6:MAPRED' is a cross product
Warning: Shuffle Join JOIN[22][tables = [$hdt$_0, $hdt$_1]] in Stage 'Stage-2:MAPRED' is a cross product
Warning: Map Join MAPJOIN[35][bigTable=?] in task 'Stage-9:MAPRED' is a cross product
Warning: Map Join MAPJOIN[36][bigTable=?] in task 'Stage-10:MAPRED' is a cross product
PREHOOK: query: select * from (select a.key from smb_bucket_1 a join smb_bucket_2 b on (a.key = b.key) where a.key = 5) t1 left outer join (select c.key from smb_bucket_2 c join smb_bucket_3 d on (c.key = d.key) where c.key=5) t2 on (t1.key=t2.key) where t2.key=5
PREHOOK: type: QUERY
PREHOOK: Input: default@smb_bucket_1
PREHOOK: Input: default@smb_bucket_2
PREHOOK: Input: default@smb_bucket_3
#### A masked pattern was here ####
POSTHOOK: query: select * from (select a.key from smb_bucket_1 a join smb_bucket_2 b on (a.key = b.key) where a.key = 5) t1 left outer join (select c.key from smb_bucket_2 c join smb_bucket_3 d on (c.key = d.key) where c.key=5) t2 on (t1.key=t2.key) where t2.key=5
POSTHOOK: type: QUERY
POSTHOOK: Input: default@smb_bucket_1
POSTHOOK: Input: default@smb_bucket_2
POSTHOOK: Input: default@smb_bucket_3
#### A masked pattern was here ####
