PREHOOK: query: drop table table_desc1
PREHOOK: type: DROPTABLE
POSTHOOK: query: drop table table_desc1
POSTHOOK: type: DROPTABLE
PREHOOK: query: drop table table_desc2
PREHOOK: type: DROPTABLE
POSTHOOK: query: drop table table_desc2
POSTHOOK: type: DROPTABLE
PREHOOK: query: create table table_desc1(key string, value string) clustered by (key, value)
sorted by (key DESC, value ASC) into 1 BUCKETS
PREHOOK: type: CREATETABLE
PREHOOK: Output: database:default
PREHOOK: Output: default@table_desc1
POSTHOOK: query: create table table_desc1(key string, value string) clustered by (key, value)
sorted by (key DESC, value ASC) into 1 BUCKETS
POSTHOOK: type: CREATETABLE
POSTHOOK: Output: database:default
POSTHOOK: Output: default@table_desc1
PREHOOK: query: create table table_desc2(key string, value string) clustered by (key, value)
sorted by (key DESC, value DESC) into 1 BUCKETS
PREHOOK: type: CREATETABLE
PREHOOK: Output: database:default
PREHOOK: Output: default@table_desc2
POSTHOOK: query: create table table_desc2(key string, value string) clustered by (key, value)
sorted by (key DESC, value DESC) into 1 BUCKETS
POSTHOOK: type: CREATETABLE
POSTHOOK: Output: database:default
POSTHOOK: Output: default@table_desc2
PREHOOK: query: insert overwrite table table_desc1 select key, value from src
PREHOOK: type: QUERY
PREHOOK: Input: default@src
PREHOOK: Output: default@table_desc1
POSTHOOK: query: insert overwrite table table_desc1 select key, value from src
POSTHOOK: type: QUERY
POSTHOOK: Input: default@src
POSTHOOK: Output: default@table_desc1
POSTHOOK: Lineage: table_desc1.key SIMPLE [(src)src.FieldSchema(name:key, type:string, comment:default), ]
POSTHOOK: Lineage: table_desc1.value SIMPLE [(src)src.FieldSchema(name:value, type:string, comment:default), ]
PREHOOK: query: insert overwrite table table_desc2 select key, value from src
PREHOOK: type: QUERY
PREHOOK: Input: default@src
PREHOOK: Output: default@table_desc2
POSTHOOK: query: insert overwrite table table_desc2 select key, value from src
POSTHOOK: type: QUERY
POSTHOOK: Input: default@src
POSTHOOK: Output: default@table_desc2
POSTHOOK: Lineage: table_desc2.key SIMPLE [(src)src.FieldSchema(name:key, type:string, comment:default), ]
POSTHOOK: Lineage: table_desc2.value SIMPLE [(src)src.FieldSchema(name:value, type:string, comment:default), ]
PREHOOK: query: explain
select /*+ mapjoin(b) */ count(*) from table_desc1 a join table_desc2 b
on a.key=b.key and a.value=b.value where a.key < 10
PREHOOK: type: QUERY
POSTHOOK: query: explain
select /*+ mapjoin(b) */ count(*) from table_desc1 a join table_desc2 b
on a.key=b.key and a.value=b.value where a.key < 10
POSTHOOK: type: QUERY
STAGE DEPENDENCIES:
  Stage-3 is a root stage
  Stage-1 depends on stages: Stage-3
  Stage-0 depends on stages: Stage-1

STAGE PLANS:
  Stage: Stage-3
    Map Reduce Local Work
      Alias -> Map Local Tables:
        b 
          Fetch Operator
            limit: -1
      Alias -> Map Local Operator Tree:
        b 
          TableScan
            alias: b
            Statistics: Num rows: 500 Data size: 5312 Basic stats: COMPLETE Column stats: NONE
            Filter Operator
              predicate: ((key < 10) and value is not null) (type: boolean)
              Statistics: Num rows: 166 Data size: 1763 Basic stats: COMPLETE Column stats: NONE
              HashTable Sink Operator
                keys:
                  0 key (type: string), value (type: string)
                  1 key (type: string), value (type: string)

  Stage: Stage-1
    Map Reduce
      Map Operator Tree:
          TableScan
            alias: a
            Statistics: Num rows: 500 Data size: 5312 Basic stats: COMPLETE Column stats: NONE
            Filter Operator
              predicate: ((key < 10) and value is not null) (type: boolean)
              Statistics: Num rows: 166 Data size: 1763 Basic stats: COMPLETE Column stats: NONE
              Map Join Operator
                condition map:
                     Inner Join 0 to 1
                keys:
                  0 key (type: string), value (type: string)
                  1 key (type: string), value (type: string)
                Statistics: Num rows: 182 Data size: 1939 Basic stats: COMPLETE Column stats: NONE
                Group By Operator
                  aggregations: count()
                  mode: hash
                  outputColumnNames: _col0
                  Statistics: Num rows: 1 Data size: 8 Basic stats: COMPLETE Column stats: NONE
                  Reduce Output Operator
                    sort order: 
                    Statistics: Num rows: 1 Data size: 8 Basic stats: COMPLETE Column stats: NONE
                    value expressions: _col0 (type: bigint)
      Execution mode: vectorized
      Local Work:
        Map Reduce Local Work
      Reduce Operator Tree:
        Group By Operator
          aggregations: count(VALUE._col0)
          mode: mergepartial
          outputColumnNames: _col0
          Statistics: Num rows: 1 Data size: 8 Basic stats: COMPLETE Column stats: NONE
          File Output Operator
            compressed: false
            Statistics: Num rows: 1 Data size: 8 Basic stats: COMPLETE Column stats: NONE
            table:
                input format: org.apache.hadoop.mapred.SequenceFileInputFormat
                output format: org.apache.hadoop.hive.ql.io.HiveSequenceFileOutputFormat
                serde: org.apache.hadoop.hive.serde2.lazy.LazySimpleSerDe

  Stage: Stage-0
    Fetch Operator
      limit: -1
      Processor Tree:
        ListSink

PREHOOK: query: select /*+ mapjoin(b) */ count(*) from table_desc1 a join table_desc2 b
on a.key=b.key and a.value=b.value where a.key < 10
PREHOOK: type: QUERY
PREHOOK: Input: default@table_desc1
PREHOOK: Input: default@table_desc2
#### A masked pattern was here ####
POSTHOOK: query: select /*+ mapjoin(b) */ count(*) from table_desc1 a join table_desc2 b
on a.key=b.key and a.value=b.value where a.key < 10
POSTHOOK: type: QUERY
POSTHOOK: Input: default@table_desc1
POSTHOOK: Input: default@table_desc2
#### A masked pattern was here ####
22
