PREHOOK: query: drop table if exists p1
PREHOOK: type: DROPTABLE
POSTHOOK: query: drop table if exists p1
POSTHOOK: type: DROPTABLE
PREHOOK: query: drop table if exists t
PREHOOK: type: DROPTABLE
POSTHOOK: query: drop table if exists t
POSTHOOK: type: DROPTABLE
PREHOOK: query: create table t (a int)
PREHOOK: type: CREATETABLE
PREHOOK: Output: database:default
PREHOOK: Output: default@t
POSTHOOK: query: create table t (a int)
POSTHOOK: type: CREATETABLE
POSTHOOK: Output: database:default
POSTHOOK: Output: default@t
PREHOOK: query: insert into t values (1)
PREHOOK: type: QUERY
PREHOOK: Input: _dummy_database@_dummy_table
PREHOOK: Output: default@t
POSTHOOK: query: insert into t values (1)
POSTHOOK: type: QUERY
POSTHOOK: Input: _dummy_database@_dummy_table
POSTHOOK: Output: default@t
POSTHOOK: Lineage: t.a SCRIPT []
PREHOOK: query: create table p1 (a int) partitioned by (p int)
PREHOOK: type: CREATETABLE
PREHOOK: Output: database:default
PREHOOK: Output: default@p1
POSTHOOK: query: create table p1 (a int) partitioned by (p int)
POSTHOOK: type: CREATETABLE
POSTHOOK: Output: database:default
POSTHOOK: Output: default@p1
PREHOOK: query: insert into p1 partition (p=1) values (1)
PREHOOK: type: QUERY
PREHOOK: Input: _dummy_database@_dummy_table
PREHOOK: Output: default@p1@p=1
POSTHOOK: query: insert into p1 partition (p=1) values (1)
POSTHOOK: type: QUERY
POSTHOOK: Input: _dummy_database@_dummy_table
POSTHOOK: Output: default@p1@p=1
POSTHOOK: Lineage: p1 PARTITION(p=1).a SCRIPT []
PREHOOK: query: insert into p1 partition (p=2) values (1)
PREHOOK: type: QUERY
PREHOOK: Input: _dummy_database@_dummy_table
PREHOOK: Output: default@p1@p=2
POSTHOOK: query: insert into p1 partition (p=2) values (1)
POSTHOOK: type: QUERY
POSTHOOK: Input: _dummy_database@_dummy_table
POSTHOOK: Output: default@p1@p=2
POSTHOOK: Lineage: p1 PARTITION(p=2).a SCRIPT []
PREHOOK: query: truncate table p1
PREHOOK: type: TRUNCATETABLE
PREHOOK: Output: default@p1@p=1
PREHOOK: Output: default@p1@p=2
POSTHOOK: query: truncate table p1
POSTHOOK: type: TRUNCATETABLE
POSTHOOK: Output: default@p1@p=1
POSTHOOK: Output: default@p1@p=2
PREHOOK: query: insert into p1 partition (p=1) values (1)
PREHOOK: type: QUERY
PREHOOK: Input: _dummy_database@_dummy_table
PREHOOK: Output: default@p1@p=1
POSTHOOK: query: insert into p1 partition (p=1) values (1)
POSTHOOK: type: QUERY
POSTHOOK: Input: _dummy_database@_dummy_table
POSTHOOK: Output: default@p1@p=1
POSTHOOK: Lineage: p1 PARTITION(p=1).a SCRIPT []
PREHOOK: query: explain
select * from p1 join t on (t.a=p1.a)
PREHOOK: type: QUERY
POSTHOOK: query: explain
select * from p1 join t on (t.a=p1.a)
POSTHOOK: type: QUERY
STAGE DEPENDENCIES:
  Stage-1 is a root stage
  Stage-0 depends on stages: Stage-1

STAGE PLANS:
  Stage: Stage-1
    Map Reduce
      Map Operator Tree:
          TableScan
            alias: p1
            Statistics: Num rows: 1 Data size: 1 Basic stats: PARTIAL Column stats: NONE
            Filter Operator
              predicate: a is not null (type: boolean)
              Statistics: Num rows: 1 Data size: 1 Basic stats: PARTIAL Column stats: NONE
              Select Operator
                expressions: a (type: int), p (type: int)
                outputColumnNames: _col0, _col1
                Statistics: Num rows: 1 Data size: 1 Basic stats: PARTIAL Column stats: NONE
                Reduce Output Operator
                  key expressions: _col0 (type: int)
                  sort order: +
                  Map-reduce partition columns: _col0 (type: int)
                  Statistics: Num rows: 1 Data size: 1 Basic stats: PARTIAL Column stats: NONE
                  value expressions: _col1 (type: int)
          TableScan
            alias: t
            Statistics: Num rows: 1 Data size: 1 Basic stats: COMPLETE Column stats: NONE
            Filter Operator
              predicate: a is not null (type: boolean)
              Statistics: Num rows: 1 Data size: 1 Basic stats: COMPLETE Column stats: NONE
              Select Operator
                expressions: a (type: int)
                outputColumnNames: _col0
                Statistics: Num rows: 1 Data size: 1 Basic stats: COMPLETE Column stats: NONE
                Reduce Output Operator
                  key expressions: _col0 (type: int)
                  sort order: +
                  Map-reduce partition columns: _col0 (type: int)
                  Statistics: Num rows: 1 Data size: 1 Basic stats: COMPLETE Column stats: NONE
      Reduce Operator Tree:
        Join Operator
          condition map:
               Inner Join 0 to 1
          keys:
            0 _col0 (type: int)
            1 _col0 (type: int)
          outputColumnNames: _col0, _col1, _col2
          Statistics: Num rows: 1 Data size: 1 Basic stats: PARTIAL Column stats: NONE
          File Output Operator
            compressed: false
            Statistics: Num rows: 1 Data size: 1 Basic stats: PARTIAL Column stats: NONE
            table:
                input format: org.apache.hadoop.mapred.SequenceFileInputFormat
                output format: org.apache.hadoop.hive.ql.io.HiveSequenceFileOutputFormat
                serde: org.apache.hadoop.hive.serde2.lazy.LazySimpleSerDe

  Stage: Stage-0
    Fetch Operator
      limit: -1
      Processor Tree:
        ListSink

PREHOOK: query: describe formatted p1
PREHOOK: type: DESCTABLE
PREHOOK: Input: default@p1
POSTHOOK: query: describe formatted p1
POSTHOOK: type: DESCTABLE
POSTHOOK: Input: default@p1
# col_name            	data_type           	comment             
a                   	int                 	                    
	 	 
# Partition Information	 	 
# col_name            	data_type           	comment             
p                   	int                 	                    
	 	 
# Detailed Table Information	 	 
Database:           	default             	 
#### A masked pattern was here ####
Retention:          	0                   	 
#### A masked pattern was here ####
Table Type:         	MANAGED_TABLE       	 
Table Parameters:	 	 
	COLUMN_STATS_ACCURATE	{\"BASIC_STATS\":\"true\"}
	bucketing_version   	2                   
	numFiles            	1                   
	numPartitions       	2                   
	numRows             	1                   
	rawDataSize         	1                   
	totalSize           	2                   
#### A masked pattern was here ####
	 	 
# Storage Information	 	 
SerDe Library:      	org.apache.hadoop.hive.serde2.lazy.LazySimpleSerDe	 
InputFormat:        	org.apache.hadoop.mapred.TextInputFormat	 
OutputFormat:       	org.apache.hadoop.hive.ql.io.HiveIgnoreKeyTextOutputFormat	 
Compressed:         	No                  	 
Num Buckets:        	-1                  	 
Bucket Columns:     	[]                  	 
Sort Columns:       	[]                  	 
Storage Desc Params:	 	 
	serialization.format	1                   
