PREHOOK: query: create table t11_n1 (`id` string, `lineid` string)
PREHOOK: type: CREATETABLE
PREHOOK: Output: database:default
PREHOOK: Output: default@t11_n1
POSTHOOK: query: create table t11_n1 (`id` string, `lineid` string)
POSTHOOK: type: CREATETABLE
POSTHOOK: Output: database:default
POSTHOOK: Output: default@t11_n1
PREHOOK: query: explain select * from t11_n1 where struct(`id`, `lineid`)
IN (
struct('1234-1111-0074578664','3'),
struct('1234-1111-0074578695','1'),
struct('1234-1111-0074580704','1'),
struct('1234-1111-0074581619','2'),
struct('1234-1111-0074582745','1'),
struct('1234-1111-0074586625','1'),
struct('1234-1111-0074019112','1'),
struct('1234-1111-0074019610','1'),
struct('1234-1111-0074022106','1')
)
PREHOOK: type: QUERY
POSTHOOK: query: explain select * from t11_n1 where struct(`id`, `lineid`)
IN (
struct('1234-1111-0074578664','3'),
struct('1234-1111-0074578695','1'),
struct('1234-1111-0074580704','1'),
struct('1234-1111-0074581619','2'),
struct('1234-1111-0074582745','1'),
struct('1234-1111-0074586625','1'),
struct('1234-1111-0074019112','1'),
struct('1234-1111-0074019610','1'),
struct('1234-1111-0074022106','1')
)
POSTHOOK: type: QUERY
STAGE DEPENDENCIES:
  Stage-1 is a root stage
  Stage-0 depends on stages: Stage-1

STAGE PLANS:
  Stage: Stage-1
    Map Reduce
      Map Operator Tree:
          TableScan
            alias: t11_n1
            Statistics: Num rows: 1 Data size: 0 Basic stats: PARTIAL Column stats: NONE
            Filter Operator
              predicate: (struct(id,lineid)) IN (const struct('1234-1111-0074578664','3'), const struct('1234-1111-0074578695','1'), const struct('1234-1111-0074580704','1'), const struct('1234-1111-0074581619','2'), const struct('1234-1111-0074582745','1'), const struct('1234-1111-0074586625','1'), const struct('1234-1111-0074019112','1'), const struct('1234-1111-0074019610','1'), const struct('1234-1111-0074022106','1')) (type: boolean)
              Statistics: Num rows: 1 Data size: 0 Basic stats: PARTIAL Column stats: NONE
              Select Operator
                expressions: id (type: string), lineid (type: string)
                outputColumnNames: _col0, _col1
                Statistics: Num rows: 1 Data size: 0 Basic stats: PARTIAL Column stats: NONE
                File Output Operator
                  compressed: false
                  Statistics: Num rows: 1 Data size: 0 Basic stats: PARTIAL Column stats: NONE
                  table:
                      input format: org.apache.hadoop.mapred.SequenceFileInputFormat
                      output format: org.apache.hadoop.hive.ql.io.HiveSequenceFileOutputFormat
                      serde: org.apache.hadoop.hive.serde2.lazy.LazySimpleSerDe
      Execution mode: vectorized

  Stage: Stage-0
    Fetch Operator
      limit: -1
      Processor Tree:
        ListSink

PREHOOK: query: explain select * from t11_n1 where struct(`id`, `lineid`)
IN (
struct('1234-1111-0074578664','3'),
struct('1234-1111-0074578695',1)
)
PREHOOK: type: QUERY
POSTHOOK: query: explain select * from t11_n1 where struct(`id`, `lineid`)
IN (
struct('1234-1111-0074578664','3'),
struct('1234-1111-0074578695',1)
)
POSTHOOK: type: QUERY
STAGE DEPENDENCIES:
  Stage-1 is a root stage
  Stage-0 depends on stages: Stage-1

STAGE PLANS:
  Stage: Stage-1
    Map Reduce
      Map Operator Tree:
          TableScan
            alias: t11_n1
            Statistics: Num rows: 1 Data size: 0 Basic stats: PARTIAL Column stats: NONE
            Filter Operator
              predicate: (struct(id,lineid)) IN (const struct('1234-1111-0074578664','3'), const struct('1234-1111-0074578695',1)) (type: boolean)
              Statistics: Num rows: 1 Data size: 0 Basic stats: PARTIAL Column stats: NONE
              Select Operator
                expressions: id (type: string), lineid (type: string)
                outputColumnNames: _col0, _col1
                Statistics: Num rows: 1 Data size: 0 Basic stats: PARTIAL Column stats: NONE
                File Output Operator
                  compressed: false
                  Statistics: Num rows: 1 Data size: 0 Basic stats: PARTIAL Column stats: NONE
                  table:
                      input format: org.apache.hadoop.mapred.SequenceFileInputFormat
                      output format: org.apache.hadoop.hive.ql.io.HiveSequenceFileOutputFormat
                      serde: org.apache.hadoop.hive.serde2.lazy.LazySimpleSerDe

  Stage: Stage-0
    Fetch Operator
      limit: -1
      Processor Tree:
        ListSink

