PREHOOK: query: create table src11 (key1 string, value1 string)
PREHOOK: type: CREATETABLE
PREHOOK: Output: database:default
PREHOOK: Output: default@src11
POSTHOOK: query: create table src11 (key1 string, value1 string)
POSTHOOK: type: CREATETABLE
POSTHOOK: Output: database:default
POSTHOOK: Output: default@src11
PREHOOK: query: create table part2( 
    p2_partkey INT,
    p2_name STRING,
    p2_mfgr STRING,
    p2_brand STRING,
    p2_type STRING,
    p2_size INT,
    p2_container STRING,
    p2_retailprice DOUBLE,
    p2_comment STRING
)
PREHOOK: type: CREATETABLE
PREHOOK: Output: database:default
PREHOOK: Output: default@part2
POSTHOOK: query: create table part2( 
    p2_partkey INT,
    p2_name STRING,
    p2_mfgr STRING,
    p2_brand STRING,
    p2_type STRING,
    p2_size INT,
    p2_container STRING,
    p2_retailprice DOUBLE,
    p2_comment STRING
)
POSTHOOK: type: CREATETABLE
POSTHOOK: Output: database:default
POSTHOOK: Output: default@part2
PREHOOK: query: explain select * from src11 where src11.key1 in (select key from src where src11.value1 = value and key > '9')
PREHOOK: type: QUERY
POSTHOOK: query: explain select * from src11 where src11.key1 in (select key from src where src11.value1 = value and key > '9')
POSTHOOK: type: QUERY
STAGE DEPENDENCIES:
  Stage-1 is a root stage
  Stage-0 depends on stages: Stage-1

STAGE PLANS:
  Stage: Stage-1
    Map Reduce
      Map Operator Tree:
          TableScan
            alias: src11
            Statistics: Num rows: 1 Data size: 0 Basic stats: PARTIAL Column stats: NONE
            Filter Operator
              predicate: ((key1 > '9') and value1 is not null) (type: boolean)
              Statistics: Num rows: 1 Data size: 0 Basic stats: PARTIAL Column stats: NONE
              Select Operator
                expressions: key1 (type: string), value1 (type: string)
                outputColumnNames: _col0, _col1
                Statistics: Num rows: 1 Data size: 0 Basic stats: PARTIAL Column stats: NONE
                Reduce Output Operator
                  key expressions: _col0 (type: string), _col1 (type: string)
                  sort order: ++
                  Map-reduce partition columns: _col0 (type: string), _col1 (type: string)
                  Statistics: Num rows: 1 Data size: 0 Basic stats: PARTIAL Column stats: NONE
          TableScan
            alias: src
            Statistics: Num rows: 500 Data size: 5312 Basic stats: COMPLETE Column stats: NONE
            Filter Operator
              predicate: ((key > '9') and value is not null) (type: boolean)
              Statistics: Num rows: 166 Data size: 1763 Basic stats: COMPLETE Column stats: NONE
              Select Operator
                expressions: key (type: string), value (type: string)
                outputColumnNames: _col0, _col1
                Statistics: Num rows: 166 Data size: 1763 Basic stats: COMPLETE Column stats: NONE
                Group By Operator
                  keys: _col0 (type: string), _col1 (type: string)
                  mode: hash
                  outputColumnNames: _col0, _col1
                  Statistics: Num rows: 166 Data size: 1763 Basic stats: COMPLETE Column stats: NONE
                  Reduce Output Operator
                    key expressions: _col0 (type: string), _col1 (type: string)
                    sort order: ++
                    Map-reduce partition columns: _col0 (type: string), _col1 (type: string)
                    Statistics: Num rows: 166 Data size: 1763 Basic stats: COMPLETE Column stats: NONE
      Reduce Operator Tree:
        Join Operator
          condition map:
               Left Semi Join 0 to 1
          keys:
            0 _col0 (type: string), _col1 (type: string)
            1 _col0 (type: string), _col1 (type: string)
          outputColumnNames: _col0, _col1
          Statistics: Num rows: 182 Data size: 1939 Basic stats: PARTIAL Column stats: NONE
          File Output Operator
            compressed: false
            Statistics: Num rows: 182 Data size: 1939 Basic stats: PARTIAL Column stats: NONE
            table:
                input format: org.apache.hadoop.mapred.SequenceFileInputFormat
                output format: org.apache.hadoop.hive.ql.io.HiveSequenceFileOutputFormat
                serde: org.apache.hadoop.hive.serde2.lazy.LazySimpleSerDe

  Stage: Stage-0
    Fetch Operator
      limit: -1
      Processor Tree:
        ListSink

PREHOOK: query: explain select * from src a where a.key in (select key from src where a.value = value and key > '9')
PREHOOK: type: QUERY
POSTHOOK: query: explain select * from src a where a.key in (select key from src where a.value = value and key > '9')
POSTHOOK: type: QUERY
STAGE DEPENDENCIES:
  Stage-1 is a root stage
  Stage-0 depends on stages: Stage-1

STAGE PLANS:
  Stage: Stage-1
    Map Reduce
      Map Operator Tree:
          TableScan
            alias: a
            Statistics: Num rows: 500 Data size: 5312 Basic stats: COMPLETE Column stats: NONE
            Filter Operator
              predicate: ((key > '9') and value is not null) (type: boolean)
              Statistics: Num rows: 166 Data size: 1763 Basic stats: COMPLETE Column stats: NONE
              Select Operator
                expressions: key (type: string), value (type: string)
                outputColumnNames: _col0, _col1
                Statistics: Num rows: 166 Data size: 1763 Basic stats: COMPLETE Column stats: NONE
                Reduce Output Operator
                  key expressions: _col0 (type: string), _col1 (type: string)
                  sort order: ++
                  Map-reduce partition columns: _col0 (type: string), _col1 (type: string)
                  Statistics: Num rows: 166 Data size: 1763 Basic stats: COMPLETE Column stats: NONE
          TableScan
            alias: src
            Statistics: Num rows: 500 Data size: 5312 Basic stats: COMPLETE Column stats: NONE
            Filter Operator
              predicate: ((key > '9') and value is not null) (type: boolean)
              Statistics: Num rows: 166 Data size: 1763 Basic stats: COMPLETE Column stats: NONE
              Select Operator
                expressions: key (type: string), value (type: string)
                outputColumnNames: _col0, _col1
                Statistics: Num rows: 166 Data size: 1763 Basic stats: COMPLETE Column stats: NONE
                Group By Operator
                  keys: _col0 (type: string), _col1 (type: string)
                  mode: hash
                  outputColumnNames: _col0, _col1
                  Statistics: Num rows: 166 Data size: 1763 Basic stats: COMPLETE Column stats: NONE
                  Reduce Output Operator
                    key expressions: _col0 (type: string), _col1 (type: string)
                    sort order: ++
                    Map-reduce partition columns: _col0 (type: string), _col1 (type: string)
                    Statistics: Num rows: 166 Data size: 1763 Basic stats: COMPLETE Column stats: NONE
      Reduce Operator Tree:
        Join Operator
          condition map:
               Left Semi Join 0 to 1
          keys:
            0 _col0 (type: string), _col1 (type: string)
            1 _col0 (type: string), _col1 (type: string)
          outputColumnNames: _col0, _col1
          Statistics: Num rows: 182 Data size: 1939 Basic stats: COMPLETE Column stats: NONE
          File Output Operator
            compressed: false
            Statistics: Num rows: 182 Data size: 1939 Basic stats: COMPLETE Column stats: NONE
            table:
                input format: org.apache.hadoop.mapred.SequenceFileInputFormat
                output format: org.apache.hadoop.hive.ql.io.HiveSequenceFileOutputFormat
                serde: org.apache.hadoop.hive.serde2.lazy.LazySimpleSerDe

  Stage: Stage-0
    Fetch Operator
      limit: -1
      Processor Tree:
        ListSink

PREHOOK: query: explain 
select * 
from src b 
where b.key in
        (select distinct key 
         from src 
         where b.value = value and key > '9'
        )
PREHOOK: type: QUERY
POSTHOOK: query: explain 
select * 
from src b 
where b.key in
        (select distinct key 
         from src 
         where b.value = value and key > '9'
        )
POSTHOOK: type: QUERY
STAGE DEPENDENCIES:
  Stage-1 is a root stage
  Stage-0 depends on stages: Stage-1

STAGE PLANS:
  Stage: Stage-1
    Map Reduce
      Map Operator Tree:
          TableScan
            alias: b
            Statistics: Num rows: 500 Data size: 5312 Basic stats: COMPLETE Column stats: NONE
            Filter Operator
              predicate: ((key > '9') and value is not null) (type: boolean)
              Statistics: Num rows: 166 Data size: 1763 Basic stats: COMPLETE Column stats: NONE
              Select Operator
                expressions: key (type: string), value (type: string)
                outputColumnNames: _col0, _col1
                Statistics: Num rows: 166 Data size: 1763 Basic stats: COMPLETE Column stats: NONE
                Reduce Output Operator
                  key expressions: _col0 (type: string), _col1 (type: string)
                  sort order: ++
                  Map-reduce partition columns: _col0 (type: string), _col1 (type: string)
                  Statistics: Num rows: 166 Data size: 1763 Basic stats: COMPLETE Column stats: NONE
          TableScan
            alias: src
            Statistics: Num rows: 500 Data size: 5312 Basic stats: COMPLETE Column stats: NONE
            Filter Operator
              predicate: ((key > '9') and value is not null) (type: boolean)
              Statistics: Num rows: 166 Data size: 1763 Basic stats: COMPLETE Column stats: NONE
              Select Operator
                expressions: key (type: string), value (type: string)
                outputColumnNames: _col0, _col1
                Statistics: Num rows: 166 Data size: 1763 Basic stats: COMPLETE Column stats: NONE
                Group By Operator
                  keys: _col0 (type: string), _col1 (type: string)
                  mode: hash
                  outputColumnNames: _col0, _col1
                  Statistics: Num rows: 166 Data size: 1763 Basic stats: COMPLETE Column stats: NONE
                  Reduce Output Operator
                    key expressions: _col0 (type: string), _col1 (type: string)
                    sort order: ++
                    Map-reduce partition columns: _col0 (type: string), _col1 (type: string)
                    Statistics: Num rows: 166 Data size: 1763 Basic stats: COMPLETE Column stats: NONE
      Reduce Operator Tree:
        Join Operator
          condition map:
               Left Semi Join 0 to 1
          keys:
            0 _col0 (type: string), _col1 (type: string)
            1 _col0 (type: string), _col1 (type: string)
          outputColumnNames: _col0, _col1
          Statistics: Num rows: 182 Data size: 1939 Basic stats: COMPLETE Column stats: NONE
          File Output Operator
            compressed: false
            Statistics: Num rows: 182 Data size: 1939 Basic stats: COMPLETE Column stats: NONE
            table:
                input format: org.apache.hadoop.mapred.SequenceFileInputFormat
                output format: org.apache.hadoop.hive.ql.io.HiveSequenceFileOutputFormat
                serde: org.apache.hadoop.hive.serde2.lazy.LazySimpleSerDe

  Stage: Stage-0
    Fetch Operator
      limit: -1
      Processor Tree:
        ListSink

PREHOOK: query: explain
select p_mfgr, b.p_name, p_size 
from part b 
where b.p_name not in 
  (select p_name 
  from (select p_mfgr, p_name, p_size, rank() over(partition by p_mfgr order by p_size) as r from part) a 
  where r <= 2 and b.p_mfgr = p_mfgr 
  )
PREHOOK: type: QUERY
POSTHOOK: query: explain
select p_mfgr, b.p_name, p_size 
from part b 
where b.p_name not in 
  (select p_name 
  from (select p_mfgr, p_name, p_size, rank() over(partition by p_mfgr order by p_size) as r from part) a 
  where r <= 2 and b.p_mfgr = p_mfgr 
  )
POSTHOOK: type: QUERY
STAGE DEPENDENCIES:
  Stage-3 is a root stage
  Stage-4 depends on stages: Stage-3
  Stage-1 depends on stages: Stage-4
  Stage-2 depends on stages: Stage-1, Stage-6
  Stage-5 is a root stage
  Stage-6 depends on stages: Stage-5
  Stage-0 depends on stages: Stage-2

STAGE PLANS:
  Stage: Stage-3
    Map Reduce
      Map Operator Tree:
          TableScan
            alias: part
            Statistics: Num rows: 26 Data size: 3147 Basic stats: COMPLETE Column stats: NONE
            Filter Operator
              predicate: p_mfgr is not null (type: boolean)
              Statistics: Num rows: 26 Data size: 3147 Basic stats: COMPLETE Column stats: NONE
              Reduce Output Operator
                key expressions: p_mfgr (type: string), p_size (type: int)
                sort order: ++
                Map-reduce partition columns: p_mfgr (type: string)
                Statistics: Num rows: 26 Data size: 3147 Basic stats: COMPLETE Column stats: NONE
                TopN Hash Memory Usage: 0.1
                value expressions: p_name (type: string)
      Execution mode: vectorized
      Reduce Operator Tree:
        Select Operator
          expressions: VALUE._col1 (type: string), KEY.reducesinkkey0 (type: string), KEY.reducesinkkey1 (type: int)
          outputColumnNames: _col1, _col2, _col5
          Statistics: Num rows: 26 Data size: 3147 Basic stats: COMPLETE Column stats: NONE
          PTF Operator
            Function definitions:
                Input definition
                  input alias: ptf_0
                  output shape: _col1: string, _col2: string, _col5: int
                  type: WINDOWING
                Windowing table definition
                  input alias: ptf_1
                  name: windowingtablefunction
                  order by: _col5 ASC NULLS FIRST
                  partition by: _col2
                  raw input shape:
                  window functions:
                      window function definition
                        alias: rank_window_0
                        arguments: _col5
                        name: rank
                        window function: GenericUDAFRankEvaluator
                        window frame: ROWS PRECEDING(MAX)~FOLLOWING(MAX)
                        isPivotResult: true
            Statistics: Num rows: 26 Data size: 3147 Basic stats: COMPLETE Column stats: NONE
            Filter Operator
              predicate: (rank_window_0 <= 2) (type: boolean)
              Statistics: Num rows: 8 Data size: 968 Basic stats: COMPLETE Column stats: NONE
              Select Operator
                expressions: _col1 (type: string), _col2 (type: string)
                outputColumnNames: _col0, _col1
                Statistics: Num rows: 8 Data size: 968 Basic stats: COMPLETE Column stats: NONE
                Group By Operator
                  aggregations: count(), count(_col0)
                  keys: _col1 (type: string)
                  mode: hash
                  outputColumnNames: _col0, _col1, _col2
                  Statistics: Num rows: 8 Data size: 968 Basic stats: COMPLETE Column stats: NONE
                  File Output Operator
                    compressed: false
                    table:
                        input format: org.apache.hadoop.mapred.SequenceFileInputFormat
                        output format: org.apache.hadoop.hive.ql.io.HiveSequenceFileOutputFormat
                        serde: org.apache.hadoop.hive.serde2.lazybinary.LazyBinarySerDe

  Stage: Stage-4
    Map Reduce
      Map Operator Tree:
          TableScan
            Reduce Output Operator
              key expressions: _col0 (type: string)
              sort order: +
              Map-reduce partition columns: _col0 (type: string)
              Statistics: Num rows: 8 Data size: 968 Basic stats: COMPLETE Column stats: NONE
              value expressions: _col1 (type: bigint), _col2 (type: bigint)
      Execution mode: vectorized
      Reduce Operator Tree:
        Group By Operator
          aggregations: count(VALUE._col0), count(VALUE._col1)
          keys: KEY._col0 (type: string)
          mode: mergepartial
          outputColumnNames: _col0, _col1, _col2
          Statistics: Num rows: 4 Data size: 484 Basic stats: COMPLETE Column stats: NONE
          File Output Operator
            compressed: false
            table:
                input format: org.apache.hadoop.mapred.SequenceFileInputFormat
                output format: org.apache.hadoop.hive.ql.io.HiveSequenceFileOutputFormat
                serde: org.apache.hadoop.hive.serde2.lazybinary.LazyBinarySerDe

  Stage: Stage-1
    Map Reduce
      Map Operator Tree:
          TableScan
            alias: b
            Statistics: Num rows: 26 Data size: 3147 Basic stats: COMPLETE Column stats: NONE
            Select Operator
              expressions: p_name (type: string), p_mfgr (type: string), p_size (type: int)
              outputColumnNames: _col0, _col1, _col2
              Statistics: Num rows: 26 Data size: 3147 Basic stats: COMPLETE Column stats: NONE
              Reduce Output Operator
                key expressions: _col1 (type: string)
                sort order: +
                Map-reduce partition columns: _col1 (type: string)
                Statistics: Num rows: 26 Data size: 3147 Basic stats: COMPLETE Column stats: NONE
                value expressions: _col0 (type: string), _col2 (type: int)
          TableScan
            Reduce Output Operator
              key expressions: _col0 (type: string)
              sort order: +
              Map-reduce partition columns: _col0 (type: string)
              Statistics: Num rows: 4 Data size: 484 Basic stats: COMPLETE Column stats: NONE
              value expressions: _col1 (type: bigint), _col2 (type: bigint)
      Reduce Operator Tree:
        Join Operator
          condition map:
               Left Outer Join 0 to 1
          keys:
            0 _col1 (type: string)
            1 _col0 (type: string)
          outputColumnNames: _col0, _col1, _col2, _col4, _col5
          Statistics: Num rows: 28 Data size: 3461 Basic stats: COMPLETE Column stats: NONE
          File Output Operator
            compressed: false
            table:
                input format: org.apache.hadoop.mapred.SequenceFileInputFormat
                output format: org.apache.hadoop.hive.ql.io.HiveSequenceFileOutputFormat
                serde: org.apache.hadoop.hive.serde2.lazybinary.LazyBinarySerDe

  Stage: Stage-2
    Map Reduce
      Map Operator Tree:
          TableScan
            Reduce Output Operator
              key expressions: _col0 (type: string), _col1 (type: string)
              sort order: ++
              Map-reduce partition columns: _col0 (type: string), _col1 (type: string)
              Statistics: Num rows: 28 Data size: 3461 Basic stats: COMPLETE Column stats: NONE
              value expressions: _col2 (type: int), _col4 (type: bigint), _col5 (type: bigint)
          TableScan
            Reduce Output Operator
              key expressions: _col0 (type: string), _col1 (type: string)
              sort order: ++
              Map-reduce partition columns: _col0 (type: string), _col1 (type: string)
              Statistics: Num rows: 4 Data size: 484 Basic stats: COMPLETE Column stats: NONE
              value expressions: _col2 (type: boolean)
      Reduce Operator Tree:
        Join Operator
          condition map:
               Left Outer Join 0 to 1
          keys:
            0 _col0 (type: string), _col1 (type: string)
            1 _col0 (type: string), _col1 (type: string)
          outputColumnNames: _col0, _col1, _col2, _col4, _col5, _col8
          Statistics: Num rows: 30 Data size: 3807 Basic stats: COMPLETE Column stats: NONE
          Filter Operator
            predicate: (not CASE WHEN ((_col4 = 0L)) THEN (false) WHEN (_col4 is null) THEN (false) WHEN (_col8 is not null) THEN (true) WHEN (_col0 is null) THEN (null) WHEN ((_col5 < _col4)) THEN (true) ELSE (false) END) (type: boolean)
            Statistics: Num rows: 15 Data size: 1903 Basic stats: COMPLETE Column stats: NONE
            Select Operator
              expressions: _col1 (type: string), _col0 (type: string), _col2 (type: int)
              outputColumnNames: _col0, _col1, _col2
              Statistics: Num rows: 15 Data size: 1903 Basic stats: COMPLETE Column stats: NONE
              File Output Operator
                compressed: false
                Statistics: Num rows: 15 Data size: 1903 Basic stats: COMPLETE Column stats: NONE
                table:
                    input format: org.apache.hadoop.mapred.SequenceFileInputFormat
                    output format: org.apache.hadoop.hive.ql.io.HiveSequenceFileOutputFormat
                    serde: org.apache.hadoop.hive.serde2.lazy.LazySimpleSerDe

  Stage: Stage-5
    Map Reduce
      Map Operator Tree:
          TableScan
            alias: part
            Statistics: Num rows: 26 Data size: 3147 Basic stats: COMPLETE Column stats: NONE
            Filter Operator
              predicate: p_mfgr is not null (type: boolean)
              Statistics: Num rows: 26 Data size: 3147 Basic stats: COMPLETE Column stats: NONE
              Reduce Output Operator
                key expressions: p_mfgr (type: string), p_size (type: int)
                sort order: ++
                Map-reduce partition columns: p_mfgr (type: string)
                Statistics: Num rows: 26 Data size: 3147 Basic stats: COMPLETE Column stats: NONE
                TopN Hash Memory Usage: 0.1
                value expressions: p_name (type: string)
      Execution mode: vectorized
      Reduce Operator Tree:
        Select Operator
          expressions: VALUE._col1 (type: string), KEY.reducesinkkey0 (type: string), KEY.reducesinkkey1 (type: int)
          outputColumnNames: _col1, _col2, _col5
          Statistics: Num rows: 26 Data size: 3147 Basic stats: COMPLETE Column stats: NONE
          PTF Operator
            Function definitions:
                Input definition
                  input alias: ptf_0
                  output shape: _col1: string, _col2: string, _col5: int
                  type: WINDOWING
                Windowing table definition
                  input alias: ptf_1
                  name: windowingtablefunction
                  order by: _col5 ASC NULLS FIRST
                  partition by: _col2
                  raw input shape:
                  window functions:
                      window function definition
                        alias: rank_window_0
                        arguments: _col5
                        name: rank
                        window function: GenericUDAFRankEvaluator
                        window frame: ROWS PRECEDING(MAX)~FOLLOWING(MAX)
                        isPivotResult: true
            Statistics: Num rows: 26 Data size: 3147 Basic stats: COMPLETE Column stats: NONE
            Filter Operator
              predicate: (rank_window_0 <= 2) (type: boolean)
              Statistics: Num rows: 8 Data size: 968 Basic stats: COMPLETE Column stats: NONE
              Select Operator
                expressions: _col1 (type: string), _col2 (type: string)
                outputColumnNames: _col0, _col1
                Statistics: Num rows: 8 Data size: 968 Basic stats: COMPLETE Column stats: NONE
                Group By Operator
                  keys: _col0 (type: string), _col1 (type: string)
                  mode: hash
                  outputColumnNames: _col0, _col1
                  Statistics: Num rows: 8 Data size: 968 Basic stats: COMPLETE Column stats: NONE
                  File Output Operator
                    compressed: false
                    table:
                        input format: org.apache.hadoop.mapred.SequenceFileInputFormat
                        output format: org.apache.hadoop.hive.ql.io.HiveSequenceFileOutputFormat
                        serde: org.apache.hadoop.hive.serde2.lazybinary.LazyBinarySerDe

  Stage: Stage-6
    Map Reduce
      Map Operator Tree:
          TableScan
            Reduce Output Operator
              key expressions: _col0 (type: string), _col1 (type: string)
              sort order: ++
              Map-reduce partition columns: _col0 (type: string), _col1 (type: string)
              Statistics: Num rows: 8 Data size: 968 Basic stats: COMPLETE Column stats: NONE
      Execution mode: vectorized
      Reduce Operator Tree:
        Group By Operator
          keys: KEY._col0 (type: string), KEY._col1 (type: string)
          mode: mergepartial
          outputColumnNames: _col0, _col1
          Statistics: Num rows: 4 Data size: 484 Basic stats: COMPLETE Column stats: NONE
          Filter Operator
            predicate: _col0 is not null (type: boolean)
            Statistics: Num rows: 4 Data size: 484 Basic stats: COMPLETE Column stats: NONE
            Select Operator
              expressions: _col0 (type: string), _col1 (type: string), true (type: boolean)
              outputColumnNames: _col0, _col1, _col2
              Statistics: Num rows: 4 Data size: 484 Basic stats: COMPLETE Column stats: NONE
              File Output Operator
                compressed: false
                table:
                    input format: org.apache.hadoop.mapred.SequenceFileInputFormat
                    output format: org.apache.hadoop.hive.ql.io.HiveSequenceFileOutputFormat
                    serde: org.apache.hadoop.hive.serde2.lazybinary.LazyBinarySerDe

  Stage: Stage-0
    Fetch Operator
      limit: -1
      Processor Tree:
        ListSink

